<?xml version="1.0" encoding="UTF-8"?>
<testsuites>
  <testsuite name="/var/www/html/phpunit-full.xml" tests="1892" assertions="292" errors="1793" failures="20" skipped="0" time="0.101111">
    <testsuite name="Laravel MCP Full Test Suite" tests="1892" assertions="292" errors="1793" failures="20" skipped="0" time="0.101111">
      <testsuite name="JTD\LaravelMCP\Tests\Feature\Commands\ListCommandFeatureTest" file="/var/www/html/tests/Feature/Commands/ListCommandFeatureTest.php" tests="23" assertions="0" errors="23" failures="0" skipped="0" time="0.000000">
        <testcase name="test_list_command_is_registered_in_artisan" file="/var/www/html/tests/Feature/Commands/ListCommandFeatureTest.php" line="42" class="JTD\LaravelMCP\Tests\Feature\Commands\ListCommandFeatureTest" classname="JTD.LaravelMCP.Tests.Feature.Commands.ListCommandFeatureTest" assertions="0" time="0.000000">
          <error type="Exception">JTD\LaravelMCP\Tests\Feature\Commands\ListCommandFeatureTest::test_list_command_is_registered_in_artisan
Exception: The /var/www/html/vendor/orchestra/testbench-core/laravel/bootstrap/cache directory must be present and writable.

/var/www/html/vendor/laravel/framework/src/Illuminate/Foundation/PackageManifest.php:179
/var/www/html/vendor/orchestra/testbench-core/src/Foundation/PackageManifest.php:157
/var/www/html/vendor/laravel/framework/src/Illuminate/Foundation/PackageManifest.php:132
/var/www/html/vendor/laravel/framework/src/Illuminate/Foundation/PackageManifest.php:108
/var/www/html/vendor/orchestra/testbench-core/src/Foundation/PackageManifest.php:102
/var/www/html/vendor/laravel/framework/src/Illuminate/Foundation/PackageManifest.php:91
/var/www/html/vendor/laravel/framework/src/Illuminate/Foundation/PackageManifest.php:80
/var/www/html/vendor/laravel/framework/src/Illuminate/Foundation/Bootstrap/RegisterFacades.php:26
/var/www/html/vendor/orchestra/testbench-core/src/Concerns/CreatesApplication.php:556
/var/www/html/vendor/orchestra/testbench-core/src/Concerns/CreatesApplication.php:311
/var/www/html/vendor/orchestra/testbench-core/src/TestCase.php:121
/var/www/html/vendor/orchestra/testbench-core/src/Concerns/ApplicationTestingHooks.php:74
/var/www/html/vendor/orchestra/testbench-core/src/Concerns/Testing.php:43
/var/www/html/vendor/laravel/framework/src/Illuminate/Collections/helpers.php:236
/var/www/html/vendor/orchestra/sidekick/src/functions.php:87
/var/www/html/vendor/laravel/framework/src/Illuminate/Collections/helpers.php:236
/var/www/html/vendor/orchestra/testbench-core/src/Concerns/Testing.php:57
/var/www/html/vendor/orchestra/testbench-core/src/TestCase.php:50
/var/www/html/tests/TestCase.php:61</error>
        </testcase>
        <testcase name="test_command_can_be_discovered_by_artisan" file="/var/www/html/tests/Feature/Commands/ListCommandFeatureTest.php" line="58" class="JTD\LaravelMCP\Tests\Feature\Commands\ListCommandFeatureTest" classname="JTD.LaravelMCP.Tests.Feature.Commands.ListCommandFeatureTest" assertions="0" time="0.000000">
          <error type="Exception">JTD\LaravelMCP\Tests\Feature\Commands\ListCommandFeatureTest::test_command_can_be_discovered_by_artisan
Exception: The /var/www/html/vendor/orchestra/testbench-core/laravel/bootstrap/cache directory must be present and writable.

/var/www/html/vendor/laravel/framework/src/Illuminate/Foundation/PackageManifest.php:179
/var/www/html/vendor/orchestra/testbench-core/src/Foundation/PackageManifest.php:157
/var/www/html/vendor/laravel/framework/src/Illuminate/Foundation/PackageManifest.php:132
/var/www/html/vendor/laravel/framework/src/Illuminate/Foundation/PackageManifest.php:108
/var/www/html/vendor/orchestra/testbench-core/src/Foundation/PackageManifest.php:102
/var/www/html/vendor/laravel/framework/src/Illuminate/Foundation/PackageManifest.php:91
/var/www/html/vendor/laravel/framework/src/Illuminate/Foundation/PackageManifest.php:80
/var/www/html/vendor/laravel/framework/src/Illuminate/Foundation/Bootstrap/RegisterFacades.php:26
/var/www/html/vendor/orchestra/testbench-core/src/Concerns/CreatesApplication.php:556
/var/www/html/vendor/orchestra/testbench-core/src/Concerns/CreatesApplication.php:311
/var/www/html/vendor/orchestra/testbench-core/src/TestCase.php:121
/var/www/html/vendor/orchestra/testbench-core/src/Concerns/ApplicationTestingHooks.php:74
/var/www/html/vendor/orchestra/testbench-core/src/Concerns/Testing.php:43
/var/www/html/vendor/laravel/framework/src/Illuminate/Collections/helpers.php:236
/var/www/html/vendor/orchestra/sidekick/src/functions.php:87
/var/www/html/vendor/laravel/framework/src/Illuminate/Collections/helpers.php:236
/var/www/html/vendor/orchestra/testbench-core/src/Concerns/Testing.php:57
/var/www/html/vendor/orchestra/testbench-core/src/TestCase.php:50
/var/www/html/tests/TestCase.php:61</error>
        </testcase>
        <testcase name="test_command_help_displays_correct_information" file="/var/www/html/tests/Feature/Commands/ListCommandFeatureTest.php" line="72" class="JTD\LaravelMCP\Tests\Feature\Commands\ListCommandFeatureTest" classname="JTD.LaravelMCP.Tests.Feature.Commands.ListCommandFeatureTest" assertions="0" time="0.000000">
          <error type="Exception">JTD\LaravelMCP\Tests\Feature\Commands\ListCommandFeatureTest::test_command_help_displays_correct_information
Exception: The /var/www/html/vendor/orchestra/testbench-core/laravel/bootstrap/cache directory must be present and writable.

/var/www/html/vendor/laravel/framework/src/Illuminate/Foundation/PackageManifest.php:179
/var/www/html/vendor/orchestra/testbench-core/src/Foundation/PackageManifest.php:157
/var/www/html/vendor/laravel/framework/src/Illuminate/Foundation/PackageManifest.php:132
/var/www/html/vendor/laravel/framework/src/Illuminate/Foundation/PackageManifest.php:108
/var/www/html/vendor/orchestra/testbench-core/src/Foundation/PackageManifest.php:102
/var/www/html/vendor/laravel/framework/src/Illuminate/Foundation/PackageManifest.php:91
/var/www/html/vendor/laravel/framework/src/Illuminate/Foundation/PackageManifest.php:80
/var/www/html/vendor/laravel/framework/src/Illuminate/Foundation/Bootstrap/RegisterFacades.php:26
/var/www/html/vendor/orchestra/testbench-core/src/Concerns/CreatesApplication.php:556
/var/www/html/vendor/orchestra/testbench-core/src/Concerns/CreatesApplication.php:311
/var/www/html/vendor/orchestra/testbench-core/src/TestCase.php:121
/var/www/html/vendor/orchestra/testbench-core/src/Concerns/ApplicationTestingHooks.php:74
/var/www/html/vendor/orchestra/testbench-core/src/Concerns/Testing.php:43
/var/www/html/vendor/laravel/framework/src/Illuminate/Collections/helpers.php:236
/var/www/html/vendor/orchestra/sidekick/src/functions.php:87
/var/www/html/vendor/laravel/framework/src/Illuminate/Collections/helpers.php:236
/var/www/html/vendor/orchestra/testbench-core/src/Concerns/Testing.php:57
/var/www/html/vendor/orchestra/testbench-core/src/TestCase.php:50
/var/www/html/tests/TestCase.php:61</error>
        </testcase>
        <testcase name="test_command_handles_empty_registries" file="/var/www/html/tests/Feature/Commands/ListCommandFeatureTest.php" line="90" class="JTD\LaravelMCP\Tests\Feature\Commands\ListCommandFeatureTest" classname="JTD.LaravelMCP.Tests.Feature.Commands.ListCommandFeatureTest" assertions="0" time="0.000000">
          <error type="Exception">JTD\LaravelMCP\Tests\Feature\Commands\ListCommandFeatureTest::test_command_handles_empty_registries
Exception: The /var/www/html/vendor/orchestra/testbench-core/laravel/bootstrap/cache directory must be present and writable.

/var/www/html/vendor/laravel/framework/src/Illuminate/Foundation/PackageManifest.php:179
/var/www/html/vendor/orchestra/testbench-core/src/Foundation/PackageManifest.php:157
/var/www/html/vendor/laravel/framework/src/Illuminate/Foundation/PackageManifest.php:132
/var/www/html/vendor/laravel/framework/src/Illuminate/Foundation/PackageManifest.php:108
/var/www/html/vendor/orchestra/testbench-core/src/Foundation/PackageManifest.php:102
/var/www/html/vendor/laravel/framework/src/Illuminate/Foundation/PackageManifest.php:91
/var/www/html/vendor/laravel/framework/src/Illuminate/Foundation/PackageManifest.php:80
/var/www/html/vendor/laravel/framework/src/Illuminate/Foundation/Bootstrap/RegisterFacades.php:26
/var/www/html/vendor/orchestra/testbench-core/src/Concerns/CreatesApplication.php:556
/var/www/html/vendor/orchestra/testbench-core/src/Concerns/CreatesApplication.php:311
/var/www/html/vendor/orchestra/testbench-core/src/TestCase.php:121
/var/www/html/vendor/orchestra/testbench-core/src/Concerns/ApplicationTestingHooks.php:74
/var/www/html/vendor/orchestra/testbench-core/src/Concerns/Testing.php:43
/var/www/html/vendor/laravel/framework/src/Illuminate/Collections/helpers.php:236
/var/www/html/vendor/orchestra/sidekick/src/functions.php:87
/var/www/html/vendor/laravel/framework/src/Illuminate/Collections/helpers.php:236
/var/www/html/vendor/orchestra/testbench-core/src/Concerns/Testing.php:57
/var/www/html/vendor/orchestra/testbench-core/src/TestCase.php:50
/var/www/html/tests/TestCase.php:61</error>
        </testcase>
        <testcase name="test_command_lists_all_component_types" file="/var/www/html/tests/Feature/Commands/ListCommandFeatureTest.php" line="110" class="JTD\LaravelMCP\Tests\Feature\Commands\ListCommandFeatureTest" classname="JTD.LaravelMCP.Tests.Feature.Commands.ListCommandFeatureTest" assertions="0" time="0.000000">
          <error type="Exception">JTD\LaravelMCP\Tests\Feature\Commands\ListCommandFeatureTest::test_command_lists_all_component_types
Exception: The /var/www/html/vendor/orchestra/testbench-core/laravel/bootstrap/cache directory must be present and writable.

/var/www/html/vendor/laravel/framework/src/Illuminate/Foundation/PackageManifest.php:179
/var/www/html/vendor/orchestra/testbench-core/src/Foundation/PackageManifest.php:157
/var/www/html/vendor/laravel/framework/src/Illuminate/Foundation/PackageManifest.php:132
/var/www/html/vendor/laravel/framework/src/Illuminate/Foundation/PackageManifest.php:108
/var/www/html/vendor/orchestra/testbench-core/src/Foundation/PackageManifest.php:102
/var/www/html/vendor/laravel/framework/src/Illuminate/Foundation/PackageManifest.php:91
/var/www/html/vendor/laravel/framework/src/Illuminate/Foundation/PackageManifest.php:80
/var/www/html/vendor/laravel/framework/src/Illuminate/Foundation/Bootstrap/RegisterFacades.php:26
/var/www/html/vendor/orchestra/testbench-core/src/Concerns/CreatesApplication.php:556
/var/www/html/vendor/orchestra/testbench-core/src/Concerns/CreatesApplication.php:311
/var/www/html/vendor/orchestra/testbench-core/src/TestCase.php:121
/var/www/html/vendor/orchestra/testbench-core/src/Concerns/ApplicationTestingHooks.php:74
/var/www/html/vendor/orchestra/testbench-core/src/Concerns/Testing.php:43
/var/www/html/vendor/laravel/framework/src/Illuminate/Collections/helpers.php:236
/var/www/html/vendor/orchestra/sidekick/src/functions.php:87
/var/www/html/vendor/laravel/framework/src/Illuminate/Collections/helpers.php:236
/var/www/html/vendor/orchestra/testbench-core/src/Concerns/Testing.php:57
/var/www/html/vendor/orchestra/testbench-core/src/TestCase.php:50
/var/www/html/tests/TestCase.php:61</error>
        </testcase>
        <testcase name="test_command_filters_by_tools_type" file="/var/www/html/tests/Feature/Commands/ListCommandFeatureTest.php" line="165" class="JTD\LaravelMCP\Tests\Feature\Commands\ListCommandFeatureTest" classname="JTD.LaravelMCP.Tests.Feature.Commands.ListCommandFeatureTest" assertions="0" time="0.000000">
          <error type="Exception">JTD\LaravelMCP\Tests\Feature\Commands\ListCommandFeatureTest::test_command_filters_by_tools_type
Exception: The /var/www/html/vendor/orchestra/testbench-core/laravel/bootstrap/cache directory must be present and writable.

/var/www/html/vendor/laravel/framework/src/Illuminate/Foundation/PackageManifest.php:179
/var/www/html/vendor/orchestra/testbench-core/src/Foundation/PackageManifest.php:157
/var/www/html/vendor/laravel/framework/src/Illuminate/Foundation/PackageManifest.php:132
/var/www/html/vendor/laravel/framework/src/Illuminate/Foundation/PackageManifest.php:108
/var/www/html/vendor/orchestra/testbench-core/src/Foundation/PackageManifest.php:102
/var/www/html/vendor/laravel/framework/src/Illuminate/Foundation/PackageManifest.php:91
/var/www/html/vendor/laravel/framework/src/Illuminate/Foundation/PackageManifest.php:80
/var/www/html/vendor/laravel/framework/src/Illuminate/Foundation/Bootstrap/RegisterFacades.php:26
/var/www/html/vendor/orchestra/testbench-core/src/Concerns/CreatesApplication.php:556
/var/www/html/vendor/orchestra/testbench-core/src/Concerns/CreatesApplication.php:311
/var/www/html/vendor/orchestra/testbench-core/src/TestCase.php:121
/var/www/html/vendor/orchestra/testbench-core/src/Concerns/ApplicationTestingHooks.php:74
/var/www/html/vendor/orchestra/testbench-core/src/Concerns/Testing.php:43
/var/www/html/vendor/laravel/framework/src/Illuminate/Collections/helpers.php:236
/var/www/html/vendor/orchestra/sidekick/src/functions.php:87
/var/www/html/vendor/laravel/framework/src/Illuminate/Collections/helpers.php:236
/var/www/html/vendor/orchestra/testbench-core/src/Concerns/Testing.php:57
/var/www/html/vendor/orchestra/testbench-core/src/TestCase.php:50
/var/www/html/tests/TestCase.php:61</error>
        </testcase>
        <testcase name="test_command_filters_by_resources_type" file="/var/www/html/tests/Feature/Commands/ListCommandFeatureTest.php" line="203" class="JTD\LaravelMCP\Tests\Feature\Commands\ListCommandFeatureTest" classname="JTD.LaravelMCP.Tests.Feature.Commands.ListCommandFeatureTest" assertions="0" time="0.000000">
          <error type="Exception">JTD\LaravelMCP\Tests\Feature\Commands\ListCommandFeatureTest::test_command_filters_by_resources_type
Exception: The /var/www/html/vendor/orchestra/testbench-core/laravel/bootstrap/cache directory must be present and writable.

/var/www/html/vendor/laravel/framework/src/Illuminate/Foundation/PackageManifest.php:179
/var/www/html/vendor/orchestra/testbench-core/src/Foundation/PackageManifest.php:157
/var/www/html/vendor/laravel/framework/src/Illuminate/Foundation/PackageManifest.php:132
/var/www/html/vendor/laravel/framework/src/Illuminate/Foundation/PackageManifest.php:108
/var/www/html/vendor/orchestra/testbench-core/src/Foundation/PackageManifest.php:102
/var/www/html/vendor/laravel/framework/src/Illuminate/Foundation/PackageManifest.php:91
/var/www/html/vendor/laravel/framework/src/Illuminate/Foundation/PackageManifest.php:80
/var/www/html/vendor/laravel/framework/src/Illuminate/Foundation/Bootstrap/RegisterFacades.php:26
/var/www/html/vendor/orchestra/testbench-core/src/Concerns/CreatesApplication.php:556
/var/www/html/vendor/orchestra/testbench-core/src/Concerns/CreatesApplication.php:311
/var/www/html/vendor/orchestra/testbench-core/src/TestCase.php:121
/var/www/html/vendor/orchestra/testbench-core/src/Concerns/ApplicationTestingHooks.php:74
/var/www/html/vendor/orchestra/testbench-core/src/Concerns/Testing.php:43
/var/www/html/vendor/laravel/framework/src/Illuminate/Collections/helpers.php:236
/var/www/html/vendor/orchestra/sidekick/src/functions.php:87
/var/www/html/vendor/laravel/framework/src/Illuminate/Collections/helpers.php:236
/var/www/html/vendor/orchestra/testbench-core/src/Concerns/Testing.php:57
/var/www/html/vendor/orchestra/testbench-core/src/TestCase.php:50
/var/www/html/tests/TestCase.php:61</error>
        </testcase>
        <testcase name="test_command_filters_by_prompts_type" file="/var/www/html/tests/Feature/Commands/ListCommandFeatureTest.php" line="242" class="JTD\LaravelMCP\Tests\Feature\Commands\ListCommandFeatureTest" classname="JTD.LaravelMCP.Tests.Feature.Commands.ListCommandFeatureTest" assertions="0" time="0.000000">
          <error type="Exception">JTD\LaravelMCP\Tests\Feature\Commands\ListCommandFeatureTest::test_command_filters_by_prompts_type
Exception: The /var/www/html/vendor/orchestra/testbench-core/laravel/bootstrap/cache directory must be present and writable.

/var/www/html/vendor/laravel/framework/src/Illuminate/Foundation/PackageManifest.php:179
/var/www/html/vendor/orchestra/testbench-core/src/Foundation/PackageManifest.php:157
/var/www/html/vendor/laravel/framework/src/Illuminate/Foundation/PackageManifest.php:132
/var/www/html/vendor/laravel/framework/src/Illuminate/Foundation/PackageManifest.php:108
/var/www/html/vendor/orchestra/testbench-core/src/Foundation/PackageManifest.php:102
/var/www/html/vendor/laravel/framework/src/Illuminate/Foundation/PackageManifest.php:91
/var/www/html/vendor/laravel/framework/src/Illuminate/Foundation/PackageManifest.php:80
/var/www/html/vendor/laravel/framework/src/Illuminate/Foundation/Bootstrap/RegisterFacades.php:26
/var/www/html/vendor/orchestra/testbench-core/src/Concerns/CreatesApplication.php:556
/var/www/html/vendor/orchestra/testbench-core/src/Concerns/CreatesApplication.php:311
/var/www/html/vendor/orchestra/testbench-core/src/TestCase.php:121
/var/www/html/vendor/orchestra/testbench-core/src/Concerns/ApplicationTestingHooks.php:74
/var/www/html/vendor/orchestra/testbench-core/src/Concerns/Testing.php:43
/var/www/html/vendor/laravel/framework/src/Illuminate/Collections/helpers.php:236
/var/www/html/vendor/orchestra/sidekick/src/functions.php:87
/var/www/html/vendor/laravel/framework/src/Illuminate/Collections/helpers.php:236
/var/www/html/vendor/orchestra/testbench-core/src/Concerns/Testing.php:57
/var/www/html/vendor/orchestra/testbench-core/src/TestCase.php:50
/var/www/html/tests/TestCase.php:61</error>
        </testcase>
        <testcase name="test_command_outputs_json_format" file="/var/www/html/tests/Feature/Commands/ListCommandFeatureTest.php" line="278" class="JTD\LaravelMCP\Tests\Feature\Commands\ListCommandFeatureTest" classname="JTD.LaravelMCP.Tests.Feature.Commands.ListCommandFeatureTest" assertions="0" time="0.000000">
          <error type="Exception">JTD\LaravelMCP\Tests\Feature\Commands\ListCommandFeatureTest::test_command_outputs_json_format
Exception: The /var/www/html/vendor/orchestra/testbench-core/laravel/bootstrap/cache directory must be present and writable.

/var/www/html/vendor/laravel/framework/src/Illuminate/Foundation/PackageManifest.php:179
/var/www/html/vendor/orchestra/testbench-core/src/Foundation/PackageManifest.php:157
/var/www/html/vendor/laravel/framework/src/Illuminate/Foundation/PackageManifest.php:132
/var/www/html/vendor/laravel/framework/src/Illuminate/Foundation/PackageManifest.php:108
/var/www/html/vendor/orchestra/testbench-core/src/Foundation/PackageManifest.php:102
/var/www/html/vendor/laravel/framework/src/Illuminate/Foundation/PackageManifest.php:91
/var/www/html/vendor/laravel/framework/src/Illuminate/Foundation/PackageManifest.php:80
/var/www/html/vendor/laravel/framework/src/Illuminate/Foundation/Bootstrap/RegisterFacades.php:26
/var/www/html/vendor/orchestra/testbench-core/src/Concerns/CreatesApplication.php:556
/var/www/html/vendor/orchestra/testbench-core/src/Concerns/CreatesApplication.php:311
/var/www/html/vendor/orchestra/testbench-core/src/TestCase.php:121
/var/www/html/vendor/orchestra/testbench-core/src/Concerns/ApplicationTestingHooks.php:74
/var/www/html/vendor/orchestra/testbench-core/src/Concerns/Testing.php:43
/var/www/html/vendor/laravel/framework/src/Illuminate/Collections/helpers.php:236
/var/www/html/vendor/orchestra/sidekick/src/functions.php:87
/var/www/html/vendor/laravel/framework/src/Illuminate/Collections/helpers.php:236
/var/www/html/vendor/orchestra/testbench-core/src/Concerns/Testing.php:57
/var/www/html/vendor/orchestra/testbench-core/src/TestCase.php:50
/var/www/html/tests/TestCase.php:61</error>
        </testcase>
        <testcase name="test_command_outputs_yaml_format" file="/var/www/html/tests/Feature/Commands/ListCommandFeatureTest.php" line="306" class="JTD\LaravelMCP\Tests\Feature\Commands\ListCommandFeatureTest" classname="JTD.LaravelMCP.Tests.Feature.Commands.ListCommandFeatureTest" assertions="0" time="0.000000">
          <error type="Exception">JTD\LaravelMCP\Tests\Feature\Commands\ListCommandFeatureTest::test_command_outputs_yaml_format
Exception: The /var/www/html/vendor/orchestra/testbench-core/laravel/bootstrap/cache directory must be present and writable.

/var/www/html/vendor/laravel/framework/src/Illuminate/Foundation/PackageManifest.php:179
/var/www/html/vendor/orchestra/testbench-core/src/Foundation/PackageManifest.php:157
/var/www/html/vendor/laravel/framework/src/Illuminate/Foundation/PackageManifest.php:132
/var/www/html/vendor/laravel/framework/src/Illuminate/Foundation/PackageManifest.php:108
/var/www/html/vendor/orchestra/testbench-core/src/Foundation/PackageManifest.php:102
/var/www/html/vendor/laravel/framework/src/Illuminate/Foundation/PackageManifest.php:91
/var/www/html/vendor/laravel/framework/src/Illuminate/Foundation/PackageManifest.php:80
/var/www/html/vendor/laravel/framework/src/Illuminate/Foundation/Bootstrap/RegisterFacades.php:26
/var/www/html/vendor/orchestra/testbench-core/src/Concerns/CreatesApplication.php:556
/var/www/html/vendor/orchestra/testbench-core/src/Concerns/CreatesApplication.php:311
/var/www/html/vendor/orchestra/testbench-core/src/TestCase.php:121
/var/www/html/vendor/orchestra/testbench-core/src/Concerns/ApplicationTestingHooks.php:74
/var/www/html/vendor/orchestra/testbench-core/src/Concerns/Testing.php:43
/var/www/html/vendor/laravel/framework/src/Illuminate/Collections/helpers.php:236
/var/www/html/vendor/orchestra/sidekick/src/functions.php:87
/var/www/html/vendor/laravel/framework/src/Illuminate/Collections/helpers.php:236
/var/www/html/vendor/orchestra/testbench-core/src/Concerns/Testing.php:57
/var/www/html/vendor/orchestra/testbench-core/src/TestCase.php:50
/var/www/html/tests/TestCase.php:61</error>
        </testcase>
        <testcase name="test_command_shows_detailed_information" file="/var/www/html/tests/Feature/Commands/ListCommandFeatureTest.php" line="333" class="JTD\LaravelMCP\Tests\Feature\Commands\ListCommandFeatureTest" classname="JTD.LaravelMCP.Tests.Feature.Commands.ListCommandFeatureTest" assertions="0" time="0.000000">
          <error type="Exception">JTD\LaravelMCP\Tests\Feature\Commands\ListCommandFeatureTest::test_command_shows_detailed_information
Exception: The /var/www/html/vendor/orchestra/testbench-core/laravel/bootstrap/cache directory must be present and writable.

/var/www/html/vendor/laravel/framework/src/Illuminate/Foundation/PackageManifest.php:179
/var/www/html/vendor/orchestra/testbench-core/src/Foundation/PackageManifest.php:157
/var/www/html/vendor/laravel/framework/src/Illuminate/Foundation/PackageManifest.php:132
/var/www/html/vendor/laravel/framework/src/Illuminate/Foundation/PackageManifest.php:108
/var/www/html/vendor/orchestra/testbench-core/src/Foundation/PackageManifest.php:102
/var/www/html/vendor/laravel/framework/src/Illuminate/Foundation/PackageManifest.php:91
/var/www/html/vendor/laravel/framework/src/Illuminate/Foundation/PackageManifest.php:80
/var/www/html/vendor/laravel/framework/src/Illuminate/Foundation/Bootstrap/RegisterFacades.php:26
/var/www/html/vendor/orchestra/testbench-core/src/Concerns/CreatesApplication.php:556
/var/www/html/vendor/orchestra/testbench-core/src/Concerns/CreatesApplication.php:311
/var/www/html/vendor/orchestra/testbench-core/src/TestCase.php:121
/var/www/html/vendor/orchestra/testbench-core/src/Concerns/ApplicationTestingHooks.php:74
/var/www/html/vendor/orchestra/testbench-core/src/Concerns/Testing.php:43
/var/www/html/vendor/laravel/framework/src/Illuminate/Collections/helpers.php:236
/var/www/html/vendor/orchestra/sidekick/src/functions.php:87
/var/www/html/vendor/laravel/framework/src/Illuminate/Collections/helpers.php:236
/var/www/html/vendor/orchestra/testbench-core/src/Concerns/Testing.php:57
/var/www/html/vendor/orchestra/testbench-core/src/TestCase.php:50
/var/www/html/tests/TestCase.php:61</error>
        </testcase>
        <testcase name="test_command_shows_detailed_resource_information" file="/var/www/html/tests/Feature/Commands/ListCommandFeatureTest.php" line="377" class="JTD\LaravelMCP\Tests\Feature\Commands\ListCommandFeatureTest" classname="JTD.LaravelMCP.Tests.Feature.Commands.ListCommandFeatureTest" assertions="0" time="0.000000">
          <error type="Exception">JTD\LaravelMCP\Tests\Feature\Commands\ListCommandFeatureTest::test_command_shows_detailed_resource_information
Exception: The /var/www/html/vendor/orchestra/testbench-core/laravel/bootstrap/cache directory must be present and writable.

/var/www/html/vendor/laravel/framework/src/Illuminate/Foundation/PackageManifest.php:179
/var/www/html/vendor/orchestra/testbench-core/src/Foundation/PackageManifest.php:157
/var/www/html/vendor/laravel/framework/src/Illuminate/Foundation/PackageManifest.php:132
/var/www/html/vendor/laravel/framework/src/Illuminate/Foundation/PackageManifest.php:108
/var/www/html/vendor/orchestra/testbench-core/src/Foundation/PackageManifest.php:102
/var/www/html/vendor/laravel/framework/src/Illuminate/Foundation/PackageManifest.php:91
/var/www/html/vendor/laravel/framework/src/Illuminate/Foundation/PackageManifest.php:80
/var/www/html/vendor/laravel/framework/src/Illuminate/Foundation/Bootstrap/RegisterFacades.php:26
/var/www/html/vendor/orchestra/testbench-core/src/Concerns/CreatesApplication.php:556
/var/www/html/vendor/orchestra/testbench-core/src/Concerns/CreatesApplication.php:311
/var/www/html/vendor/orchestra/testbench-core/src/TestCase.php:121
/var/www/html/vendor/orchestra/testbench-core/src/Concerns/ApplicationTestingHooks.php:74
/var/www/html/vendor/orchestra/testbench-core/src/Concerns/Testing.php:43
/var/www/html/vendor/laravel/framework/src/Illuminate/Collections/helpers.php:236
/var/www/html/vendor/orchestra/sidekick/src/functions.php:87
/var/www/html/vendor/laravel/framework/src/Illuminate/Collections/helpers.php:236
/var/www/html/vendor/orchestra/testbench-core/src/Concerns/Testing.php:57
/var/www/html/vendor/orchestra/testbench-core/src/TestCase.php:50
/var/www/html/tests/TestCase.php:61</error>
        </testcase>
        <testcase name="test_command_shows_detailed_prompt_information" file="/var/www/html/tests/Feature/Commands/ListCommandFeatureTest.php" line="411" class="JTD\LaravelMCP\Tests\Feature\Commands\ListCommandFeatureTest" classname="JTD.LaravelMCP.Tests.Feature.Commands.ListCommandFeatureTest" assertions="0" time="0.000000">
          <error type="Exception">JTD\LaravelMCP\Tests\Feature\Commands\ListCommandFeatureTest::test_command_shows_detailed_prompt_information
Exception: The /var/www/html/vendor/orchestra/testbench-core/laravel/bootstrap/cache directory must be present and writable.

/var/www/html/vendor/laravel/framework/src/Illuminate/Foundation/PackageManifest.php:179
/var/www/html/vendor/orchestra/testbench-core/src/Foundation/PackageManifest.php:157
/var/www/html/vendor/laravel/framework/src/Illuminate/Foundation/PackageManifest.php:132
/var/www/html/vendor/laravel/framework/src/Illuminate/Foundation/PackageManifest.php:108
/var/www/html/vendor/orchestra/testbench-core/src/Foundation/PackageManifest.php:102
/var/www/html/vendor/laravel/framework/src/Illuminate/Foundation/PackageManifest.php:91
/var/www/html/vendor/laravel/framework/src/Illuminate/Foundation/PackageManifest.php:80
/var/www/html/vendor/laravel/framework/src/Illuminate/Foundation/Bootstrap/RegisterFacades.php:26
/var/www/html/vendor/orchestra/testbench-core/src/Concerns/CreatesApplication.php:556
/var/www/html/vendor/orchestra/testbench-core/src/Concerns/CreatesApplication.php:311
/var/www/html/vendor/orchestra/testbench-core/src/TestCase.php:121
/var/www/html/vendor/orchestra/testbench-core/src/Concerns/ApplicationTestingHooks.php:74
/var/www/html/vendor/orchestra/testbench-core/src/Concerns/Testing.php:43
/var/www/html/vendor/laravel/framework/src/Illuminate/Collections/helpers.php:236
/var/www/html/vendor/orchestra/sidekick/src/functions.php:87
/var/www/html/vendor/laravel/framework/src/Illuminate/Collections/helpers.php:236
/var/www/html/vendor/orchestra/testbench-core/src/Concerns/Testing.php:57
/var/www/html/vendor/orchestra/testbench-core/src/TestCase.php:50
/var/www/html/tests/TestCase.php:61</error>
        </testcase>
        <testcase name="test_command_runs_with_debug_mode" file="/var/www/html/tests/Feature/Commands/ListCommandFeatureTest.php" line="450" class="JTD\LaravelMCP\Tests\Feature\Commands\ListCommandFeatureTest" classname="JTD.LaravelMCP.Tests.Feature.Commands.ListCommandFeatureTest" assertions="0" time="0.000000">
          <error type="Exception">JTD\LaravelMCP\Tests\Feature\Commands\ListCommandFeatureTest::test_command_runs_with_debug_mode
Exception: The /var/www/html/vendor/orchestra/testbench-core/laravel/bootstrap/cache directory must be present and writable.

/var/www/html/vendor/laravel/framework/src/Illuminate/Foundation/PackageManifest.php:179
/var/www/html/vendor/orchestra/testbench-core/src/Foundation/PackageManifest.php:157
/var/www/html/vendor/laravel/framework/src/Illuminate/Foundation/PackageManifest.php:132
/var/www/html/vendor/laravel/framework/src/Illuminate/Foundation/PackageManifest.php:108
/var/www/html/vendor/orchestra/testbench-core/src/Foundation/PackageManifest.php:102
/var/www/html/vendor/laravel/framework/src/Illuminate/Foundation/PackageManifest.php:91
/var/www/html/vendor/laravel/framework/src/Illuminate/Foundation/PackageManifest.php:80
/var/www/html/vendor/laravel/framework/src/Illuminate/Foundation/Bootstrap/RegisterFacades.php:26
/var/www/html/vendor/orchestra/testbench-core/src/Concerns/CreatesApplication.php:556
/var/www/html/vendor/orchestra/testbench-core/src/Concerns/CreatesApplication.php:311
/var/www/html/vendor/orchestra/testbench-core/src/TestCase.php:121
/var/www/html/vendor/orchestra/testbench-core/src/Concerns/ApplicationTestingHooks.php:74
/var/www/html/vendor/orchestra/testbench-core/src/Concerns/Testing.php:43
/var/www/html/vendor/laravel/framework/src/Illuminate/Collections/helpers.php:236
/var/www/html/vendor/orchestra/sidekick/src/functions.php:87
/var/www/html/vendor/laravel/framework/src/Illuminate/Collections/helpers.php:236
/var/www/html/vendor/orchestra/testbench-core/src/Concerns/Testing.php:57
/var/www/html/vendor/orchestra/testbench-core/src/TestCase.php:50
/var/www/html/tests/TestCase.php:61</error>
        </testcase>
        <testcase name="test_command_validates_invalid_type_option" file="/var/www/html/tests/Feature/Commands/ListCommandFeatureTest.php" line="475" class="JTD\LaravelMCP\Tests\Feature\Commands\ListCommandFeatureTest" classname="JTD.LaravelMCP.Tests.Feature.Commands.ListCommandFeatureTest" assertions="0" time="0.000000">
          <error type="Exception">JTD\LaravelMCP\Tests\Feature\Commands\ListCommandFeatureTest::test_command_validates_invalid_type_option
Exception: The /var/www/html/vendor/orchestra/testbench-core/laravel/bootstrap/cache directory must be present and writable.

/var/www/html/vendor/laravel/framework/src/Illuminate/Foundation/PackageManifest.php:179
/var/www/html/vendor/orchestra/testbench-core/src/Foundation/PackageManifest.php:157
/var/www/html/vendor/laravel/framework/src/Illuminate/Foundation/PackageManifest.php:132
/var/www/html/vendor/laravel/framework/src/Illuminate/Foundation/PackageManifest.php:108
/var/www/html/vendor/orchestra/testbench-core/src/Foundation/PackageManifest.php:102
/var/www/html/vendor/laravel/framework/src/Illuminate/Foundation/PackageManifest.php:91
/var/www/html/vendor/laravel/framework/src/Illuminate/Foundation/PackageManifest.php:80
/var/www/html/vendor/laravel/framework/src/Illuminate/Foundation/Bootstrap/RegisterFacades.php:26
/var/www/html/vendor/orchestra/testbench-core/src/Concerns/CreatesApplication.php:556
/var/www/html/vendor/orchestra/testbench-core/src/Concerns/CreatesApplication.php:311
/var/www/html/vendor/orchestra/testbench-core/src/TestCase.php:121
/var/www/html/vendor/orchestra/testbench-core/src/Concerns/ApplicationTestingHooks.php:74
/var/www/html/vendor/orchestra/testbench-core/src/Concerns/Testing.php:43
/var/www/html/vendor/laravel/framework/src/Illuminate/Collections/helpers.php:236
/var/www/html/vendor/orchestra/sidekick/src/functions.php:87
/var/www/html/vendor/laravel/framework/src/Illuminate/Collections/helpers.php:236
/var/www/html/vendor/orchestra/testbench-core/src/Concerns/Testing.php:57
/var/www/html/vendor/orchestra/testbench-core/src/TestCase.php:50
/var/www/html/tests/TestCase.php:61</error>
        </testcase>
        <testcase name="test_command_validates_invalid_format_option" file="/var/www/html/tests/Feature/Commands/ListCommandFeatureTest.php" line="490" class="JTD\LaravelMCP\Tests\Feature\Commands\ListCommandFeatureTest" classname="JTD.LaravelMCP.Tests.Feature.Commands.ListCommandFeatureTest" assertions="0" time="0.000000">
          <error type="Exception">JTD\LaravelMCP\Tests\Feature\Commands\ListCommandFeatureTest::test_command_validates_invalid_format_option
Exception: The /var/www/html/vendor/orchestra/testbench-core/laravel/bootstrap/cache directory must be present and writable.

/var/www/html/vendor/laravel/framework/src/Illuminate/Foundation/PackageManifest.php:179
/var/www/html/vendor/orchestra/testbench-core/src/Foundation/PackageManifest.php:157
/var/www/html/vendor/laravel/framework/src/Illuminate/Foundation/PackageManifest.php:132
/var/www/html/vendor/laravel/framework/src/Illuminate/Foundation/PackageManifest.php:108
/var/www/html/vendor/orchestra/testbench-core/src/Foundation/PackageManifest.php:102
/var/www/html/vendor/laravel/framework/src/Illuminate/Foundation/PackageManifest.php:91
/var/www/html/vendor/laravel/framework/src/Illuminate/Foundation/PackageManifest.php:80
/var/www/html/vendor/laravel/framework/src/Illuminate/Foundation/Bootstrap/RegisterFacades.php:26
/var/www/html/vendor/orchestra/testbench-core/src/Concerns/CreatesApplication.php:556
/var/www/html/vendor/orchestra/testbench-core/src/Concerns/CreatesApplication.php:311
/var/www/html/vendor/orchestra/testbench-core/src/TestCase.php:121
/var/www/html/vendor/orchestra/testbench-core/src/Concerns/ApplicationTestingHooks.php:74
/var/www/html/vendor/orchestra/testbench-core/src/Concerns/Testing.php:43
/var/www/html/vendor/laravel/framework/src/Illuminate/Collections/helpers.php:236
/var/www/html/vendor/orchestra/sidekick/src/functions.php:87
/var/www/html/vendor/laravel/framework/src/Illuminate/Collections/helpers.php:236
/var/www/html/vendor/orchestra/testbench-core/src/Concerns/Testing.php:57
/var/www/html/vendor/orchestra/testbench-core/src/TestCase.php:50
/var/www/html/tests/TestCase.php:61</error>
        </testcase>
        <testcase name="test_command_handles_metadata_failures_gracefully" file="/var/www/html/tests/Feature/Commands/ListCommandFeatureTest.php" line="505" class="JTD\LaravelMCP\Tests\Feature\Commands\ListCommandFeatureTest" classname="JTD.LaravelMCP.Tests.Feature.Commands.ListCommandFeatureTest" assertions="0" time="0.000000">
          <error type="Exception">JTD\LaravelMCP\Tests\Feature\Commands\ListCommandFeatureTest::test_command_handles_metadata_failures_gracefully
Exception: The /var/www/html/vendor/orchestra/testbench-core/laravel/bootstrap/cache directory must be present and writable.

/var/www/html/vendor/laravel/framework/src/Illuminate/Foundation/PackageManifest.php:179
/var/www/html/vendor/orchestra/testbench-core/src/Foundation/PackageManifest.php:157
/var/www/html/vendor/laravel/framework/src/Illuminate/Foundation/PackageManifest.php:132
/var/www/html/vendor/laravel/framework/src/Illuminate/Foundation/PackageManifest.php:108
/var/www/html/vendor/orchestra/testbench-core/src/Foundation/PackageManifest.php:102
/var/www/html/vendor/laravel/framework/src/Illuminate/Foundation/PackageManifest.php:91
/var/www/html/vendor/laravel/framework/src/Illuminate/Foundation/PackageManifest.php:80
/var/www/html/vendor/laravel/framework/src/Illuminate/Foundation/Bootstrap/RegisterFacades.php:26
/var/www/html/vendor/orchestra/testbench-core/src/Concerns/CreatesApplication.php:556
/var/www/html/vendor/orchestra/testbench-core/src/Concerns/CreatesApplication.php:311
/var/www/html/vendor/orchestra/testbench-core/src/TestCase.php:121
/var/www/html/vendor/orchestra/testbench-core/src/Concerns/ApplicationTestingHooks.php:74
/var/www/html/vendor/orchestra/testbench-core/src/Concerns/Testing.php:43
/var/www/html/vendor/laravel/framework/src/Illuminate/Collections/helpers.php:236
/var/www/html/vendor/orchestra/sidekick/src/functions.php:87
/var/www/html/vendor/laravel/framework/src/Illuminate/Collections/helpers.php:236
/var/www/html/vendor/orchestra/testbench-core/src/Concerns/Testing.php:57
/var/www/html/vendor/orchestra/testbench-core/src/TestCase.php:50
/var/www/html/tests/TestCase.php:61</error>
        </testcase>
        <testcase name="test_command_lists_multiple_components" file="/var/www/html/tests/Feature/Commands/ListCommandFeatureTest.php" line="530" class="JTD\LaravelMCP\Tests\Feature\Commands\ListCommandFeatureTest" classname="JTD.LaravelMCP.Tests.Feature.Commands.ListCommandFeatureTest" assertions="0" time="0.000000">
          <error type="Exception">JTD\LaravelMCP\Tests\Feature\Commands\ListCommandFeatureTest::test_command_lists_multiple_components
Exception: The /var/www/html/vendor/orchestra/testbench-core/laravel/bootstrap/cache directory must be present and writable.

/var/www/html/vendor/laravel/framework/src/Illuminate/Foundation/PackageManifest.php:179
/var/www/html/vendor/orchestra/testbench-core/src/Foundation/PackageManifest.php:157
/var/www/html/vendor/laravel/framework/src/Illuminate/Foundation/PackageManifest.php:132
/var/www/html/vendor/laravel/framework/src/Illuminate/Foundation/PackageManifest.php:108
/var/www/html/vendor/orchestra/testbench-core/src/Foundation/PackageManifest.php:102
/var/www/html/vendor/laravel/framework/src/Illuminate/Foundation/PackageManifest.php:91
/var/www/html/vendor/laravel/framework/src/Illuminate/Foundation/PackageManifest.php:80
/var/www/html/vendor/laravel/framework/src/Illuminate/Foundation/Bootstrap/RegisterFacades.php:26
/var/www/html/vendor/orchestra/testbench-core/src/Concerns/CreatesApplication.php:556
/var/www/html/vendor/orchestra/testbench-core/src/Concerns/CreatesApplication.php:311
/var/www/html/vendor/orchestra/testbench-core/src/TestCase.php:121
/var/www/html/vendor/orchestra/testbench-core/src/Concerns/ApplicationTestingHooks.php:74
/var/www/html/vendor/orchestra/testbench-core/src/Concerns/Testing.php:43
/var/www/html/vendor/laravel/framework/src/Illuminate/Collections/helpers.php:236
/var/www/html/vendor/orchestra/sidekick/src/functions.php:87
/var/www/html/vendor/laravel/framework/src/Illuminate/Collections/helpers.php:236
/var/www/html/vendor/orchestra/testbench-core/src/Concerns/Testing.php:57
/var/www/html/vendor/orchestra/testbench-core/src/TestCase.php:50
/var/www/html/tests/TestCase.php:61</error>
        </testcase>
        <testcase name="test_command_json_format_with_detailed_flag" file="/var/www/html/tests/Feature/Commands/ListCommandFeatureTest.php" line="577" class="JTD\LaravelMCP\Tests\Feature\Commands\ListCommandFeatureTest" classname="JTD.LaravelMCP.Tests.Feature.Commands.ListCommandFeatureTest" assertions="0" time="0.000000">
          <error type="Exception">JTD\LaravelMCP\Tests\Feature\Commands\ListCommandFeatureTest::test_command_json_format_with_detailed_flag
Exception: The /var/www/html/vendor/orchestra/testbench-core/laravel/bootstrap/cache directory must be present and writable.

/var/www/html/vendor/laravel/framework/src/Illuminate/Foundation/PackageManifest.php:179
/var/www/html/vendor/orchestra/testbench-core/src/Foundation/PackageManifest.php:157
/var/www/html/vendor/laravel/framework/src/Illuminate/Foundation/PackageManifest.php:132
/var/www/html/vendor/laravel/framework/src/Illuminate/Foundation/PackageManifest.php:108
/var/www/html/vendor/orchestra/testbench-core/src/Foundation/PackageManifest.php:102
/var/www/html/vendor/laravel/framework/src/Illuminate/Foundation/PackageManifest.php:91
/var/www/html/vendor/laravel/framework/src/Illuminate/Foundation/PackageManifest.php:80
/var/www/html/vendor/laravel/framework/src/Illuminate/Foundation/Bootstrap/RegisterFacades.php:26
/var/www/html/vendor/orchestra/testbench-core/src/Concerns/CreatesApplication.php:556
/var/www/html/vendor/orchestra/testbench-core/src/Concerns/CreatesApplication.php:311
/var/www/html/vendor/orchestra/testbench-core/src/TestCase.php:121
/var/www/html/vendor/orchestra/testbench-core/src/Concerns/ApplicationTestingHooks.php:74
/var/www/html/vendor/orchestra/testbench-core/src/Concerns/Testing.php:43
/var/www/html/vendor/laravel/framework/src/Illuminate/Collections/helpers.php:236
/var/www/html/vendor/orchestra/sidekick/src/functions.php:87
/var/www/html/vendor/laravel/framework/src/Illuminate/Collections/helpers.php:236
/var/www/html/vendor/orchestra/testbench-core/src/Concerns/Testing.php:57
/var/www/html/vendor/orchestra/testbench-core/src/TestCase.php:50
/var/www/html/tests/TestCase.php:61</error>
        </testcase>
        <testcase name="test_full_integration_with_service_provider" file="/var/www/html/tests/Feature/Commands/ListCommandFeatureTest.php" line="613" class="JTD\LaravelMCP\Tests\Feature\Commands\ListCommandFeatureTest" classname="JTD.LaravelMCP.Tests.Feature.Commands.ListCommandFeatureTest" assertions="0" time="0.000000">
          <error type="Exception">JTD\LaravelMCP\Tests\Feature\Commands\ListCommandFeatureTest::test_full_integration_with_service_provider
Exception: The /var/www/html/vendor/orchestra/testbench-core/laravel/bootstrap/cache directory must be present and writable.

/var/www/html/vendor/laravel/framework/src/Illuminate/Foundation/PackageManifest.php:179
/var/www/html/vendor/orchestra/testbench-core/src/Foundation/PackageManifest.php:157
/var/www/html/vendor/laravel/framework/src/Illuminate/Foundation/PackageManifest.php:132
/var/www/html/vendor/laravel/framework/src/Illuminate/Foundation/PackageManifest.php:108
/var/www/html/vendor/orchestra/testbench-core/src/Foundation/PackageManifest.php:102
/var/www/html/vendor/laravel/framework/src/Illuminate/Foundation/PackageManifest.php:91
/var/www/html/vendor/laravel/framework/src/Illuminate/Foundation/PackageManifest.php:80
/var/www/html/vendor/laravel/framework/src/Illuminate/Foundation/Bootstrap/RegisterFacades.php:26
/var/www/html/vendor/orchestra/testbench-core/src/Concerns/CreatesApplication.php:556
/var/www/html/vendor/orchestra/testbench-core/src/Concerns/CreatesApplication.php:311
/var/www/html/vendor/orchestra/testbench-core/src/TestCase.php:121
/var/www/html/vendor/orchestra/testbench-core/src/Concerns/ApplicationTestingHooks.php:74
/var/www/html/vendor/orchestra/testbench-core/src/Concerns/Testing.php:43
/var/www/html/vendor/laravel/framework/src/Illuminate/Collections/helpers.php:236
/var/www/html/vendor/orchestra/sidekick/src/functions.php:87
/var/www/html/vendor/laravel/framework/src/Illuminate/Collections/helpers.php:236
/var/www/html/vendor/orchestra/testbench-core/src/Concerns/Testing.php:57
/var/www/html/vendor/orchestra/testbench-core/src/TestCase.php:50
/var/www/html/tests/TestCase.php:61</error>
        </testcase>
        <testcase name="test_command_integrates_with_mcp_facade" file="/var/www/html/tests/Feature/Commands/ListCommandFeatureTest.php" line="645" class="JTD\LaravelMCP\Tests\Feature\Commands\ListCommandFeatureTest" classname="JTD.LaravelMCP.Tests.Feature.Commands.ListCommandFeatureTest" assertions="0" time="0.000000">
          <error type="Exception">JTD\LaravelMCP\Tests\Feature\Commands\ListCommandFeatureTest::test_command_integrates_with_mcp_facade
Exception: The /var/www/html/vendor/orchestra/testbench-core/laravel/bootstrap/cache directory must be present and writable.

/var/www/html/vendor/laravel/framework/src/Illuminate/Foundation/PackageManifest.php:179
/var/www/html/vendor/orchestra/testbench-core/src/Foundation/PackageManifest.php:157
/var/www/html/vendor/laravel/framework/src/Illuminate/Foundation/PackageManifest.php:132
/var/www/html/vendor/laravel/framework/src/Illuminate/Foundation/PackageManifest.php:108
/var/www/html/vendor/orchestra/testbench-core/src/Foundation/PackageManifest.php:102
/var/www/html/vendor/laravel/framework/src/Illuminate/Foundation/PackageManifest.php:91
/var/www/html/vendor/laravel/framework/src/Illuminate/Foundation/PackageManifest.php:80
/var/www/html/vendor/laravel/framework/src/Illuminate/Foundation/Bootstrap/RegisterFacades.php:26
/var/www/html/vendor/orchestra/testbench-core/src/Concerns/CreatesApplication.php:556
/var/www/html/vendor/orchestra/testbench-core/src/Concerns/CreatesApplication.php:311
/var/www/html/vendor/orchestra/testbench-core/src/TestCase.php:121
/var/www/html/vendor/orchestra/testbench-core/src/Concerns/ApplicationTestingHooks.php:74
/var/www/html/vendor/orchestra/testbench-core/src/Concerns/Testing.php:43
/var/www/html/vendor/laravel/framework/src/Illuminate/Collections/helpers.php:236
/var/www/html/vendor/orchestra/sidekick/src/functions.php:87
/var/www/html/vendor/laravel/framework/src/Illuminate/Collections/helpers.php:236
/var/www/html/vendor/orchestra/testbench-core/src/Concerns/Testing.php:57
/var/www/html/vendor/orchestra/testbench-core/src/TestCase.php:50
/var/www/html/tests/TestCase.php:61</error>
        </testcase>
        <testcase name="test_command_truncates_long_descriptions" file="/var/www/html/tests/Feature/Commands/ListCommandFeatureTest.php" line="667" class="JTD\LaravelMCP\Tests\Feature\Commands\ListCommandFeatureTest" classname="JTD.LaravelMCP.Tests.Feature.Commands.ListCommandFeatureTest" assertions="0" time="0.000000">
          <error type="Exception">JTD\LaravelMCP\Tests\Feature\Commands\ListCommandFeatureTest::test_command_truncates_long_descriptions
Exception: The /var/www/html/vendor/orchestra/testbench-core/laravel/bootstrap/cache directory must be present and writable.

/var/www/html/vendor/laravel/framework/src/Illuminate/Foundation/PackageManifest.php:179
/var/www/html/vendor/orchestra/testbench-core/src/Foundation/PackageManifest.php:157
/var/www/html/vendor/laravel/framework/src/Illuminate/Foundation/PackageManifest.php:132
/var/www/html/vendor/laravel/framework/src/Illuminate/Foundation/PackageManifest.php:108
/var/www/html/vendor/orchestra/testbench-core/src/Foundation/PackageManifest.php:102
/var/www/html/vendor/laravel/framework/src/Illuminate/Foundation/PackageManifest.php:91
/var/www/html/vendor/laravel/framework/src/Illuminate/Foundation/PackageManifest.php:80
/var/www/html/vendor/laravel/framework/src/Illuminate/Foundation/Bootstrap/RegisterFacades.php:26
/var/www/html/vendor/orchestra/testbench-core/src/Concerns/CreatesApplication.php:556
/var/www/html/vendor/orchestra/testbench-core/src/Concerns/CreatesApplication.php:311
/var/www/html/vendor/orchestra/testbench-core/src/TestCase.php:121
/var/www/html/vendor/orchestra/testbench-core/src/Concerns/ApplicationTestingHooks.php:74
/var/www/html/vendor/orchestra/testbench-core/src/Concerns/Testing.php:43
/var/www/html/vendor/laravel/framework/src/Illuminate/Collections/helpers.php:236
/var/www/html/vendor/orchestra/sidekick/src/functions.php:87
/var/www/html/vendor/laravel/framework/src/Illuminate/Collections/helpers.php:236
/var/www/html/vendor/orchestra/testbench-core/src/Concerns/Testing.php:57
/var/www/html/vendor/orchestra/testbench-core/src/TestCase.php:50
/var/www/html/tests/TestCase.php:61</error>
        </testcase>
        <testcase name="test_command_formats_class_names" file="/var/www/html/tests/Feature/Commands/ListCommandFeatureTest.php" line="696" class="JTD\LaravelMCP\Tests\Feature\Commands\ListCommandFeatureTest" classname="JTD.LaravelMCP.Tests.Feature.Commands.ListCommandFeatureTest" assertions="0" time="0.000000">
          <error type="Exception">JTD\LaravelMCP\Tests\Feature\Commands\ListCommandFeatureTest::test_command_formats_class_names
Exception: The /var/www/html/vendor/orchestra/testbench-core/laravel/bootstrap/cache directory must be present and writable.

/var/www/html/vendor/laravel/framework/src/Illuminate/Foundation/PackageManifest.php:179
/var/www/html/vendor/orchestra/testbench-core/src/Foundation/PackageManifest.php:157
/var/www/html/vendor/laravel/framework/src/Illuminate/Foundation/PackageManifest.php:132
/var/www/html/vendor/laravel/framework/src/Illuminate/Foundation/PackageManifest.php:108
/var/www/html/vendor/orchestra/testbench-core/src/Foundation/PackageManifest.php:102
/var/www/html/vendor/laravel/framework/src/Illuminate/Foundation/PackageManifest.php:91
/var/www/html/vendor/laravel/framework/src/Illuminate/Foundation/PackageManifest.php:80
/var/www/html/vendor/laravel/framework/src/Illuminate/Foundation/Bootstrap/RegisterFacades.php:26
/var/www/html/vendor/orchestra/testbench-core/src/Concerns/CreatesApplication.php:556
/var/www/html/vendor/orchestra/testbench-core/src/Concerns/CreatesApplication.php:311
/var/www/html/vendor/orchestra/testbench-core/src/TestCase.php:121
/var/www/html/vendor/orchestra/testbench-core/src/Concerns/ApplicationTestingHooks.php:74
/var/www/html/vendor/orchestra/testbench-core/src/Concerns/Testing.php:43
/var/www/html/vendor/laravel/framework/src/Illuminate/Collections/helpers.php:236
/var/www/html/vendor/orchestra/sidekick/src/functions.php:87
/var/www/html/vendor/laravel/framework/src/Illuminate/Collections/helpers.php:236
/var/www/html/vendor/orchestra/testbench-core/src/Concerns/Testing.php:57
/var/www/html/vendor/orchestra/testbench-core/src/TestCase.php:50
/var/www/html/tests/TestCase.php:61</error>
        </testcase>
      </testsuite>
      <testsuite name="JTD\LaravelMCP\Tests\Feature\Commands\RegisterCommandFeatureTest" file="/var/www/html/tests/Feature/Commands/RegisterCommandFeatureTest.php" tests="18" assertions="0" errors="18" failures="0" skipped="0" time="0.000000">
        <testcase name="it_can_register_claude_desktop_configuration" file="/var/www/html/tests/Feature/Commands/RegisterCommandFeatureTest.php" line="75" class="JTD\LaravelMCP\Tests\Feature\Commands\RegisterCommandFeatureTest" classname="JTD.LaravelMCP.Tests.Feature.Commands.RegisterCommandFeatureTest" assertions="0" time="0.000000">
          <error type="Exception">JTD\LaravelMCP\Tests\Feature\Commands\RegisterCommandFeatureTest::it_can_register_claude_desktop_configuration
Exception: The /var/www/html/vendor/orchestra/testbench-core/laravel/bootstrap/cache directory must be present and writable.

/var/www/html/vendor/laravel/framework/src/Illuminate/Foundation/PackageManifest.php:179
/var/www/html/vendor/orchestra/testbench-core/src/Foundation/PackageManifest.php:157
/var/www/html/vendor/laravel/framework/src/Illuminate/Foundation/PackageManifest.php:132
/var/www/html/vendor/laravel/framework/src/Illuminate/Foundation/PackageManifest.php:108
/var/www/html/vendor/orchestra/testbench-core/src/Foundation/PackageManifest.php:102
/var/www/html/vendor/laravel/framework/src/Illuminate/Foundation/PackageManifest.php:91
/var/www/html/vendor/laravel/framework/src/Illuminate/Foundation/PackageManifest.php:80
/var/www/html/vendor/laravel/framework/src/Illuminate/Foundation/Bootstrap/RegisterFacades.php:26
/var/www/html/vendor/orchestra/testbench-core/src/Concerns/CreatesApplication.php:556
/var/www/html/vendor/orchestra/testbench-core/src/Concerns/CreatesApplication.php:311
/var/www/html/vendor/orchestra/testbench-core/src/TestCase.php:121
/var/www/html/vendor/orchestra/testbench-core/src/Concerns/ApplicationTestingHooks.php:74
/var/www/html/vendor/orchestra/testbench-core/src/Concerns/Testing.php:43
/var/www/html/vendor/laravel/framework/src/Illuminate/Collections/helpers.php:236
/var/www/html/vendor/orchestra/sidekick/src/functions.php:87
/var/www/html/vendor/laravel/framework/src/Illuminate/Collections/helpers.php:236
/var/www/html/vendor/orchestra/testbench-core/src/Concerns/Testing.php:57
/var/www/html/vendor/orchestra/testbench-core/src/TestCase.php:50
/var/www/html/tests/TestCase.php:61
/var/www/html/tests/Feature/Commands/RegisterCommandFeatureTest.php:58</error>
        </testcase>
        <testcase name="it_can_register_claude_code_configuration" file="/var/www/html/tests/Feature/Commands/RegisterCommandFeatureTest.php" line="97" class="JTD\LaravelMCP\Tests\Feature\Commands\RegisterCommandFeatureTest" classname="JTD.LaravelMCP.Tests.Feature.Commands.RegisterCommandFeatureTest" assertions="0" time="0.000000">
          <error type="Exception">JTD\LaravelMCP\Tests\Feature\Commands\RegisterCommandFeatureTest::it_can_register_claude_code_configuration
Exception: The /var/www/html/vendor/orchestra/testbench-core/laravel/bootstrap/cache directory must be present and writable.

/var/www/html/vendor/laravel/framework/src/Illuminate/Foundation/PackageManifest.php:179
/var/www/html/vendor/orchestra/testbench-core/src/Foundation/PackageManifest.php:157
/var/www/html/vendor/laravel/framework/src/Illuminate/Foundation/PackageManifest.php:132
/var/www/html/vendor/laravel/framework/src/Illuminate/Foundation/PackageManifest.php:108
/var/www/html/vendor/orchestra/testbench-core/src/Foundation/PackageManifest.php:102
/var/www/html/vendor/laravel/framework/src/Illuminate/Foundation/PackageManifest.php:91
/var/www/html/vendor/laravel/framework/src/Illuminate/Foundation/PackageManifest.php:80
/var/www/html/vendor/laravel/framework/src/Illuminate/Foundation/Bootstrap/RegisterFacades.php:26
/var/www/html/vendor/orchestra/testbench-core/src/Concerns/CreatesApplication.php:556
/var/www/html/vendor/orchestra/testbench-core/src/Concerns/CreatesApplication.php:311
/var/www/html/vendor/orchestra/testbench-core/src/TestCase.php:121
/var/www/html/vendor/orchestra/testbench-core/src/Concerns/ApplicationTestingHooks.php:74
/var/www/html/vendor/orchestra/testbench-core/src/Concerns/Testing.php:43
/var/www/html/vendor/laravel/framework/src/Illuminate/Collections/helpers.php:236
/var/www/html/vendor/orchestra/sidekick/src/functions.php:87
/var/www/html/vendor/laravel/framework/src/Illuminate/Collections/helpers.php:236
/var/www/html/vendor/orchestra/testbench-core/src/Concerns/Testing.php:57
/var/www/html/vendor/orchestra/testbench-core/src/TestCase.php:50
/var/www/html/tests/TestCase.php:61
/var/www/html/tests/Feature/Commands/RegisterCommandFeatureTest.php:58</error>
        </testcase>
        <testcase name="it_can_register_chatgpt_configuration" file="/var/www/html/tests/Feature/Commands/RegisterCommandFeatureTest.php" line="119" class="JTD\LaravelMCP\Tests\Feature\Commands\RegisterCommandFeatureTest" classname="JTD.LaravelMCP.Tests.Feature.Commands.RegisterCommandFeatureTest" assertions="0" time="0.000000">
          <error type="Exception">JTD\LaravelMCP\Tests\Feature\Commands\RegisterCommandFeatureTest::it_can_register_chatgpt_configuration
Exception: The /var/www/html/vendor/orchestra/testbench-core/laravel/bootstrap/cache directory must be present and writable.

/var/www/html/vendor/laravel/framework/src/Illuminate/Foundation/PackageManifest.php:179
/var/www/html/vendor/orchestra/testbench-core/src/Foundation/PackageManifest.php:157
/var/www/html/vendor/laravel/framework/src/Illuminate/Foundation/PackageManifest.php:132
/var/www/html/vendor/laravel/framework/src/Illuminate/Foundation/PackageManifest.php:108
/var/www/html/vendor/orchestra/testbench-core/src/Foundation/PackageManifest.php:102
/var/www/html/vendor/laravel/framework/src/Illuminate/Foundation/PackageManifest.php:91
/var/www/html/vendor/laravel/framework/src/Illuminate/Foundation/PackageManifest.php:80
/var/www/html/vendor/laravel/framework/src/Illuminate/Foundation/Bootstrap/RegisterFacades.php:26
/var/www/html/vendor/orchestra/testbench-core/src/Concerns/CreatesApplication.php:556
/var/www/html/vendor/orchestra/testbench-core/src/Concerns/CreatesApplication.php:311
/var/www/html/vendor/orchestra/testbench-core/src/TestCase.php:121
/var/www/html/vendor/orchestra/testbench-core/src/Concerns/ApplicationTestingHooks.php:74
/var/www/html/vendor/orchestra/testbench-core/src/Concerns/Testing.php:43
/var/www/html/vendor/laravel/framework/src/Illuminate/Collections/helpers.php:236
/var/www/html/vendor/orchestra/sidekick/src/functions.php:87
/var/www/html/vendor/laravel/framework/src/Illuminate/Collections/helpers.php:236
/var/www/html/vendor/orchestra/testbench-core/src/Concerns/Testing.php:57
/var/www/html/vendor/orchestra/testbench-core/src/TestCase.php:50
/var/www/html/tests/TestCase.php:61
/var/www/html/tests/Feature/Commands/RegisterCommandFeatureTest.php:58</error>
        </testcase>
        <testcase name="it_validates_client_type" file="/var/www/html/tests/Feature/Commands/RegisterCommandFeatureTest.php" line="142" class="JTD\LaravelMCP\Tests\Feature\Commands\RegisterCommandFeatureTest" classname="JTD.LaravelMCP.Tests.Feature.Commands.RegisterCommandFeatureTest" assertions="0" time="0.000000">
          <error type="Exception">JTD\LaravelMCP\Tests\Feature\Commands\RegisterCommandFeatureTest::it_validates_client_type
Exception: The /var/www/html/vendor/orchestra/testbench-core/laravel/bootstrap/cache directory must be present and writable.

/var/www/html/vendor/laravel/framework/src/Illuminate/Foundation/PackageManifest.php:179
/var/www/html/vendor/orchestra/testbench-core/src/Foundation/PackageManifest.php:157
/var/www/html/vendor/laravel/framework/src/Illuminate/Foundation/PackageManifest.php:132
/var/www/html/vendor/laravel/framework/src/Illuminate/Foundation/PackageManifest.php:108
/var/www/html/vendor/orchestra/testbench-core/src/Foundation/PackageManifest.php:102
/var/www/html/vendor/laravel/framework/src/Illuminate/Foundation/PackageManifest.php:91
/var/www/html/vendor/laravel/framework/src/Illuminate/Foundation/PackageManifest.php:80
/var/www/html/vendor/laravel/framework/src/Illuminate/Foundation/Bootstrap/RegisterFacades.php:26
/var/www/html/vendor/orchestra/testbench-core/src/Concerns/CreatesApplication.php:556
/var/www/html/vendor/orchestra/testbench-core/src/Concerns/CreatesApplication.php:311
/var/www/html/vendor/orchestra/testbench-core/src/TestCase.php:121
/var/www/html/vendor/orchestra/testbench-core/src/Concerns/ApplicationTestingHooks.php:74
/var/www/html/vendor/orchestra/testbench-core/src/Concerns/Testing.php:43
/var/www/html/vendor/laravel/framework/src/Illuminate/Collections/helpers.php:236
/var/www/html/vendor/orchestra/sidekick/src/functions.php:87
/var/www/html/vendor/laravel/framework/src/Illuminate/Collections/helpers.php:236
/var/www/html/vendor/orchestra/testbench-core/src/Concerns/Testing.php:57
/var/www/html/vendor/orchestra/testbench-core/src/TestCase.php:50
/var/www/html/tests/TestCase.php:61
/var/www/html/tests/Feature/Commands/RegisterCommandFeatureTest.php:58</error>
        </testcase>
        <testcase name="it_accepts_additional_arguments" file="/var/www/html/tests/Feature/Commands/RegisterCommandFeatureTest.php" line="152" class="JTD\LaravelMCP\Tests\Feature\Commands\RegisterCommandFeatureTest" classname="JTD.LaravelMCP.Tests.Feature.Commands.RegisterCommandFeatureTest" assertions="0" time="0.000000">
          <error type="Exception">JTD\LaravelMCP\Tests\Feature\Commands\RegisterCommandFeatureTest::it_accepts_additional_arguments
Exception: The /var/www/html/vendor/orchestra/testbench-core/laravel/bootstrap/cache directory must be present and writable.

/var/www/html/vendor/laravel/framework/src/Illuminate/Foundation/PackageManifest.php:179
/var/www/html/vendor/orchestra/testbench-core/src/Foundation/PackageManifest.php:157
/var/www/html/vendor/laravel/framework/src/Illuminate/Foundation/PackageManifest.php:132
/var/www/html/vendor/laravel/framework/src/Illuminate/Foundation/PackageManifest.php:108
/var/www/html/vendor/orchestra/testbench-core/src/Foundation/PackageManifest.php:102
/var/www/html/vendor/laravel/framework/src/Illuminate/Foundation/PackageManifest.php:91
/var/www/html/vendor/laravel/framework/src/Illuminate/Foundation/PackageManifest.php:80
/var/www/html/vendor/laravel/framework/src/Illuminate/Foundation/Bootstrap/RegisterFacades.php:26
/var/www/html/vendor/orchestra/testbench-core/src/Concerns/CreatesApplication.php:556
/var/www/html/vendor/orchestra/testbench-core/src/Concerns/CreatesApplication.php:311
/var/www/html/vendor/orchestra/testbench-core/src/TestCase.php:121
/var/www/html/vendor/orchestra/testbench-core/src/Concerns/ApplicationTestingHooks.php:74
/var/www/html/vendor/orchestra/testbench-core/src/Concerns/Testing.php:43
/var/www/html/vendor/laravel/framework/src/Illuminate/Collections/helpers.php:236
/var/www/html/vendor/orchestra/sidekick/src/functions.php:87
/var/www/html/vendor/laravel/framework/src/Illuminate/Collections/helpers.php:236
/var/www/html/vendor/orchestra/testbench-core/src/Concerns/Testing.php:57
/var/www/html/vendor/orchestra/testbench-core/src/TestCase.php:50
/var/www/html/tests/TestCase.php:61
/var/www/html/tests/Feature/Commands/RegisterCommandFeatureTest.php:58</error>
        </testcase>
        <testcase name="it_accepts_environment_variables" file="/var/www/html/tests/Feature/Commands/RegisterCommandFeatureTest.php" line="171" class="JTD\LaravelMCP\Tests\Feature\Commands\RegisterCommandFeatureTest" classname="JTD.LaravelMCP.Tests.Feature.Commands.RegisterCommandFeatureTest" assertions="0" time="0.000000">
          <error type="Exception">JTD\LaravelMCP\Tests\Feature\Commands\RegisterCommandFeatureTest::it_accepts_environment_variables
Exception: The /var/www/html/vendor/orchestra/testbench-core/laravel/bootstrap/cache directory must be present and writable.

/var/www/html/vendor/laravel/framework/src/Illuminate/Foundation/PackageManifest.php:179
/var/www/html/vendor/orchestra/testbench-core/src/Foundation/PackageManifest.php:157
/var/www/html/vendor/laravel/framework/src/Illuminate/Foundation/PackageManifest.php:132
/var/www/html/vendor/laravel/framework/src/Illuminate/Foundation/PackageManifest.php:108
/var/www/html/vendor/orchestra/testbench-core/src/Foundation/PackageManifest.php:102
/var/www/html/vendor/laravel/framework/src/Illuminate/Foundation/PackageManifest.php:91
/var/www/html/vendor/laravel/framework/src/Illuminate/Foundation/PackageManifest.php:80
/var/www/html/vendor/laravel/framework/src/Illuminate/Foundation/Bootstrap/RegisterFacades.php:26
/var/www/html/vendor/orchestra/testbench-core/src/Concerns/CreatesApplication.php:556
/var/www/html/vendor/orchestra/testbench-core/src/Concerns/CreatesApplication.php:311
/var/www/html/vendor/orchestra/testbench-core/src/TestCase.php:121
/var/www/html/vendor/orchestra/testbench-core/src/Concerns/ApplicationTestingHooks.php:74
/var/www/html/vendor/orchestra/testbench-core/src/Concerns/Testing.php:43
/var/www/html/vendor/laravel/framework/src/Illuminate/Collections/helpers.php:236
/var/www/html/vendor/orchestra/sidekick/src/functions.php:87
/var/www/html/vendor/laravel/framework/src/Illuminate/Collections/helpers.php:236
/var/www/html/vendor/orchestra/testbench-core/src/Concerns/Testing.php:57
/var/www/html/vendor/orchestra/testbench-core/src/TestCase.php:50
/var/www/html/tests/TestCase.php:61
/var/www/html/tests/Feature/Commands/RegisterCommandFeatureTest.php:58</error>
        </testcase>
        <testcase name="it_uses_custom_server_path" file="/var/www/html/tests/Feature/Commands/RegisterCommandFeatureTest.php" line="190" class="JTD\LaravelMCP\Tests\Feature\Commands\RegisterCommandFeatureTest" classname="JTD.LaravelMCP.Tests.Feature.Commands.RegisterCommandFeatureTest" assertions="0" time="0.000000">
          <error type="Exception">JTD\LaravelMCP\Tests\Feature\Commands\RegisterCommandFeatureTest::it_uses_custom_server_path
Exception: The /var/www/html/vendor/orchestra/testbench-core/laravel/bootstrap/cache directory must be present and writable.

/var/www/html/vendor/laravel/framework/src/Illuminate/Foundation/PackageManifest.php:179
/var/www/html/vendor/orchestra/testbench-core/src/Foundation/PackageManifest.php:157
/var/www/html/vendor/laravel/framework/src/Illuminate/Foundation/PackageManifest.php:132
/var/www/html/vendor/laravel/framework/src/Illuminate/Foundation/PackageManifest.php:108
/var/www/html/vendor/orchestra/testbench-core/src/Foundation/PackageManifest.php:102
/var/www/html/vendor/laravel/framework/src/Illuminate/Foundation/PackageManifest.php:91
/var/www/html/vendor/laravel/framework/src/Illuminate/Foundation/PackageManifest.php:80
/var/www/html/vendor/laravel/framework/src/Illuminate/Foundation/Bootstrap/RegisterFacades.php:26
/var/www/html/vendor/orchestra/testbench-core/src/Concerns/CreatesApplication.php:556
/var/www/html/vendor/orchestra/testbench-core/src/Concerns/CreatesApplication.php:311
/var/www/html/vendor/orchestra/testbench-core/src/TestCase.php:121
/var/www/html/vendor/orchestra/testbench-core/src/Concerns/ApplicationTestingHooks.php:74
/var/www/html/vendor/orchestra/testbench-core/src/Concerns/Testing.php:43
/var/www/html/vendor/laravel/framework/src/Illuminate/Collections/helpers.php:236
/var/www/html/vendor/orchestra/sidekick/src/functions.php:87
/var/www/html/vendor/laravel/framework/src/Illuminate/Collections/helpers.php:236
/var/www/html/vendor/orchestra/testbench-core/src/Concerns/Testing.php:57
/var/www/html/vendor/orchestra/testbench-core/src/TestCase.php:50
/var/www/html/tests/TestCase.php:61
/var/www/html/tests/Feature/Commands/RegisterCommandFeatureTest.php:58</error>
        </testcase>
        <testcase name="it_prevents_overwrite_without_force_flag" file="/var/www/html/tests/Feature/Commands/RegisterCommandFeatureTest.php" line="210" class="JTD\LaravelMCP\Tests\Feature\Commands\RegisterCommandFeatureTest" classname="JTD.LaravelMCP.Tests.Feature.Commands.RegisterCommandFeatureTest" assertions="0" time="0.000000">
          <error type="Exception">JTD\LaravelMCP\Tests\Feature\Commands\RegisterCommandFeatureTest::it_prevents_overwrite_without_force_flag
Exception: The /var/www/html/vendor/orchestra/testbench-core/laravel/bootstrap/cache directory must be present and writable.

/var/www/html/vendor/laravel/framework/src/Illuminate/Foundation/PackageManifest.php:179
/var/www/html/vendor/orchestra/testbench-core/src/Foundation/PackageManifest.php:157
/var/www/html/vendor/laravel/framework/src/Illuminate/Foundation/PackageManifest.php:132
/var/www/html/vendor/laravel/framework/src/Illuminate/Foundation/PackageManifest.php:108
/var/www/html/vendor/orchestra/testbench-core/src/Foundation/PackageManifest.php:102
/var/www/html/vendor/laravel/framework/src/Illuminate/Foundation/PackageManifest.php:91
/var/www/html/vendor/laravel/framework/src/Illuminate/Foundation/PackageManifest.php:80
/var/www/html/vendor/laravel/framework/src/Illuminate/Foundation/Bootstrap/RegisterFacades.php:26
/var/www/html/vendor/orchestra/testbench-core/src/Concerns/CreatesApplication.php:556
/var/www/html/vendor/orchestra/testbench-core/src/Concerns/CreatesApplication.php:311
/var/www/html/vendor/orchestra/testbench-core/src/TestCase.php:121
/var/www/html/vendor/orchestra/testbench-core/src/Concerns/ApplicationTestingHooks.php:74
/var/www/html/vendor/orchestra/testbench-core/src/Concerns/Testing.php:43
/var/www/html/vendor/laravel/framework/src/Illuminate/Collections/helpers.php:236
/var/www/html/vendor/orchestra/sidekick/src/functions.php:87
/var/www/html/vendor/laravel/framework/src/Illuminate/Collections/helpers.php:236
/var/www/html/vendor/orchestra/testbench-core/src/Concerns/Testing.php:57
/var/www/html/vendor/orchestra/testbench-core/src/TestCase.php:50
/var/www/html/tests/TestCase.php:61
/var/www/html/tests/Feature/Commands/RegisterCommandFeatureTest.php:58</error>
        </testcase>
        <testcase name="it_overwrites_with_force_flag" file="/var/www/html/tests/Feature/Commands/RegisterCommandFeatureTest.php" line="231" class="JTD\LaravelMCP\Tests\Feature\Commands\RegisterCommandFeatureTest" classname="JTD.LaravelMCP.Tests.Feature.Commands.RegisterCommandFeatureTest" assertions="0" time="0.000000">
          <error type="Exception">JTD\LaravelMCP\Tests\Feature\Commands\RegisterCommandFeatureTest::it_overwrites_with_force_flag
Exception: The /var/www/html/vendor/orchestra/testbench-core/laravel/bootstrap/cache directory must be present and writable.

/var/www/html/vendor/laravel/framework/src/Illuminate/Foundation/PackageManifest.php:179
/var/www/html/vendor/orchestra/testbench-core/src/Foundation/PackageManifest.php:157
/var/www/html/vendor/laravel/framework/src/Illuminate/Foundation/PackageManifest.php:132
/var/www/html/vendor/laravel/framework/src/Illuminate/Foundation/PackageManifest.php:108
/var/www/html/vendor/orchestra/testbench-core/src/Foundation/PackageManifest.php:102
/var/www/html/vendor/laravel/framework/src/Illuminate/Foundation/PackageManifest.php:91
/var/www/html/vendor/laravel/framework/src/Illuminate/Foundation/PackageManifest.php:80
/var/www/html/vendor/laravel/framework/src/Illuminate/Foundation/Bootstrap/RegisterFacades.php:26
/var/www/html/vendor/orchestra/testbench-core/src/Concerns/CreatesApplication.php:556
/var/www/html/vendor/orchestra/testbench-core/src/Concerns/CreatesApplication.php:311
/var/www/html/vendor/orchestra/testbench-core/src/TestCase.php:121
/var/www/html/vendor/orchestra/testbench-core/src/Concerns/ApplicationTestingHooks.php:74
/var/www/html/vendor/orchestra/testbench-core/src/Concerns/Testing.php:43
/var/www/html/vendor/laravel/framework/src/Illuminate/Collections/helpers.php:236
/var/www/html/vendor/orchestra/sidekick/src/functions.php:87
/var/www/html/vendor/laravel/framework/src/Illuminate/Collections/helpers.php:236
/var/www/html/vendor/orchestra/testbench-core/src/Concerns/Testing.php:57
/var/www/html/vendor/orchestra/testbench-core/src/TestCase.php:50
/var/www/html/tests/TestCase.php:61
/var/www/html/tests/Feature/Commands/RegisterCommandFeatureTest.php:58</error>
        </testcase>
        <testcase name="it_merges_with_existing_configuration" file="/var/www/html/tests/Feature/Commands/RegisterCommandFeatureTest.php" line="252" class="JTD\LaravelMCP\Tests\Feature\Commands\RegisterCommandFeatureTest" classname="JTD.LaravelMCP.Tests.Feature.Commands.RegisterCommandFeatureTest" assertions="0" time="0.000000">
          <error type="Exception">JTD\LaravelMCP\Tests\Feature\Commands\RegisterCommandFeatureTest::it_merges_with_existing_configuration
Exception: The /var/www/html/vendor/orchestra/testbench-core/laravel/bootstrap/cache directory must be present and writable.

/var/www/html/vendor/laravel/framework/src/Illuminate/Foundation/PackageManifest.php:179
/var/www/html/vendor/orchestra/testbench-core/src/Foundation/PackageManifest.php:157
/var/www/html/vendor/laravel/framework/src/Illuminate/Foundation/PackageManifest.php:132
/var/www/html/vendor/laravel/framework/src/Illuminate/Foundation/PackageManifest.php:108
/var/www/html/vendor/orchestra/testbench-core/src/Foundation/PackageManifest.php:102
/var/www/html/vendor/laravel/framework/src/Illuminate/Foundation/PackageManifest.php:91
/var/www/html/vendor/laravel/framework/src/Illuminate/Foundation/PackageManifest.php:80
/var/www/html/vendor/laravel/framework/src/Illuminate/Foundation/Bootstrap/RegisterFacades.php:26
/var/www/html/vendor/orchestra/testbench-core/src/Concerns/CreatesApplication.php:556
/var/www/html/vendor/orchestra/testbench-core/src/Concerns/CreatesApplication.php:311
/var/www/html/vendor/orchestra/testbench-core/src/TestCase.php:121
/var/www/html/vendor/orchestra/testbench-core/src/Concerns/ApplicationTestingHooks.php:74
/var/www/html/vendor/orchestra/testbench-core/src/Concerns/Testing.php:43
/var/www/html/vendor/laravel/framework/src/Illuminate/Collections/helpers.php:236
/var/www/html/vendor/orchestra/sidekick/src/functions.php:87
/var/www/html/vendor/laravel/framework/src/Illuminate/Collections/helpers.php:236
/var/www/html/vendor/orchestra/testbench-core/src/Concerns/Testing.php:57
/var/www/html/vendor/orchestra/testbench-core/src/TestCase.php:50
/var/www/html/tests/TestCase.php:61
/var/www/html/tests/Feature/Commands/RegisterCommandFeatureTest.php:58</error>
        </testcase>
        <testcase name="it_creates_directory_if_not_exists" file="/var/www/html/tests/Feature/Commands/RegisterCommandFeatureTest.php" line="281" class="JTD\LaravelMCP\Tests\Feature\Commands\RegisterCommandFeatureTest" classname="JTD.LaravelMCP.Tests.Feature.Commands.RegisterCommandFeatureTest" assertions="0" time="0.000000">
          <error type="Exception">JTD\LaravelMCP\Tests\Feature\Commands\RegisterCommandFeatureTest::it_creates_directory_if_not_exists
Exception: The /var/www/html/vendor/orchestra/testbench-core/laravel/bootstrap/cache directory must be present and writable.

/var/www/html/vendor/laravel/framework/src/Illuminate/Foundation/PackageManifest.php:179
/var/www/html/vendor/orchestra/testbench-core/src/Foundation/PackageManifest.php:157
/var/www/html/vendor/laravel/framework/src/Illuminate/Foundation/PackageManifest.php:132
/var/www/html/vendor/laravel/framework/src/Illuminate/Foundation/PackageManifest.php:108
/var/www/html/vendor/orchestra/testbench-core/src/Foundation/PackageManifest.php:102
/var/www/html/vendor/laravel/framework/src/Illuminate/Foundation/PackageManifest.php:91
/var/www/html/vendor/laravel/framework/src/Illuminate/Foundation/PackageManifest.php:80
/var/www/html/vendor/laravel/framework/src/Illuminate/Foundation/Bootstrap/RegisterFacades.php:26
/var/www/html/vendor/orchestra/testbench-core/src/Concerns/CreatesApplication.php:556
/var/www/html/vendor/orchestra/testbench-core/src/Concerns/CreatesApplication.php:311
/var/www/html/vendor/orchestra/testbench-core/src/TestCase.php:121
/var/www/html/vendor/orchestra/testbench-core/src/Concerns/ApplicationTestingHooks.php:74
/var/www/html/vendor/orchestra/testbench-core/src/Concerns/Testing.php:43
/var/www/html/vendor/laravel/framework/src/Illuminate/Collections/helpers.php:236
/var/www/html/vendor/orchestra/sidekick/src/functions.php:87
/var/www/html/vendor/laravel/framework/src/Illuminate/Collections/helpers.php:236
/var/www/html/vendor/orchestra/testbench-core/src/Concerns/Testing.php:57
/var/www/html/vendor/orchestra/testbench-core/src/TestCase.php:50
/var/www/html/tests/TestCase.php:61
/var/www/html/tests/Feature/Commands/RegisterCommandFeatureTest.php:58</error>
        </testcase>
        <testcase name="it_provides_helpful_next_steps" file="/var/www/html/tests/Feature/Commands/RegisterCommandFeatureTest.php" line="300" class="JTD\LaravelMCP\Tests\Feature\Commands\RegisterCommandFeatureTest" classname="JTD.LaravelMCP.Tests.Feature.Commands.RegisterCommandFeatureTest" assertions="0" time="0.000000">
          <error type="Exception">JTD\LaravelMCP\Tests\Feature\Commands\RegisterCommandFeatureTest::it_provides_helpful_next_steps
Exception: The /var/www/html/vendor/orchestra/testbench-core/laravel/bootstrap/cache directory must be present and writable.

/var/www/html/vendor/laravel/framework/src/Illuminate/Foundation/PackageManifest.php:179
/var/www/html/vendor/orchestra/testbench-core/src/Foundation/PackageManifest.php:157
/var/www/html/vendor/laravel/framework/src/Illuminate/Foundation/PackageManifest.php:132
/var/www/html/vendor/laravel/framework/src/Illuminate/Foundation/PackageManifest.php:108
/var/www/html/vendor/orchestra/testbench-core/src/Foundation/PackageManifest.php:102
/var/www/html/vendor/laravel/framework/src/Illuminate/Foundation/PackageManifest.php:91
/var/www/html/vendor/laravel/framework/src/Illuminate/Foundation/PackageManifest.php:80
/var/www/html/vendor/laravel/framework/src/Illuminate/Foundation/Bootstrap/RegisterFacades.php:26
/var/www/html/vendor/orchestra/testbench-core/src/Concerns/CreatesApplication.php:556
/var/www/html/vendor/orchestra/testbench-core/src/Concerns/CreatesApplication.php:311
/var/www/html/vendor/orchestra/testbench-core/src/TestCase.php:121
/var/www/html/vendor/orchestra/testbench-core/src/Concerns/ApplicationTestingHooks.php:74
/var/www/html/vendor/orchestra/testbench-core/src/Concerns/Testing.php:43
/var/www/html/vendor/laravel/framework/src/Illuminate/Collections/helpers.php:236
/var/www/html/vendor/orchestra/sidekick/src/functions.php:87
/var/www/html/vendor/laravel/framework/src/Illuminate/Collections/helpers.php:236
/var/www/html/vendor/orchestra/testbench-core/src/Concerns/Testing.php:57
/var/www/html/vendor/orchestra/testbench-core/src/TestCase.php:50
/var/www/html/tests/TestCase.php:61
/var/www/html/tests/Feature/Commands/RegisterCommandFeatureTest.php:58</error>
        </testcase>
        <testcase name="it_shows_different_next_steps_for_different_clients" file="/var/www/html/tests/Feature/Commands/RegisterCommandFeatureTest.php" line="315" class="JTD\LaravelMCP\Tests\Feature\Commands\RegisterCommandFeatureTest" classname="JTD.LaravelMCP.Tests.Feature.Commands.RegisterCommandFeatureTest" assertions="0" time="0.000000">
          <error type="Exception">JTD\LaravelMCP\Tests\Feature\Commands\RegisterCommandFeatureTest::it_shows_different_next_steps_for_different_clients
Exception: The /var/www/html/vendor/orchestra/testbench-core/laravel/bootstrap/cache directory must be present and writable.

/var/www/html/vendor/laravel/framework/src/Illuminate/Foundation/PackageManifest.php:179
/var/www/html/vendor/orchestra/testbench-core/src/Foundation/PackageManifest.php:157
/var/www/html/vendor/laravel/framework/src/Illuminate/Foundation/PackageManifest.php:132
/var/www/html/vendor/laravel/framework/src/Illuminate/Foundation/PackageManifest.php:108
/var/www/html/vendor/orchestra/testbench-core/src/Foundation/PackageManifest.php:102
/var/www/html/vendor/laravel/framework/src/Illuminate/Foundation/PackageManifest.php:91
/var/www/html/vendor/laravel/framework/src/Illuminate/Foundation/PackageManifest.php:80
/var/www/html/vendor/laravel/framework/src/Illuminate/Foundation/Bootstrap/RegisterFacades.php:26
/var/www/html/vendor/orchestra/testbench-core/src/Concerns/CreatesApplication.php:556
/var/www/html/vendor/orchestra/testbench-core/src/Concerns/CreatesApplication.php:311
/var/www/html/vendor/orchestra/testbench-core/src/TestCase.php:121
/var/www/html/vendor/orchestra/testbench-core/src/Concerns/ApplicationTestingHooks.php:74
/var/www/html/vendor/orchestra/testbench-core/src/Concerns/Testing.php:43
/var/www/html/vendor/laravel/framework/src/Illuminate/Collections/helpers.php:236
/var/www/html/vendor/orchestra/sidekick/src/functions.php:87
/var/www/html/vendor/laravel/framework/src/Illuminate/Collections/helpers.php:236
/var/www/html/vendor/orchestra/testbench-core/src/Concerns/Testing.php:57
/var/www/html/vendor/orchestra/testbench-core/src/TestCase.php:50
/var/www/html/tests/TestCase.php:61
/var/www/html/tests/Feature/Commands/RegisterCommandFeatureTest.php:58</error>
        </testcase>
        <testcase name="it_handles_configuration_generation_errors" file="/var/www/html/tests/Feature/Commands/RegisterCommandFeatureTest.php" line="335" class="JTD\LaravelMCP\Tests\Feature\Commands\RegisterCommandFeatureTest" classname="JTD.LaravelMCP.Tests.Feature.Commands.RegisterCommandFeatureTest" assertions="0" time="0.000000">
          <error type="Exception">JTD\LaravelMCP\Tests\Feature\Commands\RegisterCommandFeatureTest::it_handles_configuration_generation_errors
Exception: The /var/www/html/vendor/orchestra/testbench-core/laravel/bootstrap/cache directory must be present and writable.

/var/www/html/vendor/laravel/framework/src/Illuminate/Foundation/PackageManifest.php:179
/var/www/html/vendor/orchestra/testbench-core/src/Foundation/PackageManifest.php:157
/var/www/html/vendor/laravel/framework/src/Illuminate/Foundation/PackageManifest.php:132
/var/www/html/vendor/laravel/framework/src/Illuminate/Foundation/PackageManifest.php:108
/var/www/html/vendor/orchestra/testbench-core/src/Foundation/PackageManifest.php:102
/var/www/html/vendor/laravel/framework/src/Illuminate/Foundation/PackageManifest.php:91
/var/www/html/vendor/laravel/framework/src/Illuminate/Foundation/PackageManifest.php:80
/var/www/html/vendor/laravel/framework/src/Illuminate/Foundation/Bootstrap/RegisterFacades.php:26
/var/www/html/vendor/orchestra/testbench-core/src/Concerns/CreatesApplication.php:556
/var/www/html/vendor/orchestra/testbench-core/src/Concerns/CreatesApplication.php:311
/var/www/html/vendor/orchestra/testbench-core/src/TestCase.php:121
/var/www/html/vendor/orchestra/testbench-core/src/Concerns/ApplicationTestingHooks.php:74
/var/www/html/vendor/orchestra/testbench-core/src/Concerns/Testing.php:43
/var/www/html/vendor/laravel/framework/src/Illuminate/Collections/helpers.php:236
/var/www/html/vendor/orchestra/sidekick/src/functions.php:87
/var/www/html/vendor/laravel/framework/src/Illuminate/Collections/helpers.php:236
/var/www/html/vendor/orchestra/testbench-core/src/Concerns/Testing.php:57
/var/www/html/vendor/orchestra/testbench-core/src/TestCase.php:50
/var/www/html/tests/TestCase.php:61
/var/www/html/tests/Feature/Commands/RegisterCommandFeatureTest.php:58</error>
        </testcase>
        <testcase name="it_validates_configuration_before_saving" file="/var/www/html/tests/Feature/Commands/RegisterCommandFeatureTest.php" line="353" class="JTD\LaravelMCP\Tests\Feature\Commands\RegisterCommandFeatureTest" classname="JTD.LaravelMCP.Tests.Feature.Commands.RegisterCommandFeatureTest" assertions="0" time="0.000000">
          <error type="Exception">JTD\LaravelMCP\Tests\Feature\Commands\RegisterCommandFeatureTest::it_validates_configuration_before_saving
Exception: The /var/www/html/vendor/orchestra/testbench-core/laravel/bootstrap/cache directory must be present and writable.

/var/www/html/vendor/laravel/framework/src/Illuminate/Foundation/PackageManifest.php:179
/var/www/html/vendor/orchestra/testbench-core/src/Foundation/PackageManifest.php:157
/var/www/html/vendor/laravel/framework/src/Illuminate/Foundation/PackageManifest.php:132
/var/www/html/vendor/laravel/framework/src/Illuminate/Foundation/PackageManifest.php:108
/var/www/html/vendor/orchestra/testbench-core/src/Foundation/PackageManifest.php:102
/var/www/html/vendor/laravel/framework/src/Illuminate/Foundation/PackageManifest.php:91
/var/www/html/vendor/laravel/framework/src/Illuminate/Foundation/PackageManifest.php:80
/var/www/html/vendor/laravel/framework/src/Illuminate/Foundation/Bootstrap/RegisterFacades.php:26
/var/www/html/vendor/orchestra/testbench-core/src/Concerns/CreatesApplication.php:556
/var/www/html/vendor/orchestra/testbench-core/src/Concerns/CreatesApplication.php:311
/var/www/html/vendor/orchestra/testbench-core/src/TestCase.php:121
/var/www/html/vendor/orchestra/testbench-core/src/Concerns/ApplicationTestingHooks.php:74
/var/www/html/vendor/orchestra/testbench-core/src/Concerns/Testing.php:43
/var/www/html/vendor/laravel/framework/src/Illuminate/Collections/helpers.php:236
/var/www/html/vendor/orchestra/sidekick/src/functions.php:87
/var/www/html/vendor/laravel/framework/src/Illuminate/Collections/helpers.php:236
/var/www/html/vendor/orchestra/testbench-core/src/Concerns/Testing.php:57
/var/www/html/vendor/orchestra/testbench-core/src/TestCase.php:50
/var/www/html/tests/TestCase.php:61
/var/www/html/tests/Feature/Commands/RegisterCommandFeatureTest.php:58</error>
        </testcase>
        <testcase name="it_handles_file_save_errors" file="/var/www/html/tests/Feature/Commands/RegisterCommandFeatureTest.php" line="374" class="JTD\LaravelMCP\Tests\Feature\Commands\RegisterCommandFeatureTest" classname="JTD.LaravelMCP.Tests.Feature.Commands.RegisterCommandFeatureTest" assertions="0" time="0.000000">
          <error type="Exception">JTD\LaravelMCP\Tests\Feature\Commands\RegisterCommandFeatureTest::it_handles_file_save_errors
Exception: The /var/www/html/vendor/orchestra/testbench-core/laravel/bootstrap/cache directory must be present and writable.

/var/www/html/vendor/laravel/framework/src/Illuminate/Foundation/PackageManifest.php:179
/var/www/html/vendor/orchestra/testbench-core/src/Foundation/PackageManifest.php:157
/var/www/html/vendor/laravel/framework/src/Illuminate/Foundation/PackageManifest.php:132
/var/www/html/vendor/laravel/framework/src/Illuminate/Foundation/PackageManifest.php:108
/var/www/html/vendor/orchestra/testbench-core/src/Foundation/PackageManifest.php:102
/var/www/html/vendor/laravel/framework/src/Illuminate/Foundation/PackageManifest.php:91
/var/www/html/vendor/laravel/framework/src/Illuminate/Foundation/PackageManifest.php:80
/var/www/html/vendor/laravel/framework/src/Illuminate/Foundation/Bootstrap/RegisterFacades.php:26
/var/www/html/vendor/orchestra/testbench-core/src/Concerns/CreatesApplication.php:556
/var/www/html/vendor/orchestra/testbench-core/src/Concerns/CreatesApplication.php:311
/var/www/html/vendor/orchestra/testbench-core/src/TestCase.php:121
/var/www/html/vendor/orchestra/testbench-core/src/Concerns/ApplicationTestingHooks.php:74
/var/www/html/vendor/orchestra/testbench-core/src/Concerns/Testing.php:43
/var/www/html/vendor/laravel/framework/src/Illuminate/Collections/helpers.php:236
/var/www/html/vendor/orchestra/sidekick/src/functions.php:87
/var/www/html/vendor/laravel/framework/src/Illuminate/Collections/helpers.php:236
/var/www/html/vendor/orchestra/testbench-core/src/Concerns/Testing.php:57
/var/www/html/vendor/orchestra/testbench-core/src/TestCase.php:50
/var/www/html/tests/TestCase.php:61
/var/www/html/tests/Feature/Commands/RegisterCommandFeatureTest.php:58</error>
        </testcase>
        <testcase name="it_falls_back_to_current_directory_when_default_path_unavailable" file="/var/www/html/tests/Feature/Commands/RegisterCommandFeatureTest.php" line="389" class="JTD\LaravelMCP\Tests\Feature\Commands\RegisterCommandFeatureTest" classname="JTD.LaravelMCP.Tests.Feature.Commands.RegisterCommandFeatureTest" assertions="0" time="0.000000">
          <error type="Exception">JTD\LaravelMCP\Tests\Feature\Commands\RegisterCommandFeatureTest::it_falls_back_to_current_directory_when_default_path_unavailable
Exception: The /var/www/html/vendor/orchestra/testbench-core/laravel/bootstrap/cache directory must be present and writable.

/var/www/html/vendor/laravel/framework/src/Illuminate/Foundation/PackageManifest.php:179
/var/www/html/vendor/orchestra/testbench-core/src/Foundation/PackageManifest.php:157
/var/www/html/vendor/laravel/framework/src/Illuminate/Foundation/PackageManifest.php:132
/var/www/html/vendor/laravel/framework/src/Illuminate/Foundation/PackageManifest.php:108
/var/www/html/vendor/orchestra/testbench-core/src/Foundation/PackageManifest.php:102
/var/www/html/vendor/laravel/framework/src/Illuminate/Foundation/PackageManifest.php:91
/var/www/html/vendor/laravel/framework/src/Illuminate/Foundation/PackageManifest.php:80
/var/www/html/vendor/laravel/framework/src/Illuminate/Foundation/Bootstrap/RegisterFacades.php:26
/var/www/html/vendor/orchestra/testbench-core/src/Concerns/CreatesApplication.php:556
/var/www/html/vendor/orchestra/testbench-core/src/Concerns/CreatesApplication.php:311
/var/www/html/vendor/orchestra/testbench-core/src/TestCase.php:121
/var/www/html/vendor/orchestra/testbench-core/src/Concerns/ApplicationTestingHooks.php:74
/var/www/html/vendor/orchestra/testbench-core/src/Concerns/Testing.php:43
/var/www/html/vendor/laravel/framework/src/Illuminate/Collections/helpers.php:236
/var/www/html/vendor/orchestra/sidekick/src/functions.php:87
/var/www/html/vendor/laravel/framework/src/Illuminate/Collections/helpers.php:236
/var/www/html/vendor/orchestra/testbench-core/src/Concerns/Testing.php:57
/var/www/html/vendor/orchestra/testbench-core/src/TestCase.php:50
/var/www/html/tests/TestCase.php:61
/var/www/html/tests/Feature/Commands/RegisterCommandFeatureTest.php:58</error>
        </testcase>
        <testcase name="it_shows_debug_information_in_verbose_mode" file="/var/www/html/tests/Feature/Commands/RegisterCommandFeatureTest.php" line="416" class="JTD\LaravelMCP\Tests\Feature\Commands\RegisterCommandFeatureTest" classname="JTD.LaravelMCP.Tests.Feature.Commands.RegisterCommandFeatureTest" assertions="0" time="0.000000">
          <error type="Exception">JTD\LaravelMCP\Tests\Feature\Commands\RegisterCommandFeatureTest::it_shows_debug_information_in_verbose_mode
Exception: The /var/www/html/vendor/orchestra/testbench-core/laravel/bootstrap/cache directory must be present and writable.

/var/www/html/vendor/laravel/framework/src/Illuminate/Foundation/PackageManifest.php:179
/var/www/html/vendor/orchestra/testbench-core/src/Foundation/PackageManifest.php:157
/var/www/html/vendor/laravel/framework/src/Illuminate/Foundation/PackageManifest.php:132
/var/www/html/vendor/laravel/framework/src/Illuminate/Foundation/PackageManifest.php:108
/var/www/html/vendor/orchestra/testbench-core/src/Foundation/PackageManifest.php:102
/var/www/html/vendor/laravel/framework/src/Illuminate/Foundation/PackageManifest.php:91
/var/www/html/vendor/laravel/framework/src/Illuminate/Foundation/PackageManifest.php:80
/var/www/html/vendor/laravel/framework/src/Illuminate/Foundation/Bootstrap/RegisterFacades.php:26
/var/www/html/vendor/orchestra/testbench-core/src/Concerns/CreatesApplication.php:556
/var/www/html/vendor/orchestra/testbench-core/src/Concerns/CreatesApplication.php:311
/var/www/html/vendor/orchestra/testbench-core/src/TestCase.php:121
/var/www/html/vendor/orchestra/testbench-core/src/Concerns/ApplicationTestingHooks.php:74
/var/www/html/vendor/orchestra/testbench-core/src/Concerns/Testing.php:43
/var/www/html/vendor/laravel/framework/src/Illuminate/Collections/helpers.php:236
/var/www/html/vendor/orchestra/sidekick/src/functions.php:87
/var/www/html/vendor/laravel/framework/src/Illuminate/Collections/helpers.php:236
/var/www/html/vendor/orchestra/testbench-core/src/Concerns/Testing.php:57
/var/www/html/vendor/orchestra/testbench-core/src/TestCase.php:50
/var/www/html/tests/TestCase.php:61
/var/www/html/tests/Feature/Commands/RegisterCommandFeatureTest.php:58</error>
        </testcase>
      </testsuite>
      <testsuite name="JTD\LaravelMCP\Tests\Feature\Commands\RegisterCommandTest" file="/var/www/html/tests/Feature/Commands/RegisterCommandTest.php" tests="17" assertions="0" errors="17" failures="0" skipped="0" time="0.000000">
        <testcase name="it_registers_claude_desktop_configuration" file="/var/www/html/tests/Feature/Commands/RegisterCommandTest.php" line="64" class="JTD\LaravelMCP\Tests\Feature\Commands\RegisterCommandTest" classname="JTD.LaravelMCP.Tests.Feature.Commands.RegisterCommandTest" assertions="0" time="0.000000">
          <error type="Exception">JTD\LaravelMCP\Tests\Feature\Commands\RegisterCommandTest::it_registers_claude_desktop_configuration
Exception: The /var/www/html/vendor/orchestra/testbench-core/laravel/bootstrap/cache directory must be present and writable.

/var/www/html/vendor/laravel/framework/src/Illuminate/Foundation/PackageManifest.php:179
/var/www/html/vendor/orchestra/testbench-core/src/Foundation/PackageManifest.php:157
/var/www/html/vendor/laravel/framework/src/Illuminate/Foundation/PackageManifest.php:132
/var/www/html/vendor/laravel/framework/src/Illuminate/Foundation/PackageManifest.php:108
/var/www/html/vendor/orchestra/testbench-core/src/Foundation/PackageManifest.php:102
/var/www/html/vendor/laravel/framework/src/Illuminate/Foundation/PackageManifest.php:91
/var/www/html/vendor/laravel/framework/src/Illuminate/Foundation/PackageManifest.php:80
/var/www/html/vendor/laravel/framework/src/Illuminate/Foundation/Bootstrap/RegisterFacades.php:26
/var/www/html/vendor/orchestra/testbench-core/src/Concerns/CreatesApplication.php:556
/var/www/html/vendor/orchestra/testbench-core/src/Concerns/CreatesApplication.php:311
/var/www/html/vendor/orchestra/testbench-core/src/TestCase.php:121
/var/www/html/vendor/orchestra/testbench-core/src/Concerns/ApplicationTestingHooks.php:74
/var/www/html/vendor/orchestra/testbench-core/src/Concerns/Testing.php:43
/var/www/html/vendor/laravel/framework/src/Illuminate/Collections/helpers.php:236
/var/www/html/vendor/orchestra/sidekick/src/functions.php:87
/var/www/html/vendor/laravel/framework/src/Illuminate/Collections/helpers.php:236
/var/www/html/vendor/orchestra/testbench-core/src/Concerns/Testing.php:57
/var/www/html/vendor/orchestra/testbench-core/src/TestCase.php:50
/var/www/html/tests/TestCase.php:61
/var/www/html/tests/Feature/Commands/RegisterCommandTest.php:31</error>
        </testcase>
        <testcase name="it_registers_claude_code_configuration" file="/var/www/html/tests/Feature/Commands/RegisterCommandTest.php" line="84" class="JTD\LaravelMCP\Tests\Feature\Commands\RegisterCommandTest" classname="JTD.LaravelMCP.Tests.Feature.Commands.RegisterCommandTest" assertions="0" time="0.000000">
          <error type="Exception">JTD\LaravelMCP\Tests\Feature\Commands\RegisterCommandTest::it_registers_claude_code_configuration
Exception: The /var/www/html/vendor/orchestra/testbench-core/laravel/bootstrap/cache directory must be present and writable.

/var/www/html/vendor/laravel/framework/src/Illuminate/Foundation/PackageManifest.php:179
/var/www/html/vendor/orchestra/testbench-core/src/Foundation/PackageManifest.php:157
/var/www/html/vendor/laravel/framework/src/Illuminate/Foundation/PackageManifest.php:132
/var/www/html/vendor/laravel/framework/src/Illuminate/Foundation/PackageManifest.php:108
/var/www/html/vendor/orchestra/testbench-core/src/Foundation/PackageManifest.php:102
/var/www/html/vendor/laravel/framework/src/Illuminate/Foundation/PackageManifest.php:91
/var/www/html/vendor/laravel/framework/src/Illuminate/Foundation/PackageManifest.php:80
/var/www/html/vendor/laravel/framework/src/Illuminate/Foundation/Bootstrap/RegisterFacades.php:26
/var/www/html/vendor/orchestra/testbench-core/src/Concerns/CreatesApplication.php:556
/var/www/html/vendor/orchestra/testbench-core/src/Concerns/CreatesApplication.php:311
/var/www/html/vendor/orchestra/testbench-core/src/TestCase.php:121
/var/www/html/vendor/orchestra/testbench-core/src/Concerns/ApplicationTestingHooks.php:74
/var/www/html/vendor/orchestra/testbench-core/src/Concerns/Testing.php:43
/var/www/html/vendor/laravel/framework/src/Illuminate/Collections/helpers.php:236
/var/www/html/vendor/orchestra/sidekick/src/functions.php:87
/var/www/html/vendor/laravel/framework/src/Illuminate/Collections/helpers.php:236
/var/www/html/vendor/orchestra/testbench-core/src/Concerns/Testing.php:57
/var/www/html/vendor/orchestra/testbench-core/src/TestCase.php:50
/var/www/html/tests/TestCase.php:61
/var/www/html/tests/Feature/Commands/RegisterCommandTest.php:31</error>
        </testcase>
        <testcase name="it_registers_chatgpt_desktop_configuration" file="/var/www/html/tests/Feature/Commands/RegisterCommandTest.php" line="105" class="JTD\LaravelMCP\Tests\Feature\Commands\RegisterCommandTest" classname="JTD.LaravelMCP.Tests.Feature.Commands.RegisterCommandTest" assertions="0" time="0.000000">
          <error type="Exception">JTD\LaravelMCP\Tests\Feature\Commands\RegisterCommandTest::it_registers_chatgpt_desktop_configuration
Exception: The /var/www/html/vendor/orchestra/testbench-core/laravel/bootstrap/cache directory must be present and writable.

/var/www/html/vendor/laravel/framework/src/Illuminate/Foundation/PackageManifest.php:179
/var/www/html/vendor/orchestra/testbench-core/src/Foundation/PackageManifest.php:157
/var/www/html/vendor/laravel/framework/src/Illuminate/Foundation/PackageManifest.php:132
/var/www/html/vendor/laravel/framework/src/Illuminate/Foundation/PackageManifest.php:108
/var/www/html/vendor/orchestra/testbench-core/src/Foundation/PackageManifest.php:102
/var/www/html/vendor/laravel/framework/src/Illuminate/Foundation/PackageManifest.php:91
/var/www/html/vendor/laravel/framework/src/Illuminate/Foundation/PackageManifest.php:80
/var/www/html/vendor/laravel/framework/src/Illuminate/Foundation/Bootstrap/RegisterFacades.php:26
/var/www/html/vendor/orchestra/testbench-core/src/Concerns/CreatesApplication.php:556
/var/www/html/vendor/orchestra/testbench-core/src/Concerns/CreatesApplication.php:311
/var/www/html/vendor/orchestra/testbench-core/src/TestCase.php:121
/var/www/html/vendor/orchestra/testbench-core/src/Concerns/ApplicationTestingHooks.php:74
/var/www/html/vendor/orchestra/testbench-core/src/Concerns/Testing.php:43
/var/www/html/vendor/laravel/framework/src/Illuminate/Collections/helpers.php:236
/var/www/html/vendor/orchestra/sidekick/src/functions.php:87
/var/www/html/vendor/laravel/framework/src/Illuminate/Collections/helpers.php:236
/var/www/html/vendor/orchestra/testbench-core/src/Concerns/Testing.php:57
/var/www/html/vendor/orchestra/testbench-core/src/TestCase.php:50
/var/www/html/tests/TestCase.php:61
/var/www/html/tests/Feature/Commands/RegisterCommandTest.php:31</error>
        </testcase>
        <testcase name="it_validates_invalid_client_type" file="/var/www/html/tests/Feature/Commands/RegisterCommandTest.php" line="126" class="JTD\LaravelMCP\Tests\Feature\Commands\RegisterCommandTest" classname="JTD.LaravelMCP.Tests.Feature.Commands.RegisterCommandTest" assertions="0" time="0.000000">
          <error type="Exception">JTD\LaravelMCP\Tests\Feature\Commands\RegisterCommandTest::it_validates_invalid_client_type
Exception: The /var/www/html/vendor/orchestra/testbench-core/laravel/bootstrap/cache directory must be present and writable.

/var/www/html/vendor/laravel/framework/src/Illuminate/Foundation/PackageManifest.php:179
/var/www/html/vendor/orchestra/testbench-core/src/Foundation/PackageManifest.php:157
/var/www/html/vendor/laravel/framework/src/Illuminate/Foundation/PackageManifest.php:132
/var/www/html/vendor/laravel/framework/src/Illuminate/Foundation/PackageManifest.php:108
/var/www/html/vendor/orchestra/testbench-core/src/Foundation/PackageManifest.php:102
/var/www/html/vendor/laravel/framework/src/Illuminate/Foundation/PackageManifest.php:91
/var/www/html/vendor/laravel/framework/src/Illuminate/Foundation/PackageManifest.php:80
/var/www/html/vendor/laravel/framework/src/Illuminate/Foundation/Bootstrap/RegisterFacades.php:26
/var/www/html/vendor/orchestra/testbench-core/src/Concerns/CreatesApplication.php:556
/var/www/html/vendor/orchestra/testbench-core/src/Concerns/CreatesApplication.php:311
/var/www/html/vendor/orchestra/testbench-core/src/TestCase.php:121
/var/www/html/vendor/orchestra/testbench-core/src/Concerns/ApplicationTestingHooks.php:74
/var/www/html/vendor/orchestra/testbench-core/src/Concerns/Testing.php:43
/var/www/html/vendor/laravel/framework/src/Illuminate/Collections/helpers.php:236
/var/www/html/vendor/orchestra/sidekick/src/functions.php:87
/var/www/html/vendor/laravel/framework/src/Illuminate/Collections/helpers.php:236
/var/www/html/vendor/orchestra/testbench-core/src/Concerns/Testing.php:57
/var/www/html/vendor/orchestra/testbench-core/src/TestCase.php:50
/var/www/html/tests/TestCase.php:61
/var/www/html/tests/Feature/Commands/RegisterCommandTest.php:31</error>
        </testcase>
        <testcase name="it_prompts_for_server_name_when_not_provided" file="/var/www/html/tests/Feature/Commands/RegisterCommandTest.php" line="136" class="JTD\LaravelMCP\Tests\Feature\Commands\RegisterCommandTest" classname="JTD.LaravelMCP.Tests.Feature.Commands.RegisterCommandTest" assertions="0" time="0.000000">
          <error type="Exception">JTD\LaravelMCP\Tests\Feature\Commands\RegisterCommandTest::it_prompts_for_server_name_when_not_provided
Exception: The /var/www/html/vendor/orchestra/testbench-core/laravel/bootstrap/cache directory must be present and writable.

/var/www/html/vendor/laravel/framework/src/Illuminate/Foundation/PackageManifest.php:179
/var/www/html/vendor/orchestra/testbench-core/src/Foundation/PackageManifest.php:157
/var/www/html/vendor/laravel/framework/src/Illuminate/Foundation/PackageManifest.php:132
/var/www/html/vendor/laravel/framework/src/Illuminate/Foundation/PackageManifest.php:108
/var/www/html/vendor/orchestra/testbench-core/src/Foundation/PackageManifest.php:102
/var/www/html/vendor/laravel/framework/src/Illuminate/Foundation/PackageManifest.php:91
/var/www/html/vendor/laravel/framework/src/Illuminate/Foundation/PackageManifest.php:80
/var/www/html/vendor/laravel/framework/src/Illuminate/Foundation/Bootstrap/RegisterFacades.php:26
/var/www/html/vendor/orchestra/testbench-core/src/Concerns/CreatesApplication.php:556
/var/www/html/vendor/orchestra/testbench-core/src/Concerns/CreatesApplication.php:311
/var/www/html/vendor/orchestra/testbench-core/src/TestCase.php:121
/var/www/html/vendor/orchestra/testbench-core/src/Concerns/ApplicationTestingHooks.php:74
/var/www/html/vendor/orchestra/testbench-core/src/Concerns/Testing.php:43
/var/www/html/vendor/laravel/framework/src/Illuminate/Collections/helpers.php:236
/var/www/html/vendor/orchestra/sidekick/src/functions.php:87
/var/www/html/vendor/laravel/framework/src/Illuminate/Collections/helpers.php:236
/var/www/html/vendor/orchestra/testbench-core/src/Concerns/Testing.php:57
/var/www/html/vendor/orchestra/testbench-core/src/TestCase.php:50
/var/www/html/tests/TestCase.php:61
/var/www/html/tests/Feature/Commands/RegisterCommandTest.php:31</error>
        </testcase>
        <testcase name="it_handles_environment_variables" file="/var/www/html/tests/Feature/Commands/RegisterCommandTest.php" line="153" class="JTD\LaravelMCP\Tests\Feature\Commands\RegisterCommandTest" classname="JTD.LaravelMCP.Tests.Feature.Commands.RegisterCommandTest" assertions="0" time="0.000000">
          <error type="Exception">JTD\LaravelMCP\Tests\Feature\Commands\RegisterCommandTest::it_handles_environment_variables
Exception: The /var/www/html/vendor/orchestra/testbench-core/laravel/bootstrap/cache directory must be present and writable.

/var/www/html/vendor/laravel/framework/src/Illuminate/Foundation/PackageManifest.php:179
/var/www/html/vendor/orchestra/testbench-core/src/Foundation/PackageManifest.php:157
/var/www/html/vendor/laravel/framework/src/Illuminate/Foundation/PackageManifest.php:132
/var/www/html/vendor/laravel/framework/src/Illuminate/Foundation/PackageManifest.php:108
/var/www/html/vendor/orchestra/testbench-core/src/Foundation/PackageManifest.php:102
/var/www/html/vendor/laravel/framework/src/Illuminate/Foundation/PackageManifest.php:91
/var/www/html/vendor/laravel/framework/src/Illuminate/Foundation/PackageManifest.php:80
/var/www/html/vendor/laravel/framework/src/Illuminate/Foundation/Bootstrap/RegisterFacades.php:26
/var/www/html/vendor/orchestra/testbench-core/src/Concerns/CreatesApplication.php:556
/var/www/html/vendor/orchestra/testbench-core/src/Concerns/CreatesApplication.php:311
/var/www/html/vendor/orchestra/testbench-core/src/TestCase.php:121
/var/www/html/vendor/orchestra/testbench-core/src/Concerns/ApplicationTestingHooks.php:74
/var/www/html/vendor/orchestra/testbench-core/src/Concerns/Testing.php:43
/var/www/html/vendor/laravel/framework/src/Illuminate/Collections/helpers.php:236
/var/www/html/vendor/orchestra/sidekick/src/functions.php:87
/var/www/html/vendor/laravel/framework/src/Illuminate/Collections/helpers.php:236
/var/www/html/vendor/orchestra/testbench-core/src/Concerns/Testing.php:57
/var/www/html/vendor/orchestra/testbench-core/src/TestCase.php:50
/var/www/html/tests/TestCase.php:61
/var/www/html/tests/Feature/Commands/RegisterCommandTest.php:31</error>
        </testcase>
        <testcase name="it_handles_additional_arguments" file="/var/www/html/tests/Feature/Commands/RegisterCommandTest.php" line="176" class="JTD\LaravelMCP\Tests\Feature\Commands\RegisterCommandTest" classname="JTD.LaravelMCP.Tests.Feature.Commands.RegisterCommandTest" assertions="0" time="0.000000">
          <error type="Exception">JTD\LaravelMCP\Tests\Feature\Commands\RegisterCommandTest::it_handles_additional_arguments
Exception: The /var/www/html/vendor/orchestra/testbench-core/laravel/bootstrap/cache directory must be present and writable.

/var/www/html/vendor/laravel/framework/src/Illuminate/Foundation/PackageManifest.php:179
/var/www/html/vendor/orchestra/testbench-core/src/Foundation/PackageManifest.php:157
/var/www/html/vendor/laravel/framework/src/Illuminate/Foundation/PackageManifest.php:132
/var/www/html/vendor/laravel/framework/src/Illuminate/Foundation/PackageManifest.php:108
/var/www/html/vendor/orchestra/testbench-core/src/Foundation/PackageManifest.php:102
/var/www/html/vendor/laravel/framework/src/Illuminate/Foundation/PackageManifest.php:91
/var/www/html/vendor/laravel/framework/src/Illuminate/Foundation/PackageManifest.php:80
/var/www/html/vendor/laravel/framework/src/Illuminate/Foundation/Bootstrap/RegisterFacades.php:26
/var/www/html/vendor/orchestra/testbench-core/src/Concerns/CreatesApplication.php:556
/var/www/html/vendor/orchestra/testbench-core/src/Concerns/CreatesApplication.php:311
/var/www/html/vendor/orchestra/testbench-core/src/TestCase.php:121
/var/www/html/vendor/orchestra/testbench-core/src/Concerns/ApplicationTestingHooks.php:74
/var/www/html/vendor/orchestra/testbench-core/src/Concerns/Testing.php:43
/var/www/html/vendor/laravel/framework/src/Illuminate/Collections/helpers.php:236
/var/www/html/vendor/orchestra/sidekick/src/functions.php:87
/var/www/html/vendor/laravel/framework/src/Illuminate/Collections/helpers.php:236
/var/www/html/vendor/orchestra/testbench-core/src/Concerns/Testing.php:57
/var/www/html/vendor/orchestra/testbench-core/src/TestCase.php:50
/var/www/html/tests/TestCase.php:61
/var/www/html/tests/Feature/Commands/RegisterCommandTest.php:31</error>
        </testcase>
        <testcase name="it_prevents_overwrite_without_force_flag" file="/var/www/html/tests/Feature/Commands/RegisterCommandTest.php" line="196" class="JTD\LaravelMCP\Tests\Feature\Commands\RegisterCommandTest" classname="JTD.LaravelMCP.Tests.Feature.Commands.RegisterCommandTest" assertions="0" time="0.000000">
          <error type="Exception">JTD\LaravelMCP\Tests\Feature\Commands\RegisterCommandTest::it_prevents_overwrite_without_force_flag
Exception: The /var/www/html/vendor/orchestra/testbench-core/laravel/bootstrap/cache directory must be present and writable.

/var/www/html/vendor/laravel/framework/src/Illuminate/Foundation/PackageManifest.php:179
/var/www/html/vendor/orchestra/testbench-core/src/Foundation/PackageManifest.php:157
/var/www/html/vendor/laravel/framework/src/Illuminate/Foundation/PackageManifest.php:132
/var/www/html/vendor/laravel/framework/src/Illuminate/Foundation/PackageManifest.php:108
/var/www/html/vendor/orchestra/testbench-core/src/Foundation/PackageManifest.php:102
/var/www/html/vendor/laravel/framework/src/Illuminate/Foundation/PackageManifest.php:91
/var/www/html/vendor/laravel/framework/src/Illuminate/Foundation/PackageManifest.php:80
/var/www/html/vendor/laravel/framework/src/Illuminate/Foundation/Bootstrap/RegisterFacades.php:26
/var/www/html/vendor/orchestra/testbench-core/src/Concerns/CreatesApplication.php:556
/var/www/html/vendor/orchestra/testbench-core/src/Concerns/CreatesApplication.php:311
/var/www/html/vendor/orchestra/testbench-core/src/TestCase.php:121
/var/www/html/vendor/orchestra/testbench-core/src/Concerns/ApplicationTestingHooks.php:74
/var/www/html/vendor/orchestra/testbench-core/src/Concerns/Testing.php:43
/var/www/html/vendor/laravel/framework/src/Illuminate/Collections/helpers.php:236
/var/www/html/vendor/orchestra/sidekick/src/functions.php:87
/var/www/html/vendor/laravel/framework/src/Illuminate/Collections/helpers.php:236
/var/www/html/vendor/orchestra/testbench-core/src/Concerns/Testing.php:57
/var/www/html/vendor/orchestra/testbench-core/src/TestCase.php:50
/var/www/html/tests/TestCase.php:61
/var/www/html/tests/Feature/Commands/RegisterCommandTest.php:31</error>
        </testcase>
        <testcase name="it_merges_with_existing_configuration" file="/var/www/html/tests/Feature/Commands/RegisterCommandTest.php" line="216" class="JTD\LaravelMCP\Tests\Feature\Commands\RegisterCommandTest" classname="JTD.LaravelMCP.Tests.Feature.Commands.RegisterCommandTest" assertions="0" time="0.000000">
          <error type="Exception">JTD\LaravelMCP\Tests\Feature\Commands\RegisterCommandTest::it_merges_with_existing_configuration
Exception: The /var/www/html/vendor/orchestra/testbench-core/laravel/bootstrap/cache directory must be present and writable.

/var/www/html/vendor/laravel/framework/src/Illuminate/Foundation/PackageManifest.php:179
/var/www/html/vendor/orchestra/testbench-core/src/Foundation/PackageManifest.php:157
/var/www/html/vendor/laravel/framework/src/Illuminate/Foundation/PackageManifest.php:132
/var/www/html/vendor/laravel/framework/src/Illuminate/Foundation/PackageManifest.php:108
/var/www/html/vendor/orchestra/testbench-core/src/Foundation/PackageManifest.php:102
/var/www/html/vendor/laravel/framework/src/Illuminate/Foundation/PackageManifest.php:91
/var/www/html/vendor/laravel/framework/src/Illuminate/Foundation/PackageManifest.php:80
/var/www/html/vendor/laravel/framework/src/Illuminate/Foundation/Bootstrap/RegisterFacades.php:26
/var/www/html/vendor/orchestra/testbench-core/src/Concerns/CreatesApplication.php:556
/var/www/html/vendor/orchestra/testbench-core/src/Concerns/CreatesApplication.php:311
/var/www/html/vendor/orchestra/testbench-core/src/TestCase.php:121
/var/www/html/vendor/orchestra/testbench-core/src/Concerns/ApplicationTestingHooks.php:74
/var/www/html/vendor/orchestra/testbench-core/src/Concerns/Testing.php:43
/var/www/html/vendor/laravel/framework/src/Illuminate/Collections/helpers.php:236
/var/www/html/vendor/orchestra/sidekick/src/functions.php:87
/var/www/html/vendor/laravel/framework/src/Illuminate/Collections/helpers.php:236
/var/www/html/vendor/orchestra/testbench-core/src/Concerns/Testing.php:57
/var/www/html/vendor/orchestra/testbench-core/src/TestCase.php:50
/var/www/html/tests/TestCase.php:61
/var/www/html/tests/Feature/Commands/RegisterCommandTest.php:31</error>
        </testcase>
        <testcase name="it_uses_custom_output_path" file="/var/www/html/tests/Feature/Commands/RegisterCommandTest.php" line="244" class="JTD\LaravelMCP\Tests\Feature\Commands\RegisterCommandTest" classname="JTD.LaravelMCP.Tests.Feature.Commands.RegisterCommandTest" assertions="0" time="0.000000">
          <error type="Exception">JTD\LaravelMCP\Tests\Feature\Commands\RegisterCommandTest::it_uses_custom_output_path
Exception: The /var/www/html/vendor/orchestra/testbench-core/laravel/bootstrap/cache directory must be present and writable.

/var/www/html/vendor/laravel/framework/src/Illuminate/Foundation/PackageManifest.php:179
/var/www/html/vendor/orchestra/testbench-core/src/Foundation/PackageManifest.php:157
/var/www/html/vendor/laravel/framework/src/Illuminate/Foundation/PackageManifest.php:132
/var/www/html/vendor/laravel/framework/src/Illuminate/Foundation/PackageManifest.php:108
/var/www/html/vendor/orchestra/testbench-core/src/Foundation/PackageManifest.php:102
/var/www/html/vendor/laravel/framework/src/Illuminate/Foundation/PackageManifest.php:91
/var/www/html/vendor/laravel/framework/src/Illuminate/Foundation/PackageManifest.php:80
/var/www/html/vendor/laravel/framework/src/Illuminate/Foundation/Bootstrap/RegisterFacades.php:26
/var/www/html/vendor/orchestra/testbench-core/src/Concerns/CreatesApplication.php:556
/var/www/html/vendor/orchestra/testbench-core/src/Concerns/CreatesApplication.php:311
/var/www/html/vendor/orchestra/testbench-core/src/TestCase.php:121
/var/www/html/vendor/orchestra/testbench-core/src/Concerns/ApplicationTestingHooks.php:74
/var/www/html/vendor/orchestra/testbench-core/src/Concerns/Testing.php:43
/var/www/html/vendor/laravel/framework/src/Illuminate/Collections/helpers.php:236
/var/www/html/vendor/orchestra/sidekick/src/functions.php:87
/var/www/html/vendor/laravel/framework/src/Illuminate/Collections/helpers.php:236
/var/www/html/vendor/orchestra/testbench-core/src/Concerns/Testing.php:57
/var/www/html/vendor/orchestra/testbench-core/src/TestCase.php:50
/var/www/html/tests/TestCase.php:61
/var/www/html/tests/Feature/Commands/RegisterCommandTest.php:31</error>
        </testcase>
        <testcase name="it_shows_next_steps_for_claude_desktop" file="/var/www/html/tests/Feature/Commands/RegisterCommandTest.php" line="264" class="JTD\LaravelMCP\Tests\Feature\Commands\RegisterCommandTest" classname="JTD.LaravelMCP.Tests.Feature.Commands.RegisterCommandTest" assertions="0" time="0.000000">
          <error type="Exception">JTD\LaravelMCP\Tests\Feature\Commands\RegisterCommandTest::it_shows_next_steps_for_claude_desktop
Exception: The /var/www/html/vendor/orchestra/testbench-core/laravel/bootstrap/cache directory must be present and writable.

/var/www/html/vendor/laravel/framework/src/Illuminate/Foundation/PackageManifest.php:179
/var/www/html/vendor/orchestra/testbench-core/src/Foundation/PackageManifest.php:157
/var/www/html/vendor/laravel/framework/src/Illuminate/Foundation/PackageManifest.php:132
/var/www/html/vendor/laravel/framework/src/Illuminate/Foundation/PackageManifest.php:108
/var/www/html/vendor/orchestra/testbench-core/src/Foundation/PackageManifest.php:102
/var/www/html/vendor/laravel/framework/src/Illuminate/Foundation/PackageManifest.php:91
/var/www/html/vendor/laravel/framework/src/Illuminate/Foundation/PackageManifest.php:80
/var/www/html/vendor/laravel/framework/src/Illuminate/Foundation/Bootstrap/RegisterFacades.php:26
/var/www/html/vendor/orchestra/testbench-core/src/Concerns/CreatesApplication.php:556
/var/www/html/vendor/orchestra/testbench-core/src/Concerns/CreatesApplication.php:311
/var/www/html/vendor/orchestra/testbench-core/src/TestCase.php:121
/var/www/html/vendor/orchestra/testbench-core/src/Concerns/ApplicationTestingHooks.php:74
/var/www/html/vendor/orchestra/testbench-core/src/Concerns/Testing.php:43
/var/www/html/vendor/laravel/framework/src/Illuminate/Collections/helpers.php:236
/var/www/html/vendor/orchestra/sidekick/src/functions.php:87
/var/www/html/vendor/laravel/framework/src/Illuminate/Collections/helpers.php:236
/var/www/html/vendor/orchestra/testbench-core/src/Concerns/Testing.php:57
/var/www/html/vendor/orchestra/testbench-core/src/TestCase.php:50
/var/www/html/tests/TestCase.php:61
/var/www/html/tests/Feature/Commands/RegisterCommandTest.php:31</error>
        </testcase>
        <testcase name="it_shows_next_steps_for_claude_code" file="/var/www/html/tests/Feature/Commands/RegisterCommandTest.php" line="278" class="JTD\LaravelMCP\Tests\Feature\Commands\RegisterCommandTest" classname="JTD.LaravelMCP.Tests.Feature.Commands.RegisterCommandTest" assertions="0" time="0.000000">
          <error type="Exception">JTD\LaravelMCP\Tests\Feature\Commands\RegisterCommandTest::it_shows_next_steps_for_claude_code
Exception: The /var/www/html/vendor/orchestra/testbench-core/laravel/bootstrap/cache directory must be present and writable.

/var/www/html/vendor/laravel/framework/src/Illuminate/Foundation/PackageManifest.php:179
/var/www/html/vendor/orchestra/testbench-core/src/Foundation/PackageManifest.php:157
/var/www/html/vendor/laravel/framework/src/Illuminate/Foundation/PackageManifest.php:132
/var/www/html/vendor/laravel/framework/src/Illuminate/Foundation/PackageManifest.php:108
/var/www/html/vendor/orchestra/testbench-core/src/Foundation/PackageManifest.php:102
/var/www/html/vendor/laravel/framework/src/Illuminate/Foundation/PackageManifest.php:91
/var/www/html/vendor/laravel/framework/src/Illuminate/Foundation/PackageManifest.php:80
/var/www/html/vendor/laravel/framework/src/Illuminate/Foundation/Bootstrap/RegisterFacades.php:26
/var/www/html/vendor/orchestra/testbench-core/src/Concerns/CreatesApplication.php:556
/var/www/html/vendor/orchestra/testbench-core/src/Concerns/CreatesApplication.php:311
/var/www/html/vendor/orchestra/testbench-core/src/TestCase.php:121
/var/www/html/vendor/orchestra/testbench-core/src/Concerns/ApplicationTestingHooks.php:74
/var/www/html/vendor/orchestra/testbench-core/src/Concerns/Testing.php:43
/var/www/html/vendor/laravel/framework/src/Illuminate/Collections/helpers.php:236
/var/www/html/vendor/orchestra/sidekick/src/functions.php:87
/var/www/html/vendor/laravel/framework/src/Illuminate/Collections/helpers.php:236
/var/www/html/vendor/orchestra/testbench-core/src/Concerns/Testing.php:57
/var/www/html/vendor/orchestra/testbench-core/src/TestCase.php:50
/var/www/html/tests/TestCase.php:61
/var/www/html/tests/Feature/Commands/RegisterCommandTest.php:31</error>
        </testcase>
        <testcase name="it_shows_next_steps_for_chatgpt" file="/var/www/html/tests/Feature/Commands/RegisterCommandTest.php" line="292" class="JTD\LaravelMCP\Tests\Feature\Commands\RegisterCommandTest" classname="JTD.LaravelMCP.Tests.Feature.Commands.RegisterCommandTest" assertions="0" time="0.000000">
          <error type="Exception">JTD\LaravelMCP\Tests\Feature\Commands\RegisterCommandTest::it_shows_next_steps_for_chatgpt
Exception: The /var/www/html/vendor/orchestra/testbench-core/laravel/bootstrap/cache directory must be present and writable.

/var/www/html/vendor/laravel/framework/src/Illuminate/Foundation/PackageManifest.php:179
/var/www/html/vendor/orchestra/testbench-core/src/Foundation/PackageManifest.php:157
/var/www/html/vendor/laravel/framework/src/Illuminate/Foundation/PackageManifest.php:132
/var/www/html/vendor/laravel/framework/src/Illuminate/Foundation/PackageManifest.php:108
/var/www/html/vendor/orchestra/testbench-core/src/Foundation/PackageManifest.php:102
/var/www/html/vendor/laravel/framework/src/Illuminate/Foundation/PackageManifest.php:91
/var/www/html/vendor/laravel/framework/src/Illuminate/Foundation/PackageManifest.php:80
/var/www/html/vendor/laravel/framework/src/Illuminate/Foundation/Bootstrap/RegisterFacades.php:26
/var/www/html/vendor/orchestra/testbench-core/src/Concerns/CreatesApplication.php:556
/var/www/html/vendor/orchestra/testbench-core/src/Concerns/CreatesApplication.php:311
/var/www/html/vendor/orchestra/testbench-core/src/TestCase.php:121
/var/www/html/vendor/orchestra/testbench-core/src/Concerns/ApplicationTestingHooks.php:74
/var/www/html/vendor/orchestra/testbench-core/src/Concerns/Testing.php:43
/var/www/html/vendor/laravel/framework/src/Illuminate/Collections/helpers.php:236
/var/www/html/vendor/orchestra/sidekick/src/functions.php:87
/var/www/html/vendor/laravel/framework/src/Illuminate/Collections/helpers.php:236
/var/www/html/vendor/orchestra/testbench-core/src/Concerns/Testing.php:57
/var/www/html/vendor/orchestra/testbench-core/src/TestCase.php:50
/var/www/html/tests/TestCase.php:61
/var/www/html/tests/Feature/Commands/RegisterCommandTest.php:31</error>
        </testcase>
        <testcase name="it_handles_custom_server_path" file="/var/www/html/tests/Feature/Commands/RegisterCommandTest.php" line="306" class="JTD\LaravelMCP\Tests\Feature\Commands\RegisterCommandTest" classname="JTD.LaravelMCP.Tests.Feature.Commands.RegisterCommandTest" assertions="0" time="0.000000">
          <error type="Exception">JTD\LaravelMCP\Tests\Feature\Commands\RegisterCommandTest::it_handles_custom_server_path
Exception: The /var/www/html/vendor/orchestra/testbench-core/laravel/bootstrap/cache directory must be present and writable.

/var/www/html/vendor/laravel/framework/src/Illuminate/Foundation/PackageManifest.php:179
/var/www/html/vendor/orchestra/testbench-core/src/Foundation/PackageManifest.php:157
/var/www/html/vendor/laravel/framework/src/Illuminate/Foundation/PackageManifest.php:132
/var/www/html/vendor/laravel/framework/src/Illuminate/Foundation/PackageManifest.php:108
/var/www/html/vendor/orchestra/testbench-core/src/Foundation/PackageManifest.php:102
/var/www/html/vendor/laravel/framework/src/Illuminate/Foundation/PackageManifest.php:91
/var/www/html/vendor/laravel/framework/src/Illuminate/Foundation/PackageManifest.php:80
/var/www/html/vendor/laravel/framework/src/Illuminate/Foundation/Bootstrap/RegisterFacades.php:26
/var/www/html/vendor/orchestra/testbench-core/src/Concerns/CreatesApplication.php:556
/var/www/html/vendor/orchestra/testbench-core/src/Concerns/CreatesApplication.php:311
/var/www/html/vendor/orchestra/testbench-core/src/TestCase.php:121
/var/www/html/vendor/orchestra/testbench-core/src/Concerns/ApplicationTestingHooks.php:74
/var/www/html/vendor/orchestra/testbench-core/src/Concerns/Testing.php:43
/var/www/html/vendor/laravel/framework/src/Illuminate/Collections/helpers.php:236
/var/www/html/vendor/orchestra/sidekick/src/functions.php:87
/var/www/html/vendor/laravel/framework/src/Illuminate/Collections/helpers.php:236
/var/www/html/vendor/orchestra/testbench-core/src/Concerns/Testing.php:57
/var/www/html/vendor/orchestra/testbench-core/src/TestCase.php:50
/var/www/html/tests/TestCase.php:61
/var/www/html/tests/Feature/Commands/RegisterCommandTest.php:31</error>
        </testcase>
        <testsuite name="JTD\LaravelMCP\Tests\Feature\Commands\RegisterCommandTest::it_handles_invalid_environment_variables" tests="3" assertions="0" errors="3" failures="0" skipped="0" time="0.000000">
          <testcase name="it_handles_invalid_environment_variables with data set &quot;no equals sign&quot;" file="/var/www/html/tests/Feature/Commands/RegisterCommandTest.php" line="326" class="JTD\LaravelMCP\Tests\Feature\Commands\RegisterCommandTest" classname="JTD.LaravelMCP.Tests.Feature.Commands.RegisterCommandTest" assertions="0" time="0.000000">
            <error type="Exception">JTD\LaravelMCP\Tests\Feature\Commands\RegisterCommandTest::it_handles_invalid_environment_variables with data set "no equals sign"
Exception: The /var/www/html/vendor/orchestra/testbench-core/laravel/bootstrap/cache directory must be present and writable.

/var/www/html/vendor/laravel/framework/src/Illuminate/Foundation/PackageManifest.php:179
/var/www/html/vendor/orchestra/testbench-core/src/Foundation/PackageManifest.php:157
/var/www/html/vendor/laravel/framework/src/Illuminate/Foundation/PackageManifest.php:132
/var/www/html/vendor/laravel/framework/src/Illuminate/Foundation/PackageManifest.php:108
/var/www/html/vendor/orchestra/testbench-core/src/Foundation/PackageManifest.php:102
/var/www/html/vendor/laravel/framework/src/Illuminate/Foundation/PackageManifest.php:91
/var/www/html/vendor/laravel/framework/src/Illuminate/Foundation/PackageManifest.php:80
/var/www/html/vendor/laravel/framework/src/Illuminate/Foundation/Bootstrap/RegisterFacades.php:26
/var/www/html/vendor/orchestra/testbench-core/src/Concerns/CreatesApplication.php:556
/var/www/html/vendor/orchestra/testbench-core/src/Concerns/CreatesApplication.php:311
/var/www/html/vendor/orchestra/testbench-core/src/TestCase.php:121
/var/www/html/vendor/orchestra/testbench-core/src/Concerns/ApplicationTestingHooks.php:74
/var/www/html/vendor/orchestra/testbench-core/src/Concerns/Testing.php:43
/var/www/html/vendor/laravel/framework/src/Illuminate/Collections/helpers.php:236
/var/www/html/vendor/orchestra/sidekick/src/functions.php:87
/var/www/html/vendor/laravel/framework/src/Illuminate/Collections/helpers.php:236
/var/www/html/vendor/orchestra/testbench-core/src/Concerns/Testing.php:57
/var/www/html/vendor/orchestra/testbench-core/src/TestCase.php:50
/var/www/html/tests/TestCase.php:61
/var/www/html/tests/Feature/Commands/RegisterCommandTest.php:31</error>
          </testcase>
          <testcase name="it_handles_invalid_environment_variables with data set &quot;empty value&quot;" file="/var/www/html/tests/Feature/Commands/RegisterCommandTest.php" line="326" class="JTD\LaravelMCP\Tests\Feature\Commands\RegisterCommandTest" classname="JTD.LaravelMCP.Tests.Feature.Commands.RegisterCommandTest" assertions="0" time="0.000000">
            <error type="Exception">JTD\LaravelMCP\Tests\Feature\Commands\RegisterCommandTest::it_handles_invalid_environment_variables with data set "empty value"
Exception: The /var/www/html/vendor/orchestra/testbench-core/laravel/bootstrap/cache directory must be present and writable.

/var/www/html/vendor/laravel/framework/src/Illuminate/Foundation/PackageManifest.php:179
/var/www/html/vendor/orchestra/testbench-core/src/Foundation/PackageManifest.php:157
/var/www/html/vendor/laravel/framework/src/Illuminate/Foundation/PackageManifest.php:132
/var/www/html/vendor/laravel/framework/src/Illuminate/Foundation/PackageManifest.php:108
/var/www/html/vendor/orchestra/testbench-core/src/Foundation/PackageManifest.php:102
/var/www/html/vendor/laravel/framework/src/Illuminate/Foundation/PackageManifest.php:91
/var/www/html/vendor/laravel/framework/src/Illuminate/Foundation/PackageManifest.php:80
/var/www/html/vendor/laravel/framework/src/Illuminate/Foundation/Bootstrap/RegisterFacades.php:26
/var/www/html/vendor/orchestra/testbench-core/src/Concerns/CreatesApplication.php:556
/var/www/html/vendor/orchestra/testbench-core/src/Concerns/CreatesApplication.php:311
/var/www/html/vendor/orchestra/testbench-core/src/TestCase.php:121
/var/www/html/vendor/orchestra/testbench-core/src/Concerns/ApplicationTestingHooks.php:74
/var/www/html/vendor/orchestra/testbench-core/src/Concerns/Testing.php:43
/var/www/html/vendor/laravel/framework/src/Illuminate/Collections/helpers.php:236
/var/www/html/vendor/orchestra/sidekick/src/functions.php:87
/var/www/html/vendor/laravel/framework/src/Illuminate/Collections/helpers.php:236
/var/www/html/vendor/orchestra/testbench-core/src/Concerns/Testing.php:57
/var/www/html/vendor/orchestra/testbench-core/src/TestCase.php:50
/var/www/html/tests/TestCase.php:61
/var/www/html/tests/Feature/Commands/RegisterCommandTest.php:31</error>
          </testcase>
          <testcase name="it_handles_invalid_environment_variables with data set &quot;only equals&quot;" file="/var/www/html/tests/Feature/Commands/RegisterCommandTest.php" line="326" class="JTD\LaravelMCP\Tests\Feature\Commands\RegisterCommandTest" classname="JTD.LaravelMCP.Tests.Feature.Commands.RegisterCommandTest" assertions="0" time="0.000000">
            <error type="Exception">JTD\LaravelMCP\Tests\Feature\Commands\RegisterCommandTest::it_handles_invalid_environment_variables with data set "only equals"
Exception: The /var/www/html/vendor/orchestra/testbench-core/laravel/bootstrap/cache directory must be present and writable.

/var/www/html/vendor/laravel/framework/src/Illuminate/Foundation/PackageManifest.php:179
/var/www/html/vendor/orchestra/testbench-core/src/Foundation/PackageManifest.php:157
/var/www/html/vendor/laravel/framework/src/Illuminate/Foundation/PackageManifest.php:132
/var/www/html/vendor/laravel/framework/src/Illuminate/Foundation/PackageManifest.php:108
/var/www/html/vendor/orchestra/testbench-core/src/Foundation/PackageManifest.php:102
/var/www/html/vendor/laravel/framework/src/Illuminate/Foundation/PackageManifest.php:91
/var/www/html/vendor/laravel/framework/src/Illuminate/Foundation/PackageManifest.php:80
/var/www/html/vendor/laravel/framework/src/Illuminate/Foundation/Bootstrap/RegisterFacades.php:26
/var/www/html/vendor/orchestra/testbench-core/src/Concerns/CreatesApplication.php:556
/var/www/html/vendor/orchestra/testbench-core/src/Concerns/CreatesApplication.php:311
/var/www/html/vendor/orchestra/testbench-core/src/TestCase.php:121
/var/www/html/vendor/orchestra/testbench-core/src/Concerns/ApplicationTestingHooks.php:74
/var/www/html/vendor/orchestra/testbench-core/src/Concerns/Testing.php:43
/var/www/html/vendor/laravel/framework/src/Illuminate/Collections/helpers.php:236
/var/www/html/vendor/orchestra/sidekick/src/functions.php:87
/var/www/html/vendor/laravel/framework/src/Illuminate/Collections/helpers.php:236
/var/www/html/vendor/orchestra/testbench-core/src/Concerns/Testing.php:57
/var/www/html/vendor/orchestra/testbench-core/src/TestCase.php:50
/var/www/html/tests/TestCase.php:61
/var/www/html/tests/Feature/Commands/RegisterCommandTest.php:31</error>
          </testcase>
        </testsuite>
      </testsuite>
      <testsuite name="JTD\LaravelMCP\Tests\Feature\Commands\ServeCommandFeatureTest" file="/var/www/html/tests/Feature/Commands/ServeCommandFeatureTest.php" tests="15" assertions="0" errors="15" failures="0" skipped="0" time="0.000000">
        <testcase name="test_serve_command_is_registered_in_artisan" file="/var/www/html/tests/Feature/Commands/ServeCommandFeatureTest.php" line="41" class="JTD\LaravelMCP\Tests\Feature\Commands\ServeCommandFeatureTest" classname="JTD.LaravelMCP.Tests.Feature.Commands.ServeCommandFeatureTest" assertions="0" time="0.000000">
          <error type="Exception">JTD\LaravelMCP\Tests\Feature\Commands\ServeCommandFeatureTest::test_serve_command_is_registered_in_artisan
Exception: The /var/www/html/vendor/orchestra/testbench-core/laravel/bootstrap/cache directory must be present and writable.

/var/www/html/vendor/laravel/framework/src/Illuminate/Foundation/PackageManifest.php:179
/var/www/html/vendor/orchestra/testbench-core/src/Foundation/PackageManifest.php:157
/var/www/html/vendor/laravel/framework/src/Illuminate/Foundation/PackageManifest.php:132
/var/www/html/vendor/laravel/framework/src/Illuminate/Foundation/PackageManifest.php:108
/var/www/html/vendor/orchestra/testbench-core/src/Foundation/PackageManifest.php:102
/var/www/html/vendor/laravel/framework/src/Illuminate/Foundation/PackageManifest.php:91
/var/www/html/vendor/laravel/framework/src/Illuminate/Foundation/PackageManifest.php:80
/var/www/html/vendor/laravel/framework/src/Illuminate/Foundation/Bootstrap/RegisterFacades.php:26
/var/www/html/vendor/orchestra/testbench-core/src/Concerns/CreatesApplication.php:556
/var/www/html/vendor/orchestra/testbench-core/src/Concerns/CreatesApplication.php:311
/var/www/html/vendor/orchestra/testbench-core/src/TestCase.php:121
/var/www/html/vendor/orchestra/testbench-core/src/Concerns/ApplicationTestingHooks.php:74
/var/www/html/vendor/orchestra/testbench-core/src/Concerns/Testing.php:43
/var/www/html/vendor/laravel/framework/src/Illuminate/Collections/helpers.php:236
/var/www/html/vendor/orchestra/sidekick/src/functions.php:87
/var/www/html/vendor/laravel/framework/src/Illuminate/Collections/helpers.php:236
/var/www/html/vendor/orchestra/testbench-core/src/Concerns/Testing.php:57
/var/www/html/vendor/orchestra/testbench-core/src/TestCase.php:50
/var/www/html/tests/TestCase.php:61</error>
        </testcase>
        <testcase name="test_command_can_be_discovered_by_artisan" file="/var/www/html/tests/Feature/Commands/ServeCommandFeatureTest.php" line="57" class="JTD\LaravelMCP\Tests\Feature\Commands\ServeCommandFeatureTest" classname="JTD.LaravelMCP.Tests.Feature.Commands.ServeCommandFeatureTest" assertions="0" time="0.000000">
          <error type="Exception">JTD\LaravelMCP\Tests\Feature\Commands\ServeCommandFeatureTest::test_command_can_be_discovered_by_artisan
Exception: The /var/www/html/vendor/orchestra/testbench-core/laravel/bootstrap/cache directory must be present and writable.

/var/www/html/vendor/laravel/framework/src/Illuminate/Foundation/PackageManifest.php:179
/var/www/html/vendor/orchestra/testbench-core/src/Foundation/PackageManifest.php:157
/var/www/html/vendor/laravel/framework/src/Illuminate/Foundation/PackageManifest.php:132
/var/www/html/vendor/laravel/framework/src/Illuminate/Foundation/PackageManifest.php:108
/var/www/html/vendor/orchestra/testbench-core/src/Foundation/PackageManifest.php:102
/var/www/html/vendor/laravel/framework/src/Illuminate/Foundation/PackageManifest.php:91
/var/www/html/vendor/laravel/framework/src/Illuminate/Foundation/PackageManifest.php:80
/var/www/html/vendor/laravel/framework/src/Illuminate/Foundation/Bootstrap/RegisterFacades.php:26
/var/www/html/vendor/orchestra/testbench-core/src/Concerns/CreatesApplication.php:556
/var/www/html/vendor/orchestra/testbench-core/src/Concerns/CreatesApplication.php:311
/var/www/html/vendor/orchestra/testbench-core/src/TestCase.php:121
/var/www/html/vendor/orchestra/testbench-core/src/Concerns/ApplicationTestingHooks.php:74
/var/www/html/vendor/orchestra/testbench-core/src/Concerns/Testing.php:43
/var/www/html/vendor/laravel/framework/src/Illuminate/Collections/helpers.php:236
/var/www/html/vendor/orchestra/sidekick/src/functions.php:87
/var/www/html/vendor/laravel/framework/src/Illuminate/Collections/helpers.php:236
/var/www/html/vendor/orchestra/testbench-core/src/Concerns/Testing.php:57
/var/www/html/vendor/orchestra/testbench-core/src/TestCase.php:50
/var/www/html/tests/TestCase.php:61</error>
        </testcase>
        <testcase name="test_command_help_displays_correct_information" file="/var/www/html/tests/Feature/Commands/ServeCommandFeatureTest.php" line="71" class="JTD\LaravelMCP\Tests\Feature\Commands\ServeCommandFeatureTest" classname="JTD.LaravelMCP.Tests.Feature.Commands.ServeCommandFeatureTest" assertions="0" time="0.000000">
          <error type="Exception">JTD\LaravelMCP\Tests\Feature\Commands\ServeCommandFeatureTest::test_command_help_displays_correct_information
Exception: The /var/www/html/vendor/orchestra/testbench-core/laravel/bootstrap/cache directory must be present and writable.

/var/www/html/vendor/laravel/framework/src/Illuminate/Foundation/PackageManifest.php:179
/var/www/html/vendor/orchestra/testbench-core/src/Foundation/PackageManifest.php:157
/var/www/html/vendor/laravel/framework/src/Illuminate/Foundation/PackageManifest.php:132
/var/www/html/vendor/laravel/framework/src/Illuminate/Foundation/PackageManifest.php:108
/var/www/html/vendor/orchestra/testbench-core/src/Foundation/PackageManifest.php:102
/var/www/html/vendor/laravel/framework/src/Illuminate/Foundation/PackageManifest.php:91
/var/www/html/vendor/laravel/framework/src/Illuminate/Foundation/PackageManifest.php:80
/var/www/html/vendor/laravel/framework/src/Illuminate/Foundation/Bootstrap/RegisterFacades.php:26
/var/www/html/vendor/orchestra/testbench-core/src/Concerns/CreatesApplication.php:556
/var/www/html/vendor/orchestra/testbench-core/src/Concerns/CreatesApplication.php:311
/var/www/html/vendor/orchestra/testbench-core/src/TestCase.php:121
/var/www/html/vendor/orchestra/testbench-core/src/Concerns/ApplicationTestingHooks.php:74
/var/www/html/vendor/orchestra/testbench-core/src/Concerns/Testing.php:43
/var/www/html/vendor/laravel/framework/src/Illuminate/Collections/helpers.php:236
/var/www/html/vendor/orchestra/sidekick/src/functions.php:87
/var/www/html/vendor/laravel/framework/src/Illuminate/Collections/helpers.php:236
/var/www/html/vendor/orchestra/testbench-core/src/Concerns/Testing.php:57
/var/www/html/vendor/orchestra/testbench-core/src/TestCase.php:50
/var/www/html/tests/TestCase.php:61</error>
        </testcase>
        <testcase name="test_command_initializes_with_stdio_transport" file="/var/www/html/tests/Feature/Commands/ServeCommandFeatureTest.php" line="90" class="JTD\LaravelMCP\Tests\Feature\Commands\ServeCommandFeatureTest" classname="JTD.LaravelMCP.Tests.Feature.Commands.ServeCommandFeatureTest" assertions="0" time="0.000000">
          <error type="Exception">JTD\LaravelMCP\Tests\Feature\Commands\ServeCommandFeatureTest::test_command_initializes_with_stdio_transport
Exception: The /var/www/html/vendor/orchestra/testbench-core/laravel/bootstrap/cache directory must be present and writable.

/var/www/html/vendor/laravel/framework/src/Illuminate/Foundation/PackageManifest.php:179
/var/www/html/vendor/orchestra/testbench-core/src/Foundation/PackageManifest.php:157
/var/www/html/vendor/laravel/framework/src/Illuminate/Foundation/PackageManifest.php:132
/var/www/html/vendor/laravel/framework/src/Illuminate/Foundation/PackageManifest.php:108
/var/www/html/vendor/orchestra/testbench-core/src/Foundation/PackageManifest.php:102
/var/www/html/vendor/laravel/framework/src/Illuminate/Foundation/PackageManifest.php:91
/var/www/html/vendor/laravel/framework/src/Illuminate/Foundation/PackageManifest.php:80
/var/www/html/vendor/laravel/framework/src/Illuminate/Foundation/Bootstrap/RegisterFacades.php:26
/var/www/html/vendor/orchestra/testbench-core/src/Concerns/CreatesApplication.php:556
/var/www/html/vendor/orchestra/testbench-core/src/Concerns/CreatesApplication.php:311
/var/www/html/vendor/orchestra/testbench-core/src/TestCase.php:121
/var/www/html/vendor/orchestra/testbench-core/src/Concerns/ApplicationTestingHooks.php:74
/var/www/html/vendor/orchestra/testbench-core/src/Concerns/Testing.php:43
/var/www/html/vendor/laravel/framework/src/Illuminate/Collections/helpers.php:236
/var/www/html/vendor/orchestra/sidekick/src/functions.php:87
/var/www/html/vendor/laravel/framework/src/Illuminate/Collections/helpers.php:236
/var/www/html/vendor/orchestra/testbench-core/src/Concerns/Testing.php:57
/var/www/html/vendor/orchestra/testbench-core/src/TestCase.php:50
/var/www/html/tests/TestCase.php:61</error>
        </testcase>
        <testcase name="test_command_initializes_with_http_transport" file="/var/www/html/tests/Feature/Commands/ServeCommandFeatureTest.php" line="137" class="JTD\LaravelMCP\Tests\Feature\Commands\ServeCommandFeatureTest" classname="JTD.LaravelMCP.Tests.Feature.Commands.ServeCommandFeatureTest" assertions="0" time="0.000000">
          <error type="Exception">JTD\LaravelMCP\Tests\Feature\Commands\ServeCommandFeatureTest::test_command_initializes_with_http_transport
Exception: The /var/www/html/vendor/orchestra/testbench-core/laravel/bootstrap/cache directory must be present and writable.

/var/www/html/vendor/laravel/framework/src/Illuminate/Foundation/PackageManifest.php:179
/var/www/html/vendor/orchestra/testbench-core/src/Foundation/PackageManifest.php:157
/var/www/html/vendor/laravel/framework/src/Illuminate/Foundation/PackageManifest.php:132
/var/www/html/vendor/laravel/framework/src/Illuminate/Foundation/PackageManifest.php:108
/var/www/html/vendor/orchestra/testbench-core/src/Foundation/PackageManifest.php:102
/var/www/html/vendor/laravel/framework/src/Illuminate/Foundation/PackageManifest.php:91
/var/www/html/vendor/laravel/framework/src/Illuminate/Foundation/PackageManifest.php:80
/var/www/html/vendor/laravel/framework/src/Illuminate/Foundation/Bootstrap/RegisterFacades.php:26
/var/www/html/vendor/orchestra/testbench-core/src/Concerns/CreatesApplication.php:556
/var/www/html/vendor/orchestra/testbench-core/src/Concerns/CreatesApplication.php:311
/var/www/html/vendor/orchestra/testbench-core/src/TestCase.php:121
/var/www/html/vendor/orchestra/testbench-core/src/Concerns/ApplicationTestingHooks.php:74
/var/www/html/vendor/orchestra/testbench-core/src/Concerns/Testing.php:43
/var/www/html/vendor/laravel/framework/src/Illuminate/Collections/helpers.php:236
/var/www/html/vendor/orchestra/sidekick/src/functions.php:87
/var/www/html/vendor/laravel/framework/src/Illuminate/Collections/helpers.php:236
/var/www/html/vendor/orchestra/testbench-core/src/Concerns/Testing.php:57
/var/www/html/vendor/orchestra/testbench-core/src/TestCase.php:50
/var/www/html/tests/TestCase.php:61</error>
        </testcase>
        <testcase name="test_command_fails_with_invalid_transport_type" file="/var/www/html/tests/Feature/Commands/ServeCommandFeatureTest.php" line="200" class="JTD\LaravelMCP\Tests\Feature\Commands\ServeCommandFeatureTest" classname="JTD.LaravelMCP.Tests.Feature.Commands.ServeCommandFeatureTest" assertions="0" time="0.000000">
          <error type="Exception">JTD\LaravelMCP\Tests\Feature\Commands\ServeCommandFeatureTest::test_command_fails_with_invalid_transport_type
Exception: The /var/www/html/vendor/orchestra/testbench-core/laravel/bootstrap/cache directory must be present and writable.

/var/www/html/vendor/laravel/framework/src/Illuminate/Foundation/PackageManifest.php:179
/var/www/html/vendor/orchestra/testbench-core/src/Foundation/PackageManifest.php:157
/var/www/html/vendor/laravel/framework/src/Illuminate/Foundation/PackageManifest.php:132
/var/www/html/vendor/laravel/framework/src/Illuminate/Foundation/PackageManifest.php:108
/var/www/html/vendor/orchestra/testbench-core/src/Foundation/PackageManifest.php:102
/var/www/html/vendor/laravel/framework/src/Illuminate/Foundation/PackageManifest.php:91
/var/www/html/vendor/laravel/framework/src/Illuminate/Foundation/PackageManifest.php:80
/var/www/html/vendor/laravel/framework/src/Illuminate/Foundation/Bootstrap/RegisterFacades.php:26
/var/www/html/vendor/orchestra/testbench-core/src/Concerns/CreatesApplication.php:556
/var/www/html/vendor/orchestra/testbench-core/src/Concerns/CreatesApplication.php:311
/var/www/html/vendor/orchestra/testbench-core/src/TestCase.php:121
/var/www/html/vendor/orchestra/testbench-core/src/Concerns/ApplicationTestingHooks.php:74
/var/www/html/vendor/orchestra/testbench-core/src/Concerns/Testing.php:43
/var/www/html/vendor/laravel/framework/src/Illuminate/Collections/helpers.php:236
/var/www/html/vendor/orchestra/sidekick/src/functions.php:87
/var/www/html/vendor/laravel/framework/src/Illuminate/Collections/helpers.php:236
/var/www/html/vendor/orchestra/testbench-core/src/Concerns/Testing.php:57
/var/www/html/vendor/orchestra/testbench-core/src/TestCase.php:50
/var/www/html/tests/TestCase.php:61</error>
        </testcase>
        <testcase name="test_command_fails_when_transport_is_disabled" file="/var/www/html/tests/Feature/Commands/ServeCommandFeatureTest.php" line="220" class="JTD\LaravelMCP\Tests\Feature\Commands\ServeCommandFeatureTest" classname="JTD.LaravelMCP.Tests.Feature.Commands.ServeCommandFeatureTest" assertions="0" time="0.000000">
          <error type="Exception">JTD\LaravelMCP\Tests\Feature\Commands\ServeCommandFeatureTest::test_command_fails_when_transport_is_disabled
Exception: The /var/www/html/vendor/orchestra/testbench-core/laravel/bootstrap/cache directory must be present and writable.

/var/www/html/vendor/laravel/framework/src/Illuminate/Foundation/PackageManifest.php:179
/var/www/html/vendor/orchestra/testbench-core/src/Foundation/PackageManifest.php:157
/var/www/html/vendor/laravel/framework/src/Illuminate/Foundation/PackageManifest.php:132
/var/www/html/vendor/laravel/framework/src/Illuminate/Foundation/PackageManifest.php:108
/var/www/html/vendor/orchestra/testbench-core/src/Foundation/PackageManifest.php:102
/var/www/html/vendor/laravel/framework/src/Illuminate/Foundation/PackageManifest.php:91
/var/www/html/vendor/laravel/framework/src/Illuminate/Foundation/PackageManifest.php:80
/var/www/html/vendor/laravel/framework/src/Illuminate/Foundation/Bootstrap/RegisterFacades.php:26
/var/www/html/vendor/orchestra/testbench-core/src/Concerns/CreatesApplication.php:556
/var/www/html/vendor/orchestra/testbench-core/src/Concerns/CreatesApplication.php:311
/var/www/html/vendor/orchestra/testbench-core/src/TestCase.php:121
/var/www/html/vendor/orchestra/testbench-core/src/Concerns/ApplicationTestingHooks.php:74
/var/www/html/vendor/orchestra/testbench-core/src/Concerns/Testing.php:43
/var/www/html/vendor/laravel/framework/src/Illuminate/Collections/helpers.php:236
/var/www/html/vendor/orchestra/sidekick/src/functions.php:87
/var/www/html/vendor/laravel/framework/src/Illuminate/Collections/helpers.php:236
/var/www/html/vendor/orchestra/testbench-core/src/Concerns/Testing.php:57
/var/www/html/vendor/orchestra/testbench-core/src/TestCase.php:50
/var/www/html/tests/TestCase.php:61</error>
        </testcase>
        <testcase name="test_command_runs_with_debug_mode_enabled" file="/var/www/html/tests/Feature/Commands/ServeCommandFeatureTest.php" line="253" class="JTD\LaravelMCP\Tests\Feature\Commands\ServeCommandFeatureTest" classname="JTD.LaravelMCP.Tests.Feature.Commands.ServeCommandFeatureTest" assertions="0" time="0.000000">
          <error type="Exception">JTD\LaravelMCP\Tests\Feature\Commands\ServeCommandFeatureTest::test_command_runs_with_debug_mode_enabled
Exception: The /var/www/html/vendor/orchestra/testbench-core/laravel/bootstrap/cache directory must be present and writable.

/var/www/html/vendor/laravel/framework/src/Illuminate/Foundation/PackageManifest.php:179
/var/www/html/vendor/orchestra/testbench-core/src/Foundation/PackageManifest.php:157
/var/www/html/vendor/laravel/framework/src/Illuminate/Foundation/PackageManifest.php:132
/var/www/html/vendor/laravel/framework/src/Illuminate/Foundation/PackageManifest.php:108
/var/www/html/vendor/orchestra/testbench-core/src/Foundation/PackageManifest.php:102
/var/www/html/vendor/laravel/framework/src/Illuminate/Foundation/PackageManifest.php:91
/var/www/html/vendor/laravel/framework/src/Illuminate/Foundation/PackageManifest.php:80
/var/www/html/vendor/laravel/framework/src/Illuminate/Foundation/Bootstrap/RegisterFacades.php:26
/var/www/html/vendor/orchestra/testbench-core/src/Concerns/CreatesApplication.php:556
/var/www/html/vendor/orchestra/testbench-core/src/Concerns/CreatesApplication.php:311
/var/www/html/vendor/orchestra/testbench-core/src/TestCase.php:121
/var/www/html/vendor/orchestra/testbench-core/src/Concerns/ApplicationTestingHooks.php:74
/var/www/html/vendor/orchestra/testbench-core/src/Concerns/Testing.php:43
/var/www/html/vendor/laravel/framework/src/Illuminate/Collections/helpers.php:236
/var/www/html/vendor/orchestra/sidekick/src/functions.php:87
/var/www/html/vendor/laravel/framework/src/Illuminate/Collections/helpers.php:236
/var/www/html/vendor/orchestra/testbench-core/src/Concerns/Testing.php:57
/var/www/html/vendor/orchestra/testbench-core/src/TestCase.php:50
/var/www/html/tests/TestCase.php:61</error>
        </testcase>
        <testcase name="test_command_validates_numeric_options" file="/var/www/html/tests/Feature/Commands/ServeCommandFeatureTest.php" line="298" class="JTD\LaravelMCP\Tests\Feature\Commands\ServeCommandFeatureTest" classname="JTD.LaravelMCP.Tests.Feature.Commands.ServeCommandFeatureTest" assertions="0" time="0.000000">
          <error type="Exception">JTD\LaravelMCP\Tests\Feature\Commands\ServeCommandFeatureTest::test_command_validates_numeric_options
Exception: The /var/www/html/vendor/orchestra/testbench-core/laravel/bootstrap/cache directory must be present and writable.

/var/www/html/vendor/laravel/framework/src/Illuminate/Foundation/PackageManifest.php:179
/var/www/html/vendor/orchestra/testbench-core/src/Foundation/PackageManifest.php:157
/var/www/html/vendor/laravel/framework/src/Illuminate/Foundation/PackageManifest.php:132
/var/www/html/vendor/laravel/framework/src/Illuminate/Foundation/PackageManifest.php:108
/var/www/html/vendor/orchestra/testbench-core/src/Foundation/PackageManifest.php:102
/var/www/html/vendor/laravel/framework/src/Illuminate/Foundation/PackageManifest.php:91
/var/www/html/vendor/laravel/framework/src/Illuminate/Foundation/PackageManifest.php:80
/var/www/html/vendor/laravel/framework/src/Illuminate/Foundation/Bootstrap/RegisterFacades.php:26
/var/www/html/vendor/orchestra/testbench-core/src/Concerns/CreatesApplication.php:556
/var/www/html/vendor/orchestra/testbench-core/src/Concerns/CreatesApplication.php:311
/var/www/html/vendor/orchestra/testbench-core/src/TestCase.php:121
/var/www/html/vendor/orchestra/testbench-core/src/Concerns/ApplicationTestingHooks.php:74
/var/www/html/vendor/orchestra/testbench-core/src/Concerns/Testing.php:43
/var/www/html/vendor/laravel/framework/src/Illuminate/Collections/helpers.php:236
/var/www/html/vendor/orchestra/sidekick/src/functions.php:87
/var/www/html/vendor/laravel/framework/src/Illuminate/Collections/helpers.php:236
/var/www/html/vendor/orchestra/testbench-core/src/Concerns/Testing.php:57
/var/www/html/vendor/orchestra/testbench-core/src/TestCase.php:50
/var/www/html/tests/TestCase.php:61</error>
        </testcase>
        <testcase name="test_command_handles_transport_exceptions_gracefully" file="/var/www/html/tests/Feature/Commands/ServeCommandFeatureTest.php" line="318" class="JTD\LaravelMCP\Tests\Feature\Commands\ServeCommandFeatureTest" classname="JTD.LaravelMCP.Tests.Feature.Commands.ServeCommandFeatureTest" assertions="0" time="0.000000">
          <error type="Exception">JTD\LaravelMCP\Tests\Feature\Commands\ServeCommandFeatureTest::test_command_handles_transport_exceptions_gracefully
Exception: The /var/www/html/vendor/orchestra/testbench-core/laravel/bootstrap/cache directory must be present and writable.

/var/www/html/vendor/laravel/framework/src/Illuminate/Foundation/PackageManifest.php:179
/var/www/html/vendor/orchestra/testbench-core/src/Foundation/PackageManifest.php:157
/var/www/html/vendor/laravel/framework/src/Illuminate/Foundation/PackageManifest.php:132
/var/www/html/vendor/laravel/framework/src/Illuminate/Foundation/PackageManifest.php:108
/var/www/html/vendor/orchestra/testbench-core/src/Foundation/PackageManifest.php:102
/var/www/html/vendor/laravel/framework/src/Illuminate/Foundation/PackageManifest.php:91
/var/www/html/vendor/laravel/framework/src/Illuminate/Foundation/PackageManifest.php:80
/var/www/html/vendor/laravel/framework/src/Illuminate/Foundation/Bootstrap/RegisterFacades.php:26
/var/www/html/vendor/orchestra/testbench-core/src/Concerns/CreatesApplication.php:556
/var/www/html/vendor/orchestra/testbench-core/src/Concerns/CreatesApplication.php:311
/var/www/html/vendor/orchestra/testbench-core/src/TestCase.php:121
/var/www/html/vendor/orchestra/testbench-core/src/Concerns/ApplicationTestingHooks.php:74
/var/www/html/vendor/orchestra/testbench-core/src/Concerns/Testing.php:43
/var/www/html/vendor/laravel/framework/src/Illuminate/Collections/helpers.php:236
/var/www/html/vendor/orchestra/sidekick/src/functions.php:87
/var/www/html/vendor/laravel/framework/src/Illuminate/Collections/helpers.php:236
/var/www/html/vendor/orchestra/testbench-core/src/Concerns/Testing.php:57
/var/www/html/vendor/orchestra/testbench-core/src/TestCase.php:50
/var/www/html/tests/TestCase.php:61</error>
        </testcase>
        <testcase name="test_command_integrates_with_real_transport_manager" file="/var/www/html/tests/Feature/Commands/ServeCommandFeatureTest.php" line="351" class="JTD\LaravelMCP\Tests\Feature\Commands\ServeCommandFeatureTest" classname="JTD.LaravelMCP.Tests.Feature.Commands.ServeCommandFeatureTest" assertions="0" time="0.000000">
          <error type="Exception">JTD\LaravelMCP\Tests\Feature\Commands\ServeCommandFeatureTest::test_command_integrates_with_real_transport_manager
Exception: The /var/www/html/vendor/orchestra/testbench-core/laravel/bootstrap/cache directory must be present and writable.

/var/www/html/vendor/laravel/framework/src/Illuminate/Foundation/PackageManifest.php:179
/var/www/html/vendor/orchestra/testbench-core/src/Foundation/PackageManifest.php:157
/var/www/html/vendor/laravel/framework/src/Illuminate/Foundation/PackageManifest.php:132
/var/www/html/vendor/laravel/framework/src/Illuminate/Foundation/PackageManifest.php:108
/var/www/html/vendor/orchestra/testbench-core/src/Foundation/PackageManifest.php:102
/var/www/html/vendor/laravel/framework/src/Illuminate/Foundation/PackageManifest.php:91
/var/www/html/vendor/laravel/framework/src/Illuminate/Foundation/PackageManifest.php:80
/var/www/html/vendor/laravel/framework/src/Illuminate/Foundation/Bootstrap/RegisterFacades.php:26
/var/www/html/vendor/orchestra/testbench-core/src/Concerns/CreatesApplication.php:556
/var/www/html/vendor/orchestra/testbench-core/src/Concerns/CreatesApplication.php:311
/var/www/html/vendor/orchestra/testbench-core/src/TestCase.php:121
/var/www/html/vendor/orchestra/testbench-core/src/Concerns/ApplicationTestingHooks.php:74
/var/www/html/vendor/orchestra/testbench-core/src/Concerns/Testing.php:43
/var/www/html/vendor/laravel/framework/src/Illuminate/Collections/helpers.php:236
/var/www/html/vendor/orchestra/sidekick/src/functions.php:87
/var/www/html/vendor/laravel/framework/src/Illuminate/Collections/helpers.php:236
/var/www/html/vendor/orchestra/testbench-core/src/Concerns/Testing.php:57
/var/www/html/vendor/orchestra/testbench-core/src/TestCase.php:50
/var/www/html/tests/TestCase.php:61</error>
        </testcase>
        <testcase name="test_command_merges_configuration_from_options" file="/var/www/html/tests/Feature/Commands/ServeCommandFeatureTest.php" line="378" class="JTD\LaravelMCP\Tests\Feature\Commands\ServeCommandFeatureTest" classname="JTD.LaravelMCP.Tests.Feature.Commands.ServeCommandFeatureTest" assertions="0" time="0.000000">
          <error type="Exception">JTD\LaravelMCP\Tests\Feature\Commands\ServeCommandFeatureTest::test_command_merges_configuration_from_options
Exception: The /var/www/html/vendor/orchestra/testbench-core/laravel/bootstrap/cache directory must be present and writable.

/var/www/html/vendor/laravel/framework/src/Illuminate/Foundation/PackageManifest.php:179
/var/www/html/vendor/orchestra/testbench-core/src/Foundation/PackageManifest.php:157
/var/www/html/vendor/laravel/framework/src/Illuminate/Foundation/PackageManifest.php:132
/var/www/html/vendor/laravel/framework/src/Illuminate/Foundation/PackageManifest.php:108
/var/www/html/vendor/orchestra/testbench-core/src/Foundation/PackageManifest.php:102
/var/www/html/vendor/laravel/framework/src/Illuminate/Foundation/PackageManifest.php:91
/var/www/html/vendor/laravel/framework/src/Illuminate/Foundation/PackageManifest.php:80
/var/www/html/vendor/laravel/framework/src/Illuminate/Foundation/Bootstrap/RegisterFacades.php:26
/var/www/html/vendor/orchestra/testbench-core/src/Concerns/CreatesApplication.php:556
/var/www/html/vendor/orchestra/testbench-core/src/Concerns/CreatesApplication.php:311
/var/www/html/vendor/orchestra/testbench-core/src/TestCase.php:121
/var/www/html/vendor/orchestra/testbench-core/src/Concerns/ApplicationTestingHooks.php:74
/var/www/html/vendor/orchestra/testbench-core/src/Concerns/Testing.php:43
/var/www/html/vendor/laravel/framework/src/Illuminate/Collections/helpers.php:236
/var/www/html/vendor/orchestra/sidekick/src/functions.php:87
/var/www/html/vendor/laravel/framework/src/Illuminate/Collections/helpers.php:236
/var/www/html/vendor/orchestra/testbench-core/src/Concerns/Testing.php:57
/var/www/html/vendor/orchestra/testbench-core/src/TestCase.php:50
/var/www/html/tests/TestCase.php:61</error>
        </testcase>
        <testcase name="test_command_sets_server_info_on_message_processor" file="/var/www/html/tests/Feature/Commands/ServeCommandFeatureTest.php" line="427" class="JTD\LaravelMCP\Tests\Feature\Commands\ServeCommandFeatureTest" classname="JTD.LaravelMCP.Tests.Feature.Commands.ServeCommandFeatureTest" assertions="0" time="0.000000">
          <error type="Exception">JTD\LaravelMCP\Tests\Feature\Commands\ServeCommandFeatureTest::test_command_sets_server_info_on_message_processor
Exception: The /var/www/html/vendor/orchestra/testbench-core/laravel/bootstrap/cache directory must be present and writable.

/var/www/html/vendor/laravel/framework/src/Illuminate/Foundation/PackageManifest.php:179
/var/www/html/vendor/orchestra/testbench-core/src/Foundation/PackageManifest.php:157
/var/www/html/vendor/laravel/framework/src/Illuminate/Foundation/PackageManifest.php:132
/var/www/html/vendor/laravel/framework/src/Illuminate/Foundation/PackageManifest.php:108
/var/www/html/vendor/orchestra/testbench-core/src/Foundation/PackageManifest.php:102
/var/www/html/vendor/laravel/framework/src/Illuminate/Foundation/PackageManifest.php:91
/var/www/html/vendor/laravel/framework/src/Illuminate/Foundation/PackageManifest.php:80
/var/www/html/vendor/laravel/framework/src/Illuminate/Foundation/Bootstrap/RegisterFacades.php:26
/var/www/html/vendor/orchestra/testbench-core/src/Concerns/CreatesApplication.php:556
/var/www/html/vendor/orchestra/testbench-core/src/Concerns/CreatesApplication.php:311
/var/www/html/vendor/orchestra/testbench-core/src/TestCase.php:121
/var/www/html/vendor/orchestra/testbench-core/src/Concerns/ApplicationTestingHooks.php:74
/var/www/html/vendor/orchestra/testbench-core/src/Concerns/Testing.php:43
/var/www/html/vendor/laravel/framework/src/Illuminate/Collections/helpers.php:236
/var/www/html/vendor/orchestra/sidekick/src/functions.php:87
/var/www/html/vendor/laravel/framework/src/Illuminate/Collections/helpers.php:236
/var/www/html/vendor/orchestra/testbench-core/src/Concerns/Testing.php:57
/var/www/html/vendor/orchestra/testbench-core/src/TestCase.php:50
/var/www/html/tests/TestCase.php:61</error>
        </testcase>
        <testcase name="test_command_displays_verbose_output" file="/var/www/html/tests/Feature/Commands/ServeCommandFeatureTest.php" line="465" class="JTD\LaravelMCP\Tests\Feature\Commands\ServeCommandFeatureTest" classname="JTD.LaravelMCP.Tests.Feature.Commands.ServeCommandFeatureTest" assertions="0" time="0.000000">
          <error type="Exception">JTD\LaravelMCP\Tests\Feature\Commands\ServeCommandFeatureTest::test_command_displays_verbose_output
Exception: The /var/www/html/vendor/orchestra/testbench-core/laravel/bootstrap/cache directory must be present and writable.

/var/www/html/vendor/laravel/framework/src/Illuminate/Foundation/PackageManifest.php:179
/var/www/html/vendor/orchestra/testbench-core/src/Foundation/PackageManifest.php:157
/var/www/html/vendor/laravel/framework/src/Illuminate/Foundation/PackageManifest.php:132
/var/www/html/vendor/laravel/framework/src/Illuminate/Foundation/PackageManifest.php:108
/var/www/html/vendor/orchestra/testbench-core/src/Foundation/PackageManifest.php:102
/var/www/html/vendor/laravel/framework/src/Illuminate/Foundation/PackageManifest.php:91
/var/www/html/vendor/laravel/framework/src/Illuminate/Foundation/PackageManifest.php:80
/var/www/html/vendor/laravel/framework/src/Illuminate/Foundation/Bootstrap/RegisterFacades.php:26
/var/www/html/vendor/orchestra/testbench-core/src/Concerns/CreatesApplication.php:556
/var/www/html/vendor/orchestra/testbench-core/src/Concerns/CreatesApplication.php:311
/var/www/html/vendor/orchestra/testbench-core/src/TestCase.php:121
/var/www/html/vendor/orchestra/testbench-core/src/Concerns/ApplicationTestingHooks.php:74
/var/www/html/vendor/orchestra/testbench-core/src/Concerns/Testing.php:43
/var/www/html/vendor/laravel/framework/src/Illuminate/Collections/helpers.php:236
/var/www/html/vendor/orchestra/sidekick/src/functions.php:87
/var/www/html/vendor/laravel/framework/src/Illuminate/Collections/helpers.php:236
/var/www/html/vendor/orchestra/testbench-core/src/Concerns/Testing.php:57
/var/www/html/vendor/orchestra/testbench-core/src/TestCase.php:50
/var/www/html/tests/TestCase.php:61</error>
        </testcase>
        <testcase name="test_full_integration_with_service_provider" file="/var/www/html/tests/Feature/Commands/ServeCommandFeatureTest.php" line="498" class="JTD\LaravelMCP\Tests\Feature\Commands\ServeCommandFeatureTest" classname="JTD.LaravelMCP.Tests.Feature.Commands.ServeCommandFeatureTest" assertions="0" time="0.000000">
          <error type="Exception">JTD\LaravelMCP\Tests\Feature\Commands\ServeCommandFeatureTest::test_full_integration_with_service_provider
Exception: The /var/www/html/vendor/orchestra/testbench-core/laravel/bootstrap/cache directory must be present and writable.

/var/www/html/vendor/laravel/framework/src/Illuminate/Foundation/PackageManifest.php:179
/var/www/html/vendor/orchestra/testbench-core/src/Foundation/PackageManifest.php:157
/var/www/html/vendor/laravel/framework/src/Illuminate/Foundation/PackageManifest.php:132
/var/www/html/vendor/laravel/framework/src/Illuminate/Foundation/PackageManifest.php:108
/var/www/html/vendor/orchestra/testbench-core/src/Foundation/PackageManifest.php:102
/var/www/html/vendor/laravel/framework/src/Illuminate/Foundation/PackageManifest.php:91
/var/www/html/vendor/laravel/framework/src/Illuminate/Foundation/PackageManifest.php:80
/var/www/html/vendor/laravel/framework/src/Illuminate/Foundation/Bootstrap/RegisterFacades.php:26
/var/www/html/vendor/orchestra/testbench-core/src/Concerns/CreatesApplication.php:556
/var/www/html/vendor/orchestra/testbench-core/src/Concerns/CreatesApplication.php:311
/var/www/html/vendor/orchestra/testbench-core/src/TestCase.php:121
/var/www/html/vendor/orchestra/testbench-core/src/Concerns/ApplicationTestingHooks.php:74
/var/www/html/vendor/orchestra/testbench-core/src/Concerns/Testing.php:43
/var/www/html/vendor/laravel/framework/src/Illuminate/Collections/helpers.php:236
/var/www/html/vendor/orchestra/sidekick/src/functions.php:87
/var/www/html/vendor/laravel/framework/src/Illuminate/Collections/helpers.php:236
/var/www/html/vendor/orchestra/testbench-core/src/Concerns/Testing.php:57
/var/www/html/vendor/orchestra/testbench-core/src/TestCase.php:50
/var/www/html/tests/TestCase.php:61</error>
        </testcase>
      </testsuite>
      <testsuite name="JTD\LaravelMCP\Tests\Feature\DirectoryStructureValidationTest" file="/var/www/html/tests/Feature/DirectoryStructureValidationTest.php" tests="20" assertions="0" errors="20" failures="0" skipped="0" time="0.000000">
        <testcase name="it_has_all_required_source_directories" file="/var/www/html/tests/Feature/DirectoryStructureValidationTest.php" line="31" class="JTD\LaravelMCP\Tests\Feature\DirectoryStructureValidationTest" classname="JTD.LaravelMCP.Tests.Feature.DirectoryStructureValidationTest" assertions="0" time="0.000000">
          <error type="Exception">JTD\LaravelMCP\Tests\Feature\DirectoryStructureValidationTest::it_has_all_required_source_directories
Exception: The /var/www/html/vendor/orchestra/testbench-core/laravel/bootstrap/cache directory must be present and writable.

/var/www/html/vendor/laravel/framework/src/Illuminate/Foundation/PackageManifest.php:179
/var/www/html/vendor/orchestra/testbench-core/src/Foundation/PackageManifest.php:157
/var/www/html/vendor/laravel/framework/src/Illuminate/Foundation/PackageManifest.php:132
/var/www/html/vendor/laravel/framework/src/Illuminate/Foundation/PackageManifest.php:108
/var/www/html/vendor/orchestra/testbench-core/src/Foundation/PackageManifest.php:102
/var/www/html/vendor/laravel/framework/src/Illuminate/Foundation/PackageManifest.php:91
/var/www/html/vendor/laravel/framework/src/Illuminate/Foundation/PackageManifest.php:80
/var/www/html/vendor/laravel/framework/src/Illuminate/Foundation/Bootstrap/RegisterFacades.php:26
/var/www/html/vendor/orchestra/testbench-core/src/Concerns/CreatesApplication.php:556
/var/www/html/vendor/orchestra/testbench-core/src/Concerns/CreatesApplication.php:311
/var/www/html/vendor/orchestra/testbench-core/src/TestCase.php:121
/var/www/html/vendor/orchestra/testbench-core/src/Concerns/ApplicationTestingHooks.php:74
/var/www/html/vendor/orchestra/testbench-core/src/Concerns/Testing.php:43
/var/www/html/vendor/laravel/framework/src/Illuminate/Collections/helpers.php:236
/var/www/html/vendor/orchestra/sidekick/src/functions.php:87
/var/www/html/vendor/laravel/framework/src/Illuminate/Collections/helpers.php:236
/var/www/html/vendor/orchestra/testbench-core/src/Concerns/Testing.php:57
/var/www/html/vendor/orchestra/testbench-core/src/TestCase.php:50
/var/www/html/tests/TestCase.php:61</error>
        </testcase>
        <testcase name="it_has_all_required_configuration_directories" file="/var/www/html/tests/Feature/DirectoryStructureValidationTest.php" line="67" class="JTD\LaravelMCP\Tests\Feature\DirectoryStructureValidationTest" classname="JTD.LaravelMCP.Tests.Feature.DirectoryStructureValidationTest" assertions="0" time="0.000000">
          <error type="Exception">JTD\LaravelMCP\Tests\Feature\DirectoryStructureValidationTest::it_has_all_required_configuration_directories
Exception: The /var/www/html/vendor/orchestra/testbench-core/laravel/bootstrap/cache directory must be present and writable.

/var/www/html/vendor/laravel/framework/src/Illuminate/Foundation/PackageManifest.php:179
/var/www/html/vendor/orchestra/testbench-core/src/Foundation/PackageManifest.php:157
/var/www/html/vendor/laravel/framework/src/Illuminate/Foundation/PackageManifest.php:132
/var/www/html/vendor/laravel/framework/src/Illuminate/Foundation/PackageManifest.php:108
/var/www/html/vendor/orchestra/testbench-core/src/Foundation/PackageManifest.php:102
/var/www/html/vendor/laravel/framework/src/Illuminate/Foundation/PackageManifest.php:91
/var/www/html/vendor/laravel/framework/src/Illuminate/Foundation/PackageManifest.php:80
/var/www/html/vendor/laravel/framework/src/Illuminate/Foundation/Bootstrap/RegisterFacades.php:26
/var/www/html/vendor/orchestra/testbench-core/src/Concerns/CreatesApplication.php:556
/var/www/html/vendor/orchestra/testbench-core/src/Concerns/CreatesApplication.php:311
/var/www/html/vendor/orchestra/testbench-core/src/TestCase.php:121
/var/www/html/vendor/orchestra/testbench-core/src/Concerns/ApplicationTestingHooks.php:74
/var/www/html/vendor/orchestra/testbench-core/src/Concerns/Testing.php:43
/var/www/html/vendor/laravel/framework/src/Illuminate/Collections/helpers.php:236
/var/www/html/vendor/orchestra/sidekick/src/functions.php:87
/var/www/html/vendor/laravel/framework/src/Illuminate/Collections/helpers.php:236
/var/www/html/vendor/orchestra/testbench-core/src/Concerns/Testing.php:57
/var/www/html/vendor/orchestra/testbench-core/src/TestCase.php:50
/var/www/html/tests/TestCase.php:61</error>
        </testcase>
        <testcase name="it_has_all_required_test_directories" file="/var/www/html/tests/Feature/DirectoryStructureValidationTest.php" line="92" class="JTD\LaravelMCP\Tests\Feature\DirectoryStructureValidationTest" classname="JTD.LaravelMCP.Tests.Feature.DirectoryStructureValidationTest" assertions="0" time="0.000000">
          <error type="Exception">JTD\LaravelMCP\Tests\Feature\DirectoryStructureValidationTest::it_has_all_required_test_directories
Exception: The /var/www/html/vendor/orchestra/testbench-core/laravel/bootstrap/cache directory must be present and writable.

/var/www/html/vendor/laravel/framework/src/Illuminate/Foundation/PackageManifest.php:179
/var/www/html/vendor/orchestra/testbench-core/src/Foundation/PackageManifest.php:157
/var/www/html/vendor/laravel/framework/src/Illuminate/Foundation/PackageManifest.php:132
/var/www/html/vendor/laravel/framework/src/Illuminate/Foundation/PackageManifest.php:108
/var/www/html/vendor/orchestra/testbench-core/src/Foundation/PackageManifest.php:102
/var/www/html/vendor/laravel/framework/src/Illuminate/Foundation/PackageManifest.php:91
/var/www/html/vendor/laravel/framework/src/Illuminate/Foundation/PackageManifest.php:80
/var/www/html/vendor/laravel/framework/src/Illuminate/Foundation/Bootstrap/RegisterFacades.php:26
/var/www/html/vendor/orchestra/testbench-core/src/Concerns/CreatesApplication.php:556
/var/www/html/vendor/orchestra/testbench-core/src/Concerns/CreatesApplication.php:311
/var/www/html/vendor/orchestra/testbench-core/src/TestCase.php:121
/var/www/html/vendor/orchestra/testbench-core/src/Concerns/ApplicationTestingHooks.php:74
/var/www/html/vendor/orchestra/testbench-core/src/Concerns/Testing.php:43
/var/www/html/vendor/laravel/framework/src/Illuminate/Collections/helpers.php:236
/var/www/html/vendor/orchestra/sidekick/src/functions.php:87
/var/www/html/vendor/laravel/framework/src/Illuminate/Collections/helpers.php:236
/var/www/html/vendor/orchestra/testbench-core/src/Concerns/Testing.php:57
/var/www/html/vendor/orchestra/testbench-core/src/TestCase.php:50
/var/www/html/tests/TestCase.php:61</error>
        </testcase>
        <testcase name="it_has_all_required_contract_interfaces" file="/var/www/html/tests/Feature/DirectoryStructureValidationTest.php" line="118" class="JTD\LaravelMCP\Tests\Feature\DirectoryStructureValidationTest" classname="JTD.LaravelMCP.Tests.Feature.DirectoryStructureValidationTest" assertions="0" time="0.000000">
          <error type="Exception">JTD\LaravelMCP\Tests\Feature\DirectoryStructureValidationTest::it_has_all_required_contract_interfaces
Exception: The /var/www/html/vendor/orchestra/testbench-core/laravel/bootstrap/cache directory must be present and writable.

/var/www/html/vendor/laravel/framework/src/Illuminate/Foundation/PackageManifest.php:179
/var/www/html/vendor/orchestra/testbench-core/src/Foundation/PackageManifest.php:157
/var/www/html/vendor/laravel/framework/src/Illuminate/Foundation/PackageManifest.php:132
/var/www/html/vendor/laravel/framework/src/Illuminate/Foundation/PackageManifest.php:108
/var/www/html/vendor/orchestra/testbench-core/src/Foundation/PackageManifest.php:102
/var/www/html/vendor/laravel/framework/src/Illuminate/Foundation/PackageManifest.php:91
/var/www/html/vendor/laravel/framework/src/Illuminate/Foundation/PackageManifest.php:80
/var/www/html/vendor/laravel/framework/src/Illuminate/Foundation/Bootstrap/RegisterFacades.php:26
/var/www/html/vendor/orchestra/testbench-core/src/Concerns/CreatesApplication.php:556
/var/www/html/vendor/orchestra/testbench-core/src/Concerns/CreatesApplication.php:311
/var/www/html/vendor/orchestra/testbench-core/src/TestCase.php:121
/var/www/html/vendor/orchestra/testbench-core/src/Concerns/ApplicationTestingHooks.php:74
/var/www/html/vendor/orchestra/testbench-core/src/Concerns/Testing.php:43
/var/www/html/vendor/laravel/framework/src/Illuminate/Collections/helpers.php:236
/var/www/html/vendor/orchestra/sidekick/src/functions.php:87
/var/www/html/vendor/laravel/framework/src/Illuminate/Collections/helpers.php:236
/var/www/html/vendor/orchestra/testbench-core/src/Concerns/Testing.php:57
/var/www/html/vendor/orchestra/testbench-core/src/TestCase.php:50
/var/www/html/tests/TestCase.php:61</error>
        </testcase>
        <testcase name="it_has_all_required_foundational_traits" file="/var/www/html/tests/Feature/DirectoryStructureValidationTest.php" line="143" class="JTD\LaravelMCP\Tests\Feature\DirectoryStructureValidationTest" classname="JTD.LaravelMCP.Tests.Feature.DirectoryStructureValidationTest" assertions="0" time="0.000000">
          <error type="Exception">JTD\LaravelMCP\Tests\Feature\DirectoryStructureValidationTest::it_has_all_required_foundational_traits
Exception: The /var/www/html/vendor/orchestra/testbench-core/laravel/bootstrap/cache directory must be present and writable.

/var/www/html/vendor/laravel/framework/src/Illuminate/Foundation/PackageManifest.php:179
/var/www/html/vendor/orchestra/testbench-core/src/Foundation/PackageManifest.php:157
/var/www/html/vendor/laravel/framework/src/Illuminate/Foundation/PackageManifest.php:132
/var/www/html/vendor/laravel/framework/src/Illuminate/Foundation/PackageManifest.php:108
/var/www/html/vendor/orchestra/testbench-core/src/Foundation/PackageManifest.php:102
/var/www/html/vendor/laravel/framework/src/Illuminate/Foundation/PackageManifest.php:91
/var/www/html/vendor/laravel/framework/src/Illuminate/Foundation/PackageManifest.php:80
/var/www/html/vendor/laravel/framework/src/Illuminate/Foundation/Bootstrap/RegisterFacades.php:26
/var/www/html/vendor/orchestra/testbench-core/src/Concerns/CreatesApplication.php:556
/var/www/html/vendor/orchestra/testbench-core/src/Concerns/CreatesApplication.php:311
/var/www/html/vendor/orchestra/testbench-core/src/TestCase.php:121
/var/www/html/vendor/orchestra/testbench-core/src/Concerns/ApplicationTestingHooks.php:74
/var/www/html/vendor/orchestra/testbench-core/src/Concerns/Testing.php:43
/var/www/html/vendor/laravel/framework/src/Illuminate/Collections/helpers.php:236
/var/www/html/vendor/orchestra/sidekick/src/functions.php:87
/var/www/html/vendor/laravel/framework/src/Illuminate/Collections/helpers.php:236
/var/www/html/vendor/orchestra/testbench-core/src/Concerns/Testing.php:57
/var/www/html/vendor/orchestra/testbench-core/src/TestCase.php:50
/var/www/html/tests/TestCase.php:61</error>
        </testcase>
        <testcase name="it_has_all_required_exception_classes" file="/var/www/html/tests/Feature/DirectoryStructureValidationTest.php" line="165" class="JTD\LaravelMCP\Tests\Feature\DirectoryStructureValidationTest" classname="JTD.LaravelMCP.Tests.Feature.DirectoryStructureValidationTest" assertions="0" time="0.000000">
          <error type="Exception">JTD\LaravelMCP\Tests\Feature\DirectoryStructureValidationTest::it_has_all_required_exception_classes
Exception: The /var/www/html/vendor/orchestra/testbench-core/laravel/bootstrap/cache directory must be present and writable.

/var/www/html/vendor/laravel/framework/src/Illuminate/Foundation/PackageManifest.php:179
/var/www/html/vendor/orchestra/testbench-core/src/Foundation/PackageManifest.php:157
/var/www/html/vendor/laravel/framework/src/Illuminate/Foundation/PackageManifest.php:132
/var/www/html/vendor/laravel/framework/src/Illuminate/Foundation/PackageManifest.php:108
/var/www/html/vendor/orchestra/testbench-core/src/Foundation/PackageManifest.php:102
/var/www/html/vendor/laravel/framework/src/Illuminate/Foundation/PackageManifest.php:91
/var/www/html/vendor/laravel/framework/src/Illuminate/Foundation/PackageManifest.php:80
/var/www/html/vendor/laravel/framework/src/Illuminate/Foundation/Bootstrap/RegisterFacades.php:26
/var/www/html/vendor/orchestra/testbench-core/src/Concerns/CreatesApplication.php:556
/var/www/html/vendor/orchestra/testbench-core/src/Concerns/CreatesApplication.php:311
/var/www/html/vendor/orchestra/testbench-core/src/TestCase.php:121
/var/www/html/vendor/orchestra/testbench-core/src/Concerns/ApplicationTestingHooks.php:74
/var/www/html/vendor/orchestra/testbench-core/src/Concerns/Testing.php:43
/var/www/html/vendor/laravel/framework/src/Illuminate/Collections/helpers.php:236
/var/www/html/vendor/orchestra/sidekick/src/functions.php:87
/var/www/html/vendor/laravel/framework/src/Illuminate/Collections/helpers.php:236
/var/www/html/vendor/orchestra/testbench-core/src/Concerns/Testing.php:57
/var/www/html/vendor/orchestra/testbench-core/src/TestCase.php:50
/var/www/html/tests/TestCase.php:61</error>
        </testcase>
        <testcase name="it_has_the_mcp_facade" file="/var/www/html/tests/Feature/DirectoryStructureValidationTest.php" line="188" class="JTD\LaravelMCP\Tests\Feature\DirectoryStructureValidationTest" classname="JTD.LaravelMCP.Tests.Feature.DirectoryStructureValidationTest" assertions="0" time="0.000000">
          <error type="Exception">JTD\LaravelMCP\Tests\Feature\DirectoryStructureValidationTest::it_has_the_mcp_facade
Exception: The /var/www/html/vendor/orchestra/testbench-core/laravel/bootstrap/cache directory must be present and writable.

/var/www/html/vendor/laravel/framework/src/Illuminate/Foundation/PackageManifest.php:179
/var/www/html/vendor/orchestra/testbench-core/src/Foundation/PackageManifest.php:157
/var/www/html/vendor/laravel/framework/src/Illuminate/Foundation/PackageManifest.php:132
/var/www/html/vendor/laravel/framework/src/Illuminate/Foundation/PackageManifest.php:108
/var/www/html/vendor/orchestra/testbench-core/src/Foundation/PackageManifest.php:102
/var/www/html/vendor/laravel/framework/src/Illuminate/Foundation/PackageManifest.php:91
/var/www/html/vendor/laravel/framework/src/Illuminate/Foundation/PackageManifest.php:80
/var/www/html/vendor/laravel/framework/src/Illuminate/Foundation/Bootstrap/RegisterFacades.php:26
/var/www/html/vendor/orchestra/testbench-core/src/Concerns/CreatesApplication.php:556
/var/www/html/vendor/orchestra/testbench-core/src/Concerns/CreatesApplication.php:311
/var/www/html/vendor/orchestra/testbench-core/src/TestCase.php:121
/var/www/html/vendor/orchestra/testbench-core/src/Concerns/ApplicationTestingHooks.php:74
/var/www/html/vendor/orchestra/testbench-core/src/Concerns/Testing.php:43
/var/www/html/vendor/laravel/framework/src/Illuminate/Collections/helpers.php:236
/var/www/html/vendor/orchestra/sidekick/src/functions.php:87
/var/www/html/vendor/laravel/framework/src/Illuminate/Collections/helpers.php:236
/var/www/html/vendor/orchestra/testbench-core/src/Concerns/Testing.php:57
/var/www/html/vendor/orchestra/testbench-core/src/TestCase.php:50
/var/www/html/tests/TestCase.php:61</error>
        </testcase>
        <testcase name="it_has_console_utilities" file="/var/www/html/tests/Feature/DirectoryStructureValidationTest.php" line="199" class="JTD\LaravelMCP\Tests\Feature\DirectoryStructureValidationTest" classname="JTD.LaravelMCP.Tests.Feature.DirectoryStructureValidationTest" assertions="0" time="0.000000">
          <error type="Exception">JTD\LaravelMCP\Tests\Feature\DirectoryStructureValidationTest::it_has_console_utilities
Exception: The /var/www/html/vendor/orchestra/testbench-core/laravel/bootstrap/cache directory must be present and writable.

/var/www/html/vendor/laravel/framework/src/Illuminate/Foundation/PackageManifest.php:179
/var/www/html/vendor/orchestra/testbench-core/src/Foundation/PackageManifest.php:157
/var/www/html/vendor/laravel/framework/src/Illuminate/Foundation/PackageManifest.php:132
/var/www/html/vendor/laravel/framework/src/Illuminate/Foundation/PackageManifest.php:108
/var/www/html/vendor/orchestra/testbench-core/src/Foundation/PackageManifest.php:102
/var/www/html/vendor/laravel/framework/src/Illuminate/Foundation/PackageManifest.php:91
/var/www/html/vendor/laravel/framework/src/Illuminate/Foundation/PackageManifest.php:80
/var/www/html/vendor/laravel/framework/src/Illuminate/Foundation/Bootstrap/RegisterFacades.php:26
/var/www/html/vendor/orchestra/testbench-core/src/Concerns/CreatesApplication.php:556
/var/www/html/vendor/orchestra/testbench-core/src/Concerns/CreatesApplication.php:311
/var/www/html/vendor/orchestra/testbench-core/src/TestCase.php:121
/var/www/html/vendor/orchestra/testbench-core/src/Concerns/ApplicationTestingHooks.php:74
/var/www/html/vendor/orchestra/testbench-core/src/Concerns/Testing.php:43
/var/www/html/vendor/laravel/framework/src/Illuminate/Collections/helpers.php:236
/var/www/html/vendor/orchestra/sidekick/src/functions.php:87
/var/www/html/vendor/laravel/framework/src/Illuminate/Collections/helpers.php:236
/var/www/html/vendor/orchestra/testbench-core/src/Concerns/Testing.php:57
/var/www/html/vendor/orchestra/testbench-core/src/TestCase.php:50
/var/www/html/tests/TestCase.php:61</error>
        </testcase>
        <testcase name="it_has_all_code_generation_stubs" file="/var/www/html/tests/Feature/DirectoryStructureValidationTest.php" line="219" class="JTD\LaravelMCP\Tests\Feature\DirectoryStructureValidationTest" classname="JTD.LaravelMCP.Tests.Feature.DirectoryStructureValidationTest" assertions="0" time="0.000000">
          <error type="Exception">JTD\LaravelMCP\Tests\Feature\DirectoryStructureValidationTest::it_has_all_code_generation_stubs
Exception: The /var/www/html/vendor/orchestra/testbench-core/laravel/bootstrap/cache directory must be present and writable.

/var/www/html/vendor/laravel/framework/src/Illuminate/Foundation/PackageManifest.php:179
/var/www/html/vendor/orchestra/testbench-core/src/Foundation/PackageManifest.php:157
/var/www/html/vendor/laravel/framework/src/Illuminate/Foundation/PackageManifest.php:132
/var/www/html/vendor/laravel/framework/src/Illuminate/Foundation/PackageManifest.php:108
/var/www/html/vendor/orchestra/testbench-core/src/Foundation/PackageManifest.php:102
/var/www/html/vendor/laravel/framework/src/Illuminate/Foundation/PackageManifest.php:91
/var/www/html/vendor/laravel/framework/src/Illuminate/Foundation/PackageManifest.php:80
/var/www/html/vendor/laravel/framework/src/Illuminate/Foundation/Bootstrap/RegisterFacades.php:26
/var/www/html/vendor/orchestra/testbench-core/src/Concerns/CreatesApplication.php:556
/var/www/html/vendor/orchestra/testbench-core/src/Concerns/CreatesApplication.php:311
/var/www/html/vendor/orchestra/testbench-core/src/TestCase.php:121
/var/www/html/vendor/orchestra/testbench-core/src/Concerns/ApplicationTestingHooks.php:74
/var/www/html/vendor/orchestra/testbench-core/src/Concerns/Testing.php:43
/var/www/html/vendor/laravel/framework/src/Illuminate/Collections/helpers.php:236
/var/www/html/vendor/orchestra/sidekick/src/functions.php:87
/var/www/html/vendor/laravel/framework/src/Illuminate/Collections/helpers.php:236
/var/www/html/vendor/orchestra/testbench-core/src/Concerns/Testing.php:57
/var/www/html/vendor/orchestra/testbench-core/src/TestCase.php:50
/var/www/html/tests/TestCase.php:61</error>
        </testcase>
        <testcase name="it_has_debug_view_template" file="/var/www/html/tests/Feature/DirectoryStructureValidationTest.php" line="242" class="JTD\LaravelMCP\Tests\Feature\DirectoryStructureValidationTest" classname="JTD.LaravelMCP.Tests.Feature.DirectoryStructureValidationTest" assertions="0" time="0.000000">
          <error type="Exception">JTD\LaravelMCP\Tests\Feature\DirectoryStructureValidationTest::it_has_debug_view_template
Exception: The /var/www/html/vendor/orchestra/testbench-core/laravel/bootstrap/cache directory must be present and writable.

/var/www/html/vendor/laravel/framework/src/Illuminate/Foundation/PackageManifest.php:179
/var/www/html/vendor/orchestra/testbench-core/src/Foundation/PackageManifest.php:157
/var/www/html/vendor/laravel/framework/src/Illuminate/Foundation/PackageManifest.php:132
/var/www/html/vendor/laravel/framework/src/Illuminate/Foundation/PackageManifest.php:108
/var/www/html/vendor/orchestra/testbench-core/src/Foundation/PackageManifest.php:102
/var/www/html/vendor/laravel/framework/src/Illuminate/Foundation/PackageManifest.php:91
/var/www/html/vendor/laravel/framework/src/Illuminate/Foundation/PackageManifest.php:80
/var/www/html/vendor/laravel/framework/src/Illuminate/Foundation/Bootstrap/RegisterFacades.php:26
/var/www/html/vendor/orchestra/testbench-core/src/Concerns/CreatesApplication.php:556
/var/www/html/vendor/orchestra/testbench-core/src/Concerns/CreatesApplication.php:311
/var/www/html/vendor/orchestra/testbench-core/src/TestCase.php:121
/var/www/html/vendor/orchestra/testbench-core/src/Concerns/ApplicationTestingHooks.php:74
/var/www/html/vendor/orchestra/testbench-core/src/Concerns/Testing.php:43
/var/www/html/vendor/laravel/framework/src/Illuminate/Collections/helpers.php:236
/var/www/html/vendor/orchestra/sidekick/src/functions.php:87
/var/www/html/vendor/laravel/framework/src/Illuminate/Collections/helpers.php:236
/var/www/html/vendor/orchestra/testbench-core/src/Concerns/Testing.php:57
/var/www/html/vendor/orchestra/testbench-core/src/TestCase.php:50
/var/www/html/tests/TestCase.php:61</error>
        </testcase>
        <testcase name="it_has_base_test_case" file="/var/www/html/tests/Feature/DirectoryStructureValidationTest.php" line="253" class="JTD\LaravelMCP\Tests\Feature\DirectoryStructureValidationTest" classname="JTD.LaravelMCP.Tests.Feature.DirectoryStructureValidationTest" assertions="0" time="0.000000">
          <error type="Exception">JTD\LaravelMCP\Tests\Feature\DirectoryStructureValidationTest::it_has_base_test_case
Exception: The /var/www/html/vendor/orchestra/testbench-core/laravel/bootstrap/cache directory must be present and writable.

/var/www/html/vendor/laravel/framework/src/Illuminate/Foundation/PackageManifest.php:179
/var/www/html/vendor/orchestra/testbench-core/src/Foundation/PackageManifest.php:157
/var/www/html/vendor/laravel/framework/src/Illuminate/Foundation/PackageManifest.php:132
/var/www/html/vendor/laravel/framework/src/Illuminate/Foundation/PackageManifest.php:108
/var/www/html/vendor/orchestra/testbench-core/src/Foundation/PackageManifest.php:102
/var/www/html/vendor/laravel/framework/src/Illuminate/Foundation/PackageManifest.php:91
/var/www/html/vendor/laravel/framework/src/Illuminate/Foundation/PackageManifest.php:80
/var/www/html/vendor/laravel/framework/src/Illuminate/Foundation/Bootstrap/RegisterFacades.php:26
/var/www/html/vendor/orchestra/testbench-core/src/Concerns/CreatesApplication.php:556
/var/www/html/vendor/orchestra/testbench-core/src/Concerns/CreatesApplication.php:311
/var/www/html/vendor/orchestra/testbench-core/src/TestCase.php:121
/var/www/html/vendor/orchestra/testbench-core/src/Concerns/ApplicationTestingHooks.php:74
/var/www/html/vendor/orchestra/testbench-core/src/Concerns/Testing.php:43
/var/www/html/vendor/laravel/framework/src/Illuminate/Collections/helpers.php:236
/var/www/html/vendor/orchestra/sidekick/src/functions.php:87
/var/www/html/vendor/laravel/framework/src/Illuminate/Collections/helpers.php:236
/var/www/html/vendor/orchestra/testbench-core/src/Concerns/Testing.php:57
/var/www/html/vendor/orchestra/testbench-core/src/TestCase.php:50
/var/www/html/tests/TestCase.php:61</error>
        </testcase>
        <testcase name="it_has_test_fixtures" file="/var/www/html/tests/Feature/DirectoryStructureValidationTest.php" line="264" class="JTD\LaravelMCP\Tests\Feature\DirectoryStructureValidationTest" classname="JTD.LaravelMCP.Tests.Feature.DirectoryStructureValidationTest" assertions="0" time="0.000000">
          <error type="Exception">JTD\LaravelMCP\Tests\Feature\DirectoryStructureValidationTest::it_has_test_fixtures
Exception: The /var/www/html/vendor/orchestra/testbench-core/laravel/bootstrap/cache directory must be present and writable.

/var/www/html/vendor/laravel/framework/src/Illuminate/Foundation/PackageManifest.php:179
/var/www/html/vendor/orchestra/testbench-core/src/Foundation/PackageManifest.php:157
/var/www/html/vendor/laravel/framework/src/Illuminate/Foundation/PackageManifest.php:132
/var/www/html/vendor/laravel/framework/src/Illuminate/Foundation/PackageManifest.php:108
/var/www/html/vendor/orchestra/testbench-core/src/Foundation/PackageManifest.php:102
/var/www/html/vendor/laravel/framework/src/Illuminate/Foundation/PackageManifest.php:91
/var/www/html/vendor/laravel/framework/src/Illuminate/Foundation/PackageManifest.php:80
/var/www/html/vendor/laravel/framework/src/Illuminate/Foundation/Bootstrap/RegisterFacades.php:26
/var/www/html/vendor/orchestra/testbench-core/src/Concerns/CreatesApplication.php:556
/var/www/html/vendor/orchestra/testbench-core/src/Concerns/CreatesApplication.php:311
/var/www/html/vendor/orchestra/testbench-core/src/TestCase.php:121
/var/www/html/vendor/orchestra/testbench-core/src/Concerns/ApplicationTestingHooks.php:74
/var/www/html/vendor/orchestra/testbench-core/src/Concerns/Testing.php:43
/var/www/html/vendor/laravel/framework/src/Illuminate/Collections/helpers.php:236
/var/www/html/vendor/orchestra/sidekick/src/functions.php:87
/var/www/html/vendor/laravel/framework/src/Illuminate/Collections/helpers.php:236
/var/www/html/vendor/orchestra/testbench-core/src/Concerns/Testing.php:57
/var/www/html/vendor/orchestra/testbench-core/src/TestCase.php:50
/var/www/html/tests/TestCase.php:61</error>
        </testcase>
        <testcase name="it_can_load_all_contract_interfaces" file="/var/www/html/tests/Feature/DirectoryStructureValidationTest.php" line="288" class="JTD\LaravelMCP\Tests\Feature\DirectoryStructureValidationTest" classname="JTD.LaravelMCP.Tests.Feature.DirectoryStructureValidationTest" assertions="0" time="0.000000">
          <error type="Exception">JTD\LaravelMCP\Tests\Feature\DirectoryStructureValidationTest::it_can_load_all_contract_interfaces
Exception: The /var/www/html/vendor/orchestra/testbench-core/laravel/bootstrap/cache directory must be present and writable.

/var/www/html/vendor/laravel/framework/src/Illuminate/Foundation/PackageManifest.php:179
/var/www/html/vendor/orchestra/testbench-core/src/Foundation/PackageManifest.php:157
/var/www/html/vendor/laravel/framework/src/Illuminate/Foundation/PackageManifest.php:132
/var/www/html/vendor/laravel/framework/src/Illuminate/Foundation/PackageManifest.php:108
/var/www/html/vendor/orchestra/testbench-core/src/Foundation/PackageManifest.php:102
/var/www/html/vendor/laravel/framework/src/Illuminate/Foundation/PackageManifest.php:91
/var/www/html/vendor/laravel/framework/src/Illuminate/Foundation/PackageManifest.php:80
/var/www/html/vendor/laravel/framework/src/Illuminate/Foundation/Bootstrap/RegisterFacades.php:26
/var/www/html/vendor/orchestra/testbench-core/src/Concerns/CreatesApplication.php:556
/var/www/html/vendor/orchestra/testbench-core/src/Concerns/CreatesApplication.php:311
/var/www/html/vendor/orchestra/testbench-core/src/TestCase.php:121
/var/www/html/vendor/orchestra/testbench-core/src/Concerns/ApplicationTestingHooks.php:74
/var/www/html/vendor/orchestra/testbench-core/src/Concerns/Testing.php:43
/var/www/html/vendor/laravel/framework/src/Illuminate/Collections/helpers.php:236
/var/www/html/vendor/orchestra/sidekick/src/functions.php:87
/var/www/html/vendor/laravel/framework/src/Illuminate/Collections/helpers.php:236
/var/www/html/vendor/orchestra/testbench-core/src/Concerns/Testing.php:57
/var/www/html/vendor/orchestra/testbench-core/src/TestCase.php:50
/var/www/html/tests/TestCase.php:61</error>
        </testcase>
        <testcase name="it_can_load_all_trait_classes" file="/var/www/html/tests/Feature/DirectoryStructureValidationTest.php" line="312" class="JTD\LaravelMCP\Tests\Feature\DirectoryStructureValidationTest" classname="JTD.LaravelMCP.Tests.Feature.DirectoryStructureValidationTest" assertions="0" time="0.000000">
          <error type="Exception">JTD\LaravelMCP\Tests\Feature\DirectoryStructureValidationTest::it_can_load_all_trait_classes
Exception: The /var/www/html/vendor/orchestra/testbench-core/laravel/bootstrap/cache directory must be present and writable.

/var/www/html/vendor/laravel/framework/src/Illuminate/Foundation/PackageManifest.php:179
/var/www/html/vendor/orchestra/testbench-core/src/Foundation/PackageManifest.php:157
/var/www/html/vendor/laravel/framework/src/Illuminate/Foundation/PackageManifest.php:132
/var/www/html/vendor/laravel/framework/src/Illuminate/Foundation/PackageManifest.php:108
/var/www/html/vendor/orchestra/testbench-core/src/Foundation/PackageManifest.php:102
/var/www/html/vendor/laravel/framework/src/Illuminate/Foundation/PackageManifest.php:91
/var/www/html/vendor/laravel/framework/src/Illuminate/Foundation/PackageManifest.php:80
/var/www/html/vendor/laravel/framework/src/Illuminate/Foundation/Bootstrap/RegisterFacades.php:26
/var/www/html/vendor/orchestra/testbench-core/src/Concerns/CreatesApplication.php:556
/var/www/html/vendor/orchestra/testbench-core/src/Concerns/CreatesApplication.php:311
/var/www/html/vendor/orchestra/testbench-core/src/TestCase.php:121
/var/www/html/vendor/orchestra/testbench-core/src/Concerns/ApplicationTestingHooks.php:74
/var/www/html/vendor/orchestra/testbench-core/src/Concerns/Testing.php:43
/var/www/html/vendor/laravel/framework/src/Illuminate/Collections/helpers.php:236
/var/www/html/vendor/orchestra/sidekick/src/functions.php:87
/var/www/html/vendor/laravel/framework/src/Illuminate/Collections/helpers.php:236
/var/www/html/vendor/orchestra/testbench-core/src/Concerns/Testing.php:57
/var/www/html/vendor/orchestra/testbench-core/src/TestCase.php:50
/var/www/html/tests/TestCase.php:61</error>
        </testcase>
        <testcase name="it_can_load_all_exception_classes" file="/var/www/html/tests/Feature/DirectoryStructureValidationTest.php" line="333" class="JTD\LaravelMCP\Tests\Feature\DirectoryStructureValidationTest" classname="JTD.LaravelMCP.Tests.Feature.DirectoryStructureValidationTest" assertions="0" time="0.000000">
          <error type="Exception">JTD\LaravelMCP\Tests\Feature\DirectoryStructureValidationTest::it_can_load_all_exception_classes
Exception: The /var/www/html/vendor/orchestra/testbench-core/laravel/bootstrap/cache directory must be present and writable.

/var/www/html/vendor/laravel/framework/src/Illuminate/Foundation/PackageManifest.php:179
/var/www/html/vendor/orchestra/testbench-core/src/Foundation/PackageManifest.php:157
/var/www/html/vendor/laravel/framework/src/Illuminate/Foundation/PackageManifest.php:132
/var/www/html/vendor/laravel/framework/src/Illuminate/Foundation/PackageManifest.php:108
/var/www/html/vendor/orchestra/testbench-core/src/Foundation/PackageManifest.php:102
/var/www/html/vendor/laravel/framework/src/Illuminate/Foundation/PackageManifest.php:91
/var/www/html/vendor/laravel/framework/src/Illuminate/Foundation/PackageManifest.php:80
/var/www/html/vendor/laravel/framework/src/Illuminate/Foundation/Bootstrap/RegisterFacades.php:26
/var/www/html/vendor/orchestra/testbench-core/src/Concerns/CreatesApplication.php:556
/var/www/html/vendor/orchestra/testbench-core/src/Concerns/CreatesApplication.php:311
/var/www/html/vendor/orchestra/testbench-core/src/TestCase.php:121
/var/www/html/vendor/orchestra/testbench-core/src/Concerns/ApplicationTestingHooks.php:74
/var/www/html/vendor/orchestra/testbench-core/src/Concerns/Testing.php:43
/var/www/html/vendor/laravel/framework/src/Illuminate/Collections/helpers.php:236
/var/www/html/vendor/orchestra/sidekick/src/functions.php:87
/var/www/html/vendor/laravel/framework/src/Illuminate/Collections/helpers.php:236
/var/www/html/vendor/orchestra/testbench-core/src/Concerns/Testing.php:57
/var/www/html/vendor/orchestra/testbench-core/src/TestCase.php:50
/var/www/html/tests/TestCase.php:61</error>
        </testcase>
        <testcase name="it_can_load_mcp_facade" file="/var/www/html/tests/Feature/DirectoryStructureValidationTest.php" line="363" class="JTD\LaravelMCP\Tests\Feature\DirectoryStructureValidationTest" classname="JTD.LaravelMCP.Tests.Feature.DirectoryStructureValidationTest" assertions="0" time="0.000000">
          <error type="Exception">JTD\LaravelMCP\Tests\Feature\DirectoryStructureValidationTest::it_can_load_mcp_facade
Exception: The /var/www/html/vendor/orchestra/testbench-core/laravel/bootstrap/cache directory must be present and writable.

/var/www/html/vendor/laravel/framework/src/Illuminate/Foundation/PackageManifest.php:179
/var/www/html/vendor/orchestra/testbench-core/src/Foundation/PackageManifest.php:157
/var/www/html/vendor/laravel/framework/src/Illuminate/Foundation/PackageManifest.php:132
/var/www/html/vendor/laravel/framework/src/Illuminate/Foundation/PackageManifest.php:108
/var/www/html/vendor/orchestra/testbench-core/src/Foundation/PackageManifest.php:102
/var/www/html/vendor/laravel/framework/src/Illuminate/Foundation/PackageManifest.php:91
/var/www/html/vendor/laravel/framework/src/Illuminate/Foundation/PackageManifest.php:80
/var/www/html/vendor/laravel/framework/src/Illuminate/Foundation/Bootstrap/RegisterFacades.php:26
/var/www/html/vendor/orchestra/testbench-core/src/Concerns/CreatesApplication.php:556
/var/www/html/vendor/orchestra/testbench-core/src/Concerns/CreatesApplication.php:311
/var/www/html/vendor/orchestra/testbench-core/src/TestCase.php:121
/var/www/html/vendor/orchestra/testbench-core/src/Concerns/ApplicationTestingHooks.php:74
/var/www/html/vendor/orchestra/testbench-core/src/Concerns/Testing.php:43
/var/www/html/vendor/laravel/framework/src/Illuminate/Collections/helpers.php:236
/var/www/html/vendor/orchestra/sidekick/src/functions.php:87
/var/www/html/vendor/laravel/framework/src/Illuminate/Collections/helpers.php:236
/var/www/html/vendor/orchestra/testbench-core/src/Concerns/Testing.php:57
/var/www/html/vendor/orchestra/testbench-core/src/TestCase.php:50
/var/www/html/tests/TestCase.php:61</error>
        </testcase>
        <testcase name="it_can_load_console_utilities" file="/var/www/html/tests/Feature/DirectoryStructureValidationTest.php" line="382" class="JTD\LaravelMCP\Tests\Feature\DirectoryStructureValidationTest" classname="JTD.LaravelMCP.Tests.Feature.DirectoryStructureValidationTest" assertions="0" time="0.000000">
          <error type="Exception">JTD\LaravelMCP\Tests\Feature\DirectoryStructureValidationTest::it_can_load_console_utilities
Exception: The /var/www/html/vendor/orchestra/testbench-core/laravel/bootstrap/cache directory must be present and writable.

/var/www/html/vendor/laravel/framework/src/Illuminate/Foundation/PackageManifest.php:179
/var/www/html/vendor/orchestra/testbench-core/src/Foundation/PackageManifest.php:157
/var/www/html/vendor/laravel/framework/src/Illuminate/Foundation/PackageManifest.php:132
/var/www/html/vendor/laravel/framework/src/Illuminate/Foundation/PackageManifest.php:108
/var/www/html/vendor/orchestra/testbench-core/src/Foundation/PackageManifest.php:102
/var/www/html/vendor/laravel/framework/src/Illuminate/Foundation/PackageManifest.php:91
/var/www/html/vendor/laravel/framework/src/Illuminate/Foundation/PackageManifest.php:80
/var/www/html/vendor/laravel/framework/src/Illuminate/Foundation/Bootstrap/RegisterFacades.php:26
/var/www/html/vendor/orchestra/testbench-core/src/Concerns/CreatesApplication.php:556
/var/www/html/vendor/orchestra/testbench-core/src/Concerns/CreatesApplication.php:311
/var/www/html/vendor/orchestra/testbench-core/src/TestCase.php:121
/var/www/html/vendor/orchestra/testbench-core/src/Concerns/ApplicationTestingHooks.php:74
/var/www/html/vendor/orchestra/testbench-core/src/Concerns/Testing.php:43
/var/www/html/vendor/laravel/framework/src/Illuminate/Collections/helpers.php:236
/var/www/html/vendor/orchestra/sidekick/src/functions.php:87
/var/www/html/vendor/laravel/framework/src/Illuminate/Collections/helpers.php:236
/var/www/html/vendor/orchestra/testbench-core/src/Concerns/Testing.php:57
/var/www/html/vendor/orchestra/testbench-core/src/TestCase.php:50
/var/www/html/tests/TestCase.php:61</error>
        </testcase>
        <testcase name="it_can_load_test_fixtures" file="/var/www/html/tests/Feature/DirectoryStructureValidationTest.php" line="396" class="JTD\LaravelMCP\Tests\Feature\DirectoryStructureValidationTest" classname="JTD.LaravelMCP.Tests.Feature.DirectoryStructureValidationTest" assertions="0" time="0.000000">
          <error type="Exception">JTD\LaravelMCP\Tests\Feature\DirectoryStructureValidationTest::it_can_load_test_fixtures
Exception: The /var/www/html/vendor/orchestra/testbench-core/laravel/bootstrap/cache directory must be present and writable.

/var/www/html/vendor/laravel/framework/src/Illuminate/Foundation/PackageManifest.php:179
/var/www/html/vendor/orchestra/testbench-core/src/Foundation/PackageManifest.php:157
/var/www/html/vendor/laravel/framework/src/Illuminate/Foundation/PackageManifest.php:132
/var/www/html/vendor/laravel/framework/src/Illuminate/Foundation/PackageManifest.php:108
/var/www/html/vendor/orchestra/testbench-core/src/Foundation/PackageManifest.php:102
/var/www/html/vendor/laravel/framework/src/Illuminate/Foundation/PackageManifest.php:91
/var/www/html/vendor/laravel/framework/src/Illuminate/Foundation/PackageManifest.php:80
/var/www/html/vendor/laravel/framework/src/Illuminate/Foundation/Bootstrap/RegisterFacades.php:26
/var/www/html/vendor/orchestra/testbench-core/src/Concerns/CreatesApplication.php:556
/var/www/html/vendor/orchestra/testbench-core/src/Concerns/CreatesApplication.php:311
/var/www/html/vendor/orchestra/testbench-core/src/TestCase.php:121
/var/www/html/vendor/orchestra/testbench-core/src/Concerns/ApplicationTestingHooks.php:74
/var/www/html/vendor/orchestra/testbench-core/src/Concerns/Testing.php:43
/var/www/html/vendor/laravel/framework/src/Illuminate/Collections/helpers.php:236
/var/www/html/vendor/orchestra/sidekick/src/functions.php:87
/var/www/html/vendor/laravel/framework/src/Illuminate/Collections/helpers.php:236
/var/www/html/vendor/orchestra/testbench-core/src/Concerns/Testing.php:57
/var/www/html/vendor/orchestra/testbench-core/src/TestCase.php:50
/var/www/html/tests/TestCase.php:61</error>
        </testcase>
        <testcase name="it_follows_laravel_namespace_patterns" file="/var/www/html/tests/Feature/DirectoryStructureValidationTest.php" line="419" class="JTD\LaravelMCP\Tests\Feature\DirectoryStructureValidationTest" classname="JTD.LaravelMCP.Tests.Feature.DirectoryStructureValidationTest" assertions="0" time="0.000000">
          <error type="Exception">JTD\LaravelMCP\Tests\Feature\DirectoryStructureValidationTest::it_follows_laravel_namespace_patterns
Exception: The /var/www/html/vendor/orchestra/testbench-core/laravel/bootstrap/cache directory must be present and writable.

/var/www/html/vendor/laravel/framework/src/Illuminate/Foundation/PackageManifest.php:179
/var/www/html/vendor/orchestra/testbench-core/src/Foundation/PackageManifest.php:157
/var/www/html/vendor/laravel/framework/src/Illuminate/Foundation/PackageManifest.php:132
/var/www/html/vendor/laravel/framework/src/Illuminate/Foundation/PackageManifest.php:108
/var/www/html/vendor/orchestra/testbench-core/src/Foundation/PackageManifest.php:102
/var/www/html/vendor/laravel/framework/src/Illuminate/Foundation/PackageManifest.php:91
/var/www/html/vendor/laravel/framework/src/Illuminate/Foundation/PackageManifest.php:80
/var/www/html/vendor/laravel/framework/src/Illuminate/Foundation/Bootstrap/RegisterFacades.php:26
/var/www/html/vendor/orchestra/testbench-core/src/Concerns/CreatesApplication.php:556
/var/www/html/vendor/orchestra/testbench-core/src/Concerns/CreatesApplication.php:311
/var/www/html/vendor/orchestra/testbench-core/src/TestCase.php:121
/var/www/html/vendor/orchestra/testbench-core/src/Concerns/ApplicationTestingHooks.php:74
/var/www/html/vendor/orchestra/testbench-core/src/Concerns/Testing.php:43
/var/www/html/vendor/laravel/framework/src/Illuminate/Collections/helpers.php:236
/var/www/html/vendor/orchestra/sidekick/src/functions.php:87
/var/www/html/vendor/laravel/framework/src/Illuminate/Collections/helpers.php:236
/var/www/html/vendor/orchestra/testbench-core/src/Concerns/Testing.php:57
/var/www/html/vendor/orchestra/testbench-core/src/TestCase.php:50
/var/www/html/tests/TestCase.php:61</error>
        </testcase>
        <testcase name="it_supports_psr4_autoloading" file="/var/www/html/tests/Feature/DirectoryStructureValidationTest.php" line="436" class="JTD\LaravelMCP\Tests\Feature\DirectoryStructureValidationTest" classname="JTD.LaravelMCP.Tests.Feature.DirectoryStructureValidationTest" assertions="0" time="0.000000">
          <error type="Exception">JTD\LaravelMCP\Tests\Feature\DirectoryStructureValidationTest::it_supports_psr4_autoloading
Exception: The /var/www/html/vendor/orchestra/testbench-core/laravel/bootstrap/cache directory must be present and writable.

/var/www/html/vendor/laravel/framework/src/Illuminate/Foundation/PackageManifest.php:179
/var/www/html/vendor/orchestra/testbench-core/src/Foundation/PackageManifest.php:157
/var/www/html/vendor/laravel/framework/src/Illuminate/Foundation/PackageManifest.php:132
/var/www/html/vendor/laravel/framework/src/Illuminate/Foundation/PackageManifest.php:108
/var/www/html/vendor/orchestra/testbench-core/src/Foundation/PackageManifest.php:102
/var/www/html/vendor/laravel/framework/src/Illuminate/Foundation/PackageManifest.php:91
/var/www/html/vendor/laravel/framework/src/Illuminate/Foundation/PackageManifest.php:80
/var/www/html/vendor/laravel/framework/src/Illuminate/Foundation/Bootstrap/RegisterFacades.php:26
/var/www/html/vendor/orchestra/testbench-core/src/Concerns/CreatesApplication.php:556
/var/www/html/vendor/orchestra/testbench-core/src/Concerns/CreatesApplication.php:311
/var/www/html/vendor/orchestra/testbench-core/src/TestCase.php:121
/var/www/html/vendor/orchestra/testbench-core/src/Concerns/ApplicationTestingHooks.php:74
/var/www/html/vendor/orchestra/testbench-core/src/Concerns/Testing.php:43
/var/www/html/vendor/laravel/framework/src/Illuminate/Collections/helpers.php:236
/var/www/html/vendor/orchestra/sidekick/src/functions.php:87
/var/www/html/vendor/laravel/framework/src/Illuminate/Collections/helpers.php:236
/var/www/html/vendor/orchestra/testbench-core/src/Concerns/Testing.php:57
/var/www/html/vendor/orchestra/testbench-core/src/TestCase.php:50
/var/www/html/tests/TestCase.php:61</error>
        </testcase>
      </testsuite>
      <testsuite name="JTD\LaravelMCP\Tests\Feature\Documentation\DocumentationGenerationTest" file="/var/www/html/tests/Feature/Documentation/DocumentationGenerationTest.php" tests="11" assertions="0" errors="11" failures="0" skipped="0" time="0.000000">
        <testcase name="it_generates_complete_documentation_via_artisan_command" file="/var/www/html/tests/Feature/Documentation/DocumentationGenerationTest.php" line="51" class="JTD\LaravelMCP\Tests\Feature\Documentation\DocumentationGenerationTest" classname="JTD.LaravelMCP.Tests.Feature.Documentation.DocumentationGenerationTest" assertions="0" time="0.000000">
          <error type="Exception">JTD\LaravelMCP\Tests\Feature\Documentation\DocumentationGenerationTest::it_generates_complete_documentation_via_artisan_command
Exception: The /var/www/html/vendor/orchestra/testbench-core/laravel/bootstrap/cache directory must be present and writable.

/var/www/html/vendor/laravel/framework/src/Illuminate/Foundation/PackageManifest.php:179
/var/www/html/vendor/orchestra/testbench-core/src/Foundation/PackageManifest.php:157
/var/www/html/vendor/laravel/framework/src/Illuminate/Foundation/PackageManifest.php:132
/var/www/html/vendor/laravel/framework/src/Illuminate/Foundation/PackageManifest.php:108
/var/www/html/vendor/orchestra/testbench-core/src/Foundation/PackageManifest.php:102
/var/www/html/vendor/laravel/framework/src/Illuminate/Foundation/PackageManifest.php:91
/var/www/html/vendor/laravel/framework/src/Illuminate/Foundation/PackageManifest.php:80
/var/www/html/vendor/laravel/framework/src/Illuminate/Foundation/Bootstrap/RegisterFacades.php:26
/var/www/html/vendor/orchestra/testbench-core/src/Concerns/CreatesApplication.php:556
/var/www/html/vendor/orchestra/testbench-core/src/Concerns/CreatesApplication.php:311
/var/www/html/vendor/orchestra/testbench-core/src/TestCase.php:121
/var/www/html/vendor/orchestra/testbench-core/src/Concerns/ApplicationTestingHooks.php:74
/var/www/html/vendor/orchestra/testbench-core/src/Concerns/Testing.php:43
/var/www/html/vendor/laravel/framework/src/Illuminate/Collections/helpers.php:236
/var/www/html/vendor/orchestra/sidekick/src/functions.php:87
/var/www/html/vendor/laravel/framework/src/Illuminate/Collections/helpers.php:236
/var/www/html/vendor/orchestra/testbench-core/src/Concerns/Testing.php:57
/var/www/html/vendor/orchestra/testbench-core/src/TestCase.php:50
/var/www/html/tests/TestCase.php:61
/var/www/html/tests/Feature/Documentation/DocumentationGenerationTest.php:24</error>
        </testcase>
        <testcase name="it_generates_single_file_documentation" file="/var/www/html/tests/Feature/Documentation/DocumentationGenerationTest.php" line="80" class="JTD\LaravelMCP\Tests\Feature\Documentation\DocumentationGenerationTest" classname="JTD.LaravelMCP.Tests.Feature.Documentation.DocumentationGenerationTest" assertions="0" time="0.000000">
          <error type="Exception">JTD\LaravelMCP\Tests\Feature\Documentation\DocumentationGenerationTest::it_generates_single_file_documentation
Exception: The /var/www/html/vendor/orchestra/testbench-core/laravel/bootstrap/cache directory must be present and writable.

/var/www/html/vendor/laravel/framework/src/Illuminate/Foundation/PackageManifest.php:179
/var/www/html/vendor/orchestra/testbench-core/src/Foundation/PackageManifest.php:157
/var/www/html/vendor/laravel/framework/src/Illuminate/Foundation/PackageManifest.php:132
/var/www/html/vendor/laravel/framework/src/Illuminate/Foundation/PackageManifest.php:108
/var/www/html/vendor/orchestra/testbench-core/src/Foundation/PackageManifest.php:102
/var/www/html/vendor/laravel/framework/src/Illuminate/Foundation/PackageManifest.php:91
/var/www/html/vendor/laravel/framework/src/Illuminate/Foundation/PackageManifest.php:80
/var/www/html/vendor/laravel/framework/src/Illuminate/Foundation/Bootstrap/RegisterFacades.php:26
/var/www/html/vendor/orchestra/testbench-core/src/Concerns/CreatesApplication.php:556
/var/www/html/vendor/orchestra/testbench-core/src/Concerns/CreatesApplication.php:311
/var/www/html/vendor/orchestra/testbench-core/src/TestCase.php:121
/var/www/html/vendor/orchestra/testbench-core/src/Concerns/ApplicationTestingHooks.php:74
/var/www/html/vendor/orchestra/testbench-core/src/Concerns/Testing.php:43
/var/www/html/vendor/laravel/framework/src/Illuminate/Collections/helpers.php:236
/var/www/html/vendor/orchestra/sidekick/src/functions.php:87
/var/www/html/vendor/laravel/framework/src/Illuminate/Collections/helpers.php:236
/var/www/html/vendor/orchestra/testbench-core/src/Concerns/Testing.php:57
/var/www/html/vendor/orchestra/testbench-core/src/TestCase.php:50
/var/www/html/tests/TestCase.php:61
/var/www/html/tests/Feature/Documentation/DocumentationGenerationTest.php:24</error>
        </testcase>
        <testcase name="it_generates_api_only_documentation" file="/var/www/html/tests/Feature/Documentation/DocumentationGenerationTest.php" line="106" class="JTD\LaravelMCP\Tests\Feature\Documentation\DocumentationGenerationTest" classname="JTD.LaravelMCP.Tests.Feature.Documentation.DocumentationGenerationTest" assertions="0" time="0.000000">
          <error type="Exception">JTD\LaravelMCP\Tests\Feature\Documentation\DocumentationGenerationTest::it_generates_api_only_documentation
Exception: The /var/www/html/vendor/orchestra/testbench-core/laravel/bootstrap/cache directory must be present and writable.

/var/www/html/vendor/laravel/framework/src/Illuminate/Foundation/PackageManifest.php:179
/var/www/html/vendor/orchestra/testbench-core/src/Foundation/PackageManifest.php:157
/var/www/html/vendor/laravel/framework/src/Illuminate/Foundation/PackageManifest.php:132
/var/www/html/vendor/laravel/framework/src/Illuminate/Foundation/PackageManifest.php:108
/var/www/html/vendor/orchestra/testbench-core/src/Foundation/PackageManifest.php:102
/var/www/html/vendor/laravel/framework/src/Illuminate/Foundation/PackageManifest.php:91
/var/www/html/vendor/laravel/framework/src/Illuminate/Foundation/PackageManifest.php:80
/var/www/html/vendor/laravel/framework/src/Illuminate/Foundation/Bootstrap/RegisterFacades.php:26
/var/www/html/vendor/orchestra/testbench-core/src/Concerns/CreatesApplication.php:556
/var/www/html/vendor/orchestra/testbench-core/src/Concerns/CreatesApplication.php:311
/var/www/html/vendor/orchestra/testbench-core/src/TestCase.php:121
/var/www/html/vendor/orchestra/testbench-core/src/Concerns/ApplicationTestingHooks.php:74
/var/www/html/vendor/orchestra/testbench-core/src/Concerns/Testing.php:43
/var/www/html/vendor/laravel/framework/src/Illuminate/Collections/helpers.php:236
/var/www/html/vendor/orchestra/sidekick/src/functions.php:87
/var/www/html/vendor/laravel/framework/src/Illuminate/Collections/helpers.php:236
/var/www/html/vendor/orchestra/testbench-core/src/Concerns/Testing.php:57
/var/www/html/vendor/orchestra/testbench-core/src/TestCase.php:50
/var/www/html/tests/TestCase.php:61
/var/www/html/tests/Feature/Documentation/DocumentationGenerationTest.php:24</error>
        </testcase>
        <testcase name="it_generates_components_only_documentation" file="/var/www/html/tests/Feature/Documentation/DocumentationGenerationTest.php" line="133" class="JTD\LaravelMCP\Tests\Feature\Documentation\DocumentationGenerationTest" classname="JTD.LaravelMCP.Tests.Feature.Documentation.DocumentationGenerationTest" assertions="0" time="0.000000">
          <error type="Exception">JTD\LaravelMCP\Tests\Feature\Documentation\DocumentationGenerationTest::it_generates_components_only_documentation
Exception: The /var/www/html/vendor/orchestra/testbench-core/laravel/bootstrap/cache directory must be present and writable.

/var/www/html/vendor/laravel/framework/src/Illuminate/Foundation/PackageManifest.php:179
/var/www/html/vendor/orchestra/testbench-core/src/Foundation/PackageManifest.php:157
/var/www/html/vendor/laravel/framework/src/Illuminate/Foundation/PackageManifest.php:132
/var/www/html/vendor/laravel/framework/src/Illuminate/Foundation/PackageManifest.php:108
/var/www/html/vendor/orchestra/testbench-core/src/Foundation/PackageManifest.php:102
/var/www/html/vendor/laravel/framework/src/Illuminate/Foundation/PackageManifest.php:91
/var/www/html/vendor/laravel/framework/src/Illuminate/Foundation/PackageManifest.php:80
/var/www/html/vendor/laravel/framework/src/Illuminate/Foundation/Bootstrap/RegisterFacades.php:26
/var/www/html/vendor/orchestra/testbench-core/src/Concerns/CreatesApplication.php:556
/var/www/html/vendor/orchestra/testbench-core/src/Concerns/CreatesApplication.php:311
/var/www/html/vendor/orchestra/testbench-core/src/TestCase.php:121
/var/www/html/vendor/orchestra/testbench-core/src/Concerns/ApplicationTestingHooks.php:74
/var/www/html/vendor/orchestra/testbench-core/src/Concerns/Testing.php:43
/var/www/html/vendor/laravel/framework/src/Illuminate/Collections/helpers.php:236
/var/www/html/vendor/orchestra/sidekick/src/functions.php:87
/var/www/html/vendor/laravel/framework/src/Illuminate/Collections/helpers.php:236
/var/www/html/vendor/orchestra/testbench-core/src/Concerns/Testing.php:57
/var/www/html/vendor/orchestra/testbench-core/src/TestCase.php:50
/var/www/html/tests/TestCase.php:61
/var/www/html/tests/Feature/Documentation/DocumentationGenerationTest.php:24</error>
        </testcase>
        <testcase name="it_enriches_documentation_with_schemas" file="/var/www/html/tests/Feature/Documentation/DocumentationGenerationTest.php" line="155" class="JTD\LaravelMCP\Tests\Feature\Documentation\DocumentationGenerationTest" classname="JTD.LaravelMCP.Tests.Feature.Documentation.DocumentationGenerationTest" assertions="0" time="0.000000">
          <error type="Exception">JTD\LaravelMCP\Tests\Feature\Documentation\DocumentationGenerationTest::it_enriches_documentation_with_schemas
Exception: The /var/www/html/vendor/orchestra/testbench-core/laravel/bootstrap/cache directory must be present and writable.

/var/www/html/vendor/laravel/framework/src/Illuminate/Foundation/PackageManifest.php:179
/var/www/html/vendor/orchestra/testbench-core/src/Foundation/PackageManifest.php:157
/var/www/html/vendor/laravel/framework/src/Illuminate/Foundation/PackageManifest.php:132
/var/www/html/vendor/laravel/framework/src/Illuminate/Foundation/PackageManifest.php:108
/var/www/html/vendor/orchestra/testbench-core/src/Foundation/PackageManifest.php:102
/var/www/html/vendor/laravel/framework/src/Illuminate/Foundation/PackageManifest.php:91
/var/www/html/vendor/laravel/framework/src/Illuminate/Foundation/PackageManifest.php:80
/var/www/html/vendor/laravel/framework/src/Illuminate/Foundation/Bootstrap/RegisterFacades.php:26
/var/www/html/vendor/orchestra/testbench-core/src/Concerns/CreatesApplication.php:556
/var/www/html/vendor/orchestra/testbench-core/src/Concerns/CreatesApplication.php:311
/var/www/html/vendor/orchestra/testbench-core/src/TestCase.php:121
/var/www/html/vendor/orchestra/testbench-core/src/Concerns/ApplicationTestingHooks.php:74
/var/www/html/vendor/orchestra/testbench-core/src/Concerns/Testing.php:43
/var/www/html/vendor/laravel/framework/src/Illuminate/Collections/helpers.php:236
/var/www/html/vendor/orchestra/sidekick/src/functions.php:87
/var/www/html/vendor/laravel/framework/src/Illuminate/Collections/helpers.php:236
/var/www/html/vendor/orchestra/testbench-core/src/Concerns/Testing.php:57
/var/www/html/vendor/orchestra/testbench-core/src/TestCase.php:50
/var/www/html/tests/TestCase.php:61
/var/www/html/tests/Feature/Documentation/DocumentationGenerationTest.php:24</error>
        </testcase>
        <testcase name="it_generates_documentation_with_examples" file="/var/www/html/tests/Feature/Documentation/DocumentationGenerationTest.php" line="216" class="JTD\LaravelMCP\Tests\Feature\Documentation\DocumentationGenerationTest" classname="JTD.LaravelMCP.Tests.Feature.Documentation.DocumentationGenerationTest" assertions="0" time="0.000000">
          <error type="Exception">JTD\LaravelMCP\Tests\Feature\Documentation\DocumentationGenerationTest::it_generates_documentation_with_examples
Exception: The /var/www/html/vendor/orchestra/testbench-core/laravel/bootstrap/cache directory must be present and writable.

/var/www/html/vendor/laravel/framework/src/Illuminate/Foundation/PackageManifest.php:179
/var/www/html/vendor/orchestra/testbench-core/src/Foundation/PackageManifest.php:157
/var/www/html/vendor/laravel/framework/src/Illuminate/Foundation/PackageManifest.php:132
/var/www/html/vendor/laravel/framework/src/Illuminate/Foundation/PackageManifest.php:108
/var/www/html/vendor/orchestra/testbench-core/src/Foundation/PackageManifest.php:102
/var/www/html/vendor/laravel/framework/src/Illuminate/Foundation/PackageManifest.php:91
/var/www/html/vendor/laravel/framework/src/Illuminate/Foundation/PackageManifest.php:80
/var/www/html/vendor/laravel/framework/src/Illuminate/Foundation/Bootstrap/RegisterFacades.php:26
/var/www/html/vendor/orchestra/testbench-core/src/Concerns/CreatesApplication.php:556
/var/www/html/vendor/orchestra/testbench-core/src/Concerns/CreatesApplication.php:311
/var/www/html/vendor/orchestra/testbench-core/src/TestCase.php:121
/var/www/html/vendor/orchestra/testbench-core/src/Concerns/ApplicationTestingHooks.php:74
/var/www/html/vendor/orchestra/testbench-core/src/Concerns/Testing.php:43
/var/www/html/vendor/laravel/framework/src/Illuminate/Collections/helpers.php:236
/var/www/html/vendor/orchestra/sidekick/src/functions.php:87
/var/www/html/vendor/laravel/framework/src/Illuminate/Collections/helpers.php:236
/var/www/html/vendor/orchestra/testbench-core/src/Concerns/Testing.php:57
/var/www/html/vendor/orchestra/testbench-core/src/TestCase.php:50
/var/www/html/tests/TestCase.php:61
/var/www/html/tests/Feature/Documentation/DocumentationGenerationTest.php:24</error>
        </testcase>
        <testcase name="it_integrates_documentation_generator_and_schema_documenter" file="/var/www/html/tests/Feature/Documentation/DocumentationGenerationTest.php" line="241" class="JTD\LaravelMCP\Tests\Feature\Documentation\DocumentationGenerationTest" classname="JTD.LaravelMCP.Tests.Feature.Documentation.DocumentationGenerationTest" assertions="0" time="0.000000">
          <error type="Exception">JTD\LaravelMCP\Tests\Feature\Documentation\DocumentationGenerationTest::it_integrates_documentation_generator_and_schema_documenter
Exception: The /var/www/html/vendor/orchestra/testbench-core/laravel/bootstrap/cache directory must be present and writable.

/var/www/html/vendor/laravel/framework/src/Illuminate/Foundation/PackageManifest.php:179
/var/www/html/vendor/orchestra/testbench-core/src/Foundation/PackageManifest.php:157
/var/www/html/vendor/laravel/framework/src/Illuminate/Foundation/PackageManifest.php:132
/var/www/html/vendor/laravel/framework/src/Illuminate/Foundation/PackageManifest.php:108
/var/www/html/vendor/orchestra/testbench-core/src/Foundation/PackageManifest.php:102
/var/www/html/vendor/laravel/framework/src/Illuminate/Foundation/PackageManifest.php:91
/var/www/html/vendor/laravel/framework/src/Illuminate/Foundation/PackageManifest.php:80
/var/www/html/vendor/laravel/framework/src/Illuminate/Foundation/Bootstrap/RegisterFacades.php:26
/var/www/html/vendor/orchestra/testbench-core/src/Concerns/CreatesApplication.php:556
/var/www/html/vendor/orchestra/testbench-core/src/Concerns/CreatesApplication.php:311
/var/www/html/vendor/orchestra/testbench-core/src/TestCase.php:121
/var/www/html/vendor/orchestra/testbench-core/src/Concerns/ApplicationTestingHooks.php:74
/var/www/html/vendor/orchestra/testbench-core/src/Concerns/Testing.php:43
/var/www/html/vendor/laravel/framework/src/Illuminate/Collections/helpers.php:236
/var/www/html/vendor/orchestra/sidekick/src/functions.php:87
/var/www/html/vendor/laravel/framework/src/Illuminate/Collections/helpers.php:236
/var/www/html/vendor/orchestra/testbench-core/src/Concerns/Testing.php:57
/var/www/html/vendor/orchestra/testbench-core/src/TestCase.php:50
/var/www/html/tests/TestCase.php:61
/var/www/html/tests/Feature/Documentation/DocumentationGenerationTest.php:24</error>
        </testcase>
        <testcase name="it_handles_empty_registries_gracefully" file="/var/www/html/tests/Feature/Documentation/DocumentationGenerationTest.php" line="286" class="JTD\LaravelMCP\Tests\Feature\Documentation\DocumentationGenerationTest" classname="JTD.LaravelMCP.Tests.Feature.Documentation.DocumentationGenerationTest" assertions="0" time="0.000000">
          <error type="Exception">JTD\LaravelMCP\Tests\Feature\Documentation\DocumentationGenerationTest::it_handles_empty_registries_gracefully
Exception: The /var/www/html/vendor/orchestra/testbench-core/laravel/bootstrap/cache directory must be present and writable.

/var/www/html/vendor/laravel/framework/src/Illuminate/Foundation/PackageManifest.php:179
/var/www/html/vendor/orchestra/testbench-core/src/Foundation/PackageManifest.php:157
/var/www/html/vendor/laravel/framework/src/Illuminate/Foundation/PackageManifest.php:132
/var/www/html/vendor/laravel/framework/src/Illuminate/Foundation/PackageManifest.php:108
/var/www/html/vendor/orchestra/testbench-core/src/Foundation/PackageManifest.php:102
/var/www/html/vendor/laravel/framework/src/Illuminate/Foundation/PackageManifest.php:91
/var/www/html/vendor/laravel/framework/src/Illuminate/Foundation/PackageManifest.php:80
/var/www/html/vendor/laravel/framework/src/Illuminate/Foundation/Bootstrap/RegisterFacades.php:26
/var/www/html/vendor/orchestra/testbench-core/src/Concerns/CreatesApplication.php:556
/var/www/html/vendor/orchestra/testbench-core/src/Concerns/CreatesApplication.php:311
/var/www/html/vendor/orchestra/testbench-core/src/TestCase.php:121
/var/www/html/vendor/orchestra/testbench-core/src/Concerns/ApplicationTestingHooks.php:74
/var/www/html/vendor/orchestra/testbench-core/src/Concerns/Testing.php:43
/var/www/html/vendor/laravel/framework/src/Illuminate/Collections/helpers.php:236
/var/www/html/vendor/orchestra/sidekick/src/functions.php:87
/var/www/html/vendor/laravel/framework/src/Illuminate/Collections/helpers.php:236
/var/www/html/vendor/orchestra/testbench-core/src/Concerns/Testing.php:57
/var/www/html/vendor/orchestra/testbench-core/src/TestCase.php:50
/var/www/html/tests/TestCase.php:61
/var/www/html/tests/Feature/Documentation/DocumentationGenerationTest.php:24</error>
        </testcase>
        <testcase name="it_generates_documentation_from_blade_templates" file="/var/www/html/tests/Feature/Documentation/DocumentationGenerationTest.php" line="309" class="JTD\LaravelMCP\Tests\Feature\Documentation\DocumentationGenerationTest" classname="JTD.LaravelMCP.Tests.Feature.Documentation.DocumentationGenerationTest" assertions="0" time="0.000000">
          <error type="Exception">JTD\LaravelMCP\Tests\Feature\Documentation\DocumentationGenerationTest::it_generates_documentation_from_blade_templates
Exception: The /var/www/html/vendor/orchestra/testbench-core/laravel/bootstrap/cache directory must be present and writable.

/var/www/html/vendor/laravel/framework/src/Illuminate/Foundation/PackageManifest.php:179
/var/www/html/vendor/orchestra/testbench-core/src/Foundation/PackageManifest.php:157
/var/www/html/vendor/laravel/framework/src/Illuminate/Foundation/PackageManifest.php:132
/var/www/html/vendor/laravel/framework/src/Illuminate/Foundation/PackageManifest.php:108
/var/www/html/vendor/orchestra/testbench-core/src/Foundation/PackageManifest.php:102
/var/www/html/vendor/laravel/framework/src/Illuminate/Foundation/PackageManifest.php:91
/var/www/html/vendor/laravel/framework/src/Illuminate/Foundation/PackageManifest.php:80
/var/www/html/vendor/laravel/framework/src/Illuminate/Foundation/Bootstrap/RegisterFacades.php:26
/var/www/html/vendor/orchestra/testbench-core/src/Concerns/CreatesApplication.php:556
/var/www/html/vendor/orchestra/testbench-core/src/Concerns/CreatesApplication.php:311
/var/www/html/vendor/orchestra/testbench-core/src/TestCase.php:121
/var/www/html/vendor/orchestra/testbench-core/src/Concerns/ApplicationTestingHooks.php:74
/var/www/html/vendor/orchestra/testbench-core/src/Concerns/Testing.php:43
/var/www/html/vendor/laravel/framework/src/Illuminate/Collections/helpers.php:236
/var/www/html/vendor/orchestra/sidekick/src/functions.php:87
/var/www/html/vendor/laravel/framework/src/Illuminate/Collections/helpers.php:236
/var/www/html/vendor/orchestra/testbench-core/src/Concerns/Testing.php:57
/var/www/html/vendor/orchestra/testbench-core/src/TestCase.php:50
/var/www/html/tests/TestCase.php:61
/var/www/html/tests/Feature/Documentation/DocumentationGenerationTest.php:24</error>
        </testcase>
        <testcase name="it_validates_documentation_output_structure" file="/var/www/html/tests/Feature/Documentation/DocumentationGenerationTest.php" line="380" class="JTD\LaravelMCP\Tests\Feature\Documentation\DocumentationGenerationTest" classname="JTD.LaravelMCP.Tests.Feature.Documentation.DocumentationGenerationTest" assertions="0" time="0.000000">
          <error type="Exception">JTD\LaravelMCP\Tests\Feature\Documentation\DocumentationGenerationTest::it_validates_documentation_output_structure
Exception: The /var/www/html/vendor/orchestra/testbench-core/laravel/bootstrap/cache directory must be present and writable.

/var/www/html/vendor/laravel/framework/src/Illuminate/Foundation/PackageManifest.php:179
/var/www/html/vendor/orchestra/testbench-core/src/Foundation/PackageManifest.php:157
/var/www/html/vendor/laravel/framework/src/Illuminate/Foundation/PackageManifest.php:132
/var/www/html/vendor/laravel/framework/src/Illuminate/Foundation/PackageManifest.php:108
/var/www/html/vendor/orchestra/testbench-core/src/Foundation/PackageManifest.php:102
/var/www/html/vendor/laravel/framework/src/Illuminate/Foundation/PackageManifest.php:91
/var/www/html/vendor/laravel/framework/src/Illuminate/Foundation/PackageManifest.php:80
/var/www/html/vendor/laravel/framework/src/Illuminate/Foundation/Bootstrap/RegisterFacades.php:26
/var/www/html/vendor/orchestra/testbench-core/src/Concerns/CreatesApplication.php:556
/var/www/html/vendor/orchestra/testbench-core/src/Concerns/CreatesApplication.php:311
/var/www/html/vendor/orchestra/testbench-core/src/TestCase.php:121
/var/www/html/vendor/orchestra/testbench-core/src/Concerns/ApplicationTestingHooks.php:74
/var/www/html/vendor/orchestra/testbench-core/src/Concerns/Testing.php:43
/var/www/html/vendor/laravel/framework/src/Illuminate/Collections/helpers.php:236
/var/www/html/vendor/orchestra/sidekick/src/functions.php:87
/var/www/html/vendor/laravel/framework/src/Illuminate/Collections/helpers.php:236
/var/www/html/vendor/orchestra/testbench-core/src/Concerns/Testing.php:57
/var/www/html/vendor/orchestra/testbench-core/src/TestCase.php:50
/var/www/html/tests/TestCase.php:61
/var/www/html/tests/Feature/Documentation/DocumentationGenerationTest.php:24</error>
        </testcase>
        <testcase name="it_handles_custom_output_formats" file="/var/www/html/tests/Feature/Documentation/DocumentationGenerationTest.php" line="419" class="JTD\LaravelMCP\Tests\Feature\Documentation\DocumentationGenerationTest" classname="JTD.LaravelMCP.Tests.Feature.Documentation.DocumentationGenerationTest" assertions="0" time="0.000000">
          <error type="Exception">JTD\LaravelMCP\Tests\Feature\Documentation\DocumentationGenerationTest::it_handles_custom_output_formats
Exception: The /var/www/html/vendor/orchestra/testbench-core/laravel/bootstrap/cache directory must be present and writable.

/var/www/html/vendor/laravel/framework/src/Illuminate/Foundation/PackageManifest.php:179
/var/www/html/vendor/orchestra/testbench-core/src/Foundation/PackageManifest.php:157
/var/www/html/vendor/laravel/framework/src/Illuminate/Foundation/PackageManifest.php:132
/var/www/html/vendor/laravel/framework/src/Illuminate/Foundation/PackageManifest.php:108
/var/www/html/vendor/orchestra/testbench-core/src/Foundation/PackageManifest.php:102
/var/www/html/vendor/laravel/framework/src/Illuminate/Foundation/PackageManifest.php:91
/var/www/html/vendor/laravel/framework/src/Illuminate/Foundation/PackageManifest.php:80
/var/www/html/vendor/laravel/framework/src/Illuminate/Foundation/Bootstrap/RegisterFacades.php:26
/var/www/html/vendor/orchestra/testbench-core/src/Concerns/CreatesApplication.php:556
/var/www/html/vendor/orchestra/testbench-core/src/Concerns/CreatesApplication.php:311
/var/www/html/vendor/orchestra/testbench-core/src/TestCase.php:121
/var/www/html/vendor/orchestra/testbench-core/src/Concerns/ApplicationTestingHooks.php:74
/var/www/html/vendor/orchestra/testbench-core/src/Concerns/Testing.php:43
/var/www/html/vendor/laravel/framework/src/Illuminate/Collections/helpers.php:236
/var/www/html/vendor/orchestra/sidekick/src/functions.php:87
/var/www/html/vendor/laravel/framework/src/Illuminate/Collections/helpers.php:236
/var/www/html/vendor/orchestra/testbench-core/src/Concerns/Testing.php:57
/var/www/html/vendor/orchestra/testbench-core/src/TestCase.php:50
/var/www/html/tests/TestCase.php:61
/var/www/html/tests/Feature/Documentation/DocumentationGenerationTest.php:24</error>
        </testcase>
      </testsuite>
      <testsuite name="JTD\LaravelMCP\Tests\Feature\EventLifecycleIntegrationTest" file="/var/www/html/tests/Feature/EventLifecycleIntegrationTest.php" tests="12" assertions="0" errors="12" failures="0" skipped="0" time="0.000000">
        <testcase name="it_finalizes_component_discovery_on_providers_booted" file="/var/www/html/tests/Feature/EventLifecycleIntegrationTest.php" line="43" class="JTD\LaravelMCP\Tests\Feature\EventLifecycleIntegrationTest" classname="JTD.LaravelMCP.Tests.Feature.EventLifecycleIntegrationTest" assertions="0" time="0.000000">
          <error type="Exception">JTD\LaravelMCP\Tests\Feature\EventLifecycleIntegrationTest::it_finalizes_component_discovery_on_providers_booted
Exception: The /var/www/html/vendor/orchestra/testbench-core/laravel/bootstrap/cache directory must be present and writable.

/var/www/html/vendor/laravel/framework/src/Illuminate/Foundation/PackageManifest.php:179
/var/www/html/vendor/orchestra/testbench-core/src/Foundation/PackageManifest.php:157
/var/www/html/vendor/laravel/framework/src/Illuminate/Foundation/PackageManifest.php:132
/var/www/html/vendor/laravel/framework/src/Illuminate/Foundation/PackageManifest.php:108
/var/www/html/vendor/orchestra/testbench-core/src/Foundation/PackageManifest.php:102
/var/www/html/vendor/laravel/framework/src/Illuminate/Foundation/PackageManifest.php:91
/var/www/html/vendor/laravel/framework/src/Illuminate/Foundation/PackageManifest.php:80
/var/www/html/vendor/laravel/framework/src/Illuminate/Foundation/Bootstrap/RegisterFacades.php:26
/var/www/html/vendor/orchestra/testbench-core/src/Concerns/CreatesApplication.php:556
/var/www/html/vendor/orchestra/testbench-core/src/Concerns/CreatesApplication.php:311
/var/www/html/vendor/orchestra/testbench-core/src/TestCase.php:121
/var/www/html/vendor/orchestra/testbench-core/src/Concerns/ApplicationTestingHooks.php:74
/var/www/html/vendor/orchestra/testbench-core/src/Concerns/Testing.php:43
/var/www/html/vendor/laravel/framework/src/Illuminate/Collections/helpers.php:236
/var/www/html/vendor/orchestra/sidekick/src/functions.php:87
/var/www/html/vendor/laravel/framework/src/Illuminate/Collections/helpers.php:236
/var/www/html/vendor/orchestra/testbench-core/src/Concerns/Testing.php:57
/var/www/html/vendor/orchestra/testbench-core/src/TestCase.php:50
/var/www/html/tests/TestCase.php:61
/var/www/html/tests/Feature/EventLifecycleIntegrationTest.php:34</error>
        </testcase>
        <testcase name="it_skips_discovery_finalization_when_disabled" file="/var/www/html/tests/Feature/EventLifecycleIntegrationTest.php" line="70" class="JTD\LaravelMCP\Tests\Feature\EventLifecycleIntegrationTest" classname="JTD.LaravelMCP.Tests.Feature.EventLifecycleIntegrationTest" assertions="0" time="0.000000">
          <error type="Exception">JTD\LaravelMCP\Tests\Feature\EventLifecycleIntegrationTest::it_skips_discovery_finalization_when_disabled
Exception: The /var/www/html/vendor/orchestra/testbench-core/laravel/bootstrap/cache directory must be present and writable.

/var/www/html/vendor/laravel/framework/src/Illuminate/Foundation/PackageManifest.php:179
/var/www/html/vendor/orchestra/testbench-core/src/Foundation/PackageManifest.php:157
/var/www/html/vendor/laravel/framework/src/Illuminate/Foundation/PackageManifest.php:132
/var/www/html/vendor/laravel/framework/src/Illuminate/Foundation/PackageManifest.php:108
/var/www/html/vendor/orchestra/testbench-core/src/Foundation/PackageManifest.php:102
/var/www/html/vendor/laravel/framework/src/Illuminate/Foundation/PackageManifest.php:91
/var/www/html/vendor/laravel/framework/src/Illuminate/Foundation/PackageManifest.php:80
/var/www/html/vendor/laravel/framework/src/Illuminate/Foundation/Bootstrap/RegisterFacades.php:26
/var/www/html/vendor/orchestra/testbench-core/src/Concerns/CreatesApplication.php:556
/var/www/html/vendor/orchestra/testbench-core/src/Concerns/CreatesApplication.php:311
/var/www/html/vendor/orchestra/testbench-core/src/TestCase.php:121
/var/www/html/vendor/orchestra/testbench-core/src/Concerns/ApplicationTestingHooks.php:74
/var/www/html/vendor/orchestra/testbench-core/src/Concerns/Testing.php:43
/var/www/html/vendor/laravel/framework/src/Illuminate/Collections/helpers.php:236
/var/www/html/vendor/orchestra/sidekick/src/functions.php:87
/var/www/html/vendor/laravel/framework/src/Illuminate/Collections/helpers.php:236
/var/www/html/vendor/orchestra/testbench-core/src/Concerns/Testing.php:57
/var/www/html/vendor/orchestra/testbench-core/src/TestCase.php:50
/var/www/html/tests/TestCase.php:61
/var/www/html/tests/Feature/EventLifecycleIntegrationTest.php:34</error>
        </testcase>
        <testcase name="it_handles_discovery_finalization_errors_gracefully" file="/var/www/html/tests/Feature/EventLifecycleIntegrationTest.php" line="92" class="JTD\LaravelMCP\Tests\Feature\EventLifecycleIntegrationTest" classname="JTD.LaravelMCP.Tests.Feature.EventLifecycleIntegrationTest" assertions="0" time="0.000000">
          <error type="Exception">JTD\LaravelMCP\Tests\Feature\EventLifecycleIntegrationTest::it_handles_discovery_finalization_errors_gracefully
Exception: The /var/www/html/vendor/orchestra/testbench-core/laravel/bootstrap/cache directory must be present and writable.

/var/www/html/vendor/laravel/framework/src/Illuminate/Foundation/PackageManifest.php:179
/var/www/html/vendor/orchestra/testbench-core/src/Foundation/PackageManifest.php:157
/var/www/html/vendor/laravel/framework/src/Illuminate/Foundation/PackageManifest.php:132
/var/www/html/vendor/laravel/framework/src/Illuminate/Foundation/PackageManifest.php:108
/var/www/html/vendor/orchestra/testbench-core/src/Foundation/PackageManifest.php:102
/var/www/html/vendor/laravel/framework/src/Illuminate/Foundation/PackageManifest.php:91
/var/www/html/vendor/laravel/framework/src/Illuminate/Foundation/PackageManifest.php:80
/var/www/html/vendor/laravel/framework/src/Illuminate/Foundation/Bootstrap/RegisterFacades.php:26
/var/www/html/vendor/orchestra/testbench-core/src/Concerns/CreatesApplication.php:556
/var/www/html/vendor/orchestra/testbench-core/src/Concerns/CreatesApplication.php:311
/var/www/html/vendor/orchestra/testbench-core/src/TestCase.php:121
/var/www/html/vendor/orchestra/testbench-core/src/Concerns/ApplicationTestingHooks.php:74
/var/www/html/vendor/orchestra/testbench-core/src/Concerns/Testing.php:43
/var/www/html/vendor/laravel/framework/src/Illuminate/Collections/helpers.php:236
/var/www/html/vendor/orchestra/sidekick/src/functions.php:87
/var/www/html/vendor/laravel/framework/src/Illuminate/Collections/helpers.php:236
/var/www/html/vendor/orchestra/testbench-core/src/Concerns/Testing.php:57
/var/www/html/vendor/orchestra/testbench-core/src/TestCase.php:50
/var/www/html/tests/TestCase.php:61
/var/www/html/tests/Feature/EventLifecycleIntegrationTest.php:34</error>
        </testcase>
        <testcase name="it_cleans_up_resources_on_kernel_handled" file="/var/www/html/tests/Feature/EventLifecycleIntegrationTest.php" line="124" class="JTD\LaravelMCP\Tests\Feature\EventLifecycleIntegrationTest" classname="JTD.LaravelMCP.Tests.Feature.EventLifecycleIntegrationTest" assertions="0" time="0.000000">
          <error type="Exception">JTD\LaravelMCP\Tests\Feature\EventLifecycleIntegrationTest::it_cleans_up_resources_on_kernel_handled
Exception: The /var/www/html/vendor/orchestra/testbench-core/laravel/bootstrap/cache directory must be present and writable.

/var/www/html/vendor/laravel/framework/src/Illuminate/Foundation/PackageManifest.php:179
/var/www/html/vendor/orchestra/testbench-core/src/Foundation/PackageManifest.php:157
/var/www/html/vendor/laravel/framework/src/Illuminate/Foundation/PackageManifest.php:132
/var/www/html/vendor/laravel/framework/src/Illuminate/Foundation/PackageManifest.php:108
/var/www/html/vendor/orchestra/testbench-core/src/Foundation/PackageManifest.php:102
/var/www/html/vendor/laravel/framework/src/Illuminate/Foundation/PackageManifest.php:91
/var/www/html/vendor/laravel/framework/src/Illuminate/Foundation/PackageManifest.php:80
/var/www/html/vendor/laravel/framework/src/Illuminate/Foundation/Bootstrap/RegisterFacades.php:26
/var/www/html/vendor/orchestra/testbench-core/src/Concerns/CreatesApplication.php:556
/var/www/html/vendor/orchestra/testbench-core/src/Concerns/CreatesApplication.php:311
/var/www/html/vendor/orchestra/testbench-core/src/TestCase.php:121
/var/www/html/vendor/orchestra/testbench-core/src/Concerns/ApplicationTestingHooks.php:74
/var/www/html/vendor/orchestra/testbench-core/src/Concerns/Testing.php:43
/var/www/html/vendor/laravel/framework/src/Illuminate/Collections/helpers.php:236
/var/www/html/vendor/orchestra/sidekick/src/functions.php:87
/var/www/html/vendor/laravel/framework/src/Illuminate/Collections/helpers.php:236
/var/www/html/vendor/orchestra/testbench-core/src/Concerns/Testing.php:57
/var/www/html/vendor/orchestra/testbench-core/src/TestCase.php:50
/var/www/html/tests/TestCase.php:61
/var/www/html/tests/Feature/EventLifecycleIntegrationTest.php:34</error>
        </testcase>
        <testcase name="it_handles_cleanup_errors_gracefully" file="/var/www/html/tests/Feature/EventLifecycleIntegrationTest.php" line="145" class="JTD\LaravelMCP\Tests\Feature\EventLifecycleIntegrationTest" classname="JTD.LaravelMCP.Tests.Feature.EventLifecycleIntegrationTest" assertions="0" time="0.000000">
          <error type="Exception">JTD\LaravelMCP\Tests\Feature\EventLifecycleIntegrationTest::it_handles_cleanup_errors_gracefully
Exception: The /var/www/html/vendor/orchestra/testbench-core/laravel/bootstrap/cache directory must be present and writable.

/var/www/html/vendor/laravel/framework/src/Illuminate/Foundation/PackageManifest.php:179
/var/www/html/vendor/orchestra/testbench-core/src/Foundation/PackageManifest.php:157
/var/www/html/vendor/laravel/framework/src/Illuminate/Foundation/PackageManifest.php:132
/var/www/html/vendor/laravel/framework/src/Illuminate/Foundation/PackageManifest.php:108
/var/www/html/vendor/orchestra/testbench-core/src/Foundation/PackageManifest.php:102
/var/www/html/vendor/laravel/framework/src/Illuminate/Foundation/PackageManifest.php:91
/var/www/html/vendor/laravel/framework/src/Illuminate/Foundation/PackageManifest.php:80
/var/www/html/vendor/laravel/framework/src/Illuminate/Foundation/Bootstrap/RegisterFacades.php:26
/var/www/html/vendor/orchestra/testbench-core/src/Concerns/CreatesApplication.php:556
/var/www/html/vendor/orchestra/testbench-core/src/Concerns/CreatesApplication.php:311
/var/www/html/vendor/orchestra/testbench-core/src/TestCase.php:121
/var/www/html/vendor/orchestra/testbench-core/src/Concerns/ApplicationTestingHooks.php:74
/var/www/html/vendor/orchestra/testbench-core/src/Concerns/Testing.php:43
/var/www/html/vendor/laravel/framework/src/Illuminate/Collections/helpers.php:236
/var/www/html/vendor/orchestra/sidekick/src/functions.php:87
/var/www/html/vendor/laravel/framework/src/Illuminate/Collections/helpers.php:236
/var/www/html/vendor/orchestra/testbench-core/src/Concerns/Testing.php:57
/var/www/html/vendor/orchestra/testbench-core/src/TestCase.php:50
/var/www/html/tests/TestCase.php:61
/var/www/html/tests/Feature/EventLifecycleIntegrationTest.php:34</error>
        </testcase>
        <testcase name="it_performs_final_cleanup_on_application_terminating" file="/var/www/html/tests/Feature/EventLifecycleIntegrationTest.php" line="167" class="JTD\LaravelMCP\Tests\Feature\EventLifecycleIntegrationTest" classname="JTD.LaravelMCP.Tests.Feature.EventLifecycleIntegrationTest" assertions="0" time="0.000000">
          <error type="Exception">JTD\LaravelMCP\Tests\Feature\EventLifecycleIntegrationTest::it_performs_final_cleanup_on_application_terminating
Exception: The /var/www/html/vendor/orchestra/testbench-core/laravel/bootstrap/cache directory must be present and writable.

/var/www/html/vendor/laravel/framework/src/Illuminate/Foundation/PackageManifest.php:179
/var/www/html/vendor/orchestra/testbench-core/src/Foundation/PackageManifest.php:157
/var/www/html/vendor/laravel/framework/src/Illuminate/Foundation/PackageManifest.php:132
/var/www/html/vendor/laravel/framework/src/Illuminate/Foundation/PackageManifest.php:108
/var/www/html/vendor/orchestra/testbench-core/src/Foundation/PackageManifest.php:102
/var/www/html/vendor/laravel/framework/src/Illuminate/Foundation/PackageManifest.php:91
/var/www/html/vendor/laravel/framework/src/Illuminate/Foundation/PackageManifest.php:80
/var/www/html/vendor/laravel/framework/src/Illuminate/Foundation/Bootstrap/RegisterFacades.php:26
/var/www/html/vendor/orchestra/testbench-core/src/Concerns/CreatesApplication.php:556
/var/www/html/vendor/orchestra/testbench-core/src/Concerns/CreatesApplication.php:311
/var/www/html/vendor/orchestra/testbench-core/src/TestCase.php:121
/var/www/html/vendor/orchestra/testbench-core/src/Concerns/ApplicationTestingHooks.php:74
/var/www/html/vendor/orchestra/testbench-core/src/Concerns/Testing.php:43
/var/www/html/vendor/laravel/framework/src/Illuminate/Collections/helpers.php:236
/var/www/html/vendor/orchestra/sidekick/src/functions.php:87
/var/www/html/vendor/laravel/framework/src/Illuminate/Collections/helpers.php:236
/var/www/html/vendor/orchestra/testbench-core/src/Concerns/Testing.php:57
/var/www/html/vendor/orchestra/testbench-core/src/TestCase.php:50
/var/www/html/tests/TestCase.php:61
/var/www/html/tests/Feature/EventLifecycleIntegrationTest.php:34</error>
        </testcase>
        <testcase name="it_handles_cache_cleanup_errors_gracefully" file="/var/www/html/tests/Feature/EventLifecycleIntegrationTest.php" line="195" class="JTD\LaravelMCP\Tests\Feature\EventLifecycleIntegrationTest" classname="JTD.LaravelMCP.Tests.Feature.EventLifecycleIntegrationTest" assertions="0" time="0.000000">
          <error type="Exception">JTD\LaravelMCP\Tests\Feature\EventLifecycleIntegrationTest::it_handles_cache_cleanup_errors_gracefully
Exception: The /var/www/html/vendor/orchestra/testbench-core/laravel/bootstrap/cache directory must be present and writable.

/var/www/html/vendor/laravel/framework/src/Illuminate/Foundation/PackageManifest.php:179
/var/www/html/vendor/orchestra/testbench-core/src/Foundation/PackageManifest.php:157
/var/www/html/vendor/laravel/framework/src/Illuminate/Foundation/PackageManifest.php:132
/var/www/html/vendor/laravel/framework/src/Illuminate/Foundation/PackageManifest.php:108
/var/www/html/vendor/orchestra/testbench-core/src/Foundation/PackageManifest.php:102
/var/www/html/vendor/laravel/framework/src/Illuminate/Foundation/PackageManifest.php:91
/var/www/html/vendor/laravel/framework/src/Illuminate/Foundation/PackageManifest.php:80
/var/www/html/vendor/laravel/framework/src/Illuminate/Foundation/Bootstrap/RegisterFacades.php:26
/var/www/html/vendor/orchestra/testbench-core/src/Concerns/CreatesApplication.php:556
/var/www/html/vendor/orchestra/testbench-core/src/Concerns/CreatesApplication.php:311
/var/www/html/vendor/orchestra/testbench-core/src/TestCase.php:121
/var/www/html/vendor/orchestra/testbench-core/src/Concerns/ApplicationTestingHooks.php:74
/var/www/html/vendor/orchestra/testbench-core/src/Concerns/Testing.php:43
/var/www/html/vendor/laravel/framework/src/Illuminate/Collections/helpers.php:236
/var/www/html/vendor/orchestra/sidekick/src/functions.php:87
/var/www/html/vendor/laravel/framework/src/Illuminate/Collections/helpers.php:236
/var/www/html/vendor/orchestra/testbench-core/src/Concerns/Testing.php:57
/var/www/html/vendor/orchestra/testbench-core/src/TestCase.php:50
/var/www/html/tests/TestCase.php:61
/var/www/html/tests/Feature/EventLifecycleIntegrationTest.php:34</error>
        </testcase>
        <testcase name="it_handles_complete_event_lifecycle" file="/var/www/html/tests/Feature/EventLifecycleIntegrationTest.php" line="217" class="JTD\LaravelMCP\Tests\Feature\EventLifecycleIntegrationTest" classname="JTD.LaravelMCP.Tests.Feature.EventLifecycleIntegrationTest" assertions="0" time="0.000000">
          <error type="Exception">JTD\LaravelMCP\Tests\Feature\EventLifecycleIntegrationTest::it_handles_complete_event_lifecycle
Exception: The /var/www/html/vendor/orchestra/testbench-core/laravel/bootstrap/cache directory must be present and writable.

/var/www/html/vendor/laravel/framework/src/Illuminate/Foundation/PackageManifest.php:179
/var/www/html/vendor/orchestra/testbench-core/src/Foundation/PackageManifest.php:157
/var/www/html/vendor/laravel/framework/src/Illuminate/Foundation/PackageManifest.php:132
/var/www/html/vendor/laravel/framework/src/Illuminate/Foundation/PackageManifest.php:108
/var/www/html/vendor/orchestra/testbench-core/src/Foundation/PackageManifest.php:102
/var/www/html/vendor/laravel/framework/src/Illuminate/Foundation/PackageManifest.php:91
/var/www/html/vendor/laravel/framework/src/Illuminate/Foundation/PackageManifest.php:80
/var/www/html/vendor/laravel/framework/src/Illuminate/Foundation/Bootstrap/RegisterFacades.php:26
/var/www/html/vendor/orchestra/testbench-core/src/Concerns/CreatesApplication.php:556
/var/www/html/vendor/orchestra/testbench-core/src/Concerns/CreatesApplication.php:311
/var/www/html/vendor/orchestra/testbench-core/src/TestCase.php:121
/var/www/html/vendor/orchestra/testbench-core/src/Concerns/ApplicationTestingHooks.php:74
/var/www/html/vendor/orchestra/testbench-core/src/Concerns/Testing.php:43
/var/www/html/vendor/laravel/framework/src/Illuminate/Collections/helpers.php:236
/var/www/html/vendor/orchestra/sidekick/src/functions.php:87
/var/www/html/vendor/laravel/framework/src/Illuminate/Collections/helpers.php:236
/var/www/html/vendor/orchestra/testbench-core/src/Concerns/Testing.php:57
/var/www/html/vendor/orchestra/testbench-core/src/TestCase.php:50
/var/www/html/tests/TestCase.php:61
/var/www/html/tests/Feature/EventLifecycleIntegrationTest.php:34</error>
        </testcase>
        <testcase name="it_registers_event_listeners_only_once" file="/var/www/html/tests/Feature/EventLifecycleIntegrationTest.php" line="256" class="JTD\LaravelMCP\Tests\Feature\EventLifecycleIntegrationTest" classname="JTD.LaravelMCP.Tests.Feature.EventLifecycleIntegrationTest" assertions="0" time="0.000000">
          <error type="Exception">JTD\LaravelMCP\Tests\Feature\EventLifecycleIntegrationTest::it_registers_event_listeners_only_once
Exception: The /var/www/html/vendor/orchestra/testbench-core/laravel/bootstrap/cache directory must be present and writable.

/var/www/html/vendor/laravel/framework/src/Illuminate/Foundation/PackageManifest.php:179
/var/www/html/vendor/orchestra/testbench-core/src/Foundation/PackageManifest.php:157
/var/www/html/vendor/laravel/framework/src/Illuminate/Foundation/PackageManifest.php:132
/var/www/html/vendor/laravel/framework/src/Illuminate/Foundation/PackageManifest.php:108
/var/www/html/vendor/orchestra/testbench-core/src/Foundation/PackageManifest.php:102
/var/www/html/vendor/laravel/framework/src/Illuminate/Foundation/PackageManifest.php:91
/var/www/html/vendor/laravel/framework/src/Illuminate/Foundation/PackageManifest.php:80
/var/www/html/vendor/laravel/framework/src/Illuminate/Foundation/Bootstrap/RegisterFacades.php:26
/var/www/html/vendor/orchestra/testbench-core/src/Concerns/CreatesApplication.php:556
/var/www/html/vendor/orchestra/testbench-core/src/Concerns/CreatesApplication.php:311
/var/www/html/vendor/orchestra/testbench-core/src/TestCase.php:121
/var/www/html/vendor/orchestra/testbench-core/src/Concerns/ApplicationTestingHooks.php:74
/var/www/html/vendor/orchestra/testbench-core/src/Concerns/Testing.php:43
/var/www/html/vendor/laravel/framework/src/Illuminate/Collections/helpers.php:236
/var/www/html/vendor/orchestra/sidekick/src/functions.php:87
/var/www/html/vendor/laravel/framework/src/Illuminate/Collections/helpers.php:236
/var/www/html/vendor/orchestra/testbench-core/src/Concerns/Testing.php:57
/var/www/html/vendor/orchestra/testbench-core/src/TestCase.php:50
/var/www/html/tests/TestCase.php:61
/var/www/html/tests/Feature/EventLifecycleIntegrationTest.php:34</error>
        </testcase>
        <testcase name="it_handles_events_with_unbound_services_gracefully" file="/var/www/html/tests/Feature/EventLifecycleIntegrationTest.php" line="283" class="JTD\LaravelMCP\Tests\Feature\EventLifecycleIntegrationTest" classname="JTD.LaravelMCP.Tests.Feature.EventLifecycleIntegrationTest" assertions="0" time="0.000000">
          <error type="Exception">JTD\LaravelMCP\Tests\Feature\EventLifecycleIntegrationTest::it_handles_events_with_unbound_services_gracefully
Exception: The /var/www/html/vendor/orchestra/testbench-core/laravel/bootstrap/cache directory must be present and writable.

/var/www/html/vendor/laravel/framework/src/Illuminate/Foundation/PackageManifest.php:179
/var/www/html/vendor/orchestra/testbench-core/src/Foundation/PackageManifest.php:157
/var/www/html/vendor/laravel/framework/src/Illuminate/Foundation/PackageManifest.php:132
/var/www/html/vendor/laravel/framework/src/Illuminate/Foundation/PackageManifest.php:108
/var/www/html/vendor/orchestra/testbench-core/src/Foundation/PackageManifest.php:102
/var/www/html/vendor/laravel/framework/src/Illuminate/Foundation/PackageManifest.php:91
/var/www/html/vendor/laravel/framework/src/Illuminate/Foundation/PackageManifest.php:80
/var/www/html/vendor/laravel/framework/src/Illuminate/Foundation/Bootstrap/RegisterFacades.php:26
/var/www/html/vendor/orchestra/testbench-core/src/Concerns/CreatesApplication.php:556
/var/www/html/vendor/orchestra/testbench-core/src/Concerns/CreatesApplication.php:311
/var/www/html/vendor/orchestra/testbench-core/src/TestCase.php:121
/var/www/html/vendor/orchestra/testbench-core/src/Concerns/ApplicationTestingHooks.php:74
/var/www/html/vendor/orchestra/testbench-core/src/Concerns/Testing.php:43
/var/www/html/vendor/laravel/framework/src/Illuminate/Collections/helpers.php:236
/var/www/html/vendor/orchestra/sidekick/src/functions.php:87
/var/www/html/vendor/laravel/framework/src/Illuminate/Collections/helpers.php:236
/var/www/html/vendor/orchestra/testbench-core/src/Concerns/Testing.php:57
/var/www/html/vendor/orchestra/testbench-core/src/TestCase.php:50
/var/www/html/tests/TestCase.php:61
/var/www/html/tests/Feature/EventLifecycleIntegrationTest.php:34</error>
        </testcase>
        <testcase name="it_handles_events_in_different_environments" file="/var/www/html/tests/Feature/EventLifecycleIntegrationTest.php" line="302" class="JTD\LaravelMCP\Tests\Feature\EventLifecycleIntegrationTest" classname="JTD.LaravelMCP.Tests.Feature.EventLifecycleIntegrationTest" assertions="0" time="0.000000">
          <error type="Exception">JTD\LaravelMCP\Tests\Feature\EventLifecycleIntegrationTest::it_handles_events_in_different_environments
Exception: The /var/www/html/vendor/orchestra/testbench-core/laravel/bootstrap/cache directory must be present and writable.

/var/www/html/vendor/laravel/framework/src/Illuminate/Foundation/PackageManifest.php:179
/var/www/html/vendor/orchestra/testbench-core/src/Foundation/PackageManifest.php:157
/var/www/html/vendor/laravel/framework/src/Illuminate/Foundation/PackageManifest.php:132
/var/www/html/vendor/laravel/framework/src/Illuminate/Foundation/PackageManifest.php:108
/var/www/html/vendor/orchestra/testbench-core/src/Foundation/PackageManifest.php:102
/var/www/html/vendor/laravel/framework/src/Illuminate/Foundation/PackageManifest.php:91
/var/www/html/vendor/laravel/framework/src/Illuminate/Foundation/PackageManifest.php:80
/var/www/html/vendor/laravel/framework/src/Illuminate/Foundation/Bootstrap/RegisterFacades.php:26
/var/www/html/vendor/orchestra/testbench-core/src/Concerns/CreatesApplication.php:556
/var/www/html/vendor/orchestra/testbench-core/src/Concerns/CreatesApplication.php:311
/var/www/html/vendor/orchestra/testbench-core/src/TestCase.php:121
/var/www/html/vendor/orchestra/testbench-core/src/Concerns/ApplicationTestingHooks.php:74
/var/www/html/vendor/orchestra/testbench-core/src/Concerns/Testing.php:43
/var/www/html/vendor/laravel/framework/src/Illuminate/Collections/helpers.php:236
/var/www/html/vendor/orchestra/sidekick/src/functions.php:87
/var/www/html/vendor/laravel/framework/src/Illuminate/Collections/helpers.php:236
/var/www/html/vendor/orchestra/testbench-core/src/Concerns/Testing.php:57
/var/www/html/vendor/orchestra/testbench-core/src/TestCase.php:50
/var/www/html/tests/TestCase.php:61
/var/www/html/tests/Feature/EventLifecycleIntegrationTest.php:34</error>
        </testcase>
        <testcase name="it_maintains_performance_during_event_handling" file="/var/www/html/tests/Feature/EventLifecycleIntegrationTest.php" line="327" class="JTD\LaravelMCP\Tests\Feature\EventLifecycleIntegrationTest" classname="JTD.LaravelMCP.Tests.Feature.EventLifecycleIntegrationTest" assertions="0" time="0.000000">
          <error type="Exception">JTD\LaravelMCP\Tests\Feature\EventLifecycleIntegrationTest::it_maintains_performance_during_event_handling
Exception: The /var/www/html/vendor/orchestra/testbench-core/laravel/bootstrap/cache directory must be present and writable.

/var/www/html/vendor/laravel/framework/src/Illuminate/Foundation/PackageManifest.php:179
/var/www/html/vendor/orchestra/testbench-core/src/Foundation/PackageManifest.php:157
/var/www/html/vendor/laravel/framework/src/Illuminate/Foundation/PackageManifest.php:132
/var/www/html/vendor/laravel/framework/src/Illuminate/Foundation/PackageManifest.php:108
/var/www/html/vendor/orchestra/testbench-core/src/Foundation/PackageManifest.php:102
/var/www/html/vendor/laravel/framework/src/Illuminate/Foundation/PackageManifest.php:91
/var/www/html/vendor/laravel/framework/src/Illuminate/Foundation/PackageManifest.php:80
/var/www/html/vendor/laravel/framework/src/Illuminate/Foundation/Bootstrap/RegisterFacades.php:26
/var/www/html/vendor/orchestra/testbench-core/src/Concerns/CreatesApplication.php:556
/var/www/html/vendor/orchestra/testbench-core/src/Concerns/CreatesApplication.php:311
/var/www/html/vendor/orchestra/testbench-core/src/TestCase.php:121
/var/www/html/vendor/orchestra/testbench-core/src/Concerns/ApplicationTestingHooks.php:74
/var/www/html/vendor/orchestra/testbench-core/src/Concerns/Testing.php:43
/var/www/html/vendor/laravel/framework/src/Illuminate/Collections/helpers.php:236
/var/www/html/vendor/orchestra/sidekick/src/functions.php:87
/var/www/html/vendor/laravel/framework/src/Illuminate/Collections/helpers.php:236
/var/www/html/vendor/orchestra/testbench-core/src/Concerns/Testing.php:57
/var/www/html/vendor/orchestra/testbench-core/src/TestCase.php:50
/var/www/html/tests/TestCase.php:61
/var/www/html/tests/Feature/EventLifecycleIntegrationTest.php:34</error>
        </testcase>
      </testsuite>
      <testsuite name="JTD\LaravelMCP\Tests\Feature\FacadeIntegrationTest" file="/var/www/html/tests/Feature/FacadeIntegrationTest.php" tests="8" assertions="0" errors="8" failures="0" skipped="0" time="0.000000">
        <testcase name="it_demonstrates_route_style_registration_via_facade" file="/var/www/html/tests/Feature/FacadeIntegrationTest.php" line="21" class="JTD\LaravelMCP\Tests\Feature\FacadeIntegrationTest" classname="JTD.LaravelMCP.Tests.Feature.FacadeIntegrationTest" assertions="0" time="0.000000">
          <error type="Exception">JTD\LaravelMCP\Tests\Feature\FacadeIntegrationTest::it_demonstrates_route_style_registration_via_facade
Exception: The /var/www/html/vendor/orchestra/testbench-core/laravel/bootstrap/cache directory must be present and writable.

/var/www/html/vendor/laravel/framework/src/Illuminate/Foundation/PackageManifest.php:179
/var/www/html/vendor/orchestra/testbench-core/src/Foundation/PackageManifest.php:157
/var/www/html/vendor/laravel/framework/src/Illuminate/Foundation/PackageManifest.php:132
/var/www/html/vendor/laravel/framework/src/Illuminate/Foundation/PackageManifest.php:108
/var/www/html/vendor/orchestra/testbench-core/src/Foundation/PackageManifest.php:102
/var/www/html/vendor/laravel/framework/src/Illuminate/Foundation/PackageManifest.php:91
/var/www/html/vendor/laravel/framework/src/Illuminate/Foundation/PackageManifest.php:80
/var/www/html/vendor/laravel/framework/src/Illuminate/Foundation/Bootstrap/RegisterFacades.php:26
/var/www/html/vendor/orchestra/testbench-core/src/Concerns/CreatesApplication.php:556
/var/www/html/vendor/orchestra/testbench-core/src/Concerns/CreatesApplication.php:311
/var/www/html/vendor/orchestra/testbench-core/src/TestCase.php:121
/var/www/html/vendor/orchestra/testbench-core/src/Concerns/ApplicationTestingHooks.php:74
/var/www/html/vendor/orchestra/testbench-core/src/Concerns/Testing.php:43
/var/www/html/vendor/laravel/framework/src/Illuminate/Collections/helpers.php:236
/var/www/html/vendor/orchestra/sidekick/src/functions.php:87
/var/www/html/vendor/laravel/framework/src/Illuminate/Collections/helpers.php:236
/var/www/html/vendor/orchestra/testbench-core/src/Concerns/Testing.php:57
/var/www/html/vendor/orchestra/testbench-core/src/TestCase.php:50
/var/www/html/tests/TestCase.php:61</error>
        </testcase>
        <testcase name="it_demonstrates_group_registration_with_middleware" file="/var/www/html/tests/Feature/FacadeIntegrationTest.php" line="38" class="JTD\LaravelMCP\Tests\Feature\FacadeIntegrationTest" classname="JTD.LaravelMCP.Tests.Feature.FacadeIntegrationTest" assertions="0" time="0.000000">
          <error type="Exception">JTD\LaravelMCP\Tests\Feature\FacadeIntegrationTest::it_demonstrates_group_registration_with_middleware
Exception: The /var/www/html/vendor/orchestra/testbench-core/laravel/bootstrap/cache directory must be present and writable.

/var/www/html/vendor/laravel/framework/src/Illuminate/Foundation/PackageManifest.php:179
/var/www/html/vendor/orchestra/testbench-core/src/Foundation/PackageManifest.php:157
/var/www/html/vendor/laravel/framework/src/Illuminate/Foundation/PackageManifest.php:132
/var/www/html/vendor/laravel/framework/src/Illuminate/Foundation/PackageManifest.php:108
/var/www/html/vendor/orchestra/testbench-core/src/Foundation/PackageManifest.php:102
/var/www/html/vendor/laravel/framework/src/Illuminate/Foundation/PackageManifest.php:91
/var/www/html/vendor/laravel/framework/src/Illuminate/Foundation/PackageManifest.php:80
/var/www/html/vendor/laravel/framework/src/Illuminate/Foundation/Bootstrap/RegisterFacades.php:26
/var/www/html/vendor/orchestra/testbench-core/src/Concerns/CreatesApplication.php:556
/var/www/html/vendor/orchestra/testbench-core/src/Concerns/CreatesApplication.php:311
/var/www/html/vendor/orchestra/testbench-core/src/TestCase.php:121
/var/www/html/vendor/orchestra/testbench-core/src/Concerns/ApplicationTestingHooks.php:74
/var/www/html/vendor/orchestra/testbench-core/src/Concerns/Testing.php:43
/var/www/html/vendor/laravel/framework/src/Illuminate/Collections/helpers.php:236
/var/www/html/vendor/orchestra/sidekick/src/functions.php:87
/var/www/html/vendor/laravel/framework/src/Illuminate/Collections/helpers.php:236
/var/www/html/vendor/orchestra/testbench-core/src/Concerns/Testing.php:57
/var/www/html/vendor/orchestra/testbench-core/src/TestCase.php:50
/var/www/html/tests/TestCase.php:61</error>
        </testcase>
        <testcase name="it_demonstrates_nested_groups_with_prefixes" file="/var/www/html/tests/Feature/FacadeIntegrationTest.php" line="55" class="JTD\LaravelMCP\Tests\Feature\FacadeIntegrationTest" classname="JTD.LaravelMCP.Tests.Feature.FacadeIntegrationTest" assertions="0" time="0.000000">
          <error type="Exception">JTD\LaravelMCP\Tests\Feature\FacadeIntegrationTest::it_demonstrates_nested_groups_with_prefixes
Exception: The /var/www/html/vendor/orchestra/testbench-core/laravel/bootstrap/cache directory must be present and writable.

/var/www/html/vendor/laravel/framework/src/Illuminate/Foundation/PackageManifest.php:179
/var/www/html/vendor/orchestra/testbench-core/src/Foundation/PackageManifest.php:157
/var/www/html/vendor/laravel/framework/src/Illuminate/Foundation/PackageManifest.php:132
/var/www/html/vendor/laravel/framework/src/Illuminate/Foundation/PackageManifest.php:108
/var/www/html/vendor/orchestra/testbench-core/src/Foundation/PackageManifest.php:102
/var/www/html/vendor/laravel/framework/src/Illuminate/Foundation/PackageManifest.php:91
/var/www/html/vendor/laravel/framework/src/Illuminate/Foundation/PackageManifest.php:80
/var/www/html/vendor/laravel/framework/src/Illuminate/Foundation/Bootstrap/RegisterFacades.php:26
/var/www/html/vendor/orchestra/testbench-core/src/Concerns/CreatesApplication.php:556
/var/www/html/vendor/orchestra/testbench-core/src/Concerns/CreatesApplication.php:311
/var/www/html/vendor/orchestra/testbench-core/src/TestCase.php:121
/var/www/html/vendor/orchestra/testbench-core/src/Concerns/ApplicationTestingHooks.php:74
/var/www/html/vendor/orchestra/testbench-core/src/Concerns/Testing.php:43
/var/www/html/vendor/laravel/framework/src/Illuminate/Collections/helpers.php:236
/var/www/html/vendor/orchestra/sidekick/src/functions.php:87
/var/www/html/vendor/laravel/framework/src/Illuminate/Collections/helpers.php:236
/var/www/html/vendor/orchestra/testbench-core/src/Concerns/Testing.php:57
/var/www/html/vendor/orchestra/testbench-core/src/TestCase.php:50
/var/www/html/tests/TestCase.php:61</error>
        </testcase>
        <testcase name="it_demonstrates_namespace_grouping" file="/var/www/html/tests/Feature/FacadeIntegrationTest.php" line="74" class="JTD\LaravelMCP\Tests\Feature\FacadeIntegrationTest" classname="JTD.LaravelMCP.Tests.Feature.FacadeIntegrationTest" assertions="0" time="0.000000">
          <error type="Exception">JTD\LaravelMCP\Tests\Feature\FacadeIntegrationTest::it_demonstrates_namespace_grouping
Exception: The /var/www/html/vendor/orchestra/testbench-core/laravel/bootstrap/cache directory must be present and writable.

/var/www/html/vendor/laravel/framework/src/Illuminate/Foundation/PackageManifest.php:179
/var/www/html/vendor/orchestra/testbench-core/src/Foundation/PackageManifest.php:157
/var/www/html/vendor/laravel/framework/src/Illuminate/Foundation/PackageManifest.php:132
/var/www/html/vendor/laravel/framework/src/Illuminate/Foundation/PackageManifest.php:108
/var/www/html/vendor/orchestra/testbench-core/src/Foundation/PackageManifest.php:102
/var/www/html/vendor/laravel/framework/src/Illuminate/Foundation/PackageManifest.php:91
/var/www/html/vendor/laravel/framework/src/Illuminate/Foundation/PackageManifest.php:80
/var/www/html/vendor/laravel/framework/src/Illuminate/Foundation/Bootstrap/RegisterFacades.php:26
/var/www/html/vendor/orchestra/testbench-core/src/Concerns/CreatesApplication.php:556
/var/www/html/vendor/orchestra/testbench-core/src/Concerns/CreatesApplication.php:311
/var/www/html/vendor/orchestra/testbench-core/src/TestCase.php:121
/var/www/html/vendor/orchestra/testbench-core/src/Concerns/ApplicationTestingHooks.php:74
/var/www/html/vendor/orchestra/testbench-core/src/Concerns/Testing.php:43
/var/www/html/vendor/laravel/framework/src/Illuminate/Collections/helpers.php:236
/var/www/html/vendor/orchestra/sidekick/src/functions.php:87
/var/www/html/vendor/laravel/framework/src/Illuminate/Collections/helpers.php:236
/var/www/html/vendor/orchestra/testbench-core/src/Concerns/Testing.php:57
/var/www/html/vendor/orchestra/testbench-core/src/TestCase.php:50
/var/www/html/tests/TestCase.php:61</error>
        </testcase>
        <testcase name="it_demonstrates_mixed_facade_functionality" file="/var/www/html/tests/Feature/FacadeIntegrationTest.php" line="91" class="JTD\LaravelMCP\Tests\Feature\FacadeIntegrationTest" classname="JTD.LaravelMCP.Tests.Feature.FacadeIntegrationTest" assertions="0" time="0.000000">
          <error type="Exception">JTD\LaravelMCP\Tests\Feature\FacadeIntegrationTest::it_demonstrates_mixed_facade_functionality
Exception: The /var/www/html/vendor/orchestra/testbench-core/laravel/bootstrap/cache directory must be present and writable.

/var/www/html/vendor/laravel/framework/src/Illuminate/Foundation/PackageManifest.php:179
/var/www/html/vendor/orchestra/testbench-core/src/Foundation/PackageManifest.php:157
/var/www/html/vendor/laravel/framework/src/Illuminate/Foundation/PackageManifest.php:132
/var/www/html/vendor/laravel/framework/src/Illuminate/Foundation/PackageManifest.php:108
/var/www/html/vendor/orchestra/testbench-core/src/Foundation/PackageManifest.php:102
/var/www/html/vendor/laravel/framework/src/Illuminate/Foundation/PackageManifest.php:91
/var/www/html/vendor/laravel/framework/src/Illuminate/Foundation/PackageManifest.php:80
/var/www/html/vendor/laravel/framework/src/Illuminate/Foundation/Bootstrap/RegisterFacades.php:26
/var/www/html/vendor/orchestra/testbench-core/src/Concerns/CreatesApplication.php:556
/var/www/html/vendor/orchestra/testbench-core/src/Concerns/CreatesApplication.php:311
/var/www/html/vendor/orchestra/testbench-core/src/TestCase.php:121
/var/www/html/vendor/orchestra/testbench-core/src/Concerns/ApplicationTestingHooks.php:74
/var/www/html/vendor/orchestra/testbench-core/src/Concerns/Testing.php:43
/var/www/html/vendor/laravel/framework/src/Illuminate/Collections/helpers.php:236
/var/www/html/vendor/orchestra/sidekick/src/functions.php:87
/var/www/html/vendor/laravel/framework/src/Illuminate/Collections/helpers.php:236
/var/www/html/vendor/orchestra/testbench-core/src/Concerns/Testing.php:57
/var/www/html/vendor/orchestra/testbench-core/src/TestCase.php:50
/var/www/html/tests/TestCase.php:61</error>
        </testcase>
        <testcase name="it_demonstrates_complex_middleware_ordering" file="/var/www/html/tests/Feature/FacadeIntegrationTest.php" line="118" class="JTD\LaravelMCP\Tests\Feature\FacadeIntegrationTest" classname="JTD.LaravelMCP.Tests.Feature.FacadeIntegrationTest" assertions="0" time="0.000000">
          <error type="Exception">JTD\LaravelMCP\Tests\Feature\FacadeIntegrationTest::it_demonstrates_complex_middleware_ordering
Exception: The /var/www/html/vendor/orchestra/testbench-core/laravel/bootstrap/cache directory must be present and writable.

/var/www/html/vendor/laravel/framework/src/Illuminate/Foundation/PackageManifest.php:179
/var/www/html/vendor/orchestra/testbench-core/src/Foundation/PackageManifest.php:157
/var/www/html/vendor/laravel/framework/src/Illuminate/Foundation/PackageManifest.php:132
/var/www/html/vendor/laravel/framework/src/Illuminate/Foundation/PackageManifest.php:108
/var/www/html/vendor/orchestra/testbench-core/src/Foundation/PackageManifest.php:102
/var/www/html/vendor/laravel/framework/src/Illuminate/Foundation/PackageManifest.php:91
/var/www/html/vendor/laravel/framework/src/Illuminate/Foundation/PackageManifest.php:80
/var/www/html/vendor/laravel/framework/src/Illuminate/Foundation/Bootstrap/RegisterFacades.php:26
/var/www/html/vendor/orchestra/testbench-core/src/Concerns/CreatesApplication.php:556
/var/www/html/vendor/orchestra/testbench-core/src/Concerns/CreatesApplication.php:311
/var/www/html/vendor/orchestra/testbench-core/src/TestCase.php:121
/var/www/html/vendor/orchestra/testbench-core/src/Concerns/ApplicationTestingHooks.php:74
/var/www/html/vendor/orchestra/testbench-core/src/Concerns/Testing.php:43
/var/www/html/vendor/laravel/framework/src/Illuminate/Collections/helpers.php:236
/var/www/html/vendor/orchestra/sidekick/src/functions.php:87
/var/www/html/vendor/laravel/framework/src/Illuminate/Collections/helpers.php:236
/var/www/html/vendor/orchestra/testbench-core/src/Concerns/Testing.php:57
/var/www/html/vendor/orchestra/testbench-core/src/TestCase.php:50
/var/www/html/tests/TestCase.php:61</error>
        </testcase>
        <testcase name="it_demonstrates_fluent_interface" file="/var/www/html/tests/Feature/FacadeIntegrationTest.php" line="138" class="JTD\LaravelMCP\Tests\Feature\FacadeIntegrationTest" classname="JTD.LaravelMCP.Tests.Feature.FacadeIntegrationTest" assertions="0" time="0.000000">
          <error type="Exception">JTD\LaravelMCP\Tests\Feature\FacadeIntegrationTest::it_demonstrates_fluent_interface
Exception: The /var/www/html/vendor/orchestra/testbench-core/laravel/bootstrap/cache directory must be present and writable.

/var/www/html/vendor/laravel/framework/src/Illuminate/Foundation/PackageManifest.php:179
/var/www/html/vendor/orchestra/testbench-core/src/Foundation/PackageManifest.php:157
/var/www/html/vendor/laravel/framework/src/Illuminate/Foundation/PackageManifest.php:132
/var/www/html/vendor/laravel/framework/src/Illuminate/Foundation/PackageManifest.php:108
/var/www/html/vendor/orchestra/testbench-core/src/Foundation/PackageManifest.php:102
/var/www/html/vendor/laravel/framework/src/Illuminate/Foundation/PackageManifest.php:91
/var/www/html/vendor/laravel/framework/src/Illuminate/Foundation/PackageManifest.php:80
/var/www/html/vendor/laravel/framework/src/Illuminate/Foundation/Bootstrap/RegisterFacades.php:26
/var/www/html/vendor/orchestra/testbench-core/src/Concerns/CreatesApplication.php:556
/var/www/html/vendor/orchestra/testbench-core/src/Concerns/CreatesApplication.php:311
/var/www/html/vendor/orchestra/testbench-core/src/TestCase.php:121
/var/www/html/vendor/orchestra/testbench-core/src/Concerns/ApplicationTestingHooks.php:74
/var/www/html/vendor/orchestra/testbench-core/src/Concerns/Testing.php:43
/var/www/html/vendor/laravel/framework/src/Illuminate/Collections/helpers.php:236
/var/www/html/vendor/orchestra/sidekick/src/functions.php:87
/var/www/html/vendor/laravel/framework/src/Illuminate/Collections/helpers.php:236
/var/www/html/vendor/orchestra/testbench-core/src/Concerns/Testing.php:57
/var/www/html/vendor/orchestra/testbench-core/src/TestCase.php:50
/var/www/html/tests/TestCase.php:61</error>
        </testcase>
        <testcase name="it_verifies_all_critical_fixes_are_working" file="/var/www/html/tests/Feature/FacadeIntegrationTest.php" line="155" class="JTD\LaravelMCP\Tests\Feature\FacadeIntegrationTest" classname="JTD.LaravelMCP.Tests.Feature.FacadeIntegrationTest" assertions="0" time="0.000000">
          <error type="Exception">JTD\LaravelMCP\Tests\Feature\FacadeIntegrationTest::it_verifies_all_critical_fixes_are_working
Exception: The /var/www/html/vendor/orchestra/testbench-core/laravel/bootstrap/cache directory must be present and writable.

/var/www/html/vendor/laravel/framework/src/Illuminate/Foundation/PackageManifest.php:179
/var/www/html/vendor/orchestra/testbench-core/src/Foundation/PackageManifest.php:157
/var/www/html/vendor/laravel/framework/src/Illuminate/Foundation/PackageManifest.php:132
/var/www/html/vendor/laravel/framework/src/Illuminate/Foundation/PackageManifest.php:108
/var/www/html/vendor/orchestra/testbench-core/src/Foundation/PackageManifest.php:102
/var/www/html/vendor/laravel/framework/src/Illuminate/Foundation/PackageManifest.php:91
/var/www/html/vendor/laravel/framework/src/Illuminate/Foundation/PackageManifest.php:80
/var/www/html/vendor/laravel/framework/src/Illuminate/Foundation/Bootstrap/RegisterFacades.php:26
/var/www/html/vendor/orchestra/testbench-core/src/Concerns/CreatesApplication.php:556
/var/www/html/vendor/orchestra/testbench-core/src/Concerns/CreatesApplication.php:311
/var/www/html/vendor/orchestra/testbench-core/src/TestCase.php:121
/var/www/html/vendor/orchestra/testbench-core/src/Concerns/ApplicationTestingHooks.php:74
/var/www/html/vendor/orchestra/testbench-core/src/Concerns/Testing.php:43
/var/www/html/vendor/laravel/framework/src/Illuminate/Collections/helpers.php:236
/var/www/html/vendor/orchestra/sidekick/src/functions.php:87
/var/www/html/vendor/laravel/framework/src/Illuminate/Collections/helpers.php:236
/var/www/html/vendor/orchestra/testbench-core/src/Concerns/Testing.php:57
/var/www/html/vendor/orchestra/testbench-core/src/TestCase.php:50
/var/www/html/tests/TestCase.php:61</error>
        </testcase>
      </testsuite>
      <testsuite name="JTD\LaravelMCP\Tests\Feature\Http\HttpTransportIntegrationTest" file="/var/www/html/tests/Feature/Http/HttpTransportIntegrationTest.php" tests="21" assertions="0" errors="21" failures="0" skipped="0" time="0.000000">
        <testcase name="it_handles_complete_http_request_response_cycle" file="/var/www/html/tests/Feature/Http/HttpTransportIntegrationTest.php" line="67" class="JTD\LaravelMCP\Tests\Feature\Http\HttpTransportIntegrationTest" classname="JTD.LaravelMCP.Tests.Feature.Http.HttpTransportIntegrationTest" assertions="0" time="0.000000">
          <error type="Exception">JTD\LaravelMCP\Tests\Feature\Http\HttpTransportIntegrationTest::it_handles_complete_http_request_response_cycle
Exception: The /var/www/html/vendor/orchestra/testbench-core/laravel/bootstrap/cache directory must be present and writable.

/var/www/html/vendor/laravel/framework/src/Illuminate/Foundation/PackageManifest.php:179
/var/www/html/vendor/orchestra/testbench-core/src/Foundation/PackageManifest.php:157
/var/www/html/vendor/laravel/framework/src/Illuminate/Foundation/PackageManifest.php:132
/var/www/html/vendor/laravel/framework/src/Illuminate/Foundation/PackageManifest.php:108
/var/www/html/vendor/orchestra/testbench-core/src/Foundation/PackageManifest.php:102
/var/www/html/vendor/laravel/framework/src/Illuminate/Foundation/PackageManifest.php:91
/var/www/html/vendor/laravel/framework/src/Illuminate/Foundation/PackageManifest.php:80
/var/www/html/vendor/laravel/framework/src/Illuminate/Foundation/Bootstrap/RegisterFacades.php:26
/var/www/html/vendor/orchestra/testbench-core/src/Concerns/CreatesApplication.php:556
/var/www/html/vendor/orchestra/testbench-core/src/Concerns/CreatesApplication.php:311
/var/www/html/vendor/orchestra/testbench-core/src/TestCase.php:121
/var/www/html/vendor/orchestra/testbench-core/src/Concerns/ApplicationTestingHooks.php:74
/var/www/html/vendor/orchestra/testbench-core/src/Concerns/Testing.php:43
/var/www/html/vendor/laravel/framework/src/Illuminate/Collections/helpers.php:236
/var/www/html/vendor/orchestra/sidekick/src/functions.php:87
/var/www/html/vendor/laravel/framework/src/Illuminate/Collections/helpers.php:236
/var/www/html/vendor/orchestra/testbench-core/src/Concerns/Testing.php:57
/var/www/html/vendor/orchestra/testbench-core/src/TestCase.php:50
/var/www/html/tests/TestCase.php:61
/var/www/html/tests/Feature/Http/HttpTransportIntegrationTest.php:29</error>
        </testcase>
        <testcase name="it_handles_cors_preflight_requests" file="/var/www/html/tests/Feature/Http/HttpTransportIntegrationTest.php" line="116" class="JTD\LaravelMCP\Tests\Feature\Http\HttpTransportIntegrationTest" classname="JTD.LaravelMCP.Tests.Feature.Http.HttpTransportIntegrationTest" assertions="0" time="0.000000">
          <error type="Exception">JTD\LaravelMCP\Tests\Feature\Http\HttpTransportIntegrationTest::it_handles_cors_preflight_requests
Exception: The /var/www/html/vendor/orchestra/testbench-core/laravel/bootstrap/cache directory must be present and writable.

/var/www/html/vendor/laravel/framework/src/Illuminate/Foundation/PackageManifest.php:179
/var/www/html/vendor/orchestra/testbench-core/src/Foundation/PackageManifest.php:157
/var/www/html/vendor/laravel/framework/src/Illuminate/Foundation/PackageManifest.php:132
/var/www/html/vendor/laravel/framework/src/Illuminate/Foundation/PackageManifest.php:108
/var/www/html/vendor/orchestra/testbench-core/src/Foundation/PackageManifest.php:102
/var/www/html/vendor/laravel/framework/src/Illuminate/Foundation/PackageManifest.php:91
/var/www/html/vendor/laravel/framework/src/Illuminate/Foundation/PackageManifest.php:80
/var/www/html/vendor/laravel/framework/src/Illuminate/Foundation/Bootstrap/RegisterFacades.php:26
/var/www/html/vendor/orchestra/testbench-core/src/Concerns/CreatesApplication.php:556
/var/www/html/vendor/orchestra/testbench-core/src/Concerns/CreatesApplication.php:311
/var/www/html/vendor/orchestra/testbench-core/src/TestCase.php:121
/var/www/html/vendor/orchestra/testbench-core/src/Concerns/ApplicationTestingHooks.php:74
/var/www/html/vendor/orchestra/testbench-core/src/Concerns/Testing.php:43
/var/www/html/vendor/laravel/framework/src/Illuminate/Collections/helpers.php:236
/var/www/html/vendor/orchestra/sidekick/src/functions.php:87
/var/www/html/vendor/laravel/framework/src/Illuminate/Collections/helpers.php:236
/var/www/html/vendor/orchestra/testbench-core/src/Concerns/Testing.php:57
/var/www/html/vendor/orchestra/testbench-core/src/TestCase.php:50
/var/www/html/tests/TestCase.php:61
/var/www/html/tests/Feature/Http/HttpTransportIntegrationTest.php:29</error>
        </testcase>
        <testcase name="it_adds_cors_headers_to_regular_requests" file="/var/www/html/tests/Feature/Http/HttpTransportIntegrationTest.php" line="135" class="JTD\LaravelMCP\Tests\Feature\Http\HttpTransportIntegrationTest" classname="JTD.LaravelMCP.Tests.Feature.Http.HttpTransportIntegrationTest" assertions="0" time="0.000000">
          <error type="Exception">JTD\LaravelMCP\Tests\Feature\Http\HttpTransportIntegrationTest::it_adds_cors_headers_to_regular_requests
Exception: The /var/www/html/vendor/orchestra/testbench-core/laravel/bootstrap/cache directory must be present and writable.

/var/www/html/vendor/laravel/framework/src/Illuminate/Foundation/PackageManifest.php:179
/var/www/html/vendor/orchestra/testbench-core/src/Foundation/PackageManifest.php:157
/var/www/html/vendor/laravel/framework/src/Illuminate/Foundation/PackageManifest.php:132
/var/www/html/vendor/laravel/framework/src/Illuminate/Foundation/PackageManifest.php:108
/var/www/html/vendor/orchestra/testbench-core/src/Foundation/PackageManifest.php:102
/var/www/html/vendor/laravel/framework/src/Illuminate/Foundation/PackageManifest.php:91
/var/www/html/vendor/laravel/framework/src/Illuminate/Foundation/PackageManifest.php:80
/var/www/html/vendor/laravel/framework/src/Illuminate/Foundation/Bootstrap/RegisterFacades.php:26
/var/www/html/vendor/orchestra/testbench-core/src/Concerns/CreatesApplication.php:556
/var/www/html/vendor/orchestra/testbench-core/src/Concerns/CreatesApplication.php:311
/var/www/html/vendor/orchestra/testbench-core/src/TestCase.php:121
/var/www/html/vendor/orchestra/testbench-core/src/Concerns/ApplicationTestingHooks.php:74
/var/www/html/vendor/orchestra/testbench-core/src/Concerns/Testing.php:43
/var/www/html/vendor/laravel/framework/src/Illuminate/Collections/helpers.php:236
/var/www/html/vendor/orchestra/sidekick/src/functions.php:87
/var/www/html/vendor/laravel/framework/src/Illuminate/Collections/helpers.php:236
/var/www/html/vendor/orchestra/testbench-core/src/Concerns/Testing.php:57
/var/www/html/vendor/orchestra/testbench-core/src/TestCase.php:50
/var/www/html/tests/TestCase.php:61
/var/www/html/tests/Feature/Http/HttpTransportIntegrationTest.php:29</error>
        </testcase>
        <testcase name="it_enforces_authentication_when_enabled" file="/var/www/html/tests/Feature/Http/HttpTransportIntegrationTest.php" line="153" class="JTD\LaravelMCP\Tests\Feature\Http\HttpTransportIntegrationTest" classname="JTD.LaravelMCP.Tests.Feature.Http.HttpTransportIntegrationTest" assertions="0" time="0.000000">
          <error type="Exception">JTD\LaravelMCP\Tests\Feature\Http\HttpTransportIntegrationTest::it_enforces_authentication_when_enabled
Exception: The /var/www/html/vendor/orchestra/testbench-core/laravel/bootstrap/cache directory must be present and writable.

/var/www/html/vendor/laravel/framework/src/Illuminate/Foundation/PackageManifest.php:179
/var/www/html/vendor/orchestra/testbench-core/src/Foundation/PackageManifest.php:157
/var/www/html/vendor/laravel/framework/src/Illuminate/Foundation/PackageManifest.php:132
/var/www/html/vendor/laravel/framework/src/Illuminate/Foundation/PackageManifest.php:108
/var/www/html/vendor/orchestra/testbench-core/src/Foundation/PackageManifest.php:102
/var/www/html/vendor/laravel/framework/src/Illuminate/Foundation/PackageManifest.php:91
/var/www/html/vendor/laravel/framework/src/Illuminate/Foundation/PackageManifest.php:80
/var/www/html/vendor/laravel/framework/src/Illuminate/Foundation/Bootstrap/RegisterFacades.php:26
/var/www/html/vendor/orchestra/testbench-core/src/Concerns/CreatesApplication.php:556
/var/www/html/vendor/orchestra/testbench-core/src/Concerns/CreatesApplication.php:311
/var/www/html/vendor/orchestra/testbench-core/src/TestCase.php:121
/var/www/html/vendor/orchestra/testbench-core/src/Concerns/ApplicationTestingHooks.php:74
/var/www/html/vendor/orchestra/testbench-core/src/Concerns/Testing.php:43
/var/www/html/vendor/laravel/framework/src/Illuminate/Collections/helpers.php:236
/var/www/html/vendor/orchestra/sidekick/src/functions.php:87
/var/www/html/vendor/laravel/framework/src/Illuminate/Collections/helpers.php:236
/var/www/html/vendor/orchestra/testbench-core/src/Concerns/Testing.php:57
/var/www/html/vendor/orchestra/testbench-core/src/TestCase.php:50
/var/www/html/tests/TestCase.php:61
/var/www/html/tests/Feature/Http/HttpTransportIntegrationTest.php:29</error>
        </testcase>
        <testcase name="it_provides_health_check_endpoint" file="/var/www/html/tests/Feature/Http/HttpTransportIntegrationTest.php" line="192" class="JTD\LaravelMCP\Tests\Feature\Http\HttpTransportIntegrationTest" classname="JTD.LaravelMCP.Tests.Feature.Http.HttpTransportIntegrationTest" assertions="0" time="0.000000">
          <error type="Exception">JTD\LaravelMCP\Tests\Feature\Http\HttpTransportIntegrationTest::it_provides_health_check_endpoint
Exception: The /var/www/html/vendor/orchestra/testbench-core/laravel/bootstrap/cache directory must be present and writable.

/var/www/html/vendor/laravel/framework/src/Illuminate/Foundation/PackageManifest.php:179
/var/www/html/vendor/orchestra/testbench-core/src/Foundation/PackageManifest.php:157
/var/www/html/vendor/laravel/framework/src/Illuminate/Foundation/PackageManifest.php:132
/var/www/html/vendor/laravel/framework/src/Illuminate/Foundation/PackageManifest.php:108
/var/www/html/vendor/orchestra/testbench-core/src/Foundation/PackageManifest.php:102
/var/www/html/vendor/laravel/framework/src/Illuminate/Foundation/PackageManifest.php:91
/var/www/html/vendor/laravel/framework/src/Illuminate/Foundation/PackageManifest.php:80
/var/www/html/vendor/laravel/framework/src/Illuminate/Foundation/Bootstrap/RegisterFacades.php:26
/var/www/html/vendor/orchestra/testbench-core/src/Concerns/CreatesApplication.php:556
/var/www/html/vendor/orchestra/testbench-core/src/Concerns/CreatesApplication.php:311
/var/www/html/vendor/orchestra/testbench-core/src/TestCase.php:121
/var/www/html/vendor/orchestra/testbench-core/src/Concerns/ApplicationTestingHooks.php:74
/var/www/html/vendor/orchestra/testbench-core/src/Concerns/Testing.php:43
/var/www/html/vendor/laravel/framework/src/Illuminate/Collections/helpers.php:236
/var/www/html/vendor/orchestra/sidekick/src/functions.php:87
/var/www/html/vendor/laravel/framework/src/Illuminate/Collections/helpers.php:236
/var/www/html/vendor/orchestra/testbench-core/src/Concerns/Testing.php:57
/var/www/html/vendor/orchestra/testbench-core/src/TestCase.php:50
/var/www/html/tests/TestCase.php:61
/var/www/html/tests/Feature/Http/HttpTransportIntegrationTest.php:29</error>
        </testcase>
        <testcase name="it_provides_server_info_endpoint" file="/var/www/html/tests/Feature/Http/HttpTransportIntegrationTest.php" line="218" class="JTD\LaravelMCP\Tests\Feature\Http\HttpTransportIntegrationTest" classname="JTD.LaravelMCP.Tests.Feature.Http.HttpTransportIntegrationTest" assertions="0" time="0.000000">
          <error type="Exception">JTD\LaravelMCP\Tests\Feature\Http\HttpTransportIntegrationTest::it_provides_server_info_endpoint
Exception: The /var/www/html/vendor/orchestra/testbench-core/laravel/bootstrap/cache directory must be present and writable.

/var/www/html/vendor/laravel/framework/src/Illuminate/Foundation/PackageManifest.php:179
/var/www/html/vendor/orchestra/testbench-core/src/Foundation/PackageManifest.php:157
/var/www/html/vendor/laravel/framework/src/Illuminate/Foundation/PackageManifest.php:132
/var/www/html/vendor/laravel/framework/src/Illuminate/Foundation/PackageManifest.php:108
/var/www/html/vendor/orchestra/testbench-core/src/Foundation/PackageManifest.php:102
/var/www/html/vendor/laravel/framework/src/Illuminate/Foundation/PackageManifest.php:91
/var/www/html/vendor/laravel/framework/src/Illuminate/Foundation/PackageManifest.php:80
/var/www/html/vendor/laravel/framework/src/Illuminate/Foundation/Bootstrap/RegisterFacades.php:26
/var/www/html/vendor/orchestra/testbench-core/src/Concerns/CreatesApplication.php:556
/var/www/html/vendor/orchestra/testbench-core/src/Concerns/CreatesApplication.php:311
/var/www/html/vendor/orchestra/testbench-core/src/TestCase.php:121
/var/www/html/vendor/orchestra/testbench-core/src/Concerns/ApplicationTestingHooks.php:74
/var/www/html/vendor/orchestra/testbench-core/src/Concerns/Testing.php:43
/var/www/html/vendor/laravel/framework/src/Illuminate/Collections/helpers.php:236
/var/www/html/vendor/orchestra/sidekick/src/functions.php:87
/var/www/html/vendor/laravel/framework/src/Illuminate/Collections/helpers.php:236
/var/www/html/vendor/orchestra/testbench-core/src/Concerns/Testing.php:57
/var/www/html/vendor/orchestra/testbench-core/src/TestCase.php:50
/var/www/html/tests/TestCase.php:61
/var/www/html/tests/Feature/Http/HttpTransportIntegrationTest.php:29</error>
        </testcase>
        <testcase name="it_handles_malformed_json_requests" file="/var/www/html/tests/Feature/Http/HttpTransportIntegrationTest.php" line="256" class="JTD\LaravelMCP\Tests\Feature\Http\HttpTransportIntegrationTest" classname="JTD.LaravelMCP.Tests.Feature.Http.HttpTransportIntegrationTest" assertions="0" time="0.000000">
          <error type="Exception">JTD\LaravelMCP\Tests\Feature\Http\HttpTransportIntegrationTest::it_handles_malformed_json_requests
Exception: The /var/www/html/vendor/orchestra/testbench-core/laravel/bootstrap/cache directory must be present and writable.

/var/www/html/vendor/laravel/framework/src/Illuminate/Foundation/PackageManifest.php:179
/var/www/html/vendor/orchestra/testbench-core/src/Foundation/PackageManifest.php:157
/var/www/html/vendor/laravel/framework/src/Illuminate/Foundation/PackageManifest.php:132
/var/www/html/vendor/laravel/framework/src/Illuminate/Foundation/PackageManifest.php:108
/var/www/html/vendor/orchestra/testbench-core/src/Foundation/PackageManifest.php:102
/var/www/html/vendor/laravel/framework/src/Illuminate/Foundation/PackageManifest.php:91
/var/www/html/vendor/laravel/framework/src/Illuminate/Foundation/PackageManifest.php:80
/var/www/html/vendor/laravel/framework/src/Illuminate/Foundation/Bootstrap/RegisterFacades.php:26
/var/www/html/vendor/orchestra/testbench-core/src/Concerns/CreatesApplication.php:556
/var/www/html/vendor/orchestra/testbench-core/src/Concerns/CreatesApplication.php:311
/var/www/html/vendor/orchestra/testbench-core/src/TestCase.php:121
/var/www/html/vendor/orchestra/testbench-core/src/Concerns/ApplicationTestingHooks.php:74
/var/www/html/vendor/orchestra/testbench-core/src/Concerns/Testing.php:43
/var/www/html/vendor/laravel/framework/src/Illuminate/Collections/helpers.php:236
/var/www/html/vendor/orchestra/sidekick/src/functions.php:87
/var/www/html/vendor/laravel/framework/src/Illuminate/Collections/helpers.php:236
/var/www/html/vendor/orchestra/testbench-core/src/Concerns/Testing.php:57
/var/www/html/vendor/orchestra/testbench-core/src/TestCase.php:50
/var/www/html/tests/TestCase.php:61
/var/www/html/tests/Feature/Http/HttpTransportIntegrationTest.php:29</error>
        </testcase>
        <testcase name="it_rejects_invalid_content_type" file="/var/www/html/tests/Feature/Http/HttpTransportIntegrationTest.php" line="277" class="JTD\LaravelMCP\Tests\Feature\Http\HttpTransportIntegrationTest" classname="JTD.LaravelMCP.Tests.Feature.Http.HttpTransportIntegrationTest" assertions="0" time="0.000000">
          <error type="Exception">JTD\LaravelMCP\Tests\Feature\Http\HttpTransportIntegrationTest::it_rejects_invalid_content_type
Exception: The /var/www/html/vendor/orchestra/testbench-core/laravel/bootstrap/cache directory must be present and writable.

/var/www/html/vendor/laravel/framework/src/Illuminate/Foundation/PackageManifest.php:179
/var/www/html/vendor/orchestra/testbench-core/src/Foundation/PackageManifest.php:157
/var/www/html/vendor/laravel/framework/src/Illuminate/Foundation/PackageManifest.php:132
/var/www/html/vendor/laravel/framework/src/Illuminate/Foundation/PackageManifest.php:108
/var/www/html/vendor/orchestra/testbench-core/src/Foundation/PackageManifest.php:102
/var/www/html/vendor/laravel/framework/src/Illuminate/Foundation/PackageManifest.php:91
/var/www/html/vendor/laravel/framework/src/Illuminate/Foundation/PackageManifest.php:80
/var/www/html/vendor/laravel/framework/src/Illuminate/Foundation/Bootstrap/RegisterFacades.php:26
/var/www/html/vendor/orchestra/testbench-core/src/Concerns/CreatesApplication.php:556
/var/www/html/vendor/orchestra/testbench-core/src/Concerns/CreatesApplication.php:311
/var/www/html/vendor/orchestra/testbench-core/src/TestCase.php:121
/var/www/html/vendor/orchestra/testbench-core/src/Concerns/ApplicationTestingHooks.php:74
/var/www/html/vendor/orchestra/testbench-core/src/Concerns/Testing.php:43
/var/www/html/vendor/laravel/framework/src/Illuminate/Collections/helpers.php:236
/var/www/html/vendor/orchestra/sidekick/src/functions.php:87
/var/www/html/vendor/laravel/framework/src/Illuminate/Collections/helpers.php:236
/var/www/html/vendor/orchestra/testbench-core/src/Concerns/Testing.php:57
/var/www/html/vendor/orchestra/testbench-core/src/TestCase.php:50
/var/www/html/tests/TestCase.php:61
/var/www/html/tests/Feature/Http/HttpTransportIntegrationTest.php:29</error>
        </testcase>
        <testcase name="it_handles_jsonrpc_notifications" file="/var/www/html/tests/Feature/Http/HttpTransportIntegrationTest.php" line="298" class="JTD\LaravelMCP\Tests\Feature\Http\HttpTransportIntegrationTest" classname="JTD.LaravelMCP.Tests.Feature.Http.HttpTransportIntegrationTest" assertions="0" time="0.000000">
          <error type="Exception">JTD\LaravelMCP\Tests\Feature\Http\HttpTransportIntegrationTest::it_handles_jsonrpc_notifications
Exception: The /var/www/html/vendor/orchestra/testbench-core/laravel/bootstrap/cache directory must be present and writable.

/var/www/html/vendor/laravel/framework/src/Illuminate/Foundation/PackageManifest.php:179
/var/www/html/vendor/orchestra/testbench-core/src/Foundation/PackageManifest.php:157
/var/www/html/vendor/laravel/framework/src/Illuminate/Foundation/PackageManifest.php:132
/var/www/html/vendor/laravel/framework/src/Illuminate/Foundation/PackageManifest.php:108
/var/www/html/vendor/orchestra/testbench-core/src/Foundation/PackageManifest.php:102
/var/www/html/vendor/laravel/framework/src/Illuminate/Foundation/PackageManifest.php:91
/var/www/html/vendor/laravel/framework/src/Illuminate/Foundation/PackageManifest.php:80
/var/www/html/vendor/laravel/framework/src/Illuminate/Foundation/Bootstrap/RegisterFacades.php:26
/var/www/html/vendor/orchestra/testbench-core/src/Concerns/CreatesApplication.php:556
/var/www/html/vendor/orchestra/testbench-core/src/Concerns/CreatesApplication.php:311
/var/www/html/vendor/orchestra/testbench-core/src/TestCase.php:121
/var/www/html/vendor/orchestra/testbench-core/src/Concerns/ApplicationTestingHooks.php:74
/var/www/html/vendor/orchestra/testbench-core/src/Concerns/Testing.php:43
/var/www/html/vendor/laravel/framework/src/Illuminate/Collections/helpers.php:236
/var/www/html/vendor/orchestra/sidekick/src/functions.php:87
/var/www/html/vendor/laravel/framework/src/Illuminate/Collections/helpers.php:236
/var/www/html/vendor/orchestra/testbench-core/src/Concerns/Testing.php:57
/var/www/html/vendor/orchestra/testbench-core/src/TestCase.php:50
/var/www/html/tests/TestCase.php:61
/var/www/html/tests/Feature/Http/HttpTransportIntegrationTest.php:29</error>
        </testcase>
        <testcase name="it_handles_batch_requests" file="/var/www/html/tests/Feature/Http/HttpTransportIntegrationTest.php" line="315" class="JTD\LaravelMCP\Tests\Feature\Http\HttpTransportIntegrationTest" classname="JTD.LaravelMCP.Tests.Feature.Http.HttpTransportIntegrationTest" assertions="0" time="0.000000">
          <error type="Exception">JTD\LaravelMCP\Tests\Feature\Http\HttpTransportIntegrationTest::it_handles_batch_requests
Exception: The /var/www/html/vendor/orchestra/testbench-core/laravel/bootstrap/cache directory must be present and writable.

/var/www/html/vendor/laravel/framework/src/Illuminate/Foundation/PackageManifest.php:179
/var/www/html/vendor/orchestra/testbench-core/src/Foundation/PackageManifest.php:157
/var/www/html/vendor/laravel/framework/src/Illuminate/Foundation/PackageManifest.php:132
/var/www/html/vendor/laravel/framework/src/Illuminate/Foundation/PackageManifest.php:108
/var/www/html/vendor/orchestra/testbench-core/src/Foundation/PackageManifest.php:102
/var/www/html/vendor/laravel/framework/src/Illuminate/Foundation/PackageManifest.php:91
/var/www/html/vendor/laravel/framework/src/Illuminate/Foundation/PackageManifest.php:80
/var/www/html/vendor/laravel/framework/src/Illuminate/Foundation/Bootstrap/RegisterFacades.php:26
/var/www/html/vendor/orchestra/testbench-core/src/Concerns/CreatesApplication.php:556
/var/www/html/vendor/orchestra/testbench-core/src/Concerns/CreatesApplication.php:311
/var/www/html/vendor/orchestra/testbench-core/src/TestCase.php:121
/var/www/html/vendor/orchestra/testbench-core/src/Concerns/ApplicationTestingHooks.php:74
/var/www/html/vendor/orchestra/testbench-core/src/Concerns/Testing.php:43
/var/www/html/vendor/laravel/framework/src/Illuminate/Collections/helpers.php:236
/var/www/html/vendor/orchestra/sidekick/src/functions.php:87
/var/www/html/vendor/laravel/framework/src/Illuminate/Collections/helpers.php:236
/var/www/html/vendor/orchestra/testbench-core/src/Concerns/Testing.php:57
/var/www/html/vendor/orchestra/testbench-core/src/TestCase.php:50
/var/www/html/tests/TestCase.php:61
/var/www/html/tests/Feature/Http/HttpTransportIntegrationTest.php:29</error>
        </testcase>
        <testcase name="it_invokes_tools_through_http" file="/var/www/html/tests/Feature/Http/HttpTransportIntegrationTest.php" line="342" class="JTD\LaravelMCP\Tests\Feature\Http\HttpTransportIntegrationTest" classname="JTD.LaravelMCP.Tests.Feature.Http.HttpTransportIntegrationTest" assertions="0" time="0.000000">
          <error type="Exception">JTD\LaravelMCP\Tests\Feature\Http\HttpTransportIntegrationTest::it_invokes_tools_through_http
Exception: The /var/www/html/vendor/orchestra/testbench-core/laravel/bootstrap/cache directory must be present and writable.

/var/www/html/vendor/laravel/framework/src/Illuminate/Foundation/PackageManifest.php:179
/var/www/html/vendor/orchestra/testbench-core/src/Foundation/PackageManifest.php:157
/var/www/html/vendor/laravel/framework/src/Illuminate/Foundation/PackageManifest.php:132
/var/www/html/vendor/laravel/framework/src/Illuminate/Foundation/PackageManifest.php:108
/var/www/html/vendor/orchestra/testbench-core/src/Foundation/PackageManifest.php:102
/var/www/html/vendor/laravel/framework/src/Illuminate/Foundation/PackageManifest.php:91
/var/www/html/vendor/laravel/framework/src/Illuminate/Foundation/PackageManifest.php:80
/var/www/html/vendor/laravel/framework/src/Illuminate/Foundation/Bootstrap/RegisterFacades.php:26
/var/www/html/vendor/orchestra/testbench-core/src/Concerns/CreatesApplication.php:556
/var/www/html/vendor/orchestra/testbench-core/src/Concerns/CreatesApplication.php:311
/var/www/html/vendor/orchestra/testbench-core/src/TestCase.php:121
/var/www/html/vendor/orchestra/testbench-core/src/Concerns/ApplicationTestingHooks.php:74
/var/www/html/vendor/orchestra/testbench-core/src/Concerns/Testing.php:43
/var/www/html/vendor/laravel/framework/src/Illuminate/Collections/helpers.php:236
/var/www/html/vendor/orchestra/sidekick/src/functions.php:87
/var/www/html/vendor/laravel/framework/src/Illuminate/Collections/helpers.php:236
/var/www/html/vendor/orchestra/testbench-core/src/Concerns/Testing.php:57
/var/www/html/vendor/orchestra/testbench-core/src/TestCase.php:50
/var/www/html/tests/TestCase.php:61
/var/www/html/tests/Feature/Http/HttpTransportIntegrationTest.php:29</error>
        </testcase>
        <testcase name="it_reads_resources_through_http" file="/var/www/html/tests/Feature/Http/HttpTransportIntegrationTest.php" line="404" class="JTD\LaravelMCP\Tests\Feature\Http\HttpTransportIntegrationTest" classname="JTD.LaravelMCP.Tests.Feature.Http.HttpTransportIntegrationTest" assertions="0" time="0.000000">
          <error type="Exception">JTD\LaravelMCP\Tests\Feature\Http\HttpTransportIntegrationTest::it_reads_resources_through_http
Exception: The /var/www/html/vendor/orchestra/testbench-core/laravel/bootstrap/cache directory must be present and writable.

/var/www/html/vendor/laravel/framework/src/Illuminate/Foundation/PackageManifest.php:179
/var/www/html/vendor/orchestra/testbench-core/src/Foundation/PackageManifest.php:157
/var/www/html/vendor/laravel/framework/src/Illuminate/Foundation/PackageManifest.php:132
/var/www/html/vendor/laravel/framework/src/Illuminate/Foundation/PackageManifest.php:108
/var/www/html/vendor/orchestra/testbench-core/src/Foundation/PackageManifest.php:102
/var/www/html/vendor/laravel/framework/src/Illuminate/Foundation/PackageManifest.php:91
/var/www/html/vendor/laravel/framework/src/Illuminate/Foundation/PackageManifest.php:80
/var/www/html/vendor/laravel/framework/src/Illuminate/Foundation/Bootstrap/RegisterFacades.php:26
/var/www/html/vendor/orchestra/testbench-core/src/Concerns/CreatesApplication.php:556
/var/www/html/vendor/orchestra/testbench-core/src/Concerns/CreatesApplication.php:311
/var/www/html/vendor/orchestra/testbench-core/src/TestCase.php:121
/var/www/html/vendor/orchestra/testbench-core/src/Concerns/ApplicationTestingHooks.php:74
/var/www/html/vendor/orchestra/testbench-core/src/Concerns/Testing.php:43
/var/www/html/vendor/laravel/framework/src/Illuminate/Collections/helpers.php:236
/var/www/html/vendor/orchestra/sidekick/src/functions.php:87
/var/www/html/vendor/laravel/framework/src/Illuminate/Collections/helpers.php:236
/var/www/html/vendor/orchestra/testbench-core/src/Concerns/Testing.php:57
/var/www/html/vendor/orchestra/testbench-core/src/TestCase.php:50
/var/www/html/tests/TestCase.php:61
/var/www/html/tests/Feature/Http/HttpTransportIntegrationTest.php:29</error>
        </testcase>
        <testcase name="it_handles_prompts_through_http" file="/var/www/html/tests/Feature/Http/HttpTransportIntegrationTest.php" line="457" class="JTD\LaravelMCP\Tests\Feature\Http\HttpTransportIntegrationTest" classname="JTD.LaravelMCP.Tests.Feature.Http.HttpTransportIntegrationTest" assertions="0" time="0.000000">
          <error type="Exception">JTD\LaravelMCP\Tests\Feature\Http\HttpTransportIntegrationTest::it_handles_prompts_through_http
Exception: The /var/www/html/vendor/orchestra/testbench-core/laravel/bootstrap/cache directory must be present and writable.

/var/www/html/vendor/laravel/framework/src/Illuminate/Foundation/PackageManifest.php:179
/var/www/html/vendor/orchestra/testbench-core/src/Foundation/PackageManifest.php:157
/var/www/html/vendor/laravel/framework/src/Illuminate/Foundation/PackageManifest.php:132
/var/www/html/vendor/laravel/framework/src/Illuminate/Foundation/PackageManifest.php:108
/var/www/html/vendor/orchestra/testbench-core/src/Foundation/PackageManifest.php:102
/var/www/html/vendor/laravel/framework/src/Illuminate/Foundation/PackageManifest.php:91
/var/www/html/vendor/laravel/framework/src/Illuminate/Foundation/PackageManifest.php:80
/var/www/html/vendor/laravel/framework/src/Illuminate/Foundation/Bootstrap/RegisterFacades.php:26
/var/www/html/vendor/orchestra/testbench-core/src/Concerns/CreatesApplication.php:556
/var/www/html/vendor/orchestra/testbench-core/src/Concerns/CreatesApplication.php:311
/var/www/html/vendor/orchestra/testbench-core/src/TestCase.php:121
/var/www/html/vendor/orchestra/testbench-core/src/Concerns/ApplicationTestingHooks.php:74
/var/www/html/vendor/orchestra/testbench-core/src/Concerns/Testing.php:43
/var/www/html/vendor/laravel/framework/src/Illuminate/Collections/helpers.php:236
/var/www/html/vendor/orchestra/sidekick/src/functions.php:87
/var/www/html/vendor/laravel/framework/src/Illuminate/Collections/helpers.php:236
/var/www/html/vendor/orchestra/testbench-core/src/Concerns/Testing.php:57
/var/www/html/vendor/orchestra/testbench-core/src/TestCase.php:50
/var/www/html/tests/TestCase.php:61
/var/www/html/tests/Feature/Http/HttpTransportIntegrationTest.php:29</error>
        </testcase>
        <testcase name="it_processes_requests_through_middleware_stack" file="/var/www/html/tests/Feature/Http/HttpTransportIntegrationTest.php" line="504" class="JTD\LaravelMCP\Tests\Feature\Http\HttpTransportIntegrationTest" classname="JTD.LaravelMCP.Tests.Feature.Http.HttpTransportIntegrationTest" assertions="0" time="0.000000">
          <error type="Exception">JTD\LaravelMCP\Tests\Feature\Http\HttpTransportIntegrationTest::it_processes_requests_through_middleware_stack
Exception: The /var/www/html/vendor/orchestra/testbench-core/laravel/bootstrap/cache directory must be present and writable.

/var/www/html/vendor/laravel/framework/src/Illuminate/Foundation/PackageManifest.php:179
/var/www/html/vendor/orchestra/testbench-core/src/Foundation/PackageManifest.php:157
/var/www/html/vendor/laravel/framework/src/Illuminate/Foundation/PackageManifest.php:132
/var/www/html/vendor/laravel/framework/src/Illuminate/Foundation/PackageManifest.php:108
/var/www/html/vendor/orchestra/testbench-core/src/Foundation/PackageManifest.php:102
/var/www/html/vendor/laravel/framework/src/Illuminate/Foundation/PackageManifest.php:91
/var/www/html/vendor/laravel/framework/src/Illuminate/Foundation/PackageManifest.php:80
/var/www/html/vendor/laravel/framework/src/Illuminate/Foundation/Bootstrap/RegisterFacades.php:26
/var/www/html/vendor/orchestra/testbench-core/src/Concerns/CreatesApplication.php:556
/var/www/html/vendor/orchestra/testbench-core/src/Concerns/CreatesApplication.php:311
/var/www/html/vendor/orchestra/testbench-core/src/TestCase.php:121
/var/www/html/vendor/orchestra/testbench-core/src/Concerns/ApplicationTestingHooks.php:74
/var/www/html/vendor/orchestra/testbench-core/src/Concerns/Testing.php:43
/var/www/html/vendor/laravel/framework/src/Illuminate/Collections/helpers.php:236
/var/www/html/vendor/orchestra/sidekick/src/functions.php:87
/var/www/html/vendor/laravel/framework/src/Illuminate/Collections/helpers.php:236
/var/www/html/vendor/orchestra/testbench-core/src/Concerns/Testing.php:57
/var/www/html/vendor/orchestra/testbench-core/src/TestCase.php:50
/var/www/html/tests/TestCase.php:61
/var/www/html/tests/Feature/Http/HttpTransportIntegrationTest.php:29</error>
        </testcase>
        <testcase name="it_handles_concurrent_http_requests" file="/var/www/html/tests/Feature/Http/HttpTransportIntegrationTest.php" line="527" class="JTD\LaravelMCP\Tests\Feature\Http\HttpTransportIntegrationTest" classname="JTD.LaravelMCP.Tests.Feature.Http.HttpTransportIntegrationTest" assertions="0" time="0.000000">
          <error type="Exception">JTD\LaravelMCP\Tests\Feature\Http\HttpTransportIntegrationTest::it_handles_concurrent_http_requests
Exception: The /var/www/html/vendor/orchestra/testbench-core/laravel/bootstrap/cache directory must be present and writable.

/var/www/html/vendor/laravel/framework/src/Illuminate/Foundation/PackageManifest.php:179
/var/www/html/vendor/orchestra/testbench-core/src/Foundation/PackageManifest.php:157
/var/www/html/vendor/laravel/framework/src/Illuminate/Foundation/PackageManifest.php:132
/var/www/html/vendor/laravel/framework/src/Illuminate/Foundation/PackageManifest.php:108
/var/www/html/vendor/orchestra/testbench-core/src/Foundation/PackageManifest.php:102
/var/www/html/vendor/laravel/framework/src/Illuminate/Foundation/PackageManifest.php:91
/var/www/html/vendor/laravel/framework/src/Illuminate/Foundation/PackageManifest.php:80
/var/www/html/vendor/laravel/framework/src/Illuminate/Foundation/Bootstrap/RegisterFacades.php:26
/var/www/html/vendor/orchestra/testbench-core/src/Concerns/CreatesApplication.php:556
/var/www/html/vendor/orchestra/testbench-core/src/Concerns/CreatesApplication.php:311
/var/www/html/vendor/orchestra/testbench-core/src/TestCase.php:121
/var/www/html/vendor/orchestra/testbench-core/src/Concerns/ApplicationTestingHooks.php:74
/var/www/html/vendor/orchestra/testbench-core/src/Concerns/Testing.php:43
/var/www/html/vendor/laravel/framework/src/Illuminate/Collections/helpers.php:236
/var/www/html/vendor/orchestra/sidekick/src/functions.php:87
/var/www/html/vendor/laravel/framework/src/Illuminate/Collections/helpers.php:236
/var/www/html/vendor/orchestra/testbench-core/src/Concerns/Testing.php:57
/var/www/html/vendor/orchestra/testbench-core/src/TestCase.php:50
/var/www/html/tests/TestCase.php:61
/var/www/html/tests/Feature/Http/HttpTransportIntegrationTest.php:29</error>
        </testcase>
        <testcase name="it_recovers_from_transport_errors" file="/var/www/html/tests/Feature/Http/HttpTransportIntegrationTest.php" line="552" class="JTD\LaravelMCP\Tests\Feature\Http\HttpTransportIntegrationTest" classname="JTD.LaravelMCP.Tests.Feature.Http.HttpTransportIntegrationTest" assertions="0" time="0.000000">
          <error type="Exception">JTD\LaravelMCP\Tests\Feature\Http\HttpTransportIntegrationTest::it_recovers_from_transport_errors
Exception: The /var/www/html/vendor/orchestra/testbench-core/laravel/bootstrap/cache directory must be present and writable.

/var/www/html/vendor/laravel/framework/src/Illuminate/Foundation/PackageManifest.php:179
/var/www/html/vendor/orchestra/testbench-core/src/Foundation/PackageManifest.php:157
/var/www/html/vendor/laravel/framework/src/Illuminate/Foundation/PackageManifest.php:132
/var/www/html/vendor/laravel/framework/src/Illuminate/Foundation/PackageManifest.php:108
/var/www/html/vendor/orchestra/testbench-core/src/Foundation/PackageManifest.php:102
/var/www/html/vendor/laravel/framework/src/Illuminate/Foundation/PackageManifest.php:91
/var/www/html/vendor/laravel/framework/src/Illuminate/Foundation/PackageManifest.php:80
/var/www/html/vendor/laravel/framework/src/Illuminate/Foundation/Bootstrap/RegisterFacades.php:26
/var/www/html/vendor/orchestra/testbench-core/src/Concerns/CreatesApplication.php:556
/var/www/html/vendor/orchestra/testbench-core/src/Concerns/CreatesApplication.php:311
/var/www/html/vendor/orchestra/testbench-core/src/TestCase.php:121
/var/www/html/vendor/orchestra/testbench-core/src/Concerns/ApplicationTestingHooks.php:74
/var/www/html/vendor/orchestra/testbench-core/src/Concerns/Testing.php:43
/var/www/html/vendor/laravel/framework/src/Illuminate/Collections/helpers.php:236
/var/www/html/vendor/orchestra/sidekick/src/functions.php:87
/var/www/html/vendor/laravel/framework/src/Illuminate/Collections/helpers.php:236
/var/www/html/vendor/orchestra/testbench-core/src/Concerns/Testing.php:57
/var/www/html/vendor/orchestra/testbench-core/src/TestCase.php:50
/var/www/html/tests/TestCase.php:61
/var/www/html/tests/Feature/Http/HttpTransportIntegrationTest.php:29</error>
        </testcase>
        <testcase name="it_handles_large_payloads" file="/var/www/html/tests/Feature/Http/HttpTransportIntegrationTest.php" line="581" class="JTD\LaravelMCP\Tests\Feature\Http\HttpTransportIntegrationTest" classname="JTD.LaravelMCP.Tests.Feature.Http.HttpTransportIntegrationTest" assertions="0" time="0.000000">
          <error type="Exception">JTD\LaravelMCP\Tests\Feature\Http\HttpTransportIntegrationTest::it_handles_large_payloads
Exception: The /var/www/html/vendor/orchestra/testbench-core/laravel/bootstrap/cache directory must be present and writable.

/var/www/html/vendor/laravel/framework/src/Illuminate/Foundation/PackageManifest.php:179
/var/www/html/vendor/orchestra/testbench-core/src/Foundation/PackageManifest.php:157
/var/www/html/vendor/laravel/framework/src/Illuminate/Foundation/PackageManifest.php:132
/var/www/html/vendor/laravel/framework/src/Illuminate/Foundation/PackageManifest.php:108
/var/www/html/vendor/orchestra/testbench-core/src/Foundation/PackageManifest.php:102
/var/www/html/vendor/laravel/framework/src/Illuminate/Foundation/PackageManifest.php:91
/var/www/html/vendor/laravel/framework/src/Illuminate/Foundation/PackageManifest.php:80
/var/www/html/vendor/laravel/framework/src/Illuminate/Foundation/Bootstrap/RegisterFacades.php:26
/var/www/html/vendor/orchestra/testbench-core/src/Concerns/CreatesApplication.php:556
/var/www/html/vendor/orchestra/testbench-core/src/Concerns/CreatesApplication.php:311
/var/www/html/vendor/orchestra/testbench-core/src/TestCase.php:121
/var/www/html/vendor/orchestra/testbench-core/src/Concerns/ApplicationTestingHooks.php:74
/var/www/html/vendor/orchestra/testbench-core/src/Concerns/Testing.php:43
/var/www/html/vendor/laravel/framework/src/Illuminate/Collections/helpers.php:236
/var/www/html/vendor/orchestra/sidekick/src/functions.php:87
/var/www/html/vendor/laravel/framework/src/Illuminate/Collections/helpers.php:236
/var/www/html/vendor/orchestra/testbench-core/src/Concerns/Testing.php:57
/var/www/html/vendor/orchestra/testbench-core/src/TestCase.php:50
/var/www/html/tests/TestCase.php:61
/var/www/html/tests/Feature/Http/HttpTransportIntegrationTest.php:29</error>
        </testcase>
        <testcase name="it_handles_request_timeouts_gracefully" file="/var/www/html/tests/Feature/Http/HttpTransportIntegrationTest.php" line="603" class="JTD\LaravelMCP\Tests\Feature\Http\HttpTransportIntegrationTest" classname="JTD.LaravelMCP.Tests.Feature.Http.HttpTransportIntegrationTest" assertions="0" time="0.000000">
          <error type="Exception">JTD\LaravelMCP\Tests\Feature\Http\HttpTransportIntegrationTest::it_handles_request_timeouts_gracefully
Exception: The /var/www/html/vendor/orchestra/testbench-core/laravel/bootstrap/cache directory must be present and writable.

/var/www/html/vendor/laravel/framework/src/Illuminate/Foundation/PackageManifest.php:179
/var/www/html/vendor/orchestra/testbench-core/src/Foundation/PackageManifest.php:157
/var/www/html/vendor/laravel/framework/src/Illuminate/Foundation/PackageManifest.php:132
/var/www/html/vendor/laravel/framework/src/Illuminate/Foundation/PackageManifest.php:108
/var/www/html/vendor/orchestra/testbench-core/src/Foundation/PackageManifest.php:102
/var/www/html/vendor/laravel/framework/src/Illuminate/Foundation/PackageManifest.php:91
/var/www/html/vendor/laravel/framework/src/Illuminate/Foundation/PackageManifest.php:80
/var/www/html/vendor/laravel/framework/src/Illuminate/Foundation/Bootstrap/RegisterFacades.php:26
/var/www/html/vendor/orchestra/testbench-core/src/Concerns/CreatesApplication.php:556
/var/www/html/vendor/orchestra/testbench-core/src/Concerns/CreatesApplication.php:311
/var/www/html/vendor/orchestra/testbench-core/src/TestCase.php:121
/var/www/html/vendor/orchestra/testbench-core/src/Concerns/ApplicationTestingHooks.php:74
/var/www/html/vendor/orchestra/testbench-core/src/Concerns/Testing.php:43
/var/www/html/vendor/laravel/framework/src/Illuminate/Collections/helpers.php:236
/var/www/html/vendor/orchestra/sidekick/src/functions.php:87
/var/www/html/vendor/laravel/framework/src/Illuminate/Collections/helpers.php:236
/var/www/html/vendor/orchestra/testbench-core/src/Concerns/Testing.php:57
/var/www/html/vendor/orchestra/testbench-core/src/TestCase.php:50
/var/www/html/tests/TestCase.php:61
/var/www/html/tests/Feature/Http/HttpTransportIntegrationTest.php:29</error>
        </testcase>
        <testcase name="it_tracks_transport_statistics" file="/var/www/html/tests/Feature/Http/HttpTransportIntegrationTest.php" line="642" class="JTD\LaravelMCP\Tests\Feature\Http\HttpTransportIntegrationTest" classname="JTD.LaravelMCP.Tests.Feature.Http.HttpTransportIntegrationTest" assertions="0" time="0.000000">
          <error type="Exception">JTD\LaravelMCP\Tests\Feature\Http\HttpTransportIntegrationTest::it_tracks_transport_statistics
Exception: The /var/www/html/vendor/orchestra/testbench-core/laravel/bootstrap/cache directory must be present and writable.

/var/www/html/vendor/laravel/framework/src/Illuminate/Foundation/PackageManifest.php:179
/var/www/html/vendor/orchestra/testbench-core/src/Foundation/PackageManifest.php:157
/var/www/html/vendor/laravel/framework/src/Illuminate/Foundation/PackageManifest.php:132
/var/www/html/vendor/laravel/framework/src/Illuminate/Foundation/PackageManifest.php:108
/var/www/html/vendor/orchestra/testbench-core/src/Foundation/PackageManifest.php:102
/var/www/html/vendor/laravel/framework/src/Illuminate/Foundation/PackageManifest.php:91
/var/www/html/vendor/laravel/framework/src/Illuminate/Foundation/PackageManifest.php:80
/var/www/html/vendor/laravel/framework/src/Illuminate/Foundation/Bootstrap/RegisterFacades.php:26
/var/www/html/vendor/orchestra/testbench-core/src/Concerns/CreatesApplication.php:556
/var/www/html/vendor/orchestra/testbench-core/src/Concerns/CreatesApplication.php:311
/var/www/html/vendor/orchestra/testbench-core/src/TestCase.php:121
/var/www/html/vendor/orchestra/testbench-core/src/Concerns/ApplicationTestingHooks.php:74
/var/www/html/vendor/orchestra/testbench-core/src/Concerns/Testing.php:43
/var/www/html/vendor/laravel/framework/src/Illuminate/Collections/helpers.php:236
/var/www/html/vendor/orchestra/sidekick/src/functions.php:87
/var/www/html/vendor/laravel/framework/src/Illuminate/Collections/helpers.php:236
/var/www/html/vendor/orchestra/testbench-core/src/Concerns/Testing.php:57
/var/www/html/vendor/orchestra/testbench-core/src/TestCase.php:50
/var/www/html/tests/TestCase.php:61
/var/www/html/tests/Feature/Http/HttpTransportIntegrationTest.php:29</error>
        </testcase>
        <testcase name="it_validates_ssl_configuration" file="/var/www/html/tests/Feature/Http/HttpTransportIntegrationTest.php" line="663" class="JTD\LaravelMCP\Tests\Feature\Http\HttpTransportIntegrationTest" classname="JTD.LaravelMCP.Tests.Feature.Http.HttpTransportIntegrationTest" assertions="0" time="0.000000">
          <error type="Exception">JTD\LaravelMCP\Tests\Feature\Http\HttpTransportIntegrationTest::it_validates_ssl_configuration
Exception: The /var/www/html/vendor/orchestra/testbench-core/laravel/bootstrap/cache directory must be present and writable.

/var/www/html/vendor/laravel/framework/src/Illuminate/Foundation/PackageManifest.php:179
/var/www/html/vendor/orchestra/testbench-core/src/Foundation/PackageManifest.php:157
/var/www/html/vendor/laravel/framework/src/Illuminate/Foundation/PackageManifest.php:132
/var/www/html/vendor/laravel/framework/src/Illuminate/Foundation/PackageManifest.php:108
/var/www/html/vendor/orchestra/testbench-core/src/Foundation/PackageManifest.php:102
/var/www/html/vendor/laravel/framework/src/Illuminate/Foundation/PackageManifest.php:91
/var/www/html/vendor/laravel/framework/src/Illuminate/Foundation/PackageManifest.php:80
/var/www/html/vendor/laravel/framework/src/Illuminate/Foundation/Bootstrap/RegisterFacades.php:26
/var/www/html/vendor/orchestra/testbench-core/src/Concerns/CreatesApplication.php:556
/var/www/html/vendor/orchestra/testbench-core/src/Concerns/CreatesApplication.php:311
/var/www/html/vendor/orchestra/testbench-core/src/TestCase.php:121
/var/www/html/vendor/orchestra/testbench-core/src/Concerns/ApplicationTestingHooks.php:74
/var/www/html/vendor/orchestra/testbench-core/src/Concerns/Testing.php:43
/var/www/html/vendor/laravel/framework/src/Illuminate/Collections/helpers.php:236
/var/www/html/vendor/orchestra/sidekick/src/functions.php:87
/var/www/html/vendor/laravel/framework/src/Illuminate/Collections/helpers.php:236
/var/www/html/vendor/orchestra/testbench-core/src/Concerns/Testing.php:57
/var/www/html/vendor/orchestra/testbench-core/src/TestCase.php:50
/var/www/html/tests/TestCase.php:61
/var/www/html/tests/Feature/Http/HttpTransportIntegrationTest.php:29</error>
        </testcase>
        <testcase name="it_includes_custom_headers_in_responses" file="/var/www/html/tests/Feature/Http/HttpTransportIntegrationTest.php" line="683" class="JTD\LaravelMCP\Tests\Feature\Http\HttpTransportIntegrationTest" classname="JTD.LaravelMCP.Tests.Feature.Http.HttpTransportIntegrationTest" assertions="0" time="0.000000">
          <error type="Exception">JTD\LaravelMCP\Tests\Feature\Http\HttpTransportIntegrationTest::it_includes_custom_headers_in_responses
Exception: The /var/www/html/vendor/orchestra/testbench-core/laravel/bootstrap/cache directory must be present and writable.

/var/www/html/vendor/laravel/framework/src/Illuminate/Foundation/PackageManifest.php:179
/var/www/html/vendor/orchestra/testbench-core/src/Foundation/PackageManifest.php:157
/var/www/html/vendor/laravel/framework/src/Illuminate/Foundation/PackageManifest.php:132
/var/www/html/vendor/laravel/framework/src/Illuminate/Foundation/PackageManifest.php:108
/var/www/html/vendor/orchestra/testbench-core/src/Foundation/PackageManifest.php:102
/var/www/html/vendor/laravel/framework/src/Illuminate/Foundation/PackageManifest.php:91
/var/www/html/vendor/laravel/framework/src/Illuminate/Foundation/PackageManifest.php:80
/var/www/html/vendor/laravel/framework/src/Illuminate/Foundation/Bootstrap/RegisterFacades.php:26
/var/www/html/vendor/orchestra/testbench-core/src/Concerns/CreatesApplication.php:556
/var/www/html/vendor/orchestra/testbench-core/src/Concerns/CreatesApplication.php:311
/var/www/html/vendor/orchestra/testbench-core/src/TestCase.php:121
/var/www/html/vendor/orchestra/testbench-core/src/Concerns/ApplicationTestingHooks.php:74
/var/www/html/vendor/orchestra/testbench-core/src/Concerns/Testing.php:43
/var/www/html/vendor/laravel/framework/src/Illuminate/Collections/helpers.php:236
/var/www/html/vendor/orchestra/sidekick/src/functions.php:87
/var/www/html/vendor/laravel/framework/src/Illuminate/Collections/helpers.php:236
/var/www/html/vendor/orchestra/testbench-core/src/Concerns/Testing.php:57
/var/www/html/vendor/orchestra/testbench-core/src/TestCase.php:50
/var/www/html/tests/TestCase.php:61
/var/www/html/tests/Feature/Http/HttpTransportIntegrationTest.php:29</error>
        </testcase>
      </testsuite>
      <testsuite name="JTD\LaravelMCP\Tests\Feature\LaravelFacadeIntegrationTest" file="/var/www/html/tests/Feature/LaravelFacadeIntegrationTest.php" tests="13" assertions="0" errors="13" failures="0" skipped="0" time="0.000000">
        <testcase name="it_registers_component_and_fires_event" file="/var/www/html/tests/Feature/LaravelFacadeIntegrationTest.php" line="46" class="JTD\LaravelMCP\Tests\Feature\LaravelFacadeIntegrationTest" classname="JTD.LaravelMCP.Tests.Feature.LaravelFacadeIntegrationTest" assertions="0" time="0.000000">
          <error type="Exception">JTD\LaravelMCP\Tests\Feature\LaravelFacadeIntegrationTest::it_registers_component_and_fires_event
Exception: The /var/www/html/vendor/orchestra/testbench-core/laravel/bootstrap/cache directory must be present and writable.

/var/www/html/vendor/laravel/framework/src/Illuminate/Foundation/PackageManifest.php:179
/var/www/html/vendor/orchestra/testbench-core/src/Foundation/PackageManifest.php:157
/var/www/html/vendor/laravel/framework/src/Illuminate/Foundation/PackageManifest.php:132
/var/www/html/vendor/laravel/framework/src/Illuminate/Foundation/PackageManifest.php:108
/var/www/html/vendor/orchestra/testbench-core/src/Foundation/PackageManifest.php:102
/var/www/html/vendor/laravel/framework/src/Illuminate/Foundation/PackageManifest.php:91
/var/www/html/vendor/laravel/framework/src/Illuminate/Foundation/PackageManifest.php:80
/var/www/html/vendor/laravel/framework/src/Illuminate/Foundation/Bootstrap/RegisterFacades.php:26
/var/www/html/vendor/orchestra/testbench-core/src/Concerns/CreatesApplication.php:556
/var/www/html/vendor/orchestra/testbench-core/src/Concerns/CreatesApplication.php:311
/var/www/html/vendor/orchestra/testbench-core/src/TestCase.php:121
/var/www/html/vendor/orchestra/testbench-core/src/Concerns/ApplicationTestingHooks.php:74
/var/www/html/vendor/orchestra/testbench-core/src/Concerns/Testing.php:43
/var/www/html/vendor/laravel/framework/src/Illuminate/Collections/helpers.php:236
/var/www/html/vendor/orchestra/sidekick/src/functions.php:87
/var/www/html/vendor/laravel/framework/src/Illuminate/Collections/helpers.php:236
/var/www/html/vendor/orchestra/testbench-core/src/Concerns/Testing.php:57
/var/www/html/vendor/orchestra/testbench-core/src/TestCase.php:50
/var/www/html/tests/TestCase.php:61
/var/www/html/tests/Feature/LaravelFacadeIntegrationTest.php:37</error>
        </testcase>
        <testcase name="it_dispatches_async_job" file="/var/www/html/tests/Feature/LaravelFacadeIntegrationTest.php" line="67" class="JTD\LaravelMCP\Tests\Feature\LaravelFacadeIntegrationTest" classname="JTD.LaravelMCP.Tests.Feature.LaravelFacadeIntegrationTest" assertions="0" time="0.000000">
          <error type="Exception">JTD\LaravelMCP\Tests\Feature\LaravelFacadeIntegrationTest::it_dispatches_async_job
Exception: The /var/www/html/vendor/orchestra/testbench-core/laravel/bootstrap/cache directory must be present and writable.

/var/www/html/vendor/laravel/framework/src/Illuminate/Foundation/PackageManifest.php:179
/var/www/html/vendor/orchestra/testbench-core/src/Foundation/PackageManifest.php:157
/var/www/html/vendor/laravel/framework/src/Illuminate/Foundation/PackageManifest.php:132
/var/www/html/vendor/laravel/framework/src/Illuminate/Foundation/PackageManifest.php:108
/var/www/html/vendor/orchestra/testbench-core/src/Foundation/PackageManifest.php:102
/var/www/html/vendor/laravel/framework/src/Illuminate/Foundation/PackageManifest.php:91
/var/www/html/vendor/laravel/framework/src/Illuminate/Foundation/PackageManifest.php:80
/var/www/html/vendor/laravel/framework/src/Illuminate/Foundation/Bootstrap/RegisterFacades.php:26
/var/www/html/vendor/orchestra/testbench-core/src/Concerns/CreatesApplication.php:556
/var/www/html/vendor/orchestra/testbench-core/src/Concerns/CreatesApplication.php:311
/var/www/html/vendor/orchestra/testbench-core/src/TestCase.php:121
/var/www/html/vendor/orchestra/testbench-core/src/Concerns/ApplicationTestingHooks.php:74
/var/www/html/vendor/orchestra/testbench-core/src/Concerns/Testing.php:43
/var/www/html/vendor/laravel/framework/src/Illuminate/Collections/helpers.php:236
/var/www/html/vendor/orchestra/sidekick/src/functions.php:87
/var/www/html/vendor/laravel/framework/src/Illuminate/Collections/helpers.php:236
/var/www/html/vendor/orchestra/testbench-core/src/Concerns/Testing.php:57
/var/www/html/vendor/orchestra/testbench-core/src/TestCase.php:50
/var/www/html/tests/TestCase.php:61
/var/www/html/tests/Feature/LaravelFacadeIntegrationTest.php:37</error>
        </testcase>
        <testcase name="it_retrieves_async_result_from_cache" file="/var/www/html/tests/Feature/LaravelFacadeIntegrationTest.php" line="88" class="JTD\LaravelMCP\Tests\Feature\LaravelFacadeIntegrationTest" classname="JTD.LaravelMCP.Tests.Feature.LaravelFacadeIntegrationTest" assertions="0" time="0.000000">
          <error type="Exception">JTD\LaravelMCP\Tests\Feature\LaravelFacadeIntegrationTest::it_retrieves_async_result_from_cache
Exception: The /var/www/html/vendor/orchestra/testbench-core/laravel/bootstrap/cache directory must be present and writable.

/var/www/html/vendor/laravel/framework/src/Illuminate/Foundation/PackageManifest.php:179
/var/www/html/vendor/orchestra/testbench-core/src/Foundation/PackageManifest.php:157
/var/www/html/vendor/laravel/framework/src/Illuminate/Foundation/PackageManifest.php:132
/var/www/html/vendor/laravel/framework/src/Illuminate/Foundation/PackageManifest.php:108
/var/www/html/vendor/orchestra/testbench-core/src/Foundation/PackageManifest.php:102
/var/www/html/vendor/laravel/framework/src/Illuminate/Foundation/PackageManifest.php:91
/var/www/html/vendor/laravel/framework/src/Illuminate/Foundation/PackageManifest.php:80
/var/www/html/vendor/laravel/framework/src/Illuminate/Foundation/Bootstrap/RegisterFacades.php:26
/var/www/html/vendor/orchestra/testbench-core/src/Concerns/CreatesApplication.php:556
/var/www/html/vendor/orchestra/testbench-core/src/Concerns/CreatesApplication.php:311
/var/www/html/vendor/orchestra/testbench-core/src/TestCase.php:121
/var/www/html/vendor/orchestra/testbench-core/src/Concerns/ApplicationTestingHooks.php:74
/var/www/html/vendor/orchestra/testbench-core/src/Concerns/Testing.php:43
/var/www/html/vendor/laravel/framework/src/Illuminate/Collections/helpers.php:236
/var/www/html/vendor/orchestra/sidekick/src/functions.php:87
/var/www/html/vendor/laravel/framework/src/Illuminate/Collections/helpers.php:236
/var/www/html/vendor/orchestra/testbench-core/src/Concerns/Testing.php:57
/var/www/html/vendor/orchestra/testbench-core/src/TestCase.php:50
/var/www/html/tests/TestCase.php:61
/var/www/html/tests/Feature/LaravelFacadeIntegrationTest.php:37</error>
        </testcase>
        <testcase name="it_retrieves_async_status_from_cache" file="/var/www/html/tests/Feature/LaravelFacadeIntegrationTest.php" line="108" class="JTD\LaravelMCP\Tests\Feature\LaravelFacadeIntegrationTest" classname="JTD.LaravelMCP.Tests.Feature.LaravelFacadeIntegrationTest" assertions="0" time="0.000000">
          <error type="Exception">JTD\LaravelMCP\Tests\Feature\LaravelFacadeIntegrationTest::it_retrieves_async_status_from_cache
Exception: The /var/www/html/vendor/orchestra/testbench-core/laravel/bootstrap/cache directory must be present and writable.

/var/www/html/vendor/laravel/framework/src/Illuminate/Foundation/PackageManifest.php:179
/var/www/html/vendor/orchestra/testbench-core/src/Foundation/PackageManifest.php:157
/var/www/html/vendor/laravel/framework/src/Illuminate/Foundation/PackageManifest.php:132
/var/www/html/vendor/laravel/framework/src/Illuminate/Foundation/PackageManifest.php:108
/var/www/html/vendor/orchestra/testbench-core/src/Foundation/PackageManifest.php:102
/var/www/html/vendor/laravel/framework/src/Illuminate/Foundation/PackageManifest.php:91
/var/www/html/vendor/laravel/framework/src/Illuminate/Foundation/PackageManifest.php:80
/var/www/html/vendor/laravel/framework/src/Illuminate/Foundation/Bootstrap/RegisterFacades.php:26
/var/www/html/vendor/orchestra/testbench-core/src/Concerns/CreatesApplication.php:556
/var/www/html/vendor/orchestra/testbench-core/src/Concerns/CreatesApplication.php:311
/var/www/html/vendor/orchestra/testbench-core/src/TestCase.php:121
/var/www/html/vendor/orchestra/testbench-core/src/Concerns/ApplicationTestingHooks.php:74
/var/www/html/vendor/orchestra/testbench-core/src/Concerns/Testing.php:43
/var/www/html/vendor/laravel/framework/src/Illuminate/Collections/helpers.php:236
/var/www/html/vendor/orchestra/sidekick/src/functions.php:87
/var/www/html/vendor/laravel/framework/src/Illuminate/Collections/helpers.php:236
/var/www/html/vendor/orchestra/testbench-core/src/Concerns/Testing.php:57
/var/www/html/vendor/orchestra/testbench-core/src/TestCase.php:50
/var/www/html/tests/TestCase.php:61
/var/www/html/tests/Feature/LaravelFacadeIntegrationTest.php:37</error>
        </testcase>
        <testcase name="it_sends_error_notification" file="/var/www/html/tests/Feature/LaravelFacadeIntegrationTest.php" line="127" class="JTD\LaravelMCP\Tests\Feature\LaravelFacadeIntegrationTest" classname="JTD.LaravelMCP.Tests.Feature.LaravelFacadeIntegrationTest" assertions="0" time="0.000000">
          <error type="Exception">JTD\LaravelMCP\Tests\Feature\LaravelFacadeIntegrationTest::it_sends_error_notification
Exception: The /var/www/html/vendor/orchestra/testbench-core/laravel/bootstrap/cache directory must be present and writable.

/var/www/html/vendor/laravel/framework/src/Illuminate/Foundation/PackageManifest.php:179
/var/www/html/vendor/orchestra/testbench-core/src/Foundation/PackageManifest.php:157
/var/www/html/vendor/laravel/framework/src/Illuminate/Foundation/PackageManifest.php:132
/var/www/html/vendor/laravel/framework/src/Illuminate/Foundation/PackageManifest.php:108
/var/www/html/vendor/orchestra/testbench-core/src/Foundation/PackageManifest.php:102
/var/www/html/vendor/laravel/framework/src/Illuminate/Foundation/PackageManifest.php:91
/var/www/html/vendor/laravel/framework/src/Illuminate/Foundation/PackageManifest.php:80
/var/www/html/vendor/laravel/framework/src/Illuminate/Foundation/Bootstrap/RegisterFacades.php:26
/var/www/html/vendor/orchestra/testbench-core/src/Concerns/CreatesApplication.php:556
/var/www/html/vendor/orchestra/testbench-core/src/Concerns/CreatesApplication.php:311
/var/www/html/vendor/orchestra/testbench-core/src/TestCase.php:121
/var/www/html/vendor/orchestra/testbench-core/src/Concerns/ApplicationTestingHooks.php:74
/var/www/html/vendor/orchestra/testbench-core/src/Concerns/Testing.php:43
/var/www/html/vendor/laravel/framework/src/Illuminate/Collections/helpers.php:236
/var/www/html/vendor/orchestra/sidekick/src/functions.php:87
/var/www/html/vendor/laravel/framework/src/Illuminate/Collections/helpers.php:236
/var/www/html/vendor/orchestra/testbench-core/src/Concerns/Testing.php:57
/var/www/html/vendor/orchestra/testbench-core/src/TestCase.php:50
/var/www/html/tests/TestCase.php:61
/var/www/html/tests/Feature/LaravelFacadeIntegrationTest.php:37</error>
        </testcase>
        <testcase name="it_fires_request_processed_event" file="/var/www/html/tests/Feature/LaravelFacadeIntegrationTest.php" line="156" class="JTD\LaravelMCP\Tests\Feature\LaravelFacadeIntegrationTest" classname="JTD.LaravelMCP.Tests.Feature.LaravelFacadeIntegrationTest" assertions="0" time="0.000000">
          <error type="Exception">JTD\LaravelMCP\Tests\Feature\LaravelFacadeIntegrationTest::it_fires_request_processed_event
Exception: The /var/www/html/vendor/orchestra/testbench-core/laravel/bootstrap/cache directory must be present and writable.

/var/www/html/vendor/laravel/framework/src/Illuminate/Foundation/PackageManifest.php:179
/var/www/html/vendor/orchestra/testbench-core/src/Foundation/PackageManifest.php:157
/var/www/html/vendor/laravel/framework/src/Illuminate/Foundation/PackageManifest.php:132
/var/www/html/vendor/laravel/framework/src/Illuminate/Foundation/PackageManifest.php:108
/var/www/html/vendor/orchestra/testbench-core/src/Foundation/PackageManifest.php:102
/var/www/html/vendor/laravel/framework/src/Illuminate/Foundation/PackageManifest.php:91
/var/www/html/vendor/laravel/framework/src/Illuminate/Foundation/PackageManifest.php:80
/var/www/html/vendor/laravel/framework/src/Illuminate/Foundation/Bootstrap/RegisterFacades.php:26
/var/www/html/vendor/orchestra/testbench-core/src/Concerns/CreatesApplication.php:556
/var/www/html/vendor/orchestra/testbench-core/src/Concerns/CreatesApplication.php:311
/var/www/html/vendor/orchestra/testbench-core/src/TestCase.php:121
/var/www/html/vendor/orchestra/testbench-core/src/Concerns/ApplicationTestingHooks.php:74
/var/www/html/vendor/orchestra/testbench-core/src/Concerns/Testing.php:43
/var/www/html/vendor/laravel/framework/src/Illuminate/Collections/helpers.php:236
/var/www/html/vendor/orchestra/sidekick/src/functions.php:87
/var/www/html/vendor/laravel/framework/src/Illuminate/Collections/helpers.php:236
/var/www/html/vendor/orchestra/testbench-core/src/Concerns/Testing.php:57
/var/www/html/vendor/orchestra/testbench-core/src/TestCase.php:50
/var/www/html/tests/TestCase.php:61
/var/www/html/tests/Feature/LaravelFacadeIntegrationTest.php:37</error>
        </testcase>
        <testcase name="it_registers_event_listeners" file="/var/www/html/tests/Feature/LaravelFacadeIntegrationTest.php" line="180" class="JTD\LaravelMCP\Tests\Feature\LaravelFacadeIntegrationTest" classname="JTD.LaravelMCP.Tests.Feature.LaravelFacadeIntegrationTest" assertions="0" time="0.000000">
          <error type="Exception">JTD\LaravelMCP\Tests\Feature\LaravelFacadeIntegrationTest::it_registers_event_listeners
Exception: The /var/www/html/vendor/orchestra/testbench-core/laravel/bootstrap/cache directory must be present and writable.

/var/www/html/vendor/laravel/framework/src/Illuminate/Foundation/PackageManifest.php:179
/var/www/html/vendor/orchestra/testbench-core/src/Foundation/PackageManifest.php:157
/var/www/html/vendor/laravel/framework/src/Illuminate/Foundation/PackageManifest.php:132
/var/www/html/vendor/laravel/framework/src/Illuminate/Foundation/PackageManifest.php:108
/var/www/html/vendor/orchestra/testbench-core/src/Foundation/PackageManifest.php:102
/var/www/html/vendor/laravel/framework/src/Illuminate/Foundation/PackageManifest.php:91
/var/www/html/vendor/laravel/framework/src/Illuminate/Foundation/PackageManifest.php:80
/var/www/html/vendor/laravel/framework/src/Illuminate/Foundation/Bootstrap/RegisterFacades.php:26
/var/www/html/vendor/orchestra/testbench-core/src/Concerns/CreatesApplication.php:556
/var/www/html/vendor/orchestra/testbench-core/src/Concerns/CreatesApplication.php:311
/var/www/html/vendor/orchestra/testbench-core/src/TestCase.php:121
/var/www/html/vendor/orchestra/testbench-core/src/Concerns/ApplicationTestingHooks.php:74
/var/www/html/vendor/orchestra/testbench-core/src/Concerns/Testing.php:43
/var/www/html/vendor/laravel/framework/src/Illuminate/Collections/helpers.php:236
/var/www/html/vendor/orchestra/sidekick/src/functions.php:87
/var/www/html/vendor/laravel/framework/src/Illuminate/Collections/helpers.php:236
/var/www/html/vendor/orchestra/testbench-core/src/Concerns/Testing.php:57
/var/www/html/vendor/orchestra/testbench-core/src/TestCase.php:50
/var/www/html/tests/TestCase.php:61
/var/www/html/tests/Feature/LaravelFacadeIntegrationTest.php:37</error>
        </testcase>
        <testcase name="it_configures_events_jobs_and_notifications" file="/var/www/html/tests/Feature/LaravelFacadeIntegrationTest.php" line="198" class="JTD\LaravelMCP\Tests\Feature\LaravelFacadeIntegrationTest" classname="JTD.LaravelMCP.Tests.Feature.LaravelFacadeIntegrationTest" assertions="0" time="0.000000">
          <error type="Exception">JTD\LaravelMCP\Tests\Feature\LaravelFacadeIntegrationTest::it_configures_events_jobs_and_notifications
Exception: The /var/www/html/vendor/orchestra/testbench-core/laravel/bootstrap/cache directory must be present and writable.

/var/www/html/vendor/laravel/framework/src/Illuminate/Foundation/PackageManifest.php:179
/var/www/html/vendor/orchestra/testbench-core/src/Foundation/PackageManifest.php:157
/var/www/html/vendor/laravel/framework/src/Illuminate/Foundation/PackageManifest.php:132
/var/www/html/vendor/laravel/framework/src/Illuminate/Foundation/PackageManifest.php:108
/var/www/html/vendor/orchestra/testbench-core/src/Foundation/PackageManifest.php:102
/var/www/html/vendor/laravel/framework/src/Illuminate/Foundation/PackageManifest.php:91
/var/www/html/vendor/laravel/framework/src/Illuminate/Foundation/PackageManifest.php:80
/var/www/html/vendor/laravel/framework/src/Illuminate/Foundation/Bootstrap/RegisterFacades.php:26
/var/www/html/vendor/orchestra/testbench-core/src/Concerns/CreatesApplication.php:556
/var/www/html/vendor/orchestra/testbench-core/src/Concerns/CreatesApplication.php:311
/var/www/html/vendor/orchestra/testbench-core/src/TestCase.php:121
/var/www/html/vendor/orchestra/testbench-core/src/Concerns/ApplicationTestingHooks.php:74
/var/www/html/vendor/orchestra/testbench-core/src/Concerns/Testing.php:43
/var/www/html/vendor/laravel/framework/src/Illuminate/Collections/helpers.php:236
/var/www/html/vendor/orchestra/sidekick/src/functions.php:87
/var/www/html/vendor/laravel/framework/src/Illuminate/Collections/helpers.php:236
/var/www/html/vendor/orchestra/testbench-core/src/Concerns/Testing.php:57
/var/www/html/vendor/orchestra/testbench-core/src/TestCase.php:50
/var/www/html/tests/TestCase.php:61
/var/www/html/tests/Feature/LaravelFacadeIntegrationTest.php:37</error>
        </testcase>
        <testcase name="it_provides_server_information" file="/var/www/html/tests/Feature/LaravelFacadeIntegrationTest.php" line="228" class="JTD\LaravelMCP\Tests\Feature\LaravelFacadeIntegrationTest" classname="JTD.LaravelMCP.Tests.Feature.LaravelFacadeIntegrationTest" assertions="0" time="0.000000">
          <error type="Exception">JTD\LaravelMCP\Tests\Feature\LaravelFacadeIntegrationTest::it_provides_server_information
Exception: The /var/www/html/vendor/orchestra/testbench-core/laravel/bootstrap/cache directory must be present and writable.

/var/www/html/vendor/laravel/framework/src/Illuminate/Foundation/PackageManifest.php:179
/var/www/html/vendor/orchestra/testbench-core/src/Foundation/PackageManifest.php:157
/var/www/html/vendor/laravel/framework/src/Illuminate/Foundation/PackageManifest.php:132
/var/www/html/vendor/laravel/framework/src/Illuminate/Foundation/PackageManifest.php:108
/var/www/html/vendor/orchestra/testbench-core/src/Foundation/PackageManifest.php:102
/var/www/html/vendor/laravel/framework/src/Illuminate/Foundation/PackageManifest.php:91
/var/www/html/vendor/laravel/framework/src/Illuminate/Foundation/PackageManifest.php:80
/var/www/html/vendor/laravel/framework/src/Illuminate/Foundation/Bootstrap/RegisterFacades.php:26
/var/www/html/vendor/orchestra/testbench-core/src/Concerns/CreatesApplication.php:556
/var/www/html/vendor/orchestra/testbench-core/src/Concerns/CreatesApplication.php:311
/var/www/html/vendor/orchestra/testbench-core/src/TestCase.php:121
/var/www/html/vendor/orchestra/testbench-core/src/Concerns/ApplicationTestingHooks.php:74
/var/www/html/vendor/orchestra/testbench-core/src/Concerns/Testing.php:43
/var/www/html/vendor/laravel/framework/src/Illuminate/Collections/helpers.php:236
/var/www/html/vendor/orchestra/sidekick/src/functions.php:87
/var/www/html/vendor/laravel/framework/src/Illuminate/Collections/helpers.php:236
/var/www/html/vendor/orchestra/testbench-core/src/Concerns/Testing.php:57
/var/www/html/vendor/orchestra/testbench-core/src/TestCase.php:50
/var/www/html/tests/TestCase.php:61
/var/www/html/tests/Feature/LaravelFacadeIntegrationTest.php:37</error>
        </testcase>
        <testcase name="it_provides_server_statistics" file="/var/www/html/tests/Feature/LaravelFacadeIntegrationTest.php" line="251" class="JTD\LaravelMCP\Tests\Feature\LaravelFacadeIntegrationTest" classname="JTD.LaravelMCP.Tests.Feature.LaravelFacadeIntegrationTest" assertions="0" time="0.000000">
          <error type="Exception">JTD\LaravelMCP\Tests\Feature\LaravelFacadeIntegrationTest::it_provides_server_statistics
Exception: The /var/www/html/vendor/orchestra/testbench-core/laravel/bootstrap/cache directory must be present and writable.

/var/www/html/vendor/laravel/framework/src/Illuminate/Foundation/PackageManifest.php:179
/var/www/html/vendor/orchestra/testbench-core/src/Foundation/PackageManifest.php:157
/var/www/html/vendor/laravel/framework/src/Illuminate/Foundation/PackageManifest.php:132
/var/www/html/vendor/laravel/framework/src/Illuminate/Foundation/PackageManifest.php:108
/var/www/html/vendor/orchestra/testbench-core/src/Foundation/PackageManifest.php:102
/var/www/html/vendor/laravel/framework/src/Illuminate/Foundation/PackageManifest.php:91
/var/www/html/vendor/laravel/framework/src/Illuminate/Foundation/PackageManifest.php:80
/var/www/html/vendor/laravel/framework/src/Illuminate/Foundation/Bootstrap/RegisterFacades.php:26
/var/www/html/vendor/orchestra/testbench-core/src/Concerns/CreatesApplication.php:556
/var/www/html/vendor/orchestra/testbench-core/src/Concerns/CreatesApplication.php:311
/var/www/html/vendor/orchestra/testbench-core/src/TestCase.php:121
/var/www/html/vendor/orchestra/testbench-core/src/Concerns/ApplicationTestingHooks.php:74
/var/www/html/vendor/orchestra/testbench-core/src/Concerns/Testing.php:43
/var/www/html/vendor/laravel/framework/src/Illuminate/Collections/helpers.php:236
/var/www/html/vendor/orchestra/sidekick/src/functions.php:87
/var/www/html/vendor/laravel/framework/src/Illuminate/Collections/helpers.php:236
/var/www/html/vendor/orchestra/testbench-core/src/Concerns/Testing.php:57
/var/www/html/vendor/orchestra/testbench-core/src/TestCase.php:50
/var/www/html/tests/TestCase.php:61
/var/www/html/tests/Feature/LaravelFacadeIntegrationTest.php:37</error>
        </testcase>
        <testcase name="it_manages_debug_mode" file="/var/www/html/tests/Feature/LaravelFacadeIntegrationTest.php" line="270" class="JTD\LaravelMCP\Tests\Feature\LaravelFacadeIntegrationTest" classname="JTD.LaravelMCP.Tests.Feature.LaravelFacadeIntegrationTest" assertions="0" time="0.000000">
          <error type="Exception">JTD\LaravelMCP\Tests\Feature\LaravelFacadeIntegrationTest::it_manages_debug_mode
Exception: The /var/www/html/vendor/orchestra/testbench-core/laravel/bootstrap/cache directory must be present and writable.

/var/www/html/vendor/laravel/framework/src/Illuminate/Foundation/PackageManifest.php:179
/var/www/html/vendor/orchestra/testbench-core/src/Foundation/PackageManifest.php:157
/var/www/html/vendor/laravel/framework/src/Illuminate/Foundation/PackageManifest.php:132
/var/www/html/vendor/laravel/framework/src/Illuminate/Foundation/PackageManifest.php:108
/var/www/html/vendor/orchestra/testbench-core/src/Foundation/PackageManifest.php:102
/var/www/html/vendor/laravel/framework/src/Illuminate/Foundation/PackageManifest.php:91
/var/www/html/vendor/laravel/framework/src/Illuminate/Foundation/PackageManifest.php:80
/var/www/html/vendor/laravel/framework/src/Illuminate/Foundation/Bootstrap/RegisterFacades.php:26
/var/www/html/vendor/orchestra/testbench-core/src/Concerns/CreatesApplication.php:556
/var/www/html/vendor/orchestra/testbench-core/src/Concerns/CreatesApplication.php:311
/var/www/html/vendor/orchestra/testbench-core/src/TestCase.php:121
/var/www/html/vendor/orchestra/testbench-core/src/Concerns/ApplicationTestingHooks.php:74
/var/www/html/vendor/orchestra/testbench-core/src/Concerns/Testing.php:43
/var/www/html/vendor/laravel/framework/src/Illuminate/Collections/helpers.php:236
/var/www/html/vendor/orchestra/sidekick/src/functions.php:87
/var/www/html/vendor/laravel/framework/src/Illuminate/Collections/helpers.php:236
/var/www/html/vendor/orchestra/testbench-core/src/Concerns/Testing.php:57
/var/www/html/vendor/orchestra/testbench-core/src/TestCase.php:50
/var/www/html/tests/TestCase.php:61
/var/www/html/tests/Feature/LaravelFacadeIntegrationTest.php:37</error>
        </testcase>
        <testcase name="it_chains_fluent_methods" file="/var/www/html/tests/Feature/LaravelFacadeIntegrationTest.php" line="284" class="JTD\LaravelMCP\Tests\Feature\LaravelFacadeIntegrationTest" classname="JTD.LaravelMCP.Tests.Feature.LaravelFacadeIntegrationTest" assertions="0" time="0.000000">
          <error type="Exception">JTD\LaravelMCP\Tests\Feature\LaravelFacadeIntegrationTest::it_chains_fluent_methods
Exception: The /var/www/html/vendor/orchestra/testbench-core/laravel/bootstrap/cache directory must be present and writable.

/var/www/html/vendor/laravel/framework/src/Illuminate/Foundation/PackageManifest.php:179
/var/www/html/vendor/orchestra/testbench-core/src/Foundation/PackageManifest.php:157
/var/www/html/vendor/laravel/framework/src/Illuminate/Foundation/PackageManifest.php:132
/var/www/html/vendor/laravel/framework/src/Illuminate/Foundation/PackageManifest.php:108
/var/www/html/vendor/orchestra/testbench-core/src/Foundation/PackageManifest.php:102
/var/www/html/vendor/laravel/framework/src/Illuminate/Foundation/PackageManifest.php:91
/var/www/html/vendor/laravel/framework/src/Illuminate/Foundation/PackageManifest.php:80
/var/www/html/vendor/laravel/framework/src/Illuminate/Foundation/Bootstrap/RegisterFacades.php:26
/var/www/html/vendor/orchestra/testbench-core/src/Concerns/CreatesApplication.php:556
/var/www/html/vendor/orchestra/testbench-core/src/Concerns/CreatesApplication.php:311
/var/www/html/vendor/orchestra/testbench-core/src/TestCase.php:121
/var/www/html/vendor/orchestra/testbench-core/src/Concerns/ApplicationTestingHooks.php:74
/var/www/html/vendor/orchestra/testbench-core/src/Concerns/Testing.php:43
/var/www/html/vendor/laravel/framework/src/Illuminate/Collections/helpers.php:236
/var/www/html/vendor/orchestra/sidekick/src/functions.php:87
/var/www/html/vendor/laravel/framework/src/Illuminate/Collections/helpers.php:236
/var/www/html/vendor/orchestra/testbench-core/src/Concerns/Testing.php:57
/var/www/html/vendor/orchestra/testbench-core/src/TestCase.php:50
/var/www/html/tests/TestCase.php:61
/var/www/html/tests/Feature/LaravelFacadeIntegrationTest.php:37</error>
        </testcase>
        <testcase name="it_handles_error_notification_with_exception" file="/var/www/html/tests/Feature/LaravelFacadeIntegrationTest.php" line="313" class="JTD\LaravelMCP\Tests\Feature\LaravelFacadeIntegrationTest" classname="JTD.LaravelMCP.Tests.Feature.LaravelFacadeIntegrationTest" assertions="0" time="0.000000">
          <error type="Exception">JTD\LaravelMCP\Tests\Feature\LaravelFacadeIntegrationTest::it_handles_error_notification_with_exception
Exception: The /var/www/html/vendor/orchestra/testbench-core/laravel/bootstrap/cache directory must be present and writable.

/var/www/html/vendor/laravel/framework/src/Illuminate/Foundation/PackageManifest.php:179
/var/www/html/vendor/orchestra/testbench-core/src/Foundation/PackageManifest.php:157
/var/www/html/vendor/laravel/framework/src/Illuminate/Foundation/PackageManifest.php:132
/var/www/html/vendor/laravel/framework/src/Illuminate/Foundation/PackageManifest.php:108
/var/www/html/vendor/orchestra/testbench-core/src/Foundation/PackageManifest.php:102
/var/www/html/vendor/laravel/framework/src/Illuminate/Foundation/PackageManifest.php:91
/var/www/html/vendor/laravel/framework/src/Illuminate/Foundation/PackageManifest.php:80
/var/www/html/vendor/laravel/framework/src/Illuminate/Foundation/Bootstrap/RegisterFacades.php:26
/var/www/html/vendor/orchestra/testbench-core/src/Concerns/CreatesApplication.php:556
/var/www/html/vendor/orchestra/testbench-core/src/Concerns/CreatesApplication.php:311
/var/www/html/vendor/orchestra/testbench-core/src/TestCase.php:121
/var/www/html/vendor/orchestra/testbench-core/src/Concerns/ApplicationTestingHooks.php:74
/var/www/html/vendor/orchestra/testbench-core/src/Concerns/Testing.php:43
/var/www/html/vendor/laravel/framework/src/Illuminate/Collections/helpers.php:236
/var/www/html/vendor/orchestra/sidekick/src/functions.php:87
/var/www/html/vendor/laravel/framework/src/Illuminate/Collections/helpers.php:236
/var/www/html/vendor/orchestra/testbench-core/src/Concerns/Testing.php:57
/var/www/html/vendor/orchestra/testbench-core/src/TestCase.php:50
/var/www/html/tests/TestCase.php:61
/var/www/html/tests/Feature/LaravelFacadeIntegrationTest.php:37</error>
        </testcase>
      </testsuite>
      <testsuite name="JTD\LaravelMCP\Tests\Feature\McpServerIntegrationTest" file="/var/www/html/tests/Feature/McpServerIntegrationTest.php" tests="17" assertions="0" errors="17" failures="0" skipped="0" time="0.000000">
        <testcase name="test_can_resolve_server_from_container" file="/var/www/html/tests/Feature/McpServerIntegrationTest.php" line="14" class="JTD\LaravelMCP\Tests\Feature\McpServerIntegrationTest" classname="JTD.LaravelMCP.Tests.Feature.McpServerIntegrationTest" assertions="0" time="0.000000">
          <error type="Exception">JTD\LaravelMCP\Tests\Feature\McpServerIntegrationTest::test_can_resolve_server_from_container
Exception: The /var/www/html/vendor/orchestra/testbench-core/laravel/bootstrap/cache directory must be present and writable.

/var/www/html/vendor/laravel/framework/src/Illuminate/Foundation/PackageManifest.php:179
/var/www/html/vendor/orchestra/testbench-core/src/Foundation/PackageManifest.php:157
/var/www/html/vendor/laravel/framework/src/Illuminate/Foundation/PackageManifest.php:132
/var/www/html/vendor/laravel/framework/src/Illuminate/Foundation/PackageManifest.php:108
/var/www/html/vendor/orchestra/testbench-core/src/Foundation/PackageManifest.php:102
/var/www/html/vendor/laravel/framework/src/Illuminate/Foundation/PackageManifest.php:91
/var/www/html/vendor/laravel/framework/src/Illuminate/Foundation/PackageManifest.php:80
/var/www/html/vendor/laravel/framework/src/Illuminate/Foundation/Bootstrap/RegisterFacades.php:26
/var/www/html/vendor/orchestra/testbench-core/src/Concerns/CreatesApplication.php:556
/var/www/html/vendor/orchestra/testbench-core/src/Concerns/CreatesApplication.php:311
/var/www/html/vendor/orchestra/testbench-core/src/TestCase.php:121
/var/www/html/vendor/orchestra/testbench-core/src/Concerns/ApplicationTestingHooks.php:74
/var/www/html/vendor/orchestra/testbench-core/src/Concerns/Testing.php:43
/var/www/html/vendor/laravel/framework/src/Illuminate/Collections/helpers.php:236
/var/www/html/vendor/orchestra/sidekick/src/functions.php:87
/var/www/html/vendor/laravel/framework/src/Illuminate/Collections/helpers.php:236
/var/www/html/vendor/orchestra/testbench-core/src/Concerns/Testing.php:57
/var/www/html/vendor/orchestra/testbench-core/src/TestCase.php:50
/var/www/html/tests/TestCase.php:61</error>
        </testcase>
        <testcase name="test_can_resolve_server_info_from_container" file="/var/www/html/tests/Feature/McpServerIntegrationTest.php" line="21" class="JTD\LaravelMCP\Tests\Feature\McpServerIntegrationTest" classname="JTD.LaravelMCP.Tests.Feature.McpServerIntegrationTest" assertions="0" time="0.000000">
          <error type="Exception">JTD\LaravelMCP\Tests\Feature\McpServerIntegrationTest::test_can_resolve_server_info_from_container
Exception: The /var/www/html/vendor/orchestra/testbench-core/laravel/bootstrap/cache directory must be present and writable.

/var/www/html/vendor/laravel/framework/src/Illuminate/Foundation/PackageManifest.php:179
/var/www/html/vendor/orchestra/testbench-core/src/Foundation/PackageManifest.php:157
/var/www/html/vendor/laravel/framework/src/Illuminate/Foundation/PackageManifest.php:132
/var/www/html/vendor/laravel/framework/src/Illuminate/Foundation/PackageManifest.php:108
/var/www/html/vendor/orchestra/testbench-core/src/Foundation/PackageManifest.php:102
/var/www/html/vendor/laravel/framework/src/Illuminate/Foundation/PackageManifest.php:91
/var/www/html/vendor/laravel/framework/src/Illuminate/Foundation/PackageManifest.php:80
/var/www/html/vendor/laravel/framework/src/Illuminate/Foundation/Bootstrap/RegisterFacades.php:26
/var/www/html/vendor/orchestra/testbench-core/src/Concerns/CreatesApplication.php:556
/var/www/html/vendor/orchestra/testbench-core/src/Concerns/CreatesApplication.php:311
/var/www/html/vendor/orchestra/testbench-core/src/TestCase.php:121
/var/www/html/vendor/orchestra/testbench-core/src/Concerns/ApplicationTestingHooks.php:74
/var/www/html/vendor/orchestra/testbench-core/src/Concerns/Testing.php:43
/var/www/html/vendor/laravel/framework/src/Illuminate/Collections/helpers.php:236
/var/www/html/vendor/orchestra/sidekick/src/functions.php:87
/var/www/html/vendor/laravel/framework/src/Illuminate/Collections/helpers.php:236
/var/www/html/vendor/orchestra/testbench-core/src/Concerns/Testing.php:57
/var/www/html/vendor/orchestra/testbench-core/src/TestCase.php:50
/var/www/html/tests/TestCase.php:61</error>
        </testcase>
        <testcase name="test_can_resolve_capability_manager_from_container" file="/var/www/html/tests/Feature/McpServerIntegrationTest.php" line="28" class="JTD\LaravelMCP\Tests\Feature\McpServerIntegrationTest" classname="JTD.LaravelMCP.Tests.Feature.McpServerIntegrationTest" assertions="0" time="0.000000">
          <error type="Exception">JTD\LaravelMCP\Tests\Feature\McpServerIntegrationTest::test_can_resolve_capability_manager_from_container
Exception: The /var/www/html/vendor/orchestra/testbench-core/laravel/bootstrap/cache directory must be present and writable.

/var/www/html/vendor/laravel/framework/src/Illuminate/Foundation/PackageManifest.php:179
/var/www/html/vendor/orchestra/testbench-core/src/Foundation/PackageManifest.php:157
/var/www/html/vendor/laravel/framework/src/Illuminate/Foundation/PackageManifest.php:132
/var/www/html/vendor/laravel/framework/src/Illuminate/Foundation/PackageManifest.php:108
/var/www/html/vendor/orchestra/testbench-core/src/Foundation/PackageManifest.php:102
/var/www/html/vendor/laravel/framework/src/Illuminate/Foundation/PackageManifest.php:91
/var/www/html/vendor/laravel/framework/src/Illuminate/Foundation/PackageManifest.php:80
/var/www/html/vendor/laravel/framework/src/Illuminate/Foundation/Bootstrap/RegisterFacades.php:26
/var/www/html/vendor/orchestra/testbench-core/src/Concerns/CreatesApplication.php:556
/var/www/html/vendor/orchestra/testbench-core/src/Concerns/CreatesApplication.php:311
/var/www/html/vendor/orchestra/testbench-core/src/TestCase.php:121
/var/www/html/vendor/orchestra/testbench-core/src/Concerns/ApplicationTestingHooks.php:74
/var/www/html/vendor/orchestra/testbench-core/src/Concerns/Testing.php:43
/var/www/html/vendor/laravel/framework/src/Illuminate/Collections/helpers.php:236
/var/www/html/vendor/orchestra/sidekick/src/functions.php:87
/var/www/html/vendor/laravel/framework/src/Illuminate/Collections/helpers.php:236
/var/www/html/vendor/orchestra/testbench-core/src/Concerns/Testing.php:57
/var/www/html/vendor/orchestra/testbench-core/src/TestCase.php:50
/var/www/html/tests/TestCase.php:61</error>
        </testcase>
        <testcase name="test_server_initialization_flow" file="/var/www/html/tests/Feature/McpServerIntegrationTest.php" line="35" class="JTD\LaravelMCP\Tests\Feature\McpServerIntegrationTest" classname="JTD.LaravelMCP.Tests.Feature.McpServerIntegrationTest" assertions="0" time="0.000000">
          <error type="Exception">JTD\LaravelMCP\Tests\Feature\McpServerIntegrationTest::test_server_initialization_flow
Exception: The /var/www/html/vendor/orchestra/testbench-core/laravel/bootstrap/cache directory must be present and writable.

/var/www/html/vendor/laravel/framework/src/Illuminate/Foundation/PackageManifest.php:179
/var/www/html/vendor/orchestra/testbench-core/src/Foundation/PackageManifest.php:157
/var/www/html/vendor/laravel/framework/src/Illuminate/Foundation/PackageManifest.php:132
/var/www/html/vendor/laravel/framework/src/Illuminate/Foundation/PackageManifest.php:108
/var/www/html/vendor/orchestra/testbench-core/src/Foundation/PackageManifest.php:102
/var/www/html/vendor/laravel/framework/src/Illuminate/Foundation/PackageManifest.php:91
/var/www/html/vendor/laravel/framework/src/Illuminate/Foundation/PackageManifest.php:80
/var/www/html/vendor/laravel/framework/src/Illuminate/Foundation/Bootstrap/RegisterFacades.php:26
/var/www/html/vendor/orchestra/testbench-core/src/Concerns/CreatesApplication.php:556
/var/www/html/vendor/orchestra/testbench-core/src/Concerns/CreatesApplication.php:311
/var/www/html/vendor/orchestra/testbench-core/src/TestCase.php:121
/var/www/html/vendor/orchestra/testbench-core/src/Concerns/ApplicationTestingHooks.php:74
/var/www/html/vendor/orchestra/testbench-core/src/Concerns/Testing.php:43
/var/www/html/vendor/laravel/framework/src/Illuminate/Collections/helpers.php:236
/var/www/html/vendor/orchestra/sidekick/src/functions.php:87
/var/www/html/vendor/laravel/framework/src/Illuminate/Collections/helpers.php:236
/var/www/html/vendor/orchestra/testbench-core/src/Concerns/Testing.php:57
/var/www/html/vendor/orchestra/testbench-core/src/TestCase.php:50
/var/www/html/tests/TestCase.php:61</error>
        </testcase>
        <testcase name="test_server_lifecycle_management" file="/var/www/html/tests/Feature/McpServerIntegrationTest.php" line="66" class="JTD\LaravelMCP\Tests\Feature\McpServerIntegrationTest" classname="JTD.LaravelMCP.Tests.Feature.McpServerIntegrationTest" assertions="0" time="0.000000">
          <error type="Exception">JTD\LaravelMCP\Tests\Feature\McpServerIntegrationTest::test_server_lifecycle_management
Exception: The /var/www/html/vendor/orchestra/testbench-core/laravel/bootstrap/cache directory must be present and writable.

/var/www/html/vendor/laravel/framework/src/Illuminate/Foundation/PackageManifest.php:179
/var/www/html/vendor/orchestra/testbench-core/src/Foundation/PackageManifest.php:157
/var/www/html/vendor/laravel/framework/src/Illuminate/Foundation/PackageManifest.php:132
/var/www/html/vendor/laravel/framework/src/Illuminate/Foundation/PackageManifest.php:108
/var/www/html/vendor/orchestra/testbench-core/src/Foundation/PackageManifest.php:102
/var/www/html/vendor/laravel/framework/src/Illuminate/Foundation/PackageManifest.php:91
/var/www/html/vendor/laravel/framework/src/Illuminate/Foundation/PackageManifest.php:80
/var/www/html/vendor/laravel/framework/src/Illuminate/Foundation/Bootstrap/RegisterFacades.php:26
/var/www/html/vendor/orchestra/testbench-core/src/Concerns/CreatesApplication.php:556
/var/www/html/vendor/orchestra/testbench-core/src/Concerns/CreatesApplication.php:311
/var/www/html/vendor/orchestra/testbench-core/src/TestCase.php:121
/var/www/html/vendor/orchestra/testbench-core/src/Concerns/ApplicationTestingHooks.php:74
/var/www/html/vendor/orchestra/testbench-core/src/Concerns/Testing.php:43
/var/www/html/vendor/laravel/framework/src/Illuminate/Collections/helpers.php:236
/var/www/html/vendor/orchestra/sidekick/src/functions.php:87
/var/www/html/vendor/laravel/framework/src/Illuminate/Collections/helpers.php:236
/var/www/html/vendor/orchestra/testbench-core/src/Concerns/Testing.php:57
/var/www/html/vendor/orchestra/testbench-core/src/TestCase.php:50
/var/www/html/tests/TestCase.php:61</error>
        </testcase>
        <testcase name="test_server_status_and_health" file="/var/www/html/tests/Feature/McpServerIntegrationTest.php" line="97" class="JTD\LaravelMCP\Tests\Feature\McpServerIntegrationTest" classname="JTD.LaravelMCP.Tests.Feature.McpServerIntegrationTest" assertions="0" time="0.000000">
          <error type="Exception">JTD\LaravelMCP\Tests\Feature\McpServerIntegrationTest::test_server_status_and_health
Exception: The /var/www/html/vendor/orchestra/testbench-core/laravel/bootstrap/cache directory must be present and writable.

/var/www/html/vendor/laravel/framework/src/Illuminate/Foundation/PackageManifest.php:179
/var/www/html/vendor/orchestra/testbench-core/src/Foundation/PackageManifest.php:157
/var/www/html/vendor/laravel/framework/src/Illuminate/Foundation/PackageManifest.php:132
/var/www/html/vendor/laravel/framework/src/Illuminate/Foundation/PackageManifest.php:108
/var/www/html/vendor/orchestra/testbench-core/src/Foundation/PackageManifest.php:102
/var/www/html/vendor/laravel/framework/src/Illuminate/Foundation/PackageManifest.php:91
/var/www/html/vendor/laravel/framework/src/Illuminate/Foundation/PackageManifest.php:80
/var/www/html/vendor/laravel/framework/src/Illuminate/Foundation/Bootstrap/RegisterFacades.php:26
/var/www/html/vendor/orchestra/testbench-core/src/Concerns/CreatesApplication.php:556
/var/www/html/vendor/orchestra/testbench-core/src/Concerns/CreatesApplication.php:311
/var/www/html/vendor/orchestra/testbench-core/src/TestCase.php:121
/var/www/html/vendor/orchestra/testbench-core/src/Concerns/ApplicationTestingHooks.php:74
/var/www/html/vendor/orchestra/testbench-core/src/Concerns/Testing.php:43
/var/www/html/vendor/laravel/framework/src/Illuminate/Collections/helpers.php:236
/var/www/html/vendor/orchestra/sidekick/src/functions.php:87
/var/www/html/vendor/laravel/framework/src/Illuminate/Collections/helpers.php:236
/var/www/html/vendor/orchestra/testbench-core/src/Concerns/Testing.php:57
/var/www/html/vendor/orchestra/testbench-core/src/TestCase.php:50
/var/www/html/tests/TestCase.php:61</error>
        </testcase>
        <testcase name="test_server_configuration_integration" file="/var/www/html/tests/Feature/McpServerIntegrationTest.php" line="128" class="JTD\LaravelMCP\Tests\Feature\McpServerIntegrationTest" classname="JTD.LaravelMCP.Tests.Feature.McpServerIntegrationTest" assertions="0" time="0.000000">
          <error type="Exception">JTD\LaravelMCP\Tests\Feature\McpServerIntegrationTest::test_server_configuration_integration
Exception: The /var/www/html/vendor/orchestra/testbench-core/laravel/bootstrap/cache directory must be present and writable.

/var/www/html/vendor/laravel/framework/src/Illuminate/Foundation/PackageManifest.php:179
/var/www/html/vendor/orchestra/testbench-core/src/Foundation/PackageManifest.php:157
/var/www/html/vendor/laravel/framework/src/Illuminate/Foundation/PackageManifest.php:132
/var/www/html/vendor/laravel/framework/src/Illuminate/Foundation/PackageManifest.php:108
/var/www/html/vendor/orchestra/testbench-core/src/Foundation/PackageManifest.php:102
/var/www/html/vendor/laravel/framework/src/Illuminate/Foundation/PackageManifest.php:91
/var/www/html/vendor/laravel/framework/src/Illuminate/Foundation/PackageManifest.php:80
/var/www/html/vendor/laravel/framework/src/Illuminate/Foundation/Bootstrap/RegisterFacades.php:26
/var/www/html/vendor/orchestra/testbench-core/src/Concerns/CreatesApplication.php:556
/var/www/html/vendor/orchestra/testbench-core/src/Concerns/CreatesApplication.php:311
/var/www/html/vendor/orchestra/testbench-core/src/TestCase.php:121
/var/www/html/vendor/orchestra/testbench-core/src/Concerns/ApplicationTestingHooks.php:74
/var/www/html/vendor/orchestra/testbench-core/src/Concerns/Testing.php:43
/var/www/html/vendor/laravel/framework/src/Illuminate/Collections/helpers.php:236
/var/www/html/vendor/orchestra/sidekick/src/functions.php:87
/var/www/html/vendor/laravel/framework/src/Illuminate/Collections/helpers.php:236
/var/www/html/vendor/orchestra/testbench-core/src/Concerns/Testing.php:57
/var/www/html/vendor/orchestra/testbench-core/src/TestCase.php:50
/var/www/html/tests/TestCase.php:61</error>
        </testcase>
        <testcase name="test_capability_negotiation_integration" file="/var/www/html/tests/Feature/McpServerIntegrationTest.php" line="141" class="JTD\LaravelMCP\Tests\Feature\McpServerIntegrationTest" classname="JTD.LaravelMCP.Tests.Feature.McpServerIntegrationTest" assertions="0" time="0.000000">
          <error type="Exception">JTD\LaravelMCP\Tests\Feature\McpServerIntegrationTest::test_capability_negotiation_integration
Exception: The /var/www/html/vendor/orchestra/testbench-core/laravel/bootstrap/cache directory must be present and writable.

/var/www/html/vendor/laravel/framework/src/Illuminate/Foundation/PackageManifest.php:179
/var/www/html/vendor/orchestra/testbench-core/src/Foundation/PackageManifest.php:157
/var/www/html/vendor/laravel/framework/src/Illuminate/Foundation/PackageManifest.php:132
/var/www/html/vendor/laravel/framework/src/Illuminate/Foundation/PackageManifest.php:108
/var/www/html/vendor/orchestra/testbench-core/src/Foundation/PackageManifest.php:102
/var/www/html/vendor/laravel/framework/src/Illuminate/Foundation/PackageManifest.php:91
/var/www/html/vendor/laravel/framework/src/Illuminate/Foundation/PackageManifest.php:80
/var/www/html/vendor/laravel/framework/src/Illuminate/Foundation/Bootstrap/RegisterFacades.php:26
/var/www/html/vendor/orchestra/testbench-core/src/Concerns/CreatesApplication.php:556
/var/www/html/vendor/orchestra/testbench-core/src/Concerns/CreatesApplication.php:311
/var/www/html/vendor/orchestra/testbench-core/src/TestCase.php:121
/var/www/html/vendor/orchestra/testbench-core/src/Concerns/ApplicationTestingHooks.php:74
/var/www/html/vendor/orchestra/testbench-core/src/Concerns/Testing.php:43
/var/www/html/vendor/laravel/framework/src/Illuminate/Collections/helpers.php:236
/var/www/html/vendor/orchestra/sidekick/src/functions.php:87
/var/www/html/vendor/laravel/framework/src/Illuminate/Collections/helpers.php:236
/var/www/html/vendor/orchestra/testbench-core/src/Concerns/Testing.php:57
/var/www/html/vendor/orchestra/testbench-core/src/TestCase.php:50
/var/www/html/tests/TestCase.php:61</error>
        </testcase>
        <testcase name="test_server_metrics_tracking" file="/var/www/html/tests/Feature/McpServerIntegrationTest.php" line="227" class="JTD\LaravelMCP\Tests\Feature\McpServerIntegrationTest" classname="JTD.LaravelMCP.Tests.Feature.McpServerIntegrationTest" assertions="0" time="0.000000">
          <error type="Exception">JTD\LaravelMCP\Tests\Feature\McpServerIntegrationTest::test_server_metrics_tracking
Exception: The /var/www/html/vendor/orchestra/testbench-core/laravel/bootstrap/cache directory must be present and writable.

/var/www/html/vendor/laravel/framework/src/Illuminate/Foundation/PackageManifest.php:179
/var/www/html/vendor/orchestra/testbench-core/src/Foundation/PackageManifest.php:157
/var/www/html/vendor/laravel/framework/src/Illuminate/Foundation/PackageManifest.php:132
/var/www/html/vendor/laravel/framework/src/Illuminate/Foundation/PackageManifest.php:108
/var/www/html/vendor/orchestra/testbench-core/src/Foundation/PackageManifest.php:102
/var/www/html/vendor/laravel/framework/src/Illuminate/Foundation/PackageManifest.php:91
/var/www/html/vendor/laravel/framework/src/Illuminate/Foundation/PackageManifest.php:80
/var/www/html/vendor/laravel/framework/src/Illuminate/Foundation/Bootstrap/RegisterFacades.php:26
/var/www/html/vendor/orchestra/testbench-core/src/Concerns/CreatesApplication.php:556
/var/www/html/vendor/orchestra/testbench-core/src/Concerns/CreatesApplication.php:311
/var/www/html/vendor/orchestra/testbench-core/src/TestCase.php:121
/var/www/html/vendor/orchestra/testbench-core/src/Concerns/ApplicationTestingHooks.php:74
/var/www/html/vendor/orchestra/testbench-core/src/Concerns/Testing.php:43
/var/www/html/vendor/laravel/framework/src/Illuminate/Collections/helpers.php:236
/var/www/html/vendor/orchestra/sidekick/src/functions.php:87
/var/www/html/vendor/laravel/framework/src/Illuminate/Collections/helpers.php:236
/var/www/html/vendor/orchestra/testbench-core/src/Concerns/Testing.php:57
/var/www/html/vendor/orchestra/testbench-core/src/TestCase.php:50
/var/www/html/tests/TestCase.php:61</error>
        </testcase>
        <testcase name="test_server_info_detailed_information" file="/var/www/html/tests/Feature/McpServerIntegrationTest.php" line="251" class="JTD\LaravelMCP\Tests\Feature\McpServerIntegrationTest" classname="JTD.LaravelMCP.Tests.Feature.McpServerIntegrationTest" assertions="0" time="0.000000">
          <error type="Exception">JTD\LaravelMCP\Tests\Feature\McpServerIntegrationTest::test_server_info_detailed_information
Exception: The /var/www/html/vendor/orchestra/testbench-core/laravel/bootstrap/cache directory must be present and writable.

/var/www/html/vendor/laravel/framework/src/Illuminate/Foundation/PackageManifest.php:179
/var/www/html/vendor/orchestra/testbench-core/src/Foundation/PackageManifest.php:157
/var/www/html/vendor/laravel/framework/src/Illuminate/Foundation/PackageManifest.php:132
/var/www/html/vendor/laravel/framework/src/Illuminate/Foundation/PackageManifest.php:108
/var/www/html/vendor/orchestra/testbench-core/src/Foundation/PackageManifest.php:102
/var/www/html/vendor/laravel/framework/src/Illuminate/Foundation/PackageManifest.php:91
/var/www/html/vendor/laravel/framework/src/Illuminate/Foundation/PackageManifest.php:80
/var/www/html/vendor/laravel/framework/src/Illuminate/Foundation/Bootstrap/RegisterFacades.php:26
/var/www/html/vendor/orchestra/testbench-core/src/Concerns/CreatesApplication.php:556
/var/www/html/vendor/orchestra/testbench-core/src/Concerns/CreatesApplication.php:311
/var/www/html/vendor/orchestra/testbench-core/src/TestCase.php:121
/var/www/html/vendor/orchestra/testbench-core/src/Concerns/ApplicationTestingHooks.php:74
/var/www/html/vendor/orchestra/testbench-core/src/Concerns/Testing.php:43
/var/www/html/vendor/laravel/framework/src/Illuminate/Collections/helpers.php:236
/var/www/html/vendor/orchestra/sidekick/src/functions.php:87
/var/www/html/vendor/laravel/framework/src/Illuminate/Collections/helpers.php:236
/var/www/html/vendor/orchestra/testbench-core/src/Concerns/Testing.php:57
/var/www/html/vendor/orchestra/testbench-core/src/TestCase.php:50
/var/www/html/tests/TestCase.php:61</error>
        </testcase>
        <testcase name="test_server_graceful_shutdown" file="/var/www/html/tests/Feature/McpServerIntegrationTest.php" line="272" class="JTD\LaravelMCP\Tests\Feature\McpServerIntegrationTest" classname="JTD.LaravelMCP.Tests.Feature.McpServerIntegrationTest" assertions="0" time="0.000000">
          <error type="Exception">JTD\LaravelMCP\Tests\Feature\McpServerIntegrationTest::test_server_graceful_shutdown
Exception: The /var/www/html/vendor/orchestra/testbench-core/laravel/bootstrap/cache directory must be present and writable.

/var/www/html/vendor/laravel/framework/src/Illuminate/Foundation/PackageManifest.php:179
/var/www/html/vendor/orchestra/testbench-core/src/Foundation/PackageManifest.php:157
/var/www/html/vendor/laravel/framework/src/Illuminate/Foundation/PackageManifest.php:132
/var/www/html/vendor/laravel/framework/src/Illuminate/Foundation/PackageManifest.php:108
/var/www/html/vendor/orchestra/testbench-core/src/Foundation/PackageManifest.php:102
/var/www/html/vendor/laravel/framework/src/Illuminate/Foundation/PackageManifest.php:91
/var/www/html/vendor/laravel/framework/src/Illuminate/Foundation/PackageManifest.php:80
/var/www/html/vendor/laravel/framework/src/Illuminate/Foundation/Bootstrap/RegisterFacades.php:26
/var/www/html/vendor/orchestra/testbench-core/src/Concerns/CreatesApplication.php:556
/var/www/html/vendor/orchestra/testbench-core/src/Concerns/CreatesApplication.php:311
/var/www/html/vendor/orchestra/testbench-core/src/TestCase.php:121
/var/www/html/vendor/orchestra/testbench-core/src/Concerns/ApplicationTestingHooks.php:74
/var/www/html/vendor/orchestra/testbench-core/src/Concerns/Testing.php:43
/var/www/html/vendor/laravel/framework/src/Illuminate/Collections/helpers.php:236
/var/www/html/vendor/orchestra/sidekick/src/functions.php:87
/var/www/html/vendor/laravel/framework/src/Illuminate/Collections/helpers.php:236
/var/www/html/vendor/orchestra/testbench-core/src/Concerns/Testing.php:57
/var/www/html/vendor/orchestra/testbench-core/src/TestCase.php:50
/var/www/html/tests/TestCase.php:61</error>
        </testcase>
        <testcase name="test_capability_manager_mcp10_compliance" file="/var/www/html/tests/Feature/McpServerIntegrationTest.php" line="286" class="JTD\LaravelMCP\Tests\Feature\McpServerIntegrationTest" classname="JTD.LaravelMCP.Tests.Feature.McpServerIntegrationTest" assertions="0" time="0.000000">
          <error type="Exception">JTD\LaravelMCP\Tests\Feature\McpServerIntegrationTest::test_capability_manager_mcp10_compliance
Exception: The /var/www/html/vendor/orchestra/testbench-core/laravel/bootstrap/cache directory must be present and writable.

/var/www/html/vendor/laravel/framework/src/Illuminate/Foundation/PackageManifest.php:179
/var/www/html/vendor/orchestra/testbench-core/src/Foundation/PackageManifest.php:157
/var/www/html/vendor/laravel/framework/src/Illuminate/Foundation/PackageManifest.php:132
/var/www/html/vendor/laravel/framework/src/Illuminate/Foundation/PackageManifest.php:108
/var/www/html/vendor/orchestra/testbench-core/src/Foundation/PackageManifest.php:102
/var/www/html/vendor/laravel/framework/src/Illuminate/Foundation/PackageManifest.php:91
/var/www/html/vendor/laravel/framework/src/Illuminate/Foundation/PackageManifest.php:80
/var/www/html/vendor/laravel/framework/src/Illuminate/Foundation/Bootstrap/RegisterFacades.php:26
/var/www/html/vendor/orchestra/testbench-core/src/Concerns/CreatesApplication.php:556
/var/www/html/vendor/orchestra/testbench-core/src/Concerns/CreatesApplication.php:311
/var/www/html/vendor/orchestra/testbench-core/src/TestCase.php:121
/var/www/html/vendor/orchestra/testbench-core/src/Concerns/ApplicationTestingHooks.php:74
/var/www/html/vendor/orchestra/testbench-core/src/Concerns/Testing.php:43
/var/www/html/vendor/laravel/framework/src/Illuminate/Collections/helpers.php:236
/var/www/html/vendor/orchestra/sidekick/src/functions.php:87
/var/www/html/vendor/laravel/framework/src/Illuminate/Collections/helpers.php:236
/var/www/html/vendor/orchestra/testbench-core/src/Concerns/Testing.php:57
/var/www/html/vendor/orchestra/testbench-core/src/TestCase.php:50
/var/www/html/tests/TestCase.php:61</error>
        </testcase>
        <testcase name="test_server_transport_integration" file="/var/www/html/tests/Feature/McpServerIntegrationTest.php" line="311" class="JTD\LaravelMCP\Tests\Feature\McpServerIntegrationTest" classname="JTD.LaravelMCP.Tests.Feature.McpServerIntegrationTest" assertions="0" time="0.000000">
          <error type="Exception">JTD\LaravelMCP\Tests\Feature\McpServerIntegrationTest::test_server_transport_integration
Exception: The /var/www/html/vendor/orchestra/testbench-core/laravel/bootstrap/cache directory must be present and writable.

/var/www/html/vendor/laravel/framework/src/Illuminate/Foundation/PackageManifest.php:179
/var/www/html/vendor/orchestra/testbench-core/src/Foundation/PackageManifest.php:157
/var/www/html/vendor/laravel/framework/src/Illuminate/Foundation/PackageManifest.php:132
/var/www/html/vendor/laravel/framework/src/Illuminate/Foundation/PackageManifest.php:108
/var/www/html/vendor/orchestra/testbench-core/src/Foundation/PackageManifest.php:102
/var/www/html/vendor/laravel/framework/src/Illuminate/Foundation/PackageManifest.php:91
/var/www/html/vendor/laravel/framework/src/Illuminate/Foundation/PackageManifest.php:80
/var/www/html/vendor/laravel/framework/src/Illuminate/Foundation/Bootstrap/RegisterFacades.php:26
/var/www/html/vendor/orchestra/testbench-core/src/Concerns/CreatesApplication.php:556
/var/www/html/vendor/orchestra/testbench-core/src/Concerns/CreatesApplication.php:311
/var/www/html/vendor/orchestra/testbench-core/src/TestCase.php:121
/var/www/html/vendor/orchestra/testbench-core/src/Concerns/ApplicationTestingHooks.php:74
/var/www/html/vendor/orchestra/testbench-core/src/Concerns/Testing.php:43
/var/www/html/vendor/laravel/framework/src/Illuminate/Collections/helpers.php:236
/var/www/html/vendor/orchestra/sidekick/src/functions.php:87
/var/www/html/vendor/laravel/framework/src/Illuminate/Collections/helpers.php:236
/var/www/html/vendor/orchestra/testbench-core/src/Concerns/Testing.php:57
/var/www/html/vendor/orchestra/testbench-core/src/TestCase.php:50
/var/www/html/tests/TestCase.php:61</error>
        </testcase>
        <testcase name="test_server_component_integration" file="/var/www/html/tests/Feature/McpServerIntegrationTest.php" line="324" class="JTD\LaravelMCP\Tests\Feature\McpServerIntegrationTest" classname="JTD.LaravelMCP.Tests.Feature.McpServerIntegrationTest" assertions="0" time="0.000000">
          <error type="Exception">JTD\LaravelMCP\Tests\Feature\McpServerIntegrationTest::test_server_component_integration
Exception: The /var/www/html/vendor/orchestra/testbench-core/laravel/bootstrap/cache directory must be present and writable.

/var/www/html/vendor/laravel/framework/src/Illuminate/Foundation/PackageManifest.php:179
/var/www/html/vendor/orchestra/testbench-core/src/Foundation/PackageManifest.php:157
/var/www/html/vendor/laravel/framework/src/Illuminate/Foundation/PackageManifest.php:132
/var/www/html/vendor/laravel/framework/src/Illuminate/Foundation/PackageManifest.php:108
/var/www/html/vendor/orchestra/testbench-core/src/Foundation/PackageManifest.php:102
/var/www/html/vendor/laravel/framework/src/Illuminate/Foundation/PackageManifest.php:91
/var/www/html/vendor/laravel/framework/src/Illuminate/Foundation/PackageManifest.php:80
/var/www/html/vendor/laravel/framework/src/Illuminate/Foundation/Bootstrap/RegisterFacades.php:26
/var/www/html/vendor/orchestra/testbench-core/src/Concerns/CreatesApplication.php:556
/var/www/html/vendor/orchestra/testbench-core/src/Concerns/CreatesApplication.php:311
/var/www/html/vendor/orchestra/testbench-core/src/TestCase.php:121
/var/www/html/vendor/orchestra/testbench-core/src/Concerns/ApplicationTestingHooks.php:74
/var/www/html/vendor/orchestra/testbench-core/src/Concerns/Testing.php:43
/var/www/html/vendor/laravel/framework/src/Illuminate/Collections/helpers.php:236
/var/www/html/vendor/orchestra/sidekick/src/functions.php:87
/var/www/html/vendor/laravel/framework/src/Illuminate/Collections/helpers.php:236
/var/www/html/vendor/orchestra/testbench-core/src/Concerns/Testing.php:57
/var/www/html/vendor/orchestra/testbench-core/src/TestCase.php:50
/var/www/html/tests/TestCase.php:61</error>
        </testcase>
        <testcase name="test_server_diagnostics" file="/var/www/html/tests/Feature/McpServerIntegrationTest.php" line="338" class="JTD\LaravelMCP\Tests\Feature\McpServerIntegrationTest" classname="JTD.LaravelMCP.Tests.Feature.McpServerIntegrationTest" assertions="0" time="0.000000">
          <error type="Exception">JTD\LaravelMCP\Tests\Feature\McpServerIntegrationTest::test_server_diagnostics
Exception: The /var/www/html/vendor/orchestra/testbench-core/laravel/bootstrap/cache directory must be present and writable.

/var/www/html/vendor/laravel/framework/src/Illuminate/Foundation/PackageManifest.php:179
/var/www/html/vendor/orchestra/testbench-core/src/Foundation/PackageManifest.php:157
/var/www/html/vendor/laravel/framework/src/Illuminate/Foundation/PackageManifest.php:132
/var/www/html/vendor/laravel/framework/src/Illuminate/Foundation/PackageManifest.php:108
/var/www/html/vendor/orchestra/testbench-core/src/Foundation/PackageManifest.php:102
/var/www/html/vendor/laravel/framework/src/Illuminate/Foundation/PackageManifest.php:91
/var/www/html/vendor/laravel/framework/src/Illuminate/Foundation/PackageManifest.php:80
/var/www/html/vendor/laravel/framework/src/Illuminate/Foundation/Bootstrap/RegisterFacades.php:26
/var/www/html/vendor/orchestra/testbench-core/src/Concerns/CreatesApplication.php:556
/var/www/html/vendor/orchestra/testbench-core/src/Concerns/CreatesApplication.php:311
/var/www/html/vendor/orchestra/testbench-core/src/TestCase.php:121
/var/www/html/vendor/orchestra/testbench-core/src/Concerns/ApplicationTestingHooks.php:74
/var/www/html/vendor/orchestra/testbench-core/src/Concerns/Testing.php:43
/var/www/html/vendor/laravel/framework/src/Illuminate/Collections/helpers.php:236
/var/www/html/vendor/orchestra/sidekick/src/functions.php:87
/var/www/html/vendor/laravel/framework/src/Illuminate/Collections/helpers.php:236
/var/www/html/vendor/orchestra/testbench-core/src/Concerns/Testing.php:57
/var/www/html/vendor/orchestra/testbench-core/src/TestCase.php:50
/var/www/html/tests/TestCase.php:61</error>
        </testcase>
        <testcase name="test_server_uptime_tracking" file="/var/www/html/tests/Feature/McpServerIntegrationTest.php" line="359" class="JTD\LaravelMCP\Tests\Feature\McpServerIntegrationTest" classname="JTD.LaravelMCP.Tests.Feature.McpServerIntegrationTest" assertions="0" time="0.000000">
          <error type="Exception">JTD\LaravelMCP\Tests\Feature\McpServerIntegrationTest::test_server_uptime_tracking
Exception: The /var/www/html/vendor/orchestra/testbench-core/laravel/bootstrap/cache directory must be present and writable.

/var/www/html/vendor/laravel/framework/src/Illuminate/Foundation/PackageManifest.php:179
/var/www/html/vendor/orchestra/testbench-core/src/Foundation/PackageManifest.php:157
/var/www/html/vendor/laravel/framework/src/Illuminate/Foundation/PackageManifest.php:132
/var/www/html/vendor/laravel/framework/src/Illuminate/Foundation/PackageManifest.php:108
/var/www/html/vendor/orchestra/testbench-core/src/Foundation/PackageManifest.php:102
/var/www/html/vendor/laravel/framework/src/Illuminate/Foundation/PackageManifest.php:91
/var/www/html/vendor/laravel/framework/src/Illuminate/Foundation/PackageManifest.php:80
/var/www/html/vendor/laravel/framework/src/Illuminate/Foundation/Bootstrap/RegisterFacades.php:26
/var/www/html/vendor/orchestra/testbench-core/src/Concerns/CreatesApplication.php:556
/var/www/html/vendor/orchestra/testbench-core/src/Concerns/CreatesApplication.php:311
/var/www/html/vendor/orchestra/testbench-core/src/TestCase.php:121
/var/www/html/vendor/orchestra/testbench-core/src/Concerns/ApplicationTestingHooks.php:74
/var/www/html/vendor/orchestra/testbench-core/src/Concerns/Testing.php:43
/var/www/html/vendor/laravel/framework/src/Illuminate/Collections/helpers.php:236
/var/www/html/vendor/orchestra/sidekick/src/functions.php:87
/var/www/html/vendor/laravel/framework/src/Illuminate/Collections/helpers.php:236
/var/www/html/vendor/orchestra/testbench-core/src/Concerns/Testing.php:57
/var/www/html/vendor/orchestra/testbench-core/src/TestCase.php:50
/var/www/html/tests/TestCase.php:61</error>
        </testcase>
        <testcase name="test_server_protocol_version" file="/var/www/html/tests/Feature/McpServerIntegrationTest.php" line="372" class="JTD\LaravelMCP\Tests\Feature\McpServerIntegrationTest" classname="JTD.LaravelMCP.Tests.Feature.McpServerIntegrationTest" assertions="0" time="0.000000">
          <error type="Exception">JTD\LaravelMCP\Tests\Feature\McpServerIntegrationTest::test_server_protocol_version
Exception: The /var/www/html/vendor/orchestra/testbench-core/laravel/bootstrap/cache directory must be present and writable.

/var/www/html/vendor/laravel/framework/src/Illuminate/Foundation/PackageManifest.php:179
/var/www/html/vendor/orchestra/testbench-core/src/Foundation/PackageManifest.php:157
/var/www/html/vendor/laravel/framework/src/Illuminate/Foundation/PackageManifest.php:132
/var/www/html/vendor/laravel/framework/src/Illuminate/Foundation/PackageManifest.php:108
/var/www/html/vendor/orchestra/testbench-core/src/Foundation/PackageManifest.php:102
/var/www/html/vendor/laravel/framework/src/Illuminate/Foundation/PackageManifest.php:91
/var/www/html/vendor/laravel/framework/src/Illuminate/Foundation/PackageManifest.php:80
/var/www/html/vendor/laravel/framework/src/Illuminate/Foundation/Bootstrap/RegisterFacades.php:26
/var/www/html/vendor/orchestra/testbench-core/src/Concerns/CreatesApplication.php:556
/var/www/html/vendor/orchestra/testbench-core/src/Concerns/CreatesApplication.php:311
/var/www/html/vendor/orchestra/testbench-core/src/TestCase.php:121
/var/www/html/vendor/orchestra/testbench-core/src/Concerns/ApplicationTestingHooks.php:74
/var/www/html/vendor/orchestra/testbench-core/src/Concerns/Testing.php:43
/var/www/html/vendor/laravel/framework/src/Illuminate/Collections/helpers.php:236
/var/www/html/vendor/orchestra/sidekick/src/functions.php:87
/var/www/html/vendor/laravel/framework/src/Illuminate/Collections/helpers.php:236
/var/www/html/vendor/orchestra/testbench-core/src/Concerns/Testing.php:57
/var/www/html/vendor/orchestra/testbench-core/src/TestCase.php:50
/var/www/html/tests/TestCase.php:61</error>
        </testcase>
      </testsuite>
      <testsuite name="JTD\LaravelMCP\Tests\Feature\MiddlewareIntegrationTest" file="/var/www/html/tests/Feature/MiddlewareIntegrationTest.php" tests="12" assertions="0" errors="12" failures="0" skipped="0" time="0.000000">
        <testcase name="it_allows_valid_cors_requests" file="/var/www/html/tests/Feature/MiddlewareIntegrationTest.php" line="65" class="JTD\LaravelMCP\Tests\Feature\MiddlewareIntegrationTest" classname="JTD.LaravelMCP.Tests.Feature.MiddlewareIntegrationTest" assertions="0" time="0.000000">
          <error type="Exception">JTD\LaravelMCP\Tests\Feature\MiddlewareIntegrationTest::it_allows_valid_cors_requests
Exception: The /var/www/html/vendor/orchestra/testbench-core/laravel/bootstrap/cache directory must be present and writable.

/var/www/html/vendor/laravel/framework/src/Illuminate/Foundation/PackageManifest.php:179
/var/www/html/vendor/orchestra/testbench-core/src/Foundation/PackageManifest.php:157
/var/www/html/vendor/laravel/framework/src/Illuminate/Foundation/PackageManifest.php:132
/var/www/html/vendor/laravel/framework/src/Illuminate/Foundation/PackageManifest.php:108
/var/www/html/vendor/orchestra/testbench-core/src/Foundation/PackageManifest.php:102
/var/www/html/vendor/laravel/framework/src/Illuminate/Foundation/PackageManifest.php:91
/var/www/html/vendor/laravel/framework/src/Illuminate/Foundation/PackageManifest.php:80
/var/www/html/vendor/laravel/framework/src/Illuminate/Foundation/Bootstrap/RegisterFacades.php:26
/var/www/html/vendor/orchestra/testbench-core/src/Concerns/CreatesApplication.php:556
/var/www/html/vendor/orchestra/testbench-core/src/Concerns/CreatesApplication.php:311
/var/www/html/vendor/orchestra/testbench-core/src/TestCase.php:121
/var/www/html/vendor/orchestra/testbench-core/src/Concerns/ApplicationTestingHooks.php:74
/var/www/html/vendor/orchestra/testbench-core/src/Concerns/Testing.php:43
/var/www/html/vendor/laravel/framework/src/Illuminate/Collections/helpers.php:236
/var/www/html/vendor/orchestra/sidekick/src/functions.php:87
/var/www/html/vendor/laravel/framework/src/Illuminate/Collections/helpers.php:236
/var/www/html/vendor/orchestra/testbench-core/src/Concerns/Testing.php:57
/var/www/html/vendor/orchestra/testbench-core/src/TestCase.php:50
/var/www/html/tests/TestCase.php:61
/var/www/html/tests/Feature/MiddlewareIntegrationTest.php:34</error>
        </testcase>
        <testcase name="it_handles_cors_preflight_requests" file="/var/www/html/tests/Feature/MiddlewareIntegrationTest.php" line="88" class="JTD\LaravelMCP\Tests\Feature\MiddlewareIntegrationTest" classname="JTD.LaravelMCP.Tests.Feature.MiddlewareIntegrationTest" assertions="0" time="0.000000">
          <error type="Exception">JTD\LaravelMCP\Tests\Feature\MiddlewareIntegrationTest::it_handles_cors_preflight_requests
Exception: The /var/www/html/vendor/orchestra/testbench-core/laravel/bootstrap/cache directory must be present and writable.

/var/www/html/vendor/laravel/framework/src/Illuminate/Foundation/PackageManifest.php:179
/var/www/html/vendor/orchestra/testbench-core/src/Foundation/PackageManifest.php:157
/var/www/html/vendor/laravel/framework/src/Illuminate/Foundation/PackageManifest.php:132
/var/www/html/vendor/laravel/framework/src/Illuminate/Foundation/PackageManifest.php:108
/var/www/html/vendor/orchestra/testbench-core/src/Foundation/PackageManifest.php:102
/var/www/html/vendor/laravel/framework/src/Illuminate/Foundation/PackageManifest.php:91
/var/www/html/vendor/laravel/framework/src/Illuminate/Foundation/PackageManifest.php:80
/var/www/html/vendor/laravel/framework/src/Illuminate/Foundation/Bootstrap/RegisterFacades.php:26
/var/www/html/vendor/orchestra/testbench-core/src/Concerns/CreatesApplication.php:556
/var/www/html/vendor/orchestra/testbench-core/src/Concerns/CreatesApplication.php:311
/var/www/html/vendor/orchestra/testbench-core/src/TestCase.php:121
/var/www/html/vendor/orchestra/testbench-core/src/Concerns/ApplicationTestingHooks.php:74
/var/www/html/vendor/orchestra/testbench-core/src/Concerns/Testing.php:43
/var/www/html/vendor/laravel/framework/src/Illuminate/Collections/helpers.php:236
/var/www/html/vendor/orchestra/sidekick/src/functions.php:87
/var/www/html/vendor/laravel/framework/src/Illuminate/Collections/helpers.php:236
/var/www/html/vendor/orchestra/testbench-core/src/Concerns/Testing.php:57
/var/www/html/vendor/orchestra/testbench-core/src/TestCase.php:50
/var/www/html/tests/TestCase.php:61
/var/www/html/tests/Feature/MiddlewareIntegrationTest.php:34</error>
        </testcase>
        <testcase name="it_allows_requests_with_valid_api_key" file="/var/www/html/tests/Feature/MiddlewareIntegrationTest.php" line="114" class="JTD\LaravelMCP\Tests\Feature\MiddlewareIntegrationTest" classname="JTD.LaravelMCP.Tests.Feature.MiddlewareIntegrationTest" assertions="0" time="0.000000">
          <error type="Exception">JTD\LaravelMCP\Tests\Feature\MiddlewareIntegrationTest::it_allows_requests_with_valid_api_key
Exception: The /var/www/html/vendor/orchestra/testbench-core/laravel/bootstrap/cache directory must be present and writable.

/var/www/html/vendor/laravel/framework/src/Illuminate/Foundation/PackageManifest.php:179
/var/www/html/vendor/orchestra/testbench-core/src/Foundation/PackageManifest.php:157
/var/www/html/vendor/laravel/framework/src/Illuminate/Foundation/PackageManifest.php:132
/var/www/html/vendor/laravel/framework/src/Illuminate/Foundation/PackageManifest.php:108
/var/www/html/vendor/orchestra/testbench-core/src/Foundation/PackageManifest.php:102
/var/www/html/vendor/laravel/framework/src/Illuminate/Foundation/PackageManifest.php:91
/var/www/html/vendor/laravel/framework/src/Illuminate/Foundation/PackageManifest.php:80
/var/www/html/vendor/laravel/framework/src/Illuminate/Foundation/Bootstrap/RegisterFacades.php:26
/var/www/html/vendor/orchestra/testbench-core/src/Concerns/CreatesApplication.php:556
/var/www/html/vendor/orchestra/testbench-core/src/Concerns/CreatesApplication.php:311
/var/www/html/vendor/orchestra/testbench-core/src/TestCase.php:121
/var/www/html/vendor/orchestra/testbench-core/src/Concerns/ApplicationTestingHooks.php:74
/var/www/html/vendor/orchestra/testbench-core/src/Concerns/Testing.php:43
/var/www/html/vendor/laravel/framework/src/Illuminate/Collections/helpers.php:236
/var/www/html/vendor/orchestra/sidekick/src/functions.php:87
/var/www/html/vendor/laravel/framework/src/Illuminate/Collections/helpers.php:236
/var/www/html/vendor/orchestra/testbench-core/src/Concerns/Testing.php:57
/var/www/html/vendor/orchestra/testbench-core/src/TestCase.php:50
/var/www/html/tests/TestCase.php:61
/var/www/html/tests/Feature/MiddlewareIntegrationTest.php:34</error>
        </testcase>
        <testcase name="it_rejects_requests_with_invalid_api_key" file="/var/www/html/tests/Feature/MiddlewareIntegrationTest.php" line="135" class="JTD\LaravelMCP\Tests\Feature\MiddlewareIntegrationTest" classname="JTD.LaravelMCP.Tests.Feature.MiddlewareIntegrationTest" assertions="0" time="0.000000">
          <error type="Exception">JTD\LaravelMCP\Tests\Feature\MiddlewareIntegrationTest::it_rejects_requests_with_invalid_api_key
Exception: The /var/www/html/vendor/orchestra/testbench-core/laravel/bootstrap/cache directory must be present and writable.

/var/www/html/vendor/laravel/framework/src/Illuminate/Foundation/PackageManifest.php:179
/var/www/html/vendor/orchestra/testbench-core/src/Foundation/PackageManifest.php:157
/var/www/html/vendor/laravel/framework/src/Illuminate/Foundation/PackageManifest.php:132
/var/www/html/vendor/laravel/framework/src/Illuminate/Foundation/PackageManifest.php:108
/var/www/html/vendor/orchestra/testbench-core/src/Foundation/PackageManifest.php:102
/var/www/html/vendor/laravel/framework/src/Illuminate/Foundation/PackageManifest.php:91
/var/www/html/vendor/laravel/framework/src/Illuminate/Foundation/PackageManifest.php:80
/var/www/html/vendor/laravel/framework/src/Illuminate/Foundation/Bootstrap/RegisterFacades.php:26
/var/www/html/vendor/orchestra/testbench-core/src/Concerns/CreatesApplication.php:556
/var/www/html/vendor/orchestra/testbench-core/src/Concerns/CreatesApplication.php:311
/var/www/html/vendor/orchestra/testbench-core/src/TestCase.php:121
/var/www/html/vendor/orchestra/testbench-core/src/Concerns/ApplicationTestingHooks.php:74
/var/www/html/vendor/orchestra/testbench-core/src/Concerns/Testing.php:43
/var/www/html/vendor/laravel/framework/src/Illuminate/Collections/helpers.php:236
/var/www/html/vendor/orchestra/sidekick/src/functions.php:87
/var/www/html/vendor/laravel/framework/src/Illuminate/Collections/helpers.php:236
/var/www/html/vendor/orchestra/testbench-core/src/Concerns/Testing.php:57
/var/www/html/vendor/orchestra/testbench-core/src/TestCase.php:50
/var/www/html/tests/TestCase.php:61
/var/www/html/tests/Feature/MiddlewareIntegrationTest.php:34</error>
        </testcase>
        <testcase name="it_rejects_requests_without_api_key_when_required" file="/var/www/html/tests/Feature/MiddlewareIntegrationTest.php" line="163" class="JTD\LaravelMCP\Tests\Feature\MiddlewareIntegrationTest" classname="JTD.LaravelMCP.Tests.Feature.MiddlewareIntegrationTest" assertions="0" time="0.000000">
          <error type="Exception">JTD\LaravelMCP\Tests\Feature\MiddlewareIntegrationTest::it_rejects_requests_without_api_key_when_required
Exception: The /var/www/html/vendor/orchestra/testbench-core/laravel/bootstrap/cache directory must be present and writable.

/var/www/html/vendor/laravel/framework/src/Illuminate/Foundation/PackageManifest.php:179
/var/www/html/vendor/orchestra/testbench-core/src/Foundation/PackageManifest.php:157
/var/www/html/vendor/laravel/framework/src/Illuminate/Foundation/PackageManifest.php:132
/var/www/html/vendor/laravel/framework/src/Illuminate/Foundation/PackageManifest.php:108
/var/www/html/vendor/orchestra/testbench-core/src/Foundation/PackageManifest.php:102
/var/www/html/vendor/laravel/framework/src/Illuminate/Foundation/PackageManifest.php:91
/var/www/html/vendor/laravel/framework/src/Illuminate/Foundation/PackageManifest.php:80
/var/www/html/vendor/laravel/framework/src/Illuminate/Foundation/Bootstrap/RegisterFacades.php:26
/var/www/html/vendor/orchestra/testbench-core/src/Concerns/CreatesApplication.php:556
/var/www/html/vendor/orchestra/testbench-core/src/Concerns/CreatesApplication.php:311
/var/www/html/vendor/orchestra/testbench-core/src/TestCase.php:121
/var/www/html/vendor/orchestra/testbench-core/src/Concerns/ApplicationTestingHooks.php:74
/var/www/html/vendor/orchestra/testbench-core/src/Concerns/Testing.php:43
/var/www/html/vendor/laravel/framework/src/Illuminate/Collections/helpers.php:236
/var/www/html/vendor/orchestra/sidekick/src/functions.php:87
/var/www/html/vendor/laravel/framework/src/Illuminate/Collections/helpers.php:236
/var/www/html/vendor/orchestra/testbench-core/src/Concerns/Testing.php:57
/var/www/html/vendor/orchestra/testbench-core/src/TestCase.php:50
/var/www/html/tests/TestCase.php:61
/var/www/html/tests/Feature/MiddlewareIntegrationTest.php:34</error>
        </testcase>
        <testcase name="it_allows_requests_when_auth_disabled" file="/var/www/html/tests/Feature/MiddlewareIntegrationTest.php" line="186" class="JTD\LaravelMCP\Tests\Feature\MiddlewareIntegrationTest" classname="JTD.LaravelMCP.Tests.Feature.MiddlewareIntegrationTest" assertions="0" time="0.000000">
          <error type="Exception">JTD\LaravelMCP\Tests\Feature\MiddlewareIntegrationTest::it_allows_requests_when_auth_disabled
Exception: The /var/www/html/vendor/orchestra/testbench-core/laravel/bootstrap/cache directory must be present and writable.

/var/www/html/vendor/laravel/framework/src/Illuminate/Foundation/PackageManifest.php:179
/var/www/html/vendor/orchestra/testbench-core/src/Foundation/PackageManifest.php:157
/var/www/html/vendor/laravel/framework/src/Illuminate/Foundation/PackageManifest.php:132
/var/www/html/vendor/laravel/framework/src/Illuminate/Foundation/PackageManifest.php:108
/var/www/html/vendor/orchestra/testbench-core/src/Foundation/PackageManifest.php:102
/var/www/html/vendor/laravel/framework/src/Illuminate/Foundation/PackageManifest.php:91
/var/www/html/vendor/laravel/framework/src/Illuminate/Foundation/PackageManifest.php:80
/var/www/html/vendor/laravel/framework/src/Illuminate/Foundation/Bootstrap/RegisterFacades.php:26
/var/www/html/vendor/orchestra/testbench-core/src/Concerns/CreatesApplication.php:556
/var/www/html/vendor/orchestra/testbench-core/src/Concerns/CreatesApplication.php:311
/var/www/html/vendor/orchestra/testbench-core/src/TestCase.php:121
/var/www/html/vendor/orchestra/testbench-core/src/Concerns/ApplicationTestingHooks.php:74
/var/www/html/vendor/orchestra/testbench-core/src/Concerns/Testing.php:43
/var/www/html/vendor/laravel/framework/src/Illuminate/Collections/helpers.php:236
/var/www/html/vendor/orchestra/sidekick/src/functions.php:87
/var/www/html/vendor/laravel/framework/src/Illuminate/Collections/helpers.php:236
/var/www/html/vendor/orchestra/testbench-core/src/Concerns/Testing.php:57
/var/www/html/vendor/orchestra/testbench-core/src/TestCase.php:50
/var/www/html/tests/TestCase.php:61
/var/www/html/tests/Feature/MiddlewareIntegrationTest.php:34</error>
        </testcase>
        <testcase name="it_processes_middleware_stack_correctly" file="/var/www/html/tests/Feature/MiddlewareIntegrationTest.php" line="204" class="JTD\LaravelMCP\Tests\Feature\MiddlewareIntegrationTest" classname="JTD.LaravelMCP.Tests.Feature.MiddlewareIntegrationTest" assertions="0" time="0.000000">
          <error type="Exception">JTD\LaravelMCP\Tests\Feature\MiddlewareIntegrationTest::it_processes_middleware_stack_correctly
Exception: The /var/www/html/vendor/orchestra/testbench-core/laravel/bootstrap/cache directory must be present and writable.

/var/www/html/vendor/laravel/framework/src/Illuminate/Foundation/PackageManifest.php:179
/var/www/html/vendor/orchestra/testbench-core/src/Foundation/PackageManifest.php:157
/var/www/html/vendor/laravel/framework/src/Illuminate/Foundation/PackageManifest.php:132
/var/www/html/vendor/laravel/framework/src/Illuminate/Foundation/PackageManifest.php:108
/var/www/html/vendor/orchestra/testbench-core/src/Foundation/PackageManifest.php:102
/var/www/html/vendor/laravel/framework/src/Illuminate/Foundation/PackageManifest.php:91
/var/www/html/vendor/laravel/framework/src/Illuminate/Foundation/PackageManifest.php:80
/var/www/html/vendor/laravel/framework/src/Illuminate/Foundation/Bootstrap/RegisterFacades.php:26
/var/www/html/vendor/orchestra/testbench-core/src/Concerns/CreatesApplication.php:556
/var/www/html/vendor/orchestra/testbench-core/src/Concerns/CreatesApplication.php:311
/var/www/html/vendor/orchestra/testbench-core/src/TestCase.php:121
/var/www/html/vendor/orchestra/testbench-core/src/Concerns/ApplicationTestingHooks.php:74
/var/www/html/vendor/orchestra/testbench-core/src/Concerns/Testing.php:43
/var/www/html/vendor/laravel/framework/src/Illuminate/Collections/helpers.php:236
/var/www/html/vendor/orchestra/sidekick/src/functions.php:87
/var/www/html/vendor/laravel/framework/src/Illuminate/Collections/helpers.php:236
/var/www/html/vendor/orchestra/testbench-core/src/Concerns/Testing.php:57
/var/www/html/vendor/orchestra/testbench-core/src/TestCase.php:50
/var/www/html/tests/TestCase.php:61
/var/www/html/tests/Feature/MiddlewareIntegrationTest.php:34</error>
        </testcase>
        <testcase name="it_accepts_api_key_in_query_parameter" file="/var/www/html/tests/Feature/MiddlewareIntegrationTest.php" line="228" class="JTD\LaravelMCP\Tests\Feature\MiddlewareIntegrationTest" classname="JTD.LaravelMCP.Tests.Feature.MiddlewareIntegrationTest" assertions="0" time="0.000000">
          <error type="Exception">JTD\LaravelMCP\Tests\Feature\MiddlewareIntegrationTest::it_accepts_api_key_in_query_parameter
Exception: The /var/www/html/vendor/orchestra/testbench-core/laravel/bootstrap/cache directory must be present and writable.

/var/www/html/vendor/laravel/framework/src/Illuminate/Foundation/PackageManifest.php:179
/var/www/html/vendor/orchestra/testbench-core/src/Foundation/PackageManifest.php:157
/var/www/html/vendor/laravel/framework/src/Illuminate/Foundation/PackageManifest.php:132
/var/www/html/vendor/laravel/framework/src/Illuminate/Foundation/PackageManifest.php:108
/var/www/html/vendor/orchestra/testbench-core/src/Foundation/PackageManifest.php:102
/var/www/html/vendor/laravel/framework/src/Illuminate/Foundation/PackageManifest.php:91
/var/www/html/vendor/laravel/framework/src/Illuminate/Foundation/PackageManifest.php:80
/var/www/html/vendor/laravel/framework/src/Illuminate/Foundation/Bootstrap/RegisterFacades.php:26
/var/www/html/vendor/orchestra/testbench-core/src/Concerns/CreatesApplication.php:556
/var/www/html/vendor/orchestra/testbench-core/src/Concerns/CreatesApplication.php:311
/var/www/html/vendor/orchestra/testbench-core/src/TestCase.php:121
/var/www/html/vendor/orchestra/testbench-core/src/Concerns/ApplicationTestingHooks.php:74
/var/www/html/vendor/orchestra/testbench-core/src/Concerns/Testing.php:43
/var/www/html/vendor/laravel/framework/src/Illuminate/Collections/helpers.php:236
/var/www/html/vendor/orchestra/sidekick/src/functions.php:87
/var/www/html/vendor/laravel/framework/src/Illuminate/Collections/helpers.php:236
/var/www/html/vendor/orchestra/testbench-core/src/Concerns/Testing.php:57
/var/www/html/vendor/orchestra/testbench-core/src/TestCase.php:50
/var/www/html/tests/TestCase.php:61
/var/www/html/tests/Feature/MiddlewareIntegrationTest.php:34</error>
        </testcase>
        <testcase name="it_respects_cors_origin_restrictions" file="/var/www/html/tests/Feature/MiddlewareIntegrationTest.php" line="250" class="JTD\LaravelMCP\Tests\Feature\MiddlewareIntegrationTest" classname="JTD.LaravelMCP.Tests.Feature.MiddlewareIntegrationTest" assertions="0" time="0.000000">
          <error type="Exception">JTD\LaravelMCP\Tests\Feature\MiddlewareIntegrationTest::it_respects_cors_origin_restrictions
Exception: The /var/www/html/vendor/orchestra/testbench-core/laravel/bootstrap/cache directory must be present and writable.

/var/www/html/vendor/laravel/framework/src/Illuminate/Foundation/PackageManifest.php:179
/var/www/html/vendor/orchestra/testbench-core/src/Foundation/PackageManifest.php:157
/var/www/html/vendor/laravel/framework/src/Illuminate/Foundation/PackageManifest.php:132
/var/www/html/vendor/laravel/framework/src/Illuminate/Foundation/PackageManifest.php:108
/var/www/html/vendor/orchestra/testbench-core/src/Foundation/PackageManifest.php:102
/var/www/html/vendor/laravel/framework/src/Illuminate/Foundation/PackageManifest.php:91
/var/www/html/vendor/laravel/framework/src/Illuminate/Foundation/PackageManifest.php:80
/var/www/html/vendor/laravel/framework/src/Illuminate/Foundation/Bootstrap/RegisterFacades.php:26
/var/www/html/vendor/orchestra/testbench-core/src/Concerns/CreatesApplication.php:556
/var/www/html/vendor/orchestra/testbench-core/src/Concerns/CreatesApplication.php:311
/var/www/html/vendor/orchestra/testbench-core/src/TestCase.php:121
/var/www/html/vendor/orchestra/testbench-core/src/Concerns/ApplicationTestingHooks.php:74
/var/www/html/vendor/orchestra/testbench-core/src/Concerns/Testing.php:43
/var/www/html/vendor/laravel/framework/src/Illuminate/Collections/helpers.php:236
/var/www/html/vendor/orchestra/sidekick/src/functions.php:87
/var/www/html/vendor/laravel/framework/src/Illuminate/Collections/helpers.php:236
/var/www/html/vendor/orchestra/testbench-core/src/Concerns/Testing.php:57
/var/www/html/vendor/orchestra/testbench-core/src/TestCase.php:50
/var/www/html/tests/TestCase.php:61
/var/www/html/tests/Feature/MiddlewareIntegrationTest.php:34</error>
        </testcase>
        <testcase name="it_allows_wildcard_origins" file="/var/www/html/tests/Feature/MiddlewareIntegrationTest.php" line="270" class="JTD\LaravelMCP\Tests\Feature\MiddlewareIntegrationTest" classname="JTD.LaravelMCP.Tests.Feature.MiddlewareIntegrationTest" assertions="0" time="0.000000">
          <error type="Exception">JTD\LaravelMCP\Tests\Feature\MiddlewareIntegrationTest::it_allows_wildcard_origins
Exception: The /var/www/html/vendor/orchestra/testbench-core/laravel/bootstrap/cache directory must be present and writable.

/var/www/html/vendor/laravel/framework/src/Illuminate/Foundation/PackageManifest.php:179
/var/www/html/vendor/orchestra/testbench-core/src/Foundation/PackageManifest.php:157
/var/www/html/vendor/laravel/framework/src/Illuminate/Foundation/PackageManifest.php:132
/var/www/html/vendor/laravel/framework/src/Illuminate/Foundation/PackageManifest.php:108
/var/www/html/vendor/orchestra/testbench-core/src/Foundation/PackageManifest.php:102
/var/www/html/vendor/laravel/framework/src/Illuminate/Foundation/PackageManifest.php:91
/var/www/html/vendor/laravel/framework/src/Illuminate/Foundation/PackageManifest.php:80
/var/www/html/vendor/laravel/framework/src/Illuminate/Foundation/Bootstrap/RegisterFacades.php:26
/var/www/html/vendor/orchestra/testbench-core/src/Concerns/CreatesApplication.php:556
/var/www/html/vendor/orchestra/testbench-core/src/Concerns/CreatesApplication.php:311
/var/www/html/vendor/orchestra/testbench-core/src/TestCase.php:121
/var/www/html/vendor/orchestra/testbench-core/src/Concerns/ApplicationTestingHooks.php:74
/var/www/html/vendor/orchestra/testbench-core/src/Concerns/Testing.php:43
/var/www/html/vendor/laravel/framework/src/Illuminate/Collections/helpers.php:236
/var/www/html/vendor/orchestra/sidekick/src/functions.php:87
/var/www/html/vendor/laravel/framework/src/Illuminate/Collections/helpers.php:236
/var/www/html/vendor/orchestra/testbench-core/src/Concerns/Testing.php:57
/var/www/html/vendor/orchestra/testbench-core/src/TestCase.php:50
/var/www/html/tests/TestCase.php:61
/var/www/html/tests/Feature/MiddlewareIntegrationTest.php:34</error>
        </testcase>
        <testcase name="it_handles_complex_cors_scenarios" file="/var/www/html/tests/Feature/MiddlewareIntegrationTest.php" line="289" class="JTD\LaravelMCP\Tests\Feature\MiddlewareIntegrationTest" classname="JTD.LaravelMCP.Tests.Feature.MiddlewareIntegrationTest" assertions="0" time="0.000000">
          <error type="Exception">JTD\LaravelMCP\Tests\Feature\MiddlewareIntegrationTest::it_handles_complex_cors_scenarios
Exception: The /var/www/html/vendor/orchestra/testbench-core/laravel/bootstrap/cache directory must be present and writable.

/var/www/html/vendor/laravel/framework/src/Illuminate/Foundation/PackageManifest.php:179
/var/www/html/vendor/orchestra/testbench-core/src/Foundation/PackageManifest.php:157
/var/www/html/vendor/laravel/framework/src/Illuminate/Foundation/PackageManifest.php:132
/var/www/html/vendor/laravel/framework/src/Illuminate/Foundation/PackageManifest.php:108
/var/www/html/vendor/orchestra/testbench-core/src/Foundation/PackageManifest.php:102
/var/www/html/vendor/laravel/framework/src/Illuminate/Foundation/PackageManifest.php:91
/var/www/html/vendor/laravel/framework/src/Illuminate/Foundation/PackageManifest.php:80
/var/www/html/vendor/laravel/framework/src/Illuminate/Foundation/Bootstrap/RegisterFacades.php:26
/var/www/html/vendor/orchestra/testbench-core/src/Concerns/CreatesApplication.php:556
/var/www/html/vendor/orchestra/testbench-core/src/Concerns/CreatesApplication.php:311
/var/www/html/vendor/orchestra/testbench-core/src/TestCase.php:121
/var/www/html/vendor/orchestra/testbench-core/src/Concerns/ApplicationTestingHooks.php:74
/var/www/html/vendor/orchestra/testbench-core/src/Concerns/Testing.php:43
/var/www/html/vendor/laravel/framework/src/Illuminate/Collections/helpers.php:236
/var/www/html/vendor/orchestra/sidekick/src/functions.php:87
/var/www/html/vendor/laravel/framework/src/Illuminate/Collections/helpers.php:236
/var/www/html/vendor/orchestra/testbench-core/src/Concerns/Testing.php:57
/var/www/html/vendor/orchestra/testbench-core/src/TestCase.php:50
/var/www/html/tests/TestCase.php:61
/var/www/html/tests/Feature/MiddlewareIntegrationTest.php:34</error>
        </testcase>
        <testcase name="it_maintains_cors_headers_on_auth_errors" file="/var/www/html/tests/Feature/MiddlewareIntegrationTest.php" line="321" class="JTD\LaravelMCP\Tests\Feature\MiddlewareIntegrationTest" classname="JTD.LaravelMCP.Tests.Feature.MiddlewareIntegrationTest" assertions="0" time="0.000000">
          <error type="Exception">JTD\LaravelMCP\Tests\Feature\MiddlewareIntegrationTest::it_maintains_cors_headers_on_auth_errors
Exception: The /var/www/html/vendor/orchestra/testbench-core/laravel/bootstrap/cache directory must be present and writable.

/var/www/html/vendor/laravel/framework/src/Illuminate/Foundation/PackageManifest.php:179
/var/www/html/vendor/orchestra/testbench-core/src/Foundation/PackageManifest.php:157
/var/www/html/vendor/laravel/framework/src/Illuminate/Foundation/PackageManifest.php:132
/var/www/html/vendor/laravel/framework/src/Illuminate/Foundation/PackageManifest.php:108
/var/www/html/vendor/orchestra/testbench-core/src/Foundation/PackageManifest.php:102
/var/www/html/vendor/laravel/framework/src/Illuminate/Foundation/PackageManifest.php:91
/var/www/html/vendor/laravel/framework/src/Illuminate/Foundation/PackageManifest.php:80
/var/www/html/vendor/laravel/framework/src/Illuminate/Foundation/Bootstrap/RegisterFacades.php:26
/var/www/html/vendor/orchestra/testbench-core/src/Concerns/CreatesApplication.php:556
/var/www/html/vendor/orchestra/testbench-core/src/Concerns/CreatesApplication.php:311
/var/www/html/vendor/orchestra/testbench-core/src/TestCase.php:121
/var/www/html/vendor/orchestra/testbench-core/src/Concerns/ApplicationTestingHooks.php:74
/var/www/html/vendor/orchestra/testbench-core/src/Concerns/Testing.php:43
/var/www/html/vendor/laravel/framework/src/Illuminate/Collections/helpers.php:236
/var/www/html/vendor/orchestra/sidekick/src/functions.php:87
/var/www/html/vendor/laravel/framework/src/Illuminate/Collections/helpers.php:236
/var/www/html/vendor/orchestra/testbench-core/src/Concerns/Testing.php:57
/var/www/html/vendor/orchestra/testbench-core/src/TestCase.php:50
/var/www/html/tests/TestCase.php:61
/var/www/html/tests/Feature/MiddlewareIntegrationTest.php:34</error>
        </testcase>
      </testsuite>
      <testsuite name="JTD\LaravelMCP\Tests\Feature\MiddlewareStackIntegrationTest" file="/var/www/html/tests/Feature/MiddlewareStackIntegrationTest.php" tests="14" assertions="0" errors="14" failures="0" skipped="0" time="0.000000">
        <testcase name="it_processes_valid_mcp_request_through_full_stack" file="/var/www/html/tests/Feature/MiddlewareStackIntegrationTest.php" line="137" class="JTD\LaravelMCP\Tests\Feature\MiddlewareStackIntegrationTest" classname="JTD.LaravelMCP.Tests.Feature.MiddlewareStackIntegrationTest" assertions="0" time="0.000000">
          <error type="Exception">JTD\LaravelMCP\Tests\Feature\MiddlewareStackIntegrationTest::it_processes_valid_mcp_request_through_full_stack
Exception: The /var/www/html/vendor/orchestra/testbench-core/laravel/bootstrap/cache directory must be present and writable.

/var/www/html/vendor/laravel/framework/src/Illuminate/Foundation/PackageManifest.php:179
/var/www/html/vendor/orchestra/testbench-core/src/Foundation/PackageManifest.php:157
/var/www/html/vendor/laravel/framework/src/Illuminate/Foundation/PackageManifest.php:132
/var/www/html/vendor/laravel/framework/src/Illuminate/Foundation/PackageManifest.php:108
/var/www/html/vendor/orchestra/testbench-core/src/Foundation/PackageManifest.php:102
/var/www/html/vendor/laravel/framework/src/Illuminate/Foundation/PackageManifest.php:91
/var/www/html/vendor/laravel/framework/src/Illuminate/Foundation/PackageManifest.php:80
/var/www/html/vendor/laravel/framework/src/Illuminate/Foundation/Bootstrap/RegisterFacades.php:26
/var/www/html/vendor/orchestra/testbench-core/src/Concerns/CreatesApplication.php:556
/var/www/html/vendor/orchestra/testbench-core/src/Concerns/CreatesApplication.php:311
/var/www/html/vendor/orchestra/testbench-core/src/TestCase.php:121
/var/www/html/vendor/orchestra/testbench-core/src/Concerns/ApplicationTestingHooks.php:74
/var/www/html/vendor/orchestra/testbench-core/src/Concerns/Testing.php:43
/var/www/html/vendor/laravel/framework/src/Illuminate/Collections/helpers.php:236
/var/www/html/vendor/orchestra/sidekick/src/functions.php:87
/var/www/html/vendor/laravel/framework/src/Illuminate/Collections/helpers.php:236
/var/www/html/vendor/orchestra/testbench-core/src/Concerns/Testing.php:57
/var/www/html/vendor/orchestra/testbench-core/src/TestCase.php:50
/var/www/html/tests/TestCase.php:61
/var/www/html/tests/Feature/MiddlewareStackIntegrationTest.php:48</error>
        </testcase>
        <testcase name="it_handles_authentication_failure_gracefully" file="/var/www/html/tests/Feature/MiddlewareStackIntegrationTest.php" line="190" class="JTD\LaravelMCP\Tests\Feature\MiddlewareStackIntegrationTest" classname="JTD.LaravelMCP.Tests.Feature.MiddlewareStackIntegrationTest" assertions="0" time="0.000000">
          <error type="Exception">JTD\LaravelMCP\Tests\Feature\MiddlewareStackIntegrationTest::it_handles_authentication_failure_gracefully
Exception: The /var/www/html/vendor/orchestra/testbench-core/laravel/bootstrap/cache directory must be present and writable.

/var/www/html/vendor/laravel/framework/src/Illuminate/Foundation/PackageManifest.php:179
/var/www/html/vendor/orchestra/testbench-core/src/Foundation/PackageManifest.php:157
/var/www/html/vendor/laravel/framework/src/Illuminate/Foundation/PackageManifest.php:132
/var/www/html/vendor/laravel/framework/src/Illuminate/Foundation/PackageManifest.php:108
/var/www/html/vendor/orchestra/testbench-core/src/Foundation/PackageManifest.php:102
/var/www/html/vendor/laravel/framework/src/Illuminate/Foundation/PackageManifest.php:91
/var/www/html/vendor/laravel/framework/src/Illuminate/Foundation/PackageManifest.php:80
/var/www/html/vendor/laravel/framework/src/Illuminate/Foundation/Bootstrap/RegisterFacades.php:26
/var/www/html/vendor/orchestra/testbench-core/src/Concerns/CreatesApplication.php:556
/var/www/html/vendor/orchestra/testbench-core/src/Concerns/CreatesApplication.php:311
/var/www/html/vendor/orchestra/testbench-core/src/TestCase.php:121
/var/www/html/vendor/orchestra/testbench-core/src/Concerns/ApplicationTestingHooks.php:74
/var/www/html/vendor/orchestra/testbench-core/src/Concerns/Testing.php:43
/var/www/html/vendor/laravel/framework/src/Illuminate/Collections/helpers.php:236
/var/www/html/vendor/orchestra/sidekick/src/functions.php:87
/var/www/html/vendor/laravel/framework/src/Illuminate/Collections/helpers.php:236
/var/www/html/vendor/orchestra/testbench-core/src/Concerns/Testing.php:57
/var/www/html/vendor/orchestra/testbench-core/src/TestCase.php:50
/var/www/html/tests/TestCase.php:61
/var/www/html/tests/Feature/MiddlewareStackIntegrationTest.php:48</error>
        </testcase>
        <testcase name="it_handles_validation_errors_with_proper_error_format" file="/var/www/html/tests/Feature/MiddlewareStackIntegrationTest.php" line="221" class="JTD\LaravelMCP\Tests\Feature\MiddlewareStackIntegrationTest" classname="JTD.LaravelMCP.Tests.Feature.MiddlewareStackIntegrationTest" assertions="0" time="0.000000">
          <error type="Exception">JTD\LaravelMCP\Tests\Feature\MiddlewareStackIntegrationTest::it_handles_validation_errors_with_proper_error_format
Exception: The /var/www/html/vendor/orchestra/testbench-core/laravel/bootstrap/cache directory must be present and writable.

/var/www/html/vendor/laravel/framework/src/Illuminate/Foundation/PackageManifest.php:179
/var/www/html/vendor/orchestra/testbench-core/src/Foundation/PackageManifest.php:157
/var/www/html/vendor/laravel/framework/src/Illuminate/Foundation/PackageManifest.php:132
/var/www/html/vendor/laravel/framework/src/Illuminate/Foundation/PackageManifest.php:108
/var/www/html/vendor/orchestra/testbench-core/src/Foundation/PackageManifest.php:102
/var/www/html/vendor/laravel/framework/src/Illuminate/Foundation/PackageManifest.php:91
/var/www/html/vendor/laravel/framework/src/Illuminate/Foundation/PackageManifest.php:80
/var/www/html/vendor/laravel/framework/src/Illuminate/Foundation/Bootstrap/RegisterFacades.php:26
/var/www/html/vendor/orchestra/testbench-core/src/Concerns/CreatesApplication.php:556
/var/www/html/vendor/orchestra/testbench-core/src/Concerns/CreatesApplication.php:311
/var/www/html/vendor/orchestra/testbench-core/src/TestCase.php:121
/var/www/html/vendor/orchestra/testbench-core/src/Concerns/ApplicationTestingHooks.php:74
/var/www/html/vendor/orchestra/testbench-core/src/Concerns/Testing.php:43
/var/www/html/vendor/laravel/framework/src/Illuminate/Collections/helpers.php:236
/var/www/html/vendor/orchestra/sidekick/src/functions.php:87
/var/www/html/vendor/laravel/framework/src/Illuminate/Collections/helpers.php:236
/var/www/html/vendor/orchestra/testbench-core/src/Concerns/Testing.php:57
/var/www/html/vendor/orchestra/testbench-core/src/TestCase.php:50
/var/www/html/tests/TestCase.php:61
/var/www/html/tests/Feature/MiddlewareStackIntegrationTest.php:48</error>
        </testcase>
        <testcase name="it_enforces_rate_limits_across_requests" file="/var/www/html/tests/Feature/MiddlewareStackIntegrationTest.php" line="254" class="JTD\LaravelMCP\Tests\Feature\MiddlewareStackIntegrationTest" classname="JTD.LaravelMCP.Tests.Feature.MiddlewareStackIntegrationTest" assertions="0" time="0.000000">
          <error type="Exception">JTD\LaravelMCP\Tests\Feature\MiddlewareStackIntegrationTest::it_enforces_rate_limits_across_requests
Exception: The /var/www/html/vendor/orchestra/testbench-core/laravel/bootstrap/cache directory must be present and writable.

/var/www/html/vendor/laravel/framework/src/Illuminate/Foundation/PackageManifest.php:179
/var/www/html/vendor/orchestra/testbench-core/src/Foundation/PackageManifest.php:157
/var/www/html/vendor/laravel/framework/src/Illuminate/Foundation/PackageManifest.php:132
/var/www/html/vendor/laravel/framework/src/Illuminate/Foundation/PackageManifest.php:108
/var/www/html/vendor/orchestra/testbench-core/src/Foundation/PackageManifest.php:102
/var/www/html/vendor/laravel/framework/src/Illuminate/Foundation/PackageManifest.php:91
/var/www/html/vendor/laravel/framework/src/Illuminate/Foundation/PackageManifest.php:80
/var/www/html/vendor/laravel/framework/src/Illuminate/Foundation/Bootstrap/RegisterFacades.php:26
/var/www/html/vendor/orchestra/testbench-core/src/Concerns/CreatesApplication.php:556
/var/www/html/vendor/orchestra/testbench-core/src/Concerns/CreatesApplication.php:311
/var/www/html/vendor/orchestra/testbench-core/src/TestCase.php:121
/var/www/html/vendor/orchestra/testbench-core/src/Concerns/ApplicationTestingHooks.php:74
/var/www/html/vendor/orchestra/testbench-core/src/Concerns/Testing.php:43
/var/www/html/vendor/laravel/framework/src/Illuminate/Collections/helpers.php:236
/var/www/html/vendor/orchestra/sidekick/src/functions.php:87
/var/www/html/vendor/laravel/framework/src/Illuminate/Collections/helpers.php:236
/var/www/html/vendor/orchestra/testbench-core/src/Concerns/Testing.php:57
/var/www/html/vendor/orchestra/testbench-core/src/TestCase.php:50
/var/www/html/tests/TestCase.php:61
/var/www/html/tests/Feature/MiddlewareStackIntegrationTest.php:48</error>
        </testcase>
        <testcase name="it_handles_runtime_errors_with_error_middleware" file="/var/www/html/tests/Feature/MiddlewareStackIntegrationTest.php" line="299" class="JTD\LaravelMCP\Tests\Feature\MiddlewareStackIntegrationTest" classname="JTD.LaravelMCP.Tests.Feature.MiddlewareStackIntegrationTest" assertions="0" time="0.000000">
          <error type="Exception">JTD\LaravelMCP\Tests\Feature\MiddlewareStackIntegrationTest::it_handles_runtime_errors_with_error_middleware
Exception: The /var/www/html/vendor/orchestra/testbench-core/laravel/bootstrap/cache directory must be present and writable.

/var/www/html/vendor/laravel/framework/src/Illuminate/Foundation/PackageManifest.php:179
/var/www/html/vendor/orchestra/testbench-core/src/Foundation/PackageManifest.php:157
/var/www/html/vendor/laravel/framework/src/Illuminate/Foundation/PackageManifest.php:132
/var/www/html/vendor/laravel/framework/src/Illuminate/Foundation/PackageManifest.php:108
/var/www/html/vendor/orchestra/testbench-core/src/Foundation/PackageManifest.php:102
/var/www/html/vendor/laravel/framework/src/Illuminate/Foundation/PackageManifest.php:91
/var/www/html/vendor/laravel/framework/src/Illuminate/Foundation/PackageManifest.php:80
/var/www/html/vendor/laravel/framework/src/Illuminate/Foundation/Bootstrap/RegisterFacades.php:26
/var/www/html/vendor/orchestra/testbench-core/src/Concerns/CreatesApplication.php:556
/var/www/html/vendor/orchestra/testbench-core/src/Concerns/CreatesApplication.php:311
/var/www/html/vendor/orchestra/testbench-core/src/TestCase.php:121
/var/www/html/vendor/orchestra/testbench-core/src/Concerns/ApplicationTestingHooks.php:74
/var/www/html/vendor/orchestra/testbench-core/src/Concerns/Testing.php:43
/var/www/html/vendor/laravel/framework/src/Illuminate/Collections/helpers.php:236
/var/www/html/vendor/orchestra/sidekick/src/functions.php:87
/var/www/html/vendor/laravel/framework/src/Illuminate/Collections/helpers.php:236
/var/www/html/vendor/orchestra/testbench-core/src/Concerns/Testing.php:57
/var/www/html/vendor/orchestra/testbench-core/src/TestCase.php:50
/var/www/html/tests/TestCase.php:61
/var/www/html/tests/Feature/MiddlewareStackIntegrationTest.php:48</error>
        </testcase>
        <testcase name="it_logs_slow_requests_with_performance_warning" file="/var/www/html/tests/Feature/MiddlewareStackIntegrationTest.php" line="329" class="JTD\LaravelMCP\Tests\Feature\MiddlewareStackIntegrationTest" classname="JTD.LaravelMCP.Tests.Feature.MiddlewareStackIntegrationTest" assertions="0" time="0.000000">
          <error type="Exception">JTD\LaravelMCP\Tests\Feature\MiddlewareStackIntegrationTest::it_logs_slow_requests_with_performance_warning
Exception: The /var/www/html/vendor/orchestra/testbench-core/laravel/bootstrap/cache directory must be present and writable.

/var/www/html/vendor/laravel/framework/src/Illuminate/Foundation/PackageManifest.php:179
/var/www/html/vendor/orchestra/testbench-core/src/Foundation/PackageManifest.php:157
/var/www/html/vendor/laravel/framework/src/Illuminate/Foundation/PackageManifest.php:132
/var/www/html/vendor/laravel/framework/src/Illuminate/Foundation/PackageManifest.php:108
/var/www/html/vendor/orchestra/testbench-core/src/Foundation/PackageManifest.php:102
/var/www/html/vendor/laravel/framework/src/Illuminate/Foundation/PackageManifest.php:91
/var/www/html/vendor/laravel/framework/src/Illuminate/Foundation/PackageManifest.php:80
/var/www/html/vendor/laravel/framework/src/Illuminate/Foundation/Bootstrap/RegisterFacades.php:26
/var/www/html/vendor/orchestra/testbench-core/src/Concerns/CreatesApplication.php:556
/var/www/html/vendor/orchestra/testbench-core/src/Concerns/CreatesApplication.php:311
/var/www/html/vendor/orchestra/testbench-core/src/TestCase.php:121
/var/www/html/vendor/orchestra/testbench-core/src/Concerns/ApplicationTestingHooks.php:74
/var/www/html/vendor/orchestra/testbench-core/src/Concerns/Testing.php:43
/var/www/html/vendor/laravel/framework/src/Illuminate/Collections/helpers.php:236
/var/www/html/vendor/orchestra/sidekick/src/functions.php:87
/var/www/html/vendor/laravel/framework/src/Illuminate/Collections/helpers.php:236
/var/www/html/vendor/orchestra/testbench-core/src/Concerns/Testing.php:57
/var/www/html/vendor/orchestra/testbench-core/src/TestCase.php:50
/var/www/html/tests/TestCase.php:61
/var/www/html/tests/Feature/MiddlewareStackIntegrationTest.php:48</error>
        </testcase>
        <testcase name="it_handles_preflight_cors_requests_with_full_stack" file="/var/www/html/tests/Feature/MiddlewareStackIntegrationTest.php" line="355" class="JTD\LaravelMCP\Tests\Feature\MiddlewareStackIntegrationTest" classname="JTD.LaravelMCP.Tests.Feature.MiddlewareStackIntegrationTest" assertions="0" time="0.000000">
          <error type="Exception">JTD\LaravelMCP\Tests\Feature\MiddlewareStackIntegrationTest::it_handles_preflight_cors_requests_with_full_stack
Exception: The /var/www/html/vendor/orchestra/testbench-core/laravel/bootstrap/cache directory must be present and writable.

/var/www/html/vendor/laravel/framework/src/Illuminate/Foundation/PackageManifest.php:179
/var/www/html/vendor/orchestra/testbench-core/src/Foundation/PackageManifest.php:157
/var/www/html/vendor/laravel/framework/src/Illuminate/Foundation/PackageManifest.php:132
/var/www/html/vendor/laravel/framework/src/Illuminate/Foundation/PackageManifest.php:108
/var/www/html/vendor/orchestra/testbench-core/src/Foundation/PackageManifest.php:102
/var/www/html/vendor/laravel/framework/src/Illuminate/Foundation/PackageManifest.php:91
/var/www/html/vendor/laravel/framework/src/Illuminate/Foundation/PackageManifest.php:80
/var/www/html/vendor/laravel/framework/src/Illuminate/Foundation/Bootstrap/RegisterFacades.php:26
/var/www/html/vendor/orchestra/testbench-core/src/Concerns/CreatesApplication.php:556
/var/www/html/vendor/orchestra/testbench-core/src/Concerns/CreatesApplication.php:311
/var/www/html/vendor/orchestra/testbench-core/src/TestCase.php:121
/var/www/html/vendor/orchestra/testbench-core/src/Concerns/ApplicationTestingHooks.php:74
/var/www/html/vendor/orchestra/testbench-core/src/Concerns/Testing.php:43
/var/www/html/vendor/laravel/framework/src/Illuminate/Collections/helpers.php:236
/var/www/html/vendor/orchestra/sidekick/src/functions.php:87
/var/www/html/vendor/laravel/framework/src/Illuminate/Collections/helpers.php:236
/var/www/html/vendor/orchestra/testbench-core/src/Concerns/Testing.php:57
/var/www/html/vendor/orchestra/testbench-core/src/TestCase.php:50
/var/www/html/tests/TestCase.php:61
/var/www/html/tests/Feature/MiddlewareStackIntegrationTest.php:48</error>
        </testcase>
        <testcase name="it_validates_json_rpc_structure_before_processing" file="/var/www/html/tests/Feature/MiddlewareStackIntegrationTest.php" line="376" class="JTD\LaravelMCP\Tests\Feature\MiddlewareStackIntegrationTest" classname="JTD.LaravelMCP.Tests.Feature.MiddlewareStackIntegrationTest" assertions="0" time="0.000000">
          <error type="Exception">JTD\LaravelMCP\Tests\Feature\MiddlewareStackIntegrationTest::it_validates_json_rpc_structure_before_processing
Exception: The /var/www/html/vendor/orchestra/testbench-core/laravel/bootstrap/cache directory must be present and writable.

/var/www/html/vendor/laravel/framework/src/Illuminate/Foundation/PackageManifest.php:179
/var/www/html/vendor/orchestra/testbench-core/src/Foundation/PackageManifest.php:157
/var/www/html/vendor/laravel/framework/src/Illuminate/Foundation/PackageManifest.php:132
/var/www/html/vendor/laravel/framework/src/Illuminate/Foundation/PackageManifest.php:108
/var/www/html/vendor/orchestra/testbench-core/src/Foundation/PackageManifest.php:102
/var/www/html/vendor/laravel/framework/src/Illuminate/Foundation/PackageManifest.php:91
/var/www/html/vendor/laravel/framework/src/Illuminate/Foundation/PackageManifest.php:80
/var/www/html/vendor/laravel/framework/src/Illuminate/Foundation/Bootstrap/RegisterFacades.php:26
/var/www/html/vendor/orchestra/testbench-core/src/Concerns/CreatesApplication.php:556
/var/www/html/vendor/orchestra/testbench-core/src/Concerns/CreatesApplication.php:311
/var/www/html/vendor/orchestra/testbench-core/src/TestCase.php:121
/var/www/html/vendor/orchestra/testbench-core/src/Concerns/ApplicationTestingHooks.php:74
/var/www/html/vendor/orchestra/testbench-core/src/Concerns/Testing.php:43
/var/www/html/vendor/laravel/framework/src/Illuminate/Collections/helpers.php:236
/var/www/html/vendor/orchestra/sidekick/src/functions.php:87
/var/www/html/vendor/laravel/framework/src/Illuminate/Collections/helpers.php:236
/var/www/html/vendor/orchestra/testbench-core/src/Concerns/Testing.php:57
/var/www/html/vendor/orchestra/testbench-core/src/TestCase.php:50
/var/www/html/tests/TestCase.php:61
/var/www/html/tests/Feature/MiddlewareStackIntegrationTest.php:48</error>
        </testcase>
        <testcase name="it_adds_user_context_when_authenticated" file="/var/www/html/tests/Feature/MiddlewareStackIntegrationTest.php" line="397" class="JTD\LaravelMCP\Tests\Feature\MiddlewareStackIntegrationTest" classname="JTD.LaravelMCP.Tests.Feature.MiddlewareStackIntegrationTest" assertions="0" time="0.000000">
          <error type="Exception">JTD\LaravelMCP\Tests\Feature\MiddlewareStackIntegrationTest::it_adds_user_context_when_authenticated
Exception: The /var/www/html/vendor/orchestra/testbench-core/laravel/bootstrap/cache directory must be present and writable.

/var/www/html/vendor/laravel/framework/src/Illuminate/Foundation/PackageManifest.php:179
/var/www/html/vendor/orchestra/testbench-core/src/Foundation/PackageManifest.php:157
/var/www/html/vendor/laravel/framework/src/Illuminate/Foundation/PackageManifest.php:132
/var/www/html/vendor/laravel/framework/src/Illuminate/Foundation/PackageManifest.php:108
/var/www/html/vendor/orchestra/testbench-core/src/Foundation/PackageManifest.php:102
/var/www/html/vendor/laravel/framework/src/Illuminate/Foundation/PackageManifest.php:91
/var/www/html/vendor/laravel/framework/src/Illuminate/Foundation/PackageManifest.php:80
/var/www/html/vendor/laravel/framework/src/Illuminate/Foundation/Bootstrap/RegisterFacades.php:26
/var/www/html/vendor/orchestra/testbench-core/src/Concerns/CreatesApplication.php:556
/var/www/html/vendor/orchestra/testbench-core/src/Concerns/CreatesApplication.php:311
/var/www/html/vendor/orchestra/testbench-core/src/TestCase.php:121
/var/www/html/vendor/orchestra/testbench-core/src/Concerns/ApplicationTestingHooks.php:74
/var/www/html/vendor/orchestra/testbench-core/src/Concerns/Testing.php:43
/var/www/html/vendor/laravel/framework/src/Illuminate/Collections/helpers.php:236
/var/www/html/vendor/orchestra/sidekick/src/functions.php:87
/var/www/html/vendor/laravel/framework/src/Illuminate/Collections/helpers.php:236
/var/www/html/vendor/orchestra/testbench-core/src/Concerns/Testing.php:57
/var/www/html/vendor/orchestra/testbench-core/src/TestCase.php:50
/var/www/html/tests/TestCase.php:61
/var/www/html/tests/Feature/MiddlewareStackIntegrationTest.php:48</error>
        </testcase>
        <testcase name="it_validates_mcp_protocol_compliance" file="/var/www/html/tests/Feature/MiddlewareStackIntegrationTest.php" line="422" class="JTD\LaravelMCP\Tests\Feature\MiddlewareStackIntegrationTest" classname="JTD.LaravelMCP.Tests.Feature.MiddlewareStackIntegrationTest" assertions="0" time="0.000000">
          <error type="Exception">JTD\LaravelMCP\Tests\Feature\MiddlewareStackIntegrationTest::it_validates_mcp_protocol_compliance
Exception: The /var/www/html/vendor/orchestra/testbench-core/laravel/bootstrap/cache directory must be present and writable.

/var/www/html/vendor/laravel/framework/src/Illuminate/Foundation/PackageManifest.php:179
/var/www/html/vendor/orchestra/testbench-core/src/Foundation/PackageManifest.php:157
/var/www/html/vendor/laravel/framework/src/Illuminate/Foundation/PackageManifest.php:132
/var/www/html/vendor/laravel/framework/src/Illuminate/Foundation/PackageManifest.php:108
/var/www/html/vendor/orchestra/testbench-core/src/Foundation/PackageManifest.php:102
/var/www/html/vendor/laravel/framework/src/Illuminate/Foundation/PackageManifest.php:91
/var/www/html/vendor/laravel/framework/src/Illuminate/Foundation/PackageManifest.php:80
/var/www/html/vendor/laravel/framework/src/Illuminate/Foundation/Bootstrap/RegisterFacades.php:26
/var/www/html/vendor/orchestra/testbench-core/src/Concerns/CreatesApplication.php:556
/var/www/html/vendor/orchestra/testbench-core/src/Concerns/CreatesApplication.php:311
/var/www/html/vendor/orchestra/testbench-core/src/TestCase.php:121
/var/www/html/vendor/orchestra/testbench-core/src/Concerns/ApplicationTestingHooks.php:74
/var/www/html/vendor/orchestra/testbench-core/src/Concerns/Testing.php:43
/var/www/html/vendor/laravel/framework/src/Illuminate/Collections/helpers.php:236
/var/www/html/vendor/orchestra/sidekick/src/functions.php:87
/var/www/html/vendor/laravel/framework/src/Illuminate/Collections/helpers.php:236
/var/www/html/vendor/orchestra/testbench-core/src/Concerns/Testing.php:57
/var/www/html/vendor/orchestra/testbench-core/src/TestCase.php:50
/var/www/html/tests/TestCase.php:61
/var/www/html/tests/Feature/MiddlewareStackIntegrationTest.php:48</error>
        </testcase>
        <testcase name="it_handles_multiple_middleware_failures_correctly" file="/var/www/html/tests/Feature/MiddlewareStackIntegrationTest.php" line="443" class="JTD\LaravelMCP\Tests\Feature\MiddlewareStackIntegrationTest" classname="JTD.LaravelMCP.Tests.Feature.MiddlewareStackIntegrationTest" assertions="0" time="0.000000">
          <error type="Exception">JTD\LaravelMCP\Tests\Feature\MiddlewareStackIntegrationTest::it_handles_multiple_middleware_failures_correctly
Exception: The /var/www/html/vendor/orchestra/testbench-core/laravel/bootstrap/cache directory must be present and writable.

/var/www/html/vendor/laravel/framework/src/Illuminate/Foundation/PackageManifest.php:179
/var/www/html/vendor/orchestra/testbench-core/src/Foundation/PackageManifest.php:157
/var/www/html/vendor/laravel/framework/src/Illuminate/Foundation/PackageManifest.php:132
/var/www/html/vendor/laravel/framework/src/Illuminate/Foundation/PackageManifest.php:108
/var/www/html/vendor/orchestra/testbench-core/src/Foundation/PackageManifest.php:102
/var/www/html/vendor/laravel/framework/src/Illuminate/Foundation/PackageManifest.php:91
/var/www/html/vendor/laravel/framework/src/Illuminate/Foundation/PackageManifest.php:80
/var/www/html/vendor/laravel/framework/src/Illuminate/Foundation/Bootstrap/RegisterFacades.php:26
/var/www/html/vendor/orchestra/testbench-core/src/Concerns/CreatesApplication.php:556
/var/www/html/vendor/orchestra/testbench-core/src/Concerns/CreatesApplication.php:311
/var/www/html/vendor/orchestra/testbench-core/src/TestCase.php:121
/var/www/html/vendor/orchestra/testbench-core/src/Concerns/ApplicationTestingHooks.php:74
/var/www/html/vendor/orchestra/testbench-core/src/Concerns/Testing.php:43
/var/www/html/vendor/laravel/framework/src/Illuminate/Collections/helpers.php:236
/var/www/html/vendor/orchestra/sidekick/src/functions.php:87
/var/www/html/vendor/laravel/framework/src/Illuminate/Collections/helpers.php:236
/var/www/html/vendor/orchestra/testbench-core/src/Concerns/Testing.php:57
/var/www/html/vendor/orchestra/testbench-core/src/TestCase.php:50
/var/www/html/tests/TestCase.php:61
/var/www/html/tests/Feature/MiddlewareStackIntegrationTest.php:48</error>
        </testcase>
        <testcase name="it_maintains_request_context_through_middleware_stack" file="/var/www/html/tests/Feature/MiddlewareStackIntegrationTest.php" line="471" class="JTD\LaravelMCP\Tests\Feature\MiddlewareStackIntegrationTest" classname="JTD.LaravelMCP.Tests.Feature.MiddlewareStackIntegrationTest" assertions="0" time="0.000000">
          <error type="Exception">JTD\LaravelMCP\Tests\Feature\MiddlewareStackIntegrationTest::it_maintains_request_context_through_middleware_stack
Exception: The /var/www/html/vendor/orchestra/testbench-core/laravel/bootstrap/cache directory must be present and writable.

/var/www/html/vendor/laravel/framework/src/Illuminate/Foundation/PackageManifest.php:179
/var/www/html/vendor/orchestra/testbench-core/src/Foundation/PackageManifest.php:157
/var/www/html/vendor/laravel/framework/src/Illuminate/Foundation/PackageManifest.php:132
/var/www/html/vendor/laravel/framework/src/Illuminate/Foundation/PackageManifest.php:108
/var/www/html/vendor/orchestra/testbench-core/src/Foundation/PackageManifest.php:102
/var/www/html/vendor/laravel/framework/src/Illuminate/Foundation/PackageManifest.php:91
/var/www/html/vendor/laravel/framework/src/Illuminate/Foundation/PackageManifest.php:80
/var/www/html/vendor/laravel/framework/src/Illuminate/Foundation/Bootstrap/RegisterFacades.php:26
/var/www/html/vendor/orchestra/testbench-core/src/Concerns/CreatesApplication.php:556
/var/www/html/vendor/orchestra/testbench-core/src/Concerns/CreatesApplication.php:311
/var/www/html/vendor/orchestra/testbench-core/src/TestCase.php:121
/var/www/html/vendor/orchestra/testbench-core/src/Concerns/ApplicationTestingHooks.php:74
/var/www/html/vendor/orchestra/testbench-core/src/Concerns/Testing.php:43
/var/www/html/vendor/laravel/framework/src/Illuminate/Collections/helpers.php:236
/var/www/html/vendor/orchestra/sidekick/src/functions.php:87
/var/www/html/vendor/laravel/framework/src/Illuminate/Collections/helpers.php:236
/var/www/html/vendor/orchestra/testbench-core/src/Concerns/Testing.php:57
/var/www/html/vendor/orchestra/testbench-core/src/TestCase.php:50
/var/www/html/tests/TestCase.php:61
/var/www/html/tests/Feature/MiddlewareStackIntegrationTest.php:48</error>
        </testcase>
        <testcase name="it_handles_different_authentication_methods" file="/var/www/html/tests/Feature/MiddlewareStackIntegrationTest.php" line="504" class="JTD\LaravelMCP\Tests\Feature\MiddlewareStackIntegrationTest" classname="JTD.LaravelMCP.Tests.Feature.MiddlewareStackIntegrationTest" assertions="0" time="0.000000">
          <error type="Exception">JTD\LaravelMCP\Tests\Feature\MiddlewareStackIntegrationTest::it_handles_different_authentication_methods
Exception: The /var/www/html/vendor/orchestra/testbench-core/laravel/bootstrap/cache directory must be present and writable.

/var/www/html/vendor/laravel/framework/src/Illuminate/Foundation/PackageManifest.php:179
/var/www/html/vendor/orchestra/testbench-core/src/Foundation/PackageManifest.php:157
/var/www/html/vendor/laravel/framework/src/Illuminate/Foundation/PackageManifest.php:132
/var/www/html/vendor/laravel/framework/src/Illuminate/Foundation/PackageManifest.php:108
/var/www/html/vendor/orchestra/testbench-core/src/Foundation/PackageManifest.php:102
/var/www/html/vendor/laravel/framework/src/Illuminate/Foundation/PackageManifest.php:91
/var/www/html/vendor/laravel/framework/src/Illuminate/Foundation/PackageManifest.php:80
/var/www/html/vendor/laravel/framework/src/Illuminate/Foundation/Bootstrap/RegisterFacades.php:26
/var/www/html/vendor/orchestra/testbench-core/src/Concerns/CreatesApplication.php:556
/var/www/html/vendor/orchestra/testbench-core/src/Concerns/CreatesApplication.php:311
/var/www/html/vendor/orchestra/testbench-core/src/TestCase.php:121
/var/www/html/vendor/orchestra/testbench-core/src/Concerns/ApplicationTestingHooks.php:74
/var/www/html/vendor/orchestra/testbench-core/src/Concerns/Testing.php:43
/var/www/html/vendor/laravel/framework/src/Illuminate/Collections/helpers.php:236
/var/www/html/vendor/orchestra/sidekick/src/functions.php:87
/var/www/html/vendor/laravel/framework/src/Illuminate/Collections/helpers.php:236
/var/www/html/vendor/orchestra/testbench-core/src/Concerns/Testing.php:57
/var/www/html/vendor/orchestra/testbench-core/src/TestCase.php:50
/var/www/html/tests/TestCase.php:61
/var/www/html/tests/Feature/MiddlewareStackIntegrationTest.php:48</error>
        </testcase>
        <testcase name="it_respects_capability_configuration" file="/var/www/html/tests/Feature/MiddlewareStackIntegrationTest.php" line="534" class="JTD\LaravelMCP\Tests\Feature\MiddlewareStackIntegrationTest" classname="JTD.LaravelMCP.Tests.Feature.MiddlewareStackIntegrationTest" assertions="0" time="0.000000">
          <error type="Exception">JTD\LaravelMCP\Tests\Feature\MiddlewareStackIntegrationTest::it_respects_capability_configuration
Exception: The /var/www/html/vendor/orchestra/testbench-core/laravel/bootstrap/cache directory must be present and writable.

/var/www/html/vendor/laravel/framework/src/Illuminate/Foundation/PackageManifest.php:179
/var/www/html/vendor/orchestra/testbench-core/src/Foundation/PackageManifest.php:157
/var/www/html/vendor/laravel/framework/src/Illuminate/Foundation/PackageManifest.php:132
/var/www/html/vendor/laravel/framework/src/Illuminate/Foundation/PackageManifest.php:108
/var/www/html/vendor/orchestra/testbench-core/src/Foundation/PackageManifest.php:102
/var/www/html/vendor/laravel/framework/src/Illuminate/Foundation/PackageManifest.php:91
/var/www/html/vendor/laravel/framework/src/Illuminate/Foundation/PackageManifest.php:80
/var/www/html/vendor/laravel/framework/src/Illuminate/Foundation/Bootstrap/RegisterFacades.php:26
/var/www/html/vendor/orchestra/testbench-core/src/Concerns/CreatesApplication.php:556
/var/www/html/vendor/orchestra/testbench-core/src/Concerns/CreatesApplication.php:311
/var/www/html/vendor/orchestra/testbench-core/src/TestCase.php:121
/var/www/html/vendor/orchestra/testbench-core/src/Concerns/ApplicationTestingHooks.php:74
/var/www/html/vendor/orchestra/testbench-core/src/Concerns/Testing.php:43
/var/www/html/vendor/laravel/framework/src/Illuminate/Collections/helpers.php:236
/var/www/html/vendor/orchestra/sidekick/src/functions.php:87
/var/www/html/vendor/laravel/framework/src/Illuminate/Collections/helpers.php:236
/var/www/html/vendor/orchestra/testbench-core/src/Concerns/Testing.php:57
/var/www/html/vendor/orchestra/testbench-core/src/TestCase.php:50
/var/www/html/tests/TestCase.php:61
/var/www/html/tests/Feature/MiddlewareStackIntegrationTest.php:48</error>
        </testcase>
      </testsuite>
      <testsuite name="JTD\LaravelMCP\Tests\Feature\Protocol\ProtocolIntegrationTest" file="/var/www/html/tests/Feature/Protocol/ProtocolIntegrationTest.php" tests="19" assertions="0" errors="19" failures="0" skipped="0" time="0.000000">
        <testcase name="it_handles_complete_server_initialization_sequence" file="/var/www/html/tests/Feature/Protocol/ProtocolIntegrationTest.php" line="129" class="JTD\LaravelMCP\Tests\Feature\Protocol\ProtocolIntegrationTest" classname="JTD.LaravelMCP.Tests.Feature.Protocol.ProtocolIntegrationTest" assertions="0" time="0.000000">
          <error type="Exception">JTD\LaravelMCP\Tests\Feature\Protocol\ProtocolIntegrationTest::it_handles_complete_server_initialization_sequence
Exception: The /var/www/html/vendor/orchestra/testbench-core/laravel/bootstrap/cache directory must be present and writable.

/var/www/html/vendor/laravel/framework/src/Illuminate/Foundation/PackageManifest.php:179
/var/www/html/vendor/orchestra/testbench-core/src/Foundation/PackageManifest.php:157
/var/www/html/vendor/laravel/framework/src/Illuminate/Foundation/PackageManifest.php:132
/var/www/html/vendor/laravel/framework/src/Illuminate/Foundation/PackageManifest.php:108
/var/www/html/vendor/orchestra/testbench-core/src/Foundation/PackageManifest.php:102
/var/www/html/vendor/laravel/framework/src/Illuminate/Foundation/PackageManifest.php:91
/var/www/html/vendor/laravel/framework/src/Illuminate/Foundation/PackageManifest.php:80
/var/www/html/vendor/laravel/framework/src/Illuminate/Foundation/Bootstrap/RegisterFacades.php:26
/var/www/html/vendor/orchestra/testbench-core/src/Concerns/CreatesApplication.php:556
/var/www/html/vendor/orchestra/testbench-core/src/Concerns/CreatesApplication.php:311
/var/www/html/vendor/orchestra/testbench-core/src/TestCase.php:121
/var/www/html/vendor/orchestra/testbench-core/src/Concerns/ApplicationTestingHooks.php:74
/var/www/html/vendor/orchestra/testbench-core/src/Concerns/Testing.php:43
/var/www/html/vendor/laravel/framework/src/Illuminate/Collections/helpers.php:236
/var/www/html/vendor/orchestra/sidekick/src/functions.php:87
/var/www/html/vendor/laravel/framework/src/Illuminate/Collections/helpers.php:236
/var/www/html/vendor/orchestra/testbench-core/src/Concerns/Testing.php:57
/var/www/html/vendor/orchestra/testbench-core/src/TestCase.php:50
/var/www/html/tests/TestCase.php:61
/var/www/html/tests/Feature/Protocol/ProtocolIntegrationTest.php:43</error>
        </testcase>
        <testcase name="it_negotiates_capabilities_based_on_client_support" file="/var/www/html/tests/Feature/Protocol/ProtocolIntegrationTest.php" line="195" class="JTD\LaravelMCP\Tests\Feature\Protocol\ProtocolIntegrationTest" classname="JTD.LaravelMCP.Tests.Feature.Protocol.ProtocolIntegrationTest" assertions="0" time="0.000000">
          <error type="Exception">JTD\LaravelMCP\Tests\Feature\Protocol\ProtocolIntegrationTest::it_negotiates_capabilities_based_on_client_support
Exception: The /var/www/html/vendor/orchestra/testbench-core/laravel/bootstrap/cache directory must be present and writable.

/var/www/html/vendor/laravel/framework/src/Illuminate/Foundation/PackageManifest.php:179
/var/www/html/vendor/orchestra/testbench-core/src/Foundation/PackageManifest.php:157
/var/www/html/vendor/laravel/framework/src/Illuminate/Foundation/PackageManifest.php:132
/var/www/html/vendor/laravel/framework/src/Illuminate/Foundation/PackageManifest.php:108
/var/www/html/vendor/orchestra/testbench-core/src/Foundation/PackageManifest.php:102
/var/www/html/vendor/laravel/framework/src/Illuminate/Foundation/PackageManifest.php:91
/var/www/html/vendor/laravel/framework/src/Illuminate/Foundation/PackageManifest.php:80
/var/www/html/vendor/laravel/framework/src/Illuminate/Foundation/Bootstrap/RegisterFacades.php:26
/var/www/html/vendor/orchestra/testbench-core/src/Concerns/CreatesApplication.php:556
/var/www/html/vendor/orchestra/testbench-core/src/Concerns/CreatesApplication.php:311
/var/www/html/vendor/orchestra/testbench-core/src/TestCase.php:121
/var/www/html/vendor/orchestra/testbench-core/src/Concerns/ApplicationTestingHooks.php:74
/var/www/html/vendor/orchestra/testbench-core/src/Concerns/Testing.php:43
/var/www/html/vendor/laravel/framework/src/Illuminate/Collections/helpers.php:236
/var/www/html/vendor/orchestra/sidekick/src/functions.php:87
/var/www/html/vendor/laravel/framework/src/Illuminate/Collections/helpers.php:236
/var/www/html/vendor/orchestra/testbench-core/src/Concerns/Testing.php:57
/var/www/html/vendor/orchestra/testbench-core/src/TestCase.php:50
/var/www/html/tests/TestCase.php:61
/var/www/html/tests/Feature/Protocol/ProtocolIntegrationTest.php:43</error>
        </testcase>
        <testcase name="it_handles_complete_tool_execution_flow" file="/var/www/html/tests/Feature/Protocol/ProtocolIntegrationTest.php" line="250" class="JTD\LaravelMCP\Tests\Feature\Protocol\ProtocolIntegrationTest" classname="JTD.LaravelMCP.Tests.Feature.Protocol.ProtocolIntegrationTest" assertions="0" time="0.000000">
          <error type="Exception">JTD\LaravelMCP\Tests\Feature\Protocol\ProtocolIntegrationTest::it_handles_complete_tool_execution_flow
Exception: The /var/www/html/vendor/orchestra/testbench-core/laravel/bootstrap/cache directory must be present and writable.

/var/www/html/vendor/laravel/framework/src/Illuminate/Foundation/PackageManifest.php:179
/var/www/html/vendor/orchestra/testbench-core/src/Foundation/PackageManifest.php:157
/var/www/html/vendor/laravel/framework/src/Illuminate/Foundation/PackageManifest.php:132
/var/www/html/vendor/laravel/framework/src/Illuminate/Foundation/PackageManifest.php:108
/var/www/html/vendor/orchestra/testbench-core/src/Foundation/PackageManifest.php:102
/var/www/html/vendor/laravel/framework/src/Illuminate/Foundation/PackageManifest.php:91
/var/www/html/vendor/laravel/framework/src/Illuminate/Foundation/PackageManifest.php:80
/var/www/html/vendor/laravel/framework/src/Illuminate/Foundation/Bootstrap/RegisterFacades.php:26
/var/www/html/vendor/orchestra/testbench-core/src/Concerns/CreatesApplication.php:556
/var/www/html/vendor/orchestra/testbench-core/src/Concerns/CreatesApplication.php:311
/var/www/html/vendor/orchestra/testbench-core/src/TestCase.php:121
/var/www/html/vendor/orchestra/testbench-core/src/Concerns/ApplicationTestingHooks.php:74
/var/www/html/vendor/orchestra/testbench-core/src/Concerns/Testing.php:43
/var/www/html/vendor/laravel/framework/src/Illuminate/Collections/helpers.php:236
/var/www/html/vendor/orchestra/sidekick/src/functions.php:87
/var/www/html/vendor/laravel/framework/src/Illuminate/Collections/helpers.php:236
/var/www/html/vendor/orchestra/testbench-core/src/Concerns/Testing.php:57
/var/www/html/vendor/orchestra/testbench-core/src/TestCase.php:50
/var/www/html/tests/TestCase.php:61
/var/www/html/tests/Feature/Protocol/ProtocolIntegrationTest.php:43</error>
        </testcase>
        <testcase name="it_handles_complete_resource_reading_flow" file="/var/www/html/tests/Feature/Protocol/ProtocolIntegrationTest.php" line="323" class="JTD\LaravelMCP\Tests\Feature\Protocol\ProtocolIntegrationTest" classname="JTD.LaravelMCP.Tests.Feature.Protocol.ProtocolIntegrationTest" assertions="0" time="0.000000">
          <error type="Exception">JTD\LaravelMCP\Tests\Feature\Protocol\ProtocolIntegrationTest::it_handles_complete_resource_reading_flow
Exception: The /var/www/html/vendor/orchestra/testbench-core/laravel/bootstrap/cache directory must be present and writable.

/var/www/html/vendor/laravel/framework/src/Illuminate/Foundation/PackageManifest.php:179
/var/www/html/vendor/orchestra/testbench-core/src/Foundation/PackageManifest.php:157
/var/www/html/vendor/laravel/framework/src/Illuminate/Foundation/PackageManifest.php:132
/var/www/html/vendor/laravel/framework/src/Illuminate/Foundation/PackageManifest.php:108
/var/www/html/vendor/orchestra/testbench-core/src/Foundation/PackageManifest.php:102
/var/www/html/vendor/laravel/framework/src/Illuminate/Foundation/PackageManifest.php:91
/var/www/html/vendor/laravel/framework/src/Illuminate/Foundation/PackageManifest.php:80
/var/www/html/vendor/laravel/framework/src/Illuminate/Foundation/Bootstrap/RegisterFacades.php:26
/var/www/html/vendor/orchestra/testbench-core/src/Concerns/CreatesApplication.php:556
/var/www/html/vendor/orchestra/testbench-core/src/Concerns/CreatesApplication.php:311
/var/www/html/vendor/orchestra/testbench-core/src/TestCase.php:121
/var/www/html/vendor/orchestra/testbench-core/src/Concerns/ApplicationTestingHooks.php:74
/var/www/html/vendor/orchestra/testbench-core/src/Concerns/Testing.php:43
/var/www/html/vendor/laravel/framework/src/Illuminate/Collections/helpers.php:236
/var/www/html/vendor/orchestra/sidekick/src/functions.php:87
/var/www/html/vendor/laravel/framework/src/Illuminate/Collections/helpers.php:236
/var/www/html/vendor/orchestra/testbench-core/src/Concerns/Testing.php:57
/var/www/html/vendor/orchestra/testbench-core/src/TestCase.php:50
/var/www/html/tests/TestCase.php:61
/var/www/html/tests/Feature/Protocol/ProtocolIntegrationTest.php:43</error>
        </testcase>
        <testcase name="it_handles_complete_prompt_retrieval_flow" file="/var/www/html/tests/Feature/Protocol/ProtocolIntegrationTest.php" line="369" class="JTD\LaravelMCP\Tests\Feature\Protocol\ProtocolIntegrationTest" classname="JTD.LaravelMCP.Tests.Feature.Protocol.ProtocolIntegrationTest" assertions="0" time="0.000000">
          <error type="Exception">JTD\LaravelMCP\Tests\Feature\Protocol\ProtocolIntegrationTest::it_handles_complete_prompt_retrieval_flow
Exception: The /var/www/html/vendor/orchestra/testbench-core/laravel/bootstrap/cache directory must be present and writable.

/var/www/html/vendor/laravel/framework/src/Illuminate/Foundation/PackageManifest.php:179
/var/www/html/vendor/orchestra/testbench-core/src/Foundation/PackageManifest.php:157
/var/www/html/vendor/laravel/framework/src/Illuminate/Foundation/PackageManifest.php:132
/var/www/html/vendor/laravel/framework/src/Illuminate/Foundation/PackageManifest.php:108
/var/www/html/vendor/orchestra/testbench-core/src/Foundation/PackageManifest.php:102
/var/www/html/vendor/laravel/framework/src/Illuminate/Foundation/PackageManifest.php:91
/var/www/html/vendor/laravel/framework/src/Illuminate/Foundation/PackageManifest.php:80
/var/www/html/vendor/laravel/framework/src/Illuminate/Foundation/Bootstrap/RegisterFacades.php:26
/var/www/html/vendor/orchestra/testbench-core/src/Concerns/CreatesApplication.php:556
/var/www/html/vendor/orchestra/testbench-core/src/Concerns/CreatesApplication.php:311
/var/www/html/vendor/orchestra/testbench-core/src/TestCase.php:121
/var/www/html/vendor/orchestra/testbench-core/src/Concerns/ApplicationTestingHooks.php:74
/var/www/html/vendor/orchestra/testbench-core/src/Concerns/Testing.php:43
/var/www/html/vendor/laravel/framework/src/Illuminate/Collections/helpers.php:236
/var/www/html/vendor/orchestra/sidekick/src/functions.php:87
/var/www/html/vendor/laravel/framework/src/Illuminate/Collections/helpers.php:236
/var/www/html/vendor/orchestra/testbench-core/src/Concerns/Testing.php:57
/var/www/html/vendor/orchestra/testbench-core/src/TestCase.php:50
/var/www/html/tests/TestCase.php:61
/var/www/html/tests/Feature/Protocol/ProtocolIntegrationTest.php:43</error>
        </testcase>
        <testcase name="it_handles_notification_delivery_flow" file="/var/www/html/tests/Feature/Protocol/ProtocolIntegrationTest.php" line="419" class="JTD\LaravelMCP\Tests\Feature\Protocol\ProtocolIntegrationTest" classname="JTD.LaravelMCP.Tests.Feature.Protocol.ProtocolIntegrationTest" assertions="0" time="0.000000">
          <error type="Exception">JTD\LaravelMCP\Tests\Feature\Protocol\ProtocolIntegrationTest::it_handles_notification_delivery_flow
Exception: The /var/www/html/vendor/orchestra/testbench-core/laravel/bootstrap/cache directory must be present and writable.

/var/www/html/vendor/laravel/framework/src/Illuminate/Foundation/PackageManifest.php:179
/var/www/html/vendor/orchestra/testbench-core/src/Foundation/PackageManifest.php:157
/var/www/html/vendor/laravel/framework/src/Illuminate/Foundation/PackageManifest.php:132
/var/www/html/vendor/laravel/framework/src/Illuminate/Foundation/PackageManifest.php:108
/var/www/html/vendor/orchestra/testbench-core/src/Foundation/PackageManifest.php:102
/var/www/html/vendor/laravel/framework/src/Illuminate/Foundation/PackageManifest.php:91
/var/www/html/vendor/laravel/framework/src/Illuminate/Foundation/PackageManifest.php:80
/var/www/html/vendor/laravel/framework/src/Illuminate/Foundation/Bootstrap/RegisterFacades.php:26
/var/www/html/vendor/orchestra/testbench-core/src/Concerns/CreatesApplication.php:556
/var/www/html/vendor/orchestra/testbench-core/src/Concerns/CreatesApplication.php:311
/var/www/html/vendor/orchestra/testbench-core/src/TestCase.php:121
/var/www/html/vendor/orchestra/testbench-core/src/Concerns/ApplicationTestingHooks.php:74
/var/www/html/vendor/orchestra/testbench-core/src/Concerns/Testing.php:43
/var/www/html/vendor/laravel/framework/src/Illuminate/Collections/helpers.php:236
/var/www/html/vendor/orchestra/sidekick/src/functions.php:87
/var/www/html/vendor/laravel/framework/src/Illuminate/Collections/helpers.php:236
/var/www/html/vendor/orchestra/testbench-core/src/Concerns/Testing.php:57
/var/www/html/vendor/orchestra/testbench-core/src/TestCase.php:50
/var/www/html/tests/TestCase.php:61
/var/www/html/tests/Feature/Protocol/ProtocolIntegrationTest.php:43</error>
        </testcase>
        <testcase name="it_integrates_with_http_transport_for_different_request_types" file="/var/www/html/tests/Feature/Protocol/ProtocolIntegrationTest.php" line="460" class="JTD\LaravelMCP\Tests\Feature\Protocol\ProtocolIntegrationTest" classname="JTD.LaravelMCP.Tests.Feature.Protocol.ProtocolIntegrationTest" assertions="0" time="0.000000">
          <error type="Exception">JTD\LaravelMCP\Tests\Feature\Protocol\ProtocolIntegrationTest::it_integrates_with_http_transport_for_different_request_types
Exception: The /var/www/html/vendor/orchestra/testbench-core/laravel/bootstrap/cache directory must be present and writable.

/var/www/html/vendor/laravel/framework/src/Illuminate/Foundation/PackageManifest.php:179
/var/www/html/vendor/orchestra/testbench-core/src/Foundation/PackageManifest.php:157
/var/www/html/vendor/laravel/framework/src/Illuminate/Foundation/PackageManifest.php:132
/var/www/html/vendor/laravel/framework/src/Illuminate/Foundation/PackageManifest.php:108
/var/www/html/vendor/orchestra/testbench-core/src/Foundation/PackageManifest.php:102
/var/www/html/vendor/laravel/framework/src/Illuminate/Foundation/PackageManifest.php:91
/var/www/html/vendor/laravel/framework/src/Illuminate/Foundation/PackageManifest.php:80
/var/www/html/vendor/laravel/framework/src/Illuminate/Foundation/Bootstrap/RegisterFacades.php:26
/var/www/html/vendor/orchestra/testbench-core/src/Concerns/CreatesApplication.php:556
/var/www/html/vendor/orchestra/testbench-core/src/Concerns/CreatesApplication.php:311
/var/www/html/vendor/orchestra/testbench-core/src/TestCase.php:121
/var/www/html/vendor/orchestra/testbench-core/src/Concerns/ApplicationTestingHooks.php:74
/var/www/html/vendor/orchestra/testbench-core/src/Concerns/Testing.php:43
/var/www/html/vendor/laravel/framework/src/Illuminate/Collections/helpers.php:236
/var/www/html/vendor/orchestra/sidekick/src/functions.php:87
/var/www/html/vendor/laravel/framework/src/Illuminate/Collections/helpers.php:236
/var/www/html/vendor/orchestra/testbench-core/src/Concerns/Testing.php:57
/var/www/html/vendor/orchestra/testbench-core/src/TestCase.php:50
/var/www/html/tests/TestCase.php:61
/var/www/html/tests/Feature/Protocol/ProtocolIntegrationTest.php:43</error>
        </testcase>
        <testcase name="it_simulates_stdio_transport_integration" file="/var/www/html/tests/Feature/Protocol/ProtocolIntegrationTest.php" line="501" class="JTD\LaravelMCP\Tests\Feature\Protocol\ProtocolIntegrationTest" classname="JTD.LaravelMCP.Tests.Feature.Protocol.ProtocolIntegrationTest" assertions="0" time="0.000000">
          <error type="Exception">JTD\LaravelMCP\Tests\Feature\Protocol\ProtocolIntegrationTest::it_simulates_stdio_transport_integration
Exception: The /var/www/html/vendor/orchestra/testbench-core/laravel/bootstrap/cache directory must be present and writable.

/var/www/html/vendor/laravel/framework/src/Illuminate/Foundation/PackageManifest.php:179
/var/www/html/vendor/orchestra/testbench-core/src/Foundation/PackageManifest.php:157
/var/www/html/vendor/laravel/framework/src/Illuminate/Foundation/PackageManifest.php:132
/var/www/html/vendor/laravel/framework/src/Illuminate/Foundation/PackageManifest.php:108
/var/www/html/vendor/orchestra/testbench-core/src/Foundation/PackageManifest.php:102
/var/www/html/vendor/laravel/framework/src/Illuminate/Foundation/PackageManifest.php:91
/var/www/html/vendor/laravel/framework/src/Illuminate/Foundation/PackageManifest.php:80
/var/www/html/vendor/laravel/framework/src/Illuminate/Foundation/Bootstrap/RegisterFacades.php:26
/var/www/html/vendor/orchestra/testbench-core/src/Concerns/CreatesApplication.php:556
/var/www/html/vendor/orchestra/testbench-core/src/Concerns/CreatesApplication.php:311
/var/www/html/vendor/orchestra/testbench-core/src/TestCase.php:121
/var/www/html/vendor/orchestra/testbench-core/src/Concerns/ApplicationTestingHooks.php:74
/var/www/html/vendor/orchestra/testbench-core/src/Concerns/Testing.php:43
/var/www/html/vendor/laravel/framework/src/Illuminate/Collections/helpers.php:236
/var/www/html/vendor/orchestra/sidekick/src/functions.php:87
/var/www/html/vendor/laravel/framework/src/Illuminate/Collections/helpers.php:236
/var/www/html/vendor/orchestra/testbench-core/src/Concerns/Testing.php:57
/var/www/html/vendor/orchestra/testbench-core/src/TestCase.php:50
/var/www/html/tests/TestCase.php:61
/var/www/html/tests/Feature/Protocol/ProtocolIntegrationTest.php:43</error>
        </testcase>
        <testcase name="it_routes_messages_through_different_transport_types" file="/var/www/html/tests/Feature/Protocol/ProtocolIntegrationTest.php" line="535" class="JTD\LaravelMCP\Tests\Feature\Protocol\ProtocolIntegrationTest" classname="JTD.LaravelMCP.Tests.Feature.Protocol.ProtocolIntegrationTest" assertions="0" time="0.000000">
          <error type="Exception">JTD\LaravelMCP\Tests\Feature\Protocol\ProtocolIntegrationTest::it_routes_messages_through_different_transport_types
Exception: The /var/www/html/vendor/orchestra/testbench-core/laravel/bootstrap/cache directory must be present and writable.

/var/www/html/vendor/laravel/framework/src/Illuminate/Foundation/PackageManifest.php:179
/var/www/html/vendor/orchestra/testbench-core/src/Foundation/PackageManifest.php:157
/var/www/html/vendor/laravel/framework/src/Illuminate/Foundation/PackageManifest.php:132
/var/www/html/vendor/laravel/framework/src/Illuminate/Foundation/PackageManifest.php:108
/var/www/html/vendor/orchestra/testbench-core/src/Foundation/PackageManifest.php:102
/var/www/html/vendor/laravel/framework/src/Illuminate/Foundation/PackageManifest.php:91
/var/www/html/vendor/laravel/framework/src/Illuminate/Foundation/PackageManifest.php:80
/var/www/html/vendor/laravel/framework/src/Illuminate/Foundation/Bootstrap/RegisterFacades.php:26
/var/www/html/vendor/orchestra/testbench-core/src/Concerns/CreatesApplication.php:556
/var/www/html/vendor/orchestra/testbench-core/src/Concerns/CreatesApplication.php:311
/var/www/html/vendor/orchestra/testbench-core/src/TestCase.php:121
/var/www/html/vendor/orchestra/testbench-core/src/Concerns/ApplicationTestingHooks.php:74
/var/www/html/vendor/orchestra/testbench-core/src/Concerns/Testing.php:43
/var/www/html/vendor/laravel/framework/src/Illuminate/Collections/helpers.php:236
/var/www/html/vendor/orchestra/sidekick/src/functions.php:87
/var/www/html/vendor/laravel/framework/src/Illuminate/Collections/helpers.php:236
/var/www/html/vendor/orchestra/testbench-core/src/Concerns/Testing.php:57
/var/www/html/vendor/orchestra/testbench-core/src/TestCase.php:50
/var/www/html/tests/TestCase.php:61
/var/www/html/tests/Feature/Protocol/ProtocolIntegrationTest.php:43</error>
        </testcase>
        <testcase name="it_handles_multiple_concurrent_requests" file="/var/www/html/tests/Feature/Protocol/ProtocolIntegrationTest.php" line="570" class="JTD\LaravelMCP\Tests\Feature\Protocol\ProtocolIntegrationTest" classname="JTD.LaravelMCP.Tests.Feature.Protocol.ProtocolIntegrationTest" assertions="0" time="0.000000">
          <error type="Exception">JTD\LaravelMCP\Tests\Feature\Protocol\ProtocolIntegrationTest::it_handles_multiple_concurrent_requests
Exception: The /var/www/html/vendor/orchestra/testbench-core/laravel/bootstrap/cache directory must be present and writable.

/var/www/html/vendor/laravel/framework/src/Illuminate/Foundation/PackageManifest.php:179
/var/www/html/vendor/orchestra/testbench-core/src/Foundation/PackageManifest.php:157
/var/www/html/vendor/laravel/framework/src/Illuminate/Foundation/PackageManifest.php:132
/var/www/html/vendor/laravel/framework/src/Illuminate/Foundation/PackageManifest.php:108
/var/www/html/vendor/orchestra/testbench-core/src/Foundation/PackageManifest.php:102
/var/www/html/vendor/laravel/framework/src/Illuminate/Foundation/PackageManifest.php:91
/var/www/html/vendor/laravel/framework/src/Illuminate/Foundation/PackageManifest.php:80
/var/www/html/vendor/laravel/framework/src/Illuminate/Foundation/Bootstrap/RegisterFacades.php:26
/var/www/html/vendor/orchestra/testbench-core/src/Concerns/CreatesApplication.php:556
/var/www/html/vendor/orchestra/testbench-core/src/Concerns/CreatesApplication.php:311
/var/www/html/vendor/orchestra/testbench-core/src/TestCase.php:121
/var/www/html/vendor/orchestra/testbench-core/src/Concerns/ApplicationTestingHooks.php:74
/var/www/html/vendor/orchestra/testbench-core/src/Concerns/Testing.php:43
/var/www/html/vendor/laravel/framework/src/Illuminate/Collections/helpers.php:236
/var/www/html/vendor/orchestra/sidekick/src/functions.php:87
/var/www/html/vendor/laravel/framework/src/Illuminate/Collections/helpers.php:236
/var/www/html/vendor/orchestra/testbench-core/src/Concerns/Testing.php:57
/var/www/html/vendor/orchestra/testbench-core/src/TestCase.php:50
/var/www/html/tests/TestCase.php:61
/var/www/html/tests/Feature/Protocol/ProtocolIntegrationTest.php:43</error>
        </testcase>
        <testcase name="it_handles_error_recovery_and_retry_scenarios" file="/var/www/html/tests/Feature/Protocol/ProtocolIntegrationTest.php" line="603" class="JTD\LaravelMCP\Tests\Feature\Protocol\ProtocolIntegrationTest" classname="JTD.LaravelMCP.Tests.Feature.Protocol.ProtocolIntegrationTest" assertions="0" time="0.000000">
          <error type="Exception">JTD\LaravelMCP\Tests\Feature\Protocol\ProtocolIntegrationTest::it_handles_error_recovery_and_retry_scenarios
Exception: The /var/www/html/vendor/orchestra/testbench-core/laravel/bootstrap/cache directory must be present and writable.

/var/www/html/vendor/laravel/framework/src/Illuminate/Foundation/PackageManifest.php:179
/var/www/html/vendor/orchestra/testbench-core/src/Foundation/PackageManifest.php:157
/var/www/html/vendor/laravel/framework/src/Illuminate/Foundation/PackageManifest.php:132
/var/www/html/vendor/laravel/framework/src/Illuminate/Foundation/PackageManifest.php:108
/var/www/html/vendor/orchestra/testbench-core/src/Foundation/PackageManifest.php:102
/var/www/html/vendor/laravel/framework/src/Illuminate/Foundation/PackageManifest.php:91
/var/www/html/vendor/laravel/framework/src/Illuminate/Foundation/PackageManifest.php:80
/var/www/html/vendor/laravel/framework/src/Illuminate/Foundation/Bootstrap/RegisterFacades.php:26
/var/www/html/vendor/orchestra/testbench-core/src/Concerns/CreatesApplication.php:556
/var/www/html/vendor/orchestra/testbench-core/src/Concerns/CreatesApplication.php:311
/var/www/html/vendor/orchestra/testbench-core/src/TestCase.php:121
/var/www/html/vendor/orchestra/testbench-core/src/Concerns/ApplicationTestingHooks.php:74
/var/www/html/vendor/orchestra/testbench-core/src/Concerns/Testing.php:43
/var/www/html/vendor/laravel/framework/src/Illuminate/Collections/helpers.php:236
/var/www/html/vendor/orchestra/sidekick/src/functions.php:87
/var/www/html/vendor/laravel/framework/src/Illuminate/Collections/helpers.php:236
/var/www/html/vendor/orchestra/testbench-core/src/Concerns/Testing.php:57
/var/www/html/vendor/orchestra/testbench-core/src/TestCase.php:50
/var/www/html/tests/TestCase.php:61
/var/www/html/tests/Feature/Protocol/ProtocolIntegrationTest.php:43</error>
        </testcase>
        <testcase name="it_manages_session_lifecycle_correctly" file="/var/www/html/tests/Feature/Protocol/ProtocolIntegrationTest.php" line="638" class="JTD\LaravelMCP\Tests\Feature\Protocol\ProtocolIntegrationTest" classname="JTD.LaravelMCP.Tests.Feature.Protocol.ProtocolIntegrationTest" assertions="0" time="0.000000">
          <error type="Exception">JTD\LaravelMCP\Tests\Feature\Protocol\ProtocolIntegrationTest::it_manages_session_lifecycle_correctly
Exception: The /var/www/html/vendor/orchestra/testbench-core/laravel/bootstrap/cache directory must be present and writable.

/var/www/html/vendor/laravel/framework/src/Illuminate/Foundation/PackageManifest.php:179
/var/www/html/vendor/orchestra/testbench-core/src/Foundation/PackageManifest.php:157
/var/www/html/vendor/laravel/framework/src/Illuminate/Foundation/PackageManifest.php:132
/var/www/html/vendor/laravel/framework/src/Illuminate/Foundation/PackageManifest.php:108
/var/www/html/vendor/orchestra/testbench-core/src/Foundation/PackageManifest.php:102
/var/www/html/vendor/laravel/framework/src/Illuminate/Foundation/PackageManifest.php:91
/var/www/html/vendor/laravel/framework/src/Illuminate/Foundation/PackageManifest.php:80
/var/www/html/vendor/laravel/framework/src/Illuminate/Foundation/Bootstrap/RegisterFacades.php:26
/var/www/html/vendor/orchestra/testbench-core/src/Concerns/CreatesApplication.php:556
/var/www/html/vendor/orchestra/testbench-core/src/Concerns/CreatesApplication.php:311
/var/www/html/vendor/orchestra/testbench-core/src/TestCase.php:121
/var/www/html/vendor/orchestra/testbench-core/src/Concerns/ApplicationTestingHooks.php:74
/var/www/html/vendor/orchestra/testbench-core/src/Concerns/Testing.php:43
/var/www/html/vendor/laravel/framework/src/Illuminate/Collections/helpers.php:236
/var/www/html/vendor/orchestra/sidekick/src/functions.php:87
/var/www/html/vendor/laravel/framework/src/Illuminate/Collections/helpers.php:236
/var/www/html/vendor/orchestra/testbench-core/src/Concerns/Testing.php:57
/var/www/html/vendor/orchestra/testbench-core/src/TestCase.php:50
/var/www/html/tests/TestCase.php:61
/var/www/html/tests/Feature/Protocol/ProtocolIntegrationTest.php:43</error>
        </testcase>
        <testcase name="it_handles_client_disconnection_scenarios" file="/var/www/html/tests/Feature/Protocol/ProtocolIntegrationTest.php" line="671" class="JTD\LaravelMCP\Tests\Feature\Protocol\ProtocolIntegrationTest" classname="JTD.LaravelMCP.Tests.Feature.Protocol.ProtocolIntegrationTest" assertions="0" time="0.000000">
          <error type="Exception">JTD\LaravelMCP\Tests\Feature\Protocol\ProtocolIntegrationTest::it_handles_client_disconnection_scenarios
Exception: The /var/www/html/vendor/orchestra/testbench-core/laravel/bootstrap/cache directory must be present and writable.

/var/www/html/vendor/laravel/framework/src/Illuminate/Foundation/PackageManifest.php:179
/var/www/html/vendor/orchestra/testbench-core/src/Foundation/PackageManifest.php:157
/var/www/html/vendor/laravel/framework/src/Illuminate/Foundation/PackageManifest.php:132
/var/www/html/vendor/laravel/framework/src/Illuminate/Foundation/PackageManifest.php:108
/var/www/html/vendor/orchestra/testbench-core/src/Foundation/PackageManifest.php:102
/var/www/html/vendor/laravel/framework/src/Illuminate/Foundation/PackageManifest.php:91
/var/www/html/vendor/laravel/framework/src/Illuminate/Foundation/PackageManifest.php:80
/var/www/html/vendor/laravel/framework/src/Illuminate/Foundation/Bootstrap/RegisterFacades.php:26
/var/www/html/vendor/orchestra/testbench-core/src/Concerns/CreatesApplication.php:556
/var/www/html/vendor/orchestra/testbench-core/src/Concerns/CreatesApplication.php:311
/var/www/html/vendor/orchestra/testbench-core/src/TestCase.php:121
/var/www/html/vendor/orchestra/testbench-core/src/Concerns/ApplicationTestingHooks.php:74
/var/www/html/vendor/orchestra/testbench-core/src/Concerns/Testing.php:43
/var/www/html/vendor/laravel/framework/src/Illuminate/Collections/helpers.php:236
/var/www/html/vendor/orchestra/sidekick/src/functions.php:87
/var/www/html/vendor/laravel/framework/src/Illuminate/Collections/helpers.php:236
/var/www/html/vendor/orchestra/testbench-core/src/Concerns/Testing.php:57
/var/www/html/vendor/orchestra/testbench-core/src/TestCase.php:50
/var/www/html/tests/TestCase.php:61
/var/www/html/tests/Feature/Protocol/ProtocolIntegrationTest.php:43</error>
        </testcase>
        <testcase name="it_maintains_jsonrpc_2_0_compliance_in_real_scenarios" file="/var/www/html/tests/Feature/Protocol/ProtocolIntegrationTest.php" line="710" class="JTD\LaravelMCP\Tests\Feature\Protocol\ProtocolIntegrationTest" classname="JTD.LaravelMCP.Tests.Feature.Protocol.ProtocolIntegrationTest" assertions="0" time="0.000000">
          <error type="Exception">JTD\LaravelMCP\Tests\Feature\Protocol\ProtocolIntegrationTest::it_maintains_jsonrpc_2_0_compliance_in_real_scenarios
Exception: The /var/www/html/vendor/orchestra/testbench-core/laravel/bootstrap/cache directory must be present and writable.

/var/www/html/vendor/laravel/framework/src/Illuminate/Foundation/PackageManifest.php:179
/var/www/html/vendor/orchestra/testbench-core/src/Foundation/PackageManifest.php:157
/var/www/html/vendor/laravel/framework/src/Illuminate/Foundation/PackageManifest.php:132
/var/www/html/vendor/laravel/framework/src/Illuminate/Foundation/PackageManifest.php:108
/var/www/html/vendor/orchestra/testbench-core/src/Foundation/PackageManifest.php:102
/var/www/html/vendor/laravel/framework/src/Illuminate/Foundation/PackageManifest.php:91
/var/www/html/vendor/laravel/framework/src/Illuminate/Foundation/PackageManifest.php:80
/var/www/html/vendor/laravel/framework/src/Illuminate/Foundation/Bootstrap/RegisterFacades.php:26
/var/www/html/vendor/orchestra/testbench-core/src/Concerns/CreatesApplication.php:556
/var/www/html/vendor/orchestra/testbench-core/src/Concerns/CreatesApplication.php:311
/var/www/html/vendor/orchestra/testbench-core/src/TestCase.php:121
/var/www/html/vendor/orchestra/testbench-core/src/Concerns/ApplicationTestingHooks.php:74
/var/www/html/vendor/orchestra/testbench-core/src/Concerns/Testing.php:43
/var/www/html/vendor/laravel/framework/src/Illuminate/Collections/helpers.php:236
/var/www/html/vendor/orchestra/sidekick/src/functions.php:87
/var/www/html/vendor/laravel/framework/src/Illuminate/Collections/helpers.php:236
/var/www/html/vendor/orchestra/testbench-core/src/Concerns/Testing.php:57
/var/www/html/vendor/orchestra/testbench-core/src/TestCase.php:50
/var/www/html/tests/TestCase.php:61
/var/www/html/tests/Feature/Protocol/ProtocolIntegrationTest.php:43</error>
        </testcase>
        <testcase name="it_adheres_to_mcp_1_0_protocol_specification" file="/var/www/html/tests/Feature/Protocol/ProtocolIntegrationTest.php" line="758" class="JTD\LaravelMCP\Tests\Feature\Protocol\ProtocolIntegrationTest" classname="JTD.LaravelMCP.Tests.Feature.Protocol.ProtocolIntegrationTest" assertions="0" time="0.000000">
          <error type="Exception">JTD\LaravelMCP\Tests\Feature\Protocol\ProtocolIntegrationTest::it_adheres_to_mcp_1_0_protocol_specification
Exception: The /var/www/html/vendor/orchestra/testbench-core/laravel/bootstrap/cache directory must be present and writable.

/var/www/html/vendor/laravel/framework/src/Illuminate/Foundation/PackageManifest.php:179
/var/www/html/vendor/orchestra/testbench-core/src/Foundation/PackageManifest.php:157
/var/www/html/vendor/laravel/framework/src/Illuminate/Foundation/PackageManifest.php:132
/var/www/html/vendor/laravel/framework/src/Illuminate/Foundation/PackageManifest.php:108
/var/www/html/vendor/orchestra/testbench-core/src/Foundation/PackageManifest.php:102
/var/www/html/vendor/laravel/framework/src/Illuminate/Foundation/PackageManifest.php:91
/var/www/html/vendor/laravel/framework/src/Illuminate/Foundation/PackageManifest.php:80
/var/www/html/vendor/laravel/framework/src/Illuminate/Foundation/Bootstrap/RegisterFacades.php:26
/var/www/html/vendor/orchestra/testbench-core/src/Concerns/CreatesApplication.php:556
/var/www/html/vendor/orchestra/testbench-core/src/Concerns/CreatesApplication.php:311
/var/www/html/vendor/orchestra/testbench-core/src/TestCase.php:121
/var/www/html/vendor/orchestra/testbench-core/src/Concerns/ApplicationTestingHooks.php:74
/var/www/html/vendor/orchestra/testbench-core/src/Concerns/Testing.php:43
/var/www/html/vendor/laravel/framework/src/Illuminate/Collections/helpers.php:236
/var/www/html/vendor/orchestra/sidekick/src/functions.php:87
/var/www/html/vendor/laravel/framework/src/Illuminate/Collections/helpers.php:236
/var/www/html/vendor/orchestra/testbench-core/src/Concerns/Testing.php:57
/var/www/html/vendor/orchestra/testbench-core/src/TestCase.php:50
/var/www/html/tests/TestCase.php:61
/var/www/html/tests/Feature/Protocol/ProtocolIntegrationTest.php:43</error>
        </testcase>
        <testcase name="it_handles_errors_with_correct_jsonrpc_codes" file="/var/www/html/tests/Feature/Protocol/ProtocolIntegrationTest.php" line="816" class="JTD\LaravelMCP\Tests\Feature\Protocol\ProtocolIntegrationTest" classname="JTD.LaravelMCP.Tests.Feature.Protocol.ProtocolIntegrationTest" assertions="0" time="0.000000">
          <error type="Exception">JTD\LaravelMCP\Tests\Feature\Protocol\ProtocolIntegrationTest::it_handles_errors_with_correct_jsonrpc_codes
Exception: The /var/www/html/vendor/orchestra/testbench-core/laravel/bootstrap/cache directory must be present and writable.

/var/www/html/vendor/laravel/framework/src/Illuminate/Foundation/PackageManifest.php:179
/var/www/html/vendor/orchestra/testbench-core/src/Foundation/PackageManifest.php:157
/var/www/html/vendor/laravel/framework/src/Illuminate/Foundation/PackageManifest.php:132
/var/www/html/vendor/laravel/framework/src/Illuminate/Foundation/PackageManifest.php:108
/var/www/html/vendor/orchestra/testbench-core/src/Foundation/PackageManifest.php:102
/var/www/html/vendor/laravel/framework/src/Illuminate/Foundation/PackageManifest.php:91
/var/www/html/vendor/laravel/framework/src/Illuminate/Foundation/PackageManifest.php:80
/var/www/html/vendor/laravel/framework/src/Illuminate/Foundation/Bootstrap/RegisterFacades.php:26
/var/www/html/vendor/orchestra/testbench-core/src/Concerns/CreatesApplication.php:556
/var/www/html/vendor/orchestra/testbench-core/src/Concerns/CreatesApplication.php:311
/var/www/html/vendor/orchestra/testbench-core/src/TestCase.php:121
/var/www/html/vendor/orchestra/testbench-core/src/Concerns/ApplicationTestingHooks.php:74
/var/www/html/vendor/orchestra/testbench-core/src/Concerns/Testing.php:43
/var/www/html/vendor/laravel/framework/src/Illuminate/Collections/helpers.php:236
/var/www/html/vendor/orchestra/sidekick/src/functions.php:87
/var/www/html/vendor/laravel/framework/src/Illuminate/Collections/helpers.php:236
/var/www/html/vendor/orchestra/testbench-core/src/Concerns/Testing.php:57
/var/www/html/vendor/orchestra/testbench-core/src/TestCase.php:50
/var/www/html/tests/TestCase.php:61
/var/www/html/tests/Feature/Protocol/ProtocolIntegrationTest.php:43</error>
        </testcase>
        <testcase name="it_handles_large_messages_correctly" file="/var/www/html/tests/Feature/Protocol/ProtocolIntegrationTest.php" line="863" class="JTD\LaravelMCP\Tests\Feature\Protocol\ProtocolIntegrationTest" classname="JTD.LaravelMCP.Tests.Feature.Protocol.ProtocolIntegrationTest" assertions="0" time="0.000000">
          <error type="Exception">JTD\LaravelMCP\Tests\Feature\Protocol\ProtocolIntegrationTest::it_handles_large_messages_correctly
Exception: The /var/www/html/vendor/orchestra/testbench-core/laravel/bootstrap/cache directory must be present and writable.

/var/www/html/vendor/laravel/framework/src/Illuminate/Foundation/PackageManifest.php:179
/var/www/html/vendor/orchestra/testbench-core/src/Foundation/PackageManifest.php:157
/var/www/html/vendor/laravel/framework/src/Illuminate/Foundation/PackageManifest.php:132
/var/www/html/vendor/laravel/framework/src/Illuminate/Foundation/PackageManifest.php:108
/var/www/html/vendor/orchestra/testbench-core/src/Foundation/PackageManifest.php:102
/var/www/html/vendor/laravel/framework/src/Illuminate/Foundation/PackageManifest.php:91
/var/www/html/vendor/laravel/framework/src/Illuminate/Foundation/PackageManifest.php:80
/var/www/html/vendor/laravel/framework/src/Illuminate/Foundation/Bootstrap/RegisterFacades.php:26
/var/www/html/vendor/orchestra/testbench-core/src/Concerns/CreatesApplication.php:556
/var/www/html/vendor/orchestra/testbench-core/src/Concerns/CreatesApplication.php:311
/var/www/html/vendor/orchestra/testbench-core/src/TestCase.php:121
/var/www/html/vendor/orchestra/testbench-core/src/Concerns/ApplicationTestingHooks.php:74
/var/www/html/vendor/orchestra/testbench-core/src/Concerns/Testing.php:43
/var/www/html/vendor/laravel/framework/src/Illuminate/Collections/helpers.php:236
/var/www/html/vendor/orchestra/sidekick/src/functions.php:87
/var/www/html/vendor/laravel/framework/src/Illuminate/Collections/helpers.php:236
/var/www/html/vendor/orchestra/testbench-core/src/Concerns/Testing.php:57
/var/www/html/vendor/orchestra/testbench-core/src/TestCase.php:50
/var/www/html/tests/TestCase.php:61
/var/www/html/tests/Feature/Protocol/ProtocolIntegrationTest.php:43</error>
        </testcase>
        <testcase name="it_handles_timeout_scenarios_gracefully" file="/var/www/html/tests/Feature/Protocol/ProtocolIntegrationTest.php" line="905" class="JTD\LaravelMCP\Tests\Feature\Protocol\ProtocolIntegrationTest" classname="JTD.LaravelMCP.Tests.Feature.Protocol.ProtocolIntegrationTest" assertions="0" time="0.000000">
          <error type="Exception">JTD\LaravelMCP\Tests\Feature\Protocol\ProtocolIntegrationTest::it_handles_timeout_scenarios_gracefully
Exception: The /var/www/html/vendor/orchestra/testbench-core/laravel/bootstrap/cache directory must be present and writable.

/var/www/html/vendor/laravel/framework/src/Illuminate/Foundation/PackageManifest.php:179
/var/www/html/vendor/orchestra/testbench-core/src/Foundation/PackageManifest.php:157
/var/www/html/vendor/laravel/framework/src/Illuminate/Foundation/PackageManifest.php:132
/var/www/html/vendor/laravel/framework/src/Illuminate/Foundation/PackageManifest.php:108
/var/www/html/vendor/orchestra/testbench-core/src/Foundation/PackageManifest.php:102
/var/www/html/vendor/laravel/framework/src/Illuminate/Foundation/PackageManifest.php:91
/var/www/html/vendor/laravel/framework/src/Illuminate/Foundation/PackageManifest.php:80
/var/www/html/vendor/laravel/framework/src/Illuminate/Foundation/Bootstrap/RegisterFacades.php:26
/var/www/html/vendor/orchestra/testbench-core/src/Concerns/CreatesApplication.php:556
/var/www/html/vendor/orchestra/testbench-core/src/Concerns/CreatesApplication.php:311
/var/www/html/vendor/orchestra/testbench-core/src/TestCase.php:121
/var/www/html/vendor/orchestra/testbench-core/src/Concerns/ApplicationTestingHooks.php:74
/var/www/html/vendor/orchestra/testbench-core/src/Concerns/Testing.php:43
/var/www/html/vendor/laravel/framework/src/Illuminate/Collections/helpers.php:236
/var/www/html/vendor/orchestra/sidekick/src/functions.php:87
/var/www/html/vendor/laravel/framework/src/Illuminate/Collections/helpers.php:236
/var/www/html/vendor/orchestra/testbench-core/src/Concerns/Testing.php:57
/var/www/html/vendor/orchestra/testbench-core/src/TestCase.php:50
/var/www/html/tests/TestCase.php:61
/var/www/html/tests/Feature/Protocol/ProtocolIntegrationTest.php:43</error>
        </testcase>
        <testcase name="it_handles_invalid_messages_robustly" file="/var/www/html/tests/Feature/Protocol/ProtocolIntegrationTest.php" line="936" class="JTD\LaravelMCP\Tests\Feature\Protocol\ProtocolIntegrationTest" classname="JTD.LaravelMCP.Tests.Feature.Protocol.ProtocolIntegrationTest" assertions="0" time="0.000000">
          <error type="Exception">JTD\LaravelMCP\Tests\Feature\Protocol\ProtocolIntegrationTest::it_handles_invalid_messages_robustly
Exception: The /var/www/html/vendor/orchestra/testbench-core/laravel/bootstrap/cache directory must be present and writable.

/var/www/html/vendor/laravel/framework/src/Illuminate/Foundation/PackageManifest.php:179
/var/www/html/vendor/orchestra/testbench-core/src/Foundation/PackageManifest.php:157
/var/www/html/vendor/laravel/framework/src/Illuminate/Foundation/PackageManifest.php:132
/var/www/html/vendor/laravel/framework/src/Illuminate/Foundation/PackageManifest.php:108
/var/www/html/vendor/orchestra/testbench-core/src/Foundation/PackageManifest.php:102
/var/www/html/vendor/laravel/framework/src/Illuminate/Foundation/PackageManifest.php:91
/var/www/html/vendor/laravel/framework/src/Illuminate/Foundation/PackageManifest.php:80
/var/www/html/vendor/laravel/framework/src/Illuminate/Foundation/Bootstrap/RegisterFacades.php:26
/var/www/html/vendor/orchestra/testbench-core/src/Concerns/CreatesApplication.php:556
/var/www/html/vendor/orchestra/testbench-core/src/Concerns/CreatesApplication.php:311
/var/www/html/vendor/orchestra/testbench-core/src/TestCase.php:121
/var/www/html/vendor/orchestra/testbench-core/src/Concerns/ApplicationTestingHooks.php:74
/var/www/html/vendor/orchestra/testbench-core/src/Concerns/Testing.php:43
/var/www/html/vendor/laravel/framework/src/Illuminate/Collections/helpers.php:236
/var/www/html/vendor/orchestra/sidekick/src/functions.php:87
/var/www/html/vendor/laravel/framework/src/Illuminate/Collections/helpers.php:236
/var/www/html/vendor/orchestra/testbench-core/src/Concerns/Testing.php:57
/var/www/html/vendor/orchestra/testbench-core/src/TestCase.php:50
/var/www/html/tests/TestCase.php:61
/var/www/html/tests/Feature/Protocol/ProtocolIntegrationTest.php:43</error>
        </testcase>
      </testsuite>
      <testsuite name="JTD\LaravelMCP\Tests\Feature\RegistrationSystemTest" file="/var/www/html/tests/Feature/RegistrationSystemTest.php" tests="18" assertions="0" errors="18" failures="0" skipped="0" time="0.000000">
        <testcase name="test_tool_registration_workflow" file="/var/www/html/tests/Feature/RegistrationSystemTest.php" line="66" class="JTD\LaravelMCP\Tests\Feature\RegistrationSystemTest" classname="JTD.LaravelMCP.Tests.Feature.RegistrationSystemTest" assertions="0" time="0.000000">
          <error type="Exception">JTD\LaravelMCP\Tests\Feature\RegistrationSystemTest::test_tool_registration_workflow
Exception: The /var/www/html/vendor/orchestra/testbench-core/laravel/bootstrap/cache directory must be present and writable.

/var/www/html/vendor/laravel/framework/src/Illuminate/Foundation/PackageManifest.php:179
/var/www/html/vendor/orchestra/testbench-core/src/Foundation/PackageManifest.php:157
/var/www/html/vendor/laravel/framework/src/Illuminate/Foundation/PackageManifest.php:132
/var/www/html/vendor/laravel/framework/src/Illuminate/Foundation/PackageManifest.php:108
/var/www/html/vendor/orchestra/testbench-core/src/Foundation/PackageManifest.php:102
/var/www/html/vendor/laravel/framework/src/Illuminate/Foundation/PackageManifest.php:91
/var/www/html/vendor/laravel/framework/src/Illuminate/Foundation/PackageManifest.php:80
/var/www/html/vendor/laravel/framework/src/Illuminate/Foundation/Bootstrap/RegisterFacades.php:26
/var/www/html/vendor/orchestra/testbench-core/src/Concerns/CreatesApplication.php:556
/var/www/html/vendor/orchestra/testbench-core/src/Concerns/CreatesApplication.php:311
/var/www/html/vendor/orchestra/testbench-core/src/TestCase.php:121
/var/www/html/vendor/orchestra/testbench-core/src/Concerns/ApplicationTestingHooks.php:74
/var/www/html/vendor/orchestra/testbench-core/src/Concerns/Testing.php:43
/var/www/html/vendor/laravel/framework/src/Illuminate/Collections/helpers.php:236
/var/www/html/vendor/orchestra/sidekick/src/functions.php:87
/var/www/html/vendor/laravel/framework/src/Illuminate/Collections/helpers.php:236
/var/www/html/vendor/orchestra/testbench-core/src/Concerns/Testing.php:57
/var/www/html/vendor/orchestra/testbench-core/src/TestCase.php:50
/var/www/html/tests/TestCase.php:61
/var/www/html/tests/Feature/RegistrationSystemTest.php:41</error>
        </testcase>
        <testcase name="test_resource_registration_workflow" file="/var/www/html/tests/Feature/RegistrationSystemTest.php" line="132" class="JTD\LaravelMCP\Tests\Feature\RegistrationSystemTest" classname="JTD.LaravelMCP.Tests.Feature.RegistrationSystemTest" assertions="0" time="0.000000">
          <error type="Exception">JTD\LaravelMCP\Tests\Feature\RegistrationSystemTest::test_resource_registration_workflow
Exception: The /var/www/html/vendor/orchestra/testbench-core/laravel/bootstrap/cache directory must be present and writable.

/var/www/html/vendor/laravel/framework/src/Illuminate/Foundation/PackageManifest.php:179
/var/www/html/vendor/orchestra/testbench-core/src/Foundation/PackageManifest.php:157
/var/www/html/vendor/laravel/framework/src/Illuminate/Foundation/PackageManifest.php:132
/var/www/html/vendor/laravel/framework/src/Illuminate/Foundation/PackageManifest.php:108
/var/www/html/vendor/orchestra/testbench-core/src/Foundation/PackageManifest.php:102
/var/www/html/vendor/laravel/framework/src/Illuminate/Foundation/PackageManifest.php:91
/var/www/html/vendor/laravel/framework/src/Illuminate/Foundation/PackageManifest.php:80
/var/www/html/vendor/laravel/framework/src/Illuminate/Foundation/Bootstrap/RegisterFacades.php:26
/var/www/html/vendor/orchestra/testbench-core/src/Concerns/CreatesApplication.php:556
/var/www/html/vendor/orchestra/testbench-core/src/Concerns/CreatesApplication.php:311
/var/www/html/vendor/orchestra/testbench-core/src/TestCase.php:121
/var/www/html/vendor/orchestra/testbench-core/src/Concerns/ApplicationTestingHooks.php:74
/var/www/html/vendor/orchestra/testbench-core/src/Concerns/Testing.php:43
/var/www/html/vendor/laravel/framework/src/Illuminate/Collections/helpers.php:236
/var/www/html/vendor/orchestra/sidekick/src/functions.php:87
/var/www/html/vendor/laravel/framework/src/Illuminate/Collections/helpers.php:236
/var/www/html/vendor/orchestra/testbench-core/src/Concerns/Testing.php:57
/var/www/html/vendor/orchestra/testbench-core/src/TestCase.php:50
/var/www/html/tests/TestCase.php:61
/var/www/html/tests/Feature/RegistrationSystemTest.php:41</error>
        </testcase>
        <testcase name="test_prompt_registration_workflow" file="/var/www/html/tests/Feature/RegistrationSystemTest.php" line="202" class="JTD\LaravelMCP\Tests\Feature\RegistrationSystemTest" classname="JTD.LaravelMCP.Tests.Feature.RegistrationSystemTest" assertions="0" time="0.000000">
          <error type="Exception">JTD\LaravelMCP\Tests\Feature\RegistrationSystemTest::test_prompt_registration_workflow
Exception: The /var/www/html/vendor/orchestra/testbench-core/laravel/bootstrap/cache directory must be present and writable.

/var/www/html/vendor/laravel/framework/src/Illuminate/Foundation/PackageManifest.php:179
/var/www/html/vendor/orchestra/testbench-core/src/Foundation/PackageManifest.php:157
/var/www/html/vendor/laravel/framework/src/Illuminate/Foundation/PackageManifest.php:132
/var/www/html/vendor/laravel/framework/src/Illuminate/Foundation/PackageManifest.php:108
/var/www/html/vendor/orchestra/testbench-core/src/Foundation/PackageManifest.php:102
/var/www/html/vendor/laravel/framework/src/Illuminate/Foundation/PackageManifest.php:91
/var/www/html/vendor/laravel/framework/src/Illuminate/Foundation/PackageManifest.php:80
/var/www/html/vendor/laravel/framework/src/Illuminate/Foundation/Bootstrap/RegisterFacades.php:26
/var/www/html/vendor/orchestra/testbench-core/src/Concerns/CreatesApplication.php:556
/var/www/html/vendor/orchestra/testbench-core/src/Concerns/CreatesApplication.php:311
/var/www/html/vendor/orchestra/testbench-core/src/TestCase.php:121
/var/www/html/vendor/orchestra/testbench-core/src/Concerns/ApplicationTestingHooks.php:74
/var/www/html/vendor/orchestra/testbench-core/src/Concerns/Testing.php:43
/var/www/html/vendor/laravel/framework/src/Illuminate/Collections/helpers.php:236
/var/www/html/vendor/orchestra/sidekick/src/functions.php:87
/var/www/html/vendor/laravel/framework/src/Illuminate/Collections/helpers.php:236
/var/www/html/vendor/orchestra/testbench-core/src/Concerns/Testing.php:57
/var/www/html/vendor/orchestra/testbench-core/src/TestCase.php:50
/var/www/html/tests/TestCase.php:61
/var/www/html/tests/Feature/RegistrationSystemTest.php:41</error>
        </testcase>
        <testcase name="test_registration_validation_errors" file="/var/www/html/tests/Feature/RegistrationSystemTest.php" line="285" class="JTD\LaravelMCP\Tests\Feature\RegistrationSystemTest" classname="JTD.LaravelMCP.Tests.Feature.RegistrationSystemTest" assertions="0" time="0.000000">
          <error type="Exception">JTD\LaravelMCP\Tests\Feature\RegistrationSystemTest::test_registration_validation_errors
Exception: The /var/www/html/vendor/orchestra/testbench-core/laravel/bootstrap/cache directory must be present and writable.

/var/www/html/vendor/laravel/framework/src/Illuminate/Foundation/PackageManifest.php:179
/var/www/html/vendor/orchestra/testbench-core/src/Foundation/PackageManifest.php:157
/var/www/html/vendor/laravel/framework/src/Illuminate/Foundation/PackageManifest.php:132
/var/www/html/vendor/laravel/framework/src/Illuminate/Foundation/PackageManifest.php:108
/var/www/html/vendor/orchestra/testbench-core/src/Foundation/PackageManifest.php:102
/var/www/html/vendor/laravel/framework/src/Illuminate/Foundation/PackageManifest.php:91
/var/www/html/vendor/laravel/framework/src/Illuminate/Foundation/PackageManifest.php:80
/var/www/html/vendor/laravel/framework/src/Illuminate/Foundation/Bootstrap/RegisterFacades.php:26
/var/www/html/vendor/orchestra/testbench-core/src/Concerns/CreatesApplication.php:556
/var/www/html/vendor/orchestra/testbench-core/src/Concerns/CreatesApplication.php:311
/var/www/html/vendor/orchestra/testbench-core/src/TestCase.php:121
/var/www/html/vendor/orchestra/testbench-core/src/Concerns/ApplicationTestingHooks.php:74
/var/www/html/vendor/orchestra/testbench-core/src/Concerns/Testing.php:43
/var/www/html/vendor/laravel/framework/src/Illuminate/Collections/helpers.php:236
/var/www/html/vendor/orchestra/sidekick/src/functions.php:87
/var/www/html/vendor/laravel/framework/src/Illuminate/Collections/helpers.php:236
/var/www/html/vendor/orchestra/testbench-core/src/Concerns/Testing.php:57
/var/www/html/vendor/orchestra/testbench-core/src/TestCase.php:50
/var/www/html/tests/TestCase.php:61
/var/www/html/tests/Feature/RegistrationSystemTest.php:41</error>
        </testcase>
        <testcase name="test_duplicate_registration_prevention" file="/var/www/html/tests/Feature/RegistrationSystemTest.php" line="296" class="JTD\LaravelMCP\Tests\Feature\RegistrationSystemTest" classname="JTD.LaravelMCP.Tests.Feature.RegistrationSystemTest" assertions="0" time="0.000000">
          <error type="Exception">JTD\LaravelMCP\Tests\Feature\RegistrationSystemTest::test_duplicate_registration_prevention
Exception: The /var/www/html/vendor/orchestra/testbench-core/laravel/bootstrap/cache directory must be present and writable.

/var/www/html/vendor/laravel/framework/src/Illuminate/Foundation/PackageManifest.php:179
/var/www/html/vendor/orchestra/testbench-core/src/Foundation/PackageManifest.php:157
/var/www/html/vendor/laravel/framework/src/Illuminate/Foundation/PackageManifest.php:132
/var/www/html/vendor/laravel/framework/src/Illuminate/Foundation/PackageManifest.php:108
/var/www/html/vendor/orchestra/testbench-core/src/Foundation/PackageManifest.php:102
/var/www/html/vendor/laravel/framework/src/Illuminate/Foundation/PackageManifest.php:91
/var/www/html/vendor/laravel/framework/src/Illuminate/Foundation/PackageManifest.php:80
/var/www/html/vendor/laravel/framework/src/Illuminate/Foundation/Bootstrap/RegisterFacades.php:26
/var/www/html/vendor/orchestra/testbench-core/src/Concerns/CreatesApplication.php:556
/var/www/html/vendor/orchestra/testbench-core/src/Concerns/CreatesApplication.php:311
/var/www/html/vendor/orchestra/testbench-core/src/TestCase.php:121
/var/www/html/vendor/orchestra/testbench-core/src/Concerns/ApplicationTestingHooks.php:74
/var/www/html/vendor/orchestra/testbench-core/src/Concerns/Testing.php:43
/var/www/html/vendor/laravel/framework/src/Illuminate/Collections/helpers.php:236
/var/www/html/vendor/orchestra/sidekick/src/functions.php:87
/var/www/html/vendor/laravel/framework/src/Illuminate/Collections/helpers.php:236
/var/www/html/vendor/orchestra/testbench-core/src/Concerns/Testing.php:57
/var/www/html/vendor/orchestra/testbench-core/src/TestCase.php:50
/var/www/html/tests/TestCase.php:61
/var/www/html/tests/Feature/RegistrationSystemTest.php:41</error>
        </testcase>
        <testcase name="test_invalid_handler_validation" file="/var/www/html/tests/Feature/RegistrationSystemTest.php" line="313" class="JTD\LaravelMCP\Tests\Feature\RegistrationSystemTest" classname="JTD.LaravelMCP.Tests.Feature.RegistrationSystemTest" assertions="0" time="0.000000">
          <error type="Exception">JTD\LaravelMCP\Tests\Feature\RegistrationSystemTest::test_invalid_handler_validation
Exception: The /var/www/html/vendor/orchestra/testbench-core/laravel/bootstrap/cache directory must be present and writable.

/var/www/html/vendor/laravel/framework/src/Illuminate/Foundation/PackageManifest.php:179
/var/www/html/vendor/orchestra/testbench-core/src/Foundation/PackageManifest.php:157
/var/www/html/vendor/laravel/framework/src/Illuminate/Foundation/PackageManifest.php:132
/var/www/html/vendor/laravel/framework/src/Illuminate/Foundation/PackageManifest.php:108
/var/www/html/vendor/orchestra/testbench-core/src/Foundation/PackageManifest.php:102
/var/www/html/vendor/laravel/framework/src/Illuminate/Foundation/PackageManifest.php:91
/var/www/html/vendor/laravel/framework/src/Illuminate/Foundation/PackageManifest.php:80
/var/www/html/vendor/laravel/framework/src/Illuminate/Foundation/Bootstrap/RegisterFacades.php:26
/var/www/html/vendor/orchestra/testbench-core/src/Concerns/CreatesApplication.php:556
/var/www/html/vendor/orchestra/testbench-core/src/Concerns/CreatesApplication.php:311
/var/www/html/vendor/orchestra/testbench-core/src/TestCase.php:121
/var/www/html/vendor/orchestra/testbench-core/src/Concerns/ApplicationTestingHooks.php:74
/var/www/html/vendor/orchestra/testbench-core/src/Concerns/Testing.php:43
/var/www/html/vendor/laravel/framework/src/Illuminate/Collections/helpers.php:236
/var/www/html/vendor/orchestra/sidekick/src/functions.php:87
/var/www/html/vendor/laravel/framework/src/Illuminate/Collections/helpers.php:236
/var/www/html/vendor/orchestra/testbench-core/src/Concerns/Testing.php:57
/var/www/html/vendor/orchestra/testbench-core/src/TestCase.php:50
/var/www/html/tests/TestCase.php:61
/var/www/html/tests/Feature/RegistrationSystemTest.php:41</error>
        </testcase>
        <testcase name="test_invalid_handler_type_validation" file="/var/www/html/tests/Feature/RegistrationSystemTest.php" line="327" class="JTD\LaravelMCP\Tests\Feature\RegistrationSystemTest" classname="JTD.LaravelMCP.Tests.Feature.RegistrationSystemTest" assertions="0" time="0.000000">
          <error type="Exception">JTD\LaravelMCP\Tests\Feature\RegistrationSystemTest::test_invalid_handler_type_validation
Exception: The /var/www/html/vendor/orchestra/testbench-core/laravel/bootstrap/cache directory must be present and writable.

/var/www/html/vendor/laravel/framework/src/Illuminate/Foundation/PackageManifest.php:179
/var/www/html/vendor/orchestra/testbench-core/src/Foundation/PackageManifest.php:157
/var/www/html/vendor/laravel/framework/src/Illuminate/Foundation/PackageManifest.php:132
/var/www/html/vendor/laravel/framework/src/Illuminate/Foundation/PackageManifest.php:108
/var/www/html/vendor/orchestra/testbench-core/src/Foundation/PackageManifest.php:102
/var/www/html/vendor/laravel/framework/src/Illuminate/Foundation/PackageManifest.php:91
/var/www/html/vendor/laravel/framework/src/Illuminate/Foundation/PackageManifest.php:80
/var/www/html/vendor/laravel/framework/src/Illuminate/Foundation/Bootstrap/RegisterFacades.php:26
/var/www/html/vendor/orchestra/testbench-core/src/Concerns/CreatesApplication.php:556
/var/www/html/vendor/orchestra/testbench-core/src/Concerns/CreatesApplication.php:311
/var/www/html/vendor/orchestra/testbench-core/src/TestCase.php:121
/var/www/html/vendor/orchestra/testbench-core/src/Concerns/ApplicationTestingHooks.php:74
/var/www/html/vendor/orchestra/testbench-core/src/Concerns/Testing.php:43
/var/www/html/vendor/laravel/framework/src/Illuminate/Collections/helpers.php:236
/var/www/html/vendor/orchestra/sidekick/src/functions.php:87
/var/www/html/vendor/laravel/framework/src/Illuminate/Collections/helpers.php:236
/var/www/html/vendor/orchestra/testbench-core/src/Concerns/Testing.php:57
/var/www/html/vendor/orchestra/testbench-core/src/TestCase.php:50
/var/www/html/tests/TestCase.php:61
/var/www/html/tests/Feature/RegistrationSystemTest.php:41</error>
        </testcase>
        <testcase name="test_backward_compatibility_methods" file="/var/www/html/tests/Feature/RegistrationSystemTest.php" line="349" class="JTD\LaravelMCP\Tests\Feature\RegistrationSystemTest" classname="JTD.LaravelMCP.Tests.Feature.RegistrationSystemTest" assertions="0" time="0.000000">
          <error type="Exception">JTD\LaravelMCP\Tests\Feature\RegistrationSystemTest::test_backward_compatibility_methods
Exception: The /var/www/html/vendor/orchestra/testbench-core/laravel/bootstrap/cache directory must be present and writable.

/var/www/html/vendor/laravel/framework/src/Illuminate/Foundation/PackageManifest.php:179
/var/www/html/vendor/orchestra/testbench-core/src/Foundation/PackageManifest.php:157
/var/www/html/vendor/laravel/framework/src/Illuminate/Foundation/PackageManifest.php:132
/var/www/html/vendor/laravel/framework/src/Illuminate/Foundation/PackageManifest.php:108
/var/www/html/vendor/orchestra/testbench-core/src/Foundation/PackageManifest.php:102
/var/www/html/vendor/laravel/framework/src/Illuminate/Foundation/PackageManifest.php:91
/var/www/html/vendor/laravel/framework/src/Illuminate/Foundation/PackageManifest.php:80
/var/www/html/vendor/laravel/framework/src/Illuminate/Foundation/Bootstrap/RegisterFacades.php:26
/var/www/html/vendor/orchestra/testbench-core/src/Concerns/CreatesApplication.php:556
/var/www/html/vendor/orchestra/testbench-core/src/Concerns/CreatesApplication.php:311
/var/www/html/vendor/orchestra/testbench-core/src/TestCase.php:121
/var/www/html/vendor/orchestra/testbench-core/src/Concerns/ApplicationTestingHooks.php:74
/var/www/html/vendor/orchestra/testbench-core/src/Concerns/Testing.php:43
/var/www/html/vendor/laravel/framework/src/Illuminate/Collections/helpers.php:236
/var/www/html/vendor/orchestra/sidekick/src/functions.php:87
/var/www/html/vendor/laravel/framework/src/Illuminate/Collections/helpers.php:236
/var/www/html/vendor/orchestra/testbench-core/src/Concerns/Testing.php:57
/var/www/html/vendor/orchestra/testbench-core/src/TestCase.php:50
/var/www/html/tests/TestCase.php:61
/var/www/html/tests/Feature/RegistrationSystemTest.php:41</error>
        </testcase>
        <testcase name="test_registry_initialization" file="/var/www/html/tests/Feature/RegistrationSystemTest.php" line="392" class="JTD\LaravelMCP\Tests\Feature\RegistrationSystemTest" classname="JTD.LaravelMCP.Tests.Feature.RegistrationSystemTest" assertions="0" time="0.000000">
          <error type="Exception">JTD\LaravelMCP\Tests\Feature\RegistrationSystemTest::test_registry_initialization
Exception: The /var/www/html/vendor/orchestra/testbench-core/laravel/bootstrap/cache directory must be present and writable.

/var/www/html/vendor/laravel/framework/src/Illuminate/Foundation/PackageManifest.php:179
/var/www/html/vendor/orchestra/testbench-core/src/Foundation/PackageManifest.php:157
/var/www/html/vendor/laravel/framework/src/Illuminate/Foundation/PackageManifest.php:132
/var/www/html/vendor/laravel/framework/src/Illuminate/Foundation/PackageManifest.php:108
/var/www/html/vendor/orchestra/testbench-core/src/Foundation/PackageManifest.php:102
/var/www/html/vendor/laravel/framework/src/Illuminate/Foundation/PackageManifest.php:91
/var/www/html/vendor/laravel/framework/src/Illuminate/Foundation/PackageManifest.php:80
/var/www/html/vendor/laravel/framework/src/Illuminate/Foundation/Bootstrap/RegisterFacades.php:26
/var/www/html/vendor/orchestra/testbench-core/src/Concerns/CreatesApplication.php:556
/var/www/html/vendor/orchestra/testbench-core/src/Concerns/CreatesApplication.php:311
/var/www/html/vendor/orchestra/testbench-core/src/TestCase.php:121
/var/www/html/vendor/orchestra/testbench-core/src/Concerns/ApplicationTestingHooks.php:74
/var/www/html/vendor/orchestra/testbench-core/src/Concerns/Testing.php:43
/var/www/html/vendor/laravel/framework/src/Illuminate/Collections/helpers.php:236
/var/www/html/vendor/orchestra/sidekick/src/functions.php:87
/var/www/html/vendor/laravel/framework/src/Illuminate/Collections/helpers.php:236
/var/www/html/vendor/orchestra/testbench-core/src/Concerns/Testing.php:57
/var/www/html/vendor/orchestra/testbench-core/src/TestCase.php:50
/var/www/html/tests/TestCase.php:61
/var/www/html/tests/Feature/RegistrationSystemTest.php:41</error>
        </testcase>
        <testcase name="test_registry_clear" file="/var/www/html/tests/Feature/RegistrationSystemTest.php" line="409" class="JTD\LaravelMCP\Tests\Feature\RegistrationSystemTest" classname="JTD.LaravelMCP.Tests.Feature.RegistrationSystemTest" assertions="0" time="0.000000">
          <error type="Exception">JTD\LaravelMCP\Tests\Feature\RegistrationSystemTest::test_registry_clear
Exception: The /var/www/html/vendor/orchestra/testbench-core/laravel/bootstrap/cache directory must be present and writable.

/var/www/html/vendor/laravel/framework/src/Illuminate/Foundation/PackageManifest.php:179
/var/www/html/vendor/orchestra/testbench-core/src/Foundation/PackageManifest.php:157
/var/www/html/vendor/laravel/framework/src/Illuminate/Foundation/PackageManifest.php:132
/var/www/html/vendor/laravel/framework/src/Illuminate/Foundation/PackageManifest.php:108
/var/www/html/vendor/orchestra/testbench-core/src/Foundation/PackageManifest.php:102
/var/www/html/vendor/laravel/framework/src/Illuminate/Foundation/PackageManifest.php:91
/var/www/html/vendor/laravel/framework/src/Illuminate/Foundation/PackageManifest.php:80
/var/www/html/vendor/laravel/framework/src/Illuminate/Foundation/Bootstrap/RegisterFacades.php:26
/var/www/html/vendor/orchestra/testbench-core/src/Concerns/CreatesApplication.php:556
/var/www/html/vendor/orchestra/testbench-core/src/Concerns/CreatesApplication.php:311
/var/www/html/vendor/orchestra/testbench-core/src/TestCase.php:121
/var/www/html/vendor/orchestra/testbench-core/src/Concerns/ApplicationTestingHooks.php:74
/var/www/html/vendor/orchestra/testbench-core/src/Concerns/Testing.php:43
/var/www/html/vendor/laravel/framework/src/Illuminate/Collections/helpers.php:236
/var/www/html/vendor/orchestra/sidekick/src/functions.php:87
/var/www/html/vendor/laravel/framework/src/Illuminate/Collections/helpers.php:236
/var/www/html/vendor/orchestra/testbench-core/src/Concerns/Testing.php:57
/var/www/html/vendor/orchestra/testbench-core/src/TestCase.php:50
/var/www/html/tests/TestCase.php:61
/var/www/html/tests/Feature/RegistrationSystemTest.php:41</error>
        </testcase>
        <testcase name="test_get_type_registries" file="/var/www/html/tests/Feature/RegistrationSystemTest.php" line="432" class="JTD\LaravelMCP\Tests\Feature\RegistrationSystemTest" classname="JTD.LaravelMCP.Tests.Feature.RegistrationSystemTest" assertions="0" time="0.000000">
          <error type="Exception">JTD\LaravelMCP\Tests\Feature\RegistrationSystemTest::test_get_type_registries
Exception: The /var/www/html/vendor/orchestra/testbench-core/laravel/bootstrap/cache directory must be present and writable.

/var/www/html/vendor/laravel/framework/src/Illuminate/Foundation/PackageManifest.php:179
/var/www/html/vendor/orchestra/testbench-core/src/Foundation/PackageManifest.php:157
/var/www/html/vendor/laravel/framework/src/Illuminate/Foundation/PackageManifest.php:132
/var/www/html/vendor/laravel/framework/src/Illuminate/Foundation/PackageManifest.php:108
/var/www/html/vendor/orchestra/testbench-core/src/Foundation/PackageManifest.php:102
/var/www/html/vendor/laravel/framework/src/Illuminate/Foundation/PackageManifest.php:91
/var/www/html/vendor/laravel/framework/src/Illuminate/Foundation/PackageManifest.php:80
/var/www/html/vendor/laravel/framework/src/Illuminate/Foundation/Bootstrap/RegisterFacades.php:26
/var/www/html/vendor/orchestra/testbench-core/src/Concerns/CreatesApplication.php:556
/var/www/html/vendor/orchestra/testbench-core/src/Concerns/CreatesApplication.php:311
/var/www/html/vendor/orchestra/testbench-core/src/TestCase.php:121
/var/www/html/vendor/orchestra/testbench-core/src/Concerns/ApplicationTestingHooks.php:74
/var/www/html/vendor/orchestra/testbench-core/src/Concerns/Testing.php:43
/var/www/html/vendor/laravel/framework/src/Illuminate/Collections/helpers.php:236
/var/www/html/vendor/orchestra/sidekick/src/functions.php:87
/var/www/html/vendor/laravel/framework/src/Illuminate/Collections/helpers.php:236
/var/www/html/vendor/orchestra/testbench-core/src/Concerns/Testing.php:57
/var/www/html/vendor/orchestra/testbench-core/src/TestCase.php:50
/var/www/html/tests/TestCase.php:61
/var/www/html/tests/Feature/RegistrationSystemTest.php:41</error>
        </testcase>
        <testcase name="test_server_capabilities" file="/var/www/html/tests/Feature/RegistrationSystemTest.php" line="458" class="JTD\LaravelMCP\Tests\Feature\RegistrationSystemTest" classname="JTD.LaravelMCP.Tests.Feature.RegistrationSystemTest" assertions="0" time="0.000000">
          <error type="Exception">JTD\LaravelMCP\Tests\Feature\RegistrationSystemTest::test_server_capabilities
Exception: The /var/www/html/vendor/orchestra/testbench-core/laravel/bootstrap/cache directory must be present and writable.

/var/www/html/vendor/laravel/framework/src/Illuminate/Foundation/PackageManifest.php:179
/var/www/html/vendor/orchestra/testbench-core/src/Foundation/PackageManifest.php:157
/var/www/html/vendor/laravel/framework/src/Illuminate/Foundation/PackageManifest.php:132
/var/www/html/vendor/laravel/framework/src/Illuminate/Foundation/PackageManifest.php:108
/var/www/html/vendor/orchestra/testbench-core/src/Foundation/PackageManifest.php:102
/var/www/html/vendor/laravel/framework/src/Illuminate/Foundation/PackageManifest.php:91
/var/www/html/vendor/laravel/framework/src/Illuminate/Foundation/PackageManifest.php:80
/var/www/html/vendor/laravel/framework/src/Illuminate/Foundation/Bootstrap/RegisterFacades.php:26
/var/www/html/vendor/orchestra/testbench-core/src/Concerns/CreatesApplication.php:556
/var/www/html/vendor/orchestra/testbench-core/src/Concerns/CreatesApplication.php:311
/var/www/html/vendor/orchestra/testbench-core/src/TestCase.php:121
/var/www/html/vendor/orchestra/testbench-core/src/Concerns/ApplicationTestingHooks.php:74
/var/www/html/vendor/orchestra/testbench-core/src/Concerns/Testing.php:43
/var/www/html/vendor/laravel/framework/src/Illuminate/Collections/helpers.php:236
/var/www/html/vendor/orchestra/sidekick/src/functions.php:87
/var/www/html/vendor/laravel/framework/src/Illuminate/Collections/helpers.php:236
/var/www/html/vendor/orchestra/testbench-core/src/Concerns/Testing.php:57
/var/www/html/vendor/orchestra/testbench-core/src/TestCase.php:50
/var/www/html/tests/TestCase.php:61
/var/www/html/tests/Feature/RegistrationSystemTest.php:41</error>
        </testcase>
        <testcase name="test_component_discovery_configuration" file="/var/www/html/tests/Feature/RegistrationSystemTest.php" line="476" class="JTD\LaravelMCP\Tests\Feature\RegistrationSystemTest" classname="JTD.LaravelMCP.Tests.Feature.RegistrationSystemTest" assertions="0" time="0.000000">
          <error type="Exception">JTD\LaravelMCP\Tests\Feature\RegistrationSystemTest::test_component_discovery_configuration
Exception: The /var/www/html/vendor/orchestra/testbench-core/laravel/bootstrap/cache directory must be present and writable.

/var/www/html/vendor/laravel/framework/src/Illuminate/Foundation/PackageManifest.php:179
/var/www/html/vendor/orchestra/testbench-core/src/Foundation/PackageManifest.php:157
/var/www/html/vendor/laravel/framework/src/Illuminate/Foundation/PackageManifest.php:132
/var/www/html/vendor/laravel/framework/src/Illuminate/Foundation/PackageManifest.php:108
/var/www/html/vendor/orchestra/testbench-core/src/Foundation/PackageManifest.php:102
/var/www/html/vendor/laravel/framework/src/Illuminate/Foundation/PackageManifest.php:91
/var/www/html/vendor/laravel/framework/src/Illuminate/Foundation/PackageManifest.php:80
/var/www/html/vendor/laravel/framework/src/Illuminate/Foundation/Bootstrap/RegisterFacades.php:26
/var/www/html/vendor/orchestra/testbench-core/src/Concerns/CreatesApplication.php:556
/var/www/html/vendor/orchestra/testbench-core/src/Concerns/CreatesApplication.php:311
/var/www/html/vendor/orchestra/testbench-core/src/TestCase.php:121
/var/www/html/vendor/orchestra/testbench-core/src/Concerns/ApplicationTestingHooks.php:74
/var/www/html/vendor/orchestra/testbench-core/src/Concerns/Testing.php:43
/var/www/html/vendor/laravel/framework/src/Illuminate/Collections/helpers.php:236
/var/www/html/vendor/orchestra/sidekick/src/functions.php:87
/var/www/html/vendor/laravel/framework/src/Illuminate/Collections/helpers.php:236
/var/www/html/vendor/orchestra/testbench-core/src/Concerns/Testing.php:57
/var/www/html/vendor/orchestra/testbench-core/src/TestCase.php:50
/var/www/html/tests/TestCase.php:61
/var/www/html/tests/Feature/RegistrationSystemTest.php:41</error>
        </testcase>
        <testcase name="test_component_discovery_filters" file="/var/www/html/tests/Feature/RegistrationSystemTest.php" line="497" class="JTD\LaravelMCP\Tests\Feature\RegistrationSystemTest" classname="JTD.LaravelMCP.Tests.Feature.RegistrationSystemTest" assertions="0" time="0.000000">
          <error type="Exception">JTD\LaravelMCP\Tests\Feature\RegistrationSystemTest::test_component_discovery_filters
Exception: The /var/www/html/vendor/orchestra/testbench-core/laravel/bootstrap/cache directory must be present and writable.

/var/www/html/vendor/laravel/framework/src/Illuminate/Foundation/PackageManifest.php:179
/var/www/html/vendor/orchestra/testbench-core/src/Foundation/PackageManifest.php:157
/var/www/html/vendor/laravel/framework/src/Illuminate/Foundation/PackageManifest.php:132
/var/www/html/vendor/laravel/framework/src/Illuminate/Foundation/PackageManifest.php:108
/var/www/html/vendor/orchestra/testbench-core/src/Foundation/PackageManifest.php:102
/var/www/html/vendor/laravel/framework/src/Illuminate/Foundation/PackageManifest.php:91
/var/www/html/vendor/laravel/framework/src/Illuminate/Foundation/PackageManifest.php:80
/var/www/html/vendor/laravel/framework/src/Illuminate/Foundation/Bootstrap/RegisterFacades.php:26
/var/www/html/vendor/orchestra/testbench-core/src/Concerns/CreatesApplication.php:556
/var/www/html/vendor/orchestra/testbench-core/src/Concerns/CreatesApplication.php:311
/var/www/html/vendor/orchestra/testbench-core/src/TestCase.php:121
/var/www/html/vendor/orchestra/testbench-core/src/Concerns/ApplicationTestingHooks.php:74
/var/www/html/vendor/orchestra/testbench-core/src/Concerns/Testing.php:43
/var/www/html/vendor/laravel/framework/src/Illuminate/Collections/helpers.php:236
/var/www/html/vendor/orchestra/sidekick/src/functions.php:87
/var/www/html/vendor/laravel/framework/src/Illuminate/Collections/helpers.php:236
/var/www/html/vendor/orchestra/testbench-core/src/Concerns/Testing.php:57
/var/www/html/vendor/orchestra/testbench-core/src/TestCase.php:50
/var/www/html/tests/TestCase.php:61
/var/www/html/tests/Feature/RegistrationSystemTest.php:41</error>
        </testcase>
        <testcase name="test_supported_component_types" file="/var/www/html/tests/Feature/RegistrationSystemTest.php" line="519" class="JTD\LaravelMCP\Tests\Feature\RegistrationSystemTest" classname="JTD.LaravelMCP.Tests.Feature.RegistrationSystemTest" assertions="0" time="0.000000">
          <error type="Exception">JTD\LaravelMCP\Tests\Feature\RegistrationSystemTest::test_supported_component_types
Exception: The /var/www/html/vendor/orchestra/testbench-core/laravel/bootstrap/cache directory must be present and writable.

/var/www/html/vendor/laravel/framework/src/Illuminate/Foundation/PackageManifest.php:179
/var/www/html/vendor/orchestra/testbench-core/src/Foundation/PackageManifest.php:157
/var/www/html/vendor/laravel/framework/src/Illuminate/Foundation/PackageManifest.php:132
/var/www/html/vendor/laravel/framework/src/Illuminate/Foundation/PackageManifest.php:108
/var/www/html/vendor/orchestra/testbench-core/src/Foundation/PackageManifest.php:102
/var/www/html/vendor/laravel/framework/src/Illuminate/Foundation/PackageManifest.php:91
/var/www/html/vendor/laravel/framework/src/Illuminate/Foundation/PackageManifest.php:80
/var/www/html/vendor/laravel/framework/src/Illuminate/Foundation/Bootstrap/RegisterFacades.php:26
/var/www/html/vendor/orchestra/testbench-core/src/Concerns/CreatesApplication.php:556
/var/www/html/vendor/orchestra/testbench-core/src/Concerns/CreatesApplication.php:311
/var/www/html/vendor/orchestra/testbench-core/src/TestCase.php:121
/var/www/html/vendor/orchestra/testbench-core/src/Concerns/ApplicationTestingHooks.php:74
/var/www/html/vendor/orchestra/testbench-core/src/Concerns/Testing.php:43
/var/www/html/vendor/laravel/framework/src/Illuminate/Collections/helpers.php:236
/var/www/html/vendor/orchestra/sidekick/src/functions.php:87
/var/www/html/vendor/laravel/framework/src/Illuminate/Collections/helpers.php:236
/var/www/html/vendor/orchestra/testbench-core/src/Concerns/Testing.php:57
/var/www/html/vendor/orchestra/testbench-core/src/TestCase.php:50
/var/www/html/tests/TestCase.php:61
/var/www/html/tests/Feature/RegistrationSystemTest.php:41</error>
        </testcase>
        <testcase name="test_complete_registration_count" file="/var/www/html/tests/Feature/RegistrationSystemTest.php" line="529" class="JTD\LaravelMCP\Tests\Feature\RegistrationSystemTest" classname="JTD.LaravelMCP.Tests.Feature.RegistrationSystemTest" assertions="0" time="0.000000">
          <error type="Exception">JTD\LaravelMCP\Tests\Feature\RegistrationSystemTest::test_complete_registration_count
Exception: The /var/www/html/vendor/orchestra/testbench-core/laravel/bootstrap/cache directory must be present and writable.

/var/www/html/vendor/laravel/framework/src/Illuminate/Foundation/PackageManifest.php:179
/var/www/html/vendor/orchestra/testbench-core/src/Foundation/PackageManifest.php:157
/var/www/html/vendor/laravel/framework/src/Illuminate/Foundation/PackageManifest.php:132
/var/www/html/vendor/laravel/framework/src/Illuminate/Foundation/PackageManifest.php:108
/var/www/html/vendor/orchestra/testbench-core/src/Foundation/PackageManifest.php:102
/var/www/html/vendor/laravel/framework/src/Illuminate/Foundation/PackageManifest.php:91
/var/www/html/vendor/laravel/framework/src/Illuminate/Foundation/PackageManifest.php:80
/var/www/html/vendor/laravel/framework/src/Illuminate/Foundation/Bootstrap/RegisterFacades.php:26
/var/www/html/vendor/orchestra/testbench-core/src/Concerns/CreatesApplication.php:556
/var/www/html/vendor/orchestra/testbench-core/src/Concerns/CreatesApplication.php:311
/var/www/html/vendor/orchestra/testbench-core/src/TestCase.php:121
/var/www/html/vendor/orchestra/testbench-core/src/Concerns/ApplicationTestingHooks.php:74
/var/www/html/vendor/orchestra/testbench-core/src/Concerns/Testing.php:43
/var/www/html/vendor/laravel/framework/src/Illuminate/Collections/helpers.php:236
/var/www/html/vendor/orchestra/sidekick/src/functions.php:87
/var/www/html/vendor/laravel/framework/src/Illuminate/Collections/helpers.php:236
/var/www/html/vendor/orchestra/testbench-core/src/Concerns/Testing.php:57
/var/www/html/vendor/orchestra/testbench-core/src/TestCase.php:50
/var/www/html/tests/TestCase.php:61
/var/www/html/tests/Feature/RegistrationSystemTest.php:41</error>
        </testcase>
        <testcase name="test_get_all_components" file="/var/www/html/tests/Feature/RegistrationSystemTest.php" line="554" class="JTD\LaravelMCP\Tests\Feature\RegistrationSystemTest" classname="JTD.LaravelMCP.Tests.Feature.RegistrationSystemTest" assertions="0" time="0.000000">
          <error type="Exception">JTD\LaravelMCP\Tests\Feature\RegistrationSystemTest::test_get_all_components
Exception: The /var/www/html/vendor/orchestra/testbench-core/laravel/bootstrap/cache directory must be present and writable.

/var/www/html/vendor/laravel/framework/src/Illuminate/Foundation/PackageManifest.php:179
/var/www/html/vendor/orchestra/testbench-core/src/Foundation/PackageManifest.php:157
/var/www/html/vendor/laravel/framework/src/Illuminate/Foundation/PackageManifest.php:132
/var/www/html/vendor/laravel/framework/src/Illuminate/Foundation/PackageManifest.php:108
/var/www/html/vendor/orchestra/testbench-core/src/Foundation/PackageManifest.php:102
/var/www/html/vendor/laravel/framework/src/Illuminate/Foundation/PackageManifest.php:91
/var/www/html/vendor/laravel/framework/src/Illuminate/Foundation/PackageManifest.php:80
/var/www/html/vendor/laravel/framework/src/Illuminate/Foundation/Bootstrap/RegisterFacades.php:26
/var/www/html/vendor/orchestra/testbench-core/src/Concerns/CreatesApplication.php:556
/var/www/html/vendor/orchestra/testbench-core/src/Concerns/CreatesApplication.php:311
/var/www/html/vendor/orchestra/testbench-core/src/TestCase.php:121
/var/www/html/vendor/orchestra/testbench-core/src/Concerns/ApplicationTestingHooks.php:74
/var/www/html/vendor/orchestra/testbench-core/src/Concerns/Testing.php:43
/var/www/html/vendor/laravel/framework/src/Illuminate/Collections/helpers.php:236
/var/www/html/vendor/orchestra/sidekick/src/functions.php:87
/var/www/html/vendor/laravel/framework/src/Illuminate/Collections/helpers.php:236
/var/www/html/vendor/orchestra/testbench-core/src/Concerns/Testing.php:57
/var/www/html/vendor/orchestra/testbench-core/src/TestCase.php:50
/var/www/html/tests/TestCase.php:61
/var/www/html/tests/Feature/RegistrationSystemTest.php:41</error>
        </testcase>
        <testcase name="test_all_method_returns_all_components" file="/var/www/html/tests/Feature/RegistrationSystemTest.php" line="591" class="JTD\LaravelMCP\Tests\Feature\RegistrationSystemTest" classname="JTD.LaravelMCP.Tests.Feature.RegistrationSystemTest" assertions="0" time="0.000000">
          <error type="Exception">JTD\LaravelMCP\Tests\Feature\RegistrationSystemTest::test_all_method_returns_all_components
Exception: The /var/www/html/vendor/orchestra/testbench-core/laravel/bootstrap/cache directory must be present and writable.

/var/www/html/vendor/laravel/framework/src/Illuminate/Foundation/PackageManifest.php:179
/var/www/html/vendor/orchestra/testbench-core/src/Foundation/PackageManifest.php:157
/var/www/html/vendor/laravel/framework/src/Illuminate/Foundation/PackageManifest.php:132
/var/www/html/vendor/laravel/framework/src/Illuminate/Foundation/PackageManifest.php:108
/var/www/html/vendor/orchestra/testbench-core/src/Foundation/PackageManifest.php:102
/var/www/html/vendor/laravel/framework/src/Illuminate/Foundation/PackageManifest.php:91
/var/www/html/vendor/laravel/framework/src/Illuminate/Foundation/PackageManifest.php:80
/var/www/html/vendor/laravel/framework/src/Illuminate/Foundation/Bootstrap/RegisterFacades.php:26
/var/www/html/vendor/orchestra/testbench-core/src/Concerns/CreatesApplication.php:556
/var/www/html/vendor/orchestra/testbench-core/src/Concerns/CreatesApplication.php:311
/var/www/html/vendor/orchestra/testbench-core/src/TestCase.php:121
/var/www/html/vendor/orchestra/testbench-core/src/Concerns/ApplicationTestingHooks.php:74
/var/www/html/vendor/orchestra/testbench-core/src/Concerns/Testing.php:43
/var/www/html/vendor/laravel/framework/src/Illuminate/Collections/helpers.php:236
/var/www/html/vendor/orchestra/sidekick/src/functions.php:87
/var/www/html/vendor/laravel/framework/src/Illuminate/Collections/helpers.php:236
/var/www/html/vendor/orchestra/testbench-core/src/Concerns/Testing.php:57
/var/www/html/vendor/orchestra/testbench-core/src/TestCase.php:50
/var/www/html/tests/TestCase.php:61
/var/www/html/tests/Feature/RegistrationSystemTest.php:41</error>
        </testcase>
      </testsuite>
      <testsuite name="JTD\LaravelMCP\Tests\Feature\Registry\AutoDiscoveryTest" file="/var/www/html/tests/Feature/Registry/AutoDiscoveryTest.php" tests="10" assertions="0" errors="10" failures="0" skipped="0" time="0.000000">
        <testcase name="it_auto_discovers_components_on_boot" file="/var/www/html/tests/Feature/Registry/AutoDiscoveryTest.php" line="62" class="JTD\LaravelMCP\Tests\Feature\Registry\AutoDiscoveryTest" classname="JTD.LaravelMCP.Tests.Feature.Registry.AutoDiscoveryTest" assertions="0" time="0.000000">
          <error type="Exception">JTD\LaravelMCP\Tests\Feature\Registry\AutoDiscoveryTest::it_auto_discovers_components_on_boot
Exception: The /var/www/html/vendor/orchestra/testbench-core/laravel/bootstrap/cache directory must be present and writable.

/var/www/html/vendor/laravel/framework/src/Illuminate/Foundation/PackageManifest.php:179
/var/www/html/vendor/orchestra/testbench-core/src/Foundation/PackageManifest.php:157
/var/www/html/vendor/laravel/framework/src/Illuminate/Foundation/PackageManifest.php:132
/var/www/html/vendor/laravel/framework/src/Illuminate/Foundation/PackageManifest.php:108
/var/www/html/vendor/orchestra/testbench-core/src/Foundation/PackageManifest.php:102
/var/www/html/vendor/laravel/framework/src/Illuminate/Foundation/PackageManifest.php:91
/var/www/html/vendor/laravel/framework/src/Illuminate/Foundation/PackageManifest.php:80
/var/www/html/vendor/laravel/framework/src/Illuminate/Foundation/Bootstrap/RegisterFacades.php:26
/var/www/html/vendor/orchestra/testbench-core/src/Concerns/CreatesApplication.php:556
/var/www/html/vendor/orchestra/testbench-core/src/Concerns/CreatesApplication.php:311
/var/www/html/vendor/orchestra/testbench-core/src/TestCase.php:121
/var/www/html/vendor/orchestra/testbench-core/src/Concerns/ApplicationTestingHooks.php:74
/var/www/html/vendor/orchestra/testbench-core/src/Concerns/Testing.php:43
/var/www/html/vendor/laravel/framework/src/Illuminate/Collections/helpers.php:236
/var/www/html/vendor/orchestra/sidekick/src/functions.php:87
/var/www/html/vendor/laravel/framework/src/Illuminate/Collections/helpers.php:236
/var/www/html/vendor/orchestra/testbench-core/src/Concerns/Testing.php:57
/var/www/html/vendor/orchestra/testbench-core/src/TestCase.php:50
/var/www/html/tests/TestCase.php:61
/var/www/html/tests/Feature/Registry/AutoDiscoveryTest.php:38</error>
        </testcase>
        <testcase name="it_discovers_and_registers_multiple_component_types" file="/var/www/html/tests/Feature/Registry/AutoDiscoveryTest.php" line="76" class="JTD\LaravelMCP\Tests\Feature\Registry\AutoDiscoveryTest" classname="JTD.LaravelMCP.Tests.Feature.Registry.AutoDiscoveryTest" assertions="0" time="0.000000">
          <error type="Exception">JTD\LaravelMCP\Tests\Feature\Registry\AutoDiscoveryTest::it_discovers_and_registers_multiple_component_types
Exception: The /var/www/html/vendor/orchestra/testbench-core/laravel/bootstrap/cache directory must be present and writable.

/var/www/html/vendor/laravel/framework/src/Illuminate/Foundation/PackageManifest.php:179
/var/www/html/vendor/orchestra/testbench-core/src/Foundation/PackageManifest.php:157
/var/www/html/vendor/laravel/framework/src/Illuminate/Foundation/PackageManifest.php:132
/var/www/html/vendor/laravel/framework/src/Illuminate/Foundation/PackageManifest.php:108
/var/www/html/vendor/orchestra/testbench-core/src/Foundation/PackageManifest.php:102
/var/www/html/vendor/laravel/framework/src/Illuminate/Foundation/PackageManifest.php:91
/var/www/html/vendor/laravel/framework/src/Illuminate/Foundation/PackageManifest.php:80
/var/www/html/vendor/laravel/framework/src/Illuminate/Foundation/Bootstrap/RegisterFacades.php:26
/var/www/html/vendor/orchestra/testbench-core/src/Concerns/CreatesApplication.php:556
/var/www/html/vendor/orchestra/testbench-core/src/Concerns/CreatesApplication.php:311
/var/www/html/vendor/orchestra/testbench-core/src/TestCase.php:121
/var/www/html/vendor/orchestra/testbench-core/src/Concerns/ApplicationTestingHooks.php:74
/var/www/html/vendor/orchestra/testbench-core/src/Concerns/Testing.php:43
/var/www/html/vendor/laravel/framework/src/Illuminate/Collections/helpers.php:236
/var/www/html/vendor/orchestra/sidekick/src/functions.php:87
/var/www/html/vendor/laravel/framework/src/Illuminate/Collections/helpers.php:236
/var/www/html/vendor/orchestra/testbench-core/src/Concerns/Testing.php:57
/var/www/html/vendor/orchestra/testbench-core/src/TestCase.php:50
/var/www/html/tests/TestCase.php:61
/var/www/html/tests/Feature/Registry/AutoDiscoveryTest.php:38</error>
        </testcase>
        <testcase name="it_caches_discovery_results" file="/var/www/html/tests/Feature/Registry/AutoDiscoveryTest.php" line="98" class="JTD\LaravelMCP\Tests\Feature\Registry\AutoDiscoveryTest" classname="JTD.LaravelMCP.Tests.Feature.Registry.AutoDiscoveryTest" assertions="0" time="0.000000">
          <error type="Exception">JTD\LaravelMCP\Tests\Feature\Registry\AutoDiscoveryTest::it_caches_discovery_results
Exception: The /var/www/html/vendor/orchestra/testbench-core/laravel/bootstrap/cache directory must be present and writable.

/var/www/html/vendor/laravel/framework/src/Illuminate/Foundation/PackageManifest.php:179
/var/www/html/vendor/orchestra/testbench-core/src/Foundation/PackageManifest.php:157
/var/www/html/vendor/laravel/framework/src/Illuminate/Foundation/PackageManifest.php:132
/var/www/html/vendor/laravel/framework/src/Illuminate/Foundation/PackageManifest.php:108
/var/www/html/vendor/orchestra/testbench-core/src/Foundation/PackageManifest.php:102
/var/www/html/vendor/laravel/framework/src/Illuminate/Foundation/PackageManifest.php:91
/var/www/html/vendor/laravel/framework/src/Illuminate/Foundation/PackageManifest.php:80
/var/www/html/vendor/laravel/framework/src/Illuminate/Foundation/Bootstrap/RegisterFacades.php:26
/var/www/html/vendor/orchestra/testbench-core/src/Concerns/CreatesApplication.php:556
/var/www/html/vendor/orchestra/testbench-core/src/Concerns/CreatesApplication.php:311
/var/www/html/vendor/orchestra/testbench-core/src/TestCase.php:121
/var/www/html/vendor/orchestra/testbench-core/src/Concerns/ApplicationTestingHooks.php:74
/var/www/html/vendor/orchestra/testbench-core/src/Concerns/Testing.php:43
/var/www/html/vendor/laravel/framework/src/Illuminate/Collections/helpers.php:236
/var/www/html/vendor/orchestra/sidekick/src/functions.php:87
/var/www/html/vendor/laravel/framework/src/Illuminate/Collections/helpers.php:236
/var/www/html/vendor/orchestra/testbench-core/src/Concerns/Testing.php:57
/var/www/html/vendor/orchestra/testbench-core/src/TestCase.php:50
/var/www/html/tests/TestCase.php:61
/var/www/html/tests/Feature/Registry/AutoDiscoveryTest.php:38</error>
        </testcase>
        <testcase name="it_clears_cache_when_requested" file="/var/www/html/tests/Feature/Registry/AutoDiscoveryTest.php" line="120" class="JTD\LaravelMCP\Tests\Feature\Registry\AutoDiscoveryTest" classname="JTD.LaravelMCP.Tests.Feature.Registry.AutoDiscoveryTest" assertions="0" time="0.000000">
          <error type="Exception">JTD\LaravelMCP\Tests\Feature\Registry\AutoDiscoveryTest::it_clears_cache_when_requested
Exception: The /var/www/html/vendor/orchestra/testbench-core/laravel/bootstrap/cache directory must be present and writable.

/var/www/html/vendor/laravel/framework/src/Illuminate/Foundation/PackageManifest.php:179
/var/www/html/vendor/orchestra/testbench-core/src/Foundation/PackageManifest.php:157
/var/www/html/vendor/laravel/framework/src/Illuminate/Foundation/PackageManifest.php:132
/var/www/html/vendor/laravel/framework/src/Illuminate/Foundation/PackageManifest.php:108
/var/www/html/vendor/orchestra/testbench-core/src/Foundation/PackageManifest.php:102
/var/www/html/vendor/laravel/framework/src/Illuminate/Foundation/PackageManifest.php:91
/var/www/html/vendor/laravel/framework/src/Illuminate/Foundation/PackageManifest.php:80
/var/www/html/vendor/laravel/framework/src/Illuminate/Foundation/Bootstrap/RegisterFacades.php:26
/var/www/html/vendor/orchestra/testbench-core/src/Concerns/CreatesApplication.php:556
/var/www/html/vendor/orchestra/testbench-core/src/Concerns/CreatesApplication.php:311
/var/www/html/vendor/orchestra/testbench-core/src/TestCase.php:121
/var/www/html/vendor/orchestra/testbench-core/src/Concerns/ApplicationTestingHooks.php:74
/var/www/html/vendor/orchestra/testbench-core/src/Concerns/Testing.php:43
/var/www/html/vendor/laravel/framework/src/Illuminate/Collections/helpers.php:236
/var/www/html/vendor/orchestra/sidekick/src/functions.php:87
/var/www/html/vendor/laravel/framework/src/Illuminate/Collections/helpers.php:236
/var/www/html/vendor/orchestra/testbench-core/src/Concerns/Testing.php:57
/var/www/html/vendor/orchestra/testbench-core/src/TestCase.php:50
/var/www/html/tests/TestCase.php:61
/var/www/html/tests/Feature/Registry/AutoDiscoveryTest.php:38</error>
        </testcase>
        <testcase name="it_validates_discovered_components" file="/var/www/html/tests/Feature/Registry/AutoDiscoveryTest.php" line="142" class="JTD\LaravelMCP\Tests\Feature\Registry\AutoDiscoveryTest" classname="JTD.LaravelMCP.Tests.Feature.Registry.AutoDiscoveryTest" assertions="0" time="0.000000">
          <error type="Exception">JTD\LaravelMCP\Tests\Feature\Registry\AutoDiscoveryTest::it_validates_discovered_components
Exception: The /var/www/html/vendor/orchestra/testbench-core/laravel/bootstrap/cache directory must be present and writable.

/var/www/html/vendor/laravel/framework/src/Illuminate/Foundation/PackageManifest.php:179
/var/www/html/vendor/orchestra/testbench-core/src/Foundation/PackageManifest.php:157
/var/www/html/vendor/laravel/framework/src/Illuminate/Foundation/PackageManifest.php:132
/var/www/html/vendor/laravel/framework/src/Illuminate/Foundation/PackageManifest.php:108
/var/www/html/vendor/orchestra/testbench-core/src/Foundation/PackageManifest.php:102
/var/www/html/vendor/laravel/framework/src/Illuminate/Foundation/PackageManifest.php:91
/var/www/html/vendor/laravel/framework/src/Illuminate/Foundation/PackageManifest.php:80
/var/www/html/vendor/laravel/framework/src/Illuminate/Foundation/Bootstrap/RegisterFacades.php:26
/var/www/html/vendor/orchestra/testbench-core/src/Concerns/CreatesApplication.php:556
/var/www/html/vendor/orchestra/testbench-core/src/Concerns/CreatesApplication.php:311
/var/www/html/vendor/orchestra/testbench-core/src/TestCase.php:121
/var/www/html/vendor/orchestra/testbench-core/src/Concerns/ApplicationTestingHooks.php:74
/var/www/html/vendor/orchestra/testbench-core/src/Concerns/Testing.php:43
/var/www/html/vendor/laravel/framework/src/Illuminate/Collections/helpers.php:236
/var/www/html/vendor/orchestra/sidekick/src/functions.php:87
/var/www/html/vendor/laravel/framework/src/Illuminate/Collections/helpers.php:236
/var/www/html/vendor/orchestra/testbench-core/src/Concerns/Testing.php:57
/var/www/html/vendor/orchestra/testbench-core/src/TestCase.php:50
/var/www/html/tests/TestCase.php:61
/var/www/html/tests/Feature/Registry/AutoDiscoveryTest.php:38</error>
        </testcase>
        <testcase name="it_handles_discovery_with_namespace_conflicts" file="/var/www/html/tests/Feature/Registry/AutoDiscoveryTest.php" line="159" class="JTD\LaravelMCP\Tests\Feature\Registry\AutoDiscoveryTest" classname="JTD.LaravelMCP.Tests.Feature.Registry.AutoDiscoveryTest" assertions="0" time="0.000000">
          <error type="Exception">JTD\LaravelMCP\Tests\Feature\Registry\AutoDiscoveryTest::it_handles_discovery_with_namespace_conflicts
Exception: The /var/www/html/vendor/orchestra/testbench-core/laravel/bootstrap/cache directory must be present and writable.

/var/www/html/vendor/laravel/framework/src/Illuminate/Foundation/PackageManifest.php:179
/var/www/html/vendor/orchestra/testbench-core/src/Foundation/PackageManifest.php:157
/var/www/html/vendor/laravel/framework/src/Illuminate/Foundation/PackageManifest.php:132
/var/www/html/vendor/laravel/framework/src/Illuminate/Foundation/PackageManifest.php:108
/var/www/html/vendor/orchestra/testbench-core/src/Foundation/PackageManifest.php:102
/var/www/html/vendor/laravel/framework/src/Illuminate/Foundation/PackageManifest.php:91
/var/www/html/vendor/laravel/framework/src/Illuminate/Foundation/PackageManifest.php:80
/var/www/html/vendor/laravel/framework/src/Illuminate/Foundation/Bootstrap/RegisterFacades.php:26
/var/www/html/vendor/orchestra/testbench-core/src/Concerns/CreatesApplication.php:556
/var/www/html/vendor/orchestra/testbench-core/src/Concerns/CreatesApplication.php:311
/var/www/html/vendor/orchestra/testbench-core/src/TestCase.php:121
/var/www/html/vendor/orchestra/testbench-core/src/Concerns/ApplicationTestingHooks.php:74
/var/www/html/vendor/orchestra/testbench-core/src/Concerns/Testing.php:43
/var/www/html/vendor/laravel/framework/src/Illuminate/Collections/helpers.php:236
/var/www/html/vendor/orchestra/sidekick/src/functions.php:87
/var/www/html/vendor/laravel/framework/src/Illuminate/Collections/helpers.php:236
/var/www/html/vendor/orchestra/testbench-core/src/Concerns/Testing.php:57
/var/www/html/vendor/orchestra/testbench-core/src/TestCase.php:50
/var/www/html/tests/TestCase.php:61
/var/www/html/tests/Feature/Registry/AutoDiscoveryTest.php:38</error>
        </testcase>
        <testcase name="it_ignores_test_files_during_discovery" file="/var/www/html/tests/Feature/Registry/AutoDiscoveryTest.php" line="174" class="JTD\LaravelMCP\Tests\Feature\Registry\AutoDiscoveryTest" classname="JTD.LaravelMCP.Tests.Feature.Registry.AutoDiscoveryTest" assertions="0" time="0.000000">
          <error type="Exception">JTD\LaravelMCP\Tests\Feature\Registry\AutoDiscoveryTest::it_ignores_test_files_during_discovery
Exception: The /var/www/html/vendor/orchestra/testbench-core/laravel/bootstrap/cache directory must be present and writable.

/var/www/html/vendor/laravel/framework/src/Illuminate/Foundation/PackageManifest.php:179
/var/www/html/vendor/orchestra/testbench-core/src/Foundation/PackageManifest.php:157
/var/www/html/vendor/laravel/framework/src/Illuminate/Foundation/PackageManifest.php:132
/var/www/html/vendor/laravel/framework/src/Illuminate/Foundation/PackageManifest.php:108
/var/www/html/vendor/orchestra/testbench-core/src/Foundation/PackageManifest.php:102
/var/www/html/vendor/laravel/framework/src/Illuminate/Foundation/PackageManifest.php:91
/var/www/html/vendor/laravel/framework/src/Illuminate/Foundation/PackageManifest.php:80
/var/www/html/vendor/laravel/framework/src/Illuminate/Foundation/Bootstrap/RegisterFacades.php:26
/var/www/html/vendor/orchestra/testbench-core/src/Concerns/CreatesApplication.php:556
/var/www/html/vendor/orchestra/testbench-core/src/Concerns/CreatesApplication.php:311
/var/www/html/vendor/orchestra/testbench-core/src/TestCase.php:121
/var/www/html/vendor/orchestra/testbench-core/src/Concerns/ApplicationTestingHooks.php:74
/var/www/html/vendor/orchestra/testbench-core/src/Concerns/Testing.php:43
/var/www/html/vendor/laravel/framework/src/Illuminate/Collections/helpers.php:236
/var/www/html/vendor/orchestra/sidekick/src/functions.php:87
/var/www/html/vendor/laravel/framework/src/Illuminate/Collections/helpers.php:236
/var/www/html/vendor/orchestra/testbench-core/src/Concerns/Testing.php:57
/var/www/html/vendor/orchestra/testbench-core/src/TestCase.php:50
/var/www/html/tests/TestCase.php:61
/var/www/html/tests/Feature/Registry/AutoDiscoveryTest.php:38</error>
        </testcase>
        <testcase name="it_supports_custom_discovery_paths" file="/var/www/html/tests/Feature/Registry/AutoDiscoveryTest.php" line="205" class="JTD\LaravelMCP\Tests\Feature\Registry\AutoDiscoveryTest" classname="JTD.LaravelMCP.Tests.Feature.Registry.AutoDiscoveryTest" assertions="0" time="0.000000">
          <error type="Exception">JTD\LaravelMCP\Tests\Feature\Registry\AutoDiscoveryTest::it_supports_custom_discovery_paths
Exception: The /var/www/html/vendor/orchestra/testbench-core/laravel/bootstrap/cache directory must be present and writable.

/var/www/html/vendor/laravel/framework/src/Illuminate/Foundation/PackageManifest.php:179
/var/www/html/vendor/orchestra/testbench-core/src/Foundation/PackageManifest.php:157
/var/www/html/vendor/laravel/framework/src/Illuminate/Foundation/PackageManifest.php:132
/var/www/html/vendor/laravel/framework/src/Illuminate/Foundation/PackageManifest.php:108
/var/www/html/vendor/orchestra/testbench-core/src/Foundation/PackageManifest.php:102
/var/www/html/vendor/laravel/framework/src/Illuminate/Foundation/PackageManifest.php:91
/var/www/html/vendor/laravel/framework/src/Illuminate/Foundation/PackageManifest.php:80
/var/www/html/vendor/laravel/framework/src/Illuminate/Foundation/Bootstrap/RegisterFacades.php:26
/var/www/html/vendor/orchestra/testbench-core/src/Concerns/CreatesApplication.php:556
/var/www/html/vendor/orchestra/testbench-core/src/Concerns/CreatesApplication.php:311
/var/www/html/vendor/orchestra/testbench-core/src/TestCase.php:121
/var/www/html/vendor/orchestra/testbench-core/src/Concerns/ApplicationTestingHooks.php:74
/var/www/html/vendor/orchestra/testbench-core/src/Concerns/Testing.php:43
/var/www/html/vendor/laravel/framework/src/Illuminate/Collections/helpers.php:236
/var/www/html/vendor/orchestra/sidekick/src/functions.php:87
/var/www/html/vendor/laravel/framework/src/Illuminate/Collections/helpers.php:236
/var/www/html/vendor/orchestra/testbench-core/src/Concerns/Testing.php:57
/var/www/html/vendor/orchestra/testbench-core/src/TestCase.php:50
/var/www/html/tests/TestCase.php:61
/var/www/html/tests/Feature/Registry/AutoDiscoveryTest.php:38</error>
        </testcase>
        <testcase name="it_discovers_components_recursively" file="/var/www/html/tests/Feature/Registry/AutoDiscoveryTest.php" line="225" class="JTD\LaravelMCP\Tests\Feature\Registry\AutoDiscoveryTest" classname="JTD.LaravelMCP.Tests.Feature.Registry.AutoDiscoveryTest" assertions="0" time="0.000000">
          <error type="Exception">JTD\LaravelMCP\Tests\Feature\Registry\AutoDiscoveryTest::it_discovers_components_recursively
Exception: The /var/www/html/vendor/orchestra/testbench-core/laravel/bootstrap/cache directory must be present and writable.

/var/www/html/vendor/laravel/framework/src/Illuminate/Foundation/PackageManifest.php:179
/var/www/html/vendor/orchestra/testbench-core/src/Foundation/PackageManifest.php:157
/var/www/html/vendor/laravel/framework/src/Illuminate/Foundation/PackageManifest.php:132
/var/www/html/vendor/laravel/framework/src/Illuminate/Foundation/PackageManifest.php:108
/var/www/html/vendor/orchestra/testbench-core/src/Foundation/PackageManifest.php:102
/var/www/html/vendor/laravel/framework/src/Illuminate/Foundation/PackageManifest.php:91
/var/www/html/vendor/laravel/framework/src/Illuminate/Foundation/PackageManifest.php:80
/var/www/html/vendor/laravel/framework/src/Illuminate/Foundation/Bootstrap/RegisterFacades.php:26
/var/www/html/vendor/orchestra/testbench-core/src/Concerns/CreatesApplication.php:556
/var/www/html/vendor/orchestra/testbench-core/src/Concerns/CreatesApplication.php:311
/var/www/html/vendor/orchestra/testbench-core/src/TestCase.php:121
/var/www/html/vendor/orchestra/testbench-core/src/Concerns/ApplicationTestingHooks.php:74
/var/www/html/vendor/orchestra/testbench-core/src/Concerns/Testing.php:43
/var/www/html/vendor/laravel/framework/src/Illuminate/Collections/helpers.php:236
/var/www/html/vendor/orchestra/sidekick/src/functions.php:87
/var/www/html/vendor/laravel/framework/src/Illuminate/Collections/helpers.php:236
/var/www/html/vendor/orchestra/testbench-core/src/Concerns/Testing.php:57
/var/www/html/vendor/orchestra/testbench-core/src/TestCase.php:50
/var/www/html/tests/TestCase.php:61
/var/www/html/tests/Feature/Registry/AutoDiscoveryTest.php:38</error>
        </testcase>
        <testcase name="it_handles_malformed_php_files_gracefully" file="/var/www/html/tests/Feature/Registry/AutoDiscoveryTest.php" line="243" class="JTD\LaravelMCP\Tests\Feature\Registry\AutoDiscoveryTest" classname="JTD.LaravelMCP.Tests.Feature.Registry.AutoDiscoveryTest" assertions="0" time="0.000000">
          <error type="Exception">JTD\LaravelMCP\Tests\Feature\Registry\AutoDiscoveryTest::it_handles_malformed_php_files_gracefully
Exception: The /var/www/html/vendor/orchestra/testbench-core/laravel/bootstrap/cache directory must be present and writable.

/var/www/html/vendor/laravel/framework/src/Illuminate/Foundation/PackageManifest.php:179
/var/www/html/vendor/orchestra/testbench-core/src/Foundation/PackageManifest.php:157
/var/www/html/vendor/laravel/framework/src/Illuminate/Foundation/PackageManifest.php:132
/var/www/html/vendor/laravel/framework/src/Illuminate/Foundation/PackageManifest.php:108
/var/www/html/vendor/orchestra/testbench-core/src/Foundation/PackageManifest.php:102
/var/www/html/vendor/laravel/framework/src/Illuminate/Foundation/PackageManifest.php:91
/var/www/html/vendor/laravel/framework/src/Illuminate/Foundation/PackageManifest.php:80
/var/www/html/vendor/laravel/framework/src/Illuminate/Foundation/Bootstrap/RegisterFacades.php:26
/var/www/html/vendor/orchestra/testbench-core/src/Concerns/CreatesApplication.php:556
/var/www/html/vendor/orchestra/testbench-core/src/Concerns/CreatesApplication.php:311
/var/www/html/vendor/orchestra/testbench-core/src/TestCase.php:121
/var/www/html/vendor/orchestra/testbench-core/src/Concerns/ApplicationTestingHooks.php:74
/var/www/html/vendor/orchestra/testbench-core/src/Concerns/Testing.php:43
/var/www/html/vendor/laravel/framework/src/Illuminate/Collections/helpers.php:236
/var/www/html/vendor/orchestra/sidekick/src/functions.php:87
/var/www/html/vendor/laravel/framework/src/Illuminate/Collections/helpers.php:236
/var/www/html/vendor/orchestra/testbench-core/src/Concerns/Testing.php:57
/var/www/html/vendor/orchestra/testbench-core/src/TestCase.php:50
/var/www/html/tests/TestCase.php:61
/var/www/html/tests/Feature/Registry/AutoDiscoveryTest.php:38</error>
        </testcase>
      </testsuite>
      <testsuite name="JTD\LaravelMCP\Tests\Feature\Registry\RegistrationIntegrationTest" file="/var/www/html/tests/Feature/Registry/RegistrationIntegrationTest.php" tests="15" assertions="0" errors="15" failures="0" skipped="0" time="0.000000">
        <testcase name="it_supports_route_style_registration" file="/var/www/html/tests/Feature/Registry/RegistrationIntegrationTest.php" line="54" class="JTD\LaravelMCP\Tests\Feature\Registry\RegistrationIntegrationTest" classname="JTD.LaravelMCP.Tests.Feature.Registry.RegistrationIntegrationTest" assertions="0" time="0.000000">
          <error type="Exception">JTD\LaravelMCP\Tests\Feature\Registry\RegistrationIntegrationTest::it_supports_route_style_registration
Exception: The /var/www/html/vendor/orchestra/testbench-core/laravel/bootstrap/cache directory must be present and writable.

/var/www/html/vendor/laravel/framework/src/Illuminate/Foundation/PackageManifest.php:179
/var/www/html/vendor/orchestra/testbench-core/src/Foundation/PackageManifest.php:157
/var/www/html/vendor/laravel/framework/src/Illuminate/Foundation/PackageManifest.php:132
/var/www/html/vendor/laravel/framework/src/Illuminate/Foundation/PackageManifest.php:108
/var/www/html/vendor/orchestra/testbench-core/src/Foundation/PackageManifest.php:102
/var/www/html/vendor/laravel/framework/src/Illuminate/Foundation/PackageManifest.php:91
/var/www/html/vendor/laravel/framework/src/Illuminate/Foundation/PackageManifest.php:80
/var/www/html/vendor/laravel/framework/src/Illuminate/Foundation/Bootstrap/RegisterFacades.php:26
/var/www/html/vendor/orchestra/testbench-core/src/Concerns/CreatesApplication.php:556
/var/www/html/vendor/orchestra/testbench-core/src/Concerns/CreatesApplication.php:311
/var/www/html/vendor/orchestra/testbench-core/src/TestCase.php:121
/var/www/html/vendor/orchestra/testbench-core/src/Concerns/ApplicationTestingHooks.php:74
/var/www/html/vendor/orchestra/testbench-core/src/Concerns/Testing.php:43
/var/www/html/vendor/laravel/framework/src/Illuminate/Collections/helpers.php:236
/var/www/html/vendor/orchestra/sidekick/src/functions.php:87
/var/www/html/vendor/laravel/framework/src/Illuminate/Collections/helpers.php:236
/var/www/html/vendor/orchestra/testbench-core/src/Concerns/Testing.php:57
/var/www/html/vendor/orchestra/testbench-core/src/TestCase.php:50
/var/www/html/tests/TestCase.php:61
/var/www/html/tests/Feature/Registry/RegistrationIntegrationTest.php:37</error>
        </testcase>
        <testcase name="it_supports_group_registration_with_middleware" file="/var/www/html/tests/Feature/Registry/RegistrationIntegrationTest.php" line="72" class="JTD\LaravelMCP\Tests\Feature\Registry\RegistrationIntegrationTest" classname="JTD.LaravelMCP.Tests.Feature.Registry.RegistrationIntegrationTest" assertions="0" time="0.000000">
          <error type="Exception">JTD\LaravelMCP\Tests\Feature\Registry\RegistrationIntegrationTest::it_supports_group_registration_with_middleware
Exception: The /var/www/html/vendor/orchestra/testbench-core/laravel/bootstrap/cache directory must be present and writable.

/var/www/html/vendor/laravel/framework/src/Illuminate/Foundation/PackageManifest.php:179
/var/www/html/vendor/orchestra/testbench-core/src/Foundation/PackageManifest.php:157
/var/www/html/vendor/laravel/framework/src/Illuminate/Foundation/PackageManifest.php:132
/var/www/html/vendor/laravel/framework/src/Illuminate/Foundation/PackageManifest.php:108
/var/www/html/vendor/orchestra/testbench-core/src/Foundation/PackageManifest.php:102
/var/www/html/vendor/laravel/framework/src/Illuminate/Foundation/PackageManifest.php:91
/var/www/html/vendor/laravel/framework/src/Illuminate/Foundation/PackageManifest.php:80
/var/www/html/vendor/laravel/framework/src/Illuminate/Foundation/Bootstrap/RegisterFacades.php:26
/var/www/html/vendor/orchestra/testbench-core/src/Concerns/CreatesApplication.php:556
/var/www/html/vendor/orchestra/testbench-core/src/Concerns/CreatesApplication.php:311
/var/www/html/vendor/orchestra/testbench-core/src/TestCase.php:121
/var/www/html/vendor/orchestra/testbench-core/src/Concerns/ApplicationTestingHooks.php:74
/var/www/html/vendor/orchestra/testbench-core/src/Concerns/Testing.php:43
/var/www/html/vendor/laravel/framework/src/Illuminate/Collections/helpers.php:236
/var/www/html/vendor/orchestra/sidekick/src/functions.php:87
/var/www/html/vendor/laravel/framework/src/Illuminate/Collections/helpers.php:236
/var/www/html/vendor/orchestra/testbench-core/src/Concerns/Testing.php:57
/var/www/html/vendor/orchestra/testbench-core/src/TestCase.php:50
/var/www/html/tests/TestCase.php:61
/var/www/html/tests/Feature/Registry/RegistrationIntegrationTest.php:37</error>
        </testcase>
        <testcase name="it_supports_namespace_group_registration" file="/var/www/html/tests/Feature/Registry/RegistrationIntegrationTest.php" line="89" class="JTD\LaravelMCP\Tests\Feature\Registry\RegistrationIntegrationTest" classname="JTD.LaravelMCP.Tests.Feature.Registry.RegistrationIntegrationTest" assertions="0" time="0.000000">
          <error type="Exception">JTD\LaravelMCP\Tests\Feature\Registry\RegistrationIntegrationTest::it_supports_namespace_group_registration
Exception: The /var/www/html/vendor/orchestra/testbench-core/laravel/bootstrap/cache directory must be present and writable.

/var/www/html/vendor/laravel/framework/src/Illuminate/Foundation/PackageManifest.php:179
/var/www/html/vendor/orchestra/testbench-core/src/Foundation/PackageManifest.php:157
/var/www/html/vendor/laravel/framework/src/Illuminate/Foundation/PackageManifest.php:132
/var/www/html/vendor/laravel/framework/src/Illuminate/Foundation/PackageManifest.php:108
/var/www/html/vendor/orchestra/testbench-core/src/Foundation/PackageManifest.php:102
/var/www/html/vendor/laravel/framework/src/Illuminate/Foundation/PackageManifest.php:91
/var/www/html/vendor/laravel/framework/src/Illuminate/Foundation/PackageManifest.php:80
/var/www/html/vendor/laravel/framework/src/Illuminate/Foundation/Bootstrap/RegisterFacades.php:26
/var/www/html/vendor/orchestra/testbench-core/src/Concerns/CreatesApplication.php:556
/var/www/html/vendor/orchestra/testbench-core/src/Concerns/CreatesApplication.php:311
/var/www/html/vendor/orchestra/testbench-core/src/TestCase.php:121
/var/www/html/vendor/orchestra/testbench-core/src/Concerns/ApplicationTestingHooks.php:74
/var/www/html/vendor/orchestra/testbench-core/src/Concerns/Testing.php:43
/var/www/html/vendor/laravel/framework/src/Illuminate/Collections/helpers.php:236
/var/www/html/vendor/orchestra/sidekick/src/functions.php:87
/var/www/html/vendor/laravel/framework/src/Illuminate/Collections/helpers.php:236
/var/www/html/vendor/orchestra/testbench-core/src/Concerns/Testing.php:57
/var/www/html/vendor/orchestra/testbench-core/src/TestCase.php:50
/var/www/html/tests/TestCase.php:61
/var/www/html/tests/Feature/Registry/RegistrationIntegrationTest.php:37</error>
        </testcase>
        <testcase name="it_loads_routes_from_mcp_routes_file" file="/var/www/html/tests/Feature/Registry/RegistrationIntegrationTest.php" line="106" class="JTD\LaravelMCP\Tests\Feature\Registry\RegistrationIntegrationTest" classname="JTD.LaravelMCP.Tests.Feature.Registry.RegistrationIntegrationTest" assertions="0" time="0.000000">
          <error type="Exception">JTD\LaravelMCP\Tests\Feature\Registry\RegistrationIntegrationTest::it_loads_routes_from_mcp_routes_file
Exception: The /var/www/html/vendor/orchestra/testbench-core/laravel/bootstrap/cache directory must be present and writable.

/var/www/html/vendor/laravel/framework/src/Illuminate/Foundation/PackageManifest.php:179
/var/www/html/vendor/orchestra/testbench-core/src/Foundation/PackageManifest.php:157
/var/www/html/vendor/laravel/framework/src/Illuminate/Foundation/PackageManifest.php:132
/var/www/html/vendor/laravel/framework/src/Illuminate/Foundation/PackageManifest.php:108
/var/www/html/vendor/orchestra/testbench-core/src/Foundation/PackageManifest.php:102
/var/www/html/vendor/laravel/framework/src/Illuminate/Foundation/PackageManifest.php:91
/var/www/html/vendor/laravel/framework/src/Illuminate/Foundation/PackageManifest.php:80
/var/www/html/vendor/laravel/framework/src/Illuminate/Foundation/Bootstrap/RegisterFacades.php:26
/var/www/html/vendor/orchestra/testbench-core/src/Concerns/CreatesApplication.php:556
/var/www/html/vendor/orchestra/testbench-core/src/Concerns/CreatesApplication.php:311
/var/www/html/vendor/orchestra/testbench-core/src/TestCase.php:121
/var/www/html/vendor/orchestra/testbench-core/src/Concerns/ApplicationTestingHooks.php:74
/var/www/html/vendor/orchestra/testbench-core/src/Concerns/Testing.php:43
/var/www/html/vendor/laravel/framework/src/Illuminate/Collections/helpers.php:236
/var/www/html/vendor/orchestra/sidekick/src/functions.php:87
/var/www/html/vendor/laravel/framework/src/Illuminate/Collections/helpers.php:236
/var/www/html/vendor/orchestra/testbench-core/src/Concerns/Testing.php:57
/var/www/html/vendor/orchestra/testbench-core/src/TestCase.php:50
/var/www/html/tests/TestCase.php:61
/var/www/html/tests/Feature/Registry/RegistrationIntegrationTest.php:37</error>
        </testcase>
        <testcase name="it_supports_fluent_interface_registration" file="/var/www/html/tests/Feature/Registry/RegistrationIntegrationTest.php" line="135" class="JTD\LaravelMCP\Tests\Feature\Registry\RegistrationIntegrationTest" classname="JTD.LaravelMCP.Tests.Feature.Registry.RegistrationIntegrationTest" assertions="0" time="0.000000">
          <error type="Exception">JTD\LaravelMCP\Tests\Feature\Registry\RegistrationIntegrationTest::it_supports_fluent_interface_registration
Exception: The /var/www/html/vendor/orchestra/testbench-core/laravel/bootstrap/cache directory must be present and writable.

/var/www/html/vendor/laravel/framework/src/Illuminate/Foundation/PackageManifest.php:179
/var/www/html/vendor/orchestra/testbench-core/src/Foundation/PackageManifest.php:157
/var/www/html/vendor/laravel/framework/src/Illuminate/Foundation/PackageManifest.php:132
/var/www/html/vendor/laravel/framework/src/Illuminate/Foundation/PackageManifest.php:108
/var/www/html/vendor/orchestra/testbench-core/src/Foundation/PackageManifest.php:102
/var/www/html/vendor/laravel/framework/src/Illuminate/Foundation/PackageManifest.php:91
/var/www/html/vendor/laravel/framework/src/Illuminate/Foundation/PackageManifest.php:80
/var/www/html/vendor/laravel/framework/src/Illuminate/Foundation/Bootstrap/RegisterFacades.php:26
/var/www/html/vendor/orchestra/testbench-core/src/Concerns/CreatesApplication.php:556
/var/www/html/vendor/orchestra/testbench-core/src/Concerns/CreatesApplication.php:311
/var/www/html/vendor/orchestra/testbench-core/src/TestCase.php:121
/var/www/html/vendor/orchestra/testbench-core/src/Concerns/ApplicationTestingHooks.php:74
/var/www/html/vendor/orchestra/testbench-core/src/Concerns/Testing.php:43
/var/www/html/vendor/laravel/framework/src/Illuminate/Collections/helpers.php:236
/var/www/html/vendor/orchestra/sidekick/src/functions.php:87
/var/www/html/vendor/laravel/framework/src/Illuminate/Collections/helpers.php:236
/var/www/html/vendor/orchestra/testbench-core/src/Concerns/Testing.php:57
/var/www/html/vendor/orchestra/testbench-core/src/TestCase.php:50
/var/www/html/tests/TestCase.php:61
/var/www/html/tests/Feature/Registry/RegistrationIntegrationTest.php:37</error>
        </testcase>
        <testcase name="it_handles_complex_nested_groups" file="/var/www/html/tests/Feature/Registry/RegistrationIntegrationTest.php" line="157" class="JTD\LaravelMCP\Tests\Feature\Registry\RegistrationIntegrationTest" classname="JTD.LaravelMCP.Tests.Feature.Registry.RegistrationIntegrationTest" assertions="0" time="0.000000">
          <error type="Exception">JTD\LaravelMCP\Tests\Feature\Registry\RegistrationIntegrationTest::it_handles_complex_nested_groups
Exception: The /var/www/html/vendor/orchestra/testbench-core/laravel/bootstrap/cache directory must be present and writable.

/var/www/html/vendor/laravel/framework/src/Illuminate/Foundation/PackageManifest.php:179
/var/www/html/vendor/orchestra/testbench-core/src/Foundation/PackageManifest.php:157
/var/www/html/vendor/laravel/framework/src/Illuminate/Foundation/PackageManifest.php:132
/var/www/html/vendor/laravel/framework/src/Illuminate/Foundation/PackageManifest.php:108
/var/www/html/vendor/orchestra/testbench-core/src/Foundation/PackageManifest.php:102
/var/www/html/vendor/laravel/framework/src/Illuminate/Foundation/PackageManifest.php:91
/var/www/html/vendor/laravel/framework/src/Illuminate/Foundation/PackageManifest.php:80
/var/www/html/vendor/laravel/framework/src/Illuminate/Foundation/Bootstrap/RegisterFacades.php:26
/var/www/html/vendor/orchestra/testbench-core/src/Concerns/CreatesApplication.php:556
/var/www/html/vendor/orchestra/testbench-core/src/Concerns/CreatesApplication.php:311
/var/www/html/vendor/orchestra/testbench-core/src/TestCase.php:121
/var/www/html/vendor/orchestra/testbench-core/src/Concerns/ApplicationTestingHooks.php:74
/var/www/html/vendor/orchestra/testbench-core/src/Concerns/Testing.php:43
/var/www/html/vendor/laravel/framework/src/Illuminate/Collections/helpers.php:236
/var/www/html/vendor/orchestra/sidekick/src/functions.php:87
/var/www/html/vendor/laravel/framework/src/Illuminate/Collections/helpers.php:236
/var/www/html/vendor/orchestra/testbench-core/src/Concerns/Testing.php:57
/var/www/html/vendor/orchestra/testbench-core/src/TestCase.php:50
/var/www/html/tests/TestCase.php:61
/var/www/html/tests/Feature/Registry/RegistrationIntegrationTest.php:37</error>
        </testcase>
        <testcase name="it_provides_list_functionality" file="/var/www/html/tests/Feature/Registry/RegistrationIntegrationTest.php" line="177" class="JTD\LaravelMCP\Tests\Feature\Registry\RegistrationIntegrationTest" classname="JTD.LaravelMCP.Tests.Feature.Registry.RegistrationIntegrationTest" assertions="0" time="0.000000">
          <error type="Exception">JTD\LaravelMCP\Tests\Feature\Registry\RegistrationIntegrationTest::it_provides_list_functionality
Exception: The /var/www/html/vendor/orchestra/testbench-core/laravel/bootstrap/cache directory must be present and writable.

/var/www/html/vendor/laravel/framework/src/Illuminate/Foundation/PackageManifest.php:179
/var/www/html/vendor/orchestra/testbench-core/src/Foundation/PackageManifest.php:157
/var/www/html/vendor/laravel/framework/src/Illuminate/Foundation/PackageManifest.php:132
/var/www/html/vendor/laravel/framework/src/Illuminate/Foundation/PackageManifest.php:108
/var/www/html/vendor/orchestra/testbench-core/src/Foundation/PackageManifest.php:102
/var/www/html/vendor/laravel/framework/src/Illuminate/Foundation/PackageManifest.php:91
/var/www/html/vendor/laravel/framework/src/Illuminate/Foundation/PackageManifest.php:80
/var/www/html/vendor/laravel/framework/src/Illuminate/Foundation/Bootstrap/RegisterFacades.php:26
/var/www/html/vendor/orchestra/testbench-core/src/Concerns/CreatesApplication.php:556
/var/www/html/vendor/orchestra/testbench-core/src/Concerns/CreatesApplication.php:311
/var/www/html/vendor/orchestra/testbench-core/src/TestCase.php:121
/var/www/html/vendor/orchestra/testbench-core/src/Concerns/ApplicationTestingHooks.php:74
/var/www/html/vendor/orchestra/testbench-core/src/Concerns/Testing.php:43
/var/www/html/vendor/laravel/framework/src/Illuminate/Collections/helpers.php:236
/var/www/html/vendor/orchestra/sidekick/src/functions.php:87
/var/www/html/vendor/laravel/framework/src/Illuminate/Collections/helpers.php:236
/var/www/html/vendor/orchestra/testbench-core/src/Concerns/Testing.php:57
/var/www/html/vendor/orchestra/testbench-core/src/TestCase.php:50
/var/www/html/tests/TestCase.php:61
/var/www/html/tests/Feature/Registry/RegistrationIntegrationTest.php:37</error>
        </testcase>
        <testcase name="it_integrates_with_service_provider" file="/var/www/html/tests/Feature/Registry/RegistrationIntegrationTest.php" line="198" class="JTD\LaravelMCP\Tests\Feature\Registry\RegistrationIntegrationTest" classname="JTD.LaravelMCP.Tests.Feature.Registry.RegistrationIntegrationTest" assertions="0" time="0.000000">
          <error type="Exception">JTD\LaravelMCP\Tests\Feature\Registry\RegistrationIntegrationTest::it_integrates_with_service_provider
Exception: The /var/www/html/vendor/orchestra/testbench-core/laravel/bootstrap/cache directory must be present and writable.

/var/www/html/vendor/laravel/framework/src/Illuminate/Foundation/PackageManifest.php:179
/var/www/html/vendor/orchestra/testbench-core/src/Foundation/PackageManifest.php:157
/var/www/html/vendor/laravel/framework/src/Illuminate/Foundation/PackageManifest.php:132
/var/www/html/vendor/laravel/framework/src/Illuminate/Foundation/PackageManifest.php:108
/var/www/html/vendor/orchestra/testbench-core/src/Foundation/PackageManifest.php:102
/var/www/html/vendor/laravel/framework/src/Illuminate/Foundation/PackageManifest.php:91
/var/www/html/vendor/laravel/framework/src/Illuminate/Foundation/PackageManifest.php:80
/var/www/html/vendor/laravel/framework/src/Illuminate/Foundation/Bootstrap/RegisterFacades.php:26
/var/www/html/vendor/orchestra/testbench-core/src/Concerns/CreatesApplication.php:556
/var/www/html/vendor/orchestra/testbench-core/src/Concerns/CreatesApplication.php:311
/var/www/html/vendor/orchestra/testbench-core/src/TestCase.php:121
/var/www/html/vendor/orchestra/testbench-core/src/Concerns/ApplicationTestingHooks.php:74
/var/www/html/vendor/orchestra/testbench-core/src/Concerns/Testing.php:43
/var/www/html/vendor/laravel/framework/src/Illuminate/Collections/helpers.php:236
/var/www/html/vendor/orchestra/sidekick/src/functions.php:87
/var/www/html/vendor/laravel/framework/src/Illuminate/Collections/helpers.php:236
/var/www/html/vendor/orchestra/testbench-core/src/Concerns/Testing.php:57
/var/www/html/vendor/orchestra/testbench-core/src/TestCase.php:50
/var/www/html/tests/TestCase.php:61
/var/www/html/tests/Feature/Registry/RegistrationIntegrationTest.php:37</error>
        </testcase>
        <testcase name="it_supports_closure_handlers" file="/var/www/html/tests/Feature/Registry/RegistrationIntegrationTest.php" line="218" class="JTD\LaravelMCP\Tests\Feature\Registry\RegistrationIntegrationTest" classname="JTD.LaravelMCP.Tests.Feature.Registry.RegistrationIntegrationTest" assertions="0" time="0.000000">
          <error type="Exception">JTD\LaravelMCP\Tests\Feature\Registry\RegistrationIntegrationTest::it_supports_closure_handlers
Exception: The /var/www/html/vendor/orchestra/testbench-core/laravel/bootstrap/cache directory must be present and writable.

/var/www/html/vendor/laravel/framework/src/Illuminate/Foundation/PackageManifest.php:179
/var/www/html/vendor/orchestra/testbench-core/src/Foundation/PackageManifest.php:157
/var/www/html/vendor/laravel/framework/src/Illuminate/Foundation/PackageManifest.php:132
/var/www/html/vendor/laravel/framework/src/Illuminate/Foundation/PackageManifest.php:108
/var/www/html/vendor/orchestra/testbench-core/src/Foundation/PackageManifest.php:102
/var/www/html/vendor/laravel/framework/src/Illuminate/Foundation/PackageManifest.php:91
/var/www/html/vendor/laravel/framework/src/Illuminate/Foundation/PackageManifest.php:80
/var/www/html/vendor/laravel/framework/src/Illuminate/Foundation/Bootstrap/RegisterFacades.php:26
/var/www/html/vendor/orchestra/testbench-core/src/Concerns/CreatesApplication.php:556
/var/www/html/vendor/orchestra/testbench-core/src/Concerns/CreatesApplication.php:311
/var/www/html/vendor/orchestra/testbench-core/src/TestCase.php:121
/var/www/html/vendor/orchestra/testbench-core/src/Concerns/ApplicationTestingHooks.php:74
/var/www/html/vendor/orchestra/testbench-core/src/Concerns/Testing.php:43
/var/www/html/vendor/laravel/framework/src/Illuminate/Collections/helpers.php:236
/var/www/html/vendor/orchestra/sidekick/src/functions.php:87
/var/www/html/vendor/laravel/framework/src/Illuminate/Collections/helpers.php:236
/var/www/html/vendor/orchestra/testbench-core/src/Concerns/Testing.php:57
/var/www/html/vendor/orchestra/testbench-core/src/TestCase.php:50
/var/www/html/tests/TestCase.php:61
/var/www/html/tests/Feature/Registry/RegistrationIntegrationTest.php:37</error>
        </testcase>
        <testcase name="it_supports_instance_handlers" file="/var/www/html/tests/Feature/Registry/RegistrationIntegrationTest.php" line="241" class="JTD\LaravelMCP\Tests\Feature\Registry\RegistrationIntegrationTest" classname="JTD.LaravelMCP.Tests.Feature.Registry.RegistrationIntegrationTest" assertions="0" time="0.000000">
          <error type="Exception">JTD\LaravelMCP\Tests\Feature\Registry\RegistrationIntegrationTest::it_supports_instance_handlers
Exception: The /var/www/html/vendor/orchestra/testbench-core/laravel/bootstrap/cache directory must be present and writable.

/var/www/html/vendor/laravel/framework/src/Illuminate/Foundation/PackageManifest.php:179
/var/www/html/vendor/orchestra/testbench-core/src/Foundation/PackageManifest.php:157
/var/www/html/vendor/laravel/framework/src/Illuminate/Foundation/PackageManifest.php:132
/var/www/html/vendor/laravel/framework/src/Illuminate/Foundation/PackageManifest.php:108
/var/www/html/vendor/orchestra/testbench-core/src/Foundation/PackageManifest.php:102
/var/www/html/vendor/laravel/framework/src/Illuminate/Foundation/PackageManifest.php:91
/var/www/html/vendor/laravel/framework/src/Illuminate/Foundation/PackageManifest.php:80
/var/www/html/vendor/laravel/framework/src/Illuminate/Foundation/Bootstrap/RegisterFacades.php:26
/var/www/html/vendor/orchestra/testbench-core/src/Concerns/CreatesApplication.php:556
/var/www/html/vendor/orchestra/testbench-core/src/Concerns/CreatesApplication.php:311
/var/www/html/vendor/orchestra/testbench-core/src/TestCase.php:121
/var/www/html/vendor/orchestra/testbench-core/src/Concerns/ApplicationTestingHooks.php:74
/var/www/html/vendor/orchestra/testbench-core/src/Concerns/Testing.php:43
/var/www/html/vendor/laravel/framework/src/Illuminate/Collections/helpers.php:236
/var/www/html/vendor/orchestra/sidekick/src/functions.php:87
/var/www/html/vendor/laravel/framework/src/Illuminate/Collections/helpers.php:236
/var/www/html/vendor/orchestra/testbench-core/src/Concerns/Testing.php:57
/var/www/html/vendor/orchestra/testbench-core/src/TestCase.php:50
/var/www/html/tests/TestCase.php:61
/var/www/html/tests/Feature/Registry/RegistrationIntegrationTest.php:37</error>
        </testcase>
        <testcase name="it_handles_duplicate_registrations" file="/var/www/html/tests/Feature/Registry/RegistrationIntegrationTest.php" line="262" class="JTD\LaravelMCP\Tests\Feature\Registry\RegistrationIntegrationTest" classname="JTD.LaravelMCP.Tests.Feature.Registry.RegistrationIntegrationTest" assertions="0" time="0.000000">
          <error type="Exception">JTD\LaravelMCP\Tests\Feature\Registry\RegistrationIntegrationTest::it_handles_duplicate_registrations
Exception: The /var/www/html/vendor/orchestra/testbench-core/laravel/bootstrap/cache directory must be present and writable.

/var/www/html/vendor/laravel/framework/src/Illuminate/Foundation/PackageManifest.php:179
/var/www/html/vendor/orchestra/testbench-core/src/Foundation/PackageManifest.php:157
/var/www/html/vendor/laravel/framework/src/Illuminate/Foundation/PackageManifest.php:132
/var/www/html/vendor/laravel/framework/src/Illuminate/Foundation/PackageManifest.php:108
/var/www/html/vendor/orchestra/testbench-core/src/Foundation/PackageManifest.php:102
/var/www/html/vendor/laravel/framework/src/Illuminate/Foundation/PackageManifest.php:91
/var/www/html/vendor/laravel/framework/src/Illuminate/Foundation/PackageManifest.php:80
/var/www/html/vendor/laravel/framework/src/Illuminate/Foundation/Bootstrap/RegisterFacades.php:26
/var/www/html/vendor/orchestra/testbench-core/src/Concerns/CreatesApplication.php:556
/var/www/html/vendor/orchestra/testbench-core/src/Concerns/CreatesApplication.php:311
/var/www/html/vendor/orchestra/testbench-core/src/TestCase.php:121
/var/www/html/vendor/orchestra/testbench-core/src/Concerns/ApplicationTestingHooks.php:74
/var/www/html/vendor/orchestra/testbench-core/src/Concerns/Testing.php:43
/var/www/html/vendor/laravel/framework/src/Illuminate/Collections/helpers.php:236
/var/www/html/vendor/orchestra/sidekick/src/functions.php:87
/var/www/html/vendor/laravel/framework/src/Illuminate/Collections/helpers.php:236
/var/www/html/vendor/orchestra/testbench-core/src/Concerns/Testing.php:57
/var/www/html/vendor/orchestra/testbench-core/src/TestCase.php:50
/var/www/html/tests/TestCase.php:61
/var/www/html/tests/Feature/Registry/RegistrationIntegrationTest.php:37</error>
        </testcase>
        <testcase name="it_validates_empty_component_names" file="/var/www/html/tests/Feature/Registry/RegistrationIntegrationTest.php" line="283" class="JTD\LaravelMCP\Tests\Feature\Registry\RegistrationIntegrationTest" classname="JTD.LaravelMCP.Tests.Feature.Registry.RegistrationIntegrationTest" assertions="0" time="0.000000">
          <error type="Exception">JTD\LaravelMCP\Tests\Feature\Registry\RegistrationIntegrationTest::it_validates_empty_component_names
Exception: The /var/www/html/vendor/orchestra/testbench-core/laravel/bootstrap/cache directory must be present and writable.

/var/www/html/vendor/laravel/framework/src/Illuminate/Foundation/PackageManifest.php:179
/var/www/html/vendor/orchestra/testbench-core/src/Foundation/PackageManifest.php:157
/var/www/html/vendor/laravel/framework/src/Illuminate/Foundation/PackageManifest.php:132
/var/www/html/vendor/laravel/framework/src/Illuminate/Foundation/PackageManifest.php:108
/var/www/html/vendor/orchestra/testbench-core/src/Foundation/PackageManifest.php:102
/var/www/html/vendor/laravel/framework/src/Illuminate/Foundation/PackageManifest.php:91
/var/www/html/vendor/laravel/framework/src/Illuminate/Foundation/PackageManifest.php:80
/var/www/html/vendor/laravel/framework/src/Illuminate/Foundation/Bootstrap/RegisterFacades.php:26
/var/www/html/vendor/orchestra/testbench-core/src/Concerns/CreatesApplication.php:556
/var/www/html/vendor/orchestra/testbench-core/src/Concerns/CreatesApplication.php:311
/var/www/html/vendor/orchestra/testbench-core/src/TestCase.php:121
/var/www/html/vendor/orchestra/testbench-core/src/Concerns/ApplicationTestingHooks.php:74
/var/www/html/vendor/orchestra/testbench-core/src/Concerns/Testing.php:43
/var/www/html/vendor/laravel/framework/src/Illuminate/Collections/helpers.php:236
/var/www/html/vendor/orchestra/sidekick/src/functions.php:87
/var/www/html/vendor/laravel/framework/src/Illuminate/Collections/helpers.php:236
/var/www/html/vendor/orchestra/testbench-core/src/Concerns/Testing.php:57
/var/www/html/vendor/orchestra/testbench-core/src/TestCase.php:50
/var/www/html/tests/TestCase.php:61
/var/www/html/tests/Feature/Registry/RegistrationIntegrationTest.php:37</error>
        </testcase>
        <testcase name="it_validates_non_existent_classes" file="/var/www/html/tests/Feature/Registry/RegistrationIntegrationTest.php" line="297" class="JTD\LaravelMCP\Tests\Feature\Registry\RegistrationIntegrationTest" classname="JTD.LaravelMCP.Tests.Feature.Registry.RegistrationIntegrationTest" assertions="0" time="0.000000">
          <error type="Exception">JTD\LaravelMCP\Tests\Feature\Registry\RegistrationIntegrationTest::it_validates_non_existent_classes
Exception: The /var/www/html/vendor/orchestra/testbench-core/laravel/bootstrap/cache directory must be present and writable.

/var/www/html/vendor/laravel/framework/src/Illuminate/Foundation/PackageManifest.php:179
/var/www/html/vendor/orchestra/testbench-core/src/Foundation/PackageManifest.php:157
/var/www/html/vendor/laravel/framework/src/Illuminate/Foundation/PackageManifest.php:132
/var/www/html/vendor/laravel/framework/src/Illuminate/Foundation/PackageManifest.php:108
/var/www/html/vendor/orchestra/testbench-core/src/Foundation/PackageManifest.php:102
/var/www/html/vendor/laravel/framework/src/Illuminate/Foundation/PackageManifest.php:91
/var/www/html/vendor/laravel/framework/src/Illuminate/Foundation/PackageManifest.php:80
/var/www/html/vendor/laravel/framework/src/Illuminate/Foundation/Bootstrap/RegisterFacades.php:26
/var/www/html/vendor/orchestra/testbench-core/src/Concerns/CreatesApplication.php:556
/var/www/html/vendor/orchestra/testbench-core/src/Concerns/CreatesApplication.php:311
/var/www/html/vendor/orchestra/testbench-core/src/TestCase.php:121
/var/www/html/vendor/orchestra/testbench-core/src/Concerns/ApplicationTestingHooks.php:74
/var/www/html/vendor/orchestra/testbench-core/src/Concerns/Testing.php:43
/var/www/html/vendor/laravel/framework/src/Illuminate/Collections/helpers.php:236
/var/www/html/vendor/orchestra/sidekick/src/functions.php:87
/var/www/html/vendor/laravel/framework/src/Illuminate/Collections/helpers.php:236
/var/www/html/vendor/orchestra/testbench-core/src/Concerns/Testing.php:57
/var/www/html/vendor/orchestra/testbench-core/src/TestCase.php:50
/var/www/html/tests/TestCase.php:61
/var/www/html/tests/Feature/Registry/RegistrationIntegrationTest.php:37</error>
        </testcase>
        <testcase name="it_unregisters_components" file="/var/www/html/tests/Feature/Registry/RegistrationIntegrationTest.php" line="314" class="JTD\LaravelMCP\Tests\Feature\Registry\RegistrationIntegrationTest" classname="JTD.LaravelMCP.Tests.Feature.Registry.RegistrationIntegrationTest" assertions="0" time="0.000000">
          <error type="Exception">JTD\LaravelMCP\Tests\Feature\Registry\RegistrationIntegrationTest::it_unregisters_components
Exception: The /var/www/html/vendor/orchestra/testbench-core/laravel/bootstrap/cache directory must be present and writable.

/var/www/html/vendor/laravel/framework/src/Illuminate/Foundation/PackageManifest.php:179
/var/www/html/vendor/orchestra/testbench-core/src/Foundation/PackageManifest.php:157
/var/www/html/vendor/laravel/framework/src/Illuminate/Foundation/PackageManifest.php:132
/var/www/html/vendor/laravel/framework/src/Illuminate/Foundation/PackageManifest.php:108
/var/www/html/vendor/orchestra/testbench-core/src/Foundation/PackageManifest.php:102
/var/www/html/vendor/laravel/framework/src/Illuminate/Foundation/PackageManifest.php:91
/var/www/html/vendor/laravel/framework/src/Illuminate/Foundation/PackageManifest.php:80
/var/www/html/vendor/laravel/framework/src/Illuminate/Foundation/Bootstrap/RegisterFacades.php:26
/var/www/html/vendor/orchestra/testbench-core/src/Concerns/CreatesApplication.php:556
/var/www/html/vendor/orchestra/testbench-core/src/Concerns/CreatesApplication.php:311
/var/www/html/vendor/orchestra/testbench-core/src/TestCase.php:121
/var/www/html/vendor/orchestra/testbench-core/src/Concerns/ApplicationTestingHooks.php:74
/var/www/html/vendor/orchestra/testbench-core/src/Concerns/Testing.php:43
/var/www/html/vendor/laravel/framework/src/Illuminate/Collections/helpers.php:236
/var/www/html/vendor/orchestra/sidekick/src/functions.php:87
/var/www/html/vendor/laravel/framework/src/Illuminate/Collections/helpers.php:236
/var/www/html/vendor/orchestra/testbench-core/src/Concerns/Testing.php:57
/var/www/html/vendor/orchestra/testbench-core/src/TestCase.php:50
/var/www/html/tests/TestCase.php:61
/var/www/html/tests/Feature/Registry/RegistrationIntegrationTest.php:37</error>
        </testcase>
        <testcase name="it_counts_registered_components" file="/var/www/html/tests/Feature/Registry/RegistrationIntegrationTest.php" line="330" class="JTD\LaravelMCP\Tests\Feature\Registry\RegistrationIntegrationTest" classname="JTD.LaravelMCP.Tests.Feature.Registry.RegistrationIntegrationTest" assertions="0" time="0.000000">
          <error type="Exception">JTD\LaravelMCP\Tests\Feature\Registry\RegistrationIntegrationTest::it_counts_registered_components
Exception: The /var/www/html/vendor/orchestra/testbench-core/laravel/bootstrap/cache directory must be present and writable.

/var/www/html/vendor/laravel/framework/src/Illuminate/Foundation/PackageManifest.php:179
/var/www/html/vendor/orchestra/testbench-core/src/Foundation/PackageManifest.php:157
/var/www/html/vendor/laravel/framework/src/Illuminate/Foundation/PackageManifest.php:132
/var/www/html/vendor/laravel/framework/src/Illuminate/Foundation/PackageManifest.php:108
/var/www/html/vendor/orchestra/testbench-core/src/Foundation/PackageManifest.php:102
/var/www/html/vendor/laravel/framework/src/Illuminate/Foundation/PackageManifest.php:91
/var/www/html/vendor/laravel/framework/src/Illuminate/Foundation/PackageManifest.php:80
/var/www/html/vendor/laravel/framework/src/Illuminate/Foundation/Bootstrap/RegisterFacades.php:26
/var/www/html/vendor/orchestra/testbench-core/src/Concerns/CreatesApplication.php:556
/var/www/html/vendor/orchestra/testbench-core/src/Concerns/CreatesApplication.php:311
/var/www/html/vendor/orchestra/testbench-core/src/TestCase.php:121
/var/www/html/vendor/orchestra/testbench-core/src/Concerns/ApplicationTestingHooks.php:74
/var/www/html/vendor/orchestra/testbench-core/src/Concerns/Testing.php:43
/var/www/html/vendor/laravel/framework/src/Illuminate/Collections/helpers.php:236
/var/www/html/vendor/orchestra/sidekick/src/functions.php:87
/var/www/html/vendor/laravel/framework/src/Illuminate/Collections/helpers.php:236
/var/www/html/vendor/orchestra/testbench-core/src/Concerns/Testing.php:57
/var/www/html/vendor/orchestra/testbench-core/src/TestCase.php:50
/var/www/html/tests/TestCase.php:61
/var/www/html/tests/Feature/Registry/RegistrationIntegrationTest.php:37</error>
        </testcase>
      </testsuite>
      <testsuite name="JTD\LaravelMCP\Tests\Feature\RouteRegistrationIntegrationTest" file="/var/www/html/tests/Feature/RouteRegistrationIntegrationTest.php" tests="17" assertions="0" errors="17" failures="0" skipped="0" time="0.000000">
        <testcase name="test_full_route_registration_flow_for_tools" file="/var/www/html/tests/Feature/RouteRegistrationIntegrationTest.php" line="37" class="JTD\LaravelMCP\Tests\Feature\RouteRegistrationIntegrationTest" classname="JTD.LaravelMCP.Tests.Feature.RouteRegistrationIntegrationTest" assertions="0" time="0.000000">
          <error type="Exception">JTD\LaravelMCP\Tests\Feature\RouteRegistrationIntegrationTest::test_full_route_registration_flow_for_tools
Exception: The /var/www/html/vendor/orchestra/testbench-core/laravel/bootstrap/cache directory must be present and writable.

/var/www/html/vendor/laravel/framework/src/Illuminate/Foundation/PackageManifest.php:179
/var/www/html/vendor/orchestra/testbench-core/src/Foundation/PackageManifest.php:157
/var/www/html/vendor/laravel/framework/src/Illuminate/Foundation/PackageManifest.php:132
/var/www/html/vendor/laravel/framework/src/Illuminate/Foundation/PackageManifest.php:108
/var/www/html/vendor/orchestra/testbench-core/src/Foundation/PackageManifest.php:102
/var/www/html/vendor/laravel/framework/src/Illuminate/Foundation/PackageManifest.php:91
/var/www/html/vendor/laravel/framework/src/Illuminate/Foundation/PackageManifest.php:80
/var/www/html/vendor/laravel/framework/src/Illuminate/Foundation/Bootstrap/RegisterFacades.php:26
/var/www/html/vendor/orchestra/testbench-core/src/Concerns/CreatesApplication.php:556
/var/www/html/vendor/orchestra/testbench-core/src/Concerns/CreatesApplication.php:311
/var/www/html/vendor/orchestra/testbench-core/src/TestCase.php:121
/var/www/html/vendor/orchestra/testbench-core/src/Concerns/ApplicationTestingHooks.php:74
/var/www/html/vendor/orchestra/testbench-core/src/Concerns/Testing.php:43
/var/www/html/vendor/laravel/framework/src/Illuminate/Collections/helpers.php:236
/var/www/html/vendor/orchestra/sidekick/src/functions.php:87
/var/www/html/vendor/laravel/framework/src/Illuminate/Collections/helpers.php:236
/var/www/html/vendor/orchestra/testbench-core/src/Concerns/Testing.php:57
/var/www/html/vendor/orchestra/testbench-core/src/TestCase.php:50
/var/www/html/tests/TestCase.php:61
/var/www/html/tests/Feature/RouteRegistrationIntegrationTest.php:26</error>
        </testcase>
        <testcase name="test_full_route_registration_flow_for_resources" file="/var/www/html/tests/Feature/RouteRegistrationIntegrationTest.php" line="55" class="JTD\LaravelMCP\Tests\Feature\RouteRegistrationIntegrationTest" classname="JTD.LaravelMCP.Tests.Feature.RouteRegistrationIntegrationTest" assertions="0" time="0.000000">
          <error type="Exception">JTD\LaravelMCP\Tests\Feature\RouteRegistrationIntegrationTest::test_full_route_registration_flow_for_resources
Exception: The /var/www/html/vendor/orchestra/testbench-core/laravel/bootstrap/cache directory must be present and writable.

/var/www/html/vendor/laravel/framework/src/Illuminate/Foundation/PackageManifest.php:179
/var/www/html/vendor/orchestra/testbench-core/src/Foundation/PackageManifest.php:157
/var/www/html/vendor/laravel/framework/src/Illuminate/Foundation/PackageManifest.php:132
/var/www/html/vendor/laravel/framework/src/Illuminate/Foundation/PackageManifest.php:108
/var/www/html/vendor/orchestra/testbench-core/src/Foundation/PackageManifest.php:102
/var/www/html/vendor/laravel/framework/src/Illuminate/Foundation/PackageManifest.php:91
/var/www/html/vendor/laravel/framework/src/Illuminate/Foundation/PackageManifest.php:80
/var/www/html/vendor/laravel/framework/src/Illuminate/Foundation/Bootstrap/RegisterFacades.php:26
/var/www/html/vendor/orchestra/testbench-core/src/Concerns/CreatesApplication.php:556
/var/www/html/vendor/orchestra/testbench-core/src/Concerns/CreatesApplication.php:311
/var/www/html/vendor/orchestra/testbench-core/src/TestCase.php:121
/var/www/html/vendor/orchestra/testbench-core/src/Concerns/ApplicationTestingHooks.php:74
/var/www/html/vendor/orchestra/testbench-core/src/Concerns/Testing.php:43
/var/www/html/vendor/laravel/framework/src/Illuminate/Collections/helpers.php:236
/var/www/html/vendor/orchestra/sidekick/src/functions.php:87
/var/www/html/vendor/laravel/framework/src/Illuminate/Collections/helpers.php:236
/var/www/html/vendor/orchestra/testbench-core/src/Concerns/Testing.php:57
/var/www/html/vendor/orchestra/testbench-core/src/TestCase.php:50
/var/www/html/tests/TestCase.php:61
/var/www/html/tests/Feature/RouteRegistrationIntegrationTest.php:26</error>
        </testcase>
        <testcase name="test_full_route_registration_flow_for_prompts" file="/var/www/html/tests/Feature/RouteRegistrationIntegrationTest.php" line="72" class="JTD\LaravelMCP\Tests\Feature\RouteRegistrationIntegrationTest" classname="JTD.LaravelMCP.Tests.Feature.RouteRegistrationIntegrationTest" assertions="0" time="0.000000">
          <error type="Exception">JTD\LaravelMCP\Tests\Feature\RouteRegistrationIntegrationTest::test_full_route_registration_flow_for_prompts
Exception: The /var/www/html/vendor/orchestra/testbench-core/laravel/bootstrap/cache directory must be present and writable.

/var/www/html/vendor/laravel/framework/src/Illuminate/Foundation/PackageManifest.php:179
/var/www/html/vendor/orchestra/testbench-core/src/Foundation/PackageManifest.php:157
/var/www/html/vendor/laravel/framework/src/Illuminate/Foundation/PackageManifest.php:132
/var/www/html/vendor/laravel/framework/src/Illuminate/Foundation/PackageManifest.php:108
/var/www/html/vendor/orchestra/testbench-core/src/Foundation/PackageManifest.php:102
/var/www/html/vendor/laravel/framework/src/Illuminate/Foundation/PackageManifest.php:91
/var/www/html/vendor/laravel/framework/src/Illuminate/Foundation/PackageManifest.php:80
/var/www/html/vendor/laravel/framework/src/Illuminate/Foundation/Bootstrap/RegisterFacades.php:26
/var/www/html/vendor/orchestra/testbench-core/src/Concerns/CreatesApplication.php:556
/var/www/html/vendor/orchestra/testbench-core/src/Concerns/CreatesApplication.php:311
/var/www/html/vendor/orchestra/testbench-core/src/TestCase.php:121
/var/www/html/vendor/orchestra/testbench-core/src/Concerns/ApplicationTestingHooks.php:74
/var/www/html/vendor/orchestra/testbench-core/src/Concerns/Testing.php:43
/var/www/html/vendor/laravel/framework/src/Illuminate/Collections/helpers.php:236
/var/www/html/vendor/orchestra/sidekick/src/functions.php:87
/var/www/html/vendor/laravel/framework/src/Illuminate/Collections/helpers.php:236
/var/www/html/vendor/orchestra/testbench-core/src/Concerns/Testing.php:57
/var/www/html/vendor/orchestra/testbench-core/src/TestCase.php:50
/var/www/html/tests/TestCase.php:61
/var/www/html/tests/Feature/RouteRegistrationIntegrationTest.php:26</error>
        </testcase>
        <testcase name="test_component_discovery_with_route_registration" file="/var/www/html/tests/Feature/RouteRegistrationIntegrationTest.php" line="89" class="JTD\LaravelMCP\Tests\Feature\RouteRegistrationIntegrationTest" classname="JTD.LaravelMCP.Tests.Feature.RouteRegistrationIntegrationTest" assertions="0" time="0.000000">
          <error type="Exception">JTD\LaravelMCP\Tests\Feature\RouteRegistrationIntegrationTest::test_component_discovery_with_route_registration
Exception: The /var/www/html/vendor/orchestra/testbench-core/laravel/bootstrap/cache directory must be present and writable.

/var/www/html/vendor/laravel/framework/src/Illuminate/Foundation/PackageManifest.php:179
/var/www/html/vendor/orchestra/testbench-core/src/Foundation/PackageManifest.php:157
/var/www/html/vendor/laravel/framework/src/Illuminate/Foundation/PackageManifest.php:132
/var/www/html/vendor/laravel/framework/src/Illuminate/Foundation/PackageManifest.php:108
/var/www/html/vendor/orchestra/testbench-core/src/Foundation/PackageManifest.php:102
/var/www/html/vendor/laravel/framework/src/Illuminate/Foundation/PackageManifest.php:91
/var/www/html/vendor/laravel/framework/src/Illuminate/Foundation/PackageManifest.php:80
/var/www/html/vendor/laravel/framework/src/Illuminate/Foundation/Bootstrap/RegisterFacades.php:26
/var/www/html/vendor/orchestra/testbench-core/src/Concerns/CreatesApplication.php:556
/var/www/html/vendor/orchestra/testbench-core/src/Concerns/CreatesApplication.php:311
/var/www/html/vendor/orchestra/testbench-core/src/TestCase.php:121
/var/www/html/vendor/orchestra/testbench-core/src/Concerns/ApplicationTestingHooks.php:74
/var/www/html/vendor/orchestra/testbench-core/src/Concerns/Testing.php:43
/var/www/html/vendor/laravel/framework/src/Illuminate/Collections/helpers.php:236
/var/www/html/vendor/orchestra/sidekick/src/functions.php:87
/var/www/html/vendor/laravel/framework/src/Illuminate/Collections/helpers.php:236
/var/www/html/vendor/orchestra/testbench-core/src/Concerns/Testing.php:57
/var/www/html/vendor/orchestra/testbench-core/src/TestCase.php:50
/var/www/html/tests/TestCase.php:61
/var/www/html/tests/Feature/RouteRegistrationIntegrationTest.php:26</error>
        </testcase>
        <testcase name="test_route_registration_with_middleware" file="/var/www/html/tests/Feature/RouteRegistrationIntegrationTest.php" line="112" class="JTD\LaravelMCP\Tests\Feature\RouteRegistrationIntegrationTest" classname="JTD.LaravelMCP.Tests.Feature.RouteRegistrationIntegrationTest" assertions="0" time="0.000000">
          <error type="Exception">JTD\LaravelMCP\Tests\Feature\RouteRegistrationIntegrationTest::test_route_registration_with_middleware
Exception: The /var/www/html/vendor/orchestra/testbench-core/laravel/bootstrap/cache directory must be present and writable.

/var/www/html/vendor/laravel/framework/src/Illuminate/Foundation/PackageManifest.php:179
/var/www/html/vendor/orchestra/testbench-core/src/Foundation/PackageManifest.php:157
/var/www/html/vendor/laravel/framework/src/Illuminate/Foundation/PackageManifest.php:132
/var/www/html/vendor/laravel/framework/src/Illuminate/Foundation/PackageManifest.php:108
/var/www/html/vendor/orchestra/testbench-core/src/Foundation/PackageManifest.php:102
/var/www/html/vendor/laravel/framework/src/Illuminate/Foundation/PackageManifest.php:91
/var/www/html/vendor/laravel/framework/src/Illuminate/Foundation/PackageManifest.php:80
/var/www/html/vendor/laravel/framework/src/Illuminate/Foundation/Bootstrap/RegisterFacades.php:26
/var/www/html/vendor/orchestra/testbench-core/src/Concerns/CreatesApplication.php:556
/var/www/html/vendor/orchestra/testbench-core/src/Concerns/CreatesApplication.php:311
/var/www/html/vendor/orchestra/testbench-core/src/TestCase.php:121
/var/www/html/vendor/orchestra/testbench-core/src/Concerns/ApplicationTestingHooks.php:74
/var/www/html/vendor/orchestra/testbench-core/src/Concerns/Testing.php:43
/var/www/html/vendor/laravel/framework/src/Illuminate/Collections/helpers.php:236
/var/www/html/vendor/orchestra/sidekick/src/functions.php:87
/var/www/html/vendor/laravel/framework/src/Illuminate/Collections/helpers.php:236
/var/www/html/vendor/orchestra/testbench-core/src/Concerns/Testing.php:57
/var/www/html/vendor/orchestra/testbench-core/src/TestCase.php:50
/var/www/html/tests/TestCase.php:61
/var/www/html/tests/Feature/RouteRegistrationIntegrationTest.php:26</error>
        </testcase>
        <testcase name="test_route_registration_with_custom_prefix" file="/var/www/html/tests/Feature/RouteRegistrationIntegrationTest.php" line="131" class="JTD\LaravelMCP\Tests\Feature\RouteRegistrationIntegrationTest" classname="JTD.LaravelMCP.Tests.Feature.RouteRegistrationIntegrationTest" assertions="0" time="0.000000">
          <error type="Exception">JTD\LaravelMCP\Tests\Feature\RouteRegistrationIntegrationTest::test_route_registration_with_custom_prefix
Exception: The /var/www/html/vendor/orchestra/testbench-core/laravel/bootstrap/cache directory must be present and writable.

/var/www/html/vendor/laravel/framework/src/Illuminate/Foundation/PackageManifest.php:179
/var/www/html/vendor/orchestra/testbench-core/src/Foundation/PackageManifest.php:157
/var/www/html/vendor/laravel/framework/src/Illuminate/Foundation/PackageManifest.php:132
/var/www/html/vendor/laravel/framework/src/Illuminate/Foundation/PackageManifest.php:108
/var/www/html/vendor/orchestra/testbench-core/src/Foundation/PackageManifest.php:102
/var/www/html/vendor/laravel/framework/src/Illuminate/Foundation/PackageManifest.php:91
/var/www/html/vendor/laravel/framework/src/Illuminate/Foundation/PackageManifest.php:80
/var/www/html/vendor/laravel/framework/src/Illuminate/Foundation/Bootstrap/RegisterFacades.php:26
/var/www/html/vendor/orchestra/testbench-core/src/Concerns/CreatesApplication.php:556
/var/www/html/vendor/orchestra/testbench-core/src/Concerns/CreatesApplication.php:311
/var/www/html/vendor/orchestra/testbench-core/src/TestCase.php:121
/var/www/html/vendor/orchestra/testbench-core/src/Concerns/ApplicationTestingHooks.php:74
/var/www/html/vendor/orchestra/testbench-core/src/Concerns/Testing.php:43
/var/www/html/vendor/laravel/framework/src/Illuminate/Collections/helpers.php:236
/var/www/html/vendor/orchestra/sidekick/src/functions.php:87
/var/www/html/vendor/laravel/framework/src/Illuminate/Collections/helpers.php:236
/var/www/html/vendor/orchestra/testbench-core/src/Concerns/Testing.php:57
/var/www/html/vendor/orchestra/testbench-core/src/TestCase.php:50
/var/www/html/tests/TestCase.php:61
/var/www/html/tests/Feature/RouteRegistrationIntegrationTest.php:26</error>
        </testcase>
        <testcase name="test_route_registration_with_constraints" file="/var/www/html/tests/Feature/RouteRegistrationIntegrationTest.php" line="149" class="JTD\LaravelMCP\Tests\Feature\RouteRegistrationIntegrationTest" classname="JTD.LaravelMCP.Tests.Feature.RouteRegistrationIntegrationTest" assertions="0" time="0.000000">
          <error type="Exception">JTD\LaravelMCP\Tests\Feature\RouteRegistrationIntegrationTest::test_route_registration_with_constraints
Exception: The /var/www/html/vendor/orchestra/testbench-core/laravel/bootstrap/cache directory must be present and writable.

/var/www/html/vendor/laravel/framework/src/Illuminate/Foundation/PackageManifest.php:179
/var/www/html/vendor/orchestra/testbench-core/src/Foundation/PackageManifest.php:157
/var/www/html/vendor/laravel/framework/src/Illuminate/Foundation/PackageManifest.php:132
/var/www/html/vendor/laravel/framework/src/Illuminate/Foundation/PackageManifest.php:108
/var/www/html/vendor/orchestra/testbench-core/src/Foundation/PackageManifest.php:102
/var/www/html/vendor/laravel/framework/src/Illuminate/Foundation/PackageManifest.php:91
/var/www/html/vendor/laravel/framework/src/Illuminate/Foundation/PackageManifest.php:80
/var/www/html/vendor/laravel/framework/src/Illuminate/Foundation/Bootstrap/RegisterFacades.php:26
/var/www/html/vendor/orchestra/testbench-core/src/Concerns/CreatesApplication.php:556
/var/www/html/vendor/orchestra/testbench-core/src/Concerns/CreatesApplication.php:311
/var/www/html/vendor/orchestra/testbench-core/src/TestCase.php:121
/var/www/html/vendor/orchestra/testbench-core/src/Concerns/ApplicationTestingHooks.php:74
/var/www/html/vendor/orchestra/testbench-core/src/Concerns/Testing.php:43
/var/www/html/vendor/laravel/framework/src/Illuminate/Collections/helpers.php:236
/var/www/html/vendor/orchestra/sidekick/src/functions.php:87
/var/www/html/vendor/laravel/framework/src/Illuminate/Collections/helpers.php:236
/var/www/html/vendor/orchestra/testbench-core/src/Concerns/Testing.php:57
/var/www/html/vendor/orchestra/testbench-core/src/TestCase.php:50
/var/www/html/tests/TestCase.php:61
/var/www/html/tests/Feature/RouteRegistrationIntegrationTest.php:26</error>
        </testcase>
        <testcase name="test_route_caching_compatibility" file="/var/www/html/tests/Feature/RouteRegistrationIntegrationTest.php" line="161" class="JTD\LaravelMCP\Tests\Feature\RouteRegistrationIntegrationTest" classname="JTD.LaravelMCP.Tests.Feature.RouteRegistrationIntegrationTest" assertions="0" time="0.000000">
          <error type="Exception">JTD\LaravelMCP\Tests\Feature\RouteRegistrationIntegrationTest::test_route_caching_compatibility
Exception: The /var/www/html/vendor/orchestra/testbench-core/laravel/bootstrap/cache directory must be present and writable.

/var/www/html/vendor/laravel/framework/src/Illuminate/Foundation/PackageManifest.php:179
/var/www/html/vendor/orchestra/testbench-core/src/Foundation/PackageManifest.php:157
/var/www/html/vendor/laravel/framework/src/Illuminate/Foundation/PackageManifest.php:132
/var/www/html/vendor/laravel/framework/src/Illuminate/Foundation/PackageManifest.php:108
/var/www/html/vendor/orchestra/testbench-core/src/Foundation/PackageManifest.php:102
/var/www/html/vendor/laravel/framework/src/Illuminate/Foundation/PackageManifest.php:91
/var/www/html/vendor/laravel/framework/src/Illuminate/Foundation/PackageManifest.php:80
/var/www/html/vendor/laravel/framework/src/Illuminate/Foundation/Bootstrap/RegisterFacades.php:26
/var/www/html/vendor/orchestra/testbench-core/src/Concerns/CreatesApplication.php:556
/var/www/html/vendor/orchestra/testbench-core/src/Concerns/CreatesApplication.php:311
/var/www/html/vendor/orchestra/testbench-core/src/TestCase.php:121
/var/www/html/vendor/orchestra/testbench-core/src/Concerns/ApplicationTestingHooks.php:74
/var/www/html/vendor/orchestra/testbench-core/src/Concerns/Testing.php:43
/var/www/html/vendor/laravel/framework/src/Illuminate/Collections/helpers.php:236
/var/www/html/vendor/orchestra/sidekick/src/functions.php:87
/var/www/html/vendor/laravel/framework/src/Illuminate/Collections/helpers.php:236
/var/www/html/vendor/orchestra/testbench-core/src/Concerns/Testing.php:57
/var/www/html/vendor/orchestra/testbench-core/src/TestCase.php:50
/var/www/html/tests/TestCase.php:61
/var/www/html/tests/Feature/RouteRegistrationIntegrationTest.php:26</error>
        </testcase>
        <testcase name="test_route_group_registration" file="/var/www/html/tests/Feature/RouteRegistrationIntegrationTest.php" line="177" class="JTD\LaravelMCP\Tests\Feature\RouteRegistrationIntegrationTest" classname="JTD.LaravelMCP.Tests.Feature.RouteRegistrationIntegrationTest" assertions="0" time="0.000000">
          <error type="Exception">JTD\LaravelMCP\Tests\Feature\RouteRegistrationIntegrationTest::test_route_group_registration
Exception: The /var/www/html/vendor/orchestra/testbench-core/laravel/bootstrap/cache directory must be present and writable.

/var/www/html/vendor/laravel/framework/src/Illuminate/Foundation/PackageManifest.php:179
/var/www/html/vendor/orchestra/testbench-core/src/Foundation/PackageManifest.php:157
/var/www/html/vendor/laravel/framework/src/Illuminate/Foundation/PackageManifest.php:132
/var/www/html/vendor/laravel/framework/src/Illuminate/Foundation/PackageManifest.php:108
/var/www/html/vendor/orchestra/testbench-core/src/Foundation/PackageManifest.php:102
/var/www/html/vendor/laravel/framework/src/Illuminate/Foundation/PackageManifest.php:91
/var/www/html/vendor/laravel/framework/src/Illuminate/Foundation/PackageManifest.php:80
/var/www/html/vendor/laravel/framework/src/Illuminate/Foundation/Bootstrap/RegisterFacades.php:26
/var/www/html/vendor/orchestra/testbench-core/src/Concerns/CreatesApplication.php:556
/var/www/html/vendor/orchestra/testbench-core/src/Concerns/CreatesApplication.php:311
/var/www/html/vendor/orchestra/testbench-core/src/TestCase.php:121
/var/www/html/vendor/orchestra/testbench-core/src/Concerns/ApplicationTestingHooks.php:74
/var/www/html/vendor/orchestra/testbench-core/src/Concerns/Testing.php:43
/var/www/html/vendor/laravel/framework/src/Illuminate/Collections/helpers.php:236
/var/www/html/vendor/orchestra/sidekick/src/functions.php:87
/var/www/html/vendor/laravel/framework/src/Illuminate/Collections/helpers.php:236
/var/www/html/vendor/orchestra/testbench-core/src/Concerns/Testing.php:57
/var/www/html/vendor/orchestra/testbench-core/src/TestCase.php:50
/var/www/html/tests/TestCase.php:61
/var/www/html/tests/Feature/RouteRegistrationIntegrationTest.php:26</error>
        </testcase>
        <testcase name="test_nested_route_groups" file="/var/www/html/tests/Feature/RouteRegistrationIntegrationTest.php" line="200" class="JTD\LaravelMCP\Tests\Feature\RouteRegistrationIntegrationTest" classname="JTD.LaravelMCP.Tests.Feature.RouteRegistrationIntegrationTest" assertions="0" time="0.000000">
          <error type="Exception">JTD\LaravelMCP\Tests\Feature\RouteRegistrationIntegrationTest::test_nested_route_groups
Exception: The /var/www/html/vendor/orchestra/testbench-core/laravel/bootstrap/cache directory must be present and writable.

/var/www/html/vendor/laravel/framework/src/Illuminate/Foundation/PackageManifest.php:179
/var/www/html/vendor/orchestra/testbench-core/src/Foundation/PackageManifest.php:157
/var/www/html/vendor/laravel/framework/src/Illuminate/Foundation/PackageManifest.php:132
/var/www/html/vendor/laravel/framework/src/Illuminate/Foundation/PackageManifest.php:108
/var/www/html/vendor/orchestra/testbench-core/src/Foundation/PackageManifest.php:102
/var/www/html/vendor/laravel/framework/src/Illuminate/Foundation/PackageManifest.php:91
/var/www/html/vendor/laravel/framework/src/Illuminate/Foundation/PackageManifest.php:80
/var/www/html/vendor/laravel/framework/src/Illuminate/Foundation/Bootstrap/RegisterFacades.php:26
/var/www/html/vendor/orchestra/testbench-core/src/Concerns/CreatesApplication.php:556
/var/www/html/vendor/orchestra/testbench-core/src/Concerns/CreatesApplication.php:311
/var/www/html/vendor/orchestra/testbench-core/src/TestCase.php:121
/var/www/html/vendor/orchestra/testbench-core/src/Concerns/ApplicationTestingHooks.php:74
/var/www/html/vendor/orchestra/testbench-core/src/Concerns/Testing.php:43
/var/www/html/vendor/laravel/framework/src/Illuminate/Collections/helpers.php:236
/var/www/html/vendor/orchestra/sidekick/src/functions.php:87
/var/www/html/vendor/laravel/framework/src/Illuminate/Collections/helpers.php:236
/var/www/html/vendor/orchestra/testbench-core/src/Concerns/Testing.php:57
/var/www/html/vendor/orchestra/testbench-core/src/TestCase.php:50
/var/www/html/tests/TestCase.php:61
/var/www/html/tests/Feature/RouteRegistrationIntegrationTest.php:26</error>
        </testcase>
        <testcase name="test_resource_style_route_generation" file="/var/www/html/tests/Feature/RouteRegistrationIntegrationTest.php" line="223" class="JTD\LaravelMCP\Tests\Feature\RouteRegistrationIntegrationTest" classname="JTD.LaravelMCP.Tests.Feature.RouteRegistrationIntegrationTest" assertions="0" time="0.000000">
          <error type="Exception">JTD\LaravelMCP\Tests\Feature\RouteRegistrationIntegrationTest::test_resource_style_route_generation
Exception: The /var/www/html/vendor/orchestra/testbench-core/laravel/bootstrap/cache directory must be present and writable.

/var/www/html/vendor/laravel/framework/src/Illuminate/Foundation/PackageManifest.php:179
/var/www/html/vendor/orchestra/testbench-core/src/Foundation/PackageManifest.php:157
/var/www/html/vendor/laravel/framework/src/Illuminate/Foundation/PackageManifest.php:132
/var/www/html/vendor/laravel/framework/src/Illuminate/Foundation/PackageManifest.php:108
/var/www/html/vendor/orchestra/testbench-core/src/Foundation/PackageManifest.php:102
/var/www/html/vendor/laravel/framework/src/Illuminate/Foundation/PackageManifest.php:91
/var/www/html/vendor/laravel/framework/src/Illuminate/Foundation/PackageManifest.php:80
/var/www/html/vendor/laravel/framework/src/Illuminate/Foundation/Bootstrap/RegisterFacades.php:26
/var/www/html/vendor/orchestra/testbench-core/src/Concerns/CreatesApplication.php:556
/var/www/html/vendor/orchestra/testbench-core/src/Concerns/CreatesApplication.php:311
/var/www/html/vendor/orchestra/testbench-core/src/TestCase.php:121
/var/www/html/vendor/orchestra/testbench-core/src/Concerns/ApplicationTestingHooks.php:74
/var/www/html/vendor/orchestra/testbench-core/src/Concerns/Testing.php:43
/var/www/html/vendor/laravel/framework/src/Illuminate/Collections/helpers.php:236
/var/www/html/vendor/orchestra/sidekick/src/functions.php:87
/var/www/html/vendor/laravel/framework/src/Illuminate/Collections/helpers.php:236
/var/www/html/vendor/orchestra/testbench-core/src/Concerns/Testing.php:57
/var/www/html/vendor/orchestra/testbench-core/src/TestCase.php:50
/var/www/html/tests/TestCase.php:61
/var/www/html/tests/Feature/RouteRegistrationIntegrationTest.php:26</error>
        </testcase>
        <testcase name="test_route_registration_with_custom_controller" file="/var/www/html/tests/Feature/RouteRegistrationIntegrationTest.php" line="259" class="JTD\LaravelMCP\Tests\Feature\RouteRegistrationIntegrationTest" classname="JTD.LaravelMCP.Tests.Feature.RouteRegistrationIntegrationTest" assertions="0" time="0.000000">
          <error type="Exception">JTD\LaravelMCP\Tests\Feature\RouteRegistrationIntegrationTest::test_route_registration_with_custom_controller
Exception: The /var/www/html/vendor/orchestra/testbench-core/laravel/bootstrap/cache directory must be present and writable.

/var/www/html/vendor/laravel/framework/src/Illuminate/Foundation/PackageManifest.php:179
/var/www/html/vendor/orchestra/testbench-core/src/Foundation/PackageManifest.php:157
/var/www/html/vendor/laravel/framework/src/Illuminate/Foundation/PackageManifest.php:132
/var/www/html/vendor/laravel/framework/src/Illuminate/Foundation/PackageManifest.php:108
/var/www/html/vendor/orchestra/testbench-core/src/Foundation/PackageManifest.php:102
/var/www/html/vendor/laravel/framework/src/Illuminate/Foundation/PackageManifest.php:91
/var/www/html/vendor/laravel/framework/src/Illuminate/Foundation/PackageManifest.php:80
/var/www/html/vendor/laravel/framework/src/Illuminate/Foundation/Bootstrap/RegisterFacades.php:26
/var/www/html/vendor/orchestra/testbench-core/src/Concerns/CreatesApplication.php:556
/var/www/html/vendor/orchestra/testbench-core/src/Concerns/CreatesApplication.php:311
/var/www/html/vendor/orchestra/testbench-core/src/TestCase.php:121
/var/www/html/vendor/orchestra/testbench-core/src/Concerns/ApplicationTestingHooks.php:74
/var/www/html/vendor/orchestra/testbench-core/src/Concerns/Testing.php:43
/var/www/html/vendor/laravel/framework/src/Illuminate/Collections/helpers.php:236
/var/www/html/vendor/orchestra/sidekick/src/functions.php:87
/var/www/html/vendor/laravel/framework/src/Illuminate/Collections/helpers.php:236
/var/www/html/vendor/orchestra/testbench-core/src/Concerns/Testing.php:57
/var/www/html/vendor/orchestra/testbench-core/src/TestCase.php:50
/var/www/html/tests/TestCase.php:61
/var/www/html/tests/Feature/RouteRegistrationIntegrationTest.php:26</error>
        </testcase>
        <testcase name="test_error_handling_during_route_registration" file="/var/www/html/tests/Feature/RouteRegistrationIntegrationTest.php" line="274" class="JTD\LaravelMCP\Tests\Feature\RouteRegistrationIntegrationTest" classname="JTD.LaravelMCP.Tests.Feature.RouteRegistrationIntegrationTest" assertions="0" time="0.000000">
          <error type="Exception">JTD\LaravelMCP\Tests\Feature\RouteRegistrationIntegrationTest::test_error_handling_during_route_registration
Exception: The /var/www/html/vendor/orchestra/testbench-core/laravel/bootstrap/cache directory must be present and writable.

/var/www/html/vendor/laravel/framework/src/Illuminate/Foundation/PackageManifest.php:179
/var/www/html/vendor/orchestra/testbench-core/src/Foundation/PackageManifest.php:157
/var/www/html/vendor/laravel/framework/src/Illuminate/Foundation/PackageManifest.php:132
/var/www/html/vendor/laravel/framework/src/Illuminate/Foundation/PackageManifest.php:108
/var/www/html/vendor/orchestra/testbench-core/src/Foundation/PackageManifest.php:102
/var/www/html/vendor/laravel/framework/src/Illuminate/Foundation/PackageManifest.php:91
/var/www/html/vendor/laravel/framework/src/Illuminate/Foundation/PackageManifest.php:80
/var/www/html/vendor/laravel/framework/src/Illuminate/Foundation/Bootstrap/RegisterFacades.php:26
/var/www/html/vendor/orchestra/testbench-core/src/Concerns/CreatesApplication.php:556
/var/www/html/vendor/orchestra/testbench-core/src/Concerns/CreatesApplication.php:311
/var/www/html/vendor/orchestra/testbench-core/src/TestCase.php:121
/var/www/html/vendor/orchestra/testbench-core/src/Concerns/ApplicationTestingHooks.php:74
/var/www/html/vendor/orchestra/testbench-core/src/Concerns/Testing.php:43
/var/www/html/vendor/laravel/framework/src/Illuminate/Collections/helpers.php:236
/var/www/html/vendor/orchestra/sidekick/src/functions.php:87
/var/www/html/vendor/laravel/framework/src/Illuminate/Collections/helpers.php:236
/var/www/html/vendor/orchestra/testbench-core/src/Concerns/Testing.php:57
/var/www/html/vendor/orchestra/testbench-core/src/TestCase.php:50
/var/www/html/tests/TestCase.php:61
/var/www/html/tests/Feature/RouteRegistrationIntegrationTest.php:26</error>
        </testcase>
        <testcase name="test_route_name_collision_handling" file="/var/www/html/tests/Feature/RouteRegistrationIntegrationTest.php" line="308" class="JTD\LaravelMCP\Tests\Feature\RouteRegistrationIntegrationTest" classname="JTD.LaravelMCP.Tests.Feature.RouteRegistrationIntegrationTest" assertions="0" time="0.000000">
          <error type="Exception">JTD\LaravelMCP\Tests\Feature\RouteRegistrationIntegrationTest::test_route_name_collision_handling
Exception: The /var/www/html/vendor/orchestra/testbench-core/laravel/bootstrap/cache directory must be present and writable.

/var/www/html/vendor/laravel/framework/src/Illuminate/Foundation/PackageManifest.php:179
/var/www/html/vendor/orchestra/testbench-core/src/Foundation/PackageManifest.php:157
/var/www/html/vendor/laravel/framework/src/Illuminate/Foundation/PackageManifest.php:132
/var/www/html/vendor/laravel/framework/src/Illuminate/Foundation/PackageManifest.php:108
/var/www/html/vendor/orchestra/testbench-core/src/Foundation/PackageManifest.php:102
/var/www/html/vendor/laravel/framework/src/Illuminate/Foundation/PackageManifest.php:91
/var/www/html/vendor/laravel/framework/src/Illuminate/Foundation/PackageManifest.php:80
/var/www/html/vendor/laravel/framework/src/Illuminate/Foundation/Bootstrap/RegisterFacades.php:26
/var/www/html/vendor/orchestra/testbench-core/src/Concerns/CreatesApplication.php:556
/var/www/html/vendor/orchestra/testbench-core/src/Concerns/CreatesApplication.php:311
/var/www/html/vendor/orchestra/testbench-core/src/TestCase.php:121
/var/www/html/vendor/orchestra/testbench-core/src/Concerns/ApplicationTestingHooks.php:74
/var/www/html/vendor/orchestra/testbench-core/src/Concerns/Testing.php:43
/var/www/html/vendor/laravel/framework/src/Illuminate/Collections/helpers.php:236
/var/www/html/vendor/orchestra/sidekick/src/functions.php:87
/var/www/html/vendor/laravel/framework/src/Illuminate/Collections/helpers.php:236
/var/www/html/vendor/orchestra/testbench-core/src/Concerns/Testing.php:57
/var/www/html/vendor/orchestra/testbench-core/src/TestCase.php:50
/var/www/html/tests/TestCase.php:61
/var/www/html/tests/Feature/RouteRegistrationIntegrationTest.php:26</error>
        </testcase>
        <testcase name="test_route_registration_with_domain_constraints" file="/var/www/html/tests/Feature/RouteRegistrationIntegrationTest.php" line="333" class="JTD\LaravelMCP\Tests\Feature\RouteRegistrationIntegrationTest" classname="JTD.LaravelMCP.Tests.Feature.RouteRegistrationIntegrationTest" assertions="0" time="0.000000">
          <error type="Exception">JTD\LaravelMCP\Tests\Feature\RouteRegistrationIntegrationTest::test_route_registration_with_domain_constraints
Exception: The /var/www/html/vendor/orchestra/testbench-core/laravel/bootstrap/cache directory must be present and writable.

/var/www/html/vendor/laravel/framework/src/Illuminate/Foundation/PackageManifest.php:179
/var/www/html/vendor/orchestra/testbench-core/src/Foundation/PackageManifest.php:157
/var/www/html/vendor/laravel/framework/src/Illuminate/Foundation/PackageManifest.php:132
/var/www/html/vendor/laravel/framework/src/Illuminate/Foundation/PackageManifest.php:108
/var/www/html/vendor/orchestra/testbench-core/src/Foundation/PackageManifest.php:102
/var/www/html/vendor/laravel/framework/src/Illuminate/Foundation/PackageManifest.php:91
/var/www/html/vendor/laravel/framework/src/Illuminate/Foundation/PackageManifest.php:80
/var/www/html/vendor/laravel/framework/src/Illuminate/Foundation/Bootstrap/RegisterFacades.php:26
/var/www/html/vendor/orchestra/testbench-core/src/Concerns/CreatesApplication.php:556
/var/www/html/vendor/orchestra/testbench-core/src/Concerns/CreatesApplication.php:311
/var/www/html/vendor/orchestra/testbench-core/src/TestCase.php:121
/var/www/html/vendor/orchestra/testbench-core/src/Concerns/ApplicationTestingHooks.php:74
/var/www/html/vendor/orchestra/testbench-core/src/Concerns/Testing.php:43
/var/www/html/vendor/laravel/framework/src/Illuminate/Collections/helpers.php:236
/var/www/html/vendor/orchestra/sidekick/src/functions.php:87
/var/www/html/vendor/laravel/framework/src/Illuminate/Collections/helpers.php:236
/var/www/html/vendor/orchestra/testbench-core/src/Concerns/Testing.php:57
/var/www/html/vendor/orchestra/testbench-core/src/TestCase.php:50
/var/www/html/tests/TestCase.php:61
/var/www/html/tests/Feature/RouteRegistrationIntegrationTest.php:26</error>
        </testcase>
        <testcase name="test_batch_route_registration_performance" file="/var/www/html/tests/Feature/RouteRegistrationIntegrationTest.php" line="349" class="JTD\LaravelMCP\Tests\Feature\RouteRegistrationIntegrationTest" classname="JTD.LaravelMCP.Tests.Feature.RouteRegistrationIntegrationTest" assertions="0" time="0.000000">
          <error type="Exception">JTD\LaravelMCP\Tests\Feature\RouteRegistrationIntegrationTest::test_batch_route_registration_performance
Exception: The /var/www/html/vendor/orchestra/testbench-core/laravel/bootstrap/cache directory must be present and writable.

/var/www/html/vendor/laravel/framework/src/Illuminate/Foundation/PackageManifest.php:179
/var/www/html/vendor/orchestra/testbench-core/src/Foundation/PackageManifest.php:157
/var/www/html/vendor/laravel/framework/src/Illuminate/Foundation/PackageManifest.php:132
/var/www/html/vendor/laravel/framework/src/Illuminate/Foundation/PackageManifest.php:108
/var/www/html/vendor/orchestra/testbench-core/src/Foundation/PackageManifest.php:102
/var/www/html/vendor/laravel/framework/src/Illuminate/Foundation/PackageManifest.php:91
/var/www/html/vendor/laravel/framework/src/Illuminate/Foundation/PackageManifest.php:80
/var/www/html/vendor/laravel/framework/src/Illuminate/Foundation/Bootstrap/RegisterFacades.php:26
/var/www/html/vendor/orchestra/testbench-core/src/Concerns/CreatesApplication.php:556
/var/www/html/vendor/orchestra/testbench-core/src/Concerns/CreatesApplication.php:311
/var/www/html/vendor/orchestra/testbench-core/src/TestCase.php:121
/var/www/html/vendor/orchestra/testbench-core/src/Concerns/ApplicationTestingHooks.php:74
/var/www/html/vendor/orchestra/testbench-core/src/Concerns/Testing.php:43
/var/www/html/vendor/laravel/framework/src/Illuminate/Collections/helpers.php:236
/var/www/html/vendor/orchestra/sidekick/src/functions.php:87
/var/www/html/vendor/laravel/framework/src/Illuminate/Collections/helpers.php:236
/var/www/html/vendor/orchestra/testbench-core/src/Concerns/Testing.php:57
/var/www/html/vendor/orchestra/testbench-core/src/TestCase.php:50
/var/www/html/tests/TestCase.php:61
/var/www/html/tests/Feature/RouteRegistrationIntegrationTest.php:26</error>
        </testcase>
        <testcase name="test_route_registration_cleanup_and_isolation" file="/var/www/html/tests/Feature/RouteRegistrationIntegrationTest.php" line="374" class="JTD\LaravelMCP\Tests\Feature\RouteRegistrationIntegrationTest" classname="JTD.LaravelMCP.Tests.Feature.RouteRegistrationIntegrationTest" assertions="0" time="0.000000">
          <error type="Exception">JTD\LaravelMCP\Tests\Feature\RouteRegistrationIntegrationTest::test_route_registration_cleanup_and_isolation
Exception: The /var/www/html/vendor/orchestra/testbench-core/laravel/bootstrap/cache directory must be present and writable.

/var/www/html/vendor/laravel/framework/src/Illuminate/Foundation/PackageManifest.php:179
/var/www/html/vendor/orchestra/testbench-core/src/Foundation/PackageManifest.php:157
/var/www/html/vendor/laravel/framework/src/Illuminate/Foundation/PackageManifest.php:132
/var/www/html/vendor/laravel/framework/src/Illuminate/Foundation/PackageManifest.php:108
/var/www/html/vendor/orchestra/testbench-core/src/Foundation/PackageManifest.php:102
/var/www/html/vendor/laravel/framework/src/Illuminate/Foundation/PackageManifest.php:91
/var/www/html/vendor/laravel/framework/src/Illuminate/Foundation/PackageManifest.php:80
/var/www/html/vendor/laravel/framework/src/Illuminate/Foundation/Bootstrap/RegisterFacades.php:26
/var/www/html/vendor/orchestra/testbench-core/src/Concerns/CreatesApplication.php:556
/var/www/html/vendor/orchestra/testbench-core/src/Concerns/CreatesApplication.php:311
/var/www/html/vendor/orchestra/testbench-core/src/TestCase.php:121
/var/www/html/vendor/orchestra/testbench-core/src/Concerns/ApplicationTestingHooks.php:74
/var/www/html/vendor/orchestra/testbench-core/src/Concerns/Testing.php:43
/var/www/html/vendor/laravel/framework/src/Illuminate/Collections/helpers.php:236
/var/www/html/vendor/orchestra/sidekick/src/functions.php:87
/var/www/html/vendor/laravel/framework/src/Illuminate/Collections/helpers.php:236
/var/www/html/vendor/orchestra/testbench-core/src/Concerns/Testing.php:57
/var/www/html/vendor/orchestra/testbench-core/src/TestCase.php:50
/var/www/html/tests/TestCase.php:61
/var/www/html/tests/Feature/RouteRegistrationIntegrationTest.php:26</error>
        </testcase>
      </testsuite>
      <testsuite name="JTD\LaravelMCP\Tests\Feature\Server\Handlers\HandlerIntegrationTest" file="/var/www/html/tests/Feature/Server/Handlers/HandlerIntegrationTest.php" tests="11" assertions="0" errors="11" failures="0" skipped="0" time="0.000000">
        <testcase name="complete_tool_workflow_lists_and_executes_tools" file="/var/www/html/tests/Feature/Server/Handlers/HandlerIntegrationTest.php" line="56" class="JTD\LaravelMCP\Tests\Feature\Server\Handlers\HandlerIntegrationTest" classname="JTD.LaravelMCP.Tests.Feature.Server.Handlers.HandlerIntegrationTest" assertions="0" time="0.000000">
          <error type="Exception">JTD\LaravelMCP\Tests\Feature\Server\Handlers\HandlerIntegrationTest::complete_tool_workflow_lists_and_executes_tools
Exception: The /var/www/html/vendor/orchestra/testbench-core/laravel/bootstrap/cache directory must be present and writable.

/var/www/html/vendor/laravel/framework/src/Illuminate/Foundation/PackageManifest.php:179
/var/www/html/vendor/orchestra/testbench-core/src/Foundation/PackageManifest.php:157
/var/www/html/vendor/laravel/framework/src/Illuminate/Foundation/PackageManifest.php:132
/var/www/html/vendor/laravel/framework/src/Illuminate/Foundation/PackageManifest.php:108
/var/www/html/vendor/orchestra/testbench-core/src/Foundation/PackageManifest.php:102
/var/www/html/vendor/laravel/framework/src/Illuminate/Foundation/PackageManifest.php:91
/var/www/html/vendor/laravel/framework/src/Illuminate/Foundation/PackageManifest.php:80
/var/www/html/vendor/laravel/framework/src/Illuminate/Foundation/Bootstrap/RegisterFacades.php:26
/var/www/html/vendor/orchestra/testbench-core/src/Concerns/CreatesApplication.php:556
/var/www/html/vendor/orchestra/testbench-core/src/Concerns/CreatesApplication.php:311
/var/www/html/vendor/orchestra/testbench-core/src/TestCase.php:121
/var/www/html/vendor/orchestra/testbench-core/src/Concerns/ApplicationTestingHooks.php:74
/var/www/html/vendor/orchestra/testbench-core/src/Concerns/Testing.php:43
/var/www/html/vendor/laravel/framework/src/Illuminate/Collections/helpers.php:236
/var/www/html/vendor/orchestra/sidekick/src/functions.php:87
/var/www/html/vendor/laravel/framework/src/Illuminate/Collections/helpers.php:236
/var/www/html/vendor/orchestra/testbench-core/src/Concerns/Testing.php:57
/var/www/html/vendor/orchestra/testbench-core/src/TestCase.php:50
/var/www/html/tests/TestCase.php:61
/var/www/html/tests/Feature/Server/Handlers/HandlerIntegrationTest.php:45</error>
        </testcase>
        <testcase name="complete_resource_workflow_lists_and_reads_resources" file="/var/www/html/tests/Feature/Server/Handlers/HandlerIntegrationTest.php" line="93" class="JTD\LaravelMCP\Tests\Feature\Server\Handlers\HandlerIntegrationTest" classname="JTD.LaravelMCP.Tests.Feature.Server.Handlers.HandlerIntegrationTest" assertions="0" time="0.000000">
          <error type="Exception">JTD\LaravelMCP\Tests\Feature\Server\Handlers\HandlerIntegrationTest::complete_resource_workflow_lists_and_reads_resources
Exception: The /var/www/html/vendor/orchestra/testbench-core/laravel/bootstrap/cache directory must be present and writable.

/var/www/html/vendor/laravel/framework/src/Illuminate/Foundation/PackageManifest.php:179
/var/www/html/vendor/orchestra/testbench-core/src/Foundation/PackageManifest.php:157
/var/www/html/vendor/laravel/framework/src/Illuminate/Foundation/PackageManifest.php:132
/var/www/html/vendor/laravel/framework/src/Illuminate/Foundation/PackageManifest.php:108
/var/www/html/vendor/orchestra/testbench-core/src/Foundation/PackageManifest.php:102
/var/www/html/vendor/laravel/framework/src/Illuminate/Foundation/PackageManifest.php:91
/var/www/html/vendor/laravel/framework/src/Illuminate/Foundation/PackageManifest.php:80
/var/www/html/vendor/laravel/framework/src/Illuminate/Foundation/Bootstrap/RegisterFacades.php:26
/var/www/html/vendor/orchestra/testbench-core/src/Concerns/CreatesApplication.php:556
/var/www/html/vendor/orchestra/testbench-core/src/Concerns/CreatesApplication.php:311
/var/www/html/vendor/orchestra/testbench-core/src/TestCase.php:121
/var/www/html/vendor/orchestra/testbench-core/src/Concerns/ApplicationTestingHooks.php:74
/var/www/html/vendor/orchestra/testbench-core/src/Concerns/Testing.php:43
/var/www/html/vendor/laravel/framework/src/Illuminate/Collections/helpers.php:236
/var/www/html/vendor/orchestra/sidekick/src/functions.php:87
/var/www/html/vendor/laravel/framework/src/Illuminate/Collections/helpers.php:236
/var/www/html/vendor/orchestra/testbench-core/src/Concerns/Testing.php:57
/var/www/html/vendor/orchestra/testbench-core/src/TestCase.php:50
/var/www/html/tests/TestCase.php:61
/var/www/html/tests/Feature/Server/Handlers/HandlerIntegrationTest.php:45</error>
        </testcase>
        <testcase name="complete_prompt_workflow_lists_and_gets_prompts" file="/var/www/html/tests/Feature/Server/Handlers/HandlerIntegrationTest.php" line="121" class="JTD\LaravelMCP\Tests\Feature\Server\Handlers\HandlerIntegrationTest" classname="JTD.LaravelMCP.Tests.Feature.Server.Handlers.HandlerIntegrationTest" assertions="0" time="0.000000">
          <error type="Exception">JTD\LaravelMCP\Tests\Feature\Server\Handlers\HandlerIntegrationTest::complete_prompt_workflow_lists_and_gets_prompts
Exception: The /var/www/html/vendor/orchestra/testbench-core/laravel/bootstrap/cache directory must be present and writable.

/var/www/html/vendor/laravel/framework/src/Illuminate/Foundation/PackageManifest.php:179
/var/www/html/vendor/orchestra/testbench-core/src/Foundation/PackageManifest.php:157
/var/www/html/vendor/laravel/framework/src/Illuminate/Foundation/PackageManifest.php:132
/var/www/html/vendor/laravel/framework/src/Illuminate/Foundation/PackageManifest.php:108
/var/www/html/vendor/orchestra/testbench-core/src/Foundation/PackageManifest.php:102
/var/www/html/vendor/laravel/framework/src/Illuminate/Foundation/PackageManifest.php:91
/var/www/html/vendor/laravel/framework/src/Illuminate/Foundation/PackageManifest.php:80
/var/www/html/vendor/laravel/framework/src/Illuminate/Foundation/Bootstrap/RegisterFacades.php:26
/var/www/html/vendor/orchestra/testbench-core/src/Concerns/CreatesApplication.php:556
/var/www/html/vendor/orchestra/testbench-core/src/Concerns/CreatesApplication.php:311
/var/www/html/vendor/orchestra/testbench-core/src/TestCase.php:121
/var/www/html/vendor/orchestra/testbench-core/src/Concerns/ApplicationTestingHooks.php:74
/var/www/html/vendor/orchestra/testbench-core/src/Concerns/Testing.php:43
/var/www/html/vendor/laravel/framework/src/Illuminate/Collections/helpers.php:236
/var/www/html/vendor/orchestra/sidekick/src/functions.php:87
/var/www/html/vendor/laravel/framework/src/Illuminate/Collections/helpers.php:236
/var/www/html/vendor/orchestra/testbench-core/src/Concerns/Testing.php:57
/var/www/html/vendor/orchestra/testbench-core/src/TestCase.php:50
/var/www/html/tests/TestCase.php:61
/var/www/html/tests/Feature/Server/Handlers/HandlerIntegrationTest.php:45</error>
        </testcase>
        <testcase name="tool_handler_manages_pagination_correctly" file="/var/www/html/tests/Feature/Server/Handlers/HandlerIntegrationTest.php" line="159" class="JTD\LaravelMCP\Tests\Feature\Server\Handlers\HandlerIntegrationTest" classname="JTD.LaravelMCP.Tests.Feature.Server.Handlers.HandlerIntegrationTest" assertions="0" time="0.000000">
          <error type="Exception">JTD\LaravelMCP\Tests\Feature\Server\Handlers\HandlerIntegrationTest::tool_handler_manages_pagination_correctly
Exception: The /var/www/html/vendor/orchestra/testbench-core/laravel/bootstrap/cache directory must be present and writable.

/var/www/html/vendor/laravel/framework/src/Illuminate/Foundation/PackageManifest.php:179
/var/www/html/vendor/orchestra/testbench-core/src/Foundation/PackageManifest.php:157
/var/www/html/vendor/laravel/framework/src/Illuminate/Foundation/PackageManifest.php:132
/var/www/html/vendor/laravel/framework/src/Illuminate/Foundation/PackageManifest.php:108
/var/www/html/vendor/orchestra/testbench-core/src/Foundation/PackageManifest.php:102
/var/www/html/vendor/laravel/framework/src/Illuminate/Foundation/PackageManifest.php:91
/var/www/html/vendor/laravel/framework/src/Illuminate/Foundation/PackageManifest.php:80
/var/www/html/vendor/laravel/framework/src/Illuminate/Foundation/Bootstrap/RegisterFacades.php:26
/var/www/html/vendor/orchestra/testbench-core/src/Concerns/CreatesApplication.php:556
/var/www/html/vendor/orchestra/testbench-core/src/Concerns/CreatesApplication.php:311
/var/www/html/vendor/orchestra/testbench-core/src/TestCase.php:121
/var/www/html/vendor/orchestra/testbench-core/src/Concerns/ApplicationTestingHooks.php:74
/var/www/html/vendor/orchestra/testbench-core/src/Concerns/Testing.php:43
/var/www/html/vendor/laravel/framework/src/Illuminate/Collections/helpers.php:236
/var/www/html/vendor/orchestra/sidekick/src/functions.php:87
/var/www/html/vendor/laravel/framework/src/Illuminate/Collections/helpers.php:236
/var/www/html/vendor/orchestra/testbench-core/src/Concerns/Testing.php:57
/var/www/html/vendor/orchestra/testbench-core/src/TestCase.php:50
/var/www/html/tests/TestCase.php:61
/var/www/html/tests/Feature/Server/Handlers/HandlerIntegrationTest.php:45</error>
        </testcase>
        <testcase name="resource_handler_manages_pagination_correctly" file="/var/www/html/tests/Feature/Server/Handlers/HandlerIntegrationTest.php" line="219" class="JTD\LaravelMCP\Tests\Feature\Server\Handlers\HandlerIntegrationTest" classname="JTD.LaravelMCP.Tests.Feature.Server.Handlers.HandlerIntegrationTest" assertions="0" time="0.000000">
          <error type="Exception">JTD\LaravelMCP\Tests\Feature\Server\Handlers\HandlerIntegrationTest::resource_handler_manages_pagination_correctly
Exception: The /var/www/html/vendor/orchestra/testbench-core/laravel/bootstrap/cache directory must be present and writable.

/var/www/html/vendor/laravel/framework/src/Illuminate/Foundation/PackageManifest.php:179
/var/www/html/vendor/orchestra/testbench-core/src/Foundation/PackageManifest.php:157
/var/www/html/vendor/laravel/framework/src/Illuminate/Foundation/PackageManifest.php:132
/var/www/html/vendor/laravel/framework/src/Illuminate/Foundation/PackageManifest.php:108
/var/www/html/vendor/orchestra/testbench-core/src/Foundation/PackageManifest.php:102
/var/www/html/vendor/laravel/framework/src/Illuminate/Foundation/PackageManifest.php:91
/var/www/html/vendor/laravel/framework/src/Illuminate/Foundation/PackageManifest.php:80
/var/www/html/vendor/laravel/framework/src/Illuminate/Foundation/Bootstrap/RegisterFacades.php:26
/var/www/html/vendor/orchestra/testbench-core/src/Concerns/CreatesApplication.php:556
/var/www/html/vendor/orchestra/testbench-core/src/Concerns/CreatesApplication.php:311
/var/www/html/vendor/orchestra/testbench-core/src/TestCase.php:121
/var/www/html/vendor/orchestra/testbench-core/src/Concerns/ApplicationTestingHooks.php:74
/var/www/html/vendor/orchestra/testbench-core/src/Concerns/Testing.php:43
/var/www/html/vendor/laravel/framework/src/Illuminate/Collections/helpers.php:236
/var/www/html/vendor/orchestra/sidekick/src/functions.php:87
/var/www/html/vendor/laravel/framework/src/Illuminate/Collections/helpers.php:236
/var/www/html/vendor/orchestra/testbench-core/src/Concerns/Testing.php:57
/var/www/html/vendor/orchestra/testbench-core/src/TestCase.php:50
/var/www/html/tests/TestCase.php:61
/var/www/html/tests/Feature/Server/Handlers/HandlerIntegrationTest.php:45</error>
        </testcase>
        <testcase name="prompt_handler_manages_pagination_correctly" file="/var/www/html/tests/Feature/Server/Handlers/HandlerIntegrationTest.php" line="267" class="JTD\LaravelMCP\Tests\Feature\Server\Handlers\HandlerIntegrationTest" classname="JTD.LaravelMCP.Tests.Feature.Server.Handlers.HandlerIntegrationTest" assertions="0" time="0.000000">
          <error type="Exception">JTD\LaravelMCP\Tests\Feature\Server\Handlers\HandlerIntegrationTest::prompt_handler_manages_pagination_correctly
Exception: The /var/www/html/vendor/orchestra/testbench-core/laravel/bootstrap/cache directory must be present and writable.

/var/www/html/vendor/laravel/framework/src/Illuminate/Foundation/PackageManifest.php:179
/var/www/html/vendor/orchestra/testbench-core/src/Foundation/PackageManifest.php:157
/var/www/html/vendor/laravel/framework/src/Illuminate/Foundation/PackageManifest.php:132
/var/www/html/vendor/laravel/framework/src/Illuminate/Foundation/PackageManifest.php:108
/var/www/html/vendor/orchestra/testbench-core/src/Foundation/PackageManifest.php:102
/var/www/html/vendor/laravel/framework/src/Illuminate/Foundation/PackageManifest.php:91
/var/www/html/vendor/laravel/framework/src/Illuminate/Foundation/PackageManifest.php:80
/var/www/html/vendor/laravel/framework/src/Illuminate/Foundation/Bootstrap/RegisterFacades.php:26
/var/www/html/vendor/orchestra/testbench-core/src/Concerns/CreatesApplication.php:556
/var/www/html/vendor/orchestra/testbench-core/src/Concerns/CreatesApplication.php:311
/var/www/html/vendor/orchestra/testbench-core/src/TestCase.php:121
/var/www/html/vendor/orchestra/testbench-core/src/Concerns/ApplicationTestingHooks.php:74
/var/www/html/vendor/orchestra/testbench-core/src/Concerns/Testing.php:43
/var/www/html/vendor/laravel/framework/src/Illuminate/Collections/helpers.php:236
/var/www/html/vendor/orchestra/sidekick/src/functions.php:87
/var/www/html/vendor/laravel/framework/src/Illuminate/Collections/helpers.php:236
/var/www/html/vendor/orchestra/testbench-core/src/Concerns/Testing.php:57
/var/www/html/vendor/orchestra/testbench-core/src/TestCase.php:50
/var/www/html/tests/TestCase.php:61
/var/www/html/tests/Feature/Server/Handlers/HandlerIntegrationTest.php:45</error>
        </testcase>
        <testcase name="handlers_handle_error_scenarios_gracefully" file="/var/www/html/tests/Feature/Server/Handlers/HandlerIntegrationTest.php" line="309" class="JTD\LaravelMCP\Tests\Feature\Server\Handlers\HandlerIntegrationTest" classname="JTD.LaravelMCP.Tests.Feature.Server.Handlers.HandlerIntegrationTest" assertions="0" time="0.000000">
          <error type="Exception">JTD\LaravelMCP\Tests\Feature\Server\Handlers\HandlerIntegrationTest::handlers_handle_error_scenarios_gracefully
Exception: The /var/www/html/vendor/orchestra/testbench-core/laravel/bootstrap/cache directory must be present and writable.

/var/www/html/vendor/laravel/framework/src/Illuminate/Foundation/PackageManifest.php:179
/var/www/html/vendor/orchestra/testbench-core/src/Foundation/PackageManifest.php:157
/var/www/html/vendor/laravel/framework/src/Illuminate/Foundation/PackageManifest.php:132
/var/www/html/vendor/laravel/framework/src/Illuminate/Foundation/PackageManifest.php:108
/var/www/html/vendor/orchestra/testbench-core/src/Foundation/PackageManifest.php:102
/var/www/html/vendor/laravel/framework/src/Illuminate/Foundation/PackageManifest.php:91
/var/www/html/vendor/laravel/framework/src/Illuminate/Foundation/PackageManifest.php:80
/var/www/html/vendor/laravel/framework/src/Illuminate/Foundation/Bootstrap/RegisterFacades.php:26
/var/www/html/vendor/orchestra/testbench-core/src/Concerns/CreatesApplication.php:556
/var/www/html/vendor/orchestra/testbench-core/src/Concerns/CreatesApplication.php:311
/var/www/html/vendor/orchestra/testbench-core/src/TestCase.php:121
/var/www/html/vendor/orchestra/testbench-core/src/Concerns/ApplicationTestingHooks.php:74
/var/www/html/vendor/orchestra/testbench-core/src/Concerns/Testing.php:43
/var/www/html/vendor/laravel/framework/src/Illuminate/Collections/helpers.php:236
/var/www/html/vendor/orchestra/sidekick/src/functions.php:87
/var/www/html/vendor/laravel/framework/src/Illuminate/Collections/helpers.php:236
/var/www/html/vendor/orchestra/testbench-core/src/Concerns/Testing.php:57
/var/www/html/vendor/orchestra/testbench-core/src/TestCase.php:50
/var/www/html/tests/TestCase.php:61
/var/www/html/tests/Feature/Server/Handlers/HandlerIntegrationTest.php:45</error>
        </testcase>
        <testcase name="handlers_validate_request_parameters_correctly" file="/var/www/html/tests/Feature/Server/Handlers/HandlerIntegrationTest.php" line="341" class="JTD\LaravelMCP\Tests\Feature\Server\Handlers\HandlerIntegrationTest" classname="JTD.LaravelMCP.Tests.Feature.Server.Handlers.HandlerIntegrationTest" assertions="0" time="0.000000">
          <error type="Exception">JTD\LaravelMCP\Tests\Feature\Server\Handlers\HandlerIntegrationTest::handlers_validate_request_parameters_correctly
Exception: The /var/www/html/vendor/orchestra/testbench-core/laravel/bootstrap/cache directory must be present and writable.

/var/www/html/vendor/laravel/framework/src/Illuminate/Foundation/PackageManifest.php:179
/var/www/html/vendor/orchestra/testbench-core/src/Foundation/PackageManifest.php:157
/var/www/html/vendor/laravel/framework/src/Illuminate/Foundation/PackageManifest.php:132
/var/www/html/vendor/laravel/framework/src/Illuminate/Foundation/PackageManifest.php:108
/var/www/html/vendor/orchestra/testbench-core/src/Foundation/PackageManifest.php:102
/var/www/html/vendor/laravel/framework/src/Illuminate/Foundation/PackageManifest.php:91
/var/www/html/vendor/laravel/framework/src/Illuminate/Foundation/PackageManifest.php:80
/var/www/html/vendor/laravel/framework/src/Illuminate/Foundation/Bootstrap/RegisterFacades.php:26
/var/www/html/vendor/orchestra/testbench-core/src/Concerns/CreatesApplication.php:556
/var/www/html/vendor/orchestra/testbench-core/src/Concerns/CreatesApplication.php:311
/var/www/html/vendor/orchestra/testbench-core/src/TestCase.php:121
/var/www/html/vendor/orchestra/testbench-core/src/Concerns/ApplicationTestingHooks.php:74
/var/www/html/vendor/orchestra/testbench-core/src/Concerns/Testing.php:43
/var/www/html/vendor/laravel/framework/src/Illuminate/Collections/helpers.php:236
/var/www/html/vendor/orchestra/sidekick/src/functions.php:87
/var/www/html/vendor/laravel/framework/src/Illuminate/Collections/helpers.php:236
/var/www/html/vendor/orchestra/testbench-core/src/Concerns/Testing.php:57
/var/www/html/vendor/orchestra/testbench-core/src/TestCase.php:50
/var/www/html/tests/TestCase.php:61
/var/www/html/tests/Feature/Server/Handlers/HandlerIntegrationTest.php:45</error>
        </testcase>
        <testcase name="handlers_return_proper_mcp_response_format" file="/var/www/html/tests/Feature/Server/Handlers/HandlerIntegrationTest.php" line="373" class="JTD\LaravelMCP\Tests\Feature\Server\Handlers\HandlerIntegrationTest" classname="JTD.LaravelMCP.Tests.Feature.Server.Handlers.HandlerIntegrationTest" assertions="0" time="0.000000">
          <error type="Exception">JTD\LaravelMCP\Tests\Feature\Server\Handlers\HandlerIntegrationTest::handlers_return_proper_mcp_response_format
Exception: The /var/www/html/vendor/orchestra/testbench-core/laravel/bootstrap/cache directory must be present and writable.

/var/www/html/vendor/laravel/framework/src/Illuminate/Foundation/PackageManifest.php:179
/var/www/html/vendor/orchestra/testbench-core/src/Foundation/PackageManifest.php:157
/var/www/html/vendor/laravel/framework/src/Illuminate/Foundation/PackageManifest.php:132
/var/www/html/vendor/laravel/framework/src/Illuminate/Foundation/PackageManifest.php:108
/var/www/html/vendor/orchestra/testbench-core/src/Foundation/PackageManifest.php:102
/var/www/html/vendor/laravel/framework/src/Illuminate/Foundation/PackageManifest.php:91
/var/www/html/vendor/laravel/framework/src/Illuminate/Foundation/PackageManifest.php:80
/var/www/html/vendor/laravel/framework/src/Illuminate/Foundation/Bootstrap/RegisterFacades.php:26
/var/www/html/vendor/orchestra/testbench-core/src/Concerns/CreatesApplication.php:556
/var/www/html/vendor/orchestra/testbench-core/src/Concerns/CreatesApplication.php:311
/var/www/html/vendor/orchestra/testbench-core/src/TestCase.php:121
/var/www/html/vendor/orchestra/testbench-core/src/Concerns/ApplicationTestingHooks.php:74
/var/www/html/vendor/orchestra/testbench-core/src/Concerns/Testing.php:43
/var/www/html/vendor/laravel/framework/src/Illuminate/Collections/helpers.php:236
/var/www/html/vendor/orchestra/sidekick/src/functions.php:87
/var/www/html/vendor/laravel/framework/src/Illuminate/Collections/helpers.php:236
/var/www/html/vendor/orchestra/testbench-core/src/Concerns/Testing.php:57
/var/www/html/vendor/orchestra/testbench-core/src/TestCase.php:50
/var/www/html/tests/TestCase.php:61
/var/www/html/tests/Feature/Server/Handlers/HandlerIntegrationTest.php:45</error>
        </testcase>
        <testcase name="tool_execution_handles_different_result_types" file="/var/www/html/tests/Feature/Server/Handlers/HandlerIntegrationTest.php" line="412" class="JTD\LaravelMCP\Tests\Feature\Server\Handlers\HandlerIntegrationTest" classname="JTD.LaravelMCP.Tests.Feature.Server.Handlers.HandlerIntegrationTest" assertions="0" time="0.000000">
          <error type="Exception">JTD\LaravelMCP\Tests\Feature\Server\Handlers\HandlerIntegrationTest::tool_execution_handles_different_result_types
Exception: The /var/www/html/vendor/orchestra/testbench-core/laravel/bootstrap/cache directory must be present and writable.

/var/www/html/vendor/laravel/framework/src/Illuminate/Foundation/PackageManifest.php:179
/var/www/html/vendor/orchestra/testbench-core/src/Foundation/PackageManifest.php:157
/var/www/html/vendor/laravel/framework/src/Illuminate/Foundation/PackageManifest.php:132
/var/www/html/vendor/laravel/framework/src/Illuminate/Foundation/PackageManifest.php:108
/var/www/html/vendor/orchestra/testbench-core/src/Foundation/PackageManifest.php:102
/var/www/html/vendor/laravel/framework/src/Illuminate/Foundation/PackageManifest.php:91
/var/www/html/vendor/laravel/framework/src/Illuminate/Foundation/PackageManifest.php:80
/var/www/html/vendor/laravel/framework/src/Illuminate/Foundation/Bootstrap/RegisterFacades.php:26
/var/www/html/vendor/orchestra/testbench-core/src/Concerns/CreatesApplication.php:556
/var/www/html/vendor/orchestra/testbench-core/src/Concerns/CreatesApplication.php:311
/var/www/html/vendor/orchestra/testbench-core/src/TestCase.php:121
/var/www/html/vendor/orchestra/testbench-core/src/Concerns/ApplicationTestingHooks.php:74
/var/www/html/vendor/orchestra/testbench-core/src/Concerns/Testing.php:43
/var/www/html/vendor/laravel/framework/src/Illuminate/Collections/helpers.php:236
/var/www/html/vendor/orchestra/sidekick/src/functions.php:87
/var/www/html/vendor/laravel/framework/src/Illuminate/Collections/helpers.php:236
/var/www/html/vendor/orchestra/testbench-core/src/Concerns/Testing.php:57
/var/www/html/vendor/orchestra/testbench-core/src/TestCase.php:50
/var/www/html/tests/TestCase.php:61
/var/www/html/tests/Feature/Server/Handlers/HandlerIntegrationTest.php:45</error>
        </testcase>
        <testcase name="resource_reading_handles_different_content_types" file="/var/www/html/tests/Feature/Server/Handlers/HandlerIntegrationTest.php" line="506" class="JTD\LaravelMCP\Tests\Feature\Server\Handlers\HandlerIntegrationTest" classname="JTD.LaravelMCP.Tests.Feature.Server.Handlers.HandlerIntegrationTest" assertions="0" time="0.000000">
          <error type="Exception">JTD\LaravelMCP\Tests\Feature\Server\Handlers\HandlerIntegrationTest::resource_reading_handles_different_content_types
Exception: The /var/www/html/vendor/orchestra/testbench-core/laravel/bootstrap/cache directory must be present and writable.

/var/www/html/vendor/laravel/framework/src/Illuminate/Foundation/PackageManifest.php:179
/var/www/html/vendor/orchestra/testbench-core/src/Foundation/PackageManifest.php:157
/var/www/html/vendor/laravel/framework/src/Illuminate/Foundation/PackageManifest.php:132
/var/www/html/vendor/laravel/framework/src/Illuminate/Foundation/PackageManifest.php:108
/var/www/html/vendor/orchestra/testbench-core/src/Foundation/PackageManifest.php:102
/var/www/html/vendor/laravel/framework/src/Illuminate/Foundation/PackageManifest.php:91
/var/www/html/vendor/laravel/framework/src/Illuminate/Foundation/PackageManifest.php:80
/var/www/html/vendor/laravel/framework/src/Illuminate/Foundation/Bootstrap/RegisterFacades.php:26
/var/www/html/vendor/orchestra/testbench-core/src/Concerns/CreatesApplication.php:556
/var/www/html/vendor/orchestra/testbench-core/src/Concerns/CreatesApplication.php:311
/var/www/html/vendor/orchestra/testbench-core/src/TestCase.php:121
/var/www/html/vendor/orchestra/testbench-core/src/Concerns/ApplicationTestingHooks.php:74
/var/www/html/vendor/orchestra/testbench-core/src/Concerns/Testing.php:43
/var/www/html/vendor/laravel/framework/src/Illuminate/Collections/helpers.php:236
/var/www/html/vendor/orchestra/sidekick/src/functions.php:87
/var/www/html/vendor/laravel/framework/src/Illuminate/Collections/helpers.php:236
/var/www/html/vendor/orchestra/testbench-core/src/Concerns/Testing.php:57
/var/www/html/vendor/orchestra/testbench-core/src/TestCase.php:50
/var/www/html/tests/TestCase.php:61
/var/www/html/tests/Feature/Server/Handlers/HandlerIntegrationTest.php:45</error>
        </testcase>
      </testsuite>
      <testsuite name="JTD\LaravelMCP\Tests\Feature\ServiceProviderIntegrationTest" file="/var/www/html/tests/Feature/ServiceProviderIntegrationTest.php" tests="18" assertions="0" errors="18" failures="0" skipped="0" time="0.000000">
        <testcase name="it_registers_service_provider_in_laravel_application" file="/var/www/html/tests/Feature/ServiceProviderIntegrationTest.php" line="48" class="JTD\LaravelMCP\Tests\Feature\ServiceProviderIntegrationTest" classname="JTD.LaravelMCP.Tests.Feature.ServiceProviderIntegrationTest" assertions="0" time="0.000000">
          <error type="Exception">JTD\LaravelMCP\Tests\Feature\ServiceProviderIntegrationTest::it_registers_service_provider_in_laravel_application
Exception: The /var/www/html/vendor/orchestra/testbench-core/laravel/bootstrap/cache directory must be present and writable.

/var/www/html/vendor/laravel/framework/src/Illuminate/Foundation/PackageManifest.php:179
/var/www/html/vendor/orchestra/testbench-core/src/Foundation/PackageManifest.php:157
/var/www/html/vendor/laravel/framework/src/Illuminate/Foundation/PackageManifest.php:132
/var/www/html/vendor/laravel/framework/src/Illuminate/Foundation/PackageManifest.php:108
/var/www/html/vendor/orchestra/testbench-core/src/Foundation/PackageManifest.php:102
/var/www/html/vendor/laravel/framework/src/Illuminate/Foundation/PackageManifest.php:91
/var/www/html/vendor/laravel/framework/src/Illuminate/Foundation/PackageManifest.php:80
/var/www/html/vendor/laravel/framework/src/Illuminate/Foundation/Bootstrap/RegisterFacades.php:26
/var/www/html/vendor/orchestra/testbench-core/src/Concerns/CreatesApplication.php:556
/var/www/html/vendor/orchestra/testbench-core/src/Concerns/CreatesApplication.php:311
/var/www/html/vendor/orchestra/testbench-core/src/TestCase.php:121
/var/www/html/vendor/orchestra/testbench-core/src/Concerns/ApplicationTestingHooks.php:74
/var/www/html/vendor/orchestra/testbench-core/src/Concerns/Testing.php:43
/var/www/html/vendor/laravel/framework/src/Illuminate/Collections/helpers.php:236
/var/www/html/vendor/orchestra/sidekick/src/functions.php:87
/var/www/html/vendor/laravel/framework/src/Illuminate/Collections/helpers.php:236
/var/www/html/vendor/orchestra/testbench-core/src/Concerns/Testing.php:57
/var/www/html/vendor/orchestra/testbench-core/src/TestCase.php:50
/var/www/html/tests/TestCase.php:61</error>
        </testcase>
        <testcase name="it_resolves_all_services_through_container" file="/var/www/html/tests/Feature/ServiceProviderIntegrationTest.php" line="60" class="JTD\LaravelMCP\Tests\Feature\ServiceProviderIntegrationTest" classname="JTD.LaravelMCP.Tests.Feature.ServiceProviderIntegrationTest" assertions="0" time="0.000000">
          <error type="Exception">JTD\LaravelMCP\Tests\Feature\ServiceProviderIntegrationTest::it_resolves_all_services_through_container
Exception: The /var/www/html/vendor/orchestra/testbench-core/laravel/bootstrap/cache directory must be present and writable.

/var/www/html/vendor/laravel/framework/src/Illuminate/Foundation/PackageManifest.php:179
/var/www/html/vendor/orchestra/testbench-core/src/Foundation/PackageManifest.php:157
/var/www/html/vendor/laravel/framework/src/Illuminate/Foundation/PackageManifest.php:132
/var/www/html/vendor/laravel/framework/src/Illuminate/Foundation/PackageManifest.php:108
/var/www/html/vendor/orchestra/testbench-core/src/Foundation/PackageManifest.php:102
/var/www/html/vendor/laravel/framework/src/Illuminate/Foundation/PackageManifest.php:91
/var/www/html/vendor/laravel/framework/src/Illuminate/Foundation/PackageManifest.php:80
/var/www/html/vendor/laravel/framework/src/Illuminate/Foundation/Bootstrap/RegisterFacades.php:26
/var/www/html/vendor/orchestra/testbench-core/src/Concerns/CreatesApplication.php:556
/var/www/html/vendor/orchestra/testbench-core/src/Concerns/CreatesApplication.php:311
/var/www/html/vendor/orchestra/testbench-core/src/TestCase.php:121
/var/www/html/vendor/orchestra/testbench-core/src/Concerns/ApplicationTestingHooks.php:74
/var/www/html/vendor/orchestra/testbench-core/src/Concerns/Testing.php:43
/var/www/html/vendor/laravel/framework/src/Illuminate/Collections/helpers.php:236
/var/www/html/vendor/orchestra/sidekick/src/functions.php:87
/var/www/html/vendor/laravel/framework/src/Illuminate/Collections/helpers.php:236
/var/www/html/vendor/orchestra/testbench-core/src/Concerns/Testing.php:57
/var/www/html/vendor/orchestra/testbench-core/src/TestCase.php:50
/var/www/html/tests/TestCase.php:61</error>
        </testcase>
        <testcase name="it_resolves_interfaces_to_correct_implementations" file="/var/www/html/tests/Feature/ServiceProviderIntegrationTest.php" line="91" class="JTD\LaravelMCP\Tests\Feature\ServiceProviderIntegrationTest" classname="JTD.LaravelMCP.Tests.Feature.ServiceProviderIntegrationTest" assertions="0" time="0.000000">
          <error type="Exception">JTD\LaravelMCP\Tests\Feature\ServiceProviderIntegrationTest::it_resolves_interfaces_to_correct_implementations
Exception: The /var/www/html/vendor/orchestra/testbench-core/laravel/bootstrap/cache directory must be present and writable.

/var/www/html/vendor/laravel/framework/src/Illuminate/Foundation/PackageManifest.php:179
/var/www/html/vendor/orchestra/testbench-core/src/Foundation/PackageManifest.php:157
/var/www/html/vendor/laravel/framework/src/Illuminate/Foundation/PackageManifest.php:132
/var/www/html/vendor/laravel/framework/src/Illuminate/Foundation/PackageManifest.php:108
/var/www/html/vendor/orchestra/testbench-core/src/Foundation/PackageManifest.php:102
/var/www/html/vendor/laravel/framework/src/Illuminate/Foundation/PackageManifest.php:91
/var/www/html/vendor/laravel/framework/src/Illuminate/Foundation/PackageManifest.php:80
/var/www/html/vendor/laravel/framework/src/Illuminate/Foundation/Bootstrap/RegisterFacades.php:26
/var/www/html/vendor/orchestra/testbench-core/src/Concerns/CreatesApplication.php:556
/var/www/html/vendor/orchestra/testbench-core/src/Concerns/CreatesApplication.php:311
/var/www/html/vendor/orchestra/testbench-core/src/TestCase.php:121
/var/www/html/vendor/orchestra/testbench-core/src/Concerns/ApplicationTestingHooks.php:74
/var/www/html/vendor/orchestra/testbench-core/src/Concerns/Testing.php:43
/var/www/html/vendor/laravel/framework/src/Illuminate/Collections/helpers.php:236
/var/www/html/vendor/orchestra/sidekick/src/functions.php:87
/var/www/html/vendor/laravel/framework/src/Illuminate/Collections/helpers.php:236
/var/www/html/vendor/orchestra/testbench-core/src/Concerns/Testing.php:57
/var/www/html/vendor/orchestra/testbench-core/src/TestCase.php:50
/var/www/html/tests/TestCase.php:61</error>
        </testcase>
        <testcase name="it_provides_functional_mcp_facade" file="/var/www/html/tests/Feature/ServiceProviderIntegrationTest.php" line="108" class="JTD\LaravelMCP\Tests\Feature\ServiceProviderIntegrationTest" classname="JTD.LaravelMCP.Tests.Feature.ServiceProviderIntegrationTest" assertions="0" time="0.000000">
          <error type="Exception">JTD\LaravelMCP\Tests\Feature\ServiceProviderIntegrationTest::it_provides_functional_mcp_facade
Exception: The /var/www/html/vendor/orchestra/testbench-core/laravel/bootstrap/cache directory must be present and writable.

/var/www/html/vendor/laravel/framework/src/Illuminate/Foundation/PackageManifest.php:179
/var/www/html/vendor/orchestra/testbench-core/src/Foundation/PackageManifest.php:157
/var/www/html/vendor/laravel/framework/src/Illuminate/Foundation/PackageManifest.php:132
/var/www/html/vendor/laravel/framework/src/Illuminate/Foundation/PackageManifest.php:108
/var/www/html/vendor/orchestra/testbench-core/src/Foundation/PackageManifest.php:102
/var/www/html/vendor/laravel/framework/src/Illuminate/Foundation/PackageManifest.php:91
/var/www/html/vendor/laravel/framework/src/Illuminate/Foundation/PackageManifest.php:80
/var/www/html/vendor/laravel/framework/src/Illuminate/Foundation/Bootstrap/RegisterFacades.php:26
/var/www/html/vendor/orchestra/testbench-core/src/Concerns/CreatesApplication.php:556
/var/www/html/vendor/orchestra/testbench-core/src/Concerns/CreatesApplication.php:311
/var/www/html/vendor/orchestra/testbench-core/src/TestCase.php:121
/var/www/html/vendor/orchestra/testbench-core/src/Concerns/ApplicationTestingHooks.php:74
/var/www/html/vendor/orchestra/testbench-core/src/Concerns/Testing.php:43
/var/www/html/vendor/laravel/framework/src/Illuminate/Collections/helpers.php:236
/var/www/html/vendor/orchestra/sidekick/src/functions.php:87
/var/www/html/vendor/laravel/framework/src/Illuminate/Collections/helpers.php:236
/var/www/html/vendor/orchestra/testbench-core/src/Concerns/Testing.php:57
/var/www/html/vendor/orchestra/testbench-core/src/TestCase.php:50
/var/www/html/tests/TestCase.php:61</error>
        </testcase>
        <testcase name="it_loads_and_merges_configuration" file="/var/www/html/tests/Feature/ServiceProviderIntegrationTest.php" line="122" class="JTD\LaravelMCP\Tests\Feature\ServiceProviderIntegrationTest" classname="JTD.LaravelMCP.Tests.Feature.ServiceProviderIntegrationTest" assertions="0" time="0.000000">
          <error type="Exception">JTD\LaravelMCP\Tests\Feature\ServiceProviderIntegrationTest::it_loads_and_merges_configuration
Exception: The /var/www/html/vendor/orchestra/testbench-core/laravel/bootstrap/cache directory must be present and writable.

/var/www/html/vendor/laravel/framework/src/Illuminate/Foundation/PackageManifest.php:179
/var/www/html/vendor/orchestra/testbench-core/src/Foundation/PackageManifest.php:157
/var/www/html/vendor/laravel/framework/src/Illuminate/Foundation/PackageManifest.php:132
/var/www/html/vendor/laravel/framework/src/Illuminate/Foundation/PackageManifest.php:108
/var/www/html/vendor/orchestra/testbench-core/src/Foundation/PackageManifest.php:102
/var/www/html/vendor/laravel/framework/src/Illuminate/Foundation/PackageManifest.php:91
/var/www/html/vendor/laravel/framework/src/Illuminate/Foundation/PackageManifest.php:80
/var/www/html/vendor/laravel/framework/src/Illuminate/Foundation/Bootstrap/RegisterFacades.php:26
/var/www/html/vendor/orchestra/testbench-core/src/Concerns/CreatesApplication.php:556
/var/www/html/vendor/orchestra/testbench-core/src/Concerns/CreatesApplication.php:311
/var/www/html/vendor/orchestra/testbench-core/src/TestCase.php:121
/var/www/html/vendor/orchestra/testbench-core/src/Concerns/ApplicationTestingHooks.php:74
/var/www/html/vendor/orchestra/testbench-core/src/Concerns/Testing.php:43
/var/www/html/vendor/laravel/framework/src/Illuminate/Collections/helpers.php:236
/var/www/html/vendor/orchestra/sidekick/src/functions.php:87
/var/www/html/vendor/laravel/framework/src/Illuminate/Collections/helpers.php:236
/var/www/html/vendor/orchestra/testbench-core/src/Concerns/Testing.php:57
/var/www/html/vendor/orchestra/testbench-core/src/TestCase.php:50
/var/www/html/tests/TestCase.php:61</error>
        </testcase>
        <testcase name="it_allows_environment_variables_to_override_config" file="/var/www/html/tests/Feature/ServiceProviderIntegrationTest.php" line="143" class="JTD\LaravelMCP\Tests\Feature\ServiceProviderIntegrationTest" classname="JTD.LaravelMCP.Tests.Feature.ServiceProviderIntegrationTest" assertions="0" time="0.000000">
          <error type="Exception">JTD\LaravelMCP\Tests\Feature\ServiceProviderIntegrationTest::it_allows_environment_variables_to_override_config
Exception: The /var/www/html/vendor/orchestra/testbench-core/laravel/bootstrap/cache directory must be present and writable.

/var/www/html/vendor/laravel/framework/src/Illuminate/Foundation/PackageManifest.php:179
/var/www/html/vendor/orchestra/testbench-core/src/Foundation/PackageManifest.php:157
/var/www/html/vendor/laravel/framework/src/Illuminate/Foundation/PackageManifest.php:132
/var/www/html/vendor/laravel/framework/src/Illuminate/Foundation/PackageManifest.php:108
/var/www/html/vendor/orchestra/testbench-core/src/Foundation/PackageManifest.php:102
/var/www/html/vendor/laravel/framework/src/Illuminate/Foundation/PackageManifest.php:91
/var/www/html/vendor/laravel/framework/src/Illuminate/Foundation/PackageManifest.php:80
/var/www/html/vendor/laravel/framework/src/Illuminate/Foundation/Bootstrap/RegisterFacades.php:26
/var/www/html/vendor/orchestra/testbench-core/src/Concerns/CreatesApplication.php:556
/var/www/html/vendor/orchestra/testbench-core/src/Concerns/CreatesApplication.php:311
/var/www/html/vendor/orchestra/testbench-core/src/TestCase.php:121
/var/www/html/vendor/orchestra/testbench-core/src/Concerns/ApplicationTestingHooks.php:74
/var/www/html/vendor/orchestra/testbench-core/src/Concerns/Testing.php:43
/var/www/html/vendor/laravel/framework/src/Illuminate/Collections/helpers.php:236
/var/www/html/vendor/orchestra/sidekick/src/functions.php:87
/var/www/html/vendor/laravel/framework/src/Illuminate/Collections/helpers.php:236
/var/www/html/vendor/orchestra/testbench-core/src/Concerns/Testing.php:57
/var/www/html/vendor/orchestra/testbench-core/src/TestCase.php:50
/var/www/html/tests/TestCase.php:61</error>
        </testcase>
        <testcase name="it_integrates_services_correctly" file="/var/www/html/tests/Feature/ServiceProviderIntegrationTest.php" line="170" class="JTD\LaravelMCP\Tests\Feature\ServiceProviderIntegrationTest" classname="JTD.LaravelMCP.Tests.Feature.ServiceProviderIntegrationTest" assertions="0" time="0.000000">
          <error type="Exception">JTD\LaravelMCP\Tests\Feature\ServiceProviderIntegrationTest::it_integrates_services_correctly
Exception: The /var/www/html/vendor/orchestra/testbench-core/laravel/bootstrap/cache directory must be present and writable.

/var/www/html/vendor/laravel/framework/src/Illuminate/Foundation/PackageManifest.php:179
/var/www/html/vendor/orchestra/testbench-core/src/Foundation/PackageManifest.php:157
/var/www/html/vendor/laravel/framework/src/Illuminate/Foundation/PackageManifest.php:132
/var/www/html/vendor/laravel/framework/src/Illuminate/Foundation/PackageManifest.php:108
/var/www/html/vendor/orchestra/testbench-core/src/Foundation/PackageManifest.php:102
/var/www/html/vendor/laravel/framework/src/Illuminate/Foundation/PackageManifest.php:91
/var/www/html/vendor/laravel/framework/src/Illuminate/Foundation/PackageManifest.php:80
/var/www/html/vendor/laravel/framework/src/Illuminate/Foundation/Bootstrap/RegisterFacades.php:26
/var/www/html/vendor/orchestra/testbench-core/src/Concerns/CreatesApplication.php:556
/var/www/html/vendor/orchestra/testbench-core/src/Concerns/CreatesApplication.php:311
/var/www/html/vendor/orchestra/testbench-core/src/TestCase.php:121
/var/www/html/vendor/orchestra/testbench-core/src/Concerns/ApplicationTestingHooks.php:74
/var/www/html/vendor/orchestra/testbench-core/src/Concerns/Testing.php:43
/var/www/html/vendor/laravel/framework/src/Illuminate/Collections/helpers.php:236
/var/www/html/vendor/orchestra/sidekick/src/functions.php:87
/var/www/html/vendor/laravel/framework/src/Illuminate/Collections/helpers.php:236
/var/www/html/vendor/orchestra/testbench-core/src/Concerns/Testing.php:57
/var/www/html/vendor/orchestra/testbench-core/src/TestCase.php:50
/var/www/html/tests/TestCase.php:61</error>
        </testcase>
        <testcase name="it_discovers_components_when_enabled" file="/var/www/html/tests/Feature/ServiceProviderIntegrationTest.php" line="198" class="JTD\LaravelMCP\Tests\Feature\ServiceProviderIntegrationTest" classname="JTD.LaravelMCP.Tests.Feature.ServiceProviderIntegrationTest" assertions="0" time="0.000000">
          <error type="Exception">JTD\LaravelMCP\Tests\Feature\ServiceProviderIntegrationTest::it_discovers_components_when_enabled
Exception: The /var/www/html/vendor/orchestra/testbench-core/laravel/bootstrap/cache directory must be present and writable.

/var/www/html/vendor/laravel/framework/src/Illuminate/Foundation/PackageManifest.php:179
/var/www/html/vendor/orchestra/testbench-core/src/Foundation/PackageManifest.php:157
/var/www/html/vendor/laravel/framework/src/Illuminate/Foundation/PackageManifest.php:132
/var/www/html/vendor/laravel/framework/src/Illuminate/Foundation/PackageManifest.php:108
/var/www/html/vendor/orchestra/testbench-core/src/Foundation/PackageManifest.php:102
/var/www/html/vendor/laravel/framework/src/Illuminate/Foundation/PackageManifest.php:91
/var/www/html/vendor/laravel/framework/src/Illuminate/Foundation/PackageManifest.php:80
/var/www/html/vendor/laravel/framework/src/Illuminate/Foundation/Bootstrap/RegisterFacades.php:26
/var/www/html/vendor/orchestra/testbench-core/src/Concerns/CreatesApplication.php:556
/var/www/html/vendor/orchestra/testbench-core/src/Concerns/CreatesApplication.php:311
/var/www/html/vendor/orchestra/testbench-core/src/TestCase.php:121
/var/www/html/vendor/orchestra/testbench-core/src/Concerns/ApplicationTestingHooks.php:74
/var/www/html/vendor/orchestra/testbench-core/src/Concerns/Testing.php:43
/var/www/html/vendor/laravel/framework/src/Illuminate/Collections/helpers.php:236
/var/www/html/vendor/orchestra/sidekick/src/functions.php:87
/var/www/html/vendor/laravel/framework/src/Illuminate/Collections/helpers.php:236
/var/www/html/vendor/orchestra/testbench-core/src/Concerns/Testing.php:57
/var/www/html/vendor/orchestra/testbench-core/src/TestCase.php:50
/var/www/html/tests/TestCase.php:61</error>
        </testcase>
        <testcase name="it_configures_publishable_assets" file="/var/www/html/tests/Feature/ServiceProviderIntegrationTest.php" line="233" class="JTD\LaravelMCP\Tests\Feature\ServiceProviderIntegrationTest" classname="JTD.LaravelMCP.Tests.Feature.ServiceProviderIntegrationTest" assertions="0" time="0.000000">
          <error type="Exception">JTD\LaravelMCP\Tests\Feature\ServiceProviderIntegrationTest::it_configures_publishable_assets
Exception: The /var/www/html/vendor/orchestra/testbench-core/laravel/bootstrap/cache directory must be present and writable.

/var/www/html/vendor/laravel/framework/src/Illuminate/Foundation/PackageManifest.php:179
/var/www/html/vendor/orchestra/testbench-core/src/Foundation/PackageManifest.php:157
/var/www/html/vendor/laravel/framework/src/Illuminate/Foundation/PackageManifest.php:132
/var/www/html/vendor/laravel/framework/src/Illuminate/Foundation/PackageManifest.php:108
/var/www/html/vendor/orchestra/testbench-core/src/Foundation/PackageManifest.php:102
/var/www/html/vendor/laravel/framework/src/Illuminate/Foundation/PackageManifest.php:91
/var/www/html/vendor/laravel/framework/src/Illuminate/Foundation/PackageManifest.php:80
/var/www/html/vendor/laravel/framework/src/Illuminate/Foundation/Bootstrap/RegisterFacades.php:26
/var/www/html/vendor/orchestra/testbench-core/src/Concerns/CreatesApplication.php:556
/var/www/html/vendor/orchestra/testbench-core/src/Concerns/CreatesApplication.php:311
/var/www/html/vendor/orchestra/testbench-core/src/TestCase.php:121
/var/www/html/vendor/orchestra/testbench-core/src/Concerns/ApplicationTestingHooks.php:74
/var/www/html/vendor/orchestra/testbench-core/src/Concerns/Testing.php:43
/var/www/html/vendor/laravel/framework/src/Illuminate/Collections/helpers.php:236
/var/www/html/vendor/orchestra/sidekick/src/functions.php:87
/var/www/html/vendor/laravel/framework/src/Illuminate/Collections/helpers.php:236
/var/www/html/vendor/orchestra/testbench-core/src/Concerns/Testing.php:57
/var/www/html/vendor/orchestra/testbench-core/src/TestCase.php:50
/var/www/html/tests/TestCase.php:61</error>
        </testcase>
        <testcase name="it_loads_routes_when_route_file_exists" file="/var/www/html/tests/Feature/ServiceProviderIntegrationTest.php" line="259" class="JTD\LaravelMCP\Tests\Feature\ServiceProviderIntegrationTest" classname="JTD.LaravelMCP.Tests.Feature.ServiceProviderIntegrationTest" assertions="0" time="0.000000">
          <error type="Exception">JTD\LaravelMCP\Tests\Feature\ServiceProviderIntegrationTest::it_loads_routes_when_route_file_exists
Exception: The /var/www/html/vendor/orchestra/testbench-core/laravel/bootstrap/cache directory must be present and writable.

/var/www/html/vendor/laravel/framework/src/Illuminate/Foundation/PackageManifest.php:179
/var/www/html/vendor/orchestra/testbench-core/src/Foundation/PackageManifest.php:157
/var/www/html/vendor/laravel/framework/src/Illuminate/Foundation/PackageManifest.php:132
/var/www/html/vendor/laravel/framework/src/Illuminate/Foundation/PackageManifest.php:108
/var/www/html/vendor/orchestra/testbench-core/src/Foundation/PackageManifest.php:102
/var/www/html/vendor/laravel/framework/src/Illuminate/Foundation/PackageManifest.php:91
/var/www/html/vendor/laravel/framework/src/Illuminate/Foundation/PackageManifest.php:80
/var/www/html/vendor/laravel/framework/src/Illuminate/Foundation/Bootstrap/RegisterFacades.php:26
/var/www/html/vendor/orchestra/testbench-core/src/Concerns/CreatesApplication.php:556
/var/www/html/vendor/orchestra/testbench-core/src/Concerns/CreatesApplication.php:311
/var/www/html/vendor/orchestra/testbench-core/src/TestCase.php:121
/var/www/html/vendor/orchestra/testbench-core/src/Concerns/ApplicationTestingHooks.php:74
/var/www/html/vendor/orchestra/testbench-core/src/Concerns/Testing.php:43
/var/www/html/vendor/laravel/framework/src/Illuminate/Collections/helpers.php:236
/var/www/html/vendor/orchestra/sidekick/src/functions.php:87
/var/www/html/vendor/laravel/framework/src/Illuminate/Collections/helpers.php:236
/var/www/html/vendor/orchestra/testbench-core/src/Concerns/Testing.php:57
/var/www/html/vendor/orchestra/testbench-core/src/TestCase.php:50
/var/www/html/tests/TestCase.php:61</error>
        </testcase>
        <testcase name="it_configures_transport_manager_based_on_config" file="/var/www/html/tests/Feature/ServiceProviderIntegrationTest.php" line="302" class="JTD\LaravelMCP\Tests\Feature\ServiceProviderIntegrationTest" classname="JTD.LaravelMCP.Tests.Feature.ServiceProviderIntegrationTest" assertions="0" time="0.000000">
          <error type="Exception">JTD\LaravelMCP\Tests\Feature\ServiceProviderIntegrationTest::it_configures_transport_manager_based_on_config
Exception: The /var/www/html/vendor/orchestra/testbench-core/laravel/bootstrap/cache directory must be present and writable.

/var/www/html/vendor/laravel/framework/src/Illuminate/Foundation/PackageManifest.php:179
/var/www/html/vendor/orchestra/testbench-core/src/Foundation/PackageManifest.php:157
/var/www/html/vendor/laravel/framework/src/Illuminate/Foundation/PackageManifest.php:132
/var/www/html/vendor/laravel/framework/src/Illuminate/Foundation/PackageManifest.php:108
/var/www/html/vendor/orchestra/testbench-core/src/Foundation/PackageManifest.php:102
/var/www/html/vendor/laravel/framework/src/Illuminate/Foundation/PackageManifest.php:91
/var/www/html/vendor/laravel/framework/src/Illuminate/Foundation/PackageManifest.php:80
/var/www/html/vendor/laravel/framework/src/Illuminate/Foundation/Bootstrap/RegisterFacades.php:26
/var/www/html/vendor/orchestra/testbench-core/src/Concerns/CreatesApplication.php:556
/var/www/html/vendor/orchestra/testbench-core/src/Concerns/CreatesApplication.php:311
/var/www/html/vendor/orchestra/testbench-core/src/TestCase.php:121
/var/www/html/vendor/orchestra/testbench-core/src/Concerns/ApplicationTestingHooks.php:74
/var/www/html/vendor/orchestra/testbench-core/src/Concerns/Testing.php:43
/var/www/html/vendor/laravel/framework/src/Illuminate/Collections/helpers.php:236
/var/www/html/vendor/orchestra/sidekick/src/functions.php:87
/var/www/html/vendor/laravel/framework/src/Illuminate/Collections/helpers.php:236
/var/www/html/vendor/orchestra/testbench-core/src/Concerns/Testing.php:57
/var/www/html/vendor/orchestra/testbench-core/src/TestCase.php:50
/var/www/html/tests/TestCase.php:61</error>
        </testcase>
        <testcase name="it_handles_missing_optional_dependencies_gracefully" file="/var/www/html/tests/Feature/ServiceProviderIntegrationTest.php" line="319" class="JTD\LaravelMCP\Tests\Feature\ServiceProviderIntegrationTest" classname="JTD.LaravelMCP.Tests.Feature.ServiceProviderIntegrationTest" assertions="0" time="0.000000">
          <error type="Exception">JTD\LaravelMCP\Tests\Feature\ServiceProviderIntegrationTest::it_handles_missing_optional_dependencies_gracefully
Exception: The /var/www/html/vendor/orchestra/testbench-core/laravel/bootstrap/cache directory must be present and writable.

/var/www/html/vendor/laravel/framework/src/Illuminate/Foundation/PackageManifest.php:179
/var/www/html/vendor/orchestra/testbench-core/src/Foundation/PackageManifest.php:157
/var/www/html/vendor/laravel/framework/src/Illuminate/Foundation/PackageManifest.php:132
/var/www/html/vendor/laravel/framework/src/Illuminate/Foundation/PackageManifest.php:108
/var/www/html/vendor/orchestra/testbench-core/src/Foundation/PackageManifest.php:102
/var/www/html/vendor/laravel/framework/src/Illuminate/Foundation/PackageManifest.php:91
/var/www/html/vendor/laravel/framework/src/Illuminate/Foundation/PackageManifest.php:80
/var/www/html/vendor/laravel/framework/src/Illuminate/Foundation/Bootstrap/RegisterFacades.php:26
/var/www/html/vendor/orchestra/testbench-core/src/Concerns/CreatesApplication.php:556
/var/www/html/vendor/orchestra/testbench-core/src/Concerns/CreatesApplication.php:311
/var/www/html/vendor/orchestra/testbench-core/src/TestCase.php:121
/var/www/html/vendor/orchestra/testbench-core/src/Concerns/ApplicationTestingHooks.php:74
/var/www/html/vendor/orchestra/testbench-core/src/Concerns/Testing.php:43
/var/www/html/vendor/laravel/framework/src/Illuminate/Collections/helpers.php:236
/var/www/html/vendor/orchestra/sidekick/src/functions.php:87
/var/www/html/vendor/laravel/framework/src/Illuminate/Collections/helpers.php:236
/var/www/html/vendor/orchestra/testbench-core/src/Concerns/Testing.php:57
/var/www/html/vendor/orchestra/testbench-core/src/TestCase.php:50
/var/www/html/tests/TestCase.php:61</error>
        </testcase>
        <testcase name="it_resolves_services_using_app_helper" file="/var/www/html/tests/Feature/ServiceProviderIntegrationTest.php" line="340" class="JTD\LaravelMCP\Tests\Feature\ServiceProviderIntegrationTest" classname="JTD.LaravelMCP.Tests.Feature.ServiceProviderIntegrationTest" assertions="0" time="0.000000">
          <error type="Exception">JTD\LaravelMCP\Tests\Feature\ServiceProviderIntegrationTest::it_resolves_services_using_app_helper
Exception: The /var/www/html/vendor/orchestra/testbench-core/laravel/bootstrap/cache directory must be present and writable.

/var/www/html/vendor/laravel/framework/src/Illuminate/Foundation/PackageManifest.php:179
/var/www/html/vendor/orchestra/testbench-core/src/Foundation/PackageManifest.php:157
/var/www/html/vendor/laravel/framework/src/Illuminate/Foundation/PackageManifest.php:132
/var/www/html/vendor/laravel/framework/src/Illuminate/Foundation/PackageManifest.php:108
/var/www/html/vendor/orchestra/testbench-core/src/Foundation/PackageManifest.php:102
/var/www/html/vendor/laravel/framework/src/Illuminate/Foundation/PackageManifest.php:91
/var/www/html/vendor/laravel/framework/src/Illuminate/Foundation/PackageManifest.php:80
/var/www/html/vendor/laravel/framework/src/Illuminate/Foundation/Bootstrap/RegisterFacades.php:26
/var/www/html/vendor/orchestra/testbench-core/src/Concerns/CreatesApplication.php:556
/var/www/html/vendor/orchestra/testbench-core/src/Concerns/CreatesApplication.php:311
/var/www/html/vendor/orchestra/testbench-core/src/TestCase.php:121
/var/www/html/vendor/orchestra/testbench-core/src/Concerns/ApplicationTestingHooks.php:74
/var/www/html/vendor/orchestra/testbench-core/src/Concerns/Testing.php:43
/var/www/html/vendor/laravel/framework/src/Illuminate/Collections/helpers.php:236
/var/www/html/vendor/orchestra/sidekick/src/functions.php:87
/var/www/html/vendor/laravel/framework/src/Illuminate/Collections/helpers.php:236
/var/www/html/vendor/orchestra/testbench-core/src/Concerns/Testing.php:57
/var/www/html/vendor/orchestra/testbench-core/src/TestCase.php:50
/var/www/html/tests/TestCase.php:61</error>
        </testcase>
        <testcase name="it_supports_dependency_injection_resolution" file="/var/www/html/tests/Feature/ServiceProviderIntegrationTest.php" line="357" class="JTD\LaravelMCP\Tests\Feature\ServiceProviderIntegrationTest" classname="JTD.LaravelMCP.Tests.Feature.ServiceProviderIntegrationTest" assertions="0" time="0.000000">
          <error type="Exception">JTD\LaravelMCP\Tests\Feature\ServiceProviderIntegrationTest::it_supports_dependency_injection_resolution
Exception: The /var/www/html/vendor/orchestra/testbench-core/laravel/bootstrap/cache directory must be present and writable.

/var/www/html/vendor/laravel/framework/src/Illuminate/Foundation/PackageManifest.php:179
/var/www/html/vendor/orchestra/testbench-core/src/Foundation/PackageManifest.php:157
/var/www/html/vendor/laravel/framework/src/Illuminate/Foundation/PackageManifest.php:132
/var/www/html/vendor/laravel/framework/src/Illuminate/Foundation/PackageManifest.php:108
/var/www/html/vendor/orchestra/testbench-core/src/Foundation/PackageManifest.php:102
/var/www/html/vendor/laravel/framework/src/Illuminate/Foundation/PackageManifest.php:91
/var/www/html/vendor/laravel/framework/src/Illuminate/Foundation/PackageManifest.php:80
/var/www/html/vendor/laravel/framework/src/Illuminate/Foundation/Bootstrap/RegisterFacades.php:26
/var/www/html/vendor/orchestra/testbench-core/src/Concerns/CreatesApplication.php:556
/var/www/html/vendor/orchestra/testbench-core/src/Concerns/CreatesApplication.php:311
/var/www/html/vendor/orchestra/testbench-core/src/TestCase.php:121
/var/www/html/vendor/orchestra/testbench-core/src/Concerns/ApplicationTestingHooks.php:74
/var/www/html/vendor/orchestra/testbench-core/src/Concerns/Testing.php:43
/var/www/html/vendor/laravel/framework/src/Illuminate/Collections/helpers.php:236
/var/www/html/vendor/orchestra/sidekick/src/functions.php:87
/var/www/html/vendor/laravel/framework/src/Illuminate/Collections/helpers.php:236
/var/www/html/vendor/orchestra/testbench-core/src/Concerns/Testing.php:57
/var/www/html/vendor/orchestra/testbench-core/src/TestCase.php:50
/var/www/html/tests/TestCase.php:61</error>
        </testcase>
        <testcase name="it_completes_full_service_provider_lifecycle" file="/var/www/html/tests/Feature/ServiceProviderIntegrationTest.php" line="377" class="JTD\LaravelMCP\Tests\Feature\ServiceProviderIntegrationTest" classname="JTD.LaravelMCP.Tests.Feature.ServiceProviderIntegrationTest" assertions="0" time="0.000000">
          <error type="Exception">JTD\LaravelMCP\Tests\Feature\ServiceProviderIntegrationTest::it_completes_full_service_provider_lifecycle
Exception: The /var/www/html/vendor/orchestra/testbench-core/laravel/bootstrap/cache directory must be present and writable.

/var/www/html/vendor/laravel/framework/src/Illuminate/Foundation/PackageManifest.php:179
/var/www/html/vendor/orchestra/testbench-core/src/Foundation/PackageManifest.php:157
/var/www/html/vendor/laravel/framework/src/Illuminate/Foundation/PackageManifest.php:132
/var/www/html/vendor/laravel/framework/src/Illuminate/Foundation/PackageManifest.php:108
/var/www/html/vendor/orchestra/testbench-core/src/Foundation/PackageManifest.php:102
/var/www/html/vendor/laravel/framework/src/Illuminate/Foundation/PackageManifest.php:91
/var/www/html/vendor/laravel/framework/src/Illuminate/Foundation/PackageManifest.php:80
/var/www/html/vendor/laravel/framework/src/Illuminate/Foundation/Bootstrap/RegisterFacades.php:26
/var/www/html/vendor/orchestra/testbench-core/src/Concerns/CreatesApplication.php:556
/var/www/html/vendor/orchestra/testbench-core/src/Concerns/CreatesApplication.php:311
/var/www/html/vendor/orchestra/testbench-core/src/TestCase.php:121
/var/www/html/vendor/orchestra/testbench-core/src/Concerns/ApplicationTestingHooks.php:74
/var/www/html/vendor/orchestra/testbench-core/src/Concerns/Testing.php:43
/var/www/html/vendor/laravel/framework/src/Illuminate/Collections/helpers.php:236
/var/www/html/vendor/orchestra/sidekick/src/functions.php:87
/var/www/html/vendor/laravel/framework/src/Illuminate/Collections/helpers.php:236
/var/www/html/vendor/orchestra/testbench-core/src/Concerns/Testing.php:57
/var/www/html/vendor/orchestra/testbench-core/src/TestCase.php:50
/var/www/html/tests/TestCase.php:61</error>
        </testcase>
        <testcase name="it_handles_multiple_provider_instances_safely" file="/var/www/html/tests/Feature/ServiceProviderIntegrationTest.php" line="419" class="JTD\LaravelMCP\Tests\Feature\ServiceProviderIntegrationTest" classname="JTD.LaravelMCP.Tests.Feature.ServiceProviderIntegrationTest" assertions="0" time="0.000000">
          <error type="Exception">JTD\LaravelMCP\Tests\Feature\ServiceProviderIntegrationTest::it_handles_multiple_provider_instances_safely
Exception: The /var/www/html/vendor/orchestra/testbench-core/laravel/bootstrap/cache directory must be present and writable.

/var/www/html/vendor/laravel/framework/src/Illuminate/Foundation/PackageManifest.php:179
/var/www/html/vendor/orchestra/testbench-core/src/Foundation/PackageManifest.php:157
/var/www/html/vendor/laravel/framework/src/Illuminate/Foundation/PackageManifest.php:132
/var/www/html/vendor/laravel/framework/src/Illuminate/Foundation/PackageManifest.php:108
/var/www/html/vendor/orchestra/testbench-core/src/Foundation/PackageManifest.php:102
/var/www/html/vendor/laravel/framework/src/Illuminate/Foundation/PackageManifest.php:91
/var/www/html/vendor/laravel/framework/src/Illuminate/Foundation/PackageManifest.php:80
/var/www/html/vendor/laravel/framework/src/Illuminate/Foundation/Bootstrap/RegisterFacades.php:26
/var/www/html/vendor/orchestra/testbench-core/src/Concerns/CreatesApplication.php:556
/var/www/html/vendor/orchestra/testbench-core/src/Concerns/CreatesApplication.php:311
/var/www/html/vendor/orchestra/testbench-core/src/TestCase.php:121
/var/www/html/vendor/orchestra/testbench-core/src/Concerns/ApplicationTestingHooks.php:74
/var/www/html/vendor/orchestra/testbench-core/src/Concerns/Testing.php:43
/var/www/html/vendor/laravel/framework/src/Illuminate/Collections/helpers.php:236
/var/www/html/vendor/orchestra/sidekick/src/functions.php:87
/var/www/html/vendor/laravel/framework/src/Illuminate/Collections/helpers.php:236
/var/www/html/vendor/orchestra/testbench-core/src/Concerns/Testing.php:57
/var/www/html/vendor/orchestra/testbench-core/src/TestCase.php:50
/var/www/html/tests/TestCase.php:61</error>
        </testcase>
        <testcase name="it_recovers_from_invalid_configuration" file="/var/www/html/tests/Feature/ServiceProviderIntegrationTest.php" line="449" class="JTD\LaravelMCP\Tests\Feature\ServiceProviderIntegrationTest" classname="JTD.LaravelMCP.Tests.Feature.ServiceProviderIntegrationTest" assertions="0" time="0.000000">
          <error type="Exception">JTD\LaravelMCP\Tests\Feature\ServiceProviderIntegrationTest::it_recovers_from_invalid_configuration
Exception: The /var/www/html/vendor/orchestra/testbench-core/laravel/bootstrap/cache directory must be present and writable.

/var/www/html/vendor/laravel/framework/src/Illuminate/Foundation/PackageManifest.php:179
/var/www/html/vendor/orchestra/testbench-core/src/Foundation/PackageManifest.php:157
/var/www/html/vendor/laravel/framework/src/Illuminate/Foundation/PackageManifest.php:132
/var/www/html/vendor/laravel/framework/src/Illuminate/Foundation/PackageManifest.php:108
/var/www/html/vendor/orchestra/testbench-core/src/Foundation/PackageManifest.php:102
/var/www/html/vendor/laravel/framework/src/Illuminate/Foundation/PackageManifest.php:91
/var/www/html/vendor/laravel/framework/src/Illuminate/Foundation/PackageManifest.php:80
/var/www/html/vendor/laravel/framework/src/Illuminate/Foundation/Bootstrap/RegisterFacades.php:26
/var/www/html/vendor/orchestra/testbench-core/src/Concerns/CreatesApplication.php:556
/var/www/html/vendor/orchestra/testbench-core/src/Concerns/CreatesApplication.php:311
/var/www/html/vendor/orchestra/testbench-core/src/TestCase.php:121
/var/www/html/vendor/orchestra/testbench-core/src/Concerns/ApplicationTestingHooks.php:74
/var/www/html/vendor/orchestra/testbench-core/src/Concerns/Testing.php:43
/var/www/html/vendor/laravel/framework/src/Illuminate/Collections/helpers.php:236
/var/www/html/vendor/orchestra/sidekick/src/functions.php:87
/var/www/html/vendor/laravel/framework/src/Illuminate/Collections/helpers.php:236
/var/www/html/vendor/orchestra/testbench-core/src/Concerns/Testing.php:57
/var/www/html/vendor/orchestra/testbench-core/src/TestCase.php:50
/var/www/html/tests/TestCase.php:61</error>
        </testcase>
        <testcase name="it_respects_disabled_state_configuration" file="/var/www/html/tests/Feature/ServiceProviderIntegrationTest.php" line="470" class="JTD\LaravelMCP\Tests\Feature\ServiceProviderIntegrationTest" classname="JTD.LaravelMCP.Tests.Feature.ServiceProviderIntegrationTest" assertions="0" time="0.000000">
          <error type="Exception">JTD\LaravelMCP\Tests\Feature\ServiceProviderIntegrationTest::it_respects_disabled_state_configuration
Exception: The /var/www/html/vendor/orchestra/testbench-core/laravel/bootstrap/cache directory must be present and writable.

/var/www/html/vendor/laravel/framework/src/Illuminate/Foundation/PackageManifest.php:179
/var/www/html/vendor/orchestra/testbench-core/src/Foundation/PackageManifest.php:157
/var/www/html/vendor/laravel/framework/src/Illuminate/Foundation/PackageManifest.php:132
/var/www/html/vendor/laravel/framework/src/Illuminate/Foundation/PackageManifest.php:108
/var/www/html/vendor/orchestra/testbench-core/src/Foundation/PackageManifest.php:102
/var/www/html/vendor/laravel/framework/src/Illuminate/Foundation/PackageManifest.php:91
/var/www/html/vendor/laravel/framework/src/Illuminate/Foundation/PackageManifest.php:80
/var/www/html/vendor/laravel/framework/src/Illuminate/Foundation/Bootstrap/RegisterFacades.php:26
/var/www/html/vendor/orchestra/testbench-core/src/Concerns/CreatesApplication.php:556
/var/www/html/vendor/orchestra/testbench-core/src/Concerns/CreatesApplication.php:311
/var/www/html/vendor/orchestra/testbench-core/src/TestCase.php:121
/var/www/html/vendor/orchestra/testbench-core/src/Concerns/ApplicationTestingHooks.php:74
/var/www/html/vendor/orchestra/testbench-core/src/Concerns/Testing.php:43
/var/www/html/vendor/laravel/framework/src/Illuminate/Collections/helpers.php:236
/var/www/html/vendor/orchestra/sidekick/src/functions.php:87
/var/www/html/vendor/laravel/framework/src/Illuminate/Collections/helpers.php:236
/var/www/html/vendor/orchestra/testbench-core/src/Concerns/Testing.php:57
/var/www/html/vendor/orchestra/testbench-core/src/TestCase.php:50
/var/www/html/tests/TestCase.php:61</error>
        </testcase>
      </testsuite>
      <testsuite name="JTD\LaravelMCP\Tests\Feature\Transport\StdioTransportIntegrationTest" file="/var/www/html/tests/Feature/Transport/StdioTransportIntegrationTest.php" tests="16" assertions="0" errors="16" failures="0" skipped="0" time="0.000000">
        <testcase name="it_creates_stdio_transport_through_manager" file="/var/www/html/tests/Feature/Transport/StdioTransportIntegrationTest.php" line="61" class="JTD\LaravelMCP\Tests\Feature\Transport\StdioTransportIntegrationTest" classname="JTD.LaravelMCP.Tests.Feature.Transport.StdioTransportIntegrationTest" assertions="0" time="0.000000">
          <error type="Exception">JTD\LaravelMCP\Tests\Feature\Transport\StdioTransportIntegrationTest::it_creates_stdio_transport_through_manager
Exception: The /var/www/html/vendor/orchestra/testbench-core/laravel/bootstrap/cache directory must be present and writable.

/var/www/html/vendor/laravel/framework/src/Illuminate/Foundation/PackageManifest.php:179
/var/www/html/vendor/orchestra/testbench-core/src/Foundation/PackageManifest.php:157
/var/www/html/vendor/laravel/framework/src/Illuminate/Foundation/PackageManifest.php:132
/var/www/html/vendor/laravel/framework/src/Illuminate/Foundation/PackageManifest.php:108
/var/www/html/vendor/orchestra/testbench-core/src/Foundation/PackageManifest.php:102
/var/www/html/vendor/laravel/framework/src/Illuminate/Foundation/PackageManifest.php:91
/var/www/html/vendor/laravel/framework/src/Illuminate/Foundation/PackageManifest.php:80
/var/www/html/vendor/laravel/framework/src/Illuminate/Foundation/Bootstrap/RegisterFacades.php:26
/var/www/html/vendor/orchestra/testbench-core/src/Concerns/CreatesApplication.php:556
/var/www/html/vendor/orchestra/testbench-core/src/Concerns/CreatesApplication.php:311
/var/www/html/vendor/orchestra/testbench-core/src/TestCase.php:121
/var/www/html/vendor/orchestra/testbench-core/src/Concerns/ApplicationTestingHooks.php:74
/var/www/html/vendor/orchestra/testbench-core/src/Concerns/Testing.php:43
/var/www/html/vendor/laravel/framework/src/Illuminate/Collections/helpers.php:236
/var/www/html/vendor/orchestra/sidekick/src/functions.php:87
/var/www/html/vendor/laravel/framework/src/Illuminate/Collections/helpers.php:236
/var/www/html/vendor/orchestra/testbench-core/src/Concerns/Testing.php:57
/var/www/html/vendor/orchestra/testbench-core/src/TestCase.php:50
/var/www/html/tests/TestCase.php:61
/var/www/html/tests/Feature/Transport/StdioTransportIntegrationTest.php:47</error>
        </testcase>
        <testcase name="it_initializes_stdio_transport_with_config" file="/var/www/html/tests/Feature/Transport/StdioTransportIntegrationTest.php" line="70" class="JTD\LaravelMCP\Tests\Feature\Transport\StdioTransportIntegrationTest" classname="JTD.LaravelMCP.Tests.Feature.Transport.StdioTransportIntegrationTest" assertions="0" time="0.000000">
          <error type="Exception">JTD\LaravelMCP\Tests\Feature\Transport\StdioTransportIntegrationTest::it_initializes_stdio_transport_with_config
Exception: The /var/www/html/vendor/orchestra/testbench-core/laravel/bootstrap/cache directory must be present and writable.

/var/www/html/vendor/laravel/framework/src/Illuminate/Foundation/PackageManifest.php:179
/var/www/html/vendor/orchestra/testbench-core/src/Foundation/PackageManifest.php:157
/var/www/html/vendor/laravel/framework/src/Illuminate/Foundation/PackageManifest.php:132
/var/www/html/vendor/laravel/framework/src/Illuminate/Foundation/PackageManifest.php:108
/var/www/html/vendor/orchestra/testbench-core/src/Foundation/PackageManifest.php:102
/var/www/html/vendor/laravel/framework/src/Illuminate/Foundation/PackageManifest.php:91
/var/www/html/vendor/laravel/framework/src/Illuminate/Foundation/PackageManifest.php:80
/var/www/html/vendor/laravel/framework/src/Illuminate/Foundation/Bootstrap/RegisterFacades.php:26
/var/www/html/vendor/orchestra/testbench-core/src/Concerns/CreatesApplication.php:556
/var/www/html/vendor/orchestra/testbench-core/src/Concerns/CreatesApplication.php:311
/var/www/html/vendor/orchestra/testbench-core/src/TestCase.php:121
/var/www/html/vendor/orchestra/testbench-core/src/Concerns/ApplicationTestingHooks.php:74
/var/www/html/vendor/orchestra/testbench-core/src/Concerns/Testing.php:43
/var/www/html/vendor/laravel/framework/src/Illuminate/Collections/helpers.php:236
/var/www/html/vendor/orchestra/sidekick/src/functions.php:87
/var/www/html/vendor/laravel/framework/src/Illuminate/Collections/helpers.php:236
/var/www/html/vendor/orchestra/testbench-core/src/Concerns/Testing.php:57
/var/www/html/vendor/orchestra/testbench-core/src/TestCase.php:50
/var/www/html/tests/TestCase.php:61
/var/www/html/tests/Feature/Transport/StdioTransportIntegrationTest.php:47</error>
        </testcase>
        <testcase name="it_manages_stdio_transport_lifecycle" file="/var/www/html/tests/Feature/Transport/StdioTransportIntegrationTest.php" line="87" class="JTD\LaravelMCP\Tests\Feature\Transport\StdioTransportIntegrationTest" classname="JTD.LaravelMCP.Tests.Feature.Transport.StdioTransportIntegrationTest" assertions="0" time="0.000000">
          <error type="Exception">JTD\LaravelMCP\Tests\Feature\Transport\StdioTransportIntegrationTest::it_manages_stdio_transport_lifecycle
Exception: The /var/www/html/vendor/orchestra/testbench-core/laravel/bootstrap/cache directory must be present and writable.

/var/www/html/vendor/laravel/framework/src/Illuminate/Foundation/PackageManifest.php:179
/var/www/html/vendor/orchestra/testbench-core/src/Foundation/PackageManifest.php:157
/var/www/html/vendor/laravel/framework/src/Illuminate/Foundation/PackageManifest.php:132
/var/www/html/vendor/laravel/framework/src/Illuminate/Foundation/PackageManifest.php:108
/var/www/html/vendor/orchestra/testbench-core/src/Foundation/PackageManifest.php:102
/var/www/html/vendor/laravel/framework/src/Illuminate/Foundation/PackageManifest.php:91
/var/www/html/vendor/laravel/framework/src/Illuminate/Foundation/PackageManifest.php:80
/var/www/html/vendor/laravel/framework/src/Illuminate/Foundation/Bootstrap/RegisterFacades.php:26
/var/www/html/vendor/orchestra/testbench-core/src/Concerns/CreatesApplication.php:556
/var/www/html/vendor/orchestra/testbench-core/src/Concerns/CreatesApplication.php:311
/var/www/html/vendor/orchestra/testbench-core/src/TestCase.php:121
/var/www/html/vendor/orchestra/testbench-core/src/Concerns/ApplicationTestingHooks.php:74
/var/www/html/vendor/orchestra/testbench-core/src/Concerns/Testing.php:43
/var/www/html/vendor/laravel/framework/src/Illuminate/Collections/helpers.php:236
/var/www/html/vendor/orchestra/sidekick/src/functions.php:87
/var/www/html/vendor/laravel/framework/src/Illuminate/Collections/helpers.php:236
/var/www/html/vendor/orchestra/testbench-core/src/Concerns/Testing.php:57
/var/www/html/vendor/orchestra/testbench-core/src/TestCase.php:50
/var/www/html/tests/TestCase.php:61
/var/www/html/tests/Feature/Transport/StdioTransportIntegrationTest.php:47</error>
        </testcase>
        <testcase name="it_simulates_message_exchange_with_mock_streams" file="/var/www/html/tests/Feature/Transport/StdioTransportIntegrationTest.php" line="102" class="JTD\LaravelMCP\Tests\Feature\Transport\StdioTransportIntegrationTest" classname="JTD.LaravelMCP.Tests.Feature.Transport.StdioTransportIntegrationTest" assertions="0" time="0.000000">
          <error type="Exception">JTD\LaravelMCP\Tests\Feature\Transport\StdioTransportIntegrationTest::it_simulates_message_exchange_with_mock_streams
Exception: The /var/www/html/vendor/orchestra/testbench-core/laravel/bootstrap/cache directory must be present and writable.

/var/www/html/vendor/laravel/framework/src/Illuminate/Foundation/PackageManifest.php:179
/var/www/html/vendor/orchestra/testbench-core/src/Foundation/PackageManifest.php:157
/var/www/html/vendor/laravel/framework/src/Illuminate/Foundation/PackageManifest.php:132
/var/www/html/vendor/laravel/framework/src/Illuminate/Foundation/PackageManifest.php:108
/var/www/html/vendor/orchestra/testbench-core/src/Foundation/PackageManifest.php:102
/var/www/html/vendor/laravel/framework/src/Illuminate/Foundation/PackageManifest.php:91
/var/www/html/vendor/laravel/framework/src/Illuminate/Foundation/PackageManifest.php:80
/var/www/html/vendor/laravel/framework/src/Illuminate/Foundation/Bootstrap/RegisterFacades.php:26
/var/www/html/vendor/orchestra/testbench-core/src/Concerns/CreatesApplication.php:556
/var/www/html/vendor/orchestra/testbench-core/src/Concerns/CreatesApplication.php:311
/var/www/html/vendor/orchestra/testbench-core/src/TestCase.php:121
/var/www/html/vendor/orchestra/testbench-core/src/Concerns/ApplicationTestingHooks.php:74
/var/www/html/vendor/orchestra/testbench-core/src/Concerns/Testing.php:43
/var/www/html/vendor/laravel/framework/src/Illuminate/Collections/helpers.php:236
/var/www/html/vendor/orchestra/sidekick/src/functions.php:87
/var/www/html/vendor/laravel/framework/src/Illuminate/Collections/helpers.php:236
/var/www/html/vendor/orchestra/testbench-core/src/Concerns/Testing.php:57
/var/www/html/vendor/orchestra/testbench-core/src/TestCase.php:50
/var/www/html/tests/TestCase.php:61
/var/www/html/tests/Feature/Transport/StdioTransportIntegrationTest.php:47</error>
        </testcase>
        <testcase name="it_handles_json_rpc_error_responses" file="/var/www/html/tests/Feature/Transport/StdioTransportIntegrationTest.php" line="120" class="JTD\LaravelMCP\Tests\Feature\Transport\StdioTransportIntegrationTest" classname="JTD.LaravelMCP.Tests.Feature.Transport.StdioTransportIntegrationTest" assertions="0" time="0.000000">
          <error type="Exception">JTD\LaravelMCP\Tests\Feature\Transport\StdioTransportIntegrationTest::it_handles_json_rpc_error_responses
Exception: The /var/www/html/vendor/orchestra/testbench-core/laravel/bootstrap/cache directory must be present and writable.

/var/www/html/vendor/laravel/framework/src/Illuminate/Foundation/PackageManifest.php:179
/var/www/html/vendor/orchestra/testbench-core/src/Foundation/PackageManifest.php:157
/var/www/html/vendor/laravel/framework/src/Illuminate/Foundation/PackageManifest.php:132
/var/www/html/vendor/laravel/framework/src/Illuminate/Foundation/PackageManifest.php:108
/var/www/html/vendor/orchestra/testbench-core/src/Foundation/PackageManifest.php:102
/var/www/html/vendor/laravel/framework/src/Illuminate/Foundation/PackageManifest.php:91
/var/www/html/vendor/laravel/framework/src/Illuminate/Foundation/PackageManifest.php:80
/var/www/html/vendor/laravel/framework/src/Illuminate/Foundation/Bootstrap/RegisterFacades.php:26
/var/www/html/vendor/orchestra/testbench-core/src/Concerns/CreatesApplication.php:556
/var/www/html/vendor/orchestra/testbench-core/src/Concerns/CreatesApplication.php:311
/var/www/html/vendor/orchestra/testbench-core/src/TestCase.php:121
/var/www/html/vendor/orchestra/testbench-core/src/Concerns/ApplicationTestingHooks.php:74
/var/www/html/vendor/orchestra/testbench-core/src/Concerns/Testing.php:43
/var/www/html/vendor/laravel/framework/src/Illuminate/Collections/helpers.php:236
/var/www/html/vendor/orchestra/sidekick/src/functions.php:87
/var/www/html/vendor/laravel/framework/src/Illuminate/Collections/helpers.php:236
/var/www/html/vendor/orchestra/testbench-core/src/Concerns/Testing.php:57
/var/www/html/vendor/orchestra/testbench-core/src/TestCase.php:50
/var/www/html/tests/TestCase.php:61
/var/www/html/tests/Feature/Transport/StdioTransportIntegrationTest.php:47</error>
        </testcase>
        <testcase name="it_processes_notifications_without_id" file="/var/www/html/tests/Feature/Transport/StdioTransportIntegrationTest.php" line="137" class="JTD\LaravelMCP\Tests\Feature\Transport\StdioTransportIntegrationTest" classname="JTD.LaravelMCP.Tests.Feature.Transport.StdioTransportIntegrationTest" assertions="0" time="0.000000">
          <error type="Exception">JTD\LaravelMCP\Tests\Feature\Transport\StdioTransportIntegrationTest::it_processes_notifications_without_id
Exception: The /var/www/html/vendor/orchestra/testbench-core/laravel/bootstrap/cache directory must be present and writable.

/var/www/html/vendor/laravel/framework/src/Illuminate/Foundation/PackageManifest.php:179
/var/www/html/vendor/orchestra/testbench-core/src/Foundation/PackageManifest.php:157
/var/www/html/vendor/laravel/framework/src/Illuminate/Foundation/PackageManifest.php:132
/var/www/html/vendor/laravel/framework/src/Illuminate/Foundation/PackageManifest.php:108
/var/www/html/vendor/orchestra/testbench-core/src/Foundation/PackageManifest.php:102
/var/www/html/vendor/laravel/framework/src/Illuminate/Foundation/PackageManifest.php:91
/var/www/html/vendor/laravel/framework/src/Illuminate/Foundation/PackageManifest.php:80
/var/www/html/vendor/laravel/framework/src/Illuminate/Foundation/Bootstrap/RegisterFacades.php:26
/var/www/html/vendor/orchestra/testbench-core/src/Concerns/CreatesApplication.php:556
/var/www/html/vendor/orchestra/testbench-core/src/Concerns/CreatesApplication.php:311
/var/www/html/vendor/orchestra/testbench-core/src/TestCase.php:121
/var/www/html/vendor/orchestra/testbench-core/src/Concerns/ApplicationTestingHooks.php:74
/var/www/html/vendor/orchestra/testbench-core/src/Concerns/Testing.php:43
/var/www/html/vendor/laravel/framework/src/Illuminate/Collections/helpers.php:236
/var/www/html/vendor/orchestra/sidekick/src/functions.php:87
/var/www/html/vendor/laravel/framework/src/Illuminate/Collections/helpers.php:236
/var/www/html/vendor/orchestra/testbench-core/src/Concerns/Testing.php:57
/var/www/html/vendor/orchestra/testbench-core/src/TestCase.php:50
/var/www/html/tests/TestCase.php:61
/var/www/html/tests/Feature/Transport/StdioTransportIntegrationTest.php:47</error>
        </testcase>
        <testcase name="it_handles_large_messages" file="/var/www/html/tests/Feature/Transport/StdioTransportIntegrationTest.php" line="149" class="JTD\LaravelMCP\Tests\Feature\Transport\StdioTransportIntegrationTest" classname="JTD.LaravelMCP.Tests.Feature.Transport.StdioTransportIntegrationTest" assertions="0" time="0.000000">
          <error type="Exception">JTD\LaravelMCP\Tests\Feature\Transport\StdioTransportIntegrationTest::it_handles_large_messages
Exception: The /var/www/html/vendor/orchestra/testbench-core/laravel/bootstrap/cache directory must be present and writable.

/var/www/html/vendor/laravel/framework/src/Illuminate/Foundation/PackageManifest.php:179
/var/www/html/vendor/orchestra/testbench-core/src/Foundation/PackageManifest.php:157
/var/www/html/vendor/laravel/framework/src/Illuminate/Foundation/PackageManifest.php:132
/var/www/html/vendor/laravel/framework/src/Illuminate/Foundation/PackageManifest.php:108
/var/www/html/vendor/orchestra/testbench-core/src/Foundation/PackageManifest.php:102
/var/www/html/vendor/laravel/framework/src/Illuminate/Foundation/PackageManifest.php:91
/var/www/html/vendor/laravel/framework/src/Illuminate/Foundation/PackageManifest.php:80
/var/www/html/vendor/laravel/framework/src/Illuminate/Foundation/Bootstrap/RegisterFacades.php:26
/var/www/html/vendor/orchestra/testbench-core/src/Concerns/CreatesApplication.php:556
/var/www/html/vendor/orchestra/testbench-core/src/Concerns/CreatesApplication.php:311
/var/www/html/vendor/orchestra/testbench-core/src/TestCase.php:121
/var/www/html/vendor/orchestra/testbench-core/src/Concerns/ApplicationTestingHooks.php:74
/var/www/html/vendor/orchestra/testbench-core/src/Concerns/Testing.php:43
/var/www/html/vendor/laravel/framework/src/Illuminate/Collections/helpers.php:236
/var/www/html/vendor/orchestra/sidekick/src/functions.php:87
/var/www/html/vendor/laravel/framework/src/Illuminate/Collections/helpers.php:236
/var/www/html/vendor/orchestra/testbench-core/src/Concerns/Testing.php:57
/var/www/html/vendor/orchestra/testbench-core/src/TestCase.php:50
/var/www/html/tests/TestCase.php:61
/var/www/html/tests/Feature/Transport/StdioTransportIntegrationTest.php:47</error>
        </testcase>
        <testcase name="it_handles_content_length_framing" file="/var/www/html/tests/Feature/Transport/StdioTransportIntegrationTest.php" line="166" class="JTD\LaravelMCP\Tests\Feature\Transport\StdioTransportIntegrationTest" classname="JTD.LaravelMCP.Tests.Feature.Transport.StdioTransportIntegrationTest" assertions="0" time="0.000000">
          <error type="Exception">JTD\LaravelMCP\Tests\Feature\Transport\StdioTransportIntegrationTest::it_handles_content_length_framing
Exception: The /var/www/html/vendor/orchestra/testbench-core/laravel/bootstrap/cache directory must be present and writable.

/var/www/html/vendor/laravel/framework/src/Illuminate/Foundation/PackageManifest.php:179
/var/www/html/vendor/orchestra/testbench-core/src/Foundation/PackageManifest.php:157
/var/www/html/vendor/laravel/framework/src/Illuminate/Foundation/PackageManifest.php:132
/var/www/html/vendor/laravel/framework/src/Illuminate/Foundation/PackageManifest.php:108
/var/www/html/vendor/orchestra/testbench-core/src/Foundation/PackageManifest.php:102
/var/www/html/vendor/laravel/framework/src/Illuminate/Foundation/PackageManifest.php:91
/var/www/html/vendor/laravel/framework/src/Illuminate/Foundation/PackageManifest.php:80
/var/www/html/vendor/laravel/framework/src/Illuminate/Foundation/Bootstrap/RegisterFacades.php:26
/var/www/html/vendor/orchestra/testbench-core/src/Concerns/CreatesApplication.php:556
/var/www/html/vendor/orchestra/testbench-core/src/Concerns/CreatesApplication.php:311
/var/www/html/vendor/orchestra/testbench-core/src/TestCase.php:121
/var/www/html/vendor/orchestra/testbench-core/src/Concerns/ApplicationTestingHooks.php:74
/var/www/html/vendor/orchestra/testbench-core/src/Concerns/Testing.php:43
/var/www/html/vendor/laravel/framework/src/Illuminate/Collections/helpers.php:236
/var/www/html/vendor/orchestra/sidekick/src/functions.php:87
/var/www/html/vendor/laravel/framework/src/Illuminate/Collections/helpers.php:236
/var/www/html/vendor/orchestra/testbench-core/src/Concerns/Testing.php:57
/var/www/html/vendor/orchestra/testbench-core/src/TestCase.php:50
/var/www/html/tests/TestCase.php:61
/var/www/html/tests/Feature/Transport/StdioTransportIntegrationTest.php:47</error>
        </testcase>
        <testcase name="it_handles_multiple_messages_in_buffer" file="/var/www/html/tests/Feature/Transport/StdioTransportIntegrationTest.php" line="186" class="JTD\LaravelMCP\Tests\Feature\Transport\StdioTransportIntegrationTest" classname="JTD.LaravelMCP.Tests.Feature.Transport.StdioTransportIntegrationTest" assertions="0" time="0.000000">
          <error type="Exception">JTD\LaravelMCP\Tests\Feature\Transport\StdioTransportIntegrationTest::it_handles_multiple_messages_in_buffer
Exception: The /var/www/html/vendor/orchestra/testbench-core/laravel/bootstrap/cache directory must be present and writable.

/var/www/html/vendor/laravel/framework/src/Illuminate/Foundation/PackageManifest.php:179
/var/www/html/vendor/orchestra/testbench-core/src/Foundation/PackageManifest.php:157
/var/www/html/vendor/laravel/framework/src/Illuminate/Foundation/PackageManifest.php:132
/var/www/html/vendor/laravel/framework/src/Illuminate/Foundation/PackageManifest.php:108
/var/www/html/vendor/orchestra/testbench-core/src/Foundation/PackageManifest.php:102
/var/www/html/vendor/laravel/framework/src/Illuminate/Foundation/PackageManifest.php:91
/var/www/html/vendor/laravel/framework/src/Illuminate/Foundation/PackageManifest.php:80
/var/www/html/vendor/laravel/framework/src/Illuminate/Foundation/Bootstrap/RegisterFacades.php:26
/var/www/html/vendor/orchestra/testbench-core/src/Concerns/CreatesApplication.php:556
/var/www/html/vendor/orchestra/testbench-core/src/Concerns/CreatesApplication.php:311
/var/www/html/vendor/orchestra/testbench-core/src/TestCase.php:121
/var/www/html/vendor/orchestra/testbench-core/src/Concerns/ApplicationTestingHooks.php:74
/var/www/html/vendor/orchestra/testbench-core/src/Concerns/Testing.php:43
/var/www/html/vendor/laravel/framework/src/Illuminate/Collections/helpers.php:236
/var/www/html/vendor/orchestra/sidekick/src/functions.php:87
/var/www/html/vendor/laravel/framework/src/Illuminate/Collections/helpers.php:236
/var/www/html/vendor/orchestra/testbench-core/src/Concerns/Testing.php:57
/var/www/html/vendor/orchestra/testbench-core/src/TestCase.php:50
/var/www/html/tests/TestCase.php:61
/var/www/html/tests/Feature/Transport/StdioTransportIntegrationTest.php:47</error>
        </testcase>
        <testcase name="it_handles_partial_message_buffering" file="/var/www/html/tests/Feature/Transport/StdioTransportIntegrationTest.php" line="205" class="JTD\LaravelMCP\Tests\Feature\Transport\StdioTransportIntegrationTest" classname="JTD.LaravelMCP.Tests.Feature.Transport.StdioTransportIntegrationTest" assertions="0" time="0.000000">
          <error type="Exception">JTD\LaravelMCP\Tests\Feature\Transport\StdioTransportIntegrationTest::it_handles_partial_message_buffering
Exception: The /var/www/html/vendor/orchestra/testbench-core/laravel/bootstrap/cache directory must be present and writable.

/var/www/html/vendor/laravel/framework/src/Illuminate/Foundation/PackageManifest.php:179
/var/www/html/vendor/orchestra/testbench-core/src/Foundation/PackageManifest.php:157
/var/www/html/vendor/laravel/framework/src/Illuminate/Foundation/PackageManifest.php:132
/var/www/html/vendor/laravel/framework/src/Illuminate/Foundation/PackageManifest.php:108
/var/www/html/vendor/orchestra/testbench-core/src/Foundation/PackageManifest.php:102
/var/www/html/vendor/laravel/framework/src/Illuminate/Foundation/PackageManifest.php:91
/var/www/html/vendor/laravel/framework/src/Illuminate/Foundation/PackageManifest.php:80
/var/www/html/vendor/laravel/framework/src/Illuminate/Foundation/Bootstrap/RegisterFacades.php:26
/var/www/html/vendor/orchestra/testbench-core/src/Concerns/CreatesApplication.php:556
/var/www/html/vendor/orchestra/testbench-core/src/Concerns/CreatesApplication.php:311
/var/www/html/vendor/orchestra/testbench-core/src/TestCase.php:121
/var/www/html/vendor/orchestra/testbench-core/src/Concerns/ApplicationTestingHooks.php:74
/var/www/html/vendor/orchestra/testbench-core/src/Concerns/Testing.php:43
/var/www/html/vendor/laravel/framework/src/Illuminate/Collections/helpers.php:236
/var/www/html/vendor/orchestra/sidekick/src/functions.php:87
/var/www/html/vendor/laravel/framework/src/Illuminate/Collections/helpers.php:236
/var/www/html/vendor/orchestra/testbench-core/src/Concerns/Testing.php:57
/var/www/html/vendor/orchestra/testbench-core/src/TestCase.php:50
/var/www/html/tests/TestCase.php:61
/var/www/html/tests/Feature/Transport/StdioTransportIntegrationTest.php:47</error>
        </testcase>
        <testcase name="it_tracks_transport_health" file="/var/www/html/tests/Feature/Transport/StdioTransportIntegrationTest.php" line="228" class="JTD\LaravelMCP\Tests\Feature\Transport\StdioTransportIntegrationTest" classname="JTD.LaravelMCP.Tests.Feature.Transport.StdioTransportIntegrationTest" assertions="0" time="0.000000">
          <error type="Exception">JTD\LaravelMCP\Tests\Feature\Transport\StdioTransportIntegrationTest::it_tracks_transport_health
Exception: The /var/www/html/vendor/orchestra/testbench-core/laravel/bootstrap/cache directory must be present and writable.

/var/www/html/vendor/laravel/framework/src/Illuminate/Foundation/PackageManifest.php:179
/var/www/html/vendor/orchestra/testbench-core/src/Foundation/PackageManifest.php:157
/var/www/html/vendor/laravel/framework/src/Illuminate/Foundation/PackageManifest.php:132
/var/www/html/vendor/laravel/framework/src/Illuminate/Foundation/PackageManifest.php:108
/var/www/html/vendor/orchestra/testbench-core/src/Foundation/PackageManifest.php:102
/var/www/html/vendor/laravel/framework/src/Illuminate/Foundation/PackageManifest.php:91
/var/www/html/vendor/laravel/framework/src/Illuminate/Foundation/PackageManifest.php:80
/var/www/html/vendor/laravel/framework/src/Illuminate/Foundation/Bootstrap/RegisterFacades.php:26
/var/www/html/vendor/orchestra/testbench-core/src/Concerns/CreatesApplication.php:556
/var/www/html/vendor/orchestra/testbench-core/src/Concerns/CreatesApplication.php:311
/var/www/html/vendor/orchestra/testbench-core/src/TestCase.php:121
/var/www/html/vendor/orchestra/testbench-core/src/Concerns/ApplicationTestingHooks.php:74
/var/www/html/vendor/orchestra/testbench-core/src/Concerns/Testing.php:43
/var/www/html/vendor/laravel/framework/src/Illuminate/Collections/helpers.php:236
/var/www/html/vendor/orchestra/sidekick/src/functions.php:87
/var/www/html/vendor/laravel/framework/src/Illuminate/Collections/helpers.php:236
/var/www/html/vendor/orchestra/testbench-core/src/Concerns/Testing.php:57
/var/www/html/vendor/orchestra/testbench-core/src/TestCase.php:50
/var/www/html/tests/TestCase.php:61
/var/www/html/tests/Feature/Transport/StdioTransportIntegrationTest.php:47</error>
        </testcase>
        <testcase name="it_integrates_with_symfony_process" file="/var/www/html/tests/Feature/Transport/StdioTransportIntegrationTest.php" line="246" class="JTD\LaravelMCP\Tests\Feature\Transport\StdioTransportIntegrationTest" classname="JTD.LaravelMCP.Tests.Feature.Transport.StdioTransportIntegrationTest" assertions="0" time="0.000000">
          <error type="Exception">JTD\LaravelMCP\Tests\Feature\Transport\StdioTransportIntegrationTest::it_integrates_with_symfony_process
Exception: The /var/www/html/vendor/orchestra/testbench-core/laravel/bootstrap/cache directory must be present and writable.

/var/www/html/vendor/laravel/framework/src/Illuminate/Foundation/PackageManifest.php:179
/var/www/html/vendor/orchestra/testbench-core/src/Foundation/PackageManifest.php:157
/var/www/html/vendor/laravel/framework/src/Illuminate/Foundation/PackageManifest.php:132
/var/www/html/vendor/laravel/framework/src/Illuminate/Foundation/PackageManifest.php:108
/var/www/html/vendor/orchestra/testbench-core/src/Foundation/PackageManifest.php:102
/var/www/html/vendor/laravel/framework/src/Illuminate/Foundation/PackageManifest.php:91
/var/www/html/vendor/laravel/framework/src/Illuminate/Foundation/PackageManifest.php:80
/var/www/html/vendor/laravel/framework/src/Illuminate/Foundation/Bootstrap/RegisterFacades.php:26
/var/www/html/vendor/orchestra/testbench-core/src/Concerns/CreatesApplication.php:556
/var/www/html/vendor/orchestra/testbench-core/src/Concerns/CreatesApplication.php:311
/var/www/html/vendor/orchestra/testbench-core/src/TestCase.php:121
/var/www/html/vendor/orchestra/testbench-core/src/Concerns/ApplicationTestingHooks.php:74
/var/www/html/vendor/orchestra/testbench-core/src/Concerns/Testing.php:43
/var/www/html/vendor/laravel/framework/src/Illuminate/Collections/helpers.php:236
/var/www/html/vendor/orchestra/sidekick/src/functions.php:87
/var/www/html/vendor/laravel/framework/src/Illuminate/Collections/helpers.php:236
/var/www/html/vendor/orchestra/testbench-core/src/Concerns/Testing.php:57
/var/www/html/vendor/orchestra/testbench-core/src/TestCase.php:50
/var/www/html/tests/TestCase.php:61
/var/www/html/tests/Feature/Transport/StdioTransportIntegrationTest.php:47</error>
        </testcase>
        <testcase name="it_provides_comprehensive_connection_info" file="/var/www/html/tests/Feature/Transport/StdioTransportIntegrationTest.php" line="270" class="JTD\LaravelMCP\Tests\Feature\Transport\StdioTransportIntegrationTest" classname="JTD.LaravelMCP.Tests.Feature.Transport.StdioTransportIntegrationTest" assertions="0" time="0.000000">
          <error type="Exception">JTD\LaravelMCP\Tests\Feature\Transport\StdioTransportIntegrationTest::it_provides_comprehensive_connection_info
Exception: The /var/www/html/vendor/orchestra/testbench-core/laravel/bootstrap/cache directory must be present and writable.

/var/www/html/vendor/laravel/framework/src/Illuminate/Foundation/PackageManifest.php:179
/var/www/html/vendor/orchestra/testbench-core/src/Foundation/PackageManifest.php:157
/var/www/html/vendor/laravel/framework/src/Illuminate/Foundation/PackageManifest.php:132
/var/www/html/vendor/laravel/framework/src/Illuminate/Foundation/PackageManifest.php:108
/var/www/html/vendor/orchestra/testbench-core/src/Foundation/PackageManifest.php:102
/var/www/html/vendor/laravel/framework/src/Illuminate/Foundation/PackageManifest.php:91
/var/www/html/vendor/laravel/framework/src/Illuminate/Foundation/PackageManifest.php:80
/var/www/html/vendor/laravel/framework/src/Illuminate/Foundation/Bootstrap/RegisterFacades.php:26
/var/www/html/vendor/orchestra/testbench-core/src/Concerns/CreatesApplication.php:556
/var/www/html/vendor/orchestra/testbench-core/src/Concerns/CreatesApplication.php:311
/var/www/html/vendor/orchestra/testbench-core/src/TestCase.php:121
/var/www/html/vendor/orchestra/testbench-core/src/Concerns/ApplicationTestingHooks.php:74
/var/www/html/vendor/orchestra/testbench-core/src/Concerns/Testing.php:43
/var/www/html/vendor/laravel/framework/src/Illuminate/Collections/helpers.php:236
/var/www/html/vendor/orchestra/sidekick/src/functions.php:87
/var/www/html/vendor/laravel/framework/src/Illuminate/Collections/helpers.php:236
/var/www/html/vendor/orchestra/testbench-core/src/Concerns/Testing.php:57
/var/www/html/vendor/orchestra/testbench-core/src/TestCase.php:50
/var/www/html/tests/TestCase.php:61
/var/www/html/tests/Feature/Transport/StdioTransportIntegrationTest.php:47</error>
        </testcase>
        <testcase name="it_handles_keepalive_messages" file="/var/www/html/tests/Feature/Transport/StdioTransportIntegrationTest.php" line="293" class="JTD\LaravelMCP\Tests\Feature\Transport\StdioTransportIntegrationTest" classname="JTD.LaravelMCP.Tests.Feature.Transport.StdioTransportIntegrationTest" assertions="0" time="0.000000">
          <error type="Exception">JTD\LaravelMCP\Tests\Feature\Transport\StdioTransportIntegrationTest::it_handles_keepalive_messages
Exception: The /var/www/html/vendor/orchestra/testbench-core/laravel/bootstrap/cache directory must be present and writable.

/var/www/html/vendor/laravel/framework/src/Illuminate/Foundation/PackageManifest.php:179
/var/www/html/vendor/orchestra/testbench-core/src/Foundation/PackageManifest.php:157
/var/www/html/vendor/laravel/framework/src/Illuminate/Foundation/PackageManifest.php:132
/var/www/html/vendor/laravel/framework/src/Illuminate/Foundation/PackageManifest.php:108
/var/www/html/vendor/orchestra/testbench-core/src/Foundation/PackageManifest.php:102
/var/www/html/vendor/laravel/framework/src/Illuminate/Foundation/PackageManifest.php:91
/var/www/html/vendor/laravel/framework/src/Illuminate/Foundation/PackageManifest.php:80
/var/www/html/vendor/laravel/framework/src/Illuminate/Foundation/Bootstrap/RegisterFacades.php:26
/var/www/html/vendor/orchestra/testbench-core/src/Concerns/CreatesApplication.php:556
/var/www/html/vendor/orchestra/testbench-core/src/Concerns/CreatesApplication.php:311
/var/www/html/vendor/orchestra/testbench-core/src/TestCase.php:121
/var/www/html/vendor/orchestra/testbench-core/src/Concerns/ApplicationTestingHooks.php:74
/var/www/html/vendor/orchestra/testbench-core/src/Concerns/Testing.php:43
/var/www/html/vendor/laravel/framework/src/Illuminate/Collections/helpers.php:236
/var/www/html/vendor/orchestra/sidekick/src/functions.php:87
/var/www/html/vendor/laravel/framework/src/Illuminate/Collections/helpers.php:236
/var/www/html/vendor/orchestra/testbench-core/src/Concerns/Testing.php:57
/var/www/html/vendor/orchestra/testbench-core/src/TestCase.php:50
/var/www/html/tests/TestCase.php:61
/var/www/html/tests/Feature/Transport/StdioTransportIntegrationTest.php:47</error>
        </testcase>
        <testcase name="it_manages_transport_through_manager" file="/var/www/html/tests/Feature/Transport/StdioTransportIntegrationTest.php" line="305" class="JTD\LaravelMCP\Tests\Feature\Transport\StdioTransportIntegrationTest" classname="JTD.LaravelMCP.Tests.Feature.Transport.StdioTransportIntegrationTest" assertions="0" time="0.000000">
          <error type="Exception">JTD\LaravelMCP\Tests\Feature\Transport\StdioTransportIntegrationTest::it_manages_transport_through_manager
Exception: The /var/www/html/vendor/orchestra/testbench-core/laravel/bootstrap/cache directory must be present and writable.

/var/www/html/vendor/laravel/framework/src/Illuminate/Foundation/PackageManifest.php:179
/var/www/html/vendor/orchestra/testbench-core/src/Foundation/PackageManifest.php:157
/var/www/html/vendor/laravel/framework/src/Illuminate/Foundation/PackageManifest.php:132
/var/www/html/vendor/laravel/framework/src/Illuminate/Foundation/PackageManifest.php:108
/var/www/html/vendor/orchestra/testbench-core/src/Foundation/PackageManifest.php:102
/var/www/html/vendor/laravel/framework/src/Illuminate/Foundation/PackageManifest.php:91
/var/www/html/vendor/laravel/framework/src/Illuminate/Foundation/PackageManifest.php:80
/var/www/html/vendor/laravel/framework/src/Illuminate/Foundation/Bootstrap/RegisterFacades.php:26
/var/www/html/vendor/orchestra/testbench-core/src/Concerns/CreatesApplication.php:556
/var/www/html/vendor/orchestra/testbench-core/src/Concerns/CreatesApplication.php:311
/var/www/html/vendor/orchestra/testbench-core/src/TestCase.php:121
/var/www/html/vendor/orchestra/testbench-core/src/Concerns/ApplicationTestingHooks.php:74
/var/www/html/vendor/orchestra/testbench-core/src/Concerns/Testing.php:43
/var/www/html/vendor/laravel/framework/src/Illuminate/Collections/helpers.php:236
/var/www/html/vendor/orchestra/sidekick/src/functions.php:87
/var/www/html/vendor/laravel/framework/src/Illuminate/Collections/helpers.php:236
/var/www/html/vendor/orchestra/testbench-core/src/Concerns/Testing.php:57
/var/www/html/vendor/orchestra/testbench-core/src/TestCase.php:50
/var/www/html/tests/TestCase.php:61
/var/www/html/tests/Feature/Transport/StdioTransportIntegrationTest.php:47</error>
        </testcase>
        <testcase name="it_supports_custom_configuration" file="/var/www/html/tests/Feature/Transport/StdioTransportIntegrationTest.php" line="326" class="JTD\LaravelMCP\Tests\Feature\Transport\StdioTransportIntegrationTest" classname="JTD.LaravelMCP.Tests.Feature.Transport.StdioTransportIntegrationTest" assertions="0" time="0.000000">
          <error type="Exception">JTD\LaravelMCP\Tests\Feature\Transport\StdioTransportIntegrationTest::it_supports_custom_configuration
Exception: The /var/www/html/vendor/orchestra/testbench-core/laravel/bootstrap/cache directory must be present and writable.

/var/www/html/vendor/laravel/framework/src/Illuminate/Foundation/PackageManifest.php:179
/var/www/html/vendor/orchestra/testbench-core/src/Foundation/PackageManifest.php:157
/var/www/html/vendor/laravel/framework/src/Illuminate/Foundation/PackageManifest.php:132
/var/www/html/vendor/laravel/framework/src/Illuminate/Foundation/PackageManifest.php:108
/var/www/html/vendor/orchestra/testbench-core/src/Foundation/PackageManifest.php:102
/var/www/html/vendor/laravel/framework/src/Illuminate/Foundation/PackageManifest.php:91
/var/www/html/vendor/laravel/framework/src/Illuminate/Foundation/PackageManifest.php:80
/var/www/html/vendor/laravel/framework/src/Illuminate/Foundation/Bootstrap/RegisterFacades.php:26
/var/www/html/vendor/orchestra/testbench-core/src/Concerns/CreatesApplication.php:556
/var/www/html/vendor/orchestra/testbench-core/src/Concerns/CreatesApplication.php:311
/var/www/html/vendor/orchestra/testbench-core/src/TestCase.php:121
/var/www/html/vendor/orchestra/testbench-core/src/Concerns/ApplicationTestingHooks.php:74
/var/www/html/vendor/orchestra/testbench-core/src/Concerns/Testing.php:43
/var/www/html/vendor/laravel/framework/src/Illuminate/Collections/helpers.php:236
/var/www/html/vendor/orchestra/sidekick/src/functions.php:87
/var/www/html/vendor/laravel/framework/src/Illuminate/Collections/helpers.php:236
/var/www/html/vendor/orchestra/testbench-core/src/Concerns/Testing.php:57
/var/www/html/vendor/orchestra/testbench-core/src/TestCase.php:50
/var/www/html/tests/TestCase.php:61
/var/www/html/tests/Feature/Transport/StdioTransportIntegrationTest.php:47</error>
        </testcase>
      </testsuite>
      <testsuite name="JTD\LaravelMCP\Tests\Feature\TransportDiscoveryAndLifecycleTest" file="/var/www/html/tests/Feature/TransportDiscoveryAndLifecycleTest.php" tests="17" assertions="0" errors="17" failures="0" skipped="0" time="0.000000">
        <testcase name="it_discovers_and_registers_default_transports" file="/var/www/html/tests/Feature/TransportDiscoveryAndLifecycleTest.php" line="19" class="JTD\LaravelMCP\Tests\Feature\TransportDiscoveryAndLifecycleTest" classname="JTD.LaravelMCP.Tests.Feature.TransportDiscoveryAndLifecycleTest" assertions="0" time="0.000000">
          <error type="Exception">JTD\LaravelMCP\Tests\Feature\TransportDiscoveryAndLifecycleTest::it_discovers_and_registers_default_transports
Exception: The /var/www/html/vendor/orchestra/testbench-core/laravel/bootstrap/cache directory must be present and writable.

/var/www/html/vendor/laravel/framework/src/Illuminate/Foundation/PackageManifest.php:179
/var/www/html/vendor/orchestra/testbench-core/src/Foundation/PackageManifest.php:157
/var/www/html/vendor/laravel/framework/src/Illuminate/Foundation/PackageManifest.php:132
/var/www/html/vendor/laravel/framework/src/Illuminate/Foundation/PackageManifest.php:108
/var/www/html/vendor/orchestra/testbench-core/src/Foundation/PackageManifest.php:102
/var/www/html/vendor/laravel/framework/src/Illuminate/Foundation/PackageManifest.php:91
/var/www/html/vendor/laravel/framework/src/Illuminate/Foundation/PackageManifest.php:80
/var/www/html/vendor/laravel/framework/src/Illuminate/Foundation/Bootstrap/RegisterFacades.php:26
/var/www/html/vendor/orchestra/testbench-core/src/Concerns/CreatesApplication.php:556
/var/www/html/vendor/orchestra/testbench-core/src/Concerns/CreatesApplication.php:311
/var/www/html/vendor/orchestra/testbench-core/src/TestCase.php:121
/var/www/html/vendor/orchestra/testbench-core/src/Concerns/ApplicationTestingHooks.php:74
/var/www/html/vendor/orchestra/testbench-core/src/Concerns/Testing.php:43
/var/www/html/vendor/laravel/framework/src/Illuminate/Collections/helpers.php:236
/var/www/html/vendor/orchestra/sidekick/src/functions.php:87
/var/www/html/vendor/laravel/framework/src/Illuminate/Collections/helpers.php:236
/var/www/html/vendor/orchestra/testbench-core/src/Concerns/Testing.php:57
/var/www/html/vendor/orchestra/testbench-core/src/TestCase.php:50
/var/www/html/tests/TestCase.php:61</error>
        </testcase>
        <testcase name="it_resolves_transport_interface_from_container" file="/var/www/html/tests/Feature/TransportDiscoveryAndLifecycleTest.php" line="31" class="JTD\LaravelMCP\Tests\Feature\TransportDiscoveryAndLifecycleTest" classname="JTD.LaravelMCP.Tests.Feature.TransportDiscoveryAndLifecycleTest" assertions="0" time="0.000000">
          <error type="Exception">JTD\LaravelMCP\Tests\Feature\TransportDiscoveryAndLifecycleTest::it_resolves_transport_interface_from_container
Exception: The /var/www/html/vendor/orchestra/testbench-core/laravel/bootstrap/cache directory must be present and writable.

/var/www/html/vendor/laravel/framework/src/Illuminate/Foundation/PackageManifest.php:179
/var/www/html/vendor/orchestra/testbench-core/src/Foundation/PackageManifest.php:157
/var/www/html/vendor/laravel/framework/src/Illuminate/Foundation/PackageManifest.php:132
/var/www/html/vendor/laravel/framework/src/Illuminate/Foundation/PackageManifest.php:108
/var/www/html/vendor/orchestra/testbench-core/src/Foundation/PackageManifest.php:102
/var/www/html/vendor/laravel/framework/src/Illuminate/Foundation/PackageManifest.php:91
/var/www/html/vendor/laravel/framework/src/Illuminate/Foundation/PackageManifest.php:80
/var/www/html/vendor/laravel/framework/src/Illuminate/Foundation/Bootstrap/RegisterFacades.php:26
/var/www/html/vendor/orchestra/testbench-core/src/Concerns/CreatesApplication.php:556
/var/www/html/vendor/orchestra/testbench-core/src/Concerns/CreatesApplication.php:311
/var/www/html/vendor/orchestra/testbench-core/src/TestCase.php:121
/var/www/html/vendor/orchestra/testbench-core/src/Concerns/ApplicationTestingHooks.php:74
/var/www/html/vendor/orchestra/testbench-core/src/Concerns/Testing.php:43
/var/www/html/vendor/laravel/framework/src/Illuminate/Collections/helpers.php:236
/var/www/html/vendor/orchestra/sidekick/src/functions.php:87
/var/www/html/vendor/laravel/framework/src/Illuminate/Collections/helpers.php:236
/var/www/html/vendor/orchestra/testbench-core/src/Concerns/Testing.php:57
/var/www/html/vendor/orchestra/testbench-core/src/TestCase.php:50
/var/www/html/tests/TestCase.php:61</error>
        </testcase>
        <testcase name="it_resolves_stdio_transport_as_default_when_not_configured" file="/var/www/html/tests/Feature/TransportDiscoveryAndLifecycleTest.php" line="43" class="JTD\LaravelMCP\Tests\Feature\TransportDiscoveryAndLifecycleTest" classname="JTD.LaravelMCP.Tests.Feature.TransportDiscoveryAndLifecycleTest" assertions="0" time="0.000000">
          <error type="Exception">JTD\LaravelMCP\Tests\Feature\TransportDiscoveryAndLifecycleTest::it_resolves_stdio_transport_as_default_when_not_configured
Exception: The /var/www/html/vendor/orchestra/testbench-core/laravel/bootstrap/cache directory must be present and writable.

/var/www/html/vendor/laravel/framework/src/Illuminate/Foundation/PackageManifest.php:179
/var/www/html/vendor/orchestra/testbench-core/src/Foundation/PackageManifest.php:157
/var/www/html/vendor/laravel/framework/src/Illuminate/Foundation/PackageManifest.php:132
/var/www/html/vendor/laravel/framework/src/Illuminate/Foundation/PackageManifest.php:108
/var/www/html/vendor/orchestra/testbench-core/src/Foundation/PackageManifest.php:102
/var/www/html/vendor/laravel/framework/src/Illuminate/Foundation/PackageManifest.php:91
/var/www/html/vendor/laravel/framework/src/Illuminate/Foundation/PackageManifest.php:80
/var/www/html/vendor/laravel/framework/src/Illuminate/Foundation/Bootstrap/RegisterFacades.php:26
/var/www/html/vendor/orchestra/testbench-core/src/Concerns/CreatesApplication.php:556
/var/www/html/vendor/orchestra/testbench-core/src/Concerns/CreatesApplication.php:311
/var/www/html/vendor/orchestra/testbench-core/src/TestCase.php:121
/var/www/html/vendor/orchestra/testbench-core/src/Concerns/ApplicationTestingHooks.php:74
/var/www/html/vendor/orchestra/testbench-core/src/Concerns/Testing.php:43
/var/www/html/vendor/laravel/framework/src/Illuminate/Collections/helpers.php:236
/var/www/html/vendor/orchestra/sidekick/src/functions.php:87
/var/www/html/vendor/laravel/framework/src/Illuminate/Collections/helpers.php:236
/var/www/html/vendor/orchestra/testbench-core/src/Concerns/Testing.php:57
/var/www/html/vendor/orchestra/testbench-core/src/TestCase.php:50
/var/www/html/tests/TestCase.php:61</error>
        </testcase>
        <testcase name="it_manages_complete_transport_lifecycle" file="/var/www/html/tests/Feature/TransportDiscoveryAndLifecycleTest.php" line="54" class="JTD\LaravelMCP\Tests\Feature\TransportDiscoveryAndLifecycleTest" classname="JTD.LaravelMCP.Tests.Feature.TransportDiscoveryAndLifecycleTest" assertions="0" time="0.000000">
          <error type="Exception">JTD\LaravelMCP\Tests\Feature\TransportDiscoveryAndLifecycleTest::it_manages_complete_transport_lifecycle
Exception: The /var/www/html/vendor/orchestra/testbench-core/laravel/bootstrap/cache directory must be present and writable.

/var/www/html/vendor/laravel/framework/src/Illuminate/Foundation/PackageManifest.php:179
/var/www/html/vendor/orchestra/testbench-core/src/Foundation/PackageManifest.php:157
/var/www/html/vendor/laravel/framework/src/Illuminate/Foundation/PackageManifest.php:132
/var/www/html/vendor/laravel/framework/src/Illuminate/Foundation/PackageManifest.php:108
/var/www/html/vendor/orchestra/testbench-core/src/Foundation/PackageManifest.php:102
/var/www/html/vendor/laravel/framework/src/Illuminate/Foundation/PackageManifest.php:91
/var/www/html/vendor/laravel/framework/src/Illuminate/Foundation/PackageManifest.php:80
/var/www/html/vendor/laravel/framework/src/Illuminate/Foundation/Bootstrap/RegisterFacades.php:26
/var/www/html/vendor/orchestra/testbench-core/src/Concerns/CreatesApplication.php:556
/var/www/html/vendor/orchestra/testbench-core/src/Concerns/CreatesApplication.php:311
/var/www/html/vendor/orchestra/testbench-core/src/TestCase.php:121
/var/www/html/vendor/orchestra/testbench-core/src/Concerns/ApplicationTestingHooks.php:74
/var/www/html/vendor/orchestra/testbench-core/src/Concerns/Testing.php:43
/var/www/html/vendor/laravel/framework/src/Illuminate/Collections/helpers.php:236
/var/www/html/vendor/orchestra/sidekick/src/functions.php:87
/var/www/html/vendor/laravel/framework/src/Illuminate/Collections/helpers.php:236
/var/www/html/vendor/orchestra/testbench-core/src/Concerns/Testing.php:57
/var/www/html/vendor/orchestra/testbench-core/src/TestCase.php:50
/var/www/html/tests/TestCase.php:61</error>
        </testcase>
        <testcase name="it_manages_multiple_transport_instances" file="/var/www/html/tests/Feature/TransportDiscoveryAndLifecycleTest.php" line="83" class="JTD\LaravelMCP\Tests\Feature\TransportDiscoveryAndLifecycleTest" classname="JTD.LaravelMCP.Tests.Feature.TransportDiscoveryAndLifecycleTest" assertions="0" time="0.000000">
          <error type="Exception">JTD\LaravelMCP\Tests\Feature\TransportDiscoveryAndLifecycleTest::it_manages_multiple_transport_instances
Exception: The /var/www/html/vendor/orchestra/testbench-core/laravel/bootstrap/cache directory must be present and writable.

/var/www/html/vendor/laravel/framework/src/Illuminate/Foundation/PackageManifest.php:179
/var/www/html/vendor/orchestra/testbench-core/src/Foundation/PackageManifest.php:157
/var/www/html/vendor/laravel/framework/src/Illuminate/Foundation/PackageManifest.php:132
/var/www/html/vendor/laravel/framework/src/Illuminate/Foundation/PackageManifest.php:108
/var/www/html/vendor/orchestra/testbench-core/src/Foundation/PackageManifest.php:102
/var/www/html/vendor/laravel/framework/src/Illuminate/Foundation/PackageManifest.php:91
/var/www/html/vendor/laravel/framework/src/Illuminate/Foundation/PackageManifest.php:80
/var/www/html/vendor/laravel/framework/src/Illuminate/Foundation/Bootstrap/RegisterFacades.php:26
/var/www/html/vendor/orchestra/testbench-core/src/Concerns/CreatesApplication.php:556
/var/www/html/vendor/orchestra/testbench-core/src/Concerns/CreatesApplication.php:311
/var/www/html/vendor/orchestra/testbench-core/src/TestCase.php:121
/var/www/html/vendor/orchestra/testbench-core/src/Concerns/ApplicationTestingHooks.php:74
/var/www/html/vendor/orchestra/testbench-core/src/Concerns/Testing.php:43
/var/www/html/vendor/laravel/framework/src/Illuminate/Collections/helpers.php:236
/var/www/html/vendor/orchestra/sidekick/src/functions.php:87
/var/www/html/vendor/laravel/framework/src/Illuminate/Collections/helpers.php:236
/var/www/html/vendor/orchestra/testbench-core/src/Concerns/Testing.php:57
/var/www/html/vendor/orchestra/testbench-core/src/TestCase.php:50
/var/www/html/tests/TestCase.php:61</error>
        </testcase>
        <testcase name="it_handles_active_transport_management" file="/var/www/html/tests/Feature/TransportDiscoveryAndLifecycleTest.php" line="110" class="JTD\LaravelMCP\Tests\Feature\TransportDiscoveryAndLifecycleTest" classname="JTD.LaravelMCP.Tests.Feature.TransportDiscoveryAndLifecycleTest" assertions="0" time="0.000000">
          <error type="Exception">JTD\LaravelMCP\Tests\Feature\TransportDiscoveryAndLifecycleTest::it_handles_active_transport_management
Exception: The /var/www/html/vendor/orchestra/testbench-core/laravel/bootstrap/cache directory must be present and writable.

/var/www/html/vendor/laravel/framework/src/Illuminate/Foundation/PackageManifest.php:179
/var/www/html/vendor/orchestra/testbench-core/src/Foundation/PackageManifest.php:157
/var/www/html/vendor/laravel/framework/src/Illuminate/Foundation/PackageManifest.php:132
/var/www/html/vendor/laravel/framework/src/Illuminate/Foundation/PackageManifest.php:108
/var/www/html/vendor/orchestra/testbench-core/src/Foundation/PackageManifest.php:102
/var/www/html/vendor/laravel/framework/src/Illuminate/Foundation/PackageManifest.php:91
/var/www/html/vendor/laravel/framework/src/Illuminate/Foundation/PackageManifest.php:80
/var/www/html/vendor/laravel/framework/src/Illuminate/Foundation/Bootstrap/RegisterFacades.php:26
/var/www/html/vendor/orchestra/testbench-core/src/Concerns/CreatesApplication.php:556
/var/www/html/vendor/orchestra/testbench-core/src/Concerns/CreatesApplication.php:311
/var/www/html/vendor/orchestra/testbench-core/src/TestCase.php:121
/var/www/html/vendor/orchestra/testbench-core/src/Concerns/ApplicationTestingHooks.php:74
/var/www/html/vendor/orchestra/testbench-core/src/Concerns/Testing.php:43
/var/www/html/vendor/laravel/framework/src/Illuminate/Collections/helpers.php:236
/var/www/html/vendor/orchestra/sidekick/src/functions.php:87
/var/www/html/vendor/laravel/framework/src/Illuminate/Collections/helpers.php:236
/var/www/html/vendor/orchestra/testbench-core/src/Concerns/Testing.php:57
/var/www/html/vendor/orchestra/testbench-core/src/TestCase.php:50
/var/www/html/tests/TestCase.php:61</error>
        </testcase>
        <testcase name="it_performs_transport_health_monitoring" file="/var/www/html/tests/Feature/TransportDiscoveryAndLifecycleTest.php" line="127" class="JTD\LaravelMCP\Tests\Feature\TransportDiscoveryAndLifecycleTest" classname="JTD.LaravelMCP.Tests.Feature.TransportDiscoveryAndLifecycleTest" assertions="0" time="0.000000">
          <error type="Exception">JTD\LaravelMCP\Tests\Feature\TransportDiscoveryAndLifecycleTest::it_performs_transport_health_monitoring
Exception: The /var/www/html/vendor/orchestra/testbench-core/laravel/bootstrap/cache directory must be present and writable.

/var/www/html/vendor/laravel/framework/src/Illuminate/Foundation/PackageManifest.php:179
/var/www/html/vendor/orchestra/testbench-core/src/Foundation/PackageManifest.php:157
/var/www/html/vendor/laravel/framework/src/Illuminate/Foundation/PackageManifest.php:132
/var/www/html/vendor/laravel/framework/src/Illuminate/Foundation/PackageManifest.php:108
/var/www/html/vendor/orchestra/testbench-core/src/Foundation/PackageManifest.php:102
/var/www/html/vendor/laravel/framework/src/Illuminate/Foundation/PackageManifest.php:91
/var/www/html/vendor/laravel/framework/src/Illuminate/Foundation/PackageManifest.php:80
/var/www/html/vendor/laravel/framework/src/Illuminate/Foundation/Bootstrap/RegisterFacades.php:26
/var/www/html/vendor/orchestra/testbench-core/src/Concerns/CreatesApplication.php:556
/var/www/html/vendor/orchestra/testbench-core/src/Concerns/CreatesApplication.php:311
/var/www/html/vendor/orchestra/testbench-core/src/TestCase.php:121
/var/www/html/vendor/orchestra/testbench-core/src/Concerns/ApplicationTestingHooks.php:74
/var/www/html/vendor/orchestra/testbench-core/src/Concerns/Testing.php:43
/var/www/html/vendor/laravel/framework/src/Illuminate/Collections/helpers.php:236
/var/www/html/vendor/orchestra/sidekick/src/functions.php:87
/var/www/html/vendor/laravel/framework/src/Illuminate/Collections/helpers.php:236
/var/www/html/vendor/orchestra/testbench-core/src/Concerns/Testing.php:57
/var/www/html/vendor/orchestra/testbench-core/src/TestCase.php:50
/var/www/html/tests/TestCase.php:61</error>
        </testcase>
        <testcase name="it_handles_transport_configuration_integration" file="/var/www/html/tests/Feature/TransportDiscoveryAndLifecycleTest.php" line="158" class="JTD\LaravelMCP\Tests\Feature\TransportDiscoveryAndLifecycleTest" classname="JTD.LaravelMCP.Tests.Feature.TransportDiscoveryAndLifecycleTest" assertions="0" time="0.000000">
          <error type="Exception">JTD\LaravelMCP\Tests\Feature\TransportDiscoveryAndLifecycleTest::it_handles_transport_configuration_integration
Exception: The /var/www/html/vendor/orchestra/testbench-core/laravel/bootstrap/cache directory must be present and writable.

/var/www/html/vendor/laravel/framework/src/Illuminate/Foundation/PackageManifest.php:179
/var/www/html/vendor/orchestra/testbench-core/src/Foundation/PackageManifest.php:157
/var/www/html/vendor/laravel/framework/src/Illuminate/Foundation/PackageManifest.php:132
/var/www/html/vendor/laravel/framework/src/Illuminate/Foundation/PackageManifest.php:108
/var/www/html/vendor/orchestra/testbench-core/src/Foundation/PackageManifest.php:102
/var/www/html/vendor/laravel/framework/src/Illuminate/Foundation/PackageManifest.php:91
/var/www/html/vendor/laravel/framework/src/Illuminate/Foundation/PackageManifest.php:80
/var/www/html/vendor/laravel/framework/src/Illuminate/Foundation/Bootstrap/RegisterFacades.php:26
/var/www/html/vendor/orchestra/testbench-core/src/Concerns/CreatesApplication.php:556
/var/www/html/vendor/orchestra/testbench-core/src/Concerns/CreatesApplication.php:311
/var/www/html/vendor/orchestra/testbench-core/src/TestCase.php:121
/var/www/html/vendor/orchestra/testbench-core/src/Concerns/ApplicationTestingHooks.php:74
/var/www/html/vendor/orchestra/testbench-core/src/Concerns/Testing.php:43
/var/www/html/vendor/laravel/framework/src/Illuminate/Collections/helpers.php:236
/var/www/html/vendor/orchestra/sidekick/src/functions.php:87
/var/www/html/vendor/laravel/framework/src/Illuminate/Collections/helpers.php:236
/var/www/html/vendor/orchestra/testbench-core/src/Concerns/Testing.php:57
/var/www/html/vendor/orchestra/testbench-core/src/TestCase.php:50
/var/www/html/tests/TestCase.php:61</error>
        </testcase>
        <testcase name="it_manages_transport_discovery_through_service_container" file="/var/www/html/tests/Feature/TransportDiscoveryAndLifecycleTest.php" line="177" class="JTD\LaravelMCP\Tests\Feature\TransportDiscoveryAndLifecycleTest" classname="JTD.LaravelMCP.Tests.Feature.TransportDiscoveryAndLifecycleTest" assertions="0" time="0.000000">
          <error type="Exception">JTD\LaravelMCP\Tests\Feature\TransportDiscoveryAndLifecycleTest::it_manages_transport_discovery_through_service_container
Exception: The /var/www/html/vendor/orchestra/testbench-core/laravel/bootstrap/cache directory must be present and writable.

/var/www/html/vendor/laravel/framework/src/Illuminate/Foundation/PackageManifest.php:179
/var/www/html/vendor/orchestra/testbench-core/src/Foundation/PackageManifest.php:157
/var/www/html/vendor/laravel/framework/src/Illuminate/Foundation/PackageManifest.php:132
/var/www/html/vendor/laravel/framework/src/Illuminate/Foundation/PackageManifest.php:108
/var/www/html/vendor/orchestra/testbench-core/src/Foundation/PackageManifest.php:102
/var/www/html/vendor/laravel/framework/src/Illuminate/Foundation/PackageManifest.php:91
/var/www/html/vendor/laravel/framework/src/Illuminate/Foundation/PackageManifest.php:80
/var/www/html/vendor/laravel/framework/src/Illuminate/Foundation/Bootstrap/RegisterFacades.php:26
/var/www/html/vendor/orchestra/testbench-core/src/Concerns/CreatesApplication.php:556
/var/www/html/vendor/orchestra/testbench-core/src/Concerns/CreatesApplication.php:311
/var/www/html/vendor/orchestra/testbench-core/src/TestCase.php:121
/var/www/html/vendor/orchestra/testbench-core/src/Concerns/ApplicationTestingHooks.php:74
/var/www/html/vendor/orchestra/testbench-core/src/Concerns/Testing.php:43
/var/www/html/vendor/laravel/framework/src/Illuminate/Collections/helpers.php:236
/var/www/html/vendor/orchestra/sidekick/src/functions.php:87
/var/www/html/vendor/laravel/framework/src/Illuminate/Collections/helpers.php:236
/var/www/html/vendor/orchestra/testbench-core/src/Concerns/Testing.php:57
/var/www/html/vendor/orchestra/testbench-core/src/TestCase.php:50
/var/www/html/tests/TestCase.php:61</error>
        </testcase>
        <testcase name="it_handles_transport_lifecycle_with_error_recovery" file="/var/www/html/tests/Feature/TransportDiscoveryAndLifecycleTest.php" line="194" class="JTD\LaravelMCP\Tests\Feature\TransportDiscoveryAndLifecycleTest" classname="JTD.LaravelMCP.Tests.Feature.TransportDiscoveryAndLifecycleTest" assertions="0" time="0.000000">
          <error type="Exception">JTD\LaravelMCP\Tests\Feature\TransportDiscoveryAndLifecycleTest::it_handles_transport_lifecycle_with_error_recovery
Exception: The /var/www/html/vendor/orchestra/testbench-core/laravel/bootstrap/cache directory must be present and writable.

/var/www/html/vendor/laravel/framework/src/Illuminate/Foundation/PackageManifest.php:179
/var/www/html/vendor/orchestra/testbench-core/src/Foundation/PackageManifest.php:157
/var/www/html/vendor/laravel/framework/src/Illuminate/Foundation/PackageManifest.php:132
/var/www/html/vendor/laravel/framework/src/Illuminate/Foundation/PackageManifest.php:108
/var/www/html/vendor/orchestra/testbench-core/src/Foundation/PackageManifest.php:102
/var/www/html/vendor/laravel/framework/src/Illuminate/Foundation/PackageManifest.php:91
/var/www/html/vendor/laravel/framework/src/Illuminate/Foundation/PackageManifest.php:80
/var/www/html/vendor/laravel/framework/src/Illuminate/Foundation/Bootstrap/RegisterFacades.php:26
/var/www/html/vendor/orchestra/testbench-core/src/Concerns/CreatesApplication.php:556
/var/www/html/vendor/orchestra/testbench-core/src/Concerns/CreatesApplication.php:311
/var/www/html/vendor/orchestra/testbench-core/src/TestCase.php:121
/var/www/html/vendor/orchestra/testbench-core/src/Concerns/ApplicationTestingHooks.php:74
/var/www/html/vendor/orchestra/testbench-core/src/Concerns/Testing.php:43
/var/www/html/vendor/laravel/framework/src/Illuminate/Collections/helpers.php:236
/var/www/html/vendor/orchestra/sidekick/src/functions.php:87
/var/www/html/vendor/laravel/framework/src/Illuminate/Collections/helpers.php:236
/var/www/html/vendor/orchestra/testbench-core/src/Concerns/Testing.php:57
/var/www/html/vendor/orchestra/testbench-core/src/TestCase.php:50
/var/www/html/tests/TestCase.php:61</error>
        </testcase>
        <testcase name="it_manages_transport_statistics_and_monitoring" file="/var/www/html/tests/Feature/TransportDiscoveryAndLifecycleTest.php" line="214" class="JTD\LaravelMCP\Tests\Feature\TransportDiscoveryAndLifecycleTest" classname="JTD.LaravelMCP.Tests.Feature.TransportDiscoveryAndLifecycleTest" assertions="0" time="0.000000">
          <error type="Exception">JTD\LaravelMCP\Tests\Feature\TransportDiscoveryAndLifecycleTest::it_manages_transport_statistics_and_monitoring
Exception: The /var/www/html/vendor/orchestra/testbench-core/laravel/bootstrap/cache directory must be present and writable.

/var/www/html/vendor/laravel/framework/src/Illuminate/Foundation/PackageManifest.php:179
/var/www/html/vendor/orchestra/testbench-core/src/Foundation/PackageManifest.php:157
/var/www/html/vendor/laravel/framework/src/Illuminate/Foundation/PackageManifest.php:132
/var/www/html/vendor/laravel/framework/src/Illuminate/Foundation/PackageManifest.php:108
/var/www/html/vendor/orchestra/testbench-core/src/Foundation/PackageManifest.php:102
/var/www/html/vendor/laravel/framework/src/Illuminate/Foundation/PackageManifest.php:91
/var/www/html/vendor/laravel/framework/src/Illuminate/Foundation/PackageManifest.php:80
/var/www/html/vendor/laravel/framework/src/Illuminate/Foundation/Bootstrap/RegisterFacades.php:26
/var/www/html/vendor/orchestra/testbench-core/src/Concerns/CreatesApplication.php:556
/var/www/html/vendor/orchestra/testbench-core/src/Concerns/CreatesApplication.php:311
/var/www/html/vendor/orchestra/testbench-core/src/TestCase.php:121
/var/www/html/vendor/orchestra/testbench-core/src/Concerns/ApplicationTestingHooks.php:74
/var/www/html/vendor/orchestra/testbench-core/src/Concerns/Testing.php:43
/var/www/html/vendor/laravel/framework/src/Illuminate/Collections/helpers.php:236
/var/www/html/vendor/orchestra/sidekick/src/functions.php:87
/var/www/html/vendor/laravel/framework/src/Illuminate/Collections/helpers.php:236
/var/www/html/vendor/orchestra/testbench-core/src/Concerns/Testing.php:57
/var/www/html/vendor/orchestra/testbench-core/src/TestCase.php:50
/var/www/html/tests/TestCase.php:61</error>
        </testcase>
        <testcase name="it_handles_transport_manager_bulk_operations" file="/var/www/html/tests/Feature/TransportDiscoveryAndLifecycleTest.php" line="242" class="JTD\LaravelMCP\Tests\Feature\TransportDiscoveryAndLifecycleTest" classname="JTD.LaravelMCP.Tests.Feature.TransportDiscoveryAndLifecycleTest" assertions="0" time="0.000000">
          <error type="Exception">JTD\LaravelMCP\Tests\Feature\TransportDiscoveryAndLifecycleTest::it_handles_transport_manager_bulk_operations
Exception: The /var/www/html/vendor/orchestra/testbench-core/laravel/bootstrap/cache directory must be present and writable.

/var/www/html/vendor/laravel/framework/src/Illuminate/Foundation/PackageManifest.php:179
/var/www/html/vendor/orchestra/testbench-core/src/Foundation/PackageManifest.php:157
/var/www/html/vendor/laravel/framework/src/Illuminate/Foundation/PackageManifest.php:132
/var/www/html/vendor/laravel/framework/src/Illuminate/Foundation/PackageManifest.php:108
/var/www/html/vendor/orchestra/testbench-core/src/Foundation/PackageManifest.php:102
/var/www/html/vendor/laravel/framework/src/Illuminate/Foundation/PackageManifest.php:91
/var/www/html/vendor/laravel/framework/src/Illuminate/Foundation/PackageManifest.php:80
/var/www/html/vendor/laravel/framework/src/Illuminate/Foundation/Bootstrap/RegisterFacades.php:26
/var/www/html/vendor/orchestra/testbench-core/src/Concerns/CreatesApplication.php:556
/var/www/html/vendor/orchestra/testbench-core/src/Concerns/CreatesApplication.php:311
/var/www/html/vendor/orchestra/testbench-core/src/TestCase.php:121
/var/www/html/vendor/orchestra/testbench-core/src/Concerns/ApplicationTestingHooks.php:74
/var/www/html/vendor/orchestra/testbench-core/src/Concerns/Testing.php:43
/var/www/html/vendor/laravel/framework/src/Illuminate/Collections/helpers.php:236
/var/www/html/vendor/orchestra/sidekick/src/functions.php:87
/var/www/html/vendor/laravel/framework/src/Illuminate/Collections/helpers.php:236
/var/www/html/vendor/orchestra/testbench-core/src/Concerns/Testing.php:57
/var/www/html/vendor/orchestra/testbench-core/src/TestCase.php:50
/var/www/html/tests/TestCase.php:61</error>
        </testcase>
        <testcase name="it_handles_transport_instance_caching_and_purging" file="/var/www/html/tests/Feature/TransportDiscoveryAndLifecycleTest.php" line="267" class="JTD\LaravelMCP\Tests\Feature\TransportDiscoveryAndLifecycleTest" classname="JTD.LaravelMCP.Tests.Feature.TransportDiscoveryAndLifecycleTest" assertions="0" time="0.000000">
          <error type="Exception">JTD\LaravelMCP\Tests\Feature\TransportDiscoveryAndLifecycleTest::it_handles_transport_instance_caching_and_purging
Exception: The /var/www/html/vendor/orchestra/testbench-core/laravel/bootstrap/cache directory must be present and writable.

/var/www/html/vendor/laravel/framework/src/Illuminate/Foundation/PackageManifest.php:179
/var/www/html/vendor/orchestra/testbench-core/src/Foundation/PackageManifest.php:157
/var/www/html/vendor/laravel/framework/src/Illuminate/Foundation/PackageManifest.php:132
/var/www/html/vendor/laravel/framework/src/Illuminate/Foundation/PackageManifest.php:108
/var/www/html/vendor/orchestra/testbench-core/src/Foundation/PackageManifest.php:102
/var/www/html/vendor/laravel/framework/src/Illuminate/Foundation/PackageManifest.php:91
/var/www/html/vendor/laravel/framework/src/Illuminate/Foundation/PackageManifest.php:80
/var/www/html/vendor/laravel/framework/src/Illuminate/Foundation/Bootstrap/RegisterFacades.php:26
/var/www/html/vendor/orchestra/testbench-core/src/Concerns/CreatesApplication.php:556
/var/www/html/vendor/orchestra/testbench-core/src/Concerns/CreatesApplication.php:311
/var/www/html/vendor/orchestra/testbench-core/src/TestCase.php:121
/var/www/html/vendor/orchestra/testbench-core/src/Concerns/ApplicationTestingHooks.php:74
/var/www/html/vendor/orchestra/testbench-core/src/Concerns/Testing.php:43
/var/www/html/vendor/laravel/framework/src/Illuminate/Collections/helpers.php:236
/var/www/html/vendor/orchestra/sidekick/src/functions.php:87
/var/www/html/vendor/laravel/framework/src/Illuminate/Collections/helpers.php:236
/var/www/html/vendor/orchestra/testbench-core/src/Concerns/Testing.php:57
/var/www/html/vendor/orchestra/testbench-core/src/TestCase.php:50
/var/www/html/tests/TestCase.php:61</error>
        </testcase>
        <testcase name="it_integrates_with_laravel_configuration_system" file="/var/www/html/tests/Feature/TransportDiscoveryAndLifecycleTest.php" line="294" class="JTD\LaravelMCP\Tests\Feature\TransportDiscoveryAndLifecycleTest" classname="JTD.LaravelMCP.Tests.Feature.TransportDiscoveryAndLifecycleTest" assertions="0" time="0.000000">
          <error type="Exception">JTD\LaravelMCP\Tests\Feature\TransportDiscoveryAndLifecycleTest::it_integrates_with_laravel_configuration_system
Exception: The /var/www/html/vendor/orchestra/testbench-core/laravel/bootstrap/cache directory must be present and writable.

/var/www/html/vendor/laravel/framework/src/Illuminate/Foundation/PackageManifest.php:179
/var/www/html/vendor/orchestra/testbench-core/src/Foundation/PackageManifest.php:157
/var/www/html/vendor/laravel/framework/src/Illuminate/Foundation/PackageManifest.php:132
/var/www/html/vendor/laravel/framework/src/Illuminate/Foundation/PackageManifest.php:108
/var/www/html/vendor/orchestra/testbench-core/src/Foundation/PackageManifest.php:102
/var/www/html/vendor/laravel/framework/src/Illuminate/Foundation/PackageManifest.php:91
/var/www/html/vendor/laravel/framework/src/Illuminate/Foundation/PackageManifest.php:80
/var/www/html/vendor/laravel/framework/src/Illuminate/Foundation/Bootstrap/RegisterFacades.php:26
/var/www/html/vendor/orchestra/testbench-core/src/Concerns/CreatesApplication.php:556
/var/www/html/vendor/orchestra/testbench-core/src/Concerns/CreatesApplication.php:311
/var/www/html/vendor/orchestra/testbench-core/src/TestCase.php:121
/var/www/html/vendor/orchestra/testbench-core/src/Concerns/ApplicationTestingHooks.php:74
/var/www/html/vendor/orchestra/testbench-core/src/Concerns/Testing.php:43
/var/www/html/vendor/laravel/framework/src/Illuminate/Collections/helpers.php:236
/var/www/html/vendor/orchestra/sidekick/src/functions.php:87
/var/www/html/vendor/laravel/framework/src/Illuminate/Collections/helpers.php:236
/var/www/html/vendor/orchestra/testbench-core/src/Concerns/Testing.php:57
/var/www/html/vendor/orchestra/testbench-core/src/TestCase.php:50
/var/www/html/tests/TestCase.php:61</error>
        </testcase>
        <testcase name="it_manages_transport_custom_extensions" file="/var/www/html/tests/Feature/TransportDiscoveryAndLifecycleTest.php" line="311" class="JTD\LaravelMCP\Tests\Feature\TransportDiscoveryAndLifecycleTest" classname="JTD.LaravelMCP.Tests.Feature.TransportDiscoveryAndLifecycleTest" assertions="0" time="0.000000">
          <error type="Exception">JTD\LaravelMCP\Tests\Feature\TransportDiscoveryAndLifecycleTest::it_manages_transport_custom_extensions
Exception: The /var/www/html/vendor/orchestra/testbench-core/laravel/bootstrap/cache directory must be present and writable.

/var/www/html/vendor/laravel/framework/src/Illuminate/Foundation/PackageManifest.php:179
/var/www/html/vendor/orchestra/testbench-core/src/Foundation/PackageManifest.php:157
/var/www/html/vendor/laravel/framework/src/Illuminate/Foundation/PackageManifest.php:132
/var/www/html/vendor/laravel/framework/src/Illuminate/Foundation/PackageManifest.php:108
/var/www/html/vendor/orchestra/testbench-core/src/Foundation/PackageManifest.php:102
/var/www/html/vendor/laravel/framework/src/Illuminate/Foundation/PackageManifest.php:91
/var/www/html/vendor/laravel/framework/src/Illuminate/Foundation/PackageManifest.php:80
/var/www/html/vendor/laravel/framework/src/Illuminate/Foundation/Bootstrap/RegisterFacades.php:26
/var/www/html/vendor/orchestra/testbench-core/src/Concerns/CreatesApplication.php:556
/var/www/html/vendor/orchestra/testbench-core/src/Concerns/CreatesApplication.php:311
/var/www/html/vendor/orchestra/testbench-core/src/TestCase.php:121
/var/www/html/vendor/orchestra/testbench-core/src/Concerns/ApplicationTestingHooks.php:74
/var/www/html/vendor/orchestra/testbench-core/src/Concerns/Testing.php:43
/var/www/html/vendor/laravel/framework/src/Illuminate/Collections/helpers.php:236
/var/www/html/vendor/orchestra/sidekick/src/functions.php:87
/var/www/html/vendor/laravel/framework/src/Illuminate/Collections/helpers.php:236
/var/www/html/vendor/orchestra/testbench-core/src/Concerns/Testing.php:57
/var/www/html/vendor/orchestra/testbench-core/src/TestCase.php:50
/var/www/html/tests/TestCase.php:61</error>
        </testcase>
        <testcase name="it_handles_transport_registration_and_removal" file="/var/www/html/tests/Feature/TransportDiscoveryAndLifecycleTest.php" line="381" class="JTD\LaravelMCP\Tests\Feature\TransportDiscoveryAndLifecycleTest" classname="JTD.LaravelMCP.Tests.Feature.TransportDiscoveryAndLifecycleTest" assertions="0" time="0.000000">
          <error type="Exception">JTD\LaravelMCP\Tests\Feature\TransportDiscoveryAndLifecycleTest::it_handles_transport_registration_and_removal
Exception: The /var/www/html/vendor/orchestra/testbench-core/laravel/bootstrap/cache directory must be present and writable.

/var/www/html/vendor/laravel/framework/src/Illuminate/Foundation/PackageManifest.php:179
/var/www/html/vendor/orchestra/testbench-core/src/Foundation/PackageManifest.php:157
/var/www/html/vendor/laravel/framework/src/Illuminate/Foundation/PackageManifest.php:132
/var/www/html/vendor/laravel/framework/src/Illuminate/Foundation/PackageManifest.php:108
/var/www/html/vendor/orchestra/testbench-core/src/Foundation/PackageManifest.php:102
/var/www/html/vendor/laravel/framework/src/Illuminate/Foundation/PackageManifest.php:91
/var/www/html/vendor/laravel/framework/src/Illuminate/Foundation/PackageManifest.php:80
/var/www/html/vendor/laravel/framework/src/Illuminate/Foundation/Bootstrap/RegisterFacades.php:26
/var/www/html/vendor/orchestra/testbench-core/src/Concerns/CreatesApplication.php:556
/var/www/html/vendor/orchestra/testbench-core/src/Concerns/CreatesApplication.php:311
/var/www/html/vendor/orchestra/testbench-core/src/TestCase.php:121
/var/www/html/vendor/orchestra/testbench-core/src/Concerns/ApplicationTestingHooks.php:74
/var/www/html/vendor/orchestra/testbench-core/src/Concerns/Testing.php:43
/var/www/html/vendor/laravel/framework/src/Illuminate/Collections/helpers.php:236
/var/www/html/vendor/orchestra/sidekick/src/functions.php:87
/var/www/html/vendor/laravel/framework/src/Illuminate/Collections/helpers.php:236
/var/www/html/vendor/orchestra/testbench-core/src/Concerns/Testing.php:57
/var/www/html/vendor/orchestra/testbench-core/src/TestCase.php:50
/var/www/html/tests/TestCase.php:61</error>
        </testcase>
        <testcase name="it_handles_transport_refresh_operations" file="/var/www/html/tests/Feature/TransportDiscoveryAndLifecycleTest.php" line="403" class="JTD\LaravelMCP\Tests\Feature\TransportDiscoveryAndLifecycleTest" classname="JTD.LaravelMCP.Tests.Feature.TransportDiscoveryAndLifecycleTest" assertions="0" time="0.000000">
          <error type="Exception">JTD\LaravelMCP\Tests\Feature\TransportDiscoveryAndLifecycleTest::it_handles_transport_refresh_operations
Exception: The /var/www/html/vendor/orchestra/testbench-core/laravel/bootstrap/cache directory must be present and writable.

/var/www/html/vendor/laravel/framework/src/Illuminate/Foundation/PackageManifest.php:179
/var/www/html/vendor/orchestra/testbench-core/src/Foundation/PackageManifest.php:157
/var/www/html/vendor/laravel/framework/src/Illuminate/Foundation/PackageManifest.php:132
/var/www/html/vendor/laravel/framework/src/Illuminate/Foundation/PackageManifest.php:108
/var/www/html/vendor/orchestra/testbench-core/src/Foundation/PackageManifest.php:102
/var/www/html/vendor/laravel/framework/src/Illuminate/Foundation/PackageManifest.php:91
/var/www/html/vendor/laravel/framework/src/Illuminate/Foundation/PackageManifest.php:80
/var/www/html/vendor/laravel/framework/src/Illuminate/Foundation/Bootstrap/RegisterFacades.php:26
/var/www/html/vendor/orchestra/testbench-core/src/Concerns/CreatesApplication.php:556
/var/www/html/vendor/orchestra/testbench-core/src/Concerns/CreatesApplication.php:311
/var/www/html/vendor/orchestra/testbench-core/src/TestCase.php:121
/var/www/html/vendor/orchestra/testbench-core/src/Concerns/ApplicationTestingHooks.php:74
/var/www/html/vendor/orchestra/testbench-core/src/Concerns/Testing.php:43
/var/www/html/vendor/laravel/framework/src/Illuminate/Collections/helpers.php:236
/var/www/html/vendor/orchestra/sidekick/src/functions.php:87
/var/www/html/vendor/laravel/framework/src/Illuminate/Collections/helpers.php:236
/var/www/html/vendor/orchestra/testbench-core/src/Concerns/Testing.php:57
/var/www/html/vendor/orchestra/testbench-core/src/TestCase.php:50
/var/www/html/tests/TestCase.php:61</error>
        </testcase>
      </testsuite>
      <testsuite name="JTD\LaravelMCP\Tests\Integration\Commands\MakeCommandsIntegrationTest" file="/var/www/html/tests/Integration/Commands/MakeCommandsIntegrationTest.php" tests="7" assertions="0" errors="7" failures="0" skipped="0" time="0.000000">
        <testcase name="it_generates_valid_tool_class_that_compiles" file="/var/www/html/tests/Integration/Commands/MakeCommandsIntegrationTest.php" line="57" class="JTD\LaravelMCP\Tests\Integration\Commands\MakeCommandsIntegrationTest" classname="JTD.LaravelMCP.Tests.Integration.Commands.MakeCommandsIntegrationTest" assertions="0" time="0.000000">
          <error type="Exception">JTD\LaravelMCP\Tests\Integration\Commands\MakeCommandsIntegrationTest::it_generates_valid_tool_class_that_compiles
Exception: The /var/www/html/vendor/orchestra/testbench-core/laravel/bootstrap/cache directory must be present and writable.

/var/www/html/vendor/laravel/framework/src/Illuminate/Foundation/PackageManifest.php:179
/var/www/html/vendor/orchestra/testbench-core/src/Foundation/PackageManifest.php:157
/var/www/html/vendor/laravel/framework/src/Illuminate/Foundation/PackageManifest.php:132
/var/www/html/vendor/laravel/framework/src/Illuminate/Foundation/PackageManifest.php:108
/var/www/html/vendor/orchestra/testbench-core/src/Foundation/PackageManifest.php:102
/var/www/html/vendor/laravel/framework/src/Illuminate/Foundation/PackageManifest.php:91
/var/www/html/vendor/laravel/framework/src/Illuminate/Foundation/PackageManifest.php:80
/var/www/html/vendor/laravel/framework/src/Illuminate/Foundation/Bootstrap/RegisterFacades.php:26
/var/www/html/vendor/orchestra/testbench-core/src/Concerns/CreatesApplication.php:556
/var/www/html/vendor/orchestra/testbench-core/src/Concerns/CreatesApplication.php:311
/var/www/html/vendor/orchestra/testbench-core/src/TestCase.php:121
/var/www/html/vendor/orchestra/testbench-core/src/Concerns/ApplicationTestingHooks.php:74
/var/www/html/vendor/orchestra/testbench-core/src/Concerns/Testing.php:43
/var/www/html/vendor/laravel/framework/src/Illuminate/Collections/helpers.php:236
/var/www/html/vendor/orchestra/sidekick/src/functions.php:87
/var/www/html/vendor/laravel/framework/src/Illuminate/Collections/helpers.php:236
/var/www/html/vendor/orchestra/testbench-core/src/Concerns/Testing.php:57
/var/www/html/vendor/orchestra/testbench-core/src/TestCase.php:50
/var/www/html/tests/TestCase.php:61
/var/www/html/tests/Integration/Commands/MakeCommandsIntegrationTest.php:32</error>
        </testcase>
        <testcase name="it_generates_valid_resource_class_that_compiles" file="/var/www/html/tests/Integration/Commands/MakeCommandsIntegrationTest.php" line="92" class="JTD\LaravelMCP\Tests\Integration\Commands\MakeCommandsIntegrationTest" classname="JTD.LaravelMCP.Tests.Integration.Commands.MakeCommandsIntegrationTest" assertions="0" time="0.000000">
          <error type="Exception">JTD\LaravelMCP\Tests\Integration\Commands\MakeCommandsIntegrationTest::it_generates_valid_resource_class_that_compiles
Exception: The /var/www/html/vendor/orchestra/testbench-core/laravel/bootstrap/cache directory must be present and writable.

/var/www/html/vendor/laravel/framework/src/Illuminate/Foundation/PackageManifest.php:179
/var/www/html/vendor/orchestra/testbench-core/src/Foundation/PackageManifest.php:157
/var/www/html/vendor/laravel/framework/src/Illuminate/Foundation/PackageManifest.php:132
/var/www/html/vendor/laravel/framework/src/Illuminate/Foundation/PackageManifest.php:108
/var/www/html/vendor/orchestra/testbench-core/src/Foundation/PackageManifest.php:102
/var/www/html/vendor/laravel/framework/src/Illuminate/Foundation/PackageManifest.php:91
/var/www/html/vendor/laravel/framework/src/Illuminate/Foundation/PackageManifest.php:80
/var/www/html/vendor/laravel/framework/src/Illuminate/Foundation/Bootstrap/RegisterFacades.php:26
/var/www/html/vendor/orchestra/testbench-core/src/Concerns/CreatesApplication.php:556
/var/www/html/vendor/orchestra/testbench-core/src/Concerns/CreatesApplication.php:311
/var/www/html/vendor/orchestra/testbench-core/src/TestCase.php:121
/var/www/html/vendor/orchestra/testbench-core/src/Concerns/ApplicationTestingHooks.php:74
/var/www/html/vendor/orchestra/testbench-core/src/Concerns/Testing.php:43
/var/www/html/vendor/laravel/framework/src/Illuminate/Collections/helpers.php:236
/var/www/html/vendor/orchestra/sidekick/src/functions.php:87
/var/www/html/vendor/laravel/framework/src/Illuminate/Collections/helpers.php:236
/var/www/html/vendor/orchestra/testbench-core/src/Concerns/Testing.php:57
/var/www/html/vendor/orchestra/testbench-core/src/TestCase.php:50
/var/www/html/tests/TestCase.php:61
/var/www/html/tests/Integration/Commands/MakeCommandsIntegrationTest.php:32</error>
        </testcase>
        <testcase name="it_generates_valid_prompt_class_that_compiles" file="/var/www/html/tests/Integration/Commands/MakeCommandsIntegrationTest.php" line="126" class="JTD\LaravelMCP\Tests\Integration\Commands\MakeCommandsIntegrationTest" classname="JTD.LaravelMCP.Tests.Integration.Commands.MakeCommandsIntegrationTest" assertions="0" time="0.000000">
          <error type="Exception">JTD\LaravelMCP\Tests\Integration\Commands\MakeCommandsIntegrationTest::it_generates_valid_prompt_class_that_compiles
Exception: The /var/www/html/vendor/orchestra/testbench-core/laravel/bootstrap/cache directory must be present and writable.

/var/www/html/vendor/laravel/framework/src/Illuminate/Foundation/PackageManifest.php:179
/var/www/html/vendor/orchestra/testbench-core/src/Foundation/PackageManifest.php:157
/var/www/html/vendor/laravel/framework/src/Illuminate/Foundation/PackageManifest.php:132
/var/www/html/vendor/laravel/framework/src/Illuminate/Foundation/PackageManifest.php:108
/var/www/html/vendor/orchestra/testbench-core/src/Foundation/PackageManifest.php:102
/var/www/html/vendor/laravel/framework/src/Illuminate/Foundation/PackageManifest.php:91
/var/www/html/vendor/laravel/framework/src/Illuminate/Foundation/PackageManifest.php:80
/var/www/html/vendor/laravel/framework/src/Illuminate/Foundation/Bootstrap/RegisterFacades.php:26
/var/www/html/vendor/orchestra/testbench-core/src/Concerns/CreatesApplication.php:556
/var/www/html/vendor/orchestra/testbench-core/src/Concerns/CreatesApplication.php:311
/var/www/html/vendor/orchestra/testbench-core/src/TestCase.php:121
/var/www/html/vendor/orchestra/testbench-core/src/Concerns/ApplicationTestingHooks.php:74
/var/www/html/vendor/orchestra/testbench-core/src/Concerns/Testing.php:43
/var/www/html/vendor/laravel/framework/src/Illuminate/Collections/helpers.php:236
/var/www/html/vendor/orchestra/sidekick/src/functions.php:87
/var/www/html/vendor/laravel/framework/src/Illuminate/Collections/helpers.php:236
/var/www/html/vendor/orchestra/testbench-core/src/Concerns/Testing.php:57
/var/www/html/vendor/orchestra/testbench-core/src/TestCase.php:50
/var/www/html/tests/TestCase.php:61
/var/www/html/tests/Integration/Commands/MakeCommandsIntegrationTest.php:32</error>
        </testcase>
        <testcase name="it_generates_classes_with_proper_inheritance_structure" file="/var/www/html/tests/Integration/Commands/MakeCommandsIntegrationTest.php" line="159" class="JTD\LaravelMCP\Tests\Integration\Commands\MakeCommandsIntegrationTest" classname="JTD.LaravelMCP.Tests.Integration.Commands.MakeCommandsIntegrationTest" assertions="0" time="0.000000">
          <error type="Exception">JTD\LaravelMCP\Tests\Integration\Commands\MakeCommandsIntegrationTest::it_generates_classes_with_proper_inheritance_structure
Exception: The /var/www/html/vendor/orchestra/testbench-core/laravel/bootstrap/cache directory must be present and writable.

/var/www/html/vendor/laravel/framework/src/Illuminate/Foundation/PackageManifest.php:179
/var/www/html/vendor/orchestra/testbench-core/src/Foundation/PackageManifest.php:157
/var/www/html/vendor/laravel/framework/src/Illuminate/Foundation/PackageManifest.php:132
/var/www/html/vendor/laravel/framework/src/Illuminate/Foundation/PackageManifest.php:108
/var/www/html/vendor/orchestra/testbench-core/src/Foundation/PackageManifest.php:102
/var/www/html/vendor/laravel/framework/src/Illuminate/Foundation/PackageManifest.php:91
/var/www/html/vendor/laravel/framework/src/Illuminate/Foundation/PackageManifest.php:80
/var/www/html/vendor/laravel/framework/src/Illuminate/Foundation/Bootstrap/RegisterFacades.php:26
/var/www/html/vendor/orchestra/testbench-core/src/Concerns/CreatesApplication.php:556
/var/www/html/vendor/orchestra/testbench-core/src/Concerns/CreatesApplication.php:311
/var/www/html/vendor/orchestra/testbench-core/src/TestCase.php:121
/var/www/html/vendor/orchestra/testbench-core/src/Concerns/ApplicationTestingHooks.php:74
/var/www/html/vendor/orchestra/testbench-core/src/Concerns/Testing.php:43
/var/www/html/vendor/laravel/framework/src/Illuminate/Collections/helpers.php:236
/var/www/html/vendor/orchestra/sidekick/src/functions.php:87
/var/www/html/vendor/laravel/framework/src/Illuminate/Collections/helpers.php:236
/var/www/html/vendor/orchestra/testbench-core/src/Concerns/Testing.php:57
/var/www/html/vendor/orchestra/testbench-core/src/TestCase.php:50
/var/www/html/tests/TestCase.php:61
/var/www/html/tests/Integration/Commands/MakeCommandsIntegrationTest.php:32</error>
        </testcase>
        <testcase name="it_handles_complex_nested_namespace_generation" file="/var/www/html/tests/Integration/Commands/MakeCommandsIntegrationTest.php" line="186" class="JTD\LaravelMCP\Tests\Integration\Commands\MakeCommandsIntegrationTest" classname="JTD.LaravelMCP.Tests.Integration.Commands.MakeCommandsIntegrationTest" assertions="0" time="0.000000">
          <error type="Exception">JTD\LaravelMCP\Tests\Integration\Commands\MakeCommandsIntegrationTest::it_handles_complex_nested_namespace_generation
Exception: The /var/www/html/vendor/orchestra/testbench-core/laravel/bootstrap/cache directory must be present and writable.

/var/www/html/vendor/laravel/framework/src/Illuminate/Foundation/PackageManifest.php:179
/var/www/html/vendor/orchestra/testbench-core/src/Foundation/PackageManifest.php:157
/var/www/html/vendor/laravel/framework/src/Illuminate/Foundation/PackageManifest.php:132
/var/www/html/vendor/laravel/framework/src/Illuminate/Foundation/PackageManifest.php:108
/var/www/html/vendor/orchestra/testbench-core/src/Foundation/PackageManifest.php:102
/var/www/html/vendor/laravel/framework/src/Illuminate/Foundation/PackageManifest.php:91
/var/www/html/vendor/laravel/framework/src/Illuminate/Foundation/PackageManifest.php:80
/var/www/html/vendor/laravel/framework/src/Illuminate/Foundation/Bootstrap/RegisterFacades.php:26
/var/www/html/vendor/orchestra/testbench-core/src/Concerns/CreatesApplication.php:556
/var/www/html/vendor/orchestra/testbench-core/src/Concerns/CreatesApplication.php:311
/var/www/html/vendor/orchestra/testbench-core/src/TestCase.php:121
/var/www/html/vendor/orchestra/testbench-core/src/Concerns/ApplicationTestingHooks.php:74
/var/www/html/vendor/orchestra/testbench-core/src/Concerns/Testing.php:43
/var/www/html/vendor/laravel/framework/src/Illuminate/Collections/helpers.php:236
/var/www/html/vendor/orchestra/sidekick/src/functions.php:87
/var/www/html/vendor/laravel/framework/src/Illuminate/Collections/helpers.php:236
/var/www/html/vendor/orchestra/testbench-core/src/Concerns/Testing.php:57
/var/www/html/vendor/orchestra/testbench-core/src/TestCase.php:50
/var/www/html/tests/TestCase.php:61
/var/www/html/tests/Integration/Commands/MakeCommandsIntegrationTest.php:32</error>
        </testcase>
        <testcase name="it_generates_classes_with_proper_mcp_schema_structure" file="/var/www/html/tests/Integration/Commands/MakeCommandsIntegrationTest.php" line="215" class="JTD\LaravelMCP\Tests\Integration\Commands\MakeCommandsIntegrationTest" classname="JTD.LaravelMCP.Tests.Integration.Commands.MakeCommandsIntegrationTest" assertions="0" time="0.000000">
          <error type="Exception">JTD\LaravelMCP\Tests\Integration\Commands\MakeCommandsIntegrationTest::it_generates_classes_with_proper_mcp_schema_structure
Exception: The /var/www/html/vendor/orchestra/testbench-core/laravel/bootstrap/cache directory must be present and writable.

/var/www/html/vendor/laravel/framework/src/Illuminate/Foundation/PackageManifest.php:179
/var/www/html/vendor/orchestra/testbench-core/src/Foundation/PackageManifest.php:157
/var/www/html/vendor/laravel/framework/src/Illuminate/Foundation/PackageManifest.php:132
/var/www/html/vendor/laravel/framework/src/Illuminate/Foundation/PackageManifest.php:108
/var/www/html/vendor/orchestra/testbench-core/src/Foundation/PackageManifest.php:102
/var/www/html/vendor/laravel/framework/src/Illuminate/Foundation/PackageManifest.php:91
/var/www/html/vendor/laravel/framework/src/Illuminate/Foundation/PackageManifest.php:80
/var/www/html/vendor/laravel/framework/src/Illuminate/Foundation/Bootstrap/RegisterFacades.php:26
/var/www/html/vendor/orchestra/testbench-core/src/Concerns/CreatesApplication.php:556
/var/www/html/vendor/orchestra/testbench-core/src/Concerns/CreatesApplication.php:311
/var/www/html/vendor/orchestra/testbench-core/src/TestCase.php:121
/var/www/html/vendor/orchestra/testbench-core/src/Concerns/ApplicationTestingHooks.php:74
/var/www/html/vendor/orchestra/testbench-core/src/Concerns/Testing.php:43
/var/www/html/vendor/laravel/framework/src/Illuminate/Collections/helpers.php:236
/var/www/html/vendor/orchestra/sidekick/src/functions.php:87
/var/www/html/vendor/laravel/framework/src/Illuminate/Collections/helpers.php:236
/var/www/html/vendor/orchestra/testbench-core/src/Concerns/Testing.php:57
/var/www/html/vendor/orchestra/testbench-core/src/TestCase.php:50
/var/www/html/tests/TestCase.php:61
/var/www/html/tests/Integration/Commands/MakeCommandsIntegrationTest.php:32</error>
        </testcase>
        <testcase name="it_handles_force_overwrite_correctly_across_all_commands" file="/var/www/html/tests/Integration/Commands/MakeCommandsIntegrationTest.php" line="263" class="JTD\LaravelMCP\Tests\Integration\Commands\MakeCommandsIntegrationTest" classname="JTD.LaravelMCP.Tests.Integration.Commands.MakeCommandsIntegrationTest" assertions="0" time="0.000000">
          <error type="Exception">JTD\LaravelMCP\Tests\Integration\Commands\MakeCommandsIntegrationTest::it_handles_force_overwrite_correctly_across_all_commands
Exception: The /var/www/html/vendor/orchestra/testbench-core/laravel/bootstrap/cache directory must be present and writable.

/var/www/html/vendor/laravel/framework/src/Illuminate/Foundation/PackageManifest.php:179
/var/www/html/vendor/orchestra/testbench-core/src/Foundation/PackageManifest.php:157
/var/www/html/vendor/laravel/framework/src/Illuminate/Foundation/PackageManifest.php:132
/var/www/html/vendor/laravel/framework/src/Illuminate/Foundation/PackageManifest.php:108
/var/www/html/vendor/orchestra/testbench-core/src/Foundation/PackageManifest.php:102
/var/www/html/vendor/laravel/framework/src/Illuminate/Foundation/PackageManifest.php:91
/var/www/html/vendor/laravel/framework/src/Illuminate/Foundation/PackageManifest.php:80
/var/www/html/vendor/laravel/framework/src/Illuminate/Foundation/Bootstrap/RegisterFacades.php:26
/var/www/html/vendor/orchestra/testbench-core/src/Concerns/CreatesApplication.php:556
/var/www/html/vendor/orchestra/testbench-core/src/Concerns/CreatesApplication.php:311
/var/www/html/vendor/orchestra/testbench-core/src/TestCase.php:121
/var/www/html/vendor/orchestra/testbench-core/src/Concerns/ApplicationTestingHooks.php:74
/var/www/html/vendor/orchestra/testbench-core/src/Concerns/Testing.php:43
/var/www/html/vendor/laravel/framework/src/Illuminate/Collections/helpers.php:236
/var/www/html/vendor/orchestra/sidekick/src/functions.php:87
/var/www/html/vendor/laravel/framework/src/Illuminate/Collections/helpers.php:236
/var/www/html/vendor/orchestra/testbench-core/src/Concerns/Testing.php:57
/var/www/html/vendor/orchestra/testbench-core/src/TestCase.php:50
/var/www/html/tests/TestCase.php:61
/var/www/html/tests/Integration/Commands/MakeCommandsIntegrationTest.php:32</error>
        </testcase>
      </testsuite>
      <testsuite name="JTD\LaravelMCP\Tests\Unit\Abstracts\BaseComponentTest" file="/var/www/html/tests/Unit/Abstracts/BaseComponentTest.php" tests="14" assertions="0" errors="14" failures="0" skipped="0" time="0.000000">
        <testcase name="test_it_initializes_with_container_and_validator" file="/var/www/html/tests/Unit/Abstracts/BaseComponentTest.php" line="22" class="JTD\LaravelMCP\Tests\Unit\Abstracts\BaseComponentTest" classname="JTD.LaravelMCP.Tests.Unit.Abstracts.BaseComponentTest" assertions="0" time="0.000000">
          <error type="Exception">JTD\LaravelMCP\Tests\Unit\Abstracts\BaseComponentTest::test_it_initializes_with_container_and_validator
Exception: The /var/www/html/vendor/orchestra/testbench-core/laravel/bootstrap/cache directory must be present and writable.

/var/www/html/vendor/laravel/framework/src/Illuminate/Foundation/PackageManifest.php:179
/var/www/html/vendor/orchestra/testbench-core/src/Foundation/PackageManifest.php:157
/var/www/html/vendor/laravel/framework/src/Illuminate/Foundation/PackageManifest.php:132
/var/www/html/vendor/laravel/framework/src/Illuminate/Foundation/PackageManifest.php:108
/var/www/html/vendor/orchestra/testbench-core/src/Foundation/PackageManifest.php:102
/var/www/html/vendor/laravel/framework/src/Illuminate/Foundation/PackageManifest.php:91
/var/www/html/vendor/laravel/framework/src/Illuminate/Foundation/PackageManifest.php:80
/var/www/html/vendor/laravel/framework/src/Illuminate/Foundation/Bootstrap/RegisterFacades.php:26
/var/www/html/vendor/orchestra/testbench-core/src/Concerns/CreatesApplication.php:556
/var/www/html/vendor/orchestra/testbench-core/src/Concerns/CreatesApplication.php:311
/var/www/html/vendor/orchestra/testbench-core/src/TestCase.php:121
/var/www/html/vendor/orchestra/testbench-core/src/Concerns/ApplicationTestingHooks.php:74
/var/www/html/vendor/orchestra/testbench-core/src/Concerns/Testing.php:43
/var/www/html/vendor/laravel/framework/src/Illuminate/Collections/helpers.php:236
/var/www/html/vendor/orchestra/sidekick/src/functions.php:87
/var/www/html/vendor/laravel/framework/src/Illuminate/Collections/helpers.php:236
/var/www/html/vendor/orchestra/testbench-core/src/Concerns/Testing.php:57
/var/www/html/vendor/orchestra/testbench-core/src/TestCase.php:50
/var/www/html/tests/TestCase.php:61</error>
        </testcase>
        <testcase name="test_it_returns_configured_name" file="/var/www/html/tests/Unit/Abstracts/BaseComponentTest.php" line="38" class="JTD\LaravelMCP\Tests\Unit\Abstracts\BaseComponentTest" classname="JTD.LaravelMCP.Tests.Unit.Abstracts.BaseComponentTest" assertions="0" time="0.000000">
          <error type="Exception">JTD\LaravelMCP\Tests\Unit\Abstracts\BaseComponentTest::test_it_returns_configured_name
Exception: The /var/www/html/vendor/orchestra/testbench-core/laravel/bootstrap/cache directory must be present and writable.

/var/www/html/vendor/laravel/framework/src/Illuminate/Foundation/PackageManifest.php:179
/var/www/html/vendor/orchestra/testbench-core/src/Foundation/PackageManifest.php:157
/var/www/html/vendor/laravel/framework/src/Illuminate/Foundation/PackageManifest.php:132
/var/www/html/vendor/laravel/framework/src/Illuminate/Foundation/PackageManifest.php:108
/var/www/html/vendor/orchestra/testbench-core/src/Foundation/PackageManifest.php:102
/var/www/html/vendor/laravel/framework/src/Illuminate/Foundation/PackageManifest.php:91
/var/www/html/vendor/laravel/framework/src/Illuminate/Foundation/PackageManifest.php:80
/var/www/html/vendor/laravel/framework/src/Illuminate/Foundation/Bootstrap/RegisterFacades.php:26
/var/www/html/vendor/orchestra/testbench-core/src/Concerns/CreatesApplication.php:556
/var/www/html/vendor/orchestra/testbench-core/src/Concerns/CreatesApplication.php:311
/var/www/html/vendor/orchestra/testbench-core/src/TestCase.php:121
/var/www/html/vendor/orchestra/testbench-core/src/Concerns/ApplicationTestingHooks.php:74
/var/www/html/vendor/orchestra/testbench-core/src/Concerns/Testing.php:43
/var/www/html/vendor/laravel/framework/src/Illuminate/Collections/helpers.php:236
/var/www/html/vendor/orchestra/sidekick/src/functions.php:87
/var/www/html/vendor/laravel/framework/src/Illuminate/Collections/helpers.php:236
/var/www/html/vendor/orchestra/testbench-core/src/Concerns/Testing.php:57
/var/www/html/vendor/orchestra/testbench-core/src/TestCase.php:50
/var/www/html/tests/TestCase.php:61</error>
        </testcase>
        <testcase name="test_it_generates_name_from_class_when_not_set" file="/var/www/html/tests/Unit/Abstracts/BaseComponentTest.php" line="45" class="JTD\LaravelMCP\Tests\Unit\Abstracts\BaseComponentTest" classname="JTD.LaravelMCP.Tests.Unit.Abstracts.BaseComponentTest" assertions="0" time="0.000000">
          <error type="Exception">JTD\LaravelMCP\Tests\Unit\Abstracts\BaseComponentTest::test_it_generates_name_from_class_when_not_set
Exception: The /var/www/html/vendor/orchestra/testbench-core/laravel/bootstrap/cache directory must be present and writable.

/var/www/html/vendor/laravel/framework/src/Illuminate/Foundation/PackageManifest.php:179
/var/www/html/vendor/orchestra/testbench-core/src/Foundation/PackageManifest.php:157
/var/www/html/vendor/laravel/framework/src/Illuminate/Foundation/PackageManifest.php:132
/var/www/html/vendor/laravel/framework/src/Illuminate/Foundation/PackageManifest.php:108
/var/www/html/vendor/orchestra/testbench-core/src/Foundation/PackageManifest.php:102
/var/www/html/vendor/laravel/framework/src/Illuminate/Foundation/PackageManifest.php:91
/var/www/html/vendor/laravel/framework/src/Illuminate/Foundation/PackageManifest.php:80
/var/www/html/vendor/laravel/framework/src/Illuminate/Foundation/Bootstrap/RegisterFacades.php:26
/var/www/html/vendor/orchestra/testbench-core/src/Concerns/CreatesApplication.php:556
/var/www/html/vendor/orchestra/testbench-core/src/Concerns/CreatesApplication.php:311
/var/www/html/vendor/orchestra/testbench-core/src/TestCase.php:121
/var/www/html/vendor/orchestra/testbench-core/src/Concerns/ApplicationTestingHooks.php:74
/var/www/html/vendor/orchestra/testbench-core/src/Concerns/Testing.php:43
/var/www/html/vendor/laravel/framework/src/Illuminate/Collections/helpers.php:236
/var/www/html/vendor/orchestra/sidekick/src/functions.php:87
/var/www/html/vendor/laravel/framework/src/Illuminate/Collections/helpers.php:236
/var/www/html/vendor/orchestra/testbench-core/src/Concerns/Testing.php:57
/var/www/html/vendor/orchestra/testbench-core/src/TestCase.php:50
/var/www/html/tests/TestCase.php:61</error>
        </testcase>
        <testcase name="test_it_returns_configured_description" file="/var/www/html/tests/Unit/Abstracts/BaseComponentTest.php" line="57" class="JTD\LaravelMCP\Tests\Unit\Abstracts\BaseComponentTest" classname="JTD.LaravelMCP.Tests.Unit.Abstracts.BaseComponentTest" assertions="0" time="0.000000">
          <error type="Exception">JTD\LaravelMCP\Tests\Unit\Abstracts\BaseComponentTest::test_it_returns_configured_description
Exception: The /var/www/html/vendor/orchestra/testbench-core/laravel/bootstrap/cache directory must be present and writable.

/var/www/html/vendor/laravel/framework/src/Illuminate/Foundation/PackageManifest.php:179
/var/www/html/vendor/orchestra/testbench-core/src/Foundation/PackageManifest.php:157
/var/www/html/vendor/laravel/framework/src/Illuminate/Foundation/PackageManifest.php:132
/var/www/html/vendor/laravel/framework/src/Illuminate/Foundation/PackageManifest.php:108
/var/www/html/vendor/orchestra/testbench-core/src/Foundation/PackageManifest.php:102
/var/www/html/vendor/laravel/framework/src/Illuminate/Foundation/PackageManifest.php:91
/var/www/html/vendor/laravel/framework/src/Illuminate/Foundation/PackageManifest.php:80
/var/www/html/vendor/laravel/framework/src/Illuminate/Foundation/Bootstrap/RegisterFacades.php:26
/var/www/html/vendor/orchestra/testbench-core/src/Concerns/CreatesApplication.php:556
/var/www/html/vendor/orchestra/testbench-core/src/Concerns/CreatesApplication.php:311
/var/www/html/vendor/orchestra/testbench-core/src/TestCase.php:121
/var/www/html/vendor/orchestra/testbench-core/src/Concerns/ApplicationTestingHooks.php:74
/var/www/html/vendor/orchestra/testbench-core/src/Concerns/Testing.php:43
/var/www/html/vendor/laravel/framework/src/Illuminate/Collections/helpers.php:236
/var/www/html/vendor/orchestra/sidekick/src/functions.php:87
/var/www/html/vendor/laravel/framework/src/Illuminate/Collections/helpers.php:236
/var/www/html/vendor/orchestra/testbench-core/src/Concerns/Testing.php:57
/var/www/html/vendor/orchestra/testbench-core/src/TestCase.php:50
/var/www/html/tests/TestCase.php:61</error>
        </testcase>
        <testcase name="test_it_returns_default_description_when_not_set" file="/var/www/html/tests/Unit/Abstracts/BaseComponentTest.php" line="64" class="JTD\LaravelMCP\Tests\Unit\Abstracts\BaseComponentTest" classname="JTD.LaravelMCP.Tests.Unit.Abstracts.BaseComponentTest" assertions="0" time="0.000000">
          <error type="Exception">JTD\LaravelMCP\Tests\Unit\Abstracts\BaseComponentTest::test_it_returns_default_description_when_not_set
Exception: The /var/www/html/vendor/orchestra/testbench-core/laravel/bootstrap/cache directory must be present and writable.

/var/www/html/vendor/laravel/framework/src/Illuminate/Foundation/PackageManifest.php:179
/var/www/html/vendor/orchestra/testbench-core/src/Foundation/PackageManifest.php:157
/var/www/html/vendor/laravel/framework/src/Illuminate/Foundation/PackageManifest.php:132
/var/www/html/vendor/laravel/framework/src/Illuminate/Foundation/PackageManifest.php:108
/var/www/html/vendor/orchestra/testbench-core/src/Foundation/PackageManifest.php:102
/var/www/html/vendor/laravel/framework/src/Illuminate/Foundation/PackageManifest.php:91
/var/www/html/vendor/laravel/framework/src/Illuminate/Foundation/PackageManifest.php:80
/var/www/html/vendor/laravel/framework/src/Illuminate/Foundation/Bootstrap/RegisterFacades.php:26
/var/www/html/vendor/orchestra/testbench-core/src/Concerns/CreatesApplication.php:556
/var/www/html/vendor/orchestra/testbench-core/src/Concerns/CreatesApplication.php:311
/var/www/html/vendor/orchestra/testbench-core/src/TestCase.php:121
/var/www/html/vendor/orchestra/testbench-core/src/Concerns/ApplicationTestingHooks.php:74
/var/www/html/vendor/orchestra/testbench-core/src/Concerns/Testing.php:43
/var/www/html/vendor/laravel/framework/src/Illuminate/Collections/helpers.php:236
/var/www/html/vendor/orchestra/sidekick/src/functions.php:87
/var/www/html/vendor/laravel/framework/src/Illuminate/Collections/helpers.php:236
/var/www/html/vendor/orchestra/testbench-core/src/Concerns/Testing.php:57
/var/www/html/vendor/orchestra/testbench-core/src/TestCase.php:50
/var/www/html/tests/TestCase.php:61</error>
        </testcase>
        <testcase name="test_it_manages_middleware" file="/var/www/html/tests/Unit/Abstracts/BaseComponentTest.php" line="74" class="JTD\LaravelMCP\Tests\Unit\Abstracts\BaseComponentTest" classname="JTD.LaravelMCP.Tests.Unit.Abstracts.BaseComponentTest" assertions="0" time="0.000000">
          <error type="Exception">JTD\LaravelMCP\Tests\Unit\Abstracts\BaseComponentTest::test_it_manages_middleware
Exception: The /var/www/html/vendor/orchestra/testbench-core/laravel/bootstrap/cache directory must be present and writable.

/var/www/html/vendor/laravel/framework/src/Illuminate/Foundation/PackageManifest.php:179
/var/www/html/vendor/orchestra/testbench-core/src/Foundation/PackageManifest.php:157
/var/www/html/vendor/laravel/framework/src/Illuminate/Foundation/PackageManifest.php:132
/var/www/html/vendor/laravel/framework/src/Illuminate/Foundation/PackageManifest.php:108
/var/www/html/vendor/orchestra/testbench-core/src/Foundation/PackageManifest.php:102
/var/www/html/vendor/laravel/framework/src/Illuminate/Foundation/PackageManifest.php:91
/var/www/html/vendor/laravel/framework/src/Illuminate/Foundation/PackageManifest.php:80
/var/www/html/vendor/laravel/framework/src/Illuminate/Foundation/Bootstrap/RegisterFacades.php:26
/var/www/html/vendor/orchestra/testbench-core/src/Concerns/CreatesApplication.php:556
/var/www/html/vendor/orchestra/testbench-core/src/Concerns/CreatesApplication.php:311
/var/www/html/vendor/orchestra/testbench-core/src/TestCase.php:121
/var/www/html/vendor/orchestra/testbench-core/src/Concerns/ApplicationTestingHooks.php:74
/var/www/html/vendor/orchestra/testbench-core/src/Concerns/Testing.php:43
/var/www/html/vendor/laravel/framework/src/Illuminate/Collections/helpers.php:236
/var/www/html/vendor/orchestra/sidekick/src/functions.php:87
/var/www/html/vendor/laravel/framework/src/Illuminate/Collections/helpers.php:236
/var/www/html/vendor/orchestra/testbench-core/src/Concerns/Testing.php:57
/var/www/html/vendor/orchestra/testbench-core/src/TestCase.php:50
/var/www/html/tests/TestCase.php:61</error>
        </testcase>
        <testcase name="test_it_manages_auth_requirement" file="/var/www/html/tests/Unit/Abstracts/BaseComponentTest.php" line="84" class="JTD\LaravelMCP\Tests\Unit\Abstracts\BaseComponentTest" classname="JTD.LaravelMCP.Tests.Unit.Abstracts.BaseComponentTest" assertions="0" time="0.000000">
          <error type="Exception">JTD\LaravelMCP\Tests\Unit\Abstracts\BaseComponentTest::test_it_manages_auth_requirement
Exception: The /var/www/html/vendor/orchestra/testbench-core/laravel/bootstrap/cache directory must be present and writable.

/var/www/html/vendor/laravel/framework/src/Illuminate/Foundation/PackageManifest.php:179
/var/www/html/vendor/orchestra/testbench-core/src/Foundation/PackageManifest.php:157
/var/www/html/vendor/laravel/framework/src/Illuminate/Foundation/PackageManifest.php:132
/var/www/html/vendor/laravel/framework/src/Illuminate/Foundation/PackageManifest.php:108
/var/www/html/vendor/orchestra/testbench-core/src/Foundation/PackageManifest.php:102
/var/www/html/vendor/laravel/framework/src/Illuminate/Foundation/PackageManifest.php:91
/var/www/html/vendor/laravel/framework/src/Illuminate/Foundation/PackageManifest.php:80
/var/www/html/vendor/laravel/framework/src/Illuminate/Foundation/Bootstrap/RegisterFacades.php:26
/var/www/html/vendor/orchestra/testbench-core/src/Concerns/CreatesApplication.php:556
/var/www/html/vendor/orchestra/testbench-core/src/Concerns/CreatesApplication.php:311
/var/www/html/vendor/orchestra/testbench-core/src/TestCase.php:121
/var/www/html/vendor/orchestra/testbench-core/src/Concerns/ApplicationTestingHooks.php:74
/var/www/html/vendor/orchestra/testbench-core/src/Concerns/Testing.php:43
/var/www/html/vendor/laravel/framework/src/Illuminate/Collections/helpers.php:236
/var/www/html/vendor/orchestra/sidekick/src/functions.php:87
/var/www/html/vendor/laravel/framework/src/Illuminate/Collections/helpers.php:236
/var/www/html/vendor/orchestra/testbench-core/src/Concerns/Testing.php:57
/var/www/html/vendor/orchestra/testbench-core/src/TestCase.php:50
/var/www/html/tests/TestCase.php:61</error>
        </testcase>
        <testcase name="test_it_provides_make_helper" file="/var/www/html/tests/Unit/Abstracts/BaseComponentTest.php" line="97" class="JTD\LaravelMCP\Tests\Unit\Abstracts\BaseComponentTest" classname="JTD.LaravelMCP.Tests.Unit.Abstracts.BaseComponentTest" assertions="0" time="0.000000">
          <error type="Exception">JTD\LaravelMCP\Tests\Unit\Abstracts\BaseComponentTest::test_it_provides_make_helper
Exception: The /var/www/html/vendor/orchestra/testbench-core/laravel/bootstrap/cache directory must be present and writable.

/var/www/html/vendor/laravel/framework/src/Illuminate/Foundation/PackageManifest.php:179
/var/www/html/vendor/orchestra/testbench-core/src/Foundation/PackageManifest.php:157
/var/www/html/vendor/laravel/framework/src/Illuminate/Foundation/PackageManifest.php:132
/var/www/html/vendor/laravel/framework/src/Illuminate/Foundation/PackageManifest.php:108
/var/www/html/vendor/orchestra/testbench-core/src/Foundation/PackageManifest.php:102
/var/www/html/vendor/laravel/framework/src/Illuminate/Foundation/PackageManifest.php:91
/var/www/html/vendor/laravel/framework/src/Illuminate/Foundation/PackageManifest.php:80
/var/www/html/vendor/laravel/framework/src/Illuminate/Foundation/Bootstrap/RegisterFacades.php:26
/var/www/html/vendor/orchestra/testbench-core/src/Concerns/CreatesApplication.php:556
/var/www/html/vendor/orchestra/testbench-core/src/Concerns/CreatesApplication.php:311
/var/www/html/vendor/orchestra/testbench-core/src/TestCase.php:121
/var/www/html/vendor/orchestra/testbench-core/src/Concerns/ApplicationTestingHooks.php:74
/var/www/html/vendor/orchestra/testbench-core/src/Concerns/Testing.php:43
/var/www/html/vendor/laravel/framework/src/Illuminate/Collections/helpers.php:236
/var/www/html/vendor/orchestra/sidekick/src/functions.php:87
/var/www/html/vendor/laravel/framework/src/Illuminate/Collections/helpers.php:236
/var/www/html/vendor/orchestra/testbench-core/src/Concerns/Testing.php:57
/var/www/html/vendor/orchestra/testbench-core/src/TestCase.php:50
/var/www/html/tests/TestCase.php:61</error>
        </testcase>
        <testcase name="test_it_provides_resolve_helper" file="/var/www/html/tests/Unit/Abstracts/BaseComponentTest.php" line="110" class="JTD\LaravelMCP\Tests\Unit\Abstracts\BaseComponentTest" classname="JTD.LaravelMCP.Tests.Unit.Abstracts.BaseComponentTest" assertions="0" time="0.000000">
          <error type="Exception">JTD\LaravelMCP\Tests\Unit\Abstracts\BaseComponentTest::test_it_provides_resolve_helper
Exception: The /var/www/html/vendor/orchestra/testbench-core/laravel/bootstrap/cache directory must be present and writable.

/var/www/html/vendor/laravel/framework/src/Illuminate/Foundation/PackageManifest.php:179
/var/www/html/vendor/orchestra/testbench-core/src/Foundation/PackageManifest.php:157
/var/www/html/vendor/laravel/framework/src/Illuminate/Foundation/PackageManifest.php:132
/var/www/html/vendor/laravel/framework/src/Illuminate/Foundation/PackageManifest.php:108
/var/www/html/vendor/orchestra/testbench-core/src/Foundation/PackageManifest.php:102
/var/www/html/vendor/laravel/framework/src/Illuminate/Foundation/PackageManifest.php:91
/var/www/html/vendor/laravel/framework/src/Illuminate/Foundation/PackageManifest.php:80
/var/www/html/vendor/laravel/framework/src/Illuminate/Foundation/Bootstrap/RegisterFacades.php:26
/var/www/html/vendor/orchestra/testbench-core/src/Concerns/CreatesApplication.php:556
/var/www/html/vendor/orchestra/testbench-core/src/Concerns/CreatesApplication.php:311
/var/www/html/vendor/orchestra/testbench-core/src/TestCase.php:121
/var/www/html/vendor/orchestra/testbench-core/src/Concerns/ApplicationTestingHooks.php:74
/var/www/html/vendor/orchestra/testbench-core/src/Concerns/Testing.php:43
/var/www/html/vendor/laravel/framework/src/Illuminate/Collections/helpers.php:236
/var/www/html/vendor/orchestra/sidekick/src/functions.php:87
/var/www/html/vendor/laravel/framework/src/Illuminate/Collections/helpers.php:236
/var/www/html/vendor/orchestra/testbench-core/src/Concerns/Testing.php:57
/var/www/html/vendor/orchestra/testbench-core/src/TestCase.php:50
/var/www/html/tests/TestCase.php:61</error>
        </testcase>
        <testcase name="test_it_returns_metadata" file="/var/www/html/tests/Unit/Abstracts/BaseComponentTest.php" line="123" class="JTD\LaravelMCP\Tests\Unit\Abstracts\BaseComponentTest" classname="JTD.LaravelMCP.Tests.Unit.Abstracts.BaseComponentTest" assertions="0" time="0.000000">
          <error type="Exception">JTD\LaravelMCP\Tests\Unit\Abstracts\BaseComponentTest::test_it_returns_metadata
Exception: The /var/www/html/vendor/orchestra/testbench-core/laravel/bootstrap/cache directory must be present and writable.

/var/www/html/vendor/laravel/framework/src/Illuminate/Foundation/PackageManifest.php:179
/var/www/html/vendor/orchestra/testbench-core/src/Foundation/PackageManifest.php:157
/var/www/html/vendor/laravel/framework/src/Illuminate/Foundation/PackageManifest.php:132
/var/www/html/vendor/laravel/framework/src/Illuminate/Foundation/PackageManifest.php:108
/var/www/html/vendor/orchestra/testbench-core/src/Foundation/PackageManifest.php:102
/var/www/html/vendor/laravel/framework/src/Illuminate/Foundation/PackageManifest.php:91
/var/www/html/vendor/laravel/framework/src/Illuminate/Foundation/PackageManifest.php:80
/var/www/html/vendor/laravel/framework/src/Illuminate/Foundation/Bootstrap/RegisterFacades.php:26
/var/www/html/vendor/orchestra/testbench-core/src/Concerns/CreatesApplication.php:556
/var/www/html/vendor/orchestra/testbench-core/src/Concerns/CreatesApplication.php:311
/var/www/html/vendor/orchestra/testbench-core/src/TestCase.php:121
/var/www/html/vendor/orchestra/testbench-core/src/Concerns/ApplicationTestingHooks.php:74
/var/www/html/vendor/orchestra/testbench-core/src/Concerns/Testing.php:43
/var/www/html/vendor/laravel/framework/src/Illuminate/Collections/helpers.php:236
/var/www/html/vendor/orchestra/sidekick/src/functions.php:87
/var/www/html/vendor/laravel/framework/src/Illuminate/Collections/helpers.php:236
/var/www/html/vendor/orchestra/testbench-core/src/Concerns/Testing.php:57
/var/www/html/vendor/orchestra/testbench-core/src/TestCase.php:50
/var/www/html/tests/TestCase.php:61</error>
        </testcase>
        <testcase name="test_it_converts_to_array" file="/var/www/html/tests/Unit/Abstracts/BaseComponentTest.php" line="140" class="JTD\LaravelMCP\Tests\Unit\Abstracts\BaseComponentTest" classname="JTD.LaravelMCP.Tests.Unit.Abstracts.BaseComponentTest" assertions="0" time="0.000000">
          <error type="Exception">JTD\LaravelMCP\Tests\Unit\Abstracts\BaseComponentTest::test_it_converts_to_array
Exception: The /var/www/html/vendor/orchestra/testbench-core/laravel/bootstrap/cache directory must be present and writable.

/var/www/html/vendor/laravel/framework/src/Illuminate/Foundation/PackageManifest.php:179
/var/www/html/vendor/orchestra/testbench-core/src/Foundation/PackageManifest.php:157
/var/www/html/vendor/laravel/framework/src/Illuminate/Foundation/PackageManifest.php:132
/var/www/html/vendor/laravel/framework/src/Illuminate/Foundation/PackageManifest.php:108
/var/www/html/vendor/orchestra/testbench-core/src/Foundation/PackageManifest.php:102
/var/www/html/vendor/laravel/framework/src/Illuminate/Foundation/PackageManifest.php:91
/var/www/html/vendor/laravel/framework/src/Illuminate/Foundation/PackageManifest.php:80
/var/www/html/vendor/laravel/framework/src/Illuminate/Foundation/Bootstrap/RegisterFacades.php:26
/var/www/html/vendor/orchestra/testbench-core/src/Concerns/CreatesApplication.php:556
/var/www/html/vendor/orchestra/testbench-core/src/Concerns/CreatesApplication.php:311
/var/www/html/vendor/orchestra/testbench-core/src/TestCase.php:121
/var/www/html/vendor/orchestra/testbench-core/src/Concerns/ApplicationTestingHooks.php:74
/var/www/html/vendor/orchestra/testbench-core/src/Concerns/Testing.php:43
/var/www/html/vendor/laravel/framework/src/Illuminate/Collections/helpers.php:236
/var/www/html/vendor/orchestra/sidekick/src/functions.php:87
/var/www/html/vendor/laravel/framework/src/Illuminate/Collections/helpers.php:236
/var/www/html/vendor/orchestra/testbench-core/src/Concerns/Testing.php:57
/var/www/html/vendor/orchestra/testbench-core/src/TestCase.php:50
/var/www/html/tests/TestCase.php:61</error>
        </testcase>
        <testcase name="test_authorize_returns_true_when_auth_not_required" file="/var/www/html/tests/Unit/Abstracts/BaseComponentTest.php" line="153" class="JTD\LaravelMCP\Tests\Unit\Abstracts\BaseComponentTest" classname="JTD.LaravelMCP.Tests.Unit.Abstracts.BaseComponentTest" assertions="0" time="0.000000">
          <error type="Exception">JTD\LaravelMCP\Tests\Unit\Abstracts\BaseComponentTest::test_authorize_returns_true_when_auth_not_required
Exception: The /var/www/html/vendor/orchestra/testbench-core/laravel/bootstrap/cache directory must be present and writable.

/var/www/html/vendor/laravel/framework/src/Illuminate/Foundation/PackageManifest.php:179
/var/www/html/vendor/orchestra/testbench-core/src/Foundation/PackageManifest.php:157
/var/www/html/vendor/laravel/framework/src/Illuminate/Foundation/PackageManifest.php:132
/var/www/html/vendor/laravel/framework/src/Illuminate/Foundation/PackageManifest.php:108
/var/www/html/vendor/orchestra/testbench-core/src/Foundation/PackageManifest.php:102
/var/www/html/vendor/laravel/framework/src/Illuminate/Foundation/PackageManifest.php:91
/var/www/html/vendor/laravel/framework/src/Illuminate/Foundation/PackageManifest.php:80
/var/www/html/vendor/laravel/framework/src/Illuminate/Foundation/Bootstrap/RegisterFacades.php:26
/var/www/html/vendor/orchestra/testbench-core/src/Concerns/CreatesApplication.php:556
/var/www/html/vendor/orchestra/testbench-core/src/Concerns/CreatesApplication.php:311
/var/www/html/vendor/orchestra/testbench-core/src/TestCase.php:121
/var/www/html/vendor/orchestra/testbench-core/src/Concerns/ApplicationTestingHooks.php:74
/var/www/html/vendor/orchestra/testbench-core/src/Concerns/Testing.php:43
/var/www/html/vendor/laravel/framework/src/Illuminate/Collections/helpers.php:236
/var/www/html/vendor/orchestra/sidekick/src/functions.php:87
/var/www/html/vendor/laravel/framework/src/Illuminate/Collections/helpers.php:236
/var/www/html/vendor/orchestra/testbench-core/src/Concerns/Testing.php:57
/var/www/html/vendor/orchestra/testbench-core/src/TestCase.php:50
/var/www/html/tests/TestCase.php:61</error>
        </testcase>
        <testcase name="test_authorize_returns_true_by_default_when_auth_required" file="/var/www/html/tests/Unit/Abstracts/BaseComponentTest.php" line="166" class="JTD\LaravelMCP\Tests\Unit\Abstracts\BaseComponentTest" classname="JTD.LaravelMCP.Tests.Unit.Abstracts.BaseComponentTest" assertions="0" time="0.000000">
          <error type="Exception">JTD\LaravelMCP\Tests\Unit\Abstracts\BaseComponentTest::test_authorize_returns_true_by_default_when_auth_required
Exception: The /var/www/html/vendor/orchestra/testbench-core/laravel/bootstrap/cache directory must be present and writable.

/var/www/html/vendor/laravel/framework/src/Illuminate/Foundation/PackageManifest.php:179
/var/www/html/vendor/orchestra/testbench-core/src/Foundation/PackageManifest.php:157
/var/www/html/vendor/laravel/framework/src/Illuminate/Foundation/PackageManifest.php:132
/var/www/html/vendor/laravel/framework/src/Illuminate/Foundation/PackageManifest.php:108
/var/www/html/vendor/orchestra/testbench-core/src/Foundation/PackageManifest.php:102
/var/www/html/vendor/laravel/framework/src/Illuminate/Foundation/PackageManifest.php:91
/var/www/html/vendor/laravel/framework/src/Illuminate/Foundation/PackageManifest.php:80
/var/www/html/vendor/laravel/framework/src/Illuminate/Foundation/Bootstrap/RegisterFacades.php:26
/var/www/html/vendor/orchestra/testbench-core/src/Concerns/CreatesApplication.php:556
/var/www/html/vendor/orchestra/testbench-core/src/Concerns/CreatesApplication.php:311
/var/www/html/vendor/orchestra/testbench-core/src/TestCase.php:121
/var/www/html/vendor/orchestra/testbench-core/src/Concerns/ApplicationTestingHooks.php:74
/var/www/html/vendor/orchestra/testbench-core/src/Concerns/Testing.php:43
/var/www/html/vendor/laravel/framework/src/Illuminate/Collections/helpers.php:236
/var/www/html/vendor/orchestra/sidekick/src/functions.php:87
/var/www/html/vendor/laravel/framework/src/Illuminate/Collections/helpers.php:236
/var/www/html/vendor/orchestra/testbench-core/src/Concerns/Testing.php:57
/var/www/html/vendor/orchestra/testbench-core/src/TestCase.php:50
/var/www/html/tests/TestCase.php:61</error>
        </testcase>
        <testcase name="test_generate_name_from_class_removes_suffixes" file="/var/www/html/tests/Unit/Abstracts/BaseComponentTest.php" line="182" class="JTD\LaravelMCP\Tests\Unit\Abstracts\BaseComponentTest" classname="JTD.LaravelMCP.Tests.Unit.Abstracts.BaseComponentTest" assertions="0" time="0.000000">
          <error type="Exception">JTD\LaravelMCP\Tests\Unit\Abstracts\BaseComponentTest::test_generate_name_from_class_removes_suffixes
Exception: The /var/www/html/vendor/orchestra/testbench-core/laravel/bootstrap/cache directory must be present and writable.

/var/www/html/vendor/laravel/framework/src/Illuminate/Foundation/PackageManifest.php:179
/var/www/html/vendor/orchestra/testbench-core/src/Foundation/PackageManifest.php:157
/var/www/html/vendor/laravel/framework/src/Illuminate/Foundation/PackageManifest.php:132
/var/www/html/vendor/laravel/framework/src/Illuminate/Foundation/PackageManifest.php:108
/var/www/html/vendor/orchestra/testbench-core/src/Foundation/PackageManifest.php:102
/var/www/html/vendor/laravel/framework/src/Illuminate/Foundation/PackageManifest.php:91
/var/www/html/vendor/laravel/framework/src/Illuminate/Foundation/PackageManifest.php:80
/var/www/html/vendor/laravel/framework/src/Illuminate/Foundation/Bootstrap/RegisterFacades.php:26
/var/www/html/vendor/orchestra/testbench-core/src/Concerns/CreatesApplication.php:556
/var/www/html/vendor/orchestra/testbench-core/src/Concerns/CreatesApplication.php:311
/var/www/html/vendor/orchestra/testbench-core/src/TestCase.php:121
/var/www/html/vendor/orchestra/testbench-core/src/Concerns/ApplicationTestingHooks.php:74
/var/www/html/vendor/orchestra/testbench-core/src/Concerns/Testing.php:43
/var/www/html/vendor/laravel/framework/src/Illuminate/Collections/helpers.php:236
/var/www/html/vendor/orchestra/sidekick/src/functions.php:87
/var/www/html/vendor/laravel/framework/src/Illuminate/Collections/helpers.php:236
/var/www/html/vendor/orchestra/testbench-core/src/Concerns/Testing.php:57
/var/www/html/vendor/orchestra/testbench-core/src/TestCase.php:50
/var/www/html/tests/TestCase.php:61</error>
        </testcase>
      </testsuite>
      <testsuite name="JTD\LaravelMCP\Tests\Unit\Abstracts\McpPromptTest" file="/var/www/html/tests/Unit/Abstracts/McpPromptTest.php" tests="18" assertions="0" errors="18" failures="0" skipped="0" time="0.000000">
        <testcase name="test_it_initializes_with_container_and_view" file="/var/www/html/tests/Unit/Abstracts/McpPromptTest.php" line="42" class="JTD\LaravelMCP\Tests\Unit\Abstracts\McpPromptTest" classname="JTD.LaravelMCP.Tests.Unit.Abstracts.McpPromptTest" assertions="0" time="0.000000">
          <error type="Exception">JTD\LaravelMCP\Tests\Unit\Abstracts\McpPromptTest::test_it_initializes_with_container_and_view
Exception: The /var/www/html/vendor/orchestra/testbench-core/laravel/bootstrap/cache directory must be present and writable.

/var/www/html/vendor/laravel/framework/src/Illuminate/Foundation/PackageManifest.php:179
/var/www/html/vendor/orchestra/testbench-core/src/Foundation/PackageManifest.php:157
/var/www/html/vendor/laravel/framework/src/Illuminate/Foundation/PackageManifest.php:132
/var/www/html/vendor/laravel/framework/src/Illuminate/Foundation/PackageManifest.php:108
/var/www/html/vendor/orchestra/testbench-core/src/Foundation/PackageManifest.php:102
/var/www/html/vendor/laravel/framework/src/Illuminate/Foundation/PackageManifest.php:91
/var/www/html/vendor/laravel/framework/src/Illuminate/Foundation/PackageManifest.php:80
/var/www/html/vendor/laravel/framework/src/Illuminate/Foundation/Bootstrap/RegisterFacades.php:26
/var/www/html/vendor/orchestra/testbench-core/src/Concerns/CreatesApplication.php:556
/var/www/html/vendor/orchestra/testbench-core/src/Concerns/CreatesApplication.php:311
/var/www/html/vendor/orchestra/testbench-core/src/TestCase.php:121
/var/www/html/vendor/orchestra/testbench-core/src/Concerns/ApplicationTestingHooks.php:74
/var/www/html/vendor/orchestra/testbench-core/src/Concerns/Testing.php:43
/var/www/html/vendor/laravel/framework/src/Illuminate/Collections/helpers.php:236
/var/www/html/vendor/orchestra/sidekick/src/functions.php:87
/var/www/html/vendor/laravel/framework/src/Illuminate/Collections/helpers.php:236
/var/www/html/vendor/orchestra/testbench-core/src/Concerns/Testing.php:57
/var/www/html/vendor/orchestra/testbench-core/src/TestCase.php:50
/var/www/html/tests/TestCase.php:61</error>
        </testcase>
        <testcase name="test_it_returns_configured_name" file="/var/www/html/tests/Unit/Abstracts/McpPromptTest.php" line="58" class="JTD\LaravelMCP\Tests\Unit\Abstracts\McpPromptTest" classname="JTD.LaravelMCP.Tests.Unit.Abstracts.McpPromptTest" assertions="0" time="0.000000">
          <error type="Exception">JTD\LaravelMCP\Tests\Unit\Abstracts\McpPromptTest::test_it_returns_configured_name
Exception: The /var/www/html/vendor/orchestra/testbench-core/laravel/bootstrap/cache directory must be present and writable.

/var/www/html/vendor/laravel/framework/src/Illuminate/Foundation/PackageManifest.php:179
/var/www/html/vendor/orchestra/testbench-core/src/Foundation/PackageManifest.php:157
/var/www/html/vendor/laravel/framework/src/Illuminate/Foundation/PackageManifest.php:132
/var/www/html/vendor/laravel/framework/src/Illuminate/Foundation/PackageManifest.php:108
/var/www/html/vendor/orchestra/testbench-core/src/Foundation/PackageManifest.php:102
/var/www/html/vendor/laravel/framework/src/Illuminate/Foundation/PackageManifest.php:91
/var/www/html/vendor/laravel/framework/src/Illuminate/Foundation/PackageManifest.php:80
/var/www/html/vendor/laravel/framework/src/Illuminate/Foundation/Bootstrap/RegisterFacades.php:26
/var/www/html/vendor/orchestra/testbench-core/src/Concerns/CreatesApplication.php:556
/var/www/html/vendor/orchestra/testbench-core/src/Concerns/CreatesApplication.php:311
/var/www/html/vendor/orchestra/testbench-core/src/TestCase.php:121
/var/www/html/vendor/orchestra/testbench-core/src/Concerns/ApplicationTestingHooks.php:74
/var/www/html/vendor/orchestra/testbench-core/src/Concerns/Testing.php:43
/var/www/html/vendor/laravel/framework/src/Illuminate/Collections/helpers.php:236
/var/www/html/vendor/orchestra/sidekick/src/functions.php:87
/var/www/html/vendor/laravel/framework/src/Illuminate/Collections/helpers.php:236
/var/www/html/vendor/orchestra/testbench-core/src/Concerns/Testing.php:57
/var/www/html/vendor/orchestra/testbench-core/src/TestCase.php:50
/var/www/html/tests/TestCase.php:61</error>
        </testcase>
        <testcase name="test_it_generates_name_from_class_when_not_set" file="/var/www/html/tests/Unit/Abstracts/McpPromptTest.php" line="65" class="JTD\LaravelMCP\Tests\Unit\Abstracts\McpPromptTest" classname="JTD.LaravelMCP.Tests.Unit.Abstracts.McpPromptTest" assertions="0" time="0.000000">
          <error type="Exception">JTD\LaravelMCP\Tests\Unit\Abstracts\McpPromptTest::test_it_generates_name_from_class_when_not_set
Exception: The /var/www/html/vendor/orchestra/testbench-core/laravel/bootstrap/cache directory must be present and writable.

/var/www/html/vendor/laravel/framework/src/Illuminate/Foundation/PackageManifest.php:179
/var/www/html/vendor/orchestra/testbench-core/src/Foundation/PackageManifest.php:157
/var/www/html/vendor/laravel/framework/src/Illuminate/Foundation/PackageManifest.php:132
/var/www/html/vendor/laravel/framework/src/Illuminate/Foundation/PackageManifest.php:108
/var/www/html/vendor/orchestra/testbench-core/src/Foundation/PackageManifest.php:102
/var/www/html/vendor/laravel/framework/src/Illuminate/Foundation/PackageManifest.php:91
/var/www/html/vendor/laravel/framework/src/Illuminate/Foundation/PackageManifest.php:80
/var/www/html/vendor/laravel/framework/src/Illuminate/Foundation/Bootstrap/RegisterFacades.php:26
/var/www/html/vendor/orchestra/testbench-core/src/Concerns/CreatesApplication.php:556
/var/www/html/vendor/orchestra/testbench-core/src/Concerns/CreatesApplication.php:311
/var/www/html/vendor/orchestra/testbench-core/src/TestCase.php:121
/var/www/html/vendor/orchestra/testbench-core/src/Concerns/ApplicationTestingHooks.php:74
/var/www/html/vendor/orchestra/testbench-core/src/Concerns/Testing.php:43
/var/www/html/vendor/laravel/framework/src/Illuminate/Collections/helpers.php:236
/var/www/html/vendor/orchestra/sidekick/src/functions.php:87
/var/www/html/vendor/laravel/framework/src/Illuminate/Collections/helpers.php:236
/var/www/html/vendor/orchestra/testbench-core/src/Concerns/Testing.php:57
/var/www/html/vendor/orchestra/testbench-core/src/TestCase.php:50
/var/www/html/tests/TestCase.php:61</error>
        </testcase>
        <testcase name="test_it_returns_configured_description" file="/var/www/html/tests/Unit/Abstracts/McpPromptTest.php" line="80" class="JTD\LaravelMCP\Tests\Unit\Abstracts\McpPromptTest" classname="JTD.LaravelMCP.Tests.Unit.Abstracts.McpPromptTest" assertions="0" time="0.000000">
          <error type="Exception">JTD\LaravelMCP\Tests\Unit\Abstracts\McpPromptTest::test_it_returns_configured_description
Exception: The /var/www/html/vendor/orchestra/testbench-core/laravel/bootstrap/cache directory must be present and writable.

/var/www/html/vendor/laravel/framework/src/Illuminate/Foundation/PackageManifest.php:179
/var/www/html/vendor/orchestra/testbench-core/src/Foundation/PackageManifest.php:157
/var/www/html/vendor/laravel/framework/src/Illuminate/Foundation/PackageManifest.php:132
/var/www/html/vendor/laravel/framework/src/Illuminate/Foundation/PackageManifest.php:108
/var/www/html/vendor/orchestra/testbench-core/src/Foundation/PackageManifest.php:102
/var/www/html/vendor/laravel/framework/src/Illuminate/Foundation/PackageManifest.php:91
/var/www/html/vendor/laravel/framework/src/Illuminate/Foundation/PackageManifest.php:80
/var/www/html/vendor/laravel/framework/src/Illuminate/Foundation/Bootstrap/RegisterFacades.php:26
/var/www/html/vendor/orchestra/testbench-core/src/Concerns/CreatesApplication.php:556
/var/www/html/vendor/orchestra/testbench-core/src/Concerns/CreatesApplication.php:311
/var/www/html/vendor/orchestra/testbench-core/src/TestCase.php:121
/var/www/html/vendor/orchestra/testbench-core/src/Concerns/ApplicationTestingHooks.php:74
/var/www/html/vendor/orchestra/testbench-core/src/Concerns/Testing.php:43
/var/www/html/vendor/laravel/framework/src/Illuminate/Collections/helpers.php:236
/var/www/html/vendor/orchestra/sidekick/src/functions.php:87
/var/www/html/vendor/laravel/framework/src/Illuminate/Collections/helpers.php:236
/var/www/html/vendor/orchestra/testbench-core/src/Concerns/Testing.php:57
/var/www/html/vendor/orchestra/testbench-core/src/TestCase.php:50
/var/www/html/tests/TestCase.php:61</error>
        </testcase>
        <testcase name="test_it_returns_default_description_when_not_set" file="/var/www/html/tests/Unit/Abstracts/McpPromptTest.php" line="87" class="JTD\LaravelMCP\Tests\Unit\Abstracts\McpPromptTest" classname="JTD.LaravelMCP.Tests.Unit.Abstracts.McpPromptTest" assertions="0" time="0.000000">
          <error type="Exception">JTD\LaravelMCP\Tests\Unit\Abstracts\McpPromptTest::test_it_returns_default_description_when_not_set
Exception: The /var/www/html/vendor/orchestra/testbench-core/laravel/bootstrap/cache directory must be present and writable.

/var/www/html/vendor/laravel/framework/src/Illuminate/Foundation/PackageManifest.php:179
/var/www/html/vendor/orchestra/testbench-core/src/Foundation/PackageManifest.php:157
/var/www/html/vendor/laravel/framework/src/Illuminate/Foundation/PackageManifest.php:132
/var/www/html/vendor/laravel/framework/src/Illuminate/Foundation/PackageManifest.php:108
/var/www/html/vendor/orchestra/testbench-core/src/Foundation/PackageManifest.php:102
/var/www/html/vendor/laravel/framework/src/Illuminate/Foundation/PackageManifest.php:91
/var/www/html/vendor/laravel/framework/src/Illuminate/Foundation/PackageManifest.php:80
/var/www/html/vendor/laravel/framework/src/Illuminate/Foundation/Bootstrap/RegisterFacades.php:26
/var/www/html/vendor/orchestra/testbench-core/src/Concerns/CreatesApplication.php:556
/var/www/html/vendor/orchestra/testbench-core/src/Concerns/CreatesApplication.php:311
/var/www/html/vendor/orchestra/testbench-core/src/TestCase.php:121
/var/www/html/vendor/orchestra/testbench-core/src/Concerns/ApplicationTestingHooks.php:74
/var/www/html/vendor/orchestra/testbench-core/src/Concerns/Testing.php:43
/var/www/html/vendor/laravel/framework/src/Illuminate/Collections/helpers.php:236
/var/www/html/vendor/orchestra/sidekick/src/functions.php:87
/var/www/html/vendor/laravel/framework/src/Illuminate/Collections/helpers.php:236
/var/www/html/vendor/orchestra/testbench-core/src/Concerns/Testing.php:57
/var/www/html/vendor/orchestra/testbench-core/src/TestCase.php:50
/var/www/html/tests/TestCase.php:61</error>
        </testcase>
        <testcase name="test_it_returns_configured_arguments" file="/var/www/html/tests/Unit/Abstracts/McpPromptTest.php" line="100" class="JTD\LaravelMCP\Tests\Unit\Abstracts\McpPromptTest" classname="JTD.LaravelMCP.Tests.Unit.Abstracts.McpPromptTest" assertions="0" time="0.000000">
          <error type="Exception">JTD\LaravelMCP\Tests\Unit\Abstracts\McpPromptTest::test_it_returns_configured_arguments
Exception: The /var/www/html/vendor/orchestra/testbench-core/laravel/bootstrap/cache directory must be present and writable.

/var/www/html/vendor/laravel/framework/src/Illuminate/Foundation/PackageManifest.php:179
/var/www/html/vendor/orchestra/testbench-core/src/Foundation/PackageManifest.php:157
/var/www/html/vendor/laravel/framework/src/Illuminate/Foundation/PackageManifest.php:132
/var/www/html/vendor/laravel/framework/src/Illuminate/Foundation/PackageManifest.php:108
/var/www/html/vendor/orchestra/testbench-core/src/Foundation/PackageManifest.php:102
/var/www/html/vendor/laravel/framework/src/Illuminate/Foundation/PackageManifest.php:91
/var/www/html/vendor/laravel/framework/src/Illuminate/Foundation/PackageManifest.php:80
/var/www/html/vendor/laravel/framework/src/Illuminate/Foundation/Bootstrap/RegisterFacades.php:26
/var/www/html/vendor/orchestra/testbench-core/src/Concerns/CreatesApplication.php:556
/var/www/html/vendor/orchestra/testbench-core/src/Concerns/CreatesApplication.php:311
/var/www/html/vendor/orchestra/testbench-core/src/TestCase.php:121
/var/www/html/vendor/orchestra/testbench-core/src/Concerns/ApplicationTestingHooks.php:74
/var/www/html/vendor/orchestra/testbench-core/src/Concerns/Testing.php:43
/var/www/html/vendor/laravel/framework/src/Illuminate/Collections/helpers.php:236
/var/www/html/vendor/orchestra/sidekick/src/functions.php:87
/var/www/html/vendor/laravel/framework/src/Illuminate/Collections/helpers.php:236
/var/www/html/vendor/orchestra/testbench-core/src/Concerns/Testing.php:57
/var/www/html/vendor/orchestra/testbench-core/src/TestCase.php:50
/var/www/html/tests/TestCase.php:61</error>
        </testcase>
        <testcase name="test_it_generates_prompt_messages" file="/var/www/html/tests/Unit/Abstracts/McpPromptTest.php" line="110" class="JTD\LaravelMCP\Tests\Unit\Abstracts\McpPromptTest" classname="JTD.LaravelMCP.Tests.Unit.Abstracts.McpPromptTest" assertions="0" time="0.000000">
          <error type="Exception">JTD\LaravelMCP\Tests\Unit\Abstracts\McpPromptTest::test_it_generates_prompt_messages
Exception: The /var/www/html/vendor/orchestra/testbench-core/laravel/bootstrap/cache directory must be present and writable.

/var/www/html/vendor/laravel/framework/src/Illuminate/Foundation/PackageManifest.php:179
/var/www/html/vendor/orchestra/testbench-core/src/Foundation/PackageManifest.php:157
/var/www/html/vendor/laravel/framework/src/Illuminate/Foundation/PackageManifest.php:132
/var/www/html/vendor/laravel/framework/src/Illuminate/Foundation/PackageManifest.php:108
/var/www/html/vendor/orchestra/testbench-core/src/Foundation/PackageManifest.php:102
/var/www/html/vendor/laravel/framework/src/Illuminate/Foundation/PackageManifest.php:91
/var/www/html/vendor/laravel/framework/src/Illuminate/Foundation/PackageManifest.php:80
/var/www/html/vendor/laravel/framework/src/Illuminate/Foundation/Bootstrap/RegisterFacades.php:26
/var/www/html/vendor/orchestra/testbench-core/src/Concerns/CreatesApplication.php:556
/var/www/html/vendor/orchestra/testbench-core/src/Concerns/CreatesApplication.php:311
/var/www/html/vendor/orchestra/testbench-core/src/TestCase.php:121
/var/www/html/vendor/orchestra/testbench-core/src/Concerns/ApplicationTestingHooks.php:74
/var/www/html/vendor/orchestra/testbench-core/src/Concerns/Testing.php:43
/var/www/html/vendor/laravel/framework/src/Illuminate/Collections/helpers.php:236
/var/www/html/vendor/orchestra/sidekick/src/functions.php:87
/var/www/html/vendor/laravel/framework/src/Illuminate/Collections/helpers.php:236
/var/www/html/vendor/orchestra/testbench-core/src/Concerns/Testing.php:57
/var/www/html/vendor/orchestra/testbench-core/src/TestCase.php:50
/var/www/html/tests/TestCase.php:61</error>
        </testcase>
        <testcase name="test_it_handles_authorization" file="/var/www/html/tests/Unit/Abstracts/McpPromptTest.php" line="130" class="JTD\LaravelMCP\Tests\Unit\Abstracts\McpPromptTest" classname="JTD.LaravelMCP.Tests.Unit.Abstracts.McpPromptTest" assertions="0" time="0.000000">
          <error type="Exception">JTD\LaravelMCP\Tests\Unit\Abstracts\McpPromptTest::test_it_handles_authorization
Exception: The /var/www/html/vendor/orchestra/testbench-core/laravel/bootstrap/cache directory must be present and writable.

/var/www/html/vendor/laravel/framework/src/Illuminate/Foundation/PackageManifest.php:179
/var/www/html/vendor/orchestra/testbench-core/src/Foundation/PackageManifest.php:157
/var/www/html/vendor/laravel/framework/src/Illuminate/Foundation/PackageManifest.php:132
/var/www/html/vendor/laravel/framework/src/Illuminate/Foundation/PackageManifest.php:108
/var/www/html/vendor/orchestra/testbench-core/src/Foundation/PackageManifest.php:102
/var/www/html/vendor/laravel/framework/src/Illuminate/Foundation/PackageManifest.php:91
/var/www/html/vendor/laravel/framework/src/Illuminate/Foundation/PackageManifest.php:80
/var/www/html/vendor/laravel/framework/src/Illuminate/Foundation/Bootstrap/RegisterFacades.php:26
/var/www/html/vendor/orchestra/testbench-core/src/Concerns/CreatesApplication.php:556
/var/www/html/vendor/orchestra/testbench-core/src/Concerns/CreatesApplication.php:311
/var/www/html/vendor/orchestra/testbench-core/src/TestCase.php:121
/var/www/html/vendor/orchestra/testbench-core/src/Concerns/ApplicationTestingHooks.php:74
/var/www/html/vendor/orchestra/testbench-core/src/Concerns/Testing.php:43
/var/www/html/vendor/laravel/framework/src/Illuminate/Collections/helpers.php:236
/var/www/html/vendor/orchestra/sidekick/src/functions.php:87
/var/www/html/vendor/laravel/framework/src/Illuminate/Collections/helpers.php:236
/var/www/html/vendor/orchestra/testbench-core/src/Concerns/Testing.php:57
/var/www/html/vendor/orchestra/testbench-core/src/TestCase.php:50
/var/www/html/tests/TestCase.php:61</error>
        </testcase>
        <testcase name="test_it_validates_arguments" file="/var/www/html/tests/Unit/Abstracts/McpPromptTest.php" line="151" class="JTD\LaravelMCP\Tests\Unit\Abstracts\McpPromptTest" classname="JTD.LaravelMCP.Tests.Unit.Abstracts.McpPromptTest" assertions="0" time="0.000000">
          <error type="Exception">JTD\LaravelMCP\Tests\Unit\Abstracts\McpPromptTest::test_it_validates_arguments
Exception: The /var/www/html/vendor/orchestra/testbench-core/laravel/bootstrap/cache directory must be present and writable.

/var/www/html/vendor/laravel/framework/src/Illuminate/Foundation/PackageManifest.php:179
/var/www/html/vendor/orchestra/testbench-core/src/Foundation/PackageManifest.php:157
/var/www/html/vendor/laravel/framework/src/Illuminate/Foundation/PackageManifest.php:132
/var/www/html/vendor/laravel/framework/src/Illuminate/Foundation/PackageManifest.php:108
/var/www/html/vendor/orchestra/testbench-core/src/Foundation/PackageManifest.php:102
/var/www/html/vendor/laravel/framework/src/Illuminate/Foundation/PackageManifest.php:91
/var/www/html/vendor/laravel/framework/src/Illuminate/Foundation/PackageManifest.php:80
/var/www/html/vendor/laravel/framework/src/Illuminate/Foundation/Bootstrap/RegisterFacades.php:26
/var/www/html/vendor/orchestra/testbench-core/src/Concerns/CreatesApplication.php:556
/var/www/html/vendor/orchestra/testbench-core/src/Concerns/CreatesApplication.php:311
/var/www/html/vendor/orchestra/testbench-core/src/TestCase.php:121
/var/www/html/vendor/orchestra/testbench-core/src/Concerns/ApplicationTestingHooks.php:74
/var/www/html/vendor/orchestra/testbench-core/src/Concerns/Testing.php:43
/var/www/html/vendor/laravel/framework/src/Illuminate/Collections/helpers.php:236
/var/www/html/vendor/orchestra/sidekick/src/functions.php:87
/var/www/html/vendor/laravel/framework/src/Illuminate/Collections/helpers.php:236
/var/www/html/vendor/orchestra/testbench-core/src/Concerns/Testing.php:57
/var/www/html/vendor/orchestra/testbench-core/src/TestCase.php:50
/var/www/html/tests/TestCase.php:61</error>
        </testcase>
        <testcase name="test_it_uses_template_when_provided" file="/var/www/html/tests/Unit/Abstracts/McpPromptTest.php" line="159" class="JTD\LaravelMCP\Tests\Unit\Abstracts\McpPromptTest" classname="JTD.LaravelMCP.Tests.Unit.Abstracts.McpPromptTest" assertions="0" time="0.000000">
          <error type="Exception">JTD\LaravelMCP\Tests\Unit\Abstracts\McpPromptTest::test_it_uses_template_when_provided
Exception: The /var/www/html/vendor/orchestra/testbench-core/laravel/bootstrap/cache directory must be present and writable.

/var/www/html/vendor/laravel/framework/src/Illuminate/Foundation/PackageManifest.php:179
/var/www/html/vendor/orchestra/testbench-core/src/Foundation/PackageManifest.php:157
/var/www/html/vendor/laravel/framework/src/Illuminate/Foundation/PackageManifest.php:132
/var/www/html/vendor/laravel/framework/src/Illuminate/Foundation/PackageManifest.php:108
/var/www/html/vendor/orchestra/testbench-core/src/Foundation/PackageManifest.php:102
/var/www/html/vendor/laravel/framework/src/Illuminate/Foundation/PackageManifest.php:91
/var/www/html/vendor/laravel/framework/src/Illuminate/Foundation/PackageManifest.php:80
/var/www/html/vendor/laravel/framework/src/Illuminate/Foundation/Bootstrap/RegisterFacades.php:26
/var/www/html/vendor/orchestra/testbench-core/src/Concerns/CreatesApplication.php:556
/var/www/html/vendor/orchestra/testbench-core/src/Concerns/CreatesApplication.php:311
/var/www/html/vendor/orchestra/testbench-core/src/TestCase.php:121
/var/www/html/vendor/orchestra/testbench-core/src/Concerns/ApplicationTestingHooks.php:74
/var/www/html/vendor/orchestra/testbench-core/src/Concerns/Testing.php:43
/var/www/html/vendor/laravel/framework/src/Illuminate/Collections/helpers.php:236
/var/www/html/vendor/orchestra/sidekick/src/functions.php:87
/var/www/html/vendor/laravel/framework/src/Illuminate/Collections/helpers.php:236
/var/www/html/vendor/orchestra/testbench-core/src/Concerns/Testing.php:57
/var/www/html/vendor/orchestra/testbench-core/src/TestCase.php:50
/var/www/html/tests/TestCase.php:61</error>
        </testcase>
        <testcase name="test_it_converts_to_array" file="/var/www/html/tests/Unit/Abstracts/McpPromptTest.php" line="178" class="JTD\LaravelMCP\Tests\Unit\Abstracts\McpPromptTest" classname="JTD.LaravelMCP.Tests.Unit.Abstracts.McpPromptTest" assertions="0" time="0.000000">
          <error type="Exception">JTD\LaravelMCP\Tests\Unit\Abstracts\McpPromptTest::test_it_converts_to_array
Exception: The /var/www/html/vendor/orchestra/testbench-core/laravel/bootstrap/cache directory must be present and writable.

/var/www/html/vendor/laravel/framework/src/Illuminate/Foundation/PackageManifest.php:179
/var/www/html/vendor/orchestra/testbench-core/src/Foundation/PackageManifest.php:157
/var/www/html/vendor/laravel/framework/src/Illuminate/Foundation/PackageManifest.php:132
/var/www/html/vendor/laravel/framework/src/Illuminate/Foundation/PackageManifest.php:108
/var/www/html/vendor/orchestra/testbench-core/src/Foundation/PackageManifest.php:102
/var/www/html/vendor/laravel/framework/src/Illuminate/Foundation/PackageManifest.php:91
/var/www/html/vendor/laravel/framework/src/Illuminate/Foundation/PackageManifest.php:80
/var/www/html/vendor/laravel/framework/src/Illuminate/Foundation/Bootstrap/RegisterFacades.php:26
/var/www/html/vendor/orchestra/testbench-core/src/Concerns/CreatesApplication.php:556
/var/www/html/vendor/orchestra/testbench-core/src/Concerns/CreatesApplication.php:311
/var/www/html/vendor/orchestra/testbench-core/src/TestCase.php:121
/var/www/html/vendor/orchestra/testbench-core/src/Concerns/ApplicationTestingHooks.php:74
/var/www/html/vendor/orchestra/testbench-core/src/Concerns/Testing.php:43
/var/www/html/vendor/laravel/framework/src/Illuminate/Collections/helpers.php:236
/var/www/html/vendor/orchestra/sidekick/src/functions.php:87
/var/www/html/vendor/laravel/framework/src/Illuminate/Collections/helpers.php:236
/var/www/html/vendor/orchestra/testbench-core/src/Concerns/Testing.php:57
/var/www/html/vendor/orchestra/testbench-core/src/TestCase.php:50
/var/www/html/tests/TestCase.php:61</error>
        </testcase>
        <testcase name="test_it_creates_message_structure" file="/var/www/html/tests/Unit/Abstracts/McpPromptTest.php" line="193" class="JTD\LaravelMCP\Tests\Unit\Abstracts\McpPromptTest" classname="JTD.LaravelMCP.Tests.Unit.Abstracts.McpPromptTest" assertions="0" time="0.000000">
          <error type="Exception">JTD\LaravelMCP\Tests\Unit\Abstracts\McpPromptTest::test_it_creates_message_structure
Exception: The /var/www/html/vendor/orchestra/testbench-core/laravel/bootstrap/cache directory must be present and writable.

/var/www/html/vendor/laravel/framework/src/Illuminate/Foundation/PackageManifest.php:179
/var/www/html/vendor/orchestra/testbench-core/src/Foundation/PackageManifest.php:157
/var/www/html/vendor/laravel/framework/src/Illuminate/Foundation/PackageManifest.php:132
/var/www/html/vendor/laravel/framework/src/Illuminate/Foundation/PackageManifest.php:108
/var/www/html/vendor/orchestra/testbench-core/src/Foundation/PackageManifest.php:102
/var/www/html/vendor/laravel/framework/src/Illuminate/Foundation/PackageManifest.php:91
/var/www/html/vendor/laravel/framework/src/Illuminate/Foundation/PackageManifest.php:80
/var/www/html/vendor/laravel/framework/src/Illuminate/Foundation/Bootstrap/RegisterFacades.php:26
/var/www/html/vendor/orchestra/testbench-core/src/Concerns/CreatesApplication.php:556
/var/www/html/vendor/orchestra/testbench-core/src/Concerns/CreatesApplication.php:311
/var/www/html/vendor/orchestra/testbench-core/src/TestCase.php:121
/var/www/html/vendor/orchestra/testbench-core/src/Concerns/ApplicationTestingHooks.php:74
/var/www/html/vendor/orchestra/testbench-core/src/Concerns/Testing.php:43
/var/www/html/vendor/laravel/framework/src/Illuminate/Collections/helpers.php:236
/var/www/html/vendor/orchestra/sidekick/src/functions.php:87
/var/www/html/vendor/laravel/framework/src/Illuminate/Collections/helpers.php:236
/var/www/html/vendor/orchestra/testbench-core/src/Concerns/Testing.php:57
/var/www/html/vendor/orchestra/testbench-core/src/TestCase.php:50
/var/www/html/tests/TestCase.php:61</error>
        </testcase>
        <testcase name="test_it_formats_messages" file="/var/www/html/tests/Unit/Abstracts/McpPromptTest.php" line="211" class="JTD\LaravelMCP\Tests\Unit\Abstracts\McpPromptTest" classname="JTD.LaravelMCP.Tests.Unit.Abstracts.McpPromptTest" assertions="0" time="0.000000">
          <error type="Exception">JTD\LaravelMCP\Tests\Unit\Abstracts\McpPromptTest::test_it_formats_messages
Exception: The /var/www/html/vendor/orchestra/testbench-core/laravel/bootstrap/cache directory must be present and writable.

/var/www/html/vendor/laravel/framework/src/Illuminate/Foundation/PackageManifest.php:179
/var/www/html/vendor/orchestra/testbench-core/src/Foundation/PackageManifest.php:157
/var/www/html/vendor/laravel/framework/src/Illuminate/Foundation/PackageManifest.php:132
/var/www/html/vendor/laravel/framework/src/Illuminate/Foundation/PackageManifest.php:108
/var/www/html/vendor/orchestra/testbench-core/src/Foundation/PackageManifest.php:102
/var/www/html/vendor/laravel/framework/src/Illuminate/Foundation/PackageManifest.php:91
/var/www/html/vendor/laravel/framework/src/Illuminate/Foundation/PackageManifest.php:80
/var/www/html/vendor/laravel/framework/src/Illuminate/Foundation/Bootstrap/RegisterFacades.php:26
/var/www/html/vendor/orchestra/testbench-core/src/Concerns/CreatesApplication.php:556
/var/www/html/vendor/orchestra/testbench-core/src/Concerns/CreatesApplication.php:311
/var/www/html/vendor/orchestra/testbench-core/src/TestCase.php:121
/var/www/html/vendor/orchestra/testbench-core/src/Concerns/ApplicationTestingHooks.php:74
/var/www/html/vendor/orchestra/testbench-core/src/Concerns/Testing.php:43
/var/www/html/vendor/laravel/framework/src/Illuminate/Collections/helpers.php:236
/var/www/html/vendor/orchestra/sidekick/src/functions.php:87
/var/www/html/vendor/laravel/framework/src/Illuminate/Collections/helpers.php:236
/var/www/html/vendor/orchestra/testbench-core/src/Concerns/Testing.php:57
/var/www/html/vendor/orchestra/testbench-core/src/TestCase.php:50
/var/www/html/tests/TestCase.php:61</error>
        </testcase>
        <testcase name="test_it_applies_template_variables" file="/var/www/html/tests/Unit/Abstracts/McpPromptTest.php" line="228" class="JTD\LaravelMCP\Tests\Unit\Abstracts\McpPromptTest" classname="JTD.LaravelMCP.Tests.Unit.Abstracts.McpPromptTest" assertions="0" time="0.000000">
          <error type="Exception">JTD\LaravelMCP\Tests\Unit\Abstracts\McpPromptTest::test_it_applies_template_variables
Exception: The /var/www/html/vendor/orchestra/testbench-core/laravel/bootstrap/cache directory must be present and writable.

/var/www/html/vendor/laravel/framework/src/Illuminate/Foundation/PackageManifest.php:179
/var/www/html/vendor/orchestra/testbench-core/src/Foundation/PackageManifest.php:157
/var/www/html/vendor/laravel/framework/src/Illuminate/Foundation/PackageManifest.php:132
/var/www/html/vendor/laravel/framework/src/Illuminate/Foundation/PackageManifest.php:108
/var/www/html/vendor/orchestra/testbench-core/src/Foundation/PackageManifest.php:102
/var/www/html/vendor/laravel/framework/src/Illuminate/Foundation/PackageManifest.php:91
/var/www/html/vendor/laravel/framework/src/Illuminate/Foundation/PackageManifest.php:80
/var/www/html/vendor/laravel/framework/src/Illuminate/Foundation/Bootstrap/RegisterFacades.php:26
/var/www/html/vendor/orchestra/testbench-core/src/Concerns/CreatesApplication.php:556
/var/www/html/vendor/orchestra/testbench-core/src/Concerns/CreatesApplication.php:311
/var/www/html/vendor/orchestra/testbench-core/src/TestCase.php:121
/var/www/html/vendor/orchestra/testbench-core/src/Concerns/ApplicationTestingHooks.php:74
/var/www/html/vendor/orchestra/testbench-core/src/Concerns/Testing.php:43
/var/www/html/vendor/laravel/framework/src/Illuminate/Collections/helpers.php:236
/var/www/html/vendor/orchestra/sidekick/src/functions.php:87
/var/www/html/vendor/laravel/framework/src/Illuminate/Collections/helpers.php:236
/var/www/html/vendor/orchestra/testbench-core/src/Concerns/Testing.php:57
/var/www/html/vendor/orchestra/testbench-core/src/TestCase.php:50
/var/www/html/tests/TestCase.php:61</error>
        </testcase>
        <testcase name="test_it_provides_container_helpers" file="/var/www/html/tests/Unit/Abstracts/McpPromptTest.php" line="245" class="JTD\LaravelMCP\Tests\Unit\Abstracts\McpPromptTest" classname="JTD.LaravelMCP.Tests.Unit.Abstracts.McpPromptTest" assertions="0" time="0.000000">
          <error type="Exception">JTD\LaravelMCP\Tests\Unit\Abstracts\McpPromptTest::test_it_provides_container_helpers
Exception: The /var/www/html/vendor/orchestra/testbench-core/laravel/bootstrap/cache directory must be present and writable.

/var/www/html/vendor/laravel/framework/src/Illuminate/Foundation/PackageManifest.php:179
/var/www/html/vendor/orchestra/testbench-core/src/Foundation/PackageManifest.php:157
/var/www/html/vendor/laravel/framework/src/Illuminate/Foundation/PackageManifest.php:132
/var/www/html/vendor/laravel/framework/src/Illuminate/Foundation/PackageManifest.php:108
/var/www/html/vendor/orchestra/testbench-core/src/Foundation/PackageManifest.php:102
/var/www/html/vendor/laravel/framework/src/Illuminate/Foundation/PackageManifest.php:91
/var/www/html/vendor/laravel/framework/src/Illuminate/Foundation/PackageManifest.php:80
/var/www/html/vendor/laravel/framework/src/Illuminate/Foundation/Bootstrap/RegisterFacades.php:26
/var/www/html/vendor/orchestra/testbench-core/src/Concerns/CreatesApplication.php:556
/var/www/html/vendor/orchestra/testbench-core/src/Concerns/CreatesApplication.php:311
/var/www/html/vendor/orchestra/testbench-core/src/TestCase.php:121
/var/www/html/vendor/orchestra/testbench-core/src/Concerns/ApplicationTestingHooks.php:74
/var/www/html/vendor/orchestra/testbench-core/src/Concerns/Testing.php:43
/var/www/html/vendor/laravel/framework/src/Illuminate/Collections/helpers.php:236
/var/www/html/vendor/orchestra/sidekick/src/functions.php:87
/var/www/html/vendor/laravel/framework/src/Illuminate/Collections/helpers.php:236
/var/www/html/vendor/orchestra/testbench-core/src/Concerns/Testing.php:57
/var/www/html/vendor/orchestra/testbench-core/src/TestCase.php:50
/var/www/html/tests/TestCase.php:61</error>
        </testcase>
        <testcase name="test_it_uses_traits" file="/var/www/html/tests/Unit/Abstracts/McpPromptTest.php" line="258" class="JTD\LaravelMCP\Tests\Unit\Abstracts\McpPromptTest" classname="JTD.LaravelMCP.Tests.Unit.Abstracts.McpPromptTest" assertions="0" time="0.000000">
          <error type="Exception">JTD\LaravelMCP\Tests\Unit\Abstracts\McpPromptTest::test_it_uses_traits
Exception: The /var/www/html/vendor/orchestra/testbench-core/laravel/bootstrap/cache directory must be present and writable.

/var/www/html/vendor/laravel/framework/src/Illuminate/Foundation/PackageManifest.php:179
/var/www/html/vendor/orchestra/testbench-core/src/Foundation/PackageManifest.php:157
/var/www/html/vendor/laravel/framework/src/Illuminate/Foundation/PackageManifest.php:132
/var/www/html/vendor/laravel/framework/src/Illuminate/Foundation/PackageManifest.php:108
/var/www/html/vendor/orchestra/testbench-core/src/Foundation/PackageManifest.php:102
/var/www/html/vendor/laravel/framework/src/Illuminate/Foundation/PackageManifest.php:91
/var/www/html/vendor/laravel/framework/src/Illuminate/Foundation/PackageManifest.php:80
/var/www/html/vendor/laravel/framework/src/Illuminate/Foundation/Bootstrap/RegisterFacades.php:26
/var/www/html/vendor/orchestra/testbench-core/src/Concerns/CreatesApplication.php:556
/var/www/html/vendor/orchestra/testbench-core/src/Concerns/CreatesApplication.php:311
/var/www/html/vendor/orchestra/testbench-core/src/TestCase.php:121
/var/www/html/vendor/orchestra/testbench-core/src/Concerns/ApplicationTestingHooks.php:74
/var/www/html/vendor/orchestra/testbench-core/src/Concerns/Testing.php:43
/var/www/html/vendor/laravel/framework/src/Illuminate/Collections/helpers.php:236
/var/www/html/vendor/orchestra/sidekick/src/functions.php:87
/var/www/html/vendor/laravel/framework/src/Illuminate/Collections/helpers.php:236
/var/www/html/vendor/orchestra/testbench-core/src/Concerns/Testing.php:57
/var/www/html/vendor/orchestra/testbench-core/src/TestCase.php:50
/var/www/html/tests/TestCase.php:61</error>
        </testcase>
        <testcase name="test_it_throws_exception_for_unimplemented_custom_content" file="/var/www/html/tests/Unit/Abstracts/McpPromptTest.php" line="266" class="JTD\LaravelMCP\Tests\Unit\Abstracts\McpPromptTest" classname="JTD.LaravelMCP.Tests.Unit.Abstracts.McpPromptTest" assertions="0" time="0.000000">
          <error type="Exception">JTD\LaravelMCP\Tests\Unit\Abstracts\McpPromptTest::test_it_throws_exception_for_unimplemented_custom_content
Exception: The /var/www/html/vendor/orchestra/testbench-core/laravel/bootstrap/cache directory must be present and writable.

/var/www/html/vendor/laravel/framework/src/Illuminate/Foundation/PackageManifest.php:179
/var/www/html/vendor/orchestra/testbench-core/src/Foundation/PackageManifest.php:157
/var/www/html/vendor/laravel/framework/src/Illuminate/Foundation/PackageManifest.php:132
/var/www/html/vendor/laravel/framework/src/Illuminate/Foundation/PackageManifest.php:108
/var/www/html/vendor/orchestra/testbench-core/src/Foundation/PackageManifest.php:102
/var/www/html/vendor/laravel/framework/src/Illuminate/Foundation/PackageManifest.php:91
/var/www/html/vendor/laravel/framework/src/Illuminate/Foundation/PackageManifest.php:80
/var/www/html/vendor/laravel/framework/src/Illuminate/Foundation/Bootstrap/RegisterFacades.php:26
/var/www/html/vendor/orchestra/testbench-core/src/Concerns/CreatesApplication.php:556
/var/www/html/vendor/orchestra/testbench-core/src/Concerns/CreatesApplication.php:311
/var/www/html/vendor/orchestra/testbench-core/src/TestCase.php:121
/var/www/html/vendor/orchestra/testbench-core/src/Concerns/ApplicationTestingHooks.php:74
/var/www/html/vendor/orchestra/testbench-core/src/Concerns/Testing.php:43
/var/www/html/vendor/laravel/framework/src/Illuminate/Collections/helpers.php:236
/var/www/html/vendor/orchestra/sidekick/src/functions.php:87
/var/www/html/vendor/laravel/framework/src/Illuminate/Collections/helpers.php:236
/var/www/html/vendor/orchestra/testbench-core/src/Concerns/Testing.php:57
/var/www/html/vendor/orchestra/testbench-core/src/TestCase.php:50
/var/www/html/tests/TestCase.php:61</error>
        </testcase>
        <testcase name="test_it_handles_empty_arguments" file="/var/www/html/tests/Unit/Abstracts/McpPromptTest.php" line="277" class="JTD\LaravelMCP\Tests\Unit\Abstracts\McpPromptTest" classname="JTD.LaravelMCP.Tests.Unit.Abstracts.McpPromptTest" assertions="0" time="0.000000">
          <error type="Exception">JTD\LaravelMCP\Tests\Unit\Abstracts\McpPromptTest::test_it_handles_empty_arguments
Exception: The /var/www/html/vendor/orchestra/testbench-core/laravel/bootstrap/cache directory must be present and writable.

/var/www/html/vendor/laravel/framework/src/Illuminate/Foundation/PackageManifest.php:179
/var/www/html/vendor/orchestra/testbench-core/src/Foundation/PackageManifest.php:157
/var/www/html/vendor/laravel/framework/src/Illuminate/Foundation/PackageManifest.php:132
/var/www/html/vendor/laravel/framework/src/Illuminate/Foundation/PackageManifest.php:108
/var/www/html/vendor/orchestra/testbench-core/src/Foundation/PackageManifest.php:102
/var/www/html/vendor/laravel/framework/src/Illuminate/Foundation/PackageManifest.php:91
/var/www/html/vendor/laravel/framework/src/Illuminate/Foundation/PackageManifest.php:80
/var/www/html/vendor/laravel/framework/src/Illuminate/Foundation/Bootstrap/RegisterFacades.php:26
/var/www/html/vendor/orchestra/testbench-core/src/Concerns/CreatesApplication.php:556
/var/www/html/vendor/orchestra/testbench-core/src/Concerns/CreatesApplication.php:311
/var/www/html/vendor/orchestra/testbench-core/src/TestCase.php:121
/var/www/html/vendor/orchestra/testbench-core/src/Concerns/ApplicationTestingHooks.php:74
/var/www/html/vendor/orchestra/testbench-core/src/Concerns/Testing.php:43
/var/www/html/vendor/laravel/framework/src/Illuminate/Collections/helpers.php:236
/var/www/html/vendor/orchestra/sidekick/src/functions.php:87
/var/www/html/vendor/laravel/framework/src/Illuminate/Collections/helpers.php:236
/var/www/html/vendor/orchestra/testbench-core/src/Concerns/Testing.php:57
/var/www/html/vendor/orchestra/testbench-core/src/TestCase.php:50
/var/www/html/tests/TestCase.php:61</error>
        </testcase>
      </testsuite>
      <testsuite name="JTD\LaravelMCP\Tests\Unit\Abstracts\McpResourceTest" file="/var/www/html/tests/Unit/Abstracts/McpResourceTest.php" tests="21" assertions="0" errors="21" failures="0" skipped="0" time="0.000000">
        <testcase name="it_gets_resource_name" file="/var/www/html/tests/Unit/Abstracts/McpResourceTest.php" line="67" class="JTD\LaravelMCP\Tests\Unit\Abstracts\McpResourceTest" classname="JTD.LaravelMCP.Tests.Unit.Abstracts.McpResourceTest" assertions="0" time="0.000000">
          <error type="Exception">JTD\LaravelMCP\Tests\Unit\Abstracts\McpResourceTest::it_gets_resource_name
Exception: The /var/www/html/vendor/orchestra/testbench-core/laravel/bootstrap/cache directory must be present and writable.

/var/www/html/vendor/laravel/framework/src/Illuminate/Foundation/PackageManifest.php:179
/var/www/html/vendor/orchestra/testbench-core/src/Foundation/PackageManifest.php:157
/var/www/html/vendor/laravel/framework/src/Illuminate/Foundation/PackageManifest.php:132
/var/www/html/vendor/laravel/framework/src/Illuminate/Foundation/PackageManifest.php:108
/var/www/html/vendor/orchestra/testbench-core/src/Foundation/PackageManifest.php:102
/var/www/html/vendor/laravel/framework/src/Illuminate/Foundation/PackageManifest.php:91
/var/www/html/vendor/laravel/framework/src/Illuminate/Foundation/PackageManifest.php:80
/var/www/html/vendor/laravel/framework/src/Illuminate/Foundation/Bootstrap/RegisterFacades.php:26
/var/www/html/vendor/orchestra/testbench-core/src/Concerns/CreatesApplication.php:556
/var/www/html/vendor/orchestra/testbench-core/src/Concerns/CreatesApplication.php:311
/var/www/html/vendor/orchestra/testbench-core/src/TestCase.php:121
/var/www/html/vendor/orchestra/testbench-core/src/Concerns/ApplicationTestingHooks.php:74
/var/www/html/vendor/orchestra/testbench-core/src/Concerns/Testing.php:43
/var/www/html/vendor/laravel/framework/src/Illuminate/Collections/helpers.php:236
/var/www/html/vendor/orchestra/sidekick/src/functions.php:87
/var/www/html/vendor/laravel/framework/src/Illuminate/Collections/helpers.php:236
/var/www/html/vendor/orchestra/testbench-core/src/Concerns/Testing.php:57
/var/www/html/vendor/orchestra/testbench-core/src/TestCase.php:50
/var/www/html/tests/TestCase.php:61
/var/www/html/tests/Unit/Abstracts/McpResourceTest.php:34</error>
        </testcase>
        <testcase name="it_generates_name_from_class_when_not_set" file="/var/www/html/tests/Unit/Abstracts/McpResourceTest.php" line="73" class="JTD\LaravelMCP\Tests\Unit\Abstracts\McpResourceTest" classname="JTD.LaravelMCP.Tests.Unit.Abstracts.McpResourceTest" assertions="0" time="0.000000">
          <error type="Exception">JTD\LaravelMCP\Tests\Unit\Abstracts\McpResourceTest::it_generates_name_from_class_when_not_set
Exception: The /var/www/html/vendor/orchestra/testbench-core/laravel/bootstrap/cache directory must be present and writable.

/var/www/html/vendor/laravel/framework/src/Illuminate/Foundation/PackageManifest.php:179
/var/www/html/vendor/orchestra/testbench-core/src/Foundation/PackageManifest.php:157
/var/www/html/vendor/laravel/framework/src/Illuminate/Foundation/PackageManifest.php:132
/var/www/html/vendor/laravel/framework/src/Illuminate/Foundation/PackageManifest.php:108
/var/www/html/vendor/orchestra/testbench-core/src/Foundation/PackageManifest.php:102
/var/www/html/vendor/laravel/framework/src/Illuminate/Foundation/PackageManifest.php:91
/var/www/html/vendor/laravel/framework/src/Illuminate/Foundation/PackageManifest.php:80
/var/www/html/vendor/laravel/framework/src/Illuminate/Foundation/Bootstrap/RegisterFacades.php:26
/var/www/html/vendor/orchestra/testbench-core/src/Concerns/CreatesApplication.php:556
/var/www/html/vendor/orchestra/testbench-core/src/Concerns/CreatesApplication.php:311
/var/www/html/vendor/orchestra/testbench-core/src/TestCase.php:121
/var/www/html/vendor/orchestra/testbench-core/src/Concerns/ApplicationTestingHooks.php:74
/var/www/html/vendor/orchestra/testbench-core/src/Concerns/Testing.php:43
/var/www/html/vendor/laravel/framework/src/Illuminate/Collections/helpers.php:236
/var/www/html/vendor/orchestra/sidekick/src/functions.php:87
/var/www/html/vendor/laravel/framework/src/Illuminate/Collections/helpers.php:236
/var/www/html/vendor/orchestra/testbench-core/src/Concerns/Testing.php:57
/var/www/html/vendor/orchestra/testbench-core/src/TestCase.php:50
/var/www/html/tests/TestCase.php:61
/var/www/html/tests/Unit/Abstracts/McpResourceTest.php:34</error>
        </testcase>
        <testcase name="it_gets_resource_description" file="/var/www/html/tests/Unit/Abstracts/McpResourceTest.php" line="93" class="JTD\LaravelMCP\Tests\Unit\Abstracts\McpResourceTest" classname="JTD.LaravelMCP.Tests.Unit.Abstracts.McpResourceTest" assertions="0" time="0.000000">
          <error type="Exception">JTD\LaravelMCP\Tests\Unit\Abstracts\McpResourceTest::it_gets_resource_description
Exception: The /var/www/html/vendor/orchestra/testbench-core/laravel/bootstrap/cache directory must be present and writable.

/var/www/html/vendor/laravel/framework/src/Illuminate/Foundation/PackageManifest.php:179
/var/www/html/vendor/orchestra/testbench-core/src/Foundation/PackageManifest.php:157
/var/www/html/vendor/laravel/framework/src/Illuminate/Foundation/PackageManifest.php:132
/var/www/html/vendor/laravel/framework/src/Illuminate/Foundation/PackageManifest.php:108
/var/www/html/vendor/orchestra/testbench-core/src/Foundation/PackageManifest.php:102
/var/www/html/vendor/laravel/framework/src/Illuminate/Foundation/PackageManifest.php:91
/var/www/html/vendor/laravel/framework/src/Illuminate/Foundation/PackageManifest.php:80
/var/www/html/vendor/laravel/framework/src/Illuminate/Foundation/Bootstrap/RegisterFacades.php:26
/var/www/html/vendor/orchestra/testbench-core/src/Concerns/CreatesApplication.php:556
/var/www/html/vendor/orchestra/testbench-core/src/Concerns/CreatesApplication.php:311
/var/www/html/vendor/orchestra/testbench-core/src/TestCase.php:121
/var/www/html/vendor/orchestra/testbench-core/src/Concerns/ApplicationTestingHooks.php:74
/var/www/html/vendor/orchestra/testbench-core/src/Concerns/Testing.php:43
/var/www/html/vendor/laravel/framework/src/Illuminate/Collections/helpers.php:236
/var/www/html/vendor/orchestra/sidekick/src/functions.php:87
/var/www/html/vendor/laravel/framework/src/Illuminate/Collections/helpers.php:236
/var/www/html/vendor/orchestra/testbench-core/src/Concerns/Testing.php:57
/var/www/html/vendor/orchestra/testbench-core/src/TestCase.php:50
/var/www/html/tests/TestCase.php:61
/var/www/html/tests/Unit/Abstracts/McpResourceTest.php:34</error>
        </testcase>
        <testcase name="it_gets_default_description_when_not_set" file="/var/www/html/tests/Unit/Abstracts/McpResourceTest.php" line="99" class="JTD\LaravelMCP\Tests\Unit\Abstracts\McpResourceTest" classname="JTD.LaravelMCP.Tests.Unit.Abstracts.McpResourceTest" assertions="0" time="0.000000">
          <error type="Exception">JTD\LaravelMCP\Tests\Unit\Abstracts\McpResourceTest::it_gets_default_description_when_not_set
Exception: The /var/www/html/vendor/orchestra/testbench-core/laravel/bootstrap/cache directory must be present and writable.

/var/www/html/vendor/laravel/framework/src/Illuminate/Foundation/PackageManifest.php:179
/var/www/html/vendor/orchestra/testbench-core/src/Foundation/PackageManifest.php:157
/var/www/html/vendor/laravel/framework/src/Illuminate/Foundation/PackageManifest.php:132
/var/www/html/vendor/laravel/framework/src/Illuminate/Foundation/PackageManifest.php:108
/var/www/html/vendor/orchestra/testbench-core/src/Foundation/PackageManifest.php:102
/var/www/html/vendor/laravel/framework/src/Illuminate/Foundation/PackageManifest.php:91
/var/www/html/vendor/laravel/framework/src/Illuminate/Foundation/PackageManifest.php:80
/var/www/html/vendor/laravel/framework/src/Illuminate/Foundation/Bootstrap/RegisterFacades.php:26
/var/www/html/vendor/orchestra/testbench-core/src/Concerns/CreatesApplication.php:556
/var/www/html/vendor/orchestra/testbench-core/src/Concerns/CreatesApplication.php:311
/var/www/html/vendor/orchestra/testbench-core/src/TestCase.php:121
/var/www/html/vendor/orchestra/testbench-core/src/Concerns/ApplicationTestingHooks.php:74
/var/www/html/vendor/orchestra/testbench-core/src/Concerns/Testing.php:43
/var/www/html/vendor/laravel/framework/src/Illuminate/Collections/helpers.php:236
/var/www/html/vendor/orchestra/sidekick/src/functions.php:87
/var/www/html/vendor/laravel/framework/src/Illuminate/Collections/helpers.php:236
/var/www/html/vendor/orchestra/testbench-core/src/Concerns/Testing.php:57
/var/www/html/vendor/orchestra/testbench-core/src/TestCase.php:50
/var/www/html/tests/TestCase.php:61
/var/www/html/tests/Unit/Abstracts/McpResourceTest.php:34</error>
        </testcase>
        <testcase name="it_gets_uri_template" file="/var/www/html/tests/Unit/Abstracts/McpResourceTest.php" line="118" class="JTD\LaravelMCP\Tests\Unit\Abstracts\McpResourceTest" classname="JTD.LaravelMCP.Tests.Unit.Abstracts.McpResourceTest" assertions="0" time="0.000000">
          <error type="Exception">JTD\LaravelMCP\Tests\Unit\Abstracts\McpResourceTest::it_gets_uri_template
Exception: The /var/www/html/vendor/orchestra/testbench-core/laravel/bootstrap/cache directory must be present and writable.

/var/www/html/vendor/laravel/framework/src/Illuminate/Foundation/PackageManifest.php:179
/var/www/html/vendor/orchestra/testbench-core/src/Foundation/PackageManifest.php:157
/var/www/html/vendor/laravel/framework/src/Illuminate/Foundation/PackageManifest.php:132
/var/www/html/vendor/laravel/framework/src/Illuminate/Foundation/PackageManifest.php:108
/var/www/html/vendor/orchestra/testbench-core/src/Foundation/PackageManifest.php:102
/var/www/html/vendor/laravel/framework/src/Illuminate/Foundation/PackageManifest.php:91
/var/www/html/vendor/laravel/framework/src/Illuminate/Foundation/PackageManifest.php:80
/var/www/html/vendor/laravel/framework/src/Illuminate/Foundation/Bootstrap/RegisterFacades.php:26
/var/www/html/vendor/orchestra/testbench-core/src/Concerns/CreatesApplication.php:556
/var/www/html/vendor/orchestra/testbench-core/src/Concerns/CreatesApplication.php:311
/var/www/html/vendor/orchestra/testbench-core/src/TestCase.php:121
/var/www/html/vendor/orchestra/testbench-core/src/Concerns/ApplicationTestingHooks.php:74
/var/www/html/vendor/orchestra/testbench-core/src/Concerns/Testing.php:43
/var/www/html/vendor/laravel/framework/src/Illuminate/Collections/helpers.php:236
/var/www/html/vendor/orchestra/sidekick/src/functions.php:87
/var/www/html/vendor/laravel/framework/src/Illuminate/Collections/helpers.php:236
/var/www/html/vendor/orchestra/testbench-core/src/Concerns/Testing.php:57
/var/www/html/vendor/orchestra/testbench-core/src/TestCase.php:50
/var/www/html/tests/TestCase.php:61
/var/www/html/tests/Unit/Abstracts/McpResourceTest.php:34</error>
        </testcase>
        <testcase name="it_generates_uri_template_when_not_set" file="/var/www/html/tests/Unit/Abstracts/McpResourceTest.php" line="124" class="JTD\LaravelMCP\Tests\Unit\Abstracts\McpResourceTest" classname="JTD.LaravelMCP.Tests.Unit.Abstracts.McpResourceTest" assertions="0" time="0.000000">
          <error type="Exception">JTD\LaravelMCP\Tests\Unit\Abstracts\McpResourceTest::it_generates_uri_template_when_not_set
Exception: The /var/www/html/vendor/orchestra/testbench-core/laravel/bootstrap/cache directory must be present and writable.

/var/www/html/vendor/laravel/framework/src/Illuminate/Foundation/PackageManifest.php:179
/var/www/html/vendor/orchestra/testbench-core/src/Foundation/PackageManifest.php:157
/var/www/html/vendor/laravel/framework/src/Illuminate/Foundation/PackageManifest.php:132
/var/www/html/vendor/laravel/framework/src/Illuminate/Foundation/PackageManifest.php:108
/var/www/html/vendor/orchestra/testbench-core/src/Foundation/PackageManifest.php:102
/var/www/html/vendor/laravel/framework/src/Illuminate/Foundation/PackageManifest.php:91
/var/www/html/vendor/laravel/framework/src/Illuminate/Foundation/PackageManifest.php:80
/var/www/html/vendor/laravel/framework/src/Illuminate/Foundation/Bootstrap/RegisterFacades.php:26
/var/www/html/vendor/orchestra/testbench-core/src/Concerns/CreatesApplication.php:556
/var/www/html/vendor/orchestra/testbench-core/src/Concerns/CreatesApplication.php:311
/var/www/html/vendor/orchestra/testbench-core/src/TestCase.php:121
/var/www/html/vendor/orchestra/testbench-core/src/Concerns/ApplicationTestingHooks.php:74
/var/www/html/vendor/orchestra/testbench-core/src/Concerns/Testing.php:43
/var/www/html/vendor/laravel/framework/src/Illuminate/Collections/helpers.php:236
/var/www/html/vendor/orchestra/sidekick/src/functions.php:87
/var/www/html/vendor/laravel/framework/src/Illuminate/Collections/helpers.php:236
/var/www/html/vendor/orchestra/testbench-core/src/Concerns/Testing.php:57
/var/www/html/vendor/orchestra/testbench-core/src/TestCase.php:50
/var/www/html/tests/TestCase.php:61
/var/www/html/tests/Unit/Abstracts/McpResourceTest.php:34</error>
        </testcase>
        <testcase name="it_reads_resource_with_custom_implementation" file="/var/www/html/tests/Unit/Abstracts/McpResourceTest.php" line="145" class="JTD\LaravelMCP\Tests\Unit\Abstracts\McpResourceTest" classname="JTD.LaravelMCP.Tests.Unit.Abstracts.McpResourceTest" assertions="0" time="0.000000">
          <error type="Exception">JTD\LaravelMCP\Tests\Unit\Abstracts\McpResourceTest::it_reads_resource_with_custom_implementation
Exception: The /var/www/html/vendor/orchestra/testbench-core/laravel/bootstrap/cache directory must be present and writable.

/var/www/html/vendor/laravel/framework/src/Illuminate/Foundation/PackageManifest.php:179
/var/www/html/vendor/orchestra/testbench-core/src/Foundation/PackageManifest.php:157
/var/www/html/vendor/laravel/framework/src/Illuminate/Foundation/PackageManifest.php:132
/var/www/html/vendor/laravel/framework/src/Illuminate/Foundation/PackageManifest.php:108
/var/www/html/vendor/orchestra/testbench-core/src/Foundation/PackageManifest.php:102
/var/www/html/vendor/laravel/framework/src/Illuminate/Foundation/PackageManifest.php:91
/var/www/html/vendor/laravel/framework/src/Illuminate/Foundation/PackageManifest.php:80
/var/www/html/vendor/laravel/framework/src/Illuminate/Foundation/Bootstrap/RegisterFacades.php:26
/var/www/html/vendor/orchestra/testbench-core/src/Concerns/CreatesApplication.php:556
/var/www/html/vendor/orchestra/testbench-core/src/Concerns/CreatesApplication.php:311
/var/www/html/vendor/orchestra/testbench-core/src/TestCase.php:121
/var/www/html/vendor/orchestra/testbench-core/src/Concerns/ApplicationTestingHooks.php:74
/var/www/html/vendor/orchestra/testbench-core/src/Concerns/Testing.php:43
/var/www/html/vendor/laravel/framework/src/Illuminate/Collections/helpers.php:236
/var/www/html/vendor/orchestra/sidekick/src/functions.php:87
/var/www/html/vendor/laravel/framework/src/Illuminate/Collections/helpers.php:236
/var/www/html/vendor/orchestra/testbench-core/src/Concerns/Testing.php:57
/var/www/html/vendor/orchestra/testbench-core/src/TestCase.php:50
/var/www/html/tests/TestCase.php:61
/var/www/html/tests/Unit/Abstracts/McpResourceTest.php:34</error>
        </testcase>
        <testcase name="it_lists_resources_with_custom_implementation" file="/var/www/html/tests/Unit/Abstracts/McpResourceTest.php" line="153" class="JTD\LaravelMCP\Tests\Unit\Abstracts\McpResourceTest" classname="JTD.LaravelMCP.Tests.Unit.Abstracts.McpResourceTest" assertions="0" time="0.000000">
          <error type="Exception">JTD\LaravelMCP\Tests\Unit\Abstracts\McpResourceTest::it_lists_resources_with_custom_implementation
Exception: The /var/www/html/vendor/orchestra/testbench-core/laravel/bootstrap/cache directory must be present and writable.

/var/www/html/vendor/laravel/framework/src/Illuminate/Foundation/PackageManifest.php:179
/var/www/html/vendor/orchestra/testbench-core/src/Foundation/PackageManifest.php:157
/var/www/html/vendor/laravel/framework/src/Illuminate/Foundation/PackageManifest.php:132
/var/www/html/vendor/laravel/framework/src/Illuminate/Foundation/PackageManifest.php:108
/var/www/html/vendor/orchestra/testbench-core/src/Foundation/PackageManifest.php:102
/var/www/html/vendor/laravel/framework/src/Illuminate/Foundation/PackageManifest.php:91
/var/www/html/vendor/laravel/framework/src/Illuminate/Foundation/PackageManifest.php:80
/var/www/html/vendor/laravel/framework/src/Illuminate/Foundation/Bootstrap/RegisterFacades.php:26
/var/www/html/vendor/orchestra/testbench-core/src/Concerns/CreatesApplication.php:556
/var/www/html/vendor/orchestra/testbench-core/src/Concerns/CreatesApplication.php:311
/var/www/html/vendor/orchestra/testbench-core/src/TestCase.php:121
/var/www/html/vendor/orchestra/testbench-core/src/Concerns/ApplicationTestingHooks.php:74
/var/www/html/vendor/orchestra/testbench-core/src/Concerns/Testing.php:43
/var/www/html/vendor/laravel/framework/src/Illuminate/Collections/helpers.php:236
/var/www/html/vendor/orchestra/sidekick/src/functions.php:87
/var/www/html/vendor/laravel/framework/src/Illuminate/Collections/helpers.php:236
/var/www/html/vendor/orchestra/testbench-core/src/Concerns/Testing.php:57
/var/www/html/vendor/orchestra/testbench-core/src/TestCase.php:50
/var/www/html/tests/TestCase.php:61
/var/www/html/tests/Unit/Abstracts/McpResourceTest.php:34</error>
        </testcase>
        <testcase name="it_throws_exception_when_authorization_fails_for_read" file="/var/www/html/tests/Unit/Abstracts/McpResourceTest.php" line="163" class="JTD\LaravelMCP\Tests\Unit\Abstracts\McpResourceTest" classname="JTD.LaravelMCP.Tests.Unit.Abstracts.McpResourceTest" assertions="0" time="0.000000">
          <error type="Exception">JTD\LaravelMCP\Tests\Unit\Abstracts\McpResourceTest::it_throws_exception_when_authorization_fails_for_read
Exception: The /var/www/html/vendor/orchestra/testbench-core/laravel/bootstrap/cache directory must be present and writable.

/var/www/html/vendor/laravel/framework/src/Illuminate/Foundation/PackageManifest.php:179
/var/www/html/vendor/orchestra/testbench-core/src/Foundation/PackageManifest.php:157
/var/www/html/vendor/laravel/framework/src/Illuminate/Foundation/PackageManifest.php:132
/var/www/html/vendor/laravel/framework/src/Illuminate/Foundation/PackageManifest.php:108
/var/www/html/vendor/orchestra/testbench-core/src/Foundation/PackageManifest.php:102
/var/www/html/vendor/laravel/framework/src/Illuminate/Foundation/PackageManifest.php:91
/var/www/html/vendor/laravel/framework/src/Illuminate/Foundation/PackageManifest.php:80
/var/www/html/vendor/laravel/framework/src/Illuminate/Foundation/Bootstrap/RegisterFacades.php:26
/var/www/html/vendor/orchestra/testbench-core/src/Concerns/CreatesApplication.php:556
/var/www/html/vendor/orchestra/testbench-core/src/Concerns/CreatesApplication.php:311
/var/www/html/vendor/orchestra/testbench-core/src/TestCase.php:121
/var/www/html/vendor/orchestra/testbench-core/src/Concerns/ApplicationTestingHooks.php:74
/var/www/html/vendor/orchestra/testbench-core/src/Concerns/Testing.php:43
/var/www/html/vendor/laravel/framework/src/Illuminate/Collections/helpers.php:236
/var/www/html/vendor/orchestra/sidekick/src/functions.php:87
/var/www/html/vendor/laravel/framework/src/Illuminate/Collections/helpers.php:236
/var/www/html/vendor/orchestra/testbench-core/src/Concerns/Testing.php:57
/var/www/html/vendor/orchestra/testbench-core/src/TestCase.php:50
/var/www/html/tests/TestCase.php:61
/var/www/html/tests/Unit/Abstracts/McpResourceTest.php:34</error>
        </testcase>
        <testcase name="it_throws_exception_when_authorization_fails_for_list" file="/var/www/html/tests/Unit/Abstracts/McpResourceTest.php" line="190" class="JTD\LaravelMCP\Tests\Unit\Abstracts\McpResourceTest" classname="JTD.LaravelMCP.Tests.Unit.Abstracts.McpResourceTest" assertions="0" time="0.000000">
          <error type="Exception">JTD\LaravelMCP\Tests\Unit\Abstracts\McpResourceTest::it_throws_exception_when_authorization_fails_for_list
Exception: The /var/www/html/vendor/orchestra/testbench-core/laravel/bootstrap/cache directory must be present and writable.

/var/www/html/vendor/laravel/framework/src/Illuminate/Foundation/PackageManifest.php:179
/var/www/html/vendor/orchestra/testbench-core/src/Foundation/PackageManifest.php:157
/var/www/html/vendor/laravel/framework/src/Illuminate/Foundation/PackageManifest.php:132
/var/www/html/vendor/laravel/framework/src/Illuminate/Foundation/PackageManifest.php:108
/var/www/html/vendor/orchestra/testbench-core/src/Foundation/PackageManifest.php:102
/var/www/html/vendor/laravel/framework/src/Illuminate/Foundation/PackageManifest.php:91
/var/www/html/vendor/laravel/framework/src/Illuminate/Foundation/PackageManifest.php:80
/var/www/html/vendor/laravel/framework/src/Illuminate/Foundation/Bootstrap/RegisterFacades.php:26
/var/www/html/vendor/orchestra/testbench-core/src/Concerns/CreatesApplication.php:556
/var/www/html/vendor/orchestra/testbench-core/src/Concerns/CreatesApplication.php:311
/var/www/html/vendor/orchestra/testbench-core/src/TestCase.php:121
/var/www/html/vendor/orchestra/testbench-core/src/Concerns/ApplicationTestingHooks.php:74
/var/www/html/vendor/orchestra/testbench-core/src/Concerns/Testing.php:43
/var/www/html/vendor/laravel/framework/src/Illuminate/Collections/helpers.php:236
/var/www/html/vendor/orchestra/sidekick/src/functions.php:87
/var/www/html/vendor/laravel/framework/src/Illuminate/Collections/helpers.php:236
/var/www/html/vendor/orchestra/testbench-core/src/Concerns/Testing.php:57
/var/www/html/vendor/orchestra/testbench-core/src/TestCase.php:50
/var/www/html/tests/TestCase.php:61
/var/www/html/tests/Unit/Abstracts/McpResourceTest.php:34</error>
        </testcase>
        <testcase name="it_throws_exception_for_unsupported_subscription" file="/var/www/html/tests/Unit/Abstracts/McpResourceTest.php" line="217" class="JTD\LaravelMCP\Tests\Unit\Abstracts\McpResourceTest" classname="JTD.LaravelMCP.Tests.Unit.Abstracts.McpResourceTest" assertions="0" time="0.000000">
          <error type="Exception">JTD\LaravelMCP\Tests\Unit\Abstracts\McpResourceTest::it_throws_exception_for_unsupported_subscription
Exception: The /var/www/html/vendor/orchestra/testbench-core/laravel/bootstrap/cache directory must be present and writable.

/var/www/html/vendor/laravel/framework/src/Illuminate/Foundation/PackageManifest.php:179
/var/www/html/vendor/orchestra/testbench-core/src/Foundation/PackageManifest.php:157
/var/www/html/vendor/laravel/framework/src/Illuminate/Foundation/PackageManifest.php:132
/var/www/html/vendor/laravel/framework/src/Illuminate/Foundation/PackageManifest.php:108
/var/www/html/vendor/orchestra/testbench-core/src/Foundation/PackageManifest.php:102
/var/www/html/vendor/laravel/framework/src/Illuminate/Foundation/PackageManifest.php:91
/var/www/html/vendor/laravel/framework/src/Illuminate/Foundation/PackageManifest.php:80
/var/www/html/vendor/laravel/framework/src/Illuminate/Foundation/Bootstrap/RegisterFacades.php:26
/var/www/html/vendor/orchestra/testbench-core/src/Concerns/CreatesApplication.php:556
/var/www/html/vendor/orchestra/testbench-core/src/Concerns/CreatesApplication.php:311
/var/www/html/vendor/orchestra/testbench-core/src/TestCase.php:121
/var/www/html/vendor/orchestra/testbench-core/src/Concerns/ApplicationTestingHooks.php:74
/var/www/html/vendor/orchestra/testbench-core/src/Concerns/Testing.php:43
/var/www/html/vendor/laravel/framework/src/Illuminate/Collections/helpers.php:236
/var/www/html/vendor/orchestra/sidekick/src/functions.php:87
/var/www/html/vendor/laravel/framework/src/Illuminate/Collections/helpers.php:236
/var/www/html/vendor/orchestra/testbench-core/src/Concerns/Testing.php:57
/var/www/html/vendor/orchestra/testbench-core/src/TestCase.php:50
/var/www/html/tests/TestCase.php:61
/var/www/html/tests/Unit/Abstracts/McpResourceTest.php:34</error>
        </testcase>
        <testcase name="it_handles_subscription_when_supported" file="/var/www/html/tests/Unit/Abstracts/McpResourceTest.php" line="226" class="JTD\LaravelMCP\Tests\Unit\Abstracts\McpResourceTest" classname="JTD.LaravelMCP.Tests.Unit.Abstracts.McpResourceTest" assertions="0" time="0.000000">
          <error type="Exception">JTD\LaravelMCP\Tests\Unit\Abstracts\McpResourceTest::it_handles_subscription_when_supported
Exception: The /var/www/html/vendor/orchestra/testbench-core/laravel/bootstrap/cache directory must be present and writable.

/var/www/html/vendor/laravel/framework/src/Illuminate/Foundation/PackageManifest.php:179
/var/www/html/vendor/orchestra/testbench-core/src/Foundation/PackageManifest.php:157
/var/www/html/vendor/laravel/framework/src/Illuminate/Foundation/PackageManifest.php:132
/var/www/html/vendor/laravel/framework/src/Illuminate/Foundation/PackageManifest.php:108
/var/www/html/vendor/orchestra/testbench-core/src/Foundation/PackageManifest.php:102
/var/www/html/vendor/laravel/framework/src/Illuminate/Foundation/PackageManifest.php:91
/var/www/html/vendor/laravel/framework/src/Illuminate/Foundation/PackageManifest.php:80
/var/www/html/vendor/laravel/framework/src/Illuminate/Foundation/Bootstrap/RegisterFacades.php:26
/var/www/html/vendor/orchestra/testbench-core/src/Concerns/CreatesApplication.php:556
/var/www/html/vendor/orchestra/testbench-core/src/Concerns/CreatesApplication.php:311
/var/www/html/vendor/orchestra/testbench-core/src/TestCase.php:121
/var/www/html/vendor/orchestra/testbench-core/src/Concerns/ApplicationTestingHooks.php:74
/var/www/html/vendor/orchestra/testbench-core/src/Concerns/Testing.php:43
/var/www/html/vendor/laravel/framework/src/Illuminate/Collections/helpers.php:236
/var/www/html/vendor/orchestra/sidekick/src/functions.php:87
/var/www/html/vendor/laravel/framework/src/Illuminate/Collections/helpers.php:236
/var/www/html/vendor/orchestra/testbench-core/src/Concerns/Testing.php:57
/var/www/html/vendor/orchestra/testbench-core/src/TestCase.php:50
/var/www/html/tests/TestCase.php:61
/var/www/html/tests/Unit/Abstracts/McpResourceTest.php:34</error>
        </testcase>
        <testcase name="it_validates_parameters_for_read" file="/var/www/html/tests/Unit/Abstracts/McpResourceTest.php" line="254" class="JTD\LaravelMCP\Tests\Unit\Abstracts\McpResourceTest" classname="JTD.LaravelMCP.Tests.Unit.Abstracts.McpResourceTest" assertions="0" time="0.000000">
          <error type="Exception">JTD\LaravelMCP\Tests\Unit\Abstracts\McpResourceTest::it_validates_parameters_for_read
Exception: The /var/www/html/vendor/orchestra/testbench-core/laravel/bootstrap/cache directory must be present and writable.

/var/www/html/vendor/laravel/framework/src/Illuminate/Foundation/PackageManifest.php:179
/var/www/html/vendor/orchestra/testbench-core/src/Foundation/PackageManifest.php:157
/var/www/html/vendor/laravel/framework/src/Illuminate/Foundation/PackageManifest.php:132
/var/www/html/vendor/laravel/framework/src/Illuminate/Foundation/PackageManifest.php:108
/var/www/html/vendor/orchestra/testbench-core/src/Foundation/PackageManifest.php:102
/var/www/html/vendor/laravel/framework/src/Illuminate/Foundation/PackageManifest.php:91
/var/www/html/vendor/laravel/framework/src/Illuminate/Foundation/PackageManifest.php:80
/var/www/html/vendor/laravel/framework/src/Illuminate/Foundation/Bootstrap/RegisterFacades.php:26
/var/www/html/vendor/orchestra/testbench-core/src/Concerns/CreatesApplication.php:556
/var/www/html/vendor/orchestra/testbench-core/src/Concerns/CreatesApplication.php:311
/var/www/html/vendor/orchestra/testbench-core/src/TestCase.php:121
/var/www/html/vendor/orchestra/testbench-core/src/Concerns/ApplicationTestingHooks.php:74
/var/www/html/vendor/orchestra/testbench-core/src/Concerns/Testing.php:43
/var/www/html/vendor/laravel/framework/src/Illuminate/Collections/helpers.php:236
/var/www/html/vendor/orchestra/sidekick/src/functions.php:87
/var/www/html/vendor/laravel/framework/src/Illuminate/Collections/helpers.php:236
/var/www/html/vendor/orchestra/testbench-core/src/Concerns/Testing.php:57
/var/www/html/vendor/orchestra/testbench-core/src/TestCase.php:50
/var/www/html/tests/TestCase.php:61
/var/www/html/tests/Unit/Abstracts/McpResourceTest.php:34</error>
        </testcase>
        <testcase name="it_validates_parameters_for_list" file="/var/www/html/tests/Unit/Abstracts/McpResourceTest.php" line="290" class="JTD\LaravelMCP\Tests\Unit\Abstracts\McpResourceTest" classname="JTD.LaravelMCP.Tests.Unit.Abstracts.McpResourceTest" assertions="0" time="0.000000">
          <error type="Exception">JTD\LaravelMCP\Tests\Unit\Abstracts\McpResourceTest::it_validates_parameters_for_list
Exception: The /var/www/html/vendor/orchestra/testbench-core/laravel/bootstrap/cache directory must be present and writable.

/var/www/html/vendor/laravel/framework/src/Illuminate/Foundation/PackageManifest.php:179
/var/www/html/vendor/orchestra/testbench-core/src/Foundation/PackageManifest.php:157
/var/www/html/vendor/laravel/framework/src/Illuminate/Foundation/PackageManifest.php:132
/var/www/html/vendor/laravel/framework/src/Illuminate/Foundation/PackageManifest.php:108
/var/www/html/vendor/orchestra/testbench-core/src/Foundation/PackageManifest.php:102
/var/www/html/vendor/laravel/framework/src/Illuminate/Foundation/PackageManifest.php:91
/var/www/html/vendor/laravel/framework/src/Illuminate/Foundation/PackageManifest.php:80
/var/www/html/vendor/laravel/framework/src/Illuminate/Foundation/Bootstrap/RegisterFacades.php:26
/var/www/html/vendor/orchestra/testbench-core/src/Concerns/CreatesApplication.php:556
/var/www/html/vendor/orchestra/testbench-core/src/Concerns/CreatesApplication.php:311
/var/www/html/vendor/orchestra/testbench-core/src/TestCase.php:121
/var/www/html/vendor/orchestra/testbench-core/src/Concerns/ApplicationTestingHooks.php:74
/var/www/html/vendor/orchestra/testbench-core/src/Concerns/Testing.php:43
/var/www/html/vendor/laravel/framework/src/Illuminate/Collections/helpers.php:236
/var/www/html/vendor/orchestra/sidekick/src/functions.php:87
/var/www/html/vendor/laravel/framework/src/Illuminate/Collections/helpers.php:236
/var/www/html/vendor/orchestra/testbench-core/src/Concerns/Testing.php:57
/var/www/html/vendor/orchestra/testbench-core/src/TestCase.php:50
/var/www/html/tests/TestCase.php:61
/var/www/html/tests/Unit/Abstracts/McpResourceTest.php:34</error>
        </testcase>
        <testcase name="it_converts_to_array_representation" file="/var/www/html/tests/Unit/Abstracts/McpResourceTest.php" line="319" class="JTD\LaravelMCP\Tests\Unit\Abstracts\McpResourceTest" classname="JTD.LaravelMCP.Tests.Unit.Abstracts.McpResourceTest" assertions="0" time="0.000000">
          <error type="Exception">JTD\LaravelMCP\Tests\Unit\Abstracts\McpResourceTest::it_converts_to_array_representation
Exception: The /var/www/html/vendor/orchestra/testbench-core/laravel/bootstrap/cache directory must be present and writable.

/var/www/html/vendor/laravel/framework/src/Illuminate/Foundation/PackageManifest.php:179
/var/www/html/vendor/orchestra/testbench-core/src/Foundation/PackageManifest.php:157
/var/www/html/vendor/laravel/framework/src/Illuminate/Foundation/PackageManifest.php:132
/var/www/html/vendor/laravel/framework/src/Illuminate/Foundation/PackageManifest.php:108
/var/www/html/vendor/orchestra/testbench-core/src/Foundation/PackageManifest.php:102
/var/www/html/vendor/laravel/framework/src/Illuminate/Foundation/PackageManifest.php:91
/var/www/html/vendor/laravel/framework/src/Illuminate/Foundation/PackageManifest.php:80
/var/www/html/vendor/laravel/framework/src/Illuminate/Foundation/Bootstrap/RegisterFacades.php:26
/var/www/html/vendor/orchestra/testbench-core/src/Concerns/CreatesApplication.php:556
/var/www/html/vendor/orchestra/testbench-core/src/Concerns/CreatesApplication.php:311
/var/www/html/vendor/orchestra/testbench-core/src/TestCase.php:121
/var/www/html/vendor/orchestra/testbench-core/src/Concerns/ApplicationTestingHooks.php:74
/var/www/html/vendor/orchestra/testbench-core/src/Concerns/Testing.php:43
/var/www/html/vendor/laravel/framework/src/Illuminate/Collections/helpers.php:236
/var/www/html/vendor/orchestra/sidekick/src/functions.php:87
/var/www/html/vendor/laravel/framework/src/Illuminate/Collections/helpers.php:236
/var/www/html/vendor/orchestra/testbench-core/src/Concerns/Testing.php:57
/var/www/html/vendor/orchestra/testbench-core/src/TestCase.php:50
/var/www/html/tests/TestCase.php:61
/var/www/html/tests/Unit/Abstracts/McpResourceTest.php:34</error>
        </testcase>
        <testcase name="it_formats_content_for_mcp_response" file="/var/www/html/tests/Unit/Abstracts/McpResourceTest.php" line="334" class="JTD\LaravelMCP\Tests\Unit\Abstracts\McpResourceTest" classname="JTD.LaravelMCP.Tests.Unit.Abstracts.McpResourceTest" assertions="0" time="0.000000">
          <error type="Exception">JTD\LaravelMCP\Tests\Unit\Abstracts\McpResourceTest::it_formats_content_for_mcp_response
Exception: The /var/www/html/vendor/orchestra/testbench-core/laravel/bootstrap/cache directory must be present and writable.

/var/www/html/vendor/laravel/framework/src/Illuminate/Foundation/PackageManifest.php:179
/var/www/html/vendor/orchestra/testbench-core/src/Foundation/PackageManifest.php:157
/var/www/html/vendor/laravel/framework/src/Illuminate/Foundation/PackageManifest.php:132
/var/www/html/vendor/laravel/framework/src/Illuminate/Foundation/PackageManifest.php:108
/var/www/html/vendor/orchestra/testbench-core/src/Foundation/PackageManifest.php:102
/var/www/html/vendor/laravel/framework/src/Illuminate/Foundation/PackageManifest.php:91
/var/www/html/vendor/laravel/framework/src/Illuminate/Foundation/PackageManifest.php:80
/var/www/html/vendor/laravel/framework/src/Illuminate/Foundation/Bootstrap/RegisterFacades.php:26
/var/www/html/vendor/orchestra/testbench-core/src/Concerns/CreatesApplication.php:556
/var/www/html/vendor/orchestra/testbench-core/src/Concerns/CreatesApplication.php:311
/var/www/html/vendor/orchestra/testbench-core/src/TestCase.php:121
/var/www/html/vendor/orchestra/testbench-core/src/Concerns/ApplicationTestingHooks.php:74
/var/www/html/vendor/orchestra/testbench-core/src/Concerns/Testing.php:43
/var/www/html/vendor/laravel/framework/src/Illuminate/Collections/helpers.php:236
/var/www/html/vendor/orchestra/sidekick/src/functions.php:87
/var/www/html/vendor/laravel/framework/src/Illuminate/Collections/helpers.php:236
/var/www/html/vendor/orchestra/testbench-core/src/Concerns/Testing.php:57
/var/www/html/vendor/orchestra/testbench-core/src/TestCase.php:50
/var/www/html/tests/TestCase.php:61
/var/www/html/tests/Unit/Abstracts/McpResourceTest.php:34</error>
        </testcase>
        <testcase name="it_handles_boot_lifecycle" file="/var/www/html/tests/Unit/Abstracts/McpResourceTest.php" line="353" class="JTD\LaravelMCP\Tests\Unit\Abstracts\McpResourceTest" classname="JTD.LaravelMCP.Tests.Unit.Abstracts.McpResourceTest" assertions="0" time="0.000000">
          <error type="Exception">JTD\LaravelMCP\Tests\Unit\Abstracts\McpResourceTest::it_handles_boot_lifecycle
Exception: The /var/www/html/vendor/orchestra/testbench-core/laravel/bootstrap/cache directory must be present and writable.

/var/www/html/vendor/laravel/framework/src/Illuminate/Foundation/PackageManifest.php:179
/var/www/html/vendor/orchestra/testbench-core/src/Foundation/PackageManifest.php:157
/var/www/html/vendor/laravel/framework/src/Illuminate/Foundation/PackageManifest.php:132
/var/www/html/vendor/laravel/framework/src/Illuminate/Foundation/PackageManifest.php:108
/var/www/html/vendor/orchestra/testbench-core/src/Foundation/PackageManifest.php:102
/var/www/html/vendor/laravel/framework/src/Illuminate/Foundation/PackageManifest.php:91
/var/www/html/vendor/laravel/framework/src/Illuminate/Foundation/PackageManifest.php:80
/var/www/html/vendor/laravel/framework/src/Illuminate/Foundation/Bootstrap/RegisterFacades.php:26
/var/www/html/vendor/orchestra/testbench-core/src/Concerns/CreatesApplication.php:556
/var/www/html/vendor/orchestra/testbench-core/src/Concerns/CreatesApplication.php:311
/var/www/html/vendor/orchestra/testbench-core/src/TestCase.php:121
/var/www/html/vendor/orchestra/testbench-core/src/Concerns/ApplicationTestingHooks.php:74
/var/www/html/vendor/orchestra/testbench-core/src/Concerns/Testing.php:43
/var/www/html/vendor/laravel/framework/src/Illuminate/Collections/helpers.php:236
/var/www/html/vendor/orchestra/sidekick/src/functions.php:87
/var/www/html/vendor/laravel/framework/src/Illuminate/Collections/helpers.php:236
/var/www/html/vendor/orchestra/testbench-core/src/Concerns/Testing.php:57
/var/www/html/vendor/orchestra/testbench-core/src/TestCase.php:50
/var/www/html/tests/TestCase.php:61
/var/www/html/tests/Unit/Abstracts/McpResourceTest.php:34</error>
        </testcase>
        <testcase name="it_does_not_require_auth_by_default" file="/var/www/html/tests/Unit/Abstracts/McpResourceTest.php" line="379" class="JTD\LaravelMCP\Tests\Unit\Abstracts\McpResourceTest" classname="JTD.LaravelMCP.Tests.Unit.Abstracts.McpResourceTest" assertions="0" time="0.000000">
          <error type="Exception">JTD\LaravelMCP\Tests\Unit\Abstracts\McpResourceTest::it_does_not_require_auth_by_default
Exception: The /var/www/html/vendor/orchestra/testbench-core/laravel/bootstrap/cache directory must be present and writable.

/var/www/html/vendor/laravel/framework/src/Illuminate/Foundation/PackageManifest.php:179
/var/www/html/vendor/orchestra/testbench-core/src/Foundation/PackageManifest.php:157
/var/www/html/vendor/laravel/framework/src/Illuminate/Foundation/PackageManifest.php:132
/var/www/html/vendor/laravel/framework/src/Illuminate/Foundation/PackageManifest.php:108
/var/www/html/vendor/orchestra/testbench-core/src/Foundation/PackageManifest.php:102
/var/www/html/vendor/laravel/framework/src/Illuminate/Foundation/PackageManifest.php:91
/var/www/html/vendor/laravel/framework/src/Illuminate/Foundation/PackageManifest.php:80
/var/www/html/vendor/laravel/framework/src/Illuminate/Foundation/Bootstrap/RegisterFacades.php:26
/var/www/html/vendor/orchestra/testbench-core/src/Concerns/CreatesApplication.php:556
/var/www/html/vendor/orchestra/testbench-core/src/Concerns/CreatesApplication.php:311
/var/www/html/vendor/orchestra/testbench-core/src/TestCase.php:121
/var/www/html/vendor/orchestra/testbench-core/src/Concerns/ApplicationTestingHooks.php:74
/var/www/html/vendor/orchestra/testbench-core/src/Concerns/Testing.php:43
/var/www/html/vendor/laravel/framework/src/Illuminate/Collections/helpers.php:236
/var/www/html/vendor/orchestra/sidekick/src/functions.php:87
/var/www/html/vendor/laravel/framework/src/Illuminate/Collections/helpers.php:236
/var/www/html/vendor/orchestra/testbench-core/src/Concerns/Testing.php:57
/var/www/html/vendor/orchestra/testbench-core/src/TestCase.php:50
/var/www/html/tests/TestCase.php:61
/var/www/html/tests/Unit/Abstracts/McpResourceTest.php:34</error>
        </testcase>
        <testcase name="it_uses_container_for_dependency_injection" file="/var/www/html/tests/Unit/Abstracts/McpResourceTest.php" line="390" class="JTD\LaravelMCP\Tests\Unit\Abstracts\McpResourceTest" classname="JTD.LaravelMCP.Tests.Unit.Abstracts.McpResourceTest" assertions="0" time="0.000000">
          <error type="Exception">JTD\LaravelMCP\Tests\Unit\Abstracts\McpResourceTest::it_uses_container_for_dependency_injection
Exception: The /var/www/html/vendor/orchestra/testbench-core/laravel/bootstrap/cache directory must be present and writable.

/var/www/html/vendor/laravel/framework/src/Illuminate/Foundation/PackageManifest.php:179
/var/www/html/vendor/orchestra/testbench-core/src/Foundation/PackageManifest.php:157
/var/www/html/vendor/laravel/framework/src/Illuminate/Foundation/PackageManifest.php:132
/var/www/html/vendor/laravel/framework/src/Illuminate/Foundation/PackageManifest.php:108
/var/www/html/vendor/orchestra/testbench-core/src/Foundation/PackageManifest.php:102
/var/www/html/vendor/laravel/framework/src/Illuminate/Foundation/PackageManifest.php:91
/var/www/html/vendor/laravel/framework/src/Illuminate/Foundation/PackageManifest.php:80
/var/www/html/vendor/laravel/framework/src/Illuminate/Foundation/Bootstrap/RegisterFacades.php:26
/var/www/html/vendor/orchestra/testbench-core/src/Concerns/CreatesApplication.php:556
/var/www/html/vendor/orchestra/testbench-core/src/Concerns/CreatesApplication.php:311
/var/www/html/vendor/orchestra/testbench-core/src/TestCase.php:121
/var/www/html/vendor/orchestra/testbench-core/src/Concerns/ApplicationTestingHooks.php:74
/var/www/html/vendor/orchestra/testbench-core/src/Concerns/Testing.php:43
/var/www/html/vendor/laravel/framework/src/Illuminate/Collections/helpers.php:236
/var/www/html/vendor/orchestra/sidekick/src/functions.php:87
/var/www/html/vendor/laravel/framework/src/Illuminate/Collections/helpers.php:236
/var/www/html/vendor/orchestra/testbench-core/src/Concerns/Testing.php:57
/var/www/html/vendor/orchestra/testbench-core/src/TestCase.php:50
/var/www/html/tests/TestCase.php:61
/var/www/html/tests/Unit/Abstracts/McpResourceTest.php:34</error>
        </testcase>
        <testcase name="it_throws_exception_when_custom_read_not_implemented" file="/var/www/html/tests/Unit/Abstracts/McpResourceTest.php" line="401" class="JTD\LaravelMCP\Tests\Unit\Abstracts\McpResourceTest" classname="JTD.LaravelMCP.Tests.Unit.Abstracts.McpResourceTest" assertions="0" time="0.000000">
          <error type="Exception">JTD\LaravelMCP\Tests\Unit\Abstracts\McpResourceTest::it_throws_exception_when_custom_read_not_implemented
Exception: The /var/www/html/vendor/orchestra/testbench-core/laravel/bootstrap/cache directory must be present and writable.

/var/www/html/vendor/laravel/framework/src/Illuminate/Foundation/PackageManifest.php:179
/var/www/html/vendor/orchestra/testbench-core/src/Foundation/PackageManifest.php:157
/var/www/html/vendor/laravel/framework/src/Illuminate/Foundation/PackageManifest.php:132
/var/www/html/vendor/laravel/framework/src/Illuminate/Foundation/PackageManifest.php:108
/var/www/html/vendor/orchestra/testbench-core/src/Foundation/PackageManifest.php:102
/var/www/html/vendor/laravel/framework/src/Illuminate/Foundation/PackageManifest.php:91
/var/www/html/vendor/laravel/framework/src/Illuminate/Foundation/PackageManifest.php:80
/var/www/html/vendor/laravel/framework/src/Illuminate/Foundation/Bootstrap/RegisterFacades.php:26
/var/www/html/vendor/orchestra/testbench-core/src/Concerns/CreatesApplication.php:556
/var/www/html/vendor/orchestra/testbench-core/src/Concerns/CreatesApplication.php:311
/var/www/html/vendor/orchestra/testbench-core/src/TestCase.php:121
/var/www/html/vendor/orchestra/testbench-core/src/Concerns/ApplicationTestingHooks.php:74
/var/www/html/vendor/orchestra/testbench-core/src/Concerns/Testing.php:43
/var/www/html/vendor/laravel/framework/src/Illuminate/Collections/helpers.php:236
/var/www/html/vendor/orchestra/sidekick/src/functions.php:87
/var/www/html/vendor/laravel/framework/src/Illuminate/Collections/helpers.php:236
/var/www/html/vendor/orchestra/testbench-core/src/Concerns/Testing.php:57
/var/www/html/vendor/orchestra/testbench-core/src/TestCase.php:50
/var/www/html/tests/TestCase.php:61
/var/www/html/tests/Unit/Abstracts/McpResourceTest.php:34</error>
        </testcase>
        <testcase name="it_throws_exception_when_custom_list_not_implemented" file="/var/www/html/tests/Unit/Abstracts/McpResourceTest.php" line="415" class="JTD\LaravelMCP\Tests\Unit\Abstracts\McpResourceTest" classname="JTD.LaravelMCP.Tests.Unit.Abstracts.McpResourceTest" assertions="0" time="0.000000">
          <error type="Exception">JTD\LaravelMCP\Tests\Unit\Abstracts\McpResourceTest::it_throws_exception_when_custom_list_not_implemented
Exception: The /var/www/html/vendor/orchestra/testbench-core/laravel/bootstrap/cache directory must be present and writable.

/var/www/html/vendor/laravel/framework/src/Illuminate/Foundation/PackageManifest.php:179
/var/www/html/vendor/orchestra/testbench-core/src/Foundation/PackageManifest.php:157
/var/www/html/vendor/laravel/framework/src/Illuminate/Foundation/PackageManifest.php:132
/var/www/html/vendor/laravel/framework/src/Illuminate/Foundation/PackageManifest.php:108
/var/www/html/vendor/orchestra/testbench-core/src/Foundation/PackageManifest.php:102
/var/www/html/vendor/laravel/framework/src/Illuminate/Foundation/PackageManifest.php:91
/var/www/html/vendor/laravel/framework/src/Illuminate/Foundation/PackageManifest.php:80
/var/www/html/vendor/laravel/framework/src/Illuminate/Foundation/Bootstrap/RegisterFacades.php:26
/var/www/html/vendor/orchestra/testbench-core/src/Concerns/CreatesApplication.php:556
/var/www/html/vendor/orchestra/testbench-core/src/Concerns/CreatesApplication.php:311
/var/www/html/vendor/orchestra/testbench-core/src/TestCase.php:121
/var/www/html/vendor/orchestra/testbench-core/src/Concerns/ApplicationTestingHooks.php:74
/var/www/html/vendor/orchestra/testbench-core/src/Concerns/Testing.php:43
/var/www/html/vendor/laravel/framework/src/Illuminate/Collections/helpers.php:236
/var/www/html/vendor/orchestra/sidekick/src/functions.php:87
/var/www/html/vendor/laravel/framework/src/Illuminate/Collections/helpers.php:236
/var/www/html/vendor/orchestra/testbench-core/src/Concerns/Testing.php:57
/var/www/html/vendor/orchestra/testbench-core/src/TestCase.php:50
/var/www/html/tests/TestCase.php:61
/var/www/html/tests/Unit/Abstracts/McpResourceTest.php:34</error>
        </testcase>
      </testsuite>
      <testsuite name="JTD\LaravelMCP\Tests\Unit\Abstracts\McpToolTest" file="/var/www/html/tests/Unit/Abstracts/McpToolTest.php" tests="16" assertions="0" errors="16" failures="0" skipped="0" time="0.000000">
        <testcase name="it_gets_tool_name" file="/var/www/html/tests/Unit/Abstracts/McpToolTest.php" line="71" class="JTD\LaravelMCP\Tests\Unit\Abstracts\McpToolTest" classname="JTD.LaravelMCP.Tests.Unit.Abstracts.McpToolTest" assertions="0" time="0.000000">
          <error type="Exception">JTD\LaravelMCP\Tests\Unit\Abstracts\McpToolTest::it_gets_tool_name
Exception: The /var/www/html/vendor/orchestra/testbench-core/laravel/bootstrap/cache directory must be present and writable.

/var/www/html/vendor/laravel/framework/src/Illuminate/Foundation/PackageManifest.php:179
/var/www/html/vendor/orchestra/testbench-core/src/Foundation/PackageManifest.php:157
/var/www/html/vendor/laravel/framework/src/Illuminate/Foundation/PackageManifest.php:132
/var/www/html/vendor/laravel/framework/src/Illuminate/Foundation/PackageManifest.php:108
/var/www/html/vendor/orchestra/testbench-core/src/Foundation/PackageManifest.php:102
/var/www/html/vendor/laravel/framework/src/Illuminate/Foundation/PackageManifest.php:91
/var/www/html/vendor/laravel/framework/src/Illuminate/Foundation/PackageManifest.php:80
/var/www/html/vendor/laravel/framework/src/Illuminate/Foundation/Bootstrap/RegisterFacades.php:26
/var/www/html/vendor/orchestra/testbench-core/src/Concerns/CreatesApplication.php:556
/var/www/html/vendor/orchestra/testbench-core/src/Concerns/CreatesApplication.php:311
/var/www/html/vendor/orchestra/testbench-core/src/TestCase.php:121
/var/www/html/vendor/orchestra/testbench-core/src/Concerns/ApplicationTestingHooks.php:74
/var/www/html/vendor/orchestra/testbench-core/src/Concerns/Testing.php:43
/var/www/html/vendor/laravel/framework/src/Illuminate/Collections/helpers.php:236
/var/www/html/vendor/orchestra/sidekick/src/functions.php:87
/var/www/html/vendor/laravel/framework/src/Illuminate/Collections/helpers.php:236
/var/www/html/vendor/orchestra/testbench-core/src/Concerns/Testing.php:57
/var/www/html/vendor/orchestra/testbench-core/src/TestCase.php:50
/var/www/html/tests/TestCase.php:61
/var/www/html/tests/Unit/Abstracts/McpToolTest.php:35</error>
        </testcase>
        <testcase name="it_generates_name_from_class_when_not_set" file="/var/www/html/tests/Unit/Abstracts/McpToolTest.php" line="77" class="JTD\LaravelMCP\Tests\Unit\Abstracts\McpToolTest" classname="JTD.LaravelMCP.Tests.Unit.Abstracts.McpToolTest" assertions="0" time="0.000000">
          <error type="Exception">JTD\LaravelMCP\Tests\Unit\Abstracts\McpToolTest::it_generates_name_from_class_when_not_set
Exception: The /var/www/html/vendor/orchestra/testbench-core/laravel/bootstrap/cache directory must be present and writable.

/var/www/html/vendor/laravel/framework/src/Illuminate/Foundation/PackageManifest.php:179
/var/www/html/vendor/orchestra/testbench-core/src/Foundation/PackageManifest.php:157
/var/www/html/vendor/laravel/framework/src/Illuminate/Foundation/PackageManifest.php:132
/var/www/html/vendor/laravel/framework/src/Illuminate/Foundation/PackageManifest.php:108
/var/www/html/vendor/orchestra/testbench-core/src/Foundation/PackageManifest.php:102
/var/www/html/vendor/laravel/framework/src/Illuminate/Foundation/PackageManifest.php:91
/var/www/html/vendor/laravel/framework/src/Illuminate/Foundation/PackageManifest.php:80
/var/www/html/vendor/laravel/framework/src/Illuminate/Foundation/Bootstrap/RegisterFacades.php:26
/var/www/html/vendor/orchestra/testbench-core/src/Concerns/CreatesApplication.php:556
/var/www/html/vendor/orchestra/testbench-core/src/Concerns/CreatesApplication.php:311
/var/www/html/vendor/orchestra/testbench-core/src/TestCase.php:121
/var/www/html/vendor/orchestra/testbench-core/src/Concerns/ApplicationTestingHooks.php:74
/var/www/html/vendor/orchestra/testbench-core/src/Concerns/Testing.php:43
/var/www/html/vendor/laravel/framework/src/Illuminate/Collections/helpers.php:236
/var/www/html/vendor/orchestra/sidekick/src/functions.php:87
/var/www/html/vendor/laravel/framework/src/Illuminate/Collections/helpers.php:236
/var/www/html/vendor/orchestra/testbench-core/src/Concerns/Testing.php:57
/var/www/html/vendor/orchestra/testbench-core/src/TestCase.php:50
/var/www/html/tests/TestCase.php:61
/var/www/html/tests/Unit/Abstracts/McpToolTest.php:35</error>
        </testcase>
        <testcase name="it_gets_tool_description" file="/var/www/html/tests/Unit/Abstracts/McpToolTest.php" line="92" class="JTD\LaravelMCP\Tests\Unit\Abstracts\McpToolTest" classname="JTD.LaravelMCP.Tests.Unit.Abstracts.McpToolTest" assertions="0" time="0.000000">
          <error type="Exception">JTD\LaravelMCP\Tests\Unit\Abstracts\McpToolTest::it_gets_tool_description
Exception: The /var/www/html/vendor/orchestra/testbench-core/laravel/bootstrap/cache directory must be present and writable.

/var/www/html/vendor/laravel/framework/src/Illuminate/Foundation/PackageManifest.php:179
/var/www/html/vendor/orchestra/testbench-core/src/Foundation/PackageManifest.php:157
/var/www/html/vendor/laravel/framework/src/Illuminate/Foundation/PackageManifest.php:132
/var/www/html/vendor/laravel/framework/src/Illuminate/Foundation/PackageManifest.php:108
/var/www/html/vendor/orchestra/testbench-core/src/Foundation/PackageManifest.php:102
/var/www/html/vendor/laravel/framework/src/Illuminate/Foundation/PackageManifest.php:91
/var/www/html/vendor/laravel/framework/src/Illuminate/Foundation/PackageManifest.php:80
/var/www/html/vendor/laravel/framework/src/Illuminate/Foundation/Bootstrap/RegisterFacades.php:26
/var/www/html/vendor/orchestra/testbench-core/src/Concerns/CreatesApplication.php:556
/var/www/html/vendor/orchestra/testbench-core/src/Concerns/CreatesApplication.php:311
/var/www/html/vendor/orchestra/testbench-core/src/TestCase.php:121
/var/www/html/vendor/orchestra/testbench-core/src/Concerns/ApplicationTestingHooks.php:74
/var/www/html/vendor/orchestra/testbench-core/src/Concerns/Testing.php:43
/var/www/html/vendor/laravel/framework/src/Illuminate/Collections/helpers.php:236
/var/www/html/vendor/orchestra/sidekick/src/functions.php:87
/var/www/html/vendor/laravel/framework/src/Illuminate/Collections/helpers.php:236
/var/www/html/vendor/orchestra/testbench-core/src/Concerns/Testing.php:57
/var/www/html/vendor/orchestra/testbench-core/src/TestCase.php:50
/var/www/html/tests/TestCase.php:61
/var/www/html/tests/Unit/Abstracts/McpToolTest.php:35</error>
        </testcase>
        <testcase name="it_gets_default_description_when_not_set" file="/var/www/html/tests/Unit/Abstracts/McpToolTest.php" line="98" class="JTD\LaravelMCP\Tests\Unit\Abstracts\McpToolTest" classname="JTD.LaravelMCP.Tests.Unit.Abstracts.McpToolTest" assertions="0" time="0.000000">
          <error type="Exception">JTD\LaravelMCP\Tests\Unit\Abstracts\McpToolTest::it_gets_default_description_when_not_set
Exception: The /var/www/html/vendor/orchestra/testbench-core/laravel/bootstrap/cache directory must be present and writable.

/var/www/html/vendor/laravel/framework/src/Illuminate/Foundation/PackageManifest.php:179
/var/www/html/vendor/orchestra/testbench-core/src/Foundation/PackageManifest.php:157
/var/www/html/vendor/laravel/framework/src/Illuminate/Foundation/PackageManifest.php:132
/var/www/html/vendor/laravel/framework/src/Illuminate/Foundation/PackageManifest.php:108
/var/www/html/vendor/orchestra/testbench-core/src/Foundation/PackageManifest.php:102
/var/www/html/vendor/laravel/framework/src/Illuminate/Foundation/PackageManifest.php:91
/var/www/html/vendor/laravel/framework/src/Illuminate/Foundation/PackageManifest.php:80
/var/www/html/vendor/laravel/framework/src/Illuminate/Foundation/Bootstrap/RegisterFacades.php:26
/var/www/html/vendor/orchestra/testbench-core/src/Concerns/CreatesApplication.php:556
/var/www/html/vendor/orchestra/testbench-core/src/Concerns/CreatesApplication.php:311
/var/www/html/vendor/orchestra/testbench-core/src/TestCase.php:121
/var/www/html/vendor/orchestra/testbench-core/src/Concerns/ApplicationTestingHooks.php:74
/var/www/html/vendor/orchestra/testbench-core/src/Concerns/Testing.php:43
/var/www/html/vendor/laravel/framework/src/Illuminate/Collections/helpers.php:236
/var/www/html/vendor/orchestra/sidekick/src/functions.php:87
/var/www/html/vendor/laravel/framework/src/Illuminate/Collections/helpers.php:236
/var/www/html/vendor/orchestra/testbench-core/src/Concerns/Testing.php:57
/var/www/html/vendor/orchestra/testbench-core/src/TestCase.php:50
/var/www/html/tests/TestCase.php:61
/var/www/html/tests/Unit/Abstracts/McpToolTest.php:35</error>
        </testcase>
        <testcase name="it_gets_input_schema" file="/var/www/html/tests/Unit/Abstracts/McpToolTest.php" line="112" class="JTD\LaravelMCP\Tests\Unit\Abstracts\McpToolTest" classname="JTD.LaravelMCP.Tests.Unit.Abstracts.McpToolTest" assertions="0" time="0.000000">
          <error type="Exception">JTD\LaravelMCP\Tests\Unit\Abstracts\McpToolTest::it_gets_input_schema
Exception: The /var/www/html/vendor/orchestra/testbench-core/laravel/bootstrap/cache directory must be present and writable.

/var/www/html/vendor/laravel/framework/src/Illuminate/Foundation/PackageManifest.php:179
/var/www/html/vendor/orchestra/testbench-core/src/Foundation/PackageManifest.php:157
/var/www/html/vendor/laravel/framework/src/Illuminate/Foundation/PackageManifest.php:132
/var/www/html/vendor/laravel/framework/src/Illuminate/Foundation/PackageManifest.php:108
/var/www/html/vendor/orchestra/testbench-core/src/Foundation/PackageManifest.php:102
/var/www/html/vendor/laravel/framework/src/Illuminate/Foundation/PackageManifest.php:91
/var/www/html/vendor/laravel/framework/src/Illuminate/Foundation/PackageManifest.php:80
/var/www/html/vendor/laravel/framework/src/Illuminate/Foundation/Bootstrap/RegisterFacades.php:26
/var/www/html/vendor/orchestra/testbench-core/src/Concerns/CreatesApplication.php:556
/var/www/html/vendor/orchestra/testbench-core/src/Concerns/CreatesApplication.php:311
/var/www/html/vendor/orchestra/testbench-core/src/TestCase.php:121
/var/www/html/vendor/orchestra/testbench-core/src/Concerns/ApplicationTestingHooks.php:74
/var/www/html/vendor/orchestra/testbench-core/src/Concerns/Testing.php:43
/var/www/html/vendor/laravel/framework/src/Illuminate/Collections/helpers.php:236
/var/www/html/vendor/orchestra/sidekick/src/functions.php:87
/var/www/html/vendor/laravel/framework/src/Illuminate/Collections/helpers.php:236
/var/www/html/vendor/orchestra/testbench-core/src/Concerns/Testing.php:57
/var/www/html/vendor/orchestra/testbench-core/src/TestCase.php:50
/var/www/html/tests/TestCase.php:61
/var/www/html/tests/Unit/Abstracts/McpToolTest.php:35</error>
        </testcase>
        <testcase name="it_executes_tool_with_valid_parameters" file="/var/www/html/tests/Unit/Abstracts/McpToolTest.php" line="125" class="JTD\LaravelMCP\Tests\Unit\Abstracts\McpToolTest" classname="JTD.LaravelMCP.Tests.Unit.Abstracts.McpToolTest" assertions="0" time="0.000000">
          <error type="Exception">JTD\LaravelMCP\Tests\Unit\Abstracts\McpToolTest::it_executes_tool_with_valid_parameters
Exception: The /var/www/html/vendor/orchestra/testbench-core/laravel/bootstrap/cache directory must be present and writable.

/var/www/html/vendor/laravel/framework/src/Illuminate/Foundation/PackageManifest.php:179
/var/www/html/vendor/orchestra/testbench-core/src/Foundation/PackageManifest.php:157
/var/www/html/vendor/laravel/framework/src/Illuminate/Foundation/PackageManifest.php:132
/var/www/html/vendor/laravel/framework/src/Illuminate/Foundation/PackageManifest.php:108
/var/www/html/vendor/orchestra/testbench-core/src/Foundation/PackageManifest.php:102
/var/www/html/vendor/laravel/framework/src/Illuminate/Foundation/PackageManifest.php:91
/var/www/html/vendor/laravel/framework/src/Illuminate/Foundation/PackageManifest.php:80
/var/www/html/vendor/laravel/framework/src/Illuminate/Foundation/Bootstrap/RegisterFacades.php:26
/var/www/html/vendor/orchestra/testbench-core/src/Concerns/CreatesApplication.php:556
/var/www/html/vendor/orchestra/testbench-core/src/Concerns/CreatesApplication.php:311
/var/www/html/vendor/orchestra/testbench-core/src/TestCase.php:121
/var/www/html/vendor/orchestra/testbench-core/src/Concerns/ApplicationTestingHooks.php:74
/var/www/html/vendor/orchestra/testbench-core/src/Concerns/Testing.php:43
/var/www/html/vendor/laravel/framework/src/Illuminate/Collections/helpers.php:236
/var/www/html/vendor/orchestra/sidekick/src/functions.php:87
/var/www/html/vendor/laravel/framework/src/Illuminate/Collections/helpers.php:236
/var/www/html/vendor/orchestra/testbench-core/src/Concerns/Testing.php:57
/var/www/html/vendor/orchestra/testbench-core/src/TestCase.php:50
/var/www/html/tests/TestCase.php:61
/var/www/html/tests/Unit/Abstracts/McpToolTest.php:35</error>
        </testcase>
        <testcase name="it_throws_exception_when_authorization_fails" file="/var/www/html/tests/Unit/Abstracts/McpToolTest.php" line="134" class="JTD\LaravelMCP\Tests\Unit\Abstracts\McpToolTest" classname="JTD.LaravelMCP.Tests.Unit.Abstracts.McpToolTest" assertions="0" time="0.000000">
          <error type="Exception">JTD\LaravelMCP\Tests\Unit\Abstracts\McpToolTest::it_throws_exception_when_authorization_fails
Exception: The /var/www/html/vendor/orchestra/testbench-core/laravel/bootstrap/cache directory must be present and writable.

/var/www/html/vendor/laravel/framework/src/Illuminate/Foundation/PackageManifest.php:179
/var/www/html/vendor/orchestra/testbench-core/src/Foundation/PackageManifest.php:157
/var/www/html/vendor/laravel/framework/src/Illuminate/Foundation/PackageManifest.php:132
/var/www/html/vendor/laravel/framework/src/Illuminate/Foundation/PackageManifest.php:108
/var/www/html/vendor/orchestra/testbench-core/src/Foundation/PackageManifest.php:102
/var/www/html/vendor/laravel/framework/src/Illuminate/Foundation/PackageManifest.php:91
/var/www/html/vendor/laravel/framework/src/Illuminate/Foundation/PackageManifest.php:80
/var/www/html/vendor/laravel/framework/src/Illuminate/Foundation/Bootstrap/RegisterFacades.php:26
/var/www/html/vendor/orchestra/testbench-core/src/Concerns/CreatesApplication.php:556
/var/www/html/vendor/orchestra/testbench-core/src/Concerns/CreatesApplication.php:311
/var/www/html/vendor/orchestra/testbench-core/src/TestCase.php:121
/var/www/html/vendor/orchestra/testbench-core/src/Concerns/ApplicationTestingHooks.php:74
/var/www/html/vendor/orchestra/testbench-core/src/Concerns/Testing.php:43
/var/www/html/vendor/laravel/framework/src/Illuminate/Collections/helpers.php:236
/var/www/html/vendor/orchestra/sidekick/src/functions.php:87
/var/www/html/vendor/laravel/framework/src/Illuminate/Collections/helpers.php:236
/var/www/html/vendor/orchestra/testbench-core/src/Concerns/Testing.php:57
/var/www/html/vendor/orchestra/testbench-core/src/TestCase.php:50
/var/www/html/tests/TestCase.php:61
/var/www/html/tests/Unit/Abstracts/McpToolTest.php:35</error>
        </testcase>
        <testcase name="it_validates_parameters_before_execution" file="/var/www/html/tests/Unit/Abstracts/McpToolTest.php" line="156" class="JTD\LaravelMCP\Tests\Unit\Abstracts\McpToolTest" classname="JTD.LaravelMCP.Tests.Unit.Abstracts.McpToolTest" assertions="0" time="0.000000">
          <error type="Exception">JTD\LaravelMCP\Tests\Unit\Abstracts\McpToolTest::it_validates_parameters_before_execution
Exception: The /var/www/html/vendor/orchestra/testbench-core/laravel/bootstrap/cache directory must be present and writable.

/var/www/html/vendor/laravel/framework/src/Illuminate/Foundation/PackageManifest.php:179
/var/www/html/vendor/orchestra/testbench-core/src/Foundation/PackageManifest.php:157
/var/www/html/vendor/laravel/framework/src/Illuminate/Foundation/PackageManifest.php:132
/var/www/html/vendor/laravel/framework/src/Illuminate/Foundation/PackageManifest.php:108
/var/www/html/vendor/orchestra/testbench-core/src/Foundation/PackageManifest.php:102
/var/www/html/vendor/laravel/framework/src/Illuminate/Foundation/PackageManifest.php:91
/var/www/html/vendor/laravel/framework/src/Illuminate/Foundation/PackageManifest.php:80
/var/www/html/vendor/laravel/framework/src/Illuminate/Foundation/Bootstrap/RegisterFacades.php:26
/var/www/html/vendor/orchestra/testbench-core/src/Concerns/CreatesApplication.php:556
/var/www/html/vendor/orchestra/testbench-core/src/Concerns/CreatesApplication.php:311
/var/www/html/vendor/orchestra/testbench-core/src/TestCase.php:121
/var/www/html/vendor/orchestra/testbench-core/src/Concerns/ApplicationTestingHooks.php:74
/var/www/html/vendor/orchestra/testbench-core/src/Concerns/Testing.php:43
/var/www/html/vendor/laravel/framework/src/Illuminate/Collections/helpers.php:236
/var/www/html/vendor/orchestra/sidekick/src/functions.php:87
/var/www/html/vendor/laravel/framework/src/Illuminate/Collections/helpers.php:236
/var/www/html/vendor/orchestra/testbench-core/src/Concerns/Testing.php:57
/var/www/html/vendor/orchestra/testbench-core/src/TestCase.php:50
/var/www/html/tests/TestCase.php:61
/var/www/html/tests/Unit/Abstracts/McpToolTest.php:35</error>
        </testcase>
        <testcase name="it_applies_middleware_to_parameters" file="/var/www/html/tests/Unit/Abstracts/McpToolTest.php" line="183" class="JTD\LaravelMCP\Tests\Unit\Abstracts\McpToolTest" classname="JTD.LaravelMCP.Tests.Unit.Abstracts.McpToolTest" assertions="0" time="0.000000">
          <error type="Exception">JTD\LaravelMCP\Tests\Unit\Abstracts\McpToolTest::it_applies_middleware_to_parameters
Exception: The /var/www/html/vendor/orchestra/testbench-core/laravel/bootstrap/cache directory must be present and writable.

/var/www/html/vendor/laravel/framework/src/Illuminate/Foundation/PackageManifest.php:179
/var/www/html/vendor/orchestra/testbench-core/src/Foundation/PackageManifest.php:157
/var/www/html/vendor/laravel/framework/src/Illuminate/Foundation/PackageManifest.php:132
/var/www/html/vendor/laravel/framework/src/Illuminate/Foundation/PackageManifest.php:108
/var/www/html/vendor/orchestra/testbench-core/src/Foundation/PackageManifest.php:102
/var/www/html/vendor/laravel/framework/src/Illuminate/Foundation/PackageManifest.php:91
/var/www/html/vendor/laravel/framework/src/Illuminate/Foundation/PackageManifest.php:80
/var/www/html/vendor/laravel/framework/src/Illuminate/Foundation/Bootstrap/RegisterFacades.php:26
/var/www/html/vendor/orchestra/testbench-core/src/Concerns/CreatesApplication.php:556
/var/www/html/vendor/orchestra/testbench-core/src/Concerns/CreatesApplication.php:311
/var/www/html/vendor/orchestra/testbench-core/src/TestCase.php:121
/var/www/html/vendor/orchestra/testbench-core/src/Concerns/ApplicationTestingHooks.php:74
/var/www/html/vendor/orchestra/testbench-core/src/Concerns/Testing.php:43
/var/www/html/vendor/laravel/framework/src/Illuminate/Collections/helpers.php:236
/var/www/html/vendor/orchestra/sidekick/src/functions.php:87
/var/www/html/vendor/laravel/framework/src/Illuminate/Collections/helpers.php:236
/var/www/html/vendor/orchestra/testbench-core/src/Concerns/Testing.php:57
/var/www/html/vendor/orchestra/testbench-core/src/TestCase.php:50
/var/www/html/tests/TestCase.php:61
/var/www/html/tests/Unit/Abstracts/McpToolTest.php:35</error>
        </testcase>
        <testcase name="it_resolves_dependencies_from_container" file="/var/www/html/tests/Unit/Abstracts/McpToolTest.php" line="209" class="JTD\LaravelMCP\Tests\Unit\Abstracts\McpToolTest" classname="JTD.LaravelMCP.Tests.Unit.Abstracts.McpToolTest" assertions="0" time="0.000000">
          <error type="Exception">JTD\LaravelMCP\Tests\Unit\Abstracts\McpToolTest::it_resolves_dependencies_from_container
Exception: The /var/www/html/vendor/orchestra/testbench-core/laravel/bootstrap/cache directory must be present and writable.

/var/www/html/vendor/laravel/framework/src/Illuminate/Foundation/PackageManifest.php:179
/var/www/html/vendor/orchestra/testbench-core/src/Foundation/PackageManifest.php:157
/var/www/html/vendor/laravel/framework/src/Illuminate/Foundation/PackageManifest.php:132
/var/www/html/vendor/laravel/framework/src/Illuminate/Foundation/PackageManifest.php:108
/var/www/html/vendor/orchestra/testbench-core/src/Foundation/PackageManifest.php:102
/var/www/html/vendor/laravel/framework/src/Illuminate/Foundation/PackageManifest.php:91
/var/www/html/vendor/laravel/framework/src/Illuminate/Foundation/PackageManifest.php:80
/var/www/html/vendor/laravel/framework/src/Illuminate/Foundation/Bootstrap/RegisterFacades.php:26
/var/www/html/vendor/orchestra/testbench-core/src/Concerns/CreatesApplication.php:556
/var/www/html/vendor/orchestra/testbench-core/src/Concerns/CreatesApplication.php:311
/var/www/html/vendor/orchestra/testbench-core/src/TestCase.php:121
/var/www/html/vendor/orchestra/testbench-core/src/Concerns/ApplicationTestingHooks.php:74
/var/www/html/vendor/orchestra/testbench-core/src/Concerns/Testing.php:43
/var/www/html/vendor/laravel/framework/src/Illuminate/Collections/helpers.php:236
/var/www/html/vendor/orchestra/sidekick/src/functions.php:87
/var/www/html/vendor/laravel/framework/src/Illuminate/Collections/helpers.php:236
/var/www/html/vendor/orchestra/testbench-core/src/Concerns/Testing.php:57
/var/www/html/vendor/orchestra/testbench-core/src/TestCase.php:50
/var/www/html/tests/TestCase.php:61
/var/www/html/tests/Unit/Abstracts/McpToolTest.php:35</error>
        </testcase>
        <testcase name="it_converts_to_array_representation" file="/var/www/html/tests/Unit/Abstracts/McpToolTest.php" line="227" class="JTD\LaravelMCP\Tests\Unit\Abstracts\McpToolTest" classname="JTD.LaravelMCP.Tests.Unit.Abstracts.McpToolTest" assertions="0" time="0.000000">
          <error type="Exception">JTD\LaravelMCP\Tests\Unit\Abstracts\McpToolTest::it_converts_to_array_representation
Exception: The /var/www/html/vendor/orchestra/testbench-core/laravel/bootstrap/cache directory must be present and writable.

/var/www/html/vendor/laravel/framework/src/Illuminate/Foundation/PackageManifest.php:179
/var/www/html/vendor/orchestra/testbench-core/src/Foundation/PackageManifest.php:157
/var/www/html/vendor/laravel/framework/src/Illuminate/Foundation/PackageManifest.php:132
/var/www/html/vendor/laravel/framework/src/Illuminate/Foundation/PackageManifest.php:108
/var/www/html/vendor/orchestra/testbench-core/src/Foundation/PackageManifest.php:102
/var/www/html/vendor/laravel/framework/src/Illuminate/Foundation/PackageManifest.php:91
/var/www/html/vendor/laravel/framework/src/Illuminate/Foundation/PackageManifest.php:80
/var/www/html/vendor/laravel/framework/src/Illuminate/Foundation/Bootstrap/RegisterFacades.php:26
/var/www/html/vendor/orchestra/testbench-core/src/Concerns/CreatesApplication.php:556
/var/www/html/vendor/orchestra/testbench-core/src/Concerns/CreatesApplication.php:311
/var/www/html/vendor/orchestra/testbench-core/src/TestCase.php:121
/var/www/html/vendor/orchestra/testbench-core/src/Concerns/ApplicationTestingHooks.php:74
/var/www/html/vendor/orchestra/testbench-core/src/Concerns/Testing.php:43
/var/www/html/vendor/laravel/framework/src/Illuminate/Collections/helpers.php:236
/var/www/html/vendor/orchestra/sidekick/src/functions.php:87
/var/www/html/vendor/laravel/framework/src/Illuminate/Collections/helpers.php:236
/var/www/html/vendor/orchestra/testbench-core/src/Concerns/Testing.php:57
/var/www/html/vendor/orchestra/testbench-core/src/TestCase.php:50
/var/www/html/tests/TestCase.php:61
/var/www/html/tests/Unit/Abstracts/McpToolTest.php:35</error>
        </testcase>
        <testcase name="it_handles_boot_lifecycle" file="/var/www/html/tests/Unit/Abstracts/McpToolTest.php" line="240" class="JTD\LaravelMCP\Tests\Unit\Abstracts\McpToolTest" classname="JTD.LaravelMCP.Tests.Unit.Abstracts.McpToolTest" assertions="0" time="0.000000">
          <error type="Exception">JTD\LaravelMCP\Tests\Unit\Abstracts\McpToolTest::it_handles_boot_lifecycle
Exception: The /var/www/html/vendor/orchestra/testbench-core/laravel/bootstrap/cache directory must be present and writable.

/var/www/html/vendor/laravel/framework/src/Illuminate/Foundation/PackageManifest.php:179
/var/www/html/vendor/orchestra/testbench-core/src/Foundation/PackageManifest.php:157
/var/www/html/vendor/laravel/framework/src/Illuminate/Foundation/PackageManifest.php:132
/var/www/html/vendor/laravel/framework/src/Illuminate/Foundation/PackageManifest.php:108
/var/www/html/vendor/orchestra/testbench-core/src/Foundation/PackageManifest.php:102
/var/www/html/vendor/laravel/framework/src/Illuminate/Foundation/PackageManifest.php:91
/var/www/html/vendor/laravel/framework/src/Illuminate/Foundation/PackageManifest.php:80
/var/www/html/vendor/laravel/framework/src/Illuminate/Foundation/Bootstrap/RegisterFacades.php:26
/var/www/html/vendor/orchestra/testbench-core/src/Concerns/CreatesApplication.php:556
/var/www/html/vendor/orchestra/testbench-core/src/Concerns/CreatesApplication.php:311
/var/www/html/vendor/orchestra/testbench-core/src/TestCase.php:121
/var/www/html/vendor/orchestra/testbench-core/src/Concerns/ApplicationTestingHooks.php:74
/var/www/html/vendor/orchestra/testbench-core/src/Concerns/Testing.php:43
/var/www/html/vendor/laravel/framework/src/Illuminate/Collections/helpers.php:236
/var/www/html/vendor/orchestra/sidekick/src/functions.php:87
/var/www/html/vendor/laravel/framework/src/Illuminate/Collections/helpers.php:236
/var/www/html/vendor/orchestra/testbench-core/src/Concerns/Testing.php:57
/var/www/html/vendor/orchestra/testbench-core/src/TestCase.php:50
/var/www/html/tests/TestCase.php:61
/var/www/html/tests/Unit/Abstracts/McpToolTest.php:35</error>
        </testcase>
        <testcase name="it_handles_empty_parameter_schema" file="/var/www/html/tests/Unit/Abstracts/McpToolTest.php" line="261" class="JTD\LaravelMCP\Tests\Unit\Abstracts\McpToolTest" classname="JTD.LaravelMCP.Tests.Unit.Abstracts.McpToolTest" assertions="0" time="0.000000">
          <error type="Exception">JTD\LaravelMCP\Tests\Unit\Abstracts\McpToolTest::it_handles_empty_parameter_schema
Exception: The /var/www/html/vendor/orchestra/testbench-core/laravel/bootstrap/cache directory must be present and writable.

/var/www/html/vendor/laravel/framework/src/Illuminate/Foundation/PackageManifest.php:179
/var/www/html/vendor/orchestra/testbench-core/src/Foundation/PackageManifest.php:157
/var/www/html/vendor/laravel/framework/src/Illuminate/Foundation/PackageManifest.php:132
/var/www/html/vendor/laravel/framework/src/Illuminate/Foundation/PackageManifest.php:108
/var/www/html/vendor/orchestra/testbench-core/src/Foundation/PackageManifest.php:102
/var/www/html/vendor/laravel/framework/src/Illuminate/Foundation/PackageManifest.php:91
/var/www/html/vendor/laravel/framework/src/Illuminate/Foundation/PackageManifest.php:80
/var/www/html/vendor/laravel/framework/src/Illuminate/Foundation/Bootstrap/RegisterFacades.php:26
/var/www/html/vendor/orchestra/testbench-core/src/Concerns/CreatesApplication.php:556
/var/www/html/vendor/orchestra/testbench-core/src/Concerns/CreatesApplication.php:311
/var/www/html/vendor/orchestra/testbench-core/src/TestCase.php:121
/var/www/html/vendor/orchestra/testbench-core/src/Concerns/ApplicationTestingHooks.php:74
/var/www/html/vendor/orchestra/testbench-core/src/Concerns/Testing.php:43
/var/www/html/vendor/laravel/framework/src/Illuminate/Collections/helpers.php:236
/var/www/html/vendor/orchestra/sidekick/src/functions.php:87
/var/www/html/vendor/laravel/framework/src/Illuminate/Collections/helpers.php:236
/var/www/html/vendor/orchestra/testbench-core/src/Concerns/Testing.php:57
/var/www/html/vendor/orchestra/testbench-core/src/TestCase.php:50
/var/www/html/tests/TestCase.php:61
/var/www/html/tests/Unit/Abstracts/McpToolTest.php:35</error>
        </testcase>
        <testcase name="it_does_not_require_auth_by_default" file="/var/www/html/tests/Unit/Abstracts/McpToolTest.php" line="280" class="JTD\LaravelMCP\Tests\Unit\Abstracts\McpToolTest" classname="JTD.LaravelMCP.Tests.Unit.Abstracts.McpToolTest" assertions="0" time="0.000000">
          <error type="Exception">JTD\LaravelMCP\Tests\Unit\Abstracts\McpToolTest::it_does_not_require_auth_by_default
Exception: The /var/www/html/vendor/orchestra/testbench-core/laravel/bootstrap/cache directory must be present and writable.

/var/www/html/vendor/laravel/framework/src/Illuminate/Foundation/PackageManifest.php:179
/var/www/html/vendor/orchestra/testbench-core/src/Foundation/PackageManifest.php:157
/var/www/html/vendor/laravel/framework/src/Illuminate/Foundation/PackageManifest.php:132
/var/www/html/vendor/laravel/framework/src/Illuminate/Foundation/PackageManifest.php:108
/var/www/html/vendor/orchestra/testbench-core/src/Foundation/PackageManifest.php:102
/var/www/html/vendor/laravel/framework/src/Illuminate/Foundation/PackageManifest.php:91
/var/www/html/vendor/laravel/framework/src/Illuminate/Foundation/PackageManifest.php:80
/var/www/html/vendor/laravel/framework/src/Illuminate/Foundation/Bootstrap/RegisterFacades.php:26
/var/www/html/vendor/orchestra/testbench-core/src/Concerns/CreatesApplication.php:556
/var/www/html/vendor/orchestra/testbench-core/src/Concerns/CreatesApplication.php:311
/var/www/html/vendor/orchestra/testbench-core/src/TestCase.php:121
/var/www/html/vendor/orchestra/testbench-core/src/Concerns/ApplicationTestingHooks.php:74
/var/www/html/vendor/orchestra/testbench-core/src/Concerns/Testing.php:43
/var/www/html/vendor/laravel/framework/src/Illuminate/Collections/helpers.php:236
/var/www/html/vendor/orchestra/sidekick/src/functions.php:87
/var/www/html/vendor/laravel/framework/src/Illuminate/Collections/helpers.php:236
/var/www/html/vendor/orchestra/testbench-core/src/Concerns/Testing.php:57
/var/www/html/vendor/orchestra/testbench-core/src/TestCase.php:50
/var/www/html/tests/TestCase.php:61
/var/www/html/tests/Unit/Abstracts/McpToolTest.php:35</error>
        </testcase>
        <testcase name="it_uses_validation_factory_for_parameter_validation" file="/var/www/html/tests/Unit/Abstracts/McpToolTest.php" line="295" class="JTD\LaravelMCP\Tests\Unit\Abstracts\McpToolTest" classname="JTD.LaravelMCP.Tests.Unit.Abstracts.McpToolTest" assertions="0" time="0.000000">
          <error type="Exception">JTD\LaravelMCP\Tests\Unit\Abstracts\McpToolTest::it_uses_validation_factory_for_parameter_validation
Exception: The /var/www/html/vendor/orchestra/testbench-core/laravel/bootstrap/cache directory must be present and writable.

/var/www/html/vendor/laravel/framework/src/Illuminate/Foundation/PackageManifest.php:179
/var/www/html/vendor/orchestra/testbench-core/src/Foundation/PackageManifest.php:157
/var/www/html/vendor/laravel/framework/src/Illuminate/Foundation/PackageManifest.php:132
/var/www/html/vendor/laravel/framework/src/Illuminate/Foundation/PackageManifest.php:108
/var/www/html/vendor/orchestra/testbench-core/src/Foundation/PackageManifest.php:102
/var/www/html/vendor/laravel/framework/src/Illuminate/Foundation/PackageManifest.php:91
/var/www/html/vendor/laravel/framework/src/Illuminate/Foundation/PackageManifest.php:80
/var/www/html/vendor/laravel/framework/src/Illuminate/Foundation/Bootstrap/RegisterFacades.php:26
/var/www/html/vendor/orchestra/testbench-core/src/Concerns/CreatesApplication.php:556
/var/www/html/vendor/orchestra/testbench-core/src/Concerns/CreatesApplication.php:311
/var/www/html/vendor/orchestra/testbench-core/src/TestCase.php:121
/var/www/html/vendor/orchestra/testbench-core/src/Concerns/ApplicationTestingHooks.php:74
/var/www/html/vendor/orchestra/testbench-core/src/Concerns/Testing.php:43
/var/www/html/vendor/laravel/framework/src/Illuminate/Collections/helpers.php:236
/var/www/html/vendor/orchestra/sidekick/src/functions.php:87
/var/www/html/vendor/laravel/framework/src/Illuminate/Collections/helpers.php:236
/var/www/html/vendor/orchestra/testbench-core/src/Concerns/Testing.php:57
/var/www/html/vendor/orchestra/testbench-core/src/TestCase.php:50
/var/www/html/tests/TestCase.php:61
/var/www/html/tests/Unit/Abstracts/McpToolTest.php:35</error>
        </testcase>
        <testcase name="it_uses_container_for_dependency_injection" file="/var/www/html/tests/Unit/Abstracts/McpToolTest.php" line="307" class="JTD\LaravelMCP\Tests\Unit\Abstracts\McpToolTest" classname="JTD.LaravelMCP.Tests.Unit.Abstracts.McpToolTest" assertions="0" time="0.000000">
          <error type="Exception">JTD\LaravelMCP\Tests\Unit\Abstracts\McpToolTest::it_uses_container_for_dependency_injection
Exception: The /var/www/html/vendor/orchestra/testbench-core/laravel/bootstrap/cache directory must be present and writable.

/var/www/html/vendor/laravel/framework/src/Illuminate/Foundation/PackageManifest.php:179
/var/www/html/vendor/orchestra/testbench-core/src/Foundation/PackageManifest.php:157
/var/www/html/vendor/laravel/framework/src/Illuminate/Foundation/PackageManifest.php:132
/var/www/html/vendor/laravel/framework/src/Illuminate/Foundation/PackageManifest.php:108
/var/www/html/vendor/orchestra/testbench-core/src/Foundation/PackageManifest.php:102
/var/www/html/vendor/laravel/framework/src/Illuminate/Foundation/PackageManifest.php:91
/var/www/html/vendor/laravel/framework/src/Illuminate/Foundation/PackageManifest.php:80
/var/www/html/vendor/laravel/framework/src/Illuminate/Foundation/Bootstrap/RegisterFacades.php:26
/var/www/html/vendor/orchestra/testbench-core/src/Concerns/CreatesApplication.php:556
/var/www/html/vendor/orchestra/testbench-core/src/Concerns/CreatesApplication.php:311
/var/www/html/vendor/orchestra/testbench-core/src/TestCase.php:121
/var/www/html/vendor/orchestra/testbench-core/src/Concerns/ApplicationTestingHooks.php:74
/var/www/html/vendor/orchestra/testbench-core/src/Concerns/Testing.php:43
/var/www/html/vendor/laravel/framework/src/Illuminate/Collections/helpers.php:236
/var/www/html/vendor/orchestra/sidekick/src/functions.php:87
/var/www/html/vendor/laravel/framework/src/Illuminate/Collections/helpers.php:236
/var/www/html/vendor/orchestra/testbench-core/src/Concerns/Testing.php:57
/var/www/html/vendor/orchestra/testbench-core/src/TestCase.php:50
/var/www/html/tests/TestCase.php:61
/var/www/html/tests/Unit/Abstracts/McpToolTest.php:35</error>
        </testcase>
      </testsuite>
      <testsuite name="JTD\LaravelMCP\Tests\Unit\Commands\BaseCommandTest" file="/var/www/html/tests/Unit/Commands/BaseCommandTest.php" tests="9" assertions="0" errors="9" failures="0" skipped="0" time="0.000000">
        <testcase name="test_successful_command_execution" file="/var/www/html/tests/Unit/Commands/BaseCommandTest.php" line="93" class="JTD\LaravelMCP\Tests\Unit\Commands\BaseCommandTest" classname="JTD.LaravelMCP.Tests.Unit.Commands.BaseCommandTest" assertions="0" time="0.000000">
          <error type="Exception">JTD\LaravelMCP\Tests\Unit\Commands\BaseCommandTest::test_successful_command_execution
Exception: The /var/www/html/vendor/orchestra/testbench-core/laravel/bootstrap/cache directory must be present and writable.

/var/www/html/vendor/laravel/framework/src/Illuminate/Foundation/PackageManifest.php:179
/var/www/html/vendor/orchestra/testbench-core/src/Foundation/PackageManifest.php:157
/var/www/html/vendor/laravel/framework/src/Illuminate/Foundation/PackageManifest.php:132
/var/www/html/vendor/laravel/framework/src/Illuminate/Foundation/PackageManifest.php:108
/var/www/html/vendor/orchestra/testbench-core/src/Foundation/PackageManifest.php:102
/var/www/html/vendor/laravel/framework/src/Illuminate/Foundation/PackageManifest.php:91
/var/www/html/vendor/laravel/framework/src/Illuminate/Foundation/PackageManifest.php:80
/var/www/html/vendor/laravel/framework/src/Illuminate/Foundation/Bootstrap/RegisterFacades.php:26
/var/www/html/vendor/orchestra/testbench-core/src/Concerns/CreatesApplication.php:556
/var/www/html/vendor/orchestra/testbench-core/src/Concerns/CreatesApplication.php:311
/var/www/html/vendor/orchestra/testbench-core/src/TestCase.php:121
/var/www/html/vendor/orchestra/testbench-core/src/Concerns/ApplicationTestingHooks.php:74
/var/www/html/vendor/orchestra/testbench-core/src/Concerns/Testing.php:43
/var/www/html/vendor/laravel/framework/src/Illuminate/Collections/helpers.php:236
/var/www/html/vendor/orchestra/sidekick/src/functions.php:87
/var/www/html/vendor/laravel/framework/src/Illuminate/Collections/helpers.php:236
/var/www/html/vendor/orchestra/testbench-core/src/Concerns/Testing.php:57
/var/www/html/vendor/orchestra/testbench-core/src/TestCase.php:50
/var/www/html/tests/TestCase.php:61
/var/www/html/tests/Unit/Commands/BaseCommandTest.php:81</error>
        </testcase>
        <testcase name="test_command_with_validation_failure" file="/var/www/html/tests/Unit/Commands/BaseCommandTest.php" line="105" class="JTD\LaravelMCP\Tests\Unit\Commands\BaseCommandTest" classname="JTD.LaravelMCP.Tests.Unit.Commands.BaseCommandTest" assertions="0" time="0.000000">
          <error type="Exception">JTD\LaravelMCP\Tests\Unit\Commands\BaseCommandTest::test_command_with_validation_failure
Exception: The /var/www/html/vendor/orchestra/testbench-core/laravel/bootstrap/cache directory must be present and writable.

/var/www/html/vendor/laravel/framework/src/Illuminate/Foundation/PackageManifest.php:179
/var/www/html/vendor/orchestra/testbench-core/src/Foundation/PackageManifest.php:157
/var/www/html/vendor/laravel/framework/src/Illuminate/Foundation/PackageManifest.php:132
/var/www/html/vendor/laravel/framework/src/Illuminate/Foundation/PackageManifest.php:108
/var/www/html/vendor/orchestra/testbench-core/src/Foundation/PackageManifest.php:102
/var/www/html/vendor/laravel/framework/src/Illuminate/Foundation/PackageManifest.php:91
/var/www/html/vendor/laravel/framework/src/Illuminate/Foundation/PackageManifest.php:80
/var/www/html/vendor/laravel/framework/src/Illuminate/Foundation/Bootstrap/RegisterFacades.php:26
/var/www/html/vendor/orchestra/testbench-core/src/Concerns/CreatesApplication.php:556
/var/www/html/vendor/orchestra/testbench-core/src/Concerns/CreatesApplication.php:311
/var/www/html/vendor/orchestra/testbench-core/src/TestCase.php:121
/var/www/html/vendor/orchestra/testbench-core/src/Concerns/ApplicationTestingHooks.php:74
/var/www/html/vendor/orchestra/testbench-core/src/Concerns/Testing.php:43
/var/www/html/vendor/laravel/framework/src/Illuminate/Collections/helpers.php:236
/var/www/html/vendor/orchestra/sidekick/src/functions.php:87
/var/www/html/vendor/laravel/framework/src/Illuminate/Collections/helpers.php:236
/var/www/html/vendor/orchestra/testbench-core/src/Concerns/Testing.php:57
/var/www/html/vendor/orchestra/testbench-core/src/TestCase.php:50
/var/www/html/tests/TestCase.php:61
/var/www/html/tests/Unit/Commands/BaseCommandTest.php:81</error>
        </testcase>
        <testcase name="test_error_handling_without_debug" file="/var/www/html/tests/Unit/Commands/BaseCommandTest.php" line="118" class="JTD\LaravelMCP\Tests\Unit\Commands\BaseCommandTest" classname="JTD.LaravelMCP.Tests.Unit.Commands.BaseCommandTest" assertions="0" time="0.000000">
          <error type="Exception">JTD\LaravelMCP\Tests\Unit\Commands\BaseCommandTest::test_error_handling_without_debug
Exception: The /var/www/html/vendor/orchestra/testbench-core/laravel/bootstrap/cache directory must be present and writable.

/var/www/html/vendor/laravel/framework/src/Illuminate/Foundation/PackageManifest.php:179
/var/www/html/vendor/orchestra/testbench-core/src/Foundation/PackageManifest.php:157
/var/www/html/vendor/laravel/framework/src/Illuminate/Foundation/PackageManifest.php:132
/var/www/html/vendor/laravel/framework/src/Illuminate/Foundation/PackageManifest.php:108
/var/www/html/vendor/orchestra/testbench-core/src/Foundation/PackageManifest.php:102
/var/www/html/vendor/laravel/framework/src/Illuminate/Foundation/PackageManifest.php:91
/var/www/html/vendor/laravel/framework/src/Illuminate/Foundation/PackageManifest.php:80
/var/www/html/vendor/laravel/framework/src/Illuminate/Foundation/Bootstrap/RegisterFacades.php:26
/var/www/html/vendor/orchestra/testbench-core/src/Concerns/CreatesApplication.php:556
/var/www/html/vendor/orchestra/testbench-core/src/Concerns/CreatesApplication.php:311
/var/www/html/vendor/orchestra/testbench-core/src/TestCase.php:121
/var/www/html/vendor/orchestra/testbench-core/src/Concerns/ApplicationTestingHooks.php:74
/var/www/html/vendor/orchestra/testbench-core/src/Concerns/Testing.php:43
/var/www/html/vendor/laravel/framework/src/Illuminate/Collections/helpers.php:236
/var/www/html/vendor/orchestra/sidekick/src/functions.php:87
/var/www/html/vendor/laravel/framework/src/Illuminate/Collections/helpers.php:236
/var/www/html/vendor/orchestra/testbench-core/src/Concerns/Testing.php:57
/var/www/html/vendor/orchestra/testbench-core/src/TestCase.php:50
/var/www/html/tests/TestCase.php:61
/var/www/html/tests/Unit/Commands/BaseCommandTest.php:81</error>
        </testcase>
        <testcase name="test_error_handling_with_debug_mode" file="/var/www/html/tests/Unit/Commands/BaseCommandTest.php" line="135" class="JTD\LaravelMCP\Tests\Unit\Commands\BaseCommandTest" classname="JTD.LaravelMCP.Tests.Unit.Commands.BaseCommandTest" assertions="0" time="0.000000">
          <error type="Exception">JTD\LaravelMCP\Tests\Unit\Commands\BaseCommandTest::test_error_handling_with_debug_mode
Exception: The /var/www/html/vendor/orchestra/testbench-core/laravel/bootstrap/cache directory must be present and writable.

/var/www/html/vendor/laravel/framework/src/Illuminate/Foundation/PackageManifest.php:179
/var/www/html/vendor/orchestra/testbench-core/src/Foundation/PackageManifest.php:157
/var/www/html/vendor/laravel/framework/src/Illuminate/Foundation/PackageManifest.php:132
/var/www/html/vendor/laravel/framework/src/Illuminate/Foundation/PackageManifest.php:108
/var/www/html/vendor/orchestra/testbench-core/src/Foundation/PackageManifest.php:102
/var/www/html/vendor/laravel/framework/src/Illuminate/Foundation/PackageManifest.php:91
/var/www/html/vendor/laravel/framework/src/Illuminate/Foundation/PackageManifest.php:80
/var/www/html/vendor/laravel/framework/src/Illuminate/Foundation/Bootstrap/RegisterFacades.php:26
/var/www/html/vendor/orchestra/testbench-core/src/Concerns/CreatesApplication.php:556
/var/www/html/vendor/orchestra/testbench-core/src/Concerns/CreatesApplication.php:311
/var/www/html/vendor/orchestra/testbench-core/src/TestCase.php:121
/var/www/html/vendor/orchestra/testbench-core/src/Concerns/ApplicationTestingHooks.php:74
/var/www/html/vendor/orchestra/testbench-core/src/Concerns/Testing.php:43
/var/www/html/vendor/laravel/framework/src/Illuminate/Collections/helpers.php:236
/var/www/html/vendor/orchestra/sidekick/src/functions.php:87
/var/www/html/vendor/laravel/framework/src/Illuminate/Collections/helpers.php:236
/var/www/html/vendor/orchestra/testbench-core/src/Concerns/Testing.php:57
/var/www/html/vendor/orchestra/testbench-core/src/TestCase.php:50
/var/www/html/tests/TestCase.php:61
/var/www/html/tests/Unit/Commands/BaseCommandTest.php:81</error>
        </testcase>
        <testcase name="test_output_formatting_methods" file="/var/www/html/tests/Unit/Commands/BaseCommandTest.php" line="151" class="JTD\LaravelMCP\Tests\Unit\Commands\BaseCommandTest" classname="JTD.LaravelMCP.Tests.Unit.Commands.BaseCommandTest" assertions="0" time="0.000000">
          <error type="Exception">JTD\LaravelMCP\Tests\Unit\Commands\BaseCommandTest::test_output_formatting_methods
Exception: The /var/www/html/vendor/orchestra/testbench-core/laravel/bootstrap/cache directory must be present and writable.

/var/www/html/vendor/laravel/framework/src/Illuminate/Foundation/PackageManifest.php:179
/var/www/html/vendor/orchestra/testbench-core/src/Foundation/PackageManifest.php:157
/var/www/html/vendor/laravel/framework/src/Illuminate/Foundation/PackageManifest.php:132
/var/www/html/vendor/laravel/framework/src/Illuminate/Foundation/PackageManifest.php:108
/var/www/html/vendor/orchestra/testbench-core/src/Foundation/PackageManifest.php:102
/var/www/html/vendor/laravel/framework/src/Illuminate/Foundation/PackageManifest.php:91
/var/www/html/vendor/laravel/framework/src/Illuminate/Foundation/PackageManifest.php:80
/var/www/html/vendor/laravel/framework/src/Illuminate/Foundation/Bootstrap/RegisterFacades.php:26
/var/www/html/vendor/orchestra/testbench-core/src/Concerns/CreatesApplication.php:556
/var/www/html/vendor/orchestra/testbench-core/src/Concerns/CreatesApplication.php:311
/var/www/html/vendor/orchestra/testbench-core/src/TestCase.php:121
/var/www/html/vendor/orchestra/testbench-core/src/Concerns/ApplicationTestingHooks.php:74
/var/www/html/vendor/orchestra/testbench-core/src/Concerns/Testing.php:43
/var/www/html/vendor/laravel/framework/src/Illuminate/Collections/helpers.php:236
/var/www/html/vendor/orchestra/sidekick/src/functions.php:87
/var/www/html/vendor/laravel/framework/src/Illuminate/Collections/helpers.php:236
/var/www/html/vendor/orchestra/testbench-core/src/Concerns/Testing.php:57
/var/www/html/vendor/orchestra/testbench-core/src/TestCase.php:50
/var/www/html/tests/TestCase.php:61
/var/www/html/tests/Unit/Commands/BaseCommandTest.php:81</error>
        </testcase>
        <testcase name="test_debug_output_in_verbose_mode" file="/var/www/html/tests/Unit/Commands/BaseCommandTest.php" line="172" class="JTD\LaravelMCP\Tests\Unit\Commands\BaseCommandTest" classname="JTD.LaravelMCP.Tests.Unit.Commands.BaseCommandTest" assertions="0" time="0.000000">
          <error type="Exception">JTD\LaravelMCP\Tests\Unit\Commands\BaseCommandTest::test_debug_output_in_verbose_mode
Exception: The /var/www/html/vendor/orchestra/testbench-core/laravel/bootstrap/cache directory must be present and writable.

/var/www/html/vendor/laravel/framework/src/Illuminate/Foundation/PackageManifest.php:179
/var/www/html/vendor/orchestra/testbench-core/src/Foundation/PackageManifest.php:157
/var/www/html/vendor/laravel/framework/src/Illuminate/Foundation/PackageManifest.php:132
/var/www/html/vendor/laravel/framework/src/Illuminate/Foundation/PackageManifest.php:108
/var/www/html/vendor/orchestra/testbench-core/src/Foundation/PackageManifest.php:102
/var/www/html/vendor/laravel/framework/src/Illuminate/Foundation/PackageManifest.php:91
/var/www/html/vendor/laravel/framework/src/Illuminate/Foundation/PackageManifest.php:80
/var/www/html/vendor/laravel/framework/src/Illuminate/Foundation/Bootstrap/RegisterFacades.php:26
/var/www/html/vendor/orchestra/testbench-core/src/Concerns/CreatesApplication.php:556
/var/www/html/vendor/orchestra/testbench-core/src/Concerns/CreatesApplication.php:311
/var/www/html/vendor/orchestra/testbench-core/src/TestCase.php:121
/var/www/html/vendor/orchestra/testbench-core/src/Concerns/ApplicationTestingHooks.php:74
/var/www/html/vendor/orchestra/testbench-core/src/Concerns/Testing.php:43
/var/www/html/vendor/laravel/framework/src/Illuminate/Collections/helpers.php:236
/var/www/html/vendor/orchestra/sidekick/src/functions.php:87
/var/www/html/vendor/laravel/framework/src/Illuminate/Collections/helpers.php:236
/var/www/html/vendor/orchestra/testbench-core/src/Concerns/Testing.php:57
/var/www/html/vendor/orchestra/testbench-core/src/TestCase.php:50
/var/www/html/tests/TestCase.php:61
/var/www/html/tests/Unit/Commands/BaseCommandTest.php:81</error>
        </testcase>
        <testcase name="test_configuration_helper_methods" file="/var/www/html/tests/Unit/Commands/BaseCommandTest.php" line="185" class="JTD\LaravelMCP\Tests\Unit\Commands\BaseCommandTest" classname="JTD.LaravelMCP.Tests.Unit.Commands.BaseCommandTest" assertions="0" time="0.000000">
          <error type="Exception">JTD\LaravelMCP\Tests\Unit\Commands\BaseCommandTest::test_configuration_helper_methods
Exception: The /var/www/html/vendor/orchestra/testbench-core/laravel/bootstrap/cache directory must be present and writable.

/var/www/html/vendor/laravel/framework/src/Illuminate/Foundation/PackageManifest.php:179
/var/www/html/vendor/orchestra/testbench-core/src/Foundation/PackageManifest.php:157
/var/www/html/vendor/laravel/framework/src/Illuminate/Foundation/PackageManifest.php:132
/var/www/html/vendor/laravel/framework/src/Illuminate/Foundation/PackageManifest.php:108
/var/www/html/vendor/orchestra/testbench-core/src/Foundation/PackageManifest.php:102
/var/www/html/vendor/laravel/framework/src/Illuminate/Foundation/PackageManifest.php:91
/var/www/html/vendor/laravel/framework/src/Illuminate/Foundation/PackageManifest.php:80
/var/www/html/vendor/laravel/framework/src/Illuminate/Foundation/Bootstrap/RegisterFacades.php:26
/var/www/html/vendor/orchestra/testbench-core/src/Concerns/CreatesApplication.php:556
/var/www/html/vendor/orchestra/testbench-core/src/Concerns/CreatesApplication.php:311
/var/www/html/vendor/orchestra/testbench-core/src/TestCase.php:121
/var/www/html/vendor/orchestra/testbench-core/src/Concerns/ApplicationTestingHooks.php:74
/var/www/html/vendor/orchestra/testbench-core/src/Concerns/Testing.php:43
/var/www/html/vendor/laravel/framework/src/Illuminate/Collections/helpers.php:236
/var/www/html/vendor/orchestra/sidekick/src/functions.php:87
/var/www/html/vendor/laravel/framework/src/Illuminate/Collections/helpers.php:236
/var/www/html/vendor/orchestra/testbench-core/src/Concerns/Testing.php:57
/var/www/html/vendor/orchestra/testbench-core/src/TestCase.php:50
/var/www/html/tests/TestCase.php:61
/var/www/html/tests/Unit/Commands/BaseCommandTest.php:81</error>
        </testcase>
        <testcase name="test_mcp_disabled_check" file="/var/www/html/tests/Unit/Commands/BaseCommandTest.php" line="200" class="JTD\LaravelMCP\Tests\Unit\Commands\BaseCommandTest" classname="JTD.LaravelMCP.Tests.Unit.Commands.BaseCommandTest" assertions="0" time="0.000000">
          <error type="Exception">JTD\LaravelMCP\Tests\Unit\Commands\BaseCommandTest::test_mcp_disabled_check
Exception: The /var/www/html/vendor/orchestra/testbench-core/laravel/bootstrap/cache directory must be present and writable.

/var/www/html/vendor/laravel/framework/src/Illuminate/Foundation/PackageManifest.php:179
/var/www/html/vendor/orchestra/testbench-core/src/Foundation/PackageManifest.php:157
/var/www/html/vendor/laravel/framework/src/Illuminate/Foundation/PackageManifest.php:132
/var/www/html/vendor/laravel/framework/src/Illuminate/Foundation/PackageManifest.php:108
/var/www/html/vendor/orchestra/testbench-core/src/Foundation/PackageManifest.php:102
/var/www/html/vendor/laravel/framework/src/Illuminate/Foundation/PackageManifest.php:91
/var/www/html/vendor/laravel/framework/src/Illuminate/Foundation/PackageManifest.php:80
/var/www/html/vendor/laravel/framework/src/Illuminate/Foundation/Bootstrap/RegisterFacades.php:26
/var/www/html/vendor/orchestra/testbench-core/src/Concerns/CreatesApplication.php:556
/var/www/html/vendor/orchestra/testbench-core/src/Concerns/CreatesApplication.php:311
/var/www/html/vendor/orchestra/testbench-core/src/TestCase.php:121
/var/www/html/vendor/orchestra/testbench-core/src/Concerns/ApplicationTestingHooks.php:74
/var/www/html/vendor/orchestra/testbench-core/src/Concerns/Testing.php:43
/var/www/html/vendor/laravel/framework/src/Illuminate/Collections/helpers.php:236
/var/www/html/vendor/orchestra/sidekick/src/functions.php:87
/var/www/html/vendor/laravel/framework/src/Illuminate/Collections/helpers.php:236
/var/www/html/vendor/orchestra/testbench-core/src/Concerns/Testing.php:57
/var/www/html/vendor/orchestra/testbench-core/src/TestCase.php:50
/var/www/html/tests/TestCase.php:61
/var/www/html/tests/Unit/Commands/BaseCommandTest.php:81</error>
        </testcase>
        <testcase name="test_option_validation_methods" file="/var/www/html/tests/Unit/Commands/BaseCommandTest.php" line="215" class="JTD\LaravelMCP\Tests\Unit\Commands\BaseCommandTest" classname="JTD.LaravelMCP.Tests.Unit.Commands.BaseCommandTest" assertions="0" time="0.000000">
          <error type="Exception">JTD\LaravelMCP\Tests\Unit\Commands\BaseCommandTest::test_option_validation_methods
Exception: The /var/www/html/vendor/orchestra/testbench-core/laravel/bootstrap/cache directory must be present and writable.

/var/www/html/vendor/laravel/framework/src/Illuminate/Foundation/PackageManifest.php:179
/var/www/html/vendor/orchestra/testbench-core/src/Foundation/PackageManifest.php:157
/var/www/html/vendor/laravel/framework/src/Illuminate/Foundation/PackageManifest.php:132
/var/www/html/vendor/laravel/framework/src/Illuminate/Foundation/PackageManifest.php:108
/var/www/html/vendor/orchestra/testbench-core/src/Foundation/PackageManifest.php:102
/var/www/html/vendor/laravel/framework/src/Illuminate/Foundation/PackageManifest.php:91
/var/www/html/vendor/laravel/framework/src/Illuminate/Foundation/PackageManifest.php:80
/var/www/html/vendor/laravel/framework/src/Illuminate/Foundation/Bootstrap/RegisterFacades.php:26
/var/www/html/vendor/orchestra/testbench-core/src/Concerns/CreatesApplication.php:556
/var/www/html/vendor/orchestra/testbench-core/src/Concerns/CreatesApplication.php:311
/var/www/html/vendor/orchestra/testbench-core/src/TestCase.php:121
/var/www/html/vendor/orchestra/testbench-core/src/Concerns/ApplicationTestingHooks.php:74
/var/www/html/vendor/orchestra/testbench-core/src/Concerns/Testing.php:43
/var/www/html/vendor/laravel/framework/src/Illuminate/Collections/helpers.php:236
/var/www/html/vendor/orchestra/sidekick/src/functions.php:87
/var/www/html/vendor/laravel/framework/src/Illuminate/Collections/helpers.php:236
/var/www/html/vendor/orchestra/testbench-core/src/Concerns/Testing.php:57
/var/www/html/vendor/orchestra/testbench-core/src/TestCase.php:50
/var/www/html/tests/TestCase.php:61
/var/www/html/tests/Unit/Commands/BaseCommandTest.php:81</error>
        </testcase>
      </testsuite>
      <testsuite name="JTD\LaravelMCP\Tests\Unit\Commands\ListCommandTest" file="/var/www/html/tests/Unit/Commands/ListCommandTest.php" tests="9" assertions="0" errors="9" failures="0" skipped="0" time="0.000000">
        <testcase name="it_lists_all_components_in_table_format" file="/var/www/html/tests/Unit/Commands/ListCommandTest.php" line="113" class="JTD\LaravelMCP\Tests\Unit\Commands\ListCommandTest" classname="JTD.LaravelMCP.Tests.Unit.Commands.ListCommandTest" assertions="0" time="0.000000">
          <error type="Exception">JTD\LaravelMCP\Tests\Unit\Commands\ListCommandTest::it_lists_all_components_in_table_format
Exception: The /var/www/html/vendor/orchestra/testbench-core/laravel/bootstrap/cache directory must be present and writable.

/var/www/html/vendor/laravel/framework/src/Illuminate/Foundation/PackageManifest.php:179
/var/www/html/vendor/orchestra/testbench-core/src/Foundation/PackageManifest.php:157
/var/www/html/vendor/laravel/framework/src/Illuminate/Foundation/PackageManifest.php:132
/var/www/html/vendor/laravel/framework/src/Illuminate/Foundation/PackageManifest.php:108
/var/www/html/vendor/orchestra/testbench-core/src/Foundation/PackageManifest.php:102
/var/www/html/vendor/laravel/framework/src/Illuminate/Foundation/PackageManifest.php:91
/var/www/html/vendor/laravel/framework/src/Illuminate/Foundation/PackageManifest.php:80
/var/www/html/vendor/laravel/framework/src/Illuminate/Foundation/Bootstrap/RegisterFacades.php:26
/var/www/html/vendor/orchestra/testbench-core/src/Concerns/CreatesApplication.php:556
/var/www/html/vendor/orchestra/testbench-core/src/Concerns/CreatesApplication.php:311
/var/www/html/vendor/orchestra/testbench-core/src/TestCase.php:121
/var/www/html/vendor/orchestra/testbench-core/src/Concerns/ApplicationTestingHooks.php:74
/var/www/html/vendor/orchestra/testbench-core/src/Concerns/Testing.php:43
/var/www/html/vendor/laravel/framework/src/Illuminate/Collections/helpers.php:236
/var/www/html/vendor/orchestra/sidekick/src/functions.php:87
/var/www/html/vendor/laravel/framework/src/Illuminate/Collections/helpers.php:236
/var/www/html/vendor/orchestra/testbench-core/src/Concerns/Testing.php:57
/var/www/html/vendor/orchestra/testbench-core/src/TestCase.php:50
/var/www/html/tests/TestCase.php:61
/var/www/html/tests/Unit/Commands/ListCommandTest.php:52</error>
        </testcase>
        <testcase name="it_filters_by_tool_type" file="/var/www/html/tests/Unit/Commands/ListCommandTest.php" line="135" class="JTD\LaravelMCP\Tests\Unit\Commands\ListCommandTest" classname="JTD.LaravelMCP.Tests.Unit.Commands.ListCommandTest" assertions="0" time="0.000000">
          <error type="Exception">JTD\LaravelMCP\Tests\Unit\Commands\ListCommandTest::it_filters_by_tool_type
Exception: The /var/www/html/vendor/orchestra/testbench-core/laravel/bootstrap/cache directory must be present and writable.

/var/www/html/vendor/laravel/framework/src/Illuminate/Foundation/PackageManifest.php:179
/var/www/html/vendor/orchestra/testbench-core/src/Foundation/PackageManifest.php:157
/var/www/html/vendor/laravel/framework/src/Illuminate/Foundation/PackageManifest.php:132
/var/www/html/vendor/laravel/framework/src/Illuminate/Foundation/PackageManifest.php:108
/var/www/html/vendor/orchestra/testbench-core/src/Foundation/PackageManifest.php:102
/var/www/html/vendor/laravel/framework/src/Illuminate/Foundation/PackageManifest.php:91
/var/www/html/vendor/laravel/framework/src/Illuminate/Foundation/PackageManifest.php:80
/var/www/html/vendor/laravel/framework/src/Illuminate/Foundation/Bootstrap/RegisterFacades.php:26
/var/www/html/vendor/orchestra/testbench-core/src/Concerns/CreatesApplication.php:556
/var/www/html/vendor/orchestra/testbench-core/src/Concerns/CreatesApplication.php:311
/var/www/html/vendor/orchestra/testbench-core/src/TestCase.php:121
/var/www/html/vendor/orchestra/testbench-core/src/Concerns/ApplicationTestingHooks.php:74
/var/www/html/vendor/orchestra/testbench-core/src/Concerns/Testing.php:43
/var/www/html/vendor/laravel/framework/src/Illuminate/Collections/helpers.php:236
/var/www/html/vendor/orchestra/sidekick/src/functions.php:87
/var/www/html/vendor/laravel/framework/src/Illuminate/Collections/helpers.php:236
/var/www/html/vendor/orchestra/testbench-core/src/Concerns/Testing.php:57
/var/www/html/vendor/orchestra/testbench-core/src/TestCase.php:50
/var/www/html/tests/TestCase.php:61
/var/www/html/tests/Unit/Commands/ListCommandTest.php:52</error>
        </testcase>
        <testcase name="it_filters_by_resource_type" file="/var/www/html/tests/Unit/Commands/ListCommandTest.php" line="154" class="JTD\LaravelMCP\Tests\Unit\Commands\ListCommandTest" classname="JTD.LaravelMCP.Tests.Unit.Commands.ListCommandTest" assertions="0" time="0.000000">
          <error type="Exception">JTD\LaravelMCP\Tests\Unit\Commands\ListCommandTest::it_filters_by_resource_type
Exception: The /var/www/html/vendor/orchestra/testbench-core/laravel/bootstrap/cache directory must be present and writable.

/var/www/html/vendor/laravel/framework/src/Illuminate/Foundation/PackageManifest.php:179
/var/www/html/vendor/orchestra/testbench-core/src/Foundation/PackageManifest.php:157
/var/www/html/vendor/laravel/framework/src/Illuminate/Foundation/PackageManifest.php:132
/var/www/html/vendor/laravel/framework/src/Illuminate/Foundation/PackageManifest.php:108
/var/www/html/vendor/orchestra/testbench-core/src/Foundation/PackageManifest.php:102
/var/www/html/vendor/laravel/framework/src/Illuminate/Foundation/PackageManifest.php:91
/var/www/html/vendor/laravel/framework/src/Illuminate/Foundation/PackageManifest.php:80
/var/www/html/vendor/laravel/framework/src/Illuminate/Foundation/Bootstrap/RegisterFacades.php:26
/var/www/html/vendor/orchestra/testbench-core/src/Concerns/CreatesApplication.php:556
/var/www/html/vendor/orchestra/testbench-core/src/Concerns/CreatesApplication.php:311
/var/www/html/vendor/orchestra/testbench-core/src/TestCase.php:121
/var/www/html/vendor/orchestra/testbench-core/src/Concerns/ApplicationTestingHooks.php:74
/var/www/html/vendor/orchestra/testbench-core/src/Concerns/Testing.php:43
/var/www/html/vendor/laravel/framework/src/Illuminate/Collections/helpers.php:236
/var/www/html/vendor/orchestra/sidekick/src/functions.php:87
/var/www/html/vendor/laravel/framework/src/Illuminate/Collections/helpers.php:236
/var/www/html/vendor/orchestra/testbench-core/src/Concerns/Testing.php:57
/var/www/html/vendor/orchestra/testbench-core/src/TestCase.php:50
/var/www/html/tests/TestCase.php:61
/var/www/html/tests/Unit/Commands/ListCommandTest.php:52</error>
        </testcase>
        <testcase name="it_filters_by_prompt_type" file="/var/www/html/tests/Unit/Commands/ListCommandTest.php" line="173" class="JTD\LaravelMCP\Tests\Unit\Commands\ListCommandTest" classname="JTD.LaravelMCP.Tests.Unit.Commands.ListCommandTest" assertions="0" time="0.000000">
          <error type="Exception">JTD\LaravelMCP\Tests\Unit\Commands\ListCommandTest::it_filters_by_prompt_type
Exception: The /var/www/html/vendor/orchestra/testbench-core/laravel/bootstrap/cache directory must be present and writable.

/var/www/html/vendor/laravel/framework/src/Illuminate/Foundation/PackageManifest.php:179
/var/www/html/vendor/orchestra/testbench-core/src/Foundation/PackageManifest.php:157
/var/www/html/vendor/laravel/framework/src/Illuminate/Foundation/PackageManifest.php:132
/var/www/html/vendor/laravel/framework/src/Illuminate/Foundation/PackageManifest.php:108
/var/www/html/vendor/orchestra/testbench-core/src/Foundation/PackageManifest.php:102
/var/www/html/vendor/laravel/framework/src/Illuminate/Foundation/PackageManifest.php:91
/var/www/html/vendor/laravel/framework/src/Illuminate/Foundation/PackageManifest.php:80
/var/www/html/vendor/laravel/framework/src/Illuminate/Foundation/Bootstrap/RegisterFacades.php:26
/var/www/html/vendor/orchestra/testbench-core/src/Concerns/CreatesApplication.php:556
/var/www/html/vendor/orchestra/testbench-core/src/Concerns/CreatesApplication.php:311
/var/www/html/vendor/orchestra/testbench-core/src/TestCase.php:121
/var/www/html/vendor/orchestra/testbench-core/src/Concerns/ApplicationTestingHooks.php:74
/var/www/html/vendor/orchestra/testbench-core/src/Concerns/Testing.php:43
/var/www/html/vendor/laravel/framework/src/Illuminate/Collections/helpers.php:236
/var/www/html/vendor/orchestra/sidekick/src/functions.php:87
/var/www/html/vendor/laravel/framework/src/Illuminate/Collections/helpers.php:236
/var/www/html/vendor/orchestra/testbench-core/src/Concerns/Testing.php:57
/var/www/html/vendor/orchestra/testbench-core/src/TestCase.php:50
/var/www/html/tests/TestCase.php:61
/var/www/html/tests/Unit/Commands/ListCommandTest.php:52</error>
        </testcase>
        <testcase name="it_outputs_in_json_format" file="/var/www/html/tests/Unit/Commands/ListCommandTest.php" line="192" class="JTD\LaravelMCP\Tests\Unit\Commands\ListCommandTest" classname="JTD.LaravelMCP.Tests.Unit.Commands.ListCommandTest" assertions="0" time="0.000000">
          <error type="Exception">JTD\LaravelMCP\Tests\Unit\Commands\ListCommandTest::it_outputs_in_json_format
Exception: The /var/www/html/vendor/orchestra/testbench-core/laravel/bootstrap/cache directory must be present and writable.

/var/www/html/vendor/laravel/framework/src/Illuminate/Foundation/PackageManifest.php:179
/var/www/html/vendor/orchestra/testbench-core/src/Foundation/PackageManifest.php:157
/var/www/html/vendor/laravel/framework/src/Illuminate/Foundation/PackageManifest.php:132
/var/www/html/vendor/laravel/framework/src/Illuminate/Foundation/PackageManifest.php:108
/var/www/html/vendor/orchestra/testbench-core/src/Foundation/PackageManifest.php:102
/var/www/html/vendor/laravel/framework/src/Illuminate/Foundation/PackageManifest.php:91
/var/www/html/vendor/laravel/framework/src/Illuminate/Foundation/PackageManifest.php:80
/var/www/html/vendor/laravel/framework/src/Illuminate/Foundation/Bootstrap/RegisterFacades.php:26
/var/www/html/vendor/orchestra/testbench-core/src/Concerns/CreatesApplication.php:556
/var/www/html/vendor/orchestra/testbench-core/src/Concerns/CreatesApplication.php:311
/var/www/html/vendor/orchestra/testbench-core/src/TestCase.php:121
/var/www/html/vendor/orchestra/testbench-core/src/Concerns/ApplicationTestingHooks.php:74
/var/www/html/vendor/orchestra/testbench-core/src/Concerns/Testing.php:43
/var/www/html/vendor/laravel/framework/src/Illuminate/Collections/helpers.php:236
/var/www/html/vendor/orchestra/sidekick/src/functions.php:87
/var/www/html/vendor/laravel/framework/src/Illuminate/Collections/helpers.php:236
/var/www/html/vendor/orchestra/testbench-core/src/Concerns/Testing.php:57
/var/www/html/vendor/orchestra/testbench-core/src/TestCase.php:50
/var/www/html/tests/TestCase.php:61
/var/www/html/tests/Unit/Commands/ListCommandTest.php:52</error>
        </testcase>
        <testcase name="it_shows_detailed_information" file="/var/www/html/tests/Unit/Commands/ListCommandTest.php" line="230" class="JTD\LaravelMCP\Tests\Unit\Commands\ListCommandTest" classname="JTD.LaravelMCP.Tests.Unit.Commands.ListCommandTest" assertions="0" time="0.000000">
          <error type="Exception">JTD\LaravelMCP\Tests\Unit\Commands\ListCommandTest::it_shows_detailed_information
Exception: The /var/www/html/vendor/orchestra/testbench-core/laravel/bootstrap/cache directory must be present and writable.

/var/www/html/vendor/laravel/framework/src/Illuminate/Foundation/PackageManifest.php:179
/var/www/html/vendor/orchestra/testbench-core/src/Foundation/PackageManifest.php:157
/var/www/html/vendor/laravel/framework/src/Illuminate/Foundation/PackageManifest.php:132
/var/www/html/vendor/laravel/framework/src/Illuminate/Foundation/PackageManifest.php:108
/var/www/html/vendor/orchestra/testbench-core/src/Foundation/PackageManifest.php:102
/var/www/html/vendor/laravel/framework/src/Illuminate/Foundation/PackageManifest.php:91
/var/www/html/vendor/laravel/framework/src/Illuminate/Foundation/PackageManifest.php:80
/var/www/html/vendor/laravel/framework/src/Illuminate/Foundation/Bootstrap/RegisterFacades.php:26
/var/www/html/vendor/orchestra/testbench-core/src/Concerns/CreatesApplication.php:556
/var/www/html/vendor/orchestra/testbench-core/src/Concerns/CreatesApplication.php:311
/var/www/html/vendor/orchestra/testbench-core/src/TestCase.php:121
/var/www/html/vendor/orchestra/testbench-core/src/Concerns/ApplicationTestingHooks.php:74
/var/www/html/vendor/orchestra/testbench-core/src/Concerns/Testing.php:43
/var/www/html/vendor/laravel/framework/src/Illuminate/Collections/helpers.php:236
/var/www/html/vendor/orchestra/sidekick/src/functions.php:87
/var/www/html/vendor/laravel/framework/src/Illuminate/Collections/helpers.php:236
/var/www/html/vendor/orchestra/testbench-core/src/Concerns/Testing.php:57
/var/www/html/vendor/orchestra/testbench-core/src/TestCase.php:50
/var/www/html/tests/TestCase.php:61
/var/www/html/tests/Unit/Commands/ListCommandTest.php:52</error>
        </testcase>
        <testcase name="it_handles_empty_registries_gracefully" file="/var/www/html/tests/Unit/Commands/ListCommandTest.php" line="249" class="JTD\LaravelMCP\Tests\Unit\Commands\ListCommandTest" classname="JTD.LaravelMCP.Tests.Unit.Commands.ListCommandTest" assertions="0" time="0.000000">
          <error type="Exception">JTD\LaravelMCP\Tests\Unit\Commands\ListCommandTest::it_handles_empty_registries_gracefully
Exception: The /var/www/html/vendor/orchestra/testbench-core/laravel/bootstrap/cache directory must be present and writable.

/var/www/html/vendor/laravel/framework/src/Illuminate/Foundation/PackageManifest.php:179
/var/www/html/vendor/orchestra/testbench-core/src/Foundation/PackageManifest.php:157
/var/www/html/vendor/laravel/framework/src/Illuminate/Foundation/PackageManifest.php:132
/var/www/html/vendor/laravel/framework/src/Illuminate/Foundation/PackageManifest.php:108
/var/www/html/vendor/orchestra/testbench-core/src/Foundation/PackageManifest.php:102
/var/www/html/vendor/laravel/framework/src/Illuminate/Foundation/PackageManifest.php:91
/var/www/html/vendor/laravel/framework/src/Illuminate/Foundation/PackageManifest.php:80
/var/www/html/vendor/laravel/framework/src/Illuminate/Foundation/Bootstrap/RegisterFacades.php:26
/var/www/html/vendor/orchestra/testbench-core/src/Concerns/CreatesApplication.php:556
/var/www/html/vendor/orchestra/testbench-core/src/Concerns/CreatesApplication.php:311
/var/www/html/vendor/orchestra/testbench-core/src/TestCase.php:121
/var/www/html/vendor/orchestra/testbench-core/src/Concerns/ApplicationTestingHooks.php:74
/var/www/html/vendor/orchestra/testbench-core/src/Concerns/Testing.php:43
/var/www/html/vendor/laravel/framework/src/Illuminate/Collections/helpers.php:236
/var/www/html/vendor/orchestra/sidekick/src/functions.php:87
/var/www/html/vendor/laravel/framework/src/Illuminate/Collections/helpers.php:236
/var/www/html/vendor/orchestra/testbench-core/src/Concerns/Testing.php:57
/var/www/html/vendor/orchestra/testbench-core/src/TestCase.php:50
/var/www/html/tests/TestCase.php:61
/var/www/html/tests/Unit/Commands/ListCommandTest.php:52</error>
        </testcase>
        <testcase name="it_validates_invalid_type_option" file="/var/www/html/tests/Unit/Commands/ListCommandTest.php" line="267" class="JTD\LaravelMCP\Tests\Unit\Commands\ListCommandTest" classname="JTD.LaravelMCP.Tests.Unit.Commands.ListCommandTest" assertions="0" time="0.000000">
          <error type="Exception">JTD\LaravelMCP\Tests\Unit\Commands\ListCommandTest::it_validates_invalid_type_option
Exception: The /var/www/html/vendor/orchestra/testbench-core/laravel/bootstrap/cache directory must be present and writable.

/var/www/html/vendor/laravel/framework/src/Illuminate/Foundation/PackageManifest.php:179
/var/www/html/vendor/orchestra/testbench-core/src/Foundation/PackageManifest.php:157
/var/www/html/vendor/laravel/framework/src/Illuminate/Foundation/PackageManifest.php:132
/var/www/html/vendor/laravel/framework/src/Illuminate/Foundation/PackageManifest.php:108
/var/www/html/vendor/orchestra/testbench-core/src/Foundation/PackageManifest.php:102
/var/www/html/vendor/laravel/framework/src/Illuminate/Foundation/PackageManifest.php:91
/var/www/html/vendor/laravel/framework/src/Illuminate/Foundation/PackageManifest.php:80
/var/www/html/vendor/laravel/framework/src/Illuminate/Foundation/Bootstrap/RegisterFacades.php:26
/var/www/html/vendor/orchestra/testbench-core/src/Concerns/CreatesApplication.php:556
/var/www/html/vendor/orchestra/testbench-core/src/Concerns/CreatesApplication.php:311
/var/www/html/vendor/orchestra/testbench-core/src/TestCase.php:121
/var/www/html/vendor/orchestra/testbench-core/src/Concerns/ApplicationTestingHooks.php:74
/var/www/html/vendor/orchestra/testbench-core/src/Concerns/Testing.php:43
/var/www/html/vendor/laravel/framework/src/Illuminate/Collections/helpers.php:236
/var/www/html/vendor/orchestra/sidekick/src/functions.php:87
/var/www/html/vendor/laravel/framework/src/Illuminate/Collections/helpers.php:236
/var/www/html/vendor/orchestra/testbench-core/src/Concerns/Testing.php:57
/var/www/html/vendor/orchestra/testbench-core/src/TestCase.php:50
/var/www/html/tests/TestCase.php:61
/var/www/html/tests/Unit/Commands/ListCommandTest.php:52</error>
        </testcase>
        <testcase name="it_validates_invalid_format_option" file="/var/www/html/tests/Unit/Commands/ListCommandTest.php" line="280" class="JTD\LaravelMCP\Tests\Unit\Commands\ListCommandTest" classname="JTD.LaravelMCP.Tests.Unit.Commands.ListCommandTest" assertions="0" time="0.000000">
          <error type="Exception">JTD\LaravelMCP\Tests\Unit\Commands\ListCommandTest::it_validates_invalid_format_option
Exception: The /var/www/html/vendor/orchestra/testbench-core/laravel/bootstrap/cache directory must be present and writable.

/var/www/html/vendor/laravel/framework/src/Illuminate/Foundation/PackageManifest.php:179
/var/www/html/vendor/orchestra/testbench-core/src/Foundation/PackageManifest.php:157
/var/www/html/vendor/laravel/framework/src/Illuminate/Foundation/PackageManifest.php:132
/var/www/html/vendor/laravel/framework/src/Illuminate/Foundation/PackageManifest.php:108
/var/www/html/vendor/orchestra/testbench-core/src/Foundation/PackageManifest.php:102
/var/www/html/vendor/laravel/framework/src/Illuminate/Foundation/PackageManifest.php:91
/var/www/html/vendor/laravel/framework/src/Illuminate/Foundation/PackageManifest.php:80
/var/www/html/vendor/laravel/framework/src/Illuminate/Foundation/Bootstrap/RegisterFacades.php:26
/var/www/html/vendor/orchestra/testbench-core/src/Concerns/CreatesApplication.php:556
/var/www/html/vendor/orchestra/testbench-core/src/Concerns/CreatesApplication.php:311
/var/www/html/vendor/orchestra/testbench-core/src/TestCase.php:121
/var/www/html/vendor/orchestra/testbench-core/src/Concerns/ApplicationTestingHooks.php:74
/var/www/html/vendor/orchestra/testbench-core/src/Concerns/Testing.php:43
/var/www/html/vendor/laravel/framework/src/Illuminate/Collections/helpers.php:236
/var/www/html/vendor/orchestra/sidekick/src/functions.php:87
/var/www/html/vendor/laravel/framework/src/Illuminate/Collections/helpers.php:236
/var/www/html/vendor/orchestra/testbench-core/src/Concerns/Testing.php:57
/var/www/html/vendor/orchestra/testbench-core/src/TestCase.php:50
/var/www/html/tests/TestCase.php:61
/var/www/html/tests/Unit/Commands/ListCommandTest.php:52</error>
        </testcase>
      </testsuite>
      <testsuite name="JTD\LaravelMCP\Tests\Unit\Commands\MakePromptCommandTest" file="/var/www/html/tests/Unit/Commands/MakePromptCommandTest.php" tests="19" assertions="0" errors="19" failures="0" skipped="0" time="0.000000">
        <testcase name="it_extends_generator_command" file="/var/www/html/tests/Unit/Commands/MakePromptCommandTest.php" line="61" class="JTD\LaravelMCP\Tests\Unit\Commands\MakePromptCommandTest" classname="JTD.LaravelMCP.Tests.Unit.Commands.MakePromptCommandTest" assertions="0" time="0.000000">
          <error type="Exception">JTD\LaravelMCP\Tests\Unit\Commands\MakePromptCommandTest::it_extends_generator_command
Exception: The /var/www/html/vendor/orchestra/testbench-core/laravel/bootstrap/cache directory must be present and writable.

/var/www/html/vendor/laravel/framework/src/Illuminate/Foundation/PackageManifest.php:179
/var/www/html/vendor/orchestra/testbench-core/src/Foundation/PackageManifest.php:157
/var/www/html/vendor/laravel/framework/src/Illuminate/Foundation/PackageManifest.php:132
/var/www/html/vendor/laravel/framework/src/Illuminate/Foundation/PackageManifest.php:108
/var/www/html/vendor/orchestra/testbench-core/src/Foundation/PackageManifest.php:102
/var/www/html/vendor/laravel/framework/src/Illuminate/Foundation/PackageManifest.php:91
/var/www/html/vendor/laravel/framework/src/Illuminate/Foundation/PackageManifest.php:80
/var/www/html/vendor/laravel/framework/src/Illuminate/Foundation/Bootstrap/RegisterFacades.php:26
/var/www/html/vendor/orchestra/testbench-core/src/Concerns/CreatesApplication.php:556
/var/www/html/vendor/orchestra/testbench-core/src/Concerns/CreatesApplication.php:311
/var/www/html/vendor/orchestra/testbench-core/src/TestCase.php:121
/var/www/html/vendor/orchestra/testbench-core/src/Concerns/ApplicationTestingHooks.php:74
/var/www/html/vendor/orchestra/testbench-core/src/Concerns/Testing.php:43
/var/www/html/vendor/laravel/framework/src/Illuminate/Collections/helpers.php:236
/var/www/html/vendor/orchestra/sidekick/src/functions.php:87
/var/www/html/vendor/laravel/framework/src/Illuminate/Collections/helpers.php:236
/var/www/html/vendor/orchestra/testbench-core/src/Concerns/Testing.php:57
/var/www/html/vendor/orchestra/testbench-core/src/TestCase.php:50
/var/www/html/tests/TestCase.php:61
/var/www/html/tests/Unit/Commands/MakePromptCommandTest.php:32</error>
        </testcase>
        <testcase name="it_has_correct_signature" file="/var/www/html/tests/Unit/Commands/MakePromptCommandTest.php" line="67" class="JTD\LaravelMCP\Tests\Unit\Commands\MakePromptCommandTest" classname="JTD.LaravelMCP.Tests.Unit.Commands.MakePromptCommandTest" assertions="0" time="0.000000">
          <error type="Exception">JTD\LaravelMCP\Tests\Unit\Commands\MakePromptCommandTest::it_has_correct_signature
Exception: The /var/www/html/vendor/orchestra/testbench-core/laravel/bootstrap/cache directory must be present and writable.

/var/www/html/vendor/laravel/framework/src/Illuminate/Foundation/PackageManifest.php:179
/var/www/html/vendor/orchestra/testbench-core/src/Foundation/PackageManifest.php:157
/var/www/html/vendor/laravel/framework/src/Illuminate/Foundation/PackageManifest.php:132
/var/www/html/vendor/laravel/framework/src/Illuminate/Foundation/PackageManifest.php:108
/var/www/html/vendor/orchestra/testbench-core/src/Foundation/PackageManifest.php:102
/var/www/html/vendor/laravel/framework/src/Illuminate/Foundation/PackageManifest.php:91
/var/www/html/vendor/laravel/framework/src/Illuminate/Foundation/PackageManifest.php:80
/var/www/html/vendor/laravel/framework/src/Illuminate/Foundation/Bootstrap/RegisterFacades.php:26
/var/www/html/vendor/orchestra/testbench-core/src/Concerns/CreatesApplication.php:556
/var/www/html/vendor/orchestra/testbench-core/src/Concerns/CreatesApplication.php:311
/var/www/html/vendor/orchestra/testbench-core/src/TestCase.php:121
/var/www/html/vendor/orchestra/testbench-core/src/Concerns/ApplicationTestingHooks.php:74
/var/www/html/vendor/orchestra/testbench-core/src/Concerns/Testing.php:43
/var/www/html/vendor/laravel/framework/src/Illuminate/Collections/helpers.php:236
/var/www/html/vendor/orchestra/sidekick/src/functions.php:87
/var/www/html/vendor/laravel/framework/src/Illuminate/Collections/helpers.php:236
/var/www/html/vendor/orchestra/testbench-core/src/Concerns/Testing.php:57
/var/www/html/vendor/orchestra/testbench-core/src/TestCase.php:50
/var/www/html/tests/TestCase.php:61
/var/www/html/tests/Unit/Commands/MakePromptCommandTest.php:32</error>
        </testcase>
        <testcase name="it_has_correct_description" file="/var/www/html/tests/Unit/Commands/MakePromptCommandTest.php" line="73" class="JTD\LaravelMCP\Tests\Unit\Commands\MakePromptCommandTest" classname="JTD.LaravelMCP.Tests.Unit.Commands.MakePromptCommandTest" assertions="0" time="0.000000">
          <error type="Exception">JTD\LaravelMCP\Tests\Unit\Commands\MakePromptCommandTest::it_has_correct_description
Exception: The /var/www/html/vendor/orchestra/testbench-core/laravel/bootstrap/cache directory must be present and writable.

/var/www/html/vendor/laravel/framework/src/Illuminate/Foundation/PackageManifest.php:179
/var/www/html/vendor/orchestra/testbench-core/src/Foundation/PackageManifest.php:157
/var/www/html/vendor/laravel/framework/src/Illuminate/Foundation/PackageManifest.php:132
/var/www/html/vendor/laravel/framework/src/Illuminate/Foundation/PackageManifest.php:108
/var/www/html/vendor/orchestra/testbench-core/src/Foundation/PackageManifest.php:102
/var/www/html/vendor/laravel/framework/src/Illuminate/Foundation/PackageManifest.php:91
/var/www/html/vendor/laravel/framework/src/Illuminate/Foundation/PackageManifest.php:80
/var/www/html/vendor/laravel/framework/src/Illuminate/Foundation/Bootstrap/RegisterFacades.php:26
/var/www/html/vendor/orchestra/testbench-core/src/Concerns/CreatesApplication.php:556
/var/www/html/vendor/orchestra/testbench-core/src/Concerns/CreatesApplication.php:311
/var/www/html/vendor/orchestra/testbench-core/src/TestCase.php:121
/var/www/html/vendor/orchestra/testbench-core/src/Concerns/ApplicationTestingHooks.php:74
/var/www/html/vendor/orchestra/testbench-core/src/Concerns/Testing.php:43
/var/www/html/vendor/laravel/framework/src/Illuminate/Collections/helpers.php:236
/var/www/html/vendor/orchestra/sidekick/src/functions.php:87
/var/www/html/vendor/laravel/framework/src/Illuminate/Collections/helpers.php:236
/var/www/html/vendor/orchestra/testbench-core/src/Concerns/Testing.php:57
/var/www/html/vendor/orchestra/testbench-core/src/TestCase.php:50
/var/www/html/tests/TestCase.php:61
/var/www/html/tests/Unit/Commands/MakePromptCommandTest.php:32</error>
        </testcase>
        <testcase name="it_returns_correct_stub_path" file="/var/www/html/tests/Unit/Commands/MakePromptCommandTest.php" line="79" class="JTD\LaravelMCP\Tests\Unit\Commands\MakePromptCommandTest" classname="JTD.LaravelMCP.Tests.Unit.Commands.MakePromptCommandTest" assertions="0" time="0.000000">
          <error type="Exception">JTD\LaravelMCP\Tests\Unit\Commands\MakePromptCommandTest::it_returns_correct_stub_path
Exception: The /var/www/html/vendor/orchestra/testbench-core/laravel/bootstrap/cache directory must be present and writable.

/var/www/html/vendor/laravel/framework/src/Illuminate/Foundation/PackageManifest.php:179
/var/www/html/vendor/orchestra/testbench-core/src/Foundation/PackageManifest.php:157
/var/www/html/vendor/laravel/framework/src/Illuminate/Foundation/PackageManifest.php:132
/var/www/html/vendor/laravel/framework/src/Illuminate/Foundation/PackageManifest.php:108
/var/www/html/vendor/orchestra/testbench-core/src/Foundation/PackageManifest.php:102
/var/www/html/vendor/laravel/framework/src/Illuminate/Foundation/PackageManifest.php:91
/var/www/html/vendor/laravel/framework/src/Illuminate/Foundation/PackageManifest.php:80
/var/www/html/vendor/laravel/framework/src/Illuminate/Foundation/Bootstrap/RegisterFacades.php:26
/var/www/html/vendor/orchestra/testbench-core/src/Concerns/CreatesApplication.php:556
/var/www/html/vendor/orchestra/testbench-core/src/Concerns/CreatesApplication.php:311
/var/www/html/vendor/orchestra/testbench-core/src/TestCase.php:121
/var/www/html/vendor/orchestra/testbench-core/src/Concerns/ApplicationTestingHooks.php:74
/var/www/html/vendor/orchestra/testbench-core/src/Concerns/Testing.php:43
/var/www/html/vendor/laravel/framework/src/Illuminate/Collections/helpers.php:236
/var/www/html/vendor/orchestra/sidekick/src/functions.php:87
/var/www/html/vendor/laravel/framework/src/Illuminate/Collections/helpers.php:236
/var/www/html/vendor/orchestra/testbench-core/src/Concerns/Testing.php:57
/var/www/html/vendor/orchestra/testbench-core/src/TestCase.php:50
/var/www/html/tests/TestCase.php:61
/var/www/html/tests/Unit/Commands/MakePromptCommandTest.php:32</error>
        </testcase>
        <testcase name="it_returns_correct_default_namespace" file="/var/www/html/tests/Unit/Commands/MakePromptCommandTest.php" line="91" class="JTD\LaravelMCP\Tests\Unit\Commands\MakePromptCommandTest" classname="JTD.LaravelMCP.Tests.Unit.Commands.MakePromptCommandTest" assertions="0" time="0.000000">
          <error type="Exception">JTD\LaravelMCP\Tests\Unit\Commands\MakePromptCommandTest::it_returns_correct_default_namespace
Exception: The /var/www/html/vendor/orchestra/testbench-core/laravel/bootstrap/cache directory must be present and writable.

/var/www/html/vendor/laravel/framework/src/Illuminate/Foundation/PackageManifest.php:179
/var/www/html/vendor/orchestra/testbench-core/src/Foundation/PackageManifest.php:157
/var/www/html/vendor/laravel/framework/src/Illuminate/Foundation/PackageManifest.php:132
/var/www/html/vendor/laravel/framework/src/Illuminate/Foundation/PackageManifest.php:108
/var/www/html/vendor/orchestra/testbench-core/src/Foundation/PackageManifest.php:102
/var/www/html/vendor/laravel/framework/src/Illuminate/Foundation/PackageManifest.php:91
/var/www/html/vendor/laravel/framework/src/Illuminate/Foundation/PackageManifest.php:80
/var/www/html/vendor/laravel/framework/src/Illuminate/Foundation/Bootstrap/RegisterFacades.php:26
/var/www/html/vendor/orchestra/testbench-core/src/Concerns/CreatesApplication.php:556
/var/www/html/vendor/orchestra/testbench-core/src/Concerns/CreatesApplication.php:311
/var/www/html/vendor/orchestra/testbench-core/src/TestCase.php:121
/var/www/html/vendor/orchestra/testbench-core/src/Concerns/ApplicationTestingHooks.php:74
/var/www/html/vendor/orchestra/testbench-core/src/Concerns/Testing.php:43
/var/www/html/vendor/laravel/framework/src/Illuminate/Collections/helpers.php:236
/var/www/html/vendor/orchestra/sidekick/src/functions.php:87
/var/www/html/vendor/laravel/framework/src/Illuminate/Collections/helpers.php:236
/var/www/html/vendor/orchestra/testbench-core/src/Concerns/Testing.php:57
/var/www/html/vendor/orchestra/testbench-core/src/TestCase.php:50
/var/www/html/tests/TestCase.php:61
/var/www/html/tests/Unit/Commands/MakePromptCommandTest.php:32</error>
        </testcase>
        <testcase name="it_generates_correct_prompt_name_from_class" file="/var/www/html/tests/Unit/Commands/MakePromptCommandTest.php" line="103" class="JTD\LaravelMCP\Tests\Unit\Commands\MakePromptCommandTest" classname="JTD.LaravelMCP.Tests.Unit.Commands.MakePromptCommandTest" assertions="0" time="0.000000">
          <error type="Exception">JTD\LaravelMCP\Tests\Unit\Commands\MakePromptCommandTest::it_generates_correct_prompt_name_from_class
Exception: The /var/www/html/vendor/orchestra/testbench-core/laravel/bootstrap/cache directory must be present and writable.

/var/www/html/vendor/laravel/framework/src/Illuminate/Foundation/PackageManifest.php:179
/var/www/html/vendor/orchestra/testbench-core/src/Foundation/PackageManifest.php:157
/var/www/html/vendor/laravel/framework/src/Illuminate/Foundation/PackageManifest.php:132
/var/www/html/vendor/laravel/framework/src/Illuminate/Foundation/PackageManifest.php:108
/var/www/html/vendor/orchestra/testbench-core/src/Foundation/PackageManifest.php:102
/var/www/html/vendor/laravel/framework/src/Illuminate/Foundation/PackageManifest.php:91
/var/www/html/vendor/laravel/framework/src/Illuminate/Foundation/PackageManifest.php:80
/var/www/html/vendor/laravel/framework/src/Illuminate/Foundation/Bootstrap/RegisterFacades.php:26
/var/www/html/vendor/orchestra/testbench-core/src/Concerns/CreatesApplication.php:556
/var/www/html/vendor/orchestra/testbench-core/src/Concerns/CreatesApplication.php:311
/var/www/html/vendor/orchestra/testbench-core/src/TestCase.php:121
/var/www/html/vendor/orchestra/testbench-core/src/Concerns/ApplicationTestingHooks.php:74
/var/www/html/vendor/orchestra/testbench-core/src/Concerns/Testing.php:43
/var/www/html/vendor/laravel/framework/src/Illuminate/Collections/helpers.php:236
/var/www/html/vendor/orchestra/sidekick/src/functions.php:87
/var/www/html/vendor/laravel/framework/src/Illuminate/Collections/helpers.php:236
/var/www/html/vendor/orchestra/testbench-core/src/Concerns/Testing.php:57
/var/www/html/vendor/orchestra/testbench-core/src/TestCase.php:50
/var/www/html/tests/TestCase.php:61
/var/www/html/tests/Unit/Commands/MakePromptCommandTest.php:32</error>
        </testcase>
        <testcase name="it_creates_prompt_file_successfully" file="/var/www/html/tests/Unit/Commands/MakePromptCommandTest.php" line="115" class="JTD\LaravelMCP\Tests\Unit\Commands\MakePromptCommandTest" classname="JTD.LaravelMCP.Tests.Unit.Commands.MakePromptCommandTest" assertions="0" time="0.000000">
          <error type="Exception">JTD\LaravelMCP\Tests\Unit\Commands\MakePromptCommandTest::it_creates_prompt_file_successfully
Exception: The /var/www/html/vendor/orchestra/testbench-core/laravel/bootstrap/cache directory must be present and writable.

/var/www/html/vendor/laravel/framework/src/Illuminate/Foundation/PackageManifest.php:179
/var/www/html/vendor/orchestra/testbench-core/src/Foundation/PackageManifest.php:157
/var/www/html/vendor/laravel/framework/src/Illuminate/Foundation/PackageManifest.php:132
/var/www/html/vendor/laravel/framework/src/Illuminate/Foundation/PackageManifest.php:108
/var/www/html/vendor/orchestra/testbench-core/src/Foundation/PackageManifest.php:102
/var/www/html/vendor/laravel/framework/src/Illuminate/Foundation/PackageManifest.php:91
/var/www/html/vendor/laravel/framework/src/Illuminate/Foundation/PackageManifest.php:80
/var/www/html/vendor/laravel/framework/src/Illuminate/Foundation/Bootstrap/RegisterFacades.php:26
/var/www/html/vendor/orchestra/testbench-core/src/Concerns/CreatesApplication.php:556
/var/www/html/vendor/orchestra/testbench-core/src/Concerns/CreatesApplication.php:311
/var/www/html/vendor/orchestra/testbench-core/src/TestCase.php:121
/var/www/html/vendor/orchestra/testbench-core/src/Concerns/ApplicationTestingHooks.php:74
/var/www/html/vendor/orchestra/testbench-core/src/Concerns/Testing.php:43
/var/www/html/vendor/laravel/framework/src/Illuminate/Collections/helpers.php:236
/var/www/html/vendor/orchestra/sidekick/src/functions.php:87
/var/www/html/vendor/laravel/framework/src/Illuminate/Collections/helpers.php:236
/var/www/html/vendor/orchestra/testbench-core/src/Concerns/Testing.php:57
/var/www/html/vendor/orchestra/testbench-core/src/TestCase.php:50
/var/www/html/tests/TestCase.php:61
/var/www/html/tests/Unit/Commands/MakePromptCommandTest.php:32</error>
        </testcase>
        <testcase name="it_creates_prompt_with_template_integration" file="/var/www/html/tests/Unit/Commands/MakePromptCommandTest.php" line="133" class="JTD\LaravelMCP\Tests\Unit\Commands\MakePromptCommandTest" classname="JTD.LaravelMCP.Tests.Unit.Commands.MakePromptCommandTest" assertions="0" time="0.000000">
          <error type="Exception">JTD\LaravelMCP\Tests\Unit\Commands\MakePromptCommandTest::it_creates_prompt_with_template_integration
Exception: The /var/www/html/vendor/orchestra/testbench-core/laravel/bootstrap/cache directory must be present and writable.

/var/www/html/vendor/laravel/framework/src/Illuminate/Foundation/PackageManifest.php:179
/var/www/html/vendor/orchestra/testbench-core/src/Foundation/PackageManifest.php:157
/var/www/html/vendor/laravel/framework/src/Illuminate/Foundation/PackageManifest.php:132
/var/www/html/vendor/laravel/framework/src/Illuminate/Foundation/PackageManifest.php:108
/var/www/html/vendor/orchestra/testbench-core/src/Foundation/PackageManifest.php:102
/var/www/html/vendor/laravel/framework/src/Illuminate/Foundation/PackageManifest.php:91
/var/www/html/vendor/laravel/framework/src/Illuminate/Foundation/PackageManifest.php:80
/var/www/html/vendor/laravel/framework/src/Illuminate/Foundation/Bootstrap/RegisterFacades.php:26
/var/www/html/vendor/orchestra/testbench-core/src/Concerns/CreatesApplication.php:556
/var/www/html/vendor/orchestra/testbench-core/src/Concerns/CreatesApplication.php:311
/var/www/html/vendor/orchestra/testbench-core/src/TestCase.php:121
/var/www/html/vendor/orchestra/testbench-core/src/Concerns/ApplicationTestingHooks.php:74
/var/www/html/vendor/orchestra/testbench-core/src/Concerns/Testing.php:43
/var/www/html/vendor/laravel/framework/src/Illuminate/Collections/helpers.php:236
/var/www/html/vendor/orchestra/sidekick/src/functions.php:87
/var/www/html/vendor/laravel/framework/src/Illuminate/Collections/helpers.php:236
/var/www/html/vendor/orchestra/testbench-core/src/Concerns/Testing.php:57
/var/www/html/vendor/orchestra/testbench-core/src/TestCase.php:50
/var/www/html/tests/TestCase.php:61
/var/www/html/tests/Unit/Commands/MakePromptCommandTest.php:32</error>
        </testcase>
        <testcase name="it_validates_variables_json" file="/var/www/html/tests/Unit/Commands/MakePromptCommandTest.php" line="151" class="JTD\LaravelMCP\Tests\Unit\Commands\MakePromptCommandTest" classname="JTD.LaravelMCP.Tests.Unit.Commands.MakePromptCommandTest" assertions="0" time="0.000000">
          <error type="Exception">JTD\LaravelMCP\Tests\Unit\Commands\MakePromptCommandTest::it_validates_variables_json
Exception: The /var/www/html/vendor/orchestra/testbench-core/laravel/bootstrap/cache directory must be present and writable.

/var/www/html/vendor/laravel/framework/src/Illuminate/Foundation/PackageManifest.php:179
/var/www/html/vendor/orchestra/testbench-core/src/Foundation/PackageManifest.php:157
/var/www/html/vendor/laravel/framework/src/Illuminate/Foundation/PackageManifest.php:132
/var/www/html/vendor/laravel/framework/src/Illuminate/Foundation/PackageManifest.php:108
/var/www/html/vendor/orchestra/testbench-core/src/Foundation/PackageManifest.php:102
/var/www/html/vendor/laravel/framework/src/Illuminate/Foundation/PackageManifest.php:91
/var/www/html/vendor/laravel/framework/src/Illuminate/Foundation/PackageManifest.php:80
/var/www/html/vendor/laravel/framework/src/Illuminate/Foundation/Bootstrap/RegisterFacades.php:26
/var/www/html/vendor/orchestra/testbench-core/src/Concerns/CreatesApplication.php:556
/var/www/html/vendor/orchestra/testbench-core/src/Concerns/CreatesApplication.php:311
/var/www/html/vendor/orchestra/testbench-core/src/TestCase.php:121
/var/www/html/vendor/orchestra/testbench-core/src/Concerns/ApplicationTestingHooks.php:74
/var/www/html/vendor/orchestra/testbench-core/src/Concerns/Testing.php:43
/var/www/html/vendor/laravel/framework/src/Illuminate/Collections/helpers.php:236
/var/www/html/vendor/orchestra/sidekick/src/functions.php:87
/var/www/html/vendor/laravel/framework/src/Illuminate/Collections/helpers.php:236
/var/www/html/vendor/orchestra/testbench-core/src/Concerns/Testing.php:57
/var/www/html/vendor/orchestra/testbench-core/src/TestCase.php:50
/var/www/html/tests/TestCase.php:61
/var/www/html/tests/Unit/Commands/MakePromptCommandTest.php:32</error>
        </testcase>
        <testcase name="it_validates_variable_definitions" file="/var/www/html/tests/Unit/Commands/MakePromptCommandTest.php" line="174" class="JTD\LaravelMCP\Tests\Unit\Commands\MakePromptCommandTest" classname="JTD.LaravelMCP.Tests.Unit.Commands.MakePromptCommandTest" assertions="0" time="0.000000">
          <error type="Exception">JTD\LaravelMCP\Tests\Unit\Commands\MakePromptCommandTest::it_validates_variable_definitions
Exception: The /var/www/html/vendor/orchestra/testbench-core/laravel/bootstrap/cache directory must be present and writable.

/var/www/html/vendor/laravel/framework/src/Illuminate/Foundation/PackageManifest.php:179
/var/www/html/vendor/orchestra/testbench-core/src/Foundation/PackageManifest.php:157
/var/www/html/vendor/laravel/framework/src/Illuminate/Foundation/PackageManifest.php:132
/var/www/html/vendor/laravel/framework/src/Illuminate/Foundation/PackageManifest.php:108
/var/www/html/vendor/orchestra/testbench-core/src/Foundation/PackageManifest.php:102
/var/www/html/vendor/laravel/framework/src/Illuminate/Foundation/PackageManifest.php:91
/var/www/html/vendor/laravel/framework/src/Illuminate/Foundation/PackageManifest.php:80
/var/www/html/vendor/laravel/framework/src/Illuminate/Foundation/Bootstrap/RegisterFacades.php:26
/var/www/html/vendor/orchestra/testbench-core/src/Concerns/CreatesApplication.php:556
/var/www/html/vendor/orchestra/testbench-core/src/Concerns/CreatesApplication.php:311
/var/www/html/vendor/orchestra/testbench-core/src/TestCase.php:121
/var/www/html/vendor/orchestra/testbench-core/src/Concerns/ApplicationTestingHooks.php:74
/var/www/html/vendor/orchestra/testbench-core/src/Concerns/Testing.php:43
/var/www/html/vendor/laravel/framework/src/Illuminate/Collections/helpers.php:236
/var/www/html/vendor/orchestra/sidekick/src/functions.php:87
/var/www/html/vendor/laravel/framework/src/Illuminate/Collections/helpers.php:236
/var/www/html/vendor/orchestra/testbench-core/src/Concerns/Testing.php:57
/var/www/html/vendor/orchestra/testbench-core/src/TestCase.php:50
/var/www/html/tests/TestCase.php:61
/var/www/html/tests/Unit/Commands/MakePromptCommandTest.php:32</error>
        </testcase>
        <testcase name="it_validates_invalid_class_names" file="/var/www/html/tests/Unit/Commands/MakePromptCommandTest.php" line="201" class="JTD\LaravelMCP\Tests\Unit\Commands\MakePromptCommandTest" classname="JTD.LaravelMCP.Tests.Unit.Commands.MakePromptCommandTest" assertions="0" time="0.000000">
          <error type="Exception">JTD\LaravelMCP\Tests\Unit\Commands\MakePromptCommandTest::it_validates_invalid_class_names
Exception: The /var/www/html/vendor/orchestra/testbench-core/laravel/bootstrap/cache directory must be present and writable.

/var/www/html/vendor/laravel/framework/src/Illuminate/Foundation/PackageManifest.php:179
/var/www/html/vendor/orchestra/testbench-core/src/Foundation/PackageManifest.php:157
/var/www/html/vendor/laravel/framework/src/Illuminate/Foundation/PackageManifest.php:132
/var/www/html/vendor/laravel/framework/src/Illuminate/Foundation/PackageManifest.php:108
/var/www/html/vendor/orchestra/testbench-core/src/Foundation/PackageManifest.php:102
/var/www/html/vendor/laravel/framework/src/Illuminate/Foundation/PackageManifest.php:91
/var/www/html/vendor/laravel/framework/src/Illuminate/Foundation/PackageManifest.php:80
/var/www/html/vendor/laravel/framework/src/Illuminate/Foundation/Bootstrap/RegisterFacades.php:26
/var/www/html/vendor/orchestra/testbench-core/src/Concerns/CreatesApplication.php:556
/var/www/html/vendor/orchestra/testbench-core/src/Concerns/CreatesApplication.php:311
/var/www/html/vendor/orchestra/testbench-core/src/TestCase.php:121
/var/www/html/vendor/orchestra/testbench-core/src/Concerns/ApplicationTestingHooks.php:74
/var/www/html/vendor/orchestra/testbench-core/src/Concerns/Testing.php:43
/var/www/html/vendor/laravel/framework/src/Illuminate/Collections/helpers.php:236
/var/www/html/vendor/orchestra/sidekick/src/functions.php:87
/var/www/html/vendor/laravel/framework/src/Illuminate/Collections/helpers.php:236
/var/www/html/vendor/orchestra/testbench-core/src/Concerns/Testing.php:57
/var/www/html/vendor/orchestra/testbench-core/src/TestCase.php:50
/var/www/html/tests/TestCase.php:61
/var/www/html/tests/Unit/Commands/MakePromptCommandTest.php:32</error>
        </testcase>
        <testcase name="it_handles_nonexistent_template_gracefully" file="/var/www/html/tests/Unit/Commands/MakePromptCommandTest.php" line="213" class="JTD\LaravelMCP\Tests\Unit\Commands\MakePromptCommandTest" classname="JTD.LaravelMCP.Tests.Unit.Commands.MakePromptCommandTest" assertions="0" time="0.000000">
          <error type="Exception">JTD\LaravelMCP\Tests\Unit\Commands\MakePromptCommandTest::it_handles_nonexistent_template_gracefully
Exception: The /var/www/html/vendor/orchestra/testbench-core/laravel/bootstrap/cache directory must be present and writable.

/var/www/html/vendor/laravel/framework/src/Illuminate/Foundation/PackageManifest.php:179
/var/www/html/vendor/orchestra/testbench-core/src/Foundation/PackageManifest.php:157
/var/www/html/vendor/laravel/framework/src/Illuminate/Foundation/PackageManifest.php:132
/var/www/html/vendor/laravel/framework/src/Illuminate/Foundation/PackageManifest.php:108
/var/www/html/vendor/orchestra/testbench-core/src/Foundation/PackageManifest.php:102
/var/www/html/vendor/laravel/framework/src/Illuminate/Foundation/PackageManifest.php:91
/var/www/html/vendor/laravel/framework/src/Illuminate/Foundation/PackageManifest.php:80
/var/www/html/vendor/laravel/framework/src/Illuminate/Foundation/Bootstrap/RegisterFacades.php:26
/var/www/html/vendor/orchestra/testbench-core/src/Concerns/CreatesApplication.php:556
/var/www/html/vendor/orchestra/testbench-core/src/Concerns/CreatesApplication.php:311
/var/www/html/vendor/orchestra/testbench-core/src/TestCase.php:121
/var/www/html/vendor/orchestra/testbench-core/src/Concerns/ApplicationTestingHooks.php:74
/var/www/html/vendor/orchestra/testbench-core/src/Concerns/Testing.php:43
/var/www/html/vendor/laravel/framework/src/Illuminate/Collections/helpers.php:236
/var/www/html/vendor/orchestra/sidekick/src/functions.php:87
/var/www/html/vendor/laravel/framework/src/Illuminate/Collections/helpers.php:236
/var/www/html/vendor/orchestra/testbench-core/src/Concerns/Testing.php:57
/var/www/html/vendor/orchestra/testbench-core/src/TestCase.php:50
/var/www/html/tests/TestCase.php:61
/var/www/html/tests/Unit/Commands/MakePromptCommandTest.php:32</error>
        </testcase>
        <testcase name="it_resolves_template_paths_correctly" file="/var/www/html/tests/Unit/Commands/MakePromptCommandTest.php" line="229" class="JTD\LaravelMCP\Tests\Unit\Commands\MakePromptCommandTest" classname="JTD.LaravelMCP.Tests.Unit.Commands.MakePromptCommandTest" assertions="0" time="0.000000">
          <error type="Exception">JTD\LaravelMCP\Tests\Unit\Commands\MakePromptCommandTest::it_resolves_template_paths_correctly
Exception: The /var/www/html/vendor/orchestra/testbench-core/laravel/bootstrap/cache directory must be present and writable.

/var/www/html/vendor/laravel/framework/src/Illuminate/Foundation/PackageManifest.php:179
/var/www/html/vendor/orchestra/testbench-core/src/Foundation/PackageManifest.php:157
/var/www/html/vendor/laravel/framework/src/Illuminate/Foundation/PackageManifest.php:132
/var/www/html/vendor/laravel/framework/src/Illuminate/Foundation/PackageManifest.php:108
/var/www/html/vendor/orchestra/testbench-core/src/Foundation/PackageManifest.php:102
/var/www/html/vendor/laravel/framework/src/Illuminate/Foundation/PackageManifest.php:91
/var/www/html/vendor/laravel/framework/src/Illuminate/Foundation/PackageManifest.php:80
/var/www/html/vendor/laravel/framework/src/Illuminate/Foundation/Bootstrap/RegisterFacades.php:26
/var/www/html/vendor/orchestra/testbench-core/src/Concerns/CreatesApplication.php:556
/var/www/html/vendor/orchestra/testbench-core/src/Concerns/CreatesApplication.php:311
/var/www/html/vendor/orchestra/testbench-core/src/TestCase.php:121
/var/www/html/vendor/orchestra/testbench-core/src/Concerns/ApplicationTestingHooks.php:74
/var/www/html/vendor/orchestra/testbench-core/src/Concerns/Testing.php:43
/var/www/html/vendor/laravel/framework/src/Illuminate/Collections/helpers.php:236
/var/www/html/vendor/orchestra/sidekick/src/functions.php:87
/var/www/html/vendor/laravel/framework/src/Illuminate/Collections/helpers.php:236
/var/www/html/vendor/orchestra/testbench-core/src/Concerns/Testing.php:57
/var/www/html/vendor/orchestra/testbench-core/src/TestCase.php:50
/var/www/html/tests/TestCase.php:61
/var/www/html/tests/Unit/Commands/MakePromptCommandTest.php:32</error>
        </testcase>
        <testcase name="it_handles_nested_namespaces" file="/var/www/html/tests/Unit/Commands/MakePromptCommandTest.php" line="248" class="JTD\LaravelMCP\Tests\Unit\Commands\MakePromptCommandTest" classname="JTD.LaravelMCP.Tests.Unit.Commands.MakePromptCommandTest" assertions="0" time="0.000000">
          <error type="Exception">JTD\LaravelMCP\Tests\Unit\Commands\MakePromptCommandTest::it_handles_nested_namespaces
Exception: The /var/www/html/vendor/orchestra/testbench-core/laravel/bootstrap/cache directory must be present and writable.

/var/www/html/vendor/laravel/framework/src/Illuminate/Foundation/PackageManifest.php:179
/var/www/html/vendor/orchestra/testbench-core/src/Foundation/PackageManifest.php:157
/var/www/html/vendor/laravel/framework/src/Illuminate/Foundation/PackageManifest.php:132
/var/www/html/vendor/laravel/framework/src/Illuminate/Foundation/PackageManifest.php:108
/var/www/html/vendor/orchestra/testbench-core/src/Foundation/PackageManifest.php:102
/var/www/html/vendor/laravel/framework/src/Illuminate/Foundation/PackageManifest.php:91
/var/www/html/vendor/laravel/framework/src/Illuminate/Foundation/PackageManifest.php:80
/var/www/html/vendor/laravel/framework/src/Illuminate/Foundation/Bootstrap/RegisterFacades.php:26
/var/www/html/vendor/orchestra/testbench-core/src/Concerns/CreatesApplication.php:556
/var/www/html/vendor/orchestra/testbench-core/src/Concerns/CreatesApplication.php:311
/var/www/html/vendor/orchestra/testbench-core/src/TestCase.php:121
/var/www/html/vendor/orchestra/testbench-core/src/Concerns/ApplicationTestingHooks.php:74
/var/www/html/vendor/orchestra/testbench-core/src/Concerns/Testing.php:43
/var/www/html/vendor/laravel/framework/src/Illuminate/Collections/helpers.php:236
/var/www/html/vendor/orchestra/sidekick/src/functions.php:87
/var/www/html/vendor/laravel/framework/src/Illuminate/Collections/helpers.php:236
/var/www/html/vendor/orchestra/testbench-core/src/Concerns/Testing.php:57
/var/www/html/vendor/orchestra/testbench-core/src/TestCase.php:50
/var/www/html/tests/TestCase.php:61
/var/www/html/tests/Unit/Commands/MakePromptCommandTest.php:32</error>
        </testcase>
        <testcase name="it_handles_force_option_to_overwrite_existing_files" file="/var/www/html/tests/Unit/Commands/MakePromptCommandTest.php" line="265" class="JTD\LaravelMCP\Tests\Unit\Commands\MakePromptCommandTest" classname="JTD.LaravelMCP.Tests.Unit.Commands.MakePromptCommandTest" assertions="0" time="0.000000">
          <error type="Exception">JTD\LaravelMCP\Tests\Unit\Commands\MakePromptCommandTest::it_handles_force_option_to_overwrite_existing_files
Exception: The /var/www/html/vendor/orchestra/testbench-core/laravel/bootstrap/cache directory must be present and writable.

/var/www/html/vendor/laravel/framework/src/Illuminate/Foundation/PackageManifest.php:179
/var/www/html/vendor/orchestra/testbench-core/src/Foundation/PackageManifest.php:157
/var/www/html/vendor/laravel/framework/src/Illuminate/Foundation/PackageManifest.php:132
/var/www/html/vendor/laravel/framework/src/Illuminate/Foundation/PackageManifest.php:108
/var/www/html/vendor/orchestra/testbench-core/src/Foundation/PackageManifest.php:102
/var/www/html/vendor/laravel/framework/src/Illuminate/Foundation/PackageManifest.php:91
/var/www/html/vendor/laravel/framework/src/Illuminate/Foundation/PackageManifest.php:80
/var/www/html/vendor/laravel/framework/src/Illuminate/Foundation/Bootstrap/RegisterFacades.php:26
/var/www/html/vendor/orchestra/testbench-core/src/Concerns/CreatesApplication.php:556
/var/www/html/vendor/orchestra/testbench-core/src/Concerns/CreatesApplication.php:311
/var/www/html/vendor/orchestra/testbench-core/src/TestCase.php:121
/var/www/html/vendor/orchestra/testbench-core/src/Concerns/ApplicationTestingHooks.php:74
/var/www/html/vendor/orchestra/testbench-core/src/Concerns/Testing.php:43
/var/www/html/vendor/laravel/framework/src/Illuminate/Collections/helpers.php:236
/var/www/html/vendor/orchestra/sidekick/src/functions.php:87
/var/www/html/vendor/laravel/framework/src/Illuminate/Collections/helpers.php:236
/var/www/html/vendor/orchestra/testbench-core/src/Concerns/Testing.php:57
/var/www/html/vendor/orchestra/testbench-core/src/TestCase.php:50
/var/www/html/tests/TestCase.php:61
/var/www/html/tests/Unit/Commands/MakePromptCommandTest.php:32</error>
        </testcase>
        <testcase name="it_displays_success_message_with_details" file="/var/www/html/tests/Unit/Commands/MakePromptCommandTest.php" line="280" class="JTD\LaravelMCP\Tests\Unit\Commands\MakePromptCommandTest" classname="JTD.LaravelMCP.Tests.Unit.Commands.MakePromptCommandTest" assertions="0" time="0.000000">
          <error type="Exception">JTD\LaravelMCP\Tests\Unit\Commands\MakePromptCommandTest::it_displays_success_message_with_details
Exception: The /var/www/html/vendor/orchestra/testbench-core/laravel/bootstrap/cache directory must be present and writable.

/var/www/html/vendor/laravel/framework/src/Illuminate/Foundation/PackageManifest.php:179
/var/www/html/vendor/orchestra/testbench-core/src/Foundation/PackageManifest.php:157
/var/www/html/vendor/laravel/framework/src/Illuminate/Foundation/PackageManifest.php:132
/var/www/html/vendor/laravel/framework/src/Illuminate/Foundation/PackageManifest.php:108
/var/www/html/vendor/orchestra/testbench-core/src/Foundation/PackageManifest.php:102
/var/www/html/vendor/laravel/framework/src/Illuminate/Foundation/PackageManifest.php:91
/var/www/html/vendor/laravel/framework/src/Illuminate/Foundation/PackageManifest.php:80
/var/www/html/vendor/laravel/framework/src/Illuminate/Foundation/Bootstrap/RegisterFacades.php:26
/var/www/html/vendor/orchestra/testbench-core/src/Concerns/CreatesApplication.php:556
/var/www/html/vendor/orchestra/testbench-core/src/Concerns/CreatesApplication.php:311
/var/www/html/vendor/orchestra/testbench-core/src/TestCase.php:121
/var/www/html/vendor/orchestra/testbench-core/src/Concerns/ApplicationTestingHooks.php:74
/var/www/html/vendor/orchestra/testbench-core/src/Concerns/Testing.php:43
/var/www/html/vendor/laravel/framework/src/Illuminate/Collections/helpers.php:236
/var/www/html/vendor/orchestra/sidekick/src/functions.php:87
/var/www/html/vendor/laravel/framework/src/Illuminate/Collections/helpers.php:236
/var/www/html/vendor/orchestra/testbench-core/src/Concerns/Testing.php:57
/var/www/html/vendor/orchestra/testbench-core/src/TestCase.php:50
/var/www/html/tests/TestCase.php:61
/var/www/html/tests/Unit/Commands/MakePromptCommandTest.php:32</error>
        </testcase>
        <testcase name="it_generates_description_with_template_context" file="/var/www/html/tests/Unit/Commands/MakePromptCommandTest.php" line="301" class="JTD\LaravelMCP\Tests\Unit\Commands\MakePromptCommandTest" classname="JTD.LaravelMCP.Tests.Unit.Commands.MakePromptCommandTest" assertions="0" time="0.000000">
          <error type="Exception">JTD\LaravelMCP\Tests\Unit\Commands\MakePromptCommandTest::it_generates_description_with_template_context
Exception: The /var/www/html/vendor/orchestra/testbench-core/laravel/bootstrap/cache directory must be present and writable.

/var/www/html/vendor/laravel/framework/src/Illuminate/Foundation/PackageManifest.php:179
/var/www/html/vendor/orchestra/testbench-core/src/Foundation/PackageManifest.php:157
/var/www/html/vendor/laravel/framework/src/Illuminate/Foundation/PackageManifest.php:132
/var/www/html/vendor/laravel/framework/src/Illuminate/Foundation/PackageManifest.php:108
/var/www/html/vendor/orchestra/testbench-core/src/Foundation/PackageManifest.php:102
/var/www/html/vendor/laravel/framework/src/Illuminate/Foundation/PackageManifest.php:91
/var/www/html/vendor/laravel/framework/src/Illuminate/Foundation/PackageManifest.php:80
/var/www/html/vendor/laravel/framework/src/Illuminate/Foundation/Bootstrap/RegisterFacades.php:26
/var/www/html/vendor/orchestra/testbench-core/src/Concerns/CreatesApplication.php:556
/var/www/html/vendor/orchestra/testbench-core/src/Concerns/CreatesApplication.php:311
/var/www/html/vendor/orchestra/testbench-core/src/TestCase.php:121
/var/www/html/vendor/orchestra/testbench-core/src/Concerns/ApplicationTestingHooks.php:74
/var/www/html/vendor/orchestra/testbench-core/src/Concerns/Testing.php:43
/var/www/html/vendor/laravel/framework/src/Illuminate/Collections/helpers.php:236
/var/www/html/vendor/orchestra/sidekick/src/functions.php:87
/var/www/html/vendor/laravel/framework/src/Illuminate/Collections/helpers.php:236
/var/www/html/vendor/orchestra/testbench-core/src/Concerns/Testing.php:57
/var/www/html/vendor/orchestra/testbench-core/src/TestCase.php:50
/var/www/html/tests/TestCase.php:61
/var/www/html/tests/Unit/Commands/MakePromptCommandTest.php:32</error>
        </testcase>
        <testcase name="it_handles_empty_options_gracefully" file="/var/www/html/tests/Unit/Commands/MakePromptCommandTest.php" line="319" class="JTD\LaravelMCP\Tests\Unit\Commands\MakePromptCommandTest" classname="JTD.LaravelMCP.Tests.Unit.Commands.MakePromptCommandTest" assertions="0" time="0.000000">
          <error type="Exception">JTD\LaravelMCP\Tests\Unit\Commands\MakePromptCommandTest::it_handles_empty_options_gracefully
Exception: The /var/www/html/vendor/orchestra/testbench-core/laravel/bootstrap/cache directory must be present and writable.

/var/www/html/vendor/laravel/framework/src/Illuminate/Foundation/PackageManifest.php:179
/var/www/html/vendor/orchestra/testbench-core/src/Foundation/PackageManifest.php:157
/var/www/html/vendor/laravel/framework/src/Illuminate/Foundation/PackageManifest.php:132
/var/www/html/vendor/laravel/framework/src/Illuminate/Foundation/PackageManifest.php:108
/var/www/html/vendor/orchestra/testbench-core/src/Foundation/PackageManifest.php:102
/var/www/html/vendor/laravel/framework/src/Illuminate/Foundation/PackageManifest.php:91
/var/www/html/vendor/laravel/framework/src/Illuminate/Foundation/PackageManifest.php:80
/var/www/html/vendor/laravel/framework/src/Illuminate/Foundation/Bootstrap/RegisterFacades.php:26
/var/www/html/vendor/orchestra/testbench-core/src/Concerns/CreatesApplication.php:556
/var/www/html/vendor/orchestra/testbench-core/src/Concerns/CreatesApplication.php:311
/var/www/html/vendor/orchestra/testbench-core/src/TestCase.php:121
/var/www/html/vendor/orchestra/testbench-core/src/Concerns/ApplicationTestingHooks.php:74
/var/www/html/vendor/orchestra/testbench-core/src/Concerns/Testing.php:43
/var/www/html/vendor/laravel/framework/src/Illuminate/Collections/helpers.php:236
/var/www/html/vendor/orchestra/sidekick/src/functions.php:87
/var/www/html/vendor/laravel/framework/src/Illuminate/Collections/helpers.php:236
/var/www/html/vendor/orchestra/testbench-core/src/Concerns/Testing.php:57
/var/www/html/vendor/orchestra/testbench-core/src/TestCase.php:50
/var/www/html/tests/TestCase.php:61
/var/www/html/tests/Unit/Commands/MakePromptCommandTest.php:32</error>
        </testcase>
        <testcase name="it_handles_filesystem_errors_gracefully" file="/var/www/html/tests/Unit/Commands/MakePromptCommandTest.php" line="338" class="JTD\LaravelMCP\Tests\Unit\Commands\MakePromptCommandTest" classname="JTD.LaravelMCP.Tests.Unit.Commands.MakePromptCommandTest" assertions="0" time="0.000000">
          <error type="Exception">JTD\LaravelMCP\Tests\Unit\Commands\MakePromptCommandTest::it_handles_filesystem_errors_gracefully
Exception: The /var/www/html/vendor/orchestra/testbench-core/laravel/bootstrap/cache directory must be present and writable.

/var/www/html/vendor/laravel/framework/src/Illuminate/Foundation/PackageManifest.php:179
/var/www/html/vendor/orchestra/testbench-core/src/Foundation/PackageManifest.php:157
/var/www/html/vendor/laravel/framework/src/Illuminate/Foundation/PackageManifest.php:132
/var/www/html/vendor/laravel/framework/src/Illuminate/Foundation/PackageManifest.php:108
/var/www/html/vendor/orchestra/testbench-core/src/Foundation/PackageManifest.php:102
/var/www/html/vendor/laravel/framework/src/Illuminate/Foundation/PackageManifest.php:91
/var/www/html/vendor/laravel/framework/src/Illuminate/Foundation/PackageManifest.php:80
/var/www/html/vendor/laravel/framework/src/Illuminate/Foundation/Bootstrap/RegisterFacades.php:26
/var/www/html/vendor/orchestra/testbench-core/src/Concerns/CreatesApplication.php:556
/var/www/html/vendor/orchestra/testbench-core/src/Concerns/CreatesApplication.php:311
/var/www/html/vendor/orchestra/testbench-core/src/TestCase.php:121
/var/www/html/vendor/orchestra/testbench-core/src/Concerns/ApplicationTestingHooks.php:74
/var/www/html/vendor/orchestra/testbench-core/src/Concerns/Testing.php:43
/var/www/html/vendor/laravel/framework/src/Illuminate/Collections/helpers.php:236
/var/www/html/vendor/orchestra/sidekick/src/functions.php:87
/var/www/html/vendor/laravel/framework/src/Illuminate/Collections/helpers.php:236
/var/www/html/vendor/orchestra/testbench-core/src/Concerns/Testing.php:57
/var/www/html/vendor/orchestra/testbench-core/src/TestCase.php:50
/var/www/html/tests/TestCase.php:61
/var/www/html/tests/Unit/Commands/MakePromptCommandTest.php:32</error>
        </testcase>
      </testsuite>
      <testsuite name="JTD\LaravelMCP\Tests\Unit\Commands\MakeResourceCommandTest" file="/var/www/html/tests/Unit/Commands/MakeResourceCommandTest.php" tests="18" assertions="0" errors="18" failures="0" skipped="0" time="0.000000">
        <testcase name="it_extends_generator_command" file="/var/www/html/tests/Unit/Commands/MakeResourceCommandTest.php" line="61" class="JTD\LaravelMCP\Tests\Unit\Commands\MakeResourceCommandTest" classname="JTD.LaravelMCP.Tests.Unit.Commands.MakeResourceCommandTest" assertions="0" time="0.000000">
          <error type="Exception">JTD\LaravelMCP\Tests\Unit\Commands\MakeResourceCommandTest::it_extends_generator_command
Exception: The /var/www/html/vendor/orchestra/testbench-core/laravel/bootstrap/cache directory must be present and writable.

/var/www/html/vendor/laravel/framework/src/Illuminate/Foundation/PackageManifest.php:179
/var/www/html/vendor/orchestra/testbench-core/src/Foundation/PackageManifest.php:157
/var/www/html/vendor/laravel/framework/src/Illuminate/Foundation/PackageManifest.php:132
/var/www/html/vendor/laravel/framework/src/Illuminate/Foundation/PackageManifest.php:108
/var/www/html/vendor/orchestra/testbench-core/src/Foundation/PackageManifest.php:102
/var/www/html/vendor/laravel/framework/src/Illuminate/Foundation/PackageManifest.php:91
/var/www/html/vendor/laravel/framework/src/Illuminate/Foundation/PackageManifest.php:80
/var/www/html/vendor/laravel/framework/src/Illuminate/Foundation/Bootstrap/RegisterFacades.php:26
/var/www/html/vendor/orchestra/testbench-core/src/Concerns/CreatesApplication.php:556
/var/www/html/vendor/orchestra/testbench-core/src/Concerns/CreatesApplication.php:311
/var/www/html/vendor/orchestra/testbench-core/src/TestCase.php:121
/var/www/html/vendor/orchestra/testbench-core/src/Concerns/ApplicationTestingHooks.php:74
/var/www/html/vendor/orchestra/testbench-core/src/Concerns/Testing.php:43
/var/www/html/vendor/laravel/framework/src/Illuminate/Collections/helpers.php:236
/var/www/html/vendor/orchestra/sidekick/src/functions.php:87
/var/www/html/vendor/laravel/framework/src/Illuminate/Collections/helpers.php:236
/var/www/html/vendor/orchestra/testbench-core/src/Concerns/Testing.php:57
/var/www/html/vendor/orchestra/testbench-core/src/TestCase.php:50
/var/www/html/tests/TestCase.php:61
/var/www/html/tests/Unit/Commands/MakeResourceCommandTest.php:32</error>
        </testcase>
        <testcase name="it_has_correct_signature" file="/var/www/html/tests/Unit/Commands/MakeResourceCommandTest.php" line="67" class="JTD\LaravelMCP\Tests\Unit\Commands\MakeResourceCommandTest" classname="JTD.LaravelMCP.Tests.Unit.Commands.MakeResourceCommandTest" assertions="0" time="0.000000">
          <error type="Exception">JTD\LaravelMCP\Tests\Unit\Commands\MakeResourceCommandTest::it_has_correct_signature
Exception: The /var/www/html/vendor/orchestra/testbench-core/laravel/bootstrap/cache directory must be present and writable.

/var/www/html/vendor/laravel/framework/src/Illuminate/Foundation/PackageManifest.php:179
/var/www/html/vendor/orchestra/testbench-core/src/Foundation/PackageManifest.php:157
/var/www/html/vendor/laravel/framework/src/Illuminate/Foundation/PackageManifest.php:132
/var/www/html/vendor/laravel/framework/src/Illuminate/Foundation/PackageManifest.php:108
/var/www/html/vendor/orchestra/testbench-core/src/Foundation/PackageManifest.php:102
/var/www/html/vendor/laravel/framework/src/Illuminate/Foundation/PackageManifest.php:91
/var/www/html/vendor/laravel/framework/src/Illuminate/Foundation/PackageManifest.php:80
/var/www/html/vendor/laravel/framework/src/Illuminate/Foundation/Bootstrap/RegisterFacades.php:26
/var/www/html/vendor/orchestra/testbench-core/src/Concerns/CreatesApplication.php:556
/var/www/html/vendor/orchestra/testbench-core/src/Concerns/CreatesApplication.php:311
/var/www/html/vendor/orchestra/testbench-core/src/TestCase.php:121
/var/www/html/vendor/orchestra/testbench-core/src/Concerns/ApplicationTestingHooks.php:74
/var/www/html/vendor/orchestra/testbench-core/src/Concerns/Testing.php:43
/var/www/html/vendor/laravel/framework/src/Illuminate/Collections/helpers.php:236
/var/www/html/vendor/orchestra/sidekick/src/functions.php:87
/var/www/html/vendor/laravel/framework/src/Illuminate/Collections/helpers.php:236
/var/www/html/vendor/orchestra/testbench-core/src/Concerns/Testing.php:57
/var/www/html/vendor/orchestra/testbench-core/src/TestCase.php:50
/var/www/html/tests/TestCase.php:61
/var/www/html/tests/Unit/Commands/MakeResourceCommandTest.php:32</error>
        </testcase>
        <testcase name="it_has_correct_description" file="/var/www/html/tests/Unit/Commands/MakeResourceCommandTest.php" line="73" class="JTD\LaravelMCP\Tests\Unit\Commands\MakeResourceCommandTest" classname="JTD.LaravelMCP.Tests.Unit.Commands.MakeResourceCommandTest" assertions="0" time="0.000000">
          <error type="Exception">JTD\LaravelMCP\Tests\Unit\Commands\MakeResourceCommandTest::it_has_correct_description
Exception: The /var/www/html/vendor/orchestra/testbench-core/laravel/bootstrap/cache directory must be present and writable.

/var/www/html/vendor/laravel/framework/src/Illuminate/Foundation/PackageManifest.php:179
/var/www/html/vendor/orchestra/testbench-core/src/Foundation/PackageManifest.php:157
/var/www/html/vendor/laravel/framework/src/Illuminate/Foundation/PackageManifest.php:132
/var/www/html/vendor/laravel/framework/src/Illuminate/Foundation/PackageManifest.php:108
/var/www/html/vendor/orchestra/testbench-core/src/Foundation/PackageManifest.php:102
/var/www/html/vendor/laravel/framework/src/Illuminate/Foundation/PackageManifest.php:91
/var/www/html/vendor/laravel/framework/src/Illuminate/Foundation/PackageManifest.php:80
/var/www/html/vendor/laravel/framework/src/Illuminate/Foundation/Bootstrap/RegisterFacades.php:26
/var/www/html/vendor/orchestra/testbench-core/src/Concerns/CreatesApplication.php:556
/var/www/html/vendor/orchestra/testbench-core/src/Concerns/CreatesApplication.php:311
/var/www/html/vendor/orchestra/testbench-core/src/TestCase.php:121
/var/www/html/vendor/orchestra/testbench-core/src/Concerns/ApplicationTestingHooks.php:74
/var/www/html/vendor/orchestra/testbench-core/src/Concerns/Testing.php:43
/var/www/html/vendor/laravel/framework/src/Illuminate/Collections/helpers.php:236
/var/www/html/vendor/orchestra/sidekick/src/functions.php:87
/var/www/html/vendor/laravel/framework/src/Illuminate/Collections/helpers.php:236
/var/www/html/vendor/orchestra/testbench-core/src/Concerns/Testing.php:57
/var/www/html/vendor/orchestra/testbench-core/src/TestCase.php:50
/var/www/html/tests/TestCase.php:61
/var/www/html/tests/Unit/Commands/MakeResourceCommandTest.php:32</error>
        </testcase>
        <testcase name="it_returns_correct_stub_path" file="/var/www/html/tests/Unit/Commands/MakeResourceCommandTest.php" line="79" class="JTD\LaravelMCP\Tests\Unit\Commands\MakeResourceCommandTest" classname="JTD.LaravelMCP.Tests.Unit.Commands.MakeResourceCommandTest" assertions="0" time="0.000000">
          <error type="Exception">JTD\LaravelMCP\Tests\Unit\Commands\MakeResourceCommandTest::it_returns_correct_stub_path
Exception: The /var/www/html/vendor/orchestra/testbench-core/laravel/bootstrap/cache directory must be present and writable.

/var/www/html/vendor/laravel/framework/src/Illuminate/Foundation/PackageManifest.php:179
/var/www/html/vendor/orchestra/testbench-core/src/Foundation/PackageManifest.php:157
/var/www/html/vendor/laravel/framework/src/Illuminate/Foundation/PackageManifest.php:132
/var/www/html/vendor/laravel/framework/src/Illuminate/Foundation/PackageManifest.php:108
/var/www/html/vendor/orchestra/testbench-core/src/Foundation/PackageManifest.php:102
/var/www/html/vendor/laravel/framework/src/Illuminate/Foundation/PackageManifest.php:91
/var/www/html/vendor/laravel/framework/src/Illuminate/Foundation/PackageManifest.php:80
/var/www/html/vendor/laravel/framework/src/Illuminate/Foundation/Bootstrap/RegisterFacades.php:26
/var/www/html/vendor/orchestra/testbench-core/src/Concerns/CreatesApplication.php:556
/var/www/html/vendor/orchestra/testbench-core/src/Concerns/CreatesApplication.php:311
/var/www/html/vendor/orchestra/testbench-core/src/TestCase.php:121
/var/www/html/vendor/orchestra/testbench-core/src/Concerns/ApplicationTestingHooks.php:74
/var/www/html/vendor/orchestra/testbench-core/src/Concerns/Testing.php:43
/var/www/html/vendor/laravel/framework/src/Illuminate/Collections/helpers.php:236
/var/www/html/vendor/orchestra/sidekick/src/functions.php:87
/var/www/html/vendor/laravel/framework/src/Illuminate/Collections/helpers.php:236
/var/www/html/vendor/orchestra/testbench-core/src/Concerns/Testing.php:57
/var/www/html/vendor/orchestra/testbench-core/src/TestCase.php:50
/var/www/html/tests/TestCase.php:61
/var/www/html/tests/Unit/Commands/MakeResourceCommandTest.php:32</error>
        </testcase>
        <testcase name="it_returns_correct_default_namespace" file="/var/www/html/tests/Unit/Commands/MakeResourceCommandTest.php" line="91" class="JTD\LaravelMCP\Tests\Unit\Commands\MakeResourceCommandTest" classname="JTD.LaravelMCP.Tests.Unit.Commands.MakeResourceCommandTest" assertions="0" time="0.000000">
          <error type="Exception">JTD\LaravelMCP\Tests\Unit\Commands\MakeResourceCommandTest::it_returns_correct_default_namespace
Exception: The /var/www/html/vendor/orchestra/testbench-core/laravel/bootstrap/cache directory must be present and writable.

/var/www/html/vendor/laravel/framework/src/Illuminate/Foundation/PackageManifest.php:179
/var/www/html/vendor/orchestra/testbench-core/src/Foundation/PackageManifest.php:157
/var/www/html/vendor/laravel/framework/src/Illuminate/Foundation/PackageManifest.php:132
/var/www/html/vendor/laravel/framework/src/Illuminate/Foundation/PackageManifest.php:108
/var/www/html/vendor/orchestra/testbench-core/src/Foundation/PackageManifest.php:102
/var/www/html/vendor/laravel/framework/src/Illuminate/Foundation/PackageManifest.php:91
/var/www/html/vendor/laravel/framework/src/Illuminate/Foundation/PackageManifest.php:80
/var/www/html/vendor/laravel/framework/src/Illuminate/Foundation/Bootstrap/RegisterFacades.php:26
/var/www/html/vendor/orchestra/testbench-core/src/Concerns/CreatesApplication.php:556
/var/www/html/vendor/orchestra/testbench-core/src/Concerns/CreatesApplication.php:311
/var/www/html/vendor/orchestra/testbench-core/src/TestCase.php:121
/var/www/html/vendor/orchestra/testbench-core/src/Concerns/ApplicationTestingHooks.php:74
/var/www/html/vendor/orchestra/testbench-core/src/Concerns/Testing.php:43
/var/www/html/vendor/laravel/framework/src/Illuminate/Collections/helpers.php:236
/var/www/html/vendor/orchestra/sidekick/src/functions.php:87
/var/www/html/vendor/laravel/framework/src/Illuminate/Collections/helpers.php:236
/var/www/html/vendor/orchestra/testbench-core/src/Concerns/Testing.php:57
/var/www/html/vendor/orchestra/testbench-core/src/TestCase.php:50
/var/www/html/tests/TestCase.php:61
/var/www/html/tests/Unit/Commands/MakeResourceCommandTest.php:32</error>
        </testcase>
        <testcase name="it_generates_correct_resource_name_from_class" file="/var/www/html/tests/Unit/Commands/MakeResourceCommandTest.php" line="103" class="JTD\LaravelMCP\Tests\Unit\Commands\MakeResourceCommandTest" classname="JTD.LaravelMCP.Tests.Unit.Commands.MakeResourceCommandTest" assertions="0" time="0.000000">
          <error type="Exception">JTD\LaravelMCP\Tests\Unit\Commands\MakeResourceCommandTest::it_generates_correct_resource_name_from_class
Exception: The /var/www/html/vendor/orchestra/testbench-core/laravel/bootstrap/cache directory must be present and writable.

/var/www/html/vendor/laravel/framework/src/Illuminate/Foundation/PackageManifest.php:179
/var/www/html/vendor/orchestra/testbench-core/src/Foundation/PackageManifest.php:157
/var/www/html/vendor/laravel/framework/src/Illuminate/Foundation/PackageManifest.php:132
/var/www/html/vendor/laravel/framework/src/Illuminate/Foundation/PackageManifest.php:108
/var/www/html/vendor/orchestra/testbench-core/src/Foundation/PackageManifest.php:102
/var/www/html/vendor/laravel/framework/src/Illuminate/Foundation/PackageManifest.php:91
/var/www/html/vendor/laravel/framework/src/Illuminate/Foundation/PackageManifest.php:80
/var/www/html/vendor/laravel/framework/src/Illuminate/Foundation/Bootstrap/RegisterFacades.php:26
/var/www/html/vendor/orchestra/testbench-core/src/Concerns/CreatesApplication.php:556
/var/www/html/vendor/orchestra/testbench-core/src/Concerns/CreatesApplication.php:311
/var/www/html/vendor/orchestra/testbench-core/src/TestCase.php:121
/var/www/html/vendor/orchestra/testbench-core/src/Concerns/ApplicationTestingHooks.php:74
/var/www/html/vendor/orchestra/testbench-core/src/Concerns/Testing.php:43
/var/www/html/vendor/laravel/framework/src/Illuminate/Collections/helpers.php:236
/var/www/html/vendor/orchestra/sidekick/src/functions.php:87
/var/www/html/vendor/laravel/framework/src/Illuminate/Collections/helpers.php:236
/var/www/html/vendor/orchestra/testbench-core/src/Concerns/Testing.php:57
/var/www/html/vendor/orchestra/testbench-core/src/TestCase.php:50
/var/www/html/tests/TestCase.php:61
/var/www/html/tests/Unit/Commands/MakeResourceCommandTest.php:32</error>
        </testcase>
        <testcase name="it_creates_resource_file_successfully" file="/var/www/html/tests/Unit/Commands/MakeResourceCommandTest.php" line="115" class="JTD\LaravelMCP\Tests\Unit\Commands\MakeResourceCommandTest" classname="JTD.LaravelMCP.Tests.Unit.Commands.MakeResourceCommandTest" assertions="0" time="0.000000">
          <error type="Exception">JTD\LaravelMCP\Tests\Unit\Commands\MakeResourceCommandTest::it_creates_resource_file_successfully
Exception: The /var/www/html/vendor/orchestra/testbench-core/laravel/bootstrap/cache directory must be present and writable.

/var/www/html/vendor/laravel/framework/src/Illuminate/Foundation/PackageManifest.php:179
/var/www/html/vendor/orchestra/testbench-core/src/Foundation/PackageManifest.php:157
/var/www/html/vendor/laravel/framework/src/Illuminate/Foundation/PackageManifest.php:132
/var/www/html/vendor/laravel/framework/src/Illuminate/Foundation/PackageManifest.php:108
/var/www/html/vendor/orchestra/testbench-core/src/Foundation/PackageManifest.php:102
/var/www/html/vendor/laravel/framework/src/Illuminate/Foundation/PackageManifest.php:91
/var/www/html/vendor/laravel/framework/src/Illuminate/Foundation/PackageManifest.php:80
/var/www/html/vendor/laravel/framework/src/Illuminate/Foundation/Bootstrap/RegisterFacades.php:26
/var/www/html/vendor/orchestra/testbench-core/src/Concerns/CreatesApplication.php:556
/var/www/html/vendor/orchestra/testbench-core/src/Concerns/CreatesApplication.php:311
/var/www/html/vendor/orchestra/testbench-core/src/TestCase.php:121
/var/www/html/vendor/orchestra/testbench-core/src/Concerns/ApplicationTestingHooks.php:74
/var/www/html/vendor/orchestra/testbench-core/src/Concerns/Testing.php:43
/var/www/html/vendor/laravel/framework/src/Illuminate/Collections/helpers.php:236
/var/www/html/vendor/orchestra/sidekick/src/functions.php:87
/var/www/html/vendor/laravel/framework/src/Illuminate/Collections/helpers.php:236
/var/www/html/vendor/orchestra/testbench-core/src/Concerns/Testing.php:57
/var/www/html/vendor/orchestra/testbench-core/src/TestCase.php:50
/var/www/html/tests/TestCase.php:61
/var/www/html/tests/Unit/Commands/MakeResourceCommandTest.php:32</error>
        </testcase>
        <testcase name="it_creates_resource_with_model_integration" file="/var/www/html/tests/Unit/Commands/MakeResourceCommandTest.php" line="133" class="JTD\LaravelMCP\Tests\Unit\Commands\MakeResourceCommandTest" classname="JTD.LaravelMCP.Tests.Unit.Commands.MakeResourceCommandTest" assertions="0" time="0.000000">
          <error type="Exception">JTD\LaravelMCP\Tests\Unit\Commands\MakeResourceCommandTest::it_creates_resource_with_model_integration
Exception: The /var/www/html/vendor/orchestra/testbench-core/laravel/bootstrap/cache directory must be present and writable.

/var/www/html/vendor/laravel/framework/src/Illuminate/Foundation/PackageManifest.php:179
/var/www/html/vendor/orchestra/testbench-core/src/Foundation/PackageManifest.php:157
/var/www/html/vendor/laravel/framework/src/Illuminate/Foundation/PackageManifest.php:132
/var/www/html/vendor/laravel/framework/src/Illuminate/Foundation/PackageManifest.php:108
/var/www/html/vendor/orchestra/testbench-core/src/Foundation/PackageManifest.php:102
/var/www/html/vendor/laravel/framework/src/Illuminate/Foundation/PackageManifest.php:91
/var/www/html/vendor/laravel/framework/src/Illuminate/Foundation/PackageManifest.php:80
/var/www/html/vendor/laravel/framework/src/Illuminate/Foundation/Bootstrap/RegisterFacades.php:26
/var/www/html/vendor/orchestra/testbench-core/src/Concerns/CreatesApplication.php:556
/var/www/html/vendor/orchestra/testbench-core/src/Concerns/CreatesApplication.php:311
/var/www/html/vendor/orchestra/testbench-core/src/TestCase.php:121
/var/www/html/vendor/orchestra/testbench-core/src/Concerns/ApplicationTestingHooks.php:74
/var/www/html/vendor/orchestra/testbench-core/src/Concerns/Testing.php:43
/var/www/html/vendor/laravel/framework/src/Illuminate/Collections/helpers.php:236
/var/www/html/vendor/orchestra/sidekick/src/functions.php:87
/var/www/html/vendor/laravel/framework/src/Illuminate/Collections/helpers.php:236
/var/www/html/vendor/orchestra/testbench-core/src/Concerns/Testing.php:57
/var/www/html/vendor/orchestra/testbench-core/src/TestCase.php:50
/var/www/html/tests/TestCase.php:61
/var/www/html/tests/Unit/Commands/MakeResourceCommandTest.php:32</error>
        </testcase>
        <testcase name="it_creates_resource_with_custom_uri_template" file="/var/www/html/tests/Unit/Commands/MakeResourceCommandTest.php" line="152" class="JTD\LaravelMCP\Tests\Unit\Commands\MakeResourceCommandTest" classname="JTD.LaravelMCP.Tests.Unit.Commands.MakeResourceCommandTest" assertions="0" time="0.000000">
          <error type="Exception">JTD\LaravelMCP\Tests\Unit\Commands\MakeResourceCommandTest::it_creates_resource_with_custom_uri_template
Exception: The /var/www/html/vendor/orchestra/testbench-core/laravel/bootstrap/cache directory must be present and writable.

/var/www/html/vendor/laravel/framework/src/Illuminate/Foundation/PackageManifest.php:179
/var/www/html/vendor/orchestra/testbench-core/src/Foundation/PackageManifest.php:157
/var/www/html/vendor/laravel/framework/src/Illuminate/Foundation/PackageManifest.php:132
/var/www/html/vendor/laravel/framework/src/Illuminate/Foundation/PackageManifest.php:108
/var/www/html/vendor/orchestra/testbench-core/src/Foundation/PackageManifest.php:102
/var/www/html/vendor/laravel/framework/src/Illuminate/Foundation/PackageManifest.php:91
/var/www/html/vendor/laravel/framework/src/Illuminate/Foundation/PackageManifest.php:80
/var/www/html/vendor/laravel/framework/src/Illuminate/Foundation/Bootstrap/RegisterFacades.php:26
/var/www/html/vendor/orchestra/testbench-core/src/Concerns/CreatesApplication.php:556
/var/www/html/vendor/orchestra/testbench-core/src/Concerns/CreatesApplication.php:311
/var/www/html/vendor/orchestra/testbench-core/src/TestCase.php:121
/var/www/html/vendor/orchestra/testbench-core/src/Concerns/ApplicationTestingHooks.php:74
/var/www/html/vendor/orchestra/testbench-core/src/Concerns/Testing.php:43
/var/www/html/vendor/laravel/framework/src/Illuminate/Collections/helpers.php:236
/var/www/html/vendor/orchestra/sidekick/src/functions.php:87
/var/www/html/vendor/laravel/framework/src/Illuminate/Collections/helpers.php:236
/var/www/html/vendor/orchestra/testbench-core/src/Concerns/Testing.php:57
/var/www/html/vendor/orchestra/testbench-core/src/TestCase.php:50
/var/www/html/tests/TestCase.php:61
/var/www/html/tests/Unit/Commands/MakeResourceCommandTest.php:32</error>
        </testcase>
        <testcase name="it_validates_invalid_class_names" file="/var/www/html/tests/Unit/Commands/MakeResourceCommandTest.php" line="170" class="JTD\LaravelMCP\Tests\Unit\Commands\MakeResourceCommandTest" classname="JTD.LaravelMCP.Tests.Unit.Commands.MakeResourceCommandTest" assertions="0" time="0.000000">
          <error type="Exception">JTD\LaravelMCP\Tests\Unit\Commands\MakeResourceCommandTest::it_validates_invalid_class_names
Exception: The /var/www/html/vendor/orchestra/testbench-core/laravel/bootstrap/cache directory must be present and writable.

/var/www/html/vendor/laravel/framework/src/Illuminate/Foundation/PackageManifest.php:179
/var/www/html/vendor/orchestra/testbench-core/src/Foundation/PackageManifest.php:157
/var/www/html/vendor/laravel/framework/src/Illuminate/Foundation/PackageManifest.php:132
/var/www/html/vendor/laravel/framework/src/Illuminate/Foundation/PackageManifest.php:108
/var/www/html/vendor/orchestra/testbench-core/src/Foundation/PackageManifest.php:102
/var/www/html/vendor/laravel/framework/src/Illuminate/Foundation/PackageManifest.php:91
/var/www/html/vendor/laravel/framework/src/Illuminate/Foundation/PackageManifest.php:80
/var/www/html/vendor/laravel/framework/src/Illuminate/Foundation/Bootstrap/RegisterFacades.php:26
/var/www/html/vendor/orchestra/testbench-core/src/Concerns/CreatesApplication.php:556
/var/www/html/vendor/orchestra/testbench-core/src/Concerns/CreatesApplication.php:311
/var/www/html/vendor/orchestra/testbench-core/src/TestCase.php:121
/var/www/html/vendor/orchestra/testbench-core/src/Concerns/ApplicationTestingHooks.php:74
/var/www/html/vendor/orchestra/testbench-core/src/Concerns/Testing.php:43
/var/www/html/vendor/laravel/framework/src/Illuminate/Collections/helpers.php:236
/var/www/html/vendor/orchestra/sidekick/src/functions.php:87
/var/www/html/vendor/laravel/framework/src/Illuminate/Collections/helpers.php:236
/var/www/html/vendor/orchestra/testbench-core/src/Concerns/Testing.php:57
/var/www/html/vendor/orchestra/testbench-core/src/TestCase.php:50
/var/www/html/tests/TestCase.php:61
/var/www/html/tests/Unit/Commands/MakeResourceCommandTest.php:32</error>
        </testcase>
        <testcase name="it_validates_uri_template_format" file="/var/www/html/tests/Unit/Commands/MakeResourceCommandTest.php" line="182" class="JTD\LaravelMCP\Tests\Unit\Commands\MakeResourceCommandTest" classname="JTD.LaravelMCP.Tests.Unit.Commands.MakeResourceCommandTest" assertions="0" time="0.000000">
          <error type="Exception">JTD\LaravelMCP\Tests\Unit\Commands\MakeResourceCommandTest::it_validates_uri_template_format
Exception: The /var/www/html/vendor/orchestra/testbench-core/laravel/bootstrap/cache directory must be present and writable.

/var/www/html/vendor/laravel/framework/src/Illuminate/Foundation/PackageManifest.php:179
/var/www/html/vendor/orchestra/testbench-core/src/Foundation/PackageManifest.php:157
/var/www/html/vendor/laravel/framework/src/Illuminate/Foundation/PackageManifest.php:132
/var/www/html/vendor/laravel/framework/src/Illuminate/Foundation/PackageManifest.php:108
/var/www/html/vendor/orchestra/testbench-core/src/Foundation/PackageManifest.php:102
/var/www/html/vendor/laravel/framework/src/Illuminate/Foundation/PackageManifest.php:91
/var/www/html/vendor/laravel/framework/src/Illuminate/Foundation/PackageManifest.php:80
/var/www/html/vendor/laravel/framework/src/Illuminate/Foundation/Bootstrap/RegisterFacades.php:26
/var/www/html/vendor/orchestra/testbench-core/src/Concerns/CreatesApplication.php:556
/var/www/html/vendor/orchestra/testbench-core/src/Concerns/CreatesApplication.php:311
/var/www/html/vendor/orchestra/testbench-core/src/TestCase.php:121
/var/www/html/vendor/orchestra/testbench-core/src/Concerns/ApplicationTestingHooks.php:74
/var/www/html/vendor/orchestra/testbench-core/src/Concerns/Testing.php:43
/var/www/html/vendor/laravel/framework/src/Illuminate/Collections/helpers.php:236
/var/www/html/vendor/orchestra/sidekick/src/functions.php:87
/var/www/html/vendor/laravel/framework/src/Illuminate/Collections/helpers.php:236
/var/www/html/vendor/orchestra/testbench-core/src/Concerns/Testing.php:57
/var/www/html/vendor/orchestra/testbench-core/src/TestCase.php:50
/var/www/html/tests/TestCase.php:61
/var/www/html/tests/Unit/Commands/MakeResourceCommandTest.php:32</error>
        </testcase>
        <testcase name="it_handles_nonexistent_model_gracefully" file="/var/www/html/tests/Unit/Commands/MakeResourceCommandTest.php" line="205" class="JTD\LaravelMCP\Tests\Unit\Commands\MakeResourceCommandTest" classname="JTD.LaravelMCP.Tests.Unit.Commands.MakeResourceCommandTest" assertions="0" time="0.000000">
          <error type="Exception">JTD\LaravelMCP\Tests\Unit\Commands\MakeResourceCommandTest::it_handles_nonexistent_model_gracefully
Exception: The /var/www/html/vendor/orchestra/testbench-core/laravel/bootstrap/cache directory must be present and writable.

/var/www/html/vendor/laravel/framework/src/Illuminate/Foundation/PackageManifest.php:179
/var/www/html/vendor/orchestra/testbench-core/src/Foundation/PackageManifest.php:157
/var/www/html/vendor/laravel/framework/src/Illuminate/Foundation/PackageManifest.php:132
/var/www/html/vendor/laravel/framework/src/Illuminate/Foundation/PackageManifest.php:108
/var/www/html/vendor/orchestra/testbench-core/src/Foundation/PackageManifest.php:102
/var/www/html/vendor/laravel/framework/src/Illuminate/Foundation/PackageManifest.php:91
/var/www/html/vendor/laravel/framework/src/Illuminate/Foundation/PackageManifest.php:80
/var/www/html/vendor/laravel/framework/src/Illuminate/Foundation/Bootstrap/RegisterFacades.php:26
/var/www/html/vendor/orchestra/testbench-core/src/Concerns/CreatesApplication.php:556
/var/www/html/vendor/orchestra/testbench-core/src/Concerns/CreatesApplication.php:311
/var/www/html/vendor/orchestra/testbench-core/src/TestCase.php:121
/var/www/html/vendor/orchestra/testbench-core/src/Concerns/ApplicationTestingHooks.php:74
/var/www/html/vendor/orchestra/testbench-core/src/Concerns/Testing.php:43
/var/www/html/vendor/laravel/framework/src/Illuminate/Collections/helpers.php:236
/var/www/html/vendor/orchestra/sidekick/src/functions.php:87
/var/www/html/vendor/laravel/framework/src/Illuminate/Collections/helpers.php:236
/var/www/html/vendor/orchestra/testbench-core/src/Concerns/Testing.php:57
/var/www/html/vendor/orchestra/testbench-core/src/TestCase.php:50
/var/www/html/tests/TestCase.php:61
/var/www/html/tests/Unit/Commands/MakeResourceCommandTest.php:32</error>
        </testcase>
        <testcase name="it_handles_nested_namespaces" file="/var/www/html/tests/Unit/Commands/MakeResourceCommandTest.php" line="221" class="JTD\LaravelMCP\Tests\Unit\Commands\MakeResourceCommandTest" classname="JTD.LaravelMCP.Tests.Unit.Commands.MakeResourceCommandTest" assertions="0" time="0.000000">
          <error type="Exception">JTD\LaravelMCP\Tests\Unit\Commands\MakeResourceCommandTest::it_handles_nested_namespaces
Exception: The /var/www/html/vendor/orchestra/testbench-core/laravel/bootstrap/cache directory must be present and writable.

/var/www/html/vendor/laravel/framework/src/Illuminate/Foundation/PackageManifest.php:179
/var/www/html/vendor/orchestra/testbench-core/src/Foundation/PackageManifest.php:157
/var/www/html/vendor/laravel/framework/src/Illuminate/Foundation/PackageManifest.php:132
/var/www/html/vendor/laravel/framework/src/Illuminate/Foundation/PackageManifest.php:108
/var/www/html/vendor/orchestra/testbench-core/src/Foundation/PackageManifest.php:102
/var/www/html/vendor/laravel/framework/src/Illuminate/Foundation/PackageManifest.php:91
/var/www/html/vendor/laravel/framework/src/Illuminate/Foundation/PackageManifest.php:80
/var/www/html/vendor/laravel/framework/src/Illuminate/Foundation/Bootstrap/RegisterFacades.php:26
/var/www/html/vendor/orchestra/testbench-core/src/Concerns/CreatesApplication.php:556
/var/www/html/vendor/orchestra/testbench-core/src/Concerns/CreatesApplication.php:311
/var/www/html/vendor/orchestra/testbench-core/src/TestCase.php:121
/var/www/html/vendor/orchestra/testbench-core/src/Concerns/ApplicationTestingHooks.php:74
/var/www/html/vendor/orchestra/testbench-core/src/Concerns/Testing.php:43
/var/www/html/vendor/laravel/framework/src/Illuminate/Collections/helpers.php:236
/var/www/html/vendor/orchestra/sidekick/src/functions.php:87
/var/www/html/vendor/laravel/framework/src/Illuminate/Collections/helpers.php:236
/var/www/html/vendor/orchestra/testbench-core/src/Concerns/Testing.php:57
/var/www/html/vendor/orchestra/testbench-core/src/TestCase.php:50
/var/www/html/tests/TestCase.php:61
/var/www/html/tests/Unit/Commands/MakeResourceCommandTest.php:32</error>
        </testcase>
        <testcase name="it_handles_force_option_to_overwrite_existing_files" file="/var/www/html/tests/Unit/Commands/MakeResourceCommandTest.php" line="237" class="JTD\LaravelMCP\Tests\Unit\Commands\MakeResourceCommandTest" classname="JTD.LaravelMCP.Tests.Unit.Commands.MakeResourceCommandTest" assertions="0" time="0.000000">
          <error type="Exception">JTD\LaravelMCP\Tests\Unit\Commands\MakeResourceCommandTest::it_handles_force_option_to_overwrite_existing_files
Exception: The /var/www/html/vendor/orchestra/testbench-core/laravel/bootstrap/cache directory must be present and writable.

/var/www/html/vendor/laravel/framework/src/Illuminate/Foundation/PackageManifest.php:179
/var/www/html/vendor/orchestra/testbench-core/src/Foundation/PackageManifest.php:157
/var/www/html/vendor/laravel/framework/src/Illuminate/Foundation/PackageManifest.php:132
/var/www/html/vendor/laravel/framework/src/Illuminate/Foundation/PackageManifest.php:108
/var/www/html/vendor/orchestra/testbench-core/src/Foundation/PackageManifest.php:102
/var/www/html/vendor/laravel/framework/src/Illuminate/Foundation/PackageManifest.php:91
/var/www/html/vendor/laravel/framework/src/Illuminate/Foundation/PackageManifest.php:80
/var/www/html/vendor/laravel/framework/src/Illuminate/Foundation/Bootstrap/RegisterFacades.php:26
/var/www/html/vendor/orchestra/testbench-core/src/Concerns/CreatesApplication.php:556
/var/www/html/vendor/orchestra/testbench-core/src/Concerns/CreatesApplication.php:311
/var/www/html/vendor/orchestra/testbench-core/src/TestCase.php:121
/var/www/html/vendor/orchestra/testbench-core/src/Concerns/ApplicationTestingHooks.php:74
/var/www/html/vendor/orchestra/testbench-core/src/Concerns/Testing.php:43
/var/www/html/vendor/laravel/framework/src/Illuminate/Collections/helpers.php:236
/var/www/html/vendor/orchestra/sidekick/src/functions.php:87
/var/www/html/vendor/laravel/framework/src/Illuminate/Collections/helpers.php:236
/var/www/html/vendor/orchestra/testbench-core/src/Concerns/Testing.php:57
/var/www/html/vendor/orchestra/testbench-core/src/TestCase.php:50
/var/www/html/tests/TestCase.php:61
/var/www/html/tests/Unit/Commands/MakeResourceCommandTest.php:32</error>
        </testcase>
        <testcase name="it_displays_success_message_with_details" file="/var/www/html/tests/Unit/Commands/MakeResourceCommandTest.php" line="252" class="JTD\LaravelMCP\Tests\Unit\Commands\MakeResourceCommandTest" classname="JTD.LaravelMCP.Tests.Unit.Commands.MakeResourceCommandTest" assertions="0" time="0.000000">
          <error type="Exception">JTD\LaravelMCP\Tests\Unit\Commands\MakeResourceCommandTest::it_displays_success_message_with_details
Exception: The /var/www/html/vendor/orchestra/testbench-core/laravel/bootstrap/cache directory must be present and writable.

/var/www/html/vendor/laravel/framework/src/Illuminate/Foundation/PackageManifest.php:179
/var/www/html/vendor/orchestra/testbench-core/src/Foundation/PackageManifest.php:157
/var/www/html/vendor/laravel/framework/src/Illuminate/Foundation/PackageManifest.php:132
/var/www/html/vendor/laravel/framework/src/Illuminate/Foundation/PackageManifest.php:108
/var/www/html/vendor/orchestra/testbench-core/src/Foundation/PackageManifest.php:102
/var/www/html/vendor/laravel/framework/src/Illuminate/Foundation/PackageManifest.php:91
/var/www/html/vendor/laravel/framework/src/Illuminate/Foundation/PackageManifest.php:80
/var/www/html/vendor/laravel/framework/src/Illuminate/Foundation/Bootstrap/RegisterFacades.php:26
/var/www/html/vendor/orchestra/testbench-core/src/Concerns/CreatesApplication.php:556
/var/www/html/vendor/orchestra/testbench-core/src/Concerns/CreatesApplication.php:311
/var/www/html/vendor/orchestra/testbench-core/src/TestCase.php:121
/var/www/html/vendor/orchestra/testbench-core/src/Concerns/ApplicationTestingHooks.php:74
/var/www/html/vendor/orchestra/testbench-core/src/Concerns/Testing.php:43
/var/www/html/vendor/laravel/framework/src/Illuminate/Collections/helpers.php:236
/var/www/html/vendor/orchestra/sidekick/src/functions.php:87
/var/www/html/vendor/laravel/framework/src/Illuminate/Collections/helpers.php:236
/var/www/html/vendor/orchestra/testbench-core/src/Concerns/Testing.php:57
/var/www/html/vendor/orchestra/testbench-core/src/TestCase.php:50
/var/www/html/tests/TestCase.php:61
/var/www/html/tests/Unit/Commands/MakeResourceCommandTest.php:32</error>
        </testcase>
        <testcase name="it_generates_appropriate_uri_for_model_resources" file="/var/www/html/tests/Unit/Commands/MakeResourceCommandTest.php" line="271" class="JTD\LaravelMCP\Tests\Unit\Commands\MakeResourceCommandTest" classname="JTD.LaravelMCP.Tests.Unit.Commands.MakeResourceCommandTest" assertions="0" time="0.000000">
          <error type="Exception">JTD\LaravelMCP\Tests\Unit\Commands\MakeResourceCommandTest::it_generates_appropriate_uri_for_model_resources
Exception: The /var/www/html/vendor/orchestra/testbench-core/laravel/bootstrap/cache directory must be present and writable.

/var/www/html/vendor/laravel/framework/src/Illuminate/Foundation/PackageManifest.php:179
/var/www/html/vendor/orchestra/testbench-core/src/Foundation/PackageManifest.php:157
/var/www/html/vendor/laravel/framework/src/Illuminate/Foundation/PackageManifest.php:132
/var/www/html/vendor/laravel/framework/src/Illuminate/Foundation/PackageManifest.php:108
/var/www/html/vendor/orchestra/testbench-core/src/Foundation/PackageManifest.php:102
/var/www/html/vendor/laravel/framework/src/Illuminate/Foundation/PackageManifest.php:91
/var/www/html/vendor/laravel/framework/src/Illuminate/Foundation/PackageManifest.php:80
/var/www/html/vendor/laravel/framework/src/Illuminate/Foundation/Bootstrap/RegisterFacades.php:26
/var/www/html/vendor/orchestra/testbench-core/src/Concerns/CreatesApplication.php:556
/var/www/html/vendor/orchestra/testbench-core/src/Concerns/CreatesApplication.php:311
/var/www/html/vendor/orchestra/testbench-core/src/TestCase.php:121
/var/www/html/vendor/orchestra/testbench-core/src/Concerns/ApplicationTestingHooks.php:74
/var/www/html/vendor/orchestra/testbench-core/src/Concerns/Testing.php:43
/var/www/html/vendor/laravel/framework/src/Illuminate/Collections/helpers.php:236
/var/www/html/vendor/orchestra/sidekick/src/functions.php:87
/var/www/html/vendor/laravel/framework/src/Illuminate/Collections/helpers.php:236
/var/www/html/vendor/orchestra/testbench-core/src/Concerns/Testing.php:57
/var/www/html/vendor/orchestra/testbench-core/src/TestCase.php:50
/var/www/html/tests/TestCase.php:61
/var/www/html/tests/Unit/Commands/MakeResourceCommandTest.php:32</error>
        </testcase>
        <testcase name="it_qualifies_model_class_correctly" file="/var/www/html/tests/Unit/Commands/MakeResourceCommandTest.php" line="289" class="JTD\LaravelMCP\Tests\Unit\Commands\MakeResourceCommandTest" classname="JTD.LaravelMCP.Tests.Unit.Commands.MakeResourceCommandTest" assertions="0" time="0.000000">
          <error type="Exception">JTD\LaravelMCP\Tests\Unit\Commands\MakeResourceCommandTest::it_qualifies_model_class_correctly
Exception: The /var/www/html/vendor/orchestra/testbench-core/laravel/bootstrap/cache directory must be present and writable.

/var/www/html/vendor/laravel/framework/src/Illuminate/Foundation/PackageManifest.php:179
/var/www/html/vendor/orchestra/testbench-core/src/Foundation/PackageManifest.php:157
/var/www/html/vendor/laravel/framework/src/Illuminate/Foundation/PackageManifest.php:132
/var/www/html/vendor/laravel/framework/src/Illuminate/Foundation/PackageManifest.php:108
/var/www/html/vendor/orchestra/testbench-core/src/Foundation/PackageManifest.php:102
/var/www/html/vendor/laravel/framework/src/Illuminate/Foundation/PackageManifest.php:91
/var/www/html/vendor/laravel/framework/src/Illuminate/Foundation/PackageManifest.php:80
/var/www/html/vendor/laravel/framework/src/Illuminate/Foundation/Bootstrap/RegisterFacades.php:26
/var/www/html/vendor/orchestra/testbench-core/src/Concerns/CreatesApplication.php:556
/var/www/html/vendor/orchestra/testbench-core/src/Concerns/CreatesApplication.php:311
/var/www/html/vendor/orchestra/testbench-core/src/TestCase.php:121
/var/www/html/vendor/orchestra/testbench-core/src/Concerns/ApplicationTestingHooks.php:74
/var/www/html/vendor/orchestra/testbench-core/src/Concerns/Testing.php:43
/var/www/html/vendor/laravel/framework/src/Illuminate/Collections/helpers.php:236
/var/www/html/vendor/orchestra/sidekick/src/functions.php:87
/var/www/html/vendor/laravel/framework/src/Illuminate/Collections/helpers.php:236
/var/www/html/vendor/orchestra/testbench-core/src/Concerns/Testing.php:57
/var/www/html/vendor/orchestra/testbench-core/src/TestCase.php:50
/var/www/html/tests/TestCase.php:61
/var/www/html/tests/Unit/Commands/MakeResourceCommandTest.php:32</error>
        </testcase>
        <testcase name="it_handles_filesystem_errors_gracefully" file="/var/www/html/tests/Unit/Commands/MakeResourceCommandTest.php" line="309" class="JTD\LaravelMCP\Tests\Unit\Commands\MakeResourceCommandTest" classname="JTD.LaravelMCP.Tests.Unit.Commands.MakeResourceCommandTest" assertions="0" time="0.000000">
          <error type="Exception">JTD\LaravelMCP\Tests\Unit\Commands\MakeResourceCommandTest::it_handles_filesystem_errors_gracefully
Exception: The /var/www/html/vendor/orchestra/testbench-core/laravel/bootstrap/cache directory must be present and writable.

/var/www/html/vendor/laravel/framework/src/Illuminate/Foundation/PackageManifest.php:179
/var/www/html/vendor/orchestra/testbench-core/src/Foundation/PackageManifest.php:157
/var/www/html/vendor/laravel/framework/src/Illuminate/Foundation/PackageManifest.php:132
/var/www/html/vendor/laravel/framework/src/Illuminate/Foundation/PackageManifest.php:108
/var/www/html/vendor/orchestra/testbench-core/src/Foundation/PackageManifest.php:102
/var/www/html/vendor/laravel/framework/src/Illuminate/Foundation/PackageManifest.php:91
/var/www/html/vendor/laravel/framework/src/Illuminate/Foundation/PackageManifest.php:80
/var/www/html/vendor/laravel/framework/src/Illuminate/Foundation/Bootstrap/RegisterFacades.php:26
/var/www/html/vendor/orchestra/testbench-core/src/Concerns/CreatesApplication.php:556
/var/www/html/vendor/orchestra/testbench-core/src/Concerns/CreatesApplication.php:311
/var/www/html/vendor/orchestra/testbench-core/src/TestCase.php:121
/var/www/html/vendor/orchestra/testbench-core/src/Concerns/ApplicationTestingHooks.php:74
/var/www/html/vendor/orchestra/testbench-core/src/Concerns/Testing.php:43
/var/www/html/vendor/laravel/framework/src/Illuminate/Collections/helpers.php:236
/var/www/html/vendor/orchestra/sidekick/src/functions.php:87
/var/www/html/vendor/laravel/framework/src/Illuminate/Collections/helpers.php:236
/var/www/html/vendor/orchestra/testbench-core/src/Concerns/Testing.php:57
/var/www/html/vendor/orchestra/testbench-core/src/TestCase.php:50
/var/www/html/tests/TestCase.php:61
/var/www/html/tests/Unit/Commands/MakeResourceCommandTest.php:32</error>
        </testcase>
      </testsuite>
      <testsuite name="JTD\LaravelMCP\Tests\Unit\Commands\MakeToolCommandTest" file="/var/www/html/tests/Unit/Commands/MakeToolCommandTest.php" tests="15" assertions="0" errors="15" failures="0" skipped="0" time="0.000000">
        <testcase name="it_extends_generator_command" file="/var/www/html/tests/Unit/Commands/MakeToolCommandTest.php" line="62" class="JTD\LaravelMCP\Tests\Unit\Commands\MakeToolCommandTest" classname="JTD.LaravelMCP.Tests.Unit.Commands.MakeToolCommandTest" assertions="0" time="0.000000">
          <error type="Exception">JTD\LaravelMCP\Tests\Unit\Commands\MakeToolCommandTest::it_extends_generator_command
Exception: The /var/www/html/vendor/orchestra/testbench-core/laravel/bootstrap/cache directory must be present and writable.

/var/www/html/vendor/laravel/framework/src/Illuminate/Foundation/PackageManifest.php:179
/var/www/html/vendor/orchestra/testbench-core/src/Foundation/PackageManifest.php:157
/var/www/html/vendor/laravel/framework/src/Illuminate/Foundation/PackageManifest.php:132
/var/www/html/vendor/laravel/framework/src/Illuminate/Foundation/PackageManifest.php:108
/var/www/html/vendor/orchestra/testbench-core/src/Foundation/PackageManifest.php:102
/var/www/html/vendor/laravel/framework/src/Illuminate/Foundation/PackageManifest.php:91
/var/www/html/vendor/laravel/framework/src/Illuminate/Foundation/PackageManifest.php:80
/var/www/html/vendor/laravel/framework/src/Illuminate/Foundation/Bootstrap/RegisterFacades.php:26
/var/www/html/vendor/orchestra/testbench-core/src/Concerns/CreatesApplication.php:556
/var/www/html/vendor/orchestra/testbench-core/src/Concerns/CreatesApplication.php:311
/var/www/html/vendor/orchestra/testbench-core/src/TestCase.php:121
/var/www/html/vendor/orchestra/testbench-core/src/Concerns/ApplicationTestingHooks.php:74
/var/www/html/vendor/orchestra/testbench-core/src/Concerns/Testing.php:43
/var/www/html/vendor/laravel/framework/src/Illuminate/Collections/helpers.php:236
/var/www/html/vendor/orchestra/sidekick/src/functions.php:87
/var/www/html/vendor/laravel/framework/src/Illuminate/Collections/helpers.php:236
/var/www/html/vendor/orchestra/testbench-core/src/Concerns/Testing.php:57
/var/www/html/vendor/orchestra/testbench-core/src/TestCase.php:50
/var/www/html/tests/TestCase.php:61
/var/www/html/tests/Unit/Commands/MakeToolCommandTest.php:33</error>
        </testcase>
        <testcase name="it_has_correct_signature" file="/var/www/html/tests/Unit/Commands/MakeToolCommandTest.php" line="68" class="JTD\LaravelMCP\Tests\Unit\Commands\MakeToolCommandTest" classname="JTD.LaravelMCP.Tests.Unit.Commands.MakeToolCommandTest" assertions="0" time="0.000000">
          <error type="Exception">JTD\LaravelMCP\Tests\Unit\Commands\MakeToolCommandTest::it_has_correct_signature
Exception: The /var/www/html/vendor/orchestra/testbench-core/laravel/bootstrap/cache directory must be present and writable.

/var/www/html/vendor/laravel/framework/src/Illuminate/Foundation/PackageManifest.php:179
/var/www/html/vendor/orchestra/testbench-core/src/Foundation/PackageManifest.php:157
/var/www/html/vendor/laravel/framework/src/Illuminate/Foundation/PackageManifest.php:132
/var/www/html/vendor/laravel/framework/src/Illuminate/Foundation/PackageManifest.php:108
/var/www/html/vendor/orchestra/testbench-core/src/Foundation/PackageManifest.php:102
/var/www/html/vendor/laravel/framework/src/Illuminate/Foundation/PackageManifest.php:91
/var/www/html/vendor/laravel/framework/src/Illuminate/Foundation/PackageManifest.php:80
/var/www/html/vendor/laravel/framework/src/Illuminate/Foundation/Bootstrap/RegisterFacades.php:26
/var/www/html/vendor/orchestra/testbench-core/src/Concerns/CreatesApplication.php:556
/var/www/html/vendor/orchestra/testbench-core/src/Concerns/CreatesApplication.php:311
/var/www/html/vendor/orchestra/testbench-core/src/TestCase.php:121
/var/www/html/vendor/orchestra/testbench-core/src/Concerns/ApplicationTestingHooks.php:74
/var/www/html/vendor/orchestra/testbench-core/src/Concerns/Testing.php:43
/var/www/html/vendor/laravel/framework/src/Illuminate/Collections/helpers.php:236
/var/www/html/vendor/orchestra/sidekick/src/functions.php:87
/var/www/html/vendor/laravel/framework/src/Illuminate/Collections/helpers.php:236
/var/www/html/vendor/orchestra/testbench-core/src/Concerns/Testing.php:57
/var/www/html/vendor/orchestra/testbench-core/src/TestCase.php:50
/var/www/html/tests/TestCase.php:61
/var/www/html/tests/Unit/Commands/MakeToolCommandTest.php:33</error>
        </testcase>
        <testcase name="it_has_correct_description" file="/var/www/html/tests/Unit/Commands/MakeToolCommandTest.php" line="74" class="JTD\LaravelMCP\Tests\Unit\Commands\MakeToolCommandTest" classname="JTD.LaravelMCP.Tests.Unit.Commands.MakeToolCommandTest" assertions="0" time="0.000000">
          <error type="Exception">JTD\LaravelMCP\Tests\Unit\Commands\MakeToolCommandTest::it_has_correct_description
Exception: The /var/www/html/vendor/orchestra/testbench-core/laravel/bootstrap/cache directory must be present and writable.

/var/www/html/vendor/laravel/framework/src/Illuminate/Foundation/PackageManifest.php:179
/var/www/html/vendor/orchestra/testbench-core/src/Foundation/PackageManifest.php:157
/var/www/html/vendor/laravel/framework/src/Illuminate/Foundation/PackageManifest.php:132
/var/www/html/vendor/laravel/framework/src/Illuminate/Foundation/PackageManifest.php:108
/var/www/html/vendor/orchestra/testbench-core/src/Foundation/PackageManifest.php:102
/var/www/html/vendor/laravel/framework/src/Illuminate/Foundation/PackageManifest.php:91
/var/www/html/vendor/laravel/framework/src/Illuminate/Foundation/PackageManifest.php:80
/var/www/html/vendor/laravel/framework/src/Illuminate/Foundation/Bootstrap/RegisterFacades.php:26
/var/www/html/vendor/orchestra/testbench-core/src/Concerns/CreatesApplication.php:556
/var/www/html/vendor/orchestra/testbench-core/src/Concerns/CreatesApplication.php:311
/var/www/html/vendor/orchestra/testbench-core/src/TestCase.php:121
/var/www/html/vendor/orchestra/testbench-core/src/Concerns/ApplicationTestingHooks.php:74
/var/www/html/vendor/orchestra/testbench-core/src/Concerns/Testing.php:43
/var/www/html/vendor/laravel/framework/src/Illuminate/Collections/helpers.php:236
/var/www/html/vendor/orchestra/sidekick/src/functions.php:87
/var/www/html/vendor/laravel/framework/src/Illuminate/Collections/helpers.php:236
/var/www/html/vendor/orchestra/testbench-core/src/Concerns/Testing.php:57
/var/www/html/vendor/orchestra/testbench-core/src/TestCase.php:50
/var/www/html/tests/TestCase.php:61
/var/www/html/tests/Unit/Commands/MakeToolCommandTest.php:33</error>
        </testcase>
        <testcase name="it_returns_correct_stub_path" file="/var/www/html/tests/Unit/Commands/MakeToolCommandTest.php" line="80" class="JTD\LaravelMCP\Tests\Unit\Commands\MakeToolCommandTest" classname="JTD.LaravelMCP.Tests.Unit.Commands.MakeToolCommandTest" assertions="0" time="0.000000">
          <error type="Exception">JTD\LaravelMCP\Tests\Unit\Commands\MakeToolCommandTest::it_returns_correct_stub_path
Exception: The /var/www/html/vendor/orchestra/testbench-core/laravel/bootstrap/cache directory must be present and writable.

/var/www/html/vendor/laravel/framework/src/Illuminate/Foundation/PackageManifest.php:179
/var/www/html/vendor/orchestra/testbench-core/src/Foundation/PackageManifest.php:157
/var/www/html/vendor/laravel/framework/src/Illuminate/Foundation/PackageManifest.php:132
/var/www/html/vendor/laravel/framework/src/Illuminate/Foundation/PackageManifest.php:108
/var/www/html/vendor/orchestra/testbench-core/src/Foundation/PackageManifest.php:102
/var/www/html/vendor/laravel/framework/src/Illuminate/Foundation/PackageManifest.php:91
/var/www/html/vendor/laravel/framework/src/Illuminate/Foundation/PackageManifest.php:80
/var/www/html/vendor/laravel/framework/src/Illuminate/Foundation/Bootstrap/RegisterFacades.php:26
/var/www/html/vendor/orchestra/testbench-core/src/Concerns/CreatesApplication.php:556
/var/www/html/vendor/orchestra/testbench-core/src/Concerns/CreatesApplication.php:311
/var/www/html/vendor/orchestra/testbench-core/src/TestCase.php:121
/var/www/html/vendor/orchestra/testbench-core/src/Concerns/ApplicationTestingHooks.php:74
/var/www/html/vendor/orchestra/testbench-core/src/Concerns/Testing.php:43
/var/www/html/vendor/laravel/framework/src/Illuminate/Collections/helpers.php:236
/var/www/html/vendor/orchestra/sidekick/src/functions.php:87
/var/www/html/vendor/laravel/framework/src/Illuminate/Collections/helpers.php:236
/var/www/html/vendor/orchestra/testbench-core/src/Concerns/Testing.php:57
/var/www/html/vendor/orchestra/testbench-core/src/TestCase.php:50
/var/www/html/tests/TestCase.php:61
/var/www/html/tests/Unit/Commands/MakeToolCommandTest.php:33</error>
        </testcase>
        <testcase name="it_returns_correct_default_namespace" file="/var/www/html/tests/Unit/Commands/MakeToolCommandTest.php" line="92" class="JTD\LaravelMCP\Tests\Unit\Commands\MakeToolCommandTest" classname="JTD.LaravelMCP.Tests.Unit.Commands.MakeToolCommandTest" assertions="0" time="0.000000">
          <error type="Exception">JTD\LaravelMCP\Tests\Unit\Commands\MakeToolCommandTest::it_returns_correct_default_namespace
Exception: The /var/www/html/vendor/orchestra/testbench-core/laravel/bootstrap/cache directory must be present and writable.

/var/www/html/vendor/laravel/framework/src/Illuminate/Foundation/PackageManifest.php:179
/var/www/html/vendor/orchestra/testbench-core/src/Foundation/PackageManifest.php:157
/var/www/html/vendor/laravel/framework/src/Illuminate/Foundation/PackageManifest.php:132
/var/www/html/vendor/laravel/framework/src/Illuminate/Foundation/PackageManifest.php:108
/var/www/html/vendor/orchestra/testbench-core/src/Foundation/PackageManifest.php:102
/var/www/html/vendor/laravel/framework/src/Illuminate/Foundation/PackageManifest.php:91
/var/www/html/vendor/laravel/framework/src/Illuminate/Foundation/PackageManifest.php:80
/var/www/html/vendor/laravel/framework/src/Illuminate/Foundation/Bootstrap/RegisterFacades.php:26
/var/www/html/vendor/orchestra/testbench-core/src/Concerns/CreatesApplication.php:556
/var/www/html/vendor/orchestra/testbench-core/src/Concerns/CreatesApplication.php:311
/var/www/html/vendor/orchestra/testbench-core/src/TestCase.php:121
/var/www/html/vendor/orchestra/testbench-core/src/Concerns/ApplicationTestingHooks.php:74
/var/www/html/vendor/orchestra/testbench-core/src/Concerns/Testing.php:43
/var/www/html/vendor/laravel/framework/src/Illuminate/Collections/helpers.php:236
/var/www/html/vendor/orchestra/sidekick/src/functions.php:87
/var/www/html/vendor/laravel/framework/src/Illuminate/Collections/helpers.php:236
/var/www/html/vendor/orchestra/testbench-core/src/Concerns/Testing.php:57
/var/www/html/vendor/orchestra/testbench-core/src/TestCase.php:50
/var/www/html/tests/TestCase.php:61
/var/www/html/tests/Unit/Commands/MakeToolCommandTest.php:33</error>
        </testcase>
        <testcase name="it_generates_correct_tool_name_from_class" file="/var/www/html/tests/Unit/Commands/MakeToolCommandTest.php" line="104" class="JTD\LaravelMCP\Tests\Unit\Commands\MakeToolCommandTest" classname="JTD.LaravelMCP.Tests.Unit.Commands.MakeToolCommandTest" assertions="0" time="0.000000">
          <error type="Exception">JTD\LaravelMCP\Tests\Unit\Commands\MakeToolCommandTest::it_generates_correct_tool_name_from_class
Exception: The /var/www/html/vendor/orchestra/testbench-core/laravel/bootstrap/cache directory must be present and writable.

/var/www/html/vendor/laravel/framework/src/Illuminate/Foundation/PackageManifest.php:179
/var/www/html/vendor/orchestra/testbench-core/src/Foundation/PackageManifest.php:157
/var/www/html/vendor/laravel/framework/src/Illuminate/Foundation/PackageManifest.php:132
/var/www/html/vendor/laravel/framework/src/Illuminate/Foundation/PackageManifest.php:108
/var/www/html/vendor/orchestra/testbench-core/src/Foundation/PackageManifest.php:102
/var/www/html/vendor/laravel/framework/src/Illuminate/Foundation/PackageManifest.php:91
/var/www/html/vendor/laravel/framework/src/Illuminate/Foundation/PackageManifest.php:80
/var/www/html/vendor/laravel/framework/src/Illuminate/Foundation/Bootstrap/RegisterFacades.php:26
/var/www/html/vendor/orchestra/testbench-core/src/Concerns/CreatesApplication.php:556
/var/www/html/vendor/orchestra/testbench-core/src/Concerns/CreatesApplication.php:311
/var/www/html/vendor/orchestra/testbench-core/src/TestCase.php:121
/var/www/html/vendor/orchestra/testbench-core/src/Concerns/ApplicationTestingHooks.php:74
/var/www/html/vendor/orchestra/testbench-core/src/Concerns/Testing.php:43
/var/www/html/vendor/laravel/framework/src/Illuminate/Collections/helpers.php:236
/var/www/html/vendor/orchestra/sidekick/src/functions.php:87
/var/www/html/vendor/laravel/framework/src/Illuminate/Collections/helpers.php:236
/var/www/html/vendor/orchestra/testbench-core/src/Concerns/Testing.php:57
/var/www/html/vendor/orchestra/testbench-core/src/TestCase.php:50
/var/www/html/tests/TestCase.php:61
/var/www/html/tests/Unit/Commands/MakeToolCommandTest.php:33</error>
        </testcase>
        <testcase name="it_creates_tool_file_successfully" file="/var/www/html/tests/Unit/Commands/MakeToolCommandTest.php" line="116" class="JTD\LaravelMCP\Tests\Unit\Commands\MakeToolCommandTest" classname="JTD.LaravelMCP.Tests.Unit.Commands.MakeToolCommandTest" assertions="0" time="0.000000">
          <error type="Exception">JTD\LaravelMCP\Tests\Unit\Commands\MakeToolCommandTest::it_creates_tool_file_successfully
Exception: The /var/www/html/vendor/orchestra/testbench-core/laravel/bootstrap/cache directory must be present and writable.

/var/www/html/vendor/laravel/framework/src/Illuminate/Foundation/PackageManifest.php:179
/var/www/html/vendor/orchestra/testbench-core/src/Foundation/PackageManifest.php:157
/var/www/html/vendor/laravel/framework/src/Illuminate/Foundation/PackageManifest.php:132
/var/www/html/vendor/laravel/framework/src/Illuminate/Foundation/PackageManifest.php:108
/var/www/html/vendor/orchestra/testbench-core/src/Foundation/PackageManifest.php:102
/var/www/html/vendor/laravel/framework/src/Illuminate/Foundation/PackageManifest.php:91
/var/www/html/vendor/laravel/framework/src/Illuminate/Foundation/PackageManifest.php:80
/var/www/html/vendor/laravel/framework/src/Illuminate/Foundation/Bootstrap/RegisterFacades.php:26
/var/www/html/vendor/orchestra/testbench-core/src/Concerns/CreatesApplication.php:556
/var/www/html/vendor/orchestra/testbench-core/src/Concerns/CreatesApplication.php:311
/var/www/html/vendor/orchestra/testbench-core/src/TestCase.php:121
/var/www/html/vendor/orchestra/testbench-core/src/Concerns/ApplicationTestingHooks.php:74
/var/www/html/vendor/orchestra/testbench-core/src/Concerns/Testing.php:43
/var/www/html/vendor/laravel/framework/src/Illuminate/Collections/helpers.php:236
/var/www/html/vendor/orchestra/sidekick/src/functions.php:87
/var/www/html/vendor/laravel/framework/src/Illuminate/Collections/helpers.php:236
/var/www/html/vendor/orchestra/testbench-core/src/Concerns/Testing.php:57
/var/www/html/vendor/orchestra/testbench-core/src/TestCase.php:50
/var/www/html/tests/TestCase.php:61
/var/www/html/tests/Unit/Commands/MakeToolCommandTest.php:33</error>
        </testcase>
        <testcase name="it_creates_tool_with_custom_description" file="/var/www/html/tests/Unit/Commands/MakeToolCommandTest.php" line="133" class="JTD\LaravelMCP\Tests\Unit\Commands\MakeToolCommandTest" classname="JTD.LaravelMCP.Tests.Unit.Commands.MakeToolCommandTest" assertions="0" time="0.000000">
          <error type="Exception">JTD\LaravelMCP\Tests\Unit\Commands\MakeToolCommandTest::it_creates_tool_with_custom_description
Exception: The /var/www/html/vendor/orchestra/testbench-core/laravel/bootstrap/cache directory must be present and writable.

/var/www/html/vendor/laravel/framework/src/Illuminate/Foundation/PackageManifest.php:179
/var/www/html/vendor/orchestra/testbench-core/src/Foundation/PackageManifest.php:157
/var/www/html/vendor/laravel/framework/src/Illuminate/Foundation/PackageManifest.php:132
/var/www/html/vendor/laravel/framework/src/Illuminate/Foundation/PackageManifest.php:108
/var/www/html/vendor/orchestra/testbench-core/src/Foundation/PackageManifest.php:102
/var/www/html/vendor/laravel/framework/src/Illuminate/Foundation/PackageManifest.php:91
/var/www/html/vendor/laravel/framework/src/Illuminate/Foundation/PackageManifest.php:80
/var/www/html/vendor/laravel/framework/src/Illuminate/Foundation/Bootstrap/RegisterFacades.php:26
/var/www/html/vendor/orchestra/testbench-core/src/Concerns/CreatesApplication.php:556
/var/www/html/vendor/orchestra/testbench-core/src/Concerns/CreatesApplication.php:311
/var/www/html/vendor/orchestra/testbench-core/src/TestCase.php:121
/var/www/html/vendor/orchestra/testbench-core/src/Concerns/ApplicationTestingHooks.php:74
/var/www/html/vendor/orchestra/testbench-core/src/Concerns/Testing.php:43
/var/www/html/vendor/laravel/framework/src/Illuminate/Collections/helpers.php:236
/var/www/html/vendor/orchestra/sidekick/src/functions.php:87
/var/www/html/vendor/laravel/framework/src/Illuminate/Collections/helpers.php:236
/var/www/html/vendor/orchestra/testbench-core/src/Concerns/Testing.php:57
/var/www/html/vendor/orchestra/testbench-core/src/TestCase.php:50
/var/www/html/tests/TestCase.php:61
/var/www/html/tests/Unit/Commands/MakeToolCommandTest.php:33</error>
        </testcase>
        <testcase name="it_validates_parameters_json" file="/var/www/html/tests/Unit/Commands/MakeToolCommandTest.php" line="152" class="JTD\LaravelMCP\Tests\Unit\Commands\MakeToolCommandTest" classname="JTD.LaravelMCP.Tests.Unit.Commands.MakeToolCommandTest" assertions="0" time="0.000000">
          <error type="Exception">JTD\LaravelMCP\Tests\Unit\Commands\MakeToolCommandTest::it_validates_parameters_json
Exception: The /var/www/html/vendor/orchestra/testbench-core/laravel/bootstrap/cache directory must be present and writable.

/var/www/html/vendor/laravel/framework/src/Illuminate/Foundation/PackageManifest.php:179
/var/www/html/vendor/orchestra/testbench-core/src/Foundation/PackageManifest.php:157
/var/www/html/vendor/laravel/framework/src/Illuminate/Foundation/PackageManifest.php:132
/var/www/html/vendor/laravel/framework/src/Illuminate/Foundation/PackageManifest.php:108
/var/www/html/vendor/orchestra/testbench-core/src/Foundation/PackageManifest.php:102
/var/www/html/vendor/laravel/framework/src/Illuminate/Foundation/PackageManifest.php:91
/var/www/html/vendor/laravel/framework/src/Illuminate/Foundation/PackageManifest.php:80
/var/www/html/vendor/laravel/framework/src/Illuminate/Foundation/Bootstrap/RegisterFacades.php:26
/var/www/html/vendor/orchestra/testbench-core/src/Concerns/CreatesApplication.php:556
/var/www/html/vendor/orchestra/testbench-core/src/Concerns/CreatesApplication.php:311
/var/www/html/vendor/orchestra/testbench-core/src/TestCase.php:121
/var/www/html/vendor/orchestra/testbench-core/src/Concerns/ApplicationTestingHooks.php:74
/var/www/html/vendor/orchestra/testbench-core/src/Concerns/Testing.php:43
/var/www/html/vendor/laravel/framework/src/Illuminate/Collections/helpers.php:236
/var/www/html/vendor/orchestra/sidekick/src/functions.php:87
/var/www/html/vendor/laravel/framework/src/Illuminate/Collections/helpers.php:236
/var/www/html/vendor/orchestra/testbench-core/src/Concerns/Testing.php:57
/var/www/html/vendor/orchestra/testbench-core/src/TestCase.php:50
/var/www/html/tests/TestCase.php:61
/var/www/html/tests/Unit/Commands/MakeToolCommandTest.php:33</error>
        </testcase>
        <testcase name="it_handles_invalid_class_names" file="/var/www/html/tests/Unit/Commands/MakeToolCommandTest.php" line="175" class="JTD\LaravelMCP\Tests\Unit\Commands\MakeToolCommandTest" classname="JTD.LaravelMCP.Tests.Unit.Commands.MakeToolCommandTest" assertions="0" time="0.000000">
          <error type="Exception">JTD\LaravelMCP\Tests\Unit\Commands\MakeToolCommandTest::it_handles_invalid_class_names
Exception: The /var/www/html/vendor/orchestra/testbench-core/laravel/bootstrap/cache directory must be present and writable.

/var/www/html/vendor/laravel/framework/src/Illuminate/Foundation/PackageManifest.php:179
/var/www/html/vendor/orchestra/testbench-core/src/Foundation/PackageManifest.php:157
/var/www/html/vendor/laravel/framework/src/Illuminate/Foundation/PackageManifest.php:132
/var/www/html/vendor/laravel/framework/src/Illuminate/Foundation/PackageManifest.php:108
/var/www/html/vendor/orchestra/testbench-core/src/Foundation/PackageManifest.php:102
/var/www/html/vendor/laravel/framework/src/Illuminate/Foundation/PackageManifest.php:91
/var/www/html/vendor/laravel/framework/src/Illuminate/Foundation/PackageManifest.php:80
/var/www/html/vendor/laravel/framework/src/Illuminate/Foundation/Bootstrap/RegisterFacades.php:26
/var/www/html/vendor/orchestra/testbench-core/src/Concerns/CreatesApplication.php:556
/var/www/html/vendor/orchestra/testbench-core/src/Concerns/CreatesApplication.php:311
/var/www/html/vendor/orchestra/testbench-core/src/TestCase.php:121
/var/www/html/vendor/orchestra/testbench-core/src/Concerns/ApplicationTestingHooks.php:74
/var/www/html/vendor/orchestra/testbench-core/src/Concerns/Testing.php:43
/var/www/html/vendor/laravel/framework/src/Illuminate/Collections/helpers.php:236
/var/www/html/vendor/orchestra/sidekick/src/functions.php:87
/var/www/html/vendor/laravel/framework/src/Illuminate/Collections/helpers.php:236
/var/www/html/vendor/orchestra/testbench-core/src/Concerns/Testing.php:57
/var/www/html/vendor/orchestra/testbench-core/src/TestCase.php:50
/var/www/html/tests/TestCase.php:61
/var/www/html/tests/Unit/Commands/MakeToolCommandTest.php:33</error>
        </testcase>
        <testcase name="it_handles_force_option_to_overwrite_existing_files" file="/var/www/html/tests/Unit/Commands/MakeToolCommandTest.php" line="187" class="JTD\LaravelMCP\Tests\Unit\Commands\MakeToolCommandTest" classname="JTD.LaravelMCP.Tests.Unit.Commands.MakeToolCommandTest" assertions="0" time="0.000000">
          <error type="Exception">JTD\LaravelMCP\Tests\Unit\Commands\MakeToolCommandTest::it_handles_force_option_to_overwrite_existing_files
Exception: The /var/www/html/vendor/orchestra/testbench-core/laravel/bootstrap/cache directory must be present and writable.

/var/www/html/vendor/laravel/framework/src/Illuminate/Foundation/PackageManifest.php:179
/var/www/html/vendor/orchestra/testbench-core/src/Foundation/PackageManifest.php:157
/var/www/html/vendor/laravel/framework/src/Illuminate/Foundation/PackageManifest.php:132
/var/www/html/vendor/laravel/framework/src/Illuminate/Foundation/PackageManifest.php:108
/var/www/html/vendor/orchestra/testbench-core/src/Foundation/PackageManifest.php:102
/var/www/html/vendor/laravel/framework/src/Illuminate/Foundation/PackageManifest.php:91
/var/www/html/vendor/laravel/framework/src/Illuminate/Foundation/PackageManifest.php:80
/var/www/html/vendor/laravel/framework/src/Illuminate/Foundation/Bootstrap/RegisterFacades.php:26
/var/www/html/vendor/orchestra/testbench-core/src/Concerns/CreatesApplication.php:556
/var/www/html/vendor/orchestra/testbench-core/src/Concerns/CreatesApplication.php:311
/var/www/html/vendor/orchestra/testbench-core/src/TestCase.php:121
/var/www/html/vendor/orchestra/testbench-core/src/Concerns/ApplicationTestingHooks.php:74
/var/www/html/vendor/orchestra/testbench-core/src/Concerns/Testing.php:43
/var/www/html/vendor/laravel/framework/src/Illuminate/Collections/helpers.php:236
/var/www/html/vendor/orchestra/sidekick/src/functions.php:87
/var/www/html/vendor/laravel/framework/src/Illuminate/Collections/helpers.php:236
/var/www/html/vendor/orchestra/testbench-core/src/Concerns/Testing.php:57
/var/www/html/vendor/orchestra/testbench-core/src/TestCase.php:50
/var/www/html/tests/TestCase.php:61
/var/www/html/tests/Unit/Commands/MakeToolCommandTest.php:33</error>
        </testcase>
        <testcase name="it_generates_default_description_when_none_provided" file="/var/www/html/tests/Unit/Commands/MakeToolCommandTest.php" line="207" class="JTD\LaravelMCP\Tests\Unit\Commands\MakeToolCommandTest" classname="JTD.LaravelMCP.Tests.Unit.Commands.MakeToolCommandTest" assertions="0" time="0.000000">
          <error type="Exception">JTD\LaravelMCP\Tests\Unit\Commands\MakeToolCommandTest::it_generates_default_description_when_none_provided
Exception: The /var/www/html/vendor/orchestra/testbench-core/laravel/bootstrap/cache directory must be present and writable.

/var/www/html/vendor/laravel/framework/src/Illuminate/Foundation/PackageManifest.php:179
/var/www/html/vendor/orchestra/testbench-core/src/Foundation/PackageManifest.php:157
/var/www/html/vendor/laravel/framework/src/Illuminate/Foundation/PackageManifest.php:132
/var/www/html/vendor/laravel/framework/src/Illuminate/Foundation/PackageManifest.php:108
/var/www/html/vendor/orchestra/testbench-core/src/Foundation/PackageManifest.php:102
/var/www/html/vendor/laravel/framework/src/Illuminate/Foundation/PackageManifest.php:91
/var/www/html/vendor/laravel/framework/src/Illuminate/Foundation/PackageManifest.php:80
/var/www/html/vendor/laravel/framework/src/Illuminate/Foundation/Bootstrap/RegisterFacades.php:26
/var/www/html/vendor/orchestra/testbench-core/src/Concerns/CreatesApplication.php:556
/var/www/html/vendor/orchestra/testbench-core/src/Concerns/CreatesApplication.php:311
/var/www/html/vendor/orchestra/testbench-core/src/TestCase.php:121
/var/www/html/vendor/orchestra/testbench-core/src/Concerns/ApplicationTestingHooks.php:74
/var/www/html/vendor/orchestra/testbench-core/src/Concerns/Testing.php:43
/var/www/html/vendor/laravel/framework/src/Illuminate/Collections/helpers.php:236
/var/www/html/vendor/orchestra/sidekick/src/functions.php:87
/var/www/html/vendor/laravel/framework/src/Illuminate/Collections/helpers.php:236
/var/www/html/vendor/orchestra/testbench-core/src/Concerns/Testing.php:57
/var/www/html/vendor/orchestra/testbench-core/src/TestCase.php:50
/var/www/html/tests/TestCase.php:61
/var/www/html/tests/Unit/Commands/MakeToolCommandTest.php:33</error>
        </testcase>
        <testcase name="it_handles_nested_namespaces" file="/var/www/html/tests/Unit/Commands/MakeToolCommandTest.php" line="222" class="JTD\LaravelMCP\Tests\Unit\Commands\MakeToolCommandTest" classname="JTD.LaravelMCP.Tests.Unit.Commands.MakeToolCommandTest" assertions="0" time="0.000000">
          <error type="Exception">JTD\LaravelMCP\Tests\Unit\Commands\MakeToolCommandTest::it_handles_nested_namespaces
Exception: The /var/www/html/vendor/orchestra/testbench-core/laravel/bootstrap/cache directory must be present and writable.

/var/www/html/vendor/laravel/framework/src/Illuminate/Foundation/PackageManifest.php:179
/var/www/html/vendor/orchestra/testbench-core/src/Foundation/PackageManifest.php:157
/var/www/html/vendor/laravel/framework/src/Illuminate/Foundation/PackageManifest.php:132
/var/www/html/vendor/laravel/framework/src/Illuminate/Foundation/PackageManifest.php:108
/var/www/html/vendor/orchestra/testbench-core/src/Foundation/PackageManifest.php:102
/var/www/html/vendor/laravel/framework/src/Illuminate/Foundation/PackageManifest.php:91
/var/www/html/vendor/laravel/framework/src/Illuminate/Foundation/PackageManifest.php:80
/var/www/html/vendor/laravel/framework/src/Illuminate/Foundation/Bootstrap/RegisterFacades.php:26
/var/www/html/vendor/orchestra/testbench-core/src/Concerns/CreatesApplication.php:556
/var/www/html/vendor/orchestra/testbench-core/src/Concerns/CreatesApplication.php:311
/var/www/html/vendor/orchestra/testbench-core/src/TestCase.php:121
/var/www/html/vendor/orchestra/testbench-core/src/Concerns/ApplicationTestingHooks.php:74
/var/www/html/vendor/orchestra/testbench-core/src/Concerns/Testing.php:43
/var/www/html/vendor/laravel/framework/src/Illuminate/Collections/helpers.php:236
/var/www/html/vendor/orchestra/sidekick/src/functions.php:87
/var/www/html/vendor/laravel/framework/src/Illuminate/Collections/helpers.php:236
/var/www/html/vendor/orchestra/testbench-core/src/Concerns/Testing.php:57
/var/www/html/vendor/orchestra/testbench-core/src/TestCase.php:50
/var/www/html/tests/TestCase.php:61
/var/www/html/tests/Unit/Commands/MakeToolCommandTest.php:33</error>
        </testcase>
        <testcase name="it_displays_success_message_with_details" file="/var/www/html/tests/Unit/Commands/MakeToolCommandTest.php" line="239" class="JTD\LaravelMCP\Tests\Unit\Commands\MakeToolCommandTest" classname="JTD.LaravelMCP.Tests.Unit.Commands.MakeToolCommandTest" assertions="0" time="0.000000">
          <error type="Exception">JTD\LaravelMCP\Tests\Unit\Commands\MakeToolCommandTest::it_displays_success_message_with_details
Exception: The /var/www/html/vendor/orchestra/testbench-core/laravel/bootstrap/cache directory must be present and writable.

/var/www/html/vendor/laravel/framework/src/Illuminate/Foundation/PackageManifest.php:179
/var/www/html/vendor/orchestra/testbench-core/src/Foundation/PackageManifest.php:157
/var/www/html/vendor/laravel/framework/src/Illuminate/Foundation/PackageManifest.php:132
/var/www/html/vendor/laravel/framework/src/Illuminate/Foundation/PackageManifest.php:108
/var/www/html/vendor/orchestra/testbench-core/src/Foundation/PackageManifest.php:102
/var/www/html/vendor/laravel/framework/src/Illuminate/Foundation/PackageManifest.php:91
/var/www/html/vendor/laravel/framework/src/Illuminate/Foundation/PackageManifest.php:80
/var/www/html/vendor/laravel/framework/src/Illuminate/Foundation/Bootstrap/RegisterFacades.php:26
/var/www/html/vendor/orchestra/testbench-core/src/Concerns/CreatesApplication.php:556
/var/www/html/vendor/orchestra/testbench-core/src/Concerns/CreatesApplication.php:311
/var/www/html/vendor/orchestra/testbench-core/src/TestCase.php:121
/var/www/html/vendor/orchestra/testbench-core/src/Concerns/ApplicationTestingHooks.php:74
/var/www/html/vendor/orchestra/testbench-core/src/Concerns/Testing.php:43
/var/www/html/vendor/laravel/framework/src/Illuminate/Collections/helpers.php:236
/var/www/html/vendor/orchestra/sidekick/src/functions.php:87
/var/www/html/vendor/laravel/framework/src/Illuminate/Collections/helpers.php:236
/var/www/html/vendor/orchestra/testbench-core/src/Concerns/Testing.php:57
/var/www/html/vendor/orchestra/testbench-core/src/TestCase.php:50
/var/www/html/tests/TestCase.php:61
/var/www/html/tests/Unit/Commands/MakeToolCommandTest.php:33</error>
        </testcase>
        <testcase name="it_handles_filesystem_errors_gracefully" file="/var/www/html/tests/Unit/Commands/MakeToolCommandTest.php" line="254" class="JTD\LaravelMCP\Tests\Unit\Commands\MakeToolCommandTest" classname="JTD.LaravelMCP.Tests.Unit.Commands.MakeToolCommandTest" assertions="0" time="0.000000">
          <error type="Exception">JTD\LaravelMCP\Tests\Unit\Commands\MakeToolCommandTest::it_handles_filesystem_errors_gracefully
Exception: The /var/www/html/vendor/orchestra/testbench-core/laravel/bootstrap/cache directory must be present and writable.

/var/www/html/vendor/laravel/framework/src/Illuminate/Foundation/PackageManifest.php:179
/var/www/html/vendor/orchestra/testbench-core/src/Foundation/PackageManifest.php:157
/var/www/html/vendor/laravel/framework/src/Illuminate/Foundation/PackageManifest.php:132
/var/www/html/vendor/laravel/framework/src/Illuminate/Foundation/PackageManifest.php:108
/var/www/html/vendor/orchestra/testbench-core/src/Foundation/PackageManifest.php:102
/var/www/html/vendor/laravel/framework/src/Illuminate/Foundation/PackageManifest.php:91
/var/www/html/vendor/laravel/framework/src/Illuminate/Foundation/PackageManifest.php:80
/var/www/html/vendor/laravel/framework/src/Illuminate/Foundation/Bootstrap/RegisterFacades.php:26
/var/www/html/vendor/orchestra/testbench-core/src/Concerns/CreatesApplication.php:556
/var/www/html/vendor/orchestra/testbench-core/src/Concerns/CreatesApplication.php:311
/var/www/html/vendor/orchestra/testbench-core/src/TestCase.php:121
/var/www/html/vendor/orchestra/testbench-core/src/Concerns/ApplicationTestingHooks.php:74
/var/www/html/vendor/orchestra/testbench-core/src/Concerns/Testing.php:43
/var/www/html/vendor/laravel/framework/src/Illuminate/Collections/helpers.php:236
/var/www/html/vendor/orchestra/sidekick/src/functions.php:87
/var/www/html/vendor/laravel/framework/src/Illuminate/Collections/helpers.php:236
/var/www/html/vendor/orchestra/testbench-core/src/Concerns/Testing.php:57
/var/www/html/vendor/orchestra/testbench-core/src/TestCase.php:50
/var/www/html/tests/TestCase.php:61
/var/www/html/tests/Unit/Commands/MakeToolCommandTest.php:33</error>
        </testcase>
      </testsuite>
      <testsuite name="JTD\LaravelMCP\Tests\Unit\Commands\ServeCommandTest" file="/var/www/html/tests/Unit/Commands/ServeCommandTest.php" tests="18" assertions="0" errors="18" failures="0" skipped="0" time="0.000000">
        <testcase name="it_has_correct_command_signature" file="/var/www/html/tests/Unit/Commands/ServeCommandTest.php" line="83" class="JTD\LaravelMCP\Tests\Unit\Commands\ServeCommandTest" classname="JTD.LaravelMCP.Tests.Unit.Commands.ServeCommandTest" assertions="0" time="0.000000">
          <error type="Exception">JTD\LaravelMCP\Tests\Unit\Commands\ServeCommandTest::it_has_correct_command_signature
Exception: The /var/www/html/vendor/orchestra/testbench-core/laravel/bootstrap/cache directory must be present and writable.

/var/www/html/vendor/laravel/framework/src/Illuminate/Foundation/PackageManifest.php:179
/var/www/html/vendor/orchestra/testbench-core/src/Foundation/PackageManifest.php:157
/var/www/html/vendor/laravel/framework/src/Illuminate/Foundation/PackageManifest.php:132
/var/www/html/vendor/laravel/framework/src/Illuminate/Foundation/PackageManifest.php:108
/var/www/html/vendor/orchestra/testbench-core/src/Foundation/PackageManifest.php:102
/var/www/html/vendor/laravel/framework/src/Illuminate/Foundation/PackageManifest.php:91
/var/www/html/vendor/laravel/framework/src/Illuminate/Foundation/PackageManifest.php:80
/var/www/html/vendor/laravel/framework/src/Illuminate/Foundation/Bootstrap/RegisterFacades.php:26
/var/www/html/vendor/orchestra/testbench-core/src/Concerns/CreatesApplication.php:556
/var/www/html/vendor/orchestra/testbench-core/src/Concerns/CreatesApplication.php:311
/var/www/html/vendor/orchestra/testbench-core/src/TestCase.php:121
/var/www/html/vendor/orchestra/testbench-core/src/Concerns/ApplicationTestingHooks.php:74
/var/www/html/vendor/orchestra/testbench-core/src/Concerns/Testing.php:43
/var/www/html/vendor/laravel/framework/src/Illuminate/Collections/helpers.php:236
/var/www/html/vendor/orchestra/sidekick/src/functions.php:87
/var/www/html/vendor/laravel/framework/src/Illuminate/Collections/helpers.php:236
/var/www/html/vendor/orchestra/testbench-core/src/Concerns/Testing.php:57
/var/www/html/vendor/orchestra/testbench-core/src/TestCase.php:50
/var/www/html/tests/TestCase.php:61
/var/www/html/tests/Unit/Commands/ServeCommandTest.php:54</error>
        </testcase>
        <testcase name="it_starts_stdio_transport_successfully" file="/var/www/html/tests/Unit/Commands/ServeCommandTest.php" line="112" class="JTD\LaravelMCP\Tests\Unit\Commands\ServeCommandTest" classname="JTD.LaravelMCP.Tests.Unit.Commands.ServeCommandTest" assertions="0" time="0.000000">
          <error type="Exception">JTD\LaravelMCP\Tests\Unit\Commands\ServeCommandTest::it_starts_stdio_transport_successfully
Exception: The /var/www/html/vendor/orchestra/testbench-core/laravel/bootstrap/cache directory must be present and writable.

/var/www/html/vendor/laravel/framework/src/Illuminate/Foundation/PackageManifest.php:179
/var/www/html/vendor/orchestra/testbench-core/src/Foundation/PackageManifest.php:157
/var/www/html/vendor/laravel/framework/src/Illuminate/Foundation/PackageManifest.php:132
/var/www/html/vendor/laravel/framework/src/Illuminate/Foundation/PackageManifest.php:108
/var/www/html/vendor/orchestra/testbench-core/src/Foundation/PackageManifest.php:102
/var/www/html/vendor/laravel/framework/src/Illuminate/Foundation/PackageManifest.php:91
/var/www/html/vendor/laravel/framework/src/Illuminate/Foundation/PackageManifest.php:80
/var/www/html/vendor/laravel/framework/src/Illuminate/Foundation/Bootstrap/RegisterFacades.php:26
/var/www/html/vendor/orchestra/testbench-core/src/Concerns/CreatesApplication.php:556
/var/www/html/vendor/orchestra/testbench-core/src/Concerns/CreatesApplication.php:311
/var/www/html/vendor/orchestra/testbench-core/src/TestCase.php:121
/var/www/html/vendor/orchestra/testbench-core/src/Concerns/ApplicationTestingHooks.php:74
/var/www/html/vendor/orchestra/testbench-core/src/Concerns/Testing.php:43
/var/www/html/vendor/laravel/framework/src/Illuminate/Collections/helpers.php:236
/var/www/html/vendor/orchestra/sidekick/src/functions.php:87
/var/www/html/vendor/laravel/framework/src/Illuminate/Collections/helpers.php:236
/var/www/html/vendor/orchestra/testbench-core/src/Concerns/Testing.php:57
/var/www/html/vendor/orchestra/testbench-core/src/TestCase.php:50
/var/www/html/tests/TestCase.php:61
/var/www/html/tests/Unit/Commands/ServeCommandTest.php:54</error>
        </testcase>
        <testcase name="it_starts_http_transport_successfully" file="/var/www/html/tests/Unit/Commands/ServeCommandTest.php" line="156" class="JTD\LaravelMCP\Tests\Unit\Commands\ServeCommandTest" classname="JTD.LaravelMCP.Tests.Unit.Commands.ServeCommandTest" assertions="0" time="0.000000">
          <error type="Exception">JTD\LaravelMCP\Tests\Unit\Commands\ServeCommandTest::it_starts_http_transport_successfully
Exception: The /var/www/html/vendor/orchestra/testbench-core/laravel/bootstrap/cache directory must be present and writable.

/var/www/html/vendor/laravel/framework/src/Illuminate/Foundation/PackageManifest.php:179
/var/www/html/vendor/orchestra/testbench-core/src/Foundation/PackageManifest.php:157
/var/www/html/vendor/laravel/framework/src/Illuminate/Foundation/PackageManifest.php:132
/var/www/html/vendor/laravel/framework/src/Illuminate/Foundation/PackageManifest.php:108
/var/www/html/vendor/orchestra/testbench-core/src/Foundation/PackageManifest.php:102
/var/www/html/vendor/laravel/framework/src/Illuminate/Foundation/PackageManifest.php:91
/var/www/html/vendor/laravel/framework/src/Illuminate/Foundation/PackageManifest.php:80
/var/www/html/vendor/laravel/framework/src/Illuminate/Foundation/Bootstrap/RegisterFacades.php:26
/var/www/html/vendor/orchestra/testbench-core/src/Concerns/CreatesApplication.php:556
/var/www/html/vendor/orchestra/testbench-core/src/Concerns/CreatesApplication.php:311
/var/www/html/vendor/orchestra/testbench-core/src/TestCase.php:121
/var/www/html/vendor/orchestra/testbench-core/src/Concerns/ApplicationTestingHooks.php:74
/var/www/html/vendor/orchestra/testbench-core/src/Concerns/Testing.php:43
/var/www/html/vendor/laravel/framework/src/Illuminate/Collections/helpers.php:236
/var/www/html/vendor/orchestra/sidekick/src/functions.php:87
/var/www/html/vendor/laravel/framework/src/Illuminate/Collections/helpers.php:236
/var/www/html/vendor/orchestra/testbench-core/src/Concerns/Testing.php:57
/var/www/html/vendor/orchestra/testbench-core/src/TestCase.php:50
/var/www/html/tests/TestCase.php:61
/var/www/html/tests/Unit/Commands/ServeCommandTest.php:54</error>
        </testcase>
        <testcase name="it_validates_invalid_transport_type" file="/var/www/html/tests/Unit/Commands/ServeCommandTest.php" line="238" class="JTD\LaravelMCP\Tests\Unit\Commands\ServeCommandTest" classname="JTD.LaravelMCP.Tests.Unit.Commands.ServeCommandTest" assertions="0" time="0.000000">
          <error type="Exception">JTD\LaravelMCP\Tests\Unit\Commands\ServeCommandTest::it_validates_invalid_transport_type
Exception: The /var/www/html/vendor/orchestra/testbench-core/laravel/bootstrap/cache directory must be present and writable.

/var/www/html/vendor/laravel/framework/src/Illuminate/Foundation/PackageManifest.php:179
/var/www/html/vendor/orchestra/testbench-core/src/Foundation/PackageManifest.php:157
/var/www/html/vendor/laravel/framework/src/Illuminate/Foundation/PackageManifest.php:132
/var/www/html/vendor/laravel/framework/src/Illuminate/Foundation/PackageManifest.php:108
/var/www/html/vendor/orchestra/testbench-core/src/Foundation/PackageManifest.php:102
/var/www/html/vendor/laravel/framework/src/Illuminate/Foundation/PackageManifest.php:91
/var/www/html/vendor/laravel/framework/src/Illuminate/Foundation/PackageManifest.php:80
/var/www/html/vendor/laravel/framework/src/Illuminate/Foundation/Bootstrap/RegisterFacades.php:26
/var/www/html/vendor/orchestra/testbench-core/src/Concerns/CreatesApplication.php:556
/var/www/html/vendor/orchestra/testbench-core/src/Concerns/CreatesApplication.php:311
/var/www/html/vendor/orchestra/testbench-core/src/TestCase.php:121
/var/www/html/vendor/orchestra/testbench-core/src/Concerns/ApplicationTestingHooks.php:74
/var/www/html/vendor/orchestra/testbench-core/src/Concerns/Testing.php:43
/var/www/html/vendor/laravel/framework/src/Illuminate/Collections/helpers.php:236
/var/www/html/vendor/orchestra/sidekick/src/functions.php:87
/var/www/html/vendor/laravel/framework/src/Illuminate/Collections/helpers.php:236
/var/www/html/vendor/orchestra/testbench-core/src/Concerns/Testing.php:57
/var/www/html/vendor/orchestra/testbench-core/src/TestCase.php:50
/var/www/html/tests/TestCase.php:61
/var/www/html/tests/Unit/Commands/ServeCommandTest.php:54</error>
        </testcase>
        <testcase name="it_validates_disabled_transport" file="/var/www/html/tests/Unit/Commands/ServeCommandTest.php" line="255" class="JTD\LaravelMCP\Tests\Unit\Commands\ServeCommandTest" classname="JTD.LaravelMCP.Tests.Unit.Commands.ServeCommandTest" assertions="0" time="0.000000">
          <error type="Exception">JTD\LaravelMCP\Tests\Unit\Commands\ServeCommandTest::it_validates_disabled_transport
Exception: The /var/www/html/vendor/orchestra/testbench-core/laravel/bootstrap/cache directory must be present and writable.

/var/www/html/vendor/laravel/framework/src/Illuminate/Foundation/PackageManifest.php:179
/var/www/html/vendor/orchestra/testbench-core/src/Foundation/PackageManifest.php:157
/var/www/html/vendor/laravel/framework/src/Illuminate/Foundation/PackageManifest.php:132
/var/www/html/vendor/laravel/framework/src/Illuminate/Foundation/PackageManifest.php:108
/var/www/html/vendor/orchestra/testbench-core/src/Foundation/PackageManifest.php:102
/var/www/html/vendor/laravel/framework/src/Illuminate/Foundation/PackageManifest.php:91
/var/www/html/vendor/laravel/framework/src/Illuminate/Foundation/PackageManifest.php:80
/var/www/html/vendor/laravel/framework/src/Illuminate/Foundation/Bootstrap/RegisterFacades.php:26
/var/www/html/vendor/orchestra/testbench-core/src/Concerns/CreatesApplication.php:556
/var/www/html/vendor/orchestra/testbench-core/src/Concerns/CreatesApplication.php:311
/var/www/html/vendor/orchestra/testbench-core/src/TestCase.php:121
/var/www/html/vendor/orchestra/testbench-core/src/Concerns/ApplicationTestingHooks.php:74
/var/www/html/vendor/orchestra/testbench-core/src/Concerns/Testing.php:43
/var/www/html/vendor/laravel/framework/src/Illuminate/Collections/helpers.php:236
/var/www/html/vendor/orchestra/sidekick/src/functions.php:87
/var/www/html/vendor/laravel/framework/src/Illuminate/Collections/helpers.php:236
/var/www/html/vendor/orchestra/testbench-core/src/Concerns/Testing.php:57
/var/www/html/vendor/orchestra/testbench-core/src/TestCase.php:50
/var/www/html/tests/TestCase.php:61
/var/www/html/tests/Unit/Commands/ServeCommandTest.php:54</error>
        </testcase>
        <testcase name="it_validates_unregistered_transport_in_manager" file="/var/www/html/tests/Unit/Commands/ServeCommandTest.php" line="279" class="JTD\LaravelMCP\Tests\Unit\Commands\ServeCommandTest" classname="JTD.LaravelMCP.Tests.Unit.Commands.ServeCommandTest" assertions="0" time="0.000000">
          <error type="Exception">JTD\LaravelMCP\Tests\Unit\Commands\ServeCommandTest::it_validates_unregistered_transport_in_manager
Exception: The /var/www/html/vendor/orchestra/testbench-core/laravel/bootstrap/cache directory must be present and writable.

/var/www/html/vendor/laravel/framework/src/Illuminate/Foundation/PackageManifest.php:179
/var/www/html/vendor/orchestra/testbench-core/src/Foundation/PackageManifest.php:157
/var/www/html/vendor/laravel/framework/src/Illuminate/Foundation/PackageManifest.php:132
/var/www/html/vendor/laravel/framework/src/Illuminate/Foundation/PackageManifest.php:108
/var/www/html/vendor/orchestra/testbench-core/src/Foundation/PackageManifest.php:102
/var/www/html/vendor/laravel/framework/src/Illuminate/Foundation/PackageManifest.php:91
/var/www/html/vendor/laravel/framework/src/Illuminate/Foundation/PackageManifest.php:80
/var/www/html/vendor/laravel/framework/src/Illuminate/Foundation/Bootstrap/RegisterFacades.php:26
/var/www/html/vendor/orchestra/testbench-core/src/Concerns/CreatesApplication.php:556
/var/www/html/vendor/orchestra/testbench-core/src/Concerns/CreatesApplication.php:311
/var/www/html/vendor/orchestra/testbench-core/src/TestCase.php:121
/var/www/html/vendor/orchestra/testbench-core/src/Concerns/ApplicationTestingHooks.php:74
/var/www/html/vendor/orchestra/testbench-core/src/Concerns/Testing.php:43
/var/www/html/vendor/laravel/framework/src/Illuminate/Collections/helpers.php:236
/var/www/html/vendor/orchestra/sidekick/src/functions.php:87
/var/www/html/vendor/laravel/framework/src/Illuminate/Collections/helpers.php:236
/var/www/html/vendor/orchestra/testbench-core/src/Concerns/Testing.php:57
/var/www/html/vendor/orchestra/testbench-core/src/TestCase.php:50
/var/www/html/tests/TestCase.php:61
/var/www/html/tests/Unit/Commands/ServeCommandTest.php:54</error>
        </testcase>
        <testcase name="it_validates_timeout_option" file="/var/www/html/tests/Unit/Commands/ServeCommandTest.php" line="312" class="JTD\LaravelMCP\Tests\Unit\Commands\ServeCommandTest" classname="JTD.LaravelMCP.Tests.Unit.Commands.ServeCommandTest" assertions="0" time="0.000000">
          <error type="Exception">JTD\LaravelMCP\Tests\Unit\Commands\ServeCommandTest::it_validates_timeout_option
Exception: The /var/www/html/vendor/orchestra/testbench-core/laravel/bootstrap/cache directory must be present and writable.

/var/www/html/vendor/laravel/framework/src/Illuminate/Foundation/PackageManifest.php:179
/var/www/html/vendor/orchestra/testbench-core/src/Foundation/PackageManifest.php:157
/var/www/html/vendor/laravel/framework/src/Illuminate/Foundation/PackageManifest.php:132
/var/www/html/vendor/laravel/framework/src/Illuminate/Foundation/PackageManifest.php:108
/var/www/html/vendor/orchestra/testbench-core/src/Foundation/PackageManifest.php:102
/var/www/html/vendor/laravel/framework/src/Illuminate/Foundation/PackageManifest.php:91
/var/www/html/vendor/laravel/framework/src/Illuminate/Foundation/PackageManifest.php:80
/var/www/html/vendor/laravel/framework/src/Illuminate/Foundation/Bootstrap/RegisterFacades.php:26
/var/www/html/vendor/orchestra/testbench-core/src/Concerns/CreatesApplication.php:556
/var/www/html/vendor/orchestra/testbench-core/src/Concerns/CreatesApplication.php:311
/var/www/html/vendor/orchestra/testbench-core/src/TestCase.php:121
/var/www/html/vendor/orchestra/testbench-core/src/Concerns/ApplicationTestingHooks.php:74
/var/www/html/vendor/orchestra/testbench-core/src/Concerns/Testing.php:43
/var/www/html/vendor/laravel/framework/src/Illuminate/Collections/helpers.php:236
/var/www/html/vendor/orchestra/sidekick/src/functions.php:87
/var/www/html/vendor/laravel/framework/src/Illuminate/Collections/helpers.php:236
/var/www/html/vendor/orchestra/testbench-core/src/Concerns/Testing.php:57
/var/www/html/vendor/orchestra/testbench-core/src/TestCase.php:50
/var/www/html/tests/TestCase.php:61
/var/www/html/tests/Unit/Commands/ServeCommandTest.php:54</error>
        </testcase>
        <testcase name="it_validates_port_option_for_http_transport" file="/var/www/html/tests/Unit/Commands/ServeCommandTest.php" line="336" class="JTD\LaravelMCP\Tests\Unit\Commands\ServeCommandTest" classname="JTD.LaravelMCP.Tests.Unit.Commands.ServeCommandTest" assertions="0" time="0.000000">
          <error type="Exception">JTD\LaravelMCP\Tests\Unit\Commands\ServeCommandTest::it_validates_port_option_for_http_transport
Exception: The /var/www/html/vendor/orchestra/testbench-core/laravel/bootstrap/cache directory must be present and writable.

/var/www/html/vendor/laravel/framework/src/Illuminate/Foundation/PackageManifest.php:179
/var/www/html/vendor/orchestra/testbench-core/src/Foundation/PackageManifest.php:157
/var/www/html/vendor/laravel/framework/src/Illuminate/Foundation/PackageManifest.php:132
/var/www/html/vendor/laravel/framework/src/Illuminate/Foundation/PackageManifest.php:108
/var/www/html/vendor/orchestra/testbench-core/src/Foundation/PackageManifest.php:102
/var/www/html/vendor/laravel/framework/src/Illuminate/Foundation/PackageManifest.php:91
/var/www/html/vendor/laravel/framework/src/Illuminate/Foundation/PackageManifest.php:80
/var/www/html/vendor/laravel/framework/src/Illuminate/Foundation/Bootstrap/RegisterFacades.php:26
/var/www/html/vendor/orchestra/testbench-core/src/Concerns/CreatesApplication.php:556
/var/www/html/vendor/orchestra/testbench-core/src/Concerns/CreatesApplication.php:311
/var/www/html/vendor/orchestra/testbench-core/src/TestCase.php:121
/var/www/html/vendor/orchestra/testbench-core/src/Concerns/ApplicationTestingHooks.php:74
/var/www/html/vendor/orchestra/testbench-core/src/Concerns/Testing.php:43
/var/www/html/vendor/laravel/framework/src/Illuminate/Collections/helpers.php:236
/var/www/html/vendor/orchestra/sidekick/src/functions.php:87
/var/www/html/vendor/laravel/framework/src/Illuminate/Collections/helpers.php:236
/var/www/html/vendor/orchestra/testbench-core/src/Concerns/Testing.php:57
/var/www/html/vendor/orchestra/testbench-core/src/TestCase.php:50
/var/www/html/tests/TestCase.php:61
/var/www/html/tests/Unit/Commands/ServeCommandTest.php:54</error>
        </testcase>
        <testcase name="it_enables_debug_mode" file="/var/www/html/tests/Unit/Commands/ServeCommandTest.php" line="360" class="JTD\LaravelMCP\Tests\Unit\Commands\ServeCommandTest" classname="JTD.LaravelMCP.Tests.Unit.Commands.ServeCommandTest" assertions="0" time="0.000000">
          <error type="Exception">JTD\LaravelMCP\Tests\Unit\Commands\ServeCommandTest::it_enables_debug_mode
Exception: The /var/www/html/vendor/orchestra/testbench-core/laravel/bootstrap/cache directory must be present and writable.

/var/www/html/vendor/laravel/framework/src/Illuminate/Foundation/PackageManifest.php:179
/var/www/html/vendor/orchestra/testbench-core/src/Foundation/PackageManifest.php:157
/var/www/html/vendor/laravel/framework/src/Illuminate/Foundation/PackageManifest.php:132
/var/www/html/vendor/laravel/framework/src/Illuminate/Foundation/PackageManifest.php:108
/var/www/html/vendor/orchestra/testbench-core/src/Foundation/PackageManifest.php:102
/var/www/html/vendor/laravel/framework/src/Illuminate/Foundation/PackageManifest.php:91
/var/www/html/vendor/laravel/framework/src/Illuminate/Foundation/PackageManifest.php:80
/var/www/html/vendor/laravel/framework/src/Illuminate/Foundation/Bootstrap/RegisterFacades.php:26
/var/www/html/vendor/orchestra/testbench-core/src/Concerns/CreatesApplication.php:556
/var/www/html/vendor/orchestra/testbench-core/src/Concerns/CreatesApplication.php:311
/var/www/html/vendor/orchestra/testbench-core/src/TestCase.php:121
/var/www/html/vendor/orchestra/testbench-core/src/Concerns/ApplicationTestingHooks.php:74
/var/www/html/vendor/orchestra/testbench-core/src/Concerns/Testing.php:43
/var/www/html/vendor/laravel/framework/src/Illuminate/Collections/helpers.php:236
/var/www/html/vendor/orchestra/sidekick/src/functions.php:87
/var/www/html/vendor/laravel/framework/src/Illuminate/Collections/helpers.php:236
/var/www/html/vendor/orchestra/testbench-core/src/Concerns/Testing.php:57
/var/www/html/vendor/orchestra/testbench-core/src/TestCase.php:50
/var/www/html/tests/TestCase.php:61
/var/www/html/tests/Unit/Commands/ServeCommandTest.php:54</error>
        </testcase>
        <testcase name="it_handles_transport_creation_failure" file="/var/www/html/tests/Unit/Commands/ServeCommandTest.php" line="392" class="JTD\LaravelMCP\Tests\Unit\Commands\ServeCommandTest" classname="JTD.LaravelMCP.Tests.Unit.Commands.ServeCommandTest" assertions="0" time="0.000000">
          <error type="Exception">JTD\LaravelMCP\Tests\Unit\Commands\ServeCommandTest::it_handles_transport_creation_failure
Exception: The /var/www/html/vendor/orchestra/testbench-core/laravel/bootstrap/cache directory must be present and writable.

/var/www/html/vendor/laravel/framework/src/Illuminate/Foundation/PackageManifest.php:179
/var/www/html/vendor/orchestra/testbench-core/src/Foundation/PackageManifest.php:157
/var/www/html/vendor/laravel/framework/src/Illuminate/Foundation/PackageManifest.php:132
/var/www/html/vendor/laravel/framework/src/Illuminate/Foundation/PackageManifest.php:108
/var/www/html/vendor/orchestra/testbench-core/src/Foundation/PackageManifest.php:102
/var/www/html/vendor/laravel/framework/src/Illuminate/Foundation/PackageManifest.php:91
/var/www/html/vendor/laravel/framework/src/Illuminate/Foundation/PackageManifest.php:80
/var/www/html/vendor/laravel/framework/src/Illuminate/Foundation/Bootstrap/RegisterFacades.php:26
/var/www/html/vendor/orchestra/testbench-core/src/Concerns/CreatesApplication.php:556
/var/www/html/vendor/orchestra/testbench-core/src/Concerns/CreatesApplication.php:311
/var/www/html/vendor/orchestra/testbench-core/src/TestCase.php:121
/var/www/html/vendor/orchestra/testbench-core/src/Concerns/ApplicationTestingHooks.php:74
/var/www/html/vendor/orchestra/testbench-core/src/Concerns/Testing.php:43
/var/www/html/vendor/laravel/framework/src/Illuminate/Collections/helpers.php:236
/var/www/html/vendor/orchestra/sidekick/src/functions.php:87
/var/www/html/vendor/laravel/framework/src/Illuminate/Collections/helpers.php:236
/var/www/html/vendor/orchestra/testbench-core/src/Concerns/Testing.php:57
/var/www/html/vendor/orchestra/testbench-core/src/TestCase.php:50
/var/www/html/tests/TestCase.php:61
/var/www/html/tests/Unit/Commands/ServeCommandTest.php:54</error>
        </testcase>
        <testcase name="it_handles_stdio_transport_errors" file="/var/www/html/tests/Unit/Commands/ServeCommandTest.php" line="413" class="JTD\LaravelMCP\Tests\Unit\Commands\ServeCommandTest" classname="JTD.LaravelMCP.Tests.Unit.Commands.ServeCommandTest" assertions="0" time="0.000000">
          <error type="Exception">JTD\LaravelMCP\Tests\Unit\Commands\ServeCommandTest::it_handles_stdio_transport_errors
Exception: The /var/www/html/vendor/orchestra/testbench-core/laravel/bootstrap/cache directory must be present and writable.

/var/www/html/vendor/laravel/framework/src/Illuminate/Foundation/PackageManifest.php:179
/var/www/html/vendor/orchestra/testbench-core/src/Foundation/PackageManifest.php:157
/var/www/html/vendor/laravel/framework/src/Illuminate/Foundation/PackageManifest.php:132
/var/www/html/vendor/laravel/framework/src/Illuminate/Foundation/PackageManifest.php:108
/var/www/html/vendor/orchestra/testbench-core/src/Foundation/PackageManifest.php:102
/var/www/html/vendor/laravel/framework/src/Illuminate/Foundation/PackageManifest.php:91
/var/www/html/vendor/laravel/framework/src/Illuminate/Foundation/PackageManifest.php:80
/var/www/html/vendor/laravel/framework/src/Illuminate/Foundation/Bootstrap/RegisterFacades.php:26
/var/www/html/vendor/orchestra/testbench-core/src/Concerns/CreatesApplication.php:556
/var/www/html/vendor/orchestra/testbench-core/src/Concerns/CreatesApplication.php:311
/var/www/html/vendor/orchestra/testbench-core/src/TestCase.php:121
/var/www/html/vendor/orchestra/testbench-core/src/Concerns/ApplicationTestingHooks.php:74
/var/www/html/vendor/orchestra/testbench-core/src/Concerns/Testing.php:43
/var/www/html/vendor/laravel/framework/src/Illuminate/Collections/helpers.php:236
/var/www/html/vendor/orchestra/sidekick/src/functions.php:87
/var/www/html/vendor/laravel/framework/src/Illuminate/Collections/helpers.php:236
/var/www/html/vendor/orchestra/testbench-core/src/Concerns/Testing.php:57
/var/www/html/vendor/orchestra/testbench-core/src/TestCase.php:50
/var/www/html/tests/TestCase.php:61
/var/www/html/tests/Unit/Commands/ServeCommandTest.php:54</error>
        </testcase>
        <testcase name="it_builds_correct_transport_configuration" file="/var/www/html/tests/Unit/Commands/ServeCommandTest.php" line="444" class="JTD\LaravelMCP\Tests\Unit\Commands\ServeCommandTest" classname="JTD.LaravelMCP.Tests.Unit.Commands.ServeCommandTest" assertions="0" time="0.000000">
          <error type="Exception">JTD\LaravelMCP\Tests\Unit\Commands\ServeCommandTest::it_builds_correct_transport_configuration
Exception: The /var/www/html/vendor/orchestra/testbench-core/laravel/bootstrap/cache directory must be present and writable.

/var/www/html/vendor/laravel/framework/src/Illuminate/Foundation/PackageManifest.php:179
/var/www/html/vendor/orchestra/testbench-core/src/Foundation/PackageManifest.php:157
/var/www/html/vendor/laravel/framework/src/Illuminate/Foundation/PackageManifest.php:132
/var/www/html/vendor/laravel/framework/src/Illuminate/Foundation/PackageManifest.php:108
/var/www/html/vendor/orchestra/testbench-core/src/Foundation/PackageManifest.php:102
/var/www/html/vendor/laravel/framework/src/Illuminate/Foundation/PackageManifest.php:91
/var/www/html/vendor/laravel/framework/src/Illuminate/Foundation/PackageManifest.php:80
/var/www/html/vendor/laravel/framework/src/Illuminate/Foundation/Bootstrap/RegisterFacades.php:26
/var/www/html/vendor/orchestra/testbench-core/src/Concerns/CreatesApplication.php:556
/var/www/html/vendor/orchestra/testbench-core/src/Concerns/CreatesApplication.php:311
/var/www/html/vendor/orchestra/testbench-core/src/TestCase.php:121
/var/www/html/vendor/orchestra/testbench-core/src/Concerns/ApplicationTestingHooks.php:74
/var/www/html/vendor/orchestra/testbench-core/src/Concerns/Testing.php:43
/var/www/html/vendor/laravel/framework/src/Illuminate/Collections/helpers.php:236
/var/www/html/vendor/orchestra/sidekick/src/functions.php:87
/var/www/html/vendor/laravel/framework/src/Illuminate/Collections/helpers.php:236
/var/www/html/vendor/orchestra/testbench-core/src/Concerns/Testing.php:57
/var/www/html/vendor/orchestra/testbench-core/src/TestCase.php:50
/var/www/html/tests/TestCase.php:61
/var/www/html/tests/Unit/Commands/ServeCommandTest.php:54</error>
        </testcase>
        <testcase name="it_handles_invalid_transport_instance" file="/var/www/html/tests/Unit/Commands/ServeCommandTest.php" line="498" class="JTD\LaravelMCP\Tests\Unit\Commands\ServeCommandTest" classname="JTD.LaravelMCP.Tests.Unit.Commands.ServeCommandTest" assertions="0" time="0.000000">
          <error type="Exception">JTD\LaravelMCP\Tests\Unit\Commands\ServeCommandTest::it_handles_invalid_transport_instance
Exception: The /var/www/html/vendor/orchestra/testbench-core/laravel/bootstrap/cache directory must be present and writable.

/var/www/html/vendor/laravel/framework/src/Illuminate/Foundation/PackageManifest.php:179
/var/www/html/vendor/orchestra/testbench-core/src/Foundation/PackageManifest.php:157
/var/www/html/vendor/laravel/framework/src/Illuminate/Foundation/PackageManifest.php:132
/var/www/html/vendor/laravel/framework/src/Illuminate/Foundation/PackageManifest.php:108
/var/www/html/vendor/orchestra/testbench-core/src/Foundation/PackageManifest.php:102
/var/www/html/vendor/laravel/framework/src/Illuminate/Foundation/PackageManifest.php:91
/var/www/html/vendor/laravel/framework/src/Illuminate/Foundation/PackageManifest.php:80
/var/www/html/vendor/laravel/framework/src/Illuminate/Foundation/Bootstrap/RegisterFacades.php:26
/var/www/html/vendor/orchestra/testbench-core/src/Concerns/CreatesApplication.php:556
/var/www/html/vendor/orchestra/testbench-core/src/Concerns/CreatesApplication.php:311
/var/www/html/vendor/orchestra/testbench-core/src/TestCase.php:121
/var/www/html/vendor/orchestra/testbench-core/src/Concerns/ApplicationTestingHooks.php:74
/var/www/html/vendor/orchestra/testbench-core/src/Concerns/Testing.php:43
/var/www/html/vendor/laravel/framework/src/Illuminate/Collections/helpers.php:236
/var/www/html/vendor/orchestra/sidekick/src/functions.php:87
/var/www/html/vendor/laravel/framework/src/Illuminate/Collections/helpers.php:236
/var/www/html/vendor/orchestra/testbench-core/src/Concerns/Testing.php:57
/var/www/html/vendor/orchestra/testbench-core/src/TestCase.php:50
/var/www/html/tests/TestCase.php:61
/var/www/html/tests/Unit/Commands/ServeCommandTest.php:54</error>
        </testcase>
        <testcase name="it_handles_shutdown_signals_with_pcntl" file="/var/www/html/tests/Unit/Commands/ServeCommandTest.php" line="527" class="JTD\LaravelMCP\Tests\Unit\Commands\ServeCommandTest" classname="JTD.LaravelMCP.Tests.Unit.Commands.ServeCommandTest" assertions="0" time="0.000000">
          <error type="Exception">JTD\LaravelMCP\Tests\Unit\Commands\ServeCommandTest::it_handles_shutdown_signals_with_pcntl
Exception: The /var/www/html/vendor/orchestra/testbench-core/laravel/bootstrap/cache directory must be present and writable.

/var/www/html/vendor/laravel/framework/src/Illuminate/Foundation/PackageManifest.php:179
/var/www/html/vendor/orchestra/testbench-core/src/Foundation/PackageManifest.php:157
/var/www/html/vendor/laravel/framework/src/Illuminate/Foundation/PackageManifest.php:132
/var/www/html/vendor/laravel/framework/src/Illuminate/Foundation/PackageManifest.php:108
/var/www/html/vendor/orchestra/testbench-core/src/Foundation/PackageManifest.php:102
/var/www/html/vendor/laravel/framework/src/Illuminate/Foundation/PackageManifest.php:91
/var/www/html/vendor/laravel/framework/src/Illuminate/Foundation/PackageManifest.php:80
/var/www/html/vendor/laravel/framework/src/Illuminate/Foundation/Bootstrap/RegisterFacades.php:26
/var/www/html/vendor/orchestra/testbench-core/src/Concerns/CreatesApplication.php:556
/var/www/html/vendor/orchestra/testbench-core/src/Concerns/CreatesApplication.php:311
/var/www/html/vendor/orchestra/testbench-core/src/TestCase.php:121
/var/www/html/vendor/orchestra/testbench-core/src/Concerns/ApplicationTestingHooks.php:74
/var/www/html/vendor/orchestra/testbench-core/src/Concerns/Testing.php:43
/var/www/html/vendor/laravel/framework/src/Illuminate/Collections/helpers.php:236
/var/www/html/vendor/orchestra/sidekick/src/functions.php:87
/var/www/html/vendor/laravel/framework/src/Illuminate/Collections/helpers.php:236
/var/www/html/vendor/orchestra/testbench-core/src/Concerns/Testing.php:57
/var/www/html/vendor/orchestra/testbench-core/src/TestCase.php:50
/var/www/html/tests/TestCase.php:61
/var/www/html/tests/Unit/Commands/ServeCommandTest.php:54</error>
        </testcase>
        <testcase name="it_configures_server_info_correctly" file="/var/www/html/tests/Unit/Commands/ServeCommandTest.php" line="556" class="JTD\LaravelMCP\Tests\Unit\Commands\ServeCommandTest" classname="JTD.LaravelMCP.Tests.Unit.Commands.ServeCommandTest" assertions="0" time="0.000000">
          <error type="Exception">JTD\LaravelMCP\Tests\Unit\Commands\ServeCommandTest::it_configures_server_info_correctly
Exception: The /var/www/html/vendor/orchestra/testbench-core/laravel/bootstrap/cache directory must be present and writable.

/var/www/html/vendor/laravel/framework/src/Illuminate/Foundation/PackageManifest.php:179
/var/www/html/vendor/orchestra/testbench-core/src/Foundation/PackageManifest.php:157
/var/www/html/vendor/laravel/framework/src/Illuminate/Foundation/PackageManifest.php:132
/var/www/html/vendor/laravel/framework/src/Illuminate/Foundation/PackageManifest.php:108
/var/www/html/vendor/orchestra/testbench-core/src/Foundation/PackageManifest.php:102
/var/www/html/vendor/laravel/framework/src/Illuminate/Foundation/PackageManifest.php:91
/var/www/html/vendor/laravel/framework/src/Illuminate/Foundation/PackageManifest.php:80
/var/www/html/vendor/laravel/framework/src/Illuminate/Foundation/Bootstrap/RegisterFacades.php:26
/var/www/html/vendor/orchestra/testbench-core/src/Concerns/CreatesApplication.php:556
/var/www/html/vendor/orchestra/testbench-core/src/Concerns/CreatesApplication.php:311
/var/www/html/vendor/orchestra/testbench-core/src/TestCase.php:121
/var/www/html/vendor/orchestra/testbench-core/src/Concerns/ApplicationTestingHooks.php:74
/var/www/html/vendor/orchestra/testbench-core/src/Concerns/Testing.php:43
/var/www/html/vendor/laravel/framework/src/Illuminate/Collections/helpers.php:236
/var/www/html/vendor/orchestra/sidekick/src/functions.php:87
/var/www/html/vendor/laravel/framework/src/Illuminate/Collections/helpers.php:236
/var/www/html/vendor/orchestra/testbench-core/src/Concerns/Testing.php:57
/var/www/html/vendor/orchestra/testbench-core/src/TestCase.php:50
/var/www/html/tests/TestCase.php:61
/var/www/html/tests/Unit/Commands/ServeCommandTest.php:54</error>
        </testcase>
        <testcase name="it_displays_transport_stats_in_verbose_mode" file="/var/www/html/tests/Unit/Commands/ServeCommandTest.php" line="588" class="JTD\LaravelMCP\Tests\Unit\Commands\ServeCommandTest" classname="JTD.LaravelMCP.Tests.Unit.Commands.ServeCommandTest" assertions="0" time="0.000000">
          <error type="Exception">JTD\LaravelMCP\Tests\Unit\Commands\ServeCommandTest::it_displays_transport_stats_in_verbose_mode
Exception: The /var/www/html/vendor/orchestra/testbench-core/laravel/bootstrap/cache directory must be present and writable.

/var/www/html/vendor/laravel/framework/src/Illuminate/Foundation/PackageManifest.php:179
/var/www/html/vendor/orchestra/testbench-core/src/Foundation/PackageManifest.php:157
/var/www/html/vendor/laravel/framework/src/Illuminate/Foundation/PackageManifest.php:132
/var/www/html/vendor/laravel/framework/src/Illuminate/Foundation/PackageManifest.php:108
/var/www/html/vendor/orchestra/testbench-core/src/Foundation/PackageManifest.php:102
/var/www/html/vendor/laravel/framework/src/Illuminate/Foundation/PackageManifest.php:91
/var/www/html/vendor/laravel/framework/src/Illuminate/Foundation/PackageManifest.php:80
/var/www/html/vendor/laravel/framework/src/Illuminate/Foundation/Bootstrap/RegisterFacades.php:26
/var/www/html/vendor/orchestra/testbench-core/src/Concerns/CreatesApplication.php:556
/var/www/html/vendor/orchestra/testbench-core/src/Concerns/CreatesApplication.php:311
/var/www/html/vendor/orchestra/testbench-core/src/TestCase.php:121
/var/www/html/vendor/orchestra/testbench-core/src/Concerns/ApplicationTestingHooks.php:74
/var/www/html/vendor/orchestra/testbench-core/src/Concerns/Testing.php:43
/var/www/html/vendor/laravel/framework/src/Illuminate/Collections/helpers.php:236
/var/www/html/vendor/orchestra/sidekick/src/functions.php:87
/var/www/html/vendor/laravel/framework/src/Illuminate/Collections/helpers.php:236
/var/www/html/vendor/orchestra/testbench-core/src/Concerns/Testing.php:57
/var/www/html/vendor/orchestra/testbench-core/src/TestCase.php:50
/var/www/html/tests/TestCase.php:61
/var/www/html/tests/Unit/Commands/ServeCommandTest.php:54</error>
        </testcase>
        <testcase name="it_returns_error_when_mcp_is_disabled" file="/var/www/html/tests/Unit/Commands/ServeCommandTest.php" line="625" class="JTD\LaravelMCP\Tests\Unit\Commands\ServeCommandTest" classname="JTD.LaravelMCP.Tests.Unit.Commands.ServeCommandTest" assertions="0" time="0.000000">
          <error type="Exception">JTD\LaravelMCP\Tests\Unit\Commands\ServeCommandTest::it_returns_error_when_mcp_is_disabled
Exception: The /var/www/html/vendor/orchestra/testbench-core/laravel/bootstrap/cache directory must be present and writable.

/var/www/html/vendor/laravel/framework/src/Illuminate/Foundation/PackageManifest.php:179
/var/www/html/vendor/orchestra/testbench-core/src/Foundation/PackageManifest.php:157
/var/www/html/vendor/laravel/framework/src/Illuminate/Foundation/PackageManifest.php:132
/var/www/html/vendor/laravel/framework/src/Illuminate/Foundation/PackageManifest.php:108
/var/www/html/vendor/orchestra/testbench-core/src/Foundation/PackageManifest.php:102
/var/www/html/vendor/laravel/framework/src/Illuminate/Foundation/PackageManifest.php:91
/var/www/html/vendor/laravel/framework/src/Illuminate/Foundation/PackageManifest.php:80
/var/www/html/vendor/laravel/framework/src/Illuminate/Foundation/Bootstrap/RegisterFacades.php:26
/var/www/html/vendor/orchestra/testbench-core/src/Concerns/CreatesApplication.php:556
/var/www/html/vendor/orchestra/testbench-core/src/Concerns/CreatesApplication.php:311
/var/www/html/vendor/orchestra/testbench-core/src/TestCase.php:121
/var/www/html/vendor/orchestra/testbench-core/src/Concerns/ApplicationTestingHooks.php:74
/var/www/html/vendor/orchestra/testbench-core/src/Concerns/Testing.php:43
/var/www/html/vendor/laravel/framework/src/Illuminate/Collections/helpers.php:236
/var/www/html/vendor/orchestra/sidekick/src/functions.php:87
/var/www/html/vendor/laravel/framework/src/Illuminate/Collections/helpers.php:236
/var/www/html/vendor/orchestra/testbench-core/src/Concerns/Testing.php:57
/var/www/html/vendor/orchestra/testbench-core/src/TestCase.php:50
/var/www/html/tests/TestCase.php:61
/var/www/html/tests/Unit/Commands/ServeCommandTest.php:54</error>
        </testcase>
        <testcase name="it_attempts_reconnection_for_http_transport" file="/var/www/html/tests/Unit/Commands/ServeCommandTest.php" line="642" class="JTD\LaravelMCP\Tests\Unit\Commands\ServeCommandTest" classname="JTD.LaravelMCP.Tests.Unit.Commands.ServeCommandTest" assertions="0" time="0.000000">
          <error type="Exception">JTD\LaravelMCP\Tests\Unit\Commands\ServeCommandTest::it_attempts_reconnection_for_http_transport
Exception: The /var/www/html/vendor/orchestra/testbench-core/laravel/bootstrap/cache directory must be present and writable.

/var/www/html/vendor/laravel/framework/src/Illuminate/Foundation/PackageManifest.php:179
/var/www/html/vendor/orchestra/testbench-core/src/Foundation/PackageManifest.php:157
/var/www/html/vendor/laravel/framework/src/Illuminate/Foundation/PackageManifest.php:132
/var/www/html/vendor/laravel/framework/src/Illuminate/Foundation/PackageManifest.php:108
/var/www/html/vendor/orchestra/testbench-core/src/Foundation/PackageManifest.php:102
/var/www/html/vendor/laravel/framework/src/Illuminate/Foundation/PackageManifest.php:91
/var/www/html/vendor/laravel/framework/src/Illuminate/Foundation/PackageManifest.php:80
/var/www/html/vendor/laravel/framework/src/Illuminate/Foundation/Bootstrap/RegisterFacades.php:26
/var/www/html/vendor/orchestra/testbench-core/src/Concerns/CreatesApplication.php:556
/var/www/html/vendor/orchestra/testbench-core/src/Concerns/CreatesApplication.php:311
/var/www/html/vendor/orchestra/testbench-core/src/TestCase.php:121
/var/www/html/vendor/orchestra/testbench-core/src/Concerns/ApplicationTestingHooks.php:74
/var/www/html/vendor/orchestra/testbench-core/src/Concerns/Testing.php:43
/var/www/html/vendor/laravel/framework/src/Illuminate/Collections/helpers.php:236
/var/www/html/vendor/orchestra/sidekick/src/functions.php:87
/var/www/html/vendor/laravel/framework/src/Illuminate/Collections/helpers.php:236
/var/www/html/vendor/orchestra/testbench-core/src/Concerns/Testing.php:57
/var/www/html/vendor/orchestra/testbench-core/src/TestCase.php:50
/var/www/html/tests/TestCase.php:61
/var/www/html/tests/Unit/Commands/ServeCommandTest.php:54</error>
        </testcase>
      </testsuite>
      <testsuite name="JTD\LaravelMCP\Tests\Unit\Events\McpComponentRegisteredTest" file="/var/www/html/tests/Unit/Events/McpComponentRegisteredTest.php" tests="8" assertions="0" errors="8" failures="0" skipped="0" time="0.000000">
        <testcase name="it_creates_event_with_required_parameters" file="/var/www/html/tests/Unit/Events/McpComponentRegisteredTest.php" line="27" class="JTD\LaravelMCP\Tests\Unit\Events\McpComponentRegisteredTest" classname="JTD.LaravelMCP.Tests.Unit.Events.McpComponentRegisteredTest" assertions="0" time="0.000000">
          <error type="Exception">JTD\LaravelMCP\Tests\Unit\Events\McpComponentRegisteredTest::it_creates_event_with_required_parameters
Exception: The /var/www/html/vendor/orchestra/testbench-core/laravel/bootstrap/cache directory must be present and writable.

/var/www/html/vendor/laravel/framework/src/Illuminate/Foundation/PackageManifest.php:179
/var/www/html/vendor/orchestra/testbench-core/src/Foundation/PackageManifest.php:157
/var/www/html/vendor/laravel/framework/src/Illuminate/Foundation/PackageManifest.php:132
/var/www/html/vendor/laravel/framework/src/Illuminate/Foundation/PackageManifest.php:108
/var/www/html/vendor/orchestra/testbench-core/src/Foundation/PackageManifest.php:102
/var/www/html/vendor/laravel/framework/src/Illuminate/Foundation/PackageManifest.php:91
/var/www/html/vendor/laravel/framework/src/Illuminate/Foundation/PackageManifest.php:80
/var/www/html/vendor/laravel/framework/src/Illuminate/Foundation/Bootstrap/RegisterFacades.php:26
/var/www/html/vendor/orchestra/testbench-core/src/Concerns/CreatesApplication.php:556
/var/www/html/vendor/orchestra/testbench-core/src/Concerns/CreatesApplication.php:311
/var/www/html/vendor/orchestra/testbench-core/src/TestCase.php:121
/var/www/html/vendor/orchestra/testbench-core/src/Concerns/ApplicationTestingHooks.php:74
/var/www/html/vendor/orchestra/testbench-core/src/Concerns/Testing.php:43
/var/www/html/vendor/laravel/framework/src/Illuminate/Collections/helpers.php:236
/var/www/html/vendor/orchestra/sidekick/src/functions.php:87
/var/www/html/vendor/laravel/framework/src/Illuminate/Collections/helpers.php:236
/var/www/html/vendor/orchestra/testbench-core/src/Concerns/Testing.php:57
/var/www/html/vendor/orchestra/testbench-core/src/TestCase.php:50
/var/www/html/tests/TestCase.php:61</error>
        </testcase>
        <testcase name="it_creates_event_with_metadata" file="/var/www/html/tests/Unit/Events/McpComponentRegisteredTest.php" line="45" class="JTD\LaravelMCP\Tests\Unit\Events\McpComponentRegisteredTest" classname="JTD.LaravelMCP.Tests.Unit.Events.McpComponentRegisteredTest" assertions="0" time="0.000000">
          <error type="Exception">JTD\LaravelMCP\Tests\Unit\Events\McpComponentRegisteredTest::it_creates_event_with_metadata
Exception: The /var/www/html/vendor/orchestra/testbench-core/laravel/bootstrap/cache directory must be present and writable.

/var/www/html/vendor/laravel/framework/src/Illuminate/Foundation/PackageManifest.php:179
/var/www/html/vendor/orchestra/testbench-core/src/Foundation/PackageManifest.php:157
/var/www/html/vendor/laravel/framework/src/Illuminate/Foundation/PackageManifest.php:132
/var/www/html/vendor/laravel/framework/src/Illuminate/Foundation/PackageManifest.php:108
/var/www/html/vendor/orchestra/testbench-core/src/Foundation/PackageManifest.php:102
/var/www/html/vendor/laravel/framework/src/Illuminate/Foundation/PackageManifest.php:91
/var/www/html/vendor/laravel/framework/src/Illuminate/Foundation/PackageManifest.php:80
/var/www/html/vendor/laravel/framework/src/Illuminate/Foundation/Bootstrap/RegisterFacades.php:26
/var/www/html/vendor/orchestra/testbench-core/src/Concerns/CreatesApplication.php:556
/var/www/html/vendor/orchestra/testbench-core/src/Concerns/CreatesApplication.php:311
/var/www/html/vendor/orchestra/testbench-core/src/TestCase.php:121
/var/www/html/vendor/orchestra/testbench-core/src/Concerns/ApplicationTestingHooks.php:74
/var/www/html/vendor/orchestra/testbench-core/src/Concerns/Testing.php:43
/var/www/html/vendor/laravel/framework/src/Illuminate/Collections/helpers.php:236
/var/www/html/vendor/orchestra/sidekick/src/functions.php:87
/var/www/html/vendor/laravel/framework/src/Illuminate/Collections/helpers.php:236
/var/www/html/vendor/orchestra/testbench-core/src/Concerns/Testing.php:57
/var/www/html/vendor/orchestra/testbench-core/src/TestCase.php:50
/var/www/html/tests/TestCase.php:61</error>
        </testcase>
        <testcase name="it_creates_event_with_user_id" file="/var/www/html/tests/Unit/Events/McpComponentRegisteredTest.php" line="67" class="JTD\LaravelMCP\Tests\Unit\Events\McpComponentRegisteredTest" classname="JTD.LaravelMCP.Tests.Unit.Events.McpComponentRegisteredTest" assertions="0" time="0.000000">
          <error type="Exception">JTD\LaravelMCP\Tests\Unit\Events\McpComponentRegisteredTest::it_creates_event_with_user_id
Exception: The /var/www/html/vendor/orchestra/testbench-core/laravel/bootstrap/cache directory must be present and writable.

/var/www/html/vendor/laravel/framework/src/Illuminate/Foundation/PackageManifest.php:179
/var/www/html/vendor/orchestra/testbench-core/src/Foundation/PackageManifest.php:157
/var/www/html/vendor/laravel/framework/src/Illuminate/Foundation/PackageManifest.php:132
/var/www/html/vendor/laravel/framework/src/Illuminate/Foundation/PackageManifest.php:108
/var/www/html/vendor/orchestra/testbench-core/src/Foundation/PackageManifest.php:102
/var/www/html/vendor/laravel/framework/src/Illuminate/Foundation/PackageManifest.php:91
/var/www/html/vendor/laravel/framework/src/Illuminate/Foundation/PackageManifest.php:80
/var/www/html/vendor/laravel/framework/src/Illuminate/Foundation/Bootstrap/RegisterFacades.php:26
/var/www/html/vendor/orchestra/testbench-core/src/Concerns/CreatesApplication.php:556
/var/www/html/vendor/orchestra/testbench-core/src/Concerns/CreatesApplication.php:311
/var/www/html/vendor/orchestra/testbench-core/src/TestCase.php:121
/var/www/html/vendor/orchestra/testbench-core/src/Concerns/ApplicationTestingHooks.php:74
/var/www/html/vendor/orchestra/testbench-core/src/Concerns/Testing.php:43
/var/www/html/vendor/laravel/framework/src/Illuminate/Collections/helpers.php:236
/var/www/html/vendor/orchestra/sidekick/src/functions.php:87
/var/www/html/vendor/laravel/framework/src/Illuminate/Collections/helpers.php:236
/var/www/html/vendor/orchestra/testbench-core/src/Concerns/Testing.php:57
/var/www/html/vendor/orchestra/testbench-core/src/TestCase.php:50
/var/www/html/tests/TestCase.php:61</error>
        </testcase>
        <testcase name="it_gets_component_type_label" file="/var/www/html/tests/Unit/Events/McpComponentRegisteredTest.php" line="81" class="JTD\LaravelMCP\Tests\Unit\Events\McpComponentRegisteredTest" classname="JTD.LaravelMCP.Tests.Unit.Events.McpComponentRegisteredTest" assertions="0" time="0.000000">
          <error type="Exception">JTD\LaravelMCP\Tests\Unit\Events\McpComponentRegisteredTest::it_gets_component_type_label
Exception: The /var/www/html/vendor/orchestra/testbench-core/laravel/bootstrap/cache directory must be present and writable.

/var/www/html/vendor/laravel/framework/src/Illuminate/Foundation/PackageManifest.php:179
/var/www/html/vendor/orchestra/testbench-core/src/Foundation/PackageManifest.php:157
/var/www/html/vendor/laravel/framework/src/Illuminate/Foundation/PackageManifest.php:132
/var/www/html/vendor/laravel/framework/src/Illuminate/Foundation/PackageManifest.php:108
/var/www/html/vendor/orchestra/testbench-core/src/Foundation/PackageManifest.php:102
/var/www/html/vendor/laravel/framework/src/Illuminate/Foundation/PackageManifest.php:91
/var/www/html/vendor/laravel/framework/src/Illuminate/Foundation/PackageManifest.php:80
/var/www/html/vendor/laravel/framework/src/Illuminate/Foundation/Bootstrap/RegisterFacades.php:26
/var/www/html/vendor/orchestra/testbench-core/src/Concerns/CreatesApplication.php:556
/var/www/html/vendor/orchestra/testbench-core/src/Concerns/CreatesApplication.php:311
/var/www/html/vendor/orchestra/testbench-core/src/TestCase.php:121
/var/www/html/vendor/orchestra/testbench-core/src/Concerns/ApplicationTestingHooks.php:74
/var/www/html/vendor/orchestra/testbench-core/src/Concerns/Testing.php:43
/var/www/html/vendor/laravel/framework/src/Illuminate/Collections/helpers.php:236
/var/www/html/vendor/orchestra/sidekick/src/functions.php:87
/var/www/html/vendor/laravel/framework/src/Illuminate/Collections/helpers.php:236
/var/www/html/vendor/orchestra/testbench-core/src/Concerns/Testing.php:57
/var/www/html/vendor/orchestra/testbench-core/src/TestCase.php:50
/var/www/html/tests/TestCase.php:61</error>
        </testcase>
        <testcase name="it_gets_component_details" file="/var/www/html/tests/Unit/Events/McpComponentRegisteredTest.php" line="97" class="JTD\LaravelMCP\Tests\Unit\Events\McpComponentRegisteredTest" classname="JTD.LaravelMCP.Tests.Unit.Events.McpComponentRegisteredTest" assertions="0" time="0.000000">
          <error type="Exception">JTD\LaravelMCP\Tests\Unit\Events\McpComponentRegisteredTest::it_gets_component_details
Exception: The /var/www/html/vendor/orchestra/testbench-core/laravel/bootstrap/cache directory must be present and writable.

/var/www/html/vendor/laravel/framework/src/Illuminate/Foundation/PackageManifest.php:179
/var/www/html/vendor/orchestra/testbench-core/src/Foundation/PackageManifest.php:157
/var/www/html/vendor/laravel/framework/src/Illuminate/Foundation/PackageManifest.php:132
/var/www/html/vendor/laravel/framework/src/Illuminate/Foundation/PackageManifest.php:108
/var/www/html/vendor/orchestra/testbench-core/src/Foundation/PackageManifest.php:102
/var/www/html/vendor/laravel/framework/src/Illuminate/Foundation/PackageManifest.php:91
/var/www/html/vendor/laravel/framework/src/Illuminate/Foundation/PackageManifest.php:80
/var/www/html/vendor/laravel/framework/src/Illuminate/Foundation/Bootstrap/RegisterFacades.php:26
/var/www/html/vendor/orchestra/testbench-core/src/Concerns/CreatesApplication.php:556
/var/www/html/vendor/orchestra/testbench-core/src/Concerns/CreatesApplication.php:311
/var/www/html/vendor/orchestra/testbench-core/src/TestCase.php:121
/var/www/html/vendor/orchestra/testbench-core/src/Concerns/ApplicationTestingHooks.php:74
/var/www/html/vendor/orchestra/testbench-core/src/Concerns/Testing.php:43
/var/www/html/vendor/laravel/framework/src/Illuminate/Collections/helpers.php:236
/var/www/html/vendor/orchestra/sidekick/src/functions.php:87
/var/www/html/vendor/laravel/framework/src/Illuminate/Collections/helpers.php:236
/var/www/html/vendor/orchestra/testbench-core/src/Concerns/Testing.php:57
/var/www/html/vendor/orchestra/testbench-core/src/TestCase.php:50
/var/www/html/tests/TestCase.php:61</error>
        </testcase>
        <testcase name="it_checks_metadata_existence" file="/var/www/html/tests/Unit/Events/McpComponentRegisteredTest.php" line="122" class="JTD\LaravelMCP\Tests\Unit\Events\McpComponentRegisteredTest" classname="JTD.LaravelMCP.Tests.Unit.Events.McpComponentRegisteredTest" assertions="0" time="0.000000">
          <error type="Exception">JTD\LaravelMCP\Tests\Unit\Events\McpComponentRegisteredTest::it_checks_metadata_existence
Exception: The /var/www/html/vendor/orchestra/testbench-core/laravel/bootstrap/cache directory must be present and writable.

/var/www/html/vendor/laravel/framework/src/Illuminate/Foundation/PackageManifest.php:179
/var/www/html/vendor/orchestra/testbench-core/src/Foundation/PackageManifest.php:157
/var/www/html/vendor/laravel/framework/src/Illuminate/Foundation/PackageManifest.php:132
/var/www/html/vendor/laravel/framework/src/Illuminate/Foundation/PackageManifest.php:108
/var/www/html/vendor/orchestra/testbench-core/src/Foundation/PackageManifest.php:102
/var/www/html/vendor/laravel/framework/src/Illuminate/Foundation/PackageManifest.php:91
/var/www/html/vendor/laravel/framework/src/Illuminate/Foundation/PackageManifest.php:80
/var/www/html/vendor/laravel/framework/src/Illuminate/Foundation/Bootstrap/RegisterFacades.php:26
/var/www/html/vendor/orchestra/testbench-core/src/Concerns/CreatesApplication.php:556
/var/www/html/vendor/orchestra/testbench-core/src/Concerns/CreatesApplication.php:311
/var/www/html/vendor/orchestra/testbench-core/src/TestCase.php:121
/var/www/html/vendor/orchestra/testbench-core/src/Concerns/ApplicationTestingHooks.php:74
/var/www/html/vendor/orchestra/testbench-core/src/Concerns/Testing.php:43
/var/www/html/vendor/laravel/framework/src/Illuminate/Collections/helpers.php:236
/var/www/html/vendor/orchestra/sidekick/src/functions.php:87
/var/www/html/vendor/laravel/framework/src/Illuminate/Collections/helpers.php:236
/var/www/html/vendor/orchestra/testbench-core/src/Concerns/Testing.php:57
/var/www/html/vendor/orchestra/testbench-core/src/TestCase.php:50
/var/www/html/tests/TestCase.php:61</error>
        </testcase>
        <testcase name="it_gets_metadata_value" file="/var/www/html/tests/Unit/Events/McpComponentRegisteredTest.php" line="137" class="JTD\LaravelMCP\Tests\Unit\Events\McpComponentRegisteredTest" classname="JTD.LaravelMCP.Tests.Unit.Events.McpComponentRegisteredTest" assertions="0" time="0.000000">
          <error type="Exception">JTD\LaravelMCP\Tests\Unit\Events\McpComponentRegisteredTest::it_gets_metadata_value
Exception: The /var/www/html/vendor/orchestra/testbench-core/laravel/bootstrap/cache directory must be present and writable.

/var/www/html/vendor/laravel/framework/src/Illuminate/Foundation/PackageManifest.php:179
/var/www/html/vendor/orchestra/testbench-core/src/Foundation/PackageManifest.php:157
/var/www/html/vendor/laravel/framework/src/Illuminate/Foundation/PackageManifest.php:132
/var/www/html/vendor/laravel/framework/src/Illuminate/Foundation/PackageManifest.php:108
/var/www/html/vendor/orchestra/testbench-core/src/Foundation/PackageManifest.php:102
/var/www/html/vendor/laravel/framework/src/Illuminate/Foundation/PackageManifest.php:91
/var/www/html/vendor/laravel/framework/src/Illuminate/Foundation/PackageManifest.php:80
/var/www/html/vendor/laravel/framework/src/Illuminate/Foundation/Bootstrap/RegisterFacades.php:26
/var/www/html/vendor/orchestra/testbench-core/src/Concerns/CreatesApplication.php:556
/var/www/html/vendor/orchestra/testbench-core/src/Concerns/CreatesApplication.php:311
/var/www/html/vendor/orchestra/testbench-core/src/TestCase.php:121
/var/www/html/vendor/orchestra/testbench-core/src/Concerns/ApplicationTestingHooks.php:74
/var/www/html/vendor/orchestra/testbench-core/src/Concerns/Testing.php:43
/var/www/html/vendor/laravel/framework/src/Illuminate/Collections/helpers.php:236
/var/www/html/vendor/orchestra/sidekick/src/functions.php:87
/var/www/html/vendor/laravel/framework/src/Illuminate/Collections/helpers.php:236
/var/www/html/vendor/orchestra/testbench-core/src/Concerns/Testing.php:57
/var/www/html/vendor/orchestra/testbench-core/src/TestCase.php:50
/var/www/html/tests/TestCase.php:61</error>
        </testcase>
        <testcase name="it_serializes_for_broadcasting" file="/var/www/html/tests/Unit/Events/McpComponentRegisteredTest.php" line="153" class="JTD\LaravelMCP\Tests\Unit\Events\McpComponentRegisteredTest" classname="JTD.LaravelMCP.Tests.Unit.Events.McpComponentRegisteredTest" assertions="0" time="0.000000">
          <error type="Exception">JTD\LaravelMCP\Tests\Unit\Events\McpComponentRegisteredTest::it_serializes_for_broadcasting
Exception: The /var/www/html/vendor/orchestra/testbench-core/laravel/bootstrap/cache directory must be present and writable.

/var/www/html/vendor/laravel/framework/src/Illuminate/Foundation/PackageManifest.php:179
/var/www/html/vendor/orchestra/testbench-core/src/Foundation/PackageManifest.php:157
/var/www/html/vendor/laravel/framework/src/Illuminate/Foundation/PackageManifest.php:132
/var/www/html/vendor/laravel/framework/src/Illuminate/Foundation/PackageManifest.php:108
/var/www/html/vendor/orchestra/testbench-core/src/Foundation/PackageManifest.php:102
/var/www/html/vendor/laravel/framework/src/Illuminate/Foundation/PackageManifest.php:91
/var/www/html/vendor/laravel/framework/src/Illuminate/Foundation/PackageManifest.php:80
/var/www/html/vendor/laravel/framework/src/Illuminate/Foundation/Bootstrap/RegisterFacades.php:26
/var/www/html/vendor/orchestra/testbench-core/src/Concerns/CreatesApplication.php:556
/var/www/html/vendor/orchestra/testbench-core/src/Concerns/CreatesApplication.php:311
/var/www/html/vendor/orchestra/testbench-core/src/TestCase.php:121
/var/www/html/vendor/orchestra/testbench-core/src/Concerns/ApplicationTestingHooks.php:74
/var/www/html/vendor/orchestra/testbench-core/src/Concerns/Testing.php:43
/var/www/html/vendor/laravel/framework/src/Illuminate/Collections/helpers.php:236
/var/www/html/vendor/orchestra/sidekick/src/functions.php:87
/var/www/html/vendor/laravel/framework/src/Illuminate/Collections/helpers.php:236
/var/www/html/vendor/orchestra/testbench-core/src/Concerns/Testing.php:57
/var/www/html/vendor/orchestra/testbench-core/src/TestCase.php:50
/var/www/html/tests/TestCase.php:61</error>
        </testcase>
      </testsuite>
      <testsuite name="JTD\LaravelMCP\Tests\Unit\Events\McpEventsEdgeCasesTest" file="/var/www/html/tests/Unit/Events/McpEventsEdgeCasesTest.php" tests="13" assertions="0" errors="13" failures="0" skipped="0" time="0.000000">
        <testcase name="mcp_component_registered_handles_string_component" file="/var/www/html/tests/Unit/Events/McpEventsEdgeCasesTest.php" line="29" class="JTD\LaravelMCP\Tests\Unit\Events\McpEventsEdgeCasesTest" classname="JTD.LaravelMCP.Tests.Unit.Events.McpEventsEdgeCasesTest" assertions="0" time="0.000000">
          <error type="Exception">JTD\LaravelMCP\Tests\Unit\Events\McpEventsEdgeCasesTest::mcp_component_registered_handles_string_component
Exception: The /var/www/html/vendor/orchestra/testbench-core/laravel/bootstrap/cache directory must be present and writable.

/var/www/html/vendor/laravel/framework/src/Illuminate/Foundation/PackageManifest.php:179
/var/www/html/vendor/orchestra/testbench-core/src/Foundation/PackageManifest.php:157
/var/www/html/vendor/laravel/framework/src/Illuminate/Foundation/PackageManifest.php:132
/var/www/html/vendor/laravel/framework/src/Illuminate/Foundation/PackageManifest.php:108
/var/www/html/vendor/orchestra/testbench-core/src/Foundation/PackageManifest.php:102
/var/www/html/vendor/laravel/framework/src/Illuminate/Foundation/PackageManifest.php:91
/var/www/html/vendor/laravel/framework/src/Illuminate/Foundation/PackageManifest.php:80
/var/www/html/vendor/laravel/framework/src/Illuminate/Foundation/Bootstrap/RegisterFacades.php:26
/var/www/html/vendor/orchestra/testbench-core/src/Concerns/CreatesApplication.php:556
/var/www/html/vendor/orchestra/testbench-core/src/Concerns/CreatesApplication.php:311
/var/www/html/vendor/orchestra/testbench-core/src/TestCase.php:121
/var/www/html/vendor/orchestra/testbench-core/src/Concerns/ApplicationTestingHooks.php:74
/var/www/html/vendor/orchestra/testbench-core/src/Concerns/Testing.php:43
/var/www/html/vendor/laravel/framework/src/Illuminate/Collections/helpers.php:236
/var/www/html/vendor/orchestra/sidekick/src/functions.php:87
/var/www/html/vendor/laravel/framework/src/Illuminate/Collections/helpers.php:236
/var/www/html/vendor/orchestra/testbench-core/src/Concerns/Testing.php:57
/var/www/html/vendor/orchestra/testbench-core/src/TestCase.php:50
/var/www/html/tests/TestCase.php:61</error>
        </testcase>
        <testcase name="mcp_component_registered_handles_object_component" file="/var/www/html/tests/Unit/Events/McpEventsEdgeCasesTest.php" line="40" class="JTD\LaravelMCP\Tests\Unit\Events\McpEventsEdgeCasesTest" classname="JTD.LaravelMCP.Tests.Unit.Events.McpEventsEdgeCasesTest" assertions="0" time="0.000000">
          <error type="Exception">JTD\LaravelMCP\Tests\Unit\Events\McpEventsEdgeCasesTest::mcp_component_registered_handles_object_component
Exception: The /var/www/html/vendor/orchestra/testbench-core/laravel/bootstrap/cache directory must be present and writable.

/var/www/html/vendor/laravel/framework/src/Illuminate/Foundation/PackageManifest.php:179
/var/www/html/vendor/orchestra/testbench-core/src/Foundation/PackageManifest.php:157
/var/www/html/vendor/laravel/framework/src/Illuminate/Foundation/PackageManifest.php:132
/var/www/html/vendor/laravel/framework/src/Illuminate/Foundation/PackageManifest.php:108
/var/www/html/vendor/orchestra/testbench-core/src/Foundation/PackageManifest.php:102
/var/www/html/vendor/laravel/framework/src/Illuminate/Foundation/PackageManifest.php:91
/var/www/html/vendor/laravel/framework/src/Illuminate/Foundation/PackageManifest.php:80
/var/www/html/vendor/laravel/framework/src/Illuminate/Foundation/Bootstrap/RegisterFacades.php:26
/var/www/html/vendor/orchestra/testbench-core/src/Concerns/CreatesApplication.php:556
/var/www/html/vendor/orchestra/testbench-core/src/Concerns/CreatesApplication.php:311
/var/www/html/vendor/orchestra/testbench-core/src/TestCase.php:121
/var/www/html/vendor/orchestra/testbench-core/src/Concerns/ApplicationTestingHooks.php:74
/var/www/html/vendor/orchestra/testbench-core/src/Concerns/Testing.php:43
/var/www/html/vendor/laravel/framework/src/Illuminate/Collections/helpers.php:236
/var/www/html/vendor/orchestra/sidekick/src/functions.php:87
/var/www/html/vendor/laravel/framework/src/Illuminate/Collections/helpers.php:236
/var/www/html/vendor/orchestra/testbench-core/src/Concerns/Testing.php:57
/var/www/html/vendor/orchestra/testbench-core/src/TestCase.php:50
/var/www/html/tests/TestCase.php:61</error>
        </testcase>
        <testcase name="mcp_component_registered_handles_unknown_component_type" file="/var/www/html/tests/Unit/Events/McpEventsEdgeCasesTest.php" line="54" class="JTD\LaravelMCP\Tests\Unit\Events\McpEventsEdgeCasesTest" classname="JTD.LaravelMCP.Tests.Unit.Events.McpEventsEdgeCasesTest" assertions="0" time="0.000000">
          <error type="Exception">JTD\LaravelMCP\Tests\Unit\Events\McpEventsEdgeCasesTest::mcp_component_registered_handles_unknown_component_type
Exception: The /var/www/html/vendor/orchestra/testbench-core/laravel/bootstrap/cache directory must be present and writable.

/var/www/html/vendor/laravel/framework/src/Illuminate/Foundation/PackageManifest.php:179
/var/www/html/vendor/orchestra/testbench-core/src/Foundation/PackageManifest.php:157
/var/www/html/vendor/laravel/framework/src/Illuminate/Foundation/PackageManifest.php:132
/var/www/html/vendor/laravel/framework/src/Illuminate/Foundation/PackageManifest.php:108
/var/www/html/vendor/orchestra/testbench-core/src/Foundation/PackageManifest.php:102
/var/www/html/vendor/laravel/framework/src/Illuminate/Foundation/PackageManifest.php:91
/var/www/html/vendor/laravel/framework/src/Illuminate/Foundation/PackageManifest.php:80
/var/www/html/vendor/laravel/framework/src/Illuminate/Foundation/Bootstrap/RegisterFacades.php:26
/var/www/html/vendor/orchestra/testbench-core/src/Concerns/CreatesApplication.php:556
/var/www/html/vendor/orchestra/testbench-core/src/Concerns/CreatesApplication.php:311
/var/www/html/vendor/orchestra/testbench-core/src/TestCase.php:121
/var/www/html/vendor/orchestra/testbench-core/src/Concerns/ApplicationTestingHooks.php:74
/var/www/html/vendor/orchestra/testbench-core/src/Concerns/Testing.php:43
/var/www/html/vendor/laravel/framework/src/Illuminate/Collections/helpers.php:236
/var/www/html/vendor/orchestra/sidekick/src/functions.php:87
/var/www/html/vendor/laravel/framework/src/Illuminate/Collections/helpers.php:236
/var/www/html/vendor/orchestra/testbench-core/src/Concerns/Testing.php:57
/var/www/html/vendor/orchestra/testbench-core/src/TestCase.php:50
/var/www/html/tests/TestCase.php:61</error>
        </testcase>
        <testcase name="mcp_component_registered_metadata_methods_work" file="/var/www/html/tests/Unit/Events/McpEventsEdgeCasesTest.php" line="62" class="JTD\LaravelMCP\Tests\Unit\Events\McpEventsEdgeCasesTest" classname="JTD.LaravelMCP.Tests.Unit.Events.McpEventsEdgeCasesTest" assertions="0" time="0.000000">
          <error type="Exception">JTD\LaravelMCP\Tests\Unit\Events\McpEventsEdgeCasesTest::mcp_component_registered_metadata_methods_work
Exception: The /var/www/html/vendor/orchestra/testbench-core/laravel/bootstrap/cache directory must be present and writable.

/var/www/html/vendor/laravel/framework/src/Illuminate/Foundation/PackageManifest.php:179
/var/www/html/vendor/orchestra/testbench-core/src/Foundation/PackageManifest.php:157
/var/www/html/vendor/laravel/framework/src/Illuminate/Foundation/PackageManifest.php:132
/var/www/html/vendor/laravel/framework/src/Illuminate/Foundation/PackageManifest.php:108
/var/www/html/vendor/orchestra/testbench-core/src/Foundation/PackageManifest.php:102
/var/www/html/vendor/laravel/framework/src/Illuminate/Foundation/PackageManifest.php:91
/var/www/html/vendor/laravel/framework/src/Illuminate/Foundation/PackageManifest.php:80
/var/www/html/vendor/laravel/framework/src/Illuminate/Foundation/Bootstrap/RegisterFacades.php:26
/var/www/html/vendor/orchestra/testbench-core/src/Concerns/CreatesApplication.php:556
/var/www/html/vendor/orchestra/testbench-core/src/Concerns/CreatesApplication.php:311
/var/www/html/vendor/orchestra/testbench-core/src/TestCase.php:121
/var/www/html/vendor/orchestra/testbench-core/src/Concerns/ApplicationTestingHooks.php:74
/var/www/html/vendor/orchestra/testbench-core/src/Concerns/Testing.php:43
/var/www/html/vendor/laravel/framework/src/Illuminate/Collections/helpers.php:236
/var/www/html/vendor/orchestra/sidekick/src/functions.php:87
/var/www/html/vendor/laravel/framework/src/Illuminate/Collections/helpers.php:236
/var/www/html/vendor/orchestra/testbench-core/src/Concerns/Testing.php:57
/var/www/html/vendor/orchestra/testbench-core/src/TestCase.php:50
/var/www/html/tests/TestCase.php:61</error>
        </testcase>
        <testcase name="mcp_request_processed_handles_various_request_ids" file="/var/www/html/tests/Unit/Events/McpEventsEdgeCasesTest.php" line="89" class="JTD\LaravelMCP\Tests\Unit\Events\McpEventsEdgeCasesTest" classname="JTD.LaravelMCP.Tests.Unit.Events.McpEventsEdgeCasesTest" assertions="0" time="0.000000">
          <error type="Exception">JTD\LaravelMCP\Tests\Unit\Events\McpEventsEdgeCasesTest::mcp_request_processed_handles_various_request_ids
Exception: The /var/www/html/vendor/orchestra/testbench-core/laravel/bootstrap/cache directory must be present and writable.

/var/www/html/vendor/laravel/framework/src/Illuminate/Foundation/PackageManifest.php:179
/var/www/html/vendor/orchestra/testbench-core/src/Foundation/PackageManifest.php:157
/var/www/html/vendor/laravel/framework/src/Illuminate/Foundation/PackageManifest.php:132
/var/www/html/vendor/laravel/framework/src/Illuminate/Foundation/PackageManifest.php:108
/var/www/html/vendor/orchestra/testbench-core/src/Foundation/PackageManifest.php:102
/var/www/html/vendor/laravel/framework/src/Illuminate/Foundation/PackageManifest.php:91
/var/www/html/vendor/laravel/framework/src/Illuminate/Foundation/PackageManifest.php:80
/var/www/html/vendor/laravel/framework/src/Illuminate/Foundation/Bootstrap/RegisterFacades.php:26
/var/www/html/vendor/orchestra/testbench-core/src/Concerns/CreatesApplication.php:556
/var/www/html/vendor/orchestra/testbench-core/src/Concerns/CreatesApplication.php:311
/var/www/html/vendor/orchestra/testbench-core/src/TestCase.php:121
/var/www/html/vendor/orchestra/testbench-core/src/Concerns/ApplicationTestingHooks.php:74
/var/www/html/vendor/orchestra/testbench-core/src/Concerns/Testing.php:43
/var/www/html/vendor/laravel/framework/src/Illuminate/Collections/helpers.php:236
/var/www/html/vendor/orchestra/sidekick/src/functions.php:87
/var/www/html/vendor/laravel/framework/src/Illuminate/Collections/helpers.php:236
/var/www/html/vendor/orchestra/testbench-core/src/Concerns/Testing.php:57
/var/www/html/vendor/orchestra/testbench-core/src/TestCase.php:50
/var/www/html/tests/TestCase.php:61</error>
        </testcase>
        <testcase name="mcp_request_processed_handles_various_result_types" file="/var/www/html/tests/Unit/Events/McpEventsEdgeCasesTest.php" line="106" class="JTD\LaravelMCP\Tests\Unit\Events\McpEventsEdgeCasesTest" classname="JTD.LaravelMCP.Tests.Unit.Events.McpEventsEdgeCasesTest" assertions="0" time="0.000000">
          <error type="Exception">JTD\LaravelMCP\Tests\Unit\Events\McpEventsEdgeCasesTest::mcp_request_processed_handles_various_result_types
Exception: The /var/www/html/vendor/orchestra/testbench-core/laravel/bootstrap/cache directory must be present and writable.

/var/www/html/vendor/laravel/framework/src/Illuminate/Foundation/PackageManifest.php:179
/var/www/html/vendor/orchestra/testbench-core/src/Foundation/PackageManifest.php:157
/var/www/html/vendor/laravel/framework/src/Illuminate/Foundation/PackageManifest.php:132
/var/www/html/vendor/laravel/framework/src/Illuminate/Foundation/PackageManifest.php:108
/var/www/html/vendor/orchestra/testbench-core/src/Foundation/PackageManifest.php:102
/var/www/html/vendor/laravel/framework/src/Illuminate/Foundation/PackageManifest.php:91
/var/www/html/vendor/laravel/framework/src/Illuminate/Foundation/PackageManifest.php:80
/var/www/html/vendor/laravel/framework/src/Illuminate/Foundation/Bootstrap/RegisterFacades.php:26
/var/www/html/vendor/orchestra/testbench-core/src/Concerns/CreatesApplication.php:556
/var/www/html/vendor/orchestra/testbench-core/src/Concerns/CreatesApplication.php:311
/var/www/html/vendor/orchestra/testbench-core/src/TestCase.php:121
/var/www/html/vendor/orchestra/testbench-core/src/Concerns/ApplicationTestingHooks.php:74
/var/www/html/vendor/orchestra/testbench-core/src/Concerns/Testing.php:43
/var/www/html/vendor/laravel/framework/src/Illuminate/Collections/helpers.php:236
/var/www/html/vendor/orchestra/sidekick/src/functions.php:87
/var/www/html/vendor/laravel/framework/src/Illuminate/Collections/helpers.php:236
/var/www/html/vendor/orchestra/testbench-core/src/Concerns/Testing.php:57
/var/www/html/vendor/orchestra/testbench-core/src/TestCase.php:50
/var/www/html/tests/TestCase.php:61</error>
        </testcase>
        <testcase name="mcp_request_processed_transport_types" file="/var/www/html/tests/Unit/Events/McpEventsEdgeCasesTest.php" line="128" class="JTD\LaravelMCP\Tests\Unit\Events\McpEventsEdgeCasesTest" classname="JTD.LaravelMCP.Tests.Unit.Events.McpEventsEdgeCasesTest" assertions="0" time="0.000000">
          <error type="Exception">JTD\LaravelMCP\Tests\Unit\Events\McpEventsEdgeCasesTest::mcp_request_processed_transport_types
Exception: The /var/www/html/vendor/orchestra/testbench-core/laravel/bootstrap/cache directory must be present and writable.

/var/www/html/vendor/laravel/framework/src/Illuminate/Foundation/PackageManifest.php:179
/var/www/html/vendor/orchestra/testbench-core/src/Foundation/PackageManifest.php:157
/var/www/html/vendor/laravel/framework/src/Illuminate/Foundation/PackageManifest.php:132
/var/www/html/vendor/laravel/framework/src/Illuminate/Foundation/PackageManifest.php:108
/var/www/html/vendor/orchestra/testbench-core/src/Foundation/PackageManifest.php:102
/var/www/html/vendor/laravel/framework/src/Illuminate/Foundation/PackageManifest.php:91
/var/www/html/vendor/laravel/framework/src/Illuminate/Foundation/PackageManifest.php:80
/var/www/html/vendor/laravel/framework/src/Illuminate/Foundation/Bootstrap/RegisterFacades.php:26
/var/www/html/vendor/orchestra/testbench-core/src/Concerns/CreatesApplication.php:556
/var/www/html/vendor/orchestra/testbench-core/src/Concerns/CreatesApplication.php:311
/var/www/html/vendor/orchestra/testbench-core/src/TestCase.php:121
/var/www/html/vendor/orchestra/testbench-core/src/Concerns/ApplicationTestingHooks.php:74
/var/www/html/vendor/orchestra/testbench-core/src/Concerns/Testing.php:43
/var/www/html/vendor/laravel/framework/src/Illuminate/Collections/helpers.php:236
/var/www/html/vendor/orchestra/sidekick/src/functions.php:87
/var/www/html/vendor/laravel/framework/src/Illuminate/Collections/helpers.php:236
/var/www/html/vendor/orchestra/testbench-core/src/Concerns/Testing.php:57
/var/www/html/vendor/orchestra/testbench-core/src/TestCase.php:50
/var/www/html/tests/TestCase.php:61</error>
        </testcase>
        <testcase name="mcp_request_processed_execution_time_edge_cases" file="/var/www/html/tests/Unit/Events/McpEventsEdgeCasesTest.php" line="144" class="JTD\LaravelMCP\Tests\Unit\Events\McpEventsEdgeCasesTest" classname="JTD.LaravelMCP.Tests.Unit.Events.McpEventsEdgeCasesTest" assertions="0" time="0.000000">
          <error type="Exception">JTD\LaravelMCP\Tests\Unit\Events\McpEventsEdgeCasesTest::mcp_request_processed_execution_time_edge_cases
Exception: The /var/www/html/vendor/orchestra/testbench-core/laravel/bootstrap/cache directory must be present and writable.

/var/www/html/vendor/laravel/framework/src/Illuminate/Foundation/PackageManifest.php:179
/var/www/html/vendor/orchestra/testbench-core/src/Foundation/PackageManifest.php:157
/var/www/html/vendor/laravel/framework/src/Illuminate/Foundation/PackageManifest.php:132
/var/www/html/vendor/laravel/framework/src/Illuminate/Foundation/PackageManifest.php:108
/var/www/html/vendor/orchestra/testbench-core/src/Foundation/PackageManifest.php:102
/var/www/html/vendor/laravel/framework/src/Illuminate/Foundation/PackageManifest.php:91
/var/www/html/vendor/laravel/framework/src/Illuminate/Foundation/PackageManifest.php:80
/var/www/html/vendor/laravel/framework/src/Illuminate/Foundation/Bootstrap/RegisterFacades.php:26
/var/www/html/vendor/orchestra/testbench-core/src/Concerns/CreatesApplication.php:556
/var/www/html/vendor/orchestra/testbench-core/src/Concerns/CreatesApplication.php:311
/var/www/html/vendor/orchestra/testbench-core/src/TestCase.php:121
/var/www/html/vendor/orchestra/testbench-core/src/Concerns/ApplicationTestingHooks.php:74
/var/www/html/vendor/orchestra/testbench-core/src/Concerns/Testing.php:43
/var/www/html/vendor/laravel/framework/src/Illuminate/Collections/helpers.php:236
/var/www/html/vendor/orchestra/sidekick/src/functions.php:87
/var/www/html/vendor/laravel/framework/src/Illuminate/Collections/helpers.php:236
/var/www/html/vendor/orchestra/testbench-core/src/Concerns/Testing.php:57
/var/www/html/vendor/orchestra/testbench-core/src/TestCase.php:50
/var/www/html/tests/TestCase.php:61</error>
        </testcase>
        <testcase name="mcp_request_processed_context_handling" file="/var/www/html/tests/Unit/Events/McpEventsEdgeCasesTest.php" line="165" class="JTD\LaravelMCP\Tests\Unit\Events\McpEventsEdgeCasesTest" classname="JTD.LaravelMCP.Tests.Unit.Events.McpEventsEdgeCasesTest" assertions="0" time="0.000000">
          <error type="Exception">JTD\LaravelMCP\Tests\Unit\Events\McpEventsEdgeCasesTest::mcp_request_processed_context_handling
Exception: The /var/www/html/vendor/orchestra/testbench-core/laravel/bootstrap/cache directory must be present and writable.

/var/www/html/vendor/laravel/framework/src/Illuminate/Foundation/PackageManifest.php:179
/var/www/html/vendor/orchestra/testbench-core/src/Foundation/PackageManifest.php:157
/var/www/html/vendor/laravel/framework/src/Illuminate/Foundation/PackageManifest.php:132
/var/www/html/vendor/laravel/framework/src/Illuminate/Foundation/PackageManifest.php:108
/var/www/html/vendor/orchestra/testbench-core/src/Foundation/PackageManifest.php:102
/var/www/html/vendor/laravel/framework/src/Illuminate/Foundation/PackageManifest.php:91
/var/www/html/vendor/laravel/framework/src/Illuminate/Foundation/PackageManifest.php:80
/var/www/html/vendor/laravel/framework/src/Illuminate/Foundation/Bootstrap/RegisterFacades.php:26
/var/www/html/vendor/orchestra/testbench-core/src/Concerns/CreatesApplication.php:556
/var/www/html/vendor/orchestra/testbench-core/src/Concerns/CreatesApplication.php:311
/var/www/html/vendor/orchestra/testbench-core/src/TestCase.php:121
/var/www/html/vendor/orchestra/testbench-core/src/Concerns/ApplicationTestingHooks.php:74
/var/www/html/vendor/orchestra/testbench-core/src/Concerns/Testing.php:43
/var/www/html/vendor/laravel/framework/src/Illuminate/Collections/helpers.php:236
/var/www/html/vendor/orchestra/sidekick/src/functions.php:87
/var/www/html/vendor/laravel/framework/src/Illuminate/Collections/helpers.php:236
/var/www/html/vendor/orchestra/testbench-core/src/Concerns/Testing.php:57
/var/www/html/vendor/orchestra/testbench-core/src/TestCase.php:50
/var/www/html/tests/TestCase.php:61</error>
        </testcase>
        <testcase name="mcp_request_processed_component_extraction" file="/var/www/html/tests/Unit/Events/McpEventsEdgeCasesTest.php" line="190" class="JTD\LaravelMCP\Tests\Unit\Events\McpEventsEdgeCasesTest" classname="JTD.LaravelMCP.Tests.Unit.Events.McpEventsEdgeCasesTest" assertions="0" time="0.000000">
          <error type="Exception">JTD\LaravelMCP\Tests\Unit\Events\McpEventsEdgeCasesTest::mcp_request_processed_component_extraction
Exception: The /var/www/html/vendor/orchestra/testbench-core/laravel/bootstrap/cache directory must be present and writable.

/var/www/html/vendor/laravel/framework/src/Illuminate/Foundation/PackageManifest.php:179
/var/www/html/vendor/orchestra/testbench-core/src/Foundation/PackageManifest.php:157
/var/www/html/vendor/laravel/framework/src/Illuminate/Foundation/PackageManifest.php:132
/var/www/html/vendor/laravel/framework/src/Illuminate/Foundation/PackageManifest.php:108
/var/www/html/vendor/orchestra/testbench-core/src/Foundation/PackageManifest.php:102
/var/www/html/vendor/laravel/framework/src/Illuminate/Foundation/PackageManifest.php:91
/var/www/html/vendor/laravel/framework/src/Illuminate/Foundation/PackageManifest.php:80
/var/www/html/vendor/laravel/framework/src/Illuminate/Foundation/Bootstrap/RegisterFacades.php:26
/var/www/html/vendor/orchestra/testbench-core/src/Concerns/CreatesApplication.php:556
/var/www/html/vendor/orchestra/testbench-core/src/Concerns/CreatesApplication.php:311
/var/www/html/vendor/orchestra/testbench-core/src/TestCase.php:121
/var/www/html/vendor/orchestra/testbench-core/src/Concerns/ApplicationTestingHooks.php:74
/var/www/html/vendor/orchestra/testbench-core/src/Concerns/Testing.php:43
/var/www/html/vendor/laravel/framework/src/Illuminate/Collections/helpers.php:236
/var/www/html/vendor/orchestra/sidekick/src/functions.php:87
/var/www/html/vendor/laravel/framework/src/Illuminate/Collections/helpers.php:236
/var/www/html/vendor/orchestra/testbench-core/src/Concerns/Testing.php:57
/var/www/html/vendor/orchestra/testbench-core/src/TestCase.php:50
/var/www/html/tests/TestCase.php:61</error>
        </testcase>
        <testcase name="mcp_request_processed_error_detection" file="/var/www/html/tests/Unit/Events/McpEventsEdgeCasesTest.php" line="224" class="JTD\LaravelMCP\Tests\Unit\Events\McpEventsEdgeCasesTest" classname="JTD.LaravelMCP.Tests.Unit.Events.McpEventsEdgeCasesTest" assertions="0" time="0.000000">
          <error type="Exception">JTD\LaravelMCP\Tests\Unit\Events\McpEventsEdgeCasesTest::mcp_request_processed_error_detection
Exception: The /var/www/html/vendor/orchestra/testbench-core/laravel/bootstrap/cache directory must be present and writable.

/var/www/html/vendor/laravel/framework/src/Illuminate/Foundation/PackageManifest.php:179
/var/www/html/vendor/orchestra/testbench-core/src/Foundation/PackageManifest.php:157
/var/www/html/vendor/laravel/framework/src/Illuminate/Foundation/PackageManifest.php:132
/var/www/html/vendor/laravel/framework/src/Illuminate/Foundation/PackageManifest.php:108
/var/www/html/vendor/orchestra/testbench-core/src/Foundation/PackageManifest.php:102
/var/www/html/vendor/laravel/framework/src/Illuminate/Foundation/PackageManifest.php:91
/var/www/html/vendor/laravel/framework/src/Illuminate/Foundation/PackageManifest.php:80
/var/www/html/vendor/laravel/framework/src/Illuminate/Foundation/Bootstrap/RegisterFacades.php:26
/var/www/html/vendor/orchestra/testbench-core/src/Concerns/CreatesApplication.php:556
/var/www/html/vendor/orchestra/testbench-core/src/Concerns/CreatesApplication.php:311
/var/www/html/vendor/orchestra/testbench-core/src/TestCase.php:121
/var/www/html/vendor/orchestra/testbench-core/src/Concerns/ApplicationTestingHooks.php:74
/var/www/html/vendor/orchestra/testbench-core/src/Concerns/Testing.php:43
/var/www/html/vendor/laravel/framework/src/Illuminate/Collections/helpers.php:236
/var/www/html/vendor/orchestra/sidekick/src/functions.php:87
/var/www/html/vendor/laravel/framework/src/Illuminate/Collections/helpers.php:236
/var/www/html/vendor/orchestra/testbench-core/src/Concerns/Testing.php:57
/var/www/html/vendor/orchestra/testbench-core/src/TestCase.php:50
/var/www/html/tests/TestCase.php:61</error>
        </testcase>
        <testcase name="event_timestamps_are_valid_iso8601" file="/var/www/html/tests/Unit/Events/McpEventsEdgeCasesTest.php" line="244" class="JTD\LaravelMCP\Tests\Unit\Events\McpEventsEdgeCasesTest" classname="JTD.LaravelMCP.Tests.Unit.Events.McpEventsEdgeCasesTest" assertions="0" time="0.000000">
          <error type="Exception">JTD\LaravelMCP\Tests\Unit\Events\McpEventsEdgeCasesTest::event_timestamps_are_valid_iso8601
Exception: The /var/www/html/vendor/orchestra/testbench-core/laravel/bootstrap/cache directory must be present and writable.

/var/www/html/vendor/laravel/framework/src/Illuminate/Foundation/PackageManifest.php:179
/var/www/html/vendor/orchestra/testbench-core/src/Foundation/PackageManifest.php:157
/var/www/html/vendor/laravel/framework/src/Illuminate/Foundation/PackageManifest.php:132
/var/www/html/vendor/laravel/framework/src/Illuminate/Foundation/PackageManifest.php:108
/var/www/html/vendor/orchestra/testbench-core/src/Foundation/PackageManifest.php:102
/var/www/html/vendor/laravel/framework/src/Illuminate/Foundation/PackageManifest.php:91
/var/www/html/vendor/laravel/framework/src/Illuminate/Foundation/PackageManifest.php:80
/var/www/html/vendor/laravel/framework/src/Illuminate/Foundation/Bootstrap/RegisterFacades.php:26
/var/www/html/vendor/orchestra/testbench-core/src/Concerns/CreatesApplication.php:556
/var/www/html/vendor/orchestra/testbench-core/src/Concerns/CreatesApplication.php:311
/var/www/html/vendor/orchestra/testbench-core/src/TestCase.php:121
/var/www/html/vendor/orchestra/testbench-core/src/Concerns/ApplicationTestingHooks.php:74
/var/www/html/vendor/orchestra/testbench-core/src/Concerns/Testing.php:43
/var/www/html/vendor/laravel/framework/src/Illuminate/Collections/helpers.php:236
/var/www/html/vendor/orchestra/sidekick/src/functions.php:87
/var/www/html/vendor/laravel/framework/src/Illuminate/Collections/helpers.php:236
/var/www/html/vendor/orchestra/testbench-core/src/Concerns/Testing.php:57
/var/www/html/vendor/orchestra/testbench-core/src/TestCase.php:50
/var/www/html/tests/TestCase.php:61</error>
        </testcase>
        <testcase name="mcp_request_processed_memory_usage_is_positive" file="/var/www/html/tests/Unit/Events/McpEventsEdgeCasesTest.php" line="260" class="JTD\LaravelMCP\Tests\Unit\Events\McpEventsEdgeCasesTest" classname="JTD.LaravelMCP.Tests.Unit.Events.McpEventsEdgeCasesTest" assertions="0" time="0.000000">
          <error type="Exception">JTD\LaravelMCP\Tests\Unit\Events\McpEventsEdgeCasesTest::mcp_request_processed_memory_usage_is_positive
Exception: The /var/www/html/vendor/orchestra/testbench-core/laravel/bootstrap/cache directory must be present and writable.

/var/www/html/vendor/laravel/framework/src/Illuminate/Foundation/PackageManifest.php:179
/var/www/html/vendor/orchestra/testbench-core/src/Foundation/PackageManifest.php:157
/var/www/html/vendor/laravel/framework/src/Illuminate/Foundation/PackageManifest.php:132
/var/www/html/vendor/laravel/framework/src/Illuminate/Foundation/PackageManifest.php:108
/var/www/html/vendor/orchestra/testbench-core/src/Foundation/PackageManifest.php:102
/var/www/html/vendor/laravel/framework/src/Illuminate/Foundation/PackageManifest.php:91
/var/www/html/vendor/laravel/framework/src/Illuminate/Foundation/PackageManifest.php:80
/var/www/html/vendor/laravel/framework/src/Illuminate/Foundation/Bootstrap/RegisterFacades.php:26
/var/www/html/vendor/orchestra/testbench-core/src/Concerns/CreatesApplication.php:556
/var/www/html/vendor/orchestra/testbench-core/src/Concerns/CreatesApplication.php:311
/var/www/html/vendor/orchestra/testbench-core/src/TestCase.php:121
/var/www/html/vendor/orchestra/testbench-core/src/Concerns/ApplicationTestingHooks.php:74
/var/www/html/vendor/orchestra/testbench-core/src/Concerns/Testing.php:43
/var/www/html/vendor/laravel/framework/src/Illuminate/Collections/helpers.php:236
/var/www/html/vendor/orchestra/sidekick/src/functions.php:87
/var/www/html/vendor/laravel/framework/src/Illuminate/Collections/helpers.php:236
/var/www/html/vendor/orchestra/testbench-core/src/Concerns/Testing.php:57
/var/www/html/vendor/orchestra/testbench-core/src/TestCase.php:50
/var/www/html/tests/TestCase.php:61</error>
        </testcase>
      </testsuite>
      <testsuite name="JTD\LaravelMCP\Tests\Unit\Events\McpRequestProcessedTest" file="/var/www/html/tests/Unit/Events/McpRequestProcessedTest.php" tests="10" assertions="0" errors="10" failures="0" skipped="0" time="0.000000">
        <testcase name="it_creates_event_with_required_parameters" file="/var/www/html/tests/Unit/Events/McpRequestProcessedTest.php" line="27" class="JTD\LaravelMCP\Tests\Unit\Events\McpRequestProcessedTest" classname="JTD.LaravelMCP.Tests.Unit.Events.McpRequestProcessedTest" assertions="0" time="0.000000">
          <error type="Exception">JTD\LaravelMCP\Tests\Unit\Events\McpRequestProcessedTest::it_creates_event_with_required_parameters
Exception: The /var/www/html/vendor/orchestra/testbench-core/laravel/bootstrap/cache directory must be present and writable.

/var/www/html/vendor/laravel/framework/src/Illuminate/Foundation/PackageManifest.php:179
/var/www/html/vendor/orchestra/testbench-core/src/Foundation/PackageManifest.php:157
/var/www/html/vendor/laravel/framework/src/Illuminate/Foundation/PackageManifest.php:132
/var/www/html/vendor/laravel/framework/src/Illuminate/Foundation/PackageManifest.php:108
/var/www/html/vendor/orchestra/testbench-core/src/Foundation/PackageManifest.php:102
/var/www/html/vendor/laravel/framework/src/Illuminate/Foundation/PackageManifest.php:91
/var/www/html/vendor/laravel/framework/src/Illuminate/Foundation/PackageManifest.php:80
/var/www/html/vendor/laravel/framework/src/Illuminate/Foundation/Bootstrap/RegisterFacades.php:26
/var/www/html/vendor/orchestra/testbench-core/src/Concerns/CreatesApplication.php:556
/var/www/html/vendor/orchestra/testbench-core/src/Concerns/CreatesApplication.php:311
/var/www/html/vendor/orchestra/testbench-core/src/TestCase.php:121
/var/www/html/vendor/orchestra/testbench-core/src/Concerns/ApplicationTestingHooks.php:74
/var/www/html/vendor/orchestra/testbench-core/src/Concerns/Testing.php:43
/var/www/html/vendor/laravel/framework/src/Illuminate/Collections/helpers.php:236
/var/www/html/vendor/orchestra/sidekick/src/functions.php:87
/var/www/html/vendor/laravel/framework/src/Illuminate/Collections/helpers.php:236
/var/www/html/vendor/orchestra/testbench-core/src/Concerns/Testing.php:57
/var/www/html/vendor/orchestra/testbench-core/src/TestCase.php:50
/var/www/html/tests/TestCase.php:61</error>
        </testcase>
        <testcase name="it_creates_event_with_all_parameters" file="/var/www/html/tests/Unit/Events/McpRequestProcessedTest.php" line="50" class="JTD\LaravelMCP\Tests\Unit\Events\McpRequestProcessedTest" classname="JTD.LaravelMCP.Tests.Unit.Events.McpRequestProcessedTest" assertions="0" time="0.000000">
          <error type="Exception">JTD\LaravelMCP\Tests\Unit\Events\McpRequestProcessedTest::it_creates_event_with_all_parameters
Exception: The /var/www/html/vendor/orchestra/testbench-core/laravel/bootstrap/cache directory must be present and writable.

/var/www/html/vendor/laravel/framework/src/Illuminate/Foundation/PackageManifest.php:179
/var/www/html/vendor/orchestra/testbench-core/src/Foundation/PackageManifest.php:157
/var/www/html/vendor/laravel/framework/src/Illuminate/Foundation/PackageManifest.php:132
/var/www/html/vendor/laravel/framework/src/Illuminate/Foundation/PackageManifest.php:108
/var/www/html/vendor/orchestra/testbench-core/src/Foundation/PackageManifest.php:102
/var/www/html/vendor/laravel/framework/src/Illuminate/Foundation/PackageManifest.php:91
/var/www/html/vendor/laravel/framework/src/Illuminate/Foundation/PackageManifest.php:80
/var/www/html/vendor/laravel/framework/src/Illuminate/Foundation/Bootstrap/RegisterFacades.php:26
/var/www/html/vendor/orchestra/testbench-core/src/Concerns/CreatesApplication.php:556
/var/www/html/vendor/orchestra/testbench-core/src/Concerns/CreatesApplication.php:311
/var/www/html/vendor/orchestra/testbench-core/src/TestCase.php:121
/var/www/html/vendor/orchestra/testbench-core/src/Concerns/ApplicationTestingHooks.php:74
/var/www/html/vendor/orchestra/testbench-core/src/Concerns/Testing.php:43
/var/www/html/vendor/laravel/framework/src/Illuminate/Collections/helpers.php:236
/var/www/html/vendor/orchestra/sidekick/src/functions.php:87
/var/www/html/vendor/laravel/framework/src/Illuminate/Collections/helpers.php:236
/var/www/html/vendor/orchestra/testbench-core/src/Concerns/Testing.php:57
/var/www/html/vendor/orchestra/testbench-core/src/TestCase.php:50
/var/www/html/tests/TestCase.php:61</error>
        </testcase>
        <testcase name="it_gets_component_type_from_method" file="/var/www/html/tests/Unit/Events/McpRequestProcessedTest.php" line="72" class="JTD\LaravelMCP\Tests\Unit\Events\McpRequestProcessedTest" classname="JTD.LaravelMCP.Tests.Unit.Events.McpRequestProcessedTest" assertions="0" time="0.000000">
          <error type="Exception">JTD\LaravelMCP\Tests\Unit\Events\McpRequestProcessedTest::it_gets_component_type_from_method
Exception: The /var/www/html/vendor/orchestra/testbench-core/laravel/bootstrap/cache directory must be present and writable.

/var/www/html/vendor/laravel/framework/src/Illuminate/Foundation/PackageManifest.php:179
/var/www/html/vendor/orchestra/testbench-core/src/Foundation/PackageManifest.php:157
/var/www/html/vendor/laravel/framework/src/Illuminate/Foundation/PackageManifest.php:132
/var/www/html/vendor/laravel/framework/src/Illuminate/Foundation/PackageManifest.php:108
/var/www/html/vendor/orchestra/testbench-core/src/Foundation/PackageManifest.php:102
/var/www/html/vendor/laravel/framework/src/Illuminate/Foundation/PackageManifest.php:91
/var/www/html/vendor/laravel/framework/src/Illuminate/Foundation/PackageManifest.php:80
/var/www/html/vendor/laravel/framework/src/Illuminate/Foundation/Bootstrap/RegisterFacades.php:26
/var/www/html/vendor/orchestra/testbench-core/src/Concerns/CreatesApplication.php:556
/var/www/html/vendor/orchestra/testbench-core/src/Concerns/CreatesApplication.php:311
/var/www/html/vendor/orchestra/testbench-core/src/TestCase.php:121
/var/www/html/vendor/orchestra/testbench-core/src/Concerns/ApplicationTestingHooks.php:74
/var/www/html/vendor/orchestra/testbench-core/src/Concerns/Testing.php:43
/var/www/html/vendor/laravel/framework/src/Illuminate/Collections/helpers.php:236
/var/www/html/vendor/orchestra/sidekick/src/functions.php:87
/var/www/html/vendor/laravel/framework/src/Illuminate/Collections/helpers.php:236
/var/www/html/vendor/orchestra/testbench-core/src/Concerns/Testing.php:57
/var/www/html/vendor/orchestra/testbench-core/src/TestCase.php:50
/var/www/html/tests/TestCase.php:61</error>
        </testcase>
        <testcase name="it_gets_component_name_from_method" file="/var/www/html/tests/Unit/Events/McpRequestProcessedTest.php" line="88" class="JTD\LaravelMCP\Tests\Unit\Events\McpRequestProcessedTest" classname="JTD.LaravelMCP.Tests.Unit.Events.McpRequestProcessedTest" assertions="0" time="0.000000">
          <error type="Exception">JTD\LaravelMCP\Tests\Unit\Events\McpRequestProcessedTest::it_gets_component_name_from_method
Exception: The /var/www/html/vendor/orchestra/testbench-core/laravel/bootstrap/cache directory must be present and writable.

/var/www/html/vendor/laravel/framework/src/Illuminate/Foundation/PackageManifest.php:179
/var/www/html/vendor/orchestra/testbench-core/src/Foundation/PackageManifest.php:157
/var/www/html/vendor/laravel/framework/src/Illuminate/Foundation/PackageManifest.php:132
/var/www/html/vendor/laravel/framework/src/Illuminate/Foundation/PackageManifest.php:108
/var/www/html/vendor/orchestra/testbench-core/src/Foundation/PackageManifest.php:102
/var/www/html/vendor/laravel/framework/src/Illuminate/Foundation/PackageManifest.php:91
/var/www/html/vendor/laravel/framework/src/Illuminate/Foundation/PackageManifest.php:80
/var/www/html/vendor/laravel/framework/src/Illuminate/Foundation/Bootstrap/RegisterFacades.php:26
/var/www/html/vendor/orchestra/testbench-core/src/Concerns/CreatesApplication.php:556
/var/www/html/vendor/orchestra/testbench-core/src/Concerns/CreatesApplication.php:311
/var/www/html/vendor/orchestra/testbench-core/src/TestCase.php:121
/var/www/html/vendor/orchestra/testbench-core/src/Concerns/ApplicationTestingHooks.php:74
/var/www/html/vendor/orchestra/testbench-core/src/Concerns/Testing.php:43
/var/www/html/vendor/laravel/framework/src/Illuminate/Collections/helpers.php:236
/var/www/html/vendor/orchestra/sidekick/src/functions.php:87
/var/www/html/vendor/laravel/framework/src/Illuminate/Collections/helpers.php:236
/var/www/html/vendor/orchestra/testbench-core/src/Concerns/Testing.php:57
/var/www/html/vendor/orchestra/testbench-core/src/TestCase.php:50
/var/www/html/tests/TestCase.php:61</error>
        </testcase>
        <testcase name="it_checks_if_request_was_successful" file="/var/www/html/tests/Unit/Events/McpRequestProcessedTest.php" line="101" class="JTD\LaravelMCP\Tests\Unit\Events\McpRequestProcessedTest" classname="JTD.LaravelMCP.Tests.Unit.Events.McpRequestProcessedTest" assertions="0" time="0.000000">
          <error type="Exception">JTD\LaravelMCP\Tests\Unit\Events\McpRequestProcessedTest::it_checks_if_request_was_successful
Exception: The /var/www/html/vendor/orchestra/testbench-core/laravel/bootstrap/cache directory must be present and writable.

/var/www/html/vendor/laravel/framework/src/Illuminate/Foundation/PackageManifest.php:179
/var/www/html/vendor/orchestra/testbench-core/src/Foundation/PackageManifest.php:157
/var/www/html/vendor/laravel/framework/src/Illuminate/Foundation/PackageManifest.php:132
/var/www/html/vendor/laravel/framework/src/Illuminate/Foundation/PackageManifest.php:108
/var/www/html/vendor/orchestra/testbench-core/src/Foundation/PackageManifest.php:102
/var/www/html/vendor/laravel/framework/src/Illuminate/Foundation/PackageManifest.php:91
/var/www/html/vendor/laravel/framework/src/Illuminate/Foundation/PackageManifest.php:80
/var/www/html/vendor/laravel/framework/src/Illuminate/Foundation/Bootstrap/RegisterFacades.php:26
/var/www/html/vendor/orchestra/testbench-core/src/Concerns/CreatesApplication.php:556
/var/www/html/vendor/orchestra/testbench-core/src/Concerns/CreatesApplication.php:311
/var/www/html/vendor/orchestra/testbench-core/src/TestCase.php:121
/var/www/html/vendor/orchestra/testbench-core/src/Concerns/ApplicationTestingHooks.php:74
/var/www/html/vendor/orchestra/testbench-core/src/Concerns/Testing.php:43
/var/www/html/vendor/laravel/framework/src/Illuminate/Collections/helpers.php:236
/var/www/html/vendor/orchestra/sidekick/src/functions.php:87
/var/www/html/vendor/laravel/framework/src/Illuminate/Collections/helpers.php:236
/var/www/html/vendor/orchestra/testbench-core/src/Concerns/Testing.php:57
/var/www/html/vendor/orchestra/testbench-core/src/TestCase.php:50
/var/www/html/tests/TestCase.php:61</error>
        </testcase>
        <testcase name="it_gets_request_details" file="/var/www/html/tests/Unit/Events/McpRequestProcessedTest.php" line="111" class="JTD\LaravelMCP\Tests\Unit\Events\McpRequestProcessedTest" classname="JTD.LaravelMCP.Tests.Unit.Events.McpRequestProcessedTest" assertions="0" time="0.000000">
          <error type="Exception">JTD\LaravelMCP\Tests\Unit\Events\McpRequestProcessedTest::it_gets_request_details
Exception: The /var/www/html/vendor/orchestra/testbench-core/laravel/bootstrap/cache directory must be present and writable.

/var/www/html/vendor/laravel/framework/src/Illuminate/Foundation/PackageManifest.php:179
/var/www/html/vendor/orchestra/testbench-core/src/Foundation/PackageManifest.php:157
/var/www/html/vendor/laravel/framework/src/Illuminate/Foundation/PackageManifest.php:132
/var/www/html/vendor/laravel/framework/src/Illuminate/Foundation/PackageManifest.php:108
/var/www/html/vendor/orchestra/testbench-core/src/Foundation/PackageManifest.php:102
/var/www/html/vendor/laravel/framework/src/Illuminate/Foundation/PackageManifest.php:91
/var/www/html/vendor/laravel/framework/src/Illuminate/Foundation/PackageManifest.php:80
/var/www/html/vendor/laravel/framework/src/Illuminate/Foundation/Bootstrap/RegisterFacades.php:26
/var/www/html/vendor/orchestra/testbench-core/src/Concerns/CreatesApplication.php:556
/var/www/html/vendor/orchestra/testbench-core/src/Concerns/CreatesApplication.php:311
/var/www/html/vendor/orchestra/testbench-core/src/TestCase.php:121
/var/www/html/vendor/orchestra/testbench-core/src/Concerns/ApplicationTestingHooks.php:74
/var/www/html/vendor/orchestra/testbench-core/src/Concerns/Testing.php:43
/var/www/html/vendor/laravel/framework/src/Illuminate/Collections/helpers.php:236
/var/www/html/vendor/orchestra/sidekick/src/functions.php:87
/var/www/html/vendor/laravel/framework/src/Illuminate/Collections/helpers.php:236
/var/www/html/vendor/orchestra/testbench-core/src/Concerns/Testing.php:57
/var/www/html/vendor/orchestra/testbench-core/src/TestCase.php:50
/var/www/html/tests/TestCase.php:61</error>
        </testcase>
        <testcase name="it_gets_performance_metrics" file="/var/www/html/tests/Unit/Events/McpRequestProcessedTest.php" line="142" class="JTD\LaravelMCP\Tests\Unit\Events\McpRequestProcessedTest" classname="JTD.LaravelMCP.Tests.Unit.Events.McpRequestProcessedTest" assertions="0" time="0.000000">
          <error type="Exception">JTD\LaravelMCP\Tests\Unit\Events\McpRequestProcessedTest::it_gets_performance_metrics
Exception: The /var/www/html/vendor/orchestra/testbench-core/laravel/bootstrap/cache directory must be present and writable.

/var/www/html/vendor/laravel/framework/src/Illuminate/Foundation/PackageManifest.php:179
/var/www/html/vendor/orchestra/testbench-core/src/Foundation/PackageManifest.php:157
/var/www/html/vendor/laravel/framework/src/Illuminate/Foundation/PackageManifest.php:132
/var/www/html/vendor/laravel/framework/src/Illuminate/Foundation/PackageManifest.php:108
/var/www/html/vendor/orchestra/testbench-core/src/Foundation/PackageManifest.php:102
/var/www/html/vendor/laravel/framework/src/Illuminate/Foundation/PackageManifest.php:91
/var/www/html/vendor/laravel/framework/src/Illuminate/Foundation/PackageManifest.php:80
/var/www/html/vendor/laravel/framework/src/Illuminate/Foundation/Bootstrap/RegisterFacades.php:26
/var/www/html/vendor/orchestra/testbench-core/src/Concerns/CreatesApplication.php:556
/var/www/html/vendor/orchestra/testbench-core/src/Concerns/CreatesApplication.php:311
/var/www/html/vendor/orchestra/testbench-core/src/TestCase.php:121
/var/www/html/vendor/orchestra/testbench-core/src/Concerns/ApplicationTestingHooks.php:74
/var/www/html/vendor/orchestra/testbench-core/src/Concerns/Testing.php:43
/var/www/html/vendor/laravel/framework/src/Illuminate/Collections/helpers.php:236
/var/www/html/vendor/orchestra/sidekick/src/functions.php:87
/var/www/html/vendor/laravel/framework/src/Illuminate/Collections/helpers.php:236
/var/www/html/vendor/orchestra/testbench-core/src/Concerns/Testing.php:57
/var/www/html/vendor/orchestra/testbench-core/src/TestCase.php:50
/var/www/html/tests/TestCase.php:61</error>
        </testcase>
        <testcase name="it_checks_if_execution_time_exceeded_threshold" file="/var/www/html/tests/Unit/Events/McpRequestProcessedTest.php" line="162" class="JTD\LaravelMCP\Tests\Unit\Events\McpRequestProcessedTest" classname="JTD.LaravelMCP.Tests.Unit.Events.McpRequestProcessedTest" assertions="0" time="0.000000">
          <error type="Exception">JTD\LaravelMCP\Tests\Unit\Events\McpRequestProcessedTest::it_checks_if_execution_time_exceeded_threshold
Exception: The /var/www/html/vendor/orchestra/testbench-core/laravel/bootstrap/cache directory must be present and writable.

/var/www/html/vendor/laravel/framework/src/Illuminate/Foundation/PackageManifest.php:179
/var/www/html/vendor/orchestra/testbench-core/src/Foundation/PackageManifest.php:157
/var/www/html/vendor/laravel/framework/src/Illuminate/Foundation/PackageManifest.php:132
/var/www/html/vendor/laravel/framework/src/Illuminate/Foundation/PackageManifest.php:108
/var/www/html/vendor/orchestra/testbench-core/src/Foundation/PackageManifest.php:102
/var/www/html/vendor/laravel/framework/src/Illuminate/Foundation/PackageManifest.php:91
/var/www/html/vendor/laravel/framework/src/Illuminate/Foundation/PackageManifest.php:80
/var/www/html/vendor/laravel/framework/src/Illuminate/Foundation/Bootstrap/RegisterFacades.php:26
/var/www/html/vendor/orchestra/testbench-core/src/Concerns/CreatesApplication.php:556
/var/www/html/vendor/orchestra/testbench-core/src/Concerns/CreatesApplication.php:311
/var/www/html/vendor/orchestra/testbench-core/src/TestCase.php:121
/var/www/html/vendor/orchestra/testbench-core/src/Concerns/ApplicationTestingHooks.php:74
/var/www/html/vendor/orchestra/testbench-core/src/Concerns/Testing.php:43
/var/www/html/vendor/laravel/framework/src/Illuminate/Collections/helpers.php:236
/var/www/html/vendor/orchestra/sidekick/src/functions.php:87
/var/www/html/vendor/laravel/framework/src/Illuminate/Collections/helpers.php:236
/var/www/html/vendor/orchestra/testbench-core/src/Concerns/Testing.php:57
/var/www/html/vendor/orchestra/testbench-core/src/TestCase.php:50
/var/www/html/tests/TestCase.php:61</error>
        </testcase>
        <testcase name="it_formats_execution_time" file="/var/www/html/tests/Unit/Events/McpRequestProcessedTest.php" line="173" class="JTD\LaravelMCP\Tests\Unit\Events\McpRequestProcessedTest" classname="JTD.LaravelMCP.Tests.Unit.Events.McpRequestProcessedTest" assertions="0" time="0.000000">
          <error type="Exception">JTD\LaravelMCP\Tests\Unit\Events\McpRequestProcessedTest::it_formats_execution_time
Exception: The /var/www/html/vendor/orchestra/testbench-core/laravel/bootstrap/cache directory must be present and writable.

/var/www/html/vendor/laravel/framework/src/Illuminate/Foundation/PackageManifest.php:179
/var/www/html/vendor/orchestra/testbench-core/src/Foundation/PackageManifest.php:157
/var/www/html/vendor/laravel/framework/src/Illuminate/Foundation/PackageManifest.php:132
/var/www/html/vendor/laravel/framework/src/Illuminate/Foundation/PackageManifest.php:108
/var/www/html/vendor/orchestra/testbench-core/src/Foundation/PackageManifest.php:102
/var/www/html/vendor/laravel/framework/src/Illuminate/Foundation/PackageManifest.php:91
/var/www/html/vendor/laravel/framework/src/Illuminate/Foundation/PackageManifest.php:80
/var/www/html/vendor/laravel/framework/src/Illuminate/Foundation/Bootstrap/RegisterFacades.php:26
/var/www/html/vendor/orchestra/testbench-core/src/Concerns/CreatesApplication.php:556
/var/www/html/vendor/orchestra/testbench-core/src/Concerns/CreatesApplication.php:311
/var/www/html/vendor/orchestra/testbench-core/src/TestCase.php:121
/var/www/html/vendor/orchestra/testbench-core/src/Concerns/ApplicationTestingHooks.php:74
/var/www/html/vendor/orchestra/testbench-core/src/Concerns/Testing.php:43
/var/www/html/vendor/laravel/framework/src/Illuminate/Collections/helpers.php:236
/var/www/html/vendor/orchestra/sidekick/src/functions.php:87
/var/www/html/vendor/laravel/framework/src/Illuminate/Collections/helpers.php:236
/var/www/html/vendor/orchestra/testbench-core/src/Concerns/Testing.php:57
/var/www/html/vendor/orchestra/testbench-core/src/TestCase.php:50
/var/www/html/tests/TestCase.php:61</error>
        </testcase>
        <testcase name="it_serializes_for_broadcasting" file="/var/www/html/tests/Unit/Events/McpRequestProcessedTest.php" line="189" class="JTD\LaravelMCP\Tests\Unit\Events\McpRequestProcessedTest" classname="JTD.LaravelMCP.Tests.Unit.Events.McpRequestProcessedTest" assertions="0" time="0.000000">
          <error type="Exception">JTD\LaravelMCP\Tests\Unit\Events\McpRequestProcessedTest::it_serializes_for_broadcasting
Exception: The /var/www/html/vendor/orchestra/testbench-core/laravel/bootstrap/cache directory must be present and writable.

/var/www/html/vendor/laravel/framework/src/Illuminate/Foundation/PackageManifest.php:179
/var/www/html/vendor/orchestra/testbench-core/src/Foundation/PackageManifest.php:157
/var/www/html/vendor/laravel/framework/src/Illuminate/Foundation/PackageManifest.php:132
/var/www/html/vendor/laravel/framework/src/Illuminate/Foundation/PackageManifest.php:108
/var/www/html/vendor/orchestra/testbench-core/src/Foundation/PackageManifest.php:102
/var/www/html/vendor/laravel/framework/src/Illuminate/Foundation/PackageManifest.php:91
/var/www/html/vendor/laravel/framework/src/Illuminate/Foundation/PackageManifest.php:80
/var/www/html/vendor/laravel/framework/src/Illuminate/Foundation/Bootstrap/RegisterFacades.php:26
/var/www/html/vendor/orchestra/testbench-core/src/Concerns/CreatesApplication.php:556
/var/www/html/vendor/orchestra/testbench-core/src/Concerns/CreatesApplication.php:311
/var/www/html/vendor/orchestra/testbench-core/src/TestCase.php:121
/var/www/html/vendor/orchestra/testbench-core/src/Concerns/ApplicationTestingHooks.php:74
/var/www/html/vendor/orchestra/testbench-core/src/Concerns/Testing.php:43
/var/www/html/vendor/laravel/framework/src/Illuminate/Collections/helpers.php:236
/var/www/html/vendor/orchestra/sidekick/src/functions.php:87
/var/www/html/vendor/laravel/framework/src/Illuminate/Collections/helpers.php:236
/var/www/html/vendor/orchestra/testbench-core/src/Concerns/Testing.php:57
/var/www/html/vendor/orchestra/testbench-core/src/TestCase.php:50
/var/www/html/tests/TestCase.php:61</error>
        </testcase>
      </testsuite>
      <testsuite name="JTD\LaravelMCP\Tests\Unit\Exceptions\McpExceptionTest" file="/var/www/html/tests/Unit/Exceptions/McpExceptionTest.php" tests="22" assertions="0" errors="22" failures="0" skipped="0" time="0.000000">
        <testcase name="test_basic_exception_creation" file="/var/www/html/tests/Unit/Exceptions/McpExceptionTest.php" line="19" class="JTD\LaravelMCP\Tests\Unit\Exceptions\McpExceptionTest" classname="JTD.LaravelMCP.Tests.Unit.Exceptions.McpExceptionTest" assertions="0" time="0.000000">
          <error type="Exception">JTD\LaravelMCP\Tests\Unit\Exceptions\McpExceptionTest::test_basic_exception_creation
Exception: The /var/www/html/vendor/orchestra/testbench-core/laravel/bootstrap/cache directory must be present and writable.

/var/www/html/vendor/laravel/framework/src/Illuminate/Foundation/PackageManifest.php:179
/var/www/html/vendor/orchestra/testbench-core/src/Foundation/PackageManifest.php:157
/var/www/html/vendor/laravel/framework/src/Illuminate/Foundation/PackageManifest.php:132
/var/www/html/vendor/laravel/framework/src/Illuminate/Foundation/PackageManifest.php:108
/var/www/html/vendor/orchestra/testbench-core/src/Foundation/PackageManifest.php:102
/var/www/html/vendor/laravel/framework/src/Illuminate/Foundation/PackageManifest.php:91
/var/www/html/vendor/laravel/framework/src/Illuminate/Foundation/PackageManifest.php:80
/var/www/html/vendor/laravel/framework/src/Illuminate/Foundation/Bootstrap/RegisterFacades.php:26
/var/www/html/vendor/orchestra/testbench-core/src/Concerns/CreatesApplication.php:556
/var/www/html/vendor/orchestra/testbench-core/src/Concerns/CreatesApplication.php:311
/var/www/html/vendor/orchestra/testbench-core/src/TestCase.php:121
/var/www/html/vendor/orchestra/testbench-core/src/Concerns/ApplicationTestingHooks.php:74
/var/www/html/vendor/orchestra/testbench-core/src/Concerns/Testing.php:43
/var/www/html/vendor/laravel/framework/src/Illuminate/Collections/helpers.php:236
/var/www/html/vendor/orchestra/sidekick/src/functions.php:87
/var/www/html/vendor/laravel/framework/src/Illuminate/Collections/helpers.php:236
/var/www/html/vendor/orchestra/testbench-core/src/Concerns/Testing.php:57
/var/www/html/vendor/orchestra/testbench-core/src/TestCase.php:50
/var/www/html/tests/TestCase.php:61</error>
        </testcase>
        <testcase name="test_exception_with_data" file="/var/www/html/tests/Unit/Exceptions/McpExceptionTest.php" line="30" class="JTD\LaravelMCP\Tests\Unit\Exceptions\McpExceptionTest" classname="JTD.LaravelMCP.Tests.Unit.Exceptions.McpExceptionTest" assertions="0" time="0.000000">
          <error type="Exception">JTD\LaravelMCP\Tests\Unit\Exceptions\McpExceptionTest::test_exception_with_data
Exception: The /var/www/html/vendor/orchestra/testbench-core/laravel/bootstrap/cache directory must be present and writable.

/var/www/html/vendor/laravel/framework/src/Illuminate/Foundation/PackageManifest.php:179
/var/www/html/vendor/orchestra/testbench-core/src/Foundation/PackageManifest.php:157
/var/www/html/vendor/laravel/framework/src/Illuminate/Foundation/PackageManifest.php:132
/var/www/html/vendor/laravel/framework/src/Illuminate/Foundation/PackageManifest.php:108
/var/www/html/vendor/orchestra/testbench-core/src/Foundation/PackageManifest.php:102
/var/www/html/vendor/laravel/framework/src/Illuminate/Foundation/PackageManifest.php:91
/var/www/html/vendor/laravel/framework/src/Illuminate/Foundation/PackageManifest.php:80
/var/www/html/vendor/laravel/framework/src/Illuminate/Foundation/Bootstrap/RegisterFacades.php:26
/var/www/html/vendor/orchestra/testbench-core/src/Concerns/CreatesApplication.php:556
/var/www/html/vendor/orchestra/testbench-core/src/Concerns/CreatesApplication.php:311
/var/www/html/vendor/orchestra/testbench-core/src/TestCase.php:121
/var/www/html/vendor/orchestra/testbench-core/src/Concerns/ApplicationTestingHooks.php:74
/var/www/html/vendor/orchestra/testbench-core/src/Concerns/Testing.php:43
/var/www/html/vendor/laravel/framework/src/Illuminate/Collections/helpers.php:236
/var/www/html/vendor/orchestra/sidekick/src/functions.php:87
/var/www/html/vendor/laravel/framework/src/Illuminate/Collections/helpers.php:236
/var/www/html/vendor/orchestra/testbench-core/src/Concerns/Testing.php:57
/var/www/html/vendor/orchestra/testbench-core/src/TestCase.php:50
/var/www/html/tests/TestCase.php:61</error>
        </testcase>
        <testcase name="test_exception_with_context" file="/var/www/html/tests/Unit/Exceptions/McpExceptionTest.php" line="41" class="JTD\LaravelMCP\Tests\Unit\Exceptions\McpExceptionTest" classname="JTD.LaravelMCP.Tests.Unit.Exceptions.McpExceptionTest" assertions="0" time="0.000000">
          <error type="Exception">JTD\LaravelMCP\Tests\Unit\Exceptions\McpExceptionTest::test_exception_with_context
Exception: The /var/www/html/vendor/orchestra/testbench-core/laravel/bootstrap/cache directory must be present and writable.

/var/www/html/vendor/laravel/framework/src/Illuminate/Foundation/PackageManifest.php:179
/var/www/html/vendor/orchestra/testbench-core/src/Foundation/PackageManifest.php:157
/var/www/html/vendor/laravel/framework/src/Illuminate/Foundation/PackageManifest.php:132
/var/www/html/vendor/laravel/framework/src/Illuminate/Foundation/PackageManifest.php:108
/var/www/html/vendor/orchestra/testbench-core/src/Foundation/PackageManifest.php:102
/var/www/html/vendor/laravel/framework/src/Illuminate/Foundation/PackageManifest.php:91
/var/www/html/vendor/laravel/framework/src/Illuminate/Foundation/PackageManifest.php:80
/var/www/html/vendor/laravel/framework/src/Illuminate/Foundation/Bootstrap/RegisterFacades.php:26
/var/www/html/vendor/orchestra/testbench-core/src/Concerns/CreatesApplication.php:556
/var/www/html/vendor/orchestra/testbench-core/src/Concerns/CreatesApplication.php:311
/var/www/html/vendor/orchestra/testbench-core/src/TestCase.php:121
/var/www/html/vendor/orchestra/testbench-core/src/Concerns/ApplicationTestingHooks.php:74
/var/www/html/vendor/orchestra/testbench-core/src/Concerns/Testing.php:43
/var/www/html/vendor/laravel/framework/src/Illuminate/Collections/helpers.php:236
/var/www/html/vendor/orchestra/sidekick/src/functions.php:87
/var/www/html/vendor/laravel/framework/src/Illuminate/Collections/helpers.php:236
/var/www/html/vendor/orchestra/testbench-core/src/Concerns/Testing.php:57
/var/www/html/vendor/orchestra/testbench-core/src/TestCase.php:50
/var/www/html/tests/TestCase.php:61</error>
        </testcase>
        <testcase name="test_exception_with_previous" file="/var/www/html/tests/Unit/Exceptions/McpExceptionTest.php" line="52" class="JTD\LaravelMCP\Tests\Unit\Exceptions\McpExceptionTest" classname="JTD.LaravelMCP.Tests.Unit.Exceptions.McpExceptionTest" assertions="0" time="0.000000">
          <error type="Exception">JTD\LaravelMCP\Tests\Unit\Exceptions\McpExceptionTest::test_exception_with_previous
Exception: The /var/www/html/vendor/orchestra/testbench-core/laravel/bootstrap/cache directory must be present and writable.

/var/www/html/vendor/laravel/framework/src/Illuminate/Foundation/PackageManifest.php:179
/var/www/html/vendor/orchestra/testbench-core/src/Foundation/PackageManifest.php:157
/var/www/html/vendor/laravel/framework/src/Illuminate/Foundation/PackageManifest.php:132
/var/www/html/vendor/laravel/framework/src/Illuminate/Foundation/PackageManifest.php:108
/var/www/html/vendor/orchestra/testbench-core/src/Foundation/PackageManifest.php:102
/var/www/html/vendor/laravel/framework/src/Illuminate/Foundation/PackageManifest.php:91
/var/www/html/vendor/laravel/framework/src/Illuminate/Foundation/PackageManifest.php:80
/var/www/html/vendor/laravel/framework/src/Illuminate/Foundation/Bootstrap/RegisterFacades.php:26
/var/www/html/vendor/orchestra/testbench-core/src/Concerns/CreatesApplication.php:556
/var/www/html/vendor/orchestra/testbench-core/src/Concerns/CreatesApplication.php:311
/var/www/html/vendor/orchestra/testbench-core/src/TestCase.php:121
/var/www/html/vendor/orchestra/testbench-core/src/Concerns/ApplicationTestingHooks.php:74
/var/www/html/vendor/orchestra/testbench-core/src/Concerns/Testing.php:43
/var/www/html/vendor/laravel/framework/src/Illuminate/Collections/helpers.php:236
/var/www/html/vendor/orchestra/sidekick/src/functions.php:87
/var/www/html/vendor/laravel/framework/src/Illuminate/Collections/helpers.php:236
/var/www/html/vendor/orchestra/testbench-core/src/Concerns/Testing.php:57
/var/www/html/vendor/orchestra/testbench-core/src/TestCase.php:50
/var/www/html/tests/TestCase.php:61</error>
        </testcase>
        <testcase name="test_set_data" file="/var/www/html/tests/Unit/Exceptions/McpExceptionTest.php" line="63" class="JTD\LaravelMCP\Tests\Unit\Exceptions\McpExceptionTest" classname="JTD.LaravelMCP.Tests.Unit.Exceptions.McpExceptionTest" assertions="0" time="0.000000">
          <error type="Exception">JTD\LaravelMCP\Tests\Unit\Exceptions\McpExceptionTest::test_set_data
Exception: The /var/www/html/vendor/orchestra/testbench-core/laravel/bootstrap/cache directory must be present and writable.

/var/www/html/vendor/laravel/framework/src/Illuminate/Foundation/PackageManifest.php:179
/var/www/html/vendor/orchestra/testbench-core/src/Foundation/PackageManifest.php:157
/var/www/html/vendor/laravel/framework/src/Illuminate/Foundation/PackageManifest.php:132
/var/www/html/vendor/laravel/framework/src/Illuminate/Foundation/PackageManifest.php:108
/var/www/html/vendor/orchestra/testbench-core/src/Foundation/PackageManifest.php:102
/var/www/html/vendor/laravel/framework/src/Illuminate/Foundation/PackageManifest.php:91
/var/www/html/vendor/laravel/framework/src/Illuminate/Foundation/PackageManifest.php:80
/var/www/html/vendor/laravel/framework/src/Illuminate/Foundation/Bootstrap/RegisterFacades.php:26
/var/www/html/vendor/orchestra/testbench-core/src/Concerns/CreatesApplication.php:556
/var/www/html/vendor/orchestra/testbench-core/src/Concerns/CreatesApplication.php:311
/var/www/html/vendor/orchestra/testbench-core/src/TestCase.php:121
/var/www/html/vendor/orchestra/testbench-core/src/Concerns/ApplicationTestingHooks.php:74
/var/www/html/vendor/orchestra/testbench-core/src/Concerns/Testing.php:43
/var/www/html/vendor/laravel/framework/src/Illuminate/Collections/helpers.php:236
/var/www/html/vendor/orchestra/sidekick/src/functions.php:87
/var/www/html/vendor/laravel/framework/src/Illuminate/Collections/helpers.php:236
/var/www/html/vendor/orchestra/testbench-core/src/Concerns/Testing.php:57
/var/www/html/vendor/orchestra/testbench-core/src/TestCase.php:50
/var/www/html/tests/TestCase.php:61</error>
        </testcase>
        <testcase name="test_set_context" file="/var/www/html/tests/Unit/Exceptions/McpExceptionTest.php" line="76" class="JTD\LaravelMCP\Tests\Unit\Exceptions\McpExceptionTest" classname="JTD.LaravelMCP.Tests.Unit.Exceptions.McpExceptionTest" assertions="0" time="0.000000">
          <error type="Exception">JTD\LaravelMCP\Tests\Unit\Exceptions\McpExceptionTest::test_set_context
Exception: The /var/www/html/vendor/orchestra/testbench-core/laravel/bootstrap/cache directory must be present and writable.

/var/www/html/vendor/laravel/framework/src/Illuminate/Foundation/PackageManifest.php:179
/var/www/html/vendor/orchestra/testbench-core/src/Foundation/PackageManifest.php:157
/var/www/html/vendor/laravel/framework/src/Illuminate/Foundation/PackageManifest.php:132
/var/www/html/vendor/laravel/framework/src/Illuminate/Foundation/PackageManifest.php:108
/var/www/html/vendor/orchestra/testbench-core/src/Foundation/PackageManifest.php:102
/var/www/html/vendor/laravel/framework/src/Illuminate/Foundation/PackageManifest.php:91
/var/www/html/vendor/laravel/framework/src/Illuminate/Foundation/PackageManifest.php:80
/var/www/html/vendor/laravel/framework/src/Illuminate/Foundation/Bootstrap/RegisterFacades.php:26
/var/www/html/vendor/orchestra/testbench-core/src/Concerns/CreatesApplication.php:556
/var/www/html/vendor/orchestra/testbench-core/src/Concerns/CreatesApplication.php:311
/var/www/html/vendor/orchestra/testbench-core/src/TestCase.php:121
/var/www/html/vendor/orchestra/testbench-core/src/Concerns/ApplicationTestingHooks.php:74
/var/www/html/vendor/orchestra/testbench-core/src/Concerns/Testing.php:43
/var/www/html/vendor/laravel/framework/src/Illuminate/Collections/helpers.php:236
/var/www/html/vendor/orchestra/sidekick/src/functions.php:87
/var/www/html/vendor/laravel/framework/src/Illuminate/Collections/helpers.php:236
/var/www/html/vendor/orchestra/testbench-core/src/Concerns/Testing.php:57
/var/www/html/vendor/orchestra/testbench-core/src/TestCase.php:50
/var/www/html/tests/TestCase.php:61</error>
        </testcase>
        <testcase name="test_add_context" file="/var/www/html/tests/Unit/Exceptions/McpExceptionTest.php" line="89" class="JTD\LaravelMCP\Tests\Unit\Exceptions\McpExceptionTest" classname="JTD.LaravelMCP.Tests.Unit.Exceptions.McpExceptionTest" assertions="0" time="0.000000">
          <error type="Exception">JTD\LaravelMCP\Tests\Unit\Exceptions\McpExceptionTest::test_add_context
Exception: The /var/www/html/vendor/orchestra/testbench-core/laravel/bootstrap/cache directory must be present and writable.

/var/www/html/vendor/laravel/framework/src/Illuminate/Foundation/PackageManifest.php:179
/var/www/html/vendor/orchestra/testbench-core/src/Foundation/PackageManifest.php:157
/var/www/html/vendor/laravel/framework/src/Illuminate/Foundation/PackageManifest.php:132
/var/www/html/vendor/laravel/framework/src/Illuminate/Foundation/PackageManifest.php:108
/var/www/html/vendor/orchestra/testbench-core/src/Foundation/PackageManifest.php:102
/var/www/html/vendor/laravel/framework/src/Illuminate/Foundation/PackageManifest.php:91
/var/www/html/vendor/laravel/framework/src/Illuminate/Foundation/PackageManifest.php:80
/var/www/html/vendor/laravel/framework/src/Illuminate/Foundation/Bootstrap/RegisterFacades.php:26
/var/www/html/vendor/orchestra/testbench-core/src/Concerns/CreatesApplication.php:556
/var/www/html/vendor/orchestra/testbench-core/src/Concerns/CreatesApplication.php:311
/var/www/html/vendor/orchestra/testbench-core/src/TestCase.php:121
/var/www/html/vendor/orchestra/testbench-core/src/Concerns/ApplicationTestingHooks.php:74
/var/www/html/vendor/orchestra/testbench-core/src/Concerns/Testing.php:43
/var/www/html/vendor/laravel/framework/src/Illuminate/Collections/helpers.php:236
/var/www/html/vendor/orchestra/sidekick/src/functions.php:87
/var/www/html/vendor/laravel/framework/src/Illuminate/Collections/helpers.php:236
/var/www/html/vendor/orchestra/testbench-core/src/Concerns/Testing.php:57
/var/www/html/vendor/orchestra/testbench-core/src/TestCase.php:50
/var/www/html/tests/TestCase.php:61</error>
        </testcase>
        <testcase name="test_to_array" file="/var/www/html/tests/Unit/Exceptions/McpExceptionTest.php" line="103" class="JTD\LaravelMCP\Tests\Unit\Exceptions\McpExceptionTest" classname="JTD.LaravelMCP.Tests.Unit.Exceptions.McpExceptionTest" assertions="0" time="0.000000">
          <error type="Exception">JTD\LaravelMCP\Tests\Unit\Exceptions\McpExceptionTest::test_to_array
Exception: The /var/www/html/vendor/orchestra/testbench-core/laravel/bootstrap/cache directory must be present and writable.

/var/www/html/vendor/laravel/framework/src/Illuminate/Foundation/PackageManifest.php:179
/var/www/html/vendor/orchestra/testbench-core/src/Foundation/PackageManifest.php:157
/var/www/html/vendor/laravel/framework/src/Illuminate/Foundation/PackageManifest.php:132
/var/www/html/vendor/laravel/framework/src/Illuminate/Foundation/PackageManifest.php:108
/var/www/html/vendor/orchestra/testbench-core/src/Foundation/PackageManifest.php:102
/var/www/html/vendor/laravel/framework/src/Illuminate/Foundation/PackageManifest.php:91
/var/www/html/vendor/laravel/framework/src/Illuminate/Foundation/PackageManifest.php:80
/var/www/html/vendor/laravel/framework/src/Illuminate/Foundation/Bootstrap/RegisterFacades.php:26
/var/www/html/vendor/orchestra/testbench-core/src/Concerns/CreatesApplication.php:556
/var/www/html/vendor/orchestra/testbench-core/src/Concerns/CreatesApplication.php:311
/var/www/html/vendor/orchestra/testbench-core/src/TestCase.php:121
/var/www/html/vendor/orchestra/testbench-core/src/Concerns/ApplicationTestingHooks.php:74
/var/www/html/vendor/orchestra/testbench-core/src/Concerns/Testing.php:43
/var/www/html/vendor/laravel/framework/src/Illuminate/Collections/helpers.php:236
/var/www/html/vendor/orchestra/sidekick/src/functions.php:87
/var/www/html/vendor/laravel/framework/src/Illuminate/Collections/helpers.php:236
/var/www/html/vendor/orchestra/testbench-core/src/Concerns/Testing.php:57
/var/www/html/vendor/orchestra/testbench-core/src/TestCase.php:50
/var/www/html/tests/TestCase.php:61</error>
        </testcase>
        <testcase name="test_to_array_with_previous" file="/var/www/html/tests/Unit/Exceptions/McpExceptionTest.php" line="124" class="JTD\LaravelMCP\Tests\Unit\Exceptions\McpExceptionTest" classname="JTD.LaravelMCP.Tests.Unit.Exceptions.McpExceptionTest" assertions="0" time="0.000000">
          <error type="Exception">JTD\LaravelMCP\Tests\Unit\Exceptions\McpExceptionTest::test_to_array_with_previous
Exception: The /var/www/html/vendor/orchestra/testbench-core/laravel/bootstrap/cache directory must be present and writable.

/var/www/html/vendor/laravel/framework/src/Illuminate/Foundation/PackageManifest.php:179
/var/www/html/vendor/orchestra/testbench-core/src/Foundation/PackageManifest.php:157
/var/www/html/vendor/laravel/framework/src/Illuminate/Foundation/PackageManifest.php:132
/var/www/html/vendor/laravel/framework/src/Illuminate/Foundation/PackageManifest.php:108
/var/www/html/vendor/orchestra/testbench-core/src/Foundation/PackageManifest.php:102
/var/www/html/vendor/laravel/framework/src/Illuminate/Foundation/PackageManifest.php:91
/var/www/html/vendor/laravel/framework/src/Illuminate/Foundation/PackageManifest.php:80
/var/www/html/vendor/laravel/framework/src/Illuminate/Foundation/Bootstrap/RegisterFacades.php:26
/var/www/html/vendor/orchestra/testbench-core/src/Concerns/CreatesApplication.php:556
/var/www/html/vendor/orchestra/testbench-core/src/Concerns/CreatesApplication.php:311
/var/www/html/vendor/orchestra/testbench-core/src/TestCase.php:121
/var/www/html/vendor/orchestra/testbench-core/src/Concerns/ApplicationTestingHooks.php:74
/var/www/html/vendor/orchestra/testbench-core/src/Concerns/Testing.php:43
/var/www/html/vendor/laravel/framework/src/Illuminate/Collections/helpers.php:236
/var/www/html/vendor/orchestra/sidekick/src/functions.php:87
/var/www/html/vendor/laravel/framework/src/Illuminate/Collections/helpers.php:236
/var/www/html/vendor/orchestra/testbench-core/src/Concerns/Testing.php:57
/var/www/html/vendor/orchestra/testbench-core/src/TestCase.php:50
/var/www/html/tests/TestCase.php:61</error>
        </testcase>
        <testcase name="test_to_json" file="/var/www/html/tests/Unit/Exceptions/McpExceptionTest.php" line="140" class="JTD\LaravelMCP\Tests\Unit\Exceptions\McpExceptionTest" classname="JTD.LaravelMCP.Tests.Unit.Exceptions.McpExceptionTest" assertions="0" time="0.000000">
          <error type="Exception">JTD\LaravelMCP\Tests\Unit\Exceptions\McpExceptionTest::test_to_json
Exception: The /var/www/html/vendor/orchestra/testbench-core/laravel/bootstrap/cache directory must be present and writable.

/var/www/html/vendor/laravel/framework/src/Illuminate/Foundation/PackageManifest.php:179
/var/www/html/vendor/orchestra/testbench-core/src/Foundation/PackageManifest.php:157
/var/www/html/vendor/laravel/framework/src/Illuminate/Foundation/PackageManifest.php:132
/var/www/html/vendor/laravel/framework/src/Illuminate/Foundation/PackageManifest.php:108
/var/www/html/vendor/orchestra/testbench-core/src/Foundation/PackageManifest.php:102
/var/www/html/vendor/laravel/framework/src/Illuminate/Foundation/PackageManifest.php:91
/var/www/html/vendor/laravel/framework/src/Illuminate/Foundation/PackageManifest.php:80
/var/www/html/vendor/laravel/framework/src/Illuminate/Foundation/Bootstrap/RegisterFacades.php:26
/var/www/html/vendor/orchestra/testbench-core/src/Concerns/CreatesApplication.php:556
/var/www/html/vendor/orchestra/testbench-core/src/Concerns/CreatesApplication.php:311
/var/www/html/vendor/orchestra/testbench-core/src/TestCase.php:121
/var/www/html/vendor/orchestra/testbench-core/src/Concerns/ApplicationTestingHooks.php:74
/var/www/html/vendor/orchestra/testbench-core/src/Concerns/Testing.php:43
/var/www/html/vendor/laravel/framework/src/Illuminate/Collections/helpers.php:236
/var/www/html/vendor/orchestra/sidekick/src/functions.php:87
/var/www/html/vendor/laravel/framework/src/Illuminate/Collections/helpers.php:236
/var/www/html/vendor/orchestra/testbench-core/src/Concerns/Testing.php:57
/var/www/html/vendor/orchestra/testbench-core/src/TestCase.php:50
/var/www/html/tests/TestCase.php:61</error>
        </testcase>
        <testcase name="test_get_error_type_json_rpc" file="/var/www/html/tests/Unit/Exceptions/McpExceptionTest.php" line="156" class="JTD\LaravelMCP\Tests\Unit\Exceptions\McpExceptionTest" classname="JTD.LaravelMCP.Tests.Unit.Exceptions.McpExceptionTest" assertions="0" time="0.000000">
          <error type="Exception">JTD\LaravelMCP\Tests\Unit\Exceptions\McpExceptionTest::test_get_error_type_json_rpc
Exception: The /var/www/html/vendor/orchestra/testbench-core/laravel/bootstrap/cache directory must be present and writable.

/var/www/html/vendor/laravel/framework/src/Illuminate/Foundation/PackageManifest.php:179
/var/www/html/vendor/orchestra/testbench-core/src/Foundation/PackageManifest.php:157
/var/www/html/vendor/laravel/framework/src/Illuminate/Foundation/PackageManifest.php:132
/var/www/html/vendor/laravel/framework/src/Illuminate/Foundation/PackageManifest.php:108
/var/www/html/vendor/orchestra/testbench-core/src/Foundation/PackageManifest.php:102
/var/www/html/vendor/laravel/framework/src/Illuminate/Foundation/PackageManifest.php:91
/var/www/html/vendor/laravel/framework/src/Illuminate/Foundation/PackageManifest.php:80
/var/www/html/vendor/laravel/framework/src/Illuminate/Foundation/Bootstrap/RegisterFacades.php:26
/var/www/html/vendor/orchestra/testbench-core/src/Concerns/CreatesApplication.php:556
/var/www/html/vendor/orchestra/testbench-core/src/Concerns/CreatesApplication.php:311
/var/www/html/vendor/orchestra/testbench-core/src/TestCase.php:121
/var/www/html/vendor/orchestra/testbench-core/src/Concerns/ApplicationTestingHooks.php:74
/var/www/html/vendor/orchestra/testbench-core/src/Concerns/Testing.php:43
/var/www/html/vendor/laravel/framework/src/Illuminate/Collections/helpers.php:236
/var/www/html/vendor/orchestra/sidekick/src/functions.php:87
/var/www/html/vendor/laravel/framework/src/Illuminate/Collections/helpers.php:236
/var/www/html/vendor/orchestra/testbench-core/src/Concerns/Testing.php:57
/var/www/html/vendor/orchestra/testbench-core/src/TestCase.php:50
/var/www/html/tests/TestCase.php:61</error>
        </testcase>
        <testcase name="test_is_client_error" file="/var/www/html/tests/Unit/Exceptions/McpExceptionTest.php" line="179" class="JTD\LaravelMCP\Tests\Unit\Exceptions\McpExceptionTest" classname="JTD.LaravelMCP.Tests.Unit.Exceptions.McpExceptionTest" assertions="0" time="0.000000">
          <error type="Exception">JTD\LaravelMCP\Tests\Unit\Exceptions\McpExceptionTest::test_is_client_error
Exception: The /var/www/html/vendor/orchestra/testbench-core/laravel/bootstrap/cache directory must be present and writable.

/var/www/html/vendor/laravel/framework/src/Illuminate/Foundation/PackageManifest.php:179
/var/www/html/vendor/orchestra/testbench-core/src/Foundation/PackageManifest.php:157
/var/www/html/vendor/laravel/framework/src/Illuminate/Foundation/PackageManifest.php:132
/var/www/html/vendor/laravel/framework/src/Illuminate/Foundation/PackageManifest.php:108
/var/www/html/vendor/orchestra/testbench-core/src/Foundation/PackageManifest.php:102
/var/www/html/vendor/laravel/framework/src/Illuminate/Foundation/PackageManifest.php:91
/var/www/html/vendor/laravel/framework/src/Illuminate/Foundation/PackageManifest.php:80
/var/www/html/vendor/laravel/framework/src/Illuminate/Foundation/Bootstrap/RegisterFacades.php:26
/var/www/html/vendor/orchestra/testbench-core/src/Concerns/CreatesApplication.php:556
/var/www/html/vendor/orchestra/testbench-core/src/Concerns/CreatesApplication.php:311
/var/www/html/vendor/orchestra/testbench-core/src/TestCase.php:121
/var/www/html/vendor/orchestra/testbench-core/src/Concerns/ApplicationTestingHooks.php:74
/var/www/html/vendor/orchestra/testbench-core/src/Concerns/Testing.php:43
/var/www/html/vendor/laravel/framework/src/Illuminate/Collections/helpers.php:236
/var/www/html/vendor/orchestra/sidekick/src/functions.php:87
/var/www/html/vendor/laravel/framework/src/Illuminate/Collections/helpers.php:236
/var/www/html/vendor/orchestra/testbench-core/src/Concerns/Testing.php:57
/var/www/html/vendor/orchestra/testbench-core/src/TestCase.php:50
/var/www/html/tests/TestCase.php:61</error>
        </testcase>
        <testcase name="test_is_server_error" file="/var/www/html/tests/Unit/Exceptions/McpExceptionTest.php" line="198" class="JTD\LaravelMCP\Tests\Unit\Exceptions\McpExceptionTest" classname="JTD.LaravelMCP.Tests.Unit.Exceptions.McpExceptionTest" assertions="0" time="0.000000">
          <error type="Exception">JTD\LaravelMCP\Tests\Unit\Exceptions\McpExceptionTest::test_is_server_error
Exception: The /var/www/html/vendor/orchestra/testbench-core/laravel/bootstrap/cache directory must be present and writable.

/var/www/html/vendor/laravel/framework/src/Illuminate/Foundation/PackageManifest.php:179
/var/www/html/vendor/orchestra/testbench-core/src/Foundation/PackageManifest.php:157
/var/www/html/vendor/laravel/framework/src/Illuminate/Foundation/PackageManifest.php:132
/var/www/html/vendor/laravel/framework/src/Illuminate/Foundation/PackageManifest.php:108
/var/www/html/vendor/orchestra/testbench-core/src/Foundation/PackageManifest.php:102
/var/www/html/vendor/laravel/framework/src/Illuminate/Foundation/PackageManifest.php:91
/var/www/html/vendor/laravel/framework/src/Illuminate/Foundation/PackageManifest.php:80
/var/www/html/vendor/laravel/framework/src/Illuminate/Foundation/Bootstrap/RegisterFacades.php:26
/var/www/html/vendor/orchestra/testbench-core/src/Concerns/CreatesApplication.php:556
/var/www/html/vendor/orchestra/testbench-core/src/Concerns/CreatesApplication.php:311
/var/www/html/vendor/orchestra/testbench-core/src/TestCase.php:121
/var/www/html/vendor/orchestra/testbench-core/src/Concerns/ApplicationTestingHooks.php:74
/var/www/html/vendor/orchestra/testbench-core/src/Concerns/Testing.php:43
/var/www/html/vendor/laravel/framework/src/Illuminate/Collections/helpers.php:236
/var/www/html/vendor/orchestra/sidekick/src/functions.php:87
/var/www/html/vendor/laravel/framework/src/Illuminate/Collections/helpers.php:236
/var/www/html/vendor/orchestra/testbench-core/src/Concerns/Testing.php:57
/var/www/html/vendor/orchestra/testbench-core/src/TestCase.php:50
/var/www/html/tests/TestCase.php:61</error>
        </testcase>
        <testcase name="test_static_parse_error" file="/var/www/html/tests/Unit/Exceptions/McpExceptionTest.php" line="217" class="JTD\LaravelMCP\Tests\Unit\Exceptions\McpExceptionTest" classname="JTD.LaravelMCP.Tests.Unit.Exceptions.McpExceptionTest" assertions="0" time="0.000000">
          <error type="Exception">JTD\LaravelMCP\Tests\Unit\Exceptions\McpExceptionTest::test_static_parse_error
Exception: The /var/www/html/vendor/orchestra/testbench-core/laravel/bootstrap/cache directory must be present and writable.

/var/www/html/vendor/laravel/framework/src/Illuminate/Foundation/PackageManifest.php:179
/var/www/html/vendor/orchestra/testbench-core/src/Foundation/PackageManifest.php:157
/var/www/html/vendor/laravel/framework/src/Illuminate/Foundation/PackageManifest.php:132
/var/www/html/vendor/laravel/framework/src/Illuminate/Foundation/PackageManifest.php:108
/var/www/html/vendor/orchestra/testbench-core/src/Foundation/PackageManifest.php:102
/var/www/html/vendor/laravel/framework/src/Illuminate/Foundation/PackageManifest.php:91
/var/www/html/vendor/laravel/framework/src/Illuminate/Foundation/PackageManifest.php:80
/var/www/html/vendor/laravel/framework/src/Illuminate/Foundation/Bootstrap/RegisterFacades.php:26
/var/www/html/vendor/orchestra/testbench-core/src/Concerns/CreatesApplication.php:556
/var/www/html/vendor/orchestra/testbench-core/src/Concerns/CreatesApplication.php:311
/var/www/html/vendor/orchestra/testbench-core/src/TestCase.php:121
/var/www/html/vendor/orchestra/testbench-core/src/Concerns/ApplicationTestingHooks.php:74
/var/www/html/vendor/orchestra/testbench-core/src/Concerns/Testing.php:43
/var/www/html/vendor/laravel/framework/src/Illuminate/Collections/helpers.php:236
/var/www/html/vendor/orchestra/sidekick/src/functions.php:87
/var/www/html/vendor/laravel/framework/src/Illuminate/Collections/helpers.php:236
/var/www/html/vendor/orchestra/testbench-core/src/Concerns/Testing.php:57
/var/www/html/vendor/orchestra/testbench-core/src/TestCase.php:50
/var/www/html/tests/TestCase.php:61</error>
        </testcase>
        <testcase name="test_static_invalid_request" file="/var/www/html/tests/Unit/Exceptions/McpExceptionTest.php" line="229" class="JTD\LaravelMCP\Tests\Unit\Exceptions\McpExceptionTest" classname="JTD.LaravelMCP.Tests.Unit.Exceptions.McpExceptionTest" assertions="0" time="0.000000">
          <error type="Exception">JTD\LaravelMCP\Tests\Unit\Exceptions\McpExceptionTest::test_static_invalid_request
Exception: The /var/www/html/vendor/orchestra/testbench-core/laravel/bootstrap/cache directory must be present and writable.

/var/www/html/vendor/laravel/framework/src/Illuminate/Foundation/PackageManifest.php:179
/var/www/html/vendor/orchestra/testbench-core/src/Foundation/PackageManifest.php:157
/var/www/html/vendor/laravel/framework/src/Illuminate/Foundation/PackageManifest.php:132
/var/www/html/vendor/laravel/framework/src/Illuminate/Foundation/PackageManifest.php:108
/var/www/html/vendor/orchestra/testbench-core/src/Foundation/PackageManifest.php:102
/var/www/html/vendor/laravel/framework/src/Illuminate/Foundation/PackageManifest.php:91
/var/www/html/vendor/laravel/framework/src/Illuminate/Foundation/PackageManifest.php:80
/var/www/html/vendor/laravel/framework/src/Illuminate/Foundation/Bootstrap/RegisterFacades.php:26
/var/www/html/vendor/orchestra/testbench-core/src/Concerns/CreatesApplication.php:556
/var/www/html/vendor/orchestra/testbench-core/src/Concerns/CreatesApplication.php:311
/var/www/html/vendor/orchestra/testbench-core/src/TestCase.php:121
/var/www/html/vendor/orchestra/testbench-core/src/Concerns/ApplicationTestingHooks.php:74
/var/www/html/vendor/orchestra/testbench-core/src/Concerns/Testing.php:43
/var/www/html/vendor/laravel/framework/src/Illuminate/Collections/helpers.php:236
/var/www/html/vendor/orchestra/sidekick/src/functions.php:87
/var/www/html/vendor/laravel/framework/src/Illuminate/Collections/helpers.php:236
/var/www/html/vendor/orchestra/testbench-core/src/Concerns/Testing.php:57
/var/www/html/vendor/orchestra/testbench-core/src/TestCase.php:50
/var/www/html/tests/TestCase.php:61</error>
        </testcase>
        <testcase name="test_static_method_not_found" file="/var/www/html/tests/Unit/Exceptions/McpExceptionTest.php" line="241" class="JTD\LaravelMCP\Tests\Unit\Exceptions\McpExceptionTest" classname="JTD.LaravelMCP.Tests.Unit.Exceptions.McpExceptionTest" assertions="0" time="0.000000">
          <error type="Exception">JTD\LaravelMCP\Tests\Unit\Exceptions\McpExceptionTest::test_static_method_not_found
Exception: The /var/www/html/vendor/orchestra/testbench-core/laravel/bootstrap/cache directory must be present and writable.

/var/www/html/vendor/laravel/framework/src/Illuminate/Foundation/PackageManifest.php:179
/var/www/html/vendor/orchestra/testbench-core/src/Foundation/PackageManifest.php:157
/var/www/html/vendor/laravel/framework/src/Illuminate/Foundation/PackageManifest.php:132
/var/www/html/vendor/laravel/framework/src/Illuminate/Foundation/PackageManifest.php:108
/var/www/html/vendor/orchestra/testbench-core/src/Foundation/PackageManifest.php:102
/var/www/html/vendor/laravel/framework/src/Illuminate/Foundation/PackageManifest.php:91
/var/www/html/vendor/laravel/framework/src/Illuminate/Foundation/PackageManifest.php:80
/var/www/html/vendor/laravel/framework/src/Illuminate/Foundation/Bootstrap/RegisterFacades.php:26
/var/www/html/vendor/orchestra/testbench-core/src/Concerns/CreatesApplication.php:556
/var/www/html/vendor/orchestra/testbench-core/src/Concerns/CreatesApplication.php:311
/var/www/html/vendor/orchestra/testbench-core/src/TestCase.php:121
/var/www/html/vendor/orchestra/testbench-core/src/Concerns/ApplicationTestingHooks.php:74
/var/www/html/vendor/orchestra/testbench-core/src/Concerns/Testing.php:43
/var/www/html/vendor/laravel/framework/src/Illuminate/Collections/helpers.php:236
/var/www/html/vendor/orchestra/sidekick/src/functions.php:87
/var/www/html/vendor/laravel/framework/src/Illuminate/Collections/helpers.php:236
/var/www/html/vendor/orchestra/testbench-core/src/Concerns/Testing.php:57
/var/www/html/vendor/orchestra/testbench-core/src/TestCase.php:50
/var/www/html/tests/TestCase.php:61</error>
        </testcase>
        <testcase name="test_static_invalid_params" file="/var/www/html/tests/Unit/Exceptions/McpExceptionTest.php" line="253" class="JTD\LaravelMCP\Tests\Unit\Exceptions\McpExceptionTest" classname="JTD.LaravelMCP.Tests.Unit.Exceptions.McpExceptionTest" assertions="0" time="0.000000">
          <error type="Exception">JTD\LaravelMCP\Tests\Unit\Exceptions\McpExceptionTest::test_static_invalid_params
Exception: The /var/www/html/vendor/orchestra/testbench-core/laravel/bootstrap/cache directory must be present and writable.

/var/www/html/vendor/laravel/framework/src/Illuminate/Foundation/PackageManifest.php:179
/var/www/html/vendor/orchestra/testbench-core/src/Foundation/PackageManifest.php:157
/var/www/html/vendor/laravel/framework/src/Illuminate/Foundation/PackageManifest.php:132
/var/www/html/vendor/laravel/framework/src/Illuminate/Foundation/PackageManifest.php:108
/var/www/html/vendor/orchestra/testbench-core/src/Foundation/PackageManifest.php:102
/var/www/html/vendor/laravel/framework/src/Illuminate/Foundation/PackageManifest.php:91
/var/www/html/vendor/laravel/framework/src/Illuminate/Foundation/PackageManifest.php:80
/var/www/html/vendor/laravel/framework/src/Illuminate/Foundation/Bootstrap/RegisterFacades.php:26
/var/www/html/vendor/orchestra/testbench-core/src/Concerns/CreatesApplication.php:556
/var/www/html/vendor/orchestra/testbench-core/src/Concerns/CreatesApplication.php:311
/var/www/html/vendor/orchestra/testbench-core/src/TestCase.php:121
/var/www/html/vendor/orchestra/testbench-core/src/Concerns/ApplicationTestingHooks.php:74
/var/www/html/vendor/orchestra/testbench-core/src/Concerns/Testing.php:43
/var/www/html/vendor/laravel/framework/src/Illuminate/Collections/helpers.php:236
/var/www/html/vendor/orchestra/sidekick/src/functions.php:87
/var/www/html/vendor/laravel/framework/src/Illuminate/Collections/helpers.php:236
/var/www/html/vendor/orchestra/testbench-core/src/Concerns/Testing.php:57
/var/www/html/vendor/orchestra/testbench-core/src/TestCase.php:50
/var/www/html/tests/TestCase.php:61</error>
        </testcase>
        <testcase name="test_static_internal_error" file="/var/www/html/tests/Unit/Exceptions/McpExceptionTest.php" line="265" class="JTD\LaravelMCP\Tests\Unit\Exceptions\McpExceptionTest" classname="JTD.LaravelMCP.Tests.Unit.Exceptions.McpExceptionTest" assertions="0" time="0.000000">
          <error type="Exception">JTD\LaravelMCP\Tests\Unit\Exceptions\McpExceptionTest::test_static_internal_error
Exception: The /var/www/html/vendor/orchestra/testbench-core/laravel/bootstrap/cache directory must be present and writable.

/var/www/html/vendor/laravel/framework/src/Illuminate/Foundation/PackageManifest.php:179
/var/www/html/vendor/orchestra/testbench-core/src/Foundation/PackageManifest.php:157
/var/www/html/vendor/laravel/framework/src/Illuminate/Foundation/PackageManifest.php:132
/var/www/html/vendor/laravel/framework/src/Illuminate/Foundation/PackageManifest.php:108
/var/www/html/vendor/orchestra/testbench-core/src/Foundation/PackageManifest.php:102
/var/www/html/vendor/laravel/framework/src/Illuminate/Foundation/PackageManifest.php:91
/var/www/html/vendor/laravel/framework/src/Illuminate/Foundation/PackageManifest.php:80
/var/www/html/vendor/laravel/framework/src/Illuminate/Foundation/Bootstrap/RegisterFacades.php:26
/var/www/html/vendor/orchestra/testbench-core/src/Concerns/CreatesApplication.php:556
/var/www/html/vendor/orchestra/testbench-core/src/Concerns/CreatesApplication.php:311
/var/www/html/vendor/orchestra/testbench-core/src/TestCase.php:121
/var/www/html/vendor/orchestra/testbench-core/src/Concerns/ApplicationTestingHooks.php:74
/var/www/html/vendor/orchestra/testbench-core/src/Concerns/Testing.php:43
/var/www/html/vendor/laravel/framework/src/Illuminate/Collections/helpers.php:236
/var/www/html/vendor/orchestra/sidekick/src/functions.php:87
/var/www/html/vendor/laravel/framework/src/Illuminate/Collections/helpers.php:236
/var/www/html/vendor/orchestra/testbench-core/src/Concerns/Testing.php:57
/var/www/html/vendor/orchestra/testbench-core/src/TestCase.php:50
/var/www/html/tests/TestCase.php:61</error>
        </testcase>
        <testcase name="test_static_application_error" file="/var/www/html/tests/Unit/Exceptions/McpExceptionTest.php" line="277" class="JTD\LaravelMCP\Tests\Unit\Exceptions\McpExceptionTest" classname="JTD.LaravelMCP.Tests.Unit.Exceptions.McpExceptionTest" assertions="0" time="0.000000">
          <error type="Exception">JTD\LaravelMCP\Tests\Unit\Exceptions\McpExceptionTest::test_static_application_error
Exception: The /var/www/html/vendor/orchestra/testbench-core/laravel/bootstrap/cache directory must be present and writable.

/var/www/html/vendor/laravel/framework/src/Illuminate/Foundation/PackageManifest.php:179
/var/www/html/vendor/orchestra/testbench-core/src/Foundation/PackageManifest.php:157
/var/www/html/vendor/laravel/framework/src/Illuminate/Foundation/PackageManifest.php:132
/var/www/html/vendor/laravel/framework/src/Illuminate/Foundation/PackageManifest.php:108
/var/www/html/vendor/orchestra/testbench-core/src/Foundation/PackageManifest.php:102
/var/www/html/vendor/laravel/framework/src/Illuminate/Foundation/PackageManifest.php:91
/var/www/html/vendor/laravel/framework/src/Illuminate/Foundation/PackageManifest.php:80
/var/www/html/vendor/laravel/framework/src/Illuminate/Foundation/Bootstrap/RegisterFacades.php:26
/var/www/html/vendor/orchestra/testbench-core/src/Concerns/CreatesApplication.php:556
/var/www/html/vendor/orchestra/testbench-core/src/Concerns/CreatesApplication.php:311
/var/www/html/vendor/orchestra/testbench-core/src/TestCase.php:121
/var/www/html/vendor/orchestra/testbench-core/src/Concerns/ApplicationTestingHooks.php:74
/var/www/html/vendor/orchestra/testbench-core/src/Concerns/Testing.php:43
/var/www/html/vendor/laravel/framework/src/Illuminate/Collections/helpers.php:236
/var/www/html/vendor/orchestra/sidekick/src/functions.php:87
/var/www/html/vendor/laravel/framework/src/Illuminate/Collections/helpers.php:236
/var/www/html/vendor/orchestra/testbench-core/src/Concerns/Testing.php:57
/var/www/html/vendor/orchestra/testbench-core/src/TestCase.php:50
/var/www/html/tests/TestCase.php:61</error>
        </testcase>
        <testcase name="test_static_from_throwable" file="/var/www/html/tests/Unit/Exceptions/McpExceptionTest.php" line="289" class="JTD\LaravelMCP\Tests\Unit\Exceptions\McpExceptionTest" classname="JTD.LaravelMCP.Tests.Unit.Exceptions.McpExceptionTest" assertions="0" time="0.000000">
          <error type="Exception">JTD\LaravelMCP\Tests\Unit\Exceptions\McpExceptionTest::test_static_from_throwable
Exception: The /var/www/html/vendor/orchestra/testbench-core/laravel/bootstrap/cache directory must be present and writable.

/var/www/html/vendor/laravel/framework/src/Illuminate/Foundation/PackageManifest.php:179
/var/www/html/vendor/orchestra/testbench-core/src/Foundation/PackageManifest.php:157
/var/www/html/vendor/laravel/framework/src/Illuminate/Foundation/PackageManifest.php:132
/var/www/html/vendor/laravel/framework/src/Illuminate/Foundation/PackageManifest.php:108
/var/www/html/vendor/orchestra/testbench-core/src/Foundation/PackageManifest.php:102
/var/www/html/vendor/laravel/framework/src/Illuminate/Foundation/PackageManifest.php:91
/var/www/html/vendor/laravel/framework/src/Illuminate/Foundation/PackageManifest.php:80
/var/www/html/vendor/laravel/framework/src/Illuminate/Foundation/Bootstrap/RegisterFacades.php:26
/var/www/html/vendor/orchestra/testbench-core/src/Concerns/CreatesApplication.php:556
/var/www/html/vendor/orchestra/testbench-core/src/Concerns/CreatesApplication.php:311
/var/www/html/vendor/orchestra/testbench-core/src/TestCase.php:121
/var/www/html/vendor/orchestra/testbench-core/src/Concerns/ApplicationTestingHooks.php:74
/var/www/html/vendor/orchestra/testbench-core/src/Concerns/Testing.php:43
/var/www/html/vendor/laravel/framework/src/Illuminate/Collections/helpers.php:236
/var/www/html/vendor/orchestra/sidekick/src/functions.php:87
/var/www/html/vendor/laravel/framework/src/Illuminate/Collections/helpers.php:236
/var/www/html/vendor/orchestra/testbench-core/src/Concerns/Testing.php:57
/var/www/html/vendor/orchestra/testbench-core/src/TestCase.php:50
/var/www/html/tests/TestCase.php:61</error>
        </testcase>
        <testcase name="test_from_throwable_with_custom_code" file="/var/www/html/tests/Unit/Exceptions/McpExceptionTest.php" line="308" class="JTD\LaravelMCP\Tests\Unit\Exceptions\McpExceptionTest" classname="JTD.LaravelMCP.Tests.Unit.Exceptions.McpExceptionTest" assertions="0" time="0.000000">
          <error type="Exception">JTD\LaravelMCP\Tests\Unit\Exceptions\McpExceptionTest::test_from_throwable_with_custom_code
Exception: The /var/www/html/vendor/orchestra/testbench-core/laravel/bootstrap/cache directory must be present and writable.

/var/www/html/vendor/laravel/framework/src/Illuminate/Foundation/PackageManifest.php:179
/var/www/html/vendor/orchestra/testbench-core/src/Foundation/PackageManifest.php:157
/var/www/html/vendor/laravel/framework/src/Illuminate/Foundation/PackageManifest.php:132
/var/www/html/vendor/laravel/framework/src/Illuminate/Foundation/PackageManifest.php:108
/var/www/html/vendor/orchestra/testbench-core/src/Foundation/PackageManifest.php:102
/var/www/html/vendor/laravel/framework/src/Illuminate/Foundation/PackageManifest.php:91
/var/www/html/vendor/laravel/framework/src/Illuminate/Foundation/PackageManifest.php:80
/var/www/html/vendor/laravel/framework/src/Illuminate/Foundation/Bootstrap/RegisterFacades.php:26
/var/www/html/vendor/orchestra/testbench-core/src/Concerns/CreatesApplication.php:556
/var/www/html/vendor/orchestra/testbench-core/src/Concerns/CreatesApplication.php:311
/var/www/html/vendor/orchestra/testbench-core/src/TestCase.php:121
/var/www/html/vendor/orchestra/testbench-core/src/Concerns/ApplicationTestingHooks.php:74
/var/www/html/vendor/orchestra/testbench-core/src/Concerns/Testing.php:43
/var/www/html/vendor/laravel/framework/src/Illuminate/Collections/helpers.php:236
/var/www/html/vendor/orchestra/sidekick/src/functions.php:87
/var/www/html/vendor/laravel/framework/src/Illuminate/Collections/helpers.php:236
/var/www/html/vendor/orchestra/testbench-core/src/Concerns/Testing.php:57
/var/www/html/vendor/orchestra/testbench-core/src/TestCase.php:50
/var/www/html/tests/TestCase.php:61</error>
        </testcase>
        <testcase name="test_fluent_interface" file="/var/www/html/tests/Unit/Exceptions/McpExceptionTest.php" line="319" class="JTD\LaravelMCP\Tests\Unit\Exceptions\McpExceptionTest" classname="JTD.LaravelMCP.Tests.Unit.Exceptions.McpExceptionTest" assertions="0" time="0.000000">
          <error type="Exception">JTD\LaravelMCP\Tests\Unit\Exceptions\McpExceptionTest::test_fluent_interface
Exception: The /var/www/html/vendor/orchestra/testbench-core/laravel/bootstrap/cache directory must be present and writable.

/var/www/html/vendor/laravel/framework/src/Illuminate/Foundation/PackageManifest.php:179
/var/www/html/vendor/orchestra/testbench-core/src/Foundation/PackageManifest.php:157
/var/www/html/vendor/laravel/framework/src/Illuminate/Foundation/PackageManifest.php:132
/var/www/html/vendor/laravel/framework/src/Illuminate/Foundation/PackageManifest.php:108
/var/www/html/vendor/orchestra/testbench-core/src/Foundation/PackageManifest.php:102
/var/www/html/vendor/laravel/framework/src/Illuminate/Foundation/PackageManifest.php:91
/var/www/html/vendor/laravel/framework/src/Illuminate/Foundation/PackageManifest.php:80
/var/www/html/vendor/laravel/framework/src/Illuminate/Foundation/Bootstrap/RegisterFacades.php:26
/var/www/html/vendor/orchestra/testbench-core/src/Concerns/CreatesApplication.php:556
/var/www/html/vendor/orchestra/testbench-core/src/Concerns/CreatesApplication.php:311
/var/www/html/vendor/orchestra/testbench-core/src/TestCase.php:121
/var/www/html/vendor/orchestra/testbench-core/src/Concerns/ApplicationTestingHooks.php:74
/var/www/html/vendor/orchestra/testbench-core/src/Concerns/Testing.php:43
/var/www/html/vendor/laravel/framework/src/Illuminate/Collections/helpers.php:236
/var/www/html/vendor/orchestra/sidekick/src/functions.php:87
/var/www/html/vendor/laravel/framework/src/Illuminate/Collections/helpers.php:236
/var/www/html/vendor/orchestra/testbench-core/src/Concerns/Testing.php:57
/var/www/html/vendor/orchestra/testbench-core/src/TestCase.php:50
/var/www/html/tests/TestCase.php:61</error>
        </testcase>
      </testsuite>
      <testsuite name="JTD\LaravelMCP\Tests\Unit\Http\Controllers\McpControllerTest" file="/var/www/html/tests/Unit/Http/Controllers/McpControllerTest.php" tests="15" assertions="0" errors="15" failures="0" skipped="0" time="0.000000">
        <testcase name="it_handles_mcp_request_successfully" file="/var/www/html/tests/Unit/Http/Controllers/McpControllerTest.php" line="55" class="JTD\LaravelMCP\Tests\Unit\Http\Controllers\McpControllerTest" classname="JTD.LaravelMCP.Tests.Unit.Http.Controllers.McpControllerTest" assertions="0" time="0.000000">
          <error type="Exception">JTD\LaravelMCP\Tests\Unit\Http\Controllers\McpControllerTest::it_handles_mcp_request_successfully
Exception: The /var/www/html/vendor/orchestra/testbench-core/laravel/bootstrap/cache directory must be present and writable.

/var/www/html/vendor/laravel/framework/src/Illuminate/Foundation/PackageManifest.php:179
/var/www/html/vendor/orchestra/testbench-core/src/Foundation/PackageManifest.php:157
/var/www/html/vendor/laravel/framework/src/Illuminate/Foundation/PackageManifest.php:132
/var/www/html/vendor/laravel/framework/src/Illuminate/Foundation/PackageManifest.php:108
/var/www/html/vendor/orchestra/testbench-core/src/Foundation/PackageManifest.php:102
/var/www/html/vendor/laravel/framework/src/Illuminate/Foundation/PackageManifest.php:91
/var/www/html/vendor/laravel/framework/src/Illuminate/Foundation/PackageManifest.php:80
/var/www/html/vendor/laravel/framework/src/Illuminate/Foundation/Bootstrap/RegisterFacades.php:26
/var/www/html/vendor/orchestra/testbench-core/src/Concerns/CreatesApplication.php:556
/var/www/html/vendor/orchestra/testbench-core/src/Concerns/CreatesApplication.php:311
/var/www/html/vendor/orchestra/testbench-core/src/TestCase.php:121
/var/www/html/vendor/orchestra/testbench-core/src/Concerns/ApplicationTestingHooks.php:74
/var/www/html/vendor/orchestra/testbench-core/src/Concerns/Testing.php:43
/var/www/html/vendor/laravel/framework/src/Illuminate/Collections/helpers.php:236
/var/www/html/vendor/orchestra/sidekick/src/functions.php:87
/var/www/html/vendor/laravel/framework/src/Illuminate/Collections/helpers.php:236
/var/www/html/vendor/orchestra/testbench-core/src/Concerns/Testing.php:57
/var/www/html/vendor/orchestra/testbench-core/src/TestCase.php:50
/var/www/html/tests/TestCase.php:61
/var/www/html/tests/Unit/Http/Controllers/McpControllerTest.php:33</error>
        </testcase>
        <testcase name="it_handles_transport_exception" file="/var/www/html/tests/Unit/Http/Controllers/McpControllerTest.php" line="92" class="JTD\LaravelMCP\Tests\Unit\Http\Controllers\McpControllerTest" classname="JTD.LaravelMCP.Tests.Unit.Http.Controllers.McpControllerTest" assertions="0" time="0.000000">
          <error type="Exception">JTD\LaravelMCP\Tests\Unit\Http\Controllers\McpControllerTest::it_handles_transport_exception
Exception: The /var/www/html/vendor/orchestra/testbench-core/laravel/bootstrap/cache directory must be present and writable.

/var/www/html/vendor/laravel/framework/src/Illuminate/Foundation/PackageManifest.php:179
/var/www/html/vendor/orchestra/testbench-core/src/Foundation/PackageManifest.php:157
/var/www/html/vendor/laravel/framework/src/Illuminate/Foundation/PackageManifest.php:132
/var/www/html/vendor/laravel/framework/src/Illuminate/Foundation/PackageManifest.php:108
/var/www/html/vendor/orchestra/testbench-core/src/Foundation/PackageManifest.php:102
/var/www/html/vendor/laravel/framework/src/Illuminate/Foundation/PackageManifest.php:91
/var/www/html/vendor/laravel/framework/src/Illuminate/Foundation/PackageManifest.php:80
/var/www/html/vendor/laravel/framework/src/Illuminate/Foundation/Bootstrap/RegisterFacades.php:26
/var/www/html/vendor/orchestra/testbench-core/src/Concerns/CreatesApplication.php:556
/var/www/html/vendor/orchestra/testbench-core/src/Concerns/CreatesApplication.php:311
/var/www/html/vendor/orchestra/testbench-core/src/TestCase.php:121
/var/www/html/vendor/orchestra/testbench-core/src/Concerns/ApplicationTestingHooks.php:74
/var/www/html/vendor/orchestra/testbench-core/src/Concerns/Testing.php:43
/var/www/html/vendor/laravel/framework/src/Illuminate/Collections/helpers.php:236
/var/www/html/vendor/orchestra/sidekick/src/functions.php:87
/var/www/html/vendor/laravel/framework/src/Illuminate/Collections/helpers.php:236
/var/www/html/vendor/orchestra/testbench-core/src/Concerns/Testing.php:57
/var/www/html/vendor/orchestra/testbench-core/src/TestCase.php:50
/var/www/html/tests/TestCase.php:61
/var/www/html/tests/Unit/Http/Controllers/McpControllerTest.php:33</error>
        </testcase>
        <testcase name="it_handles_unexpected_exception" file="/var/www/html/tests/Unit/Http/Controllers/McpControllerTest.php" line="118" class="JTD\LaravelMCP\Tests\Unit\Http\Controllers\McpControllerTest" classname="JTD.LaravelMCP.Tests.Unit.Http.Controllers.McpControllerTest" assertions="0" time="0.000000">
          <error type="Exception">JTD\LaravelMCP\Tests\Unit\Http\Controllers\McpControllerTest::it_handles_unexpected_exception
Exception: The /var/www/html/vendor/orchestra/testbench-core/laravel/bootstrap/cache directory must be present and writable.

/var/www/html/vendor/laravel/framework/src/Illuminate/Foundation/PackageManifest.php:179
/var/www/html/vendor/orchestra/testbench-core/src/Foundation/PackageManifest.php:157
/var/www/html/vendor/laravel/framework/src/Illuminate/Foundation/PackageManifest.php:132
/var/www/html/vendor/laravel/framework/src/Illuminate/Foundation/PackageManifest.php:108
/var/www/html/vendor/orchestra/testbench-core/src/Foundation/PackageManifest.php:102
/var/www/html/vendor/laravel/framework/src/Illuminate/Foundation/PackageManifest.php:91
/var/www/html/vendor/laravel/framework/src/Illuminate/Foundation/PackageManifest.php:80
/var/www/html/vendor/laravel/framework/src/Illuminate/Foundation/Bootstrap/RegisterFacades.php:26
/var/www/html/vendor/orchestra/testbench-core/src/Concerns/CreatesApplication.php:556
/var/www/html/vendor/orchestra/testbench-core/src/Concerns/CreatesApplication.php:311
/var/www/html/vendor/orchestra/testbench-core/src/TestCase.php:121
/var/www/html/vendor/orchestra/testbench-core/src/Concerns/ApplicationTestingHooks.php:74
/var/www/html/vendor/orchestra/testbench-core/src/Concerns/Testing.php:43
/var/www/html/vendor/laravel/framework/src/Illuminate/Collections/helpers.php:236
/var/www/html/vendor/orchestra/sidekick/src/functions.php:87
/var/www/html/vendor/laravel/framework/src/Illuminate/Collections/helpers.php:236
/var/www/html/vendor/orchestra/testbench-core/src/Concerns/Testing.php:57
/var/www/html/vendor/orchestra/testbench-core/src/TestCase.php:50
/var/www/html/tests/TestCase.php:61
/var/www/html/tests/Unit/Http/Controllers/McpControllerTest.php:33</error>
        </testcase>
        <testcase name="it_handles_options_request" file="/var/www/html/tests/Unit/Http/Controllers/McpControllerTest.php" line="142" class="JTD\LaravelMCP\Tests\Unit\Http\Controllers\McpControllerTest" classname="JTD.LaravelMCP.Tests.Unit.Http.Controllers.McpControllerTest" assertions="0" time="0.000000">
          <error type="Exception">JTD\LaravelMCP\Tests\Unit\Http\Controllers\McpControllerTest::it_handles_options_request
Exception: The /var/www/html/vendor/orchestra/testbench-core/laravel/bootstrap/cache directory must be present and writable.

/var/www/html/vendor/laravel/framework/src/Illuminate/Foundation/PackageManifest.php:179
/var/www/html/vendor/orchestra/testbench-core/src/Foundation/PackageManifest.php:157
/var/www/html/vendor/laravel/framework/src/Illuminate/Foundation/PackageManifest.php:132
/var/www/html/vendor/laravel/framework/src/Illuminate/Foundation/PackageManifest.php:108
/var/www/html/vendor/orchestra/testbench-core/src/Foundation/PackageManifest.php:102
/var/www/html/vendor/laravel/framework/src/Illuminate/Foundation/PackageManifest.php:91
/var/www/html/vendor/laravel/framework/src/Illuminate/Foundation/PackageManifest.php:80
/var/www/html/vendor/laravel/framework/src/Illuminate/Foundation/Bootstrap/RegisterFacades.php:26
/var/www/html/vendor/orchestra/testbench-core/src/Concerns/CreatesApplication.php:556
/var/www/html/vendor/orchestra/testbench-core/src/Concerns/CreatesApplication.php:311
/var/www/html/vendor/orchestra/testbench-core/src/TestCase.php:121
/var/www/html/vendor/orchestra/testbench-core/src/Concerns/ApplicationTestingHooks.php:74
/var/www/html/vendor/orchestra/testbench-core/src/Concerns/Testing.php:43
/var/www/html/vendor/laravel/framework/src/Illuminate/Collections/helpers.php:236
/var/www/html/vendor/orchestra/sidekick/src/functions.php:87
/var/www/html/vendor/laravel/framework/src/Illuminate/Collections/helpers.php:236
/var/www/html/vendor/orchestra/testbench-core/src/Concerns/Testing.php:57
/var/www/html/vendor/orchestra/testbench-core/src/TestCase.php:50
/var/www/html/tests/TestCase.php:61
/var/www/html/tests/Unit/Http/Controllers/McpControllerTest.php:33</error>
        </testcase>
        <testcase name="it_handles_options_request_with_error" file="/var/www/html/tests/Unit/Http/Controllers/McpControllerTest.php" line="171" class="JTD\LaravelMCP\Tests\Unit\Http\Controllers\McpControllerTest" classname="JTD.LaravelMCP.Tests.Unit.Http.Controllers.McpControllerTest" assertions="0" time="0.000000">
          <error type="Exception">JTD\LaravelMCP\Tests\Unit\Http\Controllers\McpControllerTest::it_handles_options_request_with_error
Exception: The /var/www/html/vendor/orchestra/testbench-core/laravel/bootstrap/cache directory must be present and writable.

/var/www/html/vendor/laravel/framework/src/Illuminate/Foundation/PackageManifest.php:179
/var/www/html/vendor/orchestra/testbench-core/src/Foundation/PackageManifest.php:157
/var/www/html/vendor/laravel/framework/src/Illuminate/Foundation/PackageManifest.php:132
/var/www/html/vendor/laravel/framework/src/Illuminate/Foundation/PackageManifest.php:108
/var/www/html/vendor/orchestra/testbench-core/src/Foundation/PackageManifest.php:102
/var/www/html/vendor/laravel/framework/src/Illuminate/Foundation/PackageManifest.php:91
/var/www/html/vendor/laravel/framework/src/Illuminate/Foundation/PackageManifest.php:80
/var/www/html/vendor/laravel/framework/src/Illuminate/Foundation/Bootstrap/RegisterFacades.php:26
/var/www/html/vendor/orchestra/testbench-core/src/Concerns/CreatesApplication.php:556
/var/www/html/vendor/orchestra/testbench-core/src/Concerns/CreatesApplication.php:311
/var/www/html/vendor/orchestra/testbench-core/src/TestCase.php:121
/var/www/html/vendor/orchestra/testbench-core/src/Concerns/ApplicationTestingHooks.php:74
/var/www/html/vendor/orchestra/testbench-core/src/Concerns/Testing.php:43
/var/www/html/vendor/laravel/framework/src/Illuminate/Collections/helpers.php:236
/var/www/html/vendor/orchestra/sidekick/src/functions.php:87
/var/www/html/vendor/laravel/framework/src/Illuminate/Collections/helpers.php:236
/var/www/html/vendor/orchestra/testbench-core/src/Concerns/Testing.php:57
/var/www/html/vendor/orchestra/testbench-core/src/TestCase.php:50
/var/www/html/tests/TestCase.php:61
/var/www/html/tests/Unit/Http/Controllers/McpControllerTest.php:33</error>
        </testcase>
        <testcase name="it_provides_health_check" file="/var/www/html/tests/Unit/Http/Controllers/McpControllerTest.php" line="190" class="JTD\LaravelMCP\Tests\Unit\Http\Controllers\McpControllerTest" classname="JTD.LaravelMCP.Tests.Unit.Http.Controllers.McpControllerTest" assertions="0" time="0.000000">
          <error type="Exception">JTD\LaravelMCP\Tests\Unit\Http\Controllers\McpControllerTest::it_provides_health_check
Exception: The /var/www/html/vendor/orchestra/testbench-core/laravel/bootstrap/cache directory must be present and writable.

/var/www/html/vendor/laravel/framework/src/Illuminate/Foundation/PackageManifest.php:179
/var/www/html/vendor/orchestra/testbench-core/src/Foundation/PackageManifest.php:157
/var/www/html/vendor/laravel/framework/src/Illuminate/Foundation/PackageManifest.php:132
/var/www/html/vendor/laravel/framework/src/Illuminate/Foundation/PackageManifest.php:108
/var/www/html/vendor/orchestra/testbench-core/src/Foundation/PackageManifest.php:102
/var/www/html/vendor/laravel/framework/src/Illuminate/Foundation/PackageManifest.php:91
/var/www/html/vendor/laravel/framework/src/Illuminate/Foundation/PackageManifest.php:80
/var/www/html/vendor/laravel/framework/src/Illuminate/Foundation/Bootstrap/RegisterFacades.php:26
/var/www/html/vendor/orchestra/testbench-core/src/Concerns/CreatesApplication.php:556
/var/www/html/vendor/orchestra/testbench-core/src/Concerns/CreatesApplication.php:311
/var/www/html/vendor/orchestra/testbench-core/src/TestCase.php:121
/var/www/html/vendor/orchestra/testbench-core/src/Concerns/ApplicationTestingHooks.php:74
/var/www/html/vendor/orchestra/testbench-core/src/Concerns/Testing.php:43
/var/www/html/vendor/laravel/framework/src/Illuminate/Collections/helpers.php:236
/var/www/html/vendor/orchestra/sidekick/src/functions.php:87
/var/www/html/vendor/laravel/framework/src/Illuminate/Collections/helpers.php:236
/var/www/html/vendor/orchestra/testbench-core/src/Concerns/Testing.php:57
/var/www/html/vendor/orchestra/testbench-core/src/TestCase.php:50
/var/www/html/tests/TestCase.php:61
/var/www/html/tests/Unit/Http/Controllers/McpControllerTest.php:33</error>
        </testcase>
        <testcase name="it_returns_unhealthy_status" file="/var/www/html/tests/Unit/Http/Controllers/McpControllerTest.php" line="243" class="JTD\LaravelMCP\Tests\Unit\Http\Controllers\McpControllerTest" classname="JTD.LaravelMCP.Tests.Unit.Http.Controllers.McpControllerTest" assertions="0" time="0.000000">
          <error type="Exception">JTD\LaravelMCP\Tests\Unit\Http\Controllers\McpControllerTest::it_returns_unhealthy_status
Exception: The /var/www/html/vendor/orchestra/testbench-core/laravel/bootstrap/cache directory must be present and writable.

/var/www/html/vendor/laravel/framework/src/Illuminate/Foundation/PackageManifest.php:179
/var/www/html/vendor/orchestra/testbench-core/src/Foundation/PackageManifest.php:157
/var/www/html/vendor/laravel/framework/src/Illuminate/Foundation/PackageManifest.php:132
/var/www/html/vendor/laravel/framework/src/Illuminate/Foundation/PackageManifest.php:108
/var/www/html/vendor/orchestra/testbench-core/src/Foundation/PackageManifest.php:102
/var/www/html/vendor/laravel/framework/src/Illuminate/Foundation/PackageManifest.php:91
/var/www/html/vendor/laravel/framework/src/Illuminate/Foundation/PackageManifest.php:80
/var/www/html/vendor/laravel/framework/src/Illuminate/Foundation/Bootstrap/RegisterFacades.php:26
/var/www/html/vendor/orchestra/testbench-core/src/Concerns/CreatesApplication.php:556
/var/www/html/vendor/orchestra/testbench-core/src/Concerns/CreatesApplication.php:311
/var/www/html/vendor/orchestra/testbench-core/src/TestCase.php:121
/var/www/html/vendor/orchestra/testbench-core/src/Concerns/ApplicationTestingHooks.php:74
/var/www/html/vendor/orchestra/testbench-core/src/Concerns/Testing.php:43
/var/www/html/vendor/laravel/framework/src/Illuminate/Collections/helpers.php:236
/var/www/html/vendor/orchestra/sidekick/src/functions.php:87
/var/www/html/vendor/laravel/framework/src/Illuminate/Collections/helpers.php:236
/var/www/html/vendor/orchestra/testbench-core/src/Concerns/Testing.php:57
/var/www/html/vendor/orchestra/testbench-core/src/TestCase.php:50
/var/www/html/tests/TestCase.php:61
/var/www/html/tests/Unit/Http/Controllers/McpControllerTest.php:33</error>
        </testcase>
        <testcase name="it_handles_health_check_exception" file="/var/www/html/tests/Unit/Http/Controllers/McpControllerTest.php" line="289" class="JTD\LaravelMCP\Tests\Unit\Http\Controllers\McpControllerTest" classname="JTD.LaravelMCP.Tests.Unit.Http.Controllers.McpControllerTest" assertions="0" time="0.000000">
          <error type="Exception">JTD\LaravelMCP\Tests\Unit\Http\Controllers\McpControllerTest::it_handles_health_check_exception
Exception: The /var/www/html/vendor/orchestra/testbench-core/laravel/bootstrap/cache directory must be present and writable.

/var/www/html/vendor/laravel/framework/src/Illuminate/Foundation/PackageManifest.php:179
/var/www/html/vendor/orchestra/testbench-core/src/Foundation/PackageManifest.php:157
/var/www/html/vendor/laravel/framework/src/Illuminate/Foundation/PackageManifest.php:132
/var/www/html/vendor/laravel/framework/src/Illuminate/Foundation/PackageManifest.php:108
/var/www/html/vendor/orchestra/testbench-core/src/Foundation/PackageManifest.php:102
/var/www/html/vendor/laravel/framework/src/Illuminate/Foundation/PackageManifest.php:91
/var/www/html/vendor/laravel/framework/src/Illuminate/Foundation/PackageManifest.php:80
/var/www/html/vendor/laravel/framework/src/Illuminate/Foundation/Bootstrap/RegisterFacades.php:26
/var/www/html/vendor/orchestra/testbench-core/src/Concerns/CreatesApplication.php:556
/var/www/html/vendor/orchestra/testbench-core/src/Concerns/CreatesApplication.php:311
/var/www/html/vendor/orchestra/testbench-core/src/TestCase.php:121
/var/www/html/vendor/orchestra/testbench-core/src/Concerns/ApplicationTestingHooks.php:74
/var/www/html/vendor/orchestra/testbench-core/src/Concerns/Testing.php:43
/var/www/html/vendor/laravel/framework/src/Illuminate/Collections/helpers.php:236
/var/www/html/vendor/orchestra/sidekick/src/functions.php:87
/var/www/html/vendor/laravel/framework/src/Illuminate/Collections/helpers.php:236
/var/www/html/vendor/orchestra/testbench-core/src/Concerns/Testing.php:57
/var/www/html/vendor/orchestra/testbench-core/src/TestCase.php:50
/var/www/html/tests/TestCase.php:61
/var/www/html/tests/Unit/Http/Controllers/McpControllerTest.php:33</error>
        </testcase>
        <testcase name="it_provides_server_info" file="/var/www/html/tests/Unit/Http/Controllers/McpControllerTest.php" line="311" class="JTD\LaravelMCP\Tests\Unit\Http\Controllers\McpControllerTest" classname="JTD.LaravelMCP.Tests.Unit.Http.Controllers.McpControllerTest" assertions="0" time="0.000000">
          <error type="Exception">JTD\LaravelMCP\Tests\Unit\Http\Controllers\McpControllerTest::it_provides_server_info
Exception: The /var/www/html/vendor/orchestra/testbench-core/laravel/bootstrap/cache directory must be present and writable.

/var/www/html/vendor/laravel/framework/src/Illuminate/Foundation/PackageManifest.php:179
/var/www/html/vendor/orchestra/testbench-core/src/Foundation/PackageManifest.php:157
/var/www/html/vendor/laravel/framework/src/Illuminate/Foundation/PackageManifest.php:132
/var/www/html/vendor/laravel/framework/src/Illuminate/Foundation/PackageManifest.php:108
/var/www/html/vendor/orchestra/testbench-core/src/Foundation/PackageManifest.php:102
/var/www/html/vendor/laravel/framework/src/Illuminate/Foundation/PackageManifest.php:91
/var/www/html/vendor/laravel/framework/src/Illuminate/Foundation/PackageManifest.php:80
/var/www/html/vendor/laravel/framework/src/Illuminate/Foundation/Bootstrap/RegisterFacades.php:26
/var/www/html/vendor/orchestra/testbench-core/src/Concerns/CreatesApplication.php:556
/var/www/html/vendor/orchestra/testbench-core/src/Concerns/CreatesApplication.php:311
/var/www/html/vendor/orchestra/testbench-core/src/TestCase.php:121
/var/www/html/vendor/orchestra/testbench-core/src/Concerns/ApplicationTestingHooks.php:74
/var/www/html/vendor/orchestra/testbench-core/src/Concerns/Testing.php:43
/var/www/html/vendor/laravel/framework/src/Illuminate/Collections/helpers.php:236
/var/www/html/vendor/orchestra/sidekick/src/functions.php:87
/var/www/html/vendor/laravel/framework/src/Illuminate/Collections/helpers.php:236
/var/www/html/vendor/orchestra/testbench-core/src/Concerns/Testing.php:57
/var/www/html/vendor/orchestra/testbench-core/src/TestCase.php:50
/var/www/html/tests/TestCase.php:61
/var/www/html/tests/Unit/Http/Controllers/McpControllerTest.php:33</error>
        </testcase>
        <testcase name="it_handles_info_with_transport_unavailable" file="/var/www/html/tests/Unit/Http/Controllers/McpControllerTest.php" line="365" class="JTD\LaravelMCP\Tests\Unit\Http\Controllers\McpControllerTest" classname="JTD.LaravelMCP.Tests.Unit.Http.Controllers.McpControllerTest" assertions="0" time="0.000000">
          <error type="Exception">JTD\LaravelMCP\Tests\Unit\Http\Controllers\McpControllerTest::it_handles_info_with_transport_unavailable
Exception: The /var/www/html/vendor/orchestra/testbench-core/laravel/bootstrap/cache directory must be present and writable.

/var/www/html/vendor/laravel/framework/src/Illuminate/Foundation/PackageManifest.php:179
/var/www/html/vendor/orchestra/testbench-core/src/Foundation/PackageManifest.php:157
/var/www/html/vendor/laravel/framework/src/Illuminate/Foundation/PackageManifest.php:132
/var/www/html/vendor/laravel/framework/src/Illuminate/Foundation/PackageManifest.php:108
/var/www/html/vendor/orchestra/testbench-core/src/Foundation/PackageManifest.php:102
/var/www/html/vendor/laravel/framework/src/Illuminate/Foundation/PackageManifest.php:91
/var/www/html/vendor/laravel/framework/src/Illuminate/Foundation/PackageManifest.php:80
/var/www/html/vendor/laravel/framework/src/Illuminate/Foundation/Bootstrap/RegisterFacades.php:26
/var/www/html/vendor/orchestra/testbench-core/src/Concerns/CreatesApplication.php:556
/var/www/html/vendor/orchestra/testbench-core/src/Concerns/CreatesApplication.php:311
/var/www/html/vendor/orchestra/testbench-core/src/TestCase.php:121
/var/www/html/vendor/orchestra/testbench-core/src/Concerns/ApplicationTestingHooks.php:74
/var/www/html/vendor/orchestra/testbench-core/src/Concerns/Testing.php:43
/var/www/html/vendor/laravel/framework/src/Illuminate/Collections/helpers.php:236
/var/www/html/vendor/orchestra/sidekick/src/functions.php:87
/var/www/html/vendor/laravel/framework/src/Illuminate/Collections/helpers.php:236
/var/www/html/vendor/orchestra/testbench-core/src/Concerns/Testing.php:57
/var/www/html/vendor/orchestra/testbench-core/src/TestCase.php:50
/var/www/html/tests/TestCase.php:61
/var/www/html/tests/Unit/Http/Controllers/McpControllerTest.php:33</error>
        </testcase>
        <testcase name="it_handles_info_exception" file="/var/www/html/tests/Unit/Http/Controllers/McpControllerTest.php" line="383" class="JTD\LaravelMCP\Tests\Unit\Http\Controllers\McpControllerTest" classname="JTD.LaravelMCP.Tests.Unit.Http.Controllers.McpControllerTest" assertions="0" time="0.000000">
          <error type="Exception">JTD\LaravelMCP\Tests\Unit\Http\Controllers\McpControllerTest::it_handles_info_exception
Exception: The /var/www/html/vendor/orchestra/testbench-core/laravel/bootstrap/cache directory must be present and writable.

/var/www/html/vendor/laravel/framework/src/Illuminate/Foundation/PackageManifest.php:179
/var/www/html/vendor/orchestra/testbench-core/src/Foundation/PackageManifest.php:157
/var/www/html/vendor/laravel/framework/src/Illuminate/Foundation/PackageManifest.php:132
/var/www/html/vendor/laravel/framework/src/Illuminate/Foundation/PackageManifest.php:108
/var/www/html/vendor/orchestra/testbench-core/src/Foundation/PackageManifest.php:102
/var/www/html/vendor/laravel/framework/src/Illuminate/Foundation/PackageManifest.php:91
/var/www/html/vendor/laravel/framework/src/Illuminate/Foundation/PackageManifest.php:80
/var/www/html/vendor/laravel/framework/src/Illuminate/Foundation/Bootstrap/RegisterFacades.php:26
/var/www/html/vendor/orchestra/testbench-core/src/Concerns/CreatesApplication.php:556
/var/www/html/vendor/orchestra/testbench-core/src/Concerns/CreatesApplication.php:311
/var/www/html/vendor/orchestra/testbench-core/src/TestCase.php:121
/var/www/html/vendor/orchestra/testbench-core/src/Concerns/ApplicationTestingHooks.php:74
/var/www/html/vendor/orchestra/testbench-core/src/Concerns/Testing.php:43
/var/www/html/vendor/laravel/framework/src/Illuminate/Collections/helpers.php:236
/var/www/html/vendor/orchestra/sidekick/src/functions.php:87
/var/www/html/vendor/laravel/framework/src/Illuminate/Collections/helpers.php:236
/var/www/html/vendor/orchestra/testbench-core/src/Concerns/Testing.php:57
/var/www/html/vendor/orchestra/testbench-core/src/TestCase.php:50
/var/www/html/tests/TestCase.php:61
/var/www/html/tests/Unit/Http/Controllers/McpControllerTest.php:33</error>
        </testcase>
        <testcase name="it_provides_server_sent_events" file="/var/www/html/tests/Unit/Http/Controllers/McpControllerTest.php" line="416" class="JTD\LaravelMCP\Tests\Unit\Http\Controllers\McpControllerTest" classname="JTD.LaravelMCP.Tests.Unit.Http.Controllers.McpControllerTest" assertions="0" time="0.000000">
          <error type="Exception">JTD\LaravelMCP\Tests\Unit\Http\Controllers\McpControllerTest::it_provides_server_sent_events
Exception: The /var/www/html/vendor/orchestra/testbench-core/laravel/bootstrap/cache directory must be present and writable.

/var/www/html/vendor/laravel/framework/src/Illuminate/Foundation/PackageManifest.php:179
/var/www/html/vendor/orchestra/testbench-core/src/Foundation/PackageManifest.php:157
/var/www/html/vendor/laravel/framework/src/Illuminate/Foundation/PackageManifest.php:132
/var/www/html/vendor/laravel/framework/src/Illuminate/Foundation/PackageManifest.php:108
/var/www/html/vendor/orchestra/testbench-core/src/Foundation/PackageManifest.php:102
/var/www/html/vendor/laravel/framework/src/Illuminate/Foundation/PackageManifest.php:91
/var/www/html/vendor/laravel/framework/src/Illuminate/Foundation/PackageManifest.php:80
/var/www/html/vendor/laravel/framework/src/Illuminate/Foundation/Bootstrap/RegisterFacades.php:26
/var/www/html/vendor/orchestra/testbench-core/src/Concerns/CreatesApplication.php:556
/var/www/html/vendor/orchestra/testbench-core/src/Concerns/CreatesApplication.php:311
/var/www/html/vendor/orchestra/testbench-core/src/TestCase.php:121
/var/www/html/vendor/orchestra/testbench-core/src/Concerns/ApplicationTestingHooks.php:74
/var/www/html/vendor/orchestra/testbench-core/src/Concerns/Testing.php:43
/var/www/html/vendor/laravel/framework/src/Illuminate/Collections/helpers.php:236
/var/www/html/vendor/orchestra/sidekick/src/functions.php:87
/var/www/html/vendor/laravel/framework/src/Illuminate/Collections/helpers.php:236
/var/www/html/vendor/orchestra/testbench-core/src/Concerns/Testing.php:57
/var/www/html/vendor/orchestra/testbench-core/src/TestCase.php:50
/var/www/html/tests/TestCase.php:61
/var/www/html/tests/Unit/Http/Controllers/McpControllerTest.php:33</error>
        </testcase>
        <testcase name="it_reuses_existing_http_transport" file="/var/www/html/tests/Unit/Http/Controllers/McpControllerTest.php" line="429" class="JTD\LaravelMCP\Tests\Unit\Http\Controllers\McpControllerTest" classname="JTD.LaravelMCP.Tests.Unit.Http.Controllers.McpControllerTest" assertions="0" time="0.000000">
          <error type="Exception">JTD\LaravelMCP\Tests\Unit\Http\Controllers\McpControllerTest::it_reuses_existing_http_transport
Exception: The /var/www/html/vendor/orchestra/testbench-core/laravel/bootstrap/cache directory must be present and writable.

/var/www/html/vendor/laravel/framework/src/Illuminate/Foundation/PackageManifest.php:179
/var/www/html/vendor/orchestra/testbench-core/src/Foundation/PackageManifest.php:157
/var/www/html/vendor/laravel/framework/src/Illuminate/Foundation/PackageManifest.php:132
/var/www/html/vendor/laravel/framework/src/Illuminate/Foundation/PackageManifest.php:108
/var/www/html/vendor/orchestra/testbench-core/src/Foundation/PackageManifest.php:102
/var/www/html/vendor/laravel/framework/src/Illuminate/Foundation/PackageManifest.php:91
/var/www/html/vendor/laravel/framework/src/Illuminate/Foundation/PackageManifest.php:80
/var/www/html/vendor/laravel/framework/src/Illuminate/Foundation/Bootstrap/RegisterFacades.php:26
/var/www/html/vendor/orchestra/testbench-core/src/Concerns/CreatesApplication.php:556
/var/www/html/vendor/orchestra/testbench-core/src/Concerns/CreatesApplication.php:311
/var/www/html/vendor/orchestra/testbench-core/src/TestCase.php:121
/var/www/html/vendor/orchestra/testbench-core/src/Concerns/ApplicationTestingHooks.php:74
/var/www/html/vendor/orchestra/testbench-core/src/Concerns/Testing.php:43
/var/www/html/vendor/laravel/framework/src/Illuminate/Collections/helpers.php:236
/var/www/html/vendor/orchestra/sidekick/src/functions.php:87
/var/www/html/vendor/laravel/framework/src/Illuminate/Collections/helpers.php:236
/var/www/html/vendor/orchestra/testbench-core/src/Concerns/Testing.php:57
/var/www/html/vendor/orchestra/testbench-core/src/TestCase.php:50
/var/www/html/tests/TestCase.php:61
/var/www/html/tests/Unit/Http/Controllers/McpControllerTest.php:33</error>
        </testcase>
        <testcase name="it_throws_exception_for_invalid_transport_type" file="/var/www/html/tests/Unit/Http/Controllers/McpControllerTest.php" line="463" class="JTD\LaravelMCP\Tests\Unit\Http\Controllers\McpControllerTest" classname="JTD.LaravelMCP.Tests.Unit.Http.Controllers.McpControllerTest" assertions="0" time="0.000000">
          <error type="Exception">JTD\LaravelMCP\Tests\Unit\Http\Controllers\McpControllerTest::it_throws_exception_for_invalid_transport_type
Exception: The /var/www/html/vendor/orchestra/testbench-core/laravel/bootstrap/cache directory must be present and writable.

/var/www/html/vendor/laravel/framework/src/Illuminate/Foundation/PackageManifest.php:179
/var/www/html/vendor/orchestra/testbench-core/src/Foundation/PackageManifest.php:157
/var/www/html/vendor/laravel/framework/src/Illuminate/Foundation/PackageManifest.php:132
/var/www/html/vendor/laravel/framework/src/Illuminate/Foundation/PackageManifest.php:108
/var/www/html/vendor/orchestra/testbench-core/src/Foundation/PackageManifest.php:102
/var/www/html/vendor/laravel/framework/src/Illuminate/Foundation/PackageManifest.php:91
/var/www/html/vendor/laravel/framework/src/Illuminate/Foundation/PackageManifest.php:80
/var/www/html/vendor/laravel/framework/src/Illuminate/Foundation/Bootstrap/RegisterFacades.php:26
/var/www/html/vendor/orchestra/testbench-core/src/Concerns/CreatesApplication.php:556
/var/www/html/vendor/orchestra/testbench-core/src/Concerns/CreatesApplication.php:311
/var/www/html/vendor/orchestra/testbench-core/src/TestCase.php:121
/var/www/html/vendor/orchestra/testbench-core/src/Concerns/ApplicationTestingHooks.php:74
/var/www/html/vendor/orchestra/testbench-core/src/Concerns/Testing.php:43
/var/www/html/vendor/laravel/framework/src/Illuminate/Collections/helpers.php:236
/var/www/html/vendor/orchestra/sidekick/src/functions.php:87
/var/www/html/vendor/laravel/framework/src/Illuminate/Collections/helpers.php:236
/var/www/html/vendor/orchestra/testbench-core/src/Concerns/Testing.php:57
/var/www/html/vendor/orchestra/testbench-core/src/TestCase.php:50
/var/www/html/tests/TestCase.php:61
/var/www/html/tests/Unit/Http/Controllers/McpControllerTest.php:33</error>
        </testcase>
        <testcase name="it_adds_cors_headers_to_error_response" file="/var/www/html/tests/Unit/Http/Controllers/McpControllerTest.php" line="488" class="JTD\LaravelMCP\Tests\Unit\Http\Controllers\McpControllerTest" classname="JTD.LaravelMCP.Tests.Unit.Http.Controllers.McpControllerTest" assertions="0" time="0.000000">
          <error type="Exception">JTD\LaravelMCP\Tests\Unit\Http\Controllers\McpControllerTest::it_adds_cors_headers_to_error_response
Exception: The /var/www/html/vendor/orchestra/testbench-core/laravel/bootstrap/cache directory must be present and writable.

/var/www/html/vendor/laravel/framework/src/Illuminate/Foundation/PackageManifest.php:179
/var/www/html/vendor/orchestra/testbench-core/src/Foundation/PackageManifest.php:157
/var/www/html/vendor/laravel/framework/src/Illuminate/Foundation/PackageManifest.php:132
/var/www/html/vendor/laravel/framework/src/Illuminate/Foundation/PackageManifest.php:108
/var/www/html/vendor/orchestra/testbench-core/src/Foundation/PackageManifest.php:102
/var/www/html/vendor/laravel/framework/src/Illuminate/Foundation/PackageManifest.php:91
/var/www/html/vendor/laravel/framework/src/Illuminate/Foundation/PackageManifest.php:80
/var/www/html/vendor/laravel/framework/src/Illuminate/Foundation/Bootstrap/RegisterFacades.php:26
/var/www/html/vendor/orchestra/testbench-core/src/Concerns/CreatesApplication.php:556
/var/www/html/vendor/orchestra/testbench-core/src/Concerns/CreatesApplication.php:311
/var/www/html/vendor/orchestra/testbench-core/src/TestCase.php:121
/var/www/html/vendor/orchestra/testbench-core/src/Concerns/ApplicationTestingHooks.php:74
/var/www/html/vendor/orchestra/testbench-core/src/Concerns/Testing.php:43
/var/www/html/vendor/laravel/framework/src/Illuminate/Collections/helpers.php:236
/var/www/html/vendor/orchestra/sidekick/src/functions.php:87
/var/www/html/vendor/laravel/framework/src/Illuminate/Collections/helpers.php:236
/var/www/html/vendor/orchestra/testbench-core/src/Concerns/Testing.php:57
/var/www/html/vendor/orchestra/testbench-core/src/TestCase.php:50
/var/www/html/tests/TestCase.php:61
/var/www/html/tests/Unit/Http/Controllers/McpControllerTest.php:33</error>
        </testcase>
      </testsuite>
      <testsuite name="JTD\LaravelMCP\Tests\Unit\Http\Middleware\McpAuthMiddlewareEnhancedTest" file="/var/www/html/tests/Unit/Http/Middleware/McpAuthMiddlewareEnhancedTest.php" tests="9" assertions="0" errors="9" failures="0" skipped="0" time="0.000000">
        <testcase name="it_allows_request_when_authentication_is_disabled" file="/var/www/html/tests/Unit/Http/Middleware/McpAuthMiddlewareEnhancedTest.php" line="65" class="JTD\LaravelMCP\Tests\Unit\Http\Middleware\McpAuthMiddlewareEnhancedTest" classname="JTD.LaravelMCP.Tests.Unit.Http.Middleware.McpAuthMiddlewareEnhancedTest" assertions="0" time="0.000000">
          <error type="Exception">JTD\LaravelMCP\Tests\Unit\Http\Middleware\McpAuthMiddlewareEnhancedTest::it_allows_request_when_authentication_is_disabled
Exception: The /var/www/html/vendor/orchestra/testbench-core/laravel/bootstrap/cache directory must be present and writable.

/var/www/html/vendor/laravel/framework/src/Illuminate/Foundation/PackageManifest.php:179
/var/www/html/vendor/orchestra/testbench-core/src/Foundation/PackageManifest.php:157
/var/www/html/vendor/laravel/framework/src/Illuminate/Foundation/PackageManifest.php:132
/var/www/html/vendor/laravel/framework/src/Illuminate/Foundation/PackageManifest.php:108
/var/www/html/vendor/orchestra/testbench-core/src/Foundation/PackageManifest.php:102
/var/www/html/vendor/laravel/framework/src/Illuminate/Foundation/PackageManifest.php:91
/var/www/html/vendor/laravel/framework/src/Illuminate/Foundation/PackageManifest.php:80
/var/www/html/vendor/laravel/framework/src/Illuminate/Foundation/Bootstrap/RegisterFacades.php:26
/var/www/html/vendor/orchestra/testbench-core/src/Concerns/CreatesApplication.php:556
/var/www/html/vendor/orchestra/testbench-core/src/Concerns/CreatesApplication.php:311
/var/www/html/vendor/orchestra/testbench-core/src/TestCase.php:121
/var/www/html/vendor/orchestra/testbench-core/src/Concerns/ApplicationTestingHooks.php:74
/var/www/html/vendor/orchestra/testbench-core/src/Concerns/Testing.php:43
/var/www/html/vendor/laravel/framework/src/Illuminate/Collections/helpers.php:236
/var/www/html/vendor/orchestra/sidekick/src/functions.php:87
/var/www/html/vendor/laravel/framework/src/Illuminate/Collections/helpers.php:236
/var/www/html/vendor/orchestra/testbench-core/src/Concerns/Testing.php:57
/var/www/html/vendor/orchestra/testbench-core/src/TestCase.php:50
/var/www/html/tests/TestCase.php:61
/var/www/html/tests/Unit/Http/Middleware/McpAuthMiddlewareEnhancedTest.php:50</error>
        </testcase>
        <testcase name="it_authenticates_with_laravel_guard" file="/var/www/html/tests/Unit/Http/Middleware/McpAuthMiddlewareEnhancedTest.php" line="84" class="JTD\LaravelMCP\Tests\Unit\Http\Middleware\McpAuthMiddlewareEnhancedTest" classname="JTD.LaravelMCP.Tests.Unit.Http.Middleware.McpAuthMiddlewareEnhancedTest" assertions="0" time="0.000000">
          <error type="Exception">JTD\LaravelMCP\Tests\Unit\Http\Middleware\McpAuthMiddlewareEnhancedTest::it_authenticates_with_laravel_guard
Exception: The /var/www/html/vendor/orchestra/testbench-core/laravel/bootstrap/cache directory must be present and writable.

/var/www/html/vendor/laravel/framework/src/Illuminate/Foundation/PackageManifest.php:179
/var/www/html/vendor/orchestra/testbench-core/src/Foundation/PackageManifest.php:157
/var/www/html/vendor/laravel/framework/src/Illuminate/Foundation/PackageManifest.php:132
/var/www/html/vendor/laravel/framework/src/Illuminate/Foundation/PackageManifest.php:108
/var/www/html/vendor/orchestra/testbench-core/src/Foundation/PackageManifest.php:102
/var/www/html/vendor/laravel/framework/src/Illuminate/Foundation/PackageManifest.php:91
/var/www/html/vendor/laravel/framework/src/Illuminate/Foundation/PackageManifest.php:80
/var/www/html/vendor/laravel/framework/src/Illuminate/Foundation/Bootstrap/RegisterFacades.php:26
/var/www/html/vendor/orchestra/testbench-core/src/Concerns/CreatesApplication.php:556
/var/www/html/vendor/orchestra/testbench-core/src/Concerns/CreatesApplication.php:311
/var/www/html/vendor/orchestra/testbench-core/src/TestCase.php:121
/var/www/html/vendor/orchestra/testbench-core/src/Concerns/ApplicationTestingHooks.php:74
/var/www/html/vendor/orchestra/testbench-core/src/Concerns/Testing.php:43
/var/www/html/vendor/laravel/framework/src/Illuminate/Collections/helpers.php:236
/var/www/html/vendor/orchestra/sidekick/src/functions.php:87
/var/www/html/vendor/laravel/framework/src/Illuminate/Collections/helpers.php:236
/var/www/html/vendor/orchestra/testbench-core/src/Concerns/Testing.php:57
/var/www/html/vendor/orchestra/testbench-core/src/TestCase.php:50
/var/www/html/tests/TestCase.php:61
/var/www/html/tests/Unit/Http/Middleware/McpAuthMiddlewareEnhancedTest.php:50</error>
        </testcase>
        <testcase name="it_authenticates_with_api_key" file="/var/www/html/tests/Unit/Http/Middleware/McpAuthMiddlewareEnhancedTest.php" line="111" class="JTD\LaravelMCP\Tests\Unit\Http\Middleware\McpAuthMiddlewareEnhancedTest" classname="JTD.LaravelMCP.Tests.Unit.Http.Middleware.McpAuthMiddlewareEnhancedTest" assertions="0" time="0.000000">
          <error type="Exception">JTD\LaravelMCP\Tests\Unit\Http\Middleware\McpAuthMiddlewareEnhancedTest::it_authenticates_with_api_key
Exception: The /var/www/html/vendor/orchestra/testbench-core/laravel/bootstrap/cache directory must be present and writable.

/var/www/html/vendor/laravel/framework/src/Illuminate/Foundation/PackageManifest.php:179
/var/www/html/vendor/orchestra/testbench-core/src/Foundation/PackageManifest.php:157
/var/www/html/vendor/laravel/framework/src/Illuminate/Foundation/PackageManifest.php:132
/var/www/html/vendor/laravel/framework/src/Illuminate/Foundation/PackageManifest.php:108
/var/www/html/vendor/orchestra/testbench-core/src/Foundation/PackageManifest.php:102
/var/www/html/vendor/laravel/framework/src/Illuminate/Foundation/PackageManifest.php:91
/var/www/html/vendor/laravel/framework/src/Illuminate/Foundation/PackageManifest.php:80
/var/www/html/vendor/laravel/framework/src/Illuminate/Foundation/Bootstrap/RegisterFacades.php:26
/var/www/html/vendor/orchestra/testbench-core/src/Concerns/CreatesApplication.php:556
/var/www/html/vendor/orchestra/testbench-core/src/Concerns/CreatesApplication.php:311
/var/www/html/vendor/orchestra/testbench-core/src/TestCase.php:121
/var/www/html/vendor/orchestra/testbench-core/src/Concerns/ApplicationTestingHooks.php:74
/var/www/html/vendor/orchestra/testbench-core/src/Concerns/Testing.php:43
/var/www/html/vendor/laravel/framework/src/Illuminate/Collections/helpers.php:236
/var/www/html/vendor/orchestra/sidekick/src/functions.php:87
/var/www/html/vendor/laravel/framework/src/Illuminate/Collections/helpers.php:236
/var/www/html/vendor/orchestra/testbench-core/src/Concerns/Testing.php:57
/var/www/html/vendor/orchestra/testbench-core/src/TestCase.php:50
/var/www/html/tests/TestCase.php:61
/var/www/html/tests/Unit/Http/Middleware/McpAuthMiddlewareEnhancedTest.php:50</error>
        </testcase>
        <testcase name="it_supports_multiple_api_keys" file="/var/www/html/tests/Unit/Http/Middleware/McpAuthMiddlewareEnhancedTest.php" line="152" class="JTD\LaravelMCP\Tests\Unit\Http\Middleware\McpAuthMiddlewareEnhancedTest" classname="JTD.LaravelMCP.Tests.Unit.Http.Middleware.McpAuthMiddlewareEnhancedTest" assertions="0" time="0.000000">
          <error type="Exception">JTD\LaravelMCP\Tests\Unit\Http\Middleware\McpAuthMiddlewareEnhancedTest::it_supports_multiple_api_keys
Exception: The /var/www/html/vendor/orchestra/testbench-core/laravel/bootstrap/cache directory must be present and writable.

/var/www/html/vendor/laravel/framework/src/Illuminate/Foundation/PackageManifest.php:179
/var/www/html/vendor/orchestra/testbench-core/src/Foundation/PackageManifest.php:157
/var/www/html/vendor/laravel/framework/src/Illuminate/Foundation/PackageManifest.php:132
/var/www/html/vendor/laravel/framework/src/Illuminate/Foundation/PackageManifest.php:108
/var/www/html/vendor/orchestra/testbench-core/src/Foundation/PackageManifest.php:102
/var/www/html/vendor/laravel/framework/src/Illuminate/Foundation/PackageManifest.php:91
/var/www/html/vendor/laravel/framework/src/Illuminate/Foundation/PackageManifest.php:80
/var/www/html/vendor/laravel/framework/src/Illuminate/Foundation/Bootstrap/RegisterFacades.php:26
/var/www/html/vendor/orchestra/testbench-core/src/Concerns/CreatesApplication.php:556
/var/www/html/vendor/orchestra/testbench-core/src/Concerns/CreatesApplication.php:311
/var/www/html/vendor/orchestra/testbench-core/src/TestCase.php:121
/var/www/html/vendor/orchestra/testbench-core/src/Concerns/ApplicationTestingHooks.php:74
/var/www/html/vendor/orchestra/testbench-core/src/Concerns/Testing.php:43
/var/www/html/vendor/laravel/framework/src/Illuminate/Collections/helpers.php:236
/var/www/html/vendor/orchestra/sidekick/src/functions.php:87
/var/www/html/vendor/laravel/framework/src/Illuminate/Collections/helpers.php:236
/var/www/html/vendor/orchestra/testbench-core/src/Concerns/Testing.php:57
/var/www/html/vendor/orchestra/testbench-core/src/TestCase.php:50
/var/www/html/tests/TestCase.php:61
/var/www/html/tests/Unit/Http/Middleware/McpAuthMiddlewareEnhancedTest.php:50</error>
        </testcase>
        <testcase name="it_authenticates_with_bearer_token" file="/var/www/html/tests/Unit/Http/Middleware/McpAuthMiddlewareEnhancedTest.php" line="193" class="JTD\LaravelMCP\Tests\Unit\Http\Middleware\McpAuthMiddlewareEnhancedTest" classname="JTD.LaravelMCP.Tests.Unit.Http.Middleware.McpAuthMiddlewareEnhancedTest" assertions="0" time="0.000000">
          <error type="Exception">JTD\LaravelMCP\Tests\Unit\Http\Middleware\McpAuthMiddlewareEnhancedTest::it_authenticates_with_bearer_token
Exception: The /var/www/html/vendor/orchestra/testbench-core/laravel/bootstrap/cache directory must be present and writable.

/var/www/html/vendor/laravel/framework/src/Illuminate/Foundation/PackageManifest.php:179
/var/www/html/vendor/orchestra/testbench-core/src/Foundation/PackageManifest.php:157
/var/www/html/vendor/laravel/framework/src/Illuminate/Foundation/PackageManifest.php:132
/var/www/html/vendor/laravel/framework/src/Illuminate/Foundation/PackageManifest.php:108
/var/www/html/vendor/orchestra/testbench-core/src/Foundation/PackageManifest.php:102
/var/www/html/vendor/laravel/framework/src/Illuminate/Foundation/PackageManifest.php:91
/var/www/html/vendor/laravel/framework/src/Illuminate/Foundation/PackageManifest.php:80
/var/www/html/vendor/laravel/framework/src/Illuminate/Foundation/Bootstrap/RegisterFacades.php:26
/var/www/html/vendor/orchestra/testbench-core/src/Concerns/CreatesApplication.php:556
/var/www/html/vendor/orchestra/testbench-core/src/Concerns/CreatesApplication.php:311
/var/www/html/vendor/orchestra/testbench-core/src/TestCase.php:121
/var/www/html/vendor/orchestra/testbench-core/src/Concerns/ApplicationTestingHooks.php:74
/var/www/html/vendor/orchestra/testbench-core/src/Concerns/Testing.php:43
/var/www/html/vendor/laravel/framework/src/Illuminate/Collections/helpers.php:236
/var/www/html/vendor/orchestra/sidekick/src/functions.php:87
/var/www/html/vendor/laravel/framework/src/Illuminate/Collections/helpers.php:236
/var/www/html/vendor/orchestra/testbench-core/src/Concerns/Testing.php:57
/var/www/html/vendor/orchestra/testbench-core/src/TestCase.php:50
/var/www/html/tests/TestCase.php:61
/var/www/html/tests/Unit/Http/Middleware/McpAuthMiddlewareEnhancedTest.php:50</error>
        </testcase>
        <testcase name="it_returns_unauthorized_when_authentication_fails" file="/var/www/html/tests/Unit/Http/Middleware/McpAuthMiddlewareEnhancedTest.php" line="239" class="JTD\LaravelMCP\Tests\Unit\Http\Middleware\McpAuthMiddlewareEnhancedTest" classname="JTD.LaravelMCP.Tests.Unit.Http.Middleware.McpAuthMiddlewareEnhancedTest" assertions="0" time="0.000000">
          <error type="Exception">JTD\LaravelMCP\Tests\Unit\Http\Middleware\McpAuthMiddlewareEnhancedTest::it_returns_unauthorized_when_authentication_fails
Exception: The /var/www/html/vendor/orchestra/testbench-core/laravel/bootstrap/cache directory must be present and writable.

/var/www/html/vendor/laravel/framework/src/Illuminate/Foundation/PackageManifest.php:179
/var/www/html/vendor/orchestra/testbench-core/src/Foundation/PackageManifest.php:157
/var/www/html/vendor/laravel/framework/src/Illuminate/Foundation/PackageManifest.php:132
/var/www/html/vendor/laravel/framework/src/Illuminate/Foundation/PackageManifest.php:108
/var/www/html/vendor/orchestra/testbench-core/src/Foundation/PackageManifest.php:102
/var/www/html/vendor/laravel/framework/src/Illuminate/Foundation/PackageManifest.php:91
/var/www/html/vendor/laravel/framework/src/Illuminate/Foundation/PackageManifest.php:80
/var/www/html/vendor/laravel/framework/src/Illuminate/Foundation/Bootstrap/RegisterFacades.php:26
/var/www/html/vendor/orchestra/testbench-core/src/Concerns/CreatesApplication.php:556
/var/www/html/vendor/orchestra/testbench-core/src/Concerns/CreatesApplication.php:311
/var/www/html/vendor/orchestra/testbench-core/src/TestCase.php:121
/var/www/html/vendor/orchestra/testbench-core/src/Concerns/ApplicationTestingHooks.php:74
/var/www/html/vendor/orchestra/testbench-core/src/Concerns/Testing.php:43
/var/www/html/vendor/laravel/framework/src/Illuminate/Collections/helpers.php:236
/var/www/html/vendor/orchestra/sidekick/src/functions.php:87
/var/www/html/vendor/laravel/framework/src/Illuminate/Collections/helpers.php:236
/var/www/html/vendor/orchestra/testbench-core/src/Concerns/Testing.php:57
/var/www/html/vendor/orchestra/testbench-core/src/TestCase.php:50
/var/www/html/tests/TestCase.php:61
/var/www/html/tests/Unit/Http/Middleware/McpAuthMiddlewareEnhancedTest.php:50</error>
        </testcase>
        <testcase name="it_adds_user_context_when_authenticated" file="/var/www/html/tests/Unit/Http/Middleware/McpAuthMiddlewareEnhancedTest.php" line="268" class="JTD\LaravelMCP\Tests\Unit\Http\Middleware\McpAuthMiddlewareEnhancedTest" classname="JTD.LaravelMCP.Tests.Unit.Http.Middleware.McpAuthMiddlewareEnhancedTest" assertions="0" time="0.000000">
          <error type="Exception">JTD\LaravelMCP\Tests\Unit\Http\Middleware\McpAuthMiddlewareEnhancedTest::it_adds_user_context_when_authenticated
Exception: The /var/www/html/vendor/orchestra/testbench-core/laravel/bootstrap/cache directory must be present and writable.

/var/www/html/vendor/laravel/framework/src/Illuminate/Foundation/PackageManifest.php:179
/var/www/html/vendor/orchestra/testbench-core/src/Foundation/PackageManifest.php:157
/var/www/html/vendor/laravel/framework/src/Illuminate/Foundation/PackageManifest.php:132
/var/www/html/vendor/laravel/framework/src/Illuminate/Foundation/PackageManifest.php:108
/var/www/html/vendor/orchestra/testbench-core/src/Foundation/PackageManifest.php:102
/var/www/html/vendor/laravel/framework/src/Illuminate/Foundation/PackageManifest.php:91
/var/www/html/vendor/laravel/framework/src/Illuminate/Foundation/PackageManifest.php:80
/var/www/html/vendor/laravel/framework/src/Illuminate/Foundation/Bootstrap/RegisterFacades.php:26
/var/www/html/vendor/orchestra/testbench-core/src/Concerns/CreatesApplication.php:556
/var/www/html/vendor/orchestra/testbench-core/src/Concerns/CreatesApplication.php:311
/var/www/html/vendor/orchestra/testbench-core/src/TestCase.php:121
/var/www/html/vendor/orchestra/testbench-core/src/Concerns/ApplicationTestingHooks.php:74
/var/www/html/vendor/orchestra/testbench-core/src/Concerns/Testing.php:43
/var/www/html/vendor/laravel/framework/src/Illuminate/Collections/helpers.php:236
/var/www/html/vendor/orchestra/sidekick/src/functions.php:87
/var/www/html/vendor/laravel/framework/src/Illuminate/Collections/helpers.php:236
/var/www/html/vendor/orchestra/testbench-core/src/Concerns/Testing.php:57
/var/www/html/vendor/orchestra/testbench-core/src/TestCase.php:50
/var/www/html/tests/TestCase.php:61
/var/www/html/tests/Unit/Http/Middleware/McpAuthMiddlewareEnhancedTest.php:50</error>
        </testcase>
        <testcase name="it_handles_authentication_exceptions_gracefully" file="/var/www/html/tests/Unit/Http/Middleware/McpAuthMiddlewareEnhancedTest.php" line="306" class="JTD\LaravelMCP\Tests\Unit\Http\Middleware\McpAuthMiddlewareEnhancedTest" classname="JTD.LaravelMCP.Tests.Unit.Http.Middleware.McpAuthMiddlewareEnhancedTest" assertions="0" time="0.000000">
          <error type="Exception">JTD\LaravelMCP\Tests\Unit\Http\Middleware\McpAuthMiddlewareEnhancedTest::it_handles_authentication_exceptions_gracefully
Exception: The /var/www/html/vendor/orchestra/testbench-core/laravel/bootstrap/cache directory must be present and writable.

/var/www/html/vendor/laravel/framework/src/Illuminate/Foundation/PackageManifest.php:179
/var/www/html/vendor/orchestra/testbench-core/src/Foundation/PackageManifest.php:157
/var/www/html/vendor/laravel/framework/src/Illuminate/Foundation/PackageManifest.php:132
/var/www/html/vendor/laravel/framework/src/Illuminate/Foundation/PackageManifest.php:108
/var/www/html/vendor/orchestra/testbench-core/src/Foundation/PackageManifest.php:102
/var/www/html/vendor/laravel/framework/src/Illuminate/Foundation/PackageManifest.php:91
/var/www/html/vendor/laravel/framework/src/Illuminate/Foundation/PackageManifest.php:80
/var/www/html/vendor/laravel/framework/src/Illuminate/Foundation/Bootstrap/RegisterFacades.php:26
/var/www/html/vendor/orchestra/testbench-core/src/Concerns/CreatesApplication.php:556
/var/www/html/vendor/orchestra/testbench-core/src/Concerns/CreatesApplication.php:311
/var/www/html/vendor/orchestra/testbench-core/src/TestCase.php:121
/var/www/html/vendor/orchestra/testbench-core/src/Concerns/ApplicationTestingHooks.php:74
/var/www/html/vendor/orchestra/testbench-core/src/Concerns/Testing.php:43
/var/www/html/vendor/laravel/framework/src/Illuminate/Collections/helpers.php:236
/var/www/html/vendor/orchestra/sidekick/src/functions.php:87
/var/www/html/vendor/laravel/framework/src/Illuminate/Collections/helpers.php:236
/var/www/html/vendor/orchestra/testbench-core/src/Concerns/Testing.php:57
/var/www/html/vendor/orchestra/testbench-core/src/TestCase.php:50
/var/www/html/tests/TestCase.php:61
/var/www/html/tests/Unit/Http/Middleware/McpAuthMiddlewareEnhancedTest.php:50</error>
        </testcase>
        <testcase name="it_extracts_api_key_from_multiple_locations" file="/var/www/html/tests/Unit/Http/Middleware/McpAuthMiddlewareEnhancedTest.php" line="336" class="JTD\LaravelMCP\Tests\Unit\Http\Middleware\McpAuthMiddlewareEnhancedTest" classname="JTD.LaravelMCP.Tests.Unit.Http.Middleware.McpAuthMiddlewareEnhancedTest" assertions="0" time="0.000000">
          <error type="Exception">JTD\LaravelMCP\Tests\Unit\Http\Middleware\McpAuthMiddlewareEnhancedTest::it_extracts_api_key_from_multiple_locations
Exception: The /var/www/html/vendor/orchestra/testbench-core/laravel/bootstrap/cache directory must be present and writable.

/var/www/html/vendor/laravel/framework/src/Illuminate/Foundation/PackageManifest.php:179
/var/www/html/vendor/orchestra/testbench-core/src/Foundation/PackageManifest.php:157
/var/www/html/vendor/laravel/framework/src/Illuminate/Foundation/PackageManifest.php:132
/var/www/html/vendor/laravel/framework/src/Illuminate/Foundation/PackageManifest.php:108
/var/www/html/vendor/orchestra/testbench-core/src/Foundation/PackageManifest.php:102
/var/www/html/vendor/laravel/framework/src/Illuminate/Foundation/PackageManifest.php:91
/var/www/html/vendor/laravel/framework/src/Illuminate/Foundation/PackageManifest.php:80
/var/www/html/vendor/laravel/framework/src/Illuminate/Foundation/Bootstrap/RegisterFacades.php:26
/var/www/html/vendor/orchestra/testbench-core/src/Concerns/CreatesApplication.php:556
/var/www/html/vendor/orchestra/testbench-core/src/Concerns/CreatesApplication.php:311
/var/www/html/vendor/orchestra/testbench-core/src/TestCase.php:121
/var/www/html/vendor/orchestra/testbench-core/src/Concerns/ApplicationTestingHooks.php:74
/var/www/html/vendor/orchestra/testbench-core/src/Concerns/Testing.php:43
/var/www/html/vendor/laravel/framework/src/Illuminate/Collections/helpers.php:236
/var/www/html/vendor/orchestra/sidekick/src/functions.php:87
/var/www/html/vendor/laravel/framework/src/Illuminate/Collections/helpers.php:236
/var/www/html/vendor/orchestra/testbench-core/src/Concerns/Testing.php:57
/var/www/html/vendor/orchestra/testbench-core/src/TestCase.php:50
/var/www/html/tests/TestCase.php:61
/var/www/html/tests/Unit/Http/Middleware/McpAuthMiddlewareEnhancedTest.php:50</error>
        </testcase>
      </testsuite>
      <testsuite name="JTD\LaravelMCP\Tests\Unit\Http\Middleware\McpAuthMiddlewareTest" file="/var/www/html/tests/Unit/Http/Middleware/McpAuthMiddlewareTest.php" tests="7" assertions="0" errors="7" failures="0" skipped="0" time="0.000000">
        <testcase name="it_passes_through_when_auth_disabled" file="/var/www/html/tests/Unit/Http/Middleware/McpAuthMiddlewareTest.php" line="41" class="JTD\LaravelMCP\Tests\Unit\Http\Middleware\McpAuthMiddlewareTest" classname="JTD.LaravelMCP.Tests.Unit.Http.Middleware.McpAuthMiddlewareTest" assertions="0" time="0.000000">
          <error type="Exception">JTD\LaravelMCP\Tests\Unit\Http\Middleware\McpAuthMiddlewareTest::it_passes_through_when_auth_disabled
Exception: The /var/www/html/vendor/orchestra/testbench-core/laravel/bootstrap/cache directory must be present and writable.

/var/www/html/vendor/laravel/framework/src/Illuminate/Foundation/PackageManifest.php:179
/var/www/html/vendor/orchestra/testbench-core/src/Foundation/PackageManifest.php:157
/var/www/html/vendor/laravel/framework/src/Illuminate/Foundation/PackageManifest.php:132
/var/www/html/vendor/laravel/framework/src/Illuminate/Foundation/PackageManifest.php:108
/var/www/html/vendor/orchestra/testbench-core/src/Foundation/PackageManifest.php:102
/var/www/html/vendor/laravel/framework/src/Illuminate/Foundation/PackageManifest.php:91
/var/www/html/vendor/laravel/framework/src/Illuminate/Foundation/PackageManifest.php:80
/var/www/html/vendor/laravel/framework/src/Illuminate/Foundation/Bootstrap/RegisterFacades.php:26
/var/www/html/vendor/orchestra/testbench-core/src/Concerns/CreatesApplication.php:556
/var/www/html/vendor/orchestra/testbench-core/src/Concerns/CreatesApplication.php:311
/var/www/html/vendor/orchestra/testbench-core/src/TestCase.php:121
/var/www/html/vendor/orchestra/testbench-core/src/Concerns/ApplicationTestingHooks.php:74
/var/www/html/vendor/orchestra/testbench-core/src/Concerns/Testing.php:43
/var/www/html/vendor/laravel/framework/src/Illuminate/Collections/helpers.php:236
/var/www/html/vendor/orchestra/sidekick/src/functions.php:87
/var/www/html/vendor/laravel/framework/src/Illuminate/Collections/helpers.php:236
/var/www/html/vendor/orchestra/testbench-core/src/Concerns/Testing.php:57
/var/www/html/vendor/orchestra/testbench-core/src/TestCase.php:50
/var/www/html/tests/TestCase.php:61
/var/www/html/tests/Unit/Http/Middleware/McpAuthMiddlewareTest.php:33</error>
        </testcase>
        <testcase name="it_passes_through_when_no_api_key_configured" file="/var/www/html/tests/Unit/Http/Middleware/McpAuthMiddlewareTest.php" line="61" class="JTD\LaravelMCP\Tests\Unit\Http\Middleware\McpAuthMiddlewareTest" classname="JTD.LaravelMCP.Tests.Unit.Http.Middleware.McpAuthMiddlewareTest" assertions="0" time="0.000000">
          <error type="Exception">JTD\LaravelMCP\Tests\Unit\Http\Middleware\McpAuthMiddlewareTest::it_passes_through_when_no_api_key_configured
Exception: The /var/www/html/vendor/orchestra/testbench-core/laravel/bootstrap/cache directory must be present and writable.

/var/www/html/vendor/laravel/framework/src/Illuminate/Foundation/PackageManifest.php:179
/var/www/html/vendor/orchestra/testbench-core/src/Foundation/PackageManifest.php:157
/var/www/html/vendor/laravel/framework/src/Illuminate/Foundation/PackageManifest.php:132
/var/www/html/vendor/laravel/framework/src/Illuminate/Foundation/PackageManifest.php:108
/var/www/html/vendor/orchestra/testbench-core/src/Foundation/PackageManifest.php:102
/var/www/html/vendor/laravel/framework/src/Illuminate/Foundation/PackageManifest.php:91
/var/www/html/vendor/laravel/framework/src/Illuminate/Foundation/PackageManifest.php:80
/var/www/html/vendor/laravel/framework/src/Illuminate/Foundation/Bootstrap/RegisterFacades.php:26
/var/www/html/vendor/orchestra/testbench-core/src/Concerns/CreatesApplication.php:556
/var/www/html/vendor/orchestra/testbench-core/src/Concerns/CreatesApplication.php:311
/var/www/html/vendor/orchestra/testbench-core/src/TestCase.php:121
/var/www/html/vendor/orchestra/testbench-core/src/Concerns/ApplicationTestingHooks.php:74
/var/www/html/vendor/orchestra/testbench-core/src/Concerns/Testing.php:43
/var/www/html/vendor/laravel/framework/src/Illuminate/Collections/helpers.php:236
/var/www/html/vendor/orchestra/sidekick/src/functions.php:87
/var/www/html/vendor/laravel/framework/src/Illuminate/Collections/helpers.php:236
/var/www/html/vendor/orchestra/testbench-core/src/Concerns/Testing.php:57
/var/www/html/vendor/orchestra/testbench-core/src/TestCase.php:50
/var/www/html/tests/TestCase.php:61
/var/www/html/tests/Unit/Http/Middleware/McpAuthMiddlewareTest.php:33</error>
        </testcase>
        <testcase name="it_authenticates_with_valid_api_key_in_header" file="/var/www/html/tests/Unit/Http/Middleware/McpAuthMiddlewareTest.php" line="82" class="JTD\LaravelMCP\Tests\Unit\Http\Middleware\McpAuthMiddlewareTest" classname="JTD.LaravelMCP.Tests.Unit.Http.Middleware.McpAuthMiddlewareTest" assertions="0" time="0.000000">
          <error type="Exception">JTD\LaravelMCP\Tests\Unit\Http\Middleware\McpAuthMiddlewareTest::it_authenticates_with_valid_api_key_in_header
Exception: The /var/www/html/vendor/orchestra/testbench-core/laravel/bootstrap/cache directory must be present and writable.

/var/www/html/vendor/laravel/framework/src/Illuminate/Foundation/PackageManifest.php:179
/var/www/html/vendor/orchestra/testbench-core/src/Foundation/PackageManifest.php:157
/var/www/html/vendor/laravel/framework/src/Illuminate/Foundation/PackageManifest.php:132
/var/www/html/vendor/laravel/framework/src/Illuminate/Foundation/PackageManifest.php:108
/var/www/html/vendor/orchestra/testbench-core/src/Foundation/PackageManifest.php:102
/var/www/html/vendor/laravel/framework/src/Illuminate/Foundation/PackageManifest.php:91
/var/www/html/vendor/laravel/framework/src/Illuminate/Foundation/PackageManifest.php:80
/var/www/html/vendor/laravel/framework/src/Illuminate/Foundation/Bootstrap/RegisterFacades.php:26
/var/www/html/vendor/orchestra/testbench-core/src/Concerns/CreatesApplication.php:556
/var/www/html/vendor/orchestra/testbench-core/src/Concerns/CreatesApplication.php:311
/var/www/html/vendor/orchestra/testbench-core/src/TestCase.php:121
/var/www/html/vendor/orchestra/testbench-core/src/Concerns/ApplicationTestingHooks.php:74
/var/www/html/vendor/orchestra/testbench-core/src/Concerns/Testing.php:43
/var/www/html/vendor/laravel/framework/src/Illuminate/Collections/helpers.php:236
/var/www/html/vendor/orchestra/sidekick/src/functions.php:87
/var/www/html/vendor/laravel/framework/src/Illuminate/Collections/helpers.php:236
/var/www/html/vendor/orchestra/testbench-core/src/Concerns/Testing.php:57
/var/www/html/vendor/orchestra/testbench-core/src/TestCase.php:50
/var/www/html/tests/TestCase.php:61
/var/www/html/tests/Unit/Http/Middleware/McpAuthMiddlewareTest.php:33</error>
        </testcase>
        <testcase name="it_authenticates_with_valid_api_key_in_query" file="/var/www/html/tests/Unit/Http/Middleware/McpAuthMiddlewareTest.php" line="104" class="JTD\LaravelMCP\Tests\Unit\Http\Middleware\McpAuthMiddlewareTest" classname="JTD.LaravelMCP.Tests.Unit.Http.Middleware.McpAuthMiddlewareTest" assertions="0" time="0.000000">
          <error type="Exception">JTD\LaravelMCP\Tests\Unit\Http\Middleware\McpAuthMiddlewareTest::it_authenticates_with_valid_api_key_in_query
Exception: The /var/www/html/vendor/orchestra/testbench-core/laravel/bootstrap/cache directory must be present and writable.

/var/www/html/vendor/laravel/framework/src/Illuminate/Foundation/PackageManifest.php:179
/var/www/html/vendor/orchestra/testbench-core/src/Foundation/PackageManifest.php:157
/var/www/html/vendor/laravel/framework/src/Illuminate/Foundation/PackageManifest.php:132
/var/www/html/vendor/laravel/framework/src/Illuminate/Foundation/PackageManifest.php:108
/var/www/html/vendor/orchestra/testbench-core/src/Foundation/PackageManifest.php:102
/var/www/html/vendor/laravel/framework/src/Illuminate/Foundation/PackageManifest.php:91
/var/www/html/vendor/laravel/framework/src/Illuminate/Foundation/PackageManifest.php:80
/var/www/html/vendor/laravel/framework/src/Illuminate/Foundation/Bootstrap/RegisterFacades.php:26
/var/www/html/vendor/orchestra/testbench-core/src/Concerns/CreatesApplication.php:556
/var/www/html/vendor/orchestra/testbench-core/src/Concerns/CreatesApplication.php:311
/var/www/html/vendor/orchestra/testbench-core/src/TestCase.php:121
/var/www/html/vendor/orchestra/testbench-core/src/Concerns/ApplicationTestingHooks.php:74
/var/www/html/vendor/orchestra/testbench-core/src/Concerns/Testing.php:43
/var/www/html/vendor/laravel/framework/src/Illuminate/Collections/helpers.php:236
/var/www/html/vendor/orchestra/sidekick/src/functions.php:87
/var/www/html/vendor/laravel/framework/src/Illuminate/Collections/helpers.php:236
/var/www/html/vendor/orchestra/testbench-core/src/Concerns/Testing.php:57
/var/www/html/vendor/orchestra/testbench-core/src/TestCase.php:50
/var/www/html/tests/TestCase.php:61
/var/www/html/tests/Unit/Http/Middleware/McpAuthMiddlewareTest.php:33</error>
        </testcase>
        <testcase name="it_rejects_invalid_api_key" file="/var/www/html/tests/Unit/Http/Middleware/McpAuthMiddlewareTest.php" line="125" class="JTD\LaravelMCP\Tests\Unit\Http\Middleware\McpAuthMiddlewareTest" classname="JTD.LaravelMCP.Tests.Unit.Http.Middleware.McpAuthMiddlewareTest" assertions="0" time="0.000000">
          <error type="Exception">JTD\LaravelMCP\Tests\Unit\Http\Middleware\McpAuthMiddlewareTest::it_rejects_invalid_api_key
Exception: The /var/www/html/vendor/orchestra/testbench-core/laravel/bootstrap/cache directory must be present and writable.

/var/www/html/vendor/laravel/framework/src/Illuminate/Foundation/PackageManifest.php:179
/var/www/html/vendor/orchestra/testbench-core/src/Foundation/PackageManifest.php:157
/var/www/html/vendor/laravel/framework/src/Illuminate/Foundation/PackageManifest.php:132
/var/www/html/vendor/laravel/framework/src/Illuminate/Foundation/PackageManifest.php:108
/var/www/html/vendor/orchestra/testbench-core/src/Foundation/PackageManifest.php:102
/var/www/html/vendor/laravel/framework/src/Illuminate/Foundation/PackageManifest.php:91
/var/www/html/vendor/laravel/framework/src/Illuminate/Foundation/PackageManifest.php:80
/var/www/html/vendor/laravel/framework/src/Illuminate/Foundation/Bootstrap/RegisterFacades.php:26
/var/www/html/vendor/orchestra/testbench-core/src/Concerns/CreatesApplication.php:556
/var/www/html/vendor/orchestra/testbench-core/src/Concerns/CreatesApplication.php:311
/var/www/html/vendor/orchestra/testbench-core/src/TestCase.php:121
/var/www/html/vendor/orchestra/testbench-core/src/Concerns/ApplicationTestingHooks.php:74
/var/www/html/vendor/orchestra/testbench-core/src/Concerns/Testing.php:43
/var/www/html/vendor/laravel/framework/src/Illuminate/Collections/helpers.php:236
/var/www/html/vendor/orchestra/sidekick/src/functions.php:87
/var/www/html/vendor/laravel/framework/src/Illuminate/Collections/helpers.php:236
/var/www/html/vendor/orchestra/testbench-core/src/Concerns/Testing.php:57
/var/www/html/vendor/orchestra/testbench-core/src/TestCase.php:50
/var/www/html/tests/TestCase.php:61
/var/www/html/tests/Unit/Http/Middleware/McpAuthMiddlewareTest.php:33</error>
        </testcase>
        <testcase name="it_rejects_request_with_no_api_key_when_required" file="/var/www/html/tests/Unit/Http/Middleware/McpAuthMiddlewareTest.php" line="150" class="JTD\LaravelMCP\Tests\Unit\Http\Middleware\McpAuthMiddlewareTest" classname="JTD.LaravelMCP.Tests.Unit.Http.Middleware.McpAuthMiddlewareTest" assertions="0" time="0.000000">
          <error type="Exception">JTD\LaravelMCP\Tests\Unit\Http\Middleware\McpAuthMiddlewareTest::it_rejects_request_with_no_api_key_when_required
Exception: The /var/www/html/vendor/orchestra/testbench-core/laravel/bootstrap/cache directory must be present and writable.

/var/www/html/vendor/laravel/framework/src/Illuminate/Foundation/PackageManifest.php:179
/var/www/html/vendor/orchestra/testbench-core/src/Foundation/PackageManifest.php:157
/var/www/html/vendor/laravel/framework/src/Illuminate/Foundation/PackageManifest.php:132
/var/www/html/vendor/laravel/framework/src/Illuminate/Foundation/PackageManifest.php:108
/var/www/html/vendor/orchestra/testbench-core/src/Foundation/PackageManifest.php:102
/var/www/html/vendor/laravel/framework/src/Illuminate/Foundation/PackageManifest.php:91
/var/www/html/vendor/laravel/framework/src/Illuminate/Foundation/PackageManifest.php:80
/var/www/html/vendor/laravel/framework/src/Illuminate/Foundation/Bootstrap/RegisterFacades.php:26
/var/www/html/vendor/orchestra/testbench-core/src/Concerns/CreatesApplication.php:556
/var/www/html/vendor/orchestra/testbench-core/src/Concerns/CreatesApplication.php:311
/var/www/html/vendor/orchestra/testbench-core/src/TestCase.php:121
/var/www/html/vendor/orchestra/testbench-core/src/Concerns/ApplicationTestingHooks.php:74
/var/www/html/vendor/orchestra/testbench-core/src/Concerns/Testing.php:43
/var/www/html/vendor/laravel/framework/src/Illuminate/Collections/helpers.php:236
/var/www/html/vendor/orchestra/sidekick/src/functions.php:87
/var/www/html/vendor/laravel/framework/src/Illuminate/Collections/helpers.php:236
/var/www/html/vendor/orchestra/testbench-core/src/Concerns/Testing.php:57
/var/www/html/vendor/orchestra/testbench-core/src/TestCase.php:50
/var/www/html/tests/TestCase.php:61
/var/www/html/tests/Unit/Http/Middleware/McpAuthMiddlewareTest.php:33</error>
        </testcase>
        <testcase name="it_prioritizes_header_over_query_parameter" file="/var/www/html/tests/Unit/Http/Middleware/McpAuthMiddlewareTest.php" line="174" class="JTD\LaravelMCP\Tests\Unit\Http\Middleware\McpAuthMiddlewareTest" classname="JTD.LaravelMCP.Tests.Unit.Http.Middleware.McpAuthMiddlewareTest" assertions="0" time="0.000000">
          <error type="Exception">JTD\LaravelMCP\Tests\Unit\Http\Middleware\McpAuthMiddlewareTest::it_prioritizes_header_over_query_parameter
Exception: The /var/www/html/vendor/orchestra/testbench-core/laravel/bootstrap/cache directory must be present and writable.

/var/www/html/vendor/laravel/framework/src/Illuminate/Foundation/PackageManifest.php:179
/var/www/html/vendor/orchestra/testbench-core/src/Foundation/PackageManifest.php:157
/var/www/html/vendor/laravel/framework/src/Illuminate/Foundation/PackageManifest.php:132
/var/www/html/vendor/laravel/framework/src/Illuminate/Foundation/PackageManifest.php:108
/var/www/html/vendor/orchestra/testbench-core/src/Foundation/PackageManifest.php:102
/var/www/html/vendor/laravel/framework/src/Illuminate/Foundation/PackageManifest.php:91
/var/www/html/vendor/laravel/framework/src/Illuminate/Foundation/PackageManifest.php:80
/var/www/html/vendor/laravel/framework/src/Illuminate/Foundation/Bootstrap/RegisterFacades.php:26
/var/www/html/vendor/orchestra/testbench-core/src/Concerns/CreatesApplication.php:556
/var/www/html/vendor/orchestra/testbench-core/src/Concerns/CreatesApplication.php:311
/var/www/html/vendor/orchestra/testbench-core/src/TestCase.php:121
/var/www/html/vendor/orchestra/testbench-core/src/Concerns/ApplicationTestingHooks.php:74
/var/www/html/vendor/orchestra/testbench-core/src/Concerns/Testing.php:43
/var/www/html/vendor/laravel/framework/src/Illuminate/Collections/helpers.php:236
/var/www/html/vendor/orchestra/sidekick/src/functions.php:87
/var/www/html/vendor/laravel/framework/src/Illuminate/Collections/helpers.php:236
/var/www/html/vendor/orchestra/testbench-core/src/Concerns/Testing.php:57
/var/www/html/vendor/orchestra/testbench-core/src/TestCase.php:50
/var/www/html/tests/TestCase.php:61
/var/www/html/tests/Unit/Http/Middleware/McpAuthMiddlewareTest.php:33</error>
        </testcase>
      </testsuite>
      <testsuite name="JTD\LaravelMCP\Tests\Unit\Http\Middleware\McpCorsMiddlewareTest" file="/var/www/html/tests/Unit/Http/Middleware/McpCorsMiddlewareTest.php" tests="8" assertions="0" errors="8" failures="0" skipped="0" time="0.000000">
        <testcase name="it_adds_cors_headers_to_regular_requests" file="/var/www/html/tests/Unit/Http/Middleware/McpCorsMiddlewareTest.php" line="40" class="JTD\LaravelMCP\Tests\Unit\Http\Middleware\McpCorsMiddlewareTest" classname="JTD.LaravelMCP.Tests.Unit.Http.Middleware.McpCorsMiddlewareTest" assertions="0" time="0.000000">
          <error type="Exception">JTD\LaravelMCP\Tests\Unit\Http\Middleware\McpCorsMiddlewareTest::it_adds_cors_headers_to_regular_requests
Exception: The /var/www/html/vendor/orchestra/testbench-core/laravel/bootstrap/cache directory must be present and writable.

/var/www/html/vendor/laravel/framework/src/Illuminate/Foundation/PackageManifest.php:179
/var/www/html/vendor/orchestra/testbench-core/src/Foundation/PackageManifest.php:157
/var/www/html/vendor/laravel/framework/src/Illuminate/Foundation/PackageManifest.php:132
/var/www/html/vendor/laravel/framework/src/Illuminate/Foundation/PackageManifest.php:108
/var/www/html/vendor/orchestra/testbench-core/src/Foundation/PackageManifest.php:102
/var/www/html/vendor/laravel/framework/src/Illuminate/Foundation/PackageManifest.php:91
/var/www/html/vendor/laravel/framework/src/Illuminate/Foundation/PackageManifest.php:80
/var/www/html/vendor/laravel/framework/src/Illuminate/Foundation/Bootstrap/RegisterFacades.php:26
/var/www/html/vendor/orchestra/testbench-core/src/Concerns/CreatesApplication.php:556
/var/www/html/vendor/orchestra/testbench-core/src/Concerns/CreatesApplication.php:311
/var/www/html/vendor/orchestra/testbench-core/src/TestCase.php:121
/var/www/html/vendor/orchestra/testbench-core/src/Concerns/ApplicationTestingHooks.php:74
/var/www/html/vendor/orchestra/testbench-core/src/Concerns/Testing.php:43
/var/www/html/vendor/laravel/framework/src/Illuminate/Collections/helpers.php:236
/var/www/html/vendor/orchestra/sidekick/src/functions.php:87
/var/www/html/vendor/laravel/framework/src/Illuminate/Collections/helpers.php:236
/var/www/html/vendor/orchestra/testbench-core/src/Concerns/Testing.php:57
/var/www/html/vendor/orchestra/testbench-core/src/TestCase.php:50
/var/www/html/tests/TestCase.php:61
/var/www/html/tests/Unit/Http/Middleware/McpCorsMiddlewareTest.php:32</error>
        </testcase>
        <testcase name="it_handles_preflight_options_requests" file="/var/www/html/tests/Unit/Http/Middleware/McpCorsMiddlewareTest.php" line="70" class="JTD\LaravelMCP\Tests\Unit\Http\Middleware\McpCorsMiddlewareTest" classname="JTD.LaravelMCP.Tests.Unit.Http.Middleware.McpCorsMiddlewareTest" assertions="0" time="0.000000">
          <error type="Exception">JTD\LaravelMCP\Tests\Unit\Http\Middleware\McpCorsMiddlewareTest::it_handles_preflight_options_requests
Exception: The /var/www/html/vendor/orchestra/testbench-core/laravel/bootstrap/cache directory must be present and writable.

/var/www/html/vendor/laravel/framework/src/Illuminate/Foundation/PackageManifest.php:179
/var/www/html/vendor/orchestra/testbench-core/src/Foundation/PackageManifest.php:157
/var/www/html/vendor/laravel/framework/src/Illuminate/Foundation/PackageManifest.php:132
/var/www/html/vendor/laravel/framework/src/Illuminate/Foundation/PackageManifest.php:108
/var/www/html/vendor/orchestra/testbench-core/src/Foundation/PackageManifest.php:102
/var/www/html/vendor/laravel/framework/src/Illuminate/Foundation/PackageManifest.php:91
/var/www/html/vendor/laravel/framework/src/Illuminate/Foundation/PackageManifest.php:80
/var/www/html/vendor/laravel/framework/src/Illuminate/Foundation/Bootstrap/RegisterFacades.php:26
/var/www/html/vendor/orchestra/testbench-core/src/Concerns/CreatesApplication.php:556
/var/www/html/vendor/orchestra/testbench-core/src/Concerns/CreatesApplication.php:311
/var/www/html/vendor/orchestra/testbench-core/src/TestCase.php:121
/var/www/html/vendor/orchestra/testbench-core/src/Concerns/ApplicationTestingHooks.php:74
/var/www/html/vendor/orchestra/testbench-core/src/Concerns/Testing.php:43
/var/www/html/vendor/laravel/framework/src/Illuminate/Collections/helpers.php:236
/var/www/html/vendor/orchestra/sidekick/src/functions.php:87
/var/www/html/vendor/laravel/framework/src/Illuminate/Collections/helpers.php:236
/var/www/html/vendor/orchestra/testbench-core/src/Concerns/Testing.php:57
/var/www/html/vendor/orchestra/testbench-core/src/TestCase.php:50
/var/www/html/tests/TestCase.php:61
/var/www/html/tests/Unit/Http/Middleware/McpCorsMiddlewareTest.php:32</error>
        </testcase>
        <testcase name="it_respects_specific_allowed_origins" file="/var/www/html/tests/Unit/Http/Middleware/McpCorsMiddlewareTest.php" line="99" class="JTD\LaravelMCP\Tests\Unit\Http\Middleware\McpCorsMiddlewareTest" classname="JTD.LaravelMCP.Tests.Unit.Http.Middleware.McpCorsMiddlewareTest" assertions="0" time="0.000000">
          <error type="Exception">JTD\LaravelMCP\Tests\Unit\Http\Middleware\McpCorsMiddlewareTest::it_respects_specific_allowed_origins
Exception: The /var/www/html/vendor/orchestra/testbench-core/laravel/bootstrap/cache directory must be present and writable.

/var/www/html/vendor/laravel/framework/src/Illuminate/Foundation/PackageManifest.php:179
/var/www/html/vendor/orchestra/testbench-core/src/Foundation/PackageManifest.php:157
/var/www/html/vendor/laravel/framework/src/Illuminate/Foundation/PackageManifest.php:132
/var/www/html/vendor/laravel/framework/src/Illuminate/Foundation/PackageManifest.php:108
/var/www/html/vendor/orchestra/testbench-core/src/Foundation/PackageManifest.php:102
/var/www/html/vendor/laravel/framework/src/Illuminate/Foundation/PackageManifest.php:91
/var/www/html/vendor/laravel/framework/src/Illuminate/Foundation/PackageManifest.php:80
/var/www/html/vendor/laravel/framework/src/Illuminate/Foundation/Bootstrap/RegisterFacades.php:26
/var/www/html/vendor/orchestra/testbench-core/src/Concerns/CreatesApplication.php:556
/var/www/html/vendor/orchestra/testbench-core/src/Concerns/CreatesApplication.php:311
/var/www/html/vendor/orchestra/testbench-core/src/TestCase.php:121
/var/www/html/vendor/orchestra/testbench-core/src/Concerns/ApplicationTestingHooks.php:74
/var/www/html/vendor/orchestra/testbench-core/src/Concerns/Testing.php:43
/var/www/html/vendor/laravel/framework/src/Illuminate/Collections/helpers.php:236
/var/www/html/vendor/orchestra/sidekick/src/functions.php:87
/var/www/html/vendor/laravel/framework/src/Illuminate/Collections/helpers.php:236
/var/www/html/vendor/orchestra/testbench-core/src/Concerns/Testing.php:57
/var/www/html/vendor/orchestra/testbench-core/src/TestCase.php:50
/var/www/html/tests/TestCase.php:61
/var/www/html/tests/Unit/Http/Middleware/McpCorsMiddlewareTest.php:32</error>
        </testcase>
        <testcase name="it_rejects_disallowed_origins" file="/var/www/html/tests/Unit/Http/Middleware/McpCorsMiddlewareTest.php" line="122" class="JTD\LaravelMCP\Tests\Unit\Http\Middleware\McpCorsMiddlewareTest" classname="JTD.LaravelMCP.Tests.Unit.Http.Middleware.McpCorsMiddlewareTest" assertions="0" time="0.000000">
          <error type="Exception">JTD\LaravelMCP\Tests\Unit\Http\Middleware\McpCorsMiddlewareTest::it_rejects_disallowed_origins
Exception: The /var/www/html/vendor/orchestra/testbench-core/laravel/bootstrap/cache directory must be present and writable.

/var/www/html/vendor/laravel/framework/src/Illuminate/Foundation/PackageManifest.php:179
/var/www/html/vendor/orchestra/testbench-core/src/Foundation/PackageManifest.php:157
/var/www/html/vendor/laravel/framework/src/Illuminate/Foundation/PackageManifest.php:132
/var/www/html/vendor/laravel/framework/src/Illuminate/Foundation/PackageManifest.php:108
/var/www/html/vendor/orchestra/testbench-core/src/Foundation/PackageManifest.php:102
/var/www/html/vendor/laravel/framework/src/Illuminate/Foundation/PackageManifest.php:91
/var/www/html/vendor/laravel/framework/src/Illuminate/Foundation/PackageManifest.php:80
/var/www/html/vendor/laravel/framework/src/Illuminate/Foundation/Bootstrap/RegisterFacades.php:26
/var/www/html/vendor/orchestra/testbench-core/src/Concerns/CreatesApplication.php:556
/var/www/html/vendor/orchestra/testbench-core/src/Concerns/CreatesApplication.php:311
/var/www/html/vendor/orchestra/testbench-core/src/TestCase.php:121
/var/www/html/vendor/orchestra/testbench-core/src/Concerns/ApplicationTestingHooks.php:74
/var/www/html/vendor/orchestra/testbench-core/src/Concerns/Testing.php:43
/var/www/html/vendor/laravel/framework/src/Illuminate/Collections/helpers.php:236
/var/www/html/vendor/orchestra/sidekick/src/functions.php:87
/var/www/html/vendor/laravel/framework/src/Illuminate/Collections/helpers.php:236
/var/www/html/vendor/orchestra/testbench-core/src/Concerns/Testing.php:57
/var/www/html/vendor/orchestra/testbench-core/src/TestCase.php:50
/var/www/html/tests/TestCase.php:61
/var/www/html/tests/Unit/Http/Middleware/McpCorsMiddlewareTest.php:32</error>
        </testcase>
        <testcase name="it_allows_all_origins_with_wildcard" file="/var/www/html/tests/Unit/Http/Middleware/McpCorsMiddlewareTest.php" line="145" class="JTD\LaravelMCP\Tests\Unit\Http\Middleware\McpCorsMiddlewareTest" classname="JTD.LaravelMCP.Tests.Unit.Http.Middleware.McpCorsMiddlewareTest" assertions="0" time="0.000000">
          <error type="Exception">JTD\LaravelMCP\Tests\Unit\Http\Middleware\McpCorsMiddlewareTest::it_allows_all_origins_with_wildcard
Exception: The /var/www/html/vendor/orchestra/testbench-core/laravel/bootstrap/cache directory must be present and writable.

/var/www/html/vendor/laravel/framework/src/Illuminate/Foundation/PackageManifest.php:179
/var/www/html/vendor/orchestra/testbench-core/src/Foundation/PackageManifest.php:157
/var/www/html/vendor/laravel/framework/src/Illuminate/Foundation/PackageManifest.php:132
/var/www/html/vendor/laravel/framework/src/Illuminate/Foundation/PackageManifest.php:108
/var/www/html/vendor/orchestra/testbench-core/src/Foundation/PackageManifest.php:102
/var/www/html/vendor/laravel/framework/src/Illuminate/Foundation/PackageManifest.php:91
/var/www/html/vendor/laravel/framework/src/Illuminate/Foundation/PackageManifest.php:80
/var/www/html/vendor/laravel/framework/src/Illuminate/Foundation/Bootstrap/RegisterFacades.php:26
/var/www/html/vendor/orchestra/testbench-core/src/Concerns/CreatesApplication.php:556
/var/www/html/vendor/orchestra/testbench-core/src/Concerns/CreatesApplication.php:311
/var/www/html/vendor/orchestra/testbench-core/src/TestCase.php:121
/var/www/html/vendor/orchestra/testbench-core/src/Concerns/ApplicationTestingHooks.php:74
/var/www/html/vendor/orchestra/testbench-core/src/Concerns/Testing.php:43
/var/www/html/vendor/laravel/framework/src/Illuminate/Collections/helpers.php:236
/var/www/html/vendor/orchestra/sidekick/src/functions.php:87
/var/www/html/vendor/laravel/framework/src/Illuminate/Collections/helpers.php:236
/var/www/html/vendor/orchestra/testbench-core/src/Concerns/Testing.php:57
/var/www/html/vendor/orchestra/testbench-core/src/TestCase.php:50
/var/www/html/tests/TestCase.php:61
/var/www/html/tests/Unit/Http/Middleware/McpCorsMiddlewareTest.php:32</error>
        </testcase>
        <testcase name="it_sets_default_origin_when_no_origin_header" file="/var/www/html/tests/Unit/Http/Middleware/McpCorsMiddlewareTest.php" line="168" class="JTD\LaravelMCP\Tests\Unit\Http\Middleware\McpCorsMiddlewareTest" classname="JTD.LaravelMCP.Tests.Unit.Http.Middleware.McpCorsMiddlewareTest" assertions="0" time="0.000000">
          <error type="Exception">JTD\LaravelMCP\Tests\Unit\Http\Middleware\McpCorsMiddlewareTest::it_sets_default_origin_when_no_origin_header
Exception: The /var/www/html/vendor/orchestra/testbench-core/laravel/bootstrap/cache directory must be present and writable.

/var/www/html/vendor/laravel/framework/src/Illuminate/Foundation/PackageManifest.php:179
/var/www/html/vendor/orchestra/testbench-core/src/Foundation/PackageManifest.php:157
/var/www/html/vendor/laravel/framework/src/Illuminate/Foundation/PackageManifest.php:132
/var/www/html/vendor/laravel/framework/src/Illuminate/Foundation/PackageManifest.php:108
/var/www/html/vendor/orchestra/testbench-core/src/Foundation/PackageManifest.php:102
/var/www/html/vendor/laravel/framework/src/Illuminate/Foundation/PackageManifest.php:91
/var/www/html/vendor/laravel/framework/src/Illuminate/Foundation/PackageManifest.php:80
/var/www/html/vendor/laravel/framework/src/Illuminate/Foundation/Bootstrap/RegisterFacades.php:26
/var/www/html/vendor/orchestra/testbench-core/src/Concerns/CreatesApplication.php:556
/var/www/html/vendor/orchestra/testbench-core/src/Concerns/CreatesApplication.php:311
/var/www/html/vendor/orchestra/testbench-core/src/TestCase.php:121
/var/www/html/vendor/orchestra/testbench-core/src/Concerns/ApplicationTestingHooks.php:74
/var/www/html/vendor/orchestra/testbench-core/src/Concerns/Testing.php:43
/var/www/html/vendor/laravel/framework/src/Illuminate/Collections/helpers.php:236
/var/www/html/vendor/orchestra/sidekick/src/functions.php:87
/var/www/html/vendor/laravel/framework/src/Illuminate/Collections/helpers.php:236
/var/www/html/vendor/orchestra/testbench-core/src/Concerns/Testing.php:57
/var/www/html/vendor/orchestra/testbench-core/src/TestCase.php:50
/var/www/html/tests/TestCase.php:61
/var/www/html/tests/Unit/Http/Middleware/McpCorsMiddlewareTest.php:32</error>
        </testcase>
        <testcase name="it_uses_default_configuration_values" file="/var/www/html/tests/Unit/Http/Middleware/McpCorsMiddlewareTest.php" line="191" class="JTD\LaravelMCP\Tests\Unit\Http\Middleware\McpCorsMiddlewareTest" classname="JTD.LaravelMCP.Tests.Unit.Http.Middleware.McpCorsMiddlewareTest" assertions="0" time="0.000000">
          <error type="Exception">JTD\LaravelMCP\Tests\Unit\Http\Middleware\McpCorsMiddlewareTest::it_uses_default_configuration_values
Exception: The /var/www/html/vendor/orchestra/testbench-core/laravel/bootstrap/cache directory must be present and writable.

/var/www/html/vendor/laravel/framework/src/Illuminate/Foundation/PackageManifest.php:179
/var/www/html/vendor/orchestra/testbench-core/src/Foundation/PackageManifest.php:157
/var/www/html/vendor/laravel/framework/src/Illuminate/Foundation/PackageManifest.php:132
/var/www/html/vendor/laravel/framework/src/Illuminate/Foundation/PackageManifest.php:108
/var/www/html/vendor/orchestra/testbench-core/src/Foundation/PackageManifest.php:102
/var/www/html/vendor/laravel/framework/src/Illuminate/Foundation/PackageManifest.php:91
/var/www/html/vendor/laravel/framework/src/Illuminate/Foundation/PackageManifest.php:80
/var/www/html/vendor/laravel/framework/src/Illuminate/Foundation/Bootstrap/RegisterFacades.php:26
/var/www/html/vendor/orchestra/testbench-core/src/Concerns/CreatesApplication.php:556
/var/www/html/vendor/orchestra/testbench-core/src/Concerns/CreatesApplication.php:311
/var/www/html/vendor/orchestra/testbench-core/src/TestCase.php:121
/var/www/html/vendor/orchestra/testbench-core/src/Concerns/ApplicationTestingHooks.php:74
/var/www/html/vendor/orchestra/testbench-core/src/Concerns/Testing.php:43
/var/www/html/vendor/laravel/framework/src/Illuminate/Collections/helpers.php:236
/var/www/html/vendor/orchestra/sidekick/src/functions.php:87
/var/www/html/vendor/laravel/framework/src/Illuminate/Collections/helpers.php:236
/var/www/html/vendor/orchestra/testbench-core/src/Concerns/Testing.php:57
/var/www/html/vendor/orchestra/testbench-core/src/TestCase.php:50
/var/www/html/tests/TestCase.php:61
/var/www/html/tests/Unit/Http/Middleware/McpCorsMiddlewareTest.php:32</error>
        </testcase>
        <testcase name="it_includes_mcp_specific_headers" file="/var/www/html/tests/Unit/Http/Middleware/McpCorsMiddlewareTest.php" line="217" class="JTD\LaravelMCP\Tests\Unit\Http\Middleware\McpCorsMiddlewareTest" classname="JTD.LaravelMCP.Tests.Unit.Http.Middleware.McpCorsMiddlewareTest" assertions="0" time="0.000000">
          <error type="Exception">JTD\LaravelMCP\Tests\Unit\Http\Middleware\McpCorsMiddlewareTest::it_includes_mcp_specific_headers
Exception: The /var/www/html/vendor/orchestra/testbench-core/laravel/bootstrap/cache directory must be present and writable.

/var/www/html/vendor/laravel/framework/src/Illuminate/Foundation/PackageManifest.php:179
/var/www/html/vendor/orchestra/testbench-core/src/Foundation/PackageManifest.php:157
/var/www/html/vendor/laravel/framework/src/Illuminate/Foundation/PackageManifest.php:132
/var/www/html/vendor/laravel/framework/src/Illuminate/Foundation/PackageManifest.php:108
/var/www/html/vendor/orchestra/testbench-core/src/Foundation/PackageManifest.php:102
/var/www/html/vendor/laravel/framework/src/Illuminate/Foundation/PackageManifest.php:91
/var/www/html/vendor/laravel/framework/src/Illuminate/Foundation/PackageManifest.php:80
/var/www/html/vendor/laravel/framework/src/Illuminate/Foundation/Bootstrap/RegisterFacades.php:26
/var/www/html/vendor/orchestra/testbench-core/src/Concerns/CreatesApplication.php:556
/var/www/html/vendor/orchestra/testbench-core/src/Concerns/CreatesApplication.php:311
/var/www/html/vendor/orchestra/testbench-core/src/TestCase.php:121
/var/www/html/vendor/orchestra/testbench-core/src/Concerns/ApplicationTestingHooks.php:74
/var/www/html/vendor/orchestra/testbench-core/src/Concerns/Testing.php:43
/var/www/html/vendor/laravel/framework/src/Illuminate/Collections/helpers.php:236
/var/www/html/vendor/orchestra/sidekick/src/functions.php:87
/var/www/html/vendor/laravel/framework/src/Illuminate/Collections/helpers.php:236
/var/www/html/vendor/orchestra/testbench-core/src/Concerns/Testing.php:57
/var/www/html/vendor/orchestra/testbench-core/src/TestCase.php:50
/var/www/html/tests/TestCase.php:61
/var/www/html/tests/Unit/Http/Middleware/McpCorsMiddlewareTest.php:32</error>
        </testcase>
      </testsuite>
      <testsuite name="JTD\LaravelMCP\Tests\Unit\Http\Middleware\McpErrorHandlingMiddlewareTest" file="/var/www/html/tests/Unit/Http/Middleware/McpErrorHandlingMiddlewareTest.php" tests="30" assertions="0" errors="30" failures="0" skipped="0" time="0.000000">
        <testcase name="it_passes_through_successful_requests" file="/var/www/html/tests/Unit/Http/Middleware/McpErrorHandlingMiddlewareTest.php" line="64" class="JTD\LaravelMCP\Tests\Unit\Http\Middleware\McpErrorHandlingMiddlewareTest" classname="JTD.LaravelMCP.Tests.Unit.Http.Middleware.McpErrorHandlingMiddlewareTest" assertions="0" time="0.000000">
          <error type="Exception">JTD\LaravelMCP\Tests\Unit\Http\Middleware\McpErrorHandlingMiddlewareTest::it_passes_through_successful_requests
Exception: The /var/www/html/vendor/orchestra/testbench-core/laravel/bootstrap/cache directory must be present and writable.

/var/www/html/vendor/laravel/framework/src/Illuminate/Foundation/PackageManifest.php:179
/var/www/html/vendor/orchestra/testbench-core/src/Foundation/PackageManifest.php:157
/var/www/html/vendor/laravel/framework/src/Illuminate/Foundation/PackageManifest.php:132
/var/www/html/vendor/laravel/framework/src/Illuminate/Foundation/PackageManifest.php:108
/var/www/html/vendor/orchestra/testbench-core/src/Foundation/PackageManifest.php:102
/var/www/html/vendor/laravel/framework/src/Illuminate/Foundation/PackageManifest.php:91
/var/www/html/vendor/laravel/framework/src/Illuminate/Foundation/PackageManifest.php:80
/var/www/html/vendor/laravel/framework/src/Illuminate/Foundation/Bootstrap/RegisterFacades.php:26
/var/www/html/vendor/orchestra/testbench-core/src/Concerns/CreatesApplication.php:556
/var/www/html/vendor/orchestra/testbench-core/src/Concerns/CreatesApplication.php:311
/var/www/html/vendor/orchestra/testbench-core/src/TestCase.php:121
/var/www/html/vendor/orchestra/testbench-core/src/Concerns/ApplicationTestingHooks.php:74
/var/www/html/vendor/orchestra/testbench-core/src/Concerns/Testing.php:43
/var/www/html/vendor/laravel/framework/src/Illuminate/Collections/helpers.php:236
/var/www/html/vendor/orchestra/sidekick/src/functions.php:87
/var/www/html/vendor/laravel/framework/src/Illuminate/Collections/helpers.php:236
/var/www/html/vendor/orchestra/testbench-core/src/Concerns/Testing.php:57
/var/www/html/vendor/orchestra/testbench-core/src/TestCase.php:50
/var/www/html/tests/TestCase.php:61
/var/www/html/tests/Unit/Http/Middleware/McpErrorHandlingMiddlewareTest.php:45</error>
        </testcase>
        <testcase name="it_handles_validation_exceptions" file="/var/www/html/tests/Unit/Http/Middleware/McpErrorHandlingMiddlewareTest.php" line="79" class="JTD\LaravelMCP\Tests\Unit\Http\Middleware\McpErrorHandlingMiddlewareTest" classname="JTD.LaravelMCP.Tests.Unit.Http.Middleware.McpErrorHandlingMiddlewareTest" assertions="0" time="0.000000">
          <error type="Exception">JTD\LaravelMCP\Tests\Unit\Http\Middleware\McpErrorHandlingMiddlewareTest::it_handles_validation_exceptions
Exception: The /var/www/html/vendor/orchestra/testbench-core/laravel/bootstrap/cache directory must be present and writable.

/var/www/html/vendor/laravel/framework/src/Illuminate/Foundation/PackageManifest.php:179
/var/www/html/vendor/orchestra/testbench-core/src/Foundation/PackageManifest.php:157
/var/www/html/vendor/laravel/framework/src/Illuminate/Foundation/PackageManifest.php:132
/var/www/html/vendor/laravel/framework/src/Illuminate/Foundation/PackageManifest.php:108
/var/www/html/vendor/orchestra/testbench-core/src/Foundation/PackageManifest.php:102
/var/www/html/vendor/laravel/framework/src/Illuminate/Foundation/PackageManifest.php:91
/var/www/html/vendor/laravel/framework/src/Illuminate/Foundation/PackageManifest.php:80
/var/www/html/vendor/laravel/framework/src/Illuminate/Foundation/Bootstrap/RegisterFacades.php:26
/var/www/html/vendor/orchestra/testbench-core/src/Concerns/CreatesApplication.php:556
/var/www/html/vendor/orchestra/testbench-core/src/Concerns/CreatesApplication.php:311
/var/www/html/vendor/orchestra/testbench-core/src/TestCase.php:121
/var/www/html/vendor/orchestra/testbench-core/src/Concerns/ApplicationTestingHooks.php:74
/var/www/html/vendor/orchestra/testbench-core/src/Concerns/Testing.php:43
/var/www/html/vendor/laravel/framework/src/Illuminate/Collections/helpers.php:236
/var/www/html/vendor/orchestra/sidekick/src/functions.php:87
/var/www/html/vendor/laravel/framework/src/Illuminate/Collections/helpers.php:236
/var/www/html/vendor/orchestra/testbench-core/src/Concerns/Testing.php:57
/var/www/html/vendor/orchestra/testbench-core/src/TestCase.php:50
/var/www/html/tests/TestCase.php:61
/var/www/html/tests/Unit/Http/Middleware/McpErrorHandlingMiddlewareTest.php:45</error>
        </testcase>
        <testcase name="it_handles_authentication_exceptions" file="/var/www/html/tests/Unit/Http/Middleware/McpErrorHandlingMiddlewareTest.php" line="118" class="JTD\LaravelMCP\Tests\Unit\Http\Middleware\McpErrorHandlingMiddlewareTest" classname="JTD.LaravelMCP.Tests.Unit.Http.Middleware.McpErrorHandlingMiddlewareTest" assertions="0" time="0.000000">
          <error type="Exception">JTD\LaravelMCP\Tests\Unit\Http\Middleware\McpErrorHandlingMiddlewareTest::it_handles_authentication_exceptions
Exception: The /var/www/html/vendor/orchestra/testbench-core/laravel/bootstrap/cache directory must be present and writable.

/var/www/html/vendor/laravel/framework/src/Illuminate/Foundation/PackageManifest.php:179
/var/www/html/vendor/orchestra/testbench-core/src/Foundation/PackageManifest.php:157
/var/www/html/vendor/laravel/framework/src/Illuminate/Foundation/PackageManifest.php:132
/var/www/html/vendor/laravel/framework/src/Illuminate/Foundation/PackageManifest.php:108
/var/www/html/vendor/orchestra/testbench-core/src/Foundation/PackageManifest.php:102
/var/www/html/vendor/laravel/framework/src/Illuminate/Foundation/PackageManifest.php:91
/var/www/html/vendor/laravel/framework/src/Illuminate/Foundation/PackageManifest.php:80
/var/www/html/vendor/laravel/framework/src/Illuminate/Foundation/Bootstrap/RegisterFacades.php:26
/var/www/html/vendor/orchestra/testbench-core/src/Concerns/CreatesApplication.php:556
/var/www/html/vendor/orchestra/testbench-core/src/Concerns/CreatesApplication.php:311
/var/www/html/vendor/orchestra/testbench-core/src/TestCase.php:121
/var/www/html/vendor/orchestra/testbench-core/src/Concerns/ApplicationTestingHooks.php:74
/var/www/html/vendor/orchestra/testbench-core/src/Concerns/Testing.php:43
/var/www/html/vendor/laravel/framework/src/Illuminate/Collections/helpers.php:236
/var/www/html/vendor/orchestra/sidekick/src/functions.php:87
/var/www/html/vendor/laravel/framework/src/Illuminate/Collections/helpers.php:236
/var/www/html/vendor/orchestra/testbench-core/src/Concerns/Testing.php:57
/var/www/html/vendor/orchestra/testbench-core/src/TestCase.php:50
/var/www/html/tests/TestCase.php:61
/var/www/html/tests/Unit/Http/Middleware/McpErrorHandlingMiddlewareTest.php:45</error>
        </testcase>
        <testcase name="it_handles_authorization_exceptions" file="/var/www/html/tests/Unit/Http/Middleware/McpErrorHandlingMiddlewareTest.php" line="153" class="JTD\LaravelMCP\Tests\Unit\Http\Middleware\McpErrorHandlingMiddlewareTest" classname="JTD.LaravelMCP.Tests.Unit.Http.Middleware.McpErrorHandlingMiddlewareTest" assertions="0" time="0.000000">
          <error type="Exception">JTD\LaravelMCP\Tests\Unit\Http\Middleware\McpErrorHandlingMiddlewareTest::it_handles_authorization_exceptions
Exception: The /var/www/html/vendor/orchestra/testbench-core/laravel/bootstrap/cache directory must be present and writable.

/var/www/html/vendor/laravel/framework/src/Illuminate/Foundation/PackageManifest.php:179
/var/www/html/vendor/orchestra/testbench-core/src/Foundation/PackageManifest.php:157
/var/www/html/vendor/laravel/framework/src/Illuminate/Foundation/PackageManifest.php:132
/var/www/html/vendor/laravel/framework/src/Illuminate/Foundation/PackageManifest.php:108
/var/www/html/vendor/orchestra/testbench-core/src/Foundation/PackageManifest.php:102
/var/www/html/vendor/laravel/framework/src/Illuminate/Foundation/PackageManifest.php:91
/var/www/html/vendor/laravel/framework/src/Illuminate/Foundation/PackageManifest.php:80
/var/www/html/vendor/laravel/framework/src/Illuminate/Foundation/Bootstrap/RegisterFacades.php:26
/var/www/html/vendor/orchestra/testbench-core/src/Concerns/CreatesApplication.php:556
/var/www/html/vendor/orchestra/testbench-core/src/Concerns/CreatesApplication.php:311
/var/www/html/vendor/orchestra/testbench-core/src/TestCase.php:121
/var/www/html/vendor/orchestra/testbench-core/src/Concerns/ApplicationTestingHooks.php:74
/var/www/html/vendor/orchestra/testbench-core/src/Concerns/Testing.php:43
/var/www/html/vendor/laravel/framework/src/Illuminate/Collections/helpers.php:236
/var/www/html/vendor/orchestra/sidekick/src/functions.php:87
/var/www/html/vendor/laravel/framework/src/Illuminate/Collections/helpers.php:236
/var/www/html/vendor/orchestra/testbench-core/src/Concerns/Testing.php:57
/var/www/html/vendor/orchestra/testbench-core/src/TestCase.php:50
/var/www/html/tests/TestCase.php:61
/var/www/html/tests/Unit/Http/Middleware/McpErrorHandlingMiddlewareTest.php:45</error>
        </testcase>
        <testcase name="it_handles_model_not_found_exceptions" file="/var/www/html/tests/Unit/Http/Middleware/McpErrorHandlingMiddlewareTest.php" line="187" class="JTD\LaravelMCP\Tests\Unit\Http\Middleware\McpErrorHandlingMiddlewareTest" classname="JTD.LaravelMCP.Tests.Unit.Http.Middleware.McpErrorHandlingMiddlewareTest" assertions="0" time="0.000000">
          <error type="Exception">JTD\LaravelMCP\Tests\Unit\Http\Middleware\McpErrorHandlingMiddlewareTest::it_handles_model_not_found_exceptions
Exception: The /var/www/html/vendor/orchestra/testbench-core/laravel/bootstrap/cache directory must be present and writable.

/var/www/html/vendor/laravel/framework/src/Illuminate/Foundation/PackageManifest.php:179
/var/www/html/vendor/orchestra/testbench-core/src/Foundation/PackageManifest.php:157
/var/www/html/vendor/laravel/framework/src/Illuminate/Foundation/PackageManifest.php:132
/var/www/html/vendor/laravel/framework/src/Illuminate/Foundation/PackageManifest.php:108
/var/www/html/vendor/orchestra/testbench-core/src/Foundation/PackageManifest.php:102
/var/www/html/vendor/laravel/framework/src/Illuminate/Foundation/PackageManifest.php:91
/var/www/html/vendor/laravel/framework/src/Illuminate/Foundation/PackageManifest.php:80
/var/www/html/vendor/laravel/framework/src/Illuminate/Foundation/Bootstrap/RegisterFacades.php:26
/var/www/html/vendor/orchestra/testbench-core/src/Concerns/CreatesApplication.php:556
/var/www/html/vendor/orchestra/testbench-core/src/Concerns/CreatesApplication.php:311
/var/www/html/vendor/orchestra/testbench-core/src/TestCase.php:121
/var/www/html/vendor/orchestra/testbench-core/src/Concerns/ApplicationTestingHooks.php:74
/var/www/html/vendor/orchestra/testbench-core/src/Concerns/Testing.php:43
/var/www/html/vendor/laravel/framework/src/Illuminate/Collections/helpers.php:236
/var/www/html/vendor/orchestra/sidekick/src/functions.php:87
/var/www/html/vendor/laravel/framework/src/Illuminate/Collections/helpers.php:236
/var/www/html/vendor/orchestra/testbench-core/src/Concerns/Testing.php:57
/var/www/html/vendor/orchestra/testbench-core/src/TestCase.php:50
/var/www/html/tests/TestCase.php:61
/var/www/html/tests/Unit/Http/Middleware/McpErrorHandlingMiddlewareTest.php:45</error>
        </testcase>
        <testcase name="it_handles_not_found_http_exceptions" file="/var/www/html/tests/Unit/Http/Middleware/McpErrorHandlingMiddlewareTest.php" line="218" class="JTD\LaravelMCP\Tests\Unit\Http\Middleware\McpErrorHandlingMiddlewareTest" classname="JTD.LaravelMCP.Tests.Unit.Http.Middleware.McpErrorHandlingMiddlewareTest" assertions="0" time="0.000000">
          <error type="Exception">JTD\LaravelMCP\Tests\Unit\Http\Middleware\McpErrorHandlingMiddlewareTest::it_handles_not_found_http_exceptions
Exception: The /var/www/html/vendor/orchestra/testbench-core/laravel/bootstrap/cache directory must be present and writable.

/var/www/html/vendor/laravel/framework/src/Illuminate/Foundation/PackageManifest.php:179
/var/www/html/vendor/orchestra/testbench-core/src/Foundation/PackageManifest.php:157
/var/www/html/vendor/laravel/framework/src/Illuminate/Foundation/PackageManifest.php:132
/var/www/html/vendor/laravel/framework/src/Illuminate/Foundation/PackageManifest.php:108
/var/www/html/vendor/orchestra/testbench-core/src/Foundation/PackageManifest.php:102
/var/www/html/vendor/laravel/framework/src/Illuminate/Foundation/PackageManifest.php:91
/var/www/html/vendor/laravel/framework/src/Illuminate/Foundation/PackageManifest.php:80
/var/www/html/vendor/laravel/framework/src/Illuminate/Foundation/Bootstrap/RegisterFacades.php:26
/var/www/html/vendor/orchestra/testbench-core/src/Concerns/CreatesApplication.php:556
/var/www/html/vendor/orchestra/testbench-core/src/Concerns/CreatesApplication.php:311
/var/www/html/vendor/orchestra/testbench-core/src/TestCase.php:121
/var/www/html/vendor/orchestra/testbench-core/src/Concerns/ApplicationTestingHooks.php:74
/var/www/html/vendor/orchestra/testbench-core/src/Concerns/Testing.php:43
/var/www/html/vendor/laravel/framework/src/Illuminate/Collections/helpers.php:236
/var/www/html/vendor/orchestra/sidekick/src/functions.php:87
/var/www/html/vendor/laravel/framework/src/Illuminate/Collections/helpers.php:236
/var/www/html/vendor/orchestra/testbench-core/src/Concerns/Testing.php:57
/var/www/html/vendor/orchestra/testbench-core/src/TestCase.php:50
/var/www/html/tests/TestCase.php:61
/var/www/html/tests/Unit/Http/Middleware/McpErrorHandlingMiddlewareTest.php:45</error>
        </testcase>
        <testcase name="it_handles_mcp_specific_exceptions" file="/var/www/html/tests/Unit/Http/Middleware/McpErrorHandlingMiddlewareTest.php" line="299" class="JTD\LaravelMCP\Tests\Unit\Http\Middleware\McpErrorHandlingMiddlewareTest" classname="JTD.LaravelMCP.Tests.Unit.Http.Middleware.McpErrorHandlingMiddlewareTest" assertions="0" time="0.000000">
          <error type="Exception">JTD\LaravelMCP\Tests\Unit\Http\Middleware\McpErrorHandlingMiddlewareTest::it_handles_mcp_specific_exceptions
Exception: The /var/www/html/vendor/orchestra/testbench-core/laravel/bootstrap/cache directory must be present and writable.

/var/www/html/vendor/laravel/framework/src/Illuminate/Foundation/PackageManifest.php:179
/var/www/html/vendor/orchestra/testbench-core/src/Foundation/PackageManifest.php:157
/var/www/html/vendor/laravel/framework/src/Illuminate/Foundation/PackageManifest.php:132
/var/www/html/vendor/laravel/framework/src/Illuminate/Foundation/PackageManifest.php:108
/var/www/html/vendor/orchestra/testbench-core/src/Foundation/PackageManifest.php:102
/var/www/html/vendor/laravel/framework/src/Illuminate/Foundation/PackageManifest.php:91
/var/www/html/vendor/laravel/framework/src/Illuminate/Foundation/PackageManifest.php:80
/var/www/html/vendor/laravel/framework/src/Illuminate/Foundation/Bootstrap/RegisterFacades.php:26
/var/www/html/vendor/orchestra/testbench-core/src/Concerns/CreatesApplication.php:556
/var/www/html/vendor/orchestra/testbench-core/src/Concerns/CreatesApplication.php:311
/var/www/html/vendor/orchestra/testbench-core/src/TestCase.php:121
/var/www/html/vendor/orchestra/testbench-core/src/Concerns/ApplicationTestingHooks.php:74
/var/www/html/vendor/orchestra/testbench-core/src/Concerns/Testing.php:43
/var/www/html/vendor/laravel/framework/src/Illuminate/Collections/helpers.php:236
/var/www/html/vendor/orchestra/sidekick/src/functions.php:87
/var/www/html/vendor/laravel/framework/src/Illuminate/Collections/helpers.php:236
/var/www/html/vendor/orchestra/testbench-core/src/Concerns/Testing.php:57
/var/www/html/vendor/orchestra/testbench-core/src/TestCase.php:50
/var/www/html/tests/TestCase.php:61
/var/www/html/tests/Unit/Http/Middleware/McpErrorHandlingMiddlewareTest.php:45</error>
        </testcase>
        <testcase name="it_handles_mcp_namespace_exceptions" file="/var/www/html/tests/Unit/Http/Middleware/McpErrorHandlingMiddlewareTest.php" line="347" class="JTD\LaravelMCP\Tests\Unit\Http\Middleware\McpErrorHandlingMiddlewareTest" classname="JTD.LaravelMCP.Tests.Unit.Http.Middleware.McpErrorHandlingMiddlewareTest" assertions="0" time="0.000000">
          <error type="Exception">JTD\LaravelMCP\Tests\Unit\Http\Middleware\McpErrorHandlingMiddlewareTest::it_handles_mcp_namespace_exceptions
Exception: The /var/www/html/vendor/orchestra/testbench-core/laravel/bootstrap/cache directory must be present and writable.

/var/www/html/vendor/laravel/framework/src/Illuminate/Foundation/PackageManifest.php:179
/var/www/html/vendor/orchestra/testbench-core/src/Foundation/PackageManifest.php:157
/var/www/html/vendor/laravel/framework/src/Illuminate/Foundation/PackageManifest.php:132
/var/www/html/vendor/laravel/framework/src/Illuminate/Foundation/PackageManifest.php:108
/var/www/html/vendor/orchestra/testbench-core/src/Foundation/PackageManifest.php:102
/var/www/html/vendor/laravel/framework/src/Illuminate/Foundation/PackageManifest.php:91
/var/www/html/vendor/laravel/framework/src/Illuminate/Foundation/PackageManifest.php:80
/var/www/html/vendor/laravel/framework/src/Illuminate/Foundation/Bootstrap/RegisterFacades.php:26
/var/www/html/vendor/orchestra/testbench-core/src/Concerns/CreatesApplication.php:556
/var/www/html/vendor/orchestra/testbench-core/src/Concerns/CreatesApplication.php:311
/var/www/html/vendor/orchestra/testbench-core/src/TestCase.php:121
/var/www/html/vendor/orchestra/testbench-core/src/Concerns/ApplicationTestingHooks.php:74
/var/www/html/vendor/orchestra/testbench-core/src/Concerns/Testing.php:43
/var/www/html/vendor/laravel/framework/src/Illuminate/Collections/helpers.php:236
/var/www/html/vendor/orchestra/sidekick/src/functions.php:87
/var/www/html/vendor/laravel/framework/src/Illuminate/Collections/helpers.php:236
/var/www/html/vendor/orchestra/testbench-core/src/Concerns/Testing.php:57
/var/www/html/vendor/orchestra/testbench-core/src/TestCase.php:50
/var/www/html/tests/TestCase.php:61
/var/www/html/tests/Unit/Http/Middleware/McpErrorHandlingMiddlewareTest.php:45</error>
        </testcase>
        <testcase name="it_handles_generic_exceptions_without_debug" file="/var/www/html/tests/Unit/Http/Middleware/McpErrorHandlingMiddlewareTest.php" line="377" class="JTD\LaravelMCP\Tests\Unit\Http\Middleware\McpErrorHandlingMiddlewareTest" classname="JTD.LaravelMCP.Tests.Unit.Http.Middleware.McpErrorHandlingMiddlewareTest" assertions="0" time="0.000000">
          <error type="Exception">JTD\LaravelMCP\Tests\Unit\Http\Middleware\McpErrorHandlingMiddlewareTest::it_handles_generic_exceptions_without_debug
Exception: The /var/www/html/vendor/orchestra/testbench-core/laravel/bootstrap/cache directory must be present and writable.

/var/www/html/vendor/laravel/framework/src/Illuminate/Foundation/PackageManifest.php:179
/var/www/html/vendor/orchestra/testbench-core/src/Foundation/PackageManifest.php:157
/var/www/html/vendor/laravel/framework/src/Illuminate/Foundation/PackageManifest.php:132
/var/www/html/vendor/laravel/framework/src/Illuminate/Foundation/PackageManifest.php:108
/var/www/html/vendor/orchestra/testbench-core/src/Foundation/PackageManifest.php:102
/var/www/html/vendor/laravel/framework/src/Illuminate/Foundation/PackageManifest.php:91
/var/www/html/vendor/laravel/framework/src/Illuminate/Foundation/PackageManifest.php:80
/var/www/html/vendor/laravel/framework/src/Illuminate/Foundation/Bootstrap/RegisterFacades.php:26
/var/www/html/vendor/orchestra/testbench-core/src/Concerns/CreatesApplication.php:556
/var/www/html/vendor/orchestra/testbench-core/src/Concerns/CreatesApplication.php:311
/var/www/html/vendor/orchestra/testbench-core/src/TestCase.php:121
/var/www/html/vendor/orchestra/testbench-core/src/Concerns/ApplicationTestingHooks.php:74
/var/www/html/vendor/orchestra/testbench-core/src/Concerns/Testing.php:43
/var/www/html/vendor/laravel/framework/src/Illuminate/Collections/helpers.php:236
/var/www/html/vendor/orchestra/sidekick/src/functions.php:87
/var/www/html/vendor/laravel/framework/src/Illuminate/Collections/helpers.php:236
/var/www/html/vendor/orchestra/testbench-core/src/Concerns/Testing.php:57
/var/www/html/vendor/orchestra/testbench-core/src/TestCase.php:50
/var/www/html/tests/TestCase.php:61
/var/www/html/tests/Unit/Http/Middleware/McpErrorHandlingMiddlewareTest.php:45</error>
        </testcase>
        <testcase name="it_handles_generic_exceptions_with_debug" file="/var/www/html/tests/Unit/Http/Middleware/McpErrorHandlingMiddlewareTest.php" line="425" class="JTD\LaravelMCP\Tests\Unit\Http\Middleware\McpErrorHandlingMiddlewareTest" classname="JTD.LaravelMCP.Tests.Unit.Http.Middleware.McpErrorHandlingMiddlewareTest" assertions="0" time="0.000000">
          <error type="Exception">JTD\LaravelMCP\Tests\Unit\Http\Middleware\McpErrorHandlingMiddlewareTest::it_handles_generic_exceptions_with_debug
Exception: The /var/www/html/vendor/orchestra/testbench-core/laravel/bootstrap/cache directory must be present and writable.

/var/www/html/vendor/laravel/framework/src/Illuminate/Foundation/PackageManifest.php:179
/var/www/html/vendor/orchestra/testbench-core/src/Foundation/PackageManifest.php:157
/var/www/html/vendor/laravel/framework/src/Illuminate/Foundation/PackageManifest.php:132
/var/www/html/vendor/laravel/framework/src/Illuminate/Foundation/PackageManifest.php:108
/var/www/html/vendor/orchestra/testbench-core/src/Foundation/PackageManifest.php:102
/var/www/html/vendor/laravel/framework/src/Illuminate/Foundation/PackageManifest.php:91
/var/www/html/vendor/laravel/framework/src/Illuminate/Foundation/PackageManifest.php:80
/var/www/html/vendor/laravel/framework/src/Illuminate/Foundation/Bootstrap/RegisterFacades.php:26
/var/www/html/vendor/orchestra/testbench-core/src/Concerns/CreatesApplication.php:556
/var/www/html/vendor/orchestra/testbench-core/src/Concerns/CreatesApplication.php:311
/var/www/html/vendor/orchestra/testbench-core/src/TestCase.php:121
/var/www/html/vendor/orchestra/testbench-core/src/Concerns/ApplicationTestingHooks.php:74
/var/www/html/vendor/orchestra/testbench-core/src/Concerns/Testing.php:43
/var/www/html/vendor/laravel/framework/src/Illuminate/Collections/helpers.php:236
/var/www/html/vendor/orchestra/sidekick/src/functions.php:87
/var/www/html/vendor/laravel/framework/src/Illuminate/Collections/helpers.php:236
/var/www/html/vendor/orchestra/testbench-core/src/Concerns/Testing.php:57
/var/www/html/vendor/orchestra/testbench-core/src/TestCase.php:50
/var/www/html/tests/TestCase.php:61
/var/www/html/tests/Unit/Http/Middleware/McpErrorHandlingMiddlewareTest.php:45</error>
        </testcase>
        <testcase name="it_does_not_show_debug_info_when_disabled" file="/var/www/html/tests/Unit/Http/Middleware/McpErrorHandlingMiddlewareTest.php" line="465" class="JTD\LaravelMCP\Tests\Unit\Http\Middleware\McpErrorHandlingMiddlewareTest" classname="JTD.LaravelMCP.Tests.Unit.Http.Middleware.McpErrorHandlingMiddlewareTest" assertions="0" time="0.000000">
          <error type="Exception">JTD\LaravelMCP\Tests\Unit\Http\Middleware\McpErrorHandlingMiddlewareTest::it_does_not_show_debug_info_when_disabled
Exception: The /var/www/html/vendor/orchestra/testbench-core/laravel/bootstrap/cache directory must be present and writable.

/var/www/html/vendor/laravel/framework/src/Illuminate/Foundation/PackageManifest.php:179
/var/www/html/vendor/orchestra/testbench-core/src/Foundation/PackageManifest.php:157
/var/www/html/vendor/laravel/framework/src/Illuminate/Foundation/PackageManifest.php:132
/var/www/html/vendor/laravel/framework/src/Illuminate/Foundation/PackageManifest.php:108
/var/www/html/vendor/orchestra/testbench-core/src/Foundation/PackageManifest.php:102
/var/www/html/vendor/laravel/framework/src/Illuminate/Foundation/PackageManifest.php:91
/var/www/html/vendor/laravel/framework/src/Illuminate/Foundation/PackageManifest.php:80
/var/www/html/vendor/laravel/framework/src/Illuminate/Foundation/Bootstrap/RegisterFacades.php:26
/var/www/html/vendor/orchestra/testbench-core/src/Concerns/CreatesApplication.php:556
/var/www/html/vendor/orchestra/testbench-core/src/Concerns/CreatesApplication.php:311
/var/www/html/vendor/orchestra/testbench-core/src/TestCase.php:121
/var/www/html/vendor/orchestra/testbench-core/src/Concerns/ApplicationTestingHooks.php:74
/var/www/html/vendor/orchestra/testbench-core/src/Concerns/Testing.php:43
/var/www/html/vendor/laravel/framework/src/Illuminate/Collections/helpers.php:236
/var/www/html/vendor/orchestra/sidekick/src/functions.php:87
/var/www/html/vendor/laravel/framework/src/Illuminate/Collections/helpers.php:236
/var/www/html/vendor/orchestra/testbench-core/src/Concerns/Testing.php:57
/var/www/html/vendor/orchestra/testbench-core/src/TestCase.php:50
/var/www/html/tests/TestCase.php:61
/var/www/html/tests/Unit/Http/Middleware/McpErrorHandlingMiddlewareTest.php:45</error>
        </testcase>
        <testcase name="it_does_not_log_stack_trace_when_disabled" file="/var/www/html/tests/Unit/Http/Middleware/McpErrorHandlingMiddlewareTest.php" line="490" class="JTD\LaravelMCP\Tests\Unit\Http\Middleware\McpErrorHandlingMiddlewareTest" classname="JTD.LaravelMCP.Tests.Unit.Http.Middleware.McpErrorHandlingMiddlewareTest" assertions="0" time="0.000000">
          <error type="Exception">JTD\LaravelMCP\Tests\Unit\Http\Middleware\McpErrorHandlingMiddlewareTest::it_does_not_log_stack_trace_when_disabled
Exception: The /var/www/html/vendor/orchestra/testbench-core/laravel/bootstrap/cache directory must be present and writable.

/var/www/html/vendor/laravel/framework/src/Illuminate/Foundation/PackageManifest.php:179
/var/www/html/vendor/orchestra/testbench-core/src/Foundation/PackageManifest.php:157
/var/www/html/vendor/laravel/framework/src/Illuminate/Foundation/PackageManifest.php:132
/var/www/html/vendor/laravel/framework/src/Illuminate/Foundation/PackageManifest.php:108
/var/www/html/vendor/orchestra/testbench-core/src/Foundation/PackageManifest.php:102
/var/www/html/vendor/laravel/framework/src/Illuminate/Foundation/PackageManifest.php:91
/var/www/html/vendor/laravel/framework/src/Illuminate/Foundation/PackageManifest.php:80
/var/www/html/vendor/laravel/framework/src/Illuminate/Foundation/Bootstrap/RegisterFacades.php:26
/var/www/html/vendor/orchestra/testbench-core/src/Concerns/CreatesApplication.php:556
/var/www/html/vendor/orchestra/testbench-core/src/Concerns/CreatesApplication.php:311
/var/www/html/vendor/orchestra/testbench-core/src/TestCase.php:121
/var/www/html/vendor/orchestra/testbench-core/src/Concerns/ApplicationTestingHooks.php:74
/var/www/html/vendor/orchestra/testbench-core/src/Concerns/Testing.php:43
/var/www/html/vendor/laravel/framework/src/Illuminate/Collections/helpers.php:236
/var/www/html/vendor/orchestra/sidekick/src/functions.php:87
/var/www/html/vendor/laravel/framework/src/Illuminate/Collections/helpers.php:236
/var/www/html/vendor/orchestra/testbench-core/src/Concerns/Testing.php:57
/var/www/html/vendor/orchestra/testbench-core/src/TestCase.php:50
/var/www/html/tests/TestCase.php:61
/var/www/html/tests/Unit/Http/Middleware/McpErrorHandlingMiddlewareTest.php:45</error>
        </testcase>
        <testcase name="it_extracts_request_id_from_non_json_requests" file="/var/www/html/tests/Unit/Http/Middleware/McpErrorHandlingMiddlewareTest.php" line="513" class="JTD\LaravelMCP\Tests\Unit\Http\Middleware\McpErrorHandlingMiddlewareTest" classname="JTD.LaravelMCP.Tests.Unit.Http.Middleware.McpErrorHandlingMiddlewareTest" assertions="0" time="0.000000">
          <error type="Exception">JTD\LaravelMCP\Tests\Unit\Http\Middleware\McpErrorHandlingMiddlewareTest::it_extracts_request_id_from_non_json_requests
Exception: The /var/www/html/vendor/orchestra/testbench-core/laravel/bootstrap/cache directory must be present and writable.

/var/www/html/vendor/laravel/framework/src/Illuminate/Foundation/PackageManifest.php:179
/var/www/html/vendor/orchestra/testbench-core/src/Foundation/PackageManifest.php:157
/var/www/html/vendor/laravel/framework/src/Illuminate/Foundation/PackageManifest.php:132
/var/www/html/vendor/laravel/framework/src/Illuminate/Foundation/PackageManifest.php:108
/var/www/html/vendor/orchestra/testbench-core/src/Foundation/PackageManifest.php:102
/var/www/html/vendor/laravel/framework/src/Illuminate/Foundation/PackageManifest.php:91
/var/www/html/vendor/laravel/framework/src/Illuminate/Foundation/PackageManifest.php:80
/var/www/html/vendor/laravel/framework/src/Illuminate/Foundation/Bootstrap/RegisterFacades.php:26
/var/www/html/vendor/orchestra/testbench-core/src/Concerns/CreatesApplication.php:556
/var/www/html/vendor/orchestra/testbench-core/src/Concerns/CreatesApplication.php:311
/var/www/html/vendor/orchestra/testbench-core/src/TestCase.php:121
/var/www/html/vendor/orchestra/testbench-core/src/Concerns/ApplicationTestingHooks.php:74
/var/www/html/vendor/orchestra/testbench-core/src/Concerns/Testing.php:43
/var/www/html/vendor/laravel/framework/src/Illuminate/Collections/helpers.php:236
/var/www/html/vendor/orchestra/sidekick/src/functions.php:87
/var/www/html/vendor/laravel/framework/src/Illuminate/Collections/helpers.php:236
/var/www/html/vendor/orchestra/testbench-core/src/Concerns/Testing.php:57
/var/www/html/vendor/orchestra/testbench-core/src/TestCase.php:50
/var/www/html/tests/TestCase.php:61
/var/www/html/tests/Unit/Http/Middleware/McpErrorHandlingMiddlewareTest.php:45</error>
        </testcase>
        <testcase name="it_maps_mcp_error_codes_to_http_status" file="/var/www/html/tests/Unit/Http/Middleware/McpErrorHandlingMiddlewareTest.php" line="534" class="JTD\LaravelMCP\Tests\Unit\Http\Middleware\McpErrorHandlingMiddlewareTest" classname="JTD.LaravelMCP.Tests.Unit.Http.Middleware.McpErrorHandlingMiddlewareTest" assertions="0" time="0.000000">
          <error type="Exception">JTD\LaravelMCP\Tests\Unit\Http\Middleware\McpErrorHandlingMiddlewareTest::it_maps_mcp_error_codes_to_http_status
Exception: The /var/www/html/vendor/orchestra/testbench-core/laravel/bootstrap/cache directory must be present and writable.

/var/www/html/vendor/laravel/framework/src/Illuminate/Foundation/PackageManifest.php:179
/var/www/html/vendor/orchestra/testbench-core/src/Foundation/PackageManifest.php:157
/var/www/html/vendor/laravel/framework/src/Illuminate/Foundation/PackageManifest.php:132
/var/www/html/vendor/laravel/framework/src/Illuminate/Foundation/PackageManifest.php:108
/var/www/html/vendor/orchestra/testbench-core/src/Foundation/PackageManifest.php:102
/var/www/html/vendor/laravel/framework/src/Illuminate/Foundation/PackageManifest.php:91
/var/www/html/vendor/laravel/framework/src/Illuminate/Foundation/PackageManifest.php:80
/var/www/html/vendor/laravel/framework/src/Illuminate/Foundation/Bootstrap/RegisterFacades.php:26
/var/www/html/vendor/orchestra/testbench-core/src/Concerns/CreatesApplication.php:556
/var/www/html/vendor/orchestra/testbench-core/src/Concerns/CreatesApplication.php:311
/var/www/html/vendor/orchestra/testbench-core/src/TestCase.php:121
/var/www/html/vendor/orchestra/testbench-core/src/Concerns/ApplicationTestingHooks.php:74
/var/www/html/vendor/orchestra/testbench-core/src/Concerns/Testing.php:43
/var/www/html/vendor/laravel/framework/src/Illuminate/Collections/helpers.php:236
/var/www/html/vendor/orchestra/sidekick/src/functions.php:87
/var/www/html/vendor/laravel/framework/src/Illuminate/Collections/helpers.php:236
/var/www/html/vendor/orchestra/testbench-core/src/Concerns/Testing.php:57
/var/www/html/vendor/orchestra/testbench-core/src/TestCase.php:50
/var/www/html/tests/TestCase.php:61
/var/www/html/tests/Unit/Http/Middleware/McpErrorHandlingMiddlewareTest.php:45</error>
        </testcase>
        <testcase name="it_limits_stack_trace_to_10_frames" file="/var/www/html/tests/Unit/Http/Middleware/McpErrorHandlingMiddlewareTest.php" line="590" class="JTD\LaravelMCP\Tests\Unit\Http\Middleware\McpErrorHandlingMiddlewareTest" classname="JTD.LaravelMCP.Tests.Unit.Http.Middleware.McpErrorHandlingMiddlewareTest" assertions="0" time="0.000000">
          <error type="Exception">JTD\LaravelMCP\Tests\Unit\Http\Middleware\McpErrorHandlingMiddlewareTest::it_limits_stack_trace_to_10_frames
Exception: The /var/www/html/vendor/orchestra/testbench-core/laravel/bootstrap/cache directory must be present and writable.

/var/www/html/vendor/laravel/framework/src/Illuminate/Foundation/PackageManifest.php:179
/var/www/html/vendor/orchestra/testbench-core/src/Foundation/PackageManifest.php:157
/var/www/html/vendor/laravel/framework/src/Illuminate/Foundation/PackageManifest.php:132
/var/www/html/vendor/laravel/framework/src/Illuminate/Foundation/PackageManifest.php:108
/var/www/html/vendor/orchestra/testbench-core/src/Foundation/PackageManifest.php:102
/var/www/html/vendor/laravel/framework/src/Illuminate/Foundation/PackageManifest.php:91
/var/www/html/vendor/laravel/framework/src/Illuminate/Foundation/PackageManifest.php:80
/var/www/html/vendor/laravel/framework/src/Illuminate/Foundation/Bootstrap/RegisterFacades.php:26
/var/www/html/vendor/orchestra/testbench-core/src/Concerns/CreatesApplication.php:556
/var/www/html/vendor/orchestra/testbench-core/src/Concerns/CreatesApplication.php:311
/var/www/html/vendor/orchestra/testbench-core/src/TestCase.php:121
/var/www/html/vendor/orchestra/testbench-core/src/Concerns/ApplicationTestingHooks.php:74
/var/www/html/vendor/orchestra/testbench-core/src/Concerns/Testing.php:43
/var/www/html/vendor/laravel/framework/src/Illuminate/Collections/helpers.php:236
/var/www/html/vendor/orchestra/sidekick/src/functions.php:87
/var/www/html/vendor/laravel/framework/src/Illuminate/Collections/helpers.php:236
/var/www/html/vendor/orchestra/testbench-core/src/Concerns/Testing.php:57
/var/www/html/vendor/orchestra/testbench-core/src/TestCase.php:50
/var/www/html/tests/TestCase.php:61
/var/www/html/tests/Unit/Http/Middleware/McpErrorHandlingMiddlewareTest.php:45</error>
        </testcase>
        <testcase name="it_handles_validation_exception_with_non_array_errors" file="/var/www/html/tests/Unit/Http/Middleware/McpErrorHandlingMiddlewareTest.php" line="624" class="JTD\LaravelMCP\Tests\Unit\Http\Middleware\McpErrorHandlingMiddlewareTest" classname="JTD.LaravelMCP.Tests.Unit.Http.Middleware.McpErrorHandlingMiddlewareTest" assertions="0" time="0.000000">
          <error type="Exception">JTD\LaravelMCP\Tests\Unit\Http\Middleware\McpErrorHandlingMiddlewareTest::it_handles_validation_exception_with_non_array_errors
Exception: The /var/www/html/vendor/orchestra/testbench-core/laravel/bootstrap/cache directory must be present and writable.

/var/www/html/vendor/laravel/framework/src/Illuminate/Foundation/PackageManifest.php:179
/var/www/html/vendor/orchestra/testbench-core/src/Foundation/PackageManifest.php:157
/var/www/html/vendor/laravel/framework/src/Illuminate/Foundation/PackageManifest.php:132
/var/www/html/vendor/laravel/framework/src/Illuminate/Foundation/PackageManifest.php:108
/var/www/html/vendor/orchestra/testbench-core/src/Foundation/PackageManifest.php:102
/var/www/html/vendor/laravel/framework/src/Illuminate/Foundation/PackageManifest.php:91
/var/www/html/vendor/laravel/framework/src/Illuminate/Foundation/PackageManifest.php:80
/var/www/html/vendor/laravel/framework/src/Illuminate/Foundation/Bootstrap/RegisterFacades.php:26
/var/www/html/vendor/orchestra/testbench-core/src/Concerns/CreatesApplication.php:556
/var/www/html/vendor/orchestra/testbench-core/src/Concerns/CreatesApplication.php:311
/var/www/html/vendor/orchestra/testbench-core/src/TestCase.php:121
/var/www/html/vendor/orchestra/testbench-core/src/Concerns/ApplicationTestingHooks.php:74
/var/www/html/vendor/orchestra/testbench-core/src/Concerns/Testing.php:43
/var/www/html/vendor/laravel/framework/src/Illuminate/Collections/helpers.php:236
/var/www/html/vendor/orchestra/sidekick/src/functions.php:87
/var/www/html/vendor/laravel/framework/src/Illuminate/Collections/helpers.php:236
/var/www/html/vendor/orchestra/testbench-core/src/Concerns/Testing.php:57
/var/www/html/vendor/orchestra/testbench-core/src/TestCase.php:50
/var/www/html/tests/TestCase.php:61
/var/www/html/tests/Unit/Http/Middleware/McpErrorHandlingMiddlewareTest.php:45</error>
        </testcase>
        <testcase name="it_handles_authentication_exception_with_empty_message" file="/var/www/html/tests/Unit/Http/Middleware/McpErrorHandlingMiddlewareTest.php" line="649" class="JTD\LaravelMCP\Tests\Unit\Http\Middleware\McpErrorHandlingMiddlewareTest" classname="JTD.LaravelMCP.Tests.Unit.Http.Middleware.McpErrorHandlingMiddlewareTest" assertions="0" time="0.000000">
          <error type="Exception">JTD\LaravelMCP\Tests\Unit\Http\Middleware\McpErrorHandlingMiddlewareTest::it_handles_authentication_exception_with_empty_message
Exception: The /var/www/html/vendor/orchestra/testbench-core/laravel/bootstrap/cache directory must be present and writable.

/var/www/html/vendor/laravel/framework/src/Illuminate/Foundation/PackageManifest.php:179
/var/www/html/vendor/orchestra/testbench-core/src/Foundation/PackageManifest.php:157
/var/www/html/vendor/laravel/framework/src/Illuminate/Foundation/PackageManifest.php:132
/var/www/html/vendor/laravel/framework/src/Illuminate/Foundation/PackageManifest.php:108
/var/www/html/vendor/orchestra/testbench-core/src/Foundation/PackageManifest.php:102
/var/www/html/vendor/laravel/framework/src/Illuminate/Foundation/PackageManifest.php:91
/var/www/html/vendor/laravel/framework/src/Illuminate/Foundation/PackageManifest.php:80
/var/www/html/vendor/laravel/framework/src/Illuminate/Foundation/Bootstrap/RegisterFacades.php:26
/var/www/html/vendor/orchestra/testbench-core/src/Concerns/CreatesApplication.php:556
/var/www/html/vendor/orchestra/testbench-core/src/Concerns/CreatesApplication.php:311
/var/www/html/vendor/orchestra/testbench-core/src/TestCase.php:121
/var/www/html/vendor/orchestra/testbench-core/src/Concerns/ApplicationTestingHooks.php:74
/var/www/html/vendor/orchestra/testbench-core/src/Concerns/Testing.php:43
/var/www/html/vendor/laravel/framework/src/Illuminate/Collections/helpers.php:236
/var/www/html/vendor/orchestra/sidekick/src/functions.php:87
/var/www/html/vendor/laravel/framework/src/Illuminate/Collections/helpers.php:236
/var/www/html/vendor/orchestra/testbench-core/src/Concerns/Testing.php:57
/var/www/html/vendor/orchestra/testbench-core/src/TestCase.php:50
/var/www/html/tests/TestCase.php:61
/var/www/html/tests/Unit/Http/Middleware/McpErrorHandlingMiddlewareTest.php:45</error>
        </testcase>
        <testcase name="it_handles_authorization_exception_with_empty_message" file="/var/www/html/tests/Unit/Http/Middleware/McpErrorHandlingMiddlewareTest.php" line="668" class="JTD\LaravelMCP\Tests\Unit\Http\Middleware\McpErrorHandlingMiddlewareTest" classname="JTD.LaravelMCP.Tests.Unit.Http.Middleware.McpErrorHandlingMiddlewareTest" assertions="0" time="0.000000">
          <error type="Exception">JTD\LaravelMCP\Tests\Unit\Http\Middleware\McpErrorHandlingMiddlewareTest::it_handles_authorization_exception_with_empty_message
Exception: The /var/www/html/vendor/orchestra/testbench-core/laravel/bootstrap/cache directory must be present and writable.

/var/www/html/vendor/laravel/framework/src/Illuminate/Foundation/PackageManifest.php:179
/var/www/html/vendor/orchestra/testbench-core/src/Foundation/PackageManifest.php:157
/var/www/html/vendor/laravel/framework/src/Illuminate/Foundation/PackageManifest.php:132
/var/www/html/vendor/laravel/framework/src/Illuminate/Foundation/PackageManifest.php:108
/var/www/html/vendor/orchestra/testbench-core/src/Foundation/PackageManifest.php:102
/var/www/html/vendor/laravel/framework/src/Illuminate/Foundation/PackageManifest.php:91
/var/www/html/vendor/laravel/framework/src/Illuminate/Foundation/PackageManifest.php:80
/var/www/html/vendor/laravel/framework/src/Illuminate/Foundation/Bootstrap/RegisterFacades.php:26
/var/www/html/vendor/orchestra/testbench-core/src/Concerns/CreatesApplication.php:556
/var/www/html/vendor/orchestra/testbench-core/src/Concerns/CreatesApplication.php:311
/var/www/html/vendor/orchestra/testbench-core/src/TestCase.php:121
/var/www/html/vendor/orchestra/testbench-core/src/Concerns/ApplicationTestingHooks.php:74
/var/www/html/vendor/orchestra/testbench-core/src/Concerns/Testing.php:43
/var/www/html/vendor/laravel/framework/src/Illuminate/Collections/helpers.php:236
/var/www/html/vendor/orchestra/sidekick/src/functions.php:87
/var/www/html/vendor/laravel/framework/src/Illuminate/Collections/helpers.php:236
/var/www/html/vendor/orchestra/testbench-core/src/Concerns/Testing.php:57
/var/www/html/vendor/orchestra/testbench-core/src/TestCase.php:50
/var/www/html/tests/TestCase.php:61
/var/www/html/tests/Unit/Http/Middleware/McpErrorHandlingMiddlewareTest.php:45</error>
        </testcase>
        <testcase name="it_handles_not_found_exception_with_empty_message" file="/var/www/html/tests/Unit/Http/Middleware/McpErrorHandlingMiddlewareTest.php" line="687" class="JTD\LaravelMCP\Tests\Unit\Http\Middleware\McpErrorHandlingMiddlewareTest" classname="JTD.LaravelMCP.Tests.Unit.Http.Middleware.McpErrorHandlingMiddlewareTest" assertions="0" time="0.000000">
          <error type="Exception">JTD\LaravelMCP\Tests\Unit\Http\Middleware\McpErrorHandlingMiddlewareTest::it_handles_not_found_exception_with_empty_message
Exception: The /var/www/html/vendor/orchestra/testbench-core/laravel/bootstrap/cache directory must be present and writable.

/var/www/html/vendor/laravel/framework/src/Illuminate/Foundation/PackageManifest.php:179
/var/www/html/vendor/orchestra/testbench-core/src/Foundation/PackageManifest.php:157
/var/www/html/vendor/laravel/framework/src/Illuminate/Foundation/PackageManifest.php:132
/var/www/html/vendor/laravel/framework/src/Illuminate/Foundation/PackageManifest.php:108
/var/www/html/vendor/orchestra/testbench-core/src/Foundation/PackageManifest.php:102
/var/www/html/vendor/laravel/framework/src/Illuminate/Foundation/PackageManifest.php:91
/var/www/html/vendor/laravel/framework/src/Illuminate/Foundation/PackageManifest.php:80
/var/www/html/vendor/laravel/framework/src/Illuminate/Foundation/Bootstrap/RegisterFacades.php:26
/var/www/html/vendor/orchestra/testbench-core/src/Concerns/CreatesApplication.php:556
/var/www/html/vendor/orchestra/testbench-core/src/Concerns/CreatesApplication.php:311
/var/www/html/vendor/orchestra/testbench-core/src/TestCase.php:121
/var/www/html/vendor/orchestra/testbench-core/src/Concerns/ApplicationTestingHooks.php:74
/var/www/html/vendor/orchestra/testbench-core/src/Concerns/Testing.php:43
/var/www/html/vendor/laravel/framework/src/Illuminate/Collections/helpers.php:236
/var/www/html/vendor/orchestra/sidekick/src/functions.php:87
/var/www/html/vendor/laravel/framework/src/Illuminate/Collections/helpers.php:236
/var/www/html/vendor/orchestra/testbench-core/src/Concerns/Testing.php:57
/var/www/html/vendor/orchestra/testbench-core/src/TestCase.php:50
/var/www/html/tests/TestCase.php:61
/var/www/html/tests/Unit/Http/Middleware/McpErrorHandlingMiddlewareTest.php:45</error>
        </testcase>
        <testsuite name="JTD\LaravelMCP\Tests\Unit\Http\Middleware\McpErrorHandlingMiddlewareTest::it_handles_http_exceptions" tests="11" assertions="0" errors="11" failures="0" skipped="0" time="0.000000">
          <testcase name="it_handles_http_exceptions with data set &quot;Bad Request&quot;" file="/var/www/html/tests/Unit/Http/Middleware/McpErrorHandlingMiddlewareTest.php" line="247" class="JTD\LaravelMCP\Tests\Unit\Http\Middleware\McpErrorHandlingMiddlewareTest" classname="JTD.LaravelMCP.Tests.Unit.Http.Middleware.McpErrorHandlingMiddlewareTest" assertions="0" time="0.000000">
            <error type="Exception">JTD\LaravelMCP\Tests\Unit\Http\Middleware\McpErrorHandlingMiddlewareTest::it_handles_http_exceptions with data set "Bad Request"
Exception: The /var/www/html/vendor/orchestra/testbench-core/laravel/bootstrap/cache directory must be present and writable.

/var/www/html/vendor/laravel/framework/src/Illuminate/Foundation/PackageManifest.php:179
/var/www/html/vendor/orchestra/testbench-core/src/Foundation/PackageManifest.php:157
/var/www/html/vendor/laravel/framework/src/Illuminate/Foundation/PackageManifest.php:132
/var/www/html/vendor/laravel/framework/src/Illuminate/Foundation/PackageManifest.php:108
/var/www/html/vendor/orchestra/testbench-core/src/Foundation/PackageManifest.php:102
/var/www/html/vendor/laravel/framework/src/Illuminate/Foundation/PackageManifest.php:91
/var/www/html/vendor/laravel/framework/src/Illuminate/Foundation/PackageManifest.php:80
/var/www/html/vendor/laravel/framework/src/Illuminate/Foundation/Bootstrap/RegisterFacades.php:26
/var/www/html/vendor/orchestra/testbench-core/src/Concerns/CreatesApplication.php:556
/var/www/html/vendor/orchestra/testbench-core/src/Concerns/CreatesApplication.php:311
/var/www/html/vendor/orchestra/testbench-core/src/TestCase.php:121
/var/www/html/vendor/orchestra/testbench-core/src/Concerns/ApplicationTestingHooks.php:74
/var/www/html/vendor/orchestra/testbench-core/src/Concerns/Testing.php:43
/var/www/html/vendor/laravel/framework/src/Illuminate/Collections/helpers.php:236
/var/www/html/vendor/orchestra/sidekick/src/functions.php:87
/var/www/html/vendor/laravel/framework/src/Illuminate/Collections/helpers.php:236
/var/www/html/vendor/orchestra/testbench-core/src/Concerns/Testing.php:57
/var/www/html/vendor/orchestra/testbench-core/src/TestCase.php:50
/var/www/html/tests/TestCase.php:61
/var/www/html/tests/Unit/Http/Middleware/McpErrorHandlingMiddlewareTest.php:45</error>
          </testcase>
          <testcase name="it_handles_http_exceptions with data set &quot;Unauthorized&quot;" file="/var/www/html/tests/Unit/Http/Middleware/McpErrorHandlingMiddlewareTest.php" line="247" class="JTD\LaravelMCP\Tests\Unit\Http\Middleware\McpErrorHandlingMiddlewareTest" classname="JTD.LaravelMCP.Tests.Unit.Http.Middleware.McpErrorHandlingMiddlewareTest" assertions="0" time="0.000000">
            <error type="Exception">JTD\LaravelMCP\Tests\Unit\Http\Middleware\McpErrorHandlingMiddlewareTest::it_handles_http_exceptions with data set "Unauthorized"
Exception: The /var/www/html/vendor/orchestra/testbench-core/laravel/bootstrap/cache directory must be present and writable.

/var/www/html/vendor/laravel/framework/src/Illuminate/Foundation/PackageManifest.php:179
/var/www/html/vendor/orchestra/testbench-core/src/Foundation/PackageManifest.php:157
/var/www/html/vendor/laravel/framework/src/Illuminate/Foundation/PackageManifest.php:132
/var/www/html/vendor/laravel/framework/src/Illuminate/Foundation/PackageManifest.php:108
/var/www/html/vendor/orchestra/testbench-core/src/Foundation/PackageManifest.php:102
/var/www/html/vendor/laravel/framework/src/Illuminate/Foundation/PackageManifest.php:91
/var/www/html/vendor/laravel/framework/src/Illuminate/Foundation/PackageManifest.php:80
/var/www/html/vendor/laravel/framework/src/Illuminate/Foundation/Bootstrap/RegisterFacades.php:26
/var/www/html/vendor/orchestra/testbench-core/src/Concerns/CreatesApplication.php:556
/var/www/html/vendor/orchestra/testbench-core/src/Concerns/CreatesApplication.php:311
/var/www/html/vendor/orchestra/testbench-core/src/TestCase.php:121
/var/www/html/vendor/orchestra/testbench-core/src/Concerns/ApplicationTestingHooks.php:74
/var/www/html/vendor/orchestra/testbench-core/src/Concerns/Testing.php:43
/var/www/html/vendor/laravel/framework/src/Illuminate/Collections/helpers.php:236
/var/www/html/vendor/orchestra/sidekick/src/functions.php:87
/var/www/html/vendor/laravel/framework/src/Illuminate/Collections/helpers.php:236
/var/www/html/vendor/orchestra/testbench-core/src/Concerns/Testing.php:57
/var/www/html/vendor/orchestra/testbench-core/src/TestCase.php:50
/var/www/html/tests/TestCase.php:61
/var/www/html/tests/Unit/Http/Middleware/McpErrorHandlingMiddlewareTest.php:45</error>
          </testcase>
          <testcase name="it_handles_http_exceptions with data set &quot;Forbidden&quot;" file="/var/www/html/tests/Unit/Http/Middleware/McpErrorHandlingMiddlewareTest.php" line="247" class="JTD\LaravelMCP\Tests\Unit\Http\Middleware\McpErrorHandlingMiddlewareTest" classname="JTD.LaravelMCP.Tests.Unit.Http.Middleware.McpErrorHandlingMiddlewareTest" assertions="0" time="0.000000">
            <error type="Exception">JTD\LaravelMCP\Tests\Unit\Http\Middleware\McpErrorHandlingMiddlewareTest::it_handles_http_exceptions with data set "Forbidden"
Exception: The /var/www/html/vendor/orchestra/testbench-core/laravel/bootstrap/cache directory must be present and writable.

/var/www/html/vendor/laravel/framework/src/Illuminate/Foundation/PackageManifest.php:179
/var/www/html/vendor/orchestra/testbench-core/src/Foundation/PackageManifest.php:157
/var/www/html/vendor/laravel/framework/src/Illuminate/Foundation/PackageManifest.php:132
/var/www/html/vendor/laravel/framework/src/Illuminate/Foundation/PackageManifest.php:108
/var/www/html/vendor/orchestra/testbench-core/src/Foundation/PackageManifest.php:102
/var/www/html/vendor/laravel/framework/src/Illuminate/Foundation/PackageManifest.php:91
/var/www/html/vendor/laravel/framework/src/Illuminate/Foundation/PackageManifest.php:80
/var/www/html/vendor/laravel/framework/src/Illuminate/Foundation/Bootstrap/RegisterFacades.php:26
/var/www/html/vendor/orchestra/testbench-core/src/Concerns/CreatesApplication.php:556
/var/www/html/vendor/orchestra/testbench-core/src/Concerns/CreatesApplication.php:311
/var/www/html/vendor/orchestra/testbench-core/src/TestCase.php:121
/var/www/html/vendor/orchestra/testbench-core/src/Concerns/ApplicationTestingHooks.php:74
/var/www/html/vendor/orchestra/testbench-core/src/Concerns/Testing.php:43
/var/www/html/vendor/laravel/framework/src/Illuminate/Collections/helpers.php:236
/var/www/html/vendor/orchestra/sidekick/src/functions.php:87
/var/www/html/vendor/laravel/framework/src/Illuminate/Collections/helpers.php:236
/var/www/html/vendor/orchestra/testbench-core/src/Concerns/Testing.php:57
/var/www/html/vendor/orchestra/testbench-core/src/TestCase.php:50
/var/www/html/tests/TestCase.php:61
/var/www/html/tests/Unit/Http/Middleware/McpErrorHandlingMiddlewareTest.php:45</error>
          </testcase>
          <testcase name="it_handles_http_exceptions with data set &quot;Not Found&quot;" file="/var/www/html/tests/Unit/Http/Middleware/McpErrorHandlingMiddlewareTest.php" line="247" class="JTD\LaravelMCP\Tests\Unit\Http\Middleware\McpErrorHandlingMiddlewareTest" classname="JTD.LaravelMCP.Tests.Unit.Http.Middleware.McpErrorHandlingMiddlewareTest" assertions="0" time="0.000000">
            <error type="Exception">JTD\LaravelMCP\Tests\Unit\Http\Middleware\McpErrorHandlingMiddlewareTest::it_handles_http_exceptions with data set "Not Found"
Exception: The /var/www/html/vendor/orchestra/testbench-core/laravel/bootstrap/cache directory must be present and writable.

/var/www/html/vendor/laravel/framework/src/Illuminate/Foundation/PackageManifest.php:179
/var/www/html/vendor/orchestra/testbench-core/src/Foundation/PackageManifest.php:157
/var/www/html/vendor/laravel/framework/src/Illuminate/Foundation/PackageManifest.php:132
/var/www/html/vendor/laravel/framework/src/Illuminate/Foundation/PackageManifest.php:108
/var/www/html/vendor/orchestra/testbench-core/src/Foundation/PackageManifest.php:102
/var/www/html/vendor/laravel/framework/src/Illuminate/Foundation/PackageManifest.php:91
/var/www/html/vendor/laravel/framework/src/Illuminate/Foundation/PackageManifest.php:80
/var/www/html/vendor/laravel/framework/src/Illuminate/Foundation/Bootstrap/RegisterFacades.php:26
/var/www/html/vendor/orchestra/testbench-core/src/Concerns/CreatesApplication.php:556
/var/www/html/vendor/orchestra/testbench-core/src/Concerns/CreatesApplication.php:311
/var/www/html/vendor/orchestra/testbench-core/src/TestCase.php:121
/var/www/html/vendor/orchestra/testbench-core/src/Concerns/ApplicationTestingHooks.php:74
/var/www/html/vendor/orchestra/testbench-core/src/Concerns/Testing.php:43
/var/www/html/vendor/laravel/framework/src/Illuminate/Collections/helpers.php:236
/var/www/html/vendor/orchestra/sidekick/src/functions.php:87
/var/www/html/vendor/laravel/framework/src/Illuminate/Collections/helpers.php:236
/var/www/html/vendor/orchestra/testbench-core/src/Concerns/Testing.php:57
/var/www/html/vendor/orchestra/testbench-core/src/TestCase.php:50
/var/www/html/tests/TestCase.php:61
/var/www/html/tests/Unit/Http/Middleware/McpErrorHandlingMiddlewareTest.php:45</error>
          </testcase>
          <testcase name="it_handles_http_exceptions with data set &quot;Method Not Allowed&quot;" file="/var/www/html/tests/Unit/Http/Middleware/McpErrorHandlingMiddlewareTest.php" line="247" class="JTD\LaravelMCP\Tests\Unit\Http\Middleware\McpErrorHandlingMiddlewareTest" classname="JTD.LaravelMCP.Tests.Unit.Http.Middleware.McpErrorHandlingMiddlewareTest" assertions="0" time="0.000000">
            <error type="Exception">JTD\LaravelMCP\Tests\Unit\Http\Middleware\McpErrorHandlingMiddlewareTest::it_handles_http_exceptions with data set "Method Not Allowed"
Exception: The /var/www/html/vendor/orchestra/testbench-core/laravel/bootstrap/cache directory must be present and writable.

/var/www/html/vendor/laravel/framework/src/Illuminate/Foundation/PackageManifest.php:179
/var/www/html/vendor/orchestra/testbench-core/src/Foundation/PackageManifest.php:157
/var/www/html/vendor/laravel/framework/src/Illuminate/Foundation/PackageManifest.php:132
/var/www/html/vendor/laravel/framework/src/Illuminate/Foundation/PackageManifest.php:108
/var/www/html/vendor/orchestra/testbench-core/src/Foundation/PackageManifest.php:102
/var/www/html/vendor/laravel/framework/src/Illuminate/Foundation/PackageManifest.php:91
/var/www/html/vendor/laravel/framework/src/Illuminate/Foundation/PackageManifest.php:80
/var/www/html/vendor/laravel/framework/src/Illuminate/Foundation/Bootstrap/RegisterFacades.php:26
/var/www/html/vendor/orchestra/testbench-core/src/Concerns/CreatesApplication.php:556
/var/www/html/vendor/orchestra/testbench-core/src/Concerns/CreatesApplication.php:311
/var/www/html/vendor/orchestra/testbench-core/src/TestCase.php:121
/var/www/html/vendor/orchestra/testbench-core/src/Concerns/ApplicationTestingHooks.php:74
/var/www/html/vendor/orchestra/testbench-core/src/Concerns/Testing.php:43
/var/www/html/vendor/laravel/framework/src/Illuminate/Collections/helpers.php:236
/var/www/html/vendor/orchestra/sidekick/src/functions.php:87
/var/www/html/vendor/laravel/framework/src/Illuminate/Collections/helpers.php:236
/var/www/html/vendor/orchestra/testbench-core/src/Concerns/Testing.php:57
/var/www/html/vendor/orchestra/testbench-core/src/TestCase.php:50
/var/www/html/tests/TestCase.php:61
/var/www/html/tests/Unit/Http/Middleware/McpErrorHandlingMiddlewareTest.php:45</error>
          </testcase>
          <testcase name="it_handles_http_exceptions with data set &quot;Conflict&quot;" file="/var/www/html/tests/Unit/Http/Middleware/McpErrorHandlingMiddlewareTest.php" line="247" class="JTD\LaravelMCP\Tests\Unit\Http\Middleware\McpErrorHandlingMiddlewareTest" classname="JTD.LaravelMCP.Tests.Unit.Http.Middleware.McpErrorHandlingMiddlewareTest" assertions="0" time="0.000000">
            <error type="Exception">JTD\LaravelMCP\Tests\Unit\Http\Middleware\McpErrorHandlingMiddlewareTest::it_handles_http_exceptions with data set "Conflict"
Exception: The /var/www/html/vendor/orchestra/testbench-core/laravel/bootstrap/cache directory must be present and writable.

/var/www/html/vendor/laravel/framework/src/Illuminate/Foundation/PackageManifest.php:179
/var/www/html/vendor/orchestra/testbench-core/src/Foundation/PackageManifest.php:157
/var/www/html/vendor/laravel/framework/src/Illuminate/Foundation/PackageManifest.php:132
/var/www/html/vendor/laravel/framework/src/Illuminate/Foundation/PackageManifest.php:108
/var/www/html/vendor/orchestra/testbench-core/src/Foundation/PackageManifest.php:102
/var/www/html/vendor/laravel/framework/src/Illuminate/Foundation/PackageManifest.php:91
/var/www/html/vendor/laravel/framework/src/Illuminate/Foundation/PackageManifest.php:80
/var/www/html/vendor/laravel/framework/src/Illuminate/Foundation/Bootstrap/RegisterFacades.php:26
/var/www/html/vendor/orchestra/testbench-core/src/Concerns/CreatesApplication.php:556
/var/www/html/vendor/orchestra/testbench-core/src/Concerns/CreatesApplication.php:311
/var/www/html/vendor/orchestra/testbench-core/src/TestCase.php:121
/var/www/html/vendor/orchestra/testbench-core/src/Concerns/ApplicationTestingHooks.php:74
/var/www/html/vendor/orchestra/testbench-core/src/Concerns/Testing.php:43
/var/www/html/vendor/laravel/framework/src/Illuminate/Collections/helpers.php:236
/var/www/html/vendor/orchestra/sidekick/src/functions.php:87
/var/www/html/vendor/laravel/framework/src/Illuminate/Collections/helpers.php:236
/var/www/html/vendor/orchestra/testbench-core/src/Concerns/Testing.php:57
/var/www/html/vendor/orchestra/testbench-core/src/TestCase.php:50
/var/www/html/tests/TestCase.php:61
/var/www/html/tests/Unit/Http/Middleware/McpErrorHandlingMiddlewareTest.php:45</error>
          </testcase>
          <testcase name="it_handles_http_exceptions with data set &quot;Unprocessable Entity&quot;" file="/var/www/html/tests/Unit/Http/Middleware/McpErrorHandlingMiddlewareTest.php" line="247" class="JTD\LaravelMCP\Tests\Unit\Http\Middleware\McpErrorHandlingMiddlewareTest" classname="JTD.LaravelMCP.Tests.Unit.Http.Middleware.McpErrorHandlingMiddlewareTest" assertions="0" time="0.000000">
            <error type="Exception">JTD\LaravelMCP\Tests\Unit\Http\Middleware\McpErrorHandlingMiddlewareTest::it_handles_http_exceptions with data set "Unprocessable Entity"
Exception: The /var/www/html/vendor/orchestra/testbench-core/laravel/bootstrap/cache directory must be present and writable.

/var/www/html/vendor/laravel/framework/src/Illuminate/Foundation/PackageManifest.php:179
/var/www/html/vendor/orchestra/testbench-core/src/Foundation/PackageManifest.php:157
/var/www/html/vendor/laravel/framework/src/Illuminate/Foundation/PackageManifest.php:132
/var/www/html/vendor/laravel/framework/src/Illuminate/Foundation/PackageManifest.php:108
/var/www/html/vendor/orchestra/testbench-core/src/Foundation/PackageManifest.php:102
/var/www/html/vendor/laravel/framework/src/Illuminate/Foundation/PackageManifest.php:91
/var/www/html/vendor/laravel/framework/src/Illuminate/Foundation/PackageManifest.php:80
/var/www/html/vendor/laravel/framework/src/Illuminate/Foundation/Bootstrap/RegisterFacades.php:26
/var/www/html/vendor/orchestra/testbench-core/src/Concerns/CreatesApplication.php:556
/var/www/html/vendor/orchestra/testbench-core/src/Concerns/CreatesApplication.php:311
/var/www/html/vendor/orchestra/testbench-core/src/TestCase.php:121
/var/www/html/vendor/orchestra/testbench-core/src/Concerns/ApplicationTestingHooks.php:74
/var/www/html/vendor/orchestra/testbench-core/src/Concerns/Testing.php:43
/var/www/html/vendor/laravel/framework/src/Illuminate/Collections/helpers.php:236
/var/www/html/vendor/orchestra/sidekick/src/functions.php:87
/var/www/html/vendor/laravel/framework/src/Illuminate/Collections/helpers.php:236
/var/www/html/vendor/orchestra/testbench-core/src/Concerns/Testing.php:57
/var/www/html/vendor/orchestra/testbench-core/src/TestCase.php:50
/var/www/html/tests/TestCase.php:61
/var/www/html/tests/Unit/Http/Middleware/McpErrorHandlingMiddlewareTest.php:45</error>
          </testcase>
          <testcase name="it_handles_http_exceptions with data set &quot;Too Many Requests&quot;" file="/var/www/html/tests/Unit/Http/Middleware/McpErrorHandlingMiddlewareTest.php" line="247" class="JTD\LaravelMCP\Tests\Unit\Http\Middleware\McpErrorHandlingMiddlewareTest" classname="JTD.LaravelMCP.Tests.Unit.Http.Middleware.McpErrorHandlingMiddlewareTest" assertions="0" time="0.000000">
            <error type="Exception">JTD\LaravelMCP\Tests\Unit\Http\Middleware\McpErrorHandlingMiddlewareTest::it_handles_http_exceptions with data set "Too Many Requests"
Exception: The /var/www/html/vendor/orchestra/testbench-core/laravel/bootstrap/cache directory must be present and writable.

/var/www/html/vendor/laravel/framework/src/Illuminate/Foundation/PackageManifest.php:179
/var/www/html/vendor/orchestra/testbench-core/src/Foundation/PackageManifest.php:157
/var/www/html/vendor/laravel/framework/src/Illuminate/Foundation/PackageManifest.php:132
/var/www/html/vendor/laravel/framework/src/Illuminate/Foundation/PackageManifest.php:108
/var/www/html/vendor/orchestra/testbench-core/src/Foundation/PackageManifest.php:102
/var/www/html/vendor/laravel/framework/src/Illuminate/Foundation/PackageManifest.php:91
/var/www/html/vendor/laravel/framework/src/Illuminate/Foundation/PackageManifest.php:80
/var/www/html/vendor/laravel/framework/src/Illuminate/Foundation/Bootstrap/RegisterFacades.php:26
/var/www/html/vendor/orchestra/testbench-core/src/Concerns/CreatesApplication.php:556
/var/www/html/vendor/orchestra/testbench-core/src/Concerns/CreatesApplication.php:311
/var/www/html/vendor/orchestra/testbench-core/src/TestCase.php:121
/var/www/html/vendor/orchestra/testbench-core/src/Concerns/ApplicationTestingHooks.php:74
/var/www/html/vendor/orchestra/testbench-core/src/Concerns/Testing.php:43
/var/www/html/vendor/laravel/framework/src/Illuminate/Collections/helpers.php:236
/var/www/html/vendor/orchestra/sidekick/src/functions.php:87
/var/www/html/vendor/laravel/framework/src/Illuminate/Collections/helpers.php:236
/var/www/html/vendor/orchestra/testbench-core/src/Concerns/Testing.php:57
/var/www/html/vendor/orchestra/testbench-core/src/TestCase.php:50
/var/www/html/tests/TestCase.php:61
/var/www/html/tests/Unit/Http/Middleware/McpErrorHandlingMiddlewareTest.php:45</error>
          </testcase>
          <testcase name="it_handles_http_exceptions with data set &quot;Internal Server Error&quot;" file="/var/www/html/tests/Unit/Http/Middleware/McpErrorHandlingMiddlewareTest.php" line="247" class="JTD\LaravelMCP\Tests\Unit\Http\Middleware\McpErrorHandlingMiddlewareTest" classname="JTD.LaravelMCP.Tests.Unit.Http.Middleware.McpErrorHandlingMiddlewareTest" assertions="0" time="0.000000">
            <error type="Exception">JTD\LaravelMCP\Tests\Unit\Http\Middleware\McpErrorHandlingMiddlewareTest::it_handles_http_exceptions with data set "Internal Server Error"
Exception: The /var/www/html/vendor/orchestra/testbench-core/laravel/bootstrap/cache directory must be present and writable.

/var/www/html/vendor/laravel/framework/src/Illuminate/Foundation/PackageManifest.php:179
/var/www/html/vendor/orchestra/testbench-core/src/Foundation/PackageManifest.php:157
/var/www/html/vendor/laravel/framework/src/Illuminate/Foundation/PackageManifest.php:132
/var/www/html/vendor/laravel/framework/src/Illuminate/Foundation/PackageManifest.php:108
/var/www/html/vendor/orchestra/testbench-core/src/Foundation/PackageManifest.php:102
/var/www/html/vendor/laravel/framework/src/Illuminate/Foundation/PackageManifest.php:91
/var/www/html/vendor/laravel/framework/src/Illuminate/Foundation/PackageManifest.php:80
/var/www/html/vendor/laravel/framework/src/Illuminate/Foundation/Bootstrap/RegisterFacades.php:26
/var/www/html/vendor/orchestra/testbench-core/src/Concerns/CreatesApplication.php:556
/var/www/html/vendor/orchestra/testbench-core/src/Concerns/CreatesApplication.php:311
/var/www/html/vendor/orchestra/testbench-core/src/TestCase.php:121
/var/www/html/vendor/orchestra/testbench-core/src/Concerns/ApplicationTestingHooks.php:74
/var/www/html/vendor/orchestra/testbench-core/src/Concerns/Testing.php:43
/var/www/html/vendor/laravel/framework/src/Illuminate/Collections/helpers.php:236
/var/www/html/vendor/orchestra/sidekick/src/functions.php:87
/var/www/html/vendor/laravel/framework/src/Illuminate/Collections/helpers.php:236
/var/www/html/vendor/orchestra/testbench-core/src/Concerns/Testing.php:57
/var/www/html/vendor/orchestra/testbench-core/src/TestCase.php:50
/var/www/html/tests/TestCase.php:61
/var/www/html/tests/Unit/Http/Middleware/McpErrorHandlingMiddlewareTest.php:45</error>
          </testcase>
          <testcase name="it_handles_http_exceptions with data set &quot;Service Unavailable&quot;" file="/var/www/html/tests/Unit/Http/Middleware/McpErrorHandlingMiddlewareTest.php" line="247" class="JTD\LaravelMCP\Tests\Unit\Http\Middleware\McpErrorHandlingMiddlewareTest" classname="JTD.LaravelMCP.Tests.Unit.Http.Middleware.McpErrorHandlingMiddlewareTest" assertions="0" time="0.000000">
            <error type="Exception">JTD\LaravelMCP\Tests\Unit\Http\Middleware\McpErrorHandlingMiddlewareTest::it_handles_http_exceptions with data set "Service Unavailable"
Exception: The /var/www/html/vendor/orchestra/testbench-core/laravel/bootstrap/cache directory must be present and writable.

/var/www/html/vendor/laravel/framework/src/Illuminate/Foundation/PackageManifest.php:179
/var/www/html/vendor/orchestra/testbench-core/src/Foundation/PackageManifest.php:157
/var/www/html/vendor/laravel/framework/src/Illuminate/Foundation/PackageManifest.php:132
/var/www/html/vendor/laravel/framework/src/Illuminate/Foundation/PackageManifest.php:108
/var/www/html/vendor/orchestra/testbench-core/src/Foundation/PackageManifest.php:102
/var/www/html/vendor/laravel/framework/src/Illuminate/Foundation/PackageManifest.php:91
/var/www/html/vendor/laravel/framework/src/Illuminate/Foundation/PackageManifest.php:80
/var/www/html/vendor/laravel/framework/src/Illuminate/Foundation/Bootstrap/RegisterFacades.php:26
/var/www/html/vendor/orchestra/testbench-core/src/Concerns/CreatesApplication.php:556
/var/www/html/vendor/orchestra/testbench-core/src/Concerns/CreatesApplication.php:311
/var/www/html/vendor/orchestra/testbench-core/src/TestCase.php:121
/var/www/html/vendor/orchestra/testbench-core/src/Concerns/ApplicationTestingHooks.php:74
/var/www/html/vendor/orchestra/testbench-core/src/Concerns/Testing.php:43
/var/www/html/vendor/laravel/framework/src/Illuminate/Collections/helpers.php:236
/var/www/html/vendor/orchestra/sidekick/src/functions.php:87
/var/www/html/vendor/laravel/framework/src/Illuminate/Collections/helpers.php:236
/var/www/html/vendor/orchestra/testbench-core/src/Concerns/Testing.php:57
/var/www/html/vendor/orchestra/testbench-core/src/TestCase.php:50
/var/www/html/tests/TestCase.php:61
/var/www/html/tests/Unit/Http/Middleware/McpErrorHandlingMiddlewareTest.php:45</error>
          </testcase>
          <testcase name="it_handles_http_exceptions with data set &quot;Other Error&quot;" file="/var/www/html/tests/Unit/Http/Middleware/McpErrorHandlingMiddlewareTest.php" line="247" class="JTD\LaravelMCP\Tests\Unit\Http\Middleware\McpErrorHandlingMiddlewareTest" classname="JTD.LaravelMCP.Tests.Unit.Http.Middleware.McpErrorHandlingMiddlewareTest" assertions="0" time="0.000000">
            <error type="Exception">JTD\LaravelMCP\Tests\Unit\Http\Middleware\McpErrorHandlingMiddlewareTest::it_handles_http_exceptions with data set "Other Error"
Exception: The /var/www/html/vendor/orchestra/testbench-core/laravel/bootstrap/cache directory must be present and writable.

/var/www/html/vendor/laravel/framework/src/Illuminate/Foundation/PackageManifest.php:179
/var/www/html/vendor/orchestra/testbench-core/src/Foundation/PackageManifest.php:157
/var/www/html/vendor/laravel/framework/src/Illuminate/Foundation/PackageManifest.php:132
/var/www/html/vendor/laravel/framework/src/Illuminate/Foundation/PackageManifest.php:108
/var/www/html/vendor/orchestra/testbench-core/src/Foundation/PackageManifest.php:102
/var/www/html/vendor/laravel/framework/src/Illuminate/Foundation/PackageManifest.php:91
/var/www/html/vendor/laravel/framework/src/Illuminate/Foundation/PackageManifest.php:80
/var/www/html/vendor/laravel/framework/src/Illuminate/Foundation/Bootstrap/RegisterFacades.php:26
/var/www/html/vendor/orchestra/testbench-core/src/Concerns/CreatesApplication.php:556
/var/www/html/vendor/orchestra/testbench-core/src/Concerns/CreatesApplication.php:311
/var/www/html/vendor/orchestra/testbench-core/src/TestCase.php:121
/var/www/html/vendor/orchestra/testbench-core/src/Concerns/ApplicationTestingHooks.php:74
/var/www/html/vendor/orchestra/testbench-core/src/Concerns/Testing.php:43
/var/www/html/vendor/laravel/framework/src/Illuminate/Collections/helpers.php:236
/var/www/html/vendor/orchestra/sidekick/src/functions.php:87
/var/www/html/vendor/laravel/framework/src/Illuminate/Collections/helpers.php:236
/var/www/html/vendor/orchestra/testbench-core/src/Concerns/Testing.php:57
/var/www/html/vendor/orchestra/testbench-core/src/TestCase.php:50
/var/www/html/tests/TestCase.php:61
/var/www/html/tests/Unit/Http/Middleware/McpErrorHandlingMiddlewareTest.php:45</error>
          </testcase>
        </testsuite>
      </testsuite>
      <testsuite name="JTD\LaravelMCP\Tests\Unit\Http\Middleware\McpLoggingMiddlewareTest" file="/var/www/html/tests/Unit/Http/Middleware/McpLoggingMiddlewareTest.php" tests="7" assertions="0" errors="7" failures="0" skipped="0" time="0.000000">
        <testcase name="it_skips_logging_when_disabled" file="/var/www/html/tests/Unit/Http/Middleware/McpLoggingMiddlewareTest.php" line="53" class="JTD\LaravelMCP\Tests\Unit\Http\Middleware\McpLoggingMiddlewareTest" classname="JTD.LaravelMCP.Tests.Unit.Http.Middleware.McpLoggingMiddlewareTest" assertions="0" time="0.000000">
          <error type="Exception">JTD\LaravelMCP\Tests\Unit\Http\Middleware\McpLoggingMiddlewareTest::it_skips_logging_when_disabled
Exception: The /var/www/html/vendor/orchestra/testbench-core/laravel/bootstrap/cache directory must be present and writable.

/var/www/html/vendor/laravel/framework/src/Illuminate/Foundation/PackageManifest.php:179
/var/www/html/vendor/orchestra/testbench-core/src/Foundation/PackageManifest.php:157
/var/www/html/vendor/laravel/framework/src/Illuminate/Foundation/PackageManifest.php:132
/var/www/html/vendor/laravel/framework/src/Illuminate/Foundation/PackageManifest.php:108
/var/www/html/vendor/orchestra/testbench-core/src/Foundation/PackageManifest.php:102
/var/www/html/vendor/laravel/framework/src/Illuminate/Foundation/PackageManifest.php:91
/var/www/html/vendor/laravel/framework/src/Illuminate/Foundation/PackageManifest.php:80
/var/www/html/vendor/laravel/framework/src/Illuminate/Foundation/Bootstrap/RegisterFacades.php:26
/var/www/html/vendor/orchestra/testbench-core/src/Concerns/CreatesApplication.php:556
/var/www/html/vendor/orchestra/testbench-core/src/Concerns/CreatesApplication.php:311
/var/www/html/vendor/orchestra/testbench-core/src/TestCase.php:121
/var/www/html/vendor/orchestra/testbench-core/src/Concerns/ApplicationTestingHooks.php:74
/var/www/html/vendor/orchestra/testbench-core/src/Concerns/Testing.php:43
/var/www/html/vendor/laravel/framework/src/Illuminate/Collections/helpers.php:236
/var/www/html/vendor/orchestra/sidekick/src/functions.php:87
/var/www/html/vendor/laravel/framework/src/Illuminate/Collections/helpers.php:236
/var/www/html/vendor/orchestra/testbench-core/src/Concerns/Testing.php:57
/var/www/html/vendor/orchestra/testbench-core/src/TestCase.php:50
/var/www/html/tests/TestCase.php:61
/var/www/html/tests/Unit/Http/Middleware/McpLoggingMiddlewareTest.php:43</error>
        </testcase>
        <testcase name="it_logs_request_and_response" file="/var/www/html/tests/Unit/Http/Middleware/McpLoggingMiddlewareTest.php" line="74" class="JTD\LaravelMCP\Tests\Unit\Http\Middleware\McpLoggingMiddlewareTest" classname="JTD.LaravelMCP.Tests.Unit.Http.Middleware.McpLoggingMiddlewareTest" assertions="0" time="0.000000">
          <error type="Exception">JTD\LaravelMCP\Tests\Unit\Http\Middleware\McpLoggingMiddlewareTest::it_logs_request_and_response
Exception: The /var/www/html/vendor/orchestra/testbench-core/laravel/bootstrap/cache directory must be present and writable.

/var/www/html/vendor/laravel/framework/src/Illuminate/Foundation/PackageManifest.php:179
/var/www/html/vendor/orchestra/testbench-core/src/Foundation/PackageManifest.php:157
/var/www/html/vendor/laravel/framework/src/Illuminate/Foundation/PackageManifest.php:132
/var/www/html/vendor/laravel/framework/src/Illuminate/Foundation/PackageManifest.php:108
/var/www/html/vendor/orchestra/testbench-core/src/Foundation/PackageManifest.php:102
/var/www/html/vendor/laravel/framework/src/Illuminate/Foundation/PackageManifest.php:91
/var/www/html/vendor/laravel/framework/src/Illuminate/Foundation/PackageManifest.php:80
/var/www/html/vendor/laravel/framework/src/Illuminate/Foundation/Bootstrap/RegisterFacades.php:26
/var/www/html/vendor/orchestra/testbench-core/src/Concerns/CreatesApplication.php:556
/var/www/html/vendor/orchestra/testbench-core/src/Concerns/CreatesApplication.php:311
/var/www/html/vendor/orchestra/testbench-core/src/TestCase.php:121
/var/www/html/vendor/orchestra/testbench-core/src/Concerns/ApplicationTestingHooks.php:74
/var/www/html/vendor/orchestra/testbench-core/src/Concerns/Testing.php:43
/var/www/html/vendor/laravel/framework/src/Illuminate/Collections/helpers.php:236
/var/www/html/vendor/orchestra/sidekick/src/functions.php:87
/var/www/html/vendor/laravel/framework/src/Illuminate/Collections/helpers.php:236
/var/www/html/vendor/orchestra/testbench-core/src/Concerns/Testing.php:57
/var/www/html/vendor/orchestra/testbench-core/src/TestCase.php:50
/var/www/html/tests/TestCase.php:61
/var/www/html/tests/Unit/Http/Middleware/McpLoggingMiddlewareTest.php:43</error>
        </testcase>
        <testcase name="it_redacts_sensitive_data_from_logs" file="/var/www/html/tests/Unit/Http/Middleware/McpLoggingMiddlewareTest.php" line="162" class="JTD\LaravelMCP\Tests\Unit\Http\Middleware\McpLoggingMiddlewareTest" classname="JTD.LaravelMCP.Tests.Unit.Http.Middleware.McpLoggingMiddlewareTest" assertions="0" time="0.000000">
          <error type="Exception">JTD\LaravelMCP\Tests\Unit\Http\Middleware\McpLoggingMiddlewareTest::it_redacts_sensitive_data_from_logs
Exception: The /var/www/html/vendor/orchestra/testbench-core/laravel/bootstrap/cache directory must be present and writable.

/var/www/html/vendor/laravel/framework/src/Illuminate/Foundation/PackageManifest.php:179
/var/www/html/vendor/orchestra/testbench-core/src/Foundation/PackageManifest.php:157
/var/www/html/vendor/laravel/framework/src/Illuminate/Foundation/PackageManifest.php:132
/var/www/html/vendor/laravel/framework/src/Illuminate/Foundation/PackageManifest.php:108
/var/www/html/vendor/orchestra/testbench-core/src/Foundation/PackageManifest.php:102
/var/www/html/vendor/laravel/framework/src/Illuminate/Foundation/PackageManifest.php:91
/var/www/html/vendor/laravel/framework/src/Illuminate/Foundation/PackageManifest.php:80
/var/www/html/vendor/laravel/framework/src/Illuminate/Foundation/Bootstrap/RegisterFacades.php:26
/var/www/html/vendor/orchestra/testbench-core/src/Concerns/CreatesApplication.php:556
/var/www/html/vendor/orchestra/testbench-core/src/Concerns/CreatesApplication.php:311
/var/www/html/vendor/orchestra/testbench-core/src/TestCase.php:121
/var/www/html/vendor/orchestra/testbench-core/src/Concerns/ApplicationTestingHooks.php:74
/var/www/html/vendor/orchestra/testbench-core/src/Concerns/Testing.php:43
/var/www/html/vendor/laravel/framework/src/Illuminate/Collections/helpers.php:236
/var/www/html/vendor/orchestra/sidekick/src/functions.php:87
/var/www/html/vendor/laravel/framework/src/Illuminate/Collections/helpers.php:236
/var/www/html/vendor/orchestra/testbench-core/src/Concerns/Testing.php:57
/var/www/html/vendor/orchestra/testbench-core/src/TestCase.php:50
/var/www/html/tests/TestCase.php:61
/var/www/html/tests/Unit/Http/Middleware/McpLoggingMiddlewareTest.php:43</error>
        </testcase>
        <testcase name="it_logs_performance_warning_for_slow_requests" file="/var/www/html/tests/Unit/Http/Middleware/McpLoggingMiddlewareTest.php" line="222" class="JTD\LaravelMCP\Tests\Unit\Http\Middleware\McpLoggingMiddlewareTest" classname="JTD.LaravelMCP.Tests.Unit.Http.Middleware.McpLoggingMiddlewareTest" assertions="0" time="0.000000">
          <error type="Exception">JTD\LaravelMCP\Tests\Unit\Http\Middleware\McpLoggingMiddlewareTest::it_logs_performance_warning_for_slow_requests
Exception: The /var/www/html/vendor/orchestra/testbench-core/laravel/bootstrap/cache directory must be present and writable.

/var/www/html/vendor/laravel/framework/src/Illuminate/Foundation/PackageManifest.php:179
/var/www/html/vendor/orchestra/testbench-core/src/Foundation/PackageManifest.php:157
/var/www/html/vendor/laravel/framework/src/Illuminate/Foundation/PackageManifest.php:132
/var/www/html/vendor/laravel/framework/src/Illuminate/Foundation/PackageManifest.php:108
/var/www/html/vendor/orchestra/testbench-core/src/Foundation/PackageManifest.php:102
/var/www/html/vendor/laravel/framework/src/Illuminate/Foundation/PackageManifest.php:91
/var/www/html/vendor/laravel/framework/src/Illuminate/Foundation/PackageManifest.php:80
/var/www/html/vendor/laravel/framework/src/Illuminate/Foundation/Bootstrap/RegisterFacades.php:26
/var/www/html/vendor/orchestra/testbench-core/src/Concerns/CreatesApplication.php:556
/var/www/html/vendor/orchestra/testbench-core/src/Concerns/CreatesApplication.php:311
/var/www/html/vendor/orchestra/testbench-core/src/TestCase.php:121
/var/www/html/vendor/orchestra/testbench-core/src/Concerns/ApplicationTestingHooks.php:74
/var/www/html/vendor/orchestra/testbench-core/src/Concerns/Testing.php:43
/var/www/html/vendor/laravel/framework/src/Illuminate/Collections/helpers.php:236
/var/www/html/vendor/orchestra/sidekick/src/functions.php:87
/var/www/html/vendor/laravel/framework/src/Illuminate/Collections/helpers.php:236
/var/www/html/vendor/orchestra/testbench-core/src/Concerns/Testing.php:57
/var/www/html/vendor/orchestra/testbench-core/src/TestCase.php:50
/var/www/html/tests/TestCase.php:61
/var/www/html/tests/Unit/Http/Middleware/McpLoggingMiddlewareTest.php:43</error>
        </testcase>
        <testcase name="it_logs_exceptions_as_errors" file="/var/www/html/tests/Unit/Http/Middleware/McpLoggingMiddlewareTest.php" line="264" class="JTD\LaravelMCP\Tests\Unit\Http\Middleware\McpLoggingMiddlewareTest" classname="JTD.LaravelMCP.Tests.Unit.Http.Middleware.McpLoggingMiddlewareTest" assertions="0" time="0.000000">
          <error type="Exception">JTD\LaravelMCP\Tests\Unit\Http\Middleware\McpLoggingMiddlewareTest::it_logs_exceptions_as_errors
Exception: The /var/www/html/vendor/orchestra/testbench-core/laravel/bootstrap/cache directory must be present and writable.

/var/www/html/vendor/laravel/framework/src/Illuminate/Foundation/PackageManifest.php:179
/var/www/html/vendor/orchestra/testbench-core/src/Foundation/PackageManifest.php:157
/var/www/html/vendor/laravel/framework/src/Illuminate/Foundation/PackageManifest.php:132
/var/www/html/vendor/laravel/framework/src/Illuminate/Foundation/PackageManifest.php:108
/var/www/html/vendor/orchestra/testbench-core/src/Foundation/PackageManifest.php:102
/var/www/html/vendor/laravel/framework/src/Illuminate/Foundation/PackageManifest.php:91
/var/www/html/vendor/laravel/framework/src/Illuminate/Foundation/PackageManifest.php:80
/var/www/html/vendor/laravel/framework/src/Illuminate/Foundation/Bootstrap/RegisterFacades.php:26
/var/www/html/vendor/orchestra/testbench-core/src/Concerns/CreatesApplication.php:556
/var/www/html/vendor/orchestra/testbench-core/src/Concerns/CreatesApplication.php:311
/var/www/html/vendor/orchestra/testbench-core/src/TestCase.php:121
/var/www/html/vendor/orchestra/testbench-core/src/Concerns/ApplicationTestingHooks.php:74
/var/www/html/vendor/orchestra/testbench-core/src/Concerns/Testing.php:43
/var/www/html/vendor/laravel/framework/src/Illuminate/Collections/helpers.php:236
/var/www/html/vendor/orchestra/sidekick/src/functions.php:87
/var/www/html/vendor/laravel/framework/src/Illuminate/Collections/helpers.php:236
/var/www/html/vendor/orchestra/testbench-core/src/Concerns/Testing.php:57
/var/www/html/vendor/orchestra/testbench-core/src/TestCase.php:50
/var/www/html/tests/TestCase.php:61
/var/www/html/tests/Unit/Http/Middleware/McpLoggingMiddlewareTest.php:43</error>
        </testcase>
        <testcase name="it_truncates_large_values_in_logs" file="/var/www/html/tests/Unit/Http/Middleware/McpLoggingMiddlewareTest.php" line="305" class="JTD\LaravelMCP\Tests\Unit\Http\Middleware\McpLoggingMiddlewareTest" classname="JTD.LaravelMCP.Tests.Unit.Http.Middleware.McpLoggingMiddlewareTest" assertions="0" time="0.000000">
          <error type="Exception">JTD\LaravelMCP\Tests\Unit\Http\Middleware\McpLoggingMiddlewareTest::it_truncates_large_values_in_logs
Exception: The /var/www/html/vendor/orchestra/testbench-core/laravel/bootstrap/cache directory must be present and writable.

/var/www/html/vendor/laravel/framework/src/Illuminate/Foundation/PackageManifest.php:179
/var/www/html/vendor/orchestra/testbench-core/src/Foundation/PackageManifest.php:157
/var/www/html/vendor/laravel/framework/src/Illuminate/Foundation/PackageManifest.php:132
/var/www/html/vendor/laravel/framework/src/Illuminate/Foundation/PackageManifest.php:108
/var/www/html/vendor/orchestra/testbench-core/src/Foundation/PackageManifest.php:102
/var/www/html/vendor/laravel/framework/src/Illuminate/Foundation/PackageManifest.php:91
/var/www/html/vendor/laravel/framework/src/Illuminate/Foundation/PackageManifest.php:80
/var/www/html/vendor/laravel/framework/src/Illuminate/Foundation/Bootstrap/RegisterFacades.php:26
/var/www/html/vendor/orchestra/testbench-core/src/Concerns/CreatesApplication.php:556
/var/www/html/vendor/orchestra/testbench-core/src/Concerns/CreatesApplication.php:311
/var/www/html/vendor/orchestra/testbench-core/src/TestCase.php:121
/var/www/html/vendor/orchestra/testbench-core/src/Concerns/ApplicationTestingHooks.php:74
/var/www/html/vendor/orchestra/testbench-core/src/Concerns/Testing.php:43
/var/www/html/vendor/laravel/framework/src/Illuminate/Collections/helpers.php:236
/var/www/html/vendor/orchestra/sidekick/src/functions.php:87
/var/www/html/vendor/laravel/framework/src/Illuminate/Collections/helpers.php:236
/var/www/html/vendor/orchestra/testbench-core/src/Concerns/Testing.php:57
/var/www/html/vendor/orchestra/testbench-core/src/TestCase.php:50
/var/www/html/tests/TestCase.php:61
/var/www/html/tests/Unit/Http/Middleware/McpLoggingMiddlewareTest.php:43</error>
        </testcase>
        <testcase name="it_adds_user_context_to_logs_when_available" file="/var/www/html/tests/Unit/Http/Middleware/McpLoggingMiddlewareTest.php" line="354" class="JTD\LaravelMCP\Tests\Unit\Http\Middleware\McpLoggingMiddlewareTest" classname="JTD.LaravelMCP.Tests.Unit.Http.Middleware.McpLoggingMiddlewareTest" assertions="0" time="0.000000">
          <error type="Exception">JTD\LaravelMCP\Tests\Unit\Http\Middleware\McpLoggingMiddlewareTest::it_adds_user_context_to_logs_when_available
Exception: The /var/www/html/vendor/orchestra/testbench-core/laravel/bootstrap/cache directory must be present and writable.

/var/www/html/vendor/laravel/framework/src/Illuminate/Foundation/PackageManifest.php:179
/var/www/html/vendor/orchestra/testbench-core/src/Foundation/PackageManifest.php:157
/var/www/html/vendor/laravel/framework/src/Illuminate/Foundation/PackageManifest.php:132
/var/www/html/vendor/laravel/framework/src/Illuminate/Foundation/PackageManifest.php:108
/var/www/html/vendor/orchestra/testbench-core/src/Foundation/PackageManifest.php:102
/var/www/html/vendor/laravel/framework/src/Illuminate/Foundation/PackageManifest.php:91
/var/www/html/vendor/laravel/framework/src/Illuminate/Foundation/PackageManifest.php:80
/var/www/html/vendor/laravel/framework/src/Illuminate/Foundation/Bootstrap/RegisterFacades.php:26
/var/www/html/vendor/orchestra/testbench-core/src/Concerns/CreatesApplication.php:556
/var/www/html/vendor/orchestra/testbench-core/src/Concerns/CreatesApplication.php:311
/var/www/html/vendor/orchestra/testbench-core/src/TestCase.php:121
/var/www/html/vendor/orchestra/testbench-core/src/Concerns/ApplicationTestingHooks.php:74
/var/www/html/vendor/orchestra/testbench-core/src/Concerns/Testing.php:43
/var/www/html/vendor/laravel/framework/src/Illuminate/Collections/helpers.php:236
/var/www/html/vendor/orchestra/sidekick/src/functions.php:87
/var/www/html/vendor/laravel/framework/src/Illuminate/Collections/helpers.php:236
/var/www/html/vendor/orchestra/testbench-core/src/Concerns/Testing.php:57
/var/www/html/vendor/orchestra/testbench-core/src/TestCase.php:50
/var/www/html/tests/TestCase.php:61
/var/www/html/tests/Unit/Http/Middleware/McpLoggingMiddlewareTest.php:43</error>
        </testcase>
      </testsuite>
      <testsuite name="JTD\LaravelMCP\Tests\Unit\Http\Middleware\McpRateLimitMiddlewareTest" file="/var/www/html/tests/Unit/Http/Middleware/McpRateLimitMiddlewareTest.php" tests="26" assertions="2" errors="24" failures="1" skipped="0" time="0.036932">
        <testcase name="it_uses_named_limiter_when_provided" file="/var/www/html/tests/Unit/Http/Middleware/McpRateLimitMiddlewareTest.php" line="172" class="JTD\LaravelMCP\Tests\Unit\Http\Middleware\McpRateLimitMiddlewareTest" classname="JTD.LaravelMCP.Tests.Unit.Http.Middleware.McpRateLimitMiddlewareTest" assertions="0" time="0.012119">
          <error type="Illuminate\Contracts\Container\BindingResolutionException">JTD\LaravelMCP\Tests\Unit\Http\Middleware\McpRateLimitMiddlewareTest::it_uses_named_limiter_when_provided
Illuminate\Contracts\Container\BindingResolutionException: Target class [auth] does not exist.

/var/www/html/vendor/laravel/framework/src/Illuminate/Container/Container.php:961
/var/www/html/vendor/laravel/framework/src/Illuminate/Container/Container.php:832
/var/www/html/vendor/laravel/framework/src/Illuminate/Foundation/Application.php:1078
/var/www/html/vendor/laravel/framework/src/Illuminate/Container/Container.php:763
/var/www/html/vendor/laravel/framework/src/Illuminate/Foundation/Application.php:1058
/var/www/html/vendor/laravel/framework/src/Illuminate/Foundation/helpers.php:124
/var/www/html/vendor/laravel/framework/src/Illuminate/Foundation/helpers.php:165
/var/www/html/src/Http/Middleware/McpRateLimitMiddleware.php:249
/var/www/html/src/Http/Middleware/McpRateLimitMiddleware.php:223
/var/www/html/src/Http/Middleware/McpRateLimitMiddleware.php:69
/var/www/html/tests/Unit/Http/Middleware/McpRateLimitMiddlewareTest.php:202</error>
        </testcase>
        <testcase name="it_adds_custom_key_suffix_from_config" file="/var/www/html/tests/Unit/Http/Middleware/McpRateLimitMiddlewareTest.php" line="359" class="JTD\LaravelMCP\Tests\Unit\Http\Middleware\McpRateLimitMiddlewareTest" classname="JTD.LaravelMCP.Tests.Unit.Http.Middleware.McpRateLimitMiddlewareTest" assertions="0" time="0.001127">
          <error type="Illuminate\Contracts\Container\BindingResolutionException">JTD\LaravelMCP\Tests\Unit\Http\Middleware\McpRateLimitMiddlewareTest::it_adds_custom_key_suffix_from_config
Illuminate\Contracts\Container\BindingResolutionException: Target class [auth] does not exist.

/var/www/html/vendor/laravel/framework/src/Illuminate/Container/Container.php:961
/var/www/html/vendor/laravel/framework/src/Illuminate/Container/Container.php:832
/var/www/html/vendor/laravel/framework/src/Illuminate/Foundation/Application.php:1078
/var/www/html/vendor/laravel/framework/src/Illuminate/Container/Container.php:763
/var/www/html/vendor/laravel/framework/src/Illuminate/Foundation/Application.php:1058
/var/www/html/vendor/laravel/framework/src/Illuminate/Foundation/helpers.php:124
/var/www/html/vendor/laravel/framework/src/Illuminate/Foundation/helpers.php:165
/var/www/html/src/Http/Middleware/McpRateLimitMiddleware.php:249
/var/www/html/src/Http/Middleware/McpRateLimitMiddleware.php:223
/var/www/html/src/Http/Middleware/McpRateLimitMiddleware.php:69
/var/www/html/tests/Unit/Http/Middleware/McpRateLimitMiddlewareTest.php:404</error>
        </testcase>
        <testcase name="it_adds_retry_after_headers_when_limited" file="/var/www/html/tests/Unit/Http/Middleware/McpRateLimitMiddlewareTest.php" line="408" class="JTD\LaravelMCP\Tests\Unit\Http\Middleware\McpRateLimitMiddlewareTest" classname="JTD.LaravelMCP.Tests.Unit.Http.Middleware.McpRateLimitMiddlewareTest" assertions="0" time="0.000985">
          <error type="Illuminate\Contracts\Container\BindingResolutionException">JTD\LaravelMCP\Tests\Unit\Http\Middleware\McpRateLimitMiddlewareTest::it_adds_retry_after_headers_when_limited
Illuminate\Contracts\Container\BindingResolutionException: Target class [auth] does not exist.

/var/www/html/vendor/laravel/framework/src/Illuminate/Container/Container.php:961
/var/www/html/vendor/laravel/framework/src/Illuminate/Container/Container.php:832
/var/www/html/vendor/laravel/framework/src/Illuminate/Foundation/Application.php:1078
/var/www/html/vendor/laravel/framework/src/Illuminate/Container/Container.php:763
/var/www/html/vendor/laravel/framework/src/Illuminate/Foundation/Application.php:1058
/var/www/html/vendor/laravel/framework/src/Illuminate/Foundation/helpers.php:124
/var/www/html/vendor/laravel/framework/src/Illuminate/Foundation/helpers.php:165
/var/www/html/src/Http/Middleware/McpRateLimitMiddleware.php:249
/var/www/html/src/Http/Middleware/McpRateLimitMiddleware.php:223
/var/www/html/src/Http/Middleware/McpRateLimitMiddleware.php:69
/var/www/html/tests/Unit/Http/Middleware/McpRateLimitMiddlewareTest.php:437</error>
        </testcase>
        <testcase name="it_does_not_log_when_logging_disabled" file="/var/www/html/tests/Unit/Http/Middleware/McpRateLimitMiddlewareTest.php" line="446" class="JTD\LaravelMCP\Tests\Unit\Http\Middleware\McpRateLimitMiddlewareTest" classname="JTD.LaravelMCP.Tests.Unit.Http.Middleware.McpRateLimitMiddlewareTest" assertions="0" time="0.001481">
          <error type="Illuminate\Contracts\Container\BindingResolutionException">JTD\LaravelMCP\Tests\Unit\Http\Middleware\McpRateLimitMiddlewareTest::it_does_not_log_when_logging_disabled
Illuminate\Contracts\Container\BindingResolutionException: Target class [auth] does not exist.

/var/www/html/vendor/laravel/framework/src/Illuminate/Container/Container.php:961
/var/www/html/vendor/laravel/framework/src/Illuminate/Container/Container.php:832
/var/www/html/vendor/laravel/framework/src/Illuminate/Foundation/Application.php:1078
/var/www/html/vendor/laravel/framework/src/Illuminate/Container/Container.php:763
/var/www/html/vendor/laravel/framework/src/Illuminate/Foundation/Application.php:1058
/var/www/html/vendor/laravel/framework/src/Illuminate/Foundation/helpers.php:124
/var/www/html/vendor/laravel/framework/src/Illuminate/Foundation/helpers.php:165
/var/www/html/src/Http/Middleware/McpRateLimitMiddleware.php:249
/var/www/html/src/Http/Middleware/McpRateLimitMiddleware.php:223
/var/www/html/src/Http/Middleware/McpRateLimitMiddleware.php:69
/var/www/html/tests/Unit/Http/Middleware/McpRateLimitMiddlewareTest.php:479</error>
        </testcase>
        <testcase name="it_returns_rate_limit_status" file="/var/www/html/tests/Unit/Http/Middleware/McpRateLimitMiddlewareTest.php" line="504" class="JTD\LaravelMCP\Tests\Unit\Http\Middleware\McpRateLimitMiddlewareTest" classname="JTD.LaravelMCP.Tests.Unit.Http.Middleware.McpRateLimitMiddlewareTest" assertions="0" time="0.000737">
          <error type="Illuminate\Contracts\Container\BindingResolutionException">JTD\LaravelMCP\Tests\Unit\Http\Middleware\McpRateLimitMiddlewareTest::it_returns_rate_limit_status
Illuminate\Contracts\Container\BindingResolutionException: Target class [auth] does not exist.

/var/www/html/vendor/laravel/framework/src/Illuminate/Container/Container.php:961
/var/www/html/vendor/laravel/framework/src/Illuminate/Container/Container.php:832
/var/www/html/vendor/laravel/framework/src/Illuminate/Foundation/Application.php:1078
/var/www/html/vendor/laravel/framework/src/Illuminate/Container/Container.php:763
/var/www/html/vendor/laravel/framework/src/Illuminate/Foundation/Application.php:1058
/var/www/html/vendor/laravel/framework/src/Illuminate/Foundation/helpers.php:124
/var/www/html/vendor/laravel/framework/src/Illuminate/Foundation/helpers.php:165
/var/www/html/src/Http/Middleware/McpRateLimitMiddleware.php:249
/var/www/html/src/Http/Middleware/McpRateLimitMiddleware.php:223
/var/www/html/src/Http/Middleware/McpRateLimitMiddleware.php:374
/var/www/html/tests/Unit/Http/Middleware/McpRateLimitMiddlewareTest.php:521</error>
        </testcase>
        <testcase name="it_skips_rate_limiting_when_disabled" file="/var/www/html/tests/Unit/Http/Middleware/McpRateLimitMiddlewareTest.php" line="72" class="JTD\LaravelMCP\Tests\Unit\Http\Middleware\McpRateLimitMiddlewareTest" classname="JTD.LaravelMCP.Tests.Unit.Http.Middleware.McpRateLimitMiddlewareTest" assertions="0" time="0.000654">
          <error type="Illuminate\Contracts\Container\BindingResolutionException">JTD\LaravelMCP\Tests\Unit\Http\Middleware\McpRateLimitMiddlewareTest::it_skips_rate_limiting_when_disabled
Illuminate\Contracts\Container\BindingResolutionException: Target class [auth] does not exist.

/var/www/html/vendor/laravel/framework/src/Illuminate/Container/Container.php:961
/var/www/html/vendor/laravel/framework/src/Illuminate/Container/Container.php:832
/var/www/html/vendor/laravel/framework/src/Illuminate/Foundation/Application.php:1078
/var/www/html/vendor/laravel/framework/src/Illuminate/Container/Container.php:763
/var/www/html/vendor/laravel/framework/src/Illuminate/Foundation/Application.php:1058
/var/www/html/vendor/laravel/framework/src/Illuminate/Foundation/helpers.php:124
/var/www/html/vendor/laravel/framework/src/Illuminate/Foundation/helpers.php:165
/var/www/html/src/Http/Middleware/McpRateLimitMiddleware.php:249
/var/www/html/src/Http/Middleware/McpRateLimitMiddleware.php:223
/var/www/html/src/Http/Middleware/McpRateLimitMiddleware.php:69
/var/www/html/tests/Unit/Http/Middleware/McpRateLimitMiddlewareTest.php:84</error>
        </testcase>
        <testcase name="it_allows_requests_within_rate_limit" file="/var/www/html/tests/Unit/Http/Middleware/McpRateLimitMiddlewareTest.php" line="90" class="JTD\LaravelMCP\Tests\Unit\Http\Middleware\McpRateLimitMiddlewareTest" classname="JTD.LaravelMCP.Tests.Unit.Http.Middleware.McpRateLimitMiddlewareTest" assertions="0" time="0.000832">
          <error type="Illuminate\Contracts\Container\BindingResolutionException">JTD\LaravelMCP\Tests\Unit\Http\Middleware\McpRateLimitMiddlewareTest::it_allows_requests_within_rate_limit
Illuminate\Contracts\Container\BindingResolutionException: Target class [auth] does not exist.

/var/www/html/vendor/laravel/framework/src/Illuminate/Container/Container.php:961
/var/www/html/vendor/laravel/framework/src/Illuminate/Container/Container.php:832
/var/www/html/vendor/laravel/framework/src/Illuminate/Foundation/Application.php:1078
/var/www/html/vendor/laravel/framework/src/Illuminate/Container/Container.php:763
/var/www/html/vendor/laravel/framework/src/Illuminate/Foundation/Application.php:1058
/var/www/html/vendor/laravel/framework/src/Illuminate/Foundation/helpers.php:124
/var/www/html/vendor/laravel/framework/src/Illuminate/Foundation/helpers.php:165
/var/www/html/src/Http/Middleware/McpRateLimitMiddleware.php:249
/var/www/html/src/Http/Middleware/McpRateLimitMiddleware.php:223
/var/www/html/src/Http/Middleware/McpRateLimitMiddleware.php:69
/var/www/html/tests/Unit/Http/Middleware/McpRateLimitMiddlewareTest.php:119</error>
        </testcase>
        <testcase name="it_blocks_requests_exceeding_rate_limit" file="/var/www/html/tests/Unit/Http/Middleware/McpRateLimitMiddlewareTest.php" line="128" class="JTD\LaravelMCP\Tests\Unit\Http\Middleware\McpRateLimitMiddlewareTest" classname="JTD.LaravelMCP.Tests.Unit.Http.Middleware.McpRateLimitMiddlewareTest" assertions="0" time="0.001385">
          <error type="Illuminate\Contracts\Container\BindingResolutionException">JTD\LaravelMCP\Tests\Unit\Http\Middleware\McpRateLimitMiddlewareTest::it_blocks_requests_exceeding_rate_limit
Illuminate\Contracts\Container\BindingResolutionException: Target class [auth] does not exist.

/var/www/html/vendor/laravel/framework/src/Illuminate/Container/Container.php:961
/var/www/html/vendor/laravel/framework/src/Illuminate/Container/Container.php:832
/var/www/html/vendor/laravel/framework/src/Illuminate/Foundation/Application.php:1078
/var/www/html/vendor/laravel/framework/src/Illuminate/Container/Container.php:763
/var/www/html/vendor/laravel/framework/src/Illuminate/Foundation/Application.php:1058
/var/www/html/vendor/laravel/framework/src/Illuminate/Foundation/helpers.php:124
/var/www/html/vendor/laravel/framework/src/Illuminate/Foundation/helpers.php:165
/var/www/html/src/Http/Middleware/McpRateLimitMiddleware.php:249
/var/www/html/src/Http/Middleware/McpRateLimitMiddleware.php:223
/var/www/html/src/Http/Middleware/McpRateLimitMiddleware.php:69
/var/www/html/tests/Unit/Http/Middleware/McpRateLimitMiddlewareTest.php:158</error>
        </testcase>
        <testcase name="it_resets_rate_limits_for_user" file="/var/www/html/tests/Unit/Http/Middleware/McpRateLimitMiddlewareTest.php" line="493" class="JTD\LaravelMCP\Tests\Unit\Http\Middleware\McpRateLimitMiddlewareTest" classname="JTD.LaravelMCP.Tests.Unit.Http.Middleware.McpRateLimitMiddlewareTest" assertions="1" time="0.000866">
          <error type="Mockery\Exception\InvalidCountException">JTD\LaravelMCP\Tests\Unit\Http\Middleware\McpRateLimitMiddlewareTest::it_resets_rate_limits_for_user
Mockery\Exception\InvalidCountException: Method info('Rate limits reset for user', ['user_id' =&gt; 123]) from Illuminate\Support\Facades\Log should be called
 exactly 1 times but called 0 times.

/var/www/html/vendor/mockery/mockery/library/Mockery/CountValidator/Exact.php:32
/var/www/html/vendor/mockery/mockery/library/Mockery/Expectation.php:739
/var/www/html/vendor/mockery/mockery/library/Mockery/ExpectationDirector.php:202
/var/www/html/vendor/mockery/mockery/library/Mockery/Container.php:583
/var/www/html/vendor/mockery/mockery/library/Mockery/Container.php:519
/var/www/html/vendor/mockery/mockery/library/Mockery.php:176
/var/www/html/vendor/mockery/mockery/library/Mockery/Adapter/Phpunit/MockeryPHPUnitIntegration.php:49
/var/www/html/vendor/mockery/mockery/library/Mockery/Adapter/Phpunit/MockeryPHPUnitIntegration.php:61
/var/www/html/vendor/mockery/mockery/library/Mockery/Adapter/Phpunit/MockeryPHPUnitIntegrationAssertPostConditions.php:19</error>
        </testcase>
        <testcase name="it_handles_simple_integer_config" file="/var/www/html/tests/Unit/Http/Middleware/McpRateLimitMiddlewareTest.php" line="530" class="JTD\LaravelMCP\Tests\Unit\Http\Middleware\McpRateLimitMiddlewareTest" classname="JTD.LaravelMCP.Tests.Unit.Http.Middleware.McpRateLimitMiddlewareTest" assertions="0" time="0.000941">
          <error type="Illuminate\Contracts\Container\BindingResolutionException">JTD\LaravelMCP\Tests\Unit\Http\Middleware\McpRateLimitMiddlewareTest::it_handles_simple_integer_config
Illuminate\Contracts\Container\BindingResolutionException: Target class [auth] does not exist.

/var/www/html/vendor/laravel/framework/src/Illuminate/Container/Container.php:961
/var/www/html/vendor/laravel/framework/src/Illuminate/Container/Container.php:832
/var/www/html/vendor/laravel/framework/src/Illuminate/Foundation/Application.php:1078
/var/www/html/vendor/laravel/framework/src/Illuminate/Container/Container.php:763
/var/www/html/vendor/laravel/framework/src/Illuminate/Foundation/Application.php:1058
/var/www/html/vendor/laravel/framework/src/Illuminate/Foundation/helpers.php:124
/var/www/html/vendor/laravel/framework/src/Illuminate/Foundation/helpers.php:165
/var/www/html/src/Http/Middleware/McpRateLimitMiddleware.php:249
/var/www/html/src/Http/Middleware/McpRateLimitMiddleware.php:223
/var/www/html/src/Http/Middleware/McpRateLimitMiddleware.php:69
/var/www/html/tests/Unit/Http/Middleware/McpRateLimitMiddlewareTest.php:565</error>
        </testcase>
        <testcase name="it_handles_non_json_requests" file="/var/www/html/tests/Unit/Http/Middleware/McpRateLimitMiddlewareTest.php" line="571" class="JTD\LaravelMCP\Tests\Unit\Http\Middleware\McpRateLimitMiddlewareTest" classname="JTD.LaravelMCP.Tests.Unit.Http.Middleware.McpRateLimitMiddlewareTest" assertions="0" time="0.000909">
          <error type="Illuminate\Contracts\Container\BindingResolutionException">JTD\LaravelMCP\Tests\Unit\Http\Middleware\McpRateLimitMiddlewareTest::it_handles_non_json_requests
Illuminate\Contracts\Container\BindingResolutionException: Target class [auth] does not exist.

/var/www/html/vendor/laravel/framework/src/Illuminate/Container/Container.php:961
/var/www/html/vendor/laravel/framework/src/Illuminate/Container/Container.php:832
/var/www/html/vendor/laravel/framework/src/Illuminate/Foundation/Application.php:1078
/var/www/html/vendor/laravel/framework/src/Illuminate/Container/Container.php:763
/var/www/html/vendor/laravel/framework/src/Illuminate/Foundation/Application.php:1058
/var/www/html/vendor/laravel/framework/src/Illuminate/Foundation/helpers.php:124
/var/www/html/vendor/laravel/framework/src/Illuminate/Foundation/helpers.php:165
/var/www/html/src/Http/Middleware/McpRateLimitMiddleware.php:249
/var/www/html/src/Http/Middleware/McpRateLimitMiddleware.php:223
/var/www/html/src/Http/Middleware/McpRateLimitMiddleware.php:69
/var/www/html/tests/Unit/Http/Middleware/McpRateLimitMiddlewareTest.php:596</error>
        </testcase>
        <testcase name="it_handles_api_key_from_query_parameter" file="/var/www/html/tests/Unit/Http/Middleware/McpRateLimitMiddlewareTest.php" line="602" class="JTD\LaravelMCP\Tests\Unit\Http\Middleware\McpRateLimitMiddlewareTest" classname="JTD.LaravelMCP.Tests.Unit.Http.Middleware.McpRateLimitMiddlewareTest" assertions="0" time="0.001051">
          <error type="Illuminate\Contracts\Container\BindingResolutionException">JTD\LaravelMCP\Tests\Unit\Http\Middleware\McpRateLimitMiddlewareTest::it_handles_api_key_from_query_parameter
Illuminate\Contracts\Container\BindingResolutionException: Target class [auth] does not exist.

/var/www/html/vendor/laravel/framework/src/Illuminate/Container/Container.php:961
/var/www/html/vendor/laravel/framework/src/Illuminate/Container/Container.php:832
/var/www/html/vendor/laravel/framework/src/Illuminate/Foundation/Application.php:1078
/var/www/html/vendor/laravel/framework/src/Illuminate/Container/Container.php:763
/var/www/html/vendor/laravel/framework/src/Illuminate/Foundation/Application.php:1058
/var/www/html/vendor/laravel/framework/src/Illuminate/Foundation/helpers.php:124
/var/www/html/vendor/laravel/framework/src/Illuminate/Foundation/helpers.php:165
/var/www/html/src/Http/Middleware/McpRateLimitMiddleware.php:249
/var/www/html/src/Http/Middleware/McpRateLimitMiddleware.php:223
/var/www/html/src/Http/Middleware/McpRateLimitMiddleware.php:69
/var/www/html/tests/Unit/Http/Middleware/McpRateLimitMiddlewareTest.php:637</error>
        </testcase>
        <testcase name="it_uses_x_api_key_header_as_fallback" file="/var/www/html/tests/Unit/Http/Middleware/McpRateLimitMiddlewareTest.php" line="641" class="JTD\LaravelMCP\Tests\Unit\Http\Middleware\McpRateLimitMiddlewareTest" classname="JTD.LaravelMCP.Tests.Unit.Http.Middleware.McpRateLimitMiddlewareTest" assertions="0" time="0.000961">
          <error type="Illuminate\Contracts\Container\BindingResolutionException">JTD\LaravelMCP\Tests\Unit\Http\Middleware\McpRateLimitMiddlewareTest::it_uses_x_api_key_header_as_fallback
Illuminate\Contracts\Container\BindingResolutionException: Target class [auth] does not exist.

/var/www/html/vendor/laravel/framework/src/Illuminate/Container/Container.php:961
/var/www/html/vendor/laravel/framework/src/Illuminate/Container/Container.php:832
/var/www/html/vendor/laravel/framework/src/Illuminate/Foundation/Application.php:1078
/var/www/html/vendor/laravel/framework/src/Illuminate/Container/Container.php:763
/var/www/html/vendor/laravel/framework/src/Illuminate/Foundation/Application.php:1058
/var/www/html/vendor/laravel/framework/src/Illuminate/Foundation/helpers.php:124
/var/www/html/vendor/laravel/framework/src/Illuminate/Foundation/helpers.php:165
/var/www/html/src/Http/Middleware/McpRateLimitMiddleware.php:249
/var/www/html/src/Http/Middleware/McpRateLimitMiddleware.php:223
/var/www/html/src/Http/Middleware/McpRateLimitMiddleware.php:69
/var/www/html/tests/Unit/Http/Middleware/McpRateLimitMiddlewareTest.php:679</error>
        </testcase>
        <testcase name="it_uses_anonymous_for_missing_api_key" file="/var/www/html/tests/Unit/Http/Middleware/McpRateLimitMiddlewareTest.php" line="683" class="JTD\LaravelMCP\Tests\Unit\Http\Middleware\McpRateLimitMiddlewareTest" classname="JTD.LaravelMCP.Tests.Unit.Http.Middleware.McpRateLimitMiddlewareTest" assertions="0" time="0.000900">
          <error type="Illuminate\Contracts\Container\BindingResolutionException">JTD\LaravelMCP\Tests\Unit\Http\Middleware\McpRateLimitMiddlewareTest::it_uses_anonymous_for_missing_api_key
Illuminate\Contracts\Container\BindingResolutionException: Target class [auth] does not exist.

/var/www/html/vendor/laravel/framework/src/Illuminate/Container/Container.php:961
/var/www/html/vendor/laravel/framework/src/Illuminate/Container/Container.php:832
/var/www/html/vendor/laravel/framework/src/Illuminate/Foundation/Application.php:1078
/var/www/html/vendor/laravel/framework/src/Illuminate/Container/Container.php:763
/var/www/html/vendor/laravel/framework/src/Illuminate/Foundation/Application.php:1058
/var/www/html/vendor/laravel/framework/src/Illuminate/Foundation/helpers.php:124
/var/www/html/vendor/laravel/framework/src/Illuminate/Foundation/helpers.php:165
/var/www/html/src/Http/Middleware/McpRateLimitMiddleware.php:249
/var/www/html/src/Http/Middleware/McpRateLimitMiddleware.php:223
/var/www/html/src/Http/Middleware/McpRateLimitMiddleware.php:69
/var/www/html/tests/Unit/Http/Middleware/McpRateLimitMiddlewareTest.php:719</error>
        </testcase>
        <testsuite name="JTD\LaravelMCP\Tests\Unit\Http\Middleware\McpRateLimitMiddlewareTest::it_uses_method_specific_configuration" tests="5" assertions="0" errors="5" failures="0" skipped="0" time="0.004590">
          <testcase name="it_uses_method_specific_configuration with data set &quot;tools category&quot;" file="/var/www/html/tests/Unit/Http/Middleware/McpRateLimitMiddlewareTest.php" line="210" class="JTD\LaravelMCP\Tests\Unit\Http\Middleware\McpRateLimitMiddlewareTest" classname="JTD.LaravelMCP.Tests.Unit.Http.Middleware.McpRateLimitMiddlewareTest" assertions="0" time="0.000949">
            <error type="Illuminate\Contracts\Container\BindingResolutionException">JTD\LaravelMCP\Tests\Unit\Http\Middleware\McpRateLimitMiddlewareTest::it_uses_method_specific_configuration with data set "tools category"
Illuminate\Contracts\Container\BindingResolutionException: Target class [auth] does not exist.

/var/www/html/vendor/laravel/framework/src/Illuminate/Container/Container.php:961
/var/www/html/vendor/laravel/framework/src/Illuminate/Container/Container.php:832
/var/www/html/vendor/laravel/framework/src/Illuminate/Foundation/Application.php:1078
/var/www/html/vendor/laravel/framework/src/Illuminate/Container/Container.php:763
/var/www/html/vendor/laravel/framework/src/Illuminate/Foundation/Application.php:1058
/var/www/html/vendor/laravel/framework/src/Illuminate/Foundation/helpers.php:124
/var/www/html/vendor/laravel/framework/src/Illuminate/Foundation/helpers.php:165
/var/www/html/src/Http/Middleware/McpRateLimitMiddleware.php:249
/var/www/html/src/Http/Middleware/McpRateLimitMiddleware.php:223
/var/www/html/src/Http/Middleware/McpRateLimitMiddleware.php:69
/var/www/html/tests/Unit/Http/Middleware/McpRateLimitMiddlewareTest.php:249</error>
          </testcase>
          <testcase name="it_uses_method_specific_configuration with data set &quot;resources category&quot;" file="/var/www/html/tests/Unit/Http/Middleware/McpRateLimitMiddlewareTest.php" line="210" class="JTD\LaravelMCP\Tests\Unit\Http\Middleware\McpRateLimitMiddlewareTest" classname="JTD.LaravelMCP.Tests.Unit.Http.Middleware.McpRateLimitMiddlewareTest" assertions="0" time="0.000917">
            <error type="Illuminate\Contracts\Container\BindingResolutionException">JTD\LaravelMCP\Tests\Unit\Http\Middleware\McpRateLimitMiddlewareTest::it_uses_method_specific_configuration with data set "resources category"
Illuminate\Contracts\Container\BindingResolutionException: Target class [auth] does not exist.

/var/www/html/vendor/laravel/framework/src/Illuminate/Container/Container.php:961
/var/www/html/vendor/laravel/framework/src/Illuminate/Container/Container.php:832
/var/www/html/vendor/laravel/framework/src/Illuminate/Foundation/Application.php:1078
/var/www/html/vendor/laravel/framework/src/Illuminate/Container/Container.php:763
/var/www/html/vendor/laravel/framework/src/Illuminate/Foundation/Application.php:1058
/var/www/html/vendor/laravel/framework/src/Illuminate/Foundation/helpers.php:124
/var/www/html/vendor/laravel/framework/src/Illuminate/Foundation/helpers.php:165
/var/www/html/src/Http/Middleware/McpRateLimitMiddleware.php:249
/var/www/html/src/Http/Middleware/McpRateLimitMiddleware.php:223
/var/www/html/src/Http/Middleware/McpRateLimitMiddleware.php:69
/var/www/html/tests/Unit/Http/Middleware/McpRateLimitMiddlewareTest.php:249</error>
          </testcase>
          <testcase name="it_uses_method_specific_configuration with data set &quot;prompts category&quot;" file="/var/www/html/tests/Unit/Http/Middleware/McpRateLimitMiddlewareTest.php" line="210" class="JTD\LaravelMCP\Tests\Unit\Http\Middleware\McpRateLimitMiddlewareTest" classname="JTD.LaravelMCP.Tests.Unit.Http.Middleware.McpRateLimitMiddlewareTest" assertions="0" time="0.000787">
            <error type="Illuminate\Contracts\Container\BindingResolutionException">JTD\LaravelMCP\Tests\Unit\Http\Middleware\McpRateLimitMiddlewareTest::it_uses_method_specific_configuration with data set "prompts category"
Illuminate\Contracts\Container\BindingResolutionException: Target class [auth] does not exist.

/var/www/html/vendor/laravel/framework/src/Illuminate/Container/Container.php:961
/var/www/html/vendor/laravel/framework/src/Illuminate/Container/Container.php:832
/var/www/html/vendor/laravel/framework/src/Illuminate/Foundation/Application.php:1078
/var/www/html/vendor/laravel/framework/src/Illuminate/Container/Container.php:763
/var/www/html/vendor/laravel/framework/src/Illuminate/Foundation/Application.php:1058
/var/www/html/vendor/laravel/framework/src/Illuminate/Foundation/helpers.php:124
/var/www/html/vendor/laravel/framework/src/Illuminate/Foundation/helpers.php:165
/var/www/html/src/Http/Middleware/McpRateLimitMiddleware.php:249
/var/www/html/src/Http/Middleware/McpRateLimitMiddleware.php:223
/var/www/html/src/Http/Middleware/McpRateLimitMiddleware.php:69
/var/www/html/tests/Unit/Http/Middleware/McpRateLimitMiddlewareTest.php:249</error>
          </testcase>
          <testcase name="it_uses_method_specific_configuration with data set &quot;sampling category&quot;" file="/var/www/html/tests/Unit/Http/Middleware/McpRateLimitMiddlewareTest.php" line="210" class="JTD\LaravelMCP\Tests\Unit\Http\Middleware\McpRateLimitMiddlewareTest" classname="JTD.LaravelMCP.Tests.Unit.Http.Middleware.McpRateLimitMiddlewareTest" assertions="0" time="0.000895">
            <error type="Illuminate\Contracts\Container\BindingResolutionException">JTD\LaravelMCP\Tests\Unit\Http\Middleware\McpRateLimitMiddlewareTest::it_uses_method_specific_configuration with data set "sampling category"
Illuminate\Contracts\Container\BindingResolutionException: Target class [auth] does not exist.

/var/www/html/vendor/laravel/framework/src/Illuminate/Container/Container.php:961
/var/www/html/vendor/laravel/framework/src/Illuminate/Container/Container.php:832
/var/www/html/vendor/laravel/framework/src/Illuminate/Foundation/Application.php:1078
/var/www/html/vendor/laravel/framework/src/Illuminate/Container/Container.php:763
/var/www/html/vendor/laravel/framework/src/Illuminate/Foundation/Application.php:1058
/var/www/html/vendor/laravel/framework/src/Illuminate/Foundation/helpers.php:124
/var/www/html/vendor/laravel/framework/src/Illuminate/Foundation/helpers.php:165
/var/www/html/src/Http/Middleware/McpRateLimitMiddleware.php:249
/var/www/html/src/Http/Middleware/McpRateLimitMiddleware.php:223
/var/www/html/src/Http/Middleware/McpRateLimitMiddleware.php:69
/var/www/html/tests/Unit/Http/Middleware/McpRateLimitMiddlewareTest.php:249</error>
          </testcase>
          <testcase name="it_uses_method_specific_configuration with data set &quot;completion category&quot;" file="/var/www/html/tests/Unit/Http/Middleware/McpRateLimitMiddlewareTest.php" line="210" class="JTD\LaravelMCP\Tests\Unit\Http\Middleware\McpRateLimitMiddlewareTest" classname="JTD.LaravelMCP.Tests.Unit.Http.Middleware.McpRateLimitMiddlewareTest" assertions="0" time="0.001042">
            <error type="Illuminate\Contracts\Container\BindingResolutionException">JTD\LaravelMCP\Tests\Unit\Http\Middleware\McpRateLimitMiddlewareTest::it_uses_method_specific_configuration with data set "completion category"
Illuminate\Contracts\Container\BindingResolutionException: Target class [auth] does not exist.

/var/www/html/vendor/laravel/framework/src/Illuminate/Container/Container.php:961
/var/www/html/vendor/laravel/framework/src/Illuminate/Container/Container.php:832
/var/www/html/vendor/laravel/framework/src/Illuminate/Foundation/Application.php:1078
/var/www/html/vendor/laravel/framework/src/Illuminate/Container/Container.php:763
/var/www/html/vendor/laravel/framework/src/Illuminate/Foundation/Application.php:1058
/var/www/html/vendor/laravel/framework/src/Illuminate/Foundation/helpers.php:124
/var/www/html/vendor/laravel/framework/src/Illuminate/Foundation/helpers.php:165
/var/www/html/src/Http/Middleware/McpRateLimitMiddleware.php:249
/var/www/html/src/Http/Middleware/McpRateLimitMiddleware.php:223
/var/www/html/src/Http/Middleware/McpRateLimitMiddleware.php:69
/var/www/html/tests/Unit/Http/Middleware/McpRateLimitMiddlewareTest.php:249</error>
          </testcase>
        </testsuite>
        <testsuite name="JTD\LaravelMCP\Tests\Unit\Http\Middleware\McpRateLimitMiddlewareTest::it_generates_correct_key_for_strategy" tests="6" assertions="0" errors="5" failures="1" skipped="0" time="0.006538">
          <testcase name="it_generates_correct_key_for_strategy with data set &quot;per_user strategy with mcp_user_id&quot;" file="/var/www/html/tests/Unit/Http/Middleware/McpRateLimitMiddlewareTest.php" line="267" class="JTD\LaravelMCP\Tests\Unit\Http\Middleware\McpRateLimitMiddlewareTest" classname="JTD.LaravelMCP.Tests.Unit.Http.Middleware.McpRateLimitMiddlewareTest" assertions="0" time="0.001862">
            <error type="Illuminate\Contracts\Container\BindingResolutionException">JTD\LaravelMCP\Tests\Unit\Http\Middleware\McpRateLimitMiddlewareTest::it_generates_correct_key_for_strategy with data set "per_user strategy with mcp_user_id"
Illuminate\Contracts\Container\BindingResolutionException: Target class [request] does not exist.

/var/www/html/vendor/laravel/framework/src/Illuminate/Container/Container.php:961
/var/www/html/vendor/laravel/framework/src/Illuminate/Container/Container.php:832
/var/www/html/vendor/laravel/framework/src/Illuminate/Foundation/Application.php:1078
/var/www/html/vendor/laravel/framework/src/Illuminate/Container/Container.php:763
/var/www/html/vendor/laravel/framework/src/Illuminate/Foundation/Application.php:1058
/var/www/html/vendor/laravel/framework/src/Illuminate/Foundation/helpers.php:124
/var/www/html/vendor/laravel/framework/src/Illuminate/Foundation/helpers.php:753
/var/www/html/src/Http/Middleware/McpRateLimitMiddleware.php:288
/var/www/html/src/Http/Middleware/McpRateLimitMiddleware.php:83
/var/www/html/tests/Unit/Http/Middleware/McpRateLimitMiddlewareTest.php:319</error>
          </testcase>
          <testcase name="it_generates_correct_key_for_strategy with data set &quot;per_user strategy with auth user&quot;" file="/var/www/html/tests/Unit/Http/Middleware/McpRateLimitMiddlewareTest.php" line="267" class="JTD\LaravelMCP\Tests\Unit\Http\Middleware\McpRateLimitMiddlewareTest" classname="JTD.LaravelMCP.Tests.Unit.Http.Middleware.McpRateLimitMiddlewareTest" assertions="0" time="0.000869">
            <error type="Illuminate\Contracts\Container\BindingResolutionException">JTD\LaravelMCP\Tests\Unit\Http\Middleware\McpRateLimitMiddlewareTest::it_generates_correct_key_for_strategy with data set "per_user strategy with auth user"
Illuminate\Contracts\Container\BindingResolutionException: Target class [auth] does not exist.

/var/www/html/vendor/laravel/framework/src/Illuminate/Container/Container.php:961
/var/www/html/vendor/laravel/framework/src/Illuminate/Container/Container.php:832
/var/www/html/vendor/laravel/framework/src/Illuminate/Foundation/Application.php:1078
/var/www/html/vendor/laravel/framework/src/Illuminate/Container/Container.php:763
/var/www/html/vendor/laravel/framework/src/Illuminate/Foundation/Application.php:1058
/var/www/html/vendor/laravel/framework/src/Illuminate/Foundation/helpers.php:124
/var/www/html/vendor/laravel/framework/src/Illuminate/Foundation/helpers.php:165
/var/www/html/src/Http/Middleware/McpRateLimitMiddleware.php:249
/var/www/html/src/Http/Middleware/McpRateLimitMiddleware.php:223
/var/www/html/src/Http/Middleware/McpRateLimitMiddleware.php:69
/var/www/html/tests/Unit/Http/Middleware/McpRateLimitMiddlewareTest.php:319</error>
          </testcase>
          <testcase name="it_generates_correct_key_for_strategy with data set &quot;per_ip strategy&quot;" file="/var/www/html/tests/Unit/Http/Middleware/McpRateLimitMiddlewareTest.php" line="267" class="JTD\LaravelMCP\Tests\Unit\Http\Middleware\McpRateLimitMiddlewareTest" classname="JTD.LaravelMCP.Tests.Unit.Http.Middleware.McpRateLimitMiddlewareTest" assertions="0" time="0.000906">
            <error type="Illuminate\Contracts\Container\BindingResolutionException">JTD\LaravelMCP\Tests\Unit\Http\Middleware\McpRateLimitMiddlewareTest::it_generates_correct_key_for_strategy with data set "per_ip strategy"
Illuminate\Contracts\Container\BindingResolutionException: Target class [auth] does not exist.

/var/www/html/vendor/laravel/framework/src/Illuminate/Container/Container.php:961
/var/www/html/vendor/laravel/framework/src/Illuminate/Container/Container.php:832
/var/www/html/vendor/laravel/framework/src/Illuminate/Foundation/Application.php:1078
/var/www/html/vendor/laravel/framework/src/Illuminate/Container/Container.php:763
/var/www/html/vendor/laravel/framework/src/Illuminate/Foundation/Application.php:1058
/var/www/html/vendor/laravel/framework/src/Illuminate/Foundation/helpers.php:124
/var/www/html/vendor/laravel/framework/src/Illuminate/Foundation/helpers.php:165
/var/www/html/src/Http/Middleware/McpRateLimitMiddleware.php:249
/var/www/html/src/Http/Middleware/McpRateLimitMiddleware.php:223
/var/www/html/src/Http/Middleware/McpRateLimitMiddleware.php:69
/var/www/html/tests/Unit/Http/Middleware/McpRateLimitMiddlewareTest.php:319</error>
          </testcase>
          <testcase name="it_generates_correct_key_for_strategy with data set &quot;per_user_per_ip strategy&quot;" file="/var/www/html/tests/Unit/Http/Middleware/McpRateLimitMiddlewareTest.php" line="267" class="JTD\LaravelMCP\Tests\Unit\Http\Middleware\McpRateLimitMiddlewareTest" classname="JTD.LaravelMCP.Tests.Unit.Http.Middleware.McpRateLimitMiddlewareTest" assertions="0" time="0.001236">
            <failure type="PHPUnit\Framework\ExpectationFailedException">JTD\LaravelMCP\Tests\Unit\Http\Middleware\McpRateLimitMiddlewareTest::it_generates_correct_key_for_strategy with data set "per_user_per_ip strategy"
Expectation failed for method name is "tooManyAttempts" when invoked 1 time
Parameter 0 for invocation Illuminate\Cache\RateLimiter::tooManyAttempts('mcp:rate_limit:tools/list:user:789', 60) does not match expected value.
Failed asserting that 'mcp:rate_limit:tools/list:user:789' matches PCRE pattern "/^mcp:rate_limit:tools\/list:user:789:10\.0\.0\.1$/".

/var/www/html/src/Http/Middleware/McpRateLimitMiddleware.php:72
/var/www/html/tests/Unit/Http/Middleware/McpRateLimitMiddlewareTest.php:319</failure>
          </testcase>
          <testcase name="it_generates_correct_key_for_strategy with data set &quot;per_api_key strategy&quot;" file="/var/www/html/tests/Unit/Http/Middleware/McpRateLimitMiddlewareTest.php" line="267" class="JTD\LaravelMCP\Tests\Unit\Http\Middleware\McpRateLimitMiddlewareTest" classname="JTD.LaravelMCP.Tests.Unit.Http.Middleware.McpRateLimitMiddlewareTest" assertions="0" time="0.000786">
            <error type="Illuminate\Contracts\Container\BindingResolutionException">JTD\LaravelMCP\Tests\Unit\Http\Middleware\McpRateLimitMiddlewareTest::it_generates_correct_key_for_strategy with data set "per_api_key strategy"
Illuminate\Contracts\Container\BindingResolutionException: Target class [auth] does not exist.

/var/www/html/vendor/laravel/framework/src/Illuminate/Container/Container.php:961
/var/www/html/vendor/laravel/framework/src/Illuminate/Container/Container.php:832
/var/www/html/vendor/laravel/framework/src/Illuminate/Foundation/Application.php:1078
/var/www/html/vendor/laravel/framework/src/Illuminate/Container/Container.php:763
/var/www/html/vendor/laravel/framework/src/Illuminate/Foundation/Application.php:1058
/var/www/html/vendor/laravel/framework/src/Illuminate/Foundation/helpers.php:124
/var/www/html/vendor/laravel/framework/src/Illuminate/Foundation/helpers.php:165
/var/www/html/src/Http/Middleware/McpRateLimitMiddleware.php:249
/var/www/html/src/Http/Middleware/McpRateLimitMiddleware.php:223
/var/www/html/src/Http/Middleware/McpRateLimitMiddleware.php:69
/var/www/html/tests/Unit/Http/Middleware/McpRateLimitMiddlewareTest.php:319</error>
          </testcase>
          <testcase name="it_generates_correct_key_for_strategy with data set &quot;global strategy&quot;" file="/var/www/html/tests/Unit/Http/Middleware/McpRateLimitMiddlewareTest.php" line="267" class="JTD\LaravelMCP\Tests\Unit\Http\Middleware\McpRateLimitMiddlewareTest" classname="JTD.LaravelMCP.Tests.Unit.Http.Middleware.McpRateLimitMiddlewareTest" assertions="0" time="0.000878">
            <error type="Illuminate\Contracts\Container\BindingResolutionException">JTD\LaravelMCP\Tests\Unit\Http\Middleware\McpRateLimitMiddlewareTest::it_generates_correct_key_for_strategy with data set "global strategy"
Illuminate\Contracts\Container\BindingResolutionException: Target class [auth] does not exist.

/var/www/html/vendor/laravel/framework/src/Illuminate/Container/Container.php:961
/var/www/html/vendor/laravel/framework/src/Illuminate/Container/Container.php:832
/var/www/html/vendor/laravel/framework/src/Illuminate/Foundation/Application.php:1078
/var/www/html/vendor/laravel/framework/src/Illuminate/Container/Container.php:763
/var/www/html/vendor/laravel/framework/src/Illuminate/Foundation/Application.php:1058
/var/www/html/vendor/laravel/framework/src/Illuminate/Foundation/helpers.php:124
/var/www/html/vendor/laravel/framework/src/Illuminate/Foundation/helpers.php:165
/var/www/html/src/Http/Middleware/McpRateLimitMiddleware.php:249
/var/www/html/src/Http/Middleware/McpRateLimitMiddleware.php:223
/var/www/html/src/Http/Middleware/McpRateLimitMiddleware.php:69
/var/www/html/tests/Unit/Http/Middleware/McpRateLimitMiddlewareTest.php:319</error>
          </testcase>
        </testsuite>
        <testcase name="it_clears_rate_limit_for_specific_key" file="/var/www/html/tests/Unit/Http/Middleware/McpRateLimitMiddlewareTest.php" line="483" class="JTD\LaravelMCP\Tests\Unit\Http\Middleware\McpRateLimitMiddlewareTest" classname="JTD.LaravelMCP.Tests.Unit.Http.Middleware.McpRateLimitMiddlewareTest" assertions="1" time="0.000855"/>
      </testsuite>
      <testsuite name="JTD\LaravelMCP\Tests\Unit\Http\Middleware\McpValidationMiddlewareTest" file="/var/www/html/tests/Unit/Http/Middleware/McpValidationMiddlewareTest.php" tests="34" assertions="35" errors="1" failures="19" skipped="0" time="0.034893">
        <testcase name="it_handles_generic_exceptions" file="/var/www/html/tests/Unit/Http/Middleware/McpValidationMiddlewareTest.php" line="753" class="JTD\LaravelMCP\Tests\Unit\Http\Middleware\McpValidationMiddlewareTest" classname="JTD.LaravelMCP.Tests.Unit.Http.Middleware.McpValidationMiddlewareTest" assertions="0" time="0.014203">
          <error type="Illuminate\Contracts\Container\BindingResolutionException">JTD\LaravelMCP\Tests\Unit\Http\Middleware\McpValidationMiddlewareTest::it_handles_generic_exceptions
Illuminate\Contracts\Container\BindingResolutionException: Target class [request] does not exist.

/var/www/html/vendor/laravel/framework/src/Illuminate/Container/Container.php:961
/var/www/html/vendor/laravel/framework/src/Illuminate/Container/Container.php:832
/var/www/html/vendor/laravel/framework/src/Illuminate/Foundation/Application.php:1078
/var/www/html/vendor/laravel/framework/src/Illuminate/Container/Container.php:763
/var/www/html/vendor/laravel/framework/src/Illuminate/Foundation/Application.php:1058
/var/www/html/vendor/laravel/framework/src/Illuminate/Foundation/helpers.php:124
/var/www/html/vendor/laravel/framework/src/Illuminate/Foundation/helpers.php:753
/var/www/html/src/Http/Middleware/McpValidationMiddleware.php:594
/var/www/html/src/Http/Middleware/McpValidationMiddleware.php:213
/var/www/html/tests/Unit/Http/Middleware/McpValidationMiddlewareTest.php:784</error>
        </testcase>
        <testcase name="it_validates_content_type_for_post_requests" file="/var/www/html/tests/Unit/Http/Middleware/McpValidationMiddlewareTest.php" line="106" class="JTD\LaravelMCP\Tests\Unit\Http\Middleware\McpValidationMiddlewareTest" classname="JTD.LaravelMCP.Tests.Unit.Http.Middleware.McpValidationMiddlewareTest" assertions="1" time="0.001236">
          <failure type="PHPUnit\Framework\ExpectationFailedException">JTD\LaravelMCP\Tests\Unit\Http\Middleware\McpValidationMiddlewareTest::it_validates_content_type_for_post_requests
Failed asserting that exception of type "JTD\LaravelMCP\Http\Exceptions\McpValidationException" is thrown.</failure>
        </testcase>
        <testcase name="it_validates_request_size" file="/var/www/html/tests/Unit/Http/Middleware/McpValidationMiddlewareTest.php" line="138" class="JTD\LaravelMCP\Tests\Unit\Http\Middleware\McpValidationMiddlewareTest" classname="JTD.LaravelMCP.Tests.Unit.Http.Middleware.McpValidationMiddlewareTest" assertions="1" time="0.000468">
          <failure type="PHPUnit\Framework\ExpectationFailedException">JTD\LaravelMCP\Tests\Unit\Http\Middleware\McpValidationMiddlewareTest::it_validates_request_size
Failed asserting that exception of type "JTD\LaravelMCP\Http\Exceptions\McpValidationException" is thrown.</failure>
        </testcase>
        <testcase name="it_validates_json_rpc_structure" file="/var/www/html/tests/Unit/Http/Middleware/McpValidationMiddlewareTest.php" line="155" class="JTD\LaravelMCP\Tests\Unit\Http\Middleware\McpValidationMiddlewareTest" classname="JTD.LaravelMCP.Tests.Unit.Http.Middleware.McpValidationMiddlewareTest" assertions="1" time="0.000485">
          <failure type="PHPUnit\Framework\ExpectationFailedException">JTD\LaravelMCP\Tests\Unit\Http\Middleware\McpValidationMiddlewareTest::it_validates_json_rpc_structure
Failed asserting that exception of type "JTD\LaravelMCP\Http\Exceptions\McpValidationException" is thrown.</failure>
        </testcase>
        <testcase name="it_validates_method_format" file="/var/www/html/tests/Unit/Http/Middleware/McpValidationMiddlewareTest.php" line="210" class="JTD\LaravelMCP\Tests\Unit\Http\Middleware\McpValidationMiddlewareTest" classname="JTD.LaravelMCP.Tests.Unit.Http.Middleware.McpValidationMiddlewareTest" assertions="1" time="0.000558">
          <failure type="PHPUnit\Framework\ExpectationFailedException">JTD\LaravelMCP\Tests\Unit\Http\Middleware\McpValidationMiddlewareTest::it_validates_method_format
Failed asserting that exception of type "JTD\LaravelMCP\Http\Exceptions\McpValidationException" is thrown.</failure>
        </testcase>
        <testcase name="it_validates_params_must_be_array" file="/var/www/html/tests/Unit/Http/Middleware/McpValidationMiddlewareTest.php" line="269" class="JTD\LaravelMCP\Tests\Unit\Http\Middleware\McpValidationMiddlewareTest" classname="JTD.LaravelMCP.Tests.Unit.Http.Middleware.McpValidationMiddlewareTest" assertions="1" time="0.000435">
          <failure type="PHPUnit\Framework\ExpectationFailedException">JTD\LaravelMCP\Tests\Unit\Http\Middleware\McpValidationMiddlewareTest::it_validates_params_must_be_array
Failed asserting that exception of type "JTD\LaravelMCP\Http\Exceptions\McpValidationException" is thrown.</failure>
        </testcase>
        <testcase name="it_validates_id_format" file="/var/www/html/tests/Unit/Http/Middleware/McpValidationMiddlewareTest.php" line="296" class="JTD\LaravelMCP\Tests\Unit\Http\Middleware\McpValidationMiddlewareTest" classname="JTD.LaravelMCP.Tests.Unit.Http.Middleware.McpValidationMiddlewareTest" assertions="1" time="0.000572">
          <failure type="PHPUnit\Framework\ExpectationFailedException">JTD\LaravelMCP\Tests\Unit\Http\Middleware\McpValidationMiddlewareTest::it_validates_id_format
Failed asserting that exception of type "JTD\LaravelMCP\Http\Exceptions\McpValidationException" is thrown.</failure>
        </testcase>
        <testcase name="it_enforces_strict_mcp_methods_when_enabled" file="/var/www/html/tests/Unit/Http/Middleware/McpValidationMiddlewareTest.php" line="322" class="JTD\LaravelMCP\Tests\Unit\Http\Middleware\McpValidationMiddlewareTest" classname="JTD.LaravelMCP.Tests.Unit.Http.Middleware.McpValidationMiddlewareTest" assertions="1" time="0.000396">
          <failure type="PHPUnit\Framework\ExpectationFailedException">JTD\LaravelMCP\Tests\Unit\Http\Middleware\McpValidationMiddlewareTest::it_enforces_strict_mcp_methods_when_enabled
Failed asserting that exception of type "JTD\LaravelMCP\Http\Exceptions\McpValidationException" is thrown.</failure>
        </testcase>
        <testcase name="it_validates_initialize_protocol_version" file="/var/www/html/tests/Unit/Http/Middleware/McpValidationMiddlewareTest.php" line="386" class="JTD\LaravelMCP\Tests\Unit\Http\Middleware\McpValidationMiddlewareTest" classname="JTD.LaravelMCP.Tests.Unit.Http.Middleware.McpValidationMiddlewareTest" assertions="1" time="0.000440">
          <failure type="PHPUnit\Framework\ExpectationFailedException">JTD\LaravelMCP\Tests\Unit\Http\Middleware\McpValidationMiddlewareTest::it_validates_initialize_protocol_version
Failed asserting that exception of type "JTD\LaravelMCP\Http\Exceptions\McpValidationException" is thrown.</failure>
        </testcase>
        <testcase name="it_validates_capabilities_configuration" file="/var/www/html/tests/Unit/Http/Middleware/McpValidationMiddlewareTest.php" line="421" class="JTD\LaravelMCP\Tests\Unit\Http\Middleware\McpValidationMiddlewareTest" classname="JTD.LaravelMCP.Tests.Unit.Http.Middleware.McpValidationMiddlewareTest" assertions="1" time="0.000400">
          <failure type="PHPUnit\Framework\ExpectationFailedException">JTD\LaravelMCP\Tests\Unit\Http\Middleware\McpValidationMiddlewareTest::it_validates_capabilities_configuration
Failed asserting that exception of type "JTD\LaravelMCP\Http\Exceptions\McpValidationException" is thrown.</failure>
        </testcase>
        <testcase name="it_validates_disabled_capabilities" file="/var/www/html/tests/Unit/Http/Middleware/McpValidationMiddlewareTest.php" line="454" class="JTD\LaravelMCP\Tests\Unit\Http\Middleware\McpValidationMiddlewareTest" classname="JTD.LaravelMCP.Tests.Unit.Http.Middleware.McpValidationMiddlewareTest" assertions="1" time="0.000430">
          <failure type="PHPUnit\Framework\ExpectationFailedException">JTD\LaravelMCP\Tests\Unit\Http\Middleware\McpValidationMiddlewareTest::it_validates_disabled_capabilities
Failed asserting that exception of type "JTD\LaravelMCP\Http\Exceptions\McpValidationException" is thrown.</failure>
        </testcase>
        <testcase name="it_applies_custom_validation_rules_from_config" file="/var/www/html/tests/Unit/Http/Middleware/McpValidationMiddlewareTest.php" line="600" class="JTD\LaravelMCP\Tests\Unit\Http\Middleware\McpValidationMiddlewareTest" classname="JTD.LaravelMCP.Tests.Unit.Http.Middleware.McpValidationMiddlewareTest" assertions="1" time="0.000405">
          <failure type="PHPUnit\Framework\ExpectationFailedException">JTD\LaravelMCP\Tests\Unit\Http\Middleware\McpValidationMiddlewareTest::it_applies_custom_validation_rules_from_config
Failed asserting that exception of type "JTD\LaravelMCP\Http\Exceptions\McpValidationException" is thrown.</failure>
        </testcase>
        <testcase name="it_allows_custom_tool_methods" file="/var/www/html/tests/Unit/Http/Middleware/McpValidationMiddlewareTest.php" line="633" class="JTD\LaravelMCP\Tests\Unit\Http\Middleware\McpValidationMiddlewareTest" classname="JTD.LaravelMCP.Tests.Unit.Http.Middleware.McpValidationMiddlewareTest" assertions="1" time="0.000612">
          <failure type="PHPUnit\Framework\ExpectationFailedException">JTD\LaravelMCP\Tests\Unit\Http\Middleware\McpValidationMiddlewareTest::it_allows_custom_tool_methods
Failed asserting that two variables reference the same object.

/var/www/html/tests/Unit/Http/Middleware/McpValidationMiddlewareTest.php:663</failure>
        </testcase>
        <testcase name="it_validates_nested_parameters" file="/var/www/html/tests/Unit/Http/Middleware/McpValidationMiddlewareTest.php" line="811" class="JTD\LaravelMCP\Tests\Unit\Http\Middleware\McpValidationMiddlewareTest" classname="JTD.LaravelMCP.Tests.Unit.Http.Middleware.McpValidationMiddlewareTest" assertions="1" time="0.002502">
          <failure type="PHPUnit\Framework\ExpectationFailedException">JTD\LaravelMCP\Tests\Unit\Http\Middleware\McpValidationMiddlewareTest::it_validates_nested_parameters
Failed asserting that exception of type "JTD\LaravelMCP\Http\Exceptions\McpValidationException" is thrown.</failure>
        </testcase>
        <testcase name="it_handles_validation_exception_properly" file="/var/www/html/tests/Unit/Http/Middleware/McpValidationMiddlewareTest.php" line="710" class="JTD\LaravelMCP\Tests\Unit\Http\Middleware\McpValidationMiddlewareTest" classname="JTD.LaravelMCP.Tests.Unit.Http.Middleware.McpValidationMiddlewareTest" assertions="1" time="0.000584">
          <failure type="PHPUnit\Framework\AssertionFailedError">JTD\LaravelMCP\Tests\Unit\Http\Middleware\McpValidationMiddlewareTest::it_handles_validation_exception_properly
Expected McpValidationException

/var/www/html/tests/Unit/Http/Middleware/McpValidationMiddlewareTest.php:746</failure>
        </testcase>
        <testsuite name="JTD\LaravelMCP\Tests\Unit\Http\Middleware\McpValidationMiddlewareTest::it_validates_method_specific_parameters" tests="12" assertions="12" errors="0" failures="5" skipped="0" time="0.007410">
          <testcase name="it_validates_method_specific_parameters with data set &quot;tools/call with valid params&quot;" file="/var/www/html/tests/Unit/Http/Middleware/McpValidationMiddlewareTest.php" line="486" class="JTD\LaravelMCP\Tests\Unit\Http\Middleware\McpValidationMiddlewareTest" classname="JTD.LaravelMCP.Tests.Unit.Http.Middleware.McpValidationMiddlewareTest" assertions="1" time="0.000759"/>
          <testcase name="it_validates_method_specific_parameters with data set &quot;tools/call without name&quot;" file="/var/www/html/tests/Unit/Http/Middleware/McpValidationMiddlewareTest.php" line="486" class="JTD\LaravelMCP\Tests\Unit\Http\Middleware\McpValidationMiddlewareTest" classname="JTD.LaravelMCP.Tests.Unit.Http.Middleware.McpValidationMiddlewareTest" assertions="1" time="0.000658">
            <failure type="PHPUnit\Framework\ExpectationFailedException">JTD\LaravelMCP\Tests\Unit\Http\Middleware\McpValidationMiddlewareTest::it_validates_method_specific_parameters with data set "tools/call without name"
Failed asserting that exception of type "JTD\LaravelMCP\Http\Exceptions\McpValidationException" is thrown.</failure>
          </testcase>
          <testcase name="it_validates_method_specific_parameters with data set &quot;resources/read with valid uri&quot;" file="/var/www/html/tests/Unit/Http/Middleware/McpValidationMiddlewareTest.php" line="486" class="JTD\LaravelMCP\Tests\Unit\Http\Middleware\McpValidationMiddlewareTest" classname="JTD.LaravelMCP.Tests.Unit.Http.Middleware.McpValidationMiddlewareTest" assertions="1" time="0.000395"/>
          <testcase name="it_validates_method_specific_parameters with data set &quot;resources/read without uri&quot;" file="/var/www/html/tests/Unit/Http/Middleware/McpValidationMiddlewareTest.php" line="486" class="JTD\LaravelMCP\Tests\Unit\Http\Middleware\McpValidationMiddlewareTest" classname="JTD.LaravelMCP.Tests.Unit.Http.Middleware.McpValidationMiddlewareTest" assertions="1" time="0.000658">
            <failure type="PHPUnit\Framework\ExpectationFailedException">JTD\LaravelMCP\Tests\Unit\Http\Middleware\McpValidationMiddlewareTest::it_validates_method_specific_parameters with data set "resources/read without uri"
Failed asserting that exception of type "JTD\LaravelMCP\Http\Exceptions\McpValidationException" is thrown.</failure>
          </testcase>
          <testcase name="it_validates_method_specific_parameters with data set &quot;resources/write with valid params&quot;" file="/var/www/html/tests/Unit/Http/Middleware/McpValidationMiddlewareTest.php" line="486" class="JTD\LaravelMCP\Tests\Unit\Http\Middleware\McpValidationMiddlewareTest" classname="JTD.LaravelMCP.Tests.Unit.Http.Middleware.McpValidationMiddlewareTest" assertions="1" time="0.000409"/>
          <testcase name="it_validates_method_specific_parameters with data set &quot;resources/write without contents&quot;" file="/var/www/html/tests/Unit/Http/Middleware/McpValidationMiddlewareTest.php" line="486" class="JTD\LaravelMCP\Tests\Unit\Http\Middleware\McpValidationMiddlewareTest" classname="JTD.LaravelMCP.Tests.Unit.Http.Middleware.McpValidationMiddlewareTest" assertions="1" time="0.000474">
            <failure type="PHPUnit\Framework\ExpectationFailedException">JTD\LaravelMCP\Tests\Unit\Http\Middleware\McpValidationMiddlewareTest::it_validates_method_specific_parameters with data set "resources/write without contents"
Failed asserting that exception of type "JTD\LaravelMCP\Http\Exceptions\McpValidationException" is thrown.</failure>
          </testcase>
          <testcase name="it_validates_method_specific_parameters with data set &quot;prompts/get with valid params&quot;" file="/var/www/html/tests/Unit/Http/Middleware/McpValidationMiddlewareTest.php" line="486" class="JTD\LaravelMCP\Tests\Unit\Http\Middleware\McpValidationMiddlewareTest" classname="JTD.LaravelMCP.Tests.Unit.Http.Middleware.McpValidationMiddlewareTest" assertions="1" time="0.000620"/>
          <testcase name="it_validates_method_specific_parameters with data set &quot;logging/setLevel with valid level&quot;" file="/var/www/html/tests/Unit/Http/Middleware/McpValidationMiddlewareTest.php" line="486" class="JTD\LaravelMCP\Tests\Unit\Http\Middleware\McpValidationMiddlewareTest" classname="JTD.LaravelMCP.Tests.Unit.Http.Middleware.McpValidationMiddlewareTest" assertions="1" time="0.000548"/>
          <testcase name="it_validates_method_specific_parameters with data set &quot;logging/setLevel with invalid level&quot;" file="/var/www/html/tests/Unit/Http/Middleware/McpValidationMiddlewareTest.php" line="486" class="JTD\LaravelMCP\Tests\Unit\Http\Middleware\McpValidationMiddlewareTest" classname="JTD.LaravelMCP.Tests.Unit.Http.Middleware.McpValidationMiddlewareTest" assertions="1" time="0.000684">
            <failure type="PHPUnit\Framework\ExpectationFailedException">JTD\LaravelMCP\Tests\Unit\Http\Middleware\McpValidationMiddlewareTest::it_validates_method_specific_parameters with data set "logging/setLevel with invalid level"
Failed asserting that exception of type "JTD\LaravelMCP\Http\Exceptions\McpValidationException" is thrown.</failure>
          </testcase>
          <testcase name="it_validates_method_specific_parameters with data set &quot;sampling/createMessage with valid params&quot;" file="/var/www/html/tests/Unit/Http/Middleware/McpValidationMiddlewareTest.php" line="486" class="JTD\LaravelMCP\Tests\Unit\Http\Middleware\McpValidationMiddlewareTest" classname="JTD.LaravelMCP.Tests.Unit.Http.Middleware.McpValidationMiddlewareTest" assertions="1" time="0.000782"/>
          <testcase name="it_validates_method_specific_parameters with data set &quot;sampling/createMessage with invalid role&quot;" file="/var/www/html/tests/Unit/Http/Middleware/McpValidationMiddlewareTest.php" line="486" class="JTD\LaravelMCP\Tests\Unit\Http\Middleware\McpValidationMiddlewareTest" classname="JTD.LaravelMCP.Tests.Unit.Http.Middleware.McpValidationMiddlewareTest" assertions="1" time="0.000841">
            <failure type="PHPUnit\Framework\ExpectationFailedException">JTD\LaravelMCP\Tests\Unit\Http\Middleware\McpValidationMiddlewareTest::it_validates_method_specific_parameters with data set "sampling/createMessage with invalid role"
Failed asserting that exception of type "JTD\LaravelMCP\Http\Exceptions\McpValidationException" is thrown.</failure>
          </testcase>
          <testcase name="it_validates_method_specific_parameters with data set &quot;completion/complete with valid params&quot;" file="/var/www/html/tests/Unit/Http/Middleware/McpValidationMiddlewareTest.php" line="486" class="JTD\LaravelMCP\Tests\Unit\Http\Middleware\McpValidationMiddlewareTest" classname="JTD.LaravelMCP.Tests.Unit.Http.Middleware.McpValidationMiddlewareTest" assertions="1" time="0.000584"/>
        </testsuite>
        <testcase name="it_skips_validation_when_disabled" file="/var/www/html/tests/Unit/Http/Middleware/McpValidationMiddlewareTest.php" line="89" class="JTD\LaravelMCP\Tests\Unit\Http\Middleware\McpValidationMiddlewareTest" classname="JTD.LaravelMCP.Tests.Unit.Http.Middleware.McpValidationMiddlewareTest" assertions="1" time="0.000359"/>
        <testcase name="it_allows_non_json_content_when_strict_mode_disabled" file="/var/www/html/tests/Unit/Http/Middleware/McpValidationMiddlewareTest.php" line="120" class="JTD\LaravelMCP\Tests\Unit\Http\Middleware\McpValidationMiddlewareTest" classname="JTD.LaravelMCP.Tests.Unit.Http.Middleware.McpValidationMiddlewareTest" assertions="1" time="0.000330"/>
        <testcase name="it_validates_valid_json_rpc_request" file="/var/www/html/tests/Unit/Http/Middleware/McpValidationMiddlewareTest.php" line="181" class="JTD\LaravelMCP\Tests\Unit\Http\Middleware\McpValidationMiddlewareTest" classname="JTD.LaravelMCP.Tests.Unit.Http.Middleware.McpValidationMiddlewareTest" assertions="2" time="0.000702"/>
        <testcase name="it_allows_single_word_methods" file="/var/www/html/tests/Unit/Http/Middleware/McpValidationMiddlewareTest.php" line="236" class="JTD\LaravelMCP\Tests\Unit\Http\Middleware\McpValidationMiddlewareTest" classname="JTD.LaravelMCP.Tests.Unit.Http.Middleware.McpValidationMiddlewareTest" assertions="1" time="0.000715"/>
        <testcase name="it_allows_custom_methods_from_config" file="/var/www/html/tests/Unit/Http/Middleware/McpValidationMiddlewareTest.php" line="353" class="JTD\LaravelMCP\Tests\Unit\Http\Middleware\McpValidationMiddlewareTest" classname="JTD.LaravelMCP.Tests.Unit.Http.Middleware.McpValidationMiddlewareTest" assertions="1" time="0.000713"/>
        <testcase name="it_skips_validation_for_non_json_requests" file="/var/www/html/tests/Unit/Http/Middleware/McpValidationMiddlewareTest.php" line="796" class="JTD\LaravelMCP\Tests\Unit\Http\Middleware\McpValidationMiddlewareTest" classname="JTD.LaravelMCP.Tests.Unit.Http.Middleware.McpValidationMiddlewareTest" assertions="1" time="0.000355"/>
        <testcase name="it_logs_unknown_capabilities" file="/var/www/html/tests/Unit/Http/Middleware/McpValidationMiddlewareTest.php" line="667" class="JTD\LaravelMCP\Tests\Unit\Http\Middleware\McpValidationMiddlewareTest" classname="JTD.LaravelMCP.Tests.Unit.Http.Middleware.McpValidationMiddlewareTest" assertions="2" time="0.000585"/>
      </testsuite>
      <testsuite name="JTD\LaravelMCP\Tests\Unit\Jobs\ProcessMcpRequestTest" file="/var/www/html/tests/Unit/Jobs/ProcessMcpRequestTest.php" tests="16" assertions="0" errors="16" failures="0" skipped="0" time="0.000000">
        <testcase name="it_creates_job_with_required_parameters" file="/var/www/html/tests/Unit/Jobs/ProcessMcpRequestTest.php" line="39" class="JTD\LaravelMCP\Tests\Unit\Jobs\ProcessMcpRequestTest" classname="JTD.LaravelMCP.Tests.Unit.Jobs.ProcessMcpRequestTest" assertions="0" time="0.000000">
          <error type="Exception">JTD\LaravelMCP\Tests\Unit\Jobs\ProcessMcpRequestTest::it_creates_job_with_required_parameters
Exception: The /var/www/html/vendor/orchestra/testbench-core/laravel/bootstrap/cache directory must be present and writable.

/var/www/html/vendor/laravel/framework/src/Illuminate/Foundation/PackageManifest.php:179
/var/www/html/vendor/orchestra/testbench-core/src/Foundation/PackageManifest.php:157
/var/www/html/vendor/laravel/framework/src/Illuminate/Foundation/PackageManifest.php:132
/var/www/html/vendor/laravel/framework/src/Illuminate/Foundation/PackageManifest.php:108
/var/www/html/vendor/orchestra/testbench-core/src/Foundation/PackageManifest.php:102
/var/www/html/vendor/laravel/framework/src/Illuminate/Foundation/PackageManifest.php:91
/var/www/html/vendor/laravel/framework/src/Illuminate/Foundation/PackageManifest.php:80
/var/www/html/vendor/laravel/framework/src/Illuminate/Foundation/Bootstrap/RegisterFacades.php:26
/var/www/html/vendor/orchestra/testbench-core/src/Concerns/CreatesApplication.php:556
/var/www/html/vendor/orchestra/testbench-core/src/Concerns/CreatesApplication.php:311
/var/www/html/vendor/orchestra/testbench-core/src/TestCase.php:121
/var/www/html/vendor/orchestra/testbench-core/src/Concerns/ApplicationTestingHooks.php:74
/var/www/html/vendor/orchestra/testbench-core/src/Concerns/Testing.php:43
/var/www/html/vendor/laravel/framework/src/Illuminate/Collections/helpers.php:236
/var/www/html/vendor/orchestra/sidekick/src/functions.php:87
/var/www/html/vendor/laravel/framework/src/Illuminate/Collections/helpers.php:236
/var/www/html/vendor/orchestra/testbench-core/src/Concerns/Testing.php:57
/var/www/html/vendor/orchestra/testbench-core/src/TestCase.php:50
/var/www/html/tests/TestCase.php:61</error>
        </testcase>
        <testcase name="it_creates_job_with_custom_request_id_and_context" file="/var/www/html/tests/Unit/Jobs/ProcessMcpRequestTest.php" line="55" class="JTD\LaravelMCP\Tests\Unit\Jobs\ProcessMcpRequestTest" classname="JTD.LaravelMCP.Tests.Unit.Jobs.ProcessMcpRequestTest" assertions="0" time="0.000000">
          <error type="Exception">JTD\LaravelMCP\Tests\Unit\Jobs\ProcessMcpRequestTest::it_creates_job_with_custom_request_id_and_context
Exception: The /var/www/html/vendor/orchestra/testbench-core/laravel/bootstrap/cache directory must be present and writable.

/var/www/html/vendor/laravel/framework/src/Illuminate/Foundation/PackageManifest.php:179
/var/www/html/vendor/orchestra/testbench-core/src/Foundation/PackageManifest.php:157
/var/www/html/vendor/laravel/framework/src/Illuminate/Foundation/PackageManifest.php:132
/var/www/html/vendor/laravel/framework/src/Illuminate/Foundation/PackageManifest.php:108
/var/www/html/vendor/orchestra/testbench-core/src/Foundation/PackageManifest.php:102
/var/www/html/vendor/laravel/framework/src/Illuminate/Foundation/PackageManifest.php:91
/var/www/html/vendor/laravel/framework/src/Illuminate/Foundation/PackageManifest.php:80
/var/www/html/vendor/laravel/framework/src/Illuminate/Foundation/Bootstrap/RegisterFacades.php:26
/var/www/html/vendor/orchestra/testbench-core/src/Concerns/CreatesApplication.php:556
/var/www/html/vendor/orchestra/testbench-core/src/Concerns/CreatesApplication.php:311
/var/www/html/vendor/orchestra/testbench-core/src/TestCase.php:121
/var/www/html/vendor/orchestra/testbench-core/src/Concerns/ApplicationTestingHooks.php:74
/var/www/html/vendor/orchestra/testbench-core/src/Concerns/Testing.php:43
/var/www/html/vendor/laravel/framework/src/Illuminate/Collections/helpers.php:236
/var/www/html/vendor/orchestra/sidekick/src/functions.php:87
/var/www/html/vendor/laravel/framework/src/Illuminate/Collections/helpers.php:236
/var/www/html/vendor/orchestra/testbench-core/src/Concerns/Testing.php:57
/var/www/html/vendor/orchestra/testbench-core/src/TestCase.php:50
/var/www/html/tests/TestCase.php:61</error>
        </testcase>
        <testcase name="it_has_correct_job_properties" file="/var/www/html/tests/Unit/Jobs/ProcessMcpRequestTest.php" line="73" class="JTD\LaravelMCP\Tests\Unit\Jobs\ProcessMcpRequestTest" classname="JTD.LaravelMCP.Tests.Unit.Jobs.ProcessMcpRequestTest" assertions="0" time="0.000000">
          <error type="Exception">JTD\LaravelMCP\Tests\Unit\Jobs\ProcessMcpRequestTest::it_has_correct_job_properties
Exception: The /var/www/html/vendor/orchestra/testbench-core/laravel/bootstrap/cache directory must be present and writable.

/var/www/html/vendor/laravel/framework/src/Illuminate/Foundation/PackageManifest.php:179
/var/www/html/vendor/orchestra/testbench-core/src/Foundation/PackageManifest.php:157
/var/www/html/vendor/laravel/framework/src/Illuminate/Foundation/PackageManifest.php:132
/var/www/html/vendor/laravel/framework/src/Illuminate/Foundation/PackageManifest.php:108
/var/www/html/vendor/orchestra/testbench-core/src/Foundation/PackageManifest.php:102
/var/www/html/vendor/laravel/framework/src/Illuminate/Foundation/PackageManifest.php:91
/var/www/html/vendor/laravel/framework/src/Illuminate/Foundation/PackageManifest.php:80
/var/www/html/vendor/laravel/framework/src/Illuminate/Foundation/Bootstrap/RegisterFacades.php:26
/var/www/html/vendor/orchestra/testbench-core/src/Concerns/CreatesApplication.php:556
/var/www/html/vendor/orchestra/testbench-core/src/Concerns/CreatesApplication.php:311
/var/www/html/vendor/orchestra/testbench-core/src/TestCase.php:121
/var/www/html/vendor/orchestra/testbench-core/src/Concerns/ApplicationTestingHooks.php:74
/var/www/html/vendor/orchestra/testbench-core/src/Concerns/Testing.php:43
/var/www/html/vendor/laravel/framework/src/Illuminate/Collections/helpers.php:236
/var/www/html/vendor/orchestra/sidekick/src/functions.php:87
/var/www/html/vendor/laravel/framework/src/Illuminate/Collections/helpers.php:236
/var/www/html/vendor/orchestra/testbench-core/src/Concerns/Testing.php:57
/var/www/html/vendor/orchestra/testbench-core/src/TestCase.php:50
/var/www/html/tests/TestCase.php:61</error>
        </testcase>
        <testcase name="it_parses_method_correctly" file="/var/www/html/tests/Unit/Jobs/ProcessMcpRequestTest.php" line="84" class="JTD\LaravelMCP\Tests\Unit\Jobs\ProcessMcpRequestTest" classname="JTD.LaravelMCP.Tests.Unit.Jobs.ProcessMcpRequestTest" assertions="0" time="0.000000">
          <error type="Exception">JTD\LaravelMCP\Tests\Unit\Jobs\ProcessMcpRequestTest::it_parses_method_correctly
Exception: The /var/www/html/vendor/orchestra/testbench-core/laravel/bootstrap/cache directory must be present and writable.

/var/www/html/vendor/laravel/framework/src/Illuminate/Foundation/PackageManifest.php:179
/var/www/html/vendor/orchestra/testbench-core/src/Foundation/PackageManifest.php:157
/var/www/html/vendor/laravel/framework/src/Illuminate/Foundation/PackageManifest.php:132
/var/www/html/vendor/laravel/framework/src/Illuminate/Foundation/PackageManifest.php:108
/var/www/html/vendor/orchestra/testbench-core/src/Foundation/PackageManifest.php:102
/var/www/html/vendor/laravel/framework/src/Illuminate/Foundation/PackageManifest.php:91
/var/www/html/vendor/laravel/framework/src/Illuminate/Foundation/PackageManifest.php:80
/var/www/html/vendor/laravel/framework/src/Illuminate/Foundation/Bootstrap/RegisterFacades.php:26
/var/www/html/vendor/orchestra/testbench-core/src/Concerns/CreatesApplication.php:556
/var/www/html/vendor/orchestra/testbench-core/src/Concerns/CreatesApplication.php:311
/var/www/html/vendor/orchestra/testbench-core/src/TestCase.php:121
/var/www/html/vendor/orchestra/testbench-core/src/Concerns/ApplicationTestingHooks.php:74
/var/www/html/vendor/orchestra/testbench-core/src/Concerns/Testing.php:43
/var/www/html/vendor/laravel/framework/src/Illuminate/Collections/helpers.php:236
/var/www/html/vendor/orchestra/sidekick/src/functions.php:87
/var/www/html/vendor/laravel/framework/src/Illuminate/Collections/helpers.php:236
/var/www/html/vendor/orchestra/testbench-core/src/Concerns/Testing.php:57
/var/www/html/vendor/orchestra/testbench-core/src/TestCase.php:50
/var/www/html/tests/TestCase.php:61</error>
        </testcase>
        <testcase name="it_throws_exception_for_invalid_method_format" file="/var/www/html/tests/Unit/Jobs/ProcessMcpRequestTest.php" line="99" class="JTD\LaravelMCP\Tests\Unit\Jobs\ProcessMcpRequestTest" classname="JTD.LaravelMCP.Tests.Unit.Jobs.ProcessMcpRequestTest" assertions="0" time="0.000000">
          <error type="Exception">JTD\LaravelMCP\Tests\Unit\Jobs\ProcessMcpRequestTest::it_throws_exception_for_invalid_method_format
Exception: The /var/www/html/vendor/orchestra/testbench-core/laravel/bootstrap/cache directory must be present and writable.

/var/www/html/vendor/laravel/framework/src/Illuminate/Foundation/PackageManifest.php:179
/var/www/html/vendor/orchestra/testbench-core/src/Foundation/PackageManifest.php:157
/var/www/html/vendor/laravel/framework/src/Illuminate/Foundation/PackageManifest.php:132
/var/www/html/vendor/laravel/framework/src/Illuminate/Foundation/PackageManifest.php:108
/var/www/html/vendor/orchestra/testbench-core/src/Foundation/PackageManifest.php:102
/var/www/html/vendor/laravel/framework/src/Illuminate/Foundation/PackageManifest.php:91
/var/www/html/vendor/laravel/framework/src/Illuminate/Foundation/PackageManifest.php:80
/var/www/html/vendor/laravel/framework/src/Illuminate/Foundation/Bootstrap/RegisterFacades.php:26
/var/www/html/vendor/orchestra/testbench-core/src/Concerns/CreatesApplication.php:556
/var/www/html/vendor/orchestra/testbench-core/src/Concerns/CreatesApplication.php:311
/var/www/html/vendor/orchestra/testbench-core/src/TestCase.php:121
/var/www/html/vendor/orchestra/testbench-core/src/Concerns/ApplicationTestingHooks.php:74
/var/www/html/vendor/orchestra/testbench-core/src/Concerns/Testing.php:43
/var/www/html/vendor/laravel/framework/src/Illuminate/Collections/helpers.php:236
/var/www/html/vendor/orchestra/sidekick/src/functions.php:87
/var/www/html/vendor/laravel/framework/src/Illuminate/Collections/helpers.php:236
/var/www/html/vendor/orchestra/testbench-core/src/Concerns/Testing.php:57
/var/www/html/vendor/orchestra/testbench-core/src/TestCase.php:50
/var/www/html/tests/TestCase.php:61</error>
        </testcase>
        <testcase name="it_executes_tool_successfully" file="/var/www/html/tests/Unit/Jobs/ProcessMcpRequestTest.php" line="114" class="JTD\LaravelMCP\Tests\Unit\Jobs\ProcessMcpRequestTest" classname="JTD.LaravelMCP.Tests.Unit.Jobs.ProcessMcpRequestTest" assertions="0" time="0.000000">
          <error type="Exception">JTD\LaravelMCP\Tests\Unit\Jobs\ProcessMcpRequestTest::it_executes_tool_successfully
Exception: The /var/www/html/vendor/orchestra/testbench-core/laravel/bootstrap/cache directory must be present and writable.

/var/www/html/vendor/laravel/framework/src/Illuminate/Foundation/PackageManifest.php:179
/var/www/html/vendor/orchestra/testbench-core/src/Foundation/PackageManifest.php:157
/var/www/html/vendor/laravel/framework/src/Illuminate/Foundation/PackageManifest.php:132
/var/www/html/vendor/laravel/framework/src/Illuminate/Foundation/PackageManifest.php:108
/var/www/html/vendor/orchestra/testbench-core/src/Foundation/PackageManifest.php:102
/var/www/html/vendor/laravel/framework/src/Illuminate/Foundation/PackageManifest.php:91
/var/www/html/vendor/laravel/framework/src/Illuminate/Foundation/PackageManifest.php:80
/var/www/html/vendor/laravel/framework/src/Illuminate/Foundation/Bootstrap/RegisterFacades.php:26
/var/www/html/vendor/orchestra/testbench-core/src/Concerns/CreatesApplication.php:556
/var/www/html/vendor/orchestra/testbench-core/src/Concerns/CreatesApplication.php:311
/var/www/html/vendor/orchestra/testbench-core/src/TestCase.php:121
/var/www/html/vendor/orchestra/testbench-core/src/Concerns/ApplicationTestingHooks.php:74
/var/www/html/vendor/orchestra/testbench-core/src/Concerns/Testing.php:43
/var/www/html/vendor/laravel/framework/src/Illuminate/Collections/helpers.php:236
/var/www/html/vendor/orchestra/sidekick/src/functions.php:87
/var/www/html/vendor/laravel/framework/src/Illuminate/Collections/helpers.php:236
/var/www/html/vendor/orchestra/testbench-core/src/Concerns/Testing.php:57
/var/www/html/vendor/orchestra/testbench-core/src/TestCase.php:50
/var/www/html/tests/TestCase.php:61</error>
        </testcase>
        <testcase name="it_executes_resource_read_action" file="/var/www/html/tests/Unit/Jobs/ProcessMcpRequestTest.php" line="143" class="JTD\LaravelMCP\Tests\Unit\Jobs\ProcessMcpRequestTest" classname="JTD.LaravelMCP.Tests.Unit.Jobs.ProcessMcpRequestTest" assertions="0" time="0.000000">
          <error type="Exception">JTD\LaravelMCP\Tests\Unit\Jobs\ProcessMcpRequestTest::it_executes_resource_read_action
Exception: The /var/www/html/vendor/orchestra/testbench-core/laravel/bootstrap/cache directory must be present and writable.

/var/www/html/vendor/laravel/framework/src/Illuminate/Foundation/PackageManifest.php:179
/var/www/html/vendor/orchestra/testbench-core/src/Foundation/PackageManifest.php:157
/var/www/html/vendor/laravel/framework/src/Illuminate/Foundation/PackageManifest.php:132
/var/www/html/vendor/laravel/framework/src/Illuminate/Foundation/PackageManifest.php:108
/var/www/html/vendor/orchestra/testbench-core/src/Foundation/PackageManifest.php:102
/var/www/html/vendor/laravel/framework/src/Illuminate/Foundation/PackageManifest.php:91
/var/www/html/vendor/laravel/framework/src/Illuminate/Foundation/PackageManifest.php:80
/var/www/html/vendor/laravel/framework/src/Illuminate/Foundation/Bootstrap/RegisterFacades.php:26
/var/www/html/vendor/orchestra/testbench-core/src/Concerns/CreatesApplication.php:556
/var/www/html/vendor/orchestra/testbench-core/src/Concerns/CreatesApplication.php:311
/var/www/html/vendor/orchestra/testbench-core/src/TestCase.php:121
/var/www/html/vendor/orchestra/testbench-core/src/Concerns/ApplicationTestingHooks.php:74
/var/www/html/vendor/orchestra/testbench-core/src/Concerns/Testing.php:43
/var/www/html/vendor/laravel/framework/src/Illuminate/Collections/helpers.php:236
/var/www/html/vendor/orchestra/sidekick/src/functions.php:87
/var/www/html/vendor/laravel/framework/src/Illuminate/Collections/helpers.php:236
/var/www/html/vendor/orchestra/testbench-core/src/Concerns/Testing.php:57
/var/www/html/vendor/orchestra/testbench-core/src/TestCase.php:50
/var/www/html/tests/TestCase.php:61</error>
        </testcase>
        <testcase name="it_executes_resource_list_action" file="/var/www/html/tests/Unit/Jobs/ProcessMcpRequestTest.php" line="168" class="JTD\LaravelMCP\Tests\Unit\Jobs\ProcessMcpRequestTest" classname="JTD.LaravelMCP.Tests.Unit.Jobs.ProcessMcpRequestTest" assertions="0" time="0.000000">
          <error type="Exception">JTD\LaravelMCP\Tests\Unit\Jobs\ProcessMcpRequestTest::it_executes_resource_list_action
Exception: The /var/www/html/vendor/orchestra/testbench-core/laravel/bootstrap/cache directory must be present and writable.

/var/www/html/vendor/laravel/framework/src/Illuminate/Foundation/PackageManifest.php:179
/var/www/html/vendor/orchestra/testbench-core/src/Foundation/PackageManifest.php:157
/var/www/html/vendor/laravel/framework/src/Illuminate/Foundation/PackageManifest.php:132
/var/www/html/vendor/laravel/framework/src/Illuminate/Foundation/PackageManifest.php:108
/var/www/html/vendor/orchestra/testbench-core/src/Foundation/PackageManifest.php:102
/var/www/html/vendor/laravel/framework/src/Illuminate/Foundation/PackageManifest.php:91
/var/www/html/vendor/laravel/framework/src/Illuminate/Foundation/PackageManifest.php:80
/var/www/html/vendor/laravel/framework/src/Illuminate/Foundation/Bootstrap/RegisterFacades.php:26
/var/www/html/vendor/orchestra/testbench-core/src/Concerns/CreatesApplication.php:556
/var/www/html/vendor/orchestra/testbench-core/src/Concerns/CreatesApplication.php:311
/var/www/html/vendor/orchestra/testbench-core/src/TestCase.php:121
/var/www/html/vendor/orchestra/testbench-core/src/Concerns/ApplicationTestingHooks.php:74
/var/www/html/vendor/orchestra/testbench-core/src/Concerns/Testing.php:43
/var/www/html/vendor/laravel/framework/src/Illuminate/Collections/helpers.php:236
/var/www/html/vendor/orchestra/sidekick/src/functions.php:87
/var/www/html/vendor/laravel/framework/src/Illuminate/Collections/helpers.php:236
/var/www/html/vendor/orchestra/testbench-core/src/Concerns/Testing.php:57
/var/www/html/vendor/orchestra/testbench-core/src/TestCase.php:50
/var/www/html/tests/TestCase.php:61</error>
        </testcase>
        <testcase name="it_executes_prompt_generation" file="/var/www/html/tests/Unit/Jobs/ProcessMcpRequestTest.php" line="193" class="JTD\LaravelMCP\Tests\Unit\Jobs\ProcessMcpRequestTest" classname="JTD.LaravelMCP.Tests.Unit.Jobs.ProcessMcpRequestTest" assertions="0" time="0.000000">
          <error type="Exception">JTD\LaravelMCP\Tests\Unit\Jobs\ProcessMcpRequestTest::it_executes_prompt_generation
Exception: The /var/www/html/vendor/orchestra/testbench-core/laravel/bootstrap/cache directory must be present and writable.

/var/www/html/vendor/laravel/framework/src/Illuminate/Foundation/PackageManifest.php:179
/var/www/html/vendor/orchestra/testbench-core/src/Foundation/PackageManifest.php:157
/var/www/html/vendor/laravel/framework/src/Illuminate/Foundation/PackageManifest.php:132
/var/www/html/vendor/laravel/framework/src/Illuminate/Foundation/PackageManifest.php:108
/var/www/html/vendor/orchestra/testbench-core/src/Foundation/PackageManifest.php:102
/var/www/html/vendor/laravel/framework/src/Illuminate/Foundation/PackageManifest.php:91
/var/www/html/vendor/laravel/framework/src/Illuminate/Foundation/PackageManifest.php:80
/var/www/html/vendor/laravel/framework/src/Illuminate/Foundation/Bootstrap/RegisterFacades.php:26
/var/www/html/vendor/orchestra/testbench-core/src/Concerns/CreatesApplication.php:556
/var/www/html/vendor/orchestra/testbench-core/src/Concerns/CreatesApplication.php:311
/var/www/html/vendor/orchestra/testbench-core/src/TestCase.php:121
/var/www/html/vendor/orchestra/testbench-core/src/Concerns/ApplicationTestingHooks.php:74
/var/www/html/vendor/orchestra/testbench-core/src/Concerns/Testing.php:43
/var/www/html/vendor/laravel/framework/src/Illuminate/Collections/helpers.php:236
/var/www/html/vendor/orchestra/sidekick/src/functions.php:87
/var/www/html/vendor/laravel/framework/src/Illuminate/Collections/helpers.php:236
/var/www/html/vendor/orchestra/testbench-core/src/Concerns/Testing.php:57
/var/www/html/vendor/orchestra/testbench-core/src/TestCase.php:50
/var/www/html/tests/TestCase.php:61</error>
        </testcase>
        <testcase name="it_handles_tool_not_found_error" file="/var/www/html/tests/Unit/Jobs/ProcessMcpRequestTest.php" line="218" class="JTD\LaravelMCP\Tests\Unit\Jobs\ProcessMcpRequestTest" classname="JTD.LaravelMCP.Tests.Unit.Jobs.ProcessMcpRequestTest" assertions="0" time="0.000000">
          <error type="Exception">JTD\LaravelMCP\Tests\Unit\Jobs\ProcessMcpRequestTest::it_handles_tool_not_found_error
Exception: The /var/www/html/vendor/orchestra/testbench-core/laravel/bootstrap/cache directory must be present and writable.

/var/www/html/vendor/laravel/framework/src/Illuminate/Foundation/PackageManifest.php:179
/var/www/html/vendor/orchestra/testbench-core/src/Foundation/PackageManifest.php:157
/var/www/html/vendor/laravel/framework/src/Illuminate/Foundation/PackageManifest.php:132
/var/www/html/vendor/laravel/framework/src/Illuminate/Foundation/PackageManifest.php:108
/var/www/html/vendor/orchestra/testbench-core/src/Foundation/PackageManifest.php:102
/var/www/html/vendor/laravel/framework/src/Illuminate/Foundation/PackageManifest.php:91
/var/www/html/vendor/laravel/framework/src/Illuminate/Foundation/PackageManifest.php:80
/var/www/html/vendor/laravel/framework/src/Illuminate/Foundation/Bootstrap/RegisterFacades.php:26
/var/www/html/vendor/orchestra/testbench-core/src/Concerns/CreatesApplication.php:556
/var/www/html/vendor/orchestra/testbench-core/src/Concerns/CreatesApplication.php:311
/var/www/html/vendor/orchestra/testbench-core/src/TestCase.php:121
/var/www/html/vendor/orchestra/testbench-core/src/Concerns/ApplicationTestingHooks.php:74
/var/www/html/vendor/orchestra/testbench-core/src/Concerns/Testing.php:43
/var/www/html/vendor/laravel/framework/src/Illuminate/Collections/helpers.php:236
/var/www/html/vendor/orchestra/sidekick/src/functions.php:87
/var/www/html/vendor/laravel/framework/src/Illuminate/Collections/helpers.php:236
/var/www/html/vendor/orchestra/testbench-core/src/Concerns/Testing.php:57
/var/www/html/vendor/orchestra/testbench-core/src/TestCase.php:50
/var/www/html/tests/TestCase.php:61</error>
        </testcase>
        <testcase name="it_stores_result_in_cache" file="/var/www/html/tests/Unit/Jobs/ProcessMcpRequestTest.php" line="238" class="JTD\LaravelMCP\Tests\Unit\Jobs\ProcessMcpRequestTest" classname="JTD.LaravelMCP.Tests.Unit.Jobs.ProcessMcpRequestTest" assertions="0" time="0.000000">
          <error type="Exception">JTD\LaravelMCP\Tests\Unit\Jobs\ProcessMcpRequestTest::it_stores_result_in_cache
Exception: The /var/www/html/vendor/orchestra/testbench-core/laravel/bootstrap/cache directory must be present and writable.

/var/www/html/vendor/laravel/framework/src/Illuminate/Foundation/PackageManifest.php:179
/var/www/html/vendor/orchestra/testbench-core/src/Foundation/PackageManifest.php:157
/var/www/html/vendor/laravel/framework/src/Illuminate/Foundation/PackageManifest.php:132
/var/www/html/vendor/laravel/framework/src/Illuminate/Foundation/PackageManifest.php:108
/var/www/html/vendor/orchestra/testbench-core/src/Foundation/PackageManifest.php:102
/var/www/html/vendor/laravel/framework/src/Illuminate/Foundation/PackageManifest.php:91
/var/www/html/vendor/laravel/framework/src/Illuminate/Foundation/PackageManifest.php:80
/var/www/html/vendor/laravel/framework/src/Illuminate/Foundation/Bootstrap/RegisterFacades.php:26
/var/www/html/vendor/orchestra/testbench-core/src/Concerns/CreatesApplication.php:556
/var/www/html/vendor/orchestra/testbench-core/src/Concerns/CreatesApplication.php:311
/var/www/html/vendor/orchestra/testbench-core/src/TestCase.php:121
/var/www/html/vendor/orchestra/testbench-core/src/Concerns/ApplicationTestingHooks.php:74
/var/www/html/vendor/orchestra/testbench-core/src/Concerns/Testing.php:43
/var/www/html/vendor/laravel/framework/src/Illuminate/Collections/helpers.php:236
/var/www/html/vendor/orchestra/sidekick/src/functions.php:87
/var/www/html/vendor/laravel/framework/src/Illuminate/Collections/helpers.php:236
/var/www/html/vendor/orchestra/testbench-core/src/Concerns/Testing.php:57
/var/www/html/vendor/orchestra/testbench-core/src/TestCase.php:50
/var/www/html/tests/TestCase.php:61</error>
        </testcase>
        <testcase name="it_handles_job_failure" file="/var/www/html/tests/Unit/Jobs/ProcessMcpRequestTest.php" line="274" class="JTD\LaravelMCP\Tests\Unit\Jobs\ProcessMcpRequestTest" classname="JTD.LaravelMCP.Tests.Unit.Jobs.ProcessMcpRequestTest" assertions="0" time="0.000000">
          <error type="Exception">JTD\LaravelMCP\Tests\Unit\Jobs\ProcessMcpRequestTest::it_handles_job_failure
Exception: The /var/www/html/vendor/orchestra/testbench-core/laravel/bootstrap/cache directory must be present and writable.

/var/www/html/vendor/laravel/framework/src/Illuminate/Foundation/PackageManifest.php:179
/var/www/html/vendor/orchestra/testbench-core/src/Foundation/PackageManifest.php:157
/var/www/html/vendor/laravel/framework/src/Illuminate/Foundation/PackageManifest.php:132
/var/www/html/vendor/laravel/framework/src/Illuminate/Foundation/PackageManifest.php:108
/var/www/html/vendor/orchestra/testbench-core/src/Foundation/PackageManifest.php:102
/var/www/html/vendor/laravel/framework/src/Illuminate/Foundation/PackageManifest.php:91
/var/www/html/vendor/laravel/framework/src/Illuminate/Foundation/PackageManifest.php:80
/var/www/html/vendor/laravel/framework/src/Illuminate/Foundation/Bootstrap/RegisterFacades.php:26
/var/www/html/vendor/orchestra/testbench-core/src/Concerns/CreatesApplication.php:556
/var/www/html/vendor/orchestra/testbench-core/src/Concerns/CreatesApplication.php:311
/var/www/html/vendor/orchestra/testbench-core/src/TestCase.php:121
/var/www/html/vendor/orchestra/testbench-core/src/Concerns/ApplicationTestingHooks.php:74
/var/www/html/vendor/orchestra/testbench-core/src/Concerns/Testing.php:43
/var/www/html/vendor/laravel/framework/src/Illuminate/Collections/helpers.php:236
/var/www/html/vendor/orchestra/sidekick/src/functions.php:87
/var/www/html/vendor/laravel/framework/src/Illuminate/Collections/helpers.php:236
/var/www/html/vendor/orchestra/testbench-core/src/Concerns/Testing.php:57
/var/www/html/vendor/orchestra/testbench-core/src/TestCase.php:50
/var/www/html/tests/TestCase.php:61</error>
        </testcase>
        <testcase name="it_gets_correct_cache_keys" file="/var/www/html/tests/Unit/Jobs/ProcessMcpRequestTest.php" line="299" class="JTD\LaravelMCP\Tests\Unit\Jobs\ProcessMcpRequestTest" classname="JTD.LaravelMCP.Tests.Unit.Jobs.ProcessMcpRequestTest" assertions="0" time="0.000000">
          <error type="Exception">JTD\LaravelMCP\Tests\Unit\Jobs\ProcessMcpRequestTest::it_gets_correct_cache_keys
Exception: The /var/www/html/vendor/orchestra/testbench-core/laravel/bootstrap/cache directory must be present and writable.

/var/www/html/vendor/laravel/framework/src/Illuminate/Foundation/PackageManifest.php:179
/var/www/html/vendor/orchestra/testbench-core/src/Foundation/PackageManifest.php:157
/var/www/html/vendor/laravel/framework/src/Illuminate/Foundation/PackageManifest.php:132
/var/www/html/vendor/laravel/framework/src/Illuminate/Foundation/PackageManifest.php:108
/var/www/html/vendor/orchestra/testbench-core/src/Foundation/PackageManifest.php:102
/var/www/html/vendor/laravel/framework/src/Illuminate/Foundation/PackageManifest.php:91
/var/www/html/vendor/laravel/framework/src/Illuminate/Foundation/PackageManifest.php:80
/var/www/html/vendor/laravel/framework/src/Illuminate/Foundation/Bootstrap/RegisterFacades.php:26
/var/www/html/vendor/orchestra/testbench-core/src/Concerns/CreatesApplication.php:556
/var/www/html/vendor/orchestra/testbench-core/src/Concerns/CreatesApplication.php:311
/var/www/html/vendor/orchestra/testbench-core/src/TestCase.php:121
/var/www/html/vendor/orchestra/testbench-core/src/Concerns/ApplicationTestingHooks.php:74
/var/www/html/vendor/orchestra/testbench-core/src/Concerns/Testing.php:43
/var/www/html/vendor/laravel/framework/src/Illuminate/Collections/helpers.php:236
/var/www/html/vendor/orchestra/sidekick/src/functions.php:87
/var/www/html/vendor/laravel/framework/src/Illuminate/Collections/helpers.php:236
/var/www/html/vendor/orchestra/testbench-core/src/Concerns/Testing.php:57
/var/www/html/vendor/orchestra/testbench-core/src/TestCase.php:50
/var/www/html/tests/TestCase.php:61</error>
        </testcase>
        <testcase name="it_has_correct_tags" file="/var/www/html/tests/Unit/Jobs/ProcessMcpRequestTest.php" line="308" class="JTD\LaravelMCP\Tests\Unit\Jobs\ProcessMcpRequestTest" classname="JTD.LaravelMCP.Tests.Unit.Jobs.ProcessMcpRequestTest" assertions="0" time="0.000000">
          <error type="Exception">JTD\LaravelMCP\Tests\Unit\Jobs\ProcessMcpRequestTest::it_has_correct_tags
Exception: The /var/www/html/vendor/orchestra/testbench-core/laravel/bootstrap/cache directory must be present and writable.

/var/www/html/vendor/laravel/framework/src/Illuminate/Foundation/PackageManifest.php:179
/var/www/html/vendor/orchestra/testbench-core/src/Foundation/PackageManifest.php:157
/var/www/html/vendor/laravel/framework/src/Illuminate/Foundation/PackageManifest.php:132
/var/www/html/vendor/laravel/framework/src/Illuminate/Foundation/PackageManifest.php:108
/var/www/html/vendor/orchestra/testbench-core/src/Foundation/PackageManifest.php:102
/var/www/html/vendor/laravel/framework/src/Illuminate/Foundation/PackageManifest.php:91
/var/www/html/vendor/laravel/framework/src/Illuminate/Foundation/PackageManifest.php:80
/var/www/html/vendor/laravel/framework/src/Illuminate/Foundation/Bootstrap/RegisterFacades.php:26
/var/www/html/vendor/orchestra/testbench-core/src/Concerns/CreatesApplication.php:556
/var/www/html/vendor/orchestra/testbench-core/src/Concerns/CreatesApplication.php:311
/var/www/html/vendor/orchestra/testbench-core/src/TestCase.php:121
/var/www/html/vendor/orchestra/testbench-core/src/Concerns/ApplicationTestingHooks.php:74
/var/www/html/vendor/orchestra/testbench-core/src/Concerns/Testing.php:43
/var/www/html/vendor/laravel/framework/src/Illuminate/Collections/helpers.php:236
/var/www/html/vendor/orchestra/sidekick/src/functions.php:87
/var/www/html/vendor/laravel/framework/src/Illuminate/Collections/helpers.php:236
/var/www/html/vendor/orchestra/testbench-core/src/Concerns/Testing.php:57
/var/www/html/vendor/orchestra/testbench-core/src/TestCase.php:50
/var/www/html/tests/TestCase.php:61</error>
        </testcase>
        <testcase name="it_has_correct_display_name" file="/var/www/html/tests/Unit/Jobs/ProcessMcpRequestTest.php" line="320" class="JTD\LaravelMCP\Tests\Unit\Jobs\ProcessMcpRequestTest" classname="JTD.LaravelMCP.Tests.Unit.Jobs.ProcessMcpRequestTest" assertions="0" time="0.000000">
          <error type="Exception">JTD\LaravelMCP\Tests\Unit\Jobs\ProcessMcpRequestTest::it_has_correct_display_name
Exception: The /var/www/html/vendor/orchestra/testbench-core/laravel/bootstrap/cache directory must be present and writable.

/var/www/html/vendor/laravel/framework/src/Illuminate/Foundation/PackageManifest.php:179
/var/www/html/vendor/orchestra/testbench-core/src/Foundation/PackageManifest.php:157
/var/www/html/vendor/laravel/framework/src/Illuminate/Foundation/PackageManifest.php:132
/var/www/html/vendor/laravel/framework/src/Illuminate/Foundation/PackageManifest.php:108
/var/www/html/vendor/orchestra/testbench-core/src/Foundation/PackageManifest.php:102
/var/www/html/vendor/laravel/framework/src/Illuminate/Foundation/PackageManifest.php:91
/var/www/html/vendor/laravel/framework/src/Illuminate/Foundation/PackageManifest.php:80
/var/www/html/vendor/laravel/framework/src/Illuminate/Foundation/Bootstrap/RegisterFacades.php:26
/var/www/html/vendor/orchestra/testbench-core/src/Concerns/CreatesApplication.php:556
/var/www/html/vendor/orchestra/testbench-core/src/Concerns/CreatesApplication.php:311
/var/www/html/vendor/orchestra/testbench-core/src/TestCase.php:121
/var/www/html/vendor/orchestra/testbench-core/src/Concerns/ApplicationTestingHooks.php:74
/var/www/html/vendor/orchestra/testbench-core/src/Concerns/Testing.php:43
/var/www/html/vendor/laravel/framework/src/Illuminate/Collections/helpers.php:236
/var/www/html/vendor/orchestra/sidekick/src/functions.php:87
/var/www/html/vendor/laravel/framework/src/Illuminate/Collections/helpers.php:236
/var/www/html/vendor/orchestra/testbench-core/src/Concerns/Testing.php:57
/var/www/html/vendor/orchestra/testbench-core/src/TestCase.php:50
/var/www/html/tests/TestCase.php:61</error>
        </testcase>
        <testcase name="it_sets_retry_until_correctly" file="/var/www/html/tests/Unit/Jobs/ProcessMcpRequestTest.php" line="328" class="JTD\LaravelMCP\Tests\Unit\Jobs\ProcessMcpRequestTest" classname="JTD.LaravelMCP.Tests.Unit.Jobs.ProcessMcpRequestTest" assertions="0" time="0.000000">
          <error type="Exception">JTD\LaravelMCP\Tests\Unit\Jobs\ProcessMcpRequestTest::it_sets_retry_until_correctly
Exception: The /var/www/html/vendor/orchestra/testbench-core/laravel/bootstrap/cache directory must be present and writable.

/var/www/html/vendor/laravel/framework/src/Illuminate/Foundation/PackageManifest.php:179
/var/www/html/vendor/orchestra/testbench-core/src/Foundation/PackageManifest.php:157
/var/www/html/vendor/laravel/framework/src/Illuminate/Foundation/PackageManifest.php:132
/var/www/html/vendor/laravel/framework/src/Illuminate/Foundation/PackageManifest.php:108
/var/www/html/vendor/orchestra/testbench-core/src/Foundation/PackageManifest.php:102
/var/www/html/vendor/laravel/framework/src/Illuminate/Foundation/PackageManifest.php:91
/var/www/html/vendor/laravel/framework/src/Illuminate/Foundation/PackageManifest.php:80
/var/www/html/vendor/laravel/framework/src/Illuminate/Foundation/Bootstrap/RegisterFacades.php:26
/var/www/html/vendor/orchestra/testbench-core/src/Concerns/CreatesApplication.php:556
/var/www/html/vendor/orchestra/testbench-core/src/Concerns/CreatesApplication.php:311
/var/www/html/vendor/orchestra/testbench-core/src/TestCase.php:121
/var/www/html/vendor/orchestra/testbench-core/src/Concerns/ApplicationTestingHooks.php:74
/var/www/html/vendor/orchestra/testbench-core/src/Concerns/Testing.php:43
/var/www/html/vendor/laravel/framework/src/Illuminate/Collections/helpers.php:236
/var/www/html/vendor/orchestra/sidekick/src/functions.php:87
/var/www/html/vendor/laravel/framework/src/Illuminate/Collections/helpers.php:236
/var/www/html/vendor/orchestra/testbench-core/src/Concerns/Testing.php:57
/var/www/html/vendor/orchestra/testbench-core/src/TestCase.php:50
/var/www/html/tests/TestCase.php:61</error>
        </testcase>
      </testsuite>
      <testsuite name="JTD\LaravelMCP\Tests\Unit\LaravelFacadeComponentsTest" file="/var/www/html/tests/Unit/LaravelFacadeComponentsTest.php" tests="23" assertions="0" errors="23" failures="0" skipped="0" time="0.000000">
        <testcase name="mcp_manager_delegates_to_registry_and_registrar" file="/var/www/html/tests/Unit/LaravelFacadeComponentsTest.php" line="37" class="JTD\LaravelMCP\Tests\Unit\LaravelFacadeComponentsTest" classname="JTD.LaravelMCP.Tests.Unit.LaravelFacadeComponentsTest" assertions="0" time="0.000000">
          <error type="Exception">JTD\LaravelMCP\Tests\Unit\LaravelFacadeComponentsTest::mcp_manager_delegates_to_registry_and_registrar
Exception: The /var/www/html/vendor/orchestra/testbench-core/laravel/bootstrap/cache directory must be present and writable.

/var/www/html/vendor/laravel/framework/src/Illuminate/Foundation/PackageManifest.php:179
/var/www/html/vendor/orchestra/testbench-core/src/Foundation/PackageManifest.php:157
/var/www/html/vendor/laravel/framework/src/Illuminate/Foundation/PackageManifest.php:132
/var/www/html/vendor/laravel/framework/src/Illuminate/Foundation/PackageManifest.php:108
/var/www/html/vendor/orchestra/testbench-core/src/Foundation/PackageManifest.php:102
/var/www/html/vendor/laravel/framework/src/Illuminate/Foundation/PackageManifest.php:91
/var/www/html/vendor/laravel/framework/src/Illuminate/Foundation/PackageManifest.php:80
/var/www/html/vendor/laravel/framework/src/Illuminate/Foundation/Bootstrap/RegisterFacades.php:26
/var/www/html/vendor/orchestra/testbench-core/src/Concerns/CreatesApplication.php:556
/var/www/html/vendor/orchestra/testbench-core/src/Concerns/CreatesApplication.php:311
/var/www/html/vendor/orchestra/testbench-core/src/TestCase.php:121
/var/www/html/vendor/orchestra/testbench-core/src/Concerns/ApplicationTestingHooks.php:74
/var/www/html/vendor/orchestra/testbench-core/src/Concerns/Testing.php:43
/var/www/html/vendor/laravel/framework/src/Illuminate/Collections/helpers.php:236
/var/www/html/vendor/orchestra/sidekick/src/functions.php:87
/var/www/html/vendor/laravel/framework/src/Illuminate/Collections/helpers.php:236
/var/www/html/vendor/orchestra/testbench-core/src/Concerns/Testing.php:57
/var/www/html/vendor/orchestra/testbench-core/src/TestCase.php:50
/var/www/html/tests/TestCase.php:61</error>
        </testcase>
        <testcase name="mcp_manager_handles_magic_method_calls" file="/var/www/html/tests/Unit/LaravelFacadeComponentsTest.php" line="61" class="JTD\LaravelMCP\Tests\Unit\LaravelFacadeComponentsTest" classname="JTD.LaravelMCP.Tests.Unit.LaravelFacadeComponentsTest" assertions="0" time="0.000000">
          <error type="Exception">JTD\LaravelMCP\Tests\Unit\LaravelFacadeComponentsTest::mcp_manager_handles_magic_method_calls
Exception: The /var/www/html/vendor/orchestra/testbench-core/laravel/bootstrap/cache directory must be present and writable.

/var/www/html/vendor/laravel/framework/src/Illuminate/Foundation/PackageManifest.php:179
/var/www/html/vendor/orchestra/testbench-core/src/Foundation/PackageManifest.php:157
/var/www/html/vendor/laravel/framework/src/Illuminate/Foundation/PackageManifest.php:132
/var/www/html/vendor/laravel/framework/src/Illuminate/Foundation/PackageManifest.php:108
/var/www/html/vendor/orchestra/testbench-core/src/Foundation/PackageManifest.php:102
/var/www/html/vendor/laravel/framework/src/Illuminate/Foundation/PackageManifest.php:91
/var/www/html/vendor/laravel/framework/src/Illuminate/Foundation/PackageManifest.php:80
/var/www/html/vendor/laravel/framework/src/Illuminate/Foundation/Bootstrap/RegisterFacades.php:26
/var/www/html/vendor/orchestra/testbench-core/src/Concerns/CreatesApplication.php:556
/var/www/html/vendor/orchestra/testbench-core/src/Concerns/CreatesApplication.php:311
/var/www/html/vendor/orchestra/testbench-core/src/TestCase.php:121
/var/www/html/vendor/orchestra/testbench-core/src/Concerns/ApplicationTestingHooks.php:74
/var/www/html/vendor/orchestra/testbench-core/src/Concerns/Testing.php:43
/var/www/html/vendor/laravel/framework/src/Illuminate/Collections/helpers.php:236
/var/www/html/vendor/orchestra/sidekick/src/functions.php:87
/var/www/html/vendor/laravel/framework/src/Illuminate/Collections/helpers.php:236
/var/www/html/vendor/orchestra/testbench-core/src/Concerns/Testing.php:57
/var/www/html/vendor/orchestra/testbench-core/src/TestCase.php:50
/var/www/html/tests/TestCase.php:61</error>
        </testcase>
        <testcase name="mcp_manager_throws_exception_for_invalid_method" file="/var/www/html/tests/Unit/LaravelFacadeComponentsTest.php" line="85" class="JTD\LaravelMCP\Tests\Unit\LaravelFacadeComponentsTest" classname="JTD.LaravelMCP.Tests.Unit.LaravelFacadeComponentsTest" assertions="0" time="0.000000">
          <error type="Exception">JTD\LaravelMCP\Tests\Unit\LaravelFacadeComponentsTest::mcp_manager_throws_exception_for_invalid_method
Exception: The /var/www/html/vendor/orchestra/testbench-core/laravel/bootstrap/cache directory must be present and writable.

/var/www/html/vendor/laravel/framework/src/Illuminate/Foundation/PackageManifest.php:179
/var/www/html/vendor/orchestra/testbench-core/src/Foundation/PackageManifest.php:157
/var/www/html/vendor/laravel/framework/src/Illuminate/Foundation/PackageManifest.php:132
/var/www/html/vendor/laravel/framework/src/Illuminate/Foundation/PackageManifest.php:108
/var/www/html/vendor/orchestra/testbench-core/src/Foundation/PackageManifest.php:102
/var/www/html/vendor/laravel/framework/src/Illuminate/Foundation/PackageManifest.php:91
/var/www/html/vendor/laravel/framework/src/Illuminate/Foundation/PackageManifest.php:80
/var/www/html/vendor/laravel/framework/src/Illuminate/Foundation/Bootstrap/RegisterFacades.php:26
/var/www/html/vendor/orchestra/testbench-core/src/Concerns/CreatesApplication.php:556
/var/www/html/vendor/orchestra/testbench-core/src/Concerns/CreatesApplication.php:311
/var/www/html/vendor/orchestra/testbench-core/src/TestCase.php:121
/var/www/html/vendor/orchestra/testbench-core/src/Concerns/ApplicationTestingHooks.php:74
/var/www/html/vendor/orchestra/testbench-core/src/Concerns/Testing.php:43
/var/www/html/vendor/laravel/framework/src/Illuminate/Collections/helpers.php:236
/var/www/html/vendor/orchestra/sidekick/src/functions.php:87
/var/www/html/vendor/laravel/framework/src/Illuminate/Collections/helpers.php:236
/var/www/html/vendor/orchestra/testbench-core/src/Concerns/Testing.php:57
/var/www/html/vendor/orchestra/testbench-core/src/TestCase.php:50
/var/www/html/tests/TestCase.php:61</error>
        </testcase>
        <testcase name="process_mcp_request_generates_request_id" file="/var/www/html/tests/Unit/LaravelFacadeComponentsTest.php" line="99" class="JTD\LaravelMCP\Tests\Unit\LaravelFacadeComponentsTest" classname="JTD.LaravelMCP.Tests.Unit.LaravelFacadeComponentsTest" assertions="0" time="0.000000">
          <error type="Exception">JTD\LaravelMCP\Tests\Unit\LaravelFacadeComponentsTest::process_mcp_request_generates_request_id
Exception: The /var/www/html/vendor/orchestra/testbench-core/laravel/bootstrap/cache directory must be present and writable.

/var/www/html/vendor/laravel/framework/src/Illuminate/Foundation/PackageManifest.php:179
/var/www/html/vendor/orchestra/testbench-core/src/Foundation/PackageManifest.php:157
/var/www/html/vendor/laravel/framework/src/Illuminate/Foundation/PackageManifest.php:132
/var/www/html/vendor/laravel/framework/src/Illuminate/Foundation/PackageManifest.php:108
/var/www/html/vendor/orchestra/testbench-core/src/Foundation/PackageManifest.php:102
/var/www/html/vendor/laravel/framework/src/Illuminate/Foundation/PackageManifest.php:91
/var/www/html/vendor/laravel/framework/src/Illuminate/Foundation/PackageManifest.php:80
/var/www/html/vendor/laravel/framework/src/Illuminate/Foundation/Bootstrap/RegisterFacades.php:26
/var/www/html/vendor/orchestra/testbench-core/src/Concerns/CreatesApplication.php:556
/var/www/html/vendor/orchestra/testbench-core/src/Concerns/CreatesApplication.php:311
/var/www/html/vendor/orchestra/testbench-core/src/TestCase.php:121
/var/www/html/vendor/orchestra/testbench-core/src/Concerns/ApplicationTestingHooks.php:74
/var/www/html/vendor/orchestra/testbench-core/src/Concerns/Testing.php:43
/var/www/html/vendor/laravel/framework/src/Illuminate/Collections/helpers.php:236
/var/www/html/vendor/orchestra/sidekick/src/functions.php:87
/var/www/html/vendor/laravel/framework/src/Illuminate/Collections/helpers.php:236
/var/www/html/vendor/orchestra/testbench-core/src/Concerns/Testing.php:57
/var/www/html/vendor/orchestra/testbench-core/src/TestCase.php:50
/var/www/html/tests/TestCase.php:61</error>
        </testcase>
        <testcase name="process_mcp_request_uses_provided_request_id" file="/var/www/html/tests/Unit/LaravelFacadeComponentsTest.php" line="108" class="JTD\LaravelMCP\Tests\Unit\LaravelFacadeComponentsTest" classname="JTD.LaravelMCP.Tests.Unit.LaravelFacadeComponentsTest" assertions="0" time="0.000000">
          <error type="Exception">JTD\LaravelMCP\Tests\Unit\LaravelFacadeComponentsTest::process_mcp_request_uses_provided_request_id
Exception: The /var/www/html/vendor/orchestra/testbench-core/laravel/bootstrap/cache directory must be present and writable.

/var/www/html/vendor/laravel/framework/src/Illuminate/Foundation/PackageManifest.php:179
/var/www/html/vendor/orchestra/testbench-core/src/Foundation/PackageManifest.php:157
/var/www/html/vendor/laravel/framework/src/Illuminate/Foundation/PackageManifest.php:132
/var/www/html/vendor/laravel/framework/src/Illuminate/Foundation/PackageManifest.php:108
/var/www/html/vendor/orchestra/testbench-core/src/Foundation/PackageManifest.php:102
/var/www/html/vendor/laravel/framework/src/Illuminate/Foundation/PackageManifest.php:91
/var/www/html/vendor/laravel/framework/src/Illuminate/Foundation/PackageManifest.php:80
/var/www/html/vendor/laravel/framework/src/Illuminate/Foundation/Bootstrap/RegisterFacades.php:26
/var/www/html/vendor/orchestra/testbench-core/src/Concerns/CreatesApplication.php:556
/var/www/html/vendor/orchestra/testbench-core/src/Concerns/CreatesApplication.php:311
/var/www/html/vendor/orchestra/testbench-core/src/TestCase.php:121
/var/www/html/vendor/orchestra/testbench-core/src/Concerns/ApplicationTestingHooks.php:74
/var/www/html/vendor/orchestra/testbench-core/src/Concerns/Testing.php:43
/var/www/html/vendor/laravel/framework/src/Illuminate/Collections/helpers.php:236
/var/www/html/vendor/orchestra/sidekick/src/functions.php:87
/var/www/html/vendor/laravel/framework/src/Illuminate/Collections/helpers.php:236
/var/www/html/vendor/orchestra/testbench-core/src/Concerns/Testing.php:57
/var/www/html/vendor/orchestra/testbench-core/src/TestCase.php:50
/var/www/html/tests/TestCase.php:61</error>
        </testcase>
        <testcase name="process_mcp_request_merges_context" file="/var/www/html/tests/Unit/LaravelFacadeComponentsTest.php" line="117" class="JTD\LaravelMCP\Tests\Unit\LaravelFacadeComponentsTest" classname="JTD.LaravelMCP.Tests.Unit.LaravelFacadeComponentsTest" assertions="0" time="0.000000">
          <error type="Exception">JTD\LaravelMCP\Tests\Unit\LaravelFacadeComponentsTest::process_mcp_request_merges_context
Exception: The /var/www/html/vendor/orchestra/testbench-core/laravel/bootstrap/cache directory must be present and writable.

/var/www/html/vendor/laravel/framework/src/Illuminate/Foundation/PackageManifest.php:179
/var/www/html/vendor/orchestra/testbench-core/src/Foundation/PackageManifest.php:157
/var/www/html/vendor/laravel/framework/src/Illuminate/Foundation/PackageManifest.php:132
/var/www/html/vendor/laravel/framework/src/Illuminate/Foundation/PackageManifest.php:108
/var/www/html/vendor/orchestra/testbench-core/src/Foundation/PackageManifest.php:102
/var/www/html/vendor/laravel/framework/src/Illuminate/Foundation/PackageManifest.php:91
/var/www/html/vendor/laravel/framework/src/Illuminate/Foundation/PackageManifest.php:80
/var/www/html/vendor/laravel/framework/src/Illuminate/Foundation/Bootstrap/RegisterFacades.php:26
/var/www/html/vendor/orchestra/testbench-core/src/Concerns/CreatesApplication.php:556
/var/www/html/vendor/orchestra/testbench-core/src/Concerns/CreatesApplication.php:311
/var/www/html/vendor/orchestra/testbench-core/src/TestCase.php:121
/var/www/html/vendor/orchestra/testbench-core/src/Concerns/ApplicationTestingHooks.php:74
/var/www/html/vendor/orchestra/testbench-core/src/Concerns/Testing.php:43
/var/www/html/vendor/laravel/framework/src/Illuminate/Collections/helpers.php:236
/var/www/html/vendor/orchestra/sidekick/src/functions.php:87
/var/www/html/vendor/laravel/framework/src/Illuminate/Collections/helpers.php:236
/var/www/html/vendor/orchestra/testbench-core/src/Concerns/Testing.php:57
/var/www/html/vendor/orchestra/testbench-core/src/TestCase.php:50
/var/www/html/tests/TestCase.php:61</error>
        </testcase>
        <testcase name="mcp_component_registered_handles_null_user_id" file="/var/www/html/tests/Unit/LaravelFacadeComponentsTest.php" line="129" class="JTD\LaravelMCP\Tests\Unit\LaravelFacadeComponentsTest" classname="JTD.LaravelMCP.Tests.Unit.LaravelFacadeComponentsTest" assertions="0" time="0.000000">
          <error type="Exception">JTD\LaravelMCP\Tests\Unit\LaravelFacadeComponentsTest::mcp_component_registered_handles_null_user_id
Exception: The /var/www/html/vendor/orchestra/testbench-core/laravel/bootstrap/cache directory must be present and writable.

/var/www/html/vendor/laravel/framework/src/Illuminate/Foundation/PackageManifest.php:179
/var/www/html/vendor/orchestra/testbench-core/src/Foundation/PackageManifest.php:157
/var/www/html/vendor/laravel/framework/src/Illuminate/Foundation/PackageManifest.php:132
/var/www/html/vendor/laravel/framework/src/Illuminate/Foundation/PackageManifest.php:108
/var/www/html/vendor/orchestra/testbench-core/src/Foundation/PackageManifest.php:102
/var/www/html/vendor/laravel/framework/src/Illuminate/Foundation/PackageManifest.php:91
/var/www/html/vendor/laravel/framework/src/Illuminate/Foundation/PackageManifest.php:80
/var/www/html/vendor/laravel/framework/src/Illuminate/Foundation/Bootstrap/RegisterFacades.php:26
/var/www/html/vendor/orchestra/testbench-core/src/Concerns/CreatesApplication.php:556
/var/www/html/vendor/orchestra/testbench-core/src/Concerns/CreatesApplication.php:311
/var/www/html/vendor/orchestra/testbench-core/src/TestCase.php:121
/var/www/html/vendor/orchestra/testbench-core/src/Concerns/ApplicationTestingHooks.php:74
/var/www/html/vendor/orchestra/testbench-core/src/Concerns/Testing.php:43
/var/www/html/vendor/laravel/framework/src/Illuminate/Collections/helpers.php:236
/var/www/html/vendor/orchestra/sidekick/src/functions.php:87
/var/www/html/vendor/laravel/framework/src/Illuminate/Collections/helpers.php:236
/var/www/html/vendor/orchestra/testbench-core/src/Concerns/Testing.php:57
/var/www/html/vendor/orchestra/testbench-core/src/TestCase.php:50
/var/www/html/tests/TestCase.php:61</error>
        </testcase>
        <testcase name="mcp_component_registered_uses_provided_user_id" file="/var/www/html/tests/Unit/LaravelFacadeComponentsTest.php" line="137" class="JTD\LaravelMCP\Tests\Unit\LaravelFacadeComponentsTest" classname="JTD.LaravelMCP.Tests.Unit.LaravelFacadeComponentsTest" assertions="0" time="0.000000">
          <error type="Exception">JTD\LaravelMCP\Tests\Unit\LaravelFacadeComponentsTest::mcp_component_registered_uses_provided_user_id
Exception: The /var/www/html/vendor/orchestra/testbench-core/laravel/bootstrap/cache directory must be present and writable.

/var/www/html/vendor/laravel/framework/src/Illuminate/Foundation/PackageManifest.php:179
/var/www/html/vendor/orchestra/testbench-core/src/Foundation/PackageManifest.php:157
/var/www/html/vendor/laravel/framework/src/Illuminate/Foundation/PackageManifest.php:132
/var/www/html/vendor/laravel/framework/src/Illuminate/Foundation/PackageManifest.php:108
/var/www/html/vendor/orchestra/testbench-core/src/Foundation/PackageManifest.php:102
/var/www/html/vendor/laravel/framework/src/Illuminate/Foundation/PackageManifest.php:91
/var/www/html/vendor/laravel/framework/src/Illuminate/Foundation/PackageManifest.php:80
/var/www/html/vendor/laravel/framework/src/Illuminate/Foundation/Bootstrap/RegisterFacades.php:26
/var/www/html/vendor/orchestra/testbench-core/src/Concerns/CreatesApplication.php:556
/var/www/html/vendor/orchestra/testbench-core/src/Concerns/CreatesApplication.php:311
/var/www/html/vendor/orchestra/testbench-core/src/TestCase.php:121
/var/www/html/vendor/orchestra/testbench-core/src/Concerns/ApplicationTestingHooks.php:74
/var/www/html/vendor/orchestra/testbench-core/src/Concerns/Testing.php:43
/var/www/html/vendor/laravel/framework/src/Illuminate/Collections/helpers.php:236
/var/www/html/vendor/orchestra/sidekick/src/functions.php:87
/var/www/html/vendor/laravel/framework/src/Illuminate/Collections/helpers.php:236
/var/www/html/vendor/orchestra/testbench-core/src/Concerns/Testing.php:57
/var/www/html/vendor/orchestra/testbench-core/src/TestCase.php:50
/var/www/html/tests/TestCase.php:61</error>
        </testcase>
        <testcase name="mcp_request_processed_component_type_returns_null_for_unknown" file="/var/www/html/tests/Unit/LaravelFacadeComponentsTest.php" line="146" class="JTD\LaravelMCP\Tests\Unit\LaravelFacadeComponentsTest" classname="JTD.LaravelMCP.Tests.Unit.LaravelFacadeComponentsTest" assertions="0" time="0.000000">
          <error type="Exception">JTD\LaravelMCP\Tests\Unit\LaravelFacadeComponentsTest::mcp_request_processed_component_type_returns_null_for_unknown
Exception: The /var/www/html/vendor/orchestra/testbench-core/laravel/bootstrap/cache directory must be present and writable.

/var/www/html/vendor/laravel/framework/src/Illuminate/Foundation/PackageManifest.php:179
/var/www/html/vendor/orchestra/testbench-core/src/Foundation/PackageManifest.php:157
/var/www/html/vendor/laravel/framework/src/Illuminate/Foundation/PackageManifest.php:132
/var/www/html/vendor/laravel/framework/src/Illuminate/Foundation/PackageManifest.php:108
/var/www/html/vendor/orchestra/testbench-core/src/Foundation/PackageManifest.php:102
/var/www/html/vendor/laravel/framework/src/Illuminate/Foundation/PackageManifest.php:91
/var/www/html/vendor/laravel/framework/src/Illuminate/Foundation/PackageManifest.php:80
/var/www/html/vendor/laravel/framework/src/Illuminate/Foundation/Bootstrap/RegisterFacades.php:26
/var/www/html/vendor/orchestra/testbench-core/src/Concerns/CreatesApplication.php:556
/var/www/html/vendor/orchestra/testbench-core/src/Concerns/CreatesApplication.php:311
/var/www/html/vendor/orchestra/testbench-core/src/TestCase.php:121
/var/www/html/vendor/orchestra/testbench-core/src/Concerns/ApplicationTestingHooks.php:74
/var/www/html/vendor/orchestra/testbench-core/src/Concerns/Testing.php:43
/var/www/html/vendor/laravel/framework/src/Illuminate/Collections/helpers.php:236
/var/www/html/vendor/orchestra/sidekick/src/functions.php:87
/var/www/html/vendor/laravel/framework/src/Illuminate/Collections/helpers.php:236
/var/www/html/vendor/orchestra/testbench-core/src/Concerns/Testing.php:57
/var/www/html/vendor/orchestra/testbench-core/src/TestCase.php:50
/var/www/html/tests/TestCase.php:61</error>
        </testcase>
        <testcase name="mcp_request_processed_component_name_returns_null_for_invalid" file="/var/www/html/tests/Unit/LaravelFacadeComponentsTest.php" line="154" class="JTD\LaravelMCP\Tests\Unit\LaravelFacadeComponentsTest" classname="JTD.LaravelMCP.Tests.Unit.LaravelFacadeComponentsTest" assertions="0" time="0.000000">
          <error type="Exception">JTD\LaravelMCP\Tests\Unit\LaravelFacadeComponentsTest::mcp_request_processed_component_name_returns_null_for_invalid
Exception: The /var/www/html/vendor/orchestra/testbench-core/laravel/bootstrap/cache directory must be present and writable.

/var/www/html/vendor/laravel/framework/src/Illuminate/Foundation/PackageManifest.php:179
/var/www/html/vendor/orchestra/testbench-core/src/Foundation/PackageManifest.php:157
/var/www/html/vendor/laravel/framework/src/Illuminate/Foundation/PackageManifest.php:132
/var/www/html/vendor/laravel/framework/src/Illuminate/Foundation/PackageManifest.php:108
/var/www/html/vendor/orchestra/testbench-core/src/Foundation/PackageManifest.php:102
/var/www/html/vendor/laravel/framework/src/Illuminate/Foundation/PackageManifest.php:91
/var/www/html/vendor/laravel/framework/src/Illuminate/Foundation/PackageManifest.php:80
/var/www/html/vendor/laravel/framework/src/Illuminate/Foundation/Bootstrap/RegisterFacades.php:26
/var/www/html/vendor/orchestra/testbench-core/src/Concerns/CreatesApplication.php:556
/var/www/html/vendor/orchestra/testbench-core/src/Concerns/CreatesApplication.php:311
/var/www/html/vendor/orchestra/testbench-core/src/TestCase.php:121
/var/www/html/vendor/orchestra/testbench-core/src/Concerns/ApplicationTestingHooks.php:74
/var/www/html/vendor/orchestra/testbench-core/src/Concerns/Testing.php:43
/var/www/html/vendor/laravel/framework/src/Illuminate/Collections/helpers.php:236
/var/www/html/vendor/orchestra/sidekick/src/functions.php:87
/var/www/html/vendor/laravel/framework/src/Illuminate/Collections/helpers.php:236
/var/www/html/vendor/orchestra/testbench-core/src/Concerns/Testing.php:57
/var/www/html/vendor/orchestra/testbench-core/src/TestCase.php:50
/var/www/html/tests/TestCase.php:61</error>
        </testcase>
        <testcase name="mcp_request_processed_formats_time_under_one_second" file="/var/www/html/tests/Unit/LaravelFacadeComponentsTest.php" line="162" class="JTD\LaravelMCP\Tests\Unit\LaravelFacadeComponentsTest" classname="JTD.LaravelMCP.Tests.Unit.LaravelFacadeComponentsTest" assertions="0" time="0.000000">
          <error type="Exception">JTD\LaravelMCP\Tests\Unit\LaravelFacadeComponentsTest::mcp_request_processed_formats_time_under_one_second
Exception: The /var/www/html/vendor/orchestra/testbench-core/laravel/bootstrap/cache directory must be present and writable.

/var/www/html/vendor/laravel/framework/src/Illuminate/Foundation/PackageManifest.php:179
/var/www/html/vendor/orchestra/testbench-core/src/Foundation/PackageManifest.php:157
/var/www/html/vendor/laravel/framework/src/Illuminate/Foundation/PackageManifest.php:132
/var/www/html/vendor/laravel/framework/src/Illuminate/Foundation/PackageManifest.php:108
/var/www/html/vendor/orchestra/testbench-core/src/Foundation/PackageManifest.php:102
/var/www/html/vendor/laravel/framework/src/Illuminate/Foundation/PackageManifest.php:91
/var/www/html/vendor/laravel/framework/src/Illuminate/Foundation/PackageManifest.php:80
/var/www/html/vendor/laravel/framework/src/Illuminate/Foundation/Bootstrap/RegisterFacades.php:26
/var/www/html/vendor/orchestra/testbench-core/src/Concerns/CreatesApplication.php:556
/var/www/html/vendor/orchestra/testbench-core/src/Concerns/CreatesApplication.php:311
/var/www/html/vendor/orchestra/testbench-core/src/TestCase.php:121
/var/www/html/vendor/orchestra/testbench-core/src/Concerns/ApplicationTestingHooks.php:74
/var/www/html/vendor/orchestra/testbench-core/src/Concerns/Testing.php:43
/var/www/html/vendor/laravel/framework/src/Illuminate/Collections/helpers.php:236
/var/www/html/vendor/orchestra/sidekick/src/functions.php:87
/var/www/html/vendor/laravel/framework/src/Illuminate/Collections/helpers.php:236
/var/www/html/vendor/orchestra/testbench-core/src/Concerns/Testing.php:57
/var/www/html/vendor/orchestra/testbench-core/src/TestCase.php:50
/var/www/html/tests/TestCase.php:61</error>
        </testcase>
        <testcase name="mcp_request_processed_formats_time_over_one_second" file="/var/www/html/tests/Unit/LaravelFacadeComponentsTest.php" line="170" class="JTD\LaravelMCP\Tests\Unit\LaravelFacadeComponentsTest" classname="JTD.LaravelMCP.Tests.Unit.LaravelFacadeComponentsTest" assertions="0" time="0.000000">
          <error type="Exception">JTD\LaravelMCP\Tests\Unit\LaravelFacadeComponentsTest::mcp_request_processed_formats_time_over_one_second
Exception: The /var/www/html/vendor/orchestra/testbench-core/laravel/bootstrap/cache directory must be present and writable.

/var/www/html/vendor/laravel/framework/src/Illuminate/Foundation/PackageManifest.php:179
/var/www/html/vendor/orchestra/testbench-core/src/Foundation/PackageManifest.php:157
/var/www/html/vendor/laravel/framework/src/Illuminate/Foundation/PackageManifest.php:132
/var/www/html/vendor/laravel/framework/src/Illuminate/Foundation/PackageManifest.php:108
/var/www/html/vendor/orchestra/testbench-core/src/Foundation/PackageManifest.php:102
/var/www/html/vendor/laravel/framework/src/Illuminate/Foundation/PackageManifest.php:91
/var/www/html/vendor/laravel/framework/src/Illuminate/Foundation/PackageManifest.php:80
/var/www/html/vendor/laravel/framework/src/Illuminate/Foundation/Bootstrap/RegisterFacades.php:26
/var/www/html/vendor/orchestra/testbench-core/src/Concerns/CreatesApplication.php:556
/var/www/html/vendor/orchestra/testbench-core/src/Concerns/CreatesApplication.php:311
/var/www/html/vendor/orchestra/testbench-core/src/TestCase.php:121
/var/www/html/vendor/orchestra/testbench-core/src/Concerns/ApplicationTestingHooks.php:74
/var/www/html/vendor/orchestra/testbench-core/src/Concerns/Testing.php:43
/var/www/html/vendor/laravel/framework/src/Illuminate/Collections/helpers.php:236
/var/www/html/vendor/orchestra/sidekick/src/functions.php:87
/var/www/html/vendor/laravel/framework/src/Illuminate/Collections/helpers.php:236
/var/www/html/vendor/orchestra/testbench-core/src/Concerns/Testing.php:57
/var/www/html/vendor/orchestra/testbench-core/src/TestCase.php:50
/var/www/html/tests/TestCase.php:61</error>
        </testcase>
        <testcase name="mcp_error_notification_handles_null_exception" file="/var/www/html/tests/Unit/LaravelFacadeComponentsTest.php" line="178" class="JTD\LaravelMCP\Tests\Unit\LaravelFacadeComponentsTest" classname="JTD.LaravelMCP.Tests.Unit.LaravelFacadeComponentsTest" assertions="0" time="0.000000">
          <error type="Exception">JTD\LaravelMCP\Tests\Unit\LaravelFacadeComponentsTest::mcp_error_notification_handles_null_exception
Exception: The /var/www/html/vendor/orchestra/testbench-core/laravel/bootstrap/cache directory must be present and writable.

/var/www/html/vendor/laravel/framework/src/Illuminate/Foundation/PackageManifest.php:179
/var/www/html/vendor/orchestra/testbench-core/src/Foundation/PackageManifest.php:157
/var/www/html/vendor/laravel/framework/src/Illuminate/Foundation/PackageManifest.php:132
/var/www/html/vendor/laravel/framework/src/Illuminate/Foundation/PackageManifest.php:108
/var/www/html/vendor/orchestra/testbench-core/src/Foundation/PackageManifest.php:102
/var/www/html/vendor/laravel/framework/src/Illuminate/Foundation/PackageManifest.php:91
/var/www/html/vendor/laravel/framework/src/Illuminate/Foundation/PackageManifest.php:80
/var/www/html/vendor/laravel/framework/src/Illuminate/Foundation/Bootstrap/RegisterFacades.php:26
/var/www/html/vendor/orchestra/testbench-core/src/Concerns/CreatesApplication.php:556
/var/www/html/vendor/orchestra/testbench-core/src/Concerns/CreatesApplication.php:311
/var/www/html/vendor/orchestra/testbench-core/src/TestCase.php:121
/var/www/html/vendor/orchestra/testbench-core/src/Concerns/ApplicationTestingHooks.php:74
/var/www/html/vendor/orchestra/testbench-core/src/Concerns/Testing.php:43
/var/www/html/vendor/laravel/framework/src/Illuminate/Collections/helpers.php:236
/var/www/html/vendor/orchestra/sidekick/src/functions.php:87
/var/www/html/vendor/laravel/framework/src/Illuminate/Collections/helpers.php:236
/var/www/html/vendor/orchestra/testbench-core/src/Concerns/Testing.php:57
/var/www/html/vendor/orchestra/testbench-core/src/TestCase.php:50
/var/www/html/tests/TestCase.php:61</error>
        </testcase>
        <testcase name="mcp_error_notification_uses_provided_severity" file="/var/www/html/tests/Unit/LaravelFacadeComponentsTest.php" line="191" class="JTD\LaravelMCP\Tests\Unit\LaravelFacadeComponentsTest" classname="JTD.LaravelMCP.Tests.Unit.LaravelFacadeComponentsTest" assertions="0" time="0.000000">
          <error type="Exception">JTD\LaravelMCP\Tests\Unit\LaravelFacadeComponentsTest::mcp_error_notification_uses_provided_severity
Exception: The /var/www/html/vendor/orchestra/testbench-core/laravel/bootstrap/cache directory must be present and writable.

/var/www/html/vendor/laravel/framework/src/Illuminate/Foundation/PackageManifest.php:179
/var/www/html/vendor/orchestra/testbench-core/src/Foundation/PackageManifest.php:157
/var/www/html/vendor/laravel/framework/src/Illuminate/Foundation/PackageManifest.php:132
/var/www/html/vendor/laravel/framework/src/Illuminate/Foundation/PackageManifest.php:108
/var/www/html/vendor/orchestra/testbench-core/src/Foundation/PackageManifest.php:102
/var/www/html/vendor/laravel/framework/src/Illuminate/Foundation/PackageManifest.php:91
/var/www/html/vendor/laravel/framework/src/Illuminate/Foundation/PackageManifest.php:80
/var/www/html/vendor/laravel/framework/src/Illuminate/Foundation/Bootstrap/RegisterFacades.php:26
/var/www/html/vendor/orchestra/testbench-core/src/Concerns/CreatesApplication.php:556
/var/www/html/vendor/orchestra/testbench-core/src/Concerns/CreatesApplication.php:311
/var/www/html/vendor/orchestra/testbench-core/src/TestCase.php:121
/var/www/html/vendor/orchestra/testbench-core/src/Concerns/ApplicationTestingHooks.php:74
/var/www/html/vendor/orchestra/testbench-core/src/Concerns/Testing.php:43
/var/www/html/vendor/laravel/framework/src/Illuminate/Collections/helpers.php:236
/var/www/html/vendor/orchestra/sidekick/src/functions.php:87
/var/www/html/vendor/laravel/framework/src/Illuminate/Collections/helpers.php:236
/var/www/html/vendor/orchestra/testbench-core/src/Concerns/Testing.php:57
/var/www/html/vendor/orchestra/testbench-core/src/TestCase.php:50
/var/www/html/tests/TestCase.php:61</error>
        </testcase>
        <testcase name="mcp_error_notification_stores_exception" file="/var/www/html/tests/Unit/LaravelFacadeComponentsTest.php" line="207" class="JTD\LaravelMCP\Tests\Unit\LaravelFacadeComponentsTest" classname="JTD.LaravelMCP.Tests.Unit.LaravelFacadeComponentsTest" assertions="0" time="0.000000">
          <error type="Exception">JTD\LaravelMCP\Tests\Unit\LaravelFacadeComponentsTest::mcp_error_notification_stores_exception
Exception: The /var/www/html/vendor/orchestra/testbench-core/laravel/bootstrap/cache directory must be present and writable.

/var/www/html/vendor/laravel/framework/src/Illuminate/Foundation/PackageManifest.php:179
/var/www/html/vendor/orchestra/testbench-core/src/Foundation/PackageManifest.php:157
/var/www/html/vendor/laravel/framework/src/Illuminate/Foundation/PackageManifest.php:132
/var/www/html/vendor/laravel/framework/src/Illuminate/Foundation/PackageManifest.php:108
/var/www/html/vendor/orchestra/testbench-core/src/Foundation/PackageManifest.php:102
/var/www/html/vendor/laravel/framework/src/Illuminate/Foundation/PackageManifest.php:91
/var/www/html/vendor/laravel/framework/src/Illuminate/Foundation/PackageManifest.php:80
/var/www/html/vendor/laravel/framework/src/Illuminate/Foundation/Bootstrap/RegisterFacades.php:26
/var/www/html/vendor/orchestra/testbench-core/src/Concerns/CreatesApplication.php:556
/var/www/html/vendor/orchestra/testbench-core/src/Concerns/CreatesApplication.php:311
/var/www/html/vendor/orchestra/testbench-core/src/TestCase.php:121
/var/www/html/vendor/orchestra/testbench-core/src/Concerns/ApplicationTestingHooks.php:74
/var/www/html/vendor/orchestra/testbench-core/src/Concerns/Testing.php:43
/var/www/html/vendor/laravel/framework/src/Illuminate/Collections/helpers.php:236
/var/www/html/vendor/orchestra/sidekick/src/functions.php:87
/var/www/html/vendor/laravel/framework/src/Illuminate/Collections/helpers.php:236
/var/www/html/vendor/orchestra/testbench-core/src/Concerns/Testing.php:57
/var/www/html/vendor/orchestra/testbench-core/src/TestCase.php:50
/var/www/html/tests/TestCase.php:61</error>
        </testcase>
        <testcase name="mcp_error_notification_via_returns_correct_channels" file="/var/www/html/tests/Unit/LaravelFacadeComponentsTest.php" line="224" class="JTD\LaravelMCP\Tests\Unit\LaravelFacadeComponentsTest" classname="JTD.LaravelMCP.Tests.Unit.LaravelFacadeComponentsTest" assertions="0" time="0.000000">
          <error type="Exception">JTD\LaravelMCP\Tests\Unit\LaravelFacadeComponentsTest::mcp_error_notification_via_returns_correct_channels
Exception: The /var/www/html/vendor/orchestra/testbench-core/laravel/bootstrap/cache directory must be present and writable.

/var/www/html/vendor/laravel/framework/src/Illuminate/Foundation/PackageManifest.php:179
/var/www/html/vendor/orchestra/testbench-core/src/Foundation/PackageManifest.php:157
/var/www/html/vendor/laravel/framework/src/Illuminate/Foundation/PackageManifest.php:132
/var/www/html/vendor/laravel/framework/src/Illuminate/Foundation/PackageManifest.php:108
/var/www/html/vendor/orchestra/testbench-core/src/Foundation/PackageManifest.php:102
/var/www/html/vendor/laravel/framework/src/Illuminate/Foundation/PackageManifest.php:91
/var/www/html/vendor/laravel/framework/src/Illuminate/Foundation/PackageManifest.php:80
/var/www/html/vendor/laravel/framework/src/Illuminate/Foundation/Bootstrap/RegisterFacades.php:26
/var/www/html/vendor/orchestra/testbench-core/src/Concerns/CreatesApplication.php:556
/var/www/html/vendor/orchestra/testbench-core/src/Concerns/CreatesApplication.php:311
/var/www/html/vendor/orchestra/testbench-core/src/TestCase.php:121
/var/www/html/vendor/orchestra/testbench-core/src/Concerns/ApplicationTestingHooks.php:74
/var/www/html/vendor/orchestra/testbench-core/src/Concerns/Testing.php:43
/var/www/html/vendor/laravel/framework/src/Illuminate/Collections/helpers.php:236
/var/www/html/vendor/orchestra/sidekick/src/functions.php:87
/var/www/html/vendor/laravel/framework/src/Illuminate/Collections/helpers.php:236
/var/www/html/vendor/orchestra/testbench-core/src/Concerns/Testing.php:57
/var/www/html/vendor/orchestra/testbench-core/src/TestCase.php:50
/var/www/html/tests/TestCase.php:61</error>
        </testcase>
        <testcase name="process_mcp_request_has_correct_retry_settings" file="/var/www/html/tests/Unit/LaravelFacadeComponentsTest.php" line="251" class="JTD\LaravelMCP\Tests\Unit\LaravelFacadeComponentsTest" classname="JTD.LaravelMCP.Tests.Unit.LaravelFacadeComponentsTest" assertions="0" time="0.000000">
          <error type="Exception">JTD\LaravelMCP\Tests\Unit\LaravelFacadeComponentsTest::process_mcp_request_has_correct_retry_settings
Exception: The /var/www/html/vendor/orchestra/testbench-core/laravel/bootstrap/cache directory must be present and writable.

/var/www/html/vendor/laravel/framework/src/Illuminate/Foundation/PackageManifest.php:179
/var/www/html/vendor/orchestra/testbench-core/src/Foundation/PackageManifest.php:157
/var/www/html/vendor/laravel/framework/src/Illuminate/Foundation/PackageManifest.php:132
/var/www/html/vendor/laravel/framework/src/Illuminate/Foundation/PackageManifest.php:108
/var/www/html/vendor/orchestra/testbench-core/src/Foundation/PackageManifest.php:102
/var/www/html/vendor/laravel/framework/src/Illuminate/Foundation/PackageManifest.php:91
/var/www/html/vendor/laravel/framework/src/Illuminate/Foundation/PackageManifest.php:80
/var/www/html/vendor/laravel/framework/src/Illuminate/Foundation/Bootstrap/RegisterFacades.php:26
/var/www/html/vendor/orchestra/testbench-core/src/Concerns/CreatesApplication.php:556
/var/www/html/vendor/orchestra/testbench-core/src/Concerns/CreatesApplication.php:311
/var/www/html/vendor/orchestra/testbench-core/src/TestCase.php:121
/var/www/html/vendor/orchestra/testbench-core/src/Concerns/ApplicationTestingHooks.php:74
/var/www/html/vendor/orchestra/testbench-core/src/Concerns/Testing.php:43
/var/www/html/vendor/laravel/framework/src/Illuminate/Collections/helpers.php:236
/var/www/html/vendor/orchestra/sidekick/src/functions.php:87
/var/www/html/vendor/laravel/framework/src/Illuminate/Collections/helpers.php:236
/var/www/html/vendor/orchestra/testbench-core/src/Concerns/Testing.php:57
/var/www/html/vendor/orchestra/testbench-core/src/TestCase.php:50
/var/www/html/tests/TestCase.php:61</error>
        </testcase>
        <testcase name="mcp_component_registered_get_component_details_includes_all_fields" file="/var/www/html/tests/Unit/LaravelFacadeComponentsTest.php" line="262" class="JTD\LaravelMCP\Tests\Unit\LaravelFacadeComponentsTest" classname="JTD.LaravelMCP.Tests.Unit.LaravelFacadeComponentsTest" assertions="0" time="0.000000">
          <error type="Exception">JTD\LaravelMCP\Tests\Unit\LaravelFacadeComponentsTest::mcp_component_registered_get_component_details_includes_all_fields
Exception: The /var/www/html/vendor/orchestra/testbench-core/laravel/bootstrap/cache directory must be present and writable.

/var/www/html/vendor/laravel/framework/src/Illuminate/Foundation/PackageManifest.php:179
/var/www/html/vendor/orchestra/testbench-core/src/Foundation/PackageManifest.php:157
/var/www/html/vendor/laravel/framework/src/Illuminate/Foundation/PackageManifest.php:132
/var/www/html/vendor/laravel/framework/src/Illuminate/Foundation/PackageManifest.php:108
/var/www/html/vendor/orchestra/testbench-core/src/Foundation/PackageManifest.php:102
/var/www/html/vendor/laravel/framework/src/Illuminate/Foundation/PackageManifest.php:91
/var/www/html/vendor/laravel/framework/src/Illuminate/Foundation/PackageManifest.php:80
/var/www/html/vendor/laravel/framework/src/Illuminate/Foundation/Bootstrap/RegisterFacades.php:26
/var/www/html/vendor/orchestra/testbench-core/src/Concerns/CreatesApplication.php:556
/var/www/html/vendor/orchestra/testbench-core/src/Concerns/CreatesApplication.php:311
/var/www/html/vendor/orchestra/testbench-core/src/TestCase.php:121
/var/www/html/vendor/orchestra/testbench-core/src/Concerns/ApplicationTestingHooks.php:74
/var/www/html/vendor/orchestra/testbench-core/src/Concerns/Testing.php:43
/var/www/html/vendor/laravel/framework/src/Illuminate/Collections/helpers.php:236
/var/www/html/vendor/orchestra/sidekick/src/functions.php:87
/var/www/html/vendor/laravel/framework/src/Illuminate/Collections/helpers.php:236
/var/www/html/vendor/orchestra/testbench-core/src/Concerns/Testing.php:57
/var/www/html/vendor/orchestra/testbench-core/src/TestCase.php:50
/var/www/html/tests/TestCase.php:61</error>
        </testcase>
        <testcase name="mcp_request_processed_get_request_details_includes_all_fields" file="/var/www/html/tests/Unit/LaravelFacadeComponentsTest.php" line="286" class="JTD\LaravelMCP\Tests\Unit\LaravelFacadeComponentsTest" classname="JTD.LaravelMCP.Tests.Unit.LaravelFacadeComponentsTest" assertions="0" time="0.000000">
          <error type="Exception">JTD\LaravelMCP\Tests\Unit\LaravelFacadeComponentsTest::mcp_request_processed_get_request_details_includes_all_fields
Exception: The /var/www/html/vendor/orchestra/testbench-core/laravel/bootstrap/cache directory must be present and writable.

/var/www/html/vendor/laravel/framework/src/Illuminate/Foundation/PackageManifest.php:179
/var/www/html/vendor/orchestra/testbench-core/src/Foundation/PackageManifest.php:157
/var/www/html/vendor/laravel/framework/src/Illuminate/Foundation/PackageManifest.php:132
/var/www/html/vendor/laravel/framework/src/Illuminate/Foundation/PackageManifest.php:108
/var/www/html/vendor/orchestra/testbench-core/src/Foundation/PackageManifest.php:102
/var/www/html/vendor/laravel/framework/src/Illuminate/Foundation/PackageManifest.php:91
/var/www/html/vendor/laravel/framework/src/Illuminate/Foundation/PackageManifest.php:80
/var/www/html/vendor/laravel/framework/src/Illuminate/Foundation/Bootstrap/RegisterFacades.php:26
/var/www/html/vendor/orchestra/testbench-core/src/Concerns/CreatesApplication.php:556
/var/www/html/vendor/orchestra/testbench-core/src/Concerns/CreatesApplication.php:311
/var/www/html/vendor/orchestra/testbench-core/src/TestCase.php:121
/var/www/html/vendor/orchestra/testbench-core/src/Concerns/ApplicationTestingHooks.php:74
/var/www/html/vendor/orchestra/testbench-core/src/Concerns/Testing.php:43
/var/www/html/vendor/laravel/framework/src/Illuminate/Collections/helpers.php:236
/var/www/html/vendor/orchestra/sidekick/src/functions.php:87
/var/www/html/vendor/laravel/framework/src/Illuminate/Collections/helpers.php:236
/var/www/html/vendor/orchestra/testbench-core/src/Concerns/Testing.php:57
/var/www/html/vendor/orchestra/testbench-core/src/TestCase.php:50
/var/www/html/tests/TestCase.php:61</error>
        </testcase>
        <testcase name="mcp_request_processed_performance_metrics_includes_memory" file="/var/www/html/tests/Unit/LaravelFacadeComponentsTest.php" line="315" class="JTD\LaravelMCP\Tests\Unit\LaravelFacadeComponentsTest" classname="JTD.LaravelMCP.Tests.Unit.LaravelFacadeComponentsTest" assertions="0" time="0.000000">
          <error type="Exception">JTD\LaravelMCP\Tests\Unit\LaravelFacadeComponentsTest::mcp_request_processed_performance_metrics_includes_memory
Exception: The /var/www/html/vendor/orchestra/testbench-core/laravel/bootstrap/cache directory must be present and writable.

/var/www/html/vendor/laravel/framework/src/Illuminate/Foundation/PackageManifest.php:179
/var/www/html/vendor/orchestra/testbench-core/src/Foundation/PackageManifest.php:157
/var/www/html/vendor/laravel/framework/src/Illuminate/Foundation/PackageManifest.php:132
/var/www/html/vendor/laravel/framework/src/Illuminate/Foundation/PackageManifest.php:108
/var/www/html/vendor/orchestra/testbench-core/src/Foundation/PackageManifest.php:102
/var/www/html/vendor/laravel/framework/src/Illuminate/Foundation/PackageManifest.php:91
/var/www/html/vendor/laravel/framework/src/Illuminate/Foundation/PackageManifest.php:80
/var/www/html/vendor/laravel/framework/src/Illuminate/Foundation/Bootstrap/RegisterFacades.php:26
/var/www/html/vendor/orchestra/testbench-core/src/Concerns/CreatesApplication.php:556
/var/www/html/vendor/orchestra/testbench-core/src/Concerns/CreatesApplication.php:311
/var/www/html/vendor/orchestra/testbench-core/src/TestCase.php:121
/var/www/html/vendor/orchestra/testbench-core/src/Concerns/ApplicationTestingHooks.php:74
/var/www/html/vendor/orchestra/testbench-core/src/Concerns/Testing.php:43
/var/www/html/vendor/laravel/framework/src/Illuminate/Collections/helpers.php:236
/var/www/html/vendor/orchestra/sidekick/src/functions.php:87
/var/www/html/vendor/laravel/framework/src/Illuminate/Collections/helpers.php:236
/var/www/html/vendor/orchestra/testbench-core/src/Concerns/Testing.php:57
/var/www/html/vendor/orchestra/testbench-core/src/TestCase.php:50
/var/www/html/tests/TestCase.php:61</error>
        </testcase>
        <testcase name="mcp_manager_notifiable_fallback_logic" file="/var/www/html/tests/Unit/LaravelFacadeComponentsTest.php" line="335" class="JTD\LaravelMCP\Tests\Unit\LaravelFacadeComponentsTest" classname="JTD.LaravelMCP.Tests.Unit.LaravelFacadeComponentsTest" assertions="0" time="0.000000">
          <error type="Exception">JTD\LaravelMCP\Tests\Unit\LaravelFacadeComponentsTest::mcp_manager_notifiable_fallback_logic
Exception: The /var/www/html/vendor/orchestra/testbench-core/laravel/bootstrap/cache directory must be present and writable.

/var/www/html/vendor/laravel/framework/src/Illuminate/Foundation/PackageManifest.php:179
/var/www/html/vendor/orchestra/testbench-core/src/Foundation/PackageManifest.php:157
/var/www/html/vendor/laravel/framework/src/Illuminate/Foundation/PackageManifest.php:132
/var/www/html/vendor/laravel/framework/src/Illuminate/Foundation/PackageManifest.php:108
/var/www/html/vendor/orchestra/testbench-core/src/Foundation/PackageManifest.php:102
/var/www/html/vendor/laravel/framework/src/Illuminate/Foundation/PackageManifest.php:91
/var/www/html/vendor/laravel/framework/src/Illuminate/Foundation/PackageManifest.php:80
/var/www/html/vendor/laravel/framework/src/Illuminate/Foundation/Bootstrap/RegisterFacades.php:26
/var/www/html/vendor/orchestra/testbench-core/src/Concerns/CreatesApplication.php:556
/var/www/html/vendor/orchestra/testbench-core/src/Concerns/CreatesApplication.php:311
/var/www/html/vendor/orchestra/testbench-core/src/TestCase.php:121
/var/www/html/vendor/orchestra/testbench-core/src/Concerns/ApplicationTestingHooks.php:74
/var/www/html/vendor/orchestra/testbench-core/src/Concerns/Testing.php:43
/var/www/html/vendor/laravel/framework/src/Illuminate/Collections/helpers.php:236
/var/www/html/vendor/orchestra/sidekick/src/functions.php:87
/var/www/html/vendor/laravel/framework/src/Illuminate/Collections/helpers.php:236
/var/www/html/vendor/orchestra/testbench-core/src/Concerns/Testing.php:57
/var/www/html/vendor/orchestra/testbench-core/src/TestCase.php:50
/var/www/html/tests/TestCase.php:61</error>
        </testcase>
        <testcase name="mcp_manager_dispatches_events_conditionally" file="/var/www/html/tests/Unit/LaravelFacadeComponentsTest.php" line="355" class="JTD\LaravelMCP\Tests\Unit\LaravelFacadeComponentsTest" classname="JTD.LaravelMCP.Tests.Unit.LaravelFacadeComponentsTest" assertions="0" time="0.000000">
          <error type="Exception">JTD\LaravelMCP\Tests\Unit\LaravelFacadeComponentsTest::mcp_manager_dispatches_events_conditionally
Exception: The /var/www/html/vendor/orchestra/testbench-core/laravel/bootstrap/cache directory must be present and writable.

/var/www/html/vendor/laravel/framework/src/Illuminate/Foundation/PackageManifest.php:179
/var/www/html/vendor/orchestra/testbench-core/src/Foundation/PackageManifest.php:157
/var/www/html/vendor/laravel/framework/src/Illuminate/Foundation/PackageManifest.php:132
/var/www/html/vendor/laravel/framework/src/Illuminate/Foundation/PackageManifest.php:108
/var/www/html/vendor/orchestra/testbench-core/src/Foundation/PackageManifest.php:102
/var/www/html/vendor/laravel/framework/src/Illuminate/Foundation/PackageManifest.php:91
/var/www/html/vendor/laravel/framework/src/Illuminate/Foundation/PackageManifest.php:80
/var/www/html/vendor/laravel/framework/src/Illuminate/Foundation/Bootstrap/RegisterFacades.php:26
/var/www/html/vendor/orchestra/testbench-core/src/Concerns/CreatesApplication.php:556
/var/www/html/vendor/orchestra/testbench-core/src/Concerns/CreatesApplication.php:311
/var/www/html/vendor/orchestra/testbench-core/src/TestCase.php:121
/var/www/html/vendor/orchestra/testbench-core/src/Concerns/ApplicationTestingHooks.php:74
/var/www/html/vendor/orchestra/testbench-core/src/Concerns/Testing.php:43
/var/www/html/vendor/laravel/framework/src/Illuminate/Collections/helpers.php:236
/var/www/html/vendor/orchestra/sidekick/src/functions.php:87
/var/www/html/vendor/laravel/framework/src/Illuminate/Collections/helpers.php:236
/var/www/html/vendor/orchestra/testbench-core/src/Concerns/Testing.php:57
/var/www/html/vendor/orchestra/testbench-core/src/TestCase.php:50
/var/www/html/tests/TestCase.php:61</error>
        </testcase>
        <testcase name="process_mcp_request_cache_keys_are_formatted_correctly" file="/var/www/html/tests/Unit/LaravelFacadeComponentsTest.php" line="374" class="JTD\LaravelMCP\Tests\Unit\LaravelFacadeComponentsTest" classname="JTD.LaravelMCP.Tests.Unit.LaravelFacadeComponentsTest" assertions="0" time="0.000000">
          <error type="Exception">JTD\LaravelMCP\Tests\Unit\LaravelFacadeComponentsTest::process_mcp_request_cache_keys_are_formatted_correctly
Exception: The /var/www/html/vendor/orchestra/testbench-core/laravel/bootstrap/cache directory must be present and writable.

/var/www/html/vendor/laravel/framework/src/Illuminate/Foundation/PackageManifest.php:179
/var/www/html/vendor/orchestra/testbench-core/src/Foundation/PackageManifest.php:157
/var/www/html/vendor/laravel/framework/src/Illuminate/Foundation/PackageManifest.php:132
/var/www/html/vendor/laravel/framework/src/Illuminate/Foundation/PackageManifest.php:108
/var/www/html/vendor/orchestra/testbench-core/src/Foundation/PackageManifest.php:102
/var/www/html/vendor/laravel/framework/src/Illuminate/Foundation/PackageManifest.php:91
/var/www/html/vendor/laravel/framework/src/Illuminate/Foundation/PackageManifest.php:80
/var/www/html/vendor/laravel/framework/src/Illuminate/Foundation/Bootstrap/RegisterFacades.php:26
/var/www/html/vendor/orchestra/testbench-core/src/Concerns/CreatesApplication.php:556
/var/www/html/vendor/orchestra/testbench-core/src/Concerns/CreatesApplication.php:311
/var/www/html/vendor/orchestra/testbench-core/src/TestCase.php:121
/var/www/html/vendor/orchestra/testbench-core/src/Concerns/ApplicationTestingHooks.php:74
/var/www/html/vendor/orchestra/testbench-core/src/Concerns/Testing.php:43
/var/www/html/vendor/laravel/framework/src/Illuminate/Collections/helpers.php:236
/var/www/html/vendor/orchestra/sidekick/src/functions.php:87
/var/www/html/vendor/laravel/framework/src/Illuminate/Collections/helpers.php:236
/var/www/html/vendor/orchestra/testbench-core/src/Concerns/Testing.php:57
/var/www/html/vendor/orchestra/testbench-core/src/TestCase.php:50
/var/www/html/tests/TestCase.php:61</error>
        </testcase>
      </testsuite>
      <testsuite name="JTD\LaravelMCP\Tests\Unit\LaravelMcpServiceProviderTest" file="/var/www/html/tests/Unit/LaravelMcpServiceProviderTest.php" tests="39" assertions="0" errors="39" failures="0" skipped="0" time="0.000000">
        <testcase name="it_registers_all_singleton_services" file="/var/www/html/tests/Unit/LaravelMcpServiceProviderTest.php" line="61" class="JTD\LaravelMCP\Tests\Unit\LaravelMcpServiceProviderTest" classname="JTD.LaravelMCP.Tests.Unit.LaravelMcpServiceProviderTest" assertions="0" time="0.000000">
          <error type="Exception">JTD\LaravelMCP\Tests\Unit\LaravelMcpServiceProviderTest::it_registers_all_singleton_services
Exception: The /var/www/html/vendor/orchestra/testbench-core/laravel/bootstrap/cache directory must be present and writable.

/var/www/html/vendor/laravel/framework/src/Illuminate/Foundation/PackageManifest.php:179
/var/www/html/vendor/orchestra/testbench-core/src/Foundation/PackageManifest.php:157
/var/www/html/vendor/laravel/framework/src/Illuminate/Foundation/PackageManifest.php:132
/var/www/html/vendor/laravel/framework/src/Illuminate/Foundation/PackageManifest.php:108
/var/www/html/vendor/orchestra/testbench-core/src/Foundation/PackageManifest.php:102
/var/www/html/vendor/laravel/framework/src/Illuminate/Foundation/PackageManifest.php:91
/var/www/html/vendor/laravel/framework/src/Illuminate/Foundation/PackageManifest.php:80
/var/www/html/vendor/laravel/framework/src/Illuminate/Foundation/Bootstrap/RegisterFacades.php:26
/var/www/html/vendor/orchestra/testbench-core/src/Concerns/CreatesApplication.php:556
/var/www/html/vendor/orchestra/testbench-core/src/Concerns/CreatesApplication.php:311
/var/www/html/vendor/orchestra/testbench-core/src/TestCase.php:121
/var/www/html/vendor/orchestra/testbench-core/src/Concerns/ApplicationTestingHooks.php:74
/var/www/html/vendor/orchestra/testbench-core/src/Concerns/Testing.php:43
/var/www/html/vendor/laravel/framework/src/Illuminate/Collections/helpers.php:236
/var/www/html/vendor/orchestra/sidekick/src/functions.php:87
/var/www/html/vendor/laravel/framework/src/Illuminate/Collections/helpers.php:236
/var/www/html/vendor/orchestra/testbench-core/src/Concerns/Testing.php:57
/var/www/html/vendor/orchestra/testbench-core/src/TestCase.php:50
/var/www/html/tests/TestCase.php:61
/var/www/html/tests/Unit/LaravelMcpServiceProviderTest.php:53</error>
        </testcase>
        <testcase name="it_ensures_singletons_return_same_instance" file="/var/www/html/tests/Unit/LaravelMcpServiceProviderTest.php" line="88" class="JTD\LaravelMCP\Tests\Unit\LaravelMcpServiceProviderTest" classname="JTD.LaravelMCP.Tests.Unit.LaravelMcpServiceProviderTest" assertions="0" time="0.000000">
          <error type="Exception">JTD\LaravelMCP\Tests\Unit\LaravelMcpServiceProviderTest::it_ensures_singletons_return_same_instance
Exception: The /var/www/html/vendor/orchestra/testbench-core/laravel/bootstrap/cache directory must be present and writable.

/var/www/html/vendor/laravel/framework/src/Illuminate/Foundation/PackageManifest.php:179
/var/www/html/vendor/orchestra/testbench-core/src/Foundation/PackageManifest.php:157
/var/www/html/vendor/laravel/framework/src/Illuminate/Foundation/PackageManifest.php:132
/var/www/html/vendor/laravel/framework/src/Illuminate/Foundation/PackageManifest.php:108
/var/www/html/vendor/orchestra/testbench-core/src/Foundation/PackageManifest.php:102
/var/www/html/vendor/laravel/framework/src/Illuminate/Foundation/PackageManifest.php:91
/var/www/html/vendor/laravel/framework/src/Illuminate/Foundation/PackageManifest.php:80
/var/www/html/vendor/laravel/framework/src/Illuminate/Foundation/Bootstrap/RegisterFacades.php:26
/var/www/html/vendor/orchestra/testbench-core/src/Concerns/CreatesApplication.php:556
/var/www/html/vendor/orchestra/testbench-core/src/Concerns/CreatesApplication.php:311
/var/www/html/vendor/orchestra/testbench-core/src/TestCase.php:121
/var/www/html/vendor/orchestra/testbench-core/src/Concerns/ApplicationTestingHooks.php:74
/var/www/html/vendor/orchestra/testbench-core/src/Concerns/Testing.php:43
/var/www/html/vendor/laravel/framework/src/Illuminate/Collections/helpers.php:236
/var/www/html/vendor/orchestra/sidekick/src/functions.php:87
/var/www/html/vendor/laravel/framework/src/Illuminate/Collections/helpers.php:236
/var/www/html/vendor/orchestra/testbench-core/src/Concerns/Testing.php:57
/var/www/html/vendor/orchestra/testbench-core/src/TestCase.php:50
/var/www/html/tests/TestCase.php:61
/var/www/html/tests/Unit/LaravelMcpServiceProviderTest.php:53</error>
        </testcase>
        <testcase name="it_registers_transport_implementations" file="/var/www/html/tests/Unit/LaravelMcpServiceProviderTest.php" line="118" class="JTD\LaravelMCP\Tests\Unit\LaravelMcpServiceProviderTest" classname="JTD.LaravelMCP.Tests.Unit.LaravelMcpServiceProviderTest" assertions="0" time="0.000000">
          <error type="Exception">JTD\LaravelMCP\Tests\Unit\LaravelMcpServiceProviderTest::it_registers_transport_implementations
Exception: The /var/www/html/vendor/orchestra/testbench-core/laravel/bootstrap/cache directory must be present and writable.

/var/www/html/vendor/laravel/framework/src/Illuminate/Foundation/PackageManifest.php:179
/var/www/html/vendor/orchestra/testbench-core/src/Foundation/PackageManifest.php:157
/var/www/html/vendor/laravel/framework/src/Illuminate/Foundation/PackageManifest.php:132
/var/www/html/vendor/laravel/framework/src/Illuminate/Foundation/PackageManifest.php:108
/var/www/html/vendor/orchestra/testbench-core/src/Foundation/PackageManifest.php:102
/var/www/html/vendor/laravel/framework/src/Illuminate/Foundation/PackageManifest.php:91
/var/www/html/vendor/laravel/framework/src/Illuminate/Foundation/PackageManifest.php:80
/var/www/html/vendor/laravel/framework/src/Illuminate/Foundation/Bootstrap/RegisterFacades.php:26
/var/www/html/vendor/orchestra/testbench-core/src/Concerns/CreatesApplication.php:556
/var/www/html/vendor/orchestra/testbench-core/src/Concerns/CreatesApplication.php:311
/var/www/html/vendor/orchestra/testbench-core/src/TestCase.php:121
/var/www/html/vendor/orchestra/testbench-core/src/Concerns/ApplicationTestingHooks.php:74
/var/www/html/vendor/orchestra/testbench-core/src/Concerns/Testing.php:43
/var/www/html/vendor/laravel/framework/src/Illuminate/Collections/helpers.php:236
/var/www/html/vendor/orchestra/sidekick/src/functions.php:87
/var/www/html/vendor/laravel/framework/src/Illuminate/Collections/helpers.php:236
/var/www/html/vendor/orchestra/testbench-core/src/Concerns/Testing.php:57
/var/www/html/vendor/orchestra/testbench-core/src/TestCase.php:50
/var/www/html/tests/TestCase.php:61
/var/www/html/tests/Unit/LaravelMcpServiceProviderTest.php:53</error>
        </testcase>
        <testcase name="it_binds_interfaces_to_implementations" file="/var/www/html/tests/Unit/LaravelMcpServiceProviderTest.php" line="139" class="JTD\LaravelMCP\Tests\Unit\LaravelMcpServiceProviderTest" classname="JTD.LaravelMCP.Tests.Unit.LaravelMcpServiceProviderTest" assertions="0" time="0.000000">
          <error type="Exception">JTD\LaravelMCP\Tests\Unit\LaravelMcpServiceProviderTest::it_binds_interfaces_to_implementations
Exception: The /var/www/html/vendor/orchestra/testbench-core/laravel/bootstrap/cache directory must be present and writable.

/var/www/html/vendor/laravel/framework/src/Illuminate/Foundation/PackageManifest.php:179
/var/www/html/vendor/orchestra/testbench-core/src/Foundation/PackageManifest.php:157
/var/www/html/vendor/laravel/framework/src/Illuminate/Foundation/PackageManifest.php:132
/var/www/html/vendor/laravel/framework/src/Illuminate/Foundation/PackageManifest.php:108
/var/www/html/vendor/orchestra/testbench-core/src/Foundation/PackageManifest.php:102
/var/www/html/vendor/laravel/framework/src/Illuminate/Foundation/PackageManifest.php:91
/var/www/html/vendor/laravel/framework/src/Illuminate/Foundation/PackageManifest.php:80
/var/www/html/vendor/laravel/framework/src/Illuminate/Foundation/Bootstrap/RegisterFacades.php:26
/var/www/html/vendor/orchestra/testbench-core/src/Concerns/CreatesApplication.php:556
/var/www/html/vendor/orchestra/testbench-core/src/Concerns/CreatesApplication.php:311
/var/www/html/vendor/orchestra/testbench-core/src/TestCase.php:121
/var/www/html/vendor/orchestra/testbench-core/src/Concerns/ApplicationTestingHooks.php:74
/var/www/html/vendor/orchestra/testbench-core/src/Concerns/Testing.php:43
/var/www/html/vendor/laravel/framework/src/Illuminate/Collections/helpers.php:236
/var/www/html/vendor/orchestra/sidekick/src/functions.php:87
/var/www/html/vendor/laravel/framework/src/Illuminate/Collections/helpers.php:236
/var/www/html/vendor/orchestra/testbench-core/src/Concerns/Testing.php:57
/var/www/html/vendor/orchestra/testbench-core/src/TestCase.php:50
/var/www/html/tests/TestCase.php:61
/var/www/html/tests/Unit/LaravelMcpServiceProviderTest.php:53</error>
        </testcase>
        <testcase name="it_binds_transport_interface_to_default_transport" file="/var/www/html/tests/Unit/LaravelMcpServiceProviderTest.php" line="160" class="JTD\LaravelMCP\Tests\Unit\LaravelMcpServiceProviderTest" classname="JTD.LaravelMCP.Tests.Unit.LaravelMcpServiceProviderTest" assertions="0" time="0.000000">
          <error type="Exception">JTD\LaravelMCP\Tests\Unit\LaravelMcpServiceProviderTest::it_binds_transport_interface_to_default_transport
Exception: The /var/www/html/vendor/orchestra/testbench-core/laravel/bootstrap/cache directory must be present and writable.

/var/www/html/vendor/laravel/framework/src/Illuminate/Foundation/PackageManifest.php:179
/var/www/html/vendor/orchestra/testbench-core/src/Foundation/PackageManifest.php:157
/var/www/html/vendor/laravel/framework/src/Illuminate/Foundation/PackageManifest.php:132
/var/www/html/vendor/laravel/framework/src/Illuminate/Foundation/PackageManifest.php:108
/var/www/html/vendor/orchestra/testbench-core/src/Foundation/PackageManifest.php:102
/var/www/html/vendor/laravel/framework/src/Illuminate/Foundation/PackageManifest.php:91
/var/www/html/vendor/laravel/framework/src/Illuminate/Foundation/PackageManifest.php:80
/var/www/html/vendor/laravel/framework/src/Illuminate/Foundation/Bootstrap/RegisterFacades.php:26
/var/www/html/vendor/orchestra/testbench-core/src/Concerns/CreatesApplication.php:556
/var/www/html/vendor/orchestra/testbench-core/src/Concerns/CreatesApplication.php:311
/var/www/html/vendor/orchestra/testbench-core/src/TestCase.php:121
/var/www/html/vendor/orchestra/testbench-core/src/Concerns/ApplicationTestingHooks.php:74
/var/www/html/vendor/orchestra/testbench-core/src/Concerns/Testing.php:43
/var/www/html/vendor/laravel/framework/src/Illuminate/Collections/helpers.php:236
/var/www/html/vendor/orchestra/sidekick/src/functions.php:87
/var/www/html/vendor/laravel/framework/src/Illuminate/Collections/helpers.php:236
/var/www/html/vendor/orchestra/testbench-core/src/Concerns/Testing.php:57
/var/www/html/vendor/orchestra/testbench-core/src/TestCase.php:50
/var/www/html/tests/TestCase.php:61
/var/www/html/tests/Unit/LaravelMcpServiceProviderTest.php:53</error>
        </testcase>
        <testcase name="it_merges_laravel_mcp_configuration" file="/var/www/html/tests/Unit/LaravelMcpServiceProviderTest.php" line="181" class="JTD\LaravelMCP\Tests\Unit\LaravelMcpServiceProviderTest" classname="JTD.LaravelMCP.Tests.Unit.LaravelMcpServiceProviderTest" assertions="0" time="0.000000">
          <error type="Exception">JTD\LaravelMCP\Tests\Unit\LaravelMcpServiceProviderTest::it_merges_laravel_mcp_configuration
Exception: The /var/www/html/vendor/orchestra/testbench-core/laravel/bootstrap/cache directory must be present and writable.

/var/www/html/vendor/laravel/framework/src/Illuminate/Foundation/PackageManifest.php:179
/var/www/html/vendor/orchestra/testbench-core/src/Foundation/PackageManifest.php:157
/var/www/html/vendor/laravel/framework/src/Illuminate/Foundation/PackageManifest.php:132
/var/www/html/vendor/laravel/framework/src/Illuminate/Foundation/PackageManifest.php:108
/var/www/html/vendor/orchestra/testbench-core/src/Foundation/PackageManifest.php:102
/var/www/html/vendor/laravel/framework/src/Illuminate/Foundation/PackageManifest.php:91
/var/www/html/vendor/laravel/framework/src/Illuminate/Foundation/PackageManifest.php:80
/var/www/html/vendor/laravel/framework/src/Illuminate/Foundation/Bootstrap/RegisterFacades.php:26
/var/www/html/vendor/orchestra/testbench-core/src/Concerns/CreatesApplication.php:556
/var/www/html/vendor/orchestra/testbench-core/src/Concerns/CreatesApplication.php:311
/var/www/html/vendor/orchestra/testbench-core/src/TestCase.php:121
/var/www/html/vendor/orchestra/testbench-core/src/Concerns/ApplicationTestingHooks.php:74
/var/www/html/vendor/orchestra/testbench-core/src/Concerns/Testing.php:43
/var/www/html/vendor/laravel/framework/src/Illuminate/Collections/helpers.php:236
/var/www/html/vendor/orchestra/sidekick/src/functions.php:87
/var/www/html/vendor/laravel/framework/src/Illuminate/Collections/helpers.php:236
/var/www/html/vendor/orchestra/testbench-core/src/Concerns/Testing.php:57
/var/www/html/vendor/orchestra/testbench-core/src/TestCase.php:50
/var/www/html/tests/TestCase.php:61
/var/www/html/tests/Unit/LaravelMcpServiceProviderTest.php:53</error>
        </testcase>
        <testcase name="it_merges_mcp_transports_configuration" file="/var/www/html/tests/Unit/LaravelMcpServiceProviderTest.php" line="202" class="JTD\LaravelMCP\Tests\Unit\LaravelMcpServiceProviderTest" classname="JTD.LaravelMCP.Tests.Unit.LaravelMcpServiceProviderTest" assertions="0" time="0.000000">
          <error type="Exception">JTD\LaravelMCP\Tests\Unit\LaravelMcpServiceProviderTest::it_merges_mcp_transports_configuration
Exception: The /var/www/html/vendor/orchestra/testbench-core/laravel/bootstrap/cache directory must be present and writable.

/var/www/html/vendor/laravel/framework/src/Illuminate/Foundation/PackageManifest.php:179
/var/www/html/vendor/orchestra/testbench-core/src/Foundation/PackageManifest.php:157
/var/www/html/vendor/laravel/framework/src/Illuminate/Foundation/PackageManifest.php:132
/var/www/html/vendor/laravel/framework/src/Illuminate/Foundation/PackageManifest.php:108
/var/www/html/vendor/orchestra/testbench-core/src/Foundation/PackageManifest.php:102
/var/www/html/vendor/laravel/framework/src/Illuminate/Foundation/PackageManifest.php:91
/var/www/html/vendor/laravel/framework/src/Illuminate/Foundation/PackageManifest.php:80
/var/www/html/vendor/laravel/framework/src/Illuminate/Foundation/Bootstrap/RegisterFacades.php:26
/var/www/html/vendor/orchestra/testbench-core/src/Concerns/CreatesApplication.php:556
/var/www/html/vendor/orchestra/testbench-core/src/Concerns/CreatesApplication.php:311
/var/www/html/vendor/orchestra/testbench-core/src/TestCase.php:121
/var/www/html/vendor/orchestra/testbench-core/src/Concerns/ApplicationTestingHooks.php:74
/var/www/html/vendor/orchestra/testbench-core/src/Concerns/Testing.php:43
/var/www/html/vendor/laravel/framework/src/Illuminate/Collections/helpers.php:236
/var/www/html/vendor/orchestra/sidekick/src/functions.php:87
/var/www/html/vendor/laravel/framework/src/Illuminate/Collections/helpers.php:236
/var/www/html/vendor/orchestra/testbench-core/src/Concerns/Testing.php:57
/var/www/html/vendor/orchestra/testbench-core/src/TestCase.php:50
/var/www/html/tests/TestCase.php:61
/var/www/html/tests/Unit/LaravelMcpServiceProviderTest.php:53</error>
        </testcase>
        <testcase name="it_allows_custom_configuration_to_override_defaults" file="/var/www/html/tests/Unit/LaravelMcpServiceProviderTest.php" line="219" class="JTD\LaravelMCP\Tests\Unit\LaravelMcpServiceProviderTest" classname="JTD.LaravelMCP.Tests.Unit.LaravelMcpServiceProviderTest" assertions="0" time="0.000000">
          <error type="Exception">JTD\LaravelMCP\Tests\Unit\LaravelMcpServiceProviderTest::it_allows_custom_configuration_to_override_defaults
Exception: The /var/www/html/vendor/orchestra/testbench-core/laravel/bootstrap/cache directory must be present and writable.

/var/www/html/vendor/laravel/framework/src/Illuminate/Foundation/PackageManifest.php:179
/var/www/html/vendor/orchestra/testbench-core/src/Foundation/PackageManifest.php:157
/var/www/html/vendor/laravel/framework/src/Illuminate/Foundation/PackageManifest.php:132
/var/www/html/vendor/laravel/framework/src/Illuminate/Foundation/PackageManifest.php:108
/var/www/html/vendor/orchestra/testbench-core/src/Foundation/PackageManifest.php:102
/var/www/html/vendor/laravel/framework/src/Illuminate/Foundation/PackageManifest.php:91
/var/www/html/vendor/laravel/framework/src/Illuminate/Foundation/PackageManifest.php:80
/var/www/html/vendor/laravel/framework/src/Illuminate/Foundation/Bootstrap/RegisterFacades.php:26
/var/www/html/vendor/orchestra/testbench-core/src/Concerns/CreatesApplication.php:556
/var/www/html/vendor/orchestra/testbench-core/src/Concerns/CreatesApplication.php:311
/var/www/html/vendor/orchestra/testbench-core/src/TestCase.php:121
/var/www/html/vendor/orchestra/testbench-core/src/Concerns/ApplicationTestingHooks.php:74
/var/www/html/vendor/orchestra/testbench-core/src/Concerns/Testing.php:43
/var/www/html/vendor/laravel/framework/src/Illuminate/Collections/helpers.php:236
/var/www/html/vendor/orchestra/sidekick/src/functions.php:87
/var/www/html/vendor/laravel/framework/src/Illuminate/Collections/helpers.php:236
/var/www/html/vendor/orchestra/testbench-core/src/Concerns/Testing.php:57
/var/www/html/vendor/orchestra/testbench-core/src/TestCase.php:50
/var/www/html/tests/TestCase.php:61
/var/www/html/tests/Unit/LaravelMcpServiceProviderTest.php:53</error>
        </testcase>
        <testcase name="it_validates_dependencies_successfully_when_met" file="/var/www/html/tests/Unit/LaravelMcpServiceProviderTest.php" line="241" class="JTD\LaravelMCP\Tests\Unit\LaravelMcpServiceProviderTest" classname="JTD.LaravelMCP.Tests.Unit.LaravelMcpServiceProviderTest" assertions="0" time="0.000000">
          <error type="Exception">JTD\LaravelMCP\Tests\Unit\LaravelMcpServiceProviderTest::it_validates_dependencies_successfully_when_met
Exception: The /var/www/html/vendor/orchestra/testbench-core/laravel/bootstrap/cache directory must be present and writable.

/var/www/html/vendor/laravel/framework/src/Illuminate/Foundation/PackageManifest.php:179
/var/www/html/vendor/orchestra/testbench-core/src/Foundation/PackageManifest.php:157
/var/www/html/vendor/laravel/framework/src/Illuminate/Foundation/PackageManifest.php:132
/var/www/html/vendor/laravel/framework/src/Illuminate/Foundation/PackageManifest.php:108
/var/www/html/vendor/orchestra/testbench-core/src/Foundation/PackageManifest.php:102
/var/www/html/vendor/laravel/framework/src/Illuminate/Foundation/PackageManifest.php:91
/var/www/html/vendor/laravel/framework/src/Illuminate/Foundation/PackageManifest.php:80
/var/www/html/vendor/laravel/framework/src/Illuminate/Foundation/Bootstrap/RegisterFacades.php:26
/var/www/html/vendor/orchestra/testbench-core/src/Concerns/CreatesApplication.php:556
/var/www/html/vendor/orchestra/testbench-core/src/Concerns/CreatesApplication.php:311
/var/www/html/vendor/orchestra/testbench-core/src/TestCase.php:121
/var/www/html/vendor/orchestra/testbench-core/src/Concerns/ApplicationTestingHooks.php:74
/var/www/html/vendor/orchestra/testbench-core/src/Concerns/Testing.php:43
/var/www/html/vendor/laravel/framework/src/Illuminate/Collections/helpers.php:236
/var/www/html/vendor/orchestra/sidekick/src/functions.php:87
/var/www/html/vendor/laravel/framework/src/Illuminate/Collections/helpers.php:236
/var/www/html/vendor/orchestra/testbench-core/src/Concerns/Testing.php:57
/var/www/html/vendor/orchestra/testbench-core/src/TestCase.php:50
/var/www/html/tests/TestCase.php:61
/var/www/html/tests/Unit/LaravelMcpServiceProviderTest.php:53</error>
        </testcase>
        <testcase name="it_throws_exception_when_required_dependencies_are_missing" file="/var/www/html/tests/Unit/LaravelMcpServiceProviderTest.php" line="254" class="JTD\LaravelMCP\Tests\Unit\LaravelMcpServiceProviderTest" classname="JTD.LaravelMCP.Tests.Unit.LaravelMcpServiceProviderTest" assertions="0" time="0.000000">
          <error type="Exception">JTD\LaravelMCP\Tests\Unit\LaravelMcpServiceProviderTest::it_throws_exception_when_required_dependencies_are_missing
Exception: The /var/www/html/vendor/orchestra/testbench-core/laravel/bootstrap/cache directory must be present and writable.

/var/www/html/vendor/laravel/framework/src/Illuminate/Foundation/PackageManifest.php:179
/var/www/html/vendor/orchestra/testbench-core/src/Foundation/PackageManifest.php:157
/var/www/html/vendor/laravel/framework/src/Illuminate/Foundation/PackageManifest.php:132
/var/www/html/vendor/laravel/framework/src/Illuminate/Foundation/PackageManifest.php:108
/var/www/html/vendor/orchestra/testbench-core/src/Foundation/PackageManifest.php:102
/var/www/html/vendor/laravel/framework/src/Illuminate/Foundation/PackageManifest.php:91
/var/www/html/vendor/laravel/framework/src/Illuminate/Foundation/PackageManifest.php:80
/var/www/html/vendor/laravel/framework/src/Illuminate/Foundation/Bootstrap/RegisterFacades.php:26
/var/www/html/vendor/orchestra/testbench-core/src/Concerns/CreatesApplication.php:556
/var/www/html/vendor/orchestra/testbench-core/src/Concerns/CreatesApplication.php:311
/var/www/html/vendor/orchestra/testbench-core/src/TestCase.php:121
/var/www/html/vendor/orchestra/testbench-core/src/Concerns/ApplicationTestingHooks.php:74
/var/www/html/vendor/orchestra/testbench-core/src/Concerns/Testing.php:43
/var/www/html/vendor/laravel/framework/src/Illuminate/Collections/helpers.php:236
/var/www/html/vendor/orchestra/sidekick/src/functions.php:87
/var/www/html/vendor/laravel/framework/src/Illuminate/Collections/helpers.php:236
/var/www/html/vendor/orchestra/testbench-core/src/Concerns/Testing.php:57
/var/www/html/vendor/orchestra/testbench-core/src/TestCase.php:50
/var/www/html/tests/TestCase.php:61
/var/www/html/tests/Unit/LaravelMcpServiceProviderTest.php:53</error>
        </testcase>
        <testcase name="it_detects_console_environment" file="/var/www/html/tests/Unit/LaravelMcpServiceProviderTest.php" line="282" class="JTD\LaravelMCP\Tests\Unit\LaravelMcpServiceProviderTest" classname="JTD.LaravelMCP.Tests.Unit.LaravelMcpServiceProviderTest" assertions="0" time="0.000000">
          <error type="Exception">JTD\LaravelMCP\Tests\Unit\LaravelMcpServiceProviderTest::it_detects_console_environment
Exception: The /var/www/html/vendor/orchestra/testbench-core/laravel/bootstrap/cache directory must be present and writable.

/var/www/html/vendor/laravel/framework/src/Illuminate/Foundation/PackageManifest.php:179
/var/www/html/vendor/orchestra/testbench-core/src/Foundation/PackageManifest.php:157
/var/www/html/vendor/laravel/framework/src/Illuminate/Foundation/PackageManifest.php:132
/var/www/html/vendor/laravel/framework/src/Illuminate/Foundation/PackageManifest.php:108
/var/www/html/vendor/orchestra/testbench-core/src/Foundation/PackageManifest.php:102
/var/www/html/vendor/laravel/framework/src/Illuminate/Foundation/PackageManifest.php:91
/var/www/html/vendor/laravel/framework/src/Illuminate/Foundation/PackageManifest.php:80
/var/www/html/vendor/laravel/framework/src/Illuminate/Foundation/Bootstrap/RegisterFacades.php:26
/var/www/html/vendor/orchestra/testbench-core/src/Concerns/CreatesApplication.php:556
/var/www/html/vendor/orchestra/testbench-core/src/Concerns/CreatesApplication.php:311
/var/www/html/vendor/orchestra/testbench-core/src/TestCase.php:121
/var/www/html/vendor/orchestra/testbench-core/src/Concerns/ApplicationTestingHooks.php:74
/var/www/html/vendor/orchestra/testbench-core/src/Concerns/Testing.php:43
/var/www/html/vendor/laravel/framework/src/Illuminate/Collections/helpers.php:236
/var/www/html/vendor/orchestra/sidekick/src/functions.php:87
/var/www/html/vendor/laravel/framework/src/Illuminate/Collections/helpers.php:236
/var/www/html/vendor/orchestra/testbench-core/src/Concerns/Testing.php:57
/var/www/html/vendor/orchestra/testbench-core/src/TestCase.php:50
/var/www/html/tests/TestCase.php:61
/var/www/html/tests/Unit/LaravelMcpServiceProviderTest.php:53</error>
        </testcase>
        <testcase name="it_detects_testing_environment" file="/var/www/html/tests/Unit/LaravelMcpServiceProviderTest.php" line="306" class="JTD\LaravelMCP\Tests\Unit\LaravelMcpServiceProviderTest" classname="JTD.LaravelMCP.Tests.Unit.LaravelMcpServiceProviderTest" assertions="0" time="0.000000">
          <error type="Exception">JTD\LaravelMCP\Tests\Unit\LaravelMcpServiceProviderTest::it_detects_testing_environment
Exception: The /var/www/html/vendor/orchestra/testbench-core/laravel/bootstrap/cache directory must be present and writable.

/var/www/html/vendor/laravel/framework/src/Illuminate/Foundation/PackageManifest.php:179
/var/www/html/vendor/orchestra/testbench-core/src/Foundation/PackageManifest.php:157
/var/www/html/vendor/laravel/framework/src/Illuminate/Foundation/PackageManifest.php:132
/var/www/html/vendor/laravel/framework/src/Illuminate/Foundation/PackageManifest.php:108
/var/www/html/vendor/orchestra/testbench-core/src/Foundation/PackageManifest.php:102
/var/www/html/vendor/laravel/framework/src/Illuminate/Foundation/PackageManifest.php:91
/var/www/html/vendor/laravel/framework/src/Illuminate/Foundation/PackageManifest.php:80
/var/www/html/vendor/laravel/framework/src/Illuminate/Foundation/Bootstrap/RegisterFacades.php:26
/var/www/html/vendor/orchestra/testbench-core/src/Concerns/CreatesApplication.php:556
/var/www/html/vendor/orchestra/testbench-core/src/Concerns/CreatesApplication.php:311
/var/www/html/vendor/orchestra/testbench-core/src/TestCase.php:121
/var/www/html/vendor/orchestra/testbench-core/src/Concerns/ApplicationTestingHooks.php:74
/var/www/html/vendor/orchestra/testbench-core/src/Concerns/Testing.php:43
/var/www/html/vendor/laravel/framework/src/Illuminate/Collections/helpers.php:236
/var/www/html/vendor/orchestra/sidekick/src/functions.php:87
/var/www/html/vendor/laravel/framework/src/Illuminate/Collections/helpers.php:236
/var/www/html/vendor/orchestra/testbench-core/src/Concerns/Testing.php:57
/var/www/html/vendor/orchestra/testbench-core/src/TestCase.php:50
/var/www/html/tests/TestCase.php:61
/var/www/html/tests/Unit/LaravelMcpServiceProviderTest.php:53</error>
        </testcase>
        <testcase name="it_detects_web_environment" file="/var/www/html/tests/Unit/LaravelMcpServiceProviderTest.php" line="330" class="JTD\LaravelMCP\Tests\Unit\LaravelMcpServiceProviderTest" classname="JTD.LaravelMCP.Tests.Unit.LaravelMcpServiceProviderTest" assertions="0" time="0.000000">
          <error type="Exception">JTD\LaravelMCP\Tests\Unit\LaravelMcpServiceProviderTest::it_detects_web_environment
Exception: The /var/www/html/vendor/orchestra/testbench-core/laravel/bootstrap/cache directory must be present and writable.

/var/www/html/vendor/laravel/framework/src/Illuminate/Foundation/PackageManifest.php:179
/var/www/html/vendor/orchestra/testbench-core/src/Foundation/PackageManifest.php:157
/var/www/html/vendor/laravel/framework/src/Illuminate/Foundation/PackageManifest.php:132
/var/www/html/vendor/laravel/framework/src/Illuminate/Foundation/PackageManifest.php:108
/var/www/html/vendor/orchestra/testbench-core/src/Foundation/PackageManifest.php:102
/var/www/html/vendor/laravel/framework/src/Illuminate/Foundation/PackageManifest.php:91
/var/www/html/vendor/laravel/framework/src/Illuminate/Foundation/PackageManifest.php:80
/var/www/html/vendor/laravel/framework/src/Illuminate/Foundation/Bootstrap/RegisterFacades.php:26
/var/www/html/vendor/orchestra/testbench-core/src/Concerns/CreatesApplication.php:556
/var/www/html/vendor/orchestra/testbench-core/src/Concerns/CreatesApplication.php:311
/var/www/html/vendor/orchestra/testbench-core/src/TestCase.php:121
/var/www/html/vendor/orchestra/testbench-core/src/Concerns/ApplicationTestingHooks.php:74
/var/www/html/vendor/orchestra/testbench-core/src/Concerns/Testing.php:43
/var/www/html/vendor/laravel/framework/src/Illuminate/Collections/helpers.php:236
/var/www/html/vendor/orchestra/sidekick/src/functions.php:87
/var/www/html/vendor/laravel/framework/src/Illuminate/Collections/helpers.php:236
/var/www/html/vendor/orchestra/testbench-core/src/Concerns/Testing.php:57
/var/www/html/vendor/orchestra/testbench-core/src/TestCase.php:50
/var/www/html/tests/TestCase.php:61
/var/www/html/tests/Unit/LaravelMcpServiceProviderTest.php:53</error>
        </testcase>
        <testcase name="it_skips_discovery_when_disabled" file="/var/www/html/tests/Unit/LaravelMcpServiceProviderTest.php" line="354" class="JTD\LaravelMCP\Tests\Unit\LaravelMcpServiceProviderTest" classname="JTD.LaravelMCP.Tests.Unit.LaravelMcpServiceProviderTest" assertions="0" time="0.000000">
          <error type="Exception">JTD\LaravelMCP\Tests\Unit\LaravelMcpServiceProviderTest::it_skips_discovery_when_disabled
Exception: The /var/www/html/vendor/orchestra/testbench-core/laravel/bootstrap/cache directory must be present and writable.

/var/www/html/vendor/laravel/framework/src/Illuminate/Foundation/PackageManifest.php:179
/var/www/html/vendor/orchestra/testbench-core/src/Foundation/PackageManifest.php:157
/var/www/html/vendor/laravel/framework/src/Illuminate/Foundation/PackageManifest.php:132
/var/www/html/vendor/laravel/framework/src/Illuminate/Foundation/PackageManifest.php:108
/var/www/html/vendor/orchestra/testbench-core/src/Foundation/PackageManifest.php:102
/var/www/html/vendor/laravel/framework/src/Illuminate/Foundation/PackageManifest.php:91
/var/www/html/vendor/laravel/framework/src/Illuminate/Foundation/PackageManifest.php:80
/var/www/html/vendor/laravel/framework/src/Illuminate/Foundation/Bootstrap/RegisterFacades.php:26
/var/www/html/vendor/orchestra/testbench-core/src/Concerns/CreatesApplication.php:556
/var/www/html/vendor/orchestra/testbench-core/src/Concerns/CreatesApplication.php:311
/var/www/html/vendor/orchestra/testbench-core/src/TestCase.php:121
/var/www/html/vendor/orchestra/testbench-core/src/Concerns/ApplicationTestingHooks.php:74
/var/www/html/vendor/orchestra/testbench-core/src/Concerns/Testing.php:43
/var/www/html/vendor/laravel/framework/src/Illuminate/Collections/helpers.php:236
/var/www/html/vendor/orchestra/sidekick/src/functions.php:87
/var/www/html/vendor/laravel/framework/src/Illuminate/Collections/helpers.php:236
/var/www/html/vendor/orchestra/testbench-core/src/Concerns/Testing.php:57
/var/www/html/vendor/orchestra/testbench-core/src/TestCase.php:50
/var/www/html/tests/TestCase.php:61
/var/www/html/tests/Unit/LaravelMcpServiceProviderTest.php:53</error>
        </testcase>
        <testcase name="it_runs_discovery_when_enabled" file="/var/www/html/tests/Unit/LaravelMcpServiceProviderTest.php" line="376" class="JTD\LaravelMCP\Tests\Unit\LaravelMcpServiceProviderTest" classname="JTD.LaravelMCP.Tests.Unit.LaravelMcpServiceProviderTest" assertions="0" time="0.000000">
          <error type="Exception">JTD\LaravelMCP\Tests\Unit\LaravelMcpServiceProviderTest::it_runs_discovery_when_enabled
Exception: The /var/www/html/vendor/orchestra/testbench-core/laravel/bootstrap/cache directory must be present and writable.

/var/www/html/vendor/laravel/framework/src/Illuminate/Foundation/PackageManifest.php:179
/var/www/html/vendor/orchestra/testbench-core/src/Foundation/PackageManifest.php:157
/var/www/html/vendor/laravel/framework/src/Illuminate/Foundation/PackageManifest.php:132
/var/www/html/vendor/laravel/framework/src/Illuminate/Foundation/PackageManifest.php:108
/var/www/html/vendor/orchestra/testbench-core/src/Foundation/PackageManifest.php:102
/var/www/html/vendor/laravel/framework/src/Illuminate/Foundation/PackageManifest.php:91
/var/www/html/vendor/laravel/framework/src/Illuminate/Foundation/PackageManifest.php:80
/var/www/html/vendor/laravel/framework/src/Illuminate/Foundation/Bootstrap/RegisterFacades.php:26
/var/www/html/vendor/orchestra/testbench-core/src/Concerns/CreatesApplication.php:556
/var/www/html/vendor/orchestra/testbench-core/src/Concerns/CreatesApplication.php:311
/var/www/html/vendor/orchestra/testbench-core/src/TestCase.php:121
/var/www/html/vendor/orchestra/testbench-core/src/Concerns/ApplicationTestingHooks.php:74
/var/www/html/vendor/orchestra/testbench-core/src/Concerns/Testing.php:43
/var/www/html/vendor/laravel/framework/src/Illuminate/Collections/helpers.php:236
/var/www/html/vendor/orchestra/sidekick/src/functions.php:87
/var/www/html/vendor/laravel/framework/src/Illuminate/Collections/helpers.php:236
/var/www/html/vendor/orchestra/testbench-core/src/Concerns/Testing.php:57
/var/www/html/vendor/orchestra/testbench-core/src/TestCase.php:50
/var/www/html/tests/TestCase.php:61
/var/www/html/tests/Unit/LaravelMcpServiceProviderTest.php:53</error>
        </testcase>
        <testcase name="it_sets_up_publishing_configurations" file="/var/www/html/tests/Unit/LaravelMcpServiceProviderTest.php" line="406" class="JTD\LaravelMCP\Tests\Unit\LaravelMcpServiceProviderTest" classname="JTD.LaravelMCP.Tests.Unit.LaravelMcpServiceProviderTest" assertions="0" time="0.000000">
          <error type="Exception">JTD\LaravelMCP\Tests\Unit\LaravelMcpServiceProviderTest::it_sets_up_publishing_configurations
Exception: The /var/www/html/vendor/orchestra/testbench-core/laravel/bootstrap/cache directory must be present and writable.

/var/www/html/vendor/laravel/framework/src/Illuminate/Foundation/PackageManifest.php:179
/var/www/html/vendor/orchestra/testbench-core/src/Foundation/PackageManifest.php:157
/var/www/html/vendor/laravel/framework/src/Illuminate/Foundation/PackageManifest.php:132
/var/www/html/vendor/laravel/framework/src/Illuminate/Foundation/PackageManifest.php:108
/var/www/html/vendor/orchestra/testbench-core/src/Foundation/PackageManifest.php:102
/var/www/html/vendor/laravel/framework/src/Illuminate/Foundation/PackageManifest.php:91
/var/www/html/vendor/laravel/framework/src/Illuminate/Foundation/PackageManifest.php:80
/var/www/html/vendor/laravel/framework/src/Illuminate/Foundation/Bootstrap/RegisterFacades.php:26
/var/www/html/vendor/orchestra/testbench-core/src/Concerns/CreatesApplication.php:556
/var/www/html/vendor/orchestra/testbench-core/src/Concerns/CreatesApplication.php:311
/var/www/html/vendor/orchestra/testbench-core/src/TestCase.php:121
/var/www/html/vendor/orchestra/testbench-core/src/Concerns/ApplicationTestingHooks.php:74
/var/www/html/vendor/orchestra/testbench-core/src/Concerns/Testing.php:43
/var/www/html/vendor/laravel/framework/src/Illuminate/Collections/helpers.php:236
/var/www/html/vendor/orchestra/sidekick/src/functions.php:87
/var/www/html/vendor/laravel/framework/src/Illuminate/Collections/helpers.php:236
/var/www/html/vendor/orchestra/testbench-core/src/Concerns/Testing.php:57
/var/www/html/vendor/orchestra/testbench-core/src/TestCase.php:50
/var/www/html/tests/TestCase.php:61
/var/www/html/tests/Unit/LaravelMcpServiceProviderTest.php:53</error>
        </testcase>
        <testcase name="it_loads_routes_when_mcp_routes_file_exists" file="/var/www/html/tests/Unit/LaravelMcpServiceProviderTest.php" line="427" class="JTD\LaravelMCP\Tests\Unit\LaravelMcpServiceProviderTest" classname="JTD.LaravelMCP.Tests.Unit.LaravelMcpServiceProviderTest" assertions="0" time="0.000000">
          <error type="Exception">JTD\LaravelMCP\Tests\Unit\LaravelMcpServiceProviderTest::it_loads_routes_when_mcp_routes_file_exists
Exception: The /var/www/html/vendor/orchestra/testbench-core/laravel/bootstrap/cache directory must be present and writable.

/var/www/html/vendor/laravel/framework/src/Illuminate/Foundation/PackageManifest.php:179
/var/www/html/vendor/orchestra/testbench-core/src/Foundation/PackageManifest.php:157
/var/www/html/vendor/laravel/framework/src/Illuminate/Foundation/PackageManifest.php:132
/var/www/html/vendor/laravel/framework/src/Illuminate/Foundation/PackageManifest.php:108
/var/www/html/vendor/orchestra/testbench-core/src/Foundation/PackageManifest.php:102
/var/www/html/vendor/laravel/framework/src/Illuminate/Foundation/PackageManifest.php:91
/var/www/html/vendor/laravel/framework/src/Illuminate/Foundation/PackageManifest.php:80
/var/www/html/vendor/laravel/framework/src/Illuminate/Foundation/Bootstrap/RegisterFacades.php:26
/var/www/html/vendor/orchestra/testbench-core/src/Concerns/CreatesApplication.php:556
/var/www/html/vendor/orchestra/testbench-core/src/Concerns/CreatesApplication.php:311
/var/www/html/vendor/orchestra/testbench-core/src/TestCase.php:121
/var/www/html/vendor/orchestra/testbench-core/src/Concerns/ApplicationTestingHooks.php:74
/var/www/html/vendor/orchestra/testbench-core/src/Concerns/Testing.php:43
/var/www/html/vendor/laravel/framework/src/Illuminate/Collections/helpers.php:236
/var/www/html/vendor/orchestra/sidekick/src/functions.php:87
/var/www/html/vendor/laravel/framework/src/Illuminate/Collections/helpers.php:236
/var/www/html/vendor/orchestra/testbench-core/src/Concerns/Testing.php:57
/var/www/html/vendor/orchestra/testbench-core/src/TestCase.php:50
/var/www/html/tests/TestCase.php:61
/var/www/html/tests/Unit/LaravelMcpServiceProviderTest.php:53</error>
        </testcase>
        <testcase name="it_skips_routes_when_mcp_routes_file_does_not_exist" file="/var/www/html/tests/Unit/LaravelMcpServiceProviderTest.php" line="455" class="JTD\LaravelMCP\Tests\Unit\LaravelMcpServiceProviderTest" classname="JTD.LaravelMCP.Tests.Unit.LaravelMcpServiceProviderTest" assertions="0" time="0.000000">
          <error type="Exception">JTD\LaravelMCP\Tests\Unit\LaravelMcpServiceProviderTest::it_skips_routes_when_mcp_routes_file_does_not_exist
Exception: The /var/www/html/vendor/orchestra/testbench-core/laravel/bootstrap/cache directory must be present and writable.

/var/www/html/vendor/laravel/framework/src/Illuminate/Foundation/PackageManifest.php:179
/var/www/html/vendor/orchestra/testbench-core/src/Foundation/PackageManifest.php:157
/var/www/html/vendor/laravel/framework/src/Illuminate/Foundation/PackageManifest.php:132
/var/www/html/vendor/laravel/framework/src/Illuminate/Foundation/PackageManifest.php:108
/var/www/html/vendor/orchestra/testbench-core/src/Foundation/PackageManifest.php:102
/var/www/html/vendor/laravel/framework/src/Illuminate/Foundation/PackageManifest.php:91
/var/www/html/vendor/laravel/framework/src/Illuminate/Foundation/PackageManifest.php:80
/var/www/html/vendor/laravel/framework/src/Illuminate/Foundation/Bootstrap/RegisterFacades.php:26
/var/www/html/vendor/orchestra/testbench-core/src/Concerns/CreatesApplication.php:556
/var/www/html/vendor/orchestra/testbench-core/src/Concerns/CreatesApplication.php:311
/var/www/html/vendor/orchestra/testbench-core/src/TestCase.php:121
/var/www/html/vendor/orchestra/testbench-core/src/Concerns/ApplicationTestingHooks.php:74
/var/www/html/vendor/orchestra/testbench-core/src/Concerns/Testing.php:43
/var/www/html/vendor/laravel/framework/src/Illuminate/Collections/helpers.php:236
/var/www/html/vendor/orchestra/sidekick/src/functions.php:87
/var/www/html/vendor/laravel/framework/src/Illuminate/Collections/helpers.php:236
/var/www/html/vendor/orchestra/testbench-core/src/Concerns/Testing.php:57
/var/www/html/vendor/orchestra/testbench-core/src/TestCase.php:50
/var/www/html/tests/TestCase.php:61
/var/www/html/tests/Unit/LaravelMcpServiceProviderTest.php:53</error>
        </testcase>
        <testcase name="it_runs_console_boot_only_in_console" file="/var/www/html/tests/Unit/LaravelMcpServiceProviderTest.php" line="473" class="JTD\LaravelMCP\Tests\Unit\LaravelMcpServiceProviderTest" classname="JTD.LaravelMCP.Tests.Unit.LaravelMcpServiceProviderTest" assertions="0" time="0.000000">
          <error type="Exception">JTD\LaravelMCP\Tests\Unit\LaravelMcpServiceProviderTest::it_runs_console_boot_only_in_console
Exception: The /var/www/html/vendor/orchestra/testbench-core/laravel/bootstrap/cache directory must be present and writable.

/var/www/html/vendor/laravel/framework/src/Illuminate/Foundation/PackageManifest.php:179
/var/www/html/vendor/orchestra/testbench-core/src/Foundation/PackageManifest.php:157
/var/www/html/vendor/laravel/framework/src/Illuminate/Foundation/PackageManifest.php:132
/var/www/html/vendor/laravel/framework/src/Illuminate/Foundation/PackageManifest.php:108
/var/www/html/vendor/orchestra/testbench-core/src/Foundation/PackageManifest.php:102
/var/www/html/vendor/laravel/framework/src/Illuminate/Foundation/PackageManifest.php:91
/var/www/html/vendor/laravel/framework/src/Illuminate/Foundation/PackageManifest.php:80
/var/www/html/vendor/laravel/framework/src/Illuminate/Foundation/Bootstrap/RegisterFacades.php:26
/var/www/html/vendor/orchestra/testbench-core/src/Concerns/CreatesApplication.php:556
/var/www/html/vendor/orchestra/testbench-core/src/Concerns/CreatesApplication.php:311
/var/www/html/vendor/orchestra/testbench-core/src/TestCase.php:121
/var/www/html/vendor/orchestra/testbench-core/src/Concerns/ApplicationTestingHooks.php:74
/var/www/html/vendor/orchestra/testbench-core/src/Concerns/Testing.php:43
/var/www/html/vendor/laravel/framework/src/Illuminate/Collections/helpers.php:236
/var/www/html/vendor/orchestra/sidekick/src/functions.php:87
/var/www/html/vendor/laravel/framework/src/Illuminate/Collections/helpers.php:236
/var/www/html/vendor/orchestra/testbench-core/src/Concerns/Testing.php:57
/var/www/html/vendor/orchestra/testbench-core/src/TestCase.php:50
/var/www/html/tests/TestCase.php:61
/var/www/html/tests/Unit/LaravelMcpServiceProviderTest.php:53</error>
        </testcase>
        <testcase name="it_resolves_all_services_after_boot" file="/var/www/html/tests/Unit/LaravelMcpServiceProviderTest.php" line="536" class="JTD\LaravelMCP\Tests\Unit\LaravelMcpServiceProviderTest" classname="JTD.LaravelMCP.Tests.Unit.LaravelMcpServiceProviderTest" assertions="0" time="0.000000">
          <error type="Exception">JTD\LaravelMCP\Tests\Unit\LaravelMcpServiceProviderTest::it_resolves_all_services_after_boot
Exception: The /var/www/html/vendor/orchestra/testbench-core/laravel/bootstrap/cache directory must be present and writable.

/var/www/html/vendor/laravel/framework/src/Illuminate/Foundation/PackageManifest.php:179
/var/www/html/vendor/orchestra/testbench-core/src/Foundation/PackageManifest.php:157
/var/www/html/vendor/laravel/framework/src/Illuminate/Foundation/PackageManifest.php:132
/var/www/html/vendor/laravel/framework/src/Illuminate/Foundation/PackageManifest.php:108
/var/www/html/vendor/orchestra/testbench-core/src/Foundation/PackageManifest.php:102
/var/www/html/vendor/laravel/framework/src/Illuminate/Foundation/PackageManifest.php:91
/var/www/html/vendor/laravel/framework/src/Illuminate/Foundation/PackageManifest.php:80
/var/www/html/vendor/laravel/framework/src/Illuminate/Foundation/Bootstrap/RegisterFacades.php:26
/var/www/html/vendor/orchestra/testbench-core/src/Concerns/CreatesApplication.php:556
/var/www/html/vendor/orchestra/testbench-core/src/Concerns/CreatesApplication.php:311
/var/www/html/vendor/orchestra/testbench-core/src/TestCase.php:121
/var/www/html/vendor/orchestra/testbench-core/src/Concerns/ApplicationTestingHooks.php:74
/var/www/html/vendor/orchestra/testbench-core/src/Concerns/Testing.php:43
/var/www/html/vendor/laravel/framework/src/Illuminate/Collections/helpers.php:236
/var/www/html/vendor/orchestra/sidekick/src/functions.php:87
/var/www/html/vendor/laravel/framework/src/Illuminate/Collections/helpers.php:236
/var/www/html/vendor/orchestra/testbench-core/src/Concerns/Testing.php:57
/var/www/html/vendor/orchestra/testbench-core/src/TestCase.php:50
/var/www/html/tests/TestCase.php:61
/var/www/html/tests/Unit/LaravelMcpServiceProviderTest.php:53</error>
        </testcase>
        <testcase name="it_validates_configuration_structure" file="/var/www/html/tests/Unit/LaravelMcpServiceProviderTest.php" line="570" class="JTD\LaravelMCP\Tests\Unit\LaravelMcpServiceProviderTest" classname="JTD.LaravelMCP.Tests.Unit.LaravelMcpServiceProviderTest" assertions="0" time="0.000000">
          <error type="Exception">JTD\LaravelMCP\Tests\Unit\LaravelMcpServiceProviderTest::it_validates_configuration_structure
Exception: The /var/www/html/vendor/orchestra/testbench-core/laravel/bootstrap/cache directory must be present and writable.

/var/www/html/vendor/laravel/framework/src/Illuminate/Foundation/PackageManifest.php:179
/var/www/html/vendor/orchestra/testbench-core/src/Foundation/PackageManifest.php:157
/var/www/html/vendor/laravel/framework/src/Illuminate/Foundation/PackageManifest.php:132
/var/www/html/vendor/laravel/framework/src/Illuminate/Foundation/PackageManifest.php:108
/var/www/html/vendor/orchestra/testbench-core/src/Foundation/PackageManifest.php:102
/var/www/html/vendor/laravel/framework/src/Illuminate/Foundation/PackageManifest.php:91
/var/www/html/vendor/laravel/framework/src/Illuminate/Foundation/PackageManifest.php:80
/var/www/html/vendor/laravel/framework/src/Illuminate/Foundation/Bootstrap/RegisterFacades.php:26
/var/www/html/vendor/orchestra/testbench-core/src/Concerns/CreatesApplication.php:556
/var/www/html/vendor/orchestra/testbench-core/src/Concerns/CreatesApplication.php:311
/var/www/html/vendor/orchestra/testbench-core/src/TestCase.php:121
/var/www/html/vendor/orchestra/testbench-core/src/Concerns/ApplicationTestingHooks.php:74
/var/www/html/vendor/orchestra/testbench-core/src/Concerns/Testing.php:43
/var/www/html/vendor/laravel/framework/src/Illuminate/Collections/helpers.php:236
/var/www/html/vendor/orchestra/sidekick/src/functions.php:87
/var/www/html/vendor/laravel/framework/src/Illuminate/Collections/helpers.php:236
/var/www/html/vendor/orchestra/testbench-core/src/Concerns/Testing.php:57
/var/www/html/vendor/orchestra/testbench-core/src/TestCase.php:50
/var/www/html/tests/TestCase.php:61
/var/www/html/tests/Unit/LaravelMcpServiceProviderTest.php:53</error>
        </testcase>
        <testcase name="it_handles_invalid_configuration_gracefully" file="/var/www/html/tests/Unit/LaravelMcpServiceProviderTest.php" line="594" class="JTD\LaravelMCP\Tests\Unit\LaravelMcpServiceProviderTest" classname="JTD.LaravelMCP.Tests.Unit.LaravelMcpServiceProviderTest" assertions="0" time="0.000000">
          <error type="Exception">JTD\LaravelMCP\Tests\Unit\LaravelMcpServiceProviderTest::it_handles_invalid_configuration_gracefully
Exception: The /var/www/html/vendor/orchestra/testbench-core/laravel/bootstrap/cache directory must be present and writable.

/var/www/html/vendor/laravel/framework/src/Illuminate/Foundation/PackageManifest.php:179
/var/www/html/vendor/orchestra/testbench-core/src/Foundation/PackageManifest.php:157
/var/www/html/vendor/laravel/framework/src/Illuminate/Foundation/PackageManifest.php:132
/var/www/html/vendor/laravel/framework/src/Illuminate/Foundation/PackageManifest.php:108
/var/www/html/vendor/orchestra/testbench-core/src/Foundation/PackageManifest.php:102
/var/www/html/vendor/laravel/framework/src/Illuminate/Foundation/PackageManifest.php:91
/var/www/html/vendor/laravel/framework/src/Illuminate/Foundation/PackageManifest.php:80
/var/www/html/vendor/laravel/framework/src/Illuminate/Foundation/Bootstrap/RegisterFacades.php:26
/var/www/html/vendor/orchestra/testbench-core/src/Concerns/CreatesApplication.php:556
/var/www/html/vendor/orchestra/testbench-core/src/Concerns/CreatesApplication.php:311
/var/www/html/vendor/orchestra/testbench-core/src/TestCase.php:121
/var/www/html/vendor/orchestra/testbench-core/src/Concerns/ApplicationTestingHooks.php:74
/var/www/html/vendor/orchestra/testbench-core/src/Concerns/Testing.php:43
/var/www/html/vendor/laravel/framework/src/Illuminate/Collections/helpers.php:236
/var/www/html/vendor/orchestra/sidekick/src/functions.php:87
/var/www/html/vendor/laravel/framework/src/Illuminate/Collections/helpers.php:236
/var/www/html/vendor/orchestra/testbench-core/src/Concerns/Testing.php:57
/var/www/html/vendor/orchestra/testbench-core/src/TestCase.php:50
/var/www/html/tests/TestCase.php:61
/var/www/html/tests/Unit/LaravelMcpServiceProviderTest.php:53</error>
        </testcase>
        <testcase name="it_registers_middleware_when_auto_register_enabled" file="/var/www/html/tests/Unit/LaravelMcpServiceProviderTest.php" line="612" class="JTD\LaravelMCP\Tests\Unit\LaravelMcpServiceProviderTest" classname="JTD.LaravelMCP.Tests.Unit.LaravelMcpServiceProviderTest" assertions="0" time="0.000000">
          <error type="Exception">JTD\LaravelMCP\Tests\Unit\LaravelMcpServiceProviderTest::it_registers_middleware_when_auto_register_enabled
Exception: The /var/www/html/vendor/orchestra/testbench-core/laravel/bootstrap/cache directory must be present and writable.

/var/www/html/vendor/laravel/framework/src/Illuminate/Foundation/PackageManifest.php:179
/var/www/html/vendor/orchestra/testbench-core/src/Foundation/PackageManifest.php:157
/var/www/html/vendor/laravel/framework/src/Illuminate/Foundation/PackageManifest.php:132
/var/www/html/vendor/laravel/framework/src/Illuminate/Foundation/PackageManifest.php:108
/var/www/html/vendor/orchestra/testbench-core/src/Foundation/PackageManifest.php:102
/var/www/html/vendor/laravel/framework/src/Illuminate/Foundation/PackageManifest.php:91
/var/www/html/vendor/laravel/framework/src/Illuminate/Foundation/PackageManifest.php:80
/var/www/html/vendor/laravel/framework/src/Illuminate/Foundation/Bootstrap/RegisterFacades.php:26
/var/www/html/vendor/orchestra/testbench-core/src/Concerns/CreatesApplication.php:556
/var/www/html/vendor/orchestra/testbench-core/src/Concerns/CreatesApplication.php:311
/var/www/html/vendor/orchestra/testbench-core/src/TestCase.php:121
/var/www/html/vendor/orchestra/testbench-core/src/Concerns/ApplicationTestingHooks.php:74
/var/www/html/vendor/orchestra/testbench-core/src/Concerns/Testing.php:43
/var/www/html/vendor/laravel/framework/src/Illuminate/Collections/helpers.php:236
/var/www/html/vendor/orchestra/sidekick/src/functions.php:87
/var/www/html/vendor/laravel/framework/src/Illuminate/Collections/helpers.php:236
/var/www/html/vendor/orchestra/testbench-core/src/Concerns/Testing.php:57
/var/www/html/vendor/orchestra/testbench-core/src/TestCase.php:50
/var/www/html/tests/TestCase.php:61
/var/www/html/tests/Unit/LaravelMcpServiceProviderTest.php:53</error>
        </testcase>
        <testcase name="it_registers_auth_middleware_when_auth_enabled" file="/var/www/html/tests/Unit/LaravelMcpServiceProviderTest.php" line="645" class="JTD\LaravelMCP\Tests\Unit\LaravelMcpServiceProviderTest" classname="JTD.LaravelMCP.Tests.Unit.LaravelMcpServiceProviderTest" assertions="0" time="0.000000">
          <error type="Exception">JTD\LaravelMCP\Tests\Unit\LaravelMcpServiceProviderTest::it_registers_auth_middleware_when_auth_enabled
Exception: The /var/www/html/vendor/orchestra/testbench-core/laravel/bootstrap/cache directory must be present and writable.

/var/www/html/vendor/laravel/framework/src/Illuminate/Foundation/PackageManifest.php:179
/var/www/html/vendor/orchestra/testbench-core/src/Foundation/PackageManifest.php:157
/var/www/html/vendor/laravel/framework/src/Illuminate/Foundation/PackageManifest.php:132
/var/www/html/vendor/laravel/framework/src/Illuminate/Foundation/PackageManifest.php:108
/var/www/html/vendor/orchestra/testbench-core/src/Foundation/PackageManifest.php:102
/var/www/html/vendor/laravel/framework/src/Illuminate/Foundation/PackageManifest.php:91
/var/www/html/vendor/laravel/framework/src/Illuminate/Foundation/PackageManifest.php:80
/var/www/html/vendor/laravel/framework/src/Illuminate/Foundation/Bootstrap/RegisterFacades.php:26
/var/www/html/vendor/orchestra/testbench-core/src/Concerns/CreatesApplication.php:556
/var/www/html/vendor/orchestra/testbench-core/src/Concerns/CreatesApplication.php:311
/var/www/html/vendor/orchestra/testbench-core/src/TestCase.php:121
/var/www/html/vendor/orchestra/testbench-core/src/Concerns/ApplicationTestingHooks.php:74
/var/www/html/vendor/orchestra/testbench-core/src/Concerns/Testing.php:43
/var/www/html/vendor/laravel/framework/src/Illuminate/Collections/helpers.php:236
/var/www/html/vendor/orchestra/sidekick/src/functions.php:87
/var/www/html/vendor/laravel/framework/src/Illuminate/Collections/helpers.php:236
/var/www/html/vendor/orchestra/testbench-core/src/Concerns/Testing.php:57
/var/www/html/vendor/orchestra/testbench-core/src/TestCase.php:50
/var/www/html/tests/TestCase.php:61
/var/www/html/tests/Unit/LaravelMcpServiceProviderTest.php:53</error>
        </testcase>
        <testcase name="it_skips_middleware_auto_registration_when_disabled" file="/var/www/html/tests/Unit/LaravelMcpServiceProviderTest.php" line="678" class="JTD\LaravelMCP\Tests\Unit\LaravelMcpServiceProviderTest" classname="JTD.LaravelMCP.Tests.Unit.LaravelMcpServiceProviderTest" assertions="0" time="0.000000">
          <error type="Exception">JTD\LaravelMCP\Tests\Unit\LaravelMcpServiceProviderTest::it_skips_middleware_auto_registration_when_disabled
Exception: The /var/www/html/vendor/orchestra/testbench-core/laravel/bootstrap/cache directory must be present and writable.

/var/www/html/vendor/laravel/framework/src/Illuminate/Foundation/PackageManifest.php:179
/var/www/html/vendor/orchestra/testbench-core/src/Foundation/PackageManifest.php:157
/var/www/html/vendor/laravel/framework/src/Illuminate/Foundation/PackageManifest.php:132
/var/www/html/vendor/laravel/framework/src/Illuminate/Foundation/PackageManifest.php:108
/var/www/html/vendor/orchestra/testbench-core/src/Foundation/PackageManifest.php:102
/var/www/html/vendor/laravel/framework/src/Illuminate/Foundation/PackageManifest.php:91
/var/www/html/vendor/laravel/framework/src/Illuminate/Foundation/PackageManifest.php:80
/var/www/html/vendor/laravel/framework/src/Illuminate/Foundation/Bootstrap/RegisterFacades.php:26
/var/www/html/vendor/orchestra/testbench-core/src/Concerns/CreatesApplication.php:556
/var/www/html/vendor/orchestra/testbench-core/src/Concerns/CreatesApplication.php:311
/var/www/html/vendor/orchestra/testbench-core/src/TestCase.php:121
/var/www/html/vendor/orchestra/testbench-core/src/Concerns/ApplicationTestingHooks.php:74
/var/www/html/vendor/orchestra/testbench-core/src/Concerns/Testing.php:43
/var/www/html/vendor/laravel/framework/src/Illuminate/Collections/helpers.php:236
/var/www/html/vendor/orchestra/sidekick/src/functions.php:87
/var/www/html/vendor/laravel/framework/src/Illuminate/Collections/helpers.php:236
/var/www/html/vendor/orchestra/testbench-core/src/Concerns/Testing.php:57
/var/www/html/vendor/orchestra/testbench-core/src/TestCase.php:50
/var/www/html/tests/TestCase.php:61
/var/www/html/tests/Unit/LaravelMcpServiceProviderTest.php:53</error>
        </testcase>
        <testcase name="it_registers_event_hooks" file="/var/www/html/tests/Unit/LaravelMcpServiceProviderTest.php" line="705" class="JTD\LaravelMCP\Tests\Unit\LaravelMcpServiceProviderTest" classname="JTD.LaravelMCP.Tests.Unit.LaravelMcpServiceProviderTest" assertions="0" time="0.000000">
          <error type="Exception">JTD\LaravelMCP\Tests\Unit\LaravelMcpServiceProviderTest::it_registers_event_hooks
Exception: The /var/www/html/vendor/orchestra/testbench-core/laravel/bootstrap/cache directory must be present and writable.

/var/www/html/vendor/laravel/framework/src/Illuminate/Foundation/PackageManifest.php:179
/var/www/html/vendor/orchestra/testbench-core/src/Foundation/PackageManifest.php:157
/var/www/html/vendor/laravel/framework/src/Illuminate/Foundation/PackageManifest.php:132
/var/www/html/vendor/laravel/framework/src/Illuminate/Foundation/PackageManifest.php:108
/var/www/html/vendor/orchestra/testbench-core/src/Foundation/PackageManifest.php:102
/var/www/html/vendor/laravel/framework/src/Illuminate/Foundation/PackageManifest.php:91
/var/www/html/vendor/laravel/framework/src/Illuminate/Foundation/PackageManifest.php:80
/var/www/html/vendor/laravel/framework/src/Illuminate/Foundation/Bootstrap/RegisterFacades.php:26
/var/www/html/vendor/orchestra/testbench-core/src/Concerns/CreatesApplication.php:556
/var/www/html/vendor/orchestra/testbench-core/src/Concerns/CreatesApplication.php:311
/var/www/html/vendor/orchestra/testbench-core/src/TestCase.php:121
/var/www/html/vendor/orchestra/testbench-core/src/Concerns/ApplicationTestingHooks.php:74
/var/www/html/vendor/orchestra/testbench-core/src/Concerns/Testing.php:43
/var/www/html/vendor/laravel/framework/src/Illuminate/Collections/helpers.php:236
/var/www/html/vendor/orchestra/sidekick/src/functions.php:87
/var/www/html/vendor/laravel/framework/src/Illuminate/Collections/helpers.php:236
/var/www/html/vendor/orchestra/testbench-core/src/Concerns/Testing.php:57
/var/www/html/vendor/orchestra/testbench-core/src/TestCase.php:50
/var/www/html/tests/TestCase.php:61
/var/www/html/tests/Unit/LaravelMcpServiceProviderTest.php:53</error>
        </testcase>
        <testcase name="it_has_proper_error_handling_structure" file="/var/www/html/tests/Unit/LaravelMcpServiceProviderTest.php" line="731" class="JTD\LaravelMCP\Tests\Unit\LaravelMcpServiceProviderTest" classname="JTD.LaravelMCP.Tests.Unit.LaravelMcpServiceProviderTest" assertions="0" time="0.000000">
          <error type="Exception">JTD\LaravelMCP\Tests\Unit\LaravelMcpServiceProviderTest::it_has_proper_error_handling_structure
Exception: The /var/www/html/vendor/orchestra/testbench-core/laravel/bootstrap/cache directory must be present and writable.

/var/www/html/vendor/laravel/framework/src/Illuminate/Foundation/PackageManifest.php:179
/var/www/html/vendor/orchestra/testbench-core/src/Foundation/PackageManifest.php:157
/var/www/html/vendor/laravel/framework/src/Illuminate/Foundation/PackageManifest.php:132
/var/www/html/vendor/laravel/framework/src/Illuminate/Foundation/PackageManifest.php:108
/var/www/html/vendor/orchestra/testbench-core/src/Foundation/PackageManifest.php:102
/var/www/html/vendor/laravel/framework/src/Illuminate/Foundation/PackageManifest.php:91
/var/www/html/vendor/laravel/framework/src/Illuminate/Foundation/PackageManifest.php:80
/var/www/html/vendor/laravel/framework/src/Illuminate/Foundation/Bootstrap/RegisterFacades.php:26
/var/www/html/vendor/orchestra/testbench-core/src/Concerns/CreatesApplication.php:556
/var/www/html/vendor/orchestra/testbench-core/src/Concerns/CreatesApplication.php:311
/var/www/html/vendor/orchestra/testbench-core/src/TestCase.php:121
/var/www/html/vendor/orchestra/testbench-core/src/Concerns/ApplicationTestingHooks.php:74
/var/www/html/vendor/orchestra/testbench-core/src/Concerns/Testing.php:43
/var/www/html/vendor/laravel/framework/src/Illuminate/Collections/helpers.php:236
/var/www/html/vendor/orchestra/sidekick/src/functions.php:87
/var/www/html/vendor/laravel/framework/src/Illuminate/Collections/helpers.php:236
/var/www/html/vendor/orchestra/testbench-core/src/Concerns/Testing.php:57
/var/www/html/vendor/orchestra/testbench-core/src/TestCase.php:50
/var/www/html/tests/TestCase.php:61
/var/www/html/tests/Unit/LaravelMcpServiceProviderTest.php:53</error>
        </testcase>
        <testcase name="it_handles_boot_failure_gracefully_in_production" file="/var/www/html/tests/Unit/LaravelMcpServiceProviderTest.php" line="751" class="JTD\LaravelMCP\Tests\Unit\LaravelMcpServiceProviderTest" classname="JTD.LaravelMCP.Tests.Unit.LaravelMcpServiceProviderTest" assertions="0" time="0.000000">
          <error type="Exception">JTD\LaravelMCP\Tests\Unit\LaravelMcpServiceProviderTest::it_handles_boot_failure_gracefully_in_production
Exception: The /var/www/html/vendor/orchestra/testbench-core/laravel/bootstrap/cache directory must be present and writable.

/var/www/html/vendor/laravel/framework/src/Illuminate/Foundation/PackageManifest.php:179
/var/www/html/vendor/orchestra/testbench-core/src/Foundation/PackageManifest.php:157
/var/www/html/vendor/laravel/framework/src/Illuminate/Foundation/PackageManifest.php:132
/var/www/html/vendor/laravel/framework/src/Illuminate/Foundation/PackageManifest.php:108
/var/www/html/vendor/orchestra/testbench-core/src/Foundation/PackageManifest.php:102
/var/www/html/vendor/laravel/framework/src/Illuminate/Foundation/PackageManifest.php:91
/var/www/html/vendor/laravel/framework/src/Illuminate/Foundation/PackageManifest.php:80
/var/www/html/vendor/laravel/framework/src/Illuminate/Foundation/Bootstrap/RegisterFacades.php:26
/var/www/html/vendor/orchestra/testbench-core/src/Concerns/CreatesApplication.php:556
/var/www/html/vendor/orchestra/testbench-core/src/Concerns/CreatesApplication.php:311
/var/www/html/vendor/orchestra/testbench-core/src/TestCase.php:121
/var/www/html/vendor/orchestra/testbench-core/src/Concerns/ApplicationTestingHooks.php:74
/var/www/html/vendor/orchestra/testbench-core/src/Concerns/Testing.php:43
/var/www/html/vendor/laravel/framework/src/Illuminate/Collections/helpers.php:236
/var/www/html/vendor/orchestra/sidekick/src/functions.php:87
/var/www/html/vendor/laravel/framework/src/Illuminate/Collections/helpers.php:236
/var/www/html/vendor/orchestra/testbench-core/src/Concerns/Testing.php:57
/var/www/html/vendor/orchestra/testbench-core/src/TestCase.php:50
/var/www/html/tests/TestCase.php:61
/var/www/html/tests/Unit/LaravelMcpServiceProviderTest.php:53</error>
        </testcase>
        <testcase name="it_registers_lazy_services" file="/var/www/html/tests/Unit/LaravelMcpServiceProviderTest.php" line="769" class="JTD\LaravelMCP\Tests\Unit\LaravelMcpServiceProviderTest" classname="JTD.LaravelMCP.Tests.Unit.LaravelMcpServiceProviderTest" assertions="0" time="0.000000">
          <error type="Exception">JTD\LaravelMCP\Tests\Unit\LaravelMcpServiceProviderTest::it_registers_lazy_services
Exception: The /var/www/html/vendor/orchestra/testbench-core/laravel/bootstrap/cache directory must be present and writable.

/var/www/html/vendor/laravel/framework/src/Illuminate/Foundation/PackageManifest.php:179
/var/www/html/vendor/orchestra/testbench-core/src/Foundation/PackageManifest.php:157
/var/www/html/vendor/laravel/framework/src/Illuminate/Foundation/PackageManifest.php:132
/var/www/html/vendor/laravel/framework/src/Illuminate/Foundation/PackageManifest.php:108
/var/www/html/vendor/orchestra/testbench-core/src/Foundation/PackageManifest.php:102
/var/www/html/vendor/laravel/framework/src/Illuminate/Foundation/PackageManifest.php:91
/var/www/html/vendor/laravel/framework/src/Illuminate/Foundation/PackageManifest.php:80
/var/www/html/vendor/laravel/framework/src/Illuminate/Foundation/Bootstrap/RegisterFacades.php:26
/var/www/html/vendor/orchestra/testbench-core/src/Concerns/CreatesApplication.php:556
/var/www/html/vendor/orchestra/testbench-core/src/Concerns/CreatesApplication.php:311
/var/www/html/vendor/orchestra/testbench-core/src/TestCase.php:121
/var/www/html/vendor/orchestra/testbench-core/src/Concerns/ApplicationTestingHooks.php:74
/var/www/html/vendor/orchestra/testbench-core/src/Concerns/Testing.php:43
/var/www/html/vendor/laravel/framework/src/Illuminate/Collections/helpers.php:236
/var/www/html/vendor/orchestra/sidekick/src/functions.php:87
/var/www/html/vendor/laravel/framework/src/Illuminate/Collections/helpers.php:236
/var/www/html/vendor/orchestra/testbench-core/src/Concerns/Testing.php:57
/var/www/html/vendor/orchestra/testbench-core/src/TestCase.php:50
/var/www/html/tests/TestCase.php:61
/var/www/html/tests/Unit/LaravelMcpServiceProviderTest.php:53</error>
        </testcase>
        <testcase name="it_registers_caching_services" file="/var/www/html/tests/Unit/LaravelMcpServiceProviderTest.php" line="784" class="JTD\LaravelMCP\Tests\Unit\LaravelMcpServiceProviderTest" classname="JTD.LaravelMCP.Tests.Unit.LaravelMcpServiceProviderTest" assertions="0" time="0.000000">
          <error type="Exception">JTD\LaravelMCP\Tests\Unit\LaravelMcpServiceProviderTest::it_registers_caching_services
Exception: The /var/www/html/vendor/orchestra/testbench-core/laravel/bootstrap/cache directory must be present and writable.

/var/www/html/vendor/laravel/framework/src/Illuminate/Foundation/PackageManifest.php:179
/var/www/html/vendor/orchestra/testbench-core/src/Foundation/PackageManifest.php:157
/var/www/html/vendor/laravel/framework/src/Illuminate/Foundation/PackageManifest.php:132
/var/www/html/vendor/laravel/framework/src/Illuminate/Foundation/PackageManifest.php:108
/var/www/html/vendor/orchestra/testbench-core/src/Foundation/PackageManifest.php:102
/var/www/html/vendor/laravel/framework/src/Illuminate/Foundation/PackageManifest.php:91
/var/www/html/vendor/laravel/framework/src/Illuminate/Foundation/PackageManifest.php:80
/var/www/html/vendor/laravel/framework/src/Illuminate/Foundation/Bootstrap/RegisterFacades.php:26
/var/www/html/vendor/orchestra/testbench-core/src/Concerns/CreatesApplication.php:556
/var/www/html/vendor/orchestra/testbench-core/src/Concerns/CreatesApplication.php:311
/var/www/html/vendor/orchestra/testbench-core/src/TestCase.php:121
/var/www/html/vendor/orchestra/testbench-core/src/Concerns/ApplicationTestingHooks.php:74
/var/www/html/vendor/orchestra/testbench-core/src/Concerns/Testing.php:43
/var/www/html/vendor/laravel/framework/src/Illuminate/Collections/helpers.php:236
/var/www/html/vendor/orchestra/sidekick/src/functions.php:87
/var/www/html/vendor/laravel/framework/src/Illuminate/Collections/helpers.php:236
/var/www/html/vendor/orchestra/testbench-core/src/Concerns/Testing.php:57
/var/www/html/vendor/orchestra/testbench-core/src/TestCase.php:50
/var/www/html/tests/TestCase.php:61
/var/www/html/tests/Unit/LaravelMcpServiceProviderTest.php:53</error>
        </testcase>
        <testsuite name="JTD\LaravelMCP\Tests\Unit\LaravelMcpServiceProviderTest::it_resolves_individual_services" tests="9" assertions="0" errors="9" failures="0" skipped="0" time="0.000000">
          <testcase name="it_resolves_individual_services with data set &quot;McpRegistry&quot;" file="/var/www/html/tests/Unit/LaravelMcpServiceProviderTest.php" line="520" class="JTD\LaravelMCP\Tests\Unit\LaravelMcpServiceProviderTest" classname="JTD.LaravelMCP.Tests.Unit.LaravelMcpServiceProviderTest" assertions="0" time="0.000000">
            <error type="Exception">JTD\LaravelMCP\Tests\Unit\LaravelMcpServiceProviderTest::it_resolves_individual_services with data set "McpRegistry"
Exception: The /var/www/html/vendor/orchestra/testbench-core/laravel/bootstrap/cache directory must be present and writable.

/var/www/html/vendor/laravel/framework/src/Illuminate/Foundation/PackageManifest.php:179
/var/www/html/vendor/orchestra/testbench-core/src/Foundation/PackageManifest.php:157
/var/www/html/vendor/laravel/framework/src/Illuminate/Foundation/PackageManifest.php:132
/var/www/html/vendor/laravel/framework/src/Illuminate/Foundation/PackageManifest.php:108
/var/www/html/vendor/orchestra/testbench-core/src/Foundation/PackageManifest.php:102
/var/www/html/vendor/laravel/framework/src/Illuminate/Foundation/PackageManifest.php:91
/var/www/html/vendor/laravel/framework/src/Illuminate/Foundation/PackageManifest.php:80
/var/www/html/vendor/laravel/framework/src/Illuminate/Foundation/Bootstrap/RegisterFacades.php:26
/var/www/html/vendor/orchestra/testbench-core/src/Concerns/CreatesApplication.php:556
/var/www/html/vendor/orchestra/testbench-core/src/Concerns/CreatesApplication.php:311
/var/www/html/vendor/orchestra/testbench-core/src/TestCase.php:121
/var/www/html/vendor/orchestra/testbench-core/src/Concerns/ApplicationTestingHooks.php:74
/var/www/html/vendor/orchestra/testbench-core/src/Concerns/Testing.php:43
/var/www/html/vendor/laravel/framework/src/Illuminate/Collections/helpers.php:236
/var/www/html/vendor/orchestra/sidekick/src/functions.php:87
/var/www/html/vendor/laravel/framework/src/Illuminate/Collections/helpers.php:236
/var/www/html/vendor/orchestra/testbench-core/src/Concerns/Testing.php:57
/var/www/html/vendor/orchestra/testbench-core/src/TestCase.php:50
/var/www/html/tests/TestCase.php:61
/var/www/html/tests/Unit/LaravelMcpServiceProviderTest.php:53</error>
          </testcase>
          <testcase name="it_resolves_individual_services with data set &quot;TransportManager&quot;" file="/var/www/html/tests/Unit/LaravelMcpServiceProviderTest.php" line="520" class="JTD\LaravelMCP\Tests\Unit\LaravelMcpServiceProviderTest" classname="JTD.LaravelMCP.Tests.Unit.LaravelMcpServiceProviderTest" assertions="0" time="0.000000">
            <error type="Exception">JTD\LaravelMCP\Tests\Unit\LaravelMcpServiceProviderTest::it_resolves_individual_services with data set "TransportManager"
Exception: The /var/www/html/vendor/orchestra/testbench-core/laravel/bootstrap/cache directory must be present and writable.

/var/www/html/vendor/laravel/framework/src/Illuminate/Foundation/PackageManifest.php:179
/var/www/html/vendor/orchestra/testbench-core/src/Foundation/PackageManifest.php:157
/var/www/html/vendor/laravel/framework/src/Illuminate/Foundation/PackageManifest.php:132
/var/www/html/vendor/laravel/framework/src/Illuminate/Foundation/PackageManifest.php:108
/var/www/html/vendor/orchestra/testbench-core/src/Foundation/PackageManifest.php:102
/var/www/html/vendor/laravel/framework/src/Illuminate/Foundation/PackageManifest.php:91
/var/www/html/vendor/laravel/framework/src/Illuminate/Foundation/PackageManifest.php:80
/var/www/html/vendor/laravel/framework/src/Illuminate/Foundation/Bootstrap/RegisterFacades.php:26
/var/www/html/vendor/orchestra/testbench-core/src/Concerns/CreatesApplication.php:556
/var/www/html/vendor/orchestra/testbench-core/src/Concerns/CreatesApplication.php:311
/var/www/html/vendor/orchestra/testbench-core/src/TestCase.php:121
/var/www/html/vendor/orchestra/testbench-core/src/Concerns/ApplicationTestingHooks.php:74
/var/www/html/vendor/orchestra/testbench-core/src/Concerns/Testing.php:43
/var/www/html/vendor/laravel/framework/src/Illuminate/Collections/helpers.php:236
/var/www/html/vendor/orchestra/sidekick/src/functions.php:87
/var/www/html/vendor/laravel/framework/src/Illuminate/Collections/helpers.php:236
/var/www/html/vendor/orchestra/testbench-core/src/Concerns/Testing.php:57
/var/www/html/vendor/orchestra/testbench-core/src/TestCase.php:50
/var/www/html/tests/TestCase.php:61
/var/www/html/tests/Unit/LaravelMcpServiceProviderTest.php:53</error>
          </testcase>
          <testcase name="it_resolves_individual_services with data set &quot;JsonRpcHandler&quot;" file="/var/www/html/tests/Unit/LaravelMcpServiceProviderTest.php" line="520" class="JTD\LaravelMCP\Tests\Unit\LaravelMcpServiceProviderTest" classname="JTD.LaravelMCP.Tests.Unit.LaravelMcpServiceProviderTest" assertions="0" time="0.000000">
            <error type="Exception">JTD\LaravelMCP\Tests\Unit\LaravelMcpServiceProviderTest::it_resolves_individual_services with data set "JsonRpcHandler"
Exception: The /var/www/html/vendor/orchestra/testbench-core/laravel/bootstrap/cache directory must be present and writable.

/var/www/html/vendor/laravel/framework/src/Illuminate/Foundation/PackageManifest.php:179
/var/www/html/vendor/orchestra/testbench-core/src/Foundation/PackageManifest.php:157
/var/www/html/vendor/laravel/framework/src/Illuminate/Foundation/PackageManifest.php:132
/var/www/html/vendor/laravel/framework/src/Illuminate/Foundation/PackageManifest.php:108
/var/www/html/vendor/orchestra/testbench-core/src/Foundation/PackageManifest.php:102
/var/www/html/vendor/laravel/framework/src/Illuminate/Foundation/PackageManifest.php:91
/var/www/html/vendor/laravel/framework/src/Illuminate/Foundation/PackageManifest.php:80
/var/www/html/vendor/laravel/framework/src/Illuminate/Foundation/Bootstrap/RegisterFacades.php:26
/var/www/html/vendor/orchestra/testbench-core/src/Concerns/CreatesApplication.php:556
/var/www/html/vendor/orchestra/testbench-core/src/Concerns/CreatesApplication.php:311
/var/www/html/vendor/orchestra/testbench-core/src/TestCase.php:121
/var/www/html/vendor/orchestra/testbench-core/src/Concerns/ApplicationTestingHooks.php:74
/var/www/html/vendor/orchestra/testbench-core/src/Concerns/Testing.php:43
/var/www/html/vendor/laravel/framework/src/Illuminate/Collections/helpers.php:236
/var/www/html/vendor/orchestra/sidekick/src/functions.php:87
/var/www/html/vendor/laravel/framework/src/Illuminate/Collections/helpers.php:236
/var/www/html/vendor/orchestra/testbench-core/src/Concerns/Testing.php:57
/var/www/html/vendor/orchestra/testbench-core/src/TestCase.php:50
/var/www/html/tests/TestCase.php:61
/var/www/html/tests/Unit/LaravelMcpServiceProviderTest.php:53</error>
          </testcase>
          <testcase name="it_resolves_individual_services with data set &quot;MessageProcessor&quot;" file="/var/www/html/tests/Unit/LaravelMcpServiceProviderTest.php" line="520" class="JTD\LaravelMCP\Tests\Unit\LaravelMcpServiceProviderTest" classname="JTD.LaravelMCP.Tests.Unit.LaravelMcpServiceProviderTest" assertions="0" time="0.000000">
            <error type="Exception">JTD\LaravelMCP\Tests\Unit\LaravelMcpServiceProviderTest::it_resolves_individual_services with data set "MessageProcessor"
Exception: The /var/www/html/vendor/orchestra/testbench-core/laravel/bootstrap/cache directory must be present and writable.

/var/www/html/vendor/laravel/framework/src/Illuminate/Foundation/PackageManifest.php:179
/var/www/html/vendor/orchestra/testbench-core/src/Foundation/PackageManifest.php:157
/var/www/html/vendor/laravel/framework/src/Illuminate/Foundation/PackageManifest.php:132
/var/www/html/vendor/laravel/framework/src/Illuminate/Foundation/PackageManifest.php:108
/var/www/html/vendor/orchestra/testbench-core/src/Foundation/PackageManifest.php:102
/var/www/html/vendor/laravel/framework/src/Illuminate/Foundation/PackageManifest.php:91
/var/www/html/vendor/laravel/framework/src/Illuminate/Foundation/PackageManifest.php:80
/var/www/html/vendor/laravel/framework/src/Illuminate/Foundation/Bootstrap/RegisterFacades.php:26
/var/www/html/vendor/orchestra/testbench-core/src/Concerns/CreatesApplication.php:556
/var/www/html/vendor/orchestra/testbench-core/src/Concerns/CreatesApplication.php:311
/var/www/html/vendor/orchestra/testbench-core/src/TestCase.php:121
/var/www/html/vendor/orchestra/testbench-core/src/Concerns/ApplicationTestingHooks.php:74
/var/www/html/vendor/orchestra/testbench-core/src/Concerns/Testing.php:43
/var/www/html/vendor/laravel/framework/src/Illuminate/Collections/helpers.php:236
/var/www/html/vendor/orchestra/sidekick/src/functions.php:87
/var/www/html/vendor/laravel/framework/src/Illuminate/Collections/helpers.php:236
/var/www/html/vendor/orchestra/testbench-core/src/Concerns/Testing.php:57
/var/www/html/vendor/orchestra/testbench-core/src/TestCase.php:50
/var/www/html/tests/TestCase.php:61
/var/www/html/tests/Unit/LaravelMcpServiceProviderTest.php:53</error>
          </testcase>
          <testcase name="it_resolves_individual_services with data set &quot;CapabilityNegotiator&quot;" file="/var/www/html/tests/Unit/LaravelMcpServiceProviderTest.php" line="520" class="JTD\LaravelMCP\Tests\Unit\LaravelMcpServiceProviderTest" classname="JTD.LaravelMCP.Tests.Unit.LaravelMcpServiceProviderTest" assertions="0" time="0.000000">
            <error type="Exception">JTD\LaravelMCP\Tests\Unit\LaravelMcpServiceProviderTest::it_resolves_individual_services with data set "CapabilityNegotiator"
Exception: The /var/www/html/vendor/orchestra/testbench-core/laravel/bootstrap/cache directory must be present and writable.

/var/www/html/vendor/laravel/framework/src/Illuminate/Foundation/PackageManifest.php:179
/var/www/html/vendor/orchestra/testbench-core/src/Foundation/PackageManifest.php:157
/var/www/html/vendor/laravel/framework/src/Illuminate/Foundation/PackageManifest.php:132
/var/www/html/vendor/laravel/framework/src/Illuminate/Foundation/PackageManifest.php:108
/var/www/html/vendor/orchestra/testbench-core/src/Foundation/PackageManifest.php:102
/var/www/html/vendor/laravel/framework/src/Illuminate/Foundation/PackageManifest.php:91
/var/www/html/vendor/laravel/framework/src/Illuminate/Foundation/PackageManifest.php:80
/var/www/html/vendor/laravel/framework/src/Illuminate/Foundation/Bootstrap/RegisterFacades.php:26
/var/www/html/vendor/orchestra/testbench-core/src/Concerns/CreatesApplication.php:556
/var/www/html/vendor/orchestra/testbench-core/src/Concerns/CreatesApplication.php:311
/var/www/html/vendor/orchestra/testbench-core/src/TestCase.php:121
/var/www/html/vendor/orchestra/testbench-core/src/Concerns/ApplicationTestingHooks.php:74
/var/www/html/vendor/orchestra/testbench-core/src/Concerns/Testing.php:43
/var/www/html/vendor/laravel/framework/src/Illuminate/Collections/helpers.php:236
/var/www/html/vendor/orchestra/sidekick/src/functions.php:87
/var/www/html/vendor/laravel/framework/src/Illuminate/Collections/helpers.php:236
/var/www/html/vendor/orchestra/testbench-core/src/Concerns/Testing.php:57
/var/www/html/vendor/orchestra/testbench-core/src/TestCase.php:50
/var/www/html/tests/TestCase.php:61
/var/www/html/tests/Unit/LaravelMcpServiceProviderTest.php:53</error>
          </testcase>
          <testcase name="it_resolves_individual_services with data set &quot;ToolRegistry&quot;" file="/var/www/html/tests/Unit/LaravelMcpServiceProviderTest.php" line="520" class="JTD\LaravelMCP\Tests\Unit\LaravelMcpServiceProviderTest" classname="JTD.LaravelMCP.Tests.Unit.LaravelMcpServiceProviderTest" assertions="0" time="0.000000">
            <error type="Exception">JTD\LaravelMCP\Tests\Unit\LaravelMcpServiceProviderTest::it_resolves_individual_services with data set "ToolRegistry"
Exception: The /var/www/html/vendor/orchestra/testbench-core/laravel/bootstrap/cache directory must be present and writable.

/var/www/html/vendor/laravel/framework/src/Illuminate/Foundation/PackageManifest.php:179
/var/www/html/vendor/orchestra/testbench-core/src/Foundation/PackageManifest.php:157
/var/www/html/vendor/laravel/framework/src/Illuminate/Foundation/PackageManifest.php:132
/var/www/html/vendor/laravel/framework/src/Illuminate/Foundation/PackageManifest.php:108
/var/www/html/vendor/orchestra/testbench-core/src/Foundation/PackageManifest.php:102
/var/www/html/vendor/laravel/framework/src/Illuminate/Foundation/PackageManifest.php:91
/var/www/html/vendor/laravel/framework/src/Illuminate/Foundation/PackageManifest.php:80
/var/www/html/vendor/laravel/framework/src/Illuminate/Foundation/Bootstrap/RegisterFacades.php:26
/var/www/html/vendor/orchestra/testbench-core/src/Concerns/CreatesApplication.php:556
/var/www/html/vendor/orchestra/testbench-core/src/Concerns/CreatesApplication.php:311
/var/www/html/vendor/orchestra/testbench-core/src/TestCase.php:121
/var/www/html/vendor/orchestra/testbench-core/src/Concerns/ApplicationTestingHooks.php:74
/var/www/html/vendor/orchestra/testbench-core/src/Concerns/Testing.php:43
/var/www/html/vendor/laravel/framework/src/Illuminate/Collections/helpers.php:236
/var/www/html/vendor/orchestra/sidekick/src/functions.php:87
/var/www/html/vendor/laravel/framework/src/Illuminate/Collections/helpers.php:236
/var/www/html/vendor/orchestra/testbench-core/src/Concerns/Testing.php:57
/var/www/html/vendor/orchestra/testbench-core/src/TestCase.php:50
/var/www/html/tests/TestCase.php:61
/var/www/html/tests/Unit/LaravelMcpServiceProviderTest.php:53</error>
          </testcase>
          <testcase name="it_resolves_individual_services with data set &quot;ResourceRegistry&quot;" file="/var/www/html/tests/Unit/LaravelMcpServiceProviderTest.php" line="520" class="JTD\LaravelMCP\Tests\Unit\LaravelMcpServiceProviderTest" classname="JTD.LaravelMCP.Tests.Unit.LaravelMcpServiceProviderTest" assertions="0" time="0.000000">
            <error type="Exception">JTD\LaravelMCP\Tests\Unit\LaravelMcpServiceProviderTest::it_resolves_individual_services with data set "ResourceRegistry"
Exception: The /var/www/html/vendor/orchestra/testbench-core/laravel/bootstrap/cache directory must be present and writable.

/var/www/html/vendor/laravel/framework/src/Illuminate/Foundation/PackageManifest.php:179
/var/www/html/vendor/orchestra/testbench-core/src/Foundation/PackageManifest.php:157
/var/www/html/vendor/laravel/framework/src/Illuminate/Foundation/PackageManifest.php:132
/var/www/html/vendor/laravel/framework/src/Illuminate/Foundation/PackageManifest.php:108
/var/www/html/vendor/orchestra/testbench-core/src/Foundation/PackageManifest.php:102
/var/www/html/vendor/laravel/framework/src/Illuminate/Foundation/PackageManifest.php:91
/var/www/html/vendor/laravel/framework/src/Illuminate/Foundation/PackageManifest.php:80
/var/www/html/vendor/laravel/framework/src/Illuminate/Foundation/Bootstrap/RegisterFacades.php:26
/var/www/html/vendor/orchestra/testbench-core/src/Concerns/CreatesApplication.php:556
/var/www/html/vendor/orchestra/testbench-core/src/Concerns/CreatesApplication.php:311
/var/www/html/vendor/orchestra/testbench-core/src/TestCase.php:121
/var/www/html/vendor/orchestra/testbench-core/src/Concerns/ApplicationTestingHooks.php:74
/var/www/html/vendor/orchestra/testbench-core/src/Concerns/Testing.php:43
/var/www/html/vendor/laravel/framework/src/Illuminate/Collections/helpers.php:236
/var/www/html/vendor/orchestra/sidekick/src/functions.php:87
/var/www/html/vendor/laravel/framework/src/Illuminate/Collections/helpers.php:236
/var/www/html/vendor/orchestra/testbench-core/src/Concerns/Testing.php:57
/var/www/html/vendor/orchestra/testbench-core/src/TestCase.php:50
/var/www/html/tests/TestCase.php:61
/var/www/html/tests/Unit/LaravelMcpServiceProviderTest.php:53</error>
          </testcase>
          <testcase name="it_resolves_individual_services with data set &quot;PromptRegistry&quot;" file="/var/www/html/tests/Unit/LaravelMcpServiceProviderTest.php" line="520" class="JTD\LaravelMCP\Tests\Unit\LaravelMcpServiceProviderTest" classname="JTD.LaravelMCP.Tests.Unit.LaravelMcpServiceProviderTest" assertions="0" time="0.000000">
            <error type="Exception">JTD\LaravelMCP\Tests\Unit\LaravelMcpServiceProviderTest::it_resolves_individual_services with data set "PromptRegistry"
Exception: The /var/www/html/vendor/orchestra/testbench-core/laravel/bootstrap/cache directory must be present and writable.

/var/www/html/vendor/laravel/framework/src/Illuminate/Foundation/PackageManifest.php:179
/var/www/html/vendor/orchestra/testbench-core/src/Foundation/PackageManifest.php:157
/var/www/html/vendor/laravel/framework/src/Illuminate/Foundation/PackageManifest.php:132
/var/www/html/vendor/laravel/framework/src/Illuminate/Foundation/PackageManifest.php:108
/var/www/html/vendor/orchestra/testbench-core/src/Foundation/PackageManifest.php:102
/var/www/html/vendor/laravel/framework/src/Illuminate/Foundation/PackageManifest.php:91
/var/www/html/vendor/laravel/framework/src/Illuminate/Foundation/PackageManifest.php:80
/var/www/html/vendor/laravel/framework/src/Illuminate/Foundation/Bootstrap/RegisterFacades.php:26
/var/www/html/vendor/orchestra/testbench-core/src/Concerns/CreatesApplication.php:556
/var/www/html/vendor/orchestra/testbench-core/src/Concerns/CreatesApplication.php:311
/var/www/html/vendor/orchestra/testbench-core/src/TestCase.php:121
/var/www/html/vendor/orchestra/testbench-core/src/Concerns/ApplicationTestingHooks.php:74
/var/www/html/vendor/orchestra/testbench-core/src/Concerns/Testing.php:43
/var/www/html/vendor/laravel/framework/src/Illuminate/Collections/helpers.php:236
/var/www/html/vendor/orchestra/sidekick/src/functions.php:87
/var/www/html/vendor/laravel/framework/src/Illuminate/Collections/helpers.php:236
/var/www/html/vendor/orchestra/testbench-core/src/Concerns/Testing.php:57
/var/www/html/vendor/orchestra/testbench-core/src/TestCase.php:50
/var/www/html/tests/TestCase.php:61
/var/www/html/tests/Unit/LaravelMcpServiceProviderTest.php:53</error>
          </testcase>
          <testcase name="it_resolves_individual_services with data set &quot;ComponentDiscovery&quot;" file="/var/www/html/tests/Unit/LaravelMcpServiceProviderTest.php" line="520" class="JTD\LaravelMCP\Tests\Unit\LaravelMcpServiceProviderTest" classname="JTD.LaravelMCP.Tests.Unit.LaravelMcpServiceProviderTest" assertions="0" time="0.000000">
            <error type="Exception">JTD\LaravelMCP\Tests\Unit\LaravelMcpServiceProviderTest::it_resolves_individual_services with data set "ComponentDiscovery"
Exception: The /var/www/html/vendor/orchestra/testbench-core/laravel/bootstrap/cache directory must be present and writable.

/var/www/html/vendor/laravel/framework/src/Illuminate/Foundation/PackageManifest.php:179
/var/www/html/vendor/orchestra/testbench-core/src/Foundation/PackageManifest.php:157
/var/www/html/vendor/laravel/framework/src/Illuminate/Foundation/PackageManifest.php:132
/var/www/html/vendor/laravel/framework/src/Illuminate/Foundation/PackageManifest.php:108
/var/www/html/vendor/orchestra/testbench-core/src/Foundation/PackageManifest.php:102
/var/www/html/vendor/laravel/framework/src/Illuminate/Foundation/PackageManifest.php:91
/var/www/html/vendor/laravel/framework/src/Illuminate/Foundation/PackageManifest.php:80
/var/www/html/vendor/laravel/framework/src/Illuminate/Foundation/Bootstrap/RegisterFacades.php:26
/var/www/html/vendor/orchestra/testbench-core/src/Concerns/CreatesApplication.php:556
/var/www/html/vendor/orchestra/testbench-core/src/Concerns/CreatesApplication.php:311
/var/www/html/vendor/orchestra/testbench-core/src/TestCase.php:121
/var/www/html/vendor/orchestra/testbench-core/src/Concerns/ApplicationTestingHooks.php:74
/var/www/html/vendor/orchestra/testbench-core/src/Concerns/Testing.php:43
/var/www/html/vendor/laravel/framework/src/Illuminate/Collections/helpers.php:236
/var/www/html/vendor/orchestra/sidekick/src/functions.php:87
/var/www/html/vendor/laravel/framework/src/Illuminate/Collections/helpers.php:236
/var/www/html/vendor/orchestra/testbench-core/src/Concerns/Testing.php:57
/var/www/html/vendor/orchestra/testbench-core/src/TestCase.php:50
/var/www/html/tests/TestCase.php:61
/var/www/html/tests/Unit/LaravelMcpServiceProviderTest.php:53</error>
          </testcase>
        </testsuite>
      </testsuite>
      <testsuite name="JTD\LaravelMCP\Tests\Unit\Notifications\McpErrorNotificationTest" file="/var/www/html/tests/Unit/Notifications/McpErrorNotificationTest.php" tests="12" assertions="0" errors="12" failures="0" skipped="0" time="0.000000">
        <testcase name="it_creates_notification_with_required_parameters" file="/var/www/html/tests/Unit/Notifications/McpErrorNotificationTest.php" line="29" class="JTD\LaravelMCP\Tests\Unit\Notifications\McpErrorNotificationTest" classname="JTD.LaravelMCP.Tests.Unit.Notifications.McpErrorNotificationTest" assertions="0" time="0.000000">
          <error type="Exception">JTD\LaravelMCP\Tests\Unit\Notifications\McpErrorNotificationTest::it_creates_notification_with_required_parameters
Exception: The /var/www/html/vendor/orchestra/testbench-core/laravel/bootstrap/cache directory must be present and writable.

/var/www/html/vendor/laravel/framework/src/Illuminate/Foundation/PackageManifest.php:179
/var/www/html/vendor/orchestra/testbench-core/src/Foundation/PackageManifest.php:157
/var/www/html/vendor/laravel/framework/src/Illuminate/Foundation/PackageManifest.php:132
/var/www/html/vendor/laravel/framework/src/Illuminate/Foundation/PackageManifest.php:108
/var/www/html/vendor/orchestra/testbench-core/src/Foundation/PackageManifest.php:102
/var/www/html/vendor/laravel/framework/src/Illuminate/Foundation/PackageManifest.php:91
/var/www/html/vendor/laravel/framework/src/Illuminate/Foundation/PackageManifest.php:80
/var/www/html/vendor/laravel/framework/src/Illuminate/Foundation/Bootstrap/RegisterFacades.php:26
/var/www/html/vendor/orchestra/testbench-core/src/Concerns/CreatesApplication.php:556
/var/www/html/vendor/orchestra/testbench-core/src/Concerns/CreatesApplication.php:311
/var/www/html/vendor/orchestra/testbench-core/src/TestCase.php:121
/var/www/html/vendor/orchestra/testbench-core/src/Concerns/ApplicationTestingHooks.php:74
/var/www/html/vendor/orchestra/testbench-core/src/Concerns/Testing.php:43
/var/www/html/vendor/laravel/framework/src/Illuminate/Collections/helpers.php:236
/var/www/html/vendor/orchestra/sidekick/src/functions.php:87
/var/www/html/vendor/laravel/framework/src/Illuminate/Collections/helpers.php:236
/var/www/html/vendor/orchestra/testbench-core/src/Concerns/Testing.php:57
/var/www/html/vendor/orchestra/testbench-core/src/TestCase.php:50
/var/www/html/tests/TestCase.php:61</error>
        </testcase>
        <testcase name="it_creates_notification_with_all_parameters" file="/var/www/html/tests/Unit/Notifications/McpErrorNotificationTest.php" line="47" class="JTD\LaravelMCP\Tests\Unit\Notifications\McpErrorNotificationTest" classname="JTD.LaravelMCP.Tests.Unit.Notifications.McpErrorNotificationTest" assertions="0" time="0.000000">
          <error type="Exception">JTD\LaravelMCP\Tests\Unit\Notifications\McpErrorNotificationTest::it_creates_notification_with_all_parameters
Exception: The /var/www/html/vendor/orchestra/testbench-core/laravel/bootstrap/cache directory must be present and writable.

/var/www/html/vendor/laravel/framework/src/Illuminate/Foundation/PackageManifest.php:179
/var/www/html/vendor/orchestra/testbench-core/src/Foundation/PackageManifest.php:157
/var/www/html/vendor/laravel/framework/src/Illuminate/Foundation/PackageManifest.php:132
/var/www/html/vendor/laravel/framework/src/Illuminate/Foundation/PackageManifest.php:108
/var/www/html/vendor/orchestra/testbench-core/src/Foundation/PackageManifest.php:102
/var/www/html/vendor/laravel/framework/src/Illuminate/Foundation/PackageManifest.php:91
/var/www/html/vendor/laravel/framework/src/Illuminate/Foundation/PackageManifest.php:80
/var/www/html/vendor/laravel/framework/src/Illuminate/Foundation/Bootstrap/RegisterFacades.php:26
/var/www/html/vendor/orchestra/testbench-core/src/Concerns/CreatesApplication.php:556
/var/www/html/vendor/orchestra/testbench-core/src/Concerns/CreatesApplication.php:311
/var/www/html/vendor/orchestra/testbench-core/src/TestCase.php:121
/var/www/html/vendor/orchestra/testbench-core/src/Concerns/ApplicationTestingHooks.php:74
/var/www/html/vendor/orchestra/testbench-core/src/Concerns/Testing.php:43
/var/www/html/vendor/laravel/framework/src/Illuminate/Collections/helpers.php:236
/var/www/html/vendor/orchestra/sidekick/src/functions.php:87
/var/www/html/vendor/laravel/framework/src/Illuminate/Collections/helpers.php:236
/var/www/html/vendor/orchestra/testbench-core/src/Concerns/Testing.php:57
/var/www/html/vendor/orchestra/testbench-core/src/TestCase.php:50
/var/www/html/tests/TestCase.php:61</error>
        </testcase>
        <testcase name="it_determines_notification_channels_based_on_severity" file="/var/www/html/tests/Unit/Notifications/McpErrorNotificationTest.php" line="71" class="JTD\LaravelMCP\Tests\Unit\Notifications\McpErrorNotificationTest" classname="JTD.LaravelMCP.Tests.Unit.Notifications.McpErrorNotificationTest" assertions="0" time="0.000000">
          <error type="Exception">JTD\LaravelMCP\Tests\Unit\Notifications\McpErrorNotificationTest::it_determines_notification_channels_based_on_severity
Exception: The /var/www/html/vendor/orchestra/testbench-core/laravel/bootstrap/cache directory must be present and writable.

/var/www/html/vendor/laravel/framework/src/Illuminate/Foundation/PackageManifest.php:179
/var/www/html/vendor/orchestra/testbench-core/src/Foundation/PackageManifest.php:157
/var/www/html/vendor/laravel/framework/src/Illuminate/Foundation/PackageManifest.php:132
/var/www/html/vendor/laravel/framework/src/Illuminate/Foundation/PackageManifest.php:108
/var/www/html/vendor/orchestra/testbench-core/src/Foundation/PackageManifest.php:102
/var/www/html/vendor/laravel/framework/src/Illuminate/Foundation/PackageManifest.php:91
/var/www/html/vendor/laravel/framework/src/Illuminate/Foundation/PackageManifest.php:80
/var/www/html/vendor/laravel/framework/src/Illuminate/Foundation/Bootstrap/RegisterFacades.php:26
/var/www/html/vendor/orchestra/testbench-core/src/Concerns/CreatesApplication.php:556
/var/www/html/vendor/orchestra/testbench-core/src/Concerns/CreatesApplication.php:311
/var/www/html/vendor/orchestra/testbench-core/src/TestCase.php:121
/var/www/html/vendor/orchestra/testbench-core/src/Concerns/ApplicationTestingHooks.php:74
/var/www/html/vendor/orchestra/testbench-core/src/Concerns/Testing.php:43
/var/www/html/vendor/laravel/framework/src/Illuminate/Collections/helpers.php:236
/var/www/html/vendor/orchestra/sidekick/src/functions.php:87
/var/www/html/vendor/laravel/framework/src/Illuminate/Collections/helpers.php:236
/var/www/html/vendor/orchestra/testbench-core/src/Concerns/Testing.php:57
/var/www/html/vendor/orchestra/testbench-core/src/TestCase.php:50
/var/www/html/tests/TestCase.php:61</error>
        </testcase>
        <testcase name="it_creates_mail_message" file="/var/www/html/tests/Unit/Notifications/McpErrorNotificationTest.php" line="89" class="JTD\LaravelMCP\Tests\Unit\Notifications\McpErrorNotificationTest" classname="JTD.LaravelMCP.Tests.Unit.Notifications.McpErrorNotificationTest" assertions="0" time="0.000000">
          <error type="Exception">JTD\LaravelMCP\Tests\Unit\Notifications\McpErrorNotificationTest::it_creates_mail_message
Exception: The /var/www/html/vendor/orchestra/testbench-core/laravel/bootstrap/cache directory must be present and writable.

/var/www/html/vendor/laravel/framework/src/Illuminate/Foundation/PackageManifest.php:179
/var/www/html/vendor/orchestra/testbench-core/src/Foundation/PackageManifest.php:157
/var/www/html/vendor/laravel/framework/src/Illuminate/Foundation/PackageManifest.php:132
/var/www/html/vendor/laravel/framework/src/Illuminate/Foundation/PackageManifest.php:108
/var/www/html/vendor/orchestra/testbench-core/src/Foundation/PackageManifest.php:102
/var/www/html/vendor/laravel/framework/src/Illuminate/Foundation/PackageManifest.php:91
/var/www/html/vendor/laravel/framework/src/Illuminate/Foundation/PackageManifest.php:80
/var/www/html/vendor/laravel/framework/src/Illuminate/Foundation/Bootstrap/RegisterFacades.php:26
/var/www/html/vendor/orchestra/testbench-core/src/Concerns/CreatesApplication.php:556
/var/www/html/vendor/orchestra/testbench-core/src/Concerns/CreatesApplication.php:311
/var/www/html/vendor/orchestra/testbench-core/src/TestCase.php:121
/var/www/html/vendor/orchestra/testbench-core/src/Concerns/ApplicationTestingHooks.php:74
/var/www/html/vendor/orchestra/testbench-core/src/Concerns/Testing.php:43
/var/www/html/vendor/laravel/framework/src/Illuminate/Collections/helpers.php:236
/var/www/html/vendor/orchestra/sidekick/src/functions.php:87
/var/www/html/vendor/laravel/framework/src/Illuminate/Collections/helpers.php:236
/var/www/html/vendor/orchestra/testbench-core/src/Concerns/Testing.php:57
/var/www/html/vendor/orchestra/testbench-core/src/TestCase.php:50
/var/www/html/tests/TestCase.php:61</error>
        </testcase>
        <testcase name="it_creates_array_representation" file="/var/www/html/tests/Unit/Notifications/McpErrorNotificationTest.php" line="114" class="JTD\LaravelMCP\Tests\Unit\Notifications\McpErrorNotificationTest" classname="JTD.LaravelMCP.Tests.Unit.Notifications.McpErrorNotificationTest" assertions="0" time="0.000000">
          <error type="Exception">JTD\LaravelMCP\Tests\Unit\Notifications\McpErrorNotificationTest::it_creates_array_representation
Exception: The /var/www/html/vendor/orchestra/testbench-core/laravel/bootstrap/cache directory must be present and writable.

/var/www/html/vendor/laravel/framework/src/Illuminate/Foundation/PackageManifest.php:179
/var/www/html/vendor/orchestra/testbench-core/src/Foundation/PackageManifest.php:157
/var/www/html/vendor/laravel/framework/src/Illuminate/Foundation/PackageManifest.php:132
/var/www/html/vendor/laravel/framework/src/Illuminate/Foundation/PackageManifest.php:108
/var/www/html/vendor/orchestra/testbench-core/src/Foundation/PackageManifest.php:102
/var/www/html/vendor/laravel/framework/src/Illuminate/Foundation/PackageManifest.php:91
/var/www/html/vendor/laravel/framework/src/Illuminate/Foundation/PackageManifest.php:80
/var/www/html/vendor/laravel/framework/src/Illuminate/Foundation/Bootstrap/RegisterFacades.php:26
/var/www/html/vendor/orchestra/testbench-core/src/Concerns/CreatesApplication.php:556
/var/www/html/vendor/orchestra/testbench-core/src/Concerns/CreatesApplication.php:311
/var/www/html/vendor/orchestra/testbench-core/src/TestCase.php:121
/var/www/html/vendor/orchestra/testbench-core/src/Concerns/ApplicationTestingHooks.php:74
/var/www/html/vendor/orchestra/testbench-core/src/Concerns/Testing.php:43
/var/www/html/vendor/laravel/framework/src/Illuminate/Collections/helpers.php:236
/var/www/html/vendor/orchestra/sidekick/src/functions.php:87
/var/www/html/vendor/laravel/framework/src/Illuminate/Collections/helpers.php:236
/var/www/html/vendor/orchestra/testbench-core/src/Concerns/Testing.php:57
/var/www/html/vendor/orchestra/testbench-core/src/TestCase.php:50
/var/www/html/tests/TestCase.php:61</error>
        </testcase>
        <testcase name="it_creates_slack_message" file="/var/www/html/tests/Unit/Notifications/McpErrorNotificationTest.php" line="147" class="JTD\LaravelMCP\Tests\Unit\Notifications\McpErrorNotificationTest" classname="JTD.LaravelMCP.Tests.Unit.Notifications.McpErrorNotificationTest" assertions="0" time="0.000000">
          <error type="Exception">JTD\LaravelMCP\Tests\Unit\Notifications\McpErrorNotificationTest::it_creates_slack_message
Exception: The /var/www/html/vendor/orchestra/testbench-core/laravel/bootstrap/cache directory must be present and writable.

/var/www/html/vendor/laravel/framework/src/Illuminate/Foundation/PackageManifest.php:179
/var/www/html/vendor/orchestra/testbench-core/src/Foundation/PackageManifest.php:157
/var/www/html/vendor/laravel/framework/src/Illuminate/Foundation/PackageManifest.php:132
/var/www/html/vendor/laravel/framework/src/Illuminate/Foundation/PackageManifest.php:108
/var/www/html/vendor/orchestra/testbench-core/src/Foundation/PackageManifest.php:102
/var/www/html/vendor/laravel/framework/src/Illuminate/Foundation/PackageManifest.php:91
/var/www/html/vendor/laravel/framework/src/Illuminate/Foundation/PackageManifest.php:80
/var/www/html/vendor/laravel/framework/src/Illuminate/Foundation/Bootstrap/RegisterFacades.php:26
/var/www/html/vendor/orchestra/testbench-core/src/Concerns/CreatesApplication.php:556
/var/www/html/vendor/orchestra/testbench-core/src/Concerns/CreatesApplication.php:311
/var/www/html/vendor/orchestra/testbench-core/src/TestCase.php:121
/var/www/html/vendor/orchestra/testbench-core/src/Concerns/ApplicationTestingHooks.php:74
/var/www/html/vendor/orchestra/testbench-core/src/Concerns/Testing.php:43
/var/www/html/vendor/laravel/framework/src/Illuminate/Collections/helpers.php:236
/var/www/html/vendor/orchestra/sidekick/src/functions.php:87
/var/www/html/vendor/laravel/framework/src/Illuminate/Collections/helpers.php:236
/var/www/html/vendor/orchestra/testbench-core/src/Concerns/Testing.php:57
/var/www/html/vendor/orchestra/testbench-core/src/TestCase.php:50
/var/www/html/tests/TestCase.php:61</error>
        </testcase>
        <testcase name="it_determines_if_notification_should_be_sent" file="/var/www/html/tests/Unit/Notifications/McpErrorNotificationTest.php" line="167" class="JTD\LaravelMCP\Tests\Unit\Notifications\McpErrorNotificationTest" classname="JTD.LaravelMCP.Tests.Unit.Notifications.McpErrorNotificationTest" assertions="0" time="0.000000">
          <error type="Exception">JTD\LaravelMCP\Tests\Unit\Notifications\McpErrorNotificationTest::it_determines_if_notification_should_be_sent
Exception: The /var/www/html/vendor/orchestra/testbench-core/laravel/bootstrap/cache directory must be present and writable.

/var/www/html/vendor/laravel/framework/src/Illuminate/Foundation/PackageManifest.php:179
/var/www/html/vendor/orchestra/testbench-core/src/Foundation/PackageManifest.php:157
/var/www/html/vendor/laravel/framework/src/Illuminate/Foundation/PackageManifest.php:132
/var/www/html/vendor/laravel/framework/src/Illuminate/Foundation/PackageManifest.php:108
/var/www/html/vendor/orchestra/testbench-core/src/Foundation/PackageManifest.php:102
/var/www/html/vendor/laravel/framework/src/Illuminate/Foundation/PackageManifest.php:91
/var/www/html/vendor/laravel/framework/src/Illuminate/Foundation/PackageManifest.php:80
/var/www/html/vendor/laravel/framework/src/Illuminate/Foundation/Bootstrap/RegisterFacades.php:26
/var/www/html/vendor/orchestra/testbench-core/src/Concerns/CreatesApplication.php:556
/var/www/html/vendor/orchestra/testbench-core/src/Concerns/CreatesApplication.php:311
/var/www/html/vendor/orchestra/testbench-core/src/TestCase.php:121
/var/www/html/vendor/orchestra/testbench-core/src/Concerns/ApplicationTestingHooks.php:74
/var/www/html/vendor/orchestra/testbench-core/src/Concerns/Testing.php:43
/var/www/html/vendor/laravel/framework/src/Illuminate/Collections/helpers.php:236
/var/www/html/vendor/orchestra/sidekick/src/functions.php:87
/var/www/html/vendor/laravel/framework/src/Illuminate/Collections/helpers.php:236
/var/www/html/vendor/orchestra/testbench-core/src/Concerns/Testing.php:57
/var/www/html/vendor/orchestra/testbench-core/src/TestCase.php:50
/var/www/html/tests/TestCase.php:61</error>
        </testcase>
        <testcase name="it_checks_slack_channel_configuration" file="/var/www/html/tests/Unit/Notifications/McpErrorNotificationTest.php" line="196" class="JTD\LaravelMCP\Tests\Unit\Notifications\McpErrorNotificationTest" classname="JTD.LaravelMCP.Tests.Unit.Notifications.McpErrorNotificationTest" assertions="0" time="0.000000">
          <error type="Exception">JTD\LaravelMCP\Tests\Unit\Notifications\McpErrorNotificationTest::it_checks_slack_channel_configuration
Exception: The /var/www/html/vendor/orchestra/testbench-core/laravel/bootstrap/cache directory must be present and writable.

/var/www/html/vendor/laravel/framework/src/Illuminate/Foundation/PackageManifest.php:179
/var/www/html/vendor/orchestra/testbench-core/src/Foundation/PackageManifest.php:157
/var/www/html/vendor/laravel/framework/src/Illuminate/Foundation/PackageManifest.php:132
/var/www/html/vendor/laravel/framework/src/Illuminate/Foundation/PackageManifest.php:108
/var/www/html/vendor/orchestra/testbench-core/src/Foundation/PackageManifest.php:102
/var/www/html/vendor/laravel/framework/src/Illuminate/Foundation/PackageManifest.php:91
/var/www/html/vendor/laravel/framework/src/Illuminate/Foundation/PackageManifest.php:80
/var/www/html/vendor/laravel/framework/src/Illuminate/Foundation/Bootstrap/RegisterFacades.php:26
/var/www/html/vendor/orchestra/testbench-core/src/Concerns/CreatesApplication.php:556
/var/www/html/vendor/orchestra/testbench-core/src/Concerns/CreatesApplication.php:311
/var/www/html/vendor/orchestra/testbench-core/src/TestCase.php:121
/var/www/html/vendor/orchestra/testbench-core/src/Concerns/ApplicationTestingHooks.php:74
/var/www/html/vendor/orchestra/testbench-core/src/Concerns/Testing.php:43
/var/www/html/vendor/laravel/framework/src/Illuminate/Collections/helpers.php:236
/var/www/html/vendor/orchestra/sidekick/src/functions.php:87
/var/www/html/vendor/laravel/framework/src/Illuminate/Collections/helpers.php:236
/var/www/html/vendor/orchestra/testbench-core/src/Concerns/Testing.php:57
/var/www/html/vendor/orchestra/testbench-core/src/TestCase.php:50
/var/www/html/tests/TestCase.php:61</error>
        </testcase>
        <testcase name="it_has_correct_tags" file="/var/www/html/tests/Unit/Notifications/McpErrorNotificationTest.php" line="212" class="JTD\LaravelMCP\Tests\Unit\Notifications\McpErrorNotificationTest" classname="JTD.LaravelMCP.Tests.Unit.Notifications.McpErrorNotificationTest" assertions="0" time="0.000000">
          <error type="Exception">JTD\LaravelMCP\Tests\Unit\Notifications\McpErrorNotificationTest::it_has_correct_tags
Exception: The /var/www/html/vendor/orchestra/testbench-core/laravel/bootstrap/cache directory must be present and writable.

/var/www/html/vendor/laravel/framework/src/Illuminate/Foundation/PackageManifest.php:179
/var/www/html/vendor/orchestra/testbench-core/src/Foundation/PackageManifest.php:157
/var/www/html/vendor/laravel/framework/src/Illuminate/Foundation/PackageManifest.php:132
/var/www/html/vendor/laravel/framework/src/Illuminate/Foundation/PackageManifest.php:108
/var/www/html/vendor/orchestra/testbench-core/src/Foundation/PackageManifest.php:102
/var/www/html/vendor/laravel/framework/src/Illuminate/Foundation/PackageManifest.php:91
/var/www/html/vendor/laravel/framework/src/Illuminate/Foundation/PackageManifest.php:80
/var/www/html/vendor/laravel/framework/src/Illuminate/Foundation/Bootstrap/RegisterFacades.php:26
/var/www/html/vendor/orchestra/testbench-core/src/Concerns/CreatesApplication.php:556
/var/www/html/vendor/orchestra/testbench-core/src/Concerns/CreatesApplication.php:311
/var/www/html/vendor/orchestra/testbench-core/src/TestCase.php:121
/var/www/html/vendor/orchestra/testbench-core/src/Concerns/ApplicationTestingHooks.php:74
/var/www/html/vendor/orchestra/testbench-core/src/Concerns/Testing.php:43
/var/www/html/vendor/laravel/framework/src/Illuminate/Collections/helpers.php:236
/var/www/html/vendor/orchestra/sidekick/src/functions.php:87
/var/www/html/vendor/laravel/framework/src/Illuminate/Collections/helpers.php:236
/var/www/html/vendor/orchestra/testbench-core/src/Concerns/Testing.php:57
/var/www/html/vendor/orchestra/testbench-core/src/TestCase.php:50
/var/www/html/tests/TestCase.php:61</error>
        </testcase>
        <testcase name="it_generates_correct_email_subject_based_on_severity" file="/var/www/html/tests/Unit/Notifications/McpErrorNotificationTest.php" line="234" class="JTD\LaravelMCP\Tests\Unit\Notifications\McpErrorNotificationTest" classname="JTD.LaravelMCP.Tests.Unit.Notifications.McpErrorNotificationTest" assertions="0" time="0.000000">
          <error type="Exception">JTD\LaravelMCP\Tests\Unit\Notifications\McpErrorNotificationTest::it_generates_correct_email_subject_based_on_severity
Exception: The /var/www/html/vendor/orchestra/testbench-core/laravel/bootstrap/cache directory must be present and writable.

/var/www/html/vendor/laravel/framework/src/Illuminate/Foundation/PackageManifest.php:179
/var/www/html/vendor/orchestra/testbench-core/src/Foundation/PackageManifest.php:157
/var/www/html/vendor/laravel/framework/src/Illuminate/Foundation/PackageManifest.php:132
/var/www/html/vendor/laravel/framework/src/Illuminate/Foundation/PackageManifest.php:108
/var/www/html/vendor/orchestra/testbench-core/src/Foundation/PackageManifest.php:102
/var/www/html/vendor/laravel/framework/src/Illuminate/Foundation/PackageManifest.php:91
/var/www/html/vendor/laravel/framework/src/Illuminate/Foundation/PackageManifest.php:80
/var/www/html/vendor/laravel/framework/src/Illuminate/Foundation/Bootstrap/RegisterFacades.php:26
/var/www/html/vendor/orchestra/testbench-core/src/Concerns/CreatesApplication.php:556
/var/www/html/vendor/orchestra/testbench-core/src/Concerns/CreatesApplication.php:311
/var/www/html/vendor/orchestra/testbench-core/src/TestCase.php:121
/var/www/html/vendor/orchestra/testbench-core/src/Concerns/ApplicationTestingHooks.php:74
/var/www/html/vendor/orchestra/testbench-core/src/Concerns/Testing.php:43
/var/www/html/vendor/laravel/framework/src/Illuminate/Collections/helpers.php:236
/var/www/html/vendor/orchestra/sidekick/src/functions.php:87
/var/www/html/vendor/laravel/framework/src/Illuminate/Collections/helpers.php:236
/var/www/html/vendor/orchestra/testbench-core/src/Concerns/Testing.php:57
/var/www/html/vendor/orchestra/testbench-core/src/TestCase.php:50
/var/www/html/tests/TestCase.php:61</error>
        </testcase>
        <testcase name="it_generates_correct_email_greeting_based_on_severity" file="/var/www/html/tests/Unit/Notifications/McpErrorNotificationTest.php" line="251" class="JTD\LaravelMCP\Tests\Unit\Notifications\McpErrorNotificationTest" classname="JTD.LaravelMCP.Tests.Unit.Notifications.McpErrorNotificationTest" assertions="0" time="0.000000">
          <error type="Exception">JTD\LaravelMCP\Tests\Unit\Notifications\McpErrorNotificationTest::it_generates_correct_email_greeting_based_on_severity
Exception: The /var/www/html/vendor/orchestra/testbench-core/laravel/bootstrap/cache directory must be present and writable.

/var/www/html/vendor/laravel/framework/src/Illuminate/Foundation/PackageManifest.php:179
/var/www/html/vendor/orchestra/testbench-core/src/Foundation/PackageManifest.php:157
/var/www/html/vendor/laravel/framework/src/Illuminate/Foundation/PackageManifest.php:132
/var/www/html/vendor/laravel/framework/src/Illuminate/Foundation/PackageManifest.php:108
/var/www/html/vendor/orchestra/testbench-core/src/Foundation/PackageManifest.php:102
/var/www/html/vendor/laravel/framework/src/Illuminate/Foundation/PackageManifest.php:91
/var/www/html/vendor/laravel/framework/src/Illuminate/Foundation/PackageManifest.php:80
/var/www/html/vendor/laravel/framework/src/Illuminate/Foundation/Bootstrap/RegisterFacades.php:26
/var/www/html/vendor/orchestra/testbench-core/src/Concerns/CreatesApplication.php:556
/var/www/html/vendor/orchestra/testbench-core/src/Concerns/CreatesApplication.php:311
/var/www/html/vendor/orchestra/testbench-core/src/TestCase.php:121
/var/www/html/vendor/orchestra/testbench-core/src/Concerns/ApplicationTestingHooks.php:74
/var/www/html/vendor/orchestra/testbench-core/src/Concerns/Testing.php:43
/var/www/html/vendor/laravel/framework/src/Illuminate/Collections/helpers.php:236
/var/www/html/vendor/orchestra/sidekick/src/functions.php:87
/var/www/html/vendor/laravel/framework/src/Illuminate/Collections/helpers.php:236
/var/www/html/vendor/orchestra/testbench-core/src/Concerns/Testing.php:57
/var/www/html/vendor/orchestra/testbench-core/src/TestCase.php:50
/var/www/html/tests/TestCase.php:61</error>
        </testcase>
        <testcase name="it_formats_slack_content_with_correct_emoji" file="/var/www/html/tests/Unit/Notifications/McpErrorNotificationTest.php" line="268" class="JTD\LaravelMCP\Tests\Unit\Notifications\McpErrorNotificationTest" classname="JTD.LaravelMCP.Tests.Unit.Notifications.McpErrorNotificationTest" assertions="0" time="0.000000">
          <error type="Exception">JTD\LaravelMCP\Tests\Unit\Notifications\McpErrorNotificationTest::it_formats_slack_content_with_correct_emoji
Exception: The /var/www/html/vendor/orchestra/testbench-core/laravel/bootstrap/cache directory must be present and writable.

/var/www/html/vendor/laravel/framework/src/Illuminate/Foundation/PackageManifest.php:179
/var/www/html/vendor/orchestra/testbench-core/src/Foundation/PackageManifest.php:157
/var/www/html/vendor/laravel/framework/src/Illuminate/Foundation/PackageManifest.php:132
/var/www/html/vendor/laravel/framework/src/Illuminate/Foundation/PackageManifest.php:108
/var/www/html/vendor/orchestra/testbench-core/src/Foundation/PackageManifest.php:102
/var/www/html/vendor/laravel/framework/src/Illuminate/Foundation/PackageManifest.php:91
/var/www/html/vendor/laravel/framework/src/Illuminate/Foundation/PackageManifest.php:80
/var/www/html/vendor/laravel/framework/src/Illuminate/Foundation/Bootstrap/RegisterFacades.php:26
/var/www/html/vendor/orchestra/testbench-core/src/Concerns/CreatesApplication.php:556
/var/www/html/vendor/orchestra/testbench-core/src/Concerns/CreatesApplication.php:311
/var/www/html/vendor/orchestra/testbench-core/src/TestCase.php:121
/var/www/html/vendor/orchestra/testbench-core/src/Concerns/ApplicationTestingHooks.php:74
/var/www/html/vendor/orchestra/testbench-core/src/Concerns/Testing.php:43
/var/www/html/vendor/laravel/framework/src/Illuminate/Collections/helpers.php:236
/var/www/html/vendor/orchestra/sidekick/src/functions.php:87
/var/www/html/vendor/laravel/framework/src/Illuminate/Collections/helpers.php:236
/var/www/html/vendor/orchestra/testbench-core/src/Concerns/Testing.php:57
/var/www/html/vendor/orchestra/testbench-core/src/TestCase.php:50
/var/www/html/tests/TestCase.php:61</error>
        </testcase>
      </testsuite>
      <testsuite name="Tests\Unit\Protocol\Contracts\JsonRpcHandlerInterfaceTest" file="/var/www/html/tests/Unit/Protocol/Contracts/JsonRpcHandlerInterfaceTest.php" tests="24" assertions="0" errors="24" failures="0" skipped="0" time="0.000000">
        <testcase name="test_handle_request_with_valid_request" file="/var/www/html/tests/Unit/Protocol/Contracts/JsonRpcHandlerInterfaceTest.php" line="30" class="Tests\Unit\Protocol\Contracts\JsonRpcHandlerInterfaceTest" classname="Tests.Unit.Protocol.Contracts.JsonRpcHandlerInterfaceTest" assertions="0" time="0.000000">
          <error type="Exception">Tests\Unit\Protocol\Contracts\JsonRpcHandlerInterfaceTest::test_handle_request_with_valid_request
Exception: The /var/www/html/vendor/orchestra/testbench-core/laravel/bootstrap/cache directory must be present and writable.

/var/www/html/vendor/laravel/framework/src/Illuminate/Foundation/PackageManifest.php:179
/var/www/html/vendor/orchestra/testbench-core/src/Foundation/PackageManifest.php:157
/var/www/html/vendor/laravel/framework/src/Illuminate/Foundation/PackageManifest.php:132
/var/www/html/vendor/laravel/framework/src/Illuminate/Foundation/PackageManifest.php:108
/var/www/html/vendor/orchestra/testbench-core/src/Foundation/PackageManifest.php:102
/var/www/html/vendor/laravel/framework/src/Illuminate/Foundation/PackageManifest.php:91
/var/www/html/vendor/laravel/framework/src/Illuminate/Foundation/PackageManifest.php:80
/var/www/html/vendor/laravel/framework/src/Illuminate/Foundation/Bootstrap/RegisterFacades.php:26
/var/www/html/vendor/orchestra/testbench-core/src/Concerns/CreatesApplication.php:556
/var/www/html/vendor/orchestra/testbench-core/src/Concerns/CreatesApplication.php:311
/var/www/html/vendor/orchestra/testbench-core/src/TestCase.php:121
/var/www/html/vendor/orchestra/testbench-core/src/Concerns/ApplicationTestingHooks.php:74
/var/www/html/vendor/orchestra/testbench-core/src/Concerns/Testing.php:43
/var/www/html/vendor/laravel/framework/src/Illuminate/Collections/helpers.php:236
/var/www/html/vendor/orchestra/sidekick/src/functions.php:87
/var/www/html/vendor/laravel/framework/src/Illuminate/Collections/helpers.php:236
/var/www/html/vendor/orchestra/testbench-core/src/Concerns/Testing.php:57
/var/www/html/vendor/orchestra/testbench-core/src/TestCase.php:50
/var/www/html/tests/TestCase.php:61
/var/www/html/tests/Unit/Protocol/Contracts/JsonRpcHandlerInterfaceTest.php:22</error>
        </testcase>
        <testcase name="test_handle_request_with_params" file="/var/www/html/tests/Unit/Protocol/Contracts/JsonRpcHandlerInterfaceTest.php" line="58" class="Tests\Unit\Protocol\Contracts\JsonRpcHandlerInterfaceTest" classname="Tests.Unit.Protocol.Contracts.JsonRpcHandlerInterfaceTest" assertions="0" time="0.000000">
          <error type="Exception">Tests\Unit\Protocol\Contracts\JsonRpcHandlerInterfaceTest::test_handle_request_with_params
Exception: The /var/www/html/vendor/orchestra/testbench-core/laravel/bootstrap/cache directory must be present and writable.

/var/www/html/vendor/laravel/framework/src/Illuminate/Foundation/PackageManifest.php:179
/var/www/html/vendor/orchestra/testbench-core/src/Foundation/PackageManifest.php:157
/var/www/html/vendor/laravel/framework/src/Illuminate/Foundation/PackageManifest.php:132
/var/www/html/vendor/laravel/framework/src/Illuminate/Foundation/PackageManifest.php:108
/var/www/html/vendor/orchestra/testbench-core/src/Foundation/PackageManifest.php:102
/var/www/html/vendor/laravel/framework/src/Illuminate/Foundation/PackageManifest.php:91
/var/www/html/vendor/laravel/framework/src/Illuminate/Foundation/PackageManifest.php:80
/var/www/html/vendor/laravel/framework/src/Illuminate/Foundation/Bootstrap/RegisterFacades.php:26
/var/www/html/vendor/orchestra/testbench-core/src/Concerns/CreatesApplication.php:556
/var/www/html/vendor/orchestra/testbench-core/src/Concerns/CreatesApplication.php:311
/var/www/html/vendor/orchestra/testbench-core/src/TestCase.php:121
/var/www/html/vendor/orchestra/testbench-core/src/Concerns/ApplicationTestingHooks.php:74
/var/www/html/vendor/orchestra/testbench-core/src/Concerns/Testing.php:43
/var/www/html/vendor/laravel/framework/src/Illuminate/Collections/helpers.php:236
/var/www/html/vendor/orchestra/sidekick/src/functions.php:87
/var/www/html/vendor/laravel/framework/src/Illuminate/Collections/helpers.php:236
/var/www/html/vendor/orchestra/testbench-core/src/Concerns/Testing.php:57
/var/www/html/vendor/orchestra/testbench-core/src/TestCase.php:50
/var/www/html/tests/TestCase.php:61
/var/www/html/tests/Unit/Protocol/Contracts/JsonRpcHandlerInterfaceTest.php:22</error>
        </testcase>
        <testcase name="test_handle_notification" file="/var/www/html/tests/Unit/Protocol/Contracts/JsonRpcHandlerInterfaceTest.php" line="90" class="Tests\Unit\Protocol\Contracts\JsonRpcHandlerInterfaceTest" classname="Tests.Unit.Protocol.Contracts.JsonRpcHandlerInterfaceTest" assertions="0" time="0.000000">
          <error type="Exception">Tests\Unit\Protocol\Contracts\JsonRpcHandlerInterfaceTest::test_handle_notification
Exception: The /var/www/html/vendor/orchestra/testbench-core/laravel/bootstrap/cache directory must be present and writable.

/var/www/html/vendor/laravel/framework/src/Illuminate/Foundation/PackageManifest.php:179
/var/www/html/vendor/orchestra/testbench-core/src/Foundation/PackageManifest.php:157
/var/www/html/vendor/laravel/framework/src/Illuminate/Foundation/PackageManifest.php:132
/var/www/html/vendor/laravel/framework/src/Illuminate/Foundation/PackageManifest.php:108
/var/www/html/vendor/orchestra/testbench-core/src/Foundation/PackageManifest.php:102
/var/www/html/vendor/laravel/framework/src/Illuminate/Foundation/PackageManifest.php:91
/var/www/html/vendor/laravel/framework/src/Illuminate/Foundation/PackageManifest.php:80
/var/www/html/vendor/laravel/framework/src/Illuminate/Foundation/Bootstrap/RegisterFacades.php:26
/var/www/html/vendor/orchestra/testbench-core/src/Concerns/CreatesApplication.php:556
/var/www/html/vendor/orchestra/testbench-core/src/Concerns/CreatesApplication.php:311
/var/www/html/vendor/orchestra/testbench-core/src/TestCase.php:121
/var/www/html/vendor/orchestra/testbench-core/src/Concerns/ApplicationTestingHooks.php:74
/var/www/html/vendor/orchestra/testbench-core/src/Concerns/Testing.php:43
/var/www/html/vendor/laravel/framework/src/Illuminate/Collections/helpers.php:236
/var/www/html/vendor/orchestra/sidekick/src/functions.php:87
/var/www/html/vendor/laravel/framework/src/Illuminate/Collections/helpers.php:236
/var/www/html/vendor/orchestra/testbench-core/src/Concerns/Testing.php:57
/var/www/html/vendor/orchestra/testbench-core/src/TestCase.php:50
/var/www/html/tests/TestCase.php:61
/var/www/html/tests/Unit/Protocol/Contracts/JsonRpcHandlerInterfaceTest.php:22</error>
        </testcase>
        <testcase name="test_handle_notification_with_params" file="/var/www/html/tests/Unit/Protocol/Contracts/JsonRpcHandlerInterfaceTest.php" line="108" class="Tests\Unit\Protocol\Contracts\JsonRpcHandlerInterfaceTest" classname="Tests.Unit.Protocol.Contracts.JsonRpcHandlerInterfaceTest" assertions="0" time="0.000000">
          <error type="Exception">Tests\Unit\Protocol\Contracts\JsonRpcHandlerInterfaceTest::test_handle_notification_with_params
Exception: The /var/www/html/vendor/orchestra/testbench-core/laravel/bootstrap/cache directory must be present and writable.

/var/www/html/vendor/laravel/framework/src/Illuminate/Foundation/PackageManifest.php:179
/var/www/html/vendor/orchestra/testbench-core/src/Foundation/PackageManifest.php:157
/var/www/html/vendor/laravel/framework/src/Illuminate/Foundation/PackageManifest.php:132
/var/www/html/vendor/laravel/framework/src/Illuminate/Foundation/PackageManifest.php:108
/var/www/html/vendor/orchestra/testbench-core/src/Foundation/PackageManifest.php:102
/var/www/html/vendor/laravel/framework/src/Illuminate/Foundation/PackageManifest.php:91
/var/www/html/vendor/laravel/framework/src/Illuminate/Foundation/PackageManifest.php:80
/var/www/html/vendor/laravel/framework/src/Illuminate/Foundation/Bootstrap/RegisterFacades.php:26
/var/www/html/vendor/orchestra/testbench-core/src/Concerns/CreatesApplication.php:556
/var/www/html/vendor/orchestra/testbench-core/src/Concerns/CreatesApplication.php:311
/var/www/html/vendor/orchestra/testbench-core/src/TestCase.php:121
/var/www/html/vendor/orchestra/testbench-core/src/Concerns/ApplicationTestingHooks.php:74
/var/www/html/vendor/orchestra/testbench-core/src/Concerns/Testing.php:43
/var/www/html/vendor/laravel/framework/src/Illuminate/Collections/helpers.php:236
/var/www/html/vendor/orchestra/sidekick/src/functions.php:87
/var/www/html/vendor/laravel/framework/src/Illuminate/Collections/helpers.php:236
/var/www/html/vendor/orchestra/testbench-core/src/Concerns/Testing.php:57
/var/www/html/vendor/orchestra/testbench-core/src/TestCase.php:50
/var/www/html/tests/TestCase.php:61
/var/www/html/tests/Unit/Protocol/Contracts/JsonRpcHandlerInterfaceTest.php:22</error>
        </testcase>
        <testcase name="test_handle_response_success" file="/var/www/html/tests/Unit/Protocol/Contracts/JsonRpcHandlerInterfaceTest.php" line="130" class="Tests\Unit\Protocol\Contracts\JsonRpcHandlerInterfaceTest" classname="Tests.Unit.Protocol.Contracts.JsonRpcHandlerInterfaceTest" assertions="0" time="0.000000">
          <error type="Exception">Tests\Unit\Protocol\Contracts\JsonRpcHandlerInterfaceTest::test_handle_response_success
Exception: The /var/www/html/vendor/orchestra/testbench-core/laravel/bootstrap/cache directory must be present and writable.

/var/www/html/vendor/laravel/framework/src/Illuminate/Foundation/PackageManifest.php:179
/var/www/html/vendor/orchestra/testbench-core/src/Foundation/PackageManifest.php:157
/var/www/html/vendor/laravel/framework/src/Illuminate/Foundation/PackageManifest.php:132
/var/www/html/vendor/laravel/framework/src/Illuminate/Foundation/PackageManifest.php:108
/var/www/html/vendor/orchestra/testbench-core/src/Foundation/PackageManifest.php:102
/var/www/html/vendor/laravel/framework/src/Illuminate/Foundation/PackageManifest.php:91
/var/www/html/vendor/laravel/framework/src/Illuminate/Foundation/PackageManifest.php:80
/var/www/html/vendor/laravel/framework/src/Illuminate/Foundation/Bootstrap/RegisterFacades.php:26
/var/www/html/vendor/orchestra/testbench-core/src/Concerns/CreatesApplication.php:556
/var/www/html/vendor/orchestra/testbench-core/src/Concerns/CreatesApplication.php:311
/var/www/html/vendor/orchestra/testbench-core/src/TestCase.php:121
/var/www/html/vendor/orchestra/testbench-core/src/Concerns/ApplicationTestingHooks.php:74
/var/www/html/vendor/orchestra/testbench-core/src/Concerns/Testing.php:43
/var/www/html/vendor/laravel/framework/src/Illuminate/Collections/helpers.php:236
/var/www/html/vendor/orchestra/sidekick/src/functions.php:87
/var/www/html/vendor/laravel/framework/src/Illuminate/Collections/helpers.php:236
/var/www/html/vendor/orchestra/testbench-core/src/Concerns/Testing.php:57
/var/www/html/vendor/orchestra/testbench-core/src/TestCase.php:50
/var/www/html/tests/TestCase.php:61
/var/www/html/tests/Unit/Protocol/Contracts/JsonRpcHandlerInterfaceTest.php:22</error>
        </testcase>
        <testcase name="test_handle_response_error" file="/var/www/html/tests/Unit/Protocol/Contracts/JsonRpcHandlerInterfaceTest.php" line="149" class="Tests\Unit\Protocol\Contracts\JsonRpcHandlerInterfaceTest" classname="Tests.Unit.Protocol.Contracts.JsonRpcHandlerInterfaceTest" assertions="0" time="0.000000">
          <error type="Exception">Tests\Unit\Protocol\Contracts\JsonRpcHandlerInterfaceTest::test_handle_response_error
Exception: The /var/www/html/vendor/orchestra/testbench-core/laravel/bootstrap/cache directory must be present and writable.

/var/www/html/vendor/laravel/framework/src/Illuminate/Foundation/PackageManifest.php:179
/var/www/html/vendor/orchestra/testbench-core/src/Foundation/PackageManifest.php:157
/var/www/html/vendor/laravel/framework/src/Illuminate/Foundation/PackageManifest.php:132
/var/www/html/vendor/laravel/framework/src/Illuminate/Foundation/PackageManifest.php:108
/var/www/html/vendor/orchestra/testbench-core/src/Foundation/PackageManifest.php:102
/var/www/html/vendor/laravel/framework/src/Illuminate/Foundation/PackageManifest.php:91
/var/www/html/vendor/laravel/framework/src/Illuminate/Foundation/PackageManifest.php:80
/var/www/html/vendor/laravel/framework/src/Illuminate/Foundation/Bootstrap/RegisterFacades.php:26
/var/www/html/vendor/orchestra/testbench-core/src/Concerns/CreatesApplication.php:556
/var/www/html/vendor/orchestra/testbench-core/src/Concerns/CreatesApplication.php:311
/var/www/html/vendor/orchestra/testbench-core/src/TestCase.php:121
/var/www/html/vendor/orchestra/testbench-core/src/Concerns/ApplicationTestingHooks.php:74
/var/www/html/vendor/orchestra/testbench-core/src/Concerns/Testing.php:43
/var/www/html/vendor/laravel/framework/src/Illuminate/Collections/helpers.php:236
/var/www/html/vendor/orchestra/sidekick/src/functions.php:87
/var/www/html/vendor/laravel/framework/src/Illuminate/Collections/helpers.php:236
/var/www/html/vendor/orchestra/testbench-core/src/Concerns/Testing.php:57
/var/www/html/vendor/orchestra/testbench-core/src/TestCase.php:50
/var/www/html/tests/TestCase.php:61
/var/www/html/tests/Unit/Protocol/Contracts/JsonRpcHandlerInterfaceTest.php:22</error>
        </testcase>
        <testcase name="test_create_request_without_params" file="/var/www/html/tests/Unit/Protocol/Contracts/JsonRpcHandlerInterfaceTest.php" line="171" class="Tests\Unit\Protocol\Contracts\JsonRpcHandlerInterfaceTest" classname="Tests.Unit.Protocol.Contracts.JsonRpcHandlerInterfaceTest" assertions="0" time="0.000000">
          <error type="Exception">Tests\Unit\Protocol\Contracts\JsonRpcHandlerInterfaceTest::test_create_request_without_params
Exception: The /var/www/html/vendor/orchestra/testbench-core/laravel/bootstrap/cache directory must be present and writable.

/var/www/html/vendor/laravel/framework/src/Illuminate/Foundation/PackageManifest.php:179
/var/www/html/vendor/orchestra/testbench-core/src/Foundation/PackageManifest.php:157
/var/www/html/vendor/laravel/framework/src/Illuminate/Foundation/PackageManifest.php:132
/var/www/html/vendor/laravel/framework/src/Illuminate/Foundation/PackageManifest.php:108
/var/www/html/vendor/orchestra/testbench-core/src/Foundation/PackageManifest.php:102
/var/www/html/vendor/laravel/framework/src/Illuminate/Foundation/PackageManifest.php:91
/var/www/html/vendor/laravel/framework/src/Illuminate/Foundation/PackageManifest.php:80
/var/www/html/vendor/laravel/framework/src/Illuminate/Foundation/Bootstrap/RegisterFacades.php:26
/var/www/html/vendor/orchestra/testbench-core/src/Concerns/CreatesApplication.php:556
/var/www/html/vendor/orchestra/testbench-core/src/Concerns/CreatesApplication.php:311
/var/www/html/vendor/orchestra/testbench-core/src/TestCase.php:121
/var/www/html/vendor/orchestra/testbench-core/src/Concerns/ApplicationTestingHooks.php:74
/var/www/html/vendor/orchestra/testbench-core/src/Concerns/Testing.php:43
/var/www/html/vendor/laravel/framework/src/Illuminate/Collections/helpers.php:236
/var/www/html/vendor/orchestra/sidekick/src/functions.php:87
/var/www/html/vendor/laravel/framework/src/Illuminate/Collections/helpers.php:236
/var/www/html/vendor/orchestra/testbench-core/src/Concerns/Testing.php:57
/var/www/html/vendor/orchestra/testbench-core/src/TestCase.php:50
/var/www/html/tests/TestCase.php:61
/var/www/html/tests/Unit/Protocol/Contracts/JsonRpcHandlerInterfaceTest.php:22</error>
        </testcase>
        <testcase name="test_create_request_with_params" file="/var/www/html/tests/Unit/Protocol/Contracts/JsonRpcHandlerInterfaceTest.php" line="193" class="Tests\Unit\Protocol\Contracts\JsonRpcHandlerInterfaceTest" classname="Tests.Unit.Protocol.Contracts.JsonRpcHandlerInterfaceTest" assertions="0" time="0.000000">
          <error type="Exception">Tests\Unit\Protocol\Contracts\JsonRpcHandlerInterfaceTest::test_create_request_with_params
Exception: The /var/www/html/vendor/orchestra/testbench-core/laravel/bootstrap/cache directory must be present and writable.

/var/www/html/vendor/laravel/framework/src/Illuminate/Foundation/PackageManifest.php:179
/var/www/html/vendor/orchestra/testbench-core/src/Foundation/PackageManifest.php:157
/var/www/html/vendor/laravel/framework/src/Illuminate/Foundation/PackageManifest.php:132
/var/www/html/vendor/laravel/framework/src/Illuminate/Foundation/PackageManifest.php:108
/var/www/html/vendor/orchestra/testbench-core/src/Foundation/PackageManifest.php:102
/var/www/html/vendor/laravel/framework/src/Illuminate/Foundation/PackageManifest.php:91
/var/www/html/vendor/laravel/framework/src/Illuminate/Foundation/PackageManifest.php:80
/var/www/html/vendor/laravel/framework/src/Illuminate/Foundation/Bootstrap/RegisterFacades.php:26
/var/www/html/vendor/orchestra/testbench-core/src/Concerns/CreatesApplication.php:556
/var/www/html/vendor/orchestra/testbench-core/src/Concerns/CreatesApplication.php:311
/var/www/html/vendor/orchestra/testbench-core/src/TestCase.php:121
/var/www/html/vendor/orchestra/testbench-core/src/Concerns/ApplicationTestingHooks.php:74
/var/www/html/vendor/orchestra/testbench-core/src/Concerns/Testing.php:43
/var/www/html/vendor/laravel/framework/src/Illuminate/Collections/helpers.php:236
/var/www/html/vendor/orchestra/sidekick/src/functions.php:87
/var/www/html/vendor/laravel/framework/src/Illuminate/Collections/helpers.php:236
/var/www/html/vendor/orchestra/testbench-core/src/Concerns/Testing.php:57
/var/www/html/vendor/orchestra/testbench-core/src/TestCase.php:50
/var/www/html/tests/TestCase.php:61
/var/www/html/tests/Unit/Protocol/Contracts/JsonRpcHandlerInterfaceTest.php:22</error>
        </testcase>
        <testcase name="test_create_request_notification" file="/var/www/html/tests/Unit/Protocol/Contracts/JsonRpcHandlerInterfaceTest.php" line="218" class="Tests\Unit\Protocol\Contracts\JsonRpcHandlerInterfaceTest" classname="Tests.Unit.Protocol.Contracts.JsonRpcHandlerInterfaceTest" assertions="0" time="0.000000">
          <error type="Exception">Tests\Unit\Protocol\Contracts\JsonRpcHandlerInterfaceTest::test_create_request_notification
Exception: The /var/www/html/vendor/orchestra/testbench-core/laravel/bootstrap/cache directory must be present and writable.

/var/www/html/vendor/laravel/framework/src/Illuminate/Foundation/PackageManifest.php:179
/var/www/html/vendor/orchestra/testbench-core/src/Foundation/PackageManifest.php:157
/var/www/html/vendor/laravel/framework/src/Illuminate/Foundation/PackageManifest.php:132
/var/www/html/vendor/laravel/framework/src/Illuminate/Foundation/PackageManifest.php:108
/var/www/html/vendor/orchestra/testbench-core/src/Foundation/PackageManifest.php:102
/var/www/html/vendor/laravel/framework/src/Illuminate/Foundation/PackageManifest.php:91
/var/www/html/vendor/laravel/framework/src/Illuminate/Foundation/PackageManifest.php:80
/var/www/html/vendor/laravel/framework/src/Illuminate/Foundation/Bootstrap/RegisterFacades.php:26
/var/www/html/vendor/orchestra/testbench-core/src/Concerns/CreatesApplication.php:556
/var/www/html/vendor/orchestra/testbench-core/src/Concerns/CreatesApplication.php:311
/var/www/html/vendor/orchestra/testbench-core/src/TestCase.php:121
/var/www/html/vendor/orchestra/testbench-core/src/Concerns/ApplicationTestingHooks.php:74
/var/www/html/vendor/orchestra/testbench-core/src/Concerns/Testing.php:43
/var/www/html/vendor/laravel/framework/src/Illuminate/Collections/helpers.php:236
/var/www/html/vendor/orchestra/sidekick/src/functions.php:87
/var/www/html/vendor/laravel/framework/src/Illuminate/Collections/helpers.php:236
/var/www/html/vendor/orchestra/testbench-core/src/Concerns/Testing.php:57
/var/www/html/vendor/orchestra/testbench-core/src/TestCase.php:50
/var/www/html/tests/TestCase.php:61
/var/www/html/tests/Unit/Protocol/Contracts/JsonRpcHandlerInterfaceTest.php:22</error>
        </testcase>
        <testcase name="test_create_success_response" file="/var/www/html/tests/Unit/Protocol/Contracts/JsonRpcHandlerInterfaceTest.php" line="239" class="Tests\Unit\Protocol\Contracts\JsonRpcHandlerInterfaceTest" classname="Tests.Unit.Protocol.Contracts.JsonRpcHandlerInterfaceTest" assertions="0" time="0.000000">
          <error type="Exception">Tests\Unit\Protocol\Contracts\JsonRpcHandlerInterfaceTest::test_create_success_response
Exception: The /var/www/html/vendor/orchestra/testbench-core/laravel/bootstrap/cache directory must be present and writable.

/var/www/html/vendor/laravel/framework/src/Illuminate/Foundation/PackageManifest.php:179
/var/www/html/vendor/orchestra/testbench-core/src/Foundation/PackageManifest.php:157
/var/www/html/vendor/laravel/framework/src/Illuminate/Foundation/PackageManifest.php:132
/var/www/html/vendor/laravel/framework/src/Illuminate/Foundation/PackageManifest.php:108
/var/www/html/vendor/orchestra/testbench-core/src/Foundation/PackageManifest.php:102
/var/www/html/vendor/laravel/framework/src/Illuminate/Foundation/PackageManifest.php:91
/var/www/html/vendor/laravel/framework/src/Illuminate/Foundation/PackageManifest.php:80
/var/www/html/vendor/laravel/framework/src/Illuminate/Foundation/Bootstrap/RegisterFacades.php:26
/var/www/html/vendor/orchestra/testbench-core/src/Concerns/CreatesApplication.php:556
/var/www/html/vendor/orchestra/testbench-core/src/Concerns/CreatesApplication.php:311
/var/www/html/vendor/orchestra/testbench-core/src/TestCase.php:121
/var/www/html/vendor/orchestra/testbench-core/src/Concerns/ApplicationTestingHooks.php:74
/var/www/html/vendor/orchestra/testbench-core/src/Concerns/Testing.php:43
/var/www/html/vendor/laravel/framework/src/Illuminate/Collections/helpers.php:236
/var/www/html/vendor/orchestra/sidekick/src/functions.php:87
/var/www/html/vendor/laravel/framework/src/Illuminate/Collections/helpers.php:236
/var/www/html/vendor/orchestra/testbench-core/src/Concerns/Testing.php:57
/var/www/html/vendor/orchestra/testbench-core/src/TestCase.php:50
/var/www/html/tests/TestCase.php:61
/var/www/html/tests/Unit/Protocol/Contracts/JsonRpcHandlerInterfaceTest.php:22</error>
        </testcase>
        <testcase name="test_create_error_response_without_data" file="/var/www/html/tests/Unit/Protocol/Contracts/JsonRpcHandlerInterfaceTest.php" line="264" class="Tests\Unit\Protocol\Contracts\JsonRpcHandlerInterfaceTest" classname="Tests.Unit.Protocol.Contracts.JsonRpcHandlerInterfaceTest" assertions="0" time="0.000000">
          <error type="Exception">Tests\Unit\Protocol\Contracts\JsonRpcHandlerInterfaceTest::test_create_error_response_without_data
Exception: The /var/www/html/vendor/orchestra/testbench-core/laravel/bootstrap/cache directory must be present and writable.

/var/www/html/vendor/laravel/framework/src/Illuminate/Foundation/PackageManifest.php:179
/var/www/html/vendor/orchestra/testbench-core/src/Foundation/PackageManifest.php:157
/var/www/html/vendor/laravel/framework/src/Illuminate/Foundation/PackageManifest.php:132
/var/www/html/vendor/laravel/framework/src/Illuminate/Foundation/PackageManifest.php:108
/var/www/html/vendor/orchestra/testbench-core/src/Foundation/PackageManifest.php:102
/var/www/html/vendor/laravel/framework/src/Illuminate/Foundation/PackageManifest.php:91
/var/www/html/vendor/laravel/framework/src/Illuminate/Foundation/PackageManifest.php:80
/var/www/html/vendor/laravel/framework/src/Illuminate/Foundation/Bootstrap/RegisterFacades.php:26
/var/www/html/vendor/orchestra/testbench-core/src/Concerns/CreatesApplication.php:556
/var/www/html/vendor/orchestra/testbench-core/src/Concerns/CreatesApplication.php:311
/var/www/html/vendor/orchestra/testbench-core/src/TestCase.php:121
/var/www/html/vendor/orchestra/testbench-core/src/Concerns/ApplicationTestingHooks.php:74
/var/www/html/vendor/orchestra/testbench-core/src/Concerns/Testing.php:43
/var/www/html/vendor/laravel/framework/src/Illuminate/Collections/helpers.php:236
/var/www/html/vendor/orchestra/sidekick/src/functions.php:87
/var/www/html/vendor/laravel/framework/src/Illuminate/Collections/helpers.php:236
/var/www/html/vendor/orchestra/testbench-core/src/Concerns/Testing.php:57
/var/www/html/vendor/orchestra/testbench-core/src/TestCase.php:50
/var/www/html/tests/TestCase.php:61
/var/www/html/tests/Unit/Protocol/Contracts/JsonRpcHandlerInterfaceTest.php:22</error>
        </testcase>
        <testcase name="test_create_error_response_with_data" file="/var/www/html/tests/Unit/Protocol/Contracts/JsonRpcHandlerInterfaceTest.php" line="289" class="Tests\Unit\Protocol\Contracts\JsonRpcHandlerInterfaceTest" classname="Tests.Unit.Protocol.Contracts.JsonRpcHandlerInterfaceTest" assertions="0" time="0.000000">
          <error type="Exception">Tests\Unit\Protocol\Contracts\JsonRpcHandlerInterfaceTest::test_create_error_response_with_data
Exception: The /var/www/html/vendor/orchestra/testbench-core/laravel/bootstrap/cache directory must be present and writable.

/var/www/html/vendor/laravel/framework/src/Illuminate/Foundation/PackageManifest.php:179
/var/www/html/vendor/orchestra/testbench-core/src/Foundation/PackageManifest.php:157
/var/www/html/vendor/laravel/framework/src/Illuminate/Foundation/PackageManifest.php:132
/var/www/html/vendor/laravel/framework/src/Illuminate/Foundation/PackageManifest.php:108
/var/www/html/vendor/orchestra/testbench-core/src/Foundation/PackageManifest.php:102
/var/www/html/vendor/laravel/framework/src/Illuminate/Foundation/PackageManifest.php:91
/var/www/html/vendor/laravel/framework/src/Illuminate/Foundation/PackageManifest.php:80
/var/www/html/vendor/laravel/framework/src/Illuminate/Foundation/Bootstrap/RegisterFacades.php:26
/var/www/html/vendor/orchestra/testbench-core/src/Concerns/CreatesApplication.php:556
/var/www/html/vendor/orchestra/testbench-core/src/Concerns/CreatesApplication.php:311
/var/www/html/vendor/orchestra/testbench-core/src/TestCase.php:121
/var/www/html/vendor/orchestra/testbench-core/src/Concerns/ApplicationTestingHooks.php:74
/var/www/html/vendor/orchestra/testbench-core/src/Concerns/Testing.php:43
/var/www/html/vendor/laravel/framework/src/Illuminate/Collections/helpers.php:236
/var/www/html/vendor/orchestra/sidekick/src/functions.php:87
/var/www/html/vendor/laravel/framework/src/Illuminate/Collections/helpers.php:236
/var/www/html/vendor/orchestra/testbench-core/src/Concerns/Testing.php:57
/var/www/html/vendor/orchestra/testbench-core/src/TestCase.php:50
/var/www/html/tests/TestCase.php:61
/var/www/html/tests/Unit/Protocol/Contracts/JsonRpcHandlerInterfaceTest.php:22</error>
        </testcase>
        <testcase name="test_create_error_response_for_notification" file="/var/www/html/tests/Unit/Protocol/Contracts/JsonRpcHandlerInterfaceTest.php" line="317" class="Tests\Unit\Protocol\Contracts\JsonRpcHandlerInterfaceTest" classname="Tests.Unit.Protocol.Contracts.JsonRpcHandlerInterfaceTest" assertions="0" time="0.000000">
          <error type="Exception">Tests\Unit\Protocol\Contracts\JsonRpcHandlerInterfaceTest::test_create_error_response_for_notification
Exception: The /var/www/html/vendor/orchestra/testbench-core/laravel/bootstrap/cache directory must be present and writable.

/var/www/html/vendor/laravel/framework/src/Illuminate/Foundation/PackageManifest.php:179
/var/www/html/vendor/orchestra/testbench-core/src/Foundation/PackageManifest.php:157
/var/www/html/vendor/laravel/framework/src/Illuminate/Foundation/PackageManifest.php:132
/var/www/html/vendor/laravel/framework/src/Illuminate/Foundation/PackageManifest.php:108
/var/www/html/vendor/orchestra/testbench-core/src/Foundation/PackageManifest.php:102
/var/www/html/vendor/laravel/framework/src/Illuminate/Foundation/PackageManifest.php:91
/var/www/html/vendor/laravel/framework/src/Illuminate/Foundation/PackageManifest.php:80
/var/www/html/vendor/laravel/framework/src/Illuminate/Foundation/Bootstrap/RegisterFacades.php:26
/var/www/html/vendor/orchestra/testbench-core/src/Concerns/CreatesApplication.php:556
/var/www/html/vendor/orchestra/testbench-core/src/Concerns/CreatesApplication.php:311
/var/www/html/vendor/orchestra/testbench-core/src/TestCase.php:121
/var/www/html/vendor/orchestra/testbench-core/src/Concerns/ApplicationTestingHooks.php:74
/var/www/html/vendor/orchestra/testbench-core/src/Concerns/Testing.php:43
/var/www/html/vendor/laravel/framework/src/Illuminate/Collections/helpers.php:236
/var/www/html/vendor/orchestra/sidekick/src/functions.php:87
/var/www/html/vendor/laravel/framework/src/Illuminate/Collections/helpers.php:236
/var/www/html/vendor/orchestra/testbench-core/src/Concerns/Testing.php:57
/var/www/html/vendor/orchestra/testbench-core/src/TestCase.php:50
/var/www/html/tests/TestCase.php:61
/var/www/html/tests/Unit/Protocol/Contracts/JsonRpcHandlerInterfaceTest.php:22</error>
        </testcase>
        <testcase name="test_validate_message_valid" file="/var/www/html/tests/Unit/Protocol/Contracts/JsonRpcHandlerInterfaceTest.php" line="342" class="Tests\Unit\Protocol\Contracts\JsonRpcHandlerInterfaceTest" classname="Tests.Unit.Protocol.Contracts.JsonRpcHandlerInterfaceTest" assertions="0" time="0.000000">
          <error type="Exception">Tests\Unit\Protocol\Contracts\JsonRpcHandlerInterfaceTest::test_validate_message_valid
Exception: The /var/www/html/vendor/orchestra/testbench-core/laravel/bootstrap/cache directory must be present and writable.

/var/www/html/vendor/laravel/framework/src/Illuminate/Foundation/PackageManifest.php:179
/var/www/html/vendor/orchestra/testbench-core/src/Foundation/PackageManifest.php:157
/var/www/html/vendor/laravel/framework/src/Illuminate/Foundation/PackageManifest.php:132
/var/www/html/vendor/laravel/framework/src/Illuminate/Foundation/PackageManifest.php:108
/var/www/html/vendor/orchestra/testbench-core/src/Foundation/PackageManifest.php:102
/var/www/html/vendor/laravel/framework/src/Illuminate/Foundation/PackageManifest.php:91
/var/www/html/vendor/laravel/framework/src/Illuminate/Foundation/PackageManifest.php:80
/var/www/html/vendor/laravel/framework/src/Illuminate/Foundation/Bootstrap/RegisterFacades.php:26
/var/www/html/vendor/orchestra/testbench-core/src/Concerns/CreatesApplication.php:556
/var/www/html/vendor/orchestra/testbench-core/src/Concerns/CreatesApplication.php:311
/var/www/html/vendor/orchestra/testbench-core/src/TestCase.php:121
/var/www/html/vendor/orchestra/testbench-core/src/Concerns/ApplicationTestingHooks.php:74
/var/www/html/vendor/orchestra/testbench-core/src/Concerns/Testing.php:43
/var/www/html/vendor/laravel/framework/src/Illuminate/Collections/helpers.php:236
/var/www/html/vendor/orchestra/sidekick/src/functions.php:87
/var/www/html/vendor/laravel/framework/src/Illuminate/Collections/helpers.php:236
/var/www/html/vendor/orchestra/testbench-core/src/Concerns/Testing.php:57
/var/www/html/vendor/orchestra/testbench-core/src/TestCase.php:50
/var/www/html/tests/TestCase.php:61
/var/www/html/tests/Unit/Protocol/Contracts/JsonRpcHandlerInterfaceTest.php:22</error>
        </testcase>
        <testcase name="test_validate_message_invalid" file="/var/www/html/tests/Unit/Protocol/Contracts/JsonRpcHandlerInterfaceTest.php" line="362" class="Tests\Unit\Protocol\Contracts\JsonRpcHandlerInterfaceTest" classname="Tests.Unit.Protocol.Contracts.JsonRpcHandlerInterfaceTest" assertions="0" time="0.000000">
          <error type="Exception">Tests\Unit\Protocol\Contracts\JsonRpcHandlerInterfaceTest::test_validate_message_invalid
Exception: The /var/www/html/vendor/orchestra/testbench-core/laravel/bootstrap/cache directory must be present and writable.

/var/www/html/vendor/laravel/framework/src/Illuminate/Foundation/PackageManifest.php:179
/var/www/html/vendor/orchestra/testbench-core/src/Foundation/PackageManifest.php:157
/var/www/html/vendor/laravel/framework/src/Illuminate/Foundation/PackageManifest.php:132
/var/www/html/vendor/laravel/framework/src/Illuminate/Foundation/PackageManifest.php:108
/var/www/html/vendor/orchestra/testbench-core/src/Foundation/PackageManifest.php:102
/var/www/html/vendor/laravel/framework/src/Illuminate/Foundation/PackageManifest.php:91
/var/www/html/vendor/laravel/framework/src/Illuminate/Foundation/PackageManifest.php:80
/var/www/html/vendor/laravel/framework/src/Illuminate/Foundation/Bootstrap/RegisterFacades.php:26
/var/www/html/vendor/orchestra/testbench-core/src/Concerns/CreatesApplication.php:556
/var/www/html/vendor/orchestra/testbench-core/src/Concerns/CreatesApplication.php:311
/var/www/html/vendor/orchestra/testbench-core/src/TestCase.php:121
/var/www/html/vendor/orchestra/testbench-core/src/Concerns/ApplicationTestingHooks.php:74
/var/www/html/vendor/orchestra/testbench-core/src/Concerns/Testing.php:43
/var/www/html/vendor/laravel/framework/src/Illuminate/Collections/helpers.php:236
/var/www/html/vendor/orchestra/sidekick/src/functions.php:87
/var/www/html/vendor/laravel/framework/src/Illuminate/Collections/helpers.php:236
/var/www/html/vendor/orchestra/testbench-core/src/Concerns/Testing.php:57
/var/www/html/vendor/orchestra/testbench-core/src/TestCase.php:50
/var/www/html/tests/TestCase.php:61
/var/www/html/tests/Unit/Protocol/Contracts/JsonRpcHandlerInterfaceTest.php:22</error>
        </testcase>
        <testcase name="test_is_request_valid" file="/var/www/html/tests/Unit/Protocol/Contracts/JsonRpcHandlerInterfaceTest.php" line="380" class="Tests\Unit\Protocol\Contracts\JsonRpcHandlerInterfaceTest" classname="Tests.Unit.Protocol.Contracts.JsonRpcHandlerInterfaceTest" assertions="0" time="0.000000">
          <error type="Exception">Tests\Unit\Protocol\Contracts\JsonRpcHandlerInterfaceTest::test_is_request_valid
Exception: The /var/www/html/vendor/orchestra/testbench-core/laravel/bootstrap/cache directory must be present and writable.

/var/www/html/vendor/laravel/framework/src/Illuminate/Foundation/PackageManifest.php:179
/var/www/html/vendor/orchestra/testbench-core/src/Foundation/PackageManifest.php:157
/var/www/html/vendor/laravel/framework/src/Illuminate/Foundation/PackageManifest.php:132
/var/www/html/vendor/laravel/framework/src/Illuminate/Foundation/PackageManifest.php:108
/var/www/html/vendor/orchestra/testbench-core/src/Foundation/PackageManifest.php:102
/var/www/html/vendor/laravel/framework/src/Illuminate/Foundation/PackageManifest.php:91
/var/www/html/vendor/laravel/framework/src/Illuminate/Foundation/PackageManifest.php:80
/var/www/html/vendor/laravel/framework/src/Illuminate/Foundation/Bootstrap/RegisterFacades.php:26
/var/www/html/vendor/orchestra/testbench-core/src/Concerns/CreatesApplication.php:556
/var/www/html/vendor/orchestra/testbench-core/src/Concerns/CreatesApplication.php:311
/var/www/html/vendor/orchestra/testbench-core/src/TestCase.php:121
/var/www/html/vendor/orchestra/testbench-core/src/Concerns/ApplicationTestingHooks.php:74
/var/www/html/vendor/orchestra/testbench-core/src/Concerns/Testing.php:43
/var/www/html/vendor/laravel/framework/src/Illuminate/Collections/helpers.php:236
/var/www/html/vendor/orchestra/sidekick/src/functions.php:87
/var/www/html/vendor/laravel/framework/src/Illuminate/Collections/helpers.php:236
/var/www/html/vendor/orchestra/testbench-core/src/Concerns/Testing.php:57
/var/www/html/vendor/orchestra/testbench-core/src/TestCase.php:50
/var/www/html/tests/TestCase.php:61
/var/www/html/tests/Unit/Protocol/Contracts/JsonRpcHandlerInterfaceTest.php:22</error>
        </testcase>
        <testcase name="test_is_request_with_notification" file="/var/www/html/tests/Unit/Protocol/Contracts/JsonRpcHandlerInterfaceTest.php" line="400" class="Tests\Unit\Protocol\Contracts\JsonRpcHandlerInterfaceTest" classname="Tests.Unit.Protocol.Contracts.JsonRpcHandlerInterfaceTest" assertions="0" time="0.000000">
          <error type="Exception">Tests\Unit\Protocol\Contracts\JsonRpcHandlerInterfaceTest::test_is_request_with_notification
Exception: The /var/www/html/vendor/orchestra/testbench-core/laravel/bootstrap/cache directory must be present and writable.

/var/www/html/vendor/laravel/framework/src/Illuminate/Foundation/PackageManifest.php:179
/var/www/html/vendor/orchestra/testbench-core/src/Foundation/PackageManifest.php:157
/var/www/html/vendor/laravel/framework/src/Illuminate/Foundation/PackageManifest.php:132
/var/www/html/vendor/laravel/framework/src/Illuminate/Foundation/PackageManifest.php:108
/var/www/html/vendor/orchestra/testbench-core/src/Foundation/PackageManifest.php:102
/var/www/html/vendor/laravel/framework/src/Illuminate/Foundation/PackageManifest.php:91
/var/www/html/vendor/laravel/framework/src/Illuminate/Foundation/PackageManifest.php:80
/var/www/html/vendor/laravel/framework/src/Illuminate/Foundation/Bootstrap/RegisterFacades.php:26
/var/www/html/vendor/orchestra/testbench-core/src/Concerns/CreatesApplication.php:556
/var/www/html/vendor/orchestra/testbench-core/src/Concerns/CreatesApplication.php:311
/var/www/html/vendor/orchestra/testbench-core/src/TestCase.php:121
/var/www/html/vendor/orchestra/testbench-core/src/Concerns/ApplicationTestingHooks.php:74
/var/www/html/vendor/orchestra/testbench-core/src/Concerns/Testing.php:43
/var/www/html/vendor/laravel/framework/src/Illuminate/Collections/helpers.php:236
/var/www/html/vendor/orchestra/sidekick/src/functions.php:87
/var/www/html/vendor/laravel/framework/src/Illuminate/Collections/helpers.php:236
/var/www/html/vendor/orchestra/testbench-core/src/Concerns/Testing.php:57
/var/www/html/vendor/orchestra/testbench-core/src/TestCase.php:50
/var/www/html/tests/TestCase.php:61
/var/www/html/tests/Unit/Protocol/Contracts/JsonRpcHandlerInterfaceTest.php:22</error>
        </testcase>
        <testcase name="test_is_notification_valid" file="/var/www/html/tests/Unit/Protocol/Contracts/JsonRpcHandlerInterfaceTest.php" line="420" class="Tests\Unit\Protocol\Contracts\JsonRpcHandlerInterfaceTest" classname="Tests.Unit.Protocol.Contracts.JsonRpcHandlerInterfaceTest" assertions="0" time="0.000000">
          <error type="Exception">Tests\Unit\Protocol\Contracts\JsonRpcHandlerInterfaceTest::test_is_notification_valid
Exception: The /var/www/html/vendor/orchestra/testbench-core/laravel/bootstrap/cache directory must be present and writable.

/var/www/html/vendor/laravel/framework/src/Illuminate/Foundation/PackageManifest.php:179
/var/www/html/vendor/orchestra/testbench-core/src/Foundation/PackageManifest.php:157
/var/www/html/vendor/laravel/framework/src/Illuminate/Foundation/PackageManifest.php:132
/var/www/html/vendor/laravel/framework/src/Illuminate/Foundation/PackageManifest.php:108
/var/www/html/vendor/orchestra/testbench-core/src/Foundation/PackageManifest.php:102
/var/www/html/vendor/laravel/framework/src/Illuminate/Foundation/PackageManifest.php:91
/var/www/html/vendor/laravel/framework/src/Illuminate/Foundation/PackageManifest.php:80
/var/www/html/vendor/laravel/framework/src/Illuminate/Foundation/Bootstrap/RegisterFacades.php:26
/var/www/html/vendor/orchestra/testbench-core/src/Concerns/CreatesApplication.php:556
/var/www/html/vendor/orchestra/testbench-core/src/Concerns/CreatesApplication.php:311
/var/www/html/vendor/orchestra/testbench-core/src/TestCase.php:121
/var/www/html/vendor/orchestra/testbench-core/src/Concerns/ApplicationTestingHooks.php:74
/var/www/html/vendor/orchestra/testbench-core/src/Concerns/Testing.php:43
/var/www/html/vendor/laravel/framework/src/Illuminate/Collections/helpers.php:236
/var/www/html/vendor/orchestra/sidekick/src/functions.php:87
/var/www/html/vendor/laravel/framework/src/Illuminate/Collections/helpers.php:236
/var/www/html/vendor/orchestra/testbench-core/src/Concerns/Testing.php:57
/var/www/html/vendor/orchestra/testbench-core/src/TestCase.php:50
/var/www/html/tests/TestCase.php:61
/var/www/html/tests/Unit/Protocol/Contracts/JsonRpcHandlerInterfaceTest.php:22</error>
        </testcase>
        <testcase name="test_is_notification_with_request" file="/var/www/html/tests/Unit/Protocol/Contracts/JsonRpcHandlerInterfaceTest.php" line="440" class="Tests\Unit\Protocol\Contracts\JsonRpcHandlerInterfaceTest" classname="Tests.Unit.Protocol.Contracts.JsonRpcHandlerInterfaceTest" assertions="0" time="0.000000">
          <error type="Exception">Tests\Unit\Protocol\Contracts\JsonRpcHandlerInterfaceTest::test_is_notification_with_request
Exception: The /var/www/html/vendor/orchestra/testbench-core/laravel/bootstrap/cache directory must be present and writable.

/var/www/html/vendor/laravel/framework/src/Illuminate/Foundation/PackageManifest.php:179
/var/www/html/vendor/orchestra/testbench-core/src/Foundation/PackageManifest.php:157
/var/www/html/vendor/laravel/framework/src/Illuminate/Foundation/PackageManifest.php:132
/var/www/html/vendor/laravel/framework/src/Illuminate/Foundation/PackageManifest.php:108
/var/www/html/vendor/orchestra/testbench-core/src/Foundation/PackageManifest.php:102
/var/www/html/vendor/laravel/framework/src/Illuminate/Foundation/PackageManifest.php:91
/var/www/html/vendor/laravel/framework/src/Illuminate/Foundation/PackageManifest.php:80
/var/www/html/vendor/laravel/framework/src/Illuminate/Foundation/Bootstrap/RegisterFacades.php:26
/var/www/html/vendor/orchestra/testbench-core/src/Concerns/CreatesApplication.php:556
/var/www/html/vendor/orchestra/testbench-core/src/Concerns/CreatesApplication.php:311
/var/www/html/vendor/orchestra/testbench-core/src/TestCase.php:121
/var/www/html/vendor/orchestra/testbench-core/src/Concerns/ApplicationTestingHooks.php:74
/var/www/html/vendor/orchestra/testbench-core/src/Concerns/Testing.php:43
/var/www/html/vendor/laravel/framework/src/Illuminate/Collections/helpers.php:236
/var/www/html/vendor/orchestra/sidekick/src/functions.php:87
/var/www/html/vendor/laravel/framework/src/Illuminate/Collections/helpers.php:236
/var/www/html/vendor/orchestra/testbench-core/src/Concerns/Testing.php:57
/var/www/html/vendor/orchestra/testbench-core/src/TestCase.php:50
/var/www/html/tests/TestCase.php:61
/var/www/html/tests/Unit/Protocol/Contracts/JsonRpcHandlerInterfaceTest.php:22</error>
        </testcase>
        <testcase name="test_is_response_success" file="/var/www/html/tests/Unit/Protocol/Contracts/JsonRpcHandlerInterfaceTest.php" line="460" class="Tests\Unit\Protocol\Contracts\JsonRpcHandlerInterfaceTest" classname="Tests.Unit.Protocol.Contracts.JsonRpcHandlerInterfaceTest" assertions="0" time="0.000000">
          <error type="Exception">Tests\Unit\Protocol\Contracts\JsonRpcHandlerInterfaceTest::test_is_response_success
Exception: The /var/www/html/vendor/orchestra/testbench-core/laravel/bootstrap/cache directory must be present and writable.

/var/www/html/vendor/laravel/framework/src/Illuminate/Foundation/PackageManifest.php:179
/var/www/html/vendor/orchestra/testbench-core/src/Foundation/PackageManifest.php:157
/var/www/html/vendor/laravel/framework/src/Illuminate/Foundation/PackageManifest.php:132
/var/www/html/vendor/laravel/framework/src/Illuminate/Foundation/PackageManifest.php:108
/var/www/html/vendor/orchestra/testbench-core/src/Foundation/PackageManifest.php:102
/var/www/html/vendor/laravel/framework/src/Illuminate/Foundation/PackageManifest.php:91
/var/www/html/vendor/laravel/framework/src/Illuminate/Foundation/PackageManifest.php:80
/var/www/html/vendor/laravel/framework/src/Illuminate/Foundation/Bootstrap/RegisterFacades.php:26
/var/www/html/vendor/orchestra/testbench-core/src/Concerns/CreatesApplication.php:556
/var/www/html/vendor/orchestra/testbench-core/src/Concerns/CreatesApplication.php:311
/var/www/html/vendor/orchestra/testbench-core/src/TestCase.php:121
/var/www/html/vendor/orchestra/testbench-core/src/Concerns/ApplicationTestingHooks.php:74
/var/www/html/vendor/orchestra/testbench-core/src/Concerns/Testing.php:43
/var/www/html/vendor/laravel/framework/src/Illuminate/Collections/helpers.php:236
/var/www/html/vendor/orchestra/sidekick/src/functions.php:87
/var/www/html/vendor/laravel/framework/src/Illuminate/Collections/helpers.php:236
/var/www/html/vendor/orchestra/testbench-core/src/Concerns/Testing.php:57
/var/www/html/vendor/orchestra/testbench-core/src/TestCase.php:50
/var/www/html/tests/TestCase.php:61
/var/www/html/tests/Unit/Protocol/Contracts/JsonRpcHandlerInterfaceTest.php:22</error>
        </testcase>
        <testcase name="test_is_response_error" file="/var/www/html/tests/Unit/Protocol/Contracts/JsonRpcHandlerInterfaceTest.php" line="480" class="Tests\Unit\Protocol\Contracts\JsonRpcHandlerInterfaceTest" classname="Tests.Unit.Protocol.Contracts.JsonRpcHandlerInterfaceTest" assertions="0" time="0.000000">
          <error type="Exception">Tests\Unit\Protocol\Contracts\JsonRpcHandlerInterfaceTest::test_is_response_error
Exception: The /var/www/html/vendor/orchestra/testbench-core/laravel/bootstrap/cache directory must be present and writable.

/var/www/html/vendor/laravel/framework/src/Illuminate/Foundation/PackageManifest.php:179
/var/www/html/vendor/orchestra/testbench-core/src/Foundation/PackageManifest.php:157
/var/www/html/vendor/laravel/framework/src/Illuminate/Foundation/PackageManifest.php:132
/var/www/html/vendor/laravel/framework/src/Illuminate/Foundation/PackageManifest.php:108
/var/www/html/vendor/orchestra/testbench-core/src/Foundation/PackageManifest.php:102
/var/www/html/vendor/laravel/framework/src/Illuminate/Foundation/PackageManifest.php:91
/var/www/html/vendor/laravel/framework/src/Illuminate/Foundation/PackageManifest.php:80
/var/www/html/vendor/laravel/framework/src/Illuminate/Foundation/Bootstrap/RegisterFacades.php:26
/var/www/html/vendor/orchestra/testbench-core/src/Concerns/CreatesApplication.php:556
/var/www/html/vendor/orchestra/testbench-core/src/Concerns/CreatesApplication.php:311
/var/www/html/vendor/orchestra/testbench-core/src/TestCase.php:121
/var/www/html/vendor/orchestra/testbench-core/src/Concerns/ApplicationTestingHooks.php:74
/var/www/html/vendor/orchestra/testbench-core/src/Concerns/Testing.php:43
/var/www/html/vendor/laravel/framework/src/Illuminate/Collections/helpers.php:236
/var/www/html/vendor/orchestra/sidekick/src/functions.php:87
/var/www/html/vendor/laravel/framework/src/Illuminate/Collections/helpers.php:236
/var/www/html/vendor/orchestra/testbench-core/src/Concerns/Testing.php:57
/var/www/html/vendor/orchestra/testbench-core/src/TestCase.php:50
/var/www/html/tests/TestCase.php:61
/var/www/html/tests/Unit/Protocol/Contracts/JsonRpcHandlerInterfaceTest.php:22</error>
        </testcase>
        <testcase name="test_is_response_with_request" file="/var/www/html/tests/Unit/Protocol/Contracts/JsonRpcHandlerInterfaceTest.php" line="503" class="Tests\Unit\Protocol\Contracts\JsonRpcHandlerInterfaceTest" classname="Tests.Unit.Protocol.Contracts.JsonRpcHandlerInterfaceTest" assertions="0" time="0.000000">
          <error type="Exception">Tests\Unit\Protocol\Contracts\JsonRpcHandlerInterfaceTest::test_is_response_with_request
Exception: The /var/www/html/vendor/orchestra/testbench-core/laravel/bootstrap/cache directory must be present and writable.

/var/www/html/vendor/laravel/framework/src/Illuminate/Foundation/PackageManifest.php:179
/var/www/html/vendor/orchestra/testbench-core/src/Foundation/PackageManifest.php:157
/var/www/html/vendor/laravel/framework/src/Illuminate/Foundation/PackageManifest.php:132
/var/www/html/vendor/laravel/framework/src/Illuminate/Foundation/PackageManifest.php:108
/var/www/html/vendor/orchestra/testbench-core/src/Foundation/PackageManifest.php:102
/var/www/html/vendor/laravel/framework/src/Illuminate/Foundation/PackageManifest.php:91
/var/www/html/vendor/laravel/framework/src/Illuminate/Foundation/PackageManifest.php:80
/var/www/html/vendor/laravel/framework/src/Illuminate/Foundation/Bootstrap/RegisterFacades.php:26
/var/www/html/vendor/orchestra/testbench-core/src/Concerns/CreatesApplication.php:556
/var/www/html/vendor/orchestra/testbench-core/src/Concerns/CreatesApplication.php:311
/var/www/html/vendor/orchestra/testbench-core/src/TestCase.php:121
/var/www/html/vendor/orchestra/testbench-core/src/Concerns/ApplicationTestingHooks.php:74
/var/www/html/vendor/orchestra/testbench-core/src/Concerns/Testing.php:43
/var/www/html/vendor/laravel/framework/src/Illuminate/Collections/helpers.php:236
/var/www/html/vendor/orchestra/sidekick/src/functions.php:87
/var/www/html/vendor/laravel/framework/src/Illuminate/Collections/helpers.php:236
/var/www/html/vendor/orchestra/testbench-core/src/Concerns/Testing.php:57
/var/www/html/vendor/orchestra/testbench-core/src/TestCase.php:50
/var/www/html/tests/TestCase.php:61
/var/www/html/tests/Unit/Protocol/Contracts/JsonRpcHandlerInterfaceTest.php:22</error>
        </testcase>
        <testcase name="test_handle_batch_request" file="/var/www/html/tests/Unit/Protocol/Contracts/JsonRpcHandlerInterfaceTest.php" line="523" class="Tests\Unit\Protocol\Contracts\JsonRpcHandlerInterfaceTest" classname="Tests.Unit.Protocol.Contracts.JsonRpcHandlerInterfaceTest" assertions="0" time="0.000000">
          <error type="Exception">Tests\Unit\Protocol\Contracts\JsonRpcHandlerInterfaceTest::test_handle_batch_request
Exception: The /var/www/html/vendor/orchestra/testbench-core/laravel/bootstrap/cache directory must be present and writable.

/var/www/html/vendor/laravel/framework/src/Illuminate/Foundation/PackageManifest.php:179
/var/www/html/vendor/orchestra/testbench-core/src/Foundation/PackageManifest.php:157
/var/www/html/vendor/laravel/framework/src/Illuminate/Foundation/PackageManifest.php:132
/var/www/html/vendor/laravel/framework/src/Illuminate/Foundation/PackageManifest.php:108
/var/www/html/vendor/orchestra/testbench-core/src/Foundation/PackageManifest.php:102
/var/www/html/vendor/laravel/framework/src/Illuminate/Foundation/PackageManifest.php:91
/var/www/html/vendor/laravel/framework/src/Illuminate/Foundation/PackageManifest.php:80
/var/www/html/vendor/laravel/framework/src/Illuminate/Foundation/Bootstrap/RegisterFacades.php:26
/var/www/html/vendor/orchestra/testbench-core/src/Concerns/CreatesApplication.php:556
/var/www/html/vendor/orchestra/testbench-core/src/Concerns/CreatesApplication.php:311
/var/www/html/vendor/orchestra/testbench-core/src/TestCase.php:121
/var/www/html/vendor/orchestra/testbench-core/src/Concerns/ApplicationTestingHooks.php:74
/var/www/html/vendor/orchestra/testbench-core/src/Concerns/Testing.php:43
/var/www/html/vendor/laravel/framework/src/Illuminate/Collections/helpers.php:236
/var/www/html/vendor/orchestra/sidekick/src/functions.php:87
/var/www/html/vendor/laravel/framework/src/Illuminate/Collections/helpers.php:236
/var/www/html/vendor/orchestra/testbench-core/src/Concerns/Testing.php:57
/var/www/html/vendor/orchestra/testbench-core/src/TestCase.php:50
/var/www/html/tests/TestCase.php:61
/var/www/html/tests/Unit/Protocol/Contracts/JsonRpcHandlerInterfaceTest.php:22</error>
        </testcase>
        <testcase name="test_json_rpc_error_codes" file="/var/www/html/tests/Unit/Protocol/Contracts/JsonRpcHandlerInterfaceTest.php" line="551" class="Tests\Unit\Protocol\Contracts\JsonRpcHandlerInterfaceTest" classname="Tests.Unit.Protocol.Contracts.JsonRpcHandlerInterfaceTest" assertions="0" time="0.000000">
          <error type="Exception">Tests\Unit\Protocol\Contracts\JsonRpcHandlerInterfaceTest::test_json_rpc_error_codes
Exception: The /var/www/html/vendor/orchestra/testbench-core/laravel/bootstrap/cache directory must be present and writable.

/var/www/html/vendor/laravel/framework/src/Illuminate/Foundation/PackageManifest.php:179
/var/www/html/vendor/orchestra/testbench-core/src/Foundation/PackageManifest.php:157
/var/www/html/vendor/laravel/framework/src/Illuminate/Foundation/PackageManifest.php:132
/var/www/html/vendor/laravel/framework/src/Illuminate/Foundation/PackageManifest.php:108
/var/www/html/vendor/orchestra/testbench-core/src/Foundation/PackageManifest.php:102
/var/www/html/vendor/laravel/framework/src/Illuminate/Foundation/PackageManifest.php:91
/var/www/html/vendor/laravel/framework/src/Illuminate/Foundation/PackageManifest.php:80
/var/www/html/vendor/laravel/framework/src/Illuminate/Foundation/Bootstrap/RegisterFacades.php:26
/var/www/html/vendor/orchestra/testbench-core/src/Concerns/CreatesApplication.php:556
/var/www/html/vendor/orchestra/testbench-core/src/Concerns/CreatesApplication.php:311
/var/www/html/vendor/orchestra/testbench-core/src/TestCase.php:121
/var/www/html/vendor/orchestra/testbench-core/src/Concerns/ApplicationTestingHooks.php:74
/var/www/html/vendor/orchestra/testbench-core/src/Concerns/Testing.php:43
/var/www/html/vendor/laravel/framework/src/Illuminate/Collections/helpers.php:236
/var/www/html/vendor/orchestra/sidekick/src/functions.php:87
/var/www/html/vendor/laravel/framework/src/Illuminate/Collections/helpers.php:236
/var/www/html/vendor/orchestra/testbench-core/src/Concerns/Testing.php:57
/var/www/html/vendor/orchestra/testbench-core/src/TestCase.php:50
/var/www/html/tests/TestCase.php:61
/var/www/html/tests/Unit/Protocol/Contracts/JsonRpcHandlerInterfaceTest.php:22</error>
        </testcase>
      </testsuite>
      <testsuite name="Tests\Unit\Protocol\Contracts\ProtocolHandlerInterfaceTest" file="/var/www/html/tests/Unit/Protocol/Contracts/ProtocolHandlerInterfaceTest.php" tests="23" assertions="0" errors="23" failures="0" skipped="0" time="0.000000">
        <testcase name="test_initialize_with_capabilities" file="/var/www/html/tests/Unit/Protocol/Contracts/ProtocolHandlerInterfaceTest.php" line="30" class="Tests\Unit\Protocol\Contracts\ProtocolHandlerInterfaceTest" classname="Tests.Unit.Protocol.Contracts.ProtocolHandlerInterfaceTest" assertions="0" time="0.000000">
          <error type="Exception">Tests\Unit\Protocol\Contracts\ProtocolHandlerInterfaceTest::test_initialize_with_capabilities
Exception: The /var/www/html/vendor/orchestra/testbench-core/laravel/bootstrap/cache directory must be present and writable.

/var/www/html/vendor/laravel/framework/src/Illuminate/Foundation/PackageManifest.php:179
/var/www/html/vendor/orchestra/testbench-core/src/Foundation/PackageManifest.php:157
/var/www/html/vendor/laravel/framework/src/Illuminate/Foundation/PackageManifest.php:132
/var/www/html/vendor/laravel/framework/src/Illuminate/Foundation/PackageManifest.php:108
/var/www/html/vendor/orchestra/testbench-core/src/Foundation/PackageManifest.php:102
/var/www/html/vendor/laravel/framework/src/Illuminate/Foundation/PackageManifest.php:91
/var/www/html/vendor/laravel/framework/src/Illuminate/Foundation/PackageManifest.php:80
/var/www/html/vendor/laravel/framework/src/Illuminate/Foundation/Bootstrap/RegisterFacades.php:26
/var/www/html/vendor/orchestra/testbench-core/src/Concerns/CreatesApplication.php:556
/var/www/html/vendor/orchestra/testbench-core/src/Concerns/CreatesApplication.php:311
/var/www/html/vendor/orchestra/testbench-core/src/TestCase.php:121
/var/www/html/vendor/orchestra/testbench-core/src/Concerns/ApplicationTestingHooks.php:74
/var/www/html/vendor/orchestra/testbench-core/src/Concerns/Testing.php:43
/var/www/html/vendor/laravel/framework/src/Illuminate/Collections/helpers.php:236
/var/www/html/vendor/orchestra/sidekick/src/functions.php:87
/var/www/html/vendor/laravel/framework/src/Illuminate/Collections/helpers.php:236
/var/www/html/vendor/orchestra/testbench-core/src/Concerns/Testing.php:57
/var/www/html/vendor/orchestra/testbench-core/src/TestCase.php:50
/var/www/html/tests/TestCase.php:61
/var/www/html/tests/Unit/Protocol/Contracts/ProtocolHandlerInterfaceTest.php:22</error>
        </testcase>
        <testcase name="test_initialize_with_empty_capabilities" file="/var/www/html/tests/Unit/Protocol/Contracts/ProtocolHandlerInterfaceTest.php" line="50" class="Tests\Unit\Protocol\Contracts\ProtocolHandlerInterfaceTest" classname="Tests.Unit.Protocol.Contracts.ProtocolHandlerInterfaceTest" assertions="0" time="0.000000">
          <error type="Exception">Tests\Unit\Protocol\Contracts\ProtocolHandlerInterfaceTest::test_initialize_with_empty_capabilities
Exception: The /var/www/html/vendor/orchestra/testbench-core/laravel/bootstrap/cache directory must be present and writable.

/var/www/html/vendor/laravel/framework/src/Illuminate/Foundation/PackageManifest.php:179
/var/www/html/vendor/orchestra/testbench-core/src/Foundation/PackageManifest.php:157
/var/www/html/vendor/laravel/framework/src/Illuminate/Foundation/PackageManifest.php:132
/var/www/html/vendor/laravel/framework/src/Illuminate/Foundation/PackageManifest.php:108
/var/www/html/vendor/orchestra/testbench-core/src/Foundation/PackageManifest.php:102
/var/www/html/vendor/laravel/framework/src/Illuminate/Foundation/PackageManifest.php:91
/var/www/html/vendor/laravel/framework/src/Illuminate/Foundation/PackageManifest.php:80
/var/www/html/vendor/laravel/framework/src/Illuminate/Foundation/Bootstrap/RegisterFacades.php:26
/var/www/html/vendor/orchestra/testbench-core/src/Concerns/CreatesApplication.php:556
/var/www/html/vendor/orchestra/testbench-core/src/Concerns/CreatesApplication.php:311
/var/www/html/vendor/orchestra/testbench-core/src/TestCase.php:121
/var/www/html/vendor/orchestra/testbench-core/src/Concerns/ApplicationTestingHooks.php:74
/var/www/html/vendor/orchestra/testbench-core/src/Concerns/Testing.php:43
/var/www/html/vendor/laravel/framework/src/Illuminate/Collections/helpers.php:236
/var/www/html/vendor/orchestra/sidekick/src/functions.php:87
/var/www/html/vendor/laravel/framework/src/Illuminate/Collections/helpers.php:236
/var/www/html/vendor/orchestra/testbench-core/src/Concerns/Testing.php:57
/var/www/html/vendor/orchestra/testbench-core/src/TestCase.php:50
/var/www/html/tests/TestCase.php:61
/var/www/html/tests/Unit/Protocol/Contracts/ProtocolHandlerInterfaceTest.php:22</error>
        </testcase>
        <testcase name="test_handle_initialize" file="/var/www/html/tests/Unit/Protocol/Contracts/ProtocolHandlerInterfaceTest.php" line="63" class="Tests\Unit\Protocol\Contracts\ProtocolHandlerInterfaceTest" classname="Tests.Unit.Protocol.Contracts.ProtocolHandlerInterfaceTest" assertions="0" time="0.000000">
          <error type="Exception">Tests\Unit\Protocol\Contracts\ProtocolHandlerInterfaceTest::test_handle_initialize
Exception: The /var/www/html/vendor/orchestra/testbench-core/laravel/bootstrap/cache directory must be present and writable.

/var/www/html/vendor/laravel/framework/src/Illuminate/Foundation/PackageManifest.php:179
/var/www/html/vendor/orchestra/testbench-core/src/Foundation/PackageManifest.php:157
/var/www/html/vendor/laravel/framework/src/Illuminate/Foundation/PackageManifest.php:132
/var/www/html/vendor/laravel/framework/src/Illuminate/Foundation/PackageManifest.php:108
/var/www/html/vendor/orchestra/testbench-core/src/Foundation/PackageManifest.php:102
/var/www/html/vendor/laravel/framework/src/Illuminate/Foundation/PackageManifest.php:91
/var/www/html/vendor/laravel/framework/src/Illuminate/Foundation/PackageManifest.php:80
/var/www/html/vendor/laravel/framework/src/Illuminate/Foundation/Bootstrap/RegisterFacades.php:26
/var/www/html/vendor/orchestra/testbench-core/src/Concerns/CreatesApplication.php:556
/var/www/html/vendor/orchestra/testbench-core/src/Concerns/CreatesApplication.php:311
/var/www/html/vendor/orchestra/testbench-core/src/TestCase.php:121
/var/www/html/vendor/orchestra/testbench-core/src/Concerns/ApplicationTestingHooks.php:74
/var/www/html/vendor/orchestra/testbench-core/src/Concerns/Testing.php:43
/var/www/html/vendor/laravel/framework/src/Illuminate/Collections/helpers.php:236
/var/www/html/vendor/orchestra/sidekick/src/functions.php:87
/var/www/html/vendor/laravel/framework/src/Illuminate/Collections/helpers.php:236
/var/www/html/vendor/orchestra/testbench-core/src/Concerns/Testing.php:57
/var/www/html/vendor/orchestra/testbench-core/src/TestCase.php:50
/var/www/html/tests/TestCase.php:61
/var/www/html/tests/Unit/Protocol/Contracts/ProtocolHandlerInterfaceTest.php:22</error>
        </testcase>
        <testcase name="test_handle_initialized" file="/var/www/html/tests/Unit/Protocol/Contracts/ProtocolHandlerInterfaceTest.php" line="104" class="Tests\Unit\Protocol\Contracts\ProtocolHandlerInterfaceTest" classname="Tests.Unit.Protocol.Contracts.ProtocolHandlerInterfaceTest" assertions="0" time="0.000000">
          <error type="Exception">Tests\Unit\Protocol\Contracts\ProtocolHandlerInterfaceTest::test_handle_initialized
Exception: The /var/www/html/vendor/orchestra/testbench-core/laravel/bootstrap/cache directory must be present and writable.

/var/www/html/vendor/laravel/framework/src/Illuminate/Foundation/PackageManifest.php:179
/var/www/html/vendor/orchestra/testbench-core/src/Foundation/PackageManifest.php:157
/var/www/html/vendor/laravel/framework/src/Illuminate/Foundation/PackageManifest.php:132
/var/www/html/vendor/laravel/framework/src/Illuminate/Foundation/PackageManifest.php:108
/var/www/html/vendor/orchestra/testbench-core/src/Foundation/PackageManifest.php:102
/var/www/html/vendor/laravel/framework/src/Illuminate/Foundation/PackageManifest.php:91
/var/www/html/vendor/laravel/framework/src/Illuminate/Foundation/PackageManifest.php:80
/var/www/html/vendor/laravel/framework/src/Illuminate/Foundation/Bootstrap/RegisterFacades.php:26
/var/www/html/vendor/orchestra/testbench-core/src/Concerns/CreatesApplication.php:556
/var/www/html/vendor/orchestra/testbench-core/src/Concerns/CreatesApplication.php:311
/var/www/html/vendor/orchestra/testbench-core/src/TestCase.php:121
/var/www/html/vendor/orchestra/testbench-core/src/Concerns/ApplicationTestingHooks.php:74
/var/www/html/vendor/orchestra/testbench-core/src/Concerns/Testing.php:43
/var/www/html/vendor/laravel/framework/src/Illuminate/Collections/helpers.php:236
/var/www/html/vendor/orchestra/sidekick/src/functions.php:87
/var/www/html/vendor/laravel/framework/src/Illuminate/Collections/helpers.php:236
/var/www/html/vendor/orchestra/testbench-core/src/Concerns/Testing.php:57
/var/www/html/vendor/orchestra/testbench-core/src/TestCase.php:50
/var/www/html/tests/TestCase.php:61
/var/www/html/tests/Unit/Protocol/Contracts/ProtocolHandlerInterfaceTest.php:22</error>
        </testcase>
        <testcase name="test_handle_ping" file="/var/www/html/tests/Unit/Protocol/Contracts/ProtocolHandlerInterfaceTest.php" line="116" class="Tests\Unit\Protocol\Contracts\ProtocolHandlerInterfaceTest" classname="Tests.Unit.Protocol.Contracts.ProtocolHandlerInterfaceTest" assertions="0" time="0.000000">
          <error type="Exception">Tests\Unit\Protocol\Contracts\ProtocolHandlerInterfaceTest::test_handle_ping
Exception: The /var/www/html/vendor/orchestra/testbench-core/laravel/bootstrap/cache directory must be present and writable.

/var/www/html/vendor/laravel/framework/src/Illuminate/Foundation/PackageManifest.php:179
/var/www/html/vendor/orchestra/testbench-core/src/Foundation/PackageManifest.php:157
/var/www/html/vendor/laravel/framework/src/Illuminate/Foundation/PackageManifest.php:132
/var/www/html/vendor/laravel/framework/src/Illuminate/Foundation/PackageManifest.php:108
/var/www/html/vendor/orchestra/testbench-core/src/Foundation/PackageManifest.php:102
/var/www/html/vendor/laravel/framework/src/Illuminate/Foundation/PackageManifest.php:91
/var/www/html/vendor/laravel/framework/src/Illuminate/Foundation/PackageManifest.php:80
/var/www/html/vendor/laravel/framework/src/Illuminate/Foundation/Bootstrap/RegisterFacades.php:26
/var/www/html/vendor/orchestra/testbench-core/src/Concerns/CreatesApplication.php:556
/var/www/html/vendor/orchestra/testbench-core/src/Concerns/CreatesApplication.php:311
/var/www/html/vendor/orchestra/testbench-core/src/TestCase.php:121
/var/www/html/vendor/orchestra/testbench-core/src/Concerns/ApplicationTestingHooks.php:74
/var/www/html/vendor/orchestra/testbench-core/src/Concerns/Testing.php:43
/var/www/html/vendor/laravel/framework/src/Illuminate/Collections/helpers.php:236
/var/www/html/vendor/orchestra/sidekick/src/functions.php:87
/var/www/html/vendor/laravel/framework/src/Illuminate/Collections/helpers.php:236
/var/www/html/vendor/orchestra/testbench-core/src/Concerns/Testing.php:57
/var/www/html/vendor/orchestra/testbench-core/src/TestCase.php:50
/var/www/html/tests/TestCase.php:61
/var/www/html/tests/Unit/Protocol/Contracts/ProtocolHandlerInterfaceTest.php:22</error>
        </testcase>
        <testcase name="test_handle_tools_list_without_params" file="/var/www/html/tests/Unit/Protocol/Contracts/ProtocolHandlerInterfaceTest.php" line="133" class="Tests\Unit\Protocol\Contracts\ProtocolHandlerInterfaceTest" classname="Tests.Unit.Protocol.Contracts.ProtocolHandlerInterfaceTest" assertions="0" time="0.000000">
          <error type="Exception">Tests\Unit\Protocol\Contracts\ProtocolHandlerInterfaceTest::test_handle_tools_list_without_params
Exception: The /var/www/html/vendor/orchestra/testbench-core/laravel/bootstrap/cache directory must be present and writable.

/var/www/html/vendor/laravel/framework/src/Illuminate/Foundation/PackageManifest.php:179
/var/www/html/vendor/orchestra/testbench-core/src/Foundation/PackageManifest.php:157
/var/www/html/vendor/laravel/framework/src/Illuminate/Foundation/PackageManifest.php:132
/var/www/html/vendor/laravel/framework/src/Illuminate/Foundation/PackageManifest.php:108
/var/www/html/vendor/orchestra/testbench-core/src/Foundation/PackageManifest.php:102
/var/www/html/vendor/laravel/framework/src/Illuminate/Foundation/PackageManifest.php:91
/var/www/html/vendor/laravel/framework/src/Illuminate/Foundation/PackageManifest.php:80
/var/www/html/vendor/laravel/framework/src/Illuminate/Foundation/Bootstrap/RegisterFacades.php:26
/var/www/html/vendor/orchestra/testbench-core/src/Concerns/CreatesApplication.php:556
/var/www/html/vendor/orchestra/testbench-core/src/Concerns/CreatesApplication.php:311
/var/www/html/vendor/orchestra/testbench-core/src/TestCase.php:121
/var/www/html/vendor/orchestra/testbench-core/src/Concerns/ApplicationTestingHooks.php:74
/var/www/html/vendor/orchestra/testbench-core/src/Concerns/Testing.php:43
/var/www/html/vendor/laravel/framework/src/Illuminate/Collections/helpers.php:236
/var/www/html/vendor/orchestra/sidekick/src/functions.php:87
/var/www/html/vendor/laravel/framework/src/Illuminate/Collections/helpers.php:236
/var/www/html/vendor/orchestra/testbench-core/src/Concerns/Testing.php:57
/var/www/html/vendor/orchestra/testbench-core/src/TestCase.php:50
/var/www/html/tests/TestCase.php:61
/var/www/html/tests/Unit/Protocol/Contracts/ProtocolHandlerInterfaceTest.php:22</error>
        </testcase>
        <testcase name="test_handle_tools_list_with_filters" file="/var/www/html/tests/Unit/Protocol/Contracts/ProtocolHandlerInterfaceTest.php" line="162" class="Tests\Unit\Protocol\Contracts\ProtocolHandlerInterfaceTest" classname="Tests.Unit.Protocol.Contracts.ProtocolHandlerInterfaceTest" assertions="0" time="0.000000">
          <error type="Exception">Tests\Unit\Protocol\Contracts\ProtocolHandlerInterfaceTest::test_handle_tools_list_with_filters
Exception: The /var/www/html/vendor/orchestra/testbench-core/laravel/bootstrap/cache directory must be present and writable.

/var/www/html/vendor/laravel/framework/src/Illuminate/Foundation/PackageManifest.php:179
/var/www/html/vendor/orchestra/testbench-core/src/Foundation/PackageManifest.php:157
/var/www/html/vendor/laravel/framework/src/Illuminate/Foundation/PackageManifest.php:132
/var/www/html/vendor/laravel/framework/src/Illuminate/Foundation/PackageManifest.php:108
/var/www/html/vendor/orchestra/testbench-core/src/Foundation/PackageManifest.php:102
/var/www/html/vendor/laravel/framework/src/Illuminate/Foundation/PackageManifest.php:91
/var/www/html/vendor/laravel/framework/src/Illuminate/Foundation/PackageManifest.php:80
/var/www/html/vendor/laravel/framework/src/Illuminate/Foundation/Bootstrap/RegisterFacades.php:26
/var/www/html/vendor/orchestra/testbench-core/src/Concerns/CreatesApplication.php:556
/var/www/html/vendor/orchestra/testbench-core/src/Concerns/CreatesApplication.php:311
/var/www/html/vendor/orchestra/testbench-core/src/TestCase.php:121
/var/www/html/vendor/orchestra/testbench-core/src/Concerns/ApplicationTestingHooks.php:74
/var/www/html/vendor/orchestra/testbench-core/src/Concerns/Testing.php:43
/var/www/html/vendor/laravel/framework/src/Illuminate/Collections/helpers.php:236
/var/www/html/vendor/orchestra/sidekick/src/functions.php:87
/var/www/html/vendor/laravel/framework/src/Illuminate/Collections/helpers.php:236
/var/www/html/vendor/orchestra/testbench-core/src/Concerns/Testing.php:57
/var/www/html/vendor/orchestra/testbench-core/src/TestCase.php:50
/var/www/html/tests/TestCase.php:61
/var/www/html/tests/Unit/Protocol/Contracts/ProtocolHandlerInterfaceTest.php:22</error>
        </testcase>
        <testcase name="test_handle_tools_call" file="/var/www/html/tests/Unit/Protocol/Contracts/ProtocolHandlerInterfaceTest.php" line="188" class="Tests\Unit\Protocol\Contracts\ProtocolHandlerInterfaceTest" classname="Tests.Unit.Protocol.Contracts.ProtocolHandlerInterfaceTest" assertions="0" time="0.000000">
          <error type="Exception">Tests\Unit\Protocol\Contracts\ProtocolHandlerInterfaceTest::test_handle_tools_call
Exception: The /var/www/html/vendor/orchestra/testbench-core/laravel/bootstrap/cache directory must be present and writable.

/var/www/html/vendor/laravel/framework/src/Illuminate/Foundation/PackageManifest.php:179
/var/www/html/vendor/orchestra/testbench-core/src/Foundation/PackageManifest.php:157
/var/www/html/vendor/laravel/framework/src/Illuminate/Foundation/PackageManifest.php:132
/var/www/html/vendor/laravel/framework/src/Illuminate/Foundation/PackageManifest.php:108
/var/www/html/vendor/orchestra/testbench-core/src/Foundation/PackageManifest.php:102
/var/www/html/vendor/laravel/framework/src/Illuminate/Foundation/PackageManifest.php:91
/var/www/html/vendor/laravel/framework/src/Illuminate/Foundation/PackageManifest.php:80
/var/www/html/vendor/laravel/framework/src/Illuminate/Foundation/Bootstrap/RegisterFacades.php:26
/var/www/html/vendor/orchestra/testbench-core/src/Concerns/CreatesApplication.php:556
/var/www/html/vendor/orchestra/testbench-core/src/Concerns/CreatesApplication.php:311
/var/www/html/vendor/orchestra/testbench-core/src/TestCase.php:121
/var/www/html/vendor/orchestra/testbench-core/src/Concerns/ApplicationTestingHooks.php:74
/var/www/html/vendor/orchestra/testbench-core/src/Concerns/Testing.php:43
/var/www/html/vendor/laravel/framework/src/Illuminate/Collections/helpers.php:236
/var/www/html/vendor/orchestra/sidekick/src/functions.php:87
/var/www/html/vendor/laravel/framework/src/Illuminate/Collections/helpers.php:236
/var/www/html/vendor/orchestra/testbench-core/src/Concerns/Testing.php:57
/var/www/html/vendor/orchestra/testbench-core/src/TestCase.php:50
/var/www/html/tests/TestCase.php:61
/var/www/html/tests/Unit/Protocol/Contracts/ProtocolHandlerInterfaceTest.php:22</error>
        </testcase>
        <testcase name="test_handle_resources_list_without_params" file="/var/www/html/tests/Unit/Protocol/Contracts/ProtocolHandlerInterfaceTest.php" line="222" class="Tests\Unit\Protocol\Contracts\ProtocolHandlerInterfaceTest" classname="Tests.Unit.Protocol.Contracts.ProtocolHandlerInterfaceTest" assertions="0" time="0.000000">
          <error type="Exception">Tests\Unit\Protocol\Contracts\ProtocolHandlerInterfaceTest::test_handle_resources_list_without_params
Exception: The /var/www/html/vendor/orchestra/testbench-core/laravel/bootstrap/cache directory must be present and writable.

/var/www/html/vendor/laravel/framework/src/Illuminate/Foundation/PackageManifest.php:179
/var/www/html/vendor/orchestra/testbench-core/src/Foundation/PackageManifest.php:157
/var/www/html/vendor/laravel/framework/src/Illuminate/Foundation/PackageManifest.php:132
/var/www/html/vendor/laravel/framework/src/Illuminate/Foundation/PackageManifest.php:108
/var/www/html/vendor/orchestra/testbench-core/src/Foundation/PackageManifest.php:102
/var/www/html/vendor/laravel/framework/src/Illuminate/Foundation/PackageManifest.php:91
/var/www/html/vendor/laravel/framework/src/Illuminate/Foundation/PackageManifest.php:80
/var/www/html/vendor/laravel/framework/src/Illuminate/Foundation/Bootstrap/RegisterFacades.php:26
/var/www/html/vendor/orchestra/testbench-core/src/Concerns/CreatesApplication.php:556
/var/www/html/vendor/orchestra/testbench-core/src/Concerns/CreatesApplication.php:311
/var/www/html/vendor/orchestra/testbench-core/src/TestCase.php:121
/var/www/html/vendor/orchestra/testbench-core/src/Concerns/ApplicationTestingHooks.php:74
/var/www/html/vendor/orchestra/testbench-core/src/Concerns/Testing.php:43
/var/www/html/vendor/laravel/framework/src/Illuminate/Collections/helpers.php:236
/var/www/html/vendor/orchestra/sidekick/src/functions.php:87
/var/www/html/vendor/laravel/framework/src/Illuminate/Collections/helpers.php:236
/var/www/html/vendor/orchestra/testbench-core/src/Concerns/Testing.php:57
/var/www/html/vendor/orchestra/testbench-core/src/TestCase.php:50
/var/www/html/tests/TestCase.php:61
/var/www/html/tests/Unit/Protocol/Contracts/ProtocolHandlerInterfaceTest.php:22</error>
        </testcase>
        <testcase name="test_handle_resources_read" file="/var/www/html/tests/Unit/Protocol/Contracts/ProtocolHandlerInterfaceTest.php" line="249" class="Tests\Unit\Protocol\Contracts\ProtocolHandlerInterfaceTest" classname="Tests.Unit.Protocol.Contracts.ProtocolHandlerInterfaceTest" assertions="0" time="0.000000">
          <error type="Exception">Tests\Unit\Protocol\Contracts\ProtocolHandlerInterfaceTest::test_handle_resources_read
Exception: The /var/www/html/vendor/orchestra/testbench-core/laravel/bootstrap/cache directory must be present and writable.

/var/www/html/vendor/laravel/framework/src/Illuminate/Foundation/PackageManifest.php:179
/var/www/html/vendor/orchestra/testbench-core/src/Foundation/PackageManifest.php:157
/var/www/html/vendor/laravel/framework/src/Illuminate/Foundation/PackageManifest.php:132
/var/www/html/vendor/laravel/framework/src/Illuminate/Foundation/PackageManifest.php:108
/var/www/html/vendor/orchestra/testbench-core/src/Foundation/PackageManifest.php:102
/var/www/html/vendor/laravel/framework/src/Illuminate/Foundation/PackageManifest.php:91
/var/www/html/vendor/laravel/framework/src/Illuminate/Foundation/PackageManifest.php:80
/var/www/html/vendor/laravel/framework/src/Illuminate/Foundation/Bootstrap/RegisterFacades.php:26
/var/www/html/vendor/orchestra/testbench-core/src/Concerns/CreatesApplication.php:556
/var/www/html/vendor/orchestra/testbench-core/src/Concerns/CreatesApplication.php:311
/var/www/html/vendor/orchestra/testbench-core/src/TestCase.php:121
/var/www/html/vendor/orchestra/testbench-core/src/Concerns/ApplicationTestingHooks.php:74
/var/www/html/vendor/orchestra/testbench-core/src/Concerns/Testing.php:43
/var/www/html/vendor/laravel/framework/src/Illuminate/Collections/helpers.php:236
/var/www/html/vendor/orchestra/sidekick/src/functions.php:87
/var/www/html/vendor/laravel/framework/src/Illuminate/Collections/helpers.php:236
/var/www/html/vendor/orchestra/testbench-core/src/Concerns/Testing.php:57
/var/www/html/vendor/orchestra/testbench-core/src/TestCase.php:50
/var/www/html/tests/TestCase.php:61
/var/www/html/tests/Unit/Protocol/Contracts/ProtocolHandlerInterfaceTest.php:22</error>
        </testcase>
        <testcase name="test_handle_resources_subscribe" file="/var/www/html/tests/Unit/Protocol/Contracts/ProtocolHandlerInterfaceTest.php" line="279" class="Tests\Unit\Protocol\Contracts\ProtocolHandlerInterfaceTest" classname="Tests.Unit.Protocol.Contracts.ProtocolHandlerInterfaceTest" assertions="0" time="0.000000">
          <error type="Exception">Tests\Unit\Protocol\Contracts\ProtocolHandlerInterfaceTest::test_handle_resources_subscribe
Exception: The /var/www/html/vendor/orchestra/testbench-core/laravel/bootstrap/cache directory must be present and writable.

/var/www/html/vendor/laravel/framework/src/Illuminate/Foundation/PackageManifest.php:179
/var/www/html/vendor/orchestra/testbench-core/src/Foundation/PackageManifest.php:157
/var/www/html/vendor/laravel/framework/src/Illuminate/Foundation/PackageManifest.php:132
/var/www/html/vendor/laravel/framework/src/Illuminate/Foundation/PackageManifest.php:108
/var/www/html/vendor/orchestra/testbench-core/src/Foundation/PackageManifest.php:102
/var/www/html/vendor/laravel/framework/src/Illuminate/Foundation/PackageManifest.php:91
/var/www/html/vendor/laravel/framework/src/Illuminate/Foundation/PackageManifest.php:80
/var/www/html/vendor/laravel/framework/src/Illuminate/Foundation/Bootstrap/RegisterFacades.php:26
/var/www/html/vendor/orchestra/testbench-core/src/Concerns/CreatesApplication.php:556
/var/www/html/vendor/orchestra/testbench-core/src/Concerns/CreatesApplication.php:311
/var/www/html/vendor/orchestra/testbench-core/src/TestCase.php:121
/var/www/html/vendor/orchestra/testbench-core/src/Concerns/ApplicationTestingHooks.php:74
/var/www/html/vendor/orchestra/testbench-core/src/Concerns/Testing.php:43
/var/www/html/vendor/laravel/framework/src/Illuminate/Collections/helpers.php:236
/var/www/html/vendor/orchestra/sidekick/src/functions.php:87
/var/www/html/vendor/laravel/framework/src/Illuminate/Collections/helpers.php:236
/var/www/html/vendor/orchestra/testbench-core/src/Concerns/Testing.php:57
/var/www/html/vendor/orchestra/testbench-core/src/TestCase.php:50
/var/www/html/tests/TestCase.php:61
/var/www/html/tests/Unit/Protocol/Contracts/ProtocolHandlerInterfaceTest.php:22</error>
        </testcase>
        <testcase name="test_handle_resources_unsubscribe" file="/var/www/html/tests/Unit/Protocol/Contracts/ProtocolHandlerInterfaceTest.php" line="303" class="Tests\Unit\Protocol\Contracts\ProtocolHandlerInterfaceTest" classname="Tests.Unit.Protocol.Contracts.ProtocolHandlerInterfaceTest" assertions="0" time="0.000000">
          <error type="Exception">Tests\Unit\Protocol\Contracts\ProtocolHandlerInterfaceTest::test_handle_resources_unsubscribe
Exception: The /var/www/html/vendor/orchestra/testbench-core/laravel/bootstrap/cache directory must be present and writable.

/var/www/html/vendor/laravel/framework/src/Illuminate/Foundation/PackageManifest.php:179
/var/www/html/vendor/orchestra/testbench-core/src/Foundation/PackageManifest.php:157
/var/www/html/vendor/laravel/framework/src/Illuminate/Foundation/PackageManifest.php:132
/var/www/html/vendor/laravel/framework/src/Illuminate/Foundation/PackageManifest.php:108
/var/www/html/vendor/orchestra/testbench-core/src/Foundation/PackageManifest.php:102
/var/www/html/vendor/laravel/framework/src/Illuminate/Foundation/PackageManifest.php:91
/var/www/html/vendor/laravel/framework/src/Illuminate/Foundation/PackageManifest.php:80
/var/www/html/vendor/laravel/framework/src/Illuminate/Foundation/Bootstrap/RegisterFacades.php:26
/var/www/html/vendor/orchestra/testbench-core/src/Concerns/CreatesApplication.php:556
/var/www/html/vendor/orchestra/testbench-core/src/Concerns/CreatesApplication.php:311
/var/www/html/vendor/orchestra/testbench-core/src/TestCase.php:121
/var/www/html/vendor/orchestra/testbench-core/src/Concerns/ApplicationTestingHooks.php:74
/var/www/html/vendor/orchestra/testbench-core/src/Concerns/Testing.php:43
/var/www/html/vendor/laravel/framework/src/Illuminate/Collections/helpers.php:236
/var/www/html/vendor/orchestra/sidekick/src/functions.php:87
/var/www/html/vendor/laravel/framework/src/Illuminate/Collections/helpers.php:236
/var/www/html/vendor/orchestra/testbench-core/src/Concerns/Testing.php:57
/var/www/html/vendor/orchestra/testbench-core/src/TestCase.php:50
/var/www/html/tests/TestCase.php:61
/var/www/html/tests/Unit/Protocol/Contracts/ProtocolHandlerInterfaceTest.php:22</error>
        </testcase>
        <testcase name="test_handle_prompts_list_without_params" file="/var/www/html/tests/Unit/Protocol/Contracts/ProtocolHandlerInterfaceTest.php" line="327" class="Tests\Unit\Protocol\Contracts\ProtocolHandlerInterfaceTest" classname="Tests.Unit.Protocol.Contracts.ProtocolHandlerInterfaceTest" assertions="0" time="0.000000">
          <error type="Exception">Tests\Unit\Protocol\Contracts\ProtocolHandlerInterfaceTest::test_handle_prompts_list_without_params
Exception: The /var/www/html/vendor/orchestra/testbench-core/laravel/bootstrap/cache directory must be present and writable.

/var/www/html/vendor/laravel/framework/src/Illuminate/Foundation/PackageManifest.php:179
/var/www/html/vendor/orchestra/testbench-core/src/Foundation/PackageManifest.php:157
/var/www/html/vendor/laravel/framework/src/Illuminate/Foundation/PackageManifest.php:132
/var/www/html/vendor/laravel/framework/src/Illuminate/Foundation/PackageManifest.php:108
/var/www/html/vendor/orchestra/testbench-core/src/Foundation/PackageManifest.php:102
/var/www/html/vendor/laravel/framework/src/Illuminate/Foundation/PackageManifest.php:91
/var/www/html/vendor/laravel/framework/src/Illuminate/Foundation/PackageManifest.php:80
/var/www/html/vendor/laravel/framework/src/Illuminate/Foundation/Bootstrap/RegisterFacades.php:26
/var/www/html/vendor/orchestra/testbench-core/src/Concerns/CreatesApplication.php:556
/var/www/html/vendor/orchestra/testbench-core/src/Concerns/CreatesApplication.php:311
/var/www/html/vendor/orchestra/testbench-core/src/TestCase.php:121
/var/www/html/vendor/orchestra/testbench-core/src/Concerns/ApplicationTestingHooks.php:74
/var/www/html/vendor/orchestra/testbench-core/src/Concerns/Testing.php:43
/var/www/html/vendor/laravel/framework/src/Illuminate/Collections/helpers.php:236
/var/www/html/vendor/orchestra/sidekick/src/functions.php:87
/var/www/html/vendor/laravel/framework/src/Illuminate/Collections/helpers.php:236
/var/www/html/vendor/orchestra/testbench-core/src/Concerns/Testing.php:57
/var/www/html/vendor/orchestra/testbench-core/src/TestCase.php:50
/var/www/html/tests/TestCase.php:61
/var/www/html/tests/Unit/Protocol/Contracts/ProtocolHandlerInterfaceTest.php:22</error>
        </testcase>
        <testcase name="test_handle_prompts_get" file="/var/www/html/tests/Unit/Protocol/Contracts/ProtocolHandlerInterfaceTest.php" line="358" class="Tests\Unit\Protocol\Contracts\ProtocolHandlerInterfaceTest" classname="Tests.Unit.Protocol.Contracts.ProtocolHandlerInterfaceTest" assertions="0" time="0.000000">
          <error type="Exception">Tests\Unit\Protocol\Contracts\ProtocolHandlerInterfaceTest::test_handle_prompts_get
Exception: The /var/www/html/vendor/orchestra/testbench-core/laravel/bootstrap/cache directory must be present and writable.

/var/www/html/vendor/laravel/framework/src/Illuminate/Foundation/PackageManifest.php:179
/var/www/html/vendor/orchestra/testbench-core/src/Foundation/PackageManifest.php:157
/var/www/html/vendor/laravel/framework/src/Illuminate/Foundation/PackageManifest.php:132
/var/www/html/vendor/laravel/framework/src/Illuminate/Foundation/PackageManifest.php:108
/var/www/html/vendor/orchestra/testbench-core/src/Foundation/PackageManifest.php:102
/var/www/html/vendor/laravel/framework/src/Illuminate/Foundation/PackageManifest.php:91
/var/www/html/vendor/laravel/framework/src/Illuminate/Foundation/PackageManifest.php:80
/var/www/html/vendor/laravel/framework/src/Illuminate/Foundation/Bootstrap/RegisterFacades.php:26
/var/www/html/vendor/orchestra/testbench-core/src/Concerns/CreatesApplication.php:556
/var/www/html/vendor/orchestra/testbench-core/src/Concerns/CreatesApplication.php:311
/var/www/html/vendor/orchestra/testbench-core/src/TestCase.php:121
/var/www/html/vendor/orchestra/testbench-core/src/Concerns/ApplicationTestingHooks.php:74
/var/www/html/vendor/orchestra/testbench-core/src/Concerns/Testing.php:43
/var/www/html/vendor/laravel/framework/src/Illuminate/Collections/helpers.php:236
/var/www/html/vendor/orchestra/sidekick/src/functions.php:87
/var/www/html/vendor/laravel/framework/src/Illuminate/Collections/helpers.php:236
/var/www/html/vendor/orchestra/testbench-core/src/Concerns/Testing.php:57
/var/www/html/vendor/orchestra/testbench-core/src/TestCase.php:50
/var/www/html/tests/TestCase.php:61
/var/www/html/tests/Unit/Protocol/Contracts/ProtocolHandlerInterfaceTest.php:22</error>
        </testcase>
        <testcase name="test_handle_logging_set_level" file="/var/www/html/tests/Unit/Protocol/Contracts/ProtocolHandlerInterfaceTest.php" line="393" class="Tests\Unit\Protocol\Contracts\ProtocolHandlerInterfaceTest" classname="Tests.Unit.Protocol.Contracts.ProtocolHandlerInterfaceTest" assertions="0" time="0.000000">
          <error type="Exception">Tests\Unit\Protocol\Contracts\ProtocolHandlerInterfaceTest::test_handle_logging_set_level
Exception: The /var/www/html/vendor/orchestra/testbench-core/laravel/bootstrap/cache directory must be present and writable.

/var/www/html/vendor/laravel/framework/src/Illuminate/Foundation/PackageManifest.php:179
/var/www/html/vendor/orchestra/testbench-core/src/Foundation/PackageManifest.php:157
/var/www/html/vendor/laravel/framework/src/Illuminate/Foundation/PackageManifest.php:132
/var/www/html/vendor/laravel/framework/src/Illuminate/Foundation/PackageManifest.php:108
/var/www/html/vendor/orchestra/testbench-core/src/Foundation/PackageManifest.php:102
/var/www/html/vendor/laravel/framework/src/Illuminate/Foundation/PackageManifest.php:91
/var/www/html/vendor/laravel/framework/src/Illuminate/Foundation/PackageManifest.php:80
/var/www/html/vendor/laravel/framework/src/Illuminate/Foundation/Bootstrap/RegisterFacades.php:26
/var/www/html/vendor/orchestra/testbench-core/src/Concerns/CreatesApplication.php:556
/var/www/html/vendor/orchestra/testbench-core/src/Concerns/CreatesApplication.php:311
/var/www/html/vendor/orchestra/testbench-core/src/TestCase.php:121
/var/www/html/vendor/orchestra/testbench-core/src/Concerns/ApplicationTestingHooks.php:74
/var/www/html/vendor/orchestra/testbench-core/src/Concerns/Testing.php:43
/var/www/html/vendor/laravel/framework/src/Illuminate/Collections/helpers.php:236
/var/www/html/vendor/orchestra/sidekick/src/functions.php:87
/var/www/html/vendor/laravel/framework/src/Illuminate/Collections/helpers.php:236
/var/www/html/vendor/orchestra/testbench-core/src/Concerns/Testing.php:57
/var/www/html/vendor/orchestra/testbench-core/src/TestCase.php:50
/var/www/html/tests/TestCase.php:61
/var/www/html/tests/Unit/Protocol/Contracts/ProtocolHandlerInterfaceTest.php:22</error>
        </testcase>
        <testcase name="test_get_capabilities" file="/var/www/html/tests/Unit/Protocol/Contracts/ProtocolHandlerInterfaceTest.php" line="417" class="Tests\Unit\Protocol\Contracts\ProtocolHandlerInterfaceTest" classname="Tests.Unit.Protocol.Contracts.ProtocolHandlerInterfaceTest" assertions="0" time="0.000000">
          <error type="Exception">Tests\Unit\Protocol\Contracts\ProtocolHandlerInterfaceTest::test_get_capabilities
Exception: The /var/www/html/vendor/orchestra/testbench-core/laravel/bootstrap/cache directory must be present and writable.

/var/www/html/vendor/laravel/framework/src/Illuminate/Foundation/PackageManifest.php:179
/var/www/html/vendor/orchestra/testbench-core/src/Foundation/PackageManifest.php:157
/var/www/html/vendor/laravel/framework/src/Illuminate/Foundation/PackageManifest.php:132
/var/www/html/vendor/laravel/framework/src/Illuminate/Foundation/PackageManifest.php:108
/var/www/html/vendor/orchestra/testbench-core/src/Foundation/PackageManifest.php:102
/var/www/html/vendor/laravel/framework/src/Illuminate/Foundation/PackageManifest.php:91
/var/www/html/vendor/laravel/framework/src/Illuminate/Foundation/PackageManifest.php:80
/var/www/html/vendor/laravel/framework/src/Illuminate/Foundation/Bootstrap/RegisterFacades.php:26
/var/www/html/vendor/orchestra/testbench-core/src/Concerns/CreatesApplication.php:556
/var/www/html/vendor/orchestra/testbench-core/src/Concerns/CreatesApplication.php:311
/var/www/html/vendor/orchestra/testbench-core/src/TestCase.php:121
/var/www/html/vendor/orchestra/testbench-core/src/Concerns/ApplicationTestingHooks.php:74
/var/www/html/vendor/orchestra/testbench-core/src/Concerns/Testing.php:43
/var/www/html/vendor/laravel/framework/src/Illuminate/Collections/helpers.php:236
/var/www/html/vendor/orchestra/sidekick/src/functions.php:87
/var/www/html/vendor/laravel/framework/src/Illuminate/Collections/helpers.php:236
/var/www/html/vendor/orchestra/testbench-core/src/Concerns/Testing.php:57
/var/www/html/vendor/orchestra/testbench-core/src/TestCase.php:50
/var/www/html/tests/TestCase.php:61
/var/www/html/tests/Unit/Protocol/Contracts/ProtocolHandlerInterfaceTest.php:22</error>
        </testcase>
        <testcase name="test_get_server_info" file="/var/www/html/tests/Unit/Protocol/Contracts/ProtocolHandlerInterfaceTest.php" line="440" class="Tests\Unit\Protocol\Contracts\ProtocolHandlerInterfaceTest" classname="Tests.Unit.Protocol.Contracts.ProtocolHandlerInterfaceTest" assertions="0" time="0.000000">
          <error type="Exception">Tests\Unit\Protocol\Contracts\ProtocolHandlerInterfaceTest::test_get_server_info
Exception: The /var/www/html/vendor/orchestra/testbench-core/laravel/bootstrap/cache directory must be present and writable.

/var/www/html/vendor/laravel/framework/src/Illuminate/Foundation/PackageManifest.php:179
/var/www/html/vendor/orchestra/testbench-core/src/Foundation/PackageManifest.php:157
/var/www/html/vendor/laravel/framework/src/Illuminate/Foundation/PackageManifest.php:132
/var/www/html/vendor/laravel/framework/src/Illuminate/Foundation/PackageManifest.php:108
/var/www/html/vendor/orchestra/testbench-core/src/Foundation/PackageManifest.php:102
/var/www/html/vendor/laravel/framework/src/Illuminate/Foundation/PackageManifest.php:91
/var/www/html/vendor/laravel/framework/src/Illuminate/Foundation/PackageManifest.php:80
/var/www/html/vendor/laravel/framework/src/Illuminate/Foundation/Bootstrap/RegisterFacades.php:26
/var/www/html/vendor/orchestra/testbench-core/src/Concerns/CreatesApplication.php:556
/var/www/html/vendor/orchestra/testbench-core/src/Concerns/CreatesApplication.php:311
/var/www/html/vendor/orchestra/testbench-core/src/TestCase.php:121
/var/www/html/vendor/orchestra/testbench-core/src/Concerns/ApplicationTestingHooks.php:74
/var/www/html/vendor/orchestra/testbench-core/src/Concerns/Testing.php:43
/var/www/html/vendor/laravel/framework/src/Illuminate/Collections/helpers.php:236
/var/www/html/vendor/orchestra/sidekick/src/functions.php:87
/var/www/html/vendor/laravel/framework/src/Illuminate/Collections/helpers.php:236
/var/www/html/vendor/orchestra/testbench-core/src/Concerns/Testing.php:57
/var/www/html/vendor/orchestra/testbench-core/src/TestCase.php:50
/var/www/html/tests/TestCase.php:61
/var/www/html/tests/Unit/Protocol/Contracts/ProtocolHandlerInterfaceTest.php:22</error>
        </testcase>
        <testcase name="test_can_handle_method_supported" file="/var/www/html/tests/Unit/Protocol/Contracts/ProtocolHandlerInterfaceTest.php" line="461" class="Tests\Unit\Protocol\Contracts\ProtocolHandlerInterfaceTest" classname="Tests.Unit.Protocol.Contracts.ProtocolHandlerInterfaceTest" assertions="0" time="0.000000">
          <error type="Exception">Tests\Unit\Protocol\Contracts\ProtocolHandlerInterfaceTest::test_can_handle_method_supported
Exception: The /var/www/html/vendor/orchestra/testbench-core/laravel/bootstrap/cache directory must be present and writable.

/var/www/html/vendor/laravel/framework/src/Illuminate/Foundation/PackageManifest.php:179
/var/www/html/vendor/orchestra/testbench-core/src/Foundation/PackageManifest.php:157
/var/www/html/vendor/laravel/framework/src/Illuminate/Foundation/PackageManifest.php:132
/var/www/html/vendor/laravel/framework/src/Illuminate/Foundation/PackageManifest.php:108
/var/www/html/vendor/orchestra/testbench-core/src/Foundation/PackageManifest.php:102
/var/www/html/vendor/laravel/framework/src/Illuminate/Foundation/PackageManifest.php:91
/var/www/html/vendor/laravel/framework/src/Illuminate/Foundation/PackageManifest.php:80
/var/www/html/vendor/laravel/framework/src/Illuminate/Foundation/Bootstrap/RegisterFacades.php:26
/var/www/html/vendor/orchestra/testbench-core/src/Concerns/CreatesApplication.php:556
/var/www/html/vendor/orchestra/testbench-core/src/Concerns/CreatesApplication.php:311
/var/www/html/vendor/orchestra/testbench-core/src/TestCase.php:121
/var/www/html/vendor/orchestra/testbench-core/src/Concerns/ApplicationTestingHooks.php:74
/var/www/html/vendor/orchestra/testbench-core/src/Concerns/Testing.php:43
/var/www/html/vendor/laravel/framework/src/Illuminate/Collections/helpers.php:236
/var/www/html/vendor/orchestra/sidekick/src/functions.php:87
/var/www/html/vendor/laravel/framework/src/Illuminate/Collections/helpers.php:236
/var/www/html/vendor/orchestra/testbench-core/src/Concerns/Testing.php:57
/var/www/html/vendor/orchestra/testbench-core/src/TestCase.php:50
/var/www/html/tests/TestCase.php:61
/var/www/html/tests/Unit/Protocol/Contracts/ProtocolHandlerInterfaceTest.php:22</error>
        </testcase>
        <testcase name="test_can_handle_method_unsupported" file="/var/www/html/tests/Unit/Protocol/Contracts/ProtocolHandlerInterfaceTest.php" line="475" class="Tests\Unit\Protocol\Contracts\ProtocolHandlerInterfaceTest" classname="Tests.Unit.Protocol.Contracts.ProtocolHandlerInterfaceTest" assertions="0" time="0.000000">
          <error type="Exception">Tests\Unit\Protocol\Contracts\ProtocolHandlerInterfaceTest::test_can_handle_method_unsupported
Exception: The /var/www/html/vendor/orchestra/testbench-core/laravel/bootstrap/cache directory must be present and writable.

/var/www/html/vendor/laravel/framework/src/Illuminate/Foundation/PackageManifest.php:179
/var/www/html/vendor/orchestra/testbench-core/src/Foundation/PackageManifest.php:157
/var/www/html/vendor/laravel/framework/src/Illuminate/Foundation/PackageManifest.php:132
/var/www/html/vendor/laravel/framework/src/Illuminate/Foundation/PackageManifest.php:108
/var/www/html/vendor/orchestra/testbench-core/src/Foundation/PackageManifest.php:102
/var/www/html/vendor/laravel/framework/src/Illuminate/Foundation/PackageManifest.php:91
/var/www/html/vendor/laravel/framework/src/Illuminate/Foundation/PackageManifest.php:80
/var/www/html/vendor/laravel/framework/src/Illuminate/Foundation/Bootstrap/RegisterFacades.php:26
/var/www/html/vendor/orchestra/testbench-core/src/Concerns/CreatesApplication.php:556
/var/www/html/vendor/orchestra/testbench-core/src/Concerns/CreatesApplication.php:311
/var/www/html/vendor/orchestra/testbench-core/src/TestCase.php:121
/var/www/html/vendor/orchestra/testbench-core/src/Concerns/ApplicationTestingHooks.php:74
/var/www/html/vendor/orchestra/testbench-core/src/Concerns/Testing.php:43
/var/www/html/vendor/laravel/framework/src/Illuminate/Collections/helpers.php:236
/var/www/html/vendor/orchestra/sidekick/src/functions.php:87
/var/www/html/vendor/laravel/framework/src/Illuminate/Collections/helpers.php:236
/var/www/html/vendor/orchestra/testbench-core/src/Concerns/Testing.php:57
/var/www/html/vendor/orchestra/testbench-core/src/TestCase.php:50
/var/www/html/tests/TestCase.php:61
/var/www/html/tests/Unit/Protocol/Contracts/ProtocolHandlerInterfaceTest.php:22</error>
        </testcase>
        <testcase name="test_get_supported_methods" file="/var/www/html/tests/Unit/Protocol/Contracts/ProtocolHandlerInterfaceTest.php" line="489" class="Tests\Unit\Protocol\Contracts\ProtocolHandlerInterfaceTest" classname="Tests.Unit.Protocol.Contracts.ProtocolHandlerInterfaceTest" assertions="0" time="0.000000">
          <error type="Exception">Tests\Unit\Protocol\Contracts\ProtocolHandlerInterfaceTest::test_get_supported_methods
Exception: The /var/www/html/vendor/orchestra/testbench-core/laravel/bootstrap/cache directory must be present and writable.

/var/www/html/vendor/laravel/framework/src/Illuminate/Foundation/PackageManifest.php:179
/var/www/html/vendor/orchestra/testbench-core/src/Foundation/PackageManifest.php:157
/var/www/html/vendor/laravel/framework/src/Illuminate/Foundation/PackageManifest.php:132
/var/www/html/vendor/laravel/framework/src/Illuminate/Foundation/PackageManifest.php:108
/var/www/html/vendor/orchestra/testbench-core/src/Foundation/PackageManifest.php:102
/var/www/html/vendor/laravel/framework/src/Illuminate/Foundation/PackageManifest.php:91
/var/www/html/vendor/laravel/framework/src/Illuminate/Foundation/PackageManifest.php:80
/var/www/html/vendor/laravel/framework/src/Illuminate/Foundation/Bootstrap/RegisterFacades.php:26
/var/www/html/vendor/orchestra/testbench-core/src/Concerns/CreatesApplication.php:556
/var/www/html/vendor/orchestra/testbench-core/src/Concerns/CreatesApplication.php:311
/var/www/html/vendor/orchestra/testbench-core/src/TestCase.php:121
/var/www/html/vendor/orchestra/testbench-core/src/Concerns/ApplicationTestingHooks.php:74
/var/www/html/vendor/orchestra/testbench-core/src/Concerns/Testing.php:43
/var/www/html/vendor/laravel/framework/src/Illuminate/Collections/helpers.php:236
/var/www/html/vendor/orchestra/sidekick/src/functions.php:87
/var/www/html/vendor/laravel/framework/src/Illuminate/Collections/helpers.php:236
/var/www/html/vendor/orchestra/testbench-core/src/Concerns/Testing.php:57
/var/www/html/vendor/orchestra/testbench-core/src/TestCase.php:50
/var/www/html/tests/TestCase.php:61
/var/www/html/tests/Unit/Protocol/Contracts/ProtocolHandlerInterfaceTest.php:22</error>
        </testcase>
        <testcase name="test_full_initialization_sequence" file="/var/www/html/tests/Unit/Protocol/Contracts/ProtocolHandlerInterfaceTest.php" line="519" class="Tests\Unit\Protocol\Contracts\ProtocolHandlerInterfaceTest" classname="Tests.Unit.Protocol.Contracts.ProtocolHandlerInterfaceTest" assertions="0" time="0.000000">
          <error type="Exception">Tests\Unit\Protocol\Contracts\ProtocolHandlerInterfaceTest::test_full_initialization_sequence
Exception: The /var/www/html/vendor/orchestra/testbench-core/laravel/bootstrap/cache directory must be present and writable.

/var/www/html/vendor/laravel/framework/src/Illuminate/Foundation/PackageManifest.php:179
/var/www/html/vendor/orchestra/testbench-core/src/Foundation/PackageManifest.php:157
/var/www/html/vendor/laravel/framework/src/Illuminate/Foundation/PackageManifest.php:132
/var/www/html/vendor/laravel/framework/src/Illuminate/Foundation/PackageManifest.php:108
/var/www/html/vendor/orchestra/testbench-core/src/Foundation/PackageManifest.php:102
/var/www/html/vendor/laravel/framework/src/Illuminate/Foundation/PackageManifest.php:91
/var/www/html/vendor/laravel/framework/src/Illuminate/Foundation/PackageManifest.php:80
/var/www/html/vendor/laravel/framework/src/Illuminate/Foundation/Bootstrap/RegisterFacades.php:26
/var/www/html/vendor/orchestra/testbench-core/src/Concerns/CreatesApplication.php:556
/var/www/html/vendor/orchestra/testbench-core/src/Concerns/CreatesApplication.php:311
/var/www/html/vendor/orchestra/testbench-core/src/TestCase.php:121
/var/www/html/vendor/orchestra/testbench-core/src/Concerns/ApplicationTestingHooks.php:74
/var/www/html/vendor/orchestra/testbench-core/src/Concerns/Testing.php:43
/var/www/html/vendor/laravel/framework/src/Illuminate/Collections/helpers.php:236
/var/www/html/vendor/orchestra/sidekick/src/functions.php:87
/var/www/html/vendor/laravel/framework/src/Illuminate/Collections/helpers.php:236
/var/www/html/vendor/orchestra/testbench-core/src/Concerns/Testing.php:57
/var/www/html/vendor/orchestra/testbench-core/src/TestCase.php:50
/var/www/html/tests/TestCase.php:61
/var/www/html/tests/Unit/Protocol/Contracts/ProtocolHandlerInterfaceTest.php:22</error>
        </testcase>
        <testcase name="test_handle_all_mcp_methods" file="/var/www/html/tests/Unit/Protocol/Contracts/ProtocolHandlerInterfaceTest.php" line="553" class="Tests\Unit\Protocol\Contracts\ProtocolHandlerInterfaceTest" classname="Tests.Unit.Protocol.Contracts.ProtocolHandlerInterfaceTest" assertions="0" time="0.000000">
          <error type="Exception">Tests\Unit\Protocol\Contracts\ProtocolHandlerInterfaceTest::test_handle_all_mcp_methods
Exception: The /var/www/html/vendor/orchestra/testbench-core/laravel/bootstrap/cache directory must be present and writable.

/var/www/html/vendor/laravel/framework/src/Illuminate/Foundation/PackageManifest.php:179
/var/www/html/vendor/orchestra/testbench-core/src/Foundation/PackageManifest.php:157
/var/www/html/vendor/laravel/framework/src/Illuminate/Foundation/PackageManifest.php:132
/var/www/html/vendor/laravel/framework/src/Illuminate/Foundation/PackageManifest.php:108
/var/www/html/vendor/orchestra/testbench-core/src/Foundation/PackageManifest.php:102
/var/www/html/vendor/laravel/framework/src/Illuminate/Foundation/PackageManifest.php:91
/var/www/html/vendor/laravel/framework/src/Illuminate/Foundation/PackageManifest.php:80
/var/www/html/vendor/laravel/framework/src/Illuminate/Foundation/Bootstrap/RegisterFacades.php:26
/var/www/html/vendor/orchestra/testbench-core/src/Concerns/CreatesApplication.php:556
/var/www/html/vendor/orchestra/testbench-core/src/Concerns/CreatesApplication.php:311
/var/www/html/vendor/orchestra/testbench-core/src/TestCase.php:121
/var/www/html/vendor/orchestra/testbench-core/src/Concerns/ApplicationTestingHooks.php:74
/var/www/html/vendor/orchestra/testbench-core/src/Concerns/Testing.php:43
/var/www/html/vendor/laravel/framework/src/Illuminate/Collections/helpers.php:236
/var/www/html/vendor/orchestra/sidekick/src/functions.php:87
/var/www/html/vendor/laravel/framework/src/Illuminate/Collections/helpers.php:236
/var/www/html/vendor/orchestra/testbench-core/src/Concerns/Testing.php:57
/var/www/html/vendor/orchestra/testbench-core/src/TestCase.php:50
/var/www/html/tests/TestCase.php:61
/var/www/html/tests/Unit/Protocol/Contracts/ProtocolHandlerInterfaceTest.php:22</error>
        </testcase>
        <testcase name="test_unsupported_capabilities" file="/var/www/html/tests/Unit/Protocol/Contracts/ProtocolHandlerInterfaceTest.php" line="590" class="Tests\Unit\Protocol\Contracts\ProtocolHandlerInterfaceTest" classname="Tests.Unit.Protocol.Contracts.ProtocolHandlerInterfaceTest" assertions="0" time="0.000000">
          <error type="Exception">Tests\Unit\Protocol\Contracts\ProtocolHandlerInterfaceTest::test_unsupported_capabilities
Exception: The /var/www/html/vendor/orchestra/testbench-core/laravel/bootstrap/cache directory must be present and writable.

/var/www/html/vendor/laravel/framework/src/Illuminate/Foundation/PackageManifest.php:179
/var/www/html/vendor/orchestra/testbench-core/src/Foundation/PackageManifest.php:157
/var/www/html/vendor/laravel/framework/src/Illuminate/Foundation/PackageManifest.php:132
/var/www/html/vendor/laravel/framework/src/Illuminate/Foundation/PackageManifest.php:108
/var/www/html/vendor/orchestra/testbench-core/src/Foundation/PackageManifest.php:102
/var/www/html/vendor/laravel/framework/src/Illuminate/Foundation/PackageManifest.php:91
/var/www/html/vendor/laravel/framework/src/Illuminate/Foundation/PackageManifest.php:80
/var/www/html/vendor/laravel/framework/src/Illuminate/Foundation/Bootstrap/RegisterFacades.php:26
/var/www/html/vendor/orchestra/testbench-core/src/Concerns/CreatesApplication.php:556
/var/www/html/vendor/orchestra/testbench-core/src/Concerns/CreatesApplication.php:311
/var/www/html/vendor/orchestra/testbench-core/src/TestCase.php:121
/var/www/html/vendor/orchestra/testbench-core/src/Concerns/ApplicationTestingHooks.php:74
/var/www/html/vendor/orchestra/testbench-core/src/Concerns/Testing.php:43
/var/www/html/vendor/laravel/framework/src/Illuminate/Collections/helpers.php:236
/var/www/html/vendor/orchestra/sidekick/src/functions.php:87
/var/www/html/vendor/laravel/framework/src/Illuminate/Collections/helpers.php:236
/var/www/html/vendor/orchestra/testbench-core/src/Concerns/Testing.php:57
/var/www/html/vendor/orchestra/testbench-core/src/TestCase.php:50
/var/www/html/tests/TestCase.php:61
/var/www/html/tests/Unit/Protocol/Contracts/ProtocolHandlerInterfaceTest.php:22</error>
        </testcase>
      </testsuite>
      <testsuite name="Tests\Unit\Protocol\JsonRpcHandlerTest" file="/var/www/html/tests/Unit/Protocol/JsonRpcHandlerTest.php" tests="86" assertions="0" errors="86" failures="0" skipped="0" time="0.000000">
        <testcase name="test_constructor_with_debug_modes" file="/var/www/html/tests/Unit/Protocol/JsonRpcHandlerTest.php" line="42" class="Tests\Unit\Protocol\JsonRpcHandlerTest" classname="Tests.Unit.Protocol.JsonRpcHandlerTest" assertions="0" time="0.000000">
          <error type="Exception">Tests\Unit\Protocol\JsonRpcHandlerTest::test_constructor_with_debug_modes
Exception: The /var/www/html/vendor/orchestra/testbench-core/laravel/bootstrap/cache directory must be present and writable.

/var/www/html/vendor/laravel/framework/src/Illuminate/Foundation/PackageManifest.php:179
/var/www/html/vendor/orchestra/testbench-core/src/Foundation/PackageManifest.php:157
/var/www/html/vendor/laravel/framework/src/Illuminate/Foundation/PackageManifest.php:132
/var/www/html/vendor/laravel/framework/src/Illuminate/Foundation/PackageManifest.php:108
/var/www/html/vendor/orchestra/testbench-core/src/Foundation/PackageManifest.php:102
/var/www/html/vendor/laravel/framework/src/Illuminate/Foundation/PackageManifest.php:91
/var/www/html/vendor/laravel/framework/src/Illuminate/Foundation/PackageManifest.php:80
/var/www/html/vendor/laravel/framework/src/Illuminate/Foundation/Bootstrap/RegisterFacades.php:26
/var/www/html/vendor/orchestra/testbench-core/src/Concerns/CreatesApplication.php:556
/var/www/html/vendor/orchestra/testbench-core/src/Concerns/CreatesApplication.php:311
/var/www/html/vendor/orchestra/testbench-core/src/TestCase.php:121
/var/www/html/vendor/orchestra/testbench-core/src/Concerns/ApplicationTestingHooks.php:74
/var/www/html/vendor/orchestra/testbench-core/src/Concerns/Testing.php:43
/var/www/html/vendor/laravel/framework/src/Illuminate/Collections/helpers.php:236
/var/www/html/vendor/orchestra/sidekick/src/functions.php:87
/var/www/html/vendor/laravel/framework/src/Illuminate/Collections/helpers.php:236
/var/www/html/vendor/orchestra/testbench-core/src/Concerns/Testing.php:57
/var/www/html/vendor/orchestra/testbench-core/src/TestCase.php:50
/var/www/html/tests/Unit/Protocol/JsonRpcHandlerTest.php:23</error>
        </testcase>
        <testcase name="test_debug_mode_setting" file="/var/www/html/tests/Unit/Protocol/JsonRpcHandlerTest.php" line="58" class="Tests\Unit\Protocol\JsonRpcHandlerTest" classname="Tests.Unit.Protocol.JsonRpcHandlerTest" assertions="0" time="0.000000">
          <error type="Exception">Tests\Unit\Protocol\JsonRpcHandlerTest::test_debug_mode_setting
Exception: The /var/www/html/vendor/orchestra/testbench-core/laravel/bootstrap/cache directory must be present and writable.

/var/www/html/vendor/laravel/framework/src/Illuminate/Foundation/PackageManifest.php:179
/var/www/html/vendor/orchestra/testbench-core/src/Foundation/PackageManifest.php:157
/var/www/html/vendor/laravel/framework/src/Illuminate/Foundation/PackageManifest.php:132
/var/www/html/vendor/laravel/framework/src/Illuminate/Foundation/PackageManifest.php:108
/var/www/html/vendor/orchestra/testbench-core/src/Foundation/PackageManifest.php:102
/var/www/html/vendor/laravel/framework/src/Illuminate/Foundation/PackageManifest.php:91
/var/www/html/vendor/laravel/framework/src/Illuminate/Foundation/PackageManifest.php:80
/var/www/html/vendor/laravel/framework/src/Illuminate/Foundation/Bootstrap/RegisterFacades.php:26
/var/www/html/vendor/orchestra/testbench-core/src/Concerns/CreatesApplication.php:556
/var/www/html/vendor/orchestra/testbench-core/src/Concerns/CreatesApplication.php:311
/var/www/html/vendor/orchestra/testbench-core/src/TestCase.php:121
/var/www/html/vendor/orchestra/testbench-core/src/Concerns/ApplicationTestingHooks.php:74
/var/www/html/vendor/orchestra/testbench-core/src/Concerns/Testing.php:43
/var/www/html/vendor/laravel/framework/src/Illuminate/Collections/helpers.php:236
/var/www/html/vendor/orchestra/sidekick/src/functions.php:87
/var/www/html/vendor/laravel/framework/src/Illuminate/Collections/helpers.php:236
/var/www/html/vendor/orchestra/testbench-core/src/Concerns/Testing.php:57
/var/www/html/vendor/orchestra/testbench-core/src/TestCase.php:50
/var/www/html/tests/Unit/Protocol/JsonRpcHandlerTest.php:23</error>
        </testcase>
        <testcase name="test_handle_request_valid" file="/var/www/html/tests/Unit/Protocol/JsonRpcHandlerTest.php" line="72" class="Tests\Unit\Protocol\JsonRpcHandlerTest" classname="Tests.Unit.Protocol.JsonRpcHandlerTest" assertions="0" time="0.000000">
          <error type="Exception">Tests\Unit\Protocol\JsonRpcHandlerTest::test_handle_request_valid
Exception: The /var/www/html/vendor/orchestra/testbench-core/laravel/bootstrap/cache directory must be present and writable.

/var/www/html/vendor/laravel/framework/src/Illuminate/Foundation/PackageManifest.php:179
/var/www/html/vendor/orchestra/testbench-core/src/Foundation/PackageManifest.php:157
/var/www/html/vendor/laravel/framework/src/Illuminate/Foundation/PackageManifest.php:132
/var/www/html/vendor/laravel/framework/src/Illuminate/Foundation/PackageManifest.php:108
/var/www/html/vendor/orchestra/testbench-core/src/Foundation/PackageManifest.php:102
/var/www/html/vendor/laravel/framework/src/Illuminate/Foundation/PackageManifest.php:91
/var/www/html/vendor/laravel/framework/src/Illuminate/Foundation/PackageManifest.php:80
/var/www/html/vendor/laravel/framework/src/Illuminate/Foundation/Bootstrap/RegisterFacades.php:26
/var/www/html/vendor/orchestra/testbench-core/src/Concerns/CreatesApplication.php:556
/var/www/html/vendor/orchestra/testbench-core/src/Concerns/CreatesApplication.php:311
/var/www/html/vendor/orchestra/testbench-core/src/TestCase.php:121
/var/www/html/vendor/orchestra/testbench-core/src/Concerns/ApplicationTestingHooks.php:74
/var/www/html/vendor/orchestra/testbench-core/src/Concerns/Testing.php:43
/var/www/html/vendor/laravel/framework/src/Illuminate/Collections/helpers.php:236
/var/www/html/vendor/orchestra/sidekick/src/functions.php:87
/var/www/html/vendor/laravel/framework/src/Illuminate/Collections/helpers.php:236
/var/www/html/vendor/orchestra/testbench-core/src/Concerns/Testing.php:57
/var/www/html/vendor/orchestra/testbench-core/src/TestCase.php:50
/var/www/html/tests/Unit/Protocol/JsonRpcHandlerTest.php:23</error>
        </testcase>
        <testcase name="test_handle_request_no_params" file="/var/www/html/tests/Unit/Protocol/JsonRpcHandlerTest.php" line="98" class="Tests\Unit\Protocol\JsonRpcHandlerTest" classname="Tests.Unit.Protocol.JsonRpcHandlerTest" assertions="0" time="0.000000">
          <error type="Exception">Tests\Unit\Protocol\JsonRpcHandlerTest::test_handle_request_no_params
Exception: The /var/www/html/vendor/orchestra/testbench-core/laravel/bootstrap/cache directory must be present and writable.

/var/www/html/vendor/laravel/framework/src/Illuminate/Foundation/PackageManifest.php:179
/var/www/html/vendor/orchestra/testbench-core/src/Foundation/PackageManifest.php:157
/var/www/html/vendor/laravel/framework/src/Illuminate/Foundation/PackageManifest.php:132
/var/www/html/vendor/laravel/framework/src/Illuminate/Foundation/PackageManifest.php:108
/var/www/html/vendor/orchestra/testbench-core/src/Foundation/PackageManifest.php:102
/var/www/html/vendor/laravel/framework/src/Illuminate/Foundation/PackageManifest.php:91
/var/www/html/vendor/laravel/framework/src/Illuminate/Foundation/PackageManifest.php:80
/var/www/html/vendor/laravel/framework/src/Illuminate/Foundation/Bootstrap/RegisterFacades.php:26
/var/www/html/vendor/orchestra/testbench-core/src/Concerns/CreatesApplication.php:556
/var/www/html/vendor/orchestra/testbench-core/src/Concerns/CreatesApplication.php:311
/var/www/html/vendor/orchestra/testbench-core/src/TestCase.php:121
/var/www/html/vendor/orchestra/testbench-core/src/Concerns/ApplicationTestingHooks.php:74
/var/www/html/vendor/orchestra/testbench-core/src/Concerns/Testing.php:43
/var/www/html/vendor/laravel/framework/src/Illuminate/Collections/helpers.php:236
/var/www/html/vendor/orchestra/sidekick/src/functions.php:87
/var/www/html/vendor/laravel/framework/src/Illuminate/Collections/helpers.php:236
/var/www/html/vendor/orchestra/testbench-core/src/Concerns/Testing.php:57
/var/www/html/vendor/orchestra/testbench-core/src/TestCase.php:50
/var/www/html/tests/Unit/Protocol/JsonRpcHandlerTest.php:23</error>
        </testcase>
        <testcase name="test_handle_request_method_not_found" file="/var/www/html/tests/Unit/Protocol/JsonRpcHandlerTest.php" line="146" class="Tests\Unit\Protocol\JsonRpcHandlerTest" classname="Tests.Unit.Protocol.JsonRpcHandlerTest" assertions="0" time="0.000000">
          <error type="Exception">Tests\Unit\Protocol\JsonRpcHandlerTest::test_handle_request_method_not_found
Exception: The /var/www/html/vendor/orchestra/testbench-core/laravel/bootstrap/cache directory must be present and writable.

/var/www/html/vendor/laravel/framework/src/Illuminate/Foundation/PackageManifest.php:179
/var/www/html/vendor/orchestra/testbench-core/src/Foundation/PackageManifest.php:157
/var/www/html/vendor/laravel/framework/src/Illuminate/Foundation/PackageManifest.php:132
/var/www/html/vendor/laravel/framework/src/Illuminate/Foundation/PackageManifest.php:108
/var/www/html/vendor/orchestra/testbench-core/src/Foundation/PackageManifest.php:102
/var/www/html/vendor/laravel/framework/src/Illuminate/Foundation/PackageManifest.php:91
/var/www/html/vendor/laravel/framework/src/Illuminate/Foundation/PackageManifest.php:80
/var/www/html/vendor/laravel/framework/src/Illuminate/Foundation/Bootstrap/RegisterFacades.php:26
/var/www/html/vendor/orchestra/testbench-core/src/Concerns/CreatesApplication.php:556
/var/www/html/vendor/orchestra/testbench-core/src/Concerns/CreatesApplication.php:311
/var/www/html/vendor/orchestra/testbench-core/src/TestCase.php:121
/var/www/html/vendor/orchestra/testbench-core/src/Concerns/ApplicationTestingHooks.php:74
/var/www/html/vendor/orchestra/testbench-core/src/Concerns/Testing.php:43
/var/www/html/vendor/laravel/framework/src/Illuminate/Collections/helpers.php:236
/var/www/html/vendor/orchestra/sidekick/src/functions.php:87
/var/www/html/vendor/laravel/framework/src/Illuminate/Collections/helpers.php:236
/var/www/html/vendor/orchestra/testbench-core/src/Concerns/Testing.php:57
/var/www/html/vendor/orchestra/testbench-core/src/TestCase.php:50
/var/www/html/tests/Unit/Protocol/JsonRpcHandlerTest.php:23</error>
        </testcase>
        <testcase name="test_handle_request_invalid_params_exception" file="/var/www/html/tests/Unit/Protocol/JsonRpcHandlerTest.php" line="166" class="Tests\Unit\Protocol\JsonRpcHandlerTest" classname="Tests.Unit.Protocol.JsonRpcHandlerTest" assertions="0" time="0.000000">
          <error type="Exception">Tests\Unit\Protocol\JsonRpcHandlerTest::test_handle_request_invalid_params_exception
Exception: The /var/www/html/vendor/orchestra/testbench-core/laravel/bootstrap/cache directory must be present and writable.

/var/www/html/vendor/laravel/framework/src/Illuminate/Foundation/PackageManifest.php:179
/var/www/html/vendor/orchestra/testbench-core/src/Foundation/PackageManifest.php:157
/var/www/html/vendor/laravel/framework/src/Illuminate/Foundation/PackageManifest.php:132
/var/www/html/vendor/laravel/framework/src/Illuminate/Foundation/PackageManifest.php:108
/var/www/html/vendor/orchestra/testbench-core/src/Foundation/PackageManifest.php:102
/var/www/html/vendor/laravel/framework/src/Illuminate/Foundation/PackageManifest.php:91
/var/www/html/vendor/laravel/framework/src/Illuminate/Foundation/PackageManifest.php:80
/var/www/html/vendor/laravel/framework/src/Illuminate/Foundation/Bootstrap/RegisterFacades.php:26
/var/www/html/vendor/orchestra/testbench-core/src/Concerns/CreatesApplication.php:556
/var/www/html/vendor/orchestra/testbench-core/src/Concerns/CreatesApplication.php:311
/var/www/html/vendor/orchestra/testbench-core/src/TestCase.php:121
/var/www/html/vendor/orchestra/testbench-core/src/Concerns/ApplicationTestingHooks.php:74
/var/www/html/vendor/orchestra/testbench-core/src/Concerns/Testing.php:43
/var/www/html/vendor/laravel/framework/src/Illuminate/Collections/helpers.php:236
/var/www/html/vendor/orchestra/sidekick/src/functions.php:87
/var/www/html/vendor/laravel/framework/src/Illuminate/Collections/helpers.php:236
/var/www/html/vendor/orchestra/testbench-core/src/Concerns/Testing.php:57
/var/www/html/vendor/orchestra/testbench-core/src/TestCase.php:50
/var/www/html/tests/Unit/Protocol/JsonRpcHandlerTest.php:23</error>
        </testcase>
        <testcase name="test_handle_request_internal_error" file="/var/www/html/tests/Unit/Protocol/JsonRpcHandlerTest.php" line="191" class="Tests\Unit\Protocol\JsonRpcHandlerTest" classname="Tests.Unit.Protocol.JsonRpcHandlerTest" assertions="0" time="0.000000">
          <error type="Exception">Tests\Unit\Protocol\JsonRpcHandlerTest::test_handle_request_internal_error
Exception: The /var/www/html/vendor/orchestra/testbench-core/laravel/bootstrap/cache directory must be present and writable.

/var/www/html/vendor/laravel/framework/src/Illuminate/Foundation/PackageManifest.php:179
/var/www/html/vendor/orchestra/testbench-core/src/Foundation/PackageManifest.php:157
/var/www/html/vendor/laravel/framework/src/Illuminate/Foundation/PackageManifest.php:132
/var/www/html/vendor/laravel/framework/src/Illuminate/Foundation/PackageManifest.php:108
/var/www/html/vendor/orchestra/testbench-core/src/Foundation/PackageManifest.php:102
/var/www/html/vendor/laravel/framework/src/Illuminate/Foundation/PackageManifest.php:91
/var/www/html/vendor/laravel/framework/src/Illuminate/Foundation/PackageManifest.php:80
/var/www/html/vendor/laravel/framework/src/Illuminate/Foundation/Bootstrap/RegisterFacades.php:26
/var/www/html/vendor/orchestra/testbench-core/src/Concerns/CreatesApplication.php:556
/var/www/html/vendor/orchestra/testbench-core/src/Concerns/CreatesApplication.php:311
/var/www/html/vendor/orchestra/testbench-core/src/TestCase.php:121
/var/www/html/vendor/orchestra/testbench-core/src/Concerns/ApplicationTestingHooks.php:74
/var/www/html/vendor/orchestra/testbench-core/src/Concerns/Testing.php:43
/var/www/html/vendor/laravel/framework/src/Illuminate/Collections/helpers.php:236
/var/www/html/vendor/orchestra/sidekick/src/functions.php:87
/var/www/html/vendor/laravel/framework/src/Illuminate/Collections/helpers.php:236
/var/www/html/vendor/orchestra/testbench-core/src/Concerns/Testing.php:57
/var/www/html/vendor/orchestra/testbench-core/src/TestCase.php:50
/var/www/html/tests/Unit/Protocol/JsonRpcHandlerTest.php:23</error>
        </testcase>
        <testcase name="test_handle_request_internal_error_debug_mode" file="/var/www/html/tests/Unit/Protocol/JsonRpcHandlerTest.php" line="218" class="Tests\Unit\Protocol\JsonRpcHandlerTest" classname="Tests.Unit.Protocol.JsonRpcHandlerTest" assertions="0" time="0.000000">
          <error type="Exception">Tests\Unit\Protocol\JsonRpcHandlerTest::test_handle_request_internal_error_debug_mode
Exception: The /var/www/html/vendor/orchestra/testbench-core/laravel/bootstrap/cache directory must be present and writable.

/var/www/html/vendor/laravel/framework/src/Illuminate/Foundation/PackageManifest.php:179
/var/www/html/vendor/orchestra/testbench-core/src/Foundation/PackageManifest.php:157
/var/www/html/vendor/laravel/framework/src/Illuminate/Foundation/PackageManifest.php:132
/var/www/html/vendor/laravel/framework/src/Illuminate/Foundation/PackageManifest.php:108
/var/www/html/vendor/orchestra/testbench-core/src/Foundation/PackageManifest.php:102
/var/www/html/vendor/laravel/framework/src/Illuminate/Foundation/PackageManifest.php:91
/var/www/html/vendor/laravel/framework/src/Illuminate/Foundation/PackageManifest.php:80
/var/www/html/vendor/laravel/framework/src/Illuminate/Foundation/Bootstrap/RegisterFacades.php:26
/var/www/html/vendor/orchestra/testbench-core/src/Concerns/CreatesApplication.php:556
/var/www/html/vendor/orchestra/testbench-core/src/Concerns/CreatesApplication.php:311
/var/www/html/vendor/orchestra/testbench-core/src/TestCase.php:121
/var/www/html/vendor/orchestra/testbench-core/src/Concerns/ApplicationTestingHooks.php:74
/var/www/html/vendor/orchestra/testbench-core/src/Concerns/Testing.php:43
/var/www/html/vendor/laravel/framework/src/Illuminate/Collections/helpers.php:236
/var/www/html/vendor/orchestra/sidekick/src/functions.php:87
/var/www/html/vendor/laravel/framework/src/Illuminate/Collections/helpers.php:236
/var/www/html/vendor/orchestra/testbench-core/src/Concerns/Testing.php:57
/var/www/html/vendor/orchestra/testbench-core/src/TestCase.php:50
/var/www/html/tests/Unit/Protocol/JsonRpcHandlerTest.php:23</error>
        </testcase>
        <testcase name="test_handle_request_global_exception" file="/var/www/html/tests/Unit/Protocol/JsonRpcHandlerTest.php" line="248" class="Tests\Unit\Protocol\JsonRpcHandlerTest" classname="Tests.Unit.Protocol.JsonRpcHandlerTest" assertions="0" time="0.000000">
          <error type="Exception">Tests\Unit\Protocol\JsonRpcHandlerTest::test_handle_request_global_exception
Exception: The /var/www/html/vendor/orchestra/testbench-core/laravel/bootstrap/cache directory must be present and writable.

/var/www/html/vendor/laravel/framework/src/Illuminate/Foundation/PackageManifest.php:179
/var/www/html/vendor/orchestra/testbench-core/src/Foundation/PackageManifest.php:157
/var/www/html/vendor/laravel/framework/src/Illuminate/Foundation/PackageManifest.php:132
/var/www/html/vendor/laravel/framework/src/Illuminate/Foundation/PackageManifest.php:108
/var/www/html/vendor/orchestra/testbench-core/src/Foundation/PackageManifest.php:102
/var/www/html/vendor/laravel/framework/src/Illuminate/Foundation/PackageManifest.php:91
/var/www/html/vendor/laravel/framework/src/Illuminate/Foundation/PackageManifest.php:80
/var/www/html/vendor/laravel/framework/src/Illuminate/Foundation/Bootstrap/RegisterFacades.php:26
/var/www/html/vendor/orchestra/testbench-core/src/Concerns/CreatesApplication.php:556
/var/www/html/vendor/orchestra/testbench-core/src/Concerns/CreatesApplication.php:311
/var/www/html/vendor/orchestra/testbench-core/src/TestCase.php:121
/var/www/html/vendor/orchestra/testbench-core/src/Concerns/ApplicationTestingHooks.php:74
/var/www/html/vendor/orchestra/testbench-core/src/Concerns/Testing.php:43
/var/www/html/vendor/laravel/framework/src/Illuminate/Collections/helpers.php:236
/var/www/html/vendor/orchestra/sidekick/src/functions.php:87
/var/www/html/vendor/laravel/framework/src/Illuminate/Collections/helpers.php:236
/var/www/html/vendor/orchestra/testbench-core/src/Concerns/Testing.php:57
/var/www/html/vendor/orchestra/testbench-core/src/TestCase.php:50
/var/www/html/tests/Unit/Protocol/JsonRpcHandlerTest.php:23</error>
        </testcase>
        <testcase name="test_handle_request_debug_logging" file="/var/www/html/tests/Unit/Protocol/JsonRpcHandlerTest.php" line="279" class="Tests\Unit\Protocol\JsonRpcHandlerTest" classname="Tests.Unit.Protocol.JsonRpcHandlerTest" assertions="0" time="0.000000">
          <error type="Exception">Tests\Unit\Protocol\JsonRpcHandlerTest::test_handle_request_debug_logging
Exception: The /var/www/html/vendor/orchestra/testbench-core/laravel/bootstrap/cache directory must be present and writable.

/var/www/html/vendor/laravel/framework/src/Illuminate/Foundation/PackageManifest.php:179
/var/www/html/vendor/orchestra/testbench-core/src/Foundation/PackageManifest.php:157
/var/www/html/vendor/laravel/framework/src/Illuminate/Foundation/PackageManifest.php:132
/var/www/html/vendor/laravel/framework/src/Illuminate/Foundation/PackageManifest.php:108
/var/www/html/vendor/orchestra/testbench-core/src/Foundation/PackageManifest.php:102
/var/www/html/vendor/laravel/framework/src/Illuminate/Foundation/PackageManifest.php:91
/var/www/html/vendor/laravel/framework/src/Illuminate/Foundation/PackageManifest.php:80
/var/www/html/vendor/laravel/framework/src/Illuminate/Foundation/Bootstrap/RegisterFacades.php:26
/var/www/html/vendor/orchestra/testbench-core/src/Concerns/CreatesApplication.php:556
/var/www/html/vendor/orchestra/testbench-core/src/Concerns/CreatesApplication.php:311
/var/www/html/vendor/orchestra/testbench-core/src/TestCase.php:121
/var/www/html/vendor/orchestra/testbench-core/src/Concerns/ApplicationTestingHooks.php:74
/var/www/html/vendor/orchestra/testbench-core/src/Concerns/Testing.php:43
/var/www/html/vendor/laravel/framework/src/Illuminate/Collections/helpers.php:236
/var/www/html/vendor/orchestra/sidekick/src/functions.php:87
/var/www/html/vendor/laravel/framework/src/Illuminate/Collections/helpers.php:236
/var/www/html/vendor/orchestra/testbench-core/src/Concerns/Testing.php:57
/var/www/html/vendor/orchestra/testbench-core/src/TestCase.php:50
/var/www/html/tests/Unit/Protocol/JsonRpcHandlerTest.php:23</error>
        </testcase>
        <testcase name="test_handle_notification_valid" file="/var/www/html/tests/Unit/Protocol/JsonRpcHandlerTest.php" line="310" class="Tests\Unit\Protocol\JsonRpcHandlerTest" classname="Tests.Unit.Protocol.JsonRpcHandlerTest" assertions="0" time="0.000000">
          <error type="Exception">Tests\Unit\Protocol\JsonRpcHandlerTest::test_handle_notification_valid
Exception: The /var/www/html/vendor/orchestra/testbench-core/laravel/bootstrap/cache directory must be present and writable.

/var/www/html/vendor/laravel/framework/src/Illuminate/Foundation/PackageManifest.php:179
/var/www/html/vendor/orchestra/testbench-core/src/Foundation/PackageManifest.php:157
/var/www/html/vendor/laravel/framework/src/Illuminate/Foundation/PackageManifest.php:132
/var/www/html/vendor/laravel/framework/src/Illuminate/Foundation/PackageManifest.php:108
/var/www/html/vendor/orchestra/testbench-core/src/Foundation/PackageManifest.php:102
/var/www/html/vendor/laravel/framework/src/Illuminate/Foundation/PackageManifest.php:91
/var/www/html/vendor/laravel/framework/src/Illuminate/Foundation/PackageManifest.php:80
/var/www/html/vendor/laravel/framework/src/Illuminate/Foundation/Bootstrap/RegisterFacades.php:26
/var/www/html/vendor/orchestra/testbench-core/src/Concerns/CreatesApplication.php:556
/var/www/html/vendor/orchestra/testbench-core/src/Concerns/CreatesApplication.php:311
/var/www/html/vendor/orchestra/testbench-core/src/TestCase.php:121
/var/www/html/vendor/orchestra/testbench-core/src/Concerns/ApplicationTestingHooks.php:74
/var/www/html/vendor/orchestra/testbench-core/src/Concerns/Testing.php:43
/var/www/html/vendor/laravel/framework/src/Illuminate/Collections/helpers.php:236
/var/www/html/vendor/orchestra/sidekick/src/functions.php:87
/var/www/html/vendor/laravel/framework/src/Illuminate/Collections/helpers.php:236
/var/www/html/vendor/orchestra/testbench-core/src/Concerns/Testing.php:57
/var/www/html/vendor/orchestra/testbench-core/src/TestCase.php:50
/var/www/html/tests/Unit/Protocol/JsonRpcHandlerTest.php:23</error>
        </testcase>
        <testcase name="test_handle_notification_no_params" file="/var/www/html/tests/Unit/Protocol/JsonRpcHandlerTest.php" line="335" class="Tests\Unit\Protocol\JsonRpcHandlerTest" classname="Tests.Unit.Protocol.JsonRpcHandlerTest" assertions="0" time="0.000000">
          <error type="Exception">Tests\Unit\Protocol\JsonRpcHandlerTest::test_handle_notification_no_params
Exception: The /var/www/html/vendor/orchestra/testbench-core/laravel/bootstrap/cache directory must be present and writable.

/var/www/html/vendor/laravel/framework/src/Illuminate/Foundation/PackageManifest.php:179
/var/www/html/vendor/orchestra/testbench-core/src/Foundation/PackageManifest.php:157
/var/www/html/vendor/laravel/framework/src/Illuminate/Foundation/PackageManifest.php:132
/var/www/html/vendor/laravel/framework/src/Illuminate/Foundation/PackageManifest.php:108
/var/www/html/vendor/orchestra/testbench-core/src/Foundation/PackageManifest.php:102
/var/www/html/vendor/laravel/framework/src/Illuminate/Foundation/PackageManifest.php:91
/var/www/html/vendor/laravel/framework/src/Illuminate/Foundation/PackageManifest.php:80
/var/www/html/vendor/laravel/framework/src/Illuminate/Foundation/Bootstrap/RegisterFacades.php:26
/var/www/html/vendor/orchestra/testbench-core/src/Concerns/CreatesApplication.php:556
/var/www/html/vendor/orchestra/testbench-core/src/Concerns/CreatesApplication.php:311
/var/www/html/vendor/orchestra/testbench-core/src/TestCase.php:121
/var/www/html/vendor/orchestra/testbench-core/src/Concerns/ApplicationTestingHooks.php:74
/var/www/html/vendor/orchestra/testbench-core/src/Concerns/Testing.php:43
/var/www/html/vendor/laravel/framework/src/Illuminate/Collections/helpers.php:236
/var/www/html/vendor/orchestra/sidekick/src/functions.php:87
/var/www/html/vendor/laravel/framework/src/Illuminate/Collections/helpers.php:236
/var/www/html/vendor/orchestra/testbench-core/src/Concerns/Testing.php:57
/var/www/html/vendor/orchestra/testbench-core/src/TestCase.php:50
/var/www/html/tests/Unit/Protocol/JsonRpcHandlerTest.php:23</error>
        </testcase>
        <testcase name="test_handle_notification_unregistered_method" file="/var/www/html/tests/Unit/Protocol/JsonRpcHandlerTest.php" line="384" class="Tests\Unit\Protocol\JsonRpcHandlerTest" classname="Tests.Unit.Protocol.JsonRpcHandlerTest" assertions="0" time="0.000000">
          <error type="Exception">Tests\Unit\Protocol\JsonRpcHandlerTest::test_handle_notification_unregistered_method
Exception: The /var/www/html/vendor/orchestra/testbench-core/laravel/bootstrap/cache directory must be present and writable.

/var/www/html/vendor/laravel/framework/src/Illuminate/Foundation/PackageManifest.php:179
/var/www/html/vendor/orchestra/testbench-core/src/Foundation/PackageManifest.php:157
/var/www/html/vendor/laravel/framework/src/Illuminate/Foundation/PackageManifest.php:132
/var/www/html/vendor/laravel/framework/src/Illuminate/Foundation/PackageManifest.php:108
/var/www/html/vendor/orchestra/testbench-core/src/Foundation/PackageManifest.php:102
/var/www/html/vendor/laravel/framework/src/Illuminate/Foundation/PackageManifest.php:91
/var/www/html/vendor/laravel/framework/src/Illuminate/Foundation/PackageManifest.php:80
/var/www/html/vendor/laravel/framework/src/Illuminate/Foundation/Bootstrap/RegisterFacades.php:26
/var/www/html/vendor/orchestra/testbench-core/src/Concerns/CreatesApplication.php:556
/var/www/html/vendor/orchestra/testbench-core/src/Concerns/CreatesApplication.php:311
/var/www/html/vendor/orchestra/testbench-core/src/TestCase.php:121
/var/www/html/vendor/orchestra/testbench-core/src/Concerns/ApplicationTestingHooks.php:74
/var/www/html/vendor/orchestra/testbench-core/src/Concerns/Testing.php:43
/var/www/html/vendor/laravel/framework/src/Illuminate/Collections/helpers.php:236
/var/www/html/vendor/orchestra/sidekick/src/functions.php:87
/var/www/html/vendor/laravel/framework/src/Illuminate/Collections/helpers.php:236
/var/www/html/vendor/orchestra/testbench-core/src/Concerns/Testing.php:57
/var/www/html/vendor/orchestra/testbench-core/src/TestCase.php:50
/var/www/html/tests/Unit/Protocol/JsonRpcHandlerTest.php:23</error>
        </testcase>
        <testcase name="test_handle_notification_handler_exception" file="/var/www/html/tests/Unit/Protocol/JsonRpcHandlerTest.php" line="402" class="Tests\Unit\Protocol\JsonRpcHandlerTest" classname="Tests.Unit.Protocol.JsonRpcHandlerTest" assertions="0" time="0.000000">
          <error type="Exception">Tests\Unit\Protocol\JsonRpcHandlerTest::test_handle_notification_handler_exception
Exception: The /var/www/html/vendor/orchestra/testbench-core/laravel/bootstrap/cache directory must be present and writable.

/var/www/html/vendor/laravel/framework/src/Illuminate/Foundation/PackageManifest.php:179
/var/www/html/vendor/orchestra/testbench-core/src/Foundation/PackageManifest.php:157
/var/www/html/vendor/laravel/framework/src/Illuminate/Foundation/PackageManifest.php:132
/var/www/html/vendor/laravel/framework/src/Illuminate/Foundation/PackageManifest.php:108
/var/www/html/vendor/orchestra/testbench-core/src/Foundation/PackageManifest.php:102
/var/www/html/vendor/laravel/framework/src/Illuminate/Foundation/PackageManifest.php:91
/var/www/html/vendor/laravel/framework/src/Illuminate/Foundation/PackageManifest.php:80
/var/www/html/vendor/laravel/framework/src/Illuminate/Foundation/Bootstrap/RegisterFacades.php:26
/var/www/html/vendor/orchestra/testbench-core/src/Concerns/CreatesApplication.php:556
/var/www/html/vendor/orchestra/testbench-core/src/Concerns/CreatesApplication.php:311
/var/www/html/vendor/orchestra/testbench-core/src/TestCase.php:121
/var/www/html/vendor/orchestra/testbench-core/src/Concerns/ApplicationTestingHooks.php:74
/var/www/html/vendor/orchestra/testbench-core/src/Concerns/Testing.php:43
/var/www/html/vendor/laravel/framework/src/Illuminate/Collections/helpers.php:236
/var/www/html/vendor/orchestra/sidekick/src/functions.php:87
/var/www/html/vendor/laravel/framework/src/Illuminate/Collections/helpers.php:236
/var/www/html/vendor/orchestra/testbench-core/src/Concerns/Testing.php:57
/var/www/html/vendor/orchestra/testbench-core/src/TestCase.php:50
/var/www/html/tests/Unit/Protocol/JsonRpcHandlerTest.php:23</error>
        </testcase>
        <testcase name="test_handle_notification_debug_logging" file="/var/www/html/tests/Unit/Protocol/JsonRpcHandlerTest.php" line="429" class="Tests\Unit\Protocol\JsonRpcHandlerTest" classname="Tests.Unit.Protocol.JsonRpcHandlerTest" assertions="0" time="0.000000">
          <error type="Exception">Tests\Unit\Protocol\JsonRpcHandlerTest::test_handle_notification_debug_logging
Exception: The /var/www/html/vendor/orchestra/testbench-core/laravel/bootstrap/cache directory must be present and writable.

/var/www/html/vendor/laravel/framework/src/Illuminate/Foundation/PackageManifest.php:179
/var/www/html/vendor/orchestra/testbench-core/src/Foundation/PackageManifest.php:157
/var/www/html/vendor/laravel/framework/src/Illuminate/Foundation/PackageManifest.php:132
/var/www/html/vendor/laravel/framework/src/Illuminate/Foundation/PackageManifest.php:108
/var/www/html/vendor/orchestra/testbench-core/src/Foundation/PackageManifest.php:102
/var/www/html/vendor/laravel/framework/src/Illuminate/Foundation/PackageManifest.php:91
/var/www/html/vendor/laravel/framework/src/Illuminate/Foundation/PackageManifest.php:80
/var/www/html/vendor/laravel/framework/src/Illuminate/Foundation/Bootstrap/RegisterFacades.php:26
/var/www/html/vendor/orchestra/testbench-core/src/Concerns/CreatesApplication.php:556
/var/www/html/vendor/orchestra/testbench-core/src/Concerns/CreatesApplication.php:311
/var/www/html/vendor/orchestra/testbench-core/src/TestCase.php:121
/var/www/html/vendor/orchestra/testbench-core/src/Concerns/ApplicationTestingHooks.php:74
/var/www/html/vendor/orchestra/testbench-core/src/Concerns/Testing.php:43
/var/www/html/vendor/laravel/framework/src/Illuminate/Collections/helpers.php:236
/var/www/html/vendor/orchestra/sidekick/src/functions.php:87
/var/www/html/vendor/laravel/framework/src/Illuminate/Collections/helpers.php:236
/var/www/html/vendor/orchestra/testbench-core/src/Concerns/Testing.php:57
/var/www/html/vendor/orchestra/testbench-core/src/TestCase.php:50
/var/www/html/tests/Unit/Protocol/JsonRpcHandlerTest.php:23</error>
        </testcase>
        <testcase name="test_handle_response_valid_success" file="/var/www/html/tests/Unit/Protocol/JsonRpcHandlerTest.php" line="454" class="Tests\Unit\Protocol\JsonRpcHandlerTest" classname="Tests.Unit.Protocol.JsonRpcHandlerTest" assertions="0" time="0.000000">
          <error type="Exception">Tests\Unit\Protocol\JsonRpcHandlerTest::test_handle_response_valid_success
Exception: The /var/www/html/vendor/orchestra/testbench-core/laravel/bootstrap/cache directory must be present and writable.

/var/www/html/vendor/laravel/framework/src/Illuminate/Foundation/PackageManifest.php:179
/var/www/html/vendor/orchestra/testbench-core/src/Foundation/PackageManifest.php:157
/var/www/html/vendor/laravel/framework/src/Illuminate/Foundation/PackageManifest.php:132
/var/www/html/vendor/laravel/framework/src/Illuminate/Foundation/PackageManifest.php:108
/var/www/html/vendor/orchestra/testbench-core/src/Foundation/PackageManifest.php:102
/var/www/html/vendor/laravel/framework/src/Illuminate/Foundation/PackageManifest.php:91
/var/www/html/vendor/laravel/framework/src/Illuminate/Foundation/PackageManifest.php:80
/var/www/html/vendor/laravel/framework/src/Illuminate/Foundation/Bootstrap/RegisterFacades.php:26
/var/www/html/vendor/orchestra/testbench-core/src/Concerns/CreatesApplication.php:556
/var/www/html/vendor/orchestra/testbench-core/src/Concerns/CreatesApplication.php:311
/var/www/html/vendor/orchestra/testbench-core/src/TestCase.php:121
/var/www/html/vendor/orchestra/testbench-core/src/Concerns/ApplicationTestingHooks.php:74
/var/www/html/vendor/orchestra/testbench-core/src/Concerns/Testing.php:43
/var/www/html/vendor/laravel/framework/src/Illuminate/Collections/helpers.php:236
/var/www/html/vendor/orchestra/sidekick/src/functions.php:87
/var/www/html/vendor/laravel/framework/src/Illuminate/Collections/helpers.php:236
/var/www/html/vendor/orchestra/testbench-core/src/Concerns/Testing.php:57
/var/www/html/vendor/orchestra/testbench-core/src/TestCase.php:50
/var/www/html/tests/Unit/Protocol/JsonRpcHandlerTest.php:23</error>
        </testcase>
        <testcase name="test_handle_response_valid_error" file="/var/www/html/tests/Unit/Protocol/JsonRpcHandlerTest.php" line="483" class="Tests\Unit\Protocol\JsonRpcHandlerTest" classname="Tests.Unit.Protocol.JsonRpcHandlerTest" assertions="0" time="0.000000">
          <error type="Exception">Tests\Unit\Protocol\JsonRpcHandlerTest::test_handle_response_valid_error
Exception: The /var/www/html/vendor/orchestra/testbench-core/laravel/bootstrap/cache directory must be present and writable.

/var/www/html/vendor/laravel/framework/src/Illuminate/Foundation/PackageManifest.php:179
/var/www/html/vendor/orchestra/testbench-core/src/Foundation/PackageManifest.php:157
/var/www/html/vendor/laravel/framework/src/Illuminate/Foundation/PackageManifest.php:132
/var/www/html/vendor/laravel/framework/src/Illuminate/Foundation/PackageManifest.php:108
/var/www/html/vendor/orchestra/testbench-core/src/Foundation/PackageManifest.php:102
/var/www/html/vendor/laravel/framework/src/Illuminate/Foundation/PackageManifest.php:91
/var/www/html/vendor/laravel/framework/src/Illuminate/Foundation/PackageManifest.php:80
/var/www/html/vendor/laravel/framework/src/Illuminate/Foundation/Bootstrap/RegisterFacades.php:26
/var/www/html/vendor/orchestra/testbench-core/src/Concerns/CreatesApplication.php:556
/var/www/html/vendor/orchestra/testbench-core/src/Concerns/CreatesApplication.php:311
/var/www/html/vendor/orchestra/testbench-core/src/TestCase.php:121
/var/www/html/vendor/orchestra/testbench-core/src/Concerns/ApplicationTestingHooks.php:74
/var/www/html/vendor/orchestra/testbench-core/src/Concerns/Testing.php:43
/var/www/html/vendor/laravel/framework/src/Illuminate/Collections/helpers.php:236
/var/www/html/vendor/orchestra/sidekick/src/functions.php:87
/var/www/html/vendor/laravel/framework/src/Illuminate/Collections/helpers.php:236
/var/www/html/vendor/orchestra/testbench-core/src/Concerns/Testing.php:57
/var/www/html/vendor/orchestra/testbench-core/src/TestCase.php:50
/var/www/html/tests/Unit/Protocol/JsonRpcHandlerTest.php:23</error>
        </testcase>
        <testcase name="test_handle_response_no_handler" file="/var/www/html/tests/Unit/Protocol/JsonRpcHandlerTest.php" line="536" class="Tests\Unit\Protocol\JsonRpcHandlerTest" classname="Tests.Unit.Protocol.JsonRpcHandlerTest" assertions="0" time="0.000000">
          <error type="Exception">Tests\Unit\Protocol\JsonRpcHandlerTest::test_handle_response_no_handler
Exception: The /var/www/html/vendor/orchestra/testbench-core/laravel/bootstrap/cache directory must be present and writable.

/var/www/html/vendor/laravel/framework/src/Illuminate/Foundation/PackageManifest.php:179
/var/www/html/vendor/orchestra/testbench-core/src/Foundation/PackageManifest.php:157
/var/www/html/vendor/laravel/framework/src/Illuminate/Foundation/PackageManifest.php:132
/var/www/html/vendor/laravel/framework/src/Illuminate/Foundation/PackageManifest.php:108
/var/www/html/vendor/orchestra/testbench-core/src/Foundation/PackageManifest.php:102
/var/www/html/vendor/laravel/framework/src/Illuminate/Foundation/PackageManifest.php:91
/var/www/html/vendor/laravel/framework/src/Illuminate/Foundation/PackageManifest.php:80
/var/www/html/vendor/laravel/framework/src/Illuminate/Foundation/Bootstrap/RegisterFacades.php:26
/var/www/html/vendor/orchestra/testbench-core/src/Concerns/CreatesApplication.php:556
/var/www/html/vendor/orchestra/testbench-core/src/Concerns/CreatesApplication.php:311
/var/www/html/vendor/orchestra/testbench-core/src/TestCase.php:121
/var/www/html/vendor/orchestra/testbench-core/src/Concerns/ApplicationTestingHooks.php:74
/var/www/html/vendor/orchestra/testbench-core/src/Concerns/Testing.php:43
/var/www/html/vendor/laravel/framework/src/Illuminate/Collections/helpers.php:236
/var/www/html/vendor/orchestra/sidekick/src/functions.php:87
/var/www/html/vendor/laravel/framework/src/Illuminate/Collections/helpers.php:236
/var/www/html/vendor/orchestra/testbench-core/src/Concerns/Testing.php:57
/var/www/html/vendor/orchestra/testbench-core/src/TestCase.php:50
/var/www/html/tests/Unit/Protocol/JsonRpcHandlerTest.php:23</error>
        </testcase>
        <testcase name="test_handle_response_handler_exception" file="/var/www/html/tests/Unit/Protocol/JsonRpcHandlerTest.php" line="553" class="Tests\Unit\Protocol\JsonRpcHandlerTest" classname="Tests.Unit.Protocol.JsonRpcHandlerTest" assertions="0" time="0.000000">
          <error type="Exception">Tests\Unit\Protocol\JsonRpcHandlerTest::test_handle_response_handler_exception
Exception: The /var/www/html/vendor/orchestra/testbench-core/laravel/bootstrap/cache directory must be present and writable.

/var/www/html/vendor/laravel/framework/src/Illuminate/Foundation/PackageManifest.php:179
/var/www/html/vendor/orchestra/testbench-core/src/Foundation/PackageManifest.php:157
/var/www/html/vendor/laravel/framework/src/Illuminate/Foundation/PackageManifest.php:132
/var/www/html/vendor/laravel/framework/src/Illuminate/Foundation/PackageManifest.php:108
/var/www/html/vendor/orchestra/testbench-core/src/Foundation/PackageManifest.php:102
/var/www/html/vendor/laravel/framework/src/Illuminate/Foundation/PackageManifest.php:91
/var/www/html/vendor/laravel/framework/src/Illuminate/Foundation/PackageManifest.php:80
/var/www/html/vendor/laravel/framework/src/Illuminate/Foundation/Bootstrap/RegisterFacades.php:26
/var/www/html/vendor/orchestra/testbench-core/src/Concerns/CreatesApplication.php:556
/var/www/html/vendor/orchestra/testbench-core/src/Concerns/CreatesApplication.php:311
/var/www/html/vendor/orchestra/testbench-core/src/TestCase.php:121
/var/www/html/vendor/orchestra/testbench-core/src/Concerns/ApplicationTestingHooks.php:74
/var/www/html/vendor/orchestra/testbench-core/src/Concerns/Testing.php:43
/var/www/html/vendor/laravel/framework/src/Illuminate/Collections/helpers.php:236
/var/www/html/vendor/orchestra/sidekick/src/functions.php:87
/var/www/html/vendor/laravel/framework/src/Illuminate/Collections/helpers.php:236
/var/www/html/vendor/orchestra/testbench-core/src/Concerns/Testing.php:57
/var/www/html/vendor/orchestra/testbench-core/src/TestCase.php:50
/var/www/html/tests/Unit/Protocol/JsonRpcHandlerTest.php:23</error>
        </testcase>
        <testcase name="test_handle_response_debug_logging" file="/var/www/html/tests/Unit/Protocol/JsonRpcHandlerTest.php" line="579" class="Tests\Unit\Protocol\JsonRpcHandlerTest" classname="Tests.Unit.Protocol.JsonRpcHandlerTest" assertions="0" time="0.000000">
          <error type="Exception">Tests\Unit\Protocol\JsonRpcHandlerTest::test_handle_response_debug_logging
Exception: The /var/www/html/vendor/orchestra/testbench-core/laravel/bootstrap/cache directory must be present and writable.

/var/www/html/vendor/laravel/framework/src/Illuminate/Foundation/PackageManifest.php:179
/var/www/html/vendor/orchestra/testbench-core/src/Foundation/PackageManifest.php:157
/var/www/html/vendor/laravel/framework/src/Illuminate/Foundation/PackageManifest.php:132
/var/www/html/vendor/laravel/framework/src/Illuminate/Foundation/PackageManifest.php:108
/var/www/html/vendor/orchestra/testbench-core/src/Foundation/PackageManifest.php:102
/var/www/html/vendor/laravel/framework/src/Illuminate/Foundation/PackageManifest.php:91
/var/www/html/vendor/laravel/framework/src/Illuminate/Foundation/PackageManifest.php:80
/var/www/html/vendor/laravel/framework/src/Illuminate/Foundation/Bootstrap/RegisterFacades.php:26
/var/www/html/vendor/orchestra/testbench-core/src/Concerns/CreatesApplication.php:556
/var/www/html/vendor/orchestra/testbench-core/src/Concerns/CreatesApplication.php:311
/var/www/html/vendor/orchestra/testbench-core/src/TestCase.php:121
/var/www/html/vendor/orchestra/testbench-core/src/Concerns/ApplicationTestingHooks.php:74
/var/www/html/vendor/orchestra/testbench-core/src/Concerns/Testing.php:43
/var/www/html/vendor/laravel/framework/src/Illuminate/Collections/helpers.php:236
/var/www/html/vendor/orchestra/sidekick/src/functions.php:87
/var/www/html/vendor/laravel/framework/src/Illuminate/Collections/helpers.php:236
/var/www/html/vendor/orchestra/testbench-core/src/Concerns/Testing.php:57
/var/www/html/vendor/orchestra/testbench-core/src/TestCase.php:50
/var/www/html/tests/Unit/Protocol/JsonRpcHandlerTest.php:23</error>
        </testcase>
        <testcase name="test_create_request_with_params" file="/var/www/html/tests/Unit/Protocol/JsonRpcHandlerTest.php" line="605" class="Tests\Unit\Protocol\JsonRpcHandlerTest" classname="Tests.Unit.Protocol.JsonRpcHandlerTest" assertions="0" time="0.000000">
          <error type="Exception">Tests\Unit\Protocol\JsonRpcHandlerTest::test_create_request_with_params
Exception: The /var/www/html/vendor/orchestra/testbench-core/laravel/bootstrap/cache directory must be present and writable.

/var/www/html/vendor/laravel/framework/src/Illuminate/Foundation/PackageManifest.php:179
/var/www/html/vendor/orchestra/testbench-core/src/Foundation/PackageManifest.php:157
/var/www/html/vendor/laravel/framework/src/Illuminate/Foundation/PackageManifest.php:132
/var/www/html/vendor/laravel/framework/src/Illuminate/Foundation/PackageManifest.php:108
/var/www/html/vendor/orchestra/testbench-core/src/Foundation/PackageManifest.php:102
/var/www/html/vendor/laravel/framework/src/Illuminate/Foundation/PackageManifest.php:91
/var/www/html/vendor/laravel/framework/src/Illuminate/Foundation/PackageManifest.php:80
/var/www/html/vendor/laravel/framework/src/Illuminate/Foundation/Bootstrap/RegisterFacades.php:26
/var/www/html/vendor/orchestra/testbench-core/src/Concerns/CreatesApplication.php:556
/var/www/html/vendor/orchestra/testbench-core/src/Concerns/CreatesApplication.php:311
/var/www/html/vendor/orchestra/testbench-core/src/TestCase.php:121
/var/www/html/vendor/orchestra/testbench-core/src/Concerns/ApplicationTestingHooks.php:74
/var/www/html/vendor/orchestra/testbench-core/src/Concerns/Testing.php:43
/var/www/html/vendor/laravel/framework/src/Illuminate/Collections/helpers.php:236
/var/www/html/vendor/orchestra/sidekick/src/functions.php:87
/var/www/html/vendor/laravel/framework/src/Illuminate/Collections/helpers.php:236
/var/www/html/vendor/orchestra/testbench-core/src/Concerns/Testing.php:57
/var/www/html/vendor/orchestra/testbench-core/src/TestCase.php:50
/var/www/html/tests/Unit/Protocol/JsonRpcHandlerTest.php:23</error>
        </testcase>
        <testcase name="test_create_request_no_params" file="/var/www/html/tests/Unit/Protocol/JsonRpcHandlerTest.php" line="618" class="Tests\Unit\Protocol\JsonRpcHandlerTest" classname="Tests.Unit.Protocol.JsonRpcHandlerTest" assertions="0" time="0.000000">
          <error type="Exception">Tests\Unit\Protocol\JsonRpcHandlerTest::test_create_request_no_params
Exception: The /var/www/html/vendor/orchestra/testbench-core/laravel/bootstrap/cache directory must be present and writable.

/var/www/html/vendor/laravel/framework/src/Illuminate/Foundation/PackageManifest.php:179
/var/www/html/vendor/orchestra/testbench-core/src/Foundation/PackageManifest.php:157
/var/www/html/vendor/laravel/framework/src/Illuminate/Foundation/PackageManifest.php:132
/var/www/html/vendor/laravel/framework/src/Illuminate/Foundation/PackageManifest.php:108
/var/www/html/vendor/orchestra/testbench-core/src/Foundation/PackageManifest.php:102
/var/www/html/vendor/laravel/framework/src/Illuminate/Foundation/PackageManifest.php:91
/var/www/html/vendor/laravel/framework/src/Illuminate/Foundation/PackageManifest.php:80
/var/www/html/vendor/laravel/framework/src/Illuminate/Foundation/Bootstrap/RegisterFacades.php:26
/var/www/html/vendor/orchestra/testbench-core/src/Concerns/CreatesApplication.php:556
/var/www/html/vendor/orchestra/testbench-core/src/Concerns/CreatesApplication.php:311
/var/www/html/vendor/orchestra/testbench-core/src/TestCase.php:121
/var/www/html/vendor/orchestra/testbench-core/src/Concerns/ApplicationTestingHooks.php:74
/var/www/html/vendor/orchestra/testbench-core/src/Concerns/Testing.php:43
/var/www/html/vendor/laravel/framework/src/Illuminate/Collections/helpers.php:236
/var/www/html/vendor/orchestra/sidekick/src/functions.php:87
/var/www/html/vendor/laravel/framework/src/Illuminate/Collections/helpers.php:236
/var/www/html/vendor/orchestra/testbench-core/src/Concerns/Testing.php:57
/var/www/html/vendor/orchestra/testbench-core/src/TestCase.php:50
/var/www/html/tests/Unit/Protocol/JsonRpcHandlerTest.php:23</error>
        </testcase>
        <testcase name="test_create_request_notification" file="/var/www/html/tests/Unit/Protocol/JsonRpcHandlerTest.php" line="631" class="Tests\Unit\Protocol\JsonRpcHandlerTest" classname="Tests.Unit.Protocol.JsonRpcHandlerTest" assertions="0" time="0.000000">
          <error type="Exception">Tests\Unit\Protocol\JsonRpcHandlerTest::test_create_request_notification
Exception: The /var/www/html/vendor/orchestra/testbench-core/laravel/bootstrap/cache directory must be present and writable.

/var/www/html/vendor/laravel/framework/src/Illuminate/Foundation/PackageManifest.php:179
/var/www/html/vendor/orchestra/testbench-core/src/Foundation/PackageManifest.php:157
/var/www/html/vendor/laravel/framework/src/Illuminate/Foundation/PackageManifest.php:132
/var/www/html/vendor/laravel/framework/src/Illuminate/Foundation/PackageManifest.php:108
/var/www/html/vendor/orchestra/testbench-core/src/Foundation/PackageManifest.php:102
/var/www/html/vendor/laravel/framework/src/Illuminate/Foundation/PackageManifest.php:91
/var/www/html/vendor/laravel/framework/src/Illuminate/Foundation/PackageManifest.php:80
/var/www/html/vendor/laravel/framework/src/Illuminate/Foundation/Bootstrap/RegisterFacades.php:26
/var/www/html/vendor/orchestra/testbench-core/src/Concerns/CreatesApplication.php:556
/var/www/html/vendor/orchestra/testbench-core/src/Concerns/CreatesApplication.php:311
/var/www/html/vendor/orchestra/testbench-core/src/TestCase.php:121
/var/www/html/vendor/orchestra/testbench-core/src/Concerns/ApplicationTestingHooks.php:74
/var/www/html/vendor/orchestra/testbench-core/src/Concerns/Testing.php:43
/var/www/html/vendor/laravel/framework/src/Illuminate/Collections/helpers.php:236
/var/www/html/vendor/orchestra/sidekick/src/functions.php:87
/var/www/html/vendor/laravel/framework/src/Illuminate/Collections/helpers.php:236
/var/www/html/vendor/orchestra/testbench-core/src/Concerns/Testing.php:57
/var/www/html/vendor/orchestra/testbench-core/src/TestCase.php:50
/var/www/html/tests/Unit/Protocol/JsonRpcHandlerTest.php:23</error>
        </testcase>
        <testcase name="test_create_success_response" file="/var/www/html/tests/Unit/Protocol/JsonRpcHandlerTest.php" line="644" class="Tests\Unit\Protocol\JsonRpcHandlerTest" classname="Tests.Unit.Protocol.JsonRpcHandlerTest" assertions="0" time="0.000000">
          <error type="Exception">Tests\Unit\Protocol\JsonRpcHandlerTest::test_create_success_response
Exception: The /var/www/html/vendor/orchestra/testbench-core/laravel/bootstrap/cache directory must be present and writable.

/var/www/html/vendor/laravel/framework/src/Illuminate/Foundation/PackageManifest.php:179
/var/www/html/vendor/orchestra/testbench-core/src/Foundation/PackageManifest.php:157
/var/www/html/vendor/laravel/framework/src/Illuminate/Foundation/PackageManifest.php:132
/var/www/html/vendor/laravel/framework/src/Illuminate/Foundation/PackageManifest.php:108
/var/www/html/vendor/orchestra/testbench-core/src/Foundation/PackageManifest.php:102
/var/www/html/vendor/laravel/framework/src/Illuminate/Foundation/PackageManifest.php:91
/var/www/html/vendor/laravel/framework/src/Illuminate/Foundation/PackageManifest.php:80
/var/www/html/vendor/laravel/framework/src/Illuminate/Foundation/Bootstrap/RegisterFacades.php:26
/var/www/html/vendor/orchestra/testbench-core/src/Concerns/CreatesApplication.php:556
/var/www/html/vendor/orchestra/testbench-core/src/Concerns/CreatesApplication.php:311
/var/www/html/vendor/orchestra/testbench-core/src/TestCase.php:121
/var/www/html/vendor/orchestra/testbench-core/src/Concerns/ApplicationTestingHooks.php:74
/var/www/html/vendor/orchestra/testbench-core/src/Concerns/Testing.php:43
/var/www/html/vendor/laravel/framework/src/Illuminate/Collections/helpers.php:236
/var/www/html/vendor/orchestra/sidekick/src/functions.php:87
/var/www/html/vendor/laravel/framework/src/Illuminate/Collections/helpers.php:236
/var/www/html/vendor/orchestra/testbench-core/src/Concerns/Testing.php:57
/var/www/html/vendor/orchestra/testbench-core/src/TestCase.php:50
/var/www/html/tests/Unit/Protocol/JsonRpcHandlerTest.php:23</error>
        </testcase>
        <testcase name="test_create_error_response_no_data" file="/var/www/html/tests/Unit/Protocol/JsonRpcHandlerTest.php" line="658" class="Tests\Unit\Protocol\JsonRpcHandlerTest" classname="Tests.Unit.Protocol.JsonRpcHandlerTest" assertions="0" time="0.000000">
          <error type="Exception">Tests\Unit\Protocol\JsonRpcHandlerTest::test_create_error_response_no_data
Exception: The /var/www/html/vendor/orchestra/testbench-core/laravel/bootstrap/cache directory must be present and writable.

/var/www/html/vendor/laravel/framework/src/Illuminate/Foundation/PackageManifest.php:179
/var/www/html/vendor/orchestra/testbench-core/src/Foundation/PackageManifest.php:157
/var/www/html/vendor/laravel/framework/src/Illuminate/Foundation/PackageManifest.php:132
/var/www/html/vendor/laravel/framework/src/Illuminate/Foundation/PackageManifest.php:108
/var/www/html/vendor/orchestra/testbench-core/src/Foundation/PackageManifest.php:102
/var/www/html/vendor/laravel/framework/src/Illuminate/Foundation/PackageManifest.php:91
/var/www/html/vendor/laravel/framework/src/Illuminate/Foundation/PackageManifest.php:80
/var/www/html/vendor/laravel/framework/src/Illuminate/Foundation/Bootstrap/RegisterFacades.php:26
/var/www/html/vendor/orchestra/testbench-core/src/Concerns/CreatesApplication.php:556
/var/www/html/vendor/orchestra/testbench-core/src/Concerns/CreatesApplication.php:311
/var/www/html/vendor/orchestra/testbench-core/src/TestCase.php:121
/var/www/html/vendor/orchestra/testbench-core/src/Concerns/ApplicationTestingHooks.php:74
/var/www/html/vendor/orchestra/testbench-core/src/Concerns/Testing.php:43
/var/www/html/vendor/laravel/framework/src/Illuminate/Collections/helpers.php:236
/var/www/html/vendor/orchestra/sidekick/src/functions.php:87
/var/www/html/vendor/laravel/framework/src/Illuminate/Collections/helpers.php:236
/var/www/html/vendor/orchestra/testbench-core/src/Concerns/Testing.php:57
/var/www/html/vendor/orchestra/testbench-core/src/TestCase.php:50
/var/www/html/tests/Unit/Protocol/JsonRpcHandlerTest.php:23</error>
        </testcase>
        <testcase name="test_create_error_response_with_data" file="/var/www/html/tests/Unit/Protocol/JsonRpcHandlerTest.php" line="674" class="Tests\Unit\Protocol\JsonRpcHandlerTest" classname="Tests.Unit.Protocol.JsonRpcHandlerTest" assertions="0" time="0.000000">
          <error type="Exception">Tests\Unit\Protocol\JsonRpcHandlerTest::test_create_error_response_with_data
Exception: The /var/www/html/vendor/orchestra/testbench-core/laravel/bootstrap/cache directory must be present and writable.

/var/www/html/vendor/laravel/framework/src/Illuminate/Foundation/PackageManifest.php:179
/var/www/html/vendor/orchestra/testbench-core/src/Foundation/PackageManifest.php:157
/var/www/html/vendor/laravel/framework/src/Illuminate/Foundation/PackageManifest.php:132
/var/www/html/vendor/laravel/framework/src/Illuminate/Foundation/PackageManifest.php:108
/var/www/html/vendor/orchestra/testbench-core/src/Foundation/PackageManifest.php:102
/var/www/html/vendor/laravel/framework/src/Illuminate/Foundation/PackageManifest.php:91
/var/www/html/vendor/laravel/framework/src/Illuminate/Foundation/PackageManifest.php:80
/var/www/html/vendor/laravel/framework/src/Illuminate/Foundation/Bootstrap/RegisterFacades.php:26
/var/www/html/vendor/orchestra/testbench-core/src/Concerns/CreatesApplication.php:556
/var/www/html/vendor/orchestra/testbench-core/src/Concerns/CreatesApplication.php:311
/var/www/html/vendor/orchestra/testbench-core/src/TestCase.php:121
/var/www/html/vendor/orchestra/testbench-core/src/Concerns/ApplicationTestingHooks.php:74
/var/www/html/vendor/orchestra/testbench-core/src/Concerns/Testing.php:43
/var/www/html/vendor/laravel/framework/src/Illuminate/Collections/helpers.php:236
/var/www/html/vendor/orchestra/sidekick/src/functions.php:87
/var/www/html/vendor/laravel/framework/src/Illuminate/Collections/helpers.php:236
/var/www/html/vendor/orchestra/testbench-core/src/Concerns/Testing.php:57
/var/www/html/vendor/orchestra/testbench-core/src/TestCase.php:50
/var/www/html/tests/Unit/Protocol/JsonRpcHandlerTest.php:23</error>
        </testcase>
        <testcase name="test_handler_registration" file="/var/www/html/tests/Unit/Protocol/JsonRpcHandlerTest.php" line="826" class="Tests\Unit\Protocol\JsonRpcHandlerTest" classname="Tests.Unit.Protocol.JsonRpcHandlerTest" assertions="0" time="0.000000">
          <error type="Exception">Tests\Unit\Protocol\JsonRpcHandlerTest::test_handler_registration
Exception: The /var/www/html/vendor/orchestra/testbench-core/laravel/bootstrap/cache directory must be present and writable.

/var/www/html/vendor/laravel/framework/src/Illuminate/Foundation/PackageManifest.php:179
/var/www/html/vendor/orchestra/testbench-core/src/Foundation/PackageManifest.php:157
/var/www/html/vendor/laravel/framework/src/Illuminate/Foundation/PackageManifest.php:132
/var/www/html/vendor/laravel/framework/src/Illuminate/Foundation/PackageManifest.php:108
/var/www/html/vendor/orchestra/testbench-core/src/Foundation/PackageManifest.php:102
/var/www/html/vendor/laravel/framework/src/Illuminate/Foundation/PackageManifest.php:91
/var/www/html/vendor/laravel/framework/src/Illuminate/Foundation/PackageManifest.php:80
/var/www/html/vendor/laravel/framework/src/Illuminate/Foundation/Bootstrap/RegisterFacades.php:26
/var/www/html/vendor/orchestra/testbench-core/src/Concerns/CreatesApplication.php:556
/var/www/html/vendor/orchestra/testbench-core/src/Concerns/CreatesApplication.php:311
/var/www/html/vendor/orchestra/testbench-core/src/TestCase.php:121
/var/www/html/vendor/orchestra/testbench-core/src/Concerns/ApplicationTestingHooks.php:74
/var/www/html/vendor/orchestra/testbench-core/src/Concerns/Testing.php:43
/var/www/html/vendor/laravel/framework/src/Illuminate/Collections/helpers.php:236
/var/www/html/vendor/orchestra/sidekick/src/functions.php:87
/var/www/html/vendor/laravel/framework/src/Illuminate/Collections/helpers.php:236
/var/www/html/vendor/orchestra/testbench-core/src/Concerns/Testing.php:57
/var/www/html/vendor/orchestra/testbench-core/src/TestCase.php:50
/var/www/html/tests/Unit/Protocol/JsonRpcHandlerTest.php:23</error>
        </testcase>
        <testcase name="test_response_handler_registration" file="/var/www/html/tests/Unit/Protocol/JsonRpcHandlerTest.php" line="860" class="Tests\Unit\Protocol\JsonRpcHandlerTest" classname="Tests.Unit.Protocol.JsonRpcHandlerTest" assertions="0" time="0.000000">
          <error type="Exception">Tests\Unit\Protocol\JsonRpcHandlerTest::test_response_handler_registration
Exception: The /var/www/html/vendor/orchestra/testbench-core/laravel/bootstrap/cache directory must be present and writable.

/var/www/html/vendor/laravel/framework/src/Illuminate/Foundation/PackageManifest.php:179
/var/www/html/vendor/orchestra/testbench-core/src/Foundation/PackageManifest.php:157
/var/www/html/vendor/laravel/framework/src/Illuminate/Foundation/PackageManifest.php:132
/var/www/html/vendor/laravel/framework/src/Illuminate/Foundation/PackageManifest.php:108
/var/www/html/vendor/orchestra/testbench-core/src/Foundation/PackageManifest.php:102
/var/www/html/vendor/laravel/framework/src/Illuminate/Foundation/PackageManifest.php:91
/var/www/html/vendor/laravel/framework/src/Illuminate/Foundation/PackageManifest.php:80
/var/www/html/vendor/laravel/framework/src/Illuminate/Foundation/Bootstrap/RegisterFacades.php:26
/var/www/html/vendor/orchestra/testbench-core/src/Concerns/CreatesApplication.php:556
/var/www/html/vendor/orchestra/testbench-core/src/Concerns/CreatesApplication.php:311
/var/www/html/vendor/orchestra/testbench-core/src/TestCase.php:121
/var/www/html/vendor/orchestra/testbench-core/src/Concerns/ApplicationTestingHooks.php:74
/var/www/html/vendor/orchestra/testbench-core/src/Concerns/Testing.php:43
/var/www/html/vendor/laravel/framework/src/Illuminate/Collections/helpers.php:236
/var/www/html/vendor/orchestra/sidekick/src/functions.php:87
/var/www/html/vendor/laravel/framework/src/Illuminate/Collections/helpers.php:236
/var/www/html/vendor/orchestra/testbench-core/src/Concerns/Testing.php:57
/var/www/html/vendor/orchestra/testbench-core/src/TestCase.php:50
/var/www/html/tests/Unit/Protocol/JsonRpcHandlerTest.php:23</error>
        </testcase>
        <testcase name="test_get_methods_empty" file="/var/www/html/tests/Unit/Protocol/JsonRpcHandlerTest.php" line="891" class="Tests\Unit\Protocol\JsonRpcHandlerTest" classname="Tests.Unit.Protocol.JsonRpcHandlerTest" assertions="0" time="0.000000">
          <error type="Exception">Tests\Unit\Protocol\JsonRpcHandlerTest::test_get_methods_empty
Exception: The /var/www/html/vendor/orchestra/testbench-core/laravel/bootstrap/cache directory must be present and writable.

/var/www/html/vendor/laravel/framework/src/Illuminate/Foundation/PackageManifest.php:179
/var/www/html/vendor/orchestra/testbench-core/src/Foundation/PackageManifest.php:157
/var/www/html/vendor/laravel/framework/src/Illuminate/Foundation/PackageManifest.php:132
/var/www/html/vendor/laravel/framework/src/Illuminate/Foundation/PackageManifest.php:108
/var/www/html/vendor/orchestra/testbench-core/src/Foundation/PackageManifest.php:102
/var/www/html/vendor/laravel/framework/src/Illuminate/Foundation/PackageManifest.php:91
/var/www/html/vendor/laravel/framework/src/Illuminate/Foundation/PackageManifest.php:80
/var/www/html/vendor/laravel/framework/src/Illuminate/Foundation/Bootstrap/RegisterFacades.php:26
/var/www/html/vendor/orchestra/testbench-core/src/Concerns/CreatesApplication.php:556
/var/www/html/vendor/orchestra/testbench-core/src/Concerns/CreatesApplication.php:311
/var/www/html/vendor/orchestra/testbench-core/src/TestCase.php:121
/var/www/html/vendor/orchestra/testbench-core/src/Concerns/ApplicationTestingHooks.php:74
/var/www/html/vendor/orchestra/testbench-core/src/Concerns/Testing.php:43
/var/www/html/vendor/laravel/framework/src/Illuminate/Collections/helpers.php:236
/var/www/html/vendor/orchestra/sidekick/src/functions.php:87
/var/www/html/vendor/laravel/framework/src/Illuminate/Collections/helpers.php:236
/var/www/html/vendor/orchestra/testbench-core/src/Concerns/Testing.php:57
/var/www/html/vendor/orchestra/testbench-core/src/TestCase.php:50
/var/www/html/tests/Unit/Protocol/JsonRpcHandlerTest.php:23</error>
        </testcase>
        <testcase name="test_multiple_handlers" file="/var/www/html/tests/Unit/Protocol/JsonRpcHandlerTest.php" line="900" class="Tests\Unit\Protocol\JsonRpcHandlerTest" classname="Tests.Unit.Protocol.JsonRpcHandlerTest" assertions="0" time="0.000000">
          <error type="Exception">Tests\Unit\Protocol\JsonRpcHandlerTest::test_multiple_handlers
Exception: The /var/www/html/vendor/orchestra/testbench-core/laravel/bootstrap/cache directory must be present and writable.

/var/www/html/vendor/laravel/framework/src/Illuminate/Foundation/PackageManifest.php:179
/var/www/html/vendor/orchestra/testbench-core/src/Foundation/PackageManifest.php:157
/var/www/html/vendor/laravel/framework/src/Illuminate/Foundation/PackageManifest.php:132
/var/www/html/vendor/laravel/framework/src/Illuminate/Foundation/PackageManifest.php:108
/var/www/html/vendor/orchestra/testbench-core/src/Foundation/PackageManifest.php:102
/var/www/html/vendor/laravel/framework/src/Illuminate/Foundation/PackageManifest.php:91
/var/www/html/vendor/laravel/framework/src/Illuminate/Foundation/PackageManifest.php:80
/var/www/html/vendor/laravel/framework/src/Illuminate/Foundation/Bootstrap/RegisterFacades.php:26
/var/www/html/vendor/orchestra/testbench-core/src/Concerns/CreatesApplication.php:556
/var/www/html/vendor/orchestra/testbench-core/src/Concerns/CreatesApplication.php:311
/var/www/html/vendor/orchestra/testbench-core/src/TestCase.php:121
/var/www/html/vendor/orchestra/testbench-core/src/Concerns/ApplicationTestingHooks.php:74
/var/www/html/vendor/orchestra/testbench-core/src/Concerns/Testing.php:43
/var/www/html/vendor/laravel/framework/src/Illuminate/Collections/helpers.php:236
/var/www/html/vendor/orchestra/sidekick/src/functions.php:87
/var/www/html/vendor/laravel/framework/src/Illuminate/Collections/helpers.php:236
/var/www/html/vendor/orchestra/testbench-core/src/Concerns/Testing.php:57
/var/www/html/vendor/orchestra/testbench-core/src/TestCase.php:50
/var/www/html/tests/Unit/Protocol/JsonRpcHandlerTest.php:23</error>
        </testcase>
        <testcase name="test_handler_overriding" file="/var/www/html/tests/Unit/Protocol/JsonRpcHandlerTest.php" line="924" class="Tests\Unit\Protocol\JsonRpcHandlerTest" classname="Tests.Unit.Protocol.JsonRpcHandlerTest" assertions="0" time="0.000000">
          <error type="Exception">Tests\Unit\Protocol\JsonRpcHandlerTest::test_handler_overriding
Exception: The /var/www/html/vendor/orchestra/testbench-core/laravel/bootstrap/cache directory must be present and writable.

/var/www/html/vendor/laravel/framework/src/Illuminate/Foundation/PackageManifest.php:179
/var/www/html/vendor/orchestra/testbench-core/src/Foundation/PackageManifest.php:157
/var/www/html/vendor/laravel/framework/src/Illuminate/Foundation/PackageManifest.php:132
/var/www/html/vendor/laravel/framework/src/Illuminate/Foundation/PackageManifest.php:108
/var/www/html/vendor/orchestra/testbench-core/src/Foundation/PackageManifest.php:102
/var/www/html/vendor/laravel/framework/src/Illuminate/Foundation/PackageManifest.php:91
/var/www/html/vendor/laravel/framework/src/Illuminate/Foundation/PackageManifest.php:80
/var/www/html/vendor/laravel/framework/src/Illuminate/Foundation/Bootstrap/RegisterFacades.php:26
/var/www/html/vendor/orchestra/testbench-core/src/Concerns/CreatesApplication.php:556
/var/www/html/vendor/orchestra/testbench-core/src/Concerns/CreatesApplication.php:311
/var/www/html/vendor/orchestra/testbench-core/src/TestCase.php:121
/var/www/html/vendor/orchestra/testbench-core/src/Concerns/ApplicationTestingHooks.php:74
/var/www/html/vendor/orchestra/testbench-core/src/Concerns/Testing.php:43
/var/www/html/vendor/laravel/framework/src/Illuminate/Collections/helpers.php:236
/var/www/html/vendor/orchestra/sidekick/src/functions.php:87
/var/www/html/vendor/laravel/framework/src/Illuminate/Collections/helpers.php:236
/var/www/html/vendor/orchestra/testbench-core/src/Concerns/Testing.php:57
/var/www/html/vendor/orchestra/testbench-core/src/TestCase.php:50
/var/www/html/tests/Unit/Protocol/JsonRpcHandlerTest.php:23</error>
        </testcase>
        <testsuite name="Tests\Unit\Protocol\JsonRpcHandlerTest::test_handle_request_invalid_format" tests="5" assertions="0" errors="5" failures="0" skipped="0" time="0.000000">
          <testcase name="test_handle_request_invalid_format with data set &quot;missing jsonrpc&quot;" file="/var/www/html/tests/Unit/Protocol/JsonRpcHandlerTest.php" line="121" class="Tests\Unit\Protocol\JsonRpcHandlerTest" classname="Tests.Unit.Protocol.JsonRpcHandlerTest" assertions="0" time="0.000000">
            <error type="Exception">Tests\Unit\Protocol\JsonRpcHandlerTest::test_handle_request_invalid_format with data set "missing jsonrpc"
Exception: The /var/www/html/vendor/orchestra/testbench-core/laravel/bootstrap/cache directory must be present and writable.

/var/www/html/vendor/laravel/framework/src/Illuminate/Foundation/PackageManifest.php:179
/var/www/html/vendor/orchestra/testbench-core/src/Foundation/PackageManifest.php:157
/var/www/html/vendor/laravel/framework/src/Illuminate/Foundation/PackageManifest.php:132
/var/www/html/vendor/laravel/framework/src/Illuminate/Foundation/PackageManifest.php:108
/var/www/html/vendor/orchestra/testbench-core/src/Foundation/PackageManifest.php:102
/var/www/html/vendor/laravel/framework/src/Illuminate/Foundation/PackageManifest.php:91
/var/www/html/vendor/laravel/framework/src/Illuminate/Foundation/PackageManifest.php:80
/var/www/html/vendor/laravel/framework/src/Illuminate/Foundation/Bootstrap/RegisterFacades.php:26
/var/www/html/vendor/orchestra/testbench-core/src/Concerns/CreatesApplication.php:556
/var/www/html/vendor/orchestra/testbench-core/src/Concerns/CreatesApplication.php:311
/var/www/html/vendor/orchestra/testbench-core/src/TestCase.php:121
/var/www/html/vendor/orchestra/testbench-core/src/Concerns/ApplicationTestingHooks.php:74
/var/www/html/vendor/orchestra/testbench-core/src/Concerns/Testing.php:43
/var/www/html/vendor/laravel/framework/src/Illuminate/Collections/helpers.php:236
/var/www/html/vendor/orchestra/sidekick/src/functions.php:87
/var/www/html/vendor/laravel/framework/src/Illuminate/Collections/helpers.php:236
/var/www/html/vendor/orchestra/testbench-core/src/Concerns/Testing.php:57
/var/www/html/vendor/orchestra/testbench-core/src/TestCase.php:50
/var/www/html/tests/Unit/Protocol/JsonRpcHandlerTest.php:23</error>
          </testcase>
          <testcase name="test_handle_request_invalid_format with data set &quot;wrong jsonrpc version&quot;" file="/var/www/html/tests/Unit/Protocol/JsonRpcHandlerTest.php" line="121" class="Tests\Unit\Protocol\JsonRpcHandlerTest" classname="Tests.Unit.Protocol.JsonRpcHandlerTest" assertions="0" time="0.000000">
            <error type="Exception">Tests\Unit\Protocol\JsonRpcHandlerTest::test_handle_request_invalid_format with data set "wrong jsonrpc version"
Exception: The /var/www/html/vendor/orchestra/testbench-core/laravel/bootstrap/cache directory must be present and writable.

/var/www/html/vendor/laravel/framework/src/Illuminate/Foundation/PackageManifest.php:179
/var/www/html/vendor/orchestra/testbench-core/src/Foundation/PackageManifest.php:157
/var/www/html/vendor/laravel/framework/src/Illuminate/Foundation/PackageManifest.php:132
/var/www/html/vendor/laravel/framework/src/Illuminate/Foundation/PackageManifest.php:108
/var/www/html/vendor/orchestra/testbench-core/src/Foundation/PackageManifest.php:102
/var/www/html/vendor/laravel/framework/src/Illuminate/Foundation/PackageManifest.php:91
/var/www/html/vendor/laravel/framework/src/Illuminate/Foundation/PackageManifest.php:80
/var/www/html/vendor/laravel/framework/src/Illuminate/Foundation/Bootstrap/RegisterFacades.php:26
/var/www/html/vendor/orchestra/testbench-core/src/Concerns/CreatesApplication.php:556
/var/www/html/vendor/orchestra/testbench-core/src/Concerns/CreatesApplication.php:311
/var/www/html/vendor/orchestra/testbench-core/src/TestCase.php:121
/var/www/html/vendor/orchestra/testbench-core/src/Concerns/ApplicationTestingHooks.php:74
/var/www/html/vendor/orchestra/testbench-core/src/Concerns/Testing.php:43
/var/www/html/vendor/laravel/framework/src/Illuminate/Collections/helpers.php:236
/var/www/html/vendor/orchestra/sidekick/src/functions.php:87
/var/www/html/vendor/laravel/framework/src/Illuminate/Collections/helpers.php:236
/var/www/html/vendor/orchestra/testbench-core/src/Concerns/Testing.php:57
/var/www/html/vendor/orchestra/testbench-core/src/TestCase.php:50
/var/www/html/tests/Unit/Protocol/JsonRpcHandlerTest.php:23</error>
          </testcase>
          <testcase name="test_handle_request_invalid_format with data set &quot;missing method&quot;" file="/var/www/html/tests/Unit/Protocol/JsonRpcHandlerTest.php" line="121" class="Tests\Unit\Protocol\JsonRpcHandlerTest" classname="Tests.Unit.Protocol.JsonRpcHandlerTest" assertions="0" time="0.000000">
            <error type="Exception">Tests\Unit\Protocol\JsonRpcHandlerTest::test_handle_request_invalid_format with data set "missing method"
Exception: The /var/www/html/vendor/orchestra/testbench-core/laravel/bootstrap/cache directory must be present and writable.

/var/www/html/vendor/laravel/framework/src/Illuminate/Foundation/PackageManifest.php:179
/var/www/html/vendor/orchestra/testbench-core/src/Foundation/PackageManifest.php:157
/var/www/html/vendor/laravel/framework/src/Illuminate/Foundation/PackageManifest.php:132
/var/www/html/vendor/laravel/framework/src/Illuminate/Foundation/PackageManifest.php:108
/var/www/html/vendor/orchestra/testbench-core/src/Foundation/PackageManifest.php:102
/var/www/html/vendor/laravel/framework/src/Illuminate/Foundation/PackageManifest.php:91
/var/www/html/vendor/laravel/framework/src/Illuminate/Foundation/PackageManifest.php:80
/var/www/html/vendor/laravel/framework/src/Illuminate/Foundation/Bootstrap/RegisterFacades.php:26
/var/www/html/vendor/orchestra/testbench-core/src/Concerns/CreatesApplication.php:556
/var/www/html/vendor/orchestra/testbench-core/src/Concerns/CreatesApplication.php:311
/var/www/html/vendor/orchestra/testbench-core/src/TestCase.php:121
/var/www/html/vendor/orchestra/testbench-core/src/Concerns/ApplicationTestingHooks.php:74
/var/www/html/vendor/orchestra/testbench-core/src/Concerns/Testing.php:43
/var/www/html/vendor/laravel/framework/src/Illuminate/Collections/helpers.php:236
/var/www/html/vendor/orchestra/sidekick/src/functions.php:87
/var/www/html/vendor/laravel/framework/src/Illuminate/Collections/helpers.php:236
/var/www/html/vendor/orchestra/testbench-core/src/Concerns/Testing.php:57
/var/www/html/vendor/orchestra/testbench-core/src/TestCase.php:50
/var/www/html/tests/Unit/Protocol/JsonRpcHandlerTest.php:23</error>
          </testcase>
          <testcase name="test_handle_request_invalid_format with data set &quot;empty method&quot;" file="/var/www/html/tests/Unit/Protocol/JsonRpcHandlerTest.php" line="121" class="Tests\Unit\Protocol\JsonRpcHandlerTest" classname="Tests.Unit.Protocol.JsonRpcHandlerTest" assertions="0" time="0.000000">
            <error type="Exception">Tests\Unit\Protocol\JsonRpcHandlerTest::test_handle_request_invalid_format with data set "empty method"
Exception: The /var/www/html/vendor/orchestra/testbench-core/laravel/bootstrap/cache directory must be present and writable.

/var/www/html/vendor/laravel/framework/src/Illuminate/Foundation/PackageManifest.php:179
/var/www/html/vendor/orchestra/testbench-core/src/Foundation/PackageManifest.php:157
/var/www/html/vendor/laravel/framework/src/Illuminate/Foundation/PackageManifest.php:132
/var/www/html/vendor/laravel/framework/src/Illuminate/Foundation/PackageManifest.php:108
/var/www/html/vendor/orchestra/testbench-core/src/Foundation/PackageManifest.php:102
/var/www/html/vendor/laravel/framework/src/Illuminate/Foundation/PackageManifest.php:91
/var/www/html/vendor/laravel/framework/src/Illuminate/Foundation/PackageManifest.php:80
/var/www/html/vendor/laravel/framework/src/Illuminate/Foundation/Bootstrap/RegisterFacades.php:26
/var/www/html/vendor/orchestra/testbench-core/src/Concerns/CreatesApplication.php:556
/var/www/html/vendor/orchestra/testbench-core/src/Concerns/CreatesApplication.php:311
/var/www/html/vendor/orchestra/testbench-core/src/TestCase.php:121
/var/www/html/vendor/orchestra/testbench-core/src/Concerns/ApplicationTestingHooks.php:74
/var/www/html/vendor/orchestra/testbench-core/src/Concerns/Testing.php:43
/var/www/html/vendor/laravel/framework/src/Illuminate/Collections/helpers.php:236
/var/www/html/vendor/orchestra/sidekick/src/functions.php:87
/var/www/html/vendor/laravel/framework/src/Illuminate/Collections/helpers.php:236
/var/www/html/vendor/orchestra/testbench-core/src/Concerns/Testing.php:57
/var/www/html/vendor/orchestra/testbench-core/src/TestCase.php:50
/var/www/html/tests/Unit/Protocol/JsonRpcHandlerTest.php:23</error>
          </testcase>
          <testcase name="test_handle_request_invalid_format with data set &quot;missing id&quot;" file="/var/www/html/tests/Unit/Protocol/JsonRpcHandlerTest.php" line="121" class="Tests\Unit\Protocol\JsonRpcHandlerTest" classname="Tests.Unit.Protocol.JsonRpcHandlerTest" assertions="0" time="0.000000">
            <error type="Exception">Tests\Unit\Protocol\JsonRpcHandlerTest::test_handle_request_invalid_format with data set "missing id"
Exception: The /var/www/html/vendor/orchestra/testbench-core/laravel/bootstrap/cache directory must be present and writable.

/var/www/html/vendor/laravel/framework/src/Illuminate/Foundation/PackageManifest.php:179
/var/www/html/vendor/orchestra/testbench-core/src/Foundation/PackageManifest.php:157
/var/www/html/vendor/laravel/framework/src/Illuminate/Foundation/PackageManifest.php:132
/var/www/html/vendor/laravel/framework/src/Illuminate/Foundation/PackageManifest.php:108
/var/www/html/vendor/orchestra/testbench-core/src/Foundation/PackageManifest.php:102
/var/www/html/vendor/laravel/framework/src/Illuminate/Foundation/PackageManifest.php:91
/var/www/html/vendor/laravel/framework/src/Illuminate/Foundation/PackageManifest.php:80
/var/www/html/vendor/laravel/framework/src/Illuminate/Foundation/Bootstrap/RegisterFacades.php:26
/var/www/html/vendor/orchestra/testbench-core/src/Concerns/CreatesApplication.php:556
/var/www/html/vendor/orchestra/testbench-core/src/Concerns/CreatesApplication.php:311
/var/www/html/vendor/orchestra/testbench-core/src/TestCase.php:121
/var/www/html/vendor/orchestra/testbench-core/src/Concerns/ApplicationTestingHooks.php:74
/var/www/html/vendor/orchestra/testbench-core/src/Concerns/Testing.php:43
/var/www/html/vendor/laravel/framework/src/Illuminate/Collections/helpers.php:236
/var/www/html/vendor/orchestra/sidekick/src/functions.php:87
/var/www/html/vendor/laravel/framework/src/Illuminate/Collections/helpers.php:236
/var/www/html/vendor/orchestra/testbench-core/src/Concerns/Testing.php:57
/var/www/html/vendor/orchestra/testbench-core/src/TestCase.php:50
/var/www/html/tests/Unit/Protocol/JsonRpcHandlerTest.php:23</error>
          </testcase>
        </testsuite>
        <testsuite name="Tests\Unit\Protocol\JsonRpcHandlerTest::test_handle_notification_invalid_format" tests="5" assertions="0" errors="5" failures="0" skipped="0" time="0.000000">
          <testcase name="test_handle_notification_invalid_format with data set &quot;missing jsonrpc&quot;" file="/var/www/html/tests/Unit/Protocol/JsonRpcHandlerTest.php" line="360" class="Tests\Unit\Protocol\JsonRpcHandlerTest" classname="Tests.Unit.Protocol.JsonRpcHandlerTest" assertions="0" time="0.000000">
            <error type="Exception">Tests\Unit\Protocol\JsonRpcHandlerTest::test_handle_notification_invalid_format with data set "missing jsonrpc"
Exception: The /var/www/html/vendor/orchestra/testbench-core/laravel/bootstrap/cache directory must be present and writable.

/var/www/html/vendor/laravel/framework/src/Illuminate/Foundation/PackageManifest.php:179
/var/www/html/vendor/orchestra/testbench-core/src/Foundation/PackageManifest.php:157
/var/www/html/vendor/laravel/framework/src/Illuminate/Foundation/PackageManifest.php:132
/var/www/html/vendor/laravel/framework/src/Illuminate/Foundation/PackageManifest.php:108
/var/www/html/vendor/orchestra/testbench-core/src/Foundation/PackageManifest.php:102
/var/www/html/vendor/laravel/framework/src/Illuminate/Foundation/PackageManifest.php:91
/var/www/html/vendor/laravel/framework/src/Illuminate/Foundation/PackageManifest.php:80
/var/www/html/vendor/laravel/framework/src/Illuminate/Foundation/Bootstrap/RegisterFacades.php:26
/var/www/html/vendor/orchestra/testbench-core/src/Concerns/CreatesApplication.php:556
/var/www/html/vendor/orchestra/testbench-core/src/Concerns/CreatesApplication.php:311
/var/www/html/vendor/orchestra/testbench-core/src/TestCase.php:121
/var/www/html/vendor/orchestra/testbench-core/src/Concerns/ApplicationTestingHooks.php:74
/var/www/html/vendor/orchestra/testbench-core/src/Concerns/Testing.php:43
/var/www/html/vendor/laravel/framework/src/Illuminate/Collections/helpers.php:236
/var/www/html/vendor/orchestra/sidekick/src/functions.php:87
/var/www/html/vendor/laravel/framework/src/Illuminate/Collections/helpers.php:236
/var/www/html/vendor/orchestra/testbench-core/src/Concerns/Testing.php:57
/var/www/html/vendor/orchestra/testbench-core/src/TestCase.php:50
/var/www/html/tests/Unit/Protocol/JsonRpcHandlerTest.php:23</error>
          </testcase>
          <testcase name="test_handle_notification_invalid_format with data set &quot;wrong jsonrpc version&quot;" file="/var/www/html/tests/Unit/Protocol/JsonRpcHandlerTest.php" line="360" class="Tests\Unit\Protocol\JsonRpcHandlerTest" classname="Tests.Unit.Protocol.JsonRpcHandlerTest" assertions="0" time="0.000000">
            <error type="Exception">Tests\Unit\Protocol\JsonRpcHandlerTest::test_handle_notification_invalid_format with data set "wrong jsonrpc version"
Exception: The /var/www/html/vendor/orchestra/testbench-core/laravel/bootstrap/cache directory must be present and writable.

/var/www/html/vendor/laravel/framework/src/Illuminate/Foundation/PackageManifest.php:179
/var/www/html/vendor/orchestra/testbench-core/src/Foundation/PackageManifest.php:157
/var/www/html/vendor/laravel/framework/src/Illuminate/Foundation/PackageManifest.php:132
/var/www/html/vendor/laravel/framework/src/Illuminate/Foundation/PackageManifest.php:108
/var/www/html/vendor/orchestra/testbench-core/src/Foundation/PackageManifest.php:102
/var/www/html/vendor/laravel/framework/src/Illuminate/Foundation/PackageManifest.php:91
/var/www/html/vendor/laravel/framework/src/Illuminate/Foundation/PackageManifest.php:80
/var/www/html/vendor/laravel/framework/src/Illuminate/Foundation/Bootstrap/RegisterFacades.php:26
/var/www/html/vendor/orchestra/testbench-core/src/Concerns/CreatesApplication.php:556
/var/www/html/vendor/orchestra/testbench-core/src/Concerns/CreatesApplication.php:311
/var/www/html/vendor/orchestra/testbench-core/src/TestCase.php:121
/var/www/html/vendor/orchestra/testbench-core/src/Concerns/ApplicationTestingHooks.php:74
/var/www/html/vendor/orchestra/testbench-core/src/Concerns/Testing.php:43
/var/www/html/vendor/laravel/framework/src/Illuminate/Collections/helpers.php:236
/var/www/html/vendor/orchestra/sidekick/src/functions.php:87
/var/www/html/vendor/laravel/framework/src/Illuminate/Collections/helpers.php:236
/var/www/html/vendor/orchestra/testbench-core/src/Concerns/Testing.php:57
/var/www/html/vendor/orchestra/testbench-core/src/TestCase.php:50
/var/www/html/tests/Unit/Protocol/JsonRpcHandlerTest.php:23</error>
          </testcase>
          <testcase name="test_handle_notification_invalid_format with data set &quot;missing method&quot;" file="/var/www/html/tests/Unit/Protocol/JsonRpcHandlerTest.php" line="360" class="Tests\Unit\Protocol\JsonRpcHandlerTest" classname="Tests.Unit.Protocol.JsonRpcHandlerTest" assertions="0" time="0.000000">
            <error type="Exception">Tests\Unit\Protocol\JsonRpcHandlerTest::test_handle_notification_invalid_format with data set "missing method"
Exception: The /var/www/html/vendor/orchestra/testbench-core/laravel/bootstrap/cache directory must be present and writable.

/var/www/html/vendor/laravel/framework/src/Illuminate/Foundation/PackageManifest.php:179
/var/www/html/vendor/orchestra/testbench-core/src/Foundation/PackageManifest.php:157
/var/www/html/vendor/laravel/framework/src/Illuminate/Foundation/PackageManifest.php:132
/var/www/html/vendor/laravel/framework/src/Illuminate/Foundation/PackageManifest.php:108
/var/www/html/vendor/orchestra/testbench-core/src/Foundation/PackageManifest.php:102
/var/www/html/vendor/laravel/framework/src/Illuminate/Foundation/PackageManifest.php:91
/var/www/html/vendor/laravel/framework/src/Illuminate/Foundation/PackageManifest.php:80
/var/www/html/vendor/laravel/framework/src/Illuminate/Foundation/Bootstrap/RegisterFacades.php:26
/var/www/html/vendor/orchestra/testbench-core/src/Concerns/CreatesApplication.php:556
/var/www/html/vendor/orchestra/testbench-core/src/Concerns/CreatesApplication.php:311
/var/www/html/vendor/orchestra/testbench-core/src/TestCase.php:121
/var/www/html/vendor/orchestra/testbench-core/src/Concerns/ApplicationTestingHooks.php:74
/var/www/html/vendor/orchestra/testbench-core/src/Concerns/Testing.php:43
/var/www/html/vendor/laravel/framework/src/Illuminate/Collections/helpers.php:236
/var/www/html/vendor/orchestra/sidekick/src/functions.php:87
/var/www/html/vendor/laravel/framework/src/Illuminate/Collections/helpers.php:236
/var/www/html/vendor/orchestra/testbench-core/src/Concerns/Testing.php:57
/var/www/html/vendor/orchestra/testbench-core/src/TestCase.php:50
/var/www/html/tests/Unit/Protocol/JsonRpcHandlerTest.php:23</error>
          </testcase>
          <testcase name="test_handle_notification_invalid_format with data set &quot;empty method&quot;" file="/var/www/html/tests/Unit/Protocol/JsonRpcHandlerTest.php" line="360" class="Tests\Unit\Protocol\JsonRpcHandlerTest" classname="Tests.Unit.Protocol.JsonRpcHandlerTest" assertions="0" time="0.000000">
            <error type="Exception">Tests\Unit\Protocol\JsonRpcHandlerTest::test_handle_notification_invalid_format with data set "empty method"
Exception: The /var/www/html/vendor/orchestra/testbench-core/laravel/bootstrap/cache directory must be present and writable.

/var/www/html/vendor/laravel/framework/src/Illuminate/Foundation/PackageManifest.php:179
/var/www/html/vendor/orchestra/testbench-core/src/Foundation/PackageManifest.php:157
/var/www/html/vendor/laravel/framework/src/Illuminate/Foundation/PackageManifest.php:132
/var/www/html/vendor/laravel/framework/src/Illuminate/Foundation/PackageManifest.php:108
/var/www/html/vendor/orchestra/testbench-core/src/Foundation/PackageManifest.php:102
/var/www/html/vendor/laravel/framework/src/Illuminate/Foundation/PackageManifest.php:91
/var/www/html/vendor/laravel/framework/src/Illuminate/Foundation/PackageManifest.php:80
/var/www/html/vendor/laravel/framework/src/Illuminate/Foundation/Bootstrap/RegisterFacades.php:26
/var/www/html/vendor/orchestra/testbench-core/src/Concerns/CreatesApplication.php:556
/var/www/html/vendor/orchestra/testbench-core/src/Concerns/CreatesApplication.php:311
/var/www/html/vendor/orchestra/testbench-core/src/TestCase.php:121
/var/www/html/vendor/orchestra/testbench-core/src/Concerns/ApplicationTestingHooks.php:74
/var/www/html/vendor/orchestra/testbench-core/src/Concerns/Testing.php:43
/var/www/html/vendor/laravel/framework/src/Illuminate/Collections/helpers.php:236
/var/www/html/vendor/orchestra/sidekick/src/functions.php:87
/var/www/html/vendor/laravel/framework/src/Illuminate/Collections/helpers.php:236
/var/www/html/vendor/orchestra/testbench-core/src/Concerns/Testing.php:57
/var/www/html/vendor/orchestra/testbench-core/src/TestCase.php:50
/var/www/html/tests/Unit/Protocol/JsonRpcHandlerTest.php:23</error>
          </testcase>
          <testcase name="test_handle_notification_invalid_format with data set &quot;has id (makes it request)&quot;" file="/var/www/html/tests/Unit/Protocol/JsonRpcHandlerTest.php" line="360" class="Tests\Unit\Protocol\JsonRpcHandlerTest" classname="Tests.Unit.Protocol.JsonRpcHandlerTest" assertions="0" time="0.000000">
            <error type="Exception">Tests\Unit\Protocol\JsonRpcHandlerTest::test_handle_notification_invalid_format with data set "has id (makes it request)"
Exception: The /var/www/html/vendor/orchestra/testbench-core/laravel/bootstrap/cache directory must be present and writable.

/var/www/html/vendor/laravel/framework/src/Illuminate/Foundation/PackageManifest.php:179
/var/www/html/vendor/orchestra/testbench-core/src/Foundation/PackageManifest.php:157
/var/www/html/vendor/laravel/framework/src/Illuminate/Foundation/PackageManifest.php:132
/var/www/html/vendor/laravel/framework/src/Illuminate/Foundation/PackageManifest.php:108
/var/www/html/vendor/orchestra/testbench-core/src/Foundation/PackageManifest.php:102
/var/www/html/vendor/laravel/framework/src/Illuminate/Foundation/PackageManifest.php:91
/var/www/html/vendor/laravel/framework/src/Illuminate/Foundation/PackageManifest.php:80
/var/www/html/vendor/laravel/framework/src/Illuminate/Foundation/Bootstrap/RegisterFacades.php:26
/var/www/html/vendor/orchestra/testbench-core/src/Concerns/CreatesApplication.php:556
/var/www/html/vendor/orchestra/testbench-core/src/Concerns/CreatesApplication.php:311
/var/www/html/vendor/orchestra/testbench-core/src/TestCase.php:121
/var/www/html/vendor/orchestra/testbench-core/src/Concerns/ApplicationTestingHooks.php:74
/var/www/html/vendor/orchestra/testbench-core/src/Concerns/Testing.php:43
/var/www/html/vendor/laravel/framework/src/Illuminate/Collections/helpers.php:236
/var/www/html/vendor/orchestra/sidekick/src/functions.php:87
/var/www/html/vendor/laravel/framework/src/Illuminate/Collections/helpers.php:236
/var/www/html/vendor/orchestra/testbench-core/src/Concerns/Testing.php:57
/var/www/html/vendor/orchestra/testbench-core/src/TestCase.php:50
/var/www/html/tests/Unit/Protocol/JsonRpcHandlerTest.php:23</error>
          </testcase>
        </testsuite>
        <testsuite name="Tests\Unit\Protocol\JsonRpcHandlerTest::test_handle_response_invalid_format" tests="5" assertions="0" errors="5" failures="0" skipped="0" time="0.000000">
          <testcase name="test_handle_response_invalid_format with data set &quot;missing jsonrpc&quot;" file="/var/www/html/tests/Unit/Protocol/JsonRpcHandlerTest.php" line="512" class="Tests\Unit\Protocol\JsonRpcHandlerTest" classname="Tests.Unit.Protocol.JsonRpcHandlerTest" assertions="0" time="0.000000">
            <error type="Exception">Tests\Unit\Protocol\JsonRpcHandlerTest::test_handle_response_invalid_format with data set "missing jsonrpc"
Exception: The /var/www/html/vendor/orchestra/testbench-core/laravel/bootstrap/cache directory must be present and writable.

/var/www/html/vendor/laravel/framework/src/Illuminate/Foundation/PackageManifest.php:179
/var/www/html/vendor/orchestra/testbench-core/src/Foundation/PackageManifest.php:157
/var/www/html/vendor/laravel/framework/src/Illuminate/Foundation/PackageManifest.php:132
/var/www/html/vendor/laravel/framework/src/Illuminate/Foundation/PackageManifest.php:108
/var/www/html/vendor/orchestra/testbench-core/src/Foundation/PackageManifest.php:102
/var/www/html/vendor/laravel/framework/src/Illuminate/Foundation/PackageManifest.php:91
/var/www/html/vendor/laravel/framework/src/Illuminate/Foundation/PackageManifest.php:80
/var/www/html/vendor/laravel/framework/src/Illuminate/Foundation/Bootstrap/RegisterFacades.php:26
/var/www/html/vendor/orchestra/testbench-core/src/Concerns/CreatesApplication.php:556
/var/www/html/vendor/orchestra/testbench-core/src/Concerns/CreatesApplication.php:311
/var/www/html/vendor/orchestra/testbench-core/src/TestCase.php:121
/var/www/html/vendor/orchestra/testbench-core/src/Concerns/ApplicationTestingHooks.php:74
/var/www/html/vendor/orchestra/testbench-core/src/Concerns/Testing.php:43
/var/www/html/vendor/laravel/framework/src/Illuminate/Collections/helpers.php:236
/var/www/html/vendor/orchestra/sidekick/src/functions.php:87
/var/www/html/vendor/laravel/framework/src/Illuminate/Collections/helpers.php:236
/var/www/html/vendor/orchestra/testbench-core/src/Concerns/Testing.php:57
/var/www/html/vendor/orchestra/testbench-core/src/TestCase.php:50
/var/www/html/tests/Unit/Protocol/JsonRpcHandlerTest.php:23</error>
          </testcase>
          <testcase name="test_handle_response_invalid_format with data set &quot;wrong jsonrpc version&quot;" file="/var/www/html/tests/Unit/Protocol/JsonRpcHandlerTest.php" line="512" class="Tests\Unit\Protocol\JsonRpcHandlerTest" classname="Tests.Unit.Protocol.JsonRpcHandlerTest" assertions="0" time="0.000000">
            <error type="Exception">Tests\Unit\Protocol\JsonRpcHandlerTest::test_handle_response_invalid_format with data set "wrong jsonrpc version"
Exception: The /var/www/html/vendor/orchestra/testbench-core/laravel/bootstrap/cache directory must be present and writable.

/var/www/html/vendor/laravel/framework/src/Illuminate/Foundation/PackageManifest.php:179
/var/www/html/vendor/orchestra/testbench-core/src/Foundation/PackageManifest.php:157
/var/www/html/vendor/laravel/framework/src/Illuminate/Foundation/PackageManifest.php:132
/var/www/html/vendor/laravel/framework/src/Illuminate/Foundation/PackageManifest.php:108
/var/www/html/vendor/orchestra/testbench-core/src/Foundation/PackageManifest.php:102
/var/www/html/vendor/laravel/framework/src/Illuminate/Foundation/PackageManifest.php:91
/var/www/html/vendor/laravel/framework/src/Illuminate/Foundation/PackageManifest.php:80
/var/www/html/vendor/laravel/framework/src/Illuminate/Foundation/Bootstrap/RegisterFacades.php:26
/var/www/html/vendor/orchestra/testbench-core/src/Concerns/CreatesApplication.php:556
/var/www/html/vendor/orchestra/testbench-core/src/Concerns/CreatesApplication.php:311
/var/www/html/vendor/orchestra/testbench-core/src/TestCase.php:121
/var/www/html/vendor/orchestra/testbench-core/src/Concerns/ApplicationTestingHooks.php:74
/var/www/html/vendor/orchestra/testbench-core/src/Concerns/Testing.php:43
/var/www/html/vendor/laravel/framework/src/Illuminate/Collections/helpers.php:236
/var/www/html/vendor/orchestra/sidekick/src/functions.php:87
/var/www/html/vendor/laravel/framework/src/Illuminate/Collections/helpers.php:236
/var/www/html/vendor/orchestra/testbench-core/src/Concerns/Testing.php:57
/var/www/html/vendor/orchestra/testbench-core/src/TestCase.php:50
/var/www/html/tests/Unit/Protocol/JsonRpcHandlerTest.php:23</error>
          </testcase>
          <testcase name="test_handle_response_invalid_format with data set &quot;missing id&quot;" file="/var/www/html/tests/Unit/Protocol/JsonRpcHandlerTest.php" line="512" class="Tests\Unit\Protocol\JsonRpcHandlerTest" classname="Tests.Unit.Protocol.JsonRpcHandlerTest" assertions="0" time="0.000000">
            <error type="Exception">Tests\Unit\Protocol\JsonRpcHandlerTest::test_handle_response_invalid_format with data set "missing id"
Exception: The /var/www/html/vendor/orchestra/testbench-core/laravel/bootstrap/cache directory must be present and writable.

/var/www/html/vendor/laravel/framework/src/Illuminate/Foundation/PackageManifest.php:179
/var/www/html/vendor/orchestra/testbench-core/src/Foundation/PackageManifest.php:157
/var/www/html/vendor/laravel/framework/src/Illuminate/Foundation/PackageManifest.php:132
/var/www/html/vendor/laravel/framework/src/Illuminate/Foundation/PackageManifest.php:108
/var/www/html/vendor/orchestra/testbench-core/src/Foundation/PackageManifest.php:102
/var/www/html/vendor/laravel/framework/src/Illuminate/Foundation/PackageManifest.php:91
/var/www/html/vendor/laravel/framework/src/Illuminate/Foundation/PackageManifest.php:80
/var/www/html/vendor/laravel/framework/src/Illuminate/Foundation/Bootstrap/RegisterFacades.php:26
/var/www/html/vendor/orchestra/testbench-core/src/Concerns/CreatesApplication.php:556
/var/www/html/vendor/orchestra/testbench-core/src/Concerns/CreatesApplication.php:311
/var/www/html/vendor/orchestra/testbench-core/src/TestCase.php:121
/var/www/html/vendor/orchestra/testbench-core/src/Concerns/ApplicationTestingHooks.php:74
/var/www/html/vendor/orchestra/testbench-core/src/Concerns/Testing.php:43
/var/www/html/vendor/laravel/framework/src/Illuminate/Collections/helpers.php:236
/var/www/html/vendor/orchestra/sidekick/src/functions.php:87
/var/www/html/vendor/laravel/framework/src/Illuminate/Collections/helpers.php:236
/var/www/html/vendor/orchestra/testbench-core/src/Concerns/Testing.php:57
/var/www/html/vendor/orchestra/testbench-core/src/TestCase.php:50
/var/www/html/tests/Unit/Protocol/JsonRpcHandlerTest.php:23</error>
          </testcase>
          <testcase name="test_handle_response_invalid_format with data set &quot;missing result and error&quot;" file="/var/www/html/tests/Unit/Protocol/JsonRpcHandlerTest.php" line="512" class="Tests\Unit\Protocol\JsonRpcHandlerTest" classname="Tests.Unit.Protocol.JsonRpcHandlerTest" assertions="0" time="0.000000">
            <error type="Exception">Tests\Unit\Protocol\JsonRpcHandlerTest::test_handle_response_invalid_format with data set "missing result and error"
Exception: The /var/www/html/vendor/orchestra/testbench-core/laravel/bootstrap/cache directory must be present and writable.

/var/www/html/vendor/laravel/framework/src/Illuminate/Foundation/PackageManifest.php:179
/var/www/html/vendor/orchestra/testbench-core/src/Foundation/PackageManifest.php:157
/var/www/html/vendor/laravel/framework/src/Illuminate/Foundation/PackageManifest.php:132
/var/www/html/vendor/laravel/framework/src/Illuminate/Foundation/PackageManifest.php:108
/var/www/html/vendor/orchestra/testbench-core/src/Foundation/PackageManifest.php:102
/var/www/html/vendor/laravel/framework/src/Illuminate/Foundation/PackageManifest.php:91
/var/www/html/vendor/laravel/framework/src/Illuminate/Foundation/PackageManifest.php:80
/var/www/html/vendor/laravel/framework/src/Illuminate/Foundation/Bootstrap/RegisterFacades.php:26
/var/www/html/vendor/orchestra/testbench-core/src/Concerns/CreatesApplication.php:556
/var/www/html/vendor/orchestra/testbench-core/src/Concerns/CreatesApplication.php:311
/var/www/html/vendor/orchestra/testbench-core/src/TestCase.php:121
/var/www/html/vendor/orchestra/testbench-core/src/Concerns/ApplicationTestingHooks.php:74
/var/www/html/vendor/orchestra/testbench-core/src/Concerns/Testing.php:43
/var/www/html/vendor/laravel/framework/src/Illuminate/Collections/helpers.php:236
/var/www/html/vendor/orchestra/sidekick/src/functions.php:87
/var/www/html/vendor/laravel/framework/src/Illuminate/Collections/helpers.php:236
/var/www/html/vendor/orchestra/testbench-core/src/Concerns/Testing.php:57
/var/www/html/vendor/orchestra/testbench-core/src/TestCase.php:50
/var/www/html/tests/Unit/Protocol/JsonRpcHandlerTest.php:23</error>
          </testcase>
          <testcase name="test_handle_response_invalid_format with data set &quot;both result and error&quot;" file="/var/www/html/tests/Unit/Protocol/JsonRpcHandlerTest.php" line="512" class="Tests\Unit\Protocol\JsonRpcHandlerTest" classname="Tests.Unit.Protocol.JsonRpcHandlerTest" assertions="0" time="0.000000">
            <error type="Exception">Tests\Unit\Protocol\JsonRpcHandlerTest::test_handle_response_invalid_format with data set "both result and error"
Exception: The /var/www/html/vendor/orchestra/testbench-core/laravel/bootstrap/cache directory must be present and writable.

/var/www/html/vendor/laravel/framework/src/Illuminate/Foundation/PackageManifest.php:179
/var/www/html/vendor/orchestra/testbench-core/src/Foundation/PackageManifest.php:157
/var/www/html/vendor/laravel/framework/src/Illuminate/Foundation/PackageManifest.php:132
/var/www/html/vendor/laravel/framework/src/Illuminate/Foundation/PackageManifest.php:108
/var/www/html/vendor/orchestra/testbench-core/src/Foundation/PackageManifest.php:102
/var/www/html/vendor/laravel/framework/src/Illuminate/Foundation/PackageManifest.php:91
/var/www/html/vendor/laravel/framework/src/Illuminate/Foundation/PackageManifest.php:80
/var/www/html/vendor/laravel/framework/src/Illuminate/Foundation/Bootstrap/RegisterFacades.php:26
/var/www/html/vendor/orchestra/testbench-core/src/Concerns/CreatesApplication.php:556
/var/www/html/vendor/orchestra/testbench-core/src/Concerns/CreatesApplication.php:311
/var/www/html/vendor/orchestra/testbench-core/src/TestCase.php:121
/var/www/html/vendor/orchestra/testbench-core/src/Concerns/ApplicationTestingHooks.php:74
/var/www/html/vendor/orchestra/testbench-core/src/Concerns/Testing.php:43
/var/www/html/vendor/laravel/framework/src/Illuminate/Collections/helpers.php:236
/var/www/html/vendor/orchestra/sidekick/src/functions.php:87
/var/www/html/vendor/laravel/framework/src/Illuminate/Collections/helpers.php:236
/var/www/html/vendor/orchestra/testbench-core/src/Concerns/Testing.php:57
/var/www/html/vendor/orchestra/testbench-core/src/TestCase.php:50
/var/www/html/tests/Unit/Protocol/JsonRpcHandlerTest.php:23</error>
          </testcase>
        </testsuite>
        <testsuite name="Tests\Unit\Protocol\JsonRpcHandlerTest::test_create_error_response_standard_codes" tests="7" assertions="0" errors="7" failures="0" skipped="0" time="0.000000">
          <testcase name="test_create_error_response_standard_codes with data set &quot;Parse error&quot;" file="/var/www/html/tests/Unit/Protocol/JsonRpcHandlerTest.php" line="691" class="Tests\Unit\Protocol\JsonRpcHandlerTest" classname="Tests.Unit.Protocol.JsonRpcHandlerTest" assertions="0" time="0.000000">
            <error type="Exception">Tests\Unit\Protocol\JsonRpcHandlerTest::test_create_error_response_standard_codes with data set "Parse error"
Exception: The /var/www/html/vendor/orchestra/testbench-core/laravel/bootstrap/cache directory must be present and writable.

/var/www/html/vendor/laravel/framework/src/Illuminate/Foundation/PackageManifest.php:179
/var/www/html/vendor/orchestra/testbench-core/src/Foundation/PackageManifest.php:157
/var/www/html/vendor/laravel/framework/src/Illuminate/Foundation/PackageManifest.php:132
/var/www/html/vendor/laravel/framework/src/Illuminate/Foundation/PackageManifest.php:108
/var/www/html/vendor/orchestra/testbench-core/src/Foundation/PackageManifest.php:102
/var/www/html/vendor/laravel/framework/src/Illuminate/Foundation/PackageManifest.php:91
/var/www/html/vendor/laravel/framework/src/Illuminate/Foundation/PackageManifest.php:80
/var/www/html/vendor/laravel/framework/src/Illuminate/Foundation/Bootstrap/RegisterFacades.php:26
/var/www/html/vendor/orchestra/testbench-core/src/Concerns/CreatesApplication.php:556
/var/www/html/vendor/orchestra/testbench-core/src/Concerns/CreatesApplication.php:311
/var/www/html/vendor/orchestra/testbench-core/src/TestCase.php:121
/var/www/html/vendor/orchestra/testbench-core/src/Concerns/ApplicationTestingHooks.php:74
/var/www/html/vendor/orchestra/testbench-core/src/Concerns/Testing.php:43
/var/www/html/vendor/laravel/framework/src/Illuminate/Collections/helpers.php:236
/var/www/html/vendor/orchestra/sidekick/src/functions.php:87
/var/www/html/vendor/laravel/framework/src/Illuminate/Collections/helpers.php:236
/var/www/html/vendor/orchestra/testbench-core/src/Concerns/Testing.php:57
/var/www/html/vendor/orchestra/testbench-core/src/TestCase.php:50
/var/www/html/tests/Unit/Protocol/JsonRpcHandlerTest.php:23</error>
          </testcase>
          <testcase name="test_create_error_response_standard_codes with data set &quot;Invalid request&quot;" file="/var/www/html/tests/Unit/Protocol/JsonRpcHandlerTest.php" line="691" class="Tests\Unit\Protocol\JsonRpcHandlerTest" classname="Tests.Unit.Protocol.JsonRpcHandlerTest" assertions="0" time="0.000000">
            <error type="Exception">Tests\Unit\Protocol\JsonRpcHandlerTest::test_create_error_response_standard_codes with data set "Invalid request"
Exception: The /var/www/html/vendor/orchestra/testbench-core/laravel/bootstrap/cache directory must be present and writable.

/var/www/html/vendor/laravel/framework/src/Illuminate/Foundation/PackageManifest.php:179
/var/www/html/vendor/orchestra/testbench-core/src/Foundation/PackageManifest.php:157
/var/www/html/vendor/laravel/framework/src/Illuminate/Foundation/PackageManifest.php:132
/var/www/html/vendor/laravel/framework/src/Illuminate/Foundation/PackageManifest.php:108
/var/www/html/vendor/orchestra/testbench-core/src/Foundation/PackageManifest.php:102
/var/www/html/vendor/laravel/framework/src/Illuminate/Foundation/PackageManifest.php:91
/var/www/html/vendor/laravel/framework/src/Illuminate/Foundation/PackageManifest.php:80
/var/www/html/vendor/laravel/framework/src/Illuminate/Foundation/Bootstrap/RegisterFacades.php:26
/var/www/html/vendor/orchestra/testbench-core/src/Concerns/CreatesApplication.php:556
/var/www/html/vendor/orchestra/testbench-core/src/Concerns/CreatesApplication.php:311
/var/www/html/vendor/orchestra/testbench-core/src/TestCase.php:121
/var/www/html/vendor/orchestra/testbench-core/src/Concerns/ApplicationTestingHooks.php:74
/var/www/html/vendor/orchestra/testbench-core/src/Concerns/Testing.php:43
/var/www/html/vendor/laravel/framework/src/Illuminate/Collections/helpers.php:236
/var/www/html/vendor/orchestra/sidekick/src/functions.php:87
/var/www/html/vendor/laravel/framework/src/Illuminate/Collections/helpers.php:236
/var/www/html/vendor/orchestra/testbench-core/src/Concerns/Testing.php:57
/var/www/html/vendor/orchestra/testbench-core/src/TestCase.php:50
/var/www/html/tests/Unit/Protocol/JsonRpcHandlerTest.php:23</error>
          </testcase>
          <testcase name="test_create_error_response_standard_codes with data set &quot;Method not found&quot;" file="/var/www/html/tests/Unit/Protocol/JsonRpcHandlerTest.php" line="691" class="Tests\Unit\Protocol\JsonRpcHandlerTest" classname="Tests.Unit.Protocol.JsonRpcHandlerTest" assertions="0" time="0.000000">
            <error type="Exception">Tests\Unit\Protocol\JsonRpcHandlerTest::test_create_error_response_standard_codes with data set "Method not found"
Exception: The /var/www/html/vendor/orchestra/testbench-core/laravel/bootstrap/cache directory must be present and writable.

/var/www/html/vendor/laravel/framework/src/Illuminate/Foundation/PackageManifest.php:179
/var/www/html/vendor/orchestra/testbench-core/src/Foundation/PackageManifest.php:157
/var/www/html/vendor/laravel/framework/src/Illuminate/Foundation/PackageManifest.php:132
/var/www/html/vendor/laravel/framework/src/Illuminate/Foundation/PackageManifest.php:108
/var/www/html/vendor/orchestra/testbench-core/src/Foundation/PackageManifest.php:102
/var/www/html/vendor/laravel/framework/src/Illuminate/Foundation/PackageManifest.php:91
/var/www/html/vendor/laravel/framework/src/Illuminate/Foundation/PackageManifest.php:80
/var/www/html/vendor/laravel/framework/src/Illuminate/Foundation/Bootstrap/RegisterFacades.php:26
/var/www/html/vendor/orchestra/testbench-core/src/Concerns/CreatesApplication.php:556
/var/www/html/vendor/orchestra/testbench-core/src/Concerns/CreatesApplication.php:311
/var/www/html/vendor/orchestra/testbench-core/src/TestCase.php:121
/var/www/html/vendor/orchestra/testbench-core/src/Concerns/ApplicationTestingHooks.php:74
/var/www/html/vendor/orchestra/testbench-core/src/Concerns/Testing.php:43
/var/www/html/vendor/laravel/framework/src/Illuminate/Collections/helpers.php:236
/var/www/html/vendor/orchestra/sidekick/src/functions.php:87
/var/www/html/vendor/laravel/framework/src/Illuminate/Collections/helpers.php:236
/var/www/html/vendor/orchestra/testbench-core/src/Concerns/Testing.php:57
/var/www/html/vendor/orchestra/testbench-core/src/TestCase.php:50
/var/www/html/tests/Unit/Protocol/JsonRpcHandlerTest.php:23</error>
          </testcase>
          <testcase name="test_create_error_response_standard_codes with data set &quot;Invalid params&quot;" file="/var/www/html/tests/Unit/Protocol/JsonRpcHandlerTest.php" line="691" class="Tests\Unit\Protocol\JsonRpcHandlerTest" classname="Tests.Unit.Protocol.JsonRpcHandlerTest" assertions="0" time="0.000000">
            <error type="Exception">Tests\Unit\Protocol\JsonRpcHandlerTest::test_create_error_response_standard_codes with data set "Invalid params"
Exception: The /var/www/html/vendor/orchestra/testbench-core/laravel/bootstrap/cache directory must be present and writable.

/var/www/html/vendor/laravel/framework/src/Illuminate/Foundation/PackageManifest.php:179
/var/www/html/vendor/orchestra/testbench-core/src/Foundation/PackageManifest.php:157
/var/www/html/vendor/laravel/framework/src/Illuminate/Foundation/PackageManifest.php:132
/var/www/html/vendor/laravel/framework/src/Illuminate/Foundation/PackageManifest.php:108
/var/www/html/vendor/orchestra/testbench-core/src/Foundation/PackageManifest.php:102
/var/www/html/vendor/laravel/framework/src/Illuminate/Foundation/PackageManifest.php:91
/var/www/html/vendor/laravel/framework/src/Illuminate/Foundation/PackageManifest.php:80
/var/www/html/vendor/laravel/framework/src/Illuminate/Foundation/Bootstrap/RegisterFacades.php:26
/var/www/html/vendor/orchestra/testbench-core/src/Concerns/CreatesApplication.php:556
/var/www/html/vendor/orchestra/testbench-core/src/Concerns/CreatesApplication.php:311
/var/www/html/vendor/orchestra/testbench-core/src/TestCase.php:121
/var/www/html/vendor/orchestra/testbench-core/src/Concerns/ApplicationTestingHooks.php:74
/var/www/html/vendor/orchestra/testbench-core/src/Concerns/Testing.php:43
/var/www/html/vendor/laravel/framework/src/Illuminate/Collections/helpers.php:236
/var/www/html/vendor/orchestra/sidekick/src/functions.php:87
/var/www/html/vendor/laravel/framework/src/Illuminate/Collections/helpers.php:236
/var/www/html/vendor/orchestra/testbench-core/src/Concerns/Testing.php:57
/var/www/html/vendor/orchestra/testbench-core/src/TestCase.php:50
/var/www/html/tests/Unit/Protocol/JsonRpcHandlerTest.php:23</error>
          </testcase>
          <testcase name="test_create_error_response_standard_codes with data set &quot;Internal error&quot;" file="/var/www/html/tests/Unit/Protocol/JsonRpcHandlerTest.php" line="691" class="Tests\Unit\Protocol\JsonRpcHandlerTest" classname="Tests.Unit.Protocol.JsonRpcHandlerTest" assertions="0" time="0.000000">
            <error type="Exception">Tests\Unit\Protocol\JsonRpcHandlerTest::test_create_error_response_standard_codes with data set "Internal error"
Exception: The /var/www/html/vendor/orchestra/testbench-core/laravel/bootstrap/cache directory must be present and writable.

/var/www/html/vendor/laravel/framework/src/Illuminate/Foundation/PackageManifest.php:179
/var/www/html/vendor/orchestra/testbench-core/src/Foundation/PackageManifest.php:157
/var/www/html/vendor/laravel/framework/src/Illuminate/Foundation/PackageManifest.php:132
/var/www/html/vendor/laravel/framework/src/Illuminate/Foundation/PackageManifest.php:108
/var/www/html/vendor/orchestra/testbench-core/src/Foundation/PackageManifest.php:102
/var/www/html/vendor/laravel/framework/src/Illuminate/Foundation/PackageManifest.php:91
/var/www/html/vendor/laravel/framework/src/Illuminate/Foundation/PackageManifest.php:80
/var/www/html/vendor/laravel/framework/src/Illuminate/Foundation/Bootstrap/RegisterFacades.php:26
/var/www/html/vendor/orchestra/testbench-core/src/Concerns/CreatesApplication.php:556
/var/www/html/vendor/orchestra/testbench-core/src/Concerns/CreatesApplication.php:311
/var/www/html/vendor/orchestra/testbench-core/src/TestCase.php:121
/var/www/html/vendor/orchestra/testbench-core/src/Concerns/ApplicationTestingHooks.php:74
/var/www/html/vendor/orchestra/testbench-core/src/Concerns/Testing.php:43
/var/www/html/vendor/laravel/framework/src/Illuminate/Collections/helpers.php:236
/var/www/html/vendor/orchestra/sidekick/src/functions.php:87
/var/www/html/vendor/laravel/framework/src/Illuminate/Collections/helpers.php:236
/var/www/html/vendor/orchestra/testbench-core/src/Concerns/Testing.php:57
/var/www/html/vendor/orchestra/testbench-core/src/TestCase.php:50
/var/www/html/tests/Unit/Protocol/JsonRpcHandlerTest.php:23</error>
          </testcase>
          <testcase name="test_create_error_response_standard_codes with data set &quot;Server error&quot;" file="/var/www/html/tests/Unit/Protocol/JsonRpcHandlerTest.php" line="691" class="Tests\Unit\Protocol\JsonRpcHandlerTest" classname="Tests.Unit.Protocol.JsonRpcHandlerTest" assertions="0" time="0.000000">
            <error type="Exception">Tests\Unit\Protocol\JsonRpcHandlerTest::test_create_error_response_standard_codes with data set "Server error"
Exception: The /var/www/html/vendor/orchestra/testbench-core/laravel/bootstrap/cache directory must be present and writable.

/var/www/html/vendor/laravel/framework/src/Illuminate/Foundation/PackageManifest.php:179
/var/www/html/vendor/orchestra/testbench-core/src/Foundation/PackageManifest.php:157
/var/www/html/vendor/laravel/framework/src/Illuminate/Foundation/PackageManifest.php:132
/var/www/html/vendor/laravel/framework/src/Illuminate/Foundation/PackageManifest.php:108
/var/www/html/vendor/orchestra/testbench-core/src/Foundation/PackageManifest.php:102
/var/www/html/vendor/laravel/framework/src/Illuminate/Foundation/PackageManifest.php:91
/var/www/html/vendor/laravel/framework/src/Illuminate/Foundation/PackageManifest.php:80
/var/www/html/vendor/laravel/framework/src/Illuminate/Foundation/Bootstrap/RegisterFacades.php:26
/var/www/html/vendor/orchestra/testbench-core/src/Concerns/CreatesApplication.php:556
/var/www/html/vendor/orchestra/testbench-core/src/Concerns/CreatesApplication.php:311
/var/www/html/vendor/orchestra/testbench-core/src/TestCase.php:121
/var/www/html/vendor/orchestra/testbench-core/src/Concerns/ApplicationTestingHooks.php:74
/var/www/html/vendor/orchestra/testbench-core/src/Concerns/Testing.php:43
/var/www/html/vendor/laravel/framework/src/Illuminate/Collections/helpers.php:236
/var/www/html/vendor/orchestra/sidekick/src/functions.php:87
/var/www/html/vendor/laravel/framework/src/Illuminate/Collections/helpers.php:236
/var/www/html/vendor/orchestra/testbench-core/src/Concerns/Testing.php:57
/var/www/html/vendor/orchestra/testbench-core/src/TestCase.php:50
/var/www/html/tests/Unit/Protocol/JsonRpcHandlerTest.php:23</error>
          </testcase>
          <testcase name="test_create_error_response_standard_codes with data set &quot;Custom error&quot;" file="/var/www/html/tests/Unit/Protocol/JsonRpcHandlerTest.php" line="691" class="Tests\Unit\Protocol\JsonRpcHandlerTest" classname="Tests.Unit.Protocol.JsonRpcHandlerTest" assertions="0" time="0.000000">
            <error type="Exception">Tests\Unit\Protocol\JsonRpcHandlerTest::test_create_error_response_standard_codes with data set "Custom error"
Exception: The /var/www/html/vendor/orchestra/testbench-core/laravel/bootstrap/cache directory must be present and writable.

/var/www/html/vendor/laravel/framework/src/Illuminate/Foundation/PackageManifest.php:179
/var/www/html/vendor/orchestra/testbench-core/src/Foundation/PackageManifest.php:157
/var/www/html/vendor/laravel/framework/src/Illuminate/Foundation/PackageManifest.php:132
/var/www/html/vendor/laravel/framework/src/Illuminate/Foundation/PackageManifest.php:108
/var/www/html/vendor/orchestra/testbench-core/src/Foundation/PackageManifest.php:102
/var/www/html/vendor/laravel/framework/src/Illuminate/Foundation/PackageManifest.php:91
/var/www/html/vendor/laravel/framework/src/Illuminate/Foundation/PackageManifest.php:80
/var/www/html/vendor/laravel/framework/src/Illuminate/Foundation/Bootstrap/RegisterFacades.php:26
/var/www/html/vendor/orchestra/testbench-core/src/Concerns/CreatesApplication.php:556
/var/www/html/vendor/orchestra/testbench-core/src/Concerns/CreatesApplication.php:311
/var/www/html/vendor/orchestra/testbench-core/src/TestCase.php:121
/var/www/html/vendor/orchestra/testbench-core/src/Concerns/ApplicationTestingHooks.php:74
/var/www/html/vendor/orchestra/testbench-core/src/Concerns/Testing.php:43
/var/www/html/vendor/laravel/framework/src/Illuminate/Collections/helpers.php:236
/var/www/html/vendor/orchestra/sidekick/src/functions.php:87
/var/www/html/vendor/laravel/framework/src/Illuminate/Collections/helpers.php:236
/var/www/html/vendor/orchestra/testbench-core/src/Concerns/Testing.php:57
/var/www/html/vendor/orchestra/testbench-core/src/TestCase.php:50
/var/www/html/tests/Unit/Protocol/JsonRpcHandlerTest.php:23</error>
          </testcase>
        </testsuite>
        <testsuite name="Tests\Unit\Protocol\JsonRpcHandlerTest::test_validate_message" tests="8" assertions="0" errors="8" failures="0" skipped="0" time="0.000000">
          <testcase name="test_validate_message with data set &quot;valid request&quot;" file="/var/www/html/tests/Unit/Protocol/JsonRpcHandlerTest.php" line="718" class="Tests\Unit\Protocol\JsonRpcHandlerTest" classname="Tests.Unit.Protocol.JsonRpcHandlerTest" assertions="0" time="0.000000">
            <error type="Exception">Tests\Unit\Protocol\JsonRpcHandlerTest::test_validate_message with data set "valid request"
Exception: The /var/www/html/vendor/orchestra/testbench-core/laravel/bootstrap/cache directory must be present and writable.

/var/www/html/vendor/laravel/framework/src/Illuminate/Foundation/PackageManifest.php:179
/var/www/html/vendor/orchestra/testbench-core/src/Foundation/PackageManifest.php:157
/var/www/html/vendor/laravel/framework/src/Illuminate/Foundation/PackageManifest.php:132
/var/www/html/vendor/laravel/framework/src/Illuminate/Foundation/PackageManifest.php:108
/var/www/html/vendor/orchestra/testbench-core/src/Foundation/PackageManifest.php:102
/var/www/html/vendor/laravel/framework/src/Illuminate/Foundation/PackageManifest.php:91
/var/www/html/vendor/laravel/framework/src/Illuminate/Foundation/PackageManifest.php:80
/var/www/html/vendor/laravel/framework/src/Illuminate/Foundation/Bootstrap/RegisterFacades.php:26
/var/www/html/vendor/orchestra/testbench-core/src/Concerns/CreatesApplication.php:556
/var/www/html/vendor/orchestra/testbench-core/src/Concerns/CreatesApplication.php:311
/var/www/html/vendor/orchestra/testbench-core/src/TestCase.php:121
/var/www/html/vendor/orchestra/testbench-core/src/Concerns/ApplicationTestingHooks.php:74
/var/www/html/vendor/orchestra/testbench-core/src/Concerns/Testing.php:43
/var/www/html/vendor/laravel/framework/src/Illuminate/Collections/helpers.php:236
/var/www/html/vendor/orchestra/sidekick/src/functions.php:87
/var/www/html/vendor/laravel/framework/src/Illuminate/Collections/helpers.php:236
/var/www/html/vendor/orchestra/testbench-core/src/Concerns/Testing.php:57
/var/www/html/vendor/orchestra/testbench-core/src/TestCase.php:50
/var/www/html/tests/Unit/Protocol/JsonRpcHandlerTest.php:23</error>
          </testcase>
          <testcase name="test_validate_message with data set &quot;valid notification&quot;" file="/var/www/html/tests/Unit/Protocol/JsonRpcHandlerTest.php" line="718" class="Tests\Unit\Protocol\JsonRpcHandlerTest" classname="Tests.Unit.Protocol.JsonRpcHandlerTest" assertions="0" time="0.000000">
            <error type="Exception">Tests\Unit\Protocol\JsonRpcHandlerTest::test_validate_message with data set "valid notification"
Exception: The /var/www/html/vendor/orchestra/testbench-core/laravel/bootstrap/cache directory must be present and writable.

/var/www/html/vendor/laravel/framework/src/Illuminate/Foundation/PackageManifest.php:179
/var/www/html/vendor/orchestra/testbench-core/src/Foundation/PackageManifest.php:157
/var/www/html/vendor/laravel/framework/src/Illuminate/Foundation/PackageManifest.php:132
/var/www/html/vendor/laravel/framework/src/Illuminate/Foundation/PackageManifest.php:108
/var/www/html/vendor/orchestra/testbench-core/src/Foundation/PackageManifest.php:102
/var/www/html/vendor/laravel/framework/src/Illuminate/Foundation/PackageManifest.php:91
/var/www/html/vendor/laravel/framework/src/Illuminate/Foundation/PackageManifest.php:80
/var/www/html/vendor/laravel/framework/src/Illuminate/Foundation/Bootstrap/RegisterFacades.php:26
/var/www/html/vendor/orchestra/testbench-core/src/Concerns/CreatesApplication.php:556
/var/www/html/vendor/orchestra/testbench-core/src/Concerns/CreatesApplication.php:311
/var/www/html/vendor/orchestra/testbench-core/src/TestCase.php:121
/var/www/html/vendor/orchestra/testbench-core/src/Concerns/ApplicationTestingHooks.php:74
/var/www/html/vendor/orchestra/testbench-core/src/Concerns/Testing.php:43
/var/www/html/vendor/laravel/framework/src/Illuminate/Collections/helpers.php:236
/var/www/html/vendor/orchestra/sidekick/src/functions.php:87
/var/www/html/vendor/laravel/framework/src/Illuminate/Collections/helpers.php:236
/var/www/html/vendor/orchestra/testbench-core/src/Concerns/Testing.php:57
/var/www/html/vendor/orchestra/testbench-core/src/TestCase.php:50
/var/www/html/tests/Unit/Protocol/JsonRpcHandlerTest.php:23</error>
          </testcase>
          <testcase name="test_validate_message with data set &quot;valid success response&quot;" file="/var/www/html/tests/Unit/Protocol/JsonRpcHandlerTest.php" line="718" class="Tests\Unit\Protocol\JsonRpcHandlerTest" classname="Tests.Unit.Protocol.JsonRpcHandlerTest" assertions="0" time="0.000000">
            <error type="Exception">Tests\Unit\Protocol\JsonRpcHandlerTest::test_validate_message with data set "valid success response"
Exception: The /var/www/html/vendor/orchestra/testbench-core/laravel/bootstrap/cache directory must be present and writable.

/var/www/html/vendor/laravel/framework/src/Illuminate/Foundation/PackageManifest.php:179
/var/www/html/vendor/orchestra/testbench-core/src/Foundation/PackageManifest.php:157
/var/www/html/vendor/laravel/framework/src/Illuminate/Foundation/PackageManifest.php:132
/var/www/html/vendor/laravel/framework/src/Illuminate/Foundation/PackageManifest.php:108
/var/www/html/vendor/orchestra/testbench-core/src/Foundation/PackageManifest.php:102
/var/www/html/vendor/laravel/framework/src/Illuminate/Foundation/PackageManifest.php:91
/var/www/html/vendor/laravel/framework/src/Illuminate/Foundation/PackageManifest.php:80
/var/www/html/vendor/laravel/framework/src/Illuminate/Foundation/Bootstrap/RegisterFacades.php:26
/var/www/html/vendor/orchestra/testbench-core/src/Concerns/CreatesApplication.php:556
/var/www/html/vendor/orchestra/testbench-core/src/Concerns/CreatesApplication.php:311
/var/www/html/vendor/orchestra/testbench-core/src/TestCase.php:121
/var/www/html/vendor/orchestra/testbench-core/src/Concerns/ApplicationTestingHooks.php:74
/var/www/html/vendor/orchestra/testbench-core/src/Concerns/Testing.php:43
/var/www/html/vendor/laravel/framework/src/Illuminate/Collections/helpers.php:236
/var/www/html/vendor/orchestra/sidekick/src/functions.php:87
/var/www/html/vendor/laravel/framework/src/Illuminate/Collections/helpers.php:236
/var/www/html/vendor/orchestra/testbench-core/src/Concerns/Testing.php:57
/var/www/html/vendor/orchestra/testbench-core/src/TestCase.php:50
/var/www/html/tests/Unit/Protocol/JsonRpcHandlerTest.php:23</error>
          </testcase>
          <testcase name="test_validate_message with data set &quot;valid error response&quot;" file="/var/www/html/tests/Unit/Protocol/JsonRpcHandlerTest.php" line="718" class="Tests\Unit\Protocol\JsonRpcHandlerTest" classname="Tests.Unit.Protocol.JsonRpcHandlerTest" assertions="0" time="0.000000">
            <error type="Exception">Tests\Unit\Protocol\JsonRpcHandlerTest::test_validate_message with data set "valid error response"
Exception: The /var/www/html/vendor/orchestra/testbench-core/laravel/bootstrap/cache directory must be present and writable.

/var/www/html/vendor/laravel/framework/src/Illuminate/Foundation/PackageManifest.php:179
/var/www/html/vendor/orchestra/testbench-core/src/Foundation/PackageManifest.php:157
/var/www/html/vendor/laravel/framework/src/Illuminate/Foundation/PackageManifest.php:132
/var/www/html/vendor/laravel/framework/src/Illuminate/Foundation/PackageManifest.php:108
/var/www/html/vendor/orchestra/testbench-core/src/Foundation/PackageManifest.php:102
/var/www/html/vendor/laravel/framework/src/Illuminate/Foundation/PackageManifest.php:91
/var/www/html/vendor/laravel/framework/src/Illuminate/Foundation/PackageManifest.php:80
/var/www/html/vendor/laravel/framework/src/Illuminate/Foundation/Bootstrap/RegisterFacades.php:26
/var/www/html/vendor/orchestra/testbench-core/src/Concerns/CreatesApplication.php:556
/var/www/html/vendor/orchestra/testbench-core/src/Concerns/CreatesApplication.php:311
/var/www/html/vendor/orchestra/testbench-core/src/TestCase.php:121
/var/www/html/vendor/orchestra/testbench-core/src/Concerns/ApplicationTestingHooks.php:74
/var/www/html/vendor/orchestra/testbench-core/src/Concerns/Testing.php:43
/var/www/html/vendor/laravel/framework/src/Illuminate/Collections/helpers.php:236
/var/www/html/vendor/orchestra/sidekick/src/functions.php:87
/var/www/html/vendor/laravel/framework/src/Illuminate/Collections/helpers.php:236
/var/www/html/vendor/orchestra/testbench-core/src/Concerns/Testing.php:57
/var/www/html/vendor/orchestra/testbench-core/src/TestCase.php:50
/var/www/html/tests/Unit/Protocol/JsonRpcHandlerTest.php:23</error>
          </testcase>
          <testcase name="test_validate_message with data set &quot;missing jsonrpc&quot;" file="/var/www/html/tests/Unit/Protocol/JsonRpcHandlerTest.php" line="718" class="Tests\Unit\Protocol\JsonRpcHandlerTest" classname="Tests.Unit.Protocol.JsonRpcHandlerTest" assertions="0" time="0.000000">
            <error type="Exception">Tests\Unit\Protocol\JsonRpcHandlerTest::test_validate_message with data set "missing jsonrpc"
Exception: The /var/www/html/vendor/orchestra/testbench-core/laravel/bootstrap/cache directory must be present and writable.

/var/www/html/vendor/laravel/framework/src/Illuminate/Foundation/PackageManifest.php:179
/var/www/html/vendor/orchestra/testbench-core/src/Foundation/PackageManifest.php:157
/var/www/html/vendor/laravel/framework/src/Illuminate/Foundation/PackageManifest.php:132
/var/www/html/vendor/laravel/framework/src/Illuminate/Foundation/PackageManifest.php:108
/var/www/html/vendor/orchestra/testbench-core/src/Foundation/PackageManifest.php:102
/var/www/html/vendor/laravel/framework/src/Illuminate/Foundation/PackageManifest.php:91
/var/www/html/vendor/laravel/framework/src/Illuminate/Foundation/PackageManifest.php:80
/var/www/html/vendor/laravel/framework/src/Illuminate/Foundation/Bootstrap/RegisterFacades.php:26
/var/www/html/vendor/orchestra/testbench-core/src/Concerns/CreatesApplication.php:556
/var/www/html/vendor/orchestra/testbench-core/src/Concerns/CreatesApplication.php:311
/var/www/html/vendor/orchestra/testbench-core/src/TestCase.php:121
/var/www/html/vendor/orchestra/testbench-core/src/Concerns/ApplicationTestingHooks.php:74
/var/www/html/vendor/orchestra/testbench-core/src/Concerns/Testing.php:43
/var/www/html/vendor/laravel/framework/src/Illuminate/Collections/helpers.php:236
/var/www/html/vendor/orchestra/sidekick/src/functions.php:87
/var/www/html/vendor/laravel/framework/src/Illuminate/Collections/helpers.php:236
/var/www/html/vendor/orchestra/testbench-core/src/Concerns/Testing.php:57
/var/www/html/vendor/orchestra/testbench-core/src/TestCase.php:50
/var/www/html/tests/Unit/Protocol/JsonRpcHandlerTest.php:23</error>
          </testcase>
          <testcase name="test_validate_message with data set &quot;wrong jsonrpc version&quot;" file="/var/www/html/tests/Unit/Protocol/JsonRpcHandlerTest.php" line="718" class="Tests\Unit\Protocol\JsonRpcHandlerTest" classname="Tests.Unit.Protocol.JsonRpcHandlerTest" assertions="0" time="0.000000">
            <error type="Exception">Tests\Unit\Protocol\JsonRpcHandlerTest::test_validate_message with data set "wrong jsonrpc version"
Exception: The /var/www/html/vendor/orchestra/testbench-core/laravel/bootstrap/cache directory must be present and writable.

/var/www/html/vendor/laravel/framework/src/Illuminate/Foundation/PackageManifest.php:179
/var/www/html/vendor/orchestra/testbench-core/src/Foundation/PackageManifest.php:157
/var/www/html/vendor/laravel/framework/src/Illuminate/Foundation/PackageManifest.php:132
/var/www/html/vendor/laravel/framework/src/Illuminate/Foundation/PackageManifest.php:108
/var/www/html/vendor/orchestra/testbench-core/src/Foundation/PackageManifest.php:102
/var/www/html/vendor/laravel/framework/src/Illuminate/Foundation/PackageManifest.php:91
/var/www/html/vendor/laravel/framework/src/Illuminate/Foundation/PackageManifest.php:80
/var/www/html/vendor/laravel/framework/src/Illuminate/Foundation/Bootstrap/RegisterFacades.php:26
/var/www/html/vendor/orchestra/testbench-core/src/Concerns/CreatesApplication.php:556
/var/www/html/vendor/orchestra/testbench-core/src/Concerns/CreatesApplication.php:311
/var/www/html/vendor/orchestra/testbench-core/src/TestCase.php:121
/var/www/html/vendor/orchestra/testbench-core/src/Concerns/ApplicationTestingHooks.php:74
/var/www/html/vendor/orchestra/testbench-core/src/Concerns/Testing.php:43
/var/www/html/vendor/laravel/framework/src/Illuminate/Collections/helpers.php:236
/var/www/html/vendor/orchestra/sidekick/src/functions.php:87
/var/www/html/vendor/laravel/framework/src/Illuminate/Collections/helpers.php:236
/var/www/html/vendor/orchestra/testbench-core/src/Concerns/Testing.php:57
/var/www/html/vendor/orchestra/testbench-core/src/TestCase.php:50
/var/www/html/tests/Unit/Protocol/JsonRpcHandlerTest.php:23</error>
          </testcase>
          <testcase name="test_validate_message with data set &quot;empty message&quot;" file="/var/www/html/tests/Unit/Protocol/JsonRpcHandlerTest.php" line="718" class="Tests\Unit\Protocol\JsonRpcHandlerTest" classname="Tests.Unit.Protocol.JsonRpcHandlerTest" assertions="0" time="0.000000">
            <error type="Exception">Tests\Unit\Protocol\JsonRpcHandlerTest::test_validate_message with data set "empty message"
Exception: The /var/www/html/vendor/orchestra/testbench-core/laravel/bootstrap/cache directory must be present and writable.

/var/www/html/vendor/laravel/framework/src/Illuminate/Foundation/PackageManifest.php:179
/var/www/html/vendor/orchestra/testbench-core/src/Foundation/PackageManifest.php:157
/var/www/html/vendor/laravel/framework/src/Illuminate/Foundation/PackageManifest.php:132
/var/www/html/vendor/laravel/framework/src/Illuminate/Foundation/PackageManifest.php:108
/var/www/html/vendor/orchestra/testbench-core/src/Foundation/PackageManifest.php:102
/var/www/html/vendor/laravel/framework/src/Illuminate/Foundation/PackageManifest.php:91
/var/www/html/vendor/laravel/framework/src/Illuminate/Foundation/PackageManifest.php:80
/var/www/html/vendor/laravel/framework/src/Illuminate/Foundation/Bootstrap/RegisterFacades.php:26
/var/www/html/vendor/orchestra/testbench-core/src/Concerns/CreatesApplication.php:556
/var/www/html/vendor/orchestra/testbench-core/src/Concerns/CreatesApplication.php:311
/var/www/html/vendor/orchestra/testbench-core/src/TestCase.php:121
/var/www/html/vendor/orchestra/testbench-core/src/Concerns/ApplicationTestingHooks.php:74
/var/www/html/vendor/orchestra/testbench-core/src/Concerns/Testing.php:43
/var/www/html/vendor/laravel/framework/src/Illuminate/Collections/helpers.php:236
/var/www/html/vendor/orchestra/sidekick/src/functions.php:87
/var/www/html/vendor/laravel/framework/src/Illuminate/Collections/helpers.php:236
/var/www/html/vendor/orchestra/testbench-core/src/Concerns/Testing.php:57
/var/www/html/vendor/orchestra/testbench-core/src/TestCase.php:50
/var/www/html/tests/Unit/Protocol/JsonRpcHandlerTest.php:23</error>
          </testcase>
          <testcase name="test_validate_message with data set &quot;malformed response&quot;" file="/var/www/html/tests/Unit/Protocol/JsonRpcHandlerTest.php" line="718" class="Tests\Unit\Protocol\JsonRpcHandlerTest" classname="Tests.Unit.Protocol.JsonRpcHandlerTest" assertions="0" time="0.000000">
            <error type="Exception">Tests\Unit\Protocol\JsonRpcHandlerTest::test_validate_message with data set "malformed response"
Exception: The /var/www/html/vendor/orchestra/testbench-core/laravel/bootstrap/cache directory must be present and writable.

/var/www/html/vendor/laravel/framework/src/Illuminate/Foundation/PackageManifest.php:179
/var/www/html/vendor/orchestra/testbench-core/src/Foundation/PackageManifest.php:157
/var/www/html/vendor/laravel/framework/src/Illuminate/Foundation/PackageManifest.php:132
/var/www/html/vendor/laravel/framework/src/Illuminate/Foundation/PackageManifest.php:108
/var/www/html/vendor/orchestra/testbench-core/src/Foundation/PackageManifest.php:102
/var/www/html/vendor/laravel/framework/src/Illuminate/Foundation/PackageManifest.php:91
/var/www/html/vendor/laravel/framework/src/Illuminate/Foundation/PackageManifest.php:80
/var/www/html/vendor/laravel/framework/src/Illuminate/Foundation/Bootstrap/RegisterFacades.php:26
/var/www/html/vendor/orchestra/testbench-core/src/Concerns/CreatesApplication.php:556
/var/www/html/vendor/orchestra/testbench-core/src/Concerns/CreatesApplication.php:311
/var/www/html/vendor/orchestra/testbench-core/src/TestCase.php:121
/var/www/html/vendor/orchestra/testbench-core/src/Concerns/ApplicationTestingHooks.php:74
/var/www/html/vendor/orchestra/testbench-core/src/Concerns/Testing.php:43
/var/www/html/vendor/laravel/framework/src/Illuminate/Collections/helpers.php:236
/var/www/html/vendor/orchestra/sidekick/src/functions.php:87
/var/www/html/vendor/laravel/framework/src/Illuminate/Collections/helpers.php:236
/var/www/html/vendor/orchestra/testbench-core/src/Concerns/Testing.php:57
/var/www/html/vendor/orchestra/testbench-core/src/TestCase.php:50
/var/www/html/tests/Unit/Protocol/JsonRpcHandlerTest.php:23</error>
          </testcase>
        </testsuite>
        <testsuite name="Tests\Unit\Protocol\JsonRpcHandlerTest::test_is_request" tests="9" assertions="0" errors="9" failures="0" skipped="0" time="0.000000">
          <testcase name="test_is_request with data set &quot;valid request&quot;" file="/var/www/html/tests/Unit/Protocol/JsonRpcHandlerTest.php" line="745" class="Tests\Unit\Protocol\JsonRpcHandlerTest" classname="Tests.Unit.Protocol.JsonRpcHandlerTest" assertions="0" time="0.000000">
            <error type="Exception">Tests\Unit\Protocol\JsonRpcHandlerTest::test_is_request with data set "valid request"
Exception: The /var/www/html/vendor/orchestra/testbench-core/laravel/bootstrap/cache directory must be present and writable.

/var/www/html/vendor/laravel/framework/src/Illuminate/Foundation/PackageManifest.php:179
/var/www/html/vendor/orchestra/testbench-core/src/Foundation/PackageManifest.php:157
/var/www/html/vendor/laravel/framework/src/Illuminate/Foundation/PackageManifest.php:132
/var/www/html/vendor/laravel/framework/src/Illuminate/Foundation/PackageManifest.php:108
/var/www/html/vendor/orchestra/testbench-core/src/Foundation/PackageManifest.php:102
/var/www/html/vendor/laravel/framework/src/Illuminate/Foundation/PackageManifest.php:91
/var/www/html/vendor/laravel/framework/src/Illuminate/Foundation/PackageManifest.php:80
/var/www/html/vendor/laravel/framework/src/Illuminate/Foundation/Bootstrap/RegisterFacades.php:26
/var/www/html/vendor/orchestra/testbench-core/src/Concerns/CreatesApplication.php:556
/var/www/html/vendor/orchestra/testbench-core/src/Concerns/CreatesApplication.php:311
/var/www/html/vendor/orchestra/testbench-core/src/TestCase.php:121
/var/www/html/vendor/orchestra/testbench-core/src/Concerns/ApplicationTestingHooks.php:74
/var/www/html/vendor/orchestra/testbench-core/src/Concerns/Testing.php:43
/var/www/html/vendor/laravel/framework/src/Illuminate/Collections/helpers.php:236
/var/www/html/vendor/orchestra/sidekick/src/functions.php:87
/var/www/html/vendor/laravel/framework/src/Illuminate/Collections/helpers.php:236
/var/www/html/vendor/orchestra/testbench-core/src/Concerns/Testing.php:57
/var/www/html/vendor/orchestra/testbench-core/src/TestCase.php:50
/var/www/html/tests/Unit/Protocol/JsonRpcHandlerTest.php:23</error>
          </testcase>
          <testcase name="test_is_request with data set &quot;request with params&quot;" file="/var/www/html/tests/Unit/Protocol/JsonRpcHandlerTest.php" line="745" class="Tests\Unit\Protocol\JsonRpcHandlerTest" classname="Tests.Unit.Protocol.JsonRpcHandlerTest" assertions="0" time="0.000000">
            <error type="Exception">Tests\Unit\Protocol\JsonRpcHandlerTest::test_is_request with data set "request with params"
Exception: The /var/www/html/vendor/orchestra/testbench-core/laravel/bootstrap/cache directory must be present and writable.

/var/www/html/vendor/laravel/framework/src/Illuminate/Foundation/PackageManifest.php:179
/var/www/html/vendor/orchestra/testbench-core/src/Foundation/PackageManifest.php:157
/var/www/html/vendor/laravel/framework/src/Illuminate/Foundation/PackageManifest.php:132
/var/www/html/vendor/laravel/framework/src/Illuminate/Foundation/PackageManifest.php:108
/var/www/html/vendor/orchestra/testbench-core/src/Foundation/PackageManifest.php:102
/var/www/html/vendor/laravel/framework/src/Illuminate/Foundation/PackageManifest.php:91
/var/www/html/vendor/laravel/framework/src/Illuminate/Foundation/PackageManifest.php:80
/var/www/html/vendor/laravel/framework/src/Illuminate/Foundation/Bootstrap/RegisterFacades.php:26
/var/www/html/vendor/orchestra/testbench-core/src/Concerns/CreatesApplication.php:556
/var/www/html/vendor/orchestra/testbench-core/src/Concerns/CreatesApplication.php:311
/var/www/html/vendor/orchestra/testbench-core/src/TestCase.php:121
/var/www/html/vendor/orchestra/testbench-core/src/Concerns/ApplicationTestingHooks.php:74
/var/www/html/vendor/orchestra/testbench-core/src/Concerns/Testing.php:43
/var/www/html/vendor/laravel/framework/src/Illuminate/Collections/helpers.php:236
/var/www/html/vendor/orchestra/sidekick/src/functions.php:87
/var/www/html/vendor/laravel/framework/src/Illuminate/Collections/helpers.php:236
/var/www/html/vendor/orchestra/testbench-core/src/Concerns/Testing.php:57
/var/www/html/vendor/orchestra/testbench-core/src/TestCase.php:50
/var/www/html/tests/Unit/Protocol/JsonRpcHandlerTest.php:23</error>
          </testcase>
          <testcase name="test_is_request with data set &quot;request with string id&quot;" file="/var/www/html/tests/Unit/Protocol/JsonRpcHandlerTest.php" line="745" class="Tests\Unit\Protocol\JsonRpcHandlerTest" classname="Tests.Unit.Protocol.JsonRpcHandlerTest" assertions="0" time="0.000000">
            <error type="Exception">Tests\Unit\Protocol\JsonRpcHandlerTest::test_is_request with data set "request with string id"
Exception: The /var/www/html/vendor/orchestra/testbench-core/laravel/bootstrap/cache directory must be present and writable.

/var/www/html/vendor/laravel/framework/src/Illuminate/Foundation/PackageManifest.php:179
/var/www/html/vendor/orchestra/testbench-core/src/Foundation/PackageManifest.php:157
/var/www/html/vendor/laravel/framework/src/Illuminate/Foundation/PackageManifest.php:132
/var/www/html/vendor/laravel/framework/src/Illuminate/Foundation/PackageManifest.php:108
/var/www/html/vendor/orchestra/testbench-core/src/Foundation/PackageManifest.php:102
/var/www/html/vendor/laravel/framework/src/Illuminate/Foundation/PackageManifest.php:91
/var/www/html/vendor/laravel/framework/src/Illuminate/Foundation/PackageManifest.php:80
/var/www/html/vendor/laravel/framework/src/Illuminate/Foundation/Bootstrap/RegisterFacades.php:26
/var/www/html/vendor/orchestra/testbench-core/src/Concerns/CreatesApplication.php:556
/var/www/html/vendor/orchestra/testbench-core/src/Concerns/CreatesApplication.php:311
/var/www/html/vendor/orchestra/testbench-core/src/TestCase.php:121
/var/www/html/vendor/orchestra/testbench-core/src/Concerns/ApplicationTestingHooks.php:74
/var/www/html/vendor/orchestra/testbench-core/src/Concerns/Testing.php:43
/var/www/html/vendor/laravel/framework/src/Illuminate/Collections/helpers.php:236
/var/www/html/vendor/orchestra/sidekick/src/functions.php:87
/var/www/html/vendor/laravel/framework/src/Illuminate/Collections/helpers.php:236
/var/www/html/vendor/orchestra/testbench-core/src/Concerns/Testing.php:57
/var/www/html/vendor/orchestra/testbench-core/src/TestCase.php:50
/var/www/html/tests/Unit/Protocol/JsonRpcHandlerTest.php:23</error>
          </testcase>
          <testcase name="test_is_request with data set &quot;notification (no id)&quot;" file="/var/www/html/tests/Unit/Protocol/JsonRpcHandlerTest.php" line="745" class="Tests\Unit\Protocol\JsonRpcHandlerTest" classname="Tests.Unit.Protocol.JsonRpcHandlerTest" assertions="0" time="0.000000">
            <error type="Exception">Tests\Unit\Protocol\JsonRpcHandlerTest::test_is_request with data set "notification (no id)"
Exception: The /var/www/html/vendor/orchestra/testbench-core/laravel/bootstrap/cache directory must be present and writable.

/var/www/html/vendor/laravel/framework/src/Illuminate/Foundation/PackageManifest.php:179
/var/www/html/vendor/orchestra/testbench-core/src/Foundation/PackageManifest.php:157
/var/www/html/vendor/laravel/framework/src/Illuminate/Foundation/PackageManifest.php:132
/var/www/html/vendor/laravel/framework/src/Illuminate/Foundation/PackageManifest.php:108
/var/www/html/vendor/orchestra/testbench-core/src/Foundation/PackageManifest.php:102
/var/www/html/vendor/laravel/framework/src/Illuminate/Foundation/PackageManifest.php:91
/var/www/html/vendor/laravel/framework/src/Illuminate/Foundation/PackageManifest.php:80
/var/www/html/vendor/laravel/framework/src/Illuminate/Foundation/Bootstrap/RegisterFacades.php:26
/var/www/html/vendor/orchestra/testbench-core/src/Concerns/CreatesApplication.php:556
/var/www/html/vendor/orchestra/testbench-core/src/Concerns/CreatesApplication.php:311
/var/www/html/vendor/orchestra/testbench-core/src/TestCase.php:121
/var/www/html/vendor/orchestra/testbench-core/src/Concerns/ApplicationTestingHooks.php:74
/var/www/html/vendor/orchestra/testbench-core/src/Concerns/Testing.php:43
/var/www/html/vendor/laravel/framework/src/Illuminate/Collections/helpers.php:236
/var/www/html/vendor/orchestra/sidekick/src/functions.php:87
/var/www/html/vendor/laravel/framework/src/Illuminate/Collections/helpers.php:236
/var/www/html/vendor/orchestra/testbench-core/src/Concerns/Testing.php:57
/var/www/html/vendor/orchestra/testbench-core/src/TestCase.php:50
/var/www/html/tests/Unit/Protocol/JsonRpcHandlerTest.php:23</error>
          </testcase>
          <testcase name="test_is_request with data set &quot;missing method&quot;" file="/var/www/html/tests/Unit/Protocol/JsonRpcHandlerTest.php" line="745" class="Tests\Unit\Protocol\JsonRpcHandlerTest" classname="Tests.Unit.Protocol.JsonRpcHandlerTest" assertions="0" time="0.000000">
            <error type="Exception">Tests\Unit\Protocol\JsonRpcHandlerTest::test_is_request with data set "missing method"
Exception: The /var/www/html/vendor/orchestra/testbench-core/laravel/bootstrap/cache directory must be present and writable.

/var/www/html/vendor/laravel/framework/src/Illuminate/Foundation/PackageManifest.php:179
/var/www/html/vendor/orchestra/testbench-core/src/Foundation/PackageManifest.php:157
/var/www/html/vendor/laravel/framework/src/Illuminate/Foundation/PackageManifest.php:132
/var/www/html/vendor/laravel/framework/src/Illuminate/Foundation/PackageManifest.php:108
/var/www/html/vendor/orchestra/testbench-core/src/Foundation/PackageManifest.php:102
/var/www/html/vendor/laravel/framework/src/Illuminate/Foundation/PackageManifest.php:91
/var/www/html/vendor/laravel/framework/src/Illuminate/Foundation/PackageManifest.php:80
/var/www/html/vendor/laravel/framework/src/Illuminate/Foundation/Bootstrap/RegisterFacades.php:26
/var/www/html/vendor/orchestra/testbench-core/src/Concerns/CreatesApplication.php:556
/var/www/html/vendor/orchestra/testbench-core/src/Concerns/CreatesApplication.php:311
/var/www/html/vendor/orchestra/testbench-core/src/TestCase.php:121
/var/www/html/vendor/orchestra/testbench-core/src/Concerns/ApplicationTestingHooks.php:74
/var/www/html/vendor/orchestra/testbench-core/src/Concerns/Testing.php:43
/var/www/html/vendor/laravel/framework/src/Illuminate/Collections/helpers.php:236
/var/www/html/vendor/orchestra/sidekick/src/functions.php:87
/var/www/html/vendor/laravel/framework/src/Illuminate/Collections/helpers.php:236
/var/www/html/vendor/orchestra/testbench-core/src/Concerns/Testing.php:57
/var/www/html/vendor/orchestra/testbench-core/src/TestCase.php:50
/var/www/html/tests/Unit/Protocol/JsonRpcHandlerTest.php:23</error>
          </testcase>
          <testcase name="test_is_request with data set &quot;empty method&quot;" file="/var/www/html/tests/Unit/Protocol/JsonRpcHandlerTest.php" line="745" class="Tests\Unit\Protocol\JsonRpcHandlerTest" classname="Tests.Unit.Protocol.JsonRpcHandlerTest" assertions="0" time="0.000000">
            <error type="Exception">Tests\Unit\Protocol\JsonRpcHandlerTest::test_is_request with data set "empty method"
Exception: The /var/www/html/vendor/orchestra/testbench-core/laravel/bootstrap/cache directory must be present and writable.

/var/www/html/vendor/laravel/framework/src/Illuminate/Foundation/PackageManifest.php:179
/var/www/html/vendor/orchestra/testbench-core/src/Foundation/PackageManifest.php:157
/var/www/html/vendor/laravel/framework/src/Illuminate/Foundation/PackageManifest.php:132
/var/www/html/vendor/laravel/framework/src/Illuminate/Foundation/PackageManifest.php:108
/var/www/html/vendor/orchestra/testbench-core/src/Foundation/PackageManifest.php:102
/var/www/html/vendor/laravel/framework/src/Illuminate/Foundation/PackageManifest.php:91
/var/www/html/vendor/laravel/framework/src/Illuminate/Foundation/PackageManifest.php:80
/var/www/html/vendor/laravel/framework/src/Illuminate/Foundation/Bootstrap/RegisterFacades.php:26
/var/www/html/vendor/orchestra/testbench-core/src/Concerns/CreatesApplication.php:556
/var/www/html/vendor/orchestra/testbench-core/src/Concerns/CreatesApplication.php:311
/var/www/html/vendor/orchestra/testbench-core/src/TestCase.php:121
/var/www/html/vendor/orchestra/testbench-core/src/Concerns/ApplicationTestingHooks.php:74
/var/www/html/vendor/orchestra/testbench-core/src/Concerns/Testing.php:43
/var/www/html/vendor/laravel/framework/src/Illuminate/Collections/helpers.php:236
/var/www/html/vendor/orchestra/sidekick/src/functions.php:87
/var/www/html/vendor/laravel/framework/src/Illuminate/Collections/helpers.php:236
/var/www/html/vendor/orchestra/testbench-core/src/Concerns/Testing.php:57
/var/www/html/vendor/orchestra/testbench-core/src/TestCase.php:50
/var/www/html/tests/Unit/Protocol/JsonRpcHandlerTest.php:23</error>
          </testcase>
          <testcase name="test_is_request with data set &quot;non-string method&quot;" file="/var/www/html/tests/Unit/Protocol/JsonRpcHandlerTest.php" line="745" class="Tests\Unit\Protocol\JsonRpcHandlerTest" classname="Tests.Unit.Protocol.JsonRpcHandlerTest" assertions="0" time="0.000000">
            <error type="Exception">Tests\Unit\Protocol\JsonRpcHandlerTest::test_is_request with data set "non-string method"
Exception: The /var/www/html/vendor/orchestra/testbench-core/laravel/bootstrap/cache directory must be present and writable.

/var/www/html/vendor/laravel/framework/src/Illuminate/Foundation/PackageManifest.php:179
/var/www/html/vendor/orchestra/testbench-core/src/Foundation/PackageManifest.php:157
/var/www/html/vendor/laravel/framework/src/Illuminate/Foundation/PackageManifest.php:132
/var/www/html/vendor/laravel/framework/src/Illuminate/Foundation/PackageManifest.php:108
/var/www/html/vendor/orchestra/testbench-core/src/Foundation/PackageManifest.php:102
/var/www/html/vendor/laravel/framework/src/Illuminate/Foundation/PackageManifest.php:91
/var/www/html/vendor/laravel/framework/src/Illuminate/Foundation/PackageManifest.php:80
/var/www/html/vendor/laravel/framework/src/Illuminate/Foundation/Bootstrap/RegisterFacades.php:26
/var/www/html/vendor/orchestra/testbench-core/src/Concerns/CreatesApplication.php:556
/var/www/html/vendor/orchestra/testbench-core/src/Concerns/CreatesApplication.php:311
/var/www/html/vendor/orchestra/testbench-core/src/TestCase.php:121
/var/www/html/vendor/orchestra/testbench-core/src/Concerns/ApplicationTestingHooks.php:74
/var/www/html/vendor/orchestra/testbench-core/src/Concerns/Testing.php:43
/var/www/html/vendor/laravel/framework/src/Illuminate/Collections/helpers.php:236
/var/www/html/vendor/orchestra/sidekick/src/functions.php:87
/var/www/html/vendor/laravel/framework/src/Illuminate/Collections/helpers.php:236
/var/www/html/vendor/orchestra/testbench-core/src/Concerns/Testing.php:57
/var/www/html/vendor/orchestra/testbench-core/src/TestCase.php:50
/var/www/html/tests/Unit/Protocol/JsonRpcHandlerTest.php:23</error>
          </testcase>
          <testcase name="test_is_request with data set &quot;wrong jsonrpc version&quot;" file="/var/www/html/tests/Unit/Protocol/JsonRpcHandlerTest.php" line="745" class="Tests\Unit\Protocol\JsonRpcHandlerTest" classname="Tests.Unit.Protocol.JsonRpcHandlerTest" assertions="0" time="0.000000">
            <error type="Exception">Tests\Unit\Protocol\JsonRpcHandlerTest::test_is_request with data set "wrong jsonrpc version"
Exception: The /var/www/html/vendor/orchestra/testbench-core/laravel/bootstrap/cache directory must be present and writable.

/var/www/html/vendor/laravel/framework/src/Illuminate/Foundation/PackageManifest.php:179
/var/www/html/vendor/orchestra/testbench-core/src/Foundation/PackageManifest.php:157
/var/www/html/vendor/laravel/framework/src/Illuminate/Foundation/PackageManifest.php:132
/var/www/html/vendor/laravel/framework/src/Illuminate/Foundation/PackageManifest.php:108
/var/www/html/vendor/orchestra/testbench-core/src/Foundation/PackageManifest.php:102
/var/www/html/vendor/laravel/framework/src/Illuminate/Foundation/PackageManifest.php:91
/var/www/html/vendor/laravel/framework/src/Illuminate/Foundation/PackageManifest.php:80
/var/www/html/vendor/laravel/framework/src/Illuminate/Foundation/Bootstrap/RegisterFacades.php:26
/var/www/html/vendor/orchestra/testbench-core/src/Concerns/CreatesApplication.php:556
/var/www/html/vendor/orchestra/testbench-core/src/Concerns/CreatesApplication.php:311
/var/www/html/vendor/orchestra/testbench-core/src/TestCase.php:121
/var/www/html/vendor/orchestra/testbench-core/src/Concerns/ApplicationTestingHooks.php:74
/var/www/html/vendor/orchestra/testbench-core/src/Concerns/Testing.php:43
/var/www/html/vendor/laravel/framework/src/Illuminate/Collections/helpers.php:236
/var/www/html/vendor/orchestra/sidekick/src/functions.php:87
/var/www/html/vendor/laravel/framework/src/Illuminate/Collections/helpers.php:236
/var/www/html/vendor/orchestra/testbench-core/src/Concerns/Testing.php:57
/var/www/html/vendor/orchestra/testbench-core/src/TestCase.php:50
/var/www/html/tests/Unit/Protocol/JsonRpcHandlerTest.php:23</error>
          </testcase>
          <testcase name="test_is_request with data set &quot;missing jsonrpc&quot;" file="/var/www/html/tests/Unit/Protocol/JsonRpcHandlerTest.php" line="745" class="Tests\Unit\Protocol\JsonRpcHandlerTest" classname="Tests.Unit.Protocol.JsonRpcHandlerTest" assertions="0" time="0.000000">
            <error type="Exception">Tests\Unit\Protocol\JsonRpcHandlerTest::test_is_request with data set "missing jsonrpc"
Exception: The /var/www/html/vendor/orchestra/testbench-core/laravel/bootstrap/cache directory must be present and writable.

/var/www/html/vendor/laravel/framework/src/Illuminate/Foundation/PackageManifest.php:179
/var/www/html/vendor/orchestra/testbench-core/src/Foundation/PackageManifest.php:157
/var/www/html/vendor/laravel/framework/src/Illuminate/Foundation/PackageManifest.php:132
/var/www/html/vendor/laravel/framework/src/Illuminate/Foundation/PackageManifest.php:108
/var/www/html/vendor/orchestra/testbench-core/src/Foundation/PackageManifest.php:102
/var/www/html/vendor/laravel/framework/src/Illuminate/Foundation/PackageManifest.php:91
/var/www/html/vendor/laravel/framework/src/Illuminate/Foundation/PackageManifest.php:80
/var/www/html/vendor/laravel/framework/src/Illuminate/Foundation/Bootstrap/RegisterFacades.php:26
/var/www/html/vendor/orchestra/testbench-core/src/Concerns/CreatesApplication.php:556
/var/www/html/vendor/orchestra/testbench-core/src/Concerns/CreatesApplication.php:311
/var/www/html/vendor/orchestra/testbench-core/src/TestCase.php:121
/var/www/html/vendor/orchestra/testbench-core/src/Concerns/ApplicationTestingHooks.php:74
/var/www/html/vendor/orchestra/testbench-core/src/Concerns/Testing.php:43
/var/www/html/vendor/laravel/framework/src/Illuminate/Collections/helpers.php:236
/var/www/html/vendor/orchestra/sidekick/src/functions.php:87
/var/www/html/vendor/laravel/framework/src/Illuminate/Collections/helpers.php:236
/var/www/html/vendor/orchestra/testbench-core/src/Concerns/Testing.php:57
/var/www/html/vendor/orchestra/testbench-core/src/TestCase.php:50
/var/www/html/tests/Unit/Protocol/JsonRpcHandlerTest.php:23</error>
          </testcase>
        </testsuite>
        <testsuite name="Tests\Unit\Protocol\JsonRpcHandlerTest::test_is_notification" tests="8" assertions="0" errors="8" failures="0" skipped="0" time="0.000000">
          <testcase name="test_is_notification with data set &quot;valid notification&quot;" file="/var/www/html/tests/Unit/Protocol/JsonRpcHandlerTest.php" line="773" class="Tests\Unit\Protocol\JsonRpcHandlerTest" classname="Tests.Unit.Protocol.JsonRpcHandlerTest" assertions="0" time="0.000000">
            <error type="Exception">Tests\Unit\Protocol\JsonRpcHandlerTest::test_is_notification with data set "valid notification"
Exception: The /var/www/html/vendor/orchestra/testbench-core/laravel/bootstrap/cache directory must be present and writable.

/var/www/html/vendor/laravel/framework/src/Illuminate/Foundation/PackageManifest.php:179
/var/www/html/vendor/orchestra/testbench-core/src/Foundation/PackageManifest.php:157
/var/www/html/vendor/laravel/framework/src/Illuminate/Foundation/PackageManifest.php:132
/var/www/html/vendor/laravel/framework/src/Illuminate/Foundation/PackageManifest.php:108
/var/www/html/vendor/orchestra/testbench-core/src/Foundation/PackageManifest.php:102
/var/www/html/vendor/laravel/framework/src/Illuminate/Foundation/PackageManifest.php:91
/var/www/html/vendor/laravel/framework/src/Illuminate/Foundation/PackageManifest.php:80
/var/www/html/vendor/laravel/framework/src/Illuminate/Foundation/Bootstrap/RegisterFacades.php:26
/var/www/html/vendor/orchestra/testbench-core/src/Concerns/CreatesApplication.php:556
/var/www/html/vendor/orchestra/testbench-core/src/Concerns/CreatesApplication.php:311
/var/www/html/vendor/orchestra/testbench-core/src/TestCase.php:121
/var/www/html/vendor/orchestra/testbench-core/src/Concerns/ApplicationTestingHooks.php:74
/var/www/html/vendor/orchestra/testbench-core/src/Concerns/Testing.php:43
/var/www/html/vendor/laravel/framework/src/Illuminate/Collections/helpers.php:236
/var/www/html/vendor/orchestra/sidekick/src/functions.php:87
/var/www/html/vendor/laravel/framework/src/Illuminate/Collections/helpers.php:236
/var/www/html/vendor/orchestra/testbench-core/src/Concerns/Testing.php:57
/var/www/html/vendor/orchestra/testbench-core/src/TestCase.php:50
/var/www/html/tests/Unit/Protocol/JsonRpcHandlerTest.php:23</error>
          </testcase>
          <testcase name="test_is_notification with data set &quot;notification with params&quot;" file="/var/www/html/tests/Unit/Protocol/JsonRpcHandlerTest.php" line="773" class="Tests\Unit\Protocol\JsonRpcHandlerTest" classname="Tests.Unit.Protocol.JsonRpcHandlerTest" assertions="0" time="0.000000">
            <error type="Exception">Tests\Unit\Protocol\JsonRpcHandlerTest::test_is_notification with data set "notification with params"
Exception: The /var/www/html/vendor/orchestra/testbench-core/laravel/bootstrap/cache directory must be present and writable.

/var/www/html/vendor/laravel/framework/src/Illuminate/Foundation/PackageManifest.php:179
/var/www/html/vendor/orchestra/testbench-core/src/Foundation/PackageManifest.php:157
/var/www/html/vendor/laravel/framework/src/Illuminate/Foundation/PackageManifest.php:132
/var/www/html/vendor/laravel/framework/src/Illuminate/Foundation/PackageManifest.php:108
/var/www/html/vendor/orchestra/testbench-core/src/Foundation/PackageManifest.php:102
/var/www/html/vendor/laravel/framework/src/Illuminate/Foundation/PackageManifest.php:91
/var/www/html/vendor/laravel/framework/src/Illuminate/Foundation/PackageManifest.php:80
/var/www/html/vendor/laravel/framework/src/Illuminate/Foundation/Bootstrap/RegisterFacades.php:26
/var/www/html/vendor/orchestra/testbench-core/src/Concerns/CreatesApplication.php:556
/var/www/html/vendor/orchestra/testbench-core/src/Concerns/CreatesApplication.php:311
/var/www/html/vendor/orchestra/testbench-core/src/TestCase.php:121
/var/www/html/vendor/orchestra/testbench-core/src/Concerns/ApplicationTestingHooks.php:74
/var/www/html/vendor/orchestra/testbench-core/src/Concerns/Testing.php:43
/var/www/html/vendor/laravel/framework/src/Illuminate/Collections/helpers.php:236
/var/www/html/vendor/orchestra/sidekick/src/functions.php:87
/var/www/html/vendor/laravel/framework/src/Illuminate/Collections/helpers.php:236
/var/www/html/vendor/orchestra/testbench-core/src/Concerns/Testing.php:57
/var/www/html/vendor/orchestra/testbench-core/src/TestCase.php:50
/var/www/html/tests/Unit/Protocol/JsonRpcHandlerTest.php:23</error>
          </testcase>
          <testcase name="test_is_notification with data set &quot;request (has id)&quot;" file="/var/www/html/tests/Unit/Protocol/JsonRpcHandlerTest.php" line="773" class="Tests\Unit\Protocol\JsonRpcHandlerTest" classname="Tests.Unit.Protocol.JsonRpcHandlerTest" assertions="0" time="0.000000">
            <error type="Exception">Tests\Unit\Protocol\JsonRpcHandlerTest::test_is_notification with data set "request (has id)"
Exception: The /var/www/html/vendor/orchestra/testbench-core/laravel/bootstrap/cache directory must be present and writable.

/var/www/html/vendor/laravel/framework/src/Illuminate/Foundation/PackageManifest.php:179
/var/www/html/vendor/orchestra/testbench-core/src/Foundation/PackageManifest.php:157
/var/www/html/vendor/laravel/framework/src/Illuminate/Foundation/PackageManifest.php:132
/var/www/html/vendor/laravel/framework/src/Illuminate/Foundation/PackageManifest.php:108
/var/www/html/vendor/orchestra/testbench-core/src/Foundation/PackageManifest.php:102
/var/www/html/vendor/laravel/framework/src/Illuminate/Foundation/PackageManifest.php:91
/var/www/html/vendor/laravel/framework/src/Illuminate/Foundation/PackageManifest.php:80
/var/www/html/vendor/laravel/framework/src/Illuminate/Foundation/Bootstrap/RegisterFacades.php:26
/var/www/html/vendor/orchestra/testbench-core/src/Concerns/CreatesApplication.php:556
/var/www/html/vendor/orchestra/testbench-core/src/Concerns/CreatesApplication.php:311
/var/www/html/vendor/orchestra/testbench-core/src/TestCase.php:121
/var/www/html/vendor/orchestra/testbench-core/src/Concerns/ApplicationTestingHooks.php:74
/var/www/html/vendor/orchestra/testbench-core/src/Concerns/Testing.php:43
/var/www/html/vendor/laravel/framework/src/Illuminate/Collections/helpers.php:236
/var/www/html/vendor/orchestra/sidekick/src/functions.php:87
/var/www/html/vendor/laravel/framework/src/Illuminate/Collections/helpers.php:236
/var/www/html/vendor/orchestra/testbench-core/src/Concerns/Testing.php:57
/var/www/html/vendor/orchestra/testbench-core/src/TestCase.php:50
/var/www/html/tests/Unit/Protocol/JsonRpcHandlerTest.php:23</error>
          </testcase>
          <testcase name="test_is_notification with data set &quot;missing method&quot;" file="/var/www/html/tests/Unit/Protocol/JsonRpcHandlerTest.php" line="773" class="Tests\Unit\Protocol\JsonRpcHandlerTest" classname="Tests.Unit.Protocol.JsonRpcHandlerTest" assertions="0" time="0.000000">
            <error type="Exception">Tests\Unit\Protocol\JsonRpcHandlerTest::test_is_notification with data set "missing method"
Exception: The /var/www/html/vendor/orchestra/testbench-core/laravel/bootstrap/cache directory must be present and writable.

/var/www/html/vendor/laravel/framework/src/Illuminate/Foundation/PackageManifest.php:179
/var/www/html/vendor/orchestra/testbench-core/src/Foundation/PackageManifest.php:157
/var/www/html/vendor/laravel/framework/src/Illuminate/Foundation/PackageManifest.php:132
/var/www/html/vendor/laravel/framework/src/Illuminate/Foundation/PackageManifest.php:108
/var/www/html/vendor/orchestra/testbench-core/src/Foundation/PackageManifest.php:102
/var/www/html/vendor/laravel/framework/src/Illuminate/Foundation/PackageManifest.php:91
/var/www/html/vendor/laravel/framework/src/Illuminate/Foundation/PackageManifest.php:80
/var/www/html/vendor/laravel/framework/src/Illuminate/Foundation/Bootstrap/RegisterFacades.php:26
/var/www/html/vendor/orchestra/testbench-core/src/Concerns/CreatesApplication.php:556
/var/www/html/vendor/orchestra/testbench-core/src/Concerns/CreatesApplication.php:311
/var/www/html/vendor/orchestra/testbench-core/src/TestCase.php:121
/var/www/html/vendor/orchestra/testbench-core/src/Concerns/ApplicationTestingHooks.php:74
/var/www/html/vendor/orchestra/testbench-core/src/Concerns/Testing.php:43
/var/www/html/vendor/laravel/framework/src/Illuminate/Collections/helpers.php:236
/var/www/html/vendor/orchestra/sidekick/src/functions.php:87
/var/www/html/vendor/laravel/framework/src/Illuminate/Collections/helpers.php:236
/var/www/html/vendor/orchestra/testbench-core/src/Concerns/Testing.php:57
/var/www/html/vendor/orchestra/testbench-core/src/TestCase.php:50
/var/www/html/tests/Unit/Protocol/JsonRpcHandlerTest.php:23</error>
          </testcase>
          <testcase name="test_is_notification with data set &quot;empty method&quot;" file="/var/www/html/tests/Unit/Protocol/JsonRpcHandlerTest.php" line="773" class="Tests\Unit\Protocol\JsonRpcHandlerTest" classname="Tests.Unit.Protocol.JsonRpcHandlerTest" assertions="0" time="0.000000">
            <error type="Exception">Tests\Unit\Protocol\JsonRpcHandlerTest::test_is_notification with data set "empty method"
Exception: The /var/www/html/vendor/orchestra/testbench-core/laravel/bootstrap/cache directory must be present and writable.

/var/www/html/vendor/laravel/framework/src/Illuminate/Foundation/PackageManifest.php:179
/var/www/html/vendor/orchestra/testbench-core/src/Foundation/PackageManifest.php:157
/var/www/html/vendor/laravel/framework/src/Illuminate/Foundation/PackageManifest.php:132
/var/www/html/vendor/laravel/framework/src/Illuminate/Foundation/PackageManifest.php:108
/var/www/html/vendor/orchestra/testbench-core/src/Foundation/PackageManifest.php:102
/var/www/html/vendor/laravel/framework/src/Illuminate/Foundation/PackageManifest.php:91
/var/www/html/vendor/laravel/framework/src/Illuminate/Foundation/PackageManifest.php:80
/var/www/html/vendor/laravel/framework/src/Illuminate/Foundation/Bootstrap/RegisterFacades.php:26
/var/www/html/vendor/orchestra/testbench-core/src/Concerns/CreatesApplication.php:556
/var/www/html/vendor/orchestra/testbench-core/src/Concerns/CreatesApplication.php:311
/var/www/html/vendor/orchestra/testbench-core/src/TestCase.php:121
/var/www/html/vendor/orchestra/testbench-core/src/Concerns/ApplicationTestingHooks.php:74
/var/www/html/vendor/orchestra/testbench-core/src/Concerns/Testing.php:43
/var/www/html/vendor/laravel/framework/src/Illuminate/Collections/helpers.php:236
/var/www/html/vendor/orchestra/sidekick/src/functions.php:87
/var/www/html/vendor/laravel/framework/src/Illuminate/Collections/helpers.php:236
/var/www/html/vendor/orchestra/testbench-core/src/Concerns/Testing.php:57
/var/www/html/vendor/orchestra/testbench-core/src/TestCase.php:50
/var/www/html/tests/Unit/Protocol/JsonRpcHandlerTest.php:23</error>
          </testcase>
          <testcase name="test_is_notification with data set &quot;non-string method&quot;" file="/var/www/html/tests/Unit/Protocol/JsonRpcHandlerTest.php" line="773" class="Tests\Unit\Protocol\JsonRpcHandlerTest" classname="Tests.Unit.Protocol.JsonRpcHandlerTest" assertions="0" time="0.000000">
            <error type="Exception">Tests\Unit\Protocol\JsonRpcHandlerTest::test_is_notification with data set "non-string method"
Exception: The /var/www/html/vendor/orchestra/testbench-core/laravel/bootstrap/cache directory must be present and writable.

/var/www/html/vendor/laravel/framework/src/Illuminate/Foundation/PackageManifest.php:179
/var/www/html/vendor/orchestra/testbench-core/src/Foundation/PackageManifest.php:157
/var/www/html/vendor/laravel/framework/src/Illuminate/Foundation/PackageManifest.php:132
/var/www/html/vendor/laravel/framework/src/Illuminate/Foundation/PackageManifest.php:108
/var/www/html/vendor/orchestra/testbench-core/src/Foundation/PackageManifest.php:102
/var/www/html/vendor/laravel/framework/src/Illuminate/Foundation/PackageManifest.php:91
/var/www/html/vendor/laravel/framework/src/Illuminate/Foundation/PackageManifest.php:80
/var/www/html/vendor/laravel/framework/src/Illuminate/Foundation/Bootstrap/RegisterFacades.php:26
/var/www/html/vendor/orchestra/testbench-core/src/Concerns/CreatesApplication.php:556
/var/www/html/vendor/orchestra/testbench-core/src/Concerns/CreatesApplication.php:311
/var/www/html/vendor/orchestra/testbench-core/src/TestCase.php:121
/var/www/html/vendor/orchestra/testbench-core/src/Concerns/ApplicationTestingHooks.php:74
/var/www/html/vendor/orchestra/testbench-core/src/Concerns/Testing.php:43
/var/www/html/vendor/laravel/framework/src/Illuminate/Collections/helpers.php:236
/var/www/html/vendor/orchestra/sidekick/src/functions.php:87
/var/www/html/vendor/laravel/framework/src/Illuminate/Collections/helpers.php:236
/var/www/html/vendor/orchestra/testbench-core/src/Concerns/Testing.php:57
/var/www/html/vendor/orchestra/testbench-core/src/TestCase.php:50
/var/www/html/tests/Unit/Protocol/JsonRpcHandlerTest.php:23</error>
          </testcase>
          <testcase name="test_is_notification with data set &quot;wrong jsonrpc version&quot;" file="/var/www/html/tests/Unit/Protocol/JsonRpcHandlerTest.php" line="773" class="Tests\Unit\Protocol\JsonRpcHandlerTest" classname="Tests.Unit.Protocol.JsonRpcHandlerTest" assertions="0" time="0.000000">
            <error type="Exception">Tests\Unit\Protocol\JsonRpcHandlerTest::test_is_notification with data set "wrong jsonrpc version"
Exception: The /var/www/html/vendor/orchestra/testbench-core/laravel/bootstrap/cache directory must be present and writable.

/var/www/html/vendor/laravel/framework/src/Illuminate/Foundation/PackageManifest.php:179
/var/www/html/vendor/orchestra/testbench-core/src/Foundation/PackageManifest.php:157
/var/www/html/vendor/laravel/framework/src/Illuminate/Foundation/PackageManifest.php:132
/var/www/html/vendor/laravel/framework/src/Illuminate/Foundation/PackageManifest.php:108
/var/www/html/vendor/orchestra/testbench-core/src/Foundation/PackageManifest.php:102
/var/www/html/vendor/laravel/framework/src/Illuminate/Foundation/PackageManifest.php:91
/var/www/html/vendor/laravel/framework/src/Illuminate/Foundation/PackageManifest.php:80
/var/www/html/vendor/laravel/framework/src/Illuminate/Foundation/Bootstrap/RegisterFacades.php:26
/var/www/html/vendor/orchestra/testbench-core/src/Concerns/CreatesApplication.php:556
/var/www/html/vendor/orchestra/testbench-core/src/Concerns/CreatesApplication.php:311
/var/www/html/vendor/orchestra/testbench-core/src/TestCase.php:121
/var/www/html/vendor/orchestra/testbench-core/src/Concerns/ApplicationTestingHooks.php:74
/var/www/html/vendor/orchestra/testbench-core/src/Concerns/Testing.php:43
/var/www/html/vendor/laravel/framework/src/Illuminate/Collections/helpers.php:236
/var/www/html/vendor/orchestra/sidekick/src/functions.php:87
/var/www/html/vendor/laravel/framework/src/Illuminate/Collections/helpers.php:236
/var/www/html/vendor/orchestra/testbench-core/src/Concerns/Testing.php:57
/var/www/html/vendor/orchestra/testbench-core/src/TestCase.php:50
/var/www/html/tests/Unit/Protocol/JsonRpcHandlerTest.php:23</error>
          </testcase>
          <testcase name="test_is_notification with data set &quot;missing jsonrpc&quot;" file="/var/www/html/tests/Unit/Protocol/JsonRpcHandlerTest.php" line="773" class="Tests\Unit\Protocol\JsonRpcHandlerTest" classname="Tests.Unit.Protocol.JsonRpcHandlerTest" assertions="0" time="0.000000">
            <error type="Exception">Tests\Unit\Protocol\JsonRpcHandlerTest::test_is_notification with data set "missing jsonrpc"
Exception: The /var/www/html/vendor/orchestra/testbench-core/laravel/bootstrap/cache directory must be present and writable.

/var/www/html/vendor/laravel/framework/src/Illuminate/Foundation/PackageManifest.php:179
/var/www/html/vendor/orchestra/testbench-core/src/Foundation/PackageManifest.php:157
/var/www/html/vendor/laravel/framework/src/Illuminate/Foundation/PackageManifest.php:132
/var/www/html/vendor/laravel/framework/src/Illuminate/Foundation/PackageManifest.php:108
/var/www/html/vendor/orchestra/testbench-core/src/Foundation/PackageManifest.php:102
/var/www/html/vendor/laravel/framework/src/Illuminate/Foundation/PackageManifest.php:91
/var/www/html/vendor/laravel/framework/src/Illuminate/Foundation/PackageManifest.php:80
/var/www/html/vendor/laravel/framework/src/Illuminate/Foundation/Bootstrap/RegisterFacades.php:26
/var/www/html/vendor/orchestra/testbench-core/src/Concerns/CreatesApplication.php:556
/var/www/html/vendor/orchestra/testbench-core/src/Concerns/CreatesApplication.php:311
/var/www/html/vendor/orchestra/testbench-core/src/TestCase.php:121
/var/www/html/vendor/orchestra/testbench-core/src/Concerns/ApplicationTestingHooks.php:74
/var/www/html/vendor/orchestra/testbench-core/src/Concerns/Testing.php:43
/var/www/html/vendor/laravel/framework/src/Illuminate/Collections/helpers.php:236
/var/www/html/vendor/orchestra/sidekick/src/functions.php:87
/var/www/html/vendor/laravel/framework/src/Illuminate/Collections/helpers.php:236
/var/www/html/vendor/orchestra/testbench-core/src/Concerns/Testing.php:57
/var/www/html/vendor/orchestra/testbench-core/src/TestCase.php:50
/var/www/html/tests/Unit/Protocol/JsonRpcHandlerTest.php:23</error>
          </testcase>
        </testsuite>
        <testsuite name="Tests\Unit\Protocol\JsonRpcHandlerTest::test_is_response" tests="8" assertions="0" errors="8" failures="0" skipped="0" time="0.000000">
          <testcase name="test_is_response with data set &quot;success response&quot;" file="/var/www/html/tests/Unit/Protocol/JsonRpcHandlerTest.php" line="800" class="Tests\Unit\Protocol\JsonRpcHandlerTest" classname="Tests.Unit.Protocol.JsonRpcHandlerTest" assertions="0" time="0.000000">
            <error type="Exception">Tests\Unit\Protocol\JsonRpcHandlerTest::test_is_response with data set "success response"
Exception: The /var/www/html/vendor/orchestra/testbench-core/laravel/bootstrap/cache directory must be present and writable.

/var/www/html/vendor/laravel/framework/src/Illuminate/Foundation/PackageManifest.php:179
/var/www/html/vendor/orchestra/testbench-core/src/Foundation/PackageManifest.php:157
/var/www/html/vendor/laravel/framework/src/Illuminate/Foundation/PackageManifest.php:132
/var/www/html/vendor/laravel/framework/src/Illuminate/Foundation/PackageManifest.php:108
/var/www/html/vendor/orchestra/testbench-core/src/Foundation/PackageManifest.php:102
/var/www/html/vendor/laravel/framework/src/Illuminate/Foundation/PackageManifest.php:91
/var/www/html/vendor/laravel/framework/src/Illuminate/Foundation/PackageManifest.php:80
/var/www/html/vendor/laravel/framework/src/Illuminate/Foundation/Bootstrap/RegisterFacades.php:26
/var/www/html/vendor/orchestra/testbench-core/src/Concerns/CreatesApplication.php:556
/var/www/html/vendor/orchestra/testbench-core/src/Concerns/CreatesApplication.php:311
/var/www/html/vendor/orchestra/testbench-core/src/TestCase.php:121
/var/www/html/vendor/orchestra/testbench-core/src/Concerns/ApplicationTestingHooks.php:74
/var/www/html/vendor/orchestra/testbench-core/src/Concerns/Testing.php:43
/var/www/html/vendor/laravel/framework/src/Illuminate/Collections/helpers.php:236
/var/www/html/vendor/orchestra/sidekick/src/functions.php:87
/var/www/html/vendor/laravel/framework/src/Illuminate/Collections/helpers.php:236
/var/www/html/vendor/orchestra/testbench-core/src/Concerns/Testing.php:57
/var/www/html/vendor/orchestra/testbench-core/src/TestCase.php:50
/var/www/html/tests/Unit/Protocol/JsonRpcHandlerTest.php:23</error>
          </testcase>
          <testcase name="test_is_response with data set &quot;error response&quot;" file="/var/www/html/tests/Unit/Protocol/JsonRpcHandlerTest.php" line="800" class="Tests\Unit\Protocol\JsonRpcHandlerTest" classname="Tests.Unit.Protocol.JsonRpcHandlerTest" assertions="0" time="0.000000">
            <error type="Exception">Tests\Unit\Protocol\JsonRpcHandlerTest::test_is_response with data set "error response"
Exception: The /var/www/html/vendor/orchestra/testbench-core/laravel/bootstrap/cache directory must be present and writable.

/var/www/html/vendor/laravel/framework/src/Illuminate/Foundation/PackageManifest.php:179
/var/www/html/vendor/orchestra/testbench-core/src/Foundation/PackageManifest.php:157
/var/www/html/vendor/laravel/framework/src/Illuminate/Foundation/PackageManifest.php:132
/var/www/html/vendor/laravel/framework/src/Illuminate/Foundation/PackageManifest.php:108
/var/www/html/vendor/orchestra/testbench-core/src/Foundation/PackageManifest.php:102
/var/www/html/vendor/laravel/framework/src/Illuminate/Foundation/PackageManifest.php:91
/var/www/html/vendor/laravel/framework/src/Illuminate/Foundation/PackageManifest.php:80
/var/www/html/vendor/laravel/framework/src/Illuminate/Foundation/Bootstrap/RegisterFacades.php:26
/var/www/html/vendor/orchestra/testbench-core/src/Concerns/CreatesApplication.php:556
/var/www/html/vendor/orchestra/testbench-core/src/Concerns/CreatesApplication.php:311
/var/www/html/vendor/orchestra/testbench-core/src/TestCase.php:121
/var/www/html/vendor/orchestra/testbench-core/src/Concerns/ApplicationTestingHooks.php:74
/var/www/html/vendor/orchestra/testbench-core/src/Concerns/Testing.php:43
/var/www/html/vendor/laravel/framework/src/Illuminate/Collections/helpers.php:236
/var/www/html/vendor/orchestra/sidekick/src/functions.php:87
/var/www/html/vendor/laravel/framework/src/Illuminate/Collections/helpers.php:236
/var/www/html/vendor/orchestra/testbench-core/src/Concerns/Testing.php:57
/var/www/html/vendor/orchestra/testbench-core/src/TestCase.php:50
/var/www/html/tests/Unit/Protocol/JsonRpcHandlerTest.php:23</error>
          </testcase>
          <testcase name="test_is_response with data set &quot;both result and error&quot;" file="/var/www/html/tests/Unit/Protocol/JsonRpcHandlerTest.php" line="800" class="Tests\Unit\Protocol\JsonRpcHandlerTest" classname="Tests.Unit.Protocol.JsonRpcHandlerTest" assertions="0" time="0.000000">
            <error type="Exception">Tests\Unit\Protocol\JsonRpcHandlerTest::test_is_response with data set "both result and error"
Exception: The /var/www/html/vendor/orchestra/testbench-core/laravel/bootstrap/cache directory must be present and writable.

/var/www/html/vendor/laravel/framework/src/Illuminate/Foundation/PackageManifest.php:179
/var/www/html/vendor/orchestra/testbench-core/src/Foundation/PackageManifest.php:157
/var/www/html/vendor/laravel/framework/src/Illuminate/Foundation/PackageManifest.php:132
/var/www/html/vendor/laravel/framework/src/Illuminate/Foundation/PackageManifest.php:108
/var/www/html/vendor/orchestra/testbench-core/src/Foundation/PackageManifest.php:102
/var/www/html/vendor/laravel/framework/src/Illuminate/Foundation/PackageManifest.php:91
/var/www/html/vendor/laravel/framework/src/Illuminate/Foundation/PackageManifest.php:80
/var/www/html/vendor/laravel/framework/src/Illuminate/Foundation/Bootstrap/RegisterFacades.php:26
/var/www/html/vendor/orchestra/testbench-core/src/Concerns/CreatesApplication.php:556
/var/www/html/vendor/orchestra/testbench-core/src/Concerns/CreatesApplication.php:311
/var/www/html/vendor/orchestra/testbench-core/src/TestCase.php:121
/var/www/html/vendor/orchestra/testbench-core/src/Concerns/ApplicationTestingHooks.php:74
/var/www/html/vendor/orchestra/testbench-core/src/Concerns/Testing.php:43
/var/www/html/vendor/laravel/framework/src/Illuminate/Collections/helpers.php:236
/var/www/html/vendor/orchestra/sidekick/src/functions.php:87
/var/www/html/vendor/laravel/framework/src/Illuminate/Collections/helpers.php:236
/var/www/html/vendor/orchestra/testbench-core/src/Concerns/Testing.php:57
/var/www/html/vendor/orchestra/testbench-core/src/TestCase.php:50
/var/www/html/tests/Unit/Protocol/JsonRpcHandlerTest.php:23</error>
          </testcase>
          <testcase name="test_is_response with data set &quot;missing result and error&quot;" file="/var/www/html/tests/Unit/Protocol/JsonRpcHandlerTest.php" line="800" class="Tests\Unit\Protocol\JsonRpcHandlerTest" classname="Tests.Unit.Protocol.JsonRpcHandlerTest" assertions="0" time="0.000000">
            <error type="Exception">Tests\Unit\Protocol\JsonRpcHandlerTest::test_is_response with data set "missing result and error"
Exception: The /var/www/html/vendor/orchestra/testbench-core/laravel/bootstrap/cache directory must be present and writable.

/var/www/html/vendor/laravel/framework/src/Illuminate/Foundation/PackageManifest.php:179
/var/www/html/vendor/orchestra/testbench-core/src/Foundation/PackageManifest.php:157
/var/www/html/vendor/laravel/framework/src/Illuminate/Foundation/PackageManifest.php:132
/var/www/html/vendor/laravel/framework/src/Illuminate/Foundation/PackageManifest.php:108
/var/www/html/vendor/orchestra/testbench-core/src/Foundation/PackageManifest.php:102
/var/www/html/vendor/laravel/framework/src/Illuminate/Foundation/PackageManifest.php:91
/var/www/html/vendor/laravel/framework/src/Illuminate/Foundation/PackageManifest.php:80
/var/www/html/vendor/laravel/framework/src/Illuminate/Foundation/Bootstrap/RegisterFacades.php:26
/var/www/html/vendor/orchestra/testbench-core/src/Concerns/CreatesApplication.php:556
/var/www/html/vendor/orchestra/testbench-core/src/Concerns/CreatesApplication.php:311
/var/www/html/vendor/orchestra/testbench-core/src/TestCase.php:121
/var/www/html/vendor/orchestra/testbench-core/src/Concerns/ApplicationTestingHooks.php:74
/var/www/html/vendor/orchestra/testbench-core/src/Concerns/Testing.php:43
/var/www/html/vendor/laravel/framework/src/Illuminate/Collections/helpers.php:236
/var/www/html/vendor/orchestra/sidekick/src/functions.php:87
/var/www/html/vendor/laravel/framework/src/Illuminate/Collections/helpers.php:236
/var/www/html/vendor/orchestra/testbench-core/src/Concerns/Testing.php:57
/var/www/html/vendor/orchestra/testbench-core/src/TestCase.php:50
/var/www/html/tests/Unit/Protocol/JsonRpcHandlerTest.php:23</error>
          </testcase>
          <testcase name="test_is_response with data set &quot;missing id&quot;" file="/var/www/html/tests/Unit/Protocol/JsonRpcHandlerTest.php" line="800" class="Tests\Unit\Protocol\JsonRpcHandlerTest" classname="Tests.Unit.Protocol.JsonRpcHandlerTest" assertions="0" time="0.000000">
            <error type="Exception">Tests\Unit\Protocol\JsonRpcHandlerTest::test_is_response with data set "missing id"
Exception: The /var/www/html/vendor/orchestra/testbench-core/laravel/bootstrap/cache directory must be present and writable.

/var/www/html/vendor/laravel/framework/src/Illuminate/Foundation/PackageManifest.php:179
/var/www/html/vendor/orchestra/testbench-core/src/Foundation/PackageManifest.php:157
/var/www/html/vendor/laravel/framework/src/Illuminate/Foundation/PackageManifest.php:132
/var/www/html/vendor/laravel/framework/src/Illuminate/Foundation/PackageManifest.php:108
/var/www/html/vendor/orchestra/testbench-core/src/Foundation/PackageManifest.php:102
/var/www/html/vendor/laravel/framework/src/Illuminate/Foundation/PackageManifest.php:91
/var/www/html/vendor/laravel/framework/src/Illuminate/Foundation/PackageManifest.php:80
/var/www/html/vendor/laravel/framework/src/Illuminate/Foundation/Bootstrap/RegisterFacades.php:26
/var/www/html/vendor/orchestra/testbench-core/src/Concerns/CreatesApplication.php:556
/var/www/html/vendor/orchestra/testbench-core/src/Concerns/CreatesApplication.php:311
/var/www/html/vendor/orchestra/testbench-core/src/TestCase.php:121
/var/www/html/vendor/orchestra/testbench-core/src/Concerns/ApplicationTestingHooks.php:74
/var/www/html/vendor/orchestra/testbench-core/src/Concerns/Testing.php:43
/var/www/html/vendor/laravel/framework/src/Illuminate/Collections/helpers.php:236
/var/www/html/vendor/orchestra/sidekick/src/functions.php:87
/var/www/html/vendor/laravel/framework/src/Illuminate/Collections/helpers.php:236
/var/www/html/vendor/orchestra/testbench-core/src/Concerns/Testing.php:57
/var/www/html/vendor/orchestra/testbench-core/src/TestCase.php:50
/var/www/html/tests/Unit/Protocol/JsonRpcHandlerTest.php:23</error>
          </testcase>
          <testcase name="test_is_response with data set &quot;wrong jsonrpc version&quot;" file="/var/www/html/tests/Unit/Protocol/JsonRpcHandlerTest.php" line="800" class="Tests\Unit\Protocol\JsonRpcHandlerTest" classname="Tests.Unit.Protocol.JsonRpcHandlerTest" assertions="0" time="0.000000">
            <error type="Exception">Tests\Unit\Protocol\JsonRpcHandlerTest::test_is_response with data set "wrong jsonrpc version"
Exception: The /var/www/html/vendor/orchestra/testbench-core/laravel/bootstrap/cache directory must be present and writable.

/var/www/html/vendor/laravel/framework/src/Illuminate/Foundation/PackageManifest.php:179
/var/www/html/vendor/orchestra/testbench-core/src/Foundation/PackageManifest.php:157
/var/www/html/vendor/laravel/framework/src/Illuminate/Foundation/PackageManifest.php:132
/var/www/html/vendor/laravel/framework/src/Illuminate/Foundation/PackageManifest.php:108
/var/www/html/vendor/orchestra/testbench-core/src/Foundation/PackageManifest.php:102
/var/www/html/vendor/laravel/framework/src/Illuminate/Foundation/PackageManifest.php:91
/var/www/html/vendor/laravel/framework/src/Illuminate/Foundation/PackageManifest.php:80
/var/www/html/vendor/laravel/framework/src/Illuminate/Foundation/Bootstrap/RegisterFacades.php:26
/var/www/html/vendor/orchestra/testbench-core/src/Concerns/CreatesApplication.php:556
/var/www/html/vendor/orchestra/testbench-core/src/Concerns/CreatesApplication.php:311
/var/www/html/vendor/orchestra/testbench-core/src/TestCase.php:121
/var/www/html/vendor/orchestra/testbench-core/src/Concerns/ApplicationTestingHooks.php:74
/var/www/html/vendor/orchestra/testbench-core/src/Concerns/Testing.php:43
/var/www/html/vendor/laravel/framework/src/Illuminate/Collections/helpers.php:236
/var/www/html/vendor/orchestra/sidekick/src/functions.php:87
/var/www/html/vendor/laravel/framework/src/Illuminate/Collections/helpers.php:236
/var/www/html/vendor/orchestra/testbench-core/src/Concerns/Testing.php:57
/var/www/html/vendor/orchestra/testbench-core/src/TestCase.php:50
/var/www/html/tests/Unit/Protocol/JsonRpcHandlerTest.php:23</error>
          </testcase>
          <testcase name="test_is_response with data set &quot;missing jsonrpc&quot;" file="/var/www/html/tests/Unit/Protocol/JsonRpcHandlerTest.php" line="800" class="Tests\Unit\Protocol\JsonRpcHandlerTest" classname="Tests.Unit.Protocol.JsonRpcHandlerTest" assertions="0" time="0.000000">
            <error type="Exception">Tests\Unit\Protocol\JsonRpcHandlerTest::test_is_response with data set "missing jsonrpc"
Exception: The /var/www/html/vendor/orchestra/testbench-core/laravel/bootstrap/cache directory must be present and writable.

/var/www/html/vendor/laravel/framework/src/Illuminate/Foundation/PackageManifest.php:179
/var/www/html/vendor/orchestra/testbench-core/src/Foundation/PackageManifest.php:157
/var/www/html/vendor/laravel/framework/src/Illuminate/Foundation/PackageManifest.php:132
/var/www/html/vendor/laravel/framework/src/Illuminate/Foundation/PackageManifest.php:108
/var/www/html/vendor/orchestra/testbench-core/src/Foundation/PackageManifest.php:102
/var/www/html/vendor/laravel/framework/src/Illuminate/Foundation/PackageManifest.php:91
/var/www/html/vendor/laravel/framework/src/Illuminate/Foundation/PackageManifest.php:80
/var/www/html/vendor/laravel/framework/src/Illuminate/Foundation/Bootstrap/RegisterFacades.php:26
/var/www/html/vendor/orchestra/testbench-core/src/Concerns/CreatesApplication.php:556
/var/www/html/vendor/orchestra/testbench-core/src/Concerns/CreatesApplication.php:311
/var/www/html/vendor/orchestra/testbench-core/src/TestCase.php:121
/var/www/html/vendor/orchestra/testbench-core/src/Concerns/ApplicationTestingHooks.php:74
/var/www/html/vendor/orchestra/testbench-core/src/Concerns/Testing.php:43
/var/www/html/vendor/laravel/framework/src/Illuminate/Collections/helpers.php:236
/var/www/html/vendor/orchestra/sidekick/src/functions.php:87
/var/www/html/vendor/laravel/framework/src/Illuminate/Collections/helpers.php:236
/var/www/html/vendor/orchestra/testbench-core/src/Concerns/Testing.php:57
/var/www/html/vendor/orchestra/testbench-core/src/TestCase.php:50
/var/www/html/tests/Unit/Protocol/JsonRpcHandlerTest.php:23</error>
          </testcase>
          <testcase name="test_is_response with data set &quot;request with method&quot;" file="/var/www/html/tests/Unit/Protocol/JsonRpcHandlerTest.php" line="800" class="Tests\Unit\Protocol\JsonRpcHandlerTest" classname="Tests.Unit.Protocol.JsonRpcHandlerTest" assertions="0" time="0.000000">
            <error type="Exception">Tests\Unit\Protocol\JsonRpcHandlerTest::test_is_response with data set "request with method"
Exception: The /var/www/html/vendor/orchestra/testbench-core/laravel/bootstrap/cache directory must be present and writable.

/var/www/html/vendor/laravel/framework/src/Illuminate/Foundation/PackageManifest.php:179
/var/www/html/vendor/orchestra/testbench-core/src/Foundation/PackageManifest.php:157
/var/www/html/vendor/laravel/framework/src/Illuminate/Foundation/PackageManifest.php:132
/var/www/html/vendor/laravel/framework/src/Illuminate/Foundation/PackageManifest.php:108
/var/www/html/vendor/orchestra/testbench-core/src/Foundation/PackageManifest.php:102
/var/www/html/vendor/laravel/framework/src/Illuminate/Foundation/PackageManifest.php:91
/var/www/html/vendor/laravel/framework/src/Illuminate/Foundation/PackageManifest.php:80
/var/www/html/vendor/laravel/framework/src/Illuminate/Foundation/Bootstrap/RegisterFacades.php:26
/var/www/html/vendor/orchestra/testbench-core/src/Concerns/CreatesApplication.php:556
/var/www/html/vendor/orchestra/testbench-core/src/Concerns/CreatesApplication.php:311
/var/www/html/vendor/orchestra/testbench-core/src/TestCase.php:121
/var/www/html/vendor/orchestra/testbench-core/src/Concerns/ApplicationTestingHooks.php:74
/var/www/html/vendor/orchestra/testbench-core/src/Concerns/Testing.php:43
/var/www/html/vendor/laravel/framework/src/Illuminate/Collections/helpers.php:236
/var/www/html/vendor/orchestra/sidekick/src/functions.php:87
/var/www/html/vendor/laravel/framework/src/Illuminate/Collections/helpers.php:236
/var/www/html/vendor/orchestra/testbench-core/src/Concerns/Testing.php:57
/var/www/html/vendor/orchestra/testbench-core/src/TestCase.php:50
/var/www/html/tests/Unit/Protocol/JsonRpcHandlerTest.php:23</error>
          </testcase>
        </testsuite>
      </testsuite>
      <testsuite name="JTD\LaravelMCP\Tests\Unit\Protocol\MessageProcessorTest" file="/var/www/html/tests/Unit/Protocol/MessageProcessorTest.php" tests="49" assertions="0" errors="49" failures="0" skipped="0" time="0.000000">
        <testcase name="constructor_initializes_handlers_and_capabilities" file="/var/www/html/tests/Unit/Protocol/MessageProcessorTest.php" line="92" class="JTD\LaravelMCP\Tests\Unit\Protocol\MessageProcessorTest" classname="JTD.LaravelMCP.Tests.Unit.Protocol.MessageProcessorTest" assertions="0" time="0.000000">
          <error type="Exception">JTD\LaravelMCP\Tests\Unit\Protocol\MessageProcessorTest::constructor_initializes_handlers_and_capabilities
Exception: The /var/www/html/vendor/orchestra/testbench-core/laravel/bootstrap/cache directory must be present and writable.

/var/www/html/vendor/laravel/framework/src/Illuminate/Foundation/PackageManifest.php:179
/var/www/html/vendor/orchestra/testbench-core/src/Foundation/PackageManifest.php:157
/var/www/html/vendor/laravel/framework/src/Illuminate/Foundation/PackageManifest.php:132
/var/www/html/vendor/laravel/framework/src/Illuminate/Foundation/PackageManifest.php:108
/var/www/html/vendor/orchestra/testbench-core/src/Foundation/PackageManifest.php:102
/var/www/html/vendor/laravel/framework/src/Illuminate/Foundation/PackageManifest.php:91
/var/www/html/vendor/laravel/framework/src/Illuminate/Foundation/PackageManifest.php:80
/var/www/html/vendor/laravel/framework/src/Illuminate/Foundation/Bootstrap/RegisterFacades.php:26
/var/www/html/vendor/orchestra/testbench-core/src/Concerns/CreatesApplication.php:556
/var/www/html/vendor/orchestra/testbench-core/src/Concerns/CreatesApplication.php:311
/var/www/html/vendor/orchestra/testbench-core/src/TestCase.php:121
/var/www/html/vendor/orchestra/testbench-core/src/Concerns/ApplicationTestingHooks.php:74
/var/www/html/vendor/orchestra/testbench-core/src/Concerns/Testing.php:43
/var/www/html/vendor/laravel/framework/src/Illuminate/Collections/helpers.php:236
/var/www/html/vendor/orchestra/sidekick/src/functions.php:87
/var/www/html/vendor/laravel/framework/src/Illuminate/Collections/helpers.php:236
/var/www/html/vendor/orchestra/testbench-core/src/Concerns/Testing.php:57
/var/www/html/vendor/orchestra/testbench-core/src/TestCase.php:50
/var/www/html/tests/TestCase.php:61
/var/www/html/tests/Unit/Protocol/MessageProcessorTest.php:61</error>
        </testcase>
        <testcase name="get_supported_message_types_returns_expected_methods" file="/var/www/html/tests/Unit/Protocol/MessageProcessorTest.php" line="102" class="JTD\LaravelMCP\Tests\Unit\Protocol\MessageProcessorTest" classname="JTD.LaravelMCP.Tests.Unit.Protocol.MessageProcessorTest" assertions="0" time="0.000000">
          <error type="Exception">JTD\LaravelMCP\Tests\Unit\Protocol\MessageProcessorTest::get_supported_message_types_returns_expected_methods
Exception: The /var/www/html/vendor/orchestra/testbench-core/laravel/bootstrap/cache directory must be present and writable.

/var/www/html/vendor/laravel/framework/src/Illuminate/Foundation/PackageManifest.php:179
/var/www/html/vendor/orchestra/testbench-core/src/Foundation/PackageManifest.php:157
/var/www/html/vendor/laravel/framework/src/Illuminate/Foundation/PackageManifest.php:132
/var/www/html/vendor/laravel/framework/src/Illuminate/Foundation/PackageManifest.php:108
/var/www/html/vendor/orchestra/testbench-core/src/Foundation/PackageManifest.php:102
/var/www/html/vendor/laravel/framework/src/Illuminate/Foundation/PackageManifest.php:91
/var/www/html/vendor/laravel/framework/src/Illuminate/Foundation/PackageManifest.php:80
/var/www/html/vendor/laravel/framework/src/Illuminate/Foundation/Bootstrap/RegisterFacades.php:26
/var/www/html/vendor/orchestra/testbench-core/src/Concerns/CreatesApplication.php:556
/var/www/html/vendor/orchestra/testbench-core/src/Concerns/CreatesApplication.php:311
/var/www/html/vendor/orchestra/testbench-core/src/TestCase.php:121
/var/www/html/vendor/orchestra/testbench-core/src/Concerns/ApplicationTestingHooks.php:74
/var/www/html/vendor/orchestra/testbench-core/src/Concerns/Testing.php:43
/var/www/html/vendor/laravel/framework/src/Illuminate/Collections/helpers.php:236
/var/www/html/vendor/orchestra/sidekick/src/functions.php:87
/var/www/html/vendor/laravel/framework/src/Illuminate/Collections/helpers.php:236
/var/www/html/vendor/orchestra/testbench-core/src/Concerns/Testing.php:57
/var/www/html/vendor/orchestra/testbench-core/src/TestCase.php:50
/var/www/html/tests/TestCase.php:61
/var/www/html/tests/Unit/Protocol/MessageProcessorTest.php:61</error>
        </testcase>
        <testcase name="can_handle_returns_true_for_valid_json_rpc_messages" file="/var/www/html/tests/Unit/Protocol/MessageProcessorTest.php" line="121" class="JTD\LaravelMCP\Tests\Unit\Protocol\MessageProcessorTest" classname="JTD.LaravelMCP.Tests.Unit.Protocol.MessageProcessorTest" assertions="0" time="0.000000">
          <error type="Exception">JTD\LaravelMCP\Tests\Unit\Protocol\MessageProcessorTest::can_handle_returns_true_for_valid_json_rpc_messages
Exception: The /var/www/html/vendor/orchestra/testbench-core/laravel/bootstrap/cache directory must be present and writable.

/var/www/html/vendor/laravel/framework/src/Illuminate/Foundation/PackageManifest.php:179
/var/www/html/vendor/orchestra/testbench-core/src/Foundation/PackageManifest.php:157
/var/www/html/vendor/laravel/framework/src/Illuminate/Foundation/PackageManifest.php:132
/var/www/html/vendor/laravel/framework/src/Illuminate/Foundation/PackageManifest.php:108
/var/www/html/vendor/orchestra/testbench-core/src/Foundation/PackageManifest.php:102
/var/www/html/vendor/laravel/framework/src/Illuminate/Foundation/PackageManifest.php:91
/var/www/html/vendor/laravel/framework/src/Illuminate/Foundation/PackageManifest.php:80
/var/www/html/vendor/laravel/framework/src/Illuminate/Foundation/Bootstrap/RegisterFacades.php:26
/var/www/html/vendor/orchestra/testbench-core/src/Concerns/CreatesApplication.php:556
/var/www/html/vendor/orchestra/testbench-core/src/Concerns/CreatesApplication.php:311
/var/www/html/vendor/orchestra/testbench-core/src/TestCase.php:121
/var/www/html/vendor/orchestra/testbench-core/src/Concerns/ApplicationTestingHooks.php:74
/var/www/html/vendor/orchestra/testbench-core/src/Concerns/Testing.php:43
/var/www/html/vendor/laravel/framework/src/Illuminate/Collections/helpers.php:236
/var/www/html/vendor/orchestra/sidekick/src/functions.php:87
/var/www/html/vendor/laravel/framework/src/Illuminate/Collections/helpers.php:236
/var/www/html/vendor/orchestra/testbench-core/src/Concerns/Testing.php:57
/var/www/html/vendor/orchestra/testbench-core/src/TestCase.php:50
/var/www/html/tests/TestCase.php:61
/var/www/html/tests/Unit/Protocol/MessageProcessorTest.php:61</error>
        </testcase>
        <testcase name="can_handle_returns_false_for_invalid_messages" file="/var/www/html/tests/Unit/Protocol/MessageProcessorTest.php" line="135" class="JTD\LaravelMCP\Tests\Unit\Protocol\MessageProcessorTest" classname="JTD.LaravelMCP.Tests.Unit.Protocol.MessageProcessorTest" assertions="0" time="0.000000">
          <error type="Exception">JTD\LaravelMCP\Tests\Unit\Protocol\MessageProcessorTest::can_handle_returns_false_for_invalid_messages
Exception: The /var/www/html/vendor/orchestra/testbench-core/laravel/bootstrap/cache directory must be present and writable.

/var/www/html/vendor/laravel/framework/src/Illuminate/Foundation/PackageManifest.php:179
/var/www/html/vendor/orchestra/testbench-core/src/Foundation/PackageManifest.php:157
/var/www/html/vendor/laravel/framework/src/Illuminate/Foundation/PackageManifest.php:132
/var/www/html/vendor/laravel/framework/src/Illuminate/Foundation/PackageManifest.php:108
/var/www/html/vendor/orchestra/testbench-core/src/Foundation/PackageManifest.php:102
/var/www/html/vendor/laravel/framework/src/Illuminate/Foundation/PackageManifest.php:91
/var/www/html/vendor/laravel/framework/src/Illuminate/Foundation/PackageManifest.php:80
/var/www/html/vendor/laravel/framework/src/Illuminate/Foundation/Bootstrap/RegisterFacades.php:26
/var/www/html/vendor/orchestra/testbench-core/src/Concerns/CreatesApplication.php:556
/var/www/html/vendor/orchestra/testbench-core/src/Concerns/CreatesApplication.php:311
/var/www/html/vendor/orchestra/testbench-core/src/TestCase.php:121
/var/www/html/vendor/orchestra/testbench-core/src/Concerns/ApplicationTestingHooks.php:74
/var/www/html/vendor/orchestra/testbench-core/src/Concerns/Testing.php:43
/var/www/html/vendor/laravel/framework/src/Illuminate/Collections/helpers.php:236
/var/www/html/vendor/orchestra/sidekick/src/functions.php:87
/var/www/html/vendor/laravel/framework/src/Illuminate/Collections/helpers.php:236
/var/www/html/vendor/orchestra/testbench-core/src/Concerns/Testing.php:57
/var/www/html/vendor/orchestra/testbench-core/src/TestCase.php:50
/var/www/html/tests/TestCase.php:61
/var/www/html/tests/Unit/Protocol/MessageProcessorTest.php:61</error>
        </testcase>
        <testcase name="handle_returns_error_for_invalid_json_rpc_messages" file="/var/www/html/tests/Unit/Protocol/MessageProcessorTest.php" line="149" class="JTD\LaravelMCP\Tests\Unit\Protocol\MessageProcessorTest" classname="JTD.LaravelMCP.Tests.Unit.Protocol.MessageProcessorTest" assertions="0" time="0.000000">
          <error type="Exception">JTD\LaravelMCP\Tests\Unit\Protocol\MessageProcessorTest::handle_returns_error_for_invalid_json_rpc_messages
Exception: The /var/www/html/vendor/orchestra/testbench-core/laravel/bootstrap/cache directory must be present and writable.

/var/www/html/vendor/laravel/framework/src/Illuminate/Foundation/PackageManifest.php:179
/var/www/html/vendor/orchestra/testbench-core/src/Foundation/PackageManifest.php:157
/var/www/html/vendor/laravel/framework/src/Illuminate/Foundation/PackageManifest.php:132
/var/www/html/vendor/laravel/framework/src/Illuminate/Foundation/PackageManifest.php:108
/var/www/html/vendor/orchestra/testbench-core/src/Foundation/PackageManifest.php:102
/var/www/html/vendor/laravel/framework/src/Illuminate/Foundation/PackageManifest.php:91
/var/www/html/vendor/laravel/framework/src/Illuminate/Foundation/PackageManifest.php:80
/var/www/html/vendor/laravel/framework/src/Illuminate/Foundation/Bootstrap/RegisterFacades.php:26
/var/www/html/vendor/orchestra/testbench-core/src/Concerns/CreatesApplication.php:556
/var/www/html/vendor/orchestra/testbench-core/src/Concerns/CreatesApplication.php:311
/var/www/html/vendor/orchestra/testbench-core/src/TestCase.php:121
/var/www/html/vendor/orchestra/testbench-core/src/Concerns/ApplicationTestingHooks.php:74
/var/www/html/vendor/orchestra/testbench-core/src/Concerns/Testing.php:43
/var/www/html/vendor/laravel/framework/src/Illuminate/Collections/helpers.php:236
/var/www/html/vendor/orchestra/sidekick/src/functions.php:87
/var/www/html/vendor/laravel/framework/src/Illuminate/Collections/helpers.php:236
/var/www/html/vendor/orchestra/testbench-core/src/Concerns/Testing.php:57
/var/www/html/vendor/orchestra/testbench-core/src/TestCase.php:50
/var/www/html/tests/TestCase.php:61
/var/www/html/tests/Unit/Protocol/MessageProcessorTest.php:61</error>
        </testcase>
        <testcase name="handle_processes_valid_requests" file="/var/www/html/tests/Unit/Protocol/MessageProcessorTest.php" line="172" class="JTD\LaravelMCP\Tests\Unit\Protocol\MessageProcessorTest" classname="JTD.LaravelMCP.Tests.Unit.Protocol.MessageProcessorTest" assertions="0" time="0.000000">
          <error type="Exception">JTD\LaravelMCP\Tests\Unit\Protocol\MessageProcessorTest::handle_processes_valid_requests
Exception: The /var/www/html/vendor/orchestra/testbench-core/laravel/bootstrap/cache directory must be present and writable.

/var/www/html/vendor/laravel/framework/src/Illuminate/Foundation/PackageManifest.php:179
/var/www/html/vendor/orchestra/testbench-core/src/Foundation/PackageManifest.php:157
/var/www/html/vendor/laravel/framework/src/Illuminate/Foundation/PackageManifest.php:132
/var/www/html/vendor/laravel/framework/src/Illuminate/Foundation/PackageManifest.php:108
/var/www/html/vendor/orchestra/testbench-core/src/Foundation/PackageManifest.php:102
/var/www/html/vendor/laravel/framework/src/Illuminate/Foundation/PackageManifest.php:91
/var/www/html/vendor/laravel/framework/src/Illuminate/Foundation/PackageManifest.php:80
/var/www/html/vendor/laravel/framework/src/Illuminate/Foundation/Bootstrap/RegisterFacades.php:26
/var/www/html/vendor/orchestra/testbench-core/src/Concerns/CreatesApplication.php:556
/var/www/html/vendor/orchestra/testbench-core/src/Concerns/CreatesApplication.php:311
/var/www/html/vendor/orchestra/testbench-core/src/TestCase.php:121
/var/www/html/vendor/orchestra/testbench-core/src/Concerns/ApplicationTestingHooks.php:74
/var/www/html/vendor/orchestra/testbench-core/src/Concerns/Testing.php:43
/var/www/html/vendor/laravel/framework/src/Illuminate/Collections/helpers.php:236
/var/www/html/vendor/orchestra/sidekick/src/functions.php:87
/var/www/html/vendor/laravel/framework/src/Illuminate/Collections/helpers.php:236
/var/www/html/vendor/orchestra/testbench-core/src/Concerns/Testing.php:57
/var/www/html/vendor/orchestra/testbench-core/src/TestCase.php:50
/var/www/html/tests/TestCase.php:61
/var/www/html/tests/Unit/Protocol/MessageProcessorTest.php:61</error>
        </testcase>
        <testcase name="handle_processes_notifications_without_response" file="/var/www/html/tests/Unit/Protocol/MessageProcessorTest.php" line="201" class="JTD\LaravelMCP\Tests\Unit\Protocol\MessageProcessorTest" classname="JTD.LaravelMCP.Tests.Unit.Protocol.MessageProcessorTest" assertions="0" time="0.000000">
          <error type="Exception">JTD\LaravelMCP\Tests\Unit\Protocol\MessageProcessorTest::handle_processes_notifications_without_response
Exception: The /var/www/html/vendor/orchestra/testbench-core/laravel/bootstrap/cache directory must be present and writable.

/var/www/html/vendor/laravel/framework/src/Illuminate/Foundation/PackageManifest.php:179
/var/www/html/vendor/orchestra/testbench-core/src/Foundation/PackageManifest.php:157
/var/www/html/vendor/laravel/framework/src/Illuminate/Foundation/PackageManifest.php:132
/var/www/html/vendor/laravel/framework/src/Illuminate/Foundation/PackageManifest.php:108
/var/www/html/vendor/orchestra/testbench-core/src/Foundation/PackageManifest.php:102
/var/www/html/vendor/laravel/framework/src/Illuminate/Foundation/PackageManifest.php:91
/var/www/html/vendor/laravel/framework/src/Illuminate/Foundation/PackageManifest.php:80
/var/www/html/vendor/laravel/framework/src/Illuminate/Foundation/Bootstrap/RegisterFacades.php:26
/var/www/html/vendor/orchestra/testbench-core/src/Concerns/CreatesApplication.php:556
/var/www/html/vendor/orchestra/testbench-core/src/Concerns/CreatesApplication.php:311
/var/www/html/vendor/orchestra/testbench-core/src/TestCase.php:121
/var/www/html/vendor/orchestra/testbench-core/src/Concerns/ApplicationTestingHooks.php:74
/var/www/html/vendor/orchestra/testbench-core/src/Concerns/Testing.php:43
/var/www/html/vendor/laravel/framework/src/Illuminate/Collections/helpers.php:236
/var/www/html/vendor/orchestra/sidekick/src/functions.php:87
/var/www/html/vendor/laravel/framework/src/Illuminate/Collections/helpers.php:236
/var/www/html/vendor/orchestra/testbench-core/src/Concerns/Testing.php:57
/var/www/html/vendor/orchestra/testbench-core/src/TestCase.php:50
/var/www/html/tests/TestCase.php:61
/var/www/html/tests/Unit/Protocol/MessageProcessorTest.php:61</error>
        </testcase>
        <testcase name="handle_processes_responses_without_response" file="/var/www/html/tests/Unit/Protocol/MessageProcessorTest.php" line="234" class="JTD\LaravelMCP\Tests\Unit\Protocol\MessageProcessorTest" classname="JTD.LaravelMCP.Tests.Unit.Protocol.MessageProcessorTest" assertions="0" time="0.000000">
          <error type="Exception">JTD\LaravelMCP\Tests\Unit\Protocol\MessageProcessorTest::handle_processes_responses_without_response
Exception: The /var/www/html/vendor/orchestra/testbench-core/laravel/bootstrap/cache directory must be present and writable.

/var/www/html/vendor/laravel/framework/src/Illuminate/Foundation/PackageManifest.php:179
/var/www/html/vendor/orchestra/testbench-core/src/Foundation/PackageManifest.php:157
/var/www/html/vendor/laravel/framework/src/Illuminate/Foundation/PackageManifest.php:132
/var/www/html/vendor/laravel/framework/src/Illuminate/Foundation/PackageManifest.php:108
/var/www/html/vendor/orchestra/testbench-core/src/Foundation/PackageManifest.php:102
/var/www/html/vendor/laravel/framework/src/Illuminate/Foundation/PackageManifest.php:91
/var/www/html/vendor/laravel/framework/src/Illuminate/Foundation/PackageManifest.php:80
/var/www/html/vendor/laravel/framework/src/Illuminate/Foundation/Bootstrap/RegisterFacades.php:26
/var/www/html/vendor/orchestra/testbench-core/src/Concerns/CreatesApplication.php:556
/var/www/html/vendor/orchestra/testbench-core/src/Concerns/CreatesApplication.php:311
/var/www/html/vendor/orchestra/testbench-core/src/TestCase.php:121
/var/www/html/vendor/orchestra/testbench-core/src/Concerns/ApplicationTestingHooks.php:74
/var/www/html/vendor/orchestra/testbench-core/src/Concerns/Testing.php:43
/var/www/html/vendor/laravel/framework/src/Illuminate/Collections/helpers.php:236
/var/www/html/vendor/orchestra/sidekick/src/functions.php:87
/var/www/html/vendor/laravel/framework/src/Illuminate/Collections/helpers.php:236
/var/www/html/vendor/orchestra/testbench-core/src/Concerns/Testing.php:57
/var/www/html/vendor/orchestra/testbench-core/src/TestCase.php:50
/var/www/html/tests/TestCase.php:61
/var/www/html/tests/Unit/Protocol/MessageProcessorTest.php:61</error>
        </testcase>
        <testcase name="handle_returns_error_for_unrecognized_message_types" file="/var/www/html/tests/Unit/Protocol/MessageProcessorTest.php" line="273" class="JTD\LaravelMCP\Tests\Unit\Protocol\MessageProcessorTest" classname="JTD.LaravelMCP.Tests.Unit.Protocol.MessageProcessorTest" assertions="0" time="0.000000">
          <error type="Exception">JTD\LaravelMCP\Tests\Unit\Protocol\MessageProcessorTest::handle_returns_error_for_unrecognized_message_types
Exception: The /var/www/html/vendor/orchestra/testbench-core/laravel/bootstrap/cache directory must be present and writable.

/var/www/html/vendor/laravel/framework/src/Illuminate/Foundation/PackageManifest.php:179
/var/www/html/vendor/orchestra/testbench-core/src/Foundation/PackageManifest.php:157
/var/www/html/vendor/laravel/framework/src/Illuminate/Foundation/PackageManifest.php:132
/var/www/html/vendor/laravel/framework/src/Illuminate/Foundation/PackageManifest.php:108
/var/www/html/vendor/orchestra/testbench-core/src/Foundation/PackageManifest.php:102
/var/www/html/vendor/laravel/framework/src/Illuminate/Foundation/PackageManifest.php:91
/var/www/html/vendor/laravel/framework/src/Illuminate/Foundation/PackageManifest.php:80
/var/www/html/vendor/laravel/framework/src/Illuminate/Foundation/Bootstrap/RegisterFacades.php:26
/var/www/html/vendor/orchestra/testbench-core/src/Concerns/CreatesApplication.php:556
/var/www/html/vendor/orchestra/testbench-core/src/Concerns/CreatesApplication.php:311
/var/www/html/vendor/orchestra/testbench-core/src/TestCase.php:121
/var/www/html/vendor/orchestra/testbench-core/src/Concerns/ApplicationTestingHooks.php:74
/var/www/html/vendor/orchestra/testbench-core/src/Concerns/Testing.php:43
/var/www/html/vendor/laravel/framework/src/Illuminate/Collections/helpers.php:236
/var/www/html/vendor/orchestra/sidekick/src/functions.php:87
/var/www/html/vendor/laravel/framework/src/Illuminate/Collections/helpers.php:236
/var/www/html/vendor/orchestra/testbench-core/src/Concerns/Testing.php:57
/var/www/html/vendor/orchestra/testbench-core/src/TestCase.php:50
/var/www/html/tests/TestCase.php:61
/var/www/html/tests/Unit/Protocol/MessageProcessorTest.php:61</error>
        </testcase>
        <testcase name="handle_catches_and_handles_exceptions" file="/var/www/html/tests/Unit/Protocol/MessageProcessorTest.php" line="314" class="JTD\LaravelMCP\Tests\Unit\Protocol\MessageProcessorTest" classname="JTD.LaravelMCP.Tests.Unit.Protocol.MessageProcessorTest" assertions="0" time="0.000000">
          <error type="Exception">JTD\LaravelMCP\Tests\Unit\Protocol\MessageProcessorTest::handle_catches_and_handles_exceptions
Exception: The /var/www/html/vendor/orchestra/testbench-core/laravel/bootstrap/cache directory must be present and writable.

/var/www/html/vendor/laravel/framework/src/Illuminate/Foundation/PackageManifest.php:179
/var/www/html/vendor/orchestra/testbench-core/src/Foundation/PackageManifest.php:157
/var/www/html/vendor/laravel/framework/src/Illuminate/Foundation/PackageManifest.php:132
/var/www/html/vendor/laravel/framework/src/Illuminate/Foundation/PackageManifest.php:108
/var/www/html/vendor/orchestra/testbench-core/src/Foundation/PackageManifest.php:102
/var/www/html/vendor/laravel/framework/src/Illuminate/Foundation/PackageManifest.php:91
/var/www/html/vendor/laravel/framework/src/Illuminate/Foundation/PackageManifest.php:80
/var/www/html/vendor/laravel/framework/src/Illuminate/Foundation/Bootstrap/RegisterFacades.php:26
/var/www/html/vendor/orchestra/testbench-core/src/Concerns/CreatesApplication.php:556
/var/www/html/vendor/orchestra/testbench-core/src/Concerns/CreatesApplication.php:311
/var/www/html/vendor/orchestra/testbench-core/src/TestCase.php:121
/var/www/html/vendor/orchestra/testbench-core/src/Concerns/ApplicationTestingHooks.php:74
/var/www/html/vendor/orchestra/testbench-core/src/Concerns/Testing.php:43
/var/www/html/vendor/laravel/framework/src/Illuminate/Collections/helpers.php:236
/var/www/html/vendor/orchestra/sidekick/src/functions.php:87
/var/www/html/vendor/laravel/framework/src/Illuminate/Collections/helpers.php:236
/var/www/html/vendor/orchestra/testbench-core/src/Concerns/Testing.php:57
/var/www/html/vendor/orchestra/testbench-core/src/TestCase.php:50
/var/www/html/tests/TestCase.php:61
/var/www/html/tests/Unit/Protocol/MessageProcessorTest.php:61</error>
        </testcase>
        <testcase name="handle_error_logs_transport_errors" file="/var/www/html/tests/Unit/Protocol/MessageProcessorTest.php" line="343" class="JTD\LaravelMCP\Tests\Unit\Protocol\MessageProcessorTest" classname="JTD.LaravelMCP.Tests.Unit.Protocol.MessageProcessorTest" assertions="0" time="0.000000">
          <error type="Exception">JTD\LaravelMCP\Tests\Unit\Protocol\MessageProcessorTest::handle_error_logs_transport_errors
Exception: The /var/www/html/vendor/orchestra/testbench-core/laravel/bootstrap/cache directory must be present and writable.

/var/www/html/vendor/laravel/framework/src/Illuminate/Foundation/PackageManifest.php:179
/var/www/html/vendor/orchestra/testbench-core/src/Foundation/PackageManifest.php:157
/var/www/html/vendor/laravel/framework/src/Illuminate/Foundation/PackageManifest.php:132
/var/www/html/vendor/laravel/framework/src/Illuminate/Foundation/PackageManifest.php:108
/var/www/html/vendor/orchestra/testbench-core/src/Foundation/PackageManifest.php:102
/var/www/html/vendor/laravel/framework/src/Illuminate/Foundation/PackageManifest.php:91
/var/www/html/vendor/laravel/framework/src/Illuminate/Foundation/PackageManifest.php:80
/var/www/html/vendor/laravel/framework/src/Illuminate/Foundation/Bootstrap/RegisterFacades.php:26
/var/www/html/vendor/orchestra/testbench-core/src/Concerns/CreatesApplication.php:556
/var/www/html/vendor/orchestra/testbench-core/src/Concerns/CreatesApplication.php:311
/var/www/html/vendor/orchestra/testbench-core/src/TestCase.php:121
/var/www/html/vendor/orchestra/testbench-core/src/Concerns/ApplicationTestingHooks.php:74
/var/www/html/vendor/orchestra/testbench-core/src/Concerns/Testing.php:43
/var/www/html/vendor/laravel/framework/src/Illuminate/Collections/helpers.php:236
/var/www/html/vendor/orchestra/sidekick/src/functions.php:87
/var/www/html/vendor/laravel/framework/src/Illuminate/Collections/helpers.php:236
/var/www/html/vendor/orchestra/testbench-core/src/Concerns/Testing.php:57
/var/www/html/vendor/orchestra/testbench-core/src/TestCase.php:50
/var/www/html/tests/TestCase.php:61
/var/www/html/tests/Unit/Protocol/MessageProcessorTest.php:61</error>
        </testcase>
        <testcase name="on_connect_logs_transport_connection" file="/var/www/html/tests/Unit/Protocol/MessageProcessorTest.php" line="358" class="JTD\LaravelMCP\Tests\Unit\Protocol\MessageProcessorTest" classname="JTD.LaravelMCP.Tests.Unit.Protocol.MessageProcessorTest" assertions="0" time="0.000000">
          <error type="Exception">JTD\LaravelMCP\Tests\Unit\Protocol\MessageProcessorTest::on_connect_logs_transport_connection
Exception: The /var/www/html/vendor/orchestra/testbench-core/laravel/bootstrap/cache directory must be present and writable.

/var/www/html/vendor/laravel/framework/src/Illuminate/Foundation/PackageManifest.php:179
/var/www/html/vendor/orchestra/testbench-core/src/Foundation/PackageManifest.php:157
/var/www/html/vendor/laravel/framework/src/Illuminate/Foundation/PackageManifest.php:132
/var/www/html/vendor/laravel/framework/src/Illuminate/Foundation/PackageManifest.php:108
/var/www/html/vendor/orchestra/testbench-core/src/Foundation/PackageManifest.php:102
/var/www/html/vendor/laravel/framework/src/Illuminate/Foundation/PackageManifest.php:91
/var/www/html/vendor/laravel/framework/src/Illuminate/Foundation/PackageManifest.php:80
/var/www/html/vendor/laravel/framework/src/Illuminate/Foundation/Bootstrap/RegisterFacades.php:26
/var/www/html/vendor/orchestra/testbench-core/src/Concerns/CreatesApplication.php:556
/var/www/html/vendor/orchestra/testbench-core/src/Concerns/CreatesApplication.php:311
/var/www/html/vendor/orchestra/testbench-core/src/TestCase.php:121
/var/www/html/vendor/orchestra/testbench-core/src/Concerns/ApplicationTestingHooks.php:74
/var/www/html/vendor/orchestra/testbench-core/src/Concerns/Testing.php:43
/var/www/html/vendor/laravel/framework/src/Illuminate/Collections/helpers.php:236
/var/www/html/vendor/orchestra/sidekick/src/functions.php:87
/var/www/html/vendor/laravel/framework/src/Illuminate/Collections/helpers.php:236
/var/www/html/vendor/orchestra/testbench-core/src/Concerns/Testing.php:57
/var/www/html/vendor/orchestra/testbench-core/src/TestCase.php:50
/var/www/html/tests/TestCase.php:61
/var/www/html/tests/Unit/Protocol/MessageProcessorTest.php:61</error>
        </testcase>
        <testcase name="on_disconnect_resets_initialization_state" file="/var/www/html/tests/Unit/Protocol/MessageProcessorTest.php" line="372" class="JTD\LaravelMCP\Tests\Unit\Protocol\MessageProcessorTest" classname="JTD.LaravelMCP.Tests.Unit.Protocol.MessageProcessorTest" assertions="0" time="0.000000">
          <error type="Exception">JTD\LaravelMCP\Tests\Unit\Protocol\MessageProcessorTest::on_disconnect_resets_initialization_state
Exception: The /var/www/html/vendor/orchestra/testbench-core/laravel/bootstrap/cache directory must be present and writable.

/var/www/html/vendor/laravel/framework/src/Illuminate/Foundation/PackageManifest.php:179
/var/www/html/vendor/orchestra/testbench-core/src/Foundation/PackageManifest.php:157
/var/www/html/vendor/laravel/framework/src/Illuminate/Foundation/PackageManifest.php:132
/var/www/html/vendor/laravel/framework/src/Illuminate/Foundation/PackageManifest.php:108
/var/www/html/vendor/orchestra/testbench-core/src/Foundation/PackageManifest.php:102
/var/www/html/vendor/laravel/framework/src/Illuminate/Foundation/PackageManifest.php:91
/var/www/html/vendor/laravel/framework/src/Illuminate/Foundation/PackageManifest.php:80
/var/www/html/vendor/laravel/framework/src/Illuminate/Foundation/Bootstrap/RegisterFacades.php:26
/var/www/html/vendor/orchestra/testbench-core/src/Concerns/CreatesApplication.php:556
/var/www/html/vendor/orchestra/testbench-core/src/Concerns/CreatesApplication.php:311
/var/www/html/vendor/orchestra/testbench-core/src/TestCase.php:121
/var/www/html/vendor/orchestra/testbench-core/src/Concerns/ApplicationTestingHooks.php:74
/var/www/html/vendor/orchestra/testbench-core/src/Concerns/Testing.php:43
/var/www/html/vendor/laravel/framework/src/Illuminate/Collections/helpers.php:236
/var/www/html/vendor/orchestra/sidekick/src/functions.php:87
/var/www/html/vendor/laravel/framework/src/Illuminate/Collections/helpers.php:236
/var/www/html/vendor/orchestra/testbench-core/src/Concerns/Testing.php:57
/var/www/html/vendor/orchestra/testbench-core/src/TestCase.php:50
/var/www/html/tests/TestCase.php:61
/var/www/html/tests/Unit/Protocol/MessageProcessorTest.php:61</error>
        </testcase>
        <testcase name="set_server_info_updates_server_information" file="/var/www/html/tests/Unit/Protocol/MessageProcessorTest.php" line="388" class="JTD\LaravelMCP\Tests\Unit\Protocol\MessageProcessorTest" classname="JTD.LaravelMCP.Tests.Unit.Protocol.MessageProcessorTest" assertions="0" time="0.000000">
          <error type="Exception">JTD\LaravelMCP\Tests\Unit\Protocol\MessageProcessorTest::set_server_info_updates_server_information
Exception: The /var/www/html/vendor/orchestra/testbench-core/laravel/bootstrap/cache directory must be present and writable.

/var/www/html/vendor/laravel/framework/src/Illuminate/Foundation/PackageManifest.php:179
/var/www/html/vendor/orchestra/testbench-core/src/Foundation/PackageManifest.php:157
/var/www/html/vendor/laravel/framework/src/Illuminate/Foundation/PackageManifest.php:132
/var/www/html/vendor/laravel/framework/src/Illuminate/Foundation/PackageManifest.php:108
/var/www/html/vendor/orchestra/testbench-core/src/Foundation/PackageManifest.php:102
/var/www/html/vendor/laravel/framework/src/Illuminate/Foundation/PackageManifest.php:91
/var/www/html/vendor/laravel/framework/src/Illuminate/Foundation/PackageManifest.php:80
/var/www/html/vendor/laravel/framework/src/Illuminate/Foundation/Bootstrap/RegisterFacades.php:26
/var/www/html/vendor/orchestra/testbench-core/src/Concerns/CreatesApplication.php:556
/var/www/html/vendor/orchestra/testbench-core/src/Concerns/CreatesApplication.php:311
/var/www/html/vendor/orchestra/testbench-core/src/TestCase.php:121
/var/www/html/vendor/orchestra/testbench-core/src/Concerns/ApplicationTestingHooks.php:74
/var/www/html/vendor/orchestra/testbench-core/src/Concerns/Testing.php:43
/var/www/html/vendor/laravel/framework/src/Illuminate/Collections/helpers.php:236
/var/www/html/vendor/orchestra/sidekick/src/functions.php:87
/var/www/html/vendor/laravel/framework/src/Illuminate/Collections/helpers.php:236
/var/www/html/vendor/orchestra/testbench-core/src/Concerns/Testing.php:57
/var/www/html/vendor/orchestra/testbench-core/src/TestCase.php:50
/var/www/html/tests/TestCase.php:61
/var/www/html/tests/Unit/Protocol/MessageProcessorTest.php:61</error>
        </testcase>
        <testcase name="get_server_info_returns_current_information" file="/var/www/html/tests/Unit/Protocol/MessageProcessorTest.php" line="401" class="JTD\LaravelMCP\Tests\Unit\Protocol\MessageProcessorTest" classname="JTD.LaravelMCP.Tests.Unit.Protocol.MessageProcessorTest" assertions="0" time="0.000000">
          <error type="Exception">JTD\LaravelMCP\Tests\Unit\Protocol\MessageProcessorTest::get_server_info_returns_current_information
Exception: The /var/www/html/vendor/orchestra/testbench-core/laravel/bootstrap/cache directory must be present and writable.

/var/www/html/vendor/laravel/framework/src/Illuminate/Foundation/PackageManifest.php:179
/var/www/html/vendor/orchestra/testbench-core/src/Foundation/PackageManifest.php:157
/var/www/html/vendor/laravel/framework/src/Illuminate/Foundation/PackageManifest.php:132
/var/www/html/vendor/laravel/framework/src/Illuminate/Foundation/PackageManifest.php:108
/var/www/html/vendor/orchestra/testbench-core/src/Foundation/PackageManifest.php:102
/var/www/html/vendor/laravel/framework/src/Illuminate/Foundation/PackageManifest.php:91
/var/www/html/vendor/laravel/framework/src/Illuminate/Foundation/PackageManifest.php:80
/var/www/html/vendor/laravel/framework/src/Illuminate/Foundation/Bootstrap/RegisterFacades.php:26
/var/www/html/vendor/orchestra/testbench-core/src/Concerns/CreatesApplication.php:556
/var/www/html/vendor/orchestra/testbench-core/src/Concerns/CreatesApplication.php:311
/var/www/html/vendor/orchestra/testbench-core/src/TestCase.php:121
/var/www/html/vendor/orchestra/testbench-core/src/Concerns/ApplicationTestingHooks.php:74
/var/www/html/vendor/orchestra/testbench-core/src/Concerns/Testing.php:43
/var/www/html/vendor/laravel/framework/src/Illuminate/Collections/helpers.php:236
/var/www/html/vendor/orchestra/sidekick/src/functions.php:87
/var/www/html/vendor/laravel/framework/src/Illuminate/Collections/helpers.php:236
/var/www/html/vendor/orchestra/testbench-core/src/Concerns/Testing.php:57
/var/www/html/vendor/orchestra/testbench-core/src/TestCase.php:50
/var/www/html/tests/TestCase.php:61
/var/www/html/tests/Unit/Protocol/MessageProcessorTest.php:61</error>
        </testcase>
        <testcase name="initialization_workflow_works_correctly" file="/var/www/html/tests/Unit/Protocol/MessageProcessorTest.php" line="412" class="JTD\LaravelMCP\Tests\Unit\Protocol\MessageProcessorTest" classname="JTD.LaravelMCP.Tests.Unit.Protocol.MessageProcessorTest" assertions="0" time="0.000000">
          <error type="Exception">JTD\LaravelMCP\Tests\Unit\Protocol\MessageProcessorTest::initialization_workflow_works_correctly
Exception: The /var/www/html/vendor/orchestra/testbench-core/laravel/bootstrap/cache directory must be present and writable.

/var/www/html/vendor/laravel/framework/src/Illuminate/Foundation/PackageManifest.php:179
/var/www/html/vendor/orchestra/testbench-core/src/Foundation/PackageManifest.php:157
/var/www/html/vendor/laravel/framework/src/Illuminate/Foundation/PackageManifest.php:132
/var/www/html/vendor/laravel/framework/src/Illuminate/Foundation/PackageManifest.php:108
/var/www/html/vendor/orchestra/testbench-core/src/Foundation/PackageManifest.php:102
/var/www/html/vendor/laravel/framework/src/Illuminate/Foundation/PackageManifest.php:91
/var/www/html/vendor/laravel/framework/src/Illuminate/Foundation/PackageManifest.php:80
/var/www/html/vendor/laravel/framework/src/Illuminate/Foundation/Bootstrap/RegisterFacades.php:26
/var/www/html/vendor/orchestra/testbench-core/src/Concerns/CreatesApplication.php:556
/var/www/html/vendor/orchestra/testbench-core/src/Concerns/CreatesApplication.php:311
/var/www/html/vendor/orchestra/testbench-core/src/TestCase.php:121
/var/www/html/vendor/orchestra/testbench-core/src/Concerns/ApplicationTestingHooks.php:74
/var/www/html/vendor/orchestra/testbench-core/src/Concerns/Testing.php:43
/var/www/html/vendor/laravel/framework/src/Illuminate/Collections/helpers.php:236
/var/www/html/vendor/orchestra/sidekick/src/functions.php:87
/var/www/html/vendor/laravel/framework/src/Illuminate/Collections/helpers.php:236
/var/www/html/vendor/orchestra/testbench-core/src/Concerns/Testing.php:57
/var/www/html/vendor/orchestra/testbench-core/src/TestCase.php:50
/var/www/html/tests/TestCase.php:61
/var/www/html/tests/Unit/Protocol/MessageProcessorTest.php:61</error>
        </testcase>
        <testcase name="tools_list_handler_integration_works" file="/var/www/html/tests/Unit/Protocol/MessageProcessorTest.php" line="453" class="JTD\LaravelMCP\Tests\Unit\Protocol\MessageProcessorTest" classname="JTD.LaravelMCP.Tests.Unit.Protocol.MessageProcessorTest" assertions="0" time="0.000000">
          <error type="Exception">JTD\LaravelMCP\Tests\Unit\Protocol\MessageProcessorTest::tools_list_handler_integration_works
Exception: The /var/www/html/vendor/orchestra/testbench-core/laravel/bootstrap/cache directory must be present and writable.

/var/www/html/vendor/laravel/framework/src/Illuminate/Foundation/PackageManifest.php:179
/var/www/html/vendor/orchestra/testbench-core/src/Foundation/PackageManifest.php:157
/var/www/html/vendor/laravel/framework/src/Illuminate/Foundation/PackageManifest.php:132
/var/www/html/vendor/laravel/framework/src/Illuminate/Foundation/PackageManifest.php:108
/var/www/html/vendor/orchestra/testbench-core/src/Foundation/PackageManifest.php:102
/var/www/html/vendor/laravel/framework/src/Illuminate/Foundation/PackageManifest.php:91
/var/www/html/vendor/laravel/framework/src/Illuminate/Foundation/PackageManifest.php:80
/var/www/html/vendor/laravel/framework/src/Illuminate/Foundation/Bootstrap/RegisterFacades.php:26
/var/www/html/vendor/orchestra/testbench-core/src/Concerns/CreatesApplication.php:556
/var/www/html/vendor/orchestra/testbench-core/src/Concerns/CreatesApplication.php:311
/var/www/html/vendor/orchestra/testbench-core/src/TestCase.php:121
/var/www/html/vendor/orchestra/testbench-core/src/Concerns/ApplicationTestingHooks.php:74
/var/www/html/vendor/orchestra/testbench-core/src/Concerns/Testing.php:43
/var/www/html/vendor/laravel/framework/src/Illuminate/Collections/helpers.php:236
/var/www/html/vendor/orchestra/sidekick/src/functions.php:87
/var/www/html/vendor/laravel/framework/src/Illuminate/Collections/helpers.php:236
/var/www/html/vendor/orchestra/testbench-core/src/Concerns/Testing.php:57
/var/www/html/vendor/orchestra/testbench-core/src/TestCase.php:50
/var/www/html/tests/TestCase.php:61
/var/www/html/tests/Unit/Protocol/MessageProcessorTest.php:61</error>
        </testcase>
        <testcase name="resources_list_handler_integration_works" file="/var/www/html/tests/Unit/Protocol/MessageProcessorTest.php" line="474" class="JTD\LaravelMCP\Tests\Unit\Protocol\MessageProcessorTest" classname="JTD.LaravelMCP.Tests.Unit.Protocol.MessageProcessorTest" assertions="0" time="0.000000">
          <error type="Exception">JTD\LaravelMCP\Tests\Unit\Protocol\MessageProcessorTest::resources_list_handler_integration_works
Exception: The /var/www/html/vendor/orchestra/testbench-core/laravel/bootstrap/cache directory must be present and writable.

/var/www/html/vendor/laravel/framework/src/Illuminate/Foundation/PackageManifest.php:179
/var/www/html/vendor/orchestra/testbench-core/src/Foundation/PackageManifest.php:157
/var/www/html/vendor/laravel/framework/src/Illuminate/Foundation/PackageManifest.php:132
/var/www/html/vendor/laravel/framework/src/Illuminate/Foundation/PackageManifest.php:108
/var/www/html/vendor/orchestra/testbench-core/src/Foundation/PackageManifest.php:102
/var/www/html/vendor/laravel/framework/src/Illuminate/Foundation/PackageManifest.php:91
/var/www/html/vendor/laravel/framework/src/Illuminate/Foundation/PackageManifest.php:80
/var/www/html/vendor/laravel/framework/src/Illuminate/Foundation/Bootstrap/RegisterFacades.php:26
/var/www/html/vendor/orchestra/testbench-core/src/Concerns/CreatesApplication.php:556
/var/www/html/vendor/orchestra/testbench-core/src/Concerns/CreatesApplication.php:311
/var/www/html/vendor/orchestra/testbench-core/src/TestCase.php:121
/var/www/html/vendor/orchestra/testbench-core/src/Concerns/ApplicationTestingHooks.php:74
/var/www/html/vendor/orchestra/testbench-core/src/Concerns/Testing.php:43
/var/www/html/vendor/laravel/framework/src/Illuminate/Collections/helpers.php:236
/var/www/html/vendor/orchestra/sidekick/src/functions.php:87
/var/www/html/vendor/laravel/framework/src/Illuminate/Collections/helpers.php:236
/var/www/html/vendor/orchestra/testbench-core/src/Concerns/Testing.php:57
/var/www/html/vendor/orchestra/testbench-core/src/TestCase.php:50
/var/www/html/tests/TestCase.php:61
/var/www/html/tests/Unit/Protocol/MessageProcessorTest.php:61</error>
        </testcase>
        <testcase name="prompts_list_handler_integration_works" file="/var/www/html/tests/Unit/Protocol/MessageProcessorTest.php" line="494" class="JTD\LaravelMCP\Tests\Unit\Protocol\MessageProcessorTest" classname="JTD.LaravelMCP.Tests.Unit.Protocol.MessageProcessorTest" assertions="0" time="0.000000">
          <error type="Exception">JTD\LaravelMCP\Tests\Unit\Protocol\MessageProcessorTest::prompts_list_handler_integration_works
Exception: The /var/www/html/vendor/orchestra/testbench-core/laravel/bootstrap/cache directory must be present and writable.

/var/www/html/vendor/laravel/framework/src/Illuminate/Foundation/PackageManifest.php:179
/var/www/html/vendor/orchestra/testbench-core/src/Foundation/PackageManifest.php:157
/var/www/html/vendor/laravel/framework/src/Illuminate/Foundation/PackageManifest.php:132
/var/www/html/vendor/laravel/framework/src/Illuminate/Foundation/PackageManifest.php:108
/var/www/html/vendor/orchestra/testbench-core/src/Foundation/PackageManifest.php:102
/var/www/html/vendor/laravel/framework/src/Illuminate/Foundation/PackageManifest.php:91
/var/www/html/vendor/laravel/framework/src/Illuminate/Foundation/PackageManifest.php:80
/var/www/html/vendor/laravel/framework/src/Illuminate/Foundation/Bootstrap/RegisterFacades.php:26
/var/www/html/vendor/orchestra/testbench-core/src/Concerns/CreatesApplication.php:556
/var/www/html/vendor/orchestra/testbench-core/src/Concerns/CreatesApplication.php:311
/var/www/html/vendor/orchestra/testbench-core/src/TestCase.php:121
/var/www/html/vendor/orchestra/testbench-core/src/Concerns/ApplicationTestingHooks.php:74
/var/www/html/vendor/orchestra/testbench-core/src/Concerns/Testing.php:43
/var/www/html/vendor/laravel/framework/src/Illuminate/Collections/helpers.php:236
/var/www/html/vendor/orchestra/sidekick/src/functions.php:87
/var/www/html/vendor/laravel/framework/src/Illuminate/Collections/helpers.php:236
/var/www/html/vendor/orchestra/testbench-core/src/Concerns/Testing.php:57
/var/www/html/vendor/orchestra/testbench-core/src/TestCase.php:50
/var/www/html/tests/TestCase.php:61
/var/www/html/tests/Unit/Protocol/MessageProcessorTest.php:61</error>
        </testcase>
        <testcase name="handler_methods_auto_initialize_when_not_initialized" file="/var/www/html/tests/Unit/Protocol/MessageProcessorTest.php" line="514" class="JTD\LaravelMCP\Tests\Unit\Protocol\MessageProcessorTest" classname="JTD.LaravelMCP.Tests.Unit.Protocol.MessageProcessorTest" assertions="0" time="0.000000">
          <error type="Exception">JTD\LaravelMCP\Tests\Unit\Protocol\MessageProcessorTest::handler_methods_auto_initialize_when_not_initialized
Exception: The /var/www/html/vendor/orchestra/testbench-core/laravel/bootstrap/cache directory must be present and writable.

/var/www/html/vendor/laravel/framework/src/Illuminate/Foundation/PackageManifest.php:179
/var/www/html/vendor/orchestra/testbench-core/src/Foundation/PackageManifest.php:157
/var/www/html/vendor/laravel/framework/src/Illuminate/Foundation/PackageManifest.php:132
/var/www/html/vendor/laravel/framework/src/Illuminate/Foundation/PackageManifest.php:108
/var/www/html/vendor/orchestra/testbench-core/src/Foundation/PackageManifest.php:102
/var/www/html/vendor/laravel/framework/src/Illuminate/Foundation/PackageManifest.php:91
/var/www/html/vendor/laravel/framework/src/Illuminate/Foundation/PackageManifest.php:80
/var/www/html/vendor/laravel/framework/src/Illuminate/Foundation/Bootstrap/RegisterFacades.php:26
/var/www/html/vendor/orchestra/testbench-core/src/Concerns/CreatesApplication.php:556
/var/www/html/vendor/orchestra/testbench-core/src/Concerns/CreatesApplication.php:311
/var/www/html/vendor/orchestra/testbench-core/src/TestCase.php:121
/var/www/html/vendor/orchestra/testbench-core/src/Concerns/ApplicationTestingHooks.php:74
/var/www/html/vendor/orchestra/testbench-core/src/Concerns/Testing.php:43
/var/www/html/vendor/laravel/framework/src/Illuminate/Collections/helpers.php:236
/var/www/html/vendor/orchestra/sidekick/src/functions.php:87
/var/www/html/vendor/laravel/framework/src/Illuminate/Collections/helpers.php:236
/var/www/html/vendor/orchestra/testbench-core/src/Concerns/Testing.php:57
/var/www/html/vendor/orchestra/testbench-core/src/TestCase.php:50
/var/www/html/tests/TestCase.php:61
/var/www/html/tests/Unit/Protocol/MessageProcessorTest.php:61</error>
        </testcase>
        <testcase name="initialize_request_handles_capability_negotiation" file="/var/www/html/tests/Unit/Protocol/MessageProcessorTest.php" line="618" class="JTD\LaravelMCP\Tests\Unit\Protocol\MessageProcessorTest" classname="JTD.LaravelMCP.Tests.Unit.Protocol.MessageProcessorTest" assertions="0" time="0.000000">
          <error type="Exception">JTD\LaravelMCP\Tests\Unit\Protocol\MessageProcessorTest::initialize_request_handles_capability_negotiation
Exception: The /var/www/html/vendor/orchestra/testbench-core/laravel/bootstrap/cache directory must be present and writable.

/var/www/html/vendor/laravel/framework/src/Illuminate/Foundation/PackageManifest.php:179
/var/www/html/vendor/orchestra/testbench-core/src/Foundation/PackageManifest.php:157
/var/www/html/vendor/laravel/framework/src/Illuminate/Foundation/PackageManifest.php:132
/var/www/html/vendor/laravel/framework/src/Illuminate/Foundation/PackageManifest.php:108
/var/www/html/vendor/orchestra/testbench-core/src/Foundation/PackageManifest.php:102
/var/www/html/vendor/laravel/framework/src/Illuminate/Foundation/PackageManifest.php:91
/var/www/html/vendor/laravel/framework/src/Illuminate/Foundation/PackageManifest.php:80
/var/www/html/vendor/laravel/framework/src/Illuminate/Foundation/Bootstrap/RegisterFacades.php:26
/var/www/html/vendor/orchestra/testbench-core/src/Concerns/CreatesApplication.php:556
/var/www/html/vendor/orchestra/testbench-core/src/Concerns/CreatesApplication.php:311
/var/www/html/vendor/orchestra/testbench-core/src/TestCase.php:121
/var/www/html/vendor/orchestra/testbench-core/src/Concerns/ApplicationTestingHooks.php:74
/var/www/html/vendor/orchestra/testbench-core/src/Concerns/Testing.php:43
/var/www/html/vendor/laravel/framework/src/Illuminate/Collections/helpers.php:236
/var/www/html/vendor/orchestra/sidekick/src/functions.php:87
/var/www/html/vendor/laravel/framework/src/Illuminate/Collections/helpers.php:236
/var/www/html/vendor/orchestra/testbench-core/src/Concerns/Testing.php:57
/var/www/html/vendor/orchestra/testbench-core/src/TestCase.php:50
/var/www/html/tests/TestCase.php:61
/var/www/html/tests/Unit/Protocol/MessageProcessorTest.php:61</error>
        </testcase>
        <testcase name="initialized_notification_sets_initialization_state" file="/var/www/html/tests/Unit/Protocol/MessageProcessorTest.php" line="666" class="JTD\LaravelMCP\Tests\Unit\Protocol\MessageProcessorTest" classname="JTD.LaravelMCP.Tests.Unit.Protocol.MessageProcessorTest" assertions="0" time="0.000000">
          <error type="Exception">JTD\LaravelMCP\Tests\Unit\Protocol\MessageProcessorTest::initialized_notification_sets_initialization_state
Exception: The /var/www/html/vendor/orchestra/testbench-core/laravel/bootstrap/cache directory must be present and writable.

/var/www/html/vendor/laravel/framework/src/Illuminate/Foundation/PackageManifest.php:179
/var/www/html/vendor/orchestra/testbench-core/src/Foundation/PackageManifest.php:157
/var/www/html/vendor/laravel/framework/src/Illuminate/Foundation/PackageManifest.php:132
/var/www/html/vendor/laravel/framework/src/Illuminate/Foundation/PackageManifest.php:108
/var/www/html/vendor/orchestra/testbench-core/src/Foundation/PackageManifest.php:102
/var/www/html/vendor/laravel/framework/src/Illuminate/Foundation/PackageManifest.php:91
/var/www/html/vendor/laravel/framework/src/Illuminate/Foundation/PackageManifest.php:80
/var/www/html/vendor/laravel/framework/src/Illuminate/Foundation/Bootstrap/RegisterFacades.php:26
/var/www/html/vendor/orchestra/testbench-core/src/Concerns/CreatesApplication.php:556
/var/www/html/vendor/orchestra/testbench-core/src/Concerns/CreatesApplication.php:311
/var/www/html/vendor/orchestra/testbench-core/src/TestCase.php:121
/var/www/html/vendor/orchestra/testbench-core/src/Concerns/ApplicationTestingHooks.php:74
/var/www/html/vendor/orchestra/testbench-core/src/Concerns/Testing.php:43
/var/www/html/vendor/laravel/framework/src/Illuminate/Collections/helpers.php:236
/var/www/html/vendor/orchestra/sidekick/src/functions.php:87
/var/www/html/vendor/laravel/framework/src/Illuminate/Collections/helpers.php:236
/var/www/html/vendor/orchestra/testbench-core/src/Concerns/Testing.php:57
/var/www/html/vendor/orchestra/testbench-core/src/TestCase.php:50
/var/www/html/tests/TestCase.php:61
/var/www/html/tests/Unit/Protocol/MessageProcessorTest.php:61</error>
        </testcase>
        <testcase name="ping_request_returns_empty_response" file="/var/www/html/tests/Unit/Protocol/MessageProcessorTest.php" line="684" class="JTD\LaravelMCP\Tests\Unit\Protocol\MessageProcessorTest" classname="JTD.LaravelMCP.Tests.Unit.Protocol.MessageProcessorTest" assertions="0" time="0.000000">
          <error type="Exception">JTD\LaravelMCP\Tests\Unit\Protocol\MessageProcessorTest::ping_request_returns_empty_response
Exception: The /var/www/html/vendor/orchestra/testbench-core/laravel/bootstrap/cache directory must be present and writable.

/var/www/html/vendor/laravel/framework/src/Illuminate/Foundation/PackageManifest.php:179
/var/www/html/vendor/orchestra/testbench-core/src/Foundation/PackageManifest.php:157
/var/www/html/vendor/laravel/framework/src/Illuminate/Foundation/PackageManifest.php:132
/var/www/html/vendor/laravel/framework/src/Illuminate/Foundation/PackageManifest.php:108
/var/www/html/vendor/orchestra/testbench-core/src/Foundation/PackageManifest.php:102
/var/www/html/vendor/laravel/framework/src/Illuminate/Foundation/PackageManifest.php:91
/var/www/html/vendor/laravel/framework/src/Illuminate/Foundation/PackageManifest.php:80
/var/www/html/vendor/laravel/framework/src/Illuminate/Foundation/Bootstrap/RegisterFacades.php:26
/var/www/html/vendor/orchestra/testbench-core/src/Concerns/CreatesApplication.php:556
/var/www/html/vendor/orchestra/testbench-core/src/Concerns/CreatesApplication.php:311
/var/www/html/vendor/orchestra/testbench-core/src/TestCase.php:121
/var/www/html/vendor/orchestra/testbench-core/src/Concerns/ApplicationTestingHooks.php:74
/var/www/html/vendor/orchestra/testbench-core/src/Concerns/Testing.php:43
/var/www/html/vendor/laravel/framework/src/Illuminate/Collections/helpers.php:236
/var/www/html/vendor/orchestra/sidekick/src/functions.php:87
/var/www/html/vendor/laravel/framework/src/Illuminate/Collections/helpers.php:236
/var/www/html/vendor/orchestra/testbench-core/src/Concerns/Testing.php:57
/var/www/html/vendor/orchestra/testbench-core/src/TestCase.php:50
/var/www/html/tests/TestCase.php:61
/var/www/html/tests/Unit/Protocol/MessageProcessorTest.php:61</error>
        </testcase>
        <testcase name="tools_list_auto_initializes_when_not_initialized" file="/var/www/html/tests/Unit/Protocol/MessageProcessorTest.php" line="700" class="JTD\LaravelMCP\Tests\Unit\Protocol\MessageProcessorTest" classname="JTD.LaravelMCP.Tests.Unit.Protocol.MessageProcessorTest" assertions="0" time="0.000000">
          <error type="Exception">JTD\LaravelMCP\Tests\Unit\Protocol\MessageProcessorTest::tools_list_auto_initializes_when_not_initialized
Exception: The /var/www/html/vendor/orchestra/testbench-core/laravel/bootstrap/cache directory must be present and writable.

/var/www/html/vendor/laravel/framework/src/Illuminate/Foundation/PackageManifest.php:179
/var/www/html/vendor/orchestra/testbench-core/src/Foundation/PackageManifest.php:157
/var/www/html/vendor/laravel/framework/src/Illuminate/Foundation/PackageManifest.php:132
/var/www/html/vendor/laravel/framework/src/Illuminate/Foundation/PackageManifest.php:108
/var/www/html/vendor/orchestra/testbench-core/src/Foundation/PackageManifest.php:102
/var/www/html/vendor/laravel/framework/src/Illuminate/Foundation/PackageManifest.php:91
/var/www/html/vendor/laravel/framework/src/Illuminate/Foundation/PackageManifest.php:80
/var/www/html/vendor/laravel/framework/src/Illuminate/Foundation/Bootstrap/RegisterFacades.php:26
/var/www/html/vendor/orchestra/testbench-core/src/Concerns/CreatesApplication.php:556
/var/www/html/vendor/orchestra/testbench-core/src/Concerns/CreatesApplication.php:311
/var/www/html/vendor/orchestra/testbench-core/src/TestCase.php:121
/var/www/html/vendor/orchestra/testbench-core/src/Concerns/ApplicationTestingHooks.php:74
/var/www/html/vendor/orchestra/testbench-core/src/Concerns/Testing.php:43
/var/www/html/vendor/laravel/framework/src/Illuminate/Collections/helpers.php:236
/var/www/html/vendor/orchestra/sidekick/src/functions.php:87
/var/www/html/vendor/laravel/framework/src/Illuminate/Collections/helpers.php:236
/var/www/html/vendor/orchestra/testbench-core/src/Concerns/Testing.php:57
/var/www/html/vendor/orchestra/testbench-core/src/TestCase.php:50
/var/www/html/tests/TestCase.php:61
/var/www/html/tests/Unit/Protocol/MessageProcessorTest.php:61</error>
        </testcase>
        <testcase name="tools_call_auto_initializes_when_not_initialized" file="/var/www/html/tests/Unit/Protocol/MessageProcessorTest.php" line="735" class="JTD\LaravelMCP\Tests\Unit\Protocol\MessageProcessorTest" classname="JTD.LaravelMCP.Tests.Unit.Protocol.MessageProcessorTest" assertions="0" time="0.000000">
          <error type="Exception">JTD\LaravelMCP\Tests\Unit\Protocol\MessageProcessorTest::tools_call_auto_initializes_when_not_initialized
Exception: The /var/www/html/vendor/orchestra/testbench-core/laravel/bootstrap/cache directory must be present and writable.

/var/www/html/vendor/laravel/framework/src/Illuminate/Foundation/PackageManifest.php:179
/var/www/html/vendor/orchestra/testbench-core/src/Foundation/PackageManifest.php:157
/var/www/html/vendor/laravel/framework/src/Illuminate/Foundation/PackageManifest.php:132
/var/www/html/vendor/laravel/framework/src/Illuminate/Foundation/PackageManifest.php:108
/var/www/html/vendor/orchestra/testbench-core/src/Foundation/PackageManifest.php:102
/var/www/html/vendor/laravel/framework/src/Illuminate/Foundation/PackageManifest.php:91
/var/www/html/vendor/laravel/framework/src/Illuminate/Foundation/PackageManifest.php:80
/var/www/html/vendor/laravel/framework/src/Illuminate/Foundation/Bootstrap/RegisterFacades.php:26
/var/www/html/vendor/orchestra/testbench-core/src/Concerns/CreatesApplication.php:556
/var/www/html/vendor/orchestra/testbench-core/src/Concerns/CreatesApplication.php:311
/var/www/html/vendor/orchestra/testbench-core/src/TestCase.php:121
/var/www/html/vendor/orchestra/testbench-core/src/Concerns/ApplicationTestingHooks.php:74
/var/www/html/vendor/orchestra/testbench-core/src/Concerns/Testing.php:43
/var/www/html/vendor/laravel/framework/src/Illuminate/Collections/helpers.php:236
/var/www/html/vendor/orchestra/sidekick/src/functions.php:87
/var/www/html/vendor/laravel/framework/src/Illuminate/Collections/helpers.php:236
/var/www/html/vendor/orchestra/testbench-core/src/Concerns/Testing.php:57
/var/www/html/vendor/orchestra/testbench-core/src/TestCase.php:50
/var/www/html/tests/TestCase.php:61
/var/www/html/tests/Unit/Protocol/MessageProcessorTest.php:61</error>
        </testcase>
        <testcase name="resources_list_auto_initializes_when_not_initialized" file="/var/www/html/tests/Unit/Protocol/MessageProcessorTest.php" line="774" class="JTD\LaravelMCP\Tests\Unit\Protocol\MessageProcessorTest" classname="JTD.LaravelMCP.Tests.Unit.Protocol.MessageProcessorTest" assertions="0" time="0.000000">
          <error type="Exception">JTD\LaravelMCP\Tests\Unit\Protocol\MessageProcessorTest::resources_list_auto_initializes_when_not_initialized
Exception: The /var/www/html/vendor/orchestra/testbench-core/laravel/bootstrap/cache directory must be present and writable.

/var/www/html/vendor/laravel/framework/src/Illuminate/Foundation/PackageManifest.php:179
/var/www/html/vendor/orchestra/testbench-core/src/Foundation/PackageManifest.php:157
/var/www/html/vendor/laravel/framework/src/Illuminate/Foundation/PackageManifest.php:132
/var/www/html/vendor/laravel/framework/src/Illuminate/Foundation/PackageManifest.php:108
/var/www/html/vendor/orchestra/testbench-core/src/Foundation/PackageManifest.php:102
/var/www/html/vendor/laravel/framework/src/Illuminate/Foundation/PackageManifest.php:91
/var/www/html/vendor/laravel/framework/src/Illuminate/Foundation/PackageManifest.php:80
/var/www/html/vendor/laravel/framework/src/Illuminate/Foundation/Bootstrap/RegisterFacades.php:26
/var/www/html/vendor/orchestra/testbench-core/src/Concerns/CreatesApplication.php:556
/var/www/html/vendor/orchestra/testbench-core/src/Concerns/CreatesApplication.php:311
/var/www/html/vendor/orchestra/testbench-core/src/TestCase.php:121
/var/www/html/vendor/orchestra/testbench-core/src/Concerns/ApplicationTestingHooks.php:74
/var/www/html/vendor/orchestra/testbench-core/src/Concerns/Testing.php:43
/var/www/html/vendor/laravel/framework/src/Illuminate/Collections/helpers.php:236
/var/www/html/vendor/orchestra/sidekick/src/functions.php:87
/var/www/html/vendor/laravel/framework/src/Illuminate/Collections/helpers.php:236
/var/www/html/vendor/orchestra/testbench-core/src/Concerns/Testing.php:57
/var/www/html/vendor/orchestra/testbench-core/src/TestCase.php:50
/var/www/html/tests/TestCase.php:61
/var/www/html/tests/Unit/Protocol/MessageProcessorTest.php:61</error>
        </testcase>
        <testcase name="resources_read_auto_initializes_when_not_initialized" file="/var/www/html/tests/Unit/Protocol/MessageProcessorTest.php" line="809" class="JTD\LaravelMCP\Tests\Unit\Protocol\MessageProcessorTest" classname="JTD.LaravelMCP.Tests.Unit.Protocol.MessageProcessorTest" assertions="0" time="0.000000">
          <error type="Exception">JTD\LaravelMCP\Tests\Unit\Protocol\MessageProcessorTest::resources_read_auto_initializes_when_not_initialized
Exception: The /var/www/html/vendor/orchestra/testbench-core/laravel/bootstrap/cache directory must be present and writable.

/var/www/html/vendor/laravel/framework/src/Illuminate/Foundation/PackageManifest.php:179
/var/www/html/vendor/orchestra/testbench-core/src/Foundation/PackageManifest.php:157
/var/www/html/vendor/laravel/framework/src/Illuminate/Foundation/PackageManifest.php:132
/var/www/html/vendor/laravel/framework/src/Illuminate/Foundation/PackageManifest.php:108
/var/www/html/vendor/orchestra/testbench-core/src/Foundation/PackageManifest.php:102
/var/www/html/vendor/laravel/framework/src/Illuminate/Foundation/PackageManifest.php:91
/var/www/html/vendor/laravel/framework/src/Illuminate/Foundation/PackageManifest.php:80
/var/www/html/vendor/laravel/framework/src/Illuminate/Foundation/Bootstrap/RegisterFacades.php:26
/var/www/html/vendor/orchestra/testbench-core/src/Concerns/CreatesApplication.php:556
/var/www/html/vendor/orchestra/testbench-core/src/Concerns/CreatesApplication.php:311
/var/www/html/vendor/orchestra/testbench-core/src/TestCase.php:121
/var/www/html/vendor/orchestra/testbench-core/src/Concerns/ApplicationTestingHooks.php:74
/var/www/html/vendor/orchestra/testbench-core/src/Concerns/Testing.php:43
/var/www/html/vendor/laravel/framework/src/Illuminate/Collections/helpers.php:236
/var/www/html/vendor/orchestra/sidekick/src/functions.php:87
/var/www/html/vendor/laravel/framework/src/Illuminate/Collections/helpers.php:236
/var/www/html/vendor/orchestra/testbench-core/src/Concerns/Testing.php:57
/var/www/html/vendor/orchestra/testbench-core/src/TestCase.php:50
/var/www/html/tests/TestCase.php:61
/var/www/html/tests/Unit/Protocol/MessageProcessorTest.php:61</error>
        </testcase>
        <testcase name="resources_templates_list_auto_initializes_when_not_initialized" file="/var/www/html/tests/Unit/Protocol/MessageProcessorTest.php" line="847" class="JTD\LaravelMCP\Tests\Unit\Protocol\MessageProcessorTest" classname="JTD.LaravelMCP.Tests.Unit.Protocol.MessageProcessorTest" assertions="0" time="0.000000">
          <error type="Exception">JTD\LaravelMCP\Tests\Unit\Protocol\MessageProcessorTest::resources_templates_list_auto_initializes_when_not_initialized
Exception: The /var/www/html/vendor/orchestra/testbench-core/laravel/bootstrap/cache directory must be present and writable.

/var/www/html/vendor/laravel/framework/src/Illuminate/Foundation/PackageManifest.php:179
/var/www/html/vendor/orchestra/testbench-core/src/Foundation/PackageManifest.php:157
/var/www/html/vendor/laravel/framework/src/Illuminate/Foundation/PackageManifest.php:132
/var/www/html/vendor/laravel/framework/src/Illuminate/Foundation/PackageManifest.php:108
/var/www/html/vendor/orchestra/testbench-core/src/Foundation/PackageManifest.php:102
/var/www/html/vendor/laravel/framework/src/Illuminate/Foundation/PackageManifest.php:91
/var/www/html/vendor/laravel/framework/src/Illuminate/Foundation/PackageManifest.php:80
/var/www/html/vendor/laravel/framework/src/Illuminate/Foundation/Bootstrap/RegisterFacades.php:26
/var/www/html/vendor/orchestra/testbench-core/src/Concerns/CreatesApplication.php:556
/var/www/html/vendor/orchestra/testbench-core/src/Concerns/CreatesApplication.php:311
/var/www/html/vendor/orchestra/testbench-core/src/TestCase.php:121
/var/www/html/vendor/orchestra/testbench-core/src/Concerns/ApplicationTestingHooks.php:74
/var/www/html/vendor/orchestra/testbench-core/src/Concerns/Testing.php:43
/var/www/html/vendor/laravel/framework/src/Illuminate/Collections/helpers.php:236
/var/www/html/vendor/orchestra/sidekick/src/functions.php:87
/var/www/html/vendor/laravel/framework/src/Illuminate/Collections/helpers.php:236
/var/www/html/vendor/orchestra/testbench-core/src/Concerns/Testing.php:57
/var/www/html/vendor/orchestra/testbench-core/src/TestCase.php:50
/var/www/html/tests/TestCase.php:61
/var/www/html/tests/Unit/Protocol/MessageProcessorTest.php:61</error>
        </testcase>
        <testcase name="prompts_list_auto_initializes_when_not_initialized" file="/var/www/html/tests/Unit/Protocol/MessageProcessorTest.php" line="882" class="JTD\LaravelMCP\Tests\Unit\Protocol\MessageProcessorTest" classname="JTD.LaravelMCP.Tests.Unit.Protocol.MessageProcessorTest" assertions="0" time="0.000000">
          <error type="Exception">JTD\LaravelMCP\Tests\Unit\Protocol\MessageProcessorTest::prompts_list_auto_initializes_when_not_initialized
Exception: The /var/www/html/vendor/orchestra/testbench-core/laravel/bootstrap/cache directory must be present and writable.

/var/www/html/vendor/laravel/framework/src/Illuminate/Foundation/PackageManifest.php:179
/var/www/html/vendor/orchestra/testbench-core/src/Foundation/PackageManifest.php:157
/var/www/html/vendor/laravel/framework/src/Illuminate/Foundation/PackageManifest.php:132
/var/www/html/vendor/laravel/framework/src/Illuminate/Foundation/PackageManifest.php:108
/var/www/html/vendor/orchestra/testbench-core/src/Foundation/PackageManifest.php:102
/var/www/html/vendor/laravel/framework/src/Illuminate/Foundation/PackageManifest.php:91
/var/www/html/vendor/laravel/framework/src/Illuminate/Foundation/PackageManifest.php:80
/var/www/html/vendor/laravel/framework/src/Illuminate/Foundation/Bootstrap/RegisterFacades.php:26
/var/www/html/vendor/orchestra/testbench-core/src/Concerns/CreatesApplication.php:556
/var/www/html/vendor/orchestra/testbench-core/src/Concerns/CreatesApplication.php:311
/var/www/html/vendor/orchestra/testbench-core/src/TestCase.php:121
/var/www/html/vendor/orchestra/testbench-core/src/Concerns/ApplicationTestingHooks.php:74
/var/www/html/vendor/orchestra/testbench-core/src/Concerns/Testing.php:43
/var/www/html/vendor/laravel/framework/src/Illuminate/Collections/helpers.php:236
/var/www/html/vendor/orchestra/sidekick/src/functions.php:87
/var/www/html/vendor/laravel/framework/src/Illuminate/Collections/helpers.php:236
/var/www/html/vendor/orchestra/testbench-core/src/Concerns/Testing.php:57
/var/www/html/vendor/orchestra/testbench-core/src/TestCase.php:50
/var/www/html/tests/TestCase.php:61
/var/www/html/tests/Unit/Protocol/MessageProcessorTest.php:61</error>
        </testcase>
        <testcase name="prompts_get_auto_initializes_when_not_initialized" file="/var/www/html/tests/Unit/Protocol/MessageProcessorTest.php" line="917" class="JTD\LaravelMCP\Tests\Unit\Protocol\MessageProcessorTest" classname="JTD.LaravelMCP.Tests.Unit.Protocol.MessageProcessorTest" assertions="0" time="0.000000">
          <error type="Exception">JTD\LaravelMCP\Tests\Unit\Protocol\MessageProcessorTest::prompts_get_auto_initializes_when_not_initialized
Exception: The /var/www/html/vendor/orchestra/testbench-core/laravel/bootstrap/cache directory must be present and writable.

/var/www/html/vendor/laravel/framework/src/Illuminate/Foundation/PackageManifest.php:179
/var/www/html/vendor/orchestra/testbench-core/src/Foundation/PackageManifest.php:157
/var/www/html/vendor/laravel/framework/src/Illuminate/Foundation/PackageManifest.php:132
/var/www/html/vendor/laravel/framework/src/Illuminate/Foundation/PackageManifest.php:108
/var/www/html/vendor/orchestra/testbench-core/src/Foundation/PackageManifest.php:102
/var/www/html/vendor/laravel/framework/src/Illuminate/Foundation/PackageManifest.php:91
/var/www/html/vendor/laravel/framework/src/Illuminate/Foundation/PackageManifest.php:80
/var/www/html/vendor/laravel/framework/src/Illuminate/Foundation/Bootstrap/RegisterFacades.php:26
/var/www/html/vendor/orchestra/testbench-core/src/Concerns/CreatesApplication.php:556
/var/www/html/vendor/orchestra/testbench-core/src/Concerns/CreatesApplication.php:311
/var/www/html/vendor/orchestra/testbench-core/src/TestCase.php:121
/var/www/html/vendor/orchestra/testbench-core/src/Concerns/ApplicationTestingHooks.php:74
/var/www/html/vendor/orchestra/testbench-core/src/Concerns/Testing.php:43
/var/www/html/vendor/laravel/framework/src/Illuminate/Collections/helpers.php:236
/var/www/html/vendor/orchestra/sidekick/src/functions.php:87
/var/www/html/vendor/laravel/framework/src/Illuminate/Collections/helpers.php:236
/var/www/html/vendor/orchestra/testbench-core/src/Concerns/Testing.php:57
/var/www/html/vendor/orchestra/testbench-core/src/TestCase.php:50
/var/www/html/tests/TestCase.php:61
/var/www/html/tests/Unit/Protocol/MessageProcessorTest.php:61</error>
        </testcase>
        <testcase name="resources_templates_list_works_when_initialized" file="/var/www/html/tests/Unit/Protocol/MessageProcessorTest.php" line="956" class="JTD\LaravelMCP\Tests\Unit\Protocol\MessageProcessorTest" classname="JTD.LaravelMCP.Tests.Unit.Protocol.MessageProcessorTest" assertions="0" time="0.000000">
          <error type="Exception">JTD\LaravelMCP\Tests\Unit\Protocol\MessageProcessorTest::resources_templates_list_works_when_initialized
Exception: The /var/www/html/vendor/orchestra/testbench-core/laravel/bootstrap/cache directory must be present and writable.

/var/www/html/vendor/laravel/framework/src/Illuminate/Foundation/PackageManifest.php:179
/var/www/html/vendor/orchestra/testbench-core/src/Foundation/PackageManifest.php:157
/var/www/html/vendor/laravel/framework/src/Illuminate/Foundation/PackageManifest.php:132
/var/www/html/vendor/laravel/framework/src/Illuminate/Foundation/PackageManifest.php:108
/var/www/html/vendor/orchestra/testbench-core/src/Foundation/PackageManifest.php:102
/var/www/html/vendor/laravel/framework/src/Illuminate/Foundation/PackageManifest.php:91
/var/www/html/vendor/laravel/framework/src/Illuminate/Foundation/PackageManifest.php:80
/var/www/html/vendor/laravel/framework/src/Illuminate/Foundation/Bootstrap/RegisterFacades.php:26
/var/www/html/vendor/orchestra/testbench-core/src/Concerns/CreatesApplication.php:556
/var/www/html/vendor/orchestra/testbench-core/src/Concerns/CreatesApplication.php:311
/var/www/html/vendor/orchestra/testbench-core/src/TestCase.php:121
/var/www/html/vendor/orchestra/testbench-core/src/Concerns/ApplicationTestingHooks.php:74
/var/www/html/vendor/orchestra/testbench-core/src/Concerns/Testing.php:43
/var/www/html/vendor/laravel/framework/src/Illuminate/Collections/helpers.php:236
/var/www/html/vendor/orchestra/sidekick/src/functions.php:87
/var/www/html/vendor/laravel/framework/src/Illuminate/Collections/helpers.php:236
/var/www/html/vendor/orchestra/testbench-core/src/Concerns/Testing.php:57
/var/www/html/vendor/orchestra/testbench-core/src/TestCase.php:50
/var/www/html/tests/TestCase.php:61
/var/www/html/tests/Unit/Protocol/MessageProcessorTest.php:61</error>
        </testcase>
        <testcase name="server_info_can_be_updated_and_retrieved" file="/var/www/html/tests/Unit/Protocol/MessageProcessorTest.php" line="984" class="JTD\LaravelMCP\Tests\Unit\Protocol\MessageProcessorTest" classname="JTD.LaravelMCP.Tests.Unit.Protocol.MessageProcessorTest" assertions="0" time="0.000000">
          <error type="Exception">JTD\LaravelMCP\Tests\Unit\Protocol\MessageProcessorTest::server_info_can_be_updated_and_retrieved
Exception: The /var/www/html/vendor/orchestra/testbench-core/laravel/bootstrap/cache directory must be present and writable.

/var/www/html/vendor/laravel/framework/src/Illuminate/Foundation/PackageManifest.php:179
/var/www/html/vendor/orchestra/testbench-core/src/Foundation/PackageManifest.php:157
/var/www/html/vendor/laravel/framework/src/Illuminate/Foundation/PackageManifest.php:132
/var/www/html/vendor/laravel/framework/src/Illuminate/Foundation/PackageManifest.php:108
/var/www/html/vendor/orchestra/testbench-core/src/Foundation/PackageManifest.php:102
/var/www/html/vendor/laravel/framework/src/Illuminate/Foundation/PackageManifest.php:91
/var/www/html/vendor/laravel/framework/src/Illuminate/Foundation/PackageManifest.php:80
/var/www/html/vendor/laravel/framework/src/Illuminate/Foundation/Bootstrap/RegisterFacades.php:26
/var/www/html/vendor/orchestra/testbench-core/src/Concerns/CreatesApplication.php:556
/var/www/html/vendor/orchestra/testbench-core/src/Concerns/CreatesApplication.php:311
/var/www/html/vendor/orchestra/testbench-core/src/TestCase.php:121
/var/www/html/vendor/orchestra/testbench-core/src/Concerns/ApplicationTestingHooks.php:74
/var/www/html/vendor/orchestra/testbench-core/src/Concerns/Testing.php:43
/var/www/html/vendor/laravel/framework/src/Illuminate/Collections/helpers.php:236
/var/www/html/vendor/orchestra/sidekick/src/functions.php:87
/var/www/html/vendor/laravel/framework/src/Illuminate/Collections/helpers.php:236
/var/www/html/vendor/orchestra/testbench-core/src/Concerns/Testing.php:57
/var/www/html/vendor/orchestra/testbench-core/src/TestCase.php:50
/var/www/html/tests/TestCase.php:61
/var/www/html/tests/Unit/Protocol/MessageProcessorTest.php:61</error>
        </testcase>
        <testcase name="client_capabilities_are_tracked_correctly" file="/var/www/html/tests/Unit/Protocol/MessageProcessorTest.php" line="1008" class="JTD\LaravelMCP\Tests\Unit\Protocol\MessageProcessorTest" classname="JTD.LaravelMCP.Tests.Unit.Protocol.MessageProcessorTest" assertions="0" time="0.000000">
          <error type="Exception">JTD\LaravelMCP\Tests\Unit\Protocol\MessageProcessorTest::client_capabilities_are_tracked_correctly
Exception: The /var/www/html/vendor/orchestra/testbench-core/laravel/bootstrap/cache directory must be present and writable.

/var/www/html/vendor/laravel/framework/src/Illuminate/Foundation/PackageManifest.php:179
/var/www/html/vendor/orchestra/testbench-core/src/Foundation/PackageManifest.php:157
/var/www/html/vendor/laravel/framework/src/Illuminate/Foundation/PackageManifest.php:132
/var/www/html/vendor/laravel/framework/src/Illuminate/Foundation/PackageManifest.php:108
/var/www/html/vendor/orchestra/testbench-core/src/Foundation/PackageManifest.php:102
/var/www/html/vendor/laravel/framework/src/Illuminate/Foundation/PackageManifest.php:91
/var/www/html/vendor/laravel/framework/src/Illuminate/Foundation/PackageManifest.php:80
/var/www/html/vendor/laravel/framework/src/Illuminate/Foundation/Bootstrap/RegisterFacades.php:26
/var/www/html/vendor/orchestra/testbench-core/src/Concerns/CreatesApplication.php:556
/var/www/html/vendor/orchestra/testbench-core/src/Concerns/CreatesApplication.php:311
/var/www/html/vendor/orchestra/testbench-core/src/TestCase.php:121
/var/www/html/vendor/orchestra/testbench-core/src/Concerns/ApplicationTestingHooks.php:74
/var/www/html/vendor/orchestra/testbench-core/src/Concerns/Testing.php:43
/var/www/html/vendor/laravel/framework/src/Illuminate/Collections/helpers.php:236
/var/www/html/vendor/orchestra/sidekick/src/functions.php:87
/var/www/html/vendor/laravel/framework/src/Illuminate/Collections/helpers.php:236
/var/www/html/vendor/orchestra/testbench-core/src/Concerns/Testing.php:57
/var/www/html/vendor/orchestra/testbench-core/src/TestCase.php:50
/var/www/html/tests/TestCase.php:61
/var/www/html/tests/Unit/Protocol/MessageProcessorTest.php:61</error>
        </testcase>
        <testcase name="server_capabilities_are_set_up_correctly" file="/var/www/html/tests/Unit/Protocol/MessageProcessorTest.php" line="1031" class="JTD\LaravelMCP\Tests\Unit\Protocol\MessageProcessorTest" classname="JTD.LaravelMCP.Tests.Unit.Protocol.MessageProcessorTest" assertions="0" time="0.000000">
          <error type="Exception">JTD\LaravelMCP\Tests\Unit\Protocol\MessageProcessorTest::server_capabilities_are_set_up_correctly
Exception: The /var/www/html/vendor/orchestra/testbench-core/laravel/bootstrap/cache directory must be present and writable.

/var/www/html/vendor/laravel/framework/src/Illuminate/Foundation/PackageManifest.php:179
/var/www/html/vendor/orchestra/testbench-core/src/Foundation/PackageManifest.php:157
/var/www/html/vendor/laravel/framework/src/Illuminate/Foundation/PackageManifest.php:132
/var/www/html/vendor/laravel/framework/src/Illuminate/Foundation/PackageManifest.php:108
/var/www/html/vendor/orchestra/testbench-core/src/Foundation/PackageManifest.php:102
/var/www/html/vendor/laravel/framework/src/Illuminate/Foundation/PackageManifest.php:91
/var/www/html/vendor/laravel/framework/src/Illuminate/Foundation/PackageManifest.php:80
/var/www/html/vendor/laravel/framework/src/Illuminate/Foundation/Bootstrap/RegisterFacades.php:26
/var/www/html/vendor/orchestra/testbench-core/src/Concerns/CreatesApplication.php:556
/var/www/html/vendor/orchestra/testbench-core/src/Concerns/CreatesApplication.php:311
/var/www/html/vendor/orchestra/testbench-core/src/TestCase.php:121
/var/www/html/vendor/orchestra/testbench-core/src/Concerns/ApplicationTestingHooks.php:74
/var/www/html/vendor/orchestra/testbench-core/src/Concerns/Testing.php:43
/var/www/html/vendor/laravel/framework/src/Illuminate/Collections/helpers.php:236
/var/www/html/vendor/orchestra/sidekick/src/functions.php:87
/var/www/html/vendor/laravel/framework/src/Illuminate/Collections/helpers.php:236
/var/www/html/vendor/orchestra/testbench-core/src/Concerns/Testing.php:57
/var/www/html/vendor/orchestra/testbench-core/src/TestCase.php:50
/var/www/html/tests/TestCase.php:61
/var/www/html/tests/Unit/Protocol/MessageProcessorTest.php:61</error>
        </testcase>
        <testcase name="on_disconnect_resets_all_state_properly" file="/var/www/html/tests/Unit/Protocol/MessageProcessorTest.php" line="1089" class="JTD\LaravelMCP\Tests\Unit\Protocol\MessageProcessorTest" classname="JTD.LaravelMCP.Tests.Unit.Protocol.MessageProcessorTest" assertions="0" time="0.000000">
          <error type="Exception">JTD\LaravelMCP\Tests\Unit\Protocol\MessageProcessorTest::on_disconnect_resets_all_state_properly
Exception: The /var/www/html/vendor/orchestra/testbench-core/laravel/bootstrap/cache directory must be present and writable.

/var/www/html/vendor/laravel/framework/src/Illuminate/Foundation/PackageManifest.php:179
/var/www/html/vendor/orchestra/testbench-core/src/Foundation/PackageManifest.php:157
/var/www/html/vendor/laravel/framework/src/Illuminate/Foundation/PackageManifest.php:132
/var/www/html/vendor/laravel/framework/src/Illuminate/Foundation/PackageManifest.php:108
/var/www/html/vendor/orchestra/testbench-core/src/Foundation/PackageManifest.php:102
/var/www/html/vendor/laravel/framework/src/Illuminate/Foundation/PackageManifest.php:91
/var/www/html/vendor/laravel/framework/src/Illuminate/Foundation/PackageManifest.php:80
/var/www/html/vendor/laravel/framework/src/Illuminate/Foundation/Bootstrap/RegisterFacades.php:26
/var/www/html/vendor/orchestra/testbench-core/src/Concerns/CreatesApplication.php:556
/var/www/html/vendor/orchestra/testbench-core/src/Concerns/CreatesApplication.php:311
/var/www/html/vendor/orchestra/testbench-core/src/TestCase.php:121
/var/www/html/vendor/orchestra/testbench-core/src/Concerns/ApplicationTestingHooks.php:74
/var/www/html/vendor/orchestra/testbench-core/src/Concerns/Testing.php:43
/var/www/html/vendor/laravel/framework/src/Illuminate/Collections/helpers.php:236
/var/www/html/vendor/orchestra/sidekick/src/functions.php:87
/var/www/html/vendor/laravel/framework/src/Illuminate/Collections/helpers.php:236
/var/www/html/vendor/orchestra/testbench-core/src/Concerns/Testing.php:57
/var/www/html/vendor/orchestra/testbench-core/src/TestCase.php:50
/var/www/html/tests/TestCase.php:61
/var/www/html/tests/Unit/Protocol/MessageProcessorTest.php:61</error>
        </testcase>
        <testcase name="constructor_sets_up_all_handlers" file="/var/www/html/tests/Unit/Protocol/MessageProcessorTest.php" line="1217" class="JTD\LaravelMCP\Tests\Unit\Protocol\MessageProcessorTest" classname="JTD.LaravelMCP.Tests.Unit.Protocol.MessageProcessorTest" assertions="0" time="0.000000">
          <error type="Exception">JTD\LaravelMCP\Tests\Unit\Protocol\MessageProcessorTest::constructor_sets_up_all_handlers
Exception: The /var/www/html/vendor/orchestra/testbench-core/laravel/bootstrap/cache directory must be present and writable.

/var/www/html/vendor/laravel/framework/src/Illuminate/Foundation/PackageManifest.php:179
/var/www/html/vendor/orchestra/testbench-core/src/Foundation/PackageManifest.php:157
/var/www/html/vendor/laravel/framework/src/Illuminate/Foundation/PackageManifest.php:132
/var/www/html/vendor/laravel/framework/src/Illuminate/Foundation/PackageManifest.php:108
/var/www/html/vendor/orchestra/testbench-core/src/Foundation/PackageManifest.php:102
/var/www/html/vendor/laravel/framework/src/Illuminate/Foundation/PackageManifest.php:91
/var/www/html/vendor/laravel/framework/src/Illuminate/Foundation/PackageManifest.php:80
/var/www/html/vendor/laravel/framework/src/Illuminate/Foundation/Bootstrap/RegisterFacades.php:26
/var/www/html/vendor/orchestra/testbench-core/src/Concerns/CreatesApplication.php:556
/var/www/html/vendor/orchestra/testbench-core/src/Concerns/CreatesApplication.php:311
/var/www/html/vendor/orchestra/testbench-core/src/TestCase.php:121
/var/www/html/vendor/orchestra/testbench-core/src/Concerns/ApplicationTestingHooks.php:74
/var/www/html/vendor/orchestra/testbench-core/src/Concerns/Testing.php:43
/var/www/html/vendor/laravel/framework/src/Illuminate/Collections/helpers.php:236
/var/www/html/vendor/orchestra/sidekick/src/functions.php:87
/var/www/html/vendor/laravel/framework/src/Illuminate/Collections/helpers.php:236
/var/www/html/vendor/orchestra/testbench-core/src/Concerns/Testing.php:57
/var/www/html/vendor/orchestra/testbench-core/src/TestCase.php:50
/var/www/html/tests/TestCase.php:61
/var/www/html/tests/Unit/Protocol/MessageProcessorTest.php:61</error>
        </testcase>
        <testsuite name="JTD\LaravelMCP\Tests\Unit\Protocol\MessageProcessorTest::on_connect_logs_different_transport_configurations" tests="4" assertions="0" errors="4" failures="0" skipped="0" time="0.000000">
          <testcase name="on_connect_logs_different_transport_configurations with data set &quot;HTTP config&quot;" file="/var/www/html/tests/Unit/Protocol/MessageProcessorTest.php" line="1056" class="JTD\LaravelMCP\Tests\Unit\Protocol\MessageProcessorTest" classname="JTD.LaravelMCP.Tests.Unit.Protocol.MessageProcessorTest" assertions="0" time="0.000000">
            <error type="Exception">JTD\LaravelMCP\Tests\Unit\Protocol\MessageProcessorTest::on_connect_logs_different_transport_configurations with data set "HTTP config"
Exception: The /var/www/html/vendor/orchestra/testbench-core/laravel/bootstrap/cache directory must be present and writable.

/var/www/html/vendor/laravel/framework/src/Illuminate/Foundation/PackageManifest.php:179
/var/www/html/vendor/orchestra/testbench-core/src/Foundation/PackageManifest.php:157
/var/www/html/vendor/laravel/framework/src/Illuminate/Foundation/PackageManifest.php:132
/var/www/html/vendor/laravel/framework/src/Illuminate/Foundation/PackageManifest.php:108
/var/www/html/vendor/orchestra/testbench-core/src/Foundation/PackageManifest.php:102
/var/www/html/vendor/laravel/framework/src/Illuminate/Foundation/PackageManifest.php:91
/var/www/html/vendor/laravel/framework/src/Illuminate/Foundation/PackageManifest.php:80
/var/www/html/vendor/laravel/framework/src/Illuminate/Foundation/Bootstrap/RegisterFacades.php:26
/var/www/html/vendor/orchestra/testbench-core/src/Concerns/CreatesApplication.php:556
/var/www/html/vendor/orchestra/testbench-core/src/Concerns/CreatesApplication.php:311
/var/www/html/vendor/orchestra/testbench-core/src/TestCase.php:121
/var/www/html/vendor/orchestra/testbench-core/src/Concerns/ApplicationTestingHooks.php:74
/var/www/html/vendor/orchestra/testbench-core/src/Concerns/Testing.php:43
/var/www/html/vendor/laravel/framework/src/Illuminate/Collections/helpers.php:236
/var/www/html/vendor/orchestra/sidekick/src/functions.php:87
/var/www/html/vendor/laravel/framework/src/Illuminate/Collections/helpers.php:236
/var/www/html/vendor/orchestra/testbench-core/src/Concerns/Testing.php:57
/var/www/html/vendor/orchestra/testbench-core/src/TestCase.php:50
/var/www/html/tests/TestCase.php:61
/var/www/html/tests/Unit/Protocol/MessageProcessorTest.php:61</error>
          </testcase>
          <testcase name="on_connect_logs_different_transport_configurations with data set &quot;Stdio config&quot;" file="/var/www/html/tests/Unit/Protocol/MessageProcessorTest.php" line="1056" class="JTD\LaravelMCP\Tests\Unit\Protocol\MessageProcessorTest" classname="JTD.LaravelMCP.Tests.Unit.Protocol.MessageProcessorTest" assertions="0" time="0.000000">
            <error type="Exception">JTD\LaravelMCP\Tests\Unit\Protocol\MessageProcessorTest::on_connect_logs_different_transport_configurations with data set "Stdio config"
Exception: The /var/www/html/vendor/orchestra/testbench-core/laravel/bootstrap/cache directory must be present and writable.

/var/www/html/vendor/laravel/framework/src/Illuminate/Foundation/PackageManifest.php:179
/var/www/html/vendor/orchestra/testbench-core/src/Foundation/PackageManifest.php:157
/var/www/html/vendor/laravel/framework/src/Illuminate/Foundation/PackageManifest.php:132
/var/www/html/vendor/laravel/framework/src/Illuminate/Foundation/PackageManifest.php:108
/var/www/html/vendor/orchestra/testbench-core/src/Foundation/PackageManifest.php:102
/var/www/html/vendor/laravel/framework/src/Illuminate/Foundation/PackageManifest.php:91
/var/www/html/vendor/laravel/framework/src/Illuminate/Foundation/PackageManifest.php:80
/var/www/html/vendor/laravel/framework/src/Illuminate/Foundation/Bootstrap/RegisterFacades.php:26
/var/www/html/vendor/orchestra/testbench-core/src/Concerns/CreatesApplication.php:556
/var/www/html/vendor/orchestra/testbench-core/src/Concerns/CreatesApplication.php:311
/var/www/html/vendor/orchestra/testbench-core/src/TestCase.php:121
/var/www/html/vendor/orchestra/testbench-core/src/Concerns/ApplicationTestingHooks.php:74
/var/www/html/vendor/orchestra/testbench-core/src/Concerns/Testing.php:43
/var/www/html/vendor/laravel/framework/src/Illuminate/Collections/helpers.php:236
/var/www/html/vendor/orchestra/sidekick/src/functions.php:87
/var/www/html/vendor/laravel/framework/src/Illuminate/Collections/helpers.php:236
/var/www/html/vendor/orchestra/testbench-core/src/Concerns/Testing.php:57
/var/www/html/vendor/orchestra/testbench-core/src/TestCase.php:50
/var/www/html/tests/TestCase.php:61
/var/www/html/tests/Unit/Protocol/MessageProcessorTest.php:61</error>
          </testcase>
          <testcase name="on_connect_logs_different_transport_configurations with data set &quot;Empty config&quot;" file="/var/www/html/tests/Unit/Protocol/MessageProcessorTest.php" line="1056" class="JTD\LaravelMCP\Tests\Unit\Protocol\MessageProcessorTest" classname="JTD.LaravelMCP.Tests.Unit.Protocol.MessageProcessorTest" assertions="0" time="0.000000">
            <error type="Exception">JTD\LaravelMCP\Tests\Unit\Protocol\MessageProcessorTest::on_connect_logs_different_transport_configurations with data set "Empty config"
Exception: The /var/www/html/vendor/orchestra/testbench-core/laravel/bootstrap/cache directory must be present and writable.

/var/www/html/vendor/laravel/framework/src/Illuminate/Foundation/PackageManifest.php:179
/var/www/html/vendor/orchestra/testbench-core/src/Foundation/PackageManifest.php:157
/var/www/html/vendor/laravel/framework/src/Illuminate/Foundation/PackageManifest.php:132
/var/www/html/vendor/laravel/framework/src/Illuminate/Foundation/PackageManifest.php:108
/var/www/html/vendor/orchestra/testbench-core/src/Foundation/PackageManifest.php:102
/var/www/html/vendor/laravel/framework/src/Illuminate/Foundation/PackageManifest.php:91
/var/www/html/vendor/laravel/framework/src/Illuminate/Foundation/PackageManifest.php:80
/var/www/html/vendor/laravel/framework/src/Illuminate/Foundation/Bootstrap/RegisterFacades.php:26
/var/www/html/vendor/orchestra/testbench-core/src/Concerns/CreatesApplication.php:556
/var/www/html/vendor/orchestra/testbench-core/src/Concerns/CreatesApplication.php:311
/var/www/html/vendor/orchestra/testbench-core/src/TestCase.php:121
/var/www/html/vendor/orchestra/testbench-core/src/Concerns/ApplicationTestingHooks.php:74
/var/www/html/vendor/orchestra/testbench-core/src/Concerns/Testing.php:43
/var/www/html/vendor/laravel/framework/src/Illuminate/Collections/helpers.php:236
/var/www/html/vendor/orchestra/sidekick/src/functions.php:87
/var/www/html/vendor/laravel/framework/src/Illuminate/Collections/helpers.php:236
/var/www/html/vendor/orchestra/testbench-core/src/Concerns/Testing.php:57
/var/www/html/vendor/orchestra/testbench-core/src/TestCase.php:50
/var/www/html/tests/TestCase.php:61
/var/www/html/tests/Unit/Protocol/MessageProcessorTest.php:61</error>
          </testcase>
          <testcase name="on_connect_logs_different_transport_configurations with data set &quot;Custom config&quot;" file="/var/www/html/tests/Unit/Protocol/MessageProcessorTest.php" line="1056" class="JTD\LaravelMCP\Tests\Unit\Protocol\MessageProcessorTest" classname="JTD.LaravelMCP.Tests.Unit.Protocol.MessageProcessorTest" assertions="0" time="0.000000">
            <error type="Exception">JTD\LaravelMCP\Tests\Unit\Protocol\MessageProcessorTest::on_connect_logs_different_transport_configurations with data set "Custom config"
Exception: The /var/www/html/vendor/orchestra/testbench-core/laravel/bootstrap/cache directory must be present and writable.

/var/www/html/vendor/laravel/framework/src/Illuminate/Foundation/PackageManifest.php:179
/var/www/html/vendor/orchestra/testbench-core/src/Foundation/PackageManifest.php:157
/var/www/html/vendor/laravel/framework/src/Illuminate/Foundation/PackageManifest.php:132
/var/www/html/vendor/laravel/framework/src/Illuminate/Foundation/PackageManifest.php:108
/var/www/html/vendor/orchestra/testbench-core/src/Foundation/PackageManifest.php:102
/var/www/html/vendor/laravel/framework/src/Illuminate/Foundation/PackageManifest.php:91
/var/www/html/vendor/laravel/framework/src/Illuminate/Foundation/PackageManifest.php:80
/var/www/html/vendor/laravel/framework/src/Illuminate/Foundation/Bootstrap/RegisterFacades.php:26
/var/www/html/vendor/orchestra/testbench-core/src/Concerns/CreatesApplication.php:556
/var/www/html/vendor/orchestra/testbench-core/src/Concerns/CreatesApplication.php:311
/var/www/html/vendor/orchestra/testbench-core/src/TestCase.php:121
/var/www/html/vendor/orchestra/testbench-core/src/Concerns/ApplicationTestingHooks.php:74
/var/www/html/vendor/orchestra/testbench-core/src/Concerns/Testing.php:43
/var/www/html/vendor/laravel/framework/src/Illuminate/Collections/helpers.php:236
/var/www/html/vendor/orchestra/sidekick/src/functions.php:87
/var/www/html/vendor/laravel/framework/src/Illuminate/Collections/helpers.php:236
/var/www/html/vendor/orchestra/testbench-core/src/Concerns/Testing.php:57
/var/www/html/vendor/orchestra/testbench-core/src/TestCase.php:50
/var/www/html/tests/TestCase.php:61
/var/www/html/tests/Unit/Protocol/MessageProcessorTest.php:61</error>
          </testcase>
        </testsuite>
        <testsuite name="JTD\LaravelMCP\Tests\Unit\Protocol\MessageProcessorTest::handle_error_logs_different_error_types" tests="4" assertions="0" errors="4" failures="0" skipped="0" time="0.000000">
          <testcase name="handle_error_logs_different_error_types with data set &quot;Runtime exception&quot;" file="/var/www/html/tests/Unit/Protocol/MessageProcessorTest.php" line="1124" class="JTD\LaravelMCP\Tests\Unit\Protocol\MessageProcessorTest" classname="JTD.LaravelMCP.Tests.Unit.Protocol.MessageProcessorTest" assertions="0" time="0.000000">
            <error type="Exception">JTD\LaravelMCP\Tests\Unit\Protocol\MessageProcessorTest::handle_error_logs_different_error_types with data set "Runtime exception"
Exception: The /var/www/html/vendor/orchestra/testbench-core/laravel/bootstrap/cache directory must be present and writable.

/var/www/html/vendor/laravel/framework/src/Illuminate/Foundation/PackageManifest.php:179
/var/www/html/vendor/orchestra/testbench-core/src/Foundation/PackageManifest.php:157
/var/www/html/vendor/laravel/framework/src/Illuminate/Foundation/PackageManifest.php:132
/var/www/html/vendor/laravel/framework/src/Illuminate/Foundation/PackageManifest.php:108
/var/www/html/vendor/orchestra/testbench-core/src/Foundation/PackageManifest.php:102
/var/www/html/vendor/laravel/framework/src/Illuminate/Foundation/PackageManifest.php:91
/var/www/html/vendor/laravel/framework/src/Illuminate/Foundation/PackageManifest.php:80
/var/www/html/vendor/laravel/framework/src/Illuminate/Foundation/Bootstrap/RegisterFacades.php:26
/var/www/html/vendor/orchestra/testbench-core/src/Concerns/CreatesApplication.php:556
/var/www/html/vendor/orchestra/testbench-core/src/Concerns/CreatesApplication.php:311
/var/www/html/vendor/orchestra/testbench-core/src/TestCase.php:121
/var/www/html/vendor/orchestra/testbench-core/src/Concerns/ApplicationTestingHooks.php:74
/var/www/html/vendor/orchestra/testbench-core/src/Concerns/Testing.php:43
/var/www/html/vendor/laravel/framework/src/Illuminate/Collections/helpers.php:236
/var/www/html/vendor/orchestra/sidekick/src/functions.php:87
/var/www/html/vendor/laravel/framework/src/Illuminate/Collections/helpers.php:236
/var/www/html/vendor/orchestra/testbench-core/src/Concerns/Testing.php:57
/var/www/html/vendor/orchestra/testbench-core/src/TestCase.php:50
/var/www/html/tests/TestCase.php:61
/var/www/html/tests/Unit/Protocol/MessageProcessorTest.php:61</error>
          </testcase>
          <testcase name="handle_error_logs_different_error_types with data set &quot;Protocol exception&quot;" file="/var/www/html/tests/Unit/Protocol/MessageProcessorTest.php" line="1124" class="JTD\LaravelMCP\Tests\Unit\Protocol\MessageProcessorTest" classname="JTD.LaravelMCP.Tests.Unit.Protocol.MessageProcessorTest" assertions="0" time="0.000000">
            <error type="Exception">JTD\LaravelMCP\Tests\Unit\Protocol\MessageProcessorTest::handle_error_logs_different_error_types with data set "Protocol exception"
Exception: The /var/www/html/vendor/orchestra/testbench-core/laravel/bootstrap/cache directory must be present and writable.

/var/www/html/vendor/laravel/framework/src/Illuminate/Foundation/PackageManifest.php:179
/var/www/html/vendor/orchestra/testbench-core/src/Foundation/PackageManifest.php:157
/var/www/html/vendor/laravel/framework/src/Illuminate/Foundation/PackageManifest.php:132
/var/www/html/vendor/laravel/framework/src/Illuminate/Foundation/PackageManifest.php:108
/var/www/html/vendor/orchestra/testbench-core/src/Foundation/PackageManifest.php:102
/var/www/html/vendor/laravel/framework/src/Illuminate/Foundation/PackageManifest.php:91
/var/www/html/vendor/laravel/framework/src/Illuminate/Foundation/PackageManifest.php:80
/var/www/html/vendor/laravel/framework/src/Illuminate/Foundation/Bootstrap/RegisterFacades.php:26
/var/www/html/vendor/orchestra/testbench-core/src/Concerns/CreatesApplication.php:556
/var/www/html/vendor/orchestra/testbench-core/src/Concerns/CreatesApplication.php:311
/var/www/html/vendor/orchestra/testbench-core/src/TestCase.php:121
/var/www/html/vendor/orchestra/testbench-core/src/Concerns/ApplicationTestingHooks.php:74
/var/www/html/vendor/orchestra/testbench-core/src/Concerns/Testing.php:43
/var/www/html/vendor/laravel/framework/src/Illuminate/Collections/helpers.php:236
/var/www/html/vendor/orchestra/sidekick/src/functions.php:87
/var/www/html/vendor/laravel/framework/src/Illuminate/Collections/helpers.php:236
/var/www/html/vendor/orchestra/testbench-core/src/Concerns/Testing.php:57
/var/www/html/vendor/orchestra/testbench-core/src/TestCase.php:50
/var/www/html/tests/TestCase.php:61
/var/www/html/tests/Unit/Protocol/MessageProcessorTest.php:61</error>
          </testcase>
          <testcase name="handle_error_logs_different_error_types with data set &quot;Invalid argument exception&quot;" file="/var/www/html/tests/Unit/Protocol/MessageProcessorTest.php" line="1124" class="JTD\LaravelMCP\Tests\Unit\Protocol\MessageProcessorTest" classname="JTD.LaravelMCP.Tests.Unit.Protocol.MessageProcessorTest" assertions="0" time="0.000000">
            <error type="Exception">JTD\LaravelMCP\Tests\Unit\Protocol\MessageProcessorTest::handle_error_logs_different_error_types with data set "Invalid argument exception"
Exception: The /var/www/html/vendor/orchestra/testbench-core/laravel/bootstrap/cache directory must be present and writable.

/var/www/html/vendor/laravel/framework/src/Illuminate/Foundation/PackageManifest.php:179
/var/www/html/vendor/orchestra/testbench-core/src/Foundation/PackageManifest.php:157
/var/www/html/vendor/laravel/framework/src/Illuminate/Foundation/PackageManifest.php:132
/var/www/html/vendor/laravel/framework/src/Illuminate/Foundation/PackageManifest.php:108
/var/www/html/vendor/orchestra/testbench-core/src/Foundation/PackageManifest.php:102
/var/www/html/vendor/laravel/framework/src/Illuminate/Foundation/PackageManifest.php:91
/var/www/html/vendor/laravel/framework/src/Illuminate/Foundation/PackageManifest.php:80
/var/www/html/vendor/laravel/framework/src/Illuminate/Foundation/Bootstrap/RegisterFacades.php:26
/var/www/html/vendor/orchestra/testbench-core/src/Concerns/CreatesApplication.php:556
/var/www/html/vendor/orchestra/testbench-core/src/Concerns/CreatesApplication.php:311
/var/www/html/vendor/orchestra/testbench-core/src/TestCase.php:121
/var/www/html/vendor/orchestra/testbench-core/src/Concerns/ApplicationTestingHooks.php:74
/var/www/html/vendor/orchestra/testbench-core/src/Concerns/Testing.php:43
/var/www/html/vendor/laravel/framework/src/Illuminate/Collections/helpers.php:236
/var/www/html/vendor/orchestra/sidekick/src/functions.php:87
/var/www/html/vendor/laravel/framework/src/Illuminate/Collections/helpers.php:236
/var/www/html/vendor/orchestra/testbench-core/src/Concerns/Testing.php:57
/var/www/html/vendor/orchestra/testbench-core/src/TestCase.php:50
/var/www/html/tests/TestCase.php:61
/var/www/html/tests/Unit/Protocol/MessageProcessorTest.php:61</error>
          </testcase>
          <testcase name="handle_error_logs_different_error_types with data set &quot;Exception with no message&quot;" file="/var/www/html/tests/Unit/Protocol/MessageProcessorTest.php" line="1124" class="JTD\LaravelMCP\Tests\Unit\Protocol\MessageProcessorTest" classname="JTD.LaravelMCP.Tests.Unit.Protocol.MessageProcessorTest" assertions="0" time="0.000000">
            <error type="Exception">JTD\LaravelMCP\Tests\Unit\Protocol\MessageProcessorTest::handle_error_logs_different_error_types with data set "Exception with no message"
Exception: The /var/www/html/vendor/orchestra/testbench-core/laravel/bootstrap/cache directory must be present and writable.

/var/www/html/vendor/laravel/framework/src/Illuminate/Foundation/PackageManifest.php:179
/var/www/html/vendor/orchestra/testbench-core/src/Foundation/PackageManifest.php:157
/var/www/html/vendor/laravel/framework/src/Illuminate/Foundation/PackageManifest.php:132
/var/www/html/vendor/laravel/framework/src/Illuminate/Foundation/PackageManifest.php:108
/var/www/html/vendor/orchestra/testbench-core/src/Foundation/PackageManifest.php:102
/var/www/html/vendor/laravel/framework/src/Illuminate/Foundation/PackageManifest.php:91
/var/www/html/vendor/laravel/framework/src/Illuminate/Foundation/PackageManifest.php:80
/var/www/html/vendor/laravel/framework/src/Illuminate/Foundation/Bootstrap/RegisterFacades.php:26
/var/www/html/vendor/orchestra/testbench-core/src/Concerns/CreatesApplication.php:556
/var/www/html/vendor/orchestra/testbench-core/src/Concerns/CreatesApplication.php:311
/var/www/html/vendor/orchestra/testbench-core/src/TestCase.php:121
/var/www/html/vendor/orchestra/testbench-core/src/Concerns/ApplicationTestingHooks.php:74
/var/www/html/vendor/orchestra/testbench-core/src/Concerns/Testing.php:43
/var/www/html/vendor/laravel/framework/src/Illuminate/Collections/helpers.php:236
/var/www/html/vendor/orchestra/sidekick/src/functions.php:87
/var/www/html/vendor/laravel/framework/src/Illuminate/Collections/helpers.php:236
/var/www/html/vendor/orchestra/testbench-core/src/Concerns/Testing.php:57
/var/www/html/vendor/orchestra/testbench-core/src/TestCase.php:50
/var/www/html/tests/TestCase.php:61
/var/www/html/tests/Unit/Protocol/MessageProcessorTest.php:61</error>
          </testcase>
        </testsuite>
        <testsuite name="JTD\LaravelMCP\Tests\Unit\Protocol\MessageProcessorTest::handle_message_edge_cases" tests="5" assertions="0" errors="5" failures="0" skipped="0" time="0.000000">
          <testcase name="handle_message_edge_cases with data set &quot;Empty message&quot;" file="/var/www/html/tests/Unit/Protocol/MessageProcessorTest.php" line="1154" class="JTD\LaravelMCP\Tests\Unit\Protocol\MessageProcessorTest" classname="JTD.LaravelMCP.Tests.Unit.Protocol.MessageProcessorTest" assertions="0" time="0.000000">
            <error type="Exception">JTD\LaravelMCP\Tests\Unit\Protocol\MessageProcessorTest::handle_message_edge_cases with data set "Empty message"
Exception: The /var/www/html/vendor/orchestra/testbench-core/laravel/bootstrap/cache directory must be present and writable.

/var/www/html/vendor/laravel/framework/src/Illuminate/Foundation/PackageManifest.php:179
/var/www/html/vendor/orchestra/testbench-core/src/Foundation/PackageManifest.php:157
/var/www/html/vendor/laravel/framework/src/Illuminate/Foundation/PackageManifest.php:132
/var/www/html/vendor/laravel/framework/src/Illuminate/Foundation/PackageManifest.php:108
/var/www/html/vendor/orchestra/testbench-core/src/Foundation/PackageManifest.php:102
/var/www/html/vendor/laravel/framework/src/Illuminate/Foundation/PackageManifest.php:91
/var/www/html/vendor/laravel/framework/src/Illuminate/Foundation/PackageManifest.php:80
/var/www/html/vendor/laravel/framework/src/Illuminate/Foundation/Bootstrap/RegisterFacades.php:26
/var/www/html/vendor/orchestra/testbench-core/src/Concerns/CreatesApplication.php:556
/var/www/html/vendor/orchestra/testbench-core/src/Concerns/CreatesApplication.php:311
/var/www/html/vendor/orchestra/testbench-core/src/TestCase.php:121
/var/www/html/vendor/orchestra/testbench-core/src/Concerns/ApplicationTestingHooks.php:74
/var/www/html/vendor/orchestra/testbench-core/src/Concerns/Testing.php:43
/var/www/html/vendor/laravel/framework/src/Illuminate/Collections/helpers.php:236
/var/www/html/vendor/orchestra/sidekick/src/functions.php:87
/var/www/html/vendor/laravel/framework/src/Illuminate/Collections/helpers.php:236
/var/www/html/vendor/orchestra/testbench-core/src/Concerns/Testing.php:57
/var/www/html/vendor/orchestra/testbench-core/src/TestCase.php:50
/var/www/html/tests/TestCase.php:61
/var/www/html/tests/Unit/Protocol/MessageProcessorTest.php:61</error>
          </testcase>
          <testcase name="handle_message_edge_cases with data set &quot;Message with null values&quot;" file="/var/www/html/tests/Unit/Protocol/MessageProcessorTest.php" line="1154" class="JTD\LaravelMCP\Tests\Unit\Protocol\MessageProcessorTest" classname="JTD.LaravelMCP.Tests.Unit.Protocol.MessageProcessorTest" assertions="0" time="0.000000">
            <error type="Exception">JTD\LaravelMCP\Tests\Unit\Protocol\MessageProcessorTest::handle_message_edge_cases with data set "Message with null values"
Exception: The /var/www/html/vendor/orchestra/testbench-core/laravel/bootstrap/cache directory must be present and writable.

/var/www/html/vendor/laravel/framework/src/Illuminate/Foundation/PackageManifest.php:179
/var/www/html/vendor/orchestra/testbench-core/src/Foundation/PackageManifest.php:157
/var/www/html/vendor/laravel/framework/src/Illuminate/Foundation/PackageManifest.php:132
/var/www/html/vendor/laravel/framework/src/Illuminate/Foundation/PackageManifest.php:108
/var/www/html/vendor/orchestra/testbench-core/src/Foundation/PackageManifest.php:102
/var/www/html/vendor/laravel/framework/src/Illuminate/Foundation/PackageManifest.php:91
/var/www/html/vendor/laravel/framework/src/Illuminate/Foundation/PackageManifest.php:80
/var/www/html/vendor/laravel/framework/src/Illuminate/Foundation/Bootstrap/RegisterFacades.php:26
/var/www/html/vendor/orchestra/testbench-core/src/Concerns/CreatesApplication.php:556
/var/www/html/vendor/orchestra/testbench-core/src/Concerns/CreatesApplication.php:311
/var/www/html/vendor/orchestra/testbench-core/src/TestCase.php:121
/var/www/html/vendor/orchestra/testbench-core/src/Concerns/ApplicationTestingHooks.php:74
/var/www/html/vendor/orchestra/testbench-core/src/Concerns/Testing.php:43
/var/www/html/vendor/laravel/framework/src/Illuminate/Collections/helpers.php:236
/var/www/html/vendor/orchestra/sidekick/src/functions.php:87
/var/www/html/vendor/laravel/framework/src/Illuminate/Collections/helpers.php:236
/var/www/html/vendor/orchestra/testbench-core/src/Concerns/Testing.php:57
/var/www/html/vendor/orchestra/testbench-core/src/TestCase.php:50
/var/www/html/tests/TestCase.php:61
/var/www/html/tests/Unit/Protocol/MessageProcessorTest.php:61</error>
          </testcase>
          <testcase name="handle_message_edge_cases with data set &quot;Message with numeric method&quot;" file="/var/www/html/tests/Unit/Protocol/MessageProcessorTest.php" line="1154" class="JTD\LaravelMCP\Tests\Unit\Protocol\MessageProcessorTest" classname="JTD.LaravelMCP.Tests.Unit.Protocol.MessageProcessorTest" assertions="0" time="0.000000">
            <error type="Exception">JTD\LaravelMCP\Tests\Unit\Protocol\MessageProcessorTest::handle_message_edge_cases with data set "Message with numeric method"
Exception: The /var/www/html/vendor/orchestra/testbench-core/laravel/bootstrap/cache directory must be present and writable.

/var/www/html/vendor/laravel/framework/src/Illuminate/Foundation/PackageManifest.php:179
/var/www/html/vendor/orchestra/testbench-core/src/Foundation/PackageManifest.php:157
/var/www/html/vendor/laravel/framework/src/Illuminate/Foundation/PackageManifest.php:132
/var/www/html/vendor/laravel/framework/src/Illuminate/Foundation/PackageManifest.php:108
/var/www/html/vendor/orchestra/testbench-core/src/Foundation/PackageManifest.php:102
/var/www/html/vendor/laravel/framework/src/Illuminate/Foundation/PackageManifest.php:91
/var/www/html/vendor/laravel/framework/src/Illuminate/Foundation/PackageManifest.php:80
/var/www/html/vendor/laravel/framework/src/Illuminate/Foundation/Bootstrap/RegisterFacades.php:26
/var/www/html/vendor/orchestra/testbench-core/src/Concerns/CreatesApplication.php:556
/var/www/html/vendor/orchestra/testbench-core/src/Concerns/CreatesApplication.php:311
/var/www/html/vendor/orchestra/testbench-core/src/TestCase.php:121
/var/www/html/vendor/orchestra/testbench-core/src/Concerns/ApplicationTestingHooks.php:74
/var/www/html/vendor/orchestra/testbench-core/src/Concerns/Testing.php:43
/var/www/html/vendor/laravel/framework/src/Illuminate/Collections/helpers.php:236
/var/www/html/vendor/orchestra/sidekick/src/functions.php:87
/var/www/html/vendor/laravel/framework/src/Illuminate/Collections/helpers.php:236
/var/www/html/vendor/orchestra/testbench-core/src/Concerns/Testing.php:57
/var/www/html/vendor/orchestra/testbench-core/src/TestCase.php:50
/var/www/html/tests/TestCase.php:61
/var/www/html/tests/Unit/Protocol/MessageProcessorTest.php:61</error>
          </testcase>
          <testcase name="handle_message_edge_cases with data set &quot;Very large message&quot;" file="/var/www/html/tests/Unit/Protocol/MessageProcessorTest.php" line="1154" class="JTD\LaravelMCP\Tests\Unit\Protocol\MessageProcessorTest" classname="JTD.LaravelMCP.Tests.Unit.Protocol.MessageProcessorTest" assertions="0" time="0.000000">
            <error type="Exception">JTD\LaravelMCP\Tests\Unit\Protocol\MessageProcessorTest::handle_message_edge_cases with data set "Very large message"
Exception: The /var/www/html/vendor/orchestra/testbench-core/laravel/bootstrap/cache directory must be present and writable.

/var/www/html/vendor/laravel/framework/src/Illuminate/Foundation/PackageManifest.php:179
/var/www/html/vendor/orchestra/testbench-core/src/Foundation/PackageManifest.php:157
/var/www/html/vendor/laravel/framework/src/Illuminate/Foundation/PackageManifest.php:132
/var/www/html/vendor/laravel/framework/src/Illuminate/Foundation/PackageManifest.php:108
/var/www/html/vendor/orchestra/testbench-core/src/Foundation/PackageManifest.php:102
/var/www/html/vendor/laravel/framework/src/Illuminate/Foundation/PackageManifest.php:91
/var/www/html/vendor/laravel/framework/src/Illuminate/Foundation/PackageManifest.php:80
/var/www/html/vendor/laravel/framework/src/Illuminate/Foundation/Bootstrap/RegisterFacades.php:26
/var/www/html/vendor/orchestra/testbench-core/src/Concerns/CreatesApplication.php:556
/var/www/html/vendor/orchestra/testbench-core/src/Concerns/CreatesApplication.php:311
/var/www/html/vendor/orchestra/testbench-core/src/TestCase.php:121
/var/www/html/vendor/orchestra/testbench-core/src/Concerns/ApplicationTestingHooks.php:74
/var/www/html/vendor/orchestra/testbench-core/src/Concerns/Testing.php:43
/var/www/html/vendor/laravel/framework/src/Illuminate/Collections/helpers.php:236
/var/www/html/vendor/orchestra/sidekick/src/functions.php:87
/var/www/html/vendor/laravel/framework/src/Illuminate/Collections/helpers.php:236
/var/www/html/vendor/orchestra/testbench-core/src/Concerns/Testing.php:57
/var/www/html/vendor/orchestra/testbench-core/src/TestCase.php:50
/var/www/html/tests/TestCase.php:61
/var/www/html/tests/Unit/Protocol/MessageProcessorTest.php:61</error>
          </testcase>
          <testcase name="handle_message_edge_cases with data set &quot;Exception during validation&quot;" file="/var/www/html/tests/Unit/Protocol/MessageProcessorTest.php" line="1154" class="JTD\LaravelMCP\Tests\Unit\Protocol\MessageProcessorTest" classname="JTD.LaravelMCP.Tests.Unit.Protocol.MessageProcessorTest" assertions="0" time="0.000000">
            <error type="Exception">JTD\LaravelMCP\Tests\Unit\Protocol\MessageProcessorTest::handle_message_edge_cases with data set "Exception during validation"
Exception: The /var/www/html/vendor/orchestra/testbench-core/laravel/bootstrap/cache directory must be present and writable.

/var/www/html/vendor/laravel/framework/src/Illuminate/Foundation/PackageManifest.php:179
/var/www/html/vendor/orchestra/testbench-core/src/Foundation/PackageManifest.php:157
/var/www/html/vendor/laravel/framework/src/Illuminate/Foundation/PackageManifest.php:132
/var/www/html/vendor/laravel/framework/src/Illuminate/Foundation/PackageManifest.php:108
/var/www/html/vendor/orchestra/testbench-core/src/Foundation/PackageManifest.php:102
/var/www/html/vendor/laravel/framework/src/Illuminate/Foundation/PackageManifest.php:91
/var/www/html/vendor/laravel/framework/src/Illuminate/Foundation/PackageManifest.php:80
/var/www/html/vendor/laravel/framework/src/Illuminate/Foundation/Bootstrap/RegisterFacades.php:26
/var/www/html/vendor/orchestra/testbench-core/src/Concerns/CreatesApplication.php:556
/var/www/html/vendor/orchestra/testbench-core/src/Concerns/CreatesApplication.php:311
/var/www/html/vendor/orchestra/testbench-core/src/TestCase.php:121
/var/www/html/vendor/orchestra/testbench-core/src/Concerns/ApplicationTestingHooks.php:74
/var/www/html/vendor/orchestra/testbench-core/src/Concerns/Testing.php:43
/var/www/html/vendor/laravel/framework/src/Illuminate/Collections/helpers.php:236
/var/www/html/vendor/orchestra/sidekick/src/functions.php:87
/var/www/html/vendor/laravel/framework/src/Illuminate/Collections/helpers.php:236
/var/www/html/vendor/orchestra/testbench-core/src/Concerns/Testing.php:57
/var/www/html/vendor/orchestra/testbench-core/src/TestCase.php:50
/var/www/html/tests/TestCase.php:61
/var/www/html/tests/Unit/Protocol/MessageProcessorTest.php:61</error>
          </testcase>
        </testsuite>
      </testsuite>
      <testsuite name="Tests\Unit\Protocol\NotificationHandlerTest" file="/var/www/html/tests/Unit/Protocol/NotificationHandlerTest.php" tests="9" assertions="0" errors="9" failures="0" skipped="0" time="0.000000">
        <testcase name="test_broadcast_notification_fires_events" file="/var/www/html/tests/Unit/Protocol/NotificationHandlerTest.php" line="65" class="Tests\Unit\Protocol\NotificationHandlerTest" classname="Tests.Unit.Protocol.NotificationHandlerTest" assertions="0" time="0.000000">
          <error type="Exception">Tests\Unit\Protocol\NotificationHandlerTest::test_broadcast_notification_fires_events
Exception: The /var/www/html/vendor/orchestra/testbench-core/laravel/bootstrap/cache directory must be present and writable.

/var/www/html/vendor/laravel/framework/src/Illuminate/Foundation/PackageManifest.php:179
/var/www/html/vendor/orchestra/testbench-core/src/Foundation/PackageManifest.php:157
/var/www/html/vendor/laravel/framework/src/Illuminate/Foundation/PackageManifest.php:132
/var/www/html/vendor/laravel/framework/src/Illuminate/Foundation/PackageManifest.php:108
/var/www/html/vendor/orchestra/testbench-core/src/Foundation/PackageManifest.php:102
/var/www/html/vendor/laravel/framework/src/Illuminate/Foundation/PackageManifest.php:91
/var/www/html/vendor/laravel/framework/src/Illuminate/Foundation/PackageManifest.php:80
/var/www/html/vendor/laravel/framework/src/Illuminate/Foundation/Bootstrap/RegisterFacades.php:26
/var/www/html/vendor/orchestra/testbench-core/src/Concerns/CreatesApplication.php:556
/var/www/html/vendor/orchestra/testbench-core/src/Concerns/CreatesApplication.php:311
/var/www/html/vendor/orchestra/testbench-core/src/TestCase.php:121
/var/www/html/vendor/orchestra/testbench-core/src/Concerns/ApplicationTestingHooks.php:74
/var/www/html/vendor/orchestra/testbench-core/src/Concerns/Testing.php:43
/var/www/html/vendor/laravel/framework/src/Illuminate/Collections/helpers.php:236
/var/www/html/vendor/orchestra/sidekick/src/functions.php:87
/var/www/html/vendor/laravel/framework/src/Illuminate/Collections/helpers.php:236
/var/www/html/vendor/orchestra/testbench-core/src/Concerns/Testing.php:57
/var/www/html/vendor/orchestra/testbench-core/src/TestCase.php:50
/var/www/html/tests/Unit/Protocol/NotificationHandlerTest.php:31</error>
        </testcase>
        <testcase name="test_subscribe_and_unsubscribe" file="/var/www/html/tests/Unit/Protocol/NotificationHandlerTest.php" line="80" class="Tests\Unit\Protocol\NotificationHandlerTest" classname="Tests.Unit.Protocol.NotificationHandlerTest" assertions="0" time="0.000000">
          <error type="Exception">Tests\Unit\Protocol\NotificationHandlerTest::test_subscribe_and_unsubscribe
Exception: The /var/www/html/vendor/orchestra/testbench-core/laravel/bootstrap/cache directory must be present and writable.

/var/www/html/vendor/laravel/framework/src/Illuminate/Foundation/PackageManifest.php:179
/var/www/html/vendor/orchestra/testbench-core/src/Foundation/PackageManifest.php:157
/var/www/html/vendor/laravel/framework/src/Illuminate/Foundation/PackageManifest.php:132
/var/www/html/vendor/laravel/framework/src/Illuminate/Foundation/PackageManifest.php:108
/var/www/html/vendor/orchestra/testbench-core/src/Foundation/PackageManifest.php:102
/var/www/html/vendor/laravel/framework/src/Illuminate/Foundation/PackageManifest.php:91
/var/www/html/vendor/laravel/framework/src/Illuminate/Foundation/PackageManifest.php:80
/var/www/html/vendor/laravel/framework/src/Illuminate/Foundation/Bootstrap/RegisterFacades.php:26
/var/www/html/vendor/orchestra/testbench-core/src/Concerns/CreatesApplication.php:556
/var/www/html/vendor/orchestra/testbench-core/src/Concerns/CreatesApplication.php:311
/var/www/html/vendor/orchestra/testbench-core/src/TestCase.php:121
/var/www/html/vendor/orchestra/testbench-core/src/Concerns/ApplicationTestingHooks.php:74
/var/www/html/vendor/orchestra/testbench-core/src/Concerns/Testing.php:43
/var/www/html/vendor/laravel/framework/src/Illuminate/Collections/helpers.php:236
/var/www/html/vendor/orchestra/sidekick/src/functions.php:87
/var/www/html/vendor/laravel/framework/src/Illuminate/Collections/helpers.php:236
/var/www/html/vendor/orchestra/testbench-core/src/Concerns/Testing.php:57
/var/www/html/vendor/orchestra/testbench-core/src/TestCase.php:50
/var/www/html/tests/Unit/Protocol/NotificationHandlerTest.php:31</error>
        </testcase>
        <testcase name="test_notification_filtering" file="/var/www/html/tests/Unit/Protocol/NotificationHandlerTest.php" line="103" class="Tests\Unit\Protocol\NotificationHandlerTest" classname="Tests.Unit.Protocol.NotificationHandlerTest" assertions="0" time="0.000000">
          <error type="Exception">Tests\Unit\Protocol\NotificationHandlerTest::test_notification_filtering
Exception: The /var/www/html/vendor/orchestra/testbench-core/laravel/bootstrap/cache directory must be present and writable.

/var/www/html/vendor/laravel/framework/src/Illuminate/Foundation/PackageManifest.php:179
/var/www/html/vendor/orchestra/testbench-core/src/Foundation/PackageManifest.php:157
/var/www/html/vendor/laravel/framework/src/Illuminate/Foundation/PackageManifest.php:132
/var/www/html/vendor/laravel/framework/src/Illuminate/Foundation/PackageManifest.php:108
/var/www/html/vendor/orchestra/testbench-core/src/Foundation/PackageManifest.php:102
/var/www/html/vendor/laravel/framework/src/Illuminate/Foundation/PackageManifest.php:91
/var/www/html/vendor/laravel/framework/src/Illuminate/Foundation/PackageManifest.php:80
/var/www/html/vendor/laravel/framework/src/Illuminate/Foundation/Bootstrap/RegisterFacades.php:26
/var/www/html/vendor/orchestra/testbench-core/src/Concerns/CreatesApplication.php:556
/var/www/html/vendor/orchestra/testbench-core/src/Concerns/CreatesApplication.php:311
/var/www/html/vendor/orchestra/testbench-core/src/TestCase.php:121
/var/www/html/vendor/orchestra/testbench-core/src/Concerns/ApplicationTestingHooks.php:74
/var/www/html/vendor/orchestra/testbench-core/src/Concerns/Testing.php:43
/var/www/html/vendor/laravel/framework/src/Illuminate/Collections/helpers.php:236
/var/www/html/vendor/orchestra/sidekick/src/functions.php:87
/var/www/html/vendor/laravel/framework/src/Illuminate/Collections/helpers.php:236
/var/www/html/vendor/orchestra/testbench-core/src/Concerns/Testing.php:57
/var/www/html/vendor/orchestra/testbench-core/src/TestCase.php:50
/var/www/html/tests/Unit/Protocol/NotificationHandlerTest.php:31</error>
        </testcase>
        <testcase name="test_queued_notification_delivery" file="/var/www/html/tests/Unit/Protocol/NotificationHandlerTest.php" line="135" class="Tests\Unit\Protocol\NotificationHandlerTest" classname="Tests.Unit.Protocol.NotificationHandlerTest" assertions="0" time="0.000000">
          <error type="Exception">Tests\Unit\Protocol\NotificationHandlerTest::test_queued_notification_delivery
Exception: The /var/www/html/vendor/orchestra/testbench-core/laravel/bootstrap/cache directory must be present and writable.

/var/www/html/vendor/laravel/framework/src/Illuminate/Foundation/PackageManifest.php:179
/var/www/html/vendor/orchestra/testbench-core/src/Foundation/PackageManifest.php:157
/var/www/html/vendor/laravel/framework/src/Illuminate/Foundation/PackageManifest.php:132
/var/www/html/vendor/laravel/framework/src/Illuminate/Foundation/PackageManifest.php:108
/var/www/html/vendor/orchestra/testbench-core/src/Foundation/PackageManifest.php:102
/var/www/html/vendor/laravel/framework/src/Illuminate/Foundation/PackageManifest.php:91
/var/www/html/vendor/laravel/framework/src/Illuminate/Foundation/PackageManifest.php:80
/var/www/html/vendor/laravel/framework/src/Illuminate/Foundation/Bootstrap/RegisterFacades.php:26
/var/www/html/vendor/orchestra/testbench-core/src/Concerns/CreatesApplication.php:556
/var/www/html/vendor/orchestra/testbench-core/src/Concerns/CreatesApplication.php:311
/var/www/html/vendor/orchestra/testbench-core/src/TestCase.php:121
/var/www/html/vendor/orchestra/testbench-core/src/Concerns/ApplicationTestingHooks.php:74
/var/www/html/vendor/orchestra/testbench-core/src/Concerns/Testing.php:43
/var/www/html/vendor/laravel/framework/src/Illuminate/Collections/helpers.php:236
/var/www/html/vendor/orchestra/sidekick/src/functions.php:87
/var/www/html/vendor/laravel/framework/src/Illuminate/Collections/helpers.php:236
/var/www/html/vendor/orchestra/testbench-core/src/Concerns/Testing.php:57
/var/www/html/vendor/orchestra/testbench-core/src/TestCase.php:50
/var/www/html/tests/Unit/Protocol/NotificationHandlerTest.php:31</error>
        </testcase>
        <testcase name="test_sse_response_creation" file="/var/www/html/tests/Unit/Protocol/NotificationHandlerTest.php" line="189" class="Tests\Unit\Protocol\NotificationHandlerTest" classname="Tests.Unit.Protocol.NotificationHandlerTest" assertions="0" time="0.000000">
          <error type="Exception">Tests\Unit\Protocol\NotificationHandlerTest::test_sse_response_creation
Exception: The /var/www/html/vendor/orchestra/testbench-core/laravel/bootstrap/cache directory must be present and writable.

/var/www/html/vendor/laravel/framework/src/Illuminate/Foundation/PackageManifest.php:179
/var/www/html/vendor/orchestra/testbench-core/src/Foundation/PackageManifest.php:157
/var/www/html/vendor/laravel/framework/src/Illuminate/Foundation/PackageManifest.php:132
/var/www/html/vendor/laravel/framework/src/Illuminate/Foundation/PackageManifest.php:108
/var/www/html/vendor/orchestra/testbench-core/src/Foundation/PackageManifest.php:102
/var/www/html/vendor/laravel/framework/src/Illuminate/Foundation/PackageManifest.php:91
/var/www/html/vendor/laravel/framework/src/Illuminate/Foundation/PackageManifest.php:80
/var/www/html/vendor/laravel/framework/src/Illuminate/Foundation/Bootstrap/RegisterFacades.php:26
/var/www/html/vendor/orchestra/testbench-core/src/Concerns/CreatesApplication.php:556
/var/www/html/vendor/orchestra/testbench-core/src/Concerns/CreatesApplication.php:311
/var/www/html/vendor/orchestra/testbench-core/src/TestCase.php:121
/var/www/html/vendor/orchestra/testbench-core/src/Concerns/ApplicationTestingHooks.php:74
/var/www/html/vendor/orchestra/testbench-core/src/Concerns/Testing.php:43
/var/www/html/vendor/laravel/framework/src/Illuminate/Collections/helpers.php:236
/var/www/html/vendor/orchestra/sidekick/src/functions.php:87
/var/www/html/vendor/laravel/framework/src/Illuminate/Collections/helpers.php:236
/var/www/html/vendor/orchestra/testbench-core/src/Concerns/Testing.php:57
/var/www/html/vendor/orchestra/testbench-core/src/TestCase.php:50
/var/www/html/tests/Unit/Protocol/NotificationHandlerTest.php:31</error>
        </testcase>
        <testcase name="test_delivery_status_tracking" file="/var/www/html/tests/Unit/Protocol/NotificationHandlerTest.php" line="203" class="Tests\Unit\Protocol\NotificationHandlerTest" classname="Tests.Unit.Protocol.NotificationHandlerTest" assertions="0" time="0.000000">
          <error type="Exception">Tests\Unit\Protocol\NotificationHandlerTest::test_delivery_status_tracking
Exception: The /var/www/html/vendor/orchestra/testbench-core/laravel/bootstrap/cache directory must be present and writable.

/var/www/html/vendor/laravel/framework/src/Illuminate/Foundation/PackageManifest.php:179
/var/www/html/vendor/orchestra/testbench-core/src/Foundation/PackageManifest.php:157
/var/www/html/vendor/laravel/framework/src/Illuminate/Foundation/PackageManifest.php:132
/var/www/html/vendor/laravel/framework/src/Illuminate/Foundation/PackageManifest.php:108
/var/www/html/vendor/orchestra/testbench-core/src/Foundation/PackageManifest.php:102
/var/www/html/vendor/laravel/framework/src/Illuminate/Foundation/PackageManifest.php:91
/var/www/html/vendor/laravel/framework/src/Illuminate/Foundation/PackageManifest.php:80
/var/www/html/vendor/laravel/framework/src/Illuminate/Foundation/Bootstrap/RegisterFacades.php:26
/var/www/html/vendor/orchestra/testbench-core/src/Concerns/CreatesApplication.php:556
/var/www/html/vendor/orchestra/testbench-core/src/Concerns/CreatesApplication.php:311
/var/www/html/vendor/orchestra/testbench-core/src/TestCase.php:121
/var/www/html/vendor/orchestra/testbench-core/src/Concerns/ApplicationTestingHooks.php:74
/var/www/html/vendor/orchestra/testbench-core/src/Concerns/Testing.php:43
/var/www/html/vendor/laravel/framework/src/Illuminate/Collections/helpers.php:236
/var/www/html/vendor/orchestra/sidekick/src/functions.php:87
/var/www/html/vendor/laravel/framework/src/Illuminate/Collections/helpers.php:236
/var/www/html/vendor/orchestra/testbench-core/src/Concerns/Testing.php:57
/var/www/html/vendor/orchestra/testbench-core/src/TestCase.php:50
/var/www/html/tests/Unit/Protocol/NotificationHandlerTest.php:31</error>
        </testcase>
        <testcase name="test_pending_notifications_management" file="/var/www/html/tests/Unit/Protocol/NotificationHandlerTest.php" line="228" class="Tests\Unit\Protocol\NotificationHandlerTest" classname="Tests.Unit.Protocol.NotificationHandlerTest" assertions="0" time="0.000000">
          <error type="Exception">Tests\Unit\Protocol\NotificationHandlerTest::test_pending_notifications_management
Exception: The /var/www/html/vendor/orchestra/testbench-core/laravel/bootstrap/cache directory must be present and writable.

/var/www/html/vendor/laravel/framework/src/Illuminate/Foundation/PackageManifest.php:179
/var/www/html/vendor/orchestra/testbench-core/src/Foundation/PackageManifest.php:157
/var/www/html/vendor/laravel/framework/src/Illuminate/Foundation/PackageManifest.php:132
/var/www/html/vendor/laravel/framework/src/Illuminate/Foundation/PackageManifest.php:108
/var/www/html/vendor/orchestra/testbench-core/src/Foundation/PackageManifest.php:102
/var/www/html/vendor/laravel/framework/src/Illuminate/Foundation/PackageManifest.php:91
/var/www/html/vendor/laravel/framework/src/Illuminate/Foundation/PackageManifest.php:80
/var/www/html/vendor/laravel/framework/src/Illuminate/Foundation/Bootstrap/RegisterFacades.php:26
/var/www/html/vendor/orchestra/testbench-core/src/Concerns/CreatesApplication.php:556
/var/www/html/vendor/orchestra/testbench-core/src/Concerns/CreatesApplication.php:311
/var/www/html/vendor/orchestra/testbench-core/src/TestCase.php:121
/var/www/html/vendor/orchestra/testbench-core/src/Concerns/ApplicationTestingHooks.php:74
/var/www/html/vendor/orchestra/testbench-core/src/Concerns/Testing.php:43
/var/www/html/vendor/laravel/framework/src/Illuminate/Collections/helpers.php:236
/var/www/html/vendor/orchestra/sidekick/src/functions.php:87
/var/www/html/vendor/laravel/framework/src/Illuminate/Collections/helpers.php:236
/var/www/html/vendor/orchestra/testbench-core/src/Concerns/Testing.php:57
/var/www/html/vendor/orchestra/testbench-core/src/TestCase.php:50
/var/www/html/tests/Unit/Protocol/NotificationHandlerTest.php:31</error>
        </testcase>
        <testcase name="test_filter_update" file="/var/www/html/tests/Unit/Protocol/NotificationHandlerTest.php" line="255" class="Tests\Unit\Protocol\NotificationHandlerTest" classname="Tests.Unit.Protocol.NotificationHandlerTest" assertions="0" time="0.000000">
          <error type="Exception">Tests\Unit\Protocol\NotificationHandlerTest::test_filter_update
Exception: The /var/www/html/vendor/orchestra/testbench-core/laravel/bootstrap/cache directory must be present and writable.

/var/www/html/vendor/laravel/framework/src/Illuminate/Foundation/PackageManifest.php:179
/var/www/html/vendor/orchestra/testbench-core/src/Foundation/PackageManifest.php:157
/var/www/html/vendor/laravel/framework/src/Illuminate/Foundation/PackageManifest.php:132
/var/www/html/vendor/laravel/framework/src/Illuminate/Foundation/PackageManifest.php:108
/var/www/html/vendor/orchestra/testbench-core/src/Foundation/PackageManifest.php:102
/var/www/html/vendor/laravel/framework/src/Illuminate/Foundation/PackageManifest.php:91
/var/www/html/vendor/laravel/framework/src/Illuminate/Foundation/PackageManifest.php:80
/var/www/html/vendor/laravel/framework/src/Illuminate/Foundation/Bootstrap/RegisterFacades.php:26
/var/www/html/vendor/orchestra/testbench-core/src/Concerns/CreatesApplication.php:556
/var/www/html/vendor/orchestra/testbench-core/src/Concerns/CreatesApplication.php:311
/var/www/html/vendor/orchestra/testbench-core/src/TestCase.php:121
/var/www/html/vendor/orchestra/testbench-core/src/Concerns/ApplicationTestingHooks.php:74
/var/www/html/vendor/orchestra/testbench-core/src/Concerns/Testing.php:43
/var/www/html/vendor/laravel/framework/src/Illuminate/Collections/helpers.php:236
/var/www/html/vendor/orchestra/sidekick/src/functions.php:87
/var/www/html/vendor/laravel/framework/src/Illuminate/Collections/helpers.php:236
/var/www/html/vendor/orchestra/testbench-core/src/Concerns/Testing.php:57
/var/www/html/vendor/orchestra/testbench-core/src/TestCase.php:50
/var/www/html/tests/Unit/Protocol/NotificationHandlerTest.php:31</error>
        </testcase>
        <testcase name="test_notification_types" file="/var/www/html/tests/Unit/Protocol/NotificationHandlerTest.php" line="273" class="Tests\Unit\Protocol\NotificationHandlerTest" classname="Tests.Unit.Protocol.NotificationHandlerTest" assertions="0" time="0.000000">
          <error type="Exception">Tests\Unit\Protocol\NotificationHandlerTest::test_notification_types
Exception: The /var/www/html/vendor/orchestra/testbench-core/laravel/bootstrap/cache directory must be present and writable.

/var/www/html/vendor/laravel/framework/src/Illuminate/Foundation/PackageManifest.php:179
/var/www/html/vendor/orchestra/testbench-core/src/Foundation/PackageManifest.php:157
/var/www/html/vendor/laravel/framework/src/Illuminate/Foundation/PackageManifest.php:132
/var/www/html/vendor/laravel/framework/src/Illuminate/Foundation/PackageManifest.php:108
/var/www/html/vendor/orchestra/testbench-core/src/Foundation/PackageManifest.php:102
/var/www/html/vendor/laravel/framework/src/Illuminate/Foundation/PackageManifest.php:91
/var/www/html/vendor/laravel/framework/src/Illuminate/Foundation/PackageManifest.php:80
/var/www/html/vendor/laravel/framework/src/Illuminate/Foundation/Bootstrap/RegisterFacades.php:26
/var/www/html/vendor/orchestra/testbench-core/src/Concerns/CreatesApplication.php:556
/var/www/html/vendor/orchestra/testbench-core/src/Concerns/CreatesApplication.php:311
/var/www/html/vendor/orchestra/testbench-core/src/TestCase.php:121
/var/www/html/vendor/orchestra/testbench-core/src/Concerns/ApplicationTestingHooks.php:74
/var/www/html/vendor/orchestra/testbench-core/src/Concerns/Testing.php:43
/var/www/html/vendor/laravel/framework/src/Illuminate/Collections/helpers.php:236
/var/www/html/vendor/orchestra/sidekick/src/functions.php:87
/var/www/html/vendor/laravel/framework/src/Illuminate/Collections/helpers.php:236
/var/www/html/vendor/orchestra/testbench-core/src/Concerns/Testing.php:57
/var/www/html/vendor/orchestra/testbench-core/src/TestCase.php:50
/var/www/html/tests/Unit/Protocol/NotificationHandlerTest.php:31</error>
        </testcase>
      </testsuite>
      <testsuite name="JTD\LaravelMCP\Tests\Unit\Registry\ComponentDiscoveryTest" file="/var/www/html/tests/Unit/Registry/ComponentDiscoveryTest.php" tests="16" assertions="0" errors="16" failures="0" skipped="0" time="0.000000">
        <testcase name="it_can_be_instantiated" file="/var/www/html/tests/Unit/Registry/ComponentDiscoveryTest.php" line="60" class="JTD\LaravelMCP\Tests\Unit\Registry\ComponentDiscoveryTest" classname="JTD.LaravelMCP.Tests.Unit.Registry.ComponentDiscoveryTest" assertions="0" time="0.000000">
          <error type="Exception">JTD\LaravelMCP\Tests\Unit\Registry\ComponentDiscoveryTest::it_can_be_instantiated
Exception: The /var/www/html/vendor/orchestra/testbench-core/laravel/bootstrap/cache directory must be present and writable.

/var/www/html/vendor/laravel/framework/src/Illuminate/Foundation/PackageManifest.php:179
/var/www/html/vendor/orchestra/testbench-core/src/Foundation/PackageManifest.php:157
/var/www/html/vendor/laravel/framework/src/Illuminate/Foundation/PackageManifest.php:132
/var/www/html/vendor/laravel/framework/src/Illuminate/Foundation/PackageManifest.php:108
/var/www/html/vendor/orchestra/testbench-core/src/Foundation/PackageManifest.php:102
/var/www/html/vendor/laravel/framework/src/Illuminate/Foundation/PackageManifest.php:91
/var/www/html/vendor/laravel/framework/src/Illuminate/Foundation/PackageManifest.php:80
/var/www/html/vendor/laravel/framework/src/Illuminate/Foundation/Bootstrap/RegisterFacades.php:26
/var/www/html/vendor/orchestra/testbench-core/src/Concerns/CreatesApplication.php:556
/var/www/html/vendor/orchestra/testbench-core/src/Concerns/CreatesApplication.php:311
/var/www/html/vendor/orchestra/testbench-core/src/TestCase.php:121
/var/www/html/vendor/orchestra/testbench-core/src/Concerns/ApplicationTestingHooks.php:74
/var/www/html/vendor/orchestra/testbench-core/src/Concerns/Testing.php:43
/var/www/html/vendor/laravel/framework/src/Illuminate/Collections/helpers.php:236
/var/www/html/vendor/orchestra/sidekick/src/functions.php:87
/var/www/html/vendor/laravel/framework/src/Illuminate/Collections/helpers.php:236
/var/www/html/vendor/orchestra/testbench-core/src/Concerns/Testing.php:57
/var/www/html/vendor/orchestra/testbench-core/src/TestCase.php:50
/var/www/html/tests/TestCase.php:61
/var/www/html/tests/Unit/Registry/ComponentDiscoveryTest.php:36</error>
        </testcase>
        <testcase name="it_discovers_tools_in_directory" file="/var/www/html/tests/Unit/Registry/ComponentDiscoveryTest.php" line="84" class="JTD\LaravelMCP\Tests\Unit\Registry\ComponentDiscoveryTest" classname="JTD.LaravelMCP.Tests.Unit.Registry.ComponentDiscoveryTest" assertions="0" time="0.000000">
          <error type="Exception">JTD\LaravelMCP\Tests\Unit\Registry\ComponentDiscoveryTest::it_discovers_tools_in_directory
Exception: The /var/www/html/vendor/orchestra/testbench-core/laravel/bootstrap/cache directory must be present and writable.

/var/www/html/vendor/laravel/framework/src/Illuminate/Foundation/PackageManifest.php:179
/var/www/html/vendor/orchestra/testbench-core/src/Foundation/PackageManifest.php:157
/var/www/html/vendor/laravel/framework/src/Illuminate/Foundation/PackageManifest.php:132
/var/www/html/vendor/laravel/framework/src/Illuminate/Foundation/PackageManifest.php:108
/var/www/html/vendor/orchestra/testbench-core/src/Foundation/PackageManifest.php:102
/var/www/html/vendor/laravel/framework/src/Illuminate/Foundation/PackageManifest.php:91
/var/www/html/vendor/laravel/framework/src/Illuminate/Foundation/PackageManifest.php:80
/var/www/html/vendor/laravel/framework/src/Illuminate/Foundation/Bootstrap/RegisterFacades.php:26
/var/www/html/vendor/orchestra/testbench-core/src/Concerns/CreatesApplication.php:556
/var/www/html/vendor/orchestra/testbench-core/src/Concerns/CreatesApplication.php:311
/var/www/html/vendor/orchestra/testbench-core/src/TestCase.php:121
/var/www/html/vendor/orchestra/testbench-core/src/Concerns/ApplicationTestingHooks.php:74
/var/www/html/vendor/orchestra/testbench-core/src/Concerns/Testing.php:43
/var/www/html/vendor/laravel/framework/src/Illuminate/Collections/helpers.php:236
/var/www/html/vendor/orchestra/sidekick/src/functions.php:87
/var/www/html/vendor/laravel/framework/src/Illuminate/Collections/helpers.php:236
/var/www/html/vendor/orchestra/testbench-core/src/Concerns/Testing.php:57
/var/www/html/vendor/orchestra/testbench-core/src/TestCase.php:50
/var/www/html/tests/TestCase.php:61
/var/www/html/tests/Unit/Registry/ComponentDiscoveryTest.php:36</error>
        </testcase>
        <testcase name="it_discovers_resources_in_directory" file="/var/www/html/tests/Unit/Registry/ComponentDiscoveryTest.php" line="114" class="JTD\LaravelMCP\Tests\Unit\Registry\ComponentDiscoveryTest" classname="JTD.LaravelMCP.Tests.Unit.Registry.ComponentDiscoveryTest" assertions="0" time="0.000000">
          <error type="Exception">JTD\LaravelMCP\Tests\Unit\Registry\ComponentDiscoveryTest::it_discovers_resources_in_directory
Exception: The /var/www/html/vendor/orchestra/testbench-core/laravel/bootstrap/cache directory must be present and writable.

/var/www/html/vendor/laravel/framework/src/Illuminate/Foundation/PackageManifest.php:179
/var/www/html/vendor/orchestra/testbench-core/src/Foundation/PackageManifest.php:157
/var/www/html/vendor/laravel/framework/src/Illuminate/Foundation/PackageManifest.php:132
/var/www/html/vendor/laravel/framework/src/Illuminate/Foundation/PackageManifest.php:108
/var/www/html/vendor/orchestra/testbench-core/src/Foundation/PackageManifest.php:102
/var/www/html/vendor/laravel/framework/src/Illuminate/Foundation/PackageManifest.php:91
/var/www/html/vendor/laravel/framework/src/Illuminate/Foundation/PackageManifest.php:80
/var/www/html/vendor/laravel/framework/src/Illuminate/Foundation/Bootstrap/RegisterFacades.php:26
/var/www/html/vendor/orchestra/testbench-core/src/Concerns/CreatesApplication.php:556
/var/www/html/vendor/orchestra/testbench-core/src/Concerns/CreatesApplication.php:311
/var/www/html/vendor/orchestra/testbench-core/src/TestCase.php:121
/var/www/html/vendor/orchestra/testbench-core/src/Concerns/ApplicationTestingHooks.php:74
/var/www/html/vendor/orchestra/testbench-core/src/Concerns/Testing.php:43
/var/www/html/vendor/laravel/framework/src/Illuminate/Collections/helpers.php:236
/var/www/html/vendor/orchestra/sidekick/src/functions.php:87
/var/www/html/vendor/laravel/framework/src/Illuminate/Collections/helpers.php:236
/var/www/html/vendor/orchestra/testbench-core/src/Concerns/Testing.php:57
/var/www/html/vendor/orchestra/testbench-core/src/TestCase.php:50
/var/www/html/tests/TestCase.php:61
/var/www/html/tests/Unit/Registry/ComponentDiscoveryTest.php:36</error>
        </testcase>
        <testcase name="it_discovers_prompts_in_directory" file="/var/www/html/tests/Unit/Registry/ComponentDiscoveryTest.php" line="144" class="JTD\LaravelMCP\Tests\Unit\Registry\ComponentDiscoveryTest" classname="JTD.LaravelMCP.Tests.Unit.Registry.ComponentDiscoveryTest" assertions="0" time="0.000000">
          <error type="Exception">JTD\LaravelMCP\Tests\Unit\Registry\ComponentDiscoveryTest::it_discovers_prompts_in_directory
Exception: The /var/www/html/vendor/orchestra/testbench-core/laravel/bootstrap/cache directory must be present and writable.

/var/www/html/vendor/laravel/framework/src/Illuminate/Foundation/PackageManifest.php:179
/var/www/html/vendor/orchestra/testbench-core/src/Foundation/PackageManifest.php:157
/var/www/html/vendor/laravel/framework/src/Illuminate/Foundation/PackageManifest.php:132
/var/www/html/vendor/laravel/framework/src/Illuminate/Foundation/PackageManifest.php:108
/var/www/html/vendor/orchestra/testbench-core/src/Foundation/PackageManifest.php:102
/var/www/html/vendor/laravel/framework/src/Illuminate/Foundation/PackageManifest.php:91
/var/www/html/vendor/laravel/framework/src/Illuminate/Foundation/PackageManifest.php:80
/var/www/html/vendor/laravel/framework/src/Illuminate/Foundation/Bootstrap/RegisterFacades.php:26
/var/www/html/vendor/orchestra/testbench-core/src/Concerns/CreatesApplication.php:556
/var/www/html/vendor/orchestra/testbench-core/src/Concerns/CreatesApplication.php:311
/var/www/html/vendor/orchestra/testbench-core/src/TestCase.php:121
/var/www/html/vendor/orchestra/testbench-core/src/Concerns/ApplicationTestingHooks.php:74
/var/www/html/vendor/orchestra/testbench-core/src/Concerns/Testing.php:43
/var/www/html/vendor/laravel/framework/src/Illuminate/Collections/helpers.php:236
/var/www/html/vendor/orchestra/sidekick/src/functions.php:87
/var/www/html/vendor/laravel/framework/src/Illuminate/Collections/helpers.php:236
/var/www/html/vendor/orchestra/testbench-core/src/Concerns/Testing.php:57
/var/www/html/vendor/orchestra/testbench-core/src/TestCase.php:50
/var/www/html/tests/TestCase.php:61
/var/www/html/tests/Unit/Registry/ComponentDiscoveryTest.php:36</error>
        </testcase>
        <testcase name="it_ignores_non_existent_directories" file="/var/www/html/tests/Unit/Registry/ComponentDiscoveryTest.php" line="174" class="JTD\LaravelMCP\Tests\Unit\Registry\ComponentDiscoveryTest" classname="JTD.LaravelMCP.Tests.Unit.Registry.ComponentDiscoveryTest" assertions="0" time="0.000000">
          <error type="Exception">JTD\LaravelMCP\Tests\Unit\Registry\ComponentDiscoveryTest::it_ignores_non_existent_directories
Exception: The /var/www/html/vendor/orchestra/testbench-core/laravel/bootstrap/cache directory must be present and writable.

/var/www/html/vendor/laravel/framework/src/Illuminate/Foundation/PackageManifest.php:179
/var/www/html/vendor/orchestra/testbench-core/src/Foundation/PackageManifest.php:157
/var/www/html/vendor/laravel/framework/src/Illuminate/Foundation/PackageManifest.php:132
/var/www/html/vendor/laravel/framework/src/Illuminate/Foundation/PackageManifest.php:108
/var/www/html/vendor/orchestra/testbench-core/src/Foundation/PackageManifest.php:102
/var/www/html/vendor/laravel/framework/src/Illuminate/Foundation/PackageManifest.php:91
/var/www/html/vendor/laravel/framework/src/Illuminate/Foundation/PackageManifest.php:80
/var/www/html/vendor/laravel/framework/src/Illuminate/Foundation/Bootstrap/RegisterFacades.php:26
/var/www/html/vendor/orchestra/testbench-core/src/Concerns/CreatesApplication.php:556
/var/www/html/vendor/orchestra/testbench-core/src/Concerns/CreatesApplication.php:311
/var/www/html/vendor/orchestra/testbench-core/src/TestCase.php:121
/var/www/html/vendor/orchestra/testbench-core/src/Concerns/ApplicationTestingHooks.php:74
/var/www/html/vendor/orchestra/testbench-core/src/Concerns/Testing.php:43
/var/www/html/vendor/laravel/framework/src/Illuminate/Collections/helpers.php:236
/var/www/html/vendor/orchestra/sidekick/src/functions.php:87
/var/www/html/vendor/laravel/framework/src/Illuminate/Collections/helpers.php:236
/var/www/html/vendor/orchestra/testbench-core/src/Concerns/Testing.php:57
/var/www/html/vendor/orchestra/testbench-core/src/TestCase.php:50
/var/www/html/tests/TestCase.php:61
/var/www/html/tests/Unit/Registry/ComponentDiscoveryTest.php:36</error>
        </testcase>
        <testcase name="it_ignores_abstract_classes" file="/var/www/html/tests/Unit/Registry/ComponentDiscoveryTest.php" line="187" class="JTD\LaravelMCP\Tests\Unit\Registry\ComponentDiscoveryTest" classname="JTD.LaravelMCP.Tests.Unit.Registry.ComponentDiscoveryTest" assertions="0" time="0.000000">
          <error type="Exception">JTD\LaravelMCP\Tests\Unit\Registry\ComponentDiscoveryTest::it_ignores_abstract_classes
Exception: The /var/www/html/vendor/orchestra/testbench-core/laravel/bootstrap/cache directory must be present and writable.

/var/www/html/vendor/laravel/framework/src/Illuminate/Foundation/PackageManifest.php:179
/var/www/html/vendor/orchestra/testbench-core/src/Foundation/PackageManifest.php:157
/var/www/html/vendor/laravel/framework/src/Illuminate/Foundation/PackageManifest.php:132
/var/www/html/vendor/laravel/framework/src/Illuminate/Foundation/PackageManifest.php:108
/var/www/html/vendor/orchestra/testbench-core/src/Foundation/PackageManifest.php:102
/var/www/html/vendor/laravel/framework/src/Illuminate/Foundation/PackageManifest.php:91
/var/www/html/vendor/laravel/framework/src/Illuminate/Foundation/PackageManifest.php:80
/var/www/html/vendor/laravel/framework/src/Illuminate/Foundation/Bootstrap/RegisterFacades.php:26
/var/www/html/vendor/orchestra/testbench-core/src/Concerns/CreatesApplication.php:556
/var/www/html/vendor/orchestra/testbench-core/src/Concerns/CreatesApplication.php:311
/var/www/html/vendor/orchestra/testbench-core/src/TestCase.php:121
/var/www/html/vendor/orchestra/testbench-core/src/Concerns/ApplicationTestingHooks.php:74
/var/www/html/vendor/orchestra/testbench-core/src/Concerns/Testing.php:43
/var/www/html/vendor/laravel/framework/src/Illuminate/Collections/helpers.php:236
/var/www/html/vendor/orchestra/sidekick/src/functions.php:87
/var/www/html/vendor/laravel/framework/src/Illuminate/Collections/helpers.php:236
/var/www/html/vendor/orchestra/testbench-core/src/Concerns/Testing.php:57
/var/www/html/vendor/orchestra/testbench-core/src/TestCase.php:50
/var/www/html/tests/TestCase.php:61
/var/www/html/tests/Unit/Registry/ComponentDiscoveryTest.php:36</error>
        </testcase>
        <testcase name="it_ignores_interfaces" file="/var/www/html/tests/Unit/Registry/ComponentDiscoveryTest.php" line="212" class="JTD\LaravelMCP\Tests\Unit\Registry\ComponentDiscoveryTest" classname="JTD.LaravelMCP.Tests.Unit.Registry.ComponentDiscoveryTest" assertions="0" time="0.000000">
          <error type="Exception">JTD\LaravelMCP\Tests\Unit\Registry\ComponentDiscoveryTest::it_ignores_interfaces
Exception: The /var/www/html/vendor/orchestra/testbench-core/laravel/bootstrap/cache directory must be present and writable.

/var/www/html/vendor/laravel/framework/src/Illuminate/Foundation/PackageManifest.php:179
/var/www/html/vendor/orchestra/testbench-core/src/Foundation/PackageManifest.php:157
/var/www/html/vendor/laravel/framework/src/Illuminate/Foundation/PackageManifest.php:132
/var/www/html/vendor/laravel/framework/src/Illuminate/Foundation/PackageManifest.php:108
/var/www/html/vendor/orchestra/testbench-core/src/Foundation/PackageManifest.php:102
/var/www/html/vendor/laravel/framework/src/Illuminate/Foundation/PackageManifest.php:91
/var/www/html/vendor/laravel/framework/src/Illuminate/Foundation/PackageManifest.php:80
/var/www/html/vendor/laravel/framework/src/Illuminate/Foundation/Bootstrap/RegisterFacades.php:26
/var/www/html/vendor/orchestra/testbench-core/src/Concerns/CreatesApplication.php:556
/var/www/html/vendor/orchestra/testbench-core/src/Concerns/CreatesApplication.php:311
/var/www/html/vendor/orchestra/testbench-core/src/TestCase.php:121
/var/www/html/vendor/orchestra/testbench-core/src/Concerns/ApplicationTestingHooks.php:74
/var/www/html/vendor/orchestra/testbench-core/src/Concerns/Testing.php:43
/var/www/html/vendor/laravel/framework/src/Illuminate/Collections/helpers.php:236
/var/www/html/vendor/orchestra/sidekick/src/functions.php:87
/var/www/html/vendor/laravel/framework/src/Illuminate/Collections/helpers.php:236
/var/www/html/vendor/orchestra/testbench-core/src/Concerns/Testing.php:57
/var/www/html/vendor/orchestra/testbench-core/src/TestCase.php:50
/var/www/html/tests/TestCase.php:61
/var/www/html/tests/Unit/Registry/ComponentDiscoveryTest.php:36</error>
        </testcase>
        <testcase name="it_ignores_traits" file="/var/www/html/tests/Unit/Registry/ComponentDiscoveryTest.php" line="232" class="JTD\LaravelMCP\Tests\Unit\Registry\ComponentDiscoveryTest" classname="JTD.LaravelMCP.Tests.Unit.Registry.ComponentDiscoveryTest" assertions="0" time="0.000000">
          <error type="Exception">JTD\LaravelMCP\Tests\Unit\Registry\ComponentDiscoveryTest::it_ignores_traits
Exception: The /var/www/html/vendor/orchestra/testbench-core/laravel/bootstrap/cache directory must be present and writable.

/var/www/html/vendor/laravel/framework/src/Illuminate/Foundation/PackageManifest.php:179
/var/www/html/vendor/orchestra/testbench-core/src/Foundation/PackageManifest.php:157
/var/www/html/vendor/laravel/framework/src/Illuminate/Foundation/PackageManifest.php:132
/var/www/html/vendor/laravel/framework/src/Illuminate/Foundation/PackageManifest.php:108
/var/www/html/vendor/orchestra/testbench-core/src/Foundation/PackageManifest.php:102
/var/www/html/vendor/laravel/framework/src/Illuminate/Foundation/PackageManifest.php:91
/var/www/html/vendor/laravel/framework/src/Illuminate/Foundation/PackageManifest.php:80
/var/www/html/vendor/laravel/framework/src/Illuminate/Foundation/Bootstrap/RegisterFacades.php:26
/var/www/html/vendor/orchestra/testbench-core/src/Concerns/CreatesApplication.php:556
/var/www/html/vendor/orchestra/testbench-core/src/Concerns/CreatesApplication.php:311
/var/www/html/vendor/orchestra/testbench-core/src/TestCase.php:121
/var/www/html/vendor/orchestra/testbench-core/src/Concerns/ApplicationTestingHooks.php:74
/var/www/html/vendor/orchestra/testbench-core/src/Concerns/Testing.php:43
/var/www/html/vendor/laravel/framework/src/Illuminate/Collections/helpers.php:236
/var/www/html/vendor/orchestra/sidekick/src/functions.php:87
/var/www/html/vendor/laravel/framework/src/Illuminate/Collections/helpers.php:236
/var/www/html/vendor/orchestra/testbench-core/src/Concerns/Testing.php:57
/var/www/html/vendor/orchestra/testbench-core/src/TestCase.php:50
/var/www/html/tests/TestCase.php:61
/var/www/html/tests/Unit/Registry/ComponentDiscoveryTest.php:36</error>
        </testcase>
        <testcase name="it_extracts_class_name_from_file" file="/var/www/html/tests/Unit/Registry/ComponentDiscoveryTest.php" line="255" class="JTD\LaravelMCP\Tests\Unit\Registry\ComponentDiscoveryTest" classname="JTD.LaravelMCP.Tests.Unit.Registry.ComponentDiscoveryTest" assertions="0" time="0.000000">
          <error type="Exception">JTD\LaravelMCP\Tests\Unit\Registry\ComponentDiscoveryTest::it_extracts_class_name_from_file
Exception: The /var/www/html/vendor/orchestra/testbench-core/laravel/bootstrap/cache directory must be present and writable.

/var/www/html/vendor/laravel/framework/src/Illuminate/Foundation/PackageManifest.php:179
/var/www/html/vendor/orchestra/testbench-core/src/Foundation/PackageManifest.php:157
/var/www/html/vendor/laravel/framework/src/Illuminate/Foundation/PackageManifest.php:132
/var/www/html/vendor/laravel/framework/src/Illuminate/Foundation/PackageManifest.php:108
/var/www/html/vendor/orchestra/testbench-core/src/Foundation/PackageManifest.php:102
/var/www/html/vendor/laravel/framework/src/Illuminate/Foundation/PackageManifest.php:91
/var/www/html/vendor/laravel/framework/src/Illuminate/Foundation/PackageManifest.php:80
/var/www/html/vendor/laravel/framework/src/Illuminate/Foundation/Bootstrap/RegisterFacades.php:26
/var/www/html/vendor/orchestra/testbench-core/src/Concerns/CreatesApplication.php:556
/var/www/html/vendor/orchestra/testbench-core/src/Concerns/CreatesApplication.php:311
/var/www/html/vendor/orchestra/testbench-core/src/TestCase.php:121
/var/www/html/vendor/orchestra/testbench-core/src/Concerns/ApplicationTestingHooks.php:74
/var/www/html/vendor/orchestra/testbench-core/src/Concerns/Testing.php:43
/var/www/html/vendor/laravel/framework/src/Illuminate/Collections/helpers.php:236
/var/www/html/vendor/orchestra/sidekick/src/functions.php:87
/var/www/html/vendor/laravel/framework/src/Illuminate/Collections/helpers.php:236
/var/www/html/vendor/orchestra/testbench-core/src/Concerns/Testing.php:57
/var/www/html/vendor/orchestra/testbench-core/src/TestCase.php:50
/var/www/html/tests/TestCase.php:61
/var/www/html/tests/Unit/Registry/ComponentDiscoveryTest.php:36</error>
        </testcase>
        <testcase name="it_returns_null_for_file_without_class" file="/var/www/html/tests/Unit/Registry/ComponentDiscoveryTest.php" line="276" class="JTD\LaravelMCP\Tests\Unit\Registry\ComponentDiscoveryTest" classname="JTD.LaravelMCP.Tests.Unit.Registry.ComponentDiscoveryTest" assertions="0" time="0.000000">
          <error type="Exception">JTD\LaravelMCP\Tests\Unit\Registry\ComponentDiscoveryTest::it_returns_null_for_file_without_class
Exception: The /var/www/html/vendor/orchestra/testbench-core/laravel/bootstrap/cache directory must be present and writable.

/var/www/html/vendor/laravel/framework/src/Illuminate/Foundation/PackageManifest.php:179
/var/www/html/vendor/orchestra/testbench-core/src/Foundation/PackageManifest.php:157
/var/www/html/vendor/laravel/framework/src/Illuminate/Foundation/PackageManifest.php:132
/var/www/html/vendor/laravel/framework/src/Illuminate/Foundation/PackageManifest.php:108
/var/www/html/vendor/orchestra/testbench-core/src/Foundation/PackageManifest.php:102
/var/www/html/vendor/laravel/framework/src/Illuminate/Foundation/PackageManifest.php:91
/var/www/html/vendor/laravel/framework/src/Illuminate/Foundation/PackageManifest.php:80
/var/www/html/vendor/laravel/framework/src/Illuminate/Foundation/Bootstrap/RegisterFacades.php:26
/var/www/html/vendor/orchestra/testbench-core/src/Concerns/CreatesApplication.php:556
/var/www/html/vendor/orchestra/testbench-core/src/Concerns/CreatesApplication.php:311
/var/www/html/vendor/orchestra/testbench-core/src/TestCase.php:121
/var/www/html/vendor/orchestra/testbench-core/src/Concerns/ApplicationTestingHooks.php:74
/var/www/html/vendor/orchestra/testbench-core/src/Concerns/Testing.php:43
/var/www/html/vendor/laravel/framework/src/Illuminate/Collections/helpers.php:236
/var/www/html/vendor/orchestra/sidekick/src/functions.php:87
/var/www/html/vendor/laravel/framework/src/Illuminate/Collections/helpers.php:236
/var/www/html/vendor/orchestra/testbench-core/src/Concerns/Testing.php:57
/var/www/html/vendor/orchestra/testbench-core/src/TestCase.php:50
/var/www/html/tests/TestCase.php:61
/var/www/html/tests/Unit/Registry/ComponentDiscoveryTest.php:36</error>
        </testcase>
        <testcase name="it_returns_null_for_file_without_namespace" file="/var/www/html/tests/Unit/Registry/ComponentDiscoveryTest.php" line="292" class="JTD\LaravelMCP\Tests\Unit\Registry\ComponentDiscoveryTest" classname="JTD.LaravelMCP.Tests.Unit.Registry.ComponentDiscoveryTest" assertions="0" time="0.000000">
          <error type="Exception">JTD\LaravelMCP\Tests\Unit\Registry\ComponentDiscoveryTest::it_returns_null_for_file_without_namespace
Exception: The /var/www/html/vendor/orchestra/testbench-core/laravel/bootstrap/cache directory must be present and writable.

/var/www/html/vendor/laravel/framework/src/Illuminate/Foundation/PackageManifest.php:179
/var/www/html/vendor/orchestra/testbench-core/src/Foundation/PackageManifest.php:157
/var/www/html/vendor/laravel/framework/src/Illuminate/Foundation/PackageManifest.php:132
/var/www/html/vendor/laravel/framework/src/Illuminate/Foundation/PackageManifest.php:108
/var/www/html/vendor/orchestra/testbench-core/src/Foundation/PackageManifest.php:102
/var/www/html/vendor/laravel/framework/src/Illuminate/Foundation/PackageManifest.php:91
/var/www/html/vendor/laravel/framework/src/Illuminate/Foundation/PackageManifest.php:80
/var/www/html/vendor/laravel/framework/src/Illuminate/Foundation/Bootstrap/RegisterFacades.php:26
/var/www/html/vendor/orchestra/testbench-core/src/Concerns/CreatesApplication.php:556
/var/www/html/vendor/orchestra/testbench-core/src/Concerns/CreatesApplication.php:311
/var/www/html/vendor/orchestra/testbench-core/src/TestCase.php:121
/var/www/html/vendor/orchestra/testbench-core/src/Concerns/ApplicationTestingHooks.php:74
/var/www/html/vendor/orchestra/testbench-core/src/Concerns/Testing.php:43
/var/www/html/vendor/laravel/framework/src/Illuminate/Collections/helpers.php:236
/var/www/html/vendor/orchestra/sidekick/src/functions.php:87
/var/www/html/vendor/laravel/framework/src/Illuminate/Collections/helpers.php:236
/var/www/html/vendor/orchestra/testbench-core/src/Concerns/Testing.php:57
/var/www/html/vendor/orchestra/testbench-core/src/TestCase.php:50
/var/www/html/tests/TestCase.php:61
/var/www/html/tests/Unit/Registry/ComponentDiscoveryTest.php:36</error>
        </testcase>
        <testcase name="it_registers_discovered_components" file="/var/www/html/tests/Unit/Registry/ComponentDiscoveryTest.php" line="311" class="JTD\LaravelMCP\Tests\Unit\Registry\ComponentDiscoveryTest" classname="JTD.LaravelMCP.Tests.Unit.Registry.ComponentDiscoveryTest" assertions="0" time="0.000000">
          <error type="Exception">JTD\LaravelMCP\Tests\Unit\Registry\ComponentDiscoveryTest::it_registers_discovered_components
Exception: The /var/www/html/vendor/orchestra/testbench-core/laravel/bootstrap/cache directory must be present and writable.

/var/www/html/vendor/laravel/framework/src/Illuminate/Foundation/PackageManifest.php:179
/var/www/html/vendor/orchestra/testbench-core/src/Foundation/PackageManifest.php:157
/var/www/html/vendor/laravel/framework/src/Illuminate/Foundation/PackageManifest.php:132
/var/www/html/vendor/laravel/framework/src/Illuminate/Foundation/PackageManifest.php:108
/var/www/html/vendor/orchestra/testbench-core/src/Foundation/PackageManifest.php:102
/var/www/html/vendor/laravel/framework/src/Illuminate/Foundation/PackageManifest.php:91
/var/www/html/vendor/laravel/framework/src/Illuminate/Foundation/PackageManifest.php:80
/var/www/html/vendor/laravel/framework/src/Illuminate/Foundation/Bootstrap/RegisterFacades.php:26
/var/www/html/vendor/orchestra/testbench-core/src/Concerns/CreatesApplication.php:556
/var/www/html/vendor/orchestra/testbench-core/src/Concerns/CreatesApplication.php:311
/var/www/html/vendor/orchestra/testbench-core/src/TestCase.php:121
/var/www/html/vendor/orchestra/testbench-core/src/Concerns/ApplicationTestingHooks.php:74
/var/www/html/vendor/orchestra/testbench-core/src/Concerns/Testing.php:43
/var/www/html/vendor/laravel/framework/src/Illuminate/Collections/helpers.php:236
/var/www/html/vendor/orchestra/sidekick/src/functions.php:87
/var/www/html/vendor/laravel/framework/src/Illuminate/Collections/helpers.php:236
/var/www/html/vendor/orchestra/testbench-core/src/Concerns/Testing.php:57
/var/www/html/vendor/orchestra/testbench-core/src/TestCase.php:50
/var/www/html/tests/TestCase.php:61
/var/www/html/tests/Unit/Registry/ComponentDiscoveryTest.php:36</error>
        </testcase>
        <testcase name="it_validates_discovered_components" file="/var/www/html/tests/Unit/Registry/ComponentDiscoveryTest.php" line="355" class="JTD\LaravelMCP\Tests\Unit\Registry\ComponentDiscoveryTest" classname="JTD.LaravelMCP.Tests.Unit.Registry.ComponentDiscoveryTest" assertions="0" time="0.000000">
          <error type="Exception">JTD\LaravelMCP\Tests\Unit\Registry\ComponentDiscoveryTest::it_validates_discovered_components
Exception: The /var/www/html/vendor/orchestra/testbench-core/laravel/bootstrap/cache directory must be present and writable.

/var/www/html/vendor/laravel/framework/src/Illuminate/Foundation/PackageManifest.php:179
/var/www/html/vendor/orchestra/testbench-core/src/Foundation/PackageManifest.php:157
/var/www/html/vendor/laravel/framework/src/Illuminate/Foundation/PackageManifest.php:132
/var/www/html/vendor/laravel/framework/src/Illuminate/Foundation/PackageManifest.php:108
/var/www/html/vendor/orchestra/testbench-core/src/Foundation/PackageManifest.php:102
/var/www/html/vendor/laravel/framework/src/Illuminate/Foundation/PackageManifest.php:91
/var/www/html/vendor/laravel/framework/src/Illuminate/Foundation/PackageManifest.php:80
/var/www/html/vendor/laravel/framework/src/Illuminate/Foundation/Bootstrap/RegisterFacades.php:26
/var/www/html/vendor/orchestra/testbench-core/src/Concerns/CreatesApplication.php:556
/var/www/html/vendor/orchestra/testbench-core/src/Concerns/CreatesApplication.php:311
/var/www/html/vendor/orchestra/testbench-core/src/TestCase.php:121
/var/www/html/vendor/orchestra/testbench-core/src/Concerns/ApplicationTestingHooks.php:74
/var/www/html/vendor/orchestra/testbench-core/src/Concerns/Testing.php:43
/var/www/html/vendor/laravel/framework/src/Illuminate/Collections/helpers.php:236
/var/www/html/vendor/orchestra/sidekick/src/functions.php:87
/var/www/html/vendor/laravel/framework/src/Illuminate/Collections/helpers.php:236
/var/www/html/vendor/orchestra/testbench-core/src/Concerns/Testing.php:57
/var/www/html/vendor/orchestra/testbench-core/src/TestCase.php:50
/var/www/html/tests/TestCase.php:61
/var/www/html/tests/Unit/Registry/ComponentDiscoveryTest.php:36</error>
        </testcase>
        <testcase name="it_supports_discovery_configuration" file="/var/www/html/tests/Unit/Registry/ComponentDiscoveryTest.php" line="382" class="JTD\LaravelMCP\Tests\Unit\Registry\ComponentDiscoveryTest" classname="JTD.LaravelMCP.Tests.Unit.Registry.ComponentDiscoveryTest" assertions="0" time="0.000000">
          <error type="Exception">JTD\LaravelMCP\Tests\Unit\Registry\ComponentDiscoveryTest::it_supports_discovery_configuration
Exception: The /var/www/html/vendor/orchestra/testbench-core/laravel/bootstrap/cache directory must be present and writable.

/var/www/html/vendor/laravel/framework/src/Illuminate/Foundation/PackageManifest.php:179
/var/www/html/vendor/orchestra/testbench-core/src/Foundation/PackageManifest.php:157
/var/www/html/vendor/laravel/framework/src/Illuminate/Foundation/PackageManifest.php:132
/var/www/html/vendor/laravel/framework/src/Illuminate/Foundation/PackageManifest.php:108
/var/www/html/vendor/orchestra/testbench-core/src/Foundation/PackageManifest.php:102
/var/www/html/vendor/laravel/framework/src/Illuminate/Foundation/PackageManifest.php:91
/var/www/html/vendor/laravel/framework/src/Illuminate/Foundation/PackageManifest.php:80
/var/www/html/vendor/laravel/framework/src/Illuminate/Foundation/Bootstrap/RegisterFacades.php:26
/var/www/html/vendor/orchestra/testbench-core/src/Concerns/CreatesApplication.php:556
/var/www/html/vendor/orchestra/testbench-core/src/Concerns/CreatesApplication.php:311
/var/www/html/vendor/orchestra/testbench-core/src/TestCase.php:121
/var/www/html/vendor/orchestra/testbench-core/src/Concerns/ApplicationTestingHooks.php:74
/var/www/html/vendor/orchestra/testbench-core/src/Concerns/Testing.php:43
/var/www/html/vendor/laravel/framework/src/Illuminate/Collections/helpers.php:236
/var/www/html/vendor/orchestra/sidekick/src/functions.php:87
/var/www/html/vendor/laravel/framework/src/Illuminate/Collections/helpers.php:236
/var/www/html/vendor/orchestra/testbench-core/src/Concerns/Testing.php:57
/var/www/html/vendor/orchestra/testbench-core/src/TestCase.php:50
/var/www/html/tests/TestCase.php:61
/var/www/html/tests/Unit/Registry/ComponentDiscoveryTest.php:36</error>
        </testcase>
        <testcase name="it_supports_discovery_filters" file="/var/www/html/tests/Unit/Registry/ComponentDiscoveryTest.php" line="400" class="JTD\LaravelMCP\Tests\Unit\Registry\ComponentDiscoveryTest" classname="JTD.LaravelMCP.Tests.Unit.Registry.ComponentDiscoveryTest" assertions="0" time="0.000000">
          <error type="Exception">JTD\LaravelMCP\Tests\Unit\Registry\ComponentDiscoveryTest::it_supports_discovery_filters
Exception: The /var/www/html/vendor/orchestra/testbench-core/laravel/bootstrap/cache directory must be present and writable.

/var/www/html/vendor/laravel/framework/src/Illuminate/Foundation/PackageManifest.php:179
/var/www/html/vendor/orchestra/testbench-core/src/Foundation/PackageManifest.php:157
/var/www/html/vendor/laravel/framework/src/Illuminate/Foundation/PackageManifest.php:132
/var/www/html/vendor/laravel/framework/src/Illuminate/Foundation/PackageManifest.php:108
/var/www/html/vendor/orchestra/testbench-core/src/Foundation/PackageManifest.php:102
/var/www/html/vendor/laravel/framework/src/Illuminate/Foundation/PackageManifest.php:91
/var/www/html/vendor/laravel/framework/src/Illuminate/Foundation/PackageManifest.php:80
/var/www/html/vendor/laravel/framework/src/Illuminate/Foundation/Bootstrap/RegisterFacades.php:26
/var/www/html/vendor/orchestra/testbench-core/src/Concerns/CreatesApplication.php:556
/var/www/html/vendor/orchestra/testbench-core/src/Concerns/CreatesApplication.php:311
/var/www/html/vendor/orchestra/testbench-core/src/TestCase.php:121
/var/www/html/vendor/orchestra/testbench-core/src/Concerns/ApplicationTestingHooks.php:74
/var/www/html/vendor/orchestra/testbench-core/src/Concerns/Testing.php:43
/var/www/html/vendor/laravel/framework/src/Illuminate/Collections/helpers.php:236
/var/www/html/vendor/orchestra/sidekick/src/functions.php:87
/var/www/html/vendor/laravel/framework/src/Illuminate/Collections/helpers.php:236
/var/www/html/vendor/orchestra/testbench-core/src/Concerns/Testing.php:57
/var/www/html/vendor/orchestra/testbench-core/src/TestCase.php:50
/var/www/html/tests/TestCase.php:61
/var/www/html/tests/Unit/Registry/ComponentDiscoveryTest.php:36</error>
        </testcase>
        <testcase name="it_gets_supported_component_types" file="/var/www/html/tests/Unit/Registry/ComponentDiscoveryTest.php" line="415" class="JTD\LaravelMCP\Tests\Unit\Registry\ComponentDiscoveryTest" classname="JTD.LaravelMCP.Tests.Unit.Registry.ComponentDiscoveryTest" assertions="0" time="0.000000">
          <error type="Exception">JTD\LaravelMCP\Tests\Unit\Registry\ComponentDiscoveryTest::it_gets_supported_component_types
Exception: The /var/www/html/vendor/orchestra/testbench-core/laravel/bootstrap/cache directory must be present and writable.

/var/www/html/vendor/laravel/framework/src/Illuminate/Foundation/PackageManifest.php:179
/var/www/html/vendor/orchestra/testbench-core/src/Foundation/PackageManifest.php:157
/var/www/html/vendor/laravel/framework/src/Illuminate/Foundation/PackageManifest.php:132
/var/www/html/vendor/laravel/framework/src/Illuminate/Foundation/PackageManifest.php:108
/var/www/html/vendor/orchestra/testbench-core/src/Foundation/PackageManifest.php:102
/var/www/html/vendor/laravel/framework/src/Illuminate/Foundation/PackageManifest.php:91
/var/www/html/vendor/laravel/framework/src/Illuminate/Foundation/PackageManifest.php:80
/var/www/html/vendor/laravel/framework/src/Illuminate/Foundation/Bootstrap/RegisterFacades.php:26
/var/www/html/vendor/orchestra/testbench-core/src/Concerns/CreatesApplication.php:556
/var/www/html/vendor/orchestra/testbench-core/src/Concerns/CreatesApplication.php:311
/var/www/html/vendor/orchestra/testbench-core/src/TestCase.php:121
/var/www/html/vendor/orchestra/testbench-core/src/Concerns/ApplicationTestingHooks.php:74
/var/www/html/vendor/orchestra/testbench-core/src/Concerns/Testing.php:43
/var/www/html/vendor/laravel/framework/src/Illuminate/Collections/helpers.php:236
/var/www/html/vendor/orchestra/sidekick/src/functions.php:87
/var/www/html/vendor/laravel/framework/src/Illuminate/Collections/helpers.php:236
/var/www/html/vendor/orchestra/testbench-core/src/Concerns/Testing.php:57
/var/www/html/vendor/orchestra/testbench-core/src/TestCase.php:50
/var/www/html/tests/TestCase.php:61
/var/www/html/tests/Unit/Registry/ComponentDiscoveryTest.php:36</error>
        </testcase>
      </testsuite>
      <testsuite name="JTD\LaravelMCP\Tests\Unit\Registry\Contracts\DiscoveryInterfaceTest" file="/var/www/html/tests/Unit/Registry/Contracts/DiscoveryInterfaceTest.php" tests="23" assertions="0" errors="23" failures="0" skipped="0" time="0.000000">
        <testcase name="test_discover_components_in_paths" file="/var/www/html/tests/Unit/Registry/Contracts/DiscoveryInterfaceTest.php" line="30" class="JTD\LaravelMCP\Tests\Unit\Registry\Contracts\DiscoveryInterfaceTest" classname="JTD.LaravelMCP.Tests.Unit.Registry.Contracts.DiscoveryInterfaceTest" assertions="0" time="0.000000">
          <error type="Exception">JTD\LaravelMCP\Tests\Unit\Registry\Contracts\DiscoveryInterfaceTest::test_discover_components_in_paths
Exception: The /var/www/html/vendor/orchestra/testbench-core/laravel/bootstrap/cache directory must be present and writable.

/var/www/html/vendor/laravel/framework/src/Illuminate/Foundation/PackageManifest.php:179
/var/www/html/vendor/orchestra/testbench-core/src/Foundation/PackageManifest.php:157
/var/www/html/vendor/laravel/framework/src/Illuminate/Foundation/PackageManifest.php:132
/var/www/html/vendor/laravel/framework/src/Illuminate/Foundation/PackageManifest.php:108
/var/www/html/vendor/orchestra/testbench-core/src/Foundation/PackageManifest.php:102
/var/www/html/vendor/laravel/framework/src/Illuminate/Foundation/PackageManifest.php:91
/var/www/html/vendor/laravel/framework/src/Illuminate/Foundation/PackageManifest.php:80
/var/www/html/vendor/laravel/framework/src/Illuminate/Foundation/Bootstrap/RegisterFacades.php:26
/var/www/html/vendor/orchestra/testbench-core/src/Concerns/CreatesApplication.php:556
/var/www/html/vendor/orchestra/testbench-core/src/Concerns/CreatesApplication.php:311
/var/www/html/vendor/orchestra/testbench-core/src/TestCase.php:121
/var/www/html/vendor/orchestra/testbench-core/src/Concerns/ApplicationTestingHooks.php:74
/var/www/html/vendor/orchestra/testbench-core/src/Concerns/Testing.php:43
/var/www/html/vendor/laravel/framework/src/Illuminate/Collections/helpers.php:236
/var/www/html/vendor/orchestra/sidekick/src/functions.php:87
/var/www/html/vendor/laravel/framework/src/Illuminate/Collections/helpers.php:236
/var/www/html/vendor/orchestra/testbench-core/src/Concerns/Testing.php:57
/var/www/html/vendor/orchestra/testbench-core/src/TestCase.php:50
/var/www/html/tests/TestCase.php:61
/var/www/html/tests/Unit/Registry/Contracts/DiscoveryInterfaceTest.php:22</error>
        </testcase>
        <testcase name="test_discover_returns_empty_when_no_components" file="/var/www/html/tests/Unit/Registry/Contracts/DiscoveryInterfaceTest.php" line="73" class="JTD\LaravelMCP\Tests\Unit\Registry\Contracts\DiscoveryInterfaceTest" classname="JTD.LaravelMCP.Tests.Unit.Registry.Contracts.DiscoveryInterfaceTest" assertions="0" time="0.000000">
          <error type="Exception">JTD\LaravelMCP\Tests\Unit\Registry\Contracts\DiscoveryInterfaceTest::test_discover_returns_empty_when_no_components
Exception: The /var/www/html/vendor/orchestra/testbench-core/laravel/bootstrap/cache directory must be present and writable.

/var/www/html/vendor/laravel/framework/src/Illuminate/Foundation/PackageManifest.php:179
/var/www/html/vendor/orchestra/testbench-core/src/Foundation/PackageManifest.php:157
/var/www/html/vendor/laravel/framework/src/Illuminate/Foundation/PackageManifest.php:132
/var/www/html/vendor/laravel/framework/src/Illuminate/Foundation/PackageManifest.php:108
/var/www/html/vendor/orchestra/testbench-core/src/Foundation/PackageManifest.php:102
/var/www/html/vendor/laravel/framework/src/Illuminate/Foundation/PackageManifest.php:91
/var/www/html/vendor/laravel/framework/src/Illuminate/Foundation/PackageManifest.php:80
/var/www/html/vendor/laravel/framework/src/Illuminate/Foundation/Bootstrap/RegisterFacades.php:26
/var/www/html/vendor/orchestra/testbench-core/src/Concerns/CreatesApplication.php:556
/var/www/html/vendor/orchestra/testbench-core/src/Concerns/CreatesApplication.php:311
/var/www/html/vendor/orchestra/testbench-core/src/TestCase.php:121
/var/www/html/vendor/orchestra/testbench-core/src/Concerns/ApplicationTestingHooks.php:74
/var/www/html/vendor/orchestra/testbench-core/src/Concerns/Testing.php:43
/var/www/html/vendor/laravel/framework/src/Illuminate/Collections/helpers.php:236
/var/www/html/vendor/orchestra/sidekick/src/functions.php:87
/var/www/html/vendor/laravel/framework/src/Illuminate/Collections/helpers.php:236
/var/www/html/vendor/orchestra/testbench-core/src/Concerns/Testing.php:57
/var/www/html/vendor/orchestra/testbench-core/src/TestCase.php:50
/var/www/html/tests/TestCase.php:61
/var/www/html/tests/Unit/Registry/Contracts/DiscoveryInterfaceTest.php:22</error>
        </testcase>
        <testcase name="test_discover_type_for_tools" file="/var/www/html/tests/Unit/Registry/Contracts/DiscoveryInterfaceTest.php" line="91" class="JTD\LaravelMCP\Tests\Unit\Registry\Contracts\DiscoveryInterfaceTest" classname="JTD.LaravelMCP.Tests.Unit.Registry.Contracts.DiscoveryInterfaceTest" assertions="0" time="0.000000">
          <error type="Exception">JTD\LaravelMCP\Tests\Unit\Registry\Contracts\DiscoveryInterfaceTest::test_discover_type_for_tools
Exception: The /var/www/html/vendor/orchestra/testbench-core/laravel/bootstrap/cache directory must be present and writable.

/var/www/html/vendor/laravel/framework/src/Illuminate/Foundation/PackageManifest.php:179
/var/www/html/vendor/orchestra/testbench-core/src/Foundation/PackageManifest.php:157
/var/www/html/vendor/laravel/framework/src/Illuminate/Foundation/PackageManifest.php:132
/var/www/html/vendor/laravel/framework/src/Illuminate/Foundation/PackageManifest.php:108
/var/www/html/vendor/orchestra/testbench-core/src/Foundation/PackageManifest.php:102
/var/www/html/vendor/laravel/framework/src/Illuminate/Foundation/PackageManifest.php:91
/var/www/html/vendor/laravel/framework/src/Illuminate/Foundation/PackageManifest.php:80
/var/www/html/vendor/laravel/framework/src/Illuminate/Foundation/Bootstrap/RegisterFacades.php:26
/var/www/html/vendor/orchestra/testbench-core/src/Concerns/CreatesApplication.php:556
/var/www/html/vendor/orchestra/testbench-core/src/Concerns/CreatesApplication.php:311
/var/www/html/vendor/orchestra/testbench-core/src/TestCase.php:121
/var/www/html/vendor/orchestra/testbench-core/src/Concerns/ApplicationTestingHooks.php:74
/var/www/html/vendor/orchestra/testbench-core/src/Concerns/Testing.php:43
/var/www/html/vendor/laravel/framework/src/Illuminate/Collections/helpers.php:236
/var/www/html/vendor/orchestra/sidekick/src/functions.php:87
/var/www/html/vendor/laravel/framework/src/Illuminate/Collections/helpers.php:236
/var/www/html/vendor/orchestra/testbench-core/src/Concerns/Testing.php:57
/var/www/html/vendor/orchestra/testbench-core/src/TestCase.php:50
/var/www/html/tests/TestCase.php:61
/var/www/html/tests/Unit/Registry/Contracts/DiscoveryInterfaceTest.php:22</error>
        </testcase>
        <testcase name="test_discover_type_for_resources" file="/var/www/html/tests/Unit/Registry/Contracts/DiscoveryInterfaceTest.php" line="120" class="JTD\LaravelMCP\Tests\Unit\Registry\Contracts\DiscoveryInterfaceTest" classname="JTD.LaravelMCP.Tests.Unit.Registry.Contracts.DiscoveryInterfaceTest" assertions="0" time="0.000000">
          <error type="Exception">JTD\LaravelMCP\Tests\Unit\Registry\Contracts\DiscoveryInterfaceTest::test_discover_type_for_resources
Exception: The /var/www/html/vendor/orchestra/testbench-core/laravel/bootstrap/cache directory must be present and writable.

/var/www/html/vendor/laravel/framework/src/Illuminate/Foundation/PackageManifest.php:179
/var/www/html/vendor/orchestra/testbench-core/src/Foundation/PackageManifest.php:157
/var/www/html/vendor/laravel/framework/src/Illuminate/Foundation/PackageManifest.php:132
/var/www/html/vendor/laravel/framework/src/Illuminate/Foundation/PackageManifest.php:108
/var/www/html/vendor/orchestra/testbench-core/src/Foundation/PackageManifest.php:102
/var/www/html/vendor/laravel/framework/src/Illuminate/Foundation/PackageManifest.php:91
/var/www/html/vendor/laravel/framework/src/Illuminate/Foundation/PackageManifest.php:80
/var/www/html/vendor/laravel/framework/src/Illuminate/Foundation/Bootstrap/RegisterFacades.php:26
/var/www/html/vendor/orchestra/testbench-core/src/Concerns/CreatesApplication.php:556
/var/www/html/vendor/orchestra/testbench-core/src/Concerns/CreatesApplication.php:311
/var/www/html/vendor/orchestra/testbench-core/src/TestCase.php:121
/var/www/html/vendor/orchestra/testbench-core/src/Concerns/ApplicationTestingHooks.php:74
/var/www/html/vendor/orchestra/testbench-core/src/Concerns/Testing.php:43
/var/www/html/vendor/laravel/framework/src/Illuminate/Collections/helpers.php:236
/var/www/html/vendor/orchestra/sidekick/src/functions.php:87
/var/www/html/vendor/laravel/framework/src/Illuminate/Collections/helpers.php:236
/var/www/html/vendor/orchestra/testbench-core/src/Concerns/Testing.php:57
/var/www/html/vendor/orchestra/testbench-core/src/TestCase.php:50
/var/www/html/tests/TestCase.php:61
/var/www/html/tests/Unit/Registry/Contracts/DiscoveryInterfaceTest.php:22</error>
        </testcase>
        <testcase name="test_discover_type_for_prompts" file="/var/www/html/tests/Unit/Registry/Contracts/DiscoveryInterfaceTest.php" line="145" class="JTD\LaravelMCP\Tests\Unit\Registry\Contracts\DiscoveryInterfaceTest" classname="JTD.LaravelMCP.Tests.Unit.Registry.Contracts.DiscoveryInterfaceTest" assertions="0" time="0.000000">
          <error type="Exception">JTD\LaravelMCP\Tests\Unit\Registry\Contracts\DiscoveryInterfaceTest::test_discover_type_for_prompts
Exception: The /var/www/html/vendor/orchestra/testbench-core/laravel/bootstrap/cache directory must be present and writable.

/var/www/html/vendor/laravel/framework/src/Illuminate/Foundation/PackageManifest.php:179
/var/www/html/vendor/orchestra/testbench-core/src/Foundation/PackageManifest.php:157
/var/www/html/vendor/laravel/framework/src/Illuminate/Foundation/PackageManifest.php:132
/var/www/html/vendor/laravel/framework/src/Illuminate/Foundation/PackageManifest.php:108
/var/www/html/vendor/orchestra/testbench-core/src/Foundation/PackageManifest.php:102
/var/www/html/vendor/laravel/framework/src/Illuminate/Foundation/PackageManifest.php:91
/var/www/html/vendor/laravel/framework/src/Illuminate/Foundation/PackageManifest.php:80
/var/www/html/vendor/laravel/framework/src/Illuminate/Foundation/Bootstrap/RegisterFacades.php:26
/var/www/html/vendor/orchestra/testbench-core/src/Concerns/CreatesApplication.php:556
/var/www/html/vendor/orchestra/testbench-core/src/Concerns/CreatesApplication.php:311
/var/www/html/vendor/orchestra/testbench-core/src/TestCase.php:121
/var/www/html/vendor/orchestra/testbench-core/src/Concerns/ApplicationTestingHooks.php:74
/var/www/html/vendor/orchestra/testbench-core/src/Concerns/Testing.php:43
/var/www/html/vendor/laravel/framework/src/Illuminate/Collections/helpers.php:236
/var/www/html/vendor/orchestra/sidekick/src/functions.php:87
/var/www/html/vendor/laravel/framework/src/Illuminate/Collections/helpers.php:236
/var/www/html/vendor/orchestra/testbench-core/src/Concerns/Testing.php:57
/var/www/html/vendor/orchestra/testbench-core/src/TestCase.php:50
/var/www/html/tests/TestCase.php:61
/var/www/html/tests/Unit/Registry/Contracts/DiscoveryInterfaceTest.php:22</error>
        </testcase>
        <testcase name="test_is_valid_component_with_valid_file" file="/var/www/html/tests/Unit/Registry/Contracts/DiscoveryInterfaceTest.php" line="170" class="JTD\LaravelMCP\Tests\Unit\Registry\Contracts\DiscoveryInterfaceTest" classname="JTD.LaravelMCP.Tests.Unit.Registry.Contracts.DiscoveryInterfaceTest" assertions="0" time="0.000000">
          <error type="Exception">JTD\LaravelMCP\Tests\Unit\Registry\Contracts\DiscoveryInterfaceTest::test_is_valid_component_with_valid_file
Exception: The /var/www/html/vendor/orchestra/testbench-core/laravel/bootstrap/cache directory must be present and writable.

/var/www/html/vendor/laravel/framework/src/Illuminate/Foundation/PackageManifest.php:179
/var/www/html/vendor/orchestra/testbench-core/src/Foundation/PackageManifest.php:157
/var/www/html/vendor/laravel/framework/src/Illuminate/Foundation/PackageManifest.php:132
/var/www/html/vendor/laravel/framework/src/Illuminate/Foundation/PackageManifest.php:108
/var/www/html/vendor/orchestra/testbench-core/src/Foundation/PackageManifest.php:102
/var/www/html/vendor/laravel/framework/src/Illuminate/Foundation/PackageManifest.php:91
/var/www/html/vendor/laravel/framework/src/Illuminate/Foundation/PackageManifest.php:80
/var/www/html/vendor/laravel/framework/src/Illuminate/Foundation/Bootstrap/RegisterFacades.php:26
/var/www/html/vendor/orchestra/testbench-core/src/Concerns/CreatesApplication.php:556
/var/www/html/vendor/orchestra/testbench-core/src/Concerns/CreatesApplication.php:311
/var/www/html/vendor/orchestra/testbench-core/src/TestCase.php:121
/var/www/html/vendor/orchestra/testbench-core/src/Concerns/ApplicationTestingHooks.php:74
/var/www/html/vendor/orchestra/testbench-core/src/Concerns/Testing.php:43
/var/www/html/vendor/laravel/framework/src/Illuminate/Collections/helpers.php:236
/var/www/html/vendor/orchestra/sidekick/src/functions.php:87
/var/www/html/vendor/laravel/framework/src/Illuminate/Collections/helpers.php:236
/var/www/html/vendor/orchestra/testbench-core/src/Concerns/Testing.php:57
/var/www/html/vendor/orchestra/testbench-core/src/TestCase.php:50
/var/www/html/tests/TestCase.php:61
/var/www/html/tests/Unit/Registry/Contracts/DiscoveryInterfaceTest.php:22</error>
        </testcase>
        <testcase name="test_is_valid_component_with_invalid_file" file="/var/www/html/tests/Unit/Registry/Contracts/DiscoveryInterfaceTest.php" line="187" class="JTD\LaravelMCP\Tests\Unit\Registry\Contracts\DiscoveryInterfaceTest" classname="JTD.LaravelMCP.Tests.Unit.Registry.Contracts.DiscoveryInterfaceTest" assertions="0" time="0.000000">
          <error type="Exception">JTD\LaravelMCP\Tests\Unit\Registry\Contracts\DiscoveryInterfaceTest::test_is_valid_component_with_invalid_file
Exception: The /var/www/html/vendor/orchestra/testbench-core/laravel/bootstrap/cache directory must be present and writable.

/var/www/html/vendor/laravel/framework/src/Illuminate/Foundation/PackageManifest.php:179
/var/www/html/vendor/orchestra/testbench-core/src/Foundation/PackageManifest.php:157
/var/www/html/vendor/laravel/framework/src/Illuminate/Foundation/PackageManifest.php:132
/var/www/html/vendor/laravel/framework/src/Illuminate/Foundation/PackageManifest.php:108
/var/www/html/vendor/orchestra/testbench-core/src/Foundation/PackageManifest.php:102
/var/www/html/vendor/laravel/framework/src/Illuminate/Foundation/PackageManifest.php:91
/var/www/html/vendor/laravel/framework/src/Illuminate/Foundation/PackageManifest.php:80
/var/www/html/vendor/laravel/framework/src/Illuminate/Foundation/Bootstrap/RegisterFacades.php:26
/var/www/html/vendor/orchestra/testbench-core/src/Concerns/CreatesApplication.php:556
/var/www/html/vendor/orchestra/testbench-core/src/Concerns/CreatesApplication.php:311
/var/www/html/vendor/orchestra/testbench-core/src/TestCase.php:121
/var/www/html/vendor/orchestra/testbench-core/src/Concerns/ApplicationTestingHooks.php:74
/var/www/html/vendor/orchestra/testbench-core/src/Concerns/Testing.php:43
/var/www/html/vendor/laravel/framework/src/Illuminate/Collections/helpers.php:236
/var/www/html/vendor/orchestra/sidekick/src/functions.php:87
/var/www/html/vendor/laravel/framework/src/Illuminate/Collections/helpers.php:236
/var/www/html/vendor/orchestra/testbench-core/src/Concerns/Testing.php:57
/var/www/html/vendor/orchestra/testbench-core/src/TestCase.php:50
/var/www/html/tests/TestCase.php:61
/var/www/html/tests/Unit/Registry/Contracts/DiscoveryInterfaceTest.php:22</error>
        </testcase>
        <testcase name="test_is_valid_component_with_wrong_type" file="/var/www/html/tests/Unit/Registry/Contracts/DiscoveryInterfaceTest.php" line="204" class="JTD\LaravelMCP\Tests\Unit\Registry\Contracts\DiscoveryInterfaceTest" classname="JTD.LaravelMCP.Tests.Unit.Registry.Contracts.DiscoveryInterfaceTest" assertions="0" time="0.000000">
          <error type="Exception">JTD\LaravelMCP\Tests\Unit\Registry\Contracts\DiscoveryInterfaceTest::test_is_valid_component_with_wrong_type
Exception: The /var/www/html/vendor/orchestra/testbench-core/laravel/bootstrap/cache directory must be present and writable.

/var/www/html/vendor/laravel/framework/src/Illuminate/Foundation/PackageManifest.php:179
/var/www/html/vendor/orchestra/testbench-core/src/Foundation/PackageManifest.php:157
/var/www/html/vendor/laravel/framework/src/Illuminate/Foundation/PackageManifest.php:132
/var/www/html/vendor/laravel/framework/src/Illuminate/Foundation/PackageManifest.php:108
/var/www/html/vendor/orchestra/testbench-core/src/Foundation/PackageManifest.php:102
/var/www/html/vendor/laravel/framework/src/Illuminate/Foundation/PackageManifest.php:91
/var/www/html/vendor/laravel/framework/src/Illuminate/Foundation/PackageManifest.php:80
/var/www/html/vendor/laravel/framework/src/Illuminate/Foundation/Bootstrap/RegisterFacades.php:26
/var/www/html/vendor/orchestra/testbench-core/src/Concerns/CreatesApplication.php:556
/var/www/html/vendor/orchestra/testbench-core/src/Concerns/CreatesApplication.php:311
/var/www/html/vendor/orchestra/testbench-core/src/TestCase.php:121
/var/www/html/vendor/orchestra/testbench-core/src/Concerns/ApplicationTestingHooks.php:74
/var/www/html/vendor/orchestra/testbench-core/src/Concerns/Testing.php:43
/var/www/html/vendor/laravel/framework/src/Illuminate/Collections/helpers.php:236
/var/www/html/vendor/orchestra/sidekick/src/functions.php:87
/var/www/html/vendor/laravel/framework/src/Illuminate/Collections/helpers.php:236
/var/www/html/vendor/orchestra/testbench-core/src/Concerns/Testing.php:57
/var/www/html/vendor/orchestra/testbench-core/src/TestCase.php:50
/var/www/html/tests/TestCase.php:61
/var/www/html/tests/Unit/Registry/Contracts/DiscoveryInterfaceTest.php:22</error>
        </testcase>
        <testcase name="test_extract_metadata_from_file" file="/var/www/html/tests/Unit/Registry/Contracts/DiscoveryInterfaceTest.php" line="221" class="JTD\LaravelMCP\Tests\Unit\Registry\Contracts\DiscoveryInterfaceTest" classname="JTD.LaravelMCP.Tests.Unit.Registry.Contracts.DiscoveryInterfaceTest" assertions="0" time="0.000000">
          <error type="Exception">JTD\LaravelMCP\Tests\Unit\Registry\Contracts\DiscoveryInterfaceTest::test_extract_metadata_from_file
Exception: The /var/www/html/vendor/orchestra/testbench-core/laravel/bootstrap/cache directory must be present and writable.

/var/www/html/vendor/laravel/framework/src/Illuminate/Foundation/PackageManifest.php:179
/var/www/html/vendor/orchestra/testbench-core/src/Foundation/PackageManifest.php:157
/var/www/html/vendor/laravel/framework/src/Illuminate/Foundation/PackageManifest.php:132
/var/www/html/vendor/laravel/framework/src/Illuminate/Foundation/PackageManifest.php:108
/var/www/html/vendor/orchestra/testbench-core/src/Foundation/PackageManifest.php:102
/var/www/html/vendor/laravel/framework/src/Illuminate/Foundation/PackageManifest.php:91
/var/www/html/vendor/laravel/framework/src/Illuminate/Foundation/PackageManifest.php:80
/var/www/html/vendor/laravel/framework/src/Illuminate/Foundation/Bootstrap/RegisterFacades.php:26
/var/www/html/vendor/orchestra/testbench-core/src/Concerns/CreatesApplication.php:556
/var/www/html/vendor/orchestra/testbench-core/src/Concerns/CreatesApplication.php:311
/var/www/html/vendor/orchestra/testbench-core/src/TestCase.php:121
/var/www/html/vendor/orchestra/testbench-core/src/Concerns/ApplicationTestingHooks.php:74
/var/www/html/vendor/orchestra/testbench-core/src/Concerns/Testing.php:43
/var/www/html/vendor/laravel/framework/src/Illuminate/Collections/helpers.php:236
/var/www/html/vendor/orchestra/sidekick/src/functions.php:87
/var/www/html/vendor/laravel/framework/src/Illuminate/Collections/helpers.php:236
/var/www/html/vendor/orchestra/testbench-core/src/Concerns/Testing.php:57
/var/www/html/vendor/orchestra/testbench-core/src/TestCase.php:50
/var/www/html/tests/TestCase.php:61
/var/www/html/tests/Unit/Registry/Contracts/DiscoveryInterfaceTest.php:22</error>
        </testcase>
        <testcase name="test_extract_metadata_returns_empty_for_invalid" file="/var/www/html/tests/Unit/Registry/Contracts/DiscoveryInterfaceTest.php" line="253" class="JTD\LaravelMCP\Tests\Unit\Registry\Contracts\DiscoveryInterfaceTest" classname="JTD.LaravelMCP.Tests.Unit.Registry.Contracts.DiscoveryInterfaceTest" assertions="0" time="0.000000">
          <error type="Exception">JTD\LaravelMCP\Tests\Unit\Registry\Contracts\DiscoveryInterfaceTest::test_extract_metadata_returns_empty_for_invalid
Exception: The /var/www/html/vendor/orchestra/testbench-core/laravel/bootstrap/cache directory must be present and writable.

/var/www/html/vendor/laravel/framework/src/Illuminate/Foundation/PackageManifest.php:179
/var/www/html/vendor/orchestra/testbench-core/src/Foundation/PackageManifest.php:157
/var/www/html/vendor/laravel/framework/src/Illuminate/Foundation/PackageManifest.php:132
/var/www/html/vendor/laravel/framework/src/Illuminate/Foundation/PackageManifest.php:108
/var/www/html/vendor/orchestra/testbench-core/src/Foundation/PackageManifest.php:102
/var/www/html/vendor/laravel/framework/src/Illuminate/Foundation/PackageManifest.php:91
/var/www/html/vendor/laravel/framework/src/Illuminate/Foundation/PackageManifest.php:80
/var/www/html/vendor/laravel/framework/src/Illuminate/Foundation/Bootstrap/RegisterFacades.php:26
/var/www/html/vendor/orchestra/testbench-core/src/Concerns/CreatesApplication.php:556
/var/www/html/vendor/orchestra/testbench-core/src/Concerns/CreatesApplication.php:311
/var/www/html/vendor/orchestra/testbench-core/src/TestCase.php:121
/var/www/html/vendor/orchestra/testbench-core/src/Concerns/ApplicationTestingHooks.php:74
/var/www/html/vendor/orchestra/testbench-core/src/Concerns/Testing.php:43
/var/www/html/vendor/laravel/framework/src/Illuminate/Collections/helpers.php:236
/var/www/html/vendor/orchestra/sidekick/src/functions.php:87
/var/www/html/vendor/laravel/framework/src/Illuminate/Collections/helpers.php:236
/var/www/html/vendor/orchestra/testbench-core/src/Concerns/Testing.php:57
/var/www/html/vendor/orchestra/testbench-core/src/TestCase.php:50
/var/www/html/tests/TestCase.php:61
/var/www/html/tests/Unit/Registry/Contracts/DiscoveryInterfaceTest.php:22</error>
        </testcase>
        <testcase name="test_get_class_from_file_valid" file="/var/www/html/tests/Unit/Registry/Contracts/DiscoveryInterfaceTest.php" line="271" class="JTD\LaravelMCP\Tests\Unit\Registry\Contracts\DiscoveryInterfaceTest" classname="JTD.LaravelMCP.Tests.Unit.Registry.Contracts.DiscoveryInterfaceTest" assertions="0" time="0.000000">
          <error type="Exception">JTD\LaravelMCP\Tests\Unit\Registry\Contracts\DiscoveryInterfaceTest::test_get_class_from_file_valid
Exception: The /var/www/html/vendor/orchestra/testbench-core/laravel/bootstrap/cache directory must be present and writable.

/var/www/html/vendor/laravel/framework/src/Illuminate/Foundation/PackageManifest.php:179
/var/www/html/vendor/orchestra/testbench-core/src/Foundation/PackageManifest.php:157
/var/www/html/vendor/laravel/framework/src/Illuminate/Foundation/PackageManifest.php:132
/var/www/html/vendor/laravel/framework/src/Illuminate/Foundation/PackageManifest.php:108
/var/www/html/vendor/orchestra/testbench-core/src/Foundation/PackageManifest.php:102
/var/www/html/vendor/laravel/framework/src/Illuminate/Foundation/PackageManifest.php:91
/var/www/html/vendor/laravel/framework/src/Illuminate/Foundation/PackageManifest.php:80
/var/www/html/vendor/laravel/framework/src/Illuminate/Foundation/Bootstrap/RegisterFacades.php:26
/var/www/html/vendor/orchestra/testbench-core/src/Concerns/CreatesApplication.php:556
/var/www/html/vendor/orchestra/testbench-core/src/Concerns/CreatesApplication.php:311
/var/www/html/vendor/orchestra/testbench-core/src/TestCase.php:121
/var/www/html/vendor/orchestra/testbench-core/src/Concerns/ApplicationTestingHooks.php:74
/var/www/html/vendor/orchestra/testbench-core/src/Concerns/Testing.php:43
/var/www/html/vendor/laravel/framework/src/Illuminate/Collections/helpers.php:236
/var/www/html/vendor/orchestra/sidekick/src/functions.php:87
/var/www/html/vendor/laravel/framework/src/Illuminate/Collections/helpers.php:236
/var/www/html/vendor/orchestra/testbench-core/src/Concerns/Testing.php:57
/var/www/html/vendor/orchestra/testbench-core/src/TestCase.php:50
/var/www/html/tests/TestCase.php:61
/var/www/html/tests/Unit/Registry/Contracts/DiscoveryInterfaceTest.php:22</error>
        </testcase>
        <testcase name="test_get_class_from_file_no_class" file="/var/www/html/tests/Unit/Registry/Contracts/DiscoveryInterfaceTest.php" line="290" class="JTD\LaravelMCP\Tests\Unit\Registry\Contracts\DiscoveryInterfaceTest" classname="JTD.LaravelMCP.Tests.Unit.Registry.Contracts.DiscoveryInterfaceTest" assertions="0" time="0.000000">
          <error type="Exception">JTD\LaravelMCP\Tests\Unit\Registry\Contracts\DiscoveryInterfaceTest::test_get_class_from_file_no_class
Exception: The /var/www/html/vendor/orchestra/testbench-core/laravel/bootstrap/cache directory must be present and writable.

/var/www/html/vendor/laravel/framework/src/Illuminate/Foundation/PackageManifest.php:179
/var/www/html/vendor/orchestra/testbench-core/src/Foundation/PackageManifest.php:157
/var/www/html/vendor/laravel/framework/src/Illuminate/Foundation/PackageManifest.php:132
/var/www/html/vendor/laravel/framework/src/Illuminate/Foundation/PackageManifest.php:108
/var/www/html/vendor/orchestra/testbench-core/src/Foundation/PackageManifest.php:102
/var/www/html/vendor/laravel/framework/src/Illuminate/Foundation/PackageManifest.php:91
/var/www/html/vendor/laravel/framework/src/Illuminate/Foundation/PackageManifest.php:80
/var/www/html/vendor/laravel/framework/src/Illuminate/Foundation/Bootstrap/RegisterFacades.php:26
/var/www/html/vendor/orchestra/testbench-core/src/Concerns/CreatesApplication.php:556
/var/www/html/vendor/orchestra/testbench-core/src/Concerns/CreatesApplication.php:311
/var/www/html/vendor/orchestra/testbench-core/src/TestCase.php:121
/var/www/html/vendor/orchestra/testbench-core/src/Concerns/ApplicationTestingHooks.php:74
/var/www/html/vendor/orchestra/testbench-core/src/Concerns/Testing.php:43
/var/www/html/vendor/laravel/framework/src/Illuminate/Collections/helpers.php:236
/var/www/html/vendor/orchestra/sidekick/src/functions.php:87
/var/www/html/vendor/laravel/framework/src/Illuminate/Collections/helpers.php:236
/var/www/html/vendor/orchestra/testbench-core/src/Concerns/Testing.php:57
/var/www/html/vendor/orchestra/testbench-core/src/TestCase.php:50
/var/www/html/tests/TestCase.php:61
/var/www/html/tests/Unit/Registry/Contracts/DiscoveryInterfaceTest.php:22</error>
        </testcase>
        <testcase name="test_is_valid_component_class_valid_tool" file="/var/www/html/tests/Unit/Registry/Contracts/DiscoveryInterfaceTest.php" line="308" class="JTD\LaravelMCP\Tests\Unit\Registry\Contracts\DiscoveryInterfaceTest" classname="JTD.LaravelMCP.Tests.Unit.Registry.Contracts.DiscoveryInterfaceTest" assertions="0" time="0.000000">
          <error type="Exception">JTD\LaravelMCP\Tests\Unit\Registry\Contracts\DiscoveryInterfaceTest::test_is_valid_component_class_valid_tool
Exception: The /var/www/html/vendor/orchestra/testbench-core/laravel/bootstrap/cache directory must be present and writable.

/var/www/html/vendor/laravel/framework/src/Illuminate/Foundation/PackageManifest.php:179
/var/www/html/vendor/orchestra/testbench-core/src/Foundation/PackageManifest.php:157
/var/www/html/vendor/laravel/framework/src/Illuminate/Foundation/PackageManifest.php:132
/var/www/html/vendor/laravel/framework/src/Illuminate/Foundation/PackageManifest.php:108
/var/www/html/vendor/orchestra/testbench-core/src/Foundation/PackageManifest.php:102
/var/www/html/vendor/laravel/framework/src/Illuminate/Foundation/PackageManifest.php:91
/var/www/html/vendor/laravel/framework/src/Illuminate/Foundation/PackageManifest.php:80
/var/www/html/vendor/laravel/framework/src/Illuminate/Foundation/Bootstrap/RegisterFacades.php:26
/var/www/html/vendor/orchestra/testbench-core/src/Concerns/CreatesApplication.php:556
/var/www/html/vendor/orchestra/testbench-core/src/Concerns/CreatesApplication.php:311
/var/www/html/vendor/orchestra/testbench-core/src/TestCase.php:121
/var/www/html/vendor/orchestra/testbench-core/src/Concerns/ApplicationTestingHooks.php:74
/var/www/html/vendor/orchestra/testbench-core/src/Concerns/Testing.php:43
/var/www/html/vendor/laravel/framework/src/Illuminate/Collections/helpers.php:236
/var/www/html/vendor/orchestra/sidekick/src/functions.php:87
/var/www/html/vendor/laravel/framework/src/Illuminate/Collections/helpers.php:236
/var/www/html/vendor/orchestra/testbench-core/src/Concerns/Testing.php:57
/var/www/html/vendor/orchestra/testbench-core/src/TestCase.php:50
/var/www/html/tests/TestCase.php:61
/var/www/html/tests/Unit/Registry/Contracts/DiscoveryInterfaceTest.php:22</error>
        </testcase>
        <testcase name="test_is_valid_component_class_invalid" file="/var/www/html/tests/Unit/Registry/Contracts/DiscoveryInterfaceTest.php" line="325" class="JTD\LaravelMCP\Tests\Unit\Registry\Contracts\DiscoveryInterfaceTest" classname="JTD.LaravelMCP.Tests.Unit.Registry.Contracts.DiscoveryInterfaceTest" assertions="0" time="0.000000">
          <error type="Exception">JTD\LaravelMCP\Tests\Unit\Registry\Contracts\DiscoveryInterfaceTest::test_is_valid_component_class_invalid
Exception: The /var/www/html/vendor/orchestra/testbench-core/laravel/bootstrap/cache directory must be present and writable.

/var/www/html/vendor/laravel/framework/src/Illuminate/Foundation/PackageManifest.php:179
/var/www/html/vendor/orchestra/testbench-core/src/Foundation/PackageManifest.php:157
/var/www/html/vendor/laravel/framework/src/Illuminate/Foundation/PackageManifest.php:132
/var/www/html/vendor/laravel/framework/src/Illuminate/Foundation/PackageManifest.php:108
/var/www/html/vendor/orchestra/testbench-core/src/Foundation/PackageManifest.php:102
/var/www/html/vendor/laravel/framework/src/Illuminate/Foundation/PackageManifest.php:91
/var/www/html/vendor/laravel/framework/src/Illuminate/Foundation/PackageManifest.php:80
/var/www/html/vendor/laravel/framework/src/Illuminate/Foundation/Bootstrap/RegisterFacades.php:26
/var/www/html/vendor/orchestra/testbench-core/src/Concerns/CreatesApplication.php:556
/var/www/html/vendor/orchestra/testbench-core/src/Concerns/CreatesApplication.php:311
/var/www/html/vendor/orchestra/testbench-core/src/TestCase.php:121
/var/www/html/vendor/orchestra/testbench-core/src/Concerns/ApplicationTestingHooks.php:74
/var/www/html/vendor/orchestra/testbench-core/src/Concerns/Testing.php:43
/var/www/html/vendor/laravel/framework/src/Illuminate/Collections/helpers.php:236
/var/www/html/vendor/orchestra/sidekick/src/functions.php:87
/var/www/html/vendor/laravel/framework/src/Illuminate/Collections/helpers.php:236
/var/www/html/vendor/orchestra/testbench-core/src/Concerns/Testing.php:57
/var/www/html/vendor/orchestra/testbench-core/src/TestCase.php:50
/var/www/html/tests/TestCase.php:61
/var/www/html/tests/Unit/Registry/Contracts/DiscoveryInterfaceTest.php:22</error>
        </testcase>
        <testcase name="test_get_supported_types" file="/var/www/html/tests/Unit/Registry/Contracts/DiscoveryInterfaceTest.php" line="342" class="JTD\LaravelMCP\Tests\Unit\Registry\Contracts\DiscoveryInterfaceTest" classname="JTD.LaravelMCP.Tests.Unit.Registry.Contracts.DiscoveryInterfaceTest" assertions="0" time="0.000000">
          <error type="Exception">JTD\LaravelMCP\Tests\Unit\Registry\Contracts\DiscoveryInterfaceTest::test_get_supported_types
Exception: The /var/www/html/vendor/orchestra/testbench-core/laravel/bootstrap/cache directory must be present and writable.

/var/www/html/vendor/laravel/framework/src/Illuminate/Foundation/PackageManifest.php:179
/var/www/html/vendor/orchestra/testbench-core/src/Foundation/PackageManifest.php:157
/var/www/html/vendor/laravel/framework/src/Illuminate/Foundation/PackageManifest.php:132
/var/www/html/vendor/laravel/framework/src/Illuminate/Foundation/PackageManifest.php:108
/var/www/html/vendor/orchestra/testbench-core/src/Foundation/PackageManifest.php:102
/var/www/html/vendor/laravel/framework/src/Illuminate/Foundation/PackageManifest.php:91
/var/www/html/vendor/laravel/framework/src/Illuminate/Foundation/PackageManifest.php:80
/var/www/html/vendor/laravel/framework/src/Illuminate/Foundation/Bootstrap/RegisterFacades.php:26
/var/www/html/vendor/orchestra/testbench-core/src/Concerns/CreatesApplication.php:556
/var/www/html/vendor/orchestra/testbench-core/src/Concerns/CreatesApplication.php:311
/var/www/html/vendor/orchestra/testbench-core/src/TestCase.php:121
/var/www/html/vendor/orchestra/testbench-core/src/Concerns/ApplicationTestingHooks.php:74
/var/www/html/vendor/orchestra/testbench-core/src/Concerns/Testing.php:43
/var/www/html/vendor/laravel/framework/src/Illuminate/Collections/helpers.php:236
/var/www/html/vendor/orchestra/sidekick/src/functions.php:87
/var/www/html/vendor/laravel/framework/src/Illuminate/Collections/helpers.php:236
/var/www/html/vendor/orchestra/testbench-core/src/Concerns/Testing.php:57
/var/www/html/vendor/orchestra/testbench-core/src/TestCase.php:50
/var/www/html/tests/TestCase.php:61
/var/www/html/tests/Unit/Registry/Contracts/DiscoveryInterfaceTest.php:22</error>
        </testcase>
        <testcase name="test_set_config" file="/var/www/html/tests/Unit/Registry/Contracts/DiscoveryInterfaceTest.php" line="359" class="JTD\LaravelMCP\Tests\Unit\Registry\Contracts\DiscoveryInterfaceTest" classname="JTD.LaravelMCP.Tests.Unit.Registry.Contracts.DiscoveryInterfaceTest" assertions="0" time="0.000000">
          <error type="Exception">JTD\LaravelMCP\Tests\Unit\Registry\Contracts\DiscoveryInterfaceTest::test_set_config
Exception: The /var/www/html/vendor/orchestra/testbench-core/laravel/bootstrap/cache directory must be present and writable.

/var/www/html/vendor/laravel/framework/src/Illuminate/Foundation/PackageManifest.php:179
/var/www/html/vendor/orchestra/testbench-core/src/Foundation/PackageManifest.php:157
/var/www/html/vendor/laravel/framework/src/Illuminate/Foundation/PackageManifest.php:132
/var/www/html/vendor/laravel/framework/src/Illuminate/Foundation/PackageManifest.php:108
/var/www/html/vendor/orchestra/testbench-core/src/Foundation/PackageManifest.php:102
/var/www/html/vendor/laravel/framework/src/Illuminate/Foundation/PackageManifest.php:91
/var/www/html/vendor/laravel/framework/src/Illuminate/Foundation/PackageManifest.php:80
/var/www/html/vendor/laravel/framework/src/Illuminate/Foundation/Bootstrap/RegisterFacades.php:26
/var/www/html/vendor/orchestra/testbench-core/src/Concerns/CreatesApplication.php:556
/var/www/html/vendor/orchestra/testbench-core/src/Concerns/CreatesApplication.php:311
/var/www/html/vendor/orchestra/testbench-core/src/TestCase.php:121
/var/www/html/vendor/orchestra/testbench-core/src/Concerns/ApplicationTestingHooks.php:74
/var/www/html/vendor/orchestra/testbench-core/src/Concerns/Testing.php:43
/var/www/html/vendor/laravel/framework/src/Illuminate/Collections/helpers.php:236
/var/www/html/vendor/orchestra/sidekick/src/functions.php:87
/var/www/html/vendor/laravel/framework/src/Illuminate/Collections/helpers.php:236
/var/www/html/vendor/orchestra/testbench-core/src/Concerns/Testing.php:57
/var/www/html/vendor/orchestra/testbench-core/src/TestCase.php:50
/var/www/html/tests/TestCase.php:61
/var/www/html/tests/Unit/Registry/Contracts/DiscoveryInterfaceTest.php:22</error>
        </testcase>
        <testcase name="test_get_config" file="/var/www/html/tests/Unit/Registry/Contracts/DiscoveryInterfaceTest.php" line="378" class="JTD\LaravelMCP\Tests\Unit\Registry\Contracts\DiscoveryInterfaceTest" classname="JTD.LaravelMCP.Tests.Unit.Registry.Contracts.DiscoveryInterfaceTest" assertions="0" time="0.000000">
          <error type="Exception">JTD\LaravelMCP\Tests\Unit\Registry\Contracts\DiscoveryInterfaceTest::test_get_config
Exception: The /var/www/html/vendor/orchestra/testbench-core/laravel/bootstrap/cache directory must be present and writable.

/var/www/html/vendor/laravel/framework/src/Illuminate/Foundation/PackageManifest.php:179
/var/www/html/vendor/orchestra/testbench-core/src/Foundation/PackageManifest.php:157
/var/www/html/vendor/laravel/framework/src/Illuminate/Foundation/PackageManifest.php:132
/var/www/html/vendor/laravel/framework/src/Illuminate/Foundation/PackageManifest.php:108
/var/www/html/vendor/orchestra/testbench-core/src/Foundation/PackageManifest.php:102
/var/www/html/vendor/laravel/framework/src/Illuminate/Foundation/PackageManifest.php:91
/var/www/html/vendor/laravel/framework/src/Illuminate/Foundation/PackageManifest.php:80
/var/www/html/vendor/laravel/framework/src/Illuminate/Foundation/Bootstrap/RegisterFacades.php:26
/var/www/html/vendor/orchestra/testbench-core/src/Concerns/CreatesApplication.php:556
/var/www/html/vendor/orchestra/testbench-core/src/Concerns/CreatesApplication.php:311
/var/www/html/vendor/orchestra/testbench-core/src/TestCase.php:121
/var/www/html/vendor/orchestra/testbench-core/src/Concerns/ApplicationTestingHooks.php:74
/var/www/html/vendor/orchestra/testbench-core/src/Concerns/Testing.php:43
/var/www/html/vendor/laravel/framework/src/Illuminate/Collections/helpers.php:236
/var/www/html/vendor/orchestra/sidekick/src/functions.php:87
/var/www/html/vendor/laravel/framework/src/Illuminate/Collections/helpers.php:236
/var/www/html/vendor/orchestra/testbench-core/src/Concerns/Testing.php:57
/var/www/html/vendor/orchestra/testbench-core/src/TestCase.php:50
/var/www/html/tests/TestCase.php:61
/var/www/html/tests/Unit/Registry/Contracts/DiscoveryInterfaceTest.php:22</error>
        </testcase>
        <testcase name="test_add_filter" file="/var/www/html/tests/Unit/Registry/Contracts/DiscoveryInterfaceTest.php" line="399" class="JTD\LaravelMCP\Tests\Unit\Registry\Contracts\DiscoveryInterfaceTest" classname="JTD.LaravelMCP.Tests.Unit.Registry.Contracts.DiscoveryInterfaceTest" assertions="0" time="0.000000">
          <error type="Exception">JTD\LaravelMCP\Tests\Unit\Registry\Contracts\DiscoveryInterfaceTest::test_add_filter
Exception: The /var/www/html/vendor/orchestra/testbench-core/laravel/bootstrap/cache directory must be present and writable.

/var/www/html/vendor/laravel/framework/src/Illuminate/Foundation/PackageManifest.php:179
/var/www/html/vendor/orchestra/testbench-core/src/Foundation/PackageManifest.php:157
/var/www/html/vendor/laravel/framework/src/Illuminate/Foundation/PackageManifest.php:132
/var/www/html/vendor/laravel/framework/src/Illuminate/Foundation/PackageManifest.php:108
/var/www/html/vendor/orchestra/testbench-core/src/Foundation/PackageManifest.php:102
/var/www/html/vendor/laravel/framework/src/Illuminate/Foundation/PackageManifest.php:91
/var/www/html/vendor/laravel/framework/src/Illuminate/Foundation/PackageManifest.php:80
/var/www/html/vendor/laravel/framework/src/Illuminate/Foundation/Bootstrap/RegisterFacades.php:26
/var/www/html/vendor/orchestra/testbench-core/src/Concerns/CreatesApplication.php:556
/var/www/html/vendor/orchestra/testbench-core/src/Concerns/CreatesApplication.php:311
/var/www/html/vendor/orchestra/testbench-core/src/TestCase.php:121
/var/www/html/vendor/orchestra/testbench-core/src/Concerns/ApplicationTestingHooks.php:74
/var/www/html/vendor/orchestra/testbench-core/src/Concerns/Testing.php:43
/var/www/html/vendor/laravel/framework/src/Illuminate/Collections/helpers.php:236
/var/www/html/vendor/orchestra/sidekick/src/functions.php:87
/var/www/html/vendor/laravel/framework/src/Illuminate/Collections/helpers.php:236
/var/www/html/vendor/orchestra/testbench-core/src/Concerns/Testing.php:57
/var/www/html/vendor/orchestra/testbench-core/src/TestCase.php:50
/var/www/html/tests/TestCase.php:61
/var/www/html/tests/Unit/Registry/Contracts/DiscoveryInterfaceTest.php:22</error>
        </testcase>
        <testcase name="test_get_filters" file="/var/www/html/tests/Unit/Registry/Contracts/DiscoveryInterfaceTest.php" line="416" class="JTD\LaravelMCP\Tests\Unit\Registry\Contracts\DiscoveryInterfaceTest" classname="JTD.LaravelMCP.Tests.Unit.Registry.Contracts.DiscoveryInterfaceTest" assertions="0" time="0.000000">
          <error type="Exception">JTD\LaravelMCP\Tests\Unit\Registry\Contracts\DiscoveryInterfaceTest::test_get_filters
Exception: The /var/www/html/vendor/orchestra/testbench-core/laravel/bootstrap/cache directory must be present and writable.

/var/www/html/vendor/laravel/framework/src/Illuminate/Foundation/PackageManifest.php:179
/var/www/html/vendor/orchestra/testbench-core/src/Foundation/PackageManifest.php:157
/var/www/html/vendor/laravel/framework/src/Illuminate/Foundation/PackageManifest.php:132
/var/www/html/vendor/laravel/framework/src/Illuminate/Foundation/PackageManifest.php:108
/var/www/html/vendor/orchestra/testbench-core/src/Foundation/PackageManifest.php:102
/var/www/html/vendor/laravel/framework/src/Illuminate/Foundation/PackageManifest.php:91
/var/www/html/vendor/laravel/framework/src/Illuminate/Foundation/PackageManifest.php:80
/var/www/html/vendor/laravel/framework/src/Illuminate/Foundation/Bootstrap/RegisterFacades.php:26
/var/www/html/vendor/orchestra/testbench-core/src/Concerns/CreatesApplication.php:556
/var/www/html/vendor/orchestra/testbench-core/src/Concerns/CreatesApplication.php:311
/var/www/html/vendor/orchestra/testbench-core/src/TestCase.php:121
/var/www/html/vendor/orchestra/testbench-core/src/Concerns/ApplicationTestingHooks.php:74
/var/www/html/vendor/orchestra/testbench-core/src/Concerns/Testing.php:43
/var/www/html/vendor/laravel/framework/src/Illuminate/Collections/helpers.php:236
/var/www/html/vendor/orchestra/sidekick/src/functions.php:87
/var/www/html/vendor/laravel/framework/src/Illuminate/Collections/helpers.php:236
/var/www/html/vendor/orchestra/testbench-core/src/Concerns/Testing.php:57
/var/www/html/vendor/orchestra/testbench-core/src/TestCase.php:50
/var/www/html/tests/TestCase.php:61
/var/www/html/tests/Unit/Registry/Contracts/DiscoveryInterfaceTest.php:22</error>
        </testcase>
        <testcase name="test_full_discovery_workflow" file="/var/www/html/tests/Unit/Registry/Contracts/DiscoveryInterfaceTest.php" line="440" class="JTD\LaravelMCP\Tests\Unit\Registry\Contracts\DiscoveryInterfaceTest" classname="JTD.LaravelMCP.Tests.Unit.Registry.Contracts.DiscoveryInterfaceTest" assertions="0" time="0.000000">
          <error type="Exception">JTD\LaravelMCP\Tests\Unit\Registry\Contracts\DiscoveryInterfaceTest::test_full_discovery_workflow
Exception: The /var/www/html/vendor/orchestra/testbench-core/laravel/bootstrap/cache directory must be present and writable.

/var/www/html/vendor/laravel/framework/src/Illuminate/Foundation/PackageManifest.php:179
/var/www/html/vendor/orchestra/testbench-core/src/Foundation/PackageManifest.php:157
/var/www/html/vendor/laravel/framework/src/Illuminate/Foundation/PackageManifest.php:132
/var/www/html/vendor/laravel/framework/src/Illuminate/Foundation/PackageManifest.php:108
/var/www/html/vendor/orchestra/testbench-core/src/Foundation/PackageManifest.php:102
/var/www/html/vendor/laravel/framework/src/Illuminate/Foundation/PackageManifest.php:91
/var/www/html/vendor/laravel/framework/src/Illuminate/Foundation/PackageManifest.php:80
/var/www/html/vendor/laravel/framework/src/Illuminate/Foundation/Bootstrap/RegisterFacades.php:26
/var/www/html/vendor/orchestra/testbench-core/src/Concerns/CreatesApplication.php:556
/var/www/html/vendor/orchestra/testbench-core/src/Concerns/CreatesApplication.php:311
/var/www/html/vendor/orchestra/testbench-core/src/TestCase.php:121
/var/www/html/vendor/orchestra/testbench-core/src/Concerns/ApplicationTestingHooks.php:74
/var/www/html/vendor/orchestra/testbench-core/src/Concerns/Testing.php:43
/var/www/html/vendor/laravel/framework/src/Illuminate/Collections/helpers.php:236
/var/www/html/vendor/orchestra/sidekick/src/functions.php:87
/var/www/html/vendor/laravel/framework/src/Illuminate/Collections/helpers.php:236
/var/www/html/vendor/orchestra/testbench-core/src/Concerns/Testing.php:57
/var/www/html/vendor/orchestra/testbench-core/src/TestCase.php:50
/var/www/html/tests/TestCase.php:61
/var/www/html/tests/Unit/Registry/Contracts/DiscoveryInterfaceTest.php:22</error>
        </testcase>
        <testcase name="test_discover_multiple_paths" file="/var/www/html/tests/Unit/Registry/Contracts/DiscoveryInterfaceTest.php" line="482" class="JTD\LaravelMCP\Tests\Unit\Registry\Contracts\DiscoveryInterfaceTest" classname="JTD.LaravelMCP.Tests.Unit.Registry.Contracts.DiscoveryInterfaceTest" assertions="0" time="0.000000">
          <error type="Exception">JTD\LaravelMCP\Tests\Unit\Registry\Contracts\DiscoveryInterfaceTest::test_discover_multiple_paths
Exception: The /var/www/html/vendor/orchestra/testbench-core/laravel/bootstrap/cache directory must be present and writable.

/var/www/html/vendor/laravel/framework/src/Illuminate/Foundation/PackageManifest.php:179
/var/www/html/vendor/orchestra/testbench-core/src/Foundation/PackageManifest.php:157
/var/www/html/vendor/laravel/framework/src/Illuminate/Foundation/PackageManifest.php:132
/var/www/html/vendor/laravel/framework/src/Illuminate/Foundation/PackageManifest.php:108
/var/www/html/vendor/orchestra/testbench-core/src/Foundation/PackageManifest.php:102
/var/www/html/vendor/laravel/framework/src/Illuminate/Foundation/PackageManifest.php:91
/var/www/html/vendor/laravel/framework/src/Illuminate/Foundation/PackageManifest.php:80
/var/www/html/vendor/laravel/framework/src/Illuminate/Foundation/Bootstrap/RegisterFacades.php:26
/var/www/html/vendor/orchestra/testbench-core/src/Concerns/CreatesApplication.php:556
/var/www/html/vendor/orchestra/testbench-core/src/Concerns/CreatesApplication.php:311
/var/www/html/vendor/orchestra/testbench-core/src/TestCase.php:121
/var/www/html/vendor/orchestra/testbench-core/src/Concerns/ApplicationTestingHooks.php:74
/var/www/html/vendor/orchestra/testbench-core/src/Concerns/Testing.php:43
/var/www/html/vendor/laravel/framework/src/Illuminate/Collections/helpers.php:236
/var/www/html/vendor/orchestra/sidekick/src/functions.php:87
/var/www/html/vendor/laravel/framework/src/Illuminate/Collections/helpers.php:236
/var/www/html/vendor/orchestra/testbench-core/src/Concerns/Testing.php:57
/var/www/html/vendor/orchestra/testbench-core/src/TestCase.php:50
/var/www/html/tests/TestCase.php:61
/var/www/html/tests/Unit/Registry/Contracts/DiscoveryInterfaceTest.php:22</error>
        </testcase>
        <testcase name="test_validate_component_types" file="/var/www/html/tests/Unit/Registry/Contracts/DiscoveryInterfaceTest.php" line="512" class="JTD\LaravelMCP\Tests\Unit\Registry\Contracts\DiscoveryInterfaceTest" classname="JTD.LaravelMCP.Tests.Unit.Registry.Contracts.DiscoveryInterfaceTest" assertions="0" time="0.000000">
          <error type="Exception">JTD\LaravelMCP\Tests\Unit\Registry\Contracts\DiscoveryInterfaceTest::test_validate_component_types
Exception: The /var/www/html/vendor/orchestra/testbench-core/laravel/bootstrap/cache directory must be present and writable.

/var/www/html/vendor/laravel/framework/src/Illuminate/Foundation/PackageManifest.php:179
/var/www/html/vendor/orchestra/testbench-core/src/Foundation/PackageManifest.php:157
/var/www/html/vendor/laravel/framework/src/Illuminate/Foundation/PackageManifest.php:132
/var/www/html/vendor/laravel/framework/src/Illuminate/Foundation/PackageManifest.php:108
/var/www/html/vendor/orchestra/testbench-core/src/Foundation/PackageManifest.php:102
/var/www/html/vendor/laravel/framework/src/Illuminate/Foundation/PackageManifest.php:91
/var/www/html/vendor/laravel/framework/src/Illuminate/Foundation/PackageManifest.php:80
/var/www/html/vendor/laravel/framework/src/Illuminate/Foundation/Bootstrap/RegisterFacades.php:26
/var/www/html/vendor/orchestra/testbench-core/src/Concerns/CreatesApplication.php:556
/var/www/html/vendor/orchestra/testbench-core/src/Concerns/CreatesApplication.php:311
/var/www/html/vendor/orchestra/testbench-core/src/TestCase.php:121
/var/www/html/vendor/orchestra/testbench-core/src/Concerns/ApplicationTestingHooks.php:74
/var/www/html/vendor/orchestra/testbench-core/src/Concerns/Testing.php:43
/var/www/html/vendor/laravel/framework/src/Illuminate/Collections/helpers.php:236
/var/www/html/vendor/orchestra/sidekick/src/functions.php:87
/var/www/html/vendor/laravel/framework/src/Illuminate/Collections/helpers.php:236
/var/www/html/vendor/orchestra/testbench-core/src/Concerns/Testing.php:57
/var/www/html/vendor/orchestra/testbench-core/src/TestCase.php:50
/var/www/html/tests/TestCase.php:61
/var/www/html/tests/Unit/Registry/Contracts/DiscoveryInterfaceTest.php:22</error>
        </testcase>
        <testcase name="test_discovery_with_filters" file="/var/www/html/tests/Unit/Registry/Contracts/DiscoveryInterfaceTest.php" line="536" class="JTD\LaravelMCP\Tests\Unit\Registry\Contracts\DiscoveryInterfaceTest" classname="JTD.LaravelMCP.Tests.Unit.Registry.Contracts.DiscoveryInterfaceTest" assertions="0" time="0.000000">
          <error type="Exception">JTD\LaravelMCP\Tests\Unit\Registry\Contracts\DiscoveryInterfaceTest::test_discovery_with_filters
Exception: The /var/www/html/vendor/orchestra/testbench-core/laravel/bootstrap/cache directory must be present and writable.

/var/www/html/vendor/laravel/framework/src/Illuminate/Foundation/PackageManifest.php:179
/var/www/html/vendor/orchestra/testbench-core/src/Foundation/PackageManifest.php:157
/var/www/html/vendor/laravel/framework/src/Illuminate/Foundation/PackageManifest.php:132
/var/www/html/vendor/laravel/framework/src/Illuminate/Foundation/PackageManifest.php:108
/var/www/html/vendor/orchestra/testbench-core/src/Foundation/PackageManifest.php:102
/var/www/html/vendor/laravel/framework/src/Illuminate/Foundation/PackageManifest.php:91
/var/www/html/vendor/laravel/framework/src/Illuminate/Foundation/PackageManifest.php:80
/var/www/html/vendor/laravel/framework/src/Illuminate/Foundation/Bootstrap/RegisterFacades.php:26
/var/www/html/vendor/orchestra/testbench-core/src/Concerns/CreatesApplication.php:556
/var/www/html/vendor/orchestra/testbench-core/src/Concerns/CreatesApplication.php:311
/var/www/html/vendor/orchestra/testbench-core/src/TestCase.php:121
/var/www/html/vendor/orchestra/testbench-core/src/Concerns/ApplicationTestingHooks.php:74
/var/www/html/vendor/orchestra/testbench-core/src/Concerns/Testing.php:43
/var/www/html/vendor/laravel/framework/src/Illuminate/Collections/helpers.php:236
/var/www/html/vendor/orchestra/sidekick/src/functions.php:87
/var/www/html/vendor/laravel/framework/src/Illuminate/Collections/helpers.php:236
/var/www/html/vendor/orchestra/testbench-core/src/Concerns/Testing.php:57
/var/www/html/vendor/orchestra/testbench-core/src/TestCase.php:50
/var/www/html/tests/TestCase.php:61
/var/www/html/tests/Unit/Registry/Contracts/DiscoveryInterfaceTest.php:22</error>
        </testcase>
      </testsuite>
      <testsuite name="JTD\LaravelMCP\Tests\Unit\Registry\Contracts\RegistryInterfaceTest" file="/var/www/html/tests/Unit/Registry/Contracts/RegistryInterfaceTest.php" tests="25" assertions="0" errors="25" failures="0" skipped="0" time="0.000000">
        <testcase name="test_register_component_without_metadata" file="/var/www/html/tests/Unit/Registry/Contracts/RegistryInterfaceTest.php" line="31" class="JTD\LaravelMCP\Tests\Unit\Registry\Contracts\RegistryInterfaceTest" classname="JTD.LaravelMCP.Tests.Unit.Registry.Contracts.RegistryInterfaceTest" assertions="0" time="0.000000">
          <error type="Exception">JTD\LaravelMCP\Tests\Unit\Registry\Contracts\RegistryInterfaceTest::test_register_component_without_metadata
Exception: The /var/www/html/vendor/orchestra/testbench-core/laravel/bootstrap/cache directory must be present and writable.

/var/www/html/vendor/laravel/framework/src/Illuminate/Foundation/PackageManifest.php:179
/var/www/html/vendor/orchestra/testbench-core/src/Foundation/PackageManifest.php:157
/var/www/html/vendor/laravel/framework/src/Illuminate/Foundation/PackageManifest.php:132
/var/www/html/vendor/laravel/framework/src/Illuminate/Foundation/PackageManifest.php:108
/var/www/html/vendor/orchestra/testbench-core/src/Foundation/PackageManifest.php:102
/var/www/html/vendor/laravel/framework/src/Illuminate/Foundation/PackageManifest.php:91
/var/www/html/vendor/laravel/framework/src/Illuminate/Foundation/PackageManifest.php:80
/var/www/html/vendor/laravel/framework/src/Illuminate/Foundation/Bootstrap/RegisterFacades.php:26
/var/www/html/vendor/orchestra/testbench-core/src/Concerns/CreatesApplication.php:556
/var/www/html/vendor/orchestra/testbench-core/src/Concerns/CreatesApplication.php:311
/var/www/html/vendor/orchestra/testbench-core/src/TestCase.php:121
/var/www/html/vendor/orchestra/testbench-core/src/Concerns/ApplicationTestingHooks.php:74
/var/www/html/vendor/orchestra/testbench-core/src/Concerns/Testing.php:43
/var/www/html/vendor/laravel/framework/src/Illuminate/Collections/helpers.php:236
/var/www/html/vendor/orchestra/sidekick/src/functions.php:87
/var/www/html/vendor/laravel/framework/src/Illuminate/Collections/helpers.php:236
/var/www/html/vendor/orchestra/testbench-core/src/Concerns/Testing.php:57
/var/www/html/vendor/orchestra/testbench-core/src/TestCase.php:50
/var/www/html/tests/TestCase.php:61
/var/www/html/tests/Unit/Registry/Contracts/RegistryInterfaceTest.php:23</error>
        </testcase>
        <testcase name="test_register_component_with_metadata" file="/var/www/html/tests/Unit/Registry/Contracts/RegistryInterfaceTest.php" line="47" class="JTD\LaravelMCP\Tests\Unit\Registry\Contracts\RegistryInterfaceTest" classname="JTD.LaravelMCP.Tests.Unit.Registry.Contracts.RegistryInterfaceTest" assertions="0" time="0.000000">
          <error type="Exception">JTD\LaravelMCP\Tests\Unit\Registry\Contracts\RegistryInterfaceTest::test_register_component_with_metadata
Exception: The /var/www/html/vendor/orchestra/testbench-core/laravel/bootstrap/cache directory must be present and writable.

/var/www/html/vendor/laravel/framework/src/Illuminate/Foundation/PackageManifest.php:179
/var/www/html/vendor/orchestra/testbench-core/src/Foundation/PackageManifest.php:157
/var/www/html/vendor/laravel/framework/src/Illuminate/Foundation/PackageManifest.php:132
/var/www/html/vendor/laravel/framework/src/Illuminate/Foundation/PackageManifest.php:108
/var/www/html/vendor/orchestra/testbench-core/src/Foundation/PackageManifest.php:102
/var/www/html/vendor/laravel/framework/src/Illuminate/Foundation/PackageManifest.php:91
/var/www/html/vendor/laravel/framework/src/Illuminate/Foundation/PackageManifest.php:80
/var/www/html/vendor/laravel/framework/src/Illuminate/Foundation/Bootstrap/RegisterFacades.php:26
/var/www/html/vendor/orchestra/testbench-core/src/Concerns/CreatesApplication.php:556
/var/www/html/vendor/orchestra/testbench-core/src/Concerns/CreatesApplication.php:311
/var/www/html/vendor/orchestra/testbench-core/src/TestCase.php:121
/var/www/html/vendor/orchestra/testbench-core/src/Concerns/ApplicationTestingHooks.php:74
/var/www/html/vendor/orchestra/testbench-core/src/Concerns/Testing.php:43
/var/www/html/vendor/laravel/framework/src/Illuminate/Collections/helpers.php:236
/var/www/html/vendor/orchestra/sidekick/src/functions.php:87
/var/www/html/vendor/laravel/framework/src/Illuminate/Collections/helpers.php:236
/var/www/html/vendor/orchestra/testbench-core/src/Concerns/Testing.php:57
/var/www/html/vendor/orchestra/testbench-core/src/TestCase.php:50
/var/www/html/tests/TestCase.php:61
/var/www/html/tests/Unit/Registry/Contracts/RegistryInterfaceTest.php:23</error>
        </testcase>
        <testcase name="test_unregister_existing_component" file="/var/www/html/tests/Unit/Registry/Contracts/RegistryInterfaceTest.php" line="67" class="JTD\LaravelMCP\Tests\Unit\Registry\Contracts\RegistryInterfaceTest" classname="JTD.LaravelMCP.Tests.Unit.Registry.Contracts.RegistryInterfaceTest" assertions="0" time="0.000000">
          <error type="Exception">JTD\LaravelMCP\Tests\Unit\Registry\Contracts\RegistryInterfaceTest::test_unregister_existing_component
Exception: The /var/www/html/vendor/orchestra/testbench-core/laravel/bootstrap/cache directory must be present and writable.

/var/www/html/vendor/laravel/framework/src/Illuminate/Foundation/PackageManifest.php:179
/var/www/html/vendor/orchestra/testbench-core/src/Foundation/PackageManifest.php:157
/var/www/html/vendor/laravel/framework/src/Illuminate/Foundation/PackageManifest.php:132
/var/www/html/vendor/laravel/framework/src/Illuminate/Foundation/PackageManifest.php:108
/var/www/html/vendor/orchestra/testbench-core/src/Foundation/PackageManifest.php:102
/var/www/html/vendor/laravel/framework/src/Illuminate/Foundation/PackageManifest.php:91
/var/www/html/vendor/laravel/framework/src/Illuminate/Foundation/PackageManifest.php:80
/var/www/html/vendor/laravel/framework/src/Illuminate/Foundation/Bootstrap/RegisterFacades.php:26
/var/www/html/vendor/orchestra/testbench-core/src/Concerns/CreatesApplication.php:556
/var/www/html/vendor/orchestra/testbench-core/src/Concerns/CreatesApplication.php:311
/var/www/html/vendor/orchestra/testbench-core/src/TestCase.php:121
/var/www/html/vendor/orchestra/testbench-core/src/Concerns/ApplicationTestingHooks.php:74
/var/www/html/vendor/orchestra/testbench-core/src/Concerns/Testing.php:43
/var/www/html/vendor/laravel/framework/src/Illuminate/Collections/helpers.php:236
/var/www/html/vendor/orchestra/sidekick/src/functions.php:87
/var/www/html/vendor/laravel/framework/src/Illuminate/Collections/helpers.php:236
/var/www/html/vendor/orchestra/testbench-core/src/Concerns/Testing.php:57
/var/www/html/vendor/orchestra/testbench-core/src/TestCase.php:50
/var/www/html/tests/TestCase.php:61
/var/www/html/tests/Unit/Registry/Contracts/RegistryInterfaceTest.php:23</error>
        </testcase>
        <testcase name="test_unregister_non_existing_component" file="/var/www/html/tests/Unit/Registry/Contracts/RegistryInterfaceTest.php" line="83" class="JTD\LaravelMCP\Tests\Unit\Registry\Contracts\RegistryInterfaceTest" classname="JTD.LaravelMCP.Tests.Unit.Registry.Contracts.RegistryInterfaceTest" assertions="0" time="0.000000">
          <error type="Exception">JTD\LaravelMCP\Tests\Unit\Registry\Contracts\RegistryInterfaceTest::test_unregister_non_existing_component
Exception: The /var/www/html/vendor/orchestra/testbench-core/laravel/bootstrap/cache directory must be present and writable.

/var/www/html/vendor/laravel/framework/src/Illuminate/Foundation/PackageManifest.php:179
/var/www/html/vendor/orchestra/testbench-core/src/Foundation/PackageManifest.php:157
/var/www/html/vendor/laravel/framework/src/Illuminate/Foundation/PackageManifest.php:132
/var/www/html/vendor/laravel/framework/src/Illuminate/Foundation/PackageManifest.php:108
/var/www/html/vendor/orchestra/testbench-core/src/Foundation/PackageManifest.php:102
/var/www/html/vendor/laravel/framework/src/Illuminate/Foundation/PackageManifest.php:91
/var/www/html/vendor/laravel/framework/src/Illuminate/Foundation/PackageManifest.php:80
/var/www/html/vendor/laravel/framework/src/Illuminate/Foundation/Bootstrap/RegisterFacades.php:26
/var/www/html/vendor/orchestra/testbench-core/src/Concerns/CreatesApplication.php:556
/var/www/html/vendor/orchestra/testbench-core/src/Concerns/CreatesApplication.php:311
/var/www/html/vendor/orchestra/testbench-core/src/TestCase.php:121
/var/www/html/vendor/orchestra/testbench-core/src/Concerns/ApplicationTestingHooks.php:74
/var/www/html/vendor/orchestra/testbench-core/src/Concerns/Testing.php:43
/var/www/html/vendor/laravel/framework/src/Illuminate/Collections/helpers.php:236
/var/www/html/vendor/orchestra/sidekick/src/functions.php:87
/var/www/html/vendor/laravel/framework/src/Illuminate/Collections/helpers.php:236
/var/www/html/vendor/orchestra/testbench-core/src/Concerns/Testing.php:57
/var/www/html/vendor/orchestra/testbench-core/src/TestCase.php:50
/var/www/html/tests/TestCase.php:61
/var/www/html/tests/Unit/Registry/Contracts/RegistryInterfaceTest.php:23</error>
        </testcase>
        <testcase name="test_has_existing_component" file="/var/www/html/tests/Unit/Registry/Contracts/RegistryInterfaceTest.php" line="99" class="JTD\LaravelMCP\Tests\Unit\Registry\Contracts\RegistryInterfaceTest" classname="JTD.LaravelMCP.Tests.Unit.Registry.Contracts.RegistryInterfaceTest" assertions="0" time="0.000000">
          <error type="Exception">JTD\LaravelMCP\Tests\Unit\Registry\Contracts\RegistryInterfaceTest::test_has_existing_component
Exception: The /var/www/html/vendor/orchestra/testbench-core/laravel/bootstrap/cache directory must be present and writable.

/var/www/html/vendor/laravel/framework/src/Illuminate/Foundation/PackageManifest.php:179
/var/www/html/vendor/orchestra/testbench-core/src/Foundation/PackageManifest.php:157
/var/www/html/vendor/laravel/framework/src/Illuminate/Foundation/PackageManifest.php:132
/var/www/html/vendor/laravel/framework/src/Illuminate/Foundation/PackageManifest.php:108
/var/www/html/vendor/orchestra/testbench-core/src/Foundation/PackageManifest.php:102
/var/www/html/vendor/laravel/framework/src/Illuminate/Foundation/PackageManifest.php:91
/var/www/html/vendor/laravel/framework/src/Illuminate/Foundation/PackageManifest.php:80
/var/www/html/vendor/laravel/framework/src/Illuminate/Foundation/Bootstrap/RegisterFacades.php:26
/var/www/html/vendor/orchestra/testbench-core/src/Concerns/CreatesApplication.php:556
/var/www/html/vendor/orchestra/testbench-core/src/Concerns/CreatesApplication.php:311
/var/www/html/vendor/orchestra/testbench-core/src/TestCase.php:121
/var/www/html/vendor/orchestra/testbench-core/src/Concerns/ApplicationTestingHooks.php:74
/var/www/html/vendor/orchestra/testbench-core/src/Concerns/Testing.php:43
/var/www/html/vendor/laravel/framework/src/Illuminate/Collections/helpers.php:236
/var/www/html/vendor/orchestra/sidekick/src/functions.php:87
/var/www/html/vendor/laravel/framework/src/Illuminate/Collections/helpers.php:236
/var/www/html/vendor/orchestra/testbench-core/src/Concerns/Testing.php:57
/var/www/html/vendor/orchestra/testbench-core/src/TestCase.php:50
/var/www/html/tests/TestCase.php:61
/var/www/html/tests/Unit/Registry/Contracts/RegistryInterfaceTest.php:23</error>
        </testcase>
        <testcase name="test_has_non_existing_component" file="/var/www/html/tests/Unit/Registry/Contracts/RegistryInterfaceTest.php" line="113" class="JTD\LaravelMCP\Tests\Unit\Registry\Contracts\RegistryInterfaceTest" classname="JTD.LaravelMCP.Tests.Unit.Registry.Contracts.RegistryInterfaceTest" assertions="0" time="0.000000">
          <error type="Exception">JTD\LaravelMCP\Tests\Unit\Registry\Contracts\RegistryInterfaceTest::test_has_non_existing_component
Exception: The /var/www/html/vendor/orchestra/testbench-core/laravel/bootstrap/cache directory must be present and writable.

/var/www/html/vendor/laravel/framework/src/Illuminate/Foundation/PackageManifest.php:179
/var/www/html/vendor/orchestra/testbench-core/src/Foundation/PackageManifest.php:157
/var/www/html/vendor/laravel/framework/src/Illuminate/Foundation/PackageManifest.php:132
/var/www/html/vendor/laravel/framework/src/Illuminate/Foundation/PackageManifest.php:108
/var/www/html/vendor/orchestra/testbench-core/src/Foundation/PackageManifest.php:102
/var/www/html/vendor/laravel/framework/src/Illuminate/Foundation/PackageManifest.php:91
/var/www/html/vendor/laravel/framework/src/Illuminate/Foundation/PackageManifest.php:80
/var/www/html/vendor/laravel/framework/src/Illuminate/Foundation/Bootstrap/RegisterFacades.php:26
/var/www/html/vendor/orchestra/testbench-core/src/Concerns/CreatesApplication.php:556
/var/www/html/vendor/orchestra/testbench-core/src/Concerns/CreatesApplication.php:311
/var/www/html/vendor/orchestra/testbench-core/src/TestCase.php:121
/var/www/html/vendor/orchestra/testbench-core/src/Concerns/ApplicationTestingHooks.php:74
/var/www/html/vendor/orchestra/testbench-core/src/Concerns/Testing.php:43
/var/www/html/vendor/laravel/framework/src/Illuminate/Collections/helpers.php:236
/var/www/html/vendor/orchestra/sidekick/src/functions.php:87
/var/www/html/vendor/laravel/framework/src/Illuminate/Collections/helpers.php:236
/var/www/html/vendor/orchestra/testbench-core/src/Concerns/Testing.php:57
/var/www/html/vendor/orchestra/testbench-core/src/TestCase.php:50
/var/www/html/tests/TestCase.php:61
/var/www/html/tests/Unit/Registry/Contracts/RegistryInterfaceTest.php:23</error>
        </testcase>
        <testcase name="test_get_existing_component" file="/var/www/html/tests/Unit/Registry/Contracts/RegistryInterfaceTest.php" line="127" class="JTD\LaravelMCP\Tests\Unit\Registry\Contracts\RegistryInterfaceTest" classname="JTD.LaravelMCP.Tests.Unit.Registry.Contracts.RegistryInterfaceTest" assertions="0" time="0.000000">
          <error type="Exception">JTD\LaravelMCP\Tests\Unit\Registry\Contracts\RegistryInterfaceTest::test_get_existing_component
Exception: The /var/www/html/vendor/orchestra/testbench-core/laravel/bootstrap/cache directory must be present and writable.

/var/www/html/vendor/laravel/framework/src/Illuminate/Foundation/PackageManifest.php:179
/var/www/html/vendor/orchestra/testbench-core/src/Foundation/PackageManifest.php:157
/var/www/html/vendor/laravel/framework/src/Illuminate/Foundation/PackageManifest.php:132
/var/www/html/vendor/laravel/framework/src/Illuminate/Foundation/PackageManifest.php:108
/var/www/html/vendor/orchestra/testbench-core/src/Foundation/PackageManifest.php:102
/var/www/html/vendor/laravel/framework/src/Illuminate/Foundation/PackageManifest.php:91
/var/www/html/vendor/laravel/framework/src/Illuminate/Foundation/PackageManifest.php:80
/var/www/html/vendor/laravel/framework/src/Illuminate/Foundation/Bootstrap/RegisterFacades.php:26
/var/www/html/vendor/orchestra/testbench-core/src/Concerns/CreatesApplication.php:556
/var/www/html/vendor/orchestra/testbench-core/src/Concerns/CreatesApplication.php:311
/var/www/html/vendor/orchestra/testbench-core/src/TestCase.php:121
/var/www/html/vendor/orchestra/testbench-core/src/Concerns/ApplicationTestingHooks.php:74
/var/www/html/vendor/orchestra/testbench-core/src/Concerns/Testing.php:43
/var/www/html/vendor/laravel/framework/src/Illuminate/Collections/helpers.php:236
/var/www/html/vendor/orchestra/sidekick/src/functions.php:87
/var/www/html/vendor/laravel/framework/src/Illuminate/Collections/helpers.php:236
/var/www/html/vendor/orchestra/testbench-core/src/Concerns/Testing.php:57
/var/www/html/vendor/orchestra/testbench-core/src/TestCase.php:50
/var/www/html/tests/TestCase.php:61
/var/www/html/tests/Unit/Registry/Contracts/RegistryInterfaceTest.php:23</error>
        </testcase>
        <testcase name="test_get_non_existing_component_throws_exception" file="/var/www/html/tests/Unit/Registry/Contracts/RegistryInterfaceTest.php" line="146" class="JTD\LaravelMCP\Tests\Unit\Registry\Contracts\RegistryInterfaceTest" classname="JTD.LaravelMCP.Tests.Unit.Registry.Contracts.RegistryInterfaceTest" assertions="0" time="0.000000">
          <error type="Exception">JTD\LaravelMCP\Tests\Unit\Registry\Contracts\RegistryInterfaceTest::test_get_non_existing_component_throws_exception
Exception: The /var/www/html/vendor/orchestra/testbench-core/laravel/bootstrap/cache directory must be present and writable.

/var/www/html/vendor/laravel/framework/src/Illuminate/Foundation/PackageManifest.php:179
/var/www/html/vendor/orchestra/testbench-core/src/Foundation/PackageManifest.php:157
/var/www/html/vendor/laravel/framework/src/Illuminate/Foundation/PackageManifest.php:132
/var/www/html/vendor/laravel/framework/src/Illuminate/Foundation/PackageManifest.php:108
/var/www/html/vendor/orchestra/testbench-core/src/Foundation/PackageManifest.php:102
/var/www/html/vendor/laravel/framework/src/Illuminate/Foundation/PackageManifest.php:91
/var/www/html/vendor/laravel/framework/src/Illuminate/Foundation/PackageManifest.php:80
/var/www/html/vendor/laravel/framework/src/Illuminate/Foundation/Bootstrap/RegisterFacades.php:26
/var/www/html/vendor/orchestra/testbench-core/src/Concerns/CreatesApplication.php:556
/var/www/html/vendor/orchestra/testbench-core/src/Concerns/CreatesApplication.php:311
/var/www/html/vendor/orchestra/testbench-core/src/TestCase.php:121
/var/www/html/vendor/orchestra/testbench-core/src/Concerns/ApplicationTestingHooks.php:74
/var/www/html/vendor/orchestra/testbench-core/src/Concerns/Testing.php:43
/var/www/html/vendor/laravel/framework/src/Illuminate/Collections/helpers.php:236
/var/www/html/vendor/orchestra/sidekick/src/functions.php:87
/var/www/html/vendor/laravel/framework/src/Illuminate/Collections/helpers.php:236
/var/www/html/vendor/orchestra/testbench-core/src/Concerns/Testing.php:57
/var/www/html/vendor/orchestra/testbench-core/src/TestCase.php:50
/var/www/html/tests/TestCase.php:61
/var/www/html/tests/Unit/Registry/Contracts/RegistryInterfaceTest.php:23</error>
        </testcase>
        <testcase name="test_all_returns_all_components" file="/var/www/html/tests/Unit/Registry/Contracts/RegistryInterfaceTest.php" line="163" class="JTD\LaravelMCP\Tests\Unit\Registry\Contracts\RegistryInterfaceTest" classname="JTD.LaravelMCP.Tests.Unit.Registry.Contracts.RegistryInterfaceTest" assertions="0" time="0.000000">
          <error type="Exception">JTD\LaravelMCP\Tests\Unit\Registry\Contracts\RegistryInterfaceTest::test_all_returns_all_components
Exception: The /var/www/html/vendor/orchestra/testbench-core/laravel/bootstrap/cache directory must be present and writable.

/var/www/html/vendor/laravel/framework/src/Illuminate/Foundation/PackageManifest.php:179
/var/www/html/vendor/orchestra/testbench-core/src/Foundation/PackageManifest.php:157
/var/www/html/vendor/laravel/framework/src/Illuminate/Foundation/PackageManifest.php:132
/var/www/html/vendor/laravel/framework/src/Illuminate/Foundation/PackageManifest.php:108
/var/www/html/vendor/orchestra/testbench-core/src/Foundation/PackageManifest.php:102
/var/www/html/vendor/laravel/framework/src/Illuminate/Foundation/PackageManifest.php:91
/var/www/html/vendor/laravel/framework/src/Illuminate/Foundation/PackageManifest.php:80
/var/www/html/vendor/laravel/framework/src/Illuminate/Foundation/Bootstrap/RegisterFacades.php:26
/var/www/html/vendor/orchestra/testbench-core/src/Concerns/CreatesApplication.php:556
/var/www/html/vendor/orchestra/testbench-core/src/Concerns/CreatesApplication.php:311
/var/www/html/vendor/orchestra/testbench-core/src/TestCase.php:121
/var/www/html/vendor/orchestra/testbench-core/src/Concerns/ApplicationTestingHooks.php:74
/var/www/html/vendor/orchestra/testbench-core/src/Concerns/Testing.php:43
/var/www/html/vendor/laravel/framework/src/Illuminate/Collections/helpers.php:236
/var/www/html/vendor/orchestra/sidekick/src/functions.php:87
/var/www/html/vendor/laravel/framework/src/Illuminate/Collections/helpers.php:236
/var/www/html/vendor/orchestra/testbench-core/src/Concerns/Testing.php:57
/var/www/html/vendor/orchestra/testbench-core/src/TestCase.php:50
/var/www/html/tests/TestCase.php:61
/var/www/html/tests/Unit/Registry/Contracts/RegistryInterfaceTest.php:23</error>
        </testcase>
        <testcase name="test_all_returns_empty_array" file="/var/www/html/tests/Unit/Registry/Contracts/RegistryInterfaceTest.php" line="184" class="JTD\LaravelMCP\Tests\Unit\Registry\Contracts\RegistryInterfaceTest" classname="JTD.LaravelMCP.Tests.Unit.Registry.Contracts.RegistryInterfaceTest" assertions="0" time="0.000000">
          <error type="Exception">JTD\LaravelMCP\Tests\Unit\Registry\Contracts\RegistryInterfaceTest::test_all_returns_empty_array
Exception: The /var/www/html/vendor/orchestra/testbench-core/laravel/bootstrap/cache directory must be present and writable.

/var/www/html/vendor/laravel/framework/src/Illuminate/Foundation/PackageManifest.php:179
/var/www/html/vendor/orchestra/testbench-core/src/Foundation/PackageManifest.php:157
/var/www/html/vendor/laravel/framework/src/Illuminate/Foundation/PackageManifest.php:132
/var/www/html/vendor/laravel/framework/src/Illuminate/Foundation/PackageManifest.php:108
/var/www/html/vendor/orchestra/testbench-core/src/Foundation/PackageManifest.php:102
/var/www/html/vendor/laravel/framework/src/Illuminate/Foundation/PackageManifest.php:91
/var/www/html/vendor/laravel/framework/src/Illuminate/Foundation/PackageManifest.php:80
/var/www/html/vendor/laravel/framework/src/Illuminate/Foundation/Bootstrap/RegisterFacades.php:26
/var/www/html/vendor/orchestra/testbench-core/src/Concerns/CreatesApplication.php:556
/var/www/html/vendor/orchestra/testbench-core/src/Concerns/CreatesApplication.php:311
/var/www/html/vendor/orchestra/testbench-core/src/TestCase.php:121
/var/www/html/vendor/orchestra/testbench-core/src/Concerns/ApplicationTestingHooks.php:74
/var/www/html/vendor/orchestra/testbench-core/src/Concerns/Testing.php:43
/var/www/html/vendor/laravel/framework/src/Illuminate/Collections/helpers.php:236
/var/www/html/vendor/orchestra/sidekick/src/functions.php:87
/var/www/html/vendor/laravel/framework/src/Illuminate/Collections/helpers.php:236
/var/www/html/vendor/orchestra/testbench-core/src/Concerns/Testing.php:57
/var/www/html/vendor/orchestra/testbench-core/src/TestCase.php:50
/var/www/html/tests/TestCase.php:61
/var/www/html/tests/Unit/Registry/Contracts/RegistryInterfaceTest.php:23</error>
        </testcase>
        <testcase name="test_names_returns_component_names" file="/var/www/html/tests/Unit/Registry/Contracts/RegistryInterfaceTest.php" line="199" class="JTD\LaravelMCP\Tests\Unit\Registry\Contracts\RegistryInterfaceTest" classname="JTD.LaravelMCP.Tests.Unit.Registry.Contracts.RegistryInterfaceTest" assertions="0" time="0.000000">
          <error type="Exception">JTD\LaravelMCP\Tests\Unit\Registry\Contracts\RegistryInterfaceTest::test_names_returns_component_names
Exception: The /var/www/html/vendor/orchestra/testbench-core/laravel/bootstrap/cache directory must be present and writable.

/var/www/html/vendor/laravel/framework/src/Illuminate/Foundation/PackageManifest.php:179
/var/www/html/vendor/orchestra/testbench-core/src/Foundation/PackageManifest.php:157
/var/www/html/vendor/laravel/framework/src/Illuminate/Foundation/PackageManifest.php:132
/var/www/html/vendor/laravel/framework/src/Illuminate/Foundation/PackageManifest.php:108
/var/www/html/vendor/orchestra/testbench-core/src/Foundation/PackageManifest.php:102
/var/www/html/vendor/laravel/framework/src/Illuminate/Foundation/PackageManifest.php:91
/var/www/html/vendor/laravel/framework/src/Illuminate/Foundation/PackageManifest.php:80
/var/www/html/vendor/laravel/framework/src/Illuminate/Foundation/Bootstrap/RegisterFacades.php:26
/var/www/html/vendor/orchestra/testbench-core/src/Concerns/CreatesApplication.php:556
/var/www/html/vendor/orchestra/testbench-core/src/Concerns/CreatesApplication.php:311
/var/www/html/vendor/orchestra/testbench-core/src/TestCase.php:121
/var/www/html/vendor/orchestra/testbench-core/src/Concerns/ApplicationTestingHooks.php:74
/var/www/html/vendor/orchestra/testbench-core/src/Concerns/Testing.php:43
/var/www/html/vendor/laravel/framework/src/Illuminate/Collections/helpers.php:236
/var/www/html/vendor/orchestra/sidekick/src/functions.php:87
/var/www/html/vendor/laravel/framework/src/Illuminate/Collections/helpers.php:236
/var/www/html/vendor/orchestra/testbench-core/src/Concerns/Testing.php:57
/var/www/html/vendor/orchestra/testbench-core/src/TestCase.php:50
/var/www/html/tests/TestCase.php:61
/var/www/html/tests/Unit/Registry/Contracts/RegistryInterfaceTest.php:23</error>
        </testcase>
        <testcase name="test_count_returns_component_count" file="/var/www/html/tests/Unit/Registry/Contracts/RegistryInterfaceTest.php" line="216" class="JTD\LaravelMCP\Tests\Unit\Registry\Contracts\RegistryInterfaceTest" classname="JTD.LaravelMCP.Tests.Unit.Registry.Contracts.RegistryInterfaceTest" assertions="0" time="0.000000">
          <error type="Exception">JTD\LaravelMCP\Tests\Unit\Registry\Contracts\RegistryInterfaceTest::test_count_returns_component_count
Exception: The /var/www/html/vendor/orchestra/testbench-core/laravel/bootstrap/cache directory must be present and writable.

/var/www/html/vendor/laravel/framework/src/Illuminate/Foundation/PackageManifest.php:179
/var/www/html/vendor/orchestra/testbench-core/src/Foundation/PackageManifest.php:157
/var/www/html/vendor/laravel/framework/src/Illuminate/Foundation/PackageManifest.php:132
/var/www/html/vendor/laravel/framework/src/Illuminate/Foundation/PackageManifest.php:108
/var/www/html/vendor/orchestra/testbench-core/src/Foundation/PackageManifest.php:102
/var/www/html/vendor/laravel/framework/src/Illuminate/Foundation/PackageManifest.php:91
/var/www/html/vendor/laravel/framework/src/Illuminate/Foundation/PackageManifest.php:80
/var/www/html/vendor/laravel/framework/src/Illuminate/Foundation/Bootstrap/RegisterFacades.php:26
/var/www/html/vendor/orchestra/testbench-core/src/Concerns/CreatesApplication.php:556
/var/www/html/vendor/orchestra/testbench-core/src/Concerns/CreatesApplication.php:311
/var/www/html/vendor/orchestra/testbench-core/src/TestCase.php:121
/var/www/html/vendor/orchestra/testbench-core/src/Concerns/ApplicationTestingHooks.php:74
/var/www/html/vendor/orchestra/testbench-core/src/Concerns/Testing.php:43
/var/www/html/vendor/laravel/framework/src/Illuminate/Collections/helpers.php:236
/var/www/html/vendor/orchestra/sidekick/src/functions.php:87
/var/www/html/vendor/laravel/framework/src/Illuminate/Collections/helpers.php:236
/var/www/html/vendor/orchestra/testbench-core/src/Concerns/Testing.php:57
/var/www/html/vendor/orchestra/testbench-core/src/TestCase.php:50
/var/www/html/tests/TestCase.php:61
/var/www/html/tests/Unit/Registry/Contracts/RegistryInterfaceTest.php:23</error>
        </testcase>
        <testcase name="test_count_returns_zero" file="/var/www/html/tests/Unit/Registry/Contracts/RegistryInterfaceTest.php" line="231" class="JTD\LaravelMCP\Tests\Unit\Registry\Contracts\RegistryInterfaceTest" classname="JTD.LaravelMCP.Tests.Unit.Registry.Contracts.RegistryInterfaceTest" assertions="0" time="0.000000">
          <error type="Exception">JTD\LaravelMCP\Tests\Unit\Registry\Contracts\RegistryInterfaceTest::test_count_returns_zero
Exception: The /var/www/html/vendor/orchestra/testbench-core/laravel/bootstrap/cache directory must be present and writable.

/var/www/html/vendor/laravel/framework/src/Illuminate/Foundation/PackageManifest.php:179
/var/www/html/vendor/orchestra/testbench-core/src/Foundation/PackageManifest.php:157
/var/www/html/vendor/laravel/framework/src/Illuminate/Foundation/PackageManifest.php:132
/var/www/html/vendor/laravel/framework/src/Illuminate/Foundation/PackageManifest.php:108
/var/www/html/vendor/orchestra/testbench-core/src/Foundation/PackageManifest.php:102
/var/www/html/vendor/laravel/framework/src/Illuminate/Foundation/PackageManifest.php:91
/var/www/html/vendor/laravel/framework/src/Illuminate/Foundation/PackageManifest.php:80
/var/www/html/vendor/laravel/framework/src/Illuminate/Foundation/Bootstrap/RegisterFacades.php:26
/var/www/html/vendor/orchestra/testbench-core/src/Concerns/CreatesApplication.php:556
/var/www/html/vendor/orchestra/testbench-core/src/Concerns/CreatesApplication.php:311
/var/www/html/vendor/orchestra/testbench-core/src/TestCase.php:121
/var/www/html/vendor/orchestra/testbench-core/src/Concerns/ApplicationTestingHooks.php:74
/var/www/html/vendor/orchestra/testbench-core/src/Concerns/Testing.php:43
/var/www/html/vendor/laravel/framework/src/Illuminate/Collections/helpers.php:236
/var/www/html/vendor/orchestra/sidekick/src/functions.php:87
/var/www/html/vendor/laravel/framework/src/Illuminate/Collections/helpers.php:236
/var/www/html/vendor/orchestra/testbench-core/src/Concerns/Testing.php:57
/var/www/html/vendor/orchestra/testbench-core/src/TestCase.php:50
/var/www/html/tests/TestCase.php:61
/var/www/html/tests/Unit/Registry/Contracts/RegistryInterfaceTest.php:23</error>
        </testcase>
        <testcase name="test_clear_removes_all_components" file="/var/www/html/tests/Unit/Registry/Contracts/RegistryInterfaceTest.php" line="246" class="JTD\LaravelMCP\Tests\Unit\Registry\Contracts\RegistryInterfaceTest" classname="JTD.LaravelMCP.Tests.Unit.Registry.Contracts.RegistryInterfaceTest" assertions="0" time="0.000000">
          <error type="Exception">JTD\LaravelMCP\Tests\Unit\Registry\Contracts\RegistryInterfaceTest::test_clear_removes_all_components
Exception: The /var/www/html/vendor/orchestra/testbench-core/laravel/bootstrap/cache directory must be present and writable.

/var/www/html/vendor/laravel/framework/src/Illuminate/Foundation/PackageManifest.php:179
/var/www/html/vendor/orchestra/testbench-core/src/Foundation/PackageManifest.php:157
/var/www/html/vendor/laravel/framework/src/Illuminate/Foundation/PackageManifest.php:132
/var/www/html/vendor/laravel/framework/src/Illuminate/Foundation/PackageManifest.php:108
/var/www/html/vendor/orchestra/testbench-core/src/Foundation/PackageManifest.php:102
/var/www/html/vendor/laravel/framework/src/Illuminate/Foundation/PackageManifest.php:91
/var/www/html/vendor/laravel/framework/src/Illuminate/Foundation/PackageManifest.php:80
/var/www/html/vendor/laravel/framework/src/Illuminate/Foundation/Bootstrap/RegisterFacades.php:26
/var/www/html/vendor/orchestra/testbench-core/src/Concerns/CreatesApplication.php:556
/var/www/html/vendor/orchestra/testbench-core/src/Concerns/CreatesApplication.php:311
/var/www/html/vendor/orchestra/testbench-core/src/TestCase.php:121
/var/www/html/vendor/orchestra/testbench-core/src/Concerns/ApplicationTestingHooks.php:74
/var/www/html/vendor/orchestra/testbench-core/src/Concerns/Testing.php:43
/var/www/html/vendor/laravel/framework/src/Illuminate/Collections/helpers.php:236
/var/www/html/vendor/orchestra/sidekick/src/functions.php:87
/var/www/html/vendor/laravel/framework/src/Illuminate/Collections/helpers.php:236
/var/www/html/vendor/orchestra/testbench-core/src/Concerns/Testing.php:57
/var/www/html/vendor/orchestra/testbench-core/src/TestCase.php:50
/var/www/html/tests/TestCase.php:61
/var/www/html/tests/Unit/Registry/Contracts/RegistryInterfaceTest.php:23</error>
        </testcase>
        <testcase name="test_get_metadata_returns_metadata" file="/var/www/html/tests/Unit/Registry/Contracts/RegistryInterfaceTest.php" line="258" class="JTD\LaravelMCP\Tests\Unit\Registry\Contracts\RegistryInterfaceTest" classname="JTD.LaravelMCP.Tests.Unit.Registry.Contracts.RegistryInterfaceTest" assertions="0" time="0.000000">
          <error type="Exception">JTD\LaravelMCP\Tests\Unit\Registry\Contracts\RegistryInterfaceTest::test_get_metadata_returns_metadata
Exception: The /var/www/html/vendor/orchestra/testbench-core/laravel/bootstrap/cache directory must be present and writable.

/var/www/html/vendor/laravel/framework/src/Illuminate/Foundation/PackageManifest.php:179
/var/www/html/vendor/orchestra/testbench-core/src/Foundation/PackageManifest.php:157
/var/www/html/vendor/laravel/framework/src/Illuminate/Foundation/PackageManifest.php:132
/var/www/html/vendor/laravel/framework/src/Illuminate/Foundation/PackageManifest.php:108
/var/www/html/vendor/orchestra/testbench-core/src/Foundation/PackageManifest.php:102
/var/www/html/vendor/laravel/framework/src/Illuminate/Foundation/PackageManifest.php:91
/var/www/html/vendor/laravel/framework/src/Illuminate/Foundation/PackageManifest.php:80
/var/www/html/vendor/laravel/framework/src/Illuminate/Foundation/Bootstrap/RegisterFacades.php:26
/var/www/html/vendor/orchestra/testbench-core/src/Concerns/CreatesApplication.php:556
/var/www/html/vendor/orchestra/testbench-core/src/Concerns/CreatesApplication.php:311
/var/www/html/vendor/orchestra/testbench-core/src/TestCase.php:121
/var/www/html/vendor/orchestra/testbench-core/src/Concerns/ApplicationTestingHooks.php:74
/var/www/html/vendor/orchestra/testbench-core/src/Concerns/Testing.php:43
/var/www/html/vendor/laravel/framework/src/Illuminate/Collections/helpers.php:236
/var/www/html/vendor/orchestra/sidekick/src/functions.php:87
/var/www/html/vendor/laravel/framework/src/Illuminate/Collections/helpers.php:236
/var/www/html/vendor/orchestra/testbench-core/src/Concerns/Testing.php:57
/var/www/html/vendor/orchestra/testbench-core/src/TestCase.php:50
/var/www/html/tests/TestCase.php:61
/var/www/html/tests/Unit/Registry/Contracts/RegistryInterfaceTest.php:23</error>
        </testcase>
        <testcase name="test_get_metadata_returns_empty_array" file="/var/www/html/tests/Unit/Registry/Contracts/RegistryInterfaceTest.php" line="280" class="JTD\LaravelMCP\Tests\Unit\Registry\Contracts\RegistryInterfaceTest" classname="JTD.LaravelMCP.Tests.Unit.Registry.Contracts.RegistryInterfaceTest" assertions="0" time="0.000000">
          <error type="Exception">JTD\LaravelMCP\Tests\Unit\Registry\Contracts\RegistryInterfaceTest::test_get_metadata_returns_empty_array
Exception: The /var/www/html/vendor/orchestra/testbench-core/laravel/bootstrap/cache directory must be present and writable.

/var/www/html/vendor/laravel/framework/src/Illuminate/Foundation/PackageManifest.php:179
/var/www/html/vendor/orchestra/testbench-core/src/Foundation/PackageManifest.php:157
/var/www/html/vendor/laravel/framework/src/Illuminate/Foundation/PackageManifest.php:132
/var/www/html/vendor/laravel/framework/src/Illuminate/Foundation/PackageManifest.php:108
/var/www/html/vendor/orchestra/testbench-core/src/Foundation/PackageManifest.php:102
/var/www/html/vendor/laravel/framework/src/Illuminate/Foundation/PackageManifest.php:91
/var/www/html/vendor/laravel/framework/src/Illuminate/Foundation/PackageManifest.php:80
/var/www/html/vendor/laravel/framework/src/Illuminate/Foundation/Bootstrap/RegisterFacades.php:26
/var/www/html/vendor/orchestra/testbench-core/src/Concerns/CreatesApplication.php:556
/var/www/html/vendor/orchestra/testbench-core/src/Concerns/CreatesApplication.php:311
/var/www/html/vendor/orchestra/testbench-core/src/TestCase.php:121
/var/www/html/vendor/orchestra/testbench-core/src/Concerns/ApplicationTestingHooks.php:74
/var/www/html/vendor/orchestra/testbench-core/src/Concerns/Testing.php:43
/var/www/html/vendor/laravel/framework/src/Illuminate/Collections/helpers.php:236
/var/www/html/vendor/orchestra/sidekick/src/functions.php:87
/var/www/html/vendor/laravel/framework/src/Illuminate/Collections/helpers.php:236
/var/www/html/vendor/orchestra/testbench-core/src/Concerns/Testing.php:57
/var/www/html/vendor/orchestra/testbench-core/src/TestCase.php:50
/var/www/html/tests/TestCase.php:61
/var/www/html/tests/Unit/Registry/Contracts/RegistryInterfaceTest.php:23</error>
        </testcase>
        <testcase name="test_filter_with_criteria" file="/var/www/html/tests/Unit/Registry/Contracts/RegistryInterfaceTest.php" line="296" class="JTD\LaravelMCP\Tests\Unit\Registry\Contracts\RegistryInterfaceTest" classname="JTD.LaravelMCP.Tests.Unit.Registry.Contracts.RegistryInterfaceTest" assertions="0" time="0.000000">
          <error type="Exception">JTD\LaravelMCP\Tests\Unit\Registry\Contracts\RegistryInterfaceTest::test_filter_with_criteria
Exception: The /var/www/html/vendor/orchestra/testbench-core/laravel/bootstrap/cache directory must be present and writable.

/var/www/html/vendor/laravel/framework/src/Illuminate/Foundation/PackageManifest.php:179
/var/www/html/vendor/orchestra/testbench-core/src/Foundation/PackageManifest.php:157
/var/www/html/vendor/laravel/framework/src/Illuminate/Foundation/PackageManifest.php:132
/var/www/html/vendor/laravel/framework/src/Illuminate/Foundation/PackageManifest.php:108
/var/www/html/vendor/orchestra/testbench-core/src/Foundation/PackageManifest.php:102
/var/www/html/vendor/laravel/framework/src/Illuminate/Foundation/PackageManifest.php:91
/var/www/html/vendor/laravel/framework/src/Illuminate/Foundation/PackageManifest.php:80
/var/www/html/vendor/laravel/framework/src/Illuminate/Foundation/Bootstrap/RegisterFacades.php:26
/var/www/html/vendor/orchestra/testbench-core/src/Concerns/CreatesApplication.php:556
/var/www/html/vendor/orchestra/testbench-core/src/Concerns/CreatesApplication.php:311
/var/www/html/vendor/orchestra/testbench-core/src/TestCase.php:121
/var/www/html/vendor/orchestra/testbench-core/src/Concerns/ApplicationTestingHooks.php:74
/var/www/html/vendor/orchestra/testbench-core/src/Concerns/Testing.php:43
/var/www/html/vendor/laravel/framework/src/Illuminate/Collections/helpers.php:236
/var/www/html/vendor/orchestra/sidekick/src/functions.php:87
/var/www/html/vendor/laravel/framework/src/Illuminate/Collections/helpers.php:236
/var/www/html/vendor/orchestra/testbench-core/src/Concerns/Testing.php:57
/var/www/html/vendor/orchestra/testbench-core/src/TestCase.php:50
/var/www/html/tests/TestCase.php:61
/var/www/html/tests/Unit/Registry/Contracts/RegistryInterfaceTest.php:23</error>
        </testcase>
        <testcase name="test_filter_returns_empty_when_no_matches" file="/var/www/html/tests/Unit/Registry/Contracts/RegistryInterfaceTest.php" line="322" class="JTD\LaravelMCP\Tests\Unit\Registry\Contracts\RegistryInterfaceTest" classname="JTD.LaravelMCP.Tests.Unit.Registry.Contracts.RegistryInterfaceTest" assertions="0" time="0.000000">
          <error type="Exception">JTD\LaravelMCP\Tests\Unit\Registry\Contracts\RegistryInterfaceTest::test_filter_returns_empty_when_no_matches
Exception: The /var/www/html/vendor/orchestra/testbench-core/laravel/bootstrap/cache directory must be present and writable.

/var/www/html/vendor/laravel/framework/src/Illuminate/Foundation/PackageManifest.php:179
/var/www/html/vendor/orchestra/testbench-core/src/Foundation/PackageManifest.php:157
/var/www/html/vendor/laravel/framework/src/Illuminate/Foundation/PackageManifest.php:132
/var/www/html/vendor/laravel/framework/src/Illuminate/Foundation/PackageManifest.php:108
/var/www/html/vendor/orchestra/testbench-core/src/Foundation/PackageManifest.php:102
/var/www/html/vendor/laravel/framework/src/Illuminate/Foundation/PackageManifest.php:91
/var/www/html/vendor/laravel/framework/src/Illuminate/Foundation/PackageManifest.php:80
/var/www/html/vendor/laravel/framework/src/Illuminate/Foundation/Bootstrap/RegisterFacades.php:26
/var/www/html/vendor/orchestra/testbench-core/src/Concerns/CreatesApplication.php:556
/var/www/html/vendor/orchestra/testbench-core/src/Concerns/CreatesApplication.php:311
/var/www/html/vendor/orchestra/testbench-core/src/TestCase.php:121
/var/www/html/vendor/orchestra/testbench-core/src/Concerns/ApplicationTestingHooks.php:74
/var/www/html/vendor/orchestra/testbench-core/src/Concerns/Testing.php:43
/var/www/html/vendor/laravel/framework/src/Illuminate/Collections/helpers.php:236
/var/www/html/vendor/orchestra/sidekick/src/functions.php:87
/var/www/html/vendor/laravel/framework/src/Illuminate/Collections/helpers.php:236
/var/www/html/vendor/orchestra/testbench-core/src/Concerns/Testing.php:57
/var/www/html/vendor/orchestra/testbench-core/src/TestCase.php:50
/var/www/html/tests/TestCase.php:61
/var/www/html/tests/Unit/Registry/Contracts/RegistryInterfaceTest.php:23</error>
        </testcase>
        <testcase name="test_search_with_pattern" file="/var/www/html/tests/Unit/Registry/Contracts/RegistryInterfaceTest.php" line="340" class="JTD\LaravelMCP\Tests\Unit\Registry\Contracts\RegistryInterfaceTest" classname="JTD.LaravelMCP.Tests.Unit.Registry.Contracts.RegistryInterfaceTest" assertions="0" time="0.000000">
          <error type="Exception">JTD\LaravelMCP\Tests\Unit\Registry\Contracts\RegistryInterfaceTest::test_search_with_pattern
Exception: The /var/www/html/vendor/orchestra/testbench-core/laravel/bootstrap/cache directory must be present and writable.

/var/www/html/vendor/laravel/framework/src/Illuminate/Foundation/PackageManifest.php:179
/var/www/html/vendor/orchestra/testbench-core/src/Foundation/PackageManifest.php:157
/var/www/html/vendor/laravel/framework/src/Illuminate/Foundation/PackageManifest.php:132
/var/www/html/vendor/laravel/framework/src/Illuminate/Foundation/PackageManifest.php:108
/var/www/html/vendor/orchestra/testbench-core/src/Foundation/PackageManifest.php:102
/var/www/html/vendor/laravel/framework/src/Illuminate/Foundation/PackageManifest.php:91
/var/www/html/vendor/laravel/framework/src/Illuminate/Foundation/PackageManifest.php:80
/var/www/html/vendor/laravel/framework/src/Illuminate/Foundation/Bootstrap/RegisterFacades.php:26
/var/www/html/vendor/orchestra/testbench-core/src/Concerns/CreatesApplication.php:556
/var/www/html/vendor/orchestra/testbench-core/src/Concerns/CreatesApplication.php:311
/var/www/html/vendor/orchestra/testbench-core/src/TestCase.php:121
/var/www/html/vendor/orchestra/testbench-core/src/Concerns/ApplicationTestingHooks.php:74
/var/www/html/vendor/orchestra/testbench-core/src/Concerns/Testing.php:43
/var/www/html/vendor/laravel/framework/src/Illuminate/Collections/helpers.php:236
/var/www/html/vendor/orchestra/sidekick/src/functions.php:87
/var/www/html/vendor/laravel/framework/src/Illuminate/Collections/helpers.php:236
/var/www/html/vendor/orchestra/testbench-core/src/Concerns/Testing.php:57
/var/www/html/vendor/orchestra/testbench-core/src/TestCase.php:50
/var/www/html/tests/TestCase.php:61
/var/www/html/tests/Unit/Registry/Contracts/RegistryInterfaceTest.php:23</error>
        </testcase>
        <testcase name="test_search_with_regex_pattern" file="/var/www/html/tests/Unit/Registry/Contracts/RegistryInterfaceTest.php" line="363" class="JTD\LaravelMCP\Tests\Unit\Registry\Contracts\RegistryInterfaceTest" classname="JTD.LaravelMCP.Tests.Unit.Registry.Contracts.RegistryInterfaceTest" assertions="0" time="0.000000">
          <error type="Exception">JTD\LaravelMCP\Tests\Unit\Registry\Contracts\RegistryInterfaceTest::test_search_with_regex_pattern
Exception: The /var/www/html/vendor/orchestra/testbench-core/laravel/bootstrap/cache directory must be present and writable.

/var/www/html/vendor/laravel/framework/src/Illuminate/Foundation/PackageManifest.php:179
/var/www/html/vendor/orchestra/testbench-core/src/Foundation/PackageManifest.php:157
/var/www/html/vendor/laravel/framework/src/Illuminate/Foundation/PackageManifest.php:132
/var/www/html/vendor/laravel/framework/src/Illuminate/Foundation/PackageManifest.php:108
/var/www/html/vendor/orchestra/testbench-core/src/Foundation/PackageManifest.php:102
/var/www/html/vendor/laravel/framework/src/Illuminate/Foundation/PackageManifest.php:91
/var/www/html/vendor/laravel/framework/src/Illuminate/Foundation/PackageManifest.php:80
/var/www/html/vendor/laravel/framework/src/Illuminate/Foundation/Bootstrap/RegisterFacades.php:26
/var/www/html/vendor/orchestra/testbench-core/src/Concerns/CreatesApplication.php:556
/var/www/html/vendor/orchestra/testbench-core/src/Concerns/CreatesApplication.php:311
/var/www/html/vendor/orchestra/testbench-core/src/TestCase.php:121
/var/www/html/vendor/orchestra/testbench-core/src/Concerns/ApplicationTestingHooks.php:74
/var/www/html/vendor/orchestra/testbench-core/src/Concerns/Testing.php:43
/var/www/html/vendor/laravel/framework/src/Illuminate/Collections/helpers.php:236
/var/www/html/vendor/orchestra/sidekick/src/functions.php:87
/var/www/html/vendor/laravel/framework/src/Illuminate/Collections/helpers.php:236
/var/www/html/vendor/orchestra/testbench-core/src/Concerns/Testing.php:57
/var/www/html/vendor/orchestra/testbench-core/src/TestCase.php:50
/var/www/html/tests/TestCase.php:61
/var/www/html/tests/Unit/Registry/Contracts/RegistryInterfaceTest.php:23</error>
        </testcase>
        <testcase name="test_get_type_returns_registry_type" file="/var/www/html/tests/Unit/Registry/Contracts/RegistryInterfaceTest.php" line="386" class="JTD\LaravelMCP\Tests\Unit\Registry\Contracts\RegistryInterfaceTest" classname="JTD.LaravelMCP.Tests.Unit.Registry.Contracts.RegistryInterfaceTest" assertions="0" time="0.000000">
          <error type="Exception">JTD\LaravelMCP\Tests\Unit\Registry\Contracts\RegistryInterfaceTest::test_get_type_returns_registry_type
Exception: The /var/www/html/vendor/orchestra/testbench-core/laravel/bootstrap/cache directory must be present and writable.

/var/www/html/vendor/laravel/framework/src/Illuminate/Foundation/PackageManifest.php:179
/var/www/html/vendor/orchestra/testbench-core/src/Foundation/PackageManifest.php:157
/var/www/html/vendor/laravel/framework/src/Illuminate/Foundation/PackageManifest.php:132
/var/www/html/vendor/laravel/framework/src/Illuminate/Foundation/PackageManifest.php:108
/var/www/html/vendor/orchestra/testbench-core/src/Foundation/PackageManifest.php:102
/var/www/html/vendor/laravel/framework/src/Illuminate/Foundation/PackageManifest.php:91
/var/www/html/vendor/laravel/framework/src/Illuminate/Foundation/PackageManifest.php:80
/var/www/html/vendor/laravel/framework/src/Illuminate/Foundation/Bootstrap/RegisterFacades.php:26
/var/www/html/vendor/orchestra/testbench-core/src/Concerns/CreatesApplication.php:556
/var/www/html/vendor/orchestra/testbench-core/src/Concerns/CreatesApplication.php:311
/var/www/html/vendor/orchestra/testbench-core/src/TestCase.php:121
/var/www/html/vendor/orchestra/testbench-core/src/Concerns/ApplicationTestingHooks.php:74
/var/www/html/vendor/orchestra/testbench-core/src/Concerns/Testing.php:43
/var/www/html/vendor/laravel/framework/src/Illuminate/Collections/helpers.php:236
/var/www/html/vendor/orchestra/sidekick/src/functions.php:87
/var/www/html/vendor/laravel/framework/src/Illuminate/Collections/helpers.php:236
/var/www/html/vendor/orchestra/testbench-core/src/Concerns/Testing.php:57
/var/www/html/vendor/orchestra/testbench-core/src/TestCase.php:50
/var/www/html/tests/TestCase.php:61
/var/www/html/tests/Unit/Registry/Contracts/RegistryInterfaceTest.php:23</error>
        </testcase>
        <testcase name="test_registration_lifecycle" file="/var/www/html/tests/Unit/Registry/Contracts/RegistryInterfaceTest.php" line="401" class="JTD\LaravelMCP\Tests\Unit\Registry\Contracts\RegistryInterfaceTest" classname="JTD.LaravelMCP.Tests.Unit.Registry.Contracts.RegistryInterfaceTest" assertions="0" time="0.000000">
          <error type="Exception">JTD\LaravelMCP\Tests\Unit\Registry\Contracts\RegistryInterfaceTest::test_registration_lifecycle
Exception: The /var/www/html/vendor/orchestra/testbench-core/laravel/bootstrap/cache directory must be present and writable.

/var/www/html/vendor/laravel/framework/src/Illuminate/Foundation/PackageManifest.php:179
/var/www/html/vendor/orchestra/testbench-core/src/Foundation/PackageManifest.php:157
/var/www/html/vendor/laravel/framework/src/Illuminate/Foundation/PackageManifest.php:132
/var/www/html/vendor/laravel/framework/src/Illuminate/Foundation/PackageManifest.php:108
/var/www/html/vendor/orchestra/testbench-core/src/Foundation/PackageManifest.php:102
/var/www/html/vendor/laravel/framework/src/Illuminate/Foundation/PackageManifest.php:91
/var/www/html/vendor/laravel/framework/src/Illuminate/Foundation/PackageManifest.php:80
/var/www/html/vendor/laravel/framework/src/Illuminate/Foundation/Bootstrap/RegisterFacades.php:26
/var/www/html/vendor/orchestra/testbench-core/src/Concerns/CreatesApplication.php:556
/var/www/html/vendor/orchestra/testbench-core/src/Concerns/CreatesApplication.php:311
/var/www/html/vendor/orchestra/testbench-core/src/TestCase.php:121
/var/www/html/vendor/orchestra/testbench-core/src/Concerns/ApplicationTestingHooks.php:74
/var/www/html/vendor/orchestra/testbench-core/src/Concerns/Testing.php:43
/var/www/html/vendor/laravel/framework/src/Illuminate/Collections/helpers.php:236
/var/www/html/vendor/orchestra/sidekick/src/functions.php:87
/var/www/html/vendor/laravel/framework/src/Illuminate/Collections/helpers.php:236
/var/www/html/vendor/orchestra/testbench-core/src/Concerns/Testing.php:57
/var/www/html/vendor/orchestra/testbench-core/src/TestCase.php:50
/var/www/html/tests/TestCase.php:61
/var/www/html/tests/Unit/Registry/Contracts/RegistryInterfaceTest.php:23</error>
        </testcase>
        <testcase name="test_multiple_component_operations" file="/var/www/html/tests/Unit/Registry/Contracts/RegistryInterfaceTest.php" line="451" class="JTD\LaravelMCP\Tests\Unit\Registry\Contracts\RegistryInterfaceTest" classname="JTD.LaravelMCP.Tests.Unit.Registry.Contracts.RegistryInterfaceTest" assertions="0" time="0.000000">
          <error type="Exception">JTD\LaravelMCP\Tests\Unit\Registry\Contracts\RegistryInterfaceTest::test_multiple_component_operations
Exception: The /var/www/html/vendor/orchestra/testbench-core/laravel/bootstrap/cache directory must be present and writable.

/var/www/html/vendor/laravel/framework/src/Illuminate/Foundation/PackageManifest.php:179
/var/www/html/vendor/orchestra/testbench-core/src/Foundation/PackageManifest.php:157
/var/www/html/vendor/laravel/framework/src/Illuminate/Foundation/PackageManifest.php:132
/var/www/html/vendor/laravel/framework/src/Illuminate/Foundation/PackageManifest.php:108
/var/www/html/vendor/orchestra/testbench-core/src/Foundation/PackageManifest.php:102
/var/www/html/vendor/laravel/framework/src/Illuminate/Foundation/PackageManifest.php:91
/var/www/html/vendor/laravel/framework/src/Illuminate/Foundation/PackageManifest.php:80
/var/www/html/vendor/laravel/framework/src/Illuminate/Foundation/Bootstrap/RegisterFacades.php:26
/var/www/html/vendor/orchestra/testbench-core/src/Concerns/CreatesApplication.php:556
/var/www/html/vendor/orchestra/testbench-core/src/Concerns/CreatesApplication.php:311
/var/www/html/vendor/orchestra/testbench-core/src/TestCase.php:121
/var/www/html/vendor/orchestra/testbench-core/src/Concerns/ApplicationTestingHooks.php:74
/var/www/html/vendor/orchestra/testbench-core/src/Concerns/Testing.php:43
/var/www/html/vendor/laravel/framework/src/Illuminate/Collections/helpers.php:236
/var/www/html/vendor/orchestra/sidekick/src/functions.php:87
/var/www/html/vendor/laravel/framework/src/Illuminate/Collections/helpers.php:236
/var/www/html/vendor/orchestra/testbench-core/src/Concerns/Testing.php:57
/var/www/html/vendor/orchestra/testbench-core/src/TestCase.php:50
/var/www/html/tests/TestCase.php:61
/var/www/html/tests/Unit/Registry/Contracts/RegistryInterfaceTest.php:23</error>
        </testcase>
        <testcase name="test_filter_multiple_criteria" file="/var/www/html/tests/Unit/Registry/Contracts/RegistryInterfaceTest.php" line="504" class="JTD\LaravelMCP\Tests\Unit\Registry\Contracts\RegistryInterfaceTest" classname="JTD.LaravelMCP.Tests.Unit.Registry.Contracts.RegistryInterfaceTest" assertions="0" time="0.000000">
          <error type="Exception">JTD\LaravelMCP\Tests\Unit\Registry\Contracts\RegistryInterfaceTest::test_filter_multiple_criteria
Exception: The /var/www/html/vendor/orchestra/testbench-core/laravel/bootstrap/cache directory must be present and writable.

/var/www/html/vendor/laravel/framework/src/Illuminate/Foundation/PackageManifest.php:179
/var/www/html/vendor/orchestra/testbench-core/src/Foundation/PackageManifest.php:157
/var/www/html/vendor/laravel/framework/src/Illuminate/Foundation/PackageManifest.php:132
/var/www/html/vendor/laravel/framework/src/Illuminate/Foundation/PackageManifest.php:108
/var/www/html/vendor/orchestra/testbench-core/src/Foundation/PackageManifest.php:102
/var/www/html/vendor/laravel/framework/src/Illuminate/Foundation/PackageManifest.php:91
/var/www/html/vendor/laravel/framework/src/Illuminate/Foundation/PackageManifest.php:80
/var/www/html/vendor/laravel/framework/src/Illuminate/Foundation/Bootstrap/RegisterFacades.php:26
/var/www/html/vendor/orchestra/testbench-core/src/Concerns/CreatesApplication.php:556
/var/www/html/vendor/orchestra/testbench-core/src/Concerns/CreatesApplication.php:311
/var/www/html/vendor/orchestra/testbench-core/src/TestCase.php:121
/var/www/html/vendor/orchestra/testbench-core/src/Concerns/ApplicationTestingHooks.php:74
/var/www/html/vendor/orchestra/testbench-core/src/Concerns/Testing.php:43
/var/www/html/vendor/laravel/framework/src/Illuminate/Collections/helpers.php:236
/var/www/html/vendor/orchestra/sidekick/src/functions.php:87
/var/www/html/vendor/laravel/framework/src/Illuminate/Collections/helpers.php:236
/var/www/html/vendor/orchestra/testbench-core/src/Concerns/Testing.php:57
/var/www/html/vendor/orchestra/testbench-core/src/TestCase.php:50
/var/www/html/tests/TestCase.php:61
/var/www/html/tests/Unit/Registry/Contracts/RegistryInterfaceTest.php:23</error>
        </testcase>
        <testcase name="test_registry_types" file="/var/www/html/tests/Unit/Registry/Contracts/RegistryInterfaceTest.php" line="531" class="JTD\LaravelMCP\Tests\Unit\Registry\Contracts\RegistryInterfaceTest" classname="JTD.LaravelMCP.Tests.Unit.Registry.Contracts.RegistryInterfaceTest" assertions="0" time="0.000000">
          <error type="Exception">JTD\LaravelMCP\Tests\Unit\Registry\Contracts\RegistryInterfaceTest::test_registry_types
Exception: The /var/www/html/vendor/orchestra/testbench-core/laravel/bootstrap/cache directory must be present and writable.

/var/www/html/vendor/laravel/framework/src/Illuminate/Foundation/PackageManifest.php:179
/var/www/html/vendor/orchestra/testbench-core/src/Foundation/PackageManifest.php:157
/var/www/html/vendor/laravel/framework/src/Illuminate/Foundation/PackageManifest.php:132
/var/www/html/vendor/laravel/framework/src/Illuminate/Foundation/PackageManifest.php:108
/var/www/html/vendor/orchestra/testbench-core/src/Foundation/PackageManifest.php:102
/var/www/html/vendor/laravel/framework/src/Illuminate/Foundation/PackageManifest.php:91
/var/www/html/vendor/laravel/framework/src/Illuminate/Foundation/PackageManifest.php:80
/var/www/html/vendor/laravel/framework/src/Illuminate/Foundation/Bootstrap/RegisterFacades.php:26
/var/www/html/vendor/orchestra/testbench-core/src/Concerns/CreatesApplication.php:556
/var/www/html/vendor/orchestra/testbench-core/src/Concerns/CreatesApplication.php:311
/var/www/html/vendor/orchestra/testbench-core/src/TestCase.php:121
/var/www/html/vendor/orchestra/testbench-core/src/Concerns/ApplicationTestingHooks.php:74
/var/www/html/vendor/orchestra/testbench-core/src/Concerns/Testing.php:43
/var/www/html/vendor/laravel/framework/src/Illuminate/Collections/helpers.php:236
/var/www/html/vendor/orchestra/sidekick/src/functions.php:87
/var/www/html/vendor/laravel/framework/src/Illuminate/Collections/helpers.php:236
/var/www/html/vendor/orchestra/testbench-core/src/Concerns/Testing.php:57
/var/www/html/vendor/orchestra/testbench-core/src/TestCase.php:50
/var/www/html/tests/TestCase.php:61
/var/www/html/tests/Unit/Registry/Contracts/RegistryInterfaceTest.php:23</error>
        </testcase>
      </testsuite>
      <testsuite name="JTD\LaravelMCP\Tests\Unit\Registry\McpRegistryTest" file="/var/www/html/tests/Unit/Registry/McpRegistryTest.php" tests="23" assertions="0" errors="23" failures="0" skipped="0" time="0.000000">
        <testcase name="it_can_be_instantiated" file="/var/www/html/tests/Unit/Registry/McpRegistryTest.php" line="57" class="JTD\LaravelMCP\Tests\Unit\Registry\McpRegistryTest" classname="JTD.LaravelMCP.Tests.Unit.Registry.McpRegistryTest" assertions="0" time="0.000000">
          <error type="Exception">JTD\LaravelMCP\Tests\Unit\Registry\McpRegistryTest::it_can_be_instantiated
Exception: The /var/www/html/vendor/orchestra/testbench-core/laravel/bootstrap/cache directory must be present and writable.

/var/www/html/vendor/laravel/framework/src/Illuminate/Foundation/PackageManifest.php:179
/var/www/html/vendor/orchestra/testbench-core/src/Foundation/PackageManifest.php:157
/var/www/html/vendor/laravel/framework/src/Illuminate/Foundation/PackageManifest.php:132
/var/www/html/vendor/laravel/framework/src/Illuminate/Foundation/PackageManifest.php:108
/var/www/html/vendor/orchestra/testbench-core/src/Foundation/PackageManifest.php:102
/var/www/html/vendor/laravel/framework/src/Illuminate/Foundation/PackageManifest.php:91
/var/www/html/vendor/laravel/framework/src/Illuminate/Foundation/PackageManifest.php:80
/var/www/html/vendor/laravel/framework/src/Illuminate/Foundation/Bootstrap/RegisterFacades.php:26
/var/www/html/vendor/orchestra/testbench-core/src/Concerns/CreatesApplication.php:556
/var/www/html/vendor/orchestra/testbench-core/src/Concerns/CreatesApplication.php:311
/var/www/html/vendor/orchestra/testbench-core/src/TestCase.php:121
/var/www/html/vendor/orchestra/testbench-core/src/Concerns/ApplicationTestingHooks.php:74
/var/www/html/vendor/orchestra/testbench-core/src/Concerns/Testing.php:43
/var/www/html/vendor/laravel/framework/src/Illuminate/Collections/helpers.php:236
/var/www/html/vendor/orchestra/sidekick/src/functions.php:87
/var/www/html/vendor/laravel/framework/src/Illuminate/Collections/helpers.php:236
/var/www/html/vendor/orchestra/testbench-core/src/Concerns/Testing.php:57
/var/www/html/vendor/orchestra/testbench-core/src/TestCase.php:50
/var/www/html/tests/TestCase.php:61
/var/www/html/tests/Unit/Registry/McpRegistryTest.php:43</error>
        </testcase>
        <testcase name="it_initializes_registries" file="/var/www/html/tests/Unit/Registry/McpRegistryTest.php" line="63" class="JTD\LaravelMCP\Tests\Unit\Registry\McpRegistryTest" classname="JTD.LaravelMCP.Tests.Unit.Registry.McpRegistryTest" assertions="0" time="0.000000">
          <error type="Exception">JTD\LaravelMCP\Tests\Unit\Registry\McpRegistryTest::it_initializes_registries
Exception: The /var/www/html/vendor/orchestra/testbench-core/laravel/bootstrap/cache directory must be present and writable.

/var/www/html/vendor/laravel/framework/src/Illuminate/Foundation/PackageManifest.php:179
/var/www/html/vendor/orchestra/testbench-core/src/Foundation/PackageManifest.php:157
/var/www/html/vendor/laravel/framework/src/Illuminate/Foundation/PackageManifest.php:132
/var/www/html/vendor/laravel/framework/src/Illuminate/Foundation/PackageManifest.php:108
/var/www/html/vendor/orchestra/testbench-core/src/Foundation/PackageManifest.php:102
/var/www/html/vendor/laravel/framework/src/Illuminate/Foundation/PackageManifest.php:91
/var/www/html/vendor/laravel/framework/src/Illuminate/Foundation/PackageManifest.php:80
/var/www/html/vendor/laravel/framework/src/Illuminate/Foundation/Bootstrap/RegisterFacades.php:26
/var/www/html/vendor/orchestra/testbench-core/src/Concerns/CreatesApplication.php:556
/var/www/html/vendor/orchestra/testbench-core/src/Concerns/CreatesApplication.php:311
/var/www/html/vendor/orchestra/testbench-core/src/TestCase.php:121
/var/www/html/vendor/orchestra/testbench-core/src/Concerns/ApplicationTestingHooks.php:74
/var/www/html/vendor/orchestra/testbench-core/src/Concerns/Testing.php:43
/var/www/html/vendor/laravel/framework/src/Illuminate/Collections/helpers.php:236
/var/www/html/vendor/orchestra/sidekick/src/functions.php:87
/var/www/html/vendor/laravel/framework/src/Illuminate/Collections/helpers.php:236
/var/www/html/vendor/orchestra/testbench-core/src/Concerns/Testing.php:57
/var/www/html/vendor/orchestra/testbench-core/src/TestCase.php:50
/var/www/html/tests/TestCase.php:61
/var/www/html/tests/Unit/Registry/McpRegistryTest.php:43</error>
        </testcase>
        <testcase name="it_registers_tools_with_type" file="/var/www/html/tests/Unit/Registry/McpRegistryTest.php" line="77" class="JTD\LaravelMCP\Tests\Unit\Registry\McpRegistryTest" classname="JTD.LaravelMCP.Tests.Unit.Registry.McpRegistryTest" assertions="0" time="0.000000">
          <error type="Exception">JTD\LaravelMCP\Tests\Unit\Registry\McpRegistryTest::it_registers_tools_with_type
Exception: The /var/www/html/vendor/orchestra/testbench-core/laravel/bootstrap/cache directory must be present and writable.

/var/www/html/vendor/laravel/framework/src/Illuminate/Foundation/PackageManifest.php:179
/var/www/html/vendor/orchestra/testbench-core/src/Foundation/PackageManifest.php:157
/var/www/html/vendor/laravel/framework/src/Illuminate/Foundation/PackageManifest.php:132
/var/www/html/vendor/laravel/framework/src/Illuminate/Foundation/PackageManifest.php:108
/var/www/html/vendor/orchestra/testbench-core/src/Foundation/PackageManifest.php:102
/var/www/html/vendor/laravel/framework/src/Illuminate/Foundation/PackageManifest.php:91
/var/www/html/vendor/laravel/framework/src/Illuminate/Foundation/PackageManifest.php:80
/var/www/html/vendor/laravel/framework/src/Illuminate/Foundation/Bootstrap/RegisterFacades.php:26
/var/www/html/vendor/orchestra/testbench-core/src/Concerns/CreatesApplication.php:556
/var/www/html/vendor/orchestra/testbench-core/src/Concerns/CreatesApplication.php:311
/var/www/html/vendor/orchestra/testbench-core/src/TestCase.php:121
/var/www/html/vendor/orchestra/testbench-core/src/Concerns/ApplicationTestingHooks.php:74
/var/www/html/vendor/orchestra/testbench-core/src/Concerns/Testing.php:43
/var/www/html/vendor/laravel/framework/src/Illuminate/Collections/helpers.php:236
/var/www/html/vendor/orchestra/sidekick/src/functions.php:87
/var/www/html/vendor/laravel/framework/src/Illuminate/Collections/helpers.php:236
/var/www/html/vendor/orchestra/testbench-core/src/Concerns/Testing.php:57
/var/www/html/vendor/orchestra/testbench-core/src/TestCase.php:50
/var/www/html/tests/TestCase.php:61
/var/www/html/tests/Unit/Registry/McpRegistryTest.php:43</error>
        </testcase>
        <testcase name="it_registers_resources_with_type" file="/var/www/html/tests/Unit/Registry/McpRegistryTest.php" line="90" class="JTD\LaravelMCP\Tests\Unit\Registry\McpRegistryTest" classname="JTD.LaravelMCP.Tests.Unit.Registry.McpRegistryTest" assertions="0" time="0.000000">
          <error type="Exception">JTD\LaravelMCP\Tests\Unit\Registry\McpRegistryTest::it_registers_resources_with_type
Exception: The /var/www/html/vendor/orchestra/testbench-core/laravel/bootstrap/cache directory must be present and writable.

/var/www/html/vendor/laravel/framework/src/Illuminate/Foundation/PackageManifest.php:179
/var/www/html/vendor/orchestra/testbench-core/src/Foundation/PackageManifest.php:157
/var/www/html/vendor/laravel/framework/src/Illuminate/Foundation/PackageManifest.php:132
/var/www/html/vendor/laravel/framework/src/Illuminate/Foundation/PackageManifest.php:108
/var/www/html/vendor/orchestra/testbench-core/src/Foundation/PackageManifest.php:102
/var/www/html/vendor/laravel/framework/src/Illuminate/Foundation/PackageManifest.php:91
/var/www/html/vendor/laravel/framework/src/Illuminate/Foundation/PackageManifest.php:80
/var/www/html/vendor/laravel/framework/src/Illuminate/Foundation/Bootstrap/RegisterFacades.php:26
/var/www/html/vendor/orchestra/testbench-core/src/Concerns/CreatesApplication.php:556
/var/www/html/vendor/orchestra/testbench-core/src/Concerns/CreatesApplication.php:311
/var/www/html/vendor/orchestra/testbench-core/src/TestCase.php:121
/var/www/html/vendor/orchestra/testbench-core/src/Concerns/ApplicationTestingHooks.php:74
/var/www/html/vendor/orchestra/testbench-core/src/Concerns/Testing.php:43
/var/www/html/vendor/laravel/framework/src/Illuminate/Collections/helpers.php:236
/var/www/html/vendor/orchestra/sidekick/src/functions.php:87
/var/www/html/vendor/laravel/framework/src/Illuminate/Collections/helpers.php:236
/var/www/html/vendor/orchestra/testbench-core/src/Concerns/Testing.php:57
/var/www/html/vendor/orchestra/testbench-core/src/TestCase.php:50
/var/www/html/tests/TestCase.php:61
/var/www/html/tests/Unit/Registry/McpRegistryTest.php:43</error>
        </testcase>
        <testcase name="it_registers_prompts_with_type" file="/var/www/html/tests/Unit/Registry/McpRegistryTest.php" line="102" class="JTD\LaravelMCP\Tests\Unit\Registry\McpRegistryTest" classname="JTD.LaravelMCP.Tests.Unit.Registry.McpRegistryTest" assertions="0" time="0.000000">
          <error type="Exception">JTD\LaravelMCP\Tests\Unit\Registry\McpRegistryTest::it_registers_prompts_with_type
Exception: The /var/www/html/vendor/orchestra/testbench-core/laravel/bootstrap/cache directory must be present and writable.

/var/www/html/vendor/laravel/framework/src/Illuminate/Foundation/PackageManifest.php:179
/var/www/html/vendor/orchestra/testbench-core/src/Foundation/PackageManifest.php:157
/var/www/html/vendor/laravel/framework/src/Illuminate/Foundation/PackageManifest.php:132
/var/www/html/vendor/laravel/framework/src/Illuminate/Foundation/PackageManifest.php:108
/var/www/html/vendor/orchestra/testbench-core/src/Foundation/PackageManifest.php:102
/var/www/html/vendor/laravel/framework/src/Illuminate/Foundation/PackageManifest.php:91
/var/www/html/vendor/laravel/framework/src/Illuminate/Foundation/PackageManifest.php:80
/var/www/html/vendor/laravel/framework/src/Illuminate/Foundation/Bootstrap/RegisterFacades.php:26
/var/www/html/vendor/orchestra/testbench-core/src/Concerns/CreatesApplication.php:556
/var/www/html/vendor/orchestra/testbench-core/src/Concerns/CreatesApplication.php:311
/var/www/html/vendor/orchestra/testbench-core/src/TestCase.php:121
/var/www/html/vendor/orchestra/testbench-core/src/Concerns/ApplicationTestingHooks.php:74
/var/www/html/vendor/orchestra/testbench-core/src/Concerns/Testing.php:43
/var/www/html/vendor/laravel/framework/src/Illuminate/Collections/helpers.php:236
/var/www/html/vendor/orchestra/sidekick/src/functions.php:87
/var/www/html/vendor/laravel/framework/src/Illuminate/Collections/helpers.php:236
/var/www/html/vendor/orchestra/testbench-core/src/Concerns/Testing.php:57
/var/www/html/vendor/orchestra/testbench-core/src/TestCase.php:50
/var/www/html/tests/TestCase.php:61
/var/www/html/tests/Unit/Registry/McpRegistryTest.php:43</error>
        </testcase>
        <testcase name="it_throws_exception_for_invalid_type" file="/var/www/html/tests/Unit/Registry/McpRegistryTest.php" line="114" class="JTD\LaravelMCP\Tests\Unit\Registry\McpRegistryTest" classname="JTD.LaravelMCP.Tests.Unit.Registry.McpRegistryTest" assertions="0" time="0.000000">
          <error type="Exception">JTD\LaravelMCP\Tests\Unit\Registry\McpRegistryTest::it_throws_exception_for_invalid_type
Exception: The /var/www/html/vendor/orchestra/testbench-core/laravel/bootstrap/cache directory must be present and writable.

/var/www/html/vendor/laravel/framework/src/Illuminate/Foundation/PackageManifest.php:179
/var/www/html/vendor/orchestra/testbench-core/src/Foundation/PackageManifest.php:157
/var/www/html/vendor/laravel/framework/src/Illuminate/Foundation/PackageManifest.php:132
/var/www/html/vendor/laravel/framework/src/Illuminate/Foundation/PackageManifest.php:108
/var/www/html/vendor/orchestra/testbench-core/src/Foundation/PackageManifest.php:102
/var/www/html/vendor/laravel/framework/src/Illuminate/Foundation/PackageManifest.php:91
/var/www/html/vendor/laravel/framework/src/Illuminate/Foundation/PackageManifest.php:80
/var/www/html/vendor/laravel/framework/src/Illuminate/Foundation/Bootstrap/RegisterFacades.php:26
/var/www/html/vendor/orchestra/testbench-core/src/Concerns/CreatesApplication.php:556
/var/www/html/vendor/orchestra/testbench-core/src/Concerns/CreatesApplication.php:311
/var/www/html/vendor/orchestra/testbench-core/src/TestCase.php:121
/var/www/html/vendor/orchestra/testbench-core/src/Concerns/ApplicationTestingHooks.php:74
/var/www/html/vendor/orchestra/testbench-core/src/Concerns/Testing.php:43
/var/www/html/vendor/laravel/framework/src/Illuminate/Collections/helpers.php:236
/var/www/html/vendor/orchestra/sidekick/src/functions.php:87
/var/www/html/vendor/laravel/framework/src/Illuminate/Collections/helpers.php:236
/var/www/html/vendor/orchestra/testbench-core/src/Concerns/Testing.php:57
/var/www/html/vendor/orchestra/testbench-core/src/TestCase.php:50
/var/www/html/tests/TestCase.php:61
/var/www/html/tests/Unit/Registry/McpRegistryTest.php:43</error>
        </testcase>
        <testcase name="it_validates_empty_component_name" file="/var/www/html/tests/Unit/Registry/McpRegistryTest.php" line="123" class="JTD\LaravelMCP\Tests\Unit\Registry\McpRegistryTest" classname="JTD.LaravelMCP.Tests.Unit.Registry.McpRegistryTest" assertions="0" time="0.000000">
          <error type="Exception">JTD\LaravelMCP\Tests\Unit\Registry\McpRegistryTest::it_validates_empty_component_name
Exception: The /var/www/html/vendor/orchestra/testbench-core/laravel/bootstrap/cache directory must be present and writable.

/var/www/html/vendor/laravel/framework/src/Illuminate/Foundation/PackageManifest.php:179
/var/www/html/vendor/orchestra/testbench-core/src/Foundation/PackageManifest.php:157
/var/www/html/vendor/laravel/framework/src/Illuminate/Foundation/PackageManifest.php:132
/var/www/html/vendor/laravel/framework/src/Illuminate/Foundation/PackageManifest.php:108
/var/www/html/vendor/orchestra/testbench-core/src/Foundation/PackageManifest.php:102
/var/www/html/vendor/laravel/framework/src/Illuminate/Foundation/PackageManifest.php:91
/var/www/html/vendor/laravel/framework/src/Illuminate/Foundation/PackageManifest.php:80
/var/www/html/vendor/laravel/framework/src/Illuminate/Foundation/Bootstrap/RegisterFacades.php:26
/var/www/html/vendor/orchestra/testbench-core/src/Concerns/CreatesApplication.php:556
/var/www/html/vendor/orchestra/testbench-core/src/Concerns/CreatesApplication.php:311
/var/www/html/vendor/orchestra/testbench-core/src/TestCase.php:121
/var/www/html/vendor/orchestra/testbench-core/src/Concerns/ApplicationTestingHooks.php:74
/var/www/html/vendor/orchestra/testbench-core/src/Concerns/Testing.php:43
/var/www/html/vendor/laravel/framework/src/Illuminate/Collections/helpers.php:236
/var/www/html/vendor/orchestra/sidekick/src/functions.php:87
/var/www/html/vendor/laravel/framework/src/Illuminate/Collections/helpers.php:236
/var/www/html/vendor/orchestra/testbench-core/src/Concerns/Testing.php:57
/var/www/html/vendor/orchestra/testbench-core/src/TestCase.php:50
/var/www/html/tests/TestCase.php:61
/var/www/html/tests/Unit/Registry/McpRegistryTest.php:43</error>
        </testcase>
        <testcase name="it_validates_non_existent_handler_class" file="/var/www/html/tests/Unit/Registry/McpRegistryTest.php" line="132" class="JTD\LaravelMCP\Tests\Unit\Registry\McpRegistryTest" classname="JTD.LaravelMCP.Tests.Unit.Registry.McpRegistryTest" assertions="0" time="0.000000">
          <error type="Exception">JTD\LaravelMCP\Tests\Unit\Registry\McpRegistryTest::it_validates_non_existent_handler_class
Exception: The /var/www/html/vendor/orchestra/testbench-core/laravel/bootstrap/cache directory must be present and writable.

/var/www/html/vendor/laravel/framework/src/Illuminate/Foundation/PackageManifest.php:179
/var/www/html/vendor/orchestra/testbench-core/src/Foundation/PackageManifest.php:157
/var/www/html/vendor/laravel/framework/src/Illuminate/Foundation/PackageManifest.php:132
/var/www/html/vendor/laravel/framework/src/Illuminate/Foundation/PackageManifest.php:108
/var/www/html/vendor/orchestra/testbench-core/src/Foundation/PackageManifest.php:102
/var/www/html/vendor/laravel/framework/src/Illuminate/Foundation/PackageManifest.php:91
/var/www/html/vendor/laravel/framework/src/Illuminate/Foundation/PackageManifest.php:80
/var/www/html/vendor/laravel/framework/src/Illuminate/Foundation/Bootstrap/RegisterFacades.php:26
/var/www/html/vendor/orchestra/testbench-core/src/Concerns/CreatesApplication.php:556
/var/www/html/vendor/orchestra/testbench-core/src/Concerns/CreatesApplication.php:311
/var/www/html/vendor/orchestra/testbench-core/src/TestCase.php:121
/var/www/html/vendor/orchestra/testbench-core/src/Concerns/ApplicationTestingHooks.php:74
/var/www/html/vendor/orchestra/testbench-core/src/Concerns/Testing.php:43
/var/www/html/vendor/laravel/framework/src/Illuminate/Collections/helpers.php:236
/var/www/html/vendor/orchestra/sidekick/src/functions.php:87
/var/www/html/vendor/laravel/framework/src/Illuminate/Collections/helpers.php:236
/var/www/html/vendor/orchestra/testbench-core/src/Concerns/Testing.php:57
/var/www/html/vendor/orchestra/testbench-core/src/TestCase.php:50
/var/www/html/tests/TestCase.php:61
/var/www/html/tests/Unit/Registry/McpRegistryTest.php:43</error>
        </testcase>
        <testcase name="it_validates_handler_extends_correct_base_class" file="/var/www/html/tests/Unit/Registry/McpRegistryTest.php" line="144" class="JTD\LaravelMCP\Tests\Unit\Registry\McpRegistryTest" classname="JTD.LaravelMCP.Tests.Unit.Registry.McpRegistryTest" assertions="0" time="0.000000">
          <error type="Exception">JTD\LaravelMCP\Tests\Unit\Registry\McpRegistryTest::it_validates_handler_extends_correct_base_class
Exception: The /var/www/html/vendor/orchestra/testbench-core/laravel/bootstrap/cache directory must be present and writable.

/var/www/html/vendor/laravel/framework/src/Illuminate/Foundation/PackageManifest.php:179
/var/www/html/vendor/orchestra/testbench-core/src/Foundation/PackageManifest.php:157
/var/www/html/vendor/laravel/framework/src/Illuminate/Foundation/PackageManifest.php:132
/var/www/html/vendor/laravel/framework/src/Illuminate/Foundation/PackageManifest.php:108
/var/www/html/vendor/orchestra/testbench-core/src/Foundation/PackageManifest.php:102
/var/www/html/vendor/laravel/framework/src/Illuminate/Foundation/PackageManifest.php:91
/var/www/html/vendor/laravel/framework/src/Illuminate/Foundation/PackageManifest.php:80
/var/www/html/vendor/laravel/framework/src/Illuminate/Foundation/Bootstrap/RegisterFacades.php:26
/var/www/html/vendor/orchestra/testbench-core/src/Concerns/CreatesApplication.php:556
/var/www/html/vendor/orchestra/testbench-core/src/Concerns/CreatesApplication.php:311
/var/www/html/vendor/orchestra/testbench-core/src/TestCase.php:121
/var/www/html/vendor/orchestra/testbench-core/src/Concerns/ApplicationTestingHooks.php:74
/var/www/html/vendor/orchestra/testbench-core/src/Concerns/Testing.php:43
/var/www/html/vendor/laravel/framework/src/Illuminate/Collections/helpers.php:236
/var/www/html/vendor/orchestra/sidekick/src/functions.php:87
/var/www/html/vendor/laravel/framework/src/Illuminate/Collections/helpers.php:236
/var/www/html/vendor/orchestra/testbench-core/src/Concerns/Testing.php:57
/var/www/html/vendor/orchestra/testbench-core/src/TestCase.php:50
/var/www/html/tests/TestCase.php:61
/var/www/html/tests/Unit/Registry/McpRegistryTest.php:43</error>
        </testcase>
        <testcase name="it_gets_tool_from_registry" file="/var/www/html/tests/Unit/Registry/McpRegistryTest.php" line="164" class="JTD\LaravelMCP\Tests\Unit\Registry\McpRegistryTest" classname="JTD.LaravelMCP.Tests.Unit.Registry.McpRegistryTest" assertions="0" time="0.000000">
          <error type="Exception">JTD\LaravelMCP\Tests\Unit\Registry\McpRegistryTest::it_gets_tool_from_registry
Exception: The /var/www/html/vendor/orchestra/testbench-core/laravel/bootstrap/cache directory must be present and writable.

/var/www/html/vendor/laravel/framework/src/Illuminate/Foundation/PackageManifest.php:179
/var/www/html/vendor/orchestra/testbench-core/src/Foundation/PackageManifest.php:157
/var/www/html/vendor/laravel/framework/src/Illuminate/Foundation/PackageManifest.php:132
/var/www/html/vendor/laravel/framework/src/Illuminate/Foundation/PackageManifest.php:108
/var/www/html/vendor/orchestra/testbench-core/src/Foundation/PackageManifest.php:102
/var/www/html/vendor/laravel/framework/src/Illuminate/Foundation/PackageManifest.php:91
/var/www/html/vendor/laravel/framework/src/Illuminate/Foundation/PackageManifest.php:80
/var/www/html/vendor/laravel/framework/src/Illuminate/Foundation/Bootstrap/RegisterFacades.php:26
/var/www/html/vendor/orchestra/testbench-core/src/Concerns/CreatesApplication.php:556
/var/www/html/vendor/orchestra/testbench-core/src/Concerns/CreatesApplication.php:311
/var/www/html/vendor/orchestra/testbench-core/src/TestCase.php:121
/var/www/html/vendor/orchestra/testbench-core/src/Concerns/ApplicationTestingHooks.php:74
/var/www/html/vendor/orchestra/testbench-core/src/Concerns/Testing.php:43
/var/www/html/vendor/laravel/framework/src/Illuminate/Collections/helpers.php:236
/var/www/html/vendor/orchestra/sidekick/src/functions.php:87
/var/www/html/vendor/laravel/framework/src/Illuminate/Collections/helpers.php:236
/var/www/html/vendor/orchestra/testbench-core/src/Concerns/Testing.php:57
/var/www/html/vendor/orchestra/testbench-core/src/TestCase.php:50
/var/www/html/tests/TestCase.php:61
/var/www/html/tests/Unit/Registry/McpRegistryTest.php:43</error>
        </testcase>
        <testcase name="it_gets_resource_from_registry" file="/var/www/html/tests/Unit/Registry/McpRegistryTest.php" line="179" class="JTD\LaravelMCP\Tests\Unit\Registry\McpRegistryTest" classname="JTD.LaravelMCP.Tests.Unit.Registry.McpRegistryTest" assertions="0" time="0.000000">
          <error type="Exception">JTD\LaravelMCP\Tests\Unit\Registry\McpRegistryTest::it_gets_resource_from_registry
Exception: The /var/www/html/vendor/orchestra/testbench-core/laravel/bootstrap/cache directory must be present and writable.

/var/www/html/vendor/laravel/framework/src/Illuminate/Foundation/PackageManifest.php:179
/var/www/html/vendor/orchestra/testbench-core/src/Foundation/PackageManifest.php:157
/var/www/html/vendor/laravel/framework/src/Illuminate/Foundation/PackageManifest.php:132
/var/www/html/vendor/laravel/framework/src/Illuminate/Foundation/PackageManifest.php:108
/var/www/html/vendor/orchestra/testbench-core/src/Foundation/PackageManifest.php:102
/var/www/html/vendor/laravel/framework/src/Illuminate/Foundation/PackageManifest.php:91
/var/www/html/vendor/laravel/framework/src/Illuminate/Foundation/PackageManifest.php:80
/var/www/html/vendor/laravel/framework/src/Illuminate/Foundation/Bootstrap/RegisterFacades.php:26
/var/www/html/vendor/orchestra/testbench-core/src/Concerns/CreatesApplication.php:556
/var/www/html/vendor/orchestra/testbench-core/src/Concerns/CreatesApplication.php:311
/var/www/html/vendor/orchestra/testbench-core/src/TestCase.php:121
/var/www/html/vendor/orchestra/testbench-core/src/Concerns/ApplicationTestingHooks.php:74
/var/www/html/vendor/orchestra/testbench-core/src/Concerns/Testing.php:43
/var/www/html/vendor/laravel/framework/src/Illuminate/Collections/helpers.php:236
/var/www/html/vendor/orchestra/sidekick/src/functions.php:87
/var/www/html/vendor/laravel/framework/src/Illuminate/Collections/helpers.php:236
/var/www/html/vendor/orchestra/testbench-core/src/Concerns/Testing.php:57
/var/www/html/vendor/orchestra/testbench-core/src/TestCase.php:50
/var/www/html/tests/TestCase.php:61
/var/www/html/tests/Unit/Registry/McpRegistryTest.php:43</error>
        </testcase>
        <testcase name="it_gets_prompt_from_registry" file="/var/www/html/tests/Unit/Registry/McpRegistryTest.php" line="194" class="JTD\LaravelMCP\Tests\Unit\Registry\McpRegistryTest" classname="JTD.LaravelMCP.Tests.Unit.Registry.McpRegistryTest" assertions="0" time="0.000000">
          <error type="Exception">JTD\LaravelMCP\Tests\Unit\Registry\McpRegistryTest::it_gets_prompt_from_registry
Exception: The /var/www/html/vendor/orchestra/testbench-core/laravel/bootstrap/cache directory must be present and writable.

/var/www/html/vendor/laravel/framework/src/Illuminate/Foundation/PackageManifest.php:179
/var/www/html/vendor/orchestra/testbench-core/src/Foundation/PackageManifest.php:157
/var/www/html/vendor/laravel/framework/src/Illuminate/Foundation/PackageManifest.php:132
/var/www/html/vendor/laravel/framework/src/Illuminate/Foundation/PackageManifest.php:108
/var/www/html/vendor/orchestra/testbench-core/src/Foundation/PackageManifest.php:102
/var/www/html/vendor/laravel/framework/src/Illuminate/Foundation/PackageManifest.php:91
/var/www/html/vendor/laravel/framework/src/Illuminate/Foundation/PackageManifest.php:80
/var/www/html/vendor/laravel/framework/src/Illuminate/Foundation/Bootstrap/RegisterFacades.php:26
/var/www/html/vendor/orchestra/testbench-core/src/Concerns/CreatesApplication.php:556
/var/www/html/vendor/orchestra/testbench-core/src/Concerns/CreatesApplication.php:311
/var/www/html/vendor/orchestra/testbench-core/src/TestCase.php:121
/var/www/html/vendor/orchestra/testbench-core/src/Concerns/ApplicationTestingHooks.php:74
/var/www/html/vendor/orchestra/testbench-core/src/Concerns/Testing.php:43
/var/www/html/vendor/laravel/framework/src/Illuminate/Collections/helpers.php:236
/var/www/html/vendor/orchestra/sidekick/src/functions.php:87
/var/www/html/vendor/laravel/framework/src/Illuminate/Collections/helpers.php:236
/var/www/html/vendor/orchestra/testbench-core/src/Concerns/Testing.php:57
/var/www/html/vendor/orchestra/testbench-core/src/TestCase.php:50
/var/www/html/tests/TestCase.php:61
/var/www/html/tests/Unit/Registry/McpRegistryTest.php:43</error>
        </testcase>
        <testcase name="it_lists_all_tools" file="/var/www/html/tests/Unit/Registry/McpRegistryTest.php" line="209" class="JTD\LaravelMCP\Tests\Unit\Registry\McpRegistryTest" classname="JTD.LaravelMCP.Tests.Unit.Registry.McpRegistryTest" assertions="0" time="0.000000">
          <error type="Exception">JTD\LaravelMCP\Tests\Unit\Registry\McpRegistryTest::it_lists_all_tools
Exception: The /var/www/html/vendor/orchestra/testbench-core/laravel/bootstrap/cache directory must be present and writable.

/var/www/html/vendor/laravel/framework/src/Illuminate/Foundation/PackageManifest.php:179
/var/www/html/vendor/orchestra/testbench-core/src/Foundation/PackageManifest.php:157
/var/www/html/vendor/laravel/framework/src/Illuminate/Foundation/PackageManifest.php:132
/var/www/html/vendor/laravel/framework/src/Illuminate/Foundation/PackageManifest.php:108
/var/www/html/vendor/orchestra/testbench-core/src/Foundation/PackageManifest.php:102
/var/www/html/vendor/laravel/framework/src/Illuminate/Foundation/PackageManifest.php:91
/var/www/html/vendor/laravel/framework/src/Illuminate/Foundation/PackageManifest.php:80
/var/www/html/vendor/laravel/framework/src/Illuminate/Foundation/Bootstrap/RegisterFacades.php:26
/var/www/html/vendor/orchestra/testbench-core/src/Concerns/CreatesApplication.php:556
/var/www/html/vendor/orchestra/testbench-core/src/Concerns/CreatesApplication.php:311
/var/www/html/vendor/orchestra/testbench-core/src/TestCase.php:121
/var/www/html/vendor/orchestra/testbench-core/src/Concerns/ApplicationTestingHooks.php:74
/var/www/html/vendor/orchestra/testbench-core/src/Concerns/Testing.php:43
/var/www/html/vendor/laravel/framework/src/Illuminate/Collections/helpers.php:236
/var/www/html/vendor/orchestra/sidekick/src/functions.php:87
/var/www/html/vendor/laravel/framework/src/Illuminate/Collections/helpers.php:236
/var/www/html/vendor/orchestra/testbench-core/src/Concerns/Testing.php:57
/var/www/html/vendor/orchestra/testbench-core/src/TestCase.php:50
/var/www/html/tests/TestCase.php:61
/var/www/html/tests/Unit/Registry/McpRegistryTest.php:43</error>
        </testcase>
        <testcase name="it_lists_all_resources" file="/var/www/html/tests/Unit/Registry/McpRegistryTest.php" line="223" class="JTD\LaravelMCP\Tests\Unit\Registry\McpRegistryTest" classname="JTD.LaravelMCP.Tests.Unit.Registry.McpRegistryTest" assertions="0" time="0.000000">
          <error type="Exception">JTD\LaravelMCP\Tests\Unit\Registry\McpRegistryTest::it_lists_all_resources
Exception: The /var/www/html/vendor/orchestra/testbench-core/laravel/bootstrap/cache directory must be present and writable.

/var/www/html/vendor/laravel/framework/src/Illuminate/Foundation/PackageManifest.php:179
/var/www/html/vendor/orchestra/testbench-core/src/Foundation/PackageManifest.php:157
/var/www/html/vendor/laravel/framework/src/Illuminate/Foundation/PackageManifest.php:132
/var/www/html/vendor/laravel/framework/src/Illuminate/Foundation/PackageManifest.php:108
/var/www/html/vendor/orchestra/testbench-core/src/Foundation/PackageManifest.php:102
/var/www/html/vendor/laravel/framework/src/Illuminate/Foundation/PackageManifest.php:91
/var/www/html/vendor/laravel/framework/src/Illuminate/Foundation/PackageManifest.php:80
/var/www/html/vendor/laravel/framework/src/Illuminate/Foundation/Bootstrap/RegisterFacades.php:26
/var/www/html/vendor/orchestra/testbench-core/src/Concerns/CreatesApplication.php:556
/var/www/html/vendor/orchestra/testbench-core/src/Concerns/CreatesApplication.php:311
/var/www/html/vendor/orchestra/testbench-core/src/TestCase.php:121
/var/www/html/vendor/orchestra/testbench-core/src/Concerns/ApplicationTestingHooks.php:74
/var/www/html/vendor/orchestra/testbench-core/src/Concerns/Testing.php:43
/var/www/html/vendor/laravel/framework/src/Illuminate/Collections/helpers.php:236
/var/www/html/vendor/orchestra/sidekick/src/functions.php:87
/var/www/html/vendor/laravel/framework/src/Illuminate/Collections/helpers.php:236
/var/www/html/vendor/orchestra/testbench-core/src/Concerns/Testing.php:57
/var/www/html/vendor/orchestra/testbench-core/src/TestCase.php:50
/var/www/html/tests/TestCase.php:61
/var/www/html/tests/Unit/Registry/McpRegistryTest.php:43</error>
        </testcase>
        <testcase name="it_lists_all_prompts" file="/var/www/html/tests/Unit/Registry/McpRegistryTest.php" line="237" class="JTD\LaravelMCP\Tests\Unit\Registry\McpRegistryTest" classname="JTD.LaravelMCP.Tests.Unit.Registry.McpRegistryTest" assertions="0" time="0.000000">
          <error type="Exception">JTD\LaravelMCP\Tests\Unit\Registry\McpRegistryTest::it_lists_all_prompts
Exception: The /var/www/html/vendor/orchestra/testbench-core/laravel/bootstrap/cache directory must be present and writable.

/var/www/html/vendor/laravel/framework/src/Illuminate/Foundation/PackageManifest.php:179
/var/www/html/vendor/orchestra/testbench-core/src/Foundation/PackageManifest.php:157
/var/www/html/vendor/laravel/framework/src/Illuminate/Foundation/PackageManifest.php:132
/var/www/html/vendor/laravel/framework/src/Illuminate/Foundation/PackageManifest.php:108
/var/www/html/vendor/orchestra/testbench-core/src/Foundation/PackageManifest.php:102
/var/www/html/vendor/laravel/framework/src/Illuminate/Foundation/PackageManifest.php:91
/var/www/html/vendor/laravel/framework/src/Illuminate/Foundation/PackageManifest.php:80
/var/www/html/vendor/laravel/framework/src/Illuminate/Foundation/Bootstrap/RegisterFacades.php:26
/var/www/html/vendor/orchestra/testbench-core/src/Concerns/CreatesApplication.php:556
/var/www/html/vendor/orchestra/testbench-core/src/Concerns/CreatesApplication.php:311
/var/www/html/vendor/orchestra/testbench-core/src/TestCase.php:121
/var/www/html/vendor/orchestra/testbench-core/src/Concerns/ApplicationTestingHooks.php:74
/var/www/html/vendor/orchestra/testbench-core/src/Concerns/Testing.php:43
/var/www/html/vendor/laravel/framework/src/Illuminate/Collections/helpers.php:236
/var/www/html/vendor/orchestra/sidekick/src/functions.php:87
/var/www/html/vendor/laravel/framework/src/Illuminate/Collections/helpers.php:236
/var/www/html/vendor/orchestra/testbench-core/src/Concerns/Testing.php:57
/var/www/html/vendor/orchestra/testbench-core/src/TestCase.php:50
/var/www/html/tests/TestCase.php:61
/var/www/html/tests/Unit/Registry/McpRegistryTest.php:43</error>
        </testcase>
        <testcase name="it_checks_if_tool_exists" file="/var/www/html/tests/Unit/Registry/McpRegistryTest.php" line="251" class="JTD\LaravelMCP\Tests\Unit\Registry\McpRegistryTest" classname="JTD.LaravelMCP.Tests.Unit.Registry.McpRegistryTest" assertions="0" time="0.000000">
          <error type="Exception">JTD\LaravelMCP\Tests\Unit\Registry\McpRegistryTest::it_checks_if_tool_exists
Exception: The /var/www/html/vendor/orchestra/testbench-core/laravel/bootstrap/cache directory must be present and writable.

/var/www/html/vendor/laravel/framework/src/Illuminate/Foundation/PackageManifest.php:179
/var/www/html/vendor/orchestra/testbench-core/src/Foundation/PackageManifest.php:157
/var/www/html/vendor/laravel/framework/src/Illuminate/Foundation/PackageManifest.php:132
/var/www/html/vendor/laravel/framework/src/Illuminate/Foundation/PackageManifest.php:108
/var/www/html/vendor/orchestra/testbench-core/src/Foundation/PackageManifest.php:102
/var/www/html/vendor/laravel/framework/src/Illuminate/Foundation/PackageManifest.php:91
/var/www/html/vendor/laravel/framework/src/Illuminate/Foundation/PackageManifest.php:80
/var/www/html/vendor/laravel/framework/src/Illuminate/Foundation/Bootstrap/RegisterFacades.php:26
/var/www/html/vendor/orchestra/testbench-core/src/Concerns/CreatesApplication.php:556
/var/www/html/vendor/orchestra/testbench-core/src/Concerns/CreatesApplication.php:311
/var/www/html/vendor/orchestra/testbench-core/src/TestCase.php:121
/var/www/html/vendor/orchestra/testbench-core/src/Concerns/ApplicationTestingHooks.php:74
/var/www/html/vendor/orchestra/testbench-core/src/Concerns/Testing.php:43
/var/www/html/vendor/laravel/framework/src/Illuminate/Collections/helpers.php:236
/var/www/html/vendor/orchestra/sidekick/src/functions.php:87
/var/www/html/vendor/laravel/framework/src/Illuminate/Collections/helpers.php:236
/var/www/html/vendor/orchestra/testbench-core/src/Concerns/Testing.php:57
/var/www/html/vendor/orchestra/testbench-core/src/TestCase.php:50
/var/www/html/tests/TestCase.php:61
/var/www/html/tests/Unit/Registry/McpRegistryTest.php:43</error>
        </testcase>
        <testcase name="it_checks_if_resource_exists" file="/var/www/html/tests/Unit/Registry/McpRegistryTest.php" line="264" class="JTD\LaravelMCP\Tests\Unit\Registry\McpRegistryTest" classname="JTD.LaravelMCP.Tests.Unit.Registry.McpRegistryTest" assertions="0" time="0.000000">
          <error type="Exception">JTD\LaravelMCP\Tests\Unit\Registry\McpRegistryTest::it_checks_if_resource_exists
Exception: The /var/www/html/vendor/orchestra/testbench-core/laravel/bootstrap/cache directory must be present and writable.

/var/www/html/vendor/laravel/framework/src/Illuminate/Foundation/PackageManifest.php:179
/var/www/html/vendor/orchestra/testbench-core/src/Foundation/PackageManifest.php:157
/var/www/html/vendor/laravel/framework/src/Illuminate/Foundation/PackageManifest.php:132
/var/www/html/vendor/laravel/framework/src/Illuminate/Foundation/PackageManifest.php:108
/var/www/html/vendor/orchestra/testbench-core/src/Foundation/PackageManifest.php:102
/var/www/html/vendor/laravel/framework/src/Illuminate/Foundation/PackageManifest.php:91
/var/www/html/vendor/laravel/framework/src/Illuminate/Foundation/PackageManifest.php:80
/var/www/html/vendor/laravel/framework/src/Illuminate/Foundation/Bootstrap/RegisterFacades.php:26
/var/www/html/vendor/orchestra/testbench-core/src/Concerns/CreatesApplication.php:556
/var/www/html/vendor/orchestra/testbench-core/src/Concerns/CreatesApplication.php:311
/var/www/html/vendor/orchestra/testbench-core/src/TestCase.php:121
/var/www/html/vendor/orchestra/testbench-core/src/Concerns/ApplicationTestingHooks.php:74
/var/www/html/vendor/orchestra/testbench-core/src/Concerns/Testing.php:43
/var/www/html/vendor/laravel/framework/src/Illuminate/Collections/helpers.php:236
/var/www/html/vendor/orchestra/sidekick/src/functions.php:87
/var/www/html/vendor/laravel/framework/src/Illuminate/Collections/helpers.php:236
/var/www/html/vendor/orchestra/testbench-core/src/Concerns/Testing.php:57
/var/www/html/vendor/orchestra/testbench-core/src/TestCase.php:50
/var/www/html/tests/TestCase.php:61
/var/www/html/tests/Unit/Registry/McpRegistryTest.php:43</error>
        </testcase>
        <testcase name="it_checks_if_prompt_exists" file="/var/www/html/tests/Unit/Registry/McpRegistryTest.php" line="277" class="JTD\LaravelMCP\Tests\Unit\Registry\McpRegistryTest" classname="JTD.LaravelMCP.Tests.Unit.Registry.McpRegistryTest" assertions="0" time="0.000000">
          <error type="Exception">JTD\LaravelMCP\Tests\Unit\Registry\McpRegistryTest::it_checks_if_prompt_exists
Exception: The /var/www/html/vendor/orchestra/testbench-core/laravel/bootstrap/cache directory must be present and writable.

/var/www/html/vendor/laravel/framework/src/Illuminate/Foundation/PackageManifest.php:179
/var/www/html/vendor/orchestra/testbench-core/src/Foundation/PackageManifest.php:157
/var/www/html/vendor/laravel/framework/src/Illuminate/Foundation/PackageManifest.php:132
/var/www/html/vendor/laravel/framework/src/Illuminate/Foundation/PackageManifest.php:108
/var/www/html/vendor/orchestra/testbench-core/src/Foundation/PackageManifest.php:102
/var/www/html/vendor/laravel/framework/src/Illuminate/Foundation/PackageManifest.php:91
/var/www/html/vendor/laravel/framework/src/Illuminate/Foundation/PackageManifest.php:80
/var/www/html/vendor/laravel/framework/src/Illuminate/Foundation/Bootstrap/RegisterFacades.php:26
/var/www/html/vendor/orchestra/testbench-core/src/Concerns/CreatesApplication.php:556
/var/www/html/vendor/orchestra/testbench-core/src/Concerns/CreatesApplication.php:311
/var/www/html/vendor/orchestra/testbench-core/src/TestCase.php:121
/var/www/html/vendor/orchestra/testbench-core/src/Concerns/ApplicationTestingHooks.php:74
/var/www/html/vendor/orchestra/testbench-core/src/Concerns/Testing.php:43
/var/www/html/vendor/laravel/framework/src/Illuminate/Collections/helpers.php:236
/var/www/html/vendor/orchestra/sidekick/src/functions.php:87
/var/www/html/vendor/laravel/framework/src/Illuminate/Collections/helpers.php:236
/var/www/html/vendor/orchestra/testbench-core/src/Concerns/Testing.php:57
/var/www/html/vendor/orchestra/testbench-core/src/TestCase.php:50
/var/www/html/tests/TestCase.php:61
/var/www/html/tests/Unit/Registry/McpRegistryTest.php:43</error>
        </testcase>
        <testcase name="it_unregisters_tool" file="/var/www/html/tests/Unit/Registry/McpRegistryTest.php" line="290" class="JTD\LaravelMCP\Tests\Unit\Registry\McpRegistryTest" classname="JTD.LaravelMCP.Tests.Unit.Registry.McpRegistryTest" assertions="0" time="0.000000">
          <error type="Exception">JTD\LaravelMCP\Tests\Unit\Registry\McpRegistryTest::it_unregisters_tool
Exception: The /var/www/html/vendor/orchestra/testbench-core/laravel/bootstrap/cache directory must be present and writable.

/var/www/html/vendor/laravel/framework/src/Illuminate/Foundation/PackageManifest.php:179
/var/www/html/vendor/orchestra/testbench-core/src/Foundation/PackageManifest.php:157
/var/www/html/vendor/laravel/framework/src/Illuminate/Foundation/PackageManifest.php:132
/var/www/html/vendor/laravel/framework/src/Illuminate/Foundation/PackageManifest.php:108
/var/www/html/vendor/orchestra/testbench-core/src/Foundation/PackageManifest.php:102
/var/www/html/vendor/laravel/framework/src/Illuminate/Foundation/PackageManifest.php:91
/var/www/html/vendor/laravel/framework/src/Illuminate/Foundation/PackageManifest.php:80
/var/www/html/vendor/laravel/framework/src/Illuminate/Foundation/Bootstrap/RegisterFacades.php:26
/var/www/html/vendor/orchestra/testbench-core/src/Concerns/CreatesApplication.php:556
/var/www/html/vendor/orchestra/testbench-core/src/Concerns/CreatesApplication.php:311
/var/www/html/vendor/orchestra/testbench-core/src/TestCase.php:121
/var/www/html/vendor/orchestra/testbench-core/src/Concerns/ApplicationTestingHooks.php:74
/var/www/html/vendor/orchestra/testbench-core/src/Concerns/Testing.php:43
/var/www/html/vendor/laravel/framework/src/Illuminate/Collections/helpers.php:236
/var/www/html/vendor/orchestra/sidekick/src/functions.php:87
/var/www/html/vendor/laravel/framework/src/Illuminate/Collections/helpers.php:236
/var/www/html/vendor/orchestra/testbench-core/src/Concerns/Testing.php:57
/var/www/html/vendor/orchestra/testbench-core/src/TestCase.php:50
/var/www/html/tests/TestCase.php:61
/var/www/html/tests/Unit/Registry/McpRegistryTest.php:43</error>
        </testcase>
        <testcase name="it_unregisters_resource" file="/var/www/html/tests/Unit/Registry/McpRegistryTest.php" line="303" class="JTD\LaravelMCP\Tests\Unit\Registry\McpRegistryTest" classname="JTD.LaravelMCP.Tests.Unit.Registry.McpRegistryTest" assertions="0" time="0.000000">
          <error type="Exception">JTD\LaravelMCP\Tests\Unit\Registry\McpRegistryTest::it_unregisters_resource
Exception: The /var/www/html/vendor/orchestra/testbench-core/laravel/bootstrap/cache directory must be present and writable.

/var/www/html/vendor/laravel/framework/src/Illuminate/Foundation/PackageManifest.php:179
/var/www/html/vendor/orchestra/testbench-core/src/Foundation/PackageManifest.php:157
/var/www/html/vendor/laravel/framework/src/Illuminate/Foundation/PackageManifest.php:132
/var/www/html/vendor/laravel/framework/src/Illuminate/Foundation/PackageManifest.php:108
/var/www/html/vendor/orchestra/testbench-core/src/Foundation/PackageManifest.php:102
/var/www/html/vendor/laravel/framework/src/Illuminate/Foundation/PackageManifest.php:91
/var/www/html/vendor/laravel/framework/src/Illuminate/Foundation/PackageManifest.php:80
/var/www/html/vendor/laravel/framework/src/Illuminate/Foundation/Bootstrap/RegisterFacades.php:26
/var/www/html/vendor/orchestra/testbench-core/src/Concerns/CreatesApplication.php:556
/var/www/html/vendor/orchestra/testbench-core/src/Concerns/CreatesApplication.php:311
/var/www/html/vendor/orchestra/testbench-core/src/TestCase.php:121
/var/www/html/vendor/orchestra/testbench-core/src/Concerns/ApplicationTestingHooks.php:74
/var/www/html/vendor/orchestra/testbench-core/src/Concerns/Testing.php:43
/var/www/html/vendor/laravel/framework/src/Illuminate/Collections/helpers.php:236
/var/www/html/vendor/orchestra/sidekick/src/functions.php:87
/var/www/html/vendor/laravel/framework/src/Illuminate/Collections/helpers.php:236
/var/www/html/vendor/orchestra/testbench-core/src/Concerns/Testing.php:57
/var/www/html/vendor/orchestra/testbench-core/src/TestCase.php:50
/var/www/html/tests/TestCase.php:61
/var/www/html/tests/Unit/Registry/McpRegistryTest.php:43</error>
        </testcase>
        <testcase name="it_unregisters_prompt" file="/var/www/html/tests/Unit/Registry/McpRegistryTest.php" line="316" class="JTD\LaravelMCP\Tests\Unit\Registry\McpRegistryTest" classname="JTD.LaravelMCP.Tests.Unit.Registry.McpRegistryTest" assertions="0" time="0.000000">
          <error type="Exception">JTD\LaravelMCP\Tests\Unit\Registry\McpRegistryTest::it_unregisters_prompt
Exception: The /var/www/html/vendor/orchestra/testbench-core/laravel/bootstrap/cache directory must be present and writable.

/var/www/html/vendor/laravel/framework/src/Illuminate/Foundation/PackageManifest.php:179
/var/www/html/vendor/orchestra/testbench-core/src/Foundation/PackageManifest.php:157
/var/www/html/vendor/laravel/framework/src/Illuminate/Foundation/PackageManifest.php:132
/var/www/html/vendor/laravel/framework/src/Illuminate/Foundation/PackageManifest.php:108
/var/www/html/vendor/orchestra/testbench-core/src/Foundation/PackageManifest.php:102
/var/www/html/vendor/laravel/framework/src/Illuminate/Foundation/PackageManifest.php:91
/var/www/html/vendor/laravel/framework/src/Illuminate/Foundation/PackageManifest.php:80
/var/www/html/vendor/laravel/framework/src/Illuminate/Foundation/Bootstrap/RegisterFacades.php:26
/var/www/html/vendor/orchestra/testbench-core/src/Concerns/CreatesApplication.php:556
/var/www/html/vendor/orchestra/testbench-core/src/Concerns/CreatesApplication.php:311
/var/www/html/vendor/orchestra/testbench-core/src/TestCase.php:121
/var/www/html/vendor/orchestra/testbench-core/src/Concerns/ApplicationTestingHooks.php:74
/var/www/html/vendor/orchestra/testbench-core/src/Concerns/Testing.php:43
/var/www/html/vendor/laravel/framework/src/Illuminate/Collections/helpers.php:236
/var/www/html/vendor/orchestra/sidekick/src/functions.php:87
/var/www/html/vendor/laravel/framework/src/Illuminate/Collections/helpers.php:236
/var/www/html/vendor/orchestra/testbench-core/src/Concerns/Testing.php:57
/var/www/html/vendor/orchestra/testbench-core/src/TestCase.php:50
/var/www/html/tests/TestCase.php:61
/var/www/html/tests/Unit/Registry/McpRegistryTest.php:43</error>
        </testcase>
        <testcase name="it_returns_capabilities" file="/var/www/html/tests/Unit/Registry/McpRegistryTest.php" line="329" class="JTD\LaravelMCP\Tests\Unit\Registry\McpRegistryTest" classname="JTD.LaravelMCP.Tests.Unit.Registry.McpRegistryTest" assertions="0" time="0.000000">
          <error type="Exception">JTD\LaravelMCP\Tests\Unit\Registry\McpRegistryTest::it_returns_capabilities
Exception: The /var/www/html/vendor/orchestra/testbench-core/laravel/bootstrap/cache directory must be present and writable.

/var/www/html/vendor/laravel/framework/src/Illuminate/Foundation/PackageManifest.php:179
/var/www/html/vendor/orchestra/testbench-core/src/Foundation/PackageManifest.php:157
/var/www/html/vendor/laravel/framework/src/Illuminate/Foundation/PackageManifest.php:132
/var/www/html/vendor/laravel/framework/src/Illuminate/Foundation/PackageManifest.php:108
/var/www/html/vendor/orchestra/testbench-core/src/Foundation/PackageManifest.php:102
/var/www/html/vendor/laravel/framework/src/Illuminate/Foundation/PackageManifest.php:91
/var/www/html/vendor/laravel/framework/src/Illuminate/Foundation/PackageManifest.php:80
/var/www/html/vendor/laravel/framework/src/Illuminate/Foundation/Bootstrap/RegisterFacades.php:26
/var/www/html/vendor/orchestra/testbench-core/src/Concerns/CreatesApplication.php:556
/var/www/html/vendor/orchestra/testbench-core/src/Concerns/CreatesApplication.php:311
/var/www/html/vendor/orchestra/testbench-core/src/TestCase.php:121
/var/www/html/vendor/orchestra/testbench-core/src/Concerns/ApplicationTestingHooks.php:74
/var/www/html/vendor/orchestra/testbench-core/src/Concerns/Testing.php:43
/var/www/html/vendor/laravel/framework/src/Illuminate/Collections/helpers.php:236
/var/www/html/vendor/orchestra/sidekick/src/functions.php:87
/var/www/html/vendor/laravel/framework/src/Illuminate/Collections/helpers.php:236
/var/www/html/vendor/orchestra/testbench-core/src/Concerns/Testing.php:57
/var/www/html/vendor/orchestra/testbench-core/src/TestCase.php:50
/var/www/html/tests/TestCase.php:61
/var/www/html/tests/Unit/Registry/McpRegistryTest.php:43</error>
        </testcase>
        <testcase name="it_handles_thread_safety_in_registration" file="/var/www/html/tests/Unit/Registry/McpRegistryTest.php" line="341" class="JTD\LaravelMCP\Tests\Unit\Registry\McpRegistryTest" classname="JTD.LaravelMCP.Tests.Unit.Registry.McpRegistryTest" assertions="0" time="0.000000">
          <error type="Exception">JTD\LaravelMCP\Tests\Unit\Registry\McpRegistryTest::it_handles_thread_safety_in_registration
Exception: The /var/www/html/vendor/orchestra/testbench-core/laravel/bootstrap/cache directory must be present and writable.

/var/www/html/vendor/laravel/framework/src/Illuminate/Foundation/PackageManifest.php:179
/var/www/html/vendor/orchestra/testbench-core/src/Foundation/PackageManifest.php:157
/var/www/html/vendor/laravel/framework/src/Illuminate/Foundation/PackageManifest.php:132
/var/www/html/vendor/laravel/framework/src/Illuminate/Foundation/PackageManifest.php:108
/var/www/html/vendor/orchestra/testbench-core/src/Foundation/PackageManifest.php:102
/var/www/html/vendor/laravel/framework/src/Illuminate/Foundation/PackageManifest.php:91
/var/www/html/vendor/laravel/framework/src/Illuminate/Foundation/PackageManifest.php:80
/var/www/html/vendor/laravel/framework/src/Illuminate/Foundation/Bootstrap/RegisterFacades.php:26
/var/www/html/vendor/orchestra/testbench-core/src/Concerns/CreatesApplication.php:556
/var/www/html/vendor/orchestra/testbench-core/src/Concerns/CreatesApplication.php:311
/var/www/html/vendor/orchestra/testbench-core/src/TestCase.php:121
/var/www/html/vendor/orchestra/testbench-core/src/Concerns/ApplicationTestingHooks.php:74
/var/www/html/vendor/orchestra/testbench-core/src/Concerns/Testing.php:43
/var/www/html/vendor/laravel/framework/src/Illuminate/Collections/helpers.php:236
/var/www/html/vendor/orchestra/sidekick/src/functions.php:87
/var/www/html/vendor/laravel/framework/src/Illuminate/Collections/helpers.php:236
/var/www/html/vendor/orchestra/testbench-core/src/Concerns/Testing.php:57
/var/www/html/vendor/orchestra/testbench-core/src/TestCase.php:50
/var/www/html/tests/TestCase.php:61
/var/www/html/tests/Unit/Registry/McpRegistryTest.php:43</error>
        </testcase>
      </testsuite>
      <testsuite name="JTD\LaravelMCP\Tests\Unit\Registry\PromptRegistryTest" file="/var/www/html/tests/Unit/Registry/PromptRegistryTest.php" tests="29" assertions="0" errors="29" failures="0" skipped="0" time="0.000000">
        <testcase name="test_register_prompt_successfully" file="/var/www/html/tests/Unit/Registry/PromptRegistryTest.php" line="29" class="JTD\LaravelMCP\Tests\Unit\Registry\PromptRegistryTest" classname="JTD.LaravelMCP.Tests.Unit.Registry.PromptRegistryTest" assertions="0" time="0.000000">
          <error type="Exception">JTD\LaravelMCP\Tests\Unit\Registry\PromptRegistryTest::test_register_prompt_successfully
Exception: The /var/www/html/vendor/orchestra/testbench-core/laravel/bootstrap/cache directory must be present and writable.

/var/www/html/vendor/laravel/framework/src/Illuminate/Foundation/PackageManifest.php:179
/var/www/html/vendor/orchestra/testbench-core/src/Foundation/PackageManifest.php:157
/var/www/html/vendor/laravel/framework/src/Illuminate/Foundation/PackageManifest.php:132
/var/www/html/vendor/laravel/framework/src/Illuminate/Foundation/PackageManifest.php:108
/var/www/html/vendor/orchestra/testbench-core/src/Foundation/PackageManifest.php:102
/var/www/html/vendor/laravel/framework/src/Illuminate/Foundation/PackageManifest.php:91
/var/www/html/vendor/laravel/framework/src/Illuminate/Foundation/PackageManifest.php:80
/var/www/html/vendor/laravel/framework/src/Illuminate/Foundation/Bootstrap/RegisterFacades.php:26
/var/www/html/vendor/orchestra/testbench-core/src/Concerns/CreatesApplication.php:556
/var/www/html/vendor/orchestra/testbench-core/src/Concerns/CreatesApplication.php:311
/var/www/html/vendor/orchestra/testbench-core/src/TestCase.php:121
/var/www/html/vendor/orchestra/testbench-core/src/Concerns/ApplicationTestingHooks.php:74
/var/www/html/vendor/orchestra/testbench-core/src/Concerns/Testing.php:43
/var/www/html/vendor/laravel/framework/src/Illuminate/Collections/helpers.php:236
/var/www/html/vendor/orchestra/sidekick/src/functions.php:87
/var/www/html/vendor/laravel/framework/src/Illuminate/Collections/helpers.php:236
/var/www/html/vendor/orchestra/testbench-core/src/Concerns/Testing.php:57
/var/www/html/vendor/orchestra/testbench-core/src/TestCase.php:50
/var/www/html/tests/TestCase.php:61
/var/www/html/tests/Unit/Registry/PromptRegistryTest.php:22</error>
        </testcase>
        <testcase name="test_register_duplicate_prompt_throws_exception" file="/var/www/html/tests/Unit/Registry/PromptRegistryTest.php" line="60" class="JTD\LaravelMCP\Tests\Unit\Registry\PromptRegistryTest" classname="JTD.LaravelMCP.Tests.Unit.Registry.PromptRegistryTest" assertions="0" time="0.000000">
          <error type="Exception">JTD\LaravelMCP\Tests\Unit\Registry\PromptRegistryTest::test_register_duplicate_prompt_throws_exception
Exception: The /var/www/html/vendor/orchestra/testbench-core/laravel/bootstrap/cache directory must be present and writable.

/var/www/html/vendor/laravel/framework/src/Illuminate/Foundation/PackageManifest.php:179
/var/www/html/vendor/orchestra/testbench-core/src/Foundation/PackageManifest.php:157
/var/www/html/vendor/laravel/framework/src/Illuminate/Foundation/PackageManifest.php:132
/var/www/html/vendor/laravel/framework/src/Illuminate/Foundation/PackageManifest.php:108
/var/www/html/vendor/orchestra/testbench-core/src/Foundation/PackageManifest.php:102
/var/www/html/vendor/laravel/framework/src/Illuminate/Foundation/PackageManifest.php:91
/var/www/html/vendor/laravel/framework/src/Illuminate/Foundation/PackageManifest.php:80
/var/www/html/vendor/laravel/framework/src/Illuminate/Foundation/Bootstrap/RegisterFacades.php:26
/var/www/html/vendor/orchestra/testbench-core/src/Concerns/CreatesApplication.php:556
/var/www/html/vendor/orchestra/testbench-core/src/Concerns/CreatesApplication.php:311
/var/www/html/vendor/orchestra/testbench-core/src/TestCase.php:121
/var/www/html/vendor/orchestra/testbench-core/src/Concerns/ApplicationTestingHooks.php:74
/var/www/html/vendor/orchestra/testbench-core/src/Concerns/Testing.php:43
/var/www/html/vendor/laravel/framework/src/Illuminate/Collections/helpers.php:236
/var/www/html/vendor/orchestra/sidekick/src/functions.php:87
/var/www/html/vendor/laravel/framework/src/Illuminate/Collections/helpers.php:236
/var/www/html/vendor/orchestra/testbench-core/src/Concerns/Testing.php:57
/var/www/html/vendor/orchestra/testbench-core/src/TestCase.php:50
/var/www/html/tests/TestCase.php:61
/var/www/html/tests/Unit/Registry/PromptRegistryTest.php:22</error>
        </testcase>
        <testcase name="test_get_non_existent_prompt_throws_exception" file="/var/www/html/tests/Unit/Registry/PromptRegistryTest.php" line="76" class="JTD\LaravelMCP\Tests\Unit\Registry\PromptRegistryTest" classname="JTD.LaravelMCP.Tests.Unit.Registry.PromptRegistryTest" assertions="0" time="0.000000">
          <error type="Exception">JTD\LaravelMCP\Tests\Unit\Registry\PromptRegistryTest::test_get_non_existent_prompt_throws_exception
Exception: The /var/www/html/vendor/orchestra/testbench-core/laravel/bootstrap/cache directory must be present and writable.

/var/www/html/vendor/laravel/framework/src/Illuminate/Foundation/PackageManifest.php:179
/var/www/html/vendor/orchestra/testbench-core/src/Foundation/PackageManifest.php:157
/var/www/html/vendor/laravel/framework/src/Illuminate/Foundation/PackageManifest.php:132
/var/www/html/vendor/laravel/framework/src/Illuminate/Foundation/PackageManifest.php:108
/var/www/html/vendor/orchestra/testbench-core/src/Foundation/PackageManifest.php:102
/var/www/html/vendor/laravel/framework/src/Illuminate/Foundation/PackageManifest.php:91
/var/www/html/vendor/laravel/framework/src/Illuminate/Foundation/PackageManifest.php:80
/var/www/html/vendor/laravel/framework/src/Illuminate/Foundation/Bootstrap/RegisterFacades.php:26
/var/www/html/vendor/orchestra/testbench-core/src/Concerns/CreatesApplication.php:556
/var/www/html/vendor/orchestra/testbench-core/src/Concerns/CreatesApplication.php:311
/var/www/html/vendor/orchestra/testbench-core/src/TestCase.php:121
/var/www/html/vendor/orchestra/testbench-core/src/Concerns/ApplicationTestingHooks.php:74
/var/www/html/vendor/orchestra/testbench-core/src/Concerns/Testing.php:43
/var/www/html/vendor/laravel/framework/src/Illuminate/Collections/helpers.php:236
/var/www/html/vendor/orchestra/sidekick/src/functions.php:87
/var/www/html/vendor/laravel/framework/src/Illuminate/Collections/helpers.php:236
/var/www/html/vendor/orchestra/testbench-core/src/Concerns/Testing.php:57
/var/www/html/vendor/orchestra/testbench-core/src/TestCase.php:50
/var/www/html/tests/TestCase.php:61
/var/www/html/tests/Unit/Registry/PromptRegistryTest.php:22</error>
        </testcase>
        <testcase name="test_unregister_prompt_successfully" file="/var/www/html/tests/Unit/Registry/PromptRegistryTest.php" line="87" class="JTD\LaravelMCP\Tests\Unit\Registry\PromptRegistryTest" classname="JTD.LaravelMCP.Tests.Unit.Registry.PromptRegistryTest" assertions="0" time="0.000000">
          <error type="Exception">JTD\LaravelMCP\Tests\Unit\Registry\PromptRegistryTest::test_unregister_prompt_successfully
Exception: The /var/www/html/vendor/orchestra/testbench-core/laravel/bootstrap/cache directory must be present and writable.

/var/www/html/vendor/laravel/framework/src/Illuminate/Foundation/PackageManifest.php:179
/var/www/html/vendor/orchestra/testbench-core/src/Foundation/PackageManifest.php:157
/var/www/html/vendor/laravel/framework/src/Illuminate/Foundation/PackageManifest.php:132
/var/www/html/vendor/laravel/framework/src/Illuminate/Foundation/PackageManifest.php:108
/var/www/html/vendor/orchestra/testbench-core/src/Foundation/PackageManifest.php:102
/var/www/html/vendor/laravel/framework/src/Illuminate/Foundation/PackageManifest.php:91
/var/www/html/vendor/laravel/framework/src/Illuminate/Foundation/PackageManifest.php:80
/var/www/html/vendor/laravel/framework/src/Illuminate/Foundation/Bootstrap/RegisterFacades.php:26
/var/www/html/vendor/orchestra/testbench-core/src/Concerns/CreatesApplication.php:556
/var/www/html/vendor/orchestra/testbench-core/src/Concerns/CreatesApplication.php:311
/var/www/html/vendor/orchestra/testbench-core/src/TestCase.php:121
/var/www/html/vendor/orchestra/testbench-core/src/Concerns/ApplicationTestingHooks.php:74
/var/www/html/vendor/orchestra/testbench-core/src/Concerns/Testing.php:43
/var/www/html/vendor/laravel/framework/src/Illuminate/Collections/helpers.php:236
/var/www/html/vendor/orchestra/sidekick/src/functions.php:87
/var/www/html/vendor/laravel/framework/src/Illuminate/Collections/helpers.php:236
/var/www/html/vendor/orchestra/testbench-core/src/Concerns/Testing.php:57
/var/www/html/vendor/orchestra/testbench-core/src/TestCase.php:50
/var/www/html/tests/TestCase.php:61
/var/www/html/tests/Unit/Registry/PromptRegistryTest.php:22</error>
        </testcase>
        <testcase name="test_unregister_non_existent_prompt" file="/var/www/html/tests/Unit/Registry/PromptRegistryTest.php" line="104" class="JTD\LaravelMCP\Tests\Unit\Registry\PromptRegistryTest" classname="JTD.LaravelMCP.Tests.Unit.Registry.PromptRegistryTest" assertions="0" time="0.000000">
          <error type="Exception">JTD\LaravelMCP\Tests\Unit\Registry\PromptRegistryTest::test_unregister_non_existent_prompt
Exception: The /var/www/html/vendor/orchestra/testbench-core/laravel/bootstrap/cache directory must be present and writable.

/var/www/html/vendor/laravel/framework/src/Illuminate/Foundation/PackageManifest.php:179
/var/www/html/vendor/orchestra/testbench-core/src/Foundation/PackageManifest.php:157
/var/www/html/vendor/laravel/framework/src/Illuminate/Foundation/PackageManifest.php:132
/var/www/html/vendor/laravel/framework/src/Illuminate/Foundation/PackageManifest.php:108
/var/www/html/vendor/orchestra/testbench-core/src/Foundation/PackageManifest.php:102
/var/www/html/vendor/laravel/framework/src/Illuminate/Foundation/PackageManifest.php:91
/var/www/html/vendor/laravel/framework/src/Illuminate/Foundation/PackageManifest.php:80
/var/www/html/vendor/laravel/framework/src/Illuminate/Foundation/Bootstrap/RegisterFacades.php:26
/var/www/html/vendor/orchestra/testbench-core/src/Concerns/CreatesApplication.php:556
/var/www/html/vendor/orchestra/testbench-core/src/Concerns/CreatesApplication.php:311
/var/www/html/vendor/orchestra/testbench-core/src/TestCase.php:121
/var/www/html/vendor/orchestra/testbench-core/src/Concerns/ApplicationTestingHooks.php:74
/var/www/html/vendor/orchestra/testbench-core/src/Concerns/Testing.php:43
/var/www/html/vendor/laravel/framework/src/Illuminate/Collections/helpers.php:236
/var/www/html/vendor/orchestra/sidekick/src/functions.php:87
/var/www/html/vendor/laravel/framework/src/Illuminate/Collections/helpers.php:236
/var/www/html/vendor/orchestra/testbench-core/src/Concerns/Testing.php:57
/var/www/html/vendor/orchestra/testbench-core/src/TestCase.php:50
/var/www/html/tests/TestCase.php:61
/var/www/html/tests/Unit/Registry/PromptRegistryTest.php:22</error>
        </testcase>
        <testcase name="test_has_prompt" file="/var/www/html/tests/Unit/Registry/PromptRegistryTest.php" line="114" class="JTD\LaravelMCP\Tests\Unit\Registry\PromptRegistryTest" classname="JTD.LaravelMCP.Tests.Unit.Registry.PromptRegistryTest" assertions="0" time="0.000000">
          <error type="Exception">JTD\LaravelMCP\Tests\Unit\Registry\PromptRegistryTest::test_has_prompt
Exception: The /var/www/html/vendor/orchestra/testbench-core/laravel/bootstrap/cache directory must be present and writable.

/var/www/html/vendor/laravel/framework/src/Illuminate/Foundation/PackageManifest.php:179
/var/www/html/vendor/orchestra/testbench-core/src/Foundation/PackageManifest.php:157
/var/www/html/vendor/laravel/framework/src/Illuminate/Foundation/PackageManifest.php:132
/var/www/html/vendor/laravel/framework/src/Illuminate/Foundation/PackageManifest.php:108
/var/www/html/vendor/orchestra/testbench-core/src/Foundation/PackageManifest.php:102
/var/www/html/vendor/laravel/framework/src/Illuminate/Foundation/PackageManifest.php:91
/var/www/html/vendor/laravel/framework/src/Illuminate/Foundation/PackageManifest.php:80
/var/www/html/vendor/laravel/framework/src/Illuminate/Foundation/Bootstrap/RegisterFacades.php:26
/var/www/html/vendor/orchestra/testbench-core/src/Concerns/CreatesApplication.php:556
/var/www/html/vendor/orchestra/testbench-core/src/Concerns/CreatesApplication.php:311
/var/www/html/vendor/orchestra/testbench-core/src/TestCase.php:121
/var/www/html/vendor/orchestra/testbench-core/src/Concerns/ApplicationTestingHooks.php:74
/var/www/html/vendor/orchestra/testbench-core/src/Concerns/Testing.php:43
/var/www/html/vendor/laravel/framework/src/Illuminate/Collections/helpers.php:236
/var/www/html/vendor/orchestra/sidekick/src/functions.php:87
/var/www/html/vendor/laravel/framework/src/Illuminate/Collections/helpers.php:236
/var/www/html/vendor/orchestra/testbench-core/src/Concerns/Testing.php:57
/var/www/html/vendor/orchestra/testbench-core/src/TestCase.php:50
/var/www/html/tests/TestCase.php:61
/var/www/html/tests/Unit/Registry/PromptRegistryTest.php:22</error>
        </testcase>
        <testcase name="test_get_all_prompts" file="/var/www/html/tests/Unit/Registry/PromptRegistryTest.php" line="129" class="JTD\LaravelMCP\Tests\Unit\Registry\PromptRegistryTest" classname="JTD.LaravelMCP.Tests.Unit.Registry.PromptRegistryTest" assertions="0" time="0.000000">
          <error type="Exception">JTD\LaravelMCP\Tests\Unit\Registry\PromptRegistryTest::test_get_all_prompts
Exception: The /var/www/html/vendor/orchestra/testbench-core/laravel/bootstrap/cache directory must be present and writable.

/var/www/html/vendor/laravel/framework/src/Illuminate/Foundation/PackageManifest.php:179
/var/www/html/vendor/orchestra/testbench-core/src/Foundation/PackageManifest.php:157
/var/www/html/vendor/laravel/framework/src/Illuminate/Foundation/PackageManifest.php:132
/var/www/html/vendor/laravel/framework/src/Illuminate/Foundation/PackageManifest.php:108
/var/www/html/vendor/orchestra/testbench-core/src/Foundation/PackageManifest.php:102
/var/www/html/vendor/laravel/framework/src/Illuminate/Foundation/PackageManifest.php:91
/var/www/html/vendor/laravel/framework/src/Illuminate/Foundation/PackageManifest.php:80
/var/www/html/vendor/laravel/framework/src/Illuminate/Foundation/Bootstrap/RegisterFacades.php:26
/var/www/html/vendor/orchestra/testbench-core/src/Concerns/CreatesApplication.php:556
/var/www/html/vendor/orchestra/testbench-core/src/Concerns/CreatesApplication.php:311
/var/www/html/vendor/orchestra/testbench-core/src/TestCase.php:121
/var/www/html/vendor/orchestra/testbench-core/src/Concerns/ApplicationTestingHooks.php:74
/var/www/html/vendor/orchestra/testbench-core/src/Concerns/Testing.php:43
/var/www/html/vendor/laravel/framework/src/Illuminate/Collections/helpers.php:236
/var/www/html/vendor/orchestra/sidekick/src/functions.php:87
/var/www/html/vendor/laravel/framework/src/Illuminate/Collections/helpers.php:236
/var/www/html/vendor/orchestra/testbench-core/src/Concerns/Testing.php:57
/var/www/html/vendor/orchestra/testbench-core/src/TestCase.php:50
/var/www/html/tests/TestCase.php:61
/var/www/html/tests/Unit/Registry/PromptRegistryTest.php:22</error>
        </testcase>
        <testcase name="test_get_prompt_names" file="/var/www/html/tests/Unit/Registry/PromptRegistryTest.php" line="150" class="JTD\LaravelMCP\Tests\Unit\Registry\PromptRegistryTest" classname="JTD.LaravelMCP.Tests.Unit.Registry.PromptRegistryTest" assertions="0" time="0.000000">
          <error type="Exception">JTD\LaravelMCP\Tests\Unit\Registry\PromptRegistryTest::test_get_prompt_names
Exception: The /var/www/html/vendor/orchestra/testbench-core/laravel/bootstrap/cache directory must be present and writable.

/var/www/html/vendor/laravel/framework/src/Illuminate/Foundation/PackageManifest.php:179
/var/www/html/vendor/orchestra/testbench-core/src/Foundation/PackageManifest.php:157
/var/www/html/vendor/laravel/framework/src/Illuminate/Foundation/PackageManifest.php:132
/var/www/html/vendor/laravel/framework/src/Illuminate/Foundation/PackageManifest.php:108
/var/www/html/vendor/orchestra/testbench-core/src/Foundation/PackageManifest.php:102
/var/www/html/vendor/laravel/framework/src/Illuminate/Foundation/PackageManifest.php:91
/var/www/html/vendor/laravel/framework/src/Illuminate/Foundation/PackageManifest.php:80
/var/www/html/vendor/laravel/framework/src/Illuminate/Foundation/Bootstrap/RegisterFacades.php:26
/var/www/html/vendor/orchestra/testbench-core/src/Concerns/CreatesApplication.php:556
/var/www/html/vendor/orchestra/testbench-core/src/Concerns/CreatesApplication.php:311
/var/www/html/vendor/orchestra/testbench-core/src/TestCase.php:121
/var/www/html/vendor/orchestra/testbench-core/src/Concerns/ApplicationTestingHooks.php:74
/var/www/html/vendor/orchestra/testbench-core/src/Concerns/Testing.php:43
/var/www/html/vendor/laravel/framework/src/Illuminate/Collections/helpers.php:236
/var/www/html/vendor/orchestra/sidekick/src/functions.php:87
/var/www/html/vendor/laravel/framework/src/Illuminate/Collections/helpers.php:236
/var/www/html/vendor/orchestra/testbench-core/src/Concerns/Testing.php:57
/var/www/html/vendor/orchestra/testbench-core/src/TestCase.php:50
/var/www/html/tests/TestCase.php:61
/var/www/html/tests/Unit/Registry/PromptRegistryTest.php:22</error>
        </testcase>
        <testcase name="test_count_prompts" file="/var/www/html/tests/Unit/Registry/PromptRegistryTest.php" line="163" class="JTD\LaravelMCP\Tests\Unit\Registry\PromptRegistryTest" classname="JTD.LaravelMCP.Tests.Unit.Registry.PromptRegistryTest" assertions="0" time="0.000000">
          <error type="Exception">JTD\LaravelMCP\Tests\Unit\Registry\PromptRegistryTest::test_count_prompts
Exception: The /var/www/html/vendor/orchestra/testbench-core/laravel/bootstrap/cache directory must be present and writable.

/var/www/html/vendor/laravel/framework/src/Illuminate/Foundation/PackageManifest.php:179
/var/www/html/vendor/orchestra/testbench-core/src/Foundation/PackageManifest.php:157
/var/www/html/vendor/laravel/framework/src/Illuminate/Foundation/PackageManifest.php:132
/var/www/html/vendor/laravel/framework/src/Illuminate/Foundation/PackageManifest.php:108
/var/www/html/vendor/orchestra/testbench-core/src/Foundation/PackageManifest.php:102
/var/www/html/vendor/laravel/framework/src/Illuminate/Foundation/PackageManifest.php:91
/var/www/html/vendor/laravel/framework/src/Illuminate/Foundation/PackageManifest.php:80
/var/www/html/vendor/laravel/framework/src/Illuminate/Foundation/Bootstrap/RegisterFacades.php:26
/var/www/html/vendor/orchestra/testbench-core/src/Concerns/CreatesApplication.php:556
/var/www/html/vendor/orchestra/testbench-core/src/Concerns/CreatesApplication.php:311
/var/www/html/vendor/orchestra/testbench-core/src/TestCase.php:121
/var/www/html/vendor/orchestra/testbench-core/src/Concerns/ApplicationTestingHooks.php:74
/var/www/html/vendor/orchestra/testbench-core/src/Concerns/Testing.php:43
/var/www/html/vendor/laravel/framework/src/Illuminate/Collections/helpers.php:236
/var/www/html/vendor/orchestra/sidekick/src/functions.php:87
/var/www/html/vendor/laravel/framework/src/Illuminate/Collections/helpers.php:236
/var/www/html/vendor/orchestra/testbench-core/src/Concerns/Testing.php:57
/var/www/html/vendor/orchestra/testbench-core/src/TestCase.php:50
/var/www/html/tests/TestCase.php:61
/var/www/html/tests/Unit/Registry/PromptRegistryTest.php:22</error>
        </testcase>
        <testcase name="test_clear_all_prompts" file="/var/www/html/tests/Unit/Registry/PromptRegistryTest.php" line="180" class="JTD\LaravelMCP\Tests\Unit\Registry\PromptRegistryTest" classname="JTD.LaravelMCP.Tests.Unit.Registry.PromptRegistryTest" assertions="0" time="0.000000">
          <error type="Exception">JTD\LaravelMCP\Tests\Unit\Registry\PromptRegistryTest::test_clear_all_prompts
Exception: The /var/www/html/vendor/orchestra/testbench-core/laravel/bootstrap/cache directory must be present and writable.

/var/www/html/vendor/laravel/framework/src/Illuminate/Foundation/PackageManifest.php:179
/var/www/html/vendor/orchestra/testbench-core/src/Foundation/PackageManifest.php:157
/var/www/html/vendor/laravel/framework/src/Illuminate/Foundation/PackageManifest.php:132
/var/www/html/vendor/laravel/framework/src/Illuminate/Foundation/PackageManifest.php:108
/var/www/html/vendor/orchestra/testbench-core/src/Foundation/PackageManifest.php:102
/var/www/html/vendor/laravel/framework/src/Illuminate/Foundation/PackageManifest.php:91
/var/www/html/vendor/laravel/framework/src/Illuminate/Foundation/PackageManifest.php:80
/var/www/html/vendor/laravel/framework/src/Illuminate/Foundation/Bootstrap/RegisterFacades.php:26
/var/www/html/vendor/orchestra/testbench-core/src/Concerns/CreatesApplication.php:556
/var/www/html/vendor/orchestra/testbench-core/src/Concerns/CreatesApplication.php:311
/var/www/html/vendor/orchestra/testbench-core/src/TestCase.php:121
/var/www/html/vendor/orchestra/testbench-core/src/Concerns/ApplicationTestingHooks.php:74
/var/www/html/vendor/orchestra/testbench-core/src/Concerns/Testing.php:43
/var/www/html/vendor/laravel/framework/src/Illuminate/Collections/helpers.php:236
/var/www/html/vendor/orchestra/sidekick/src/functions.php:87
/var/www/html/vendor/laravel/framework/src/Illuminate/Collections/helpers.php:236
/var/www/html/vendor/orchestra/testbench-core/src/Concerns/Testing.php:57
/var/www/html/vendor/orchestra/testbench-core/src/TestCase.php:50
/var/www/html/tests/TestCase.php:61
/var/www/html/tests/Unit/Registry/PromptRegistryTest.php:22</error>
        </testcase>
        <testcase name="test_get_prompt_metadata" file="/var/www/html/tests/Unit/Registry/PromptRegistryTest.php" line="197" class="JTD\LaravelMCP\Tests\Unit\Registry\PromptRegistryTest" classname="JTD.LaravelMCP.Tests.Unit.Registry.PromptRegistryTest" assertions="0" time="0.000000">
          <error type="Exception">JTD\LaravelMCP\Tests\Unit\Registry\PromptRegistryTest::test_get_prompt_metadata
Exception: The /var/www/html/vendor/orchestra/testbench-core/laravel/bootstrap/cache directory must be present and writable.

/var/www/html/vendor/laravel/framework/src/Illuminate/Foundation/PackageManifest.php:179
/var/www/html/vendor/orchestra/testbench-core/src/Foundation/PackageManifest.php:157
/var/www/html/vendor/laravel/framework/src/Illuminate/Foundation/PackageManifest.php:132
/var/www/html/vendor/laravel/framework/src/Illuminate/Foundation/PackageManifest.php:108
/var/www/html/vendor/orchestra/testbench-core/src/Foundation/PackageManifest.php:102
/var/www/html/vendor/laravel/framework/src/Illuminate/Foundation/PackageManifest.php:91
/var/www/html/vendor/laravel/framework/src/Illuminate/Foundation/PackageManifest.php:80
/var/www/html/vendor/laravel/framework/src/Illuminate/Foundation/Bootstrap/RegisterFacades.php:26
/var/www/html/vendor/orchestra/testbench-core/src/Concerns/CreatesApplication.php:556
/var/www/html/vendor/orchestra/testbench-core/src/Concerns/CreatesApplication.php:311
/var/www/html/vendor/orchestra/testbench-core/src/TestCase.php:121
/var/www/html/vendor/orchestra/testbench-core/src/Concerns/ApplicationTestingHooks.php:74
/var/www/html/vendor/orchestra/testbench-core/src/Concerns/Testing.php:43
/var/www/html/vendor/laravel/framework/src/Illuminate/Collections/helpers.php:236
/var/www/html/vendor/orchestra/sidekick/src/functions.php:87
/var/www/html/vendor/laravel/framework/src/Illuminate/Collections/helpers.php:236
/var/www/html/vendor/orchestra/testbench-core/src/Concerns/Testing.php:57
/var/www/html/vendor/orchestra/testbench-core/src/TestCase.php:50
/var/www/html/tests/TestCase.php:61
/var/www/html/tests/Unit/Registry/PromptRegistryTest.php:22</error>
        </testcase>
        <testcase name="test_get_metadata_for_non_existent_prompt_throws_exception" file="/var/www/html/tests/Unit/Registry/PromptRegistryTest.php" line="223" class="JTD\LaravelMCP\Tests\Unit\Registry\PromptRegistryTest" classname="JTD.LaravelMCP.Tests.Unit.Registry.PromptRegistryTest" assertions="0" time="0.000000">
          <error type="Exception">JTD\LaravelMCP\Tests\Unit\Registry\PromptRegistryTest::test_get_metadata_for_non_existent_prompt_throws_exception
Exception: The /var/www/html/vendor/orchestra/testbench-core/laravel/bootstrap/cache directory must be present and writable.

/var/www/html/vendor/laravel/framework/src/Illuminate/Foundation/PackageManifest.php:179
/var/www/html/vendor/orchestra/testbench-core/src/Foundation/PackageManifest.php:157
/var/www/html/vendor/laravel/framework/src/Illuminate/Foundation/PackageManifest.php:132
/var/www/html/vendor/laravel/framework/src/Illuminate/Foundation/PackageManifest.php:108
/var/www/html/vendor/orchestra/testbench-core/src/Foundation/PackageManifest.php:102
/var/www/html/vendor/laravel/framework/src/Illuminate/Foundation/PackageManifest.php:91
/var/www/html/vendor/laravel/framework/src/Illuminate/Foundation/PackageManifest.php:80
/var/www/html/vendor/laravel/framework/src/Illuminate/Foundation/Bootstrap/RegisterFacades.php:26
/var/www/html/vendor/orchestra/testbench-core/src/Concerns/CreatesApplication.php:556
/var/www/html/vendor/orchestra/testbench-core/src/Concerns/CreatesApplication.php:311
/var/www/html/vendor/orchestra/testbench-core/src/TestCase.php:121
/var/www/html/vendor/orchestra/testbench-core/src/Concerns/ApplicationTestingHooks.php:74
/var/www/html/vendor/orchestra/testbench-core/src/Concerns/Testing.php:43
/var/www/html/vendor/laravel/framework/src/Illuminate/Collections/helpers.php:236
/var/www/html/vendor/orchestra/sidekick/src/functions.php:87
/var/www/html/vendor/laravel/framework/src/Illuminate/Collections/helpers.php:236
/var/www/html/vendor/orchestra/testbench-core/src/Concerns/Testing.php:57
/var/www/html/vendor/orchestra/testbench-core/src/TestCase.php:50
/var/www/html/tests/TestCase.php:61
/var/www/html/tests/Unit/Registry/PromptRegistryTest.php:22</error>
        </testcase>
        <testcase name="test_filter_prompts_by_metadata" file="/var/www/html/tests/Unit/Registry/PromptRegistryTest.php" line="234" class="JTD\LaravelMCP\Tests\Unit\Registry\PromptRegistryTest" classname="JTD.LaravelMCP.Tests.Unit.Registry.PromptRegistryTest" assertions="0" time="0.000000">
          <error type="Exception">JTD\LaravelMCP\Tests\Unit\Registry\PromptRegistryTest::test_filter_prompts_by_metadata
Exception: The /var/www/html/vendor/orchestra/testbench-core/laravel/bootstrap/cache directory must be present and writable.

/var/www/html/vendor/laravel/framework/src/Illuminate/Foundation/PackageManifest.php:179
/var/www/html/vendor/orchestra/testbench-core/src/Foundation/PackageManifest.php:157
/var/www/html/vendor/laravel/framework/src/Illuminate/Foundation/PackageManifest.php:132
/var/www/html/vendor/laravel/framework/src/Illuminate/Foundation/PackageManifest.php:108
/var/www/html/vendor/orchestra/testbench-core/src/Foundation/PackageManifest.php:102
/var/www/html/vendor/laravel/framework/src/Illuminate/Foundation/PackageManifest.php:91
/var/www/html/vendor/laravel/framework/src/Illuminate/Foundation/PackageManifest.php:80
/var/www/html/vendor/laravel/framework/src/Illuminate/Foundation/Bootstrap/RegisterFacades.php:26
/var/www/html/vendor/orchestra/testbench-core/src/Concerns/CreatesApplication.php:556
/var/www/html/vendor/orchestra/testbench-core/src/Concerns/CreatesApplication.php:311
/var/www/html/vendor/orchestra/testbench-core/src/TestCase.php:121
/var/www/html/vendor/orchestra/testbench-core/src/Concerns/ApplicationTestingHooks.php:74
/var/www/html/vendor/orchestra/testbench-core/src/Concerns/Testing.php:43
/var/www/html/vendor/laravel/framework/src/Illuminate/Collections/helpers.php:236
/var/www/html/vendor/orchestra/sidekick/src/functions.php:87
/var/www/html/vendor/laravel/framework/src/Illuminate/Collections/helpers.php:236
/var/www/html/vendor/orchestra/testbench-core/src/Concerns/Testing.php:57
/var/www/html/vendor/orchestra/testbench-core/src/TestCase.php:50
/var/www/html/tests/TestCase.php:61
/var/www/html/tests/Unit/Registry/PromptRegistryTest.php:22</error>
        </testcase>
        <testcase name="test_search_prompts_by_pattern" file="/var/www/html/tests/Unit/Registry/PromptRegistryTest.php" line="255" class="JTD\LaravelMCP\Tests\Unit\Registry\PromptRegistryTest" classname="JTD.LaravelMCP.Tests.Unit.Registry.PromptRegistryTest" assertions="0" time="0.000000">
          <error type="Exception">JTD\LaravelMCP\Tests\Unit\Registry\PromptRegistryTest::test_search_prompts_by_pattern
Exception: The /var/www/html/vendor/orchestra/testbench-core/laravel/bootstrap/cache directory must be present and writable.

/var/www/html/vendor/laravel/framework/src/Illuminate/Foundation/PackageManifest.php:179
/var/www/html/vendor/orchestra/testbench-core/src/Foundation/PackageManifest.php:157
/var/www/html/vendor/laravel/framework/src/Illuminate/Foundation/PackageManifest.php:132
/var/www/html/vendor/laravel/framework/src/Illuminate/Foundation/PackageManifest.php:108
/var/www/html/vendor/orchestra/testbench-core/src/Foundation/PackageManifest.php:102
/var/www/html/vendor/laravel/framework/src/Illuminate/Foundation/PackageManifest.php:91
/var/www/html/vendor/laravel/framework/src/Illuminate/Foundation/PackageManifest.php:80
/var/www/html/vendor/laravel/framework/src/Illuminate/Foundation/Bootstrap/RegisterFacades.php:26
/var/www/html/vendor/orchestra/testbench-core/src/Concerns/CreatesApplication.php:556
/var/www/html/vendor/orchestra/testbench-core/src/Concerns/CreatesApplication.php:311
/var/www/html/vendor/orchestra/testbench-core/src/TestCase.php:121
/var/www/html/vendor/orchestra/testbench-core/src/Concerns/ApplicationTestingHooks.php:74
/var/www/html/vendor/orchestra/testbench-core/src/Concerns/Testing.php:43
/var/www/html/vendor/laravel/framework/src/Illuminate/Collections/helpers.php:236
/var/www/html/vendor/orchestra/sidekick/src/functions.php:87
/var/www/html/vendor/laravel/framework/src/Illuminate/Collections/helpers.php:236
/var/www/html/vendor/orchestra/testbench-core/src/Concerns/Testing.php:57
/var/www/html/vendor/orchestra/testbench-core/src/TestCase.php:50
/var/www/html/tests/TestCase.php:61
/var/www/html/tests/Unit/Registry/PromptRegistryTest.php:22</error>
        </testcase>
        <testcase name="test_get_registry_type" file="/var/www/html/tests/Unit/Registry/PromptRegistryTest.php" line="272" class="JTD\LaravelMCP\Tests\Unit\Registry\PromptRegistryTest" classname="JTD.LaravelMCP.Tests.Unit.Registry.PromptRegistryTest" assertions="0" time="0.000000">
          <error type="Exception">JTD\LaravelMCP\Tests\Unit\Registry\PromptRegistryTest::test_get_registry_type
Exception: The /var/www/html/vendor/orchestra/testbench-core/laravel/bootstrap/cache directory must be present and writable.

/var/www/html/vendor/laravel/framework/src/Illuminate/Foundation/PackageManifest.php:179
/var/www/html/vendor/orchestra/testbench-core/src/Foundation/PackageManifest.php:157
/var/www/html/vendor/laravel/framework/src/Illuminate/Foundation/PackageManifest.php:132
/var/www/html/vendor/laravel/framework/src/Illuminate/Foundation/PackageManifest.php:108
/var/www/html/vendor/orchestra/testbench-core/src/Foundation/PackageManifest.php:102
/var/www/html/vendor/laravel/framework/src/Illuminate/Foundation/PackageManifest.php:91
/var/www/html/vendor/laravel/framework/src/Illuminate/Foundation/PackageManifest.php:80
/var/www/html/vendor/laravel/framework/src/Illuminate/Foundation/Bootstrap/RegisterFacades.php:26
/var/www/html/vendor/orchestra/testbench-core/src/Concerns/CreatesApplication.php:556
/var/www/html/vendor/orchestra/testbench-core/src/Concerns/CreatesApplication.php:311
/var/www/html/vendor/orchestra/testbench-core/src/TestCase.php:121
/var/www/html/vendor/orchestra/testbench-core/src/Concerns/ApplicationTestingHooks.php:74
/var/www/html/vendor/orchestra/testbench-core/src/Concerns/Testing.php:43
/var/www/html/vendor/laravel/framework/src/Illuminate/Collections/helpers.php:236
/var/www/html/vendor/orchestra/sidekick/src/functions.php:87
/var/www/html/vendor/laravel/framework/src/Illuminate/Collections/helpers.php:236
/var/www/html/vendor/orchestra/testbench-core/src/Concerns/Testing.php:57
/var/www/html/vendor/orchestra/testbench-core/src/TestCase.php:50
/var/www/html/tests/TestCase.php:61
/var/www/html/tests/Unit/Registry/PromptRegistryTest.php:22</error>
        </testcase>
        <testcase name="test_get_prompt_definitions" file="/var/www/html/tests/Unit/Registry/PromptRegistryTest.php" line="280" class="JTD\LaravelMCP\Tests\Unit\Registry\PromptRegistryTest" classname="JTD.LaravelMCP.Tests.Unit.Registry.PromptRegistryTest" assertions="0" time="0.000000">
          <error type="Exception">JTD\LaravelMCP\Tests\Unit\Registry\PromptRegistryTest::test_get_prompt_definitions
Exception: The /var/www/html/vendor/orchestra/testbench-core/laravel/bootstrap/cache directory must be present and writable.

/var/www/html/vendor/laravel/framework/src/Illuminate/Foundation/PackageManifest.php:179
/var/www/html/vendor/orchestra/testbench-core/src/Foundation/PackageManifest.php:157
/var/www/html/vendor/laravel/framework/src/Illuminate/Foundation/PackageManifest.php:132
/var/www/html/vendor/laravel/framework/src/Illuminate/Foundation/PackageManifest.php:108
/var/www/html/vendor/orchestra/testbench-core/src/Foundation/PackageManifest.php:102
/var/www/html/vendor/laravel/framework/src/Illuminate/Foundation/PackageManifest.php:91
/var/www/html/vendor/laravel/framework/src/Illuminate/Foundation/PackageManifest.php:80
/var/www/html/vendor/laravel/framework/src/Illuminate/Foundation/Bootstrap/RegisterFacades.php:26
/var/www/html/vendor/orchestra/testbench-core/src/Concerns/CreatesApplication.php:556
/var/www/html/vendor/orchestra/testbench-core/src/Concerns/CreatesApplication.php:311
/var/www/html/vendor/orchestra/testbench-core/src/TestCase.php:121
/var/www/html/vendor/orchestra/testbench-core/src/Concerns/ApplicationTestingHooks.php:74
/var/www/html/vendor/orchestra/testbench-core/src/Concerns/Testing.php:43
/var/www/html/vendor/laravel/framework/src/Illuminate/Collections/helpers.php:236
/var/www/html/vendor/orchestra/sidekick/src/functions.php:87
/var/www/html/vendor/laravel/framework/src/Illuminate/Collections/helpers.php:236
/var/www/html/vendor/orchestra/testbench-core/src/Concerns/Testing.php:57
/var/www/html/vendor/orchestra/testbench-core/src/TestCase.php:50
/var/www/html/tests/TestCase.php:61
/var/www/html/tests/Unit/Registry/PromptRegistryTest.php:22</error>
        </testcase>
        <testcase name="test_get_prompt" file="/var/www/html/tests/Unit/Registry/PromptRegistryTest.php" line="316" class="JTD\LaravelMCP\Tests\Unit\Registry\PromptRegistryTest" classname="JTD.LaravelMCP.Tests.Unit.Registry.PromptRegistryTest" assertions="0" time="0.000000">
          <error type="Exception">JTD\LaravelMCP\Tests\Unit\Registry\PromptRegistryTest::test_get_prompt
Exception: The /var/www/html/vendor/orchestra/testbench-core/laravel/bootstrap/cache directory must be present and writable.

/var/www/html/vendor/laravel/framework/src/Illuminate/Foundation/PackageManifest.php:179
/var/www/html/vendor/orchestra/testbench-core/src/Foundation/PackageManifest.php:157
/var/www/html/vendor/laravel/framework/src/Illuminate/Foundation/PackageManifest.php:132
/var/www/html/vendor/laravel/framework/src/Illuminate/Foundation/PackageManifest.php:108
/var/www/html/vendor/orchestra/testbench-core/src/Foundation/PackageManifest.php:102
/var/www/html/vendor/laravel/framework/src/Illuminate/Foundation/PackageManifest.php:91
/var/www/html/vendor/laravel/framework/src/Illuminate/Foundation/PackageManifest.php:80
/var/www/html/vendor/laravel/framework/src/Illuminate/Foundation/Bootstrap/RegisterFacades.php:26
/var/www/html/vendor/orchestra/testbench-core/src/Concerns/CreatesApplication.php:556
/var/www/html/vendor/orchestra/testbench-core/src/Concerns/CreatesApplication.php:311
/var/www/html/vendor/orchestra/testbench-core/src/TestCase.php:121
/var/www/html/vendor/orchestra/testbench-core/src/Concerns/ApplicationTestingHooks.php:74
/var/www/html/vendor/orchestra/testbench-core/src/Concerns/Testing.php:43
/var/www/html/vendor/laravel/framework/src/Illuminate/Collections/helpers.php:236
/var/www/html/vendor/orchestra/sidekick/src/functions.php:87
/var/www/html/vendor/laravel/framework/src/Illuminate/Collections/helpers.php:236
/var/www/html/vendor/orchestra/testbench-core/src/Concerns/Testing.php:57
/var/www/html/vendor/orchestra/testbench-core/src/TestCase.php:50
/var/www/html/tests/TestCase.php:61
/var/www/html/tests/Unit/Registry/PromptRegistryTest.php:22</error>
        </testcase>
        <testcase name="test_get_prompt_with_class_name" file="/var/www/html/tests/Unit/Registry/PromptRegistryTest.php" line="363" class="JTD\LaravelMCP\Tests\Unit\Registry\PromptRegistryTest" classname="JTD.LaravelMCP.Tests.Unit.Registry.PromptRegistryTest" assertions="0" time="0.000000">
          <error type="Exception">JTD\LaravelMCP\Tests\Unit\Registry\PromptRegistryTest::test_get_prompt_with_class_name
Exception: The /var/www/html/vendor/orchestra/testbench-core/laravel/bootstrap/cache directory must be present and writable.

/var/www/html/vendor/laravel/framework/src/Illuminate/Foundation/PackageManifest.php:179
/var/www/html/vendor/orchestra/testbench-core/src/Foundation/PackageManifest.php:157
/var/www/html/vendor/laravel/framework/src/Illuminate/Foundation/PackageManifest.php:132
/var/www/html/vendor/laravel/framework/src/Illuminate/Foundation/PackageManifest.php:108
/var/www/html/vendor/orchestra/testbench-core/src/Foundation/PackageManifest.php:102
/var/www/html/vendor/laravel/framework/src/Illuminate/Foundation/PackageManifest.php:91
/var/www/html/vendor/laravel/framework/src/Illuminate/Foundation/PackageManifest.php:80
/var/www/html/vendor/laravel/framework/src/Illuminate/Foundation/Bootstrap/RegisterFacades.php:26
/var/www/html/vendor/orchestra/testbench-core/src/Concerns/CreatesApplication.php:556
/var/www/html/vendor/orchestra/testbench-core/src/Concerns/CreatesApplication.php:311
/var/www/html/vendor/orchestra/testbench-core/src/TestCase.php:121
/var/www/html/vendor/orchestra/testbench-core/src/Concerns/ApplicationTestingHooks.php:74
/var/www/html/vendor/orchestra/testbench-core/src/Concerns/Testing.php:43
/var/www/html/vendor/laravel/framework/src/Illuminate/Collections/helpers.php:236
/var/www/html/vendor/orchestra/sidekick/src/functions.php:87
/var/www/html/vendor/laravel/framework/src/Illuminate/Collections/helpers.php:236
/var/www/html/vendor/orchestra/testbench-core/src/Concerns/Testing.php:57
/var/www/html/vendor/orchestra/testbench-core/src/TestCase.php:50
/var/www/html/tests/TestCase.php:61
/var/www/html/tests/Unit/Registry/PromptRegistryTest.php:22</error>
        </testcase>
        <testcase name="test_get_invalid_prompt_throws_exception" file="/var/www/html/tests/Unit/Registry/PromptRegistryTest.php" line="394" class="JTD\LaravelMCP\Tests\Unit\Registry\PromptRegistryTest" classname="JTD.LaravelMCP.Tests.Unit.Registry.PromptRegistryTest" assertions="0" time="0.000000">
          <error type="Exception">JTD\LaravelMCP\Tests\Unit\Registry\PromptRegistryTest::test_get_invalid_prompt_throws_exception
Exception: The /var/www/html/vendor/orchestra/testbench-core/laravel/bootstrap/cache directory must be present and writable.

/var/www/html/vendor/laravel/framework/src/Illuminate/Foundation/PackageManifest.php:179
/var/www/html/vendor/orchestra/testbench-core/src/Foundation/PackageManifest.php:157
/var/www/html/vendor/laravel/framework/src/Illuminate/Foundation/PackageManifest.php:132
/var/www/html/vendor/laravel/framework/src/Illuminate/Foundation/PackageManifest.php:108
/var/www/html/vendor/orchestra/testbench-core/src/Foundation/PackageManifest.php:102
/var/www/html/vendor/laravel/framework/src/Illuminate/Foundation/PackageManifest.php:91
/var/www/html/vendor/laravel/framework/src/Illuminate/Foundation/PackageManifest.php:80
/var/www/html/vendor/laravel/framework/src/Illuminate/Foundation/Bootstrap/RegisterFacades.php:26
/var/www/html/vendor/orchestra/testbench-core/src/Concerns/CreatesApplication.php:556
/var/www/html/vendor/orchestra/testbench-core/src/Concerns/CreatesApplication.php:311
/var/www/html/vendor/orchestra/testbench-core/src/TestCase.php:121
/var/www/html/vendor/orchestra/testbench-core/src/Concerns/ApplicationTestingHooks.php:74
/var/www/html/vendor/orchestra/testbench-core/src/Concerns/Testing.php:43
/var/www/html/vendor/laravel/framework/src/Illuminate/Collections/helpers.php:236
/var/www/html/vendor/orchestra/sidekick/src/functions.php:87
/var/www/html/vendor/laravel/framework/src/Illuminate/Collections/helpers.php:236
/var/www/html/vendor/orchestra/testbench-core/src/Concerns/Testing.php:57
/var/www/html/vendor/orchestra/testbench-core/src/TestCase.php:50
/var/www/html/tests/TestCase.php:61
/var/www/html/tests/Unit/Registry/PromptRegistryTest.php:22</error>
        </testcase>
        <testcase name="test_list_prompts" file="/var/www/html/tests/Unit/Registry/PromptRegistryTest.php" line="413" class="JTD\LaravelMCP\Tests\Unit\Registry\PromptRegistryTest" classname="JTD.LaravelMCP.Tests.Unit.Registry.PromptRegistryTest" assertions="0" time="0.000000">
          <error type="Exception">JTD\LaravelMCP\Tests\Unit\Registry\PromptRegistryTest::test_list_prompts
Exception: The /var/www/html/vendor/orchestra/testbench-core/laravel/bootstrap/cache directory must be present and writable.

/var/www/html/vendor/laravel/framework/src/Illuminate/Foundation/PackageManifest.php:179
/var/www/html/vendor/orchestra/testbench-core/src/Foundation/PackageManifest.php:157
/var/www/html/vendor/laravel/framework/src/Illuminate/Foundation/PackageManifest.php:132
/var/www/html/vendor/laravel/framework/src/Illuminate/Foundation/PackageManifest.php:108
/var/www/html/vendor/orchestra/testbench-core/src/Foundation/PackageManifest.php:102
/var/www/html/vendor/laravel/framework/src/Illuminate/Foundation/PackageManifest.php:91
/var/www/html/vendor/laravel/framework/src/Illuminate/Foundation/PackageManifest.php:80
/var/www/html/vendor/laravel/framework/src/Illuminate/Foundation/Bootstrap/RegisterFacades.php:26
/var/www/html/vendor/orchestra/testbench-core/src/Concerns/CreatesApplication.php:556
/var/www/html/vendor/orchestra/testbench-core/src/Concerns/CreatesApplication.php:311
/var/www/html/vendor/orchestra/testbench-core/src/TestCase.php:121
/var/www/html/vendor/orchestra/testbench-core/src/Concerns/ApplicationTestingHooks.php:74
/var/www/html/vendor/orchestra/testbench-core/src/Concerns/Testing.php:43
/var/www/html/vendor/laravel/framework/src/Illuminate/Collections/helpers.php:236
/var/www/html/vendor/orchestra/sidekick/src/functions.php:87
/var/www/html/vendor/laravel/framework/src/Illuminate/Collections/helpers.php:236
/var/www/html/vendor/orchestra/testbench-core/src/Concerns/Testing.php:57
/var/www/html/vendor/orchestra/testbench-core/src/TestCase.php:50
/var/www/html/tests/TestCase.php:61
/var/www/html/tests/Unit/Registry/PromptRegistryTest.php:22</error>
        </testcase>
        <testcase name="test_validate_arguments" file="/var/www/html/tests/Unit/Registry/PromptRegistryTest.php" line="448" class="JTD\LaravelMCP\Tests\Unit\Registry\PromptRegistryTest" classname="JTD.LaravelMCP.Tests.Unit.Registry.PromptRegistryTest" assertions="0" time="0.000000">
          <error type="Exception">JTD\LaravelMCP\Tests\Unit\Registry\PromptRegistryTest::test_validate_arguments
Exception: The /var/www/html/vendor/orchestra/testbench-core/laravel/bootstrap/cache directory must be present and writable.

/var/www/html/vendor/laravel/framework/src/Illuminate/Foundation/PackageManifest.php:179
/var/www/html/vendor/orchestra/testbench-core/src/Foundation/PackageManifest.php:157
/var/www/html/vendor/laravel/framework/src/Illuminate/Foundation/PackageManifest.php:132
/var/www/html/vendor/laravel/framework/src/Illuminate/Foundation/PackageManifest.php:108
/var/www/html/vendor/orchestra/testbench-core/src/Foundation/PackageManifest.php:102
/var/www/html/vendor/laravel/framework/src/Illuminate/Foundation/PackageManifest.php:91
/var/www/html/vendor/laravel/framework/src/Illuminate/Foundation/PackageManifest.php:80
/var/www/html/vendor/laravel/framework/src/Illuminate/Foundation/Bootstrap/RegisterFacades.php:26
/var/www/html/vendor/orchestra/testbench-core/src/Concerns/CreatesApplication.php:556
/var/www/html/vendor/orchestra/testbench-core/src/Concerns/CreatesApplication.php:311
/var/www/html/vendor/orchestra/testbench-core/src/TestCase.php:121
/var/www/html/vendor/orchestra/testbench-core/src/Concerns/ApplicationTestingHooks.php:74
/var/www/html/vendor/orchestra/testbench-core/src/Concerns/Testing.php:43
/var/www/html/vendor/laravel/framework/src/Illuminate/Collections/helpers.php:236
/var/www/html/vendor/orchestra/sidekick/src/functions.php:87
/var/www/html/vendor/laravel/framework/src/Illuminate/Collections/helpers.php:236
/var/www/html/vendor/orchestra/testbench-core/src/Concerns/Testing.php:57
/var/www/html/vendor/orchestra/testbench-core/src/TestCase.php:50
/var/www/html/tests/TestCase.php:61
/var/www/html/tests/Unit/Registry/PromptRegistryTest.php:22</error>
        </testcase>
        <testcase name="test_get_prompts_by_arguments" file="/var/www/html/tests/Unit/Registry/PromptRegistryTest.php" line="486" class="JTD\LaravelMCP\Tests\Unit\Registry\PromptRegistryTest" classname="JTD.LaravelMCP.Tests.Unit.Registry.PromptRegistryTest" assertions="0" time="0.000000">
          <error type="Exception">JTD\LaravelMCP\Tests\Unit\Registry\PromptRegistryTest::test_get_prompts_by_arguments
Exception: The /var/www/html/vendor/orchestra/testbench-core/laravel/bootstrap/cache directory must be present and writable.

/var/www/html/vendor/laravel/framework/src/Illuminate/Foundation/PackageManifest.php:179
/var/www/html/vendor/orchestra/testbench-core/src/Foundation/PackageManifest.php:157
/var/www/html/vendor/laravel/framework/src/Illuminate/Foundation/PackageManifest.php:132
/var/www/html/vendor/laravel/framework/src/Illuminate/Foundation/PackageManifest.php:108
/var/www/html/vendor/orchestra/testbench-core/src/Foundation/PackageManifest.php:102
/var/www/html/vendor/laravel/framework/src/Illuminate/Foundation/PackageManifest.php:91
/var/www/html/vendor/laravel/framework/src/Illuminate/Foundation/PackageManifest.php:80
/var/www/html/vendor/laravel/framework/src/Illuminate/Foundation/Bootstrap/RegisterFacades.php:26
/var/www/html/vendor/orchestra/testbench-core/src/Concerns/CreatesApplication.php:556
/var/www/html/vendor/orchestra/testbench-core/src/Concerns/CreatesApplication.php:311
/var/www/html/vendor/orchestra/testbench-core/src/TestCase.php:121
/var/www/html/vendor/orchestra/testbench-core/src/Concerns/ApplicationTestingHooks.php:74
/var/www/html/vendor/orchestra/testbench-core/src/Concerns/Testing.php:43
/var/www/html/vendor/laravel/framework/src/Illuminate/Collections/helpers.php:236
/var/www/html/vendor/orchestra/sidekick/src/functions.php:87
/var/www/html/vendor/laravel/framework/src/Illuminate/Collections/helpers.php:236
/var/www/html/vendor/orchestra/testbench-core/src/Concerns/Testing.php:57
/var/www/html/vendor/orchestra/testbench-core/src/TestCase.php:50
/var/www/html/tests/TestCase.php:61
/var/www/html/tests/Unit/Registry/PromptRegistryTest.php:22</error>
        </testcase>
        <testcase name="test_get_argument_schema" file="/var/www/html/tests/Unit/Registry/PromptRegistryTest.php" line="523" class="JTD\LaravelMCP\Tests\Unit\Registry\PromptRegistryTest" classname="JTD.LaravelMCP.Tests.Unit.Registry.PromptRegistryTest" assertions="0" time="0.000000">
          <error type="Exception">JTD\LaravelMCP\Tests\Unit\Registry\PromptRegistryTest::test_get_argument_schema
Exception: The /var/www/html/vendor/orchestra/testbench-core/laravel/bootstrap/cache directory must be present and writable.

/var/www/html/vendor/laravel/framework/src/Illuminate/Foundation/PackageManifest.php:179
/var/www/html/vendor/orchestra/testbench-core/src/Foundation/PackageManifest.php:157
/var/www/html/vendor/laravel/framework/src/Illuminate/Foundation/PackageManifest.php:132
/var/www/html/vendor/laravel/framework/src/Illuminate/Foundation/PackageManifest.php:108
/var/www/html/vendor/orchestra/testbench-core/src/Foundation/PackageManifest.php:102
/var/www/html/vendor/laravel/framework/src/Illuminate/Foundation/PackageManifest.php:91
/var/www/html/vendor/laravel/framework/src/Illuminate/Foundation/PackageManifest.php:80
/var/www/html/vendor/laravel/framework/src/Illuminate/Foundation/Bootstrap/RegisterFacades.php:26
/var/www/html/vendor/orchestra/testbench-core/src/Concerns/CreatesApplication.php:556
/var/www/html/vendor/orchestra/testbench-core/src/Concerns/CreatesApplication.php:311
/var/www/html/vendor/orchestra/testbench-core/src/TestCase.php:121
/var/www/html/vendor/orchestra/testbench-core/src/Concerns/ApplicationTestingHooks.php:74
/var/www/html/vendor/orchestra/testbench-core/src/Concerns/Testing.php:43
/var/www/html/vendor/laravel/framework/src/Illuminate/Collections/helpers.php:236
/var/www/html/vendor/orchestra/sidekick/src/functions.php:87
/var/www/html/vendor/laravel/framework/src/Illuminate/Collections/helpers.php:236
/var/www/html/vendor/orchestra/testbench-core/src/Concerns/Testing.php:57
/var/www/html/vendor/orchestra/testbench-core/src/TestCase.php:50
/var/www/html/tests/TestCase.php:61
/var/www/html/tests/Unit/Registry/PromptRegistryTest.php:22</error>
        </testcase>
        <testcase name="test_initialize" file="/var/www/html/tests/Unit/Registry/PromptRegistryTest.php" line="575" class="JTD\LaravelMCP\Tests\Unit\Registry\PromptRegistryTest" classname="JTD.LaravelMCP.Tests.Unit.Registry.PromptRegistryTest" assertions="0" time="0.000000">
          <error type="Exception">JTD\LaravelMCP\Tests\Unit\Registry\PromptRegistryTest::test_initialize
Exception: The /var/www/html/vendor/orchestra/testbench-core/laravel/bootstrap/cache directory must be present and writable.

/var/www/html/vendor/laravel/framework/src/Illuminate/Foundation/PackageManifest.php:179
/var/www/html/vendor/orchestra/testbench-core/src/Foundation/PackageManifest.php:157
/var/www/html/vendor/laravel/framework/src/Illuminate/Foundation/PackageManifest.php:132
/var/www/html/vendor/laravel/framework/src/Illuminate/Foundation/PackageManifest.php:108
/var/www/html/vendor/orchestra/testbench-core/src/Foundation/PackageManifest.php:102
/var/www/html/vendor/laravel/framework/src/Illuminate/Foundation/PackageManifest.php:91
/var/www/html/vendor/laravel/framework/src/Illuminate/Foundation/PackageManifest.php:80
/var/www/html/vendor/laravel/framework/src/Illuminate/Foundation/Bootstrap/RegisterFacades.php:26
/var/www/html/vendor/orchestra/testbench-core/src/Concerns/CreatesApplication.php:556
/var/www/html/vendor/orchestra/testbench-core/src/Concerns/CreatesApplication.php:311
/var/www/html/vendor/orchestra/testbench-core/src/TestCase.php:121
/var/www/html/vendor/orchestra/testbench-core/src/Concerns/ApplicationTestingHooks.php:74
/var/www/html/vendor/orchestra/testbench-core/src/Concerns/Testing.php:43
/var/www/html/vendor/laravel/framework/src/Illuminate/Collections/helpers.php:236
/var/www/html/vendor/orchestra/sidekick/src/functions.php:87
/var/www/html/vendor/laravel/framework/src/Illuminate/Collections/helpers.php:236
/var/www/html/vendor/orchestra/testbench-core/src/Concerns/Testing.php:57
/var/www/html/vendor/orchestra/testbench-core/src/TestCase.php:50
/var/www/html/tests/TestCase.php:61
/var/www/html/tests/Unit/Registry/PromptRegistryTest.php:22</error>
        </testcase>
        <testcase name="test_metadata_defaults" file="/var/www/html/tests/Unit/Registry/PromptRegistryTest.php" line="585" class="JTD\LaravelMCP\Tests\Unit\Registry\PromptRegistryTest" classname="JTD.LaravelMCP.Tests.Unit.Registry.PromptRegistryTest" assertions="0" time="0.000000">
          <error type="Exception">JTD\LaravelMCP\Tests\Unit\Registry\PromptRegistryTest::test_metadata_defaults
Exception: The /var/www/html/vendor/orchestra/testbench-core/laravel/bootstrap/cache directory must be present and writable.

/var/www/html/vendor/laravel/framework/src/Illuminate/Foundation/PackageManifest.php:179
/var/www/html/vendor/orchestra/testbench-core/src/Foundation/PackageManifest.php:157
/var/www/html/vendor/laravel/framework/src/Illuminate/Foundation/PackageManifest.php:132
/var/www/html/vendor/laravel/framework/src/Illuminate/Foundation/PackageManifest.php:108
/var/www/html/vendor/orchestra/testbench-core/src/Foundation/PackageManifest.php:102
/var/www/html/vendor/laravel/framework/src/Illuminate/Foundation/PackageManifest.php:91
/var/www/html/vendor/laravel/framework/src/Illuminate/Foundation/PackageManifest.php:80
/var/www/html/vendor/laravel/framework/src/Illuminate/Foundation/Bootstrap/RegisterFacades.php:26
/var/www/html/vendor/orchestra/testbench-core/src/Concerns/CreatesApplication.php:556
/var/www/html/vendor/orchestra/testbench-core/src/Concerns/CreatesApplication.php:311
/var/www/html/vendor/orchestra/testbench-core/src/TestCase.php:121
/var/www/html/vendor/orchestra/testbench-core/src/Concerns/ApplicationTestingHooks.php:74
/var/www/html/vendor/orchestra/testbench-core/src/Concerns/Testing.php:43
/var/www/html/vendor/laravel/framework/src/Illuminate/Collections/helpers.php:236
/var/www/html/vendor/orchestra/sidekick/src/functions.php:87
/var/www/html/vendor/laravel/framework/src/Illuminate/Collections/helpers.php:236
/var/www/html/vendor/orchestra/testbench-core/src/Concerns/Testing.php:57
/var/www/html/vendor/orchestra/testbench-core/src/TestCase.php:50
/var/www/html/tests/TestCase.php:61
/var/www/html/tests/Unit/Registry/PromptRegistryTest.php:22</error>
        </testcase>
        <testcase name="test_complex_filtering" file="/var/www/html/tests/Unit/Registry/PromptRegistryTest.php" line="604" class="JTD\LaravelMCP\Tests\Unit\Registry\PromptRegistryTest" classname="JTD.LaravelMCP.Tests.Unit.Registry.PromptRegistryTest" assertions="0" time="0.000000">
          <error type="Exception">JTD\LaravelMCP\Tests\Unit\Registry\PromptRegistryTest::test_complex_filtering
Exception: The /var/www/html/vendor/orchestra/testbench-core/laravel/bootstrap/cache directory must be present and writable.

/var/www/html/vendor/laravel/framework/src/Illuminate/Foundation/PackageManifest.php:179
/var/www/html/vendor/orchestra/testbench-core/src/Foundation/PackageManifest.php:157
/var/www/html/vendor/laravel/framework/src/Illuminate/Foundation/PackageManifest.php:132
/var/www/html/vendor/laravel/framework/src/Illuminate/Foundation/PackageManifest.php:108
/var/www/html/vendor/orchestra/testbench-core/src/Foundation/PackageManifest.php:102
/var/www/html/vendor/laravel/framework/src/Illuminate/Foundation/PackageManifest.php:91
/var/www/html/vendor/laravel/framework/src/Illuminate/Foundation/PackageManifest.php:80
/var/www/html/vendor/laravel/framework/src/Illuminate/Foundation/Bootstrap/RegisterFacades.php:26
/var/www/html/vendor/orchestra/testbench-core/src/Concerns/CreatesApplication.php:556
/var/www/html/vendor/orchestra/testbench-core/src/Concerns/CreatesApplication.php:311
/var/www/html/vendor/orchestra/testbench-core/src/TestCase.php:121
/var/www/html/vendor/orchestra/testbench-core/src/Concerns/ApplicationTestingHooks.php:74
/var/www/html/vendor/orchestra/testbench-core/src/Concerns/Testing.php:43
/var/www/html/vendor/laravel/framework/src/Illuminate/Collections/helpers.php:236
/var/www/html/vendor/orchestra/sidekick/src/functions.php:87
/var/www/html/vendor/laravel/framework/src/Illuminate/Collections/helpers.php:236
/var/www/html/vendor/orchestra/testbench-core/src/Concerns/Testing.php:57
/var/www/html/vendor/orchestra/testbench-core/src/TestCase.php:50
/var/www/html/tests/TestCase.php:61
/var/www/html/tests/Unit/Registry/PromptRegistryTest.php:22</error>
        </testcase>
        <testcase name="test_prompt_name_edge_cases" file="/var/www/html/tests/Unit/Registry/PromptRegistryTest.php" line="641" class="JTD\LaravelMCP\Tests\Unit\Registry\PromptRegistryTest" classname="JTD.LaravelMCP.Tests.Unit.Registry.PromptRegistryTest" assertions="0" time="0.000000">
          <error type="Exception">JTD\LaravelMCP\Tests\Unit\Registry\PromptRegistryTest::test_prompt_name_edge_cases
Exception: The /var/www/html/vendor/orchestra/testbench-core/laravel/bootstrap/cache directory must be present and writable.

/var/www/html/vendor/laravel/framework/src/Illuminate/Foundation/PackageManifest.php:179
/var/www/html/vendor/orchestra/testbench-core/src/Foundation/PackageManifest.php:157
/var/www/html/vendor/laravel/framework/src/Illuminate/Foundation/PackageManifest.php:132
/var/www/html/vendor/laravel/framework/src/Illuminate/Foundation/PackageManifest.php:108
/var/www/html/vendor/orchestra/testbench-core/src/Foundation/PackageManifest.php:102
/var/www/html/vendor/laravel/framework/src/Illuminate/Foundation/PackageManifest.php:91
/var/www/html/vendor/laravel/framework/src/Illuminate/Foundation/PackageManifest.php:80
/var/www/html/vendor/laravel/framework/src/Illuminate/Foundation/Bootstrap/RegisterFacades.php:26
/var/www/html/vendor/orchestra/testbench-core/src/Concerns/CreatesApplication.php:556
/var/www/html/vendor/orchestra/testbench-core/src/Concerns/CreatesApplication.php:311
/var/www/html/vendor/orchestra/testbench-core/src/TestCase.php:121
/var/www/html/vendor/orchestra/testbench-core/src/Concerns/ApplicationTestingHooks.php:74
/var/www/html/vendor/orchestra/testbench-core/src/Concerns/Testing.php:43
/var/www/html/vendor/laravel/framework/src/Illuminate/Collections/helpers.php:236
/var/www/html/vendor/orchestra/sidekick/src/functions.php:87
/var/www/html/vendor/laravel/framework/src/Illuminate/Collections/helpers.php:236
/var/www/html/vendor/orchestra/testbench-core/src/Concerns/Testing.php:57
/var/www/html/vendor/orchestra/testbench-core/src/TestCase.php:50
/var/www/html/tests/TestCase.php:61
/var/www/html/tests/Unit/Registry/PromptRegistryTest.php:22</error>
        </testcase>
        <testcase name="test_argument_schema_with_missing_names" file="/var/www/html/tests/Unit/Registry/PromptRegistryTest.php" line="661" class="JTD\LaravelMCP\Tests\Unit\Registry\PromptRegistryTest" classname="JTD.LaravelMCP.Tests.Unit.Registry.PromptRegistryTest" assertions="0" time="0.000000">
          <error type="Exception">JTD\LaravelMCP\Tests\Unit\Registry\PromptRegistryTest::test_argument_schema_with_missing_names
Exception: The /var/www/html/vendor/orchestra/testbench-core/laravel/bootstrap/cache directory must be present and writable.

/var/www/html/vendor/laravel/framework/src/Illuminate/Foundation/PackageManifest.php:179
/var/www/html/vendor/orchestra/testbench-core/src/Foundation/PackageManifest.php:157
/var/www/html/vendor/laravel/framework/src/Illuminate/Foundation/PackageManifest.php:132
/var/www/html/vendor/laravel/framework/src/Illuminate/Foundation/PackageManifest.php:108
/var/www/html/vendor/orchestra/testbench-core/src/Foundation/PackageManifest.php:102
/var/www/html/vendor/laravel/framework/src/Illuminate/Foundation/PackageManifest.php:91
/var/www/html/vendor/laravel/framework/src/Illuminate/Foundation/PackageManifest.php:80
/var/www/html/vendor/laravel/framework/src/Illuminate/Foundation/Bootstrap/RegisterFacades.php:26
/var/www/html/vendor/orchestra/testbench-core/src/Concerns/CreatesApplication.php:556
/var/www/html/vendor/orchestra/testbench-core/src/Concerns/CreatesApplication.php:311
/var/www/html/vendor/orchestra/testbench-core/src/TestCase.php:121
/var/www/html/vendor/orchestra/testbench-core/src/Concerns/ApplicationTestingHooks.php:74
/var/www/html/vendor/orchestra/testbench-core/src/Concerns/Testing.php:43
/var/www/html/vendor/laravel/framework/src/Illuminate/Collections/helpers.php:236
/var/www/html/vendor/orchestra/sidekick/src/functions.php:87
/var/www/html/vendor/laravel/framework/src/Illuminate/Collections/helpers.php:236
/var/www/html/vendor/orchestra/testbench-core/src/Concerns/Testing.php:57
/var/www/html/vendor/orchestra/testbench-core/src/TestCase.php:50
/var/www/html/tests/TestCase.php:61
/var/www/html/tests/Unit/Registry/PromptRegistryTest.php:22</error>
        </testcase>
        <testcase name="test_message_formatting" file="/var/www/html/tests/Unit/Registry/PromptRegistryTest.php" line="684" class="JTD\LaravelMCP\Tests\Unit\Registry\PromptRegistryTest" classname="JTD.LaravelMCP.Tests.Unit.Registry.PromptRegistryTest" assertions="0" time="0.000000">
          <error type="Exception">JTD\LaravelMCP\Tests\Unit\Registry\PromptRegistryTest::test_message_formatting
Exception: The /var/www/html/vendor/orchestra/testbench-core/laravel/bootstrap/cache directory must be present and writable.

/var/www/html/vendor/laravel/framework/src/Illuminate/Foundation/PackageManifest.php:179
/var/www/html/vendor/orchestra/testbench-core/src/Foundation/PackageManifest.php:157
/var/www/html/vendor/laravel/framework/src/Illuminate/Foundation/PackageManifest.php:132
/var/www/html/vendor/laravel/framework/src/Illuminate/Foundation/PackageManifest.php:108
/var/www/html/vendor/orchestra/testbench-core/src/Foundation/PackageManifest.php:102
/var/www/html/vendor/laravel/framework/src/Illuminate/Foundation/PackageManifest.php:91
/var/www/html/vendor/laravel/framework/src/Illuminate/Foundation/PackageManifest.php:80
/var/www/html/vendor/laravel/framework/src/Illuminate/Foundation/Bootstrap/RegisterFacades.php:26
/var/www/html/vendor/orchestra/testbench-core/src/Concerns/CreatesApplication.php:556
/var/www/html/vendor/orchestra/testbench-core/src/Concerns/CreatesApplication.php:311
/var/www/html/vendor/orchestra/testbench-core/src/TestCase.php:121
/var/www/html/vendor/orchestra/testbench-core/src/Concerns/ApplicationTestingHooks.php:74
/var/www/html/vendor/orchestra/testbench-core/src/Concerns/Testing.php:43
/var/www/html/vendor/laravel/framework/src/Illuminate/Collections/helpers.php:236
/var/www/html/vendor/orchestra/sidekick/src/functions.php:87
/var/www/html/vendor/laravel/framework/src/Illuminate/Collections/helpers.php:236
/var/www/html/vendor/orchestra/testbench-core/src/Concerns/Testing.php:57
/var/www/html/vendor/orchestra/testbench-core/src/TestCase.php:50
/var/www/html/tests/TestCase.php:61
/var/www/html/tests/Unit/Registry/PromptRegistryTest.php:22</error>
        </testcase>
      </testsuite>
      <testsuite name="JTD\LaravelMCP\Tests\Unit\Registry\ResourceRegistryTest" file="/var/www/html/tests/Unit/Registry/ResourceRegistryTest.php" tests="29" assertions="0" errors="29" failures="0" skipped="0" time="0.000000">
        <testcase name="test_register_resource_successfully" file="/var/www/html/tests/Unit/Registry/ResourceRegistryTest.php" line="28" class="JTD\LaravelMCP\Tests\Unit\Registry\ResourceRegistryTest" classname="JTD.LaravelMCP.Tests.Unit.Registry.ResourceRegistryTest" assertions="0" time="0.000000">
          <error type="Exception">JTD\LaravelMCP\Tests\Unit\Registry\ResourceRegistryTest::test_register_resource_successfully
Exception: The /var/www/html/vendor/orchestra/testbench-core/laravel/bootstrap/cache directory must be present and writable.

/var/www/html/vendor/laravel/framework/src/Illuminate/Foundation/PackageManifest.php:179
/var/www/html/vendor/orchestra/testbench-core/src/Foundation/PackageManifest.php:157
/var/www/html/vendor/laravel/framework/src/Illuminate/Foundation/PackageManifest.php:132
/var/www/html/vendor/laravel/framework/src/Illuminate/Foundation/PackageManifest.php:108
/var/www/html/vendor/orchestra/testbench-core/src/Foundation/PackageManifest.php:102
/var/www/html/vendor/laravel/framework/src/Illuminate/Foundation/PackageManifest.php:91
/var/www/html/vendor/laravel/framework/src/Illuminate/Foundation/PackageManifest.php:80
/var/www/html/vendor/laravel/framework/src/Illuminate/Foundation/Bootstrap/RegisterFacades.php:26
/var/www/html/vendor/orchestra/testbench-core/src/Concerns/CreatesApplication.php:556
/var/www/html/vendor/orchestra/testbench-core/src/Concerns/CreatesApplication.php:311
/var/www/html/vendor/orchestra/testbench-core/src/TestCase.php:121
/var/www/html/vendor/orchestra/testbench-core/src/Concerns/ApplicationTestingHooks.php:74
/var/www/html/vendor/orchestra/testbench-core/src/Concerns/Testing.php:43
/var/www/html/vendor/laravel/framework/src/Illuminate/Collections/helpers.php:236
/var/www/html/vendor/orchestra/sidekick/src/functions.php:87
/var/www/html/vendor/laravel/framework/src/Illuminate/Collections/helpers.php:236
/var/www/html/vendor/orchestra/testbench-core/src/Concerns/Testing.php:57
/var/www/html/vendor/orchestra/testbench-core/src/TestCase.php:50
/var/www/html/tests/TestCase.php:61
/var/www/html/tests/Unit/Registry/ResourceRegistryTest.php:21</error>
        </testcase>
        <testcase name="test_register_duplicate_resource_throws_exception" file="/var/www/html/tests/Unit/Registry/ResourceRegistryTest.php" line="52" class="JTD\LaravelMCP\Tests\Unit\Registry\ResourceRegistryTest" classname="JTD.LaravelMCP.Tests.Unit.Registry.ResourceRegistryTest" assertions="0" time="0.000000">
          <error type="Exception">JTD\LaravelMCP\Tests\Unit\Registry\ResourceRegistryTest::test_register_duplicate_resource_throws_exception
Exception: The /var/www/html/vendor/orchestra/testbench-core/laravel/bootstrap/cache directory must be present and writable.

/var/www/html/vendor/laravel/framework/src/Illuminate/Foundation/PackageManifest.php:179
/var/www/html/vendor/orchestra/testbench-core/src/Foundation/PackageManifest.php:157
/var/www/html/vendor/laravel/framework/src/Illuminate/Foundation/PackageManifest.php:132
/var/www/html/vendor/laravel/framework/src/Illuminate/Foundation/PackageManifest.php:108
/var/www/html/vendor/orchestra/testbench-core/src/Foundation/PackageManifest.php:102
/var/www/html/vendor/laravel/framework/src/Illuminate/Foundation/PackageManifest.php:91
/var/www/html/vendor/laravel/framework/src/Illuminate/Foundation/PackageManifest.php:80
/var/www/html/vendor/laravel/framework/src/Illuminate/Foundation/Bootstrap/RegisterFacades.php:26
/var/www/html/vendor/orchestra/testbench-core/src/Concerns/CreatesApplication.php:556
/var/www/html/vendor/orchestra/testbench-core/src/Concerns/CreatesApplication.php:311
/var/www/html/vendor/orchestra/testbench-core/src/TestCase.php:121
/var/www/html/vendor/orchestra/testbench-core/src/Concerns/ApplicationTestingHooks.php:74
/var/www/html/vendor/orchestra/testbench-core/src/Concerns/Testing.php:43
/var/www/html/vendor/laravel/framework/src/Illuminate/Collections/helpers.php:236
/var/www/html/vendor/orchestra/sidekick/src/functions.php:87
/var/www/html/vendor/laravel/framework/src/Illuminate/Collections/helpers.php:236
/var/www/html/vendor/orchestra/testbench-core/src/Concerns/Testing.php:57
/var/www/html/vendor/orchestra/testbench-core/src/TestCase.php:50
/var/www/html/tests/TestCase.php:61
/var/www/html/tests/Unit/Registry/ResourceRegistryTest.php:21</error>
        </testcase>
        <testcase name="test_get_non_existent_resource_throws_exception" file="/var/www/html/tests/Unit/Registry/ResourceRegistryTest.php" line="68" class="JTD\LaravelMCP\Tests\Unit\Registry\ResourceRegistryTest" classname="JTD.LaravelMCP.Tests.Unit.Registry.ResourceRegistryTest" assertions="0" time="0.000000">
          <error type="Exception">JTD\LaravelMCP\Tests\Unit\Registry\ResourceRegistryTest::test_get_non_existent_resource_throws_exception
Exception: The /var/www/html/vendor/orchestra/testbench-core/laravel/bootstrap/cache directory must be present and writable.

/var/www/html/vendor/laravel/framework/src/Illuminate/Foundation/PackageManifest.php:179
/var/www/html/vendor/orchestra/testbench-core/src/Foundation/PackageManifest.php:157
/var/www/html/vendor/laravel/framework/src/Illuminate/Foundation/PackageManifest.php:132
/var/www/html/vendor/laravel/framework/src/Illuminate/Foundation/PackageManifest.php:108
/var/www/html/vendor/orchestra/testbench-core/src/Foundation/PackageManifest.php:102
/var/www/html/vendor/laravel/framework/src/Illuminate/Foundation/PackageManifest.php:91
/var/www/html/vendor/laravel/framework/src/Illuminate/Foundation/PackageManifest.php:80
/var/www/html/vendor/laravel/framework/src/Illuminate/Foundation/Bootstrap/RegisterFacades.php:26
/var/www/html/vendor/orchestra/testbench-core/src/Concerns/CreatesApplication.php:556
/var/www/html/vendor/orchestra/testbench-core/src/Concerns/CreatesApplication.php:311
/var/www/html/vendor/orchestra/testbench-core/src/TestCase.php:121
/var/www/html/vendor/orchestra/testbench-core/src/Concerns/ApplicationTestingHooks.php:74
/var/www/html/vendor/orchestra/testbench-core/src/Concerns/Testing.php:43
/var/www/html/vendor/laravel/framework/src/Illuminate/Collections/helpers.php:236
/var/www/html/vendor/orchestra/sidekick/src/functions.php:87
/var/www/html/vendor/laravel/framework/src/Illuminate/Collections/helpers.php:236
/var/www/html/vendor/orchestra/testbench-core/src/Concerns/Testing.php:57
/var/www/html/vendor/orchestra/testbench-core/src/TestCase.php:50
/var/www/html/tests/TestCase.php:61
/var/www/html/tests/Unit/Registry/ResourceRegistryTest.php:21</error>
        </testcase>
        <testcase name="test_unregister_resource_successfully" file="/var/www/html/tests/Unit/Registry/ResourceRegistryTest.php" line="79" class="JTD\LaravelMCP\Tests\Unit\Registry\ResourceRegistryTest" classname="JTD.LaravelMCP.Tests.Unit.Registry.ResourceRegistryTest" assertions="0" time="0.000000">
          <error type="Exception">JTD\LaravelMCP\Tests\Unit\Registry\ResourceRegistryTest::test_unregister_resource_successfully
Exception: The /var/www/html/vendor/orchestra/testbench-core/laravel/bootstrap/cache directory must be present and writable.

/var/www/html/vendor/laravel/framework/src/Illuminate/Foundation/PackageManifest.php:179
/var/www/html/vendor/orchestra/testbench-core/src/Foundation/PackageManifest.php:157
/var/www/html/vendor/laravel/framework/src/Illuminate/Foundation/PackageManifest.php:132
/var/www/html/vendor/laravel/framework/src/Illuminate/Foundation/PackageManifest.php:108
/var/www/html/vendor/orchestra/testbench-core/src/Foundation/PackageManifest.php:102
/var/www/html/vendor/laravel/framework/src/Illuminate/Foundation/PackageManifest.php:91
/var/www/html/vendor/laravel/framework/src/Illuminate/Foundation/PackageManifest.php:80
/var/www/html/vendor/laravel/framework/src/Illuminate/Foundation/Bootstrap/RegisterFacades.php:26
/var/www/html/vendor/orchestra/testbench-core/src/Concerns/CreatesApplication.php:556
/var/www/html/vendor/orchestra/testbench-core/src/Concerns/CreatesApplication.php:311
/var/www/html/vendor/orchestra/testbench-core/src/TestCase.php:121
/var/www/html/vendor/orchestra/testbench-core/src/Concerns/ApplicationTestingHooks.php:74
/var/www/html/vendor/orchestra/testbench-core/src/Concerns/Testing.php:43
/var/www/html/vendor/laravel/framework/src/Illuminate/Collections/helpers.php:236
/var/www/html/vendor/orchestra/sidekick/src/functions.php:87
/var/www/html/vendor/laravel/framework/src/Illuminate/Collections/helpers.php:236
/var/www/html/vendor/orchestra/testbench-core/src/Concerns/Testing.php:57
/var/www/html/vendor/orchestra/testbench-core/src/TestCase.php:50
/var/www/html/tests/TestCase.php:61
/var/www/html/tests/Unit/Registry/ResourceRegistryTest.php:21</error>
        </testcase>
        <testcase name="test_unregister_non_existent_resource" file="/var/www/html/tests/Unit/Registry/ResourceRegistryTest.php" line="96" class="JTD\LaravelMCP\Tests\Unit\Registry\ResourceRegistryTest" classname="JTD.LaravelMCP.Tests.Unit.Registry.ResourceRegistryTest" assertions="0" time="0.000000">
          <error type="Exception">JTD\LaravelMCP\Tests\Unit\Registry\ResourceRegistryTest::test_unregister_non_existent_resource
Exception: The /var/www/html/vendor/orchestra/testbench-core/laravel/bootstrap/cache directory must be present and writable.

/var/www/html/vendor/laravel/framework/src/Illuminate/Foundation/PackageManifest.php:179
/var/www/html/vendor/orchestra/testbench-core/src/Foundation/PackageManifest.php:157
/var/www/html/vendor/laravel/framework/src/Illuminate/Foundation/PackageManifest.php:132
/var/www/html/vendor/laravel/framework/src/Illuminate/Foundation/PackageManifest.php:108
/var/www/html/vendor/orchestra/testbench-core/src/Foundation/PackageManifest.php:102
/var/www/html/vendor/laravel/framework/src/Illuminate/Foundation/PackageManifest.php:91
/var/www/html/vendor/laravel/framework/src/Illuminate/Foundation/PackageManifest.php:80
/var/www/html/vendor/laravel/framework/src/Illuminate/Foundation/Bootstrap/RegisterFacades.php:26
/var/www/html/vendor/orchestra/testbench-core/src/Concerns/CreatesApplication.php:556
/var/www/html/vendor/orchestra/testbench-core/src/Concerns/CreatesApplication.php:311
/var/www/html/vendor/orchestra/testbench-core/src/TestCase.php:121
/var/www/html/vendor/orchestra/testbench-core/src/Concerns/ApplicationTestingHooks.php:74
/var/www/html/vendor/orchestra/testbench-core/src/Concerns/Testing.php:43
/var/www/html/vendor/laravel/framework/src/Illuminate/Collections/helpers.php:236
/var/www/html/vendor/orchestra/sidekick/src/functions.php:87
/var/www/html/vendor/laravel/framework/src/Illuminate/Collections/helpers.php:236
/var/www/html/vendor/orchestra/testbench-core/src/Concerns/Testing.php:57
/var/www/html/vendor/orchestra/testbench-core/src/TestCase.php:50
/var/www/html/tests/TestCase.php:61
/var/www/html/tests/Unit/Registry/ResourceRegistryTest.php:21</error>
        </testcase>
        <testcase name="test_has_resource" file="/var/www/html/tests/Unit/Registry/ResourceRegistryTest.php" line="106" class="JTD\LaravelMCP\Tests\Unit\Registry\ResourceRegistryTest" classname="JTD.LaravelMCP.Tests.Unit.Registry.ResourceRegistryTest" assertions="0" time="0.000000">
          <error type="Exception">JTD\LaravelMCP\Tests\Unit\Registry\ResourceRegistryTest::test_has_resource
Exception: The /var/www/html/vendor/orchestra/testbench-core/laravel/bootstrap/cache directory must be present and writable.

/var/www/html/vendor/laravel/framework/src/Illuminate/Foundation/PackageManifest.php:179
/var/www/html/vendor/orchestra/testbench-core/src/Foundation/PackageManifest.php:157
/var/www/html/vendor/laravel/framework/src/Illuminate/Foundation/PackageManifest.php:132
/var/www/html/vendor/laravel/framework/src/Illuminate/Foundation/PackageManifest.php:108
/var/www/html/vendor/orchestra/testbench-core/src/Foundation/PackageManifest.php:102
/var/www/html/vendor/laravel/framework/src/Illuminate/Foundation/PackageManifest.php:91
/var/www/html/vendor/laravel/framework/src/Illuminate/Foundation/PackageManifest.php:80
/var/www/html/vendor/laravel/framework/src/Illuminate/Foundation/Bootstrap/RegisterFacades.php:26
/var/www/html/vendor/orchestra/testbench-core/src/Concerns/CreatesApplication.php:556
/var/www/html/vendor/orchestra/testbench-core/src/Concerns/CreatesApplication.php:311
/var/www/html/vendor/orchestra/testbench-core/src/TestCase.php:121
/var/www/html/vendor/orchestra/testbench-core/src/Concerns/ApplicationTestingHooks.php:74
/var/www/html/vendor/orchestra/testbench-core/src/Concerns/Testing.php:43
/var/www/html/vendor/laravel/framework/src/Illuminate/Collections/helpers.php:236
/var/www/html/vendor/orchestra/sidekick/src/functions.php:87
/var/www/html/vendor/laravel/framework/src/Illuminate/Collections/helpers.php:236
/var/www/html/vendor/orchestra/testbench-core/src/Concerns/Testing.php:57
/var/www/html/vendor/orchestra/testbench-core/src/TestCase.php:50
/var/www/html/tests/TestCase.php:61
/var/www/html/tests/Unit/Registry/ResourceRegistryTest.php:21</error>
        </testcase>
        <testcase name="test_get_all_resources" file="/var/www/html/tests/Unit/Registry/ResourceRegistryTest.php" line="121" class="JTD\LaravelMCP\Tests\Unit\Registry\ResourceRegistryTest" classname="JTD.LaravelMCP.Tests.Unit.Registry.ResourceRegistryTest" assertions="0" time="0.000000">
          <error type="Exception">JTD\LaravelMCP\Tests\Unit\Registry\ResourceRegistryTest::test_get_all_resources
Exception: The /var/www/html/vendor/orchestra/testbench-core/laravel/bootstrap/cache directory must be present and writable.

/var/www/html/vendor/laravel/framework/src/Illuminate/Foundation/PackageManifest.php:179
/var/www/html/vendor/orchestra/testbench-core/src/Foundation/PackageManifest.php:157
/var/www/html/vendor/laravel/framework/src/Illuminate/Foundation/PackageManifest.php:132
/var/www/html/vendor/laravel/framework/src/Illuminate/Foundation/PackageManifest.php:108
/var/www/html/vendor/orchestra/testbench-core/src/Foundation/PackageManifest.php:102
/var/www/html/vendor/laravel/framework/src/Illuminate/Foundation/PackageManifest.php:91
/var/www/html/vendor/laravel/framework/src/Illuminate/Foundation/PackageManifest.php:80
/var/www/html/vendor/laravel/framework/src/Illuminate/Foundation/Bootstrap/RegisterFacades.php:26
/var/www/html/vendor/orchestra/testbench-core/src/Concerns/CreatesApplication.php:556
/var/www/html/vendor/orchestra/testbench-core/src/Concerns/CreatesApplication.php:311
/var/www/html/vendor/orchestra/testbench-core/src/TestCase.php:121
/var/www/html/vendor/orchestra/testbench-core/src/Concerns/ApplicationTestingHooks.php:74
/var/www/html/vendor/orchestra/testbench-core/src/Concerns/Testing.php:43
/var/www/html/vendor/laravel/framework/src/Illuminate/Collections/helpers.php:236
/var/www/html/vendor/orchestra/sidekick/src/functions.php:87
/var/www/html/vendor/laravel/framework/src/Illuminate/Collections/helpers.php:236
/var/www/html/vendor/orchestra/testbench-core/src/Concerns/Testing.php:57
/var/www/html/vendor/orchestra/testbench-core/src/TestCase.php:50
/var/www/html/tests/TestCase.php:61
/var/www/html/tests/Unit/Registry/ResourceRegistryTest.php:21</error>
        </testcase>
        <testcase name="test_get_resource_names" file="/var/www/html/tests/Unit/Registry/ResourceRegistryTest.php" line="142" class="JTD\LaravelMCP\Tests\Unit\Registry\ResourceRegistryTest" classname="JTD.LaravelMCP.Tests.Unit.Registry.ResourceRegistryTest" assertions="0" time="0.000000">
          <error type="Exception">JTD\LaravelMCP\Tests\Unit\Registry\ResourceRegistryTest::test_get_resource_names
Exception: The /var/www/html/vendor/orchestra/testbench-core/laravel/bootstrap/cache directory must be present and writable.

/var/www/html/vendor/laravel/framework/src/Illuminate/Foundation/PackageManifest.php:179
/var/www/html/vendor/orchestra/testbench-core/src/Foundation/PackageManifest.php:157
/var/www/html/vendor/laravel/framework/src/Illuminate/Foundation/PackageManifest.php:132
/var/www/html/vendor/laravel/framework/src/Illuminate/Foundation/PackageManifest.php:108
/var/www/html/vendor/orchestra/testbench-core/src/Foundation/PackageManifest.php:102
/var/www/html/vendor/laravel/framework/src/Illuminate/Foundation/PackageManifest.php:91
/var/www/html/vendor/laravel/framework/src/Illuminate/Foundation/PackageManifest.php:80
/var/www/html/vendor/laravel/framework/src/Illuminate/Foundation/Bootstrap/RegisterFacades.php:26
/var/www/html/vendor/orchestra/testbench-core/src/Concerns/CreatesApplication.php:556
/var/www/html/vendor/orchestra/testbench-core/src/Concerns/CreatesApplication.php:311
/var/www/html/vendor/orchestra/testbench-core/src/TestCase.php:121
/var/www/html/vendor/orchestra/testbench-core/src/Concerns/ApplicationTestingHooks.php:74
/var/www/html/vendor/orchestra/testbench-core/src/Concerns/Testing.php:43
/var/www/html/vendor/laravel/framework/src/Illuminate/Collections/helpers.php:236
/var/www/html/vendor/orchestra/sidekick/src/functions.php:87
/var/www/html/vendor/laravel/framework/src/Illuminate/Collections/helpers.php:236
/var/www/html/vendor/orchestra/testbench-core/src/Concerns/Testing.php:57
/var/www/html/vendor/orchestra/testbench-core/src/TestCase.php:50
/var/www/html/tests/TestCase.php:61
/var/www/html/tests/Unit/Registry/ResourceRegistryTest.php:21</error>
        </testcase>
        <testcase name="test_count_resources" file="/var/www/html/tests/Unit/Registry/ResourceRegistryTest.php" line="155" class="JTD\LaravelMCP\Tests\Unit\Registry\ResourceRegistryTest" classname="JTD.LaravelMCP.Tests.Unit.Registry.ResourceRegistryTest" assertions="0" time="0.000000">
          <error type="Exception">JTD\LaravelMCP\Tests\Unit\Registry\ResourceRegistryTest::test_count_resources
Exception: The /var/www/html/vendor/orchestra/testbench-core/laravel/bootstrap/cache directory must be present and writable.

/var/www/html/vendor/laravel/framework/src/Illuminate/Foundation/PackageManifest.php:179
/var/www/html/vendor/orchestra/testbench-core/src/Foundation/PackageManifest.php:157
/var/www/html/vendor/laravel/framework/src/Illuminate/Foundation/PackageManifest.php:132
/var/www/html/vendor/laravel/framework/src/Illuminate/Foundation/PackageManifest.php:108
/var/www/html/vendor/orchestra/testbench-core/src/Foundation/PackageManifest.php:102
/var/www/html/vendor/laravel/framework/src/Illuminate/Foundation/PackageManifest.php:91
/var/www/html/vendor/laravel/framework/src/Illuminate/Foundation/PackageManifest.php:80
/var/www/html/vendor/laravel/framework/src/Illuminate/Foundation/Bootstrap/RegisterFacades.php:26
/var/www/html/vendor/orchestra/testbench-core/src/Concerns/CreatesApplication.php:556
/var/www/html/vendor/orchestra/testbench-core/src/Concerns/CreatesApplication.php:311
/var/www/html/vendor/orchestra/testbench-core/src/TestCase.php:121
/var/www/html/vendor/orchestra/testbench-core/src/Concerns/ApplicationTestingHooks.php:74
/var/www/html/vendor/orchestra/testbench-core/src/Concerns/Testing.php:43
/var/www/html/vendor/laravel/framework/src/Illuminate/Collections/helpers.php:236
/var/www/html/vendor/orchestra/sidekick/src/functions.php:87
/var/www/html/vendor/laravel/framework/src/Illuminate/Collections/helpers.php:236
/var/www/html/vendor/orchestra/testbench-core/src/Concerns/Testing.php:57
/var/www/html/vendor/orchestra/testbench-core/src/TestCase.php:50
/var/www/html/tests/TestCase.php:61
/var/www/html/tests/Unit/Registry/ResourceRegistryTest.php:21</error>
        </testcase>
        <testcase name="test_clear_all_resources" file="/var/www/html/tests/Unit/Registry/ResourceRegistryTest.php" line="172" class="JTD\LaravelMCP\Tests\Unit\Registry\ResourceRegistryTest" classname="JTD.LaravelMCP.Tests.Unit.Registry.ResourceRegistryTest" assertions="0" time="0.000000">
          <error type="Exception">JTD\LaravelMCP\Tests\Unit\Registry\ResourceRegistryTest::test_clear_all_resources
Exception: The /var/www/html/vendor/orchestra/testbench-core/laravel/bootstrap/cache directory must be present and writable.

/var/www/html/vendor/laravel/framework/src/Illuminate/Foundation/PackageManifest.php:179
/var/www/html/vendor/orchestra/testbench-core/src/Foundation/PackageManifest.php:157
/var/www/html/vendor/laravel/framework/src/Illuminate/Foundation/PackageManifest.php:132
/var/www/html/vendor/laravel/framework/src/Illuminate/Foundation/PackageManifest.php:108
/var/www/html/vendor/orchestra/testbench-core/src/Foundation/PackageManifest.php:102
/var/www/html/vendor/laravel/framework/src/Illuminate/Foundation/PackageManifest.php:91
/var/www/html/vendor/laravel/framework/src/Illuminate/Foundation/PackageManifest.php:80
/var/www/html/vendor/laravel/framework/src/Illuminate/Foundation/Bootstrap/RegisterFacades.php:26
/var/www/html/vendor/orchestra/testbench-core/src/Concerns/CreatesApplication.php:556
/var/www/html/vendor/orchestra/testbench-core/src/Concerns/CreatesApplication.php:311
/var/www/html/vendor/orchestra/testbench-core/src/TestCase.php:121
/var/www/html/vendor/orchestra/testbench-core/src/Concerns/ApplicationTestingHooks.php:74
/var/www/html/vendor/orchestra/testbench-core/src/Concerns/Testing.php:43
/var/www/html/vendor/laravel/framework/src/Illuminate/Collections/helpers.php:236
/var/www/html/vendor/orchestra/sidekick/src/functions.php:87
/var/www/html/vendor/laravel/framework/src/Illuminate/Collections/helpers.php:236
/var/www/html/vendor/orchestra/testbench-core/src/Concerns/Testing.php:57
/var/www/html/vendor/orchestra/testbench-core/src/TestCase.php:50
/var/www/html/tests/TestCase.php:61
/var/www/html/tests/Unit/Registry/ResourceRegistryTest.php:21</error>
        </testcase>
        <testcase name="test_get_resource_metadata" file="/var/www/html/tests/Unit/Registry/ResourceRegistryTest.php" line="189" class="JTD\LaravelMCP\Tests\Unit\Registry\ResourceRegistryTest" classname="JTD.LaravelMCP.Tests.Unit.Registry.ResourceRegistryTest" assertions="0" time="0.000000">
          <error type="Exception">JTD\LaravelMCP\Tests\Unit\Registry\ResourceRegistryTest::test_get_resource_metadata
Exception: The /var/www/html/vendor/orchestra/testbench-core/laravel/bootstrap/cache directory must be present and writable.

/var/www/html/vendor/laravel/framework/src/Illuminate/Foundation/PackageManifest.php:179
/var/www/html/vendor/orchestra/testbench-core/src/Foundation/PackageManifest.php:157
/var/www/html/vendor/laravel/framework/src/Illuminate/Foundation/PackageManifest.php:132
/var/www/html/vendor/laravel/framework/src/Illuminate/Foundation/PackageManifest.php:108
/var/www/html/vendor/orchestra/testbench-core/src/Foundation/PackageManifest.php:102
/var/www/html/vendor/laravel/framework/src/Illuminate/Foundation/PackageManifest.php:91
/var/www/html/vendor/laravel/framework/src/Illuminate/Foundation/PackageManifest.php:80
/var/www/html/vendor/laravel/framework/src/Illuminate/Foundation/Bootstrap/RegisterFacades.php:26
/var/www/html/vendor/orchestra/testbench-core/src/Concerns/CreatesApplication.php:556
/var/www/html/vendor/orchestra/testbench-core/src/Concerns/CreatesApplication.php:311
/var/www/html/vendor/orchestra/testbench-core/src/TestCase.php:121
/var/www/html/vendor/orchestra/testbench-core/src/Concerns/ApplicationTestingHooks.php:74
/var/www/html/vendor/orchestra/testbench-core/src/Concerns/Testing.php:43
/var/www/html/vendor/laravel/framework/src/Illuminate/Collections/helpers.php:236
/var/www/html/vendor/orchestra/sidekick/src/functions.php:87
/var/www/html/vendor/laravel/framework/src/Illuminate/Collections/helpers.php:236
/var/www/html/vendor/orchestra/testbench-core/src/Concerns/Testing.php:57
/var/www/html/vendor/orchestra/testbench-core/src/TestCase.php:50
/var/www/html/tests/TestCase.php:61
/var/www/html/tests/Unit/Registry/ResourceRegistryTest.php:21</error>
        </testcase>
        <testcase name="test_get_metadata_for_non_existent_resource_throws_exception" file="/var/www/html/tests/Unit/Registry/ResourceRegistryTest.php" line="216" class="JTD\LaravelMCP\Tests\Unit\Registry\ResourceRegistryTest" classname="JTD.LaravelMCP.Tests.Unit.Registry.ResourceRegistryTest" assertions="0" time="0.000000">
          <error type="Exception">JTD\LaravelMCP\Tests\Unit\Registry\ResourceRegistryTest::test_get_metadata_for_non_existent_resource_throws_exception
Exception: The /var/www/html/vendor/orchestra/testbench-core/laravel/bootstrap/cache directory must be present and writable.

/var/www/html/vendor/laravel/framework/src/Illuminate/Foundation/PackageManifest.php:179
/var/www/html/vendor/orchestra/testbench-core/src/Foundation/PackageManifest.php:157
/var/www/html/vendor/laravel/framework/src/Illuminate/Foundation/PackageManifest.php:132
/var/www/html/vendor/laravel/framework/src/Illuminate/Foundation/PackageManifest.php:108
/var/www/html/vendor/orchestra/testbench-core/src/Foundation/PackageManifest.php:102
/var/www/html/vendor/laravel/framework/src/Illuminate/Foundation/PackageManifest.php:91
/var/www/html/vendor/laravel/framework/src/Illuminate/Foundation/PackageManifest.php:80
/var/www/html/vendor/laravel/framework/src/Illuminate/Foundation/Bootstrap/RegisterFacades.php:26
/var/www/html/vendor/orchestra/testbench-core/src/Concerns/CreatesApplication.php:556
/var/www/html/vendor/orchestra/testbench-core/src/Concerns/CreatesApplication.php:311
/var/www/html/vendor/orchestra/testbench-core/src/TestCase.php:121
/var/www/html/vendor/orchestra/testbench-core/src/Concerns/ApplicationTestingHooks.php:74
/var/www/html/vendor/orchestra/testbench-core/src/Concerns/Testing.php:43
/var/www/html/vendor/laravel/framework/src/Illuminate/Collections/helpers.php:236
/var/www/html/vendor/orchestra/sidekick/src/functions.php:87
/var/www/html/vendor/laravel/framework/src/Illuminate/Collections/helpers.php:236
/var/www/html/vendor/orchestra/testbench-core/src/Concerns/Testing.php:57
/var/www/html/vendor/orchestra/testbench-core/src/TestCase.php:50
/var/www/html/tests/TestCase.php:61
/var/www/html/tests/Unit/Registry/ResourceRegistryTest.php:21</error>
        </testcase>
        <testcase name="test_filter_resources_by_metadata" file="/var/www/html/tests/Unit/Registry/ResourceRegistryTest.php" line="227" class="JTD\LaravelMCP\Tests\Unit\Registry\ResourceRegistryTest" classname="JTD.LaravelMCP.Tests.Unit.Registry.ResourceRegistryTest" assertions="0" time="0.000000">
          <error type="Exception">JTD\LaravelMCP\Tests\Unit\Registry\ResourceRegistryTest::test_filter_resources_by_metadata
Exception: The /var/www/html/vendor/orchestra/testbench-core/laravel/bootstrap/cache directory must be present and writable.

/var/www/html/vendor/laravel/framework/src/Illuminate/Foundation/PackageManifest.php:179
/var/www/html/vendor/orchestra/testbench-core/src/Foundation/PackageManifest.php:157
/var/www/html/vendor/laravel/framework/src/Illuminate/Foundation/PackageManifest.php:132
/var/www/html/vendor/laravel/framework/src/Illuminate/Foundation/PackageManifest.php:108
/var/www/html/vendor/orchestra/testbench-core/src/Foundation/PackageManifest.php:102
/var/www/html/vendor/laravel/framework/src/Illuminate/Foundation/PackageManifest.php:91
/var/www/html/vendor/laravel/framework/src/Illuminate/Foundation/PackageManifest.php:80
/var/www/html/vendor/laravel/framework/src/Illuminate/Foundation/Bootstrap/RegisterFacades.php:26
/var/www/html/vendor/orchestra/testbench-core/src/Concerns/CreatesApplication.php:556
/var/www/html/vendor/orchestra/testbench-core/src/Concerns/CreatesApplication.php:311
/var/www/html/vendor/orchestra/testbench-core/src/TestCase.php:121
/var/www/html/vendor/orchestra/testbench-core/src/Concerns/ApplicationTestingHooks.php:74
/var/www/html/vendor/orchestra/testbench-core/src/Concerns/Testing.php:43
/var/www/html/vendor/laravel/framework/src/Illuminate/Collections/helpers.php:236
/var/www/html/vendor/orchestra/sidekick/src/functions.php:87
/var/www/html/vendor/laravel/framework/src/Illuminate/Collections/helpers.php:236
/var/www/html/vendor/orchestra/testbench-core/src/Concerns/Testing.php:57
/var/www/html/vendor/orchestra/testbench-core/src/TestCase.php:50
/var/www/html/tests/TestCase.php:61
/var/www/html/tests/Unit/Registry/ResourceRegistryTest.php:21</error>
        </testcase>
        <testcase name="test_search_resources_by_pattern" file="/var/www/html/tests/Unit/Registry/ResourceRegistryTest.php" line="248" class="JTD\LaravelMCP\Tests\Unit\Registry\ResourceRegistryTest" classname="JTD.LaravelMCP.Tests.Unit.Registry.ResourceRegistryTest" assertions="0" time="0.000000">
          <error type="Exception">JTD\LaravelMCP\Tests\Unit\Registry\ResourceRegistryTest::test_search_resources_by_pattern
Exception: The /var/www/html/vendor/orchestra/testbench-core/laravel/bootstrap/cache directory must be present and writable.

/var/www/html/vendor/laravel/framework/src/Illuminate/Foundation/PackageManifest.php:179
/var/www/html/vendor/orchestra/testbench-core/src/Foundation/PackageManifest.php:157
/var/www/html/vendor/laravel/framework/src/Illuminate/Foundation/PackageManifest.php:132
/var/www/html/vendor/laravel/framework/src/Illuminate/Foundation/PackageManifest.php:108
/var/www/html/vendor/orchestra/testbench-core/src/Foundation/PackageManifest.php:102
/var/www/html/vendor/laravel/framework/src/Illuminate/Foundation/PackageManifest.php:91
/var/www/html/vendor/laravel/framework/src/Illuminate/Foundation/PackageManifest.php:80
/var/www/html/vendor/laravel/framework/src/Illuminate/Foundation/Bootstrap/RegisterFacades.php:26
/var/www/html/vendor/orchestra/testbench-core/src/Concerns/CreatesApplication.php:556
/var/www/html/vendor/orchestra/testbench-core/src/Concerns/CreatesApplication.php:311
/var/www/html/vendor/orchestra/testbench-core/src/TestCase.php:121
/var/www/html/vendor/orchestra/testbench-core/src/Concerns/ApplicationTestingHooks.php:74
/var/www/html/vendor/orchestra/testbench-core/src/Concerns/Testing.php:43
/var/www/html/vendor/laravel/framework/src/Illuminate/Collections/helpers.php:236
/var/www/html/vendor/orchestra/sidekick/src/functions.php:87
/var/www/html/vendor/laravel/framework/src/Illuminate/Collections/helpers.php:236
/var/www/html/vendor/orchestra/testbench-core/src/Concerns/Testing.php:57
/var/www/html/vendor/orchestra/testbench-core/src/TestCase.php:50
/var/www/html/tests/TestCase.php:61
/var/www/html/tests/Unit/Registry/ResourceRegistryTest.php:21</error>
        </testcase>
        <testcase name="test_get_registry_type" file="/var/www/html/tests/Unit/Registry/ResourceRegistryTest.php" line="265" class="JTD\LaravelMCP\Tests\Unit\Registry\ResourceRegistryTest" classname="JTD.LaravelMCP.Tests.Unit.Registry.ResourceRegistryTest" assertions="0" time="0.000000">
          <error type="Exception">JTD\LaravelMCP\Tests\Unit\Registry\ResourceRegistryTest::test_get_registry_type
Exception: The /var/www/html/vendor/orchestra/testbench-core/laravel/bootstrap/cache directory must be present and writable.

/var/www/html/vendor/laravel/framework/src/Illuminate/Foundation/PackageManifest.php:179
/var/www/html/vendor/orchestra/testbench-core/src/Foundation/PackageManifest.php:157
/var/www/html/vendor/laravel/framework/src/Illuminate/Foundation/PackageManifest.php:132
/var/www/html/vendor/laravel/framework/src/Illuminate/Foundation/PackageManifest.php:108
/var/www/html/vendor/orchestra/testbench-core/src/Foundation/PackageManifest.php:102
/var/www/html/vendor/laravel/framework/src/Illuminate/Foundation/PackageManifest.php:91
/var/www/html/vendor/laravel/framework/src/Illuminate/Foundation/PackageManifest.php:80
/var/www/html/vendor/laravel/framework/src/Illuminate/Foundation/Bootstrap/RegisterFacades.php:26
/var/www/html/vendor/orchestra/testbench-core/src/Concerns/CreatesApplication.php:556
/var/www/html/vendor/orchestra/testbench-core/src/Concerns/CreatesApplication.php:311
/var/www/html/vendor/orchestra/testbench-core/src/TestCase.php:121
/var/www/html/vendor/orchestra/testbench-core/src/Concerns/ApplicationTestingHooks.php:74
/var/www/html/vendor/orchestra/testbench-core/src/Concerns/Testing.php:43
/var/www/html/vendor/laravel/framework/src/Illuminate/Collections/helpers.php:236
/var/www/html/vendor/orchestra/sidekick/src/functions.php:87
/var/www/html/vendor/laravel/framework/src/Illuminate/Collections/helpers.php:236
/var/www/html/vendor/orchestra/testbench-core/src/Concerns/Testing.php:57
/var/www/html/vendor/orchestra/testbench-core/src/TestCase.php:50
/var/www/html/tests/TestCase.php:61
/var/www/html/tests/Unit/Registry/ResourceRegistryTest.php:21</error>
        </testcase>
        <testcase name="test_get_resource_templates" file="/var/www/html/tests/Unit/Registry/ResourceRegistryTest.php" line="273" class="JTD\LaravelMCP\Tests\Unit\Registry\ResourceRegistryTest" classname="JTD.LaravelMCP.Tests.Unit.Registry.ResourceRegistryTest" assertions="0" time="0.000000">
          <error type="Exception">JTD\LaravelMCP\Tests\Unit\Registry\ResourceRegistryTest::test_get_resource_templates
Exception: The /var/www/html/vendor/orchestra/testbench-core/laravel/bootstrap/cache directory must be present and writable.

/var/www/html/vendor/laravel/framework/src/Illuminate/Foundation/PackageManifest.php:179
/var/www/html/vendor/orchestra/testbench-core/src/Foundation/PackageManifest.php:157
/var/www/html/vendor/laravel/framework/src/Illuminate/Foundation/PackageManifest.php:132
/var/www/html/vendor/laravel/framework/src/Illuminate/Foundation/PackageManifest.php:108
/var/www/html/vendor/orchestra/testbench-core/src/Foundation/PackageManifest.php:102
/var/www/html/vendor/laravel/framework/src/Illuminate/Foundation/PackageManifest.php:91
/var/www/html/vendor/laravel/framework/src/Illuminate/Foundation/PackageManifest.php:80
/var/www/html/vendor/laravel/framework/src/Illuminate/Foundation/Bootstrap/RegisterFacades.php:26
/var/www/html/vendor/orchestra/testbench-core/src/Concerns/CreatesApplication.php:556
/var/www/html/vendor/orchestra/testbench-core/src/Concerns/CreatesApplication.php:311
/var/www/html/vendor/orchestra/testbench-core/src/TestCase.php:121
/var/www/html/vendor/orchestra/testbench-core/src/Concerns/ApplicationTestingHooks.php:74
/var/www/html/vendor/orchestra/testbench-core/src/Concerns/Testing.php:43
/var/www/html/vendor/laravel/framework/src/Illuminate/Collections/helpers.php:236
/var/www/html/vendor/orchestra/sidekick/src/functions.php:87
/var/www/html/vendor/laravel/framework/src/Illuminate/Collections/helpers.php:236
/var/www/html/vendor/orchestra/testbench-core/src/Concerns/Testing.php:57
/var/www/html/vendor/orchestra/testbench-core/src/TestCase.php:50
/var/www/html/tests/TestCase.php:61
/var/www/html/tests/Unit/Registry/ResourceRegistryTest.php:21</error>
        </testcase>
        <testcase name="test_read_resource" file="/var/www/html/tests/Unit/Registry/ResourceRegistryTest.php" line="308" class="JTD\LaravelMCP\Tests\Unit\Registry\ResourceRegistryTest" classname="JTD.LaravelMCP.Tests.Unit.Registry.ResourceRegistryTest" assertions="0" time="0.000000">
          <error type="Exception">JTD\LaravelMCP\Tests\Unit\Registry\ResourceRegistryTest::test_read_resource
Exception: The /var/www/html/vendor/orchestra/testbench-core/laravel/bootstrap/cache directory must be present and writable.

/var/www/html/vendor/laravel/framework/src/Illuminate/Foundation/PackageManifest.php:179
/var/www/html/vendor/orchestra/testbench-core/src/Foundation/PackageManifest.php:157
/var/www/html/vendor/laravel/framework/src/Illuminate/Foundation/PackageManifest.php:132
/var/www/html/vendor/laravel/framework/src/Illuminate/Foundation/PackageManifest.php:108
/var/www/html/vendor/orchestra/testbench-core/src/Foundation/PackageManifest.php:102
/var/www/html/vendor/laravel/framework/src/Illuminate/Foundation/PackageManifest.php:91
/var/www/html/vendor/laravel/framework/src/Illuminate/Foundation/PackageManifest.php:80
/var/www/html/vendor/laravel/framework/src/Illuminate/Foundation/Bootstrap/RegisterFacades.php:26
/var/www/html/vendor/orchestra/testbench-core/src/Concerns/CreatesApplication.php:556
/var/www/html/vendor/orchestra/testbench-core/src/Concerns/CreatesApplication.php:311
/var/www/html/vendor/orchestra/testbench-core/src/TestCase.php:121
/var/www/html/vendor/orchestra/testbench-core/src/Concerns/ApplicationTestingHooks.php:74
/var/www/html/vendor/orchestra/testbench-core/src/Concerns/Testing.php:43
/var/www/html/vendor/laravel/framework/src/Illuminate/Collections/helpers.php:236
/var/www/html/vendor/orchestra/sidekick/src/functions.php:87
/var/www/html/vendor/laravel/framework/src/Illuminate/Collections/helpers.php:236
/var/www/html/vendor/orchestra/testbench-core/src/Concerns/Testing.php:57
/var/www/html/vendor/orchestra/testbench-core/src/TestCase.php:50
/var/www/html/tests/TestCase.php:61
/var/www/html/tests/Unit/Registry/ResourceRegistryTest.php:21</error>
        </testcase>
        <testcase name="test_read_resource_with_class_name" file="/var/www/html/tests/Unit/Registry/ResourceRegistryTest.php" line="324" class="JTD\LaravelMCP\Tests\Unit\Registry\ResourceRegistryTest" classname="JTD.LaravelMCP.Tests.Unit.Registry.ResourceRegistryTest" assertions="0" time="0.000000">
          <error type="Exception">JTD\LaravelMCP\Tests\Unit\Registry\ResourceRegistryTest::test_read_resource_with_class_name
Exception: The /var/www/html/vendor/orchestra/testbench-core/laravel/bootstrap/cache directory must be present and writable.

/var/www/html/vendor/laravel/framework/src/Illuminate/Foundation/PackageManifest.php:179
/var/www/html/vendor/orchestra/testbench-core/src/Foundation/PackageManifest.php:157
/var/www/html/vendor/laravel/framework/src/Illuminate/Foundation/PackageManifest.php:132
/var/www/html/vendor/laravel/framework/src/Illuminate/Foundation/PackageManifest.php:108
/var/www/html/vendor/orchestra/testbench-core/src/Foundation/PackageManifest.php:102
/var/www/html/vendor/laravel/framework/src/Illuminate/Foundation/PackageManifest.php:91
/var/www/html/vendor/laravel/framework/src/Illuminate/Foundation/PackageManifest.php:80
/var/www/html/vendor/laravel/framework/src/Illuminate/Foundation/Bootstrap/RegisterFacades.php:26
/var/www/html/vendor/orchestra/testbench-core/src/Concerns/CreatesApplication.php:556
/var/www/html/vendor/orchestra/testbench-core/src/Concerns/CreatesApplication.php:311
/var/www/html/vendor/orchestra/testbench-core/src/TestCase.php:121
/var/www/html/vendor/orchestra/testbench-core/src/Concerns/ApplicationTestingHooks.php:74
/var/www/html/vendor/orchestra/testbench-core/src/Concerns/Testing.php:43
/var/www/html/vendor/laravel/framework/src/Illuminate/Collections/helpers.php:236
/var/www/html/vendor/orchestra/sidekick/src/functions.php:87
/var/www/html/vendor/laravel/framework/src/Illuminate/Collections/helpers.php:236
/var/www/html/vendor/orchestra/testbench-core/src/Concerns/Testing.php:57
/var/www/html/vendor/orchestra/testbench-core/src/TestCase.php:50
/var/www/html/tests/TestCase.php:61
/var/www/html/tests/Unit/Registry/ResourceRegistryTest.php:21</error>
        </testcase>
        <testcase name="test_read_invalid_resource_throws_exception" file="/var/www/html/tests/Unit/Registry/ResourceRegistryTest.php" line="340" class="JTD\LaravelMCP\Tests\Unit\Registry\ResourceRegistryTest" classname="JTD.LaravelMCP.Tests.Unit.Registry.ResourceRegistryTest" assertions="0" time="0.000000">
          <error type="Exception">JTD\LaravelMCP\Tests\Unit\Registry\ResourceRegistryTest::test_read_invalid_resource_throws_exception
Exception: The /var/www/html/vendor/orchestra/testbench-core/laravel/bootstrap/cache directory must be present and writable.

/var/www/html/vendor/laravel/framework/src/Illuminate/Foundation/PackageManifest.php:179
/var/www/html/vendor/orchestra/testbench-core/src/Foundation/PackageManifest.php:157
/var/www/html/vendor/laravel/framework/src/Illuminate/Foundation/PackageManifest.php:132
/var/www/html/vendor/laravel/framework/src/Illuminate/Foundation/PackageManifest.php:108
/var/www/html/vendor/orchestra/testbench-core/src/Foundation/PackageManifest.php:102
/var/www/html/vendor/laravel/framework/src/Illuminate/Foundation/PackageManifest.php:91
/var/www/html/vendor/laravel/framework/src/Illuminate/Foundation/PackageManifest.php:80
/var/www/html/vendor/laravel/framework/src/Illuminate/Foundation/Bootstrap/RegisterFacades.php:26
/var/www/html/vendor/orchestra/testbench-core/src/Concerns/CreatesApplication.php:556
/var/www/html/vendor/orchestra/testbench-core/src/Concerns/CreatesApplication.php:311
/var/www/html/vendor/orchestra/testbench-core/src/TestCase.php:121
/var/www/html/vendor/orchestra/testbench-core/src/Concerns/ApplicationTestingHooks.php:74
/var/www/html/vendor/orchestra/testbench-core/src/Concerns/Testing.php:43
/var/www/html/vendor/laravel/framework/src/Illuminate/Collections/helpers.php:236
/var/www/html/vendor/orchestra/sidekick/src/functions.php:87
/var/www/html/vendor/laravel/framework/src/Illuminate/Collections/helpers.php:236
/var/www/html/vendor/orchestra/testbench-core/src/Concerns/Testing.php:57
/var/www/html/vendor/orchestra/testbench-core/src/TestCase.php:50
/var/www/html/tests/TestCase.php:61
/var/www/html/tests/Unit/Registry/ResourceRegistryTest.php:21</error>
        </testcase>
        <testcase name="test_get_resource_content" file="/var/www/html/tests/Unit/Registry/ResourceRegistryTest.php" line="359" class="JTD\LaravelMCP\Tests\Unit\Registry\ResourceRegistryTest" classname="JTD.LaravelMCP.Tests.Unit.Registry.ResourceRegistryTest" assertions="0" time="0.000000">
          <error type="Exception">JTD\LaravelMCP\Tests\Unit\Registry\ResourceRegistryTest::test_get_resource_content
Exception: The /var/www/html/vendor/orchestra/testbench-core/laravel/bootstrap/cache directory must be present and writable.

/var/www/html/vendor/laravel/framework/src/Illuminate/Foundation/PackageManifest.php:179
/var/www/html/vendor/orchestra/testbench-core/src/Foundation/PackageManifest.php:157
/var/www/html/vendor/laravel/framework/src/Illuminate/Foundation/PackageManifest.php:132
/var/www/html/vendor/laravel/framework/src/Illuminate/Foundation/PackageManifest.php:108
/var/www/html/vendor/orchestra/testbench-core/src/Foundation/PackageManifest.php:102
/var/www/html/vendor/laravel/framework/src/Illuminate/Foundation/PackageManifest.php:91
/var/www/html/vendor/laravel/framework/src/Illuminate/Foundation/PackageManifest.php:80
/var/www/html/vendor/laravel/framework/src/Illuminate/Foundation/Bootstrap/RegisterFacades.php:26
/var/www/html/vendor/orchestra/testbench-core/src/Concerns/CreatesApplication.php:556
/var/www/html/vendor/orchestra/testbench-core/src/Concerns/CreatesApplication.php:311
/var/www/html/vendor/orchestra/testbench-core/src/TestCase.php:121
/var/www/html/vendor/orchestra/testbench-core/src/Concerns/ApplicationTestingHooks.php:74
/var/www/html/vendor/orchestra/testbench-core/src/Concerns/Testing.php:43
/var/www/html/vendor/laravel/framework/src/Illuminate/Collections/helpers.php:236
/var/www/html/vendor/orchestra/sidekick/src/functions.php:87
/var/www/html/vendor/laravel/framework/src/Illuminate/Collections/helpers.php:236
/var/www/html/vendor/orchestra/testbench-core/src/Concerns/Testing.php:57
/var/www/html/vendor/orchestra/testbench-core/src/TestCase.php:50
/var/www/html/tests/TestCase.php:61
/var/www/html/tests/Unit/Registry/ResourceRegistryTest.php:21</error>
        </testcase>
        <testcase name="test_list_resources" file="/var/www/html/tests/Unit/Registry/ResourceRegistryTest.php" line="381" class="JTD\LaravelMCP\Tests\Unit\Registry\ResourceRegistryTest" classname="JTD.LaravelMCP.Tests.Unit.Registry.ResourceRegistryTest" assertions="0" time="0.000000">
          <error type="Exception">JTD\LaravelMCP\Tests\Unit\Registry\ResourceRegistryTest::test_list_resources
Exception: The /var/www/html/vendor/orchestra/testbench-core/laravel/bootstrap/cache directory must be present and writable.

/var/www/html/vendor/laravel/framework/src/Illuminate/Foundation/PackageManifest.php:179
/var/www/html/vendor/orchestra/testbench-core/src/Foundation/PackageManifest.php:157
/var/www/html/vendor/laravel/framework/src/Illuminate/Foundation/PackageManifest.php:132
/var/www/html/vendor/laravel/framework/src/Illuminate/Foundation/PackageManifest.php:108
/var/www/html/vendor/orchestra/testbench-core/src/Foundation/PackageManifest.php:102
/var/www/html/vendor/laravel/framework/src/Illuminate/Foundation/PackageManifest.php:91
/var/www/html/vendor/laravel/framework/src/Illuminate/Foundation/PackageManifest.php:80
/var/www/html/vendor/laravel/framework/src/Illuminate/Foundation/Bootstrap/RegisterFacades.php:26
/var/www/html/vendor/orchestra/testbench-core/src/Concerns/CreatesApplication.php:556
/var/www/html/vendor/orchestra/testbench-core/src/Concerns/CreatesApplication.php:311
/var/www/html/vendor/orchestra/testbench-core/src/TestCase.php:121
/var/www/html/vendor/orchestra/testbench-core/src/Concerns/ApplicationTestingHooks.php:74
/var/www/html/vendor/orchestra/testbench-core/src/Concerns/Testing.php:43
/var/www/html/vendor/laravel/framework/src/Illuminate/Collections/helpers.php:236
/var/www/html/vendor/orchestra/sidekick/src/functions.php:87
/var/www/html/vendor/laravel/framework/src/Illuminate/Collections/helpers.php:236
/var/www/html/vendor/orchestra/testbench-core/src/Concerns/Testing.php:57
/var/www/html/vendor/orchestra/testbench-core/src/TestCase.php:50
/var/www/html/tests/TestCase.php:61
/var/www/html/tests/Unit/Registry/ResourceRegistryTest.php:21</error>
        </testcase>
        <testcase name="test_get_resources_by_uri" file="/var/www/html/tests/Unit/Registry/ResourceRegistryTest.php" line="422" class="JTD\LaravelMCP\Tests\Unit\Registry\ResourceRegistryTest" classname="JTD.LaravelMCP.Tests.Unit.Registry.ResourceRegistryTest" assertions="0" time="0.000000">
          <error type="Exception">JTD\LaravelMCP\Tests\Unit\Registry\ResourceRegistryTest::test_get_resources_by_uri
Exception: The /var/www/html/vendor/orchestra/testbench-core/laravel/bootstrap/cache directory must be present and writable.

/var/www/html/vendor/laravel/framework/src/Illuminate/Foundation/PackageManifest.php:179
/var/www/html/vendor/orchestra/testbench-core/src/Foundation/PackageManifest.php:157
/var/www/html/vendor/laravel/framework/src/Illuminate/Foundation/PackageManifest.php:132
/var/www/html/vendor/laravel/framework/src/Illuminate/Foundation/PackageManifest.php:108
/var/www/html/vendor/orchestra/testbench-core/src/Foundation/PackageManifest.php:102
/var/www/html/vendor/laravel/framework/src/Illuminate/Foundation/PackageManifest.php:91
/var/www/html/vendor/laravel/framework/src/Illuminate/Foundation/PackageManifest.php:80
/var/www/html/vendor/laravel/framework/src/Illuminate/Foundation/Bootstrap/RegisterFacades.php:26
/var/www/html/vendor/orchestra/testbench-core/src/Concerns/CreatesApplication.php:556
/var/www/html/vendor/orchestra/testbench-core/src/Concerns/CreatesApplication.php:311
/var/www/html/vendor/orchestra/testbench-core/src/TestCase.php:121
/var/www/html/vendor/orchestra/testbench-core/src/Concerns/ApplicationTestingHooks.php:74
/var/www/html/vendor/orchestra/testbench-core/src/Concerns/Testing.php:43
/var/www/html/vendor/laravel/framework/src/Illuminate/Collections/helpers.php:236
/var/www/html/vendor/orchestra/sidekick/src/functions.php:87
/var/www/html/vendor/laravel/framework/src/Illuminate/Collections/helpers.php:236
/var/www/html/vendor/orchestra/testbench-core/src/Concerns/Testing.php:57
/var/www/html/vendor/orchestra/testbench-core/src/TestCase.php:50
/var/www/html/tests/TestCase.php:61
/var/www/html/tests/Unit/Registry/ResourceRegistryTest.php:21</error>
        </testcase>
        <testcase name="test_get_resources_by_mime_type" file="/var/www/html/tests/Unit/Registry/ResourceRegistryTest.php" line="447" class="JTD\LaravelMCP\Tests\Unit\Registry\ResourceRegistryTest" classname="JTD.LaravelMCP.Tests.Unit.Registry.ResourceRegistryTest" assertions="0" time="0.000000">
          <error type="Exception">JTD\LaravelMCP\Tests\Unit\Registry\ResourceRegistryTest::test_get_resources_by_mime_type
Exception: The /var/www/html/vendor/orchestra/testbench-core/laravel/bootstrap/cache directory must be present and writable.

/var/www/html/vendor/laravel/framework/src/Illuminate/Foundation/PackageManifest.php:179
/var/www/html/vendor/orchestra/testbench-core/src/Foundation/PackageManifest.php:157
/var/www/html/vendor/laravel/framework/src/Illuminate/Foundation/PackageManifest.php:132
/var/www/html/vendor/laravel/framework/src/Illuminate/Foundation/PackageManifest.php:108
/var/www/html/vendor/orchestra/testbench-core/src/Foundation/PackageManifest.php:102
/var/www/html/vendor/laravel/framework/src/Illuminate/Foundation/PackageManifest.php:91
/var/www/html/vendor/laravel/framework/src/Illuminate/Foundation/PackageManifest.php:80
/var/www/html/vendor/laravel/framework/src/Illuminate/Foundation/Bootstrap/RegisterFacades.php:26
/var/www/html/vendor/orchestra/testbench-core/src/Concerns/CreatesApplication.php:556
/var/www/html/vendor/orchestra/testbench-core/src/Concerns/CreatesApplication.php:311
/var/www/html/vendor/orchestra/testbench-core/src/TestCase.php:121
/var/www/html/vendor/orchestra/testbench-core/src/Concerns/ApplicationTestingHooks.php:74
/var/www/html/vendor/orchestra/testbench-core/src/Concerns/Testing.php:43
/var/www/html/vendor/laravel/framework/src/Illuminate/Collections/helpers.php:236
/var/www/html/vendor/orchestra/sidekick/src/functions.php:87
/var/www/html/vendor/laravel/framework/src/Illuminate/Collections/helpers.php:236
/var/www/html/vendor/orchestra/testbench-core/src/Concerns/Testing.php:57
/var/www/html/vendor/orchestra/testbench-core/src/TestCase.php:50
/var/www/html/tests/TestCase.php:61
/var/www/html/tests/Unit/Registry/ResourceRegistryTest.php:21</error>
        </testcase>
        <testcase name="test_has_annotations" file="/var/www/html/tests/Unit/Registry/ResourceRegistryTest.php" line="472" class="JTD\LaravelMCP\Tests\Unit\Registry\ResourceRegistryTest" classname="JTD.LaravelMCP.Tests.Unit.Registry.ResourceRegistryTest" assertions="0" time="0.000000">
          <error type="Exception">JTD\LaravelMCP\Tests\Unit\Registry\ResourceRegistryTest::test_has_annotations
Exception: The /var/www/html/vendor/orchestra/testbench-core/laravel/bootstrap/cache directory must be present and writable.

/var/www/html/vendor/laravel/framework/src/Illuminate/Foundation/PackageManifest.php:179
/var/www/html/vendor/orchestra/testbench-core/src/Foundation/PackageManifest.php:157
/var/www/html/vendor/laravel/framework/src/Illuminate/Foundation/PackageManifest.php:132
/var/www/html/vendor/laravel/framework/src/Illuminate/Foundation/PackageManifest.php:108
/var/www/html/vendor/orchestra/testbench-core/src/Foundation/PackageManifest.php:102
/var/www/html/vendor/laravel/framework/src/Illuminate/Foundation/PackageManifest.php:91
/var/www/html/vendor/laravel/framework/src/Illuminate/Foundation/PackageManifest.php:80
/var/www/html/vendor/laravel/framework/src/Illuminate/Foundation/Bootstrap/RegisterFacades.php:26
/var/www/html/vendor/orchestra/testbench-core/src/Concerns/CreatesApplication.php:556
/var/www/html/vendor/orchestra/testbench-core/src/Concerns/CreatesApplication.php:311
/var/www/html/vendor/orchestra/testbench-core/src/TestCase.php:121
/var/www/html/vendor/orchestra/testbench-core/src/Concerns/ApplicationTestingHooks.php:74
/var/www/html/vendor/orchestra/testbench-core/src/Concerns/Testing.php:43
/var/www/html/vendor/laravel/framework/src/Illuminate/Collections/helpers.php:236
/var/www/html/vendor/orchestra/sidekick/src/functions.php:87
/var/www/html/vendor/laravel/framework/src/Illuminate/Collections/helpers.php:236
/var/www/html/vendor/orchestra/testbench-core/src/Concerns/Testing.php:57
/var/www/html/vendor/orchestra/testbench-core/src/TestCase.php:50
/var/www/html/tests/TestCase.php:61
/var/www/html/tests/Unit/Registry/ResourceRegistryTest.php:21</error>
        </testcase>
        <testcase name="test_initialize" file="/var/www/html/tests/Unit/Registry/ResourceRegistryTest.php" line="492" class="JTD\LaravelMCP\Tests\Unit\Registry\ResourceRegistryTest" classname="JTD.LaravelMCP.Tests.Unit.Registry.ResourceRegistryTest" assertions="0" time="0.000000">
          <error type="Exception">JTD\LaravelMCP\Tests\Unit\Registry\ResourceRegistryTest::test_initialize
Exception: The /var/www/html/vendor/orchestra/testbench-core/laravel/bootstrap/cache directory must be present and writable.

/var/www/html/vendor/laravel/framework/src/Illuminate/Foundation/PackageManifest.php:179
/var/www/html/vendor/orchestra/testbench-core/src/Foundation/PackageManifest.php:157
/var/www/html/vendor/laravel/framework/src/Illuminate/Foundation/PackageManifest.php:132
/var/www/html/vendor/laravel/framework/src/Illuminate/Foundation/PackageManifest.php:108
/var/www/html/vendor/orchestra/testbench-core/src/Foundation/PackageManifest.php:102
/var/www/html/vendor/laravel/framework/src/Illuminate/Foundation/PackageManifest.php:91
/var/www/html/vendor/laravel/framework/src/Illuminate/Foundation/PackageManifest.php:80
/var/www/html/vendor/laravel/framework/src/Illuminate/Foundation/Bootstrap/RegisterFacades.php:26
/var/www/html/vendor/orchestra/testbench-core/src/Concerns/CreatesApplication.php:556
/var/www/html/vendor/orchestra/testbench-core/src/Concerns/CreatesApplication.php:311
/var/www/html/vendor/orchestra/testbench-core/src/TestCase.php:121
/var/www/html/vendor/orchestra/testbench-core/src/Concerns/ApplicationTestingHooks.php:74
/var/www/html/vendor/orchestra/testbench-core/src/Concerns/Testing.php:43
/var/www/html/vendor/laravel/framework/src/Illuminate/Collections/helpers.php:236
/var/www/html/vendor/orchestra/sidekick/src/functions.php:87
/var/www/html/vendor/laravel/framework/src/Illuminate/Collections/helpers.php:236
/var/www/html/vendor/orchestra/testbench-core/src/Concerns/Testing.php:57
/var/www/html/vendor/orchestra/testbench-core/src/TestCase.php:50
/var/www/html/tests/TestCase.php:61
/var/www/html/tests/Unit/Registry/ResourceRegistryTest.php:21</error>
        </testcase>
        <testcase name="test_metadata_defaults" file="/var/www/html/tests/Unit/Registry/ResourceRegistryTest.php" line="502" class="JTD\LaravelMCP\Tests\Unit\Registry\ResourceRegistryTest" classname="JTD.LaravelMCP.Tests.Unit.Registry.ResourceRegistryTest" assertions="0" time="0.000000">
          <error type="Exception">JTD\LaravelMCP\Tests\Unit\Registry\ResourceRegistryTest::test_metadata_defaults
Exception: The /var/www/html/vendor/orchestra/testbench-core/laravel/bootstrap/cache directory must be present and writable.

/var/www/html/vendor/laravel/framework/src/Illuminate/Foundation/PackageManifest.php:179
/var/www/html/vendor/orchestra/testbench-core/src/Foundation/PackageManifest.php:157
/var/www/html/vendor/laravel/framework/src/Illuminate/Foundation/PackageManifest.php:132
/var/www/html/vendor/laravel/framework/src/Illuminate/Foundation/PackageManifest.php:108
/var/www/html/vendor/orchestra/testbench-core/src/Foundation/PackageManifest.php:102
/var/www/html/vendor/laravel/framework/src/Illuminate/Foundation/PackageManifest.php:91
/var/www/html/vendor/laravel/framework/src/Illuminate/Foundation/PackageManifest.php:80
/var/www/html/vendor/laravel/framework/src/Illuminate/Foundation/Bootstrap/RegisterFacades.php:26
/var/www/html/vendor/orchestra/testbench-core/src/Concerns/CreatesApplication.php:556
/var/www/html/vendor/orchestra/testbench-core/src/Concerns/CreatesApplication.php:311
/var/www/html/vendor/orchestra/testbench-core/src/TestCase.php:121
/var/www/html/vendor/orchestra/testbench-core/src/Concerns/ApplicationTestingHooks.php:74
/var/www/html/vendor/orchestra/testbench-core/src/Concerns/Testing.php:43
/var/www/html/vendor/laravel/framework/src/Illuminate/Collections/helpers.php:236
/var/www/html/vendor/orchestra/sidekick/src/functions.php:87
/var/www/html/vendor/laravel/framework/src/Illuminate/Collections/helpers.php:236
/var/www/html/vendor/orchestra/testbench-core/src/Concerns/Testing.php:57
/var/www/html/vendor/orchestra/testbench-core/src/TestCase.php:50
/var/www/html/tests/TestCase.php:61
/var/www/html/tests/Unit/Registry/ResourceRegistryTest.php:21</error>
        </testcase>
        <testcase name="test_complex_filtering" file="/var/www/html/tests/Unit/Registry/ResourceRegistryTest.php" line="523" class="JTD\LaravelMCP\Tests\Unit\Registry\ResourceRegistryTest" classname="JTD.LaravelMCP.Tests.Unit.Registry.ResourceRegistryTest" assertions="0" time="0.000000">
          <error type="Exception">JTD\LaravelMCP\Tests\Unit\Registry\ResourceRegistryTest::test_complex_filtering
Exception: The /var/www/html/vendor/orchestra/testbench-core/laravel/bootstrap/cache directory must be present and writable.

/var/www/html/vendor/laravel/framework/src/Illuminate/Foundation/PackageManifest.php:179
/var/www/html/vendor/orchestra/testbench-core/src/Foundation/PackageManifest.php:157
/var/www/html/vendor/laravel/framework/src/Illuminate/Foundation/PackageManifest.php:132
/var/www/html/vendor/laravel/framework/src/Illuminate/Foundation/PackageManifest.php:108
/var/www/html/vendor/orchestra/testbench-core/src/Foundation/PackageManifest.php:102
/var/www/html/vendor/laravel/framework/src/Illuminate/Foundation/PackageManifest.php:91
/var/www/html/vendor/laravel/framework/src/Illuminate/Foundation/PackageManifest.php:80
/var/www/html/vendor/laravel/framework/src/Illuminate/Foundation/Bootstrap/RegisterFacades.php:26
/var/www/html/vendor/orchestra/testbench-core/src/Concerns/CreatesApplication.php:556
/var/www/html/vendor/orchestra/testbench-core/src/Concerns/CreatesApplication.php:311
/var/www/html/vendor/orchestra/testbench-core/src/TestCase.php:121
/var/www/html/vendor/orchestra/testbench-core/src/Concerns/ApplicationTestingHooks.php:74
/var/www/html/vendor/orchestra/testbench-core/src/Concerns/Testing.php:43
/var/www/html/vendor/laravel/framework/src/Illuminate/Collections/helpers.php:236
/var/www/html/vendor/orchestra/sidekick/src/functions.php:87
/var/www/html/vendor/laravel/framework/src/Illuminate/Collections/helpers.php:236
/var/www/html/vendor/orchestra/testbench-core/src/Concerns/Testing.php:57
/var/www/html/vendor/orchestra/testbench-core/src/TestCase.php:50
/var/www/html/tests/TestCase.php:61
/var/www/html/tests/Unit/Registry/ResourceRegistryTest.php:21</error>
        </testcase>
        <testcase name="test_resource_name_edge_cases" file="/var/www/html/tests/Unit/Registry/ResourceRegistryTest.php" line="560" class="JTD\LaravelMCP\Tests\Unit\Registry\ResourceRegistryTest" classname="JTD.LaravelMCP.Tests.Unit.Registry.ResourceRegistryTest" assertions="0" time="0.000000">
          <error type="Exception">JTD\LaravelMCP\Tests\Unit\Registry\ResourceRegistryTest::test_resource_name_edge_cases
Exception: The /var/www/html/vendor/orchestra/testbench-core/laravel/bootstrap/cache directory must be present and writable.

/var/www/html/vendor/laravel/framework/src/Illuminate/Foundation/PackageManifest.php:179
/var/www/html/vendor/orchestra/testbench-core/src/Foundation/PackageManifest.php:157
/var/www/html/vendor/laravel/framework/src/Illuminate/Foundation/PackageManifest.php:132
/var/www/html/vendor/laravel/framework/src/Illuminate/Foundation/PackageManifest.php:108
/var/www/html/vendor/orchestra/testbench-core/src/Foundation/PackageManifest.php:102
/var/www/html/vendor/laravel/framework/src/Illuminate/Foundation/PackageManifest.php:91
/var/www/html/vendor/laravel/framework/src/Illuminate/Foundation/PackageManifest.php:80
/var/www/html/vendor/laravel/framework/src/Illuminate/Foundation/Bootstrap/RegisterFacades.php:26
/var/www/html/vendor/orchestra/testbench-core/src/Concerns/CreatesApplication.php:556
/var/www/html/vendor/orchestra/testbench-core/src/Concerns/CreatesApplication.php:311
/var/www/html/vendor/orchestra/testbench-core/src/TestCase.php:121
/var/www/html/vendor/orchestra/testbench-core/src/Concerns/ApplicationTestingHooks.php:74
/var/www/html/vendor/orchestra/testbench-core/src/Concerns/Testing.php:43
/var/www/html/vendor/laravel/framework/src/Illuminate/Collections/helpers.php:236
/var/www/html/vendor/orchestra/sidekick/src/functions.php:87
/var/www/html/vendor/laravel/framework/src/Illuminate/Collections/helpers.php:236
/var/www/html/vendor/orchestra/testbench-core/src/Concerns/Testing.php:57
/var/www/html/vendor/orchestra/testbench-core/src/TestCase.php:50
/var/www/html/tests/TestCase.php:61
/var/www/html/tests/Unit/Registry/ResourceRegistryTest.php:21</error>
        </testcase>
        <testcase name="test_resource_templates_with_defaults" file="/var/www/html/tests/Unit/Registry/ResourceRegistryTest.php" line="580" class="JTD\LaravelMCP\Tests\Unit\Registry\ResourceRegistryTest" classname="JTD.LaravelMCP.Tests.Unit.Registry.ResourceRegistryTest" assertions="0" time="0.000000">
          <error type="Exception">JTD\LaravelMCP\Tests\Unit\Registry\ResourceRegistryTest::test_resource_templates_with_defaults
Exception: The /var/www/html/vendor/orchestra/testbench-core/laravel/bootstrap/cache directory must be present and writable.

/var/www/html/vendor/laravel/framework/src/Illuminate/Foundation/PackageManifest.php:179
/var/www/html/vendor/orchestra/testbench-core/src/Foundation/PackageManifest.php:157
/var/www/html/vendor/laravel/framework/src/Illuminate/Foundation/PackageManifest.php:132
/var/www/html/vendor/laravel/framework/src/Illuminate/Foundation/PackageManifest.php:108
/var/www/html/vendor/orchestra/testbench-core/src/Foundation/PackageManifest.php:102
/var/www/html/vendor/laravel/framework/src/Illuminate/Foundation/PackageManifest.php:91
/var/www/html/vendor/laravel/framework/src/Illuminate/Foundation/PackageManifest.php:80
/var/www/html/vendor/laravel/framework/src/Illuminate/Foundation/Bootstrap/RegisterFacades.php:26
/var/www/html/vendor/orchestra/testbench-core/src/Concerns/CreatesApplication.php:556
/var/www/html/vendor/orchestra/testbench-core/src/Concerns/CreatesApplication.php:311
/var/www/html/vendor/orchestra/testbench-core/src/TestCase.php:121
/var/www/html/vendor/orchestra/testbench-core/src/Concerns/ApplicationTestingHooks.php:74
/var/www/html/vendor/orchestra/testbench-core/src/Concerns/Testing.php:43
/var/www/html/vendor/laravel/framework/src/Illuminate/Collections/helpers.php:236
/var/www/html/vendor/orchestra/sidekick/src/functions.php:87
/var/www/html/vendor/laravel/framework/src/Illuminate/Collections/helpers.php:236
/var/www/html/vendor/orchestra/testbench-core/src/Concerns/Testing.php:57
/var/www/html/vendor/orchestra/testbench-core/src/TestCase.php:50
/var/www/html/tests/TestCase.php:61
/var/www/html/tests/Unit/Registry/ResourceRegistryTest.php:21</error>
        </testcase>
      </testsuite>
      <testsuite name="JTD\LaravelMCP\Tests\Unit\Registry\RouteRegistrarTest" file="/var/www/html/tests/Unit/Registry/RouteRegistrarTest.php" tests="35" assertions="0" errors="35" failures="0" skipped="0" time="0.000000">
        <testcase name="it_can_be_instantiated" file="/var/www/html/tests/Unit/Registry/RouteRegistrarTest.php" line="41" class="JTD\LaravelMCP\Tests\Unit\Registry\RouteRegistrarTest" classname="JTD.LaravelMCP.Tests.Unit.Registry.RouteRegistrarTest" assertions="0" time="0.000000">
          <error type="Exception">JTD\LaravelMCP\Tests\Unit\Registry\RouteRegistrarTest::it_can_be_instantiated
Exception: The /var/www/html/vendor/orchestra/testbench-core/laravel/bootstrap/cache directory must be present and writable.

/var/www/html/vendor/laravel/framework/src/Illuminate/Foundation/PackageManifest.php:179
/var/www/html/vendor/orchestra/testbench-core/src/Foundation/PackageManifest.php:157
/var/www/html/vendor/laravel/framework/src/Illuminate/Foundation/PackageManifest.php:132
/var/www/html/vendor/laravel/framework/src/Illuminate/Foundation/PackageManifest.php:108
/var/www/html/vendor/orchestra/testbench-core/src/Foundation/PackageManifest.php:102
/var/www/html/vendor/laravel/framework/src/Illuminate/Foundation/PackageManifest.php:91
/var/www/html/vendor/laravel/framework/src/Illuminate/Foundation/PackageManifest.php:80
/var/www/html/vendor/laravel/framework/src/Illuminate/Foundation/Bootstrap/RegisterFacades.php:26
/var/www/html/vendor/orchestra/testbench-core/src/Concerns/CreatesApplication.php:556
/var/www/html/vendor/orchestra/testbench-core/src/Concerns/CreatesApplication.php:311
/var/www/html/vendor/orchestra/testbench-core/src/TestCase.php:121
/var/www/html/vendor/orchestra/testbench-core/src/Concerns/ApplicationTestingHooks.php:74
/var/www/html/vendor/orchestra/testbench-core/src/Concerns/Testing.php:43
/var/www/html/vendor/laravel/framework/src/Illuminate/Collections/helpers.php:236
/var/www/html/vendor/orchestra/sidekick/src/functions.php:87
/var/www/html/vendor/laravel/framework/src/Illuminate/Collections/helpers.php:236
/var/www/html/vendor/orchestra/testbench-core/src/Concerns/Testing.php:57
/var/www/html/vendor/orchestra/testbench-core/src/TestCase.php:50
/var/www/html/tests/TestCase.php:61
/var/www/html/tests/Unit/Registry/RouteRegistrarTest.php:34</error>
        </testcase>
        <testcase name="it_registers_a_tool" file="/var/www/html/tests/Unit/Registry/RouteRegistrarTest.php" line="47" class="JTD\LaravelMCP\Tests\Unit\Registry\RouteRegistrarTest" classname="JTD.LaravelMCP.Tests.Unit.Registry.RouteRegistrarTest" assertions="0" time="0.000000">
          <error type="Exception">JTD\LaravelMCP\Tests\Unit\Registry\RouteRegistrarTest::it_registers_a_tool
Exception: The /var/www/html/vendor/orchestra/testbench-core/laravel/bootstrap/cache directory must be present and writable.

/var/www/html/vendor/laravel/framework/src/Illuminate/Foundation/PackageManifest.php:179
/var/www/html/vendor/orchestra/testbench-core/src/Foundation/PackageManifest.php:157
/var/www/html/vendor/laravel/framework/src/Illuminate/Foundation/PackageManifest.php:132
/var/www/html/vendor/laravel/framework/src/Illuminate/Foundation/PackageManifest.php:108
/var/www/html/vendor/orchestra/testbench-core/src/Foundation/PackageManifest.php:102
/var/www/html/vendor/laravel/framework/src/Illuminate/Foundation/PackageManifest.php:91
/var/www/html/vendor/laravel/framework/src/Illuminate/Foundation/PackageManifest.php:80
/var/www/html/vendor/laravel/framework/src/Illuminate/Foundation/Bootstrap/RegisterFacades.php:26
/var/www/html/vendor/orchestra/testbench-core/src/Concerns/CreatesApplication.php:556
/var/www/html/vendor/orchestra/testbench-core/src/Concerns/CreatesApplication.php:311
/var/www/html/vendor/orchestra/testbench-core/src/TestCase.php:121
/var/www/html/vendor/orchestra/testbench-core/src/Concerns/ApplicationTestingHooks.php:74
/var/www/html/vendor/orchestra/testbench-core/src/Concerns/Testing.php:43
/var/www/html/vendor/laravel/framework/src/Illuminate/Collections/helpers.php:236
/var/www/html/vendor/orchestra/sidekick/src/functions.php:87
/var/www/html/vendor/laravel/framework/src/Illuminate/Collections/helpers.php:236
/var/www/html/vendor/orchestra/testbench-core/src/Concerns/Testing.php:57
/var/www/html/vendor/orchestra/testbench-core/src/TestCase.php:50
/var/www/html/tests/TestCase.php:61
/var/www/html/tests/Unit/Registry/RouteRegistrarTest.php:34</error>
        </testcase>
        <testcase name="it_registers_a_resource" file="/var/www/html/tests/Unit/Registry/RouteRegistrarTest.php" line="59" class="JTD\LaravelMCP\Tests\Unit\Registry\RouteRegistrarTest" classname="JTD.LaravelMCP.Tests.Unit.Registry.RouteRegistrarTest" assertions="0" time="0.000000">
          <error type="Exception">JTD\LaravelMCP\Tests\Unit\Registry\RouteRegistrarTest::it_registers_a_resource
Exception: The /var/www/html/vendor/orchestra/testbench-core/laravel/bootstrap/cache directory must be present and writable.

/var/www/html/vendor/laravel/framework/src/Illuminate/Foundation/PackageManifest.php:179
/var/www/html/vendor/orchestra/testbench-core/src/Foundation/PackageManifest.php:157
/var/www/html/vendor/laravel/framework/src/Illuminate/Foundation/PackageManifest.php:132
/var/www/html/vendor/laravel/framework/src/Illuminate/Foundation/PackageManifest.php:108
/var/www/html/vendor/orchestra/testbench-core/src/Foundation/PackageManifest.php:102
/var/www/html/vendor/laravel/framework/src/Illuminate/Foundation/PackageManifest.php:91
/var/www/html/vendor/laravel/framework/src/Illuminate/Foundation/PackageManifest.php:80
/var/www/html/vendor/laravel/framework/src/Illuminate/Foundation/Bootstrap/RegisterFacades.php:26
/var/www/html/vendor/orchestra/testbench-core/src/Concerns/CreatesApplication.php:556
/var/www/html/vendor/orchestra/testbench-core/src/Concerns/CreatesApplication.php:311
/var/www/html/vendor/orchestra/testbench-core/src/TestCase.php:121
/var/www/html/vendor/orchestra/testbench-core/src/Concerns/ApplicationTestingHooks.php:74
/var/www/html/vendor/orchestra/testbench-core/src/Concerns/Testing.php:43
/var/www/html/vendor/laravel/framework/src/Illuminate/Collections/helpers.php:236
/var/www/html/vendor/orchestra/sidekick/src/functions.php:87
/var/www/html/vendor/laravel/framework/src/Illuminate/Collections/helpers.php:236
/var/www/html/vendor/orchestra/testbench-core/src/Concerns/Testing.php:57
/var/www/html/vendor/orchestra/testbench-core/src/TestCase.php:50
/var/www/html/tests/TestCase.php:61
/var/www/html/tests/Unit/Registry/RouteRegistrarTest.php:34</error>
        </testcase>
        <testcase name="it_registers_a_prompt" file="/var/www/html/tests/Unit/Registry/RouteRegistrarTest.php" line="71" class="JTD\LaravelMCP\Tests\Unit\Registry\RouteRegistrarTest" classname="JTD.LaravelMCP.Tests.Unit.Registry.RouteRegistrarTest" assertions="0" time="0.000000">
          <error type="Exception">JTD\LaravelMCP\Tests\Unit\Registry\RouteRegistrarTest::it_registers_a_prompt
Exception: The /var/www/html/vendor/orchestra/testbench-core/laravel/bootstrap/cache directory must be present and writable.

/var/www/html/vendor/laravel/framework/src/Illuminate/Foundation/PackageManifest.php:179
/var/www/html/vendor/orchestra/testbench-core/src/Foundation/PackageManifest.php:157
/var/www/html/vendor/laravel/framework/src/Illuminate/Foundation/PackageManifest.php:132
/var/www/html/vendor/laravel/framework/src/Illuminate/Foundation/PackageManifest.php:108
/var/www/html/vendor/orchestra/testbench-core/src/Foundation/PackageManifest.php:102
/var/www/html/vendor/laravel/framework/src/Illuminate/Foundation/PackageManifest.php:91
/var/www/html/vendor/laravel/framework/src/Illuminate/Foundation/PackageManifest.php:80
/var/www/html/vendor/laravel/framework/src/Illuminate/Foundation/Bootstrap/RegisterFacades.php:26
/var/www/html/vendor/orchestra/testbench-core/src/Concerns/CreatesApplication.php:556
/var/www/html/vendor/orchestra/testbench-core/src/Concerns/CreatesApplication.php:311
/var/www/html/vendor/orchestra/testbench-core/src/TestCase.php:121
/var/www/html/vendor/orchestra/testbench-core/src/Concerns/ApplicationTestingHooks.php:74
/var/www/html/vendor/orchestra/testbench-core/src/Concerns/Testing.php:43
/var/www/html/vendor/laravel/framework/src/Illuminate/Collections/helpers.php:236
/var/www/html/vendor/orchestra/sidekick/src/functions.php:87
/var/www/html/vendor/laravel/framework/src/Illuminate/Collections/helpers.php:236
/var/www/html/vendor/orchestra/testbench-core/src/Concerns/Testing.php:57
/var/www/html/vendor/orchestra/testbench-core/src/TestCase.php:50
/var/www/html/tests/TestCase.php:61
/var/www/html/tests/Unit/Registry/RouteRegistrarTest.php:34</error>
        </testcase>
        <testcase name="it_supports_group_registration" file="/var/www/html/tests/Unit/Registry/RouteRegistrarTest.php" line="83" class="JTD\LaravelMCP\Tests\Unit\Registry\RouteRegistrarTest" classname="JTD.LaravelMCP.Tests.Unit.Registry.RouteRegistrarTest" assertions="0" time="0.000000">
          <error type="Exception">JTD\LaravelMCP\Tests\Unit\Registry\RouteRegistrarTest::it_supports_group_registration
Exception: The /var/www/html/vendor/orchestra/testbench-core/laravel/bootstrap/cache directory must be present and writable.

/var/www/html/vendor/laravel/framework/src/Illuminate/Foundation/PackageManifest.php:179
/var/www/html/vendor/orchestra/testbench-core/src/Foundation/PackageManifest.php:157
/var/www/html/vendor/laravel/framework/src/Illuminate/Foundation/PackageManifest.php:132
/var/www/html/vendor/laravel/framework/src/Illuminate/Foundation/PackageManifest.php:108
/var/www/html/vendor/orchestra/testbench-core/src/Foundation/PackageManifest.php:102
/var/www/html/vendor/laravel/framework/src/Illuminate/Foundation/PackageManifest.php:91
/var/www/html/vendor/laravel/framework/src/Illuminate/Foundation/PackageManifest.php:80
/var/www/html/vendor/laravel/framework/src/Illuminate/Foundation/Bootstrap/RegisterFacades.php:26
/var/www/html/vendor/orchestra/testbench-core/src/Concerns/CreatesApplication.php:556
/var/www/html/vendor/orchestra/testbench-core/src/Concerns/CreatesApplication.php:311
/var/www/html/vendor/orchestra/testbench-core/src/TestCase.php:121
/var/www/html/vendor/orchestra/testbench-core/src/Concerns/ApplicationTestingHooks.php:74
/var/www/html/vendor/orchestra/testbench-core/src/Concerns/Testing.php:43
/var/www/html/vendor/laravel/framework/src/Illuminate/Collections/helpers.php:236
/var/www/html/vendor/orchestra/sidekick/src/functions.php:87
/var/www/html/vendor/laravel/framework/src/Illuminate/Collections/helpers.php:236
/var/www/html/vendor/orchestra/testbench-core/src/Concerns/Testing.php:57
/var/www/html/vendor/orchestra/testbench-core/src/TestCase.php:50
/var/www/html/tests/TestCase.php:61
/var/www/html/tests/Unit/Registry/RouteRegistrarTest.php:34</error>
        </testcase>
        <testcase name="it_supports_nested_groups" file="/var/www/html/tests/Unit/Registry/RouteRegistrarTest.php" line="109" class="JTD\LaravelMCP\Tests\Unit\Registry\RouteRegistrarTest" classname="JTD.LaravelMCP.Tests.Unit.Registry.RouteRegistrarTest" assertions="0" time="0.000000">
          <error type="Exception">JTD\LaravelMCP\Tests\Unit\Registry\RouteRegistrarTest::it_supports_nested_groups
Exception: The /var/www/html/vendor/orchestra/testbench-core/laravel/bootstrap/cache directory must be present and writable.

/var/www/html/vendor/laravel/framework/src/Illuminate/Foundation/PackageManifest.php:179
/var/www/html/vendor/orchestra/testbench-core/src/Foundation/PackageManifest.php:157
/var/www/html/vendor/laravel/framework/src/Illuminate/Foundation/PackageManifest.php:132
/var/www/html/vendor/laravel/framework/src/Illuminate/Foundation/PackageManifest.php:108
/var/www/html/vendor/orchestra/testbench-core/src/Foundation/PackageManifest.php:102
/var/www/html/vendor/laravel/framework/src/Illuminate/Foundation/PackageManifest.php:91
/var/www/html/vendor/laravel/framework/src/Illuminate/Foundation/PackageManifest.php:80
/var/www/html/vendor/laravel/framework/src/Illuminate/Foundation/Bootstrap/RegisterFacades.php:26
/var/www/html/vendor/orchestra/testbench-core/src/Concerns/CreatesApplication.php:556
/var/www/html/vendor/orchestra/testbench-core/src/Concerns/CreatesApplication.php:311
/var/www/html/vendor/orchestra/testbench-core/src/TestCase.php:121
/var/www/html/vendor/orchestra/testbench-core/src/Concerns/ApplicationTestingHooks.php:74
/var/www/html/vendor/orchestra/testbench-core/src/Concerns/Testing.php:43
/var/www/html/vendor/laravel/framework/src/Illuminate/Collections/helpers.php:236
/var/www/html/vendor/orchestra/sidekick/src/functions.php:87
/var/www/html/vendor/laravel/framework/src/Illuminate/Collections/helpers.php:236
/var/www/html/vendor/orchestra/testbench-core/src/Concerns/Testing.php:57
/var/www/html/vendor/orchestra/testbench-core/src/TestCase.php:50
/var/www/html/tests/TestCase.php:61
/var/www/html/tests/Unit/Registry/RouteRegistrarTest.php:34</error>
        </testcase>
        <testcase name="it_supports_namespace_groups" file="/var/www/html/tests/Unit/Registry/RouteRegistrarTest.php" line="126" class="JTD\LaravelMCP\Tests\Unit\Registry\RouteRegistrarTest" classname="JTD.LaravelMCP.Tests.Unit.Registry.RouteRegistrarTest" assertions="0" time="0.000000">
          <error type="Exception">JTD\LaravelMCP\Tests\Unit\Registry\RouteRegistrarTest::it_supports_namespace_groups
Exception: The /var/www/html/vendor/orchestra/testbench-core/laravel/bootstrap/cache directory must be present and writable.

/var/www/html/vendor/laravel/framework/src/Illuminate/Foundation/PackageManifest.php:179
/var/www/html/vendor/orchestra/testbench-core/src/Foundation/PackageManifest.php:157
/var/www/html/vendor/laravel/framework/src/Illuminate/Foundation/PackageManifest.php:132
/var/www/html/vendor/laravel/framework/src/Illuminate/Foundation/PackageManifest.php:108
/var/www/html/vendor/orchestra/testbench-core/src/Foundation/PackageManifest.php:102
/var/www/html/vendor/laravel/framework/src/Illuminate/Foundation/PackageManifest.php:91
/var/www/html/vendor/laravel/framework/src/Illuminate/Foundation/PackageManifest.php:80
/var/www/html/vendor/laravel/framework/src/Illuminate/Foundation/Bootstrap/RegisterFacades.php:26
/var/www/html/vendor/orchestra/testbench-core/src/Concerns/CreatesApplication.php:556
/var/www/html/vendor/orchestra/testbench-core/src/Concerns/CreatesApplication.php:311
/var/www/html/vendor/orchestra/testbench-core/src/TestCase.php:121
/var/www/html/vendor/orchestra/testbench-core/src/Concerns/ApplicationTestingHooks.php:74
/var/www/html/vendor/orchestra/testbench-core/src/Concerns/Testing.php:43
/var/www/html/vendor/laravel/framework/src/Illuminate/Collections/helpers.php:236
/var/www/html/vendor/orchestra/sidekick/src/functions.php:87
/var/www/html/vendor/laravel/framework/src/Illuminate/Collections/helpers.php:236
/var/www/html/vendor/orchestra/testbench-core/src/Concerns/Testing.php:57
/var/www/html/vendor/orchestra/testbench-core/src/TestCase.php:50
/var/www/html/tests/TestCase.php:61
/var/www/html/tests/Unit/Registry/RouteRegistrarTest.php:34</error>
        </testcase>
        <testcase name="it_supports_middleware_groups" file="/var/www/html/tests/Unit/Registry/RouteRegistrarTest.php" line="152" class="JTD\LaravelMCP\Tests\Unit\Registry\RouteRegistrarTest" classname="JTD.LaravelMCP.Tests.Unit.Registry.RouteRegistrarTest" assertions="0" time="0.000000">
          <error type="Exception">JTD\LaravelMCP\Tests\Unit\Registry\RouteRegistrarTest::it_supports_middleware_groups
Exception: The /var/www/html/vendor/orchestra/testbench-core/laravel/bootstrap/cache directory must be present and writable.

/var/www/html/vendor/laravel/framework/src/Illuminate/Foundation/PackageManifest.php:179
/var/www/html/vendor/orchestra/testbench-core/src/Foundation/PackageManifest.php:157
/var/www/html/vendor/laravel/framework/src/Illuminate/Foundation/PackageManifest.php:132
/var/www/html/vendor/laravel/framework/src/Illuminate/Foundation/PackageManifest.php:108
/var/www/html/vendor/orchestra/testbench-core/src/Foundation/PackageManifest.php:102
/var/www/html/vendor/laravel/framework/src/Illuminate/Foundation/PackageManifest.php:91
/var/www/html/vendor/laravel/framework/src/Illuminate/Foundation/PackageManifest.php:80
/var/www/html/vendor/laravel/framework/src/Illuminate/Foundation/Bootstrap/RegisterFacades.php:26
/var/www/html/vendor/orchestra/testbench-core/src/Concerns/CreatesApplication.php:556
/var/www/html/vendor/orchestra/testbench-core/src/Concerns/CreatesApplication.php:311
/var/www/html/vendor/orchestra/testbench-core/src/TestCase.php:121
/var/www/html/vendor/orchestra/testbench-core/src/Concerns/ApplicationTestingHooks.php:74
/var/www/html/vendor/orchestra/testbench-core/src/Concerns/Testing.php:43
/var/www/html/vendor/laravel/framework/src/Illuminate/Collections/helpers.php:236
/var/www/html/vendor/orchestra/sidekick/src/functions.php:87
/var/www/html/vendor/laravel/framework/src/Illuminate/Collections/helpers.php:236
/var/www/html/vendor/orchestra/testbench-core/src/Concerns/Testing.php:57
/var/www/html/vendor/orchestra/testbench-core/src/TestCase.php:50
/var/www/html/tests/TestCase.php:61
/var/www/html/tests/Unit/Registry/RouteRegistrarTest.php:34</error>
        </testcase>
        <testcase name="it_supports_prefix_groups" file="/var/www/html/tests/Unit/Registry/RouteRegistrarTest.php" line="164" class="JTD\LaravelMCP\Tests\Unit\Registry\RouteRegistrarTest" classname="JTD.LaravelMCP.Tests.Unit.Registry.RouteRegistrarTest" assertions="0" time="0.000000">
          <error type="Exception">JTD\LaravelMCP\Tests\Unit\Registry\RouteRegistrarTest::it_supports_prefix_groups
Exception: The /var/www/html/vendor/orchestra/testbench-core/laravel/bootstrap/cache directory must be present and writable.

/var/www/html/vendor/laravel/framework/src/Illuminate/Foundation/PackageManifest.php:179
/var/www/html/vendor/orchestra/testbench-core/src/Foundation/PackageManifest.php:157
/var/www/html/vendor/laravel/framework/src/Illuminate/Foundation/PackageManifest.php:132
/var/www/html/vendor/laravel/framework/src/Illuminate/Foundation/PackageManifest.php:108
/var/www/html/vendor/orchestra/testbench-core/src/Foundation/PackageManifest.php:102
/var/www/html/vendor/laravel/framework/src/Illuminate/Foundation/PackageManifest.php:91
/var/www/html/vendor/laravel/framework/src/Illuminate/Foundation/PackageManifest.php:80
/var/www/html/vendor/laravel/framework/src/Illuminate/Foundation/Bootstrap/RegisterFacades.php:26
/var/www/html/vendor/orchestra/testbench-core/src/Concerns/CreatesApplication.php:556
/var/www/html/vendor/orchestra/testbench-core/src/Concerns/CreatesApplication.php:311
/var/www/html/vendor/orchestra/testbench-core/src/TestCase.php:121
/var/www/html/vendor/orchestra/testbench-core/src/Concerns/ApplicationTestingHooks.php:74
/var/www/html/vendor/orchestra/testbench-core/src/Concerns/Testing.php:43
/var/www/html/vendor/laravel/framework/src/Illuminate/Collections/helpers.php:236
/var/www/html/vendor/orchestra/sidekick/src/functions.php:87
/var/www/html/vendor/laravel/framework/src/Illuminate/Collections/helpers.php:236
/var/www/html/vendor/orchestra/testbench-core/src/Concerns/Testing.php:57
/var/www/html/vendor/orchestra/testbench-core/src/TestCase.php:50
/var/www/html/tests/TestCase.php:61
/var/www/html/tests/Unit/Registry/RouteRegistrarTest.php:34</error>
        </testcase>
        <testcase name="it_merges_middleware_in_groups" file="/var/www/html/tests/Unit/Registry/RouteRegistrarTest.php" line="190" class="JTD\LaravelMCP\Tests\Unit\Registry\RouteRegistrarTest" classname="JTD.LaravelMCP.Tests.Unit.Registry.RouteRegistrarTest" assertions="0" time="0.000000">
          <error type="Exception">JTD\LaravelMCP\Tests\Unit\Registry\RouteRegistrarTest::it_merges_middleware_in_groups
Exception: The /var/www/html/vendor/orchestra/testbench-core/laravel/bootstrap/cache directory must be present and writable.

/var/www/html/vendor/laravel/framework/src/Illuminate/Foundation/PackageManifest.php:179
/var/www/html/vendor/orchestra/testbench-core/src/Foundation/PackageManifest.php:157
/var/www/html/vendor/laravel/framework/src/Illuminate/Foundation/PackageManifest.php:132
/var/www/html/vendor/laravel/framework/src/Illuminate/Foundation/PackageManifest.php:108
/var/www/html/vendor/orchestra/testbench-core/src/Foundation/PackageManifest.php:102
/var/www/html/vendor/laravel/framework/src/Illuminate/Foundation/PackageManifest.php:91
/var/www/html/vendor/laravel/framework/src/Illuminate/Foundation/PackageManifest.php:80
/var/www/html/vendor/laravel/framework/src/Illuminate/Foundation/Bootstrap/RegisterFacades.php:26
/var/www/html/vendor/orchestra/testbench-core/src/Concerns/CreatesApplication.php:556
/var/www/html/vendor/orchestra/testbench-core/src/Concerns/CreatesApplication.php:311
/var/www/html/vendor/orchestra/testbench-core/src/TestCase.php:121
/var/www/html/vendor/orchestra/testbench-core/src/Concerns/ApplicationTestingHooks.php:74
/var/www/html/vendor/orchestra/testbench-core/src/Concerns/Testing.php:43
/var/www/html/vendor/laravel/framework/src/Illuminate/Collections/helpers.php:236
/var/www/html/vendor/orchestra/sidekick/src/functions.php:87
/var/www/html/vendor/laravel/framework/src/Illuminate/Collections/helpers.php:236
/var/www/html/vendor/orchestra/testbench-core/src/Concerns/Testing.php:57
/var/www/html/vendor/orchestra/testbench-core/src/TestCase.php:50
/var/www/html/tests/TestCase.php:61
/var/www/html/tests/Unit/Registry/RouteRegistrarTest.php:34</error>
        </testcase>
        <testcase name="it_checks_if_component_exists" file="/var/www/html/tests/Unit/Registry/RouteRegistrarTest.php" line="202" class="JTD\LaravelMCP\Tests\Unit\Registry\RouteRegistrarTest" classname="JTD.LaravelMCP.Tests.Unit.Registry.RouteRegistrarTest" assertions="0" time="0.000000">
          <error type="Exception">JTD\LaravelMCP\Tests\Unit\Registry\RouteRegistrarTest::it_checks_if_component_exists
Exception: The /var/www/html/vendor/orchestra/testbench-core/laravel/bootstrap/cache directory must be present and writable.

/var/www/html/vendor/laravel/framework/src/Illuminate/Foundation/PackageManifest.php:179
/var/www/html/vendor/orchestra/testbench-core/src/Foundation/PackageManifest.php:157
/var/www/html/vendor/laravel/framework/src/Illuminate/Foundation/PackageManifest.php:132
/var/www/html/vendor/laravel/framework/src/Illuminate/Foundation/PackageManifest.php:108
/var/www/html/vendor/orchestra/testbench-core/src/Foundation/PackageManifest.php:102
/var/www/html/vendor/laravel/framework/src/Illuminate/Foundation/PackageManifest.php:91
/var/www/html/vendor/laravel/framework/src/Illuminate/Foundation/PackageManifest.php:80
/var/www/html/vendor/laravel/framework/src/Illuminate/Foundation/Bootstrap/RegisterFacades.php:26
/var/www/html/vendor/orchestra/testbench-core/src/Concerns/CreatesApplication.php:556
/var/www/html/vendor/orchestra/testbench-core/src/Concerns/CreatesApplication.php:311
/var/www/html/vendor/orchestra/testbench-core/src/TestCase.php:121
/var/www/html/vendor/orchestra/testbench-core/src/Concerns/ApplicationTestingHooks.php:74
/var/www/html/vendor/orchestra/testbench-core/src/Concerns/Testing.php:43
/var/www/html/vendor/laravel/framework/src/Illuminate/Collections/helpers.php:236
/var/www/html/vendor/orchestra/sidekick/src/functions.php:87
/var/www/html/vendor/laravel/framework/src/Illuminate/Collections/helpers.php:236
/var/www/html/vendor/orchestra/testbench-core/src/Concerns/Testing.php:57
/var/www/html/vendor/orchestra/testbench-core/src/TestCase.php:50
/var/www/html/tests/TestCase.php:61
/var/www/html/tests/Unit/Registry/RouteRegistrarTest.php:34</error>
        </testcase>
        <testcase name="it_gets_a_registered_tool" file="/var/www/html/tests/Unit/Registry/RouteRegistrarTest.php" line="215" class="JTD\LaravelMCP\Tests\Unit\Registry\RouteRegistrarTest" classname="JTD.LaravelMCP.Tests.Unit.Registry.RouteRegistrarTest" assertions="0" time="0.000000">
          <error type="Exception">JTD\LaravelMCP\Tests\Unit\Registry\RouteRegistrarTest::it_gets_a_registered_tool
Exception: The /var/www/html/vendor/orchestra/testbench-core/laravel/bootstrap/cache directory must be present and writable.

/var/www/html/vendor/laravel/framework/src/Illuminate/Foundation/PackageManifest.php:179
/var/www/html/vendor/orchestra/testbench-core/src/Foundation/PackageManifest.php:157
/var/www/html/vendor/laravel/framework/src/Illuminate/Foundation/PackageManifest.php:132
/var/www/html/vendor/laravel/framework/src/Illuminate/Foundation/PackageManifest.php:108
/var/www/html/vendor/orchestra/testbench-core/src/Foundation/PackageManifest.php:102
/var/www/html/vendor/laravel/framework/src/Illuminate/Foundation/PackageManifest.php:91
/var/www/html/vendor/laravel/framework/src/Illuminate/Foundation/PackageManifest.php:80
/var/www/html/vendor/laravel/framework/src/Illuminate/Foundation/Bootstrap/RegisterFacades.php:26
/var/www/html/vendor/orchestra/testbench-core/src/Concerns/CreatesApplication.php:556
/var/www/html/vendor/orchestra/testbench-core/src/Concerns/CreatesApplication.php:311
/var/www/html/vendor/orchestra/testbench-core/src/TestCase.php:121
/var/www/html/vendor/orchestra/testbench-core/src/Concerns/ApplicationTestingHooks.php:74
/var/www/html/vendor/orchestra/testbench-core/src/Concerns/Testing.php:43
/var/www/html/vendor/laravel/framework/src/Illuminate/Collections/helpers.php:236
/var/www/html/vendor/orchestra/sidekick/src/functions.php:87
/var/www/html/vendor/laravel/framework/src/Illuminate/Collections/helpers.php:236
/var/www/html/vendor/orchestra/testbench-core/src/Concerns/Testing.php:57
/var/www/html/vendor/orchestra/testbench-core/src/TestCase.php:50
/var/www/html/tests/TestCase.php:61
/var/www/html/tests/Unit/Registry/RouteRegistrarTest.php:34</error>
        </testcase>
        <testcase name="it_gets_a_registered_resource" file="/var/www/html/tests/Unit/Registry/RouteRegistrarTest.php" line="230" class="JTD\LaravelMCP\Tests\Unit\Registry\RouteRegistrarTest" classname="JTD.LaravelMCP.Tests.Unit.Registry.RouteRegistrarTest" assertions="0" time="0.000000">
          <error type="Exception">JTD\LaravelMCP\Tests\Unit\Registry\RouteRegistrarTest::it_gets_a_registered_resource
Exception: The /var/www/html/vendor/orchestra/testbench-core/laravel/bootstrap/cache directory must be present and writable.

/var/www/html/vendor/laravel/framework/src/Illuminate/Foundation/PackageManifest.php:179
/var/www/html/vendor/orchestra/testbench-core/src/Foundation/PackageManifest.php:157
/var/www/html/vendor/laravel/framework/src/Illuminate/Foundation/PackageManifest.php:132
/var/www/html/vendor/laravel/framework/src/Illuminate/Foundation/PackageManifest.php:108
/var/www/html/vendor/orchestra/testbench-core/src/Foundation/PackageManifest.php:102
/var/www/html/vendor/laravel/framework/src/Illuminate/Foundation/PackageManifest.php:91
/var/www/html/vendor/laravel/framework/src/Illuminate/Foundation/PackageManifest.php:80
/var/www/html/vendor/laravel/framework/src/Illuminate/Foundation/Bootstrap/RegisterFacades.php:26
/var/www/html/vendor/orchestra/testbench-core/src/Concerns/CreatesApplication.php:556
/var/www/html/vendor/orchestra/testbench-core/src/Concerns/CreatesApplication.php:311
/var/www/html/vendor/orchestra/testbench-core/src/TestCase.php:121
/var/www/html/vendor/orchestra/testbench-core/src/Concerns/ApplicationTestingHooks.php:74
/var/www/html/vendor/orchestra/testbench-core/src/Concerns/Testing.php:43
/var/www/html/vendor/laravel/framework/src/Illuminate/Collections/helpers.php:236
/var/www/html/vendor/orchestra/sidekick/src/functions.php:87
/var/www/html/vendor/laravel/framework/src/Illuminate/Collections/helpers.php:236
/var/www/html/vendor/orchestra/testbench-core/src/Concerns/Testing.php:57
/var/www/html/vendor/orchestra/testbench-core/src/TestCase.php:50
/var/www/html/tests/TestCase.php:61
/var/www/html/tests/Unit/Registry/RouteRegistrarTest.php:34</error>
        </testcase>
        <testcase name="it_gets_a_registered_prompt" file="/var/www/html/tests/Unit/Registry/RouteRegistrarTest.php" line="245" class="JTD\LaravelMCP\Tests\Unit\Registry\RouteRegistrarTest" classname="JTD.LaravelMCP.Tests.Unit.Registry.RouteRegistrarTest" assertions="0" time="0.000000">
          <error type="Exception">JTD\LaravelMCP\Tests\Unit\Registry\RouteRegistrarTest::it_gets_a_registered_prompt
Exception: The /var/www/html/vendor/orchestra/testbench-core/laravel/bootstrap/cache directory must be present and writable.

/var/www/html/vendor/laravel/framework/src/Illuminate/Foundation/PackageManifest.php:179
/var/www/html/vendor/orchestra/testbench-core/src/Foundation/PackageManifest.php:157
/var/www/html/vendor/laravel/framework/src/Illuminate/Foundation/PackageManifest.php:132
/var/www/html/vendor/laravel/framework/src/Illuminate/Foundation/PackageManifest.php:108
/var/www/html/vendor/orchestra/testbench-core/src/Foundation/PackageManifest.php:102
/var/www/html/vendor/laravel/framework/src/Illuminate/Foundation/PackageManifest.php:91
/var/www/html/vendor/laravel/framework/src/Illuminate/Foundation/PackageManifest.php:80
/var/www/html/vendor/laravel/framework/src/Illuminate/Foundation/Bootstrap/RegisterFacades.php:26
/var/www/html/vendor/orchestra/testbench-core/src/Concerns/CreatesApplication.php:556
/var/www/html/vendor/orchestra/testbench-core/src/Concerns/CreatesApplication.php:311
/var/www/html/vendor/orchestra/testbench-core/src/TestCase.php:121
/var/www/html/vendor/orchestra/testbench-core/src/Concerns/ApplicationTestingHooks.php:74
/var/www/html/vendor/orchestra/testbench-core/src/Concerns/Testing.php:43
/var/www/html/vendor/laravel/framework/src/Illuminate/Collections/helpers.php:236
/var/www/html/vendor/orchestra/sidekick/src/functions.php:87
/var/www/html/vendor/laravel/framework/src/Illuminate/Collections/helpers.php:236
/var/www/html/vendor/orchestra/testbench-core/src/Concerns/Testing.php:57
/var/www/html/vendor/orchestra/testbench-core/src/TestCase.php:50
/var/www/html/tests/TestCase.php:61
/var/www/html/tests/Unit/Registry/RouteRegistrarTest.php:34</error>
        </testcase>
        <testcase name="it_lists_all_tools" file="/var/www/html/tests/Unit/Registry/RouteRegistrarTest.php" line="260" class="JTD\LaravelMCP\Tests\Unit\Registry\RouteRegistrarTest" classname="JTD.LaravelMCP.Tests.Unit.Registry.RouteRegistrarTest" assertions="0" time="0.000000">
          <error type="Exception">JTD\LaravelMCP\Tests\Unit\Registry\RouteRegistrarTest::it_lists_all_tools
Exception: The /var/www/html/vendor/orchestra/testbench-core/laravel/bootstrap/cache directory must be present and writable.

/var/www/html/vendor/laravel/framework/src/Illuminate/Foundation/PackageManifest.php:179
/var/www/html/vendor/orchestra/testbench-core/src/Foundation/PackageManifest.php:157
/var/www/html/vendor/laravel/framework/src/Illuminate/Foundation/PackageManifest.php:132
/var/www/html/vendor/laravel/framework/src/Illuminate/Foundation/PackageManifest.php:108
/var/www/html/vendor/orchestra/testbench-core/src/Foundation/PackageManifest.php:102
/var/www/html/vendor/laravel/framework/src/Illuminate/Foundation/PackageManifest.php:91
/var/www/html/vendor/laravel/framework/src/Illuminate/Foundation/PackageManifest.php:80
/var/www/html/vendor/laravel/framework/src/Illuminate/Foundation/Bootstrap/RegisterFacades.php:26
/var/www/html/vendor/orchestra/testbench-core/src/Concerns/CreatesApplication.php:556
/var/www/html/vendor/orchestra/testbench-core/src/Concerns/CreatesApplication.php:311
/var/www/html/vendor/orchestra/testbench-core/src/TestCase.php:121
/var/www/html/vendor/orchestra/testbench-core/src/Concerns/ApplicationTestingHooks.php:74
/var/www/html/vendor/orchestra/testbench-core/src/Concerns/Testing.php:43
/var/www/html/vendor/laravel/framework/src/Illuminate/Collections/helpers.php:236
/var/www/html/vendor/orchestra/sidekick/src/functions.php:87
/var/www/html/vendor/laravel/framework/src/Illuminate/Collections/helpers.php:236
/var/www/html/vendor/orchestra/testbench-core/src/Concerns/Testing.php:57
/var/www/html/vendor/orchestra/testbench-core/src/TestCase.php:50
/var/www/html/tests/TestCase.php:61
/var/www/html/tests/Unit/Registry/RouteRegistrarTest.php:34</error>
        </testcase>
        <testcase name="it_lists_all_resources" file="/var/www/html/tests/Unit/Registry/RouteRegistrarTest.php" line="274" class="JTD\LaravelMCP\Tests\Unit\Registry\RouteRegistrarTest" classname="JTD.LaravelMCP.Tests.Unit.Registry.RouteRegistrarTest" assertions="0" time="0.000000">
          <error type="Exception">JTD\LaravelMCP\Tests\Unit\Registry\RouteRegistrarTest::it_lists_all_resources
Exception: The /var/www/html/vendor/orchestra/testbench-core/laravel/bootstrap/cache directory must be present and writable.

/var/www/html/vendor/laravel/framework/src/Illuminate/Foundation/PackageManifest.php:179
/var/www/html/vendor/orchestra/testbench-core/src/Foundation/PackageManifest.php:157
/var/www/html/vendor/laravel/framework/src/Illuminate/Foundation/PackageManifest.php:132
/var/www/html/vendor/laravel/framework/src/Illuminate/Foundation/PackageManifest.php:108
/var/www/html/vendor/orchestra/testbench-core/src/Foundation/PackageManifest.php:102
/var/www/html/vendor/laravel/framework/src/Illuminate/Foundation/PackageManifest.php:91
/var/www/html/vendor/laravel/framework/src/Illuminate/Foundation/PackageManifest.php:80
/var/www/html/vendor/laravel/framework/src/Illuminate/Foundation/Bootstrap/RegisterFacades.php:26
/var/www/html/vendor/orchestra/testbench-core/src/Concerns/CreatesApplication.php:556
/var/www/html/vendor/orchestra/testbench-core/src/Concerns/CreatesApplication.php:311
/var/www/html/vendor/orchestra/testbench-core/src/TestCase.php:121
/var/www/html/vendor/orchestra/testbench-core/src/Concerns/ApplicationTestingHooks.php:74
/var/www/html/vendor/orchestra/testbench-core/src/Concerns/Testing.php:43
/var/www/html/vendor/laravel/framework/src/Illuminate/Collections/helpers.php:236
/var/www/html/vendor/orchestra/sidekick/src/functions.php:87
/var/www/html/vendor/laravel/framework/src/Illuminate/Collections/helpers.php:236
/var/www/html/vendor/orchestra/testbench-core/src/Concerns/Testing.php:57
/var/www/html/vendor/orchestra/testbench-core/src/TestCase.php:50
/var/www/html/tests/TestCase.php:61
/var/www/html/tests/Unit/Registry/RouteRegistrarTest.php:34</error>
        </testcase>
        <testcase name="it_lists_all_prompts" file="/var/www/html/tests/Unit/Registry/RouteRegistrarTest.php" line="288" class="JTD\LaravelMCP\Tests\Unit\Registry\RouteRegistrarTest" classname="JTD.LaravelMCP.Tests.Unit.Registry.RouteRegistrarTest" assertions="0" time="0.000000">
          <error type="Exception">JTD\LaravelMCP\Tests\Unit\Registry\RouteRegistrarTest::it_lists_all_prompts
Exception: The /var/www/html/vendor/orchestra/testbench-core/laravel/bootstrap/cache directory must be present and writable.

/var/www/html/vendor/laravel/framework/src/Illuminate/Foundation/PackageManifest.php:179
/var/www/html/vendor/orchestra/testbench-core/src/Foundation/PackageManifest.php:157
/var/www/html/vendor/laravel/framework/src/Illuminate/Foundation/PackageManifest.php:132
/var/www/html/vendor/laravel/framework/src/Illuminate/Foundation/PackageManifest.php:108
/var/www/html/vendor/orchestra/testbench-core/src/Foundation/PackageManifest.php:102
/var/www/html/vendor/laravel/framework/src/Illuminate/Foundation/PackageManifest.php:91
/var/www/html/vendor/laravel/framework/src/Illuminate/Foundation/PackageManifest.php:80
/var/www/html/vendor/laravel/framework/src/Illuminate/Foundation/Bootstrap/RegisterFacades.php:26
/var/www/html/vendor/orchestra/testbench-core/src/Concerns/CreatesApplication.php:556
/var/www/html/vendor/orchestra/testbench-core/src/Concerns/CreatesApplication.php:311
/var/www/html/vendor/orchestra/testbench-core/src/TestCase.php:121
/var/www/html/vendor/orchestra/testbench-core/src/Concerns/ApplicationTestingHooks.php:74
/var/www/html/vendor/orchestra/testbench-core/src/Concerns/Testing.php:43
/var/www/html/vendor/laravel/framework/src/Illuminate/Collections/helpers.php:236
/var/www/html/vendor/orchestra/sidekick/src/functions.php:87
/var/www/html/vendor/laravel/framework/src/Illuminate/Collections/helpers.php:236
/var/www/html/vendor/orchestra/testbench-core/src/Concerns/Testing.php:57
/var/www/html/vendor/orchestra/testbench-core/src/TestCase.php:50
/var/www/html/tests/TestCase.php:61
/var/www/html/tests/Unit/Registry/RouteRegistrarTest.php:34</error>
        </testcase>
        <testcase name="it_returns_empty_array_for_invalid_type" file="/var/www/html/tests/Unit/Registry/RouteRegistrarTest.php" line="302" class="JTD\LaravelMCP\Tests\Unit\Registry\RouteRegistrarTest" classname="JTD.LaravelMCP.Tests.Unit.Registry.RouteRegistrarTest" assertions="0" time="0.000000">
          <error type="Exception">JTD\LaravelMCP\Tests\Unit\Registry\RouteRegistrarTest::it_returns_empty_array_for_invalid_type
Exception: The /var/www/html/vendor/orchestra/testbench-core/laravel/bootstrap/cache directory must be present and writable.

/var/www/html/vendor/laravel/framework/src/Illuminate/Foundation/PackageManifest.php:179
/var/www/html/vendor/orchestra/testbench-core/src/Foundation/PackageManifest.php:157
/var/www/html/vendor/laravel/framework/src/Illuminate/Foundation/PackageManifest.php:132
/var/www/html/vendor/laravel/framework/src/Illuminate/Foundation/PackageManifest.php:108
/var/www/html/vendor/orchestra/testbench-core/src/Foundation/PackageManifest.php:102
/var/www/html/vendor/laravel/framework/src/Illuminate/Foundation/PackageManifest.php:91
/var/www/html/vendor/laravel/framework/src/Illuminate/Foundation/PackageManifest.php:80
/var/www/html/vendor/laravel/framework/src/Illuminate/Foundation/Bootstrap/RegisterFacades.php:26
/var/www/html/vendor/orchestra/testbench-core/src/Concerns/CreatesApplication.php:556
/var/www/html/vendor/orchestra/testbench-core/src/Concerns/CreatesApplication.php:311
/var/www/html/vendor/orchestra/testbench-core/src/TestCase.php:121
/var/www/html/vendor/orchestra/testbench-core/src/Concerns/ApplicationTestingHooks.php:74
/var/www/html/vendor/orchestra/testbench-core/src/Concerns/Testing.php:43
/var/www/html/vendor/laravel/framework/src/Illuminate/Collections/helpers.php:236
/var/www/html/vendor/orchestra/sidekick/src/functions.php:87
/var/www/html/vendor/laravel/framework/src/Illuminate/Collections/helpers.php:236
/var/www/html/vendor/orchestra/testbench-core/src/Concerns/Testing.php:57
/var/www/html/vendor/orchestra/testbench-core/src/TestCase.php:50
/var/www/html/tests/TestCase.php:61
/var/www/html/tests/Unit/Registry/RouteRegistrarTest.php:34</error>
        </testcase>
        <testcase name="it_returns_null_for_invalid_type_get" file="/var/www/html/tests/Unit/Registry/RouteRegistrarTest.php" line="310" class="JTD\LaravelMCP\Tests\Unit\Registry\RouteRegistrarTest" classname="JTD.LaravelMCP.Tests.Unit.Registry.RouteRegistrarTest" assertions="0" time="0.000000">
          <error type="Exception">JTD\LaravelMCP\Tests\Unit\Registry\RouteRegistrarTest::it_returns_null_for_invalid_type_get
Exception: The /var/www/html/vendor/orchestra/testbench-core/laravel/bootstrap/cache directory must be present and writable.

/var/www/html/vendor/laravel/framework/src/Illuminate/Foundation/PackageManifest.php:179
/var/www/html/vendor/orchestra/testbench-core/src/Foundation/PackageManifest.php:157
/var/www/html/vendor/laravel/framework/src/Illuminate/Foundation/PackageManifest.php:132
/var/www/html/vendor/laravel/framework/src/Illuminate/Foundation/PackageManifest.php:108
/var/www/html/vendor/orchestra/testbench-core/src/Foundation/PackageManifest.php:102
/var/www/html/vendor/laravel/framework/src/Illuminate/Foundation/PackageManifest.php:91
/var/www/html/vendor/laravel/framework/src/Illuminate/Foundation/PackageManifest.php:80
/var/www/html/vendor/laravel/framework/src/Illuminate/Foundation/Bootstrap/RegisterFacades.php:26
/var/www/html/vendor/orchestra/testbench-core/src/Concerns/CreatesApplication.php:556
/var/www/html/vendor/orchestra/testbench-core/src/Concerns/CreatesApplication.php:311
/var/www/html/vendor/orchestra/testbench-core/src/TestCase.php:121
/var/www/html/vendor/orchestra/testbench-core/src/Concerns/ApplicationTestingHooks.php:74
/var/www/html/vendor/orchestra/testbench-core/src/Concerns/Testing.php:43
/var/www/html/vendor/laravel/framework/src/Illuminate/Collections/helpers.php:236
/var/www/html/vendor/orchestra/sidekick/src/functions.php:87
/var/www/html/vendor/laravel/framework/src/Illuminate/Collections/helpers.php:236
/var/www/html/vendor/orchestra/testbench-core/src/Concerns/Testing.php:57
/var/www/html/vendor/orchestra/testbench-core/src/TestCase.php:50
/var/www/html/tests/TestCase.php:61
/var/www/html/tests/Unit/Registry/RouteRegistrarTest.php:34</error>
        </testcase>
        <testcase name="it_returns_false_for_invalid_type_has" file="/var/www/html/tests/Unit/Registry/RouteRegistrarTest.php" line="318" class="JTD\LaravelMCP\Tests\Unit\Registry\RouteRegistrarTest" classname="JTD.LaravelMCP.Tests.Unit.Registry.RouteRegistrarTest" assertions="0" time="0.000000">
          <error type="Exception">JTD\LaravelMCP\Tests\Unit\Registry\RouteRegistrarTest::it_returns_false_for_invalid_type_has
Exception: The /var/www/html/vendor/orchestra/testbench-core/laravel/bootstrap/cache directory must be present and writable.

/var/www/html/vendor/laravel/framework/src/Illuminate/Foundation/PackageManifest.php:179
/var/www/html/vendor/orchestra/testbench-core/src/Foundation/PackageManifest.php:157
/var/www/html/vendor/laravel/framework/src/Illuminate/Foundation/PackageManifest.php:132
/var/www/html/vendor/laravel/framework/src/Illuminate/Foundation/PackageManifest.php:108
/var/www/html/vendor/orchestra/testbench-core/src/Foundation/PackageManifest.php:102
/var/www/html/vendor/laravel/framework/src/Illuminate/Foundation/PackageManifest.php:91
/var/www/html/vendor/laravel/framework/src/Illuminate/Foundation/PackageManifest.php:80
/var/www/html/vendor/laravel/framework/src/Illuminate/Foundation/Bootstrap/RegisterFacades.php:26
/var/www/html/vendor/orchestra/testbench-core/src/Concerns/CreatesApplication.php:556
/var/www/html/vendor/orchestra/testbench-core/src/Concerns/CreatesApplication.php:311
/var/www/html/vendor/orchestra/testbench-core/src/TestCase.php:121
/var/www/html/vendor/orchestra/testbench-core/src/Concerns/ApplicationTestingHooks.php:74
/var/www/html/vendor/orchestra/testbench-core/src/Concerns/Testing.php:43
/var/www/html/vendor/laravel/framework/src/Illuminate/Collections/helpers.php:236
/var/www/html/vendor/orchestra/sidekick/src/functions.php:87
/var/www/html/vendor/laravel/framework/src/Illuminate/Collections/helpers.php:236
/var/www/html/vendor/orchestra/testbench-core/src/Concerns/Testing.php:57
/var/www/html/vendor/orchestra/testbench-core/src/TestCase.php:50
/var/www/html/tests/TestCase.php:61
/var/www/html/tests/Unit/Registry/RouteRegistrarTest.php:34</error>
        </testcase>
        <testcase name="it_gets_the_underlying_registry" file="/var/www/html/tests/Unit/Registry/RouteRegistrarTest.php" line="326" class="JTD\LaravelMCP\Tests\Unit\Registry\RouteRegistrarTest" classname="JTD.LaravelMCP.Tests.Unit.Registry.RouteRegistrarTest" assertions="0" time="0.000000">
          <error type="Exception">JTD\LaravelMCP\Tests\Unit\Registry\RouteRegistrarTest::it_gets_the_underlying_registry
Exception: The /var/www/html/vendor/orchestra/testbench-core/laravel/bootstrap/cache directory must be present and writable.

/var/www/html/vendor/laravel/framework/src/Illuminate/Foundation/PackageManifest.php:179
/var/www/html/vendor/orchestra/testbench-core/src/Foundation/PackageManifest.php:157
/var/www/html/vendor/laravel/framework/src/Illuminate/Foundation/PackageManifest.php:132
/var/www/html/vendor/laravel/framework/src/Illuminate/Foundation/PackageManifest.php:108
/var/www/html/vendor/orchestra/testbench-core/src/Foundation/PackageManifest.php:102
/var/www/html/vendor/laravel/framework/src/Illuminate/Foundation/PackageManifest.php:91
/var/www/html/vendor/laravel/framework/src/Illuminate/Foundation/PackageManifest.php:80
/var/www/html/vendor/laravel/framework/src/Illuminate/Foundation/Bootstrap/RegisterFacades.php:26
/var/www/html/vendor/orchestra/testbench-core/src/Concerns/CreatesApplication.php:556
/var/www/html/vendor/orchestra/testbench-core/src/Concerns/CreatesApplication.php:311
/var/www/html/vendor/orchestra/testbench-core/src/TestCase.php:121
/var/www/html/vendor/orchestra/testbench-core/src/Concerns/ApplicationTestingHooks.php:74
/var/www/html/vendor/orchestra/testbench-core/src/Concerns/Testing.php:43
/var/www/html/vendor/laravel/framework/src/Illuminate/Collections/helpers.php:236
/var/www/html/vendor/orchestra/sidekick/src/functions.php:87
/var/www/html/vendor/laravel/framework/src/Illuminate/Collections/helpers.php:236
/var/www/html/vendor/orchestra/testbench-core/src/Concerns/Testing.php:57
/var/www/html/vendor/orchestra/testbench-core/src/TestCase.php:50
/var/www/html/tests/TestCase.php:61
/var/www/html/tests/Unit/Registry/RouteRegistrarTest.php:34</error>
        </testcase>
        <testcase name="it_loads_routes_from_file" file="/var/www/html/tests/Unit/Registry/RouteRegistrarTest.php" line="334" class="JTD\LaravelMCP\Tests\Unit\Registry\RouteRegistrarTest" classname="JTD.LaravelMCP.Tests.Unit.Registry.RouteRegistrarTest" assertions="0" time="0.000000">
          <error type="Exception">JTD\LaravelMCP\Tests\Unit\Registry\RouteRegistrarTest::it_loads_routes_from_file
Exception: The /var/www/html/vendor/orchestra/testbench-core/laravel/bootstrap/cache directory must be present and writable.

/var/www/html/vendor/laravel/framework/src/Illuminate/Foundation/PackageManifest.php:179
/var/www/html/vendor/orchestra/testbench-core/src/Foundation/PackageManifest.php:157
/var/www/html/vendor/laravel/framework/src/Illuminate/Foundation/PackageManifest.php:132
/var/www/html/vendor/laravel/framework/src/Illuminate/Foundation/PackageManifest.php:108
/var/www/html/vendor/orchestra/testbench-core/src/Foundation/PackageManifest.php:102
/var/www/html/vendor/laravel/framework/src/Illuminate/Foundation/PackageManifest.php:91
/var/www/html/vendor/laravel/framework/src/Illuminate/Foundation/PackageManifest.php:80
/var/www/html/vendor/laravel/framework/src/Illuminate/Foundation/Bootstrap/RegisterFacades.php:26
/var/www/html/vendor/orchestra/testbench-core/src/Concerns/CreatesApplication.php:556
/var/www/html/vendor/orchestra/testbench-core/src/Concerns/CreatesApplication.php:311
/var/www/html/vendor/orchestra/testbench-core/src/TestCase.php:121
/var/www/html/vendor/orchestra/testbench-core/src/Concerns/ApplicationTestingHooks.php:74
/var/www/html/vendor/orchestra/testbench-core/src/Concerns/Testing.php:43
/var/www/html/vendor/laravel/framework/src/Illuminate/Collections/helpers.php:236
/var/www/html/vendor/orchestra/sidekick/src/functions.php:87
/var/www/html/vendor/laravel/framework/src/Illuminate/Collections/helpers.php:236
/var/www/html/vendor/orchestra/testbench-core/src/Concerns/Testing.php:57
/var/www/html/vendor/orchestra/testbench-core/src/TestCase.php:50
/var/www/html/tests/TestCase.php:61
/var/www/html/tests/Unit/Registry/RouteRegistrarTest.php:34</error>
        </testcase>
        <testcase name="it_handles_non_existent_route_file" file="/var/www/html/tests/Unit/Registry/RouteRegistrarTest.php" line="349" class="JTD\LaravelMCP\Tests\Unit\Registry\RouteRegistrarTest" classname="JTD.LaravelMCP.Tests.Unit.Registry.RouteRegistrarTest" assertions="0" time="0.000000">
          <error type="Exception">JTD\LaravelMCP\Tests\Unit\Registry\RouteRegistrarTest::it_handles_non_existent_route_file
Exception: The /var/www/html/vendor/orchestra/testbench-core/laravel/bootstrap/cache directory must be present and writable.

/var/www/html/vendor/laravel/framework/src/Illuminate/Foundation/PackageManifest.php:179
/var/www/html/vendor/orchestra/testbench-core/src/Foundation/PackageManifest.php:157
/var/www/html/vendor/laravel/framework/src/Illuminate/Foundation/PackageManifest.php:132
/var/www/html/vendor/laravel/framework/src/Illuminate/Foundation/PackageManifest.php:108
/var/www/html/vendor/orchestra/testbench-core/src/Foundation/PackageManifest.php:102
/var/www/html/vendor/laravel/framework/src/Illuminate/Foundation/PackageManifest.php:91
/var/www/html/vendor/laravel/framework/src/Illuminate/Foundation/PackageManifest.php:80
/var/www/html/vendor/laravel/framework/src/Illuminate/Foundation/Bootstrap/RegisterFacades.php:26
/var/www/html/vendor/orchestra/testbench-core/src/Concerns/CreatesApplication.php:556
/var/www/html/vendor/orchestra/testbench-core/src/Concerns/CreatesApplication.php:311
/var/www/html/vendor/orchestra/testbench-core/src/TestCase.php:121
/var/www/html/vendor/orchestra/testbench-core/src/Concerns/ApplicationTestingHooks.php:74
/var/www/html/vendor/orchestra/testbench-core/src/Concerns/Testing.php:43
/var/www/html/vendor/laravel/framework/src/Illuminate/Collections/helpers.php:236
/var/www/html/vendor/orchestra/sidekick/src/functions.php:87
/var/www/html/vendor/laravel/framework/src/Illuminate/Collections/helpers.php:236
/var/www/html/vendor/orchestra/testbench-core/src/Concerns/Testing.php:57
/var/www/html/vendor/orchestra/testbench-core/src/TestCase.php:50
/var/www/html/tests/TestCase.php:61
/var/www/html/tests/Unit/Registry/RouteRegistrarTest.php:34</error>
        </testcase>
        <testcase name="test_route_attribute_merging" file="/var/www/html/tests/Unit/Registry/RouteRegistrarTest.php" line="360" class="JTD\LaravelMCP\Tests\Unit\Registry\RouteRegistrarTest" classname="JTD.LaravelMCP.Tests.Unit.Registry.RouteRegistrarTest" assertions="0" time="0.000000">
          <error type="Exception">JTD\LaravelMCP\Tests\Unit\Registry\RouteRegistrarTest::test_route_attribute_merging
Exception: The /var/www/html/vendor/orchestra/testbench-core/laravel/bootstrap/cache directory must be present and writable.

/var/www/html/vendor/laravel/framework/src/Illuminate/Foundation/PackageManifest.php:179
/var/www/html/vendor/orchestra/testbench-core/src/Foundation/PackageManifest.php:157
/var/www/html/vendor/laravel/framework/src/Illuminate/Foundation/PackageManifest.php:132
/var/www/html/vendor/laravel/framework/src/Illuminate/Foundation/PackageManifest.php:108
/var/www/html/vendor/orchestra/testbench-core/src/Foundation/PackageManifest.php:102
/var/www/html/vendor/laravel/framework/src/Illuminate/Foundation/PackageManifest.php:91
/var/www/html/vendor/laravel/framework/src/Illuminate/Foundation/PackageManifest.php:80
/var/www/html/vendor/laravel/framework/src/Illuminate/Foundation/Bootstrap/RegisterFacades.php:26
/var/www/html/vendor/orchestra/testbench-core/src/Concerns/CreatesApplication.php:556
/var/www/html/vendor/orchestra/testbench-core/src/Concerns/CreatesApplication.php:311
/var/www/html/vendor/orchestra/testbench-core/src/TestCase.php:121
/var/www/html/vendor/orchestra/testbench-core/src/Concerns/ApplicationTestingHooks.php:74
/var/www/html/vendor/orchestra/testbench-core/src/Concerns/Testing.php:43
/var/www/html/vendor/laravel/framework/src/Illuminate/Collections/helpers.php:236
/var/www/html/vendor/orchestra/sidekick/src/functions.php:87
/var/www/html/vendor/laravel/framework/src/Illuminate/Collections/helpers.php:236
/var/www/html/vendor/orchestra/testbench-core/src/Concerns/Testing.php:57
/var/www/html/vendor/orchestra/testbench-core/src/TestCase.php:50
/var/www/html/tests/TestCase.php:61
/var/www/html/tests/Unit/Registry/RouteRegistrarTest.php:34</error>
        </testcase>
        <testcase name="test_registration_with_route_options" file="/var/www/html/tests/Unit/Registry/RouteRegistrarTest.php" line="392" class="JTD\LaravelMCP\Tests\Unit\Registry\RouteRegistrarTest" classname="JTD.LaravelMCP.Tests.Unit.Registry.RouteRegistrarTest" assertions="0" time="0.000000">
          <error type="Exception">JTD\LaravelMCP\Tests\Unit\Registry\RouteRegistrarTest::test_registration_with_route_options
Exception: The /var/www/html/vendor/orchestra/testbench-core/laravel/bootstrap/cache directory must be present and writable.

/var/www/html/vendor/laravel/framework/src/Illuminate/Foundation/PackageManifest.php:179
/var/www/html/vendor/orchestra/testbench-core/src/Foundation/PackageManifest.php:157
/var/www/html/vendor/laravel/framework/src/Illuminate/Foundation/PackageManifest.php:132
/var/www/html/vendor/laravel/framework/src/Illuminate/Foundation/PackageManifest.php:108
/var/www/html/vendor/orchestra/testbench-core/src/Foundation/PackageManifest.php:102
/var/www/html/vendor/laravel/framework/src/Illuminate/Foundation/PackageManifest.php:91
/var/www/html/vendor/laravel/framework/src/Illuminate/Foundation/PackageManifest.php:80
/var/www/html/vendor/laravel/framework/src/Illuminate/Foundation/Bootstrap/RegisterFacades.php:26
/var/www/html/vendor/orchestra/testbench-core/src/Concerns/CreatesApplication.php:556
/var/www/html/vendor/orchestra/testbench-core/src/Concerns/CreatesApplication.php:311
/var/www/html/vendor/orchestra/testbench-core/src/TestCase.php:121
/var/www/html/vendor/orchestra/testbench-core/src/Concerns/ApplicationTestingHooks.php:74
/var/www/html/vendor/orchestra/testbench-core/src/Concerns/Testing.php:43
/var/www/html/vendor/laravel/framework/src/Illuminate/Collections/helpers.php:236
/var/www/html/vendor/orchestra/sidekick/src/functions.php:87
/var/www/html/vendor/laravel/framework/src/Illuminate/Collections/helpers.php:236
/var/www/html/vendor/orchestra/testbench-core/src/Concerns/Testing.php:57
/var/www/html/vendor/orchestra/testbench-core/src/TestCase.php:50
/var/www/html/tests/TestCase.php:61
/var/www/html/tests/Unit/Registry/RouteRegistrarTest.php:34</error>
        </testcase>
        <testcase name="test_error_handling_during_registration" file="/var/www/html/tests/Unit/Registry/RouteRegistrarTest.php" line="414" class="JTD\LaravelMCP\Tests\Unit\Registry\RouteRegistrarTest" classname="JTD.LaravelMCP.Tests.Unit.Registry.RouteRegistrarTest" assertions="0" time="0.000000">
          <error type="Exception">JTD\LaravelMCP\Tests\Unit\Registry\RouteRegistrarTest::test_error_handling_during_registration
Exception: The /var/www/html/vendor/orchestra/testbench-core/laravel/bootstrap/cache directory must be present and writable.

/var/www/html/vendor/laravel/framework/src/Illuminate/Foundation/PackageManifest.php:179
/var/www/html/vendor/orchestra/testbench-core/src/Foundation/PackageManifest.php:157
/var/www/html/vendor/laravel/framework/src/Illuminate/Foundation/PackageManifest.php:132
/var/www/html/vendor/laravel/framework/src/Illuminate/Foundation/PackageManifest.php:108
/var/www/html/vendor/orchestra/testbench-core/src/Foundation/PackageManifest.php:102
/var/www/html/vendor/laravel/framework/src/Illuminate/Foundation/PackageManifest.php:91
/var/www/html/vendor/laravel/framework/src/Illuminate/Foundation/PackageManifest.php:80
/var/www/html/vendor/laravel/framework/src/Illuminate/Foundation/Bootstrap/RegisterFacades.php:26
/var/www/html/vendor/orchestra/testbench-core/src/Concerns/CreatesApplication.php:556
/var/www/html/vendor/orchestra/testbench-core/src/Concerns/CreatesApplication.php:311
/var/www/html/vendor/orchestra/testbench-core/src/TestCase.php:121
/var/www/html/vendor/orchestra/testbench-core/src/Concerns/ApplicationTestingHooks.php:74
/var/www/html/vendor/orchestra/testbench-core/src/Concerns/Testing.php:43
/var/www/html/vendor/laravel/framework/src/Illuminate/Collections/helpers.php:236
/var/www/html/vendor/orchestra/sidekick/src/functions.php:87
/var/www/html/vendor/laravel/framework/src/Illuminate/Collections/helpers.php:236
/var/www/html/vendor/orchestra/testbench-core/src/Concerns/Testing.php:57
/var/www/html/vendor/orchestra/testbench-core/src/TestCase.php:50
/var/www/html/tests/TestCase.php:61
/var/www/html/tests/Unit/Registry/RouteRegistrarTest.php:34</error>
        </testcase>
        <testcase name="test_fluent_api_with_mixed_component_types" file="/var/www/html/tests/Unit/Registry/RouteRegistrarTest.php" line="431" class="JTD\LaravelMCP\Tests\Unit\Registry\RouteRegistrarTest" classname="JTD.LaravelMCP.Tests.Unit.Registry.RouteRegistrarTest" assertions="0" time="0.000000">
          <error type="Exception">JTD\LaravelMCP\Tests\Unit\Registry\RouteRegistrarTest::test_fluent_api_with_mixed_component_types
Exception: The /var/www/html/vendor/orchestra/testbench-core/laravel/bootstrap/cache directory must be present and writable.

/var/www/html/vendor/laravel/framework/src/Illuminate/Foundation/PackageManifest.php:179
/var/www/html/vendor/orchestra/testbench-core/src/Foundation/PackageManifest.php:157
/var/www/html/vendor/laravel/framework/src/Illuminate/Foundation/PackageManifest.php:132
/var/www/html/vendor/laravel/framework/src/Illuminate/Foundation/PackageManifest.php:108
/var/www/html/vendor/orchestra/testbench-core/src/Foundation/PackageManifest.php:102
/var/www/html/vendor/laravel/framework/src/Illuminate/Foundation/PackageManifest.php:91
/var/www/html/vendor/laravel/framework/src/Illuminate/Foundation/PackageManifest.php:80
/var/www/html/vendor/laravel/framework/src/Illuminate/Foundation/Bootstrap/RegisterFacades.php:26
/var/www/html/vendor/orchestra/testbench-core/src/Concerns/CreatesApplication.php:556
/var/www/html/vendor/orchestra/testbench-core/src/Concerns/CreatesApplication.php:311
/var/www/html/vendor/orchestra/testbench-core/src/TestCase.php:121
/var/www/html/vendor/orchestra/testbench-core/src/Concerns/ApplicationTestingHooks.php:74
/var/www/html/vendor/orchestra/testbench-core/src/Concerns/Testing.php:43
/var/www/html/vendor/laravel/framework/src/Illuminate/Collections/helpers.php:236
/var/www/html/vendor/orchestra/sidekick/src/functions.php:87
/var/www/html/vendor/laravel/framework/src/Illuminate/Collections/helpers.php:236
/var/www/html/vendor/orchestra/testbench-core/src/Concerns/Testing.php:57
/var/www/html/vendor/orchestra/testbench-core/src/TestCase.php:50
/var/www/html/tests/TestCase.php:61
/var/www/html/tests/Unit/Registry/RouteRegistrarTest.php:34</error>
        </testcase>
        <testcase name="test_registration_with_callable_handlers" file="/var/www/html/tests/Unit/Registry/RouteRegistrarTest.php" line="462" class="JTD\LaravelMCP\Tests\Unit\Registry\RouteRegistrarTest" classname="JTD.LaravelMCP.Tests.Unit.Registry.RouteRegistrarTest" assertions="0" time="0.000000">
          <error type="Exception">JTD\LaravelMCP\Tests\Unit\Registry\RouteRegistrarTest::test_registration_with_callable_handlers
Exception: The /var/www/html/vendor/orchestra/testbench-core/laravel/bootstrap/cache directory must be present and writable.

/var/www/html/vendor/laravel/framework/src/Illuminate/Foundation/PackageManifest.php:179
/var/www/html/vendor/orchestra/testbench-core/src/Foundation/PackageManifest.php:157
/var/www/html/vendor/laravel/framework/src/Illuminate/Foundation/PackageManifest.php:132
/var/www/html/vendor/laravel/framework/src/Illuminate/Foundation/PackageManifest.php:108
/var/www/html/vendor/orchestra/testbench-core/src/Foundation/PackageManifest.php:102
/var/www/html/vendor/laravel/framework/src/Illuminate/Foundation/PackageManifest.php:91
/var/www/html/vendor/laravel/framework/src/Illuminate/Foundation/PackageManifest.php:80
/var/www/html/vendor/laravel/framework/src/Illuminate/Foundation/Bootstrap/RegisterFacades.php:26
/var/www/html/vendor/orchestra/testbench-core/src/Concerns/CreatesApplication.php:556
/var/www/html/vendor/orchestra/testbench-core/src/Concerns/CreatesApplication.php:311
/var/www/html/vendor/orchestra/testbench-core/src/TestCase.php:121
/var/www/html/vendor/orchestra/testbench-core/src/Concerns/ApplicationTestingHooks.php:74
/var/www/html/vendor/orchestra/testbench-core/src/Concerns/Testing.php:43
/var/www/html/vendor/laravel/framework/src/Illuminate/Collections/helpers.php:236
/var/www/html/vendor/orchestra/sidekick/src/functions.php:87
/var/www/html/vendor/laravel/framework/src/Illuminate/Collections/helpers.php:236
/var/www/html/vendor/orchestra/testbench-core/src/Concerns/Testing.php:57
/var/www/html/vendor/orchestra/testbench-core/src/TestCase.php:50
/var/www/html/tests/TestCase.php:61
/var/www/html/tests/Unit/Registry/RouteRegistrarTest.php:34</error>
        </testcase>
        <testcase name="test_registration_with_string_class_names" file="/var/www/html/tests/Unit/Registry/RouteRegistrarTest.php" line="491" class="JTD\LaravelMCP\Tests\Unit\Registry\RouteRegistrarTest" classname="JTD.LaravelMCP.Tests.Unit.Registry.RouteRegistrarTest" assertions="0" time="0.000000">
          <error type="Exception">JTD\LaravelMCP\Tests\Unit\Registry\RouteRegistrarTest::test_registration_with_string_class_names
Exception: The /var/www/html/vendor/orchestra/testbench-core/laravel/bootstrap/cache directory must be present and writable.

/var/www/html/vendor/laravel/framework/src/Illuminate/Foundation/PackageManifest.php:179
/var/www/html/vendor/orchestra/testbench-core/src/Foundation/PackageManifest.php:157
/var/www/html/vendor/laravel/framework/src/Illuminate/Foundation/PackageManifest.php:132
/var/www/html/vendor/laravel/framework/src/Illuminate/Foundation/PackageManifest.php:108
/var/www/html/vendor/orchestra/testbench-core/src/Foundation/PackageManifest.php:102
/var/www/html/vendor/laravel/framework/src/Illuminate/Foundation/PackageManifest.php:91
/var/www/html/vendor/laravel/framework/src/Illuminate/Foundation/PackageManifest.php:80
/var/www/html/vendor/laravel/framework/src/Illuminate/Foundation/Bootstrap/RegisterFacades.php:26
/var/www/html/vendor/orchestra/testbench-core/src/Concerns/CreatesApplication.php:556
/var/www/html/vendor/orchestra/testbench-core/src/Concerns/CreatesApplication.php:311
/var/www/html/vendor/orchestra/testbench-core/src/TestCase.php:121
/var/www/html/vendor/orchestra/testbench-core/src/Concerns/ApplicationTestingHooks.php:74
/var/www/html/vendor/orchestra/testbench-core/src/Concerns/Testing.php:43
/var/www/html/vendor/laravel/framework/src/Illuminate/Collections/helpers.php:236
/var/www/html/vendor/orchestra/sidekick/src/functions.php:87
/var/www/html/vendor/laravel/framework/src/Illuminate/Collections/helpers.php:236
/var/www/html/vendor/orchestra/testbench-core/src/Concerns/Testing.php:57
/var/www/html/vendor/orchestra/testbench-core/src/TestCase.php:50
/var/www/html/tests/TestCase.php:61
/var/www/html/tests/Unit/Registry/RouteRegistrarTest.php:34</error>
        </testcase>
        <testcase name="test_batch_registration_with_empty_arrays" file="/var/www/html/tests/Unit/Registry/RouteRegistrarTest.php" line="513" class="JTD\LaravelMCP\Tests\Unit\Registry\RouteRegistrarTest" classname="JTD.LaravelMCP.Tests.Unit.Registry.RouteRegistrarTest" assertions="0" time="0.000000">
          <error type="Exception">JTD\LaravelMCP\Tests\Unit\Registry\RouteRegistrarTest::test_batch_registration_with_empty_arrays
Exception: The /var/www/html/vendor/orchestra/testbench-core/laravel/bootstrap/cache directory must be present and writable.

/var/www/html/vendor/laravel/framework/src/Illuminate/Foundation/PackageManifest.php:179
/var/www/html/vendor/orchestra/testbench-core/src/Foundation/PackageManifest.php:157
/var/www/html/vendor/laravel/framework/src/Illuminate/Foundation/PackageManifest.php:132
/var/www/html/vendor/laravel/framework/src/Illuminate/Foundation/PackageManifest.php:108
/var/www/html/vendor/orchestra/testbench-core/src/Foundation/PackageManifest.php:102
/var/www/html/vendor/laravel/framework/src/Illuminate/Foundation/PackageManifest.php:91
/var/www/html/vendor/laravel/framework/src/Illuminate/Foundation/PackageManifest.php:80
/var/www/html/vendor/laravel/framework/src/Illuminate/Foundation/Bootstrap/RegisterFacades.php:26
/var/www/html/vendor/orchestra/testbench-core/src/Concerns/CreatesApplication.php:556
/var/www/html/vendor/orchestra/testbench-core/src/Concerns/CreatesApplication.php:311
/var/www/html/vendor/orchestra/testbench-core/src/TestCase.php:121
/var/www/html/vendor/orchestra/testbench-core/src/Concerns/ApplicationTestingHooks.php:74
/var/www/html/vendor/orchestra/testbench-core/src/Concerns/Testing.php:43
/var/www/html/vendor/laravel/framework/src/Illuminate/Collections/helpers.php:236
/var/www/html/vendor/orchestra/sidekick/src/functions.php:87
/var/www/html/vendor/laravel/framework/src/Illuminate/Collections/helpers.php:236
/var/www/html/vendor/orchestra/testbench-core/src/Concerns/Testing.php:57
/var/www/html/vendor/orchestra/testbench-core/src/TestCase.php:50
/var/www/html/tests/TestCase.php:61
/var/www/html/tests/Unit/Registry/RouteRegistrarTest.php:34</error>
        </testcase>
        <testcase name="test_complex_nested_group_scenarios" file="/var/www/html/tests/Unit/Registry/RouteRegistrarTest.php" line="525" class="JTD\LaravelMCP\Tests\Unit\Registry\RouteRegistrarTest" classname="JTD.LaravelMCP.Tests.Unit.Registry.RouteRegistrarTest" assertions="0" time="0.000000">
          <error type="Exception">JTD\LaravelMCP\Tests\Unit\Registry\RouteRegistrarTest::test_complex_nested_group_scenarios
Exception: The /var/www/html/vendor/orchestra/testbench-core/laravel/bootstrap/cache directory must be present and writable.

/var/www/html/vendor/laravel/framework/src/Illuminate/Foundation/PackageManifest.php:179
/var/www/html/vendor/orchestra/testbench-core/src/Foundation/PackageManifest.php:157
/var/www/html/vendor/laravel/framework/src/Illuminate/Foundation/PackageManifest.php:132
/var/www/html/vendor/laravel/framework/src/Illuminate/Foundation/PackageManifest.php:108
/var/www/html/vendor/orchestra/testbench-core/src/Foundation/PackageManifest.php:102
/var/www/html/vendor/laravel/framework/src/Illuminate/Foundation/PackageManifest.php:91
/var/www/html/vendor/laravel/framework/src/Illuminate/Foundation/PackageManifest.php:80
/var/www/html/vendor/laravel/framework/src/Illuminate/Foundation/Bootstrap/RegisterFacades.php:26
/var/www/html/vendor/orchestra/testbench-core/src/Concerns/CreatesApplication.php:556
/var/www/html/vendor/orchestra/testbench-core/src/Concerns/CreatesApplication.php:311
/var/www/html/vendor/orchestra/testbench-core/src/TestCase.php:121
/var/www/html/vendor/orchestra/testbench-core/src/Concerns/ApplicationTestingHooks.php:74
/var/www/html/vendor/orchestra/testbench-core/src/Concerns/Testing.php:43
/var/www/html/vendor/laravel/framework/src/Illuminate/Collections/helpers.php:236
/var/www/html/vendor/orchestra/sidekick/src/functions.php:87
/var/www/html/vendor/laravel/framework/src/Illuminate/Collections/helpers.php:236
/var/www/html/vendor/orchestra/testbench-core/src/Concerns/Testing.php:57
/var/www/html/vendor/orchestra/testbench-core/src/TestCase.php:50
/var/www/html/tests/TestCase.php:61
/var/www/html/tests/Unit/Registry/RouteRegistrarTest.php:34</error>
        </testcase>
        <testcase name="test_middleware_array_handling_in_groups" file="/var/www/html/tests/Unit/Registry/RouteRegistrarTest.php" line="558" class="JTD\LaravelMCP\Tests\Unit\Registry\RouteRegistrarTest" classname="JTD.LaravelMCP.Tests.Unit.Registry.RouteRegistrarTest" assertions="0" time="0.000000">
          <error type="Exception">JTD\LaravelMCP\Tests\Unit\Registry\RouteRegistrarTest::test_middleware_array_handling_in_groups
Exception: The /var/www/html/vendor/orchestra/testbench-core/laravel/bootstrap/cache directory must be present and writable.

/var/www/html/vendor/laravel/framework/src/Illuminate/Foundation/PackageManifest.php:179
/var/www/html/vendor/orchestra/testbench-core/src/Foundation/PackageManifest.php:157
/var/www/html/vendor/laravel/framework/src/Illuminate/Foundation/PackageManifest.php:132
/var/www/html/vendor/laravel/framework/src/Illuminate/Foundation/PackageManifest.php:108
/var/www/html/vendor/orchestra/testbench-core/src/Foundation/PackageManifest.php:102
/var/www/html/vendor/laravel/framework/src/Illuminate/Foundation/PackageManifest.php:91
/var/www/html/vendor/laravel/framework/src/Illuminate/Foundation/PackageManifest.php:80
/var/www/html/vendor/laravel/framework/src/Illuminate/Foundation/Bootstrap/RegisterFacades.php:26
/var/www/html/vendor/orchestra/testbench-core/src/Concerns/CreatesApplication.php:556
/var/www/html/vendor/orchestra/testbench-core/src/Concerns/CreatesApplication.php:311
/var/www/html/vendor/orchestra/testbench-core/src/TestCase.php:121
/var/www/html/vendor/orchestra/testbench-core/src/Concerns/ApplicationTestingHooks.php:74
/var/www/html/vendor/orchestra/testbench-core/src/Concerns/Testing.php:43
/var/www/html/vendor/laravel/framework/src/Illuminate/Collections/helpers.php:236
/var/www/html/vendor/orchestra/sidekick/src/functions.php:87
/var/www/html/vendor/laravel/framework/src/Illuminate/Collections/helpers.php:236
/var/www/html/vendor/orchestra/testbench-core/src/Concerns/Testing.php:57
/var/www/html/vendor/orchestra/testbench-core/src/TestCase.php:50
/var/www/html/tests/TestCase.php:61
/var/www/html/tests/Unit/Registry/RouteRegistrarTest.php:34</error>
        </testcase>
        <testcase name="test_registration_with_duplicate_names" file="/var/www/html/tests/Unit/Registry/RouteRegistrarTest.php" line="578" class="JTD\LaravelMCP\Tests\Unit\Registry\RouteRegistrarTest" classname="JTD.LaravelMCP.Tests.Unit.Registry.RouteRegistrarTest" assertions="0" time="0.000000">
          <error type="Exception">JTD\LaravelMCP\Tests\Unit\Registry\RouteRegistrarTest::test_registration_with_duplicate_names
Exception: The /var/www/html/vendor/orchestra/testbench-core/laravel/bootstrap/cache directory must be present and writable.

/var/www/html/vendor/laravel/framework/src/Illuminate/Foundation/PackageManifest.php:179
/var/www/html/vendor/orchestra/testbench-core/src/Foundation/PackageManifest.php:157
/var/www/html/vendor/laravel/framework/src/Illuminate/Foundation/PackageManifest.php:132
/var/www/html/vendor/laravel/framework/src/Illuminate/Foundation/PackageManifest.php:108
/var/www/html/vendor/orchestra/testbench-core/src/Foundation/PackageManifest.php:102
/var/www/html/vendor/laravel/framework/src/Illuminate/Foundation/PackageManifest.php:91
/var/www/html/vendor/laravel/framework/src/Illuminate/Foundation/PackageManifest.php:80
/var/www/html/vendor/laravel/framework/src/Illuminate/Foundation/Bootstrap/RegisterFacades.php:26
/var/www/html/vendor/orchestra/testbench-core/src/Concerns/CreatesApplication.php:556
/var/www/html/vendor/orchestra/testbench-core/src/Concerns/CreatesApplication.php:311
/var/www/html/vendor/orchestra/testbench-core/src/TestCase.php:121
/var/www/html/vendor/orchestra/testbench-core/src/Concerns/ApplicationTestingHooks.php:74
/var/www/html/vendor/orchestra/testbench-core/src/Concerns/Testing.php:43
/var/www/html/vendor/laravel/framework/src/Illuminate/Collections/helpers.php:236
/var/www/html/vendor/orchestra/sidekick/src/functions.php:87
/var/www/html/vendor/laravel/framework/src/Illuminate/Collections/helpers.php:236
/var/www/html/vendor/orchestra/testbench-core/src/Concerns/Testing.php:57
/var/www/html/vendor/orchestra/testbench-core/src/TestCase.php:50
/var/www/html/tests/TestCase.php:61
/var/www/html/tests/Unit/Registry/RouteRegistrarTest.php:34</error>
        </testcase>
        <testcase name="test_group_attributes_isolation" file="/var/www/html/tests/Unit/Registry/RouteRegistrarTest.php" line="599" class="JTD\LaravelMCP\Tests\Unit\Registry\RouteRegistrarTest" classname="JTD.LaravelMCP.Tests.Unit.Registry.RouteRegistrarTest" assertions="0" time="0.000000">
          <error type="Exception">JTD\LaravelMCP\Tests\Unit\Registry\RouteRegistrarTest::test_group_attributes_isolation
Exception: The /var/www/html/vendor/orchestra/testbench-core/laravel/bootstrap/cache directory must be present and writable.

/var/www/html/vendor/laravel/framework/src/Illuminate/Foundation/PackageManifest.php:179
/var/www/html/vendor/orchestra/testbench-core/src/Foundation/PackageManifest.php:157
/var/www/html/vendor/laravel/framework/src/Illuminate/Foundation/PackageManifest.php:132
/var/www/html/vendor/laravel/framework/src/Illuminate/Foundation/PackageManifest.php:108
/var/www/html/vendor/orchestra/testbench-core/src/Foundation/PackageManifest.php:102
/var/www/html/vendor/laravel/framework/src/Illuminate/Foundation/PackageManifest.php:91
/var/www/html/vendor/laravel/framework/src/Illuminate/Foundation/PackageManifest.php:80
/var/www/html/vendor/laravel/framework/src/Illuminate/Foundation/Bootstrap/RegisterFacades.php:26
/var/www/html/vendor/orchestra/testbench-core/src/Concerns/CreatesApplication.php:556
/var/www/html/vendor/orchestra/testbench-core/src/Concerns/CreatesApplication.php:311
/var/www/html/vendor/orchestra/testbench-core/src/TestCase.php:121
/var/www/html/vendor/orchestra/testbench-core/src/Concerns/ApplicationTestingHooks.php:74
/var/www/html/vendor/orchestra/testbench-core/src/Concerns/Testing.php:43
/var/www/html/vendor/laravel/framework/src/Illuminate/Collections/helpers.php:236
/var/www/html/vendor/orchestra/sidekick/src/functions.php:87
/var/www/html/vendor/laravel/framework/src/Illuminate/Collections/helpers.php:236
/var/www/html/vendor/orchestra/testbench-core/src/Concerns/Testing.php:57
/var/www/html/vendor/orchestra/testbench-core/src/TestCase.php:50
/var/www/html/tests/TestCase.php:61
/var/www/html/tests/Unit/Registry/RouteRegistrarTest.php:34</error>
        </testcase>
        <testcase name="test_registration_count_tracking" file="/var/www/html/tests/Unit/Registry/RouteRegistrarTest.php" line="629" class="JTD\LaravelMCP\Tests\Unit\Registry\RouteRegistrarTest" classname="JTD.LaravelMCP.Tests.Unit.Registry.RouteRegistrarTest" assertions="0" time="0.000000">
          <error type="Exception">JTD\LaravelMCP\Tests\Unit\Registry\RouteRegistrarTest::test_registration_count_tracking
Exception: The /var/www/html/vendor/orchestra/testbench-core/laravel/bootstrap/cache directory must be present and writable.

/var/www/html/vendor/laravel/framework/src/Illuminate/Foundation/PackageManifest.php:179
/var/www/html/vendor/orchestra/testbench-core/src/Foundation/PackageManifest.php:157
/var/www/html/vendor/laravel/framework/src/Illuminate/Foundation/PackageManifest.php:132
/var/www/html/vendor/laravel/framework/src/Illuminate/Foundation/PackageManifest.php:108
/var/www/html/vendor/orchestra/testbench-core/src/Foundation/PackageManifest.php:102
/var/www/html/vendor/laravel/framework/src/Illuminate/Foundation/PackageManifest.php:91
/var/www/html/vendor/laravel/framework/src/Illuminate/Foundation/PackageManifest.php:80
/var/www/html/vendor/laravel/framework/src/Illuminate/Foundation/Bootstrap/RegisterFacades.php:26
/var/www/html/vendor/orchestra/testbench-core/src/Concerns/CreatesApplication.php:556
/var/www/html/vendor/orchestra/testbench-core/src/Concerns/CreatesApplication.php:311
/var/www/html/vendor/orchestra/testbench-core/src/TestCase.php:121
/var/www/html/vendor/orchestra/testbench-core/src/Concerns/ApplicationTestingHooks.php:74
/var/www/html/vendor/orchestra/testbench-core/src/Concerns/Testing.php:43
/var/www/html/vendor/laravel/framework/src/Illuminate/Collections/helpers.php:236
/var/www/html/vendor/orchestra/sidekick/src/functions.php:87
/var/www/html/vendor/laravel/framework/src/Illuminate/Collections/helpers.php:236
/var/www/html/vendor/orchestra/testbench-core/src/Concerns/Testing.php:57
/var/www/html/vendor/orchestra/testbench-core/src/TestCase.php:50
/var/www/html/tests/TestCase.php:61
/var/www/html/tests/Unit/Registry/RouteRegistrarTest.php:34</error>
        </testcase>
      </testsuite>
      <testsuite name="JTD\LaravelMCP\Tests\Unit\Registry\RoutingPatternsTest" file="/var/www/html/tests/Unit/Registry/RoutingPatternsTest.php" tests="35" assertions="0" errors="35" failures="0" skipped="0" time="0.000000">
        <testcase name="test_get_pattern_for_valid_component_types" file="/var/www/html/tests/Unit/Registry/RoutingPatternsTest.php" line="29" class="JTD\LaravelMCP\Tests\Unit\Registry\RoutingPatternsTest" classname="JTD.LaravelMCP.Tests.Unit.Registry.RoutingPatternsTest" assertions="0" time="0.000000">
          <error type="Exception">JTD\LaravelMCP\Tests\Unit\Registry\RoutingPatternsTest::test_get_pattern_for_valid_component_types
Exception: The /var/www/html/vendor/orchestra/testbench-core/laravel/bootstrap/cache directory must be present and writable.

/var/www/html/vendor/laravel/framework/src/Illuminate/Foundation/PackageManifest.php:179
/var/www/html/vendor/orchestra/testbench-core/src/Foundation/PackageManifest.php:157
/var/www/html/vendor/laravel/framework/src/Illuminate/Foundation/PackageManifest.php:132
/var/www/html/vendor/laravel/framework/src/Illuminate/Foundation/PackageManifest.php:108
/var/www/html/vendor/orchestra/testbench-core/src/Foundation/PackageManifest.php:102
/var/www/html/vendor/laravel/framework/src/Illuminate/Foundation/PackageManifest.php:91
/var/www/html/vendor/laravel/framework/src/Illuminate/Foundation/PackageManifest.php:80
/var/www/html/vendor/laravel/framework/src/Illuminate/Foundation/Bootstrap/RegisterFacades.php:26
/var/www/html/vendor/orchestra/testbench-core/src/Concerns/CreatesApplication.php:556
/var/www/html/vendor/orchestra/testbench-core/src/Concerns/CreatesApplication.php:311
/var/www/html/vendor/orchestra/testbench-core/src/TestCase.php:121
/var/www/html/vendor/orchestra/testbench-core/src/Concerns/ApplicationTestingHooks.php:74
/var/www/html/vendor/orchestra/testbench-core/src/Concerns/Testing.php:43
/var/www/html/vendor/laravel/framework/src/Illuminate/Collections/helpers.php:236
/var/www/html/vendor/orchestra/sidekick/src/functions.php:87
/var/www/html/vendor/laravel/framework/src/Illuminate/Collections/helpers.php:236
/var/www/html/vendor/orchestra/testbench-core/src/Concerns/Testing.php:57
/var/www/html/vendor/orchestra/testbench-core/src/TestCase.php:50
/var/www/html/tests/TestCase.php:61
/var/www/html/tests/Unit/Registry/RoutingPatternsTest.php:21</error>
        </testcase>
        <testcase name="test_get_pattern_for_invalid_component_type" file="/var/www/html/tests/Unit/Registry/RoutingPatternsTest.php" line="59" class="JTD\LaravelMCP\Tests\Unit\Registry\RoutingPatternsTest" classname="JTD.LaravelMCP.Tests.Unit.Registry.RoutingPatternsTest" assertions="0" time="0.000000">
          <error type="Exception">JTD\LaravelMCP\Tests\Unit\Registry\RoutingPatternsTest::test_get_pattern_for_invalid_component_type
Exception: The /var/www/html/vendor/orchestra/testbench-core/laravel/bootstrap/cache directory must be present and writable.

/var/www/html/vendor/laravel/framework/src/Illuminate/Foundation/PackageManifest.php:179
/var/www/html/vendor/orchestra/testbench-core/src/Foundation/PackageManifest.php:157
/var/www/html/vendor/laravel/framework/src/Illuminate/Foundation/PackageManifest.php:132
/var/www/html/vendor/laravel/framework/src/Illuminate/Foundation/PackageManifest.php:108
/var/www/html/vendor/orchestra/testbench-core/src/Foundation/PackageManifest.php:102
/var/www/html/vendor/laravel/framework/src/Illuminate/Foundation/PackageManifest.php:91
/var/www/html/vendor/laravel/framework/src/Illuminate/Foundation/PackageManifest.php:80
/var/www/html/vendor/laravel/framework/src/Illuminate/Foundation/Bootstrap/RegisterFacades.php:26
/var/www/html/vendor/orchestra/testbench-core/src/Concerns/CreatesApplication.php:556
/var/www/html/vendor/orchestra/testbench-core/src/Concerns/CreatesApplication.php:311
/var/www/html/vendor/orchestra/testbench-core/src/TestCase.php:121
/var/www/html/vendor/orchestra/testbench-core/src/Concerns/ApplicationTestingHooks.php:74
/var/www/html/vendor/orchestra/testbench-core/src/Concerns/Testing.php:43
/var/www/html/vendor/laravel/framework/src/Illuminate/Collections/helpers.php:236
/var/www/html/vendor/orchestra/sidekick/src/functions.php:87
/var/www/html/vendor/laravel/framework/src/Illuminate/Collections/helpers.php:236
/var/www/html/vendor/orchestra/testbench-core/src/Concerns/Testing.php:57
/var/www/html/vendor/orchestra/testbench-core/src/TestCase.php:50
/var/www/html/tests/TestCase.php:61
/var/www/html/tests/Unit/Registry/RoutingPatternsTest.php:21</error>
        </testcase>
        <testcase name="test_get_all_patterns" file="/var/www/html/tests/Unit/Registry/RoutingPatternsTest.php" line="68" class="JTD\LaravelMCP\Tests\Unit\Registry\RoutingPatternsTest" classname="JTD.LaravelMCP.Tests.Unit.Registry.RoutingPatternsTest" assertions="0" time="0.000000">
          <error type="Exception">JTD\LaravelMCP\Tests\Unit\Registry\RoutingPatternsTest::test_get_all_patterns
Exception: The /var/www/html/vendor/orchestra/testbench-core/laravel/bootstrap/cache directory must be present and writable.

/var/www/html/vendor/laravel/framework/src/Illuminate/Foundation/PackageManifest.php:179
/var/www/html/vendor/orchestra/testbench-core/src/Foundation/PackageManifest.php:157
/var/www/html/vendor/laravel/framework/src/Illuminate/Foundation/PackageManifest.php:132
/var/www/html/vendor/laravel/framework/src/Illuminate/Foundation/PackageManifest.php:108
/var/www/html/vendor/orchestra/testbench-core/src/Foundation/PackageManifest.php:102
/var/www/html/vendor/laravel/framework/src/Illuminate/Foundation/PackageManifest.php:91
/var/www/html/vendor/laravel/framework/src/Illuminate/Foundation/PackageManifest.php:80
/var/www/html/vendor/laravel/framework/src/Illuminate/Foundation/Bootstrap/RegisterFacades.php:26
/var/www/html/vendor/orchestra/testbench-core/src/Concerns/CreatesApplication.php:556
/var/www/html/vendor/orchestra/testbench-core/src/Concerns/CreatesApplication.php:311
/var/www/html/vendor/orchestra/testbench-core/src/TestCase.php:121
/var/www/html/vendor/orchestra/testbench-core/src/Concerns/ApplicationTestingHooks.php:74
/var/www/html/vendor/orchestra/testbench-core/src/Concerns/Testing.php:43
/var/www/html/vendor/laravel/framework/src/Illuminate/Collections/helpers.php:236
/var/www/html/vendor/orchestra/sidekick/src/functions.php:87
/var/www/html/vendor/laravel/framework/src/Illuminate/Collections/helpers.php:236
/var/www/html/vendor/orchestra/testbench-core/src/Concerns/Testing.php:57
/var/www/html/vendor/orchestra/testbench-core/src/TestCase.php:50
/var/www/html/tests/TestCase.php:61
/var/www/html/tests/Unit/Registry/RoutingPatternsTest.php:21</error>
        </testcase>
        <testcase name="test_generate_route_name_for_tools" file="/var/www/html/tests/Unit/Registry/RoutingPatternsTest.php" line="83" class="JTD\LaravelMCP\Tests\Unit\Registry\RoutingPatternsTest" classname="JTD.LaravelMCP.Tests.Unit.Registry.RoutingPatternsTest" assertions="0" time="0.000000">
          <error type="Exception">JTD\LaravelMCP\Tests\Unit\Registry\RoutingPatternsTest::test_generate_route_name_for_tools
Exception: The /var/www/html/vendor/orchestra/testbench-core/laravel/bootstrap/cache directory must be present and writable.

/var/www/html/vendor/laravel/framework/src/Illuminate/Foundation/PackageManifest.php:179
/var/www/html/vendor/orchestra/testbench-core/src/Foundation/PackageManifest.php:157
/var/www/html/vendor/laravel/framework/src/Illuminate/Foundation/PackageManifest.php:132
/var/www/html/vendor/laravel/framework/src/Illuminate/Foundation/PackageManifest.php:108
/var/www/html/vendor/orchestra/testbench-core/src/Foundation/PackageManifest.php:102
/var/www/html/vendor/laravel/framework/src/Illuminate/Foundation/PackageManifest.php:91
/var/www/html/vendor/laravel/framework/src/Illuminate/Foundation/PackageManifest.php:80
/var/www/html/vendor/laravel/framework/src/Illuminate/Foundation/Bootstrap/RegisterFacades.php:26
/var/www/html/vendor/orchestra/testbench-core/src/Concerns/CreatesApplication.php:556
/var/www/html/vendor/orchestra/testbench-core/src/Concerns/CreatesApplication.php:311
/var/www/html/vendor/orchestra/testbench-core/src/TestCase.php:121
/var/www/html/vendor/orchestra/testbench-core/src/Concerns/ApplicationTestingHooks.php:74
/var/www/html/vendor/orchestra/testbench-core/src/Concerns/Testing.php:43
/var/www/html/vendor/laravel/framework/src/Illuminate/Collections/helpers.php:236
/var/www/html/vendor/orchestra/sidekick/src/functions.php:87
/var/www/html/vendor/laravel/framework/src/Illuminate/Collections/helpers.php:236
/var/www/html/vendor/orchestra/testbench-core/src/Concerns/Testing.php:57
/var/www/html/vendor/orchestra/testbench-core/src/TestCase.php:50
/var/www/html/tests/TestCase.php:61
/var/www/html/tests/Unit/Registry/RoutingPatternsTest.php:21</error>
        </testcase>
        <testcase name="test_generate_route_name_for_resources" file="/var/www/html/tests/Unit/Registry/RoutingPatternsTest.php" line="98" class="JTD\LaravelMCP\Tests\Unit\Registry\RoutingPatternsTest" classname="JTD.LaravelMCP.Tests.Unit.Registry.RoutingPatternsTest" assertions="0" time="0.000000">
          <error type="Exception">JTD\LaravelMCP\Tests\Unit\Registry\RoutingPatternsTest::test_generate_route_name_for_resources
Exception: The /var/www/html/vendor/orchestra/testbench-core/laravel/bootstrap/cache directory must be present and writable.

/var/www/html/vendor/laravel/framework/src/Illuminate/Foundation/PackageManifest.php:179
/var/www/html/vendor/orchestra/testbench-core/src/Foundation/PackageManifest.php:157
/var/www/html/vendor/laravel/framework/src/Illuminate/Foundation/PackageManifest.php:132
/var/www/html/vendor/laravel/framework/src/Illuminate/Foundation/PackageManifest.php:108
/var/www/html/vendor/orchestra/testbench-core/src/Foundation/PackageManifest.php:102
/var/www/html/vendor/laravel/framework/src/Illuminate/Foundation/PackageManifest.php:91
/var/www/html/vendor/laravel/framework/src/Illuminate/Foundation/PackageManifest.php:80
/var/www/html/vendor/laravel/framework/src/Illuminate/Foundation/Bootstrap/RegisterFacades.php:26
/var/www/html/vendor/orchestra/testbench-core/src/Concerns/CreatesApplication.php:556
/var/www/html/vendor/orchestra/testbench-core/src/Concerns/CreatesApplication.php:311
/var/www/html/vendor/orchestra/testbench-core/src/TestCase.php:121
/var/www/html/vendor/orchestra/testbench-core/src/Concerns/ApplicationTestingHooks.php:74
/var/www/html/vendor/orchestra/testbench-core/src/Concerns/Testing.php:43
/var/www/html/vendor/laravel/framework/src/Illuminate/Collections/helpers.php:236
/var/www/html/vendor/orchestra/sidekick/src/functions.php:87
/var/www/html/vendor/laravel/framework/src/Illuminate/Collections/helpers.php:236
/var/www/html/vendor/orchestra/testbench-core/src/Concerns/Testing.php:57
/var/www/html/vendor/orchestra/testbench-core/src/TestCase.php:50
/var/www/html/tests/TestCase.php:61
/var/www/html/tests/Unit/Registry/RoutingPatternsTest.php:21</error>
        </testcase>
        <testcase name="test_generate_route_name_for_prompts" file="/var/www/html/tests/Unit/Registry/RoutingPatternsTest.php" line="110" class="JTD\LaravelMCP\Tests\Unit\Registry\RoutingPatternsTest" classname="JTD.LaravelMCP.Tests.Unit.Registry.RoutingPatternsTest" assertions="0" time="0.000000">
          <error type="Exception">JTD\LaravelMCP\Tests\Unit\Registry\RoutingPatternsTest::test_generate_route_name_for_prompts
Exception: The /var/www/html/vendor/orchestra/testbench-core/laravel/bootstrap/cache directory must be present and writable.

/var/www/html/vendor/laravel/framework/src/Illuminate/Foundation/PackageManifest.php:179
/var/www/html/vendor/orchestra/testbench-core/src/Foundation/PackageManifest.php:157
/var/www/html/vendor/laravel/framework/src/Illuminate/Foundation/PackageManifest.php:132
/var/www/html/vendor/laravel/framework/src/Illuminate/Foundation/PackageManifest.php:108
/var/www/html/vendor/orchestra/testbench-core/src/Foundation/PackageManifest.php:102
/var/www/html/vendor/laravel/framework/src/Illuminate/Foundation/PackageManifest.php:91
/var/www/html/vendor/laravel/framework/src/Illuminate/Foundation/PackageManifest.php:80
/var/www/html/vendor/laravel/framework/src/Illuminate/Foundation/Bootstrap/RegisterFacades.php:26
/var/www/html/vendor/orchestra/testbench-core/src/Concerns/CreatesApplication.php:556
/var/www/html/vendor/orchestra/testbench-core/src/Concerns/CreatesApplication.php:311
/var/www/html/vendor/orchestra/testbench-core/src/TestCase.php:121
/var/www/html/vendor/orchestra/testbench-core/src/Concerns/ApplicationTestingHooks.php:74
/var/www/html/vendor/orchestra/testbench-core/src/Concerns/Testing.php:43
/var/www/html/vendor/laravel/framework/src/Illuminate/Collections/helpers.php:236
/var/www/html/vendor/orchestra/sidekick/src/functions.php:87
/var/www/html/vendor/laravel/framework/src/Illuminate/Collections/helpers.php:236
/var/www/html/vendor/orchestra/testbench-core/src/Concerns/Testing.php:57
/var/www/html/vendor/orchestra/testbench-core/src/TestCase.php:50
/var/www/html/tests/TestCase.php:61
/var/www/html/tests/Unit/Registry/RoutingPatternsTest.php:21</error>
        </testcase>
        <testcase name="test_generate_route_name_with_action" file="/var/www/html/tests/Unit/Registry/RoutingPatternsTest.php" line="122" class="JTD\LaravelMCP\Tests\Unit\Registry\RoutingPatternsTest" classname="JTD.LaravelMCP.Tests.Unit.Registry.RoutingPatternsTest" assertions="0" time="0.000000">
          <error type="Exception">JTD\LaravelMCP\Tests\Unit\Registry\RoutingPatternsTest::test_generate_route_name_with_action
Exception: The /var/www/html/vendor/orchestra/testbench-core/laravel/bootstrap/cache directory must be present and writable.

/var/www/html/vendor/laravel/framework/src/Illuminate/Foundation/PackageManifest.php:179
/var/www/html/vendor/orchestra/testbench-core/src/Foundation/PackageManifest.php:157
/var/www/html/vendor/laravel/framework/src/Illuminate/Foundation/PackageManifest.php:132
/var/www/html/vendor/laravel/framework/src/Illuminate/Foundation/PackageManifest.php:108
/var/www/html/vendor/orchestra/testbench-core/src/Foundation/PackageManifest.php:102
/var/www/html/vendor/laravel/framework/src/Illuminate/Foundation/PackageManifest.php:91
/var/www/html/vendor/laravel/framework/src/Illuminate/Foundation/PackageManifest.php:80
/var/www/html/vendor/laravel/framework/src/Illuminate/Foundation/Bootstrap/RegisterFacades.php:26
/var/www/html/vendor/orchestra/testbench-core/src/Concerns/CreatesApplication.php:556
/var/www/html/vendor/orchestra/testbench-core/src/Concerns/CreatesApplication.php:311
/var/www/html/vendor/orchestra/testbench-core/src/TestCase.php:121
/var/www/html/vendor/orchestra/testbench-core/src/Concerns/ApplicationTestingHooks.php:74
/var/www/html/vendor/orchestra/testbench-core/src/Concerns/Testing.php:43
/var/www/html/vendor/laravel/framework/src/Illuminate/Collections/helpers.php:236
/var/www/html/vendor/orchestra/sidekick/src/functions.php:87
/var/www/html/vendor/laravel/framework/src/Illuminate/Collections/helpers.php:236
/var/www/html/vendor/orchestra/testbench-core/src/Concerns/Testing.php:57
/var/www/html/vendor/orchestra/testbench-core/src/TestCase.php:50
/var/www/html/tests/TestCase.php:61
/var/www/html/tests/Unit/Registry/RoutingPatternsTest.php:21</error>
        </testcase>
        <testcase name="test_generate_route_uri_for_tools" file="/var/www/html/tests/Unit/Registry/RoutingPatternsTest.php" line="137" class="JTD\LaravelMCP\Tests\Unit\Registry\RoutingPatternsTest" classname="JTD.LaravelMCP.Tests.Unit.Registry.RoutingPatternsTest" assertions="0" time="0.000000">
          <error type="Exception">JTD\LaravelMCP\Tests\Unit\Registry\RoutingPatternsTest::test_generate_route_uri_for_tools
Exception: The /var/www/html/vendor/orchestra/testbench-core/laravel/bootstrap/cache directory must be present and writable.

/var/www/html/vendor/laravel/framework/src/Illuminate/Foundation/PackageManifest.php:179
/var/www/html/vendor/orchestra/testbench-core/src/Foundation/PackageManifest.php:157
/var/www/html/vendor/laravel/framework/src/Illuminate/Foundation/PackageManifest.php:132
/var/www/html/vendor/laravel/framework/src/Illuminate/Foundation/PackageManifest.php:108
/var/www/html/vendor/orchestra/testbench-core/src/Foundation/PackageManifest.php:102
/var/www/html/vendor/laravel/framework/src/Illuminate/Foundation/PackageManifest.php:91
/var/www/html/vendor/laravel/framework/src/Illuminate/Foundation/PackageManifest.php:80
/var/www/html/vendor/laravel/framework/src/Illuminate/Foundation/Bootstrap/RegisterFacades.php:26
/var/www/html/vendor/orchestra/testbench-core/src/Concerns/CreatesApplication.php:556
/var/www/html/vendor/orchestra/testbench-core/src/Concerns/CreatesApplication.php:311
/var/www/html/vendor/orchestra/testbench-core/src/TestCase.php:121
/var/www/html/vendor/orchestra/testbench-core/src/Concerns/ApplicationTestingHooks.php:74
/var/www/html/vendor/orchestra/testbench-core/src/Concerns/Testing.php:43
/var/www/html/vendor/laravel/framework/src/Illuminate/Collections/helpers.php:236
/var/www/html/vendor/orchestra/sidekick/src/functions.php:87
/var/www/html/vendor/laravel/framework/src/Illuminate/Collections/helpers.php:236
/var/www/html/vendor/orchestra/testbench-core/src/Concerns/Testing.php:57
/var/www/html/vendor/orchestra/testbench-core/src/TestCase.php:50
/var/www/html/tests/TestCase.php:61
/var/www/html/tests/Unit/Registry/RoutingPatternsTest.php:21</error>
        </testcase>
        <testcase name="test_generate_route_uri_for_resources" file="/var/www/html/tests/Unit/Registry/RoutingPatternsTest.php" line="152" class="JTD\LaravelMCP\Tests\Unit\Registry\RoutingPatternsTest" classname="JTD.LaravelMCP.Tests.Unit.Registry.RoutingPatternsTest" assertions="0" time="0.000000">
          <error type="Exception">JTD\LaravelMCP\Tests\Unit\Registry\RoutingPatternsTest::test_generate_route_uri_for_resources
Exception: The /var/www/html/vendor/orchestra/testbench-core/laravel/bootstrap/cache directory must be present and writable.

/var/www/html/vendor/laravel/framework/src/Illuminate/Foundation/PackageManifest.php:179
/var/www/html/vendor/orchestra/testbench-core/src/Foundation/PackageManifest.php:157
/var/www/html/vendor/laravel/framework/src/Illuminate/Foundation/PackageManifest.php:132
/var/www/html/vendor/laravel/framework/src/Illuminate/Foundation/PackageManifest.php:108
/var/www/html/vendor/orchestra/testbench-core/src/Foundation/PackageManifest.php:102
/var/www/html/vendor/laravel/framework/src/Illuminate/Foundation/PackageManifest.php:91
/var/www/html/vendor/laravel/framework/src/Illuminate/Foundation/PackageManifest.php:80
/var/www/html/vendor/laravel/framework/src/Illuminate/Foundation/Bootstrap/RegisterFacades.php:26
/var/www/html/vendor/orchestra/testbench-core/src/Concerns/CreatesApplication.php:556
/var/www/html/vendor/orchestra/testbench-core/src/Concerns/CreatesApplication.php:311
/var/www/html/vendor/orchestra/testbench-core/src/TestCase.php:121
/var/www/html/vendor/orchestra/testbench-core/src/Concerns/ApplicationTestingHooks.php:74
/var/www/html/vendor/orchestra/testbench-core/src/Concerns/Testing.php:43
/var/www/html/vendor/laravel/framework/src/Illuminate/Collections/helpers.php:236
/var/www/html/vendor/orchestra/sidekick/src/functions.php:87
/var/www/html/vendor/laravel/framework/src/Illuminate/Collections/helpers.php:236
/var/www/html/vendor/orchestra/testbench-core/src/Concerns/Testing.php:57
/var/www/html/vendor/orchestra/testbench-core/src/TestCase.php:50
/var/www/html/tests/TestCase.php:61
/var/www/html/tests/Unit/Registry/RoutingPatternsTest.php:21</error>
        </testcase>
        <testcase name="test_generate_route_uri_for_prompts" file="/var/www/html/tests/Unit/Registry/RoutingPatternsTest.php" line="164" class="JTD\LaravelMCP\Tests\Unit\Registry\RoutingPatternsTest" classname="JTD.LaravelMCP.Tests.Unit.Registry.RoutingPatternsTest" assertions="0" time="0.000000">
          <error type="Exception">JTD\LaravelMCP\Tests\Unit\Registry\RoutingPatternsTest::test_generate_route_uri_for_prompts
Exception: The /var/www/html/vendor/orchestra/testbench-core/laravel/bootstrap/cache directory must be present and writable.

/var/www/html/vendor/laravel/framework/src/Illuminate/Foundation/PackageManifest.php:179
/var/www/html/vendor/orchestra/testbench-core/src/Foundation/PackageManifest.php:157
/var/www/html/vendor/laravel/framework/src/Illuminate/Foundation/PackageManifest.php:132
/var/www/html/vendor/laravel/framework/src/Illuminate/Foundation/PackageManifest.php:108
/var/www/html/vendor/orchestra/testbench-core/src/Foundation/PackageManifest.php:102
/var/www/html/vendor/laravel/framework/src/Illuminate/Foundation/PackageManifest.php:91
/var/www/html/vendor/laravel/framework/src/Illuminate/Foundation/PackageManifest.php:80
/var/www/html/vendor/laravel/framework/src/Illuminate/Foundation/Bootstrap/RegisterFacades.php:26
/var/www/html/vendor/orchestra/testbench-core/src/Concerns/CreatesApplication.php:556
/var/www/html/vendor/orchestra/testbench-core/src/Concerns/CreatesApplication.php:311
/var/www/html/vendor/orchestra/testbench-core/src/TestCase.php:121
/var/www/html/vendor/orchestra/testbench-core/src/Concerns/ApplicationTestingHooks.php:74
/var/www/html/vendor/orchestra/testbench-core/src/Concerns/Testing.php:43
/var/www/html/vendor/laravel/framework/src/Illuminate/Collections/helpers.php:236
/var/www/html/vendor/orchestra/sidekick/src/functions.php:87
/var/www/html/vendor/laravel/framework/src/Illuminate/Collections/helpers.php:236
/var/www/html/vendor/orchestra/testbench-core/src/Concerns/Testing.php:57
/var/www/html/vendor/orchestra/testbench-core/src/TestCase.php:50
/var/www/html/tests/TestCase.php:61
/var/www/html/tests/Unit/Registry/RoutingPatternsTest.php:21</error>
        </testcase>
        <testcase name="test_generate_route_uri_with_parameters" file="/var/www/html/tests/Unit/Registry/RoutingPatternsTest.php" line="176" class="JTD\LaravelMCP\Tests\Unit\Registry\RoutingPatternsTest" classname="JTD.LaravelMCP.Tests.Unit.Registry.RoutingPatternsTest" assertions="0" time="0.000000">
          <error type="Exception">JTD\LaravelMCP\Tests\Unit\Registry\RoutingPatternsTest::test_generate_route_uri_with_parameters
Exception: The /var/www/html/vendor/orchestra/testbench-core/laravel/bootstrap/cache directory must be present and writable.

/var/www/html/vendor/laravel/framework/src/Illuminate/Foundation/PackageManifest.php:179
/var/www/html/vendor/orchestra/testbench-core/src/Foundation/PackageManifest.php:157
/var/www/html/vendor/laravel/framework/src/Illuminate/Foundation/PackageManifest.php:132
/var/www/html/vendor/laravel/framework/src/Illuminate/Foundation/PackageManifest.php:108
/var/www/html/vendor/orchestra/testbench-core/src/Foundation/PackageManifest.php:102
/var/www/html/vendor/laravel/framework/src/Illuminate/Foundation/PackageManifest.php:91
/var/www/html/vendor/laravel/framework/src/Illuminate/Foundation/PackageManifest.php:80
/var/www/html/vendor/laravel/framework/src/Illuminate/Foundation/Bootstrap/RegisterFacades.php:26
/var/www/html/vendor/orchestra/testbench-core/src/Concerns/CreatesApplication.php:556
/var/www/html/vendor/orchestra/testbench-core/src/Concerns/CreatesApplication.php:311
/var/www/html/vendor/orchestra/testbench-core/src/TestCase.php:121
/var/www/html/vendor/orchestra/testbench-core/src/Concerns/ApplicationTestingHooks.php:74
/var/www/html/vendor/orchestra/testbench-core/src/Concerns/Testing.php:43
/var/www/html/vendor/laravel/framework/src/Illuminate/Collections/helpers.php:236
/var/www/html/vendor/orchestra/sidekick/src/functions.php:87
/var/www/html/vendor/laravel/framework/src/Illuminate/Collections/helpers.php:236
/var/www/html/vendor/orchestra/testbench-core/src/Concerns/Testing.php:57
/var/www/html/vendor/orchestra/testbench-core/src/TestCase.php:50
/var/www/html/tests/TestCase.php:61
/var/www/html/tests/Unit/Registry/RoutingPatternsTest.php:21</error>
        </testcase>
        <testcase name="test_get_middleware_for_component_types" file="/var/www/html/tests/Unit/Registry/RoutingPatternsTest.php" line="194" class="JTD\LaravelMCP\Tests\Unit\Registry\RoutingPatternsTest" classname="JTD.LaravelMCP.Tests.Unit.Registry.RoutingPatternsTest" assertions="0" time="0.000000">
          <error type="Exception">JTD\LaravelMCP\Tests\Unit\Registry\RoutingPatternsTest::test_get_middleware_for_component_types
Exception: The /var/www/html/vendor/orchestra/testbench-core/laravel/bootstrap/cache directory must be present and writable.

/var/www/html/vendor/laravel/framework/src/Illuminate/Foundation/PackageManifest.php:179
/var/www/html/vendor/orchestra/testbench-core/src/Foundation/PackageManifest.php:157
/var/www/html/vendor/laravel/framework/src/Illuminate/Foundation/PackageManifest.php:132
/var/www/html/vendor/laravel/framework/src/Illuminate/Foundation/PackageManifest.php:108
/var/www/html/vendor/orchestra/testbench-core/src/Foundation/PackageManifest.php:102
/var/www/html/vendor/laravel/framework/src/Illuminate/Foundation/PackageManifest.php:91
/var/www/html/vendor/laravel/framework/src/Illuminate/Foundation/PackageManifest.php:80
/var/www/html/vendor/laravel/framework/src/Illuminate/Foundation/Bootstrap/RegisterFacades.php:26
/var/www/html/vendor/orchestra/testbench-core/src/Concerns/CreatesApplication.php:556
/var/www/html/vendor/orchestra/testbench-core/src/Concerns/CreatesApplication.php:311
/var/www/html/vendor/orchestra/testbench-core/src/TestCase.php:121
/var/www/html/vendor/orchestra/testbench-core/src/Concerns/ApplicationTestingHooks.php:74
/var/www/html/vendor/orchestra/testbench-core/src/Concerns/Testing.php:43
/var/www/html/vendor/laravel/framework/src/Illuminate/Collections/helpers.php:236
/var/www/html/vendor/orchestra/sidekick/src/functions.php:87
/var/www/html/vendor/laravel/framework/src/Illuminate/Collections/helpers.php:236
/var/www/html/vendor/orchestra/testbench-core/src/Concerns/Testing.php:57
/var/www/html/vendor/orchestra/testbench-core/src/TestCase.php:50
/var/www/html/tests/TestCase.php:61
/var/www/html/tests/Unit/Registry/RoutingPatternsTest.php:21</error>
        </testcase>
        <testcase name="test_get_middleware_with_additional" file="/var/www/html/tests/Unit/Registry/RoutingPatternsTest.php" line="209" class="JTD\LaravelMCP\Tests\Unit\Registry\RoutingPatternsTest" classname="JTD.LaravelMCP.Tests.Unit.Registry.RoutingPatternsTest" assertions="0" time="0.000000">
          <error type="Exception">JTD\LaravelMCP\Tests\Unit\Registry\RoutingPatternsTest::test_get_middleware_with_additional
Exception: The /var/www/html/vendor/orchestra/testbench-core/laravel/bootstrap/cache directory must be present and writable.

/var/www/html/vendor/laravel/framework/src/Illuminate/Foundation/PackageManifest.php:179
/var/www/html/vendor/orchestra/testbench-core/src/Foundation/PackageManifest.php:157
/var/www/html/vendor/laravel/framework/src/Illuminate/Foundation/PackageManifest.php:132
/var/www/html/vendor/laravel/framework/src/Illuminate/Foundation/PackageManifest.php:108
/var/www/html/vendor/orchestra/testbench-core/src/Foundation/PackageManifest.php:102
/var/www/html/vendor/laravel/framework/src/Illuminate/Foundation/PackageManifest.php:91
/var/www/html/vendor/laravel/framework/src/Illuminate/Foundation/PackageManifest.php:80
/var/www/html/vendor/laravel/framework/src/Illuminate/Foundation/Bootstrap/RegisterFacades.php:26
/var/www/html/vendor/orchestra/testbench-core/src/Concerns/CreatesApplication.php:556
/var/www/html/vendor/orchestra/testbench-core/src/Concerns/CreatesApplication.php:311
/var/www/html/vendor/orchestra/testbench-core/src/TestCase.php:121
/var/www/html/vendor/orchestra/testbench-core/src/Concerns/ApplicationTestingHooks.php:74
/var/www/html/vendor/orchestra/testbench-core/src/Concerns/Testing.php:43
/var/www/html/vendor/laravel/framework/src/Illuminate/Collections/helpers.php:236
/var/www/html/vendor/orchestra/sidekick/src/functions.php:87
/var/www/html/vendor/laravel/framework/src/Illuminate/Collections/helpers.php:236
/var/www/html/vendor/orchestra/testbench-core/src/Concerns/Testing.php:57
/var/www/html/vendor/orchestra/testbench-core/src/TestCase.php:50
/var/www/html/tests/TestCase.php:61
/var/www/html/tests/Unit/Registry/RoutingPatternsTest.php:21</error>
        </testcase>
        <testcase name="test_get_middleware_pattern" file="/var/www/html/tests/Unit/Registry/RoutingPatternsTest.php" line="227" class="JTD\LaravelMCP\Tests\Unit\Registry\RoutingPatternsTest" classname="JTD.LaravelMCP.Tests.Unit.Registry.RoutingPatternsTest" assertions="0" time="0.000000">
          <error type="Exception">JTD\LaravelMCP\Tests\Unit\Registry\RoutingPatternsTest::test_get_middleware_pattern
Exception: The /var/www/html/vendor/orchestra/testbench-core/laravel/bootstrap/cache directory must be present and writable.

/var/www/html/vendor/laravel/framework/src/Illuminate/Foundation/PackageManifest.php:179
/var/www/html/vendor/orchestra/testbench-core/src/Foundation/PackageManifest.php:157
/var/www/html/vendor/laravel/framework/src/Illuminate/Foundation/PackageManifest.php:132
/var/www/html/vendor/laravel/framework/src/Illuminate/Foundation/PackageManifest.php:108
/var/www/html/vendor/orchestra/testbench-core/src/Foundation/PackageManifest.php:102
/var/www/html/vendor/laravel/framework/src/Illuminate/Foundation/PackageManifest.php:91
/var/www/html/vendor/laravel/framework/src/Illuminate/Foundation/PackageManifest.php:80
/var/www/html/vendor/laravel/framework/src/Illuminate/Foundation/Bootstrap/RegisterFacades.php:26
/var/www/html/vendor/orchestra/testbench-core/src/Concerns/CreatesApplication.php:556
/var/www/html/vendor/orchestra/testbench-core/src/Concerns/CreatesApplication.php:311
/var/www/html/vendor/orchestra/testbench-core/src/TestCase.php:121
/var/www/html/vendor/orchestra/testbench-core/src/Concerns/ApplicationTestingHooks.php:74
/var/www/html/vendor/orchestra/testbench-core/src/Concerns/Testing.php:43
/var/www/html/vendor/laravel/framework/src/Illuminate/Collections/helpers.php:236
/var/www/html/vendor/orchestra/sidekick/src/functions.php:87
/var/www/html/vendor/laravel/framework/src/Illuminate/Collections/helpers.php:236
/var/www/html/vendor/orchestra/testbench-core/src/Concerns/Testing.php:57
/var/www/html/vendor/orchestra/testbench-core/src/TestCase.php:50
/var/www/html/tests/TestCase.php:61
/var/www/html/tests/Unit/Registry/RoutingPatternsTest.php:21</error>
        </testcase>
        <testcase name="test_get_constraint" file="/var/www/html/tests/Unit/Registry/RoutingPatternsTest.php" line="241" class="JTD\LaravelMCP\Tests\Unit\Registry\RoutingPatternsTest" classname="JTD.LaravelMCP.Tests.Unit.Registry.RoutingPatternsTest" assertions="0" time="0.000000">
          <error type="Exception">JTD\LaravelMCP\Tests\Unit\Registry\RoutingPatternsTest::test_get_constraint
Exception: The /var/www/html/vendor/orchestra/testbench-core/laravel/bootstrap/cache directory must be present and writable.

/var/www/html/vendor/laravel/framework/src/Illuminate/Foundation/PackageManifest.php:179
/var/www/html/vendor/orchestra/testbench-core/src/Foundation/PackageManifest.php:157
/var/www/html/vendor/laravel/framework/src/Illuminate/Foundation/PackageManifest.php:132
/var/www/html/vendor/laravel/framework/src/Illuminate/Foundation/PackageManifest.php:108
/var/www/html/vendor/orchestra/testbench-core/src/Foundation/PackageManifest.php:102
/var/www/html/vendor/laravel/framework/src/Illuminate/Foundation/PackageManifest.php:91
/var/www/html/vendor/laravel/framework/src/Illuminate/Foundation/PackageManifest.php:80
/var/www/html/vendor/laravel/framework/src/Illuminate/Foundation/Bootstrap/RegisterFacades.php:26
/var/www/html/vendor/orchestra/testbench-core/src/Concerns/CreatesApplication.php:556
/var/www/html/vendor/orchestra/testbench-core/src/Concerns/CreatesApplication.php:311
/var/www/html/vendor/orchestra/testbench-core/src/TestCase.php:121
/var/www/html/vendor/orchestra/testbench-core/src/Concerns/ApplicationTestingHooks.php:74
/var/www/html/vendor/orchestra/testbench-core/src/Concerns/Testing.php:43
/var/www/html/vendor/laravel/framework/src/Illuminate/Collections/helpers.php:236
/var/www/html/vendor/orchestra/sidekick/src/functions.php:87
/var/www/html/vendor/laravel/framework/src/Illuminate/Collections/helpers.php:236
/var/www/html/vendor/orchestra/testbench-core/src/Concerns/Testing.php:57
/var/www/html/vendor/orchestra/testbench-core/src/TestCase.php:50
/var/www/html/tests/TestCase.php:61
/var/www/html/tests/Unit/Registry/RoutingPatternsTest.php:21</error>
        </testcase>
        <testcase name="test_get_all_constraints" file="/var/www/html/tests/Unit/Registry/RoutingPatternsTest.php" line="254" class="JTD\LaravelMCP\Tests\Unit\Registry\RoutingPatternsTest" classname="JTD.LaravelMCP.Tests.Unit.Registry.RoutingPatternsTest" assertions="0" time="0.000000">
          <error type="Exception">JTD\LaravelMCP\Tests\Unit\Registry\RoutingPatternsTest::test_get_all_constraints
Exception: The /var/www/html/vendor/orchestra/testbench-core/laravel/bootstrap/cache directory must be present and writable.

/var/www/html/vendor/laravel/framework/src/Illuminate/Foundation/PackageManifest.php:179
/var/www/html/vendor/orchestra/testbench-core/src/Foundation/PackageManifest.php:157
/var/www/html/vendor/laravel/framework/src/Illuminate/Foundation/PackageManifest.php:132
/var/www/html/vendor/laravel/framework/src/Illuminate/Foundation/PackageManifest.php:108
/var/www/html/vendor/orchestra/testbench-core/src/Foundation/PackageManifest.php:102
/var/www/html/vendor/laravel/framework/src/Illuminate/Foundation/PackageManifest.php:91
/var/www/html/vendor/laravel/framework/src/Illuminate/Foundation/PackageManifest.php:80
/var/www/html/vendor/laravel/framework/src/Illuminate/Foundation/Bootstrap/RegisterFacades.php:26
/var/www/html/vendor/orchestra/testbench-core/src/Concerns/CreatesApplication.php:556
/var/www/html/vendor/orchestra/testbench-core/src/Concerns/CreatesApplication.php:311
/var/www/html/vendor/orchestra/testbench-core/src/TestCase.php:121
/var/www/html/vendor/orchestra/testbench-core/src/Concerns/ApplicationTestingHooks.php:74
/var/www/html/vendor/orchestra/testbench-core/src/Concerns/Testing.php:43
/var/www/html/vendor/laravel/framework/src/Illuminate/Collections/helpers.php:236
/var/www/html/vendor/orchestra/sidekick/src/functions.php:87
/var/www/html/vendor/laravel/framework/src/Illuminate/Collections/helpers.php:236
/var/www/html/vendor/orchestra/testbench-core/src/Concerns/Testing.php:57
/var/www/html/vendor/orchestra/testbench-core/src/TestCase.php:50
/var/www/html/tests/TestCase.php:61
/var/www/html/tests/Unit/Registry/RoutingPatternsTest.php:21</error>
        </testcase>
        <testcase name="test_cache_configuration" file="/var/www/html/tests/Unit/Registry/RoutingPatternsTest.php" line="270" class="JTD\LaravelMCP\Tests\Unit\Registry\RoutingPatternsTest" classname="JTD.LaravelMCP.Tests.Unit.Registry.RoutingPatternsTest" assertions="0" time="0.000000">
          <error type="Exception">JTD\LaravelMCP\Tests\Unit\Registry\RoutingPatternsTest::test_cache_configuration
Exception: The /var/www/html/vendor/orchestra/testbench-core/laravel/bootstrap/cache directory must be present and writable.

/var/www/html/vendor/laravel/framework/src/Illuminate/Foundation/PackageManifest.php:179
/var/www/html/vendor/orchestra/testbench-core/src/Foundation/PackageManifest.php:157
/var/www/html/vendor/laravel/framework/src/Illuminate/Foundation/PackageManifest.php:132
/var/www/html/vendor/laravel/framework/src/Illuminate/Foundation/PackageManifest.php:108
/var/www/html/vendor/orchestra/testbench-core/src/Foundation/PackageManifest.php:102
/var/www/html/vendor/laravel/framework/src/Illuminate/Foundation/PackageManifest.php:91
/var/www/html/vendor/laravel/framework/src/Illuminate/Foundation/PackageManifest.php:80
/var/www/html/vendor/laravel/framework/src/Illuminate/Foundation/Bootstrap/RegisterFacades.php:26
/var/www/html/vendor/orchestra/testbench-core/src/Concerns/CreatesApplication.php:556
/var/www/html/vendor/orchestra/testbench-core/src/Concerns/CreatesApplication.php:311
/var/www/html/vendor/orchestra/testbench-core/src/TestCase.php:121
/var/www/html/vendor/orchestra/testbench-core/src/Concerns/ApplicationTestingHooks.php:74
/var/www/html/vendor/orchestra/testbench-core/src/Concerns/Testing.php:43
/var/www/html/vendor/laravel/framework/src/Illuminate/Collections/helpers.php:236
/var/www/html/vendor/orchestra/sidekick/src/functions.php:87
/var/www/html/vendor/laravel/framework/src/Illuminate/Collections/helpers.php:236
/var/www/html/vendor/orchestra/testbench-core/src/Concerns/Testing.php:57
/var/www/html/vendor/orchestra/testbench-core/src/TestCase.php:50
/var/www/html/tests/TestCase.php:61
/var/www/html/tests/Unit/Registry/RoutingPatternsTest.php:21</error>
        </testcase>
        <testcase name="test_generate_cache_key" file="/var/www/html/tests/Unit/Registry/RoutingPatternsTest.php" line="285" class="JTD\LaravelMCP\Tests\Unit\Registry\RoutingPatternsTest" classname="JTD.LaravelMCP.Tests.Unit.Registry.RoutingPatternsTest" assertions="0" time="0.000000">
          <error type="Exception">JTD\LaravelMCP\Tests\Unit\Registry\RoutingPatternsTest::test_generate_cache_key
Exception: The /var/www/html/vendor/orchestra/testbench-core/laravel/bootstrap/cache directory must be present and writable.

/var/www/html/vendor/laravel/framework/src/Illuminate/Foundation/PackageManifest.php:179
/var/www/html/vendor/orchestra/testbench-core/src/Foundation/PackageManifest.php:157
/var/www/html/vendor/laravel/framework/src/Illuminate/Foundation/PackageManifest.php:132
/var/www/html/vendor/laravel/framework/src/Illuminate/Foundation/PackageManifest.php:108
/var/www/html/vendor/orchestra/testbench-core/src/Foundation/PackageManifest.php:102
/var/www/html/vendor/laravel/framework/src/Illuminate/Foundation/PackageManifest.php:91
/var/www/html/vendor/laravel/framework/src/Illuminate/Foundation/PackageManifest.php:80
/var/www/html/vendor/laravel/framework/src/Illuminate/Foundation/Bootstrap/RegisterFacades.php:26
/var/www/html/vendor/orchestra/testbench-core/src/Concerns/CreatesApplication.php:556
/var/www/html/vendor/orchestra/testbench-core/src/Concerns/CreatesApplication.php:311
/var/www/html/vendor/orchestra/testbench-core/src/TestCase.php:121
/var/www/html/vendor/orchestra/testbench-core/src/Concerns/ApplicationTestingHooks.php:74
/var/www/html/vendor/orchestra/testbench-core/src/Concerns/Testing.php:43
/var/www/html/vendor/laravel/framework/src/Illuminate/Collections/helpers.php:236
/var/www/html/vendor/orchestra/sidekick/src/functions.php:87
/var/www/html/vendor/laravel/framework/src/Illuminate/Collections/helpers.php:236
/var/www/html/vendor/orchestra/testbench-core/src/Concerns/Testing.php:57
/var/www/html/vendor/orchestra/testbench-core/src/TestCase.php:50
/var/www/html/tests/TestCase.php:61
/var/www/html/tests/Unit/Registry/RoutingPatternsTest.php:21</error>
        </testcase>
        <testcase name="test_normalize_component_name" file="/var/www/html/tests/Unit/Registry/RoutingPatternsTest.php" line="300" class="JTD\LaravelMCP\Tests\Unit\Registry\RoutingPatternsTest" classname="JTD.LaravelMCP.Tests.Unit.Registry.RoutingPatternsTest" assertions="0" time="0.000000">
          <error type="Exception">JTD\LaravelMCP\Tests\Unit\Registry\RoutingPatternsTest::test_normalize_component_name
Exception: The /var/www/html/vendor/orchestra/testbench-core/laravel/bootstrap/cache directory must be present and writable.

/var/www/html/vendor/laravel/framework/src/Illuminate/Foundation/PackageManifest.php:179
/var/www/html/vendor/orchestra/testbench-core/src/Foundation/PackageManifest.php:157
/var/www/html/vendor/laravel/framework/src/Illuminate/Foundation/PackageManifest.php:132
/var/www/html/vendor/laravel/framework/src/Illuminate/Foundation/PackageManifest.php:108
/var/www/html/vendor/orchestra/testbench-core/src/Foundation/PackageManifest.php:102
/var/www/html/vendor/laravel/framework/src/Illuminate/Foundation/PackageManifest.php:91
/var/www/html/vendor/laravel/framework/src/Illuminate/Foundation/PackageManifest.php:80
/var/www/html/vendor/laravel/framework/src/Illuminate/Foundation/Bootstrap/RegisterFacades.php:26
/var/www/html/vendor/orchestra/testbench-core/src/Concerns/CreatesApplication.php:556
/var/www/html/vendor/orchestra/testbench-core/src/Concerns/CreatesApplication.php:311
/var/www/html/vendor/orchestra/testbench-core/src/TestCase.php:121
/var/www/html/vendor/orchestra/testbench-core/src/Concerns/ApplicationTestingHooks.php:74
/var/www/html/vendor/orchestra/testbench-core/src/Concerns/Testing.php:43
/var/www/html/vendor/laravel/framework/src/Illuminate/Collections/helpers.php:236
/var/www/html/vendor/orchestra/sidekick/src/functions.php:87
/var/www/html/vendor/laravel/framework/src/Illuminate/Collections/helpers.php:236
/var/www/html/vendor/orchestra/testbench-core/src/Concerns/Testing.php:57
/var/www/html/vendor/orchestra/testbench-core/src/TestCase.php:50
/var/www/html/tests/TestCase.php:61
/var/www/html/tests/Unit/Registry/RoutingPatternsTest.php:21</error>
        </testcase>
        <testcase name="test_normalize_action_name" file="/var/www/html/tests/Unit/Registry/RoutingPatternsTest.php" line="313" class="JTD\LaravelMCP\Tests\Unit\Registry\RoutingPatternsTest" classname="JTD.LaravelMCP.Tests.Unit.Registry.RoutingPatternsTest" assertions="0" time="0.000000">
          <error type="Exception">JTD\LaravelMCP\Tests\Unit\Registry\RoutingPatternsTest::test_normalize_action_name
Exception: The /var/www/html/vendor/orchestra/testbench-core/laravel/bootstrap/cache directory must be present and writable.

/var/www/html/vendor/laravel/framework/src/Illuminate/Foundation/PackageManifest.php:179
/var/www/html/vendor/orchestra/testbench-core/src/Foundation/PackageManifest.php:157
/var/www/html/vendor/laravel/framework/src/Illuminate/Foundation/PackageManifest.php:132
/var/www/html/vendor/laravel/framework/src/Illuminate/Foundation/PackageManifest.php:108
/var/www/html/vendor/orchestra/testbench-core/src/Foundation/PackageManifest.php:102
/var/www/html/vendor/laravel/framework/src/Illuminate/Foundation/PackageManifest.php:91
/var/www/html/vendor/laravel/framework/src/Illuminate/Foundation/PackageManifest.php:80
/var/www/html/vendor/laravel/framework/src/Illuminate/Foundation/Bootstrap/RegisterFacades.php:26
/var/www/html/vendor/orchestra/testbench-core/src/Concerns/CreatesApplication.php:556
/var/www/html/vendor/orchestra/testbench-core/src/Concerns/CreatesApplication.php:311
/var/www/html/vendor/orchestra/testbench-core/src/TestCase.php:121
/var/www/html/vendor/orchestra/testbench-core/src/Concerns/ApplicationTestingHooks.php:74
/var/www/html/vendor/orchestra/testbench-core/src/Concerns/Testing.php:43
/var/www/html/vendor/laravel/framework/src/Illuminate/Collections/helpers.php:236
/var/www/html/vendor/orchestra/sidekick/src/functions.php:87
/var/www/html/vendor/laravel/framework/src/Illuminate/Collections/helpers.php:236
/var/www/html/vendor/orchestra/testbench-core/src/Concerns/Testing.php:57
/var/www/html/vendor/orchestra/testbench-core/src/TestCase.php:50
/var/www/html/tests/TestCase.php:61
/var/www/html/tests/Unit/Registry/RoutingPatternsTest.php:21</error>
        </testcase>
        <testcase name="test_denormalize_component_name" file="/var/www/html/tests/Unit/Registry/RoutingPatternsTest.php" line="323" class="JTD\LaravelMCP\Tests\Unit\Registry\RoutingPatternsTest" classname="JTD.LaravelMCP.Tests.Unit.Registry.RoutingPatternsTest" assertions="0" time="0.000000">
          <error type="Exception">JTD\LaravelMCP\Tests\Unit\Registry\RoutingPatternsTest::test_denormalize_component_name
Exception: The /var/www/html/vendor/orchestra/testbench-core/laravel/bootstrap/cache directory must be present and writable.

/var/www/html/vendor/laravel/framework/src/Illuminate/Foundation/PackageManifest.php:179
/var/www/html/vendor/orchestra/testbench-core/src/Foundation/PackageManifest.php:157
/var/www/html/vendor/laravel/framework/src/Illuminate/Foundation/PackageManifest.php:132
/var/www/html/vendor/laravel/framework/src/Illuminate/Foundation/PackageManifest.php:108
/var/www/html/vendor/orchestra/testbench-core/src/Foundation/PackageManifest.php:102
/var/www/html/vendor/laravel/framework/src/Illuminate/Foundation/PackageManifest.php:91
/var/www/html/vendor/laravel/framework/src/Illuminate/Foundation/PackageManifest.php:80
/var/www/html/vendor/laravel/framework/src/Illuminate/Foundation/Bootstrap/RegisterFacades.php:26
/var/www/html/vendor/orchestra/testbench-core/src/Concerns/CreatesApplication.php:556
/var/www/html/vendor/orchestra/testbench-core/src/Concerns/CreatesApplication.php:311
/var/www/html/vendor/orchestra/testbench-core/src/TestCase.php:121
/var/www/html/vendor/orchestra/testbench-core/src/Concerns/ApplicationTestingHooks.php:74
/var/www/html/vendor/orchestra/testbench-core/src/Concerns/Testing.php:43
/var/www/html/vendor/laravel/framework/src/Illuminate/Collections/helpers.php:236
/var/www/html/vendor/orchestra/sidekick/src/functions.php:87
/var/www/html/vendor/laravel/framework/src/Illuminate/Collections/helpers.php:236
/var/www/html/vendor/orchestra/testbench-core/src/Concerns/Testing.php:57
/var/www/html/vendor/orchestra/testbench-core/src/TestCase.php:50
/var/www/html/tests/TestCase.php:61
/var/www/html/tests/Unit/Registry/RoutingPatternsTest.php:21</error>
        </testcase>
        <testcase name="test_is_mcp_route_name" file="/var/www/html/tests/Unit/Registry/RoutingPatternsTest.php" line="333" class="JTD\LaravelMCP\Tests\Unit\Registry\RoutingPatternsTest" classname="JTD.LaravelMCP.Tests.Unit.Registry.RoutingPatternsTest" assertions="0" time="0.000000">
          <error type="Exception">JTD\LaravelMCP\Tests\Unit\Registry\RoutingPatternsTest::test_is_mcp_route_name
Exception: The /var/www/html/vendor/orchestra/testbench-core/laravel/bootstrap/cache directory must be present and writable.

/var/www/html/vendor/laravel/framework/src/Illuminate/Foundation/PackageManifest.php:179
/var/www/html/vendor/orchestra/testbench-core/src/Foundation/PackageManifest.php:157
/var/www/html/vendor/laravel/framework/src/Illuminate/Foundation/PackageManifest.php:132
/var/www/html/vendor/laravel/framework/src/Illuminate/Foundation/PackageManifest.php:108
/var/www/html/vendor/orchestra/testbench-core/src/Foundation/PackageManifest.php:102
/var/www/html/vendor/laravel/framework/src/Illuminate/Foundation/PackageManifest.php:91
/var/www/html/vendor/laravel/framework/src/Illuminate/Foundation/PackageManifest.php:80
/var/www/html/vendor/laravel/framework/src/Illuminate/Foundation/Bootstrap/RegisterFacades.php:26
/var/www/html/vendor/orchestra/testbench-core/src/Concerns/CreatesApplication.php:556
/var/www/html/vendor/orchestra/testbench-core/src/Concerns/CreatesApplication.php:311
/var/www/html/vendor/orchestra/testbench-core/src/TestCase.php:121
/var/www/html/vendor/orchestra/testbench-core/src/Concerns/ApplicationTestingHooks.php:74
/var/www/html/vendor/orchestra/testbench-core/src/Concerns/Testing.php:43
/var/www/html/vendor/laravel/framework/src/Illuminate/Collections/helpers.php:236
/var/www/html/vendor/orchestra/sidekick/src/functions.php:87
/var/www/html/vendor/laravel/framework/src/Illuminate/Collections/helpers.php:236
/var/www/html/vendor/orchestra/testbench-core/src/Concerns/Testing.php:57
/var/www/html/vendor/orchestra/testbench-core/src/TestCase.php:50
/var/www/html/tests/TestCase.php:61
/var/www/html/tests/Unit/Registry/RoutingPatternsTest.php:21</error>
        </testcase>
        <testcase name="test_parse_route_name" file="/var/www/html/tests/Unit/Registry/RoutingPatternsTest.php" line="346" class="JTD\LaravelMCP\Tests\Unit\Registry\RoutingPatternsTest" classname="JTD.LaravelMCP.Tests.Unit.Registry.RoutingPatternsTest" assertions="0" time="0.000000">
          <error type="Exception">JTD\LaravelMCP\Tests\Unit\Registry\RoutingPatternsTest::test_parse_route_name
Exception: The /var/www/html/vendor/orchestra/testbench-core/laravel/bootstrap/cache directory must be present and writable.

/var/www/html/vendor/laravel/framework/src/Illuminate/Foundation/PackageManifest.php:179
/var/www/html/vendor/orchestra/testbench-core/src/Foundation/PackageManifest.php:157
/var/www/html/vendor/laravel/framework/src/Illuminate/Foundation/PackageManifest.php:132
/var/www/html/vendor/laravel/framework/src/Illuminate/Foundation/PackageManifest.php:108
/var/www/html/vendor/orchestra/testbench-core/src/Foundation/PackageManifest.php:102
/var/www/html/vendor/laravel/framework/src/Illuminate/Foundation/PackageManifest.php:91
/var/www/html/vendor/laravel/framework/src/Illuminate/Foundation/PackageManifest.php:80
/var/www/html/vendor/laravel/framework/src/Illuminate/Foundation/Bootstrap/RegisterFacades.php:26
/var/www/html/vendor/orchestra/testbench-core/src/Concerns/CreatesApplication.php:556
/var/www/html/vendor/orchestra/testbench-core/src/Concerns/CreatesApplication.php:311
/var/www/html/vendor/orchestra/testbench-core/src/TestCase.php:121
/var/www/html/vendor/orchestra/testbench-core/src/Concerns/ApplicationTestingHooks.php:74
/var/www/html/vendor/orchestra/testbench-core/src/Concerns/Testing.php:43
/var/www/html/vendor/laravel/framework/src/Illuminate/Collections/helpers.php:236
/var/www/html/vendor/orchestra/sidekick/src/functions.php:87
/var/www/html/vendor/laravel/framework/src/Illuminate/Collections/helpers.php:236
/var/www/html/vendor/orchestra/testbench-core/src/Concerns/Testing.php:57
/var/www/html/vendor/orchestra/testbench-core/src/TestCase.php:50
/var/www/html/tests/TestCase.php:61
/var/www/html/tests/Unit/Registry/RoutingPatternsTest.php:21</error>
        </testcase>
        <testcase name="test_generate_resource_routes" file="/var/www/html/tests/Unit/Registry/RoutingPatternsTest.php" line="372" class="JTD\LaravelMCP\Tests\Unit\Registry\RoutingPatternsTest" classname="JTD.LaravelMCP.Tests.Unit.Registry.RoutingPatternsTest" assertions="0" time="0.000000">
          <error type="Exception">JTD\LaravelMCP\Tests\Unit\Registry\RoutingPatternsTest::test_generate_resource_routes
Exception: The /var/www/html/vendor/orchestra/testbench-core/laravel/bootstrap/cache directory must be present and writable.

/var/www/html/vendor/laravel/framework/src/Illuminate/Foundation/PackageManifest.php:179
/var/www/html/vendor/orchestra/testbench-core/src/Foundation/PackageManifest.php:157
/var/www/html/vendor/laravel/framework/src/Illuminate/Foundation/PackageManifest.php:132
/var/www/html/vendor/laravel/framework/src/Illuminate/Foundation/PackageManifest.php:108
/var/www/html/vendor/orchestra/testbench-core/src/Foundation/PackageManifest.php:102
/var/www/html/vendor/laravel/framework/src/Illuminate/Foundation/PackageManifest.php:91
/var/www/html/vendor/laravel/framework/src/Illuminate/Foundation/PackageManifest.php:80
/var/www/html/vendor/laravel/framework/src/Illuminate/Foundation/Bootstrap/RegisterFacades.php:26
/var/www/html/vendor/orchestra/testbench-core/src/Concerns/CreatesApplication.php:556
/var/www/html/vendor/orchestra/testbench-core/src/Concerns/CreatesApplication.php:311
/var/www/html/vendor/orchestra/testbench-core/src/TestCase.php:121
/var/www/html/vendor/orchestra/testbench-core/src/Concerns/ApplicationTestingHooks.php:74
/var/www/html/vendor/orchestra/testbench-core/src/Concerns/Testing.php:43
/var/www/html/vendor/laravel/framework/src/Illuminate/Collections/helpers.php:236
/var/www/html/vendor/orchestra/sidekick/src/functions.php:87
/var/www/html/vendor/laravel/framework/src/Illuminate/Collections/helpers.php:236
/var/www/html/vendor/orchestra/testbench-core/src/Concerns/Testing.php:57
/var/www/html/vendor/orchestra/testbench-core/src/TestCase.php:50
/var/www/html/tests/TestCase.php:61
/var/www/html/tests/Unit/Registry/RoutingPatternsTest.php:21</error>
        </testcase>
        <testcase name="test_get_http_methods" file="/var/www/html/tests/Unit/Registry/RoutingPatternsTest.php" line="407" class="JTD\LaravelMCP\Tests\Unit\Registry\RoutingPatternsTest" classname="JTD.LaravelMCP.Tests.Unit.Registry.RoutingPatternsTest" assertions="0" time="0.000000">
          <error type="Exception">JTD\LaravelMCP\Tests\Unit\Registry\RoutingPatternsTest::test_get_http_methods
Exception: The /var/www/html/vendor/orchestra/testbench-core/laravel/bootstrap/cache directory must be present and writable.

/var/www/html/vendor/laravel/framework/src/Illuminate/Foundation/PackageManifest.php:179
/var/www/html/vendor/orchestra/testbench-core/src/Foundation/PackageManifest.php:157
/var/www/html/vendor/laravel/framework/src/Illuminate/Foundation/PackageManifest.php:132
/var/www/html/vendor/laravel/framework/src/Illuminate/Foundation/PackageManifest.php:108
/var/www/html/vendor/orchestra/testbench-core/src/Foundation/PackageManifest.php:102
/var/www/html/vendor/laravel/framework/src/Illuminate/Foundation/PackageManifest.php:91
/var/www/html/vendor/laravel/framework/src/Illuminate/Foundation/PackageManifest.php:80
/var/www/html/vendor/laravel/framework/src/Illuminate/Foundation/Bootstrap/RegisterFacades.php:26
/var/www/html/vendor/orchestra/testbench-core/src/Concerns/CreatesApplication.php:556
/var/www/html/vendor/orchestra/testbench-core/src/Concerns/CreatesApplication.php:311
/var/www/html/vendor/orchestra/testbench-core/src/TestCase.php:121
/var/www/html/vendor/orchestra/testbench-core/src/Concerns/ApplicationTestingHooks.php:74
/var/www/html/vendor/orchestra/testbench-core/src/Concerns/Testing.php:43
/var/www/html/vendor/laravel/framework/src/Illuminate/Collections/helpers.php:236
/var/www/html/vendor/orchestra/sidekick/src/functions.php:87
/var/www/html/vendor/laravel/framework/src/Illuminate/Collections/helpers.php:236
/var/www/html/vendor/orchestra/testbench-core/src/Concerns/Testing.php:57
/var/www/html/vendor/orchestra/testbench-core/src/TestCase.php:50
/var/www/html/tests/TestCase.php:61
/var/www/html/tests/Unit/Registry/RoutingPatternsTest.php:21</error>
        </testcase>
        <testcase name="test_get_controller_action" file="/var/www/html/tests/Unit/Registry/RoutingPatternsTest.php" line="418" class="JTD\LaravelMCP\Tests\Unit\Registry\RoutingPatternsTest" classname="JTD.LaravelMCP.Tests.Unit.Registry.RoutingPatternsTest" assertions="0" time="0.000000">
          <error type="Exception">JTD\LaravelMCP\Tests\Unit\Registry\RoutingPatternsTest::test_get_controller_action
Exception: The /var/www/html/vendor/orchestra/testbench-core/laravel/bootstrap/cache directory must be present and writable.

/var/www/html/vendor/laravel/framework/src/Illuminate/Foundation/PackageManifest.php:179
/var/www/html/vendor/orchestra/testbench-core/src/Foundation/PackageManifest.php:157
/var/www/html/vendor/laravel/framework/src/Illuminate/Foundation/PackageManifest.php:132
/var/www/html/vendor/laravel/framework/src/Illuminate/Foundation/PackageManifest.php:108
/var/www/html/vendor/orchestra/testbench-core/src/Foundation/PackageManifest.php:102
/var/www/html/vendor/laravel/framework/src/Illuminate/Foundation/PackageManifest.php:91
/var/www/html/vendor/laravel/framework/src/Illuminate/Foundation/PackageManifest.php:80
/var/www/html/vendor/laravel/framework/src/Illuminate/Foundation/Bootstrap/RegisterFacades.php:26
/var/www/html/vendor/orchestra/testbench-core/src/Concerns/CreatesApplication.php:556
/var/www/html/vendor/orchestra/testbench-core/src/Concerns/CreatesApplication.php:311
/var/www/html/vendor/orchestra/testbench-core/src/TestCase.php:121
/var/www/html/vendor/orchestra/testbench-core/src/Concerns/ApplicationTestingHooks.php:74
/var/www/html/vendor/orchestra/testbench-core/src/Concerns/Testing.php:43
/var/www/html/vendor/laravel/framework/src/Illuminate/Collections/helpers.php:236
/var/www/html/vendor/orchestra/sidekick/src/functions.php:87
/var/www/html/vendor/laravel/framework/src/Illuminate/Collections/helpers.php:236
/var/www/html/vendor/orchestra/testbench-core/src/Concerns/Testing.php:57
/var/www/html/vendor/orchestra/testbench-core/src/TestCase.php:50
/var/www/html/tests/TestCase.php:61
/var/www/html/tests/Unit/Registry/RoutingPatternsTest.php:21</error>
        </testcase>
        <testcase name="test_set_pattern" file="/var/www/html/tests/Unit/Registry/RoutingPatternsTest.php" line="429" class="JTD\LaravelMCP\Tests\Unit\Registry\RoutingPatternsTest" classname="JTD.LaravelMCP.Tests.Unit.Registry.RoutingPatternsTest" assertions="0" time="0.000000">
          <error type="Exception">JTD\LaravelMCP\Tests\Unit\Registry\RoutingPatternsTest::test_set_pattern
Exception: The /var/www/html/vendor/orchestra/testbench-core/laravel/bootstrap/cache directory must be present and writable.

/var/www/html/vendor/laravel/framework/src/Illuminate/Foundation/PackageManifest.php:179
/var/www/html/vendor/orchestra/testbench-core/src/Foundation/PackageManifest.php:157
/var/www/html/vendor/laravel/framework/src/Illuminate/Foundation/PackageManifest.php:132
/var/www/html/vendor/laravel/framework/src/Illuminate/Foundation/PackageManifest.php:108
/var/www/html/vendor/orchestra/testbench-core/src/Foundation/PackageManifest.php:102
/var/www/html/vendor/laravel/framework/src/Illuminate/Foundation/PackageManifest.php:91
/var/www/html/vendor/laravel/framework/src/Illuminate/Foundation/PackageManifest.php:80
/var/www/html/vendor/laravel/framework/src/Illuminate/Foundation/Bootstrap/RegisterFacades.php:26
/var/www/html/vendor/orchestra/testbench-core/src/Concerns/CreatesApplication.php:556
/var/www/html/vendor/orchestra/testbench-core/src/Concerns/CreatesApplication.php:311
/var/www/html/vendor/orchestra/testbench-core/src/TestCase.php:121
/var/www/html/vendor/orchestra/testbench-core/src/Concerns/ApplicationTestingHooks.php:74
/var/www/html/vendor/orchestra/testbench-core/src/Concerns/Testing.php:43
/var/www/html/vendor/laravel/framework/src/Illuminate/Collections/helpers.php:236
/var/www/html/vendor/orchestra/sidekick/src/functions.php:87
/var/www/html/vendor/laravel/framework/src/Illuminate/Collections/helpers.php:236
/var/www/html/vendor/orchestra/testbench-core/src/Concerns/Testing.php:57
/var/www/html/vendor/orchestra/testbench-core/src/TestCase.php:50
/var/www/html/tests/TestCase.php:61
/var/www/html/tests/Unit/Registry/RoutingPatternsTest.php:21</error>
        </testcase>
        <testcase name="test_set_middleware_pattern" file="/var/www/html/tests/Unit/Registry/RoutingPatternsTest.php" line="454" class="JTD\LaravelMCP\Tests\Unit\Registry\RoutingPatternsTest" classname="JTD.LaravelMCP.Tests.Unit.Registry.RoutingPatternsTest" assertions="0" time="0.000000">
          <error type="Exception">JTD\LaravelMCP\Tests\Unit\Registry\RoutingPatternsTest::test_set_middleware_pattern
Exception: The /var/www/html/vendor/orchestra/testbench-core/laravel/bootstrap/cache directory must be present and writable.

/var/www/html/vendor/laravel/framework/src/Illuminate/Foundation/PackageManifest.php:179
/var/www/html/vendor/orchestra/testbench-core/src/Foundation/PackageManifest.php:157
/var/www/html/vendor/laravel/framework/src/Illuminate/Foundation/PackageManifest.php:132
/var/www/html/vendor/laravel/framework/src/Illuminate/Foundation/PackageManifest.php:108
/var/www/html/vendor/orchestra/testbench-core/src/Foundation/PackageManifest.php:102
/var/www/html/vendor/laravel/framework/src/Illuminate/Foundation/PackageManifest.php:91
/var/www/html/vendor/laravel/framework/src/Illuminate/Foundation/PackageManifest.php:80
/var/www/html/vendor/laravel/framework/src/Illuminate/Foundation/Bootstrap/RegisterFacades.php:26
/var/www/html/vendor/orchestra/testbench-core/src/Concerns/CreatesApplication.php:556
/var/www/html/vendor/orchestra/testbench-core/src/Concerns/CreatesApplication.php:311
/var/www/html/vendor/orchestra/testbench-core/src/TestCase.php:121
/var/www/html/vendor/orchestra/testbench-core/src/Concerns/ApplicationTestingHooks.php:74
/var/www/html/vendor/orchestra/testbench-core/src/Concerns/Testing.php:43
/var/www/html/vendor/laravel/framework/src/Illuminate/Collections/helpers.php:236
/var/www/html/vendor/orchestra/sidekick/src/functions.php:87
/var/www/html/vendor/laravel/framework/src/Illuminate/Collections/helpers.php:236
/var/www/html/vendor/orchestra/testbench-core/src/Concerns/Testing.php:57
/var/www/html/vendor/orchestra/testbench-core/src/TestCase.php:50
/var/www/html/tests/TestCase.php:61
/var/www/html/tests/Unit/Registry/RoutingPatternsTest.php:21</error>
        </testcase>
        <testcase name="test_set_constraint" file="/var/www/html/tests/Unit/Registry/RoutingPatternsTest.php" line="466" class="JTD\LaravelMCP\Tests\Unit\Registry\RoutingPatternsTest" classname="JTD.LaravelMCP.Tests.Unit.Registry.RoutingPatternsTest" assertions="0" time="0.000000">
          <error type="Exception">JTD\LaravelMCP\Tests\Unit\Registry\RoutingPatternsTest::test_set_constraint
Exception: The /var/www/html/vendor/orchestra/testbench-core/laravel/bootstrap/cache directory must be present and writable.

/var/www/html/vendor/laravel/framework/src/Illuminate/Foundation/PackageManifest.php:179
/var/www/html/vendor/orchestra/testbench-core/src/Foundation/PackageManifest.php:157
/var/www/html/vendor/laravel/framework/src/Illuminate/Foundation/PackageManifest.php:132
/var/www/html/vendor/laravel/framework/src/Illuminate/Foundation/PackageManifest.php:108
/var/www/html/vendor/orchestra/testbench-core/src/Foundation/PackageManifest.php:102
/var/www/html/vendor/laravel/framework/src/Illuminate/Foundation/PackageManifest.php:91
/var/www/html/vendor/laravel/framework/src/Illuminate/Foundation/PackageManifest.php:80
/var/www/html/vendor/laravel/framework/src/Illuminate/Foundation/Bootstrap/RegisterFacades.php:26
/var/www/html/vendor/orchestra/testbench-core/src/Concerns/CreatesApplication.php:556
/var/www/html/vendor/orchestra/testbench-core/src/Concerns/CreatesApplication.php:311
/var/www/html/vendor/orchestra/testbench-core/src/TestCase.php:121
/var/www/html/vendor/orchestra/testbench-core/src/Concerns/ApplicationTestingHooks.php:74
/var/www/html/vendor/orchestra/testbench-core/src/Concerns/Testing.php:43
/var/www/html/vendor/laravel/framework/src/Illuminate/Collections/helpers.php:236
/var/www/html/vendor/orchestra/sidekick/src/functions.php:87
/var/www/html/vendor/laravel/framework/src/Illuminate/Collections/helpers.php:236
/var/www/html/vendor/orchestra/testbench-core/src/Concerns/Testing.php:57
/var/www/html/vendor/orchestra/testbench-core/src/TestCase.php:50
/var/www/html/tests/TestCase.php:61
/var/www/html/tests/Unit/Registry/RoutingPatternsTest.php:21</error>
        </testcase>
        <testcase name="test_validate_component_name" file="/var/www/html/tests/Unit/Registry/RoutingPatternsTest.php" line="478" class="JTD\LaravelMCP\Tests\Unit\Registry\RoutingPatternsTest" classname="JTD.LaravelMCP.Tests.Unit.Registry.RoutingPatternsTest" assertions="0" time="0.000000">
          <error type="Exception">JTD\LaravelMCP\Tests\Unit\Registry\RoutingPatternsTest::test_validate_component_name
Exception: The /var/www/html/vendor/orchestra/testbench-core/laravel/bootstrap/cache directory must be present and writable.

/var/www/html/vendor/laravel/framework/src/Illuminate/Foundation/PackageManifest.php:179
/var/www/html/vendor/orchestra/testbench-core/src/Foundation/PackageManifest.php:157
/var/www/html/vendor/laravel/framework/src/Illuminate/Foundation/PackageManifest.php:132
/var/www/html/vendor/laravel/framework/src/Illuminate/Foundation/PackageManifest.php:108
/var/www/html/vendor/orchestra/testbench-core/src/Foundation/PackageManifest.php:102
/var/www/html/vendor/laravel/framework/src/Illuminate/Foundation/PackageManifest.php:91
/var/www/html/vendor/laravel/framework/src/Illuminate/Foundation/PackageManifest.php:80
/var/www/html/vendor/laravel/framework/src/Illuminate/Foundation/Bootstrap/RegisterFacades.php:26
/var/www/html/vendor/orchestra/testbench-core/src/Concerns/CreatesApplication.php:556
/var/www/html/vendor/orchestra/testbench-core/src/Concerns/CreatesApplication.php:311
/var/www/html/vendor/orchestra/testbench-core/src/TestCase.php:121
/var/www/html/vendor/orchestra/testbench-core/src/Concerns/ApplicationTestingHooks.php:74
/var/www/html/vendor/orchestra/testbench-core/src/Concerns/Testing.php:43
/var/www/html/vendor/laravel/framework/src/Illuminate/Collections/helpers.php:236
/var/www/html/vendor/orchestra/sidekick/src/functions.php:87
/var/www/html/vendor/laravel/framework/src/Illuminate/Collections/helpers.php:236
/var/www/html/vendor/orchestra/testbench-core/src/Concerns/Testing.php:57
/var/www/html/vendor/orchestra/testbench-core/src/TestCase.php:50
/var/www/html/tests/TestCase.php:61
/var/www/html/tests/Unit/Registry/RoutingPatternsTest.php:21</error>
        </testcase>
        <testcase name="test_get_route_template" file="/var/www/html/tests/Unit/Registry/RoutingPatternsTest.php" line="504" class="JTD\LaravelMCP\Tests\Unit\Registry\RoutingPatternsTest" classname="JTD.LaravelMCP.Tests.Unit.Registry.RoutingPatternsTest" assertions="0" time="0.000000">
          <error type="Exception">JTD\LaravelMCP\Tests\Unit\Registry\RoutingPatternsTest::test_get_route_template
Exception: The /var/www/html/vendor/orchestra/testbench-core/laravel/bootstrap/cache directory must be present and writable.

/var/www/html/vendor/laravel/framework/src/Illuminate/Foundation/PackageManifest.php:179
/var/www/html/vendor/orchestra/testbench-core/src/Foundation/PackageManifest.php:157
/var/www/html/vendor/laravel/framework/src/Illuminate/Foundation/PackageManifest.php:132
/var/www/html/vendor/laravel/framework/src/Illuminate/Foundation/PackageManifest.php:108
/var/www/html/vendor/orchestra/testbench-core/src/Foundation/PackageManifest.php:102
/var/www/html/vendor/laravel/framework/src/Illuminate/Foundation/PackageManifest.php:91
/var/www/html/vendor/laravel/framework/src/Illuminate/Foundation/PackageManifest.php:80
/var/www/html/vendor/laravel/framework/src/Illuminate/Foundation/Bootstrap/RegisterFacades.php:26
/var/www/html/vendor/orchestra/testbench-core/src/Concerns/CreatesApplication.php:556
/var/www/html/vendor/orchestra/testbench-core/src/Concerns/CreatesApplication.php:311
/var/www/html/vendor/orchestra/testbench-core/src/TestCase.php:121
/var/www/html/vendor/orchestra/testbench-core/src/Concerns/ApplicationTestingHooks.php:74
/var/www/html/vendor/orchestra/testbench-core/src/Concerns/Testing.php:43
/var/www/html/vendor/laravel/framework/src/Illuminate/Collections/helpers.php:236
/var/www/html/vendor/orchestra/sidekick/src/functions.php:87
/var/www/html/vendor/laravel/framework/src/Illuminate/Collections/helpers.php:236
/var/www/html/vendor/orchestra/testbench-core/src/Concerns/Testing.php:57
/var/www/html/vendor/orchestra/testbench-core/src/TestCase.php:50
/var/www/html/tests/TestCase.php:61
/var/www/html/tests/Unit/Registry/RoutingPatternsTest.php:21</error>
        </testcase>
        <testcase name="test_get_route_template_for_resources" file="/var/www/html/tests/Unit/Registry/RoutingPatternsTest.php" line="524" class="JTD\LaravelMCP\Tests\Unit\Registry\RoutingPatternsTest" classname="JTD.LaravelMCP.Tests.Unit.Registry.RoutingPatternsTest" assertions="0" time="0.000000">
          <error type="Exception">JTD\LaravelMCP\Tests\Unit\Registry\RoutingPatternsTest::test_get_route_template_for_resources
Exception: The /var/www/html/vendor/orchestra/testbench-core/laravel/bootstrap/cache directory must be present and writable.

/var/www/html/vendor/laravel/framework/src/Illuminate/Foundation/PackageManifest.php:179
/var/www/html/vendor/orchestra/testbench-core/src/Foundation/PackageManifest.php:157
/var/www/html/vendor/laravel/framework/src/Illuminate/Foundation/PackageManifest.php:132
/var/www/html/vendor/laravel/framework/src/Illuminate/Foundation/PackageManifest.php:108
/var/www/html/vendor/orchestra/testbench-core/src/Foundation/PackageManifest.php:102
/var/www/html/vendor/laravel/framework/src/Illuminate/Foundation/PackageManifest.php:91
/var/www/html/vendor/laravel/framework/src/Illuminate/Foundation/PackageManifest.php:80
/var/www/html/vendor/laravel/framework/src/Illuminate/Foundation/Bootstrap/RegisterFacades.php:26
/var/www/html/vendor/orchestra/testbench-core/src/Concerns/CreatesApplication.php:556
/var/www/html/vendor/orchestra/testbench-core/src/Concerns/CreatesApplication.php:311
/var/www/html/vendor/orchestra/testbench-core/src/TestCase.php:121
/var/www/html/vendor/orchestra/testbench-core/src/Concerns/ApplicationTestingHooks.php:74
/var/www/html/vendor/orchestra/testbench-core/src/Concerns/Testing.php:43
/var/www/html/vendor/laravel/framework/src/Illuminate/Collections/helpers.php:236
/var/www/html/vendor/orchestra/sidekick/src/functions.php:87
/var/www/html/vendor/laravel/framework/src/Illuminate/Collections/helpers.php:236
/var/www/html/vendor/orchestra/testbench-core/src/Concerns/Testing.php:57
/var/www/html/vendor/orchestra/testbench-core/src/TestCase.php:50
/var/www/html/tests/TestCase.php:61
/var/www/html/tests/Unit/Registry/RoutingPatternsTest.php:21</error>
        </testcase>
        <testcase name="test_get_route_template_for_prompts" file="/var/www/html/tests/Unit/Registry/RoutingPatternsTest.php" line="538" class="JTD\LaravelMCP\Tests\Unit\Registry\RoutingPatternsTest" classname="JTD.LaravelMCP.Tests.Unit.Registry.RoutingPatternsTest" assertions="0" time="0.000000">
          <error type="Exception">JTD\LaravelMCP\Tests\Unit\Registry\RoutingPatternsTest::test_get_route_template_for_prompts
Exception: The /var/www/html/vendor/orchestra/testbench-core/laravel/bootstrap/cache directory must be present and writable.

/var/www/html/vendor/laravel/framework/src/Illuminate/Foundation/PackageManifest.php:179
/var/www/html/vendor/orchestra/testbench-core/src/Foundation/PackageManifest.php:157
/var/www/html/vendor/laravel/framework/src/Illuminate/Foundation/PackageManifest.php:132
/var/www/html/vendor/laravel/framework/src/Illuminate/Foundation/PackageManifest.php:108
/var/www/html/vendor/orchestra/testbench-core/src/Foundation/PackageManifest.php:102
/var/www/html/vendor/laravel/framework/src/Illuminate/Foundation/PackageManifest.php:91
/var/www/html/vendor/laravel/framework/src/Illuminate/Foundation/PackageManifest.php:80
/var/www/html/vendor/laravel/framework/src/Illuminate/Foundation/Bootstrap/RegisterFacades.php:26
/var/www/html/vendor/orchestra/testbench-core/src/Concerns/CreatesApplication.php:556
/var/www/html/vendor/orchestra/testbench-core/src/Concerns/CreatesApplication.php:311
/var/www/html/vendor/orchestra/testbench-core/src/TestCase.php:121
/var/www/html/vendor/orchestra/testbench-core/src/Concerns/ApplicationTestingHooks.php:74
/var/www/html/vendor/orchestra/testbench-core/src/Concerns/Testing.php:43
/var/www/html/vendor/laravel/framework/src/Illuminate/Collections/helpers.php:236
/var/www/html/vendor/orchestra/sidekick/src/functions.php:87
/var/www/html/vendor/laravel/framework/src/Illuminate/Collections/helpers.php:236
/var/www/html/vendor/orchestra/testbench-core/src/Concerns/Testing.php:57
/var/www/html/vendor/orchestra/testbench-core/src/TestCase.php:50
/var/www/html/tests/TestCase.php:61
/var/www/html/tests/Unit/Registry/RoutingPatternsTest.php:21</error>
        </testcase>
        <testcase name="test_route_name_generation_edge_cases" file="/var/www/html/tests/Unit/Registry/RoutingPatternsTest.php" line="552" class="JTD\LaravelMCP\Tests\Unit\Registry\RoutingPatternsTest" classname="JTD.LaravelMCP.Tests.Unit.Registry.RoutingPatternsTest" assertions="0" time="0.000000">
          <error type="Exception">JTD\LaravelMCP\Tests\Unit\Registry\RoutingPatternsTest::test_route_name_generation_edge_cases
Exception: The /var/www/html/vendor/orchestra/testbench-core/laravel/bootstrap/cache directory must be present and writable.

/var/www/html/vendor/laravel/framework/src/Illuminate/Foundation/PackageManifest.php:179
/var/www/html/vendor/orchestra/testbench-core/src/Foundation/PackageManifest.php:157
/var/www/html/vendor/laravel/framework/src/Illuminate/Foundation/PackageManifest.php:132
/var/www/html/vendor/laravel/framework/src/Illuminate/Foundation/PackageManifest.php:108
/var/www/html/vendor/orchestra/testbench-core/src/Foundation/PackageManifest.php:102
/var/www/html/vendor/laravel/framework/src/Illuminate/Foundation/PackageManifest.php:91
/var/www/html/vendor/laravel/framework/src/Illuminate/Foundation/PackageManifest.php:80
/var/www/html/vendor/laravel/framework/src/Illuminate/Foundation/Bootstrap/RegisterFacades.php:26
/var/www/html/vendor/orchestra/testbench-core/src/Concerns/CreatesApplication.php:556
/var/www/html/vendor/orchestra/testbench-core/src/Concerns/CreatesApplication.php:311
/var/www/html/vendor/orchestra/testbench-core/src/TestCase.php:121
/var/www/html/vendor/orchestra/testbench-core/src/Concerns/ApplicationTestingHooks.php:74
/var/www/html/vendor/orchestra/testbench-core/src/Concerns/Testing.php:43
/var/www/html/vendor/laravel/framework/src/Illuminate/Collections/helpers.php:236
/var/www/html/vendor/orchestra/sidekick/src/functions.php:87
/var/www/html/vendor/laravel/framework/src/Illuminate/Collections/helpers.php:236
/var/www/html/vendor/orchestra/testbench-core/src/Concerns/Testing.php:57
/var/www/html/vendor/orchestra/testbench-core/src/TestCase.php:50
/var/www/html/tests/TestCase.php:61
/var/www/html/tests/Unit/Registry/RoutingPatternsTest.php:21</error>
        </testcase>
        <testcase name="test_uri_generation_edge_cases" file="/var/www/html/tests/Unit/Registry/RoutingPatternsTest.php" line="570" class="JTD\LaravelMCP\Tests\Unit\Registry\RoutingPatternsTest" classname="JTD.LaravelMCP.Tests.Unit.Registry.RoutingPatternsTest" assertions="0" time="0.000000">
          <error type="Exception">JTD\LaravelMCP\Tests\Unit\Registry\RoutingPatternsTest::test_uri_generation_edge_cases
Exception: The /var/www/html/vendor/orchestra/testbench-core/laravel/bootstrap/cache directory must be present and writable.

/var/www/html/vendor/laravel/framework/src/Illuminate/Foundation/PackageManifest.php:179
/var/www/html/vendor/orchestra/testbench-core/src/Foundation/PackageManifest.php:157
/var/www/html/vendor/laravel/framework/src/Illuminate/Foundation/PackageManifest.php:132
/var/www/html/vendor/laravel/framework/src/Illuminate/Foundation/PackageManifest.php:108
/var/www/html/vendor/orchestra/testbench-core/src/Foundation/PackageManifest.php:102
/var/www/html/vendor/laravel/framework/src/Illuminate/Foundation/PackageManifest.php:91
/var/www/html/vendor/laravel/framework/src/Illuminate/Foundation/PackageManifest.php:80
/var/www/html/vendor/laravel/framework/src/Illuminate/Foundation/Bootstrap/RegisterFacades.php:26
/var/www/html/vendor/orchestra/testbench-core/src/Concerns/CreatesApplication.php:556
/var/www/html/vendor/orchestra/testbench-core/src/Concerns/CreatesApplication.php:311
/var/www/html/vendor/orchestra/testbench-core/src/TestCase.php:121
/var/www/html/vendor/orchestra/testbench-core/src/Concerns/ApplicationTestingHooks.php:74
/var/www/html/vendor/orchestra/testbench-core/src/Concerns/Testing.php:43
/var/www/html/vendor/laravel/framework/src/Illuminate/Collections/helpers.php:236
/var/www/html/vendor/orchestra/sidekick/src/functions.php:87
/var/www/html/vendor/laravel/framework/src/Illuminate/Collections/helpers.php:236
/var/www/html/vendor/orchestra/testbench-core/src/Concerns/Testing.php:57
/var/www/html/vendor/orchestra/testbench-core/src/TestCase.php:50
/var/www/html/tests/TestCase.php:61
/var/www/html/tests/Unit/Registry/RoutingPatternsTest.php:21</error>
        </testcase>
      </testsuite>
      <testsuite name="JTD\LaravelMCP\Tests\Unit\Registry\ToolRegistryTest" file="/var/www/html/tests/Unit/Registry/ToolRegistryTest.php" tests="26" assertions="0" errors="26" failures="0" skipped="0" time="0.000000">
        <testcase name="test_register_tool_successfully" file="/var/www/html/tests/Unit/Registry/ToolRegistryTest.php" line="28" class="JTD\LaravelMCP\Tests\Unit\Registry\ToolRegistryTest" classname="JTD.LaravelMCP.Tests.Unit.Registry.ToolRegistryTest" assertions="0" time="0.000000">
          <error type="Exception">JTD\LaravelMCP\Tests\Unit\Registry\ToolRegistryTest::test_register_tool_successfully
Exception: The /var/www/html/vendor/orchestra/testbench-core/laravel/bootstrap/cache directory must be present and writable.

/var/www/html/vendor/laravel/framework/src/Illuminate/Foundation/PackageManifest.php:179
/var/www/html/vendor/orchestra/testbench-core/src/Foundation/PackageManifest.php:157
/var/www/html/vendor/laravel/framework/src/Illuminate/Foundation/PackageManifest.php:132
/var/www/html/vendor/laravel/framework/src/Illuminate/Foundation/PackageManifest.php:108
/var/www/html/vendor/orchestra/testbench-core/src/Foundation/PackageManifest.php:102
/var/www/html/vendor/laravel/framework/src/Illuminate/Foundation/PackageManifest.php:91
/var/www/html/vendor/laravel/framework/src/Illuminate/Foundation/PackageManifest.php:80
/var/www/html/vendor/laravel/framework/src/Illuminate/Foundation/Bootstrap/RegisterFacades.php:26
/var/www/html/vendor/orchestra/testbench-core/src/Concerns/CreatesApplication.php:556
/var/www/html/vendor/orchestra/testbench-core/src/Concerns/CreatesApplication.php:311
/var/www/html/vendor/orchestra/testbench-core/src/TestCase.php:121
/var/www/html/vendor/orchestra/testbench-core/src/Concerns/ApplicationTestingHooks.php:74
/var/www/html/vendor/orchestra/testbench-core/src/Concerns/Testing.php:43
/var/www/html/vendor/laravel/framework/src/Illuminate/Collections/helpers.php:236
/var/www/html/vendor/orchestra/sidekick/src/functions.php:87
/var/www/html/vendor/laravel/framework/src/Illuminate/Collections/helpers.php:236
/var/www/html/vendor/orchestra/testbench-core/src/Concerns/Testing.php:57
/var/www/html/vendor/orchestra/testbench-core/src/TestCase.php:50
/var/www/html/tests/TestCase.php:61
/var/www/html/tests/Unit/Registry/ToolRegistryTest.php:21</error>
        </testcase>
        <testcase name="test_register_duplicate_tool_throws_exception" file="/var/www/html/tests/Unit/Registry/ToolRegistryTest.php" line="56" class="JTD\LaravelMCP\Tests\Unit\Registry\ToolRegistryTest" classname="JTD.LaravelMCP.Tests.Unit.Registry.ToolRegistryTest" assertions="0" time="0.000000">
          <error type="Exception">JTD\LaravelMCP\Tests\Unit\Registry\ToolRegistryTest::test_register_duplicate_tool_throws_exception
Exception: The /var/www/html/vendor/orchestra/testbench-core/laravel/bootstrap/cache directory must be present and writable.

/var/www/html/vendor/laravel/framework/src/Illuminate/Foundation/PackageManifest.php:179
/var/www/html/vendor/orchestra/testbench-core/src/Foundation/PackageManifest.php:157
/var/www/html/vendor/laravel/framework/src/Illuminate/Foundation/PackageManifest.php:132
/var/www/html/vendor/laravel/framework/src/Illuminate/Foundation/PackageManifest.php:108
/var/www/html/vendor/orchestra/testbench-core/src/Foundation/PackageManifest.php:102
/var/www/html/vendor/laravel/framework/src/Illuminate/Foundation/PackageManifest.php:91
/var/www/html/vendor/laravel/framework/src/Illuminate/Foundation/PackageManifest.php:80
/var/www/html/vendor/laravel/framework/src/Illuminate/Foundation/Bootstrap/RegisterFacades.php:26
/var/www/html/vendor/orchestra/testbench-core/src/Concerns/CreatesApplication.php:556
/var/www/html/vendor/orchestra/testbench-core/src/Concerns/CreatesApplication.php:311
/var/www/html/vendor/orchestra/testbench-core/src/TestCase.php:121
/var/www/html/vendor/orchestra/testbench-core/src/Concerns/ApplicationTestingHooks.php:74
/var/www/html/vendor/orchestra/testbench-core/src/Concerns/Testing.php:43
/var/www/html/vendor/laravel/framework/src/Illuminate/Collections/helpers.php:236
/var/www/html/vendor/orchestra/sidekick/src/functions.php:87
/var/www/html/vendor/laravel/framework/src/Illuminate/Collections/helpers.php:236
/var/www/html/vendor/orchestra/testbench-core/src/Concerns/Testing.php:57
/var/www/html/vendor/orchestra/testbench-core/src/TestCase.php:50
/var/www/html/tests/TestCase.php:61
/var/www/html/tests/Unit/Registry/ToolRegistryTest.php:21</error>
        </testcase>
        <testcase name="test_get_non_existent_tool_throws_exception" file="/var/www/html/tests/Unit/Registry/ToolRegistryTest.php" line="72" class="JTD\LaravelMCP\Tests\Unit\Registry\ToolRegistryTest" classname="JTD.LaravelMCP.Tests.Unit.Registry.ToolRegistryTest" assertions="0" time="0.000000">
          <error type="Exception">JTD\LaravelMCP\Tests\Unit\Registry\ToolRegistryTest::test_get_non_existent_tool_throws_exception
Exception: The /var/www/html/vendor/orchestra/testbench-core/laravel/bootstrap/cache directory must be present and writable.

/var/www/html/vendor/laravel/framework/src/Illuminate/Foundation/PackageManifest.php:179
/var/www/html/vendor/orchestra/testbench-core/src/Foundation/PackageManifest.php:157
/var/www/html/vendor/laravel/framework/src/Illuminate/Foundation/PackageManifest.php:132
/var/www/html/vendor/laravel/framework/src/Illuminate/Foundation/PackageManifest.php:108
/var/www/html/vendor/orchestra/testbench-core/src/Foundation/PackageManifest.php:102
/var/www/html/vendor/laravel/framework/src/Illuminate/Foundation/PackageManifest.php:91
/var/www/html/vendor/laravel/framework/src/Illuminate/Foundation/PackageManifest.php:80
/var/www/html/vendor/laravel/framework/src/Illuminate/Foundation/Bootstrap/RegisterFacades.php:26
/var/www/html/vendor/orchestra/testbench-core/src/Concerns/CreatesApplication.php:556
/var/www/html/vendor/orchestra/testbench-core/src/Concerns/CreatesApplication.php:311
/var/www/html/vendor/orchestra/testbench-core/src/TestCase.php:121
/var/www/html/vendor/orchestra/testbench-core/src/Concerns/ApplicationTestingHooks.php:74
/var/www/html/vendor/orchestra/testbench-core/src/Concerns/Testing.php:43
/var/www/html/vendor/laravel/framework/src/Illuminate/Collections/helpers.php:236
/var/www/html/vendor/orchestra/sidekick/src/functions.php:87
/var/www/html/vendor/laravel/framework/src/Illuminate/Collections/helpers.php:236
/var/www/html/vendor/orchestra/testbench-core/src/Concerns/Testing.php:57
/var/www/html/vendor/orchestra/testbench-core/src/TestCase.php:50
/var/www/html/tests/TestCase.php:61
/var/www/html/tests/Unit/Registry/ToolRegistryTest.php:21</error>
        </testcase>
        <testcase name="test_unregister_tool_successfully" file="/var/www/html/tests/Unit/Registry/ToolRegistryTest.php" line="83" class="JTD\LaravelMCP\Tests\Unit\Registry\ToolRegistryTest" classname="JTD.LaravelMCP.Tests.Unit.Registry.ToolRegistryTest" assertions="0" time="0.000000">
          <error type="Exception">JTD\LaravelMCP\Tests\Unit\Registry\ToolRegistryTest::test_unregister_tool_successfully
Exception: The /var/www/html/vendor/orchestra/testbench-core/laravel/bootstrap/cache directory must be present and writable.

/var/www/html/vendor/laravel/framework/src/Illuminate/Foundation/PackageManifest.php:179
/var/www/html/vendor/orchestra/testbench-core/src/Foundation/PackageManifest.php:157
/var/www/html/vendor/laravel/framework/src/Illuminate/Foundation/PackageManifest.php:132
/var/www/html/vendor/laravel/framework/src/Illuminate/Foundation/PackageManifest.php:108
/var/www/html/vendor/orchestra/testbench-core/src/Foundation/PackageManifest.php:102
/var/www/html/vendor/laravel/framework/src/Illuminate/Foundation/PackageManifest.php:91
/var/www/html/vendor/laravel/framework/src/Illuminate/Foundation/PackageManifest.php:80
/var/www/html/vendor/laravel/framework/src/Illuminate/Foundation/Bootstrap/RegisterFacades.php:26
/var/www/html/vendor/orchestra/testbench-core/src/Concerns/CreatesApplication.php:556
/var/www/html/vendor/orchestra/testbench-core/src/Concerns/CreatesApplication.php:311
/var/www/html/vendor/orchestra/testbench-core/src/TestCase.php:121
/var/www/html/vendor/orchestra/testbench-core/src/Concerns/ApplicationTestingHooks.php:74
/var/www/html/vendor/orchestra/testbench-core/src/Concerns/Testing.php:43
/var/www/html/vendor/laravel/framework/src/Illuminate/Collections/helpers.php:236
/var/www/html/vendor/orchestra/sidekick/src/functions.php:87
/var/www/html/vendor/laravel/framework/src/Illuminate/Collections/helpers.php:236
/var/www/html/vendor/orchestra/testbench-core/src/Concerns/Testing.php:57
/var/www/html/vendor/orchestra/testbench-core/src/TestCase.php:50
/var/www/html/tests/TestCase.php:61
/var/www/html/tests/Unit/Registry/ToolRegistryTest.php:21</error>
        </testcase>
        <testcase name="test_unregister_non_existent_tool" file="/var/www/html/tests/Unit/Registry/ToolRegistryTest.php" line="100" class="JTD\LaravelMCP\Tests\Unit\Registry\ToolRegistryTest" classname="JTD.LaravelMCP.Tests.Unit.Registry.ToolRegistryTest" assertions="0" time="0.000000">
          <error type="Exception">JTD\LaravelMCP\Tests\Unit\Registry\ToolRegistryTest::test_unregister_non_existent_tool
Exception: The /var/www/html/vendor/orchestra/testbench-core/laravel/bootstrap/cache directory must be present and writable.

/var/www/html/vendor/laravel/framework/src/Illuminate/Foundation/PackageManifest.php:179
/var/www/html/vendor/orchestra/testbench-core/src/Foundation/PackageManifest.php:157
/var/www/html/vendor/laravel/framework/src/Illuminate/Foundation/PackageManifest.php:132
/var/www/html/vendor/laravel/framework/src/Illuminate/Foundation/PackageManifest.php:108
/var/www/html/vendor/orchestra/testbench-core/src/Foundation/PackageManifest.php:102
/var/www/html/vendor/laravel/framework/src/Illuminate/Foundation/PackageManifest.php:91
/var/www/html/vendor/laravel/framework/src/Illuminate/Foundation/PackageManifest.php:80
/var/www/html/vendor/laravel/framework/src/Illuminate/Foundation/Bootstrap/RegisterFacades.php:26
/var/www/html/vendor/orchestra/testbench-core/src/Concerns/CreatesApplication.php:556
/var/www/html/vendor/orchestra/testbench-core/src/Concerns/CreatesApplication.php:311
/var/www/html/vendor/orchestra/testbench-core/src/TestCase.php:121
/var/www/html/vendor/orchestra/testbench-core/src/Concerns/ApplicationTestingHooks.php:74
/var/www/html/vendor/orchestra/testbench-core/src/Concerns/Testing.php:43
/var/www/html/vendor/laravel/framework/src/Illuminate/Collections/helpers.php:236
/var/www/html/vendor/orchestra/sidekick/src/functions.php:87
/var/www/html/vendor/laravel/framework/src/Illuminate/Collections/helpers.php:236
/var/www/html/vendor/orchestra/testbench-core/src/Concerns/Testing.php:57
/var/www/html/vendor/orchestra/testbench-core/src/TestCase.php:50
/var/www/html/tests/TestCase.php:61
/var/www/html/tests/Unit/Registry/ToolRegistryTest.php:21</error>
        </testcase>
        <testcase name="test_has_tool" file="/var/www/html/tests/Unit/Registry/ToolRegistryTest.php" line="110" class="JTD\LaravelMCP\Tests\Unit\Registry\ToolRegistryTest" classname="JTD.LaravelMCP.Tests.Unit.Registry.ToolRegistryTest" assertions="0" time="0.000000">
          <error type="Exception">JTD\LaravelMCP\Tests\Unit\Registry\ToolRegistryTest::test_has_tool
Exception: The /var/www/html/vendor/orchestra/testbench-core/laravel/bootstrap/cache directory must be present and writable.

/var/www/html/vendor/laravel/framework/src/Illuminate/Foundation/PackageManifest.php:179
/var/www/html/vendor/orchestra/testbench-core/src/Foundation/PackageManifest.php:157
/var/www/html/vendor/laravel/framework/src/Illuminate/Foundation/PackageManifest.php:132
/var/www/html/vendor/laravel/framework/src/Illuminate/Foundation/PackageManifest.php:108
/var/www/html/vendor/orchestra/testbench-core/src/Foundation/PackageManifest.php:102
/var/www/html/vendor/laravel/framework/src/Illuminate/Foundation/PackageManifest.php:91
/var/www/html/vendor/laravel/framework/src/Illuminate/Foundation/PackageManifest.php:80
/var/www/html/vendor/laravel/framework/src/Illuminate/Foundation/Bootstrap/RegisterFacades.php:26
/var/www/html/vendor/orchestra/testbench-core/src/Concerns/CreatesApplication.php:556
/var/www/html/vendor/orchestra/testbench-core/src/Concerns/CreatesApplication.php:311
/var/www/html/vendor/orchestra/testbench-core/src/TestCase.php:121
/var/www/html/vendor/orchestra/testbench-core/src/Concerns/ApplicationTestingHooks.php:74
/var/www/html/vendor/orchestra/testbench-core/src/Concerns/Testing.php:43
/var/www/html/vendor/laravel/framework/src/Illuminate/Collections/helpers.php:236
/var/www/html/vendor/orchestra/sidekick/src/functions.php:87
/var/www/html/vendor/laravel/framework/src/Illuminate/Collections/helpers.php:236
/var/www/html/vendor/orchestra/testbench-core/src/Concerns/Testing.php:57
/var/www/html/vendor/orchestra/testbench-core/src/TestCase.php:50
/var/www/html/tests/TestCase.php:61
/var/www/html/tests/Unit/Registry/ToolRegistryTest.php:21</error>
        </testcase>
        <testcase name="test_get_all_tools" file="/var/www/html/tests/Unit/Registry/ToolRegistryTest.php" line="125" class="JTD\LaravelMCP\Tests\Unit\Registry\ToolRegistryTest" classname="JTD.LaravelMCP.Tests.Unit.Registry.ToolRegistryTest" assertions="0" time="0.000000">
          <error type="Exception">JTD\LaravelMCP\Tests\Unit\Registry\ToolRegistryTest::test_get_all_tools
Exception: The /var/www/html/vendor/orchestra/testbench-core/laravel/bootstrap/cache directory must be present and writable.

/var/www/html/vendor/laravel/framework/src/Illuminate/Foundation/PackageManifest.php:179
/var/www/html/vendor/orchestra/testbench-core/src/Foundation/PackageManifest.php:157
/var/www/html/vendor/laravel/framework/src/Illuminate/Foundation/PackageManifest.php:132
/var/www/html/vendor/laravel/framework/src/Illuminate/Foundation/PackageManifest.php:108
/var/www/html/vendor/orchestra/testbench-core/src/Foundation/PackageManifest.php:102
/var/www/html/vendor/laravel/framework/src/Illuminate/Foundation/PackageManifest.php:91
/var/www/html/vendor/laravel/framework/src/Illuminate/Foundation/PackageManifest.php:80
/var/www/html/vendor/laravel/framework/src/Illuminate/Foundation/Bootstrap/RegisterFacades.php:26
/var/www/html/vendor/orchestra/testbench-core/src/Concerns/CreatesApplication.php:556
/var/www/html/vendor/orchestra/testbench-core/src/Concerns/CreatesApplication.php:311
/var/www/html/vendor/orchestra/testbench-core/src/TestCase.php:121
/var/www/html/vendor/orchestra/testbench-core/src/Concerns/ApplicationTestingHooks.php:74
/var/www/html/vendor/orchestra/testbench-core/src/Concerns/Testing.php:43
/var/www/html/vendor/laravel/framework/src/Illuminate/Collections/helpers.php:236
/var/www/html/vendor/orchestra/sidekick/src/functions.php:87
/var/www/html/vendor/laravel/framework/src/Illuminate/Collections/helpers.php:236
/var/www/html/vendor/orchestra/testbench-core/src/Concerns/Testing.php:57
/var/www/html/vendor/orchestra/testbench-core/src/TestCase.php:50
/var/www/html/tests/TestCase.php:61
/var/www/html/tests/Unit/Registry/ToolRegistryTest.php:21</error>
        </testcase>
        <testcase name="test_get_tool_names" file="/var/www/html/tests/Unit/Registry/ToolRegistryTest.php" line="146" class="JTD\LaravelMCP\Tests\Unit\Registry\ToolRegistryTest" classname="JTD.LaravelMCP.Tests.Unit.Registry.ToolRegistryTest" assertions="0" time="0.000000">
          <error type="Exception">JTD\LaravelMCP\Tests\Unit\Registry\ToolRegistryTest::test_get_tool_names
Exception: The /var/www/html/vendor/orchestra/testbench-core/laravel/bootstrap/cache directory must be present and writable.

/var/www/html/vendor/laravel/framework/src/Illuminate/Foundation/PackageManifest.php:179
/var/www/html/vendor/orchestra/testbench-core/src/Foundation/PackageManifest.php:157
/var/www/html/vendor/laravel/framework/src/Illuminate/Foundation/PackageManifest.php:132
/var/www/html/vendor/laravel/framework/src/Illuminate/Foundation/PackageManifest.php:108
/var/www/html/vendor/orchestra/testbench-core/src/Foundation/PackageManifest.php:102
/var/www/html/vendor/laravel/framework/src/Illuminate/Foundation/PackageManifest.php:91
/var/www/html/vendor/laravel/framework/src/Illuminate/Foundation/PackageManifest.php:80
/var/www/html/vendor/laravel/framework/src/Illuminate/Foundation/Bootstrap/RegisterFacades.php:26
/var/www/html/vendor/orchestra/testbench-core/src/Concerns/CreatesApplication.php:556
/var/www/html/vendor/orchestra/testbench-core/src/Concerns/CreatesApplication.php:311
/var/www/html/vendor/orchestra/testbench-core/src/TestCase.php:121
/var/www/html/vendor/orchestra/testbench-core/src/Concerns/ApplicationTestingHooks.php:74
/var/www/html/vendor/orchestra/testbench-core/src/Concerns/Testing.php:43
/var/www/html/vendor/laravel/framework/src/Illuminate/Collections/helpers.php:236
/var/www/html/vendor/orchestra/sidekick/src/functions.php:87
/var/www/html/vendor/laravel/framework/src/Illuminate/Collections/helpers.php:236
/var/www/html/vendor/orchestra/testbench-core/src/Concerns/Testing.php:57
/var/www/html/vendor/orchestra/testbench-core/src/TestCase.php:50
/var/www/html/tests/TestCase.php:61
/var/www/html/tests/Unit/Registry/ToolRegistryTest.php:21</error>
        </testcase>
        <testcase name="test_count_tools" file="/var/www/html/tests/Unit/Registry/ToolRegistryTest.php" line="159" class="JTD\LaravelMCP\Tests\Unit\Registry\ToolRegistryTest" classname="JTD.LaravelMCP.Tests.Unit.Registry.ToolRegistryTest" assertions="0" time="0.000000">
          <error type="Exception">JTD\LaravelMCP\Tests\Unit\Registry\ToolRegistryTest::test_count_tools
Exception: The /var/www/html/vendor/orchestra/testbench-core/laravel/bootstrap/cache directory must be present and writable.

/var/www/html/vendor/laravel/framework/src/Illuminate/Foundation/PackageManifest.php:179
/var/www/html/vendor/orchestra/testbench-core/src/Foundation/PackageManifest.php:157
/var/www/html/vendor/laravel/framework/src/Illuminate/Foundation/PackageManifest.php:132
/var/www/html/vendor/laravel/framework/src/Illuminate/Foundation/PackageManifest.php:108
/var/www/html/vendor/orchestra/testbench-core/src/Foundation/PackageManifest.php:102
/var/www/html/vendor/laravel/framework/src/Illuminate/Foundation/PackageManifest.php:91
/var/www/html/vendor/laravel/framework/src/Illuminate/Foundation/PackageManifest.php:80
/var/www/html/vendor/laravel/framework/src/Illuminate/Foundation/Bootstrap/RegisterFacades.php:26
/var/www/html/vendor/orchestra/testbench-core/src/Concerns/CreatesApplication.php:556
/var/www/html/vendor/orchestra/testbench-core/src/Concerns/CreatesApplication.php:311
/var/www/html/vendor/orchestra/testbench-core/src/TestCase.php:121
/var/www/html/vendor/orchestra/testbench-core/src/Concerns/ApplicationTestingHooks.php:74
/var/www/html/vendor/orchestra/testbench-core/src/Concerns/Testing.php:43
/var/www/html/vendor/laravel/framework/src/Illuminate/Collections/helpers.php:236
/var/www/html/vendor/orchestra/sidekick/src/functions.php:87
/var/www/html/vendor/laravel/framework/src/Illuminate/Collections/helpers.php:236
/var/www/html/vendor/orchestra/testbench-core/src/Concerns/Testing.php:57
/var/www/html/vendor/orchestra/testbench-core/src/TestCase.php:50
/var/www/html/tests/TestCase.php:61
/var/www/html/tests/Unit/Registry/ToolRegistryTest.php:21</error>
        </testcase>
        <testcase name="test_clear_all_tools" file="/var/www/html/tests/Unit/Registry/ToolRegistryTest.php" line="176" class="JTD\LaravelMCP\Tests\Unit\Registry\ToolRegistryTest" classname="JTD.LaravelMCP.Tests.Unit.Registry.ToolRegistryTest" assertions="0" time="0.000000">
          <error type="Exception">JTD\LaravelMCP\Tests\Unit\Registry\ToolRegistryTest::test_clear_all_tools
Exception: The /var/www/html/vendor/orchestra/testbench-core/laravel/bootstrap/cache directory must be present and writable.

/var/www/html/vendor/laravel/framework/src/Illuminate/Foundation/PackageManifest.php:179
/var/www/html/vendor/orchestra/testbench-core/src/Foundation/PackageManifest.php:157
/var/www/html/vendor/laravel/framework/src/Illuminate/Foundation/PackageManifest.php:132
/var/www/html/vendor/laravel/framework/src/Illuminate/Foundation/PackageManifest.php:108
/var/www/html/vendor/orchestra/testbench-core/src/Foundation/PackageManifest.php:102
/var/www/html/vendor/laravel/framework/src/Illuminate/Foundation/PackageManifest.php:91
/var/www/html/vendor/laravel/framework/src/Illuminate/Foundation/PackageManifest.php:80
/var/www/html/vendor/laravel/framework/src/Illuminate/Foundation/Bootstrap/RegisterFacades.php:26
/var/www/html/vendor/orchestra/testbench-core/src/Concerns/CreatesApplication.php:556
/var/www/html/vendor/orchestra/testbench-core/src/Concerns/CreatesApplication.php:311
/var/www/html/vendor/orchestra/testbench-core/src/TestCase.php:121
/var/www/html/vendor/orchestra/testbench-core/src/Concerns/ApplicationTestingHooks.php:74
/var/www/html/vendor/orchestra/testbench-core/src/Concerns/Testing.php:43
/var/www/html/vendor/laravel/framework/src/Illuminate/Collections/helpers.php:236
/var/www/html/vendor/orchestra/sidekick/src/functions.php:87
/var/www/html/vendor/laravel/framework/src/Illuminate/Collections/helpers.php:236
/var/www/html/vendor/orchestra/testbench-core/src/Concerns/Testing.php:57
/var/www/html/vendor/orchestra/testbench-core/src/TestCase.php:50
/var/www/html/tests/TestCase.php:61
/var/www/html/tests/Unit/Registry/ToolRegistryTest.php:21</error>
        </testcase>
        <testcase name="test_get_tool_metadata" file="/var/www/html/tests/Unit/Registry/ToolRegistryTest.php" line="193" class="JTD\LaravelMCP\Tests\Unit\Registry\ToolRegistryTest" classname="JTD.LaravelMCP.Tests.Unit.Registry.ToolRegistryTest" assertions="0" time="0.000000">
          <error type="Exception">JTD\LaravelMCP\Tests\Unit\Registry\ToolRegistryTest::test_get_tool_metadata
Exception: The /var/www/html/vendor/orchestra/testbench-core/laravel/bootstrap/cache directory must be present and writable.

/var/www/html/vendor/laravel/framework/src/Illuminate/Foundation/PackageManifest.php:179
/var/www/html/vendor/orchestra/testbench-core/src/Foundation/PackageManifest.php:157
/var/www/html/vendor/laravel/framework/src/Illuminate/Foundation/PackageManifest.php:132
/var/www/html/vendor/laravel/framework/src/Illuminate/Foundation/PackageManifest.php:108
/var/www/html/vendor/orchestra/testbench-core/src/Foundation/PackageManifest.php:102
/var/www/html/vendor/laravel/framework/src/Illuminate/Foundation/PackageManifest.php:91
/var/www/html/vendor/laravel/framework/src/Illuminate/Foundation/PackageManifest.php:80
/var/www/html/vendor/laravel/framework/src/Illuminate/Foundation/Bootstrap/RegisterFacades.php:26
/var/www/html/vendor/orchestra/testbench-core/src/Concerns/CreatesApplication.php:556
/var/www/html/vendor/orchestra/testbench-core/src/Concerns/CreatesApplication.php:311
/var/www/html/vendor/orchestra/testbench-core/src/TestCase.php:121
/var/www/html/vendor/orchestra/testbench-core/src/Concerns/ApplicationTestingHooks.php:74
/var/www/html/vendor/orchestra/testbench-core/src/Concerns/Testing.php:43
/var/www/html/vendor/laravel/framework/src/Illuminate/Collections/helpers.php:236
/var/www/html/vendor/orchestra/sidekick/src/functions.php:87
/var/www/html/vendor/laravel/framework/src/Illuminate/Collections/helpers.php:236
/var/www/html/vendor/orchestra/testbench-core/src/Concerns/Testing.php:57
/var/www/html/vendor/orchestra/testbench-core/src/TestCase.php:50
/var/www/html/tests/TestCase.php:61
/var/www/html/tests/Unit/Registry/ToolRegistryTest.php:21</error>
        </testcase>
        <testcase name="test_get_metadata_for_non_existent_tool_throws_exception" file="/var/www/html/tests/Unit/Registry/ToolRegistryTest.php" line="218" class="JTD\LaravelMCP\Tests\Unit\Registry\ToolRegistryTest" classname="JTD.LaravelMCP.Tests.Unit.Registry.ToolRegistryTest" assertions="0" time="0.000000">
          <error type="Exception">JTD\LaravelMCP\Tests\Unit\Registry\ToolRegistryTest::test_get_metadata_for_non_existent_tool_throws_exception
Exception: The /var/www/html/vendor/orchestra/testbench-core/laravel/bootstrap/cache directory must be present and writable.

/var/www/html/vendor/laravel/framework/src/Illuminate/Foundation/PackageManifest.php:179
/var/www/html/vendor/orchestra/testbench-core/src/Foundation/PackageManifest.php:157
/var/www/html/vendor/laravel/framework/src/Illuminate/Foundation/PackageManifest.php:132
/var/www/html/vendor/laravel/framework/src/Illuminate/Foundation/PackageManifest.php:108
/var/www/html/vendor/orchestra/testbench-core/src/Foundation/PackageManifest.php:102
/var/www/html/vendor/laravel/framework/src/Illuminate/Foundation/PackageManifest.php:91
/var/www/html/vendor/laravel/framework/src/Illuminate/Foundation/PackageManifest.php:80
/var/www/html/vendor/laravel/framework/src/Illuminate/Foundation/Bootstrap/RegisterFacades.php:26
/var/www/html/vendor/orchestra/testbench-core/src/Concerns/CreatesApplication.php:556
/var/www/html/vendor/orchestra/testbench-core/src/Concerns/CreatesApplication.php:311
/var/www/html/vendor/orchestra/testbench-core/src/TestCase.php:121
/var/www/html/vendor/orchestra/testbench-core/src/Concerns/ApplicationTestingHooks.php:74
/var/www/html/vendor/orchestra/testbench-core/src/Concerns/Testing.php:43
/var/www/html/vendor/laravel/framework/src/Illuminate/Collections/helpers.php:236
/var/www/html/vendor/orchestra/sidekick/src/functions.php:87
/var/www/html/vendor/laravel/framework/src/Illuminate/Collections/helpers.php:236
/var/www/html/vendor/orchestra/testbench-core/src/Concerns/Testing.php:57
/var/www/html/vendor/orchestra/testbench-core/src/TestCase.php:50
/var/www/html/tests/TestCase.php:61
/var/www/html/tests/Unit/Registry/ToolRegistryTest.php:21</error>
        </testcase>
        <testcase name="test_filter_tools_by_metadata" file="/var/www/html/tests/Unit/Registry/ToolRegistryTest.php" line="229" class="JTD\LaravelMCP\Tests\Unit\Registry\ToolRegistryTest" classname="JTD.LaravelMCP.Tests.Unit.Registry.ToolRegistryTest" assertions="0" time="0.000000">
          <error type="Exception">JTD\LaravelMCP\Tests\Unit\Registry\ToolRegistryTest::test_filter_tools_by_metadata
Exception: The /var/www/html/vendor/orchestra/testbench-core/laravel/bootstrap/cache directory must be present and writable.

/var/www/html/vendor/laravel/framework/src/Illuminate/Foundation/PackageManifest.php:179
/var/www/html/vendor/orchestra/testbench-core/src/Foundation/PackageManifest.php:157
/var/www/html/vendor/laravel/framework/src/Illuminate/Foundation/PackageManifest.php:132
/var/www/html/vendor/laravel/framework/src/Illuminate/Foundation/PackageManifest.php:108
/var/www/html/vendor/orchestra/testbench-core/src/Foundation/PackageManifest.php:102
/var/www/html/vendor/laravel/framework/src/Illuminate/Foundation/PackageManifest.php:91
/var/www/html/vendor/laravel/framework/src/Illuminate/Foundation/PackageManifest.php:80
/var/www/html/vendor/laravel/framework/src/Illuminate/Foundation/Bootstrap/RegisterFacades.php:26
/var/www/html/vendor/orchestra/testbench-core/src/Concerns/CreatesApplication.php:556
/var/www/html/vendor/orchestra/testbench-core/src/Concerns/CreatesApplication.php:311
/var/www/html/vendor/orchestra/testbench-core/src/TestCase.php:121
/var/www/html/vendor/orchestra/testbench-core/src/Concerns/ApplicationTestingHooks.php:74
/var/www/html/vendor/orchestra/testbench-core/src/Concerns/Testing.php:43
/var/www/html/vendor/laravel/framework/src/Illuminate/Collections/helpers.php:236
/var/www/html/vendor/orchestra/sidekick/src/functions.php:87
/var/www/html/vendor/laravel/framework/src/Illuminate/Collections/helpers.php:236
/var/www/html/vendor/orchestra/testbench-core/src/Concerns/Testing.php:57
/var/www/html/vendor/orchestra/testbench-core/src/TestCase.php:50
/var/www/html/tests/TestCase.php:61
/var/www/html/tests/Unit/Registry/ToolRegistryTest.php:21</error>
        </testcase>
        <testcase name="test_search_tools_by_pattern" file="/var/www/html/tests/Unit/Registry/ToolRegistryTest.php" line="250" class="JTD\LaravelMCP\Tests\Unit\Registry\ToolRegistryTest" classname="JTD.LaravelMCP.Tests.Unit.Registry.ToolRegistryTest" assertions="0" time="0.000000">
          <error type="Exception">JTD\LaravelMCP\Tests\Unit\Registry\ToolRegistryTest::test_search_tools_by_pattern
Exception: The /var/www/html/vendor/orchestra/testbench-core/laravel/bootstrap/cache directory must be present and writable.

/var/www/html/vendor/laravel/framework/src/Illuminate/Foundation/PackageManifest.php:179
/var/www/html/vendor/orchestra/testbench-core/src/Foundation/PackageManifest.php:157
/var/www/html/vendor/laravel/framework/src/Illuminate/Foundation/PackageManifest.php:132
/var/www/html/vendor/laravel/framework/src/Illuminate/Foundation/PackageManifest.php:108
/var/www/html/vendor/orchestra/testbench-core/src/Foundation/PackageManifest.php:102
/var/www/html/vendor/laravel/framework/src/Illuminate/Foundation/PackageManifest.php:91
/var/www/html/vendor/laravel/framework/src/Illuminate/Foundation/PackageManifest.php:80
/var/www/html/vendor/laravel/framework/src/Illuminate/Foundation/Bootstrap/RegisterFacades.php:26
/var/www/html/vendor/orchestra/testbench-core/src/Concerns/CreatesApplication.php:556
/var/www/html/vendor/orchestra/testbench-core/src/Concerns/CreatesApplication.php:311
/var/www/html/vendor/orchestra/testbench-core/src/TestCase.php:121
/var/www/html/vendor/orchestra/testbench-core/src/Concerns/ApplicationTestingHooks.php:74
/var/www/html/vendor/orchestra/testbench-core/src/Concerns/Testing.php:43
/var/www/html/vendor/laravel/framework/src/Illuminate/Collections/helpers.php:236
/var/www/html/vendor/orchestra/sidekick/src/functions.php:87
/var/www/html/vendor/laravel/framework/src/Illuminate/Collections/helpers.php:236
/var/www/html/vendor/orchestra/testbench-core/src/Concerns/Testing.php:57
/var/www/html/vendor/orchestra/testbench-core/src/TestCase.php:50
/var/www/html/tests/TestCase.php:61
/var/www/html/tests/Unit/Registry/ToolRegistryTest.php:21</error>
        </testcase>
        <testcase name="test_get_registry_type" file="/var/www/html/tests/Unit/Registry/ToolRegistryTest.php" line="267" class="JTD\LaravelMCP\Tests\Unit\Registry\ToolRegistryTest" classname="JTD.LaravelMCP.Tests.Unit.Registry.ToolRegistryTest" assertions="0" time="0.000000">
          <error type="Exception">JTD\LaravelMCP\Tests\Unit\Registry\ToolRegistryTest::test_get_registry_type
Exception: The /var/www/html/vendor/orchestra/testbench-core/laravel/bootstrap/cache directory must be present and writable.

/var/www/html/vendor/laravel/framework/src/Illuminate/Foundation/PackageManifest.php:179
/var/www/html/vendor/orchestra/testbench-core/src/Foundation/PackageManifest.php:157
/var/www/html/vendor/laravel/framework/src/Illuminate/Foundation/PackageManifest.php:132
/var/www/html/vendor/laravel/framework/src/Illuminate/Foundation/PackageManifest.php:108
/var/www/html/vendor/orchestra/testbench-core/src/Foundation/PackageManifest.php:102
/var/www/html/vendor/laravel/framework/src/Illuminate/Foundation/PackageManifest.php:91
/var/www/html/vendor/laravel/framework/src/Illuminate/Foundation/PackageManifest.php:80
/var/www/html/vendor/laravel/framework/src/Illuminate/Foundation/Bootstrap/RegisterFacades.php:26
/var/www/html/vendor/orchestra/testbench-core/src/Concerns/CreatesApplication.php:556
/var/www/html/vendor/orchestra/testbench-core/src/Concerns/CreatesApplication.php:311
/var/www/html/vendor/orchestra/testbench-core/src/TestCase.php:121
/var/www/html/vendor/orchestra/testbench-core/src/Concerns/ApplicationTestingHooks.php:74
/var/www/html/vendor/orchestra/testbench-core/src/Concerns/Testing.php:43
/var/www/html/vendor/laravel/framework/src/Illuminate/Collections/helpers.php:236
/var/www/html/vendor/orchestra/sidekick/src/functions.php:87
/var/www/html/vendor/laravel/framework/src/Illuminate/Collections/helpers.php:236
/var/www/html/vendor/orchestra/testbench-core/src/Concerns/Testing.php:57
/var/www/html/vendor/orchestra/testbench-core/src/TestCase.php:50
/var/www/html/tests/TestCase.php:61
/var/www/html/tests/Unit/Registry/ToolRegistryTest.php:21</error>
        </testcase>
        <testcase name="test_get_tool_definitions" file="/var/www/html/tests/Unit/Registry/ToolRegistryTest.php" line="275" class="JTD\LaravelMCP\Tests\Unit\Registry\ToolRegistryTest" classname="JTD.LaravelMCP.Tests.Unit.Registry.ToolRegistryTest" assertions="0" time="0.000000">
          <error type="Exception">JTD\LaravelMCP\Tests\Unit\Registry\ToolRegistryTest::test_get_tool_definitions
Exception: The /var/www/html/vendor/orchestra/testbench-core/laravel/bootstrap/cache directory must be present and writable.

/var/www/html/vendor/laravel/framework/src/Illuminate/Foundation/PackageManifest.php:179
/var/www/html/vendor/orchestra/testbench-core/src/Foundation/PackageManifest.php:157
/var/www/html/vendor/laravel/framework/src/Illuminate/Foundation/PackageManifest.php:132
/var/www/html/vendor/laravel/framework/src/Illuminate/Foundation/PackageManifest.php:108
/var/www/html/vendor/orchestra/testbench-core/src/Foundation/PackageManifest.php:102
/var/www/html/vendor/laravel/framework/src/Illuminate/Foundation/PackageManifest.php:91
/var/www/html/vendor/laravel/framework/src/Illuminate/Foundation/PackageManifest.php:80
/var/www/html/vendor/laravel/framework/src/Illuminate/Foundation/Bootstrap/RegisterFacades.php:26
/var/www/html/vendor/orchestra/testbench-core/src/Concerns/CreatesApplication.php:556
/var/www/html/vendor/orchestra/testbench-core/src/Concerns/CreatesApplication.php:311
/var/www/html/vendor/orchestra/testbench-core/src/TestCase.php:121
/var/www/html/vendor/orchestra/testbench-core/src/Concerns/ApplicationTestingHooks.php:74
/var/www/html/vendor/orchestra/testbench-core/src/Concerns/Testing.php:43
/var/www/html/vendor/laravel/framework/src/Illuminate/Collections/helpers.php:236
/var/www/html/vendor/orchestra/sidekick/src/functions.php:87
/var/www/html/vendor/laravel/framework/src/Illuminate/Collections/helpers.php:236
/var/www/html/vendor/orchestra/testbench-core/src/Concerns/Testing.php:57
/var/www/html/vendor/orchestra/testbench-core/src/TestCase.php:50
/var/www/html/tests/TestCase.php:61
/var/www/html/tests/Unit/Registry/ToolRegistryTest.php:21</error>
        </testcase>
        <testcase name="test_execute_tool" file="/var/www/html/tests/Unit/Registry/ToolRegistryTest.php" line="323" class="JTD\LaravelMCP\Tests\Unit\Registry\ToolRegistryTest" classname="JTD.LaravelMCP.Tests.Unit.Registry.ToolRegistryTest" assertions="0" time="0.000000">
          <error type="Exception">JTD\LaravelMCP\Tests\Unit\Registry\ToolRegistryTest::test_execute_tool
Exception: The /var/www/html/vendor/orchestra/testbench-core/laravel/bootstrap/cache directory must be present and writable.

/var/www/html/vendor/laravel/framework/src/Illuminate/Foundation/PackageManifest.php:179
/var/www/html/vendor/orchestra/testbench-core/src/Foundation/PackageManifest.php:157
/var/www/html/vendor/laravel/framework/src/Illuminate/Foundation/PackageManifest.php:132
/var/www/html/vendor/laravel/framework/src/Illuminate/Foundation/PackageManifest.php:108
/var/www/html/vendor/orchestra/testbench-core/src/Foundation/PackageManifest.php:102
/var/www/html/vendor/laravel/framework/src/Illuminate/Foundation/PackageManifest.php:91
/var/www/html/vendor/laravel/framework/src/Illuminate/Foundation/PackageManifest.php:80
/var/www/html/vendor/laravel/framework/src/Illuminate/Foundation/Bootstrap/RegisterFacades.php:26
/var/www/html/vendor/orchestra/testbench-core/src/Concerns/CreatesApplication.php:556
/var/www/html/vendor/orchestra/testbench-core/src/Concerns/CreatesApplication.php:311
/var/www/html/vendor/orchestra/testbench-core/src/TestCase.php:121
/var/www/html/vendor/orchestra/testbench-core/src/Concerns/ApplicationTestingHooks.php:74
/var/www/html/vendor/orchestra/testbench-core/src/Concerns/Testing.php:43
/var/www/html/vendor/laravel/framework/src/Illuminate/Collections/helpers.php:236
/var/www/html/vendor/orchestra/sidekick/src/functions.php:87
/var/www/html/vendor/laravel/framework/src/Illuminate/Collections/helpers.php:236
/var/www/html/vendor/orchestra/testbench-core/src/Concerns/Testing.php:57
/var/www/html/vendor/orchestra/testbench-core/src/TestCase.php:50
/var/www/html/tests/TestCase.php:61
/var/www/html/tests/Unit/Registry/ToolRegistryTest.php:21</error>
        </testcase>
        <testcase name="test_execute_tool_with_class_name" file="/var/www/html/tests/Unit/Registry/ToolRegistryTest.php" line="339" class="JTD\LaravelMCP\Tests\Unit\Registry\ToolRegistryTest" classname="JTD.LaravelMCP.Tests.Unit.Registry.ToolRegistryTest" assertions="0" time="0.000000">
          <error type="Exception">JTD\LaravelMCP\Tests\Unit\Registry\ToolRegistryTest::test_execute_tool_with_class_name
Exception: The /var/www/html/vendor/orchestra/testbench-core/laravel/bootstrap/cache directory must be present and writable.

/var/www/html/vendor/laravel/framework/src/Illuminate/Foundation/PackageManifest.php:179
/var/www/html/vendor/orchestra/testbench-core/src/Foundation/PackageManifest.php:157
/var/www/html/vendor/laravel/framework/src/Illuminate/Foundation/PackageManifest.php:132
/var/www/html/vendor/laravel/framework/src/Illuminate/Foundation/PackageManifest.php:108
/var/www/html/vendor/orchestra/testbench-core/src/Foundation/PackageManifest.php:102
/var/www/html/vendor/laravel/framework/src/Illuminate/Foundation/PackageManifest.php:91
/var/www/html/vendor/laravel/framework/src/Illuminate/Foundation/PackageManifest.php:80
/var/www/html/vendor/laravel/framework/src/Illuminate/Foundation/Bootstrap/RegisterFacades.php:26
/var/www/html/vendor/orchestra/testbench-core/src/Concerns/CreatesApplication.php:556
/var/www/html/vendor/orchestra/testbench-core/src/Concerns/CreatesApplication.php:311
/var/www/html/vendor/orchestra/testbench-core/src/TestCase.php:121
/var/www/html/vendor/orchestra/testbench-core/src/Concerns/ApplicationTestingHooks.php:74
/var/www/html/vendor/orchestra/testbench-core/src/Concerns/Testing.php:43
/var/www/html/vendor/laravel/framework/src/Illuminate/Collections/helpers.php:236
/var/www/html/vendor/orchestra/sidekick/src/functions.php:87
/var/www/html/vendor/laravel/framework/src/Illuminate/Collections/helpers.php:236
/var/www/html/vendor/orchestra/testbench-core/src/Concerns/Testing.php:57
/var/www/html/vendor/orchestra/testbench-core/src/TestCase.php:50
/var/www/html/tests/TestCase.php:61
/var/www/html/tests/Unit/Registry/ToolRegistryTest.php:21</error>
        </testcase>
        <testcase name="test_execute_invalid_tool_throws_exception" file="/var/www/html/tests/Unit/Registry/ToolRegistryTest.php" line="355" class="JTD\LaravelMCP\Tests\Unit\Registry\ToolRegistryTest" classname="JTD.LaravelMCP.Tests.Unit.Registry.ToolRegistryTest" assertions="0" time="0.000000">
          <error type="Exception">JTD\LaravelMCP\Tests\Unit\Registry\ToolRegistryTest::test_execute_invalid_tool_throws_exception
Exception: The /var/www/html/vendor/orchestra/testbench-core/laravel/bootstrap/cache directory must be present and writable.

/var/www/html/vendor/laravel/framework/src/Illuminate/Foundation/PackageManifest.php:179
/var/www/html/vendor/orchestra/testbench-core/src/Foundation/PackageManifest.php:157
/var/www/html/vendor/laravel/framework/src/Illuminate/Foundation/PackageManifest.php:132
/var/www/html/vendor/laravel/framework/src/Illuminate/Foundation/PackageManifest.php:108
/var/www/html/vendor/orchestra/testbench-core/src/Foundation/PackageManifest.php:102
/var/www/html/vendor/laravel/framework/src/Illuminate/Foundation/PackageManifest.php:91
/var/www/html/vendor/laravel/framework/src/Illuminate/Foundation/PackageManifest.php:80
/var/www/html/vendor/laravel/framework/src/Illuminate/Foundation/Bootstrap/RegisterFacades.php:26
/var/www/html/vendor/orchestra/testbench-core/src/Concerns/CreatesApplication.php:556
/var/www/html/vendor/orchestra/testbench-core/src/Concerns/CreatesApplication.php:311
/var/www/html/vendor/orchestra/testbench-core/src/TestCase.php:121
/var/www/html/vendor/orchestra/testbench-core/src/Concerns/ApplicationTestingHooks.php:74
/var/www/html/vendor/orchestra/testbench-core/src/Concerns/Testing.php:43
/var/www/html/vendor/laravel/framework/src/Illuminate/Collections/helpers.php:236
/var/www/html/vendor/orchestra/sidekick/src/functions.php:87
/var/www/html/vendor/laravel/framework/src/Illuminate/Collections/helpers.php:236
/var/www/html/vendor/orchestra/testbench-core/src/Concerns/Testing.php:57
/var/www/html/vendor/orchestra/testbench-core/src/TestCase.php:50
/var/www/html/tests/TestCase.php:61
/var/www/html/tests/Unit/Registry/ToolRegistryTest.php:21</error>
        </testcase>
        <testcase name="test_validate_parameters" file="/var/www/html/tests/Unit/Registry/ToolRegistryTest.php" line="374" class="JTD\LaravelMCP\Tests\Unit\Registry\ToolRegistryTest" classname="JTD.LaravelMCP.Tests.Unit.Registry.ToolRegistryTest" assertions="0" time="0.000000">
          <error type="Exception">JTD\LaravelMCP\Tests\Unit\Registry\ToolRegistryTest::test_validate_parameters
Exception: The /var/www/html/vendor/orchestra/testbench-core/laravel/bootstrap/cache directory must be present and writable.

/var/www/html/vendor/laravel/framework/src/Illuminate/Foundation/PackageManifest.php:179
/var/www/html/vendor/orchestra/testbench-core/src/Foundation/PackageManifest.php:157
/var/www/html/vendor/laravel/framework/src/Illuminate/Foundation/PackageManifest.php:132
/var/www/html/vendor/laravel/framework/src/Illuminate/Foundation/PackageManifest.php:108
/var/www/html/vendor/orchestra/testbench-core/src/Foundation/PackageManifest.php:102
/var/www/html/vendor/laravel/framework/src/Illuminate/Foundation/PackageManifest.php:91
/var/www/html/vendor/laravel/framework/src/Illuminate/Foundation/PackageManifest.php:80
/var/www/html/vendor/laravel/framework/src/Illuminate/Foundation/Bootstrap/RegisterFacades.php:26
/var/www/html/vendor/orchestra/testbench-core/src/Concerns/CreatesApplication.php:556
/var/www/html/vendor/orchestra/testbench-core/src/Concerns/CreatesApplication.php:311
/var/www/html/vendor/orchestra/testbench-core/src/TestCase.php:121
/var/www/html/vendor/orchestra/testbench-core/src/Concerns/ApplicationTestingHooks.php:74
/var/www/html/vendor/orchestra/testbench-core/src/Concerns/Testing.php:43
/var/www/html/vendor/laravel/framework/src/Illuminate/Collections/helpers.php:236
/var/www/html/vendor/orchestra/sidekick/src/functions.php:87
/var/www/html/vendor/laravel/framework/src/Illuminate/Collections/helpers.php:236
/var/www/html/vendor/orchestra/testbench-core/src/Concerns/Testing.php:57
/var/www/html/vendor/orchestra/testbench-core/src/TestCase.php:50
/var/www/html/tests/TestCase.php:61
/var/www/html/tests/Unit/Registry/ToolRegistryTest.php:21</error>
        </testcase>
        <testcase name="test_validate_parameters_with_no_schema" file="/var/www/html/tests/Unit/Registry/ToolRegistryTest.php" line="410" class="JTD\LaravelMCP\Tests\Unit\Registry\ToolRegistryTest" classname="JTD.LaravelMCP.Tests.Unit.Registry.ToolRegistryTest" assertions="0" time="0.000000">
          <error type="Exception">JTD\LaravelMCP\Tests\Unit\Registry\ToolRegistryTest::test_validate_parameters_with_no_schema
Exception: The /var/www/html/vendor/orchestra/testbench-core/laravel/bootstrap/cache directory must be present and writable.

/var/www/html/vendor/laravel/framework/src/Illuminate/Foundation/PackageManifest.php:179
/var/www/html/vendor/orchestra/testbench-core/src/Foundation/PackageManifest.php:157
/var/www/html/vendor/laravel/framework/src/Illuminate/Foundation/PackageManifest.php:132
/var/www/html/vendor/laravel/framework/src/Illuminate/Foundation/PackageManifest.php:108
/var/www/html/vendor/orchestra/testbench-core/src/Foundation/PackageManifest.php:102
/var/www/html/vendor/laravel/framework/src/Illuminate/Foundation/PackageManifest.php:91
/var/www/html/vendor/laravel/framework/src/Illuminate/Foundation/PackageManifest.php:80
/var/www/html/vendor/laravel/framework/src/Illuminate/Foundation/Bootstrap/RegisterFacades.php:26
/var/www/html/vendor/orchestra/testbench-core/src/Concerns/CreatesApplication.php:556
/var/www/html/vendor/orchestra/testbench-core/src/Concerns/CreatesApplication.php:311
/var/www/html/vendor/orchestra/testbench-core/src/TestCase.php:121
/var/www/html/vendor/orchestra/testbench-core/src/Concerns/ApplicationTestingHooks.php:74
/var/www/html/vendor/orchestra/testbench-core/src/Concerns/Testing.php:43
/var/www/html/vendor/laravel/framework/src/Illuminate/Collections/helpers.php:236
/var/www/html/vendor/orchestra/sidekick/src/functions.php:87
/var/www/html/vendor/laravel/framework/src/Illuminate/Collections/helpers.php:236
/var/www/html/vendor/orchestra/testbench-core/src/Concerns/Testing.php:57
/var/www/html/vendor/orchestra/testbench-core/src/TestCase.php:50
/var/www/html/tests/TestCase.php:61
/var/www/html/tests/Unit/Registry/ToolRegistryTest.php:21</error>
        </testcase>
        <testcase name="test_get_tools_by_capability" file="/var/www/html/tests/Unit/Registry/ToolRegistryTest.php" line="425" class="JTD\LaravelMCP\Tests\Unit\Registry\ToolRegistryTest" classname="JTD.LaravelMCP.Tests.Unit.Registry.ToolRegistryTest" assertions="0" time="0.000000">
          <error type="Exception">JTD\LaravelMCP\Tests\Unit\Registry\ToolRegistryTest::test_get_tools_by_capability
Exception: The /var/www/html/vendor/orchestra/testbench-core/laravel/bootstrap/cache directory must be present and writable.

/var/www/html/vendor/laravel/framework/src/Illuminate/Foundation/PackageManifest.php:179
/var/www/html/vendor/orchestra/testbench-core/src/Foundation/PackageManifest.php:157
/var/www/html/vendor/laravel/framework/src/Illuminate/Foundation/PackageManifest.php:132
/var/www/html/vendor/laravel/framework/src/Illuminate/Foundation/PackageManifest.php:108
/var/www/html/vendor/orchestra/testbench-core/src/Foundation/PackageManifest.php:102
/var/www/html/vendor/laravel/framework/src/Illuminate/Foundation/PackageManifest.php:91
/var/www/html/vendor/laravel/framework/src/Illuminate/Foundation/PackageManifest.php:80
/var/www/html/vendor/laravel/framework/src/Illuminate/Foundation/Bootstrap/RegisterFacades.php:26
/var/www/html/vendor/orchestra/testbench-core/src/Concerns/CreatesApplication.php:556
/var/www/html/vendor/orchestra/testbench-core/src/Concerns/CreatesApplication.php:311
/var/www/html/vendor/orchestra/testbench-core/src/TestCase.php:121
/var/www/html/vendor/orchestra/testbench-core/src/Concerns/ApplicationTestingHooks.php:74
/var/www/html/vendor/orchestra/testbench-core/src/Concerns/Testing.php:43
/var/www/html/vendor/laravel/framework/src/Illuminate/Collections/helpers.php:236
/var/www/html/vendor/orchestra/sidekick/src/functions.php:87
/var/www/html/vendor/laravel/framework/src/Illuminate/Collections/helpers.php:236
/var/www/html/vendor/orchestra/testbench-core/src/Concerns/Testing.php:57
/var/www/html/vendor/orchestra/testbench-core/src/TestCase.php:50
/var/www/html/tests/TestCase.php:61
/var/www/html/tests/Unit/Registry/ToolRegistryTest.php:21</error>
        </testcase>
        <testcase name="test_initialize" file="/var/www/html/tests/Unit/Registry/ToolRegistryTest.php" line="452" class="JTD\LaravelMCP\Tests\Unit\Registry\ToolRegistryTest" classname="JTD.LaravelMCP.Tests.Unit.Registry.ToolRegistryTest" assertions="0" time="0.000000">
          <error type="Exception">JTD\LaravelMCP\Tests\Unit\Registry\ToolRegistryTest::test_initialize
Exception: The /var/www/html/vendor/orchestra/testbench-core/laravel/bootstrap/cache directory must be present and writable.

/var/www/html/vendor/laravel/framework/src/Illuminate/Foundation/PackageManifest.php:179
/var/www/html/vendor/orchestra/testbench-core/src/Foundation/PackageManifest.php:157
/var/www/html/vendor/laravel/framework/src/Illuminate/Foundation/PackageManifest.php:132
/var/www/html/vendor/laravel/framework/src/Illuminate/Foundation/PackageManifest.php:108
/var/www/html/vendor/orchestra/testbench-core/src/Foundation/PackageManifest.php:102
/var/www/html/vendor/laravel/framework/src/Illuminate/Foundation/PackageManifest.php:91
/var/www/html/vendor/laravel/framework/src/Illuminate/Foundation/PackageManifest.php:80
/var/www/html/vendor/laravel/framework/src/Illuminate/Foundation/Bootstrap/RegisterFacades.php:26
/var/www/html/vendor/orchestra/testbench-core/src/Concerns/CreatesApplication.php:556
/var/www/html/vendor/orchestra/testbench-core/src/Concerns/CreatesApplication.php:311
/var/www/html/vendor/orchestra/testbench-core/src/TestCase.php:121
/var/www/html/vendor/orchestra/testbench-core/src/Concerns/ApplicationTestingHooks.php:74
/var/www/html/vendor/orchestra/testbench-core/src/Concerns/Testing.php:43
/var/www/html/vendor/laravel/framework/src/Illuminate/Collections/helpers.php:236
/var/www/html/vendor/orchestra/sidekick/src/functions.php:87
/var/www/html/vendor/laravel/framework/src/Illuminate/Collections/helpers.php:236
/var/www/html/vendor/orchestra/testbench-core/src/Concerns/Testing.php:57
/var/www/html/vendor/orchestra/testbench-core/src/TestCase.php:50
/var/www/html/tests/TestCase.php:61
/var/www/html/tests/Unit/Registry/ToolRegistryTest.php:21</error>
        </testcase>
        <testcase name="test_metadata_defaults" file="/var/www/html/tests/Unit/Registry/ToolRegistryTest.php" line="462" class="JTD\LaravelMCP\Tests\Unit\Registry\ToolRegistryTest" classname="JTD.LaravelMCP.Tests.Unit.Registry.ToolRegistryTest" assertions="0" time="0.000000">
          <error type="Exception">JTD\LaravelMCP\Tests\Unit\Registry\ToolRegistryTest::test_metadata_defaults
Exception: The /var/www/html/vendor/orchestra/testbench-core/laravel/bootstrap/cache directory must be present and writable.

/var/www/html/vendor/laravel/framework/src/Illuminate/Foundation/PackageManifest.php:179
/var/www/html/vendor/orchestra/testbench-core/src/Foundation/PackageManifest.php:157
/var/www/html/vendor/laravel/framework/src/Illuminate/Foundation/PackageManifest.php:132
/var/www/html/vendor/laravel/framework/src/Illuminate/Foundation/PackageManifest.php:108
/var/www/html/vendor/orchestra/testbench-core/src/Foundation/PackageManifest.php:102
/var/www/html/vendor/laravel/framework/src/Illuminate/Foundation/PackageManifest.php:91
/var/www/html/vendor/laravel/framework/src/Illuminate/Foundation/PackageManifest.php:80
/var/www/html/vendor/laravel/framework/src/Illuminate/Foundation/Bootstrap/RegisterFacades.php:26
/var/www/html/vendor/orchestra/testbench-core/src/Concerns/CreatesApplication.php:556
/var/www/html/vendor/orchestra/testbench-core/src/Concerns/CreatesApplication.php:311
/var/www/html/vendor/orchestra/testbench-core/src/TestCase.php:121
/var/www/html/vendor/orchestra/testbench-core/src/Concerns/ApplicationTestingHooks.php:74
/var/www/html/vendor/orchestra/testbench-core/src/Concerns/Testing.php:43
/var/www/html/vendor/laravel/framework/src/Illuminate/Collections/helpers.php:236
/var/www/html/vendor/orchestra/sidekick/src/functions.php:87
/var/www/html/vendor/laravel/framework/src/Illuminate/Collections/helpers.php:236
/var/www/html/vendor/orchestra/testbench-core/src/Concerns/Testing.php:57
/var/www/html/vendor/orchestra/testbench-core/src/TestCase.php:50
/var/www/html/tests/TestCase.php:61
/var/www/html/tests/Unit/Registry/ToolRegistryTest.php:21</error>
        </testcase>
        <testcase name="test_complex_filtering" file="/var/www/html/tests/Unit/Registry/ToolRegistryTest.php" line="482" class="JTD\LaravelMCP\Tests\Unit\Registry\ToolRegistryTest" classname="JTD.LaravelMCP.Tests.Unit.Registry.ToolRegistryTest" assertions="0" time="0.000000">
          <error type="Exception">JTD\LaravelMCP\Tests\Unit\Registry\ToolRegistryTest::test_complex_filtering
Exception: The /var/www/html/vendor/orchestra/testbench-core/laravel/bootstrap/cache directory must be present and writable.

/var/www/html/vendor/laravel/framework/src/Illuminate/Foundation/PackageManifest.php:179
/var/www/html/vendor/orchestra/testbench-core/src/Foundation/PackageManifest.php:157
/var/www/html/vendor/laravel/framework/src/Illuminate/Foundation/PackageManifest.php:132
/var/www/html/vendor/laravel/framework/src/Illuminate/Foundation/PackageManifest.php:108
/var/www/html/vendor/orchestra/testbench-core/src/Foundation/PackageManifest.php:102
/var/www/html/vendor/laravel/framework/src/Illuminate/Foundation/PackageManifest.php:91
/var/www/html/vendor/laravel/framework/src/Illuminate/Foundation/PackageManifest.php:80
/var/www/html/vendor/laravel/framework/src/Illuminate/Foundation/Bootstrap/RegisterFacades.php:26
/var/www/html/vendor/orchestra/testbench-core/src/Concerns/CreatesApplication.php:556
/var/www/html/vendor/orchestra/testbench-core/src/Concerns/CreatesApplication.php:311
/var/www/html/vendor/orchestra/testbench-core/src/TestCase.php:121
/var/www/html/vendor/orchestra/testbench-core/src/Concerns/ApplicationTestingHooks.php:74
/var/www/html/vendor/orchestra/testbench-core/src/Concerns/Testing.php:43
/var/www/html/vendor/laravel/framework/src/Illuminate/Collections/helpers.php:236
/var/www/html/vendor/orchestra/sidekick/src/functions.php:87
/var/www/html/vendor/laravel/framework/src/Illuminate/Collections/helpers.php:236
/var/www/html/vendor/orchestra/testbench-core/src/Concerns/Testing.php:57
/var/www/html/vendor/orchestra/testbench-core/src/TestCase.php:50
/var/www/html/tests/TestCase.php:61
/var/www/html/tests/Unit/Registry/ToolRegistryTest.php:21</error>
        </testcase>
        <testcase name="test_tool_name_edge_cases" file="/var/www/html/tests/Unit/Registry/ToolRegistryTest.php" line="519" class="JTD\LaravelMCP\Tests\Unit\Registry\ToolRegistryTest" classname="JTD.LaravelMCP.Tests.Unit.Registry.ToolRegistryTest" assertions="0" time="0.000000">
          <error type="Exception">JTD\LaravelMCP\Tests\Unit\Registry\ToolRegistryTest::test_tool_name_edge_cases
Exception: The /var/www/html/vendor/orchestra/testbench-core/laravel/bootstrap/cache directory must be present and writable.

/var/www/html/vendor/laravel/framework/src/Illuminate/Foundation/PackageManifest.php:179
/var/www/html/vendor/orchestra/testbench-core/src/Foundation/PackageManifest.php:157
/var/www/html/vendor/laravel/framework/src/Illuminate/Foundation/PackageManifest.php:132
/var/www/html/vendor/laravel/framework/src/Illuminate/Foundation/PackageManifest.php:108
/var/www/html/vendor/orchestra/testbench-core/src/Foundation/PackageManifest.php:102
/var/www/html/vendor/laravel/framework/src/Illuminate/Foundation/PackageManifest.php:91
/var/www/html/vendor/laravel/framework/src/Illuminate/Foundation/PackageManifest.php:80
/var/www/html/vendor/laravel/framework/src/Illuminate/Foundation/Bootstrap/RegisterFacades.php:26
/var/www/html/vendor/orchestra/testbench-core/src/Concerns/CreatesApplication.php:556
/var/www/html/vendor/orchestra/testbench-core/src/Concerns/CreatesApplication.php:311
/var/www/html/vendor/orchestra/testbench-core/src/TestCase.php:121
/var/www/html/vendor/orchestra/testbench-core/src/Concerns/ApplicationTestingHooks.php:74
/var/www/html/vendor/orchestra/testbench-core/src/Concerns/Testing.php:43
/var/www/html/vendor/laravel/framework/src/Illuminate/Collections/helpers.php:236
/var/www/html/vendor/orchestra/sidekick/src/functions.php:87
/var/www/html/vendor/laravel/framework/src/Illuminate/Collections/helpers.php:236
/var/www/html/vendor/orchestra/testbench-core/src/Concerns/Testing.php:57
/var/www/html/vendor/orchestra/testbench-core/src/TestCase.php:50
/var/www/html/tests/TestCase.php:61
/var/www/html/tests/Unit/Registry/ToolRegistryTest.php:21</error>
        </testcase>
      </testsuite>
      <testsuite name="JTD\LaravelMCP\Tests\Unit\Server\CapabilityManagerTest" file="/var/www/html/tests/Unit/Server/CapabilityManagerTest.php" tests="20" assertions="0" errors="20" failures="0" skipped="0" time="0.000000">
        <testcase name="test_can_create_capability_manager_instance" file="/var/www/html/tests/Unit/Server/CapabilityManagerTest.php" line="31" class="JTD\LaravelMCP\Tests\Unit\Server\CapabilityManagerTest" classname="JTD.LaravelMCP.Tests.Unit.Server.CapabilityManagerTest" assertions="0" time="0.000000">
          <error type="Exception">JTD\LaravelMCP\Tests\Unit\Server\CapabilityManagerTest::test_can_create_capability_manager_instance
Exception: The /var/www/html/vendor/orchestra/testbench-core/laravel/bootstrap/cache directory must be present and writable.

/var/www/html/vendor/laravel/framework/src/Illuminate/Foundation/PackageManifest.php:179
/var/www/html/vendor/orchestra/testbench-core/src/Foundation/PackageManifest.php:157
/var/www/html/vendor/laravel/framework/src/Illuminate/Foundation/PackageManifest.php:132
/var/www/html/vendor/laravel/framework/src/Illuminate/Foundation/PackageManifest.php:108
/var/www/html/vendor/orchestra/testbench-core/src/Foundation/PackageManifest.php:102
/var/www/html/vendor/laravel/framework/src/Illuminate/Foundation/PackageManifest.php:91
/var/www/html/vendor/laravel/framework/src/Illuminate/Foundation/PackageManifest.php:80
/var/www/html/vendor/laravel/framework/src/Illuminate/Foundation/Bootstrap/RegisterFacades.php:26
/var/www/html/vendor/orchestra/testbench-core/src/Concerns/CreatesApplication.php:556
/var/www/html/vendor/orchestra/testbench-core/src/Concerns/CreatesApplication.php:311
/var/www/html/vendor/orchestra/testbench-core/src/TestCase.php:121
/var/www/html/vendor/orchestra/testbench-core/src/Concerns/ApplicationTestingHooks.php:74
/var/www/html/vendor/orchestra/testbench-core/src/Concerns/Testing.php:43
/var/www/html/vendor/laravel/framework/src/Illuminate/Collections/helpers.php:236
/var/www/html/vendor/orchestra/sidekick/src/functions.php:87
/var/www/html/vendor/laravel/framework/src/Illuminate/Collections/helpers.php:236
/var/www/html/vendor/orchestra/testbench-core/src/Concerns/Testing.php:57
/var/www/html/vendor/orchestra/testbench-core/src/TestCase.php:50
/var/www/html/tests/TestCase.php:61
/var/www/html/tests/Unit/Server/CapabilityManagerTest.php:19</error>
        </testcase>
        <testcase name="test_initializes_server_capabilities_from_config" file="/var/www/html/tests/Unit/Server/CapabilityManagerTest.php" line="36" class="JTD\LaravelMCP\Tests\Unit\Server\CapabilityManagerTest" classname="JTD.LaravelMCP.Tests.Unit.Server.CapabilityManagerTest" assertions="0" time="0.000000">
          <error type="Exception">JTD\LaravelMCP\Tests\Unit\Server\CapabilityManagerTest::test_initializes_server_capabilities_from_config
Exception: The /var/www/html/vendor/orchestra/testbench-core/laravel/bootstrap/cache directory must be present and writable.

/var/www/html/vendor/laravel/framework/src/Illuminate/Foundation/PackageManifest.php:179
/var/www/html/vendor/orchestra/testbench-core/src/Foundation/PackageManifest.php:157
/var/www/html/vendor/laravel/framework/src/Illuminate/Foundation/PackageManifest.php:132
/var/www/html/vendor/laravel/framework/src/Illuminate/Foundation/PackageManifest.php:108
/var/www/html/vendor/orchestra/testbench-core/src/Foundation/PackageManifest.php:102
/var/www/html/vendor/laravel/framework/src/Illuminate/Foundation/PackageManifest.php:91
/var/www/html/vendor/laravel/framework/src/Illuminate/Foundation/PackageManifest.php:80
/var/www/html/vendor/laravel/framework/src/Illuminate/Foundation/Bootstrap/RegisterFacades.php:26
/var/www/html/vendor/orchestra/testbench-core/src/Concerns/CreatesApplication.php:556
/var/www/html/vendor/orchestra/testbench-core/src/Concerns/CreatesApplication.php:311
/var/www/html/vendor/orchestra/testbench-core/src/TestCase.php:121
/var/www/html/vendor/orchestra/testbench-core/src/Concerns/ApplicationTestingHooks.php:74
/var/www/html/vendor/orchestra/testbench-core/src/Concerns/Testing.php:43
/var/www/html/vendor/laravel/framework/src/Illuminate/Collections/helpers.php:236
/var/www/html/vendor/orchestra/sidekick/src/functions.php:87
/var/www/html/vendor/laravel/framework/src/Illuminate/Collections/helpers.php:236
/var/www/html/vendor/orchestra/testbench-core/src/Concerns/Testing.php:57
/var/www/html/vendor/orchestra/testbench-core/src/TestCase.php:50
/var/www/html/tests/TestCase.php:61
/var/www/html/tests/Unit/Server/CapabilityManagerTest.php:19</error>
        </testcase>
        <testcase name="test_can_negotiate_capabilities_with_client" file="/var/www/html/tests/Unit/Server/CapabilityManagerTest.php" line="48" class="JTD\LaravelMCP\Tests\Unit\Server\CapabilityManagerTest" classname="JTD.LaravelMCP.Tests.Unit.Server.CapabilityManagerTest" assertions="0" time="0.000000">
          <error type="Exception">JTD\LaravelMCP\Tests\Unit\Server\CapabilityManagerTest::test_can_negotiate_capabilities_with_client
Exception: The /var/www/html/vendor/orchestra/testbench-core/laravel/bootstrap/cache directory must be present and writable.

/var/www/html/vendor/laravel/framework/src/Illuminate/Foundation/PackageManifest.php:179
/var/www/html/vendor/orchestra/testbench-core/src/Foundation/PackageManifest.php:157
/var/www/html/vendor/laravel/framework/src/Illuminate/Foundation/PackageManifest.php:132
/var/www/html/vendor/laravel/framework/src/Illuminate/Foundation/PackageManifest.php:108
/var/www/html/vendor/orchestra/testbench-core/src/Foundation/PackageManifest.php:102
/var/www/html/vendor/laravel/framework/src/Illuminate/Foundation/PackageManifest.php:91
/var/www/html/vendor/laravel/framework/src/Illuminate/Foundation/PackageManifest.php:80
/var/www/html/vendor/laravel/framework/src/Illuminate/Foundation/Bootstrap/RegisterFacades.php:26
/var/www/html/vendor/orchestra/testbench-core/src/Concerns/CreatesApplication.php:556
/var/www/html/vendor/orchestra/testbench-core/src/Concerns/CreatesApplication.php:311
/var/www/html/vendor/orchestra/testbench-core/src/TestCase.php:121
/var/www/html/vendor/orchestra/testbench-core/src/Concerns/ApplicationTestingHooks.php:74
/var/www/html/vendor/orchestra/testbench-core/src/Concerns/Testing.php:43
/var/www/html/vendor/laravel/framework/src/Illuminate/Collections/helpers.php:236
/var/www/html/vendor/orchestra/sidekick/src/functions.php:87
/var/www/html/vendor/laravel/framework/src/Illuminate/Collections/helpers.php:236
/var/www/html/vendor/orchestra/testbench-core/src/Concerns/Testing.php:57
/var/www/html/vendor/orchestra/testbench-core/src/TestCase.php:50
/var/www/html/tests/TestCase.php:61
/var/www/html/tests/Unit/Server/CapabilityManagerTest.php:19</error>
        </testcase>
        <testcase name="test_adjusts_capabilities_for_empty_components" file="/var/www/html/tests/Unit/Server/CapabilityManagerTest.php" line="68" class="JTD\LaravelMCP\Tests\Unit\Server\CapabilityManagerTest" classname="JTD.LaravelMCP.Tests.Unit.Server.CapabilityManagerTest" assertions="0" time="0.000000">
          <error type="Exception">JTD\LaravelMCP\Tests\Unit\Server\CapabilityManagerTest::test_adjusts_capabilities_for_empty_components
Exception: The /var/www/html/vendor/orchestra/testbench-core/laravel/bootstrap/cache directory must be present and writable.

/var/www/html/vendor/laravel/framework/src/Illuminate/Foundation/PackageManifest.php:179
/var/www/html/vendor/orchestra/testbench-core/src/Foundation/PackageManifest.php:157
/var/www/html/vendor/laravel/framework/src/Illuminate/Foundation/PackageManifest.php:132
/var/www/html/vendor/laravel/framework/src/Illuminate/Foundation/PackageManifest.php:108
/var/www/html/vendor/orchestra/testbench-core/src/Foundation/PackageManifest.php:102
/var/www/html/vendor/laravel/framework/src/Illuminate/Foundation/PackageManifest.php:91
/var/www/html/vendor/laravel/framework/src/Illuminate/Foundation/PackageManifest.php:80
/var/www/html/vendor/laravel/framework/src/Illuminate/Foundation/Bootstrap/RegisterFacades.php:26
/var/www/html/vendor/orchestra/testbench-core/src/Concerns/CreatesApplication.php:556
/var/www/html/vendor/orchestra/testbench-core/src/Concerns/CreatesApplication.php:311
/var/www/html/vendor/orchestra/testbench-core/src/TestCase.php:121
/var/www/html/vendor/orchestra/testbench-core/src/Concerns/ApplicationTestingHooks.php:74
/var/www/html/vendor/orchestra/testbench-core/src/Concerns/Testing.php:43
/var/www/html/vendor/laravel/framework/src/Illuminate/Collections/helpers.php:236
/var/www/html/vendor/orchestra/sidekick/src/functions.php:87
/var/www/html/vendor/laravel/framework/src/Illuminate/Collections/helpers.php:236
/var/www/html/vendor/orchestra/testbench-core/src/Concerns/Testing.php:57
/var/www/html/vendor/orchestra/testbench-core/src/TestCase.php:50
/var/www/html/tests/TestCase.php:61
/var/www/html/tests/Unit/Server/CapabilityManagerTest.php:19</error>
        </testcase>
        <testcase name="test_can_check_if_capability_is_enabled" file="/var/www/html/tests/Unit/Server/CapabilityManagerTest.php" line="87" class="JTD\LaravelMCP\Tests\Unit\Server\CapabilityManagerTest" classname="JTD.LaravelMCP.Tests.Unit.Server.CapabilityManagerTest" assertions="0" time="0.000000">
          <error type="Exception">JTD\LaravelMCP\Tests\Unit\Server\CapabilityManagerTest::test_can_check_if_capability_is_enabled
Exception: The /var/www/html/vendor/orchestra/testbench-core/laravel/bootstrap/cache directory must be present and writable.

/var/www/html/vendor/laravel/framework/src/Illuminate/Foundation/PackageManifest.php:179
/var/www/html/vendor/orchestra/testbench-core/src/Foundation/PackageManifest.php:157
/var/www/html/vendor/laravel/framework/src/Illuminate/Foundation/PackageManifest.php:132
/var/www/html/vendor/laravel/framework/src/Illuminate/Foundation/PackageManifest.php:108
/var/www/html/vendor/orchestra/testbench-core/src/Foundation/PackageManifest.php:102
/var/www/html/vendor/laravel/framework/src/Illuminate/Foundation/PackageManifest.php:91
/var/www/html/vendor/laravel/framework/src/Illuminate/Foundation/PackageManifest.php:80
/var/www/html/vendor/laravel/framework/src/Illuminate/Foundation/Bootstrap/RegisterFacades.php:26
/var/www/html/vendor/orchestra/testbench-core/src/Concerns/CreatesApplication.php:556
/var/www/html/vendor/orchestra/testbench-core/src/Concerns/CreatesApplication.php:311
/var/www/html/vendor/orchestra/testbench-core/src/TestCase.php:121
/var/www/html/vendor/orchestra/testbench-core/src/Concerns/ApplicationTestingHooks.php:74
/var/www/html/vendor/orchestra/testbench-core/src/Concerns/Testing.php:43
/var/www/html/vendor/laravel/framework/src/Illuminate/Collections/helpers.php:236
/var/www/html/vendor/orchestra/sidekick/src/functions.php:87
/var/www/html/vendor/laravel/framework/src/Illuminate/Collections/helpers.php:236
/var/www/html/vendor/orchestra/testbench-core/src/Concerns/Testing.php:57
/var/www/html/vendor/orchestra/testbench-core/src/TestCase.php:50
/var/www/html/tests/TestCase.php:61
/var/www/html/tests/Unit/Server/CapabilityManagerTest.php:19</error>
        </testcase>
        <testcase name="test_can_check_if_feature_is_enabled" file="/var/www/html/tests/Unit/Server/CapabilityManagerTest.php" line="101" class="JTD\LaravelMCP\Tests\Unit\Server\CapabilityManagerTest" classname="JTD.LaravelMCP.Tests.Unit.Server.CapabilityManagerTest" assertions="0" time="0.000000">
          <error type="Exception">JTD\LaravelMCP\Tests\Unit\Server\CapabilityManagerTest::test_can_check_if_feature_is_enabled
Exception: The /var/www/html/vendor/orchestra/testbench-core/laravel/bootstrap/cache directory must be present and writable.

/var/www/html/vendor/laravel/framework/src/Illuminate/Foundation/PackageManifest.php:179
/var/www/html/vendor/orchestra/testbench-core/src/Foundation/PackageManifest.php:157
/var/www/html/vendor/laravel/framework/src/Illuminate/Foundation/PackageManifest.php:132
/var/www/html/vendor/laravel/framework/src/Illuminate/Foundation/PackageManifest.php:108
/var/www/html/vendor/orchestra/testbench-core/src/Foundation/PackageManifest.php:102
/var/www/html/vendor/laravel/framework/src/Illuminate/Foundation/PackageManifest.php:91
/var/www/html/vendor/laravel/framework/src/Illuminate/Foundation/PackageManifest.php:80
/var/www/html/vendor/laravel/framework/src/Illuminate/Foundation/Bootstrap/RegisterFacades.php:26
/var/www/html/vendor/orchestra/testbench-core/src/Concerns/CreatesApplication.php:556
/var/www/html/vendor/orchestra/testbench-core/src/Concerns/CreatesApplication.php:311
/var/www/html/vendor/orchestra/testbench-core/src/TestCase.php:121
/var/www/html/vendor/orchestra/testbench-core/src/Concerns/ApplicationTestingHooks.php:74
/var/www/html/vendor/orchestra/testbench-core/src/Concerns/Testing.php:43
/var/www/html/vendor/laravel/framework/src/Illuminate/Collections/helpers.php:236
/var/www/html/vendor/orchestra/sidekick/src/functions.php:87
/var/www/html/vendor/laravel/framework/src/Illuminate/Collections/helpers.php:236
/var/www/html/vendor/orchestra/testbench-core/src/Concerns/Testing.php:57
/var/www/html/vendor/orchestra/testbench-core/src/TestCase.php:50
/var/www/html/tests/TestCase.php:61
/var/www/html/tests/Unit/Server/CapabilityManagerTest.php:19</error>
        </testcase>
        <testcase name="test_can_get_capability_info" file="/var/www/html/tests/Unit/Server/CapabilityManagerTest.php" line="119" class="JTD\LaravelMCP\Tests\Unit\Server\CapabilityManagerTest" classname="JTD.LaravelMCP.Tests.Unit.Server.CapabilityManagerTest" assertions="0" time="0.000000">
          <error type="Exception">JTD\LaravelMCP\Tests\Unit\Server\CapabilityManagerTest::test_can_get_capability_info
Exception: The /var/www/html/vendor/orchestra/testbench-core/laravel/bootstrap/cache directory must be present and writable.

/var/www/html/vendor/laravel/framework/src/Illuminate/Foundation/PackageManifest.php:179
/var/www/html/vendor/orchestra/testbench-core/src/Foundation/PackageManifest.php:157
/var/www/html/vendor/laravel/framework/src/Illuminate/Foundation/PackageManifest.php:132
/var/www/html/vendor/laravel/framework/src/Illuminate/Foundation/PackageManifest.php:108
/var/www/html/vendor/orchestra/testbench-core/src/Foundation/PackageManifest.php:102
/var/www/html/vendor/laravel/framework/src/Illuminate/Foundation/PackageManifest.php:91
/var/www/html/vendor/laravel/framework/src/Illuminate/Foundation/PackageManifest.php:80
/var/www/html/vendor/laravel/framework/src/Illuminate/Foundation/Bootstrap/RegisterFacades.php:26
/var/www/html/vendor/orchestra/testbench-core/src/Concerns/CreatesApplication.php:556
/var/www/html/vendor/orchestra/testbench-core/src/Concerns/CreatesApplication.php:311
/var/www/html/vendor/orchestra/testbench-core/src/TestCase.php:121
/var/www/html/vendor/orchestra/testbench-core/src/Concerns/ApplicationTestingHooks.php:74
/var/www/html/vendor/orchestra/testbench-core/src/Concerns/Testing.php:43
/var/www/html/vendor/laravel/framework/src/Illuminate/Collections/helpers.php:236
/var/www/html/vendor/orchestra/sidekick/src/functions.php:87
/var/www/html/vendor/laravel/framework/src/Illuminate/Collections/helpers.php:236
/var/www/html/vendor/orchestra/testbench-core/src/Concerns/Testing.php:57
/var/www/html/vendor/orchestra/testbench-core/src/TestCase.php:50
/var/www/html/tests/TestCase.php:61
/var/www/html/tests/Unit/Server/CapabilityManagerTest.php:19</error>
        </testcase>
        <testcase name="test_can_update_server_capabilities_before_negotiation" file="/var/www/html/tests/Unit/Server/CapabilityManagerTest.php" line="135" class="JTD\LaravelMCP\Tests\Unit\Server\CapabilityManagerTest" classname="JTD.LaravelMCP.Tests.Unit.Server.CapabilityManagerTest" assertions="0" time="0.000000">
          <error type="Exception">JTD\LaravelMCP\Tests\Unit\Server\CapabilityManagerTest::test_can_update_server_capabilities_before_negotiation
Exception: The /var/www/html/vendor/orchestra/testbench-core/laravel/bootstrap/cache directory must be present and writable.

/var/www/html/vendor/laravel/framework/src/Illuminate/Foundation/PackageManifest.php:179
/var/www/html/vendor/orchestra/testbench-core/src/Foundation/PackageManifest.php:157
/var/www/html/vendor/laravel/framework/src/Illuminate/Foundation/PackageManifest.php:132
/var/www/html/vendor/laravel/framework/src/Illuminate/Foundation/PackageManifest.php:108
/var/www/html/vendor/orchestra/testbench-core/src/Foundation/PackageManifest.php:102
/var/www/html/vendor/laravel/framework/src/Illuminate/Foundation/PackageManifest.php:91
/var/www/html/vendor/laravel/framework/src/Illuminate/Foundation/PackageManifest.php:80
/var/www/html/vendor/laravel/framework/src/Illuminate/Foundation/Bootstrap/RegisterFacades.php:26
/var/www/html/vendor/orchestra/testbench-core/src/Concerns/CreatesApplication.php:556
/var/www/html/vendor/orchestra/testbench-core/src/Concerns/CreatesApplication.php:311
/var/www/html/vendor/orchestra/testbench-core/src/TestCase.php:121
/var/www/html/vendor/orchestra/testbench-core/src/Concerns/ApplicationTestingHooks.php:74
/var/www/html/vendor/orchestra/testbench-core/src/Concerns/Testing.php:43
/var/www/html/vendor/laravel/framework/src/Illuminate/Collections/helpers.php:236
/var/www/html/vendor/orchestra/sidekick/src/functions.php:87
/var/www/html/vendor/laravel/framework/src/Illuminate/Collections/helpers.php:236
/var/www/html/vendor/orchestra/testbench-core/src/Concerns/Testing.php:57
/var/www/html/vendor/orchestra/testbench-core/src/TestCase.php:50
/var/www/html/tests/TestCase.php:61
/var/www/html/tests/Unit/Server/CapabilityManagerTest.php:19</error>
        </testcase>
        <testcase name="test_cannot_update_capabilities_after_negotiation" file="/var/www/html/tests/Unit/Server/CapabilityManagerTest.php" line="148" class="JTD\LaravelMCP\Tests\Unit\Server\CapabilityManagerTest" classname="JTD.LaravelMCP.Tests.Unit.Server.CapabilityManagerTest" assertions="0" time="0.000000">
          <error type="Exception">JTD\LaravelMCP\Tests\Unit\Server\CapabilityManagerTest::test_cannot_update_capabilities_after_negotiation
Exception: The /var/www/html/vendor/orchestra/testbench-core/laravel/bootstrap/cache directory must be present and writable.

/var/www/html/vendor/laravel/framework/src/Illuminate/Foundation/PackageManifest.php:179
/var/www/html/vendor/orchestra/testbench-core/src/Foundation/PackageManifest.php:157
/var/www/html/vendor/laravel/framework/src/Illuminate/Foundation/PackageManifest.php:132
/var/www/html/vendor/laravel/framework/src/Illuminate/Foundation/PackageManifest.php:108
/var/www/html/vendor/orchestra/testbench-core/src/Foundation/PackageManifest.php:102
/var/www/html/vendor/laravel/framework/src/Illuminate/Foundation/PackageManifest.php:91
/var/www/html/vendor/laravel/framework/src/Illuminate/Foundation/PackageManifest.php:80
/var/www/html/vendor/laravel/framework/src/Illuminate/Foundation/Bootstrap/RegisterFacades.php:26
/var/www/html/vendor/orchestra/testbench-core/src/Concerns/CreatesApplication.php:556
/var/www/html/vendor/orchestra/testbench-core/src/Concerns/CreatesApplication.php:311
/var/www/html/vendor/orchestra/testbench-core/src/TestCase.php:121
/var/www/html/vendor/orchestra/testbench-core/src/Concerns/ApplicationTestingHooks.php:74
/var/www/html/vendor/orchestra/testbench-core/src/Concerns/Testing.php:43
/var/www/html/vendor/laravel/framework/src/Illuminate/Collections/helpers.php:236
/var/www/html/vendor/orchestra/sidekick/src/functions.php:87
/var/www/html/vendor/laravel/framework/src/Illuminate/Collections/helpers.php:236
/var/www/html/vendor/orchestra/testbench-core/src/Concerns/Testing.php:57
/var/www/html/vendor/orchestra/testbench-core/src/TestCase.php:50
/var/www/html/tests/TestCase.php:61
/var/www/html/tests/Unit/Server/CapabilityManagerTest.php:19</error>
        </testcase>
        <testcase name="test_can_reset_capabilities" file="/var/www/html/tests/Unit/Server/CapabilityManagerTest.php" line="163" class="JTD\LaravelMCP\Tests\Unit\Server\CapabilityManagerTest" classname="JTD.LaravelMCP.Tests.Unit.Server.CapabilityManagerTest" assertions="0" time="0.000000">
          <error type="Exception">JTD\LaravelMCP\Tests\Unit\Server\CapabilityManagerTest::test_can_reset_capabilities
Exception: The /var/www/html/vendor/orchestra/testbench-core/laravel/bootstrap/cache directory must be present and writable.

/var/www/html/vendor/laravel/framework/src/Illuminate/Foundation/PackageManifest.php:179
/var/www/html/vendor/orchestra/testbench-core/src/Foundation/PackageManifest.php:157
/var/www/html/vendor/laravel/framework/src/Illuminate/Foundation/PackageManifest.php:132
/var/www/html/vendor/laravel/framework/src/Illuminate/Foundation/PackageManifest.php:108
/var/www/html/vendor/orchestra/testbench-core/src/Foundation/PackageManifest.php:102
/var/www/html/vendor/laravel/framework/src/Illuminate/Foundation/PackageManifest.php:91
/var/www/html/vendor/laravel/framework/src/Illuminate/Foundation/PackageManifest.php:80
/var/www/html/vendor/laravel/framework/src/Illuminate/Foundation/Bootstrap/RegisterFacades.php:26
/var/www/html/vendor/orchestra/testbench-core/src/Concerns/CreatesApplication.php:556
/var/www/html/vendor/orchestra/testbench-core/src/Concerns/CreatesApplication.php:311
/var/www/html/vendor/orchestra/testbench-core/src/TestCase.php:121
/var/www/html/vendor/orchestra/testbench-core/src/Concerns/ApplicationTestingHooks.php:74
/var/www/html/vendor/orchestra/testbench-core/src/Concerns/Testing.php:43
/var/www/html/vendor/laravel/framework/src/Illuminate/Collections/helpers.php:236
/var/www/html/vendor/orchestra/sidekick/src/functions.php:87
/var/www/html/vendor/laravel/framework/src/Illuminate/Collections/helpers.php:236
/var/www/html/vendor/orchestra/testbench-core/src/Concerns/Testing.php:57
/var/www/html/vendor/orchestra/testbench-core/src/TestCase.php:50
/var/www/html/tests/TestCase.php:61
/var/www/html/tests/Unit/Server/CapabilityManagerTest.php:19</error>
        </testcase>
        <testcase name="test_can_lock_capabilities" file="/var/www/html/tests/Unit/Server/CapabilityManagerTest.php" line="180" class="JTD\LaravelMCP\Tests\Unit\Server\CapabilityManagerTest" classname="JTD.LaravelMCP.Tests.Unit.Server.CapabilityManagerTest" assertions="0" time="0.000000">
          <error type="Exception">JTD\LaravelMCP\Tests\Unit\Server\CapabilityManagerTest::test_can_lock_capabilities
Exception: The /var/www/html/vendor/orchestra/testbench-core/laravel/bootstrap/cache directory must be present and writable.

/var/www/html/vendor/laravel/framework/src/Illuminate/Foundation/PackageManifest.php:179
/var/www/html/vendor/orchestra/testbench-core/src/Foundation/PackageManifest.php:157
/var/www/html/vendor/laravel/framework/src/Illuminate/Foundation/PackageManifest.php:132
/var/www/html/vendor/laravel/framework/src/Illuminate/Foundation/PackageManifest.php:108
/var/www/html/vendor/orchestra/testbench-core/src/Foundation/PackageManifest.php:102
/var/www/html/vendor/laravel/framework/src/Illuminate/Foundation/PackageManifest.php:91
/var/www/html/vendor/laravel/framework/src/Illuminate/Foundation/PackageManifest.php:80
/var/www/html/vendor/laravel/framework/src/Illuminate/Foundation/Bootstrap/RegisterFacades.php:26
/var/www/html/vendor/orchestra/testbench-core/src/Concerns/CreatesApplication.php:556
/var/www/html/vendor/orchestra/testbench-core/src/Concerns/CreatesApplication.php:311
/var/www/html/vendor/orchestra/testbench-core/src/TestCase.php:121
/var/www/html/vendor/orchestra/testbench-core/src/Concerns/ApplicationTestingHooks.php:74
/var/www/html/vendor/orchestra/testbench-core/src/Concerns/Testing.php:43
/var/www/html/vendor/laravel/framework/src/Illuminate/Collections/helpers.php:236
/var/www/html/vendor/orchestra/sidekick/src/functions.php:87
/var/www/html/vendor/laravel/framework/src/Illuminate/Collections/helpers.php:236
/var/www/html/vendor/orchestra/testbench-core/src/Concerns/Testing.php:57
/var/www/html/vendor/orchestra/testbench-core/src/TestCase.php:50
/var/www/html/tests/TestCase.php:61
/var/www/html/tests/Unit/Server/CapabilityManagerTest.php:19</error>
        </testcase>
        <testcase name="test_validates_tools_capability" file="/var/www/html/tests/Unit/Server/CapabilityManagerTest.php" line="189" class="JTD\LaravelMCP\Tests\Unit\Server\CapabilityManagerTest" classname="JTD.LaravelMCP.Tests.Unit.Server.CapabilityManagerTest" assertions="0" time="0.000000">
          <error type="Exception">JTD\LaravelMCP\Tests\Unit\Server\CapabilityManagerTest::test_validates_tools_capability
Exception: The /var/www/html/vendor/orchestra/testbench-core/laravel/bootstrap/cache directory must be present and writable.

/var/www/html/vendor/laravel/framework/src/Illuminate/Foundation/PackageManifest.php:179
/var/www/html/vendor/orchestra/testbench-core/src/Foundation/PackageManifest.php:157
/var/www/html/vendor/laravel/framework/src/Illuminate/Foundation/PackageManifest.php:132
/var/www/html/vendor/laravel/framework/src/Illuminate/Foundation/PackageManifest.php:108
/var/www/html/vendor/orchestra/testbench-core/src/Foundation/PackageManifest.php:102
/var/www/html/vendor/laravel/framework/src/Illuminate/Foundation/PackageManifest.php:91
/var/www/html/vendor/laravel/framework/src/Illuminate/Foundation/PackageManifest.php:80
/var/www/html/vendor/laravel/framework/src/Illuminate/Foundation/Bootstrap/RegisterFacades.php:26
/var/www/html/vendor/orchestra/testbench-core/src/Concerns/CreatesApplication.php:556
/var/www/html/vendor/orchestra/testbench-core/src/Concerns/CreatesApplication.php:311
/var/www/html/vendor/orchestra/testbench-core/src/TestCase.php:121
/var/www/html/vendor/orchestra/testbench-core/src/Concerns/ApplicationTestingHooks.php:74
/var/www/html/vendor/orchestra/testbench-core/src/Concerns/Testing.php:43
/var/www/html/vendor/laravel/framework/src/Illuminate/Collections/helpers.php:236
/var/www/html/vendor/orchestra/sidekick/src/functions.php:87
/var/www/html/vendor/laravel/framework/src/Illuminate/Collections/helpers.php:236
/var/www/html/vendor/orchestra/testbench-core/src/Concerns/Testing.php:57
/var/www/html/vendor/orchestra/testbench-core/src/TestCase.php:50
/var/www/html/tests/TestCase.php:61
/var/www/html/tests/Unit/Server/CapabilityManagerTest.php:19</error>
        </testcase>
        <testcase name="test_validates_resources_capability" file="/var/www/html/tests/Unit/Server/CapabilityManagerTest.php" line="224" class="JTD\LaravelMCP\Tests\Unit\Server\CapabilityManagerTest" classname="JTD.LaravelMCP.Tests.Unit.Server.CapabilityManagerTest" assertions="0" time="0.000000">
          <error type="Exception">JTD\LaravelMCP\Tests\Unit\Server\CapabilityManagerTest::test_validates_resources_capability
Exception: The /var/www/html/vendor/orchestra/testbench-core/laravel/bootstrap/cache directory must be present and writable.

/var/www/html/vendor/laravel/framework/src/Illuminate/Foundation/PackageManifest.php:179
/var/www/html/vendor/orchestra/testbench-core/src/Foundation/PackageManifest.php:157
/var/www/html/vendor/laravel/framework/src/Illuminate/Foundation/PackageManifest.php:132
/var/www/html/vendor/laravel/framework/src/Illuminate/Foundation/PackageManifest.php:108
/var/www/html/vendor/orchestra/testbench-core/src/Foundation/PackageManifest.php:102
/var/www/html/vendor/laravel/framework/src/Illuminate/Foundation/PackageManifest.php:91
/var/www/html/vendor/laravel/framework/src/Illuminate/Foundation/PackageManifest.php:80
/var/www/html/vendor/laravel/framework/src/Illuminate/Foundation/Bootstrap/RegisterFacades.php:26
/var/www/html/vendor/orchestra/testbench-core/src/Concerns/CreatesApplication.php:556
/var/www/html/vendor/orchestra/testbench-core/src/Concerns/CreatesApplication.php:311
/var/www/html/vendor/orchestra/testbench-core/src/TestCase.php:121
/var/www/html/vendor/orchestra/testbench-core/src/Concerns/ApplicationTestingHooks.php:74
/var/www/html/vendor/orchestra/testbench-core/src/Concerns/Testing.php:43
/var/www/html/vendor/laravel/framework/src/Illuminate/Collections/helpers.php:236
/var/www/html/vendor/orchestra/sidekick/src/functions.php:87
/var/www/html/vendor/laravel/framework/src/Illuminate/Collections/helpers.php:236
/var/www/html/vendor/orchestra/testbench-core/src/Concerns/Testing.php:57
/var/www/html/vendor/orchestra/testbench-core/src/TestCase.php:50
/var/www/html/tests/TestCase.php:61
/var/www/html/tests/Unit/Server/CapabilityManagerTest.php:19</error>
        </testcase>
        <testcase name="test_validates_logging_capability" file="/var/www/html/tests/Unit/Server/CapabilityManagerTest.php" line="238" class="JTD\LaravelMCP\Tests\Unit\Server\CapabilityManagerTest" classname="JTD.LaravelMCP.Tests.Unit.Server.CapabilityManagerTest" assertions="0" time="0.000000">
          <error type="Exception">JTD\LaravelMCP\Tests\Unit\Server\CapabilityManagerTest::test_validates_logging_capability
Exception: The /var/www/html/vendor/orchestra/testbench-core/laravel/bootstrap/cache directory must be present and writable.

/var/www/html/vendor/laravel/framework/src/Illuminate/Foundation/PackageManifest.php:179
/var/www/html/vendor/orchestra/testbench-core/src/Foundation/PackageManifest.php:157
/var/www/html/vendor/laravel/framework/src/Illuminate/Foundation/PackageManifest.php:132
/var/www/html/vendor/laravel/framework/src/Illuminate/Foundation/PackageManifest.php:108
/var/www/html/vendor/orchestra/testbench-core/src/Foundation/PackageManifest.php:102
/var/www/html/vendor/laravel/framework/src/Illuminate/Foundation/PackageManifest.php:91
/var/www/html/vendor/laravel/framework/src/Illuminate/Foundation/PackageManifest.php:80
/var/www/html/vendor/laravel/framework/src/Illuminate/Foundation/Bootstrap/RegisterFacades.php:26
/var/www/html/vendor/orchestra/testbench-core/src/Concerns/CreatesApplication.php:556
/var/www/html/vendor/orchestra/testbench-core/src/Concerns/CreatesApplication.php:311
/var/www/html/vendor/orchestra/testbench-core/src/TestCase.php:121
/var/www/html/vendor/orchestra/testbench-core/src/Concerns/ApplicationTestingHooks.php:74
/var/www/html/vendor/orchestra/testbench-core/src/Concerns/Testing.php:43
/var/www/html/vendor/laravel/framework/src/Illuminate/Collections/helpers.php:236
/var/www/html/vendor/orchestra/sidekick/src/functions.php:87
/var/www/html/vendor/laravel/framework/src/Illuminate/Collections/helpers.php:236
/var/www/html/vendor/orchestra/testbench-core/src/Concerns/Testing.php:57
/var/www/html/vendor/orchestra/testbench-core/src/TestCase.php:50
/var/www/html/tests/TestCase.php:61
/var/www/html/tests/Unit/Server/CapabilityManagerTest.php:19</error>
        </testcase>
        <testcase name="test_gets_mcp10_requirements" file="/var/www/html/tests/Unit/Server/CapabilityManagerTest.php" line="266" class="JTD\LaravelMCP\Tests\Unit\Server\CapabilityManagerTest" classname="JTD.LaravelMCP.Tests.Unit.Server.CapabilityManagerTest" assertions="0" time="0.000000">
          <error type="Exception">JTD\LaravelMCP\Tests\Unit\Server\CapabilityManagerTest::test_gets_mcp10_requirements
Exception: The /var/www/html/vendor/orchestra/testbench-core/laravel/bootstrap/cache directory must be present and writable.

/var/www/html/vendor/laravel/framework/src/Illuminate/Foundation/PackageManifest.php:179
/var/www/html/vendor/orchestra/testbench-core/src/Foundation/PackageManifest.php:157
/var/www/html/vendor/laravel/framework/src/Illuminate/Foundation/PackageManifest.php:132
/var/www/html/vendor/laravel/framework/src/Illuminate/Foundation/PackageManifest.php:108
/var/www/html/vendor/orchestra/testbench-core/src/Foundation/PackageManifest.php:102
/var/www/html/vendor/laravel/framework/src/Illuminate/Foundation/PackageManifest.php:91
/var/www/html/vendor/laravel/framework/src/Illuminate/Foundation/PackageManifest.php:80
/var/www/html/vendor/laravel/framework/src/Illuminate/Foundation/Bootstrap/RegisterFacades.php:26
/var/www/html/vendor/orchestra/testbench-core/src/Concerns/CreatesApplication.php:556
/var/www/html/vendor/orchestra/testbench-core/src/Concerns/CreatesApplication.php:311
/var/www/html/vendor/orchestra/testbench-core/src/TestCase.php:121
/var/www/html/vendor/orchestra/testbench-core/src/Concerns/ApplicationTestingHooks.php:74
/var/www/html/vendor/orchestra/testbench-core/src/Concerns/Testing.php:43
/var/www/html/vendor/laravel/framework/src/Illuminate/Collections/helpers.php:236
/var/www/html/vendor/orchestra/sidekick/src/functions.php:87
/var/www/html/vendor/laravel/framework/src/Illuminate/Collections/helpers.php:236
/var/www/html/vendor/orchestra/testbench-core/src/Concerns/Testing.php:57
/var/www/html/vendor/orchestra/testbench-core/src/TestCase.php:50
/var/www/html/tests/TestCase.php:61
/var/www/html/tests/Unit/Server/CapabilityManagerTest.php:19</error>
        </testcase>
        <testcase name="test_validates_mcp10_compliance" file="/var/www/html/tests/Unit/Server/CapabilityManagerTest.php" line="283" class="JTD\LaravelMCP\Tests\Unit\Server\CapabilityManagerTest" classname="JTD.LaravelMCP.Tests.Unit.Server.CapabilityManagerTest" assertions="0" time="0.000000">
          <error type="Exception">JTD\LaravelMCP\Tests\Unit\Server\CapabilityManagerTest::test_validates_mcp10_compliance
Exception: The /var/www/html/vendor/orchestra/testbench-core/laravel/bootstrap/cache directory must be present and writable.

/var/www/html/vendor/laravel/framework/src/Illuminate/Foundation/PackageManifest.php:179
/var/www/html/vendor/orchestra/testbench-core/src/Foundation/PackageManifest.php:157
/var/www/html/vendor/laravel/framework/src/Illuminate/Foundation/PackageManifest.php:132
/var/www/html/vendor/laravel/framework/src/Illuminate/Foundation/PackageManifest.php:108
/var/www/html/vendor/orchestra/testbench-core/src/Foundation/PackageManifest.php:102
/var/www/html/vendor/laravel/framework/src/Illuminate/Foundation/PackageManifest.php:91
/var/www/html/vendor/laravel/framework/src/Illuminate/Foundation/PackageManifest.php:80
/var/www/html/vendor/laravel/framework/src/Illuminate/Foundation/Bootstrap/RegisterFacades.php:26
/var/www/html/vendor/orchestra/testbench-core/src/Concerns/CreatesApplication.php:556
/var/www/html/vendor/orchestra/testbench-core/src/Concerns/CreatesApplication.php:311
/var/www/html/vendor/orchestra/testbench-core/src/TestCase.php:121
/var/www/html/vendor/orchestra/testbench-core/src/Concerns/ApplicationTestingHooks.php:74
/var/www/html/vendor/orchestra/testbench-core/src/Concerns/Testing.php:43
/var/www/html/vendor/laravel/framework/src/Illuminate/Collections/helpers.php:236
/var/www/html/vendor/orchestra/sidekick/src/functions.php:87
/var/www/html/vendor/laravel/framework/src/Illuminate/Collections/helpers.php:236
/var/www/html/vendor/orchestra/testbench-core/src/Concerns/Testing.php:57
/var/www/html/vendor/orchestra/testbench-core/src/TestCase.php:50
/var/www/html/tests/TestCase.php:61
/var/www/html/tests/Unit/Server/CapabilityManagerTest.php:19</error>
        </testcase>
        <testcase name="test_creates_dynamic_capabilities" file="/var/www/html/tests/Unit/Server/CapabilityManagerTest.php" line="306" class="JTD\LaravelMCP\Tests\Unit\Server\CapabilityManagerTest" classname="JTD.LaravelMCP.Tests.Unit.Server.CapabilityManagerTest" assertions="0" time="0.000000">
          <error type="Exception">JTD\LaravelMCP\Tests\Unit\Server\CapabilityManagerTest::test_creates_dynamic_capabilities
Exception: The /var/www/html/vendor/orchestra/testbench-core/laravel/bootstrap/cache directory must be present and writable.

/var/www/html/vendor/laravel/framework/src/Illuminate/Foundation/PackageManifest.php:179
/var/www/html/vendor/orchestra/testbench-core/src/Foundation/PackageManifest.php:157
/var/www/html/vendor/laravel/framework/src/Illuminate/Foundation/PackageManifest.php:132
/var/www/html/vendor/laravel/framework/src/Illuminate/Foundation/PackageManifest.php:108
/var/www/html/vendor/orchestra/testbench-core/src/Foundation/PackageManifest.php:102
/var/www/html/vendor/laravel/framework/src/Illuminate/Foundation/PackageManifest.php:91
/var/www/html/vendor/laravel/framework/src/Illuminate/Foundation/PackageManifest.php:80
/var/www/html/vendor/laravel/framework/src/Illuminate/Foundation/Bootstrap/RegisterFacades.php:26
/var/www/html/vendor/orchestra/testbench-core/src/Concerns/CreatesApplication.php:556
/var/www/html/vendor/orchestra/testbench-core/src/Concerns/CreatesApplication.php:311
/var/www/html/vendor/orchestra/testbench-core/src/TestCase.php:121
/var/www/html/vendor/orchestra/testbench-core/src/Concerns/ApplicationTestingHooks.php:74
/var/www/html/vendor/orchestra/testbench-core/src/Concerns/Testing.php:43
/var/www/html/vendor/laravel/framework/src/Illuminate/Collections/helpers.php:236
/var/www/html/vendor/orchestra/sidekick/src/functions.php:87
/var/www/html/vendor/laravel/framework/src/Illuminate/Collections/helpers.php:236
/var/www/html/vendor/orchestra/testbench-core/src/Concerns/Testing.php:57
/var/www/html/vendor/orchestra/testbench-core/src/TestCase.php:50
/var/www/html/tests/TestCase.php:61
/var/www/html/tests/Unit/Server/CapabilityManagerTest.php:19</error>
        </testcase>
        <testcase name="test_gets_detailed_capability_info" file="/var/www/html/tests/Unit/Server/CapabilityManagerTest.php" line="320" class="JTD\LaravelMCP\Tests\Unit\Server\CapabilityManagerTest" classname="JTD.LaravelMCP.Tests.Unit.Server.CapabilityManagerTest" assertions="0" time="0.000000">
          <error type="Exception">JTD\LaravelMCP\Tests\Unit\Server\CapabilityManagerTest::test_gets_detailed_capability_info
Exception: The /var/www/html/vendor/orchestra/testbench-core/laravel/bootstrap/cache directory must be present and writable.

/var/www/html/vendor/laravel/framework/src/Illuminate/Foundation/PackageManifest.php:179
/var/www/html/vendor/orchestra/testbench-core/src/Foundation/PackageManifest.php:157
/var/www/html/vendor/laravel/framework/src/Illuminate/Foundation/PackageManifest.php:132
/var/www/html/vendor/laravel/framework/src/Illuminate/Foundation/PackageManifest.php:108
/var/www/html/vendor/orchestra/testbench-core/src/Foundation/PackageManifest.php:102
/var/www/html/vendor/laravel/framework/src/Illuminate/Foundation/PackageManifest.php:91
/var/www/html/vendor/laravel/framework/src/Illuminate/Foundation/PackageManifest.php:80
/var/www/html/vendor/laravel/framework/src/Illuminate/Foundation/Bootstrap/RegisterFacades.php:26
/var/www/html/vendor/orchestra/testbench-core/src/Concerns/CreatesApplication.php:556
/var/www/html/vendor/orchestra/testbench-core/src/Concerns/CreatesApplication.php:311
/var/www/html/vendor/orchestra/testbench-core/src/TestCase.php:121
/var/www/html/vendor/orchestra/testbench-core/src/Concerns/ApplicationTestingHooks.php:74
/var/www/html/vendor/orchestra/testbench-core/src/Concerns/Testing.php:43
/var/www/html/vendor/laravel/framework/src/Illuminate/Collections/helpers.php:236
/var/www/html/vendor/orchestra/sidekick/src/functions.php:87
/var/www/html/vendor/laravel/framework/src/Illuminate/Collections/helpers.php:236
/var/www/html/vendor/orchestra/testbench-core/src/Concerns/Testing.php:57
/var/www/html/vendor/orchestra/testbench-core/src/TestCase.php:50
/var/www/html/tests/TestCase.php:61
/var/www/html/tests/Unit/Server/CapabilityManagerTest.php:19</error>
        </testcase>
        <testcase name="test_prevents_double_negotiation" file="/var/www/html/tests/Unit/Server/CapabilityManagerTest.php" line="340" class="JTD\LaravelMCP\Tests\Unit\Server\CapabilityManagerTest" classname="JTD.LaravelMCP.Tests.Unit.Server.CapabilityManagerTest" assertions="0" time="0.000000">
          <error type="Exception">JTD\LaravelMCP\Tests\Unit\Server\CapabilityManagerTest::test_prevents_double_negotiation
Exception: The /var/www/html/vendor/orchestra/testbench-core/laravel/bootstrap/cache directory must be present and writable.

/var/www/html/vendor/laravel/framework/src/Illuminate/Foundation/PackageManifest.php:179
/var/www/html/vendor/orchestra/testbench-core/src/Foundation/PackageManifest.php:157
/var/www/html/vendor/laravel/framework/src/Illuminate/Foundation/PackageManifest.php:132
/var/www/html/vendor/laravel/framework/src/Illuminate/Foundation/PackageManifest.php:108
/var/www/html/vendor/orchestra/testbench-core/src/Foundation/PackageManifest.php:102
/var/www/html/vendor/laravel/framework/src/Illuminate/Foundation/PackageManifest.php:91
/var/www/html/vendor/laravel/framework/src/Illuminate/Foundation/PackageManifest.php:80
/var/www/html/vendor/laravel/framework/src/Illuminate/Foundation/Bootstrap/RegisterFacades.php:26
/var/www/html/vendor/orchestra/testbench-core/src/Concerns/CreatesApplication.php:556
/var/www/html/vendor/orchestra/testbench-core/src/Concerns/CreatesApplication.php:311
/var/www/html/vendor/orchestra/testbench-core/src/TestCase.php:121
/var/www/html/vendor/orchestra/testbench-core/src/Concerns/ApplicationTestingHooks.php:74
/var/www/html/vendor/orchestra/testbench-core/src/Concerns/Testing.php:43
/var/www/html/vendor/laravel/framework/src/Illuminate/Collections/helpers.php:236
/var/www/html/vendor/orchestra/sidekick/src/functions.php:87
/var/www/html/vendor/laravel/framework/src/Illuminate/Collections/helpers.php:236
/var/www/html/vendor/orchestra/testbench-core/src/Concerns/Testing.php:57
/var/www/html/vendor/orchestra/testbench-core/src/TestCase.php:50
/var/www/html/tests/TestCase.php:61
/var/www/html/tests/Unit/Server/CapabilityManagerTest.php:19</error>
        </testcase>
        <testcase name="test_creates_minimal_capabilities_when_empty" file="/var/www/html/tests/Unit/Server/CapabilityManagerTest.php" line="354" class="JTD\LaravelMCP\Tests\Unit\Server\CapabilityManagerTest" classname="JTD.LaravelMCP.Tests.Unit.Server.CapabilityManagerTest" assertions="0" time="0.000000">
          <error type="Exception">JTD\LaravelMCP\Tests\Unit\Server\CapabilityManagerTest::test_creates_minimal_capabilities_when_empty
Exception: The /var/www/html/vendor/orchestra/testbench-core/laravel/bootstrap/cache directory must be present and writable.

/var/www/html/vendor/laravel/framework/src/Illuminate/Foundation/PackageManifest.php:179
/var/www/html/vendor/orchestra/testbench-core/src/Foundation/PackageManifest.php:157
/var/www/html/vendor/laravel/framework/src/Illuminate/Foundation/PackageManifest.php:132
/var/www/html/vendor/laravel/framework/src/Illuminate/Foundation/PackageManifest.php:108
/var/www/html/vendor/orchestra/testbench-core/src/Foundation/PackageManifest.php:102
/var/www/html/vendor/laravel/framework/src/Illuminate/Foundation/PackageManifest.php:91
/var/www/html/vendor/laravel/framework/src/Illuminate/Foundation/PackageManifest.php:80
/var/www/html/vendor/laravel/framework/src/Illuminate/Foundation/Bootstrap/RegisterFacades.php:26
/var/www/html/vendor/orchestra/testbench-core/src/Concerns/CreatesApplication.php:556
/var/www/html/vendor/orchestra/testbench-core/src/Concerns/CreatesApplication.php:311
/var/www/html/vendor/orchestra/testbench-core/src/TestCase.php:121
/var/www/html/vendor/orchestra/testbench-core/src/Concerns/ApplicationTestingHooks.php:74
/var/www/html/vendor/orchestra/testbench-core/src/Concerns/Testing.php:43
/var/www/html/vendor/laravel/framework/src/Illuminate/Collections/helpers.php:236
/var/www/html/vendor/orchestra/sidekick/src/functions.php:87
/var/www/html/vendor/laravel/framework/src/Illuminate/Collections/helpers.php:236
/var/www/html/vendor/orchestra/testbench-core/src/Concerns/Testing.php:57
/var/www/html/vendor/orchestra/testbench-core/src/TestCase.php:50
/var/www/html/tests/TestCase.php:61
/var/www/html/tests/Unit/Server/CapabilityManagerTest.php:19</error>
        </testcase>
      </testsuite>
      <testsuite name="JTD\LaravelMCP\Tests\Unit\Server\Handlers\BaseHandlerTest" file="/var/www/html/tests/Unit/Server/Handlers/BaseHandlerTest.php" tests="34" assertions="0" errors="34" failures="0" skipped="0" time="0.000000">
        <testcase name="constructor_sets_handler_name_and_debug_mode" file="/var/www/html/tests/Unit/Server/Handlers/BaseHandlerTest.php" line="41" class="JTD\LaravelMCP\Tests\Unit\Server\Handlers\BaseHandlerTest" classname="JTD.LaravelMCP.Tests.Unit.Server.Handlers.BaseHandlerTest" assertions="0" time="0.000000">
          <error type="Exception">JTD\LaravelMCP\Tests\Unit\Server\Handlers\BaseHandlerTest::constructor_sets_handler_name_and_debug_mode
Exception: The /var/www/html/vendor/orchestra/testbench-core/laravel/bootstrap/cache directory must be present and writable.

/var/www/html/vendor/laravel/framework/src/Illuminate/Foundation/PackageManifest.php:179
/var/www/html/vendor/orchestra/testbench-core/src/Foundation/PackageManifest.php:157
/var/www/html/vendor/laravel/framework/src/Illuminate/Foundation/PackageManifest.php:132
/var/www/html/vendor/laravel/framework/src/Illuminate/Foundation/PackageManifest.php:108
/var/www/html/vendor/orchestra/testbench-core/src/Foundation/PackageManifest.php:102
/var/www/html/vendor/laravel/framework/src/Illuminate/Foundation/PackageManifest.php:91
/var/www/html/vendor/laravel/framework/src/Illuminate/Foundation/PackageManifest.php:80
/var/www/html/vendor/laravel/framework/src/Illuminate/Foundation/Bootstrap/RegisterFacades.php:26
/var/www/html/vendor/orchestra/testbench-core/src/Concerns/CreatesApplication.php:556
/var/www/html/vendor/orchestra/testbench-core/src/Concerns/CreatesApplication.php:311
/var/www/html/vendor/orchestra/testbench-core/src/TestCase.php:121
/var/www/html/vendor/orchestra/testbench-core/src/Concerns/ApplicationTestingHooks.php:74
/var/www/html/vendor/orchestra/testbench-core/src/Concerns/Testing.php:43
/var/www/html/vendor/laravel/framework/src/Illuminate/Collections/helpers.php:236
/var/www/html/vendor/orchestra/sidekick/src/functions.php:87
/var/www/html/vendor/laravel/framework/src/Illuminate/Collections/helpers.php:236
/var/www/html/vendor/orchestra/testbench-core/src/Concerns/Testing.php:57
/var/www/html/vendor/orchestra/testbench-core/src/TestCase.php:50
/var/www/html/tests/TestCase.php:61
/var/www/html/tests/Unit/Server/Handlers/BaseHandlerTest.php:35</error>
        </testcase>
        <testcase name="constructor_defaults_to_non_debug_mode" file="/var/www/html/tests/Unit/Server/Handlers/BaseHandlerTest.php" line="50" class="JTD\LaravelMCP\Tests\Unit\Server\Handlers\BaseHandlerTest" classname="JTD.LaravelMCP.Tests.Unit.Server.Handlers.BaseHandlerTest" assertions="0" time="0.000000">
          <error type="Exception">JTD\LaravelMCP\Tests\Unit\Server\Handlers\BaseHandlerTest::constructor_defaults_to_non_debug_mode
Exception: The /var/www/html/vendor/orchestra/testbench-core/laravel/bootstrap/cache directory must be present and writable.

/var/www/html/vendor/laravel/framework/src/Illuminate/Foundation/PackageManifest.php:179
/var/www/html/vendor/orchestra/testbench-core/src/Foundation/PackageManifest.php:157
/var/www/html/vendor/laravel/framework/src/Illuminate/Foundation/PackageManifest.php:132
/var/www/html/vendor/laravel/framework/src/Illuminate/Foundation/PackageManifest.php:108
/var/www/html/vendor/orchestra/testbench-core/src/Foundation/PackageManifest.php:102
/var/www/html/vendor/laravel/framework/src/Illuminate/Foundation/PackageManifest.php:91
/var/www/html/vendor/laravel/framework/src/Illuminate/Foundation/PackageManifest.php:80
/var/www/html/vendor/laravel/framework/src/Illuminate/Foundation/Bootstrap/RegisterFacades.php:26
/var/www/html/vendor/orchestra/testbench-core/src/Concerns/CreatesApplication.php:556
/var/www/html/vendor/orchestra/testbench-core/src/Concerns/CreatesApplication.php:311
/var/www/html/vendor/orchestra/testbench-core/src/TestCase.php:121
/var/www/html/vendor/orchestra/testbench-core/src/Concerns/ApplicationTestingHooks.php:74
/var/www/html/vendor/orchestra/testbench-core/src/Concerns/Testing.php:43
/var/www/html/vendor/laravel/framework/src/Illuminate/Collections/helpers.php:236
/var/www/html/vendor/orchestra/sidekick/src/functions.php:87
/var/www/html/vendor/laravel/framework/src/Illuminate/Collections/helpers.php:236
/var/www/html/vendor/orchestra/testbench-core/src/Concerns/Testing.php:57
/var/www/html/vendor/orchestra/testbench-core/src/TestCase.php:50
/var/www/html/tests/TestCase.php:61
/var/www/html/tests/Unit/Server/Handlers/BaseHandlerTest.php:35</error>
        </testcase>
        <testcase name="set_debug_updates_debug_mode" file="/var/www/html/tests/Unit/Server/Handlers/BaseHandlerTest.php" line="58" class="JTD\LaravelMCP\Tests\Unit\Server\Handlers\BaseHandlerTest" classname="JTD.LaravelMCP.Tests.Unit.Server.Handlers.BaseHandlerTest" assertions="0" time="0.000000">
          <error type="Exception">JTD\LaravelMCP\Tests\Unit\Server\Handlers\BaseHandlerTest::set_debug_updates_debug_mode
Exception: The /var/www/html/vendor/orchestra/testbench-core/laravel/bootstrap/cache directory must be present and writable.

/var/www/html/vendor/laravel/framework/src/Illuminate/Foundation/PackageManifest.php:179
/var/www/html/vendor/orchestra/testbench-core/src/Foundation/PackageManifest.php:157
/var/www/html/vendor/laravel/framework/src/Illuminate/Foundation/PackageManifest.php:132
/var/www/html/vendor/laravel/framework/src/Illuminate/Foundation/PackageManifest.php:108
/var/www/html/vendor/orchestra/testbench-core/src/Foundation/PackageManifest.php:102
/var/www/html/vendor/laravel/framework/src/Illuminate/Foundation/PackageManifest.php:91
/var/www/html/vendor/laravel/framework/src/Illuminate/Foundation/PackageManifest.php:80
/var/www/html/vendor/laravel/framework/src/Illuminate/Foundation/Bootstrap/RegisterFacades.php:26
/var/www/html/vendor/orchestra/testbench-core/src/Concerns/CreatesApplication.php:556
/var/www/html/vendor/orchestra/testbench-core/src/Concerns/CreatesApplication.php:311
/var/www/html/vendor/orchestra/testbench-core/src/TestCase.php:121
/var/www/html/vendor/orchestra/testbench-core/src/Concerns/ApplicationTestingHooks.php:74
/var/www/html/vendor/orchestra/testbench-core/src/Concerns/Testing.php:43
/var/www/html/vendor/laravel/framework/src/Illuminate/Collections/helpers.php:236
/var/www/html/vendor/orchestra/sidekick/src/functions.php:87
/var/www/html/vendor/laravel/framework/src/Illuminate/Collections/helpers.php:236
/var/www/html/vendor/orchestra/testbench-core/src/Concerns/Testing.php:57
/var/www/html/vendor/orchestra/testbench-core/src/TestCase.php:50
/var/www/html/tests/TestCase.php:61
/var/www/html/tests/Unit/Server/Handlers/BaseHandlerTest.php:35</error>
        </testcase>
        <testcase name="validate_request_passes_with_valid_parameters" file="/var/www/html/tests/Unit/Server/Handlers/BaseHandlerTest.php" line="70" class="JTD\LaravelMCP\Tests\Unit\Server\Handlers\BaseHandlerTest" classname="JTD.LaravelMCP.Tests.Unit.Server.Handlers.BaseHandlerTest" assertions="0" time="0.000000">
          <error type="Exception">JTD\LaravelMCP\Tests\Unit\Server\Handlers\BaseHandlerTest::validate_request_passes_with_valid_parameters
Exception: The /var/www/html/vendor/orchestra/testbench-core/laravel/bootstrap/cache directory must be present and writable.

/var/www/html/vendor/laravel/framework/src/Illuminate/Foundation/PackageManifest.php:179
/var/www/html/vendor/orchestra/testbench-core/src/Foundation/PackageManifest.php:157
/var/www/html/vendor/laravel/framework/src/Illuminate/Foundation/PackageManifest.php:132
/var/www/html/vendor/laravel/framework/src/Illuminate/Foundation/PackageManifest.php:108
/var/www/html/vendor/orchestra/testbench-core/src/Foundation/PackageManifest.php:102
/var/www/html/vendor/laravel/framework/src/Illuminate/Foundation/PackageManifest.php:91
/var/www/html/vendor/laravel/framework/src/Illuminate/Foundation/PackageManifest.php:80
/var/www/html/vendor/laravel/framework/src/Illuminate/Foundation/Bootstrap/RegisterFacades.php:26
/var/www/html/vendor/orchestra/testbench-core/src/Concerns/CreatesApplication.php:556
/var/www/html/vendor/orchestra/testbench-core/src/Concerns/CreatesApplication.php:311
/var/www/html/vendor/orchestra/testbench-core/src/TestCase.php:121
/var/www/html/vendor/orchestra/testbench-core/src/Concerns/ApplicationTestingHooks.php:74
/var/www/html/vendor/orchestra/testbench-core/src/Concerns/Testing.php:43
/var/www/html/vendor/laravel/framework/src/Illuminate/Collections/helpers.php:236
/var/www/html/vendor/orchestra/sidekick/src/functions.php:87
/var/www/html/vendor/laravel/framework/src/Illuminate/Collections/helpers.php:236
/var/www/html/vendor/orchestra/testbench-core/src/Concerns/Testing.php:57
/var/www/html/vendor/orchestra/testbench-core/src/TestCase.php:50
/var/www/html/tests/TestCase.php:61
/var/www/html/tests/Unit/Server/Handlers/BaseHandlerTest.php:35</error>
        </testcase>
        <testcase name="validate_request_passes_with_empty_rules" file="/var/www/html/tests/Unit/Server/Handlers/BaseHandlerTest.php" line="82" class="JTD\LaravelMCP\Tests\Unit\Server\Handlers\BaseHandlerTest" classname="JTD.LaravelMCP.Tests.Unit.Server.Handlers.BaseHandlerTest" assertions="0" time="0.000000">
          <error type="Exception">JTD\LaravelMCP\Tests\Unit\Server\Handlers\BaseHandlerTest::validate_request_passes_with_empty_rules
Exception: The /var/www/html/vendor/orchestra/testbench-core/laravel/bootstrap/cache directory must be present and writable.

/var/www/html/vendor/laravel/framework/src/Illuminate/Foundation/PackageManifest.php:179
/var/www/html/vendor/orchestra/testbench-core/src/Foundation/PackageManifest.php:157
/var/www/html/vendor/laravel/framework/src/Illuminate/Foundation/PackageManifest.php:132
/var/www/html/vendor/laravel/framework/src/Illuminate/Foundation/PackageManifest.php:108
/var/www/html/vendor/orchestra/testbench-core/src/Foundation/PackageManifest.php:102
/var/www/html/vendor/laravel/framework/src/Illuminate/Foundation/PackageManifest.php:91
/var/www/html/vendor/laravel/framework/src/Illuminate/Foundation/PackageManifest.php:80
/var/www/html/vendor/laravel/framework/src/Illuminate/Foundation/Bootstrap/RegisterFacades.php:26
/var/www/html/vendor/orchestra/testbench-core/src/Concerns/CreatesApplication.php:556
/var/www/html/vendor/orchestra/testbench-core/src/Concerns/CreatesApplication.php:311
/var/www/html/vendor/orchestra/testbench-core/src/TestCase.php:121
/var/www/html/vendor/orchestra/testbench-core/src/Concerns/ApplicationTestingHooks.php:74
/var/www/html/vendor/orchestra/testbench-core/src/Concerns/Testing.php:43
/var/www/html/vendor/laravel/framework/src/Illuminate/Collections/helpers.php:236
/var/www/html/vendor/orchestra/sidekick/src/functions.php:87
/var/www/html/vendor/laravel/framework/src/Illuminate/Collections/helpers.php:236
/var/www/html/vendor/orchestra/testbench-core/src/Concerns/Testing.php:57
/var/www/html/vendor/orchestra/testbench-core/src/TestCase.php:50
/var/www/html/tests/TestCase.php:61
/var/www/html/tests/Unit/Server/Handlers/BaseHandlerTest.php:35</error>
        </testcase>
        <testcase name="validate_request_throws_protocol_exception_with_invalid_parameters" file="/var/www/html/tests/Unit/Server/Handlers/BaseHandlerTest.php" line="94" class="JTD\LaravelMCP\Tests\Unit\Server\Handlers\BaseHandlerTest" classname="JTD.LaravelMCP.Tests.Unit.Server.Handlers.BaseHandlerTest" assertions="0" time="0.000000">
          <error type="Exception">JTD\LaravelMCP\Tests\Unit\Server\Handlers\BaseHandlerTest::validate_request_throws_protocol_exception_with_invalid_parameters
Exception: The /var/www/html/vendor/orchestra/testbench-core/laravel/bootstrap/cache directory must be present and writable.

/var/www/html/vendor/laravel/framework/src/Illuminate/Foundation/PackageManifest.php:179
/var/www/html/vendor/orchestra/testbench-core/src/Foundation/PackageManifest.php:157
/var/www/html/vendor/laravel/framework/src/Illuminate/Foundation/PackageManifest.php:132
/var/www/html/vendor/laravel/framework/src/Illuminate/Foundation/PackageManifest.php:108
/var/www/html/vendor/orchestra/testbench-core/src/Foundation/PackageManifest.php:102
/var/www/html/vendor/laravel/framework/src/Illuminate/Foundation/PackageManifest.php:91
/var/www/html/vendor/laravel/framework/src/Illuminate/Foundation/PackageManifest.php:80
/var/www/html/vendor/laravel/framework/src/Illuminate/Foundation/Bootstrap/RegisterFacades.php:26
/var/www/html/vendor/orchestra/testbench-core/src/Concerns/CreatesApplication.php:556
/var/www/html/vendor/orchestra/testbench-core/src/Concerns/CreatesApplication.php:311
/var/www/html/vendor/orchestra/testbench-core/src/TestCase.php:121
/var/www/html/vendor/orchestra/testbench-core/src/Concerns/ApplicationTestingHooks.php:74
/var/www/html/vendor/orchestra/testbench-core/src/Concerns/Testing.php:43
/var/www/html/vendor/laravel/framework/src/Illuminate/Collections/helpers.php:236
/var/www/html/vendor/orchestra/sidekick/src/functions.php:87
/var/www/html/vendor/laravel/framework/src/Illuminate/Collections/helpers.php:236
/var/www/html/vendor/orchestra/testbench-core/src/Concerns/Testing.php:57
/var/www/html/vendor/orchestra/testbench-core/src/TestCase.php:50
/var/www/html/tests/TestCase.php:61
/var/www/html/tests/Unit/Server/Handlers/BaseHandlerTest.php:35</error>
        </testcase>
        <testcase name="validate_request_throws_protocol_exception_with_missing_required_parameters" file="/var/www/html/tests/Unit/Server/Handlers/BaseHandlerTest.php" line="107" class="JTD\LaravelMCP\Tests\Unit\Server\Handlers\BaseHandlerTest" classname="JTD.LaravelMCP.Tests.Unit.Server.Handlers.BaseHandlerTest" assertions="0" time="0.000000">
          <error type="Exception">JTD\LaravelMCP\Tests\Unit\Server\Handlers\BaseHandlerTest::validate_request_throws_protocol_exception_with_missing_required_parameters
Exception: The /var/www/html/vendor/orchestra/testbench-core/laravel/bootstrap/cache directory must be present and writable.

/var/www/html/vendor/laravel/framework/src/Illuminate/Foundation/PackageManifest.php:179
/var/www/html/vendor/orchestra/testbench-core/src/Foundation/PackageManifest.php:157
/var/www/html/vendor/laravel/framework/src/Illuminate/Foundation/PackageManifest.php:132
/var/www/html/vendor/laravel/framework/src/Illuminate/Foundation/PackageManifest.php:108
/var/www/html/vendor/orchestra/testbench-core/src/Foundation/PackageManifest.php:102
/var/www/html/vendor/laravel/framework/src/Illuminate/Foundation/PackageManifest.php:91
/var/www/html/vendor/laravel/framework/src/Illuminate/Foundation/PackageManifest.php:80
/var/www/html/vendor/laravel/framework/src/Illuminate/Foundation/Bootstrap/RegisterFacades.php:26
/var/www/html/vendor/orchestra/testbench-core/src/Concerns/CreatesApplication.php:556
/var/www/html/vendor/orchestra/testbench-core/src/Concerns/CreatesApplication.php:311
/var/www/html/vendor/orchestra/testbench-core/src/TestCase.php:121
/var/www/html/vendor/orchestra/testbench-core/src/Concerns/ApplicationTestingHooks.php:74
/var/www/html/vendor/orchestra/testbench-core/src/Concerns/Testing.php:43
/var/www/html/vendor/laravel/framework/src/Illuminate/Collections/helpers.php:236
/var/www/html/vendor/orchestra/sidekick/src/functions.php:87
/var/www/html/vendor/laravel/framework/src/Illuminate/Collections/helpers.php:236
/var/www/html/vendor/orchestra/testbench-core/src/Concerns/Testing.php:57
/var/www/html/vendor/orchestra/testbench-core/src/TestCase.php:50
/var/www/html/tests/TestCase.php:61
/var/www/html/tests/Unit/Server/Handlers/BaseHandlerTest.php:35</error>
        </testcase>
        <testcase name="validate_request_uses_custom_error_messages" file="/var/www/html/tests/Unit/Server/Handlers/BaseHandlerTest.php" line="119" class="JTD\LaravelMCP\Tests\Unit\Server\Handlers\BaseHandlerTest" classname="JTD.LaravelMCP.Tests.Unit.Server.Handlers.BaseHandlerTest" assertions="0" time="0.000000">
          <error type="Exception">JTD\LaravelMCP\Tests\Unit\Server\Handlers\BaseHandlerTest::validate_request_uses_custom_error_messages
Exception: The /var/www/html/vendor/orchestra/testbench-core/laravel/bootstrap/cache directory must be present and writable.

/var/www/html/vendor/laravel/framework/src/Illuminate/Foundation/PackageManifest.php:179
/var/www/html/vendor/orchestra/testbench-core/src/Foundation/PackageManifest.php:157
/var/www/html/vendor/laravel/framework/src/Illuminate/Foundation/PackageManifest.php:132
/var/www/html/vendor/laravel/framework/src/Illuminate/Foundation/PackageManifest.php:108
/var/www/html/vendor/orchestra/testbench-core/src/Foundation/PackageManifest.php:102
/var/www/html/vendor/laravel/framework/src/Illuminate/Foundation/PackageManifest.php:91
/var/www/html/vendor/laravel/framework/src/Illuminate/Foundation/PackageManifest.php:80
/var/www/html/vendor/laravel/framework/src/Illuminate/Foundation/Bootstrap/RegisterFacades.php:26
/var/www/html/vendor/orchestra/testbench-core/src/Concerns/CreatesApplication.php:556
/var/www/html/vendor/orchestra/testbench-core/src/Concerns/CreatesApplication.php:311
/var/www/html/vendor/orchestra/testbench-core/src/TestCase.php:121
/var/www/html/vendor/orchestra/testbench-core/src/Concerns/ApplicationTestingHooks.php:74
/var/www/html/vendor/orchestra/testbench-core/src/Concerns/Testing.php:43
/var/www/html/vendor/laravel/framework/src/Illuminate/Collections/helpers.php:236
/var/www/html/vendor/orchestra/sidekick/src/functions.php:87
/var/www/html/vendor/laravel/framework/src/Illuminate/Collections/helpers.php:236
/var/www/html/vendor/orchestra/testbench-core/src/Concerns/Testing.php:57
/var/www/html/vendor/orchestra/testbench-core/src/TestCase.php:50
/var/www/html/tests/TestCase.php:61
/var/www/html/tests/Unit/Server/Handlers/BaseHandlerTest.php:35</error>
        </testcase>
        <testcase name="validate_required_params_passes_with_all_required_present" file="/var/www/html/tests/Unit/Server/Handlers/BaseHandlerTest.php" line="132" class="JTD\LaravelMCP\Tests\Unit\Server\Handlers\BaseHandlerTest" classname="JTD.LaravelMCP.Tests.Unit.Server.Handlers.BaseHandlerTest" assertions="0" time="0.000000">
          <error type="Exception">JTD\LaravelMCP\Tests\Unit\Server\Handlers\BaseHandlerTest::validate_required_params_passes_with_all_required_present
Exception: The /var/www/html/vendor/orchestra/testbench-core/laravel/bootstrap/cache directory must be present and writable.

/var/www/html/vendor/laravel/framework/src/Illuminate/Foundation/PackageManifest.php:179
/var/www/html/vendor/orchestra/testbench-core/src/Foundation/PackageManifest.php:157
/var/www/html/vendor/laravel/framework/src/Illuminate/Foundation/PackageManifest.php:132
/var/www/html/vendor/laravel/framework/src/Illuminate/Foundation/PackageManifest.php:108
/var/www/html/vendor/orchestra/testbench-core/src/Foundation/PackageManifest.php:102
/var/www/html/vendor/laravel/framework/src/Illuminate/Foundation/PackageManifest.php:91
/var/www/html/vendor/laravel/framework/src/Illuminate/Foundation/PackageManifest.php:80
/var/www/html/vendor/laravel/framework/src/Illuminate/Foundation/Bootstrap/RegisterFacades.php:26
/var/www/html/vendor/orchestra/testbench-core/src/Concerns/CreatesApplication.php:556
/var/www/html/vendor/orchestra/testbench-core/src/Concerns/CreatesApplication.php:311
/var/www/html/vendor/orchestra/testbench-core/src/TestCase.php:121
/var/www/html/vendor/orchestra/testbench-core/src/Concerns/ApplicationTestingHooks.php:74
/var/www/html/vendor/orchestra/testbench-core/src/Concerns/Testing.php:43
/var/www/html/vendor/laravel/framework/src/Illuminate/Collections/helpers.php:236
/var/www/html/vendor/orchestra/sidekick/src/functions.php:87
/var/www/html/vendor/laravel/framework/src/Illuminate/Collections/helpers.php:236
/var/www/html/vendor/orchestra/testbench-core/src/Concerns/Testing.php:57
/var/www/html/vendor/orchestra/testbench-core/src/TestCase.php:50
/var/www/html/tests/TestCase.php:61
/var/www/html/tests/Unit/Server/Handlers/BaseHandlerTest.php:35</error>
        </testcase>
        <testcase name="validate_required_params_passes_with_empty_required_list" file="/var/www/html/tests/Unit/Server/Handlers/BaseHandlerTest.php" line="144" class="JTD\LaravelMCP\Tests\Unit\Server\Handlers\BaseHandlerTest" classname="JTD.LaravelMCP.Tests.Unit.Server.Handlers.BaseHandlerTest" assertions="0" time="0.000000">
          <error type="Exception">JTD\LaravelMCP\Tests\Unit\Server\Handlers\BaseHandlerTest::validate_required_params_passes_with_empty_required_list
Exception: The /var/www/html/vendor/orchestra/testbench-core/laravel/bootstrap/cache directory must be present and writable.

/var/www/html/vendor/laravel/framework/src/Illuminate/Foundation/PackageManifest.php:179
/var/www/html/vendor/orchestra/testbench-core/src/Foundation/PackageManifest.php:157
/var/www/html/vendor/laravel/framework/src/Illuminate/Foundation/PackageManifest.php:132
/var/www/html/vendor/laravel/framework/src/Illuminate/Foundation/PackageManifest.php:108
/var/www/html/vendor/orchestra/testbench-core/src/Foundation/PackageManifest.php:102
/var/www/html/vendor/laravel/framework/src/Illuminate/Foundation/PackageManifest.php:91
/var/www/html/vendor/laravel/framework/src/Illuminate/Foundation/PackageManifest.php:80
/var/www/html/vendor/laravel/framework/src/Illuminate/Foundation/Bootstrap/RegisterFacades.php:26
/var/www/html/vendor/orchestra/testbench-core/src/Concerns/CreatesApplication.php:556
/var/www/html/vendor/orchestra/testbench-core/src/Concerns/CreatesApplication.php:311
/var/www/html/vendor/orchestra/testbench-core/src/TestCase.php:121
/var/www/html/vendor/orchestra/testbench-core/src/Concerns/ApplicationTestingHooks.php:74
/var/www/html/vendor/orchestra/testbench-core/src/Concerns/Testing.php:43
/var/www/html/vendor/laravel/framework/src/Illuminate/Collections/helpers.php:236
/var/www/html/vendor/orchestra/sidekick/src/functions.php:87
/var/www/html/vendor/laravel/framework/src/Illuminate/Collections/helpers.php:236
/var/www/html/vendor/orchestra/testbench-core/src/Concerns/Testing.php:57
/var/www/html/vendor/orchestra/testbench-core/src/TestCase.php:50
/var/www/html/tests/TestCase.php:61
/var/www/html/tests/Unit/Server/Handlers/BaseHandlerTest.php:35</error>
        </testcase>
        <testcase name="validate_required_params_throws_protocol_exception_with_missing_parameters" file="/var/www/html/tests/Unit/Server/Handlers/BaseHandlerTest.php" line="156" class="JTD\LaravelMCP\Tests\Unit\Server\Handlers\BaseHandlerTest" classname="JTD.LaravelMCP.Tests.Unit.Server.Handlers.BaseHandlerTest" assertions="0" time="0.000000">
          <error type="Exception">JTD\LaravelMCP\Tests\Unit\Server\Handlers\BaseHandlerTest::validate_required_params_throws_protocol_exception_with_missing_parameters
Exception: The /var/www/html/vendor/orchestra/testbench-core/laravel/bootstrap/cache directory must be present and writable.

/var/www/html/vendor/laravel/framework/src/Illuminate/Foundation/PackageManifest.php:179
/var/www/html/vendor/orchestra/testbench-core/src/Foundation/PackageManifest.php:157
/var/www/html/vendor/laravel/framework/src/Illuminate/Foundation/PackageManifest.php:132
/var/www/html/vendor/laravel/framework/src/Illuminate/Foundation/PackageManifest.php:108
/var/www/html/vendor/orchestra/testbench-core/src/Foundation/PackageManifest.php:102
/var/www/html/vendor/laravel/framework/src/Illuminate/Foundation/PackageManifest.php:91
/var/www/html/vendor/laravel/framework/src/Illuminate/Foundation/PackageManifest.php:80
/var/www/html/vendor/laravel/framework/src/Illuminate/Foundation/Bootstrap/RegisterFacades.php:26
/var/www/html/vendor/orchestra/testbench-core/src/Concerns/CreatesApplication.php:556
/var/www/html/vendor/orchestra/testbench-core/src/Concerns/CreatesApplication.php:311
/var/www/html/vendor/orchestra/testbench-core/src/TestCase.php:121
/var/www/html/vendor/orchestra/testbench-core/src/Concerns/ApplicationTestingHooks.php:74
/var/www/html/vendor/orchestra/testbench-core/src/Concerns/Testing.php:43
/var/www/html/vendor/laravel/framework/src/Illuminate/Collections/helpers.php:236
/var/www/html/vendor/orchestra/sidekick/src/functions.php:87
/var/www/html/vendor/laravel/framework/src/Illuminate/Collections/helpers.php:236
/var/www/html/vendor/orchestra/testbench-core/src/Concerns/Testing.php:57
/var/www/html/vendor/orchestra/testbench-core/src/TestCase.php:50
/var/www/html/tests/TestCase.php:61
/var/www/html/tests/Unit/Server/Handlers/BaseHandlerTest.php:35</error>
        </testcase>
        <testcase name="create_success_response_returns_result_without_metadata" file="/var/www/html/tests/Unit/Server/Handlers/BaseHandlerTest.php" line="169" class="JTD\LaravelMCP\Tests\Unit\Server\Handlers\BaseHandlerTest" classname="JTD.LaravelMCP.Tests.Unit.Server.Handlers.BaseHandlerTest" assertions="0" time="0.000000">
          <error type="Exception">JTD\LaravelMCP\Tests\Unit\Server\Handlers\BaseHandlerTest::create_success_response_returns_result_without_metadata
Exception: The /var/www/html/vendor/orchestra/testbench-core/laravel/bootstrap/cache directory must be present and writable.

/var/www/html/vendor/laravel/framework/src/Illuminate/Foundation/PackageManifest.php:179
/var/www/html/vendor/orchestra/testbench-core/src/Foundation/PackageManifest.php:157
/var/www/html/vendor/laravel/framework/src/Illuminate/Foundation/PackageManifest.php:132
/var/www/html/vendor/laravel/framework/src/Illuminate/Foundation/PackageManifest.php:108
/var/www/html/vendor/orchestra/testbench-core/src/Foundation/PackageManifest.php:102
/var/www/html/vendor/laravel/framework/src/Illuminate/Foundation/PackageManifest.php:91
/var/www/html/vendor/laravel/framework/src/Illuminate/Foundation/PackageManifest.php:80
/var/www/html/vendor/laravel/framework/src/Illuminate/Foundation/Bootstrap/RegisterFacades.php:26
/var/www/html/vendor/orchestra/testbench-core/src/Concerns/CreatesApplication.php:556
/var/www/html/vendor/orchestra/testbench-core/src/Concerns/CreatesApplication.php:311
/var/www/html/vendor/orchestra/testbench-core/src/TestCase.php:121
/var/www/html/vendor/orchestra/testbench-core/src/Concerns/ApplicationTestingHooks.php:74
/var/www/html/vendor/orchestra/testbench-core/src/Concerns/Testing.php:43
/var/www/html/vendor/laravel/framework/src/Illuminate/Collections/helpers.php:236
/var/www/html/vendor/orchestra/sidekick/src/functions.php:87
/var/www/html/vendor/laravel/framework/src/Illuminate/Collections/helpers.php:236
/var/www/html/vendor/orchestra/testbench-core/src/Concerns/Testing.php:57
/var/www/html/vendor/orchestra/testbench-core/src/TestCase.php:50
/var/www/html/tests/TestCase.php:61
/var/www/html/tests/Unit/Server/Handlers/BaseHandlerTest.php:35</error>
        </testcase>
        <testcase name="create_success_response_adds_metadata_when_requested" file="/var/www/html/tests/Unit/Server/Handlers/BaseHandlerTest.php" line="180" class="JTD\LaravelMCP\Tests\Unit\Server\Handlers\BaseHandlerTest" classname="JTD.LaravelMCP.Tests.Unit.Server.Handlers.BaseHandlerTest" assertions="0" time="0.000000">
          <error type="Exception">JTD\LaravelMCP\Tests\Unit\Server\Handlers\BaseHandlerTest::create_success_response_adds_metadata_when_requested
Exception: The /var/www/html/vendor/orchestra/testbench-core/laravel/bootstrap/cache directory must be present and writable.

/var/www/html/vendor/laravel/framework/src/Illuminate/Foundation/PackageManifest.php:179
/var/www/html/vendor/orchestra/testbench-core/src/Foundation/PackageManifest.php:157
/var/www/html/vendor/laravel/framework/src/Illuminate/Foundation/PackageManifest.php:132
/var/www/html/vendor/laravel/framework/src/Illuminate/Foundation/PackageManifest.php:108
/var/www/html/vendor/orchestra/testbench-core/src/Foundation/PackageManifest.php:102
/var/www/html/vendor/laravel/framework/src/Illuminate/Foundation/PackageManifest.php:91
/var/www/html/vendor/laravel/framework/src/Illuminate/Foundation/PackageManifest.php:80
/var/www/html/vendor/laravel/framework/src/Illuminate/Foundation/Bootstrap/RegisterFacades.php:26
/var/www/html/vendor/orchestra/testbench-core/src/Concerns/CreatesApplication.php:556
/var/www/html/vendor/orchestra/testbench-core/src/Concerns/CreatesApplication.php:311
/var/www/html/vendor/orchestra/testbench-core/src/TestCase.php:121
/var/www/html/vendor/orchestra/testbench-core/src/Concerns/ApplicationTestingHooks.php:74
/var/www/html/vendor/orchestra/testbench-core/src/Concerns/Testing.php:43
/var/www/html/vendor/laravel/framework/src/Illuminate/Collections/helpers.php:236
/var/www/html/vendor/orchestra/sidekick/src/functions.php:87
/var/www/html/vendor/laravel/framework/src/Illuminate/Collections/helpers.php:236
/var/www/html/vendor/orchestra/testbench-core/src/Concerns/Testing.php:57
/var/www/html/vendor/orchestra/testbench-core/src/TestCase.php:50
/var/www/html/tests/TestCase.php:61
/var/www/html/tests/Unit/Server/Handlers/BaseHandlerTest.php:35</error>
        </testcase>
        <testcase name="create_error_response_returns_proper_structure" file="/var/www/html/tests/Unit/Server/Handlers/BaseHandlerTest.php" line="195" class="JTD\LaravelMCP\Tests\Unit\Server\Handlers\BaseHandlerTest" classname="JTD.LaravelMCP.Tests.Unit.Server.Handlers.BaseHandlerTest" assertions="0" time="0.000000">
          <error type="Exception">JTD\LaravelMCP\Tests\Unit\Server\Handlers\BaseHandlerTest::create_error_response_returns_proper_structure
Exception: The /var/www/html/vendor/orchestra/testbench-core/laravel/bootstrap/cache directory must be present and writable.

/var/www/html/vendor/laravel/framework/src/Illuminate/Foundation/PackageManifest.php:179
/var/www/html/vendor/orchestra/testbench-core/src/Foundation/PackageManifest.php:157
/var/www/html/vendor/laravel/framework/src/Illuminate/Foundation/PackageManifest.php:132
/var/www/html/vendor/laravel/framework/src/Illuminate/Foundation/PackageManifest.php:108
/var/www/html/vendor/orchestra/testbench-core/src/Foundation/PackageManifest.php:102
/var/www/html/vendor/laravel/framework/src/Illuminate/Foundation/PackageManifest.php:91
/var/www/html/vendor/laravel/framework/src/Illuminate/Foundation/PackageManifest.php:80
/var/www/html/vendor/laravel/framework/src/Illuminate/Foundation/Bootstrap/RegisterFacades.php:26
/var/www/html/vendor/orchestra/testbench-core/src/Concerns/CreatesApplication.php:556
/var/www/html/vendor/orchestra/testbench-core/src/Concerns/CreatesApplication.php:311
/var/www/html/vendor/orchestra/testbench-core/src/TestCase.php:121
/var/www/html/vendor/orchestra/testbench-core/src/Concerns/ApplicationTestingHooks.php:74
/var/www/html/vendor/orchestra/testbench-core/src/Concerns/Testing.php:43
/var/www/html/vendor/laravel/framework/src/Illuminate/Collections/helpers.php:236
/var/www/html/vendor/orchestra/sidekick/src/functions.php:87
/var/www/html/vendor/laravel/framework/src/Illuminate/Collections/helpers.php:236
/var/www/html/vendor/orchestra/testbench-core/src/Concerns/Testing.php:57
/var/www/html/vendor/orchestra/testbench-core/src/TestCase.php:50
/var/www/html/tests/TestCase.php:61
/var/www/html/tests/Unit/Server/Handlers/BaseHandlerTest.php:35</error>
        </testcase>
        <testcase name="create_error_response_includes_data_when_provided" file="/var/www/html/tests/Unit/Server/Handlers/BaseHandlerTest.php" line="209" class="JTD\LaravelMCP\Tests\Unit\Server\Handlers\BaseHandlerTest" classname="JTD.LaravelMCP.Tests.Unit.Server.Handlers.BaseHandlerTest" assertions="0" time="0.000000">
          <error type="Exception">JTD\LaravelMCP\Tests\Unit\Server\Handlers\BaseHandlerTest::create_error_response_includes_data_when_provided
Exception: The /var/www/html/vendor/orchestra/testbench-core/laravel/bootstrap/cache directory must be present and writable.

/var/www/html/vendor/laravel/framework/src/Illuminate/Foundation/PackageManifest.php:179
/var/www/html/vendor/orchestra/testbench-core/src/Foundation/PackageManifest.php:157
/var/www/html/vendor/laravel/framework/src/Illuminate/Foundation/PackageManifest.php:132
/var/www/html/vendor/laravel/framework/src/Illuminate/Foundation/PackageManifest.php:108
/var/www/html/vendor/orchestra/testbench-core/src/Foundation/PackageManifest.php:102
/var/www/html/vendor/laravel/framework/src/Illuminate/Foundation/PackageManifest.php:91
/var/www/html/vendor/laravel/framework/src/Illuminate/Foundation/PackageManifest.php:80
/var/www/html/vendor/laravel/framework/src/Illuminate/Foundation/Bootstrap/RegisterFacades.php:26
/var/www/html/vendor/orchestra/testbench-core/src/Concerns/CreatesApplication.php:556
/var/www/html/vendor/orchestra/testbench-core/src/Concerns/CreatesApplication.php:311
/var/www/html/vendor/orchestra/testbench-core/src/TestCase.php:121
/var/www/html/vendor/orchestra/testbench-core/src/Concerns/ApplicationTestingHooks.php:74
/var/www/html/vendor/orchestra/testbench-core/src/Concerns/Testing.php:43
/var/www/html/vendor/laravel/framework/src/Illuminate/Collections/helpers.php:236
/var/www/html/vendor/orchestra/sidekick/src/functions.php:87
/var/www/html/vendor/laravel/framework/src/Illuminate/Collections/helpers.php:236
/var/www/html/vendor/orchestra/testbench-core/src/Concerns/Testing.php:57
/var/www/html/vendor/orchestra/testbench-core/src/TestCase.php:50
/var/www/html/tests/TestCase.php:61
/var/www/html/tests/Unit/Server/Handlers/BaseHandlerTest.php:35</error>
        </testcase>
        <testcase name="supports_method_returns_true_for_supported_methods" file="/var/www/html/tests/Unit/Server/Handlers/BaseHandlerTest.php" line="224" class="JTD\LaravelMCP\Tests\Unit\Server\Handlers\BaseHandlerTest" classname="JTD.LaravelMCP.Tests.Unit.Server.Handlers.BaseHandlerTest" assertions="0" time="0.000000">
          <error type="Exception">JTD\LaravelMCP\Tests\Unit\Server\Handlers\BaseHandlerTest::supports_method_returns_true_for_supported_methods
Exception: The /var/www/html/vendor/orchestra/testbench-core/laravel/bootstrap/cache directory must be present and writable.

/var/www/html/vendor/laravel/framework/src/Illuminate/Foundation/PackageManifest.php:179
/var/www/html/vendor/orchestra/testbench-core/src/Foundation/PackageManifest.php:157
/var/www/html/vendor/laravel/framework/src/Illuminate/Foundation/PackageManifest.php:132
/var/www/html/vendor/laravel/framework/src/Illuminate/Foundation/PackageManifest.php:108
/var/www/html/vendor/orchestra/testbench-core/src/Foundation/PackageManifest.php:102
/var/www/html/vendor/laravel/framework/src/Illuminate/Foundation/PackageManifest.php:91
/var/www/html/vendor/laravel/framework/src/Illuminate/Foundation/PackageManifest.php:80
/var/www/html/vendor/laravel/framework/src/Illuminate/Foundation/Bootstrap/RegisterFacades.php:26
/var/www/html/vendor/orchestra/testbench-core/src/Concerns/CreatesApplication.php:556
/var/www/html/vendor/orchestra/testbench-core/src/Concerns/CreatesApplication.php:311
/var/www/html/vendor/orchestra/testbench-core/src/TestCase.php:121
/var/www/html/vendor/orchestra/testbench-core/src/Concerns/ApplicationTestingHooks.php:74
/var/www/html/vendor/orchestra/testbench-core/src/Concerns/Testing.php:43
/var/www/html/vendor/laravel/framework/src/Illuminate/Collections/helpers.php:236
/var/www/html/vendor/orchestra/sidekick/src/functions.php:87
/var/www/html/vendor/laravel/framework/src/Illuminate/Collections/helpers.php:236
/var/www/html/vendor/orchestra/testbench-core/src/Concerns/Testing.php:57
/var/www/html/vendor/orchestra/testbench-core/src/TestCase.php:50
/var/www/html/tests/TestCase.php:61
/var/www/html/tests/Unit/Server/Handlers/BaseHandlerTest.php:35</error>
        </testcase>
        <testcase name="supports_method_returns_false_for_unsupported_methods" file="/var/www/html/tests/Unit/Server/Handlers/BaseHandlerTest.php" line="231" class="JTD\LaravelMCP\Tests\Unit\Server\Handlers\BaseHandlerTest" classname="JTD.LaravelMCP.Tests.Unit.Server.Handlers.BaseHandlerTest" assertions="0" time="0.000000">
          <error type="Exception">JTD\LaravelMCP\Tests\Unit\Server\Handlers\BaseHandlerTest::supports_method_returns_false_for_unsupported_methods
Exception: The /var/www/html/vendor/orchestra/testbench-core/laravel/bootstrap/cache directory must be present and writable.

/var/www/html/vendor/laravel/framework/src/Illuminate/Foundation/PackageManifest.php:179
/var/www/html/vendor/orchestra/testbench-core/src/Foundation/PackageManifest.php:157
/var/www/html/vendor/laravel/framework/src/Illuminate/Foundation/PackageManifest.php:132
/var/www/html/vendor/laravel/framework/src/Illuminate/Foundation/PackageManifest.php:108
/var/www/html/vendor/orchestra/testbench-core/src/Foundation/PackageManifest.php:102
/var/www/html/vendor/laravel/framework/src/Illuminate/Foundation/PackageManifest.php:91
/var/www/html/vendor/laravel/framework/src/Illuminate/Foundation/PackageManifest.php:80
/var/www/html/vendor/laravel/framework/src/Illuminate/Foundation/Bootstrap/RegisterFacades.php:26
/var/www/html/vendor/orchestra/testbench-core/src/Concerns/CreatesApplication.php:556
/var/www/html/vendor/orchestra/testbench-core/src/Concerns/CreatesApplication.php:311
/var/www/html/vendor/orchestra/testbench-core/src/TestCase.php:121
/var/www/html/vendor/orchestra/testbench-core/src/Concerns/ApplicationTestingHooks.php:74
/var/www/html/vendor/orchestra/testbench-core/src/Concerns/Testing.php:43
/var/www/html/vendor/laravel/framework/src/Illuminate/Collections/helpers.php:236
/var/www/html/vendor/orchestra/sidekick/src/functions.php:87
/var/www/html/vendor/laravel/framework/src/Illuminate/Collections/helpers.php:236
/var/www/html/vendor/orchestra/testbench-core/src/Concerns/Testing.php:57
/var/www/html/vendor/orchestra/testbench-core/src/TestCase.php:50
/var/www/html/tests/TestCase.php:61
/var/www/html/tests/Unit/Server/Handlers/BaseHandlerTest.php:35</error>
        </testcase>
        <testcase name="get_supported_methods_returns_expected_methods" file="/var/www/html/tests/Unit/Server/Handlers/BaseHandlerTest.php" line="238" class="JTD\LaravelMCP\Tests\Unit\Server\Handlers\BaseHandlerTest" classname="JTD.LaravelMCP.Tests.Unit.Server.Handlers.BaseHandlerTest" assertions="0" time="0.000000">
          <error type="Exception">JTD\LaravelMCP\Tests\Unit\Server\Handlers\BaseHandlerTest::get_supported_methods_returns_expected_methods
Exception: The /var/www/html/vendor/orchestra/testbench-core/laravel/bootstrap/cache directory must be present and writable.

/var/www/html/vendor/laravel/framework/src/Illuminate/Foundation/PackageManifest.php:179
/var/www/html/vendor/orchestra/testbench-core/src/Foundation/PackageManifest.php:157
/var/www/html/vendor/laravel/framework/src/Illuminate/Foundation/PackageManifest.php:132
/var/www/html/vendor/laravel/framework/src/Illuminate/Foundation/PackageManifest.php:108
/var/www/html/vendor/orchestra/testbench-core/src/Foundation/PackageManifest.php:102
/var/www/html/vendor/laravel/framework/src/Illuminate/Foundation/PackageManifest.php:91
/var/www/html/vendor/laravel/framework/src/Illuminate/Foundation/PackageManifest.php:80
/var/www/html/vendor/laravel/framework/src/Illuminate/Foundation/Bootstrap/RegisterFacades.php:26
/var/www/html/vendor/orchestra/testbench-core/src/Concerns/CreatesApplication.php:556
/var/www/html/vendor/orchestra/testbench-core/src/Concerns/CreatesApplication.php:311
/var/www/html/vendor/orchestra/testbench-core/src/TestCase.php:121
/var/www/html/vendor/orchestra/testbench-core/src/Concerns/ApplicationTestingHooks.php:74
/var/www/html/vendor/orchestra/testbench-core/src/Concerns/Testing.php:43
/var/www/html/vendor/laravel/framework/src/Illuminate/Collections/helpers.php:236
/var/www/html/vendor/orchestra/sidekick/src/functions.php:87
/var/www/html/vendor/laravel/framework/src/Illuminate/Collections/helpers.php:236
/var/www/html/vendor/orchestra/testbench-core/src/Concerns/Testing.php:57
/var/www/html/vendor/orchestra/testbench-core/src/TestCase.php:50
/var/www/html/tests/TestCase.php:61
/var/www/html/tests/Unit/Server/Handlers/BaseHandlerTest.php:35</error>
        </testcase>
        <testcase name="sanitize_for_logging_removes_sensitive_keys" file="/var/www/html/tests/Unit/Server/Handlers/BaseHandlerTest.php" line="246" class="JTD\LaravelMCP\Tests\Unit\Server\Handlers\BaseHandlerTest" classname="JTD.LaravelMCP.Tests.Unit.Server.Handlers.BaseHandlerTest" assertions="0" time="0.000000">
          <error type="Exception">JTD\LaravelMCP\Tests\Unit\Server\Handlers\BaseHandlerTest::sanitize_for_logging_removes_sensitive_keys
Exception: The /var/www/html/vendor/orchestra/testbench-core/laravel/bootstrap/cache directory must be present and writable.

/var/www/html/vendor/laravel/framework/src/Illuminate/Foundation/PackageManifest.php:179
/var/www/html/vendor/orchestra/testbench-core/src/Foundation/PackageManifest.php:157
/var/www/html/vendor/laravel/framework/src/Illuminate/Foundation/PackageManifest.php:132
/var/www/html/vendor/laravel/framework/src/Illuminate/Foundation/PackageManifest.php:108
/var/www/html/vendor/orchestra/testbench-core/src/Foundation/PackageManifest.php:102
/var/www/html/vendor/laravel/framework/src/Illuminate/Foundation/PackageManifest.php:91
/var/www/html/vendor/laravel/framework/src/Illuminate/Foundation/PackageManifest.php:80
/var/www/html/vendor/laravel/framework/src/Illuminate/Foundation/Bootstrap/RegisterFacades.php:26
/var/www/html/vendor/orchestra/testbench-core/src/Concerns/CreatesApplication.php:556
/var/www/html/vendor/orchestra/testbench-core/src/Concerns/CreatesApplication.php:311
/var/www/html/vendor/orchestra/testbench-core/src/TestCase.php:121
/var/www/html/vendor/orchestra/testbench-core/src/Concerns/ApplicationTestingHooks.php:74
/var/www/html/vendor/orchestra/testbench-core/src/Concerns/Testing.php:43
/var/www/html/vendor/laravel/framework/src/Illuminate/Collections/helpers.php:236
/var/www/html/vendor/orchestra/sidekick/src/functions.php:87
/var/www/html/vendor/laravel/framework/src/Illuminate/Collections/helpers.php:236
/var/www/html/vendor/orchestra/testbench-core/src/Concerns/Testing.php:57
/var/www/html/vendor/orchestra/testbench-core/src/TestCase.php:50
/var/www/html/tests/TestCase.php:61
/var/www/html/tests/Unit/Server/Handlers/BaseHandlerTest.php:35</error>
        </testcase>
        <testcase name="sanitize_for_logging_handles_empty_array" file="/var/www/html/tests/Unit/Server/Handlers/BaseHandlerTest.php" line="272" class="JTD\LaravelMCP\Tests\Unit\Server\Handlers\BaseHandlerTest" classname="JTD.LaravelMCP.Tests.Unit.Server.Handlers.BaseHandlerTest" assertions="0" time="0.000000">
          <error type="Exception">JTD\LaravelMCP\Tests\Unit\Server\Handlers\BaseHandlerTest::sanitize_for_logging_handles_empty_array
Exception: The /var/www/html/vendor/orchestra/testbench-core/laravel/bootstrap/cache directory must be present and writable.

/var/www/html/vendor/laravel/framework/src/Illuminate/Foundation/PackageManifest.php:179
/var/www/html/vendor/orchestra/testbench-core/src/Foundation/PackageManifest.php:157
/var/www/html/vendor/laravel/framework/src/Illuminate/Foundation/PackageManifest.php:132
/var/www/html/vendor/laravel/framework/src/Illuminate/Foundation/PackageManifest.php:108
/var/www/html/vendor/orchestra/testbench-core/src/Foundation/PackageManifest.php:102
/var/www/html/vendor/laravel/framework/src/Illuminate/Foundation/PackageManifest.php:91
/var/www/html/vendor/laravel/framework/src/Illuminate/Foundation/PackageManifest.php:80
/var/www/html/vendor/laravel/framework/src/Illuminate/Foundation/Bootstrap/RegisterFacades.php:26
/var/www/html/vendor/orchestra/testbench-core/src/Concerns/CreatesApplication.php:556
/var/www/html/vendor/orchestra/testbench-core/src/Concerns/CreatesApplication.php:311
/var/www/html/vendor/orchestra/testbench-core/src/TestCase.php:121
/var/www/html/vendor/orchestra/testbench-core/src/Concerns/ApplicationTestingHooks.php:74
/var/www/html/vendor/orchestra/testbench-core/src/Concerns/Testing.php:43
/var/www/html/vendor/laravel/framework/src/Illuminate/Collections/helpers.php:236
/var/www/html/vendor/orchestra/sidekick/src/functions.php:87
/var/www/html/vendor/laravel/framework/src/Illuminate/Collections/helpers.php:236
/var/www/html/vendor/orchestra/testbench-core/src/Concerns/Testing.php:57
/var/www/html/vendor/orchestra/testbench-core/src/TestCase.php:50
/var/www/html/tests/TestCase.php:61
/var/www/html/tests/Unit/Server/Handlers/BaseHandlerTest.php:35</error>
        </testcase>
        <testcase name="handle_exception_preserves_protocol_exception_details" file="/var/www/html/tests/Unit/Server/Handlers/BaseHandlerTest.php" line="280" class="JTD\LaravelMCP\Tests\Unit\Server\Handlers\BaseHandlerTest" classname="JTD.LaravelMCP.Tests.Unit.Server.Handlers.BaseHandlerTest" assertions="0" time="0.000000">
          <error type="Exception">JTD\LaravelMCP\Tests\Unit\Server\Handlers\BaseHandlerTest::handle_exception_preserves_protocol_exception_details
Exception: The /var/www/html/vendor/orchestra/testbench-core/laravel/bootstrap/cache directory must be present and writable.

/var/www/html/vendor/laravel/framework/src/Illuminate/Foundation/PackageManifest.php:179
/var/www/html/vendor/orchestra/testbench-core/src/Foundation/PackageManifest.php:157
/var/www/html/vendor/laravel/framework/src/Illuminate/Foundation/PackageManifest.php:132
/var/www/html/vendor/laravel/framework/src/Illuminate/Foundation/PackageManifest.php:108
/var/www/html/vendor/orchestra/testbench-core/src/Foundation/PackageManifest.php:102
/var/www/html/vendor/laravel/framework/src/Illuminate/Foundation/PackageManifest.php:91
/var/www/html/vendor/laravel/framework/src/Illuminate/Foundation/PackageManifest.php:80
/var/www/html/vendor/laravel/framework/src/Illuminate/Foundation/Bootstrap/RegisterFacades.php:26
/var/www/html/vendor/orchestra/testbench-core/src/Concerns/CreatesApplication.php:556
/var/www/html/vendor/orchestra/testbench-core/src/Concerns/CreatesApplication.php:311
/var/www/html/vendor/orchestra/testbench-core/src/TestCase.php:121
/var/www/html/vendor/orchestra/testbench-core/src/Concerns/ApplicationTestingHooks.php:74
/var/www/html/vendor/orchestra/testbench-core/src/Concerns/Testing.php:43
/var/www/html/vendor/laravel/framework/src/Illuminate/Collections/helpers.php:236
/var/www/html/vendor/orchestra/sidekick/src/functions.php:87
/var/www/html/vendor/laravel/framework/src/Illuminate/Collections/helpers.php:236
/var/www/html/vendor/orchestra/testbench-core/src/Concerns/Testing.php:57
/var/www/html/vendor/orchestra/testbench-core/src/TestCase.php:50
/var/www/html/tests/TestCase.php:61
/var/www/html/tests/Unit/Server/Handlers/BaseHandlerTest.php:35</error>
        </testcase>
        <testcase name="handle_exception_converts_generic_exception_to_internal_error" file="/var/www/html/tests/Unit/Server/Handlers/BaseHandlerTest.php" line="293" class="JTD\LaravelMCP\Tests\Unit\Server\Handlers\BaseHandlerTest" classname="JTD.LaravelMCP.Tests.Unit.Server.Handlers.BaseHandlerTest" assertions="0" time="0.000000">
          <error type="Exception">JTD\LaravelMCP\Tests\Unit\Server\Handlers\BaseHandlerTest::handle_exception_converts_generic_exception_to_internal_error
Exception: The /var/www/html/vendor/orchestra/testbench-core/laravel/bootstrap/cache directory must be present and writable.

/var/www/html/vendor/laravel/framework/src/Illuminate/Foundation/PackageManifest.php:179
/var/www/html/vendor/orchestra/testbench-core/src/Foundation/PackageManifest.php:157
/var/www/html/vendor/laravel/framework/src/Illuminate/Foundation/PackageManifest.php:132
/var/www/html/vendor/laravel/framework/src/Illuminate/Foundation/PackageManifest.php:108
/var/www/html/vendor/orchestra/testbench-core/src/Foundation/PackageManifest.php:102
/var/www/html/vendor/laravel/framework/src/Illuminate/Foundation/PackageManifest.php:91
/var/www/html/vendor/laravel/framework/src/Illuminate/Foundation/PackageManifest.php:80
/var/www/html/vendor/laravel/framework/src/Illuminate/Foundation/Bootstrap/RegisterFacades.php:26
/var/www/html/vendor/orchestra/testbench-core/src/Concerns/CreatesApplication.php:556
/var/www/html/vendor/orchestra/testbench-core/src/Concerns/CreatesApplication.php:311
/var/www/html/vendor/orchestra/testbench-core/src/TestCase.php:121
/var/www/html/vendor/orchestra/testbench-core/src/Concerns/ApplicationTestingHooks.php:74
/var/www/html/vendor/orchestra/testbench-core/src/Concerns/Testing.php:43
/var/www/html/vendor/laravel/framework/src/Illuminate/Collections/helpers.php:236
/var/www/html/vendor/orchestra/sidekick/src/functions.php:87
/var/www/html/vendor/laravel/framework/src/Illuminate/Collections/helpers.php:236
/var/www/html/vendor/orchestra/testbench-core/src/Concerns/Testing.php:57
/var/www/html/vendor/orchestra/testbench-core/src/TestCase.php:50
/var/www/html/tests/TestCase.php:61
/var/www/html/tests/Unit/Server/Handlers/BaseHandlerTest.php:35</error>
        </testcase>
        <testcase name="handle_exception_includes_debug_data_when_debug_enabled" file="/var/www/html/tests/Unit/Server/Handlers/BaseHandlerTest.php" line="306" class="JTD\LaravelMCP\Tests\Unit\Server\Handlers\BaseHandlerTest" classname="JTD.LaravelMCP.Tests.Unit.Server.Handlers.BaseHandlerTest" assertions="0" time="0.000000">
          <error type="Exception">JTD\LaravelMCP\Tests\Unit\Server\Handlers\BaseHandlerTest::handle_exception_includes_debug_data_when_debug_enabled
Exception: The /var/www/html/vendor/orchestra/testbench-core/laravel/bootstrap/cache directory must be present and writable.

/var/www/html/vendor/laravel/framework/src/Illuminate/Foundation/PackageManifest.php:179
/var/www/html/vendor/orchestra/testbench-core/src/Foundation/PackageManifest.php:157
/var/www/html/vendor/laravel/framework/src/Illuminate/Foundation/PackageManifest.php:132
/var/www/html/vendor/laravel/framework/src/Illuminate/Foundation/PackageManifest.php:108
/var/www/html/vendor/orchestra/testbench-core/src/Foundation/PackageManifest.php:102
/var/www/html/vendor/laravel/framework/src/Illuminate/Foundation/PackageManifest.php:91
/var/www/html/vendor/laravel/framework/src/Illuminate/Foundation/PackageManifest.php:80
/var/www/html/vendor/laravel/framework/src/Illuminate/Foundation/Bootstrap/RegisterFacades.php:26
/var/www/html/vendor/orchestra/testbench-core/src/Concerns/CreatesApplication.php:556
/var/www/html/vendor/orchestra/testbench-core/src/Concerns/CreatesApplication.php:311
/var/www/html/vendor/orchestra/testbench-core/src/TestCase.php:121
/var/www/html/vendor/orchestra/testbench-core/src/Concerns/ApplicationTestingHooks.php:74
/var/www/html/vendor/orchestra/testbench-core/src/Concerns/Testing.php:43
/var/www/html/vendor/laravel/framework/src/Illuminate/Collections/helpers.php:236
/var/www/html/vendor/orchestra/sidekick/src/functions.php:87
/var/www/html/vendor/laravel/framework/src/Illuminate/Collections/helpers.php:236
/var/www/html/vendor/orchestra/testbench-core/src/Concerns/Testing.php:57
/var/www/html/vendor/orchestra/testbench-core/src/TestCase.php:50
/var/www/html/tests/TestCase.php:61
/var/www/html/tests/Unit/Server/Handlers/BaseHandlerTest.php:35</error>
        </testcase>
        <testcase name="logging_methods_use_handler_name_prefix" file="/var/www/html/tests/Unit/Server/Handlers/BaseHandlerTest.php" line="373" class="JTD\LaravelMCP\Tests\Unit\Server\Handlers\BaseHandlerTest" classname="JTD.LaravelMCP.Tests.Unit.Server.Handlers.BaseHandlerTest" assertions="0" time="0.000000">
          <error type="Exception">JTD\LaravelMCP\Tests\Unit\Server\Handlers\BaseHandlerTest::logging_methods_use_handler_name_prefix
Exception: The /var/www/html/vendor/orchestra/testbench-core/laravel/bootstrap/cache directory must be present and writable.

/var/www/html/vendor/laravel/framework/src/Illuminate/Foundation/PackageManifest.php:179
/var/www/html/vendor/orchestra/testbench-core/src/Foundation/PackageManifest.php:157
/var/www/html/vendor/laravel/framework/src/Illuminate/Foundation/PackageManifest.php:132
/var/www/html/vendor/laravel/framework/src/Illuminate/Foundation/PackageManifest.php:108
/var/www/html/vendor/orchestra/testbench-core/src/Foundation/PackageManifest.php:102
/var/www/html/vendor/laravel/framework/src/Illuminate/Foundation/PackageManifest.php:91
/var/www/html/vendor/laravel/framework/src/Illuminate/Foundation/PackageManifest.php:80
/var/www/html/vendor/laravel/framework/src/Illuminate/Foundation/Bootstrap/RegisterFacades.php:26
/var/www/html/vendor/orchestra/testbench-core/src/Concerns/CreatesApplication.php:556
/var/www/html/vendor/orchestra/testbench-core/src/Concerns/CreatesApplication.php:311
/var/www/html/vendor/orchestra/testbench-core/src/TestCase.php:121
/var/www/html/vendor/orchestra/testbench-core/src/Concerns/ApplicationTestingHooks.php:74
/var/www/html/vendor/orchestra/testbench-core/src/Concerns/Testing.php:43
/var/www/html/vendor/laravel/framework/src/Illuminate/Collections/helpers.php:236
/var/www/html/vendor/orchestra/sidekick/src/functions.php:87
/var/www/html/vendor/laravel/framework/src/Illuminate/Collections/helpers.php:236
/var/www/html/vendor/orchestra/testbench-core/src/Concerns/Testing.php:57
/var/www/html/vendor/orchestra/testbench-core/src/TestCase.php:50
/var/www/html/tests/TestCase.php:61
/var/www/html/tests/Unit/Server/Handlers/BaseHandlerTest.php:35</error>
        </testcase>
        <testcase name="debug_logging_works_when_debug_enabled" file="/var/www/html/tests/Unit/Server/Handlers/BaseHandlerTest.php" line="398" class="JTD\LaravelMCP\Tests\Unit\Server\Handlers\BaseHandlerTest" classname="JTD.LaravelMCP.Tests.Unit.Server.Handlers.BaseHandlerTest" assertions="0" time="0.000000">
          <error type="Exception">JTD\LaravelMCP\Tests\Unit\Server\Handlers\BaseHandlerTest::debug_logging_works_when_debug_enabled
Exception: The /var/www/html/vendor/orchestra/testbench-core/laravel/bootstrap/cache directory must be present and writable.

/var/www/html/vendor/laravel/framework/src/Illuminate/Foundation/PackageManifest.php:179
/var/www/html/vendor/orchestra/testbench-core/src/Foundation/PackageManifest.php:157
/var/www/html/vendor/laravel/framework/src/Illuminate/Foundation/PackageManifest.php:132
/var/www/html/vendor/laravel/framework/src/Illuminate/Foundation/PackageManifest.php:108
/var/www/html/vendor/orchestra/testbench-core/src/Foundation/PackageManifest.php:102
/var/www/html/vendor/laravel/framework/src/Illuminate/Foundation/PackageManifest.php:91
/var/www/html/vendor/laravel/framework/src/Illuminate/Foundation/PackageManifest.php:80
/var/www/html/vendor/laravel/framework/src/Illuminate/Foundation/Bootstrap/RegisterFacades.php:26
/var/www/html/vendor/orchestra/testbench-core/src/Concerns/CreatesApplication.php:556
/var/www/html/vendor/orchestra/testbench-core/src/Concerns/CreatesApplication.php:311
/var/www/html/vendor/orchestra/testbench-core/src/TestCase.php:121
/var/www/html/vendor/orchestra/testbench-core/src/Concerns/ApplicationTestingHooks.php:74
/var/www/html/vendor/orchestra/testbench-core/src/Concerns/Testing.php:43
/var/www/html/vendor/laravel/framework/src/Illuminate/Collections/helpers.php:236
/var/www/html/vendor/orchestra/sidekick/src/functions.php:87
/var/www/html/vendor/laravel/framework/src/Illuminate/Collections/helpers.php:236
/var/www/html/vendor/orchestra/testbench-core/src/Concerns/Testing.php:57
/var/www/html/vendor/orchestra/testbench-core/src/TestCase.php:50
/var/www/html/tests/TestCase.php:61
/var/www/html/tests/Unit/Server/Handlers/BaseHandlerTest.php:35</error>
        </testcase>
        <testcase name="constructor_logs_initialization_when_debug_enabled" file="/var/www/html/tests/Unit/Server/Handlers/BaseHandlerTest.php" line="411" class="JTD\LaravelMCP\Tests\Unit\Server\Handlers\BaseHandlerTest" classname="JTD.LaravelMCP.Tests.Unit.Server.Handlers.BaseHandlerTest" assertions="0" time="0.000000">
          <error type="Exception">JTD\LaravelMCP\Tests\Unit\Server\Handlers\BaseHandlerTest::constructor_logs_initialization_when_debug_enabled
Exception: The /var/www/html/vendor/orchestra/testbench-core/laravel/bootstrap/cache directory must be present and writable.

/var/www/html/vendor/laravel/framework/src/Illuminate/Foundation/PackageManifest.php:179
/var/www/html/vendor/orchestra/testbench-core/src/Foundation/PackageManifest.php:157
/var/www/html/vendor/laravel/framework/src/Illuminate/Foundation/PackageManifest.php:132
/var/www/html/vendor/laravel/framework/src/Illuminate/Foundation/PackageManifest.php:108
/var/www/html/vendor/orchestra/testbench-core/src/Foundation/PackageManifest.php:102
/var/www/html/vendor/laravel/framework/src/Illuminate/Foundation/PackageManifest.php:91
/var/www/html/vendor/laravel/framework/src/Illuminate/Foundation/PackageManifest.php:80
/var/www/html/vendor/laravel/framework/src/Illuminate/Foundation/Bootstrap/RegisterFacades.php:26
/var/www/html/vendor/orchestra/testbench-core/src/Concerns/CreatesApplication.php:556
/var/www/html/vendor/orchestra/testbench-core/src/Concerns/CreatesApplication.php:311
/var/www/html/vendor/orchestra/testbench-core/src/TestCase.php:121
/var/www/html/vendor/orchestra/testbench-core/src/Concerns/ApplicationTestingHooks.php:74
/var/www/html/vendor/orchestra/testbench-core/src/Concerns/Testing.php:43
/var/www/html/vendor/laravel/framework/src/Illuminate/Collections/helpers.php:236
/var/www/html/vendor/orchestra/sidekick/src/functions.php:87
/var/www/html/vendor/laravel/framework/src/Illuminate/Collections/helpers.php:236
/var/www/html/vendor/orchestra/testbench-core/src/Concerns/Testing.php:57
/var/www/html/vendor/orchestra/testbench-core/src/TestCase.php:50
/var/www/html/tests/TestCase.php:61
/var/www/html/tests/Unit/Server/Handlers/BaseHandlerTest.php:35</error>
        </testcase>
        <testcase name="constructor_does_not_log_when_debug_disabled" file="/var/www/html/tests/Unit/Server/Handlers/BaseHandlerTest.php" line="423" class="JTD\LaravelMCP\Tests\Unit\Server\Handlers\BaseHandlerTest" classname="JTD.LaravelMCP.Tests.Unit.Server.Handlers.BaseHandlerTest" assertions="0" time="0.000000">
          <error type="Exception">JTD\LaravelMCP\Tests\Unit\Server\Handlers\BaseHandlerTest::constructor_does_not_log_when_debug_disabled
Exception: The /var/www/html/vendor/orchestra/testbench-core/laravel/bootstrap/cache directory must be present and writable.

/var/www/html/vendor/laravel/framework/src/Illuminate/Foundation/PackageManifest.php:179
/var/www/html/vendor/orchestra/testbench-core/src/Foundation/PackageManifest.php:157
/var/www/html/vendor/laravel/framework/src/Illuminate/Foundation/PackageManifest.php:132
/var/www/html/vendor/laravel/framework/src/Illuminate/Foundation/PackageManifest.php:108
/var/www/html/vendor/orchestra/testbench-core/src/Foundation/PackageManifest.php:102
/var/www/html/vendor/laravel/framework/src/Illuminate/Foundation/PackageManifest.php:91
/var/www/html/vendor/laravel/framework/src/Illuminate/Foundation/PackageManifest.php:80
/var/www/html/vendor/laravel/framework/src/Illuminate/Foundation/Bootstrap/RegisterFacades.php:26
/var/www/html/vendor/orchestra/testbench-core/src/Concerns/CreatesApplication.php:556
/var/www/html/vendor/orchestra/testbench-core/src/Concerns/CreatesApplication.php:311
/var/www/html/vendor/orchestra/testbench-core/src/TestCase.php:121
/var/www/html/vendor/orchestra/testbench-core/src/Concerns/ApplicationTestingHooks.php:74
/var/www/html/vendor/orchestra/testbench-core/src/Concerns/Testing.php:43
/var/www/html/vendor/laravel/framework/src/Illuminate/Collections/helpers.php:236
/var/www/html/vendor/orchestra/sidekick/src/functions.php:87
/var/www/html/vendor/laravel/framework/src/Illuminate/Collections/helpers.php:236
/var/www/html/vendor/orchestra/testbench-core/src/Concerns/Testing.php:57
/var/www/html/vendor/orchestra/testbench-core/src/TestCase.php:50
/var/www/html/tests/TestCase.php:61
/var/www/html/tests/Unit/Server/Handlers/BaseHandlerTest.php:35</error>
        </testcase>
        <testsuite name="JTD\LaravelMCP\Tests\Unit\Server\Handlers\BaseHandlerTest::format_content_handles_different_types_correctly" tests="7" assertions="0" errors="7" failures="0" skipped="0" time="0.000000">
          <testcase name="format_content_handles_different_types_correctly with data set &quot;string as text&quot;" file="/var/www/html/tests/Unit/Server/Handlers/BaseHandlerTest.php" line="324" class="JTD\LaravelMCP\Tests\Unit\Server\Handlers\BaseHandlerTest" classname="JTD.LaravelMCP.Tests.Unit.Server.Handlers.BaseHandlerTest" assertions="0" time="0.000000">
            <error type="Exception">JTD\LaravelMCP\Tests\Unit\Server\Handlers\BaseHandlerTest::format_content_handles_different_types_correctly with data set "string as text"
Exception: The /var/www/html/vendor/orchestra/testbench-core/laravel/bootstrap/cache directory must be present and writable.

/var/www/html/vendor/laravel/framework/src/Illuminate/Foundation/PackageManifest.php:179
/var/www/html/vendor/orchestra/testbench-core/src/Foundation/PackageManifest.php:157
/var/www/html/vendor/laravel/framework/src/Illuminate/Foundation/PackageManifest.php:132
/var/www/html/vendor/laravel/framework/src/Illuminate/Foundation/PackageManifest.php:108
/var/www/html/vendor/orchestra/testbench-core/src/Foundation/PackageManifest.php:102
/var/www/html/vendor/laravel/framework/src/Illuminate/Foundation/PackageManifest.php:91
/var/www/html/vendor/laravel/framework/src/Illuminate/Foundation/PackageManifest.php:80
/var/www/html/vendor/laravel/framework/src/Illuminate/Foundation/Bootstrap/RegisterFacades.php:26
/var/www/html/vendor/orchestra/testbench-core/src/Concerns/CreatesApplication.php:556
/var/www/html/vendor/orchestra/testbench-core/src/Concerns/CreatesApplication.php:311
/var/www/html/vendor/orchestra/testbench-core/src/TestCase.php:121
/var/www/html/vendor/orchestra/testbench-core/src/Concerns/ApplicationTestingHooks.php:74
/var/www/html/vendor/orchestra/testbench-core/src/Concerns/Testing.php:43
/var/www/html/vendor/laravel/framework/src/Illuminate/Collections/helpers.php:236
/var/www/html/vendor/orchestra/sidekick/src/functions.php:87
/var/www/html/vendor/laravel/framework/src/Illuminate/Collections/helpers.php:236
/var/www/html/vendor/orchestra/testbench-core/src/Concerns/Testing.php:57
/var/www/html/vendor/orchestra/testbench-core/src/TestCase.php:50
/var/www/html/tests/TestCase.php:61
/var/www/html/tests/Unit/Server/Handlers/BaseHandlerTest.php:35</error>
          </testcase>
          <testcase name="format_content_handles_different_types_correctly with data set &quot;array as text&quot;" file="/var/www/html/tests/Unit/Server/Handlers/BaseHandlerTest.php" line="324" class="JTD\LaravelMCP\Tests\Unit\Server\Handlers\BaseHandlerTest" classname="JTD.LaravelMCP.Tests.Unit.Server.Handlers.BaseHandlerTest" assertions="0" time="0.000000">
            <error type="Exception">JTD\LaravelMCP\Tests\Unit\Server\Handlers\BaseHandlerTest::format_content_handles_different_types_correctly with data set "array as text"
Exception: The /var/www/html/vendor/orchestra/testbench-core/laravel/bootstrap/cache directory must be present and writable.

/var/www/html/vendor/laravel/framework/src/Illuminate/Foundation/PackageManifest.php:179
/var/www/html/vendor/orchestra/testbench-core/src/Foundation/PackageManifest.php:157
/var/www/html/vendor/laravel/framework/src/Illuminate/Foundation/PackageManifest.php:132
/var/www/html/vendor/laravel/framework/src/Illuminate/Foundation/PackageManifest.php:108
/var/www/html/vendor/orchestra/testbench-core/src/Foundation/PackageManifest.php:102
/var/www/html/vendor/laravel/framework/src/Illuminate/Foundation/PackageManifest.php:91
/var/www/html/vendor/laravel/framework/src/Illuminate/Foundation/PackageManifest.php:80
/var/www/html/vendor/laravel/framework/src/Illuminate/Foundation/Bootstrap/RegisterFacades.php:26
/var/www/html/vendor/orchestra/testbench-core/src/Concerns/CreatesApplication.php:556
/var/www/html/vendor/orchestra/testbench-core/src/Concerns/CreatesApplication.php:311
/var/www/html/vendor/orchestra/testbench-core/src/TestCase.php:121
/var/www/html/vendor/orchestra/testbench-core/src/Concerns/ApplicationTestingHooks.php:74
/var/www/html/vendor/orchestra/testbench-core/src/Concerns/Testing.php:43
/var/www/html/vendor/laravel/framework/src/Illuminate/Collections/helpers.php:236
/var/www/html/vendor/orchestra/sidekick/src/functions.php:87
/var/www/html/vendor/laravel/framework/src/Illuminate/Collections/helpers.php:236
/var/www/html/vendor/orchestra/testbench-core/src/Concerns/Testing.php:57
/var/www/html/vendor/orchestra/testbench-core/src/TestCase.php:50
/var/www/html/tests/TestCase.php:61
/var/www/html/tests/Unit/Server/Handlers/BaseHandlerTest.php:35</error>
          </testcase>
          <testcase name="format_content_handles_different_types_correctly with data set &quot;string as json&quot;" file="/var/www/html/tests/Unit/Server/Handlers/BaseHandlerTest.php" line="324" class="JTD\LaravelMCP\Tests\Unit\Server\Handlers\BaseHandlerTest" classname="JTD.LaravelMCP.Tests.Unit.Server.Handlers.BaseHandlerTest" assertions="0" time="0.000000">
            <error type="Exception">JTD\LaravelMCP\Tests\Unit\Server\Handlers\BaseHandlerTest::format_content_handles_different_types_correctly with data set "string as json"
Exception: The /var/www/html/vendor/orchestra/testbench-core/laravel/bootstrap/cache directory must be present and writable.

/var/www/html/vendor/laravel/framework/src/Illuminate/Foundation/PackageManifest.php:179
/var/www/html/vendor/orchestra/testbench-core/src/Foundation/PackageManifest.php:157
/var/www/html/vendor/laravel/framework/src/Illuminate/Foundation/PackageManifest.php:132
/var/www/html/vendor/laravel/framework/src/Illuminate/Foundation/PackageManifest.php:108
/var/www/html/vendor/orchestra/testbench-core/src/Foundation/PackageManifest.php:102
/var/www/html/vendor/laravel/framework/src/Illuminate/Foundation/PackageManifest.php:91
/var/www/html/vendor/laravel/framework/src/Illuminate/Foundation/PackageManifest.php:80
/var/www/html/vendor/laravel/framework/src/Illuminate/Foundation/Bootstrap/RegisterFacades.php:26
/var/www/html/vendor/orchestra/testbench-core/src/Concerns/CreatesApplication.php:556
/var/www/html/vendor/orchestra/testbench-core/src/Concerns/CreatesApplication.php:311
/var/www/html/vendor/orchestra/testbench-core/src/TestCase.php:121
/var/www/html/vendor/orchestra/testbench-core/src/Concerns/ApplicationTestingHooks.php:74
/var/www/html/vendor/orchestra/testbench-core/src/Concerns/Testing.php:43
/var/www/html/vendor/laravel/framework/src/Illuminate/Collections/helpers.php:236
/var/www/html/vendor/orchestra/sidekick/src/functions.php:87
/var/www/html/vendor/laravel/framework/src/Illuminate/Collections/helpers.php:236
/var/www/html/vendor/orchestra/testbench-core/src/Concerns/Testing.php:57
/var/www/html/vendor/orchestra/testbench-core/src/TestCase.php:50
/var/www/html/tests/TestCase.php:61
/var/www/html/tests/Unit/Server/Handlers/BaseHandlerTest.php:35</error>
          </testcase>
          <testcase name="format_content_handles_different_types_correctly with data set &quot;array as json&quot;" file="/var/www/html/tests/Unit/Server/Handlers/BaseHandlerTest.php" line="324" class="JTD\LaravelMCP\Tests\Unit\Server\Handlers\BaseHandlerTest" classname="JTD.LaravelMCP.Tests.Unit.Server.Handlers.BaseHandlerTest" assertions="0" time="0.000000">
            <error type="Exception">JTD\LaravelMCP\Tests\Unit\Server\Handlers\BaseHandlerTest::format_content_handles_different_types_correctly with data set "array as json"
Exception: The /var/www/html/vendor/orchestra/testbench-core/laravel/bootstrap/cache directory must be present and writable.

/var/www/html/vendor/laravel/framework/src/Illuminate/Foundation/PackageManifest.php:179
/var/www/html/vendor/orchestra/testbench-core/src/Foundation/PackageManifest.php:157
/var/www/html/vendor/laravel/framework/src/Illuminate/Foundation/PackageManifest.php:132
/var/www/html/vendor/laravel/framework/src/Illuminate/Foundation/PackageManifest.php:108
/var/www/html/vendor/orchestra/testbench-core/src/Foundation/PackageManifest.php:102
/var/www/html/vendor/laravel/framework/src/Illuminate/Foundation/PackageManifest.php:91
/var/www/html/vendor/laravel/framework/src/Illuminate/Foundation/PackageManifest.php:80
/var/www/html/vendor/laravel/framework/src/Illuminate/Foundation/Bootstrap/RegisterFacades.php:26
/var/www/html/vendor/orchestra/testbench-core/src/Concerns/CreatesApplication.php:556
/var/www/html/vendor/orchestra/testbench-core/src/Concerns/CreatesApplication.php:311
/var/www/html/vendor/orchestra/testbench-core/src/TestCase.php:121
/var/www/html/vendor/orchestra/testbench-core/src/Concerns/ApplicationTestingHooks.php:74
/var/www/html/vendor/orchestra/testbench-core/src/Concerns/Testing.php:43
/var/www/html/vendor/laravel/framework/src/Illuminate/Collections/helpers.php:236
/var/www/html/vendor/orchestra/sidekick/src/functions.php:87
/var/www/html/vendor/laravel/framework/src/Illuminate/Collections/helpers.php:236
/var/www/html/vendor/orchestra/testbench-core/src/Concerns/Testing.php:57
/var/www/html/vendor/orchestra/testbench-core/src/TestCase.php:50
/var/www/html/tests/TestCase.php:61
/var/www/html/tests/Unit/Server/Handlers/BaseHandlerTest.php:35</error>
          </testcase>
          <testcase name="format_content_handles_different_types_correctly with data set &quot;resource type&quot;" file="/var/www/html/tests/Unit/Server/Handlers/BaseHandlerTest.php" line="324" class="JTD\LaravelMCP\Tests\Unit\Server\Handlers\BaseHandlerTest" classname="JTD.LaravelMCP.Tests.Unit.Server.Handlers.BaseHandlerTest" assertions="0" time="0.000000">
            <error type="Exception">JTD\LaravelMCP\Tests\Unit\Server\Handlers\BaseHandlerTest::format_content_handles_different_types_correctly with data set "resource type"
Exception: The /var/www/html/vendor/orchestra/testbench-core/laravel/bootstrap/cache directory must be present and writable.

/var/www/html/vendor/laravel/framework/src/Illuminate/Foundation/PackageManifest.php:179
/var/www/html/vendor/orchestra/testbench-core/src/Foundation/PackageManifest.php:157
/var/www/html/vendor/laravel/framework/src/Illuminate/Foundation/PackageManifest.php:132
/var/www/html/vendor/laravel/framework/src/Illuminate/Foundation/PackageManifest.php:108
/var/www/html/vendor/orchestra/testbench-core/src/Foundation/PackageManifest.php:102
/var/www/html/vendor/laravel/framework/src/Illuminate/Foundation/PackageManifest.php:91
/var/www/html/vendor/laravel/framework/src/Illuminate/Foundation/PackageManifest.php:80
/var/www/html/vendor/laravel/framework/src/Illuminate/Foundation/Bootstrap/RegisterFacades.php:26
/var/www/html/vendor/orchestra/testbench-core/src/Concerns/CreatesApplication.php:556
/var/www/html/vendor/orchestra/testbench-core/src/Concerns/CreatesApplication.php:311
/var/www/html/vendor/orchestra/testbench-core/src/TestCase.php:121
/var/www/html/vendor/orchestra/testbench-core/src/Concerns/ApplicationTestingHooks.php:74
/var/www/html/vendor/orchestra/testbench-core/src/Concerns/Testing.php:43
/var/www/html/vendor/laravel/framework/src/Illuminate/Collections/helpers.php:236
/var/www/html/vendor/orchestra/sidekick/src/functions.php:87
/var/www/html/vendor/laravel/framework/src/Illuminate/Collections/helpers.php:236
/var/www/html/vendor/orchestra/testbench-core/src/Concerns/Testing.php:57
/var/www/html/vendor/orchestra/testbench-core/src/TestCase.php:50
/var/www/html/tests/TestCase.php:61
/var/www/html/tests/Unit/Server/Handlers/BaseHandlerTest.php:35</error>
          </testcase>
          <testcase name="format_content_handles_different_types_correctly with data set &quot;unknown type defaults to text&quot;" file="/var/www/html/tests/Unit/Server/Handlers/BaseHandlerTest.php" line="324" class="JTD\LaravelMCP\Tests\Unit\Server\Handlers\BaseHandlerTest" classname="JTD.LaravelMCP.Tests.Unit.Server.Handlers.BaseHandlerTest" assertions="0" time="0.000000">
            <error type="Exception">JTD\LaravelMCP\Tests\Unit\Server\Handlers\BaseHandlerTest::format_content_handles_different_types_correctly with data set "unknown type defaults to text"
Exception: The /var/www/html/vendor/orchestra/testbench-core/laravel/bootstrap/cache directory must be present and writable.

/var/www/html/vendor/laravel/framework/src/Illuminate/Foundation/PackageManifest.php:179
/var/www/html/vendor/orchestra/testbench-core/src/Foundation/PackageManifest.php:157
/var/www/html/vendor/laravel/framework/src/Illuminate/Foundation/PackageManifest.php:132
/var/www/html/vendor/laravel/framework/src/Illuminate/Foundation/PackageManifest.php:108
/var/www/html/vendor/orchestra/testbench-core/src/Foundation/PackageManifest.php:102
/var/www/html/vendor/laravel/framework/src/Illuminate/Foundation/PackageManifest.php:91
/var/www/html/vendor/laravel/framework/src/Illuminate/Foundation/PackageManifest.php:80
/var/www/html/vendor/laravel/framework/src/Illuminate/Foundation/Bootstrap/RegisterFacades.php:26
/var/www/html/vendor/orchestra/testbench-core/src/Concerns/CreatesApplication.php:556
/var/www/html/vendor/orchestra/testbench-core/src/Concerns/CreatesApplication.php:311
/var/www/html/vendor/orchestra/testbench-core/src/TestCase.php:121
/var/www/html/vendor/orchestra/testbench-core/src/Concerns/ApplicationTestingHooks.php:74
/var/www/html/vendor/orchestra/testbench-core/src/Concerns/Testing.php:43
/var/www/html/vendor/laravel/framework/src/Illuminate/Collections/helpers.php:236
/var/www/html/vendor/orchestra/sidekick/src/functions.php:87
/var/www/html/vendor/laravel/framework/src/Illuminate/Collections/helpers.php:236
/var/www/html/vendor/orchestra/testbench-core/src/Concerns/Testing.php:57
/var/www/html/vendor/orchestra/testbench-core/src/TestCase.php:50
/var/www/html/tests/TestCase.php:61
/var/www/html/tests/Unit/Server/Handlers/BaseHandlerTest.php:35</error>
          </testcase>
          <testcase name="format_content_handles_different_types_correctly with data set &quot;number as text&quot;" file="/var/www/html/tests/Unit/Server/Handlers/BaseHandlerTest.php" line="324" class="JTD\LaravelMCP\Tests\Unit\Server\Handlers\BaseHandlerTest" classname="JTD.LaravelMCP.Tests.Unit.Server.Handlers.BaseHandlerTest" assertions="0" time="0.000000">
            <error type="Exception">JTD\LaravelMCP\Tests\Unit\Server\Handlers\BaseHandlerTest::format_content_handles_different_types_correctly with data set "number as text"
Exception: The /var/www/html/vendor/orchestra/testbench-core/laravel/bootstrap/cache directory must be present and writable.

/var/www/html/vendor/laravel/framework/src/Illuminate/Foundation/PackageManifest.php:179
/var/www/html/vendor/orchestra/testbench-core/src/Foundation/PackageManifest.php:157
/var/www/html/vendor/laravel/framework/src/Illuminate/Foundation/PackageManifest.php:132
/var/www/html/vendor/laravel/framework/src/Illuminate/Foundation/PackageManifest.php:108
/var/www/html/vendor/orchestra/testbench-core/src/Foundation/PackageManifest.php:102
/var/www/html/vendor/laravel/framework/src/Illuminate/Foundation/PackageManifest.php:91
/var/www/html/vendor/laravel/framework/src/Illuminate/Foundation/PackageManifest.php:80
/var/www/html/vendor/laravel/framework/src/Illuminate/Foundation/Bootstrap/RegisterFacades.php:26
/var/www/html/vendor/orchestra/testbench-core/src/Concerns/CreatesApplication.php:556
/var/www/html/vendor/orchestra/testbench-core/src/Concerns/CreatesApplication.php:311
/var/www/html/vendor/orchestra/testbench-core/src/TestCase.php:121
/var/www/html/vendor/orchestra/testbench-core/src/Concerns/ApplicationTestingHooks.php:74
/var/www/html/vendor/orchestra/testbench-core/src/Concerns/Testing.php:43
/var/www/html/vendor/laravel/framework/src/Illuminate/Collections/helpers.php:236
/var/www/html/vendor/orchestra/sidekick/src/functions.php:87
/var/www/html/vendor/laravel/framework/src/Illuminate/Collections/helpers.php:236
/var/www/html/vendor/orchestra/testbench-core/src/Concerns/Testing.php:57
/var/www/html/vendor/orchestra/testbench-core/src/TestCase.php:50
/var/www/html/tests/TestCase.php:61
/var/www/html/tests/Unit/Server/Handlers/BaseHandlerTest.php:35</error>
          </testcase>
        </testsuite>
      </testsuite>
      <testsuite name="JTD\LaravelMCP\Tests\Unit\Server\Handlers\PromptHandlerTest" file="/var/www/html/tests/Unit/Server/Handlers/PromptHandlerTest.php" tests="45" assertions="0" errors="45" failures="0" skipped="0" time="0.000000">
        <testcase name="constructor_sets_dependencies_and_handler_name" file="/var/www/html/tests/Unit/Server/Handlers/PromptHandlerTest.php" line="51" class="JTD\LaravelMCP\Tests\Unit\Server\Handlers\PromptHandlerTest" classname="JTD.LaravelMCP.Tests.Unit.Server.Handlers.PromptHandlerTest" assertions="0" time="0.000000">
          <error type="Exception">JTD\LaravelMCP\Tests\Unit\Server\Handlers\PromptHandlerTest::constructor_sets_dependencies_and_handler_name
Exception: The /var/www/html/vendor/orchestra/testbench-core/laravel/bootstrap/cache directory must be present and writable.

/var/www/html/vendor/laravel/framework/src/Illuminate/Foundation/PackageManifest.php:179
/var/www/html/vendor/orchestra/testbench-core/src/Foundation/PackageManifest.php:157
/var/www/html/vendor/laravel/framework/src/Illuminate/Foundation/PackageManifest.php:132
/var/www/html/vendor/laravel/framework/src/Illuminate/Foundation/PackageManifest.php:108
/var/www/html/vendor/orchestra/testbench-core/src/Foundation/PackageManifest.php:102
/var/www/html/vendor/laravel/framework/src/Illuminate/Foundation/PackageManifest.php:91
/var/www/html/vendor/laravel/framework/src/Illuminate/Foundation/PackageManifest.php:80
/var/www/html/vendor/laravel/framework/src/Illuminate/Foundation/Bootstrap/RegisterFacades.php:26
/var/www/html/vendor/orchestra/testbench-core/src/Concerns/CreatesApplication.php:556
/var/www/html/vendor/orchestra/testbench-core/src/Concerns/CreatesApplication.php:311
/var/www/html/vendor/orchestra/testbench-core/src/TestCase.php:121
/var/www/html/vendor/orchestra/testbench-core/src/Concerns/ApplicationTestingHooks.php:74
/var/www/html/vendor/orchestra/testbench-core/src/Concerns/Testing.php:43
/var/www/html/vendor/laravel/framework/src/Illuminate/Collections/helpers.php:236
/var/www/html/vendor/orchestra/sidekick/src/functions.php:87
/var/www/html/vendor/laravel/framework/src/Illuminate/Collections/helpers.php:236
/var/www/html/vendor/orchestra/testbench-core/src/Concerns/Testing.php:57
/var/www/html/vendor/orchestra/testbench-core/src/TestCase.php:50
/var/www/html/tests/TestCase.php:61
/var/www/html/tests/Unit/Server/Handlers/PromptHandlerTest.php:38</error>
        </testcase>
        <testcase name="get_supported_methods_returns_prompt_methods" file="/var/www/html/tests/Unit/Server/Handlers/PromptHandlerTest.php" line="60" class="JTD\LaravelMCP\Tests\Unit\Server\Handlers\PromptHandlerTest" classname="JTD.LaravelMCP.Tests.Unit.Server.Handlers.PromptHandlerTest" assertions="0" time="0.000000">
          <error type="Exception">JTD\LaravelMCP\Tests\Unit\Server\Handlers\PromptHandlerTest::get_supported_methods_returns_prompt_methods
Exception: The /var/www/html/vendor/orchestra/testbench-core/laravel/bootstrap/cache directory must be present and writable.

/var/www/html/vendor/laravel/framework/src/Illuminate/Foundation/PackageManifest.php:179
/var/www/html/vendor/orchestra/testbench-core/src/Foundation/PackageManifest.php:157
/var/www/html/vendor/laravel/framework/src/Illuminate/Foundation/PackageManifest.php:132
/var/www/html/vendor/laravel/framework/src/Illuminate/Foundation/PackageManifest.php:108
/var/www/html/vendor/orchestra/testbench-core/src/Foundation/PackageManifest.php:102
/var/www/html/vendor/laravel/framework/src/Illuminate/Foundation/PackageManifest.php:91
/var/www/html/vendor/laravel/framework/src/Illuminate/Foundation/PackageManifest.php:80
/var/www/html/vendor/laravel/framework/src/Illuminate/Foundation/Bootstrap/RegisterFacades.php:26
/var/www/html/vendor/orchestra/testbench-core/src/Concerns/CreatesApplication.php:556
/var/www/html/vendor/orchestra/testbench-core/src/Concerns/CreatesApplication.php:311
/var/www/html/vendor/orchestra/testbench-core/src/TestCase.php:121
/var/www/html/vendor/orchestra/testbench-core/src/Concerns/ApplicationTestingHooks.php:74
/var/www/html/vendor/orchestra/testbench-core/src/Concerns/Testing.php:43
/var/www/html/vendor/laravel/framework/src/Illuminate/Collections/helpers.php:236
/var/www/html/vendor/orchestra/sidekick/src/functions.php:87
/var/www/html/vendor/laravel/framework/src/Illuminate/Collections/helpers.php:236
/var/www/html/vendor/orchestra/testbench-core/src/Concerns/Testing.php:57
/var/www/html/vendor/orchestra/testbench-core/src/TestCase.php:50
/var/www/html/tests/TestCase.php:61
/var/www/html/tests/Unit/Server/Handlers/PromptHandlerTest.php:38</error>
        </testcase>
        <testcase name="supports_method_returns_true_for_supported_methods" file="/var/www/html/tests/Unit/Server/Handlers/PromptHandlerTest.php" line="68" class="JTD\LaravelMCP\Tests\Unit\Server\Handlers\PromptHandlerTest" classname="JTD.LaravelMCP.Tests.Unit.Server.Handlers.PromptHandlerTest" assertions="0" time="0.000000">
          <error type="Exception">JTD\LaravelMCP\Tests\Unit\Server\Handlers\PromptHandlerTest::supports_method_returns_true_for_supported_methods
Exception: The /var/www/html/vendor/orchestra/testbench-core/laravel/bootstrap/cache directory must be present and writable.

/var/www/html/vendor/laravel/framework/src/Illuminate/Foundation/PackageManifest.php:179
/var/www/html/vendor/orchestra/testbench-core/src/Foundation/PackageManifest.php:157
/var/www/html/vendor/laravel/framework/src/Illuminate/Foundation/PackageManifest.php:132
/var/www/html/vendor/laravel/framework/src/Illuminate/Foundation/PackageManifest.php:108
/var/www/html/vendor/orchestra/testbench-core/src/Foundation/PackageManifest.php:102
/var/www/html/vendor/laravel/framework/src/Illuminate/Foundation/PackageManifest.php:91
/var/www/html/vendor/laravel/framework/src/Illuminate/Foundation/PackageManifest.php:80
/var/www/html/vendor/laravel/framework/src/Illuminate/Foundation/Bootstrap/RegisterFacades.php:26
/var/www/html/vendor/orchestra/testbench-core/src/Concerns/CreatesApplication.php:556
/var/www/html/vendor/orchestra/testbench-core/src/Concerns/CreatesApplication.php:311
/var/www/html/vendor/orchestra/testbench-core/src/TestCase.php:121
/var/www/html/vendor/orchestra/testbench-core/src/Concerns/ApplicationTestingHooks.php:74
/var/www/html/vendor/orchestra/testbench-core/src/Concerns/Testing.php:43
/var/www/html/vendor/laravel/framework/src/Illuminate/Collections/helpers.php:236
/var/www/html/vendor/orchestra/sidekick/src/functions.php:87
/var/www/html/vendor/laravel/framework/src/Illuminate/Collections/helpers.php:236
/var/www/html/vendor/orchestra/testbench-core/src/Concerns/Testing.php:57
/var/www/html/vendor/orchestra/testbench-core/src/TestCase.php:50
/var/www/html/tests/TestCase.php:61
/var/www/html/tests/Unit/Server/Handlers/PromptHandlerTest.php:38</error>
        </testcase>
        <testcase name="supports_method_returns_false_for_unsupported_methods" file="/var/www/html/tests/Unit/Server/Handlers/PromptHandlerTest.php" line="75" class="JTD\LaravelMCP\Tests\Unit\Server\Handlers\PromptHandlerTest" classname="JTD.LaravelMCP.Tests.Unit.Server.Handlers.PromptHandlerTest" assertions="0" time="0.000000">
          <error type="Exception">JTD\LaravelMCP\Tests\Unit\Server\Handlers\PromptHandlerTest::supports_method_returns_false_for_unsupported_methods
Exception: The /var/www/html/vendor/orchestra/testbench-core/laravel/bootstrap/cache directory must be present and writable.

/var/www/html/vendor/laravel/framework/src/Illuminate/Foundation/PackageManifest.php:179
/var/www/html/vendor/orchestra/testbench-core/src/Foundation/PackageManifest.php:157
/var/www/html/vendor/laravel/framework/src/Illuminate/Foundation/PackageManifest.php:132
/var/www/html/vendor/laravel/framework/src/Illuminate/Foundation/PackageManifest.php:108
/var/www/html/vendor/orchestra/testbench-core/src/Foundation/PackageManifest.php:102
/var/www/html/vendor/laravel/framework/src/Illuminate/Foundation/PackageManifest.php:91
/var/www/html/vendor/laravel/framework/src/Illuminate/Foundation/PackageManifest.php:80
/var/www/html/vendor/laravel/framework/src/Illuminate/Foundation/Bootstrap/RegisterFacades.php:26
/var/www/html/vendor/orchestra/testbench-core/src/Concerns/CreatesApplication.php:556
/var/www/html/vendor/orchestra/testbench-core/src/Concerns/CreatesApplication.php:311
/var/www/html/vendor/orchestra/testbench-core/src/TestCase.php:121
/var/www/html/vendor/orchestra/testbench-core/src/Concerns/ApplicationTestingHooks.php:74
/var/www/html/vendor/orchestra/testbench-core/src/Concerns/Testing.php:43
/var/www/html/vendor/laravel/framework/src/Illuminate/Collections/helpers.php:236
/var/www/html/vendor/orchestra/sidekick/src/functions.php:87
/var/www/html/vendor/laravel/framework/src/Illuminate/Collections/helpers.php:236
/var/www/html/vendor/orchestra/testbench-core/src/Concerns/Testing.php:57
/var/www/html/vendor/orchestra/testbench-core/src/TestCase.php:50
/var/www/html/tests/TestCase.php:61
/var/www/html/tests/Unit/Server/Handlers/PromptHandlerTest.php:38</error>
        </testcase>
        <testcase name="handle_throws_protocol_exception_for_unsupported_method" file="/var/www/html/tests/Unit/Server/Handlers/PromptHandlerTest.php" line="82" class="JTD\LaravelMCP\Tests\Unit\Server\Handlers\PromptHandlerTest" classname="JTD.LaravelMCP.Tests.Unit.Server.Handlers.PromptHandlerTest" assertions="0" time="0.000000">
          <error type="Exception">JTD\LaravelMCP\Tests\Unit\Server\Handlers\PromptHandlerTest::handle_throws_protocol_exception_for_unsupported_method
Exception: The /var/www/html/vendor/orchestra/testbench-core/laravel/bootstrap/cache directory must be present and writable.

/var/www/html/vendor/laravel/framework/src/Illuminate/Foundation/PackageManifest.php:179
/var/www/html/vendor/orchestra/testbench-core/src/Foundation/PackageManifest.php:157
/var/www/html/vendor/laravel/framework/src/Illuminate/Foundation/PackageManifest.php:132
/var/www/html/vendor/laravel/framework/src/Illuminate/Foundation/PackageManifest.php:108
/var/www/html/vendor/orchestra/testbench-core/src/Foundation/PackageManifest.php:102
/var/www/html/vendor/laravel/framework/src/Illuminate/Foundation/PackageManifest.php:91
/var/www/html/vendor/laravel/framework/src/Illuminate/Foundation/PackageManifest.php:80
/var/www/html/vendor/laravel/framework/src/Illuminate/Foundation/Bootstrap/RegisterFacades.php:26
/var/www/html/vendor/orchestra/testbench-core/src/Concerns/CreatesApplication.php:556
/var/www/html/vendor/orchestra/testbench-core/src/Concerns/CreatesApplication.php:311
/var/www/html/vendor/orchestra/testbench-core/src/TestCase.php:121
/var/www/html/vendor/orchestra/testbench-core/src/Concerns/ApplicationTestingHooks.php:74
/var/www/html/vendor/orchestra/testbench-core/src/Concerns/Testing.php:43
/var/www/html/vendor/laravel/framework/src/Illuminate/Collections/helpers.php:236
/var/www/html/vendor/orchestra/sidekick/src/functions.php:87
/var/www/html/vendor/laravel/framework/src/Illuminate/Collections/helpers.php:236
/var/www/html/vendor/orchestra/testbench-core/src/Concerns/Testing.php:57
/var/www/html/vendor/orchestra/testbench-core/src/TestCase.php:50
/var/www/html/tests/TestCase.php:61
/var/www/html/tests/Unit/Server/Handlers/PromptHandlerTest.php:38</error>
        </testcase>
        <testcase name="handle_prompts_list_returns_empty_prompts_array_when_no_prompts" file="/var/www/html/tests/Unit/Server/Handlers/PromptHandlerTest.php" line="92" class="JTD\LaravelMCP\Tests\Unit\Server\Handlers\PromptHandlerTest" classname="JTD.LaravelMCP.Tests.Unit.Server.Handlers.PromptHandlerTest" assertions="0" time="0.000000">
          <error type="Exception">JTD\LaravelMCP\Tests\Unit\Server\Handlers\PromptHandlerTest::handle_prompts_list_returns_empty_prompts_array_when_no_prompts
Exception: The /var/www/html/vendor/orchestra/testbench-core/laravel/bootstrap/cache directory must be present and writable.

/var/www/html/vendor/laravel/framework/src/Illuminate/Foundation/PackageManifest.php:179
/var/www/html/vendor/orchestra/testbench-core/src/Foundation/PackageManifest.php:157
/var/www/html/vendor/laravel/framework/src/Illuminate/Foundation/PackageManifest.php:132
/var/www/html/vendor/laravel/framework/src/Illuminate/Foundation/PackageManifest.php:108
/var/www/html/vendor/orchestra/testbench-core/src/Foundation/PackageManifest.php:102
/var/www/html/vendor/laravel/framework/src/Illuminate/Foundation/PackageManifest.php:91
/var/www/html/vendor/laravel/framework/src/Illuminate/Foundation/PackageManifest.php:80
/var/www/html/vendor/laravel/framework/src/Illuminate/Foundation/Bootstrap/RegisterFacades.php:26
/var/www/html/vendor/orchestra/testbench-core/src/Concerns/CreatesApplication.php:556
/var/www/html/vendor/orchestra/testbench-core/src/Concerns/CreatesApplication.php:311
/var/www/html/vendor/orchestra/testbench-core/src/TestCase.php:121
/var/www/html/vendor/orchestra/testbench-core/src/Concerns/ApplicationTestingHooks.php:74
/var/www/html/vendor/orchestra/testbench-core/src/Concerns/Testing.php:43
/var/www/html/vendor/laravel/framework/src/Illuminate/Collections/helpers.php:236
/var/www/html/vendor/orchestra/sidekick/src/functions.php:87
/var/www/html/vendor/laravel/framework/src/Illuminate/Collections/helpers.php:236
/var/www/html/vendor/orchestra/testbench-core/src/Concerns/Testing.php:57
/var/www/html/vendor/orchestra/testbench-core/src/TestCase.php:50
/var/www/html/tests/TestCase.php:61
/var/www/html/tests/Unit/Server/Handlers/PromptHandlerTest.php:38</error>
        </testcase>
        <testcase name="handle_prompts_list_returns_prompt_definitions" file="/var/www/html/tests/Unit/Server/Handlers/PromptHandlerTest.php" line="108" class="JTD\LaravelMCP\Tests\Unit\Server\Handlers\PromptHandlerTest" classname="JTD.LaravelMCP.Tests.Unit.Server.Handlers.PromptHandlerTest" assertions="0" time="0.000000">
          <error type="Exception">JTD\LaravelMCP\Tests\Unit\Server\Handlers\PromptHandlerTest::handle_prompts_list_returns_prompt_definitions
Exception: The /var/www/html/vendor/orchestra/testbench-core/laravel/bootstrap/cache directory must be present and writable.

/var/www/html/vendor/laravel/framework/src/Illuminate/Foundation/PackageManifest.php:179
/var/www/html/vendor/orchestra/testbench-core/src/Foundation/PackageManifest.php:157
/var/www/html/vendor/laravel/framework/src/Illuminate/Foundation/PackageManifest.php:132
/var/www/html/vendor/laravel/framework/src/Illuminate/Foundation/PackageManifest.php:108
/var/www/html/vendor/orchestra/testbench-core/src/Foundation/PackageManifest.php:102
/var/www/html/vendor/laravel/framework/src/Illuminate/Foundation/PackageManifest.php:91
/var/www/html/vendor/laravel/framework/src/Illuminate/Foundation/PackageManifest.php:80
/var/www/html/vendor/laravel/framework/src/Illuminate/Foundation/Bootstrap/RegisterFacades.php:26
/var/www/html/vendor/orchestra/testbench-core/src/Concerns/CreatesApplication.php:556
/var/www/html/vendor/orchestra/testbench-core/src/Concerns/CreatesApplication.php:311
/var/www/html/vendor/orchestra/testbench-core/src/TestCase.php:121
/var/www/html/vendor/orchestra/testbench-core/src/Concerns/ApplicationTestingHooks.php:74
/var/www/html/vendor/orchestra/testbench-core/src/Concerns/Testing.php:43
/var/www/html/vendor/laravel/framework/src/Illuminate/Collections/helpers.php:236
/var/www/html/vendor/orchestra/sidekick/src/functions.php:87
/var/www/html/vendor/laravel/framework/src/Illuminate/Collections/helpers.php:236
/var/www/html/vendor/orchestra/testbench-core/src/Concerns/Testing.php:57
/var/www/html/vendor/orchestra/testbench-core/src/TestCase.php:50
/var/www/html/tests/TestCase.php:61
/var/www/html/tests/Unit/Server/Handlers/PromptHandlerTest.php:38</error>
        </testcase>
        <testcase name="handle_prompts_list_handles_prompt_definition_failures_gracefully" file="/var/www/html/tests/Unit/Server/Handlers/PromptHandlerTest.php" line="135" class="JTD\LaravelMCP\Tests\Unit\Server\Handlers\PromptHandlerTest" classname="JTD.LaravelMCP.Tests.Unit.Server.Handlers.PromptHandlerTest" assertions="0" time="0.000000">
          <error type="Exception">JTD\LaravelMCP\Tests\Unit\Server\Handlers\PromptHandlerTest::handle_prompts_list_handles_prompt_definition_failures_gracefully
Exception: The /var/www/html/vendor/orchestra/testbench-core/laravel/bootstrap/cache directory must be present and writable.

/var/www/html/vendor/laravel/framework/src/Illuminate/Foundation/PackageManifest.php:179
/var/www/html/vendor/orchestra/testbench-core/src/Foundation/PackageManifest.php:157
/var/www/html/vendor/laravel/framework/src/Illuminate/Foundation/PackageManifest.php:132
/var/www/html/vendor/laravel/framework/src/Illuminate/Foundation/PackageManifest.php:108
/var/www/html/vendor/orchestra/testbench-core/src/Foundation/PackageManifest.php:102
/var/www/html/vendor/laravel/framework/src/Illuminate/Foundation/PackageManifest.php:91
/var/www/html/vendor/laravel/framework/src/Illuminate/Foundation/PackageManifest.php:80
/var/www/html/vendor/laravel/framework/src/Illuminate/Foundation/Bootstrap/RegisterFacades.php:26
/var/www/html/vendor/orchestra/testbench-core/src/Concerns/CreatesApplication.php:556
/var/www/html/vendor/orchestra/testbench-core/src/Concerns/CreatesApplication.php:311
/var/www/html/vendor/orchestra/testbench-core/src/TestCase.php:121
/var/www/html/vendor/orchestra/testbench-core/src/Concerns/ApplicationTestingHooks.php:74
/var/www/html/vendor/orchestra/testbench-core/src/Concerns/Testing.php:43
/var/www/html/vendor/laravel/framework/src/Illuminate/Collections/helpers.php:236
/var/www/html/vendor/orchestra/sidekick/src/functions.php:87
/var/www/html/vendor/laravel/framework/src/Illuminate/Collections/helpers.php:236
/var/www/html/vendor/orchestra/testbench-core/src/Concerns/Testing.php:57
/var/www/html/vendor/orchestra/testbench-core/src/TestCase.php:50
/var/www/html/tests/TestCase.php:61
/var/www/html/tests/Unit/Server/Handlers/PromptHandlerTest.php:38</error>
        </testcase>
        <testcase name="handle_prompts_list_validates_cursor_parameter" file="/var/www/html/tests/Unit/Server/Handlers/PromptHandlerTest.php" line="174" class="JTD\LaravelMCP\Tests\Unit\Server\Handlers\PromptHandlerTest" classname="JTD.LaravelMCP.Tests.Unit.Server.Handlers.PromptHandlerTest" assertions="0" time="0.000000">
          <error type="Exception">JTD\LaravelMCP\Tests\Unit\Server\Handlers\PromptHandlerTest::handle_prompts_list_validates_cursor_parameter
Exception: The /var/www/html/vendor/orchestra/testbench-core/laravel/bootstrap/cache directory must be present and writable.

/var/www/html/vendor/laravel/framework/src/Illuminate/Foundation/PackageManifest.php:179
/var/www/html/vendor/orchestra/testbench-core/src/Foundation/PackageManifest.php:157
/var/www/html/vendor/laravel/framework/src/Illuminate/Foundation/PackageManifest.php:132
/var/www/html/vendor/laravel/framework/src/Illuminate/Foundation/PackageManifest.php:108
/var/www/html/vendor/orchestra/testbench-core/src/Foundation/PackageManifest.php:102
/var/www/html/vendor/laravel/framework/src/Illuminate/Foundation/PackageManifest.php:91
/var/www/html/vendor/laravel/framework/src/Illuminate/Foundation/PackageManifest.php:80
/var/www/html/vendor/laravel/framework/src/Illuminate/Foundation/Bootstrap/RegisterFacades.php:26
/var/www/html/vendor/orchestra/testbench-core/src/Concerns/CreatesApplication.php:556
/var/www/html/vendor/orchestra/testbench-core/src/Concerns/CreatesApplication.php:311
/var/www/html/vendor/orchestra/testbench-core/src/TestCase.php:121
/var/www/html/vendor/orchestra/testbench-core/src/Concerns/ApplicationTestingHooks.php:74
/var/www/html/vendor/orchestra/testbench-core/src/Concerns/Testing.php:43
/var/www/html/vendor/laravel/framework/src/Illuminate/Collections/helpers.php:236
/var/www/html/vendor/orchestra/sidekick/src/functions.php:87
/var/www/html/vendor/laravel/framework/src/Illuminate/Collections/helpers.php:236
/var/www/html/vendor/orchestra/testbench-core/src/Concerns/Testing.php:57
/var/www/html/vendor/orchestra/testbench-core/src/TestCase.php:50
/var/www/html/tests/TestCase.php:61
/var/www/html/tests/Unit/Server/Handlers/PromptHandlerTest.php:38</error>
        </testcase>
        <testcase name="handle_prompts_list_applies_cursor_pagination" file="/var/www/html/tests/Unit/Server/Handlers/PromptHandlerTest.php" line="183" class="JTD\LaravelMCP\Tests\Unit\Server\Handlers\PromptHandlerTest" classname="JTD.LaravelMCP.Tests.Unit.Server.Handlers.PromptHandlerTest" assertions="0" time="0.000000">
          <error type="Exception">JTD\LaravelMCP\Tests\Unit\Server\Handlers\PromptHandlerTest::handle_prompts_list_applies_cursor_pagination
Exception: The /var/www/html/vendor/orchestra/testbench-core/laravel/bootstrap/cache directory must be present and writable.

/var/www/html/vendor/laravel/framework/src/Illuminate/Foundation/PackageManifest.php:179
/var/www/html/vendor/orchestra/testbench-core/src/Foundation/PackageManifest.php:157
/var/www/html/vendor/laravel/framework/src/Illuminate/Foundation/PackageManifest.php:132
/var/www/html/vendor/laravel/framework/src/Illuminate/Foundation/PackageManifest.php:108
/var/www/html/vendor/orchestra/testbench-core/src/Foundation/PackageManifest.php:102
/var/www/html/vendor/laravel/framework/src/Illuminate/Foundation/PackageManifest.php:91
/var/www/html/vendor/laravel/framework/src/Illuminate/Foundation/PackageManifest.php:80
/var/www/html/vendor/laravel/framework/src/Illuminate/Foundation/Bootstrap/RegisterFacades.php:26
/var/www/html/vendor/orchestra/testbench-core/src/Concerns/CreatesApplication.php:556
/var/www/html/vendor/orchestra/testbench-core/src/Concerns/CreatesApplication.php:311
/var/www/html/vendor/orchestra/testbench-core/src/TestCase.php:121
/var/www/html/vendor/orchestra/testbench-core/src/Concerns/ApplicationTestingHooks.php:74
/var/www/html/vendor/orchestra/testbench-core/src/Concerns/Testing.php:43
/var/www/html/vendor/laravel/framework/src/Illuminate/Collections/helpers.php:236
/var/www/html/vendor/orchestra/sidekick/src/functions.php:87
/var/www/html/vendor/laravel/framework/src/Illuminate/Collections/helpers.php:236
/var/www/html/vendor/orchestra/testbench-core/src/Concerns/Testing.php:57
/var/www/html/vendor/orchestra/testbench-core/src/TestCase.php:50
/var/www/html/tests/TestCase.php:61
/var/www/html/tests/Unit/Server/Handlers/PromptHandlerTest.php:38</error>
        </testcase>
        <testcase name="handle_prompts_list_includes_next_cursor_when_more_prompts_available" file="/var/www/html/tests/Unit/Server/Handlers/PromptHandlerTest.php" line="209" class="JTD\LaravelMCP\Tests\Unit\Server\Handlers\PromptHandlerTest" classname="JTD.LaravelMCP.Tests.Unit.Server.Handlers.PromptHandlerTest" assertions="0" time="0.000000">
          <error type="Exception">JTD\LaravelMCP\Tests\Unit\Server\Handlers\PromptHandlerTest::handle_prompts_list_includes_next_cursor_when_more_prompts_available
Exception: The /var/www/html/vendor/orchestra/testbench-core/laravel/bootstrap/cache directory must be present and writable.

/var/www/html/vendor/laravel/framework/src/Illuminate/Foundation/PackageManifest.php:179
/var/www/html/vendor/orchestra/testbench-core/src/Foundation/PackageManifest.php:157
/var/www/html/vendor/laravel/framework/src/Illuminate/Foundation/PackageManifest.php:132
/var/www/html/vendor/laravel/framework/src/Illuminate/Foundation/PackageManifest.php:108
/var/www/html/vendor/orchestra/testbench-core/src/Foundation/PackageManifest.php:102
/var/www/html/vendor/laravel/framework/src/Illuminate/Foundation/PackageManifest.php:91
/var/www/html/vendor/laravel/framework/src/Illuminate/Foundation/PackageManifest.php:80
/var/www/html/vendor/laravel/framework/src/Illuminate/Foundation/Bootstrap/RegisterFacades.php:26
/var/www/html/vendor/orchestra/testbench-core/src/Concerns/CreatesApplication.php:556
/var/www/html/vendor/orchestra/testbench-core/src/Concerns/CreatesApplication.php:311
/var/www/html/vendor/orchestra/testbench-core/src/TestCase.php:121
/var/www/html/vendor/orchestra/testbench-core/src/Concerns/ApplicationTestingHooks.php:74
/var/www/html/vendor/orchestra/testbench-core/src/Concerns/Testing.php:43
/var/www/html/vendor/laravel/framework/src/Illuminate/Collections/helpers.php:236
/var/www/html/vendor/orchestra/sidekick/src/functions.php:87
/var/www/html/vendor/laravel/framework/src/Illuminate/Collections/helpers.php:236
/var/www/html/vendor/orchestra/testbench-core/src/Concerns/Testing.php:57
/var/www/html/vendor/orchestra/testbench-core/src/TestCase.php:50
/var/www/html/tests/TestCase.php:61
/var/www/html/tests/Unit/Server/Handlers/PromptHandlerTest.php:38</error>
        </testcase>
        <testcase name="handle_prompts_get_validates_required_parameters" file="/var/www/html/tests/Unit/Server/Handlers/PromptHandlerTest.php" line="234" class="JTD\LaravelMCP\Tests\Unit\Server\Handlers\PromptHandlerTest" classname="JTD.LaravelMCP.Tests.Unit.Server.Handlers.PromptHandlerTest" assertions="0" time="0.000000">
          <error type="Exception">JTD\LaravelMCP\Tests\Unit\Server\Handlers\PromptHandlerTest::handle_prompts_get_validates_required_parameters
Exception: The /var/www/html/vendor/orchestra/testbench-core/laravel/bootstrap/cache directory must be present and writable.

/var/www/html/vendor/laravel/framework/src/Illuminate/Foundation/PackageManifest.php:179
/var/www/html/vendor/orchestra/testbench-core/src/Foundation/PackageManifest.php:157
/var/www/html/vendor/laravel/framework/src/Illuminate/Foundation/PackageManifest.php:132
/var/www/html/vendor/laravel/framework/src/Illuminate/Foundation/PackageManifest.php:108
/var/www/html/vendor/orchestra/testbench-core/src/Foundation/PackageManifest.php:102
/var/www/html/vendor/laravel/framework/src/Illuminate/Foundation/PackageManifest.php:91
/var/www/html/vendor/laravel/framework/src/Illuminate/Foundation/PackageManifest.php:80
/var/www/html/vendor/laravel/framework/src/Illuminate/Foundation/Bootstrap/RegisterFacades.php:26
/var/www/html/vendor/orchestra/testbench-core/src/Concerns/CreatesApplication.php:556
/var/www/html/vendor/orchestra/testbench-core/src/Concerns/CreatesApplication.php:311
/var/www/html/vendor/orchestra/testbench-core/src/TestCase.php:121
/var/www/html/vendor/orchestra/testbench-core/src/Concerns/ApplicationTestingHooks.php:74
/var/www/html/vendor/orchestra/testbench-core/src/Concerns/Testing.php:43
/var/www/html/vendor/laravel/framework/src/Illuminate/Collections/helpers.php:236
/var/www/html/vendor/orchestra/sidekick/src/functions.php:87
/var/www/html/vendor/laravel/framework/src/Illuminate/Collections/helpers.php:236
/var/www/html/vendor/orchestra/testbench-core/src/Concerns/Testing.php:57
/var/www/html/vendor/orchestra/testbench-core/src/TestCase.php:50
/var/www/html/tests/TestCase.php:61
/var/www/html/tests/Unit/Server/Handlers/PromptHandlerTest.php:38</error>
        </testcase>
        <testcase name="handle_prompts_get_validates_parameter_types" file="/var/www/html/tests/Unit/Server/Handlers/PromptHandlerTest.php" line="243" class="JTD\LaravelMCP\Tests\Unit\Server\Handlers\PromptHandlerTest" classname="JTD.LaravelMCP.Tests.Unit.Server.Handlers.PromptHandlerTest" assertions="0" time="0.000000">
          <error type="Exception">JTD\LaravelMCP\Tests\Unit\Server\Handlers\PromptHandlerTest::handle_prompts_get_validates_parameter_types
Exception: The /var/www/html/vendor/orchestra/testbench-core/laravel/bootstrap/cache directory must be present and writable.

/var/www/html/vendor/laravel/framework/src/Illuminate/Foundation/PackageManifest.php:179
/var/www/html/vendor/orchestra/testbench-core/src/Foundation/PackageManifest.php:157
/var/www/html/vendor/laravel/framework/src/Illuminate/Foundation/PackageManifest.php:132
/var/www/html/vendor/laravel/framework/src/Illuminate/Foundation/PackageManifest.php:108
/var/www/html/vendor/orchestra/testbench-core/src/Foundation/PackageManifest.php:102
/var/www/html/vendor/laravel/framework/src/Illuminate/Foundation/PackageManifest.php:91
/var/www/html/vendor/laravel/framework/src/Illuminate/Foundation/PackageManifest.php:80
/var/www/html/vendor/laravel/framework/src/Illuminate/Foundation/Bootstrap/RegisterFacades.php:26
/var/www/html/vendor/orchestra/testbench-core/src/Concerns/CreatesApplication.php:556
/var/www/html/vendor/orchestra/testbench-core/src/Concerns/CreatesApplication.php:311
/var/www/html/vendor/orchestra/testbench-core/src/TestCase.php:121
/var/www/html/vendor/orchestra/testbench-core/src/Concerns/ApplicationTestingHooks.php:74
/var/www/html/vendor/orchestra/testbench-core/src/Concerns/Testing.php:43
/var/www/html/vendor/laravel/framework/src/Illuminate/Collections/helpers.php:236
/var/www/html/vendor/orchestra/sidekick/src/functions.php:87
/var/www/html/vendor/laravel/framework/src/Illuminate/Collections/helpers.php:236
/var/www/html/vendor/orchestra/testbench-core/src/Concerns/Testing.php:57
/var/www/html/vendor/orchestra/testbench-core/src/TestCase.php:50
/var/www/html/tests/TestCase.php:61
/var/www/html/tests/Unit/Server/Handlers/PromptHandlerTest.php:38</error>
        </testcase>
        <testcase name="handle_prompts_get_throws_error_for_non_existent_prompt" file="/var/www/html/tests/Unit/Server/Handlers/PromptHandlerTest.php" line="252" class="JTD\LaravelMCP\Tests\Unit\Server\Handlers\PromptHandlerTest" classname="JTD.LaravelMCP.Tests.Unit.Server.Handlers.PromptHandlerTest" assertions="0" time="0.000000">
          <error type="Exception">JTD\LaravelMCP\Tests\Unit\Server\Handlers\PromptHandlerTest::handle_prompts_get_throws_error_for_non_existent_prompt
Exception: The /var/www/html/vendor/orchestra/testbench-core/laravel/bootstrap/cache directory must be present and writable.

/var/www/html/vendor/laravel/framework/src/Illuminate/Foundation/PackageManifest.php:179
/var/www/html/vendor/orchestra/testbench-core/src/Foundation/PackageManifest.php:157
/var/www/html/vendor/laravel/framework/src/Illuminate/Foundation/PackageManifest.php:132
/var/www/html/vendor/laravel/framework/src/Illuminate/Foundation/PackageManifest.php:108
/var/www/html/vendor/orchestra/testbench-core/src/Foundation/PackageManifest.php:102
/var/www/html/vendor/laravel/framework/src/Illuminate/Foundation/PackageManifest.php:91
/var/www/html/vendor/laravel/framework/src/Illuminate/Foundation/PackageManifest.php:80
/var/www/html/vendor/laravel/framework/src/Illuminate/Foundation/Bootstrap/RegisterFacades.php:26
/var/www/html/vendor/orchestra/testbench-core/src/Concerns/CreatesApplication.php:556
/var/www/html/vendor/orchestra/testbench-core/src/Concerns/CreatesApplication.php:311
/var/www/html/vendor/orchestra/testbench-core/src/TestCase.php:121
/var/www/html/vendor/orchestra/testbench-core/src/Concerns/ApplicationTestingHooks.php:74
/var/www/html/vendor/orchestra/testbench-core/src/Concerns/Testing.php:43
/var/www/html/vendor/laravel/framework/src/Illuminate/Collections/helpers.php:236
/var/www/html/vendor/orchestra/sidekick/src/functions.php:87
/var/www/html/vendor/laravel/framework/src/Illuminate/Collections/helpers.php:236
/var/www/html/vendor/orchestra/testbench-core/src/Concerns/Testing.php:57
/var/www/html/vendor/orchestra/testbench-core/src/TestCase.php:50
/var/www/html/tests/TestCase.php:61
/var/www/html/tests/Unit/Server/Handlers/PromptHandlerTest.php:38</error>
        </testcase>
        <testcase name="handle_prompts_get_processes_prompt_with_process_method" file="/var/www/html/tests/Unit/Server/Handlers/PromptHandlerTest.php" line="268" class="JTD\LaravelMCP\Tests\Unit\Server\Handlers\PromptHandlerTest" classname="JTD.LaravelMCP.Tests.Unit.Server.Handlers.PromptHandlerTest" assertions="0" time="0.000000">
          <error type="Exception">JTD\LaravelMCP\Tests\Unit\Server\Handlers\PromptHandlerTest::handle_prompts_get_processes_prompt_with_process_method
Exception: The /var/www/html/vendor/orchestra/testbench-core/laravel/bootstrap/cache directory must be present and writable.

/var/www/html/vendor/laravel/framework/src/Illuminate/Foundation/PackageManifest.php:179
/var/www/html/vendor/orchestra/testbench-core/src/Foundation/PackageManifest.php:157
/var/www/html/vendor/laravel/framework/src/Illuminate/Foundation/PackageManifest.php:132
/var/www/html/vendor/laravel/framework/src/Illuminate/Foundation/PackageManifest.php:108
/var/www/html/vendor/orchestra/testbench-core/src/Foundation/PackageManifest.php:102
/var/www/html/vendor/laravel/framework/src/Illuminate/Foundation/PackageManifest.php:91
/var/www/html/vendor/laravel/framework/src/Illuminate/Foundation/PackageManifest.php:80
/var/www/html/vendor/laravel/framework/src/Illuminate/Foundation/Bootstrap/RegisterFacades.php:26
/var/www/html/vendor/orchestra/testbench-core/src/Concerns/CreatesApplication.php:556
/var/www/html/vendor/orchestra/testbench-core/src/Concerns/CreatesApplication.php:311
/var/www/html/vendor/orchestra/testbench-core/src/TestCase.php:121
/var/www/html/vendor/orchestra/testbench-core/src/Concerns/ApplicationTestingHooks.php:74
/var/www/html/vendor/orchestra/testbench-core/src/Concerns/Testing.php:43
/var/www/html/vendor/laravel/framework/src/Illuminate/Collections/helpers.php:236
/var/www/html/vendor/orchestra/sidekick/src/functions.php:87
/var/www/html/vendor/laravel/framework/src/Illuminate/Collections/helpers.php:236
/var/www/html/vendor/orchestra/testbench-core/src/Concerns/Testing.php:57
/var/www/html/vendor/orchestra/testbench-core/src/TestCase.php:50
/var/www/html/tests/TestCase.php:61
/var/www/html/tests/Unit/Server/Handlers/PromptHandlerTest.php:38</error>
        </testcase>
        <testcase name="handle_prompts_get_processes_prompt_with_get_method" file="/var/www/html/tests/Unit/Server/Handlers/PromptHandlerTest.php" line="308" class="JTD\LaravelMCP\Tests\Unit\Server\Handlers\PromptHandlerTest" classname="JTD.LaravelMCP.Tests.Unit.Server.Handlers.PromptHandlerTest" assertions="0" time="0.000000">
          <error type="Exception">JTD\LaravelMCP\Tests\Unit\Server\Handlers\PromptHandlerTest::handle_prompts_get_processes_prompt_with_get_method
Exception: The /var/www/html/vendor/orchestra/testbench-core/laravel/bootstrap/cache directory must be present and writable.

/var/www/html/vendor/laravel/framework/src/Illuminate/Foundation/PackageManifest.php:179
/var/www/html/vendor/orchestra/testbench-core/src/Foundation/PackageManifest.php:157
/var/www/html/vendor/laravel/framework/src/Illuminate/Foundation/PackageManifest.php:132
/var/www/html/vendor/laravel/framework/src/Illuminate/Foundation/PackageManifest.php:108
/var/www/html/vendor/orchestra/testbench-core/src/Foundation/PackageManifest.php:102
/var/www/html/vendor/laravel/framework/src/Illuminate/Foundation/PackageManifest.php:91
/var/www/html/vendor/laravel/framework/src/Illuminate/Foundation/PackageManifest.php:80
/var/www/html/vendor/laravel/framework/src/Illuminate/Foundation/Bootstrap/RegisterFacades.php:26
/var/www/html/vendor/orchestra/testbench-core/src/Concerns/CreatesApplication.php:556
/var/www/html/vendor/orchestra/testbench-core/src/Concerns/CreatesApplication.php:311
/var/www/html/vendor/orchestra/testbench-core/src/TestCase.php:121
/var/www/html/vendor/orchestra/testbench-core/src/Concerns/ApplicationTestingHooks.php:74
/var/www/html/vendor/orchestra/testbench-core/src/Concerns/Testing.php:43
/var/www/html/vendor/laravel/framework/src/Illuminate/Collections/helpers.php:236
/var/www/html/vendor/orchestra/sidekick/src/functions.php:87
/var/www/html/vendor/laravel/framework/src/Illuminate/Collections/helpers.php:236
/var/www/html/vendor/orchestra/testbench-core/src/Concerns/Testing.php:57
/var/www/html/vendor/orchestra/testbench-core/src/TestCase.php:50
/var/www/html/tests/TestCase.php:61
/var/www/html/tests/Unit/Server/Handlers/PromptHandlerTest.php:38</error>
        </testcase>
        <testcase name="handle_prompts_get_processes_prompt_with_invoke_method" file="/var/www/html/tests/Unit/Server/Handlers/PromptHandlerTest.php" line="343" class="JTD\LaravelMCP\Tests\Unit\Server\Handlers\PromptHandlerTest" classname="JTD.LaravelMCP.Tests.Unit.Server.Handlers.PromptHandlerTest" assertions="0" time="0.000000">
          <error type="Exception">JTD\LaravelMCP\Tests\Unit\Server\Handlers\PromptHandlerTest::handle_prompts_get_processes_prompt_with_invoke_method
Exception: The /var/www/html/vendor/orchestra/testbench-core/laravel/bootstrap/cache directory must be present and writable.

/var/www/html/vendor/laravel/framework/src/Illuminate/Foundation/PackageManifest.php:179
/var/www/html/vendor/orchestra/testbench-core/src/Foundation/PackageManifest.php:157
/var/www/html/vendor/laravel/framework/src/Illuminate/Foundation/PackageManifest.php:132
/var/www/html/vendor/laravel/framework/src/Illuminate/Foundation/PackageManifest.php:108
/var/www/html/vendor/orchestra/testbench-core/src/Foundation/PackageManifest.php:102
/var/www/html/vendor/laravel/framework/src/Illuminate/Foundation/PackageManifest.php:91
/var/www/html/vendor/laravel/framework/src/Illuminate/Foundation/PackageManifest.php:80
/var/www/html/vendor/laravel/framework/src/Illuminate/Foundation/Bootstrap/RegisterFacades.php:26
/var/www/html/vendor/orchestra/testbench-core/src/Concerns/CreatesApplication.php:556
/var/www/html/vendor/orchestra/testbench-core/src/Concerns/CreatesApplication.php:311
/var/www/html/vendor/orchestra/testbench-core/src/TestCase.php:121
/var/www/html/vendor/orchestra/testbench-core/src/Concerns/ApplicationTestingHooks.php:74
/var/www/html/vendor/orchestra/testbench-core/src/Concerns/Testing.php:43
/var/www/html/vendor/laravel/framework/src/Illuminate/Collections/helpers.php:236
/var/www/html/vendor/orchestra/sidekick/src/functions.php:87
/var/www/html/vendor/laravel/framework/src/Illuminate/Collections/helpers.php:236
/var/www/html/vendor/orchestra/testbench-core/src/Concerns/Testing.php:57
/var/www/html/vendor/orchestra/testbench-core/src/TestCase.php:50
/var/www/html/tests/TestCase.php:61
/var/www/html/tests/Unit/Server/Handlers/PromptHandlerTest.php:38</error>
        </testcase>
        <testcase name="handle_prompts_get_processes_callable_prompt" file="/var/www/html/tests/Unit/Server/Handlers/PromptHandlerTest.php" line="382" class="JTD\LaravelMCP\Tests\Unit\Server\Handlers\PromptHandlerTest" classname="JTD.LaravelMCP.Tests.Unit.Server.Handlers.PromptHandlerTest" assertions="0" time="0.000000">
          <error type="Exception">JTD\LaravelMCP\Tests\Unit\Server\Handlers\PromptHandlerTest::handle_prompts_get_processes_callable_prompt
Exception: The /var/www/html/vendor/orchestra/testbench-core/laravel/bootstrap/cache directory must be present and writable.

/var/www/html/vendor/laravel/framework/src/Illuminate/Foundation/PackageManifest.php:179
/var/www/html/vendor/orchestra/testbench-core/src/Foundation/PackageManifest.php:157
/var/www/html/vendor/laravel/framework/src/Illuminate/Foundation/PackageManifest.php:132
/var/www/html/vendor/laravel/framework/src/Illuminate/Foundation/PackageManifest.php:108
/var/www/html/vendor/orchestra/testbench-core/src/Foundation/PackageManifest.php:102
/var/www/html/vendor/laravel/framework/src/Illuminate/Foundation/PackageManifest.php:91
/var/www/html/vendor/laravel/framework/src/Illuminate/Foundation/PackageManifest.php:80
/var/www/html/vendor/laravel/framework/src/Illuminate/Foundation/Bootstrap/RegisterFacades.php:26
/var/www/html/vendor/orchestra/testbench-core/src/Concerns/CreatesApplication.php:556
/var/www/html/vendor/orchestra/testbench-core/src/Concerns/CreatesApplication.php:311
/var/www/html/vendor/orchestra/testbench-core/src/TestCase.php:121
/var/www/html/vendor/orchestra/testbench-core/src/Concerns/ApplicationTestingHooks.php:74
/var/www/html/vendor/orchestra/testbench-core/src/Concerns/Testing.php:43
/var/www/html/vendor/laravel/framework/src/Illuminate/Collections/helpers.php:236
/var/www/html/vendor/orchestra/sidekick/src/functions.php:87
/var/www/html/vendor/laravel/framework/src/Illuminate/Collections/helpers.php:236
/var/www/html/vendor/orchestra/testbench-core/src/Concerns/Testing.php:57
/var/www/html/vendor/orchestra/testbench-core/src/TestCase.php:50
/var/www/html/tests/TestCase.php:61
/var/www/html/tests/Unit/Server/Handlers/PromptHandlerTest.php:38</error>
        </testcase>
        <testcase name="handle_prompts_get_throws_error_for_non_processable_prompt" file="/var/www/html/tests/Unit/Server/Handlers/PromptHandlerTest.php" line="431" class="JTD\LaravelMCP\Tests\Unit\Server\Handlers\PromptHandlerTest" classname="JTD.LaravelMCP.Tests.Unit.Server.Handlers.PromptHandlerTest" assertions="0" time="0.000000">
          <error type="Exception">JTD\LaravelMCP\Tests\Unit\Server\Handlers\PromptHandlerTest::handle_prompts_get_throws_error_for_non_processable_prompt
Exception: The /var/www/html/vendor/orchestra/testbench-core/laravel/bootstrap/cache directory must be present and writable.

/var/www/html/vendor/laravel/framework/src/Illuminate/Foundation/PackageManifest.php:179
/var/www/html/vendor/orchestra/testbench-core/src/Foundation/PackageManifest.php:157
/var/www/html/vendor/laravel/framework/src/Illuminate/Foundation/PackageManifest.php:132
/var/www/html/vendor/laravel/framework/src/Illuminate/Foundation/PackageManifest.php:108
/var/www/html/vendor/orchestra/testbench-core/src/Foundation/PackageManifest.php:102
/var/www/html/vendor/laravel/framework/src/Illuminate/Foundation/PackageManifest.php:91
/var/www/html/vendor/laravel/framework/src/Illuminate/Foundation/PackageManifest.php:80
/var/www/html/vendor/laravel/framework/src/Illuminate/Foundation/Bootstrap/RegisterFacades.php:26
/var/www/html/vendor/orchestra/testbench-core/src/Concerns/CreatesApplication.php:556
/var/www/html/vendor/orchestra/testbench-core/src/Concerns/CreatesApplication.php:311
/var/www/html/vendor/orchestra/testbench-core/src/TestCase.php:121
/var/www/html/vendor/orchestra/testbench-core/src/Concerns/ApplicationTestingHooks.php:74
/var/www/html/vendor/orchestra/testbench-core/src/Concerns/Testing.php:43
/var/www/html/vendor/laravel/framework/src/Illuminate/Collections/helpers.php:236
/var/www/html/vendor/orchestra/sidekick/src/functions.php:87
/var/www/html/vendor/laravel/framework/src/Illuminate/Collections/helpers.php:236
/var/www/html/vendor/orchestra/testbench-core/src/Concerns/Testing.php:57
/var/www/html/vendor/orchestra/testbench-core/src/TestCase.php:50
/var/www/html/tests/TestCase.php:61
/var/www/html/tests/Unit/Server/Handlers/PromptHandlerTest.php:38</error>
        </testcase>
        <testcase name="handle_prompts_get_validates_arguments_if_prompt_supports_it" file="/var/www/html/tests/Unit/Server/Handlers/PromptHandlerTest.php" line="466" class="JTD\LaravelMCP\Tests\Unit\Server\Handlers\PromptHandlerTest" classname="JTD.LaravelMCP.Tests.Unit.Server.Handlers.PromptHandlerTest" assertions="0" time="0.000000">
          <error type="Exception">JTD\LaravelMCP\Tests\Unit\Server\Handlers\PromptHandlerTest::handle_prompts_get_validates_arguments_if_prompt_supports_it
Exception: The /var/www/html/vendor/orchestra/testbench-core/laravel/bootstrap/cache directory must be present and writable.

/var/www/html/vendor/laravel/framework/src/Illuminate/Foundation/PackageManifest.php:179
/var/www/html/vendor/orchestra/testbench-core/src/Foundation/PackageManifest.php:157
/var/www/html/vendor/laravel/framework/src/Illuminate/Foundation/PackageManifest.php:132
/var/www/html/vendor/laravel/framework/src/Illuminate/Foundation/PackageManifest.php:108
/var/www/html/vendor/orchestra/testbench-core/src/Foundation/PackageManifest.php:102
/var/www/html/vendor/laravel/framework/src/Illuminate/Foundation/PackageManifest.php:91
/var/www/html/vendor/laravel/framework/src/Illuminate/Foundation/PackageManifest.php:80
/var/www/html/vendor/laravel/framework/src/Illuminate/Foundation/Bootstrap/RegisterFacades.php:26
/var/www/html/vendor/orchestra/testbench-core/src/Concerns/CreatesApplication.php:556
/var/www/html/vendor/orchestra/testbench-core/src/Concerns/CreatesApplication.php:311
/var/www/html/vendor/orchestra/testbench-core/src/TestCase.php:121
/var/www/html/vendor/orchestra/testbench-core/src/Concerns/ApplicationTestingHooks.php:74
/var/www/html/vendor/orchestra/testbench-core/src/Concerns/Testing.php:43
/var/www/html/vendor/laravel/framework/src/Illuminate/Collections/helpers.php:236
/var/www/html/vendor/orchestra/sidekick/src/functions.php:87
/var/www/html/vendor/laravel/framework/src/Illuminate/Collections/helpers.php:236
/var/www/html/vendor/orchestra/testbench-core/src/Concerns/Testing.php:57
/var/www/html/vendor/orchestra/testbench-core/src/TestCase.php:50
/var/www/html/tests/TestCase.php:61
/var/www/html/tests/Unit/Server/Handlers/PromptHandlerTest.php:38</error>
        </testcase>
        <testcase name="handle_prompts_get_skips_validation_if_prompt_does_not_support_it" file="/var/www/html/tests/Unit/Server/Handlers/PromptHandlerTest.php" line="497" class="JTD\LaravelMCP\Tests\Unit\Server\Handlers\PromptHandlerTest" classname="JTD.LaravelMCP.Tests.Unit.Server.Handlers.PromptHandlerTest" assertions="0" time="0.000000">
          <error type="Exception">JTD\LaravelMCP\Tests\Unit\Server\Handlers\PromptHandlerTest::handle_prompts_get_skips_validation_if_prompt_does_not_support_it
Exception: The /var/www/html/vendor/orchestra/testbench-core/laravel/bootstrap/cache directory must be present and writable.

/var/www/html/vendor/laravel/framework/src/Illuminate/Foundation/PackageManifest.php:179
/var/www/html/vendor/orchestra/testbench-core/src/Foundation/PackageManifest.php:157
/var/www/html/vendor/laravel/framework/src/Illuminate/Foundation/PackageManifest.php:132
/var/www/html/vendor/laravel/framework/src/Illuminate/Foundation/PackageManifest.php:108
/var/www/html/vendor/orchestra/testbench-core/src/Foundation/PackageManifest.php:102
/var/www/html/vendor/laravel/framework/src/Illuminate/Foundation/PackageManifest.php:91
/var/www/html/vendor/laravel/framework/src/Illuminate/Foundation/PackageManifest.php:80
/var/www/html/vendor/laravel/framework/src/Illuminate/Foundation/Bootstrap/RegisterFacades.php:26
/var/www/html/vendor/orchestra/testbench-core/src/Concerns/CreatesApplication.php:556
/var/www/html/vendor/orchestra/testbench-core/src/Concerns/CreatesApplication.php:311
/var/www/html/vendor/orchestra/testbench-core/src/TestCase.php:121
/var/www/html/vendor/orchestra/testbench-core/src/Concerns/ApplicationTestingHooks.php:74
/var/www/html/vendor/orchestra/testbench-core/src/Concerns/Testing.php:43
/var/www/html/vendor/laravel/framework/src/Illuminate/Collections/helpers.php:236
/var/www/html/vendor/orchestra/sidekick/src/functions.php:87
/var/www/html/vendor/laravel/framework/src/Illuminate/Collections/helpers.php:236
/var/www/html/vendor/orchestra/testbench-core/src/Concerns/Testing.php:57
/var/www/html/vendor/orchestra/testbench-core/src/TestCase.php:50
/var/www/html/tests/TestCase.php:61
/var/www/html/tests/Unit/Server/Handlers/PromptHandlerTest.php:38</error>
        </testcase>
        <testcase name="handle_prompts_get_handles_processing_failures" file="/var/www/html/tests/Unit/Server/Handlers/PromptHandlerTest.php" line="528" class="JTD\LaravelMCP\Tests\Unit\Server\Handlers\PromptHandlerTest" classname="JTD.LaravelMCP.Tests.Unit.Server.Handlers.PromptHandlerTest" assertions="0" time="0.000000">
          <error type="Exception">JTD\LaravelMCP\Tests\Unit\Server\Handlers\PromptHandlerTest::handle_prompts_get_handles_processing_failures
Exception: The /var/www/html/vendor/orchestra/testbench-core/laravel/bootstrap/cache directory must be present and writable.

/var/www/html/vendor/laravel/framework/src/Illuminate/Foundation/PackageManifest.php:179
/var/www/html/vendor/orchestra/testbench-core/src/Foundation/PackageManifest.php:157
/var/www/html/vendor/laravel/framework/src/Illuminate/Foundation/PackageManifest.php:132
/var/www/html/vendor/laravel/framework/src/Illuminate/Foundation/PackageManifest.php:108
/var/www/html/vendor/orchestra/testbench-core/src/Foundation/PackageManifest.php:102
/var/www/html/vendor/laravel/framework/src/Illuminate/Foundation/PackageManifest.php:91
/var/www/html/vendor/laravel/framework/src/Illuminate/Foundation/PackageManifest.php:80
/var/www/html/vendor/laravel/framework/src/Illuminate/Foundation/Bootstrap/RegisterFacades.php:26
/var/www/html/vendor/orchestra/testbench-core/src/Concerns/CreatesApplication.php:556
/var/www/html/vendor/orchestra/testbench-core/src/Concerns/CreatesApplication.php:311
/var/www/html/vendor/orchestra/testbench-core/src/TestCase.php:121
/var/www/html/vendor/orchestra/testbench-core/src/Concerns/ApplicationTestingHooks.php:74
/var/www/html/vendor/orchestra/testbench-core/src/Concerns/Testing.php:43
/var/www/html/vendor/laravel/framework/src/Illuminate/Collections/helpers.php:236
/var/www/html/vendor/orchestra/sidekick/src/functions.php:87
/var/www/html/vendor/laravel/framework/src/Illuminate/Collections/helpers.php:236
/var/www/html/vendor/orchestra/testbench-core/src/Concerns/Testing.php:57
/var/www/html/vendor/orchestra/testbench-core/src/TestCase.php:50
/var/www/html/tests/TestCase.php:61
/var/www/html/tests/Unit/Server/Handlers/PromptHandlerTest.php:38</error>
        </testcase>
        <testcase name="handle_prompts_get_uses_default_empty_arguments_when_not_provided" file="/var/www/html/tests/Unit/Server/Handlers/PromptHandlerTest.php" line="567" class="JTD\LaravelMCP\Tests\Unit\Server\Handlers\PromptHandlerTest" classname="JTD.LaravelMCP.Tests.Unit.Server.Handlers.PromptHandlerTest" assertions="0" time="0.000000">
          <error type="Exception">JTD\LaravelMCP\Tests\Unit\Server\Handlers\PromptHandlerTest::handle_prompts_get_uses_default_empty_arguments_when_not_provided
Exception: The /var/www/html/vendor/orchestra/testbench-core/laravel/bootstrap/cache directory must be present and writable.

/var/www/html/vendor/laravel/framework/src/Illuminate/Foundation/PackageManifest.php:179
/var/www/html/vendor/orchestra/testbench-core/src/Foundation/PackageManifest.php:157
/var/www/html/vendor/laravel/framework/src/Illuminate/Foundation/PackageManifest.php:132
/var/www/html/vendor/laravel/framework/src/Illuminate/Foundation/PackageManifest.php:108
/var/www/html/vendor/orchestra/testbench-core/src/Foundation/PackageManifest.php:102
/var/www/html/vendor/laravel/framework/src/Illuminate/Foundation/PackageManifest.php:91
/var/www/html/vendor/laravel/framework/src/Illuminate/Foundation/PackageManifest.php:80
/var/www/html/vendor/laravel/framework/src/Illuminate/Foundation/Bootstrap/RegisterFacades.php:26
/var/www/html/vendor/orchestra/testbench-core/src/Concerns/CreatesApplication.php:556
/var/www/html/vendor/orchestra/testbench-core/src/Concerns/CreatesApplication.php:311
/var/www/html/vendor/orchestra/testbench-core/src/TestCase.php:121
/var/www/html/vendor/orchestra/testbench-core/src/Concerns/ApplicationTestingHooks.php:74
/var/www/html/vendor/orchestra/testbench-core/src/Concerns/Testing.php:43
/var/www/html/vendor/laravel/framework/src/Illuminate/Collections/helpers.php:236
/var/www/html/vendor/orchestra/sidekick/src/functions.php:87
/var/www/html/vendor/laravel/framework/src/Illuminate/Collections/helpers.php:236
/var/www/html/vendor/orchestra/testbench-core/src/Concerns/Testing.php:57
/var/www/html/vendor/orchestra/testbench-core/src/TestCase.php:50
/var/www/html/tests/TestCase.php:61
/var/www/html/tests/Unit/Server/Handlers/PromptHandlerTest.php:38</error>
        </testcase>
        <testsuite name="JTD\LaravelMCP\Tests\Unit\Server\Handlers\PromptHandlerTest::get_prompt_description_handles_different_description_methods" tests="4" assertions="0" errors="4" failures="0" skipped="0" time="0.000000">
          <testcase name="get_prompt_description_handles_different_description_methods with data set &quot;getDescription method&quot;" file="/var/www/html/tests/Unit/Server/Handlers/PromptHandlerTest.php" line="599" class="JTD\LaravelMCP\Tests\Unit\Server\Handlers\PromptHandlerTest" classname="JTD.LaravelMCP.Tests.Unit.Server.Handlers.PromptHandlerTest" assertions="0" time="0.000000">
            <error type="Exception">JTD\LaravelMCP\Tests\Unit\Server\Handlers\PromptHandlerTest::get_prompt_description_handles_different_description_methods with data set "getDescription method"
Exception: The /var/www/html/vendor/orchestra/testbench-core/laravel/bootstrap/cache directory must be present and writable.

/var/www/html/vendor/laravel/framework/src/Illuminate/Foundation/PackageManifest.php:179
/var/www/html/vendor/orchestra/testbench-core/src/Foundation/PackageManifest.php:157
/var/www/html/vendor/laravel/framework/src/Illuminate/Foundation/PackageManifest.php:132
/var/www/html/vendor/laravel/framework/src/Illuminate/Foundation/PackageManifest.php:108
/var/www/html/vendor/orchestra/testbench-core/src/Foundation/PackageManifest.php:102
/var/www/html/vendor/laravel/framework/src/Illuminate/Foundation/PackageManifest.php:91
/var/www/html/vendor/laravel/framework/src/Illuminate/Foundation/PackageManifest.php:80
/var/www/html/vendor/laravel/framework/src/Illuminate/Foundation/Bootstrap/RegisterFacades.php:26
/var/www/html/vendor/orchestra/testbench-core/src/Concerns/CreatesApplication.php:556
/var/www/html/vendor/orchestra/testbench-core/src/Concerns/CreatesApplication.php:311
/var/www/html/vendor/orchestra/testbench-core/src/TestCase.php:121
/var/www/html/vendor/orchestra/testbench-core/src/Concerns/ApplicationTestingHooks.php:74
/var/www/html/vendor/orchestra/testbench-core/src/Concerns/Testing.php:43
/var/www/html/vendor/laravel/framework/src/Illuminate/Collections/helpers.php:236
/var/www/html/vendor/orchestra/sidekick/src/functions.php:87
/var/www/html/vendor/laravel/framework/src/Illuminate/Collections/helpers.php:236
/var/www/html/vendor/orchestra/testbench-core/src/Concerns/Testing.php:57
/var/www/html/vendor/orchestra/testbench-core/src/TestCase.php:50
/var/www/html/tests/TestCase.php:61
/var/www/html/tests/Unit/Server/Handlers/PromptHandlerTest.php:38</error>
          </testcase>
          <testcase name="get_prompt_description_handles_different_description_methods with data set &quot;description method&quot;" file="/var/www/html/tests/Unit/Server/Handlers/PromptHandlerTest.php" line="599" class="JTD\LaravelMCP\Tests\Unit\Server\Handlers\PromptHandlerTest" classname="JTD.LaravelMCP.Tests.Unit.Server.Handlers.PromptHandlerTest" assertions="0" time="0.000000">
            <error type="Exception">JTD\LaravelMCP\Tests\Unit\Server\Handlers\PromptHandlerTest::get_prompt_description_handles_different_description_methods with data set "description method"
Exception: The /var/www/html/vendor/orchestra/testbench-core/laravel/bootstrap/cache directory must be present and writable.

/var/www/html/vendor/laravel/framework/src/Illuminate/Foundation/PackageManifest.php:179
/var/www/html/vendor/orchestra/testbench-core/src/Foundation/PackageManifest.php:157
/var/www/html/vendor/laravel/framework/src/Illuminate/Foundation/PackageManifest.php:132
/var/www/html/vendor/laravel/framework/src/Illuminate/Foundation/PackageManifest.php:108
/var/www/html/vendor/orchestra/testbench-core/src/Foundation/PackageManifest.php:102
/var/www/html/vendor/laravel/framework/src/Illuminate/Foundation/PackageManifest.php:91
/var/www/html/vendor/laravel/framework/src/Illuminate/Foundation/PackageManifest.php:80
/var/www/html/vendor/laravel/framework/src/Illuminate/Foundation/Bootstrap/RegisterFacades.php:26
/var/www/html/vendor/orchestra/testbench-core/src/Concerns/CreatesApplication.php:556
/var/www/html/vendor/orchestra/testbench-core/src/Concerns/CreatesApplication.php:311
/var/www/html/vendor/orchestra/testbench-core/src/TestCase.php:121
/var/www/html/vendor/orchestra/testbench-core/src/Concerns/ApplicationTestingHooks.php:74
/var/www/html/vendor/orchestra/testbench-core/src/Concerns/Testing.php:43
/var/www/html/vendor/laravel/framework/src/Illuminate/Collections/helpers.php:236
/var/www/html/vendor/orchestra/sidekick/src/functions.php:87
/var/www/html/vendor/laravel/framework/src/Illuminate/Collections/helpers.php:236
/var/www/html/vendor/orchestra/testbench-core/src/Concerns/Testing.php:57
/var/www/html/vendor/orchestra/testbench-core/src/TestCase.php:50
/var/www/html/tests/TestCase.php:61
/var/www/html/tests/Unit/Server/Handlers/PromptHandlerTest.php:38</error>
          </testcase>
          <testcase name="get_prompt_description_handles_different_description_methods with data set &quot;description property&quot;" file="/var/www/html/tests/Unit/Server/Handlers/PromptHandlerTest.php" line="599" class="JTD\LaravelMCP\Tests\Unit\Server\Handlers\PromptHandlerTest" classname="JTD.LaravelMCP.Tests.Unit.Server.Handlers.PromptHandlerTest" assertions="0" time="0.000000">
            <error type="Exception">JTD\LaravelMCP\Tests\Unit\Server\Handlers\PromptHandlerTest::get_prompt_description_handles_different_description_methods with data set "description property"
Exception: The /var/www/html/vendor/orchestra/testbench-core/laravel/bootstrap/cache directory must be present and writable.

/var/www/html/vendor/laravel/framework/src/Illuminate/Foundation/PackageManifest.php:179
/var/www/html/vendor/orchestra/testbench-core/src/Foundation/PackageManifest.php:157
/var/www/html/vendor/laravel/framework/src/Illuminate/Foundation/PackageManifest.php:132
/var/www/html/vendor/laravel/framework/src/Illuminate/Foundation/PackageManifest.php:108
/var/www/html/vendor/orchestra/testbench-core/src/Foundation/PackageManifest.php:102
/var/www/html/vendor/laravel/framework/src/Illuminate/Foundation/PackageManifest.php:91
/var/www/html/vendor/laravel/framework/src/Illuminate/Foundation/PackageManifest.php:80
/var/www/html/vendor/laravel/framework/src/Illuminate/Foundation/Bootstrap/RegisterFacades.php:26
/var/www/html/vendor/orchestra/testbench-core/src/Concerns/CreatesApplication.php:556
/var/www/html/vendor/orchestra/testbench-core/src/Concerns/CreatesApplication.php:311
/var/www/html/vendor/orchestra/testbench-core/src/TestCase.php:121
/var/www/html/vendor/orchestra/testbench-core/src/Concerns/ApplicationTestingHooks.php:74
/var/www/html/vendor/orchestra/testbench-core/src/Concerns/Testing.php:43
/var/www/html/vendor/laravel/framework/src/Illuminate/Collections/helpers.php:236
/var/www/html/vendor/orchestra/sidekick/src/functions.php:87
/var/www/html/vendor/laravel/framework/src/Illuminate/Collections/helpers.php:236
/var/www/html/vendor/orchestra/testbench-core/src/Concerns/Testing.php:57
/var/www/html/vendor/orchestra/testbench-core/src/TestCase.php:50
/var/www/html/tests/TestCase.php:61
/var/www/html/tests/Unit/Server/Handlers/PromptHandlerTest.php:38</error>
          </testcase>
          <testcase name="get_prompt_description_handles_different_description_methods with data set &quot;no description&quot;" file="/var/www/html/tests/Unit/Server/Handlers/PromptHandlerTest.php" line="599" class="JTD\LaravelMCP\Tests\Unit\Server\Handlers\PromptHandlerTest" classname="JTD.LaravelMCP.Tests.Unit.Server.Handlers.PromptHandlerTest" assertions="0" time="0.000000">
            <error type="Exception">JTD\LaravelMCP\Tests\Unit\Server\Handlers\PromptHandlerTest::get_prompt_description_handles_different_description_methods with data set "no description"
Exception: The /var/www/html/vendor/orchestra/testbench-core/laravel/bootstrap/cache directory must be present and writable.

/var/www/html/vendor/laravel/framework/src/Illuminate/Foundation/PackageManifest.php:179
/var/www/html/vendor/orchestra/testbench-core/src/Foundation/PackageManifest.php:157
/var/www/html/vendor/laravel/framework/src/Illuminate/Foundation/PackageManifest.php:132
/var/www/html/vendor/laravel/framework/src/Illuminate/Foundation/PackageManifest.php:108
/var/www/html/vendor/orchestra/testbench-core/src/Foundation/PackageManifest.php:102
/var/www/html/vendor/laravel/framework/src/Illuminate/Foundation/PackageManifest.php:91
/var/www/html/vendor/laravel/framework/src/Illuminate/Foundation/PackageManifest.php:80
/var/www/html/vendor/laravel/framework/src/Illuminate/Foundation/Bootstrap/RegisterFacades.php:26
/var/www/html/vendor/orchestra/testbench-core/src/Concerns/CreatesApplication.php:556
/var/www/html/vendor/orchestra/testbench-core/src/Concerns/CreatesApplication.php:311
/var/www/html/vendor/orchestra/testbench-core/src/TestCase.php:121
/var/www/html/vendor/orchestra/testbench-core/src/Concerns/ApplicationTestingHooks.php:74
/var/www/html/vendor/orchestra/testbench-core/src/Concerns/Testing.php:43
/var/www/html/vendor/laravel/framework/src/Illuminate/Collections/helpers.php:236
/var/www/html/vendor/orchestra/sidekick/src/functions.php:87
/var/www/html/vendor/laravel/framework/src/Illuminate/Collections/helpers.php:236
/var/www/html/vendor/orchestra/testbench-core/src/Concerns/Testing.php:57
/var/www/html/vendor/orchestra/testbench-core/src/TestCase.php:50
/var/www/html/tests/TestCase.php:61
/var/www/html/tests/Unit/Server/Handlers/PromptHandlerTest.php:38</error>
          </testcase>
        </testsuite>
        <testsuite name="JTD\LaravelMCP\Tests\Unit\Server\Handlers\PromptHandlerTest::get_prompt_arguments_handles_different_arguments_methods" tests="4" assertions="0" errors="4" failures="0" skipped="0" time="0.000000">
          <testcase name="get_prompt_arguments_handles_different_arguments_methods with data set &quot;getArguments method&quot;" file="/var/www/html/tests/Unit/Server/Handlers/PromptHandlerTest.php" line="647" class="JTD\LaravelMCP\Tests\Unit\Server\Handlers\PromptHandlerTest" classname="JTD.LaravelMCP.Tests.Unit.Server.Handlers.PromptHandlerTest" assertions="0" time="0.000000">
            <error type="Exception">JTD\LaravelMCP\Tests\Unit\Server\Handlers\PromptHandlerTest::get_prompt_arguments_handles_different_arguments_methods with data set "getArguments method"
Exception: The /var/www/html/vendor/orchestra/testbench-core/laravel/bootstrap/cache directory must be present and writable.

/var/www/html/vendor/laravel/framework/src/Illuminate/Foundation/PackageManifest.php:179
/var/www/html/vendor/orchestra/testbench-core/src/Foundation/PackageManifest.php:157
/var/www/html/vendor/laravel/framework/src/Illuminate/Foundation/PackageManifest.php:132
/var/www/html/vendor/laravel/framework/src/Illuminate/Foundation/PackageManifest.php:108
/var/www/html/vendor/orchestra/testbench-core/src/Foundation/PackageManifest.php:102
/var/www/html/vendor/laravel/framework/src/Illuminate/Foundation/PackageManifest.php:91
/var/www/html/vendor/laravel/framework/src/Illuminate/Foundation/PackageManifest.php:80
/var/www/html/vendor/laravel/framework/src/Illuminate/Foundation/Bootstrap/RegisterFacades.php:26
/var/www/html/vendor/orchestra/testbench-core/src/Concerns/CreatesApplication.php:556
/var/www/html/vendor/orchestra/testbench-core/src/Concerns/CreatesApplication.php:311
/var/www/html/vendor/orchestra/testbench-core/src/TestCase.php:121
/var/www/html/vendor/orchestra/testbench-core/src/Concerns/ApplicationTestingHooks.php:74
/var/www/html/vendor/orchestra/testbench-core/src/Concerns/Testing.php:43
/var/www/html/vendor/laravel/framework/src/Illuminate/Collections/helpers.php:236
/var/www/html/vendor/orchestra/sidekick/src/functions.php:87
/var/www/html/vendor/laravel/framework/src/Illuminate/Collections/helpers.php:236
/var/www/html/vendor/orchestra/testbench-core/src/Concerns/Testing.php:57
/var/www/html/vendor/orchestra/testbench-core/src/TestCase.php:50
/var/www/html/tests/TestCase.php:61
/var/www/html/tests/Unit/Server/Handlers/PromptHandlerTest.php:38</error>
          </testcase>
          <testcase name="get_prompt_arguments_handles_different_arguments_methods with data set &quot;arguments method&quot;" file="/var/www/html/tests/Unit/Server/Handlers/PromptHandlerTest.php" line="647" class="JTD\LaravelMCP\Tests\Unit\Server\Handlers\PromptHandlerTest" classname="JTD.LaravelMCP.Tests.Unit.Server.Handlers.PromptHandlerTest" assertions="0" time="0.000000">
            <error type="Exception">JTD\LaravelMCP\Tests\Unit\Server\Handlers\PromptHandlerTest::get_prompt_arguments_handles_different_arguments_methods with data set "arguments method"
Exception: The /var/www/html/vendor/orchestra/testbench-core/laravel/bootstrap/cache directory must be present and writable.

/var/www/html/vendor/laravel/framework/src/Illuminate/Foundation/PackageManifest.php:179
/var/www/html/vendor/orchestra/testbench-core/src/Foundation/PackageManifest.php:157
/var/www/html/vendor/laravel/framework/src/Illuminate/Foundation/PackageManifest.php:132
/var/www/html/vendor/laravel/framework/src/Illuminate/Foundation/PackageManifest.php:108
/var/www/html/vendor/orchestra/testbench-core/src/Foundation/PackageManifest.php:102
/var/www/html/vendor/laravel/framework/src/Illuminate/Foundation/PackageManifest.php:91
/var/www/html/vendor/laravel/framework/src/Illuminate/Foundation/PackageManifest.php:80
/var/www/html/vendor/laravel/framework/src/Illuminate/Foundation/Bootstrap/RegisterFacades.php:26
/var/www/html/vendor/orchestra/testbench-core/src/Concerns/CreatesApplication.php:556
/var/www/html/vendor/orchestra/testbench-core/src/Concerns/CreatesApplication.php:311
/var/www/html/vendor/orchestra/testbench-core/src/TestCase.php:121
/var/www/html/vendor/orchestra/testbench-core/src/Concerns/ApplicationTestingHooks.php:74
/var/www/html/vendor/orchestra/testbench-core/src/Concerns/Testing.php:43
/var/www/html/vendor/laravel/framework/src/Illuminate/Collections/helpers.php:236
/var/www/html/vendor/orchestra/sidekick/src/functions.php:87
/var/www/html/vendor/laravel/framework/src/Illuminate/Collections/helpers.php:236
/var/www/html/vendor/orchestra/testbench-core/src/Concerns/Testing.php:57
/var/www/html/vendor/orchestra/testbench-core/src/TestCase.php:50
/var/www/html/tests/TestCase.php:61
/var/www/html/tests/Unit/Server/Handlers/PromptHandlerTest.php:38</error>
          </testcase>
          <testcase name="get_prompt_arguments_handles_different_arguments_methods with data set &quot;arguments property&quot;" file="/var/www/html/tests/Unit/Server/Handlers/PromptHandlerTest.php" line="647" class="JTD\LaravelMCP\Tests\Unit\Server\Handlers\PromptHandlerTest" classname="JTD.LaravelMCP.Tests.Unit.Server.Handlers.PromptHandlerTest" assertions="0" time="0.000000">
            <error type="Exception">JTD\LaravelMCP\Tests\Unit\Server\Handlers\PromptHandlerTest::get_prompt_arguments_handles_different_arguments_methods with data set "arguments property"
Exception: The /var/www/html/vendor/orchestra/testbench-core/laravel/bootstrap/cache directory must be present and writable.

/var/www/html/vendor/laravel/framework/src/Illuminate/Foundation/PackageManifest.php:179
/var/www/html/vendor/orchestra/testbench-core/src/Foundation/PackageManifest.php:157
/var/www/html/vendor/laravel/framework/src/Illuminate/Foundation/PackageManifest.php:132
/var/www/html/vendor/laravel/framework/src/Illuminate/Foundation/PackageManifest.php:108
/var/www/html/vendor/orchestra/testbench-core/src/Foundation/PackageManifest.php:102
/var/www/html/vendor/laravel/framework/src/Illuminate/Foundation/PackageManifest.php:91
/var/www/html/vendor/laravel/framework/src/Illuminate/Foundation/PackageManifest.php:80
/var/www/html/vendor/laravel/framework/src/Illuminate/Foundation/Bootstrap/RegisterFacades.php:26
/var/www/html/vendor/orchestra/testbench-core/src/Concerns/CreatesApplication.php:556
/var/www/html/vendor/orchestra/testbench-core/src/Concerns/CreatesApplication.php:311
/var/www/html/vendor/orchestra/testbench-core/src/TestCase.php:121
/var/www/html/vendor/orchestra/testbench-core/src/Concerns/ApplicationTestingHooks.php:74
/var/www/html/vendor/orchestra/testbench-core/src/Concerns/Testing.php:43
/var/www/html/vendor/laravel/framework/src/Illuminate/Collections/helpers.php:236
/var/www/html/vendor/orchestra/sidekick/src/functions.php:87
/var/www/html/vendor/laravel/framework/src/Illuminate/Collections/helpers.php:236
/var/www/html/vendor/orchestra/testbench-core/src/Concerns/Testing.php:57
/var/www/html/vendor/orchestra/testbench-core/src/TestCase.php:50
/var/www/html/tests/TestCase.php:61
/var/www/html/tests/Unit/Server/Handlers/PromptHandlerTest.php:38</error>
          </testcase>
          <testcase name="get_prompt_arguments_handles_different_arguments_methods with data set &quot;no arguments&quot;" file="/var/www/html/tests/Unit/Server/Handlers/PromptHandlerTest.php" line="647" class="JTD\LaravelMCP\Tests\Unit\Server\Handlers\PromptHandlerTest" classname="JTD.LaravelMCP.Tests.Unit.Server.Handlers.PromptHandlerTest" assertions="0" time="0.000000">
            <error type="Exception">JTD\LaravelMCP\Tests\Unit\Server\Handlers\PromptHandlerTest::get_prompt_arguments_handles_different_arguments_methods with data set "no arguments"
Exception: The /var/www/html/vendor/orchestra/testbench-core/laravel/bootstrap/cache directory must be present and writable.

/var/www/html/vendor/laravel/framework/src/Illuminate/Foundation/PackageManifest.php:179
/var/www/html/vendor/orchestra/testbench-core/src/Foundation/PackageManifest.php:157
/var/www/html/vendor/laravel/framework/src/Illuminate/Foundation/PackageManifest.php:132
/var/www/html/vendor/laravel/framework/src/Illuminate/Foundation/PackageManifest.php:108
/var/www/html/vendor/orchestra/testbench-core/src/Foundation/PackageManifest.php:102
/var/www/html/vendor/laravel/framework/src/Illuminate/Foundation/PackageManifest.php:91
/var/www/html/vendor/laravel/framework/src/Illuminate/Foundation/PackageManifest.php:80
/var/www/html/vendor/laravel/framework/src/Illuminate/Foundation/Bootstrap/RegisterFacades.php:26
/var/www/html/vendor/orchestra/testbench-core/src/Concerns/CreatesApplication.php:556
/var/www/html/vendor/orchestra/testbench-core/src/Concerns/CreatesApplication.php:311
/var/www/html/vendor/orchestra/testbench-core/src/TestCase.php:121
/var/www/html/vendor/orchestra/testbench-core/src/Concerns/ApplicationTestingHooks.php:74
/var/www/html/vendor/orchestra/testbench-core/src/Concerns/Testing.php:43
/var/www/html/vendor/laravel/framework/src/Illuminate/Collections/helpers.php:236
/var/www/html/vendor/orchestra/sidekick/src/functions.php:87
/var/www/html/vendor/laravel/framework/src/Illuminate/Collections/helpers.php:236
/var/www/html/vendor/orchestra/testbench-core/src/Concerns/Testing.php:57
/var/www/html/vendor/orchestra/testbench-core/src/TestCase.php:50
/var/www/html/tests/TestCase.php:61
/var/www/html/tests/Unit/Server/Handlers/PromptHandlerTest.php:38</error>
          </testcase>
        </testsuite>
        <testsuite name="JTD\LaravelMCP\Tests\Unit\Server\Handlers\PromptHandlerTest::format_prompt_messages_handles_different_result_formats" tests="7" assertions="0" errors="7" failures="0" skipped="0" time="0.000000">
          <testcase name="format_prompt_messages_handles_different_result_formats with data set &quot;array of messages&quot;" file="/var/www/html/tests/Unit/Server/Handlers/PromptHandlerTest.php" line="707" class="JTD\LaravelMCP\Tests\Unit\Server\Handlers\PromptHandlerTest" classname="JTD.LaravelMCP.Tests.Unit.Server.Handlers.PromptHandlerTest" assertions="0" time="0.000000">
            <error type="Exception">JTD\LaravelMCP\Tests\Unit\Server\Handlers\PromptHandlerTest::format_prompt_messages_handles_different_result_formats with data set "array of messages"
Exception: The /var/www/html/vendor/orchestra/testbench-core/laravel/bootstrap/cache directory must be present and writable.

/var/www/html/vendor/laravel/framework/src/Illuminate/Foundation/PackageManifest.php:179
/var/www/html/vendor/orchestra/testbench-core/src/Foundation/PackageManifest.php:157
/var/www/html/vendor/laravel/framework/src/Illuminate/Foundation/PackageManifest.php:132
/var/www/html/vendor/laravel/framework/src/Illuminate/Foundation/PackageManifest.php:108
/var/www/html/vendor/orchestra/testbench-core/src/Foundation/PackageManifest.php:102
/var/www/html/vendor/laravel/framework/src/Illuminate/Foundation/PackageManifest.php:91
/var/www/html/vendor/laravel/framework/src/Illuminate/Foundation/PackageManifest.php:80
/var/www/html/vendor/laravel/framework/src/Illuminate/Foundation/Bootstrap/RegisterFacades.php:26
/var/www/html/vendor/orchestra/testbench-core/src/Concerns/CreatesApplication.php:556
/var/www/html/vendor/orchestra/testbench-core/src/Concerns/CreatesApplication.php:311
/var/www/html/vendor/orchestra/testbench-core/src/TestCase.php:121
/var/www/html/vendor/orchestra/testbench-core/src/Concerns/ApplicationTestingHooks.php:74
/var/www/html/vendor/orchestra/testbench-core/src/Concerns/Testing.php:43
/var/www/html/vendor/laravel/framework/src/Illuminate/Collections/helpers.php:236
/var/www/html/vendor/orchestra/sidekick/src/functions.php:87
/var/www/html/vendor/laravel/framework/src/Illuminate/Collections/helpers.php:236
/var/www/html/vendor/orchestra/testbench-core/src/Concerns/Testing.php:57
/var/www/html/vendor/orchestra/testbench-core/src/TestCase.php:50
/var/www/html/tests/TestCase.php:61
/var/www/html/tests/Unit/Server/Handlers/PromptHandlerTest.php:38</error>
          </testcase>
          <testcase name="format_prompt_messages_handles_different_result_formats with data set &quot;single message object&quot;" file="/var/www/html/tests/Unit/Server/Handlers/PromptHandlerTest.php" line="707" class="JTD\LaravelMCP\Tests\Unit\Server\Handlers\PromptHandlerTest" classname="JTD.LaravelMCP.Tests.Unit.Server.Handlers.PromptHandlerTest" assertions="0" time="0.000000">
            <error type="Exception">JTD\LaravelMCP\Tests\Unit\Server\Handlers\PromptHandlerTest::format_prompt_messages_handles_different_result_formats with data set "single message object"
Exception: The /var/www/html/vendor/orchestra/testbench-core/laravel/bootstrap/cache directory must be present and writable.

/var/www/html/vendor/laravel/framework/src/Illuminate/Foundation/PackageManifest.php:179
/var/www/html/vendor/orchestra/testbench-core/src/Foundation/PackageManifest.php:157
/var/www/html/vendor/laravel/framework/src/Illuminate/Foundation/PackageManifest.php:132
/var/www/html/vendor/laravel/framework/src/Illuminate/Foundation/PackageManifest.php:108
/var/www/html/vendor/orchestra/testbench-core/src/Foundation/PackageManifest.php:102
/var/www/html/vendor/laravel/framework/src/Illuminate/Foundation/PackageManifest.php:91
/var/www/html/vendor/laravel/framework/src/Illuminate/Foundation/PackageManifest.php:80
/var/www/html/vendor/laravel/framework/src/Illuminate/Foundation/Bootstrap/RegisterFacades.php:26
/var/www/html/vendor/orchestra/testbench-core/src/Concerns/CreatesApplication.php:556
/var/www/html/vendor/orchestra/testbench-core/src/Concerns/CreatesApplication.php:311
/var/www/html/vendor/orchestra/testbench-core/src/TestCase.php:121
/var/www/html/vendor/orchestra/testbench-core/src/Concerns/ApplicationTestingHooks.php:74
/var/www/html/vendor/orchestra/testbench-core/src/Concerns/Testing.php:43
/var/www/html/vendor/laravel/framework/src/Illuminate/Collections/helpers.php:236
/var/www/html/vendor/orchestra/sidekick/src/functions.php:87
/var/www/html/vendor/laravel/framework/src/Illuminate/Collections/helpers.php:236
/var/www/html/vendor/orchestra/testbench-core/src/Concerns/Testing.php:57
/var/www/html/vendor/orchestra/testbench-core/src/TestCase.php:50
/var/www/html/tests/TestCase.php:61
/var/www/html/tests/Unit/Server/Handlers/PromptHandlerTest.php:38</error>
          </testcase>
          <testcase name="format_prompt_messages_handles_different_result_formats with data set &quot;string result&quot;" file="/var/www/html/tests/Unit/Server/Handlers/PromptHandlerTest.php" line="707" class="JTD\LaravelMCP\Tests\Unit\Server\Handlers\PromptHandlerTest" classname="JTD.LaravelMCP.Tests.Unit.Server.Handlers.PromptHandlerTest" assertions="0" time="0.000000">
            <error type="Exception">JTD\LaravelMCP\Tests\Unit\Server\Handlers\PromptHandlerTest::format_prompt_messages_handles_different_result_formats with data set "string result"
Exception: The /var/www/html/vendor/orchestra/testbench-core/laravel/bootstrap/cache directory must be present and writable.

/var/www/html/vendor/laravel/framework/src/Illuminate/Foundation/PackageManifest.php:179
/var/www/html/vendor/orchestra/testbench-core/src/Foundation/PackageManifest.php:157
/var/www/html/vendor/laravel/framework/src/Illuminate/Foundation/PackageManifest.php:132
/var/www/html/vendor/laravel/framework/src/Illuminate/Foundation/PackageManifest.php:108
/var/www/html/vendor/orchestra/testbench-core/src/Foundation/PackageManifest.php:102
/var/www/html/vendor/laravel/framework/src/Illuminate/Foundation/PackageManifest.php:91
/var/www/html/vendor/laravel/framework/src/Illuminate/Foundation/PackageManifest.php:80
/var/www/html/vendor/laravel/framework/src/Illuminate/Foundation/Bootstrap/RegisterFacades.php:26
/var/www/html/vendor/orchestra/testbench-core/src/Concerns/CreatesApplication.php:556
/var/www/html/vendor/orchestra/testbench-core/src/Concerns/CreatesApplication.php:311
/var/www/html/vendor/orchestra/testbench-core/src/TestCase.php:121
/var/www/html/vendor/orchestra/testbench-core/src/Concerns/ApplicationTestingHooks.php:74
/var/www/html/vendor/orchestra/testbench-core/src/Concerns/Testing.php:43
/var/www/html/vendor/laravel/framework/src/Illuminate/Collections/helpers.php:236
/var/www/html/vendor/orchestra/sidekick/src/functions.php:87
/var/www/html/vendor/laravel/framework/src/Illuminate/Collections/helpers.php:236
/var/www/html/vendor/orchestra/testbench-core/src/Concerns/Testing.php:57
/var/www/html/vendor/orchestra/testbench-core/src/TestCase.php:50
/var/www/html/tests/TestCase.php:61
/var/www/html/tests/Unit/Server/Handlers/PromptHandlerTest.php:38</error>
          </testcase>
          <testcase name="format_prompt_messages_handles_different_result_formats with data set &quot;array result (not messages)&quot;" file="/var/www/html/tests/Unit/Server/Handlers/PromptHandlerTest.php" line="707" class="JTD\LaravelMCP\Tests\Unit\Server\Handlers\PromptHandlerTest" classname="JTD.LaravelMCP.Tests.Unit.Server.Handlers.PromptHandlerTest" assertions="0" time="0.000000">
            <error type="Exception">JTD\LaravelMCP\Tests\Unit\Server\Handlers\PromptHandlerTest::format_prompt_messages_handles_different_result_formats with data set "array result (not messages)"
Exception: The /var/www/html/vendor/orchestra/testbench-core/laravel/bootstrap/cache directory must be present and writable.

/var/www/html/vendor/laravel/framework/src/Illuminate/Foundation/PackageManifest.php:179
/var/www/html/vendor/orchestra/testbench-core/src/Foundation/PackageManifest.php:157
/var/www/html/vendor/laravel/framework/src/Illuminate/Foundation/PackageManifest.php:132
/var/www/html/vendor/laravel/framework/src/Illuminate/Foundation/PackageManifest.php:108
/var/www/html/vendor/orchestra/testbench-core/src/Foundation/PackageManifest.php:102
/var/www/html/vendor/laravel/framework/src/Illuminate/Foundation/PackageManifest.php:91
/var/www/html/vendor/laravel/framework/src/Illuminate/Foundation/PackageManifest.php:80
/var/www/html/vendor/laravel/framework/src/Illuminate/Foundation/Bootstrap/RegisterFacades.php:26
/var/www/html/vendor/orchestra/testbench-core/src/Concerns/CreatesApplication.php:556
/var/www/html/vendor/orchestra/testbench-core/src/Concerns/CreatesApplication.php:311
/var/www/html/vendor/orchestra/testbench-core/src/TestCase.php:121
/var/www/html/vendor/orchestra/testbench-core/src/Concerns/ApplicationTestingHooks.php:74
/var/www/html/vendor/orchestra/testbench-core/src/Concerns/Testing.php:43
/var/www/html/vendor/laravel/framework/src/Illuminate/Collections/helpers.php:236
/var/www/html/vendor/orchestra/sidekick/src/functions.php:87
/var/www/html/vendor/laravel/framework/src/Illuminate/Collections/helpers.php:236
/var/www/html/vendor/orchestra/testbench-core/src/Concerns/Testing.php:57
/var/www/html/vendor/orchestra/testbench-core/src/TestCase.php:50
/var/www/html/tests/TestCase.php:61
/var/www/html/tests/Unit/Server/Handlers/PromptHandlerTest.php:38</error>
          </testcase>
          <testcase name="format_prompt_messages_handles_different_result_formats with data set &quot;object result&quot;" file="/var/www/html/tests/Unit/Server/Handlers/PromptHandlerTest.php" line="707" class="JTD\LaravelMCP\Tests\Unit\Server\Handlers\PromptHandlerTest" classname="JTD.LaravelMCP.Tests.Unit.Server.Handlers.PromptHandlerTest" assertions="0" time="0.000000">
            <error type="Exception">JTD\LaravelMCP\Tests\Unit\Server\Handlers\PromptHandlerTest::format_prompt_messages_handles_different_result_formats with data set "object result"
Exception: The /var/www/html/vendor/orchestra/testbench-core/laravel/bootstrap/cache directory must be present and writable.

/var/www/html/vendor/laravel/framework/src/Illuminate/Foundation/PackageManifest.php:179
/var/www/html/vendor/orchestra/testbench-core/src/Foundation/PackageManifest.php:157
/var/www/html/vendor/laravel/framework/src/Illuminate/Foundation/PackageManifest.php:132
/var/www/html/vendor/laravel/framework/src/Illuminate/Foundation/PackageManifest.php:108
/var/www/html/vendor/orchestra/testbench-core/src/Foundation/PackageManifest.php:102
/var/www/html/vendor/laravel/framework/src/Illuminate/Foundation/PackageManifest.php:91
/var/www/html/vendor/laravel/framework/src/Illuminate/Foundation/PackageManifest.php:80
/var/www/html/vendor/laravel/framework/src/Illuminate/Foundation/Bootstrap/RegisterFacades.php:26
/var/www/html/vendor/orchestra/testbench-core/src/Concerns/CreatesApplication.php:556
/var/www/html/vendor/orchestra/testbench-core/src/Concerns/CreatesApplication.php:311
/var/www/html/vendor/orchestra/testbench-core/src/TestCase.php:121
/var/www/html/vendor/orchestra/testbench-core/src/Concerns/ApplicationTestingHooks.php:74
/var/www/html/vendor/orchestra/testbench-core/src/Concerns/Testing.php:43
/var/www/html/vendor/laravel/framework/src/Illuminate/Collections/helpers.php:236
/var/www/html/vendor/orchestra/sidekick/src/functions.php:87
/var/www/html/vendor/laravel/framework/src/Illuminate/Collections/helpers.php:236
/var/www/html/vendor/orchestra/testbench-core/src/Concerns/Testing.php:57
/var/www/html/vendor/orchestra/testbench-core/src/TestCase.php:50
/var/www/html/tests/TestCase.php:61
/var/www/html/tests/Unit/Server/Handlers/PromptHandlerTest.php:38</error>
          </testcase>
          <testcase name="format_prompt_messages_handles_different_result_formats with data set &quot;number result&quot;" file="/var/www/html/tests/Unit/Server/Handlers/PromptHandlerTest.php" line="707" class="JTD\LaravelMCP\Tests\Unit\Server\Handlers\PromptHandlerTest" classname="JTD.LaravelMCP.Tests.Unit.Server.Handlers.PromptHandlerTest" assertions="0" time="0.000000">
            <error type="Exception">JTD\LaravelMCP\Tests\Unit\Server\Handlers\PromptHandlerTest::format_prompt_messages_handles_different_result_formats with data set "number result"
Exception: The /var/www/html/vendor/orchestra/testbench-core/laravel/bootstrap/cache directory must be present and writable.

/var/www/html/vendor/laravel/framework/src/Illuminate/Foundation/PackageManifest.php:179
/var/www/html/vendor/orchestra/testbench-core/src/Foundation/PackageManifest.php:157
/var/www/html/vendor/laravel/framework/src/Illuminate/Foundation/PackageManifest.php:132
/var/www/html/vendor/laravel/framework/src/Illuminate/Foundation/PackageManifest.php:108
/var/www/html/vendor/orchestra/testbench-core/src/Foundation/PackageManifest.php:102
/var/www/html/vendor/laravel/framework/src/Illuminate/Foundation/PackageManifest.php:91
/var/www/html/vendor/laravel/framework/src/Illuminate/Foundation/PackageManifest.php:80
/var/www/html/vendor/laravel/framework/src/Illuminate/Foundation/Bootstrap/RegisterFacades.php:26
/var/www/html/vendor/orchestra/testbench-core/src/Concerns/CreatesApplication.php:556
/var/www/html/vendor/orchestra/testbench-core/src/Concerns/CreatesApplication.php:311
/var/www/html/vendor/orchestra/testbench-core/src/TestCase.php:121
/var/www/html/vendor/orchestra/testbench-core/src/Concerns/ApplicationTestingHooks.php:74
/var/www/html/vendor/orchestra/testbench-core/src/Concerns/Testing.php:43
/var/www/html/vendor/laravel/framework/src/Illuminate/Collections/helpers.php:236
/var/www/html/vendor/orchestra/sidekick/src/functions.php:87
/var/www/html/vendor/laravel/framework/src/Illuminate/Collections/helpers.php:236
/var/www/html/vendor/orchestra/testbench-core/src/Concerns/Testing.php:57
/var/www/html/vendor/orchestra/testbench-core/src/TestCase.php:50
/var/www/html/tests/TestCase.php:61
/var/www/html/tests/Unit/Server/Handlers/PromptHandlerTest.php:38</error>
          </testcase>
          <testcase name="format_prompt_messages_handles_different_result_formats with data set &quot;empty array result&quot;" file="/var/www/html/tests/Unit/Server/Handlers/PromptHandlerTest.php" line="707" class="JTD\LaravelMCP\Tests\Unit\Server\Handlers\PromptHandlerTest" classname="JTD.LaravelMCP.Tests.Unit.Server.Handlers.PromptHandlerTest" assertions="0" time="0.000000">
            <error type="Exception">JTD\LaravelMCP\Tests\Unit\Server\Handlers\PromptHandlerTest::format_prompt_messages_handles_different_result_formats with data set "empty array result"
Exception: The /var/www/html/vendor/orchestra/testbench-core/laravel/bootstrap/cache directory must be present and writable.

/var/www/html/vendor/laravel/framework/src/Illuminate/Foundation/PackageManifest.php:179
/var/www/html/vendor/orchestra/testbench-core/src/Foundation/PackageManifest.php:157
/var/www/html/vendor/laravel/framework/src/Illuminate/Foundation/PackageManifest.php:132
/var/www/html/vendor/laravel/framework/src/Illuminate/Foundation/PackageManifest.php:108
/var/www/html/vendor/orchestra/testbench-core/src/Foundation/PackageManifest.php:102
/var/www/html/vendor/laravel/framework/src/Illuminate/Foundation/PackageManifest.php:91
/var/www/html/vendor/laravel/framework/src/Illuminate/Foundation/PackageManifest.php:80
/var/www/html/vendor/laravel/framework/src/Illuminate/Foundation/Bootstrap/RegisterFacades.php:26
/var/www/html/vendor/orchestra/testbench-core/src/Concerns/CreatesApplication.php:556
/var/www/html/vendor/orchestra/testbench-core/src/Concerns/CreatesApplication.php:311
/var/www/html/vendor/orchestra/testbench-core/src/TestCase.php:121
/var/www/html/vendor/orchestra/testbench-core/src/Concerns/ApplicationTestingHooks.php:74
/var/www/html/vendor/orchestra/testbench-core/src/Concerns/Testing.php:43
/var/www/html/vendor/laravel/framework/src/Illuminate/Collections/helpers.php:236
/var/www/html/vendor/orchestra/sidekick/src/functions.php:87
/var/www/html/vendor/laravel/framework/src/Illuminate/Collections/helpers.php:236
/var/www/html/vendor/orchestra/testbench-core/src/Concerns/Testing.php:57
/var/www/html/vendor/orchestra/testbench-core/src/TestCase.php:50
/var/www/html/tests/TestCase.php:61
/var/www/html/tests/Unit/Server/Handlers/PromptHandlerTest.php:38</error>
          </testcase>
        </testsuite>
        <testsuite name="JTD\LaravelMCP\Tests\Unit\Server\Handlers\PromptHandlerTest::is_message_array_correctly_identifies_message_arrays" tests="7" assertions="0" errors="7" failures="0" skipped="0" time="0.000000">
          <testcase name="is_message_array_correctly_identifies_message_arrays with data set &quot;valid message array&quot;" file="/var/www/html/tests/Unit/Server/Handlers/PromptHandlerTest.php" line="778" class="JTD\LaravelMCP\Tests\Unit\Server\Handlers\PromptHandlerTest" classname="JTD.LaravelMCP.Tests.Unit.Server.Handlers.PromptHandlerTest" assertions="0" time="0.000000">
            <error type="Exception">JTD\LaravelMCP\Tests\Unit\Server\Handlers\PromptHandlerTest::is_message_array_correctly_identifies_message_arrays with data set "valid message array"
Exception: The /var/www/html/vendor/orchestra/testbench-core/laravel/bootstrap/cache directory must be present and writable.

/var/www/html/vendor/laravel/framework/src/Illuminate/Foundation/PackageManifest.php:179
/var/www/html/vendor/orchestra/testbench-core/src/Foundation/PackageManifest.php:157
/var/www/html/vendor/laravel/framework/src/Illuminate/Foundation/PackageManifest.php:132
/var/www/html/vendor/laravel/framework/src/Illuminate/Foundation/PackageManifest.php:108
/var/www/html/vendor/orchestra/testbench-core/src/Foundation/PackageManifest.php:102
/var/www/html/vendor/laravel/framework/src/Illuminate/Foundation/PackageManifest.php:91
/var/www/html/vendor/laravel/framework/src/Illuminate/Foundation/PackageManifest.php:80
/var/www/html/vendor/laravel/framework/src/Illuminate/Foundation/Bootstrap/RegisterFacades.php:26
/var/www/html/vendor/orchestra/testbench-core/src/Concerns/CreatesApplication.php:556
/var/www/html/vendor/orchestra/testbench-core/src/Concerns/CreatesApplication.php:311
/var/www/html/vendor/orchestra/testbench-core/src/TestCase.php:121
/var/www/html/vendor/orchestra/testbench-core/src/Concerns/ApplicationTestingHooks.php:74
/var/www/html/vendor/orchestra/testbench-core/src/Concerns/Testing.php:43
/var/www/html/vendor/laravel/framework/src/Illuminate/Collections/helpers.php:236
/var/www/html/vendor/orchestra/sidekick/src/functions.php:87
/var/www/html/vendor/laravel/framework/src/Illuminate/Collections/helpers.php:236
/var/www/html/vendor/orchestra/testbench-core/src/Concerns/Testing.php:57
/var/www/html/vendor/orchestra/testbench-core/src/TestCase.php:50
/var/www/html/tests/TestCase.php:61
/var/www/html/tests/Unit/Server/Handlers/PromptHandlerTest.php:38</error>
          </testcase>
          <testcase name="is_message_array_correctly_identifies_message_arrays with data set &quot;array with content only&quot;" file="/var/www/html/tests/Unit/Server/Handlers/PromptHandlerTest.php" line="778" class="JTD\LaravelMCP\Tests\Unit\Server\Handlers\PromptHandlerTest" classname="JTD.LaravelMCP.Tests.Unit.Server.Handlers.PromptHandlerTest" assertions="0" time="0.000000">
            <error type="Exception">JTD\LaravelMCP\Tests\Unit\Server\Handlers\PromptHandlerTest::is_message_array_correctly_identifies_message_arrays with data set "array with content only"
Exception: The /var/www/html/vendor/orchestra/testbench-core/laravel/bootstrap/cache directory must be present and writable.

/var/www/html/vendor/laravel/framework/src/Illuminate/Foundation/PackageManifest.php:179
/var/www/html/vendor/orchestra/testbench-core/src/Foundation/PackageManifest.php:157
/var/www/html/vendor/laravel/framework/src/Illuminate/Foundation/PackageManifest.php:132
/var/www/html/vendor/laravel/framework/src/Illuminate/Foundation/PackageManifest.php:108
/var/www/html/vendor/orchestra/testbench-core/src/Foundation/PackageManifest.php:102
/var/www/html/vendor/laravel/framework/src/Illuminate/Foundation/PackageManifest.php:91
/var/www/html/vendor/laravel/framework/src/Illuminate/Foundation/PackageManifest.php:80
/var/www/html/vendor/laravel/framework/src/Illuminate/Foundation/Bootstrap/RegisterFacades.php:26
/var/www/html/vendor/orchestra/testbench-core/src/Concerns/CreatesApplication.php:556
/var/www/html/vendor/orchestra/testbench-core/src/Concerns/CreatesApplication.php:311
/var/www/html/vendor/orchestra/testbench-core/src/TestCase.php:121
/var/www/html/vendor/orchestra/testbench-core/src/Concerns/ApplicationTestingHooks.php:74
/var/www/html/vendor/orchestra/testbench-core/src/Concerns/Testing.php:43
/var/www/html/vendor/laravel/framework/src/Illuminate/Collections/helpers.php:236
/var/www/html/vendor/orchestra/sidekick/src/functions.php:87
/var/www/html/vendor/laravel/framework/src/Illuminate/Collections/helpers.php:236
/var/www/html/vendor/orchestra/testbench-core/src/Concerns/Testing.php:57
/var/www/html/vendor/orchestra/testbench-core/src/TestCase.php:50
/var/www/html/tests/TestCase.php:61
/var/www/html/tests/Unit/Server/Handlers/PromptHandlerTest.php:38</error>
          </testcase>
          <testcase name="is_message_array_correctly_identifies_message_arrays with data set &quot;array with role only&quot;" file="/var/www/html/tests/Unit/Server/Handlers/PromptHandlerTest.php" line="778" class="JTD\LaravelMCP\Tests\Unit\Server\Handlers\PromptHandlerTest" classname="JTD.LaravelMCP.Tests.Unit.Server.Handlers.PromptHandlerTest" assertions="0" time="0.000000">
            <error type="Exception">JTD\LaravelMCP\Tests\Unit\Server\Handlers\PromptHandlerTest::is_message_array_correctly_identifies_message_arrays with data set "array with role only"
Exception: The /var/www/html/vendor/orchestra/testbench-core/laravel/bootstrap/cache directory must be present and writable.

/var/www/html/vendor/laravel/framework/src/Illuminate/Foundation/PackageManifest.php:179
/var/www/html/vendor/orchestra/testbench-core/src/Foundation/PackageManifest.php:157
/var/www/html/vendor/laravel/framework/src/Illuminate/Foundation/PackageManifest.php:132
/var/www/html/vendor/laravel/framework/src/Illuminate/Foundation/PackageManifest.php:108
/var/www/html/vendor/orchestra/testbench-core/src/Foundation/PackageManifest.php:102
/var/www/html/vendor/laravel/framework/src/Illuminate/Foundation/PackageManifest.php:91
/var/www/html/vendor/laravel/framework/src/Illuminate/Foundation/PackageManifest.php:80
/var/www/html/vendor/laravel/framework/src/Illuminate/Foundation/Bootstrap/RegisterFacades.php:26
/var/www/html/vendor/orchestra/testbench-core/src/Concerns/CreatesApplication.php:556
/var/www/html/vendor/orchestra/testbench-core/src/Concerns/CreatesApplication.php:311
/var/www/html/vendor/orchestra/testbench-core/src/TestCase.php:121
/var/www/html/vendor/orchestra/testbench-core/src/Concerns/ApplicationTestingHooks.php:74
/var/www/html/vendor/orchestra/testbench-core/src/Concerns/Testing.php:43
/var/www/html/vendor/laravel/framework/src/Illuminate/Collections/helpers.php:236
/var/www/html/vendor/orchestra/sidekick/src/functions.php:87
/var/www/html/vendor/laravel/framework/src/Illuminate/Collections/helpers.php:236
/var/www/html/vendor/orchestra/testbench-core/src/Concerns/Testing.php:57
/var/www/html/vendor/orchestra/testbench-core/src/TestCase.php:50
/var/www/html/tests/TestCase.php:61
/var/www/html/tests/Unit/Server/Handlers/PromptHandlerTest.php:38</error>
          </testcase>
          <testcase name="is_message_array_correctly_identifies_message_arrays with data set &quot;empty array&quot;" file="/var/www/html/tests/Unit/Server/Handlers/PromptHandlerTest.php" line="778" class="JTD\LaravelMCP\Tests\Unit\Server\Handlers\PromptHandlerTest" classname="JTD.LaravelMCP.Tests.Unit.Server.Handlers.PromptHandlerTest" assertions="0" time="0.000000">
            <error type="Exception">JTD\LaravelMCP\Tests\Unit\Server\Handlers\PromptHandlerTest::is_message_array_correctly_identifies_message_arrays with data set "empty array"
Exception: The /var/www/html/vendor/orchestra/testbench-core/laravel/bootstrap/cache directory must be present and writable.

/var/www/html/vendor/laravel/framework/src/Illuminate/Foundation/PackageManifest.php:179
/var/www/html/vendor/orchestra/testbench-core/src/Foundation/PackageManifest.php:157
/var/www/html/vendor/laravel/framework/src/Illuminate/Foundation/PackageManifest.php:132
/var/www/html/vendor/laravel/framework/src/Illuminate/Foundation/PackageManifest.php:108
/var/www/html/vendor/orchestra/testbench-core/src/Foundation/PackageManifest.php:102
/var/www/html/vendor/laravel/framework/src/Illuminate/Foundation/PackageManifest.php:91
/var/www/html/vendor/laravel/framework/src/Illuminate/Foundation/PackageManifest.php:80
/var/www/html/vendor/laravel/framework/src/Illuminate/Foundation/Bootstrap/RegisterFacades.php:26
/var/www/html/vendor/orchestra/testbench-core/src/Concerns/CreatesApplication.php:556
/var/www/html/vendor/orchestra/testbench-core/src/Concerns/CreatesApplication.php:311
/var/www/html/vendor/orchestra/testbench-core/src/TestCase.php:121
/var/www/html/vendor/orchestra/testbench-core/src/Concerns/ApplicationTestingHooks.php:74
/var/www/html/vendor/orchestra/testbench-core/src/Concerns/Testing.php:43
/var/www/html/vendor/laravel/framework/src/Illuminate/Collections/helpers.php:236
/var/www/html/vendor/orchestra/sidekick/src/functions.php:87
/var/www/html/vendor/laravel/framework/src/Illuminate/Collections/helpers.php:236
/var/www/html/vendor/orchestra/testbench-core/src/Concerns/Testing.php:57
/var/www/html/vendor/orchestra/testbench-core/src/TestCase.php:50
/var/www/html/tests/TestCase.php:61
/var/www/html/tests/Unit/Server/Handlers/PromptHandlerTest.php:38</error>
          </testcase>
          <testcase name="is_message_array_correctly_identifies_message_arrays with data set &quot;array of strings&quot;" file="/var/www/html/tests/Unit/Server/Handlers/PromptHandlerTest.php" line="778" class="JTD\LaravelMCP\Tests\Unit\Server\Handlers\PromptHandlerTest" classname="JTD.LaravelMCP.Tests.Unit.Server.Handlers.PromptHandlerTest" assertions="0" time="0.000000">
            <error type="Exception">JTD\LaravelMCP\Tests\Unit\Server\Handlers\PromptHandlerTest::is_message_array_correctly_identifies_message_arrays with data set "array of strings"
Exception: The /var/www/html/vendor/orchestra/testbench-core/laravel/bootstrap/cache directory must be present and writable.

/var/www/html/vendor/laravel/framework/src/Illuminate/Foundation/PackageManifest.php:179
/var/www/html/vendor/orchestra/testbench-core/src/Foundation/PackageManifest.php:157
/var/www/html/vendor/laravel/framework/src/Illuminate/Foundation/PackageManifest.php:132
/var/www/html/vendor/laravel/framework/src/Illuminate/Foundation/PackageManifest.php:108
/var/www/html/vendor/orchestra/testbench-core/src/Foundation/PackageManifest.php:102
/var/www/html/vendor/laravel/framework/src/Illuminate/Foundation/PackageManifest.php:91
/var/www/html/vendor/laravel/framework/src/Illuminate/Foundation/PackageManifest.php:80
/var/www/html/vendor/laravel/framework/src/Illuminate/Foundation/Bootstrap/RegisterFacades.php:26
/var/www/html/vendor/orchestra/testbench-core/src/Concerns/CreatesApplication.php:556
/var/www/html/vendor/orchestra/testbench-core/src/Concerns/CreatesApplication.php:311
/var/www/html/vendor/orchestra/testbench-core/src/TestCase.php:121
/var/www/html/vendor/orchestra/testbench-core/src/Concerns/ApplicationTestingHooks.php:74
/var/www/html/vendor/orchestra/testbench-core/src/Concerns/Testing.php:43
/var/www/html/vendor/laravel/framework/src/Illuminate/Collections/helpers.php:236
/var/www/html/vendor/orchestra/sidekick/src/functions.php:87
/var/www/html/vendor/laravel/framework/src/Illuminate/Collections/helpers.php:236
/var/www/html/vendor/orchestra/testbench-core/src/Concerns/Testing.php:57
/var/www/html/vendor/orchestra/testbench-core/src/TestCase.php:50
/var/www/html/tests/TestCase.php:61
/var/www/html/tests/Unit/Server/Handlers/PromptHandlerTest.php:38</error>
          </testcase>
          <testcase name="is_message_array_correctly_identifies_message_arrays with data set &quot;array of numbers&quot;" file="/var/www/html/tests/Unit/Server/Handlers/PromptHandlerTest.php" line="778" class="JTD\LaravelMCP\Tests\Unit\Server\Handlers\PromptHandlerTest" classname="JTD.LaravelMCP.Tests.Unit.Server.Handlers.PromptHandlerTest" assertions="0" time="0.000000">
            <error type="Exception">JTD\LaravelMCP\Tests\Unit\Server\Handlers\PromptHandlerTest::is_message_array_correctly_identifies_message_arrays with data set "array of numbers"
Exception: The /var/www/html/vendor/orchestra/testbench-core/laravel/bootstrap/cache directory must be present and writable.

/var/www/html/vendor/laravel/framework/src/Illuminate/Foundation/PackageManifest.php:179
/var/www/html/vendor/orchestra/testbench-core/src/Foundation/PackageManifest.php:157
/var/www/html/vendor/laravel/framework/src/Illuminate/Foundation/PackageManifest.php:132
/var/www/html/vendor/laravel/framework/src/Illuminate/Foundation/PackageManifest.php:108
/var/www/html/vendor/orchestra/testbench-core/src/Foundation/PackageManifest.php:102
/var/www/html/vendor/laravel/framework/src/Illuminate/Foundation/PackageManifest.php:91
/var/www/html/vendor/laravel/framework/src/Illuminate/Foundation/PackageManifest.php:80
/var/www/html/vendor/laravel/framework/src/Illuminate/Foundation/Bootstrap/RegisterFacades.php:26
/var/www/html/vendor/orchestra/testbench-core/src/Concerns/CreatesApplication.php:556
/var/www/html/vendor/orchestra/testbench-core/src/Concerns/CreatesApplication.php:311
/var/www/html/vendor/orchestra/testbench-core/src/TestCase.php:121
/var/www/html/vendor/orchestra/testbench-core/src/Concerns/ApplicationTestingHooks.php:74
/var/www/html/vendor/orchestra/testbench-core/src/Concerns/Testing.php:43
/var/www/html/vendor/laravel/framework/src/Illuminate/Collections/helpers.php:236
/var/www/html/vendor/orchestra/sidekick/src/functions.php:87
/var/www/html/vendor/laravel/framework/src/Illuminate/Collections/helpers.php:236
/var/www/html/vendor/orchestra/testbench-core/src/Concerns/Testing.php:57
/var/www/html/vendor/orchestra/testbench-core/src/TestCase.php:50
/var/www/html/tests/TestCase.php:61
/var/www/html/tests/Unit/Server/Handlers/PromptHandlerTest.php:38</error>
          </testcase>
          <testcase name="is_message_array_correctly_identifies_message_arrays with data set &quot;mixed array&quot;" file="/var/www/html/tests/Unit/Server/Handlers/PromptHandlerTest.php" line="778" class="JTD\LaravelMCP\Tests\Unit\Server\Handlers\PromptHandlerTest" classname="JTD.LaravelMCP.Tests.Unit.Server.Handlers.PromptHandlerTest" assertions="0" time="0.000000">
            <error type="Exception">JTD\LaravelMCP\Tests\Unit\Server\Handlers\PromptHandlerTest::is_message_array_correctly_identifies_message_arrays with data set "mixed array"
Exception: The /var/www/html/vendor/orchestra/testbench-core/laravel/bootstrap/cache directory must be present and writable.

/var/www/html/vendor/laravel/framework/src/Illuminate/Foundation/PackageManifest.php:179
/var/www/html/vendor/orchestra/testbench-core/src/Foundation/PackageManifest.php:157
/var/www/html/vendor/laravel/framework/src/Illuminate/Foundation/PackageManifest.php:132
/var/www/html/vendor/laravel/framework/src/Illuminate/Foundation/PackageManifest.php:108
/var/www/html/vendor/orchestra/testbench-core/src/Foundation/PackageManifest.php:102
/var/www/html/vendor/laravel/framework/src/Illuminate/Foundation/PackageManifest.php:91
/var/www/html/vendor/laravel/framework/src/Illuminate/Foundation/PackageManifest.php:80
/var/www/html/vendor/laravel/framework/src/Illuminate/Foundation/Bootstrap/RegisterFacades.php:26
/var/www/html/vendor/orchestra/testbench-core/src/Concerns/CreatesApplication.php:556
/var/www/html/vendor/orchestra/testbench-core/src/Concerns/CreatesApplication.php:311
/var/www/html/vendor/orchestra/testbench-core/src/TestCase.php:121
/var/www/html/vendor/orchestra/testbench-core/src/Concerns/ApplicationTestingHooks.php:74
/var/www/html/vendor/orchestra/testbench-core/src/Concerns/Testing.php:43
/var/www/html/vendor/laravel/framework/src/Illuminate/Collections/helpers.php:236
/var/www/html/vendor/orchestra/sidekick/src/functions.php:87
/var/www/html/vendor/laravel/framework/src/Illuminate/Collections/helpers.php:236
/var/www/html/vendor/orchestra/testbench-core/src/Concerns/Testing.php:57
/var/www/html/vendor/orchestra/testbench-core/src/TestCase.php:50
/var/www/html/tests/TestCase.php:61
/var/www/html/tests/Unit/Server/Handlers/PromptHandlerTest.php:38</error>
          </testcase>
        </testsuite>
      </testsuite>
      <testsuite name="JTD\LaravelMCP\Tests\Unit\Server\Handlers\ResourceHandlerTest" file="/var/www/html/tests/Unit/Server/Handlers/ResourceHandlerTest.php" tests="37" assertions="0" errors="37" failures="0" skipped="0" time="0.000000">
        <testcase name="constructor_sets_dependencies_and_handler_name" file="/var/www/html/tests/Unit/Server/Handlers/ResourceHandlerTest.php" line="51" class="JTD\LaravelMCP\Tests\Unit\Server\Handlers\ResourceHandlerTest" classname="JTD.LaravelMCP.Tests.Unit.Server.Handlers.ResourceHandlerTest" assertions="0" time="0.000000">
          <error type="Exception">JTD\LaravelMCP\Tests\Unit\Server\Handlers\ResourceHandlerTest::constructor_sets_dependencies_and_handler_name
Exception: The /var/www/html/vendor/orchestra/testbench-core/laravel/bootstrap/cache directory must be present and writable.

/var/www/html/vendor/laravel/framework/src/Illuminate/Foundation/PackageManifest.php:179
/var/www/html/vendor/orchestra/testbench-core/src/Foundation/PackageManifest.php:157
/var/www/html/vendor/laravel/framework/src/Illuminate/Foundation/PackageManifest.php:132
/var/www/html/vendor/laravel/framework/src/Illuminate/Foundation/PackageManifest.php:108
/var/www/html/vendor/orchestra/testbench-core/src/Foundation/PackageManifest.php:102
/var/www/html/vendor/laravel/framework/src/Illuminate/Foundation/PackageManifest.php:91
/var/www/html/vendor/laravel/framework/src/Illuminate/Foundation/PackageManifest.php:80
/var/www/html/vendor/laravel/framework/src/Illuminate/Foundation/Bootstrap/RegisterFacades.php:26
/var/www/html/vendor/orchestra/testbench-core/src/Concerns/CreatesApplication.php:556
/var/www/html/vendor/orchestra/testbench-core/src/Concerns/CreatesApplication.php:311
/var/www/html/vendor/orchestra/testbench-core/src/TestCase.php:121
/var/www/html/vendor/orchestra/testbench-core/src/Concerns/ApplicationTestingHooks.php:74
/var/www/html/vendor/orchestra/testbench-core/src/Concerns/Testing.php:43
/var/www/html/vendor/laravel/framework/src/Illuminate/Collections/helpers.php:236
/var/www/html/vendor/orchestra/sidekick/src/functions.php:87
/var/www/html/vendor/laravel/framework/src/Illuminate/Collections/helpers.php:236
/var/www/html/vendor/orchestra/testbench-core/src/Concerns/Testing.php:57
/var/www/html/vendor/orchestra/testbench-core/src/TestCase.php:50
/var/www/html/tests/TestCase.php:61
/var/www/html/tests/Unit/Server/Handlers/ResourceHandlerTest.php:38</error>
        </testcase>
        <testcase name="get_supported_methods_returns_resource_methods" file="/var/www/html/tests/Unit/Server/Handlers/ResourceHandlerTest.php" line="60" class="JTD\LaravelMCP\Tests\Unit\Server\Handlers\ResourceHandlerTest" classname="JTD.LaravelMCP.Tests.Unit.Server.Handlers.ResourceHandlerTest" assertions="0" time="0.000000">
          <error type="Exception">JTD\LaravelMCP\Tests\Unit\Server\Handlers\ResourceHandlerTest::get_supported_methods_returns_resource_methods
Exception: The /var/www/html/vendor/orchestra/testbench-core/laravel/bootstrap/cache directory must be present and writable.

/var/www/html/vendor/laravel/framework/src/Illuminate/Foundation/PackageManifest.php:179
/var/www/html/vendor/orchestra/testbench-core/src/Foundation/PackageManifest.php:157
/var/www/html/vendor/laravel/framework/src/Illuminate/Foundation/PackageManifest.php:132
/var/www/html/vendor/laravel/framework/src/Illuminate/Foundation/PackageManifest.php:108
/var/www/html/vendor/orchestra/testbench-core/src/Foundation/PackageManifest.php:102
/var/www/html/vendor/laravel/framework/src/Illuminate/Foundation/PackageManifest.php:91
/var/www/html/vendor/laravel/framework/src/Illuminate/Foundation/PackageManifest.php:80
/var/www/html/vendor/laravel/framework/src/Illuminate/Foundation/Bootstrap/RegisterFacades.php:26
/var/www/html/vendor/orchestra/testbench-core/src/Concerns/CreatesApplication.php:556
/var/www/html/vendor/orchestra/testbench-core/src/Concerns/CreatesApplication.php:311
/var/www/html/vendor/orchestra/testbench-core/src/TestCase.php:121
/var/www/html/vendor/orchestra/testbench-core/src/Concerns/ApplicationTestingHooks.php:74
/var/www/html/vendor/orchestra/testbench-core/src/Concerns/Testing.php:43
/var/www/html/vendor/laravel/framework/src/Illuminate/Collections/helpers.php:236
/var/www/html/vendor/orchestra/sidekick/src/functions.php:87
/var/www/html/vendor/laravel/framework/src/Illuminate/Collections/helpers.php:236
/var/www/html/vendor/orchestra/testbench-core/src/Concerns/Testing.php:57
/var/www/html/vendor/orchestra/testbench-core/src/TestCase.php:50
/var/www/html/tests/TestCase.php:61
/var/www/html/tests/Unit/Server/Handlers/ResourceHandlerTest.php:38</error>
        </testcase>
        <testcase name="supports_method_returns_true_for_supported_methods" file="/var/www/html/tests/Unit/Server/Handlers/ResourceHandlerTest.php" line="68" class="JTD\LaravelMCP\Tests\Unit\Server\Handlers\ResourceHandlerTest" classname="JTD.LaravelMCP.Tests.Unit.Server.Handlers.ResourceHandlerTest" assertions="0" time="0.000000">
          <error type="Exception">JTD\LaravelMCP\Tests\Unit\Server\Handlers\ResourceHandlerTest::supports_method_returns_true_for_supported_methods
Exception: The /var/www/html/vendor/orchestra/testbench-core/laravel/bootstrap/cache directory must be present and writable.

/var/www/html/vendor/laravel/framework/src/Illuminate/Foundation/PackageManifest.php:179
/var/www/html/vendor/orchestra/testbench-core/src/Foundation/PackageManifest.php:157
/var/www/html/vendor/laravel/framework/src/Illuminate/Foundation/PackageManifest.php:132
/var/www/html/vendor/laravel/framework/src/Illuminate/Foundation/PackageManifest.php:108
/var/www/html/vendor/orchestra/testbench-core/src/Foundation/PackageManifest.php:102
/var/www/html/vendor/laravel/framework/src/Illuminate/Foundation/PackageManifest.php:91
/var/www/html/vendor/laravel/framework/src/Illuminate/Foundation/PackageManifest.php:80
/var/www/html/vendor/laravel/framework/src/Illuminate/Foundation/Bootstrap/RegisterFacades.php:26
/var/www/html/vendor/orchestra/testbench-core/src/Concerns/CreatesApplication.php:556
/var/www/html/vendor/orchestra/testbench-core/src/Concerns/CreatesApplication.php:311
/var/www/html/vendor/orchestra/testbench-core/src/TestCase.php:121
/var/www/html/vendor/orchestra/testbench-core/src/Concerns/ApplicationTestingHooks.php:74
/var/www/html/vendor/orchestra/testbench-core/src/Concerns/Testing.php:43
/var/www/html/vendor/laravel/framework/src/Illuminate/Collections/helpers.php:236
/var/www/html/vendor/orchestra/sidekick/src/functions.php:87
/var/www/html/vendor/laravel/framework/src/Illuminate/Collections/helpers.php:236
/var/www/html/vendor/orchestra/testbench-core/src/Concerns/Testing.php:57
/var/www/html/vendor/orchestra/testbench-core/src/TestCase.php:50
/var/www/html/tests/TestCase.php:61
/var/www/html/tests/Unit/Server/Handlers/ResourceHandlerTest.php:38</error>
        </testcase>
        <testcase name="supports_method_returns_false_for_unsupported_methods" file="/var/www/html/tests/Unit/Server/Handlers/ResourceHandlerTest.php" line="75" class="JTD\LaravelMCP\Tests\Unit\Server\Handlers\ResourceHandlerTest" classname="JTD.LaravelMCP.Tests.Unit.Server.Handlers.ResourceHandlerTest" assertions="0" time="0.000000">
          <error type="Exception">JTD\LaravelMCP\Tests\Unit\Server\Handlers\ResourceHandlerTest::supports_method_returns_false_for_unsupported_methods
Exception: The /var/www/html/vendor/orchestra/testbench-core/laravel/bootstrap/cache directory must be present and writable.

/var/www/html/vendor/laravel/framework/src/Illuminate/Foundation/PackageManifest.php:179
/var/www/html/vendor/orchestra/testbench-core/src/Foundation/PackageManifest.php:157
/var/www/html/vendor/laravel/framework/src/Illuminate/Foundation/PackageManifest.php:132
/var/www/html/vendor/laravel/framework/src/Illuminate/Foundation/PackageManifest.php:108
/var/www/html/vendor/orchestra/testbench-core/src/Foundation/PackageManifest.php:102
/var/www/html/vendor/laravel/framework/src/Illuminate/Foundation/PackageManifest.php:91
/var/www/html/vendor/laravel/framework/src/Illuminate/Foundation/PackageManifest.php:80
/var/www/html/vendor/laravel/framework/src/Illuminate/Foundation/Bootstrap/RegisterFacades.php:26
/var/www/html/vendor/orchestra/testbench-core/src/Concerns/CreatesApplication.php:556
/var/www/html/vendor/orchestra/testbench-core/src/Concerns/CreatesApplication.php:311
/var/www/html/vendor/orchestra/testbench-core/src/TestCase.php:121
/var/www/html/vendor/orchestra/testbench-core/src/Concerns/ApplicationTestingHooks.php:74
/var/www/html/vendor/orchestra/testbench-core/src/Concerns/Testing.php:43
/var/www/html/vendor/laravel/framework/src/Illuminate/Collections/helpers.php:236
/var/www/html/vendor/orchestra/sidekick/src/functions.php:87
/var/www/html/vendor/laravel/framework/src/Illuminate/Collections/helpers.php:236
/var/www/html/vendor/orchestra/testbench-core/src/Concerns/Testing.php:57
/var/www/html/vendor/orchestra/testbench-core/src/TestCase.php:50
/var/www/html/tests/TestCase.php:61
/var/www/html/tests/Unit/Server/Handlers/ResourceHandlerTest.php:38</error>
        </testcase>
        <testcase name="handle_throws_protocol_exception_for_unsupported_method" file="/var/www/html/tests/Unit/Server/Handlers/ResourceHandlerTest.php" line="82" class="JTD\LaravelMCP\Tests\Unit\Server\Handlers\ResourceHandlerTest" classname="JTD.LaravelMCP.Tests.Unit.Server.Handlers.ResourceHandlerTest" assertions="0" time="0.000000">
          <error type="Exception">JTD\LaravelMCP\Tests\Unit\Server\Handlers\ResourceHandlerTest::handle_throws_protocol_exception_for_unsupported_method
Exception: The /var/www/html/vendor/orchestra/testbench-core/laravel/bootstrap/cache directory must be present and writable.

/var/www/html/vendor/laravel/framework/src/Illuminate/Foundation/PackageManifest.php:179
/var/www/html/vendor/orchestra/testbench-core/src/Foundation/PackageManifest.php:157
/var/www/html/vendor/laravel/framework/src/Illuminate/Foundation/PackageManifest.php:132
/var/www/html/vendor/laravel/framework/src/Illuminate/Foundation/PackageManifest.php:108
/var/www/html/vendor/orchestra/testbench-core/src/Foundation/PackageManifest.php:102
/var/www/html/vendor/laravel/framework/src/Illuminate/Foundation/PackageManifest.php:91
/var/www/html/vendor/laravel/framework/src/Illuminate/Foundation/PackageManifest.php:80
/var/www/html/vendor/laravel/framework/src/Illuminate/Foundation/Bootstrap/RegisterFacades.php:26
/var/www/html/vendor/orchestra/testbench-core/src/Concerns/CreatesApplication.php:556
/var/www/html/vendor/orchestra/testbench-core/src/Concerns/CreatesApplication.php:311
/var/www/html/vendor/orchestra/testbench-core/src/TestCase.php:121
/var/www/html/vendor/orchestra/testbench-core/src/Concerns/ApplicationTestingHooks.php:74
/var/www/html/vendor/orchestra/testbench-core/src/Concerns/Testing.php:43
/var/www/html/vendor/laravel/framework/src/Illuminate/Collections/helpers.php:236
/var/www/html/vendor/orchestra/sidekick/src/functions.php:87
/var/www/html/vendor/laravel/framework/src/Illuminate/Collections/helpers.php:236
/var/www/html/vendor/orchestra/testbench-core/src/Concerns/Testing.php:57
/var/www/html/vendor/orchestra/testbench-core/src/TestCase.php:50
/var/www/html/tests/TestCase.php:61
/var/www/html/tests/Unit/Server/Handlers/ResourceHandlerTest.php:38</error>
        </testcase>
        <testcase name="handle_resources_list_returns_empty_resources_array_when_no_resources" file="/var/www/html/tests/Unit/Server/Handlers/ResourceHandlerTest.php" line="92" class="JTD\LaravelMCP\Tests\Unit\Server\Handlers\ResourceHandlerTest" classname="JTD.LaravelMCP.Tests.Unit.Server.Handlers.ResourceHandlerTest" assertions="0" time="0.000000">
          <error type="Exception">JTD\LaravelMCP\Tests\Unit\Server\Handlers\ResourceHandlerTest::handle_resources_list_returns_empty_resources_array_when_no_resources
Exception: The /var/www/html/vendor/orchestra/testbench-core/laravel/bootstrap/cache directory must be present and writable.

/var/www/html/vendor/laravel/framework/src/Illuminate/Foundation/PackageManifest.php:179
/var/www/html/vendor/orchestra/testbench-core/src/Foundation/PackageManifest.php:157
/var/www/html/vendor/laravel/framework/src/Illuminate/Foundation/PackageManifest.php:132
/var/www/html/vendor/laravel/framework/src/Illuminate/Foundation/PackageManifest.php:108
/var/www/html/vendor/orchestra/testbench-core/src/Foundation/PackageManifest.php:102
/var/www/html/vendor/laravel/framework/src/Illuminate/Foundation/PackageManifest.php:91
/var/www/html/vendor/laravel/framework/src/Illuminate/Foundation/PackageManifest.php:80
/var/www/html/vendor/laravel/framework/src/Illuminate/Foundation/Bootstrap/RegisterFacades.php:26
/var/www/html/vendor/orchestra/testbench-core/src/Concerns/CreatesApplication.php:556
/var/www/html/vendor/orchestra/testbench-core/src/Concerns/CreatesApplication.php:311
/var/www/html/vendor/orchestra/testbench-core/src/TestCase.php:121
/var/www/html/vendor/orchestra/testbench-core/src/Concerns/ApplicationTestingHooks.php:74
/var/www/html/vendor/orchestra/testbench-core/src/Concerns/Testing.php:43
/var/www/html/vendor/laravel/framework/src/Illuminate/Collections/helpers.php:236
/var/www/html/vendor/orchestra/sidekick/src/functions.php:87
/var/www/html/vendor/laravel/framework/src/Illuminate/Collections/helpers.php:236
/var/www/html/vendor/orchestra/testbench-core/src/Concerns/Testing.php:57
/var/www/html/vendor/orchestra/testbench-core/src/TestCase.php:50
/var/www/html/tests/TestCase.php:61
/var/www/html/tests/Unit/Server/Handlers/ResourceHandlerTest.php:38</error>
        </testcase>
        <testcase name="handle_resources_list_returns_resource_definitions" file="/var/www/html/tests/Unit/Server/Handlers/ResourceHandlerTest.php" line="108" class="JTD\LaravelMCP\Tests\Unit\Server\Handlers\ResourceHandlerTest" classname="JTD.LaravelMCP.Tests.Unit.Server.Handlers.ResourceHandlerTest" assertions="0" time="0.000000">
          <error type="Exception">JTD\LaravelMCP\Tests\Unit\Server\Handlers\ResourceHandlerTest::handle_resources_list_returns_resource_definitions
Exception: The /var/www/html/vendor/orchestra/testbench-core/laravel/bootstrap/cache directory must be present and writable.

/var/www/html/vendor/laravel/framework/src/Illuminate/Foundation/PackageManifest.php:179
/var/www/html/vendor/orchestra/testbench-core/src/Foundation/PackageManifest.php:157
/var/www/html/vendor/laravel/framework/src/Illuminate/Foundation/PackageManifest.php:132
/var/www/html/vendor/laravel/framework/src/Illuminate/Foundation/PackageManifest.php:108
/var/www/html/vendor/orchestra/testbench-core/src/Foundation/PackageManifest.php:102
/var/www/html/vendor/laravel/framework/src/Illuminate/Foundation/PackageManifest.php:91
/var/www/html/vendor/laravel/framework/src/Illuminate/Foundation/PackageManifest.php:80
/var/www/html/vendor/laravel/framework/src/Illuminate/Foundation/Bootstrap/RegisterFacades.php:26
/var/www/html/vendor/orchestra/testbench-core/src/Concerns/CreatesApplication.php:556
/var/www/html/vendor/orchestra/testbench-core/src/Concerns/CreatesApplication.php:311
/var/www/html/vendor/orchestra/testbench-core/src/TestCase.php:121
/var/www/html/vendor/orchestra/testbench-core/src/Concerns/ApplicationTestingHooks.php:74
/var/www/html/vendor/orchestra/testbench-core/src/Concerns/Testing.php:43
/var/www/html/vendor/laravel/framework/src/Illuminate/Collections/helpers.php:236
/var/www/html/vendor/orchestra/sidekick/src/functions.php:87
/var/www/html/vendor/laravel/framework/src/Illuminate/Collections/helpers.php:236
/var/www/html/vendor/orchestra/testbench-core/src/Concerns/Testing.php:57
/var/www/html/vendor/orchestra/testbench-core/src/TestCase.php:50
/var/www/html/tests/TestCase.php:61
/var/www/html/tests/Unit/Server/Handlers/ResourceHandlerTest.php:38</error>
        </testcase>
        <testcase name="handle_resources_list_handles_resource_definition_failures_gracefully" file="/var/www/html/tests/Unit/Server/Handlers/ResourceHandlerTest.php" line="135" class="JTD\LaravelMCP\Tests\Unit\Server\Handlers\ResourceHandlerTest" classname="JTD.LaravelMCP.Tests.Unit.Server.Handlers.ResourceHandlerTest" assertions="0" time="0.000000">
          <error type="Exception">JTD\LaravelMCP\Tests\Unit\Server\Handlers\ResourceHandlerTest::handle_resources_list_handles_resource_definition_failures_gracefully
Exception: The /var/www/html/vendor/orchestra/testbench-core/laravel/bootstrap/cache directory must be present and writable.

/var/www/html/vendor/laravel/framework/src/Illuminate/Foundation/PackageManifest.php:179
/var/www/html/vendor/orchestra/testbench-core/src/Foundation/PackageManifest.php:157
/var/www/html/vendor/laravel/framework/src/Illuminate/Foundation/PackageManifest.php:132
/var/www/html/vendor/laravel/framework/src/Illuminate/Foundation/PackageManifest.php:108
/var/www/html/vendor/orchestra/testbench-core/src/Foundation/PackageManifest.php:102
/var/www/html/vendor/laravel/framework/src/Illuminate/Foundation/PackageManifest.php:91
/var/www/html/vendor/laravel/framework/src/Illuminate/Foundation/PackageManifest.php:80
/var/www/html/vendor/laravel/framework/src/Illuminate/Foundation/Bootstrap/RegisterFacades.php:26
/var/www/html/vendor/orchestra/testbench-core/src/Concerns/CreatesApplication.php:556
/var/www/html/vendor/orchestra/testbench-core/src/Concerns/CreatesApplication.php:311
/var/www/html/vendor/orchestra/testbench-core/src/TestCase.php:121
/var/www/html/vendor/orchestra/testbench-core/src/Concerns/ApplicationTestingHooks.php:74
/var/www/html/vendor/orchestra/testbench-core/src/Concerns/Testing.php:43
/var/www/html/vendor/laravel/framework/src/Illuminate/Collections/helpers.php:236
/var/www/html/vendor/orchestra/sidekick/src/functions.php:87
/var/www/html/vendor/laravel/framework/src/Illuminate/Collections/helpers.php:236
/var/www/html/vendor/orchestra/testbench-core/src/Concerns/Testing.php:57
/var/www/html/vendor/orchestra/testbench-core/src/TestCase.php:50
/var/www/html/tests/TestCase.php:61
/var/www/html/tests/Unit/Server/Handlers/ResourceHandlerTest.php:38</error>
        </testcase>
        <testcase name="handle_resources_list_validates_cursor_parameter" file="/var/www/html/tests/Unit/Server/Handlers/ResourceHandlerTest.php" line="180" class="JTD\LaravelMCP\Tests\Unit\Server\Handlers\ResourceHandlerTest" classname="JTD.LaravelMCP.Tests.Unit.Server.Handlers.ResourceHandlerTest" assertions="0" time="0.000000">
          <error type="Exception">JTD\LaravelMCP\Tests\Unit\Server\Handlers\ResourceHandlerTest::handle_resources_list_validates_cursor_parameter
Exception: The /var/www/html/vendor/orchestra/testbench-core/laravel/bootstrap/cache directory must be present and writable.

/var/www/html/vendor/laravel/framework/src/Illuminate/Foundation/PackageManifest.php:179
/var/www/html/vendor/orchestra/testbench-core/src/Foundation/PackageManifest.php:157
/var/www/html/vendor/laravel/framework/src/Illuminate/Foundation/PackageManifest.php:132
/var/www/html/vendor/laravel/framework/src/Illuminate/Foundation/PackageManifest.php:108
/var/www/html/vendor/orchestra/testbench-core/src/Foundation/PackageManifest.php:102
/var/www/html/vendor/laravel/framework/src/Illuminate/Foundation/PackageManifest.php:91
/var/www/html/vendor/laravel/framework/src/Illuminate/Foundation/PackageManifest.php:80
/var/www/html/vendor/laravel/framework/src/Illuminate/Foundation/Bootstrap/RegisterFacades.php:26
/var/www/html/vendor/orchestra/testbench-core/src/Concerns/CreatesApplication.php:556
/var/www/html/vendor/orchestra/testbench-core/src/Concerns/CreatesApplication.php:311
/var/www/html/vendor/orchestra/testbench-core/src/TestCase.php:121
/var/www/html/vendor/orchestra/testbench-core/src/Concerns/ApplicationTestingHooks.php:74
/var/www/html/vendor/orchestra/testbench-core/src/Concerns/Testing.php:43
/var/www/html/vendor/laravel/framework/src/Illuminate/Collections/helpers.php:236
/var/www/html/vendor/orchestra/sidekick/src/functions.php:87
/var/www/html/vendor/laravel/framework/src/Illuminate/Collections/helpers.php:236
/var/www/html/vendor/orchestra/testbench-core/src/Concerns/Testing.php:57
/var/www/html/vendor/orchestra/testbench-core/src/TestCase.php:50
/var/www/html/tests/TestCase.php:61
/var/www/html/tests/Unit/Server/Handlers/ResourceHandlerTest.php:38</error>
        </testcase>
        <testcase name="handle_resources_list_applies_cursor_pagination" file="/var/www/html/tests/Unit/Server/Handlers/ResourceHandlerTest.php" line="189" class="JTD\LaravelMCP\Tests\Unit\Server\Handlers\ResourceHandlerTest" classname="JTD.LaravelMCP.Tests.Unit.Server.Handlers.ResourceHandlerTest" assertions="0" time="0.000000">
          <error type="Exception">JTD\LaravelMCP\Tests\Unit\Server\Handlers\ResourceHandlerTest::handle_resources_list_applies_cursor_pagination
Exception: The /var/www/html/vendor/orchestra/testbench-core/laravel/bootstrap/cache directory must be present and writable.

/var/www/html/vendor/laravel/framework/src/Illuminate/Foundation/PackageManifest.php:179
/var/www/html/vendor/orchestra/testbench-core/src/Foundation/PackageManifest.php:157
/var/www/html/vendor/laravel/framework/src/Illuminate/Foundation/PackageManifest.php:132
/var/www/html/vendor/laravel/framework/src/Illuminate/Foundation/PackageManifest.php:108
/var/www/html/vendor/orchestra/testbench-core/src/Foundation/PackageManifest.php:102
/var/www/html/vendor/laravel/framework/src/Illuminate/Foundation/PackageManifest.php:91
/var/www/html/vendor/laravel/framework/src/Illuminate/Foundation/PackageManifest.php:80
/var/www/html/vendor/laravel/framework/src/Illuminate/Foundation/Bootstrap/RegisterFacades.php:26
/var/www/html/vendor/orchestra/testbench-core/src/Concerns/CreatesApplication.php:556
/var/www/html/vendor/orchestra/testbench-core/src/Concerns/CreatesApplication.php:311
/var/www/html/vendor/orchestra/testbench-core/src/TestCase.php:121
/var/www/html/vendor/orchestra/testbench-core/src/Concerns/ApplicationTestingHooks.php:74
/var/www/html/vendor/orchestra/testbench-core/src/Concerns/Testing.php:43
/var/www/html/vendor/laravel/framework/src/Illuminate/Collections/helpers.php:236
/var/www/html/vendor/orchestra/sidekick/src/functions.php:87
/var/www/html/vendor/laravel/framework/src/Illuminate/Collections/helpers.php:236
/var/www/html/vendor/orchestra/testbench-core/src/Concerns/Testing.php:57
/var/www/html/vendor/orchestra/testbench-core/src/TestCase.php:50
/var/www/html/tests/TestCase.php:61
/var/www/html/tests/Unit/Server/Handlers/ResourceHandlerTest.php:38</error>
        </testcase>
        <testcase name="handle_resources_list_includes_next_cursor_when_more_resources_available" file="/var/www/html/tests/Unit/Server/Handlers/ResourceHandlerTest.php" line="215" class="JTD\LaravelMCP\Tests\Unit\Server\Handlers\ResourceHandlerTest" classname="JTD.LaravelMCP.Tests.Unit.Server.Handlers.ResourceHandlerTest" assertions="0" time="0.000000">
          <error type="Exception">JTD\LaravelMCP\Tests\Unit\Server\Handlers\ResourceHandlerTest::handle_resources_list_includes_next_cursor_when_more_resources_available
Exception: The /var/www/html/vendor/orchestra/testbench-core/laravel/bootstrap/cache directory must be present and writable.

/var/www/html/vendor/laravel/framework/src/Illuminate/Foundation/PackageManifest.php:179
/var/www/html/vendor/orchestra/testbench-core/src/Foundation/PackageManifest.php:157
/var/www/html/vendor/laravel/framework/src/Illuminate/Foundation/PackageManifest.php:132
/var/www/html/vendor/laravel/framework/src/Illuminate/Foundation/PackageManifest.php:108
/var/www/html/vendor/orchestra/testbench-core/src/Foundation/PackageManifest.php:102
/var/www/html/vendor/laravel/framework/src/Illuminate/Foundation/PackageManifest.php:91
/var/www/html/vendor/laravel/framework/src/Illuminate/Foundation/PackageManifest.php:80
/var/www/html/vendor/laravel/framework/src/Illuminate/Foundation/Bootstrap/RegisterFacades.php:26
/var/www/html/vendor/orchestra/testbench-core/src/Concerns/CreatesApplication.php:556
/var/www/html/vendor/orchestra/testbench-core/src/Concerns/CreatesApplication.php:311
/var/www/html/vendor/orchestra/testbench-core/src/TestCase.php:121
/var/www/html/vendor/orchestra/testbench-core/src/Concerns/ApplicationTestingHooks.php:74
/var/www/html/vendor/orchestra/testbench-core/src/Concerns/Testing.php:43
/var/www/html/vendor/laravel/framework/src/Illuminate/Collections/helpers.php:236
/var/www/html/vendor/orchestra/sidekick/src/functions.php:87
/var/www/html/vendor/laravel/framework/src/Illuminate/Collections/helpers.php:236
/var/www/html/vendor/orchestra/testbench-core/src/Concerns/Testing.php:57
/var/www/html/vendor/orchestra/testbench-core/src/TestCase.php:50
/var/www/html/tests/TestCase.php:61
/var/www/html/tests/Unit/Server/Handlers/ResourceHandlerTest.php:38</error>
        </testcase>
        <testcase name="handle_resources_read_validates_required_parameters" file="/var/www/html/tests/Unit/Server/Handlers/ResourceHandlerTest.php" line="240" class="JTD\LaravelMCP\Tests\Unit\Server\Handlers\ResourceHandlerTest" classname="JTD.LaravelMCP.Tests.Unit.Server.Handlers.ResourceHandlerTest" assertions="0" time="0.000000">
          <error type="Exception">JTD\LaravelMCP\Tests\Unit\Server\Handlers\ResourceHandlerTest::handle_resources_read_validates_required_parameters
Exception: The /var/www/html/vendor/orchestra/testbench-core/laravel/bootstrap/cache directory must be present and writable.

/var/www/html/vendor/laravel/framework/src/Illuminate/Foundation/PackageManifest.php:179
/var/www/html/vendor/orchestra/testbench-core/src/Foundation/PackageManifest.php:157
/var/www/html/vendor/laravel/framework/src/Illuminate/Foundation/PackageManifest.php:132
/var/www/html/vendor/laravel/framework/src/Illuminate/Foundation/PackageManifest.php:108
/var/www/html/vendor/orchestra/testbench-core/src/Foundation/PackageManifest.php:102
/var/www/html/vendor/laravel/framework/src/Illuminate/Foundation/PackageManifest.php:91
/var/www/html/vendor/laravel/framework/src/Illuminate/Foundation/PackageManifest.php:80
/var/www/html/vendor/laravel/framework/src/Illuminate/Foundation/Bootstrap/RegisterFacades.php:26
/var/www/html/vendor/orchestra/testbench-core/src/Concerns/CreatesApplication.php:556
/var/www/html/vendor/orchestra/testbench-core/src/Concerns/CreatesApplication.php:311
/var/www/html/vendor/orchestra/testbench-core/src/TestCase.php:121
/var/www/html/vendor/orchestra/testbench-core/src/Concerns/ApplicationTestingHooks.php:74
/var/www/html/vendor/orchestra/testbench-core/src/Concerns/Testing.php:43
/var/www/html/vendor/laravel/framework/src/Illuminate/Collections/helpers.php:236
/var/www/html/vendor/orchestra/sidekick/src/functions.php:87
/var/www/html/vendor/laravel/framework/src/Illuminate/Collections/helpers.php:236
/var/www/html/vendor/orchestra/testbench-core/src/Concerns/Testing.php:57
/var/www/html/vendor/orchestra/testbench-core/src/TestCase.php:50
/var/www/html/tests/TestCase.php:61
/var/www/html/tests/Unit/Server/Handlers/ResourceHandlerTest.php:38</error>
        </testcase>
        <testcase name="handle_resources_read_validates_parameter_types" file="/var/www/html/tests/Unit/Server/Handlers/ResourceHandlerTest.php" line="249" class="JTD\LaravelMCP\Tests\Unit\Server\Handlers\ResourceHandlerTest" classname="JTD.LaravelMCP.Tests.Unit.Server.Handlers.ResourceHandlerTest" assertions="0" time="0.000000">
          <error type="Exception">JTD\LaravelMCP\Tests\Unit\Server\Handlers\ResourceHandlerTest::handle_resources_read_validates_parameter_types
Exception: The /var/www/html/vendor/orchestra/testbench-core/laravel/bootstrap/cache directory must be present and writable.

/var/www/html/vendor/laravel/framework/src/Illuminate/Foundation/PackageManifest.php:179
/var/www/html/vendor/orchestra/testbench-core/src/Foundation/PackageManifest.php:157
/var/www/html/vendor/laravel/framework/src/Illuminate/Foundation/PackageManifest.php:132
/var/www/html/vendor/laravel/framework/src/Illuminate/Foundation/PackageManifest.php:108
/var/www/html/vendor/orchestra/testbench-core/src/Foundation/PackageManifest.php:102
/var/www/html/vendor/laravel/framework/src/Illuminate/Foundation/PackageManifest.php:91
/var/www/html/vendor/laravel/framework/src/Illuminate/Foundation/PackageManifest.php:80
/var/www/html/vendor/laravel/framework/src/Illuminate/Foundation/Bootstrap/RegisterFacades.php:26
/var/www/html/vendor/orchestra/testbench-core/src/Concerns/CreatesApplication.php:556
/var/www/html/vendor/orchestra/testbench-core/src/Concerns/CreatesApplication.php:311
/var/www/html/vendor/orchestra/testbench-core/src/TestCase.php:121
/var/www/html/vendor/orchestra/testbench-core/src/Concerns/ApplicationTestingHooks.php:74
/var/www/html/vendor/orchestra/testbench-core/src/Concerns/Testing.php:43
/var/www/html/vendor/laravel/framework/src/Illuminate/Collections/helpers.php:236
/var/www/html/vendor/orchestra/sidekick/src/functions.php:87
/var/www/html/vendor/laravel/framework/src/Illuminate/Collections/helpers.php:236
/var/www/html/vendor/orchestra/testbench-core/src/Concerns/Testing.php:57
/var/www/html/vendor/orchestra/testbench-core/src/TestCase.php:50
/var/www/html/tests/TestCase.php:61
/var/www/html/tests/Unit/Server/Handlers/ResourceHandlerTest.php:38</error>
        </testcase>
        <testcase name="handle_resources_read_throws_error_for_non_existent_resource" file="/var/www/html/tests/Unit/Server/Handlers/ResourceHandlerTest.php" line="258" class="JTD\LaravelMCP\Tests\Unit\Server\Handlers\ResourceHandlerTest" classname="JTD.LaravelMCP.Tests.Unit.Server.Handlers.ResourceHandlerTest" assertions="0" time="0.000000">
          <error type="Exception">JTD\LaravelMCP\Tests\Unit\Server\Handlers\ResourceHandlerTest::handle_resources_read_throws_error_for_non_existent_resource
Exception: The /var/www/html/vendor/orchestra/testbench-core/laravel/bootstrap/cache directory must be present and writable.

/var/www/html/vendor/laravel/framework/src/Illuminate/Foundation/PackageManifest.php:179
/var/www/html/vendor/orchestra/testbench-core/src/Foundation/PackageManifest.php:157
/var/www/html/vendor/laravel/framework/src/Illuminate/Foundation/PackageManifest.php:132
/var/www/html/vendor/laravel/framework/src/Illuminate/Foundation/PackageManifest.php:108
/var/www/html/vendor/orchestra/testbench-core/src/Foundation/PackageManifest.php:102
/var/www/html/vendor/laravel/framework/src/Illuminate/Foundation/PackageManifest.php:91
/var/www/html/vendor/laravel/framework/src/Illuminate/Foundation/PackageManifest.php:80
/var/www/html/vendor/laravel/framework/src/Illuminate/Foundation/Bootstrap/RegisterFacades.php:26
/var/www/html/vendor/orchestra/testbench-core/src/Concerns/CreatesApplication.php:556
/var/www/html/vendor/orchestra/testbench-core/src/Concerns/CreatesApplication.php:311
/var/www/html/vendor/orchestra/testbench-core/src/TestCase.php:121
/var/www/html/vendor/orchestra/testbench-core/src/Concerns/ApplicationTestingHooks.php:74
/var/www/html/vendor/orchestra/testbench-core/src/Concerns/Testing.php:43
/var/www/html/vendor/laravel/framework/src/Illuminate/Collections/helpers.php:236
/var/www/html/vendor/orchestra/sidekick/src/functions.php:87
/var/www/html/vendor/laravel/framework/src/Illuminate/Collections/helpers.php:236
/var/www/html/vendor/orchestra/testbench-core/src/Concerns/Testing.php:57
/var/www/html/vendor/orchestra/testbench-core/src/TestCase.php:50
/var/www/html/tests/TestCase.php:61
/var/www/html/tests/Unit/Server/Handlers/ResourceHandlerTest.php:38</error>
        </testcase>
        <testcase name="handle_resources_read_reads_resource_with_read_method" file="/var/www/html/tests/Unit/Server/Handlers/ResourceHandlerTest.php" line="273" class="JTD\LaravelMCP\Tests\Unit\Server\Handlers\ResourceHandlerTest" classname="JTD.LaravelMCP.Tests.Unit.Server.Handlers.ResourceHandlerTest" assertions="0" time="0.000000">
          <error type="Exception">JTD\LaravelMCP\Tests\Unit\Server\Handlers\ResourceHandlerTest::handle_resources_read_reads_resource_with_read_method
Exception: The /var/www/html/vendor/orchestra/testbench-core/laravel/bootstrap/cache directory must be present and writable.

/var/www/html/vendor/laravel/framework/src/Illuminate/Foundation/PackageManifest.php:179
/var/www/html/vendor/orchestra/testbench-core/src/Foundation/PackageManifest.php:157
/var/www/html/vendor/laravel/framework/src/Illuminate/Foundation/PackageManifest.php:132
/var/www/html/vendor/laravel/framework/src/Illuminate/Foundation/PackageManifest.php:108
/var/www/html/vendor/orchestra/testbench-core/src/Foundation/PackageManifest.php:102
/var/www/html/vendor/laravel/framework/src/Illuminate/Foundation/PackageManifest.php:91
/var/www/html/vendor/laravel/framework/src/Illuminate/Foundation/PackageManifest.php:80
/var/www/html/vendor/laravel/framework/src/Illuminate/Foundation/Bootstrap/RegisterFacades.php:26
/var/www/html/vendor/orchestra/testbench-core/src/Concerns/CreatesApplication.php:556
/var/www/html/vendor/orchestra/testbench-core/src/Concerns/CreatesApplication.php:311
/var/www/html/vendor/orchestra/testbench-core/src/TestCase.php:121
/var/www/html/vendor/orchestra/testbench-core/src/Concerns/ApplicationTestingHooks.php:74
/var/www/html/vendor/orchestra/testbench-core/src/Concerns/Testing.php:43
/var/www/html/vendor/laravel/framework/src/Illuminate/Collections/helpers.php:236
/var/www/html/vendor/orchestra/sidekick/src/functions.php:87
/var/www/html/vendor/laravel/framework/src/Illuminate/Collections/helpers.php:236
/var/www/html/vendor/orchestra/testbench-core/src/Concerns/Testing.php:57
/var/www/html/vendor/orchestra/testbench-core/src/TestCase.php:50
/var/www/html/tests/TestCase.php:61
/var/www/html/tests/Unit/Server/Handlers/ResourceHandlerTest.php:38</error>
        </testcase>
        <testcase name="handle_resources_read_reads_resource_with_get_content_method" file="/var/www/html/tests/Unit/Server/Handlers/ResourceHandlerTest.php" line="303" class="JTD\LaravelMCP\Tests\Unit\Server\Handlers\ResourceHandlerTest" classname="JTD.LaravelMCP.Tests.Unit.Server.Handlers.ResourceHandlerTest" assertions="0" time="0.000000">
          <error type="Exception">JTD\LaravelMCP\Tests\Unit\Server\Handlers\ResourceHandlerTest::handle_resources_read_reads_resource_with_get_content_method
Exception: The /var/www/html/vendor/orchestra/testbench-core/laravel/bootstrap/cache directory must be present and writable.

/var/www/html/vendor/laravel/framework/src/Illuminate/Foundation/PackageManifest.php:179
/var/www/html/vendor/orchestra/testbench-core/src/Foundation/PackageManifest.php:157
/var/www/html/vendor/laravel/framework/src/Illuminate/Foundation/PackageManifest.php:132
/var/www/html/vendor/laravel/framework/src/Illuminate/Foundation/PackageManifest.php:108
/var/www/html/vendor/orchestra/testbench-core/src/Foundation/PackageManifest.php:102
/var/www/html/vendor/laravel/framework/src/Illuminate/Foundation/PackageManifest.php:91
/var/www/html/vendor/laravel/framework/src/Illuminate/Foundation/PackageManifest.php:80
/var/www/html/vendor/laravel/framework/src/Illuminate/Foundation/Bootstrap/RegisterFacades.php:26
/var/www/html/vendor/orchestra/testbench-core/src/Concerns/CreatesApplication.php:556
/var/www/html/vendor/orchestra/testbench-core/src/Concerns/CreatesApplication.php:311
/var/www/html/vendor/orchestra/testbench-core/src/TestCase.php:121
/var/www/html/vendor/orchestra/testbench-core/src/Concerns/ApplicationTestingHooks.php:74
/var/www/html/vendor/orchestra/testbench-core/src/Concerns/Testing.php:43
/var/www/html/vendor/laravel/framework/src/Illuminate/Collections/helpers.php:236
/var/www/html/vendor/orchestra/sidekick/src/functions.php:87
/var/www/html/vendor/laravel/framework/src/Illuminate/Collections/helpers.php:236
/var/www/html/vendor/orchestra/testbench-core/src/Concerns/Testing.php:57
/var/www/html/vendor/orchestra/testbench-core/src/TestCase.php:50
/var/www/html/tests/TestCase.php:61
/var/www/html/tests/Unit/Server/Handlers/ResourceHandlerTest.php:38</error>
        </testcase>
        <testcase name="handle_resources_read_reads_resource_with_invoke_method" file="/var/www/html/tests/Unit/Server/Handlers/ResourceHandlerTest.php" line="330" class="JTD\LaravelMCP\Tests\Unit\Server\Handlers\ResourceHandlerTest" classname="JTD.LaravelMCP.Tests.Unit.Server.Handlers.ResourceHandlerTest" assertions="0" time="0.000000">
          <error type="Exception">JTD\LaravelMCP\Tests\Unit\Server\Handlers\ResourceHandlerTest::handle_resources_read_reads_resource_with_invoke_method
Exception: The /var/www/html/vendor/orchestra/testbench-core/laravel/bootstrap/cache directory must be present and writable.

/var/www/html/vendor/laravel/framework/src/Illuminate/Foundation/PackageManifest.php:179
/var/www/html/vendor/orchestra/testbench-core/src/Foundation/PackageManifest.php:157
/var/www/html/vendor/laravel/framework/src/Illuminate/Foundation/PackageManifest.php:132
/var/www/html/vendor/laravel/framework/src/Illuminate/Foundation/PackageManifest.php:108
/var/www/html/vendor/orchestra/testbench-core/src/Foundation/PackageManifest.php:102
/var/www/html/vendor/laravel/framework/src/Illuminate/Foundation/PackageManifest.php:91
/var/www/html/vendor/laravel/framework/src/Illuminate/Foundation/PackageManifest.php:80
/var/www/html/vendor/laravel/framework/src/Illuminate/Foundation/Bootstrap/RegisterFacades.php:26
/var/www/html/vendor/orchestra/testbench-core/src/Concerns/CreatesApplication.php:556
/var/www/html/vendor/orchestra/testbench-core/src/Concerns/CreatesApplication.php:311
/var/www/html/vendor/orchestra/testbench-core/src/TestCase.php:121
/var/www/html/vendor/orchestra/testbench-core/src/Concerns/ApplicationTestingHooks.php:74
/var/www/html/vendor/orchestra/testbench-core/src/Concerns/Testing.php:43
/var/www/html/vendor/laravel/framework/src/Illuminate/Collections/helpers.php:236
/var/www/html/vendor/orchestra/sidekick/src/functions.php:87
/var/www/html/vendor/laravel/framework/src/Illuminate/Collections/helpers.php:236
/var/www/html/vendor/orchestra/testbench-core/src/Concerns/Testing.php:57
/var/www/html/vendor/orchestra/testbench-core/src/TestCase.php:50
/var/www/html/tests/TestCase.php:61
/var/www/html/tests/Unit/Server/Handlers/ResourceHandlerTest.php:38</error>
        </testcase>
        <testcase name="handle_resources_read_reads_callable_resource" file="/var/www/html/tests/Unit/Server/Handlers/ResourceHandlerTest.php" line="363" class="JTD\LaravelMCP\Tests\Unit\Server\Handlers\ResourceHandlerTest" classname="JTD.LaravelMCP.Tests.Unit.Server.Handlers.ResourceHandlerTest" assertions="0" time="0.000000">
          <error type="Exception">JTD\LaravelMCP\Tests\Unit\Server\Handlers\ResourceHandlerTest::handle_resources_read_reads_callable_resource
Exception: The /var/www/html/vendor/orchestra/testbench-core/laravel/bootstrap/cache directory must be present and writable.

/var/www/html/vendor/laravel/framework/src/Illuminate/Foundation/PackageManifest.php:179
/var/www/html/vendor/orchestra/testbench-core/src/Foundation/PackageManifest.php:157
/var/www/html/vendor/laravel/framework/src/Illuminate/Foundation/PackageManifest.php:132
/var/www/html/vendor/laravel/framework/src/Illuminate/Foundation/PackageManifest.php:108
/var/www/html/vendor/orchestra/testbench-core/src/Foundation/PackageManifest.php:102
/var/www/html/vendor/laravel/framework/src/Illuminate/Foundation/PackageManifest.php:91
/var/www/html/vendor/laravel/framework/src/Illuminate/Foundation/PackageManifest.php:80
/var/www/html/vendor/laravel/framework/src/Illuminate/Foundation/Bootstrap/RegisterFacades.php:26
/var/www/html/vendor/orchestra/testbench-core/src/Concerns/CreatesApplication.php:556
/var/www/html/vendor/orchestra/testbench-core/src/Concerns/CreatesApplication.php:311
/var/www/html/vendor/orchestra/testbench-core/src/TestCase.php:121
/var/www/html/vendor/orchestra/testbench-core/src/Concerns/ApplicationTestingHooks.php:74
/var/www/html/vendor/orchestra/testbench-core/src/Concerns/Testing.php:43
/var/www/html/vendor/laravel/framework/src/Illuminate/Collections/helpers.php:236
/var/www/html/vendor/orchestra/sidekick/src/functions.php:87
/var/www/html/vendor/laravel/framework/src/Illuminate/Collections/helpers.php:236
/var/www/html/vendor/orchestra/testbench-core/src/Concerns/Testing.php:57
/var/www/html/vendor/orchestra/testbench-core/src/TestCase.php:50
/var/www/html/tests/TestCase.php:61
/var/www/html/tests/Unit/Server/Handlers/ResourceHandlerTest.php:38</error>
        </testcase>
        <testcase name="handle_resources_read_throws_error_for_non_readable_resource" file="/var/www/html/tests/Unit/Server/Handlers/ResourceHandlerTest.php" line="405" class="JTD\LaravelMCP\Tests\Unit\Server\Handlers\ResourceHandlerTest" classname="JTD.LaravelMCP.Tests.Unit.Server.Handlers.ResourceHandlerTest" assertions="0" time="0.000000">
          <error type="Exception">JTD\LaravelMCP\Tests\Unit\Server\Handlers\ResourceHandlerTest::handle_resources_read_throws_error_for_non_readable_resource
Exception: The /var/www/html/vendor/orchestra/testbench-core/laravel/bootstrap/cache directory must be present and writable.

/var/www/html/vendor/laravel/framework/src/Illuminate/Foundation/PackageManifest.php:179
/var/www/html/vendor/orchestra/testbench-core/src/Foundation/PackageManifest.php:157
/var/www/html/vendor/laravel/framework/src/Illuminate/Foundation/PackageManifest.php:132
/var/www/html/vendor/laravel/framework/src/Illuminate/Foundation/PackageManifest.php:108
/var/www/html/vendor/orchestra/testbench-core/src/Foundation/PackageManifest.php:102
/var/www/html/vendor/laravel/framework/src/Illuminate/Foundation/PackageManifest.php:91
/var/www/html/vendor/laravel/framework/src/Illuminate/Foundation/PackageManifest.php:80
/var/www/html/vendor/laravel/framework/src/Illuminate/Foundation/Bootstrap/RegisterFacades.php:26
/var/www/html/vendor/orchestra/testbench-core/src/Concerns/CreatesApplication.php:556
/var/www/html/vendor/orchestra/testbench-core/src/Concerns/CreatesApplication.php:311
/var/www/html/vendor/orchestra/testbench-core/src/TestCase.php:121
/var/www/html/vendor/orchestra/testbench-core/src/Concerns/ApplicationTestingHooks.php:74
/var/www/html/vendor/orchestra/testbench-core/src/Concerns/Testing.php:43
/var/www/html/vendor/laravel/framework/src/Illuminate/Collections/helpers.php:236
/var/www/html/vendor/orchestra/sidekick/src/functions.php:87
/var/www/html/vendor/laravel/framework/src/Illuminate/Collections/helpers.php:236
/var/www/html/vendor/orchestra/testbench-core/src/Concerns/Testing.php:57
/var/www/html/vendor/orchestra/testbench-core/src/TestCase.php:50
/var/www/html/tests/TestCase.php:61
/var/www/html/tests/Unit/Server/Handlers/ResourceHandlerTest.php:38</error>
        </testcase>
        <testcase name="handle_resources_read_handles_array_content" file="/var/www/html/tests/Unit/Server/Handlers/ResourceHandlerTest.php" line="432" class="JTD\LaravelMCP\Tests\Unit\Server\Handlers\ResourceHandlerTest" classname="JTD.LaravelMCP.Tests.Unit.Server.Handlers.ResourceHandlerTest" assertions="0" time="0.000000">
          <error type="Exception">JTD\LaravelMCP\Tests\Unit\Server\Handlers\ResourceHandlerTest::handle_resources_read_handles_array_content
Exception: The /var/www/html/vendor/orchestra/testbench-core/laravel/bootstrap/cache directory must be present and writable.

/var/www/html/vendor/laravel/framework/src/Illuminate/Foundation/PackageManifest.php:179
/var/www/html/vendor/orchestra/testbench-core/src/Foundation/PackageManifest.php:157
/var/www/html/vendor/laravel/framework/src/Illuminate/Foundation/PackageManifest.php:132
/var/www/html/vendor/laravel/framework/src/Illuminate/Foundation/PackageManifest.php:108
/var/www/html/vendor/orchestra/testbench-core/src/Foundation/PackageManifest.php:102
/var/www/html/vendor/laravel/framework/src/Illuminate/Foundation/PackageManifest.php:91
/var/www/html/vendor/laravel/framework/src/Illuminate/Foundation/PackageManifest.php:80
/var/www/html/vendor/laravel/framework/src/Illuminate/Foundation/Bootstrap/RegisterFacades.php:26
/var/www/html/vendor/orchestra/testbench-core/src/Concerns/CreatesApplication.php:556
/var/www/html/vendor/orchestra/testbench-core/src/Concerns/CreatesApplication.php:311
/var/www/html/vendor/orchestra/testbench-core/src/TestCase.php:121
/var/www/html/vendor/orchestra/testbench-core/src/Concerns/ApplicationTestingHooks.php:74
/var/www/html/vendor/orchestra/testbench-core/src/Concerns/Testing.php:43
/var/www/html/vendor/laravel/framework/src/Illuminate/Collections/helpers.php:236
/var/www/html/vendor/orchestra/sidekick/src/functions.php:87
/var/www/html/vendor/laravel/framework/src/Illuminate/Collections/helpers.php:236
/var/www/html/vendor/orchestra/testbench-core/src/Concerns/Testing.php:57
/var/www/html/vendor/orchestra/testbench-core/src/TestCase.php:50
/var/www/html/tests/TestCase.php:61
/var/www/html/tests/Unit/Server/Handlers/ResourceHandlerTest.php:38</error>
        </testcase>
        <testcase name="handle_resources_read_handles_pre_formatted_content" file="/var/www/html/tests/Unit/Server/Handlers/ResourceHandlerTest.php" line="457" class="JTD\LaravelMCP\Tests\Unit\Server\Handlers\ResourceHandlerTest" classname="JTD.LaravelMCP.Tests.Unit.Server.Handlers.ResourceHandlerTest" assertions="0" time="0.000000">
          <error type="Exception">JTD\LaravelMCP\Tests\Unit\Server\Handlers\ResourceHandlerTest::handle_resources_read_handles_pre_formatted_content
Exception: The /var/www/html/vendor/orchestra/testbench-core/laravel/bootstrap/cache directory must be present and writable.

/var/www/html/vendor/laravel/framework/src/Illuminate/Foundation/PackageManifest.php:179
/var/www/html/vendor/orchestra/testbench-core/src/Foundation/PackageManifest.php:157
/var/www/html/vendor/laravel/framework/src/Illuminate/Foundation/PackageManifest.php:132
/var/www/html/vendor/laravel/framework/src/Illuminate/Foundation/PackageManifest.php:108
/var/www/html/vendor/orchestra/testbench-core/src/Foundation/PackageManifest.php:102
/var/www/html/vendor/laravel/framework/src/Illuminate/Foundation/PackageManifest.php:91
/var/www/html/vendor/laravel/framework/src/Illuminate/Foundation/PackageManifest.php:80
/var/www/html/vendor/laravel/framework/src/Illuminate/Foundation/Bootstrap/RegisterFacades.php:26
/var/www/html/vendor/orchestra/testbench-core/src/Concerns/CreatesApplication.php:556
/var/www/html/vendor/orchestra/testbench-core/src/Concerns/CreatesApplication.php:311
/var/www/html/vendor/orchestra/testbench-core/src/TestCase.php:121
/var/www/html/vendor/orchestra/testbench-core/src/Concerns/ApplicationTestingHooks.php:74
/var/www/html/vendor/orchestra/testbench-core/src/Concerns/Testing.php:43
/var/www/html/vendor/laravel/framework/src/Illuminate/Collections/helpers.php:236
/var/www/html/vendor/orchestra/sidekick/src/functions.php:87
/var/www/html/vendor/laravel/framework/src/Illuminate/Collections/helpers.php:236
/var/www/html/vendor/orchestra/testbench-core/src/Concerns/Testing.php:57
/var/www/html/vendor/orchestra/testbench-core/src/TestCase.php:50
/var/www/html/tests/TestCase.php:61
/var/www/html/tests/Unit/Server/Handlers/ResourceHandlerTest.php:38</error>
        </testcase>
        <testcase name="handle_resources_read_handles_execution_failures" file="/var/www/html/tests/Unit/Server/Handlers/ResourceHandlerTest.php" line="484" class="JTD\LaravelMCP\Tests\Unit\Server\Handlers\ResourceHandlerTest" classname="JTD.LaravelMCP.Tests.Unit.Server.Handlers.ResourceHandlerTest" assertions="0" time="0.000000">
          <error type="Exception">JTD\LaravelMCP\Tests\Unit\Server\Handlers\ResourceHandlerTest::handle_resources_read_handles_execution_failures
Exception: The /var/www/html/vendor/orchestra/testbench-core/laravel/bootstrap/cache directory must be present and writable.

/var/www/html/vendor/laravel/framework/src/Illuminate/Foundation/PackageManifest.php:179
/var/www/html/vendor/orchestra/testbench-core/src/Foundation/PackageManifest.php:157
/var/www/html/vendor/laravel/framework/src/Illuminate/Foundation/PackageManifest.php:132
/var/www/html/vendor/laravel/framework/src/Illuminate/Foundation/PackageManifest.php:108
/var/www/html/vendor/orchestra/testbench-core/src/Foundation/PackageManifest.php:102
/var/www/html/vendor/laravel/framework/src/Illuminate/Foundation/PackageManifest.php:91
/var/www/html/vendor/laravel/framework/src/Illuminate/Foundation/PackageManifest.php:80
/var/www/html/vendor/laravel/framework/src/Illuminate/Foundation/Bootstrap/RegisterFacades.php:26
/var/www/html/vendor/orchestra/testbench-core/src/Concerns/CreatesApplication.php:556
/var/www/html/vendor/orchestra/testbench-core/src/Concerns/CreatesApplication.php:311
/var/www/html/vendor/orchestra/testbench-core/src/TestCase.php:121
/var/www/html/vendor/orchestra/testbench-core/src/Concerns/ApplicationTestingHooks.php:74
/var/www/html/vendor/orchestra/testbench-core/src/Concerns/Testing.php:43
/var/www/html/vendor/laravel/framework/src/Illuminate/Collections/helpers.php:236
/var/www/html/vendor/orchestra/sidekick/src/functions.php:87
/var/www/html/vendor/laravel/framework/src/Illuminate/Collections/helpers.php:236
/var/www/html/vendor/orchestra/testbench-core/src/Concerns/Testing.php:57
/var/www/html/vendor/orchestra/testbench-core/src/TestCase.php:50
/var/www/html/tests/TestCase.php:61
/var/www/html/tests/Unit/Server/Handlers/ResourceHandlerTest.php:38</error>
        </testcase>
        <testsuite name="JTD\LaravelMCP\Tests\Unit\Server\Handlers\ResourceHandlerTest::get_resource_uri_handles_different_uri_methods" tests="4" assertions="0" errors="4" failures="0" skipped="0" time="0.000000">
          <testcase name="get_resource_uri_handles_different_uri_methods with data set &quot;getUri method&quot;" file="/var/www/html/tests/Unit/Server/Handlers/ResourceHandlerTest.php" line="508" class="JTD\LaravelMCP\Tests\Unit\Server\Handlers\ResourceHandlerTest" classname="JTD.LaravelMCP.Tests.Unit.Server.Handlers.ResourceHandlerTest" assertions="0" time="0.000000">
            <error type="Exception">JTD\LaravelMCP\Tests\Unit\Server\Handlers\ResourceHandlerTest::get_resource_uri_handles_different_uri_methods with data set "getUri method"
Exception: The /var/www/html/vendor/orchestra/testbench-core/laravel/bootstrap/cache directory must be present and writable.

/var/www/html/vendor/laravel/framework/src/Illuminate/Foundation/PackageManifest.php:179
/var/www/html/vendor/orchestra/testbench-core/src/Foundation/PackageManifest.php:157
/var/www/html/vendor/laravel/framework/src/Illuminate/Foundation/PackageManifest.php:132
/var/www/html/vendor/laravel/framework/src/Illuminate/Foundation/PackageManifest.php:108
/var/www/html/vendor/orchestra/testbench-core/src/Foundation/PackageManifest.php:102
/var/www/html/vendor/laravel/framework/src/Illuminate/Foundation/PackageManifest.php:91
/var/www/html/vendor/laravel/framework/src/Illuminate/Foundation/PackageManifest.php:80
/var/www/html/vendor/laravel/framework/src/Illuminate/Foundation/Bootstrap/RegisterFacades.php:26
/var/www/html/vendor/orchestra/testbench-core/src/Concerns/CreatesApplication.php:556
/var/www/html/vendor/orchestra/testbench-core/src/Concerns/CreatesApplication.php:311
/var/www/html/vendor/orchestra/testbench-core/src/TestCase.php:121
/var/www/html/vendor/orchestra/testbench-core/src/Concerns/ApplicationTestingHooks.php:74
/var/www/html/vendor/orchestra/testbench-core/src/Concerns/Testing.php:43
/var/www/html/vendor/laravel/framework/src/Illuminate/Collections/helpers.php:236
/var/www/html/vendor/orchestra/sidekick/src/functions.php:87
/var/www/html/vendor/laravel/framework/src/Illuminate/Collections/helpers.php:236
/var/www/html/vendor/orchestra/testbench-core/src/Concerns/Testing.php:57
/var/www/html/vendor/orchestra/testbench-core/src/TestCase.php:50
/var/www/html/tests/TestCase.php:61
/var/www/html/tests/Unit/Server/Handlers/ResourceHandlerTest.php:38</error>
          </testcase>
          <testcase name="get_resource_uri_handles_different_uri_methods with data set &quot;uri method&quot;" file="/var/www/html/tests/Unit/Server/Handlers/ResourceHandlerTest.php" line="508" class="JTD\LaravelMCP\Tests\Unit\Server\Handlers\ResourceHandlerTest" classname="JTD.LaravelMCP.Tests.Unit.Server.Handlers.ResourceHandlerTest" assertions="0" time="0.000000">
            <error type="Exception">JTD\LaravelMCP\Tests\Unit\Server\Handlers\ResourceHandlerTest::get_resource_uri_handles_different_uri_methods with data set "uri method"
Exception: The /var/www/html/vendor/orchestra/testbench-core/laravel/bootstrap/cache directory must be present and writable.

/var/www/html/vendor/laravel/framework/src/Illuminate/Foundation/PackageManifest.php:179
/var/www/html/vendor/orchestra/testbench-core/src/Foundation/PackageManifest.php:157
/var/www/html/vendor/laravel/framework/src/Illuminate/Foundation/PackageManifest.php:132
/var/www/html/vendor/laravel/framework/src/Illuminate/Foundation/PackageManifest.php:108
/var/www/html/vendor/orchestra/testbench-core/src/Foundation/PackageManifest.php:102
/var/www/html/vendor/laravel/framework/src/Illuminate/Foundation/PackageManifest.php:91
/var/www/html/vendor/laravel/framework/src/Illuminate/Foundation/PackageManifest.php:80
/var/www/html/vendor/laravel/framework/src/Illuminate/Foundation/Bootstrap/RegisterFacades.php:26
/var/www/html/vendor/orchestra/testbench-core/src/Concerns/CreatesApplication.php:556
/var/www/html/vendor/orchestra/testbench-core/src/Concerns/CreatesApplication.php:311
/var/www/html/vendor/orchestra/testbench-core/src/TestCase.php:121
/var/www/html/vendor/orchestra/testbench-core/src/Concerns/ApplicationTestingHooks.php:74
/var/www/html/vendor/orchestra/testbench-core/src/Concerns/Testing.php:43
/var/www/html/vendor/laravel/framework/src/Illuminate/Collections/helpers.php:236
/var/www/html/vendor/orchestra/sidekick/src/functions.php:87
/var/www/html/vendor/laravel/framework/src/Illuminate/Collections/helpers.php:236
/var/www/html/vendor/orchestra/testbench-core/src/Concerns/Testing.php:57
/var/www/html/vendor/orchestra/testbench-core/src/TestCase.php:50
/var/www/html/tests/TestCase.php:61
/var/www/html/tests/Unit/Server/Handlers/ResourceHandlerTest.php:38</error>
          </testcase>
          <testcase name="get_resource_uri_handles_different_uri_methods with data set &quot;uri property&quot;" file="/var/www/html/tests/Unit/Server/Handlers/ResourceHandlerTest.php" line="508" class="JTD\LaravelMCP\Tests\Unit\Server\Handlers\ResourceHandlerTest" classname="JTD.LaravelMCP.Tests.Unit.Server.Handlers.ResourceHandlerTest" assertions="0" time="0.000000">
            <error type="Exception">JTD\LaravelMCP\Tests\Unit\Server\Handlers\ResourceHandlerTest::get_resource_uri_handles_different_uri_methods with data set "uri property"
Exception: The /var/www/html/vendor/orchestra/testbench-core/laravel/bootstrap/cache directory must be present and writable.

/var/www/html/vendor/laravel/framework/src/Illuminate/Foundation/PackageManifest.php:179
/var/www/html/vendor/orchestra/testbench-core/src/Foundation/PackageManifest.php:157
/var/www/html/vendor/laravel/framework/src/Illuminate/Foundation/PackageManifest.php:132
/var/www/html/vendor/laravel/framework/src/Illuminate/Foundation/PackageManifest.php:108
/var/www/html/vendor/orchestra/testbench-core/src/Foundation/PackageManifest.php:102
/var/www/html/vendor/laravel/framework/src/Illuminate/Foundation/PackageManifest.php:91
/var/www/html/vendor/laravel/framework/src/Illuminate/Foundation/PackageManifest.php:80
/var/www/html/vendor/laravel/framework/src/Illuminate/Foundation/Bootstrap/RegisterFacades.php:26
/var/www/html/vendor/orchestra/testbench-core/src/Concerns/CreatesApplication.php:556
/var/www/html/vendor/orchestra/testbench-core/src/Concerns/CreatesApplication.php:311
/var/www/html/vendor/orchestra/testbench-core/src/TestCase.php:121
/var/www/html/vendor/orchestra/testbench-core/src/Concerns/ApplicationTestingHooks.php:74
/var/www/html/vendor/orchestra/testbench-core/src/Concerns/Testing.php:43
/var/www/html/vendor/laravel/framework/src/Illuminate/Collections/helpers.php:236
/var/www/html/vendor/orchestra/sidekick/src/functions.php:87
/var/www/html/vendor/laravel/framework/src/Illuminate/Collections/helpers.php:236
/var/www/html/vendor/orchestra/testbench-core/src/Concerns/Testing.php:57
/var/www/html/vendor/orchestra/testbench-core/src/TestCase.php:50
/var/www/html/tests/TestCase.php:61
/var/www/html/tests/Unit/Server/Handlers/ResourceHandlerTest.php:38</error>
          </testcase>
          <testcase name="get_resource_uri_handles_different_uri_methods with data set &quot;no uri (default)&quot;" file="/var/www/html/tests/Unit/Server/Handlers/ResourceHandlerTest.php" line="508" class="JTD\LaravelMCP\Tests\Unit\Server\Handlers\ResourceHandlerTest" classname="JTD.LaravelMCP.Tests.Unit.Server.Handlers.ResourceHandlerTest" assertions="0" time="0.000000">
            <error type="Exception">JTD\LaravelMCP\Tests\Unit\Server\Handlers\ResourceHandlerTest::get_resource_uri_handles_different_uri_methods with data set "no uri (default)"
Exception: The /var/www/html/vendor/orchestra/testbench-core/laravel/bootstrap/cache directory must be present and writable.

/var/www/html/vendor/laravel/framework/src/Illuminate/Foundation/PackageManifest.php:179
/var/www/html/vendor/orchestra/testbench-core/src/Foundation/PackageManifest.php:157
/var/www/html/vendor/laravel/framework/src/Illuminate/Foundation/PackageManifest.php:132
/var/www/html/vendor/laravel/framework/src/Illuminate/Foundation/PackageManifest.php:108
/var/www/html/vendor/orchestra/testbench-core/src/Foundation/PackageManifest.php:102
/var/www/html/vendor/laravel/framework/src/Illuminate/Foundation/PackageManifest.php:91
/var/www/html/vendor/laravel/framework/src/Illuminate/Foundation/PackageManifest.php:80
/var/www/html/vendor/laravel/framework/src/Illuminate/Foundation/Bootstrap/RegisterFacades.php:26
/var/www/html/vendor/orchestra/testbench-core/src/Concerns/CreatesApplication.php:556
/var/www/html/vendor/orchestra/testbench-core/src/Concerns/CreatesApplication.php:311
/var/www/html/vendor/orchestra/testbench-core/src/TestCase.php:121
/var/www/html/vendor/orchestra/testbench-core/src/Concerns/ApplicationTestingHooks.php:74
/var/www/html/vendor/orchestra/testbench-core/src/Concerns/Testing.php:43
/var/www/html/vendor/laravel/framework/src/Illuminate/Collections/helpers.php:236
/var/www/html/vendor/orchestra/sidekick/src/functions.php:87
/var/www/html/vendor/laravel/framework/src/Illuminate/Collections/helpers.php:236
/var/www/html/vendor/orchestra/testbench-core/src/Concerns/Testing.php:57
/var/www/html/vendor/orchestra/testbench-core/src/TestCase.php:50
/var/www/html/tests/TestCase.php:61
/var/www/html/tests/Unit/Server/Handlers/ResourceHandlerTest.php:38</error>
          </testcase>
        </testsuite>
        <testsuite name="JTD\LaravelMCP\Tests\Unit\Server\Handlers\ResourceHandlerTest::get_resource_description_handles_different_description_methods" tests="4" assertions="0" errors="4" failures="0" skipped="0" time="0.000000">
          <testcase name="get_resource_description_handles_different_description_methods with data set &quot;getDescription method&quot;" file="/var/www/html/tests/Unit/Server/Handlers/ResourceHandlerTest.php" line="569" class="JTD\LaravelMCP\Tests\Unit\Server\Handlers\ResourceHandlerTest" classname="JTD.LaravelMCP.Tests.Unit.Server.Handlers.ResourceHandlerTest" assertions="0" time="0.000000">
            <error type="Exception">JTD\LaravelMCP\Tests\Unit\Server\Handlers\ResourceHandlerTest::get_resource_description_handles_different_description_methods with data set "getDescription method"
Exception: The /var/www/html/vendor/orchestra/testbench-core/laravel/bootstrap/cache directory must be present and writable.

/var/www/html/vendor/laravel/framework/src/Illuminate/Foundation/PackageManifest.php:179
/var/www/html/vendor/orchestra/testbench-core/src/Foundation/PackageManifest.php:157
/var/www/html/vendor/laravel/framework/src/Illuminate/Foundation/PackageManifest.php:132
/var/www/html/vendor/laravel/framework/src/Illuminate/Foundation/PackageManifest.php:108
/var/www/html/vendor/orchestra/testbench-core/src/Foundation/PackageManifest.php:102
/var/www/html/vendor/laravel/framework/src/Illuminate/Foundation/PackageManifest.php:91
/var/www/html/vendor/laravel/framework/src/Illuminate/Foundation/PackageManifest.php:80
/var/www/html/vendor/laravel/framework/src/Illuminate/Foundation/Bootstrap/RegisterFacades.php:26
/var/www/html/vendor/orchestra/testbench-core/src/Concerns/CreatesApplication.php:556
/var/www/html/vendor/orchestra/testbench-core/src/Concerns/CreatesApplication.php:311
/var/www/html/vendor/orchestra/testbench-core/src/TestCase.php:121
/var/www/html/vendor/orchestra/testbench-core/src/Concerns/ApplicationTestingHooks.php:74
/var/www/html/vendor/orchestra/testbench-core/src/Concerns/Testing.php:43
/var/www/html/vendor/laravel/framework/src/Illuminate/Collections/helpers.php:236
/var/www/html/vendor/orchestra/sidekick/src/functions.php:87
/var/www/html/vendor/laravel/framework/src/Illuminate/Collections/helpers.php:236
/var/www/html/vendor/orchestra/testbench-core/src/Concerns/Testing.php:57
/var/www/html/vendor/orchestra/testbench-core/src/TestCase.php:50
/var/www/html/tests/TestCase.php:61
/var/www/html/tests/Unit/Server/Handlers/ResourceHandlerTest.php:38</error>
          </testcase>
          <testcase name="get_resource_description_handles_different_description_methods with data set &quot;description method&quot;" file="/var/www/html/tests/Unit/Server/Handlers/ResourceHandlerTest.php" line="569" class="JTD\LaravelMCP\Tests\Unit\Server\Handlers\ResourceHandlerTest" classname="JTD.LaravelMCP.Tests.Unit.Server.Handlers.ResourceHandlerTest" assertions="0" time="0.000000">
            <error type="Exception">JTD\LaravelMCP\Tests\Unit\Server\Handlers\ResourceHandlerTest::get_resource_description_handles_different_description_methods with data set "description method"
Exception: The /var/www/html/vendor/orchestra/testbench-core/laravel/bootstrap/cache directory must be present and writable.

/var/www/html/vendor/laravel/framework/src/Illuminate/Foundation/PackageManifest.php:179
/var/www/html/vendor/orchestra/testbench-core/src/Foundation/PackageManifest.php:157
/var/www/html/vendor/laravel/framework/src/Illuminate/Foundation/PackageManifest.php:132
/var/www/html/vendor/laravel/framework/src/Illuminate/Foundation/PackageManifest.php:108
/var/www/html/vendor/orchestra/testbench-core/src/Foundation/PackageManifest.php:102
/var/www/html/vendor/laravel/framework/src/Illuminate/Foundation/PackageManifest.php:91
/var/www/html/vendor/laravel/framework/src/Illuminate/Foundation/PackageManifest.php:80
/var/www/html/vendor/laravel/framework/src/Illuminate/Foundation/Bootstrap/RegisterFacades.php:26
/var/www/html/vendor/orchestra/testbench-core/src/Concerns/CreatesApplication.php:556
/var/www/html/vendor/orchestra/testbench-core/src/Concerns/CreatesApplication.php:311
/var/www/html/vendor/orchestra/testbench-core/src/TestCase.php:121
/var/www/html/vendor/orchestra/testbench-core/src/Concerns/ApplicationTestingHooks.php:74
/var/www/html/vendor/orchestra/testbench-core/src/Concerns/Testing.php:43
/var/www/html/vendor/laravel/framework/src/Illuminate/Collections/helpers.php:236
/var/www/html/vendor/orchestra/sidekick/src/functions.php:87
/var/www/html/vendor/laravel/framework/src/Illuminate/Collections/helpers.php:236
/var/www/html/vendor/orchestra/testbench-core/src/Concerns/Testing.php:57
/var/www/html/vendor/orchestra/testbench-core/src/TestCase.php:50
/var/www/html/tests/TestCase.php:61
/var/www/html/tests/Unit/Server/Handlers/ResourceHandlerTest.php:38</error>
          </testcase>
          <testcase name="get_resource_description_handles_different_description_methods with data set &quot;description property&quot;" file="/var/www/html/tests/Unit/Server/Handlers/ResourceHandlerTest.php" line="569" class="JTD\LaravelMCP\Tests\Unit\Server\Handlers\ResourceHandlerTest" classname="JTD.LaravelMCP.Tests.Unit.Server.Handlers.ResourceHandlerTest" assertions="0" time="0.000000">
            <error type="Exception">JTD\LaravelMCP\Tests\Unit\Server\Handlers\ResourceHandlerTest::get_resource_description_handles_different_description_methods with data set "description property"
Exception: The /var/www/html/vendor/orchestra/testbench-core/laravel/bootstrap/cache directory must be present and writable.

/var/www/html/vendor/laravel/framework/src/Illuminate/Foundation/PackageManifest.php:179
/var/www/html/vendor/orchestra/testbench-core/src/Foundation/PackageManifest.php:157
/var/www/html/vendor/laravel/framework/src/Illuminate/Foundation/PackageManifest.php:132
/var/www/html/vendor/laravel/framework/src/Illuminate/Foundation/PackageManifest.php:108
/var/www/html/vendor/orchestra/testbench-core/src/Foundation/PackageManifest.php:102
/var/www/html/vendor/laravel/framework/src/Illuminate/Foundation/PackageManifest.php:91
/var/www/html/vendor/laravel/framework/src/Illuminate/Foundation/PackageManifest.php:80
/var/www/html/vendor/laravel/framework/src/Illuminate/Foundation/Bootstrap/RegisterFacades.php:26
/var/www/html/vendor/orchestra/testbench-core/src/Concerns/CreatesApplication.php:556
/var/www/html/vendor/orchestra/testbench-core/src/Concerns/CreatesApplication.php:311
/var/www/html/vendor/orchestra/testbench-core/src/TestCase.php:121
/var/www/html/vendor/orchestra/testbench-core/src/Concerns/ApplicationTestingHooks.php:74
/var/www/html/vendor/orchestra/testbench-core/src/Concerns/Testing.php:43
/var/www/html/vendor/laravel/framework/src/Illuminate/Collections/helpers.php:236
/var/www/html/vendor/orchestra/sidekick/src/functions.php:87
/var/www/html/vendor/laravel/framework/src/Illuminate/Collections/helpers.php:236
/var/www/html/vendor/orchestra/testbench-core/src/Concerns/Testing.php:57
/var/www/html/vendor/orchestra/testbench-core/src/TestCase.php:50
/var/www/html/tests/TestCase.php:61
/var/www/html/tests/Unit/Server/Handlers/ResourceHandlerTest.php:38</error>
          </testcase>
          <testcase name="get_resource_description_handles_different_description_methods with data set &quot;no description&quot;" file="/var/www/html/tests/Unit/Server/Handlers/ResourceHandlerTest.php" line="569" class="JTD\LaravelMCP\Tests\Unit\Server\Handlers\ResourceHandlerTest" classname="JTD.LaravelMCP.Tests.Unit.Server.Handlers.ResourceHandlerTest" assertions="0" time="0.000000">
            <error type="Exception">JTD\LaravelMCP\Tests\Unit\Server\Handlers\ResourceHandlerTest::get_resource_description_handles_different_description_methods with data set "no description"
Exception: The /var/www/html/vendor/orchestra/testbench-core/laravel/bootstrap/cache directory must be present and writable.

/var/www/html/vendor/laravel/framework/src/Illuminate/Foundation/PackageManifest.php:179
/var/www/html/vendor/orchestra/testbench-core/src/Foundation/PackageManifest.php:157
/var/www/html/vendor/laravel/framework/src/Illuminate/Foundation/PackageManifest.php:132
/var/www/html/vendor/laravel/framework/src/Illuminate/Foundation/PackageManifest.php:108
/var/www/html/vendor/orchestra/testbench-core/src/Foundation/PackageManifest.php:102
/var/www/html/vendor/laravel/framework/src/Illuminate/Foundation/PackageManifest.php:91
/var/www/html/vendor/laravel/framework/src/Illuminate/Foundation/PackageManifest.php:80
/var/www/html/vendor/laravel/framework/src/Illuminate/Foundation/Bootstrap/RegisterFacades.php:26
/var/www/html/vendor/orchestra/testbench-core/src/Concerns/CreatesApplication.php:556
/var/www/html/vendor/orchestra/testbench-core/src/Concerns/CreatesApplication.php:311
/var/www/html/vendor/orchestra/testbench-core/src/TestCase.php:121
/var/www/html/vendor/orchestra/testbench-core/src/Concerns/ApplicationTestingHooks.php:74
/var/www/html/vendor/orchestra/testbench-core/src/Concerns/Testing.php:43
/var/www/html/vendor/laravel/framework/src/Illuminate/Collections/helpers.php:236
/var/www/html/vendor/orchestra/sidekick/src/functions.php:87
/var/www/html/vendor/laravel/framework/src/Illuminate/Collections/helpers.php:236
/var/www/html/vendor/orchestra/testbench-core/src/Concerns/Testing.php:57
/var/www/html/vendor/orchestra/testbench-core/src/TestCase.php:50
/var/www/html/tests/TestCase.php:61
/var/www/html/tests/Unit/Server/Handlers/ResourceHandlerTest.php:38</error>
          </testcase>
        </testsuite>
        <testsuite name="JTD\LaravelMCP\Tests\Unit\Server\Handlers\ResourceHandlerTest::get_resource_mime_type_handles_different_mime_type_methods" tests="4" assertions="0" errors="4" failures="0" skipped="0" time="0.000000">
          <testcase name="get_resource_mime_type_handles_different_mime_type_methods with data set &quot;getMimeType method&quot;" file="/var/www/html/tests/Unit/Server/Handlers/ResourceHandlerTest.php" line="629" class="JTD\LaravelMCP\Tests\Unit\Server\Handlers\ResourceHandlerTest" classname="JTD.LaravelMCP.Tests.Unit.Server.Handlers.ResourceHandlerTest" assertions="0" time="0.000000">
            <error type="Exception">JTD\LaravelMCP\Tests\Unit\Server\Handlers\ResourceHandlerTest::get_resource_mime_type_handles_different_mime_type_methods with data set "getMimeType method"
Exception: The /var/www/html/vendor/orchestra/testbench-core/laravel/bootstrap/cache directory must be present and writable.

/var/www/html/vendor/laravel/framework/src/Illuminate/Foundation/PackageManifest.php:179
/var/www/html/vendor/orchestra/testbench-core/src/Foundation/PackageManifest.php:157
/var/www/html/vendor/laravel/framework/src/Illuminate/Foundation/PackageManifest.php:132
/var/www/html/vendor/laravel/framework/src/Illuminate/Foundation/PackageManifest.php:108
/var/www/html/vendor/orchestra/testbench-core/src/Foundation/PackageManifest.php:102
/var/www/html/vendor/laravel/framework/src/Illuminate/Foundation/PackageManifest.php:91
/var/www/html/vendor/laravel/framework/src/Illuminate/Foundation/PackageManifest.php:80
/var/www/html/vendor/laravel/framework/src/Illuminate/Foundation/Bootstrap/RegisterFacades.php:26
/var/www/html/vendor/orchestra/testbench-core/src/Concerns/CreatesApplication.php:556
/var/www/html/vendor/orchestra/testbench-core/src/Concerns/CreatesApplication.php:311
/var/www/html/vendor/orchestra/testbench-core/src/TestCase.php:121
/var/www/html/vendor/orchestra/testbench-core/src/Concerns/ApplicationTestingHooks.php:74
/var/www/html/vendor/orchestra/testbench-core/src/Concerns/Testing.php:43
/var/www/html/vendor/laravel/framework/src/Illuminate/Collections/helpers.php:236
/var/www/html/vendor/orchestra/sidekick/src/functions.php:87
/var/www/html/vendor/laravel/framework/src/Illuminate/Collections/helpers.php:236
/var/www/html/vendor/orchestra/testbench-core/src/Concerns/Testing.php:57
/var/www/html/vendor/orchestra/testbench-core/src/TestCase.php:50
/var/www/html/tests/TestCase.php:61
/var/www/html/tests/Unit/Server/Handlers/ResourceHandlerTest.php:38</error>
          </testcase>
          <testcase name="get_resource_mime_type_handles_different_mime_type_methods with data set &quot;mimeType method&quot;" file="/var/www/html/tests/Unit/Server/Handlers/ResourceHandlerTest.php" line="629" class="JTD\LaravelMCP\Tests\Unit\Server\Handlers\ResourceHandlerTest" classname="JTD.LaravelMCP.Tests.Unit.Server.Handlers.ResourceHandlerTest" assertions="0" time="0.000000">
            <error type="Exception">JTD\LaravelMCP\Tests\Unit\Server\Handlers\ResourceHandlerTest::get_resource_mime_type_handles_different_mime_type_methods with data set "mimeType method"
Exception: The /var/www/html/vendor/orchestra/testbench-core/laravel/bootstrap/cache directory must be present and writable.

/var/www/html/vendor/laravel/framework/src/Illuminate/Foundation/PackageManifest.php:179
/var/www/html/vendor/orchestra/testbench-core/src/Foundation/PackageManifest.php:157
/var/www/html/vendor/laravel/framework/src/Illuminate/Foundation/PackageManifest.php:132
/var/www/html/vendor/laravel/framework/src/Illuminate/Foundation/PackageManifest.php:108
/var/www/html/vendor/orchestra/testbench-core/src/Foundation/PackageManifest.php:102
/var/www/html/vendor/laravel/framework/src/Illuminate/Foundation/PackageManifest.php:91
/var/www/html/vendor/laravel/framework/src/Illuminate/Foundation/PackageManifest.php:80
/var/www/html/vendor/laravel/framework/src/Illuminate/Foundation/Bootstrap/RegisterFacades.php:26
/var/www/html/vendor/orchestra/testbench-core/src/Concerns/CreatesApplication.php:556
/var/www/html/vendor/orchestra/testbench-core/src/Concerns/CreatesApplication.php:311
/var/www/html/vendor/orchestra/testbench-core/src/TestCase.php:121
/var/www/html/vendor/orchestra/testbench-core/src/Concerns/ApplicationTestingHooks.php:74
/var/www/html/vendor/orchestra/testbench-core/src/Concerns/Testing.php:43
/var/www/html/vendor/laravel/framework/src/Illuminate/Collections/helpers.php:236
/var/www/html/vendor/orchestra/sidekick/src/functions.php:87
/var/www/html/vendor/laravel/framework/src/Illuminate/Collections/helpers.php:236
/var/www/html/vendor/orchestra/testbench-core/src/Concerns/Testing.php:57
/var/www/html/vendor/orchestra/testbench-core/src/TestCase.php:50
/var/www/html/tests/TestCase.php:61
/var/www/html/tests/Unit/Server/Handlers/ResourceHandlerTest.php:38</error>
          </testcase>
          <testcase name="get_resource_mime_type_handles_different_mime_type_methods with data set &quot;mimeType property&quot;" file="/var/www/html/tests/Unit/Server/Handlers/ResourceHandlerTest.php" line="629" class="JTD\LaravelMCP\Tests\Unit\Server\Handlers\ResourceHandlerTest" classname="JTD.LaravelMCP.Tests.Unit.Server.Handlers.ResourceHandlerTest" assertions="0" time="0.000000">
            <error type="Exception">JTD\LaravelMCP\Tests\Unit\Server\Handlers\ResourceHandlerTest::get_resource_mime_type_handles_different_mime_type_methods with data set "mimeType property"
Exception: The /var/www/html/vendor/orchestra/testbench-core/laravel/bootstrap/cache directory must be present and writable.

/var/www/html/vendor/laravel/framework/src/Illuminate/Foundation/PackageManifest.php:179
/var/www/html/vendor/orchestra/testbench-core/src/Foundation/PackageManifest.php:157
/var/www/html/vendor/laravel/framework/src/Illuminate/Foundation/PackageManifest.php:132
/var/www/html/vendor/laravel/framework/src/Illuminate/Foundation/PackageManifest.php:108
/var/www/html/vendor/orchestra/testbench-core/src/Foundation/PackageManifest.php:102
/var/www/html/vendor/laravel/framework/src/Illuminate/Foundation/PackageManifest.php:91
/var/www/html/vendor/laravel/framework/src/Illuminate/Foundation/PackageManifest.php:80
/var/www/html/vendor/laravel/framework/src/Illuminate/Foundation/Bootstrap/RegisterFacades.php:26
/var/www/html/vendor/orchestra/testbench-core/src/Concerns/CreatesApplication.php:556
/var/www/html/vendor/orchestra/testbench-core/src/Concerns/CreatesApplication.php:311
/var/www/html/vendor/orchestra/testbench-core/src/TestCase.php:121
/var/www/html/vendor/orchestra/testbench-core/src/Concerns/ApplicationTestingHooks.php:74
/var/www/html/vendor/orchestra/testbench-core/src/Concerns/Testing.php:43
/var/www/html/vendor/laravel/framework/src/Illuminate/Collections/helpers.php:236
/var/www/html/vendor/orchestra/sidekick/src/functions.php:87
/var/www/html/vendor/laravel/framework/src/Illuminate/Collections/helpers.php:236
/var/www/html/vendor/orchestra/testbench-core/src/Concerns/Testing.php:57
/var/www/html/vendor/orchestra/testbench-core/src/TestCase.php:50
/var/www/html/tests/TestCase.php:61
/var/www/html/tests/Unit/Server/Handlers/ResourceHandlerTest.php:38</error>
          </testcase>
          <testcase name="get_resource_mime_type_handles_different_mime_type_methods with data set &quot;no mime type (default)&quot;" file="/var/www/html/tests/Unit/Server/Handlers/ResourceHandlerTest.php" line="629" class="JTD\LaravelMCP\Tests\Unit\Server\Handlers\ResourceHandlerTest" classname="JTD.LaravelMCP.Tests.Unit.Server.Handlers.ResourceHandlerTest" assertions="0" time="0.000000">
            <error type="Exception">JTD\LaravelMCP\Tests\Unit\Server\Handlers\ResourceHandlerTest::get_resource_mime_type_handles_different_mime_type_methods with data set "no mime type (default)"
Exception: The /var/www/html/vendor/orchestra/testbench-core/laravel/bootstrap/cache directory must be present and writable.

/var/www/html/vendor/laravel/framework/src/Illuminate/Foundation/PackageManifest.php:179
/var/www/html/vendor/orchestra/testbench-core/src/Foundation/PackageManifest.php:157
/var/www/html/vendor/laravel/framework/src/Illuminate/Foundation/PackageManifest.php:132
/var/www/html/vendor/laravel/framework/src/Illuminate/Foundation/PackageManifest.php:108
/var/www/html/vendor/orchestra/testbench-core/src/Foundation/PackageManifest.php:102
/var/www/html/vendor/laravel/framework/src/Illuminate/Foundation/PackageManifest.php:91
/var/www/html/vendor/laravel/framework/src/Illuminate/Foundation/PackageManifest.php:80
/var/www/html/vendor/laravel/framework/src/Illuminate/Foundation/Bootstrap/RegisterFacades.php:26
/var/www/html/vendor/orchestra/testbench-core/src/Concerns/CreatesApplication.php:556
/var/www/html/vendor/orchestra/testbench-core/src/Concerns/CreatesApplication.php:311
/var/www/html/vendor/orchestra/testbench-core/src/TestCase.php:121
/var/www/html/vendor/orchestra/testbench-core/src/Concerns/ApplicationTestingHooks.php:74
/var/www/html/vendor/orchestra/testbench-core/src/Concerns/Testing.php:43
/var/www/html/vendor/laravel/framework/src/Illuminate/Collections/helpers.php:236
/var/www/html/vendor/orchestra/sidekick/src/functions.php:87
/var/www/html/vendor/laravel/framework/src/Illuminate/Collections/helpers.php:236
/var/www/html/vendor/orchestra/testbench-core/src/Concerns/Testing.php:57
/var/www/html/vendor/orchestra/testbench-core/src/TestCase.php:50
/var/www/html/tests/TestCase.php:61
/var/www/html/tests/Unit/Server/Handlers/ResourceHandlerTest.php:38</error>
          </testcase>
        </testsuite>
        <testsuite name="JTD\LaravelMCP\Tests\Unit\Server\Handlers\ResourceHandlerTest::get_resource_metadata_handles_different_metadata_methods" tests="3" assertions="0" errors="3" failures="0" skipped="0" time="0.000000">
          <testcase name="get_resource_metadata_handles_different_metadata_methods with data set &quot;getMetadata method&quot;" file="/var/www/html/tests/Unit/Server/Handlers/ResourceHandlerTest.php" line="688" class="JTD\LaravelMCP\Tests\Unit\Server\Handlers\ResourceHandlerTest" classname="JTD.LaravelMCP.Tests.Unit.Server.Handlers.ResourceHandlerTest" assertions="0" time="0.000000">
            <error type="Exception">JTD\LaravelMCP\Tests\Unit\Server\Handlers\ResourceHandlerTest::get_resource_metadata_handles_different_metadata_methods with data set "getMetadata method"
Exception: The /var/www/html/vendor/orchestra/testbench-core/laravel/bootstrap/cache directory must be present and writable.

/var/www/html/vendor/laravel/framework/src/Illuminate/Foundation/PackageManifest.php:179
/var/www/html/vendor/orchestra/testbench-core/src/Foundation/PackageManifest.php:157
/var/www/html/vendor/laravel/framework/src/Illuminate/Foundation/PackageManifest.php:132
/var/www/html/vendor/laravel/framework/src/Illuminate/Foundation/PackageManifest.php:108
/var/www/html/vendor/orchestra/testbench-core/src/Foundation/PackageManifest.php:102
/var/www/html/vendor/laravel/framework/src/Illuminate/Foundation/PackageManifest.php:91
/var/www/html/vendor/laravel/framework/src/Illuminate/Foundation/PackageManifest.php:80
/var/www/html/vendor/laravel/framework/src/Illuminate/Foundation/Bootstrap/RegisterFacades.php:26
/var/www/html/vendor/orchestra/testbench-core/src/Concerns/CreatesApplication.php:556
/var/www/html/vendor/orchestra/testbench-core/src/Concerns/CreatesApplication.php:311
/var/www/html/vendor/orchestra/testbench-core/src/TestCase.php:121
/var/www/html/vendor/orchestra/testbench-core/src/Concerns/ApplicationTestingHooks.php:74
/var/www/html/vendor/orchestra/testbench-core/src/Concerns/Testing.php:43
/var/www/html/vendor/laravel/framework/src/Illuminate/Collections/helpers.php:236
/var/www/html/vendor/orchestra/sidekick/src/functions.php:87
/var/www/html/vendor/laravel/framework/src/Illuminate/Collections/helpers.php:236
/var/www/html/vendor/orchestra/testbench-core/src/Concerns/Testing.php:57
/var/www/html/vendor/orchestra/testbench-core/src/TestCase.php:50
/var/www/html/tests/TestCase.php:61
/var/www/html/tests/Unit/Server/Handlers/ResourceHandlerTest.php:38</error>
          </testcase>
          <testcase name="get_resource_metadata_handles_different_metadata_methods with data set &quot;metadata property&quot;" file="/var/www/html/tests/Unit/Server/Handlers/ResourceHandlerTest.php" line="688" class="JTD\LaravelMCP\Tests\Unit\Server\Handlers\ResourceHandlerTest" classname="JTD.LaravelMCP.Tests.Unit.Server.Handlers.ResourceHandlerTest" assertions="0" time="0.000000">
            <error type="Exception">JTD\LaravelMCP\Tests\Unit\Server\Handlers\ResourceHandlerTest::get_resource_metadata_handles_different_metadata_methods with data set "metadata property"
Exception: The /var/www/html/vendor/orchestra/testbench-core/laravel/bootstrap/cache directory must be present and writable.

/var/www/html/vendor/laravel/framework/src/Illuminate/Foundation/PackageManifest.php:179
/var/www/html/vendor/orchestra/testbench-core/src/Foundation/PackageManifest.php:157
/var/www/html/vendor/laravel/framework/src/Illuminate/Foundation/PackageManifest.php:132
/var/www/html/vendor/laravel/framework/src/Illuminate/Foundation/PackageManifest.php:108
/var/www/html/vendor/orchestra/testbench-core/src/Foundation/PackageManifest.php:102
/var/www/html/vendor/laravel/framework/src/Illuminate/Foundation/PackageManifest.php:91
/var/www/html/vendor/laravel/framework/src/Illuminate/Foundation/PackageManifest.php:80
/var/www/html/vendor/laravel/framework/src/Illuminate/Foundation/Bootstrap/RegisterFacades.php:26
/var/www/html/vendor/orchestra/testbench-core/src/Concerns/CreatesApplication.php:556
/var/www/html/vendor/orchestra/testbench-core/src/Concerns/CreatesApplication.php:311
/var/www/html/vendor/orchestra/testbench-core/src/TestCase.php:121
/var/www/html/vendor/orchestra/testbench-core/src/Concerns/ApplicationTestingHooks.php:74
/var/www/html/vendor/orchestra/testbench-core/src/Concerns/Testing.php:43
/var/www/html/vendor/laravel/framework/src/Illuminate/Collections/helpers.php:236
/var/www/html/vendor/orchestra/sidekick/src/functions.php:87
/var/www/html/vendor/laravel/framework/src/Illuminate/Collections/helpers.php:236
/var/www/html/vendor/orchestra/testbench-core/src/Concerns/Testing.php:57
/var/www/html/vendor/orchestra/testbench-core/src/TestCase.php:50
/var/www/html/tests/TestCase.php:61
/var/www/html/tests/Unit/Server/Handlers/ResourceHandlerTest.php:38</error>
          </testcase>
          <testcase name="get_resource_metadata_handles_different_metadata_methods with data set &quot;no metadata&quot;" file="/var/www/html/tests/Unit/Server/Handlers/ResourceHandlerTest.php" line="688" class="JTD\LaravelMCP\Tests\Unit\Server\Handlers\ResourceHandlerTest" classname="JTD.LaravelMCP.Tests.Unit.Server.Handlers.ResourceHandlerTest" assertions="0" time="0.000000">
            <error type="Exception">JTD\LaravelMCP\Tests\Unit\Server\Handlers\ResourceHandlerTest::get_resource_metadata_handles_different_metadata_methods with data set "no metadata"
Exception: The /var/www/html/vendor/orchestra/testbench-core/laravel/bootstrap/cache directory must be present and writable.

/var/www/html/vendor/laravel/framework/src/Illuminate/Foundation/PackageManifest.php:179
/var/www/html/vendor/orchestra/testbench-core/src/Foundation/PackageManifest.php:157
/var/www/html/vendor/laravel/framework/src/Illuminate/Foundation/PackageManifest.php:132
/var/www/html/vendor/laravel/framework/src/Illuminate/Foundation/PackageManifest.php:108
/var/www/html/vendor/orchestra/testbench-core/src/Foundation/PackageManifest.php:102
/var/www/html/vendor/laravel/framework/src/Illuminate/Foundation/PackageManifest.php:91
/var/www/html/vendor/laravel/framework/src/Illuminate/Foundation/PackageManifest.php:80
/var/www/html/vendor/laravel/framework/src/Illuminate/Foundation/Bootstrap/RegisterFacades.php:26
/var/www/html/vendor/orchestra/testbench-core/src/Concerns/CreatesApplication.php:556
/var/www/html/vendor/orchestra/testbench-core/src/Concerns/CreatesApplication.php:311
/var/www/html/vendor/orchestra/testbench-core/src/TestCase.php:121
/var/www/html/vendor/orchestra/testbench-core/src/Concerns/ApplicationTestingHooks.php:74
/var/www/html/vendor/orchestra/testbench-core/src/Concerns/Testing.php:43
/var/www/html/vendor/laravel/framework/src/Illuminate/Collections/helpers.php:236
/var/www/html/vendor/orchestra/sidekick/src/functions.php:87
/var/www/html/vendor/laravel/framework/src/Illuminate/Collections/helpers.php:236
/var/www/html/vendor/orchestra/testbench-core/src/Concerns/Testing.php:57
/var/www/html/vendor/orchestra/testbench-core/src/TestCase.php:50
/var/www/html/tests/TestCase.php:61
/var/www/html/tests/Unit/Server/Handlers/ResourceHandlerTest.php:38</error>
          </testcase>
        </testsuite>
      </testsuite>
      <testsuite name="JTD\LaravelMCP\Tests\Unit\Server\Handlers\ToolHandlerTest" file="/var/www/html/tests/Unit/Server/Handlers/ToolHandlerTest.php" tests="35" assertions="0" errors="35" failures="0" skipped="0" time="0.000000">
        <testcase name="constructor_sets_dependencies_and_handler_name" file="/var/www/html/tests/Unit/Server/Handlers/ToolHandlerTest.php" line="51" class="JTD\LaravelMCP\Tests\Unit\Server\Handlers\ToolHandlerTest" classname="JTD.LaravelMCP.Tests.Unit.Server.Handlers.ToolHandlerTest" assertions="0" time="0.000000">
          <error type="Exception">JTD\LaravelMCP\Tests\Unit\Server\Handlers\ToolHandlerTest::constructor_sets_dependencies_and_handler_name
Exception: The /var/www/html/vendor/orchestra/testbench-core/laravel/bootstrap/cache directory must be present and writable.

/var/www/html/vendor/laravel/framework/src/Illuminate/Foundation/PackageManifest.php:179
/var/www/html/vendor/orchestra/testbench-core/src/Foundation/PackageManifest.php:157
/var/www/html/vendor/laravel/framework/src/Illuminate/Foundation/PackageManifest.php:132
/var/www/html/vendor/laravel/framework/src/Illuminate/Foundation/PackageManifest.php:108
/var/www/html/vendor/orchestra/testbench-core/src/Foundation/PackageManifest.php:102
/var/www/html/vendor/laravel/framework/src/Illuminate/Foundation/PackageManifest.php:91
/var/www/html/vendor/laravel/framework/src/Illuminate/Foundation/PackageManifest.php:80
/var/www/html/vendor/laravel/framework/src/Illuminate/Foundation/Bootstrap/RegisterFacades.php:26
/var/www/html/vendor/orchestra/testbench-core/src/Concerns/CreatesApplication.php:556
/var/www/html/vendor/orchestra/testbench-core/src/Concerns/CreatesApplication.php:311
/var/www/html/vendor/orchestra/testbench-core/src/TestCase.php:121
/var/www/html/vendor/orchestra/testbench-core/src/Concerns/ApplicationTestingHooks.php:74
/var/www/html/vendor/orchestra/testbench-core/src/Concerns/Testing.php:43
/var/www/html/vendor/laravel/framework/src/Illuminate/Collections/helpers.php:236
/var/www/html/vendor/orchestra/sidekick/src/functions.php:87
/var/www/html/vendor/laravel/framework/src/Illuminate/Collections/helpers.php:236
/var/www/html/vendor/orchestra/testbench-core/src/Concerns/Testing.php:57
/var/www/html/vendor/orchestra/testbench-core/src/TestCase.php:50
/var/www/html/tests/TestCase.php:61
/var/www/html/tests/Unit/Server/Handlers/ToolHandlerTest.php:38</error>
        </testcase>
        <testcase name="get_supported_methods_returns_tool_methods" file="/var/www/html/tests/Unit/Server/Handlers/ToolHandlerTest.php" line="60" class="JTD\LaravelMCP\Tests\Unit\Server\Handlers\ToolHandlerTest" classname="JTD.LaravelMCP.Tests.Unit.Server.Handlers.ToolHandlerTest" assertions="0" time="0.000000">
          <error type="Exception">JTD\LaravelMCP\Tests\Unit\Server\Handlers\ToolHandlerTest::get_supported_methods_returns_tool_methods
Exception: The /var/www/html/vendor/orchestra/testbench-core/laravel/bootstrap/cache directory must be present and writable.

/var/www/html/vendor/laravel/framework/src/Illuminate/Foundation/PackageManifest.php:179
/var/www/html/vendor/orchestra/testbench-core/src/Foundation/PackageManifest.php:157
/var/www/html/vendor/laravel/framework/src/Illuminate/Foundation/PackageManifest.php:132
/var/www/html/vendor/laravel/framework/src/Illuminate/Foundation/PackageManifest.php:108
/var/www/html/vendor/orchestra/testbench-core/src/Foundation/PackageManifest.php:102
/var/www/html/vendor/laravel/framework/src/Illuminate/Foundation/PackageManifest.php:91
/var/www/html/vendor/laravel/framework/src/Illuminate/Foundation/PackageManifest.php:80
/var/www/html/vendor/laravel/framework/src/Illuminate/Foundation/Bootstrap/RegisterFacades.php:26
/var/www/html/vendor/orchestra/testbench-core/src/Concerns/CreatesApplication.php:556
/var/www/html/vendor/orchestra/testbench-core/src/Concerns/CreatesApplication.php:311
/var/www/html/vendor/orchestra/testbench-core/src/TestCase.php:121
/var/www/html/vendor/orchestra/testbench-core/src/Concerns/ApplicationTestingHooks.php:74
/var/www/html/vendor/orchestra/testbench-core/src/Concerns/Testing.php:43
/var/www/html/vendor/laravel/framework/src/Illuminate/Collections/helpers.php:236
/var/www/html/vendor/orchestra/sidekick/src/functions.php:87
/var/www/html/vendor/laravel/framework/src/Illuminate/Collections/helpers.php:236
/var/www/html/vendor/orchestra/testbench-core/src/Concerns/Testing.php:57
/var/www/html/vendor/orchestra/testbench-core/src/TestCase.php:50
/var/www/html/tests/TestCase.php:61
/var/www/html/tests/Unit/Server/Handlers/ToolHandlerTest.php:38</error>
        </testcase>
        <testcase name="supports_method_returns_true_for_supported_methods" file="/var/www/html/tests/Unit/Server/Handlers/ToolHandlerTest.php" line="68" class="JTD\LaravelMCP\Tests\Unit\Server\Handlers\ToolHandlerTest" classname="JTD.LaravelMCP.Tests.Unit.Server.Handlers.ToolHandlerTest" assertions="0" time="0.000000">
          <error type="Exception">JTD\LaravelMCP\Tests\Unit\Server\Handlers\ToolHandlerTest::supports_method_returns_true_for_supported_methods
Exception: The /var/www/html/vendor/orchestra/testbench-core/laravel/bootstrap/cache directory must be present and writable.

/var/www/html/vendor/laravel/framework/src/Illuminate/Foundation/PackageManifest.php:179
/var/www/html/vendor/orchestra/testbench-core/src/Foundation/PackageManifest.php:157
/var/www/html/vendor/laravel/framework/src/Illuminate/Foundation/PackageManifest.php:132
/var/www/html/vendor/laravel/framework/src/Illuminate/Foundation/PackageManifest.php:108
/var/www/html/vendor/orchestra/testbench-core/src/Foundation/PackageManifest.php:102
/var/www/html/vendor/laravel/framework/src/Illuminate/Foundation/PackageManifest.php:91
/var/www/html/vendor/laravel/framework/src/Illuminate/Foundation/PackageManifest.php:80
/var/www/html/vendor/laravel/framework/src/Illuminate/Foundation/Bootstrap/RegisterFacades.php:26
/var/www/html/vendor/orchestra/testbench-core/src/Concerns/CreatesApplication.php:556
/var/www/html/vendor/orchestra/testbench-core/src/Concerns/CreatesApplication.php:311
/var/www/html/vendor/orchestra/testbench-core/src/TestCase.php:121
/var/www/html/vendor/orchestra/testbench-core/src/Concerns/ApplicationTestingHooks.php:74
/var/www/html/vendor/orchestra/testbench-core/src/Concerns/Testing.php:43
/var/www/html/vendor/laravel/framework/src/Illuminate/Collections/helpers.php:236
/var/www/html/vendor/orchestra/sidekick/src/functions.php:87
/var/www/html/vendor/laravel/framework/src/Illuminate/Collections/helpers.php:236
/var/www/html/vendor/orchestra/testbench-core/src/Concerns/Testing.php:57
/var/www/html/vendor/orchestra/testbench-core/src/TestCase.php:50
/var/www/html/tests/TestCase.php:61
/var/www/html/tests/Unit/Server/Handlers/ToolHandlerTest.php:38</error>
        </testcase>
        <testcase name="supports_method_returns_false_for_unsupported_methods" file="/var/www/html/tests/Unit/Server/Handlers/ToolHandlerTest.php" line="75" class="JTD\LaravelMCP\Tests\Unit\Server\Handlers\ToolHandlerTest" classname="JTD.LaravelMCP.Tests.Unit.Server.Handlers.ToolHandlerTest" assertions="0" time="0.000000">
          <error type="Exception">JTD\LaravelMCP\Tests\Unit\Server\Handlers\ToolHandlerTest::supports_method_returns_false_for_unsupported_methods
Exception: The /var/www/html/vendor/orchestra/testbench-core/laravel/bootstrap/cache directory must be present and writable.

/var/www/html/vendor/laravel/framework/src/Illuminate/Foundation/PackageManifest.php:179
/var/www/html/vendor/orchestra/testbench-core/src/Foundation/PackageManifest.php:157
/var/www/html/vendor/laravel/framework/src/Illuminate/Foundation/PackageManifest.php:132
/var/www/html/vendor/laravel/framework/src/Illuminate/Foundation/PackageManifest.php:108
/var/www/html/vendor/orchestra/testbench-core/src/Foundation/PackageManifest.php:102
/var/www/html/vendor/laravel/framework/src/Illuminate/Foundation/PackageManifest.php:91
/var/www/html/vendor/laravel/framework/src/Illuminate/Foundation/PackageManifest.php:80
/var/www/html/vendor/laravel/framework/src/Illuminate/Foundation/Bootstrap/RegisterFacades.php:26
/var/www/html/vendor/orchestra/testbench-core/src/Concerns/CreatesApplication.php:556
/var/www/html/vendor/orchestra/testbench-core/src/Concerns/CreatesApplication.php:311
/var/www/html/vendor/orchestra/testbench-core/src/TestCase.php:121
/var/www/html/vendor/orchestra/testbench-core/src/Concerns/ApplicationTestingHooks.php:74
/var/www/html/vendor/orchestra/testbench-core/src/Concerns/Testing.php:43
/var/www/html/vendor/laravel/framework/src/Illuminate/Collections/helpers.php:236
/var/www/html/vendor/orchestra/sidekick/src/functions.php:87
/var/www/html/vendor/laravel/framework/src/Illuminate/Collections/helpers.php:236
/var/www/html/vendor/orchestra/testbench-core/src/Concerns/Testing.php:57
/var/www/html/vendor/orchestra/testbench-core/src/TestCase.php:50
/var/www/html/tests/TestCase.php:61
/var/www/html/tests/Unit/Server/Handlers/ToolHandlerTest.php:38</error>
        </testcase>
        <testcase name="handle_throws_protocol_exception_for_unsupported_method" file="/var/www/html/tests/Unit/Server/Handlers/ToolHandlerTest.php" line="82" class="JTD\LaravelMCP\Tests\Unit\Server\Handlers\ToolHandlerTest" classname="JTD.LaravelMCP.Tests.Unit.Server.Handlers.ToolHandlerTest" assertions="0" time="0.000000">
          <error type="Exception">JTD\LaravelMCP\Tests\Unit\Server\Handlers\ToolHandlerTest::handle_throws_protocol_exception_for_unsupported_method
Exception: The /var/www/html/vendor/orchestra/testbench-core/laravel/bootstrap/cache directory must be present and writable.

/var/www/html/vendor/laravel/framework/src/Illuminate/Foundation/PackageManifest.php:179
/var/www/html/vendor/orchestra/testbench-core/src/Foundation/PackageManifest.php:157
/var/www/html/vendor/laravel/framework/src/Illuminate/Foundation/PackageManifest.php:132
/var/www/html/vendor/laravel/framework/src/Illuminate/Foundation/PackageManifest.php:108
/var/www/html/vendor/orchestra/testbench-core/src/Foundation/PackageManifest.php:102
/var/www/html/vendor/laravel/framework/src/Illuminate/Foundation/PackageManifest.php:91
/var/www/html/vendor/laravel/framework/src/Illuminate/Foundation/PackageManifest.php:80
/var/www/html/vendor/laravel/framework/src/Illuminate/Foundation/Bootstrap/RegisterFacades.php:26
/var/www/html/vendor/orchestra/testbench-core/src/Concerns/CreatesApplication.php:556
/var/www/html/vendor/orchestra/testbench-core/src/Concerns/CreatesApplication.php:311
/var/www/html/vendor/orchestra/testbench-core/src/TestCase.php:121
/var/www/html/vendor/orchestra/testbench-core/src/Concerns/ApplicationTestingHooks.php:74
/var/www/html/vendor/orchestra/testbench-core/src/Concerns/Testing.php:43
/var/www/html/vendor/laravel/framework/src/Illuminate/Collections/helpers.php:236
/var/www/html/vendor/orchestra/sidekick/src/functions.php:87
/var/www/html/vendor/laravel/framework/src/Illuminate/Collections/helpers.php:236
/var/www/html/vendor/orchestra/testbench-core/src/Concerns/Testing.php:57
/var/www/html/vendor/orchestra/testbench-core/src/TestCase.php:50
/var/www/html/tests/TestCase.php:61
/var/www/html/tests/Unit/Server/Handlers/ToolHandlerTest.php:38</error>
        </testcase>
        <testcase name="handle_tools_list_returns_empty_tools_array_when_no_tools" file="/var/www/html/tests/Unit/Server/Handlers/ToolHandlerTest.php" line="92" class="JTD\LaravelMCP\Tests\Unit\Server\Handlers\ToolHandlerTest" classname="JTD.LaravelMCP.Tests.Unit.Server.Handlers.ToolHandlerTest" assertions="0" time="0.000000">
          <error type="Exception">JTD\LaravelMCP\Tests\Unit\Server\Handlers\ToolHandlerTest::handle_tools_list_returns_empty_tools_array_when_no_tools
Exception: The /var/www/html/vendor/orchestra/testbench-core/laravel/bootstrap/cache directory must be present and writable.

/var/www/html/vendor/laravel/framework/src/Illuminate/Foundation/PackageManifest.php:179
/var/www/html/vendor/orchestra/testbench-core/src/Foundation/PackageManifest.php:157
/var/www/html/vendor/laravel/framework/src/Illuminate/Foundation/PackageManifest.php:132
/var/www/html/vendor/laravel/framework/src/Illuminate/Foundation/PackageManifest.php:108
/var/www/html/vendor/orchestra/testbench-core/src/Foundation/PackageManifest.php:102
/var/www/html/vendor/laravel/framework/src/Illuminate/Foundation/PackageManifest.php:91
/var/www/html/vendor/laravel/framework/src/Illuminate/Foundation/PackageManifest.php:80
/var/www/html/vendor/laravel/framework/src/Illuminate/Foundation/Bootstrap/RegisterFacades.php:26
/var/www/html/vendor/orchestra/testbench-core/src/Concerns/CreatesApplication.php:556
/var/www/html/vendor/orchestra/testbench-core/src/Concerns/CreatesApplication.php:311
/var/www/html/vendor/orchestra/testbench-core/src/TestCase.php:121
/var/www/html/vendor/orchestra/testbench-core/src/Concerns/ApplicationTestingHooks.php:74
/var/www/html/vendor/orchestra/testbench-core/src/Concerns/Testing.php:43
/var/www/html/vendor/laravel/framework/src/Illuminate/Collections/helpers.php:236
/var/www/html/vendor/orchestra/sidekick/src/functions.php:87
/var/www/html/vendor/laravel/framework/src/Illuminate/Collections/helpers.php:236
/var/www/html/vendor/orchestra/testbench-core/src/Concerns/Testing.php:57
/var/www/html/vendor/orchestra/testbench-core/src/TestCase.php:50
/var/www/html/tests/TestCase.php:61
/var/www/html/tests/Unit/Server/Handlers/ToolHandlerTest.php:38</error>
        </testcase>
        <testcase name="handle_tools_list_returns_tool_definitions" file="/var/www/html/tests/Unit/Server/Handlers/ToolHandlerTest.php" line="108" class="JTD\LaravelMCP\Tests\Unit\Server\Handlers\ToolHandlerTest" classname="JTD.LaravelMCP.Tests.Unit.Server.Handlers.ToolHandlerTest" assertions="0" time="0.000000">
          <error type="Exception">JTD\LaravelMCP\Tests\Unit\Server\Handlers\ToolHandlerTest::handle_tools_list_returns_tool_definitions
Exception: The /var/www/html/vendor/orchestra/testbench-core/laravel/bootstrap/cache directory must be present and writable.

/var/www/html/vendor/laravel/framework/src/Illuminate/Foundation/PackageManifest.php:179
/var/www/html/vendor/orchestra/testbench-core/src/Foundation/PackageManifest.php:157
/var/www/html/vendor/laravel/framework/src/Illuminate/Foundation/PackageManifest.php:132
/var/www/html/vendor/laravel/framework/src/Illuminate/Foundation/PackageManifest.php:108
/var/www/html/vendor/orchestra/testbench-core/src/Foundation/PackageManifest.php:102
/var/www/html/vendor/laravel/framework/src/Illuminate/Foundation/PackageManifest.php:91
/var/www/html/vendor/laravel/framework/src/Illuminate/Foundation/PackageManifest.php:80
/var/www/html/vendor/laravel/framework/src/Illuminate/Foundation/Bootstrap/RegisterFacades.php:26
/var/www/html/vendor/orchestra/testbench-core/src/Concerns/CreatesApplication.php:556
/var/www/html/vendor/orchestra/testbench-core/src/Concerns/CreatesApplication.php:311
/var/www/html/vendor/orchestra/testbench-core/src/TestCase.php:121
/var/www/html/vendor/orchestra/testbench-core/src/Concerns/ApplicationTestingHooks.php:74
/var/www/html/vendor/orchestra/testbench-core/src/Concerns/Testing.php:43
/var/www/html/vendor/laravel/framework/src/Illuminate/Collections/helpers.php:236
/var/www/html/vendor/orchestra/sidekick/src/functions.php:87
/var/www/html/vendor/laravel/framework/src/Illuminate/Collections/helpers.php:236
/var/www/html/vendor/orchestra/testbench-core/src/Concerns/Testing.php:57
/var/www/html/vendor/orchestra/testbench-core/src/TestCase.php:50
/var/www/html/tests/TestCase.php:61
/var/www/html/tests/Unit/Server/Handlers/ToolHandlerTest.php:38</error>
        </testcase>
        <testcase name="handle_tools_list_handles_tool_definition_failures_gracefully" file="/var/www/html/tests/Unit/Server/Handlers/ToolHandlerTest.php" line="137" class="JTD\LaravelMCP\Tests\Unit\Server\Handlers\ToolHandlerTest" classname="JTD.LaravelMCP.Tests.Unit.Server.Handlers.ToolHandlerTest" assertions="0" time="0.000000">
          <error type="Exception">JTD\LaravelMCP\Tests\Unit\Server\Handlers\ToolHandlerTest::handle_tools_list_handles_tool_definition_failures_gracefully
Exception: The /var/www/html/vendor/orchestra/testbench-core/laravel/bootstrap/cache directory must be present and writable.

/var/www/html/vendor/laravel/framework/src/Illuminate/Foundation/PackageManifest.php:179
/var/www/html/vendor/orchestra/testbench-core/src/Foundation/PackageManifest.php:157
/var/www/html/vendor/laravel/framework/src/Illuminate/Foundation/PackageManifest.php:132
/var/www/html/vendor/laravel/framework/src/Illuminate/Foundation/PackageManifest.php:108
/var/www/html/vendor/orchestra/testbench-core/src/Foundation/PackageManifest.php:102
/var/www/html/vendor/laravel/framework/src/Illuminate/Foundation/PackageManifest.php:91
/var/www/html/vendor/laravel/framework/src/Illuminate/Foundation/PackageManifest.php:80
/var/www/html/vendor/laravel/framework/src/Illuminate/Foundation/Bootstrap/RegisterFacades.php:26
/var/www/html/vendor/orchestra/testbench-core/src/Concerns/CreatesApplication.php:556
/var/www/html/vendor/orchestra/testbench-core/src/Concerns/CreatesApplication.php:311
/var/www/html/vendor/orchestra/testbench-core/src/TestCase.php:121
/var/www/html/vendor/orchestra/testbench-core/src/Concerns/ApplicationTestingHooks.php:74
/var/www/html/vendor/orchestra/testbench-core/src/Concerns/Testing.php:43
/var/www/html/vendor/laravel/framework/src/Illuminate/Collections/helpers.php:236
/var/www/html/vendor/orchestra/sidekick/src/functions.php:87
/var/www/html/vendor/laravel/framework/src/Illuminate/Collections/helpers.php:236
/var/www/html/vendor/orchestra/testbench-core/src/Concerns/Testing.php:57
/var/www/html/vendor/orchestra/testbench-core/src/TestCase.php:50
/var/www/html/tests/TestCase.php:61
/var/www/html/tests/Unit/Server/Handlers/ToolHandlerTest.php:38</error>
        </testcase>
        <testcase name="handle_tools_list_validates_cursor_parameter" file="/var/www/html/tests/Unit/Server/Handlers/ToolHandlerTest.php" line="178" class="JTD\LaravelMCP\Tests\Unit\Server\Handlers\ToolHandlerTest" classname="JTD.LaravelMCP.Tests.Unit.Server.Handlers.ToolHandlerTest" assertions="0" time="0.000000">
          <error type="Exception">JTD\LaravelMCP\Tests\Unit\Server\Handlers\ToolHandlerTest::handle_tools_list_validates_cursor_parameter
Exception: The /var/www/html/vendor/orchestra/testbench-core/laravel/bootstrap/cache directory must be present and writable.

/var/www/html/vendor/laravel/framework/src/Illuminate/Foundation/PackageManifest.php:179
/var/www/html/vendor/orchestra/testbench-core/src/Foundation/PackageManifest.php:157
/var/www/html/vendor/laravel/framework/src/Illuminate/Foundation/PackageManifest.php:132
/var/www/html/vendor/laravel/framework/src/Illuminate/Foundation/PackageManifest.php:108
/var/www/html/vendor/orchestra/testbench-core/src/Foundation/PackageManifest.php:102
/var/www/html/vendor/laravel/framework/src/Illuminate/Foundation/PackageManifest.php:91
/var/www/html/vendor/laravel/framework/src/Illuminate/Foundation/PackageManifest.php:80
/var/www/html/vendor/laravel/framework/src/Illuminate/Foundation/Bootstrap/RegisterFacades.php:26
/var/www/html/vendor/orchestra/testbench-core/src/Concerns/CreatesApplication.php:556
/var/www/html/vendor/orchestra/testbench-core/src/Concerns/CreatesApplication.php:311
/var/www/html/vendor/orchestra/testbench-core/src/TestCase.php:121
/var/www/html/vendor/orchestra/testbench-core/src/Concerns/ApplicationTestingHooks.php:74
/var/www/html/vendor/orchestra/testbench-core/src/Concerns/Testing.php:43
/var/www/html/vendor/laravel/framework/src/Illuminate/Collections/helpers.php:236
/var/www/html/vendor/orchestra/sidekick/src/functions.php:87
/var/www/html/vendor/laravel/framework/src/Illuminate/Collections/helpers.php:236
/var/www/html/vendor/orchestra/testbench-core/src/Concerns/Testing.php:57
/var/www/html/vendor/orchestra/testbench-core/src/TestCase.php:50
/var/www/html/tests/TestCase.php:61
/var/www/html/tests/Unit/Server/Handlers/ToolHandlerTest.php:38</error>
        </testcase>
        <testcase name="handle_tools_list_applies_cursor_pagination" file="/var/www/html/tests/Unit/Server/Handlers/ToolHandlerTest.php" line="187" class="JTD\LaravelMCP\Tests\Unit\Server\Handlers\ToolHandlerTest" classname="JTD.LaravelMCP.Tests.Unit.Server.Handlers.ToolHandlerTest" assertions="0" time="0.000000">
          <error type="Exception">JTD\LaravelMCP\Tests\Unit\Server\Handlers\ToolHandlerTest::handle_tools_list_applies_cursor_pagination
Exception: The /var/www/html/vendor/orchestra/testbench-core/laravel/bootstrap/cache directory must be present and writable.

/var/www/html/vendor/laravel/framework/src/Illuminate/Foundation/PackageManifest.php:179
/var/www/html/vendor/orchestra/testbench-core/src/Foundation/PackageManifest.php:157
/var/www/html/vendor/laravel/framework/src/Illuminate/Foundation/PackageManifest.php:132
/var/www/html/vendor/laravel/framework/src/Illuminate/Foundation/PackageManifest.php:108
/var/www/html/vendor/orchestra/testbench-core/src/Foundation/PackageManifest.php:102
/var/www/html/vendor/laravel/framework/src/Illuminate/Foundation/PackageManifest.php:91
/var/www/html/vendor/laravel/framework/src/Illuminate/Foundation/PackageManifest.php:80
/var/www/html/vendor/laravel/framework/src/Illuminate/Foundation/Bootstrap/RegisterFacades.php:26
/var/www/html/vendor/orchestra/testbench-core/src/Concerns/CreatesApplication.php:556
/var/www/html/vendor/orchestra/testbench-core/src/Concerns/CreatesApplication.php:311
/var/www/html/vendor/orchestra/testbench-core/src/TestCase.php:121
/var/www/html/vendor/orchestra/testbench-core/src/Concerns/ApplicationTestingHooks.php:74
/var/www/html/vendor/orchestra/testbench-core/src/Concerns/Testing.php:43
/var/www/html/vendor/laravel/framework/src/Illuminate/Collections/helpers.php:236
/var/www/html/vendor/orchestra/sidekick/src/functions.php:87
/var/www/html/vendor/laravel/framework/src/Illuminate/Collections/helpers.php:236
/var/www/html/vendor/orchestra/testbench-core/src/Concerns/Testing.php:57
/var/www/html/vendor/orchestra/testbench-core/src/TestCase.php:50
/var/www/html/tests/TestCase.php:61
/var/www/html/tests/Unit/Server/Handlers/ToolHandlerTest.php:38</error>
        </testcase>
        <testcase name="handle_tools_list_includes_next_cursor_when_more_tools_available" file="/var/www/html/tests/Unit/Server/Handlers/ToolHandlerTest.php" line="213" class="JTD\LaravelMCP\Tests\Unit\Server\Handlers\ToolHandlerTest" classname="JTD.LaravelMCP.Tests.Unit.Server.Handlers.ToolHandlerTest" assertions="0" time="0.000000">
          <error type="Exception">JTD\LaravelMCP\Tests\Unit\Server\Handlers\ToolHandlerTest::handle_tools_list_includes_next_cursor_when_more_tools_available
Exception: The /var/www/html/vendor/orchestra/testbench-core/laravel/bootstrap/cache directory must be present and writable.

/var/www/html/vendor/laravel/framework/src/Illuminate/Foundation/PackageManifest.php:179
/var/www/html/vendor/orchestra/testbench-core/src/Foundation/PackageManifest.php:157
/var/www/html/vendor/laravel/framework/src/Illuminate/Foundation/PackageManifest.php:132
/var/www/html/vendor/laravel/framework/src/Illuminate/Foundation/PackageManifest.php:108
/var/www/html/vendor/orchestra/testbench-core/src/Foundation/PackageManifest.php:102
/var/www/html/vendor/laravel/framework/src/Illuminate/Foundation/PackageManifest.php:91
/var/www/html/vendor/laravel/framework/src/Illuminate/Foundation/PackageManifest.php:80
/var/www/html/vendor/laravel/framework/src/Illuminate/Foundation/Bootstrap/RegisterFacades.php:26
/var/www/html/vendor/orchestra/testbench-core/src/Concerns/CreatesApplication.php:556
/var/www/html/vendor/orchestra/testbench-core/src/Concerns/CreatesApplication.php:311
/var/www/html/vendor/orchestra/testbench-core/src/TestCase.php:121
/var/www/html/vendor/orchestra/testbench-core/src/Concerns/ApplicationTestingHooks.php:74
/var/www/html/vendor/orchestra/testbench-core/src/Concerns/Testing.php:43
/var/www/html/vendor/laravel/framework/src/Illuminate/Collections/helpers.php:236
/var/www/html/vendor/orchestra/sidekick/src/functions.php:87
/var/www/html/vendor/laravel/framework/src/Illuminate/Collections/helpers.php:236
/var/www/html/vendor/orchestra/testbench-core/src/Concerns/Testing.php:57
/var/www/html/vendor/orchestra/testbench-core/src/TestCase.php:50
/var/www/html/tests/TestCase.php:61
/var/www/html/tests/Unit/Server/Handlers/ToolHandlerTest.php:38</error>
        </testcase>
        <testcase name="handle_tools_call_validates_required_parameters" file="/var/www/html/tests/Unit/Server/Handlers/ToolHandlerTest.php" line="238" class="JTD\LaravelMCP\Tests\Unit\Server\Handlers\ToolHandlerTest" classname="JTD.LaravelMCP.Tests.Unit.Server.Handlers.ToolHandlerTest" assertions="0" time="0.000000">
          <error type="Exception">JTD\LaravelMCP\Tests\Unit\Server\Handlers\ToolHandlerTest::handle_tools_call_validates_required_parameters
Exception: The /var/www/html/vendor/orchestra/testbench-core/laravel/bootstrap/cache directory must be present and writable.

/var/www/html/vendor/laravel/framework/src/Illuminate/Foundation/PackageManifest.php:179
/var/www/html/vendor/orchestra/testbench-core/src/Foundation/PackageManifest.php:157
/var/www/html/vendor/laravel/framework/src/Illuminate/Foundation/PackageManifest.php:132
/var/www/html/vendor/laravel/framework/src/Illuminate/Foundation/PackageManifest.php:108
/var/www/html/vendor/orchestra/testbench-core/src/Foundation/PackageManifest.php:102
/var/www/html/vendor/laravel/framework/src/Illuminate/Foundation/PackageManifest.php:91
/var/www/html/vendor/laravel/framework/src/Illuminate/Foundation/PackageManifest.php:80
/var/www/html/vendor/laravel/framework/src/Illuminate/Foundation/Bootstrap/RegisterFacades.php:26
/var/www/html/vendor/orchestra/testbench-core/src/Concerns/CreatesApplication.php:556
/var/www/html/vendor/orchestra/testbench-core/src/Concerns/CreatesApplication.php:311
/var/www/html/vendor/orchestra/testbench-core/src/TestCase.php:121
/var/www/html/vendor/orchestra/testbench-core/src/Concerns/ApplicationTestingHooks.php:74
/var/www/html/vendor/orchestra/testbench-core/src/Concerns/Testing.php:43
/var/www/html/vendor/laravel/framework/src/Illuminate/Collections/helpers.php:236
/var/www/html/vendor/orchestra/sidekick/src/functions.php:87
/var/www/html/vendor/laravel/framework/src/Illuminate/Collections/helpers.php:236
/var/www/html/vendor/orchestra/testbench-core/src/Concerns/Testing.php:57
/var/www/html/vendor/orchestra/testbench-core/src/TestCase.php:50
/var/www/html/tests/TestCase.php:61
/var/www/html/tests/Unit/Server/Handlers/ToolHandlerTest.php:38</error>
        </testcase>
        <testcase name="handle_tools_call_validates_parameter_types" file="/var/www/html/tests/Unit/Server/Handlers/ToolHandlerTest.php" line="247" class="JTD\LaravelMCP\Tests\Unit\Server\Handlers\ToolHandlerTest" classname="JTD.LaravelMCP.Tests.Unit.Server.Handlers.ToolHandlerTest" assertions="0" time="0.000000">
          <error type="Exception">JTD\LaravelMCP\Tests\Unit\Server\Handlers\ToolHandlerTest::handle_tools_call_validates_parameter_types
Exception: The /var/www/html/vendor/orchestra/testbench-core/laravel/bootstrap/cache directory must be present and writable.

/var/www/html/vendor/laravel/framework/src/Illuminate/Foundation/PackageManifest.php:179
/var/www/html/vendor/orchestra/testbench-core/src/Foundation/PackageManifest.php:157
/var/www/html/vendor/laravel/framework/src/Illuminate/Foundation/PackageManifest.php:132
/var/www/html/vendor/laravel/framework/src/Illuminate/Foundation/PackageManifest.php:108
/var/www/html/vendor/orchestra/testbench-core/src/Foundation/PackageManifest.php:102
/var/www/html/vendor/laravel/framework/src/Illuminate/Foundation/PackageManifest.php:91
/var/www/html/vendor/laravel/framework/src/Illuminate/Foundation/PackageManifest.php:80
/var/www/html/vendor/laravel/framework/src/Illuminate/Foundation/Bootstrap/RegisterFacades.php:26
/var/www/html/vendor/orchestra/testbench-core/src/Concerns/CreatesApplication.php:556
/var/www/html/vendor/orchestra/testbench-core/src/Concerns/CreatesApplication.php:311
/var/www/html/vendor/orchestra/testbench-core/src/TestCase.php:121
/var/www/html/vendor/orchestra/testbench-core/src/Concerns/ApplicationTestingHooks.php:74
/var/www/html/vendor/orchestra/testbench-core/src/Concerns/Testing.php:43
/var/www/html/vendor/laravel/framework/src/Illuminate/Collections/helpers.php:236
/var/www/html/vendor/orchestra/sidekick/src/functions.php:87
/var/www/html/vendor/laravel/framework/src/Illuminate/Collections/helpers.php:236
/var/www/html/vendor/orchestra/testbench-core/src/Concerns/Testing.php:57
/var/www/html/vendor/orchestra/testbench-core/src/TestCase.php:50
/var/www/html/tests/TestCase.php:61
/var/www/html/tests/Unit/Server/Handlers/ToolHandlerTest.php:38</error>
        </testcase>
        <testcase name="handle_tools_call_throws_error_for_non_existent_tool" file="/var/www/html/tests/Unit/Server/Handlers/ToolHandlerTest.php" line="256" class="JTD\LaravelMCP\Tests\Unit\Server\Handlers\ToolHandlerTest" classname="JTD.LaravelMCP.Tests.Unit.Server.Handlers.ToolHandlerTest" assertions="0" time="0.000000">
          <error type="Exception">JTD\LaravelMCP\Tests\Unit\Server\Handlers\ToolHandlerTest::handle_tools_call_throws_error_for_non_existent_tool
Exception: The /var/www/html/vendor/orchestra/testbench-core/laravel/bootstrap/cache directory must be present and writable.

/var/www/html/vendor/laravel/framework/src/Illuminate/Foundation/PackageManifest.php:179
/var/www/html/vendor/orchestra/testbench-core/src/Foundation/PackageManifest.php:157
/var/www/html/vendor/laravel/framework/src/Illuminate/Foundation/PackageManifest.php:132
/var/www/html/vendor/laravel/framework/src/Illuminate/Foundation/PackageManifest.php:108
/var/www/html/vendor/orchestra/testbench-core/src/Foundation/PackageManifest.php:102
/var/www/html/vendor/laravel/framework/src/Illuminate/Foundation/PackageManifest.php:91
/var/www/html/vendor/laravel/framework/src/Illuminate/Foundation/PackageManifest.php:80
/var/www/html/vendor/laravel/framework/src/Illuminate/Foundation/Bootstrap/RegisterFacades.php:26
/var/www/html/vendor/orchestra/testbench-core/src/Concerns/CreatesApplication.php:556
/var/www/html/vendor/orchestra/testbench-core/src/Concerns/CreatesApplication.php:311
/var/www/html/vendor/orchestra/testbench-core/src/TestCase.php:121
/var/www/html/vendor/orchestra/testbench-core/src/Concerns/ApplicationTestingHooks.php:74
/var/www/html/vendor/orchestra/testbench-core/src/Concerns/Testing.php:43
/var/www/html/vendor/laravel/framework/src/Illuminate/Collections/helpers.php:236
/var/www/html/vendor/orchestra/sidekick/src/functions.php:87
/var/www/html/vendor/laravel/framework/src/Illuminate/Collections/helpers.php:236
/var/www/html/vendor/orchestra/testbench-core/src/Concerns/Testing.php:57
/var/www/html/vendor/orchestra/testbench-core/src/TestCase.php:50
/var/www/html/tests/TestCase.php:61
/var/www/html/tests/Unit/Server/Handlers/ToolHandlerTest.php:38</error>
        </testcase>
        <testcase name="handle_tools_call_executes_tool_with_execute_method" file="/var/www/html/tests/Unit/Server/Handlers/ToolHandlerTest.php" line="272" class="JTD\LaravelMCP\Tests\Unit\Server\Handlers\ToolHandlerTest" classname="JTD.LaravelMCP.Tests.Unit.Server.Handlers.ToolHandlerTest" assertions="0" time="0.000000">
          <error type="Exception">JTD\LaravelMCP\Tests\Unit\Server\Handlers\ToolHandlerTest::handle_tools_call_executes_tool_with_execute_method
Exception: The /var/www/html/vendor/orchestra/testbench-core/laravel/bootstrap/cache directory must be present and writable.

/var/www/html/vendor/laravel/framework/src/Illuminate/Foundation/PackageManifest.php:179
/var/www/html/vendor/orchestra/testbench-core/src/Foundation/PackageManifest.php:157
/var/www/html/vendor/laravel/framework/src/Illuminate/Foundation/PackageManifest.php:132
/var/www/html/vendor/laravel/framework/src/Illuminate/Foundation/PackageManifest.php:108
/var/www/html/vendor/orchestra/testbench-core/src/Foundation/PackageManifest.php:102
/var/www/html/vendor/laravel/framework/src/Illuminate/Foundation/PackageManifest.php:91
/var/www/html/vendor/laravel/framework/src/Illuminate/Foundation/PackageManifest.php:80
/var/www/html/vendor/laravel/framework/src/Illuminate/Foundation/Bootstrap/RegisterFacades.php:26
/var/www/html/vendor/orchestra/testbench-core/src/Concerns/CreatesApplication.php:556
/var/www/html/vendor/orchestra/testbench-core/src/Concerns/CreatesApplication.php:311
/var/www/html/vendor/orchestra/testbench-core/src/TestCase.php:121
/var/www/html/vendor/orchestra/testbench-core/src/Concerns/ApplicationTestingHooks.php:74
/var/www/html/vendor/orchestra/testbench-core/src/Concerns/Testing.php:43
/var/www/html/vendor/laravel/framework/src/Illuminate/Collections/helpers.php:236
/var/www/html/vendor/orchestra/sidekick/src/functions.php:87
/var/www/html/vendor/laravel/framework/src/Illuminate/Collections/helpers.php:236
/var/www/html/vendor/orchestra/testbench-core/src/Concerns/Testing.php:57
/var/www/html/vendor/orchestra/testbench-core/src/TestCase.php:50
/var/www/html/tests/TestCase.php:61
/var/www/html/tests/Unit/Server/Handlers/ToolHandlerTest.php:38</error>
        </testcase>
        <testcase name="handle_tools_call_executes_tool_with_invoke_method" file="/var/www/html/tests/Unit/Server/Handlers/ToolHandlerTest.php" line="306" class="JTD\LaravelMCP\Tests\Unit\Server\Handlers\ToolHandlerTest" classname="JTD.LaravelMCP.Tests.Unit.Server.Handlers.ToolHandlerTest" assertions="0" time="0.000000">
          <error type="Exception">JTD\LaravelMCP\Tests\Unit\Server\Handlers\ToolHandlerTest::handle_tools_call_executes_tool_with_invoke_method
Exception: The /var/www/html/vendor/orchestra/testbench-core/laravel/bootstrap/cache directory must be present and writable.

/var/www/html/vendor/laravel/framework/src/Illuminate/Foundation/PackageManifest.php:179
/var/www/html/vendor/orchestra/testbench-core/src/Foundation/PackageManifest.php:157
/var/www/html/vendor/laravel/framework/src/Illuminate/Foundation/PackageManifest.php:132
/var/www/html/vendor/laravel/framework/src/Illuminate/Foundation/PackageManifest.php:108
/var/www/html/vendor/orchestra/testbench-core/src/Foundation/PackageManifest.php:102
/var/www/html/vendor/laravel/framework/src/Illuminate/Foundation/PackageManifest.php:91
/var/www/html/vendor/laravel/framework/src/Illuminate/Foundation/PackageManifest.php:80
/var/www/html/vendor/laravel/framework/src/Illuminate/Foundation/Bootstrap/RegisterFacades.php:26
/var/www/html/vendor/orchestra/testbench-core/src/Concerns/CreatesApplication.php:556
/var/www/html/vendor/orchestra/testbench-core/src/Concerns/CreatesApplication.php:311
/var/www/html/vendor/orchestra/testbench-core/src/TestCase.php:121
/var/www/html/vendor/orchestra/testbench-core/src/Concerns/ApplicationTestingHooks.php:74
/var/www/html/vendor/orchestra/testbench-core/src/Concerns/Testing.php:43
/var/www/html/vendor/laravel/framework/src/Illuminate/Collections/helpers.php:236
/var/www/html/vendor/orchestra/sidekick/src/functions.php:87
/var/www/html/vendor/laravel/framework/src/Illuminate/Collections/helpers.php:236
/var/www/html/vendor/orchestra/testbench-core/src/Concerns/Testing.php:57
/var/www/html/vendor/orchestra/testbench-core/src/TestCase.php:50
/var/www/html/tests/TestCase.php:61
/var/www/html/tests/Unit/Server/Handlers/ToolHandlerTest.php:38</error>
        </testcase>
        <testcase name="handle_tools_call_executes_callable_tool" file="/var/www/html/tests/Unit/Server/Handlers/ToolHandlerTest.php" line="344" class="JTD\LaravelMCP\Tests\Unit\Server\Handlers\ToolHandlerTest" classname="JTD.LaravelMCP.Tests.Unit.Server.Handlers.ToolHandlerTest" assertions="0" time="0.000000">
          <error type="Exception">JTD\LaravelMCP\Tests\Unit\Server\Handlers\ToolHandlerTest::handle_tools_call_executes_callable_tool
Exception: The /var/www/html/vendor/orchestra/testbench-core/laravel/bootstrap/cache directory must be present and writable.

/var/www/html/vendor/laravel/framework/src/Illuminate/Foundation/PackageManifest.php:179
/var/www/html/vendor/orchestra/testbench-core/src/Foundation/PackageManifest.php:157
/var/www/html/vendor/laravel/framework/src/Illuminate/Foundation/PackageManifest.php:132
/var/www/html/vendor/laravel/framework/src/Illuminate/Foundation/PackageManifest.php:108
/var/www/html/vendor/orchestra/testbench-core/src/Foundation/PackageManifest.php:102
/var/www/html/vendor/laravel/framework/src/Illuminate/Foundation/PackageManifest.php:91
/var/www/html/vendor/laravel/framework/src/Illuminate/Foundation/PackageManifest.php:80
/var/www/html/vendor/laravel/framework/src/Illuminate/Foundation/Bootstrap/RegisterFacades.php:26
/var/www/html/vendor/orchestra/testbench-core/src/Concerns/CreatesApplication.php:556
/var/www/html/vendor/orchestra/testbench-core/src/Concerns/CreatesApplication.php:311
/var/www/html/vendor/orchestra/testbench-core/src/TestCase.php:121
/var/www/html/vendor/orchestra/testbench-core/src/Concerns/ApplicationTestingHooks.php:74
/var/www/html/vendor/orchestra/testbench-core/src/Concerns/Testing.php:43
/var/www/html/vendor/laravel/framework/src/Illuminate/Collections/helpers.php:236
/var/www/html/vendor/orchestra/sidekick/src/functions.php:87
/var/www/html/vendor/laravel/framework/src/Illuminate/Collections/helpers.php:236
/var/www/html/vendor/orchestra/testbench-core/src/Concerns/Testing.php:57
/var/www/html/vendor/orchestra/testbench-core/src/TestCase.php:50
/var/www/html/tests/TestCase.php:61
/var/www/html/tests/Unit/Server/Handlers/ToolHandlerTest.php:38</error>
        </testcase>
        <testcase name="handle_tools_call_throws_error_for_non_executable_tool" file="/var/www/html/tests/Unit/Server/Handlers/ToolHandlerTest.php" line="372" class="JTD\LaravelMCP\Tests\Unit\Server\Handlers\ToolHandlerTest" classname="JTD.LaravelMCP.Tests.Unit.Server.Handlers.ToolHandlerTest" assertions="0" time="0.000000">
          <error type="Exception">JTD\LaravelMCP\Tests\Unit\Server\Handlers\ToolHandlerTest::handle_tools_call_throws_error_for_non_executable_tool
Exception: The /var/www/html/vendor/orchestra/testbench-core/laravel/bootstrap/cache directory must be present and writable.

/var/www/html/vendor/laravel/framework/src/Illuminate/Foundation/PackageManifest.php:179
/var/www/html/vendor/orchestra/testbench-core/src/Foundation/PackageManifest.php:157
/var/www/html/vendor/laravel/framework/src/Illuminate/Foundation/PackageManifest.php:132
/var/www/html/vendor/laravel/framework/src/Illuminate/Foundation/PackageManifest.php:108
/var/www/html/vendor/orchestra/testbench-core/src/Foundation/PackageManifest.php:102
/var/www/html/vendor/laravel/framework/src/Illuminate/Foundation/PackageManifest.php:91
/var/www/html/vendor/laravel/framework/src/Illuminate/Foundation/PackageManifest.php:80
/var/www/html/vendor/laravel/framework/src/Illuminate/Foundation/Bootstrap/RegisterFacades.php:26
/var/www/html/vendor/orchestra/testbench-core/src/Concerns/CreatesApplication.php:556
/var/www/html/vendor/orchestra/testbench-core/src/Concerns/CreatesApplication.php:311
/var/www/html/vendor/orchestra/testbench-core/src/TestCase.php:121
/var/www/html/vendor/orchestra/testbench-core/src/Concerns/ApplicationTestingHooks.php:74
/var/www/html/vendor/orchestra/testbench-core/src/Concerns/Testing.php:43
/var/www/html/vendor/laravel/framework/src/Illuminate/Collections/helpers.php:236
/var/www/html/vendor/orchestra/sidekick/src/functions.php:87
/var/www/html/vendor/laravel/framework/src/Illuminate/Collections/helpers.php:236
/var/www/html/vendor/orchestra/testbench-core/src/Concerns/Testing.php:57
/var/www/html/vendor/orchestra/testbench-core/src/TestCase.php:50
/var/www/html/tests/TestCase.php:61
/var/www/html/tests/Unit/Server/Handlers/ToolHandlerTest.php:38</error>
        </testcase>
        <testcase name="handle_tools_call_validates_arguments_if_tool_supports_it" file="/var/www/html/tests/Unit/Server/Handlers/ToolHandlerTest.php" line="398" class="JTD\LaravelMCP\Tests\Unit\Server\Handlers\ToolHandlerTest" classname="JTD.LaravelMCP.Tests.Unit.Server.Handlers.ToolHandlerTest" assertions="0" time="0.000000">
          <error type="Exception">JTD\LaravelMCP\Tests\Unit\Server\Handlers\ToolHandlerTest::handle_tools_call_validates_arguments_if_tool_supports_it
Exception: The /var/www/html/vendor/orchestra/testbench-core/laravel/bootstrap/cache directory must be present and writable.

/var/www/html/vendor/laravel/framework/src/Illuminate/Foundation/PackageManifest.php:179
/var/www/html/vendor/orchestra/testbench-core/src/Foundation/PackageManifest.php:157
/var/www/html/vendor/laravel/framework/src/Illuminate/Foundation/PackageManifest.php:132
/var/www/html/vendor/laravel/framework/src/Illuminate/Foundation/PackageManifest.php:108
/var/www/html/vendor/orchestra/testbench-core/src/Foundation/PackageManifest.php:102
/var/www/html/vendor/laravel/framework/src/Illuminate/Foundation/PackageManifest.php:91
/var/www/html/vendor/laravel/framework/src/Illuminate/Foundation/PackageManifest.php:80
/var/www/html/vendor/laravel/framework/src/Illuminate/Foundation/Bootstrap/RegisterFacades.php:26
/var/www/html/vendor/orchestra/testbench-core/src/Concerns/CreatesApplication.php:556
/var/www/html/vendor/orchestra/testbench-core/src/Concerns/CreatesApplication.php:311
/var/www/html/vendor/orchestra/testbench-core/src/TestCase.php:121
/var/www/html/vendor/orchestra/testbench-core/src/Concerns/ApplicationTestingHooks.php:74
/var/www/html/vendor/orchestra/testbench-core/src/Concerns/Testing.php:43
/var/www/html/vendor/laravel/framework/src/Illuminate/Collections/helpers.php:236
/var/www/html/vendor/orchestra/sidekick/src/functions.php:87
/var/www/html/vendor/laravel/framework/src/Illuminate/Collections/helpers.php:236
/var/www/html/vendor/orchestra/testbench-core/src/Concerns/Testing.php:57
/var/www/html/vendor/orchestra/testbench-core/src/TestCase.php:50
/var/www/html/tests/TestCase.php:61
/var/www/html/tests/Unit/Server/Handlers/ToolHandlerTest.php:38</error>
        </testcase>
        <testcase name="handle_tools_call_skips_validation_if_tool_does_not_support_it" file="/var/www/html/tests/Unit/Server/Handlers/ToolHandlerTest.php" line="429" class="JTD\LaravelMCP\Tests\Unit\Server\Handlers\ToolHandlerTest" classname="JTD.LaravelMCP.Tests.Unit.Server.Handlers.ToolHandlerTest" assertions="0" time="0.000000">
          <error type="Exception">JTD\LaravelMCP\Tests\Unit\Server\Handlers\ToolHandlerTest::handle_tools_call_skips_validation_if_tool_does_not_support_it
Exception: The /var/www/html/vendor/orchestra/testbench-core/laravel/bootstrap/cache directory must be present and writable.

/var/www/html/vendor/laravel/framework/src/Illuminate/Foundation/PackageManifest.php:179
/var/www/html/vendor/orchestra/testbench-core/src/Foundation/PackageManifest.php:157
/var/www/html/vendor/laravel/framework/src/Illuminate/Foundation/PackageManifest.php:132
/var/www/html/vendor/laravel/framework/src/Illuminate/Foundation/PackageManifest.php:108
/var/www/html/vendor/orchestra/testbench-core/src/Foundation/PackageManifest.php:102
/var/www/html/vendor/laravel/framework/src/Illuminate/Foundation/PackageManifest.php:91
/var/www/html/vendor/laravel/framework/src/Illuminate/Foundation/PackageManifest.php:80
/var/www/html/vendor/laravel/framework/src/Illuminate/Foundation/Bootstrap/RegisterFacades.php:26
/var/www/html/vendor/orchestra/testbench-core/src/Concerns/CreatesApplication.php:556
/var/www/html/vendor/orchestra/testbench-core/src/Concerns/CreatesApplication.php:311
/var/www/html/vendor/orchestra/testbench-core/src/TestCase.php:121
/var/www/html/vendor/orchestra/testbench-core/src/Concerns/ApplicationTestingHooks.php:74
/var/www/html/vendor/orchestra/testbench-core/src/Concerns/Testing.php:43
/var/www/html/vendor/laravel/framework/src/Illuminate/Collections/helpers.php:236
/var/www/html/vendor/orchestra/sidekick/src/functions.php:87
/var/www/html/vendor/laravel/framework/src/Illuminate/Collections/helpers.php:236
/var/www/html/vendor/orchestra/testbench-core/src/Concerns/Testing.php:57
/var/www/html/vendor/orchestra/testbench-core/src/TestCase.php:50
/var/www/html/tests/TestCase.php:61
/var/www/html/tests/Unit/Server/Handlers/ToolHandlerTest.php:38</error>
        </testcase>
        <testcase name="handle_tools_call_returns_error_response_for_execution_failures" file="/var/www/html/tests/Unit/Server/Handlers/ToolHandlerTest.php" line="458" class="JTD\LaravelMCP\Tests\Unit\Server\Handlers\ToolHandlerTest" classname="JTD.LaravelMCP.Tests.Unit.Server.Handlers.ToolHandlerTest" assertions="0" time="0.000000">
          <error type="Exception">JTD\LaravelMCP\Tests\Unit\Server\Handlers\ToolHandlerTest::handle_tools_call_returns_error_response_for_execution_failures
Exception: The /var/www/html/vendor/orchestra/testbench-core/laravel/bootstrap/cache directory must be present and writable.

/var/www/html/vendor/laravel/framework/src/Illuminate/Foundation/PackageManifest.php:179
/var/www/html/vendor/orchestra/testbench-core/src/Foundation/PackageManifest.php:157
/var/www/html/vendor/laravel/framework/src/Illuminate/Foundation/PackageManifest.php:132
/var/www/html/vendor/laravel/framework/src/Illuminate/Foundation/PackageManifest.php:108
/var/www/html/vendor/orchestra/testbench-core/src/Foundation/PackageManifest.php:102
/var/www/html/vendor/laravel/framework/src/Illuminate/Foundation/PackageManifest.php:91
/var/www/html/vendor/laravel/framework/src/Illuminate/Foundation/PackageManifest.php:80
/var/www/html/vendor/laravel/framework/src/Illuminate/Foundation/Bootstrap/RegisterFacades.php:26
/var/www/html/vendor/orchestra/testbench-core/src/Concerns/CreatesApplication.php:556
/var/www/html/vendor/orchestra/testbench-core/src/Concerns/CreatesApplication.php:311
/var/www/html/vendor/orchestra/testbench-core/src/TestCase.php:121
/var/www/html/vendor/orchestra/testbench-core/src/Concerns/ApplicationTestingHooks.php:74
/var/www/html/vendor/orchestra/testbench-core/src/Concerns/Testing.php:43
/var/www/html/vendor/laravel/framework/src/Illuminate/Collections/helpers.php:236
/var/www/html/vendor/orchestra/sidekick/src/functions.php:87
/var/www/html/vendor/laravel/framework/src/Illuminate/Collections/helpers.php:236
/var/www/html/vendor/orchestra/testbench-core/src/Concerns/Testing.php:57
/var/www/html/vendor/orchestra/testbench-core/src/TestCase.php:50
/var/www/html/tests/TestCase.php:61
/var/www/html/tests/Unit/Server/Handlers/ToolHandlerTest.php:38</error>
        </testcase>
        <testcase name="handle_tools_call_uses_default_empty_arguments_when_not_provided" file="/var/www/html/tests/Unit/Server/Handlers/ToolHandlerTest.php" line="486" class="JTD\LaravelMCP\Tests\Unit\Server\Handlers\ToolHandlerTest" classname="JTD.LaravelMCP.Tests.Unit.Server.Handlers.ToolHandlerTest" assertions="0" time="0.000000">
          <error type="Exception">JTD\LaravelMCP\Tests\Unit\Server\Handlers\ToolHandlerTest::handle_tools_call_uses_default_empty_arguments_when_not_provided
Exception: The /var/www/html/vendor/orchestra/testbench-core/laravel/bootstrap/cache directory must be present and writable.

/var/www/html/vendor/laravel/framework/src/Illuminate/Foundation/PackageManifest.php:179
/var/www/html/vendor/orchestra/testbench-core/src/Foundation/PackageManifest.php:157
/var/www/html/vendor/laravel/framework/src/Illuminate/Foundation/PackageManifest.php:132
/var/www/html/vendor/laravel/framework/src/Illuminate/Foundation/PackageManifest.php:108
/var/www/html/vendor/orchestra/testbench-core/src/Foundation/PackageManifest.php:102
/var/www/html/vendor/laravel/framework/src/Illuminate/Foundation/PackageManifest.php:91
/var/www/html/vendor/laravel/framework/src/Illuminate/Foundation/PackageManifest.php:80
/var/www/html/vendor/laravel/framework/src/Illuminate/Foundation/Bootstrap/RegisterFacades.php:26
/var/www/html/vendor/orchestra/testbench-core/src/Concerns/CreatesApplication.php:556
/var/www/html/vendor/orchestra/testbench-core/src/Concerns/CreatesApplication.php:311
/var/www/html/vendor/orchestra/testbench-core/src/TestCase.php:121
/var/www/html/vendor/orchestra/testbench-core/src/Concerns/ApplicationTestingHooks.php:74
/var/www/html/vendor/orchestra/testbench-core/src/Concerns/Testing.php:43
/var/www/html/vendor/laravel/framework/src/Illuminate/Collections/helpers.php:236
/var/www/html/vendor/orchestra/sidekick/src/functions.php:87
/var/www/html/vendor/laravel/framework/src/Illuminate/Collections/helpers.php:236
/var/www/html/vendor/orchestra/testbench-core/src/Concerns/Testing.php:57
/var/www/html/vendor/orchestra/testbench-core/src/TestCase.php:50
/var/www/html/tests/TestCase.php:61
/var/www/html/tests/Unit/Server/Handlers/ToolHandlerTest.php:38</error>
        </testcase>
        <testsuite name="JTD\LaravelMCP\Tests\Unit\Server\Handlers\ToolHandlerTest::get_tool_description_handles_different_description_methods" tests="4" assertions="0" errors="4" failures="0" skipped="0" time="0.000000">
          <testcase name="get_tool_description_handles_different_description_methods with data set &quot;getDescription method&quot;" file="/var/www/html/tests/Unit/Server/Handlers/ToolHandlerTest.php" line="516" class="JTD\LaravelMCP\Tests\Unit\Server\Handlers\ToolHandlerTest" classname="JTD.LaravelMCP.Tests.Unit.Server.Handlers.ToolHandlerTest" assertions="0" time="0.000000">
            <error type="Exception">JTD\LaravelMCP\Tests\Unit\Server\Handlers\ToolHandlerTest::get_tool_description_handles_different_description_methods with data set "getDescription method"
Exception: The /var/www/html/vendor/orchestra/testbench-core/laravel/bootstrap/cache directory must be present and writable.

/var/www/html/vendor/laravel/framework/src/Illuminate/Foundation/PackageManifest.php:179
/var/www/html/vendor/orchestra/testbench-core/src/Foundation/PackageManifest.php:157
/var/www/html/vendor/laravel/framework/src/Illuminate/Foundation/PackageManifest.php:132
/var/www/html/vendor/laravel/framework/src/Illuminate/Foundation/PackageManifest.php:108
/var/www/html/vendor/orchestra/testbench-core/src/Foundation/PackageManifest.php:102
/var/www/html/vendor/laravel/framework/src/Illuminate/Foundation/PackageManifest.php:91
/var/www/html/vendor/laravel/framework/src/Illuminate/Foundation/PackageManifest.php:80
/var/www/html/vendor/laravel/framework/src/Illuminate/Foundation/Bootstrap/RegisterFacades.php:26
/var/www/html/vendor/orchestra/testbench-core/src/Concerns/CreatesApplication.php:556
/var/www/html/vendor/orchestra/testbench-core/src/Concerns/CreatesApplication.php:311
/var/www/html/vendor/orchestra/testbench-core/src/TestCase.php:121
/var/www/html/vendor/orchestra/testbench-core/src/Concerns/ApplicationTestingHooks.php:74
/var/www/html/vendor/orchestra/testbench-core/src/Concerns/Testing.php:43
/var/www/html/vendor/laravel/framework/src/Illuminate/Collections/helpers.php:236
/var/www/html/vendor/orchestra/sidekick/src/functions.php:87
/var/www/html/vendor/laravel/framework/src/Illuminate/Collections/helpers.php:236
/var/www/html/vendor/orchestra/testbench-core/src/Concerns/Testing.php:57
/var/www/html/vendor/orchestra/testbench-core/src/TestCase.php:50
/var/www/html/tests/TestCase.php:61
/var/www/html/tests/Unit/Server/Handlers/ToolHandlerTest.php:38</error>
          </testcase>
          <testcase name="get_tool_description_handles_different_description_methods with data set &quot;description method&quot;" file="/var/www/html/tests/Unit/Server/Handlers/ToolHandlerTest.php" line="516" class="JTD\LaravelMCP\Tests\Unit\Server\Handlers\ToolHandlerTest" classname="JTD.LaravelMCP.Tests.Unit.Server.Handlers.ToolHandlerTest" assertions="0" time="0.000000">
            <error type="Exception">JTD\LaravelMCP\Tests\Unit\Server\Handlers\ToolHandlerTest::get_tool_description_handles_different_description_methods with data set "description method"
Exception: The /var/www/html/vendor/orchestra/testbench-core/laravel/bootstrap/cache directory must be present and writable.

/var/www/html/vendor/laravel/framework/src/Illuminate/Foundation/PackageManifest.php:179
/var/www/html/vendor/orchestra/testbench-core/src/Foundation/PackageManifest.php:157
/var/www/html/vendor/laravel/framework/src/Illuminate/Foundation/PackageManifest.php:132
/var/www/html/vendor/laravel/framework/src/Illuminate/Foundation/PackageManifest.php:108
/var/www/html/vendor/orchestra/testbench-core/src/Foundation/PackageManifest.php:102
/var/www/html/vendor/laravel/framework/src/Illuminate/Foundation/PackageManifest.php:91
/var/www/html/vendor/laravel/framework/src/Illuminate/Foundation/PackageManifest.php:80
/var/www/html/vendor/laravel/framework/src/Illuminate/Foundation/Bootstrap/RegisterFacades.php:26
/var/www/html/vendor/orchestra/testbench-core/src/Concerns/CreatesApplication.php:556
/var/www/html/vendor/orchestra/testbench-core/src/Concerns/CreatesApplication.php:311
/var/www/html/vendor/orchestra/testbench-core/src/TestCase.php:121
/var/www/html/vendor/orchestra/testbench-core/src/Concerns/ApplicationTestingHooks.php:74
/var/www/html/vendor/orchestra/testbench-core/src/Concerns/Testing.php:43
/var/www/html/vendor/laravel/framework/src/Illuminate/Collections/helpers.php:236
/var/www/html/vendor/orchestra/sidekick/src/functions.php:87
/var/www/html/vendor/laravel/framework/src/Illuminate/Collections/helpers.php:236
/var/www/html/vendor/orchestra/testbench-core/src/Concerns/Testing.php:57
/var/www/html/vendor/orchestra/testbench-core/src/TestCase.php:50
/var/www/html/tests/TestCase.php:61
/var/www/html/tests/Unit/Server/Handlers/ToolHandlerTest.php:38</error>
          </testcase>
          <testcase name="get_tool_description_handles_different_description_methods with data set &quot;description property&quot;" file="/var/www/html/tests/Unit/Server/Handlers/ToolHandlerTest.php" line="516" class="JTD\LaravelMCP\Tests\Unit\Server\Handlers\ToolHandlerTest" classname="JTD.LaravelMCP.Tests.Unit.Server.Handlers.ToolHandlerTest" assertions="0" time="0.000000">
            <error type="Exception">JTD\LaravelMCP\Tests\Unit\Server\Handlers\ToolHandlerTest::get_tool_description_handles_different_description_methods with data set "description property"
Exception: The /var/www/html/vendor/orchestra/testbench-core/laravel/bootstrap/cache directory must be present and writable.

/var/www/html/vendor/laravel/framework/src/Illuminate/Foundation/PackageManifest.php:179
/var/www/html/vendor/orchestra/testbench-core/src/Foundation/PackageManifest.php:157
/var/www/html/vendor/laravel/framework/src/Illuminate/Foundation/PackageManifest.php:132
/var/www/html/vendor/laravel/framework/src/Illuminate/Foundation/PackageManifest.php:108
/var/www/html/vendor/orchestra/testbench-core/src/Foundation/PackageManifest.php:102
/var/www/html/vendor/laravel/framework/src/Illuminate/Foundation/PackageManifest.php:91
/var/www/html/vendor/laravel/framework/src/Illuminate/Foundation/PackageManifest.php:80
/var/www/html/vendor/laravel/framework/src/Illuminate/Foundation/Bootstrap/RegisterFacades.php:26
/var/www/html/vendor/orchestra/testbench-core/src/Concerns/CreatesApplication.php:556
/var/www/html/vendor/orchestra/testbench-core/src/Concerns/CreatesApplication.php:311
/var/www/html/vendor/orchestra/testbench-core/src/TestCase.php:121
/var/www/html/vendor/orchestra/testbench-core/src/Concerns/ApplicationTestingHooks.php:74
/var/www/html/vendor/orchestra/testbench-core/src/Concerns/Testing.php:43
/var/www/html/vendor/laravel/framework/src/Illuminate/Collections/helpers.php:236
/var/www/html/vendor/orchestra/sidekick/src/functions.php:87
/var/www/html/vendor/laravel/framework/src/Illuminate/Collections/helpers.php:236
/var/www/html/vendor/orchestra/testbench-core/src/Concerns/Testing.php:57
/var/www/html/vendor/orchestra/testbench-core/src/TestCase.php:50
/var/www/html/tests/TestCase.php:61
/var/www/html/tests/Unit/Server/Handlers/ToolHandlerTest.php:38</error>
          </testcase>
          <testcase name="get_tool_description_handles_different_description_methods with data set &quot;no description&quot;" file="/var/www/html/tests/Unit/Server/Handlers/ToolHandlerTest.php" line="516" class="JTD\LaravelMCP\Tests\Unit\Server\Handlers\ToolHandlerTest" classname="JTD.LaravelMCP.Tests.Unit.Server.Handlers.ToolHandlerTest" assertions="0" time="0.000000">
            <error type="Exception">JTD\LaravelMCP\Tests\Unit\Server\Handlers\ToolHandlerTest::get_tool_description_handles_different_description_methods with data set "no description"
Exception: The /var/www/html/vendor/orchestra/testbench-core/laravel/bootstrap/cache directory must be present and writable.

/var/www/html/vendor/laravel/framework/src/Illuminate/Foundation/PackageManifest.php:179
/var/www/html/vendor/orchestra/testbench-core/src/Foundation/PackageManifest.php:157
/var/www/html/vendor/laravel/framework/src/Illuminate/Foundation/PackageManifest.php:132
/var/www/html/vendor/laravel/framework/src/Illuminate/Foundation/PackageManifest.php:108
/var/www/html/vendor/orchestra/testbench-core/src/Foundation/PackageManifest.php:102
/var/www/html/vendor/laravel/framework/src/Illuminate/Foundation/PackageManifest.php:91
/var/www/html/vendor/laravel/framework/src/Illuminate/Foundation/PackageManifest.php:80
/var/www/html/vendor/laravel/framework/src/Illuminate/Foundation/Bootstrap/RegisterFacades.php:26
/var/www/html/vendor/orchestra/testbench-core/src/Concerns/CreatesApplication.php:556
/var/www/html/vendor/orchestra/testbench-core/src/Concerns/CreatesApplication.php:311
/var/www/html/vendor/orchestra/testbench-core/src/TestCase.php:121
/var/www/html/vendor/orchestra/testbench-core/src/Concerns/ApplicationTestingHooks.php:74
/var/www/html/vendor/orchestra/testbench-core/src/Concerns/Testing.php:43
/var/www/html/vendor/laravel/framework/src/Illuminate/Collections/helpers.php:236
/var/www/html/vendor/orchestra/sidekick/src/functions.php:87
/var/www/html/vendor/laravel/framework/src/Illuminate/Collections/helpers.php:236
/var/www/html/vendor/orchestra/testbench-core/src/Concerns/Testing.php:57
/var/www/html/vendor/orchestra/testbench-core/src/TestCase.php:50
/var/www/html/tests/TestCase.php:61
/var/www/html/tests/Unit/Server/Handlers/ToolHandlerTest.php:38</error>
          </testcase>
        </testsuite>
        <testsuite name="JTD\LaravelMCP\Tests\Unit\Server\Handlers\ToolHandlerTest::get_tool_input_schema_handles_different_schema_methods" tests="4" assertions="0" errors="4" failures="0" skipped="0" time="0.000000">
          <testcase name="get_tool_input_schema_handles_different_schema_methods with data set &quot;getInputSchema method&quot;" file="/var/www/html/tests/Unit/Server/Handlers/ToolHandlerTest.php" line="562" class="JTD\LaravelMCP\Tests\Unit\Server\Handlers\ToolHandlerTest" classname="JTD.LaravelMCP.Tests.Unit.Server.Handlers.ToolHandlerTest" assertions="0" time="0.000000">
            <error type="Exception">JTD\LaravelMCP\Tests\Unit\Server\Handlers\ToolHandlerTest::get_tool_input_schema_handles_different_schema_methods with data set "getInputSchema method"
Exception: The /var/www/html/vendor/orchestra/testbench-core/laravel/bootstrap/cache directory must be present and writable.

/var/www/html/vendor/laravel/framework/src/Illuminate/Foundation/PackageManifest.php:179
/var/www/html/vendor/orchestra/testbench-core/src/Foundation/PackageManifest.php:157
/var/www/html/vendor/laravel/framework/src/Illuminate/Foundation/PackageManifest.php:132
/var/www/html/vendor/laravel/framework/src/Illuminate/Foundation/PackageManifest.php:108
/var/www/html/vendor/orchestra/testbench-core/src/Foundation/PackageManifest.php:102
/var/www/html/vendor/laravel/framework/src/Illuminate/Foundation/PackageManifest.php:91
/var/www/html/vendor/laravel/framework/src/Illuminate/Foundation/PackageManifest.php:80
/var/www/html/vendor/laravel/framework/src/Illuminate/Foundation/Bootstrap/RegisterFacades.php:26
/var/www/html/vendor/orchestra/testbench-core/src/Concerns/CreatesApplication.php:556
/var/www/html/vendor/orchestra/testbench-core/src/Concerns/CreatesApplication.php:311
/var/www/html/vendor/orchestra/testbench-core/src/TestCase.php:121
/var/www/html/vendor/orchestra/testbench-core/src/Concerns/ApplicationTestingHooks.php:74
/var/www/html/vendor/orchestra/testbench-core/src/Concerns/Testing.php:43
/var/www/html/vendor/laravel/framework/src/Illuminate/Collections/helpers.php:236
/var/www/html/vendor/orchestra/sidekick/src/functions.php:87
/var/www/html/vendor/laravel/framework/src/Illuminate/Collections/helpers.php:236
/var/www/html/vendor/orchestra/testbench-core/src/Concerns/Testing.php:57
/var/www/html/vendor/orchestra/testbench-core/src/TestCase.php:50
/var/www/html/tests/TestCase.php:61
/var/www/html/tests/Unit/Server/Handlers/ToolHandlerTest.php:38</error>
          </testcase>
          <testcase name="get_tool_input_schema_handles_different_schema_methods with data set &quot;inputSchema method&quot;" file="/var/www/html/tests/Unit/Server/Handlers/ToolHandlerTest.php" line="562" class="JTD\LaravelMCP\Tests\Unit\Server\Handlers\ToolHandlerTest" classname="JTD.LaravelMCP.Tests.Unit.Server.Handlers.ToolHandlerTest" assertions="0" time="0.000000">
            <error type="Exception">JTD\LaravelMCP\Tests\Unit\Server\Handlers\ToolHandlerTest::get_tool_input_schema_handles_different_schema_methods with data set "inputSchema method"
Exception: The /var/www/html/vendor/orchestra/testbench-core/laravel/bootstrap/cache directory must be present and writable.

/var/www/html/vendor/laravel/framework/src/Illuminate/Foundation/PackageManifest.php:179
/var/www/html/vendor/orchestra/testbench-core/src/Foundation/PackageManifest.php:157
/var/www/html/vendor/laravel/framework/src/Illuminate/Foundation/PackageManifest.php:132
/var/www/html/vendor/laravel/framework/src/Illuminate/Foundation/PackageManifest.php:108
/var/www/html/vendor/orchestra/testbench-core/src/Foundation/PackageManifest.php:102
/var/www/html/vendor/laravel/framework/src/Illuminate/Foundation/PackageManifest.php:91
/var/www/html/vendor/laravel/framework/src/Illuminate/Foundation/PackageManifest.php:80
/var/www/html/vendor/laravel/framework/src/Illuminate/Foundation/Bootstrap/RegisterFacades.php:26
/var/www/html/vendor/orchestra/testbench-core/src/Concerns/CreatesApplication.php:556
/var/www/html/vendor/orchestra/testbench-core/src/Concerns/CreatesApplication.php:311
/var/www/html/vendor/orchestra/testbench-core/src/TestCase.php:121
/var/www/html/vendor/orchestra/testbench-core/src/Concerns/ApplicationTestingHooks.php:74
/var/www/html/vendor/orchestra/testbench-core/src/Concerns/Testing.php:43
/var/www/html/vendor/laravel/framework/src/Illuminate/Collections/helpers.php:236
/var/www/html/vendor/orchestra/sidekick/src/functions.php:87
/var/www/html/vendor/laravel/framework/src/Illuminate/Collections/helpers.php:236
/var/www/html/vendor/orchestra/testbench-core/src/Concerns/Testing.php:57
/var/www/html/vendor/orchestra/testbench-core/src/TestCase.php:50
/var/www/html/tests/TestCase.php:61
/var/www/html/tests/Unit/Server/Handlers/ToolHandlerTest.php:38</error>
          </testcase>
          <testcase name="get_tool_input_schema_handles_different_schema_methods with data set &quot;inputSchema property&quot;" file="/var/www/html/tests/Unit/Server/Handlers/ToolHandlerTest.php" line="562" class="JTD\LaravelMCP\Tests\Unit\Server\Handlers\ToolHandlerTest" classname="JTD.LaravelMCP.Tests.Unit.Server.Handlers.ToolHandlerTest" assertions="0" time="0.000000">
            <error type="Exception">JTD\LaravelMCP\Tests\Unit\Server\Handlers\ToolHandlerTest::get_tool_input_schema_handles_different_schema_methods with data set "inputSchema property"
Exception: The /var/www/html/vendor/orchestra/testbench-core/laravel/bootstrap/cache directory must be present and writable.

/var/www/html/vendor/laravel/framework/src/Illuminate/Foundation/PackageManifest.php:179
/var/www/html/vendor/orchestra/testbench-core/src/Foundation/PackageManifest.php:157
/var/www/html/vendor/laravel/framework/src/Illuminate/Foundation/PackageManifest.php:132
/var/www/html/vendor/laravel/framework/src/Illuminate/Foundation/PackageManifest.php:108
/var/www/html/vendor/orchestra/testbench-core/src/Foundation/PackageManifest.php:102
/var/www/html/vendor/laravel/framework/src/Illuminate/Foundation/PackageManifest.php:91
/var/www/html/vendor/laravel/framework/src/Illuminate/Foundation/PackageManifest.php:80
/var/www/html/vendor/laravel/framework/src/Illuminate/Foundation/Bootstrap/RegisterFacades.php:26
/var/www/html/vendor/orchestra/testbench-core/src/Concerns/CreatesApplication.php:556
/var/www/html/vendor/orchestra/testbench-core/src/Concerns/CreatesApplication.php:311
/var/www/html/vendor/orchestra/testbench-core/src/TestCase.php:121
/var/www/html/vendor/orchestra/testbench-core/src/Concerns/ApplicationTestingHooks.php:74
/var/www/html/vendor/orchestra/testbench-core/src/Concerns/Testing.php:43
/var/www/html/vendor/laravel/framework/src/Illuminate/Collections/helpers.php:236
/var/www/html/vendor/orchestra/sidekick/src/functions.php:87
/var/www/html/vendor/laravel/framework/src/Illuminate/Collections/helpers.php:236
/var/www/html/vendor/orchestra/testbench-core/src/Concerns/Testing.php:57
/var/www/html/vendor/orchestra/testbench-core/src/TestCase.php:50
/var/www/html/tests/TestCase.php:61
/var/www/html/tests/Unit/Server/Handlers/ToolHandlerTest.php:38</error>
          </testcase>
          <testcase name="get_tool_input_schema_handles_different_schema_methods with data set &quot;no input schema&quot;" file="/var/www/html/tests/Unit/Server/Handlers/ToolHandlerTest.php" line="562" class="JTD\LaravelMCP\Tests\Unit\Server\Handlers\ToolHandlerTest" classname="JTD.LaravelMCP.Tests.Unit.Server.Handlers.ToolHandlerTest" assertions="0" time="0.000000">
            <error type="Exception">JTD\LaravelMCP\Tests\Unit\Server\Handlers\ToolHandlerTest::get_tool_input_schema_handles_different_schema_methods with data set "no input schema"
Exception: The /var/www/html/vendor/orchestra/testbench-core/laravel/bootstrap/cache directory must be present and writable.

/var/www/html/vendor/laravel/framework/src/Illuminate/Foundation/PackageManifest.php:179
/var/www/html/vendor/orchestra/testbench-core/src/Foundation/PackageManifest.php:157
/var/www/html/vendor/laravel/framework/src/Illuminate/Foundation/PackageManifest.php:132
/var/www/html/vendor/laravel/framework/src/Illuminate/Foundation/PackageManifest.php:108
/var/www/html/vendor/orchestra/testbench-core/src/Foundation/PackageManifest.php:102
/var/www/html/vendor/laravel/framework/src/Illuminate/Foundation/PackageManifest.php:91
/var/www/html/vendor/laravel/framework/src/Illuminate/Foundation/PackageManifest.php:80
/var/www/html/vendor/laravel/framework/src/Illuminate/Foundation/Bootstrap/RegisterFacades.php:26
/var/www/html/vendor/orchestra/testbench-core/src/Concerns/CreatesApplication.php:556
/var/www/html/vendor/orchestra/testbench-core/src/Concerns/CreatesApplication.php:311
/var/www/html/vendor/orchestra/testbench-core/src/TestCase.php:121
/var/www/html/vendor/orchestra/testbench-core/src/Concerns/ApplicationTestingHooks.php:74
/var/www/html/vendor/orchestra/testbench-core/src/Concerns/Testing.php:43
/var/www/html/vendor/laravel/framework/src/Illuminate/Collections/helpers.php:236
/var/www/html/vendor/orchestra/sidekick/src/functions.php:87
/var/www/html/vendor/laravel/framework/src/Illuminate/Collections/helpers.php:236
/var/www/html/vendor/orchestra/testbench-core/src/Concerns/Testing.php:57
/var/www/html/vendor/orchestra/testbench-core/src/TestCase.php:50
/var/www/html/tests/TestCase.php:61
/var/www/html/tests/Unit/Server/Handlers/ToolHandlerTest.php:38</error>
          </testcase>
        </testsuite>
        <testsuite name="JTD\LaravelMCP\Tests\Unit\Server\Handlers\ToolHandlerTest::get_content_type_determines_correct_type" tests="5" assertions="0" errors="5" failures="0" skipped="0" time="0.000000">
          <testcase name="get_content_type_determines_correct_type with data set &quot;string content&quot;" file="/var/www/html/tests/Unit/Server/Handlers/ToolHandlerTest.php" line="625" class="JTD\LaravelMCP\Tests\Unit\Server\Handlers\ToolHandlerTest" classname="JTD.LaravelMCP.Tests.Unit.Server.Handlers.ToolHandlerTest" assertions="0" time="0.000000">
            <error type="Exception">JTD\LaravelMCP\Tests\Unit\Server\Handlers\ToolHandlerTest::get_content_type_determines_correct_type with data set "string content"
Exception: The /var/www/html/vendor/orchestra/testbench-core/laravel/bootstrap/cache directory must be present and writable.

/var/www/html/vendor/laravel/framework/src/Illuminate/Foundation/PackageManifest.php:179
/var/www/html/vendor/orchestra/testbench-core/src/Foundation/PackageManifest.php:157
/var/www/html/vendor/laravel/framework/src/Illuminate/Foundation/PackageManifest.php:132
/var/www/html/vendor/laravel/framework/src/Illuminate/Foundation/PackageManifest.php:108
/var/www/html/vendor/orchestra/testbench-core/src/Foundation/PackageManifest.php:102
/var/www/html/vendor/laravel/framework/src/Illuminate/Foundation/PackageManifest.php:91
/var/www/html/vendor/laravel/framework/src/Illuminate/Foundation/PackageManifest.php:80
/var/www/html/vendor/laravel/framework/src/Illuminate/Foundation/Bootstrap/RegisterFacades.php:26
/var/www/html/vendor/orchestra/testbench-core/src/Concerns/CreatesApplication.php:556
/var/www/html/vendor/orchestra/testbench-core/src/Concerns/CreatesApplication.php:311
/var/www/html/vendor/orchestra/testbench-core/src/TestCase.php:121
/var/www/html/vendor/orchestra/testbench-core/src/Concerns/ApplicationTestingHooks.php:74
/var/www/html/vendor/orchestra/testbench-core/src/Concerns/Testing.php:43
/var/www/html/vendor/laravel/framework/src/Illuminate/Collections/helpers.php:236
/var/www/html/vendor/orchestra/sidekick/src/functions.php:87
/var/www/html/vendor/laravel/framework/src/Illuminate/Collections/helpers.php:236
/var/www/html/vendor/orchestra/testbench-core/src/Concerns/Testing.php:57
/var/www/html/vendor/orchestra/testbench-core/src/TestCase.php:50
/var/www/html/tests/TestCase.php:61
/var/www/html/tests/Unit/Server/Handlers/ToolHandlerTest.php:38</error>
          </testcase>
          <testcase name="get_content_type_determines_correct_type with data set &quot;array content&quot;" file="/var/www/html/tests/Unit/Server/Handlers/ToolHandlerTest.php" line="625" class="JTD\LaravelMCP\Tests\Unit\Server\Handlers\ToolHandlerTest" classname="JTD.LaravelMCP.Tests.Unit.Server.Handlers.ToolHandlerTest" assertions="0" time="0.000000">
            <error type="Exception">JTD\LaravelMCP\Tests\Unit\Server\Handlers\ToolHandlerTest::get_content_type_determines_correct_type with data set "array content"
Exception: The /var/www/html/vendor/orchestra/testbench-core/laravel/bootstrap/cache directory must be present and writable.

/var/www/html/vendor/laravel/framework/src/Illuminate/Foundation/PackageManifest.php:179
/var/www/html/vendor/orchestra/testbench-core/src/Foundation/PackageManifest.php:157
/var/www/html/vendor/laravel/framework/src/Illuminate/Foundation/PackageManifest.php:132
/var/www/html/vendor/laravel/framework/src/Illuminate/Foundation/PackageManifest.php:108
/var/www/html/vendor/orchestra/testbench-core/src/Foundation/PackageManifest.php:102
/var/www/html/vendor/laravel/framework/src/Illuminate/Foundation/PackageManifest.php:91
/var/www/html/vendor/laravel/framework/src/Illuminate/Foundation/PackageManifest.php:80
/var/www/html/vendor/laravel/framework/src/Illuminate/Foundation/Bootstrap/RegisterFacades.php:26
/var/www/html/vendor/orchestra/testbench-core/src/Concerns/CreatesApplication.php:556
/var/www/html/vendor/orchestra/testbench-core/src/Concerns/CreatesApplication.php:311
/var/www/html/vendor/orchestra/testbench-core/src/TestCase.php:121
/var/www/html/vendor/orchestra/testbench-core/src/Concerns/ApplicationTestingHooks.php:74
/var/www/html/vendor/orchestra/testbench-core/src/Concerns/Testing.php:43
/var/www/html/vendor/laravel/framework/src/Illuminate/Collections/helpers.php:236
/var/www/html/vendor/orchestra/sidekick/src/functions.php:87
/var/www/html/vendor/laravel/framework/src/Illuminate/Collections/helpers.php:236
/var/www/html/vendor/orchestra/testbench-core/src/Concerns/Testing.php:57
/var/www/html/vendor/orchestra/testbench-core/src/TestCase.php:50
/var/www/html/tests/TestCase.php:61
/var/www/html/tests/Unit/Server/Handlers/ToolHandlerTest.php:38</error>
          </testcase>
          <testcase name="get_content_type_determines_correct_type with data set &quot;object content&quot;" file="/var/www/html/tests/Unit/Server/Handlers/ToolHandlerTest.php" line="625" class="JTD\LaravelMCP\Tests\Unit\Server\Handlers\ToolHandlerTest" classname="JTD.LaravelMCP.Tests.Unit.Server.Handlers.ToolHandlerTest" assertions="0" time="0.000000">
            <error type="Exception">JTD\LaravelMCP\Tests\Unit\Server\Handlers\ToolHandlerTest::get_content_type_determines_correct_type with data set "object content"
Exception: The /var/www/html/vendor/orchestra/testbench-core/laravel/bootstrap/cache directory must be present and writable.

/var/www/html/vendor/laravel/framework/src/Illuminate/Foundation/PackageManifest.php:179
/var/www/html/vendor/orchestra/testbench-core/src/Foundation/PackageManifest.php:157
/var/www/html/vendor/laravel/framework/src/Illuminate/Foundation/PackageManifest.php:132
/var/www/html/vendor/laravel/framework/src/Illuminate/Foundation/PackageManifest.php:108
/var/www/html/vendor/orchestra/testbench-core/src/Foundation/PackageManifest.php:102
/var/www/html/vendor/laravel/framework/src/Illuminate/Foundation/PackageManifest.php:91
/var/www/html/vendor/laravel/framework/src/Illuminate/Foundation/PackageManifest.php:80
/var/www/html/vendor/laravel/framework/src/Illuminate/Foundation/Bootstrap/RegisterFacades.php:26
/var/www/html/vendor/orchestra/testbench-core/src/Concerns/CreatesApplication.php:556
/var/www/html/vendor/orchestra/testbench-core/src/Concerns/CreatesApplication.php:311
/var/www/html/vendor/orchestra/testbench-core/src/TestCase.php:121
/var/www/html/vendor/orchestra/testbench-core/src/Concerns/ApplicationTestingHooks.php:74
/var/www/html/vendor/orchestra/testbench-core/src/Concerns/Testing.php:43
/var/www/html/vendor/laravel/framework/src/Illuminate/Collections/helpers.php:236
/var/www/html/vendor/orchestra/sidekick/src/functions.php:87
/var/www/html/vendor/laravel/framework/src/Illuminate/Collections/helpers.php:236
/var/www/html/vendor/orchestra/testbench-core/src/Concerns/Testing.php:57
/var/www/html/vendor/orchestra/testbench-core/src/TestCase.php:50
/var/www/html/tests/TestCase.php:61
/var/www/html/tests/Unit/Server/Handlers/ToolHandlerTest.php:38</error>
          </testcase>
          <testcase name="get_content_type_determines_correct_type with data set &quot;number content&quot;" file="/var/www/html/tests/Unit/Server/Handlers/ToolHandlerTest.php" line="625" class="JTD\LaravelMCP\Tests\Unit\Server\Handlers\ToolHandlerTest" classname="JTD.LaravelMCP.Tests.Unit.Server.Handlers.ToolHandlerTest" assertions="0" time="0.000000">
            <error type="Exception">JTD\LaravelMCP\Tests\Unit\Server\Handlers\ToolHandlerTest::get_content_type_determines_correct_type with data set "number content"
Exception: The /var/www/html/vendor/orchestra/testbench-core/laravel/bootstrap/cache directory must be present and writable.

/var/www/html/vendor/laravel/framework/src/Illuminate/Foundation/PackageManifest.php:179
/var/www/html/vendor/orchestra/testbench-core/src/Foundation/PackageManifest.php:157
/var/www/html/vendor/laravel/framework/src/Illuminate/Foundation/PackageManifest.php:132
/var/www/html/vendor/laravel/framework/src/Illuminate/Foundation/PackageManifest.php:108
/var/www/html/vendor/orchestra/testbench-core/src/Foundation/PackageManifest.php:102
/var/www/html/vendor/laravel/framework/src/Illuminate/Foundation/PackageManifest.php:91
/var/www/html/vendor/laravel/framework/src/Illuminate/Foundation/PackageManifest.php:80
/var/www/html/vendor/laravel/framework/src/Illuminate/Foundation/Bootstrap/RegisterFacades.php:26
/var/www/html/vendor/orchestra/testbench-core/src/Concerns/CreatesApplication.php:556
/var/www/html/vendor/orchestra/testbench-core/src/Concerns/CreatesApplication.php:311
/var/www/html/vendor/orchestra/testbench-core/src/TestCase.php:121
/var/www/html/vendor/orchestra/testbench-core/src/Concerns/ApplicationTestingHooks.php:74
/var/www/html/vendor/orchestra/testbench-core/src/Concerns/Testing.php:43
/var/www/html/vendor/laravel/framework/src/Illuminate/Collections/helpers.php:236
/var/www/html/vendor/orchestra/sidekick/src/functions.php:87
/var/www/html/vendor/laravel/framework/src/Illuminate/Collections/helpers.php:236
/var/www/html/vendor/orchestra/testbench-core/src/Concerns/Testing.php:57
/var/www/html/vendor/orchestra/testbench-core/src/TestCase.php:50
/var/www/html/tests/TestCase.php:61
/var/www/html/tests/Unit/Server/Handlers/ToolHandlerTest.php:38</error>
          </testcase>
          <testcase name="get_content_type_determines_correct_type with data set &quot;boolean content&quot;" file="/var/www/html/tests/Unit/Server/Handlers/ToolHandlerTest.php" line="625" class="JTD\LaravelMCP\Tests\Unit\Server\Handlers\ToolHandlerTest" classname="JTD.LaravelMCP.Tests.Unit.Server.Handlers.ToolHandlerTest" assertions="0" time="0.000000">
            <error type="Exception">JTD\LaravelMCP\Tests\Unit\Server\Handlers\ToolHandlerTest::get_content_type_determines_correct_type with data set "boolean content"
Exception: The /var/www/html/vendor/orchestra/testbench-core/laravel/bootstrap/cache directory must be present and writable.

/var/www/html/vendor/laravel/framework/src/Illuminate/Foundation/PackageManifest.php:179
/var/www/html/vendor/orchestra/testbench-core/src/Foundation/PackageManifest.php:157
/var/www/html/vendor/laravel/framework/src/Illuminate/Foundation/PackageManifest.php:132
/var/www/html/vendor/laravel/framework/src/Illuminate/Foundation/PackageManifest.php:108
/var/www/html/vendor/orchestra/testbench-core/src/Foundation/PackageManifest.php:102
/var/www/html/vendor/laravel/framework/src/Illuminate/Foundation/PackageManifest.php:91
/var/www/html/vendor/laravel/framework/src/Illuminate/Foundation/PackageManifest.php:80
/var/www/html/vendor/laravel/framework/src/Illuminate/Foundation/Bootstrap/RegisterFacades.php:26
/var/www/html/vendor/orchestra/testbench-core/src/Concerns/CreatesApplication.php:556
/var/www/html/vendor/orchestra/testbench-core/src/Concerns/CreatesApplication.php:311
/var/www/html/vendor/orchestra/testbench-core/src/TestCase.php:121
/var/www/html/vendor/orchestra/testbench-core/src/Concerns/ApplicationTestingHooks.php:74
/var/www/html/vendor/orchestra/testbench-core/src/Concerns/Testing.php:43
/var/www/html/vendor/laravel/framework/src/Illuminate/Collections/helpers.php:236
/var/www/html/vendor/orchestra/sidekick/src/functions.php:87
/var/www/html/vendor/laravel/framework/src/Illuminate/Collections/helpers.php:236
/var/www/html/vendor/orchestra/testbench-core/src/Concerns/Testing.php:57
/var/www/html/vendor/orchestra/testbench-core/src/TestCase.php:50
/var/www/html/tests/TestCase.php:61
/var/www/html/tests/Unit/Server/Handlers/ToolHandlerTest.php:38</error>
          </testcase>
        </testsuite>
      </testsuite>
      <testsuite name="JTD\LaravelMCP\Tests\Unit\Server\McpServerTest" file="/var/www/html/tests/Unit/Server/McpServerTest.php" tests="27" assertions="0" errors="27" failures="0" skipped="0" time="0.000000">
        <testcase name="test_implements_server_interface" file="/var/www/html/tests/Unit/Server/McpServerTest.php" line="70" class="JTD\LaravelMCP\Tests\Unit\Server\McpServerTest" classname="JTD.LaravelMCP.Tests.Unit.Server.McpServerTest" assertions="0" time="0.000000">
          <error type="Exception">JTD\LaravelMCP\Tests\Unit\Server\McpServerTest::test_implements_server_interface
Exception: The /var/www/html/vendor/orchestra/testbench-core/laravel/bootstrap/cache directory must be present and writable.

/var/www/html/vendor/laravel/framework/src/Illuminate/Foundation/PackageManifest.php:179
/var/www/html/vendor/orchestra/testbench-core/src/Foundation/PackageManifest.php:157
/var/www/html/vendor/laravel/framework/src/Illuminate/Foundation/PackageManifest.php:132
/var/www/html/vendor/laravel/framework/src/Illuminate/Foundation/PackageManifest.php:108
/var/www/html/vendor/orchestra/testbench-core/src/Foundation/PackageManifest.php:102
/var/www/html/vendor/laravel/framework/src/Illuminate/Foundation/PackageManifest.php:91
/var/www/html/vendor/laravel/framework/src/Illuminate/Foundation/PackageManifest.php:80
/var/www/html/vendor/laravel/framework/src/Illuminate/Foundation/Bootstrap/RegisterFacades.php:26
/var/www/html/vendor/orchestra/testbench-core/src/Concerns/CreatesApplication.php:556
/var/www/html/vendor/orchestra/testbench-core/src/Concerns/CreatesApplication.php:311
/var/www/html/vendor/orchestra/testbench-core/src/TestCase.php:121
/var/www/html/vendor/orchestra/testbench-core/src/Concerns/ApplicationTestingHooks.php:74
/var/www/html/vendor/orchestra/testbench-core/src/Concerns/Testing.php:43
/var/www/html/vendor/laravel/framework/src/Illuminate/Collections/helpers.php:236
/var/www/html/vendor/orchestra/sidekick/src/functions.php:87
/var/www/html/vendor/laravel/framework/src/Illuminate/Collections/helpers.php:236
/var/www/html/vendor/orchestra/testbench-core/src/Concerns/Testing.php:57
/var/www/html/vendor/orchestra/testbench-core/src/TestCase.php:50
/var/www/html/tests/TestCase.php:61
/var/www/html/tests/Unit/Server/McpServerTest.php:32</error>
        </testcase>
        <testcase name="test_can_create_server_instance" file="/var/www/html/tests/Unit/Server/McpServerTest.php" line="75" class="JTD\LaravelMCP\Tests\Unit\Server\McpServerTest" classname="JTD.LaravelMCP.Tests.Unit.Server.McpServerTest" assertions="0" time="0.000000">
          <error type="Exception">JTD\LaravelMCP\Tests\Unit\Server\McpServerTest::test_can_create_server_instance
Exception: The /var/www/html/vendor/orchestra/testbench-core/laravel/bootstrap/cache directory must be present and writable.

/var/www/html/vendor/laravel/framework/src/Illuminate/Foundation/PackageManifest.php:179
/var/www/html/vendor/orchestra/testbench-core/src/Foundation/PackageManifest.php:157
/var/www/html/vendor/laravel/framework/src/Illuminate/Foundation/PackageManifest.php:132
/var/www/html/vendor/laravel/framework/src/Illuminate/Foundation/PackageManifest.php:108
/var/www/html/vendor/orchestra/testbench-core/src/Foundation/PackageManifest.php:102
/var/www/html/vendor/laravel/framework/src/Illuminate/Foundation/PackageManifest.php:91
/var/www/html/vendor/laravel/framework/src/Illuminate/Foundation/PackageManifest.php:80
/var/www/html/vendor/laravel/framework/src/Illuminate/Foundation/Bootstrap/RegisterFacades.php:26
/var/www/html/vendor/orchestra/testbench-core/src/Concerns/CreatesApplication.php:556
/var/www/html/vendor/orchestra/testbench-core/src/Concerns/CreatesApplication.php:311
/var/www/html/vendor/orchestra/testbench-core/src/TestCase.php:121
/var/www/html/vendor/orchestra/testbench-core/src/Concerns/ApplicationTestingHooks.php:74
/var/www/html/vendor/orchestra/testbench-core/src/Concerns/Testing.php:43
/var/www/html/vendor/laravel/framework/src/Illuminate/Collections/helpers.php:236
/var/www/html/vendor/orchestra/sidekick/src/functions.php:87
/var/www/html/vendor/laravel/framework/src/Illuminate/Collections/helpers.php:236
/var/www/html/vendor/orchestra/testbench-core/src/Concerns/Testing.php:57
/var/www/html/vendor/orchestra/testbench-core/src/TestCase.php:50
/var/www/html/tests/TestCase.php:61
/var/www/html/tests/Unit/Server/McpServerTest.php:32</error>
        </testcase>
        <testcase name="test_server_starts_uninitialized_and_not_running" file="/var/www/html/tests/Unit/Server/McpServerTest.php" line="80" class="JTD\LaravelMCP\Tests\Unit\Server\McpServerTest" classname="JTD.LaravelMCP.Tests.Unit.Server.McpServerTest" assertions="0" time="0.000000">
          <error type="Exception">JTD\LaravelMCP\Tests\Unit\Server\McpServerTest::test_server_starts_uninitialized_and_not_running
Exception: The /var/www/html/vendor/orchestra/testbench-core/laravel/bootstrap/cache directory must be present and writable.

/var/www/html/vendor/laravel/framework/src/Illuminate/Foundation/PackageManifest.php:179
/var/www/html/vendor/orchestra/testbench-core/src/Foundation/PackageManifest.php:157
/var/www/html/vendor/laravel/framework/src/Illuminate/Foundation/PackageManifest.php:132
/var/www/html/vendor/laravel/framework/src/Illuminate/Foundation/PackageManifest.php:108
/var/www/html/vendor/orchestra/testbench-core/src/Foundation/PackageManifest.php:102
/var/www/html/vendor/laravel/framework/src/Illuminate/Foundation/PackageManifest.php:91
/var/www/html/vendor/laravel/framework/src/Illuminate/Foundation/PackageManifest.php:80
/var/www/html/vendor/laravel/framework/src/Illuminate/Foundation/Bootstrap/RegisterFacades.php:26
/var/www/html/vendor/orchestra/testbench-core/src/Concerns/CreatesApplication.php:556
/var/www/html/vendor/orchestra/testbench-core/src/Concerns/CreatesApplication.php:311
/var/www/html/vendor/orchestra/testbench-core/src/TestCase.php:121
/var/www/html/vendor/orchestra/testbench-core/src/Concerns/ApplicationTestingHooks.php:74
/var/www/html/vendor/orchestra/testbench-core/src/Concerns/Testing.php:43
/var/www/html/vendor/laravel/framework/src/Illuminate/Collections/helpers.php:236
/var/www/html/vendor/orchestra/sidekick/src/functions.php:87
/var/www/html/vendor/laravel/framework/src/Illuminate/Collections/helpers.php:236
/var/www/html/vendor/orchestra/testbench-core/src/Concerns/Testing.php:57
/var/www/html/vendor/orchestra/testbench-core/src/TestCase.php:50
/var/www/html/tests/TestCase.php:61
/var/www/html/tests/Unit/Server/McpServerTest.php:32</error>
        </testcase>
        <testcase name="test_can_initialize_server" file="/var/www/html/tests/Unit/Server/McpServerTest.php" line="86" class="JTD\LaravelMCP\Tests\Unit\Server\McpServerTest" classname="JTD.LaravelMCP.Tests.Unit.Server.McpServerTest" assertions="0" time="0.000000">
          <error type="Exception">JTD\LaravelMCP\Tests\Unit\Server\McpServerTest::test_can_initialize_server
Exception: The /var/www/html/vendor/orchestra/testbench-core/laravel/bootstrap/cache directory must be present and writable.

/var/www/html/vendor/laravel/framework/src/Illuminate/Foundation/PackageManifest.php:179
/var/www/html/vendor/orchestra/testbench-core/src/Foundation/PackageManifest.php:157
/var/www/html/vendor/laravel/framework/src/Illuminate/Foundation/PackageManifest.php:132
/var/www/html/vendor/laravel/framework/src/Illuminate/Foundation/PackageManifest.php:108
/var/www/html/vendor/orchestra/testbench-core/src/Foundation/PackageManifest.php:102
/var/www/html/vendor/laravel/framework/src/Illuminate/Foundation/PackageManifest.php:91
/var/www/html/vendor/laravel/framework/src/Illuminate/Foundation/PackageManifest.php:80
/var/www/html/vendor/laravel/framework/src/Illuminate/Foundation/Bootstrap/RegisterFacades.php:26
/var/www/html/vendor/orchestra/testbench-core/src/Concerns/CreatesApplication.php:556
/var/www/html/vendor/orchestra/testbench-core/src/Concerns/CreatesApplication.php:311
/var/www/html/vendor/orchestra/testbench-core/src/TestCase.php:121
/var/www/html/vendor/orchestra/testbench-core/src/Concerns/ApplicationTestingHooks.php:74
/var/www/html/vendor/orchestra/testbench-core/src/Concerns/Testing.php:43
/var/www/html/vendor/laravel/framework/src/Illuminate/Collections/helpers.php:236
/var/www/html/vendor/orchestra/sidekick/src/functions.php:87
/var/www/html/vendor/laravel/framework/src/Illuminate/Collections/helpers.php:236
/var/www/html/vendor/orchestra/testbench-core/src/Concerns/Testing.php:57
/var/www/html/vendor/orchestra/testbench-core/src/TestCase.php:50
/var/www/html/tests/TestCase.php:61
/var/www/html/tests/Unit/Server/McpServerTest.php:32</error>
        </testcase>
        <testcase name="test_cannot_initialize_server_twice" file="/var/www/html/tests/Unit/Server/McpServerTest.php" line="129" class="JTD\LaravelMCP\Tests\Unit\Server\McpServerTest" classname="JTD.LaravelMCP.Tests.Unit.Server.McpServerTest" assertions="0" time="0.000000">
          <error type="Exception">JTD\LaravelMCP\Tests\Unit\Server\McpServerTest::test_cannot_initialize_server_twice
Exception: The /var/www/html/vendor/orchestra/testbench-core/laravel/bootstrap/cache directory must be present and writable.

/var/www/html/vendor/laravel/framework/src/Illuminate/Foundation/PackageManifest.php:179
/var/www/html/vendor/orchestra/testbench-core/src/Foundation/PackageManifest.php:157
/var/www/html/vendor/laravel/framework/src/Illuminate/Foundation/PackageManifest.php:132
/var/www/html/vendor/laravel/framework/src/Illuminate/Foundation/PackageManifest.php:108
/var/www/html/vendor/orchestra/testbench-core/src/Foundation/PackageManifest.php:102
/var/www/html/vendor/laravel/framework/src/Illuminate/Foundation/PackageManifest.php:91
/var/www/html/vendor/laravel/framework/src/Illuminate/Foundation/PackageManifest.php:80
/var/www/html/vendor/laravel/framework/src/Illuminate/Foundation/Bootstrap/RegisterFacades.php:26
/var/www/html/vendor/orchestra/testbench-core/src/Concerns/CreatesApplication.php:556
/var/www/html/vendor/orchestra/testbench-core/src/Concerns/CreatesApplication.php:311
/var/www/html/vendor/orchestra/testbench-core/src/TestCase.php:121
/var/www/html/vendor/orchestra/testbench-core/src/Concerns/ApplicationTestingHooks.php:74
/var/www/html/vendor/orchestra/testbench-core/src/Concerns/Testing.php:43
/var/www/html/vendor/laravel/framework/src/Illuminate/Collections/helpers.php:236
/var/www/html/vendor/orchestra/sidekick/src/functions.php:87
/var/www/html/vendor/laravel/framework/src/Illuminate/Collections/helpers.php:236
/var/www/html/vendor/orchestra/testbench-core/src/Concerns/Testing.php:57
/var/www/html/vendor/orchestra/testbench-core/src/TestCase.php:50
/var/www/html/tests/TestCase.php:61
/var/www/html/tests/Unit/Server/McpServerTest.php:32</error>
        </testcase>
        <testcase name="test_can_start_server_after_initialization" file="/var/www/html/tests/Unit/Server/McpServerTest.php" line="152" class="JTD\LaravelMCP\Tests\Unit\Server\McpServerTest" classname="JTD.LaravelMCP.Tests.Unit.Server.McpServerTest" assertions="0" time="0.000000">
          <error type="Exception">JTD\LaravelMCP\Tests\Unit\Server\McpServerTest::test_can_start_server_after_initialization
Exception: The /var/www/html/vendor/orchestra/testbench-core/laravel/bootstrap/cache directory must be present and writable.

/var/www/html/vendor/laravel/framework/src/Illuminate/Foundation/PackageManifest.php:179
/var/www/html/vendor/orchestra/testbench-core/src/Foundation/PackageManifest.php:157
/var/www/html/vendor/laravel/framework/src/Illuminate/Foundation/PackageManifest.php:132
/var/www/html/vendor/laravel/framework/src/Illuminate/Foundation/PackageManifest.php:108
/var/www/html/vendor/orchestra/testbench-core/src/Foundation/PackageManifest.php:102
/var/www/html/vendor/laravel/framework/src/Illuminate/Foundation/PackageManifest.php:91
/var/www/html/vendor/laravel/framework/src/Illuminate/Foundation/PackageManifest.php:80
/var/www/html/vendor/laravel/framework/src/Illuminate/Foundation/Bootstrap/RegisterFacades.php:26
/var/www/html/vendor/orchestra/testbench-core/src/Concerns/CreatesApplication.php:556
/var/www/html/vendor/orchestra/testbench-core/src/Concerns/CreatesApplication.php:311
/var/www/html/vendor/orchestra/testbench-core/src/TestCase.php:121
/var/www/html/vendor/orchestra/testbench-core/src/Concerns/ApplicationTestingHooks.php:74
/var/www/html/vendor/orchestra/testbench-core/src/Concerns/Testing.php:43
/var/www/html/vendor/laravel/framework/src/Illuminate/Collections/helpers.php:236
/var/www/html/vendor/orchestra/sidekick/src/functions.php:87
/var/www/html/vendor/laravel/framework/src/Illuminate/Collections/helpers.php:236
/var/www/html/vendor/orchestra/testbench-core/src/Concerns/Testing.php:57
/var/www/html/vendor/orchestra/testbench-core/src/TestCase.php:50
/var/www/html/tests/TestCase.php:61
/var/www/html/tests/Unit/Server/McpServerTest.php:32</error>
        </testcase>
        <testcase name="test_cannot_start_uninitialized_server" file="/var/www/html/tests/Unit/Server/McpServerTest.php" line="170" class="JTD\LaravelMCP\Tests\Unit\Server\McpServerTest" classname="JTD.LaravelMCP.Tests.Unit.Server.McpServerTest" assertions="0" time="0.000000">
          <error type="Exception">JTD\LaravelMCP\Tests\Unit\Server\McpServerTest::test_cannot_start_uninitialized_server
Exception: The /var/www/html/vendor/orchestra/testbench-core/laravel/bootstrap/cache directory must be present and writable.

/var/www/html/vendor/laravel/framework/src/Illuminate/Foundation/PackageManifest.php:179
/var/www/html/vendor/orchestra/testbench-core/src/Foundation/PackageManifest.php:157
/var/www/html/vendor/laravel/framework/src/Illuminate/Foundation/PackageManifest.php:132
/var/www/html/vendor/laravel/framework/src/Illuminate/Foundation/PackageManifest.php:108
/var/www/html/vendor/orchestra/testbench-core/src/Foundation/PackageManifest.php:102
/var/www/html/vendor/laravel/framework/src/Illuminate/Foundation/PackageManifest.php:91
/var/www/html/vendor/laravel/framework/src/Illuminate/Foundation/PackageManifest.php:80
/var/www/html/vendor/laravel/framework/src/Illuminate/Foundation/Bootstrap/RegisterFacades.php:26
/var/www/html/vendor/orchestra/testbench-core/src/Concerns/CreatesApplication.php:556
/var/www/html/vendor/orchestra/testbench-core/src/Concerns/CreatesApplication.php:311
/var/www/html/vendor/orchestra/testbench-core/src/TestCase.php:121
/var/www/html/vendor/orchestra/testbench-core/src/Concerns/ApplicationTestingHooks.php:74
/var/www/html/vendor/orchestra/testbench-core/src/Concerns/Testing.php:43
/var/www/html/vendor/laravel/framework/src/Illuminate/Collections/helpers.php:236
/var/www/html/vendor/orchestra/sidekick/src/functions.php:87
/var/www/html/vendor/laravel/framework/src/Illuminate/Collections/helpers.php:236
/var/www/html/vendor/orchestra/testbench-core/src/Concerns/Testing.php:57
/var/www/html/vendor/orchestra/testbench-core/src/TestCase.php:50
/var/www/html/tests/TestCase.php:61
/var/www/html/tests/Unit/Server/McpServerTest.php:32</error>
        </testcase>
        <testcase name="test_start_is_idempotent" file="/var/www/html/tests/Unit/Server/McpServerTest.php" line="178" class="JTD\LaravelMCP\Tests\Unit\Server\McpServerTest" classname="JTD.LaravelMCP.Tests.Unit.Server.McpServerTest" assertions="0" time="0.000000">
          <error type="Exception">JTD\LaravelMCP\Tests\Unit\Server\McpServerTest::test_start_is_idempotent
Exception: The /var/www/html/vendor/orchestra/testbench-core/laravel/bootstrap/cache directory must be present and writable.

/var/www/html/vendor/laravel/framework/src/Illuminate/Foundation/PackageManifest.php:179
/var/www/html/vendor/orchestra/testbench-core/src/Foundation/PackageManifest.php:157
/var/www/html/vendor/laravel/framework/src/Illuminate/Foundation/PackageManifest.php:132
/var/www/html/vendor/laravel/framework/src/Illuminate/Foundation/PackageManifest.php:108
/var/www/html/vendor/orchestra/testbench-core/src/Foundation/PackageManifest.php:102
/var/www/html/vendor/laravel/framework/src/Illuminate/Foundation/PackageManifest.php:91
/var/www/html/vendor/laravel/framework/src/Illuminate/Foundation/PackageManifest.php:80
/var/www/html/vendor/laravel/framework/src/Illuminate/Foundation/Bootstrap/RegisterFacades.php:26
/var/www/html/vendor/orchestra/testbench-core/src/Concerns/CreatesApplication.php:556
/var/www/html/vendor/orchestra/testbench-core/src/Concerns/CreatesApplication.php:311
/var/www/html/vendor/orchestra/testbench-core/src/TestCase.php:121
/var/www/html/vendor/orchestra/testbench-core/src/Concerns/ApplicationTestingHooks.php:74
/var/www/html/vendor/orchestra/testbench-core/src/Concerns/Testing.php:43
/var/www/html/vendor/laravel/framework/src/Illuminate/Collections/helpers.php:236
/var/www/html/vendor/orchestra/sidekick/src/functions.php:87
/var/www/html/vendor/laravel/framework/src/Illuminate/Collections/helpers.php:236
/var/www/html/vendor/orchestra/testbench-core/src/Concerns/Testing.php:57
/var/www/html/vendor/orchestra/testbench-core/src/TestCase.php:50
/var/www/html/tests/TestCase.php:61
/var/www/html/tests/Unit/Server/McpServerTest.php:32</error>
        </testcase>
        <testcase name="test_can_stop_running_server" file="/var/www/html/tests/Unit/Server/McpServerTest.php" line="193" class="JTD\LaravelMCP\Tests\Unit\Server\McpServerTest" classname="JTD.LaravelMCP.Tests.Unit.Server.McpServerTest" assertions="0" time="0.000000">
          <error type="Exception">JTD\LaravelMCP\Tests\Unit\Server\McpServerTest::test_can_stop_running_server
Exception: The /var/www/html/vendor/orchestra/testbench-core/laravel/bootstrap/cache directory must be present and writable.

/var/www/html/vendor/laravel/framework/src/Illuminate/Foundation/PackageManifest.php:179
/var/www/html/vendor/orchestra/testbench-core/src/Foundation/PackageManifest.php:157
/var/www/html/vendor/laravel/framework/src/Illuminate/Foundation/PackageManifest.php:132
/var/www/html/vendor/laravel/framework/src/Illuminate/Foundation/PackageManifest.php:108
/var/www/html/vendor/orchestra/testbench-core/src/Foundation/PackageManifest.php:102
/var/www/html/vendor/laravel/framework/src/Illuminate/Foundation/PackageManifest.php:91
/var/www/html/vendor/laravel/framework/src/Illuminate/Foundation/PackageManifest.php:80
/var/www/html/vendor/laravel/framework/src/Illuminate/Foundation/Bootstrap/RegisterFacades.php:26
/var/www/html/vendor/orchestra/testbench-core/src/Concerns/CreatesApplication.php:556
/var/www/html/vendor/orchestra/testbench-core/src/Concerns/CreatesApplication.php:311
/var/www/html/vendor/orchestra/testbench-core/src/TestCase.php:121
/var/www/html/vendor/orchestra/testbench-core/src/Concerns/ApplicationTestingHooks.php:74
/var/www/html/vendor/orchestra/testbench-core/src/Concerns/Testing.php:43
/var/www/html/vendor/laravel/framework/src/Illuminate/Collections/helpers.php:236
/var/www/html/vendor/orchestra/sidekick/src/functions.php:87
/var/www/html/vendor/laravel/framework/src/Illuminate/Collections/helpers.php:236
/var/www/html/vendor/orchestra/testbench-core/src/Concerns/Testing.php:57
/var/www/html/vendor/orchestra/testbench-core/src/TestCase.php:50
/var/www/html/tests/TestCase.php:61
/var/www/html/tests/Unit/Server/McpServerTest.php:32</error>
        </testcase>
        <testcase name="test_stop_is_idempotent" file="/var/www/html/tests/Unit/Server/McpServerTest.php" line="206" class="JTD\LaravelMCP\Tests\Unit\Server\McpServerTest" classname="JTD.LaravelMCP.Tests.Unit.Server.McpServerTest" assertions="0" time="0.000000">
          <error type="Exception">JTD\LaravelMCP\Tests\Unit\Server\McpServerTest::test_stop_is_idempotent
Exception: The /var/www/html/vendor/orchestra/testbench-core/laravel/bootstrap/cache directory must be present and writable.

/var/www/html/vendor/laravel/framework/src/Illuminate/Foundation/PackageManifest.php:179
/var/www/html/vendor/orchestra/testbench-core/src/Foundation/PackageManifest.php:157
/var/www/html/vendor/laravel/framework/src/Illuminate/Foundation/PackageManifest.php:132
/var/www/html/vendor/laravel/framework/src/Illuminate/Foundation/PackageManifest.php:108
/var/www/html/vendor/orchestra/testbench-core/src/Foundation/PackageManifest.php:102
/var/www/html/vendor/laravel/framework/src/Illuminate/Foundation/PackageManifest.php:91
/var/www/html/vendor/laravel/framework/src/Illuminate/Foundation/PackageManifest.php:80
/var/www/html/vendor/laravel/framework/src/Illuminate/Foundation/Bootstrap/RegisterFacades.php:26
/var/www/html/vendor/orchestra/testbench-core/src/Concerns/CreatesApplication.php:556
/var/www/html/vendor/orchestra/testbench-core/src/Concerns/CreatesApplication.php:311
/var/www/html/vendor/orchestra/testbench-core/src/TestCase.php:121
/var/www/html/vendor/orchestra/testbench-core/src/Concerns/ApplicationTestingHooks.php:74
/var/www/html/vendor/orchestra/testbench-core/src/Concerns/Testing.php:43
/var/www/html/vendor/laravel/framework/src/Illuminate/Collections/helpers.php:236
/var/www/html/vendor/orchestra/sidekick/src/functions.php:87
/var/www/html/vendor/laravel/framework/src/Illuminate/Collections/helpers.php:236
/var/www/html/vendor/orchestra/testbench-core/src/Concerns/Testing.php:57
/var/www/html/vendor/orchestra/testbench-core/src/TestCase.php:50
/var/www/html/tests/TestCase.php:61
/var/www/html/tests/Unit/Server/McpServerTest.php:32</error>
        </testcase>
        <testcase name="test_can_restart_server" file="/var/www/html/tests/Unit/Server/McpServerTest.php" line="220" class="JTD\LaravelMCP\Tests\Unit\Server\McpServerTest" classname="JTD.LaravelMCP.Tests.Unit.Server.McpServerTest" assertions="0" time="0.000000">
          <error type="Exception">JTD\LaravelMCP\Tests\Unit\Server\McpServerTest::test_can_restart_server
Exception: The /var/www/html/vendor/orchestra/testbench-core/laravel/bootstrap/cache directory must be present and writable.

/var/www/html/vendor/laravel/framework/src/Illuminate/Foundation/PackageManifest.php:179
/var/www/html/vendor/orchestra/testbench-core/src/Foundation/PackageManifest.php:157
/var/www/html/vendor/laravel/framework/src/Illuminate/Foundation/PackageManifest.php:132
/var/www/html/vendor/laravel/framework/src/Illuminate/Foundation/PackageManifest.php:108
/var/www/html/vendor/orchestra/testbench-core/src/Foundation/PackageManifest.php:102
/var/www/html/vendor/laravel/framework/src/Illuminate/Foundation/PackageManifest.php:91
/var/www/html/vendor/laravel/framework/src/Illuminate/Foundation/PackageManifest.php:80
/var/www/html/vendor/laravel/framework/src/Illuminate/Foundation/Bootstrap/RegisterFacades.php:26
/var/www/html/vendor/orchestra/testbench-core/src/Concerns/CreatesApplication.php:556
/var/www/html/vendor/orchestra/testbench-core/src/Concerns/CreatesApplication.php:311
/var/www/html/vendor/orchestra/testbench-core/src/TestCase.php:121
/var/www/html/vendor/orchestra/testbench-core/src/Concerns/ApplicationTestingHooks.php:74
/var/www/html/vendor/orchestra/testbench-core/src/Concerns/Testing.php:43
/var/www/html/vendor/laravel/framework/src/Illuminate/Collections/helpers.php:236
/var/www/html/vendor/orchestra/sidekick/src/functions.php:87
/var/www/html/vendor/laravel/framework/src/Illuminate/Collections/helpers.php:236
/var/www/html/vendor/orchestra/testbench-core/src/Concerns/Testing.php:57
/var/www/html/vendor/orchestra/testbench-core/src/TestCase.php:50
/var/www/html/tests/TestCase.php:61
/var/www/html/tests/Unit/Server/McpServerTest.php:32</error>
        </testcase>
        <testcase name="test_can_get_server_status" file="/var/www/html/tests/Unit/Server/McpServerTest.php" line="233" class="JTD\LaravelMCP\Tests\Unit\Server\McpServerTest" classname="JTD.LaravelMCP.Tests.Unit.Server.McpServerTest" assertions="0" time="0.000000">
          <error type="Exception">JTD\LaravelMCP\Tests\Unit\Server\McpServerTest::test_can_get_server_status
Exception: The /var/www/html/vendor/orchestra/testbench-core/laravel/bootstrap/cache directory must be present and writable.

/var/www/html/vendor/laravel/framework/src/Illuminate/Foundation/PackageManifest.php:179
/var/www/html/vendor/orchestra/testbench-core/src/Foundation/PackageManifest.php:157
/var/www/html/vendor/laravel/framework/src/Illuminate/Foundation/PackageManifest.php:132
/var/www/html/vendor/laravel/framework/src/Illuminate/Foundation/PackageManifest.php:108
/var/www/html/vendor/orchestra/testbench-core/src/Foundation/PackageManifest.php:102
/var/www/html/vendor/laravel/framework/src/Illuminate/Foundation/PackageManifest.php:91
/var/www/html/vendor/laravel/framework/src/Illuminate/Foundation/PackageManifest.php:80
/var/www/html/vendor/laravel/framework/src/Illuminate/Foundation/Bootstrap/RegisterFacades.php:26
/var/www/html/vendor/orchestra/testbench-core/src/Concerns/CreatesApplication.php:556
/var/www/html/vendor/orchestra/testbench-core/src/Concerns/CreatesApplication.php:311
/var/www/html/vendor/orchestra/testbench-core/src/TestCase.php:121
/var/www/html/vendor/orchestra/testbench-core/src/Concerns/ApplicationTestingHooks.php:74
/var/www/html/vendor/orchestra/testbench-core/src/Concerns/Testing.php:43
/var/www/html/vendor/laravel/framework/src/Illuminate/Collections/helpers.php:236
/var/www/html/vendor/orchestra/sidekick/src/functions.php:87
/var/www/html/vendor/laravel/framework/src/Illuminate/Collections/helpers.php:236
/var/www/html/vendor/orchestra/testbench-core/src/Concerns/Testing.php:57
/var/www/html/vendor/orchestra/testbench-core/src/TestCase.php:50
/var/www/html/tests/TestCase.php:61
/var/www/html/tests/Unit/Server/McpServerTest.php:32</error>
        </testcase>
        <testcase name="test_can_get_server_health" file="/var/www/html/tests/Unit/Server/McpServerTest.php" line="249" class="JTD\LaravelMCP\Tests\Unit\Server\McpServerTest" classname="JTD.LaravelMCP.Tests.Unit.Server.McpServerTest" assertions="0" time="0.000000">
          <error type="Exception">JTD\LaravelMCP\Tests\Unit\Server\McpServerTest::test_can_get_server_health
Exception: The /var/www/html/vendor/orchestra/testbench-core/laravel/bootstrap/cache directory must be present and writable.

/var/www/html/vendor/laravel/framework/src/Illuminate/Foundation/PackageManifest.php:179
/var/www/html/vendor/orchestra/testbench-core/src/Foundation/PackageManifest.php:157
/var/www/html/vendor/laravel/framework/src/Illuminate/Foundation/PackageManifest.php:132
/var/www/html/vendor/laravel/framework/src/Illuminate/Foundation/PackageManifest.php:108
/var/www/html/vendor/orchestra/testbench-core/src/Foundation/PackageManifest.php:102
/var/www/html/vendor/laravel/framework/src/Illuminate/Foundation/PackageManifest.php:91
/var/www/html/vendor/laravel/framework/src/Illuminate/Foundation/PackageManifest.php:80
/var/www/html/vendor/laravel/framework/src/Illuminate/Foundation/Bootstrap/RegisterFacades.php:26
/var/www/html/vendor/orchestra/testbench-core/src/Concerns/CreatesApplication.php:556
/var/www/html/vendor/orchestra/testbench-core/src/Concerns/CreatesApplication.php:311
/var/www/html/vendor/orchestra/testbench-core/src/TestCase.php:121
/var/www/html/vendor/orchestra/testbench-core/src/Concerns/ApplicationTestingHooks.php:74
/var/www/html/vendor/orchestra/testbench-core/src/Concerns/Testing.php:43
/var/www/html/vendor/laravel/framework/src/Illuminate/Collections/helpers.php:236
/var/www/html/vendor/orchestra/sidekick/src/functions.php:87
/var/www/html/vendor/laravel/framework/src/Illuminate/Collections/helpers.php:236
/var/www/html/vendor/orchestra/testbench-core/src/Concerns/Testing.php:57
/var/www/html/vendor/orchestra/testbench-core/src/TestCase.php:50
/var/www/html/tests/TestCase.php:61
/var/www/html/tests/Unit/Server/McpServerTest.php:32</error>
        </testcase>
        <testcase name="test_can_get_server_info" file="/var/www/html/tests/Unit/Server/McpServerTest.php" line="284" class="JTD\LaravelMCP\Tests\Unit\Server\McpServerTest" classname="JTD.LaravelMCP.Tests.Unit.Server.McpServerTest" assertions="0" time="0.000000">
          <error type="Exception">JTD\LaravelMCP\Tests\Unit\Server\McpServerTest::test_can_get_server_info
Exception: The /var/www/html/vendor/orchestra/testbench-core/laravel/bootstrap/cache directory must be present and writable.

/var/www/html/vendor/laravel/framework/src/Illuminate/Foundation/PackageManifest.php:179
/var/www/html/vendor/orchestra/testbench-core/src/Foundation/PackageManifest.php:157
/var/www/html/vendor/laravel/framework/src/Illuminate/Foundation/PackageManifest.php:132
/var/www/html/vendor/laravel/framework/src/Illuminate/Foundation/PackageManifest.php:108
/var/www/html/vendor/orchestra/testbench-core/src/Foundation/PackageManifest.php:102
/var/www/html/vendor/laravel/framework/src/Illuminate/Foundation/PackageManifest.php:91
/var/www/html/vendor/laravel/framework/src/Illuminate/Foundation/PackageManifest.php:80
/var/www/html/vendor/laravel/framework/src/Illuminate/Foundation/Bootstrap/RegisterFacades.php:26
/var/www/html/vendor/orchestra/testbench-core/src/Concerns/CreatesApplication.php:556
/var/www/html/vendor/orchestra/testbench-core/src/Concerns/CreatesApplication.php:311
/var/www/html/vendor/orchestra/testbench-core/src/TestCase.php:121
/var/www/html/vendor/orchestra/testbench-core/src/Concerns/ApplicationTestingHooks.php:74
/var/www/html/vendor/orchestra/testbench-core/src/Concerns/Testing.php:43
/var/www/html/vendor/laravel/framework/src/Illuminate/Collections/helpers.php:236
/var/www/html/vendor/orchestra/sidekick/src/functions.php:87
/var/www/html/vendor/laravel/framework/src/Illuminate/Collections/helpers.php:236
/var/www/html/vendor/orchestra/testbench-core/src/Concerns/Testing.php:57
/var/www/html/vendor/orchestra/testbench-core/src/TestCase.php:50
/var/www/html/tests/TestCase.php:61
/var/www/html/tests/Unit/Server/McpServerTest.php:32</error>
        </testcase>
        <testcase name="test_can_get_capabilities" file="/var/www/html/tests/Unit/Server/McpServerTest.php" line="301" class="JTD\LaravelMCP\Tests\Unit\Server\McpServerTest" classname="JTD.LaravelMCP.Tests.Unit.Server.McpServerTest" assertions="0" time="0.000000">
          <error type="Exception">JTD\LaravelMCP\Tests\Unit\Server\McpServerTest::test_can_get_capabilities
Exception: The /var/www/html/vendor/orchestra/testbench-core/laravel/bootstrap/cache directory must be present and writable.

/var/www/html/vendor/laravel/framework/src/Illuminate/Foundation/PackageManifest.php:179
/var/www/html/vendor/orchestra/testbench-core/src/Foundation/PackageManifest.php:157
/var/www/html/vendor/laravel/framework/src/Illuminate/Foundation/PackageManifest.php:132
/var/www/html/vendor/laravel/framework/src/Illuminate/Foundation/PackageManifest.php:108
/var/www/html/vendor/orchestra/testbench-core/src/Foundation/PackageManifest.php:102
/var/www/html/vendor/laravel/framework/src/Illuminate/Foundation/PackageManifest.php:91
/var/www/html/vendor/laravel/framework/src/Illuminate/Foundation/PackageManifest.php:80
/var/www/html/vendor/laravel/framework/src/Illuminate/Foundation/Bootstrap/RegisterFacades.php:26
/var/www/html/vendor/orchestra/testbench-core/src/Concerns/CreatesApplication.php:556
/var/www/html/vendor/orchestra/testbench-core/src/Concerns/CreatesApplication.php:311
/var/www/html/vendor/orchestra/testbench-core/src/TestCase.php:121
/var/www/html/vendor/orchestra/testbench-core/src/Concerns/ApplicationTestingHooks.php:74
/var/www/html/vendor/orchestra/testbench-core/src/Concerns/Testing.php:43
/var/www/html/vendor/laravel/framework/src/Illuminate/Collections/helpers.php:236
/var/www/html/vendor/orchestra/sidekick/src/functions.php:87
/var/www/html/vendor/laravel/framework/src/Illuminate/Collections/helpers.php:236
/var/www/html/vendor/orchestra/testbench-core/src/Concerns/Testing.php:57
/var/www/html/vendor/orchestra/testbench-core/src/TestCase.php:50
/var/www/html/tests/TestCase.php:61
/var/www/html/tests/Unit/Server/McpServerTest.php:32</error>
        </testcase>
        <testcase name="test_can_set_and_get_configuration" file="/var/www/html/tests/Unit/Server/McpServerTest.php" line="314" class="JTD\LaravelMCP\Tests\Unit\Server\McpServerTest" classname="JTD.LaravelMCP.Tests.Unit.Server.McpServerTest" assertions="0" time="0.000000">
          <error type="Exception">JTD\LaravelMCP\Tests\Unit\Server\McpServerTest::test_can_set_and_get_configuration
Exception: The /var/www/html/vendor/orchestra/testbench-core/laravel/bootstrap/cache directory must be present and writable.

/var/www/html/vendor/laravel/framework/src/Illuminate/Foundation/PackageManifest.php:179
/var/www/html/vendor/orchestra/testbench-core/src/Foundation/PackageManifest.php:157
/var/www/html/vendor/laravel/framework/src/Illuminate/Foundation/PackageManifest.php:132
/var/www/html/vendor/laravel/framework/src/Illuminate/Foundation/PackageManifest.php:108
/var/www/html/vendor/orchestra/testbench-core/src/Foundation/PackageManifest.php:102
/var/www/html/vendor/laravel/framework/src/Illuminate/Foundation/PackageManifest.php:91
/var/www/html/vendor/laravel/framework/src/Illuminate/Foundation/PackageManifest.php:80
/var/www/html/vendor/laravel/framework/src/Illuminate/Foundation/Bootstrap/RegisterFacades.php:26
/var/www/html/vendor/orchestra/testbench-core/src/Concerns/CreatesApplication.php:556
/var/www/html/vendor/orchestra/testbench-core/src/Concerns/CreatesApplication.php:311
/var/www/html/vendor/orchestra/testbench-core/src/TestCase.php:121
/var/www/html/vendor/orchestra/testbench-core/src/Concerns/ApplicationTestingHooks.php:74
/var/www/html/vendor/orchestra/testbench-core/src/Concerns/Testing.php:43
/var/www/html/vendor/laravel/framework/src/Illuminate/Collections/helpers.php:236
/var/www/html/vendor/orchestra/sidekick/src/functions.php:87
/var/www/html/vendor/laravel/framework/src/Illuminate/Collections/helpers.php:236
/var/www/html/vendor/orchestra/testbench-core/src/Concerns/Testing.php:57
/var/www/html/vendor/orchestra/testbench-core/src/TestCase.php:50
/var/www/html/tests/TestCase.php:61
/var/www/html/tests/Unit/Server/McpServerTest.php:32</error>
        </testcase>
        <testcase name="test_can_register_transport" file="/var/www/html/tests/Unit/Server/McpServerTest.php" line="325" class="JTD\LaravelMCP\Tests\Unit\Server\McpServerTest" classname="JTD.LaravelMCP.Tests.Unit.Server.McpServerTest" assertions="0" time="0.000000">
          <error type="Exception">JTD\LaravelMCP\Tests\Unit\Server\McpServerTest::test_can_register_transport
Exception: The /var/www/html/vendor/orchestra/testbench-core/laravel/bootstrap/cache directory must be present and writable.

/var/www/html/vendor/laravel/framework/src/Illuminate/Foundation/PackageManifest.php:179
/var/www/html/vendor/orchestra/testbench-core/src/Foundation/PackageManifest.php:157
/var/www/html/vendor/laravel/framework/src/Illuminate/Foundation/PackageManifest.php:132
/var/www/html/vendor/laravel/framework/src/Illuminate/Foundation/PackageManifest.php:108
/var/www/html/vendor/orchestra/testbench-core/src/Foundation/PackageManifest.php:102
/var/www/html/vendor/laravel/framework/src/Illuminate/Foundation/PackageManifest.php:91
/var/www/html/vendor/laravel/framework/src/Illuminate/Foundation/PackageManifest.php:80
/var/www/html/vendor/laravel/framework/src/Illuminate/Foundation/Bootstrap/RegisterFacades.php:26
/var/www/html/vendor/orchestra/testbench-core/src/Concerns/CreatesApplication.php:556
/var/www/html/vendor/orchestra/testbench-core/src/Concerns/CreatesApplication.php:311
/var/www/html/vendor/orchestra/testbench-core/src/TestCase.php:121
/var/www/html/vendor/orchestra/testbench-core/src/Concerns/ApplicationTestingHooks.php:74
/var/www/html/vendor/orchestra/testbench-core/src/Concerns/Testing.php:43
/var/www/html/vendor/laravel/framework/src/Illuminate/Collections/helpers.php:236
/var/www/html/vendor/orchestra/sidekick/src/functions.php:87
/var/www/html/vendor/laravel/framework/src/Illuminate/Collections/helpers.php:236
/var/www/html/vendor/orchestra/testbench-core/src/Concerns/Testing.php:57
/var/www/html/vendor/orchestra/testbench-core/src/TestCase.php:50
/var/www/html/tests/TestCase.php:61
/var/www/html/tests/Unit/Server/McpServerTest.php:32</error>
        </testcase>
        <testcase name="test_can_remove_transport" file="/var/www/html/tests/Unit/Server/McpServerTest.php" line="340" class="JTD\LaravelMCP\Tests\Unit\Server\McpServerTest" classname="JTD.LaravelMCP.Tests.Unit.Server.McpServerTest" assertions="0" time="0.000000">
          <error type="Exception">JTD\LaravelMCP\Tests\Unit\Server\McpServerTest::test_can_remove_transport
Exception: The /var/www/html/vendor/orchestra/testbench-core/laravel/bootstrap/cache directory must be present and writable.

/var/www/html/vendor/laravel/framework/src/Illuminate/Foundation/PackageManifest.php:179
/var/www/html/vendor/orchestra/testbench-core/src/Foundation/PackageManifest.php:157
/var/www/html/vendor/laravel/framework/src/Illuminate/Foundation/PackageManifest.php:132
/var/www/html/vendor/laravel/framework/src/Illuminate/Foundation/PackageManifest.php:108
/var/www/html/vendor/orchestra/testbench-core/src/Foundation/PackageManifest.php:102
/var/www/html/vendor/laravel/framework/src/Illuminate/Foundation/PackageManifest.php:91
/var/www/html/vendor/laravel/framework/src/Illuminate/Foundation/PackageManifest.php:80
/var/www/html/vendor/laravel/framework/src/Illuminate/Foundation/Bootstrap/RegisterFacades.php:26
/var/www/html/vendor/orchestra/testbench-core/src/Concerns/CreatesApplication.php:556
/var/www/html/vendor/orchestra/testbench-core/src/Concerns/CreatesApplication.php:311
/var/www/html/vendor/orchestra/testbench-core/src/TestCase.php:121
/var/www/html/vendor/orchestra/testbench-core/src/Concerns/ApplicationTestingHooks.php:74
/var/www/html/vendor/orchestra/testbench-core/src/Concerns/Testing.php:43
/var/www/html/vendor/laravel/framework/src/Illuminate/Collections/helpers.php:236
/var/www/html/vendor/orchestra/sidekick/src/functions.php:87
/var/www/html/vendor/laravel/framework/src/Illuminate/Collections/helpers.php:236
/var/www/html/vendor/orchestra/testbench-core/src/Concerns/Testing.php:57
/var/www/html/vendor/orchestra/testbench-core/src/TestCase.php:50
/var/www/html/tests/TestCase.php:61
/var/www/html/tests/Unit/Server/McpServerTest.php:32</error>
        </testcase>
        <testcase name="test_can_get_uptime" file="/var/www/html/tests/Unit/Server/McpServerTest.php" line="359" class="JTD\LaravelMCP\Tests\Unit\Server\McpServerTest" classname="JTD.LaravelMCP.Tests.Unit.Server.McpServerTest" assertions="0" time="0.000000">
          <error type="Exception">JTD\LaravelMCP\Tests\Unit\Server\McpServerTest::test_can_get_uptime
Exception: The /var/www/html/vendor/orchestra/testbench-core/laravel/bootstrap/cache directory must be present and writable.

/var/www/html/vendor/laravel/framework/src/Illuminate/Foundation/PackageManifest.php:179
/var/www/html/vendor/orchestra/testbench-core/src/Foundation/PackageManifest.php:157
/var/www/html/vendor/laravel/framework/src/Illuminate/Foundation/PackageManifest.php:132
/var/www/html/vendor/laravel/framework/src/Illuminate/Foundation/PackageManifest.php:108
/var/www/html/vendor/orchestra/testbench-core/src/Foundation/PackageManifest.php:102
/var/www/html/vendor/laravel/framework/src/Illuminate/Foundation/PackageManifest.php:91
/var/www/html/vendor/laravel/framework/src/Illuminate/Foundation/PackageManifest.php:80
/var/www/html/vendor/laravel/framework/src/Illuminate/Foundation/Bootstrap/RegisterFacades.php:26
/var/www/html/vendor/orchestra/testbench-core/src/Concerns/CreatesApplication.php:556
/var/www/html/vendor/orchestra/testbench-core/src/Concerns/CreatesApplication.php:311
/var/www/html/vendor/orchestra/testbench-core/src/TestCase.php:121
/var/www/html/vendor/orchestra/testbench-core/src/Concerns/ApplicationTestingHooks.php:74
/var/www/html/vendor/orchestra/testbench-core/src/Concerns/Testing.php:43
/var/www/html/vendor/laravel/framework/src/Illuminate/Collections/helpers.php:236
/var/www/html/vendor/orchestra/sidekick/src/functions.php:87
/var/www/html/vendor/laravel/framework/src/Illuminate/Collections/helpers.php:236
/var/www/html/vendor/orchestra/testbench-core/src/Concerns/Testing.php:57
/var/www/html/vendor/orchestra/testbench-core/src/TestCase.php:50
/var/www/html/tests/TestCase.php:61
/var/www/html/tests/Unit/Server/McpServerTest.php:32</error>
        </testcase>
        <testcase name="test_can_get_metrics" file="/var/www/html/tests/Unit/Server/McpServerTest.php" line="372" class="JTD\LaravelMCP\Tests\Unit\Server\McpServerTest" classname="JTD.LaravelMCP.Tests.Unit.Server.McpServerTest" assertions="0" time="0.000000">
          <error type="Exception">JTD\LaravelMCP\Tests\Unit\Server\McpServerTest::test_can_get_metrics
Exception: The /var/www/html/vendor/orchestra/testbench-core/laravel/bootstrap/cache directory must be present and writable.

/var/www/html/vendor/laravel/framework/src/Illuminate/Foundation/PackageManifest.php:179
/var/www/html/vendor/orchestra/testbench-core/src/Foundation/PackageManifest.php:157
/var/www/html/vendor/laravel/framework/src/Illuminate/Foundation/PackageManifest.php:132
/var/www/html/vendor/laravel/framework/src/Illuminate/Foundation/PackageManifest.php:108
/var/www/html/vendor/orchestra/testbench-core/src/Foundation/PackageManifest.php:102
/var/www/html/vendor/laravel/framework/src/Illuminate/Foundation/PackageManifest.php:91
/var/www/html/vendor/laravel/framework/src/Illuminate/Foundation/PackageManifest.php:80
/var/www/html/vendor/laravel/framework/src/Illuminate/Foundation/Bootstrap/RegisterFacades.php:26
/var/www/html/vendor/orchestra/testbench-core/src/Concerns/CreatesApplication.php:556
/var/www/html/vendor/orchestra/testbench-core/src/Concerns/CreatesApplication.php:311
/var/www/html/vendor/orchestra/testbench-core/src/TestCase.php:121
/var/www/html/vendor/orchestra/testbench-core/src/Concerns/ApplicationTestingHooks.php:74
/var/www/html/vendor/orchestra/testbench-core/src/Concerns/Testing.php:43
/var/www/html/vendor/laravel/framework/src/Illuminate/Collections/helpers.php:236
/var/www/html/vendor/orchestra/sidekick/src/functions.php:87
/var/www/html/vendor/laravel/framework/src/Illuminate/Collections/helpers.php:236
/var/www/html/vendor/orchestra/testbench-core/src/Concerns/Testing.php:57
/var/www/html/vendor/orchestra/testbench-core/src/TestCase.php:50
/var/www/html/tests/TestCase.php:61
/var/www/html/tests/Unit/Server/McpServerTest.php:32</error>
        </testcase>
        <testcase name="test_can_shutdown_gracefully" file="/var/www/html/tests/Unit/Server/McpServerTest.php" line="401" class="JTD\LaravelMCP\Tests\Unit\Server\McpServerTest" classname="JTD.LaravelMCP.Tests.Unit.Server.McpServerTest" assertions="0" time="0.000000">
          <error type="Exception">JTD\LaravelMCP\Tests\Unit\Server\McpServerTest::test_can_shutdown_gracefully
Exception: The /var/www/html/vendor/orchestra/testbench-core/laravel/bootstrap/cache directory must be present and writable.

/var/www/html/vendor/laravel/framework/src/Illuminate/Foundation/PackageManifest.php:179
/var/www/html/vendor/orchestra/testbench-core/src/Foundation/PackageManifest.php:157
/var/www/html/vendor/laravel/framework/src/Illuminate/Foundation/PackageManifest.php:132
/var/www/html/vendor/laravel/framework/src/Illuminate/Foundation/PackageManifest.php:108
/var/www/html/vendor/orchestra/testbench-core/src/Foundation/PackageManifest.php:102
/var/www/html/vendor/laravel/framework/src/Illuminate/Foundation/PackageManifest.php:91
/var/www/html/vendor/laravel/framework/src/Illuminate/Foundation/PackageManifest.php:80
/var/www/html/vendor/laravel/framework/src/Illuminate/Foundation/Bootstrap/RegisterFacades.php:26
/var/www/html/vendor/orchestra/testbench-core/src/Concerns/CreatesApplication.php:556
/var/www/html/vendor/orchestra/testbench-core/src/Concerns/CreatesApplication.php:311
/var/www/html/vendor/orchestra/testbench-core/src/TestCase.php:121
/var/www/html/vendor/orchestra/testbench-core/src/Concerns/ApplicationTestingHooks.php:74
/var/www/html/vendor/orchestra/testbench-core/src/Concerns/Testing.php:43
/var/www/html/vendor/laravel/framework/src/Illuminate/Collections/helpers.php:236
/var/www/html/vendor/orchestra/sidekick/src/functions.php:87
/var/www/html/vendor/laravel/framework/src/Illuminate/Collections/helpers.php:236
/var/www/html/vendor/orchestra/testbench-core/src/Concerns/Testing.php:57
/var/www/html/vendor/orchestra/testbench-core/src/TestCase.php:50
/var/www/html/tests/TestCase.php:61
/var/www/html/tests/Unit/Server/McpServerTest.php:32</error>
        </testcase>
        <testcase name="test_can_increment_request_count" file="/var/www/html/tests/Unit/Server/McpServerTest.php" line="414" class="JTD\LaravelMCP\Tests\Unit\Server\McpServerTest" classname="JTD.LaravelMCP.Tests.Unit.Server.McpServerTest" assertions="0" time="0.000000">
          <error type="Exception">JTD\LaravelMCP\Tests\Unit\Server\McpServerTest::test_can_increment_request_count
Exception: The /var/www/html/vendor/orchestra/testbench-core/laravel/bootstrap/cache directory must be present and writable.

/var/www/html/vendor/laravel/framework/src/Illuminate/Foundation/PackageManifest.php:179
/var/www/html/vendor/orchestra/testbench-core/src/Foundation/PackageManifest.php:157
/var/www/html/vendor/laravel/framework/src/Illuminate/Foundation/PackageManifest.php:132
/var/www/html/vendor/laravel/framework/src/Illuminate/Foundation/PackageManifest.php:108
/var/www/html/vendor/orchestra/testbench-core/src/Foundation/PackageManifest.php:102
/var/www/html/vendor/laravel/framework/src/Illuminate/Foundation/PackageManifest.php:91
/var/www/html/vendor/laravel/framework/src/Illuminate/Foundation/PackageManifest.php:80
/var/www/html/vendor/laravel/framework/src/Illuminate/Foundation/Bootstrap/RegisterFacades.php:26
/var/www/html/vendor/orchestra/testbench-core/src/Concerns/CreatesApplication.php:556
/var/www/html/vendor/orchestra/testbench-core/src/Concerns/CreatesApplication.php:311
/var/www/html/vendor/orchestra/testbench-core/src/TestCase.php:121
/var/www/html/vendor/orchestra/testbench-core/src/Concerns/ApplicationTestingHooks.php:74
/var/www/html/vendor/orchestra/testbench-core/src/Concerns/Testing.php:43
/var/www/html/vendor/laravel/framework/src/Illuminate/Collections/helpers.php:236
/var/www/html/vendor/orchestra/sidekick/src/functions.php:87
/var/www/html/vendor/laravel/framework/src/Illuminate/Collections/helpers.php:236
/var/www/html/vendor/orchestra/testbench-core/src/Concerns/Testing.php:57
/var/www/html/vendor/orchestra/testbench-core/src/TestCase.php:50
/var/www/html/tests/TestCase.php:61
/var/www/html/tests/Unit/Server/McpServerTest.php:32</error>
        </testcase>
        <testcase name="test_can_increment_error_count" file="/var/www/html/tests/Unit/Server/McpServerTest.php" line="424" class="JTD\LaravelMCP\Tests\Unit\Server\McpServerTest" classname="JTD.LaravelMCP.Tests.Unit.Server.McpServerTest" assertions="0" time="0.000000">
          <error type="Exception">JTD\LaravelMCP\Tests\Unit\Server\McpServerTest::test_can_increment_error_count
Exception: The /var/www/html/vendor/orchestra/testbench-core/laravel/bootstrap/cache directory must be present and writable.

/var/www/html/vendor/laravel/framework/src/Illuminate/Foundation/PackageManifest.php:179
/var/www/html/vendor/orchestra/testbench-core/src/Foundation/PackageManifest.php:157
/var/www/html/vendor/laravel/framework/src/Illuminate/Foundation/PackageManifest.php:132
/var/www/html/vendor/laravel/framework/src/Illuminate/Foundation/PackageManifest.php:108
/var/www/html/vendor/orchestra/testbench-core/src/Foundation/PackageManifest.php:102
/var/www/html/vendor/laravel/framework/src/Illuminate/Foundation/PackageManifest.php:91
/var/www/html/vendor/laravel/framework/src/Illuminate/Foundation/PackageManifest.php:80
/var/www/html/vendor/laravel/framework/src/Illuminate/Foundation/Bootstrap/RegisterFacades.php:26
/var/www/html/vendor/orchestra/testbench-core/src/Concerns/CreatesApplication.php:556
/var/www/html/vendor/orchestra/testbench-core/src/Concerns/CreatesApplication.php:311
/var/www/html/vendor/orchestra/testbench-core/src/TestCase.php:121
/var/www/html/vendor/orchestra/testbench-core/src/Concerns/ApplicationTestingHooks.php:74
/var/www/html/vendor/orchestra/testbench-core/src/Concerns/Testing.php:43
/var/www/html/vendor/laravel/framework/src/Illuminate/Collections/helpers.php:236
/var/www/html/vendor/orchestra/sidekick/src/functions.php:87
/var/www/html/vendor/laravel/framework/src/Illuminate/Collections/helpers.php:236
/var/www/html/vendor/orchestra/testbench-core/src/Concerns/Testing.php:57
/var/www/html/vendor/orchestra/testbench-core/src/TestCase.php:50
/var/www/html/tests/TestCase.php:61
/var/www/html/tests/Unit/Server/McpServerTest.php:32</error>
        </testcase>
        <testcase name="test_can_get_diagnostics" file="/var/www/html/tests/Unit/Server/McpServerTest.php" line="434" class="JTD\LaravelMCP\Tests\Unit\Server\McpServerTest" classname="JTD.LaravelMCP.Tests.Unit.Server.McpServerTest" assertions="0" time="0.000000">
          <error type="Exception">JTD\LaravelMCP\Tests\Unit\Server\McpServerTest::test_can_get_diagnostics
Exception: The /var/www/html/vendor/orchestra/testbench-core/laravel/bootstrap/cache directory must be present and writable.

/var/www/html/vendor/laravel/framework/src/Illuminate/Foundation/PackageManifest.php:179
/var/www/html/vendor/orchestra/testbench-core/src/Foundation/PackageManifest.php:157
/var/www/html/vendor/laravel/framework/src/Illuminate/Foundation/PackageManifest.php:132
/var/www/html/vendor/laravel/framework/src/Illuminate/Foundation/PackageManifest.php:108
/var/www/html/vendor/orchestra/testbench-core/src/Foundation/PackageManifest.php:102
/var/www/html/vendor/laravel/framework/src/Illuminate/Foundation/PackageManifest.php:91
/var/www/html/vendor/laravel/framework/src/Illuminate/Foundation/PackageManifest.php:80
/var/www/html/vendor/laravel/framework/src/Illuminate/Foundation/Bootstrap/RegisterFacades.php:26
/var/www/html/vendor/orchestra/testbench-core/src/Concerns/CreatesApplication.php:556
/var/www/html/vendor/orchestra/testbench-core/src/Concerns/CreatesApplication.php:311
/var/www/html/vendor/orchestra/testbench-core/src/TestCase.php:121
/var/www/html/vendor/orchestra/testbench-core/src/Concerns/ApplicationTestingHooks.php:74
/var/www/html/vendor/orchestra/testbench-core/src/Concerns/Testing.php:43
/var/www/html/vendor/laravel/framework/src/Illuminate/Collections/helpers.php:236
/var/www/html/vendor/orchestra/sidekick/src/functions.php:87
/var/www/html/vendor/laravel/framework/src/Illuminate/Collections/helpers.php:236
/var/www/html/vendor/orchestra/testbench-core/src/Concerns/Testing.php:57
/var/www/html/vendor/orchestra/testbench-core/src/TestCase.php:50
/var/www/html/tests/TestCase.php:61
/var/www/html/tests/Unit/Server/McpServerTest.php:32</error>
        </testcase>
        <testcase name="test_handles_initialization_errors" file="/var/www/html/tests/Unit/Server/McpServerTest.php" line="455" class="JTD\LaravelMCP\Tests\Unit\Server\McpServerTest" classname="JTD.LaravelMCP.Tests.Unit.Server.McpServerTest" assertions="0" time="0.000000">
          <error type="Exception">JTD\LaravelMCP\Tests\Unit\Server\McpServerTest::test_handles_initialization_errors
Exception: The /var/www/html/vendor/orchestra/testbench-core/laravel/bootstrap/cache directory must be present and writable.

/var/www/html/vendor/laravel/framework/src/Illuminate/Foundation/PackageManifest.php:179
/var/www/html/vendor/orchestra/testbench-core/src/Foundation/PackageManifest.php:157
/var/www/html/vendor/laravel/framework/src/Illuminate/Foundation/PackageManifest.php:132
/var/www/html/vendor/laravel/framework/src/Illuminate/Foundation/PackageManifest.php:108
/var/www/html/vendor/orchestra/testbench-core/src/Foundation/PackageManifest.php:102
/var/www/html/vendor/laravel/framework/src/Illuminate/Foundation/PackageManifest.php:91
/var/www/html/vendor/laravel/framework/src/Illuminate/Foundation/PackageManifest.php:80
/var/www/html/vendor/laravel/framework/src/Illuminate/Foundation/Bootstrap/RegisterFacades.php:26
/var/www/html/vendor/orchestra/testbench-core/src/Concerns/CreatesApplication.php:556
/var/www/html/vendor/orchestra/testbench-core/src/Concerns/CreatesApplication.php:311
/var/www/html/vendor/orchestra/testbench-core/src/TestCase.php:121
/var/www/html/vendor/orchestra/testbench-core/src/Concerns/ApplicationTestingHooks.php:74
/var/www/html/vendor/orchestra/testbench-core/src/Concerns/Testing.php:43
/var/www/html/vendor/laravel/framework/src/Illuminate/Collections/helpers.php:236
/var/www/html/vendor/orchestra/sidekick/src/functions.php:87
/var/www/html/vendor/laravel/framework/src/Illuminate/Collections/helpers.php:236
/var/www/html/vendor/orchestra/testbench-core/src/Concerns/Testing.php:57
/var/www/html/vendor/orchestra/testbench-core/src/TestCase.php:50
/var/www/html/tests/TestCase.php:61
/var/www/html/tests/Unit/Server/McpServerTest.php:32</error>
        </testcase>
        <testcase name="test_handles_start_errors" file="/var/www/html/tests/Unit/Server/McpServerTest.php" line="467" class="JTD\LaravelMCP\Tests\Unit\Server\McpServerTest" classname="JTD.LaravelMCP.Tests.Unit.Server.McpServerTest" assertions="0" time="0.000000">
          <error type="Exception">JTD\LaravelMCP\Tests\Unit\Server\McpServerTest::test_handles_start_errors
Exception: The /var/www/html/vendor/orchestra/testbench-core/laravel/bootstrap/cache directory must be present and writable.

/var/www/html/vendor/laravel/framework/src/Illuminate/Foundation/PackageManifest.php:179
/var/www/html/vendor/orchestra/testbench-core/src/Foundation/PackageManifest.php:157
/var/www/html/vendor/laravel/framework/src/Illuminate/Foundation/PackageManifest.php:132
/var/www/html/vendor/laravel/framework/src/Illuminate/Foundation/PackageManifest.php:108
/var/www/html/vendor/orchestra/testbench-core/src/Foundation/PackageManifest.php:102
/var/www/html/vendor/laravel/framework/src/Illuminate/Foundation/PackageManifest.php:91
/var/www/html/vendor/laravel/framework/src/Illuminate/Foundation/PackageManifest.php:80
/var/www/html/vendor/laravel/framework/src/Illuminate/Foundation/Bootstrap/RegisterFacades.php:26
/var/www/html/vendor/orchestra/testbench-core/src/Concerns/CreatesApplication.php:556
/var/www/html/vendor/orchestra/testbench-core/src/Concerns/CreatesApplication.php:311
/var/www/html/vendor/orchestra/testbench-core/src/TestCase.php:121
/var/www/html/vendor/orchestra/testbench-core/src/Concerns/ApplicationTestingHooks.php:74
/var/www/html/vendor/orchestra/testbench-core/src/Concerns/Testing.php:43
/var/www/html/vendor/laravel/framework/src/Illuminate/Collections/helpers.php:236
/var/www/html/vendor/orchestra/sidekick/src/functions.php:87
/var/www/html/vendor/laravel/framework/src/Illuminate/Collections/helpers.php:236
/var/www/html/vendor/orchestra/testbench-core/src/Concerns/Testing.php:57
/var/www/html/vendor/orchestra/testbench-core/src/TestCase.php:50
/var/www/html/tests/TestCase.php:61
/var/www/html/tests/Unit/Server/McpServerTest.php:32</error>
        </testcase>
        <testcase name="test_handles_stop_errors" file="/var/www/html/tests/Unit/Server/McpServerTest.php" line="481" class="JTD\LaravelMCP\Tests\Unit\Server\McpServerTest" classname="JTD.LaravelMCP.Tests.Unit.Server.McpServerTest" assertions="0" time="0.000000">
          <error type="Exception">JTD\LaravelMCP\Tests\Unit\Server\McpServerTest::test_handles_stop_errors
Exception: The /var/www/html/vendor/orchestra/testbench-core/laravel/bootstrap/cache directory must be present and writable.

/var/www/html/vendor/laravel/framework/src/Illuminate/Foundation/PackageManifest.php:179
/var/www/html/vendor/orchestra/testbench-core/src/Foundation/PackageManifest.php:157
/var/www/html/vendor/laravel/framework/src/Illuminate/Foundation/PackageManifest.php:132
/var/www/html/vendor/laravel/framework/src/Illuminate/Foundation/PackageManifest.php:108
/var/www/html/vendor/orchestra/testbench-core/src/Foundation/PackageManifest.php:102
/var/www/html/vendor/laravel/framework/src/Illuminate/Foundation/PackageManifest.php:91
/var/www/html/vendor/laravel/framework/src/Illuminate/Foundation/PackageManifest.php:80
/var/www/html/vendor/laravel/framework/src/Illuminate/Foundation/Bootstrap/RegisterFacades.php:26
/var/www/html/vendor/orchestra/testbench-core/src/Concerns/CreatesApplication.php:556
/var/www/html/vendor/orchestra/testbench-core/src/Concerns/CreatesApplication.php:311
/var/www/html/vendor/orchestra/testbench-core/src/TestCase.php:121
/var/www/html/vendor/orchestra/testbench-core/src/Concerns/ApplicationTestingHooks.php:74
/var/www/html/vendor/orchestra/testbench-core/src/Concerns/Testing.php:43
/var/www/html/vendor/laravel/framework/src/Illuminate/Collections/helpers.php:236
/var/www/html/vendor/orchestra/sidekick/src/functions.php:87
/var/www/html/vendor/laravel/framework/src/Illuminate/Collections/helpers.php:236
/var/www/html/vendor/orchestra/testbench-core/src/Concerns/Testing.php:57
/var/www/html/vendor/orchestra/testbench-core/src/TestCase.php:50
/var/www/html/tests/TestCase.php:61
/var/www/html/tests/Unit/Server/McpServerTest.php:32</error>
        </testcase>
      </testsuite>
      <testsuite name="JTD\LaravelMCP\Tests\Unit\Server\ServerInfoTest" file="/var/www/html/tests/Unit/Server/ServerInfoTest.php" tests="26" assertions="0" errors="26" failures="0" skipped="0" time="0.000000">
        <testcase name="test_can_create_server_info_instance" file="/var/www/html/tests/Unit/Server/ServerInfoTest.php" line="20" class="JTD\LaravelMCP\Tests\Unit\Server\ServerInfoTest" classname="JTD.LaravelMCP.Tests.Unit.Server.ServerInfoTest" assertions="0" time="0.000000">
          <error type="Exception">JTD\LaravelMCP\Tests\Unit\Server\ServerInfoTest::test_can_create_server_info_instance
Exception: The /var/www/html/vendor/orchestra/testbench-core/laravel/bootstrap/cache directory must be present and writable.

/var/www/html/vendor/laravel/framework/src/Illuminate/Foundation/PackageManifest.php:179
/var/www/html/vendor/orchestra/testbench-core/src/Foundation/PackageManifest.php:157
/var/www/html/vendor/laravel/framework/src/Illuminate/Foundation/PackageManifest.php:132
/var/www/html/vendor/laravel/framework/src/Illuminate/Foundation/PackageManifest.php:108
/var/www/html/vendor/orchestra/testbench-core/src/Foundation/PackageManifest.php:102
/var/www/html/vendor/laravel/framework/src/Illuminate/Foundation/PackageManifest.php:91
/var/www/html/vendor/laravel/framework/src/Illuminate/Foundation/PackageManifest.php:80
/var/www/html/vendor/laravel/framework/src/Illuminate/Foundation/Bootstrap/RegisterFacades.php:26
/var/www/html/vendor/orchestra/testbench-core/src/Concerns/CreatesApplication.php:556
/var/www/html/vendor/orchestra/testbench-core/src/Concerns/CreatesApplication.php:311
/var/www/html/vendor/orchestra/testbench-core/src/TestCase.php:121
/var/www/html/vendor/orchestra/testbench-core/src/Concerns/ApplicationTestingHooks.php:74
/var/www/html/vendor/orchestra/testbench-core/src/Concerns/Testing.php:43
/var/www/html/vendor/laravel/framework/src/Illuminate/Collections/helpers.php:236
/var/www/html/vendor/orchestra/sidekick/src/functions.php:87
/var/www/html/vendor/laravel/framework/src/Illuminate/Collections/helpers.php:236
/var/www/html/vendor/orchestra/testbench-core/src/Concerns/Testing.php:57
/var/www/html/vendor/orchestra/testbench-core/src/TestCase.php:50
/var/www/html/tests/TestCase.php:61
/var/www/html/tests/Unit/Server/ServerInfoTest.php:15</error>
        </testcase>
        <testcase name="test_has_default_server_information" file="/var/www/html/tests/Unit/Server/ServerInfoTest.php" line="25" class="JTD\LaravelMCP\Tests\Unit\Server\ServerInfoTest" classname="JTD.LaravelMCP.Tests.Unit.Server.ServerInfoTest" assertions="0" time="0.000000">
          <error type="Exception">JTD\LaravelMCP\Tests\Unit\Server\ServerInfoTest::test_has_default_server_information
Exception: The /var/www/html/vendor/orchestra/testbench-core/laravel/bootstrap/cache directory must be present and writable.

/var/www/html/vendor/laravel/framework/src/Illuminate/Foundation/PackageManifest.php:179
/var/www/html/vendor/orchestra/testbench-core/src/Foundation/PackageManifest.php:157
/var/www/html/vendor/laravel/framework/src/Illuminate/Foundation/PackageManifest.php:132
/var/www/html/vendor/laravel/framework/src/Illuminate/Foundation/PackageManifest.php:108
/var/www/html/vendor/orchestra/testbench-core/src/Foundation/PackageManifest.php:102
/var/www/html/vendor/laravel/framework/src/Illuminate/Foundation/PackageManifest.php:91
/var/www/html/vendor/laravel/framework/src/Illuminate/Foundation/PackageManifest.php:80
/var/www/html/vendor/laravel/framework/src/Illuminate/Foundation/Bootstrap/RegisterFacades.php:26
/var/www/html/vendor/orchestra/testbench-core/src/Concerns/CreatesApplication.php:556
/var/www/html/vendor/orchestra/testbench-core/src/Concerns/CreatesApplication.php:311
/var/www/html/vendor/orchestra/testbench-core/src/TestCase.php:121
/var/www/html/vendor/orchestra/testbench-core/src/Concerns/ApplicationTestingHooks.php:74
/var/www/html/vendor/orchestra/testbench-core/src/Concerns/Testing.php:43
/var/www/html/vendor/laravel/framework/src/Illuminate/Collections/helpers.php:236
/var/www/html/vendor/orchestra/sidekick/src/functions.php:87
/var/www/html/vendor/laravel/framework/src/Illuminate/Collections/helpers.php:236
/var/www/html/vendor/orchestra/testbench-core/src/Concerns/Testing.php:57
/var/www/html/vendor/orchestra/testbench-core/src/TestCase.php:50
/var/www/html/tests/TestCase.php:61
/var/www/html/tests/Unit/Server/ServerInfoTest.php:15</error>
        </testcase>
        <testcase name="test_can_get_basic_info" file="/var/www/html/tests/Unit/Server/ServerInfoTest.php" line="40" class="JTD\LaravelMCP\Tests\Unit\Server\ServerInfoTest" classname="JTD.LaravelMCP.Tests.Unit.Server.ServerInfoTest" assertions="0" time="0.000000">
          <error type="Exception">JTD\LaravelMCP\Tests\Unit\Server\ServerInfoTest::test_can_get_basic_info
Exception: The /var/www/html/vendor/orchestra/testbench-core/laravel/bootstrap/cache directory must be present and writable.

/var/www/html/vendor/laravel/framework/src/Illuminate/Foundation/PackageManifest.php:179
/var/www/html/vendor/orchestra/testbench-core/src/Foundation/PackageManifest.php:157
/var/www/html/vendor/laravel/framework/src/Illuminate/Foundation/PackageManifest.php:132
/var/www/html/vendor/laravel/framework/src/Illuminate/Foundation/PackageManifest.php:108
/var/www/html/vendor/orchestra/testbench-core/src/Foundation/PackageManifest.php:102
/var/www/html/vendor/laravel/framework/src/Illuminate/Foundation/PackageManifest.php:91
/var/www/html/vendor/laravel/framework/src/Illuminate/Foundation/PackageManifest.php:80
/var/www/html/vendor/laravel/framework/src/Illuminate/Foundation/Bootstrap/RegisterFacades.php:26
/var/www/html/vendor/orchestra/testbench-core/src/Concerns/CreatesApplication.php:556
/var/www/html/vendor/orchestra/testbench-core/src/Concerns/CreatesApplication.php:311
/var/www/html/vendor/orchestra/testbench-core/src/TestCase.php:121
/var/www/html/vendor/orchestra/testbench-core/src/Concerns/ApplicationTestingHooks.php:74
/var/www/html/vendor/orchestra/testbench-core/src/Concerns/Testing.php:43
/var/www/html/vendor/laravel/framework/src/Illuminate/Collections/helpers.php:236
/var/www/html/vendor/orchestra/sidekick/src/functions.php:87
/var/www/html/vendor/laravel/framework/src/Illuminate/Collections/helpers.php:236
/var/www/html/vendor/orchestra/testbench-core/src/Concerns/Testing.php:57
/var/www/html/vendor/orchestra/testbench-core/src/TestCase.php:50
/var/www/html/tests/TestCase.php:61
/var/www/html/tests/Unit/Server/ServerInfoTest.php:15</error>
        </testcase>
        <testcase name="test_can_get_protocol_version" file="/var/www/html/tests/Unit/Server/ServerInfoTest.php" line="49" class="JTD\LaravelMCP\Tests\Unit\Server\ServerInfoTest" classname="JTD.LaravelMCP.Tests.Unit.Server.ServerInfoTest" assertions="0" time="0.000000">
          <error type="Exception">JTD\LaravelMCP\Tests\Unit\Server\ServerInfoTest::test_can_get_protocol_version
Exception: The /var/www/html/vendor/orchestra/testbench-core/laravel/bootstrap/cache directory must be present and writable.

/var/www/html/vendor/laravel/framework/src/Illuminate/Foundation/PackageManifest.php:179
/var/www/html/vendor/orchestra/testbench-core/src/Foundation/PackageManifest.php:157
/var/www/html/vendor/laravel/framework/src/Illuminate/Foundation/PackageManifest.php:132
/var/www/html/vendor/laravel/framework/src/Illuminate/Foundation/PackageManifest.php:108
/var/www/html/vendor/orchestra/testbench-core/src/Foundation/PackageManifest.php:102
/var/www/html/vendor/laravel/framework/src/Illuminate/Foundation/PackageManifest.php:91
/var/www/html/vendor/laravel/framework/src/Illuminate/Foundation/PackageManifest.php:80
/var/www/html/vendor/laravel/framework/src/Illuminate/Foundation/Bootstrap/RegisterFacades.php:26
/var/www/html/vendor/orchestra/testbench-core/src/Concerns/CreatesApplication.php:556
/var/www/html/vendor/orchestra/testbench-core/src/Concerns/CreatesApplication.php:311
/var/www/html/vendor/orchestra/testbench-core/src/TestCase.php:121
/var/www/html/vendor/orchestra/testbench-core/src/Concerns/ApplicationTestingHooks.php:74
/var/www/html/vendor/orchestra/testbench-core/src/Concerns/Testing.php:43
/var/www/html/vendor/laravel/framework/src/Illuminate/Collections/helpers.php:236
/var/www/html/vendor/orchestra/sidekick/src/functions.php:87
/var/www/html/vendor/laravel/framework/src/Illuminate/Collections/helpers.php:236
/var/www/html/vendor/orchestra/testbench-core/src/Concerns/Testing.php:57
/var/www/html/vendor/orchestra/testbench-core/src/TestCase.php:50
/var/www/html/tests/TestCase.php:61
/var/www/html/tests/Unit/Server/ServerInfoTest.php:15</error>
        </testcase>
        <testcase name="test_can_get_uptime" file="/var/www/html/tests/Unit/Server/ServerInfoTest.php" line="56" class="JTD\LaravelMCP\Tests\Unit\Server\ServerInfoTest" classname="JTD.LaravelMCP.Tests.Unit.Server.ServerInfoTest" assertions="0" time="0.000000">
          <error type="Exception">JTD\LaravelMCP\Tests\Unit\Server\ServerInfoTest::test_can_get_uptime
Exception: The /var/www/html/vendor/orchestra/testbench-core/laravel/bootstrap/cache directory must be present and writable.

/var/www/html/vendor/laravel/framework/src/Illuminate/Foundation/PackageManifest.php:179
/var/www/html/vendor/orchestra/testbench-core/src/Foundation/PackageManifest.php:157
/var/www/html/vendor/laravel/framework/src/Illuminate/Foundation/PackageManifest.php:132
/var/www/html/vendor/laravel/framework/src/Illuminate/Foundation/PackageManifest.php:108
/var/www/html/vendor/orchestra/testbench-core/src/Foundation/PackageManifest.php:102
/var/www/html/vendor/laravel/framework/src/Illuminate/Foundation/PackageManifest.php:91
/var/www/html/vendor/laravel/framework/src/Illuminate/Foundation/PackageManifest.php:80
/var/www/html/vendor/laravel/framework/src/Illuminate/Foundation/Bootstrap/RegisterFacades.php:26
/var/www/html/vendor/orchestra/testbench-core/src/Concerns/CreatesApplication.php:556
/var/www/html/vendor/orchestra/testbench-core/src/Concerns/CreatesApplication.php:311
/var/www/html/vendor/orchestra/testbench-core/src/TestCase.php:121
/var/www/html/vendor/orchestra/testbench-core/src/Concerns/ApplicationTestingHooks.php:74
/var/www/html/vendor/orchestra/testbench-core/src/Concerns/Testing.php:43
/var/www/html/vendor/laravel/framework/src/Illuminate/Collections/helpers.php:236
/var/www/html/vendor/orchestra/sidekick/src/functions.php:87
/var/www/html/vendor/laravel/framework/src/Illuminate/Collections/helpers.php:236
/var/www/html/vendor/orchestra/testbench-core/src/Concerns/Testing.php:57
/var/www/html/vendor/orchestra/testbench-core/src/TestCase.php:50
/var/www/html/tests/TestCase.php:61
/var/www/html/tests/Unit/Server/ServerInfoTest.php:15</error>
        </testcase>
        <testcase name="test_can_get_start_time" file="/var/www/html/tests/Unit/Server/ServerInfoTest.php" line="64" class="JTD\LaravelMCP\Tests\Unit\Server\ServerInfoTest" classname="JTD.LaravelMCP.Tests.Unit.Server.ServerInfoTest" assertions="0" time="0.000000">
          <error type="Exception">JTD\LaravelMCP\Tests\Unit\Server\ServerInfoTest::test_can_get_start_time
Exception: The /var/www/html/vendor/orchestra/testbench-core/laravel/bootstrap/cache directory must be present and writable.

/var/www/html/vendor/laravel/framework/src/Illuminate/Foundation/PackageManifest.php:179
/var/www/html/vendor/orchestra/testbench-core/src/Foundation/PackageManifest.php:157
/var/www/html/vendor/laravel/framework/src/Illuminate/Foundation/PackageManifest.php:132
/var/www/html/vendor/laravel/framework/src/Illuminate/Foundation/PackageManifest.php:108
/var/www/html/vendor/orchestra/testbench-core/src/Foundation/PackageManifest.php:102
/var/www/html/vendor/laravel/framework/src/Illuminate/Foundation/PackageManifest.php:91
/var/www/html/vendor/laravel/framework/src/Illuminate/Foundation/PackageManifest.php:80
/var/www/html/vendor/laravel/framework/src/Illuminate/Foundation/Bootstrap/RegisterFacades.php:26
/var/www/html/vendor/orchestra/testbench-core/src/Concerns/CreatesApplication.php:556
/var/www/html/vendor/orchestra/testbench-core/src/Concerns/CreatesApplication.php:311
/var/www/html/vendor/orchestra/testbench-core/src/TestCase.php:121
/var/www/html/vendor/orchestra/testbench-core/src/Concerns/ApplicationTestingHooks.php:74
/var/www/html/vendor/orchestra/testbench-core/src/Concerns/Testing.php:43
/var/www/html/vendor/laravel/framework/src/Illuminate/Collections/helpers.php:236
/var/www/html/vendor/orchestra/sidekick/src/functions.php:87
/var/www/html/vendor/laravel/framework/src/Illuminate/Collections/helpers.php:236
/var/www/html/vendor/orchestra/testbench-core/src/Concerns/Testing.php:57
/var/www/html/vendor/orchestra/testbench-core/src/TestCase.php:50
/var/www/html/tests/TestCase.php:61
/var/www/html/tests/Unit/Server/ServerInfoTest.php:15</error>
        </testcase>
        <testcase name="test_can_get_name" file="/var/www/html/tests/Unit/Server/ServerInfoTest.php" line="72" class="JTD\LaravelMCP\Tests\Unit\Server\ServerInfoTest" classname="JTD.LaravelMCP.Tests.Unit.Server.ServerInfoTest" assertions="0" time="0.000000">
          <error type="Exception">JTD\LaravelMCP\Tests\Unit\Server\ServerInfoTest::test_can_get_name
Exception: The /var/www/html/vendor/orchestra/testbench-core/laravel/bootstrap/cache directory must be present and writable.

/var/www/html/vendor/laravel/framework/src/Illuminate/Foundation/PackageManifest.php:179
/var/www/html/vendor/orchestra/testbench-core/src/Foundation/PackageManifest.php:157
/var/www/html/vendor/laravel/framework/src/Illuminate/Foundation/PackageManifest.php:132
/var/www/html/vendor/laravel/framework/src/Illuminate/Foundation/PackageManifest.php:108
/var/www/html/vendor/orchestra/testbench-core/src/Foundation/PackageManifest.php:102
/var/www/html/vendor/laravel/framework/src/Illuminate/Foundation/PackageManifest.php:91
/var/www/html/vendor/laravel/framework/src/Illuminate/Foundation/PackageManifest.php:80
/var/www/html/vendor/laravel/framework/src/Illuminate/Foundation/Bootstrap/RegisterFacades.php:26
/var/www/html/vendor/orchestra/testbench-core/src/Concerns/CreatesApplication.php:556
/var/www/html/vendor/orchestra/testbench-core/src/Concerns/CreatesApplication.php:311
/var/www/html/vendor/orchestra/testbench-core/src/TestCase.php:121
/var/www/html/vendor/orchestra/testbench-core/src/Concerns/ApplicationTestingHooks.php:74
/var/www/html/vendor/orchestra/testbench-core/src/Concerns/Testing.php:43
/var/www/html/vendor/laravel/framework/src/Illuminate/Collections/helpers.php:236
/var/www/html/vendor/orchestra/sidekick/src/functions.php:87
/var/www/html/vendor/laravel/framework/src/Illuminate/Collections/helpers.php:236
/var/www/html/vendor/orchestra/testbench-core/src/Concerns/Testing.php:57
/var/www/html/vendor/orchestra/testbench-core/src/TestCase.php:50
/var/www/html/tests/TestCase.php:61
/var/www/html/tests/Unit/Server/ServerInfoTest.php:15</error>
        </testcase>
        <testcase name="test_can_get_version" file="/var/www/html/tests/Unit/Server/ServerInfoTest.php" line="80" class="JTD\LaravelMCP\Tests\Unit\Server\ServerInfoTest" classname="JTD.LaravelMCP.Tests.Unit.Server.ServerInfoTest" assertions="0" time="0.000000">
          <error type="Exception">JTD\LaravelMCP\Tests\Unit\Server\ServerInfoTest::test_can_get_version
Exception: The /var/www/html/vendor/orchestra/testbench-core/laravel/bootstrap/cache directory must be present and writable.

/var/www/html/vendor/laravel/framework/src/Illuminate/Foundation/PackageManifest.php:179
/var/www/html/vendor/orchestra/testbench-core/src/Foundation/PackageManifest.php:157
/var/www/html/vendor/laravel/framework/src/Illuminate/Foundation/PackageManifest.php:132
/var/www/html/vendor/laravel/framework/src/Illuminate/Foundation/PackageManifest.php:108
/var/www/html/vendor/orchestra/testbench-core/src/Foundation/PackageManifest.php:102
/var/www/html/vendor/laravel/framework/src/Illuminate/Foundation/PackageManifest.php:91
/var/www/html/vendor/laravel/framework/src/Illuminate/Foundation/PackageManifest.php:80
/var/www/html/vendor/laravel/framework/src/Illuminate/Foundation/Bootstrap/RegisterFacades.php:26
/var/www/html/vendor/orchestra/testbench-core/src/Concerns/CreatesApplication.php:556
/var/www/html/vendor/orchestra/testbench-core/src/Concerns/CreatesApplication.php:311
/var/www/html/vendor/orchestra/testbench-core/src/TestCase.php:121
/var/www/html/vendor/orchestra/testbench-core/src/Concerns/ApplicationTestingHooks.php:74
/var/www/html/vendor/orchestra/testbench-core/src/Concerns/Testing.php:43
/var/www/html/vendor/laravel/framework/src/Illuminate/Collections/helpers.php:236
/var/www/html/vendor/orchestra/sidekick/src/functions.php:87
/var/www/html/vendor/laravel/framework/src/Illuminate/Collections/helpers.php:236
/var/www/html/vendor/orchestra/testbench-core/src/Concerns/Testing.php:57
/var/www/html/vendor/orchestra/testbench-core/src/TestCase.php:50
/var/www/html/tests/TestCase.php:61
/var/www/html/tests/Unit/Server/ServerInfoTest.php:15</error>
        </testcase>
        <testcase name="test_can_get_description" file="/var/www/html/tests/Unit/Server/ServerInfoTest.php" line="88" class="JTD\LaravelMCP\Tests\Unit\Server\ServerInfoTest" classname="JTD.LaravelMCP.Tests.Unit.Server.ServerInfoTest" assertions="0" time="0.000000">
          <error type="Exception">JTD\LaravelMCP\Tests\Unit\Server\ServerInfoTest::test_can_get_description
Exception: The /var/www/html/vendor/orchestra/testbench-core/laravel/bootstrap/cache directory must be present and writable.

/var/www/html/vendor/laravel/framework/src/Illuminate/Foundation/PackageManifest.php:179
/var/www/html/vendor/orchestra/testbench-core/src/Foundation/PackageManifest.php:157
/var/www/html/vendor/laravel/framework/src/Illuminate/Foundation/PackageManifest.php:132
/var/www/html/vendor/laravel/framework/src/Illuminate/Foundation/PackageManifest.php:108
/var/www/html/vendor/orchestra/testbench-core/src/Foundation/PackageManifest.php:102
/var/www/html/vendor/laravel/framework/src/Illuminate/Foundation/PackageManifest.php:91
/var/www/html/vendor/laravel/framework/src/Illuminate/Foundation/PackageManifest.php:80
/var/www/html/vendor/laravel/framework/src/Illuminate/Foundation/Bootstrap/RegisterFacades.php:26
/var/www/html/vendor/orchestra/testbench-core/src/Concerns/CreatesApplication.php:556
/var/www/html/vendor/orchestra/testbench-core/src/Concerns/CreatesApplication.php:311
/var/www/html/vendor/orchestra/testbench-core/src/TestCase.php:121
/var/www/html/vendor/orchestra/testbench-core/src/Concerns/ApplicationTestingHooks.php:74
/var/www/html/vendor/orchestra/testbench-core/src/Concerns/Testing.php:43
/var/www/html/vendor/laravel/framework/src/Illuminate/Collections/helpers.php:236
/var/www/html/vendor/orchestra/sidekick/src/functions.php:87
/var/www/html/vendor/laravel/framework/src/Illuminate/Collections/helpers.php:236
/var/www/html/vendor/orchestra/testbench-core/src/Concerns/Testing.php:57
/var/www/html/vendor/orchestra/testbench-core/src/TestCase.php:50
/var/www/html/tests/TestCase.php:61
/var/www/html/tests/Unit/Server/ServerInfoTest.php:15</error>
        </testcase>
        <testcase name="test_can_get_vendor" file="/var/www/html/tests/Unit/Server/ServerInfoTest.php" line="96" class="JTD\LaravelMCP\Tests\Unit\Server\ServerInfoTest" classname="JTD.LaravelMCP.Tests.Unit.Server.ServerInfoTest" assertions="0" time="0.000000">
          <error type="Exception">JTD\LaravelMCP\Tests\Unit\Server\ServerInfoTest::test_can_get_vendor
Exception: The /var/www/html/vendor/orchestra/testbench-core/laravel/bootstrap/cache directory must be present and writable.

/var/www/html/vendor/laravel/framework/src/Illuminate/Foundation/PackageManifest.php:179
/var/www/html/vendor/orchestra/testbench-core/src/Foundation/PackageManifest.php:157
/var/www/html/vendor/laravel/framework/src/Illuminate/Foundation/PackageManifest.php:132
/var/www/html/vendor/laravel/framework/src/Illuminate/Foundation/PackageManifest.php:108
/var/www/html/vendor/orchestra/testbench-core/src/Foundation/PackageManifest.php:102
/var/www/html/vendor/laravel/framework/src/Illuminate/Foundation/PackageManifest.php:91
/var/www/html/vendor/laravel/framework/src/Illuminate/Foundation/PackageManifest.php:80
/var/www/html/vendor/laravel/framework/src/Illuminate/Foundation/Bootstrap/RegisterFacades.php:26
/var/www/html/vendor/orchestra/testbench-core/src/Concerns/CreatesApplication.php:556
/var/www/html/vendor/orchestra/testbench-core/src/Concerns/CreatesApplication.php:311
/var/www/html/vendor/orchestra/testbench-core/src/TestCase.php:121
/var/www/html/vendor/orchestra/testbench-core/src/Concerns/ApplicationTestingHooks.php:74
/var/www/html/vendor/orchestra/testbench-core/src/Concerns/Testing.php:43
/var/www/html/vendor/laravel/framework/src/Illuminate/Collections/helpers.php:236
/var/www/html/vendor/orchestra/sidekick/src/functions.php:87
/var/www/html/vendor/laravel/framework/src/Illuminate/Collections/helpers.php:236
/var/www/html/vendor/orchestra/testbench-core/src/Concerns/Testing.php:57
/var/www/html/vendor/orchestra/testbench-core/src/TestCase.php:50
/var/www/html/tests/TestCase.php:61
/var/www/html/tests/Unit/Server/ServerInfoTest.php:15</error>
        </testcase>
        <testcase name="test_can_set_name" file="/var/www/html/tests/Unit/Server/ServerInfoTest.php" line="104" class="JTD\LaravelMCP\Tests\Unit\Server\ServerInfoTest" classname="JTD.LaravelMCP.Tests.Unit.Server.ServerInfoTest" assertions="0" time="0.000000">
          <error type="Exception">JTD\LaravelMCP\Tests\Unit\Server\ServerInfoTest::test_can_set_name
Exception: The /var/www/html/vendor/orchestra/testbench-core/laravel/bootstrap/cache directory must be present and writable.

/var/www/html/vendor/laravel/framework/src/Illuminate/Foundation/PackageManifest.php:179
/var/www/html/vendor/orchestra/testbench-core/src/Foundation/PackageManifest.php:157
/var/www/html/vendor/laravel/framework/src/Illuminate/Foundation/PackageManifest.php:132
/var/www/html/vendor/laravel/framework/src/Illuminate/Foundation/PackageManifest.php:108
/var/www/html/vendor/orchestra/testbench-core/src/Foundation/PackageManifest.php:102
/var/www/html/vendor/laravel/framework/src/Illuminate/Foundation/PackageManifest.php:91
/var/www/html/vendor/laravel/framework/src/Illuminate/Foundation/PackageManifest.php:80
/var/www/html/vendor/laravel/framework/src/Illuminate/Foundation/Bootstrap/RegisterFacades.php:26
/var/www/html/vendor/orchestra/testbench-core/src/Concerns/CreatesApplication.php:556
/var/www/html/vendor/orchestra/testbench-core/src/Concerns/CreatesApplication.php:311
/var/www/html/vendor/orchestra/testbench-core/src/TestCase.php:121
/var/www/html/vendor/orchestra/testbench-core/src/Concerns/ApplicationTestingHooks.php:74
/var/www/html/vendor/orchestra/testbench-core/src/Concerns/Testing.php:43
/var/www/html/vendor/laravel/framework/src/Illuminate/Collections/helpers.php:236
/var/www/html/vendor/orchestra/sidekick/src/functions.php:87
/var/www/html/vendor/laravel/framework/src/Illuminate/Collections/helpers.php:236
/var/www/html/vendor/orchestra/testbench-core/src/Concerns/Testing.php:57
/var/www/html/vendor/orchestra/testbench-core/src/TestCase.php:50
/var/www/html/tests/TestCase.php:61
/var/www/html/tests/Unit/Server/ServerInfoTest.php:15</error>
        </testcase>
        <testcase name="test_can_set_version" file="/var/www/html/tests/Unit/Server/ServerInfoTest.php" line="112" class="JTD\LaravelMCP\Tests\Unit\Server\ServerInfoTest" classname="JTD.LaravelMCP.Tests.Unit.Server.ServerInfoTest" assertions="0" time="0.000000">
          <error type="Exception">JTD\LaravelMCP\Tests\Unit\Server\ServerInfoTest::test_can_set_version
Exception: The /var/www/html/vendor/orchestra/testbench-core/laravel/bootstrap/cache directory must be present and writable.

/var/www/html/vendor/laravel/framework/src/Illuminate/Foundation/PackageManifest.php:179
/var/www/html/vendor/orchestra/testbench-core/src/Foundation/PackageManifest.php:157
/var/www/html/vendor/laravel/framework/src/Illuminate/Foundation/PackageManifest.php:132
/var/www/html/vendor/laravel/framework/src/Illuminate/Foundation/PackageManifest.php:108
/var/www/html/vendor/orchestra/testbench-core/src/Foundation/PackageManifest.php:102
/var/www/html/vendor/laravel/framework/src/Illuminate/Foundation/PackageManifest.php:91
/var/www/html/vendor/laravel/framework/src/Illuminate/Foundation/PackageManifest.php:80
/var/www/html/vendor/laravel/framework/src/Illuminate/Foundation/Bootstrap/RegisterFacades.php:26
/var/www/html/vendor/orchestra/testbench-core/src/Concerns/CreatesApplication.php:556
/var/www/html/vendor/orchestra/testbench-core/src/Concerns/CreatesApplication.php:311
/var/www/html/vendor/orchestra/testbench-core/src/TestCase.php:121
/var/www/html/vendor/orchestra/testbench-core/src/Concerns/ApplicationTestingHooks.php:74
/var/www/html/vendor/orchestra/testbench-core/src/Concerns/Testing.php:43
/var/www/html/vendor/laravel/framework/src/Illuminate/Collections/helpers.php:236
/var/www/html/vendor/orchestra/sidekick/src/functions.php:87
/var/www/html/vendor/laravel/framework/src/Illuminate/Collections/helpers.php:236
/var/www/html/vendor/orchestra/testbench-core/src/Concerns/Testing.php:57
/var/www/html/vendor/orchestra/testbench-core/src/TestCase.php:50
/var/www/html/tests/TestCase.php:61
/var/www/html/tests/Unit/Server/ServerInfoTest.php:15</error>
        </testcase>
        <testcase name="test_can_set_description" file="/var/www/html/tests/Unit/Server/ServerInfoTest.php" line="120" class="JTD\LaravelMCP\Tests\Unit\Server\ServerInfoTest" classname="JTD.LaravelMCP.Tests.Unit.Server.ServerInfoTest" assertions="0" time="0.000000">
          <error type="Exception">JTD\LaravelMCP\Tests\Unit\Server\ServerInfoTest::test_can_set_description
Exception: The /var/www/html/vendor/orchestra/testbench-core/laravel/bootstrap/cache directory must be present and writable.

/var/www/html/vendor/laravel/framework/src/Illuminate/Foundation/PackageManifest.php:179
/var/www/html/vendor/orchestra/testbench-core/src/Foundation/PackageManifest.php:157
/var/www/html/vendor/laravel/framework/src/Illuminate/Foundation/PackageManifest.php:132
/var/www/html/vendor/laravel/framework/src/Illuminate/Foundation/PackageManifest.php:108
/var/www/html/vendor/orchestra/testbench-core/src/Foundation/PackageManifest.php:102
/var/www/html/vendor/laravel/framework/src/Illuminate/Foundation/PackageManifest.php:91
/var/www/html/vendor/laravel/framework/src/Illuminate/Foundation/PackageManifest.php:80
/var/www/html/vendor/laravel/framework/src/Illuminate/Foundation/Bootstrap/RegisterFacades.php:26
/var/www/html/vendor/orchestra/testbench-core/src/Concerns/CreatesApplication.php:556
/var/www/html/vendor/orchestra/testbench-core/src/Concerns/CreatesApplication.php:311
/var/www/html/vendor/orchestra/testbench-core/src/TestCase.php:121
/var/www/html/vendor/orchestra/testbench-core/src/Concerns/ApplicationTestingHooks.php:74
/var/www/html/vendor/orchestra/testbench-core/src/Concerns/Testing.php:43
/var/www/html/vendor/laravel/framework/src/Illuminate/Collections/helpers.php:236
/var/www/html/vendor/orchestra/sidekick/src/functions.php:87
/var/www/html/vendor/laravel/framework/src/Illuminate/Collections/helpers.php:236
/var/www/html/vendor/orchestra/testbench-core/src/Concerns/Testing.php:57
/var/www/html/vendor/orchestra/testbench-core/src/TestCase.php:50
/var/www/html/tests/TestCase.php:61
/var/www/html/tests/Unit/Server/ServerInfoTest.php:15</error>
        </testcase>
        <testcase name="test_can_set_vendor" file="/var/www/html/tests/Unit/Server/ServerInfoTest.php" line="128" class="JTD\LaravelMCP\Tests\Unit\Server\ServerInfoTest" classname="JTD.LaravelMCP.Tests.Unit.Server.ServerInfoTest" assertions="0" time="0.000000">
          <error type="Exception">JTD\LaravelMCP\Tests\Unit\Server\ServerInfoTest::test_can_set_vendor
Exception: The /var/www/html/vendor/orchestra/testbench-core/laravel/bootstrap/cache directory must be present and writable.

/var/www/html/vendor/laravel/framework/src/Illuminate/Foundation/PackageManifest.php:179
/var/www/html/vendor/orchestra/testbench-core/src/Foundation/PackageManifest.php:157
/var/www/html/vendor/laravel/framework/src/Illuminate/Foundation/PackageManifest.php:132
/var/www/html/vendor/laravel/framework/src/Illuminate/Foundation/PackageManifest.php:108
/var/www/html/vendor/orchestra/testbench-core/src/Foundation/PackageManifest.php:102
/var/www/html/vendor/laravel/framework/src/Illuminate/Foundation/PackageManifest.php:91
/var/www/html/vendor/laravel/framework/src/Illuminate/Foundation/PackageManifest.php:80
/var/www/html/vendor/laravel/framework/src/Illuminate/Foundation/Bootstrap/RegisterFacades.php:26
/var/www/html/vendor/orchestra/testbench-core/src/Concerns/CreatesApplication.php:556
/var/www/html/vendor/orchestra/testbench-core/src/Concerns/CreatesApplication.php:311
/var/www/html/vendor/orchestra/testbench-core/src/TestCase.php:121
/var/www/html/vendor/orchestra/testbench-core/src/Concerns/ApplicationTestingHooks.php:74
/var/www/html/vendor/orchestra/testbench-core/src/Concerns/Testing.php:43
/var/www/html/vendor/laravel/framework/src/Illuminate/Collections/helpers.php:236
/var/www/html/vendor/orchestra/sidekick/src/functions.php:87
/var/www/html/vendor/laravel/framework/src/Illuminate/Collections/helpers.php:236
/var/www/html/vendor/orchestra/testbench-core/src/Concerns/Testing.php:57
/var/www/html/vendor/orchestra/testbench-core/src/TestCase.php:50
/var/www/html/tests/TestCase.php:61
/var/www/html/tests/Unit/Server/ServerInfoTest.php:15</error>
        </testcase>
        <testcase name="test_can_update_server_info" file="/var/www/html/tests/Unit/Server/ServerInfoTest.php" line="136" class="JTD\LaravelMCP\Tests\Unit\Server\ServerInfoTest" classname="JTD.LaravelMCP.Tests.Unit.Server.ServerInfoTest" assertions="0" time="0.000000">
          <error type="Exception">JTD\LaravelMCP\Tests\Unit\Server\ServerInfoTest::test_can_update_server_info
Exception: The /var/www/html/vendor/orchestra/testbench-core/laravel/bootstrap/cache directory must be present and writable.

/var/www/html/vendor/laravel/framework/src/Illuminate/Foundation/PackageManifest.php:179
/var/www/html/vendor/orchestra/testbench-core/src/Foundation/PackageManifest.php:157
/var/www/html/vendor/laravel/framework/src/Illuminate/Foundation/PackageManifest.php:132
/var/www/html/vendor/laravel/framework/src/Illuminate/Foundation/PackageManifest.php:108
/var/www/html/vendor/orchestra/testbench-core/src/Foundation/PackageManifest.php:102
/var/www/html/vendor/laravel/framework/src/Illuminate/Foundation/PackageManifest.php:91
/var/www/html/vendor/laravel/framework/src/Illuminate/Foundation/PackageManifest.php:80
/var/www/html/vendor/laravel/framework/src/Illuminate/Foundation/Bootstrap/RegisterFacades.php:26
/var/www/html/vendor/orchestra/testbench-core/src/Concerns/CreatesApplication.php:556
/var/www/html/vendor/orchestra/testbench-core/src/Concerns/CreatesApplication.php:311
/var/www/html/vendor/orchestra/testbench-core/src/TestCase.php:121
/var/www/html/vendor/orchestra/testbench-core/src/Concerns/ApplicationTestingHooks.php:74
/var/www/html/vendor/orchestra/testbench-core/src/Concerns/Testing.php:43
/var/www/html/vendor/laravel/framework/src/Illuminate/Collections/helpers.php:236
/var/www/html/vendor/orchestra/sidekick/src/functions.php:87
/var/www/html/vendor/laravel/framework/src/Illuminate/Collections/helpers.php:236
/var/www/html/vendor/orchestra/testbench-core/src/Concerns/Testing.php:57
/var/www/html/vendor/orchestra/testbench-core/src/TestCase.php:50
/var/www/html/tests/TestCase.php:61
/var/www/html/tests/Unit/Server/ServerInfoTest.php:15</error>
        </testcase>
        <testcase name="test_can_update_runtime_info" file="/var/www/html/tests/Unit/Server/ServerInfoTest.php" line="149" class="JTD\LaravelMCP\Tests\Unit\Server\ServerInfoTest" classname="JTD.LaravelMCP.Tests.Unit.Server.ServerInfoTest" assertions="0" time="0.000000">
          <error type="Exception">JTD\LaravelMCP\Tests\Unit\Server\ServerInfoTest::test_can_update_runtime_info
Exception: The /var/www/html/vendor/orchestra/testbench-core/laravel/bootstrap/cache directory must be present and writable.

/var/www/html/vendor/laravel/framework/src/Illuminate/Foundation/PackageManifest.php:179
/var/www/html/vendor/orchestra/testbench-core/src/Foundation/PackageManifest.php:157
/var/www/html/vendor/laravel/framework/src/Illuminate/Foundation/PackageManifest.php:132
/var/www/html/vendor/laravel/framework/src/Illuminate/Foundation/PackageManifest.php:108
/var/www/html/vendor/orchestra/testbench-core/src/Foundation/PackageManifest.php:102
/var/www/html/vendor/laravel/framework/src/Illuminate/Foundation/PackageManifest.php:91
/var/www/html/vendor/laravel/framework/src/Illuminate/Foundation/PackageManifest.php:80
/var/www/html/vendor/laravel/framework/src/Illuminate/Foundation/Bootstrap/RegisterFacades.php:26
/var/www/html/vendor/orchestra/testbench-core/src/Concerns/CreatesApplication.php:556
/var/www/html/vendor/orchestra/testbench-core/src/Concerns/CreatesApplication.php:311
/var/www/html/vendor/orchestra/testbench-core/src/TestCase.php:121
/var/www/html/vendor/orchestra/testbench-core/src/Concerns/ApplicationTestingHooks.php:74
/var/www/html/vendor/orchestra/testbench-core/src/Concerns/Testing.php:43
/var/www/html/vendor/laravel/framework/src/Illuminate/Collections/helpers.php:236
/var/www/html/vendor/orchestra/sidekick/src/functions.php:87
/var/www/html/vendor/laravel/framework/src/Illuminate/Collections/helpers.php:236
/var/www/html/vendor/orchestra/testbench-core/src/Concerns/Testing.php:57
/var/www/html/vendor/orchestra/testbench-core/src/TestCase.php:50
/var/www/html/tests/TestCase.php:61
/var/www/html/tests/Unit/Server/ServerInfoTest.php:15</error>
        </testcase>
        <testcase name="test_can_get_status" file="/var/www/html/tests/Unit/Server/ServerInfoTest.php" line="162" class="JTD\LaravelMCP\Tests\Unit\Server\ServerInfoTest" classname="JTD.LaravelMCP.Tests.Unit.Server.ServerInfoTest" assertions="0" time="0.000000">
          <error type="Exception">JTD\LaravelMCP\Tests\Unit\Server\ServerInfoTest::test_can_get_status
Exception: The /var/www/html/vendor/orchestra/testbench-core/laravel/bootstrap/cache directory must be present and writable.

/var/www/html/vendor/laravel/framework/src/Illuminate/Foundation/PackageManifest.php:179
/var/www/html/vendor/orchestra/testbench-core/src/Foundation/PackageManifest.php:157
/var/www/html/vendor/laravel/framework/src/Illuminate/Foundation/PackageManifest.php:132
/var/www/html/vendor/laravel/framework/src/Illuminate/Foundation/PackageManifest.php:108
/var/www/html/vendor/orchestra/testbench-core/src/Foundation/PackageManifest.php:102
/var/www/html/vendor/laravel/framework/src/Illuminate/Foundation/PackageManifest.php:91
/var/www/html/vendor/laravel/framework/src/Illuminate/Foundation/PackageManifest.php:80
/var/www/html/vendor/laravel/framework/src/Illuminate/Foundation/Bootstrap/RegisterFacades.php:26
/var/www/html/vendor/orchestra/testbench-core/src/Concerns/CreatesApplication.php:556
/var/www/html/vendor/orchestra/testbench-core/src/Concerns/CreatesApplication.php:311
/var/www/html/vendor/orchestra/testbench-core/src/TestCase.php:121
/var/www/html/vendor/orchestra/testbench-core/src/Concerns/ApplicationTestingHooks.php:74
/var/www/html/vendor/orchestra/testbench-core/src/Concerns/Testing.php:43
/var/www/html/vendor/laravel/framework/src/Illuminate/Collections/helpers.php:236
/var/www/html/vendor/orchestra/sidekick/src/functions.php:87
/var/www/html/vendor/laravel/framework/src/Illuminate/Collections/helpers.php:236
/var/www/html/vendor/orchestra/testbench-core/src/Concerns/Testing.php:57
/var/www/html/vendor/orchestra/testbench-core/src/TestCase.php:50
/var/www/html/tests/TestCase.php:61
/var/www/html/tests/Unit/Server/ServerInfoTest.php:15</error>
        </testcase>
        <testcase name="test_can_get_detailed_info" file="/var/www/html/tests/Unit/Server/ServerInfoTest.php" line="175" class="JTD\LaravelMCP\Tests\Unit\Server\ServerInfoTest" classname="JTD.LaravelMCP.Tests.Unit.Server.ServerInfoTest" assertions="0" time="0.000000">
          <error type="Exception">JTD\LaravelMCP\Tests\Unit\Server\ServerInfoTest::test_can_get_detailed_info
Exception: The /var/www/html/vendor/orchestra/testbench-core/laravel/bootstrap/cache directory must be present and writable.

/var/www/html/vendor/laravel/framework/src/Illuminate/Foundation/PackageManifest.php:179
/var/www/html/vendor/orchestra/testbench-core/src/Foundation/PackageManifest.php:157
/var/www/html/vendor/laravel/framework/src/Illuminate/Foundation/PackageManifest.php:132
/var/www/html/vendor/laravel/framework/src/Illuminate/Foundation/PackageManifest.php:108
/var/www/html/vendor/orchestra/testbench-core/src/Foundation/PackageManifest.php:102
/var/www/html/vendor/laravel/framework/src/Illuminate/Foundation/PackageManifest.php:91
/var/www/html/vendor/laravel/framework/src/Illuminate/Foundation/PackageManifest.php:80
/var/www/html/vendor/laravel/framework/src/Illuminate/Foundation/Bootstrap/RegisterFacades.php:26
/var/www/html/vendor/orchestra/testbench-core/src/Concerns/CreatesApplication.php:556
/var/www/html/vendor/orchestra/testbench-core/src/Concerns/CreatesApplication.php:311
/var/www/html/vendor/orchestra/testbench-core/src/TestCase.php:121
/var/www/html/vendor/orchestra/testbench-core/src/Concerns/ApplicationTestingHooks.php:74
/var/www/html/vendor/orchestra/testbench-core/src/Concerns/Testing.php:43
/var/www/html/vendor/laravel/framework/src/Illuminate/Collections/helpers.php:236
/var/www/html/vendor/orchestra/sidekick/src/functions.php:87
/var/www/html/vendor/laravel/framework/src/Illuminate/Collections/helpers.php:236
/var/www/html/vendor/orchestra/testbench-core/src/Concerns/Testing.php:57
/var/www/html/vendor/orchestra/testbench-core/src/TestCase.php:50
/var/www/html/tests/TestCase.php:61
/var/www/html/tests/Unit/Server/ServerInfoTest.php:15</error>
        </testcase>
        <testcase name="test_can_get_formatted_uptime" file="/var/www/html/tests/Unit/Server/ServerInfoTest.php" line="185" class="JTD\LaravelMCP\Tests\Unit\Server\ServerInfoTest" classname="JTD.LaravelMCP.Tests.Unit.Server.ServerInfoTest" assertions="0" time="0.000000">
          <error type="Exception">JTD\LaravelMCP\Tests\Unit\Server\ServerInfoTest::test_can_get_formatted_uptime
Exception: The /var/www/html/vendor/orchestra/testbench-core/laravel/bootstrap/cache directory must be present and writable.

/var/www/html/vendor/laravel/framework/src/Illuminate/Foundation/PackageManifest.php:179
/var/www/html/vendor/orchestra/testbench-core/src/Foundation/PackageManifest.php:157
/var/www/html/vendor/laravel/framework/src/Illuminate/Foundation/PackageManifest.php:132
/var/www/html/vendor/laravel/framework/src/Illuminate/Foundation/PackageManifest.php:108
/var/www/html/vendor/orchestra/testbench-core/src/Foundation/PackageManifest.php:102
/var/www/html/vendor/laravel/framework/src/Illuminate/Foundation/PackageManifest.php:91
/var/www/html/vendor/laravel/framework/src/Illuminate/Foundation/PackageManifest.php:80
/var/www/html/vendor/laravel/framework/src/Illuminate/Foundation/Bootstrap/RegisterFacades.php:26
/var/www/html/vendor/orchestra/testbench-core/src/Concerns/CreatesApplication.php:556
/var/www/html/vendor/orchestra/testbench-core/src/Concerns/CreatesApplication.php:311
/var/www/html/vendor/orchestra/testbench-core/src/TestCase.php:121
/var/www/html/vendor/orchestra/testbench-core/src/Concerns/ApplicationTestingHooks.php:74
/var/www/html/vendor/orchestra/testbench-core/src/Concerns/Testing.php:43
/var/www/html/vendor/laravel/framework/src/Illuminate/Collections/helpers.php:236
/var/www/html/vendor/orchestra/sidekick/src/functions.php:87
/var/www/html/vendor/laravel/framework/src/Illuminate/Collections/helpers.php:236
/var/www/html/vendor/orchestra/testbench-core/src/Concerns/Testing.php:57
/var/www/html/vendor/orchestra/testbench-core/src/TestCase.php:50
/var/www/html/tests/TestCase.php:61
/var/www/html/tests/Unit/Server/ServerInfoTest.php:15</error>
        </testcase>
        <testcase name="test_can_reset_start_time" file="/var/www/html/tests/Unit/Server/ServerInfoTest.php" line="193" class="JTD\LaravelMCP\Tests\Unit\Server\ServerInfoTest" classname="JTD.LaravelMCP.Tests.Unit.Server.ServerInfoTest" assertions="0" time="0.000000">
          <error type="Exception">JTD\LaravelMCP\Tests\Unit\Server\ServerInfoTest::test_can_reset_start_time
Exception: The /var/www/html/vendor/orchestra/testbench-core/laravel/bootstrap/cache directory must be present and writable.

/var/www/html/vendor/laravel/framework/src/Illuminate/Foundation/PackageManifest.php:179
/var/www/html/vendor/orchestra/testbench-core/src/Foundation/PackageManifest.php:157
/var/www/html/vendor/laravel/framework/src/Illuminate/Foundation/PackageManifest.php:132
/var/www/html/vendor/laravel/framework/src/Illuminate/Foundation/PackageManifest.php:108
/var/www/html/vendor/orchestra/testbench-core/src/Foundation/PackageManifest.php:102
/var/www/html/vendor/laravel/framework/src/Illuminate/Foundation/PackageManifest.php:91
/var/www/html/vendor/laravel/framework/src/Illuminate/Foundation/PackageManifest.php:80
/var/www/html/vendor/laravel/framework/src/Illuminate/Foundation/Bootstrap/RegisterFacades.php:26
/var/www/html/vendor/orchestra/testbench-core/src/Concerns/CreatesApplication.php:556
/var/www/html/vendor/orchestra/testbench-core/src/Concerns/CreatesApplication.php:311
/var/www/html/vendor/orchestra/testbench-core/src/TestCase.php:121
/var/www/html/vendor/orchestra/testbench-core/src/Concerns/ApplicationTestingHooks.php:74
/var/www/html/vendor/orchestra/testbench-core/src/Concerns/Testing.php:43
/var/www/html/vendor/laravel/framework/src/Illuminate/Collections/helpers.php:236
/var/www/html/vendor/orchestra/sidekick/src/functions.php:87
/var/www/html/vendor/laravel/framework/src/Illuminate/Collections/helpers.php:236
/var/www/html/vendor/orchestra/testbench-core/src/Concerns/Testing.php:57
/var/www/html/vendor/orchestra/testbench-core/src/TestCase.php:50
/var/www/html/tests/TestCase.php:61
/var/www/html/tests/Unit/Server/ServerInfoTest.php:15</error>
        </testcase>
        <testcase name="test_can_convert_to_json" file="/var/www/html/tests/Unit/Server/ServerInfoTest.php" line="204" class="JTD\LaravelMCP\Tests\Unit\Server\ServerInfoTest" classname="JTD.LaravelMCP.Tests.Unit.Server.ServerInfoTest" assertions="0" time="0.000000">
          <error type="Exception">JTD\LaravelMCP\Tests\Unit\Server\ServerInfoTest::test_can_convert_to_json
Exception: The /var/www/html/vendor/orchestra/testbench-core/laravel/bootstrap/cache directory must be present and writable.

/var/www/html/vendor/laravel/framework/src/Illuminate/Foundation/PackageManifest.php:179
/var/www/html/vendor/orchestra/testbench-core/src/Foundation/PackageManifest.php:157
/var/www/html/vendor/laravel/framework/src/Illuminate/Foundation/PackageManifest.php:132
/var/www/html/vendor/laravel/framework/src/Illuminate/Foundation/PackageManifest.php:108
/var/www/html/vendor/orchestra/testbench-core/src/Foundation/PackageManifest.php:102
/var/www/html/vendor/laravel/framework/src/Illuminate/Foundation/PackageManifest.php:91
/var/www/html/vendor/laravel/framework/src/Illuminate/Foundation/PackageManifest.php:80
/var/www/html/vendor/laravel/framework/src/Illuminate/Foundation/Bootstrap/RegisterFacades.php:26
/var/www/html/vendor/orchestra/testbench-core/src/Concerns/CreatesApplication.php:556
/var/www/html/vendor/orchestra/testbench-core/src/Concerns/CreatesApplication.php:311
/var/www/html/vendor/orchestra/testbench-core/src/TestCase.php:121
/var/www/html/vendor/orchestra/testbench-core/src/Concerns/ApplicationTestingHooks.php:74
/var/www/html/vendor/orchestra/testbench-core/src/Concerns/Testing.php:43
/var/www/html/vendor/laravel/framework/src/Illuminate/Collections/helpers.php:236
/var/www/html/vendor/orchestra/sidekick/src/functions.php:87
/var/www/html/vendor/laravel/framework/src/Illuminate/Collections/helpers.php:236
/var/www/html/vendor/orchestra/testbench-core/src/Concerns/Testing.php:57
/var/www/html/vendor/orchestra/testbench-core/src/TestCase.php:50
/var/www/html/tests/TestCase.php:61
/var/www/html/tests/Unit/Server/ServerInfoTest.php:15</error>
        </testcase>
        <testcase name="test_can_convert_to_array" file="/var/www/html/tests/Unit/Server/ServerInfoTest.php" line="215" class="JTD\LaravelMCP\Tests\Unit\Server\ServerInfoTest" classname="JTD.LaravelMCP.Tests.Unit.Server.ServerInfoTest" assertions="0" time="0.000000">
          <error type="Exception">JTD\LaravelMCP\Tests\Unit\Server\ServerInfoTest::test_can_convert_to_array
Exception: The /var/www/html/vendor/orchestra/testbench-core/laravel/bootstrap/cache directory must be present and writable.

/var/www/html/vendor/laravel/framework/src/Illuminate/Foundation/PackageManifest.php:179
/var/www/html/vendor/orchestra/testbench-core/src/Foundation/PackageManifest.php:157
/var/www/html/vendor/laravel/framework/src/Illuminate/Foundation/PackageManifest.php:132
/var/www/html/vendor/laravel/framework/src/Illuminate/Foundation/PackageManifest.php:108
/var/www/html/vendor/orchestra/testbench-core/src/Foundation/PackageManifest.php:102
/var/www/html/vendor/laravel/framework/src/Illuminate/Foundation/PackageManifest.php:91
/var/www/html/vendor/laravel/framework/src/Illuminate/Foundation/PackageManifest.php:80
/var/www/html/vendor/laravel/framework/src/Illuminate/Foundation/Bootstrap/RegisterFacades.php:26
/var/www/html/vendor/orchestra/testbench-core/src/Concerns/CreatesApplication.php:556
/var/www/html/vendor/orchestra/testbench-core/src/Concerns/CreatesApplication.php:311
/var/www/html/vendor/orchestra/testbench-core/src/TestCase.php:121
/var/www/html/vendor/orchestra/testbench-core/src/Concerns/ApplicationTestingHooks.php:74
/var/www/html/vendor/orchestra/testbench-core/src/Concerns/Testing.php:43
/var/www/html/vendor/laravel/framework/src/Illuminate/Collections/helpers.php:236
/var/www/html/vendor/orchestra/sidekick/src/functions.php:87
/var/www/html/vendor/laravel/framework/src/Illuminate/Collections/helpers.php:236
/var/www/html/vendor/orchestra/testbench-core/src/Concerns/Testing.php:57
/var/www/html/vendor/orchestra/testbench-core/src/TestCase.php:50
/var/www/html/tests/TestCase.php:61
/var/www/html/tests/Unit/Server/ServerInfoTest.php:15</error>
        </testcase>
        <testcase name="test_respects_configuration" file="/var/www/html/tests/Unit/Server/ServerInfoTest.php" line="224" class="JTD\LaravelMCP\Tests\Unit\Server\ServerInfoTest" classname="JTD.LaravelMCP.Tests.Unit.Server.ServerInfoTest" assertions="0" time="0.000000">
          <error type="Exception">JTD\LaravelMCP\Tests\Unit\Server\ServerInfoTest::test_respects_configuration
Exception: The /var/www/html/vendor/orchestra/testbench-core/laravel/bootstrap/cache directory must be present and writable.

/var/www/html/vendor/laravel/framework/src/Illuminate/Foundation/PackageManifest.php:179
/var/www/html/vendor/orchestra/testbench-core/src/Foundation/PackageManifest.php:157
/var/www/html/vendor/laravel/framework/src/Illuminate/Foundation/PackageManifest.php:132
/var/www/html/vendor/laravel/framework/src/Illuminate/Foundation/PackageManifest.php:108
/var/www/html/vendor/orchestra/testbench-core/src/Foundation/PackageManifest.php:102
/var/www/html/vendor/laravel/framework/src/Illuminate/Foundation/PackageManifest.php:91
/var/www/html/vendor/laravel/framework/src/Illuminate/Foundation/PackageManifest.php:80
/var/www/html/vendor/laravel/framework/src/Illuminate/Foundation/Bootstrap/RegisterFacades.php:26
/var/www/html/vendor/orchestra/testbench-core/src/Concerns/CreatesApplication.php:556
/var/www/html/vendor/orchestra/testbench-core/src/Concerns/CreatesApplication.php:311
/var/www/html/vendor/orchestra/testbench-core/src/TestCase.php:121
/var/www/html/vendor/orchestra/testbench-core/src/Concerns/ApplicationTestingHooks.php:74
/var/www/html/vendor/orchestra/testbench-core/src/Concerns/Testing.php:43
/var/www/html/vendor/laravel/framework/src/Illuminate/Collections/helpers.php:236
/var/www/html/vendor/orchestra/sidekick/src/functions.php:87
/var/www/html/vendor/laravel/framework/src/Illuminate/Collections/helpers.php:236
/var/www/html/vendor/orchestra/testbench-core/src/Concerns/Testing.php:57
/var/www/html/vendor/orchestra/testbench-core/src/TestCase.php:50
/var/www/html/tests/TestCase.php:61
/var/www/html/tests/Unit/Server/ServerInfoTest.php:15</error>
        </testcase>
        <testcase name="test_respects_environment_variables" file="/var/www/html/tests/Unit/Server/ServerInfoTest.php" line="239" class="JTD\LaravelMCP\Tests\Unit\Server\ServerInfoTest" classname="JTD.LaravelMCP.Tests.Unit.Server.ServerInfoTest" assertions="0" time="0.000000">
          <error type="Exception">JTD\LaravelMCP\Tests\Unit\Server\ServerInfoTest::test_respects_environment_variables
Exception: The /var/www/html/vendor/orchestra/testbench-core/laravel/bootstrap/cache directory must be present and writable.

/var/www/html/vendor/laravel/framework/src/Illuminate/Foundation/PackageManifest.php:179
/var/www/html/vendor/orchestra/testbench-core/src/Foundation/PackageManifest.php:157
/var/www/html/vendor/laravel/framework/src/Illuminate/Foundation/PackageManifest.php:132
/var/www/html/vendor/laravel/framework/src/Illuminate/Foundation/PackageManifest.php:108
/var/www/html/vendor/orchestra/testbench-core/src/Foundation/PackageManifest.php:102
/var/www/html/vendor/laravel/framework/src/Illuminate/Foundation/PackageManifest.php:91
/var/www/html/vendor/laravel/framework/src/Illuminate/Foundation/PackageManifest.php:80
/var/www/html/vendor/laravel/framework/src/Illuminate/Foundation/Bootstrap/RegisterFacades.php:26
/var/www/html/vendor/orchestra/testbench-core/src/Concerns/CreatesApplication.php:556
/var/www/html/vendor/orchestra/testbench-core/src/Concerns/CreatesApplication.php:311
/var/www/html/vendor/orchestra/testbench-core/src/TestCase.php:121
/var/www/html/vendor/orchestra/testbench-core/src/Concerns/ApplicationTestingHooks.php:74
/var/www/html/vendor/orchestra/testbench-core/src/Concerns/Testing.php:43
/var/www/html/vendor/laravel/framework/src/Illuminate/Collections/helpers.php:236
/var/www/html/vendor/orchestra/sidekick/src/functions.php:87
/var/www/html/vendor/laravel/framework/src/Illuminate/Collections/helpers.php:236
/var/www/html/vendor/orchestra/testbench-core/src/Concerns/Testing.php:57
/var/www/html/vendor/orchestra/testbench-core/src/TestCase.php:50
/var/www/html/tests/TestCase.php:61
/var/www/html/tests/Unit/Server/ServerInfoTest.php:15</error>
        </testcase>
        <testcase name="test_runtime_info_contains_required_fields" file="/var/www/html/tests/Unit/Server/ServerInfoTest.php" line="253" class="JTD\LaravelMCP\Tests\Unit\Server\ServerInfoTest" classname="JTD.LaravelMCP.Tests.Unit.Server.ServerInfoTest" assertions="0" time="0.000000">
          <error type="Exception">JTD\LaravelMCP\Tests\Unit\Server\ServerInfoTest::test_runtime_info_contains_required_fields
Exception: The /var/www/html/vendor/orchestra/testbench-core/laravel/bootstrap/cache directory must be present and writable.

/var/www/html/vendor/laravel/framework/src/Illuminate/Foundation/PackageManifest.php:179
/var/www/html/vendor/orchestra/testbench-core/src/Foundation/PackageManifest.php:157
/var/www/html/vendor/laravel/framework/src/Illuminate/Foundation/PackageManifest.php:132
/var/www/html/vendor/laravel/framework/src/Illuminate/Foundation/PackageManifest.php:108
/var/www/html/vendor/orchestra/testbench-core/src/Foundation/PackageManifest.php:102
/var/www/html/vendor/laravel/framework/src/Illuminate/Foundation/PackageManifest.php:91
/var/www/html/vendor/laravel/framework/src/Illuminate/Foundation/PackageManifest.php:80
/var/www/html/vendor/laravel/framework/src/Illuminate/Foundation/Bootstrap/RegisterFacades.php:26
/var/www/html/vendor/orchestra/testbench-core/src/Concerns/CreatesApplication.php:556
/var/www/html/vendor/orchestra/testbench-core/src/Concerns/CreatesApplication.php:311
/var/www/html/vendor/orchestra/testbench-core/src/TestCase.php:121
/var/www/html/vendor/orchestra/testbench-core/src/Concerns/ApplicationTestingHooks.php:74
/var/www/html/vendor/orchestra/testbench-core/src/Concerns/Testing.php:43
/var/www/html/vendor/laravel/framework/src/Illuminate/Collections/helpers.php:236
/var/www/html/vendor/orchestra/sidekick/src/functions.php:87
/var/www/html/vendor/laravel/framework/src/Illuminate/Collections/helpers.php:236
/var/www/html/vendor/orchestra/testbench-core/src/Concerns/Testing.php:57
/var/www/html/vendor/orchestra/testbench-core/src/TestCase.php:50
/var/www/html/tests/TestCase.php:61
/var/www/html/tests/Unit/Server/ServerInfoTest.php:15</error>
        </testcase>
        <testcase name="test_implementation_info_is_correct" file="/var/www/html/tests/Unit/Server/ServerInfoTest.php" line="265" class="JTD\LaravelMCP\Tests\Unit\Server\ServerInfoTest" classname="JTD.LaravelMCP.Tests.Unit.Server.ServerInfoTest" assertions="0" time="0.000000">
          <error type="Exception">JTD\LaravelMCP\Tests\Unit\Server\ServerInfoTest::test_implementation_info_is_correct
Exception: The /var/www/html/vendor/orchestra/testbench-core/laravel/bootstrap/cache directory must be present and writable.

/var/www/html/vendor/laravel/framework/src/Illuminate/Foundation/PackageManifest.php:179
/var/www/html/vendor/orchestra/testbench-core/src/Foundation/PackageManifest.php:157
/var/www/html/vendor/laravel/framework/src/Illuminate/Foundation/PackageManifest.php:132
/var/www/html/vendor/laravel/framework/src/Illuminate/Foundation/PackageManifest.php:108
/var/www/html/vendor/orchestra/testbench-core/src/Foundation/PackageManifest.php:102
/var/www/html/vendor/laravel/framework/src/Illuminate/Foundation/PackageManifest.php:91
/var/www/html/vendor/laravel/framework/src/Illuminate/Foundation/PackageManifest.php:80
/var/www/html/vendor/laravel/framework/src/Illuminate/Foundation/Bootstrap/RegisterFacades.php:26
/var/www/html/vendor/orchestra/testbench-core/src/Concerns/CreatesApplication.php:556
/var/www/html/vendor/orchestra/testbench-core/src/Concerns/CreatesApplication.php:311
/var/www/html/vendor/orchestra/testbench-core/src/TestCase.php:121
/var/www/html/vendor/orchestra/testbench-core/src/Concerns/ApplicationTestingHooks.php:74
/var/www/html/vendor/orchestra/testbench-core/src/Concerns/Testing.php:43
/var/www/html/vendor/laravel/framework/src/Illuminate/Collections/helpers.php:236
/var/www/html/vendor/orchestra/sidekick/src/functions.php:87
/var/www/html/vendor/laravel/framework/src/Illuminate/Collections/helpers.php:236
/var/www/html/vendor/orchestra/testbench-core/src/Concerns/Testing.php:57
/var/www/html/vendor/orchestra/testbench-core/src/TestCase.php:50
/var/www/html/tests/TestCase.php:61
/var/www/html/tests/Unit/Server/ServerInfoTest.php:15</error>
        </testcase>
      </testsuite>
      <testsuite name="JTD\LaravelMCP\Tests\Unit\Support\ClientDetectorTest" file="/var/www/html/tests/Unit/Support/ClientDetectorTest.php" tests="12" assertions="0" errors="12" failures="0" skipped="0" time="0.000000">
        <testcase name="it_detects_operating_system" file="/var/www/html/tests/Unit/Support/ClientDetectorTest.php" line="34" class="JTD\LaravelMCP\Tests\Unit\Support\ClientDetectorTest" classname="JTD.LaravelMCP.Tests.Unit.Support.ClientDetectorTest" assertions="0" time="0.000000">
          <error type="Exception">JTD\LaravelMCP\Tests\Unit\Support\ClientDetectorTest::it_detects_operating_system
Exception: The /var/www/html/vendor/orchestra/testbench-core/laravel/bootstrap/cache directory must be present and writable.

/var/www/html/vendor/laravel/framework/src/Illuminate/Foundation/PackageManifest.php:179
/var/www/html/vendor/orchestra/testbench-core/src/Foundation/PackageManifest.php:157
/var/www/html/vendor/laravel/framework/src/Illuminate/Foundation/PackageManifest.php:132
/var/www/html/vendor/laravel/framework/src/Illuminate/Foundation/PackageManifest.php:108
/var/www/html/vendor/orchestra/testbench-core/src/Foundation/PackageManifest.php:102
/var/www/html/vendor/laravel/framework/src/Illuminate/Foundation/PackageManifest.php:91
/var/www/html/vendor/laravel/framework/src/Illuminate/Foundation/PackageManifest.php:80
/var/www/html/vendor/laravel/framework/src/Illuminate/Foundation/Bootstrap/RegisterFacades.php:26
/var/www/html/vendor/orchestra/testbench-core/src/Concerns/CreatesApplication.php:556
/var/www/html/vendor/orchestra/testbench-core/src/Concerns/CreatesApplication.php:311
/var/www/html/vendor/orchestra/testbench-core/src/TestCase.php:121
/var/www/html/vendor/orchestra/testbench-core/src/Concerns/ApplicationTestingHooks.php:74
/var/www/html/vendor/orchestra/testbench-core/src/Concerns/Testing.php:43
/var/www/html/vendor/laravel/framework/src/Illuminate/Collections/helpers.php:236
/var/www/html/vendor/orchestra/sidekick/src/functions.php:87
/var/www/html/vendor/laravel/framework/src/Illuminate/Collections/helpers.php:236
/var/www/html/vendor/orchestra/testbench-core/src/Concerns/Testing.php:57
/var/www/html/vendor/orchestra/testbench-core/src/TestCase.php:50
/var/www/html/tests/TestCase.php:61
/var/www/html/tests/Unit/Support/ClientDetectorTest.php:29</error>
        </testcase>
        <testcase name="it_determines_if_client_is_installed" file="/var/www/html/tests/Unit/Support/ClientDetectorTest.php" line="43" class="JTD\LaravelMCP\Tests\Unit\Support\ClientDetectorTest" classname="JTD.LaravelMCP.Tests.Unit.Support.ClientDetectorTest" assertions="0" time="0.000000">
          <error type="Exception">JTD\LaravelMCP\Tests\Unit\Support\ClientDetectorTest::it_determines_if_client_is_installed
Exception: The /var/www/html/vendor/orchestra/testbench-core/laravel/bootstrap/cache directory must be present and writable.

/var/www/html/vendor/laravel/framework/src/Illuminate/Foundation/PackageManifest.php:179
/var/www/html/vendor/orchestra/testbench-core/src/Foundation/PackageManifest.php:157
/var/www/html/vendor/laravel/framework/src/Illuminate/Foundation/PackageManifest.php:132
/var/www/html/vendor/laravel/framework/src/Illuminate/Foundation/PackageManifest.php:108
/var/www/html/vendor/orchestra/testbench-core/src/Foundation/PackageManifest.php:102
/var/www/html/vendor/laravel/framework/src/Illuminate/Foundation/PackageManifest.php:91
/var/www/html/vendor/laravel/framework/src/Illuminate/Foundation/PackageManifest.php:80
/var/www/html/vendor/laravel/framework/src/Illuminate/Foundation/Bootstrap/RegisterFacades.php:26
/var/www/html/vendor/orchestra/testbench-core/src/Concerns/CreatesApplication.php:556
/var/www/html/vendor/orchestra/testbench-core/src/Concerns/CreatesApplication.php:311
/var/www/html/vendor/orchestra/testbench-core/src/TestCase.php:121
/var/www/html/vendor/orchestra/testbench-core/src/Concerns/ApplicationTestingHooks.php:74
/var/www/html/vendor/orchestra/testbench-core/src/Concerns/Testing.php:43
/var/www/html/vendor/laravel/framework/src/Illuminate/Collections/helpers.php:236
/var/www/html/vendor/orchestra/sidekick/src/functions.php:87
/var/www/html/vendor/laravel/framework/src/Illuminate/Collections/helpers.php:236
/var/www/html/vendor/orchestra/testbench-core/src/Concerns/Testing.php:57
/var/www/html/vendor/orchestra/testbench-core/src/TestCase.php:50
/var/www/html/tests/TestCase.php:61
/var/www/html/tests/Unit/Support/ClientDetectorTest.php:29</error>
        </testcase>
        <testcase name="it_gets_home_directory" file="/var/www/html/tests/Unit/Support/ClientDetectorTest.php" line="68" class="JTD\LaravelMCP\Tests\Unit\Support\ClientDetectorTest" classname="JTD.LaravelMCP.Tests.Unit.Support.ClientDetectorTest" assertions="0" time="0.000000">
          <error type="Exception">JTD\LaravelMCP\Tests\Unit\Support\ClientDetectorTest::it_gets_home_directory
Exception: The /var/www/html/vendor/orchestra/testbench-core/laravel/bootstrap/cache directory must be present and writable.

/var/www/html/vendor/laravel/framework/src/Illuminate/Foundation/PackageManifest.php:179
/var/www/html/vendor/orchestra/testbench-core/src/Foundation/PackageManifest.php:157
/var/www/html/vendor/laravel/framework/src/Illuminate/Foundation/PackageManifest.php:132
/var/www/html/vendor/laravel/framework/src/Illuminate/Foundation/PackageManifest.php:108
/var/www/html/vendor/orchestra/testbench-core/src/Foundation/PackageManifest.php:102
/var/www/html/vendor/laravel/framework/src/Illuminate/Foundation/PackageManifest.php:91
/var/www/html/vendor/laravel/framework/src/Illuminate/Foundation/PackageManifest.php:80
/var/www/html/vendor/laravel/framework/src/Illuminate/Foundation/Bootstrap/RegisterFacades.php:26
/var/www/html/vendor/orchestra/testbench-core/src/Concerns/CreatesApplication.php:556
/var/www/html/vendor/orchestra/testbench-core/src/Concerns/CreatesApplication.php:311
/var/www/html/vendor/orchestra/testbench-core/src/TestCase.php:121
/var/www/html/vendor/orchestra/testbench-core/src/Concerns/ApplicationTestingHooks.php:74
/var/www/html/vendor/orchestra/testbench-core/src/Concerns/Testing.php:43
/var/www/html/vendor/laravel/framework/src/Illuminate/Collections/helpers.php:236
/var/www/html/vendor/orchestra/sidekick/src/functions.php:87
/var/www/html/vendor/laravel/framework/src/Illuminate/Collections/helpers.php:236
/var/www/html/vendor/orchestra/testbench-core/src/Concerns/Testing.php:57
/var/www/html/vendor/orchestra/testbench-core/src/TestCase.php:50
/var/www/html/tests/TestCase.php:61
/var/www/html/tests/Unit/Support/ClientDetectorTest.php:29</error>
        </testcase>
        <testcase name="it_detects_client_environment" file="/var/www/html/tests/Unit/Support/ClientDetectorTest.php" line="78" class="JTD\LaravelMCP\Tests\Unit\Support\ClientDetectorTest" classname="JTD.LaravelMCP.Tests.Unit.Support.ClientDetectorTest" assertions="0" time="0.000000">
          <error type="Exception">JTD\LaravelMCP\Tests\Unit\Support\ClientDetectorTest::it_detects_client_environment
Exception: The /var/www/html/vendor/orchestra/testbench-core/laravel/bootstrap/cache directory must be present and writable.

/var/www/html/vendor/laravel/framework/src/Illuminate/Foundation/PackageManifest.php:179
/var/www/html/vendor/orchestra/testbench-core/src/Foundation/PackageManifest.php:157
/var/www/html/vendor/laravel/framework/src/Illuminate/Foundation/PackageManifest.php:132
/var/www/html/vendor/laravel/framework/src/Illuminate/Foundation/PackageManifest.php:108
/var/www/html/vendor/orchestra/testbench-core/src/Foundation/PackageManifest.php:102
/var/www/html/vendor/laravel/framework/src/Illuminate/Foundation/PackageManifest.php:91
/var/www/html/vendor/laravel/framework/src/Illuminate/Foundation/PackageManifest.php:80
/var/www/html/vendor/laravel/framework/src/Illuminate/Foundation/Bootstrap/RegisterFacades.php:26
/var/www/html/vendor/orchestra/testbench-core/src/Concerns/CreatesApplication.php:556
/var/www/html/vendor/orchestra/testbench-core/src/Concerns/CreatesApplication.php:311
/var/www/html/vendor/orchestra/testbench-core/src/TestCase.php:121
/var/www/html/vendor/orchestra/testbench-core/src/Concerns/ApplicationTestingHooks.php:74
/var/www/html/vendor/orchestra/testbench-core/src/Concerns/Testing.php:43
/var/www/html/vendor/laravel/framework/src/Illuminate/Collections/helpers.php:236
/var/www/html/vendor/orchestra/sidekick/src/functions.php:87
/var/www/html/vendor/laravel/framework/src/Illuminate/Collections/helpers.php:236
/var/www/html/vendor/orchestra/testbench-core/src/Concerns/Testing.php:57
/var/www/html/vendor/orchestra/testbench-core/src/TestCase.php:50
/var/www/html/tests/TestCase.php:61
/var/www/html/tests/Unit/Support/ClientDetectorTest.php:29</error>
        </testcase>
        <testcase name="it_validates_client_compatibility" file="/var/www/html/tests/Unit/Support/ClientDetectorTest.php" line="93" class="JTD\LaravelMCP\Tests\Unit\Support\ClientDetectorTest" classname="JTD.LaravelMCP.Tests.Unit.Support.ClientDetectorTest" assertions="0" time="0.000000">
          <error type="Exception">JTD\LaravelMCP\Tests\Unit\Support\ClientDetectorTest::it_validates_client_compatibility
Exception: The /var/www/html/vendor/orchestra/testbench-core/laravel/bootstrap/cache directory must be present and writable.

/var/www/html/vendor/laravel/framework/src/Illuminate/Foundation/PackageManifest.php:179
/var/www/html/vendor/orchestra/testbench-core/src/Foundation/PackageManifest.php:157
/var/www/html/vendor/laravel/framework/src/Illuminate/Foundation/PackageManifest.php:132
/var/www/html/vendor/laravel/framework/src/Illuminate/Foundation/PackageManifest.php:108
/var/www/html/vendor/orchestra/testbench-core/src/Foundation/PackageManifest.php:102
/var/www/html/vendor/laravel/framework/src/Illuminate/Foundation/PackageManifest.php:91
/var/www/html/vendor/laravel/framework/src/Illuminate/Foundation/PackageManifest.php:80
/var/www/html/vendor/laravel/framework/src/Illuminate/Foundation/Bootstrap/RegisterFacades.php:26
/var/www/html/vendor/orchestra/testbench-core/src/Concerns/CreatesApplication.php:556
/var/www/html/vendor/orchestra/testbench-core/src/Concerns/CreatesApplication.php:311
/var/www/html/vendor/orchestra/testbench-core/src/TestCase.php:121
/var/www/html/vendor/orchestra/testbench-core/src/Concerns/ApplicationTestingHooks.php:74
/var/www/html/vendor/orchestra/testbench-core/src/Concerns/Testing.php:43
/var/www/html/vendor/laravel/framework/src/Illuminate/Collections/helpers.php:236
/var/www/html/vendor/orchestra/sidekick/src/functions.php:87
/var/www/html/vendor/laravel/framework/src/Illuminate/Collections/helpers.php:236
/var/www/html/vendor/orchestra/testbench-core/src/Concerns/Testing.php:57
/var/www/html/vendor/orchestra/testbench-core/src/TestCase.php:50
/var/www/html/tests/TestCase.php:61
/var/www/html/tests/Unit/Support/ClientDetectorTest.php:29</error>
        </testcase>
        <testcase name="it_gets_config_directory_for_os" file="/var/www/html/tests/Unit/Support/ClientDetectorTest.php" line="105" class="JTD\LaravelMCP\Tests\Unit\Support\ClientDetectorTest" classname="JTD.LaravelMCP.Tests.Unit.Support.ClientDetectorTest" assertions="0" time="0.000000">
          <error type="Exception">JTD\LaravelMCP\Tests\Unit\Support\ClientDetectorTest::it_gets_config_directory_for_os
Exception: The /var/www/html/vendor/orchestra/testbench-core/laravel/bootstrap/cache directory must be present and writable.

/var/www/html/vendor/laravel/framework/src/Illuminate/Foundation/PackageManifest.php:179
/var/www/html/vendor/orchestra/testbench-core/src/Foundation/PackageManifest.php:157
/var/www/html/vendor/laravel/framework/src/Illuminate/Foundation/PackageManifest.php:132
/var/www/html/vendor/laravel/framework/src/Illuminate/Foundation/PackageManifest.php:108
/var/www/html/vendor/orchestra/testbench-core/src/Foundation/PackageManifest.php:102
/var/www/html/vendor/laravel/framework/src/Illuminate/Foundation/PackageManifest.php:91
/var/www/html/vendor/laravel/framework/src/Illuminate/Foundation/PackageManifest.php:80
/var/www/html/vendor/laravel/framework/src/Illuminate/Foundation/Bootstrap/RegisterFacades.php:26
/var/www/html/vendor/orchestra/testbench-core/src/Concerns/CreatesApplication.php:556
/var/www/html/vendor/orchestra/testbench-core/src/Concerns/CreatesApplication.php:311
/var/www/html/vendor/orchestra/testbench-core/src/TestCase.php:121
/var/www/html/vendor/orchestra/testbench-core/src/Concerns/ApplicationTestingHooks.php:74
/var/www/html/vendor/orchestra/testbench-core/src/Concerns/Testing.php:43
/var/www/html/vendor/laravel/framework/src/Illuminate/Collections/helpers.php:236
/var/www/html/vendor/orchestra/sidekick/src/functions.php:87
/var/www/html/vendor/laravel/framework/src/Illuminate/Collections/helpers.php:236
/var/www/html/vendor/orchestra/testbench-core/src/Concerns/Testing.php:57
/var/www/html/vendor/orchestra/testbench-core/src/TestCase.php:50
/var/www/html/tests/TestCase.php:61
/var/www/html/tests/Unit/Support/ClientDetectorTest.php:29</error>
        </testcase>
        <testcase name="it_gets_app_data_directory" file="/var/www/html/tests/Unit/Support/ClientDetectorTest.php" line="124" class="JTD\LaravelMCP\Tests\Unit\Support\ClientDetectorTest" classname="JTD.LaravelMCP.Tests.Unit.Support.ClientDetectorTest" assertions="0" time="0.000000">
          <error type="Exception">JTD\LaravelMCP\Tests\Unit\Support\ClientDetectorTest::it_gets_app_data_directory
Exception: The /var/www/html/vendor/orchestra/testbench-core/laravel/bootstrap/cache directory must be present and writable.

/var/www/html/vendor/laravel/framework/src/Illuminate/Foundation/PackageManifest.php:179
/var/www/html/vendor/orchestra/testbench-core/src/Foundation/PackageManifest.php:157
/var/www/html/vendor/laravel/framework/src/Illuminate/Foundation/PackageManifest.php:132
/var/www/html/vendor/laravel/framework/src/Illuminate/Foundation/PackageManifest.php:108
/var/www/html/vendor/orchestra/testbench-core/src/Foundation/PackageManifest.php:102
/var/www/html/vendor/laravel/framework/src/Illuminate/Foundation/PackageManifest.php:91
/var/www/html/vendor/laravel/framework/src/Illuminate/Foundation/PackageManifest.php:80
/var/www/html/vendor/laravel/framework/src/Illuminate/Foundation/Bootstrap/RegisterFacades.php:26
/var/www/html/vendor/orchestra/testbench-core/src/Concerns/CreatesApplication.php:556
/var/www/html/vendor/orchestra/testbench-core/src/Concerns/CreatesApplication.php:311
/var/www/html/vendor/orchestra/testbench-core/src/TestCase.php:121
/var/www/html/vendor/orchestra/testbench-core/src/Concerns/ApplicationTestingHooks.php:74
/var/www/html/vendor/orchestra/testbench-core/src/Concerns/Testing.php:43
/var/www/html/vendor/laravel/framework/src/Illuminate/Collections/helpers.php:236
/var/www/html/vendor/orchestra/sidekick/src/functions.php:87
/var/www/html/vendor/laravel/framework/src/Illuminate/Collections/helpers.php:236
/var/www/html/vendor/orchestra/testbench-core/src/Concerns/Testing.php:57
/var/www/html/vendor/orchestra/testbench-core/src/TestCase.php:50
/var/www/html/tests/TestCase.php:61
/var/www/html/tests/Unit/Support/ClientDetectorTest.php:29</error>
        </testcase>
        <testcase name="it_provides_client_specific_config_filename" file="/var/www/html/tests/Unit/Support/ClientDetectorTest.php" line="139" class="JTD\LaravelMCP\Tests\Unit\Support\ClientDetectorTest" classname="JTD.LaravelMCP.Tests.Unit.Support.ClientDetectorTest" assertions="0" time="0.000000">
          <error type="Exception">JTD\LaravelMCP\Tests\Unit\Support\ClientDetectorTest::it_provides_client_specific_config_filename
Exception: The /var/www/html/vendor/orchestra/testbench-core/laravel/bootstrap/cache directory must be present and writable.

/var/www/html/vendor/laravel/framework/src/Illuminate/Foundation/PackageManifest.php:179
/var/www/html/vendor/orchestra/testbench-core/src/Foundation/PackageManifest.php:157
/var/www/html/vendor/laravel/framework/src/Illuminate/Foundation/PackageManifest.php:132
/var/www/html/vendor/laravel/framework/src/Illuminate/Foundation/PackageManifest.php:108
/var/www/html/vendor/orchestra/testbench-core/src/Foundation/PackageManifest.php:102
/var/www/html/vendor/laravel/framework/src/Illuminate/Foundation/PackageManifest.php:91
/var/www/html/vendor/laravel/framework/src/Illuminate/Foundation/PackageManifest.php:80
/var/www/html/vendor/laravel/framework/src/Illuminate/Foundation/Bootstrap/RegisterFacades.php:26
/var/www/html/vendor/orchestra/testbench-core/src/Concerns/CreatesApplication.php:556
/var/www/html/vendor/orchestra/testbench-core/src/Concerns/CreatesApplication.php:311
/var/www/html/vendor/orchestra/testbench-core/src/TestCase.php:121
/var/www/html/vendor/orchestra/testbench-core/src/Concerns/ApplicationTestingHooks.php:74
/var/www/html/vendor/orchestra/testbench-core/src/Concerns/Testing.php:43
/var/www/html/vendor/laravel/framework/src/Illuminate/Collections/helpers.php:236
/var/www/html/vendor/orchestra/sidekick/src/functions.php:87
/var/www/html/vendor/laravel/framework/src/Illuminate/Collections/helpers.php:236
/var/www/html/vendor/orchestra/testbench-core/src/Concerns/Testing.php:57
/var/www/html/vendor/orchestra/testbench-core/src/TestCase.php:50
/var/www/html/tests/TestCase.php:61
/var/www/html/tests/Unit/Support/ClientDetectorTest.php:29</error>
        </testcase>
        <testsuite name="JTD\LaravelMCP\Tests\Unit\Support\ClientDetectorTest::it_gets_default_config_path_for_client" tests="4" assertions="0" errors="4" failures="0" skipped="0" time="0.000000">
          <testcase name="it_gets_default_config_path_for_client with data set &quot;claude-desktop&quot;" file="/var/www/html/tests/Unit/Support/ClientDetectorTest.php" line="54" class="JTD\LaravelMCP\Tests\Unit\Support\ClientDetectorTest" classname="JTD.LaravelMCP.Tests.Unit.Support.ClientDetectorTest" assertions="0" time="0.000000">
            <error type="Exception">JTD\LaravelMCP\Tests\Unit\Support\ClientDetectorTest::it_gets_default_config_path_for_client with data set "claude-desktop"
Exception: The /var/www/html/vendor/orchestra/testbench-core/laravel/bootstrap/cache directory must be present and writable.

/var/www/html/vendor/laravel/framework/src/Illuminate/Foundation/PackageManifest.php:179
/var/www/html/vendor/orchestra/testbench-core/src/Foundation/PackageManifest.php:157
/var/www/html/vendor/laravel/framework/src/Illuminate/Foundation/PackageManifest.php:132
/var/www/html/vendor/laravel/framework/src/Illuminate/Foundation/PackageManifest.php:108
/var/www/html/vendor/orchestra/testbench-core/src/Foundation/PackageManifest.php:102
/var/www/html/vendor/laravel/framework/src/Illuminate/Foundation/PackageManifest.php:91
/var/www/html/vendor/laravel/framework/src/Illuminate/Foundation/PackageManifest.php:80
/var/www/html/vendor/laravel/framework/src/Illuminate/Foundation/Bootstrap/RegisterFacades.php:26
/var/www/html/vendor/orchestra/testbench-core/src/Concerns/CreatesApplication.php:556
/var/www/html/vendor/orchestra/testbench-core/src/Concerns/CreatesApplication.php:311
/var/www/html/vendor/orchestra/testbench-core/src/TestCase.php:121
/var/www/html/vendor/orchestra/testbench-core/src/Concerns/ApplicationTestingHooks.php:74
/var/www/html/vendor/orchestra/testbench-core/src/Concerns/Testing.php:43
/var/www/html/vendor/laravel/framework/src/Illuminate/Collections/helpers.php:236
/var/www/html/vendor/orchestra/sidekick/src/functions.php:87
/var/www/html/vendor/laravel/framework/src/Illuminate/Collections/helpers.php:236
/var/www/html/vendor/orchestra/testbench-core/src/Concerns/Testing.php:57
/var/www/html/vendor/orchestra/testbench-core/src/TestCase.php:50
/var/www/html/tests/TestCase.php:61
/var/www/html/tests/Unit/Support/ClientDetectorTest.php:29</error>
          </testcase>
          <testcase name="it_gets_default_config_path_for_client with data set &quot;claude-code&quot;" file="/var/www/html/tests/Unit/Support/ClientDetectorTest.php" line="54" class="JTD\LaravelMCP\Tests\Unit\Support\ClientDetectorTest" classname="JTD.LaravelMCP.Tests.Unit.Support.ClientDetectorTest" assertions="0" time="0.000000">
            <error type="Exception">JTD\LaravelMCP\Tests\Unit\Support\ClientDetectorTest::it_gets_default_config_path_for_client with data set "claude-code"
Exception: The /var/www/html/vendor/orchestra/testbench-core/laravel/bootstrap/cache directory must be present and writable.

/var/www/html/vendor/laravel/framework/src/Illuminate/Foundation/PackageManifest.php:179
/var/www/html/vendor/orchestra/testbench-core/src/Foundation/PackageManifest.php:157
/var/www/html/vendor/laravel/framework/src/Illuminate/Foundation/PackageManifest.php:132
/var/www/html/vendor/laravel/framework/src/Illuminate/Foundation/PackageManifest.php:108
/var/www/html/vendor/orchestra/testbench-core/src/Foundation/PackageManifest.php:102
/var/www/html/vendor/laravel/framework/src/Illuminate/Foundation/PackageManifest.php:91
/var/www/html/vendor/laravel/framework/src/Illuminate/Foundation/PackageManifest.php:80
/var/www/html/vendor/laravel/framework/src/Illuminate/Foundation/Bootstrap/RegisterFacades.php:26
/var/www/html/vendor/orchestra/testbench-core/src/Concerns/CreatesApplication.php:556
/var/www/html/vendor/orchestra/testbench-core/src/Concerns/CreatesApplication.php:311
/var/www/html/vendor/orchestra/testbench-core/src/TestCase.php:121
/var/www/html/vendor/orchestra/testbench-core/src/Concerns/ApplicationTestingHooks.php:74
/var/www/html/vendor/orchestra/testbench-core/src/Concerns/Testing.php:43
/var/www/html/vendor/laravel/framework/src/Illuminate/Collections/helpers.php:236
/var/www/html/vendor/orchestra/sidekick/src/functions.php:87
/var/www/html/vendor/laravel/framework/src/Illuminate/Collections/helpers.php:236
/var/www/html/vendor/orchestra/testbench-core/src/Concerns/Testing.php:57
/var/www/html/vendor/orchestra/testbench-core/src/TestCase.php:50
/var/www/html/tests/TestCase.php:61
/var/www/html/tests/Unit/Support/ClientDetectorTest.php:29</error>
          </testcase>
          <testcase name="it_gets_default_config_path_for_client with data set &quot;chatgpt-desktop&quot;" file="/var/www/html/tests/Unit/Support/ClientDetectorTest.php" line="54" class="JTD\LaravelMCP\Tests\Unit\Support\ClientDetectorTest" classname="JTD.LaravelMCP.Tests.Unit.Support.ClientDetectorTest" assertions="0" time="0.000000">
            <error type="Exception">JTD\LaravelMCP\Tests\Unit\Support\ClientDetectorTest::it_gets_default_config_path_for_client with data set "chatgpt-desktop"
Exception: The /var/www/html/vendor/orchestra/testbench-core/laravel/bootstrap/cache directory must be present and writable.

/var/www/html/vendor/laravel/framework/src/Illuminate/Foundation/PackageManifest.php:179
/var/www/html/vendor/orchestra/testbench-core/src/Foundation/PackageManifest.php:157
/var/www/html/vendor/laravel/framework/src/Illuminate/Foundation/PackageManifest.php:132
/var/www/html/vendor/laravel/framework/src/Illuminate/Foundation/PackageManifest.php:108
/var/www/html/vendor/orchestra/testbench-core/src/Foundation/PackageManifest.php:102
/var/www/html/vendor/laravel/framework/src/Illuminate/Foundation/PackageManifest.php:91
/var/www/html/vendor/laravel/framework/src/Illuminate/Foundation/PackageManifest.php:80
/var/www/html/vendor/laravel/framework/src/Illuminate/Foundation/Bootstrap/RegisterFacades.php:26
/var/www/html/vendor/orchestra/testbench-core/src/Concerns/CreatesApplication.php:556
/var/www/html/vendor/orchestra/testbench-core/src/Concerns/CreatesApplication.php:311
/var/www/html/vendor/orchestra/testbench-core/src/TestCase.php:121
/var/www/html/vendor/orchestra/testbench-core/src/Concerns/ApplicationTestingHooks.php:74
/var/www/html/vendor/orchestra/testbench-core/src/Concerns/Testing.php:43
/var/www/html/vendor/laravel/framework/src/Illuminate/Collections/helpers.php:236
/var/www/html/vendor/orchestra/sidekick/src/functions.php:87
/var/www/html/vendor/laravel/framework/src/Illuminate/Collections/helpers.php:236
/var/www/html/vendor/orchestra/testbench-core/src/Concerns/Testing.php:57
/var/www/html/vendor/orchestra/testbench-core/src/TestCase.php:50
/var/www/html/tests/TestCase.php:61
/var/www/html/tests/Unit/Support/ClientDetectorTest.php:29</error>
          </testcase>
          <testcase name="it_gets_default_config_path_for_client with data set &quot;unsupported&quot;" file="/var/www/html/tests/Unit/Support/ClientDetectorTest.php" line="54" class="JTD\LaravelMCP\Tests\Unit\Support\ClientDetectorTest" classname="JTD.LaravelMCP.Tests.Unit.Support.ClientDetectorTest" assertions="0" time="0.000000">
            <error type="Exception">JTD\LaravelMCP\Tests\Unit\Support\ClientDetectorTest::it_gets_default_config_path_for_client with data set "unsupported"
Exception: The /var/www/html/vendor/orchestra/testbench-core/laravel/bootstrap/cache directory must be present and writable.

/var/www/html/vendor/laravel/framework/src/Illuminate/Foundation/PackageManifest.php:179
/var/www/html/vendor/orchestra/testbench-core/src/Foundation/PackageManifest.php:157
/var/www/html/vendor/laravel/framework/src/Illuminate/Foundation/PackageManifest.php:132
/var/www/html/vendor/laravel/framework/src/Illuminate/Foundation/PackageManifest.php:108
/var/www/html/vendor/orchestra/testbench-core/src/Foundation/PackageManifest.php:102
/var/www/html/vendor/laravel/framework/src/Illuminate/Foundation/PackageManifest.php:91
/var/www/html/vendor/laravel/framework/src/Illuminate/Foundation/PackageManifest.php:80
/var/www/html/vendor/laravel/framework/src/Illuminate/Foundation/Bootstrap/RegisterFacades.php:26
/var/www/html/vendor/orchestra/testbench-core/src/Concerns/CreatesApplication.php:556
/var/www/html/vendor/orchestra/testbench-core/src/Concerns/CreatesApplication.php:311
/var/www/html/vendor/orchestra/testbench-core/src/TestCase.php:121
/var/www/html/vendor/orchestra/testbench-core/src/Concerns/ApplicationTestingHooks.php:74
/var/www/html/vendor/orchestra/testbench-core/src/Concerns/Testing.php:43
/var/www/html/vendor/laravel/framework/src/Illuminate/Collections/helpers.php:236
/var/www/html/vendor/orchestra/sidekick/src/functions.php:87
/var/www/html/vendor/laravel/framework/src/Illuminate/Collections/helpers.php:236
/var/www/html/vendor/orchestra/testbench-core/src/Concerns/Testing.php:57
/var/www/html/vendor/orchestra/testbench-core/src/TestCase.php:50
/var/www/html/tests/TestCase.php:61
/var/www/html/tests/Unit/Support/ClientDetectorTest.php:29</error>
          </testcase>
        </testsuite>
      </testsuite>
      <testsuite name="JTD\LaravelMCP\Tests\Unit\Support\ConfigGeneratorTest" file="/var/www/html/tests/Unit/Support/ConfigGeneratorTest.php" tests="21" assertions="0" errors="21" failures="0" skipped="0" time="0.000000">
        <testcase name="it_generates_claude_desktop_configuration" file="/var/www/html/tests/Unit/Support/ConfigGeneratorTest.php" line="38" class="JTD\LaravelMCP\Tests\Unit\Support\ConfigGeneratorTest" classname="JTD.LaravelMCP.Tests.Unit.Support.ConfigGeneratorTest" assertions="0" time="0.000000">
          <error type="Exception">JTD\LaravelMCP\Tests\Unit\Support\ConfigGeneratorTest::it_generates_claude_desktop_configuration
Exception: The /var/www/html/vendor/orchestra/testbench-core/laravel/bootstrap/cache directory must be present and writable.

/var/www/html/vendor/laravel/framework/src/Illuminate/Foundation/PackageManifest.php:179
/var/www/html/vendor/orchestra/testbench-core/src/Foundation/PackageManifest.php:157
/var/www/html/vendor/laravel/framework/src/Illuminate/Foundation/PackageManifest.php:132
/var/www/html/vendor/laravel/framework/src/Illuminate/Foundation/PackageManifest.php:108
/var/www/html/vendor/orchestra/testbench-core/src/Foundation/PackageManifest.php:102
/var/www/html/vendor/laravel/framework/src/Illuminate/Foundation/PackageManifest.php:91
/var/www/html/vendor/laravel/framework/src/Illuminate/Foundation/PackageManifest.php:80
/var/www/html/vendor/laravel/framework/src/Illuminate/Foundation/Bootstrap/RegisterFacades.php:26
/var/www/html/vendor/orchestra/testbench-core/src/Concerns/CreatesApplication.php:556
/var/www/html/vendor/orchestra/testbench-core/src/Concerns/CreatesApplication.php:311
/var/www/html/vendor/orchestra/testbench-core/src/TestCase.php:121
/var/www/html/vendor/orchestra/testbench-core/src/Concerns/ApplicationTestingHooks.php:74
/var/www/html/vendor/orchestra/testbench-core/src/Concerns/Testing.php:43
/var/www/html/vendor/laravel/framework/src/Illuminate/Collections/helpers.php:236
/var/www/html/vendor/orchestra/sidekick/src/functions.php:87
/var/www/html/vendor/laravel/framework/src/Illuminate/Collections/helpers.php:236
/var/www/html/vendor/orchestra/testbench-core/src/Concerns/Testing.php:57
/var/www/html/vendor/orchestra/testbench-core/src/TestCase.php:50
/var/www/html/tests/TestCase.php:61
/var/www/html/tests/Unit/Support/ConfigGeneratorTest.php:31</error>
        </testcase>
        <testcase name="it_generates_claude_desktop_configuration_with_defaults" file="/var/www/html/tests/Unit/Support/ConfigGeneratorTest.php" line="61" class="JTD\LaravelMCP\Tests\Unit\Support\ConfigGeneratorTest" classname="JTD.LaravelMCP.Tests.Unit.Support.ConfigGeneratorTest" assertions="0" time="0.000000">
          <error type="Exception">JTD\LaravelMCP\Tests\Unit\Support\ConfigGeneratorTest::it_generates_claude_desktop_configuration_with_defaults
Exception: The /var/www/html/vendor/orchestra/testbench-core/laravel/bootstrap/cache directory must be present and writable.

/var/www/html/vendor/laravel/framework/src/Illuminate/Foundation/PackageManifest.php:179
/var/www/html/vendor/orchestra/testbench-core/src/Foundation/PackageManifest.php:157
/var/www/html/vendor/laravel/framework/src/Illuminate/Foundation/PackageManifest.php:132
/var/www/html/vendor/laravel/framework/src/Illuminate/Foundation/PackageManifest.php:108
/var/www/html/vendor/orchestra/testbench-core/src/Foundation/PackageManifest.php:102
/var/www/html/vendor/laravel/framework/src/Illuminate/Foundation/PackageManifest.php:91
/var/www/html/vendor/laravel/framework/src/Illuminate/Foundation/PackageManifest.php:80
/var/www/html/vendor/laravel/framework/src/Illuminate/Foundation/Bootstrap/RegisterFacades.php:26
/var/www/html/vendor/orchestra/testbench-core/src/Concerns/CreatesApplication.php:556
/var/www/html/vendor/orchestra/testbench-core/src/Concerns/CreatesApplication.php:311
/var/www/html/vendor/orchestra/testbench-core/src/TestCase.php:121
/var/www/html/vendor/orchestra/testbench-core/src/Concerns/ApplicationTestingHooks.php:74
/var/www/html/vendor/orchestra/testbench-core/src/Concerns/Testing.php:43
/var/www/html/vendor/laravel/framework/src/Illuminate/Collections/helpers.php:236
/var/www/html/vendor/orchestra/sidekick/src/functions.php:87
/var/www/html/vendor/laravel/framework/src/Illuminate/Collections/helpers.php:236
/var/www/html/vendor/orchestra/testbench-core/src/Concerns/Testing.php:57
/var/www/html/vendor/orchestra/testbench-core/src/TestCase.php:50
/var/www/html/tests/TestCase.php:61
/var/www/html/tests/Unit/Support/ConfigGeneratorTest.php:31</error>
        </testcase>
        <testcase name="it_generates_claude_code_configuration" file="/var/www/html/tests/Unit/Support/ConfigGeneratorTest.php" line="75" class="JTD\LaravelMCP\Tests\Unit\Support\ConfigGeneratorTest" classname="JTD.LaravelMCP.Tests.Unit.Support.ConfigGeneratorTest" assertions="0" time="0.000000">
          <error type="Exception">JTD\LaravelMCP\Tests\Unit\Support\ConfigGeneratorTest::it_generates_claude_code_configuration
Exception: The /var/www/html/vendor/orchestra/testbench-core/laravel/bootstrap/cache directory must be present and writable.

/var/www/html/vendor/laravel/framework/src/Illuminate/Foundation/PackageManifest.php:179
/var/www/html/vendor/orchestra/testbench-core/src/Foundation/PackageManifest.php:157
/var/www/html/vendor/laravel/framework/src/Illuminate/Foundation/PackageManifest.php:132
/var/www/html/vendor/laravel/framework/src/Illuminate/Foundation/PackageManifest.php:108
/var/www/html/vendor/orchestra/testbench-core/src/Foundation/PackageManifest.php:102
/var/www/html/vendor/laravel/framework/src/Illuminate/Foundation/PackageManifest.php:91
/var/www/html/vendor/laravel/framework/src/Illuminate/Foundation/PackageManifest.php:80
/var/www/html/vendor/laravel/framework/src/Illuminate/Foundation/Bootstrap/RegisterFacades.php:26
/var/www/html/vendor/orchestra/testbench-core/src/Concerns/CreatesApplication.php:556
/var/www/html/vendor/orchestra/testbench-core/src/Concerns/CreatesApplication.php:311
/var/www/html/vendor/orchestra/testbench-core/src/TestCase.php:121
/var/www/html/vendor/orchestra/testbench-core/src/Concerns/ApplicationTestingHooks.php:74
/var/www/html/vendor/orchestra/testbench-core/src/Concerns/Testing.php:43
/var/www/html/vendor/laravel/framework/src/Illuminate/Collections/helpers.php:236
/var/www/html/vendor/orchestra/sidekick/src/functions.php:87
/var/www/html/vendor/laravel/framework/src/Illuminate/Collections/helpers.php:236
/var/www/html/vendor/orchestra/testbench-core/src/Concerns/Testing.php:57
/var/www/html/vendor/orchestra/testbench-core/src/TestCase.php:50
/var/www/html/tests/TestCase.php:61
/var/www/html/tests/Unit/Support/ConfigGeneratorTest.php:31</error>
        </testcase>
        <testcase name="it_generates_claude_code_configuration_with_defaults" file="/var/www/html/tests/Unit/Support/ConfigGeneratorTest.php" line="101" class="JTD\LaravelMCP\Tests\Unit\Support\ConfigGeneratorTest" classname="JTD.LaravelMCP.Tests.Unit.Support.ConfigGeneratorTest" assertions="0" time="0.000000">
          <error type="Exception">JTD\LaravelMCP\Tests\Unit\Support\ConfigGeneratorTest::it_generates_claude_code_configuration_with_defaults
Exception: The /var/www/html/vendor/orchestra/testbench-core/laravel/bootstrap/cache directory must be present and writable.

/var/www/html/vendor/laravel/framework/src/Illuminate/Foundation/PackageManifest.php:179
/var/www/html/vendor/orchestra/testbench-core/src/Foundation/PackageManifest.php:157
/var/www/html/vendor/laravel/framework/src/Illuminate/Foundation/PackageManifest.php:132
/var/www/html/vendor/laravel/framework/src/Illuminate/Foundation/PackageManifest.php:108
/var/www/html/vendor/orchestra/testbench-core/src/Foundation/PackageManifest.php:102
/var/www/html/vendor/laravel/framework/src/Illuminate/Foundation/PackageManifest.php:91
/var/www/html/vendor/laravel/framework/src/Illuminate/Foundation/PackageManifest.php:80
/var/www/html/vendor/laravel/framework/src/Illuminate/Foundation/Bootstrap/RegisterFacades.php:26
/var/www/html/vendor/orchestra/testbench-core/src/Concerns/CreatesApplication.php:556
/var/www/html/vendor/orchestra/testbench-core/src/Concerns/CreatesApplication.php:311
/var/www/html/vendor/orchestra/testbench-core/src/TestCase.php:121
/var/www/html/vendor/orchestra/testbench-core/src/Concerns/ApplicationTestingHooks.php:74
/var/www/html/vendor/orchestra/testbench-core/src/Concerns/Testing.php:43
/var/www/html/vendor/laravel/framework/src/Illuminate/Collections/helpers.php:236
/var/www/html/vendor/orchestra/sidekick/src/functions.php:87
/var/www/html/vendor/laravel/framework/src/Illuminate/Collections/helpers.php:236
/var/www/html/vendor/orchestra/testbench-core/src/Concerns/Testing.php:57
/var/www/html/vendor/orchestra/testbench-core/src/TestCase.php:50
/var/www/html/tests/TestCase.php:61
/var/www/html/tests/Unit/Support/ConfigGeneratorTest.php:31</error>
        </testcase>
        <testcase name="it_generates_chatgpt_desktop_configuration" file="/var/www/html/tests/Unit/Support/ConfigGeneratorTest.php" line="117" class="JTD\LaravelMCP\Tests\Unit\Support\ConfigGeneratorTest" classname="JTD.LaravelMCP.Tests.Unit.Support.ConfigGeneratorTest" assertions="0" time="0.000000">
          <error type="Exception">JTD\LaravelMCP\Tests\Unit\Support\ConfigGeneratorTest::it_generates_chatgpt_desktop_configuration
Exception: The /var/www/html/vendor/orchestra/testbench-core/laravel/bootstrap/cache directory must be present and writable.

/var/www/html/vendor/laravel/framework/src/Illuminate/Foundation/PackageManifest.php:179
/var/www/html/vendor/orchestra/testbench-core/src/Foundation/PackageManifest.php:157
/var/www/html/vendor/laravel/framework/src/Illuminate/Foundation/PackageManifest.php:132
/var/www/html/vendor/laravel/framework/src/Illuminate/Foundation/PackageManifest.php:108
/var/www/html/vendor/orchestra/testbench-core/src/Foundation/PackageManifest.php:102
/var/www/html/vendor/laravel/framework/src/Illuminate/Foundation/PackageManifest.php:91
/var/www/html/vendor/laravel/framework/src/Illuminate/Foundation/PackageManifest.php:80
/var/www/html/vendor/laravel/framework/src/Illuminate/Foundation/Bootstrap/RegisterFacades.php:26
/var/www/html/vendor/orchestra/testbench-core/src/Concerns/CreatesApplication.php:556
/var/www/html/vendor/orchestra/testbench-core/src/Concerns/CreatesApplication.php:311
/var/www/html/vendor/orchestra/testbench-core/src/TestCase.php:121
/var/www/html/vendor/orchestra/testbench-core/src/Concerns/ApplicationTestingHooks.php:74
/var/www/html/vendor/orchestra/testbench-core/src/Concerns/Testing.php:43
/var/www/html/vendor/laravel/framework/src/Illuminate/Collections/helpers.php:236
/var/www/html/vendor/orchestra/sidekick/src/functions.php:87
/var/www/html/vendor/laravel/framework/src/Illuminate/Collections/helpers.php:236
/var/www/html/vendor/orchestra/testbench-core/src/Concerns/Testing.php:57
/var/www/html/vendor/orchestra/testbench-core/src/TestCase.php:50
/var/www/html/tests/TestCase.php:61
/var/www/html/tests/Unit/Support/ConfigGeneratorTest.php:31</error>
        </testcase>
        <testcase name="it_generates_chatgpt_desktop_configuration_with_defaults" file="/var/www/html/tests/Unit/Support/ConfigGeneratorTest.php" line="141" class="JTD\LaravelMCP\Tests\Unit\Support\ConfigGeneratorTest" classname="JTD.LaravelMCP.Tests.Unit.Support.ConfigGeneratorTest" assertions="0" time="0.000000">
          <error type="Exception">JTD\LaravelMCP\Tests\Unit\Support\ConfigGeneratorTest::it_generates_chatgpt_desktop_configuration_with_defaults
Exception: The /var/www/html/vendor/orchestra/testbench-core/laravel/bootstrap/cache directory must be present and writable.

/var/www/html/vendor/laravel/framework/src/Illuminate/Foundation/PackageManifest.php:179
/var/www/html/vendor/orchestra/testbench-core/src/Foundation/PackageManifest.php:157
/var/www/html/vendor/laravel/framework/src/Illuminate/Foundation/PackageManifest.php:132
/var/www/html/vendor/laravel/framework/src/Illuminate/Foundation/PackageManifest.php:108
/var/www/html/vendor/orchestra/testbench-core/src/Foundation/PackageManifest.php:102
/var/www/html/vendor/laravel/framework/src/Illuminate/Foundation/PackageManifest.php:91
/var/www/html/vendor/laravel/framework/src/Illuminate/Foundation/PackageManifest.php:80
/var/www/html/vendor/laravel/framework/src/Illuminate/Foundation/Bootstrap/RegisterFacades.php:26
/var/www/html/vendor/orchestra/testbench-core/src/Concerns/CreatesApplication.php:556
/var/www/html/vendor/orchestra/testbench-core/src/Concerns/CreatesApplication.php:311
/var/www/html/vendor/orchestra/testbench-core/src/TestCase.php:121
/var/www/html/vendor/orchestra/testbench-core/src/Concerns/ApplicationTestingHooks.php:74
/var/www/html/vendor/orchestra/testbench-core/src/Concerns/Testing.php:43
/var/www/html/vendor/laravel/framework/src/Illuminate/Collections/helpers.php:236
/var/www/html/vendor/orchestra/sidekick/src/functions.php:87
/var/www/html/vendor/laravel/framework/src/Illuminate/Collections/helpers.php:236
/var/www/html/vendor/orchestra/testbench-core/src/Concerns/Testing.php:57
/var/www/html/vendor/orchestra/testbench-core/src/TestCase.php:50
/var/www/html/tests/TestCase.php:61
/var/www/html/tests/Unit/Support/ConfigGeneratorTest.php:31</error>
        </testcase>
        <testcase name="it_validates_claude_desktop_configuration" file="/var/www/html/tests/Unit/Support/ConfigGeneratorTest.php" line="157" class="JTD\LaravelMCP\Tests\Unit\Support\ConfigGeneratorTest" classname="JTD.LaravelMCP.Tests.Unit.Support.ConfigGeneratorTest" assertions="0" time="0.000000">
          <error type="Exception">JTD\LaravelMCP\Tests\Unit\Support\ConfigGeneratorTest::it_validates_claude_desktop_configuration
Exception: The /var/www/html/vendor/orchestra/testbench-core/laravel/bootstrap/cache directory must be present and writable.

/var/www/html/vendor/laravel/framework/src/Illuminate/Foundation/PackageManifest.php:179
/var/www/html/vendor/orchestra/testbench-core/src/Foundation/PackageManifest.php:157
/var/www/html/vendor/laravel/framework/src/Illuminate/Foundation/PackageManifest.php:132
/var/www/html/vendor/laravel/framework/src/Illuminate/Foundation/PackageManifest.php:108
/var/www/html/vendor/orchestra/testbench-core/src/Foundation/PackageManifest.php:102
/var/www/html/vendor/laravel/framework/src/Illuminate/Foundation/PackageManifest.php:91
/var/www/html/vendor/laravel/framework/src/Illuminate/Foundation/PackageManifest.php:80
/var/www/html/vendor/laravel/framework/src/Illuminate/Foundation/Bootstrap/RegisterFacades.php:26
/var/www/html/vendor/orchestra/testbench-core/src/Concerns/CreatesApplication.php:556
/var/www/html/vendor/orchestra/testbench-core/src/Concerns/CreatesApplication.php:311
/var/www/html/vendor/orchestra/testbench-core/src/TestCase.php:121
/var/www/html/vendor/orchestra/testbench-core/src/Concerns/ApplicationTestingHooks.php:74
/var/www/html/vendor/orchestra/testbench-core/src/Concerns/Testing.php:43
/var/www/html/vendor/laravel/framework/src/Illuminate/Collections/helpers.php:236
/var/www/html/vendor/orchestra/sidekick/src/functions.php:87
/var/www/html/vendor/laravel/framework/src/Illuminate/Collections/helpers.php:236
/var/www/html/vendor/orchestra/testbench-core/src/Concerns/Testing.php:57
/var/www/html/vendor/orchestra/testbench-core/src/TestCase.php:50
/var/www/html/tests/TestCase.php:61
/var/www/html/tests/Unit/Support/ConfigGeneratorTest.php:31</error>
        </testcase>
        <testcase name="it_validates_claude_code_configuration" file="/var/www/html/tests/Unit/Support/ConfigGeneratorTest.php" line="170" class="JTD\LaravelMCP\Tests\Unit\Support\ConfigGeneratorTest" classname="JTD.LaravelMCP.Tests.Unit.Support.ConfigGeneratorTest" assertions="0" time="0.000000">
          <error type="Exception">JTD\LaravelMCP\Tests\Unit\Support\ConfigGeneratorTest::it_validates_claude_code_configuration
Exception: The /var/www/html/vendor/orchestra/testbench-core/laravel/bootstrap/cache directory must be present and writable.

/var/www/html/vendor/laravel/framework/src/Illuminate/Foundation/PackageManifest.php:179
/var/www/html/vendor/orchestra/testbench-core/src/Foundation/PackageManifest.php:157
/var/www/html/vendor/laravel/framework/src/Illuminate/Foundation/PackageManifest.php:132
/var/www/html/vendor/laravel/framework/src/Illuminate/Foundation/PackageManifest.php:108
/var/www/html/vendor/orchestra/testbench-core/src/Foundation/PackageManifest.php:102
/var/www/html/vendor/laravel/framework/src/Illuminate/Foundation/PackageManifest.php:91
/var/www/html/vendor/laravel/framework/src/Illuminate/Foundation/PackageManifest.php:80
/var/www/html/vendor/laravel/framework/src/Illuminate/Foundation/Bootstrap/RegisterFacades.php:26
/var/www/html/vendor/orchestra/testbench-core/src/Concerns/CreatesApplication.php:556
/var/www/html/vendor/orchestra/testbench-core/src/Concerns/CreatesApplication.php:311
/var/www/html/vendor/orchestra/testbench-core/src/TestCase.php:121
/var/www/html/vendor/orchestra/testbench-core/src/Concerns/ApplicationTestingHooks.php:74
/var/www/html/vendor/orchestra/testbench-core/src/Concerns/Testing.php:43
/var/www/html/vendor/laravel/framework/src/Illuminate/Collections/helpers.php:236
/var/www/html/vendor/orchestra/sidekick/src/functions.php:87
/var/www/html/vendor/laravel/framework/src/Illuminate/Collections/helpers.php:236
/var/www/html/vendor/orchestra/testbench-core/src/Concerns/Testing.php:57
/var/www/html/vendor/orchestra/testbench-core/src/TestCase.php:50
/var/www/html/tests/TestCase.php:61
/var/www/html/tests/Unit/Support/ConfigGeneratorTest.php:31</error>
        </testcase>
        <testcase name="it_validates_chatgpt_configuration" file="/var/www/html/tests/Unit/Support/ConfigGeneratorTest.php" line="183" class="JTD\LaravelMCP\Tests\Unit\Support\ConfigGeneratorTest" classname="JTD.LaravelMCP.Tests.Unit.Support.ConfigGeneratorTest" assertions="0" time="0.000000">
          <error type="Exception">JTD\LaravelMCP\Tests\Unit\Support\ConfigGeneratorTest::it_validates_chatgpt_configuration
Exception: The /var/www/html/vendor/orchestra/testbench-core/laravel/bootstrap/cache directory must be present and writable.

/var/www/html/vendor/laravel/framework/src/Illuminate/Foundation/PackageManifest.php:179
/var/www/html/vendor/orchestra/testbench-core/src/Foundation/PackageManifest.php:157
/var/www/html/vendor/laravel/framework/src/Illuminate/Foundation/PackageManifest.php:132
/var/www/html/vendor/laravel/framework/src/Illuminate/Foundation/PackageManifest.php:108
/var/www/html/vendor/orchestra/testbench-core/src/Foundation/PackageManifest.php:102
/var/www/html/vendor/laravel/framework/src/Illuminate/Foundation/PackageManifest.php:91
/var/www/html/vendor/laravel/framework/src/Illuminate/Foundation/PackageManifest.php:80
/var/www/html/vendor/laravel/framework/src/Illuminate/Foundation/Bootstrap/RegisterFacades.php:26
/var/www/html/vendor/orchestra/testbench-core/src/Concerns/CreatesApplication.php:556
/var/www/html/vendor/orchestra/testbench-core/src/Concerns/CreatesApplication.php:311
/var/www/html/vendor/orchestra/testbench-core/src/TestCase.php:121
/var/www/html/vendor/orchestra/testbench-core/src/Concerns/ApplicationTestingHooks.php:74
/var/www/html/vendor/orchestra/testbench-core/src/Concerns/Testing.php:43
/var/www/html/vendor/laravel/framework/src/Illuminate/Collections/helpers.php:236
/var/www/html/vendor/orchestra/sidekick/src/functions.php:87
/var/www/html/vendor/laravel/framework/src/Illuminate/Collections/helpers.php:236
/var/www/html/vendor/orchestra/testbench-core/src/Concerns/Testing.php:57
/var/www/html/vendor/orchestra/testbench-core/src/TestCase.php:50
/var/www/html/tests/TestCase.php:61
/var/www/html/tests/Unit/Support/ConfigGeneratorTest.php:31</error>
        </testcase>
        <testcase name="it_validates_unknown_client_type" file="/var/www/html/tests/Unit/Support/ConfigGeneratorTest.php" line="196" class="JTD\LaravelMCP\Tests\Unit\Support\ConfigGeneratorTest" classname="JTD.LaravelMCP.Tests.Unit.Support.ConfigGeneratorTest" assertions="0" time="0.000000">
          <error type="Exception">JTD\LaravelMCP\Tests\Unit\Support\ConfigGeneratorTest::it_validates_unknown_client_type
Exception: The /var/www/html/vendor/orchestra/testbench-core/laravel/bootstrap/cache directory must be present and writable.

/var/www/html/vendor/laravel/framework/src/Illuminate/Foundation/PackageManifest.php:179
/var/www/html/vendor/orchestra/testbench-core/src/Foundation/PackageManifest.php:157
/var/www/html/vendor/laravel/framework/src/Illuminate/Foundation/PackageManifest.php:132
/var/www/html/vendor/laravel/framework/src/Illuminate/Foundation/PackageManifest.php:108
/var/www/html/vendor/orchestra/testbench-core/src/Foundation/PackageManifest.php:102
/var/www/html/vendor/laravel/framework/src/Illuminate/Foundation/PackageManifest.php:91
/var/www/html/vendor/laravel/framework/src/Illuminate/Foundation/PackageManifest.php:80
/var/www/html/vendor/laravel/framework/src/Illuminate/Foundation/Bootstrap/RegisterFacades.php:26
/var/www/html/vendor/orchestra/testbench-core/src/Concerns/CreatesApplication.php:556
/var/www/html/vendor/orchestra/testbench-core/src/Concerns/CreatesApplication.php:311
/var/www/html/vendor/orchestra/testbench-core/src/TestCase.php:121
/var/www/html/vendor/orchestra/testbench-core/src/Concerns/ApplicationTestingHooks.php:74
/var/www/html/vendor/orchestra/testbench-core/src/Concerns/Testing.php:43
/var/www/html/vendor/laravel/framework/src/Illuminate/Collections/helpers.php:236
/var/www/html/vendor/orchestra/sidekick/src/functions.php:87
/var/www/html/vendor/laravel/framework/src/Illuminate/Collections/helpers.php:236
/var/www/html/vendor/orchestra/testbench-core/src/Concerns/Testing.php:57
/var/www/html/vendor/orchestra/testbench-core/src/TestCase.php:50
/var/www/html/tests/TestCase.php:61
/var/www/html/tests/Unit/Support/ConfigGeneratorTest.php:31</error>
        </testcase>
        <testcase name="it_merges_claude_desktop_configurations" file="/var/www/html/tests/Unit/Support/ConfigGeneratorTest.php" line="206" class="JTD\LaravelMCP\Tests\Unit\Support\ConfigGeneratorTest" classname="JTD.LaravelMCP.Tests.Unit.Support.ConfigGeneratorTest" assertions="0" time="0.000000">
          <error type="Exception">JTD\LaravelMCP\Tests\Unit\Support\ConfigGeneratorTest::it_merges_claude_desktop_configurations
Exception: The /var/www/html/vendor/orchestra/testbench-core/laravel/bootstrap/cache directory must be present and writable.

/var/www/html/vendor/laravel/framework/src/Illuminate/Foundation/PackageManifest.php:179
/var/www/html/vendor/orchestra/testbench-core/src/Foundation/PackageManifest.php:157
/var/www/html/vendor/laravel/framework/src/Illuminate/Foundation/PackageManifest.php:132
/var/www/html/vendor/laravel/framework/src/Illuminate/Foundation/PackageManifest.php:108
/var/www/html/vendor/orchestra/testbench-core/src/Foundation/PackageManifest.php:102
/var/www/html/vendor/laravel/framework/src/Illuminate/Foundation/PackageManifest.php:91
/var/www/html/vendor/laravel/framework/src/Illuminate/Foundation/PackageManifest.php:80
/var/www/html/vendor/laravel/framework/src/Illuminate/Foundation/Bootstrap/RegisterFacades.php:26
/var/www/html/vendor/orchestra/testbench-core/src/Concerns/CreatesApplication.php:556
/var/www/html/vendor/orchestra/testbench-core/src/Concerns/CreatesApplication.php:311
/var/www/html/vendor/orchestra/testbench-core/src/TestCase.php:121
/var/www/html/vendor/orchestra/testbench-core/src/Concerns/ApplicationTestingHooks.php:74
/var/www/html/vendor/orchestra/testbench-core/src/Concerns/Testing.php:43
/var/www/html/vendor/laravel/framework/src/Illuminate/Collections/helpers.php:236
/var/www/html/vendor/orchestra/sidekick/src/functions.php:87
/var/www/html/vendor/laravel/framework/src/Illuminate/Collections/helpers.php:236
/var/www/html/vendor/orchestra/testbench-core/src/Concerns/Testing.php:57
/var/www/html/vendor/orchestra/testbench-core/src/TestCase.php:50
/var/www/html/tests/TestCase.php:61
/var/www/html/tests/Unit/Support/ConfigGeneratorTest.php:31</error>
        </testcase>
        <testcase name="it_merges_claude_code_configurations" file="/var/www/html/tests/Unit/Support/ConfigGeneratorTest.php" line="228" class="JTD\LaravelMCP\Tests\Unit\Support\ConfigGeneratorTest" classname="JTD.LaravelMCP.Tests.Unit.Support.ConfigGeneratorTest" assertions="0" time="0.000000">
          <error type="Exception">JTD\LaravelMCP\Tests\Unit\Support\ConfigGeneratorTest::it_merges_claude_code_configurations
Exception: The /var/www/html/vendor/orchestra/testbench-core/laravel/bootstrap/cache directory must be present and writable.

/var/www/html/vendor/laravel/framework/src/Illuminate/Foundation/PackageManifest.php:179
/var/www/html/vendor/orchestra/testbench-core/src/Foundation/PackageManifest.php:157
/var/www/html/vendor/laravel/framework/src/Illuminate/Foundation/PackageManifest.php:132
/var/www/html/vendor/laravel/framework/src/Illuminate/Foundation/PackageManifest.php:108
/var/www/html/vendor/orchestra/testbench-core/src/Foundation/PackageManifest.php:102
/var/www/html/vendor/laravel/framework/src/Illuminate/Foundation/PackageManifest.php:91
/var/www/html/vendor/laravel/framework/src/Illuminate/Foundation/PackageManifest.php:80
/var/www/html/vendor/laravel/framework/src/Illuminate/Foundation/Bootstrap/RegisterFacades.php:26
/var/www/html/vendor/orchestra/testbench-core/src/Concerns/CreatesApplication.php:556
/var/www/html/vendor/orchestra/testbench-core/src/Concerns/CreatesApplication.php:311
/var/www/html/vendor/orchestra/testbench-core/src/TestCase.php:121
/var/www/html/vendor/orchestra/testbench-core/src/Concerns/ApplicationTestingHooks.php:74
/var/www/html/vendor/orchestra/testbench-core/src/Concerns/Testing.php:43
/var/www/html/vendor/laravel/framework/src/Illuminate/Collections/helpers.php:236
/var/www/html/vendor/orchestra/sidekick/src/functions.php:87
/var/www/html/vendor/laravel/framework/src/Illuminate/Collections/helpers.php:236
/var/www/html/vendor/orchestra/testbench-core/src/Concerns/Testing.php:57
/var/www/html/vendor/orchestra/testbench-core/src/TestCase.php:50
/var/www/html/tests/TestCase.php:61
/var/www/html/tests/Unit/Support/ConfigGeneratorTest.php:31</error>
        </testcase>
        <testcase name="it_merges_chatgpt_configurations" file="/var/www/html/tests/Unit/Support/ConfigGeneratorTest.php" line="255" class="JTD\LaravelMCP\Tests\Unit\Support\ConfigGeneratorTest" classname="JTD.LaravelMCP.Tests.Unit.Support.ConfigGeneratorTest" assertions="0" time="0.000000">
          <error type="Exception">JTD\LaravelMCP\Tests\Unit\Support\ConfigGeneratorTest::it_merges_chatgpt_configurations
Exception: The /var/www/html/vendor/orchestra/testbench-core/laravel/bootstrap/cache directory must be present and writable.

/var/www/html/vendor/laravel/framework/src/Illuminate/Foundation/PackageManifest.php:179
/var/www/html/vendor/orchestra/testbench-core/src/Foundation/PackageManifest.php:157
/var/www/html/vendor/laravel/framework/src/Illuminate/Foundation/PackageManifest.php:132
/var/www/html/vendor/laravel/framework/src/Illuminate/Foundation/PackageManifest.php:108
/var/www/html/vendor/orchestra/testbench-core/src/Foundation/PackageManifest.php:102
/var/www/html/vendor/laravel/framework/src/Illuminate/Foundation/PackageManifest.php:91
/var/www/html/vendor/laravel/framework/src/Illuminate/Foundation/PackageManifest.php:80
/var/www/html/vendor/laravel/framework/src/Illuminate/Foundation/Bootstrap/RegisterFacades.php:26
/var/www/html/vendor/orchestra/testbench-core/src/Concerns/CreatesApplication.php:556
/var/www/html/vendor/orchestra/testbench-core/src/Concerns/CreatesApplication.php:311
/var/www/html/vendor/orchestra/testbench-core/src/TestCase.php:121
/var/www/html/vendor/orchestra/testbench-core/src/Concerns/ApplicationTestingHooks.php:74
/var/www/html/vendor/orchestra/testbench-core/src/Concerns/Testing.php:43
/var/www/html/vendor/laravel/framework/src/Illuminate/Collections/helpers.php:236
/var/www/html/vendor/orchestra/sidekick/src/functions.php:87
/var/www/html/vendor/laravel/framework/src/Illuminate/Collections/helpers.php:236
/var/www/html/vendor/orchestra/testbench-core/src/Concerns/Testing.php:57
/var/www/html/vendor/orchestra/testbench-core/src/TestCase.php:50
/var/www/html/tests/TestCase.php:61
/var/www/html/tests/Unit/Support/ConfigGeneratorTest.php:31</error>
        </testcase>
        <testcase name="it_returns_new_config_when_existing_is_empty" file="/var/www/html/tests/Unit/Support/ConfigGeneratorTest.php" line="278" class="JTD\LaravelMCP\Tests\Unit\Support\ConfigGeneratorTest" classname="JTD.LaravelMCP.Tests.Unit.Support.ConfigGeneratorTest" assertions="0" time="0.000000">
          <error type="Exception">JTD\LaravelMCP\Tests\Unit\Support\ConfigGeneratorTest::it_returns_new_config_when_existing_is_empty
Exception: The /var/www/html/vendor/orchestra/testbench-core/laravel/bootstrap/cache directory must be present and writable.

/var/www/html/vendor/laravel/framework/src/Illuminate/Foundation/PackageManifest.php:179
/var/www/html/vendor/orchestra/testbench-core/src/Foundation/PackageManifest.php:157
/var/www/html/vendor/laravel/framework/src/Illuminate/Foundation/PackageManifest.php:132
/var/www/html/vendor/laravel/framework/src/Illuminate/Foundation/PackageManifest.php:108
/var/www/html/vendor/orchestra/testbench-core/src/Foundation/PackageManifest.php:102
/var/www/html/vendor/laravel/framework/src/Illuminate/Foundation/PackageManifest.php:91
/var/www/html/vendor/laravel/framework/src/Illuminate/Foundation/PackageManifest.php:80
/var/www/html/vendor/laravel/framework/src/Illuminate/Foundation/Bootstrap/RegisterFacades.php:26
/var/www/html/vendor/orchestra/testbench-core/src/Concerns/CreatesApplication.php:556
/var/www/html/vendor/orchestra/testbench-core/src/Concerns/CreatesApplication.php:311
/var/www/html/vendor/orchestra/testbench-core/src/TestCase.php:121
/var/www/html/vendor/orchestra/testbench-core/src/Concerns/ApplicationTestingHooks.php:74
/var/www/html/vendor/orchestra/testbench-core/src/Concerns/Testing.php:43
/var/www/html/vendor/laravel/framework/src/Illuminate/Collections/helpers.php:236
/var/www/html/vendor/orchestra/sidekick/src/functions.php:87
/var/www/html/vendor/laravel/framework/src/Illuminate/Collections/helpers.php:236
/var/www/html/vendor/orchestra/testbench-core/src/Concerns/Testing.php:57
/var/www/html/vendor/orchestra/testbench-core/src/TestCase.php:50
/var/www/html/tests/TestCase.php:61
/var/www/html/tests/Unit/Support/ConfigGeneratorTest.php:31</error>
        </testcase>
        <testcase name="it_detects_operating_system" file="/var/www/html/tests/Unit/Support/ConfigGeneratorTest.php" line="287" class="JTD\LaravelMCP\Tests\Unit\Support\ConfigGeneratorTest" classname="JTD.LaravelMCP.Tests.Unit.Support.ConfigGeneratorTest" assertions="0" time="0.000000">
          <error type="Exception">JTD\LaravelMCP\Tests\Unit\Support\ConfigGeneratorTest::it_detects_operating_system
Exception: The /var/www/html/vendor/orchestra/testbench-core/laravel/bootstrap/cache directory must be present and writable.

/var/www/html/vendor/laravel/framework/src/Illuminate/Foundation/PackageManifest.php:179
/var/www/html/vendor/orchestra/testbench-core/src/Foundation/PackageManifest.php:157
/var/www/html/vendor/laravel/framework/src/Illuminate/Foundation/PackageManifest.php:132
/var/www/html/vendor/laravel/framework/src/Illuminate/Foundation/PackageManifest.php:108
/var/www/html/vendor/orchestra/testbench-core/src/Foundation/PackageManifest.php:102
/var/www/html/vendor/laravel/framework/src/Illuminate/Foundation/PackageManifest.php:91
/var/www/html/vendor/laravel/framework/src/Illuminate/Foundation/PackageManifest.php:80
/var/www/html/vendor/laravel/framework/src/Illuminate/Foundation/Bootstrap/RegisterFacades.php:26
/var/www/html/vendor/orchestra/testbench-core/src/Concerns/CreatesApplication.php:556
/var/www/html/vendor/orchestra/testbench-core/src/Concerns/CreatesApplication.php:311
/var/www/html/vendor/orchestra/testbench-core/src/TestCase.php:121
/var/www/html/vendor/orchestra/testbench-core/src/Concerns/ApplicationTestingHooks.php:74
/var/www/html/vendor/orchestra/testbench-core/src/Concerns/Testing.php:43
/var/www/html/vendor/laravel/framework/src/Illuminate/Collections/helpers.php:236
/var/www/html/vendor/orchestra/sidekick/src/functions.php:87
/var/www/html/vendor/laravel/framework/src/Illuminate/Collections/helpers.php:236
/var/www/html/vendor/orchestra/testbench-core/src/Concerns/Testing.php:57
/var/www/html/vendor/orchestra/testbench-core/src/TestCase.php:50
/var/www/html/tests/TestCase.php:61
/var/www/html/tests/Unit/Support/ConfigGeneratorTest.php:31</error>
        </testcase>
        <testcase name="it_gets_home_directory" file="/var/www/html/tests/Unit/Support/ConfigGeneratorTest.php" line="299" class="JTD\LaravelMCP\Tests\Unit\Support\ConfigGeneratorTest" classname="JTD.LaravelMCP.Tests.Unit.Support.ConfigGeneratorTest" assertions="0" time="0.000000">
          <error type="Exception">JTD\LaravelMCP\Tests\Unit\Support\ConfigGeneratorTest::it_gets_home_directory
Exception: The /var/www/html/vendor/orchestra/testbench-core/laravel/bootstrap/cache directory must be present and writable.

/var/www/html/vendor/laravel/framework/src/Illuminate/Foundation/PackageManifest.php:179
/var/www/html/vendor/orchestra/testbench-core/src/Foundation/PackageManifest.php:157
/var/www/html/vendor/laravel/framework/src/Illuminate/Foundation/PackageManifest.php:132
/var/www/html/vendor/laravel/framework/src/Illuminate/Foundation/PackageManifest.php:108
/var/www/html/vendor/orchestra/testbench-core/src/Foundation/PackageManifest.php:102
/var/www/html/vendor/laravel/framework/src/Illuminate/Foundation/PackageManifest.php:91
/var/www/html/vendor/laravel/framework/src/Illuminate/Foundation/PackageManifest.php:80
/var/www/html/vendor/laravel/framework/src/Illuminate/Foundation/Bootstrap/RegisterFacades.php:26
/var/www/html/vendor/orchestra/testbench-core/src/Concerns/CreatesApplication.php:556
/var/www/html/vendor/orchestra/testbench-core/src/Concerns/CreatesApplication.php:311
/var/www/html/vendor/orchestra/testbench-core/src/TestCase.php:121
/var/www/html/vendor/orchestra/testbench-core/src/Concerns/ApplicationTestingHooks.php:74
/var/www/html/vendor/orchestra/testbench-core/src/Concerns/Testing.php:43
/var/www/html/vendor/laravel/framework/src/Illuminate/Collections/helpers.php:236
/var/www/html/vendor/orchestra/sidekick/src/functions.php:87
/var/www/html/vendor/laravel/framework/src/Illuminate/Collections/helpers.php:236
/var/www/html/vendor/orchestra/testbench-core/src/Concerns/Testing.php:57
/var/www/html/vendor/orchestra/testbench-core/src/TestCase.php:50
/var/www/html/tests/TestCase.php:61
/var/www/html/tests/Unit/Support/ConfigGeneratorTest.php:31</error>
        </testcase>
        <testcase name="it_gets_client_config_path" file="/var/www/html/tests/Unit/Support/ConfigGeneratorTest.php" line="311" class="JTD\LaravelMCP\Tests\Unit\Support\ConfigGeneratorTest" classname="JTD.LaravelMCP.Tests.Unit.Support.ConfigGeneratorTest" assertions="0" time="0.000000">
          <error type="Exception">JTD\LaravelMCP\Tests\Unit\Support\ConfigGeneratorTest::it_gets_client_config_path
Exception: The /var/www/html/vendor/orchestra/testbench-core/laravel/bootstrap/cache directory must be present and writable.

/var/www/html/vendor/laravel/framework/src/Illuminate/Foundation/PackageManifest.php:179
/var/www/html/vendor/orchestra/testbench-core/src/Foundation/PackageManifest.php:157
/var/www/html/vendor/laravel/framework/src/Illuminate/Foundation/PackageManifest.php:132
/var/www/html/vendor/laravel/framework/src/Illuminate/Foundation/PackageManifest.php:108
/var/www/html/vendor/orchestra/testbench-core/src/Foundation/PackageManifest.php:102
/var/www/html/vendor/laravel/framework/src/Illuminate/Foundation/PackageManifest.php:91
/var/www/html/vendor/laravel/framework/src/Illuminate/Foundation/PackageManifest.php:80
/var/www/html/vendor/laravel/framework/src/Illuminate/Foundation/Bootstrap/RegisterFacades.php:26
/var/www/html/vendor/orchestra/testbench-core/src/Concerns/CreatesApplication.php:556
/var/www/html/vendor/orchestra/testbench-core/src/Concerns/CreatesApplication.php:311
/var/www/html/vendor/orchestra/testbench-core/src/TestCase.php:121
/var/www/html/vendor/orchestra/testbench-core/src/Concerns/ApplicationTestingHooks.php:74
/var/www/html/vendor/orchestra/testbench-core/src/Concerns/Testing.php:43
/var/www/html/vendor/laravel/framework/src/Illuminate/Collections/helpers.php:236
/var/www/html/vendor/orchestra/sidekick/src/functions.php:87
/var/www/html/vendor/laravel/framework/src/Illuminate/Collections/helpers.php:236
/var/www/html/vendor/orchestra/testbench-core/src/Concerns/Testing.php:57
/var/www/html/vendor/orchestra/testbench-core/src/TestCase.php:50
/var/www/html/tests/TestCase.php:61
/var/www/html/tests/Unit/Support/ConfigGeneratorTest.php:31</error>
        </testcase>
        <testcase name="it_saves_client_configuration" file="/var/www/html/tests/Unit/Support/ConfigGeneratorTest.php" line="330" class="JTD\LaravelMCP\Tests\Unit\Support\ConfigGeneratorTest" classname="JTD.LaravelMCP.Tests.Unit.Support.ConfigGeneratorTest" assertions="0" time="0.000000">
          <error type="Exception">JTD\LaravelMCP\Tests\Unit\Support\ConfigGeneratorTest::it_saves_client_configuration
Exception: The /var/www/html/vendor/orchestra/testbench-core/laravel/bootstrap/cache directory must be present and writable.

/var/www/html/vendor/laravel/framework/src/Illuminate/Foundation/PackageManifest.php:179
/var/www/html/vendor/orchestra/testbench-core/src/Foundation/PackageManifest.php:157
/var/www/html/vendor/laravel/framework/src/Illuminate/Foundation/PackageManifest.php:132
/var/www/html/vendor/laravel/framework/src/Illuminate/Foundation/PackageManifest.php:108
/var/www/html/vendor/orchestra/testbench-core/src/Foundation/PackageManifest.php:102
/var/www/html/vendor/laravel/framework/src/Illuminate/Foundation/PackageManifest.php:91
/var/www/html/vendor/laravel/framework/src/Illuminate/Foundation/PackageManifest.php:80
/var/www/html/vendor/laravel/framework/src/Illuminate/Foundation/Bootstrap/RegisterFacades.php:26
/var/www/html/vendor/orchestra/testbench-core/src/Concerns/CreatesApplication.php:556
/var/www/html/vendor/orchestra/testbench-core/src/Concerns/CreatesApplication.php:311
/var/www/html/vendor/orchestra/testbench-core/src/TestCase.php:121
/var/www/html/vendor/orchestra/testbench-core/src/Concerns/ApplicationTestingHooks.php:74
/var/www/html/vendor/orchestra/testbench-core/src/Concerns/Testing.php:43
/var/www/html/vendor/laravel/framework/src/Illuminate/Collections/helpers.php:236
/var/www/html/vendor/orchestra/sidekick/src/functions.php:87
/var/www/html/vendor/laravel/framework/src/Illuminate/Collections/helpers.php:236
/var/www/html/vendor/orchestra/testbench-core/src/Concerns/Testing.php:57
/var/www/html/vendor/orchestra/testbench-core/src/TestCase.php:50
/var/www/html/tests/TestCase.php:61
/var/www/html/tests/Unit/Support/ConfigGeneratorTest.php:31</error>
        </testcase>
        <testcase name="it_prevents_overwrite_without_force" file="/var/www/html/tests/Unit/Support/ConfigGeneratorTest.php" line="348" class="JTD\LaravelMCP\Tests\Unit\Support\ConfigGeneratorTest" classname="JTD.LaravelMCP.Tests.Unit.Support.ConfigGeneratorTest" assertions="0" time="0.000000">
          <error type="Exception">JTD\LaravelMCP\Tests\Unit\Support\ConfigGeneratorTest::it_prevents_overwrite_without_force
Exception: The /var/www/html/vendor/orchestra/testbench-core/laravel/bootstrap/cache directory must be present and writable.

/var/www/html/vendor/laravel/framework/src/Illuminate/Foundation/PackageManifest.php:179
/var/www/html/vendor/orchestra/testbench-core/src/Foundation/PackageManifest.php:157
/var/www/html/vendor/laravel/framework/src/Illuminate/Foundation/PackageManifest.php:132
/var/www/html/vendor/laravel/framework/src/Illuminate/Foundation/PackageManifest.php:108
/var/www/html/vendor/orchestra/testbench-core/src/Foundation/PackageManifest.php:102
/var/www/html/vendor/laravel/framework/src/Illuminate/Foundation/PackageManifest.php:91
/var/www/html/vendor/laravel/framework/src/Illuminate/Foundation/PackageManifest.php:80
/var/www/html/vendor/laravel/framework/src/Illuminate/Foundation/Bootstrap/RegisterFacades.php:26
/var/www/html/vendor/orchestra/testbench-core/src/Concerns/CreatesApplication.php:556
/var/www/html/vendor/orchestra/testbench-core/src/Concerns/CreatesApplication.php:311
/var/www/html/vendor/orchestra/testbench-core/src/TestCase.php:121
/var/www/html/vendor/orchestra/testbench-core/src/Concerns/ApplicationTestingHooks.php:74
/var/www/html/vendor/orchestra/testbench-core/src/Concerns/Testing.php:43
/var/www/html/vendor/laravel/framework/src/Illuminate/Collections/helpers.php:236
/var/www/html/vendor/orchestra/sidekick/src/functions.php:87
/var/www/html/vendor/laravel/framework/src/Illuminate/Collections/helpers.php:236
/var/www/html/vendor/orchestra/testbench-core/src/Concerns/Testing.php:57
/var/www/html/vendor/orchestra/testbench-core/src/TestCase.php:50
/var/www/html/tests/TestCase.php:61
/var/www/html/tests/Unit/Support/ConfigGeneratorTest.php:31</error>
        </testcase>
        <testcase name="it_creates_directory_if_not_exists" file="/var/www/html/tests/Unit/Support/ConfigGeneratorTest.php" line="368" class="JTD\LaravelMCP\Tests\Unit\Support\ConfigGeneratorTest" classname="JTD.LaravelMCP.Tests.Unit.Support.ConfigGeneratorTest" assertions="0" time="0.000000">
          <error type="Exception">JTD\LaravelMCP\Tests\Unit\Support\ConfigGeneratorTest::it_creates_directory_if_not_exists
Exception: The /var/www/html/vendor/orchestra/testbench-core/laravel/bootstrap/cache directory must be present and writable.

/var/www/html/vendor/laravel/framework/src/Illuminate/Foundation/PackageManifest.php:179
/var/www/html/vendor/orchestra/testbench-core/src/Foundation/PackageManifest.php:157
/var/www/html/vendor/laravel/framework/src/Illuminate/Foundation/PackageManifest.php:132
/var/www/html/vendor/laravel/framework/src/Illuminate/Foundation/PackageManifest.php:108
/var/www/html/vendor/orchestra/testbench-core/src/Foundation/PackageManifest.php:102
/var/www/html/vendor/laravel/framework/src/Illuminate/Foundation/PackageManifest.php:91
/var/www/html/vendor/laravel/framework/src/Illuminate/Foundation/PackageManifest.php:80
/var/www/html/vendor/laravel/framework/src/Illuminate/Foundation/Bootstrap/RegisterFacades.php:26
/var/www/html/vendor/orchestra/testbench-core/src/Concerns/CreatesApplication.php:556
/var/www/html/vendor/orchestra/testbench-core/src/Concerns/CreatesApplication.php:311
/var/www/html/vendor/orchestra/testbench-core/src/TestCase.php:121
/var/www/html/vendor/orchestra/testbench-core/src/Concerns/ApplicationTestingHooks.php:74
/var/www/html/vendor/orchestra/testbench-core/src/Concerns/Testing.php:43
/var/www/html/vendor/laravel/framework/src/Illuminate/Collections/helpers.php:236
/var/www/html/vendor/orchestra/sidekick/src/functions.php:87
/var/www/html/vendor/laravel/framework/src/Illuminate/Collections/helpers.php:236
/var/www/html/vendor/orchestra/testbench-core/src/Concerns/Testing.php:57
/var/www/html/vendor/orchestra/testbench-core/src/TestCase.php:50
/var/www/html/tests/TestCase.php:61
/var/www/html/tests/Unit/Support/ConfigGeneratorTest.php:31</error>
        </testcase>
        <testcase name="it_handles_save_errors_gracefully" file="/var/www/html/tests/Unit/Support/ConfigGeneratorTest.php" line="385" class="JTD\LaravelMCP\Tests\Unit\Support\ConfigGeneratorTest" classname="JTD.LaravelMCP.Tests.Unit.Support.ConfigGeneratorTest" assertions="0" time="0.000000">
          <error type="Exception">JTD\LaravelMCP\Tests\Unit\Support\ConfigGeneratorTest::it_handles_save_errors_gracefully
Exception: The /var/www/html/vendor/orchestra/testbench-core/laravel/bootstrap/cache directory must be present and writable.

/var/www/html/vendor/laravel/framework/src/Illuminate/Foundation/PackageManifest.php:179
/var/www/html/vendor/orchestra/testbench-core/src/Foundation/PackageManifest.php:157
/var/www/html/vendor/laravel/framework/src/Illuminate/Foundation/PackageManifest.php:132
/var/www/html/vendor/laravel/framework/src/Illuminate/Foundation/PackageManifest.php:108
/var/www/html/vendor/orchestra/testbench-core/src/Foundation/PackageManifest.php:102
/var/www/html/vendor/laravel/framework/src/Illuminate/Foundation/PackageManifest.php:91
/var/www/html/vendor/laravel/framework/src/Illuminate/Foundation/PackageManifest.php:80
/var/www/html/vendor/laravel/framework/src/Illuminate/Foundation/Bootstrap/RegisterFacades.php:26
/var/www/html/vendor/orchestra/testbench-core/src/Concerns/CreatesApplication.php:556
/var/www/html/vendor/orchestra/testbench-core/src/Concerns/CreatesApplication.php:311
/var/www/html/vendor/orchestra/testbench-core/src/TestCase.php:121
/var/www/html/vendor/orchestra/testbench-core/src/Concerns/ApplicationTestingHooks.php:74
/var/www/html/vendor/orchestra/testbench-core/src/Concerns/Testing.php:43
/var/www/html/vendor/laravel/framework/src/Illuminate/Collections/helpers.php:236
/var/www/html/vendor/orchestra/sidekick/src/functions.php:87
/var/www/html/vendor/laravel/framework/src/Illuminate/Collections/helpers.php:236
/var/www/html/vendor/orchestra/testbench-core/src/Concerns/Testing.php:57
/var/www/html/vendor/orchestra/testbench-core/src/TestCase.php:50
/var/www/html/tests/TestCase.php:61
/var/www/html/tests/Unit/Support/ConfigGeneratorTest.php:31</error>
        </testcase>
      </testsuite>
      <testsuite name="JTD\LaravelMCP\Tests\Unit\Support\Generators\ClaudeDesktopGeneratorTest" file="/var/www/html/tests/Unit/Support/Generators/ClaudeDesktopGeneratorTest.php" tests="9" assertions="0" errors="9" failures="0" skipped="0" time="0.000000">
        <testcase name="it_generates_stdio_configuration" file="/var/www/html/tests/Unit/Support/Generators/ClaudeDesktopGeneratorTest.php" line="38" class="JTD\LaravelMCP\Tests\Unit\Support\Generators\ClaudeDesktopGeneratorTest" classname="JTD.LaravelMCP.Tests.Unit.Support.Generators.ClaudeDesktopGeneratorTest" assertions="0" time="0.000000">
          <error type="Exception">JTD\LaravelMCP\Tests\Unit\Support\Generators\ClaudeDesktopGeneratorTest::it_generates_stdio_configuration
Exception: The /var/www/html/vendor/orchestra/testbench-core/laravel/bootstrap/cache directory must be present and writable.

/var/www/html/vendor/laravel/framework/src/Illuminate/Foundation/PackageManifest.php:179
/var/www/html/vendor/orchestra/testbench-core/src/Foundation/PackageManifest.php:157
/var/www/html/vendor/laravel/framework/src/Illuminate/Foundation/PackageManifest.php:132
/var/www/html/vendor/laravel/framework/src/Illuminate/Foundation/PackageManifest.php:108
/var/www/html/vendor/orchestra/testbench-core/src/Foundation/PackageManifest.php:102
/var/www/html/vendor/laravel/framework/src/Illuminate/Foundation/PackageManifest.php:91
/var/www/html/vendor/laravel/framework/src/Illuminate/Foundation/PackageManifest.php:80
/var/www/html/vendor/laravel/framework/src/Illuminate/Foundation/Bootstrap/RegisterFacades.php:26
/var/www/html/vendor/orchestra/testbench-core/src/Concerns/CreatesApplication.php:556
/var/www/html/vendor/orchestra/testbench-core/src/Concerns/CreatesApplication.php:311
/var/www/html/vendor/orchestra/testbench-core/src/TestCase.php:121
/var/www/html/vendor/orchestra/testbench-core/src/Concerns/ApplicationTestingHooks.php:74
/var/www/html/vendor/orchestra/testbench-core/src/Concerns/Testing.php:43
/var/www/html/vendor/laravel/framework/src/Illuminate/Collections/helpers.php:236
/var/www/html/vendor/orchestra/sidekick/src/functions.php:87
/var/www/html/vendor/laravel/framework/src/Illuminate/Collections/helpers.php:236
/var/www/html/vendor/orchestra/testbench-core/src/Concerns/Testing.php:57
/var/www/html/vendor/orchestra/testbench-core/src/TestCase.php:50
/var/www/html/tests/TestCase.php:61
/var/www/html/tests/Unit/Support/Generators/ClaudeDesktopGeneratorTest.php:31</error>
        </testcase>
        <testcase name="it_generates_http_configuration" file="/var/www/html/tests/Unit/Support/Generators/ClaudeDesktopGeneratorTest.php" line="69" class="JTD\LaravelMCP\Tests\Unit\Support\Generators\ClaudeDesktopGeneratorTest" classname="JTD.LaravelMCP.Tests.Unit.Support.Generators.ClaudeDesktopGeneratorTest" assertions="0" time="0.000000">
          <error type="Exception">JTD\LaravelMCP\Tests\Unit\Support\Generators\ClaudeDesktopGeneratorTest::it_generates_http_configuration
Exception: The /var/www/html/vendor/orchestra/testbench-core/laravel/bootstrap/cache directory must be present and writable.

/var/www/html/vendor/laravel/framework/src/Illuminate/Foundation/PackageManifest.php:179
/var/www/html/vendor/orchestra/testbench-core/src/Foundation/PackageManifest.php:157
/var/www/html/vendor/laravel/framework/src/Illuminate/Foundation/PackageManifest.php:132
/var/www/html/vendor/laravel/framework/src/Illuminate/Foundation/PackageManifest.php:108
/var/www/html/vendor/orchestra/testbench-core/src/Foundation/PackageManifest.php:102
/var/www/html/vendor/laravel/framework/src/Illuminate/Foundation/PackageManifest.php:91
/var/www/html/vendor/laravel/framework/src/Illuminate/Foundation/PackageManifest.php:80
/var/www/html/vendor/laravel/framework/src/Illuminate/Foundation/Bootstrap/RegisterFacades.php:26
/var/www/html/vendor/orchestra/testbench-core/src/Concerns/CreatesApplication.php:556
/var/www/html/vendor/orchestra/testbench-core/src/Concerns/CreatesApplication.php:311
/var/www/html/vendor/orchestra/testbench-core/src/TestCase.php:121
/var/www/html/vendor/orchestra/testbench-core/src/Concerns/ApplicationTestingHooks.php:74
/var/www/html/vendor/orchestra/testbench-core/src/Concerns/Testing.php:43
/var/www/html/vendor/laravel/framework/src/Illuminate/Collections/helpers.php:236
/var/www/html/vendor/orchestra/sidekick/src/functions.php:87
/var/www/html/vendor/laravel/framework/src/Illuminate/Collections/helpers.php:236
/var/www/html/vendor/orchestra/testbench-core/src/Concerns/Testing.php:57
/var/www/html/vendor/orchestra/testbench-core/src/TestCase.php:50
/var/www/html/tests/TestCase.php:61
/var/www/html/tests/Unit/Support/Generators/ClaudeDesktopGeneratorTest.php:31</error>
        </testcase>
        <testcase name="it_uses_default_values_when_not_provided" file="/var/www/html/tests/Unit/Support/Generators/ClaudeDesktopGeneratorTest.php" line="97" class="JTD\LaravelMCP\Tests\Unit\Support\Generators\ClaudeDesktopGeneratorTest" classname="JTD.LaravelMCP.Tests.Unit.Support.Generators.ClaudeDesktopGeneratorTest" assertions="0" time="0.000000">
          <error type="Exception">JTD\LaravelMCP\Tests\Unit\Support\Generators\ClaudeDesktopGeneratorTest::it_uses_default_values_when_not_provided
Exception: The /var/www/html/vendor/orchestra/testbench-core/laravel/bootstrap/cache directory must be present and writable.

/var/www/html/vendor/laravel/framework/src/Illuminate/Foundation/PackageManifest.php:179
/var/www/html/vendor/orchestra/testbench-core/src/Foundation/PackageManifest.php:157
/var/www/html/vendor/laravel/framework/src/Illuminate/Foundation/PackageManifest.php:132
/var/www/html/vendor/laravel/framework/src/Illuminate/Foundation/PackageManifest.php:108
/var/www/html/vendor/orchestra/testbench-core/src/Foundation/PackageManifest.php:102
/var/www/html/vendor/laravel/framework/src/Illuminate/Foundation/PackageManifest.php:91
/var/www/html/vendor/laravel/framework/src/Illuminate/Foundation/PackageManifest.php:80
/var/www/html/vendor/laravel/framework/src/Illuminate/Foundation/Bootstrap/RegisterFacades.php:26
/var/www/html/vendor/orchestra/testbench-core/src/Concerns/CreatesApplication.php:556
/var/www/html/vendor/orchestra/testbench-core/src/Concerns/CreatesApplication.php:311
/var/www/html/vendor/orchestra/testbench-core/src/TestCase.php:121
/var/www/html/vendor/orchestra/testbench-core/src/Concerns/ApplicationTestingHooks.php:74
/var/www/html/vendor/orchestra/testbench-core/src/Concerns/Testing.php:43
/var/www/html/vendor/laravel/framework/src/Illuminate/Collections/helpers.php:236
/var/www/html/vendor/orchestra/sidekick/src/functions.php:87
/var/www/html/vendor/laravel/framework/src/Illuminate/Collections/helpers.php:236
/var/www/html/vendor/orchestra/testbench-core/src/Concerns/Testing.php:57
/var/www/html/vendor/orchestra/testbench-core/src/TestCase.php:50
/var/www/html/tests/TestCase.php:61
/var/www/html/tests/Unit/Support/Generators/ClaudeDesktopGeneratorTest.php:31</error>
        </testcase>
        <testcase name="it_validates_configuration" file="/var/www/html/tests/Unit/Support/Generators/ClaudeDesktopGeneratorTest.php" line="116" class="JTD\LaravelMCP\Tests\Unit\Support\Generators\ClaudeDesktopGeneratorTest" classname="JTD.LaravelMCP.Tests.Unit.Support.Generators.ClaudeDesktopGeneratorTest" assertions="0" time="0.000000">
          <error type="Exception">JTD\LaravelMCP\Tests\Unit\Support\Generators\ClaudeDesktopGeneratorTest::it_validates_configuration
Exception: The /var/www/html/vendor/orchestra/testbench-core/laravel/bootstrap/cache directory must be present and writable.

/var/www/html/vendor/laravel/framework/src/Illuminate/Foundation/PackageManifest.php:179
/var/www/html/vendor/orchestra/testbench-core/src/Foundation/PackageManifest.php:157
/var/www/html/vendor/laravel/framework/src/Illuminate/Foundation/PackageManifest.php:132
/var/www/html/vendor/laravel/framework/src/Illuminate/Foundation/PackageManifest.php:108
/var/www/html/vendor/orchestra/testbench-core/src/Foundation/PackageManifest.php:102
/var/www/html/vendor/laravel/framework/src/Illuminate/Foundation/PackageManifest.php:91
/var/www/html/vendor/laravel/framework/src/Illuminate/Foundation/PackageManifest.php:80
/var/www/html/vendor/laravel/framework/src/Illuminate/Foundation/Bootstrap/RegisterFacades.php:26
/var/www/html/vendor/orchestra/testbench-core/src/Concerns/CreatesApplication.php:556
/var/www/html/vendor/orchestra/testbench-core/src/Concerns/CreatesApplication.php:311
/var/www/html/vendor/orchestra/testbench-core/src/TestCase.php:121
/var/www/html/vendor/orchestra/testbench-core/src/Concerns/ApplicationTestingHooks.php:74
/var/www/html/vendor/orchestra/testbench-core/src/Concerns/Testing.php:43
/var/www/html/vendor/laravel/framework/src/Illuminate/Collections/helpers.php:236
/var/www/html/vendor/orchestra/sidekick/src/functions.php:87
/var/www/html/vendor/laravel/framework/src/Illuminate/Collections/helpers.php:236
/var/www/html/vendor/orchestra/testbench-core/src/Concerns/Testing.php:57
/var/www/html/vendor/orchestra/testbench-core/src/TestCase.php:50
/var/www/html/tests/TestCase.php:61
/var/www/html/tests/Unit/Support/Generators/ClaudeDesktopGeneratorTest.php:31</error>
        </testcase>
        <testcase name="it_merges_configurations_properly" file="/var/www/html/tests/Unit/Support/Generators/ClaudeDesktopGeneratorTest.php" line="146" class="JTD\LaravelMCP\Tests\Unit\Support\Generators\ClaudeDesktopGeneratorTest" classname="JTD.LaravelMCP.Tests.Unit.Support.Generators.ClaudeDesktopGeneratorTest" assertions="0" time="0.000000">
          <error type="Exception">JTD\LaravelMCP\Tests\Unit\Support\Generators\ClaudeDesktopGeneratorTest::it_merges_configurations_properly
Exception: The /var/www/html/vendor/orchestra/testbench-core/laravel/bootstrap/cache directory must be present and writable.

/var/www/html/vendor/laravel/framework/src/Illuminate/Foundation/PackageManifest.php:179
/var/www/html/vendor/orchestra/testbench-core/src/Foundation/PackageManifest.php:157
/var/www/html/vendor/laravel/framework/src/Illuminate/Foundation/PackageManifest.php:132
/var/www/html/vendor/laravel/framework/src/Illuminate/Foundation/PackageManifest.php:108
/var/www/html/vendor/orchestra/testbench-core/src/Foundation/PackageManifest.php:102
/var/www/html/vendor/laravel/framework/src/Illuminate/Foundation/PackageManifest.php:91
/var/www/html/vendor/laravel/framework/src/Illuminate/Foundation/PackageManifest.php:80
/var/www/html/vendor/laravel/framework/src/Illuminate/Foundation/Bootstrap/RegisterFacades.php:26
/var/www/html/vendor/orchestra/testbench-core/src/Concerns/CreatesApplication.php:556
/var/www/html/vendor/orchestra/testbench-core/src/Concerns/CreatesApplication.php:311
/var/www/html/vendor/orchestra/testbench-core/src/TestCase.php:121
/var/www/html/vendor/orchestra/testbench-core/src/Concerns/ApplicationTestingHooks.php:74
/var/www/html/vendor/orchestra/testbench-core/src/Concerns/Testing.php:43
/var/www/html/vendor/laravel/framework/src/Illuminate/Collections/helpers.php:236
/var/www/html/vendor/orchestra/sidekick/src/functions.php:87
/var/www/html/vendor/laravel/framework/src/Illuminate/Collections/helpers.php:236
/var/www/html/vendor/orchestra/testbench-core/src/Concerns/Testing.php:57
/var/www/html/vendor/orchestra/testbench-core/src/TestCase.php:50
/var/www/html/tests/TestCase.php:61
/var/www/html/tests/Unit/Support/Generators/ClaudeDesktopGeneratorTest.php:31</error>
        </testcase>
        <testcase name="it_loads_existing_configuration" file="/var/www/html/tests/Unit/Support/Generators/ClaudeDesktopGeneratorTest.php" line="177" class="JTD\LaravelMCP\Tests\Unit\Support\Generators\ClaudeDesktopGeneratorTest" classname="JTD.LaravelMCP.Tests.Unit.Support.Generators.ClaudeDesktopGeneratorTest" assertions="0" time="0.000000">
          <error type="Exception">JTD\LaravelMCP\Tests\Unit\Support\Generators\ClaudeDesktopGeneratorTest::it_loads_existing_configuration
Exception: The /var/www/html/vendor/orchestra/testbench-core/laravel/bootstrap/cache directory must be present and writable.

/var/www/html/vendor/laravel/framework/src/Illuminate/Foundation/PackageManifest.php:179
/var/www/html/vendor/orchestra/testbench-core/src/Foundation/PackageManifest.php:157
/var/www/html/vendor/laravel/framework/src/Illuminate/Foundation/PackageManifest.php:132
/var/www/html/vendor/laravel/framework/src/Illuminate/Foundation/PackageManifest.php:108
/var/www/html/vendor/orchestra/testbench-core/src/Foundation/PackageManifest.php:102
/var/www/html/vendor/laravel/framework/src/Illuminate/Foundation/PackageManifest.php:91
/var/www/html/vendor/laravel/framework/src/Illuminate/Foundation/PackageManifest.php:80
/var/www/html/vendor/laravel/framework/src/Illuminate/Foundation/Bootstrap/RegisterFacades.php:26
/var/www/html/vendor/orchestra/testbench-core/src/Concerns/CreatesApplication.php:556
/var/www/html/vendor/orchestra/testbench-core/src/Concerns/CreatesApplication.php:311
/var/www/html/vendor/orchestra/testbench-core/src/TestCase.php:121
/var/www/html/vendor/orchestra/testbench-core/src/Concerns/ApplicationTestingHooks.php:74
/var/www/html/vendor/orchestra/testbench-core/src/Concerns/Testing.php:43
/var/www/html/vendor/laravel/framework/src/Illuminate/Collections/helpers.php:236
/var/www/html/vendor/orchestra/sidekick/src/functions.php:87
/var/www/html/vendor/laravel/framework/src/Illuminate/Collections/helpers.php:236
/var/www/html/vendor/orchestra/testbench-core/src/Concerns/Testing.php:57
/var/www/html/vendor/orchestra/testbench-core/src/TestCase.php:50
/var/www/html/tests/TestCase.php:61
/var/www/html/tests/Unit/Support/Generators/ClaudeDesktopGeneratorTest.php:31</error>
        </testcase>
        <testcase name="it_handles_invalid_transport_type" file="/var/www/html/tests/Unit/Support/Generators/ClaudeDesktopGeneratorTest.php" line="202" class="JTD\LaravelMCP\Tests\Unit\Support\Generators\ClaudeDesktopGeneratorTest" classname="JTD.LaravelMCP.Tests.Unit.Support.Generators.ClaudeDesktopGeneratorTest" assertions="0" time="0.000000">
          <error type="Exception">JTD\LaravelMCP\Tests\Unit\Support\Generators\ClaudeDesktopGeneratorTest::it_handles_invalid_transport_type
Exception: The /var/www/html/vendor/orchestra/testbench-core/laravel/bootstrap/cache directory must be present and writable.

/var/www/html/vendor/laravel/framework/src/Illuminate/Foundation/PackageManifest.php:179
/var/www/html/vendor/orchestra/testbench-core/src/Foundation/PackageManifest.php:157
/var/www/html/vendor/laravel/framework/src/Illuminate/Foundation/PackageManifest.php:132
/var/www/html/vendor/laravel/framework/src/Illuminate/Foundation/PackageManifest.php:108
/var/www/html/vendor/orchestra/testbench-core/src/Foundation/PackageManifest.php:102
/var/www/html/vendor/laravel/framework/src/Illuminate/Foundation/PackageManifest.php:91
/var/www/html/vendor/laravel/framework/src/Illuminate/Foundation/PackageManifest.php:80
/var/www/html/vendor/laravel/framework/src/Illuminate/Foundation/Bootstrap/RegisterFacades.php:26
/var/www/html/vendor/orchestra/testbench-core/src/Concerns/CreatesApplication.php:556
/var/www/html/vendor/orchestra/testbench-core/src/Concerns/CreatesApplication.php:311
/var/www/html/vendor/orchestra/testbench-core/src/TestCase.php:121
/var/www/html/vendor/orchestra/testbench-core/src/Concerns/ApplicationTestingHooks.php:74
/var/www/html/vendor/orchestra/testbench-core/src/Concerns/Testing.php:43
/var/www/html/vendor/laravel/framework/src/Illuminate/Collections/helpers.php:236
/var/www/html/vendor/orchestra/sidekick/src/functions.php:87
/var/www/html/vendor/laravel/framework/src/Illuminate/Collections/helpers.php:236
/var/www/html/vendor/orchestra/testbench-core/src/Concerns/Testing.php:57
/var/www/html/vendor/orchestra/testbench-core/src/TestCase.php:50
/var/www/html/tests/TestCase.php:61
/var/www/html/tests/Unit/Support/Generators/ClaudeDesktopGeneratorTest.php:31</error>
        </testcase>
        <testcase name="it_gets_default_server_name" file="/var/www/html/tests/Unit/Support/Generators/ClaudeDesktopGeneratorTest.php" line="216" class="JTD\LaravelMCP\Tests\Unit\Support\Generators\ClaudeDesktopGeneratorTest" classname="JTD.LaravelMCP.Tests.Unit.Support.Generators.ClaudeDesktopGeneratorTest" assertions="0" time="0.000000">
          <error type="Exception">JTD\LaravelMCP\Tests\Unit\Support\Generators\ClaudeDesktopGeneratorTest::it_gets_default_server_name
Exception: The /var/www/html/vendor/orchestra/testbench-core/laravel/bootstrap/cache directory must be present and writable.

/var/www/html/vendor/laravel/framework/src/Illuminate/Foundation/PackageManifest.php:179
/var/www/html/vendor/orchestra/testbench-core/src/Foundation/PackageManifest.php:157
/var/www/html/vendor/laravel/framework/src/Illuminate/Foundation/PackageManifest.php:132
/var/www/html/vendor/laravel/framework/src/Illuminate/Foundation/PackageManifest.php:108
/var/www/html/vendor/orchestra/testbench-core/src/Foundation/PackageManifest.php:102
/var/www/html/vendor/laravel/framework/src/Illuminate/Foundation/PackageManifest.php:91
/var/www/html/vendor/laravel/framework/src/Illuminate/Foundation/PackageManifest.php:80
/var/www/html/vendor/laravel/framework/src/Illuminate/Foundation/Bootstrap/RegisterFacades.php:26
/var/www/html/vendor/orchestra/testbench-core/src/Concerns/CreatesApplication.php:556
/var/www/html/vendor/orchestra/testbench-core/src/Concerns/CreatesApplication.php:311
/var/www/html/vendor/orchestra/testbench-core/src/TestCase.php:121
/var/www/html/vendor/orchestra/testbench-core/src/Concerns/ApplicationTestingHooks.php:74
/var/www/html/vendor/orchestra/testbench-core/src/Concerns/Testing.php:43
/var/www/html/vendor/laravel/framework/src/Illuminate/Collections/helpers.php:236
/var/www/html/vendor/orchestra/sidekick/src/functions.php:87
/var/www/html/vendor/laravel/framework/src/Illuminate/Collections/helpers.php:236
/var/www/html/vendor/orchestra/testbench-core/src/Concerns/Testing.php:57
/var/www/html/vendor/orchestra/testbench-core/src/TestCase.php:50
/var/www/html/tests/TestCase.php:61
/var/www/html/tests/Unit/Support/Generators/ClaudeDesktopGeneratorTest.php:31</error>
        </testcase>
        <testcase name="it_gets_default_description_with_component_counts" file="/var/www/html/tests/Unit/Support/Generators/ClaudeDesktopGeneratorTest.php" line="226" class="JTD\LaravelMCP\Tests\Unit\Support\Generators\ClaudeDesktopGeneratorTest" classname="JTD.LaravelMCP.Tests.Unit.Support.Generators.ClaudeDesktopGeneratorTest" assertions="0" time="0.000000">
          <error type="Exception">JTD\LaravelMCP\Tests\Unit\Support\Generators\ClaudeDesktopGeneratorTest::it_gets_default_description_with_component_counts
Exception: The /var/www/html/vendor/orchestra/testbench-core/laravel/bootstrap/cache directory must be present and writable.

/var/www/html/vendor/laravel/framework/src/Illuminate/Foundation/PackageManifest.php:179
/var/www/html/vendor/orchestra/testbench-core/src/Foundation/PackageManifest.php:157
/var/www/html/vendor/laravel/framework/src/Illuminate/Foundation/PackageManifest.php:132
/var/www/html/vendor/laravel/framework/src/Illuminate/Foundation/PackageManifest.php:108
/var/www/html/vendor/orchestra/testbench-core/src/Foundation/PackageManifest.php:102
/var/www/html/vendor/laravel/framework/src/Illuminate/Foundation/PackageManifest.php:91
/var/www/html/vendor/laravel/framework/src/Illuminate/Foundation/PackageManifest.php:80
/var/www/html/vendor/laravel/framework/src/Illuminate/Foundation/Bootstrap/RegisterFacades.php:26
/var/www/html/vendor/orchestra/testbench-core/src/Concerns/CreatesApplication.php:556
/var/www/html/vendor/orchestra/testbench-core/src/Concerns/CreatesApplication.php:311
/var/www/html/vendor/orchestra/testbench-core/src/TestCase.php:121
/var/www/html/vendor/orchestra/testbench-core/src/Concerns/ApplicationTestingHooks.php:74
/var/www/html/vendor/orchestra/testbench-core/src/Concerns/Testing.php:43
/var/www/html/vendor/laravel/framework/src/Illuminate/Collections/helpers.php:236
/var/www/html/vendor/orchestra/sidekick/src/functions.php:87
/var/www/html/vendor/laravel/framework/src/Illuminate/Collections/helpers.php:236
/var/www/html/vendor/orchestra/testbench-core/src/Concerns/Testing.php:57
/var/www/html/vendor/orchestra/testbench-core/src/TestCase.php:50
/var/www/html/tests/TestCase.php:61
/var/www/html/tests/Unit/Support/Generators/ClaudeDesktopGeneratorTest.php:31</error>
        </testcase>
      </testsuite>
      <testsuite name="JTD\LaravelMCP\Tests\Unit\Support\SchemaValidatorTest" file="/var/www/html/tests/Unit/Support/SchemaValidatorTest.php" tests="24" assertions="0" errors="24" failures="0" skipped="0" time="0.000000">
        <testcase name="it_validates_simple_string_schema" file="/var/www/html/tests/Unit/Support/SchemaValidatorTest.php" line="37" class="JTD\LaravelMCP\Tests\Unit\Support\SchemaValidatorTest" classname="JTD.LaravelMCP.Tests.Unit.Support.SchemaValidatorTest" assertions="0" time="0.000000">
          <error type="Exception">JTD\LaravelMCP\Tests\Unit\Support\SchemaValidatorTest::it_validates_simple_string_schema
Exception: The /var/www/html/vendor/orchestra/testbench-core/laravel/bootstrap/cache directory must be present and writable.

/var/www/html/vendor/laravel/framework/src/Illuminate/Foundation/PackageManifest.php:179
/var/www/html/vendor/orchestra/testbench-core/src/Foundation/PackageManifest.php:157
/var/www/html/vendor/laravel/framework/src/Illuminate/Foundation/PackageManifest.php:132
/var/www/html/vendor/laravel/framework/src/Illuminate/Foundation/PackageManifest.php:108
/var/www/html/vendor/orchestra/testbench-core/src/Foundation/PackageManifest.php:102
/var/www/html/vendor/laravel/framework/src/Illuminate/Foundation/PackageManifest.php:91
/var/www/html/vendor/laravel/framework/src/Illuminate/Foundation/PackageManifest.php:80
/var/www/html/vendor/laravel/framework/src/Illuminate/Foundation/Bootstrap/RegisterFacades.php:26
/var/www/html/vendor/orchestra/testbench-core/src/Concerns/CreatesApplication.php:556
/var/www/html/vendor/orchestra/testbench-core/src/Concerns/CreatesApplication.php:311
/var/www/html/vendor/orchestra/testbench-core/src/TestCase.php:121
/var/www/html/vendor/orchestra/testbench-core/src/Concerns/ApplicationTestingHooks.php:74
/var/www/html/vendor/orchestra/testbench-core/src/Concerns/Testing.php:43
/var/www/html/vendor/laravel/framework/src/Illuminate/Collections/helpers.php:236
/var/www/html/vendor/orchestra/sidekick/src/functions.php:87
/var/www/html/vendor/laravel/framework/src/Illuminate/Collections/helpers.php:236
/var/www/html/vendor/orchestra/testbench-core/src/Concerns/Testing.php:57
/var/www/html/vendor/orchestra/testbench-core/src/TestCase.php:50
/var/www/html/tests/TestCase.php:61
/var/www/html/tests/Unit/Support/SchemaValidatorTest.php:32</error>
        </testcase>
        <testcase name="it_throws_exception_for_missing_required_field" file="/var/www/html/tests/Unit/Support/SchemaValidatorTest.php" line="54" class="JTD\LaravelMCP\Tests\Unit\Support\SchemaValidatorTest" classname="JTD.LaravelMCP.Tests.Unit.Support.SchemaValidatorTest" assertions="0" time="0.000000">
          <error type="Exception">JTD\LaravelMCP\Tests\Unit\Support\SchemaValidatorTest::it_throws_exception_for_missing_required_field
Exception: The /var/www/html/vendor/orchestra/testbench-core/laravel/bootstrap/cache directory must be present and writable.

/var/www/html/vendor/laravel/framework/src/Illuminate/Foundation/PackageManifest.php:179
/var/www/html/vendor/orchestra/testbench-core/src/Foundation/PackageManifest.php:157
/var/www/html/vendor/laravel/framework/src/Illuminate/Foundation/PackageManifest.php:132
/var/www/html/vendor/laravel/framework/src/Illuminate/Foundation/PackageManifest.php:108
/var/www/html/vendor/orchestra/testbench-core/src/Foundation/PackageManifest.php:102
/var/www/html/vendor/laravel/framework/src/Illuminate/Foundation/PackageManifest.php:91
/var/www/html/vendor/laravel/framework/src/Illuminate/Foundation/PackageManifest.php:80
/var/www/html/vendor/laravel/framework/src/Illuminate/Foundation/Bootstrap/RegisterFacades.php:26
/var/www/html/vendor/orchestra/testbench-core/src/Concerns/CreatesApplication.php:556
/var/www/html/vendor/orchestra/testbench-core/src/Concerns/CreatesApplication.php:311
/var/www/html/vendor/orchestra/testbench-core/src/TestCase.php:121
/var/www/html/vendor/orchestra/testbench-core/src/Concerns/ApplicationTestingHooks.php:74
/var/www/html/vendor/orchestra/testbench-core/src/Concerns/Testing.php:43
/var/www/html/vendor/laravel/framework/src/Illuminate/Collections/helpers.php:236
/var/www/html/vendor/orchestra/sidekick/src/functions.php:87
/var/www/html/vendor/laravel/framework/src/Illuminate/Collections/helpers.php:236
/var/www/html/vendor/orchestra/testbench-core/src/Concerns/Testing.php:57
/var/www/html/vendor/orchestra/testbench-core/src/TestCase.php:50
/var/www/html/tests/TestCase.php:61
/var/www/html/tests/Unit/Support/SchemaValidatorTest.php:32</error>
        </testcase>
        <testcase name="it_validates_integer_type" file="/var/www/html/tests/Unit/Support/SchemaValidatorTest.php" line="71" class="JTD\LaravelMCP\Tests\Unit\Support\SchemaValidatorTest" classname="JTD.LaravelMCP.Tests.Unit.Support.SchemaValidatorTest" assertions="0" time="0.000000">
          <error type="Exception">JTD\LaravelMCP\Tests\Unit\Support\SchemaValidatorTest::it_validates_integer_type
Exception: The /var/www/html/vendor/orchestra/testbench-core/laravel/bootstrap/cache directory must be present and writable.

/var/www/html/vendor/laravel/framework/src/Illuminate/Foundation/PackageManifest.php:179
/var/www/html/vendor/orchestra/testbench-core/src/Foundation/PackageManifest.php:157
/var/www/html/vendor/laravel/framework/src/Illuminate/Foundation/PackageManifest.php:132
/var/www/html/vendor/laravel/framework/src/Illuminate/Foundation/PackageManifest.php:108
/var/www/html/vendor/orchestra/testbench-core/src/Foundation/PackageManifest.php:102
/var/www/html/vendor/laravel/framework/src/Illuminate/Foundation/PackageManifest.php:91
/var/www/html/vendor/laravel/framework/src/Illuminate/Foundation/PackageManifest.php:80
/var/www/html/vendor/laravel/framework/src/Illuminate/Foundation/Bootstrap/RegisterFacades.php:26
/var/www/html/vendor/orchestra/testbench-core/src/Concerns/CreatesApplication.php:556
/var/www/html/vendor/orchestra/testbench-core/src/Concerns/CreatesApplication.php:311
/var/www/html/vendor/orchestra/testbench-core/src/TestCase.php:121
/var/www/html/vendor/orchestra/testbench-core/src/Concerns/ApplicationTestingHooks.php:74
/var/www/html/vendor/orchestra/testbench-core/src/Concerns/Testing.php:43
/var/www/html/vendor/laravel/framework/src/Illuminate/Collections/helpers.php:236
/var/www/html/vendor/orchestra/sidekick/src/functions.php:87
/var/www/html/vendor/laravel/framework/src/Illuminate/Collections/helpers.php:236
/var/www/html/vendor/orchestra/testbench-core/src/Concerns/Testing.php:57
/var/www/html/vendor/orchestra/testbench-core/src/TestCase.php:50
/var/www/html/tests/TestCase.php:61
/var/www/html/tests/Unit/Support/SchemaValidatorTest.php:32</error>
        </testcase>
        <testcase name="it_throws_exception_for_wrong_type" file="/var/www/html/tests/Unit/Support/SchemaValidatorTest.php" line="87" class="JTD\LaravelMCP\Tests\Unit\Support\SchemaValidatorTest" classname="JTD.LaravelMCP.Tests.Unit.Support.SchemaValidatorTest" assertions="0" time="0.000000">
          <error type="Exception">JTD\LaravelMCP\Tests\Unit\Support\SchemaValidatorTest::it_throws_exception_for_wrong_type
Exception: The /var/www/html/vendor/orchestra/testbench-core/laravel/bootstrap/cache directory must be present and writable.

/var/www/html/vendor/laravel/framework/src/Illuminate/Foundation/PackageManifest.php:179
/var/www/html/vendor/orchestra/testbench-core/src/Foundation/PackageManifest.php:157
/var/www/html/vendor/laravel/framework/src/Illuminate/Foundation/PackageManifest.php:132
/var/www/html/vendor/laravel/framework/src/Illuminate/Foundation/PackageManifest.php:108
/var/www/html/vendor/orchestra/testbench-core/src/Foundation/PackageManifest.php:102
/var/www/html/vendor/laravel/framework/src/Illuminate/Foundation/PackageManifest.php:91
/var/www/html/vendor/laravel/framework/src/Illuminate/Foundation/PackageManifest.php:80
/var/www/html/vendor/laravel/framework/src/Illuminate/Foundation/Bootstrap/RegisterFacades.php:26
/var/www/html/vendor/orchestra/testbench-core/src/Concerns/CreatesApplication.php:556
/var/www/html/vendor/orchestra/testbench-core/src/Concerns/CreatesApplication.php:311
/var/www/html/vendor/orchestra/testbench-core/src/TestCase.php:121
/var/www/html/vendor/orchestra/testbench-core/src/Concerns/ApplicationTestingHooks.php:74
/var/www/html/vendor/orchestra/testbench-core/src/Concerns/Testing.php:43
/var/www/html/vendor/laravel/framework/src/Illuminate/Collections/helpers.php:236
/var/www/html/vendor/orchestra/sidekick/src/functions.php:87
/var/www/html/vendor/laravel/framework/src/Illuminate/Collections/helpers.php:236
/var/www/html/vendor/orchestra/testbench-core/src/Concerns/Testing.php:57
/var/www/html/vendor/orchestra/testbench-core/src/TestCase.php:50
/var/www/html/tests/TestCase.php:61
/var/www/html/tests/Unit/Support/SchemaValidatorTest.php:32</error>
        </testcase>
        <testcase name="it_validates_number_with_minimum_and_maximum" file="/var/www/html/tests/Unit/Support/SchemaValidatorTest.php" line="103" class="JTD\LaravelMCP\Tests\Unit\Support\SchemaValidatorTest" classname="JTD.LaravelMCP.Tests.Unit.Support.SchemaValidatorTest" assertions="0" time="0.000000">
          <error type="Exception">JTD\LaravelMCP\Tests\Unit\Support\SchemaValidatorTest::it_validates_number_with_minimum_and_maximum
Exception: The /var/www/html/vendor/orchestra/testbench-core/laravel/bootstrap/cache directory must be present and writable.

/var/www/html/vendor/laravel/framework/src/Illuminate/Foundation/PackageManifest.php:179
/var/www/html/vendor/orchestra/testbench-core/src/Foundation/PackageManifest.php:157
/var/www/html/vendor/laravel/framework/src/Illuminate/Foundation/PackageManifest.php:132
/var/www/html/vendor/laravel/framework/src/Illuminate/Foundation/PackageManifest.php:108
/var/www/html/vendor/orchestra/testbench-core/src/Foundation/PackageManifest.php:102
/var/www/html/vendor/laravel/framework/src/Illuminate/Foundation/PackageManifest.php:91
/var/www/html/vendor/laravel/framework/src/Illuminate/Foundation/PackageManifest.php:80
/var/www/html/vendor/laravel/framework/src/Illuminate/Foundation/Bootstrap/RegisterFacades.php:26
/var/www/html/vendor/orchestra/testbench-core/src/Concerns/CreatesApplication.php:556
/var/www/html/vendor/orchestra/testbench-core/src/Concerns/CreatesApplication.php:311
/var/www/html/vendor/orchestra/testbench-core/src/TestCase.php:121
/var/www/html/vendor/orchestra/testbench-core/src/Concerns/ApplicationTestingHooks.php:74
/var/www/html/vendor/orchestra/testbench-core/src/Concerns/Testing.php:43
/var/www/html/vendor/laravel/framework/src/Illuminate/Collections/helpers.php:236
/var/www/html/vendor/orchestra/sidekick/src/functions.php:87
/var/www/html/vendor/laravel/framework/src/Illuminate/Collections/helpers.php:236
/var/www/html/vendor/orchestra/testbench-core/src/Concerns/Testing.php:57
/var/www/html/vendor/orchestra/testbench-core/src/TestCase.php:50
/var/www/html/tests/TestCase.php:61
/var/www/html/tests/Unit/Support/SchemaValidatorTest.php:32</error>
        </testcase>
        <testcase name="it_throws_exception_for_number_below_minimum" file="/var/www/html/tests/Unit/Support/SchemaValidatorTest.php" line="123" class="JTD\LaravelMCP\Tests\Unit\Support\SchemaValidatorTest" classname="JTD.LaravelMCP.Tests.Unit.Support.SchemaValidatorTest" assertions="0" time="0.000000">
          <error type="Exception">JTD\LaravelMCP\Tests\Unit\Support\SchemaValidatorTest::it_throws_exception_for_number_below_minimum
Exception: The /var/www/html/vendor/orchestra/testbench-core/laravel/bootstrap/cache directory must be present and writable.

/var/www/html/vendor/laravel/framework/src/Illuminate/Foundation/PackageManifest.php:179
/var/www/html/vendor/orchestra/testbench-core/src/Foundation/PackageManifest.php:157
/var/www/html/vendor/laravel/framework/src/Illuminate/Foundation/PackageManifest.php:132
/var/www/html/vendor/laravel/framework/src/Illuminate/Foundation/PackageManifest.php:108
/var/www/html/vendor/orchestra/testbench-core/src/Foundation/PackageManifest.php:102
/var/www/html/vendor/laravel/framework/src/Illuminate/Foundation/PackageManifest.php:91
/var/www/html/vendor/laravel/framework/src/Illuminate/Foundation/PackageManifest.php:80
/var/www/html/vendor/laravel/framework/src/Illuminate/Foundation/Bootstrap/RegisterFacades.php:26
/var/www/html/vendor/orchestra/testbench-core/src/Concerns/CreatesApplication.php:556
/var/www/html/vendor/orchestra/testbench-core/src/Concerns/CreatesApplication.php:311
/var/www/html/vendor/orchestra/testbench-core/src/TestCase.php:121
/var/www/html/vendor/orchestra/testbench-core/src/Concerns/ApplicationTestingHooks.php:74
/var/www/html/vendor/orchestra/testbench-core/src/Concerns/Testing.php:43
/var/www/html/vendor/laravel/framework/src/Illuminate/Collections/helpers.php:236
/var/www/html/vendor/orchestra/sidekick/src/functions.php:87
/var/www/html/vendor/laravel/framework/src/Illuminate/Collections/helpers.php:236
/var/www/html/vendor/orchestra/testbench-core/src/Concerns/Testing.php:57
/var/www/html/vendor/orchestra/testbench-core/src/TestCase.php:50
/var/www/html/tests/TestCase.php:61
/var/www/html/tests/Unit/Support/SchemaValidatorTest.php:32</error>
        </testcase>
        <testcase name="it_validates_array_schema" file="/var/www/html/tests/Unit/Support/SchemaValidatorTest.php" line="142" class="JTD\LaravelMCP\Tests\Unit\Support\SchemaValidatorTest" classname="JTD.LaravelMCP.Tests.Unit.Support.SchemaValidatorTest" assertions="0" time="0.000000">
          <error type="Exception">JTD\LaravelMCP\Tests\Unit\Support\SchemaValidatorTest::it_validates_array_schema
Exception: The /var/www/html/vendor/orchestra/testbench-core/laravel/bootstrap/cache directory must be present and writable.

/var/www/html/vendor/laravel/framework/src/Illuminate/Foundation/PackageManifest.php:179
/var/www/html/vendor/orchestra/testbench-core/src/Foundation/PackageManifest.php:157
/var/www/html/vendor/laravel/framework/src/Illuminate/Foundation/PackageManifest.php:132
/var/www/html/vendor/laravel/framework/src/Illuminate/Foundation/PackageManifest.php:108
/var/www/html/vendor/orchestra/testbench-core/src/Foundation/PackageManifest.php:102
/var/www/html/vendor/laravel/framework/src/Illuminate/Foundation/PackageManifest.php:91
/var/www/html/vendor/laravel/framework/src/Illuminate/Foundation/PackageManifest.php:80
/var/www/html/vendor/laravel/framework/src/Illuminate/Foundation/Bootstrap/RegisterFacades.php:26
/var/www/html/vendor/orchestra/testbench-core/src/Concerns/CreatesApplication.php:556
/var/www/html/vendor/orchestra/testbench-core/src/Concerns/CreatesApplication.php:311
/var/www/html/vendor/orchestra/testbench-core/src/TestCase.php:121
/var/www/html/vendor/orchestra/testbench-core/src/Concerns/ApplicationTestingHooks.php:74
/var/www/html/vendor/orchestra/testbench-core/src/Concerns/Testing.php:43
/var/www/html/vendor/laravel/framework/src/Illuminate/Collections/helpers.php:236
/var/www/html/vendor/orchestra/sidekick/src/functions.php:87
/var/www/html/vendor/laravel/framework/src/Illuminate/Collections/helpers.php:236
/var/www/html/vendor/orchestra/testbench-core/src/Concerns/Testing.php:57
/var/www/html/vendor/orchestra/testbench-core/src/TestCase.php:50
/var/www/html/tests/TestCase.php:61
/var/www/html/tests/Unit/Support/SchemaValidatorTest.php:32</error>
        </testcase>
        <testcase name="it_validates_unique_array_items" file="/var/www/html/tests/Unit/Support/SchemaValidatorTest.php" line="163" class="JTD\LaravelMCP\Tests\Unit\Support\SchemaValidatorTest" classname="JTD.LaravelMCP.Tests.Unit.Support.SchemaValidatorTest" assertions="0" time="0.000000">
          <error type="Exception">JTD\LaravelMCP\Tests\Unit\Support\SchemaValidatorTest::it_validates_unique_array_items
Exception: The /var/www/html/vendor/orchestra/testbench-core/laravel/bootstrap/cache directory must be present and writable.

/var/www/html/vendor/laravel/framework/src/Illuminate/Foundation/PackageManifest.php:179
/var/www/html/vendor/orchestra/testbench-core/src/Foundation/PackageManifest.php:157
/var/www/html/vendor/laravel/framework/src/Illuminate/Foundation/PackageManifest.php:132
/var/www/html/vendor/laravel/framework/src/Illuminate/Foundation/PackageManifest.php:108
/var/www/html/vendor/orchestra/testbench-core/src/Foundation/PackageManifest.php:102
/var/www/html/vendor/laravel/framework/src/Illuminate/Foundation/PackageManifest.php:91
/var/www/html/vendor/laravel/framework/src/Illuminate/Foundation/PackageManifest.php:80
/var/www/html/vendor/laravel/framework/src/Illuminate/Foundation/Bootstrap/RegisterFacades.php:26
/var/www/html/vendor/orchestra/testbench-core/src/Concerns/CreatesApplication.php:556
/var/www/html/vendor/orchestra/testbench-core/src/Concerns/CreatesApplication.php:311
/var/www/html/vendor/orchestra/testbench-core/src/TestCase.php:121
/var/www/html/vendor/orchestra/testbench-core/src/Concerns/ApplicationTestingHooks.php:74
/var/www/html/vendor/orchestra/testbench-core/src/Concerns/Testing.php:43
/var/www/html/vendor/laravel/framework/src/Illuminate/Collections/helpers.php:236
/var/www/html/vendor/orchestra/sidekick/src/functions.php:87
/var/www/html/vendor/laravel/framework/src/Illuminate/Collections/helpers.php:236
/var/www/html/vendor/orchestra/testbench-core/src/Concerns/Testing.php:57
/var/www/html/vendor/orchestra/testbench-core/src/TestCase.php:50
/var/www/html/tests/TestCase.php:61
/var/www/html/tests/Unit/Support/SchemaValidatorTest.php:32</error>
        </testcase>
        <testcase name="it_throws_exception_for_non_unique_array_items" file="/var/www/html/tests/Unit/Support/SchemaValidatorTest.php" line="183" class="JTD\LaravelMCP\Tests\Unit\Support\SchemaValidatorTest" classname="JTD.LaravelMCP.Tests.Unit.Support.SchemaValidatorTest" assertions="0" time="0.000000">
          <error type="Exception">JTD\LaravelMCP\Tests\Unit\Support\SchemaValidatorTest::it_throws_exception_for_non_unique_array_items
Exception: The /var/www/html/vendor/orchestra/testbench-core/laravel/bootstrap/cache directory must be present and writable.

/var/www/html/vendor/laravel/framework/src/Illuminate/Foundation/PackageManifest.php:179
/var/www/html/vendor/orchestra/testbench-core/src/Foundation/PackageManifest.php:157
/var/www/html/vendor/laravel/framework/src/Illuminate/Foundation/PackageManifest.php:132
/var/www/html/vendor/laravel/framework/src/Illuminate/Foundation/PackageManifest.php:108
/var/www/html/vendor/orchestra/testbench-core/src/Foundation/PackageManifest.php:102
/var/www/html/vendor/laravel/framework/src/Illuminate/Foundation/PackageManifest.php:91
/var/www/html/vendor/laravel/framework/src/Illuminate/Foundation/PackageManifest.php:80
/var/www/html/vendor/laravel/framework/src/Illuminate/Foundation/Bootstrap/RegisterFacades.php:26
/var/www/html/vendor/orchestra/testbench-core/src/Concerns/CreatesApplication.php:556
/var/www/html/vendor/orchestra/testbench-core/src/Concerns/CreatesApplication.php:311
/var/www/html/vendor/orchestra/testbench-core/src/TestCase.php:121
/var/www/html/vendor/orchestra/testbench-core/src/Concerns/ApplicationTestingHooks.php:74
/var/www/html/vendor/orchestra/testbench-core/src/Concerns/Testing.php:43
/var/www/html/vendor/laravel/framework/src/Illuminate/Collections/helpers.php:236
/var/www/html/vendor/orchestra/sidekick/src/functions.php:87
/var/www/html/vendor/laravel/framework/src/Illuminate/Collections/helpers.php:236
/var/www/html/vendor/orchestra/testbench-core/src/Concerns/Testing.php:57
/var/www/html/vendor/orchestra/testbench-core/src/TestCase.php:50
/var/www/html/tests/TestCase.php:61
/var/www/html/tests/Unit/Support/SchemaValidatorTest.php:32</error>
        </testcase>
        <testcase name="it_validates_string_with_pattern" file="/var/www/html/tests/Unit/Support/SchemaValidatorTest.php" line="203" class="JTD\LaravelMCP\Tests\Unit\Support\SchemaValidatorTest" classname="JTD.LaravelMCP.Tests.Unit.Support.SchemaValidatorTest" assertions="0" time="0.000000">
          <error type="Exception">JTD\LaravelMCP\Tests\Unit\Support\SchemaValidatorTest::it_validates_string_with_pattern
Exception: The /var/www/html/vendor/orchestra/testbench-core/laravel/bootstrap/cache directory must be present and writable.

/var/www/html/vendor/laravel/framework/src/Illuminate/Foundation/PackageManifest.php:179
/var/www/html/vendor/orchestra/testbench-core/src/Foundation/PackageManifest.php:157
/var/www/html/vendor/laravel/framework/src/Illuminate/Foundation/PackageManifest.php:132
/var/www/html/vendor/laravel/framework/src/Illuminate/Foundation/PackageManifest.php:108
/var/www/html/vendor/orchestra/testbench-core/src/Foundation/PackageManifest.php:102
/var/www/html/vendor/laravel/framework/src/Illuminate/Foundation/PackageManifest.php:91
/var/www/html/vendor/laravel/framework/src/Illuminate/Foundation/PackageManifest.php:80
/var/www/html/vendor/laravel/framework/src/Illuminate/Foundation/Bootstrap/RegisterFacades.php:26
/var/www/html/vendor/orchestra/testbench-core/src/Concerns/CreatesApplication.php:556
/var/www/html/vendor/orchestra/testbench-core/src/Concerns/CreatesApplication.php:311
/var/www/html/vendor/orchestra/testbench-core/src/TestCase.php:121
/var/www/html/vendor/orchestra/testbench-core/src/Concerns/ApplicationTestingHooks.php:74
/var/www/html/vendor/orchestra/testbench-core/src/Concerns/Testing.php:43
/var/www/html/vendor/laravel/framework/src/Illuminate/Collections/helpers.php:236
/var/www/html/vendor/orchestra/sidekick/src/functions.php:87
/var/www/html/vendor/laravel/framework/src/Illuminate/Collections/helpers.php:236
/var/www/html/vendor/orchestra/testbench-core/src/Concerns/Testing.php:57
/var/www/html/vendor/orchestra/testbench-core/src/TestCase.php:50
/var/www/html/tests/TestCase.php:61
/var/www/html/tests/Unit/Support/SchemaValidatorTest.php:32</error>
        </testcase>
        <testcase name="it_validates_string_with_enum" file="/var/www/html/tests/Unit/Support/SchemaValidatorTest.php" line="222" class="JTD\LaravelMCP\Tests\Unit\Support\SchemaValidatorTest" classname="JTD.LaravelMCP.Tests.Unit.Support.SchemaValidatorTest" assertions="0" time="0.000000">
          <error type="Exception">JTD\LaravelMCP\Tests\Unit\Support\SchemaValidatorTest::it_validates_string_with_enum
Exception: The /var/www/html/vendor/orchestra/testbench-core/laravel/bootstrap/cache directory must be present and writable.

/var/www/html/vendor/laravel/framework/src/Illuminate/Foundation/PackageManifest.php:179
/var/www/html/vendor/orchestra/testbench-core/src/Foundation/PackageManifest.php:157
/var/www/html/vendor/laravel/framework/src/Illuminate/Foundation/PackageManifest.php:132
/var/www/html/vendor/laravel/framework/src/Illuminate/Foundation/PackageManifest.php:108
/var/www/html/vendor/orchestra/testbench-core/src/Foundation/PackageManifest.php:102
/var/www/html/vendor/laravel/framework/src/Illuminate/Foundation/PackageManifest.php:91
/var/www/html/vendor/laravel/framework/src/Illuminate/Foundation/PackageManifest.php:80
/var/www/html/vendor/laravel/framework/src/Illuminate/Foundation/Bootstrap/RegisterFacades.php:26
/var/www/html/vendor/orchestra/testbench-core/src/Concerns/CreatesApplication.php:556
/var/www/html/vendor/orchestra/testbench-core/src/Concerns/CreatesApplication.php:311
/var/www/html/vendor/orchestra/testbench-core/src/TestCase.php:121
/var/www/html/vendor/orchestra/testbench-core/src/Concerns/ApplicationTestingHooks.php:74
/var/www/html/vendor/orchestra/testbench-core/src/Concerns/Testing.php:43
/var/www/html/vendor/laravel/framework/src/Illuminate/Collections/helpers.php:236
/var/www/html/vendor/orchestra/sidekick/src/functions.php:87
/var/www/html/vendor/laravel/framework/src/Illuminate/Collections/helpers.php:236
/var/www/html/vendor/orchestra/testbench-core/src/Concerns/Testing.php:57
/var/www/html/vendor/orchestra/testbench-core/src/TestCase.php:50
/var/www/html/tests/TestCase.php:61
/var/www/html/tests/Unit/Support/SchemaValidatorTest.php:32</error>
        </testcase>
        <testcase name="it_throws_exception_for_invalid_enum_value" file="/var/www/html/tests/Unit/Support/SchemaValidatorTest.php" line="241" class="JTD\LaravelMCP\Tests\Unit\Support\SchemaValidatorTest" classname="JTD.LaravelMCP.Tests.Unit.Support.SchemaValidatorTest" assertions="0" time="0.000000">
          <error type="Exception">JTD\LaravelMCP\Tests\Unit\Support\SchemaValidatorTest::it_throws_exception_for_invalid_enum_value
Exception: The /var/www/html/vendor/orchestra/testbench-core/laravel/bootstrap/cache directory must be present and writable.

/var/www/html/vendor/laravel/framework/src/Illuminate/Foundation/PackageManifest.php:179
/var/www/html/vendor/orchestra/testbench-core/src/Foundation/PackageManifest.php:157
/var/www/html/vendor/laravel/framework/src/Illuminate/Foundation/PackageManifest.php:132
/var/www/html/vendor/laravel/framework/src/Illuminate/Foundation/PackageManifest.php:108
/var/www/html/vendor/orchestra/testbench-core/src/Foundation/PackageManifest.php:102
/var/www/html/vendor/laravel/framework/src/Illuminate/Foundation/PackageManifest.php:91
/var/www/html/vendor/laravel/framework/src/Illuminate/Foundation/PackageManifest.php:80
/var/www/html/vendor/laravel/framework/src/Illuminate/Foundation/Bootstrap/RegisterFacades.php:26
/var/www/html/vendor/orchestra/testbench-core/src/Concerns/CreatesApplication.php:556
/var/www/html/vendor/orchestra/testbench-core/src/Concerns/CreatesApplication.php:311
/var/www/html/vendor/orchestra/testbench-core/src/TestCase.php:121
/var/www/html/vendor/orchestra/testbench-core/src/Concerns/ApplicationTestingHooks.php:74
/var/www/html/vendor/orchestra/testbench-core/src/Concerns/Testing.php:43
/var/www/html/vendor/laravel/framework/src/Illuminate/Collections/helpers.php:236
/var/www/html/vendor/orchestra/sidekick/src/functions.php:87
/var/www/html/vendor/laravel/framework/src/Illuminate/Collections/helpers.php:236
/var/www/html/vendor/orchestra/testbench-core/src/Concerns/Testing.php:57
/var/www/html/vendor/orchestra/testbench-core/src/TestCase.php:50
/var/www/html/tests/TestCase.php:61
/var/www/html/tests/Unit/Support/SchemaValidatorTest.php:32</error>
        </testcase>
        <testcase name="it_validates_string_with_format_email" file="/var/www/html/tests/Unit/Support/SchemaValidatorTest.php" line="260" class="JTD\LaravelMCP\Tests\Unit\Support\SchemaValidatorTest" classname="JTD.LaravelMCP.Tests.Unit.Support.SchemaValidatorTest" assertions="0" time="0.000000">
          <error type="Exception">JTD\LaravelMCP\Tests\Unit\Support\SchemaValidatorTest::it_validates_string_with_format_email
Exception: The /var/www/html/vendor/orchestra/testbench-core/laravel/bootstrap/cache directory must be present and writable.

/var/www/html/vendor/laravel/framework/src/Illuminate/Foundation/PackageManifest.php:179
/var/www/html/vendor/orchestra/testbench-core/src/Foundation/PackageManifest.php:157
/var/www/html/vendor/laravel/framework/src/Illuminate/Foundation/PackageManifest.php:132
/var/www/html/vendor/laravel/framework/src/Illuminate/Foundation/PackageManifest.php:108
/var/www/html/vendor/orchestra/testbench-core/src/Foundation/PackageManifest.php:102
/var/www/html/vendor/laravel/framework/src/Illuminate/Foundation/PackageManifest.php:91
/var/www/html/vendor/laravel/framework/src/Illuminate/Foundation/PackageManifest.php:80
/var/www/html/vendor/laravel/framework/src/Illuminate/Foundation/Bootstrap/RegisterFacades.php:26
/var/www/html/vendor/orchestra/testbench-core/src/Concerns/CreatesApplication.php:556
/var/www/html/vendor/orchestra/testbench-core/src/Concerns/CreatesApplication.php:311
/var/www/html/vendor/orchestra/testbench-core/src/TestCase.php:121
/var/www/html/vendor/orchestra/testbench-core/src/Concerns/ApplicationTestingHooks.php:74
/var/www/html/vendor/orchestra/testbench-core/src/Concerns/Testing.php:43
/var/www/html/vendor/laravel/framework/src/Illuminate/Collections/helpers.php:236
/var/www/html/vendor/orchestra/sidekick/src/functions.php:87
/var/www/html/vendor/laravel/framework/src/Illuminate/Collections/helpers.php:236
/var/www/html/vendor/orchestra/testbench-core/src/Concerns/Testing.php:57
/var/www/html/vendor/orchestra/testbench-core/src/TestCase.php:50
/var/www/html/tests/TestCase.php:61
/var/www/html/tests/Unit/Support/SchemaValidatorTest.php:32</error>
        </testcase>
        <testcase name="it_throws_exception_for_invalid_email_format" file="/var/www/html/tests/Unit/Support/SchemaValidatorTest.php" line="279" class="JTD\LaravelMCP\Tests\Unit\Support\SchemaValidatorTest" classname="JTD.LaravelMCP.Tests.Unit.Support.SchemaValidatorTest" assertions="0" time="0.000000">
          <error type="Exception">JTD\LaravelMCP\Tests\Unit\Support\SchemaValidatorTest::it_throws_exception_for_invalid_email_format
Exception: The /var/www/html/vendor/orchestra/testbench-core/laravel/bootstrap/cache directory must be present and writable.

/var/www/html/vendor/laravel/framework/src/Illuminate/Foundation/PackageManifest.php:179
/var/www/html/vendor/orchestra/testbench-core/src/Foundation/PackageManifest.php:157
/var/www/html/vendor/laravel/framework/src/Illuminate/Foundation/PackageManifest.php:132
/var/www/html/vendor/laravel/framework/src/Illuminate/Foundation/PackageManifest.php:108
/var/www/html/vendor/orchestra/testbench-core/src/Foundation/PackageManifest.php:102
/var/www/html/vendor/laravel/framework/src/Illuminate/Foundation/PackageManifest.php:91
/var/www/html/vendor/laravel/framework/src/Illuminate/Foundation/PackageManifest.php:80
/var/www/html/vendor/laravel/framework/src/Illuminate/Foundation/Bootstrap/RegisterFacades.php:26
/var/www/html/vendor/orchestra/testbench-core/src/Concerns/CreatesApplication.php:556
/var/www/html/vendor/orchestra/testbench-core/src/Concerns/CreatesApplication.php:311
/var/www/html/vendor/orchestra/testbench-core/src/TestCase.php:121
/var/www/html/vendor/orchestra/testbench-core/src/Concerns/ApplicationTestingHooks.php:74
/var/www/html/vendor/orchestra/testbench-core/src/Concerns/Testing.php:43
/var/www/html/vendor/laravel/framework/src/Illuminate/Collections/helpers.php:236
/var/www/html/vendor/orchestra/sidekick/src/functions.php:87
/var/www/html/vendor/laravel/framework/src/Illuminate/Collections/helpers.php:236
/var/www/html/vendor/orchestra/testbench-core/src/Concerns/Testing.php:57
/var/www/html/vendor/orchestra/testbench-core/src/TestCase.php:50
/var/www/html/tests/TestCase.php:61
/var/www/html/tests/Unit/Support/SchemaValidatorTest.php:32</error>
        </testcase>
        <testcase name="it_validates_nested_objects" file="/var/www/html/tests/Unit/Support/SchemaValidatorTest.php" line="298" class="JTD\LaravelMCP\Tests\Unit\Support\SchemaValidatorTest" classname="JTD.LaravelMCP.Tests.Unit.Support.SchemaValidatorTest" assertions="0" time="0.000000">
          <error type="Exception">JTD\LaravelMCP\Tests\Unit\Support\SchemaValidatorTest::it_validates_nested_objects
Exception: The /var/www/html/vendor/orchestra/testbench-core/laravel/bootstrap/cache directory must be present and writable.

/var/www/html/vendor/laravel/framework/src/Illuminate/Foundation/PackageManifest.php:179
/var/www/html/vendor/orchestra/testbench-core/src/Foundation/PackageManifest.php:157
/var/www/html/vendor/laravel/framework/src/Illuminate/Foundation/PackageManifest.php:132
/var/www/html/vendor/laravel/framework/src/Illuminate/Foundation/PackageManifest.php:108
/var/www/html/vendor/orchestra/testbench-core/src/Foundation/PackageManifest.php:102
/var/www/html/vendor/laravel/framework/src/Illuminate/Foundation/PackageManifest.php:91
/var/www/html/vendor/laravel/framework/src/Illuminate/Foundation/PackageManifest.php:80
/var/www/html/vendor/laravel/framework/src/Illuminate/Foundation/Bootstrap/RegisterFacades.php:26
/var/www/html/vendor/orchestra/testbench-core/src/Concerns/CreatesApplication.php:556
/var/www/html/vendor/orchestra/testbench-core/src/Concerns/CreatesApplication.php:311
/var/www/html/vendor/orchestra/testbench-core/src/TestCase.php:121
/var/www/html/vendor/orchestra/testbench-core/src/Concerns/ApplicationTestingHooks.php:74
/var/www/html/vendor/orchestra/testbench-core/src/Concerns/Testing.php:43
/var/www/html/vendor/laravel/framework/src/Illuminate/Collections/helpers.php:236
/var/www/html/vendor/orchestra/sidekick/src/functions.php:87
/var/www/html/vendor/laravel/framework/src/Illuminate/Collections/helpers.php:236
/var/www/html/vendor/orchestra/testbench-core/src/Concerns/Testing.php:57
/var/www/html/vendor/orchestra/testbench-core/src/TestCase.php:50
/var/www/html/tests/TestCase.php:61
/var/www/html/tests/Unit/Support/SchemaValidatorTest.php:32</error>
        </testcase>
        <testcase name="it_applies_default_values" file="/var/www/html/tests/Unit/Support/SchemaValidatorTest.php" line="327" class="JTD\LaravelMCP\Tests\Unit\Support\SchemaValidatorTest" classname="JTD.LaravelMCP.Tests.Unit.Support.SchemaValidatorTest" assertions="0" time="0.000000">
          <error type="Exception">JTD\LaravelMCP\Tests\Unit\Support\SchemaValidatorTest::it_applies_default_values
Exception: The /var/www/html/vendor/orchestra/testbench-core/laravel/bootstrap/cache directory must be present and writable.

/var/www/html/vendor/laravel/framework/src/Illuminate/Foundation/PackageManifest.php:179
/var/www/html/vendor/orchestra/testbench-core/src/Foundation/PackageManifest.php:157
/var/www/html/vendor/laravel/framework/src/Illuminate/Foundation/PackageManifest.php:132
/var/www/html/vendor/laravel/framework/src/Illuminate/Foundation/PackageManifest.php:108
/var/www/html/vendor/orchestra/testbench-core/src/Foundation/PackageManifest.php:102
/var/www/html/vendor/laravel/framework/src/Illuminate/Foundation/PackageManifest.php:91
/var/www/html/vendor/laravel/framework/src/Illuminate/Foundation/PackageManifest.php:80
/var/www/html/vendor/laravel/framework/src/Illuminate/Foundation/Bootstrap/RegisterFacades.php:26
/var/www/html/vendor/orchestra/testbench-core/src/Concerns/CreatesApplication.php:556
/var/www/html/vendor/orchestra/testbench-core/src/Concerns/CreatesApplication.php:311
/var/www/html/vendor/orchestra/testbench-core/src/TestCase.php:121
/var/www/html/vendor/orchestra/testbench-core/src/Concerns/ApplicationTestingHooks.php:74
/var/www/html/vendor/orchestra/testbench-core/src/Concerns/Testing.php:43
/var/www/html/vendor/laravel/framework/src/Illuminate/Collections/helpers.php:236
/var/www/html/vendor/orchestra/sidekick/src/functions.php:87
/var/www/html/vendor/laravel/framework/src/Illuminate/Collections/helpers.php:236
/var/www/html/vendor/orchestra/testbench-core/src/Concerns/Testing.php:57
/var/www/html/vendor/orchestra/testbench-core/src/TestCase.php:50
/var/www/html/tests/TestCase.php:61
/var/www/html/tests/Unit/Support/SchemaValidatorTest.php:32</error>
        </testcase>
        <testcase name="it_validates_additional_properties_when_false" file="/var/www/html/tests/Unit/Support/SchemaValidatorTest.php" line="350" class="JTD\LaravelMCP\Tests\Unit\Support\SchemaValidatorTest" classname="JTD.LaravelMCP.Tests.Unit.Support.SchemaValidatorTest" assertions="0" time="0.000000">
          <error type="Exception">JTD\LaravelMCP\Tests\Unit\Support\SchemaValidatorTest::it_validates_additional_properties_when_false
Exception: The /var/www/html/vendor/orchestra/testbench-core/laravel/bootstrap/cache directory must be present and writable.

/var/www/html/vendor/laravel/framework/src/Illuminate/Foundation/PackageManifest.php:179
/var/www/html/vendor/orchestra/testbench-core/src/Foundation/PackageManifest.php:157
/var/www/html/vendor/laravel/framework/src/Illuminate/Foundation/PackageManifest.php:132
/var/www/html/vendor/laravel/framework/src/Illuminate/Foundation/PackageManifest.php:108
/var/www/html/vendor/orchestra/testbench-core/src/Foundation/PackageManifest.php:102
/var/www/html/vendor/laravel/framework/src/Illuminate/Foundation/PackageManifest.php:91
/var/www/html/vendor/laravel/framework/src/Illuminate/Foundation/PackageManifest.php:80
/var/www/html/vendor/laravel/framework/src/Illuminate/Foundation/Bootstrap/RegisterFacades.php:26
/var/www/html/vendor/orchestra/testbench-core/src/Concerns/CreatesApplication.php:556
/var/www/html/vendor/orchestra/testbench-core/src/Concerns/CreatesApplication.php:311
/var/www/html/vendor/orchestra/testbench-core/src/TestCase.php:121
/var/www/html/vendor/orchestra/testbench-core/src/Concerns/ApplicationTestingHooks.php:74
/var/www/html/vendor/orchestra/testbench-core/src/Concerns/Testing.php:43
/var/www/html/vendor/laravel/framework/src/Illuminate/Collections/helpers.php:236
/var/www/html/vendor/orchestra/sidekick/src/functions.php:87
/var/www/html/vendor/laravel/framework/src/Illuminate/Collections/helpers.php:236
/var/www/html/vendor/orchestra/testbench-core/src/Concerns/Testing.php:57
/var/www/html/vendor/orchestra/testbench-core/src/TestCase.php:50
/var/www/html/tests/TestCase.php:61
/var/www/html/tests/Unit/Support/SchemaValidatorTest.php:32</error>
        </testcase>
        <testcase name="it_creates_schema_from_laravel_rules" file="/var/www/html/tests/Unit/Support/SchemaValidatorTest.php" line="367" class="JTD\LaravelMCP\Tests\Unit\Support\SchemaValidatorTest" classname="JTD.LaravelMCP.Tests.Unit.Support.SchemaValidatorTest" assertions="0" time="0.000000">
          <error type="Exception">JTD\LaravelMCP\Tests\Unit\Support\SchemaValidatorTest::it_creates_schema_from_laravel_rules
Exception: The /var/www/html/vendor/orchestra/testbench-core/laravel/bootstrap/cache directory must be present and writable.

/var/www/html/vendor/laravel/framework/src/Illuminate/Foundation/PackageManifest.php:179
/var/www/html/vendor/orchestra/testbench-core/src/Foundation/PackageManifest.php:157
/var/www/html/vendor/laravel/framework/src/Illuminate/Foundation/PackageManifest.php:132
/var/www/html/vendor/laravel/framework/src/Illuminate/Foundation/PackageManifest.php:108
/var/www/html/vendor/orchestra/testbench-core/src/Foundation/PackageManifest.php:102
/var/www/html/vendor/laravel/framework/src/Illuminate/Foundation/PackageManifest.php:91
/var/www/html/vendor/laravel/framework/src/Illuminate/Foundation/PackageManifest.php:80
/var/www/html/vendor/laravel/framework/src/Illuminate/Foundation/Bootstrap/RegisterFacades.php:26
/var/www/html/vendor/orchestra/testbench-core/src/Concerns/CreatesApplication.php:556
/var/www/html/vendor/orchestra/testbench-core/src/Concerns/CreatesApplication.php:311
/var/www/html/vendor/orchestra/testbench-core/src/TestCase.php:121
/var/www/html/vendor/orchestra/testbench-core/src/Concerns/ApplicationTestingHooks.php:74
/var/www/html/vendor/orchestra/testbench-core/src/Concerns/Testing.php:43
/var/www/html/vendor/laravel/framework/src/Illuminate/Collections/helpers.php:236
/var/www/html/vendor/orchestra/sidekick/src/functions.php:87
/var/www/html/vendor/laravel/framework/src/Illuminate/Collections/helpers.php:236
/var/www/html/vendor/orchestra/testbench-core/src/Concerns/Testing.php:57
/var/www/html/vendor/orchestra/testbench-core/src/TestCase.php:50
/var/www/html/tests/TestCase.php:61
/var/www/html/tests/Unit/Support/SchemaValidatorTest.php:32</error>
        </testcase>
        <testcase name="it_validates_boolean_type" file="/var/www/html/tests/Unit/Support/SchemaValidatorTest.php" line="389" class="JTD\LaravelMCP\Tests\Unit\Support\SchemaValidatorTest" classname="JTD.LaravelMCP.Tests.Unit.Support.SchemaValidatorTest" assertions="0" time="0.000000">
          <error type="Exception">JTD\LaravelMCP\Tests\Unit\Support\SchemaValidatorTest::it_validates_boolean_type
Exception: The /var/www/html/vendor/orchestra/testbench-core/laravel/bootstrap/cache directory must be present and writable.

/var/www/html/vendor/laravel/framework/src/Illuminate/Foundation/PackageManifest.php:179
/var/www/html/vendor/orchestra/testbench-core/src/Foundation/PackageManifest.php:157
/var/www/html/vendor/laravel/framework/src/Illuminate/Foundation/PackageManifest.php:132
/var/www/html/vendor/laravel/framework/src/Illuminate/Foundation/PackageManifest.php:108
/var/www/html/vendor/orchestra/testbench-core/src/Foundation/PackageManifest.php:102
/var/www/html/vendor/laravel/framework/src/Illuminate/Foundation/PackageManifest.php:91
/var/www/html/vendor/laravel/framework/src/Illuminate/Foundation/PackageManifest.php:80
/var/www/html/vendor/laravel/framework/src/Illuminate/Foundation/Bootstrap/RegisterFacades.php:26
/var/www/html/vendor/orchestra/testbench-core/src/Concerns/CreatesApplication.php:556
/var/www/html/vendor/orchestra/testbench-core/src/Concerns/CreatesApplication.php:311
/var/www/html/vendor/orchestra/testbench-core/src/TestCase.php:121
/var/www/html/vendor/orchestra/testbench-core/src/Concerns/ApplicationTestingHooks.php:74
/var/www/html/vendor/orchestra/testbench-core/src/Concerns/Testing.php:43
/var/www/html/vendor/laravel/framework/src/Illuminate/Collections/helpers.php:236
/var/www/html/vendor/orchestra/sidekick/src/functions.php:87
/var/www/html/vendor/laravel/framework/src/Illuminate/Collections/helpers.php:236
/var/www/html/vendor/orchestra/testbench-core/src/Concerns/Testing.php:57
/var/www/html/vendor/orchestra/testbench-core/src/TestCase.php:50
/var/www/html/tests/TestCase.php:61
/var/www/html/tests/Unit/Support/SchemaValidatorTest.php:32</error>
        </testcase>
        <testcase name="it_validates_null_when_nullable" file="/var/www/html/tests/Unit/Support/SchemaValidatorTest.php" line="405" class="JTD\LaravelMCP\Tests\Unit\Support\SchemaValidatorTest" classname="JTD.LaravelMCP.Tests.Unit.Support.SchemaValidatorTest" assertions="0" time="0.000000">
          <error type="Exception">JTD\LaravelMCP\Tests\Unit\Support\SchemaValidatorTest::it_validates_null_when_nullable
Exception: The /var/www/html/vendor/orchestra/testbench-core/laravel/bootstrap/cache directory must be present and writable.

/var/www/html/vendor/laravel/framework/src/Illuminate/Foundation/PackageManifest.php:179
/var/www/html/vendor/orchestra/testbench-core/src/Foundation/PackageManifest.php:157
/var/www/html/vendor/laravel/framework/src/Illuminate/Foundation/PackageManifest.php:132
/var/www/html/vendor/laravel/framework/src/Illuminate/Foundation/PackageManifest.php:108
/var/www/html/vendor/orchestra/testbench-core/src/Foundation/PackageManifest.php:102
/var/www/html/vendor/laravel/framework/src/Illuminate/Foundation/PackageManifest.php:91
/var/www/html/vendor/laravel/framework/src/Illuminate/Foundation/PackageManifest.php:80
/var/www/html/vendor/laravel/framework/src/Illuminate/Foundation/Bootstrap/RegisterFacades.php:26
/var/www/html/vendor/orchestra/testbench-core/src/Concerns/CreatesApplication.php:556
/var/www/html/vendor/orchestra/testbench-core/src/Concerns/CreatesApplication.php:311
/var/www/html/vendor/orchestra/testbench-core/src/TestCase.php:121
/var/www/html/vendor/orchestra/testbench-core/src/Concerns/ApplicationTestingHooks.php:74
/var/www/html/vendor/orchestra/testbench-core/src/Concerns/Testing.php:43
/var/www/html/vendor/laravel/framework/src/Illuminate/Collections/helpers.php:236
/var/www/html/vendor/orchestra/sidekick/src/functions.php:87
/var/www/html/vendor/laravel/framework/src/Illuminate/Collections/helpers.php:236
/var/www/html/vendor/orchestra/testbench-core/src/Concerns/Testing.php:57
/var/www/html/vendor/orchestra/testbench-core/src/TestCase.php:50
/var/www/html/tests/TestCase.php:61
/var/www/html/tests/Unit/Support/SchemaValidatorTest.php:32</error>
        </testcase>
        <testcase name="it_validates_string_length_constraints" file="/var/www/html/tests/Unit/Support/SchemaValidatorTest.php" line="424" class="JTD\LaravelMCP\Tests\Unit\Support\SchemaValidatorTest" classname="JTD.LaravelMCP.Tests.Unit.Support.SchemaValidatorTest" assertions="0" time="0.000000">
          <error type="Exception">JTD\LaravelMCP\Tests\Unit\Support\SchemaValidatorTest::it_validates_string_length_constraints
Exception: The /var/www/html/vendor/orchestra/testbench-core/laravel/bootstrap/cache directory must be present and writable.

/var/www/html/vendor/laravel/framework/src/Illuminate/Foundation/PackageManifest.php:179
/var/www/html/vendor/orchestra/testbench-core/src/Foundation/PackageManifest.php:157
/var/www/html/vendor/laravel/framework/src/Illuminate/Foundation/PackageManifest.php:132
/var/www/html/vendor/laravel/framework/src/Illuminate/Foundation/PackageManifest.php:108
/var/www/html/vendor/orchestra/testbench-core/src/Foundation/PackageManifest.php:102
/var/www/html/vendor/laravel/framework/src/Illuminate/Foundation/PackageManifest.php:91
/var/www/html/vendor/laravel/framework/src/Illuminate/Foundation/PackageManifest.php:80
/var/www/html/vendor/laravel/framework/src/Illuminate/Foundation/Bootstrap/RegisterFacades.php:26
/var/www/html/vendor/orchestra/testbench-core/src/Concerns/CreatesApplication.php:556
/var/www/html/vendor/orchestra/testbench-core/src/Concerns/CreatesApplication.php:311
/var/www/html/vendor/orchestra/testbench-core/src/TestCase.php:121
/var/www/html/vendor/orchestra/testbench-core/src/Concerns/ApplicationTestingHooks.php:74
/var/www/html/vendor/orchestra/testbench-core/src/Concerns/Testing.php:43
/var/www/html/vendor/laravel/framework/src/Illuminate/Collections/helpers.php:236
/var/www/html/vendor/orchestra/sidekick/src/functions.php:87
/var/www/html/vendor/laravel/framework/src/Illuminate/Collections/helpers.php:236
/var/www/html/vendor/orchestra/testbench-core/src/Concerns/Testing.php:57
/var/www/html/vendor/orchestra/testbench-core/src/TestCase.php:50
/var/www/html/tests/TestCase.php:61
/var/www/html/tests/Unit/Support/SchemaValidatorTest.php:32</error>
        </testcase>
        <testcase name="it_throws_exception_for_string_too_short" file="/var/www/html/tests/Unit/Support/SchemaValidatorTest.php" line="444" class="JTD\LaravelMCP\Tests\Unit\Support\SchemaValidatorTest" classname="JTD.LaravelMCP.Tests.Unit.Support.SchemaValidatorTest" assertions="0" time="0.000000">
          <error type="Exception">JTD\LaravelMCP\Tests\Unit\Support\SchemaValidatorTest::it_throws_exception_for_string_too_short
Exception: The /var/www/html/vendor/orchestra/testbench-core/laravel/bootstrap/cache directory must be present and writable.

/var/www/html/vendor/laravel/framework/src/Illuminate/Foundation/PackageManifest.php:179
/var/www/html/vendor/orchestra/testbench-core/src/Foundation/PackageManifest.php:157
/var/www/html/vendor/laravel/framework/src/Illuminate/Foundation/PackageManifest.php:132
/var/www/html/vendor/laravel/framework/src/Illuminate/Foundation/PackageManifest.php:108
/var/www/html/vendor/orchestra/testbench-core/src/Foundation/PackageManifest.php:102
/var/www/html/vendor/laravel/framework/src/Illuminate/Foundation/PackageManifest.php:91
/var/www/html/vendor/laravel/framework/src/Illuminate/Foundation/PackageManifest.php:80
/var/www/html/vendor/laravel/framework/src/Illuminate/Foundation/Bootstrap/RegisterFacades.php:26
/var/www/html/vendor/orchestra/testbench-core/src/Concerns/CreatesApplication.php:556
/var/www/html/vendor/orchestra/testbench-core/src/Concerns/CreatesApplication.php:311
/var/www/html/vendor/orchestra/testbench-core/src/TestCase.php:121
/var/www/html/vendor/orchestra/testbench-core/src/Concerns/ApplicationTestingHooks.php:74
/var/www/html/vendor/orchestra/testbench-core/src/Concerns/Testing.php:43
/var/www/html/vendor/laravel/framework/src/Illuminate/Collections/helpers.php:236
/var/www/html/vendor/orchestra/sidekick/src/functions.php:87
/var/www/html/vendor/laravel/framework/src/Illuminate/Collections/helpers.php:236
/var/www/html/vendor/orchestra/testbench-core/src/Concerns/Testing.php:57
/var/www/html/vendor/orchestra/testbench-core/src/TestCase.php:50
/var/www/html/tests/TestCase.php:61
/var/www/html/tests/Unit/Support/SchemaValidatorTest.php:32</error>
        </testcase>
        <testcase name="it_validates_uuid_format" file="/var/www/html/tests/Unit/Support/SchemaValidatorTest.php" line="463" class="JTD\LaravelMCP\Tests\Unit\Support\SchemaValidatorTest" classname="JTD.LaravelMCP.Tests.Unit.Support.SchemaValidatorTest" assertions="0" time="0.000000">
          <error type="Exception">JTD\LaravelMCP\Tests\Unit\Support\SchemaValidatorTest::it_validates_uuid_format
Exception: The /var/www/html/vendor/orchestra/testbench-core/laravel/bootstrap/cache directory must be present and writable.

/var/www/html/vendor/laravel/framework/src/Illuminate/Foundation/PackageManifest.php:179
/var/www/html/vendor/orchestra/testbench-core/src/Foundation/PackageManifest.php:157
/var/www/html/vendor/laravel/framework/src/Illuminate/Foundation/PackageManifest.php:132
/var/www/html/vendor/laravel/framework/src/Illuminate/Foundation/PackageManifest.php:108
/var/www/html/vendor/orchestra/testbench-core/src/Foundation/PackageManifest.php:102
/var/www/html/vendor/laravel/framework/src/Illuminate/Foundation/PackageManifest.php:91
/var/www/html/vendor/laravel/framework/src/Illuminate/Foundation/PackageManifest.php:80
/var/www/html/vendor/laravel/framework/src/Illuminate/Foundation/Bootstrap/RegisterFacades.php:26
/var/www/html/vendor/orchestra/testbench-core/src/Concerns/CreatesApplication.php:556
/var/www/html/vendor/orchestra/testbench-core/src/Concerns/CreatesApplication.php:311
/var/www/html/vendor/orchestra/testbench-core/src/TestCase.php:121
/var/www/html/vendor/orchestra/testbench-core/src/Concerns/ApplicationTestingHooks.php:74
/var/www/html/vendor/orchestra/testbench-core/src/Concerns/Testing.php:43
/var/www/html/vendor/laravel/framework/src/Illuminate/Collections/helpers.php:236
/var/www/html/vendor/orchestra/sidekick/src/functions.php:87
/var/www/html/vendor/laravel/framework/src/Illuminate/Collections/helpers.php:236
/var/www/html/vendor/orchestra/testbench-core/src/Concerns/Testing.php:57
/var/www/html/vendor/orchestra/testbench-core/src/TestCase.php:50
/var/www/html/tests/TestCase.php:61
/var/www/html/tests/Unit/Support/SchemaValidatorTest.php:32</error>
        </testcase>
        <testcase name="it_validates_url_format" file="/var/www/html/tests/Unit/Support/SchemaValidatorTest.php" line="482" class="JTD\LaravelMCP\Tests\Unit\Support\SchemaValidatorTest" classname="JTD.LaravelMCP.Tests.Unit.Support.SchemaValidatorTest" assertions="0" time="0.000000">
          <error type="Exception">JTD\LaravelMCP\Tests\Unit\Support\SchemaValidatorTest::it_validates_url_format
Exception: The /var/www/html/vendor/orchestra/testbench-core/laravel/bootstrap/cache directory must be present and writable.

/var/www/html/vendor/laravel/framework/src/Illuminate/Foundation/PackageManifest.php:179
/var/www/html/vendor/orchestra/testbench-core/src/Foundation/PackageManifest.php:157
/var/www/html/vendor/laravel/framework/src/Illuminate/Foundation/PackageManifest.php:132
/var/www/html/vendor/laravel/framework/src/Illuminate/Foundation/PackageManifest.php:108
/var/www/html/vendor/orchestra/testbench-core/src/Foundation/PackageManifest.php:102
/var/www/html/vendor/laravel/framework/src/Illuminate/Foundation/PackageManifest.php:91
/var/www/html/vendor/laravel/framework/src/Illuminate/Foundation/PackageManifest.php:80
/var/www/html/vendor/laravel/framework/src/Illuminate/Foundation/Bootstrap/RegisterFacades.php:26
/var/www/html/vendor/orchestra/testbench-core/src/Concerns/CreatesApplication.php:556
/var/www/html/vendor/orchestra/testbench-core/src/Concerns/CreatesApplication.php:311
/var/www/html/vendor/orchestra/testbench-core/src/TestCase.php:121
/var/www/html/vendor/orchestra/testbench-core/src/Concerns/ApplicationTestingHooks.php:74
/var/www/html/vendor/orchestra/testbench-core/src/Concerns/Testing.php:43
/var/www/html/vendor/laravel/framework/src/Illuminate/Collections/helpers.php:236
/var/www/html/vendor/orchestra/sidekick/src/functions.php:87
/var/www/html/vendor/laravel/framework/src/Illuminate/Collections/helpers.php:236
/var/www/html/vendor/orchestra/testbench-core/src/Concerns/Testing.php:57
/var/www/html/vendor/orchestra/testbench-core/src/TestCase.php:50
/var/www/html/tests/TestCase.php:61
/var/www/html/tests/Unit/Support/SchemaValidatorTest.php:32</error>
        </testcase>
      </testsuite>
      <testsuite name="JTD\LaravelMCP\Tests\Unit\Traits\FormatsResponsesTest" file="/var/www/html/tests/Unit/Traits/FormatsResponsesTest.php" tests="28" assertions="0" errors="28" failures="0" skipped="0" time="0.000000">
        <testcase name="it_formats_success_response" file="/var/www/html/tests/Unit/Traits/FormatsResponsesTest.php" line="92" class="JTD\LaravelMCP\Tests\Unit\Traits\FormatsResponsesTest" classname="JTD.LaravelMCP.Tests.Unit.Traits.FormatsResponsesTest" assertions="0" time="0.000000">
          <error type="Exception">JTD\LaravelMCP\Tests\Unit\Traits\FormatsResponsesTest::it_formats_success_response
Exception: The /var/www/html/vendor/orchestra/testbench-core/laravel/bootstrap/cache directory must be present and writable.

/var/www/html/vendor/laravel/framework/src/Illuminate/Foundation/PackageManifest.php:179
/var/www/html/vendor/orchestra/testbench-core/src/Foundation/PackageManifest.php:157
/var/www/html/vendor/laravel/framework/src/Illuminate/Foundation/PackageManifest.php:132
/var/www/html/vendor/laravel/framework/src/Illuminate/Foundation/PackageManifest.php:108
/var/www/html/vendor/orchestra/testbench-core/src/Foundation/PackageManifest.php:102
/var/www/html/vendor/laravel/framework/src/Illuminate/Foundation/PackageManifest.php:91
/var/www/html/vendor/laravel/framework/src/Illuminate/Foundation/PackageManifest.php:80
/var/www/html/vendor/laravel/framework/src/Illuminate/Foundation/Bootstrap/RegisterFacades.php:26
/var/www/html/vendor/orchestra/testbench-core/src/Concerns/CreatesApplication.php:556
/var/www/html/vendor/orchestra/testbench-core/src/Concerns/CreatesApplication.php:311
/var/www/html/vendor/orchestra/testbench-core/src/TestCase.php:121
/var/www/html/vendor/orchestra/testbench-core/src/Concerns/ApplicationTestingHooks.php:74
/var/www/html/vendor/orchestra/testbench-core/src/Concerns/Testing.php:43
/var/www/html/vendor/laravel/framework/src/Illuminate/Collections/helpers.php:236
/var/www/html/vendor/orchestra/sidekick/src/functions.php:87
/var/www/html/vendor/laravel/framework/src/Illuminate/Collections/helpers.php:236
/var/www/html/vendor/orchestra/testbench-core/src/Concerns/Testing.php:57
/var/www/html/vendor/orchestra/testbench-core/src/TestCase.php:50
/var/www/html/tests/TestCase.php:61
/var/www/html/tests/Unit/Traits/FormatsResponsesTest.php:36</error>
        </testcase>
        <testcase name="it_formats_success_response_with_meta" file="/var/www/html/tests/Unit/Traits/FormatsResponsesTest.php" line="103" class="JTD\LaravelMCP\Tests\Unit\Traits\FormatsResponsesTest" classname="JTD.LaravelMCP.Tests.Unit.Traits.FormatsResponsesTest" assertions="0" time="0.000000">
          <error type="Exception">JTD\LaravelMCP\Tests\Unit\Traits\FormatsResponsesTest::it_formats_success_response_with_meta
Exception: The /var/www/html/vendor/orchestra/testbench-core/laravel/bootstrap/cache directory must be present and writable.

/var/www/html/vendor/laravel/framework/src/Illuminate/Foundation/PackageManifest.php:179
/var/www/html/vendor/orchestra/testbench-core/src/Foundation/PackageManifest.php:157
/var/www/html/vendor/laravel/framework/src/Illuminate/Foundation/PackageManifest.php:132
/var/www/html/vendor/laravel/framework/src/Illuminate/Foundation/PackageManifest.php:108
/var/www/html/vendor/orchestra/testbench-core/src/Foundation/PackageManifest.php:102
/var/www/html/vendor/laravel/framework/src/Illuminate/Foundation/PackageManifest.php:91
/var/www/html/vendor/laravel/framework/src/Illuminate/Foundation/PackageManifest.php:80
/var/www/html/vendor/laravel/framework/src/Illuminate/Foundation/Bootstrap/RegisterFacades.php:26
/var/www/html/vendor/orchestra/testbench-core/src/Concerns/CreatesApplication.php:556
/var/www/html/vendor/orchestra/testbench-core/src/Concerns/CreatesApplication.php:311
/var/www/html/vendor/orchestra/testbench-core/src/TestCase.php:121
/var/www/html/vendor/orchestra/testbench-core/src/Concerns/ApplicationTestingHooks.php:74
/var/www/html/vendor/orchestra/testbench-core/src/Concerns/Testing.php:43
/var/www/html/vendor/laravel/framework/src/Illuminate/Collections/helpers.php:236
/var/www/html/vendor/orchestra/sidekick/src/functions.php:87
/var/www/html/vendor/laravel/framework/src/Illuminate/Collections/helpers.php:236
/var/www/html/vendor/orchestra/testbench-core/src/Concerns/Testing.php:57
/var/www/html/vendor/orchestra/testbench-core/src/TestCase.php:50
/var/www/html/tests/TestCase.php:61
/var/www/html/tests/Unit/Traits/FormatsResponsesTest.php:36</error>
        </testcase>
        <testcase name="it_formats_error_response" file="/var/www/html/tests/Unit/Traits/FormatsResponsesTest.php" line="115" class="JTD\LaravelMCP\Tests\Unit\Traits\FormatsResponsesTest" classname="JTD.LaravelMCP.Tests.Unit.Traits.FormatsResponsesTest" assertions="0" time="0.000000">
          <error type="Exception">JTD\LaravelMCP\Tests\Unit\Traits\FormatsResponsesTest::it_formats_error_response
Exception: The /var/www/html/vendor/orchestra/testbench-core/laravel/bootstrap/cache directory must be present and writable.

/var/www/html/vendor/laravel/framework/src/Illuminate/Foundation/PackageManifest.php:179
/var/www/html/vendor/orchestra/testbench-core/src/Foundation/PackageManifest.php:157
/var/www/html/vendor/laravel/framework/src/Illuminate/Foundation/PackageManifest.php:132
/var/www/html/vendor/laravel/framework/src/Illuminate/Foundation/PackageManifest.php:108
/var/www/html/vendor/orchestra/testbench-core/src/Foundation/PackageManifest.php:102
/var/www/html/vendor/laravel/framework/src/Illuminate/Foundation/PackageManifest.php:91
/var/www/html/vendor/laravel/framework/src/Illuminate/Foundation/PackageManifest.php:80
/var/www/html/vendor/laravel/framework/src/Illuminate/Foundation/Bootstrap/RegisterFacades.php:26
/var/www/html/vendor/orchestra/testbench-core/src/Concerns/CreatesApplication.php:556
/var/www/html/vendor/orchestra/testbench-core/src/Concerns/CreatesApplication.php:311
/var/www/html/vendor/orchestra/testbench-core/src/TestCase.php:121
/var/www/html/vendor/orchestra/testbench-core/src/Concerns/ApplicationTestingHooks.php:74
/var/www/html/vendor/orchestra/testbench-core/src/Concerns/Testing.php:43
/var/www/html/vendor/laravel/framework/src/Illuminate/Collections/helpers.php:236
/var/www/html/vendor/orchestra/sidekick/src/functions.php:87
/var/www/html/vendor/laravel/framework/src/Illuminate/Collections/helpers.php:236
/var/www/html/vendor/orchestra/testbench-core/src/Concerns/Testing.php:57
/var/www/html/vendor/orchestra/testbench-core/src/TestCase.php:50
/var/www/html/tests/TestCase.php:61
/var/www/html/tests/Unit/Traits/FormatsResponsesTest.php:36</error>
        </testcase>
        <testcase name="it_formats_tool_response" file="/var/www/html/tests/Unit/Traits/FormatsResponsesTest.php" line="126" class="JTD\LaravelMCP\Tests\Unit\Traits\FormatsResponsesTest" classname="JTD.LaravelMCP.Tests.Unit.Traits.FormatsResponsesTest" assertions="0" time="0.000000">
          <error type="Exception">JTD\LaravelMCP\Tests\Unit\Traits\FormatsResponsesTest::it_formats_tool_response
Exception: The /var/www/html/vendor/orchestra/testbench-core/laravel/bootstrap/cache directory must be present and writable.

/var/www/html/vendor/laravel/framework/src/Illuminate/Foundation/PackageManifest.php:179
/var/www/html/vendor/orchestra/testbench-core/src/Foundation/PackageManifest.php:157
/var/www/html/vendor/laravel/framework/src/Illuminate/Foundation/PackageManifest.php:132
/var/www/html/vendor/laravel/framework/src/Illuminate/Foundation/PackageManifest.php:108
/var/www/html/vendor/orchestra/testbench-core/src/Foundation/PackageManifest.php:102
/var/www/html/vendor/laravel/framework/src/Illuminate/Foundation/PackageManifest.php:91
/var/www/html/vendor/laravel/framework/src/Illuminate/Foundation/PackageManifest.php:80
/var/www/html/vendor/laravel/framework/src/Illuminate/Foundation/Bootstrap/RegisterFacades.php:26
/var/www/html/vendor/orchestra/testbench-core/src/Concerns/CreatesApplication.php:556
/var/www/html/vendor/orchestra/testbench-core/src/Concerns/CreatesApplication.php:311
/var/www/html/vendor/orchestra/testbench-core/src/TestCase.php:121
/var/www/html/vendor/orchestra/testbench-core/src/Concerns/ApplicationTestingHooks.php:74
/var/www/html/vendor/orchestra/testbench-core/src/Concerns/Testing.php:43
/var/www/html/vendor/laravel/framework/src/Illuminate/Collections/helpers.php:236
/var/www/html/vendor/orchestra/sidekick/src/functions.php:87
/var/www/html/vendor/laravel/framework/src/Illuminate/Collections/helpers.php:236
/var/www/html/vendor/orchestra/testbench-core/src/Concerns/Testing.php:57
/var/www/html/vendor/orchestra/testbench-core/src/TestCase.php:50
/var/www/html/tests/TestCase.php:61
/var/www/html/tests/Unit/Traits/FormatsResponsesTest.php:36</error>
        </testcase>
        <testcase name="it_formats_resource_read_response" file="/var/www/html/tests/Unit/Traits/FormatsResponsesTest.php" line="138" class="JTD\LaravelMCP\Tests\Unit\Traits\FormatsResponsesTest" classname="JTD.LaravelMCP.Tests.Unit.Traits.FormatsResponsesTest" assertions="0" time="0.000000">
          <error type="Exception">JTD\LaravelMCP\Tests\Unit\Traits\FormatsResponsesTest::it_formats_resource_read_response
Exception: The /var/www/html/vendor/orchestra/testbench-core/laravel/bootstrap/cache directory must be present and writable.

/var/www/html/vendor/laravel/framework/src/Illuminate/Foundation/PackageManifest.php:179
/var/www/html/vendor/orchestra/testbench-core/src/Foundation/PackageManifest.php:157
/var/www/html/vendor/laravel/framework/src/Illuminate/Foundation/PackageManifest.php:132
/var/www/html/vendor/laravel/framework/src/Illuminate/Foundation/PackageManifest.php:108
/var/www/html/vendor/orchestra/testbench-core/src/Foundation/PackageManifest.php:102
/var/www/html/vendor/laravel/framework/src/Illuminate/Foundation/PackageManifest.php:91
/var/www/html/vendor/laravel/framework/src/Illuminate/Foundation/PackageManifest.php:80
/var/www/html/vendor/laravel/framework/src/Illuminate/Foundation/Bootstrap/RegisterFacades.php:26
/var/www/html/vendor/orchestra/testbench-core/src/Concerns/CreatesApplication.php:556
/var/www/html/vendor/orchestra/testbench-core/src/Concerns/CreatesApplication.php:311
/var/www/html/vendor/orchestra/testbench-core/src/TestCase.php:121
/var/www/html/vendor/orchestra/testbench-core/src/Concerns/ApplicationTestingHooks.php:74
/var/www/html/vendor/orchestra/testbench-core/src/Concerns/Testing.php:43
/var/www/html/vendor/laravel/framework/src/Illuminate/Collections/helpers.php:236
/var/www/html/vendor/orchestra/sidekick/src/functions.php:87
/var/www/html/vendor/laravel/framework/src/Illuminate/Collections/helpers.php:236
/var/www/html/vendor/orchestra/testbench-core/src/Concerns/Testing.php:57
/var/www/html/vendor/orchestra/testbench-core/src/TestCase.php:50
/var/www/html/tests/TestCase.php:61
/var/www/html/tests/Unit/Traits/FormatsResponsesTest.php:36</error>
        </testcase>
        <testcase name="it_formats_resource_list_response" file="/var/www/html/tests/Unit/Traits/FormatsResponsesTest.php" line="151" class="JTD\LaravelMCP\Tests\Unit\Traits\FormatsResponsesTest" classname="JTD.LaravelMCP.Tests.Unit.Traits.FormatsResponsesTest" assertions="0" time="0.000000">
          <error type="Exception">JTD\LaravelMCP\Tests\Unit\Traits\FormatsResponsesTest::it_formats_resource_list_response
Exception: The /var/www/html/vendor/orchestra/testbench-core/laravel/bootstrap/cache directory must be present and writable.

/var/www/html/vendor/laravel/framework/src/Illuminate/Foundation/PackageManifest.php:179
/var/www/html/vendor/orchestra/testbench-core/src/Foundation/PackageManifest.php:157
/var/www/html/vendor/laravel/framework/src/Illuminate/Foundation/PackageManifest.php:132
/var/www/html/vendor/laravel/framework/src/Illuminate/Foundation/PackageManifest.php:108
/var/www/html/vendor/orchestra/testbench-core/src/Foundation/PackageManifest.php:102
/var/www/html/vendor/laravel/framework/src/Illuminate/Foundation/PackageManifest.php:91
/var/www/html/vendor/laravel/framework/src/Illuminate/Foundation/PackageManifest.php:80
/var/www/html/vendor/laravel/framework/src/Illuminate/Foundation/Bootstrap/RegisterFacades.php:26
/var/www/html/vendor/orchestra/testbench-core/src/Concerns/CreatesApplication.php:556
/var/www/html/vendor/orchestra/testbench-core/src/Concerns/CreatesApplication.php:311
/var/www/html/vendor/orchestra/testbench-core/src/TestCase.php:121
/var/www/html/vendor/orchestra/testbench-core/src/Concerns/ApplicationTestingHooks.php:74
/var/www/html/vendor/orchestra/testbench-core/src/Concerns/Testing.php:43
/var/www/html/vendor/laravel/framework/src/Illuminate/Collections/helpers.php:236
/var/www/html/vendor/orchestra/sidekick/src/functions.php:87
/var/www/html/vendor/laravel/framework/src/Illuminate/Collections/helpers.php:236
/var/www/html/vendor/orchestra/testbench-core/src/Concerns/Testing.php:57
/var/www/html/vendor/orchestra/testbench-core/src/TestCase.php:50
/var/www/html/tests/TestCase.php:61
/var/www/html/tests/Unit/Traits/FormatsResponsesTest.php:36</error>
        </testcase>
        <testcase name="it_formats_prompt_response" file="/var/www/html/tests/Unit/Traits/FormatsResponsesTest.php" line="166" class="JTD\LaravelMCP\Tests\Unit\Traits\FormatsResponsesTest" classname="JTD.LaravelMCP.Tests.Unit.Traits.FormatsResponsesTest" assertions="0" time="0.000000">
          <error type="Exception">JTD\LaravelMCP\Tests\Unit\Traits\FormatsResponsesTest::it_formats_prompt_response
Exception: The /var/www/html/vendor/orchestra/testbench-core/laravel/bootstrap/cache directory must be present and writable.

/var/www/html/vendor/laravel/framework/src/Illuminate/Foundation/PackageManifest.php:179
/var/www/html/vendor/orchestra/testbench-core/src/Foundation/PackageManifest.php:157
/var/www/html/vendor/laravel/framework/src/Illuminate/Foundation/PackageManifest.php:132
/var/www/html/vendor/laravel/framework/src/Illuminate/Foundation/PackageManifest.php:108
/var/www/html/vendor/orchestra/testbench-core/src/Foundation/PackageManifest.php:102
/var/www/html/vendor/laravel/framework/src/Illuminate/Foundation/PackageManifest.php:91
/var/www/html/vendor/laravel/framework/src/Illuminate/Foundation/PackageManifest.php:80
/var/www/html/vendor/laravel/framework/src/Illuminate/Foundation/Bootstrap/RegisterFacades.php:26
/var/www/html/vendor/orchestra/testbench-core/src/Concerns/CreatesApplication.php:556
/var/www/html/vendor/orchestra/testbench-core/src/Concerns/CreatesApplication.php:311
/var/www/html/vendor/orchestra/testbench-core/src/TestCase.php:121
/var/www/html/vendor/orchestra/testbench-core/src/Concerns/ApplicationTestingHooks.php:74
/var/www/html/vendor/orchestra/testbench-core/src/Concerns/Testing.php:43
/var/www/html/vendor/laravel/framework/src/Illuminate/Collections/helpers.php:236
/var/www/html/vendor/orchestra/sidekick/src/functions.php:87
/var/www/html/vendor/laravel/framework/src/Illuminate/Collections/helpers.php:236
/var/www/html/vendor/orchestra/testbench-core/src/Concerns/Testing.php:57
/var/www/html/vendor/orchestra/testbench-core/src/TestCase.php:50
/var/www/html/tests/TestCase.php:61
/var/www/html/tests/Unit/Traits/FormatsResponsesTest.php:36</error>
        </testcase>
        <testcase name="it_formats_paginated_response" file="/var/www/html/tests/Unit/Traits/FormatsResponsesTest.php" line="178" class="JTD\LaravelMCP\Tests\Unit\Traits\FormatsResponsesTest" classname="JTD.LaravelMCP.Tests.Unit.Traits.FormatsResponsesTest" assertions="0" time="0.000000">
          <error type="Exception">JTD\LaravelMCP\Tests\Unit\Traits\FormatsResponsesTest::it_formats_paginated_response
Exception: The /var/www/html/vendor/orchestra/testbench-core/laravel/bootstrap/cache directory must be present and writable.

/var/www/html/vendor/laravel/framework/src/Illuminate/Foundation/PackageManifest.php:179
/var/www/html/vendor/orchestra/testbench-core/src/Foundation/PackageManifest.php:157
/var/www/html/vendor/laravel/framework/src/Illuminate/Foundation/PackageManifest.php:132
/var/www/html/vendor/laravel/framework/src/Illuminate/Foundation/PackageManifest.php:108
/var/www/html/vendor/orchestra/testbench-core/src/Foundation/PackageManifest.php:102
/var/www/html/vendor/laravel/framework/src/Illuminate/Foundation/PackageManifest.php:91
/var/www/html/vendor/laravel/framework/src/Illuminate/Foundation/PackageManifest.php:80
/var/www/html/vendor/laravel/framework/src/Illuminate/Foundation/Bootstrap/RegisterFacades.php:26
/var/www/html/vendor/orchestra/testbench-core/src/Concerns/CreatesApplication.php:556
/var/www/html/vendor/orchestra/testbench-core/src/Concerns/CreatesApplication.php:311
/var/www/html/vendor/orchestra/testbench-core/src/TestCase.php:121
/var/www/html/vendor/orchestra/testbench-core/src/Concerns/ApplicationTestingHooks.php:74
/var/www/html/vendor/orchestra/testbench-core/src/Concerns/Testing.php:43
/var/www/html/vendor/laravel/framework/src/Illuminate/Collections/helpers.php:236
/var/www/html/vendor/orchestra/sidekick/src/functions.php:87
/var/www/html/vendor/laravel/framework/src/Illuminate/Collections/helpers.php:236
/var/www/html/vendor/orchestra/testbench-core/src/Concerns/Testing.php:57
/var/www/html/vendor/orchestra/testbench-core/src/TestCase.php:50
/var/www/html/tests/TestCase.php:61
/var/www/html/tests/Unit/Traits/FormatsResponsesTest.php:36</error>
        </testcase>
        <testcase name="it_formats_json_rpc_response" file="/var/www/html/tests/Unit/Traits/FormatsResponsesTest.php" line="192" class="JTD\LaravelMCP\Tests\Unit\Traits\FormatsResponsesTest" classname="JTD.LaravelMCP.Tests.Unit.Traits.FormatsResponsesTest" assertions="0" time="0.000000">
          <error type="Exception">JTD\LaravelMCP\Tests\Unit\Traits\FormatsResponsesTest::it_formats_json_rpc_response
Exception: The /var/www/html/vendor/orchestra/testbench-core/laravel/bootstrap/cache directory must be present and writable.

/var/www/html/vendor/laravel/framework/src/Illuminate/Foundation/PackageManifest.php:179
/var/www/html/vendor/orchestra/testbench-core/src/Foundation/PackageManifest.php:157
/var/www/html/vendor/laravel/framework/src/Illuminate/Foundation/PackageManifest.php:132
/var/www/html/vendor/laravel/framework/src/Illuminate/Foundation/PackageManifest.php:108
/var/www/html/vendor/orchestra/testbench-core/src/Foundation/PackageManifest.php:102
/var/www/html/vendor/laravel/framework/src/Illuminate/Foundation/PackageManifest.php:91
/var/www/html/vendor/laravel/framework/src/Illuminate/Foundation/PackageManifest.php:80
/var/www/html/vendor/laravel/framework/src/Illuminate/Foundation/Bootstrap/RegisterFacades.php:26
/var/www/html/vendor/orchestra/testbench-core/src/Concerns/CreatesApplication.php:556
/var/www/html/vendor/orchestra/testbench-core/src/Concerns/CreatesApplication.php:311
/var/www/html/vendor/orchestra/testbench-core/src/TestCase.php:121
/var/www/html/vendor/orchestra/testbench-core/src/Concerns/ApplicationTestingHooks.php:74
/var/www/html/vendor/orchestra/testbench-core/src/Concerns/Testing.php:43
/var/www/html/vendor/laravel/framework/src/Illuminate/Collections/helpers.php:236
/var/www/html/vendor/orchestra/sidekick/src/functions.php:87
/var/www/html/vendor/laravel/framework/src/Illuminate/Collections/helpers.php:236
/var/www/html/vendor/orchestra/testbench-core/src/Concerns/Testing.php:57
/var/www/html/vendor/orchestra/testbench-core/src/TestCase.php:50
/var/www/html/tests/TestCase.php:61
/var/www/html/tests/Unit/Traits/FormatsResponsesTest.php:36</error>
        </testcase>
        <testcase name="it_formats_json_rpc_error_response" file="/var/www/html/tests/Unit/Traits/FormatsResponsesTest.php" line="203" class="JTD\LaravelMCP\Tests\Unit\Traits\FormatsResponsesTest" classname="JTD.LaravelMCP.Tests.Unit.Traits.FormatsResponsesTest" assertions="0" time="0.000000">
          <error type="Exception">JTD\LaravelMCP\Tests\Unit\Traits\FormatsResponsesTest::it_formats_json_rpc_error_response
Exception: The /var/www/html/vendor/orchestra/testbench-core/laravel/bootstrap/cache directory must be present and writable.

/var/www/html/vendor/laravel/framework/src/Illuminate/Foundation/PackageManifest.php:179
/var/www/html/vendor/orchestra/testbench-core/src/Foundation/PackageManifest.php:157
/var/www/html/vendor/laravel/framework/src/Illuminate/Foundation/PackageManifest.php:132
/var/www/html/vendor/laravel/framework/src/Illuminate/Foundation/PackageManifest.php:108
/var/www/html/vendor/orchestra/testbench-core/src/Foundation/PackageManifest.php:102
/var/www/html/vendor/laravel/framework/src/Illuminate/Foundation/PackageManifest.php:91
/var/www/html/vendor/laravel/framework/src/Illuminate/Foundation/PackageManifest.php:80
/var/www/html/vendor/laravel/framework/src/Illuminate/Foundation/Bootstrap/RegisterFacades.php:26
/var/www/html/vendor/orchestra/testbench-core/src/Concerns/CreatesApplication.php:556
/var/www/html/vendor/orchestra/testbench-core/src/Concerns/CreatesApplication.php:311
/var/www/html/vendor/orchestra/testbench-core/src/TestCase.php:121
/var/www/html/vendor/orchestra/testbench-core/src/Concerns/ApplicationTestingHooks.php:74
/var/www/html/vendor/orchestra/testbench-core/src/Concerns/Testing.php:43
/var/www/html/vendor/laravel/framework/src/Illuminate/Collections/helpers.php:236
/var/www/html/vendor/orchestra/sidekick/src/functions.php:87
/var/www/html/vendor/laravel/framework/src/Illuminate/Collections/helpers.php:236
/var/www/html/vendor/orchestra/testbench-core/src/Concerns/Testing.php:57
/var/www/html/vendor/orchestra/testbench-core/src/TestCase.php:50
/var/www/html/tests/TestCase.php:61
/var/www/html/tests/Unit/Traits/FormatsResponsesTest.php:36</error>
        </testcase>
        <testcase name="it_converts_to_json_response" file="/var/www/html/tests/Unit/Traits/FormatsResponsesTest.php" line="215" class="JTD\LaravelMCP\Tests\Unit\Traits\FormatsResponsesTest" classname="JTD.LaravelMCP.Tests.Unit.Traits.FormatsResponsesTest" assertions="0" time="0.000000">
          <error type="Exception">JTD\LaravelMCP\Tests\Unit\Traits\FormatsResponsesTest::it_converts_to_json_response
Exception: The /var/www/html/vendor/orchestra/testbench-core/laravel/bootstrap/cache directory must be present and writable.

/var/www/html/vendor/laravel/framework/src/Illuminate/Foundation/PackageManifest.php:179
/var/www/html/vendor/orchestra/testbench-core/src/Foundation/PackageManifest.php:157
/var/www/html/vendor/laravel/framework/src/Illuminate/Foundation/PackageManifest.php:132
/var/www/html/vendor/laravel/framework/src/Illuminate/Foundation/PackageManifest.php:108
/var/www/html/vendor/orchestra/testbench-core/src/Foundation/PackageManifest.php:102
/var/www/html/vendor/laravel/framework/src/Illuminate/Foundation/PackageManifest.php:91
/var/www/html/vendor/laravel/framework/src/Illuminate/Foundation/PackageManifest.php:80
/var/www/html/vendor/laravel/framework/src/Illuminate/Foundation/Bootstrap/RegisterFacades.php:26
/var/www/html/vendor/orchestra/testbench-core/src/Concerns/CreatesApplication.php:556
/var/www/html/vendor/orchestra/testbench-core/src/Concerns/CreatesApplication.php:311
/var/www/html/vendor/orchestra/testbench-core/src/TestCase.php:121
/var/www/html/vendor/orchestra/testbench-core/src/Concerns/ApplicationTestingHooks.php:74
/var/www/html/vendor/orchestra/testbench-core/src/Concerns/Testing.php:43
/var/www/html/vendor/laravel/framework/src/Illuminate/Collections/helpers.php:236
/var/www/html/vendor/orchestra/sidekick/src/functions.php:87
/var/www/html/vendor/laravel/framework/src/Illuminate/Collections/helpers.php:236
/var/www/html/vendor/orchestra/testbench-core/src/Concerns/Testing.php:57
/var/www/html/vendor/orchestra/testbench-core/src/TestCase.php:50
/var/www/html/tests/TestCase.php:61
/var/www/html/tests/Unit/Traits/FormatsResponsesTest.php:36</error>
        </testcase>
        <testcase name="it_detects_mime_type_for_json" file="/var/www/html/tests/Unit/Traits/FormatsResponsesTest.php" line="226" class="JTD\LaravelMCP\Tests\Unit\Traits\FormatsResponsesTest" classname="JTD.LaravelMCP.Tests.Unit.Traits.FormatsResponsesTest" assertions="0" time="0.000000">
          <error type="Exception">JTD\LaravelMCP\Tests\Unit\Traits\FormatsResponsesTest::it_detects_mime_type_for_json
Exception: The /var/www/html/vendor/orchestra/testbench-core/laravel/bootstrap/cache directory must be present and writable.

/var/www/html/vendor/laravel/framework/src/Illuminate/Foundation/PackageManifest.php:179
/var/www/html/vendor/orchestra/testbench-core/src/Foundation/PackageManifest.php:157
/var/www/html/vendor/laravel/framework/src/Illuminate/Foundation/PackageManifest.php:132
/var/www/html/vendor/laravel/framework/src/Illuminate/Foundation/PackageManifest.php:108
/var/www/html/vendor/orchestra/testbench-core/src/Foundation/PackageManifest.php:102
/var/www/html/vendor/laravel/framework/src/Illuminate/Foundation/PackageManifest.php:91
/var/www/html/vendor/laravel/framework/src/Illuminate/Foundation/PackageManifest.php:80
/var/www/html/vendor/laravel/framework/src/Illuminate/Foundation/Bootstrap/RegisterFacades.php:26
/var/www/html/vendor/orchestra/testbench-core/src/Concerns/CreatesApplication.php:556
/var/www/html/vendor/orchestra/testbench-core/src/Concerns/CreatesApplication.php:311
/var/www/html/vendor/orchestra/testbench-core/src/TestCase.php:121
/var/www/html/vendor/orchestra/testbench-core/src/Concerns/ApplicationTestingHooks.php:74
/var/www/html/vendor/orchestra/testbench-core/src/Concerns/Testing.php:43
/var/www/html/vendor/laravel/framework/src/Illuminate/Collections/helpers.php:236
/var/www/html/vendor/orchestra/sidekick/src/functions.php:87
/var/www/html/vendor/laravel/framework/src/Illuminate/Collections/helpers.php:236
/var/www/html/vendor/orchestra/testbench-core/src/Concerns/Testing.php:57
/var/www/html/vendor/orchestra/testbench-core/src/TestCase.php:50
/var/www/html/tests/TestCase.php:61
/var/www/html/tests/Unit/Traits/FormatsResponsesTest.php:36</error>
        </testcase>
        <testcase name="it_detects_mime_type_for_html" file="/var/www/html/tests/Unit/Traits/FormatsResponsesTest.php" line="235" class="JTD\LaravelMCP\Tests\Unit\Traits\FormatsResponsesTest" classname="JTD.LaravelMCP.Tests.Unit.Traits.FormatsResponsesTest" assertions="0" time="0.000000">
          <error type="Exception">JTD\LaravelMCP\Tests\Unit\Traits\FormatsResponsesTest::it_detects_mime_type_for_html
Exception: The /var/www/html/vendor/orchestra/testbench-core/laravel/bootstrap/cache directory must be present and writable.

/var/www/html/vendor/laravel/framework/src/Illuminate/Foundation/PackageManifest.php:179
/var/www/html/vendor/orchestra/testbench-core/src/Foundation/PackageManifest.php:157
/var/www/html/vendor/laravel/framework/src/Illuminate/Foundation/PackageManifest.php:132
/var/www/html/vendor/laravel/framework/src/Illuminate/Foundation/PackageManifest.php:108
/var/www/html/vendor/orchestra/testbench-core/src/Foundation/PackageManifest.php:102
/var/www/html/vendor/laravel/framework/src/Illuminate/Foundation/PackageManifest.php:91
/var/www/html/vendor/laravel/framework/src/Illuminate/Foundation/PackageManifest.php:80
/var/www/html/vendor/laravel/framework/src/Illuminate/Foundation/Bootstrap/RegisterFacades.php:26
/var/www/html/vendor/orchestra/testbench-core/src/Concerns/CreatesApplication.php:556
/var/www/html/vendor/orchestra/testbench-core/src/Concerns/CreatesApplication.php:311
/var/www/html/vendor/orchestra/testbench-core/src/TestCase.php:121
/var/www/html/vendor/orchestra/testbench-core/src/Concerns/ApplicationTestingHooks.php:74
/var/www/html/vendor/orchestra/testbench-core/src/Concerns/Testing.php:43
/var/www/html/vendor/laravel/framework/src/Illuminate/Collections/helpers.php:236
/var/www/html/vendor/orchestra/sidekick/src/functions.php:87
/var/www/html/vendor/laravel/framework/src/Illuminate/Collections/helpers.php:236
/var/www/html/vendor/orchestra/testbench-core/src/Concerns/Testing.php:57
/var/www/html/vendor/orchestra/testbench-core/src/TestCase.php:50
/var/www/html/tests/TestCase.php:61
/var/www/html/tests/Unit/Traits/FormatsResponsesTest.php:36</error>
        </testcase>
        <testcase name="it_detects_mime_type_for_xml" file="/var/www/html/tests/Unit/Traits/FormatsResponsesTest.php" line="244" class="JTD\LaravelMCP\Tests\Unit\Traits\FormatsResponsesTest" classname="JTD.LaravelMCP.Tests.Unit.Traits.FormatsResponsesTest" assertions="0" time="0.000000">
          <error type="Exception">JTD\LaravelMCP\Tests\Unit\Traits\FormatsResponsesTest::it_detects_mime_type_for_xml
Exception: The /var/www/html/vendor/orchestra/testbench-core/laravel/bootstrap/cache directory must be present and writable.

/var/www/html/vendor/laravel/framework/src/Illuminate/Foundation/PackageManifest.php:179
/var/www/html/vendor/orchestra/testbench-core/src/Foundation/PackageManifest.php:157
/var/www/html/vendor/laravel/framework/src/Illuminate/Foundation/PackageManifest.php:132
/var/www/html/vendor/laravel/framework/src/Illuminate/Foundation/PackageManifest.php:108
/var/www/html/vendor/orchestra/testbench-core/src/Foundation/PackageManifest.php:102
/var/www/html/vendor/laravel/framework/src/Illuminate/Foundation/PackageManifest.php:91
/var/www/html/vendor/laravel/framework/src/Illuminate/Foundation/PackageManifest.php:80
/var/www/html/vendor/laravel/framework/src/Illuminate/Foundation/Bootstrap/RegisterFacades.php:26
/var/www/html/vendor/orchestra/testbench-core/src/Concerns/CreatesApplication.php:556
/var/www/html/vendor/orchestra/testbench-core/src/Concerns/CreatesApplication.php:311
/var/www/html/vendor/orchestra/testbench-core/src/TestCase.php:121
/var/www/html/vendor/orchestra/testbench-core/src/Concerns/ApplicationTestingHooks.php:74
/var/www/html/vendor/orchestra/testbench-core/src/Concerns/Testing.php:43
/var/www/html/vendor/laravel/framework/src/Illuminate/Collections/helpers.php:236
/var/www/html/vendor/orchestra/sidekick/src/functions.php:87
/var/www/html/vendor/laravel/framework/src/Illuminate/Collections/helpers.php:236
/var/www/html/vendor/orchestra/testbench-core/src/Concerns/Testing.php:57
/var/www/html/vendor/orchestra/testbench-core/src/TestCase.php:50
/var/www/html/tests/TestCase.php:61
/var/www/html/tests/Unit/Traits/FormatsResponsesTest.php:36</error>
        </testcase>
        <testcase name="it_detects_mime_type_for_plain_text" file="/var/www/html/tests/Unit/Traits/FormatsResponsesTest.php" line="253" class="JTD\LaravelMCP\Tests\Unit\Traits\FormatsResponsesTest" classname="JTD.LaravelMCP.Tests.Unit.Traits.FormatsResponsesTest" assertions="0" time="0.000000">
          <error type="Exception">JTD\LaravelMCP\Tests\Unit\Traits\FormatsResponsesTest::it_detects_mime_type_for_plain_text
Exception: The /var/www/html/vendor/orchestra/testbench-core/laravel/bootstrap/cache directory must be present and writable.

/var/www/html/vendor/laravel/framework/src/Illuminate/Foundation/PackageManifest.php:179
/var/www/html/vendor/orchestra/testbench-core/src/Foundation/PackageManifest.php:157
/var/www/html/vendor/laravel/framework/src/Illuminate/Foundation/PackageManifest.php:132
/var/www/html/vendor/laravel/framework/src/Illuminate/Foundation/PackageManifest.php:108
/var/www/html/vendor/orchestra/testbench-core/src/Foundation/PackageManifest.php:102
/var/www/html/vendor/laravel/framework/src/Illuminate/Foundation/PackageManifest.php:91
/var/www/html/vendor/laravel/framework/src/Illuminate/Foundation/PackageManifest.php:80
/var/www/html/vendor/laravel/framework/src/Illuminate/Foundation/Bootstrap/RegisterFacades.php:26
/var/www/html/vendor/orchestra/testbench-core/src/Concerns/CreatesApplication.php:556
/var/www/html/vendor/orchestra/testbench-core/src/Concerns/CreatesApplication.php:311
/var/www/html/vendor/orchestra/testbench-core/src/TestCase.php:121
/var/www/html/vendor/orchestra/testbench-core/src/Concerns/ApplicationTestingHooks.php:74
/var/www/html/vendor/orchestra/testbench-core/src/Concerns/Testing.php:43
/var/www/html/vendor/laravel/framework/src/Illuminate/Collections/helpers.php:236
/var/www/html/vendor/orchestra/sidekick/src/functions.php:87
/var/www/html/vendor/laravel/framework/src/Illuminate/Collections/helpers.php:236
/var/www/html/vendor/orchestra/testbench-core/src/Concerns/Testing.php:57
/var/www/html/vendor/orchestra/testbench-core/src/TestCase.php:50
/var/www/html/tests/TestCase.php:61
/var/www/html/tests/Unit/Traits/FormatsResponsesTest.php:36</error>
        </testcase>
        <testcase name="it_formats_capabilities_response" file="/var/www/html/tests/Unit/Traits/FormatsResponsesTest.php" line="262" class="JTD\LaravelMCP\Tests\Unit\Traits\FormatsResponsesTest" classname="JTD.LaravelMCP.Tests.Unit.Traits.FormatsResponsesTest" assertions="0" time="0.000000">
          <error type="Exception">JTD\LaravelMCP\Tests\Unit\Traits\FormatsResponsesTest::it_formats_capabilities_response
Exception: The /var/www/html/vendor/orchestra/testbench-core/laravel/bootstrap/cache directory must be present and writable.

/var/www/html/vendor/laravel/framework/src/Illuminate/Foundation/PackageManifest.php:179
/var/www/html/vendor/orchestra/testbench-core/src/Foundation/PackageManifest.php:157
/var/www/html/vendor/laravel/framework/src/Illuminate/Foundation/PackageManifest.php:132
/var/www/html/vendor/laravel/framework/src/Illuminate/Foundation/PackageManifest.php:108
/var/www/html/vendor/orchestra/testbench-core/src/Foundation/PackageManifest.php:102
/var/www/html/vendor/laravel/framework/src/Illuminate/Foundation/PackageManifest.php:91
/var/www/html/vendor/laravel/framework/src/Illuminate/Foundation/PackageManifest.php:80
/var/www/html/vendor/laravel/framework/src/Illuminate/Foundation/Bootstrap/RegisterFacades.php:26
/var/www/html/vendor/orchestra/testbench-core/src/Concerns/CreatesApplication.php:556
/var/www/html/vendor/orchestra/testbench-core/src/Concerns/CreatesApplication.php:311
/var/www/html/vendor/orchestra/testbench-core/src/TestCase.php:121
/var/www/html/vendor/orchestra/testbench-core/src/Concerns/ApplicationTestingHooks.php:74
/var/www/html/vendor/orchestra/testbench-core/src/Concerns/Testing.php:43
/var/www/html/vendor/laravel/framework/src/Illuminate/Collections/helpers.php:236
/var/www/html/vendor/orchestra/sidekick/src/functions.php:87
/var/www/html/vendor/laravel/framework/src/Illuminate/Collections/helpers.php:236
/var/www/html/vendor/orchestra/testbench-core/src/Concerns/Testing.php:57
/var/www/html/vendor/orchestra/testbench-core/src/TestCase.php:50
/var/www/html/tests/TestCase.php:61
/var/www/html/tests/Unit/Traits/FormatsResponsesTest.php:36</error>
        </testcase>
        <testcase name="it_formats_validation_errors" file="/var/www/html/tests/Unit/Traits/FormatsResponsesTest.php" line="273" class="JTD\LaravelMCP\Tests\Unit\Traits\FormatsResponsesTest" classname="JTD.LaravelMCP.Tests.Unit.Traits.FormatsResponsesTest" assertions="0" time="0.000000">
          <error type="Exception">JTD\LaravelMCP\Tests\Unit\Traits\FormatsResponsesTest::it_formats_validation_errors
Exception: The /var/www/html/vendor/orchestra/testbench-core/laravel/bootstrap/cache directory must be present and writable.

/var/www/html/vendor/laravel/framework/src/Illuminate/Foundation/PackageManifest.php:179
/var/www/html/vendor/orchestra/testbench-core/src/Foundation/PackageManifest.php:157
/var/www/html/vendor/laravel/framework/src/Illuminate/Foundation/PackageManifest.php:132
/var/www/html/vendor/laravel/framework/src/Illuminate/Foundation/PackageManifest.php:108
/var/www/html/vendor/orchestra/testbench-core/src/Foundation/PackageManifest.php:102
/var/www/html/vendor/laravel/framework/src/Illuminate/Foundation/PackageManifest.php:91
/var/www/html/vendor/laravel/framework/src/Illuminate/Foundation/PackageManifest.php:80
/var/www/html/vendor/laravel/framework/src/Illuminate/Foundation/Bootstrap/RegisterFacades.php:26
/var/www/html/vendor/orchestra/testbench-core/src/Concerns/CreatesApplication.php:556
/var/www/html/vendor/orchestra/testbench-core/src/Concerns/CreatesApplication.php:311
/var/www/html/vendor/orchestra/testbench-core/src/TestCase.php:121
/var/www/html/vendor/orchestra/testbench-core/src/Concerns/ApplicationTestingHooks.php:74
/var/www/html/vendor/orchestra/testbench-core/src/Concerns/Testing.php:43
/var/www/html/vendor/laravel/framework/src/Illuminate/Collections/helpers.php:236
/var/www/html/vendor/orchestra/sidekick/src/functions.php:87
/var/www/html/vendor/laravel/framework/src/Illuminate/Collections/helpers.php:236
/var/www/html/vendor/orchestra/testbench-core/src/Concerns/Testing.php:57
/var/www/html/vendor/orchestra/testbench-core/src/TestCase.php:50
/var/www/html/tests/TestCase.php:61
/var/www/html/tests/Unit/Traits/FormatsResponsesTest.php:36</error>
        </testcase>
        <testcase name="it_strips_sensitive_data" file="/var/www/html/tests/Unit/Traits/FormatsResponsesTest.php" line="288" class="JTD\LaravelMCP\Tests\Unit\Traits\FormatsResponsesTest" classname="JTD.LaravelMCP.Tests.Unit.Traits.FormatsResponsesTest" assertions="0" time="0.000000">
          <error type="Exception">JTD\LaravelMCP\Tests\Unit\Traits\FormatsResponsesTest::it_strips_sensitive_data
Exception: The /var/www/html/vendor/orchestra/testbench-core/laravel/bootstrap/cache directory must be present and writable.

/var/www/html/vendor/laravel/framework/src/Illuminate/Foundation/PackageManifest.php:179
/var/www/html/vendor/orchestra/testbench-core/src/Foundation/PackageManifest.php:157
/var/www/html/vendor/laravel/framework/src/Illuminate/Foundation/PackageManifest.php:132
/var/www/html/vendor/laravel/framework/src/Illuminate/Foundation/PackageManifest.php:108
/var/www/html/vendor/orchestra/testbench-core/src/Foundation/PackageManifest.php:102
/var/www/html/vendor/laravel/framework/src/Illuminate/Foundation/PackageManifest.php:91
/var/www/html/vendor/laravel/framework/src/Illuminate/Foundation/PackageManifest.php:80
/var/www/html/vendor/laravel/framework/src/Illuminate/Foundation/Bootstrap/RegisterFacades.php:26
/var/www/html/vendor/orchestra/testbench-core/src/Concerns/CreatesApplication.php:556
/var/www/html/vendor/orchestra/testbench-core/src/Concerns/CreatesApplication.php:311
/var/www/html/vendor/orchestra/testbench-core/src/TestCase.php:121
/var/www/html/vendor/orchestra/testbench-core/src/Concerns/ApplicationTestingHooks.php:74
/var/www/html/vendor/orchestra/testbench-core/src/Concerns/Testing.php:43
/var/www/html/vendor/laravel/framework/src/Illuminate/Collections/helpers.php:236
/var/www/html/vendor/orchestra/sidekick/src/functions.php:87
/var/www/html/vendor/laravel/framework/src/Illuminate/Collections/helpers.php:236
/var/www/html/vendor/orchestra/testbench-core/src/Concerns/Testing.php:57
/var/www/html/vendor/orchestra/testbench-core/src/TestCase.php:50
/var/www/html/tests/TestCase.php:61
/var/www/html/tests/Unit/Traits/FormatsResponsesTest.php:36</error>
        </testcase>
        <testcase name="it_adds_cors_headers_when_enabled" file="/var/www/html/tests/Unit/Traits/FormatsResponsesTest.php" line="310" class="JTD\LaravelMCP\Tests\Unit\Traits\FormatsResponsesTest" classname="JTD.LaravelMCP.Tests.Unit.Traits.FormatsResponsesTest" assertions="0" time="0.000000">
          <error type="Exception">JTD\LaravelMCP\Tests\Unit\Traits\FormatsResponsesTest::it_adds_cors_headers_when_enabled
Exception: The /var/www/html/vendor/orchestra/testbench-core/laravel/bootstrap/cache directory must be present and writable.

/var/www/html/vendor/laravel/framework/src/Illuminate/Foundation/PackageManifest.php:179
/var/www/html/vendor/orchestra/testbench-core/src/Foundation/PackageManifest.php:157
/var/www/html/vendor/laravel/framework/src/Illuminate/Foundation/PackageManifest.php:132
/var/www/html/vendor/laravel/framework/src/Illuminate/Foundation/PackageManifest.php:108
/var/www/html/vendor/orchestra/testbench-core/src/Foundation/PackageManifest.php:102
/var/www/html/vendor/laravel/framework/src/Illuminate/Foundation/PackageManifest.php:91
/var/www/html/vendor/laravel/framework/src/Illuminate/Foundation/PackageManifest.php:80
/var/www/html/vendor/laravel/framework/src/Illuminate/Foundation/Bootstrap/RegisterFacades.php:26
/var/www/html/vendor/orchestra/testbench-core/src/Concerns/CreatesApplication.php:556
/var/www/html/vendor/orchestra/testbench-core/src/Concerns/CreatesApplication.php:311
/var/www/html/vendor/orchestra/testbench-core/src/TestCase.php:121
/var/www/html/vendor/orchestra/testbench-core/src/Concerns/ApplicationTestingHooks.php:74
/var/www/html/vendor/orchestra/testbench-core/src/Concerns/Testing.php:43
/var/www/html/vendor/laravel/framework/src/Illuminate/Collections/helpers.php:236
/var/www/html/vendor/orchestra/sidekick/src/functions.php:87
/var/www/html/vendor/laravel/framework/src/Illuminate/Collections/helpers.php:236
/var/www/html/vendor/orchestra/testbench-core/src/Concerns/Testing.php:57
/var/www/html/vendor/orchestra/testbench-core/src/TestCase.php:50
/var/www/html/tests/TestCase.php:61
/var/www/html/tests/Unit/Traits/FormatsResponsesTest.php:36</error>
        </testcase>
        <testcase name="it_does_not_add_cors_headers_when_disabled" file="/var/www/html/tests/Unit/Traits/FormatsResponsesTest.php" line="325" class="JTD\LaravelMCP\Tests\Unit\Traits\FormatsResponsesTest" classname="JTD.LaravelMCP.Tests.Unit.Traits.FormatsResponsesTest" assertions="0" time="0.000000">
          <error type="Exception">JTD\LaravelMCP\Tests\Unit\Traits\FormatsResponsesTest::it_does_not_add_cors_headers_when_disabled
Exception: The /var/www/html/vendor/orchestra/testbench-core/laravel/bootstrap/cache directory must be present and writable.

/var/www/html/vendor/laravel/framework/src/Illuminate/Foundation/PackageManifest.php:179
/var/www/html/vendor/orchestra/testbench-core/src/Foundation/PackageManifest.php:157
/var/www/html/vendor/laravel/framework/src/Illuminate/Foundation/PackageManifest.php:132
/var/www/html/vendor/laravel/framework/src/Illuminate/Foundation/PackageManifest.php:108
/var/www/html/vendor/orchestra/testbench-core/src/Foundation/PackageManifest.php:102
/var/www/html/vendor/laravel/framework/src/Illuminate/Foundation/PackageManifest.php:91
/var/www/html/vendor/laravel/framework/src/Illuminate/Foundation/PackageManifest.php:80
/var/www/html/vendor/laravel/framework/src/Illuminate/Foundation/Bootstrap/RegisterFacades.php:26
/var/www/html/vendor/orchestra/testbench-core/src/Concerns/CreatesApplication.php:556
/var/www/html/vendor/orchestra/testbench-core/src/Concerns/CreatesApplication.php:311
/var/www/html/vendor/orchestra/testbench-core/src/TestCase.php:121
/var/www/html/vendor/orchestra/testbench-core/src/Concerns/ApplicationTestingHooks.php:74
/var/www/html/vendor/orchestra/testbench-core/src/Concerns/Testing.php:43
/var/www/html/vendor/laravel/framework/src/Illuminate/Collections/helpers.php:236
/var/www/html/vendor/orchestra/sidekick/src/functions.php:87
/var/www/html/vendor/laravel/framework/src/Illuminate/Collections/helpers.php:236
/var/www/html/vendor/orchestra/testbench-core/src/Concerns/Testing.php:57
/var/www/html/vendor/orchestra/testbench-core/src/TestCase.php:50
/var/www/html/tests/TestCase.php:61
/var/www/html/tests/Unit/Traits/FormatsResponsesTest.php:36</error>
        </testcase>
        <testcase name="it_includes_timestamp_when_configured" file="/var/www/html/tests/Unit/Traits/FormatsResponsesTest.php" line="336" class="JTD\LaravelMCP\Tests\Unit\Traits\FormatsResponsesTest" classname="JTD.LaravelMCP.Tests.Unit.Traits.FormatsResponsesTest" assertions="0" time="0.000000">
          <error type="Exception">JTD\LaravelMCP\Tests\Unit\Traits\FormatsResponsesTest::it_includes_timestamp_when_configured
Exception: The /var/www/html/vendor/orchestra/testbench-core/laravel/bootstrap/cache directory must be present and writable.

/var/www/html/vendor/laravel/framework/src/Illuminate/Foundation/PackageManifest.php:179
/var/www/html/vendor/orchestra/testbench-core/src/Foundation/PackageManifest.php:157
/var/www/html/vendor/laravel/framework/src/Illuminate/Foundation/PackageManifest.php:132
/var/www/html/vendor/laravel/framework/src/Illuminate/Foundation/PackageManifest.php:108
/var/www/html/vendor/orchestra/testbench-core/src/Foundation/PackageManifest.php:102
/var/www/html/vendor/laravel/framework/src/Illuminate/Foundation/PackageManifest.php:91
/var/www/html/vendor/laravel/framework/src/Illuminate/Foundation/PackageManifest.php:80
/var/www/html/vendor/laravel/framework/src/Illuminate/Foundation/Bootstrap/RegisterFacades.php:26
/var/www/html/vendor/orchestra/testbench-core/src/Concerns/CreatesApplication.php:556
/var/www/html/vendor/orchestra/testbench-core/src/Concerns/CreatesApplication.php:311
/var/www/html/vendor/orchestra/testbench-core/src/TestCase.php:121
/var/www/html/vendor/orchestra/testbench-core/src/Concerns/ApplicationTestingHooks.php:74
/var/www/html/vendor/orchestra/testbench-core/src/Concerns/Testing.php:43
/var/www/html/vendor/laravel/framework/src/Illuminate/Collections/helpers.php:236
/var/www/html/vendor/orchestra/sidekick/src/functions.php:87
/var/www/html/vendor/laravel/framework/src/Illuminate/Collections/helpers.php:236
/var/www/html/vendor/orchestra/testbench-core/src/Concerns/Testing.php:57
/var/www/html/vendor/orchestra/testbench-core/src/TestCase.php:50
/var/www/html/tests/TestCase.php:61
/var/www/html/tests/Unit/Traits/FormatsResponsesTest.php:36</error>
        </testcase>
        <testcase name="it_excludes_timestamp_when_configured" file="/var/www/html/tests/Unit/Traits/FormatsResponsesTest.php" line="346" class="JTD\LaravelMCP\Tests\Unit\Traits\FormatsResponsesTest" classname="JTD.LaravelMCP.Tests.Unit.Traits.FormatsResponsesTest" assertions="0" time="0.000000">
          <error type="Exception">JTD\LaravelMCP\Tests\Unit\Traits\FormatsResponsesTest::it_excludes_timestamp_when_configured
Exception: The /var/www/html/vendor/orchestra/testbench-core/laravel/bootstrap/cache directory must be present and writable.

/var/www/html/vendor/laravel/framework/src/Illuminate/Foundation/PackageManifest.php:179
/var/www/html/vendor/orchestra/testbench-core/src/Foundation/PackageManifest.php:157
/var/www/html/vendor/laravel/framework/src/Illuminate/Foundation/PackageManifest.php:132
/var/www/html/vendor/laravel/framework/src/Illuminate/Foundation/PackageManifest.php:108
/var/www/html/vendor/orchestra/testbench-core/src/Foundation/PackageManifest.php:102
/var/www/html/vendor/laravel/framework/src/Illuminate/Foundation/PackageManifest.php:91
/var/www/html/vendor/laravel/framework/src/Illuminate/Foundation/PackageManifest.php:80
/var/www/html/vendor/laravel/framework/src/Illuminate/Foundation/Bootstrap/RegisterFacades.php:26
/var/www/html/vendor/orchestra/testbench-core/src/Concerns/CreatesApplication.php:556
/var/www/html/vendor/orchestra/testbench-core/src/Concerns/CreatesApplication.php:311
/var/www/html/vendor/orchestra/testbench-core/src/TestCase.php:121
/var/www/html/vendor/orchestra/testbench-core/src/Concerns/ApplicationTestingHooks.php:74
/var/www/html/vendor/orchestra/testbench-core/src/Concerns/Testing.php:43
/var/www/html/vendor/laravel/framework/src/Illuminate/Collections/helpers.php:236
/var/www/html/vendor/orchestra/sidekick/src/functions.php:87
/var/www/html/vendor/laravel/framework/src/Illuminate/Collections/helpers.php:236
/var/www/html/vendor/orchestra/testbench-core/src/Concerns/Testing.php:57
/var/www/html/vendor/orchestra/testbench-core/src/TestCase.php:50
/var/www/html/tests/TestCase.php:61
/var/www/html/tests/Unit/Traits/FormatsResponsesTest.php:36</error>
        </testcase>
        <testcase name="it_includes_debug_info_when_enabled" file="/var/www/html/tests/Unit/Traits/FormatsResponsesTest.php" line="356" class="JTD\LaravelMCP\Tests\Unit\Traits\FormatsResponsesTest" classname="JTD.LaravelMCP.Tests.Unit.Traits.FormatsResponsesTest" assertions="0" time="0.000000">
          <error type="Exception">JTD\LaravelMCP\Tests\Unit\Traits\FormatsResponsesTest::it_includes_debug_info_when_enabled
Exception: The /var/www/html/vendor/orchestra/testbench-core/laravel/bootstrap/cache directory must be present and writable.

/var/www/html/vendor/laravel/framework/src/Illuminate/Foundation/PackageManifest.php:179
/var/www/html/vendor/orchestra/testbench-core/src/Foundation/PackageManifest.php:157
/var/www/html/vendor/laravel/framework/src/Illuminate/Foundation/PackageManifest.php:132
/var/www/html/vendor/laravel/framework/src/Illuminate/Foundation/PackageManifest.php:108
/var/www/html/vendor/orchestra/testbench-core/src/Foundation/PackageManifest.php:102
/var/www/html/vendor/laravel/framework/src/Illuminate/Foundation/PackageManifest.php:91
/var/www/html/vendor/laravel/framework/src/Illuminate/Foundation/PackageManifest.php:80
/var/www/html/vendor/laravel/framework/src/Illuminate/Foundation/Bootstrap/RegisterFacades.php:26
/var/www/html/vendor/orchestra/testbench-core/src/Concerns/CreatesApplication.php:556
/var/www/html/vendor/orchestra/testbench-core/src/Concerns/CreatesApplication.php:311
/var/www/html/vendor/orchestra/testbench-core/src/TestCase.php:121
/var/www/html/vendor/orchestra/testbench-core/src/Concerns/ApplicationTestingHooks.php:74
/var/www/html/vendor/orchestra/testbench-core/src/Concerns/Testing.php:43
/var/www/html/vendor/laravel/framework/src/Illuminate/Collections/helpers.php:236
/var/www/html/vendor/orchestra/sidekick/src/functions.php:87
/var/www/html/vendor/laravel/framework/src/Illuminate/Collections/helpers.php:236
/var/www/html/vendor/orchestra/testbench-core/src/Concerns/Testing.php:57
/var/www/html/vendor/orchestra/testbench-core/src/TestCase.php:50
/var/www/html/tests/TestCase.php:61
/var/www/html/tests/Unit/Traits/FormatsResponsesTest.php:36</error>
        </testcase>
        <testcase name="it_formats_batch_response" file="/var/www/html/tests/Unit/Traits/FormatsResponsesTest.php" line="369" class="JTD\LaravelMCP\Tests\Unit\Traits\FormatsResponsesTest" classname="JTD.LaravelMCP.Tests.Unit.Traits.FormatsResponsesTest" assertions="0" time="0.000000">
          <error type="Exception">JTD\LaravelMCP\Tests\Unit\Traits\FormatsResponsesTest::it_formats_batch_response
Exception: The /var/www/html/vendor/orchestra/testbench-core/laravel/bootstrap/cache directory must be present and writable.

/var/www/html/vendor/laravel/framework/src/Illuminate/Foundation/PackageManifest.php:179
/var/www/html/vendor/orchestra/testbench-core/src/Foundation/PackageManifest.php:157
/var/www/html/vendor/laravel/framework/src/Illuminate/Foundation/PackageManifest.php:132
/var/www/html/vendor/laravel/framework/src/Illuminate/Foundation/PackageManifest.php:108
/var/www/html/vendor/orchestra/testbench-core/src/Foundation/PackageManifest.php:102
/var/www/html/vendor/laravel/framework/src/Illuminate/Foundation/PackageManifest.php:91
/var/www/html/vendor/laravel/framework/src/Illuminate/Foundation/PackageManifest.php:80
/var/www/html/vendor/laravel/framework/src/Illuminate/Foundation/Bootstrap/RegisterFacades.php:26
/var/www/html/vendor/orchestra/testbench-core/src/Concerns/CreatesApplication.php:556
/var/www/html/vendor/orchestra/testbench-core/src/Concerns/CreatesApplication.php:311
/var/www/html/vendor/orchestra/testbench-core/src/TestCase.php:121
/var/www/html/vendor/orchestra/testbench-core/src/Concerns/ApplicationTestingHooks.php:74
/var/www/html/vendor/orchestra/testbench-core/src/Concerns/Testing.php:43
/var/www/html/vendor/laravel/framework/src/Illuminate/Collections/helpers.php:236
/var/www/html/vendor/orchestra/sidekick/src/functions.php:87
/var/www/html/vendor/laravel/framework/src/Illuminate/Collections/helpers.php:236
/var/www/html/vendor/orchestra/testbench-core/src/Concerns/Testing.php:57
/var/www/html/vendor/orchestra/testbench-core/src/TestCase.php:50
/var/www/html/tests/TestCase.php:61
/var/www/html/tests/Unit/Traits/FormatsResponsesTest.php:36</error>
        </testcase>
        <testcase name="it_formats_data_with_laravel_models" file="/var/www/html/tests/Unit/Traits/FormatsResponsesTest.php" line="386" class="JTD\LaravelMCP\Tests\Unit\Traits\FormatsResponsesTest" classname="JTD.LaravelMCP.Tests.Unit.Traits.FormatsResponsesTest" assertions="0" time="0.000000">
          <error type="Exception">JTD\LaravelMCP\Tests\Unit\Traits\FormatsResponsesTest::it_formats_data_with_laravel_models
Exception: The /var/www/html/vendor/orchestra/testbench-core/laravel/bootstrap/cache directory must be present and writable.

/var/www/html/vendor/laravel/framework/src/Illuminate/Foundation/PackageManifest.php:179
/var/www/html/vendor/orchestra/testbench-core/src/Foundation/PackageManifest.php:157
/var/www/html/vendor/laravel/framework/src/Illuminate/Foundation/PackageManifest.php:132
/var/www/html/vendor/laravel/framework/src/Illuminate/Foundation/PackageManifest.php:108
/var/www/html/vendor/orchestra/testbench-core/src/Foundation/PackageManifest.php:102
/var/www/html/vendor/laravel/framework/src/Illuminate/Foundation/PackageManifest.php:91
/var/www/html/vendor/laravel/framework/src/Illuminate/Foundation/PackageManifest.php:80
/var/www/html/vendor/laravel/framework/src/Illuminate/Foundation/Bootstrap/RegisterFacades.php:26
/var/www/html/vendor/orchestra/testbench-core/src/Concerns/CreatesApplication.php:556
/var/www/html/vendor/orchestra/testbench-core/src/Concerns/CreatesApplication.php:311
/var/www/html/vendor/orchestra/testbench-core/src/TestCase.php:121
/var/www/html/vendor/orchestra/testbench-core/src/Concerns/ApplicationTestingHooks.php:74
/var/www/html/vendor/orchestra/testbench-core/src/Concerns/Testing.php:43
/var/www/html/vendor/laravel/framework/src/Illuminate/Collections/helpers.php:236
/var/www/html/vendor/orchestra/sidekick/src/functions.php:87
/var/www/html/vendor/laravel/framework/src/Illuminate/Collections/helpers.php:236
/var/www/html/vendor/orchestra/testbench-core/src/Concerns/Testing.php:57
/var/www/html/vendor/orchestra/testbench-core/src/TestCase.php:50
/var/www/html/tests/TestCase.php:61
/var/www/html/tests/Unit/Traits/FormatsResponsesTest.php:36</error>
        </testcase>
        <testcase name="it_formats_data_with_json_serializable" file="/var/www/html/tests/Unit/Traits/FormatsResponsesTest.php" line="402" class="JTD\LaravelMCP\Tests\Unit\Traits\FormatsResponsesTest" classname="JTD.LaravelMCP.Tests.Unit.Traits.FormatsResponsesTest" assertions="0" time="0.000000">
          <error type="Exception">JTD\LaravelMCP\Tests\Unit\Traits\FormatsResponsesTest::it_formats_data_with_json_serializable
Exception: The /var/www/html/vendor/orchestra/testbench-core/laravel/bootstrap/cache directory must be present and writable.

/var/www/html/vendor/laravel/framework/src/Illuminate/Foundation/PackageManifest.php:179
/var/www/html/vendor/orchestra/testbench-core/src/Foundation/PackageManifest.php:157
/var/www/html/vendor/laravel/framework/src/Illuminate/Foundation/PackageManifest.php:132
/var/www/html/vendor/laravel/framework/src/Illuminate/Foundation/PackageManifest.php:108
/var/www/html/vendor/orchestra/testbench-core/src/Foundation/PackageManifest.php:102
/var/www/html/vendor/laravel/framework/src/Illuminate/Foundation/PackageManifest.php:91
/var/www/html/vendor/laravel/framework/src/Illuminate/Foundation/PackageManifest.php:80
/var/www/html/vendor/laravel/framework/src/Illuminate/Foundation/Bootstrap/RegisterFacades.php:26
/var/www/html/vendor/orchestra/testbench-core/src/Concerns/CreatesApplication.php:556
/var/www/html/vendor/orchestra/testbench-core/src/Concerns/CreatesApplication.php:311
/var/www/html/vendor/orchestra/testbench-core/src/TestCase.php:121
/var/www/html/vendor/orchestra/testbench-core/src/Concerns/ApplicationTestingHooks.php:74
/var/www/html/vendor/orchestra/testbench-core/src/Concerns/Testing.php:43
/var/www/html/vendor/laravel/framework/src/Illuminate/Collections/helpers.php:236
/var/www/html/vendor/orchestra/sidekick/src/functions.php:87
/var/www/html/vendor/laravel/framework/src/Illuminate/Collections/helpers.php:236
/var/www/html/vendor/orchestra/testbench-core/src/Concerns/Testing.php:57
/var/www/html/vendor/orchestra/testbench-core/src/TestCase.php:50
/var/www/html/tests/TestCase.php:61
/var/www/html/tests/Unit/Traits/FormatsResponsesTest.php:36</error>
        </testcase>
        <testcase name="it_formats_resource_list_item_from_array" file="/var/www/html/tests/Unit/Traits/FormatsResponsesTest.php" line="418" class="JTD\LaravelMCP\Tests\Unit\Traits\FormatsResponsesTest" classname="JTD.LaravelMCP.Tests.Unit.Traits.FormatsResponsesTest" assertions="0" time="0.000000">
          <error type="Exception">JTD\LaravelMCP\Tests\Unit\Traits\FormatsResponsesTest::it_formats_resource_list_item_from_array
Exception: The /var/www/html/vendor/orchestra/testbench-core/laravel/bootstrap/cache directory must be present and writable.

/var/www/html/vendor/laravel/framework/src/Illuminate/Foundation/PackageManifest.php:179
/var/www/html/vendor/orchestra/testbench-core/src/Foundation/PackageManifest.php:157
/var/www/html/vendor/laravel/framework/src/Illuminate/Foundation/PackageManifest.php:132
/var/www/html/vendor/laravel/framework/src/Illuminate/Foundation/PackageManifest.php:108
/var/www/html/vendor/orchestra/testbench-core/src/Foundation/PackageManifest.php:102
/var/www/html/vendor/laravel/framework/src/Illuminate/Foundation/PackageManifest.php:91
/var/www/html/vendor/laravel/framework/src/Illuminate/Foundation/PackageManifest.php:80
/var/www/html/vendor/laravel/framework/src/Illuminate/Foundation/Bootstrap/RegisterFacades.php:26
/var/www/html/vendor/orchestra/testbench-core/src/Concerns/CreatesApplication.php:556
/var/www/html/vendor/orchestra/testbench-core/src/Concerns/CreatesApplication.php:311
/var/www/html/vendor/orchestra/testbench-core/src/TestCase.php:121
/var/www/html/vendor/orchestra/testbench-core/src/Concerns/ApplicationTestingHooks.php:74
/var/www/html/vendor/orchestra/testbench-core/src/Concerns/Testing.php:43
/var/www/html/vendor/laravel/framework/src/Illuminate/Collections/helpers.php:236
/var/www/html/vendor/orchestra/sidekick/src/functions.php:87
/var/www/html/vendor/laravel/framework/src/Illuminate/Collections/helpers.php:236
/var/www/html/vendor/orchestra/testbench-core/src/Concerns/Testing.php:57
/var/www/html/vendor/orchestra/testbench-core/src/TestCase.php:50
/var/www/html/tests/TestCase.php:61
/var/www/html/tests/Unit/Traits/FormatsResponsesTest.php:36</error>
        </testcase>
        <testcase name="it_formats_resource_list_item_from_object" file="/var/www/html/tests/Unit/Traits/FormatsResponsesTest.php" line="436" class="JTD\LaravelMCP\Tests\Unit\Traits\FormatsResponsesTest" classname="JTD.LaravelMCP.Tests.Unit.Traits.FormatsResponsesTest" assertions="0" time="0.000000">
          <error type="Exception">JTD\LaravelMCP\Tests\Unit\Traits\FormatsResponsesTest::it_formats_resource_list_item_from_object
Exception: The /var/www/html/vendor/orchestra/testbench-core/laravel/bootstrap/cache directory must be present and writable.

/var/www/html/vendor/laravel/framework/src/Illuminate/Foundation/PackageManifest.php:179
/var/www/html/vendor/orchestra/testbench-core/src/Foundation/PackageManifest.php:157
/var/www/html/vendor/laravel/framework/src/Illuminate/Foundation/PackageManifest.php:132
/var/www/html/vendor/laravel/framework/src/Illuminate/Foundation/PackageManifest.php:108
/var/www/html/vendor/orchestra/testbench-core/src/Foundation/PackageManifest.php:102
/var/www/html/vendor/laravel/framework/src/Illuminate/Foundation/PackageManifest.php:91
/var/www/html/vendor/laravel/framework/src/Illuminate/Foundation/PackageManifest.php:80
/var/www/html/vendor/laravel/framework/src/Illuminate/Foundation/Bootstrap/RegisterFacades.php:26
/var/www/html/vendor/orchestra/testbench-core/src/Concerns/CreatesApplication.php:556
/var/www/html/vendor/orchestra/testbench-core/src/Concerns/CreatesApplication.php:311
/var/www/html/vendor/orchestra/testbench-core/src/TestCase.php:121
/var/www/html/vendor/orchestra/testbench-core/src/Concerns/ApplicationTestingHooks.php:74
/var/www/html/vendor/orchestra/testbench-core/src/Concerns/Testing.php:43
/var/www/html/vendor/laravel/framework/src/Illuminate/Collections/helpers.php:236
/var/www/html/vendor/orchestra/sidekick/src/functions.php:87
/var/www/html/vendor/laravel/framework/src/Illuminate/Collections/helpers.php:236
/var/www/html/vendor/orchestra/testbench-core/src/Concerns/Testing.php:57
/var/www/html/vendor/orchestra/testbench-core/src/TestCase.php:50
/var/www/html/tests/TestCase.php:61
/var/www/html/tests/Unit/Traits/FormatsResponsesTest.php:36</error>
        </testcase>
      </testsuite>
      <testsuite name="JTD\LaravelMCP\Tests\Unit\Traits\HandlesMcpRequestsTest" file="/var/www/html/tests/Unit/Traits/HandlesMcpRequestsTest.php" tests="24" assertions="0" errors="24" failures="0" skipped="0" time="0.000000">
        <testcase name="test_process_request_success" file="/var/www/html/tests/Unit/Traits/HandlesMcpRequestsTest.php" line="53" class="JTD\LaravelMCP\Tests\Unit\Traits\HandlesMcpRequestsTest" classname="JTD.LaravelMCP.Tests.Unit.Traits.HandlesMcpRequestsTest" assertions="0" time="0.000000">
          <error type="Exception">JTD\LaravelMCP\Tests\Unit\Traits\HandlesMcpRequestsTest::test_process_request_success
Exception: The /var/www/html/vendor/orchestra/testbench-core/laravel/bootstrap/cache directory must be present and writable.

/var/www/html/vendor/laravel/framework/src/Illuminate/Foundation/PackageManifest.php:179
/var/www/html/vendor/orchestra/testbench-core/src/Foundation/PackageManifest.php:157
/var/www/html/vendor/laravel/framework/src/Illuminate/Foundation/PackageManifest.php:132
/var/www/html/vendor/laravel/framework/src/Illuminate/Foundation/PackageManifest.php:108
/var/www/html/vendor/orchestra/testbench-core/src/Foundation/PackageManifest.php:102
/var/www/html/vendor/laravel/framework/src/Illuminate/Foundation/PackageManifest.php:91
/var/www/html/vendor/laravel/framework/src/Illuminate/Foundation/PackageManifest.php:80
/var/www/html/vendor/laravel/framework/src/Illuminate/Foundation/Bootstrap/RegisterFacades.php:26
/var/www/html/vendor/orchestra/testbench-core/src/Concerns/CreatesApplication.php:556
/var/www/html/vendor/orchestra/testbench-core/src/Concerns/CreatesApplication.php:311
/var/www/html/vendor/orchestra/testbench-core/src/TestCase.php:121
/var/www/html/vendor/orchestra/testbench-core/src/Concerns/ApplicationTestingHooks.php:74
/var/www/html/vendor/orchestra/testbench-core/src/Concerns/Testing.php:43
/var/www/html/vendor/laravel/framework/src/Illuminate/Collections/helpers.php:236
/var/www/html/vendor/orchestra/sidekick/src/functions.php:87
/var/www/html/vendor/laravel/framework/src/Illuminate/Collections/helpers.php:236
/var/www/html/vendor/orchestra/testbench-core/src/Concerns/Testing.php:57
/var/www/html/vendor/orchestra/testbench-core/src/TestCase.php:50
/var/www/html/tests/TestCase.php:61
/var/www/html/tests/Unit/Traits/HandlesMcpRequestsTest.php:25</error>
        </testcase>
        <testcase name="test_process_request_with_mcp_exception" file="/var/www/html/tests/Unit/Traits/HandlesMcpRequestsTest.php" line="72" class="JTD\LaravelMCP\Tests\Unit\Traits\HandlesMcpRequestsTest" classname="JTD.LaravelMCP.Tests.Unit.Traits.HandlesMcpRequestsTest" assertions="0" time="0.000000">
          <error type="Exception">JTD\LaravelMCP\Tests\Unit\Traits\HandlesMcpRequestsTest::test_process_request_with_mcp_exception
Exception: The /var/www/html/vendor/orchestra/testbench-core/laravel/bootstrap/cache directory must be present and writable.

/var/www/html/vendor/laravel/framework/src/Illuminate/Foundation/PackageManifest.php:179
/var/www/html/vendor/orchestra/testbench-core/src/Foundation/PackageManifest.php:157
/var/www/html/vendor/laravel/framework/src/Illuminate/Foundation/PackageManifest.php:132
/var/www/html/vendor/laravel/framework/src/Illuminate/Foundation/PackageManifest.php:108
/var/www/html/vendor/orchestra/testbench-core/src/Foundation/PackageManifest.php:102
/var/www/html/vendor/laravel/framework/src/Illuminate/Foundation/PackageManifest.php:91
/var/www/html/vendor/laravel/framework/src/Illuminate/Foundation/PackageManifest.php:80
/var/www/html/vendor/laravel/framework/src/Illuminate/Foundation/Bootstrap/RegisterFacades.php:26
/var/www/html/vendor/orchestra/testbench-core/src/Concerns/CreatesApplication.php:556
/var/www/html/vendor/orchestra/testbench-core/src/Concerns/CreatesApplication.php:311
/var/www/html/vendor/orchestra/testbench-core/src/TestCase.php:121
/var/www/html/vendor/orchestra/testbench-core/src/Concerns/ApplicationTestingHooks.php:74
/var/www/html/vendor/orchestra/testbench-core/src/Concerns/Testing.php:43
/var/www/html/vendor/laravel/framework/src/Illuminate/Collections/helpers.php:236
/var/www/html/vendor/orchestra/sidekick/src/functions.php:87
/var/www/html/vendor/laravel/framework/src/Illuminate/Collections/helpers.php:236
/var/www/html/vendor/orchestra/testbench-core/src/Concerns/Testing.php:57
/var/www/html/vendor/orchestra/testbench-core/src/TestCase.php:50
/var/www/html/tests/TestCase.php:61
/var/www/html/tests/Unit/Traits/HandlesMcpRequestsTest.php:25</error>
        </testcase>
        <testcase name="test_process_request_with_generic_exception" file="/var/www/html/tests/Unit/Traits/HandlesMcpRequestsTest.php" line="90" class="JTD\LaravelMCP\Tests\Unit\Traits\HandlesMcpRequestsTest" classname="JTD.LaravelMCP.Tests.Unit.Traits.HandlesMcpRequestsTest" assertions="0" time="0.000000">
          <error type="Exception">JTD\LaravelMCP\Tests\Unit\Traits\HandlesMcpRequestsTest::test_process_request_with_generic_exception
Exception: The /var/www/html/vendor/orchestra/testbench-core/laravel/bootstrap/cache directory must be present and writable.

/var/www/html/vendor/laravel/framework/src/Illuminate/Foundation/PackageManifest.php:179
/var/www/html/vendor/orchestra/testbench-core/src/Foundation/PackageManifest.php:157
/var/www/html/vendor/laravel/framework/src/Illuminate/Foundation/PackageManifest.php:132
/var/www/html/vendor/laravel/framework/src/Illuminate/Foundation/PackageManifest.php:108
/var/www/html/vendor/orchestra/testbench-core/src/Foundation/PackageManifest.php:102
/var/www/html/vendor/laravel/framework/src/Illuminate/Foundation/PackageManifest.php:91
/var/www/html/vendor/laravel/framework/src/Illuminate/Foundation/PackageManifest.php:80
/var/www/html/vendor/laravel/framework/src/Illuminate/Foundation/Bootstrap/RegisterFacades.php:26
/var/www/html/vendor/orchestra/testbench-core/src/Concerns/CreatesApplication.php:556
/var/www/html/vendor/orchestra/testbench-core/src/Concerns/CreatesApplication.php:311
/var/www/html/vendor/orchestra/testbench-core/src/TestCase.php:121
/var/www/html/vendor/orchestra/testbench-core/src/Concerns/ApplicationTestingHooks.php:74
/var/www/html/vendor/orchestra/testbench-core/src/Concerns/Testing.php:43
/var/www/html/vendor/laravel/framework/src/Illuminate/Collections/helpers.php:236
/var/www/html/vendor/orchestra/sidekick/src/functions.php:87
/var/www/html/vendor/laravel/framework/src/Illuminate/Collections/helpers.php:236
/var/www/html/vendor/orchestra/testbench-core/src/Concerns/Testing.php:57
/var/www/html/vendor/orchestra/testbench-core/src/TestCase.php:50
/var/www/html/tests/TestCase.php:61
/var/www/html/tests/Unit/Traits/HandlesMcpRequestsTest.php:25</error>
        </testcase>
        <testcase name="test_create_success_response" file="/var/www/html/tests/Unit/Traits/HandlesMcpRequestsTest.php" line="108" class="JTD\LaravelMCP\Tests\Unit\Traits\HandlesMcpRequestsTest" classname="JTD.LaravelMCP.Tests.Unit.Traits.HandlesMcpRequestsTest" assertions="0" time="0.000000">
          <error type="Exception">JTD\LaravelMCP\Tests\Unit\Traits\HandlesMcpRequestsTest::test_create_success_response
Exception: The /var/www/html/vendor/orchestra/testbench-core/laravel/bootstrap/cache directory must be present and writable.

/var/www/html/vendor/laravel/framework/src/Illuminate/Foundation/PackageManifest.php:179
/var/www/html/vendor/orchestra/testbench-core/src/Foundation/PackageManifest.php:157
/var/www/html/vendor/laravel/framework/src/Illuminate/Foundation/PackageManifest.php:132
/var/www/html/vendor/laravel/framework/src/Illuminate/Foundation/PackageManifest.php:108
/var/www/html/vendor/orchestra/testbench-core/src/Foundation/PackageManifest.php:102
/var/www/html/vendor/laravel/framework/src/Illuminate/Foundation/PackageManifest.php:91
/var/www/html/vendor/laravel/framework/src/Illuminate/Foundation/PackageManifest.php:80
/var/www/html/vendor/laravel/framework/src/Illuminate/Foundation/Bootstrap/RegisterFacades.php:26
/var/www/html/vendor/orchestra/testbench-core/src/Concerns/CreatesApplication.php:556
/var/www/html/vendor/orchestra/testbench-core/src/Concerns/CreatesApplication.php:311
/var/www/html/vendor/orchestra/testbench-core/src/TestCase.php:121
/var/www/html/vendor/orchestra/testbench-core/src/Concerns/ApplicationTestingHooks.php:74
/var/www/html/vendor/orchestra/testbench-core/src/Concerns/Testing.php:43
/var/www/html/vendor/laravel/framework/src/Illuminate/Collections/helpers.php:236
/var/www/html/vendor/orchestra/sidekick/src/functions.php:87
/var/www/html/vendor/laravel/framework/src/Illuminate/Collections/helpers.php:236
/var/www/html/vendor/orchestra/testbench-core/src/Concerns/Testing.php:57
/var/www/html/vendor/orchestra/testbench-core/src/TestCase.php:50
/var/www/html/tests/TestCase.php:61
/var/www/html/tests/Unit/Traits/HandlesMcpRequestsTest.php:25</error>
        </testcase>
        <testcase name="test_create_error_response_without_data" file="/var/www/html/tests/Unit/Traits/HandlesMcpRequestsTest.php" line="122" class="JTD\LaravelMCP\Tests\Unit\Traits\HandlesMcpRequestsTest" classname="JTD.LaravelMCP.Tests.Unit.Traits.HandlesMcpRequestsTest" assertions="0" time="0.000000">
          <error type="Exception">JTD\LaravelMCP\Tests\Unit\Traits\HandlesMcpRequestsTest::test_create_error_response_without_data
Exception: The /var/www/html/vendor/orchestra/testbench-core/laravel/bootstrap/cache directory must be present and writable.

/var/www/html/vendor/laravel/framework/src/Illuminate/Foundation/PackageManifest.php:179
/var/www/html/vendor/orchestra/testbench-core/src/Foundation/PackageManifest.php:157
/var/www/html/vendor/laravel/framework/src/Illuminate/Foundation/PackageManifest.php:132
/var/www/html/vendor/laravel/framework/src/Illuminate/Foundation/PackageManifest.php:108
/var/www/html/vendor/orchestra/testbench-core/src/Foundation/PackageManifest.php:102
/var/www/html/vendor/laravel/framework/src/Illuminate/Foundation/PackageManifest.php:91
/var/www/html/vendor/laravel/framework/src/Illuminate/Foundation/PackageManifest.php:80
/var/www/html/vendor/laravel/framework/src/Illuminate/Foundation/Bootstrap/RegisterFacades.php:26
/var/www/html/vendor/orchestra/testbench-core/src/Concerns/CreatesApplication.php:556
/var/www/html/vendor/orchestra/testbench-core/src/Concerns/CreatesApplication.php:311
/var/www/html/vendor/orchestra/testbench-core/src/TestCase.php:121
/var/www/html/vendor/orchestra/testbench-core/src/Concerns/ApplicationTestingHooks.php:74
/var/www/html/vendor/orchestra/testbench-core/src/Concerns/Testing.php:43
/var/www/html/vendor/laravel/framework/src/Illuminate/Collections/helpers.php:236
/var/www/html/vendor/orchestra/sidekick/src/functions.php:87
/var/www/html/vendor/laravel/framework/src/Illuminate/Collections/helpers.php:236
/var/www/html/vendor/orchestra/testbench-core/src/Concerns/Testing.php:57
/var/www/html/vendor/orchestra/testbench-core/src/TestCase.php:50
/var/www/html/tests/TestCase.php:61
/var/www/html/tests/Unit/Traits/HandlesMcpRequestsTest.php:25</error>
        </testcase>
        <testcase name="test_create_error_response_with_data" file="/var/www/html/tests/Unit/Traits/HandlesMcpRequestsTest.php" line="136" class="JTD\LaravelMCP\Tests\Unit\Traits\HandlesMcpRequestsTest" classname="JTD.LaravelMCP.Tests.Unit.Traits.HandlesMcpRequestsTest" assertions="0" time="0.000000">
          <error type="Exception">JTD\LaravelMCP\Tests\Unit\Traits\HandlesMcpRequestsTest::test_create_error_response_with_data
Exception: The /var/www/html/vendor/orchestra/testbench-core/laravel/bootstrap/cache directory must be present and writable.

/var/www/html/vendor/laravel/framework/src/Illuminate/Foundation/PackageManifest.php:179
/var/www/html/vendor/orchestra/testbench-core/src/Foundation/PackageManifest.php:157
/var/www/html/vendor/laravel/framework/src/Illuminate/Foundation/PackageManifest.php:132
/var/www/html/vendor/laravel/framework/src/Illuminate/Foundation/PackageManifest.php:108
/var/www/html/vendor/orchestra/testbench-core/src/Foundation/PackageManifest.php:102
/var/www/html/vendor/laravel/framework/src/Illuminate/Foundation/PackageManifest.php:91
/var/www/html/vendor/laravel/framework/src/Illuminate/Foundation/PackageManifest.php:80
/var/www/html/vendor/laravel/framework/src/Illuminate/Foundation/Bootstrap/RegisterFacades.php:26
/var/www/html/vendor/orchestra/testbench-core/src/Concerns/CreatesApplication.php:556
/var/www/html/vendor/orchestra/testbench-core/src/Concerns/CreatesApplication.php:311
/var/www/html/vendor/orchestra/testbench-core/src/TestCase.php:121
/var/www/html/vendor/orchestra/testbench-core/src/Concerns/ApplicationTestingHooks.php:74
/var/www/html/vendor/orchestra/testbench-core/src/Concerns/Testing.php:43
/var/www/html/vendor/laravel/framework/src/Illuminate/Collections/helpers.php:236
/var/www/html/vendor/orchestra/sidekick/src/functions.php:87
/var/www/html/vendor/laravel/framework/src/Illuminate/Collections/helpers.php:236
/var/www/html/vendor/orchestra/testbench-core/src/Concerns/Testing.php:57
/var/www/html/vendor/orchestra/testbench-core/src/TestCase.php:50
/var/www/html/tests/TestCase.php:61
/var/www/html/tests/Unit/Traits/HandlesMcpRequestsTest.php:25</error>
        </testcase>
        <testcase name="test_validate_required_params_all_present" file="/var/www/html/tests/Unit/Traits/HandlesMcpRequestsTest.php" line="149" class="JTD\LaravelMCP\Tests\Unit\Traits\HandlesMcpRequestsTest" classname="JTD.LaravelMCP.Tests.Unit.Traits.HandlesMcpRequestsTest" assertions="0" time="0.000000">
          <error type="Exception">JTD\LaravelMCP\Tests\Unit\Traits\HandlesMcpRequestsTest::test_validate_required_params_all_present
Exception: The /var/www/html/vendor/orchestra/testbench-core/laravel/bootstrap/cache directory must be present and writable.

/var/www/html/vendor/laravel/framework/src/Illuminate/Foundation/PackageManifest.php:179
/var/www/html/vendor/orchestra/testbench-core/src/Foundation/PackageManifest.php:157
/var/www/html/vendor/laravel/framework/src/Illuminate/Foundation/PackageManifest.php:132
/var/www/html/vendor/laravel/framework/src/Illuminate/Foundation/PackageManifest.php:108
/var/www/html/vendor/orchestra/testbench-core/src/Foundation/PackageManifest.php:102
/var/www/html/vendor/laravel/framework/src/Illuminate/Foundation/PackageManifest.php:91
/var/www/html/vendor/laravel/framework/src/Illuminate/Foundation/PackageManifest.php:80
/var/www/html/vendor/laravel/framework/src/Illuminate/Foundation/Bootstrap/RegisterFacades.php:26
/var/www/html/vendor/orchestra/testbench-core/src/Concerns/CreatesApplication.php:556
/var/www/html/vendor/orchestra/testbench-core/src/Concerns/CreatesApplication.php:311
/var/www/html/vendor/orchestra/testbench-core/src/TestCase.php:121
/var/www/html/vendor/orchestra/testbench-core/src/Concerns/ApplicationTestingHooks.php:74
/var/www/html/vendor/orchestra/testbench-core/src/Concerns/Testing.php:43
/var/www/html/vendor/laravel/framework/src/Illuminate/Collections/helpers.php:236
/var/www/html/vendor/orchestra/sidekick/src/functions.php:87
/var/www/html/vendor/laravel/framework/src/Illuminate/Collections/helpers.php:236
/var/www/html/vendor/orchestra/testbench-core/src/Concerns/Testing.php:57
/var/www/html/vendor/orchestra/testbench-core/src/TestCase.php:50
/var/www/html/tests/TestCase.php:61
/var/www/html/tests/Unit/Traits/HandlesMcpRequestsTest.php:25</error>
        </testcase>
        <testcase name="test_validate_required_params_missing" file="/var/www/html/tests/Unit/Traits/HandlesMcpRequestsTest.php" line="162" class="JTD\LaravelMCP\Tests\Unit\Traits\HandlesMcpRequestsTest" classname="JTD.LaravelMCP.Tests.Unit.Traits.HandlesMcpRequestsTest" assertions="0" time="0.000000">
          <error type="Exception">JTD\LaravelMCP\Tests\Unit\Traits\HandlesMcpRequestsTest::test_validate_required_params_missing
Exception: The /var/www/html/vendor/orchestra/testbench-core/laravel/bootstrap/cache directory must be present and writable.

/var/www/html/vendor/laravel/framework/src/Illuminate/Foundation/PackageManifest.php:179
/var/www/html/vendor/orchestra/testbench-core/src/Foundation/PackageManifest.php:157
/var/www/html/vendor/laravel/framework/src/Illuminate/Foundation/PackageManifest.php:132
/var/www/html/vendor/laravel/framework/src/Illuminate/Foundation/PackageManifest.php:108
/var/www/html/vendor/orchestra/testbench-core/src/Foundation/PackageManifest.php:102
/var/www/html/vendor/laravel/framework/src/Illuminate/Foundation/PackageManifest.php:91
/var/www/html/vendor/laravel/framework/src/Illuminate/Foundation/PackageManifest.php:80
/var/www/html/vendor/laravel/framework/src/Illuminate/Foundation/Bootstrap/RegisterFacades.php:26
/var/www/html/vendor/orchestra/testbench-core/src/Concerns/CreatesApplication.php:556
/var/www/html/vendor/orchestra/testbench-core/src/Concerns/CreatesApplication.php:311
/var/www/html/vendor/orchestra/testbench-core/src/TestCase.php:121
/var/www/html/vendor/orchestra/testbench-core/src/Concerns/ApplicationTestingHooks.php:74
/var/www/html/vendor/orchestra/testbench-core/src/Concerns/Testing.php:43
/var/www/html/vendor/laravel/framework/src/Illuminate/Collections/helpers.php:236
/var/www/html/vendor/orchestra/sidekick/src/functions.php:87
/var/www/html/vendor/laravel/framework/src/Illuminate/Collections/helpers.php:236
/var/www/html/vendor/orchestra/testbench-core/src/Concerns/Testing.php:57
/var/www/html/vendor/orchestra/testbench-core/src/TestCase.php:50
/var/www/html/tests/TestCase.php:61
/var/www/html/tests/Unit/Traits/HandlesMcpRequestsTest.php:25</error>
        </testcase>
        <testcase name="test_extract_params_with_required" file="/var/www/html/tests/Unit/Traits/HandlesMcpRequestsTest.php" line="177" class="JTD\LaravelMCP\Tests\Unit\Traits\HandlesMcpRequestsTest" classname="JTD.LaravelMCP.Tests.Unit.Traits.HandlesMcpRequestsTest" assertions="0" time="0.000000">
          <error type="Exception">JTD\LaravelMCP\Tests\Unit\Traits\HandlesMcpRequestsTest::test_extract_params_with_required
Exception: The /var/www/html/vendor/orchestra/testbench-core/laravel/bootstrap/cache directory must be present and writable.

/var/www/html/vendor/laravel/framework/src/Illuminate/Foundation/PackageManifest.php:179
/var/www/html/vendor/orchestra/testbench-core/src/Foundation/PackageManifest.php:157
/var/www/html/vendor/laravel/framework/src/Illuminate/Foundation/PackageManifest.php:132
/var/www/html/vendor/laravel/framework/src/Illuminate/Foundation/PackageManifest.php:108
/var/www/html/vendor/orchestra/testbench-core/src/Foundation/PackageManifest.php:102
/var/www/html/vendor/laravel/framework/src/Illuminate/Foundation/PackageManifest.php:91
/var/www/html/vendor/laravel/framework/src/Illuminate/Foundation/PackageManifest.php:80
/var/www/html/vendor/laravel/framework/src/Illuminate/Foundation/Bootstrap/RegisterFacades.php:26
/var/www/html/vendor/orchestra/testbench-core/src/Concerns/CreatesApplication.php:556
/var/www/html/vendor/orchestra/testbench-core/src/Concerns/CreatesApplication.php:311
/var/www/html/vendor/orchestra/testbench-core/src/TestCase.php:121
/var/www/html/vendor/orchestra/testbench-core/src/Concerns/ApplicationTestingHooks.php:74
/var/www/html/vendor/orchestra/testbench-core/src/Concerns/Testing.php:43
/var/www/html/vendor/laravel/framework/src/Illuminate/Collections/helpers.php:236
/var/www/html/vendor/orchestra/sidekick/src/functions.php:87
/var/www/html/vendor/laravel/framework/src/Illuminate/Collections/helpers.php:236
/var/www/html/vendor/orchestra/testbench-core/src/Concerns/Testing.php:57
/var/www/html/vendor/orchestra/testbench-core/src/TestCase.php:50
/var/www/html/tests/TestCase.php:61
/var/www/html/tests/Unit/Traits/HandlesMcpRequestsTest.php:25</error>
        </testcase>
        <testcase name="test_extract_params_missing_required" file="/var/www/html/tests/Unit/Traits/HandlesMcpRequestsTest.php" line="193" class="JTD\LaravelMCP\Tests\Unit\Traits\HandlesMcpRequestsTest" classname="JTD.LaravelMCP.Tests.Unit.Traits.HandlesMcpRequestsTest" assertions="0" time="0.000000">
          <error type="Exception">JTD\LaravelMCP\Tests\Unit\Traits\HandlesMcpRequestsTest::test_extract_params_missing_required
Exception: The /var/www/html/vendor/orchestra/testbench-core/laravel/bootstrap/cache directory must be present and writable.

/var/www/html/vendor/laravel/framework/src/Illuminate/Foundation/PackageManifest.php:179
/var/www/html/vendor/orchestra/testbench-core/src/Foundation/PackageManifest.php:157
/var/www/html/vendor/laravel/framework/src/Illuminate/Foundation/PackageManifest.php:132
/var/www/html/vendor/laravel/framework/src/Illuminate/Foundation/PackageManifest.php:108
/var/www/html/vendor/orchestra/testbench-core/src/Foundation/PackageManifest.php:102
/var/www/html/vendor/laravel/framework/src/Illuminate/Foundation/PackageManifest.php:91
/var/www/html/vendor/laravel/framework/src/Illuminate/Foundation/PackageManifest.php:80
/var/www/html/vendor/laravel/framework/src/Illuminate/Foundation/Bootstrap/RegisterFacades.php:26
/var/www/html/vendor/orchestra/testbench-core/src/Concerns/CreatesApplication.php:556
/var/www/html/vendor/orchestra/testbench-core/src/Concerns/CreatesApplication.php:311
/var/www/html/vendor/orchestra/testbench-core/src/TestCase.php:121
/var/www/html/vendor/orchestra/testbench-core/src/Concerns/ApplicationTestingHooks.php:74
/var/www/html/vendor/orchestra/testbench-core/src/Concerns/Testing.php:43
/var/www/html/vendor/laravel/framework/src/Illuminate/Collections/helpers.php:236
/var/www/html/vendor/orchestra/sidekick/src/functions.php:87
/var/www/html/vendor/laravel/framework/src/Illuminate/Collections/helpers.php:236
/var/www/html/vendor/orchestra/testbench-core/src/Concerns/Testing.php:57
/var/www/html/vendor/orchestra/testbench-core/src/TestCase.php:50
/var/www/html/tests/TestCase.php:61
/var/www/html/tests/Unit/Traits/HandlesMcpRequestsTest.php:25</error>
        </testcase>
        <testcase name="test_extract_params_with_defaults" file="/var/www/html/tests/Unit/Traits/HandlesMcpRequestsTest.php" line="210" class="JTD\LaravelMCP\Tests\Unit\Traits\HandlesMcpRequestsTest" classname="JTD.LaravelMCP.Tests.Unit.Traits.HandlesMcpRequestsTest" assertions="0" time="0.000000">
          <error type="Exception">JTD\LaravelMCP\Tests\Unit\Traits\HandlesMcpRequestsTest::test_extract_params_with_defaults
Exception: The /var/www/html/vendor/orchestra/testbench-core/laravel/bootstrap/cache directory must be present and writable.

/var/www/html/vendor/laravel/framework/src/Illuminate/Foundation/PackageManifest.php:179
/var/www/html/vendor/orchestra/testbench-core/src/Foundation/PackageManifest.php:157
/var/www/html/vendor/laravel/framework/src/Illuminate/Foundation/PackageManifest.php:132
/var/www/html/vendor/laravel/framework/src/Illuminate/Foundation/PackageManifest.php:108
/var/www/html/vendor/orchestra/testbench-core/src/Foundation/PackageManifest.php:102
/var/www/html/vendor/laravel/framework/src/Illuminate/Foundation/PackageManifest.php:91
/var/www/html/vendor/laravel/framework/src/Illuminate/Foundation/PackageManifest.php:80
/var/www/html/vendor/laravel/framework/src/Illuminate/Foundation/Bootstrap/RegisterFacades.php:26
/var/www/html/vendor/orchestra/testbench-core/src/Concerns/CreatesApplication.php:556
/var/www/html/vendor/orchestra/testbench-core/src/Concerns/CreatesApplication.php:311
/var/www/html/vendor/orchestra/testbench-core/src/TestCase.php:121
/var/www/html/vendor/orchestra/testbench-core/src/Concerns/ApplicationTestingHooks.php:74
/var/www/html/vendor/orchestra/testbench-core/src/Concerns/Testing.php:43
/var/www/html/vendor/laravel/framework/src/Illuminate/Collections/helpers.php:236
/var/www/html/vendor/orchestra/sidekick/src/functions.php:87
/var/www/html/vendor/laravel/framework/src/Illuminate/Collections/helpers.php:236
/var/www/html/vendor/orchestra/testbench-core/src/Concerns/Testing.php:57
/var/www/html/vendor/orchestra/testbench-core/src/TestCase.php:50
/var/www/html/tests/TestCase.php:61
/var/www/html/tests/Unit/Traits/HandlesMcpRequestsTest.php:25</error>
        </testcase>
        <testcase name="test_validate_param_with_type" file="/var/www/html/tests/Unit/Traits/HandlesMcpRequestsTest.php" line="231" class="JTD\LaravelMCP\Tests\Unit\Traits\HandlesMcpRequestsTest" classname="JTD.LaravelMCP.Tests.Unit.Traits.HandlesMcpRequestsTest" assertions="0" time="0.000000">
          <error type="Exception">JTD\LaravelMCP\Tests\Unit\Traits\HandlesMcpRequestsTest::test_validate_param_with_type
Exception: The /var/www/html/vendor/orchestra/testbench-core/laravel/bootstrap/cache directory must be present and writable.

/var/www/html/vendor/laravel/framework/src/Illuminate/Foundation/PackageManifest.php:179
/var/www/html/vendor/orchestra/testbench-core/src/Foundation/PackageManifest.php:157
/var/www/html/vendor/laravel/framework/src/Illuminate/Foundation/PackageManifest.php:132
/var/www/html/vendor/laravel/framework/src/Illuminate/Foundation/PackageManifest.php:108
/var/www/html/vendor/orchestra/testbench-core/src/Foundation/PackageManifest.php:102
/var/www/html/vendor/laravel/framework/src/Illuminate/Foundation/PackageManifest.php:91
/var/www/html/vendor/laravel/framework/src/Illuminate/Foundation/PackageManifest.php:80
/var/www/html/vendor/laravel/framework/src/Illuminate/Foundation/Bootstrap/RegisterFacades.php:26
/var/www/html/vendor/orchestra/testbench-core/src/Concerns/CreatesApplication.php:556
/var/www/html/vendor/orchestra/testbench-core/src/Concerns/CreatesApplication.php:311
/var/www/html/vendor/orchestra/testbench-core/src/TestCase.php:121
/var/www/html/vendor/orchestra/testbench-core/src/Concerns/ApplicationTestingHooks.php:74
/var/www/html/vendor/orchestra/testbench-core/src/Concerns/Testing.php:43
/var/www/html/vendor/laravel/framework/src/Illuminate/Collections/helpers.php:236
/var/www/html/vendor/orchestra/sidekick/src/functions.php:87
/var/www/html/vendor/laravel/framework/src/Illuminate/Collections/helpers.php:236
/var/www/html/vendor/orchestra/testbench-core/src/Concerns/Testing.php:57
/var/www/html/vendor/orchestra/testbench-core/src/TestCase.php:50
/var/www/html/tests/TestCase.php:61
/var/www/html/tests/Unit/Traits/HandlesMcpRequestsTest.php:25</error>
        </testcase>
        <testcase name="test_validate_param_with_custom_validator" file="/var/www/html/tests/Unit/Traits/HandlesMcpRequestsTest.php" line="242" class="JTD\LaravelMCP\Tests\Unit\Traits\HandlesMcpRequestsTest" classname="JTD.LaravelMCP.Tests.Unit.Traits.HandlesMcpRequestsTest" assertions="0" time="0.000000">
          <error type="Exception">JTD\LaravelMCP\Tests\Unit\Traits\HandlesMcpRequestsTest::test_validate_param_with_custom_validator
Exception: The /var/www/html/vendor/orchestra/testbench-core/laravel/bootstrap/cache directory must be present and writable.

/var/www/html/vendor/laravel/framework/src/Illuminate/Foundation/PackageManifest.php:179
/var/www/html/vendor/orchestra/testbench-core/src/Foundation/PackageManifest.php:157
/var/www/html/vendor/laravel/framework/src/Illuminate/Foundation/PackageManifest.php:132
/var/www/html/vendor/laravel/framework/src/Illuminate/Foundation/PackageManifest.php:108
/var/www/html/vendor/orchestra/testbench-core/src/Foundation/PackageManifest.php:102
/var/www/html/vendor/laravel/framework/src/Illuminate/Foundation/PackageManifest.php:91
/var/www/html/vendor/laravel/framework/src/Illuminate/Foundation/PackageManifest.php:80
/var/www/html/vendor/laravel/framework/src/Illuminate/Foundation/Bootstrap/RegisterFacades.php:26
/var/www/html/vendor/orchestra/testbench-core/src/Concerns/CreatesApplication.php:556
/var/www/html/vendor/orchestra/testbench-core/src/Concerns/CreatesApplication.php:311
/var/www/html/vendor/orchestra/testbench-core/src/TestCase.php:121
/var/www/html/vendor/orchestra/testbench-core/src/Concerns/ApplicationTestingHooks.php:74
/var/www/html/vendor/orchestra/testbench-core/src/Concerns/Testing.php:43
/var/www/html/vendor/laravel/framework/src/Illuminate/Collections/helpers.php:236
/var/www/html/vendor/orchestra/sidekick/src/functions.php:87
/var/www/html/vendor/laravel/framework/src/Illuminate/Collections/helpers.php:236
/var/www/html/vendor/orchestra/testbench-core/src/Concerns/Testing.php:57
/var/www/html/vendor/orchestra/testbench-core/src/TestCase.php:50
/var/www/html/tests/TestCase.php:61
/var/www/html/tests/Unit/Traits/HandlesMcpRequestsTest.php:25</error>
        </testcase>
        <testcase name="test_validate_param_type_string" file="/var/www/html/tests/Unit/Traits/HandlesMcpRequestsTest.php" line="257" class="JTD\LaravelMCP\Tests\Unit\Traits\HandlesMcpRequestsTest" classname="JTD.LaravelMCP.Tests.Unit.Traits.HandlesMcpRequestsTest" assertions="0" time="0.000000">
          <error type="Exception">JTD\LaravelMCP\Tests\Unit\Traits\HandlesMcpRequestsTest::test_validate_param_type_string
Exception: The /var/www/html/vendor/orchestra/testbench-core/laravel/bootstrap/cache directory must be present and writable.

/var/www/html/vendor/laravel/framework/src/Illuminate/Foundation/PackageManifest.php:179
/var/www/html/vendor/orchestra/testbench-core/src/Foundation/PackageManifest.php:157
/var/www/html/vendor/laravel/framework/src/Illuminate/Foundation/PackageManifest.php:132
/var/www/html/vendor/laravel/framework/src/Illuminate/Foundation/PackageManifest.php:108
/var/www/html/vendor/orchestra/testbench-core/src/Foundation/PackageManifest.php:102
/var/www/html/vendor/laravel/framework/src/Illuminate/Foundation/PackageManifest.php:91
/var/www/html/vendor/laravel/framework/src/Illuminate/Foundation/PackageManifest.php:80
/var/www/html/vendor/laravel/framework/src/Illuminate/Foundation/Bootstrap/RegisterFacades.php:26
/var/www/html/vendor/orchestra/testbench-core/src/Concerns/CreatesApplication.php:556
/var/www/html/vendor/orchestra/testbench-core/src/Concerns/CreatesApplication.php:311
/var/www/html/vendor/orchestra/testbench-core/src/TestCase.php:121
/var/www/html/vendor/orchestra/testbench-core/src/Concerns/ApplicationTestingHooks.php:74
/var/www/html/vendor/orchestra/testbench-core/src/Concerns/Testing.php:43
/var/www/html/vendor/laravel/framework/src/Illuminate/Collections/helpers.php:236
/var/www/html/vendor/orchestra/sidekick/src/functions.php:87
/var/www/html/vendor/laravel/framework/src/Illuminate/Collections/helpers.php:236
/var/www/html/vendor/orchestra/testbench-core/src/Concerns/Testing.php:57
/var/www/html/vendor/orchestra/testbench-core/src/TestCase.php:50
/var/www/html/tests/TestCase.php:61
/var/www/html/tests/Unit/Traits/HandlesMcpRequestsTest.php:25</error>
        </testcase>
        <testcase name="test_validate_param_type_integer" file="/var/www/html/tests/Unit/Traits/HandlesMcpRequestsTest.php" line="272" class="JTD\LaravelMCP\Tests\Unit\Traits\HandlesMcpRequestsTest" classname="JTD.LaravelMCP.Tests.Unit.Traits.HandlesMcpRequestsTest" assertions="0" time="0.000000">
          <error type="Exception">JTD\LaravelMCP\Tests\Unit\Traits\HandlesMcpRequestsTest::test_validate_param_type_integer
Exception: The /var/www/html/vendor/orchestra/testbench-core/laravel/bootstrap/cache directory must be present and writable.

/var/www/html/vendor/laravel/framework/src/Illuminate/Foundation/PackageManifest.php:179
/var/www/html/vendor/orchestra/testbench-core/src/Foundation/PackageManifest.php:157
/var/www/html/vendor/laravel/framework/src/Illuminate/Foundation/PackageManifest.php:132
/var/www/html/vendor/laravel/framework/src/Illuminate/Foundation/PackageManifest.php:108
/var/www/html/vendor/orchestra/testbench-core/src/Foundation/PackageManifest.php:102
/var/www/html/vendor/laravel/framework/src/Illuminate/Foundation/PackageManifest.php:91
/var/www/html/vendor/laravel/framework/src/Illuminate/Foundation/PackageManifest.php:80
/var/www/html/vendor/laravel/framework/src/Illuminate/Foundation/Bootstrap/RegisterFacades.php:26
/var/www/html/vendor/orchestra/testbench-core/src/Concerns/CreatesApplication.php:556
/var/www/html/vendor/orchestra/testbench-core/src/Concerns/CreatesApplication.php:311
/var/www/html/vendor/orchestra/testbench-core/src/TestCase.php:121
/var/www/html/vendor/orchestra/testbench-core/src/Concerns/ApplicationTestingHooks.php:74
/var/www/html/vendor/orchestra/testbench-core/src/Concerns/Testing.php:43
/var/www/html/vendor/laravel/framework/src/Illuminate/Collections/helpers.php:236
/var/www/html/vendor/orchestra/sidekick/src/functions.php:87
/var/www/html/vendor/laravel/framework/src/Illuminate/Collections/helpers.php:236
/var/www/html/vendor/orchestra/testbench-core/src/Concerns/Testing.php:57
/var/www/html/vendor/orchestra/testbench-core/src/TestCase.php:50
/var/www/html/tests/TestCase.php:61
/var/www/html/tests/Unit/Traits/HandlesMcpRequestsTest.php:25</error>
        </testcase>
        <testcase name="test_validate_param_type_array" file="/var/www/html/tests/Unit/Traits/HandlesMcpRequestsTest.php" line="287" class="JTD\LaravelMCP\Tests\Unit\Traits\HandlesMcpRequestsTest" classname="JTD.LaravelMCP.Tests.Unit.Traits.HandlesMcpRequestsTest" assertions="0" time="0.000000">
          <error type="Exception">JTD\LaravelMCP\Tests\Unit\Traits\HandlesMcpRequestsTest::test_validate_param_type_array
Exception: The /var/www/html/vendor/orchestra/testbench-core/laravel/bootstrap/cache directory must be present and writable.

/var/www/html/vendor/laravel/framework/src/Illuminate/Foundation/PackageManifest.php:179
/var/www/html/vendor/orchestra/testbench-core/src/Foundation/PackageManifest.php:157
/var/www/html/vendor/laravel/framework/src/Illuminate/Foundation/PackageManifest.php:132
/var/www/html/vendor/laravel/framework/src/Illuminate/Foundation/PackageManifest.php:108
/var/www/html/vendor/orchestra/testbench-core/src/Foundation/PackageManifest.php:102
/var/www/html/vendor/laravel/framework/src/Illuminate/Foundation/PackageManifest.php:91
/var/www/html/vendor/laravel/framework/src/Illuminate/Foundation/PackageManifest.php:80
/var/www/html/vendor/laravel/framework/src/Illuminate/Foundation/Bootstrap/RegisterFacades.php:26
/var/www/html/vendor/orchestra/testbench-core/src/Concerns/CreatesApplication.php:556
/var/www/html/vendor/orchestra/testbench-core/src/Concerns/CreatesApplication.php:311
/var/www/html/vendor/orchestra/testbench-core/src/TestCase.php:121
/var/www/html/vendor/orchestra/testbench-core/src/Concerns/ApplicationTestingHooks.php:74
/var/www/html/vendor/orchestra/testbench-core/src/Concerns/Testing.php:43
/var/www/html/vendor/laravel/framework/src/Illuminate/Collections/helpers.php:236
/var/www/html/vendor/orchestra/sidekick/src/functions.php:87
/var/www/html/vendor/laravel/framework/src/Illuminate/Collections/helpers.php:236
/var/www/html/vendor/orchestra/testbench-core/src/Concerns/Testing.php:57
/var/www/html/vendor/orchestra/testbench-core/src/TestCase.php:50
/var/www/html/tests/TestCase.php:61
/var/www/html/tests/Unit/Traits/HandlesMcpRequestsTest.php:25</error>
        </testcase>
        <testcase name="test_validate_param_type_object" file="/var/www/html/tests/Unit/Traits/HandlesMcpRequestsTest.php" line="302" class="JTD\LaravelMCP\Tests\Unit\Traits\HandlesMcpRequestsTest" classname="JTD.LaravelMCP.Tests.Unit.Traits.HandlesMcpRequestsTest" assertions="0" time="0.000000">
          <error type="Exception">JTD\LaravelMCP\Tests\Unit\Traits\HandlesMcpRequestsTest::test_validate_param_type_object
Exception: The /var/www/html/vendor/orchestra/testbench-core/laravel/bootstrap/cache directory must be present and writable.

/var/www/html/vendor/laravel/framework/src/Illuminate/Foundation/PackageManifest.php:179
/var/www/html/vendor/orchestra/testbench-core/src/Foundation/PackageManifest.php:157
/var/www/html/vendor/laravel/framework/src/Illuminate/Foundation/PackageManifest.php:132
/var/www/html/vendor/laravel/framework/src/Illuminate/Foundation/PackageManifest.php:108
/var/www/html/vendor/orchestra/testbench-core/src/Foundation/PackageManifest.php:102
/var/www/html/vendor/laravel/framework/src/Illuminate/Foundation/PackageManifest.php:91
/var/www/html/vendor/laravel/framework/src/Illuminate/Foundation/PackageManifest.php:80
/var/www/html/vendor/laravel/framework/src/Illuminate/Foundation/Bootstrap/RegisterFacades.php:26
/var/www/html/vendor/orchestra/testbench-core/src/Concerns/CreatesApplication.php:556
/var/www/html/vendor/orchestra/testbench-core/src/Concerns/CreatesApplication.php:311
/var/www/html/vendor/orchestra/testbench-core/src/TestCase.php:121
/var/www/html/vendor/orchestra/testbench-core/src/Concerns/ApplicationTestingHooks.php:74
/var/www/html/vendor/orchestra/testbench-core/src/Concerns/Testing.php:43
/var/www/html/vendor/laravel/framework/src/Illuminate/Collections/helpers.php:236
/var/www/html/vendor/orchestra/sidekick/src/functions.php:87
/var/www/html/vendor/laravel/framework/src/Illuminate/Collections/helpers.php:236
/var/www/html/vendor/orchestra/testbench-core/src/Concerns/Testing.php:57
/var/www/html/vendor/orchestra/testbench-core/src/TestCase.php:50
/var/www/html/tests/TestCase.php:61
/var/www/html/tests/Unit/Traits/HandlesMcpRequestsTest.php:25</error>
        </testcase>
        <testcase name="test_get_component_name" file="/var/www/html/tests/Unit/Traits/HandlesMcpRequestsTest.php" line="321" class="JTD\LaravelMCP\Tests\Unit\Traits\HandlesMcpRequestsTest" classname="JTD.LaravelMCP.Tests.Unit.Traits.HandlesMcpRequestsTest" assertions="0" time="0.000000">
          <error type="Exception">JTD\LaravelMCP\Tests\Unit\Traits\HandlesMcpRequestsTest::test_get_component_name
Exception: The /var/www/html/vendor/orchestra/testbench-core/laravel/bootstrap/cache directory must be present and writable.

/var/www/html/vendor/laravel/framework/src/Illuminate/Foundation/PackageManifest.php:179
/var/www/html/vendor/orchestra/testbench-core/src/Foundation/PackageManifest.php:157
/var/www/html/vendor/laravel/framework/src/Illuminate/Foundation/PackageManifest.php:132
/var/www/html/vendor/laravel/framework/src/Illuminate/Foundation/PackageManifest.php:108
/var/www/html/vendor/orchestra/testbench-core/src/Foundation/PackageManifest.php:102
/var/www/html/vendor/laravel/framework/src/Illuminate/Foundation/PackageManifest.php:91
/var/www/html/vendor/laravel/framework/src/Illuminate/Foundation/PackageManifest.php:80
/var/www/html/vendor/laravel/framework/src/Illuminate/Foundation/Bootstrap/RegisterFacades.php:26
/var/www/html/vendor/orchestra/testbench-core/src/Concerns/CreatesApplication.php:556
/var/www/html/vendor/orchestra/testbench-core/src/Concerns/CreatesApplication.php:311
/var/www/html/vendor/orchestra/testbench-core/src/TestCase.php:121
/var/www/html/vendor/orchestra/testbench-core/src/Concerns/ApplicationTestingHooks.php:74
/var/www/html/vendor/orchestra/testbench-core/src/Concerns/Testing.php:43
/var/www/html/vendor/laravel/framework/src/Illuminate/Collections/helpers.php:236
/var/www/html/vendor/orchestra/sidekick/src/functions.php:87
/var/www/html/vendor/laravel/framework/src/Illuminate/Collections/helpers.php:236
/var/www/html/vendor/orchestra/testbench-core/src/Concerns/Testing.php:57
/var/www/html/vendor/orchestra/testbench-core/src/TestCase.php:50
/var/www/html/tests/TestCase.php:61
/var/www/html/tests/Unit/Traits/HandlesMcpRequestsTest.php:25</error>
        </testcase>
        <testcase name="test_log_request_with_debug_enabled" file="/var/www/html/tests/Unit/Traits/HandlesMcpRequestsTest.php" line="333" class="JTD\LaravelMCP\Tests\Unit\Traits\HandlesMcpRequestsTest" classname="JTD.LaravelMCP.Tests.Unit.Traits.HandlesMcpRequestsTest" assertions="0" time="0.000000">
          <error type="Exception">JTD\LaravelMCP\Tests\Unit\Traits\HandlesMcpRequestsTest::test_log_request_with_debug_enabled
Exception: The /var/www/html/vendor/orchestra/testbench-core/laravel/bootstrap/cache directory must be present and writable.

/var/www/html/vendor/laravel/framework/src/Illuminate/Foundation/PackageManifest.php:179
/var/www/html/vendor/orchestra/testbench-core/src/Foundation/PackageManifest.php:157
/var/www/html/vendor/laravel/framework/src/Illuminate/Foundation/PackageManifest.php:132
/var/www/html/vendor/laravel/framework/src/Illuminate/Foundation/PackageManifest.php:108
/var/www/html/vendor/orchestra/testbench-core/src/Foundation/PackageManifest.php:102
/var/www/html/vendor/laravel/framework/src/Illuminate/Foundation/PackageManifest.php:91
/var/www/html/vendor/laravel/framework/src/Illuminate/Foundation/PackageManifest.php:80
/var/www/html/vendor/laravel/framework/src/Illuminate/Foundation/Bootstrap/RegisterFacades.php:26
/var/www/html/vendor/orchestra/testbench-core/src/Concerns/CreatesApplication.php:556
/var/www/html/vendor/orchestra/testbench-core/src/Concerns/CreatesApplication.php:311
/var/www/html/vendor/orchestra/testbench-core/src/TestCase.php:121
/var/www/html/vendor/orchestra/testbench-core/src/Concerns/ApplicationTestingHooks.php:74
/var/www/html/vendor/orchestra/testbench-core/src/Concerns/Testing.php:43
/var/www/html/vendor/laravel/framework/src/Illuminate/Collections/helpers.php:236
/var/www/html/vendor/orchestra/sidekick/src/functions.php:87
/var/www/html/vendor/laravel/framework/src/Illuminate/Collections/helpers.php:236
/var/www/html/vendor/orchestra/testbench-core/src/Concerns/Testing.php:57
/var/www/html/vendor/orchestra/testbench-core/src/TestCase.php:50
/var/www/html/tests/TestCase.php:61
/var/www/html/tests/Unit/Traits/HandlesMcpRequestsTest.php:25</error>
        </testcase>
        <testcase name="test_log_request_with_debug_disabled" file="/var/www/html/tests/Unit/Traits/HandlesMcpRequestsTest.php" line="345" class="JTD\LaravelMCP\Tests\Unit\Traits\HandlesMcpRequestsTest" classname="JTD.LaravelMCP.Tests.Unit.Traits.HandlesMcpRequestsTest" assertions="0" time="0.000000">
          <error type="Exception">JTD\LaravelMCP\Tests\Unit\Traits\HandlesMcpRequestsTest::test_log_request_with_debug_disabled
Exception: The /var/www/html/vendor/orchestra/testbench-core/laravel/bootstrap/cache directory must be present and writable.

/var/www/html/vendor/laravel/framework/src/Illuminate/Foundation/PackageManifest.php:179
/var/www/html/vendor/orchestra/testbench-core/src/Foundation/PackageManifest.php:157
/var/www/html/vendor/laravel/framework/src/Illuminate/Foundation/PackageManifest.php:132
/var/www/html/vendor/laravel/framework/src/Illuminate/Foundation/PackageManifest.php:108
/var/www/html/vendor/orchestra/testbench-core/src/Foundation/PackageManifest.php:102
/var/www/html/vendor/laravel/framework/src/Illuminate/Foundation/PackageManifest.php:91
/var/www/html/vendor/laravel/framework/src/Illuminate/Foundation/PackageManifest.php:80
/var/www/html/vendor/laravel/framework/src/Illuminate/Foundation/Bootstrap/RegisterFacades.php:26
/var/www/html/vendor/orchestra/testbench-core/src/Concerns/CreatesApplication.php:556
/var/www/html/vendor/orchestra/testbench-core/src/Concerns/CreatesApplication.php:311
/var/www/html/vendor/orchestra/testbench-core/src/TestCase.php:121
/var/www/html/vendor/orchestra/testbench-core/src/Concerns/ApplicationTestingHooks.php:74
/var/www/html/vendor/orchestra/testbench-core/src/Concerns/Testing.php:43
/var/www/html/vendor/laravel/framework/src/Illuminate/Collections/helpers.php:236
/var/www/html/vendor/orchestra/sidekick/src/functions.php:87
/var/www/html/vendor/laravel/framework/src/Illuminate/Collections/helpers.php:236
/var/www/html/vendor/orchestra/testbench-core/src/Concerns/Testing.php:57
/var/www/html/vendor/orchestra/testbench-core/src/TestCase.php:50
/var/www/html/tests/TestCase.php:61
/var/www/html/tests/Unit/Traits/HandlesMcpRequestsTest.php:25</error>
        </testcase>
        <testcase name="test_log_response_with_debug_enabled" file="/var/www/html/tests/Unit/Traits/HandlesMcpRequestsTest.php" line="357" class="JTD\LaravelMCP\Tests\Unit\Traits\HandlesMcpRequestsTest" classname="JTD.LaravelMCP.Tests.Unit.Traits.HandlesMcpRequestsTest" assertions="0" time="0.000000">
          <error type="Exception">JTD\LaravelMCP\Tests\Unit\Traits\HandlesMcpRequestsTest::test_log_response_with_debug_enabled
Exception: The /var/www/html/vendor/orchestra/testbench-core/laravel/bootstrap/cache directory must be present and writable.

/var/www/html/vendor/laravel/framework/src/Illuminate/Foundation/PackageManifest.php:179
/var/www/html/vendor/orchestra/testbench-core/src/Foundation/PackageManifest.php:157
/var/www/html/vendor/laravel/framework/src/Illuminate/Foundation/PackageManifest.php:132
/var/www/html/vendor/laravel/framework/src/Illuminate/Foundation/PackageManifest.php:108
/var/www/html/vendor/orchestra/testbench-core/src/Foundation/PackageManifest.php:102
/var/www/html/vendor/laravel/framework/src/Illuminate/Foundation/PackageManifest.php:91
/var/www/html/vendor/laravel/framework/src/Illuminate/Foundation/PackageManifest.php:80
/var/www/html/vendor/laravel/framework/src/Illuminate/Foundation/Bootstrap/RegisterFacades.php:26
/var/www/html/vendor/orchestra/testbench-core/src/Concerns/CreatesApplication.php:556
/var/www/html/vendor/orchestra/testbench-core/src/Concerns/CreatesApplication.php:311
/var/www/html/vendor/orchestra/testbench-core/src/TestCase.php:121
/var/www/html/vendor/orchestra/testbench-core/src/Concerns/ApplicationTestingHooks.php:74
/var/www/html/vendor/orchestra/testbench-core/src/Concerns/Testing.php:43
/var/www/html/vendor/laravel/framework/src/Illuminate/Collections/helpers.php:236
/var/www/html/vendor/orchestra/sidekick/src/functions.php:87
/var/www/html/vendor/laravel/framework/src/Illuminate/Collections/helpers.php:236
/var/www/html/vendor/orchestra/testbench-core/src/Concerns/Testing.php:57
/var/www/html/vendor/orchestra/testbench-core/src/TestCase.php:50
/var/www/html/tests/TestCase.php:61
/var/www/html/tests/Unit/Traits/HandlesMcpRequestsTest.php:25</error>
        </testcase>
        <testcase name="test_complex_parameter_extraction" file="/var/www/html/tests/Unit/Traits/HandlesMcpRequestsTest.php" line="369" class="JTD\LaravelMCP\Tests\Unit\Traits\HandlesMcpRequestsTest" classname="JTD.LaravelMCP.Tests.Unit.Traits.HandlesMcpRequestsTest" assertions="0" time="0.000000">
          <error type="Exception">JTD\LaravelMCP\Tests\Unit\Traits\HandlesMcpRequestsTest::test_complex_parameter_extraction
Exception: The /var/www/html/vendor/orchestra/testbench-core/laravel/bootstrap/cache directory must be present and writable.

/var/www/html/vendor/laravel/framework/src/Illuminate/Foundation/PackageManifest.php:179
/var/www/html/vendor/orchestra/testbench-core/src/Foundation/PackageManifest.php:157
/var/www/html/vendor/laravel/framework/src/Illuminate/Foundation/PackageManifest.php:132
/var/www/html/vendor/laravel/framework/src/Illuminate/Foundation/PackageManifest.php:108
/var/www/html/vendor/orchestra/testbench-core/src/Foundation/PackageManifest.php:102
/var/www/html/vendor/laravel/framework/src/Illuminate/Foundation/PackageManifest.php:91
/var/www/html/vendor/laravel/framework/src/Illuminate/Foundation/PackageManifest.php:80
/var/www/html/vendor/laravel/framework/src/Illuminate/Foundation/Bootstrap/RegisterFacades.php:26
/var/www/html/vendor/orchestra/testbench-core/src/Concerns/CreatesApplication.php:556
/var/www/html/vendor/orchestra/testbench-core/src/Concerns/CreatesApplication.php:311
/var/www/html/vendor/orchestra/testbench-core/src/TestCase.php:121
/var/www/html/vendor/orchestra/testbench-core/src/Concerns/ApplicationTestingHooks.php:74
/var/www/html/vendor/orchestra/testbench-core/src/Concerns/Testing.php:43
/var/www/html/vendor/laravel/framework/src/Illuminate/Collections/helpers.php:236
/var/www/html/vendor/orchestra/sidekick/src/functions.php:87
/var/www/html/vendor/laravel/framework/src/Illuminate/Collections/helpers.php:236
/var/www/html/vendor/orchestra/testbench-core/src/Concerns/Testing.php:57
/var/www/html/vendor/orchestra/testbench-core/src/TestCase.php:50
/var/www/html/tests/TestCase.php:61
/var/www/html/tests/Unit/Traits/HandlesMcpRequestsTest.php:25</error>
        </testcase>
        <testcase name="test_error_response_includes_timestamp" file="/var/www/html/tests/Unit/Traits/HandlesMcpRequestsTest.php" line="414" class="JTD\LaravelMCP\Tests\Unit\Traits\HandlesMcpRequestsTest" classname="JTD.LaravelMCP.Tests.Unit.Traits.HandlesMcpRequestsTest" assertions="0" time="0.000000">
          <error type="Exception">JTD\LaravelMCP\Tests\Unit\Traits\HandlesMcpRequestsTest::test_error_response_includes_timestamp
Exception: The /var/www/html/vendor/orchestra/testbench-core/laravel/bootstrap/cache directory must be present and writable.

/var/www/html/vendor/laravel/framework/src/Illuminate/Foundation/PackageManifest.php:179
/var/www/html/vendor/orchestra/testbench-core/src/Foundation/PackageManifest.php:157
/var/www/html/vendor/laravel/framework/src/Illuminate/Foundation/PackageManifest.php:132
/var/www/html/vendor/laravel/framework/src/Illuminate/Foundation/PackageManifest.php:108
/var/www/html/vendor/orchestra/testbench-core/src/Foundation/PackageManifest.php:102
/var/www/html/vendor/laravel/framework/src/Illuminate/Foundation/PackageManifest.php:91
/var/www/html/vendor/laravel/framework/src/Illuminate/Foundation/PackageManifest.php:80
/var/www/html/vendor/laravel/framework/src/Illuminate/Foundation/Bootstrap/RegisterFacades.php:26
/var/www/html/vendor/orchestra/testbench-core/src/Concerns/CreatesApplication.php:556
/var/www/html/vendor/orchestra/testbench-core/src/Concerns/CreatesApplication.php:311
/var/www/html/vendor/orchestra/testbench-core/src/TestCase.php:121
/var/www/html/vendor/orchestra/testbench-core/src/Concerns/ApplicationTestingHooks.php:74
/var/www/html/vendor/orchestra/testbench-core/src/Concerns/Testing.php:43
/var/www/html/vendor/laravel/framework/src/Illuminate/Collections/helpers.php:236
/var/www/html/vendor/orchestra/sidekick/src/functions.php:87
/var/www/html/vendor/laravel/framework/src/Illuminate/Collections/helpers.php:236
/var/www/html/vendor/orchestra/testbench-core/src/Concerns/Testing.php:57
/var/www/html/vendor/orchestra/testbench-core/src/TestCase.php:50
/var/www/html/tests/TestCase.php:61
/var/www/html/tests/Unit/Traits/HandlesMcpRequestsTest.php:25</error>
        </testcase>
        <testcase name="test_success_response_includes_timestamp" file="/var/www/html/tests/Unit/Traits/HandlesMcpRequestsTest.php" line="425" class="JTD\LaravelMCP\Tests\Unit\Traits\HandlesMcpRequestsTest" classname="JTD.LaravelMCP.Tests.Unit.Traits.HandlesMcpRequestsTest" assertions="0" time="0.000000">
          <error type="Exception">JTD\LaravelMCP\Tests\Unit\Traits\HandlesMcpRequestsTest::test_success_response_includes_timestamp
Exception: The /var/www/html/vendor/orchestra/testbench-core/laravel/bootstrap/cache directory must be present and writable.

/var/www/html/vendor/laravel/framework/src/Illuminate/Foundation/PackageManifest.php:179
/var/www/html/vendor/orchestra/testbench-core/src/Foundation/PackageManifest.php:157
/var/www/html/vendor/laravel/framework/src/Illuminate/Foundation/PackageManifest.php:132
/var/www/html/vendor/laravel/framework/src/Illuminate/Foundation/PackageManifest.php:108
/var/www/html/vendor/orchestra/testbench-core/src/Foundation/PackageManifest.php:102
/var/www/html/vendor/laravel/framework/src/Illuminate/Foundation/PackageManifest.php:91
/var/www/html/vendor/laravel/framework/src/Illuminate/Foundation/PackageManifest.php:80
/var/www/html/vendor/laravel/framework/src/Illuminate/Foundation/Bootstrap/RegisterFacades.php:26
/var/www/html/vendor/orchestra/testbench-core/src/Concerns/CreatesApplication.php:556
/var/www/html/vendor/orchestra/testbench-core/src/Concerns/CreatesApplication.php:311
/var/www/html/vendor/orchestra/testbench-core/src/TestCase.php:121
/var/www/html/vendor/orchestra/testbench-core/src/Concerns/ApplicationTestingHooks.php:74
/var/www/html/vendor/orchestra/testbench-core/src/Concerns/Testing.php:43
/var/www/html/vendor/laravel/framework/src/Illuminate/Collections/helpers.php:236
/var/www/html/vendor/orchestra/sidekick/src/functions.php:87
/var/www/html/vendor/laravel/framework/src/Illuminate/Collections/helpers.php:236
/var/www/html/vendor/orchestra/testbench-core/src/Concerns/Testing.php:57
/var/www/html/vendor/orchestra/testbench-core/src/TestCase.php:50
/var/www/html/tests/TestCase.php:61
/var/www/html/tests/Unit/Traits/HandlesMcpRequestsTest.php:25</error>
        </testcase>
      </testsuite>
      <testsuite name="JTD\LaravelMCP\Tests\Unit\Traits\LogsOperationsTest" file="/var/www/html/tests/Unit/Traits/LogsOperationsTest.php" tests="23" assertions="0" errors="23" failures="0" skipped="0" time="0.000000">
        <testcase name="it_logs_operation_when_enabled" file="/var/www/html/tests/Unit/Traits/LogsOperationsTest.php" line="75" class="JTD\LaravelMCP\Tests\Unit\Traits\LogsOperationsTest" classname="JTD.LaravelMCP.Tests.Unit.Traits.LogsOperationsTest" assertions="0" time="0.000000">
          <error type="Exception">JTD\LaravelMCP\Tests\Unit\Traits\LogsOperationsTest::it_logs_operation_when_enabled
Exception: The /var/www/html/vendor/orchestra/testbench-core/laravel/bootstrap/cache directory must be present and writable.

/var/www/html/vendor/laravel/framework/src/Illuminate/Foundation/PackageManifest.php:179
/var/www/html/vendor/orchestra/testbench-core/src/Foundation/PackageManifest.php:157
/var/www/html/vendor/laravel/framework/src/Illuminate/Foundation/PackageManifest.php:132
/var/www/html/vendor/laravel/framework/src/Illuminate/Foundation/PackageManifest.php:108
/var/www/html/vendor/orchestra/testbench-core/src/Foundation/PackageManifest.php:102
/var/www/html/vendor/laravel/framework/src/Illuminate/Foundation/PackageManifest.php:91
/var/www/html/vendor/laravel/framework/src/Illuminate/Foundation/PackageManifest.php:80
/var/www/html/vendor/laravel/framework/src/Illuminate/Foundation/Bootstrap/RegisterFacades.php:26
/var/www/html/vendor/orchestra/testbench-core/src/Concerns/CreatesApplication.php:556
/var/www/html/vendor/orchestra/testbench-core/src/Concerns/CreatesApplication.php:311
/var/www/html/vendor/orchestra/testbench-core/src/TestCase.php:121
/var/www/html/vendor/orchestra/testbench-core/src/Concerns/ApplicationTestingHooks.php:74
/var/www/html/vendor/orchestra/testbench-core/src/Concerns/Testing.php:43
/var/www/html/vendor/laravel/framework/src/Illuminate/Collections/helpers.php:236
/var/www/html/vendor/orchestra/sidekick/src/functions.php:87
/var/www/html/vendor/laravel/framework/src/Illuminate/Collections/helpers.php:236
/var/www/html/vendor/orchestra/testbench-core/src/Concerns/Testing.php:57
/var/www/html/vendor/orchestra/testbench-core/src/TestCase.php:50
/var/www/html/tests/TestCase.php:61
/var/www/html/tests/Unit/Traits/LogsOperationsTest.php:37</error>
        </testcase>
        <testcase name="it_does_not_log_when_disabled" file="/var/www/html/tests/Unit/Traits/LogsOperationsTest.php" line="93" class="JTD\LaravelMCP\Tests\Unit\Traits\LogsOperationsTest" classname="JTD.LaravelMCP.Tests.Unit.Traits.LogsOperationsTest" assertions="0" time="0.000000">
          <error type="Exception">JTD\LaravelMCP\Tests\Unit\Traits\LogsOperationsTest::it_does_not_log_when_disabled
Exception: The /var/www/html/vendor/orchestra/testbench-core/laravel/bootstrap/cache directory must be present and writable.

/var/www/html/vendor/laravel/framework/src/Illuminate/Foundation/PackageManifest.php:179
/var/www/html/vendor/orchestra/testbench-core/src/Foundation/PackageManifest.php:157
/var/www/html/vendor/laravel/framework/src/Illuminate/Foundation/PackageManifest.php:132
/var/www/html/vendor/laravel/framework/src/Illuminate/Foundation/PackageManifest.php:108
/var/www/html/vendor/orchestra/testbench-core/src/Foundation/PackageManifest.php:102
/var/www/html/vendor/laravel/framework/src/Illuminate/Foundation/PackageManifest.php:91
/var/www/html/vendor/laravel/framework/src/Illuminate/Foundation/PackageManifest.php:80
/var/www/html/vendor/laravel/framework/src/Illuminate/Foundation/Bootstrap/RegisterFacades.php:26
/var/www/html/vendor/orchestra/testbench-core/src/Concerns/CreatesApplication.php:556
/var/www/html/vendor/orchestra/testbench-core/src/Concerns/CreatesApplication.php:311
/var/www/html/vendor/orchestra/testbench-core/src/TestCase.php:121
/var/www/html/vendor/orchestra/testbench-core/src/Concerns/ApplicationTestingHooks.php:74
/var/www/html/vendor/orchestra/testbench-core/src/Concerns/Testing.php:43
/var/www/html/vendor/laravel/framework/src/Illuminate/Collections/helpers.php:236
/var/www/html/vendor/orchestra/sidekick/src/functions.php:87
/var/www/html/vendor/laravel/framework/src/Illuminate/Collections/helpers.php:236
/var/www/html/vendor/orchestra/testbench-core/src/Concerns/Testing.php:57
/var/www/html/vendor/orchestra/testbench-core/src/TestCase.php:50
/var/www/html/tests/TestCase.php:61
/var/www/html/tests/Unit/Traits/LogsOperationsTest.php:37</error>
        </testcase>
        <testcase name="it_logs_operation_start" file="/var/www/html/tests/Unit/Traits/LogsOperationsTest.php" line="103" class="JTD\LaravelMCP\Tests\Unit\Traits\LogsOperationsTest" classname="JTD.LaravelMCP.Tests.Unit.Traits.LogsOperationsTest" assertions="0" time="0.000000">
          <error type="Exception">JTD\LaravelMCP\Tests\Unit\Traits\LogsOperationsTest::it_logs_operation_start
Exception: The /var/www/html/vendor/orchestra/testbench-core/laravel/bootstrap/cache directory must be present and writable.

/var/www/html/vendor/laravel/framework/src/Illuminate/Foundation/PackageManifest.php:179
/var/www/html/vendor/orchestra/testbench-core/src/Foundation/PackageManifest.php:157
/var/www/html/vendor/laravel/framework/src/Illuminate/Foundation/PackageManifest.php:132
/var/www/html/vendor/laravel/framework/src/Illuminate/Foundation/PackageManifest.php:108
/var/www/html/vendor/orchestra/testbench-core/src/Foundation/PackageManifest.php:102
/var/www/html/vendor/laravel/framework/src/Illuminate/Foundation/PackageManifest.php:91
/var/www/html/vendor/laravel/framework/src/Illuminate/Foundation/PackageManifest.php:80
/var/www/html/vendor/laravel/framework/src/Illuminate/Foundation/Bootstrap/RegisterFacades.php:26
/var/www/html/vendor/orchestra/testbench-core/src/Concerns/CreatesApplication.php:556
/var/www/html/vendor/orchestra/testbench-core/src/Concerns/CreatesApplication.php:311
/var/www/html/vendor/orchestra/testbench-core/src/TestCase.php:121
/var/www/html/vendor/orchestra/testbench-core/src/Concerns/ApplicationTestingHooks.php:74
/var/www/html/vendor/orchestra/testbench-core/src/Concerns/Testing.php:43
/var/www/html/vendor/laravel/framework/src/Illuminate/Collections/helpers.php:236
/var/www/html/vendor/orchestra/sidekick/src/functions.php:87
/var/www/html/vendor/laravel/framework/src/Illuminate/Collections/helpers.php:236
/var/www/html/vendor/orchestra/testbench-core/src/Concerns/Testing.php:57
/var/www/html/vendor/orchestra/testbench-core/src/TestCase.php:50
/var/www/html/tests/TestCase.php:61
/var/www/html/tests/Unit/Traits/LogsOperationsTest.php:37</error>
        </testcase>
        <testcase name="it_logs_operation_complete_with_duration" file="/var/www/html/tests/Unit/Traits/LogsOperationsTest.php" line="126" class="JTD\LaravelMCP\Tests\Unit\Traits\LogsOperationsTest" classname="JTD.LaravelMCP.Tests.Unit.Traits.LogsOperationsTest" assertions="0" time="0.000000">
          <error type="Exception">JTD\LaravelMCP\Tests\Unit\Traits\LogsOperationsTest::it_logs_operation_complete_with_duration
Exception: The /var/www/html/vendor/orchestra/testbench-core/laravel/bootstrap/cache directory must be present and writable.

/var/www/html/vendor/laravel/framework/src/Illuminate/Foundation/PackageManifest.php:179
/var/www/html/vendor/orchestra/testbench-core/src/Foundation/PackageManifest.php:157
/var/www/html/vendor/laravel/framework/src/Illuminate/Foundation/PackageManifest.php:132
/var/www/html/vendor/laravel/framework/src/Illuminate/Foundation/PackageManifest.php:108
/var/www/html/vendor/orchestra/testbench-core/src/Foundation/PackageManifest.php:102
/var/www/html/vendor/laravel/framework/src/Illuminate/Foundation/PackageManifest.php:91
/var/www/html/vendor/laravel/framework/src/Illuminate/Foundation/PackageManifest.php:80
/var/www/html/vendor/laravel/framework/src/Illuminate/Foundation/Bootstrap/RegisterFacades.php:26
/var/www/html/vendor/orchestra/testbench-core/src/Concerns/CreatesApplication.php:556
/var/www/html/vendor/orchestra/testbench-core/src/Concerns/CreatesApplication.php:311
/var/www/html/vendor/orchestra/testbench-core/src/TestCase.php:121
/var/www/html/vendor/orchestra/testbench-core/src/Concerns/ApplicationTestingHooks.php:74
/var/www/html/vendor/orchestra/testbench-core/src/Concerns/Testing.php:43
/var/www/html/vendor/laravel/framework/src/Illuminate/Collections/helpers.php:236
/var/www/html/vendor/orchestra/sidekick/src/functions.php:87
/var/www/html/vendor/laravel/framework/src/Illuminate/Collections/helpers.php:236
/var/www/html/vendor/orchestra/testbench-core/src/Concerns/Testing.php:57
/var/www/html/vendor/orchestra/testbench-core/src/TestCase.php:50
/var/www/html/tests/TestCase.php:61
/var/www/html/tests/Unit/Traits/LogsOperationsTest.php:37</error>
        </testcase>
        <testcase name="it_logs_operation_error" file="/var/www/html/tests/Unit/Traits/LogsOperationsTest.php" line="152" class="JTD\LaravelMCP\Tests\Unit\Traits\LogsOperationsTest" classname="JTD.LaravelMCP.Tests.Unit.Traits.LogsOperationsTest" assertions="0" time="0.000000">
          <error type="Exception">JTD\LaravelMCP\Tests\Unit\Traits\LogsOperationsTest::it_logs_operation_error
Exception: The /var/www/html/vendor/orchestra/testbench-core/laravel/bootstrap/cache directory must be present and writable.

/var/www/html/vendor/laravel/framework/src/Illuminate/Foundation/PackageManifest.php:179
/var/www/html/vendor/orchestra/testbench-core/src/Foundation/PackageManifest.php:157
/var/www/html/vendor/laravel/framework/src/Illuminate/Foundation/PackageManifest.php:132
/var/www/html/vendor/laravel/framework/src/Illuminate/Foundation/PackageManifest.php:108
/var/www/html/vendor/orchestra/testbench-core/src/Foundation/PackageManifest.php:102
/var/www/html/vendor/laravel/framework/src/Illuminate/Foundation/PackageManifest.php:91
/var/www/html/vendor/laravel/framework/src/Illuminate/Foundation/PackageManifest.php:80
/var/www/html/vendor/laravel/framework/src/Illuminate/Foundation/Bootstrap/RegisterFacades.php:26
/var/www/html/vendor/orchestra/testbench-core/src/Concerns/CreatesApplication.php:556
/var/www/html/vendor/orchestra/testbench-core/src/Concerns/CreatesApplication.php:311
/var/www/html/vendor/orchestra/testbench-core/src/TestCase.php:121
/var/www/html/vendor/orchestra/testbench-core/src/Concerns/ApplicationTestingHooks.php:74
/var/www/html/vendor/orchestra/testbench-core/src/Concerns/Testing.php:43
/var/www/html/vendor/laravel/framework/src/Illuminate/Collections/helpers.php:236
/var/www/html/vendor/orchestra/sidekick/src/functions.php:87
/var/www/html/vendor/laravel/framework/src/Illuminate/Collections/helpers.php:236
/var/www/html/vendor/orchestra/testbench-core/src/Concerns/Testing.php:57
/var/www/html/vendor/orchestra/testbench-core/src/TestCase.php:50
/var/www/html/tests/TestCase.php:61
/var/www/html/tests/Unit/Traits/LogsOperationsTest.php:37</error>
        </testcase>
        <testcase name="it_logs_request_when_enabled" file="/var/www/html/tests/Unit/Traits/LogsOperationsTest.php" line="177" class="JTD\LaravelMCP\Tests\Unit\Traits\LogsOperationsTest" classname="JTD.LaravelMCP.Tests.Unit.Traits.LogsOperationsTest" assertions="0" time="0.000000">
          <error type="Exception">JTD\LaravelMCP\Tests\Unit\Traits\LogsOperationsTest::it_logs_request_when_enabled
Exception: The /var/www/html/vendor/orchestra/testbench-core/laravel/bootstrap/cache directory must be present and writable.

/var/www/html/vendor/laravel/framework/src/Illuminate/Foundation/PackageManifest.php:179
/var/www/html/vendor/orchestra/testbench-core/src/Foundation/PackageManifest.php:157
/var/www/html/vendor/laravel/framework/src/Illuminate/Foundation/PackageManifest.php:132
/var/www/html/vendor/laravel/framework/src/Illuminate/Foundation/PackageManifest.php:108
/var/www/html/vendor/orchestra/testbench-core/src/Foundation/PackageManifest.php:102
/var/www/html/vendor/laravel/framework/src/Illuminate/Foundation/PackageManifest.php:91
/var/www/html/vendor/laravel/framework/src/Illuminate/Foundation/PackageManifest.php:80
/var/www/html/vendor/laravel/framework/src/Illuminate/Foundation/Bootstrap/RegisterFacades.php:26
/var/www/html/vendor/orchestra/testbench-core/src/Concerns/CreatesApplication.php:556
/var/www/html/vendor/orchestra/testbench-core/src/Concerns/CreatesApplication.php:311
/var/www/html/vendor/orchestra/testbench-core/src/TestCase.php:121
/var/www/html/vendor/orchestra/testbench-core/src/Concerns/ApplicationTestingHooks.php:74
/var/www/html/vendor/orchestra/testbench-core/src/Concerns/Testing.php:43
/var/www/html/vendor/laravel/framework/src/Illuminate/Collections/helpers.php:236
/var/www/html/vendor/orchestra/sidekick/src/functions.php:87
/var/www/html/vendor/laravel/framework/src/Illuminate/Collections/helpers.php:236
/var/www/html/vendor/orchestra/testbench-core/src/Concerns/Testing.php:57
/var/www/html/vendor/orchestra/testbench-core/src/TestCase.php:50
/var/www/html/tests/TestCase.php:61
/var/www/html/tests/Unit/Traits/LogsOperationsTest.php:37</error>
        </testcase>
        <testcase name="it_does_not_log_request_when_disabled" file="/var/www/html/tests/Unit/Traits/LogsOperationsTest.php" line="195" class="JTD\LaravelMCP\Tests\Unit\Traits\LogsOperationsTest" classname="JTD.LaravelMCP.Tests.Unit.Traits.LogsOperationsTest" assertions="0" time="0.000000">
          <error type="Exception">JTD\LaravelMCP\Tests\Unit\Traits\LogsOperationsTest::it_does_not_log_request_when_disabled
Exception: The /var/www/html/vendor/orchestra/testbench-core/laravel/bootstrap/cache directory must be present and writable.

/var/www/html/vendor/laravel/framework/src/Illuminate/Foundation/PackageManifest.php:179
/var/www/html/vendor/orchestra/testbench-core/src/Foundation/PackageManifest.php:157
/var/www/html/vendor/laravel/framework/src/Illuminate/Foundation/PackageManifest.php:132
/var/www/html/vendor/laravel/framework/src/Illuminate/Foundation/PackageManifest.php:108
/var/www/html/vendor/orchestra/testbench-core/src/Foundation/PackageManifest.php:102
/var/www/html/vendor/laravel/framework/src/Illuminate/Foundation/PackageManifest.php:91
/var/www/html/vendor/laravel/framework/src/Illuminate/Foundation/PackageManifest.php:80
/var/www/html/vendor/laravel/framework/src/Illuminate/Foundation/Bootstrap/RegisterFacades.php:26
/var/www/html/vendor/orchestra/testbench-core/src/Concerns/CreatesApplication.php:556
/var/www/html/vendor/orchestra/testbench-core/src/Concerns/CreatesApplication.php:311
/var/www/html/vendor/orchestra/testbench-core/src/TestCase.php:121
/var/www/html/vendor/orchestra/testbench-core/src/Concerns/ApplicationTestingHooks.php:74
/var/www/html/vendor/orchestra/testbench-core/src/Concerns/Testing.php:43
/var/www/html/vendor/laravel/framework/src/Illuminate/Collections/helpers.php:236
/var/www/html/vendor/orchestra/sidekick/src/functions.php:87
/var/www/html/vendor/laravel/framework/src/Illuminate/Collections/helpers.php:236
/var/www/html/vendor/orchestra/testbench-core/src/Concerns/Testing.php:57
/var/www/html/vendor/orchestra/testbench-core/src/TestCase.php:50
/var/www/html/tests/TestCase.php:61
/var/www/html/tests/Unit/Traits/LogsOperationsTest.php:37</error>
        </testcase>
        <testcase name="it_logs_response_when_enabled" file="/var/www/html/tests/Unit/Traits/LogsOperationsTest.php" line="205" class="JTD\LaravelMCP\Tests\Unit\Traits\LogsOperationsTest" classname="JTD.LaravelMCP.Tests.Unit.Traits.LogsOperationsTest" assertions="0" time="0.000000">
          <error type="Exception">JTD\LaravelMCP\Tests\Unit\Traits\LogsOperationsTest::it_logs_response_when_enabled
Exception: The /var/www/html/vendor/orchestra/testbench-core/laravel/bootstrap/cache directory must be present and writable.

/var/www/html/vendor/laravel/framework/src/Illuminate/Foundation/PackageManifest.php:179
/var/www/html/vendor/orchestra/testbench-core/src/Foundation/PackageManifest.php:157
/var/www/html/vendor/laravel/framework/src/Illuminate/Foundation/PackageManifest.php:132
/var/www/html/vendor/laravel/framework/src/Illuminate/Foundation/PackageManifest.php:108
/var/www/html/vendor/orchestra/testbench-core/src/Foundation/PackageManifest.php:102
/var/www/html/vendor/laravel/framework/src/Illuminate/Foundation/PackageManifest.php:91
/var/www/html/vendor/laravel/framework/src/Illuminate/Foundation/PackageManifest.php:80
/var/www/html/vendor/laravel/framework/src/Illuminate/Foundation/Bootstrap/RegisterFacades.php:26
/var/www/html/vendor/orchestra/testbench-core/src/Concerns/CreatesApplication.php:556
/var/www/html/vendor/orchestra/testbench-core/src/Concerns/CreatesApplication.php:311
/var/www/html/vendor/orchestra/testbench-core/src/TestCase.php:121
/var/www/html/vendor/orchestra/testbench-core/src/Concerns/ApplicationTestingHooks.php:74
/var/www/html/vendor/orchestra/testbench-core/src/Concerns/Testing.php:43
/var/www/html/vendor/laravel/framework/src/Illuminate/Collections/helpers.php:236
/var/www/html/vendor/orchestra/sidekick/src/functions.php:87
/var/www/html/vendor/laravel/framework/src/Illuminate/Collections/helpers.php:236
/var/www/html/vendor/orchestra/testbench-core/src/Concerns/Testing.php:57
/var/www/html/vendor/orchestra/testbench-core/src/TestCase.php:50
/var/www/html/tests/TestCase.php:61
/var/www/html/tests/Unit/Traits/LogsOperationsTest.php:37</error>
        </testcase>
        <testcase name="it_logs_validation_failure" file="/var/www/html/tests/Unit/Traits/LogsOperationsTest.php" line="223" class="JTD\LaravelMCP\Tests\Unit\Traits\LogsOperationsTest" classname="JTD.LaravelMCP.Tests.Unit.Traits.LogsOperationsTest" assertions="0" time="0.000000">
          <error type="Exception">JTD\LaravelMCP\Tests\Unit\Traits\LogsOperationsTest::it_logs_validation_failure
Exception: The /var/www/html/vendor/orchestra/testbench-core/laravel/bootstrap/cache directory must be present and writable.

/var/www/html/vendor/laravel/framework/src/Illuminate/Foundation/PackageManifest.php:179
/var/www/html/vendor/orchestra/testbench-core/src/Foundation/PackageManifest.php:157
/var/www/html/vendor/laravel/framework/src/Illuminate/Foundation/PackageManifest.php:132
/var/www/html/vendor/laravel/framework/src/Illuminate/Foundation/PackageManifest.php:108
/var/www/html/vendor/orchestra/testbench-core/src/Foundation/PackageManifest.php:102
/var/www/html/vendor/laravel/framework/src/Illuminate/Foundation/PackageManifest.php:91
/var/www/html/vendor/laravel/framework/src/Illuminate/Foundation/PackageManifest.php:80
/var/www/html/vendor/laravel/framework/src/Illuminate/Foundation/Bootstrap/RegisterFacades.php:26
/var/www/html/vendor/orchestra/testbench-core/src/Concerns/CreatesApplication.php:556
/var/www/html/vendor/orchestra/testbench-core/src/Concerns/CreatesApplication.php:311
/var/www/html/vendor/orchestra/testbench-core/src/TestCase.php:121
/var/www/html/vendor/orchestra/testbench-core/src/Concerns/ApplicationTestingHooks.php:74
/var/www/html/vendor/orchestra/testbench-core/src/Concerns/Testing.php:43
/var/www/html/vendor/laravel/framework/src/Illuminate/Collections/helpers.php:236
/var/www/html/vendor/orchestra/sidekick/src/functions.php:87
/var/www/html/vendor/laravel/framework/src/Illuminate/Collections/helpers.php:236
/var/www/html/vendor/orchestra/testbench-core/src/Concerns/Testing.php:57
/var/www/html/vendor/orchestra/testbench-core/src/TestCase.php:50
/var/www/html/tests/TestCase.php:61
/var/www/html/tests/Unit/Traits/LogsOperationsTest.php:37</error>
        </testcase>
        <testcase name="it_logs_authorization_failure" file="/var/www/html/tests/Unit/Traits/LogsOperationsTest.php" line="244" class="JTD\LaravelMCP\Tests\Unit\Traits\LogsOperationsTest" classname="JTD.LaravelMCP.Tests.Unit.Traits.LogsOperationsTest" assertions="0" time="0.000000">
          <error type="Exception">JTD\LaravelMCP\Tests\Unit\Traits\LogsOperationsTest::it_logs_authorization_failure
Exception: The /var/www/html/vendor/orchestra/testbench-core/laravel/bootstrap/cache directory must be present and writable.

/var/www/html/vendor/laravel/framework/src/Illuminate/Foundation/PackageManifest.php:179
/var/www/html/vendor/orchestra/testbench-core/src/Foundation/PackageManifest.php:157
/var/www/html/vendor/laravel/framework/src/Illuminate/Foundation/PackageManifest.php:132
/var/www/html/vendor/laravel/framework/src/Illuminate/Foundation/PackageManifest.php:108
/var/www/html/vendor/orchestra/testbench-core/src/Foundation/PackageManifest.php:102
/var/www/html/vendor/laravel/framework/src/Illuminate/Foundation/PackageManifest.php:91
/var/www/html/vendor/laravel/framework/src/Illuminate/Foundation/PackageManifest.php:80
/var/www/html/vendor/laravel/framework/src/Illuminate/Foundation/Bootstrap/RegisterFacades.php:26
/var/www/html/vendor/orchestra/testbench-core/src/Concerns/CreatesApplication.php:556
/var/www/html/vendor/orchestra/testbench-core/src/Concerns/CreatesApplication.php:311
/var/www/html/vendor/orchestra/testbench-core/src/TestCase.php:121
/var/www/html/vendor/orchestra/testbench-core/src/Concerns/ApplicationTestingHooks.php:74
/var/www/html/vendor/orchestra/testbench-core/src/Concerns/Testing.php:43
/var/www/html/vendor/laravel/framework/src/Illuminate/Collections/helpers.php:236
/var/www/html/vendor/orchestra/sidekick/src/functions.php:87
/var/www/html/vendor/laravel/framework/src/Illuminate/Collections/helpers.php:236
/var/www/html/vendor/orchestra/testbench-core/src/Concerns/Testing.php:57
/var/www/html/vendor/orchestra/testbench-core/src/TestCase.php:50
/var/www/html/tests/TestCase.php:61
/var/www/html/tests/Unit/Traits/LogsOperationsTest.php:37</error>
        </testcase>
        <testcase name="it_tracks_performance_when_enabled" file="/var/www/html/tests/Unit/Traits/LogsOperationsTest.php" line="263" class="JTD\LaravelMCP\Tests\Unit\Traits\LogsOperationsTest" classname="JTD.LaravelMCP.Tests.Unit.Traits.LogsOperationsTest" assertions="0" time="0.000000">
          <error type="Exception">JTD\LaravelMCP\Tests\Unit\Traits\LogsOperationsTest::it_tracks_performance_when_enabled
Exception: The /var/www/html/vendor/orchestra/testbench-core/laravel/bootstrap/cache directory must be present and writable.

/var/www/html/vendor/laravel/framework/src/Illuminate/Foundation/PackageManifest.php:179
/var/www/html/vendor/orchestra/testbench-core/src/Foundation/PackageManifest.php:157
/var/www/html/vendor/laravel/framework/src/Illuminate/Foundation/PackageManifest.php:132
/var/www/html/vendor/laravel/framework/src/Illuminate/Foundation/PackageManifest.php:108
/var/www/html/vendor/orchestra/testbench-core/src/Foundation/PackageManifest.php:102
/var/www/html/vendor/laravel/framework/src/Illuminate/Foundation/PackageManifest.php:91
/var/www/html/vendor/laravel/framework/src/Illuminate/Foundation/PackageManifest.php:80
/var/www/html/vendor/laravel/framework/src/Illuminate/Foundation/Bootstrap/RegisterFacades.php:26
/var/www/html/vendor/orchestra/testbench-core/src/Concerns/CreatesApplication.php:556
/var/www/html/vendor/orchestra/testbench-core/src/Concerns/CreatesApplication.php:311
/var/www/html/vendor/orchestra/testbench-core/src/TestCase.php:121
/var/www/html/vendor/orchestra/testbench-core/src/Concerns/ApplicationTestingHooks.php:74
/var/www/html/vendor/orchestra/testbench-core/src/Concerns/Testing.php:43
/var/www/html/vendor/laravel/framework/src/Illuminate/Collections/helpers.php:236
/var/www/html/vendor/orchestra/sidekick/src/functions.php:87
/var/www/html/vendor/laravel/framework/src/Illuminate/Collections/helpers.php:236
/var/www/html/vendor/orchestra/testbench-core/src/Concerns/Testing.php:57
/var/www/html/vendor/orchestra/testbench-core/src/TestCase.php:50
/var/www/html/tests/TestCase.php:61
/var/www/html/tests/Unit/Traits/LogsOperationsTest.php:37</error>
        </testcase>
        <testcase name="it_calculates_performance_metrics" file="/var/www/html/tests/Unit/Traits/LogsOperationsTest.php" line="280" class="JTD\LaravelMCP\Tests\Unit\Traits\LogsOperationsTest" classname="JTD.LaravelMCP.Tests.Unit.Traits.LogsOperationsTest" assertions="0" time="0.000000">
          <error type="Exception">JTD\LaravelMCP\Tests\Unit\Traits\LogsOperationsTest::it_calculates_performance_metrics
Exception: The /var/www/html/vendor/orchestra/testbench-core/laravel/bootstrap/cache directory must be present and writable.

/var/www/html/vendor/laravel/framework/src/Illuminate/Foundation/PackageManifest.php:179
/var/www/html/vendor/orchestra/testbench-core/src/Foundation/PackageManifest.php:157
/var/www/html/vendor/laravel/framework/src/Illuminate/Foundation/PackageManifest.php:132
/var/www/html/vendor/laravel/framework/src/Illuminate/Foundation/PackageManifest.php:108
/var/www/html/vendor/orchestra/testbench-core/src/Foundation/PackageManifest.php:102
/var/www/html/vendor/laravel/framework/src/Illuminate/Foundation/PackageManifest.php:91
/var/www/html/vendor/laravel/framework/src/Illuminate/Foundation/PackageManifest.php:80
/var/www/html/vendor/laravel/framework/src/Illuminate/Foundation/Bootstrap/RegisterFacades.php:26
/var/www/html/vendor/orchestra/testbench-core/src/Concerns/CreatesApplication.php:556
/var/www/html/vendor/orchestra/testbench-core/src/Concerns/CreatesApplication.php:311
/var/www/html/vendor/orchestra/testbench-core/src/TestCase.php:121
/var/www/html/vendor/orchestra/testbench-core/src/Concerns/ApplicationTestingHooks.php:74
/var/www/html/vendor/orchestra/testbench-core/src/Concerns/Testing.php:43
/var/www/html/vendor/laravel/framework/src/Illuminate/Collections/helpers.php:236
/var/www/html/vendor/orchestra/sidekick/src/functions.php:87
/var/www/html/vendor/laravel/framework/src/Illuminate/Collections/helpers.php:236
/var/www/html/vendor/orchestra/testbench-core/src/Concerns/Testing.php:57
/var/www/html/vendor/orchestra/testbench-core/src/TestCase.php:50
/var/www/html/tests/TestCase.php:61
/var/www/html/tests/Unit/Traits/LogsOperationsTest.php:37</error>
        </testcase>
        <testcase name="it_sanitizes_sensitive_data_for_logging" file="/var/www/html/tests/Unit/Traits/LogsOperationsTest.php" line="301" class="JTD\LaravelMCP\Tests\Unit\Traits\LogsOperationsTest" classname="JTD.LaravelMCP.Tests.Unit.Traits.LogsOperationsTest" assertions="0" time="0.000000">
          <error type="Exception">JTD\LaravelMCP\Tests\Unit\Traits\LogsOperationsTest::it_sanitizes_sensitive_data_for_logging
Exception: The /var/www/html/vendor/orchestra/testbench-core/laravel/bootstrap/cache directory must be present and writable.

/var/www/html/vendor/laravel/framework/src/Illuminate/Foundation/PackageManifest.php:179
/var/www/html/vendor/orchestra/testbench-core/src/Foundation/PackageManifest.php:157
/var/www/html/vendor/laravel/framework/src/Illuminate/Foundation/PackageManifest.php:132
/var/www/html/vendor/laravel/framework/src/Illuminate/Foundation/PackageManifest.php:108
/var/www/html/vendor/orchestra/testbench-core/src/Foundation/PackageManifest.php:102
/var/www/html/vendor/laravel/framework/src/Illuminate/Foundation/PackageManifest.php:91
/var/www/html/vendor/laravel/framework/src/Illuminate/Foundation/PackageManifest.php:80
/var/www/html/vendor/laravel/framework/src/Illuminate/Foundation/Bootstrap/RegisterFacades.php:26
/var/www/html/vendor/orchestra/testbench-core/src/Concerns/CreatesApplication.php:556
/var/www/html/vendor/orchestra/testbench-core/src/Concerns/CreatesApplication.php:311
/var/www/html/vendor/orchestra/testbench-core/src/TestCase.php:121
/var/www/html/vendor/orchestra/testbench-core/src/Concerns/ApplicationTestingHooks.php:74
/var/www/html/vendor/orchestra/testbench-core/src/Concerns/Testing.php:43
/var/www/html/vendor/laravel/framework/src/Illuminate/Collections/helpers.php:236
/var/www/html/vendor/orchestra/sidekick/src/functions.php:87
/var/www/html/vendor/laravel/framework/src/Illuminate/Collections/helpers.php:236
/var/www/html/vendor/orchestra/testbench-core/src/Concerns/Testing.php:57
/var/www/html/vendor/orchestra/testbench-core/src/TestCase.php:50
/var/www/html/tests/TestCase.php:61
/var/www/html/tests/Unit/Traits/LogsOperationsTest.php:37</error>
        </testcase>
        <testcase name="it_logs_debug_when_enabled" file="/var/www/html/tests/Unit/Traits/LogsOperationsTest.php" line="323" class="JTD\LaravelMCP\Tests\Unit\Traits\LogsOperationsTest" classname="JTD.LaravelMCP.Tests.Unit.Traits.LogsOperationsTest" assertions="0" time="0.000000">
          <error type="Exception">JTD\LaravelMCP\Tests\Unit\Traits\LogsOperationsTest::it_logs_debug_when_enabled
Exception: The /var/www/html/vendor/orchestra/testbench-core/laravel/bootstrap/cache directory must be present and writable.

/var/www/html/vendor/laravel/framework/src/Illuminate/Foundation/PackageManifest.php:179
/var/www/html/vendor/orchestra/testbench-core/src/Foundation/PackageManifest.php:157
/var/www/html/vendor/laravel/framework/src/Illuminate/Foundation/PackageManifest.php:132
/var/www/html/vendor/laravel/framework/src/Illuminate/Foundation/PackageManifest.php:108
/var/www/html/vendor/orchestra/testbench-core/src/Foundation/PackageManifest.php:102
/var/www/html/vendor/laravel/framework/src/Illuminate/Foundation/PackageManifest.php:91
/var/www/html/vendor/laravel/framework/src/Illuminate/Foundation/PackageManifest.php:80
/var/www/html/vendor/laravel/framework/src/Illuminate/Foundation/Bootstrap/RegisterFacades.php:26
/var/www/html/vendor/orchestra/testbench-core/src/Concerns/CreatesApplication.php:556
/var/www/html/vendor/orchestra/testbench-core/src/Concerns/CreatesApplication.php:311
/var/www/html/vendor/orchestra/testbench-core/src/TestCase.php:121
/var/www/html/vendor/orchestra/testbench-core/src/Concerns/ApplicationTestingHooks.php:74
/var/www/html/vendor/orchestra/testbench-core/src/Concerns/Testing.php:43
/var/www/html/vendor/laravel/framework/src/Illuminate/Collections/helpers.php:236
/var/www/html/vendor/orchestra/sidekick/src/functions.php:87
/var/www/html/vendor/laravel/framework/src/Illuminate/Collections/helpers.php:236
/var/www/html/vendor/orchestra/testbench-core/src/Concerns/Testing.php:57
/var/www/html/vendor/orchestra/testbench-core/src/TestCase.php:50
/var/www/html/tests/TestCase.php:61
/var/www/html/tests/Unit/Traits/LogsOperationsTest.php:37</error>
        </testcase>
        <testcase name="it_logs_registration" file="/var/www/html/tests/Unit/Traits/LogsOperationsTest.php" line="342" class="JTD\LaravelMCP\Tests\Unit\Traits\LogsOperationsTest" classname="JTD.LaravelMCP.Tests.Unit.Traits.LogsOperationsTest" assertions="0" time="0.000000">
          <error type="Exception">JTD\LaravelMCP\Tests\Unit\Traits\LogsOperationsTest::it_logs_registration
Exception: The /var/www/html/vendor/orchestra/testbench-core/laravel/bootstrap/cache directory must be present and writable.

/var/www/html/vendor/laravel/framework/src/Illuminate/Foundation/PackageManifest.php:179
/var/www/html/vendor/orchestra/testbench-core/src/Foundation/PackageManifest.php:157
/var/www/html/vendor/laravel/framework/src/Illuminate/Foundation/PackageManifest.php:132
/var/www/html/vendor/laravel/framework/src/Illuminate/Foundation/PackageManifest.php:108
/var/www/html/vendor/orchestra/testbench-core/src/Foundation/PackageManifest.php:102
/var/www/html/vendor/laravel/framework/src/Illuminate/Foundation/PackageManifest.php:91
/var/www/html/vendor/laravel/framework/src/Illuminate/Foundation/PackageManifest.php:80
/var/www/html/vendor/laravel/framework/src/Illuminate/Foundation/Bootstrap/RegisterFacades.php:26
/var/www/html/vendor/orchestra/testbench-core/src/Concerns/CreatesApplication.php:556
/var/www/html/vendor/orchestra/testbench-core/src/Concerns/CreatesApplication.php:311
/var/www/html/vendor/orchestra/testbench-core/src/TestCase.php:121
/var/www/html/vendor/orchestra/testbench-core/src/Concerns/ApplicationTestingHooks.php:74
/var/www/html/vendor/orchestra/testbench-core/src/Concerns/Testing.php:43
/var/www/html/vendor/laravel/framework/src/Illuminate/Collections/helpers.php:236
/var/www/html/vendor/orchestra/sidekick/src/functions.php:87
/var/www/html/vendor/laravel/framework/src/Illuminate/Collections/helpers.php:236
/var/www/html/vendor/orchestra/testbench-core/src/Concerns/Testing.php:57
/var/www/html/vendor/orchestra/testbench-core/src/TestCase.php:50
/var/www/html/tests/TestCase.php:61
/var/www/html/tests/Unit/Traits/LogsOperationsTest.php:37</error>
        </testcase>
        <testcase name="it_generates_unique_request_id" file="/var/www/html/tests/Unit/Traits/LogsOperationsTest.php" line="363" class="JTD\LaravelMCP\Tests\Unit\Traits\LogsOperationsTest" classname="JTD.LaravelMCP.Tests.Unit.Traits.LogsOperationsTest" assertions="0" time="0.000000">
          <error type="Exception">JTD\LaravelMCP\Tests\Unit\Traits\LogsOperationsTest::it_generates_unique_request_id
Exception: The /var/www/html/vendor/orchestra/testbench-core/laravel/bootstrap/cache directory must be present and writable.

/var/www/html/vendor/laravel/framework/src/Illuminate/Foundation/PackageManifest.php:179
/var/www/html/vendor/orchestra/testbench-core/src/Foundation/PackageManifest.php:157
/var/www/html/vendor/laravel/framework/src/Illuminate/Foundation/PackageManifest.php:132
/var/www/html/vendor/laravel/framework/src/Illuminate/Foundation/PackageManifest.php:108
/var/www/html/vendor/orchestra/testbench-core/src/Foundation/PackageManifest.php:102
/var/www/html/vendor/laravel/framework/src/Illuminate/Foundation/PackageManifest.php:91
/var/www/html/vendor/laravel/framework/src/Illuminate/Foundation/PackageManifest.php:80
/var/www/html/vendor/laravel/framework/src/Illuminate/Foundation/Bootstrap/RegisterFacades.php:26
/var/www/html/vendor/orchestra/testbench-core/src/Concerns/CreatesApplication.php:556
/var/www/html/vendor/orchestra/testbench-core/src/Concerns/CreatesApplication.php:311
/var/www/html/vendor/orchestra/testbench-core/src/TestCase.php:121
/var/www/html/vendor/orchestra/testbench-core/src/Concerns/ApplicationTestingHooks.php:74
/var/www/html/vendor/orchestra/testbench-core/src/Concerns/Testing.php:43
/var/www/html/vendor/laravel/framework/src/Illuminate/Collections/helpers.php:236
/var/www/html/vendor/orchestra/sidekick/src/functions.php:87
/var/www/html/vendor/laravel/framework/src/Illuminate/Collections/helpers.php:236
/var/www/html/vendor/orchestra/testbench-core/src/Concerns/Testing.php:57
/var/www/html/vendor/orchestra/testbench-core/src/TestCase.php:50
/var/www/html/tests/TestCase.php:61
/var/www/html/tests/Unit/Traits/LogsOperationsTest.php:37</error>
        </testcase>
        <testcase name="it_calculates_data_size" file="/var/www/html/tests/Unit/Traits/LogsOperationsTest.php" line="377" class="JTD\LaravelMCP\Tests\Unit\Traits\LogsOperationsTest" classname="JTD.LaravelMCP.Tests.Unit.Traits.LogsOperationsTest" assertions="0" time="0.000000">
          <error type="Exception">JTD\LaravelMCP\Tests\Unit\Traits\LogsOperationsTest::it_calculates_data_size
Exception: The /var/www/html/vendor/orchestra/testbench-core/laravel/bootstrap/cache directory must be present and writable.

/var/www/html/vendor/laravel/framework/src/Illuminate/Foundation/PackageManifest.php:179
/var/www/html/vendor/orchestra/testbench-core/src/Foundation/PackageManifest.php:157
/var/www/html/vendor/laravel/framework/src/Illuminate/Foundation/PackageManifest.php:132
/var/www/html/vendor/laravel/framework/src/Illuminate/Foundation/PackageManifest.php:108
/var/www/html/vendor/orchestra/testbench-core/src/Foundation/PackageManifest.php:102
/var/www/html/vendor/laravel/framework/src/Illuminate/Foundation/PackageManifest.php:91
/var/www/html/vendor/laravel/framework/src/Illuminate/Foundation/PackageManifest.php:80
/var/www/html/vendor/laravel/framework/src/Illuminate/Foundation/Bootstrap/RegisterFacades.php:26
/var/www/html/vendor/orchestra/testbench-core/src/Concerns/CreatesApplication.php:556
/var/www/html/vendor/orchestra/testbench-core/src/Concerns/CreatesApplication.php:311
/var/www/html/vendor/orchestra/testbench-core/src/TestCase.php:121
/var/www/html/vendor/orchestra/testbench-core/src/Concerns/ApplicationTestingHooks.php:74
/var/www/html/vendor/orchestra/testbench-core/src/Concerns/Testing.php:43
/var/www/html/vendor/laravel/framework/src/Illuminate/Collections/helpers.php:236
/var/www/html/vendor/orchestra/sidekick/src/functions.php:87
/var/www/html/vendor/laravel/framework/src/Illuminate/Collections/helpers.php:236
/var/www/html/vendor/orchestra/testbench-core/src/Concerns/Testing.php:57
/var/www/html/vendor/orchestra/testbench-core/src/TestCase.php:50
/var/www/html/tests/TestCase.php:61
/var/www/html/tests/Unit/Traits/LogsOperationsTest.php:37</error>
        </testcase>
        <testcase name="it_calculates_median_correctly" file="/var/www/html/tests/Unit/Traits/LogsOperationsTest.php" line="393" class="JTD\LaravelMCP\Tests\Unit\Traits\LogsOperationsTest" classname="JTD.LaravelMCP.Tests.Unit.Traits.LogsOperationsTest" assertions="0" time="0.000000">
          <error type="Exception">JTD\LaravelMCP\Tests\Unit\Traits\LogsOperationsTest::it_calculates_median_correctly
Exception: The /var/www/html/vendor/orchestra/testbench-core/laravel/bootstrap/cache directory must be present and writable.

/var/www/html/vendor/laravel/framework/src/Illuminate/Foundation/PackageManifest.php:179
/var/www/html/vendor/orchestra/testbench-core/src/Foundation/PackageManifest.php:157
/var/www/html/vendor/laravel/framework/src/Illuminate/Foundation/PackageManifest.php:132
/var/www/html/vendor/laravel/framework/src/Illuminate/Foundation/PackageManifest.php:108
/var/www/html/vendor/orchestra/testbench-core/src/Foundation/PackageManifest.php:102
/var/www/html/vendor/laravel/framework/src/Illuminate/Foundation/PackageManifest.php:91
/var/www/html/vendor/laravel/framework/src/Illuminate/Foundation/PackageManifest.php:80
/var/www/html/vendor/laravel/framework/src/Illuminate/Foundation/Bootstrap/RegisterFacades.php:26
/var/www/html/vendor/orchestra/testbench-core/src/Concerns/CreatesApplication.php:556
/var/www/html/vendor/orchestra/testbench-core/src/Concerns/CreatesApplication.php:311
/var/www/html/vendor/orchestra/testbench-core/src/TestCase.php:121
/var/www/html/vendor/orchestra/testbench-core/src/Concerns/ApplicationTestingHooks.php:74
/var/www/html/vendor/orchestra/testbench-core/src/Concerns/Testing.php:43
/var/www/html/vendor/laravel/framework/src/Illuminate/Collections/helpers.php:236
/var/www/html/vendor/orchestra/sidekick/src/functions.php:87
/var/www/html/vendor/laravel/framework/src/Illuminate/Collections/helpers.php:236
/var/www/html/vendor/orchestra/testbench-core/src/Concerns/Testing.php:57
/var/www/html/vendor/orchestra/testbench-core/src/TestCase.php:50
/var/www/html/tests/TestCase.php:61
/var/www/html/tests/Unit/Traits/LogsOperationsTest.php:37</error>
        </testcase>
        <testcase name="it_calculates_percentile_correctly" file="/var/www/html/tests/Unit/Traits/LogsOperationsTest.php" line="412" class="JTD\LaravelMCP\Tests\Unit\Traits\LogsOperationsTest" classname="JTD.LaravelMCP.Tests.Unit.Traits.LogsOperationsTest" assertions="0" time="0.000000">
          <error type="Exception">JTD\LaravelMCP\Tests\Unit\Traits\LogsOperationsTest::it_calculates_percentile_correctly
Exception: The /var/www/html/vendor/orchestra/testbench-core/laravel/bootstrap/cache directory must be present and writable.

/var/www/html/vendor/laravel/framework/src/Illuminate/Foundation/PackageManifest.php:179
/var/www/html/vendor/orchestra/testbench-core/src/Foundation/PackageManifest.php:157
/var/www/html/vendor/laravel/framework/src/Illuminate/Foundation/PackageManifest.php:132
/var/www/html/vendor/laravel/framework/src/Illuminate/Foundation/PackageManifest.php:108
/var/www/html/vendor/orchestra/testbench-core/src/Foundation/PackageManifest.php:102
/var/www/html/vendor/laravel/framework/src/Illuminate/Foundation/PackageManifest.php:91
/var/www/html/vendor/laravel/framework/src/Illuminate/Foundation/PackageManifest.php:80
/var/www/html/vendor/laravel/framework/src/Illuminate/Foundation/Bootstrap/RegisterFacades.php:26
/var/www/html/vendor/orchestra/testbench-core/src/Concerns/CreatesApplication.php:556
/var/www/html/vendor/orchestra/testbench-core/src/Concerns/CreatesApplication.php:311
/var/www/html/vendor/orchestra/testbench-core/src/TestCase.php:121
/var/www/html/vendor/orchestra/testbench-core/src/Concerns/ApplicationTestingHooks.php:74
/var/www/html/vendor/orchestra/testbench-core/src/Concerns/Testing.php:43
/var/www/html/vendor/laravel/framework/src/Illuminate/Collections/helpers.php:236
/var/www/html/vendor/orchestra/sidekick/src/functions.php:87
/var/www/html/vendor/laravel/framework/src/Illuminate/Collections/helpers.php:236
/var/www/html/vendor/orchestra/testbench-core/src/Concerns/Testing.php:57
/var/www/html/vendor/orchestra/testbench-core/src/TestCase.php:50
/var/www/html/tests/TestCase.php:61
/var/www/html/tests/Unit/Traits/LogsOperationsTest.php:37</error>
        </testcase>
        <testcase name="it_sets_custom_log_channel" file="/var/www/html/tests/Unit/Traits/LogsOperationsTest.php" line="430" class="JTD\LaravelMCP\Tests\Unit\Traits\LogsOperationsTest" classname="JTD.LaravelMCP.Tests.Unit.Traits.LogsOperationsTest" assertions="0" time="0.000000">
          <error type="Exception">JTD\LaravelMCP\Tests\Unit\Traits\LogsOperationsTest::it_sets_custom_log_channel
Exception: The /var/www/html/vendor/orchestra/testbench-core/laravel/bootstrap/cache directory must be present and writable.

/var/www/html/vendor/laravel/framework/src/Illuminate/Foundation/PackageManifest.php:179
/var/www/html/vendor/orchestra/testbench-core/src/Foundation/PackageManifest.php:157
/var/www/html/vendor/laravel/framework/src/Illuminate/Foundation/PackageManifest.php:132
/var/www/html/vendor/laravel/framework/src/Illuminate/Foundation/PackageManifest.php:108
/var/www/html/vendor/orchestra/testbench-core/src/Foundation/PackageManifest.php:102
/var/www/html/vendor/laravel/framework/src/Illuminate/Foundation/PackageManifest.php:91
/var/www/html/vendor/laravel/framework/src/Illuminate/Foundation/PackageManifest.php:80
/var/www/html/vendor/laravel/framework/src/Illuminate/Foundation/Bootstrap/RegisterFacades.php:26
/var/www/html/vendor/orchestra/testbench-core/src/Concerns/CreatesApplication.php:556
/var/www/html/vendor/orchestra/testbench-core/src/Concerns/CreatesApplication.php:311
/var/www/html/vendor/orchestra/testbench-core/src/TestCase.php:121
/var/www/html/vendor/orchestra/testbench-core/src/Concerns/ApplicationTestingHooks.php:74
/var/www/html/vendor/orchestra/testbench-core/src/Concerns/Testing.php:43
/var/www/html/vendor/laravel/framework/src/Illuminate/Collections/helpers.php:236
/var/www/html/vendor/orchestra/sidekick/src/functions.php:87
/var/www/html/vendor/laravel/framework/src/Illuminate/Collections/helpers.php:236
/var/www/html/vendor/orchestra/testbench-core/src/Concerns/Testing.php:57
/var/www/html/vendor/orchestra/testbench-core/src/TestCase.php:50
/var/www/html/tests/TestCase.php:61
/var/www/html/tests/Unit/Traits/LogsOperationsTest.php:37</error>
        </testcase>
        <testcase name="it_clears_performance_data" file="/var/www/html/tests/Unit/Traits/LogsOperationsTest.php" line="447" class="JTD\LaravelMCP\Tests\Unit\Traits\LogsOperationsTest" classname="JTD.LaravelMCP.Tests.Unit.Traits.LogsOperationsTest" assertions="0" time="0.000000">
          <error type="Exception">JTD\LaravelMCP\Tests\Unit\Traits\LogsOperationsTest::it_clears_performance_data
Exception: The /var/www/html/vendor/orchestra/testbench-core/laravel/bootstrap/cache directory must be present and writable.

/var/www/html/vendor/laravel/framework/src/Illuminate/Foundation/PackageManifest.php:179
/var/www/html/vendor/orchestra/testbench-core/src/Foundation/PackageManifest.php:157
/var/www/html/vendor/laravel/framework/src/Illuminate/Foundation/PackageManifest.php:132
/var/www/html/vendor/laravel/framework/src/Illuminate/Foundation/PackageManifest.php:108
/var/www/html/vendor/orchestra/testbench-core/src/Foundation/PackageManifest.php:102
/var/www/html/vendor/laravel/framework/src/Illuminate/Foundation/PackageManifest.php:91
/var/www/html/vendor/laravel/framework/src/Illuminate/Foundation/PackageManifest.php:80
/var/www/html/vendor/laravel/framework/src/Illuminate/Foundation/Bootstrap/RegisterFacades.php:26
/var/www/html/vendor/orchestra/testbench-core/src/Concerns/CreatesApplication.php:556
/var/www/html/vendor/orchestra/testbench-core/src/Concerns/CreatesApplication.php:311
/var/www/html/vendor/orchestra/testbench-core/src/TestCase.php:121
/var/www/html/vendor/orchestra/testbench-core/src/Concerns/ApplicationTestingHooks.php:74
/var/www/html/vendor/orchestra/testbench-core/src/Concerns/Testing.php:43
/var/www/html/vendor/laravel/framework/src/Illuminate/Collections/helpers.php:236
/var/www/html/vendor/orchestra/sidekick/src/functions.php:87
/var/www/html/vendor/laravel/framework/src/Illuminate/Collections/helpers.php:236
/var/www/html/vendor/orchestra/testbench-core/src/Concerns/Testing.php:57
/var/www/html/vendor/orchestra/testbench-core/src/TestCase.php:50
/var/www/html/tests/TestCase.php:61
/var/www/html/tests/Unit/Traits/LogsOperationsTest.php:37</error>
        </testcase>
        <testcase name="it_respects_log_level_configuration" file="/var/www/html/tests/Unit/Traits/LogsOperationsTest.php" line="462" class="JTD\LaravelMCP\Tests\Unit\Traits\LogsOperationsTest" classname="JTD.LaravelMCP.Tests.Unit.Traits.LogsOperationsTest" assertions="0" time="0.000000">
          <error type="Exception">JTD\LaravelMCP\Tests\Unit\Traits\LogsOperationsTest::it_respects_log_level_configuration
Exception: The /var/www/html/vendor/orchestra/testbench-core/laravel/bootstrap/cache directory must be present and writable.

/var/www/html/vendor/laravel/framework/src/Illuminate/Foundation/PackageManifest.php:179
/var/www/html/vendor/orchestra/testbench-core/src/Foundation/PackageManifest.php:157
/var/www/html/vendor/laravel/framework/src/Illuminate/Foundation/PackageManifest.php:132
/var/www/html/vendor/laravel/framework/src/Illuminate/Foundation/PackageManifest.php:108
/var/www/html/vendor/orchestra/testbench-core/src/Foundation/PackageManifest.php:102
/var/www/html/vendor/laravel/framework/src/Illuminate/Foundation/PackageManifest.php:91
/var/www/html/vendor/laravel/framework/src/Illuminate/Foundation/PackageManifest.php:80
/var/www/html/vendor/laravel/framework/src/Illuminate/Foundation/Bootstrap/RegisterFacades.php:26
/var/www/html/vendor/orchestra/testbench-core/src/Concerns/CreatesApplication.php:556
/var/www/html/vendor/orchestra/testbench-core/src/Concerns/CreatesApplication.php:311
/var/www/html/vendor/orchestra/testbench-core/src/TestCase.php:121
/var/www/html/vendor/orchestra/testbench-core/src/Concerns/ApplicationTestingHooks.php:74
/var/www/html/vendor/orchestra/testbench-core/src/Concerns/Testing.php:43
/var/www/html/vendor/laravel/framework/src/Illuminate/Collections/helpers.php:236
/var/www/html/vendor/orchestra/sidekick/src/functions.php:87
/var/www/html/vendor/laravel/framework/src/Illuminate/Collections/helpers.php:236
/var/www/html/vendor/orchestra/testbench-core/src/Concerns/Testing.php:57
/var/www/html/vendor/orchestra/testbench-core/src/TestCase.php:50
/var/www/html/tests/TestCase.php:61
/var/www/html/tests/Unit/Traits/LogsOperationsTest.php:37</error>
        </testcase>
        <testcase name="it_limits_performance_samples" file="/var/www/html/tests/Unit/Traits/LogsOperationsTest.php" line="482" class="JTD\LaravelMCP\Tests\Unit\Traits\LogsOperationsTest" classname="JTD.LaravelMCP.Tests.Unit.Traits.LogsOperationsTest" assertions="0" time="0.000000">
          <error type="Exception">JTD\LaravelMCP\Tests\Unit\Traits\LogsOperationsTest::it_limits_performance_samples
Exception: The /var/www/html/vendor/orchestra/testbench-core/laravel/bootstrap/cache directory must be present and writable.

/var/www/html/vendor/laravel/framework/src/Illuminate/Foundation/PackageManifest.php:179
/var/www/html/vendor/orchestra/testbench-core/src/Foundation/PackageManifest.php:157
/var/www/html/vendor/laravel/framework/src/Illuminate/Foundation/PackageManifest.php:132
/var/www/html/vendor/laravel/framework/src/Illuminate/Foundation/PackageManifest.php:108
/var/www/html/vendor/orchestra/testbench-core/src/Foundation/PackageManifest.php:102
/var/www/html/vendor/laravel/framework/src/Illuminate/Foundation/PackageManifest.php:91
/var/www/html/vendor/laravel/framework/src/Illuminate/Foundation/PackageManifest.php:80
/var/www/html/vendor/laravel/framework/src/Illuminate/Foundation/Bootstrap/RegisterFacades.php:26
/var/www/html/vendor/orchestra/testbench-core/src/Concerns/CreatesApplication.php:556
/var/www/html/vendor/orchestra/testbench-core/src/Concerns/CreatesApplication.php:311
/var/www/html/vendor/orchestra/testbench-core/src/TestCase.php:121
/var/www/html/vendor/orchestra/testbench-core/src/Concerns/ApplicationTestingHooks.php:74
/var/www/html/vendor/orchestra/testbench-core/src/Concerns/Testing.php:43
/var/www/html/vendor/laravel/framework/src/Illuminate/Collections/helpers.php:236
/var/www/html/vendor/orchestra/sidekick/src/functions.php:87
/var/www/html/vendor/laravel/framework/src/Illuminate/Collections/helpers.php:236
/var/www/html/vendor/orchestra/testbench-core/src/Concerns/Testing.php:57
/var/www/html/vendor/orchestra/testbench-core/src/TestCase.php:50
/var/www/html/tests/TestCase.php:61
/var/www/html/tests/Unit/Traits/LogsOperationsTest.php:37</error>
        </testcase>
      </testsuite>
      <testsuite name="JTD\LaravelMCP\Tests\Unit\Traits\ManagesCapabilitiesTest" file="/var/www/html/tests/Unit/Traits/ManagesCapabilitiesTest.php" tests="25" assertions="0" errors="25" failures="0" skipped="0" time="0.000000">
        <testcase name="it_gets_default_capabilities" file="/var/www/html/tests/Unit/Traits/ManagesCapabilitiesTest.php" line="44" class="JTD\LaravelMCP\Tests\Unit\Traits\ManagesCapabilitiesTest" classname="JTD.LaravelMCP.Tests.Unit.Traits.ManagesCapabilitiesTest" assertions="0" time="0.000000">
          <error type="Exception">JTD\LaravelMCP\Tests\Unit\Traits\ManagesCapabilitiesTest::it_gets_default_capabilities
Exception: The /var/www/html/vendor/orchestra/testbench-core/laravel/bootstrap/cache directory must be present and writable.

/var/www/html/vendor/laravel/framework/src/Illuminate/Foundation/PackageManifest.php:179
/var/www/html/vendor/orchestra/testbench-core/src/Foundation/PackageManifest.php:157
/var/www/html/vendor/laravel/framework/src/Illuminate/Foundation/PackageManifest.php:132
/var/www/html/vendor/laravel/framework/src/Illuminate/Foundation/PackageManifest.php:108
/var/www/html/vendor/orchestra/testbench-core/src/Foundation/PackageManifest.php:102
/var/www/html/vendor/laravel/framework/src/Illuminate/Foundation/PackageManifest.php:91
/var/www/html/vendor/laravel/framework/src/Illuminate/Foundation/PackageManifest.php:80
/var/www/html/vendor/laravel/framework/src/Illuminate/Foundation/Bootstrap/RegisterFacades.php:26
/var/www/html/vendor/orchestra/testbench-core/src/Concerns/CreatesApplication.php:556
/var/www/html/vendor/orchestra/testbench-core/src/Concerns/CreatesApplication.php:311
/var/www/html/vendor/orchestra/testbench-core/src/TestCase.php:121
/var/www/html/vendor/orchestra/testbench-core/src/Concerns/ApplicationTestingHooks.php:74
/var/www/html/vendor/orchestra/testbench-core/src/Concerns/Testing.php:43
/var/www/html/vendor/laravel/framework/src/Illuminate/Collections/helpers.php:236
/var/www/html/vendor/orchestra/sidekick/src/functions.php:87
/var/www/html/vendor/laravel/framework/src/Illuminate/Collections/helpers.php:236
/var/www/html/vendor/orchestra/testbench-core/src/Concerns/Testing.php:57
/var/www/html/vendor/orchestra/testbench-core/src/TestCase.php:50
/var/www/html/tests/TestCase.php:61
/var/www/html/tests/Unit/Traits/ManagesCapabilitiesTest.php:34</error>
        </testcase>
        <testcase name="it_adds_capability" file="/var/www/html/tests/Unit/Traits/ManagesCapabilitiesTest.php" line="52" class="JTD\LaravelMCP\Tests\Unit\Traits\ManagesCapabilitiesTest" classname="JTD.LaravelMCP.Tests.Unit.Traits.ManagesCapabilitiesTest" assertions="0" time="0.000000">
          <error type="Exception">JTD\LaravelMCP\Tests\Unit\Traits\ManagesCapabilitiesTest::it_adds_capability
Exception: The /var/www/html/vendor/orchestra/testbench-core/laravel/bootstrap/cache directory must be present and writable.

/var/www/html/vendor/laravel/framework/src/Illuminate/Foundation/PackageManifest.php:179
/var/www/html/vendor/orchestra/testbench-core/src/Foundation/PackageManifest.php:157
/var/www/html/vendor/laravel/framework/src/Illuminate/Foundation/PackageManifest.php:132
/var/www/html/vendor/laravel/framework/src/Illuminate/Foundation/PackageManifest.php:108
/var/www/html/vendor/orchestra/testbench-core/src/Foundation/PackageManifest.php:102
/var/www/html/vendor/laravel/framework/src/Illuminate/Foundation/PackageManifest.php:91
/var/www/html/vendor/laravel/framework/src/Illuminate/Foundation/PackageManifest.php:80
/var/www/html/vendor/laravel/framework/src/Illuminate/Foundation/Bootstrap/RegisterFacades.php:26
/var/www/html/vendor/orchestra/testbench-core/src/Concerns/CreatesApplication.php:556
/var/www/html/vendor/orchestra/testbench-core/src/Concerns/CreatesApplication.php:311
/var/www/html/vendor/orchestra/testbench-core/src/TestCase.php:121
/var/www/html/vendor/orchestra/testbench-core/src/Concerns/ApplicationTestingHooks.php:74
/var/www/html/vendor/orchestra/testbench-core/src/Concerns/Testing.php:43
/var/www/html/vendor/laravel/framework/src/Illuminate/Collections/helpers.php:236
/var/www/html/vendor/orchestra/sidekick/src/functions.php:87
/var/www/html/vendor/laravel/framework/src/Illuminate/Collections/helpers.php:236
/var/www/html/vendor/orchestra/testbench-core/src/Concerns/Testing.php:57
/var/www/html/vendor/orchestra/testbench-core/src/TestCase.php:50
/var/www/html/tests/TestCase.php:61
/var/www/html/tests/Unit/Traits/ManagesCapabilitiesTest.php:34</error>
        </testcase>
        <testcase name="it_prevents_duplicate_capabilities" file="/var/www/html/tests/Unit/Traits/ManagesCapabilitiesTest.php" line="61" class="JTD\LaravelMCP\Tests\Unit\Traits\ManagesCapabilitiesTest" classname="JTD.LaravelMCP.Tests.Unit.Traits.ManagesCapabilitiesTest" assertions="0" time="0.000000">
          <error type="Exception">JTD\LaravelMCP\Tests\Unit\Traits\ManagesCapabilitiesTest::it_prevents_duplicate_capabilities
Exception: The /var/www/html/vendor/orchestra/testbench-core/laravel/bootstrap/cache directory must be present and writable.

/var/www/html/vendor/laravel/framework/src/Illuminate/Foundation/PackageManifest.php:179
/var/www/html/vendor/orchestra/testbench-core/src/Foundation/PackageManifest.php:157
/var/www/html/vendor/laravel/framework/src/Illuminate/Foundation/PackageManifest.php:132
/var/www/html/vendor/laravel/framework/src/Illuminate/Foundation/PackageManifest.php:108
/var/www/html/vendor/orchestra/testbench-core/src/Foundation/PackageManifest.php:102
/var/www/html/vendor/laravel/framework/src/Illuminate/Foundation/PackageManifest.php:91
/var/www/html/vendor/laravel/framework/src/Illuminate/Foundation/PackageManifest.php:80
/var/www/html/vendor/laravel/framework/src/Illuminate/Foundation/Bootstrap/RegisterFacades.php:26
/var/www/html/vendor/orchestra/testbench-core/src/Concerns/CreatesApplication.php:556
/var/www/html/vendor/orchestra/testbench-core/src/Concerns/CreatesApplication.php:311
/var/www/html/vendor/orchestra/testbench-core/src/TestCase.php:121
/var/www/html/vendor/orchestra/testbench-core/src/Concerns/ApplicationTestingHooks.php:74
/var/www/html/vendor/orchestra/testbench-core/src/Concerns/Testing.php:43
/var/www/html/vendor/laravel/framework/src/Illuminate/Collections/helpers.php:236
/var/www/html/vendor/orchestra/sidekick/src/functions.php:87
/var/www/html/vendor/laravel/framework/src/Illuminate/Collections/helpers.php:236
/var/www/html/vendor/orchestra/testbench-core/src/Concerns/Testing.php:57
/var/www/html/vendor/orchestra/testbench-core/src/TestCase.php:50
/var/www/html/tests/TestCase.php:61
/var/www/html/tests/Unit/Traits/ManagesCapabilitiesTest.php:34</error>
        </testcase>
        <testcase name="it_removes_capability" file="/var/www/html/tests/Unit/Traits/ManagesCapabilitiesTest.php" line="72" class="JTD\LaravelMCP\Tests\Unit\Traits\ManagesCapabilitiesTest" classname="JTD.LaravelMCP.Tests.Unit.Traits.ManagesCapabilitiesTest" assertions="0" time="0.000000">
          <error type="Exception">JTD\LaravelMCP\Tests\Unit\Traits\ManagesCapabilitiesTest::it_removes_capability
Exception: The /var/www/html/vendor/orchestra/testbench-core/laravel/bootstrap/cache directory must be present and writable.

/var/www/html/vendor/laravel/framework/src/Illuminate/Foundation/PackageManifest.php:179
/var/www/html/vendor/orchestra/testbench-core/src/Foundation/PackageManifest.php:157
/var/www/html/vendor/laravel/framework/src/Illuminate/Foundation/PackageManifest.php:132
/var/www/html/vendor/laravel/framework/src/Illuminate/Foundation/PackageManifest.php:108
/var/www/html/vendor/orchestra/testbench-core/src/Foundation/PackageManifest.php:102
/var/www/html/vendor/laravel/framework/src/Illuminate/Foundation/PackageManifest.php:91
/var/www/html/vendor/laravel/framework/src/Illuminate/Foundation/PackageManifest.php:80
/var/www/html/vendor/laravel/framework/src/Illuminate/Foundation/Bootstrap/RegisterFacades.php:26
/var/www/html/vendor/orchestra/testbench-core/src/Concerns/CreatesApplication.php:556
/var/www/html/vendor/orchestra/testbench-core/src/Concerns/CreatesApplication.php:311
/var/www/html/vendor/orchestra/testbench-core/src/TestCase.php:121
/var/www/html/vendor/orchestra/testbench-core/src/Concerns/ApplicationTestingHooks.php:74
/var/www/html/vendor/orchestra/testbench-core/src/Concerns/Testing.php:43
/var/www/html/vendor/laravel/framework/src/Illuminate/Collections/helpers.php:236
/var/www/html/vendor/orchestra/sidekick/src/functions.php:87
/var/www/html/vendor/laravel/framework/src/Illuminate/Collections/helpers.php:236
/var/www/html/vendor/orchestra/testbench-core/src/Concerns/Testing.php:57
/var/www/html/vendor/orchestra/testbench-core/src/TestCase.php:50
/var/www/html/tests/TestCase.php:61
/var/www/html/tests/Unit/Traits/ManagesCapabilitiesTest.php:34</error>
        </testcase>
        <testcase name="it_sets_capabilities_replacing_existing" file="/var/www/html/tests/Unit/Traits/ManagesCapabilitiesTest.php" line="84" class="JTD\LaravelMCP\Tests\Unit\Traits\ManagesCapabilitiesTest" classname="JTD.LaravelMCP.Tests.Unit.Traits.ManagesCapabilitiesTest" assertions="0" time="0.000000">
          <error type="Exception">JTD\LaravelMCP\Tests\Unit\Traits\ManagesCapabilitiesTest::it_sets_capabilities_replacing_existing
Exception: The /var/www/html/vendor/orchestra/testbench-core/laravel/bootstrap/cache directory must be present and writable.

/var/www/html/vendor/laravel/framework/src/Illuminate/Foundation/PackageManifest.php:179
/var/www/html/vendor/orchestra/testbench-core/src/Foundation/PackageManifest.php:157
/var/www/html/vendor/laravel/framework/src/Illuminate/Foundation/PackageManifest.php:132
/var/www/html/vendor/laravel/framework/src/Illuminate/Foundation/PackageManifest.php:108
/var/www/html/vendor/orchestra/testbench-core/src/Foundation/PackageManifest.php:102
/var/www/html/vendor/laravel/framework/src/Illuminate/Foundation/PackageManifest.php:91
/var/www/html/vendor/laravel/framework/src/Illuminate/Foundation/PackageManifest.php:80
/var/www/html/vendor/laravel/framework/src/Illuminate/Foundation/Bootstrap/RegisterFacades.php:26
/var/www/html/vendor/orchestra/testbench-core/src/Concerns/CreatesApplication.php:556
/var/www/html/vendor/orchestra/testbench-core/src/Concerns/CreatesApplication.php:311
/var/www/html/vendor/orchestra/testbench-core/src/TestCase.php:121
/var/www/html/vendor/orchestra/testbench-core/src/Concerns/ApplicationTestingHooks.php:74
/var/www/html/vendor/orchestra/testbench-core/src/Concerns/Testing.php:43
/var/www/html/vendor/laravel/framework/src/Illuminate/Collections/helpers.php:236
/var/www/html/vendor/orchestra/sidekick/src/functions.php:87
/var/www/html/vendor/laravel/framework/src/Illuminate/Collections/helpers.php:236
/var/www/html/vendor/orchestra/testbench-core/src/Concerns/Testing.php:57
/var/www/html/vendor/orchestra/testbench-core/src/TestCase.php:50
/var/www/html/tests/TestCase.php:61
/var/www/html/tests/Unit/Traits/ManagesCapabilitiesTest.php:34</error>
        </testcase>
        <testcase name="it_gets_tool_default_capabilities" file="/var/www/html/tests/Unit/Traits/ManagesCapabilitiesTest.php" line="96" class="JTD\LaravelMCP\Tests\Unit\Traits\ManagesCapabilitiesTest" classname="JTD.LaravelMCP.Tests.Unit.Traits.ManagesCapabilitiesTest" assertions="0" time="0.000000">
          <error type="Exception">JTD\LaravelMCP\Tests\Unit\Traits\ManagesCapabilitiesTest::it_gets_tool_default_capabilities
Exception: The /var/www/html/vendor/orchestra/testbench-core/laravel/bootstrap/cache directory must be present and writable.

/var/www/html/vendor/laravel/framework/src/Illuminate/Foundation/PackageManifest.php:179
/var/www/html/vendor/orchestra/testbench-core/src/Foundation/PackageManifest.php:157
/var/www/html/vendor/laravel/framework/src/Illuminate/Foundation/PackageManifest.php:132
/var/www/html/vendor/laravel/framework/src/Illuminate/Foundation/PackageManifest.php:108
/var/www/html/vendor/orchestra/testbench-core/src/Foundation/PackageManifest.php:102
/var/www/html/vendor/laravel/framework/src/Illuminate/Foundation/PackageManifest.php:91
/var/www/html/vendor/laravel/framework/src/Illuminate/Foundation/PackageManifest.php:80
/var/www/html/vendor/laravel/framework/src/Illuminate/Foundation/Bootstrap/RegisterFacades.php:26
/var/www/html/vendor/orchestra/testbench-core/src/Concerns/CreatesApplication.php:556
/var/www/html/vendor/orchestra/testbench-core/src/Concerns/CreatesApplication.php:311
/var/www/html/vendor/orchestra/testbench-core/src/TestCase.php:121
/var/www/html/vendor/orchestra/testbench-core/src/Concerns/ApplicationTestingHooks.php:74
/var/www/html/vendor/orchestra/testbench-core/src/Concerns/Testing.php:43
/var/www/html/vendor/laravel/framework/src/Illuminate/Collections/helpers.php:236
/var/www/html/vendor/orchestra/sidekick/src/functions.php:87
/var/www/html/vendor/laravel/framework/src/Illuminate/Collections/helpers.php:236
/var/www/html/vendor/orchestra/testbench-core/src/Concerns/Testing.php:57
/var/www/html/vendor/orchestra/testbench-core/src/TestCase.php:50
/var/www/html/tests/TestCase.php:61
/var/www/html/tests/Unit/Traits/ManagesCapabilitiesTest.php:34</error>
        </testcase>
        <testcase name="it_gets_resource_default_capabilities" file="/var/www/html/tests/Unit/Traits/ManagesCapabilitiesTest.php" line="113" class="JTD\LaravelMCP\Tests\Unit\Traits\ManagesCapabilitiesTest" classname="JTD.LaravelMCP.Tests.Unit.Traits.ManagesCapabilitiesTest" assertions="0" time="0.000000">
          <error type="Exception">JTD\LaravelMCP\Tests\Unit\Traits\ManagesCapabilitiesTest::it_gets_resource_default_capabilities
Exception: The /var/www/html/vendor/orchestra/testbench-core/laravel/bootstrap/cache directory must be present and writable.

/var/www/html/vendor/laravel/framework/src/Illuminate/Foundation/PackageManifest.php:179
/var/www/html/vendor/orchestra/testbench-core/src/Foundation/PackageManifest.php:157
/var/www/html/vendor/laravel/framework/src/Illuminate/Foundation/PackageManifest.php:132
/var/www/html/vendor/laravel/framework/src/Illuminate/Foundation/PackageManifest.php:108
/var/www/html/vendor/orchestra/testbench-core/src/Foundation/PackageManifest.php:102
/var/www/html/vendor/laravel/framework/src/Illuminate/Foundation/PackageManifest.php:91
/var/www/html/vendor/laravel/framework/src/Illuminate/Foundation/PackageManifest.php:80
/var/www/html/vendor/laravel/framework/src/Illuminate/Foundation/Bootstrap/RegisterFacades.php:26
/var/www/html/vendor/orchestra/testbench-core/src/Concerns/CreatesApplication.php:556
/var/www/html/vendor/orchestra/testbench-core/src/Concerns/CreatesApplication.php:311
/var/www/html/vendor/orchestra/testbench-core/src/TestCase.php:121
/var/www/html/vendor/orchestra/testbench-core/src/Concerns/ApplicationTestingHooks.php:74
/var/www/html/vendor/orchestra/testbench-core/src/Concerns/Testing.php:43
/var/www/html/vendor/laravel/framework/src/Illuminate/Collections/helpers.php:236
/var/www/html/vendor/orchestra/sidekick/src/functions.php:87
/var/www/html/vendor/laravel/framework/src/Illuminate/Collections/helpers.php:236
/var/www/html/vendor/orchestra/testbench-core/src/Concerns/Testing.php:57
/var/www/html/vendor/orchestra/testbench-core/src/TestCase.php:50
/var/www/html/tests/TestCase.php:61
/var/www/html/tests/Unit/Traits/ManagesCapabilitiesTest.php:34</error>
        </testcase>
        <testcase name="it_gets_prompt_default_capabilities" file="/var/www/html/tests/Unit/Traits/ManagesCapabilitiesTest.php" line="136" class="JTD\LaravelMCP\Tests\Unit\Traits\ManagesCapabilitiesTest" classname="JTD.LaravelMCP.Tests.Unit.Traits.ManagesCapabilitiesTest" assertions="0" time="0.000000">
          <error type="Exception">JTD\LaravelMCP\Tests\Unit\Traits\ManagesCapabilitiesTest::it_gets_prompt_default_capabilities
Exception: The /var/www/html/vendor/orchestra/testbench-core/laravel/bootstrap/cache directory must be present and writable.

/var/www/html/vendor/laravel/framework/src/Illuminate/Foundation/PackageManifest.php:179
/var/www/html/vendor/orchestra/testbench-core/src/Foundation/PackageManifest.php:157
/var/www/html/vendor/laravel/framework/src/Illuminate/Foundation/PackageManifest.php:132
/var/www/html/vendor/laravel/framework/src/Illuminate/Foundation/PackageManifest.php:108
/var/www/html/vendor/orchestra/testbench-core/src/Foundation/PackageManifest.php:102
/var/www/html/vendor/laravel/framework/src/Illuminate/Foundation/PackageManifest.php:91
/var/www/html/vendor/laravel/framework/src/Illuminate/Foundation/PackageManifest.php:80
/var/www/html/vendor/laravel/framework/src/Illuminate/Foundation/Bootstrap/RegisterFacades.php:26
/var/www/html/vendor/orchestra/testbench-core/src/Concerns/CreatesApplication.php:556
/var/www/html/vendor/orchestra/testbench-core/src/Concerns/CreatesApplication.php:311
/var/www/html/vendor/orchestra/testbench-core/src/TestCase.php:121
/var/www/html/vendor/orchestra/testbench-core/src/Concerns/ApplicationTestingHooks.php:74
/var/www/html/vendor/orchestra/testbench-core/src/Concerns/Testing.php:43
/var/www/html/vendor/laravel/framework/src/Illuminate/Collections/helpers.php:236
/var/www/html/vendor/orchestra/sidekick/src/functions.php:87
/var/www/html/vendor/laravel/framework/src/Illuminate/Collections/helpers.php:236
/var/www/html/vendor/orchestra/testbench-core/src/Concerns/Testing.php:57
/var/www/html/vendor/orchestra/testbench-core/src/TestCase.php:50
/var/www/html/tests/TestCase.php:61
/var/www/html/tests/Unit/Traits/ManagesCapabilitiesTest.php:34</error>
        </testcase>
        <testcase name="it_checks_capability_existence" file="/var/www/html/tests/Unit/Traits/ManagesCapabilitiesTest.php" line="153" class="JTD\LaravelMCP\Tests\Unit\Traits\ManagesCapabilitiesTest" classname="JTD.LaravelMCP.Tests.Unit.Traits.ManagesCapabilitiesTest" assertions="0" time="0.000000">
          <error type="Exception">JTD\LaravelMCP\Tests\Unit\Traits\ManagesCapabilitiesTest::it_checks_capability_existence
Exception: The /var/www/html/vendor/orchestra/testbench-core/laravel/bootstrap/cache directory must be present and writable.

/var/www/html/vendor/laravel/framework/src/Illuminate/Foundation/PackageManifest.php:179
/var/www/html/vendor/orchestra/testbench-core/src/Foundation/PackageManifest.php:157
/var/www/html/vendor/laravel/framework/src/Illuminate/Foundation/PackageManifest.php:132
/var/www/html/vendor/laravel/framework/src/Illuminate/Foundation/PackageManifest.php:108
/var/www/html/vendor/orchestra/testbench-core/src/Foundation/PackageManifest.php:102
/var/www/html/vendor/laravel/framework/src/Illuminate/Foundation/PackageManifest.php:91
/var/www/html/vendor/laravel/framework/src/Illuminate/Foundation/PackageManifest.php:80
/var/www/html/vendor/laravel/framework/src/Illuminate/Foundation/Bootstrap/RegisterFacades.php:26
/var/www/html/vendor/orchestra/testbench-core/src/Concerns/CreatesApplication.php:556
/var/www/html/vendor/orchestra/testbench-core/src/Concerns/CreatesApplication.php:311
/var/www/html/vendor/orchestra/testbench-core/src/TestCase.php:121
/var/www/html/vendor/orchestra/testbench-core/src/Concerns/ApplicationTestingHooks.php:74
/var/www/html/vendor/orchestra/testbench-core/src/Concerns/Testing.php:43
/var/www/html/vendor/laravel/framework/src/Illuminate/Collections/helpers.php:236
/var/www/html/vendor/orchestra/sidekick/src/functions.php:87
/var/www/html/vendor/laravel/framework/src/Illuminate/Collections/helpers.php:236
/var/www/html/vendor/orchestra/testbench-core/src/Concerns/Testing.php:57
/var/www/html/vendor/orchestra/testbench-core/src/TestCase.php:50
/var/www/html/tests/TestCase.php:61
/var/www/html/tests/Unit/Traits/ManagesCapabilitiesTest.php:34</error>
        </testcase>
        <testcase name="it_gets_capabilities_array" file="/var/www/html/tests/Unit/Traits/ManagesCapabilitiesTest.php" line="162" class="JTD\LaravelMCP\Tests\Unit\Traits\ManagesCapabilitiesTest" classname="JTD.LaravelMCP.Tests.Unit.Traits.ManagesCapabilitiesTest" assertions="0" time="0.000000">
          <error type="Exception">JTD\LaravelMCP\Tests\Unit\Traits\ManagesCapabilitiesTest::it_gets_capabilities_array
Exception: The /var/www/html/vendor/orchestra/testbench-core/laravel/bootstrap/cache directory must be present and writable.

/var/www/html/vendor/laravel/framework/src/Illuminate/Foundation/PackageManifest.php:179
/var/www/html/vendor/orchestra/testbench-core/src/Foundation/PackageManifest.php:157
/var/www/html/vendor/laravel/framework/src/Illuminate/Foundation/PackageManifest.php:132
/var/www/html/vendor/laravel/framework/src/Illuminate/Foundation/PackageManifest.php:108
/var/www/html/vendor/orchestra/testbench-core/src/Foundation/PackageManifest.php:102
/var/www/html/vendor/laravel/framework/src/Illuminate/Foundation/PackageManifest.php:91
/var/www/html/vendor/laravel/framework/src/Illuminate/Foundation/PackageManifest.php:80
/var/www/html/vendor/laravel/framework/src/Illuminate/Foundation/Bootstrap/RegisterFacades.php:26
/var/www/html/vendor/orchestra/testbench-core/src/Concerns/CreatesApplication.php:556
/var/www/html/vendor/orchestra/testbench-core/src/Concerns/CreatesApplication.php:311
/var/www/html/vendor/orchestra/testbench-core/src/TestCase.php:121
/var/www/html/vendor/orchestra/testbench-core/src/Concerns/ApplicationTestingHooks.php:74
/var/www/html/vendor/orchestra/testbench-core/src/Concerns/Testing.php:43
/var/www/html/vendor/laravel/framework/src/Illuminate/Collections/helpers.php:236
/var/www/html/vendor/orchestra/sidekick/src/functions.php:87
/var/www/html/vendor/laravel/framework/src/Illuminate/Collections/helpers.php:236
/var/www/html/vendor/orchestra/testbench-core/src/Concerns/Testing.php:57
/var/www/html/vendor/orchestra/testbench-core/src/TestCase.php:50
/var/www/html/tests/TestCase.php:61
/var/www/html/tests/Unit/Traits/ManagesCapabilitiesTest.php:34</error>
        </testcase>
        <testcase name="it_gets_supported_operations_for_tool" file="/var/www/html/tests/Unit/Traits/ManagesCapabilitiesTest.php" line="174" class="JTD\LaravelMCP\Tests\Unit\Traits\ManagesCapabilitiesTest" classname="JTD.LaravelMCP.Tests.Unit.Traits.ManagesCapabilitiesTest" assertions="0" time="0.000000">
          <error type="Exception">JTD\LaravelMCP\Tests\Unit\Traits\ManagesCapabilitiesTest::it_gets_supported_operations_for_tool
Exception: The /var/www/html/vendor/orchestra/testbench-core/laravel/bootstrap/cache directory must be present and writable.

/var/www/html/vendor/laravel/framework/src/Illuminate/Foundation/PackageManifest.php:179
/var/www/html/vendor/orchestra/testbench-core/src/Foundation/PackageManifest.php:157
/var/www/html/vendor/laravel/framework/src/Illuminate/Foundation/PackageManifest.php:132
/var/www/html/vendor/laravel/framework/src/Illuminate/Foundation/PackageManifest.php:108
/var/www/html/vendor/orchestra/testbench-core/src/Foundation/PackageManifest.php:102
/var/www/html/vendor/laravel/framework/src/Illuminate/Foundation/PackageManifest.php:91
/var/www/html/vendor/laravel/framework/src/Illuminate/Foundation/PackageManifest.php:80
/var/www/html/vendor/laravel/framework/src/Illuminate/Foundation/Bootstrap/RegisterFacades.php:26
/var/www/html/vendor/orchestra/testbench-core/src/Concerns/CreatesApplication.php:556
/var/www/html/vendor/orchestra/testbench-core/src/Concerns/CreatesApplication.php:311
/var/www/html/vendor/orchestra/testbench-core/src/TestCase.php:121
/var/www/html/vendor/orchestra/testbench-core/src/Concerns/ApplicationTestingHooks.php:74
/var/www/html/vendor/orchestra/testbench-core/src/Concerns/Testing.php:43
/var/www/html/vendor/laravel/framework/src/Illuminate/Collections/helpers.php:236
/var/www/html/vendor/orchestra/sidekick/src/functions.php:87
/var/www/html/vendor/laravel/framework/src/Illuminate/Collections/helpers.php:236
/var/www/html/vendor/orchestra/testbench-core/src/Concerns/Testing.php:57
/var/www/html/vendor/orchestra/testbench-core/src/TestCase.php:50
/var/www/html/tests/TestCase.php:61
/var/www/html/tests/Unit/Traits/ManagesCapabilitiesTest.php:34</error>
        </testcase>
        <testcase name="it_gets_supported_operations_for_resource" file="/var/www/html/tests/Unit/Traits/ManagesCapabilitiesTest.php" line="191" class="JTD\LaravelMCP\Tests\Unit\Traits\ManagesCapabilitiesTest" classname="JTD.LaravelMCP.Tests.Unit.Traits.ManagesCapabilitiesTest" assertions="0" time="0.000000">
          <error type="Exception">JTD\LaravelMCP\Tests\Unit\Traits\ManagesCapabilitiesTest::it_gets_supported_operations_for_resource
Exception: The /var/www/html/vendor/orchestra/testbench-core/laravel/bootstrap/cache directory must be present and writable.

/var/www/html/vendor/laravel/framework/src/Illuminate/Foundation/PackageManifest.php:179
/var/www/html/vendor/orchestra/testbench-core/src/Foundation/PackageManifest.php:157
/var/www/html/vendor/laravel/framework/src/Illuminate/Foundation/PackageManifest.php:132
/var/www/html/vendor/laravel/framework/src/Illuminate/Foundation/PackageManifest.php:108
/var/www/html/vendor/orchestra/testbench-core/src/Foundation/PackageManifest.php:102
/var/www/html/vendor/laravel/framework/src/Illuminate/Foundation/PackageManifest.php:91
/var/www/html/vendor/laravel/framework/src/Illuminate/Foundation/PackageManifest.php:80
/var/www/html/vendor/laravel/framework/src/Illuminate/Foundation/Bootstrap/RegisterFacades.php:26
/var/www/html/vendor/orchestra/testbench-core/src/Concerns/CreatesApplication.php:556
/var/www/html/vendor/orchestra/testbench-core/src/Concerns/CreatesApplication.php:311
/var/www/html/vendor/orchestra/testbench-core/src/TestCase.php:121
/var/www/html/vendor/orchestra/testbench-core/src/Concerns/ApplicationTestingHooks.php:74
/var/www/html/vendor/orchestra/testbench-core/src/Concerns/Testing.php:43
/var/www/html/vendor/laravel/framework/src/Illuminate/Collections/helpers.php:236
/var/www/html/vendor/orchestra/sidekick/src/functions.php:87
/var/www/html/vendor/laravel/framework/src/Illuminate/Collections/helpers.php:236
/var/www/html/vendor/orchestra/testbench-core/src/Concerns/Testing.php:57
/var/www/html/vendor/orchestra/testbench-core/src/TestCase.php:50
/var/www/html/tests/TestCase.php:61
/var/www/html/tests/Unit/Traits/ManagesCapabilitiesTest.php:34</error>
        </testcase>
        <testcase name="it_checks_operation_support" file="/var/www/html/tests/Unit/Traits/ManagesCapabilitiesTest.php" line="214" class="JTD\LaravelMCP\Tests\Unit\Traits\ManagesCapabilitiesTest" classname="JTD.LaravelMCP.Tests.Unit.Traits.ManagesCapabilitiesTest" assertions="0" time="0.000000">
          <error type="Exception">JTD\LaravelMCP\Tests\Unit\Traits\ManagesCapabilitiesTest::it_checks_operation_support
Exception: The /var/www/html/vendor/orchestra/testbench-core/laravel/bootstrap/cache directory must be present and writable.

/var/www/html/vendor/laravel/framework/src/Illuminate/Foundation/PackageManifest.php:179
/var/www/html/vendor/orchestra/testbench-core/src/Foundation/PackageManifest.php:157
/var/www/html/vendor/laravel/framework/src/Illuminate/Foundation/PackageManifest.php:132
/var/www/html/vendor/laravel/framework/src/Illuminate/Foundation/PackageManifest.php:108
/var/www/html/vendor/orchestra/testbench-core/src/Foundation/PackageManifest.php:102
/var/www/html/vendor/laravel/framework/src/Illuminate/Foundation/PackageManifest.php:91
/var/www/html/vendor/laravel/framework/src/Illuminate/Foundation/PackageManifest.php:80
/var/www/html/vendor/laravel/framework/src/Illuminate/Foundation/Bootstrap/RegisterFacades.php:26
/var/www/html/vendor/orchestra/testbench-core/src/Concerns/CreatesApplication.php:556
/var/www/html/vendor/orchestra/testbench-core/src/Concerns/CreatesApplication.php:311
/var/www/html/vendor/orchestra/testbench-core/src/TestCase.php:121
/var/www/html/vendor/orchestra/testbench-core/src/Concerns/ApplicationTestingHooks.php:74
/var/www/html/vendor/orchestra/testbench-core/src/Concerns/Testing.php:43
/var/www/html/vendor/laravel/framework/src/Illuminate/Collections/helpers.php:236
/var/www/html/vendor/orchestra/sidekick/src/functions.php:87
/var/www/html/vendor/laravel/framework/src/Illuminate/Collections/helpers.php:236
/var/www/html/vendor/orchestra/testbench-core/src/Concerns/Testing.php:57
/var/www/html/vendor/orchestra/testbench-core/src/TestCase.php:50
/var/www/html/tests/TestCase.php:61
/var/www/html/tests/Unit/Traits/ManagesCapabilitiesTest.php:34</error>
        </testcase>
        <testcase name="it_enables_subscription_capability" file="/var/www/html/tests/Unit/Traits/ManagesCapabilitiesTest.php" line="223" class="JTD\LaravelMCP\Tests\Unit\Traits\ManagesCapabilitiesTest" classname="JTD.LaravelMCP.Tests.Unit.Traits.ManagesCapabilitiesTest" assertions="0" time="0.000000">
          <error type="Exception">JTD\LaravelMCP\Tests\Unit\Traits\ManagesCapabilitiesTest::it_enables_subscription_capability
Exception: The /var/www/html/vendor/orchestra/testbench-core/laravel/bootstrap/cache directory must be present and writable.

/var/www/html/vendor/laravel/framework/src/Illuminate/Foundation/PackageManifest.php:179
/var/www/html/vendor/orchestra/testbench-core/src/Foundation/PackageManifest.php:157
/var/www/html/vendor/laravel/framework/src/Illuminate/Foundation/PackageManifest.php:132
/var/www/html/vendor/laravel/framework/src/Illuminate/Foundation/PackageManifest.php:108
/var/www/html/vendor/orchestra/testbench-core/src/Foundation/PackageManifest.php:102
/var/www/html/vendor/laravel/framework/src/Illuminate/Foundation/PackageManifest.php:91
/var/www/html/vendor/laravel/framework/src/Illuminate/Foundation/PackageManifest.php:80
/var/www/html/vendor/laravel/framework/src/Illuminate/Foundation/Bootstrap/RegisterFacades.php:26
/var/www/html/vendor/orchestra/testbench-core/src/Concerns/CreatesApplication.php:556
/var/www/html/vendor/orchestra/testbench-core/src/Concerns/CreatesApplication.php:311
/var/www/html/vendor/orchestra/testbench-core/src/TestCase.php:121
/var/www/html/vendor/orchestra/testbench-core/src/Concerns/ApplicationTestingHooks.php:74
/var/www/html/vendor/orchestra/testbench-core/src/Concerns/Testing.php:43
/var/www/html/vendor/laravel/framework/src/Illuminate/Collections/helpers.php:236
/var/www/html/vendor/orchestra/sidekick/src/functions.php:87
/var/www/html/vendor/laravel/framework/src/Illuminate/Collections/helpers.php:236
/var/www/html/vendor/orchestra/testbench-core/src/Concerns/Testing.php:57
/var/www/html/vendor/orchestra/testbench-core/src/TestCase.php:50
/var/www/html/tests/TestCase.php:61
/var/www/html/tests/Unit/Traits/ManagesCapabilitiesTest.php:34</error>
        </testcase>
        <testcase name="it_disables_subscription_capability" file="/var/www/html/tests/Unit/Traits/ManagesCapabilitiesTest.php" line="232" class="JTD\LaravelMCP\Tests\Unit\Traits\ManagesCapabilitiesTest" classname="JTD.LaravelMCP.Tests.Unit.Traits.ManagesCapabilitiesTest" assertions="0" time="0.000000">
          <error type="Exception">JTD\LaravelMCP\Tests\Unit\Traits\ManagesCapabilitiesTest::it_disables_subscription_capability
Exception: The /var/www/html/vendor/orchestra/testbench-core/laravel/bootstrap/cache directory must be present and writable.

/var/www/html/vendor/laravel/framework/src/Illuminate/Foundation/PackageManifest.php:179
/var/www/html/vendor/orchestra/testbench-core/src/Foundation/PackageManifest.php:157
/var/www/html/vendor/laravel/framework/src/Illuminate/Foundation/PackageManifest.php:132
/var/www/html/vendor/laravel/framework/src/Illuminate/Foundation/PackageManifest.php:108
/var/www/html/vendor/orchestra/testbench-core/src/Foundation/PackageManifest.php:102
/var/www/html/vendor/laravel/framework/src/Illuminate/Foundation/PackageManifest.php:91
/var/www/html/vendor/laravel/framework/src/Illuminate/Foundation/PackageManifest.php:80
/var/www/html/vendor/laravel/framework/src/Illuminate/Foundation/Bootstrap/RegisterFacades.php:26
/var/www/html/vendor/orchestra/testbench-core/src/Concerns/CreatesApplication.php:556
/var/www/html/vendor/orchestra/testbench-core/src/Concerns/CreatesApplication.php:311
/var/www/html/vendor/orchestra/testbench-core/src/TestCase.php:121
/var/www/html/vendor/orchestra/testbench-core/src/Concerns/ApplicationTestingHooks.php:74
/var/www/html/vendor/orchestra/testbench-core/src/Concerns/Testing.php:43
/var/www/html/vendor/laravel/framework/src/Illuminate/Collections/helpers.php:236
/var/www/html/vendor/orchestra/sidekick/src/functions.php:87
/var/www/html/vendor/laravel/framework/src/Illuminate/Collections/helpers.php:236
/var/www/html/vendor/orchestra/testbench-core/src/Concerns/Testing.php:57
/var/www/html/vendor/orchestra/testbench-core/src/TestCase.php:50
/var/www/html/tests/TestCase.php:61
/var/www/html/tests/Unit/Traits/ManagesCapabilitiesTest.php:34</error>
        </testcase>
        <testcase name="it_gets_capability_metadata" file="/var/www/html/tests/Unit/Traits/ManagesCapabilitiesTest.php" line="242" class="JTD\LaravelMCP\Tests\Unit\Traits\ManagesCapabilitiesTest" classname="JTD.LaravelMCP.Tests.Unit.Traits.ManagesCapabilitiesTest" assertions="0" time="0.000000">
          <error type="Exception">JTD\LaravelMCP\Tests\Unit\Traits\ManagesCapabilitiesTest::it_gets_capability_metadata
Exception: The /var/www/html/vendor/orchestra/testbench-core/laravel/bootstrap/cache directory must be present and writable.

/var/www/html/vendor/laravel/framework/src/Illuminate/Foundation/PackageManifest.php:179
/var/www/html/vendor/orchestra/testbench-core/src/Foundation/PackageManifest.php:157
/var/www/html/vendor/laravel/framework/src/Illuminate/Foundation/PackageManifest.php:132
/var/www/html/vendor/laravel/framework/src/Illuminate/Foundation/PackageManifest.php:108
/var/www/html/vendor/orchestra/testbench-core/src/Foundation/PackageManifest.php:102
/var/www/html/vendor/laravel/framework/src/Illuminate/Foundation/PackageManifest.php:91
/var/www/html/vendor/laravel/framework/src/Illuminate/Foundation/PackageManifest.php:80
/var/www/html/vendor/laravel/framework/src/Illuminate/Foundation/Bootstrap/RegisterFacades.php:26
/var/www/html/vendor/orchestra/testbench-core/src/Concerns/CreatesApplication.php:556
/var/www/html/vendor/orchestra/testbench-core/src/Concerns/CreatesApplication.php:311
/var/www/html/vendor/orchestra/testbench-core/src/TestCase.php:121
/var/www/html/vendor/orchestra/testbench-core/src/Concerns/ApplicationTestingHooks.php:74
/var/www/html/vendor/orchestra/testbench-core/src/Concerns/Testing.php:43
/var/www/html/vendor/laravel/framework/src/Illuminate/Collections/helpers.php:236
/var/www/html/vendor/orchestra/sidekick/src/functions.php:87
/var/www/html/vendor/laravel/framework/src/Illuminate/Collections/helpers.php:236
/var/www/html/vendor/orchestra/testbench-core/src/Concerns/Testing.php:57
/var/www/html/vendor/orchestra/testbench-core/src/TestCase.php:50
/var/www/html/tests/TestCase.php:61
/var/www/html/tests/Unit/Traits/ManagesCapabilitiesTest.php:34</error>
        </testcase>
        <testcase name="it_detects_tool_component_type" file="/var/www/html/tests/Unit/Traits/ManagesCapabilitiesTest.php" line="257" class="JTD\LaravelMCP\Tests\Unit\Traits\ManagesCapabilitiesTest" classname="JTD.LaravelMCP.Tests.Unit.Traits.ManagesCapabilitiesTest" assertions="0" time="0.000000">
          <error type="Exception">JTD\LaravelMCP\Tests\Unit\Traits\ManagesCapabilitiesTest::it_detects_tool_component_type
Exception: The /var/www/html/vendor/orchestra/testbench-core/laravel/bootstrap/cache directory must be present and writable.

/var/www/html/vendor/laravel/framework/src/Illuminate/Foundation/PackageManifest.php:179
/var/www/html/vendor/orchestra/testbench-core/src/Foundation/PackageManifest.php:157
/var/www/html/vendor/laravel/framework/src/Illuminate/Foundation/PackageManifest.php:132
/var/www/html/vendor/laravel/framework/src/Illuminate/Foundation/PackageManifest.php:108
/var/www/html/vendor/orchestra/testbench-core/src/Foundation/PackageManifest.php:102
/var/www/html/vendor/laravel/framework/src/Illuminate/Foundation/PackageManifest.php:91
/var/www/html/vendor/laravel/framework/src/Illuminate/Foundation/PackageManifest.php:80
/var/www/html/vendor/laravel/framework/src/Illuminate/Foundation/Bootstrap/RegisterFacades.php:26
/var/www/html/vendor/orchestra/testbench-core/src/Concerns/CreatesApplication.php:556
/var/www/html/vendor/orchestra/testbench-core/src/Concerns/CreatesApplication.php:311
/var/www/html/vendor/orchestra/testbench-core/src/TestCase.php:121
/var/www/html/vendor/orchestra/testbench-core/src/Concerns/ApplicationTestingHooks.php:74
/var/www/html/vendor/orchestra/testbench-core/src/Concerns/Testing.php:43
/var/www/html/vendor/laravel/framework/src/Illuminate/Collections/helpers.php:236
/var/www/html/vendor/orchestra/sidekick/src/functions.php:87
/var/www/html/vendor/laravel/framework/src/Illuminate/Collections/helpers.php:236
/var/www/html/vendor/orchestra/testbench-core/src/Concerns/Testing.php:57
/var/www/html/vendor/orchestra/testbench-core/src/TestCase.php:50
/var/www/html/tests/TestCase.php:61
/var/www/html/tests/Unit/Traits/ManagesCapabilitiesTest.php:34</error>
        </testcase>
        <testcase name="it_detects_resource_component_type" file="/var/www/html/tests/Unit/Traits/ManagesCapabilitiesTest.php" line="274" class="JTD\LaravelMCP\Tests\Unit\Traits\ManagesCapabilitiesTest" classname="JTD.LaravelMCP.Tests.Unit.Traits.ManagesCapabilitiesTest" assertions="0" time="0.000000">
          <error type="Exception">JTD\LaravelMCP\Tests\Unit\Traits\ManagesCapabilitiesTest::it_detects_resource_component_type
Exception: The /var/www/html/vendor/orchestra/testbench-core/laravel/bootstrap/cache directory must be present and writable.

/var/www/html/vendor/laravel/framework/src/Illuminate/Foundation/PackageManifest.php:179
/var/www/html/vendor/orchestra/testbench-core/src/Foundation/PackageManifest.php:157
/var/www/html/vendor/laravel/framework/src/Illuminate/Foundation/PackageManifest.php:132
/var/www/html/vendor/laravel/framework/src/Illuminate/Foundation/PackageManifest.php:108
/var/www/html/vendor/orchestra/testbench-core/src/Foundation/PackageManifest.php:102
/var/www/html/vendor/laravel/framework/src/Illuminate/Foundation/PackageManifest.php:91
/var/www/html/vendor/laravel/framework/src/Illuminate/Foundation/PackageManifest.php:80
/var/www/html/vendor/laravel/framework/src/Illuminate/Foundation/Bootstrap/RegisterFacades.php:26
/var/www/html/vendor/orchestra/testbench-core/src/Concerns/CreatesApplication.php:556
/var/www/html/vendor/orchestra/testbench-core/src/Concerns/CreatesApplication.php:311
/var/www/html/vendor/orchestra/testbench-core/src/TestCase.php:121
/var/www/html/vendor/orchestra/testbench-core/src/Concerns/ApplicationTestingHooks.php:74
/var/www/html/vendor/orchestra/testbench-core/src/Concerns/Testing.php:43
/var/www/html/vendor/laravel/framework/src/Illuminate/Collections/helpers.php:236
/var/www/html/vendor/orchestra/sidekick/src/functions.php:87
/var/www/html/vendor/laravel/framework/src/Illuminate/Collections/helpers.php:236
/var/www/html/vendor/orchestra/testbench-core/src/Concerns/Testing.php:57
/var/www/html/vendor/orchestra/testbench-core/src/TestCase.php:50
/var/www/html/tests/TestCase.php:61
/var/www/html/tests/Unit/Traits/ManagesCapabilitiesTest.php:34</error>
        </testcase>
        <testcase name="it_detects_prompt_component_type" file="/var/www/html/tests/Unit/Traits/ManagesCapabilitiesTest.php" line="296" class="JTD\LaravelMCP\Tests\Unit\Traits\ManagesCapabilitiesTest" classname="JTD.LaravelMCP.Tests.Unit.Traits.ManagesCapabilitiesTest" assertions="0" time="0.000000">
          <error type="Exception">JTD\LaravelMCP\Tests\Unit\Traits\ManagesCapabilitiesTest::it_detects_prompt_component_type
Exception: The /var/www/html/vendor/orchestra/testbench-core/laravel/bootstrap/cache directory must be present and writable.

/var/www/html/vendor/laravel/framework/src/Illuminate/Foundation/PackageManifest.php:179
/var/www/html/vendor/orchestra/testbench-core/src/Foundation/PackageManifest.php:157
/var/www/html/vendor/laravel/framework/src/Illuminate/Foundation/PackageManifest.php:132
/var/www/html/vendor/laravel/framework/src/Illuminate/Foundation/PackageManifest.php:108
/var/www/html/vendor/orchestra/testbench-core/src/Foundation/PackageManifest.php:102
/var/www/html/vendor/laravel/framework/src/Illuminate/Foundation/PackageManifest.php:91
/var/www/html/vendor/laravel/framework/src/Illuminate/Foundation/PackageManifest.php:80
/var/www/html/vendor/laravel/framework/src/Illuminate/Foundation/Bootstrap/RegisterFacades.php:26
/var/www/html/vendor/orchestra/testbench-core/src/Concerns/CreatesApplication.php:556
/var/www/html/vendor/orchestra/testbench-core/src/Concerns/CreatesApplication.php:311
/var/www/html/vendor/orchestra/testbench-core/src/TestCase.php:121
/var/www/html/vendor/orchestra/testbench-core/src/Concerns/ApplicationTestingHooks.php:74
/var/www/html/vendor/orchestra/testbench-core/src/Concerns/Testing.php:43
/var/www/html/vendor/laravel/framework/src/Illuminate/Collections/helpers.php:236
/var/www/html/vendor/orchestra/sidekick/src/functions.php:87
/var/www/html/vendor/laravel/framework/src/Illuminate/Collections/helpers.php:236
/var/www/html/vendor/orchestra/testbench-core/src/Concerns/Testing.php:57
/var/www/html/vendor/orchestra/testbench-core/src/TestCase.php:50
/var/www/html/tests/TestCase.php:61
/var/www/html/tests/Unit/Traits/ManagesCapabilitiesTest.php:34</error>
        </testcase>
        <testcase name="it_validates_tool_capabilities" file="/var/www/html/tests/Unit/Traits/ManagesCapabilitiesTest.php" line="313" class="JTD\LaravelMCP\Tests\Unit\Traits\ManagesCapabilitiesTest" classname="JTD.LaravelMCP.Tests.Unit.Traits.ManagesCapabilitiesTest" assertions="0" time="0.000000">
          <error type="Exception">JTD\LaravelMCP\Tests\Unit\Traits\ManagesCapabilitiesTest::it_validates_tool_capabilities
Exception: The /var/www/html/vendor/orchestra/testbench-core/laravel/bootstrap/cache directory must be present and writable.

/var/www/html/vendor/laravel/framework/src/Illuminate/Foundation/PackageManifest.php:179
/var/www/html/vendor/orchestra/testbench-core/src/Foundation/PackageManifest.php:157
/var/www/html/vendor/laravel/framework/src/Illuminate/Foundation/PackageManifest.php:132
/var/www/html/vendor/laravel/framework/src/Illuminate/Foundation/PackageManifest.php:108
/var/www/html/vendor/orchestra/testbench-core/src/Foundation/PackageManifest.php:102
/var/www/html/vendor/laravel/framework/src/Illuminate/Foundation/PackageManifest.php:91
/var/www/html/vendor/laravel/framework/src/Illuminate/Foundation/PackageManifest.php:80
/var/www/html/vendor/laravel/framework/src/Illuminate/Foundation/Bootstrap/RegisterFacades.php:26
/var/www/html/vendor/orchestra/testbench-core/src/Concerns/CreatesApplication.php:556
/var/www/html/vendor/orchestra/testbench-core/src/Concerns/CreatesApplication.php:311
/var/www/html/vendor/orchestra/testbench-core/src/TestCase.php:121
/var/www/html/vendor/orchestra/testbench-core/src/Concerns/ApplicationTestingHooks.php:74
/var/www/html/vendor/orchestra/testbench-core/src/Concerns/Testing.php:43
/var/www/html/vendor/laravel/framework/src/Illuminate/Collections/helpers.php:236
/var/www/html/vendor/orchestra/sidekick/src/functions.php:87
/var/www/html/vendor/laravel/framework/src/Illuminate/Collections/helpers.php:236
/var/www/html/vendor/orchestra/testbench-core/src/Concerns/Testing.php:57
/var/www/html/vendor/orchestra/testbench-core/src/TestCase.php:50
/var/www/html/tests/TestCase.php:61
/var/www/html/tests/Unit/Traits/ManagesCapabilitiesTest.php:34</error>
        </testcase>
        <testcase name="it_validates_resource_capabilities" file="/var/www/html/tests/Unit/Traits/ManagesCapabilitiesTest.php" line="338" class="JTD\LaravelMCP\Tests\Unit\Traits\ManagesCapabilitiesTest" classname="JTD.LaravelMCP.Tests.Unit.Traits.ManagesCapabilitiesTest" assertions="0" time="0.000000">
          <error type="Exception">JTD\LaravelMCP\Tests\Unit\Traits\ManagesCapabilitiesTest::it_validates_resource_capabilities
Exception: The /var/www/html/vendor/orchestra/testbench-core/laravel/bootstrap/cache directory must be present and writable.

/var/www/html/vendor/laravel/framework/src/Illuminate/Foundation/PackageManifest.php:179
/var/www/html/vendor/orchestra/testbench-core/src/Foundation/PackageManifest.php:157
/var/www/html/vendor/laravel/framework/src/Illuminate/Foundation/PackageManifest.php:132
/var/www/html/vendor/laravel/framework/src/Illuminate/Foundation/PackageManifest.php:108
/var/www/html/vendor/orchestra/testbench-core/src/Foundation/PackageManifest.php:102
/var/www/html/vendor/laravel/framework/src/Illuminate/Foundation/PackageManifest.php:91
/var/www/html/vendor/laravel/framework/src/Illuminate/Foundation/PackageManifest.php:80
/var/www/html/vendor/laravel/framework/src/Illuminate/Foundation/Bootstrap/RegisterFacades.php:26
/var/www/html/vendor/orchestra/testbench-core/src/Concerns/CreatesApplication.php:556
/var/www/html/vendor/orchestra/testbench-core/src/Concerns/CreatesApplication.php:311
/var/www/html/vendor/orchestra/testbench-core/src/TestCase.php:121
/var/www/html/vendor/orchestra/testbench-core/src/Concerns/ApplicationTestingHooks.php:74
/var/www/html/vendor/orchestra/testbench-core/src/Concerns/Testing.php:43
/var/www/html/vendor/laravel/framework/src/Illuminate/Collections/helpers.php:236
/var/www/html/vendor/orchestra/sidekick/src/functions.php:87
/var/www/html/vendor/laravel/framework/src/Illuminate/Collections/helpers.php:236
/var/www/html/vendor/orchestra/testbench-core/src/Concerns/Testing.php:57
/var/www/html/vendor/orchestra/testbench-core/src/TestCase.php:50
/var/www/html/tests/TestCase.php:61
/var/www/html/tests/Unit/Traits/ManagesCapabilitiesTest.php:34</error>
        </testcase>
        <testcase name="it_validates_prompt_capabilities" file="/var/www/html/tests/Unit/Traits/ManagesCapabilitiesTest.php" line="368" class="JTD\LaravelMCP\Tests\Unit\Traits\ManagesCapabilitiesTest" classname="JTD.LaravelMCP.Tests.Unit.Traits.ManagesCapabilitiesTest" assertions="0" time="0.000000">
          <error type="Exception">JTD\LaravelMCP\Tests\Unit\Traits\ManagesCapabilitiesTest::it_validates_prompt_capabilities
Exception: The /var/www/html/vendor/orchestra/testbench-core/laravel/bootstrap/cache directory must be present and writable.

/var/www/html/vendor/laravel/framework/src/Illuminate/Foundation/PackageManifest.php:179
/var/www/html/vendor/orchestra/testbench-core/src/Foundation/PackageManifest.php:157
/var/www/html/vendor/laravel/framework/src/Illuminate/Foundation/PackageManifest.php:132
/var/www/html/vendor/laravel/framework/src/Illuminate/Foundation/PackageManifest.php:108
/var/www/html/vendor/orchestra/testbench-core/src/Foundation/PackageManifest.php:102
/var/www/html/vendor/laravel/framework/src/Illuminate/Foundation/PackageManifest.php:91
/var/www/html/vendor/laravel/framework/src/Illuminate/Foundation/PackageManifest.php:80
/var/www/html/vendor/laravel/framework/src/Illuminate/Foundation/Bootstrap/RegisterFacades.php:26
/var/www/html/vendor/orchestra/testbench-core/src/Concerns/CreatesApplication.php:556
/var/www/html/vendor/orchestra/testbench-core/src/Concerns/CreatesApplication.php:311
/var/www/html/vendor/orchestra/testbench-core/src/TestCase.php:121
/var/www/html/vendor/orchestra/testbench-core/src/Concerns/ApplicationTestingHooks.php:74
/var/www/html/vendor/orchestra/testbench-core/src/Concerns/Testing.php:43
/var/www/html/vendor/laravel/framework/src/Illuminate/Collections/helpers.php:236
/var/www/html/vendor/orchestra/sidekick/src/functions.php:87
/var/www/html/vendor/laravel/framework/src/Illuminate/Collections/helpers.php:236
/var/www/html/vendor/orchestra/testbench-core/src/Concerns/Testing.php:57
/var/www/html/vendor/orchestra/testbench-core/src/TestCase.php:50
/var/www/html/tests/TestCase.php:61
/var/www/html/tests/Unit/Traits/ManagesCapabilitiesTest.php:34</error>
        </testcase>
        <testcase name="it_handles_unknown_component_type" file="/var/www/html/tests/Unit/Traits/ManagesCapabilitiesTest.php" line="393" class="JTD\LaravelMCP\Tests\Unit\Traits\ManagesCapabilitiesTest" classname="JTD.LaravelMCP.Tests.Unit.Traits.ManagesCapabilitiesTest" assertions="0" time="0.000000">
          <error type="Exception">JTD\LaravelMCP\Tests\Unit\Traits\ManagesCapabilitiesTest::it_handles_unknown_component_type
Exception: The /var/www/html/vendor/orchestra/testbench-core/laravel/bootstrap/cache directory must be present and writable.

/var/www/html/vendor/laravel/framework/src/Illuminate/Foundation/PackageManifest.php:179
/var/www/html/vendor/orchestra/testbench-core/src/Foundation/PackageManifest.php:157
/var/www/html/vendor/laravel/framework/src/Illuminate/Foundation/PackageManifest.php:132
/var/www/html/vendor/laravel/framework/src/Illuminate/Foundation/PackageManifest.php:108
/var/www/html/vendor/orchestra/testbench-core/src/Foundation/PackageManifest.php:102
/var/www/html/vendor/laravel/framework/src/Illuminate/Foundation/PackageManifest.php:91
/var/www/html/vendor/laravel/framework/src/Illuminate/Foundation/PackageManifest.php:80
/var/www/html/vendor/laravel/framework/src/Illuminate/Foundation/Bootstrap/RegisterFacades.php:26
/var/www/html/vendor/orchestra/testbench-core/src/Concerns/CreatesApplication.php:556
/var/www/html/vendor/orchestra/testbench-core/src/Concerns/CreatesApplication.php:311
/var/www/html/vendor/orchestra/testbench-core/src/TestCase.php:121
/var/www/html/vendor/orchestra/testbench-core/src/Concerns/ApplicationTestingHooks.php:74
/var/www/html/vendor/orchestra/testbench-core/src/Concerns/Testing.php:43
/var/www/html/vendor/laravel/framework/src/Illuminate/Collections/helpers.php:236
/var/www/html/vendor/orchestra/sidekick/src/functions.php:87
/var/www/html/vendor/laravel/framework/src/Illuminate/Collections/helpers.php:236
/var/www/html/vendor/orchestra/testbench-core/src/Concerns/Testing.php:57
/var/www/html/vendor/orchestra/testbench-core/src/TestCase.php:50
/var/www/html/tests/TestCase.php:61
/var/www/html/tests/Unit/Traits/ManagesCapabilitiesTest.php:34</error>
        </testcase>
        <testcase name="it_merges_default_and_custom_capabilities" file="/var/www/html/tests/Unit/Traits/ManagesCapabilitiesTest.php" line="409" class="JTD\LaravelMCP\Tests\Unit\Traits\ManagesCapabilitiesTest" classname="JTD.LaravelMCP.Tests.Unit.Traits.ManagesCapabilitiesTest" assertions="0" time="0.000000">
          <error type="Exception">JTD\LaravelMCP\Tests\Unit\Traits\ManagesCapabilitiesTest::it_merges_default_and_custom_capabilities
Exception: The /var/www/html/vendor/orchestra/testbench-core/laravel/bootstrap/cache directory must be present and writable.

/var/www/html/vendor/laravel/framework/src/Illuminate/Foundation/PackageManifest.php:179
/var/www/html/vendor/orchestra/testbench-core/src/Foundation/PackageManifest.php:157
/var/www/html/vendor/laravel/framework/src/Illuminate/Foundation/PackageManifest.php:132
/var/www/html/vendor/laravel/framework/src/Illuminate/Foundation/PackageManifest.php:108
/var/www/html/vendor/orchestra/testbench-core/src/Foundation/PackageManifest.php:102
/var/www/html/vendor/laravel/framework/src/Illuminate/Foundation/PackageManifest.php:91
/var/www/html/vendor/laravel/framework/src/Illuminate/Foundation/PackageManifest.php:80
/var/www/html/vendor/laravel/framework/src/Illuminate/Foundation/Bootstrap/RegisterFacades.php:26
/var/www/html/vendor/orchestra/testbench-core/src/Concerns/CreatesApplication.php:556
/var/www/html/vendor/orchestra/testbench-core/src/Concerns/CreatesApplication.php:311
/var/www/html/vendor/orchestra/testbench-core/src/TestCase.php:121
/var/www/html/vendor/orchestra/testbench-core/src/Concerns/ApplicationTestingHooks.php:74
/var/www/html/vendor/orchestra/testbench-core/src/Concerns/Testing.php:43
/var/www/html/vendor/laravel/framework/src/Illuminate/Collections/helpers.php:236
/var/www/html/vendor/orchestra/sidekick/src/functions.php:87
/var/www/html/vendor/laravel/framework/src/Illuminate/Collections/helpers.php:236
/var/www/html/vendor/orchestra/testbench-core/src/Concerns/Testing.php:57
/var/www/html/vendor/orchestra/testbench-core/src/TestCase.php:50
/var/www/html/tests/TestCase.php:61
/var/www/html/tests/Unit/Traits/ManagesCapabilitiesTest.php:34</error>
        </testcase>
        <testcase name="it_returns_self_for_fluent_interface" file="/var/www/html/tests/Unit/Traits/ManagesCapabilitiesTest.php" line="429" class="JTD\LaravelMCP\Tests\Unit\Traits\ManagesCapabilitiesTest" classname="JTD.LaravelMCP.Tests.Unit.Traits.ManagesCapabilitiesTest" assertions="0" time="0.000000">
          <error type="Exception">JTD\LaravelMCP\Tests\Unit\Traits\ManagesCapabilitiesTest::it_returns_self_for_fluent_interface
Exception: The /var/www/html/vendor/orchestra/testbench-core/laravel/bootstrap/cache directory must be present and writable.

/var/www/html/vendor/laravel/framework/src/Illuminate/Foundation/PackageManifest.php:179
/var/www/html/vendor/orchestra/testbench-core/src/Foundation/PackageManifest.php:157
/var/www/html/vendor/laravel/framework/src/Illuminate/Foundation/PackageManifest.php:132
/var/www/html/vendor/laravel/framework/src/Illuminate/Foundation/PackageManifest.php:108
/var/www/html/vendor/orchestra/testbench-core/src/Foundation/PackageManifest.php:102
/var/www/html/vendor/laravel/framework/src/Illuminate/Foundation/PackageManifest.php:91
/var/www/html/vendor/laravel/framework/src/Illuminate/Foundation/PackageManifest.php:80
/var/www/html/vendor/laravel/framework/src/Illuminate/Foundation/Bootstrap/RegisterFacades.php:26
/var/www/html/vendor/orchestra/testbench-core/src/Concerns/CreatesApplication.php:556
/var/www/html/vendor/orchestra/testbench-core/src/Concerns/CreatesApplication.php:311
/var/www/html/vendor/orchestra/testbench-core/src/TestCase.php:121
/var/www/html/vendor/orchestra/testbench-core/src/Concerns/ApplicationTestingHooks.php:74
/var/www/html/vendor/orchestra/testbench-core/src/Concerns/Testing.php:43
/var/www/html/vendor/laravel/framework/src/Illuminate/Collections/helpers.php:236
/var/www/html/vendor/orchestra/sidekick/src/functions.php:87
/var/www/html/vendor/laravel/framework/src/Illuminate/Collections/helpers.php:236
/var/www/html/vendor/orchestra/testbench-core/src/Concerns/Testing.php:57
/var/www/html/vendor/orchestra/testbench-core/src/TestCase.php:50
/var/www/html/tests/TestCase.php:61
/var/www/html/tests/Unit/Traits/ManagesCapabilitiesTest.php:34</error>
        </testcase>
      </testsuite>
      <testsuite name="JTD\LaravelMCP\Tests\Unit\Traits\ValidatesParametersTest" file="/var/www/html/tests/Unit/Traits/ValidatesParametersTest.php" tests="24" assertions="0" errors="24" failures="0" skipped="0" time="0.000000">
        <testcase name="test_validate_schema_with_valid_params" file="/var/www/html/tests/Unit/Traits/ValidatesParametersTest.php" line="53" class="JTD\LaravelMCP\Tests\Unit\Traits\ValidatesParametersTest" classname="JTD.LaravelMCP.Tests.Unit.Traits.ValidatesParametersTest" assertions="0" time="0.000000">
          <error type="Exception">JTD\LaravelMCP\Tests\Unit\Traits\ValidatesParametersTest::test_validate_schema_with_valid_params
Exception: The /var/www/html/vendor/orchestra/testbench-core/laravel/bootstrap/cache directory must be present and writable.

/var/www/html/vendor/laravel/framework/src/Illuminate/Foundation/PackageManifest.php:179
/var/www/html/vendor/orchestra/testbench-core/src/Foundation/PackageManifest.php:157
/var/www/html/vendor/laravel/framework/src/Illuminate/Foundation/PackageManifest.php:132
/var/www/html/vendor/laravel/framework/src/Illuminate/Foundation/PackageManifest.php:108
/var/www/html/vendor/orchestra/testbench-core/src/Foundation/PackageManifest.php:102
/var/www/html/vendor/laravel/framework/src/Illuminate/Foundation/PackageManifest.php:91
/var/www/html/vendor/laravel/framework/src/Illuminate/Foundation/PackageManifest.php:80
/var/www/html/vendor/laravel/framework/src/Illuminate/Foundation/Bootstrap/RegisterFacades.php:26
/var/www/html/vendor/orchestra/testbench-core/src/Concerns/CreatesApplication.php:556
/var/www/html/vendor/orchestra/testbench-core/src/Concerns/CreatesApplication.php:311
/var/www/html/vendor/orchestra/testbench-core/src/TestCase.php:121
/var/www/html/vendor/orchestra/testbench-core/src/Concerns/ApplicationTestingHooks.php:74
/var/www/html/vendor/orchestra/testbench-core/src/Concerns/Testing.php:43
/var/www/html/vendor/laravel/framework/src/Illuminate/Collections/helpers.php:236
/var/www/html/vendor/orchestra/sidekick/src/functions.php:87
/var/www/html/vendor/laravel/framework/src/Illuminate/Collections/helpers.php:236
/var/www/html/vendor/orchestra/testbench-core/src/Concerns/Testing.php:57
/var/www/html/vendor/orchestra/testbench-core/src/TestCase.php:50
/var/www/html/tests/TestCase.php:61
/var/www/html/tests/Unit/Traits/ValidatesParametersTest.php:25</error>
        </testcase>
        <testcase name="test_validate_schema_missing_required" file="/var/www/html/tests/Unit/Traits/ValidatesParametersTest.php" line="75" class="JTD\LaravelMCP\Tests\Unit\Traits\ValidatesParametersTest" classname="JTD.LaravelMCP.Tests.Unit.Traits.ValidatesParametersTest" assertions="0" time="0.000000">
          <error type="Exception">JTD\LaravelMCP\Tests\Unit\Traits\ValidatesParametersTest::test_validate_schema_missing_required
Exception: The /var/www/html/vendor/orchestra/testbench-core/laravel/bootstrap/cache directory must be present and writable.

/var/www/html/vendor/laravel/framework/src/Illuminate/Foundation/PackageManifest.php:179
/var/www/html/vendor/orchestra/testbench-core/src/Foundation/PackageManifest.php:157
/var/www/html/vendor/laravel/framework/src/Illuminate/Foundation/PackageManifest.php:132
/var/www/html/vendor/laravel/framework/src/Illuminate/Foundation/PackageManifest.php:108
/var/www/html/vendor/orchestra/testbench-core/src/Foundation/PackageManifest.php:102
/var/www/html/vendor/laravel/framework/src/Illuminate/Foundation/PackageManifest.php:91
/var/www/html/vendor/laravel/framework/src/Illuminate/Foundation/PackageManifest.php:80
/var/www/html/vendor/laravel/framework/src/Illuminate/Foundation/Bootstrap/RegisterFacades.php:26
/var/www/html/vendor/orchestra/testbench-core/src/Concerns/CreatesApplication.php:556
/var/www/html/vendor/orchestra/testbench-core/src/Concerns/CreatesApplication.php:311
/var/www/html/vendor/orchestra/testbench-core/src/TestCase.php:121
/var/www/html/vendor/orchestra/testbench-core/src/Concerns/ApplicationTestingHooks.php:74
/var/www/html/vendor/orchestra/testbench-core/src/Concerns/Testing.php:43
/var/www/html/vendor/laravel/framework/src/Illuminate/Collections/helpers.php:236
/var/www/html/vendor/orchestra/sidekick/src/functions.php:87
/var/www/html/vendor/laravel/framework/src/Illuminate/Collections/helpers.php:236
/var/www/html/vendor/orchestra/testbench-core/src/Concerns/Testing.php:57
/var/www/html/vendor/orchestra/testbench-core/src/TestCase.php:50
/var/www/html/tests/TestCase.php:61
/var/www/html/tests/Unit/Traits/ValidatesParametersTest.php:25</error>
        </testcase>
        <testcase name="test_validate_schema_with_defaults" file="/var/www/html/tests/Unit/Traits/ValidatesParametersTest.php" line="93" class="JTD\LaravelMCP\Tests\Unit\Traits\ValidatesParametersTest" classname="JTD.LaravelMCP.Tests.Unit.Traits.ValidatesParametersTest" assertions="0" time="0.000000">
          <error type="Exception">JTD\LaravelMCP\Tests\Unit\Traits\ValidatesParametersTest::test_validate_schema_with_defaults
Exception: The /var/www/html/vendor/orchestra/testbench-core/laravel/bootstrap/cache directory must be present and writable.

/var/www/html/vendor/laravel/framework/src/Illuminate/Foundation/PackageManifest.php:179
/var/www/html/vendor/orchestra/testbench-core/src/Foundation/PackageManifest.php:157
/var/www/html/vendor/laravel/framework/src/Illuminate/Foundation/PackageManifest.php:132
/var/www/html/vendor/laravel/framework/src/Illuminate/Foundation/PackageManifest.php:108
/var/www/html/vendor/orchestra/testbench-core/src/Foundation/PackageManifest.php:102
/var/www/html/vendor/laravel/framework/src/Illuminate/Foundation/PackageManifest.php:91
/var/www/html/vendor/laravel/framework/src/Illuminate/Foundation/PackageManifest.php:80
/var/www/html/vendor/laravel/framework/src/Illuminate/Foundation/Bootstrap/RegisterFacades.php:26
/var/www/html/vendor/orchestra/testbench-core/src/Concerns/CreatesApplication.php:556
/var/www/html/vendor/orchestra/testbench-core/src/Concerns/CreatesApplication.php:311
/var/www/html/vendor/orchestra/testbench-core/src/TestCase.php:121
/var/www/html/vendor/orchestra/testbench-core/src/Concerns/ApplicationTestingHooks.php:74
/var/www/html/vendor/orchestra/testbench-core/src/Concerns/Testing.php:43
/var/www/html/vendor/laravel/framework/src/Illuminate/Collections/helpers.php:236
/var/www/html/vendor/orchestra/sidekick/src/functions.php:87
/var/www/html/vendor/laravel/framework/src/Illuminate/Collections/helpers.php:236
/var/www/html/vendor/orchestra/testbench-core/src/Concerns/Testing.php:57
/var/www/html/vendor/orchestra/testbench-core/src/TestCase.php:50
/var/www/html/tests/TestCase.php:61
/var/www/html/tests/Unit/Traits/ValidatesParametersTest.php:25</error>
        </testcase>
        <testcase name="test_validate_field_type_string" file="/var/www/html/tests/Unit/Traits/ValidatesParametersTest.php" line="115" class="JTD\LaravelMCP\Tests\Unit\Traits\ValidatesParametersTest" classname="JTD.LaravelMCP.Tests.Unit.Traits.ValidatesParametersTest" assertions="0" time="0.000000">
          <error type="Exception">JTD\LaravelMCP\Tests\Unit\Traits\ValidatesParametersTest::test_validate_field_type_string
Exception: The /var/www/html/vendor/orchestra/testbench-core/laravel/bootstrap/cache directory must be present and writable.

/var/www/html/vendor/laravel/framework/src/Illuminate/Foundation/PackageManifest.php:179
/var/www/html/vendor/orchestra/testbench-core/src/Foundation/PackageManifest.php:157
/var/www/html/vendor/laravel/framework/src/Illuminate/Foundation/PackageManifest.php:132
/var/www/html/vendor/laravel/framework/src/Illuminate/Foundation/PackageManifest.php:108
/var/www/html/vendor/orchestra/testbench-core/src/Foundation/PackageManifest.php:102
/var/www/html/vendor/laravel/framework/src/Illuminate/Foundation/PackageManifest.php:91
/var/www/html/vendor/laravel/framework/src/Illuminate/Foundation/PackageManifest.php:80
/var/www/html/vendor/laravel/framework/src/Illuminate/Foundation/Bootstrap/RegisterFacades.php:26
/var/www/html/vendor/orchestra/testbench-core/src/Concerns/CreatesApplication.php:556
/var/www/html/vendor/orchestra/testbench-core/src/Concerns/CreatesApplication.php:311
/var/www/html/vendor/orchestra/testbench-core/src/TestCase.php:121
/var/www/html/vendor/orchestra/testbench-core/src/Concerns/ApplicationTestingHooks.php:74
/var/www/html/vendor/orchestra/testbench-core/src/Concerns/Testing.php:43
/var/www/html/vendor/laravel/framework/src/Illuminate/Collections/helpers.php:236
/var/www/html/vendor/orchestra/sidekick/src/functions.php:87
/var/www/html/vendor/laravel/framework/src/Illuminate/Collections/helpers.php:236
/var/www/html/vendor/orchestra/testbench-core/src/Concerns/Testing.php:57
/var/www/html/vendor/orchestra/testbench-core/src/TestCase.php:50
/var/www/html/tests/TestCase.php:61
/var/www/html/tests/Unit/Traits/ValidatesParametersTest.php:25</error>
        </testcase>
        <testcase name="test_validate_field_type_integer" file="/var/www/html/tests/Unit/Traits/ValidatesParametersTest.php" line="130" class="JTD\LaravelMCP\Tests\Unit\Traits\ValidatesParametersTest" classname="JTD.LaravelMCP.Tests.Unit.Traits.ValidatesParametersTest" assertions="0" time="0.000000">
          <error type="Exception">JTD\LaravelMCP\Tests\Unit\Traits\ValidatesParametersTest::test_validate_field_type_integer
Exception: The /var/www/html/vendor/orchestra/testbench-core/laravel/bootstrap/cache directory must be present and writable.

/var/www/html/vendor/laravel/framework/src/Illuminate/Foundation/PackageManifest.php:179
/var/www/html/vendor/orchestra/testbench-core/src/Foundation/PackageManifest.php:157
/var/www/html/vendor/laravel/framework/src/Illuminate/Foundation/PackageManifest.php:132
/var/www/html/vendor/laravel/framework/src/Illuminate/Foundation/PackageManifest.php:108
/var/www/html/vendor/orchestra/testbench-core/src/Foundation/PackageManifest.php:102
/var/www/html/vendor/laravel/framework/src/Illuminate/Foundation/PackageManifest.php:91
/var/www/html/vendor/laravel/framework/src/Illuminate/Foundation/PackageManifest.php:80
/var/www/html/vendor/laravel/framework/src/Illuminate/Foundation/Bootstrap/RegisterFacades.php:26
/var/www/html/vendor/orchestra/testbench-core/src/Concerns/CreatesApplication.php:556
/var/www/html/vendor/orchestra/testbench-core/src/Concerns/CreatesApplication.php:311
/var/www/html/vendor/orchestra/testbench-core/src/TestCase.php:121
/var/www/html/vendor/orchestra/testbench-core/src/Concerns/ApplicationTestingHooks.php:74
/var/www/html/vendor/orchestra/testbench-core/src/Concerns/Testing.php:43
/var/www/html/vendor/laravel/framework/src/Illuminate/Collections/helpers.php:236
/var/www/html/vendor/orchestra/sidekick/src/functions.php:87
/var/www/html/vendor/laravel/framework/src/Illuminate/Collections/helpers.php:236
/var/www/html/vendor/orchestra/testbench-core/src/Concerns/Testing.php:57
/var/www/html/vendor/orchestra/testbench-core/src/TestCase.php:50
/var/www/html/tests/TestCase.php:61
/var/www/html/tests/Unit/Traits/ValidatesParametersTest.php:25</error>
        </testcase>
        <testcase name="test_validate_field_type_number" file="/var/www/html/tests/Unit/Traits/ValidatesParametersTest.php" line="149" class="JTD\LaravelMCP\Tests\Unit\Traits\ValidatesParametersTest" classname="JTD.LaravelMCP.Tests.Unit.Traits.ValidatesParametersTest" assertions="0" time="0.000000">
          <error type="Exception">JTD\LaravelMCP\Tests\Unit\Traits\ValidatesParametersTest::test_validate_field_type_number
Exception: The /var/www/html/vendor/orchestra/testbench-core/laravel/bootstrap/cache directory must be present and writable.

/var/www/html/vendor/laravel/framework/src/Illuminate/Foundation/PackageManifest.php:179
/var/www/html/vendor/orchestra/testbench-core/src/Foundation/PackageManifest.php:157
/var/www/html/vendor/laravel/framework/src/Illuminate/Foundation/PackageManifest.php:132
/var/www/html/vendor/laravel/framework/src/Illuminate/Foundation/PackageManifest.php:108
/var/www/html/vendor/orchestra/testbench-core/src/Foundation/PackageManifest.php:102
/var/www/html/vendor/laravel/framework/src/Illuminate/Foundation/PackageManifest.php:91
/var/www/html/vendor/laravel/framework/src/Illuminate/Foundation/PackageManifest.php:80
/var/www/html/vendor/laravel/framework/src/Illuminate/Foundation/Bootstrap/RegisterFacades.php:26
/var/www/html/vendor/orchestra/testbench-core/src/Concerns/CreatesApplication.php:556
/var/www/html/vendor/orchestra/testbench-core/src/Concerns/CreatesApplication.php:311
/var/www/html/vendor/orchestra/testbench-core/src/TestCase.php:121
/var/www/html/vendor/orchestra/testbench-core/src/Concerns/ApplicationTestingHooks.php:74
/var/www/html/vendor/orchestra/testbench-core/src/Concerns/Testing.php:43
/var/www/html/vendor/laravel/framework/src/Illuminate/Collections/helpers.php:236
/var/www/html/vendor/orchestra/sidekick/src/functions.php:87
/var/www/html/vendor/laravel/framework/src/Illuminate/Collections/helpers.php:236
/var/www/html/vendor/orchestra/testbench-core/src/Concerns/Testing.php:57
/var/www/html/vendor/orchestra/testbench-core/src/TestCase.php:50
/var/www/html/tests/TestCase.php:61
/var/www/html/tests/Unit/Traits/ValidatesParametersTest.php:25</error>
        </testcase>
        <testcase name="test_validate_field_type_boolean" file="/var/www/html/tests/Unit/Traits/ValidatesParametersTest.php" line="166" class="JTD\LaravelMCP\Tests\Unit\Traits\ValidatesParametersTest" classname="JTD.LaravelMCP.Tests.Unit.Traits.ValidatesParametersTest" assertions="0" time="0.000000">
          <error type="Exception">JTD\LaravelMCP\Tests\Unit\Traits\ValidatesParametersTest::test_validate_field_type_boolean
Exception: The /var/www/html/vendor/orchestra/testbench-core/laravel/bootstrap/cache directory must be present and writable.

/var/www/html/vendor/laravel/framework/src/Illuminate/Foundation/PackageManifest.php:179
/var/www/html/vendor/orchestra/testbench-core/src/Foundation/PackageManifest.php:157
/var/www/html/vendor/laravel/framework/src/Illuminate/Foundation/PackageManifest.php:132
/var/www/html/vendor/laravel/framework/src/Illuminate/Foundation/PackageManifest.php:108
/var/www/html/vendor/orchestra/testbench-core/src/Foundation/PackageManifest.php:102
/var/www/html/vendor/laravel/framework/src/Illuminate/Foundation/PackageManifest.php:91
/var/www/html/vendor/laravel/framework/src/Illuminate/Foundation/PackageManifest.php:80
/var/www/html/vendor/laravel/framework/src/Illuminate/Foundation/Bootstrap/RegisterFacades.php:26
/var/www/html/vendor/orchestra/testbench-core/src/Concerns/CreatesApplication.php:556
/var/www/html/vendor/orchestra/testbench-core/src/Concerns/CreatesApplication.php:311
/var/www/html/vendor/orchestra/testbench-core/src/TestCase.php:121
/var/www/html/vendor/orchestra/testbench-core/src/Concerns/ApplicationTestingHooks.php:74
/var/www/html/vendor/orchestra/testbench-core/src/Concerns/Testing.php:43
/var/www/html/vendor/laravel/framework/src/Illuminate/Collections/helpers.php:236
/var/www/html/vendor/orchestra/sidekick/src/functions.php:87
/var/www/html/vendor/laravel/framework/src/Illuminate/Collections/helpers.php:236
/var/www/html/vendor/orchestra/testbench-core/src/Concerns/Testing.php:57
/var/www/html/vendor/orchestra/testbench-core/src/TestCase.php:50
/var/www/html/tests/TestCase.php:61
/var/www/html/tests/Unit/Traits/ValidatesParametersTest.php:25</error>
        </testcase>
        <testcase name="test_validate_field_type_array" file="/var/www/html/tests/Unit/Traits/ValidatesParametersTest.php" line="182" class="JTD\LaravelMCP\Tests\Unit\Traits\ValidatesParametersTest" classname="JTD.LaravelMCP.Tests.Unit.Traits.ValidatesParametersTest" assertions="0" time="0.000000">
          <error type="Exception">JTD\LaravelMCP\Tests\Unit\Traits\ValidatesParametersTest::test_validate_field_type_array
Exception: The /var/www/html/vendor/orchestra/testbench-core/laravel/bootstrap/cache directory must be present and writable.

/var/www/html/vendor/laravel/framework/src/Illuminate/Foundation/PackageManifest.php:179
/var/www/html/vendor/orchestra/testbench-core/src/Foundation/PackageManifest.php:157
/var/www/html/vendor/laravel/framework/src/Illuminate/Foundation/PackageManifest.php:132
/var/www/html/vendor/laravel/framework/src/Illuminate/Foundation/PackageManifest.php:108
/var/www/html/vendor/orchestra/testbench-core/src/Foundation/PackageManifest.php:102
/var/www/html/vendor/laravel/framework/src/Illuminate/Foundation/PackageManifest.php:91
/var/www/html/vendor/laravel/framework/src/Illuminate/Foundation/PackageManifest.php:80
/var/www/html/vendor/laravel/framework/src/Illuminate/Foundation/Bootstrap/RegisterFacades.php:26
/var/www/html/vendor/orchestra/testbench-core/src/Concerns/CreatesApplication.php:556
/var/www/html/vendor/orchestra/testbench-core/src/Concerns/CreatesApplication.php:311
/var/www/html/vendor/orchestra/testbench-core/src/TestCase.php:121
/var/www/html/vendor/orchestra/testbench-core/src/Concerns/ApplicationTestingHooks.php:74
/var/www/html/vendor/orchestra/testbench-core/src/Concerns/Testing.php:43
/var/www/html/vendor/laravel/framework/src/Illuminate/Collections/helpers.php:236
/var/www/html/vendor/orchestra/sidekick/src/functions.php:87
/var/www/html/vendor/laravel/framework/src/Illuminate/Collections/helpers.php:236
/var/www/html/vendor/orchestra/testbench-core/src/Concerns/Testing.php:57
/var/www/html/vendor/orchestra/testbench-core/src/TestCase.php:50
/var/www/html/tests/TestCase.php:61
/var/www/html/tests/Unit/Traits/ValidatesParametersTest.php:25</error>
        </testcase>
        <testcase name="test_validate_field_type_object" file="/var/www/html/tests/Unit/Traits/ValidatesParametersTest.php" line="197" class="JTD\LaravelMCP\Tests\Unit\Traits\ValidatesParametersTest" classname="JTD.LaravelMCP.Tests.Unit.Traits.ValidatesParametersTest" assertions="0" time="0.000000">
          <error type="Exception">JTD\LaravelMCP\Tests\Unit\Traits\ValidatesParametersTest::test_validate_field_type_object
Exception: The /var/www/html/vendor/orchestra/testbench-core/laravel/bootstrap/cache directory must be present and writable.

/var/www/html/vendor/laravel/framework/src/Illuminate/Foundation/PackageManifest.php:179
/var/www/html/vendor/orchestra/testbench-core/src/Foundation/PackageManifest.php:157
/var/www/html/vendor/laravel/framework/src/Illuminate/Foundation/PackageManifest.php:132
/var/www/html/vendor/laravel/framework/src/Illuminate/Foundation/PackageManifest.php:108
/var/www/html/vendor/orchestra/testbench-core/src/Foundation/PackageManifest.php:102
/var/www/html/vendor/laravel/framework/src/Illuminate/Foundation/PackageManifest.php:91
/var/www/html/vendor/laravel/framework/src/Illuminate/Foundation/PackageManifest.php:80
/var/www/html/vendor/laravel/framework/src/Illuminate/Foundation/Bootstrap/RegisterFacades.php:26
/var/www/html/vendor/orchestra/testbench-core/src/Concerns/CreatesApplication.php:556
/var/www/html/vendor/orchestra/testbench-core/src/Concerns/CreatesApplication.php:311
/var/www/html/vendor/orchestra/testbench-core/src/TestCase.php:121
/var/www/html/vendor/orchestra/testbench-core/src/Concerns/ApplicationTestingHooks.php:74
/var/www/html/vendor/orchestra/testbench-core/src/Concerns/Testing.php:43
/var/www/html/vendor/laravel/framework/src/Illuminate/Collections/helpers.php:236
/var/www/html/vendor/orchestra/sidekick/src/functions.php:87
/var/www/html/vendor/laravel/framework/src/Illuminate/Collections/helpers.php:236
/var/www/html/vendor/orchestra/testbench-core/src/Concerns/Testing.php:57
/var/www/html/vendor/orchestra/testbench-core/src/TestCase.php:50
/var/www/html/tests/TestCase.php:61
/var/www/html/tests/Unit/Traits/ValidatesParametersTest.php:25</error>
        </testcase>
        <testcase name="test_validate_field_type_null" file="/var/www/html/tests/Unit/Traits/ValidatesParametersTest.php" line="215" class="JTD\LaravelMCP\Tests\Unit\Traits\ValidatesParametersTest" classname="JTD.LaravelMCP.Tests.Unit.Traits.ValidatesParametersTest" assertions="0" time="0.000000">
          <error type="Exception">JTD\LaravelMCP\Tests\Unit\Traits\ValidatesParametersTest::test_validate_field_type_null
Exception: The /var/www/html/vendor/orchestra/testbench-core/laravel/bootstrap/cache directory must be present and writable.

/var/www/html/vendor/laravel/framework/src/Illuminate/Foundation/PackageManifest.php:179
/var/www/html/vendor/orchestra/testbench-core/src/Foundation/PackageManifest.php:157
/var/www/html/vendor/laravel/framework/src/Illuminate/Foundation/PackageManifest.php:132
/var/www/html/vendor/laravel/framework/src/Illuminate/Foundation/PackageManifest.php:108
/var/www/html/vendor/orchestra/testbench-core/src/Foundation/PackageManifest.php:102
/var/www/html/vendor/laravel/framework/src/Illuminate/Foundation/PackageManifest.php:91
/var/www/html/vendor/laravel/framework/src/Illuminate/Foundation/PackageManifest.php:80
/var/www/html/vendor/laravel/framework/src/Illuminate/Foundation/Bootstrap/RegisterFacades.php:26
/var/www/html/vendor/orchestra/testbench-core/src/Concerns/CreatesApplication.php:556
/var/www/html/vendor/orchestra/testbench-core/src/Concerns/CreatesApplication.php:311
/var/www/html/vendor/orchestra/testbench-core/src/TestCase.php:121
/var/www/html/vendor/orchestra/testbench-core/src/Concerns/ApplicationTestingHooks.php:74
/var/www/html/vendor/orchestra/testbench-core/src/Concerns/Testing.php:43
/var/www/html/vendor/laravel/framework/src/Illuminate/Collections/helpers.php:236
/var/www/html/vendor/orchestra/sidekick/src/functions.php:87
/var/www/html/vendor/laravel/framework/src/Illuminate/Collections/helpers.php:236
/var/www/html/vendor/orchestra/testbench-core/src/Concerns/Testing.php:57
/var/www/html/vendor/orchestra/testbench-core/src/TestCase.php:50
/var/www/html/tests/TestCase.php:61
/var/www/html/tests/Unit/Traits/ValidatesParametersTest.php:25</error>
        </testcase>
        <testcase name="test_validate_field_format_email" file="/var/www/html/tests/Unit/Traits/ValidatesParametersTest.php" line="230" class="JTD\LaravelMCP\Tests\Unit\Traits\ValidatesParametersTest" classname="JTD.LaravelMCP.Tests.Unit.Traits.ValidatesParametersTest" assertions="0" time="0.000000">
          <error type="Exception">JTD\LaravelMCP\Tests\Unit\Traits\ValidatesParametersTest::test_validate_field_format_email
Exception: The /var/www/html/vendor/orchestra/testbench-core/laravel/bootstrap/cache directory must be present and writable.

/var/www/html/vendor/laravel/framework/src/Illuminate/Foundation/PackageManifest.php:179
/var/www/html/vendor/orchestra/testbench-core/src/Foundation/PackageManifest.php:157
/var/www/html/vendor/laravel/framework/src/Illuminate/Foundation/PackageManifest.php:132
/var/www/html/vendor/laravel/framework/src/Illuminate/Foundation/PackageManifest.php:108
/var/www/html/vendor/orchestra/testbench-core/src/Foundation/PackageManifest.php:102
/var/www/html/vendor/laravel/framework/src/Illuminate/Foundation/PackageManifest.php:91
/var/www/html/vendor/laravel/framework/src/Illuminate/Foundation/PackageManifest.php:80
/var/www/html/vendor/laravel/framework/src/Illuminate/Foundation/Bootstrap/RegisterFacades.php:26
/var/www/html/vendor/orchestra/testbench-core/src/Concerns/CreatesApplication.php:556
/var/www/html/vendor/orchestra/testbench-core/src/Concerns/CreatesApplication.php:311
/var/www/html/vendor/orchestra/testbench-core/src/TestCase.php:121
/var/www/html/vendor/orchestra/testbench-core/src/Concerns/ApplicationTestingHooks.php:74
/var/www/html/vendor/orchestra/testbench-core/src/Concerns/Testing.php:43
/var/www/html/vendor/laravel/framework/src/Illuminate/Collections/helpers.php:236
/var/www/html/vendor/orchestra/sidekick/src/functions.php:87
/var/www/html/vendor/laravel/framework/src/Illuminate/Collections/helpers.php:236
/var/www/html/vendor/orchestra/testbench-core/src/Concerns/Testing.php:57
/var/www/html/vendor/orchestra/testbench-core/src/TestCase.php:50
/var/www/html/tests/TestCase.php:61
/var/www/html/tests/Unit/Traits/ValidatesParametersTest.php:25</error>
        </testcase>
        <testcase name="test_validate_field_format_url" file="/var/www/html/tests/Unit/Traits/ValidatesParametersTest.php" line="245" class="JTD\LaravelMCP\Tests\Unit\Traits\ValidatesParametersTest" classname="JTD.LaravelMCP.Tests.Unit.Traits.ValidatesParametersTest" assertions="0" time="0.000000">
          <error type="Exception">JTD\LaravelMCP\Tests\Unit\Traits\ValidatesParametersTest::test_validate_field_format_url
Exception: The /var/www/html/vendor/orchestra/testbench-core/laravel/bootstrap/cache directory must be present and writable.

/var/www/html/vendor/laravel/framework/src/Illuminate/Foundation/PackageManifest.php:179
/var/www/html/vendor/orchestra/testbench-core/src/Foundation/PackageManifest.php:157
/var/www/html/vendor/laravel/framework/src/Illuminate/Foundation/PackageManifest.php:132
/var/www/html/vendor/laravel/framework/src/Illuminate/Foundation/PackageManifest.php:108
/var/www/html/vendor/orchestra/testbench-core/src/Foundation/PackageManifest.php:102
/var/www/html/vendor/laravel/framework/src/Illuminate/Foundation/PackageManifest.php:91
/var/www/html/vendor/laravel/framework/src/Illuminate/Foundation/PackageManifest.php:80
/var/www/html/vendor/laravel/framework/src/Illuminate/Foundation/Bootstrap/RegisterFacades.php:26
/var/www/html/vendor/orchestra/testbench-core/src/Concerns/CreatesApplication.php:556
/var/www/html/vendor/orchestra/testbench-core/src/Concerns/CreatesApplication.php:311
/var/www/html/vendor/orchestra/testbench-core/src/TestCase.php:121
/var/www/html/vendor/orchestra/testbench-core/src/Concerns/ApplicationTestingHooks.php:74
/var/www/html/vendor/orchestra/testbench-core/src/Concerns/Testing.php:43
/var/www/html/vendor/laravel/framework/src/Illuminate/Collections/helpers.php:236
/var/www/html/vendor/orchestra/sidekick/src/functions.php:87
/var/www/html/vendor/laravel/framework/src/Illuminate/Collections/helpers.php:236
/var/www/html/vendor/orchestra/testbench-core/src/Concerns/Testing.php:57
/var/www/html/vendor/orchestra/testbench-core/src/TestCase.php:50
/var/www/html/tests/TestCase.php:61
/var/www/html/tests/Unit/Traits/ValidatesParametersTest.php:25</error>
        </testcase>
        <testcase name="test_validate_field_format_uri" file="/var/www/html/tests/Unit/Traits/ValidatesParametersTest.php" line="260" class="JTD\LaravelMCP\Tests\Unit\Traits\ValidatesParametersTest" classname="JTD.LaravelMCP.Tests.Unit.Traits.ValidatesParametersTest" assertions="0" time="0.000000">
          <error type="Exception">JTD\LaravelMCP\Tests\Unit\Traits\ValidatesParametersTest::test_validate_field_format_uri
Exception: The /var/www/html/vendor/orchestra/testbench-core/laravel/bootstrap/cache directory must be present and writable.

/var/www/html/vendor/laravel/framework/src/Illuminate/Foundation/PackageManifest.php:179
/var/www/html/vendor/orchestra/testbench-core/src/Foundation/PackageManifest.php:157
/var/www/html/vendor/laravel/framework/src/Illuminate/Foundation/PackageManifest.php:132
/var/www/html/vendor/laravel/framework/src/Illuminate/Foundation/PackageManifest.php:108
/var/www/html/vendor/orchestra/testbench-core/src/Foundation/PackageManifest.php:102
/var/www/html/vendor/laravel/framework/src/Illuminate/Foundation/PackageManifest.php:91
/var/www/html/vendor/laravel/framework/src/Illuminate/Foundation/PackageManifest.php:80
/var/www/html/vendor/laravel/framework/src/Illuminate/Foundation/Bootstrap/RegisterFacades.php:26
/var/www/html/vendor/orchestra/testbench-core/src/Concerns/CreatesApplication.php:556
/var/www/html/vendor/orchestra/testbench-core/src/Concerns/CreatesApplication.php:311
/var/www/html/vendor/orchestra/testbench-core/src/TestCase.php:121
/var/www/html/vendor/orchestra/testbench-core/src/Concerns/ApplicationTestingHooks.php:74
/var/www/html/vendor/orchestra/testbench-core/src/Concerns/Testing.php:43
/var/www/html/vendor/laravel/framework/src/Illuminate/Collections/helpers.php:236
/var/www/html/vendor/orchestra/sidekick/src/functions.php:87
/var/www/html/vendor/laravel/framework/src/Illuminate/Collections/helpers.php:236
/var/www/html/vendor/orchestra/testbench-core/src/Concerns/Testing.php:57
/var/www/html/vendor/orchestra/testbench-core/src/TestCase.php:50
/var/www/html/tests/TestCase.php:61
/var/www/html/tests/Unit/Traits/ValidatesParametersTest.php:25</error>
        </testcase>
        <testcase name="test_validate_field_format_datetime" file="/var/www/html/tests/Unit/Traits/ValidatesParametersTest.php" line="278" class="JTD\LaravelMCP\Tests\Unit\Traits\ValidatesParametersTest" classname="JTD.LaravelMCP.Tests.Unit.Traits.ValidatesParametersTest" assertions="0" time="0.000000">
          <error type="Exception">JTD\LaravelMCP\Tests\Unit\Traits\ValidatesParametersTest::test_validate_field_format_datetime
Exception: The /var/www/html/vendor/orchestra/testbench-core/laravel/bootstrap/cache directory must be present and writable.

/var/www/html/vendor/laravel/framework/src/Illuminate/Foundation/PackageManifest.php:179
/var/www/html/vendor/orchestra/testbench-core/src/Foundation/PackageManifest.php:157
/var/www/html/vendor/laravel/framework/src/Illuminate/Foundation/PackageManifest.php:132
/var/www/html/vendor/laravel/framework/src/Illuminate/Foundation/PackageManifest.php:108
/var/www/html/vendor/orchestra/testbench-core/src/Foundation/PackageManifest.php:102
/var/www/html/vendor/laravel/framework/src/Illuminate/Foundation/PackageManifest.php:91
/var/www/html/vendor/laravel/framework/src/Illuminate/Foundation/PackageManifest.php:80
/var/www/html/vendor/laravel/framework/src/Illuminate/Foundation/Bootstrap/RegisterFacades.php:26
/var/www/html/vendor/orchestra/testbench-core/src/Concerns/CreatesApplication.php:556
/var/www/html/vendor/orchestra/testbench-core/src/Concerns/CreatesApplication.php:311
/var/www/html/vendor/orchestra/testbench-core/src/TestCase.php:121
/var/www/html/vendor/orchestra/testbench-core/src/Concerns/ApplicationTestingHooks.php:74
/var/www/html/vendor/orchestra/testbench-core/src/Concerns/Testing.php:43
/var/www/html/vendor/laravel/framework/src/Illuminate/Collections/helpers.php:236
/var/www/html/vendor/orchestra/sidekick/src/functions.php:87
/var/www/html/vendor/laravel/framework/src/Illuminate/Collections/helpers.php:236
/var/www/html/vendor/orchestra/testbench-core/src/Concerns/Testing.php:57
/var/www/html/vendor/orchestra/testbench-core/src/TestCase.php:50
/var/www/html/tests/TestCase.php:61
/var/www/html/tests/Unit/Traits/ValidatesParametersTest.php:25</error>
        </testcase>
        <testcase name="test_validate_field_format_uuid" file="/var/www/html/tests/Unit/Traits/ValidatesParametersTest.php" line="293" class="JTD\LaravelMCP\Tests\Unit\Traits\ValidatesParametersTest" classname="JTD.LaravelMCP.Tests.Unit.Traits.ValidatesParametersTest" assertions="0" time="0.000000">
          <error type="Exception">JTD\LaravelMCP\Tests\Unit\Traits\ValidatesParametersTest::test_validate_field_format_uuid
Exception: The /var/www/html/vendor/orchestra/testbench-core/laravel/bootstrap/cache directory must be present and writable.

/var/www/html/vendor/laravel/framework/src/Illuminate/Foundation/PackageManifest.php:179
/var/www/html/vendor/orchestra/testbench-core/src/Foundation/PackageManifest.php:157
/var/www/html/vendor/laravel/framework/src/Illuminate/Foundation/PackageManifest.php:132
/var/www/html/vendor/laravel/framework/src/Illuminate/Foundation/PackageManifest.php:108
/var/www/html/vendor/orchestra/testbench-core/src/Foundation/PackageManifest.php:102
/var/www/html/vendor/laravel/framework/src/Illuminate/Foundation/PackageManifest.php:91
/var/www/html/vendor/laravel/framework/src/Illuminate/Foundation/PackageManifest.php:80
/var/www/html/vendor/laravel/framework/src/Illuminate/Foundation/Bootstrap/RegisterFacades.php:26
/var/www/html/vendor/orchestra/testbench-core/src/Concerns/CreatesApplication.php:556
/var/www/html/vendor/orchestra/testbench-core/src/Concerns/CreatesApplication.php:311
/var/www/html/vendor/orchestra/testbench-core/src/TestCase.php:121
/var/www/html/vendor/orchestra/testbench-core/src/Concerns/ApplicationTestingHooks.php:74
/var/www/html/vendor/orchestra/testbench-core/src/Concerns/Testing.php:43
/var/www/html/vendor/laravel/framework/src/Illuminate/Collections/helpers.php:236
/var/www/html/vendor/orchestra/sidekick/src/functions.php:87
/var/www/html/vendor/laravel/framework/src/Illuminate/Collections/helpers.php:236
/var/www/html/vendor/orchestra/testbench-core/src/Concerns/Testing.php:57
/var/www/html/vendor/orchestra/testbench-core/src/TestCase.php:50
/var/www/html/tests/TestCase.php:61
/var/www/html/tests/Unit/Traits/ValidatesParametersTest.php:25</error>
        </testcase>
        <testcase name="test_validate_field_length_string" file="/var/www/html/tests/Unit/Traits/ValidatesParametersTest.php" line="309" class="JTD\LaravelMCP\Tests\Unit\Traits\ValidatesParametersTest" classname="JTD.LaravelMCP.Tests.Unit.Traits.ValidatesParametersTest" assertions="0" time="0.000000">
          <error type="Exception">JTD\LaravelMCP\Tests\Unit\Traits\ValidatesParametersTest::test_validate_field_length_string
Exception: The /var/www/html/vendor/orchestra/testbench-core/laravel/bootstrap/cache directory must be present and writable.

/var/www/html/vendor/laravel/framework/src/Illuminate/Foundation/PackageManifest.php:179
/var/www/html/vendor/orchestra/testbench-core/src/Foundation/PackageManifest.php:157
/var/www/html/vendor/laravel/framework/src/Illuminate/Foundation/PackageManifest.php:132
/var/www/html/vendor/laravel/framework/src/Illuminate/Foundation/PackageManifest.php:108
/var/www/html/vendor/orchestra/testbench-core/src/Foundation/PackageManifest.php:102
/var/www/html/vendor/laravel/framework/src/Illuminate/Foundation/PackageManifest.php:91
/var/www/html/vendor/laravel/framework/src/Illuminate/Foundation/PackageManifest.php:80
/var/www/html/vendor/laravel/framework/src/Illuminate/Foundation/Bootstrap/RegisterFacades.php:26
/var/www/html/vendor/orchestra/testbench-core/src/Concerns/CreatesApplication.php:556
/var/www/html/vendor/orchestra/testbench-core/src/Concerns/CreatesApplication.php:311
/var/www/html/vendor/orchestra/testbench-core/src/TestCase.php:121
/var/www/html/vendor/orchestra/testbench-core/src/Concerns/ApplicationTestingHooks.php:74
/var/www/html/vendor/orchestra/testbench-core/src/Concerns/Testing.php:43
/var/www/html/vendor/laravel/framework/src/Illuminate/Collections/helpers.php:236
/var/www/html/vendor/orchestra/sidekick/src/functions.php:87
/var/www/html/vendor/laravel/framework/src/Illuminate/Collections/helpers.php:236
/var/www/html/vendor/orchestra/testbench-core/src/Concerns/Testing.php:57
/var/www/html/vendor/orchestra/testbench-core/src/TestCase.php:50
/var/www/html/tests/TestCase.php:61
/var/www/html/tests/Unit/Traits/ValidatesParametersTest.php:25</error>
        </testcase>
        <testcase name="test_validate_field_length_array" file="/var/www/html/tests/Unit/Traits/ValidatesParametersTest.php" line="326" class="JTD\LaravelMCP\Tests\Unit\Traits\ValidatesParametersTest" classname="JTD.LaravelMCP.Tests.Unit.Traits.ValidatesParametersTest" assertions="0" time="0.000000">
          <error type="Exception">JTD\LaravelMCP\Tests\Unit\Traits\ValidatesParametersTest::test_validate_field_length_array
Exception: The /var/www/html/vendor/orchestra/testbench-core/laravel/bootstrap/cache directory must be present and writable.

/var/www/html/vendor/laravel/framework/src/Illuminate/Foundation/PackageManifest.php:179
/var/www/html/vendor/orchestra/testbench-core/src/Foundation/PackageManifest.php:157
/var/www/html/vendor/laravel/framework/src/Illuminate/Foundation/PackageManifest.php:132
/var/www/html/vendor/laravel/framework/src/Illuminate/Foundation/PackageManifest.php:108
/var/www/html/vendor/orchestra/testbench-core/src/Foundation/PackageManifest.php:102
/var/www/html/vendor/laravel/framework/src/Illuminate/Foundation/PackageManifest.php:91
/var/www/html/vendor/laravel/framework/src/Illuminate/Foundation/PackageManifest.php:80
/var/www/html/vendor/laravel/framework/src/Illuminate/Foundation/Bootstrap/RegisterFacades.php:26
/var/www/html/vendor/orchestra/testbench-core/src/Concerns/CreatesApplication.php:556
/var/www/html/vendor/orchestra/testbench-core/src/Concerns/CreatesApplication.php:311
/var/www/html/vendor/orchestra/testbench-core/src/TestCase.php:121
/var/www/html/vendor/orchestra/testbench-core/src/Concerns/ApplicationTestingHooks.php:74
/var/www/html/vendor/orchestra/testbench-core/src/Concerns/Testing.php:43
/var/www/html/vendor/laravel/framework/src/Illuminate/Collections/helpers.php:236
/var/www/html/vendor/orchestra/sidekick/src/functions.php:87
/var/www/html/vendor/laravel/framework/src/Illuminate/Collections/helpers.php:236
/var/www/html/vendor/orchestra/testbench-core/src/Concerns/Testing.php:57
/var/www/html/vendor/orchestra/testbench-core/src/TestCase.php:50
/var/www/html/tests/TestCase.php:61
/var/www/html/tests/Unit/Traits/ValidatesParametersTest.php:25</error>
        </testcase>
        <testcase name="test_validate_field_range" file="/var/www/html/tests/Unit/Traits/ValidatesParametersTest.php" line="343" class="JTD\LaravelMCP\Tests\Unit\Traits\ValidatesParametersTest" classname="JTD.LaravelMCP.Tests.Unit.Traits.ValidatesParametersTest" assertions="0" time="0.000000">
          <error type="Exception">JTD\LaravelMCP\Tests\Unit\Traits\ValidatesParametersTest::test_validate_field_range
Exception: The /var/www/html/vendor/orchestra/testbench-core/laravel/bootstrap/cache directory must be present and writable.

/var/www/html/vendor/laravel/framework/src/Illuminate/Foundation/PackageManifest.php:179
/var/www/html/vendor/orchestra/testbench-core/src/Foundation/PackageManifest.php:157
/var/www/html/vendor/laravel/framework/src/Illuminate/Foundation/PackageManifest.php:132
/var/www/html/vendor/laravel/framework/src/Illuminate/Foundation/PackageManifest.php:108
/var/www/html/vendor/orchestra/testbench-core/src/Foundation/PackageManifest.php:102
/var/www/html/vendor/laravel/framework/src/Illuminate/Foundation/PackageManifest.php:91
/var/www/html/vendor/laravel/framework/src/Illuminate/Foundation/PackageManifest.php:80
/var/www/html/vendor/laravel/framework/src/Illuminate/Foundation/Bootstrap/RegisterFacades.php:26
/var/www/html/vendor/orchestra/testbench-core/src/Concerns/CreatesApplication.php:556
/var/www/html/vendor/orchestra/testbench-core/src/Concerns/CreatesApplication.php:311
/var/www/html/vendor/orchestra/testbench-core/src/TestCase.php:121
/var/www/html/vendor/orchestra/testbench-core/src/Concerns/ApplicationTestingHooks.php:74
/var/www/html/vendor/orchestra/testbench-core/src/Concerns/Testing.php:43
/var/www/html/vendor/laravel/framework/src/Illuminate/Collections/helpers.php:236
/var/www/html/vendor/orchestra/sidekick/src/functions.php:87
/var/www/html/vendor/laravel/framework/src/Illuminate/Collections/helpers.php:236
/var/www/html/vendor/orchestra/testbench-core/src/Concerns/Testing.php:57
/var/www/html/vendor/orchestra/testbench-core/src/TestCase.php:50
/var/www/html/tests/TestCase.php:61
/var/www/html/tests/Unit/Traits/ValidatesParametersTest.php:25</error>
        </testcase>
        <testcase name="test_validate_field_enum" file="/var/www/html/tests/Unit/Traits/ValidatesParametersTest.php" line="360" class="JTD\LaravelMCP\Tests\Unit\Traits\ValidatesParametersTest" classname="JTD.LaravelMCP.Tests.Unit.Traits.ValidatesParametersTest" assertions="0" time="0.000000">
          <error type="Exception">JTD\LaravelMCP\Tests\Unit\Traits\ValidatesParametersTest::test_validate_field_enum
Exception: The /var/www/html/vendor/orchestra/testbench-core/laravel/bootstrap/cache directory must be present and writable.

/var/www/html/vendor/laravel/framework/src/Illuminate/Foundation/PackageManifest.php:179
/var/www/html/vendor/orchestra/testbench-core/src/Foundation/PackageManifest.php:157
/var/www/html/vendor/laravel/framework/src/Illuminate/Foundation/PackageManifest.php:132
/var/www/html/vendor/laravel/framework/src/Illuminate/Foundation/PackageManifest.php:108
/var/www/html/vendor/orchestra/testbench-core/src/Foundation/PackageManifest.php:102
/var/www/html/vendor/laravel/framework/src/Illuminate/Foundation/PackageManifest.php:91
/var/www/html/vendor/laravel/framework/src/Illuminate/Foundation/PackageManifest.php:80
/var/www/html/vendor/laravel/framework/src/Illuminate/Foundation/Bootstrap/RegisterFacades.php:26
/var/www/html/vendor/orchestra/testbench-core/src/Concerns/CreatesApplication.php:556
/var/www/html/vendor/orchestra/testbench-core/src/Concerns/CreatesApplication.php:311
/var/www/html/vendor/orchestra/testbench-core/src/TestCase.php:121
/var/www/html/vendor/orchestra/testbench-core/src/Concerns/ApplicationTestingHooks.php:74
/var/www/html/vendor/orchestra/testbench-core/src/Concerns/Testing.php:43
/var/www/html/vendor/laravel/framework/src/Illuminate/Collections/helpers.php:236
/var/www/html/vendor/orchestra/sidekick/src/functions.php:87
/var/www/html/vendor/laravel/framework/src/Illuminate/Collections/helpers.php:236
/var/www/html/vendor/orchestra/testbench-core/src/Concerns/Testing.php:57
/var/www/html/vendor/orchestra/testbench-core/src/TestCase.php:50
/var/www/html/tests/TestCase.php:61
/var/www/html/tests/Unit/Traits/ValidatesParametersTest.php:25</error>
        </testcase>
        <testcase name="test_validate_field_pattern" file="/var/www/html/tests/Unit/Traits/ValidatesParametersTest.php" line="377" class="JTD\LaravelMCP\Tests\Unit\Traits\ValidatesParametersTest" classname="JTD.LaravelMCP.Tests.Unit.Traits.ValidatesParametersTest" assertions="0" time="0.000000">
          <error type="Exception">JTD\LaravelMCP\Tests\Unit\Traits\ValidatesParametersTest::test_validate_field_pattern
Exception: The /var/www/html/vendor/orchestra/testbench-core/laravel/bootstrap/cache directory must be present and writable.

/var/www/html/vendor/laravel/framework/src/Illuminate/Foundation/PackageManifest.php:179
/var/www/html/vendor/orchestra/testbench-core/src/Foundation/PackageManifest.php:157
/var/www/html/vendor/laravel/framework/src/Illuminate/Foundation/PackageManifest.php:132
/var/www/html/vendor/laravel/framework/src/Illuminate/Foundation/PackageManifest.php:108
/var/www/html/vendor/orchestra/testbench-core/src/Foundation/PackageManifest.php:102
/var/www/html/vendor/laravel/framework/src/Illuminate/Foundation/PackageManifest.php:91
/var/www/html/vendor/laravel/framework/src/Illuminate/Foundation/PackageManifest.php:80
/var/www/html/vendor/laravel/framework/src/Illuminate/Foundation/Bootstrap/RegisterFacades.php:26
/var/www/html/vendor/orchestra/testbench-core/src/Concerns/CreatesApplication.php:556
/var/www/html/vendor/orchestra/testbench-core/src/Concerns/CreatesApplication.php:311
/var/www/html/vendor/orchestra/testbench-core/src/TestCase.php:121
/var/www/html/vendor/orchestra/testbench-core/src/Concerns/ApplicationTestingHooks.php:74
/var/www/html/vendor/orchestra/testbench-core/src/Concerns/Testing.php:43
/var/www/html/vendor/laravel/framework/src/Illuminate/Collections/helpers.php:236
/var/www/html/vendor/orchestra/sidekick/src/functions.php:87
/var/www/html/vendor/laravel/framework/src/Illuminate/Collections/helpers.php:236
/var/www/html/vendor/orchestra/testbench-core/src/Concerns/Testing.php:57
/var/www/html/vendor/orchestra/testbench-core/src/TestCase.php:50
/var/www/html/tests/TestCase.php:61
/var/www/html/tests/Unit/Traits/ValidatesParametersTest.php:25</error>
        </testcase>
        <testcase name="test_validate_field_with_custom_validator" file="/var/www/html/tests/Unit/Traits/ValidatesParametersTest.php" line="394" class="JTD\LaravelMCP\Tests\Unit\Traits\ValidatesParametersTest" classname="JTD.LaravelMCP.Tests.Unit.Traits.ValidatesParametersTest" assertions="0" time="0.000000">
          <error type="Exception">JTD\LaravelMCP\Tests\Unit\Traits\ValidatesParametersTest::test_validate_field_with_custom_validator
Exception: The /var/www/html/vendor/orchestra/testbench-core/laravel/bootstrap/cache directory must be present and writable.

/var/www/html/vendor/laravel/framework/src/Illuminate/Foundation/PackageManifest.php:179
/var/www/html/vendor/orchestra/testbench-core/src/Foundation/PackageManifest.php:157
/var/www/html/vendor/laravel/framework/src/Illuminate/Foundation/PackageManifest.php:132
/var/www/html/vendor/laravel/framework/src/Illuminate/Foundation/PackageManifest.php:108
/var/www/html/vendor/orchestra/testbench-core/src/Foundation/PackageManifest.php:102
/var/www/html/vendor/laravel/framework/src/Illuminate/Foundation/PackageManifest.php:91
/var/www/html/vendor/laravel/framework/src/Illuminate/Foundation/PackageManifest.php:80
/var/www/html/vendor/laravel/framework/src/Illuminate/Foundation/Bootstrap/RegisterFacades.php:26
/var/www/html/vendor/orchestra/testbench-core/src/Concerns/CreatesApplication.php:556
/var/www/html/vendor/orchestra/testbench-core/src/Concerns/CreatesApplication.php:311
/var/www/html/vendor/orchestra/testbench-core/src/TestCase.php:121
/var/www/html/vendor/orchestra/testbench-core/src/Concerns/ApplicationTestingHooks.php:74
/var/www/html/vendor/orchestra/testbench-core/src/Concerns/Testing.php:43
/var/www/html/vendor/laravel/framework/src/Illuminate/Collections/helpers.php:236
/var/www/html/vendor/orchestra/sidekick/src/functions.php:87
/var/www/html/vendor/laravel/framework/src/Illuminate/Collections/helpers.php:236
/var/www/html/vendor/orchestra/testbench-core/src/Concerns/Testing.php:57
/var/www/html/vendor/orchestra/testbench-core/src/TestCase.php:50
/var/www/html/tests/TestCase.php:61
/var/www/html/tests/Unit/Traits/ValidatesParametersTest.php:25</error>
        </testcase>
        <testcase name="test_complex_schema_validation" file="/var/www/html/tests/Unit/Traits/ValidatesParametersTest.php" line="431" class="JTD\LaravelMCP\Tests\Unit\Traits\ValidatesParametersTest" classname="JTD.LaravelMCP.Tests.Unit.Traits.ValidatesParametersTest" assertions="0" time="0.000000">
          <error type="Exception">JTD\LaravelMCP\Tests\Unit\Traits\ValidatesParametersTest::test_complex_schema_validation
Exception: The /var/www/html/vendor/orchestra/testbench-core/laravel/bootstrap/cache directory must be present and writable.

/var/www/html/vendor/laravel/framework/src/Illuminate/Foundation/PackageManifest.php:179
/var/www/html/vendor/orchestra/testbench-core/src/Foundation/PackageManifest.php:157
/var/www/html/vendor/laravel/framework/src/Illuminate/Foundation/PackageManifest.php:132
/var/www/html/vendor/laravel/framework/src/Illuminate/Foundation/PackageManifest.php:108
/var/www/html/vendor/orchestra/testbench-core/src/Foundation/PackageManifest.php:102
/var/www/html/vendor/laravel/framework/src/Illuminate/Foundation/PackageManifest.php:91
/var/www/html/vendor/laravel/framework/src/Illuminate/Foundation/PackageManifest.php:80
/var/www/html/vendor/laravel/framework/src/Illuminate/Foundation/Bootstrap/RegisterFacades.php:26
/var/www/html/vendor/orchestra/testbench-core/src/Concerns/CreatesApplication.php:556
/var/www/html/vendor/orchestra/testbench-core/src/Concerns/CreatesApplication.php:311
/var/www/html/vendor/orchestra/testbench-core/src/TestCase.php:121
/var/www/html/vendor/orchestra/testbench-core/src/Concerns/ApplicationTestingHooks.php:74
/var/www/html/vendor/orchestra/testbench-core/src/Concerns/Testing.php:43
/var/www/html/vendor/laravel/framework/src/Illuminate/Collections/helpers.php:236
/var/www/html/vendor/orchestra/sidekick/src/functions.php:87
/var/www/html/vendor/laravel/framework/src/Illuminate/Collections/helpers.php:236
/var/www/html/vendor/orchestra/testbench-core/src/Concerns/Testing.php:57
/var/www/html/vendor/orchestra/testbench-core/src/TestCase.php:50
/var/www/html/tests/TestCase.php:61
/var/www/html/tests/Unit/Traits/ValidatesParametersTest.php:25</error>
        </testcase>
        <testcase name="test_is_required" file="/var/www/html/tests/Unit/Traits/ValidatesParametersTest.php" line="466" class="JTD\LaravelMCP\Tests\Unit\Traits\ValidatesParametersTest" classname="JTD.LaravelMCP.Tests.Unit.Traits.ValidatesParametersTest" assertions="0" time="0.000000">
          <error type="Exception">JTD\LaravelMCP\Tests\Unit\Traits\ValidatesParametersTest::test_is_required
Exception: The /var/www/html/vendor/orchestra/testbench-core/laravel/bootstrap/cache directory must be present and writable.

/var/www/html/vendor/laravel/framework/src/Illuminate/Foundation/PackageManifest.php:179
/var/www/html/vendor/orchestra/testbench-core/src/Foundation/PackageManifest.php:157
/var/www/html/vendor/laravel/framework/src/Illuminate/Foundation/PackageManifest.php:132
/var/www/html/vendor/laravel/framework/src/Illuminate/Foundation/PackageManifest.php:108
/var/www/html/vendor/orchestra/testbench-core/src/Foundation/PackageManifest.php:102
/var/www/html/vendor/laravel/framework/src/Illuminate/Foundation/PackageManifest.php:91
/var/www/html/vendor/laravel/framework/src/Illuminate/Foundation/PackageManifest.php:80
/var/www/html/vendor/laravel/framework/src/Illuminate/Foundation/Bootstrap/RegisterFacades.php:26
/var/www/html/vendor/orchestra/testbench-core/src/Concerns/CreatesApplication.php:556
/var/www/html/vendor/orchestra/testbench-core/src/Concerns/CreatesApplication.php:311
/var/www/html/vendor/orchestra/testbench-core/src/TestCase.php:121
/var/www/html/vendor/orchestra/testbench-core/src/Concerns/ApplicationTestingHooks.php:74
/var/www/html/vendor/orchestra/testbench-core/src/Concerns/Testing.php:43
/var/www/html/vendor/laravel/framework/src/Illuminate/Collections/helpers.php:236
/var/www/html/vendor/orchestra/sidekick/src/functions.php:87
/var/www/html/vendor/laravel/framework/src/Illuminate/Collections/helpers.php:236
/var/www/html/vendor/orchestra/testbench-core/src/Concerns/Testing.php:57
/var/www/html/vendor/orchestra/testbench-core/src/TestCase.php:50
/var/www/html/tests/TestCase.php:61
/var/www/html/tests/Unit/Traits/ValidatesParametersTest.php:25</error>
        </testcase>
        <testcase name="test_get_validation_error_summary" file="/var/www/html/tests/Unit/Traits/ValidatesParametersTest.php" line="476" class="JTD\LaravelMCP\Tests\Unit\Traits\ValidatesParametersTest" classname="JTD.LaravelMCP.Tests.Unit.Traits.ValidatesParametersTest" assertions="0" time="0.000000">
          <error type="Exception">JTD\LaravelMCP\Tests\Unit\Traits\ValidatesParametersTest::test_get_validation_error_summary
Exception: The /var/www/html/vendor/orchestra/testbench-core/laravel/bootstrap/cache directory must be present and writable.

/var/www/html/vendor/laravel/framework/src/Illuminate/Foundation/PackageManifest.php:179
/var/www/html/vendor/orchestra/testbench-core/src/Foundation/PackageManifest.php:157
/var/www/html/vendor/laravel/framework/src/Illuminate/Foundation/PackageManifest.php:132
/var/www/html/vendor/laravel/framework/src/Illuminate/Foundation/PackageManifest.php:108
/var/www/html/vendor/orchestra/testbench-core/src/Foundation/PackageManifest.php:102
/var/www/html/vendor/laravel/framework/src/Illuminate/Foundation/PackageManifest.php:91
/var/www/html/vendor/laravel/framework/src/Illuminate/Foundation/PackageManifest.php:80
/var/www/html/vendor/laravel/framework/src/Illuminate/Foundation/Bootstrap/RegisterFacades.php:26
/var/www/html/vendor/orchestra/testbench-core/src/Concerns/CreatesApplication.php:556
/var/www/html/vendor/orchestra/testbench-core/src/Concerns/CreatesApplication.php:311
/var/www/html/vendor/orchestra/testbench-core/src/TestCase.php:121
/var/www/html/vendor/orchestra/testbench-core/src/Concerns/ApplicationTestingHooks.php:74
/var/www/html/vendor/orchestra/testbench-core/src/Concerns/Testing.php:43
/var/www/html/vendor/laravel/framework/src/Illuminate/Collections/helpers.php:236
/var/www/html/vendor/orchestra/sidekick/src/functions.php:87
/var/www/html/vendor/laravel/framework/src/Illuminate/Collections/helpers.php:236
/var/www/html/vendor/orchestra/testbench-core/src/Concerns/Testing.php:57
/var/www/html/vendor/orchestra/testbench-core/src/TestCase.php:50
/var/www/html/tests/TestCase.php:61
/var/www/html/tests/Unit/Traits/ValidatesParametersTest.php:25</error>
        </testcase>
      </testsuite>
      <testsuite name="JTD\LaravelMCP\Tests\Unit\Transport\BaseTransportTest" file="/var/www/html/tests/Unit/Transport/BaseTransportTest.php" tests="24" assertions="0" errors="24" failures="0" skipped="0" time="0.000000">
        <testcase name="it_initializes_with_default_configuration" file="/var/www/html/tests/Unit/Transport/BaseTransportTest.php" line="30" class="JTD\LaravelMCP\Tests\Unit\Transport\BaseTransportTest" classname="JTD.LaravelMCP.Tests.Unit.Transport.BaseTransportTest" assertions="0" time="0.000000">
          <error type="Exception">JTD\LaravelMCP\Tests\Unit\Transport\BaseTransportTest::it_initializes_with_default_configuration
Exception: The /var/www/html/vendor/orchestra/testbench-core/laravel/bootstrap/cache directory must be present and writable.

/var/www/html/vendor/laravel/framework/src/Illuminate/Foundation/PackageManifest.php:179
/var/www/html/vendor/orchestra/testbench-core/src/Foundation/PackageManifest.php:157
/var/www/html/vendor/laravel/framework/src/Illuminate/Foundation/PackageManifest.php:132
/var/www/html/vendor/laravel/framework/src/Illuminate/Foundation/PackageManifest.php:108
/var/www/html/vendor/orchestra/testbench-core/src/Foundation/PackageManifest.php:102
/var/www/html/vendor/laravel/framework/src/Illuminate/Foundation/PackageManifest.php:91
/var/www/html/vendor/laravel/framework/src/Illuminate/Foundation/PackageManifest.php:80
/var/www/html/vendor/laravel/framework/src/Illuminate/Foundation/Bootstrap/RegisterFacades.php:26
/var/www/html/vendor/orchestra/testbench-core/src/Concerns/CreatesApplication.php:556
/var/www/html/vendor/orchestra/testbench-core/src/Concerns/CreatesApplication.php:311
/var/www/html/vendor/orchestra/testbench-core/src/TestCase.php:121
/var/www/html/vendor/orchestra/testbench-core/src/Concerns/ApplicationTestingHooks.php:74
/var/www/html/vendor/orchestra/testbench-core/src/Concerns/Testing.php:43
/var/www/html/vendor/laravel/framework/src/Illuminate/Collections/helpers.php:236
/var/www/html/vendor/orchestra/sidekick/src/functions.php:87
/var/www/html/vendor/laravel/framework/src/Illuminate/Collections/helpers.php:236
/var/www/html/vendor/orchestra/testbench-core/src/Concerns/Testing.php:57
/var/www/html/vendor/orchestra/testbench-core/src/TestCase.php:50
/var/www/html/tests/TestCase.php:61
/var/www/html/tests/Unit/Transport/BaseTransportTest.php:23</error>
        </testcase>
        <testcase name="it_merges_custom_configuration_with_defaults" file="/var/www/html/tests/Unit/Transport/BaseTransportTest.php" line="45" class="JTD\LaravelMCP\Tests\Unit\Transport\BaseTransportTest" classname="JTD.LaravelMCP.Tests.Unit.Transport.BaseTransportTest" assertions="0" time="0.000000">
          <error type="Exception">JTD\LaravelMCP\Tests\Unit\Transport\BaseTransportTest::it_merges_custom_configuration_with_defaults
Exception: The /var/www/html/vendor/orchestra/testbench-core/laravel/bootstrap/cache directory must be present and writable.

/var/www/html/vendor/laravel/framework/src/Illuminate/Foundation/PackageManifest.php:179
/var/www/html/vendor/orchestra/testbench-core/src/Foundation/PackageManifest.php:157
/var/www/html/vendor/laravel/framework/src/Illuminate/Foundation/PackageManifest.php:132
/var/www/html/vendor/laravel/framework/src/Illuminate/Foundation/PackageManifest.php:108
/var/www/html/vendor/orchestra/testbench-core/src/Foundation/PackageManifest.php:102
/var/www/html/vendor/laravel/framework/src/Illuminate/Foundation/PackageManifest.php:91
/var/www/html/vendor/laravel/framework/src/Illuminate/Foundation/PackageManifest.php:80
/var/www/html/vendor/laravel/framework/src/Illuminate/Foundation/Bootstrap/RegisterFacades.php:26
/var/www/html/vendor/orchestra/testbench-core/src/Concerns/CreatesApplication.php:556
/var/www/html/vendor/orchestra/testbench-core/src/Concerns/CreatesApplication.php:311
/var/www/html/vendor/orchestra/testbench-core/src/TestCase.php:121
/var/www/html/vendor/orchestra/testbench-core/src/Concerns/ApplicationTestingHooks.php:74
/var/www/html/vendor/orchestra/testbench-core/src/Concerns/Testing.php:43
/var/www/html/vendor/laravel/framework/src/Illuminate/Collections/helpers.php:236
/var/www/html/vendor/orchestra/sidekick/src/functions.php:87
/var/www/html/vendor/laravel/framework/src/Illuminate/Collections/helpers.php:236
/var/www/html/vendor/orchestra/testbench-core/src/Concerns/Testing.php:57
/var/www/html/vendor/orchestra/testbench-core/src/TestCase.php:50
/var/www/html/tests/TestCase.php:61
/var/www/html/tests/Unit/Transport/BaseTransportTest.php:23</error>
        </testcase>
        <testcase name="it_validates_configuration_on_initialization" file="/var/www/html/tests/Unit/Transport/BaseTransportTest.php" line="62" class="JTD\LaravelMCP\Tests\Unit\Transport\BaseTransportTest" classname="JTD.LaravelMCP.Tests.Unit.Transport.BaseTransportTest" assertions="0" time="0.000000">
          <error type="Exception">JTD\LaravelMCP\Tests\Unit\Transport\BaseTransportTest::it_validates_configuration_on_initialization
Exception: The /var/www/html/vendor/orchestra/testbench-core/laravel/bootstrap/cache directory must be present and writable.

/var/www/html/vendor/laravel/framework/src/Illuminate/Foundation/PackageManifest.php:179
/var/www/html/vendor/orchestra/testbench-core/src/Foundation/PackageManifest.php:157
/var/www/html/vendor/laravel/framework/src/Illuminate/Foundation/PackageManifest.php:132
/var/www/html/vendor/laravel/framework/src/Illuminate/Foundation/PackageManifest.php:108
/var/www/html/vendor/orchestra/testbench-core/src/Foundation/PackageManifest.php:102
/var/www/html/vendor/laravel/framework/src/Illuminate/Foundation/PackageManifest.php:91
/var/www/html/vendor/laravel/framework/src/Illuminate/Foundation/PackageManifest.php:80
/var/www/html/vendor/laravel/framework/src/Illuminate/Foundation/Bootstrap/RegisterFacades.php:26
/var/www/html/vendor/orchestra/testbench-core/src/Concerns/CreatesApplication.php:556
/var/www/html/vendor/orchestra/testbench-core/src/Concerns/CreatesApplication.php:311
/var/www/html/vendor/orchestra/testbench-core/src/TestCase.php:121
/var/www/html/vendor/orchestra/testbench-core/src/Concerns/ApplicationTestingHooks.php:74
/var/www/html/vendor/orchestra/testbench-core/src/Concerns/Testing.php:43
/var/www/html/vendor/laravel/framework/src/Illuminate/Collections/helpers.php:236
/var/www/html/vendor/orchestra/sidekick/src/functions.php:87
/var/www/html/vendor/laravel/framework/src/Illuminate/Collections/helpers.php:236
/var/www/html/vendor/orchestra/testbench-core/src/Concerns/Testing.php:57
/var/www/html/vendor/orchestra/testbench-core/src/TestCase.php:50
/var/www/html/tests/TestCase.php:61
/var/www/html/tests/Unit/Transport/BaseTransportTest.php:23</error>
        </testcase>
        <testcase name="it_starts_and_stops_correctly" file="/var/www/html/tests/Unit/Transport/BaseTransportTest.php" line="71" class="JTD\LaravelMCP\Tests\Unit\Transport\BaseTransportTest" classname="JTD.LaravelMCP.Tests.Unit.Transport.BaseTransportTest" assertions="0" time="0.000000">
          <error type="Exception">JTD\LaravelMCP\Tests\Unit\Transport\BaseTransportTest::it_starts_and_stops_correctly
Exception: The /var/www/html/vendor/orchestra/testbench-core/laravel/bootstrap/cache directory must be present and writable.

/var/www/html/vendor/laravel/framework/src/Illuminate/Foundation/PackageManifest.php:179
/var/www/html/vendor/orchestra/testbench-core/src/Foundation/PackageManifest.php:157
/var/www/html/vendor/laravel/framework/src/Illuminate/Foundation/PackageManifest.php:132
/var/www/html/vendor/laravel/framework/src/Illuminate/Foundation/PackageManifest.php:108
/var/www/html/vendor/orchestra/testbench-core/src/Foundation/PackageManifest.php:102
/var/www/html/vendor/laravel/framework/src/Illuminate/Foundation/PackageManifest.php:91
/var/www/html/vendor/laravel/framework/src/Illuminate/Foundation/PackageManifest.php:80
/var/www/html/vendor/laravel/framework/src/Illuminate/Foundation/Bootstrap/RegisterFacades.php:26
/var/www/html/vendor/orchestra/testbench-core/src/Concerns/CreatesApplication.php:556
/var/www/html/vendor/orchestra/testbench-core/src/Concerns/CreatesApplication.php:311
/var/www/html/vendor/orchestra/testbench-core/src/TestCase.php:121
/var/www/html/vendor/orchestra/testbench-core/src/Concerns/ApplicationTestingHooks.php:74
/var/www/html/vendor/orchestra/testbench-core/src/Concerns/Testing.php:43
/var/www/html/vendor/laravel/framework/src/Illuminate/Collections/helpers.php:236
/var/www/html/vendor/orchestra/sidekick/src/functions.php:87
/var/www/html/vendor/laravel/framework/src/Illuminate/Collections/helpers.php:236
/var/www/html/vendor/orchestra/testbench-core/src/Concerns/Testing.php:57
/var/www/html/vendor/orchestra/testbench-core/src/TestCase.php:50
/var/www/html/tests/TestCase.php:61
/var/www/html/tests/Unit/Transport/BaseTransportTest.php:23</error>
        </testcase>
        <testcase name="it_prevents_double_start" file="/var/www/html/tests/Unit/Transport/BaseTransportTest.php" line="89" class="JTD\LaravelMCP\Tests\Unit\Transport\BaseTransportTest" classname="JTD.LaravelMCP.Tests.Unit.Transport.BaseTransportTest" assertions="0" time="0.000000">
          <error type="Exception">JTD\LaravelMCP\Tests\Unit\Transport\BaseTransportTest::it_prevents_double_start
Exception: The /var/www/html/vendor/orchestra/testbench-core/laravel/bootstrap/cache directory must be present and writable.

/var/www/html/vendor/laravel/framework/src/Illuminate/Foundation/PackageManifest.php:179
/var/www/html/vendor/orchestra/testbench-core/src/Foundation/PackageManifest.php:157
/var/www/html/vendor/laravel/framework/src/Illuminate/Foundation/PackageManifest.php:132
/var/www/html/vendor/laravel/framework/src/Illuminate/Foundation/PackageManifest.php:108
/var/www/html/vendor/orchestra/testbench-core/src/Foundation/PackageManifest.php:102
/var/www/html/vendor/laravel/framework/src/Illuminate/Foundation/PackageManifest.php:91
/var/www/html/vendor/laravel/framework/src/Illuminate/Foundation/PackageManifest.php:80
/var/www/html/vendor/laravel/framework/src/Illuminate/Foundation/Bootstrap/RegisterFacades.php:26
/var/www/html/vendor/orchestra/testbench-core/src/Concerns/CreatesApplication.php:556
/var/www/html/vendor/orchestra/testbench-core/src/Concerns/CreatesApplication.php:311
/var/www/html/vendor/orchestra/testbench-core/src/TestCase.php:121
/var/www/html/vendor/orchestra/testbench-core/src/Concerns/ApplicationTestingHooks.php:74
/var/www/html/vendor/orchestra/testbench-core/src/Concerns/Testing.php:43
/var/www/html/vendor/laravel/framework/src/Illuminate/Collections/helpers.php:236
/var/www/html/vendor/orchestra/sidekick/src/functions.php:87
/var/www/html/vendor/laravel/framework/src/Illuminate/Collections/helpers.php:236
/var/www/html/vendor/orchestra/testbench-core/src/Concerns/Testing.php:57
/var/www/html/vendor/orchestra/testbench-core/src/TestCase.php:50
/var/www/html/tests/TestCase.php:61
/var/www/html/tests/Unit/Transport/BaseTransportTest.php:23</error>
        </testcase>
        <testcase name="it_gracefully_handles_double_stop" file="/var/www/html/tests/Unit/Transport/BaseTransportTest.php" line="102" class="JTD\LaravelMCP\Tests\Unit\Transport\BaseTransportTest" classname="JTD.LaravelMCP.Tests.Unit.Transport.BaseTransportTest" assertions="0" time="0.000000">
          <error type="Exception">JTD\LaravelMCP\Tests\Unit\Transport\BaseTransportTest::it_gracefully_handles_double_stop
Exception: The /var/www/html/vendor/orchestra/testbench-core/laravel/bootstrap/cache directory must be present and writable.

/var/www/html/vendor/laravel/framework/src/Illuminate/Foundation/PackageManifest.php:179
/var/www/html/vendor/orchestra/testbench-core/src/Foundation/PackageManifest.php:157
/var/www/html/vendor/laravel/framework/src/Illuminate/Foundation/PackageManifest.php:132
/var/www/html/vendor/laravel/framework/src/Illuminate/Foundation/PackageManifest.php:108
/var/www/html/vendor/orchestra/testbench-core/src/Foundation/PackageManifest.php:102
/var/www/html/vendor/laravel/framework/src/Illuminate/Foundation/PackageManifest.php:91
/var/www/html/vendor/laravel/framework/src/Illuminate/Foundation/PackageManifest.php:80
/var/www/html/vendor/laravel/framework/src/Illuminate/Foundation/Bootstrap/RegisterFacades.php:26
/var/www/html/vendor/orchestra/testbench-core/src/Concerns/CreatesApplication.php:556
/var/www/html/vendor/orchestra/testbench-core/src/Concerns/CreatesApplication.php:311
/var/www/html/vendor/orchestra/testbench-core/src/TestCase.php:121
/var/www/html/vendor/orchestra/testbench-core/src/Concerns/ApplicationTestingHooks.php:74
/var/www/html/vendor/orchestra/testbench-core/src/Concerns/Testing.php:43
/var/www/html/vendor/laravel/framework/src/Illuminate/Collections/helpers.php:236
/var/www/html/vendor/orchestra/sidekick/src/functions.php:87
/var/www/html/vendor/laravel/framework/src/Illuminate/Collections/helpers.php:236
/var/www/html/vendor/orchestra/testbench-core/src/Concerns/Testing.php:57
/var/www/html/vendor/orchestra/testbench-core/src/TestCase.php:50
/var/www/html/tests/TestCase.php:61
/var/www/html/tests/Unit/Transport/BaseTransportTest.php:23</error>
        </testcase>
        <testcase name="it_sends_messages_when_connected" file="/var/www/html/tests/Unit/Transport/BaseTransportTest.php" line="116" class="JTD\LaravelMCP\Tests\Unit\Transport\BaseTransportTest" classname="JTD.LaravelMCP.Tests.Unit.Transport.BaseTransportTest" assertions="0" time="0.000000">
          <error type="Exception">JTD\LaravelMCP\Tests\Unit\Transport\BaseTransportTest::it_sends_messages_when_connected
Exception: The /var/www/html/vendor/orchestra/testbench-core/laravel/bootstrap/cache directory must be present and writable.

/var/www/html/vendor/laravel/framework/src/Illuminate/Foundation/PackageManifest.php:179
/var/www/html/vendor/orchestra/testbench-core/src/Foundation/PackageManifest.php:157
/var/www/html/vendor/laravel/framework/src/Illuminate/Foundation/PackageManifest.php:132
/var/www/html/vendor/laravel/framework/src/Illuminate/Foundation/PackageManifest.php:108
/var/www/html/vendor/orchestra/testbench-core/src/Foundation/PackageManifest.php:102
/var/www/html/vendor/laravel/framework/src/Illuminate/Foundation/PackageManifest.php:91
/var/www/html/vendor/laravel/framework/src/Illuminate/Foundation/PackageManifest.php:80
/var/www/html/vendor/laravel/framework/src/Illuminate/Foundation/Bootstrap/RegisterFacades.php:26
/var/www/html/vendor/orchestra/testbench-core/src/Concerns/CreatesApplication.php:556
/var/www/html/vendor/orchestra/testbench-core/src/Concerns/CreatesApplication.php:311
/var/www/html/vendor/orchestra/testbench-core/src/TestCase.php:121
/var/www/html/vendor/orchestra/testbench-core/src/Concerns/ApplicationTestingHooks.php:74
/var/www/html/vendor/orchestra/testbench-core/src/Concerns/Testing.php:43
/var/www/html/vendor/laravel/framework/src/Illuminate/Collections/helpers.php:236
/var/www/html/vendor/orchestra/sidekick/src/functions.php:87
/var/www/html/vendor/laravel/framework/src/Illuminate/Collections/helpers.php:236
/var/www/html/vendor/orchestra/testbench-core/src/Concerns/Testing.php:57
/var/www/html/vendor/orchestra/testbench-core/src/TestCase.php:50
/var/www/html/tests/TestCase.php:61
/var/www/html/tests/Unit/Transport/BaseTransportTest.php:23</error>
        </testcase>
        <testcase name="it_throws_exception_when_sending_while_disconnected" file="/var/www/html/tests/Unit/Transport/BaseTransportTest.php" line="131" class="JTD\LaravelMCP\Tests\Unit\Transport\BaseTransportTest" classname="JTD.LaravelMCP.Tests.Unit.Transport.BaseTransportTest" assertions="0" time="0.000000">
          <error type="Exception">JTD\LaravelMCP\Tests\Unit\Transport\BaseTransportTest::it_throws_exception_when_sending_while_disconnected
Exception: The /var/www/html/vendor/orchestra/testbench-core/laravel/bootstrap/cache directory must be present and writable.

/var/www/html/vendor/laravel/framework/src/Illuminate/Foundation/PackageManifest.php:179
/var/www/html/vendor/orchestra/testbench-core/src/Foundation/PackageManifest.php:157
/var/www/html/vendor/laravel/framework/src/Illuminate/Foundation/PackageManifest.php:132
/var/www/html/vendor/laravel/framework/src/Illuminate/Foundation/PackageManifest.php:108
/var/www/html/vendor/orchestra/testbench-core/src/Foundation/PackageManifest.php:102
/var/www/html/vendor/laravel/framework/src/Illuminate/Foundation/PackageManifest.php:91
/var/www/html/vendor/laravel/framework/src/Illuminate/Foundation/PackageManifest.php:80
/var/www/html/vendor/laravel/framework/src/Illuminate/Foundation/Bootstrap/RegisterFacades.php:26
/var/www/html/vendor/orchestra/testbench-core/src/Concerns/CreatesApplication.php:556
/var/www/html/vendor/orchestra/testbench-core/src/Concerns/CreatesApplication.php:311
/var/www/html/vendor/orchestra/testbench-core/src/TestCase.php:121
/var/www/html/vendor/orchestra/testbench-core/src/Concerns/ApplicationTestingHooks.php:74
/var/www/html/vendor/orchestra/testbench-core/src/Concerns/Testing.php:43
/var/www/html/vendor/laravel/framework/src/Illuminate/Collections/helpers.php:236
/var/www/html/vendor/orchestra/sidekick/src/functions.php:87
/var/www/html/vendor/laravel/framework/src/Illuminate/Collections/helpers.php:236
/var/www/html/vendor/orchestra/testbench-core/src/Concerns/Testing.php:57
/var/www/html/vendor/orchestra/testbench-core/src/TestCase.php:50
/var/www/html/tests/TestCase.php:61
/var/www/html/tests/Unit/Transport/BaseTransportTest.php:23</error>
        </testcase>
        <testcase name="it_receives_messages_when_connected" file="/var/www/html/tests/Unit/Transport/BaseTransportTest.php" line="142" class="JTD\LaravelMCP\Tests\Unit\Transport\BaseTransportTest" classname="JTD.LaravelMCP.Tests.Unit.Transport.BaseTransportTest" assertions="0" time="0.000000">
          <error type="Exception">JTD\LaravelMCP\Tests\Unit\Transport\BaseTransportTest::it_receives_messages_when_connected
Exception: The /var/www/html/vendor/orchestra/testbench-core/laravel/bootstrap/cache directory must be present and writable.

/var/www/html/vendor/laravel/framework/src/Illuminate/Foundation/PackageManifest.php:179
/var/www/html/vendor/orchestra/testbench-core/src/Foundation/PackageManifest.php:157
/var/www/html/vendor/laravel/framework/src/Illuminate/Foundation/PackageManifest.php:132
/var/www/html/vendor/laravel/framework/src/Illuminate/Foundation/PackageManifest.php:108
/var/www/html/vendor/orchestra/testbench-core/src/Foundation/PackageManifest.php:102
/var/www/html/vendor/laravel/framework/src/Illuminate/Foundation/PackageManifest.php:91
/var/www/html/vendor/laravel/framework/src/Illuminate/Foundation/PackageManifest.php:80
/var/www/html/vendor/laravel/framework/src/Illuminate/Foundation/Bootstrap/RegisterFacades.php:26
/var/www/html/vendor/orchestra/testbench-core/src/Concerns/CreatesApplication.php:556
/var/www/html/vendor/orchestra/testbench-core/src/Concerns/CreatesApplication.php:311
/var/www/html/vendor/orchestra/testbench-core/src/TestCase.php:121
/var/www/html/vendor/orchestra/testbench-core/src/Concerns/ApplicationTestingHooks.php:74
/var/www/html/vendor/orchestra/testbench-core/src/Concerns/Testing.php:43
/var/www/html/vendor/laravel/framework/src/Illuminate/Collections/helpers.php:236
/var/www/html/vendor/orchestra/sidekick/src/functions.php:87
/var/www/html/vendor/laravel/framework/src/Illuminate/Collections/helpers.php:236
/var/www/html/vendor/orchestra/testbench-core/src/Concerns/Testing.php:57
/var/www/html/vendor/orchestra/testbench-core/src/TestCase.php:50
/var/www/html/tests/TestCase.php:61
/var/www/html/tests/Unit/Transport/BaseTransportTest.php:23</error>
        </testcase>
        <testcase name="it_returns_null_when_no_messages_to_receive" file="/var/www/html/tests/Unit/Transport/BaseTransportTest.php" line="159" class="JTD\LaravelMCP\Tests\Unit\Transport\BaseTransportTest" classname="JTD.LaravelMCP.Tests.Unit.Transport.BaseTransportTest" assertions="0" time="0.000000">
          <error type="Exception">JTD\LaravelMCP\Tests\Unit\Transport\BaseTransportTest::it_returns_null_when_no_messages_to_receive
Exception: The /var/www/html/vendor/orchestra/testbench-core/laravel/bootstrap/cache directory must be present and writable.

/var/www/html/vendor/laravel/framework/src/Illuminate/Foundation/PackageManifest.php:179
/var/www/html/vendor/orchestra/testbench-core/src/Foundation/PackageManifest.php:157
/var/www/html/vendor/laravel/framework/src/Illuminate/Foundation/PackageManifest.php:132
/var/www/html/vendor/laravel/framework/src/Illuminate/Foundation/PackageManifest.php:108
/var/www/html/vendor/orchestra/testbench-core/src/Foundation/PackageManifest.php:102
/var/www/html/vendor/laravel/framework/src/Illuminate/Foundation/PackageManifest.php:91
/var/www/html/vendor/laravel/framework/src/Illuminate/Foundation/PackageManifest.php:80
/var/www/html/vendor/laravel/framework/src/Illuminate/Foundation/Bootstrap/RegisterFacades.php:26
/var/www/html/vendor/orchestra/testbench-core/src/Concerns/CreatesApplication.php:556
/var/www/html/vendor/orchestra/testbench-core/src/Concerns/CreatesApplication.php:311
/var/www/html/vendor/orchestra/testbench-core/src/TestCase.php:121
/var/www/html/vendor/orchestra/testbench-core/src/Concerns/ApplicationTestingHooks.php:74
/var/www/html/vendor/orchestra/testbench-core/src/Concerns/Testing.php:43
/var/www/html/vendor/laravel/framework/src/Illuminate/Collections/helpers.php:236
/var/www/html/vendor/orchestra/sidekick/src/functions.php:87
/var/www/html/vendor/laravel/framework/src/Illuminate/Collections/helpers.php:236
/var/www/html/vendor/orchestra/testbench-core/src/Concerns/Testing.php:57
/var/www/html/vendor/orchestra/testbench-core/src/TestCase.php:50
/var/www/html/tests/TestCase.php:61
/var/www/html/tests/Unit/Transport/BaseTransportTest.php:23</error>
        </testcase>
        <testcase name="it_tracks_statistics_correctly" file="/var/www/html/tests/Unit/Transport/BaseTransportTest.php" line="170" class="JTD\LaravelMCP\Tests\Unit\Transport\BaseTransportTest" classname="JTD.LaravelMCP.Tests.Unit.Transport.BaseTransportTest" assertions="0" time="0.000000">
          <error type="Exception">JTD\LaravelMCP\Tests\Unit\Transport\BaseTransportTest::it_tracks_statistics_correctly
Exception: The /var/www/html/vendor/orchestra/testbench-core/laravel/bootstrap/cache directory must be present and writable.

/var/www/html/vendor/laravel/framework/src/Illuminate/Foundation/PackageManifest.php:179
/var/www/html/vendor/orchestra/testbench-core/src/Foundation/PackageManifest.php:157
/var/www/html/vendor/laravel/framework/src/Illuminate/Foundation/PackageManifest.php:132
/var/www/html/vendor/laravel/framework/src/Illuminate/Foundation/PackageManifest.php:108
/var/www/html/vendor/orchestra/testbench-core/src/Foundation/PackageManifest.php:102
/var/www/html/vendor/laravel/framework/src/Illuminate/Foundation/PackageManifest.php:91
/var/www/html/vendor/laravel/framework/src/Illuminate/Foundation/PackageManifest.php:80
/var/www/html/vendor/laravel/framework/src/Illuminate/Foundation/Bootstrap/RegisterFacades.php:26
/var/www/html/vendor/orchestra/testbench-core/src/Concerns/CreatesApplication.php:556
/var/www/html/vendor/orchestra/testbench-core/src/Concerns/CreatesApplication.php:311
/var/www/html/vendor/orchestra/testbench-core/src/TestCase.php:121
/var/www/html/vendor/orchestra/testbench-core/src/Concerns/ApplicationTestingHooks.php:74
/var/www/html/vendor/orchestra/testbench-core/src/Concerns/Testing.php:43
/var/www/html/vendor/laravel/framework/src/Illuminate/Collections/helpers.php:236
/var/www/html/vendor/orchestra/sidekick/src/functions.php:87
/var/www/html/vendor/laravel/framework/src/Illuminate/Collections/helpers.php:236
/var/www/html/vendor/orchestra/testbench-core/src/Concerns/Testing.php:57
/var/www/html/vendor/orchestra/testbench-core/src/TestCase.php:50
/var/www/html/tests/TestCase.php:61
/var/www/html/tests/Unit/Transport/BaseTransportTest.php:23</error>
        </testcase>
        <testcase name="it_handles_errors_correctly" file="/var/www/html/tests/Unit/Transport/BaseTransportTest.php" line="196" class="JTD\LaravelMCP\Tests\Unit\Transport\BaseTransportTest" classname="JTD.LaravelMCP.Tests.Unit.Transport.BaseTransportTest" assertions="0" time="0.000000">
          <error type="Exception">JTD\LaravelMCP\Tests\Unit\Transport\BaseTransportTest::it_handles_errors_correctly
Exception: The /var/www/html/vendor/orchestra/testbench-core/laravel/bootstrap/cache directory must be present and writable.

/var/www/html/vendor/laravel/framework/src/Illuminate/Foundation/PackageManifest.php:179
/var/www/html/vendor/orchestra/testbench-core/src/Foundation/PackageManifest.php:157
/var/www/html/vendor/laravel/framework/src/Illuminate/Foundation/PackageManifest.php:132
/var/www/html/vendor/laravel/framework/src/Illuminate/Foundation/PackageManifest.php:108
/var/www/html/vendor/orchestra/testbench-core/src/Foundation/PackageManifest.php:102
/var/www/html/vendor/laravel/framework/src/Illuminate/Foundation/PackageManifest.php:91
/var/www/html/vendor/laravel/framework/src/Illuminate/Foundation/PackageManifest.php:80
/var/www/html/vendor/laravel/framework/src/Illuminate/Foundation/Bootstrap/RegisterFacades.php:26
/var/www/html/vendor/orchestra/testbench-core/src/Concerns/CreatesApplication.php:556
/var/www/html/vendor/orchestra/testbench-core/src/Concerns/CreatesApplication.php:311
/var/www/html/vendor/orchestra/testbench-core/src/TestCase.php:121
/var/www/html/vendor/orchestra/testbench-core/src/Concerns/ApplicationTestingHooks.php:74
/var/www/html/vendor/orchestra/testbench-core/src/Concerns/Testing.php:43
/var/www/html/vendor/laravel/framework/src/Illuminate/Collections/helpers.php:236
/var/www/html/vendor/orchestra/sidekick/src/functions.php:87
/var/www/html/vendor/laravel/framework/src/Illuminate/Collections/helpers.php:236
/var/www/html/vendor/orchestra/testbench-core/src/Concerns/Testing.php:57
/var/www/html/vendor/orchestra/testbench-core/src/TestCase.php:50
/var/www/html/tests/TestCase.php:61
/var/www/html/tests/Unit/Transport/BaseTransportTest.php:23</error>
        </testcase>
        <testcase name="it_sets_and_uses_message_handler" file="/var/www/html/tests/Unit/Transport/BaseTransportTest.php" line="210" class="JTD\LaravelMCP\Tests\Unit\Transport\BaseTransportTest" classname="JTD.LaravelMCP.Tests.Unit.Transport.BaseTransportTest" assertions="0" time="0.000000">
          <error type="Exception">JTD\LaravelMCP\Tests\Unit\Transport\BaseTransportTest::it_sets_and_uses_message_handler
Exception: The /var/www/html/vendor/orchestra/testbench-core/laravel/bootstrap/cache directory must be present and writable.

/var/www/html/vendor/laravel/framework/src/Illuminate/Foundation/PackageManifest.php:179
/var/www/html/vendor/orchestra/testbench-core/src/Foundation/PackageManifest.php:157
/var/www/html/vendor/laravel/framework/src/Illuminate/Foundation/PackageManifest.php:132
/var/www/html/vendor/laravel/framework/src/Illuminate/Foundation/PackageManifest.php:108
/var/www/html/vendor/orchestra/testbench-core/src/Foundation/PackageManifest.php:102
/var/www/html/vendor/laravel/framework/src/Illuminate/Foundation/PackageManifest.php:91
/var/www/html/vendor/laravel/framework/src/Illuminate/Foundation/PackageManifest.php:80
/var/www/html/vendor/laravel/framework/src/Illuminate/Foundation/Bootstrap/RegisterFacades.php:26
/var/www/html/vendor/orchestra/testbench-core/src/Concerns/CreatesApplication.php:556
/var/www/html/vendor/orchestra/testbench-core/src/Concerns/CreatesApplication.php:311
/var/www/html/vendor/orchestra/testbench-core/src/TestCase.php:121
/var/www/html/vendor/orchestra/testbench-core/src/Concerns/ApplicationTestingHooks.php:74
/var/www/html/vendor/orchestra/testbench-core/src/Concerns/Testing.php:43
/var/www/html/vendor/laravel/framework/src/Illuminate/Collections/helpers.php:236
/var/www/html/vendor/orchestra/sidekick/src/functions.php:87
/var/www/html/vendor/laravel/framework/src/Illuminate/Collections/helpers.php:236
/var/www/html/vendor/orchestra/testbench-core/src/Concerns/Testing.php:57
/var/www/html/vendor/orchestra/testbench-core/src/TestCase.php:50
/var/www/html/tests/TestCase.php:61
/var/www/html/tests/Unit/Transport/BaseTransportTest.php:23</error>
        </testcase>
        <testcase name="it_calculates_uptime_correctly" file="/var/www/html/tests/Unit/Transport/BaseTransportTest.php" line="228" class="JTD\LaravelMCP\Tests\Unit\Transport\BaseTransportTest" classname="JTD.LaravelMCP.Tests.Unit.Transport.BaseTransportTest" assertions="0" time="0.000000">
          <error type="Exception">JTD\LaravelMCP\Tests\Unit\Transport\BaseTransportTest::it_calculates_uptime_correctly
Exception: The /var/www/html/vendor/orchestra/testbench-core/laravel/bootstrap/cache directory must be present and writable.

/var/www/html/vendor/laravel/framework/src/Illuminate/Foundation/PackageManifest.php:179
/var/www/html/vendor/orchestra/testbench-core/src/Foundation/PackageManifest.php:157
/var/www/html/vendor/laravel/framework/src/Illuminate/Foundation/PackageManifest.php:132
/var/www/html/vendor/laravel/framework/src/Illuminate/Foundation/PackageManifest.php:108
/var/www/html/vendor/orchestra/testbench-core/src/Foundation/PackageManifest.php:102
/var/www/html/vendor/laravel/framework/src/Illuminate/Foundation/PackageManifest.php:91
/var/www/html/vendor/laravel/framework/src/Illuminate/Foundation/PackageManifest.php:80
/var/www/html/vendor/laravel/framework/src/Illuminate/Foundation/Bootstrap/RegisterFacades.php:26
/var/www/html/vendor/orchestra/testbench-core/src/Concerns/CreatesApplication.php:556
/var/www/html/vendor/orchestra/testbench-core/src/Concerns/CreatesApplication.php:311
/var/www/html/vendor/orchestra/testbench-core/src/TestCase.php:121
/var/www/html/vendor/orchestra/testbench-core/src/Concerns/ApplicationTestingHooks.php:74
/var/www/html/vendor/orchestra/testbench-core/src/Concerns/Testing.php:43
/var/www/html/vendor/laravel/framework/src/Illuminate/Collections/helpers.php:236
/var/www/html/vendor/orchestra/sidekick/src/functions.php:87
/var/www/html/vendor/laravel/framework/src/Illuminate/Collections/helpers.php:236
/var/www/html/vendor/orchestra/testbench-core/src/Concerns/Testing.php:57
/var/www/html/vendor/orchestra/testbench-core/src/TestCase.php:50
/var/www/html/tests/TestCase.php:61
/var/www/html/tests/Unit/Transport/BaseTransportTest.php:23</error>
        </testcase>
        <testcase name="it_provides_connection_information" file="/var/www/html/tests/Unit/Transport/BaseTransportTest.php" line="242" class="JTD\LaravelMCP\Tests\Unit\Transport\BaseTransportTest" classname="JTD.LaravelMCP.Tests.Unit.Transport.BaseTransportTest" assertions="0" time="0.000000">
          <error type="Exception">JTD\LaravelMCP\Tests\Unit\Transport\BaseTransportTest::it_provides_connection_information
Exception: The /var/www/html/vendor/orchestra/testbench-core/laravel/bootstrap/cache directory must be present and writable.

/var/www/html/vendor/laravel/framework/src/Illuminate/Foundation/PackageManifest.php:179
/var/www/html/vendor/orchestra/testbench-core/src/Foundation/PackageManifest.php:157
/var/www/html/vendor/laravel/framework/src/Illuminate/Foundation/PackageManifest.php:132
/var/www/html/vendor/laravel/framework/src/Illuminate/Foundation/PackageManifest.php:108
/var/www/html/vendor/orchestra/testbench-core/src/Foundation/PackageManifest.php:102
/var/www/html/vendor/laravel/framework/src/Illuminate/Foundation/PackageManifest.php:91
/var/www/html/vendor/laravel/framework/src/Illuminate/Foundation/PackageManifest.php:80
/var/www/html/vendor/laravel/framework/src/Illuminate/Foundation/Bootstrap/RegisterFacades.php:26
/var/www/html/vendor/orchestra/testbench-core/src/Concerns/CreatesApplication.php:556
/var/www/html/vendor/orchestra/testbench-core/src/Concerns/CreatesApplication.php:311
/var/www/html/vendor/orchestra/testbench-core/src/TestCase.php:121
/var/www/html/vendor/orchestra/testbench-core/src/Concerns/ApplicationTestingHooks.php:74
/var/www/html/vendor/orchestra/testbench-core/src/Concerns/Testing.php:43
/var/www/html/vendor/laravel/framework/src/Illuminate/Collections/helpers.php:236
/var/www/html/vendor/orchestra/sidekick/src/functions.php:87
/var/www/html/vendor/laravel/framework/src/Illuminate/Collections/helpers.php:236
/var/www/html/vendor/orchestra/testbench-core/src/Concerns/Testing.php:57
/var/www/html/vendor/orchestra/testbench-core/src/TestCase.php:50
/var/www/html/tests/TestCase.php:61
/var/www/html/tests/Unit/Transport/BaseTransportTest.php:23</error>
        </testcase>
        <testcase name="it_performs_health_checks" file="/var/www/html/tests/Unit/Transport/BaseTransportTest.php" line="263" class="JTD\LaravelMCP\Tests\Unit\Transport\BaseTransportTest" classname="JTD.LaravelMCP.Tests.Unit.Transport.BaseTransportTest" assertions="0" time="0.000000">
          <error type="Exception">JTD\LaravelMCP\Tests\Unit\Transport\BaseTransportTest::it_performs_health_checks
Exception: The /var/www/html/vendor/orchestra/testbench-core/laravel/bootstrap/cache directory must be present and writable.

/var/www/html/vendor/laravel/framework/src/Illuminate/Foundation/PackageManifest.php:179
/var/www/html/vendor/orchestra/testbench-core/src/Foundation/PackageManifest.php:157
/var/www/html/vendor/laravel/framework/src/Illuminate/Foundation/PackageManifest.php:132
/var/www/html/vendor/laravel/framework/src/Illuminate/Foundation/PackageManifest.php:108
/var/www/html/vendor/orchestra/testbench-core/src/Foundation/PackageManifest.php:102
/var/www/html/vendor/laravel/framework/src/Illuminate/Foundation/PackageManifest.php:91
/var/www/html/vendor/laravel/framework/src/Illuminate/Foundation/PackageManifest.php:80
/var/www/html/vendor/laravel/framework/src/Illuminate/Foundation/Bootstrap/RegisterFacades.php:26
/var/www/html/vendor/orchestra/testbench-core/src/Concerns/CreatesApplication.php:556
/var/www/html/vendor/orchestra/testbench-core/src/Concerns/CreatesApplication.php:311
/var/www/html/vendor/orchestra/testbench-core/src/TestCase.php:121
/var/www/html/vendor/orchestra/testbench-core/src/Concerns/ApplicationTestingHooks.php:74
/var/www/html/vendor/orchestra/testbench-core/src/Concerns/Testing.php:43
/var/www/html/vendor/laravel/framework/src/Illuminate/Collections/helpers.php:236
/var/www/html/vendor/orchestra/sidekick/src/functions.php:87
/var/www/html/vendor/laravel/framework/src/Illuminate/Collections/helpers.php:236
/var/www/html/vendor/orchestra/testbench-core/src/Concerns/Testing.php:57
/var/www/html/vendor/orchestra/testbench-core/src/TestCase.php:50
/var/www/html/tests/TestCase.php:61
/var/www/html/tests/Unit/Transport/BaseTransportTest.php:23</error>
        </testcase>
        <testcase name="it_fails_health_check_when_disconnected" file="/var/www/html/tests/Unit/Transport/BaseTransportTest.php" line="282" class="JTD\LaravelMCP\Tests\Unit\Transport\BaseTransportTest" classname="JTD.LaravelMCP.Tests.Unit.Transport.BaseTransportTest" assertions="0" time="0.000000">
          <error type="Exception">JTD\LaravelMCP\Tests\Unit\Transport\BaseTransportTest::it_fails_health_check_when_disconnected
Exception: The /var/www/html/vendor/orchestra/testbench-core/laravel/bootstrap/cache directory must be present and writable.

/var/www/html/vendor/laravel/framework/src/Illuminate/Foundation/PackageManifest.php:179
/var/www/html/vendor/orchestra/testbench-core/src/Foundation/PackageManifest.php:157
/var/www/html/vendor/laravel/framework/src/Illuminate/Foundation/PackageManifest.php:132
/var/www/html/vendor/laravel/framework/src/Illuminate/Foundation/PackageManifest.php:108
/var/www/html/vendor/orchestra/testbench-core/src/Foundation/PackageManifest.php:102
/var/www/html/vendor/laravel/framework/src/Illuminate/Foundation/PackageManifest.php:91
/var/www/html/vendor/laravel/framework/src/Illuminate/Foundation/PackageManifest.php:80
/var/www/html/vendor/laravel/framework/src/Illuminate/Foundation/Bootstrap/RegisterFacades.php:26
/var/www/html/vendor/orchestra/testbench-core/src/Concerns/CreatesApplication.php:556
/var/www/html/vendor/orchestra/testbench-core/src/Concerns/CreatesApplication.php:311
/var/www/html/vendor/orchestra/testbench-core/src/TestCase.php:121
/var/www/html/vendor/orchestra/testbench-core/src/Concerns/ApplicationTestingHooks.php:74
/var/www/html/vendor/orchestra/testbench-core/src/Concerns/Testing.php:43
/var/www/html/vendor/laravel/framework/src/Illuminate/Collections/helpers.php:236
/var/www/html/vendor/orchestra/sidekick/src/functions.php:87
/var/www/html/vendor/laravel/framework/src/Illuminate/Collections/helpers.php:236
/var/www/html/vendor/orchestra/testbench-core/src/Concerns/Testing.php:57
/var/www/html/vendor/orchestra/testbench-core/src/TestCase.php:50
/var/www/html/tests/TestCase.php:61
/var/www/html/tests/Unit/Transport/BaseTransportTest.php:23</error>
        </testcase>
        <testcase name="it_reconnects_successfully" file="/var/www/html/tests/Unit/Transport/BaseTransportTest.php" line="293" class="JTD\LaravelMCP\Tests\Unit\Transport\BaseTransportTest" classname="JTD.LaravelMCP.Tests.Unit.Transport.BaseTransportTest" assertions="0" time="0.000000">
          <error type="Exception">JTD\LaravelMCP\Tests\Unit\Transport\BaseTransportTest::it_reconnects_successfully
Exception: The /var/www/html/vendor/orchestra/testbench-core/laravel/bootstrap/cache directory must be present and writable.

/var/www/html/vendor/laravel/framework/src/Illuminate/Foundation/PackageManifest.php:179
/var/www/html/vendor/orchestra/testbench-core/src/Foundation/PackageManifest.php:157
/var/www/html/vendor/laravel/framework/src/Illuminate/Foundation/PackageManifest.php:132
/var/www/html/vendor/laravel/framework/src/Illuminate/Foundation/PackageManifest.php:108
/var/www/html/vendor/orchestra/testbench-core/src/Foundation/PackageManifest.php:102
/var/www/html/vendor/laravel/framework/src/Illuminate/Foundation/PackageManifest.php:91
/var/www/html/vendor/laravel/framework/src/Illuminate/Foundation/PackageManifest.php:80
/var/www/html/vendor/laravel/framework/src/Illuminate/Foundation/Bootstrap/RegisterFacades.php:26
/var/www/html/vendor/orchestra/testbench-core/src/Concerns/CreatesApplication.php:556
/var/www/html/vendor/orchestra/testbench-core/src/Concerns/CreatesApplication.php:311
/var/www/html/vendor/orchestra/testbench-core/src/TestCase.php:121
/var/www/html/vendor/orchestra/testbench-core/src/Concerns/ApplicationTestingHooks.php:74
/var/www/html/vendor/orchestra/testbench-core/src/Concerns/Testing.php:43
/var/www/html/vendor/laravel/framework/src/Illuminate/Collections/helpers.php:236
/var/www/html/vendor/orchestra/sidekick/src/functions.php:87
/var/www/html/vendor/laravel/framework/src/Illuminate/Collections/helpers.php:236
/var/www/html/vendor/orchestra/testbench-core/src/Concerns/Testing.php:57
/var/www/html/vendor/orchestra/testbench-core/src/TestCase.php:50
/var/www/html/tests/TestCase.php:61
/var/www/html/tests/Unit/Transport/BaseTransportTest.php:23</error>
        </testcase>
        <testcase name="it_handles_start_failure_gracefully" file="/var/www/html/tests/Unit/Transport/BaseTransportTest.php" line="308" class="JTD\LaravelMCP\Tests\Unit\Transport\BaseTransportTest" classname="JTD.LaravelMCP.Tests.Unit.Transport.BaseTransportTest" assertions="0" time="0.000000">
          <error type="Exception">JTD\LaravelMCP\Tests\Unit\Transport\BaseTransportTest::it_handles_start_failure_gracefully
Exception: The /var/www/html/vendor/orchestra/testbench-core/laravel/bootstrap/cache directory must be present and writable.

/var/www/html/vendor/laravel/framework/src/Illuminate/Foundation/PackageManifest.php:179
/var/www/html/vendor/orchestra/testbench-core/src/Foundation/PackageManifest.php:157
/var/www/html/vendor/laravel/framework/src/Illuminate/Foundation/PackageManifest.php:132
/var/www/html/vendor/laravel/framework/src/Illuminate/Foundation/PackageManifest.php:108
/var/www/html/vendor/orchestra/testbench-core/src/Foundation/PackageManifest.php:102
/var/www/html/vendor/laravel/framework/src/Illuminate/Foundation/PackageManifest.php:91
/var/www/html/vendor/laravel/framework/src/Illuminate/Foundation/PackageManifest.php:80
/var/www/html/vendor/laravel/framework/src/Illuminate/Foundation/Bootstrap/RegisterFacades.php:26
/var/www/html/vendor/orchestra/testbench-core/src/Concerns/CreatesApplication.php:556
/var/www/html/vendor/orchestra/testbench-core/src/Concerns/CreatesApplication.php:311
/var/www/html/vendor/orchestra/testbench-core/src/TestCase.php:121
/var/www/html/vendor/orchestra/testbench-core/src/Concerns/ApplicationTestingHooks.php:74
/var/www/html/vendor/orchestra/testbench-core/src/Concerns/Testing.php:43
/var/www/html/vendor/laravel/framework/src/Illuminate/Collections/helpers.php:236
/var/www/html/vendor/orchestra/sidekick/src/functions.php:87
/var/www/html/vendor/laravel/framework/src/Illuminate/Collections/helpers.php:236
/var/www/html/vendor/orchestra/testbench-core/src/Concerns/Testing.php:57
/var/www/html/vendor/orchestra/testbench-core/src/TestCase.php:50
/var/www/html/tests/TestCase.php:61
/var/www/html/tests/Unit/Transport/BaseTransportTest.php:23</error>
        </testcase>
        <testcase name="it_validates_negative_retry_attempts" file="/var/www/html/tests/Unit/Transport/BaseTransportTest.php" line="321" class="JTD\LaravelMCP\Tests\Unit\Transport\BaseTransportTest" classname="JTD.LaravelMCP.Tests.Unit.Transport.BaseTransportTest" assertions="0" time="0.000000">
          <error type="Exception">JTD\LaravelMCP\Tests\Unit\Transport\BaseTransportTest::it_validates_negative_retry_attempts
Exception: The /var/www/html/vendor/orchestra/testbench-core/laravel/bootstrap/cache directory must be present and writable.

/var/www/html/vendor/laravel/framework/src/Illuminate/Foundation/PackageManifest.php:179
/var/www/html/vendor/orchestra/testbench-core/src/Foundation/PackageManifest.php:157
/var/www/html/vendor/laravel/framework/src/Illuminate/Foundation/PackageManifest.php:132
/var/www/html/vendor/laravel/framework/src/Illuminate/Foundation/PackageManifest.php:108
/var/www/html/vendor/orchestra/testbench-core/src/Foundation/PackageManifest.php:102
/var/www/html/vendor/laravel/framework/src/Illuminate/Foundation/PackageManifest.php:91
/var/www/html/vendor/laravel/framework/src/Illuminate/Foundation/PackageManifest.php:80
/var/www/html/vendor/laravel/framework/src/Illuminate/Foundation/Bootstrap/RegisterFacades.php:26
/var/www/html/vendor/orchestra/testbench-core/src/Concerns/CreatesApplication.php:556
/var/www/html/vendor/orchestra/testbench-core/src/Concerns/CreatesApplication.php:311
/var/www/html/vendor/orchestra/testbench-core/src/TestCase.php:121
/var/www/html/vendor/orchestra/testbench-core/src/Concerns/ApplicationTestingHooks.php:74
/var/www/html/vendor/orchestra/testbench-core/src/Concerns/Testing.php:43
/var/www/html/vendor/laravel/framework/src/Illuminate/Collections/helpers.php:236
/var/www/html/vendor/orchestra/sidekick/src/functions.php:87
/var/www/html/vendor/laravel/framework/src/Illuminate/Collections/helpers.php:236
/var/www/html/vendor/orchestra/testbench-core/src/Concerns/Testing.php:57
/var/www/html/vendor/orchestra/testbench-core/src/TestCase.php:50
/var/www/html/tests/TestCase.php:61
/var/www/html/tests/Unit/Transport/BaseTransportTest.php:23</error>
        </testcase>
        <testcase name="it_validates_negative_retry_delay" file="/var/www/html/tests/Unit/Transport/BaseTransportTest.php" line="330" class="JTD\LaravelMCP\Tests\Unit\Transport\BaseTransportTest" classname="JTD.LaravelMCP.Tests.Unit.Transport.BaseTransportTest" assertions="0" time="0.000000">
          <error type="Exception">JTD\LaravelMCP\Tests\Unit\Transport\BaseTransportTest::it_validates_negative_retry_delay
Exception: The /var/www/html/vendor/orchestra/testbench-core/laravel/bootstrap/cache directory must be present and writable.

/var/www/html/vendor/laravel/framework/src/Illuminate/Foundation/PackageManifest.php:179
/var/www/html/vendor/orchestra/testbench-core/src/Foundation/PackageManifest.php:157
/var/www/html/vendor/laravel/framework/src/Illuminate/Foundation/PackageManifest.php:132
/var/www/html/vendor/laravel/framework/src/Illuminate/Foundation/PackageManifest.php:108
/var/www/html/vendor/orchestra/testbench-core/src/Foundation/PackageManifest.php:102
/var/www/html/vendor/laravel/framework/src/Illuminate/Foundation/PackageManifest.php:91
/var/www/html/vendor/laravel/framework/src/Illuminate/Foundation/PackageManifest.php:80
/var/www/html/vendor/laravel/framework/src/Illuminate/Foundation/Bootstrap/RegisterFacades.php:26
/var/www/html/vendor/orchestra/testbench-core/src/Concerns/CreatesApplication.php:556
/var/www/html/vendor/orchestra/testbench-core/src/Concerns/CreatesApplication.php:311
/var/www/html/vendor/orchestra/testbench-core/src/TestCase.php:121
/var/www/html/vendor/orchestra/testbench-core/src/Concerns/ApplicationTestingHooks.php:74
/var/www/html/vendor/orchestra/testbench-core/src/Concerns/Testing.php:43
/var/www/html/vendor/laravel/framework/src/Illuminate/Collections/helpers.php:236
/var/www/html/vendor/orchestra/sidekick/src/functions.php:87
/var/www/html/vendor/laravel/framework/src/Illuminate/Collections/helpers.php:236
/var/www/html/vendor/orchestra/testbench-core/src/Concerns/Testing.php:57
/var/www/html/vendor/orchestra/testbench-core/src/TestCase.php:50
/var/www/html/tests/TestCase.php:61
/var/www/html/tests/Unit/Transport/BaseTransportTest.php:23</error>
        </testcase>
        <testcase name="it_sends_with_retry_on_failure" file="/var/www/html/tests/Unit/Transport/BaseTransportTest.php" line="339" class="JTD\LaravelMCP\Tests\Unit\Transport\BaseTransportTest" classname="JTD.LaravelMCP.Tests.Unit.Transport.BaseTransportTest" assertions="0" time="0.000000">
          <error type="Exception">JTD\LaravelMCP\Tests\Unit\Transport\BaseTransportTest::it_sends_with_retry_on_failure
Exception: The /var/www/html/vendor/orchestra/testbench-core/laravel/bootstrap/cache directory must be present and writable.

/var/www/html/vendor/laravel/framework/src/Illuminate/Foundation/PackageManifest.php:179
/var/www/html/vendor/orchestra/testbench-core/src/Foundation/PackageManifest.php:157
/var/www/html/vendor/laravel/framework/src/Illuminate/Foundation/PackageManifest.php:132
/var/www/html/vendor/laravel/framework/src/Illuminate/Foundation/PackageManifest.php:108
/var/www/html/vendor/orchestra/testbench-core/src/Foundation/PackageManifest.php:102
/var/www/html/vendor/laravel/framework/src/Illuminate/Foundation/PackageManifest.php:91
/var/www/html/vendor/laravel/framework/src/Illuminate/Foundation/PackageManifest.php:80
/var/www/html/vendor/laravel/framework/src/Illuminate/Foundation/Bootstrap/RegisterFacades.php:26
/var/www/html/vendor/orchestra/testbench-core/src/Concerns/CreatesApplication.php:556
/var/www/html/vendor/orchestra/testbench-core/src/Concerns/CreatesApplication.php:311
/var/www/html/vendor/orchestra/testbench-core/src/TestCase.php:121
/var/www/html/vendor/orchestra/testbench-core/src/Concerns/ApplicationTestingHooks.php:74
/var/www/html/vendor/orchestra/testbench-core/src/Concerns/Testing.php:43
/var/www/html/vendor/laravel/framework/src/Illuminate/Collections/helpers.php:236
/var/www/html/vendor/orchestra/sidekick/src/functions.php:87
/var/www/html/vendor/laravel/framework/src/Illuminate/Collections/helpers.php:236
/var/www/html/vendor/orchestra/testbench-core/src/Concerns/Testing.php:57
/var/www/html/vendor/orchestra/testbench-core/src/TestCase.php:50
/var/www/html/tests/TestCase.php:61
/var/www/html/tests/Unit/Transport/BaseTransportTest.php:23</error>
        </testcase>
        <testcase name="it_fails_after_max_retry_attempts" file="/var/www/html/tests/Unit/Transport/BaseTransportTest.php" line="353" class="JTD\LaravelMCP\Tests\Unit\Transport\BaseTransportTest" classname="JTD.LaravelMCP.Tests.Unit.Transport.BaseTransportTest" assertions="0" time="0.000000">
          <error type="Exception">JTD\LaravelMCP\Tests\Unit\Transport\BaseTransportTest::it_fails_after_max_retry_attempts
Exception: The /var/www/html/vendor/orchestra/testbench-core/laravel/bootstrap/cache directory must be present and writable.

/var/www/html/vendor/laravel/framework/src/Illuminate/Foundation/PackageManifest.php:179
/var/www/html/vendor/orchestra/testbench-core/src/Foundation/PackageManifest.php:157
/var/www/html/vendor/laravel/framework/src/Illuminate/Foundation/PackageManifest.php:132
/var/www/html/vendor/laravel/framework/src/Illuminate/Foundation/PackageManifest.php:108
/var/www/html/vendor/orchestra/testbench-core/src/Foundation/PackageManifest.php:102
/var/www/html/vendor/laravel/framework/src/Illuminate/Foundation/PackageManifest.php:91
/var/www/html/vendor/laravel/framework/src/Illuminate/Foundation/PackageManifest.php:80
/var/www/html/vendor/laravel/framework/src/Illuminate/Foundation/Bootstrap/RegisterFacades.php:26
/var/www/html/vendor/orchestra/testbench-core/src/Concerns/CreatesApplication.php:556
/var/www/html/vendor/orchestra/testbench-core/src/Concerns/CreatesApplication.php:311
/var/www/html/vendor/orchestra/testbench-core/src/TestCase.php:121
/var/www/html/vendor/orchestra/testbench-core/src/Concerns/ApplicationTestingHooks.php:74
/var/www/html/vendor/orchestra/testbench-core/src/Concerns/Testing.php:43
/var/www/html/vendor/laravel/framework/src/Illuminate/Collections/helpers.php:236
/var/www/html/vendor/orchestra/sidekick/src/functions.php:87
/var/www/html/vendor/laravel/framework/src/Illuminate/Collections/helpers.php:236
/var/www/html/vendor/orchestra/testbench-core/src/Concerns/Testing.php:57
/var/www/html/vendor/orchestra/testbench-core/src/TestCase.php:50
/var/www/html/tests/TestCase.php:61
/var/www/html/tests/Unit/Transport/BaseTransportTest.php:23</error>
        </testcase>
        <testcase name="it_masks_sensitive_config_in_logs" file="/var/www/html/tests/Unit/Transport/BaseTransportTest.php" line="368" class="JTD\LaravelMCP\Tests\Unit\Transport\BaseTransportTest" classname="JTD.LaravelMCP.Tests.Unit.Transport.BaseTransportTest" assertions="0" time="0.000000">
          <error type="Exception">JTD\LaravelMCP\Tests\Unit\Transport\BaseTransportTest::it_masks_sensitive_config_in_logs
Exception: The /var/www/html/vendor/orchestra/testbench-core/laravel/bootstrap/cache directory must be present and writable.

/var/www/html/vendor/laravel/framework/src/Illuminate/Foundation/PackageManifest.php:179
/var/www/html/vendor/orchestra/testbench-core/src/Foundation/PackageManifest.php:157
/var/www/html/vendor/laravel/framework/src/Illuminate/Foundation/PackageManifest.php:132
/var/www/html/vendor/laravel/framework/src/Illuminate/Foundation/PackageManifest.php:108
/var/www/html/vendor/orchestra/testbench-core/src/Foundation/PackageManifest.php:102
/var/www/html/vendor/laravel/framework/src/Illuminate/Foundation/PackageManifest.php:91
/var/www/html/vendor/laravel/framework/src/Illuminate/Foundation/PackageManifest.php:80
/var/www/html/vendor/laravel/framework/src/Illuminate/Foundation/Bootstrap/RegisterFacades.php:26
/var/www/html/vendor/orchestra/testbench-core/src/Concerns/CreatesApplication.php:556
/var/www/html/vendor/orchestra/testbench-core/src/Concerns/CreatesApplication.php:311
/var/www/html/vendor/orchestra/testbench-core/src/TestCase.php:121
/var/www/html/vendor/orchestra/testbench-core/src/Concerns/ApplicationTestingHooks.php:74
/var/www/html/vendor/orchestra/testbench-core/src/Concerns/Testing.php:43
/var/www/html/vendor/laravel/framework/src/Illuminate/Collections/helpers.php:236
/var/www/html/vendor/orchestra/sidekick/src/functions.php:87
/var/www/html/vendor/laravel/framework/src/Illuminate/Collections/helpers.php:236
/var/www/html/vendor/orchestra/testbench-core/src/Concerns/Testing.php:57
/var/www/html/vendor/orchestra/testbench-core/src/TestCase.php:50
/var/www/html/tests/TestCase.php:61
/var/www/html/tests/Unit/Transport/BaseTransportTest.php:23</error>
        </testcase>
      </testsuite>
      <testsuite name="JTD\LaravelMCP\Tests\Unit\Transport\Contracts\MessageHandlerInterfaceTest" file="/var/www/html/tests/Unit/Transport/Contracts/MessageHandlerInterfaceTest.php" tests="16" assertions="0" errors="16" failures="0" skipped="0" time="0.000000">
        <testcase name="test_handle_valid_message_returns_response" file="/var/www/html/tests/Unit/Transport/Contracts/MessageHandlerInterfaceTest.php" line="35" class="JTD\LaravelMCP\Tests\Unit\Transport\Contracts\MessageHandlerInterfaceTest" classname="JTD.LaravelMCP.Tests.Unit.Transport.Contracts.MessageHandlerInterfaceTest" assertions="0" time="0.000000">
          <error type="Exception">JTD\LaravelMCP\Tests\Unit\Transport\Contracts\MessageHandlerInterfaceTest::test_handle_valid_message_returns_response
Exception: The /var/www/html/vendor/orchestra/testbench-core/laravel/bootstrap/cache directory must be present and writable.

/var/www/html/vendor/laravel/framework/src/Illuminate/Foundation/PackageManifest.php:179
/var/www/html/vendor/orchestra/testbench-core/src/Foundation/PackageManifest.php:157
/var/www/html/vendor/laravel/framework/src/Illuminate/Foundation/PackageManifest.php:132
/var/www/html/vendor/laravel/framework/src/Illuminate/Foundation/PackageManifest.php:108
/var/www/html/vendor/orchestra/testbench-core/src/Foundation/PackageManifest.php:102
/var/www/html/vendor/laravel/framework/src/Illuminate/Foundation/PackageManifest.php:91
/var/www/html/vendor/laravel/framework/src/Illuminate/Foundation/PackageManifest.php:80
/var/www/html/vendor/laravel/framework/src/Illuminate/Foundation/Bootstrap/RegisterFacades.php:26
/var/www/html/vendor/orchestra/testbench-core/src/Concerns/CreatesApplication.php:556
/var/www/html/vendor/orchestra/testbench-core/src/Concerns/CreatesApplication.php:311
/var/www/html/vendor/orchestra/testbench-core/src/TestCase.php:121
/var/www/html/vendor/orchestra/testbench-core/src/Concerns/ApplicationTestingHooks.php:74
/var/www/html/vendor/orchestra/testbench-core/src/Concerns/Testing.php:43
/var/www/html/vendor/laravel/framework/src/Illuminate/Collections/helpers.php:236
/var/www/html/vendor/orchestra/sidekick/src/functions.php:87
/var/www/html/vendor/laravel/framework/src/Illuminate/Collections/helpers.php:236
/var/www/html/vendor/orchestra/testbench-core/src/Concerns/Testing.php:57
/var/www/html/vendor/orchestra/testbench-core/src/TestCase.php:50
/var/www/html/tests/TestCase.php:61
/var/www/html/tests/Unit/Transport/Contracts/MessageHandlerInterfaceTest.php:26</error>
        </testcase>
        <testcase name="test_handle_notification_returns_null" file="/var/www/html/tests/Unit/Transport/Contracts/MessageHandlerInterfaceTest.php" line="63" class="JTD\LaravelMCP\Tests\Unit\Transport\Contracts\MessageHandlerInterfaceTest" classname="JTD.LaravelMCP.Tests.Unit.Transport.Contracts.MessageHandlerInterfaceTest" assertions="0" time="0.000000">
          <error type="Exception">JTD\LaravelMCP\Tests\Unit\Transport\Contracts\MessageHandlerInterfaceTest::test_handle_notification_returns_null
Exception: The /var/www/html/vendor/orchestra/testbench-core/laravel/bootstrap/cache directory must be present and writable.

/var/www/html/vendor/laravel/framework/src/Illuminate/Foundation/PackageManifest.php:179
/var/www/html/vendor/orchestra/testbench-core/src/Foundation/PackageManifest.php:157
/var/www/html/vendor/laravel/framework/src/Illuminate/Foundation/PackageManifest.php:132
/var/www/html/vendor/laravel/framework/src/Illuminate/Foundation/PackageManifest.php:108
/var/www/html/vendor/orchestra/testbench-core/src/Foundation/PackageManifest.php:102
/var/www/html/vendor/laravel/framework/src/Illuminate/Foundation/PackageManifest.php:91
/var/www/html/vendor/laravel/framework/src/Illuminate/Foundation/PackageManifest.php:80
/var/www/html/vendor/laravel/framework/src/Illuminate/Foundation/Bootstrap/RegisterFacades.php:26
/var/www/html/vendor/orchestra/testbench-core/src/Concerns/CreatesApplication.php:556
/var/www/html/vendor/orchestra/testbench-core/src/Concerns/CreatesApplication.php:311
/var/www/html/vendor/orchestra/testbench-core/src/TestCase.php:121
/var/www/html/vendor/orchestra/testbench-core/src/Concerns/ApplicationTestingHooks.php:74
/var/www/html/vendor/orchestra/testbench-core/src/Concerns/Testing.php:43
/var/www/html/vendor/laravel/framework/src/Illuminate/Collections/helpers.php:236
/var/www/html/vendor/orchestra/sidekick/src/functions.php:87
/var/www/html/vendor/laravel/framework/src/Illuminate/Collections/helpers.php:236
/var/www/html/vendor/orchestra/testbench-core/src/Concerns/Testing.php:57
/var/www/html/vendor/orchestra/testbench-core/src/TestCase.php:50
/var/www/html/tests/TestCase.php:61
/var/www/html/tests/Unit/Transport/Contracts/MessageHandlerInterfaceTest.php:26</error>
        </testcase>
        <testcase name="test_handle_complex_message" file="/var/www/html/tests/Unit/Transport/Contracts/MessageHandlerInterfaceTest.php" line="84" class="JTD\LaravelMCP\Tests\Unit\Transport\Contracts\MessageHandlerInterfaceTest" classname="JTD.LaravelMCP.Tests.Unit.Transport.Contracts.MessageHandlerInterfaceTest" assertions="0" time="0.000000">
          <error type="Exception">JTD\LaravelMCP\Tests\Unit\Transport\Contracts\MessageHandlerInterfaceTest::test_handle_complex_message
Exception: The /var/www/html/vendor/orchestra/testbench-core/laravel/bootstrap/cache directory must be present and writable.

/var/www/html/vendor/laravel/framework/src/Illuminate/Foundation/PackageManifest.php:179
/var/www/html/vendor/orchestra/testbench-core/src/Foundation/PackageManifest.php:157
/var/www/html/vendor/laravel/framework/src/Illuminate/Foundation/PackageManifest.php:132
/var/www/html/vendor/laravel/framework/src/Illuminate/Foundation/PackageManifest.php:108
/var/www/html/vendor/orchestra/testbench-core/src/Foundation/PackageManifest.php:102
/var/www/html/vendor/laravel/framework/src/Illuminate/Foundation/PackageManifest.php:91
/var/www/html/vendor/laravel/framework/src/Illuminate/Foundation/PackageManifest.php:80
/var/www/html/vendor/laravel/framework/src/Illuminate/Foundation/Bootstrap/RegisterFacades.php:26
/var/www/html/vendor/orchestra/testbench-core/src/Concerns/CreatesApplication.php:556
/var/www/html/vendor/orchestra/testbench-core/src/Concerns/CreatesApplication.php:311
/var/www/html/vendor/orchestra/testbench-core/src/TestCase.php:121
/var/www/html/vendor/orchestra/testbench-core/src/Concerns/ApplicationTestingHooks.php:74
/var/www/html/vendor/orchestra/testbench-core/src/Concerns/Testing.php:43
/var/www/html/vendor/laravel/framework/src/Illuminate/Collections/helpers.php:236
/var/www/html/vendor/orchestra/sidekick/src/functions.php:87
/var/www/html/vendor/laravel/framework/src/Illuminate/Collections/helpers.php:236
/var/www/html/vendor/orchestra/testbench-core/src/Concerns/Testing.php:57
/var/www/html/vendor/orchestra/testbench-core/src/TestCase.php:50
/var/www/html/tests/TestCase.php:61
/var/www/html/tests/Unit/Transport/Contracts/MessageHandlerInterfaceTest.php:26</error>
        </testcase>
        <testcase name="test_handle_error_with_exception" file="/var/www/html/tests/Unit/Transport/Contracts/MessageHandlerInterfaceTest.php" line="127" class="JTD\LaravelMCP\Tests\Unit\Transport\Contracts\MessageHandlerInterfaceTest" classname="JTD.LaravelMCP.Tests.Unit.Transport.Contracts.MessageHandlerInterfaceTest" assertions="0" time="0.000000">
          <error type="Exception">JTD\LaravelMCP\Tests\Unit\Transport\Contracts\MessageHandlerInterfaceTest::test_handle_error_with_exception
Exception: The /var/www/html/vendor/orchestra/testbench-core/laravel/bootstrap/cache directory must be present and writable.

/var/www/html/vendor/laravel/framework/src/Illuminate/Foundation/PackageManifest.php:179
/var/www/html/vendor/orchestra/testbench-core/src/Foundation/PackageManifest.php:157
/var/www/html/vendor/laravel/framework/src/Illuminate/Foundation/PackageManifest.php:132
/var/www/html/vendor/laravel/framework/src/Illuminate/Foundation/PackageManifest.php:108
/var/www/html/vendor/orchestra/testbench-core/src/Foundation/PackageManifest.php:102
/var/www/html/vendor/laravel/framework/src/Illuminate/Foundation/PackageManifest.php:91
/var/www/html/vendor/laravel/framework/src/Illuminate/Foundation/PackageManifest.php:80
/var/www/html/vendor/laravel/framework/src/Illuminate/Foundation/Bootstrap/RegisterFacades.php:26
/var/www/html/vendor/orchestra/testbench-core/src/Concerns/CreatesApplication.php:556
/var/www/html/vendor/orchestra/testbench-core/src/Concerns/CreatesApplication.php:311
/var/www/html/vendor/orchestra/testbench-core/src/TestCase.php:121
/var/www/html/vendor/orchestra/testbench-core/src/Concerns/ApplicationTestingHooks.php:74
/var/www/html/vendor/orchestra/testbench-core/src/Concerns/Testing.php:43
/var/www/html/vendor/laravel/framework/src/Illuminate/Collections/helpers.php:236
/var/www/html/vendor/orchestra/sidekick/src/functions.php:87
/var/www/html/vendor/laravel/framework/src/Illuminate/Collections/helpers.php:236
/var/www/html/vendor/orchestra/testbench-core/src/Concerns/Testing.php:57
/var/www/html/vendor/orchestra/testbench-core/src/TestCase.php:50
/var/www/html/tests/TestCase.php:61
/var/www/html/tests/Unit/Transport/Contracts/MessageHandlerInterfaceTest.php:26</error>
        </testcase>
        <testcase name="test_handle_error_with_different_types" file="/var/www/html/tests/Unit/Transport/Contracts/MessageHandlerInterfaceTest.php" line="142" class="JTD\LaravelMCP\Tests\Unit\Transport\Contracts\MessageHandlerInterfaceTest" classname="JTD.LaravelMCP.Tests.Unit.Transport.Contracts.MessageHandlerInterfaceTest" assertions="0" time="0.000000">
          <error type="Exception">JTD\LaravelMCP\Tests\Unit\Transport\Contracts\MessageHandlerInterfaceTest::test_handle_error_with_different_types
Exception: The /var/www/html/vendor/orchestra/testbench-core/laravel/bootstrap/cache directory must be present and writable.

/var/www/html/vendor/laravel/framework/src/Illuminate/Foundation/PackageManifest.php:179
/var/www/html/vendor/orchestra/testbench-core/src/Foundation/PackageManifest.php:157
/var/www/html/vendor/laravel/framework/src/Illuminate/Foundation/PackageManifest.php:132
/var/www/html/vendor/laravel/framework/src/Illuminate/Foundation/PackageManifest.php:108
/var/www/html/vendor/orchestra/testbench-core/src/Foundation/PackageManifest.php:102
/var/www/html/vendor/laravel/framework/src/Illuminate/Foundation/PackageManifest.php:91
/var/www/html/vendor/laravel/framework/src/Illuminate/Foundation/PackageManifest.php:80
/var/www/html/vendor/laravel/framework/src/Illuminate/Foundation/Bootstrap/RegisterFacades.php:26
/var/www/html/vendor/orchestra/testbench-core/src/Concerns/CreatesApplication.php:556
/var/www/html/vendor/orchestra/testbench-core/src/Concerns/CreatesApplication.php:311
/var/www/html/vendor/orchestra/testbench-core/src/TestCase.php:121
/var/www/html/vendor/orchestra/testbench-core/src/Concerns/ApplicationTestingHooks.php:74
/var/www/html/vendor/orchestra/testbench-core/src/Concerns/Testing.php:43
/var/www/html/vendor/laravel/framework/src/Illuminate/Collections/helpers.php:236
/var/www/html/vendor/orchestra/sidekick/src/functions.php:87
/var/www/html/vendor/laravel/framework/src/Illuminate/Collections/helpers.php:236
/var/www/html/vendor/orchestra/testbench-core/src/Concerns/Testing.php:57
/var/www/html/vendor/orchestra/testbench-core/src/TestCase.php:50
/var/www/html/tests/TestCase.php:61
/var/www/html/tests/Unit/Transport/Contracts/MessageHandlerInterfaceTest.php:26</error>
        </testcase>
        <testcase name="test_on_connect" file="/var/www/html/tests/Unit/Transport/Contracts/MessageHandlerInterfaceTest.php" line="169" class="JTD\LaravelMCP\Tests\Unit\Transport\Contracts\MessageHandlerInterfaceTest" classname="JTD.LaravelMCP.Tests.Unit.Transport.Contracts.MessageHandlerInterfaceTest" assertions="0" time="0.000000">
          <error type="Exception">JTD\LaravelMCP\Tests\Unit\Transport\Contracts\MessageHandlerInterfaceTest::test_on_connect
Exception: The /var/www/html/vendor/orchestra/testbench-core/laravel/bootstrap/cache directory must be present and writable.

/var/www/html/vendor/laravel/framework/src/Illuminate/Foundation/PackageManifest.php:179
/var/www/html/vendor/orchestra/testbench-core/src/Foundation/PackageManifest.php:157
/var/www/html/vendor/laravel/framework/src/Illuminate/Foundation/PackageManifest.php:132
/var/www/html/vendor/laravel/framework/src/Illuminate/Foundation/PackageManifest.php:108
/var/www/html/vendor/orchestra/testbench-core/src/Foundation/PackageManifest.php:102
/var/www/html/vendor/laravel/framework/src/Illuminate/Foundation/PackageManifest.php:91
/var/www/html/vendor/laravel/framework/src/Illuminate/Foundation/PackageManifest.php:80
/var/www/html/vendor/laravel/framework/src/Illuminate/Foundation/Bootstrap/RegisterFacades.php:26
/var/www/html/vendor/orchestra/testbench-core/src/Concerns/CreatesApplication.php:556
/var/www/html/vendor/orchestra/testbench-core/src/Concerns/CreatesApplication.php:311
/var/www/html/vendor/orchestra/testbench-core/src/TestCase.php:121
/var/www/html/vendor/orchestra/testbench-core/src/Concerns/ApplicationTestingHooks.php:74
/var/www/html/vendor/orchestra/testbench-core/src/Concerns/Testing.php:43
/var/www/html/vendor/laravel/framework/src/Illuminate/Collections/helpers.php:236
/var/www/html/vendor/orchestra/sidekick/src/functions.php:87
/var/www/html/vendor/laravel/framework/src/Illuminate/Collections/helpers.php:236
/var/www/html/vendor/orchestra/testbench-core/src/Concerns/Testing.php:57
/var/www/html/vendor/orchestra/testbench-core/src/TestCase.php:50
/var/www/html/tests/TestCase.php:61
/var/www/html/tests/Unit/Transport/Contracts/MessageHandlerInterfaceTest.php:26</error>
        </testcase>
        <testcase name="test_on_disconnect" file="/var/www/html/tests/Unit/Transport/Contracts/MessageHandlerInterfaceTest.php" line="182" class="JTD\LaravelMCP\Tests\Unit\Transport\Contracts\MessageHandlerInterfaceTest" classname="JTD.LaravelMCP.Tests.Unit.Transport.Contracts.MessageHandlerInterfaceTest" assertions="0" time="0.000000">
          <error type="Exception">JTD\LaravelMCP\Tests\Unit\Transport\Contracts\MessageHandlerInterfaceTest::test_on_disconnect
Exception: The /var/www/html/vendor/orchestra/testbench-core/laravel/bootstrap/cache directory must be present and writable.

/var/www/html/vendor/laravel/framework/src/Illuminate/Foundation/PackageManifest.php:179
/var/www/html/vendor/orchestra/testbench-core/src/Foundation/PackageManifest.php:157
/var/www/html/vendor/laravel/framework/src/Illuminate/Foundation/PackageManifest.php:132
/var/www/html/vendor/laravel/framework/src/Illuminate/Foundation/PackageManifest.php:108
/var/www/html/vendor/orchestra/testbench-core/src/Foundation/PackageManifest.php:102
/var/www/html/vendor/laravel/framework/src/Illuminate/Foundation/PackageManifest.php:91
/var/www/html/vendor/laravel/framework/src/Illuminate/Foundation/PackageManifest.php:80
/var/www/html/vendor/laravel/framework/src/Illuminate/Foundation/Bootstrap/RegisterFacades.php:26
/var/www/html/vendor/orchestra/testbench-core/src/Concerns/CreatesApplication.php:556
/var/www/html/vendor/orchestra/testbench-core/src/Concerns/CreatesApplication.php:311
/var/www/html/vendor/orchestra/testbench-core/src/TestCase.php:121
/var/www/html/vendor/orchestra/testbench-core/src/Concerns/ApplicationTestingHooks.php:74
/var/www/html/vendor/orchestra/testbench-core/src/Concerns/Testing.php:43
/var/www/html/vendor/laravel/framework/src/Illuminate/Collections/helpers.php:236
/var/www/html/vendor/orchestra/sidekick/src/functions.php:87
/var/www/html/vendor/laravel/framework/src/Illuminate/Collections/helpers.php:236
/var/www/html/vendor/orchestra/testbench-core/src/Concerns/Testing.php:57
/var/www/html/vendor/orchestra/testbench-core/src/TestCase.php:50
/var/www/html/tests/TestCase.php:61
/var/www/html/tests/Unit/Transport/Contracts/MessageHandlerInterfaceTest.php:26</error>
        </testcase>
        <testcase name="test_can_handle_supported_message" file="/var/www/html/tests/Unit/Transport/Contracts/MessageHandlerInterfaceTest.php" line="195" class="JTD\LaravelMCP\Tests\Unit\Transport\Contracts\MessageHandlerInterfaceTest" classname="JTD.LaravelMCP.Tests.Unit.Transport.Contracts.MessageHandlerInterfaceTest" assertions="0" time="0.000000">
          <error type="Exception">JTD\LaravelMCP\Tests\Unit\Transport\Contracts\MessageHandlerInterfaceTest::test_can_handle_supported_message
Exception: The /var/www/html/vendor/orchestra/testbench-core/laravel/bootstrap/cache directory must be present and writable.

/var/www/html/vendor/laravel/framework/src/Illuminate/Foundation/PackageManifest.php:179
/var/www/html/vendor/orchestra/testbench-core/src/Foundation/PackageManifest.php:157
/var/www/html/vendor/laravel/framework/src/Illuminate/Foundation/PackageManifest.php:132
/var/www/html/vendor/laravel/framework/src/Illuminate/Foundation/PackageManifest.php:108
/var/www/html/vendor/orchestra/testbench-core/src/Foundation/PackageManifest.php:102
/var/www/html/vendor/laravel/framework/src/Illuminate/Foundation/PackageManifest.php:91
/var/www/html/vendor/laravel/framework/src/Illuminate/Foundation/PackageManifest.php:80
/var/www/html/vendor/laravel/framework/src/Illuminate/Foundation/Bootstrap/RegisterFacades.php:26
/var/www/html/vendor/orchestra/testbench-core/src/Concerns/CreatesApplication.php:556
/var/www/html/vendor/orchestra/testbench-core/src/Concerns/CreatesApplication.php:311
/var/www/html/vendor/orchestra/testbench-core/src/TestCase.php:121
/var/www/html/vendor/orchestra/testbench-core/src/Concerns/ApplicationTestingHooks.php:74
/var/www/html/vendor/orchestra/testbench-core/src/Concerns/Testing.php:43
/var/www/html/vendor/laravel/framework/src/Illuminate/Collections/helpers.php:236
/var/www/html/vendor/orchestra/sidekick/src/functions.php:87
/var/www/html/vendor/laravel/framework/src/Illuminate/Collections/helpers.php:236
/var/www/html/vendor/orchestra/testbench-core/src/Concerns/Testing.php:57
/var/www/html/vendor/orchestra/testbench-core/src/TestCase.php:50
/var/www/html/tests/TestCase.php:61
/var/www/html/tests/Unit/Transport/Contracts/MessageHandlerInterfaceTest.php:26</error>
        </testcase>
        <testcase name="test_can_handle_unsupported_message" file="/var/www/html/tests/Unit/Transport/Contracts/MessageHandlerInterfaceTest.php" line="215" class="JTD\LaravelMCP\Tests\Unit\Transport\Contracts\MessageHandlerInterfaceTest" classname="JTD.LaravelMCP.Tests.Unit.Transport.Contracts.MessageHandlerInterfaceTest" assertions="0" time="0.000000">
          <error type="Exception">JTD\LaravelMCP\Tests\Unit\Transport\Contracts\MessageHandlerInterfaceTest::test_can_handle_unsupported_message
Exception: The /var/www/html/vendor/orchestra/testbench-core/laravel/bootstrap/cache directory must be present and writable.

/var/www/html/vendor/laravel/framework/src/Illuminate/Foundation/PackageManifest.php:179
/var/www/html/vendor/orchestra/testbench-core/src/Foundation/PackageManifest.php:157
/var/www/html/vendor/laravel/framework/src/Illuminate/Foundation/PackageManifest.php:132
/var/www/html/vendor/laravel/framework/src/Illuminate/Foundation/PackageManifest.php:108
/var/www/html/vendor/orchestra/testbench-core/src/Foundation/PackageManifest.php:102
/var/www/html/vendor/laravel/framework/src/Illuminate/Foundation/PackageManifest.php:91
/var/www/html/vendor/laravel/framework/src/Illuminate/Foundation/PackageManifest.php:80
/var/www/html/vendor/laravel/framework/src/Illuminate/Foundation/Bootstrap/RegisterFacades.php:26
/var/www/html/vendor/orchestra/testbench-core/src/Concerns/CreatesApplication.php:556
/var/www/html/vendor/orchestra/testbench-core/src/Concerns/CreatesApplication.php:311
/var/www/html/vendor/orchestra/testbench-core/src/TestCase.php:121
/var/www/html/vendor/orchestra/testbench-core/src/Concerns/ApplicationTestingHooks.php:74
/var/www/html/vendor/orchestra/testbench-core/src/Concerns/Testing.php:43
/var/www/html/vendor/laravel/framework/src/Illuminate/Collections/helpers.php:236
/var/www/html/vendor/orchestra/sidekick/src/functions.php:87
/var/www/html/vendor/laravel/framework/src/Illuminate/Collections/helpers.php:236
/var/www/html/vendor/orchestra/testbench-core/src/Concerns/Testing.php:57
/var/www/html/vendor/orchestra/testbench-core/src/TestCase.php:50
/var/www/html/tests/TestCase.php:61
/var/www/html/tests/Unit/Transport/Contracts/MessageHandlerInterfaceTest.php:26</error>
        </testcase>
        <testcase name="test_can_handle_various_formats" file="/var/www/html/tests/Unit/Transport/Contracts/MessageHandlerInterfaceTest.php" line="235" class="JTD\LaravelMCP\Tests\Unit\Transport\Contracts\MessageHandlerInterfaceTest" classname="JTD.LaravelMCP.Tests.Unit.Transport.Contracts.MessageHandlerInterfaceTest" assertions="0" time="0.000000">
          <error type="Exception">JTD\LaravelMCP\Tests\Unit\Transport\Contracts\MessageHandlerInterfaceTest::test_can_handle_various_formats
Exception: The /var/www/html/vendor/orchestra/testbench-core/laravel/bootstrap/cache directory must be present and writable.

/var/www/html/vendor/laravel/framework/src/Illuminate/Foundation/PackageManifest.php:179
/var/www/html/vendor/orchestra/testbench-core/src/Foundation/PackageManifest.php:157
/var/www/html/vendor/laravel/framework/src/Illuminate/Foundation/PackageManifest.php:132
/var/www/html/vendor/laravel/framework/src/Illuminate/Foundation/PackageManifest.php:108
/var/www/html/vendor/orchestra/testbench-core/src/Foundation/PackageManifest.php:102
/var/www/html/vendor/laravel/framework/src/Illuminate/Foundation/PackageManifest.php:91
/var/www/html/vendor/laravel/framework/src/Illuminate/Foundation/PackageManifest.php:80
/var/www/html/vendor/laravel/framework/src/Illuminate/Foundation/Bootstrap/RegisterFacades.php:26
/var/www/html/vendor/orchestra/testbench-core/src/Concerns/CreatesApplication.php:556
/var/www/html/vendor/orchestra/testbench-core/src/Concerns/CreatesApplication.php:311
/var/www/html/vendor/orchestra/testbench-core/src/TestCase.php:121
/var/www/html/vendor/orchestra/testbench-core/src/Concerns/ApplicationTestingHooks.php:74
/var/www/html/vendor/orchestra/testbench-core/src/Concerns/Testing.php:43
/var/www/html/vendor/laravel/framework/src/Illuminate/Collections/helpers.php:236
/var/www/html/vendor/orchestra/sidekick/src/functions.php:87
/var/www/html/vendor/laravel/framework/src/Illuminate/Collections/helpers.php:236
/var/www/html/vendor/orchestra/testbench-core/src/Concerns/Testing.php:57
/var/www/html/vendor/orchestra/testbench-core/src/TestCase.php:50
/var/www/html/tests/TestCase.php:61
/var/www/html/tests/Unit/Transport/Contracts/MessageHandlerInterfaceTest.php:26</error>
        </testcase>
        <testcase name="test_get_supported_message_types" file="/var/www/html/tests/Unit/Transport/Contracts/MessageHandlerInterfaceTest.php" line="266" class="JTD\LaravelMCP\Tests\Unit\Transport\Contracts\MessageHandlerInterfaceTest" classname="JTD.LaravelMCP.Tests.Unit.Transport.Contracts.MessageHandlerInterfaceTest" assertions="0" time="0.000000">
          <error type="Exception">JTD\LaravelMCP\Tests\Unit\Transport\Contracts\MessageHandlerInterfaceTest::test_get_supported_message_types
Exception: The /var/www/html/vendor/orchestra/testbench-core/laravel/bootstrap/cache directory must be present and writable.

/var/www/html/vendor/laravel/framework/src/Illuminate/Foundation/PackageManifest.php:179
/var/www/html/vendor/orchestra/testbench-core/src/Foundation/PackageManifest.php:157
/var/www/html/vendor/laravel/framework/src/Illuminate/Foundation/PackageManifest.php:132
/var/www/html/vendor/laravel/framework/src/Illuminate/Foundation/PackageManifest.php:108
/var/www/html/vendor/orchestra/testbench-core/src/Foundation/PackageManifest.php:102
/var/www/html/vendor/laravel/framework/src/Illuminate/Foundation/PackageManifest.php:91
/var/www/html/vendor/laravel/framework/src/Illuminate/Foundation/PackageManifest.php:80
/var/www/html/vendor/laravel/framework/src/Illuminate/Foundation/Bootstrap/RegisterFacades.php:26
/var/www/html/vendor/orchestra/testbench-core/src/Concerns/CreatesApplication.php:556
/var/www/html/vendor/orchestra/testbench-core/src/Concerns/CreatesApplication.php:311
/var/www/html/vendor/orchestra/testbench-core/src/TestCase.php:121
/var/www/html/vendor/orchestra/testbench-core/src/Concerns/ApplicationTestingHooks.php:74
/var/www/html/vendor/orchestra/testbench-core/src/Concerns/Testing.php:43
/var/www/html/vendor/laravel/framework/src/Illuminate/Collections/helpers.php:236
/var/www/html/vendor/orchestra/sidekick/src/functions.php:87
/var/www/html/vendor/laravel/framework/src/Illuminate/Collections/helpers.php:236
/var/www/html/vendor/orchestra/testbench-core/src/Concerns/Testing.php:57
/var/www/html/vendor/orchestra/testbench-core/src/TestCase.php:50
/var/www/html/tests/TestCase.php:61
/var/www/html/tests/Unit/Transport/Contracts/MessageHandlerInterfaceTest.php:26</error>
        </testcase>
        <testcase name="test_get_supported_message_types_empty" file="/var/www/html/tests/Unit/Transport/Contracts/MessageHandlerInterfaceTest.php" line="293" class="JTD\LaravelMCP\Tests\Unit\Transport\Contracts\MessageHandlerInterfaceTest" classname="JTD.LaravelMCP.Tests.Unit.Transport.Contracts.MessageHandlerInterfaceTest" assertions="0" time="0.000000">
          <error type="Exception">JTD\LaravelMCP\Tests\Unit\Transport\Contracts\MessageHandlerInterfaceTest::test_get_supported_message_types_empty
Exception: The /var/www/html/vendor/orchestra/testbench-core/laravel/bootstrap/cache directory must be present and writable.

/var/www/html/vendor/laravel/framework/src/Illuminate/Foundation/PackageManifest.php:179
/var/www/html/vendor/orchestra/testbench-core/src/Foundation/PackageManifest.php:157
/var/www/html/vendor/laravel/framework/src/Illuminate/Foundation/PackageManifest.php:132
/var/www/html/vendor/laravel/framework/src/Illuminate/Foundation/PackageManifest.php:108
/var/www/html/vendor/orchestra/testbench-core/src/Foundation/PackageManifest.php:102
/var/www/html/vendor/laravel/framework/src/Illuminate/Foundation/PackageManifest.php:91
/var/www/html/vendor/laravel/framework/src/Illuminate/Foundation/PackageManifest.php:80
/var/www/html/vendor/laravel/framework/src/Illuminate/Foundation/Bootstrap/RegisterFacades.php:26
/var/www/html/vendor/orchestra/testbench-core/src/Concerns/CreatesApplication.php:556
/var/www/html/vendor/orchestra/testbench-core/src/Concerns/CreatesApplication.php:311
/var/www/html/vendor/orchestra/testbench-core/src/TestCase.php:121
/var/www/html/vendor/orchestra/testbench-core/src/Concerns/ApplicationTestingHooks.php:74
/var/www/html/vendor/orchestra/testbench-core/src/Concerns/Testing.php:43
/var/www/html/vendor/laravel/framework/src/Illuminate/Collections/helpers.php:236
/var/www/html/vendor/orchestra/sidekick/src/functions.php:87
/var/www/html/vendor/laravel/framework/src/Illuminate/Collections/helpers.php:236
/var/www/html/vendor/orchestra/testbench-core/src/Concerns/Testing.php:57
/var/www/html/vendor/orchestra/testbench-core/src/TestCase.php:50
/var/www/html/tests/TestCase.php:61
/var/www/html/tests/Unit/Transport/Contracts/MessageHandlerInterfaceTest.php:26</error>
        </testcase>
        <testcase name="test_lifecycle_events_sequence" file="/var/www/html/tests/Unit/Transport/Contracts/MessageHandlerInterfaceTest.php" line="308" class="JTD\LaravelMCP\Tests\Unit\Transport\Contracts\MessageHandlerInterfaceTest" classname="JTD.LaravelMCP.Tests.Unit.Transport.Contracts.MessageHandlerInterfaceTest" assertions="0" time="0.000000">
          <error type="Exception">JTD\LaravelMCP\Tests\Unit\Transport\Contracts\MessageHandlerInterfaceTest::test_lifecycle_events_sequence
Exception: The /var/www/html/vendor/orchestra/testbench-core/laravel/bootstrap/cache directory must be present and writable.

/var/www/html/vendor/laravel/framework/src/Illuminate/Foundation/PackageManifest.php:179
/var/www/html/vendor/orchestra/testbench-core/src/Foundation/PackageManifest.php:157
/var/www/html/vendor/laravel/framework/src/Illuminate/Foundation/PackageManifest.php:132
/var/www/html/vendor/laravel/framework/src/Illuminate/Foundation/PackageManifest.php:108
/var/www/html/vendor/orchestra/testbench-core/src/Foundation/PackageManifest.php:102
/var/www/html/vendor/laravel/framework/src/Illuminate/Foundation/PackageManifest.php:91
/var/www/html/vendor/laravel/framework/src/Illuminate/Foundation/PackageManifest.php:80
/var/www/html/vendor/laravel/framework/src/Illuminate/Foundation/Bootstrap/RegisterFacades.php:26
/var/www/html/vendor/orchestra/testbench-core/src/Concerns/CreatesApplication.php:556
/var/www/html/vendor/orchestra/testbench-core/src/Concerns/CreatesApplication.php:311
/var/www/html/vendor/orchestra/testbench-core/src/TestCase.php:121
/var/www/html/vendor/orchestra/testbench-core/src/Concerns/ApplicationTestingHooks.php:74
/var/www/html/vendor/orchestra/testbench-core/src/Concerns/Testing.php:43
/var/www/html/vendor/laravel/framework/src/Illuminate/Collections/helpers.php:236
/var/www/html/vendor/orchestra/sidekick/src/functions.php:87
/var/www/html/vendor/laravel/framework/src/Illuminate/Collections/helpers.php:236
/var/www/html/vendor/orchestra/testbench-core/src/Concerns/Testing.php:57
/var/www/html/vendor/orchestra/testbench-core/src/TestCase.php:50
/var/www/html/tests/TestCase.php:61
/var/www/html/tests/Unit/Transport/Contracts/MessageHandlerInterfaceTest.php:26</error>
        </testcase>
        <testcase name="test_handle_multiple_messages" file="/var/www/html/tests/Unit/Transport/Contracts/MessageHandlerInterfaceTest.php" line="346" class="JTD\LaravelMCP\Tests\Unit\Transport\Contracts\MessageHandlerInterfaceTest" classname="JTD.LaravelMCP.Tests.Unit.Transport.Contracts.MessageHandlerInterfaceTest" assertions="0" time="0.000000">
          <error type="Exception">JTD\LaravelMCP\Tests\Unit\Transport\Contracts\MessageHandlerInterfaceTest::test_handle_multiple_messages
Exception: The /var/www/html/vendor/orchestra/testbench-core/laravel/bootstrap/cache directory must be present and writable.

/var/www/html/vendor/laravel/framework/src/Illuminate/Foundation/PackageManifest.php:179
/var/www/html/vendor/orchestra/testbench-core/src/Foundation/PackageManifest.php:157
/var/www/html/vendor/laravel/framework/src/Illuminate/Foundation/PackageManifest.php:132
/var/www/html/vendor/laravel/framework/src/Illuminate/Foundation/PackageManifest.php:108
/var/www/html/vendor/orchestra/testbench-core/src/Foundation/PackageManifest.php:102
/var/www/html/vendor/laravel/framework/src/Illuminate/Foundation/PackageManifest.php:91
/var/www/html/vendor/laravel/framework/src/Illuminate/Foundation/PackageManifest.php:80
/var/www/html/vendor/laravel/framework/src/Illuminate/Foundation/Bootstrap/RegisterFacades.php:26
/var/www/html/vendor/orchestra/testbench-core/src/Concerns/CreatesApplication.php:556
/var/www/html/vendor/orchestra/testbench-core/src/Concerns/CreatesApplication.php:311
/var/www/html/vendor/orchestra/testbench-core/src/TestCase.php:121
/var/www/html/vendor/orchestra/testbench-core/src/Concerns/ApplicationTestingHooks.php:74
/var/www/html/vendor/orchestra/testbench-core/src/Concerns/Testing.php:43
/var/www/html/vendor/laravel/framework/src/Illuminate/Collections/helpers.php:236
/var/www/html/vendor/orchestra/sidekick/src/functions.php:87
/var/www/html/vendor/laravel/framework/src/Illuminate/Collections/helpers.php:236
/var/www/html/vendor/orchestra/testbench-core/src/Concerns/Testing.php:57
/var/www/html/vendor/orchestra/testbench-core/src/TestCase.php:50
/var/www/html/tests/TestCase.php:61
/var/www/html/tests/Unit/Transport/Contracts/MessageHandlerInterfaceTest.php:26</error>
        </testcase>
        <testcase name="test_error_handling_isolation" file="/var/www/html/tests/Unit/Transport/Contracts/MessageHandlerInterfaceTest.php" line="385" class="JTD\LaravelMCP\Tests\Unit\Transport\Contracts\MessageHandlerInterfaceTest" classname="JTD.LaravelMCP.Tests.Unit.Transport.Contracts.MessageHandlerInterfaceTest" assertions="0" time="0.000000">
          <error type="Exception">JTD\LaravelMCP\Tests\Unit\Transport\Contracts\MessageHandlerInterfaceTest::test_error_handling_isolation
Exception: The /var/www/html/vendor/orchestra/testbench-core/laravel/bootstrap/cache directory must be present and writable.

/var/www/html/vendor/laravel/framework/src/Illuminate/Foundation/PackageManifest.php:179
/var/www/html/vendor/orchestra/testbench-core/src/Foundation/PackageManifest.php:157
/var/www/html/vendor/laravel/framework/src/Illuminate/Foundation/PackageManifest.php:132
/var/www/html/vendor/laravel/framework/src/Illuminate/Foundation/PackageManifest.php:108
/var/www/html/vendor/orchestra/testbench-core/src/Foundation/PackageManifest.php:102
/var/www/html/vendor/laravel/framework/src/Illuminate/Foundation/PackageManifest.php:91
/var/www/html/vendor/laravel/framework/src/Illuminate/Foundation/PackageManifest.php:80
/var/www/html/vendor/laravel/framework/src/Illuminate/Foundation/Bootstrap/RegisterFacades.php:26
/var/www/html/vendor/orchestra/testbench-core/src/Concerns/CreatesApplication.php:556
/var/www/html/vendor/orchestra/testbench-core/src/Concerns/CreatesApplication.php:311
/var/www/html/vendor/orchestra/testbench-core/src/TestCase.php:121
/var/www/html/vendor/orchestra/testbench-core/src/Concerns/ApplicationTestingHooks.php:74
/var/www/html/vendor/orchestra/testbench-core/src/Concerns/Testing.php:43
/var/www/html/vendor/laravel/framework/src/Illuminate/Collections/helpers.php:236
/var/www/html/vendor/orchestra/sidekick/src/functions.php:87
/var/www/html/vendor/laravel/framework/src/Illuminate/Collections/helpers.php:236
/var/www/html/vendor/orchestra/testbench-core/src/Concerns/Testing.php:57
/var/www/html/vendor/orchestra/testbench-core/src/TestCase.php:50
/var/www/html/tests/TestCase.php:61
/var/www/html/tests/Unit/Transport/Contracts/MessageHandlerInterfaceTest.php:26</error>
        </testcase>
        <testcase name="test_check_specific_message_type_support" file="/var/www/html/tests/Unit/Transport/Contracts/MessageHandlerInterfaceTest.php" line="413" class="JTD\LaravelMCP\Tests\Unit\Transport\Contracts\MessageHandlerInterfaceTest" classname="JTD.LaravelMCP.Tests.Unit.Transport.Contracts.MessageHandlerInterfaceTest" assertions="0" time="0.000000">
          <error type="Exception">JTD\LaravelMCP\Tests\Unit\Transport\Contracts\MessageHandlerInterfaceTest::test_check_specific_message_type_support
Exception: The /var/www/html/vendor/orchestra/testbench-core/laravel/bootstrap/cache directory must be present and writable.

/var/www/html/vendor/laravel/framework/src/Illuminate/Foundation/PackageManifest.php:179
/var/www/html/vendor/orchestra/testbench-core/src/Foundation/PackageManifest.php:157
/var/www/html/vendor/laravel/framework/src/Illuminate/Foundation/PackageManifest.php:132
/var/www/html/vendor/laravel/framework/src/Illuminate/Foundation/PackageManifest.php:108
/var/www/html/vendor/orchestra/testbench-core/src/Foundation/PackageManifest.php:102
/var/www/html/vendor/laravel/framework/src/Illuminate/Foundation/PackageManifest.php:91
/var/www/html/vendor/laravel/framework/src/Illuminate/Foundation/PackageManifest.php:80
/var/www/html/vendor/laravel/framework/src/Illuminate/Foundation/Bootstrap/RegisterFacades.php:26
/var/www/html/vendor/orchestra/testbench-core/src/Concerns/CreatesApplication.php:556
/var/www/html/vendor/orchestra/testbench-core/src/Concerns/CreatesApplication.php:311
/var/www/html/vendor/orchestra/testbench-core/src/TestCase.php:121
/var/www/html/vendor/orchestra/testbench-core/src/Concerns/ApplicationTestingHooks.php:74
/var/www/html/vendor/orchestra/testbench-core/src/Concerns/Testing.php:43
/var/www/html/vendor/laravel/framework/src/Illuminate/Collections/helpers.php:236
/var/www/html/vendor/orchestra/sidekick/src/functions.php:87
/var/www/html/vendor/laravel/framework/src/Illuminate/Collections/helpers.php:236
/var/www/html/vendor/orchestra/testbench-core/src/Concerns/Testing.php:57
/var/www/html/vendor/orchestra/testbench-core/src/TestCase.php:50
/var/www/html/tests/TestCase.php:61
/var/www/html/tests/Unit/Transport/Contracts/MessageHandlerInterfaceTest.php:26</error>
        </testcase>
      </testsuite>
      <testsuite name="JTD\LaravelMCP\Tests\Unit\Transport\Contracts\TransportInterfaceTest" file="/var/www/html/tests/Unit/Transport/Contracts/TransportInterfaceTest.php" tests="17" assertions="0" errors="17" failures="0" skipped="0" time="0.000000">
        <testcase name="test_initialize_with_config" file="/var/www/html/tests/Unit/Transport/Contracts/TransportInterfaceTest.php" line="35" class="JTD\LaravelMCP\Tests\Unit\Transport\Contracts\TransportInterfaceTest" classname="JTD.LaravelMCP.Tests.Unit.Transport.Contracts.TransportInterfaceTest" assertions="0" time="0.000000">
          <error type="Exception">JTD\LaravelMCP\Tests\Unit\Transport\Contracts\TransportInterfaceTest::test_initialize_with_config
Exception: The /var/www/html/vendor/orchestra/testbench-core/laravel/bootstrap/cache directory must be present and writable.

/var/www/html/vendor/laravel/framework/src/Illuminate/Foundation/PackageManifest.php:179
/var/www/html/vendor/orchestra/testbench-core/src/Foundation/PackageManifest.php:157
/var/www/html/vendor/laravel/framework/src/Illuminate/Foundation/PackageManifest.php:132
/var/www/html/vendor/laravel/framework/src/Illuminate/Foundation/PackageManifest.php:108
/var/www/html/vendor/orchestra/testbench-core/src/Foundation/PackageManifest.php:102
/var/www/html/vendor/laravel/framework/src/Illuminate/Foundation/PackageManifest.php:91
/var/www/html/vendor/laravel/framework/src/Illuminate/Foundation/PackageManifest.php:80
/var/www/html/vendor/laravel/framework/src/Illuminate/Foundation/Bootstrap/RegisterFacades.php:26
/var/www/html/vendor/orchestra/testbench-core/src/Concerns/CreatesApplication.php:556
/var/www/html/vendor/orchestra/testbench-core/src/Concerns/CreatesApplication.php:311
/var/www/html/vendor/orchestra/testbench-core/src/TestCase.php:121
/var/www/html/vendor/orchestra/testbench-core/src/Concerns/ApplicationTestingHooks.php:74
/var/www/html/vendor/orchestra/testbench-core/src/Concerns/Testing.php:43
/var/www/html/vendor/laravel/framework/src/Illuminate/Collections/helpers.php:236
/var/www/html/vendor/orchestra/sidekick/src/functions.php:87
/var/www/html/vendor/laravel/framework/src/Illuminate/Collections/helpers.php:236
/var/www/html/vendor/orchestra/testbench-core/src/Concerns/Testing.php:57
/var/www/html/vendor/orchestra/testbench-core/src/TestCase.php:50
/var/www/html/tests/TestCase.php:61
/var/www/html/tests/Unit/Transport/Contracts/TransportInterfaceTest.php:26</error>
        </testcase>
        <testcase name="test_initialize_without_config" file="/var/www/html/tests/Unit/Transport/Contracts/TransportInterfaceTest.php" line="54" class="JTD\LaravelMCP\Tests\Unit\Transport\Contracts\TransportInterfaceTest" classname="JTD.LaravelMCP.Tests.Unit.Transport.Contracts.TransportInterfaceTest" assertions="0" time="0.000000">
          <error type="Exception">JTD\LaravelMCP\Tests\Unit\Transport\Contracts\TransportInterfaceTest::test_initialize_without_config
Exception: The /var/www/html/vendor/orchestra/testbench-core/laravel/bootstrap/cache directory must be present and writable.

/var/www/html/vendor/laravel/framework/src/Illuminate/Foundation/PackageManifest.php:179
/var/www/html/vendor/orchestra/testbench-core/src/Foundation/PackageManifest.php:157
/var/www/html/vendor/laravel/framework/src/Illuminate/Foundation/PackageManifest.php:132
/var/www/html/vendor/laravel/framework/src/Illuminate/Foundation/PackageManifest.php:108
/var/www/html/vendor/orchestra/testbench-core/src/Foundation/PackageManifest.php:102
/var/www/html/vendor/laravel/framework/src/Illuminate/Foundation/PackageManifest.php:91
/var/www/html/vendor/laravel/framework/src/Illuminate/Foundation/PackageManifest.php:80
/var/www/html/vendor/laravel/framework/src/Illuminate/Foundation/Bootstrap/RegisterFacades.php:26
/var/www/html/vendor/orchestra/testbench-core/src/Concerns/CreatesApplication.php:556
/var/www/html/vendor/orchestra/testbench-core/src/Concerns/CreatesApplication.php:311
/var/www/html/vendor/orchestra/testbench-core/src/TestCase.php:121
/var/www/html/vendor/orchestra/testbench-core/src/Concerns/ApplicationTestingHooks.php:74
/var/www/html/vendor/orchestra/testbench-core/src/Concerns/Testing.php:43
/var/www/html/vendor/laravel/framework/src/Illuminate/Collections/helpers.php:236
/var/www/html/vendor/orchestra/sidekick/src/functions.php:87
/var/www/html/vendor/laravel/framework/src/Illuminate/Collections/helpers.php:236
/var/www/html/vendor/orchestra/testbench-core/src/Concerns/Testing.php:57
/var/www/html/vendor/orchestra/testbench-core/src/TestCase.php:50
/var/www/html/tests/TestCase.php:61
/var/www/html/tests/Unit/Transport/Contracts/TransportInterfaceTest.php:26</error>
        </testcase>
        <testcase name="test_start_transport" file="/var/www/html/tests/Unit/Transport/Contracts/TransportInterfaceTest.php" line="67" class="JTD\LaravelMCP\Tests\Unit\Transport\Contracts\TransportInterfaceTest" classname="JTD.LaravelMCP.Tests.Unit.Transport.Contracts.TransportInterfaceTest" assertions="0" time="0.000000">
          <error type="Exception">JTD\LaravelMCP\Tests\Unit\Transport\Contracts\TransportInterfaceTest::test_start_transport
Exception: The /var/www/html/vendor/orchestra/testbench-core/laravel/bootstrap/cache directory must be present and writable.

/var/www/html/vendor/laravel/framework/src/Illuminate/Foundation/PackageManifest.php:179
/var/www/html/vendor/orchestra/testbench-core/src/Foundation/PackageManifest.php:157
/var/www/html/vendor/laravel/framework/src/Illuminate/Foundation/PackageManifest.php:132
/var/www/html/vendor/laravel/framework/src/Illuminate/Foundation/PackageManifest.php:108
/var/www/html/vendor/orchestra/testbench-core/src/Foundation/PackageManifest.php:102
/var/www/html/vendor/laravel/framework/src/Illuminate/Foundation/PackageManifest.php:91
/var/www/html/vendor/laravel/framework/src/Illuminate/Foundation/PackageManifest.php:80
/var/www/html/vendor/laravel/framework/src/Illuminate/Foundation/Bootstrap/RegisterFacades.php:26
/var/www/html/vendor/orchestra/testbench-core/src/Concerns/CreatesApplication.php:556
/var/www/html/vendor/orchestra/testbench-core/src/Concerns/CreatesApplication.php:311
/var/www/html/vendor/orchestra/testbench-core/src/TestCase.php:121
/var/www/html/vendor/orchestra/testbench-core/src/Concerns/ApplicationTestingHooks.php:74
/var/www/html/vendor/orchestra/testbench-core/src/Concerns/Testing.php:43
/var/www/html/vendor/laravel/framework/src/Illuminate/Collections/helpers.php:236
/var/www/html/vendor/orchestra/sidekick/src/functions.php:87
/var/www/html/vendor/laravel/framework/src/Illuminate/Collections/helpers.php:236
/var/www/html/vendor/orchestra/testbench-core/src/Concerns/Testing.php:57
/var/www/html/vendor/orchestra/testbench-core/src/TestCase.php:50
/var/www/html/tests/TestCase.php:61
/var/www/html/tests/Unit/Transport/Contracts/TransportInterfaceTest.php:26</error>
        </testcase>
        <testcase name="test_stop_transport" file="/var/www/html/tests/Unit/Transport/Contracts/TransportInterfaceTest.php" line="79" class="JTD\LaravelMCP\Tests\Unit\Transport\Contracts\TransportInterfaceTest" classname="JTD.LaravelMCP.Tests.Unit.Transport.Contracts.TransportInterfaceTest" assertions="0" time="0.000000">
          <error type="Exception">JTD\LaravelMCP\Tests\Unit\Transport\Contracts\TransportInterfaceTest::test_stop_transport
Exception: The /var/www/html/vendor/orchestra/testbench-core/laravel/bootstrap/cache directory must be present and writable.

/var/www/html/vendor/laravel/framework/src/Illuminate/Foundation/PackageManifest.php:179
/var/www/html/vendor/orchestra/testbench-core/src/Foundation/PackageManifest.php:157
/var/www/html/vendor/laravel/framework/src/Illuminate/Foundation/PackageManifest.php:132
/var/www/html/vendor/laravel/framework/src/Illuminate/Foundation/PackageManifest.php:108
/var/www/html/vendor/orchestra/testbench-core/src/Foundation/PackageManifest.php:102
/var/www/html/vendor/laravel/framework/src/Illuminate/Foundation/PackageManifest.php:91
/var/www/html/vendor/laravel/framework/src/Illuminate/Foundation/PackageManifest.php:80
/var/www/html/vendor/laravel/framework/src/Illuminate/Foundation/Bootstrap/RegisterFacades.php:26
/var/www/html/vendor/orchestra/testbench-core/src/Concerns/CreatesApplication.php:556
/var/www/html/vendor/orchestra/testbench-core/src/Concerns/CreatesApplication.php:311
/var/www/html/vendor/orchestra/testbench-core/src/TestCase.php:121
/var/www/html/vendor/orchestra/testbench-core/src/Concerns/ApplicationTestingHooks.php:74
/var/www/html/vendor/orchestra/testbench-core/src/Concerns/Testing.php:43
/var/www/html/vendor/laravel/framework/src/Illuminate/Collections/helpers.php:236
/var/www/html/vendor/orchestra/sidekick/src/functions.php:87
/var/www/html/vendor/laravel/framework/src/Illuminate/Collections/helpers.php:236
/var/www/html/vendor/orchestra/testbench-core/src/Concerns/Testing.php:57
/var/www/html/vendor/orchestra/testbench-core/src/TestCase.php:50
/var/www/html/tests/TestCase.php:61
/var/www/html/tests/Unit/Transport/Contracts/TransportInterfaceTest.php:26</error>
        </testcase>
        <testcase name="test_send_message" file="/var/www/html/tests/Unit/Transport/Contracts/TransportInterfaceTest.php" line="91" class="JTD\LaravelMCP\Tests\Unit\Transport\Contracts\TransportInterfaceTest" classname="JTD.LaravelMCP.Tests.Unit.Transport.Contracts.TransportInterfaceTest" assertions="0" time="0.000000">
          <error type="Exception">JTD\LaravelMCP\Tests\Unit\Transport\Contracts\TransportInterfaceTest::test_send_message
Exception: The /var/www/html/vendor/orchestra/testbench-core/laravel/bootstrap/cache directory must be present and writable.

/var/www/html/vendor/laravel/framework/src/Illuminate/Foundation/PackageManifest.php:179
/var/www/html/vendor/orchestra/testbench-core/src/Foundation/PackageManifest.php:157
/var/www/html/vendor/laravel/framework/src/Illuminate/Foundation/PackageManifest.php:132
/var/www/html/vendor/laravel/framework/src/Illuminate/Foundation/PackageManifest.php:108
/var/www/html/vendor/orchestra/testbench-core/src/Foundation/PackageManifest.php:102
/var/www/html/vendor/laravel/framework/src/Illuminate/Foundation/PackageManifest.php:91
/var/www/html/vendor/laravel/framework/src/Illuminate/Foundation/PackageManifest.php:80
/var/www/html/vendor/laravel/framework/src/Illuminate/Foundation/Bootstrap/RegisterFacades.php:26
/var/www/html/vendor/orchestra/testbench-core/src/Concerns/CreatesApplication.php:556
/var/www/html/vendor/orchestra/testbench-core/src/Concerns/CreatesApplication.php:311
/var/www/html/vendor/orchestra/testbench-core/src/TestCase.php:121
/var/www/html/vendor/orchestra/testbench-core/src/Concerns/ApplicationTestingHooks.php:74
/var/www/html/vendor/orchestra/testbench-core/src/Concerns/Testing.php:43
/var/www/html/vendor/laravel/framework/src/Illuminate/Collections/helpers.php:236
/var/www/html/vendor/orchestra/sidekick/src/functions.php:87
/var/www/html/vendor/laravel/framework/src/Illuminate/Collections/helpers.php:236
/var/www/html/vendor/orchestra/testbench-core/src/Concerns/Testing.php:57
/var/www/html/vendor/orchestra/testbench-core/src/TestCase.php:50
/var/www/html/tests/TestCase.php:61
/var/www/html/tests/Unit/Transport/Contracts/TransportInterfaceTest.php:26</error>
        </testcase>
        <testcase name="test_send_complex_message" file="/var/www/html/tests/Unit/Transport/Contracts/TransportInterfaceTest.php" line="111" class="JTD\LaravelMCP\Tests\Unit\Transport\Contracts\TransportInterfaceTest" classname="JTD.LaravelMCP.Tests.Unit.Transport.Contracts.TransportInterfaceTest" assertions="0" time="0.000000">
          <error type="Exception">JTD\LaravelMCP\Tests\Unit\Transport\Contracts\TransportInterfaceTest::test_send_complex_message
Exception: The /var/www/html/vendor/orchestra/testbench-core/laravel/bootstrap/cache directory must be present and writable.

/var/www/html/vendor/laravel/framework/src/Illuminate/Foundation/PackageManifest.php:179
/var/www/html/vendor/orchestra/testbench-core/src/Foundation/PackageManifest.php:157
/var/www/html/vendor/laravel/framework/src/Illuminate/Foundation/PackageManifest.php:132
/var/www/html/vendor/laravel/framework/src/Illuminate/Foundation/PackageManifest.php:108
/var/www/html/vendor/orchestra/testbench-core/src/Foundation/PackageManifest.php:102
/var/www/html/vendor/laravel/framework/src/Illuminate/Foundation/PackageManifest.php:91
/var/www/html/vendor/laravel/framework/src/Illuminate/Foundation/PackageManifest.php:80
/var/www/html/vendor/laravel/framework/src/Illuminate/Foundation/Bootstrap/RegisterFacades.php:26
/var/www/html/vendor/orchestra/testbench-core/src/Concerns/CreatesApplication.php:556
/var/www/html/vendor/orchestra/testbench-core/src/Concerns/CreatesApplication.php:311
/var/www/html/vendor/orchestra/testbench-core/src/TestCase.php:121
/var/www/html/vendor/orchestra/testbench-core/src/Concerns/ApplicationTestingHooks.php:74
/var/www/html/vendor/orchestra/testbench-core/src/Concerns/Testing.php:43
/var/www/html/vendor/laravel/framework/src/Illuminate/Collections/helpers.php:236
/var/www/html/vendor/orchestra/sidekick/src/functions.php:87
/var/www/html/vendor/laravel/framework/src/Illuminate/Collections/helpers.php:236
/var/www/html/vendor/orchestra/testbench-core/src/Concerns/Testing.php:57
/var/www/html/vendor/orchestra/testbench-core/src/TestCase.php:50
/var/www/html/tests/TestCase.php:61
/var/www/html/tests/Unit/Transport/Contracts/TransportInterfaceTest.php:26</error>
        </testcase>
        <testcase name="test_receive_returns_message" file="/var/www/html/tests/Unit/Transport/Contracts/TransportInterfaceTest.php" line="135" class="JTD\LaravelMCP\Tests\Unit\Transport\Contracts\TransportInterfaceTest" classname="JTD.LaravelMCP.Tests.Unit.Transport.Contracts.TransportInterfaceTest" assertions="0" time="0.000000">
          <error type="Exception">JTD\LaravelMCP\Tests\Unit\Transport\Contracts\TransportInterfaceTest::test_receive_returns_message
Exception: The /var/www/html/vendor/orchestra/testbench-core/laravel/bootstrap/cache directory must be present and writable.

/var/www/html/vendor/laravel/framework/src/Illuminate/Foundation/PackageManifest.php:179
/var/www/html/vendor/orchestra/testbench-core/src/Foundation/PackageManifest.php:157
/var/www/html/vendor/laravel/framework/src/Illuminate/Foundation/PackageManifest.php:132
/var/www/html/vendor/laravel/framework/src/Illuminate/Foundation/PackageManifest.php:108
/var/www/html/vendor/orchestra/testbench-core/src/Foundation/PackageManifest.php:102
/var/www/html/vendor/laravel/framework/src/Illuminate/Foundation/PackageManifest.php:91
/var/www/html/vendor/laravel/framework/src/Illuminate/Foundation/PackageManifest.php:80
/var/www/html/vendor/laravel/framework/src/Illuminate/Foundation/Bootstrap/RegisterFacades.php:26
/var/www/html/vendor/orchestra/testbench-core/src/Concerns/CreatesApplication.php:556
/var/www/html/vendor/orchestra/testbench-core/src/Concerns/CreatesApplication.php:311
/var/www/html/vendor/orchestra/testbench-core/src/TestCase.php:121
/var/www/html/vendor/orchestra/testbench-core/src/Concerns/ApplicationTestingHooks.php:74
/var/www/html/vendor/orchestra/testbench-core/src/Concerns/Testing.php:43
/var/www/html/vendor/laravel/framework/src/Illuminate/Collections/helpers.php:236
/var/www/html/vendor/orchestra/sidekick/src/functions.php:87
/var/www/html/vendor/laravel/framework/src/Illuminate/Collections/helpers.php:236
/var/www/html/vendor/orchestra/testbench-core/src/Concerns/Testing.php:57
/var/www/html/vendor/orchestra/testbench-core/src/TestCase.php:50
/var/www/html/tests/TestCase.php:61
/var/www/html/tests/Unit/Transport/Contracts/TransportInterfaceTest.php:26</error>
        </testcase>
        <testcase name="test_receive_returns_null_when_no_message" file="/var/www/html/tests/Unit/Transport/Contracts/TransportInterfaceTest.php" line="156" class="JTD\LaravelMCP\Tests\Unit\Transport\Contracts\TransportInterfaceTest" classname="JTD.LaravelMCP.Tests.Unit.Transport.Contracts.TransportInterfaceTest" assertions="0" time="0.000000">
          <error type="Exception">JTD\LaravelMCP\Tests\Unit\Transport\Contracts\TransportInterfaceTest::test_receive_returns_null_when_no_message
Exception: The /var/www/html/vendor/orchestra/testbench-core/laravel/bootstrap/cache directory must be present and writable.

/var/www/html/vendor/laravel/framework/src/Illuminate/Foundation/PackageManifest.php:179
/var/www/html/vendor/orchestra/testbench-core/src/Foundation/PackageManifest.php:157
/var/www/html/vendor/laravel/framework/src/Illuminate/Foundation/PackageManifest.php:132
/var/www/html/vendor/laravel/framework/src/Illuminate/Foundation/PackageManifest.php:108
/var/www/html/vendor/orchestra/testbench-core/src/Foundation/PackageManifest.php:102
/var/www/html/vendor/laravel/framework/src/Illuminate/Foundation/PackageManifest.php:91
/var/www/html/vendor/laravel/framework/src/Illuminate/Foundation/PackageManifest.php:80
/var/www/html/vendor/laravel/framework/src/Illuminate/Foundation/Bootstrap/RegisterFacades.php:26
/var/www/html/vendor/orchestra/testbench-core/src/Concerns/CreatesApplication.php:556
/var/www/html/vendor/orchestra/testbench-core/src/Concerns/CreatesApplication.php:311
/var/www/html/vendor/orchestra/testbench-core/src/TestCase.php:121
/var/www/html/vendor/orchestra/testbench-core/src/Concerns/ApplicationTestingHooks.php:74
/var/www/html/vendor/orchestra/testbench-core/src/Concerns/Testing.php:43
/var/www/html/vendor/laravel/framework/src/Illuminate/Collections/helpers.php:236
/var/www/html/vendor/orchestra/sidekick/src/functions.php:87
/var/www/html/vendor/laravel/framework/src/Illuminate/Collections/helpers.php:236
/var/www/html/vendor/orchestra/testbench-core/src/Concerns/Testing.php:57
/var/www/html/vendor/orchestra/testbench-core/src/TestCase.php:50
/var/www/html/tests/TestCase.php:61
/var/www/html/tests/Unit/Transport/Contracts/TransportInterfaceTest.php:26</error>
        </testcase>
        <testcase name="test_get_connection_info" file="/var/www/html/tests/Unit/Transport/Contracts/TransportInterfaceTest.php" line="171" class="JTD\LaravelMCP\Tests\Unit\Transport\Contracts\TransportInterfaceTest" classname="JTD.LaravelMCP.Tests.Unit.Transport.Contracts.TransportInterfaceTest" assertions="0" time="0.000000">
          <error type="Exception">JTD\LaravelMCP\Tests\Unit\Transport\Contracts\TransportInterfaceTest::test_get_connection_info
Exception: The /var/www/html/vendor/orchestra/testbench-core/laravel/bootstrap/cache directory must be present and writable.

/var/www/html/vendor/laravel/framework/src/Illuminate/Foundation/PackageManifest.php:179
/var/www/html/vendor/orchestra/testbench-core/src/Foundation/PackageManifest.php:157
/var/www/html/vendor/laravel/framework/src/Illuminate/Foundation/PackageManifest.php:132
/var/www/html/vendor/laravel/framework/src/Illuminate/Foundation/PackageManifest.php:108
/var/www/html/vendor/orchestra/testbench-core/src/Foundation/PackageManifest.php:102
/var/www/html/vendor/laravel/framework/src/Illuminate/Foundation/PackageManifest.php:91
/var/www/html/vendor/laravel/framework/src/Illuminate/Foundation/PackageManifest.php:80
/var/www/html/vendor/laravel/framework/src/Illuminate/Foundation/Bootstrap/RegisterFacades.php:26
/var/www/html/vendor/orchestra/testbench-core/src/Concerns/CreatesApplication.php:556
/var/www/html/vendor/orchestra/testbench-core/src/Concerns/CreatesApplication.php:311
/var/www/html/vendor/orchestra/testbench-core/src/TestCase.php:121
/var/www/html/vendor/orchestra/testbench-core/src/Concerns/ApplicationTestingHooks.php:74
/var/www/html/vendor/orchestra/testbench-core/src/Concerns/Testing.php:43
/var/www/html/vendor/laravel/framework/src/Illuminate/Collections/helpers.php:236
/var/www/html/vendor/orchestra/sidekick/src/functions.php:87
/var/www/html/vendor/laravel/framework/src/Illuminate/Collections/helpers.php:236
/var/www/html/vendor/orchestra/testbench-core/src/Concerns/Testing.php:57
/var/www/html/vendor/orchestra/testbench-core/src/TestCase.php:50
/var/www/html/tests/TestCase.php:61
/var/www/html/tests/Unit/Transport/Contracts/TransportInterfaceTest.php:26</error>
        </testcase>
        <testcase name="test_is_connected_returns_true" file="/var/www/html/tests/Unit/Transport/Contracts/TransportInterfaceTest.php" line="193" class="JTD\LaravelMCP\Tests\Unit\Transport\Contracts\TransportInterfaceTest" classname="JTD.LaravelMCP.Tests.Unit.Transport.Contracts.TransportInterfaceTest" assertions="0" time="0.000000">
          <error type="Exception">JTD\LaravelMCP\Tests\Unit\Transport\Contracts\TransportInterfaceTest::test_is_connected_returns_true
Exception: The /var/www/html/vendor/orchestra/testbench-core/laravel/bootstrap/cache directory must be present and writable.

/var/www/html/vendor/laravel/framework/src/Illuminate/Foundation/PackageManifest.php:179
/var/www/html/vendor/orchestra/testbench-core/src/Foundation/PackageManifest.php:157
/var/www/html/vendor/laravel/framework/src/Illuminate/Foundation/PackageManifest.php:132
/var/www/html/vendor/laravel/framework/src/Illuminate/Foundation/PackageManifest.php:108
/var/www/html/vendor/orchestra/testbench-core/src/Foundation/PackageManifest.php:102
/var/www/html/vendor/laravel/framework/src/Illuminate/Foundation/PackageManifest.php:91
/var/www/html/vendor/laravel/framework/src/Illuminate/Foundation/PackageManifest.php:80
/var/www/html/vendor/laravel/framework/src/Illuminate/Foundation/Bootstrap/RegisterFacades.php:26
/var/www/html/vendor/orchestra/testbench-core/src/Concerns/CreatesApplication.php:556
/var/www/html/vendor/orchestra/testbench-core/src/Concerns/CreatesApplication.php:311
/var/www/html/vendor/orchestra/testbench-core/src/TestCase.php:121
/var/www/html/vendor/orchestra/testbench-core/src/Concerns/ApplicationTestingHooks.php:74
/var/www/html/vendor/orchestra/testbench-core/src/Concerns/Testing.php:43
/var/www/html/vendor/laravel/framework/src/Illuminate/Collections/helpers.php:236
/var/www/html/vendor/orchestra/sidekick/src/functions.php:87
/var/www/html/vendor/laravel/framework/src/Illuminate/Collections/helpers.php:236
/var/www/html/vendor/orchestra/testbench-core/src/Concerns/Testing.php:57
/var/www/html/vendor/orchestra/testbench-core/src/TestCase.php:50
/var/www/html/tests/TestCase.php:61
/var/www/html/tests/Unit/Transport/Contracts/TransportInterfaceTest.php:26</error>
        </testcase>
        <testcase name="test_is_connected_returns_false" file="/var/www/html/tests/Unit/Transport/Contracts/TransportInterfaceTest.php" line="206" class="JTD\LaravelMCP\Tests\Unit\Transport\Contracts\TransportInterfaceTest" classname="JTD.LaravelMCP.Tests.Unit.Transport.Contracts.TransportInterfaceTest" assertions="0" time="0.000000">
          <error type="Exception">JTD\LaravelMCP\Tests\Unit\Transport\Contracts\TransportInterfaceTest::test_is_connected_returns_false
Exception: The /var/www/html/vendor/orchestra/testbench-core/laravel/bootstrap/cache directory must be present and writable.

/var/www/html/vendor/laravel/framework/src/Illuminate/Foundation/PackageManifest.php:179
/var/www/html/vendor/orchestra/testbench-core/src/Foundation/PackageManifest.php:157
/var/www/html/vendor/laravel/framework/src/Illuminate/Foundation/PackageManifest.php:132
/var/www/html/vendor/laravel/framework/src/Illuminate/Foundation/PackageManifest.php:108
/var/www/html/vendor/orchestra/testbench-core/src/Foundation/PackageManifest.php:102
/var/www/html/vendor/laravel/framework/src/Illuminate/Foundation/PackageManifest.php:91
/var/www/html/vendor/laravel/framework/src/Illuminate/Foundation/PackageManifest.php:80
/var/www/html/vendor/laravel/framework/src/Illuminate/Foundation/Bootstrap/RegisterFacades.php:26
/var/www/html/vendor/orchestra/testbench-core/src/Concerns/CreatesApplication.php:556
/var/www/html/vendor/orchestra/testbench-core/src/Concerns/CreatesApplication.php:311
/var/www/html/vendor/orchestra/testbench-core/src/TestCase.php:121
/var/www/html/vendor/orchestra/testbench-core/src/Concerns/ApplicationTestingHooks.php:74
/var/www/html/vendor/orchestra/testbench-core/src/Concerns/Testing.php:43
/var/www/html/vendor/laravel/framework/src/Illuminate/Collections/helpers.php:236
/var/www/html/vendor/orchestra/sidekick/src/functions.php:87
/var/www/html/vendor/laravel/framework/src/Illuminate/Collections/helpers.php:236
/var/www/html/vendor/orchestra/testbench-core/src/Concerns/Testing.php:57
/var/www/html/vendor/orchestra/testbench-core/src/TestCase.php:50
/var/www/html/tests/TestCase.php:61
/var/www/html/tests/Unit/Transport/Contracts/TransportInterfaceTest.php:26</error>
        </testcase>
        <testcase name="test_get_connection_info_returns_empty_array" file="/var/www/html/tests/Unit/Transport/Contracts/TransportInterfaceTest.php" line="219" class="JTD\LaravelMCP\Tests\Unit\Transport\Contracts\TransportInterfaceTest" classname="JTD.LaravelMCP.Tests.Unit.Transport.Contracts.TransportInterfaceTest" assertions="0" time="0.000000">
          <error type="Exception">JTD\LaravelMCP\Tests\Unit\Transport\Contracts\TransportInterfaceTest::test_get_connection_info_returns_empty_array
Exception: The /var/www/html/vendor/orchestra/testbench-core/laravel/bootstrap/cache directory must be present and writable.

/var/www/html/vendor/laravel/framework/src/Illuminate/Foundation/PackageManifest.php:179
/var/www/html/vendor/orchestra/testbench-core/src/Foundation/PackageManifest.php:157
/var/www/html/vendor/laravel/framework/src/Illuminate/Foundation/PackageManifest.php:132
/var/www/html/vendor/laravel/framework/src/Illuminate/Foundation/PackageManifest.php:108
/var/www/html/vendor/orchestra/testbench-core/src/Foundation/PackageManifest.php:102
/var/www/html/vendor/laravel/framework/src/Illuminate/Foundation/PackageManifest.php:91
/var/www/html/vendor/laravel/framework/src/Illuminate/Foundation/PackageManifest.php:80
/var/www/html/vendor/laravel/framework/src/Illuminate/Foundation/Bootstrap/RegisterFacades.php:26
/var/www/html/vendor/orchestra/testbench-core/src/Concerns/CreatesApplication.php:556
/var/www/html/vendor/orchestra/testbench-core/src/Concerns/CreatesApplication.php:311
/var/www/html/vendor/orchestra/testbench-core/src/TestCase.php:121
/var/www/html/vendor/orchestra/testbench-core/src/Concerns/ApplicationTestingHooks.php:74
/var/www/html/vendor/orchestra/testbench-core/src/Concerns/Testing.php:43
/var/www/html/vendor/laravel/framework/src/Illuminate/Collections/helpers.php:236
/var/www/html/vendor/orchestra/sidekick/src/functions.php:87
/var/www/html/vendor/laravel/framework/src/Illuminate/Collections/helpers.php:236
/var/www/html/vendor/orchestra/testbench-core/src/Concerns/Testing.php:57
/var/www/html/vendor/orchestra/testbench-core/src/TestCase.php:50
/var/www/html/tests/TestCase.php:61
/var/www/html/tests/Unit/Transport/Contracts/TransportInterfaceTest.php:26</error>
        </testcase>
        <testcase name="test_set_message_handler" file="/var/www/html/tests/Unit/Transport/Contracts/TransportInterfaceTest.php" line="234" class="JTD\LaravelMCP\Tests\Unit\Transport\Contracts\TransportInterfaceTest" classname="JTD.LaravelMCP.Tests.Unit.Transport.Contracts.TransportInterfaceTest" assertions="0" time="0.000000">
          <error type="Exception">JTD\LaravelMCP\Tests\Unit\Transport\Contracts\TransportInterfaceTest::test_set_message_handler
Exception: The /var/www/html/vendor/orchestra/testbench-core/laravel/bootstrap/cache directory must be present and writable.

/var/www/html/vendor/laravel/framework/src/Illuminate/Foundation/PackageManifest.php:179
/var/www/html/vendor/orchestra/testbench-core/src/Foundation/PackageManifest.php:157
/var/www/html/vendor/laravel/framework/src/Illuminate/Foundation/PackageManifest.php:132
/var/www/html/vendor/laravel/framework/src/Illuminate/Foundation/PackageManifest.php:108
/var/www/html/vendor/orchestra/testbench-core/src/Foundation/PackageManifest.php:102
/var/www/html/vendor/laravel/framework/src/Illuminate/Foundation/PackageManifest.php:91
/var/www/html/vendor/laravel/framework/src/Illuminate/Foundation/PackageManifest.php:80
/var/www/html/vendor/laravel/framework/src/Illuminate/Foundation/Bootstrap/RegisterFacades.php:26
/var/www/html/vendor/orchestra/testbench-core/src/Concerns/CreatesApplication.php:556
/var/www/html/vendor/orchestra/testbench-core/src/Concerns/CreatesApplication.php:311
/var/www/html/vendor/orchestra/testbench-core/src/TestCase.php:121
/var/www/html/vendor/orchestra/testbench-core/src/Concerns/ApplicationTestingHooks.php:74
/var/www/html/vendor/orchestra/testbench-core/src/Concerns/Testing.php:43
/var/www/html/vendor/laravel/framework/src/Illuminate/Collections/helpers.php:236
/var/www/html/vendor/orchestra/sidekick/src/functions.php:87
/var/www/html/vendor/laravel/framework/src/Illuminate/Collections/helpers.php:236
/var/www/html/vendor/orchestra/testbench-core/src/Concerns/Testing.php:57
/var/www/html/vendor/orchestra/testbench-core/src/TestCase.php:50
/var/www/html/tests/TestCase.php:61
/var/www/html/tests/Unit/Transport/Contracts/TransportInterfaceTest.php:26</error>
        </testcase>
        <testcase name="test_transport_lifecycle" file="/var/www/html/tests/Unit/Transport/Contracts/TransportInterfaceTest.php" line="247" class="JTD\LaravelMCP\Tests\Unit\Transport\Contracts\TransportInterfaceTest" classname="JTD.LaravelMCP.Tests.Unit.Transport.Contracts.TransportInterfaceTest" assertions="0" time="0.000000">
          <error type="Exception">JTD\LaravelMCP\Tests\Unit\Transport\Contracts\TransportInterfaceTest::test_transport_lifecycle
Exception: The /var/www/html/vendor/orchestra/testbench-core/laravel/bootstrap/cache directory must be present and writable.

/var/www/html/vendor/laravel/framework/src/Illuminate/Foundation/PackageManifest.php:179
/var/www/html/vendor/orchestra/testbench-core/src/Foundation/PackageManifest.php:157
/var/www/html/vendor/laravel/framework/src/Illuminate/Foundation/PackageManifest.php:132
/var/www/html/vendor/laravel/framework/src/Illuminate/Foundation/PackageManifest.php:108
/var/www/html/vendor/orchestra/testbench-core/src/Foundation/PackageManifest.php:102
/var/www/html/vendor/laravel/framework/src/Illuminate/Foundation/PackageManifest.php:91
/var/www/html/vendor/laravel/framework/src/Illuminate/Foundation/PackageManifest.php:80
/var/www/html/vendor/laravel/framework/src/Illuminate/Foundation/Bootstrap/RegisterFacades.php:26
/var/www/html/vendor/orchestra/testbench-core/src/Concerns/CreatesApplication.php:556
/var/www/html/vendor/orchestra/testbench-core/src/Concerns/CreatesApplication.php:311
/var/www/html/vendor/orchestra/testbench-core/src/TestCase.php:121
/var/www/html/vendor/orchestra/testbench-core/src/Concerns/ApplicationTestingHooks.php:74
/var/www/html/vendor/orchestra/testbench-core/src/Concerns/Testing.php:43
/var/www/html/vendor/laravel/framework/src/Illuminate/Collections/helpers.php:236
/var/www/html/vendor/orchestra/sidekick/src/functions.php:87
/var/www/html/vendor/laravel/framework/src/Illuminate/Collections/helpers.php:236
/var/www/html/vendor/orchestra/testbench-core/src/Concerns/Testing.php:57
/var/www/html/vendor/orchestra/testbench-core/src/TestCase.php:50
/var/www/html/tests/TestCase.php:61
/var/www/html/tests/Unit/Transport/Contracts/TransportInterfaceTest.php:26</error>
        </testcase>
        <testcase name="test_multiple_message_operations" file="/var/www/html/tests/Unit/Transport/Contracts/TransportInterfaceTest.php" line="304" class="JTD\LaravelMCP\Tests\Unit\Transport\Contracts\TransportInterfaceTest" classname="JTD.LaravelMCP.Tests.Unit.Transport.Contracts.TransportInterfaceTest" assertions="0" time="0.000000">
          <error type="Exception">JTD\LaravelMCP\Tests\Unit\Transport\Contracts\TransportInterfaceTest::test_multiple_message_operations
Exception: The /var/www/html/vendor/orchestra/testbench-core/laravel/bootstrap/cache directory must be present and writable.

/var/www/html/vendor/laravel/framework/src/Illuminate/Foundation/PackageManifest.php:179
/var/www/html/vendor/orchestra/testbench-core/src/Foundation/PackageManifest.php:157
/var/www/html/vendor/laravel/framework/src/Illuminate/Foundation/PackageManifest.php:132
/var/www/html/vendor/laravel/framework/src/Illuminate/Foundation/PackageManifest.php:108
/var/www/html/vendor/orchestra/testbench-core/src/Foundation/PackageManifest.php:102
/var/www/html/vendor/laravel/framework/src/Illuminate/Foundation/PackageManifest.php:91
/var/www/html/vendor/laravel/framework/src/Illuminate/Foundation/PackageManifest.php:80
/var/www/html/vendor/laravel/framework/src/Illuminate/Foundation/Bootstrap/RegisterFacades.php:26
/var/www/html/vendor/orchestra/testbench-core/src/Concerns/CreatesApplication.php:556
/var/www/html/vendor/orchestra/testbench-core/src/Concerns/CreatesApplication.php:311
/var/www/html/vendor/orchestra/testbench-core/src/TestCase.php:121
/var/www/html/vendor/orchestra/testbench-core/src/Concerns/ApplicationTestingHooks.php:74
/var/www/html/vendor/orchestra/testbench-core/src/Concerns/Testing.php:43
/var/www/html/vendor/laravel/framework/src/Illuminate/Collections/helpers.php:236
/var/www/html/vendor/orchestra/sidekick/src/functions.php:87
/var/www/html/vendor/laravel/framework/src/Illuminate/Collections/helpers.php:236
/var/www/html/vendor/orchestra/testbench-core/src/Concerns/Testing.php:57
/var/www/html/vendor/orchestra/testbench-core/src/TestCase.php:50
/var/www/html/tests/TestCase.php:61
/var/www/html/tests/Unit/Transport/Contracts/TransportInterfaceTest.php:26</error>
        </testcase>
        <testcase name="test_connection_info_after_initialization" file="/var/www/html/tests/Unit/Transport/Contracts/TransportInterfaceTest.php" line="351" class="JTD\LaravelMCP\Tests\Unit\Transport\Contracts\TransportInterfaceTest" classname="JTD.LaravelMCP.Tests.Unit.Transport.Contracts.TransportInterfaceTest" assertions="0" time="0.000000">
          <error type="Exception">JTD\LaravelMCP\Tests\Unit\Transport\Contracts\TransportInterfaceTest::test_connection_info_after_initialization
Exception: The /var/www/html/vendor/orchestra/testbench-core/laravel/bootstrap/cache directory must be present and writable.

/var/www/html/vendor/laravel/framework/src/Illuminate/Foundation/PackageManifest.php:179
/var/www/html/vendor/orchestra/testbench-core/src/Foundation/PackageManifest.php:157
/var/www/html/vendor/laravel/framework/src/Illuminate/Foundation/PackageManifest.php:132
/var/www/html/vendor/laravel/framework/src/Illuminate/Foundation/PackageManifest.php:108
/var/www/html/vendor/orchestra/testbench-core/src/Foundation/PackageManifest.php:102
/var/www/html/vendor/laravel/framework/src/Illuminate/Foundation/PackageManifest.php:91
/var/www/html/vendor/laravel/framework/src/Illuminate/Foundation/PackageManifest.php:80
/var/www/html/vendor/laravel/framework/src/Illuminate/Foundation/Bootstrap/RegisterFacades.php:26
/var/www/html/vendor/orchestra/testbench-core/src/Concerns/CreatesApplication.php:556
/var/www/html/vendor/orchestra/testbench-core/src/Concerns/CreatesApplication.php:311
/var/www/html/vendor/orchestra/testbench-core/src/TestCase.php:121
/var/www/html/vendor/orchestra/testbench-core/src/Concerns/ApplicationTestingHooks.php:74
/var/www/html/vendor/orchestra/testbench-core/src/Concerns/Testing.php:43
/var/www/html/vendor/laravel/framework/src/Illuminate/Collections/helpers.php:236
/var/www/html/vendor/orchestra/sidekick/src/functions.php:87
/var/www/html/vendor/laravel/framework/src/Illuminate/Collections/helpers.php:236
/var/www/html/vendor/orchestra/testbench-core/src/Concerns/Testing.php:57
/var/www/html/vendor/orchestra/testbench-core/src/TestCase.php:50
/var/www/html/tests/TestCase.php:61
/var/www/html/tests/Unit/Transport/Contracts/TransportInterfaceTest.php:26</error>
        </testcase>
        <testcase name="test_setting_multiple_handlers" file="/var/www/html/tests/Unit/Transport/Contracts/TransportInterfaceTest.php" line="387" class="JTD\LaravelMCP\Tests\Unit\Transport\Contracts\TransportInterfaceTest" classname="JTD.LaravelMCP.Tests.Unit.Transport.Contracts.TransportInterfaceTest" assertions="0" time="0.000000">
          <error type="Exception">JTD\LaravelMCP\Tests\Unit\Transport\Contracts\TransportInterfaceTest::test_setting_multiple_handlers
Exception: The /var/www/html/vendor/orchestra/testbench-core/laravel/bootstrap/cache directory must be present and writable.

/var/www/html/vendor/laravel/framework/src/Illuminate/Foundation/PackageManifest.php:179
/var/www/html/vendor/orchestra/testbench-core/src/Foundation/PackageManifest.php:157
/var/www/html/vendor/laravel/framework/src/Illuminate/Foundation/PackageManifest.php:132
/var/www/html/vendor/laravel/framework/src/Illuminate/Foundation/PackageManifest.php:108
/var/www/html/vendor/orchestra/testbench-core/src/Foundation/PackageManifest.php:102
/var/www/html/vendor/laravel/framework/src/Illuminate/Foundation/PackageManifest.php:91
/var/www/html/vendor/laravel/framework/src/Illuminate/Foundation/PackageManifest.php:80
/var/www/html/vendor/laravel/framework/src/Illuminate/Foundation/Bootstrap/RegisterFacades.php:26
/var/www/html/vendor/orchestra/testbench-core/src/Concerns/CreatesApplication.php:556
/var/www/html/vendor/orchestra/testbench-core/src/Concerns/CreatesApplication.php:311
/var/www/html/vendor/orchestra/testbench-core/src/TestCase.php:121
/var/www/html/vendor/orchestra/testbench-core/src/Concerns/ApplicationTestingHooks.php:74
/var/www/html/vendor/orchestra/testbench-core/src/Concerns/Testing.php:43
/var/www/html/vendor/laravel/framework/src/Illuminate/Collections/helpers.php:236
/var/www/html/vendor/orchestra/sidekick/src/functions.php:87
/var/www/html/vendor/laravel/framework/src/Illuminate/Collections/helpers.php:236
/var/www/html/vendor/orchestra/testbench-core/src/Concerns/Testing.php:57
/var/www/html/vendor/orchestra/testbench-core/src/TestCase.php:50
/var/www/html/tests/TestCase.php:61
/var/www/html/tests/Unit/Transport/Contracts/TransportInterfaceTest.php:26</error>
        </testcase>
      </testsuite>
      <testsuite name="JTD\LaravelMCP\Tests\Unit\Transport\HttpTransportTest" file="/var/www/html/tests/Unit/Transport/HttpTransportTest.php" tests="27" assertions="0" errors="27" failures="0" skipped="0" time="0.000000">
        <testcase name="it_initializes_with_default_configuration" file="/var/www/html/tests/Unit/Transport/HttpTransportTest.php" line="39" class="JTD\LaravelMCP\Tests\Unit\Transport\HttpTransportTest" classname="JTD.LaravelMCP.Tests.Unit.Transport.HttpTransportTest" assertions="0" time="0.000000">
          <error type="Exception">JTD\LaravelMCP\Tests\Unit\Transport\HttpTransportTest::it_initializes_with_default_configuration
Exception: The /var/www/html/vendor/orchestra/testbench-core/laravel/bootstrap/cache directory must be present and writable.

/var/www/html/vendor/laravel/framework/src/Illuminate/Foundation/PackageManifest.php:179
/var/www/html/vendor/orchestra/testbench-core/src/Foundation/PackageManifest.php:157
/var/www/html/vendor/laravel/framework/src/Illuminate/Foundation/PackageManifest.php:132
/var/www/html/vendor/laravel/framework/src/Illuminate/Foundation/PackageManifest.php:108
/var/www/html/vendor/orchestra/testbench-core/src/Foundation/PackageManifest.php:102
/var/www/html/vendor/laravel/framework/src/Illuminate/Foundation/PackageManifest.php:91
/var/www/html/vendor/laravel/framework/src/Illuminate/Foundation/PackageManifest.php:80
/var/www/html/vendor/laravel/framework/src/Illuminate/Foundation/Bootstrap/RegisterFacades.php:26
/var/www/html/vendor/orchestra/testbench-core/src/Concerns/CreatesApplication.php:556
/var/www/html/vendor/orchestra/testbench-core/src/Concerns/CreatesApplication.php:311
/var/www/html/vendor/orchestra/testbench-core/src/TestCase.php:121
/var/www/html/vendor/orchestra/testbench-core/src/Concerns/ApplicationTestingHooks.php:74
/var/www/html/vendor/orchestra/testbench-core/src/Concerns/Testing.php:43
/var/www/html/vendor/laravel/framework/src/Illuminate/Collections/helpers.php:236
/var/www/html/vendor/orchestra/sidekick/src/functions.php:87
/var/www/html/vendor/laravel/framework/src/Illuminate/Collections/helpers.php:236
/var/www/html/vendor/orchestra/testbench-core/src/Concerns/Testing.php:57
/var/www/html/vendor/orchestra/testbench-core/src/TestCase.php:50
/var/www/html/tests/TestCase.php:61
/var/www/html/tests/Unit/Transport/HttpTransportTest.php:25</error>
        </testcase>
        <testcase name="it_starts_and_stops_correctly" file="/var/www/html/tests/Unit/Transport/HttpTransportTest.php" line="46" class="JTD\LaravelMCP\Tests\Unit\Transport\HttpTransportTest" classname="JTD.LaravelMCP.Tests.Unit.Transport.HttpTransportTest" assertions="0" time="0.000000">
          <error type="Exception">JTD\LaravelMCP\Tests\Unit\Transport\HttpTransportTest::it_starts_and_stops_correctly
Exception: The /var/www/html/vendor/orchestra/testbench-core/laravel/bootstrap/cache directory must be present and writable.

/var/www/html/vendor/laravel/framework/src/Illuminate/Foundation/PackageManifest.php:179
/var/www/html/vendor/orchestra/testbench-core/src/Foundation/PackageManifest.php:157
/var/www/html/vendor/laravel/framework/src/Illuminate/Foundation/PackageManifest.php:132
/var/www/html/vendor/laravel/framework/src/Illuminate/Foundation/PackageManifest.php:108
/var/www/html/vendor/orchestra/testbench-core/src/Foundation/PackageManifest.php:102
/var/www/html/vendor/laravel/framework/src/Illuminate/Foundation/PackageManifest.php:91
/var/www/html/vendor/laravel/framework/src/Illuminate/Foundation/PackageManifest.php:80
/var/www/html/vendor/laravel/framework/src/Illuminate/Foundation/Bootstrap/RegisterFacades.php:26
/var/www/html/vendor/orchestra/testbench-core/src/Concerns/CreatesApplication.php:556
/var/www/html/vendor/orchestra/testbench-core/src/Concerns/CreatesApplication.php:311
/var/www/html/vendor/orchestra/testbench-core/src/TestCase.php:121
/var/www/html/vendor/orchestra/testbench-core/src/Concerns/ApplicationTestingHooks.php:74
/var/www/html/vendor/orchestra/testbench-core/src/Concerns/Testing.php:43
/var/www/html/vendor/laravel/framework/src/Illuminate/Collections/helpers.php:236
/var/www/html/vendor/orchestra/sidekick/src/functions.php:87
/var/www/html/vendor/laravel/framework/src/Illuminate/Collections/helpers.php:236
/var/www/html/vendor/orchestra/testbench-core/src/Concerns/Testing.php:57
/var/www/html/vendor/orchestra/testbench-core/src/TestCase.php:50
/var/www/html/tests/TestCase.php:61
/var/www/html/tests/Unit/Transport/HttpTransportTest.php:25</error>
        </testcase>
        <testcase name="it_handles_http_request_successfully" file="/var/www/html/tests/Unit/Transport/HttpTransportTest.php" line="59" class="JTD\LaravelMCP\Tests\Unit\Transport\HttpTransportTest" classname="JTD.LaravelMCP.Tests.Unit.Transport.HttpTransportTest" assertions="0" time="0.000000">
          <error type="Exception">JTD\LaravelMCP\Tests\Unit\Transport\HttpTransportTest::it_handles_http_request_successfully
Exception: The /var/www/html/vendor/orchestra/testbench-core/laravel/bootstrap/cache directory must be present and writable.

/var/www/html/vendor/laravel/framework/src/Illuminate/Foundation/PackageManifest.php:179
/var/www/html/vendor/orchestra/testbench-core/src/Foundation/PackageManifest.php:157
/var/www/html/vendor/laravel/framework/src/Illuminate/Foundation/PackageManifest.php:132
/var/www/html/vendor/laravel/framework/src/Illuminate/Foundation/PackageManifest.php:108
/var/www/html/vendor/orchestra/testbench-core/src/Foundation/PackageManifest.php:102
/var/www/html/vendor/laravel/framework/src/Illuminate/Foundation/PackageManifest.php:91
/var/www/html/vendor/laravel/framework/src/Illuminate/Foundation/PackageManifest.php:80
/var/www/html/vendor/laravel/framework/src/Illuminate/Foundation/Bootstrap/RegisterFacades.php:26
/var/www/html/vendor/orchestra/testbench-core/src/Concerns/CreatesApplication.php:556
/var/www/html/vendor/orchestra/testbench-core/src/Concerns/CreatesApplication.php:311
/var/www/html/vendor/orchestra/testbench-core/src/TestCase.php:121
/var/www/html/vendor/orchestra/testbench-core/src/Concerns/ApplicationTestingHooks.php:74
/var/www/html/vendor/orchestra/testbench-core/src/Concerns/Testing.php:43
/var/www/html/vendor/laravel/framework/src/Illuminate/Collections/helpers.php:236
/var/www/html/vendor/orchestra/sidekick/src/functions.php:87
/var/www/html/vendor/laravel/framework/src/Illuminate/Collections/helpers.php:236
/var/www/html/vendor/orchestra/testbench-core/src/Concerns/Testing.php:57
/var/www/html/vendor/orchestra/testbench-core/src/TestCase.php:50
/var/www/html/tests/TestCase.php:61
/var/www/html/tests/Unit/Transport/HttpTransportTest.php:25</error>
        </testcase>
        <testcase name="it_handles_notification_without_response" file="/var/www/html/tests/Unit/Transport/HttpTransportTest.php" line="100" class="JTD\LaravelMCP\Tests\Unit\Transport\HttpTransportTest" classname="JTD.LaravelMCP.Tests.Unit.Transport.HttpTransportTest" assertions="0" time="0.000000">
          <error type="Exception">JTD\LaravelMCP\Tests\Unit\Transport\HttpTransportTest::it_handles_notification_without_response
Exception: The /var/www/html/vendor/orchestra/testbench-core/laravel/bootstrap/cache directory must be present and writable.

/var/www/html/vendor/laravel/framework/src/Illuminate/Foundation/PackageManifest.php:179
/var/www/html/vendor/orchestra/testbench-core/src/Foundation/PackageManifest.php:157
/var/www/html/vendor/laravel/framework/src/Illuminate/Foundation/PackageManifest.php:132
/var/www/html/vendor/laravel/framework/src/Illuminate/Foundation/PackageManifest.php:108
/var/www/html/vendor/orchestra/testbench-core/src/Foundation/PackageManifest.php:102
/var/www/html/vendor/laravel/framework/src/Illuminate/Foundation/PackageManifest.php:91
/var/www/html/vendor/laravel/framework/src/Illuminate/Foundation/PackageManifest.php:80
/var/www/html/vendor/laravel/framework/src/Illuminate/Foundation/Bootstrap/RegisterFacades.php:26
/var/www/html/vendor/orchestra/testbench-core/src/Concerns/CreatesApplication.php:556
/var/www/html/vendor/orchestra/testbench-core/src/Concerns/CreatesApplication.php:311
/var/www/html/vendor/orchestra/testbench-core/src/TestCase.php:121
/var/www/html/vendor/orchestra/testbench-core/src/Concerns/ApplicationTestingHooks.php:74
/var/www/html/vendor/orchestra/testbench-core/src/Concerns/Testing.php:43
/var/www/html/vendor/laravel/framework/src/Illuminate/Collections/helpers.php:236
/var/www/html/vendor/orchestra/sidekick/src/functions.php:87
/var/www/html/vendor/laravel/framework/src/Illuminate/Collections/helpers.php:236
/var/www/html/vendor/orchestra/testbench-core/src/Concerns/Testing.php:57
/var/www/html/vendor/orchestra/testbench-core/src/TestCase.php:50
/var/www/html/tests/TestCase.php:61
/var/www/html/tests/Unit/Transport/HttpTransportTest.php:25</error>
        </testcase>
        <testcase name="it_returns_error_for_invalid_content_type" file="/var/www/html/tests/Unit/Transport/HttpTransportTest.php" line="129" class="JTD\LaravelMCP\Tests\Unit\Transport\HttpTransportTest" classname="JTD.LaravelMCP.Tests.Unit.Transport.HttpTransportTest" assertions="0" time="0.000000">
          <error type="Exception">JTD\LaravelMCP\Tests\Unit\Transport\HttpTransportTest::it_returns_error_for_invalid_content_type
Exception: The /var/www/html/vendor/orchestra/testbench-core/laravel/bootstrap/cache directory must be present and writable.

/var/www/html/vendor/laravel/framework/src/Illuminate/Foundation/PackageManifest.php:179
/var/www/html/vendor/orchestra/testbench-core/src/Foundation/PackageManifest.php:157
/var/www/html/vendor/laravel/framework/src/Illuminate/Foundation/PackageManifest.php:132
/var/www/html/vendor/laravel/framework/src/Illuminate/Foundation/PackageManifest.php:108
/var/www/html/vendor/orchestra/testbench-core/src/Foundation/PackageManifest.php:102
/var/www/html/vendor/laravel/framework/src/Illuminate/Foundation/PackageManifest.php:91
/var/www/html/vendor/laravel/framework/src/Illuminate/Foundation/PackageManifest.php:80
/var/www/html/vendor/laravel/framework/src/Illuminate/Foundation/Bootstrap/RegisterFacades.php:26
/var/www/html/vendor/orchestra/testbench-core/src/Concerns/CreatesApplication.php:556
/var/www/html/vendor/orchestra/testbench-core/src/Concerns/CreatesApplication.php:311
/var/www/html/vendor/orchestra/testbench-core/src/TestCase.php:121
/var/www/html/vendor/orchestra/testbench-core/src/Concerns/ApplicationTestingHooks.php:74
/var/www/html/vendor/orchestra/testbench-core/src/Concerns/Testing.php:43
/var/www/html/vendor/laravel/framework/src/Illuminate/Collections/helpers.php:236
/var/www/html/vendor/orchestra/sidekick/src/functions.php:87
/var/www/html/vendor/laravel/framework/src/Illuminate/Collections/helpers.php:236
/var/www/html/vendor/orchestra/testbench-core/src/Concerns/Testing.php:57
/var/www/html/vendor/orchestra/testbench-core/src/TestCase.php:50
/var/www/html/tests/TestCase.php:61
/var/www/html/tests/Unit/Transport/HttpTransportTest.php:25</error>
        </testcase>
        <testcase name="it_returns_error_for_invalid_json" file="/var/www/html/tests/Unit/Transport/HttpTransportTest.php" line="150" class="JTD\LaravelMCP\Tests\Unit\Transport\HttpTransportTest" classname="JTD.LaravelMCP.Tests.Unit.Transport.HttpTransportTest" assertions="0" time="0.000000">
          <error type="Exception">JTD\LaravelMCP\Tests\Unit\Transport\HttpTransportTest::it_returns_error_for_invalid_json
Exception: The /var/www/html/vendor/orchestra/testbench-core/laravel/bootstrap/cache directory must be present and writable.

/var/www/html/vendor/laravel/framework/src/Illuminate/Foundation/PackageManifest.php:179
/var/www/html/vendor/orchestra/testbench-core/src/Foundation/PackageManifest.php:157
/var/www/html/vendor/laravel/framework/src/Illuminate/Foundation/PackageManifest.php:132
/var/www/html/vendor/laravel/framework/src/Illuminate/Foundation/PackageManifest.php:108
/var/www/html/vendor/orchestra/testbench-core/src/Foundation/PackageManifest.php:102
/var/www/html/vendor/laravel/framework/src/Illuminate/Foundation/PackageManifest.php:91
/var/www/html/vendor/laravel/framework/src/Illuminate/Foundation/PackageManifest.php:80
/var/www/html/vendor/laravel/framework/src/Illuminate/Foundation/Bootstrap/RegisterFacades.php:26
/var/www/html/vendor/orchestra/testbench-core/src/Concerns/CreatesApplication.php:556
/var/www/html/vendor/orchestra/testbench-core/src/Concerns/CreatesApplication.php:311
/var/www/html/vendor/orchestra/testbench-core/src/TestCase.php:121
/var/www/html/vendor/orchestra/testbench-core/src/Concerns/ApplicationTestingHooks.php:74
/var/www/html/vendor/orchestra/testbench-core/src/Concerns/Testing.php:43
/var/www/html/vendor/laravel/framework/src/Illuminate/Collections/helpers.php:236
/var/www/html/vendor/orchestra/sidekick/src/functions.php:87
/var/www/html/vendor/laravel/framework/src/Illuminate/Collections/helpers.php:236
/var/www/html/vendor/orchestra/testbench-core/src/Concerns/Testing.php:57
/var/www/html/vendor/orchestra/testbench-core/src/TestCase.php:50
/var/www/html/tests/TestCase.php:61
/var/www/html/tests/Unit/Transport/HttpTransportTest.php:25</error>
        </testcase>
        <testcase name="it_returns_error_for_empty_request_body" file="/var/www/html/tests/Unit/Transport/HttpTransportTest.php" line="172" class="JTD\LaravelMCP\Tests\Unit\Transport\HttpTransportTest" classname="JTD.LaravelMCP.Tests.Unit.Transport.HttpTransportTest" assertions="0" time="0.000000">
          <error type="Exception">JTD\LaravelMCP\Tests\Unit\Transport\HttpTransportTest::it_returns_error_for_empty_request_body
Exception: The /var/www/html/vendor/orchestra/testbench-core/laravel/bootstrap/cache directory must be present and writable.

/var/www/html/vendor/laravel/framework/src/Illuminate/Foundation/PackageManifest.php:179
/var/www/html/vendor/orchestra/testbench-core/src/Foundation/PackageManifest.php:157
/var/www/html/vendor/laravel/framework/src/Illuminate/Foundation/PackageManifest.php:132
/var/www/html/vendor/laravel/framework/src/Illuminate/Foundation/PackageManifest.php:108
/var/www/html/vendor/orchestra/testbench-core/src/Foundation/PackageManifest.php:102
/var/www/html/vendor/laravel/framework/src/Illuminate/Foundation/PackageManifest.php:91
/var/www/html/vendor/laravel/framework/src/Illuminate/Foundation/PackageManifest.php:80
/var/www/html/vendor/laravel/framework/src/Illuminate/Foundation/Bootstrap/RegisterFacades.php:26
/var/www/html/vendor/orchestra/testbench-core/src/Concerns/CreatesApplication.php:556
/var/www/html/vendor/orchestra/testbench-core/src/Concerns/CreatesApplication.php:311
/var/www/html/vendor/orchestra/testbench-core/src/TestCase.php:121
/var/www/html/vendor/orchestra/testbench-core/src/Concerns/ApplicationTestingHooks.php:74
/var/www/html/vendor/orchestra/testbench-core/src/Concerns/Testing.php:43
/var/www/html/vendor/laravel/framework/src/Illuminate/Collections/helpers.php:236
/var/www/html/vendor/orchestra/sidekick/src/functions.php:87
/var/www/html/vendor/laravel/framework/src/Illuminate/Collections/helpers.php:236
/var/www/html/vendor/orchestra/testbench-core/src/Concerns/Testing.php:57
/var/www/html/vendor/orchestra/testbench-core/src/TestCase.php:50
/var/www/html/tests/TestCase.php:61
/var/www/html/tests/Unit/Transport/HttpTransportTest.php:25</error>
        </testcase>
        <testcase name="it_handles_options_request_for_cors" file="/var/www/html/tests/Unit/Transport/HttpTransportTest.php" line="193" class="JTD\LaravelMCP\Tests\Unit\Transport\HttpTransportTest" classname="JTD.LaravelMCP.Tests.Unit.Transport.HttpTransportTest" assertions="0" time="0.000000">
          <error type="Exception">JTD\LaravelMCP\Tests\Unit\Transport\HttpTransportTest::it_handles_options_request_for_cors
Exception: The /var/www/html/vendor/orchestra/testbench-core/laravel/bootstrap/cache directory must be present and writable.

/var/www/html/vendor/laravel/framework/src/Illuminate/Foundation/PackageManifest.php:179
/var/www/html/vendor/orchestra/testbench-core/src/Foundation/PackageManifest.php:157
/var/www/html/vendor/laravel/framework/src/Illuminate/Foundation/PackageManifest.php:132
/var/www/html/vendor/laravel/framework/src/Illuminate/Foundation/PackageManifest.php:108
/var/www/html/vendor/orchestra/testbench-core/src/Foundation/PackageManifest.php:102
/var/www/html/vendor/laravel/framework/src/Illuminate/Foundation/PackageManifest.php:91
/var/www/html/vendor/laravel/framework/src/Illuminate/Foundation/PackageManifest.php:80
/var/www/html/vendor/laravel/framework/src/Illuminate/Foundation/Bootstrap/RegisterFacades.php:26
/var/www/html/vendor/orchestra/testbench-core/src/Concerns/CreatesApplication.php:556
/var/www/html/vendor/orchestra/testbench-core/src/Concerns/CreatesApplication.php:311
/var/www/html/vendor/orchestra/testbench-core/src/TestCase.php:121
/var/www/html/vendor/orchestra/testbench-core/src/Concerns/ApplicationTestingHooks.php:74
/var/www/html/vendor/orchestra/testbench-core/src/Concerns/Testing.php:43
/var/www/html/vendor/laravel/framework/src/Illuminate/Collections/helpers.php:236
/var/www/html/vendor/orchestra/sidekick/src/functions.php:87
/var/www/html/vendor/laravel/framework/src/Illuminate/Collections/helpers.php:236
/var/www/html/vendor/orchestra/testbench-core/src/Concerns/Testing.php:57
/var/www/html/vendor/orchestra/testbench-core/src/TestCase.php:50
/var/www/html/tests/TestCase.php:61
/var/www/html/tests/Unit/Transport/HttpTransportTest.php:25</error>
        </testcase>
        <testcase name="it_adds_cors_headers_when_enabled" file="/var/www/html/tests/Unit/Transport/HttpTransportTest.php" line="207" class="JTD\LaravelMCP\Tests\Unit\Transport\HttpTransportTest" classname="JTD.LaravelMCP.Tests.Unit.Transport.HttpTransportTest" assertions="0" time="0.000000">
          <error type="Exception">JTD\LaravelMCP\Tests\Unit\Transport\HttpTransportTest::it_adds_cors_headers_when_enabled
Exception: The /var/www/html/vendor/orchestra/testbench-core/laravel/bootstrap/cache directory must be present and writable.

/var/www/html/vendor/laravel/framework/src/Illuminate/Foundation/PackageManifest.php:179
/var/www/html/vendor/orchestra/testbench-core/src/Foundation/PackageManifest.php:157
/var/www/html/vendor/laravel/framework/src/Illuminate/Foundation/PackageManifest.php:132
/var/www/html/vendor/laravel/framework/src/Illuminate/Foundation/PackageManifest.php:108
/var/www/html/vendor/orchestra/testbench-core/src/Foundation/PackageManifest.php:102
/var/www/html/vendor/laravel/framework/src/Illuminate/Foundation/PackageManifest.php:91
/var/www/html/vendor/laravel/framework/src/Illuminate/Foundation/PackageManifest.php:80
/var/www/html/vendor/laravel/framework/src/Illuminate/Foundation/Bootstrap/RegisterFacades.php:26
/var/www/html/vendor/orchestra/testbench-core/src/Concerns/CreatesApplication.php:556
/var/www/html/vendor/orchestra/testbench-core/src/Concerns/CreatesApplication.php:311
/var/www/html/vendor/orchestra/testbench-core/src/TestCase.php:121
/var/www/html/vendor/orchestra/testbench-core/src/Concerns/ApplicationTestingHooks.php:74
/var/www/html/vendor/orchestra/testbench-core/src/Concerns/Testing.php:43
/var/www/html/vendor/laravel/framework/src/Illuminate/Collections/helpers.php:236
/var/www/html/vendor/orchestra/sidekick/src/functions.php:87
/var/www/html/vendor/laravel/framework/src/Illuminate/Collections/helpers.php:236
/var/www/html/vendor/orchestra/testbench-core/src/Concerns/Testing.php:57
/var/www/html/vendor/orchestra/testbench-core/src/TestCase.php:50
/var/www/html/tests/TestCase.php:61
/var/www/html/tests/Unit/Transport/HttpTransportTest.php:25</error>
        </testcase>
        <testcase name="it_does_not_add_cors_headers_when_disabled" file="/var/www/html/tests/Unit/Transport/HttpTransportTest.php" line="229" class="JTD\LaravelMCP\Tests\Unit\Transport\HttpTransportTest" classname="JTD.LaravelMCP.Tests.Unit.Transport.HttpTransportTest" assertions="0" time="0.000000">
          <error type="Exception">JTD\LaravelMCP\Tests\Unit\Transport\HttpTransportTest::it_does_not_add_cors_headers_when_disabled
Exception: The /var/www/html/vendor/orchestra/testbench-core/laravel/bootstrap/cache directory must be present and writable.

/var/www/html/vendor/laravel/framework/src/Illuminate/Foundation/PackageManifest.php:179
/var/www/html/vendor/orchestra/testbench-core/src/Foundation/PackageManifest.php:157
/var/www/html/vendor/laravel/framework/src/Illuminate/Foundation/PackageManifest.php:132
/var/www/html/vendor/laravel/framework/src/Illuminate/Foundation/PackageManifest.php:108
/var/www/html/vendor/orchestra/testbench-core/src/Foundation/PackageManifest.php:102
/var/www/html/vendor/laravel/framework/src/Illuminate/Foundation/PackageManifest.php:91
/var/www/html/vendor/laravel/framework/src/Illuminate/Foundation/PackageManifest.php:80
/var/www/html/vendor/laravel/framework/src/Illuminate/Foundation/Bootstrap/RegisterFacades.php:26
/var/www/html/vendor/orchestra/testbench-core/src/Concerns/CreatesApplication.php:556
/var/www/html/vendor/orchestra/testbench-core/src/Concerns/CreatesApplication.php:311
/var/www/html/vendor/orchestra/testbench-core/src/TestCase.php:121
/var/www/html/vendor/orchestra/testbench-core/src/Concerns/ApplicationTestingHooks.php:74
/var/www/html/vendor/orchestra/testbench-core/src/Concerns/Testing.php:43
/var/www/html/vendor/laravel/framework/src/Illuminate/Collections/helpers.php:236
/var/www/html/vendor/orchestra/sidekick/src/functions.php:87
/var/www/html/vendor/laravel/framework/src/Illuminate/Collections/helpers.php:236
/var/www/html/vendor/orchestra/testbench-core/src/Concerns/Testing.php:57
/var/www/html/vendor/orchestra/testbench-core/src/TestCase.php:50
/var/www/html/tests/TestCase.php:61
/var/www/html/tests/Unit/Transport/HttpTransportTest.php:25</error>
        </testcase>
        <testcase name="it_returns_error_when_transport_is_closed" file="/var/www/html/tests/Unit/Transport/HttpTransportTest.php" line="255" class="JTD\LaravelMCP\Tests\Unit\Transport\HttpTransportTest" classname="JTD.LaravelMCP.Tests.Unit.Transport.HttpTransportTest" assertions="0" time="0.000000">
          <error type="Exception">JTD\LaravelMCP\Tests\Unit\Transport\HttpTransportTest::it_returns_error_when_transport_is_closed
Exception: The /var/www/html/vendor/orchestra/testbench-core/laravel/bootstrap/cache directory must be present and writable.

/var/www/html/vendor/laravel/framework/src/Illuminate/Foundation/PackageManifest.php:179
/var/www/html/vendor/orchestra/testbench-core/src/Foundation/PackageManifest.php:157
/var/www/html/vendor/laravel/framework/src/Illuminate/Foundation/PackageManifest.php:132
/var/www/html/vendor/laravel/framework/src/Illuminate/Foundation/PackageManifest.php:108
/var/www/html/vendor/orchestra/testbench-core/src/Foundation/PackageManifest.php:102
/var/www/html/vendor/laravel/framework/src/Illuminate/Foundation/PackageManifest.php:91
/var/www/html/vendor/laravel/framework/src/Illuminate/Foundation/PackageManifest.php:80
/var/www/html/vendor/laravel/framework/src/Illuminate/Foundation/Bootstrap/RegisterFacades.php:26
/var/www/html/vendor/orchestra/testbench-core/src/Concerns/CreatesApplication.php:556
/var/www/html/vendor/orchestra/testbench-core/src/Concerns/CreatesApplication.php:311
/var/www/html/vendor/orchestra/testbench-core/src/TestCase.php:121
/var/www/html/vendor/orchestra/testbench-core/src/Concerns/ApplicationTestingHooks.php:74
/var/www/html/vendor/orchestra/testbench-core/src/Concerns/Testing.php:43
/var/www/html/vendor/laravel/framework/src/Illuminate/Collections/helpers.php:236
/var/www/html/vendor/orchestra/sidekick/src/functions.php:87
/var/www/html/vendor/laravel/framework/src/Illuminate/Collections/helpers.php:236
/var/www/html/vendor/orchestra/testbench-core/src/Concerns/Testing.php:57
/var/www/html/vendor/orchestra/testbench-core/src/TestCase.php:50
/var/www/html/tests/TestCase.php:61
/var/www/html/tests/Unit/Transport/HttpTransportTest.php:25</error>
        </testcase>
        <testcase name="it_returns_error_when_no_handler_configured" file="/var/www/html/tests/Unit/Transport/HttpTransportTest.php" line="274" class="JTD\LaravelMCP\Tests\Unit\Transport\HttpTransportTest" classname="JTD.LaravelMCP.Tests.Unit.Transport.HttpTransportTest" assertions="0" time="0.000000">
          <error type="Exception">JTD\LaravelMCP\Tests\Unit\Transport\HttpTransportTest::it_returns_error_when_no_handler_configured
Exception: The /var/www/html/vendor/orchestra/testbench-core/laravel/bootstrap/cache directory must be present and writable.

/var/www/html/vendor/laravel/framework/src/Illuminate/Foundation/PackageManifest.php:179
/var/www/html/vendor/orchestra/testbench-core/src/Foundation/PackageManifest.php:157
/var/www/html/vendor/laravel/framework/src/Illuminate/Foundation/PackageManifest.php:132
/var/www/html/vendor/laravel/framework/src/Illuminate/Foundation/PackageManifest.php:108
/var/www/html/vendor/orchestra/testbench-core/src/Foundation/PackageManifest.php:102
/var/www/html/vendor/laravel/framework/src/Illuminate/Foundation/PackageManifest.php:91
/var/www/html/vendor/laravel/framework/src/Illuminate/Foundation/PackageManifest.php:80
/var/www/html/vendor/laravel/framework/src/Illuminate/Foundation/Bootstrap/RegisterFacades.php:26
/var/www/html/vendor/orchestra/testbench-core/src/Concerns/CreatesApplication.php:556
/var/www/html/vendor/orchestra/testbench-core/src/Concerns/CreatesApplication.php:311
/var/www/html/vendor/orchestra/testbench-core/src/TestCase.php:121
/var/www/html/vendor/orchestra/testbench-core/src/Concerns/ApplicationTestingHooks.php:74
/var/www/html/vendor/orchestra/testbench-core/src/Concerns/Testing.php:43
/var/www/html/vendor/laravel/framework/src/Illuminate/Collections/helpers.php:236
/var/www/html/vendor/orchestra/sidekick/src/functions.php:87
/var/www/html/vendor/laravel/framework/src/Illuminate/Collections/helpers.php:236
/var/www/html/vendor/orchestra/testbench-core/src/Concerns/Testing.php:57
/var/www/html/vendor/orchestra/testbench-core/src/TestCase.php:50
/var/www/html/tests/TestCase.php:61
/var/www/html/tests/Unit/Transport/HttpTransportTest.php:25</error>
        </testcase>
        <testcase name="it_handles_handler_exceptions" file="/var/www/html/tests/Unit/Transport/HttpTransportTest.php" line="291" class="JTD\LaravelMCP\Tests\Unit\Transport\HttpTransportTest" classname="JTD.LaravelMCP.Tests.Unit.Transport.HttpTransportTest" assertions="0" time="0.000000">
          <error type="Exception">JTD\LaravelMCP\Tests\Unit\Transport\HttpTransportTest::it_handles_handler_exceptions
Exception: The /var/www/html/vendor/orchestra/testbench-core/laravel/bootstrap/cache directory must be present and writable.

/var/www/html/vendor/laravel/framework/src/Illuminate/Foundation/PackageManifest.php:179
/var/www/html/vendor/orchestra/testbench-core/src/Foundation/PackageManifest.php:157
/var/www/html/vendor/laravel/framework/src/Illuminate/Foundation/PackageManifest.php:132
/var/www/html/vendor/laravel/framework/src/Illuminate/Foundation/PackageManifest.php:108
/var/www/html/vendor/orchestra/testbench-core/src/Foundation/PackageManifest.php:102
/var/www/html/vendor/laravel/framework/src/Illuminate/Foundation/PackageManifest.php:91
/var/www/html/vendor/laravel/framework/src/Illuminate/Foundation/PackageManifest.php:80
/var/www/html/vendor/laravel/framework/src/Illuminate/Foundation/Bootstrap/RegisterFacades.php:26
/var/www/html/vendor/orchestra/testbench-core/src/Concerns/CreatesApplication.php:556
/var/www/html/vendor/orchestra/testbench-core/src/Concerns/CreatesApplication.php:311
/var/www/html/vendor/orchestra/testbench-core/src/TestCase.php:121
/var/www/html/vendor/orchestra/testbench-core/src/Concerns/ApplicationTestingHooks.php:74
/var/www/html/vendor/orchestra/testbench-core/src/Concerns/Testing.php:43
/var/www/html/vendor/laravel/framework/src/Illuminate/Collections/helpers.php:236
/var/www/html/vendor/orchestra/sidekick/src/functions.php:87
/var/www/html/vendor/laravel/framework/src/Illuminate/Collections/helpers.php:236
/var/www/html/vendor/orchestra/testbench-core/src/Concerns/Testing.php:57
/var/www/html/vendor/orchestra/testbench-core/src/TestCase.php:50
/var/www/html/tests/TestCase.php:61
/var/www/html/tests/Unit/Transport/HttpTransportTest.php:25</error>
        </testcase>
        <testcase name="it_generates_correct_base_url" file="/var/www/html/tests/Unit/Transport/HttpTransportTest.php" line="328" class="JTD\LaravelMCP\Tests\Unit\Transport\HttpTransportTest" classname="JTD.LaravelMCP.Tests.Unit.Transport.HttpTransportTest" assertions="0" time="0.000000">
          <error type="Exception">JTD\LaravelMCP\Tests\Unit\Transport\HttpTransportTest::it_generates_correct_base_url
Exception: The /var/www/html/vendor/orchestra/testbench-core/laravel/bootstrap/cache directory must be present and writable.

/var/www/html/vendor/laravel/framework/src/Illuminate/Foundation/PackageManifest.php:179
/var/www/html/vendor/orchestra/testbench-core/src/Foundation/PackageManifest.php:157
/var/www/html/vendor/laravel/framework/src/Illuminate/Foundation/PackageManifest.php:132
/var/www/html/vendor/laravel/framework/src/Illuminate/Foundation/PackageManifest.php:108
/var/www/html/vendor/orchestra/testbench-core/src/Foundation/PackageManifest.php:102
/var/www/html/vendor/laravel/framework/src/Illuminate/Foundation/PackageManifest.php:91
/var/www/html/vendor/laravel/framework/src/Illuminate/Foundation/PackageManifest.php:80
/var/www/html/vendor/laravel/framework/src/Illuminate/Foundation/Bootstrap/RegisterFacades.php:26
/var/www/html/vendor/orchestra/testbench-core/src/Concerns/CreatesApplication.php:556
/var/www/html/vendor/orchestra/testbench-core/src/Concerns/CreatesApplication.php:311
/var/www/html/vendor/orchestra/testbench-core/src/TestCase.php:121
/var/www/html/vendor/orchestra/testbench-core/src/Concerns/ApplicationTestingHooks.php:74
/var/www/html/vendor/orchestra/testbench-core/src/Concerns/Testing.php:43
/var/www/html/vendor/laravel/framework/src/Illuminate/Collections/helpers.php:236
/var/www/html/vendor/orchestra/sidekick/src/functions.php:87
/var/www/html/vendor/laravel/framework/src/Illuminate/Collections/helpers.php:236
/var/www/html/vendor/orchestra/testbench-core/src/Concerns/Testing.php:57
/var/www/html/vendor/orchestra/testbench-core/src/TestCase.php:50
/var/www/html/tests/TestCase.php:61
/var/www/html/tests/Unit/Transport/HttpTransportTest.php:25</error>
        </testcase>
        <testcase name="it_generates_correct_https_base_url" file="/var/www/html/tests/Unit/Transport/HttpTransportTest.php" line="343" class="JTD\LaravelMCP\Tests\Unit\Transport\HttpTransportTest" classname="JTD.LaravelMCP.Tests.Unit.Transport.HttpTransportTest" assertions="0" time="0.000000">
          <error type="Exception">JTD\LaravelMCP\Tests\Unit\Transport\HttpTransportTest::it_generates_correct_https_base_url
Exception: The /var/www/html/vendor/orchestra/testbench-core/laravel/bootstrap/cache directory must be present and writable.

/var/www/html/vendor/laravel/framework/src/Illuminate/Foundation/PackageManifest.php:179
/var/www/html/vendor/orchestra/testbench-core/src/Foundation/PackageManifest.php:157
/var/www/html/vendor/laravel/framework/src/Illuminate/Foundation/PackageManifest.php:132
/var/www/html/vendor/laravel/framework/src/Illuminate/Foundation/PackageManifest.php:108
/var/www/html/vendor/orchestra/testbench-core/src/Foundation/PackageManifest.php:102
/var/www/html/vendor/laravel/framework/src/Illuminate/Foundation/PackageManifest.php:91
/var/www/html/vendor/laravel/framework/src/Illuminate/Foundation/PackageManifest.php:80
/var/www/html/vendor/laravel/framework/src/Illuminate/Foundation/Bootstrap/RegisterFacades.php:26
/var/www/html/vendor/orchestra/testbench-core/src/Concerns/CreatesApplication.php:556
/var/www/html/vendor/orchestra/testbench-core/src/Concerns/CreatesApplication.php:311
/var/www/html/vendor/orchestra/testbench-core/src/TestCase.php:121
/var/www/html/vendor/orchestra/testbench-core/src/Concerns/ApplicationTestingHooks.php:74
/var/www/html/vendor/orchestra/testbench-core/src/Concerns/Testing.php:43
/var/www/html/vendor/laravel/framework/src/Illuminate/Collections/helpers.php:236
/var/www/html/vendor/orchestra/sidekick/src/functions.php:87
/var/www/html/vendor/laravel/framework/src/Illuminate/Collections/helpers.php:236
/var/www/html/vendor/orchestra/testbench-core/src/Concerns/Testing.php:57
/var/www/html/vendor/orchestra/testbench-core/src/TestCase.php:50
/var/www/html/tests/TestCase.php:61
/var/www/html/tests/Unit/Transport/HttpTransportTest.php:25</error>
        </testcase>
        <testcase name="it_omits_default_ports_in_base_url" file="/var/www/html/tests/Unit/Transport/HttpTransportTest.php" line="358" class="JTD\LaravelMCP\Tests\Unit\Transport\HttpTransportTest" classname="JTD.LaravelMCP.Tests.Unit.Transport.HttpTransportTest" assertions="0" time="0.000000">
          <error type="Exception">JTD\LaravelMCP\Tests\Unit\Transport\HttpTransportTest::it_omits_default_ports_in_base_url
Exception: The /var/www/html/vendor/orchestra/testbench-core/laravel/bootstrap/cache directory must be present and writable.

/var/www/html/vendor/laravel/framework/src/Illuminate/Foundation/PackageManifest.php:179
/var/www/html/vendor/orchestra/testbench-core/src/Foundation/PackageManifest.php:157
/var/www/html/vendor/laravel/framework/src/Illuminate/Foundation/PackageManifest.php:132
/var/www/html/vendor/laravel/framework/src/Illuminate/Foundation/PackageManifest.php:108
/var/www/html/vendor/orchestra/testbench-core/src/Foundation/PackageManifest.php:102
/var/www/html/vendor/laravel/framework/src/Illuminate/Foundation/PackageManifest.php:91
/var/www/html/vendor/laravel/framework/src/Illuminate/Foundation/PackageManifest.php:80
/var/www/html/vendor/laravel/framework/src/Illuminate/Foundation/Bootstrap/RegisterFacades.php:26
/var/www/html/vendor/orchestra/testbench-core/src/Concerns/CreatesApplication.php:556
/var/www/html/vendor/orchestra/testbench-core/src/Concerns/CreatesApplication.php:311
/var/www/html/vendor/orchestra/testbench-core/src/TestCase.php:121
/var/www/html/vendor/orchestra/testbench-core/src/Concerns/ApplicationTestingHooks.php:74
/var/www/html/vendor/orchestra/testbench-core/src/Concerns/Testing.php:43
/var/www/html/vendor/laravel/framework/src/Illuminate/Collections/helpers.php:236
/var/www/html/vendor/orchestra/sidekick/src/functions.php:87
/var/www/html/vendor/laravel/framework/src/Illuminate/Collections/helpers.php:236
/var/www/html/vendor/orchestra/testbench-core/src/Concerns/Testing.php:57
/var/www/html/vendor/orchestra/testbench-core/src/TestCase.php:50
/var/www/html/tests/TestCase.php:61
/var/www/html/tests/Unit/Transport/HttpTransportTest.php:25</error>
        </testcase>
        <testcase name="it_performs_health_checks" file="/var/www/html/tests/Unit/Transport/HttpTransportTest.php" line="373" class="JTD\LaravelMCP\Tests\Unit\Transport\HttpTransportTest" classname="JTD.LaravelMCP.Tests.Unit.Transport.HttpTransportTest" assertions="0" time="0.000000">
          <error type="Exception">JTD\LaravelMCP\Tests\Unit\Transport\HttpTransportTest::it_performs_health_checks
Exception: The /var/www/html/vendor/orchestra/testbench-core/laravel/bootstrap/cache directory must be present and writable.

/var/www/html/vendor/laravel/framework/src/Illuminate/Foundation/PackageManifest.php:179
/var/www/html/vendor/orchestra/testbench-core/src/Foundation/PackageManifest.php:157
/var/www/html/vendor/laravel/framework/src/Illuminate/Foundation/PackageManifest.php:132
/var/www/html/vendor/laravel/framework/src/Illuminate/Foundation/PackageManifest.php:108
/var/www/html/vendor/orchestra/testbench-core/src/Foundation/PackageManifest.php:102
/var/www/html/vendor/laravel/framework/src/Illuminate/Foundation/PackageManifest.php:91
/var/www/html/vendor/laravel/framework/src/Illuminate/Foundation/PackageManifest.php:80
/var/www/html/vendor/laravel/framework/src/Illuminate/Foundation/Bootstrap/RegisterFacades.php:26
/var/www/html/vendor/orchestra/testbench-core/src/Concerns/CreatesApplication.php:556
/var/www/html/vendor/orchestra/testbench-core/src/Concerns/CreatesApplication.php:311
/var/www/html/vendor/orchestra/testbench-core/src/TestCase.php:121
/var/www/html/vendor/orchestra/testbench-core/src/Concerns/ApplicationTestingHooks.php:74
/var/www/html/vendor/orchestra/testbench-core/src/Concerns/Testing.php:43
/var/www/html/vendor/laravel/framework/src/Illuminate/Collections/helpers.php:236
/var/www/html/vendor/orchestra/sidekick/src/functions.php:87
/var/www/html/vendor/laravel/framework/src/Illuminate/Collections/helpers.php:236
/var/www/html/vendor/orchestra/testbench-core/src/Concerns/Testing.php:57
/var/www/html/vendor/orchestra/testbench-core/src/TestCase.php:50
/var/www/html/tests/TestCase.php:61
/var/www/html/tests/Unit/Transport/HttpTransportTest.php:25</error>
        </testcase>
        <testcase name="it_performs_health_checks_with_ssl_enabled" file="/var/www/html/tests/Unit/Transport/HttpTransportTest.php" line="387" class="JTD\LaravelMCP\Tests\Unit\Transport\HttpTransportTest" classname="JTD.LaravelMCP.Tests.Unit.Transport.HttpTransportTest" assertions="0" time="0.000000">
          <error type="Exception">JTD\LaravelMCP\Tests\Unit\Transport\HttpTransportTest::it_performs_health_checks_with_ssl_enabled
Exception: The /var/www/html/vendor/orchestra/testbench-core/laravel/bootstrap/cache directory must be present and writable.

/var/www/html/vendor/laravel/framework/src/Illuminate/Foundation/PackageManifest.php:179
/var/www/html/vendor/orchestra/testbench-core/src/Foundation/PackageManifest.php:157
/var/www/html/vendor/laravel/framework/src/Illuminate/Foundation/PackageManifest.php:132
/var/www/html/vendor/laravel/framework/src/Illuminate/Foundation/PackageManifest.php:108
/var/www/html/vendor/orchestra/testbench-core/src/Foundation/PackageManifest.php:102
/var/www/html/vendor/laravel/framework/src/Illuminate/Foundation/PackageManifest.php:91
/var/www/html/vendor/laravel/framework/src/Illuminate/Foundation/PackageManifest.php:80
/var/www/html/vendor/laravel/framework/src/Illuminate/Foundation/Bootstrap/RegisterFacades.php:26
/var/www/html/vendor/orchestra/testbench-core/src/Concerns/CreatesApplication.php:556
/var/www/html/vendor/orchestra/testbench-core/src/Concerns/CreatesApplication.php:311
/var/www/html/vendor/orchestra/testbench-core/src/TestCase.php:121
/var/www/html/vendor/orchestra/testbench-core/src/Concerns/ApplicationTestingHooks.php:74
/var/www/html/vendor/orchestra/testbench-core/src/Concerns/Testing.php:43
/var/www/html/vendor/laravel/framework/src/Illuminate/Collections/helpers.php:236
/var/www/html/vendor/orchestra/sidekick/src/functions.php:87
/var/www/html/vendor/laravel/framework/src/Illuminate/Collections/helpers.php:236
/var/www/html/vendor/orchestra/testbench-core/src/Concerns/Testing.php:57
/var/www/html/vendor/orchestra/testbench-core/src/TestCase.php:50
/var/www/html/tests/TestCase.php:61
/var/www/html/tests/Unit/Transport/HttpTransportTest.php:25</error>
        </testcase>
        <testcase name="it_returns_connection_info" file="/var/www/html/tests/Unit/Transport/HttpTransportTest.php" line="409" class="JTD\LaravelMCP\Tests\Unit\Transport\HttpTransportTest" classname="JTD.LaravelMCP.Tests.Unit.Transport.HttpTransportTest" assertions="0" time="0.000000">
          <error type="Exception">JTD\LaravelMCP\Tests\Unit\Transport\HttpTransportTest::it_returns_connection_info
Exception: The /var/www/html/vendor/orchestra/testbench-core/laravel/bootstrap/cache directory must be present and writable.

/var/www/html/vendor/laravel/framework/src/Illuminate/Foundation/PackageManifest.php:179
/var/www/html/vendor/orchestra/testbench-core/src/Foundation/PackageManifest.php:157
/var/www/html/vendor/laravel/framework/src/Illuminate/Foundation/PackageManifest.php:132
/var/www/html/vendor/laravel/framework/src/Illuminate/Foundation/PackageManifest.php:108
/var/www/html/vendor/orchestra/testbench-core/src/Foundation/PackageManifest.php:102
/var/www/html/vendor/laravel/framework/src/Illuminate/Foundation/PackageManifest.php:91
/var/www/html/vendor/laravel/framework/src/Illuminate/Foundation/PackageManifest.php:80
/var/www/html/vendor/laravel/framework/src/Illuminate/Foundation/Bootstrap/RegisterFacades.php:26
/var/www/html/vendor/orchestra/testbench-core/src/Concerns/CreatesApplication.php:556
/var/www/html/vendor/orchestra/testbench-core/src/Concerns/CreatesApplication.php:311
/var/www/html/vendor/orchestra/testbench-core/src/TestCase.php:121
/var/www/html/vendor/orchestra/testbench-core/src/Concerns/ApplicationTestingHooks.php:74
/var/www/html/vendor/orchestra/testbench-core/src/Concerns/Testing.php:43
/var/www/html/vendor/laravel/framework/src/Illuminate/Collections/helpers.php:236
/var/www/html/vendor/orchestra/sidekick/src/functions.php:87
/var/www/html/vendor/laravel/framework/src/Illuminate/Collections/helpers.php:236
/var/www/html/vendor/orchestra/testbench-core/src/Concerns/Testing.php:57
/var/www/html/vendor/orchestra/testbench-core/src/TestCase.php:50
/var/www/html/tests/TestCase.php:61
/var/www/html/tests/Unit/Transport/HttpTransportTest.php:25</error>
        </testcase>
        <testcase name="it_manages_current_request" file="/var/www/html/tests/Unit/Transport/HttpTransportTest.php" line="423" class="JTD\LaravelMCP\Tests\Unit\Transport\HttpTransportTest" classname="JTD.LaravelMCP.Tests.Unit.Transport.HttpTransportTest" assertions="0" time="0.000000">
          <error type="Exception">JTD\LaravelMCP\Tests\Unit\Transport\HttpTransportTest::it_manages_current_request
Exception: The /var/www/html/vendor/orchestra/testbench-core/laravel/bootstrap/cache directory must be present and writable.

/var/www/html/vendor/laravel/framework/src/Illuminate/Foundation/PackageManifest.php:179
/var/www/html/vendor/orchestra/testbench-core/src/Foundation/PackageManifest.php:157
/var/www/html/vendor/laravel/framework/src/Illuminate/Foundation/PackageManifest.php:132
/var/www/html/vendor/laravel/framework/src/Illuminate/Foundation/PackageManifest.php:108
/var/www/html/vendor/orchestra/testbench-core/src/Foundation/PackageManifest.php:102
/var/www/html/vendor/laravel/framework/src/Illuminate/Foundation/PackageManifest.php:91
/var/www/html/vendor/laravel/framework/src/Illuminate/Foundation/PackageManifest.php:80
/var/www/html/vendor/laravel/framework/src/Illuminate/Foundation/Bootstrap/RegisterFacades.php:26
/var/www/html/vendor/orchestra/testbench-core/src/Concerns/CreatesApplication.php:556
/var/www/html/vendor/orchestra/testbench-core/src/Concerns/CreatesApplication.php:311
/var/www/html/vendor/orchestra/testbench-core/src/TestCase.php:121
/var/www/html/vendor/orchestra/testbench-core/src/Concerns/ApplicationTestingHooks.php:74
/var/www/html/vendor/orchestra/testbench-core/src/Concerns/Testing.php:43
/var/www/html/vendor/laravel/framework/src/Illuminate/Collections/helpers.php:236
/var/www/html/vendor/orchestra/sidekick/src/functions.php:87
/var/www/html/vendor/laravel/framework/src/Illuminate/Collections/helpers.php:236
/var/www/html/vendor/orchestra/testbench-core/src/Concerns/Testing.php:57
/var/www/html/vendor/orchestra/testbench-core/src/TestCase.php:50
/var/www/html/tests/TestCase.php:61
/var/www/html/tests/Unit/Transport/HttpTransportTest.php:25</error>
        </testcase>
        <testcase name="it_manages_current_response_data" file="/var/www/html/tests/Unit/Transport/HttpTransportTest.php" line="434" class="JTD\LaravelMCP\Tests\Unit\Transport\HttpTransportTest" classname="JTD.LaravelMCP.Tests.Unit.Transport.HttpTransportTest" assertions="0" time="0.000000">
          <error type="Exception">JTD\LaravelMCP\Tests\Unit\Transport\HttpTransportTest::it_manages_current_response_data
Exception: The /var/www/html/vendor/orchestra/testbench-core/laravel/bootstrap/cache directory must be present and writable.

/var/www/html/vendor/laravel/framework/src/Illuminate/Foundation/PackageManifest.php:179
/var/www/html/vendor/orchestra/testbench-core/src/Foundation/PackageManifest.php:157
/var/www/html/vendor/laravel/framework/src/Illuminate/Foundation/PackageManifest.php:132
/var/www/html/vendor/laravel/framework/src/Illuminate/Foundation/PackageManifest.php:108
/var/www/html/vendor/orchestra/testbench-core/src/Foundation/PackageManifest.php:102
/var/www/html/vendor/laravel/framework/src/Illuminate/Foundation/PackageManifest.php:91
/var/www/html/vendor/laravel/framework/src/Illuminate/Foundation/PackageManifest.php:80
/var/www/html/vendor/laravel/framework/src/Illuminate/Foundation/Bootstrap/RegisterFacades.php:26
/var/www/html/vendor/orchestra/testbench-core/src/Concerns/CreatesApplication.php:556
/var/www/html/vendor/orchestra/testbench-core/src/Concerns/CreatesApplication.php:311
/var/www/html/vendor/orchestra/testbench-core/src/TestCase.php:121
/var/www/html/vendor/orchestra/testbench-core/src/Concerns/ApplicationTestingHooks.php:74
/var/www/html/vendor/orchestra/testbench-core/src/Concerns/Testing.php:43
/var/www/html/vendor/laravel/framework/src/Illuminate/Collections/helpers.php:236
/var/www/html/vendor/orchestra/sidekick/src/functions.php:87
/var/www/html/vendor/laravel/framework/src/Illuminate/Collections/helpers.php:236
/var/www/html/vendor/orchestra/testbench-core/src/Concerns/Testing.php:57
/var/www/html/vendor/orchestra/testbench-core/src/TestCase.php:50
/var/www/html/tests/TestCase.php:61
/var/www/html/tests/Unit/Transport/HttpTransportTest.php:25</error>
        </testcase>
        <testcase name="it_validates_json_content_in_receive" file="/var/www/html/tests/Unit/Transport/HttpTransportTest.php" line="447" class="JTD\LaravelMCP\Tests\Unit\Transport\HttpTransportTest" classname="JTD.LaravelMCP.Tests.Unit.Transport.HttpTransportTest" assertions="0" time="0.000000">
          <error type="Exception">JTD\LaravelMCP\Tests\Unit\Transport\HttpTransportTest::it_validates_json_content_in_receive
Exception: The /var/www/html/vendor/orchestra/testbench-core/laravel/bootstrap/cache directory must be present and writable.

/var/www/html/vendor/laravel/framework/src/Illuminate/Foundation/PackageManifest.php:179
/var/www/html/vendor/orchestra/testbench-core/src/Foundation/PackageManifest.php:157
/var/www/html/vendor/laravel/framework/src/Illuminate/Foundation/PackageManifest.php:132
/var/www/html/vendor/laravel/framework/src/Illuminate/Foundation/PackageManifest.php:108
/var/www/html/vendor/orchestra/testbench-core/src/Foundation/PackageManifest.php:102
/var/www/html/vendor/laravel/framework/src/Illuminate/Foundation/PackageManifest.php:91
/var/www/html/vendor/laravel/framework/src/Illuminate/Foundation/PackageManifest.php:80
/var/www/html/vendor/laravel/framework/src/Illuminate/Foundation/Bootstrap/RegisterFacades.php:26
/var/www/html/vendor/orchestra/testbench-core/src/Concerns/CreatesApplication.php:556
/var/www/html/vendor/orchestra/testbench-core/src/Concerns/CreatesApplication.php:311
/var/www/html/vendor/orchestra/testbench-core/src/TestCase.php:121
/var/www/html/vendor/orchestra/testbench-core/src/Concerns/ApplicationTestingHooks.php:74
/var/www/html/vendor/orchestra/testbench-core/src/Concerns/Testing.php:43
/var/www/html/vendor/laravel/framework/src/Illuminate/Collections/helpers.php:236
/var/www/html/vendor/orchestra/sidekick/src/functions.php:87
/var/www/html/vendor/laravel/framework/src/Illuminate/Collections/helpers.php:236
/var/www/html/vendor/orchestra/testbench-core/src/Concerns/Testing.php:57
/var/www/html/vendor/orchestra/testbench-core/src/TestCase.php:50
/var/www/html/tests/TestCase.php:61
/var/www/html/tests/Unit/Transport/HttpTransportTest.php:25</error>
        </testcase>
        <testcase name="it_logs_debug_information_when_enabled" file="/var/www/html/tests/Unit/Transport/HttpTransportTest.php" line="467" class="JTD\LaravelMCP\Tests\Unit\Transport\HttpTransportTest" classname="JTD.LaravelMCP.Tests.Unit.Transport.HttpTransportTest" assertions="0" time="0.000000">
          <error type="Exception">JTD\LaravelMCP\Tests\Unit\Transport\HttpTransportTest::it_logs_debug_information_when_enabled
Exception: The /var/www/html/vendor/orchestra/testbench-core/laravel/bootstrap/cache directory must be present and writable.

/var/www/html/vendor/laravel/framework/src/Illuminate/Foundation/PackageManifest.php:179
/var/www/html/vendor/orchestra/testbench-core/src/Foundation/PackageManifest.php:157
/var/www/html/vendor/laravel/framework/src/Illuminate/Foundation/PackageManifest.php:132
/var/www/html/vendor/laravel/framework/src/Illuminate/Foundation/PackageManifest.php:108
/var/www/html/vendor/orchestra/testbench-core/src/Foundation/PackageManifest.php:102
/var/www/html/vendor/laravel/framework/src/Illuminate/Foundation/PackageManifest.php:91
/var/www/html/vendor/laravel/framework/src/Illuminate/Foundation/PackageManifest.php:80
/var/www/html/vendor/laravel/framework/src/Illuminate/Foundation/Bootstrap/RegisterFacades.php:26
/var/www/html/vendor/orchestra/testbench-core/src/Concerns/CreatesApplication.php:556
/var/www/html/vendor/orchestra/testbench-core/src/Concerns/CreatesApplication.php:311
/var/www/html/vendor/orchestra/testbench-core/src/TestCase.php:121
/var/www/html/vendor/orchestra/testbench-core/src/Concerns/ApplicationTestingHooks.php:74
/var/www/html/vendor/orchestra/testbench-core/src/Concerns/Testing.php:43
/var/www/html/vendor/laravel/framework/src/Illuminate/Collections/helpers.php:236
/var/www/html/vendor/orchestra/sidekick/src/functions.php:87
/var/www/html/vendor/laravel/framework/src/Illuminate/Collections/helpers.php:236
/var/www/html/vendor/orchestra/testbench-core/src/Concerns/Testing.php:57
/var/www/html/vendor/orchestra/testbench-core/src/TestCase.php:50
/var/www/html/tests/TestCase.php:61
/var/www/html/tests/Unit/Transport/HttpTransportTest.php:25</error>
        </testcase>
        <testcase name="it_logs_errors_during_receive" file="/var/www/html/tests/Unit/Transport/HttpTransportTest.php" line="499" class="JTD\LaravelMCP\Tests\Unit\Transport\HttpTransportTest" classname="JTD.LaravelMCP.Tests.Unit.Transport.HttpTransportTest" assertions="0" time="0.000000">
          <error type="Exception">JTD\LaravelMCP\Tests\Unit\Transport\HttpTransportTest::it_logs_errors_during_receive
Exception: The /var/www/html/vendor/orchestra/testbench-core/laravel/bootstrap/cache directory must be present and writable.

/var/www/html/vendor/laravel/framework/src/Illuminate/Foundation/PackageManifest.php:179
/var/www/html/vendor/orchestra/testbench-core/src/Foundation/PackageManifest.php:157
/var/www/html/vendor/laravel/framework/src/Illuminate/Foundation/PackageManifest.php:132
/var/www/html/vendor/laravel/framework/src/Illuminate/Foundation/PackageManifest.php:108
/var/www/html/vendor/orchestra/testbench-core/src/Foundation/PackageManifest.php:102
/var/www/html/vendor/laravel/framework/src/Illuminate/Foundation/PackageManifest.php:91
/var/www/html/vendor/laravel/framework/src/Illuminate/Foundation/PackageManifest.php:80
/var/www/html/vendor/laravel/framework/src/Illuminate/Foundation/Bootstrap/RegisterFacades.php:26
/var/www/html/vendor/orchestra/testbench-core/src/Concerns/CreatesApplication.php:556
/var/www/html/vendor/orchestra/testbench-core/src/Concerns/CreatesApplication.php:311
/var/www/html/vendor/orchestra/testbench-core/src/TestCase.php:121
/var/www/html/vendor/orchestra/testbench-core/src/Concerns/ApplicationTestingHooks.php:74
/var/www/html/vendor/orchestra/testbench-core/src/Concerns/Testing.php:43
/var/www/html/vendor/laravel/framework/src/Illuminate/Collections/helpers.php:236
/var/www/html/vendor/orchestra/sidekick/src/functions.php:87
/var/www/html/vendor/laravel/framework/src/Illuminate/Collections/helpers.php:236
/var/www/html/vendor/orchestra/testbench-core/src/Concerns/Testing.php:57
/var/www/html/vendor/orchestra/testbench-core/src/TestCase.php:50
/var/www/html/tests/TestCase.php:61
/var/www/html/tests/Unit/Transport/HttpTransportTest.php:25</error>
        </testcase>
        <testcase name="it_logs_errors_during_request_handling" file="/var/www/html/tests/Unit/Transport/HttpTransportTest.php" line="522" class="JTD\LaravelMCP\Tests\Unit\Transport\HttpTransportTest" classname="JTD.LaravelMCP.Tests.Unit.Transport.HttpTransportTest" assertions="0" time="0.000000">
          <error type="Exception">JTD\LaravelMCP\Tests\Unit\Transport\HttpTransportTest::it_logs_errors_during_request_handling
Exception: The /var/www/html/vendor/orchestra/testbench-core/laravel/bootstrap/cache directory must be present and writable.

/var/www/html/vendor/laravel/framework/src/Illuminate/Foundation/PackageManifest.php:179
/var/www/html/vendor/orchestra/testbench-core/src/Foundation/PackageManifest.php:157
/var/www/html/vendor/laravel/framework/src/Illuminate/Foundation/PackageManifest.php:132
/var/www/html/vendor/laravel/framework/src/Illuminate/Foundation/PackageManifest.php:108
/var/www/html/vendor/orchestra/testbench-core/src/Foundation/PackageManifest.php:102
/var/www/html/vendor/laravel/framework/src/Illuminate/Foundation/PackageManifest.php:91
/var/www/html/vendor/laravel/framework/src/Illuminate/Foundation/PackageManifest.php:80
/var/www/html/vendor/laravel/framework/src/Illuminate/Foundation/Bootstrap/RegisterFacades.php:26
/var/www/html/vendor/orchestra/testbench-core/src/Concerns/CreatesApplication.php:556
/var/www/html/vendor/orchestra/testbench-core/src/Concerns/CreatesApplication.php:311
/var/www/html/vendor/orchestra/testbench-core/src/TestCase.php:121
/var/www/html/vendor/orchestra/testbench-core/src/Concerns/ApplicationTestingHooks.php:74
/var/www/html/vendor/orchestra/testbench-core/src/Concerns/Testing.php:43
/var/www/html/vendor/laravel/framework/src/Illuminate/Collections/helpers.php:236
/var/www/html/vendor/orchestra/sidekick/src/functions.php:87
/var/www/html/vendor/laravel/framework/src/Illuminate/Collections/helpers.php:236
/var/www/html/vendor/orchestra/testbench-core/src/Concerns/Testing.php:57
/var/www/html/vendor/orchestra/testbench-core/src/TestCase.php:50
/var/www/html/tests/TestCase.php:61
/var/www/html/tests/Unit/Transport/HttpTransportTest.php:25</error>
        </testcase>
        <testcase name="it_encodes_response_with_proper_json_flags" file="/var/www/html/tests/Unit/Transport/HttpTransportTest.php" line="547" class="JTD\LaravelMCP\Tests\Unit\Transport\HttpTransportTest" classname="JTD.LaravelMCP.Tests.Unit.Transport.HttpTransportTest" assertions="0" time="0.000000">
          <error type="Exception">JTD\LaravelMCP\Tests\Unit\Transport\HttpTransportTest::it_encodes_response_with_proper_json_flags
Exception: The /var/www/html/vendor/orchestra/testbench-core/laravel/bootstrap/cache directory must be present and writable.

/var/www/html/vendor/laravel/framework/src/Illuminate/Foundation/PackageManifest.php:179
/var/www/html/vendor/orchestra/testbench-core/src/Foundation/PackageManifest.php:157
/var/www/html/vendor/laravel/framework/src/Illuminate/Foundation/PackageManifest.php:132
/var/www/html/vendor/laravel/framework/src/Illuminate/Foundation/PackageManifest.php:108
/var/www/html/vendor/orchestra/testbench-core/src/Foundation/PackageManifest.php:102
/var/www/html/vendor/laravel/framework/src/Illuminate/Foundation/PackageManifest.php:91
/var/www/html/vendor/laravel/framework/src/Illuminate/Foundation/PackageManifest.php:80
/var/www/html/vendor/laravel/framework/src/Illuminate/Foundation/Bootstrap/RegisterFacades.php:26
/var/www/html/vendor/orchestra/testbench-core/src/Concerns/CreatesApplication.php:556
/var/www/html/vendor/orchestra/testbench-core/src/Concerns/CreatesApplication.php:311
/var/www/html/vendor/orchestra/testbench-core/src/TestCase.php:121
/var/www/html/vendor/orchestra/testbench-core/src/Concerns/ApplicationTestingHooks.php:74
/var/www/html/vendor/orchestra/testbench-core/src/Concerns/Testing.php:43
/var/www/html/vendor/laravel/framework/src/Illuminate/Collections/helpers.php:236
/var/www/html/vendor/orchestra/sidekick/src/functions.php:87
/var/www/html/vendor/laravel/framework/src/Illuminate/Collections/helpers.php:236
/var/www/html/vendor/orchestra/testbench-core/src/Concerns/Testing.php:57
/var/www/html/vendor/orchestra/testbench-core/src/TestCase.php:50
/var/www/html/tests/TestCase.php:61
/var/www/html/tests/Unit/Transport/HttpTransportTest.php:25</error>
        </testcase>
        <testcase name="it_handles_json_encoding_errors" file="/var/www/html/tests/Unit/Transport/HttpTransportTest.php" line="586" class="JTD\LaravelMCP\Tests\Unit\Transport\HttpTransportTest" classname="JTD.LaravelMCP.Tests.Unit.Transport.HttpTransportTest" assertions="0" time="0.000000">
          <error type="Exception">JTD\LaravelMCP\Tests\Unit\Transport\HttpTransportTest::it_handles_json_encoding_errors
Exception: The /var/www/html/vendor/orchestra/testbench-core/laravel/bootstrap/cache directory must be present and writable.

/var/www/html/vendor/laravel/framework/src/Illuminate/Foundation/PackageManifest.php:179
/var/www/html/vendor/orchestra/testbench-core/src/Foundation/PackageManifest.php:157
/var/www/html/vendor/laravel/framework/src/Illuminate/Foundation/PackageManifest.php:132
/var/www/html/vendor/laravel/framework/src/Illuminate/Foundation/PackageManifest.php:108
/var/www/html/vendor/orchestra/testbench-core/src/Foundation/PackageManifest.php:102
/var/www/html/vendor/laravel/framework/src/Illuminate/Foundation/PackageManifest.php:91
/var/www/html/vendor/laravel/framework/src/Illuminate/Foundation/PackageManifest.php:80
/var/www/html/vendor/laravel/framework/src/Illuminate/Foundation/Bootstrap/RegisterFacades.php:26
/var/www/html/vendor/orchestra/testbench-core/src/Concerns/CreatesApplication.php:556
/var/www/html/vendor/orchestra/testbench-core/src/Concerns/CreatesApplication.php:311
/var/www/html/vendor/orchestra/testbench-core/src/TestCase.php:121
/var/www/html/vendor/orchestra/testbench-core/src/Concerns/ApplicationTestingHooks.php:74
/var/www/html/vendor/orchestra/testbench-core/src/Concerns/Testing.php:43
/var/www/html/vendor/laravel/framework/src/Illuminate/Collections/helpers.php:236
/var/www/html/vendor/orchestra/sidekick/src/functions.php:87
/var/www/html/vendor/laravel/framework/src/Illuminate/Collections/helpers.php:236
/var/www/html/vendor/orchestra/testbench-core/src/Concerns/Testing.php:57
/var/www/html/vendor/orchestra/testbench-core/src/TestCase.php:50
/var/www/html/tests/TestCase.php:61
/var/www/html/tests/Unit/Transport/HttpTransportTest.php:25</error>
        </testcase>
      </testsuite>
      <testsuite name="JTD\LaravelMCP\Tests\Unit\Transport\MessageFramerTest" file="/var/www/html/tests/Unit/Transport/MessageFramerTest.php" tests="33" assertions="0" errors="33" failures="0" skipped="0" time="0.000000">
        <testcase name="it_frames_json_rpc_request" file="/var/www/html/tests/Unit/Transport/MessageFramerTest.php" line="49" class="JTD\LaravelMCP\Tests\Unit\Transport\MessageFramerTest" classname="JTD.LaravelMCP.Tests.Unit.Transport.MessageFramerTest" assertions="0" time="0.000000">
          <error type="Exception">JTD\LaravelMCP\Tests\Unit\Transport\MessageFramerTest::it_frames_json_rpc_request
Exception: The /var/www/html/vendor/orchestra/testbench-core/laravel/bootstrap/cache directory must be present and writable.

/var/www/html/vendor/laravel/framework/src/Illuminate/Foundation/PackageManifest.php:179
/var/www/html/vendor/orchestra/testbench-core/src/Foundation/PackageManifest.php:157
/var/www/html/vendor/laravel/framework/src/Illuminate/Foundation/PackageManifest.php:132
/var/www/html/vendor/laravel/framework/src/Illuminate/Foundation/PackageManifest.php:108
/var/www/html/vendor/orchestra/testbench-core/src/Foundation/PackageManifest.php:102
/var/www/html/vendor/laravel/framework/src/Illuminate/Foundation/PackageManifest.php:91
/var/www/html/vendor/laravel/framework/src/Illuminate/Foundation/PackageManifest.php:80
/var/www/html/vendor/laravel/framework/src/Illuminate/Foundation/Bootstrap/RegisterFacades.php:26
/var/www/html/vendor/orchestra/testbench-core/src/Concerns/CreatesApplication.php:556
/var/www/html/vendor/orchestra/testbench-core/src/Concerns/CreatesApplication.php:311
/var/www/html/vendor/orchestra/testbench-core/src/TestCase.php:121
/var/www/html/vendor/orchestra/testbench-core/src/Concerns/ApplicationTestingHooks.php:74
/var/www/html/vendor/orchestra/testbench-core/src/Concerns/Testing.php:43
/var/www/html/vendor/laravel/framework/src/Illuminate/Collections/helpers.php:236
/var/www/html/vendor/orchestra/sidekick/src/functions.php:87
/var/www/html/vendor/laravel/framework/src/Illuminate/Collections/helpers.php:236
/var/www/html/vendor/orchestra/testbench-core/src/Concerns/Testing.php:57
/var/www/html/vendor/orchestra/testbench-core/src/TestCase.php:50
/var/www/html/tests/TestCase.php:61
/var/www/html/tests/Unit/Transport/MessageFramerTest.php:44</error>
        </testcase>
        <testcase name="it_frames_json_rpc_response" file="/var/www/html/tests/Unit/Transport/MessageFramerTest.php" line="66" class="JTD\LaravelMCP\Tests\Unit\Transport\MessageFramerTest" classname="JTD.LaravelMCP.Tests.Unit.Transport.MessageFramerTest" assertions="0" time="0.000000">
          <error type="Exception">JTD\LaravelMCP\Tests\Unit\Transport\MessageFramerTest::it_frames_json_rpc_response
Exception: The /var/www/html/vendor/orchestra/testbench-core/laravel/bootstrap/cache directory must be present and writable.

/var/www/html/vendor/laravel/framework/src/Illuminate/Foundation/PackageManifest.php:179
/var/www/html/vendor/orchestra/testbench-core/src/Foundation/PackageManifest.php:157
/var/www/html/vendor/laravel/framework/src/Illuminate/Foundation/PackageManifest.php:132
/var/www/html/vendor/laravel/framework/src/Illuminate/Foundation/PackageManifest.php:108
/var/www/html/vendor/orchestra/testbench-core/src/Foundation/PackageManifest.php:102
/var/www/html/vendor/laravel/framework/src/Illuminate/Foundation/PackageManifest.php:91
/var/www/html/vendor/laravel/framework/src/Illuminate/Foundation/PackageManifest.php:80
/var/www/html/vendor/laravel/framework/src/Illuminate/Foundation/Bootstrap/RegisterFacades.php:26
/var/www/html/vendor/orchestra/testbench-core/src/Concerns/CreatesApplication.php:556
/var/www/html/vendor/orchestra/testbench-core/src/Concerns/CreatesApplication.php:311
/var/www/html/vendor/orchestra/testbench-core/src/TestCase.php:121
/var/www/html/vendor/orchestra/testbench-core/src/Concerns/ApplicationTestingHooks.php:74
/var/www/html/vendor/orchestra/testbench-core/src/Concerns/Testing.php:43
/var/www/html/vendor/laravel/framework/src/Illuminate/Collections/helpers.php:236
/var/www/html/vendor/orchestra/sidekick/src/functions.php:87
/var/www/html/vendor/laravel/framework/src/Illuminate/Collections/helpers.php:236
/var/www/html/vendor/orchestra/testbench-core/src/Concerns/Testing.php:57
/var/www/html/vendor/orchestra/testbench-core/src/TestCase.php:50
/var/www/html/tests/TestCase.php:61
/var/www/html/tests/Unit/Transport/MessageFramerTest.php:44</error>
        </testcase>
        <testcase name="it_frames_json_rpc_error_response" file="/var/www/html/tests/Unit/Transport/MessageFramerTest.php" line="81" class="JTD\LaravelMCP\Tests\Unit\Transport\MessageFramerTest" classname="JTD.LaravelMCP.Tests.Unit.Transport.MessageFramerTest" assertions="0" time="0.000000">
          <error type="Exception">JTD\LaravelMCP\Tests\Unit\Transport\MessageFramerTest::it_frames_json_rpc_error_response
Exception: The /var/www/html/vendor/orchestra/testbench-core/laravel/bootstrap/cache directory must be present and writable.

/var/www/html/vendor/laravel/framework/src/Illuminate/Foundation/PackageManifest.php:179
/var/www/html/vendor/orchestra/testbench-core/src/Foundation/PackageManifest.php:157
/var/www/html/vendor/laravel/framework/src/Illuminate/Foundation/PackageManifest.php:132
/var/www/html/vendor/laravel/framework/src/Illuminate/Foundation/PackageManifest.php:108
/var/www/html/vendor/orchestra/testbench-core/src/Foundation/PackageManifest.php:102
/var/www/html/vendor/laravel/framework/src/Illuminate/Foundation/PackageManifest.php:91
/var/www/html/vendor/laravel/framework/src/Illuminate/Foundation/PackageManifest.php:80
/var/www/html/vendor/laravel/framework/src/Illuminate/Foundation/Bootstrap/RegisterFacades.php:26
/var/www/html/vendor/orchestra/testbench-core/src/Concerns/CreatesApplication.php:556
/var/www/html/vendor/orchestra/testbench-core/src/Concerns/CreatesApplication.php:311
/var/www/html/vendor/orchestra/testbench-core/src/TestCase.php:121
/var/www/html/vendor/orchestra/testbench-core/src/Concerns/ApplicationTestingHooks.php:74
/var/www/html/vendor/orchestra/testbench-core/src/Concerns/Testing.php:43
/var/www/html/vendor/laravel/framework/src/Illuminate/Collections/helpers.php:236
/var/www/html/vendor/orchestra/sidekick/src/functions.php:87
/var/www/html/vendor/laravel/framework/src/Illuminate/Collections/helpers.php:236
/var/www/html/vendor/orchestra/testbench-core/src/Concerns/Testing.php:57
/var/www/html/vendor/orchestra/testbench-core/src/TestCase.php:50
/var/www/html/tests/TestCase.php:61
/var/www/html/tests/Unit/Transport/MessageFramerTest.php:44</error>
        </testcase>
        <testcase name="it_frames_with_content_length_header" file="/var/www/html/tests/Unit/Transport/MessageFramerTest.php" line="100" class="JTD\LaravelMCP\Tests\Unit\Transport\MessageFramerTest" classname="JTD.LaravelMCP.Tests.Unit.Transport.MessageFramerTest" assertions="0" time="0.000000">
          <error type="Exception">JTD\LaravelMCP\Tests\Unit\Transport\MessageFramerTest::it_frames_with_content_length_header
Exception: The /var/www/html/vendor/orchestra/testbench-core/laravel/bootstrap/cache directory must be present and writable.

/var/www/html/vendor/laravel/framework/src/Illuminate/Foundation/PackageManifest.php:179
/var/www/html/vendor/orchestra/testbench-core/src/Foundation/PackageManifest.php:157
/var/www/html/vendor/laravel/framework/src/Illuminate/Foundation/PackageManifest.php:132
/var/www/html/vendor/laravel/framework/src/Illuminate/Foundation/PackageManifest.php:108
/var/www/html/vendor/orchestra/testbench-core/src/Foundation/PackageManifest.php:102
/var/www/html/vendor/laravel/framework/src/Illuminate/Foundation/PackageManifest.php:91
/var/www/html/vendor/laravel/framework/src/Illuminate/Foundation/PackageManifest.php:80
/var/www/html/vendor/laravel/framework/src/Illuminate/Foundation/Bootstrap/RegisterFacades.php:26
/var/www/html/vendor/orchestra/testbench-core/src/Concerns/CreatesApplication.php:556
/var/www/html/vendor/orchestra/testbench-core/src/Concerns/CreatesApplication.php:311
/var/www/html/vendor/orchestra/testbench-core/src/TestCase.php:121
/var/www/html/vendor/orchestra/testbench-core/src/Concerns/ApplicationTestingHooks.php:74
/var/www/html/vendor/orchestra/testbench-core/src/Concerns/Testing.php:43
/var/www/html/vendor/laravel/framework/src/Illuminate/Collections/helpers.php:236
/var/www/html/vendor/orchestra/sidekick/src/functions.php:87
/var/www/html/vendor/laravel/framework/src/Illuminate/Collections/helpers.php:236
/var/www/html/vendor/orchestra/testbench-core/src/Concerns/Testing.php:57
/var/www/html/vendor/orchestra/testbench-core/src/TestCase.php:50
/var/www/html/tests/TestCase.php:61
/var/www/html/tests/Unit/Transport/MessageFramerTest.php:44</error>
        </testcase>
        <testcase name="it_parses_line_delimited_messages" file="/var/www/html/tests/Unit/Transport/MessageFramerTest.php" line="117" class="JTD\LaravelMCP\Tests\Unit\Transport\MessageFramerTest" classname="JTD.LaravelMCP.Tests.Unit.Transport.MessageFramerTest" assertions="0" time="0.000000">
          <error type="Exception">JTD\LaravelMCP\Tests\Unit\Transport\MessageFramerTest::it_parses_line_delimited_messages
Exception: The /var/www/html/vendor/orchestra/testbench-core/laravel/bootstrap/cache directory must be present and writable.

/var/www/html/vendor/laravel/framework/src/Illuminate/Foundation/PackageManifest.php:179
/var/www/html/vendor/orchestra/testbench-core/src/Foundation/PackageManifest.php:157
/var/www/html/vendor/laravel/framework/src/Illuminate/Foundation/PackageManifest.php:132
/var/www/html/vendor/laravel/framework/src/Illuminate/Foundation/PackageManifest.php:108
/var/www/html/vendor/orchestra/testbench-core/src/Foundation/PackageManifest.php:102
/var/www/html/vendor/laravel/framework/src/Illuminate/Foundation/PackageManifest.php:91
/var/www/html/vendor/laravel/framework/src/Illuminate/Foundation/PackageManifest.php:80
/var/www/html/vendor/laravel/framework/src/Illuminate/Foundation/Bootstrap/RegisterFacades.php:26
/var/www/html/vendor/orchestra/testbench-core/src/Concerns/CreatesApplication.php:556
/var/www/html/vendor/orchestra/testbench-core/src/Concerns/CreatesApplication.php:311
/var/www/html/vendor/orchestra/testbench-core/src/TestCase.php:121
/var/www/html/vendor/orchestra/testbench-core/src/Concerns/ApplicationTestingHooks.php:74
/var/www/html/vendor/orchestra/testbench-core/src/Concerns/Testing.php:43
/var/www/html/vendor/laravel/framework/src/Illuminate/Collections/helpers.php:236
/var/www/html/vendor/orchestra/sidekick/src/functions.php:87
/var/www/html/vendor/laravel/framework/src/Illuminate/Collections/helpers.php:236
/var/www/html/vendor/orchestra/testbench-core/src/Concerns/Testing.php:57
/var/www/html/vendor/orchestra/testbench-core/src/TestCase.php:50
/var/www/html/tests/TestCase.php:61
/var/www/html/tests/Unit/Transport/MessageFramerTest.php:44</error>
        </testcase>
        <testcase name="it_parses_partial_messages" file="/var/www/html/tests/Unit/Transport/MessageFramerTest.php" line="131" class="JTD\LaravelMCP\Tests\Unit\Transport\MessageFramerTest" classname="JTD.LaravelMCP.Tests.Unit.Transport.MessageFramerTest" assertions="0" time="0.000000">
          <error type="Exception">JTD\LaravelMCP\Tests\Unit\Transport\MessageFramerTest::it_parses_partial_messages
Exception: The /var/www/html/vendor/orchestra/testbench-core/laravel/bootstrap/cache directory must be present and writable.

/var/www/html/vendor/laravel/framework/src/Illuminate/Foundation/PackageManifest.php:179
/var/www/html/vendor/orchestra/testbench-core/src/Foundation/PackageManifest.php:157
/var/www/html/vendor/laravel/framework/src/Illuminate/Foundation/PackageManifest.php:132
/var/www/html/vendor/laravel/framework/src/Illuminate/Foundation/PackageManifest.php:108
/var/www/html/vendor/orchestra/testbench-core/src/Foundation/PackageManifest.php:102
/var/www/html/vendor/laravel/framework/src/Illuminate/Foundation/PackageManifest.php:91
/var/www/html/vendor/laravel/framework/src/Illuminate/Foundation/PackageManifest.php:80
/var/www/html/vendor/laravel/framework/src/Illuminate/Foundation/Bootstrap/RegisterFacades.php:26
/var/www/html/vendor/orchestra/testbench-core/src/Concerns/CreatesApplication.php:556
/var/www/html/vendor/orchestra/testbench-core/src/Concerns/CreatesApplication.php:311
/var/www/html/vendor/orchestra/testbench-core/src/TestCase.php:121
/var/www/html/vendor/orchestra/testbench-core/src/Concerns/ApplicationTestingHooks.php:74
/var/www/html/vendor/orchestra/testbench-core/src/Concerns/Testing.php:43
/var/www/html/vendor/laravel/framework/src/Illuminate/Collections/helpers.php:236
/var/www/html/vendor/orchestra/sidekick/src/functions.php:87
/var/www/html/vendor/laravel/framework/src/Illuminate/Collections/helpers.php:236
/var/www/html/vendor/orchestra/testbench-core/src/Concerns/Testing.php:57
/var/www/html/vendor/orchestra/testbench-core/src/TestCase.php:50
/var/www/html/tests/TestCase.php:61
/var/www/html/tests/Unit/Transport/MessageFramerTest.php:44</error>
        </testcase>
        <testcase name="it_parses_messages_with_content_length" file="/var/www/html/tests/Unit/Transport/MessageFramerTest.php" line="146" class="JTD\LaravelMCP\Tests\Unit\Transport\MessageFramerTest" classname="JTD.LaravelMCP.Tests.Unit.Transport.MessageFramerTest" assertions="0" time="0.000000">
          <error type="Exception">JTD\LaravelMCP\Tests\Unit\Transport\MessageFramerTest::it_parses_messages_with_content_length
Exception: The /var/www/html/vendor/orchestra/testbench-core/laravel/bootstrap/cache directory must be present and writable.

/var/www/html/vendor/laravel/framework/src/Illuminate/Foundation/PackageManifest.php:179
/var/www/html/vendor/orchestra/testbench-core/src/Foundation/PackageManifest.php:157
/var/www/html/vendor/laravel/framework/src/Illuminate/Foundation/PackageManifest.php:132
/var/www/html/vendor/laravel/framework/src/Illuminate/Foundation/PackageManifest.php:108
/var/www/html/vendor/orchestra/testbench-core/src/Foundation/PackageManifest.php:102
/var/www/html/vendor/laravel/framework/src/Illuminate/Foundation/PackageManifest.php:91
/var/www/html/vendor/laravel/framework/src/Illuminate/Foundation/PackageManifest.php:80
/var/www/html/vendor/laravel/framework/src/Illuminate/Foundation/Bootstrap/RegisterFacades.php:26
/var/www/html/vendor/orchestra/testbench-core/src/Concerns/CreatesApplication.php:556
/var/www/html/vendor/orchestra/testbench-core/src/Concerns/CreatesApplication.php:311
/var/www/html/vendor/orchestra/testbench-core/src/TestCase.php:121
/var/www/html/vendor/orchestra/testbench-core/src/Concerns/ApplicationTestingHooks.php:74
/var/www/html/vendor/orchestra/testbench-core/src/Concerns/Testing.php:43
/var/www/html/vendor/laravel/framework/src/Illuminate/Collections/helpers.php:236
/var/www/html/vendor/orchestra/sidekick/src/functions.php:87
/var/www/html/vendor/laravel/framework/src/Illuminate/Collections/helpers.php:236
/var/www/html/vendor/orchestra/testbench-core/src/Concerns/Testing.php:57
/var/www/html/vendor/orchestra/testbench-core/src/TestCase.php:50
/var/www/html/tests/TestCase.php:61
/var/www/html/tests/Unit/Transport/MessageFramerTest.php:44</error>
        </testcase>
        <testcase name="it_handles_multiple_content_length_messages" file="/var/www/html/tests/Unit/Transport/MessageFramerTest.php" line="164" class="JTD\LaravelMCP\Tests\Unit\Transport\MessageFramerTest" classname="JTD.LaravelMCP.Tests.Unit.Transport.MessageFramerTest" assertions="0" time="0.000000">
          <error type="Exception">JTD\LaravelMCP\Tests\Unit\Transport\MessageFramerTest::it_handles_multiple_content_length_messages
Exception: The /var/www/html/vendor/orchestra/testbench-core/laravel/bootstrap/cache directory must be present and writable.

/var/www/html/vendor/laravel/framework/src/Illuminate/Foundation/PackageManifest.php:179
/var/www/html/vendor/orchestra/testbench-core/src/Foundation/PackageManifest.php:157
/var/www/html/vendor/laravel/framework/src/Illuminate/Foundation/PackageManifest.php:132
/var/www/html/vendor/laravel/framework/src/Illuminate/Foundation/PackageManifest.php:108
/var/www/html/vendor/orchestra/testbench-core/src/Foundation/PackageManifest.php:102
/var/www/html/vendor/laravel/framework/src/Illuminate/Foundation/PackageManifest.php:91
/var/www/html/vendor/laravel/framework/src/Illuminate/Foundation/PackageManifest.php:80
/var/www/html/vendor/laravel/framework/src/Illuminate/Foundation/Bootstrap/RegisterFacades.php:26
/var/www/html/vendor/orchestra/testbench-core/src/Concerns/CreatesApplication.php:556
/var/www/html/vendor/orchestra/testbench-core/src/Concerns/CreatesApplication.php:311
/var/www/html/vendor/orchestra/testbench-core/src/TestCase.php:121
/var/www/html/vendor/orchestra/testbench-core/src/Concerns/ApplicationTestingHooks.php:74
/var/www/html/vendor/orchestra/testbench-core/src/Concerns/Testing.php:43
/var/www/html/vendor/laravel/framework/src/Illuminate/Collections/helpers.php:236
/var/www/html/vendor/orchestra/sidekick/src/functions.php:87
/var/www/html/vendor/laravel/framework/src/Illuminate/Collections/helpers.php:236
/var/www/html/vendor/orchestra/testbench-core/src/Concerns/Testing.php:57
/var/www/html/vendor/orchestra/testbench-core/src/TestCase.php:50
/var/www/html/tests/TestCase.php:61
/var/www/html/tests/Unit/Transport/MessageFramerTest.php:44</error>
        </testcase>
        <testcase name="it_throws_exception_for_invalid_json" file="/var/www/html/tests/Unit/Transport/MessageFramerTest.php" line="182" class="JTD\LaravelMCP\Tests\Unit\Transport\MessageFramerTest" classname="JTD.LaravelMCP.Tests.Unit.Transport.MessageFramerTest" assertions="0" time="0.000000">
          <error type="Exception">JTD\LaravelMCP\Tests\Unit\Transport\MessageFramerTest::it_throws_exception_for_invalid_json
Exception: The /var/www/html/vendor/orchestra/testbench-core/laravel/bootstrap/cache directory must be present and writable.

/var/www/html/vendor/laravel/framework/src/Illuminate/Foundation/PackageManifest.php:179
/var/www/html/vendor/orchestra/testbench-core/src/Foundation/PackageManifest.php:157
/var/www/html/vendor/laravel/framework/src/Illuminate/Foundation/PackageManifest.php:132
/var/www/html/vendor/laravel/framework/src/Illuminate/Foundation/PackageManifest.php:108
/var/www/html/vendor/orchestra/testbench-core/src/Foundation/PackageManifest.php:102
/var/www/html/vendor/laravel/framework/src/Illuminate/Foundation/PackageManifest.php:91
/var/www/html/vendor/laravel/framework/src/Illuminate/Foundation/PackageManifest.php:80
/var/www/html/vendor/laravel/framework/src/Illuminate/Foundation/Bootstrap/RegisterFacades.php:26
/var/www/html/vendor/orchestra/testbench-core/src/Concerns/CreatesApplication.php:556
/var/www/html/vendor/orchestra/testbench-core/src/Concerns/CreatesApplication.php:311
/var/www/html/vendor/orchestra/testbench-core/src/TestCase.php:121
/var/www/html/vendor/orchestra/testbench-core/src/Concerns/ApplicationTestingHooks.php:74
/var/www/html/vendor/orchestra/testbench-core/src/Concerns/Testing.php:43
/var/www/html/vendor/laravel/framework/src/Illuminate/Collections/helpers.php:236
/var/www/html/vendor/orchestra/sidekick/src/functions.php:87
/var/www/html/vendor/laravel/framework/src/Illuminate/Collections/helpers.php:236
/var/www/html/vendor/orchestra/testbench-core/src/Concerns/Testing.php:57
/var/www/html/vendor/orchestra/testbench-core/src/TestCase.php:50
/var/www/html/tests/TestCase.php:61
/var/www/html/tests/Unit/Transport/MessageFramerTest.php:44</error>
        </testcase>
        <testcase name="it_throws_exception_for_missing_jsonrpc_version" file="/var/www/html/tests/Unit/Transport/MessageFramerTest.php" line="197" class="JTD\LaravelMCP\Tests\Unit\Transport\MessageFramerTest" classname="JTD.LaravelMCP.Tests.Unit.Transport.MessageFramerTest" assertions="0" time="0.000000">
          <error type="Exception">JTD\LaravelMCP\Tests\Unit\Transport\MessageFramerTest::it_throws_exception_for_missing_jsonrpc_version
Exception: The /var/www/html/vendor/orchestra/testbench-core/laravel/bootstrap/cache directory must be present and writable.

/var/www/html/vendor/laravel/framework/src/Illuminate/Foundation/PackageManifest.php:179
/var/www/html/vendor/orchestra/testbench-core/src/Foundation/PackageManifest.php:157
/var/www/html/vendor/laravel/framework/src/Illuminate/Foundation/PackageManifest.php:132
/var/www/html/vendor/laravel/framework/src/Illuminate/Foundation/PackageManifest.php:108
/var/www/html/vendor/orchestra/testbench-core/src/Foundation/PackageManifest.php:102
/var/www/html/vendor/laravel/framework/src/Illuminate/Foundation/PackageManifest.php:91
/var/www/html/vendor/laravel/framework/src/Illuminate/Foundation/PackageManifest.php:80
/var/www/html/vendor/laravel/framework/src/Illuminate/Foundation/Bootstrap/RegisterFacades.php:26
/var/www/html/vendor/orchestra/testbench-core/src/Concerns/CreatesApplication.php:556
/var/www/html/vendor/orchestra/testbench-core/src/Concerns/CreatesApplication.php:311
/var/www/html/vendor/orchestra/testbench-core/src/TestCase.php:121
/var/www/html/vendor/orchestra/testbench-core/src/Concerns/ApplicationTestingHooks.php:74
/var/www/html/vendor/orchestra/testbench-core/src/Concerns/Testing.php:43
/var/www/html/vendor/laravel/framework/src/Illuminate/Collections/helpers.php:236
/var/www/html/vendor/orchestra/sidekick/src/functions.php:87
/var/www/html/vendor/laravel/framework/src/Illuminate/Collections/helpers.php:236
/var/www/html/vendor/orchestra/testbench-core/src/Concerns/Testing.php:57
/var/www/html/vendor/orchestra/testbench-core/src/TestCase.php:50
/var/www/html/tests/TestCase.php:61
/var/www/html/tests/Unit/Transport/MessageFramerTest.php:44</error>
        </testcase>
        <testcase name="it_throws_exception_for_invalid_message_structure" file="/var/www/html/tests/Unit/Transport/MessageFramerTest.php" line="211" class="JTD\LaravelMCP\Tests\Unit\Transport\MessageFramerTest" classname="JTD.LaravelMCP.Tests.Unit.Transport.MessageFramerTest" assertions="0" time="0.000000">
          <error type="Exception">JTD\LaravelMCP\Tests\Unit\Transport\MessageFramerTest::it_throws_exception_for_invalid_message_structure
Exception: The /var/www/html/vendor/orchestra/testbench-core/laravel/bootstrap/cache directory must be present and writable.

/var/www/html/vendor/laravel/framework/src/Illuminate/Foundation/PackageManifest.php:179
/var/www/html/vendor/orchestra/testbench-core/src/Foundation/PackageManifest.php:157
/var/www/html/vendor/laravel/framework/src/Illuminate/Foundation/PackageManifest.php:132
/var/www/html/vendor/laravel/framework/src/Illuminate/Foundation/PackageManifest.php:108
/var/www/html/vendor/orchestra/testbench-core/src/Foundation/PackageManifest.php:102
/var/www/html/vendor/laravel/framework/src/Illuminate/Foundation/PackageManifest.php:91
/var/www/html/vendor/laravel/framework/src/Illuminate/Foundation/PackageManifest.php:80
/var/www/html/vendor/laravel/framework/src/Illuminate/Foundation/Bootstrap/RegisterFacades.php:26
/var/www/html/vendor/orchestra/testbench-core/src/Concerns/CreatesApplication.php:556
/var/www/html/vendor/orchestra/testbench-core/src/Concerns/CreatesApplication.php:311
/var/www/html/vendor/orchestra/testbench-core/src/TestCase.php:121
/var/www/html/vendor/orchestra/testbench-core/src/Concerns/ApplicationTestingHooks.php:74
/var/www/html/vendor/orchestra/testbench-core/src/Concerns/Testing.php:43
/var/www/html/vendor/laravel/framework/src/Illuminate/Collections/helpers.php:236
/var/www/html/vendor/orchestra/sidekick/src/functions.php:87
/var/www/html/vendor/laravel/framework/src/Illuminate/Collections/helpers.php:236
/var/www/html/vendor/orchestra/testbench-core/src/Concerns/Testing.php:57
/var/www/html/vendor/orchestra/testbench-core/src/TestCase.php:50
/var/www/html/tests/TestCase.php:61
/var/www/html/tests/Unit/Transport/MessageFramerTest.php:44</error>
        </testcase>
        <testcase name="it_throws_exception_for_buffer_overflow" file="/var/www/html/tests/Unit/Transport/MessageFramerTest.php" line="221" class="JTD\LaravelMCP\Tests\Unit\Transport\MessageFramerTest" classname="JTD.LaravelMCP.Tests.Unit.Transport.MessageFramerTest" assertions="0" time="0.000000">
          <error type="Exception">JTD\LaravelMCP\Tests\Unit\Transport\MessageFramerTest::it_throws_exception_for_buffer_overflow
Exception: The /var/www/html/vendor/orchestra/testbench-core/laravel/bootstrap/cache directory must be present and writable.

/var/www/html/vendor/laravel/framework/src/Illuminate/Foundation/PackageManifest.php:179
/var/www/html/vendor/orchestra/testbench-core/src/Foundation/PackageManifest.php:157
/var/www/html/vendor/laravel/framework/src/Illuminate/Foundation/PackageManifest.php:132
/var/www/html/vendor/laravel/framework/src/Illuminate/Foundation/PackageManifest.php:108
/var/www/html/vendor/orchestra/testbench-core/src/Foundation/PackageManifest.php:102
/var/www/html/vendor/laravel/framework/src/Illuminate/Foundation/PackageManifest.php:91
/var/www/html/vendor/laravel/framework/src/Illuminate/Foundation/PackageManifest.php:80
/var/www/html/vendor/laravel/framework/src/Illuminate/Foundation/Bootstrap/RegisterFacades.php:26
/var/www/html/vendor/orchestra/testbench-core/src/Concerns/CreatesApplication.php:556
/var/www/html/vendor/orchestra/testbench-core/src/Concerns/CreatesApplication.php:311
/var/www/html/vendor/orchestra/testbench-core/src/TestCase.php:121
/var/www/html/vendor/orchestra/testbench-core/src/Concerns/ApplicationTestingHooks.php:74
/var/www/html/vendor/orchestra/testbench-core/src/Concerns/Testing.php:43
/var/www/html/vendor/laravel/framework/src/Illuminate/Collections/helpers.php:236
/var/www/html/vendor/orchestra/sidekick/src/functions.php:87
/var/www/html/vendor/laravel/framework/src/Illuminate/Collections/helpers.php:236
/var/www/html/vendor/orchestra/testbench-core/src/Concerns/Testing.php:57
/var/www/html/vendor/orchestra/testbench-core/src/TestCase.php:50
/var/www/html/tests/TestCase.php:61
/var/www/html/tests/Unit/Transport/MessageFramerTest.php:44</error>
        </testcase>
        <testcase name="it_creates_request_messages" file="/var/www/html/tests/Unit/Transport/MessageFramerTest.php" line="233" class="JTD\LaravelMCP\Tests\Unit\Transport\MessageFramerTest" classname="JTD.LaravelMCP.Tests.Unit.Transport.MessageFramerTest" assertions="0" time="0.000000">
          <error type="Exception">JTD\LaravelMCP\Tests\Unit\Transport\MessageFramerTest::it_creates_request_messages
Exception: The /var/www/html/vendor/orchestra/testbench-core/laravel/bootstrap/cache directory must be present and writable.

/var/www/html/vendor/laravel/framework/src/Illuminate/Foundation/PackageManifest.php:179
/var/www/html/vendor/orchestra/testbench-core/src/Foundation/PackageManifest.php:157
/var/www/html/vendor/laravel/framework/src/Illuminate/Foundation/PackageManifest.php:132
/var/www/html/vendor/laravel/framework/src/Illuminate/Foundation/PackageManifest.php:108
/var/www/html/vendor/orchestra/testbench-core/src/Foundation/PackageManifest.php:102
/var/www/html/vendor/laravel/framework/src/Illuminate/Foundation/PackageManifest.php:91
/var/www/html/vendor/laravel/framework/src/Illuminate/Foundation/PackageManifest.php:80
/var/www/html/vendor/laravel/framework/src/Illuminate/Foundation/Bootstrap/RegisterFacades.php:26
/var/www/html/vendor/orchestra/testbench-core/src/Concerns/CreatesApplication.php:556
/var/www/html/vendor/orchestra/testbench-core/src/Concerns/CreatesApplication.php:311
/var/www/html/vendor/orchestra/testbench-core/src/TestCase.php:121
/var/www/html/vendor/orchestra/testbench-core/src/Concerns/ApplicationTestingHooks.php:74
/var/www/html/vendor/orchestra/testbench-core/src/Concerns/Testing.php:43
/var/www/html/vendor/laravel/framework/src/Illuminate/Collections/helpers.php:236
/var/www/html/vendor/orchestra/sidekick/src/functions.php:87
/var/www/html/vendor/laravel/framework/src/Illuminate/Collections/helpers.php:236
/var/www/html/vendor/orchestra/testbench-core/src/Concerns/Testing.php:57
/var/www/html/vendor/orchestra/testbench-core/src/TestCase.php:50
/var/www/html/tests/TestCase.php:61
/var/www/html/tests/Unit/Transport/MessageFramerTest.php:44</error>
        </testcase>
        <testcase name="it_creates_notification_messages" file="/var/www/html/tests/Unit/Transport/MessageFramerTest.php" line="244" class="JTD\LaravelMCP\Tests\Unit\Transport\MessageFramerTest" classname="JTD.LaravelMCP.Tests.Unit.Transport.MessageFramerTest" assertions="0" time="0.000000">
          <error type="Exception">JTD\LaravelMCP\Tests\Unit\Transport\MessageFramerTest::it_creates_notification_messages
Exception: The /var/www/html/vendor/orchestra/testbench-core/laravel/bootstrap/cache directory must be present and writable.

/var/www/html/vendor/laravel/framework/src/Illuminate/Foundation/PackageManifest.php:179
/var/www/html/vendor/orchestra/testbench-core/src/Foundation/PackageManifest.php:157
/var/www/html/vendor/laravel/framework/src/Illuminate/Foundation/PackageManifest.php:132
/var/www/html/vendor/laravel/framework/src/Illuminate/Foundation/PackageManifest.php:108
/var/www/html/vendor/orchestra/testbench-core/src/Foundation/PackageManifest.php:102
/var/www/html/vendor/laravel/framework/src/Illuminate/Foundation/PackageManifest.php:91
/var/www/html/vendor/laravel/framework/src/Illuminate/Foundation/PackageManifest.php:80
/var/www/html/vendor/laravel/framework/src/Illuminate/Foundation/Bootstrap/RegisterFacades.php:26
/var/www/html/vendor/orchestra/testbench-core/src/Concerns/CreatesApplication.php:556
/var/www/html/vendor/orchestra/testbench-core/src/Concerns/CreatesApplication.php:311
/var/www/html/vendor/orchestra/testbench-core/src/TestCase.php:121
/var/www/html/vendor/orchestra/testbench-core/src/Concerns/ApplicationTestingHooks.php:74
/var/www/html/vendor/orchestra/testbench-core/src/Concerns/Testing.php:43
/var/www/html/vendor/laravel/framework/src/Illuminate/Collections/helpers.php:236
/var/www/html/vendor/orchestra/sidekick/src/functions.php:87
/var/www/html/vendor/laravel/framework/src/Illuminate/Collections/helpers.php:236
/var/www/html/vendor/orchestra/testbench-core/src/Concerns/Testing.php:57
/var/www/html/vendor/orchestra/testbench-core/src/TestCase.php:50
/var/www/html/tests/TestCase.php:61
/var/www/html/tests/Unit/Transport/MessageFramerTest.php:44</error>
        </testcase>
        <testcase name="it_creates_response_messages" file="/var/www/html/tests/Unit/Transport/MessageFramerTest.php" line="254" class="JTD\LaravelMCP\Tests\Unit\Transport\MessageFramerTest" classname="JTD.LaravelMCP.Tests.Unit.Transport.MessageFramerTest" assertions="0" time="0.000000">
          <error type="Exception">JTD\LaravelMCP\Tests\Unit\Transport\MessageFramerTest::it_creates_response_messages
Exception: The /var/www/html/vendor/orchestra/testbench-core/laravel/bootstrap/cache directory must be present and writable.

/var/www/html/vendor/laravel/framework/src/Illuminate/Foundation/PackageManifest.php:179
/var/www/html/vendor/orchestra/testbench-core/src/Foundation/PackageManifest.php:157
/var/www/html/vendor/laravel/framework/src/Illuminate/Foundation/PackageManifest.php:132
/var/www/html/vendor/laravel/framework/src/Illuminate/Foundation/PackageManifest.php:108
/var/www/html/vendor/orchestra/testbench-core/src/Foundation/PackageManifest.php:102
/var/www/html/vendor/laravel/framework/src/Illuminate/Foundation/PackageManifest.php:91
/var/www/html/vendor/laravel/framework/src/Illuminate/Foundation/PackageManifest.php:80
/var/www/html/vendor/laravel/framework/src/Illuminate/Foundation/Bootstrap/RegisterFacades.php:26
/var/www/html/vendor/orchestra/testbench-core/src/Concerns/CreatesApplication.php:556
/var/www/html/vendor/orchestra/testbench-core/src/Concerns/CreatesApplication.php:311
/var/www/html/vendor/orchestra/testbench-core/src/TestCase.php:121
/var/www/html/vendor/orchestra/testbench-core/src/Concerns/ApplicationTestingHooks.php:74
/var/www/html/vendor/orchestra/testbench-core/src/Concerns/Testing.php:43
/var/www/html/vendor/laravel/framework/src/Illuminate/Collections/helpers.php:236
/var/www/html/vendor/orchestra/sidekick/src/functions.php:87
/var/www/html/vendor/laravel/framework/src/Illuminate/Collections/helpers.php:236
/var/www/html/vendor/orchestra/testbench-core/src/Concerns/Testing.php:57
/var/www/html/vendor/orchestra/testbench-core/src/TestCase.php:50
/var/www/html/tests/TestCase.php:61
/var/www/html/tests/Unit/Transport/MessageFramerTest.php:44</error>
        </testcase>
        <testcase name="it_creates_error_response_messages" file="/var/www/html/tests/Unit/Transport/MessageFramerTest.php" line="264" class="JTD\LaravelMCP\Tests\Unit\Transport\MessageFramerTest" classname="JTD.LaravelMCP.Tests.Unit.Transport.MessageFramerTest" assertions="0" time="0.000000">
          <error type="Exception">JTD\LaravelMCP\Tests\Unit\Transport\MessageFramerTest::it_creates_error_response_messages
Exception: The /var/www/html/vendor/orchestra/testbench-core/laravel/bootstrap/cache directory must be present and writable.

/var/www/html/vendor/laravel/framework/src/Illuminate/Foundation/PackageManifest.php:179
/var/www/html/vendor/orchestra/testbench-core/src/Foundation/PackageManifest.php:157
/var/www/html/vendor/laravel/framework/src/Illuminate/Foundation/PackageManifest.php:132
/var/www/html/vendor/laravel/framework/src/Illuminate/Foundation/PackageManifest.php:108
/var/www/html/vendor/orchestra/testbench-core/src/Foundation/PackageManifest.php:102
/var/www/html/vendor/laravel/framework/src/Illuminate/Foundation/PackageManifest.php:91
/var/www/html/vendor/laravel/framework/src/Illuminate/Foundation/PackageManifest.php:80
/var/www/html/vendor/laravel/framework/src/Illuminate/Foundation/Bootstrap/RegisterFacades.php:26
/var/www/html/vendor/orchestra/testbench-core/src/Concerns/CreatesApplication.php:556
/var/www/html/vendor/orchestra/testbench-core/src/Concerns/CreatesApplication.php:311
/var/www/html/vendor/orchestra/testbench-core/src/TestCase.php:121
/var/www/html/vendor/orchestra/testbench-core/src/Concerns/ApplicationTestingHooks.php:74
/var/www/html/vendor/orchestra/testbench-core/src/Concerns/Testing.php:43
/var/www/html/vendor/laravel/framework/src/Illuminate/Collections/helpers.php:236
/var/www/html/vendor/orchestra/sidekick/src/functions.php:87
/var/www/html/vendor/laravel/framework/src/Illuminate/Collections/helpers.php:236
/var/www/html/vendor/orchestra/testbench-core/src/Concerns/Testing.php:57
/var/www/html/vendor/orchestra/testbench-core/src/TestCase.php:50
/var/www/html/tests/TestCase.php:61
/var/www/html/tests/Unit/Transport/MessageFramerTest.php:44</error>
        </testcase>
        <testcase name="it_identifies_request_messages" file="/var/www/html/tests/Unit/Transport/MessageFramerTest.php" line="281" class="JTD\LaravelMCP\Tests\Unit\Transport\MessageFramerTest" classname="JTD.LaravelMCP.Tests.Unit.Transport.MessageFramerTest" assertions="0" time="0.000000">
          <error type="Exception">JTD\LaravelMCP\Tests\Unit\Transport\MessageFramerTest::it_identifies_request_messages
Exception: The /var/www/html/vendor/orchestra/testbench-core/laravel/bootstrap/cache directory must be present and writable.

/var/www/html/vendor/laravel/framework/src/Illuminate/Foundation/PackageManifest.php:179
/var/www/html/vendor/orchestra/testbench-core/src/Foundation/PackageManifest.php:157
/var/www/html/vendor/laravel/framework/src/Illuminate/Foundation/PackageManifest.php:132
/var/www/html/vendor/laravel/framework/src/Illuminate/Foundation/PackageManifest.php:108
/var/www/html/vendor/orchestra/testbench-core/src/Foundation/PackageManifest.php:102
/var/www/html/vendor/laravel/framework/src/Illuminate/Foundation/PackageManifest.php:91
/var/www/html/vendor/laravel/framework/src/Illuminate/Foundation/PackageManifest.php:80
/var/www/html/vendor/laravel/framework/src/Illuminate/Foundation/Bootstrap/RegisterFacades.php:26
/var/www/html/vendor/orchestra/testbench-core/src/Concerns/CreatesApplication.php:556
/var/www/html/vendor/orchestra/testbench-core/src/Concerns/CreatesApplication.php:311
/var/www/html/vendor/orchestra/testbench-core/src/TestCase.php:121
/var/www/html/vendor/orchestra/testbench-core/src/Concerns/ApplicationTestingHooks.php:74
/var/www/html/vendor/orchestra/testbench-core/src/Concerns/Testing.php:43
/var/www/html/vendor/laravel/framework/src/Illuminate/Collections/helpers.php:236
/var/www/html/vendor/orchestra/sidekick/src/functions.php:87
/var/www/html/vendor/laravel/framework/src/Illuminate/Collections/helpers.php:236
/var/www/html/vendor/orchestra/testbench-core/src/Concerns/Testing.php:57
/var/www/html/vendor/orchestra/testbench-core/src/TestCase.php:50
/var/www/html/tests/TestCase.php:61
/var/www/html/tests/Unit/Transport/MessageFramerTest.php:44</error>
        </testcase>
        <testcase name="it_identifies_response_messages" file="/var/www/html/tests/Unit/Transport/MessageFramerTest.php" line="291" class="JTD\LaravelMCP\Tests\Unit\Transport\MessageFramerTest" classname="JTD.LaravelMCP.Tests.Unit.Transport.MessageFramerTest" assertions="0" time="0.000000">
          <error type="Exception">JTD\LaravelMCP\Tests\Unit\Transport\MessageFramerTest::it_identifies_response_messages
Exception: The /var/www/html/vendor/orchestra/testbench-core/laravel/bootstrap/cache directory must be present and writable.

/var/www/html/vendor/laravel/framework/src/Illuminate/Foundation/PackageManifest.php:179
/var/www/html/vendor/orchestra/testbench-core/src/Foundation/PackageManifest.php:157
/var/www/html/vendor/laravel/framework/src/Illuminate/Foundation/PackageManifest.php:132
/var/www/html/vendor/laravel/framework/src/Illuminate/Foundation/PackageManifest.php:108
/var/www/html/vendor/orchestra/testbench-core/src/Foundation/PackageManifest.php:102
/var/www/html/vendor/laravel/framework/src/Illuminate/Foundation/PackageManifest.php:91
/var/www/html/vendor/laravel/framework/src/Illuminate/Foundation/PackageManifest.php:80
/var/www/html/vendor/laravel/framework/src/Illuminate/Foundation/Bootstrap/RegisterFacades.php:26
/var/www/html/vendor/orchestra/testbench-core/src/Concerns/CreatesApplication.php:556
/var/www/html/vendor/orchestra/testbench-core/src/Concerns/CreatesApplication.php:311
/var/www/html/vendor/orchestra/testbench-core/src/TestCase.php:121
/var/www/html/vendor/orchestra/testbench-core/src/Concerns/ApplicationTestingHooks.php:74
/var/www/html/vendor/orchestra/testbench-core/src/Concerns/Testing.php:43
/var/www/html/vendor/laravel/framework/src/Illuminate/Collections/helpers.php:236
/var/www/html/vendor/orchestra/sidekick/src/functions.php:87
/var/www/html/vendor/laravel/framework/src/Illuminate/Collections/helpers.php:236
/var/www/html/vendor/orchestra/testbench-core/src/Concerns/Testing.php:57
/var/www/html/vendor/orchestra/testbench-core/src/TestCase.php:50
/var/www/html/tests/TestCase.php:61
/var/www/html/tests/Unit/Transport/MessageFramerTest.php:44</error>
        </testcase>
        <testcase name="it_identifies_notification_messages" file="/var/www/html/tests/Unit/Transport/MessageFramerTest.php" line="303" class="JTD\LaravelMCP\Tests\Unit\Transport\MessageFramerTest" classname="JTD.LaravelMCP.Tests.Unit.Transport.MessageFramerTest" assertions="0" time="0.000000">
          <error type="Exception">JTD\LaravelMCP\Tests\Unit\Transport\MessageFramerTest::it_identifies_notification_messages
Exception: The /var/www/html/vendor/orchestra/testbench-core/laravel/bootstrap/cache directory must be present and writable.

/var/www/html/vendor/laravel/framework/src/Illuminate/Foundation/PackageManifest.php:179
/var/www/html/vendor/orchestra/testbench-core/src/Foundation/PackageManifest.php:157
/var/www/html/vendor/laravel/framework/src/Illuminate/Foundation/PackageManifest.php:132
/var/www/html/vendor/laravel/framework/src/Illuminate/Foundation/PackageManifest.php:108
/var/www/html/vendor/orchestra/testbench-core/src/Foundation/PackageManifest.php:102
/var/www/html/vendor/laravel/framework/src/Illuminate/Foundation/PackageManifest.php:91
/var/www/html/vendor/laravel/framework/src/Illuminate/Foundation/PackageManifest.php:80
/var/www/html/vendor/laravel/framework/src/Illuminate/Foundation/Bootstrap/RegisterFacades.php:26
/var/www/html/vendor/orchestra/testbench-core/src/Concerns/CreatesApplication.php:556
/var/www/html/vendor/orchestra/testbench-core/src/Concerns/CreatesApplication.php:311
/var/www/html/vendor/orchestra/testbench-core/src/TestCase.php:121
/var/www/html/vendor/orchestra/testbench-core/src/Concerns/ApplicationTestingHooks.php:74
/var/www/html/vendor/orchestra/testbench-core/src/Concerns/Testing.php:43
/var/www/html/vendor/laravel/framework/src/Illuminate/Collections/helpers.php:236
/var/www/html/vendor/orchestra/sidekick/src/functions.php:87
/var/www/html/vendor/laravel/framework/src/Illuminate/Collections/helpers.php:236
/var/www/html/vendor/orchestra/testbench-core/src/Concerns/Testing.php:57
/var/www/html/vendor/orchestra/testbench-core/src/TestCase.php:50
/var/www/html/tests/TestCase.php:61
/var/www/html/tests/Unit/Transport/MessageFramerTest.php:44</error>
        </testcase>
        <testcase name="it_clears_buffer" file="/var/www/html/tests/Unit/Transport/MessageFramerTest.php" line="313" class="JTD\LaravelMCP\Tests\Unit\Transport\MessageFramerTest" classname="JTD.LaravelMCP.Tests.Unit.Transport.MessageFramerTest" assertions="0" time="0.000000">
          <error type="Exception">JTD\LaravelMCP\Tests\Unit\Transport\MessageFramerTest::it_clears_buffer
Exception: The /var/www/html/vendor/orchestra/testbench-core/laravel/bootstrap/cache directory must be present and writable.

/var/www/html/vendor/laravel/framework/src/Illuminate/Foundation/PackageManifest.php:179
/var/www/html/vendor/orchestra/testbench-core/src/Foundation/PackageManifest.php:157
/var/www/html/vendor/laravel/framework/src/Illuminate/Foundation/PackageManifest.php:132
/var/www/html/vendor/laravel/framework/src/Illuminate/Foundation/PackageManifest.php:108
/var/www/html/vendor/orchestra/testbench-core/src/Foundation/PackageManifest.php:102
/var/www/html/vendor/laravel/framework/src/Illuminate/Foundation/PackageManifest.php:91
/var/www/html/vendor/laravel/framework/src/Illuminate/Foundation/PackageManifest.php:80
/var/www/html/vendor/laravel/framework/src/Illuminate/Foundation/Bootstrap/RegisterFacades.php:26
/var/www/html/vendor/orchestra/testbench-core/src/Concerns/CreatesApplication.php:556
/var/www/html/vendor/orchestra/testbench-core/src/Concerns/CreatesApplication.php:311
/var/www/html/vendor/orchestra/testbench-core/src/TestCase.php:121
/var/www/html/vendor/orchestra/testbench-core/src/Concerns/ApplicationTestingHooks.php:74
/var/www/html/vendor/orchestra/testbench-core/src/Concerns/Testing.php:43
/var/www/html/vendor/laravel/framework/src/Illuminate/Collections/helpers.php:236
/var/www/html/vendor/orchestra/sidekick/src/functions.php:87
/var/www/html/vendor/laravel/framework/src/Illuminate/Collections/helpers.php:236
/var/www/html/vendor/orchestra/testbench-core/src/Concerns/Testing.php:57
/var/www/html/vendor/orchestra/testbench-core/src/TestCase.php:50
/var/www/html/tests/TestCase.php:61
/var/www/html/tests/Unit/Transport/MessageFramerTest.php:44</error>
        </testcase>
        <testcase name="it_checks_for_buffered_data" file="/var/www/html/tests/Unit/Transport/MessageFramerTest.php" line="323" class="JTD\LaravelMCP\Tests\Unit\Transport\MessageFramerTest" classname="JTD.LaravelMCP.Tests.Unit.Transport.MessageFramerTest" assertions="0" time="0.000000">
          <error type="Exception">JTD\LaravelMCP\Tests\Unit\Transport\MessageFramerTest::it_checks_for_buffered_data
Exception: The /var/www/html/vendor/orchestra/testbench-core/laravel/bootstrap/cache directory must be present and writable.

/var/www/html/vendor/laravel/framework/src/Illuminate/Foundation/PackageManifest.php:179
/var/www/html/vendor/orchestra/testbench-core/src/Foundation/PackageManifest.php:157
/var/www/html/vendor/laravel/framework/src/Illuminate/Foundation/PackageManifest.php:132
/var/www/html/vendor/laravel/framework/src/Illuminate/Foundation/PackageManifest.php:108
/var/www/html/vendor/orchestra/testbench-core/src/Foundation/PackageManifest.php:102
/var/www/html/vendor/laravel/framework/src/Illuminate/Foundation/PackageManifest.php:91
/var/www/html/vendor/laravel/framework/src/Illuminate/Foundation/PackageManifest.php:80
/var/www/html/vendor/laravel/framework/src/Illuminate/Foundation/Bootstrap/RegisterFacades.php:26
/var/www/html/vendor/orchestra/testbench-core/src/Concerns/CreatesApplication.php:556
/var/www/html/vendor/orchestra/testbench-core/src/Concerns/CreatesApplication.php:311
/var/www/html/vendor/orchestra/testbench-core/src/TestCase.php:121
/var/www/html/vendor/orchestra/testbench-core/src/Concerns/ApplicationTestingHooks.php:74
/var/www/html/vendor/orchestra/testbench-core/src/Concerns/Testing.php:43
/var/www/html/vendor/laravel/framework/src/Illuminate/Collections/helpers.php:236
/var/www/html/vendor/orchestra/sidekick/src/functions.php:87
/var/www/html/vendor/laravel/framework/src/Illuminate/Collections/helpers.php:236
/var/www/html/vendor/orchestra/testbench-core/src/Concerns/Testing.php:57
/var/www/html/vendor/orchestra/testbench-core/src/TestCase.php:50
/var/www/html/tests/TestCase.php:61
/var/www/html/tests/Unit/Transport/MessageFramerTest.php:44</error>
        </testcase>
        <testcase name="it_tracks_statistics" file="/var/www/html/tests/Unit/Transport/MessageFramerTest.php" line="332" class="JTD\LaravelMCP\Tests\Unit\Transport\MessageFramerTest" classname="JTD.LaravelMCP.Tests.Unit.Transport.MessageFramerTest" assertions="0" time="0.000000">
          <error type="Exception">JTD\LaravelMCP\Tests\Unit\Transport\MessageFramerTest::it_tracks_statistics
Exception: The /var/www/html/vendor/orchestra/testbench-core/laravel/bootstrap/cache directory must be present and writable.

/var/www/html/vendor/laravel/framework/src/Illuminate/Foundation/PackageManifest.php:179
/var/www/html/vendor/orchestra/testbench-core/src/Foundation/PackageManifest.php:157
/var/www/html/vendor/laravel/framework/src/Illuminate/Foundation/PackageManifest.php:132
/var/www/html/vendor/laravel/framework/src/Illuminate/Foundation/PackageManifest.php:108
/var/www/html/vendor/orchestra/testbench-core/src/Foundation/PackageManifest.php:102
/var/www/html/vendor/laravel/framework/src/Illuminate/Foundation/PackageManifest.php:91
/var/www/html/vendor/laravel/framework/src/Illuminate/Foundation/PackageManifest.php:80
/var/www/html/vendor/laravel/framework/src/Illuminate/Foundation/Bootstrap/RegisterFacades.php:26
/var/www/html/vendor/orchestra/testbench-core/src/Concerns/CreatesApplication.php:556
/var/www/html/vendor/orchestra/testbench-core/src/Concerns/CreatesApplication.php:311
/var/www/html/vendor/orchestra/testbench-core/src/TestCase.php:121
/var/www/html/vendor/orchestra/testbench-core/src/Concerns/ApplicationTestingHooks.php:74
/var/www/html/vendor/orchestra/testbench-core/src/Concerns/Testing.php:43
/var/www/html/vendor/laravel/framework/src/Illuminate/Collections/helpers.php:236
/var/www/html/vendor/orchestra/sidekick/src/functions.php:87
/var/www/html/vendor/laravel/framework/src/Illuminate/Collections/helpers.php:236
/var/www/html/vendor/orchestra/testbench-core/src/Concerns/Testing.php:57
/var/www/html/vendor/orchestra/testbench-core/src/TestCase.php:50
/var/www/html/tests/TestCase.php:61
/var/www/html/tests/Unit/Transport/MessageFramerTest.php:44</error>
        </testcase>
        <testcase name="it_resets_statistics" file="/var/www/html/tests/Unit/Transport/MessageFramerTest.php" line="347" class="JTD\LaravelMCP\Tests\Unit\Transport\MessageFramerTest" classname="JTD.LaravelMCP.Tests.Unit.Transport.MessageFramerTest" assertions="0" time="0.000000">
          <error type="Exception">JTD\LaravelMCP\Tests\Unit\Transport\MessageFramerTest::it_resets_statistics
Exception: The /var/www/html/vendor/orchestra/testbench-core/laravel/bootstrap/cache directory must be present and writable.

/var/www/html/vendor/laravel/framework/src/Illuminate/Foundation/PackageManifest.php:179
/var/www/html/vendor/orchestra/testbench-core/src/Foundation/PackageManifest.php:157
/var/www/html/vendor/laravel/framework/src/Illuminate/Foundation/PackageManifest.php:132
/var/www/html/vendor/laravel/framework/src/Illuminate/Foundation/PackageManifest.php:108
/var/www/html/vendor/orchestra/testbench-core/src/Foundation/PackageManifest.php:102
/var/www/html/vendor/laravel/framework/src/Illuminate/Foundation/PackageManifest.php:91
/var/www/html/vendor/laravel/framework/src/Illuminate/Foundation/PackageManifest.php:80
/var/www/html/vendor/laravel/framework/src/Illuminate/Foundation/Bootstrap/RegisterFacades.php:26
/var/www/html/vendor/orchestra/testbench-core/src/Concerns/CreatesApplication.php:556
/var/www/html/vendor/orchestra/testbench-core/src/Concerns/CreatesApplication.php:311
/var/www/html/vendor/orchestra/testbench-core/src/TestCase.php:121
/var/www/html/vendor/orchestra/testbench-core/src/Concerns/ApplicationTestingHooks.php:74
/var/www/html/vendor/orchestra/testbench-core/src/Concerns/Testing.php:43
/var/www/html/vendor/laravel/framework/src/Illuminate/Collections/helpers.php:236
/var/www/html/vendor/orchestra/sidekick/src/functions.php:87
/var/www/html/vendor/laravel/framework/src/Illuminate/Collections/helpers.php:236
/var/www/html/vendor/orchestra/testbench-core/src/Concerns/Testing.php:57
/var/www/html/vendor/orchestra/testbench-core/src/TestCase.php:50
/var/www/html/tests/TestCase.php:61
/var/www/html/tests/Unit/Transport/MessageFramerTest.php:44</error>
        </testcase>
        <testcase name="it_validates_error_object_structure" file="/var/www/html/tests/Unit/Transport/MessageFramerTest.php" line="383" class="JTD\LaravelMCP\Tests\Unit\Transport\MessageFramerTest" classname="JTD.LaravelMCP.Tests.Unit.Transport.MessageFramerTest" assertions="0" time="0.000000">
          <error type="Exception">JTD\LaravelMCP\Tests\Unit\Transport\MessageFramerTest::it_validates_error_object_structure
Exception: The /var/www/html/vendor/orchestra/testbench-core/laravel/bootstrap/cache directory must be present and writable.

/var/www/html/vendor/laravel/framework/src/Illuminate/Foundation/PackageManifest.php:179
/var/www/html/vendor/orchestra/testbench-core/src/Foundation/PackageManifest.php:157
/var/www/html/vendor/laravel/framework/src/Illuminate/Foundation/PackageManifest.php:132
/var/www/html/vendor/laravel/framework/src/Illuminate/Foundation/PackageManifest.php:108
/var/www/html/vendor/orchestra/testbench-core/src/Foundation/PackageManifest.php:102
/var/www/html/vendor/laravel/framework/src/Illuminate/Foundation/PackageManifest.php:91
/var/www/html/vendor/laravel/framework/src/Illuminate/Foundation/PackageManifest.php:80
/var/www/html/vendor/laravel/framework/src/Illuminate/Foundation/Bootstrap/RegisterFacades.php:26
/var/www/html/vendor/orchestra/testbench-core/src/Concerns/CreatesApplication.php:556
/var/www/html/vendor/orchestra/testbench-core/src/Concerns/CreatesApplication.php:311
/var/www/html/vendor/orchestra/testbench-core/src/TestCase.php:121
/var/www/html/vendor/orchestra/testbench-core/src/Concerns/ApplicationTestingHooks.php:74
/var/www/html/vendor/orchestra/testbench-core/src/Concerns/Testing.php:43
/var/www/html/vendor/laravel/framework/src/Illuminate/Collections/helpers.php:236
/var/www/html/vendor/orchestra/sidekick/src/functions.php:87
/var/www/html/vendor/laravel/framework/src/Illuminate/Collections/helpers.php:236
/var/www/html/vendor/orchestra/testbench-core/src/Concerns/Testing.php:57
/var/www/html/vendor/orchestra/testbench-core/src/TestCase.php:50
/var/www/html/tests/TestCase.php:61
/var/www/html/tests/Unit/Transport/MessageFramerTest.php:44</error>
        </testcase>
        <testcase name="it_validates_method_type" file="/var/www/html/tests/Unit/Transport/MessageFramerTest.php" line="401" class="JTD\LaravelMCP\Tests\Unit\Transport\MessageFramerTest" classname="JTD.LaravelMCP.Tests.Unit.Transport.MessageFramerTest" assertions="0" time="0.000000">
          <error type="Exception">JTD\LaravelMCP\Tests\Unit\Transport\MessageFramerTest::it_validates_method_type
Exception: The /var/www/html/vendor/orchestra/testbench-core/laravel/bootstrap/cache directory must be present and writable.

/var/www/html/vendor/laravel/framework/src/Illuminate/Foundation/PackageManifest.php:179
/var/www/html/vendor/orchestra/testbench-core/src/Foundation/PackageManifest.php:157
/var/www/html/vendor/laravel/framework/src/Illuminate/Foundation/PackageManifest.php:132
/var/www/html/vendor/laravel/framework/src/Illuminate/Foundation/PackageManifest.php:108
/var/www/html/vendor/orchestra/testbench-core/src/Foundation/PackageManifest.php:102
/var/www/html/vendor/laravel/framework/src/Illuminate/Foundation/PackageManifest.php:91
/var/www/html/vendor/laravel/framework/src/Illuminate/Foundation/PackageManifest.php:80
/var/www/html/vendor/laravel/framework/src/Illuminate/Foundation/Bootstrap/RegisterFacades.php:26
/var/www/html/vendor/orchestra/testbench-core/src/Concerns/CreatesApplication.php:556
/var/www/html/vendor/orchestra/testbench-core/src/Concerns/CreatesApplication.php:311
/var/www/html/vendor/orchestra/testbench-core/src/TestCase.php:121
/var/www/html/vendor/orchestra/testbench-core/src/Concerns/ApplicationTestingHooks.php:74
/var/www/html/vendor/orchestra/testbench-core/src/Concerns/Testing.php:43
/var/www/html/vendor/laravel/framework/src/Illuminate/Collections/helpers.php:236
/var/www/html/vendor/orchestra/sidekick/src/functions.php:87
/var/www/html/vendor/laravel/framework/src/Illuminate/Collections/helpers.php:236
/var/www/html/vendor/orchestra/testbench-core/src/Concerns/Testing.php:57
/var/www/html/vendor/orchestra/testbench-core/src/TestCase.php:50
/var/www/html/tests/TestCase.php:61
/var/www/html/tests/Unit/Transport/MessageFramerTest.php:44</error>
        </testcase>
        <testcase name="it_validates_params_type" file="/var/www/html/tests/Unit/Transport/MessageFramerTest.php" line="416" class="JTD\LaravelMCP\Tests\Unit\Transport\MessageFramerTest" classname="JTD.LaravelMCP.Tests.Unit.Transport.MessageFramerTest" assertions="0" time="0.000000">
          <error type="Exception">JTD\LaravelMCP\Tests\Unit\Transport\MessageFramerTest::it_validates_params_type
Exception: The /var/www/html/vendor/orchestra/testbench-core/laravel/bootstrap/cache directory must be present and writable.

/var/www/html/vendor/laravel/framework/src/Illuminate/Foundation/PackageManifest.php:179
/var/www/html/vendor/orchestra/testbench-core/src/Foundation/PackageManifest.php:157
/var/www/html/vendor/laravel/framework/src/Illuminate/Foundation/PackageManifest.php:132
/var/www/html/vendor/laravel/framework/src/Illuminate/Foundation/PackageManifest.php:108
/var/www/html/vendor/orchestra/testbench-core/src/Foundation/PackageManifest.php:102
/var/www/html/vendor/laravel/framework/src/Illuminate/Foundation/PackageManifest.php:91
/var/www/html/vendor/laravel/framework/src/Illuminate/Foundation/PackageManifest.php:80
/var/www/html/vendor/laravel/framework/src/Illuminate/Foundation/Bootstrap/RegisterFacades.php:26
/var/www/html/vendor/orchestra/testbench-core/src/Concerns/CreatesApplication.php:556
/var/www/html/vendor/orchestra/testbench-core/src/Concerns/CreatesApplication.php:311
/var/www/html/vendor/orchestra/testbench-core/src/TestCase.php:121
/var/www/html/vendor/orchestra/testbench-core/src/Concerns/ApplicationTestingHooks.php:74
/var/www/html/vendor/orchestra/testbench-core/src/Concerns/Testing.php:43
/var/www/html/vendor/laravel/framework/src/Illuminate/Collections/helpers.php:236
/var/www/html/vendor/orchestra/sidekick/src/functions.php:87
/var/www/html/vendor/laravel/framework/src/Illuminate/Collections/helpers.php:236
/var/www/html/vendor/orchestra/testbench-core/src/Concerns/Testing.php:57
/var/www/html/vendor/orchestra/testbench-core/src/TestCase.php:50
/var/www/html/tests/TestCase.php:61
/var/www/html/tests/Unit/Transport/MessageFramerTest.php:44</error>
        </testcase>
        <testcase name="it_validates_id_type" file="/var/www/html/tests/Unit/Transport/MessageFramerTest.php" line="432" class="JTD\LaravelMCP\Tests\Unit\Transport\MessageFramerTest" classname="JTD.LaravelMCP.Tests.Unit.Transport.MessageFramerTest" assertions="0" time="0.000000">
          <error type="Exception">JTD\LaravelMCP\Tests\Unit\Transport\MessageFramerTest::it_validates_id_type
Exception: The /var/www/html/vendor/orchestra/testbench-core/laravel/bootstrap/cache directory must be present and writable.

/var/www/html/vendor/laravel/framework/src/Illuminate/Foundation/PackageManifest.php:179
/var/www/html/vendor/orchestra/testbench-core/src/Foundation/PackageManifest.php:157
/var/www/html/vendor/laravel/framework/src/Illuminate/Foundation/PackageManifest.php:132
/var/www/html/vendor/laravel/framework/src/Illuminate/Foundation/PackageManifest.php:108
/var/www/html/vendor/orchestra/testbench-core/src/Foundation/PackageManifest.php:102
/var/www/html/vendor/laravel/framework/src/Illuminate/Foundation/PackageManifest.php:91
/var/www/html/vendor/laravel/framework/src/Illuminate/Foundation/PackageManifest.php:80
/var/www/html/vendor/laravel/framework/src/Illuminate/Foundation/Bootstrap/RegisterFacades.php:26
/var/www/html/vendor/orchestra/testbench-core/src/Concerns/CreatesApplication.php:556
/var/www/html/vendor/orchestra/testbench-core/src/Concerns/CreatesApplication.php:311
/var/www/html/vendor/orchestra/testbench-core/src/TestCase.php:121
/var/www/html/vendor/orchestra/testbench-core/src/Concerns/ApplicationTestingHooks.php:74
/var/www/html/vendor/orchestra/testbench-core/src/Concerns/Testing.php:43
/var/www/html/vendor/laravel/framework/src/Illuminate/Collections/helpers.php:236
/var/www/html/vendor/orchestra/sidekick/src/functions.php:87
/var/www/html/vendor/laravel/framework/src/Illuminate/Collections/helpers.php:236
/var/www/html/vendor/orchestra/testbench-core/src/Concerns/Testing.php:57
/var/www/html/vendor/orchestra/testbench-core/src/TestCase.php:50
/var/www/html/tests/TestCase.php:61
/var/www/html/tests/Unit/Transport/MessageFramerTest.php:44</error>
        </testcase>
        <testsuite name="JTD\LaravelMCP\Tests\Unit\Transport\MessageFramerTest::it_provides_standard_error_codes" tests="6" assertions="0" errors="6" failures="0" skipped="0" time="0.000000">
          <testcase name="it_provides_standard_error_codes with data set #0" file="/var/www/html/tests/Unit/Transport/MessageFramerTest.php" line="362" class="JTD\LaravelMCP\Tests\Unit\Transport\MessageFramerTest" classname="JTD.LaravelMCP.Tests.Unit.Transport.MessageFramerTest" assertions="0" time="0.000000">
            <error type="Exception">JTD\LaravelMCP\Tests\Unit\Transport\MessageFramerTest::it_provides_standard_error_codes with data set #0
Exception: The /var/www/html/vendor/orchestra/testbench-core/laravel/bootstrap/cache directory must be present and writable.

/var/www/html/vendor/laravel/framework/src/Illuminate/Foundation/PackageManifest.php:179
/var/www/html/vendor/orchestra/testbench-core/src/Foundation/PackageManifest.php:157
/var/www/html/vendor/laravel/framework/src/Illuminate/Foundation/PackageManifest.php:132
/var/www/html/vendor/laravel/framework/src/Illuminate/Foundation/PackageManifest.php:108
/var/www/html/vendor/orchestra/testbench-core/src/Foundation/PackageManifest.php:102
/var/www/html/vendor/laravel/framework/src/Illuminate/Foundation/PackageManifest.php:91
/var/www/html/vendor/laravel/framework/src/Illuminate/Foundation/PackageManifest.php:80
/var/www/html/vendor/laravel/framework/src/Illuminate/Foundation/Bootstrap/RegisterFacades.php:26
/var/www/html/vendor/orchestra/testbench-core/src/Concerns/CreatesApplication.php:556
/var/www/html/vendor/orchestra/testbench-core/src/Concerns/CreatesApplication.php:311
/var/www/html/vendor/orchestra/testbench-core/src/TestCase.php:121
/var/www/html/vendor/orchestra/testbench-core/src/Concerns/ApplicationTestingHooks.php:74
/var/www/html/vendor/orchestra/testbench-core/src/Concerns/Testing.php:43
/var/www/html/vendor/laravel/framework/src/Illuminate/Collections/helpers.php:236
/var/www/html/vendor/orchestra/sidekick/src/functions.php:87
/var/www/html/vendor/laravel/framework/src/Illuminate/Collections/helpers.php:236
/var/www/html/vendor/orchestra/testbench-core/src/Concerns/Testing.php:57
/var/www/html/vendor/orchestra/testbench-core/src/TestCase.php:50
/var/www/html/tests/TestCase.php:61
/var/www/html/tests/Unit/Transport/MessageFramerTest.php:44</error>
          </testcase>
          <testcase name="it_provides_standard_error_codes with data set #1" file="/var/www/html/tests/Unit/Transport/MessageFramerTest.php" line="362" class="JTD\LaravelMCP\Tests\Unit\Transport\MessageFramerTest" classname="JTD.LaravelMCP.Tests.Unit.Transport.MessageFramerTest" assertions="0" time="0.000000">
            <error type="Exception">JTD\LaravelMCP\Tests\Unit\Transport\MessageFramerTest::it_provides_standard_error_codes with data set #1
Exception: The /var/www/html/vendor/orchestra/testbench-core/laravel/bootstrap/cache directory must be present and writable.

/var/www/html/vendor/laravel/framework/src/Illuminate/Foundation/PackageManifest.php:179
/var/www/html/vendor/orchestra/testbench-core/src/Foundation/PackageManifest.php:157
/var/www/html/vendor/laravel/framework/src/Illuminate/Foundation/PackageManifest.php:132
/var/www/html/vendor/laravel/framework/src/Illuminate/Foundation/PackageManifest.php:108
/var/www/html/vendor/orchestra/testbench-core/src/Foundation/PackageManifest.php:102
/var/www/html/vendor/laravel/framework/src/Illuminate/Foundation/PackageManifest.php:91
/var/www/html/vendor/laravel/framework/src/Illuminate/Foundation/PackageManifest.php:80
/var/www/html/vendor/laravel/framework/src/Illuminate/Foundation/Bootstrap/RegisterFacades.php:26
/var/www/html/vendor/orchestra/testbench-core/src/Concerns/CreatesApplication.php:556
/var/www/html/vendor/orchestra/testbench-core/src/Concerns/CreatesApplication.php:311
/var/www/html/vendor/orchestra/testbench-core/src/TestCase.php:121
/var/www/html/vendor/orchestra/testbench-core/src/Concerns/ApplicationTestingHooks.php:74
/var/www/html/vendor/orchestra/testbench-core/src/Concerns/Testing.php:43
/var/www/html/vendor/laravel/framework/src/Illuminate/Collections/helpers.php:236
/var/www/html/vendor/orchestra/sidekick/src/functions.php:87
/var/www/html/vendor/laravel/framework/src/Illuminate/Collections/helpers.php:236
/var/www/html/vendor/orchestra/testbench-core/src/Concerns/Testing.php:57
/var/www/html/vendor/orchestra/testbench-core/src/TestCase.php:50
/var/www/html/tests/TestCase.php:61
/var/www/html/tests/Unit/Transport/MessageFramerTest.php:44</error>
          </testcase>
          <testcase name="it_provides_standard_error_codes with data set #2" file="/var/www/html/tests/Unit/Transport/MessageFramerTest.php" line="362" class="JTD\LaravelMCP\Tests\Unit\Transport\MessageFramerTest" classname="JTD.LaravelMCP.Tests.Unit.Transport.MessageFramerTest" assertions="0" time="0.000000">
            <error type="Exception">JTD\LaravelMCP\Tests\Unit\Transport\MessageFramerTest::it_provides_standard_error_codes with data set #2
Exception: The /var/www/html/vendor/orchestra/testbench-core/laravel/bootstrap/cache directory must be present and writable.

/var/www/html/vendor/laravel/framework/src/Illuminate/Foundation/PackageManifest.php:179
/var/www/html/vendor/orchestra/testbench-core/src/Foundation/PackageManifest.php:157
/var/www/html/vendor/laravel/framework/src/Illuminate/Foundation/PackageManifest.php:132
/var/www/html/vendor/laravel/framework/src/Illuminate/Foundation/PackageManifest.php:108
/var/www/html/vendor/orchestra/testbench-core/src/Foundation/PackageManifest.php:102
/var/www/html/vendor/laravel/framework/src/Illuminate/Foundation/PackageManifest.php:91
/var/www/html/vendor/laravel/framework/src/Illuminate/Foundation/PackageManifest.php:80
/var/www/html/vendor/laravel/framework/src/Illuminate/Foundation/Bootstrap/RegisterFacades.php:26
/var/www/html/vendor/orchestra/testbench-core/src/Concerns/CreatesApplication.php:556
/var/www/html/vendor/orchestra/testbench-core/src/Concerns/CreatesApplication.php:311
/var/www/html/vendor/orchestra/testbench-core/src/TestCase.php:121
/var/www/html/vendor/orchestra/testbench-core/src/Concerns/ApplicationTestingHooks.php:74
/var/www/html/vendor/orchestra/testbench-core/src/Concerns/Testing.php:43
/var/www/html/vendor/laravel/framework/src/Illuminate/Collections/helpers.php:236
/var/www/html/vendor/orchestra/sidekick/src/functions.php:87
/var/www/html/vendor/laravel/framework/src/Illuminate/Collections/helpers.php:236
/var/www/html/vendor/orchestra/testbench-core/src/Concerns/Testing.php:57
/var/www/html/vendor/orchestra/testbench-core/src/TestCase.php:50
/var/www/html/tests/TestCase.php:61
/var/www/html/tests/Unit/Transport/MessageFramerTest.php:44</error>
          </testcase>
          <testcase name="it_provides_standard_error_codes with data set #3" file="/var/www/html/tests/Unit/Transport/MessageFramerTest.php" line="362" class="JTD\LaravelMCP\Tests\Unit\Transport\MessageFramerTest" classname="JTD.LaravelMCP.Tests.Unit.Transport.MessageFramerTest" assertions="0" time="0.000000">
            <error type="Exception">JTD\LaravelMCP\Tests\Unit\Transport\MessageFramerTest::it_provides_standard_error_codes with data set #3
Exception: The /var/www/html/vendor/orchestra/testbench-core/laravel/bootstrap/cache directory must be present and writable.

/var/www/html/vendor/laravel/framework/src/Illuminate/Foundation/PackageManifest.php:179
/var/www/html/vendor/orchestra/testbench-core/src/Foundation/PackageManifest.php:157
/var/www/html/vendor/laravel/framework/src/Illuminate/Foundation/PackageManifest.php:132
/var/www/html/vendor/laravel/framework/src/Illuminate/Foundation/PackageManifest.php:108
/var/www/html/vendor/orchestra/testbench-core/src/Foundation/PackageManifest.php:102
/var/www/html/vendor/laravel/framework/src/Illuminate/Foundation/PackageManifest.php:91
/var/www/html/vendor/laravel/framework/src/Illuminate/Foundation/PackageManifest.php:80
/var/www/html/vendor/laravel/framework/src/Illuminate/Foundation/Bootstrap/RegisterFacades.php:26
/var/www/html/vendor/orchestra/testbench-core/src/Concerns/CreatesApplication.php:556
/var/www/html/vendor/orchestra/testbench-core/src/Concerns/CreatesApplication.php:311
/var/www/html/vendor/orchestra/testbench-core/src/TestCase.php:121
/var/www/html/vendor/orchestra/testbench-core/src/Concerns/ApplicationTestingHooks.php:74
/var/www/html/vendor/orchestra/testbench-core/src/Concerns/Testing.php:43
/var/www/html/vendor/laravel/framework/src/Illuminate/Collections/helpers.php:236
/var/www/html/vendor/orchestra/sidekick/src/functions.php:87
/var/www/html/vendor/laravel/framework/src/Illuminate/Collections/helpers.php:236
/var/www/html/vendor/orchestra/testbench-core/src/Concerns/Testing.php:57
/var/www/html/vendor/orchestra/testbench-core/src/TestCase.php:50
/var/www/html/tests/TestCase.php:61
/var/www/html/tests/Unit/Transport/MessageFramerTest.php:44</error>
          </testcase>
          <testcase name="it_provides_standard_error_codes with data set #4" file="/var/www/html/tests/Unit/Transport/MessageFramerTest.php" line="362" class="JTD\LaravelMCP\Tests\Unit\Transport\MessageFramerTest" classname="JTD.LaravelMCP.Tests.Unit.Transport.MessageFramerTest" assertions="0" time="0.000000">
            <error type="Exception">JTD\LaravelMCP\Tests\Unit\Transport\MessageFramerTest::it_provides_standard_error_codes with data set #4
Exception: The /var/www/html/vendor/orchestra/testbench-core/laravel/bootstrap/cache directory must be present and writable.

/var/www/html/vendor/laravel/framework/src/Illuminate/Foundation/PackageManifest.php:179
/var/www/html/vendor/orchestra/testbench-core/src/Foundation/PackageManifest.php:157
/var/www/html/vendor/laravel/framework/src/Illuminate/Foundation/PackageManifest.php:132
/var/www/html/vendor/laravel/framework/src/Illuminate/Foundation/PackageManifest.php:108
/var/www/html/vendor/orchestra/testbench-core/src/Foundation/PackageManifest.php:102
/var/www/html/vendor/laravel/framework/src/Illuminate/Foundation/PackageManifest.php:91
/var/www/html/vendor/laravel/framework/src/Illuminate/Foundation/PackageManifest.php:80
/var/www/html/vendor/laravel/framework/src/Illuminate/Foundation/Bootstrap/RegisterFacades.php:26
/var/www/html/vendor/orchestra/testbench-core/src/Concerns/CreatesApplication.php:556
/var/www/html/vendor/orchestra/testbench-core/src/Concerns/CreatesApplication.php:311
/var/www/html/vendor/orchestra/testbench-core/src/TestCase.php:121
/var/www/html/vendor/orchestra/testbench-core/src/Concerns/ApplicationTestingHooks.php:74
/var/www/html/vendor/orchestra/testbench-core/src/Concerns/Testing.php:43
/var/www/html/vendor/laravel/framework/src/Illuminate/Collections/helpers.php:236
/var/www/html/vendor/orchestra/sidekick/src/functions.php:87
/var/www/html/vendor/laravel/framework/src/Illuminate/Collections/helpers.php:236
/var/www/html/vendor/orchestra/testbench-core/src/Concerns/Testing.php:57
/var/www/html/vendor/orchestra/testbench-core/src/TestCase.php:50
/var/www/html/tests/TestCase.php:61
/var/www/html/tests/Unit/Transport/MessageFramerTest.php:44</error>
          </testcase>
          <testcase name="it_provides_standard_error_codes with data set #5" file="/var/www/html/tests/Unit/Transport/MessageFramerTest.php" line="362" class="JTD\LaravelMCP\Tests\Unit\Transport\MessageFramerTest" classname="JTD.LaravelMCP.Tests.Unit.Transport.MessageFramerTest" assertions="0" time="0.000000">
            <error type="Exception">JTD\LaravelMCP\Tests\Unit\Transport\MessageFramerTest::it_provides_standard_error_codes with data set #5
Exception: The /var/www/html/vendor/orchestra/testbench-core/laravel/bootstrap/cache directory must be present and writable.

/var/www/html/vendor/laravel/framework/src/Illuminate/Foundation/PackageManifest.php:179
/var/www/html/vendor/orchestra/testbench-core/src/Foundation/PackageManifest.php:157
/var/www/html/vendor/laravel/framework/src/Illuminate/Foundation/PackageManifest.php:132
/var/www/html/vendor/laravel/framework/src/Illuminate/Foundation/PackageManifest.php:108
/var/www/html/vendor/orchestra/testbench-core/src/Foundation/PackageManifest.php:102
/var/www/html/vendor/laravel/framework/src/Illuminate/Foundation/PackageManifest.php:91
/var/www/html/vendor/laravel/framework/src/Illuminate/Foundation/PackageManifest.php:80
/var/www/html/vendor/laravel/framework/src/Illuminate/Foundation/Bootstrap/RegisterFacades.php:26
/var/www/html/vendor/orchestra/testbench-core/src/Concerns/CreatesApplication.php:556
/var/www/html/vendor/orchestra/testbench-core/src/Concerns/CreatesApplication.php:311
/var/www/html/vendor/orchestra/testbench-core/src/TestCase.php:121
/var/www/html/vendor/orchestra/testbench-core/src/Concerns/ApplicationTestingHooks.php:74
/var/www/html/vendor/orchestra/testbench-core/src/Concerns/Testing.php:43
/var/www/html/vendor/laravel/framework/src/Illuminate/Collections/helpers.php:236
/var/www/html/vendor/orchestra/sidekick/src/functions.php:87
/var/www/html/vendor/laravel/framework/src/Illuminate/Collections/helpers.php:236
/var/www/html/vendor/orchestra/testbench-core/src/Concerns/Testing.php:57
/var/www/html/vendor/orchestra/testbench-core/src/TestCase.php:50
/var/www/html/tests/TestCase.php:61
/var/www/html/tests/Unit/Transport/MessageFramerTest.php:44</error>
          </testcase>
        </testsuite>
      </testsuite>
      <testsuite name="JTD\LaravelMCP\Tests\Unit\Transport\StdioTransportTest" file="/var/www/html/tests/Unit/Transport/StdioTransportTest.php" tests="22" assertions="0" errors="22" failures="0" skipped="0" time="0.000000">
        <testcase name="it_initializes_with_default_configuration" file="/var/www/html/tests/Unit/Transport/StdioTransportTest.php" line="79" class="JTD\LaravelMCP\Tests\Unit\Transport\StdioTransportTest" classname="JTD.LaravelMCP.Tests.Unit.Transport.StdioTransportTest" assertions="0" time="0.000000">
          <error type="Exception">JTD\LaravelMCP\Tests\Unit\Transport\StdioTransportTest::it_initializes_with_default_configuration
Exception: The /var/www/html/vendor/orchestra/testbench-core/laravel/bootstrap/cache directory must be present and writable.

/var/www/html/vendor/laravel/framework/src/Illuminate/Foundation/PackageManifest.php:179
/var/www/html/vendor/orchestra/testbench-core/src/Foundation/PackageManifest.php:157
/var/www/html/vendor/laravel/framework/src/Illuminate/Foundation/PackageManifest.php:132
/var/www/html/vendor/laravel/framework/src/Illuminate/Foundation/PackageManifest.php:108
/var/www/html/vendor/orchestra/testbench-core/src/Foundation/PackageManifest.php:102
/var/www/html/vendor/laravel/framework/src/Illuminate/Foundation/PackageManifest.php:91
/var/www/html/vendor/laravel/framework/src/Illuminate/Foundation/PackageManifest.php:80
/var/www/html/vendor/laravel/framework/src/Illuminate/Foundation/Bootstrap/RegisterFacades.php:26
/var/www/html/vendor/orchestra/testbench-core/src/Concerns/CreatesApplication.php:556
/var/www/html/vendor/orchestra/testbench-core/src/Concerns/CreatesApplication.php:311
/var/www/html/vendor/orchestra/testbench-core/src/TestCase.php:121
/var/www/html/vendor/orchestra/testbench-core/src/Concerns/ApplicationTestingHooks.php:74
/var/www/html/vendor/orchestra/testbench-core/src/Concerns/Testing.php:43
/var/www/html/vendor/laravel/framework/src/Illuminate/Collections/helpers.php:236
/var/www/html/vendor/orchestra/sidekick/src/functions.php:87
/var/www/html/vendor/laravel/framework/src/Illuminate/Collections/helpers.php:236
/var/www/html/vendor/orchestra/testbench-core/src/Concerns/Testing.php:57
/var/www/html/vendor/orchestra/testbench-core/src/TestCase.php:50
/var/www/html/tests/TestCase.php:61
/var/www/html/tests/Unit/Transport/StdioTransportTest.php:52</error>
        </testcase>
        <testcase name="it_initializes_with_custom_configuration" file="/var/www/html/tests/Unit/Transport/StdioTransportTest.php" line="96" class="JTD\LaravelMCP\Tests\Unit\Transport\StdioTransportTest" classname="JTD.LaravelMCP.Tests.Unit.Transport.StdioTransportTest" assertions="0" time="0.000000">
          <error type="Exception">JTD\LaravelMCP\Tests\Unit\Transport\StdioTransportTest::it_initializes_with_custom_configuration
Exception: The /var/www/html/vendor/orchestra/testbench-core/laravel/bootstrap/cache directory must be present and writable.

/var/www/html/vendor/laravel/framework/src/Illuminate/Foundation/PackageManifest.php:179
/var/www/html/vendor/orchestra/testbench-core/src/Foundation/PackageManifest.php:157
/var/www/html/vendor/laravel/framework/src/Illuminate/Foundation/PackageManifest.php:132
/var/www/html/vendor/laravel/framework/src/Illuminate/Foundation/PackageManifest.php:108
/var/www/html/vendor/orchestra/testbench-core/src/Foundation/PackageManifest.php:102
/var/www/html/vendor/laravel/framework/src/Illuminate/Foundation/PackageManifest.php:91
/var/www/html/vendor/laravel/framework/src/Illuminate/Foundation/PackageManifest.php:80
/var/www/html/vendor/laravel/framework/src/Illuminate/Foundation/Bootstrap/RegisterFacades.php:26
/var/www/html/vendor/orchestra/testbench-core/src/Concerns/CreatesApplication.php:556
/var/www/html/vendor/orchestra/testbench-core/src/Concerns/CreatesApplication.php:311
/var/www/html/vendor/orchestra/testbench-core/src/TestCase.php:121
/var/www/html/vendor/orchestra/testbench-core/src/Concerns/ApplicationTestingHooks.php:74
/var/www/html/vendor/orchestra/testbench-core/src/Concerns/Testing.php:43
/var/www/html/vendor/laravel/framework/src/Illuminate/Collections/helpers.php:236
/var/www/html/vendor/orchestra/sidekick/src/functions.php:87
/var/www/html/vendor/laravel/framework/src/Illuminate/Collections/helpers.php:236
/var/www/html/vendor/orchestra/testbench-core/src/Concerns/Testing.php:57
/var/www/html/vendor/orchestra/testbench-core/src/TestCase.php:50
/var/www/html/tests/TestCase.php:61
/var/www/html/tests/Unit/Transport/StdioTransportTest.php:52</error>
        </testcase>
        <testcase name="it_returns_correct_transport_type" file="/var/www/html/tests/Unit/Transport/StdioTransportTest.php" line="114" class="JTD\LaravelMCP\Tests\Unit\Transport\StdioTransportTest" classname="JTD.LaravelMCP.Tests.Unit.Transport.StdioTransportTest" assertions="0" time="0.000000">
          <error type="Exception">JTD\LaravelMCP\Tests\Unit\Transport\StdioTransportTest::it_returns_correct_transport_type
Exception: The /var/www/html/vendor/orchestra/testbench-core/laravel/bootstrap/cache directory must be present and writable.

/var/www/html/vendor/laravel/framework/src/Illuminate/Foundation/PackageManifest.php:179
/var/www/html/vendor/orchestra/testbench-core/src/Foundation/PackageManifest.php:157
/var/www/html/vendor/laravel/framework/src/Illuminate/Foundation/PackageManifest.php:132
/var/www/html/vendor/laravel/framework/src/Illuminate/Foundation/PackageManifest.php:108
/var/www/html/vendor/orchestra/testbench-core/src/Foundation/PackageManifest.php:102
/var/www/html/vendor/laravel/framework/src/Illuminate/Foundation/PackageManifest.php:91
/var/www/html/vendor/laravel/framework/src/Illuminate/Foundation/PackageManifest.php:80
/var/www/html/vendor/laravel/framework/src/Illuminate/Foundation/Bootstrap/RegisterFacades.php:26
/var/www/html/vendor/orchestra/testbench-core/src/Concerns/CreatesApplication.php:556
/var/www/html/vendor/orchestra/testbench-core/src/Concerns/CreatesApplication.php:311
/var/www/html/vendor/orchestra/testbench-core/src/TestCase.php:121
/var/www/html/vendor/orchestra/testbench-core/src/Concerns/ApplicationTestingHooks.php:74
/var/www/html/vendor/orchestra/testbench-core/src/Concerns/Testing.php:43
/var/www/html/vendor/laravel/framework/src/Illuminate/Collections/helpers.php:236
/var/www/html/vendor/orchestra/sidekick/src/functions.php:87
/var/www/html/vendor/laravel/framework/src/Illuminate/Collections/helpers.php:236
/var/www/html/vendor/orchestra/testbench-core/src/Concerns/Testing.php:57
/var/www/html/vendor/orchestra/testbench-core/src/TestCase.php:50
/var/www/html/tests/TestCase.php:61
/var/www/html/tests/Unit/Transport/StdioTransportTest.php:52</error>
        </testcase>
        <testcase name="it_tracks_connection_status" file="/var/www/html/tests/Unit/Transport/StdioTransportTest.php" line="122" class="JTD\LaravelMCP\Tests\Unit\Transport\StdioTransportTest" classname="JTD.LaravelMCP.Tests.Unit.Transport.StdioTransportTest" assertions="0" time="0.000000">
          <error type="Exception">JTD\LaravelMCP\Tests\Unit\Transport\StdioTransportTest::it_tracks_connection_status
Exception: The /var/www/html/vendor/orchestra/testbench-core/laravel/bootstrap/cache directory must be present and writable.

/var/www/html/vendor/laravel/framework/src/Illuminate/Foundation/PackageManifest.php:179
/var/www/html/vendor/orchestra/testbench-core/src/Foundation/PackageManifest.php:157
/var/www/html/vendor/laravel/framework/src/Illuminate/Foundation/PackageManifest.php:132
/var/www/html/vendor/laravel/framework/src/Illuminate/Foundation/PackageManifest.php:108
/var/www/html/vendor/orchestra/testbench-core/src/Foundation/PackageManifest.php:102
/var/www/html/vendor/laravel/framework/src/Illuminate/Foundation/PackageManifest.php:91
/var/www/html/vendor/laravel/framework/src/Illuminate/Foundation/PackageManifest.php:80
/var/www/html/vendor/laravel/framework/src/Illuminate/Foundation/Bootstrap/RegisterFacades.php:26
/var/www/html/vendor/orchestra/testbench-core/src/Concerns/CreatesApplication.php:556
/var/www/html/vendor/orchestra/testbench-core/src/Concerns/CreatesApplication.php:311
/var/www/html/vendor/orchestra/testbench-core/src/TestCase.php:121
/var/www/html/vendor/orchestra/testbench-core/src/Concerns/ApplicationTestingHooks.php:74
/var/www/html/vendor/orchestra/testbench-core/src/Concerns/Testing.php:43
/var/www/html/vendor/laravel/framework/src/Illuminate/Collections/helpers.php:236
/var/www/html/vendor/orchestra/sidekick/src/functions.php:87
/var/www/html/vendor/laravel/framework/src/Illuminate/Collections/helpers.php:236
/var/www/html/vendor/orchestra/testbench-core/src/Concerns/Testing.php:57
/var/www/html/vendor/orchestra/testbench-core/src/TestCase.php:50
/var/www/html/tests/TestCase.php:61
/var/www/html/tests/Unit/Transport/StdioTransportTest.php:52</error>
        </testcase>
        <testcase name="it_sets_message_handler" file="/var/www/html/tests/Unit/Transport/StdioTransportTest.php" line="133" class="JTD\LaravelMCP\Tests\Unit\Transport\StdioTransportTest" classname="JTD.LaravelMCP.Tests.Unit.Transport.StdioTransportTest" assertions="0" time="0.000000">
          <error type="Exception">JTD\LaravelMCP\Tests\Unit\Transport\StdioTransportTest::it_sets_message_handler
Exception: The /var/www/html/vendor/orchestra/testbench-core/laravel/bootstrap/cache directory must be present and writable.

/var/www/html/vendor/laravel/framework/src/Illuminate/Foundation/PackageManifest.php:179
/var/www/html/vendor/orchestra/testbench-core/src/Foundation/PackageManifest.php:157
/var/www/html/vendor/laravel/framework/src/Illuminate/Foundation/PackageManifest.php:132
/var/www/html/vendor/laravel/framework/src/Illuminate/Foundation/PackageManifest.php:108
/var/www/html/vendor/orchestra/testbench-core/src/Foundation/PackageManifest.php:102
/var/www/html/vendor/laravel/framework/src/Illuminate/Foundation/PackageManifest.php:91
/var/www/html/vendor/laravel/framework/src/Illuminate/Foundation/PackageManifest.php:80
/var/www/html/vendor/laravel/framework/src/Illuminate/Foundation/Bootstrap/RegisterFacades.php:26
/var/www/html/vendor/orchestra/testbench-core/src/Concerns/CreatesApplication.php:556
/var/www/html/vendor/orchestra/testbench-core/src/Concerns/CreatesApplication.php:311
/var/www/html/vendor/orchestra/testbench-core/src/TestCase.php:121
/var/www/html/vendor/orchestra/testbench-core/src/Concerns/ApplicationTestingHooks.php:74
/var/www/html/vendor/orchestra/testbench-core/src/Concerns/Testing.php:43
/var/www/html/vendor/laravel/framework/src/Illuminate/Collections/helpers.php:236
/var/www/html/vendor/orchestra/sidekick/src/functions.php:87
/var/www/html/vendor/laravel/framework/src/Illuminate/Collections/helpers.php:236
/var/www/html/vendor/orchestra/testbench-core/src/Concerns/Testing.php:57
/var/www/html/vendor/orchestra/testbench-core/src/TestCase.php:50
/var/www/html/tests/TestCase.php:61
/var/www/html/tests/Unit/Transport/StdioTransportTest.php:52</error>
        </testcase>
        <testcase name="it_clears_buffer" file="/var/www/html/tests/Unit/Transport/StdioTransportTest.php" line="144" class="JTD\LaravelMCP\Tests\Unit\Transport\StdioTransportTest" classname="JTD.LaravelMCP.Tests.Unit.Transport.StdioTransportTest" assertions="0" time="0.000000">
          <error type="Exception">JTD\LaravelMCP\Tests\Unit\Transport\StdioTransportTest::it_clears_buffer
Exception: The /var/www/html/vendor/orchestra/testbench-core/laravel/bootstrap/cache directory must be present and writable.

/var/www/html/vendor/laravel/framework/src/Illuminate/Foundation/PackageManifest.php:179
/var/www/html/vendor/orchestra/testbench-core/src/Foundation/PackageManifest.php:157
/var/www/html/vendor/laravel/framework/src/Illuminate/Foundation/PackageManifest.php:132
/var/www/html/vendor/laravel/framework/src/Illuminate/Foundation/PackageManifest.php:108
/var/www/html/vendor/orchestra/testbench-core/src/Foundation/PackageManifest.php:102
/var/www/html/vendor/laravel/framework/src/Illuminate/Foundation/PackageManifest.php:91
/var/www/html/vendor/laravel/framework/src/Illuminate/Foundation/PackageManifest.php:80
/var/www/html/vendor/laravel/framework/src/Illuminate/Foundation/Bootstrap/RegisterFacades.php:26
/var/www/html/vendor/orchestra/testbench-core/src/Concerns/CreatesApplication.php:556
/var/www/html/vendor/orchestra/testbench-core/src/Concerns/CreatesApplication.php:311
/var/www/html/vendor/orchestra/testbench-core/src/TestCase.php:121
/var/www/html/vendor/orchestra/testbench-core/src/Concerns/ApplicationTestingHooks.php:74
/var/www/html/vendor/orchestra/testbench-core/src/Concerns/Testing.php:43
/var/www/html/vendor/laravel/framework/src/Illuminate/Collections/helpers.php:236
/var/www/html/vendor/orchestra/sidekick/src/functions.php:87
/var/www/html/vendor/laravel/framework/src/Illuminate/Collections/helpers.php:236
/var/www/html/vendor/orchestra/testbench-core/src/Concerns/Testing.php:57
/var/www/html/vendor/orchestra/testbench-core/src/TestCase.php:50
/var/www/html/tests/TestCase.php:61
/var/www/html/tests/Unit/Transport/StdioTransportTest.php:52</error>
        </testcase>
        <testcase name="it_handles_symfony_process_integration" file="/var/www/html/tests/Unit/Transport/StdioTransportTest.php" line="154" class="JTD\LaravelMCP\Tests\Unit\Transport\StdioTransportTest" classname="JTD.LaravelMCP.Tests.Unit.Transport.StdioTransportTest" assertions="0" time="0.000000">
          <error type="Exception">JTD\LaravelMCP\Tests\Unit\Transport\StdioTransportTest::it_handles_symfony_process_integration
Exception: The /var/www/html/vendor/orchestra/testbench-core/laravel/bootstrap/cache directory must be present and writable.

/var/www/html/vendor/laravel/framework/src/Illuminate/Foundation/PackageManifest.php:179
/var/www/html/vendor/orchestra/testbench-core/src/Foundation/PackageManifest.php:157
/var/www/html/vendor/laravel/framework/src/Illuminate/Foundation/PackageManifest.php:132
/var/www/html/vendor/laravel/framework/src/Illuminate/Foundation/PackageManifest.php:108
/var/www/html/vendor/orchestra/testbench-core/src/Foundation/PackageManifest.php:102
/var/www/html/vendor/laravel/framework/src/Illuminate/Foundation/PackageManifest.php:91
/var/www/html/vendor/laravel/framework/src/Illuminate/Foundation/PackageManifest.php:80
/var/www/html/vendor/laravel/framework/src/Illuminate/Foundation/Bootstrap/RegisterFacades.php:26
/var/www/html/vendor/orchestra/testbench-core/src/Concerns/CreatesApplication.php:556
/var/www/html/vendor/orchestra/testbench-core/src/Concerns/CreatesApplication.php:311
/var/www/html/vendor/orchestra/testbench-core/src/TestCase.php:121
/var/www/html/vendor/orchestra/testbench-core/src/Concerns/ApplicationTestingHooks.php:74
/var/www/html/vendor/orchestra/testbench-core/src/Concerns/Testing.php:43
/var/www/html/vendor/laravel/framework/src/Illuminate/Collections/helpers.php:236
/var/www/html/vendor/orchestra/sidekick/src/functions.php:87
/var/www/html/vendor/laravel/framework/src/Illuminate/Collections/helpers.php:236
/var/www/html/vendor/orchestra/testbench-core/src/Concerns/Testing.php:57
/var/www/html/vendor/orchestra/testbench-core/src/TestCase.php:50
/var/www/html/tests/TestCase.php:61
/var/www/html/tests/Unit/Transport/StdioTransportTest.php:52</error>
        </testcase>
        <testcase name="it_provides_connection_info" file="/var/www/html/tests/Unit/Transport/StdioTransportTest.php" line="165" class="JTD\LaravelMCP\Tests\Unit\Transport\StdioTransportTest" classname="JTD.LaravelMCP.Tests.Unit.Transport.StdioTransportTest" assertions="0" time="0.000000">
          <error type="Exception">JTD\LaravelMCP\Tests\Unit\Transport\StdioTransportTest::it_provides_connection_info
Exception: The /var/www/html/vendor/orchestra/testbench-core/laravel/bootstrap/cache directory must be present and writable.

/var/www/html/vendor/laravel/framework/src/Illuminate/Foundation/PackageManifest.php:179
/var/www/html/vendor/orchestra/testbench-core/src/Foundation/PackageManifest.php:157
/var/www/html/vendor/laravel/framework/src/Illuminate/Foundation/PackageManifest.php:132
/var/www/html/vendor/laravel/framework/src/Illuminate/Foundation/PackageManifest.php:108
/var/www/html/vendor/orchestra/testbench-core/src/Foundation/PackageManifest.php:102
/var/www/html/vendor/laravel/framework/src/Illuminate/Foundation/PackageManifest.php:91
/var/www/html/vendor/laravel/framework/src/Illuminate/Foundation/PackageManifest.php:80
/var/www/html/vendor/laravel/framework/src/Illuminate/Foundation/Bootstrap/RegisterFacades.php:26
/var/www/html/vendor/orchestra/testbench-core/src/Concerns/CreatesApplication.php:556
/var/www/html/vendor/orchestra/testbench-core/src/Concerns/CreatesApplication.php:311
/var/www/html/vendor/orchestra/testbench-core/src/TestCase.php:121
/var/www/html/vendor/orchestra/testbench-core/src/Concerns/ApplicationTestingHooks.php:74
/var/www/html/vendor/orchestra/testbench-core/src/Concerns/Testing.php:43
/var/www/html/vendor/laravel/framework/src/Illuminate/Collections/helpers.php:236
/var/www/html/vendor/orchestra/sidekick/src/functions.php:87
/var/www/html/vendor/laravel/framework/src/Illuminate/Collections/helpers.php:236
/var/www/html/vendor/orchestra/testbench-core/src/Concerns/Testing.php:57
/var/www/html/vendor/orchestra/testbench-core/src/TestCase.php:50
/var/www/html/tests/TestCase.php:61
/var/www/html/tests/Unit/Transport/StdioTransportTest.php:52</error>
        </testcase>
        <testcase name="it_performs_health_checks" file="/var/www/html/tests/Unit/Transport/StdioTransportTest.php" line="182" class="JTD\LaravelMCP\Tests\Unit\Transport\StdioTransportTest" classname="JTD.LaravelMCP.Tests.Unit.Transport.StdioTransportTest" assertions="0" time="0.000000">
          <error type="Exception">JTD\LaravelMCP\Tests\Unit\Transport\StdioTransportTest::it_performs_health_checks
Exception: The /var/www/html/vendor/orchestra/testbench-core/laravel/bootstrap/cache directory must be present and writable.

/var/www/html/vendor/laravel/framework/src/Illuminate/Foundation/PackageManifest.php:179
/var/www/html/vendor/orchestra/testbench-core/src/Foundation/PackageManifest.php:157
/var/www/html/vendor/laravel/framework/src/Illuminate/Foundation/PackageManifest.php:132
/var/www/html/vendor/laravel/framework/src/Illuminate/Foundation/PackageManifest.php:108
/var/www/html/vendor/orchestra/testbench-core/src/Foundation/PackageManifest.php:102
/var/www/html/vendor/laravel/framework/src/Illuminate/Foundation/PackageManifest.php:91
/var/www/html/vendor/laravel/framework/src/Illuminate/Foundation/PackageManifest.php:80
/var/www/html/vendor/laravel/framework/src/Illuminate/Foundation/Bootstrap/RegisterFacades.php:26
/var/www/html/vendor/orchestra/testbench-core/src/Concerns/CreatesApplication.php:556
/var/www/html/vendor/orchestra/testbench-core/src/Concerns/CreatesApplication.php:311
/var/www/html/vendor/orchestra/testbench-core/src/TestCase.php:121
/var/www/html/vendor/orchestra/testbench-core/src/Concerns/ApplicationTestingHooks.php:74
/var/www/html/vendor/orchestra/testbench-core/src/Concerns/Testing.php:43
/var/www/html/vendor/laravel/framework/src/Illuminate/Collections/helpers.php:236
/var/www/html/vendor/orchestra/sidekick/src/functions.php:87
/var/www/html/vendor/laravel/framework/src/Illuminate/Collections/helpers.php:236
/var/www/html/vendor/orchestra/testbench-core/src/Concerns/Testing.php:57
/var/www/html/vendor/orchestra/testbench-core/src/TestCase.php:50
/var/www/html/tests/TestCase.php:61
/var/www/html/tests/Unit/Transport/StdioTransportTest.php:52</error>
        </testcase>
        <testcase name="it_gets_statistics" file="/var/www/html/tests/Unit/Transport/StdioTransportTest.php" line="197" class="JTD\LaravelMCP\Tests\Unit\Transport\StdioTransportTest" classname="JTD.LaravelMCP.Tests.Unit.Transport.StdioTransportTest" assertions="0" time="0.000000">
          <error type="Exception">JTD\LaravelMCP\Tests\Unit\Transport\StdioTransportTest::it_gets_statistics
Exception: The /var/www/html/vendor/orchestra/testbench-core/laravel/bootstrap/cache directory must be present and writable.

/var/www/html/vendor/laravel/framework/src/Illuminate/Foundation/PackageManifest.php:179
/var/www/html/vendor/orchestra/testbench-core/src/Foundation/PackageManifest.php:157
/var/www/html/vendor/laravel/framework/src/Illuminate/Foundation/PackageManifest.php:132
/var/www/html/vendor/laravel/framework/src/Illuminate/Foundation/PackageManifest.php:108
/var/www/html/vendor/orchestra/testbench-core/src/Foundation/PackageManifest.php:102
/var/www/html/vendor/laravel/framework/src/Illuminate/Foundation/PackageManifest.php:91
/var/www/html/vendor/laravel/framework/src/Illuminate/Foundation/PackageManifest.php:80
/var/www/html/vendor/laravel/framework/src/Illuminate/Foundation/Bootstrap/RegisterFacades.php:26
/var/www/html/vendor/orchestra/testbench-core/src/Concerns/CreatesApplication.php:556
/var/www/html/vendor/orchestra/testbench-core/src/Concerns/CreatesApplication.php:311
/var/www/html/vendor/orchestra/testbench-core/src/TestCase.php:121
/var/www/html/vendor/orchestra/testbench-core/src/Concerns/ApplicationTestingHooks.php:74
/var/www/html/vendor/orchestra/testbench-core/src/Concerns/Testing.php:43
/var/www/html/vendor/laravel/framework/src/Illuminate/Collections/helpers.php:236
/var/www/html/vendor/orchestra/sidekick/src/functions.php:87
/var/www/html/vendor/laravel/framework/src/Illuminate/Collections/helpers.php:236
/var/www/html/vendor/orchestra/testbench-core/src/Concerns/Testing.php:57
/var/www/html/vendor/orchestra/testbench-core/src/TestCase.php:50
/var/www/html/tests/TestCase.php:61
/var/www/html/tests/Unit/Transport/StdioTransportTest.php:52</error>
        </testcase>
        <testcase name="it_handles_signal_term" file="/var/www/html/tests/Unit/Transport/StdioTransportTest.php" line="213" class="JTD\LaravelMCP\Tests\Unit\Transport\StdioTransportTest" classname="JTD.LaravelMCP.Tests.Unit.Transport.StdioTransportTest" assertions="0" time="0.000000">
          <error type="Exception">JTD\LaravelMCP\Tests\Unit\Transport\StdioTransportTest::it_handles_signal_term
Exception: The /var/www/html/vendor/orchestra/testbench-core/laravel/bootstrap/cache directory must be present and writable.

/var/www/html/vendor/laravel/framework/src/Illuminate/Foundation/PackageManifest.php:179
/var/www/html/vendor/orchestra/testbench-core/src/Foundation/PackageManifest.php:157
/var/www/html/vendor/laravel/framework/src/Illuminate/Foundation/PackageManifest.php:132
/var/www/html/vendor/laravel/framework/src/Illuminate/Foundation/PackageManifest.php:108
/var/www/html/vendor/orchestra/testbench-core/src/Foundation/PackageManifest.php:102
/var/www/html/vendor/laravel/framework/src/Illuminate/Foundation/PackageManifest.php:91
/var/www/html/vendor/laravel/framework/src/Illuminate/Foundation/PackageManifest.php:80
/var/www/html/vendor/laravel/framework/src/Illuminate/Foundation/Bootstrap/RegisterFacades.php:26
/var/www/html/vendor/orchestra/testbench-core/src/Concerns/CreatesApplication.php:556
/var/www/html/vendor/orchestra/testbench-core/src/Concerns/CreatesApplication.php:311
/var/www/html/vendor/orchestra/testbench-core/src/TestCase.php:121
/var/www/html/vendor/orchestra/testbench-core/src/Concerns/ApplicationTestingHooks.php:74
/var/www/html/vendor/orchestra/testbench-core/src/Concerns/Testing.php:43
/var/www/html/vendor/laravel/framework/src/Illuminate/Collections/helpers.php:236
/var/www/html/vendor/orchestra/sidekick/src/functions.php:87
/var/www/html/vendor/laravel/framework/src/Illuminate/Collections/helpers.php:236
/var/www/html/vendor/orchestra/testbench-core/src/Concerns/Testing.php:57
/var/www/html/vendor/orchestra/testbench-core/src/TestCase.php:50
/var/www/html/tests/TestCase.php:61
/var/www/html/tests/Unit/Transport/StdioTransportTest.php:52</error>
        </testcase>
        <testcase name="it_handles_signal_int" file="/var/www/html/tests/Unit/Transport/StdioTransportTest.php" line="234" class="JTD\LaravelMCP\Tests\Unit\Transport\StdioTransportTest" classname="JTD.LaravelMCP.Tests.Unit.Transport.StdioTransportTest" assertions="0" time="0.000000">
          <error type="Exception">JTD\LaravelMCP\Tests\Unit\Transport\StdioTransportTest::it_handles_signal_int
Exception: The /var/www/html/vendor/orchestra/testbench-core/laravel/bootstrap/cache directory must be present and writable.

/var/www/html/vendor/laravel/framework/src/Illuminate/Foundation/PackageManifest.php:179
/var/www/html/vendor/orchestra/testbench-core/src/Foundation/PackageManifest.php:157
/var/www/html/vendor/laravel/framework/src/Illuminate/Foundation/PackageManifest.php:132
/var/www/html/vendor/laravel/framework/src/Illuminate/Foundation/PackageManifest.php:108
/var/www/html/vendor/orchestra/testbench-core/src/Foundation/PackageManifest.php:102
/var/www/html/vendor/laravel/framework/src/Illuminate/Foundation/PackageManifest.php:91
/var/www/html/vendor/laravel/framework/src/Illuminate/Foundation/PackageManifest.php:80
/var/www/html/vendor/laravel/framework/src/Illuminate/Foundation/Bootstrap/RegisterFacades.php:26
/var/www/html/vendor/orchestra/testbench-core/src/Concerns/CreatesApplication.php:556
/var/www/html/vendor/orchestra/testbench-core/src/Concerns/CreatesApplication.php:311
/var/www/html/vendor/orchestra/testbench-core/src/TestCase.php:121
/var/www/html/vendor/orchestra/testbench-core/src/Concerns/ApplicationTestingHooks.php:74
/var/www/html/vendor/orchestra/testbench-core/src/Concerns/Testing.php:43
/var/www/html/vendor/laravel/framework/src/Illuminate/Collections/helpers.php:236
/var/www/html/vendor/orchestra/sidekick/src/functions.php:87
/var/www/html/vendor/laravel/framework/src/Illuminate/Collections/helpers.php:236
/var/www/html/vendor/orchestra/testbench-core/src/Concerns/Testing.php:57
/var/www/html/vendor/orchestra/testbench-core/src/TestCase.php:50
/var/www/html/tests/TestCase.php:61
/var/www/html/tests/Unit/Transport/StdioTransportTest.php:52</error>
        </testcase>
        <testcase name="it_handles_signal_hup" file="/var/www/html/tests/Unit/Transport/StdioTransportTest.php" line="255" class="JTD\LaravelMCP\Tests\Unit\Transport\StdioTransportTest" classname="JTD.LaravelMCP.Tests.Unit.Transport.StdioTransportTest" assertions="0" time="0.000000">
          <error type="Exception">JTD\LaravelMCP\Tests\Unit\Transport\StdioTransportTest::it_handles_signal_hup
Exception: The /var/www/html/vendor/orchestra/testbench-core/laravel/bootstrap/cache directory must be present and writable.

/var/www/html/vendor/laravel/framework/src/Illuminate/Foundation/PackageManifest.php:179
/var/www/html/vendor/orchestra/testbench-core/src/Foundation/PackageManifest.php:157
/var/www/html/vendor/laravel/framework/src/Illuminate/Foundation/PackageManifest.php:132
/var/www/html/vendor/laravel/framework/src/Illuminate/Foundation/PackageManifest.php:108
/var/www/html/vendor/orchestra/testbench-core/src/Foundation/PackageManifest.php:102
/var/www/html/vendor/laravel/framework/src/Illuminate/Foundation/PackageManifest.php:91
/var/www/html/vendor/laravel/framework/src/Illuminate/Foundation/PackageManifest.php:80
/var/www/html/vendor/laravel/framework/src/Illuminate/Foundation/Bootstrap/RegisterFacades.php:26
/var/www/html/vendor/orchestra/testbench-core/src/Concerns/CreatesApplication.php:556
/var/www/html/vendor/orchestra/testbench-core/src/Concerns/CreatesApplication.php:311
/var/www/html/vendor/orchestra/testbench-core/src/TestCase.php:121
/var/www/html/vendor/orchestra/testbench-core/src/Concerns/ApplicationTestingHooks.php:74
/var/www/html/vendor/orchestra/testbench-core/src/Concerns/Testing.php:43
/var/www/html/vendor/laravel/framework/src/Illuminate/Collections/helpers.php:236
/var/www/html/vendor/orchestra/sidekick/src/functions.php:87
/var/www/html/vendor/laravel/framework/src/Illuminate/Collections/helpers.php:236
/var/www/html/vendor/orchestra/testbench-core/src/Concerns/Testing.php:57
/var/www/html/vendor/orchestra/testbench-core/src/TestCase.php:50
/var/www/html/tests/TestCase.php:61
/var/www/html/tests/Unit/Transport/StdioTransportTest.php:52</error>
        </testcase>
        <testcase name="it_runs_as_command" file="/var/www/html/tests/Unit/Transport/StdioTransportTest.php" line="274" class="JTD\LaravelMCP\Tests\Unit\Transport\StdioTransportTest" classname="JTD.LaravelMCP.Tests.Unit.Transport.StdioTransportTest" assertions="0" time="0.000000">
          <error type="Exception">JTD\LaravelMCP\Tests\Unit\Transport\StdioTransportTest::it_runs_as_command
Exception: The /var/www/html/vendor/orchestra/testbench-core/laravel/bootstrap/cache directory must be present and writable.

/var/www/html/vendor/laravel/framework/src/Illuminate/Foundation/PackageManifest.php:179
/var/www/html/vendor/orchestra/testbench-core/src/Foundation/PackageManifest.php:157
/var/www/html/vendor/laravel/framework/src/Illuminate/Foundation/PackageManifest.php:132
/var/www/html/vendor/laravel/framework/src/Illuminate/Foundation/PackageManifest.php:108
/var/www/html/vendor/orchestra/testbench-core/src/Foundation/PackageManifest.php:102
/var/www/html/vendor/laravel/framework/src/Illuminate/Foundation/PackageManifest.php:91
/var/www/html/vendor/laravel/framework/src/Illuminate/Foundation/PackageManifest.php:80
/var/www/html/vendor/laravel/framework/src/Illuminate/Foundation/Bootstrap/RegisterFacades.php:26
/var/www/html/vendor/orchestra/testbench-core/src/Concerns/CreatesApplication.php:556
/var/www/html/vendor/orchestra/testbench-core/src/Concerns/CreatesApplication.php:311
/var/www/html/vendor/orchestra/testbench-core/src/TestCase.php:121
/var/www/html/vendor/orchestra/testbench-core/src/Concerns/ApplicationTestingHooks.php:74
/var/www/html/vendor/orchestra/testbench-core/src/Concerns/Testing.php:43
/var/www/html/vendor/laravel/framework/src/Illuminate/Collections/helpers.php:236
/var/www/html/vendor/orchestra/sidekick/src/functions.php:87
/var/www/html/vendor/laravel/framework/src/Illuminate/Collections/helpers.php:236
/var/www/html/vendor/orchestra/testbench-core/src/Concerns/Testing.php:57
/var/www/html/vendor/orchestra/testbench-core/src/TestCase.php:50
/var/www/html/tests/TestCase.php:61
/var/www/html/tests/Unit/Transport/StdioTransportTest.php:52</error>
        </testcase>
        <testcase name="it_sends_error_response" file="/var/www/html/tests/Unit/Transport/StdioTransportTest.php" line="286" class="JTD\LaravelMCP\Tests\Unit\Transport\StdioTransportTest" classname="JTD.LaravelMCP.Tests.Unit.Transport.StdioTransportTest" assertions="0" time="0.000000">
          <error type="Exception">JTD\LaravelMCP\Tests\Unit\Transport\StdioTransportTest::it_sends_error_response
Exception: The /var/www/html/vendor/orchestra/testbench-core/laravel/bootstrap/cache directory must be present and writable.

/var/www/html/vendor/laravel/framework/src/Illuminate/Foundation/PackageManifest.php:179
/var/www/html/vendor/orchestra/testbench-core/src/Foundation/PackageManifest.php:157
/var/www/html/vendor/laravel/framework/src/Illuminate/Foundation/PackageManifest.php:132
/var/www/html/vendor/laravel/framework/src/Illuminate/Foundation/PackageManifest.php:108
/var/www/html/vendor/orchestra/testbench-core/src/Foundation/PackageManifest.php:102
/var/www/html/vendor/laravel/framework/src/Illuminate/Foundation/PackageManifest.php:91
/var/www/html/vendor/laravel/framework/src/Illuminate/Foundation/PackageManifest.php:80
/var/www/html/vendor/laravel/framework/src/Illuminate/Foundation/Bootstrap/RegisterFacades.php:26
/var/www/html/vendor/orchestra/testbench-core/src/Concerns/CreatesApplication.php:556
/var/www/html/vendor/orchestra/testbench-core/src/Concerns/CreatesApplication.php:311
/var/www/html/vendor/orchestra/testbench-core/src/TestCase.php:121
/var/www/html/vendor/orchestra/testbench-core/src/Concerns/ApplicationTestingHooks.php:74
/var/www/html/vendor/orchestra/testbench-core/src/Concerns/Testing.php:43
/var/www/html/vendor/laravel/framework/src/Illuminate/Collections/helpers.php:236
/var/www/html/vendor/orchestra/sidekick/src/functions.php:87
/var/www/html/vendor/laravel/framework/src/Illuminate/Collections/helpers.php:236
/var/www/html/vendor/orchestra/testbench-core/src/Concerns/Testing.php:57
/var/www/html/vendor/orchestra/testbench-core/src/TestCase.php:50
/var/www/html/tests/TestCase.php:61
/var/www/html/tests/Unit/Transport/StdioTransportTest.php:52</error>
        </testcase>
        <testcase name="it_validates_configuration" file="/var/www/html/tests/Unit/Transport/StdioTransportTest.php" line="297" class="JTD\LaravelMCP\Tests\Unit\Transport\StdioTransportTest" classname="JTD.LaravelMCP.Tests.Unit.Transport.StdioTransportTest" assertions="0" time="0.000000">
          <error type="Exception">JTD\LaravelMCP\Tests\Unit\Transport\StdioTransportTest::it_validates_configuration
Exception: The /var/www/html/vendor/orchestra/testbench-core/laravel/bootstrap/cache directory must be present and writable.

/var/www/html/vendor/laravel/framework/src/Illuminate/Foundation/PackageManifest.php:179
/var/www/html/vendor/orchestra/testbench-core/src/Foundation/PackageManifest.php:157
/var/www/html/vendor/laravel/framework/src/Illuminate/Foundation/PackageManifest.php:132
/var/www/html/vendor/laravel/framework/src/Illuminate/Foundation/PackageManifest.php:108
/var/www/html/vendor/orchestra/testbench-core/src/Foundation/PackageManifest.php:102
/var/www/html/vendor/laravel/framework/src/Illuminate/Foundation/PackageManifest.php:91
/var/www/html/vendor/laravel/framework/src/Illuminate/Foundation/PackageManifest.php:80
/var/www/html/vendor/laravel/framework/src/Illuminate/Foundation/Bootstrap/RegisterFacades.php:26
/var/www/html/vendor/orchestra/testbench-core/src/Concerns/CreatesApplication.php:556
/var/www/html/vendor/orchestra/testbench-core/src/Concerns/CreatesApplication.php:311
/var/www/html/vendor/orchestra/testbench-core/src/TestCase.php:121
/var/www/html/vendor/orchestra/testbench-core/src/Concerns/ApplicationTestingHooks.php:74
/var/www/html/vendor/orchestra/testbench-core/src/Concerns/Testing.php:43
/var/www/html/vendor/laravel/framework/src/Illuminate/Collections/helpers.php:236
/var/www/html/vendor/orchestra/sidekick/src/functions.php:87
/var/www/html/vendor/laravel/framework/src/Illuminate/Collections/helpers.php:236
/var/www/html/vendor/orchestra/testbench-core/src/Concerns/Testing.php:57
/var/www/html/vendor/orchestra/testbench-core/src/TestCase.php:50
/var/www/html/tests/TestCase.php:61
/var/www/html/tests/Unit/Transport/StdioTransportTest.php:52</error>
        </testcase>
        <testcase name="it_validates_retry_attempts" file="/var/www/html/tests/Unit/Transport/StdioTransportTest.php" line="306" class="JTD\LaravelMCP\Tests\Unit\Transport\StdioTransportTest" classname="JTD.LaravelMCP.Tests.Unit.Transport.StdioTransportTest" assertions="0" time="0.000000">
          <error type="Exception">JTD\LaravelMCP\Tests\Unit\Transport\StdioTransportTest::it_validates_retry_attempts
Exception: The /var/www/html/vendor/orchestra/testbench-core/laravel/bootstrap/cache directory must be present and writable.

/var/www/html/vendor/laravel/framework/src/Illuminate/Foundation/PackageManifest.php:179
/var/www/html/vendor/orchestra/testbench-core/src/Foundation/PackageManifest.php:157
/var/www/html/vendor/laravel/framework/src/Illuminate/Foundation/PackageManifest.php:132
/var/www/html/vendor/laravel/framework/src/Illuminate/Foundation/PackageManifest.php:108
/var/www/html/vendor/orchestra/testbench-core/src/Foundation/PackageManifest.php:102
/var/www/html/vendor/laravel/framework/src/Illuminate/Foundation/PackageManifest.php:91
/var/www/html/vendor/laravel/framework/src/Illuminate/Foundation/PackageManifest.php:80
/var/www/html/vendor/laravel/framework/src/Illuminate/Foundation/Bootstrap/RegisterFacades.php:26
/var/www/html/vendor/orchestra/testbench-core/src/Concerns/CreatesApplication.php:556
/var/www/html/vendor/orchestra/testbench-core/src/Concerns/CreatesApplication.php:311
/var/www/html/vendor/orchestra/testbench-core/src/TestCase.php:121
/var/www/html/vendor/orchestra/testbench-core/src/Concerns/ApplicationTestingHooks.php:74
/var/www/html/vendor/orchestra/testbench-core/src/Concerns/Testing.php:43
/var/www/html/vendor/laravel/framework/src/Illuminate/Collections/helpers.php:236
/var/www/html/vendor/orchestra/sidekick/src/functions.php:87
/var/www/html/vendor/laravel/framework/src/Illuminate/Collections/helpers.php:236
/var/www/html/vendor/orchestra/testbench-core/src/Concerns/Testing.php:57
/var/www/html/vendor/orchestra/testbench-core/src/TestCase.php:50
/var/www/html/tests/TestCase.php:61
/var/www/html/tests/Unit/Transport/StdioTransportTest.php:52</error>
        </testcase>
        <testcase name="it_validates_retry_delay" file="/var/www/html/tests/Unit/Transport/StdioTransportTest.php" line="315" class="JTD\LaravelMCP\Tests\Unit\Transport\StdioTransportTest" classname="JTD.LaravelMCP.Tests.Unit.Transport.StdioTransportTest" assertions="0" time="0.000000">
          <error type="Exception">JTD\LaravelMCP\Tests\Unit\Transport\StdioTransportTest::it_validates_retry_delay
Exception: The /var/www/html/vendor/orchestra/testbench-core/laravel/bootstrap/cache directory must be present and writable.

/var/www/html/vendor/laravel/framework/src/Illuminate/Foundation/PackageManifest.php:179
/var/www/html/vendor/orchestra/testbench-core/src/Foundation/PackageManifest.php:157
/var/www/html/vendor/laravel/framework/src/Illuminate/Foundation/PackageManifest.php:132
/var/www/html/vendor/laravel/framework/src/Illuminate/Foundation/PackageManifest.php:108
/var/www/html/vendor/orchestra/testbench-core/src/Foundation/PackageManifest.php:102
/var/www/html/vendor/laravel/framework/src/Illuminate/Foundation/PackageManifest.php:91
/var/www/html/vendor/laravel/framework/src/Illuminate/Foundation/PackageManifest.php:80
/var/www/html/vendor/laravel/framework/src/Illuminate/Foundation/Bootstrap/RegisterFacades.php:26
/var/www/html/vendor/orchestra/testbench-core/src/Concerns/CreatesApplication.php:556
/var/www/html/vendor/orchestra/testbench-core/src/Concerns/CreatesApplication.php:311
/var/www/html/vendor/orchestra/testbench-core/src/TestCase.php:121
/var/www/html/vendor/orchestra/testbench-core/src/Concerns/ApplicationTestingHooks.php:74
/var/www/html/vendor/orchestra/testbench-core/src/Concerns/Testing.php:43
/var/www/html/vendor/laravel/framework/src/Illuminate/Collections/helpers.php:236
/var/www/html/vendor/orchestra/sidekick/src/functions.php:87
/var/www/html/vendor/laravel/framework/src/Illuminate/Collections/helpers.php:236
/var/www/html/vendor/orchestra/testbench-core/src/Concerns/Testing.php:57
/var/www/html/vendor/orchestra/testbench-core/src/TestCase.php:50
/var/www/html/tests/TestCase.php:61
/var/www/html/tests/Unit/Transport/StdioTransportTest.php:52</error>
        </testcase>
        <testcase name="it_handles_reconnection" file="/var/www/html/tests/Unit/Transport/StdioTransportTest.php" line="324" class="JTD\LaravelMCP\Tests\Unit\Transport\StdioTransportTest" classname="JTD.LaravelMCP.Tests.Unit.Transport.StdioTransportTest" assertions="0" time="0.000000">
          <error type="Exception">JTD\LaravelMCP\Tests\Unit\Transport\StdioTransportTest::it_handles_reconnection
Exception: The /var/www/html/vendor/orchestra/testbench-core/laravel/bootstrap/cache directory must be present and writable.

/var/www/html/vendor/laravel/framework/src/Illuminate/Foundation/PackageManifest.php:179
/var/www/html/vendor/orchestra/testbench-core/src/Foundation/PackageManifest.php:157
/var/www/html/vendor/laravel/framework/src/Illuminate/Foundation/PackageManifest.php:132
/var/www/html/vendor/laravel/framework/src/Illuminate/Foundation/PackageManifest.php:108
/var/www/html/vendor/orchestra/testbench-core/src/Foundation/PackageManifest.php:102
/var/www/html/vendor/laravel/framework/src/Illuminate/Foundation/PackageManifest.php:91
/var/www/html/vendor/laravel/framework/src/Illuminate/Foundation/PackageManifest.php:80
/var/www/html/vendor/laravel/framework/src/Illuminate/Foundation/Bootstrap/RegisterFacades.php:26
/var/www/html/vendor/orchestra/testbench-core/src/Concerns/CreatesApplication.php:556
/var/www/html/vendor/orchestra/testbench-core/src/Concerns/CreatesApplication.php:311
/var/www/html/vendor/orchestra/testbench-core/src/TestCase.php:121
/var/www/html/vendor/orchestra/testbench-core/src/Concerns/ApplicationTestingHooks.php:74
/var/www/html/vendor/orchestra/testbench-core/src/Concerns/Testing.php:43
/var/www/html/vendor/laravel/framework/src/Illuminate/Collections/helpers.php:236
/var/www/html/vendor/orchestra/sidekick/src/functions.php:87
/var/www/html/vendor/laravel/framework/src/Illuminate/Collections/helpers.php:236
/var/www/html/vendor/orchestra/testbench-core/src/Concerns/Testing.php:57
/var/www/html/vendor/orchestra/testbench-core/src/TestCase.php:50
/var/www/html/tests/TestCase.php:61
/var/www/html/tests/Unit/Transport/StdioTransportTest.php:52</error>
        </testcase>
        <testcase name="it_tracks_uptime" file="/var/www/html/tests/Unit/Transport/StdioTransportTest.php" line="343" class="JTD\LaravelMCP\Tests\Unit\Transport\StdioTransportTest" classname="JTD.LaravelMCP.Tests.Unit.Transport.StdioTransportTest" assertions="0" time="0.000000">
          <error type="Exception">JTD\LaravelMCP\Tests\Unit\Transport\StdioTransportTest::it_tracks_uptime
Exception: The /var/www/html/vendor/orchestra/testbench-core/laravel/bootstrap/cache directory must be present and writable.

/var/www/html/vendor/laravel/framework/src/Illuminate/Foundation/PackageManifest.php:179
/var/www/html/vendor/orchestra/testbench-core/src/Foundation/PackageManifest.php:157
/var/www/html/vendor/laravel/framework/src/Illuminate/Foundation/PackageManifest.php:132
/var/www/html/vendor/laravel/framework/src/Illuminate/Foundation/PackageManifest.php:108
/var/www/html/vendor/orchestra/testbench-core/src/Foundation/PackageManifest.php:102
/var/www/html/vendor/laravel/framework/src/Illuminate/Foundation/PackageManifest.php:91
/var/www/html/vendor/laravel/framework/src/Illuminate/Foundation/PackageManifest.php:80
/var/www/html/vendor/laravel/framework/src/Illuminate/Foundation/Bootstrap/RegisterFacades.php:26
/var/www/html/vendor/orchestra/testbench-core/src/Concerns/CreatesApplication.php:556
/var/www/html/vendor/orchestra/testbench-core/src/Concerns/CreatesApplication.php:311
/var/www/html/vendor/orchestra/testbench-core/src/TestCase.php:121
/var/www/html/vendor/orchestra/testbench-core/src/Concerns/ApplicationTestingHooks.php:74
/var/www/html/vendor/orchestra/testbench-core/src/Concerns/Testing.php:43
/var/www/html/vendor/laravel/framework/src/Illuminate/Collections/helpers.php:236
/var/www/html/vendor/orchestra/sidekick/src/functions.php:87
/var/www/html/vendor/laravel/framework/src/Illuminate/Collections/helpers.php:236
/var/www/html/vendor/orchestra/testbench-core/src/Concerns/Testing.php:57
/var/www/html/vendor/orchestra/testbench-core/src/TestCase.php:50
/var/www/html/tests/TestCase.php:61
/var/www/html/tests/Unit/Transport/StdioTransportTest.php:52</error>
        </testcase>
        <testcase name="it_handles_shutdown_callback" file="/var/www/html/tests/Unit/Transport/StdioTransportTest.php" line="352" class="JTD\LaravelMCP\Tests\Unit\Transport\StdioTransportTest" classname="JTD.LaravelMCP.Tests.Unit.Transport.StdioTransportTest" assertions="0" time="0.000000">
          <error type="Exception">JTD\LaravelMCP\Tests\Unit\Transport\StdioTransportTest::it_handles_shutdown_callback
Exception: The /var/www/html/vendor/orchestra/testbench-core/laravel/bootstrap/cache directory must be present and writable.

/var/www/html/vendor/laravel/framework/src/Illuminate/Foundation/PackageManifest.php:179
/var/www/html/vendor/orchestra/testbench-core/src/Foundation/PackageManifest.php:157
/var/www/html/vendor/laravel/framework/src/Illuminate/Foundation/PackageManifest.php:132
/var/www/html/vendor/laravel/framework/src/Illuminate/Foundation/PackageManifest.php:108
/var/www/html/vendor/orchestra/testbench-core/src/Foundation/PackageManifest.php:102
/var/www/html/vendor/laravel/framework/src/Illuminate/Foundation/PackageManifest.php:91
/var/www/html/vendor/laravel/framework/src/Illuminate/Foundation/PackageManifest.php:80
/var/www/html/vendor/laravel/framework/src/Illuminate/Foundation/Bootstrap/RegisterFacades.php:26
/var/www/html/vendor/orchestra/testbench-core/src/Concerns/CreatesApplication.php:556
/var/www/html/vendor/orchestra/testbench-core/src/Concerns/CreatesApplication.php:311
/var/www/html/vendor/orchestra/testbench-core/src/TestCase.php:121
/var/www/html/vendor/orchestra/testbench-core/src/Concerns/ApplicationTestingHooks.php:74
/var/www/html/vendor/orchestra/testbench-core/src/Concerns/Testing.php:43
/var/www/html/vendor/laravel/framework/src/Illuminate/Collections/helpers.php:236
/var/www/html/vendor/orchestra/sidekick/src/functions.php:87
/var/www/html/vendor/laravel/framework/src/Illuminate/Collections/helpers.php:236
/var/www/html/vendor/orchestra/testbench-core/src/Concerns/Testing.php:57
/var/www/html/vendor/orchestra/testbench-core/src/TestCase.php:50
/var/www/html/tests/TestCase.php:61
/var/www/html/tests/Unit/Transport/StdioTransportTest.php:52</error>
        </testcase>
        <testcase name="it_provides_safe_config_for_logging" file="/var/www/html/tests/Unit/Transport/StdioTransportTest.php" line="364" class="JTD\LaravelMCP\Tests\Unit\Transport\StdioTransportTest" classname="JTD.LaravelMCP.Tests.Unit.Transport.StdioTransportTest" assertions="0" time="0.000000">
          <error type="Exception">JTD\LaravelMCP\Tests\Unit\Transport\StdioTransportTest::it_provides_safe_config_for_logging
Exception: The /var/www/html/vendor/orchestra/testbench-core/laravel/bootstrap/cache directory must be present and writable.

/var/www/html/vendor/laravel/framework/src/Illuminate/Foundation/PackageManifest.php:179
/var/www/html/vendor/orchestra/testbench-core/src/Foundation/PackageManifest.php:157
/var/www/html/vendor/laravel/framework/src/Illuminate/Foundation/PackageManifest.php:132
/var/www/html/vendor/laravel/framework/src/Illuminate/Foundation/PackageManifest.php:108
/var/www/html/vendor/orchestra/testbench-core/src/Foundation/PackageManifest.php:102
/var/www/html/vendor/laravel/framework/src/Illuminate/Foundation/PackageManifest.php:91
/var/www/html/vendor/laravel/framework/src/Illuminate/Foundation/PackageManifest.php:80
/var/www/html/vendor/laravel/framework/src/Illuminate/Foundation/Bootstrap/RegisterFacades.php:26
/var/www/html/vendor/orchestra/testbench-core/src/Concerns/CreatesApplication.php:556
/var/www/html/vendor/orchestra/testbench-core/src/Concerns/CreatesApplication.php:311
/var/www/html/vendor/orchestra/testbench-core/src/TestCase.php:121
/var/www/html/vendor/orchestra/testbench-core/src/Concerns/ApplicationTestingHooks.php:74
/var/www/html/vendor/orchestra/testbench-core/src/Concerns/Testing.php:43
/var/www/html/vendor/laravel/framework/src/Illuminate/Collections/helpers.php:236
/var/www/html/vendor/orchestra/sidekick/src/functions.php:87
/var/www/html/vendor/laravel/framework/src/Illuminate/Collections/helpers.php:236
/var/www/html/vendor/orchestra/testbench-core/src/Concerns/Testing.php:57
/var/www/html/vendor/orchestra/testbench-core/src/TestCase.php:50
/var/www/html/tests/TestCase.php:61
/var/www/html/tests/Unit/Transport/StdioTransportTest.php:52</error>
        </testcase>
      </testsuite>
      <testsuite name="JTD\LaravelMCP\Tests\Unit\Transport\StreamHandlerTest" file="/var/www/html/tests/Unit/Transport/StreamHandlerTest.php" tests="21" assertions="0" errors="21" failures="0" skipped="0" time="0.000000">
        <testcase name="it_opens_and_closes_streams" file="/var/www/html/tests/Unit/Transport/StreamHandlerTest.php" line="64" class="JTD\LaravelMCP\Tests\Unit\Transport\StreamHandlerTest" classname="JTD.LaravelMCP.Tests.Unit.Transport.StreamHandlerTest" assertions="0" time="0.000000">
          <error type="Exception">JTD\LaravelMCP\Tests\Unit\Transport\StreamHandlerTest::it_opens_and_closes_streams
Exception: The /var/www/html/vendor/orchestra/testbench-core/laravel/bootstrap/cache directory must be present and writable.

/var/www/html/vendor/laravel/framework/src/Illuminate/Foundation/PackageManifest.php:179
/var/www/html/vendor/orchestra/testbench-core/src/Foundation/PackageManifest.php:157
/var/www/html/vendor/laravel/framework/src/Illuminate/Foundation/PackageManifest.php:132
/var/www/html/vendor/laravel/framework/src/Illuminate/Foundation/PackageManifest.php:108
/var/www/html/vendor/orchestra/testbench-core/src/Foundation/PackageManifest.php:102
/var/www/html/vendor/laravel/framework/src/Illuminate/Foundation/PackageManifest.php:91
/var/www/html/vendor/laravel/framework/src/Illuminate/Foundation/PackageManifest.php:80
/var/www/html/vendor/laravel/framework/src/Illuminate/Foundation/Bootstrap/RegisterFacades.php:26
/var/www/html/vendor/orchestra/testbench-core/src/Concerns/CreatesApplication.php:556
/var/www/html/vendor/orchestra/testbench-core/src/Concerns/CreatesApplication.php:311
/var/www/html/vendor/orchestra/testbench-core/src/TestCase.php:121
/var/www/html/vendor/orchestra/testbench-core/src/Concerns/ApplicationTestingHooks.php:74
/var/www/html/vendor/orchestra/testbench-core/src/Concerns/Testing.php:43
/var/www/html/vendor/laravel/framework/src/Illuminate/Collections/helpers.php:236
/var/www/html/vendor/orchestra/sidekick/src/functions.php:87
/var/www/html/vendor/laravel/framework/src/Illuminate/Collections/helpers.php:236
/var/www/html/vendor/orchestra/testbench-core/src/Concerns/Testing.php:57
/var/www/html/vendor/orchestra/testbench-core/src/TestCase.php:50
/var/www/html/tests/TestCase.php:61
/var/www/html/tests/Unit/Transport/StreamHandlerTest.php:46</error>
        </testcase>
        <testcase name="it_throws_exception_for_invalid_stream_path" file="/var/www/html/tests/Unit/Transport/StreamHandlerTest.php" line="78" class="JTD\LaravelMCP\Tests\Unit\Transport\StreamHandlerTest" classname="JTD.LaravelMCP.Tests.Unit.Transport.StreamHandlerTest" assertions="0" time="0.000000">
          <error type="Exception">JTD\LaravelMCP\Tests\Unit\Transport\StreamHandlerTest::it_throws_exception_for_invalid_stream_path
Exception: The /var/www/html/vendor/orchestra/testbench-core/laravel/bootstrap/cache directory must be present and writable.

/var/www/html/vendor/laravel/framework/src/Illuminate/Foundation/PackageManifest.php:179
/var/www/html/vendor/orchestra/testbench-core/src/Foundation/PackageManifest.php:157
/var/www/html/vendor/laravel/framework/src/Illuminate/Foundation/PackageManifest.php:132
/var/www/html/vendor/laravel/framework/src/Illuminate/Foundation/PackageManifest.php:108
/var/www/html/vendor/orchestra/testbench-core/src/Foundation/PackageManifest.php:102
/var/www/html/vendor/laravel/framework/src/Illuminate/Foundation/PackageManifest.php:91
/var/www/html/vendor/laravel/framework/src/Illuminate/Foundation/PackageManifest.php:80
/var/www/html/vendor/laravel/framework/src/Illuminate/Foundation/Bootstrap/RegisterFacades.php:26
/var/www/html/vendor/orchestra/testbench-core/src/Concerns/CreatesApplication.php:556
/var/www/html/vendor/orchestra/testbench-core/src/Concerns/CreatesApplication.php:311
/var/www/html/vendor/orchestra/testbench-core/src/TestCase.php:121
/var/www/html/vendor/orchestra/testbench-core/src/Concerns/ApplicationTestingHooks.php:74
/var/www/html/vendor/orchestra/testbench-core/src/Concerns/Testing.php:43
/var/www/html/vendor/laravel/framework/src/Illuminate/Collections/helpers.php:236
/var/www/html/vendor/orchestra/sidekick/src/functions.php:87
/var/www/html/vendor/laravel/framework/src/Illuminate/Collections/helpers.php:236
/var/www/html/vendor/orchestra/testbench-core/src/Concerns/Testing.php:57
/var/www/html/vendor/orchestra/testbench-core/src/TestCase.php:50
/var/www/html/tests/TestCase.php:61
/var/www/html/tests/Unit/Transport/StreamHandlerTest.php:46</error>
        </testcase>
        <testcase name="it_writes_data_to_stream" file="/var/www/html/tests/Unit/Transport/StreamHandlerTest.php" line="89" class="JTD\LaravelMCP\Tests\Unit\Transport\StreamHandlerTest" classname="JTD.LaravelMCP.Tests.Unit.Transport.StreamHandlerTest" assertions="0" time="0.000000">
          <error type="Exception">JTD\LaravelMCP\Tests\Unit\Transport\StreamHandlerTest::it_writes_data_to_stream
Exception: The /var/www/html/vendor/orchestra/testbench-core/laravel/bootstrap/cache directory must be present and writable.

/var/www/html/vendor/laravel/framework/src/Illuminate/Foundation/PackageManifest.php:179
/var/www/html/vendor/orchestra/testbench-core/src/Foundation/PackageManifest.php:157
/var/www/html/vendor/laravel/framework/src/Illuminate/Foundation/PackageManifest.php:132
/var/www/html/vendor/laravel/framework/src/Illuminate/Foundation/PackageManifest.php:108
/var/www/html/vendor/orchestra/testbench-core/src/Foundation/PackageManifest.php:102
/var/www/html/vendor/laravel/framework/src/Illuminate/Foundation/PackageManifest.php:91
/var/www/html/vendor/laravel/framework/src/Illuminate/Foundation/PackageManifest.php:80
/var/www/html/vendor/laravel/framework/src/Illuminate/Foundation/Bootstrap/RegisterFacades.php:26
/var/www/html/vendor/orchestra/testbench-core/src/Concerns/CreatesApplication.php:556
/var/www/html/vendor/orchestra/testbench-core/src/Concerns/CreatesApplication.php:311
/var/www/html/vendor/orchestra/testbench-core/src/TestCase.php:121
/var/www/html/vendor/orchestra/testbench-core/src/Concerns/ApplicationTestingHooks.php:74
/var/www/html/vendor/orchestra/testbench-core/src/Concerns/Testing.php:43
/var/www/html/vendor/laravel/framework/src/Illuminate/Collections/helpers.php:236
/var/www/html/vendor/orchestra/sidekick/src/functions.php:87
/var/www/html/vendor/laravel/framework/src/Illuminate/Collections/helpers.php:236
/var/www/html/vendor/orchestra/testbench-core/src/Concerns/Testing.php:57
/var/www/html/vendor/orchestra/testbench-core/src/TestCase.php:50
/var/www/html/tests/TestCase.php:61
/var/www/html/tests/Unit/Transport/StreamHandlerTest.php:46</error>
        </testcase>
        <testcase name="it_reads_data_from_stream" file="/var/www/html/tests/Unit/Transport/StreamHandlerTest.php" line="105" class="JTD\LaravelMCP\Tests\Unit\Transport\StreamHandlerTest" classname="JTD.LaravelMCP.Tests.Unit.Transport.StreamHandlerTest" assertions="0" time="0.000000">
          <error type="Exception">JTD\LaravelMCP\Tests\Unit\Transport\StreamHandlerTest::it_reads_data_from_stream
Exception: The /var/www/html/vendor/orchestra/testbench-core/laravel/bootstrap/cache directory must be present and writable.

/var/www/html/vendor/laravel/framework/src/Illuminate/Foundation/PackageManifest.php:179
/var/www/html/vendor/orchestra/testbench-core/src/Foundation/PackageManifest.php:157
/var/www/html/vendor/laravel/framework/src/Illuminate/Foundation/PackageManifest.php:132
/var/www/html/vendor/laravel/framework/src/Illuminate/Foundation/PackageManifest.php:108
/var/www/html/vendor/orchestra/testbench-core/src/Foundation/PackageManifest.php:102
/var/www/html/vendor/laravel/framework/src/Illuminate/Foundation/PackageManifest.php:91
/var/www/html/vendor/laravel/framework/src/Illuminate/Foundation/PackageManifest.php:80
/var/www/html/vendor/laravel/framework/src/Illuminate/Foundation/Bootstrap/RegisterFacades.php:26
/var/www/html/vendor/orchestra/testbench-core/src/Concerns/CreatesApplication.php:556
/var/www/html/vendor/orchestra/testbench-core/src/Concerns/CreatesApplication.php:311
/var/www/html/vendor/orchestra/testbench-core/src/TestCase.php:121
/var/www/html/vendor/orchestra/testbench-core/src/Concerns/ApplicationTestingHooks.php:74
/var/www/html/vendor/orchestra/testbench-core/src/Concerns/Testing.php:43
/var/www/html/vendor/laravel/framework/src/Illuminate/Collections/helpers.php:236
/var/www/html/vendor/orchestra/sidekick/src/functions.php:87
/var/www/html/vendor/laravel/framework/src/Illuminate/Collections/helpers.php:236
/var/www/html/vendor/orchestra/testbench-core/src/Concerns/Testing.php:57
/var/www/html/vendor/orchestra/testbench-core/src/TestCase.php:50
/var/www/html/tests/TestCase.php:61
/var/www/html/tests/Unit/Transport/StreamHandlerTest.php:46</error>
        </testcase>
        <testcase name="it_reads_complete_lines" file="/var/www/html/tests/Unit/Transport/StreamHandlerTest.php" line="119" class="JTD\LaravelMCP\Tests\Unit\Transport\StreamHandlerTest" classname="JTD.LaravelMCP.Tests.Unit.Transport.StreamHandlerTest" assertions="0" time="0.000000">
          <error type="Exception">JTD\LaravelMCP\Tests\Unit\Transport\StreamHandlerTest::it_reads_complete_lines
Exception: The /var/www/html/vendor/orchestra/testbench-core/laravel/bootstrap/cache directory must be present and writable.

/var/www/html/vendor/laravel/framework/src/Illuminate/Foundation/PackageManifest.php:179
/var/www/html/vendor/orchestra/testbench-core/src/Foundation/PackageManifest.php:157
/var/www/html/vendor/laravel/framework/src/Illuminate/Foundation/PackageManifest.php:132
/var/www/html/vendor/laravel/framework/src/Illuminate/Foundation/PackageManifest.php:108
/var/www/html/vendor/orchestra/testbench-core/src/Foundation/PackageManifest.php:102
/var/www/html/vendor/laravel/framework/src/Illuminate/Foundation/PackageManifest.php:91
/var/www/html/vendor/laravel/framework/src/Illuminate/Foundation/PackageManifest.php:80
/var/www/html/vendor/laravel/framework/src/Illuminate/Foundation/Bootstrap/RegisterFacades.php:26
/var/www/html/vendor/orchestra/testbench-core/src/Concerns/CreatesApplication.php:556
/var/www/html/vendor/orchestra/testbench-core/src/Concerns/CreatesApplication.php:311
/var/www/html/vendor/orchestra/testbench-core/src/TestCase.php:121
/var/www/html/vendor/orchestra/testbench-core/src/Concerns/ApplicationTestingHooks.php:74
/var/www/html/vendor/orchestra/testbench-core/src/Concerns/Testing.php:43
/var/www/html/vendor/laravel/framework/src/Illuminate/Collections/helpers.php:236
/var/www/html/vendor/orchestra/sidekick/src/functions.php:87
/var/www/html/vendor/laravel/framework/src/Illuminate/Collections/helpers.php:236
/var/www/html/vendor/orchestra/testbench-core/src/Concerns/Testing.php:57
/var/www/html/vendor/orchestra/testbench-core/src/TestCase.php:50
/var/www/html/tests/TestCase.php:61
/var/www/html/tests/Unit/Transport/StreamHandlerTest.php:46</error>
        </testcase>
        <testcase name="it_writes_lines_with_delimiter" file="/var/www/html/tests/Unit/Transport/StreamHandlerTest.php" line="135" class="JTD\LaravelMCP\Tests\Unit\Transport\StreamHandlerTest" classname="JTD.LaravelMCP.Tests.Unit.Transport.StreamHandlerTest" assertions="0" time="0.000000">
          <error type="Exception">JTD\LaravelMCP\Tests\Unit\Transport\StreamHandlerTest::it_writes_lines_with_delimiter
Exception: The /var/www/html/vendor/orchestra/testbench-core/laravel/bootstrap/cache directory must be present and writable.

/var/www/html/vendor/laravel/framework/src/Illuminate/Foundation/PackageManifest.php:179
/var/www/html/vendor/orchestra/testbench-core/src/Foundation/PackageManifest.php:157
/var/www/html/vendor/laravel/framework/src/Illuminate/Foundation/PackageManifest.php:132
/var/www/html/vendor/laravel/framework/src/Illuminate/Foundation/PackageManifest.php:108
/var/www/html/vendor/orchestra/testbench-core/src/Foundation/PackageManifest.php:102
/var/www/html/vendor/laravel/framework/src/Illuminate/Foundation/PackageManifest.php:91
/var/www/html/vendor/laravel/framework/src/Illuminate/Foundation/PackageManifest.php:80
/var/www/html/vendor/laravel/framework/src/Illuminate/Foundation/Bootstrap/RegisterFacades.php:26
/var/www/html/vendor/orchestra/testbench-core/src/Concerns/CreatesApplication.php:556
/var/www/html/vendor/orchestra/testbench-core/src/Concerns/CreatesApplication.php:311
/var/www/html/vendor/orchestra/testbench-core/src/TestCase.php:121
/var/www/html/vendor/orchestra/testbench-core/src/Concerns/ApplicationTestingHooks.php:74
/var/www/html/vendor/orchestra/testbench-core/src/Concerns/Testing.php:43
/var/www/html/vendor/laravel/framework/src/Illuminate/Collections/helpers.php:236
/var/www/html/vendor/orchestra/sidekick/src/functions.php:87
/var/www/html/vendor/laravel/framework/src/Illuminate/Collections/helpers.php:236
/var/www/html/vendor/orchestra/testbench-core/src/Concerns/Testing.php:57
/var/www/html/vendor/orchestra/testbench-core/src/TestCase.php:50
/var/www/html/tests/TestCase.php:61
/var/www/html/tests/Unit/Transport/StreamHandlerTest.php:46</error>
        </testcase>
        <testcase name="it_detects_readable_and_writable_modes" file="/var/www/html/tests/Unit/Transport/StreamHandlerTest.php" line="149" class="JTD\LaravelMCP\Tests\Unit\Transport\StreamHandlerTest" classname="JTD.LaravelMCP.Tests.Unit.Transport.StreamHandlerTest" assertions="0" time="0.000000">
          <error type="Exception">JTD\LaravelMCP\Tests\Unit\Transport\StreamHandlerTest::it_detects_readable_and_writable_modes
Exception: The /var/www/html/vendor/orchestra/testbench-core/laravel/bootstrap/cache directory must be present and writable.

/var/www/html/vendor/laravel/framework/src/Illuminate/Foundation/PackageManifest.php:179
/var/www/html/vendor/orchestra/testbench-core/src/Foundation/PackageManifest.php:157
/var/www/html/vendor/laravel/framework/src/Illuminate/Foundation/PackageManifest.php:132
/var/www/html/vendor/laravel/framework/src/Illuminate/Foundation/PackageManifest.php:108
/var/www/html/vendor/orchestra/testbench-core/src/Foundation/PackageManifest.php:102
/var/www/html/vendor/laravel/framework/src/Illuminate/Foundation/PackageManifest.php:91
/var/www/html/vendor/laravel/framework/src/Illuminate/Foundation/PackageManifest.php:80
/var/www/html/vendor/laravel/framework/src/Illuminate/Foundation/Bootstrap/RegisterFacades.php:26
/var/www/html/vendor/orchestra/testbench-core/src/Concerns/CreatesApplication.php:556
/var/www/html/vendor/orchestra/testbench-core/src/Concerns/CreatesApplication.php:311
/var/www/html/vendor/orchestra/testbench-core/src/TestCase.php:121
/var/www/html/vendor/orchestra/testbench-core/src/Concerns/ApplicationTestingHooks.php:74
/var/www/html/vendor/orchestra/testbench-core/src/Concerns/Testing.php:43
/var/www/html/vendor/laravel/framework/src/Illuminate/Collections/helpers.php:236
/var/www/html/vendor/orchestra/sidekick/src/functions.php:87
/var/www/html/vendor/laravel/framework/src/Illuminate/Collections/helpers.php:236
/var/www/html/vendor/orchestra/testbench-core/src/Concerns/Testing.php:57
/var/www/html/vendor/orchestra/testbench-core/src/TestCase.php:50
/var/www/html/tests/TestCase.php:61
/var/www/html/tests/Unit/Transport/StreamHandlerTest.php:46</error>
        </testcase>
        <testcase name="it_detects_end_of_file" file="/var/www/html/tests/Unit/Transport/StreamHandlerTest.php" line="169" class="JTD\LaravelMCP\Tests\Unit\Transport\StreamHandlerTest" classname="JTD.LaravelMCP.Tests.Unit.Transport.StreamHandlerTest" assertions="0" time="0.000000">
          <error type="Exception">JTD\LaravelMCP\Tests\Unit\Transport\StreamHandlerTest::it_detects_end_of_file
Exception: The /var/www/html/vendor/orchestra/testbench-core/laravel/bootstrap/cache directory must be present and writable.

/var/www/html/vendor/laravel/framework/src/Illuminate/Foundation/PackageManifest.php:179
/var/www/html/vendor/orchestra/testbench-core/src/Foundation/PackageManifest.php:157
/var/www/html/vendor/laravel/framework/src/Illuminate/Foundation/PackageManifest.php:132
/var/www/html/vendor/laravel/framework/src/Illuminate/Foundation/PackageManifest.php:108
/var/www/html/vendor/orchestra/testbench-core/src/Foundation/PackageManifest.php:102
/var/www/html/vendor/laravel/framework/src/Illuminate/Foundation/PackageManifest.php:91
/var/www/html/vendor/laravel/framework/src/Illuminate/Foundation/PackageManifest.php:80
/var/www/html/vendor/laravel/framework/src/Illuminate/Foundation/Bootstrap/RegisterFacades.php:26
/var/www/html/vendor/orchestra/testbench-core/src/Concerns/CreatesApplication.php:556
/var/www/html/vendor/orchestra/testbench-core/src/Concerns/CreatesApplication.php:311
/var/www/html/vendor/orchestra/testbench-core/src/TestCase.php:121
/var/www/html/vendor/orchestra/testbench-core/src/Concerns/ApplicationTestingHooks.php:74
/var/www/html/vendor/orchestra/testbench-core/src/Concerns/Testing.php:43
/var/www/html/vendor/laravel/framework/src/Illuminate/Collections/helpers.php:236
/var/www/html/vendor/orchestra/sidekick/src/functions.php:87
/var/www/html/vendor/laravel/framework/src/Illuminate/Collections/helpers.php:236
/var/www/html/vendor/orchestra/testbench-core/src/Concerns/Testing.php:57
/var/www/html/vendor/orchestra/testbench-core/src/TestCase.php:50
/var/www/html/tests/TestCase.php:61
/var/www/html/tests/Unit/Transport/StreamHandlerTest.php:46</error>
        </testcase>
        <testcase name="it_sets_blocking_mode" file="/var/www/html/tests/Unit/Transport/StreamHandlerTest.php" line="187" class="JTD\LaravelMCP\Tests\Unit\Transport\StreamHandlerTest" classname="JTD.LaravelMCP.Tests.Unit.Transport.StreamHandlerTest" assertions="0" time="0.000000">
          <error type="Exception">JTD\LaravelMCP\Tests\Unit\Transport\StreamHandlerTest::it_sets_blocking_mode
Exception: The /var/www/html/vendor/orchestra/testbench-core/laravel/bootstrap/cache directory must be present and writable.

/var/www/html/vendor/laravel/framework/src/Illuminate/Foundation/PackageManifest.php:179
/var/www/html/vendor/orchestra/testbench-core/src/Foundation/PackageManifest.php:157
/var/www/html/vendor/laravel/framework/src/Illuminate/Foundation/PackageManifest.php:132
/var/www/html/vendor/laravel/framework/src/Illuminate/Foundation/PackageManifest.php:108
/var/www/html/vendor/orchestra/testbench-core/src/Foundation/PackageManifest.php:102
/var/www/html/vendor/laravel/framework/src/Illuminate/Foundation/PackageManifest.php:91
/var/www/html/vendor/laravel/framework/src/Illuminate/Foundation/PackageManifest.php:80
/var/www/html/vendor/laravel/framework/src/Illuminate/Foundation/Bootstrap/RegisterFacades.php:26
/var/www/html/vendor/orchestra/testbench-core/src/Concerns/CreatesApplication.php:556
/var/www/html/vendor/orchestra/testbench-core/src/Concerns/CreatesApplication.php:311
/var/www/html/vendor/orchestra/testbench-core/src/TestCase.php:121
/var/www/html/vendor/orchestra/testbench-core/src/Concerns/ApplicationTestingHooks.php:74
/var/www/html/vendor/orchestra/testbench-core/src/Concerns/Testing.php:43
/var/www/html/vendor/laravel/framework/src/Illuminate/Collections/helpers.php:236
/var/www/html/vendor/orchestra/sidekick/src/functions.php:87
/var/www/html/vendor/laravel/framework/src/Illuminate/Collections/helpers.php:236
/var/www/html/vendor/orchestra/testbench-core/src/Concerns/Testing.php:57
/var/www/html/vendor/orchestra/testbench-core/src/TestCase.php:50
/var/www/html/tests/TestCase.php:61
/var/www/html/tests/Unit/Transport/StreamHandlerTest.php:46</error>
        </testcase>
        <testcase name="it_sets_stream_timeout" file="/var/www/html/tests/Unit/Transport/StreamHandlerTest.php" line="204" class="JTD\LaravelMCP\Tests\Unit\Transport\StreamHandlerTest" classname="JTD.LaravelMCP.Tests.Unit.Transport.StreamHandlerTest" assertions="0" time="0.000000">
          <error type="Exception">JTD\LaravelMCP\Tests\Unit\Transport\StreamHandlerTest::it_sets_stream_timeout
Exception: The /var/www/html/vendor/orchestra/testbench-core/laravel/bootstrap/cache directory must be present and writable.

/var/www/html/vendor/laravel/framework/src/Illuminate/Foundation/PackageManifest.php:179
/var/www/html/vendor/orchestra/testbench-core/src/Foundation/PackageManifest.php:157
/var/www/html/vendor/laravel/framework/src/Illuminate/Foundation/PackageManifest.php:132
/var/www/html/vendor/laravel/framework/src/Illuminate/Foundation/PackageManifest.php:108
/var/www/html/vendor/orchestra/testbench-core/src/Foundation/PackageManifest.php:102
/var/www/html/vendor/laravel/framework/src/Illuminate/Foundation/PackageManifest.php:91
/var/www/html/vendor/laravel/framework/src/Illuminate/Foundation/PackageManifest.php:80
/var/www/html/vendor/laravel/framework/src/Illuminate/Foundation/Bootstrap/RegisterFacades.php:26
/var/www/html/vendor/orchestra/testbench-core/src/Concerns/CreatesApplication.php:556
/var/www/html/vendor/orchestra/testbench-core/src/Concerns/CreatesApplication.php:311
/var/www/html/vendor/orchestra/testbench-core/src/TestCase.php:121
/var/www/html/vendor/orchestra/testbench-core/src/Concerns/ApplicationTestingHooks.php:74
/var/www/html/vendor/orchestra/testbench-core/src/Concerns/Testing.php:43
/var/www/html/vendor/laravel/framework/src/Illuminate/Collections/helpers.php:236
/var/www/html/vendor/orchestra/sidekick/src/functions.php:87
/var/www/html/vendor/laravel/framework/src/Illuminate/Collections/helpers.php:236
/var/www/html/vendor/orchestra/testbench-core/src/Concerns/Testing.php:57
/var/www/html/vendor/orchestra/testbench-core/src/TestCase.php:50
/var/www/html/tests/TestCase.php:61
/var/www/html/tests/Unit/Transport/StreamHandlerTest.php:46</error>
        </testcase>
        <testcase name="it_tracks_statistics" file="/var/www/html/tests/Unit/Transport/StreamHandlerTest.php" line="216" class="JTD\LaravelMCP\Tests\Unit\Transport\StreamHandlerTest" classname="JTD.LaravelMCP.Tests.Unit.Transport.StreamHandlerTest" assertions="0" time="0.000000">
          <error type="Exception">JTD\LaravelMCP\Tests\Unit\Transport\StreamHandlerTest::it_tracks_statistics
Exception: The /var/www/html/vendor/orchestra/testbench-core/laravel/bootstrap/cache directory must be present and writable.

/var/www/html/vendor/laravel/framework/src/Illuminate/Foundation/PackageManifest.php:179
/var/www/html/vendor/orchestra/testbench-core/src/Foundation/PackageManifest.php:157
/var/www/html/vendor/laravel/framework/src/Illuminate/Foundation/PackageManifest.php:132
/var/www/html/vendor/laravel/framework/src/Illuminate/Foundation/PackageManifest.php:108
/var/www/html/vendor/orchestra/testbench-core/src/Foundation/PackageManifest.php:102
/var/www/html/vendor/laravel/framework/src/Illuminate/Foundation/PackageManifest.php:91
/var/www/html/vendor/laravel/framework/src/Illuminate/Foundation/PackageManifest.php:80
/var/www/html/vendor/laravel/framework/src/Illuminate/Foundation/Bootstrap/RegisterFacades.php:26
/var/www/html/vendor/orchestra/testbench-core/src/Concerns/CreatesApplication.php:556
/var/www/html/vendor/orchestra/testbench-core/src/Concerns/CreatesApplication.php:311
/var/www/html/vendor/orchestra/testbench-core/src/TestCase.php:121
/var/www/html/vendor/orchestra/testbench-core/src/Concerns/ApplicationTestingHooks.php:74
/var/www/html/vendor/orchestra/testbench-core/src/Concerns/Testing.php:43
/var/www/html/vendor/laravel/framework/src/Illuminate/Collections/helpers.php:236
/var/www/html/vendor/orchestra/sidekick/src/functions.php:87
/var/www/html/vendor/laravel/framework/src/Illuminate/Collections/helpers.php:236
/var/www/html/vendor/orchestra/testbench-core/src/Concerns/Testing.php:57
/var/www/html/vendor/orchestra/testbench-core/src/TestCase.php:50
/var/www/html/tests/TestCase.php:61
/var/www/html/tests/Unit/Transport/StreamHandlerTest.php:46</error>
        </testcase>
        <testcase name="it_resets_statistics" file="/var/www/html/tests/Unit/Transport/StreamHandlerTest.php" line="233" class="JTD\LaravelMCP\Tests\Unit\Transport\StreamHandlerTest" classname="JTD.LaravelMCP.Tests.Unit.Transport.StreamHandlerTest" assertions="0" time="0.000000">
          <error type="Exception">JTD\LaravelMCP\Tests\Unit\Transport\StreamHandlerTest::it_resets_statistics
Exception: The /var/www/html/vendor/orchestra/testbench-core/laravel/bootstrap/cache directory must be present and writable.

/var/www/html/vendor/laravel/framework/src/Illuminate/Foundation/PackageManifest.php:179
/var/www/html/vendor/orchestra/testbench-core/src/Foundation/PackageManifest.php:157
/var/www/html/vendor/laravel/framework/src/Illuminate/Foundation/PackageManifest.php:132
/var/www/html/vendor/laravel/framework/src/Illuminate/Foundation/PackageManifest.php:108
/var/www/html/vendor/orchestra/testbench-core/src/Foundation/PackageManifest.php:102
/var/www/html/vendor/laravel/framework/src/Illuminate/Foundation/PackageManifest.php:91
/var/www/html/vendor/laravel/framework/src/Illuminate/Foundation/PackageManifest.php:80
/var/www/html/vendor/laravel/framework/src/Illuminate/Foundation/Bootstrap/RegisterFacades.php:26
/var/www/html/vendor/orchestra/testbench-core/src/Concerns/CreatesApplication.php:556
/var/www/html/vendor/orchestra/testbench-core/src/Concerns/CreatesApplication.php:311
/var/www/html/vendor/orchestra/testbench-core/src/TestCase.php:121
/var/www/html/vendor/orchestra/testbench-core/src/Concerns/ApplicationTestingHooks.php:74
/var/www/html/vendor/orchestra/testbench-core/src/Concerns/Testing.php:43
/var/www/html/vendor/laravel/framework/src/Illuminate/Collections/helpers.php:236
/var/www/html/vendor/orchestra/sidekick/src/functions.php:87
/var/www/html/vendor/laravel/framework/src/Illuminate/Collections/helpers.php:236
/var/www/html/vendor/orchestra/testbench-core/src/Concerns/Testing.php:57
/var/www/html/vendor/orchestra/testbench-core/src/TestCase.php:50
/var/www/html/tests/TestCase.php:61
/var/www/html/tests/Unit/Transport/StreamHandlerTest.php:46</error>
        </testcase>
        <testcase name="it_performs_health_checks" file="/var/www/html/tests/Unit/Transport/StreamHandlerTest.php" line="250" class="JTD\LaravelMCP\Tests\Unit\Transport\StreamHandlerTest" classname="JTD.LaravelMCP.Tests.Unit.Transport.StreamHandlerTest" assertions="0" time="0.000000">
          <error type="Exception">JTD\LaravelMCP\Tests\Unit\Transport\StreamHandlerTest::it_performs_health_checks
Exception: The /var/www/html/vendor/orchestra/testbench-core/laravel/bootstrap/cache directory must be present and writable.

/var/www/html/vendor/laravel/framework/src/Illuminate/Foundation/PackageManifest.php:179
/var/www/html/vendor/orchestra/testbench-core/src/Foundation/PackageManifest.php:157
/var/www/html/vendor/laravel/framework/src/Illuminate/Foundation/PackageManifest.php:132
/var/www/html/vendor/laravel/framework/src/Illuminate/Foundation/PackageManifest.php:108
/var/www/html/vendor/orchestra/testbench-core/src/Foundation/PackageManifest.php:102
/var/www/html/vendor/laravel/framework/src/Illuminate/Foundation/PackageManifest.php:91
/var/www/html/vendor/laravel/framework/src/Illuminate/Foundation/PackageManifest.php:80
/var/www/html/vendor/laravel/framework/src/Illuminate/Foundation/Bootstrap/RegisterFacades.php:26
/var/www/html/vendor/orchestra/testbench-core/src/Concerns/CreatesApplication.php:556
/var/www/html/vendor/orchestra/testbench-core/src/Concerns/CreatesApplication.php:311
/var/www/html/vendor/orchestra/testbench-core/src/TestCase.php:121
/var/www/html/vendor/orchestra/testbench-core/src/Concerns/ApplicationTestingHooks.php:74
/var/www/html/vendor/orchestra/testbench-core/src/Concerns/Testing.php:43
/var/www/html/vendor/laravel/framework/src/Illuminate/Collections/helpers.php:236
/var/www/html/vendor/orchestra/sidekick/src/functions.php:87
/var/www/html/vendor/laravel/framework/src/Illuminate/Collections/helpers.php:236
/var/www/html/vendor/orchestra/testbench-core/src/Concerns/Testing.php:57
/var/www/html/vendor/orchestra/testbench-core/src/TestCase.php:50
/var/www/html/tests/TestCase.php:61
/var/www/html/tests/Unit/Transport/StreamHandlerTest.php:46</error>
        </testcase>
        <testcase name="it_throws_exception_when_reading_from_closed_stream" file="/var/www/html/tests/Unit/Transport/StreamHandlerTest.php" line="269" class="JTD\LaravelMCP\Tests\Unit\Transport\StreamHandlerTest" classname="JTD.LaravelMCP.Tests.Unit.Transport.StreamHandlerTest" assertions="0" time="0.000000">
          <error type="Exception">JTD\LaravelMCP\Tests\Unit\Transport\StreamHandlerTest::it_throws_exception_when_reading_from_closed_stream
Exception: The /var/www/html/vendor/orchestra/testbench-core/laravel/bootstrap/cache directory must be present and writable.

/var/www/html/vendor/laravel/framework/src/Illuminate/Foundation/PackageManifest.php:179
/var/www/html/vendor/orchestra/testbench-core/src/Foundation/PackageManifest.php:157
/var/www/html/vendor/laravel/framework/src/Illuminate/Foundation/PackageManifest.php:132
/var/www/html/vendor/laravel/framework/src/Illuminate/Foundation/PackageManifest.php:108
/var/www/html/vendor/orchestra/testbench-core/src/Foundation/PackageManifest.php:102
/var/www/html/vendor/laravel/framework/src/Illuminate/Foundation/PackageManifest.php:91
/var/www/html/vendor/laravel/framework/src/Illuminate/Foundation/PackageManifest.php:80
/var/www/html/vendor/laravel/framework/src/Illuminate/Foundation/Bootstrap/RegisterFacades.php:26
/var/www/html/vendor/orchestra/testbench-core/src/Concerns/CreatesApplication.php:556
/var/www/html/vendor/orchestra/testbench-core/src/Concerns/CreatesApplication.php:311
/var/www/html/vendor/orchestra/testbench-core/src/TestCase.php:121
/var/www/html/vendor/orchestra/testbench-core/src/Concerns/ApplicationTestingHooks.php:74
/var/www/html/vendor/orchestra/testbench-core/src/Concerns/Testing.php:43
/var/www/html/vendor/laravel/framework/src/Illuminate/Collections/helpers.php:236
/var/www/html/vendor/orchestra/sidekick/src/functions.php:87
/var/www/html/vendor/laravel/framework/src/Illuminate/Collections/helpers.php:236
/var/www/html/vendor/orchestra/testbench-core/src/Concerns/Testing.php:57
/var/www/html/vendor/orchestra/testbench-core/src/TestCase.php:50
/var/www/html/tests/TestCase.php:61
/var/www/html/tests/Unit/Transport/StreamHandlerTest.php:46</error>
        </testcase>
        <testcase name="it_throws_exception_when_writing_to_closed_stream" file="/var/www/html/tests/Unit/Transport/StreamHandlerTest.php" line="280" class="JTD\LaravelMCP\Tests\Unit\Transport\StreamHandlerTest" classname="JTD.LaravelMCP.Tests.Unit.Transport.StreamHandlerTest" assertions="0" time="0.000000">
          <error type="Exception">JTD\LaravelMCP\Tests\Unit\Transport\StreamHandlerTest::it_throws_exception_when_writing_to_closed_stream
Exception: The /var/www/html/vendor/orchestra/testbench-core/laravel/bootstrap/cache directory must be present and writable.

/var/www/html/vendor/laravel/framework/src/Illuminate/Foundation/PackageManifest.php:179
/var/www/html/vendor/orchestra/testbench-core/src/Foundation/PackageManifest.php:157
/var/www/html/vendor/laravel/framework/src/Illuminate/Foundation/PackageManifest.php:132
/var/www/html/vendor/laravel/framework/src/Illuminate/Foundation/PackageManifest.php:108
/var/www/html/vendor/orchestra/testbench-core/src/Foundation/PackageManifest.php:102
/var/www/html/vendor/laravel/framework/src/Illuminate/Foundation/PackageManifest.php:91
/var/www/html/vendor/laravel/framework/src/Illuminate/Foundation/PackageManifest.php:80
/var/www/html/vendor/laravel/framework/src/Illuminate/Foundation/Bootstrap/RegisterFacades.php:26
/var/www/html/vendor/orchestra/testbench-core/src/Concerns/CreatesApplication.php:556
/var/www/html/vendor/orchestra/testbench-core/src/Concerns/CreatesApplication.php:311
/var/www/html/vendor/orchestra/testbench-core/src/TestCase.php:121
/var/www/html/vendor/orchestra/testbench-core/src/Concerns/ApplicationTestingHooks.php:74
/var/www/html/vendor/orchestra/testbench-core/src/Concerns/Testing.php:43
/var/www/html/vendor/laravel/framework/src/Illuminate/Collections/helpers.php:236
/var/www/html/vendor/orchestra/sidekick/src/functions.php:87
/var/www/html/vendor/laravel/framework/src/Illuminate/Collections/helpers.php:236
/var/www/html/vendor/orchestra/testbench-core/src/Concerns/Testing.php:57
/var/www/html/vendor/orchestra/testbench-core/src/TestCase.php:50
/var/www/html/tests/TestCase.php:61
/var/www/html/tests/Unit/Transport/StreamHandlerTest.php:46</error>
        </testcase>
        <testcase name="it_handles_partial_writes_with_retry" file="/var/www/html/tests/Unit/Transport/StreamHandlerTest.php" line="291" class="JTD\LaravelMCP\Tests\Unit\Transport\StreamHandlerTest" classname="JTD.LaravelMCP.Tests.Unit.Transport.StreamHandlerTest" assertions="0" time="0.000000">
          <error type="Exception">JTD\LaravelMCP\Tests\Unit\Transport\StreamHandlerTest::it_handles_partial_writes_with_retry
Exception: The /var/www/html/vendor/orchestra/testbench-core/laravel/bootstrap/cache directory must be present and writable.

/var/www/html/vendor/laravel/framework/src/Illuminate/Foundation/PackageManifest.php:179
/var/www/html/vendor/orchestra/testbench-core/src/Foundation/PackageManifest.php:157
/var/www/html/vendor/laravel/framework/src/Illuminate/Foundation/PackageManifest.php:132
/var/www/html/vendor/laravel/framework/src/Illuminate/Foundation/PackageManifest.php:108
/var/www/html/vendor/orchestra/testbench-core/src/Foundation/PackageManifest.php:102
/var/www/html/vendor/laravel/framework/src/Illuminate/Foundation/PackageManifest.php:91
/var/www/html/vendor/laravel/framework/src/Illuminate/Foundation/PackageManifest.php:80
/var/www/html/vendor/laravel/framework/src/Illuminate/Foundation/Bootstrap/RegisterFacades.php:26
/var/www/html/vendor/orchestra/testbench-core/src/Concerns/CreatesApplication.php:556
/var/www/html/vendor/orchestra/testbench-core/src/Concerns/CreatesApplication.php:311
/var/www/html/vendor/orchestra/testbench-core/src/TestCase.php:121
/var/www/html/vendor/orchestra/testbench-core/src/Concerns/ApplicationTestingHooks.php:74
/var/www/html/vendor/orchestra/testbench-core/src/Concerns/Testing.php:43
/var/www/html/vendor/laravel/framework/src/Illuminate/Collections/helpers.php:236
/var/www/html/vendor/orchestra/sidekick/src/functions.php:87
/var/www/html/vendor/laravel/framework/src/Illuminate/Collections/helpers.php:236
/var/www/html/vendor/orchestra/testbench-core/src/Concerns/Testing.php:57
/var/www/html/vendor/orchestra/testbench-core/src/TestCase.php:50
/var/www/html/tests/TestCase.php:61
/var/www/html/tests/Unit/Transport/StreamHandlerTest.php:46</error>
        </testcase>
        <testcase name="it_waits_for_stream_to_become_readable" file="/var/www/html/tests/Unit/Transport/StreamHandlerTest.php" line="306" class="JTD\LaravelMCP\Tests\Unit\Transport\StreamHandlerTest" classname="JTD.LaravelMCP.Tests.Unit.Transport.StreamHandlerTest" assertions="0" time="0.000000">
          <error type="Exception">JTD\LaravelMCP\Tests\Unit\Transport\StreamHandlerTest::it_waits_for_stream_to_become_readable
Exception: The /var/www/html/vendor/orchestra/testbench-core/laravel/bootstrap/cache directory must be present and writable.

/var/www/html/vendor/laravel/framework/src/Illuminate/Foundation/PackageManifest.php:179
/var/www/html/vendor/orchestra/testbench-core/src/Foundation/PackageManifest.php:157
/var/www/html/vendor/laravel/framework/src/Illuminate/Foundation/PackageManifest.php:132
/var/www/html/vendor/laravel/framework/src/Illuminate/Foundation/PackageManifest.php:108
/var/www/html/vendor/orchestra/testbench-core/src/Foundation/PackageManifest.php:102
/var/www/html/vendor/laravel/framework/src/Illuminate/Foundation/PackageManifest.php:91
/var/www/html/vendor/laravel/framework/src/Illuminate/Foundation/PackageManifest.php:80
/var/www/html/vendor/laravel/framework/src/Illuminate/Foundation/Bootstrap/RegisterFacades.php:26
/var/www/html/vendor/orchestra/testbench-core/src/Concerns/CreatesApplication.php:556
/var/www/html/vendor/orchestra/testbench-core/src/Concerns/CreatesApplication.php:311
/var/www/html/vendor/orchestra/testbench-core/src/TestCase.php:121
/var/www/html/vendor/orchestra/testbench-core/src/Concerns/ApplicationTestingHooks.php:74
/var/www/html/vendor/orchestra/testbench-core/src/Concerns/Testing.php:43
/var/www/html/vendor/laravel/framework/src/Illuminate/Collections/helpers.php:236
/var/www/html/vendor/orchestra/sidekick/src/functions.php:87
/var/www/html/vendor/laravel/framework/src/Illuminate/Collections/helpers.php:236
/var/www/html/vendor/orchestra/testbench-core/src/Concerns/Testing.php:57
/var/www/html/vendor/orchestra/testbench-core/src/TestCase.php:50
/var/www/html/tests/TestCase.php:61
/var/www/html/tests/Unit/Transport/StreamHandlerTest.php:46</error>
        </testcase>
        <testcase name="it_waits_for_stream_to_become_writable" file="/var/www/html/tests/Unit/Transport/StreamHandlerTest.php" line="318" class="JTD\LaravelMCP\Tests\Unit\Transport\StreamHandlerTest" classname="JTD.LaravelMCP.Tests.Unit.Transport.StreamHandlerTest" assertions="0" time="0.000000">
          <error type="Exception">JTD\LaravelMCP\Tests\Unit\Transport\StreamHandlerTest::it_waits_for_stream_to_become_writable
Exception: The /var/www/html/vendor/orchestra/testbench-core/laravel/bootstrap/cache directory must be present and writable.

/var/www/html/vendor/laravel/framework/src/Illuminate/Foundation/PackageManifest.php:179
/var/www/html/vendor/orchestra/testbench-core/src/Foundation/PackageManifest.php:157
/var/www/html/vendor/laravel/framework/src/Illuminate/Foundation/PackageManifest.php:132
/var/www/html/vendor/laravel/framework/src/Illuminate/Foundation/PackageManifest.php:108
/var/www/html/vendor/orchestra/testbench-core/src/Foundation/PackageManifest.php:102
/var/www/html/vendor/laravel/framework/src/Illuminate/Foundation/PackageManifest.php:91
/var/www/html/vendor/laravel/framework/src/Illuminate/Foundation/PackageManifest.php:80
/var/www/html/vendor/laravel/framework/src/Illuminate/Foundation/Bootstrap/RegisterFacades.php:26
/var/www/html/vendor/orchestra/testbench-core/src/Concerns/CreatesApplication.php:556
/var/www/html/vendor/orchestra/testbench-core/src/Concerns/CreatesApplication.php:311
/var/www/html/vendor/orchestra/testbench-core/src/TestCase.php:121
/var/www/html/vendor/orchestra/testbench-core/src/Concerns/ApplicationTestingHooks.php:74
/var/www/html/vendor/orchestra/testbench-core/src/Concerns/Testing.php:43
/var/www/html/vendor/laravel/framework/src/Illuminate/Collections/helpers.php:236
/var/www/html/vendor/orchestra/sidekick/src/functions.php:87
/var/www/html/vendor/laravel/framework/src/Illuminate/Collections/helpers.php:236
/var/www/html/vendor/orchestra/testbench-core/src/Concerns/Testing.php:57
/var/www/html/vendor/orchestra/testbench-core/src/TestCase.php:50
/var/www/html/tests/TestCase.php:61
/var/www/html/tests/Unit/Transport/StreamHandlerTest.php:46</error>
        </testcase>
        <testcase name="it_returns_stream_resource" file="/var/www/html/tests/Unit/Transport/StreamHandlerTest.php" line="328" class="JTD\LaravelMCP\Tests\Unit\Transport\StreamHandlerTest" classname="JTD.LaravelMCP.Tests.Unit.Transport.StreamHandlerTest" assertions="0" time="0.000000">
          <error type="Exception">JTD\LaravelMCP\Tests\Unit\Transport\StreamHandlerTest::it_returns_stream_resource
Exception: The /var/www/html/vendor/orchestra/testbench-core/laravel/bootstrap/cache directory must be present and writable.

/var/www/html/vendor/laravel/framework/src/Illuminate/Foundation/PackageManifest.php:179
/var/www/html/vendor/orchestra/testbench-core/src/Foundation/PackageManifest.php:157
/var/www/html/vendor/laravel/framework/src/Illuminate/Foundation/PackageManifest.php:132
/var/www/html/vendor/laravel/framework/src/Illuminate/Foundation/PackageManifest.php:108
/var/www/html/vendor/orchestra/testbench-core/src/Foundation/PackageManifest.php:102
/var/www/html/vendor/laravel/framework/src/Illuminate/Foundation/PackageManifest.php:91
/var/www/html/vendor/laravel/framework/src/Illuminate/Foundation/PackageManifest.php:80
/var/www/html/vendor/laravel/framework/src/Illuminate/Foundation/Bootstrap/RegisterFacades.php:26
/var/www/html/vendor/orchestra/testbench-core/src/Concerns/CreatesApplication.php:556
/var/www/html/vendor/orchestra/testbench-core/src/Concerns/CreatesApplication.php:311
/var/www/html/vendor/orchestra/testbench-core/src/TestCase.php:121
/var/www/html/vendor/orchestra/testbench-core/src/Concerns/ApplicationTestingHooks.php:74
/var/www/html/vendor/orchestra/testbench-core/src/Concerns/Testing.php:43
/var/www/html/vendor/laravel/framework/src/Illuminate/Collections/helpers.php:236
/var/www/html/vendor/orchestra/sidekick/src/functions.php:87
/var/www/html/vendor/laravel/framework/src/Illuminate/Collections/helpers.php:236
/var/www/html/vendor/orchestra/testbench-core/src/Concerns/Testing.php:57
/var/www/html/vendor/orchestra/testbench-core/src/TestCase.php:50
/var/www/html/tests/TestCase.php:61
/var/www/html/tests/Unit/Transport/StreamHandlerTest.php:46</error>
        </testcase>
        <testcase name="it_handles_buffer_overflow_for_line_reading" file="/var/www/html/tests/Unit/Transport/StreamHandlerTest.php" line="341" class="JTD\LaravelMCP\Tests\Unit\Transport\StreamHandlerTest" classname="JTD.LaravelMCP.Tests.Unit.Transport.StreamHandlerTest" assertions="0" time="0.000000">
          <error type="Exception">JTD\LaravelMCP\Tests\Unit\Transport\StreamHandlerTest::it_handles_buffer_overflow_for_line_reading
Exception: The /var/www/html/vendor/orchestra/testbench-core/laravel/bootstrap/cache directory must be present and writable.

/var/www/html/vendor/laravel/framework/src/Illuminate/Foundation/PackageManifest.php:179
/var/www/html/vendor/orchestra/testbench-core/src/Foundation/PackageManifest.php:157
/var/www/html/vendor/laravel/framework/src/Illuminate/Foundation/PackageManifest.php:132
/var/www/html/vendor/laravel/framework/src/Illuminate/Foundation/PackageManifest.php:108
/var/www/html/vendor/orchestra/testbench-core/src/Foundation/PackageManifest.php:102
/var/www/html/vendor/laravel/framework/src/Illuminate/Foundation/PackageManifest.php:91
/var/www/html/vendor/laravel/framework/src/Illuminate/Foundation/PackageManifest.php:80
/var/www/html/vendor/laravel/framework/src/Illuminate/Foundation/Bootstrap/RegisterFacades.php:26
/var/www/html/vendor/orchestra/testbench-core/src/Concerns/CreatesApplication.php:556
/var/www/html/vendor/orchestra/testbench-core/src/Concerns/CreatesApplication.php:311
/var/www/html/vendor/orchestra/testbench-core/src/TestCase.php:121
/var/www/html/vendor/orchestra/testbench-core/src/Concerns/ApplicationTestingHooks.php:74
/var/www/html/vendor/orchestra/testbench-core/src/Concerns/Testing.php:43
/var/www/html/vendor/laravel/framework/src/Illuminate/Collections/helpers.php:236
/var/www/html/vendor/orchestra/sidekick/src/functions.php:87
/var/www/html/vendor/laravel/framework/src/Illuminate/Collections/helpers.php:236
/var/www/html/vendor/orchestra/testbench-core/src/Concerns/Testing.php:57
/var/www/html/vendor/orchestra/testbench-core/src/TestCase.php:50
/var/www/html/tests/TestCase.php:61
/var/www/html/tests/Unit/Transport/StreamHandlerTest.php:46</error>
        </testcase>
        <testcase name="it_handles_custom_line_delimiter" file="/var/www/html/tests/Unit/Transport/StreamHandlerTest.php" line="359" class="JTD\LaravelMCP\Tests\Unit\Transport\StreamHandlerTest" classname="JTD.LaravelMCP.Tests.Unit.Transport.StreamHandlerTest" assertions="0" time="0.000000">
          <error type="Exception">JTD\LaravelMCP\Tests\Unit\Transport\StreamHandlerTest::it_handles_custom_line_delimiter
Exception: The /var/www/html/vendor/orchestra/testbench-core/laravel/bootstrap/cache directory must be present and writable.

/var/www/html/vendor/laravel/framework/src/Illuminate/Foundation/PackageManifest.php:179
/var/www/html/vendor/orchestra/testbench-core/src/Foundation/PackageManifest.php:157
/var/www/html/vendor/laravel/framework/src/Illuminate/Foundation/PackageManifest.php:132
/var/www/html/vendor/laravel/framework/src/Illuminate/Foundation/PackageManifest.php:108
/var/www/html/vendor/orchestra/testbench-core/src/Foundation/PackageManifest.php:102
/var/www/html/vendor/laravel/framework/src/Illuminate/Foundation/PackageManifest.php:91
/var/www/html/vendor/laravel/framework/src/Illuminate/Foundation/PackageManifest.php:80
/var/www/html/vendor/laravel/framework/src/Illuminate/Foundation/Bootstrap/RegisterFacades.php:26
/var/www/html/vendor/orchestra/testbench-core/src/Concerns/CreatesApplication.php:556
/var/www/html/vendor/orchestra/testbench-core/src/Concerns/CreatesApplication.php:311
/var/www/html/vendor/orchestra/testbench-core/src/TestCase.php:121
/var/www/html/vendor/orchestra/testbench-core/src/Concerns/ApplicationTestingHooks.php:74
/var/www/html/vendor/orchestra/testbench-core/src/Concerns/Testing.php:43
/var/www/html/vendor/laravel/framework/src/Illuminate/Collections/helpers.php:236
/var/www/html/vendor/orchestra/sidekick/src/functions.php:87
/var/www/html/vendor/laravel/framework/src/Illuminate/Collections/helpers.php:236
/var/www/html/vendor/orchestra/testbench-core/src/Concerns/Testing.php:57
/var/www/html/vendor/orchestra/testbench-core/src/TestCase.php:50
/var/www/html/tests/TestCase.php:61
/var/www/html/tests/Unit/Transport/StreamHandlerTest.php:46</error>
        </testcase>
      </testsuite>
      <testsuite name="JTD\LaravelMCP\Tests\Unit\Transport\TransportManagerTest" file="/var/www/html/tests/Unit/Transport/TransportManagerTest.php" tests="37" assertions="0" errors="37" failures="0" skipped="0" time="0.000000">
        <testcase name="it_registers_default_drivers_on_construction" file="/var/www/html/tests/Unit/Transport/TransportManagerTest.php" line="33" class="JTD\LaravelMCP\Tests\Unit\Transport\TransportManagerTest" classname="JTD.LaravelMCP.Tests.Unit.Transport.TransportManagerTest" assertions="0" time="0.000000">
          <error type="Exception">JTD\LaravelMCP\Tests\Unit\Transport\TransportManagerTest::it_registers_default_drivers_on_construction
Exception: The /var/www/html/vendor/orchestra/testbench-core/laravel/bootstrap/cache directory must be present and writable.

/var/www/html/vendor/laravel/framework/src/Illuminate/Foundation/PackageManifest.php:179
/var/www/html/vendor/orchestra/testbench-core/src/Foundation/PackageManifest.php:157
/var/www/html/vendor/laravel/framework/src/Illuminate/Foundation/PackageManifest.php:132
/var/www/html/vendor/laravel/framework/src/Illuminate/Foundation/PackageManifest.php:108
/var/www/html/vendor/orchestra/testbench-core/src/Foundation/PackageManifest.php:102
/var/www/html/vendor/laravel/framework/src/Illuminate/Foundation/PackageManifest.php:91
/var/www/html/vendor/laravel/framework/src/Illuminate/Foundation/PackageManifest.php:80
/var/www/html/vendor/laravel/framework/src/Illuminate/Foundation/Bootstrap/RegisterFacades.php:26
/var/www/html/vendor/orchestra/testbench-core/src/Concerns/CreatesApplication.php:556
/var/www/html/vendor/orchestra/testbench-core/src/Concerns/CreatesApplication.php:311
/var/www/html/vendor/orchestra/testbench-core/src/TestCase.php:121
/var/www/html/vendor/orchestra/testbench-core/src/Concerns/ApplicationTestingHooks.php:74
/var/www/html/vendor/orchestra/testbench-core/src/Concerns/Testing.php:43
/var/www/html/vendor/laravel/framework/src/Illuminate/Collections/helpers.php:236
/var/www/html/vendor/orchestra/sidekick/src/functions.php:87
/var/www/html/vendor/laravel/framework/src/Illuminate/Collections/helpers.php:236
/var/www/html/vendor/orchestra/testbench-core/src/Concerns/Testing.php:57
/var/www/html/vendor/orchestra/testbench-core/src/TestCase.php:50
/var/www/html/tests/TestCase.php:61
/var/www/html/tests/Unit/Transport/TransportManagerTest.php:26</error>
        </testcase>
        <testcase name="it_creates_http_transport_instance" file="/var/www/html/tests/Unit/Transport/TransportManagerTest.php" line="42" class="JTD\LaravelMCP\Tests\Unit\Transport\TransportManagerTest" classname="JTD.LaravelMCP.Tests.Unit.Transport.TransportManagerTest" assertions="0" time="0.000000">
          <error type="Exception">JTD\LaravelMCP\Tests\Unit\Transport\TransportManagerTest::it_creates_http_transport_instance
Exception: The /var/www/html/vendor/orchestra/testbench-core/laravel/bootstrap/cache directory must be present and writable.

/var/www/html/vendor/laravel/framework/src/Illuminate/Foundation/PackageManifest.php:179
/var/www/html/vendor/orchestra/testbench-core/src/Foundation/PackageManifest.php:157
/var/www/html/vendor/laravel/framework/src/Illuminate/Foundation/PackageManifest.php:132
/var/www/html/vendor/laravel/framework/src/Illuminate/Foundation/PackageManifest.php:108
/var/www/html/vendor/orchestra/testbench-core/src/Foundation/PackageManifest.php:102
/var/www/html/vendor/laravel/framework/src/Illuminate/Foundation/PackageManifest.php:91
/var/www/html/vendor/laravel/framework/src/Illuminate/Foundation/PackageManifest.php:80
/var/www/html/vendor/laravel/framework/src/Illuminate/Foundation/Bootstrap/RegisterFacades.php:26
/var/www/html/vendor/orchestra/testbench-core/src/Concerns/CreatesApplication.php:556
/var/www/html/vendor/orchestra/testbench-core/src/Concerns/CreatesApplication.php:311
/var/www/html/vendor/orchestra/testbench-core/src/TestCase.php:121
/var/www/html/vendor/orchestra/testbench-core/src/Concerns/ApplicationTestingHooks.php:74
/var/www/html/vendor/orchestra/testbench-core/src/Concerns/Testing.php:43
/var/www/html/vendor/laravel/framework/src/Illuminate/Collections/helpers.php:236
/var/www/html/vendor/orchestra/sidekick/src/functions.php:87
/var/www/html/vendor/laravel/framework/src/Illuminate/Collections/helpers.php:236
/var/www/html/vendor/orchestra/testbench-core/src/Concerns/Testing.php:57
/var/www/html/vendor/orchestra/testbench-core/src/TestCase.php:50
/var/www/html/tests/TestCase.php:61
/var/www/html/tests/Unit/Transport/TransportManagerTest.php:26</error>
        </testcase>
        <testcase name="it_creates_stdio_transport_instance" file="/var/www/html/tests/Unit/Transport/TransportManagerTest.php" line="51" class="JTD\LaravelMCP\Tests\Unit\Transport\TransportManagerTest" classname="JTD.LaravelMCP.Tests.Unit.Transport.TransportManagerTest" assertions="0" time="0.000000">
          <error type="Exception">JTD\LaravelMCP\Tests\Unit\Transport\TransportManagerTest::it_creates_stdio_transport_instance
Exception: The /var/www/html/vendor/orchestra/testbench-core/laravel/bootstrap/cache directory must be present and writable.

/var/www/html/vendor/laravel/framework/src/Illuminate/Foundation/PackageManifest.php:179
/var/www/html/vendor/orchestra/testbench-core/src/Foundation/PackageManifest.php:157
/var/www/html/vendor/laravel/framework/src/Illuminate/Foundation/PackageManifest.php:132
/var/www/html/vendor/laravel/framework/src/Illuminate/Foundation/PackageManifest.php:108
/var/www/html/vendor/orchestra/testbench-core/src/Foundation/PackageManifest.php:102
/var/www/html/vendor/laravel/framework/src/Illuminate/Foundation/PackageManifest.php:91
/var/www/html/vendor/laravel/framework/src/Illuminate/Foundation/PackageManifest.php:80
/var/www/html/vendor/laravel/framework/src/Illuminate/Foundation/Bootstrap/RegisterFacades.php:26
/var/www/html/vendor/orchestra/testbench-core/src/Concerns/CreatesApplication.php:556
/var/www/html/vendor/orchestra/testbench-core/src/Concerns/CreatesApplication.php:311
/var/www/html/vendor/orchestra/testbench-core/src/TestCase.php:121
/var/www/html/vendor/orchestra/testbench-core/src/Concerns/ApplicationTestingHooks.php:74
/var/www/html/vendor/orchestra/testbench-core/src/Concerns/Testing.php:43
/var/www/html/vendor/laravel/framework/src/Illuminate/Collections/helpers.php:236
/var/www/html/vendor/orchestra/sidekick/src/functions.php:87
/var/www/html/vendor/laravel/framework/src/Illuminate/Collections/helpers.php:236
/var/www/html/vendor/orchestra/testbench-core/src/Concerns/Testing.php:57
/var/www/html/vendor/orchestra/testbench-core/src/TestCase.php:50
/var/www/html/tests/TestCase.php:61
/var/www/html/tests/Unit/Transport/TransportManagerTest.php:26</error>
        </testcase>
        <testcase name="it_throws_exception_for_unknown_transport_type" file="/var/www/html/tests/Unit/Transport/TransportManagerTest.php" line="60" class="JTD\LaravelMCP\Tests\Unit\Transport\TransportManagerTest" classname="JTD.LaravelMCP.Tests.Unit.Transport.TransportManagerTest" assertions="0" time="0.000000">
          <error type="Exception">JTD\LaravelMCP\Tests\Unit\Transport\TransportManagerTest::it_throws_exception_for_unknown_transport_type
Exception: The /var/www/html/vendor/orchestra/testbench-core/laravel/bootstrap/cache directory must be present and writable.

/var/www/html/vendor/laravel/framework/src/Illuminate/Foundation/PackageManifest.php:179
/var/www/html/vendor/orchestra/testbench-core/src/Foundation/PackageManifest.php:157
/var/www/html/vendor/laravel/framework/src/Illuminate/Foundation/PackageManifest.php:132
/var/www/html/vendor/laravel/framework/src/Illuminate/Foundation/PackageManifest.php:108
/var/www/html/vendor/orchestra/testbench-core/src/Foundation/PackageManifest.php:102
/var/www/html/vendor/laravel/framework/src/Illuminate/Foundation/PackageManifest.php:91
/var/www/html/vendor/laravel/framework/src/Illuminate/Foundation/PackageManifest.php:80
/var/www/html/vendor/laravel/framework/src/Illuminate/Foundation/Bootstrap/RegisterFacades.php:26
/var/www/html/vendor/orchestra/testbench-core/src/Concerns/CreatesApplication.php:556
/var/www/html/vendor/orchestra/testbench-core/src/Concerns/CreatesApplication.php:311
/var/www/html/vendor/orchestra/testbench-core/src/TestCase.php:121
/var/www/html/vendor/orchestra/testbench-core/src/Concerns/ApplicationTestingHooks.php:74
/var/www/html/vendor/orchestra/testbench-core/src/Concerns/Testing.php:43
/var/www/html/vendor/laravel/framework/src/Illuminate/Collections/helpers.php:236
/var/www/html/vendor/orchestra/sidekick/src/functions.php:87
/var/www/html/vendor/laravel/framework/src/Illuminate/Collections/helpers.php:236
/var/www/html/vendor/orchestra/testbench-core/src/Concerns/Testing.php:57
/var/www/html/vendor/orchestra/testbench-core/src/TestCase.php:50
/var/www/html/tests/TestCase.php:61
/var/www/html/tests/Unit/Transport/TransportManagerTest.php:26</error>
        </testcase>
        <testcase name="it_creates_transport_with_custom_configuration" file="/var/www/html/tests/Unit/Transport/TransportManagerTest.php" line="69" class="JTD\LaravelMCP\Tests\Unit\Transport\TransportManagerTest" classname="JTD.LaravelMCP.Tests.Unit.Transport.TransportManagerTest" assertions="0" time="0.000000">
          <error type="Exception">JTD\LaravelMCP\Tests\Unit\Transport\TransportManagerTest::it_creates_transport_with_custom_configuration
Exception: The /var/www/html/vendor/orchestra/testbench-core/laravel/bootstrap/cache directory must be present and writable.

/var/www/html/vendor/laravel/framework/src/Illuminate/Foundation/PackageManifest.php:179
/var/www/html/vendor/orchestra/testbench-core/src/Foundation/PackageManifest.php:157
/var/www/html/vendor/laravel/framework/src/Illuminate/Foundation/PackageManifest.php:132
/var/www/html/vendor/laravel/framework/src/Illuminate/Foundation/PackageManifest.php:108
/var/www/html/vendor/orchestra/testbench-core/src/Foundation/PackageManifest.php:102
/var/www/html/vendor/laravel/framework/src/Illuminate/Foundation/PackageManifest.php:91
/var/www/html/vendor/laravel/framework/src/Illuminate/Foundation/PackageManifest.php:80
/var/www/html/vendor/laravel/framework/src/Illuminate/Foundation/Bootstrap/RegisterFacades.php:26
/var/www/html/vendor/orchestra/testbench-core/src/Concerns/CreatesApplication.php:556
/var/www/html/vendor/orchestra/testbench-core/src/Concerns/CreatesApplication.php:311
/var/www/html/vendor/orchestra/testbench-core/src/TestCase.php:121
/var/www/html/vendor/orchestra/testbench-core/src/Concerns/ApplicationTestingHooks.php:74
/var/www/html/vendor/orchestra/testbench-core/src/Concerns/Testing.php:43
/var/www/html/vendor/laravel/framework/src/Illuminate/Collections/helpers.php:236
/var/www/html/vendor/orchestra/sidekick/src/functions.php:87
/var/www/html/vendor/laravel/framework/src/Illuminate/Collections/helpers.php:236
/var/www/html/vendor/orchestra/testbench-core/src/Concerns/Testing.php:57
/var/www/html/vendor/orchestra/testbench-core/src/TestCase.php:50
/var/www/html/tests/TestCase.php:61
/var/www/html/tests/Unit/Transport/TransportManagerTest.php:26</error>
        </testcase>
        <testcase name="it_sets_and_gets_active_transport" file="/var/www/html/tests/Unit/Transport/TransportManagerTest.php" line="84" class="JTD\LaravelMCP\Tests\Unit\Transport\TransportManagerTest" classname="JTD.LaravelMCP.Tests.Unit.Transport.TransportManagerTest" assertions="0" time="0.000000">
          <error type="Exception">JTD\LaravelMCP\Tests\Unit\Transport\TransportManagerTest::it_sets_and_gets_active_transport
Exception: The /var/www/html/vendor/orchestra/testbench-core/laravel/bootstrap/cache directory must be present and writable.

/var/www/html/vendor/laravel/framework/src/Illuminate/Foundation/PackageManifest.php:179
/var/www/html/vendor/orchestra/testbench-core/src/Foundation/PackageManifest.php:157
/var/www/html/vendor/laravel/framework/src/Illuminate/Foundation/PackageManifest.php:132
/var/www/html/vendor/laravel/framework/src/Illuminate/Foundation/PackageManifest.php:108
/var/www/html/vendor/orchestra/testbench-core/src/Foundation/PackageManifest.php:102
/var/www/html/vendor/laravel/framework/src/Illuminate/Foundation/PackageManifest.php:91
/var/www/html/vendor/laravel/framework/src/Illuminate/Foundation/PackageManifest.php:80
/var/www/html/vendor/laravel/framework/src/Illuminate/Foundation/Bootstrap/RegisterFacades.php:26
/var/www/html/vendor/orchestra/testbench-core/src/Concerns/CreatesApplication.php:556
/var/www/html/vendor/orchestra/testbench-core/src/Concerns/CreatesApplication.php:311
/var/www/html/vendor/orchestra/testbench-core/src/TestCase.php:121
/var/www/html/vendor/orchestra/testbench-core/src/Concerns/ApplicationTestingHooks.php:74
/var/www/html/vendor/orchestra/testbench-core/src/Concerns/Testing.php:43
/var/www/html/vendor/laravel/framework/src/Illuminate/Collections/helpers.php:236
/var/www/html/vendor/orchestra/sidekick/src/functions.php:87
/var/www/html/vendor/laravel/framework/src/Illuminate/Collections/helpers.php:236
/var/www/html/vendor/orchestra/testbench-core/src/Concerns/Testing.php:57
/var/www/html/vendor/orchestra/testbench-core/src/TestCase.php:50
/var/www/html/tests/TestCase.php:61
/var/www/html/tests/Unit/Transport/TransportManagerTest.php:26</error>
        </testcase>
        <testcase name="it_sets_active_transport_with_custom_config" file="/var/www/html/tests/Unit/Transport/TransportManagerTest.php" line="95" class="JTD\LaravelMCP\Tests\Unit\Transport\TransportManagerTest" classname="JTD.LaravelMCP.Tests.Unit.Transport.TransportManagerTest" assertions="0" time="0.000000">
          <error type="Exception">JTD\LaravelMCP\Tests\Unit\Transport\TransportManagerTest::it_sets_active_transport_with_custom_config
Exception: The /var/www/html/vendor/orchestra/testbench-core/laravel/bootstrap/cache directory must be present and writable.

/var/www/html/vendor/laravel/framework/src/Illuminate/Foundation/PackageManifest.php:179
/var/www/html/vendor/orchestra/testbench-core/src/Foundation/PackageManifest.php:157
/var/www/html/vendor/laravel/framework/src/Illuminate/Foundation/PackageManifest.php:132
/var/www/html/vendor/laravel/framework/src/Illuminate/Foundation/PackageManifest.php:108
/var/www/html/vendor/orchestra/testbench-core/src/Foundation/PackageManifest.php:102
/var/www/html/vendor/laravel/framework/src/Illuminate/Foundation/PackageManifest.php:91
/var/www/html/vendor/laravel/framework/src/Illuminate/Foundation/PackageManifest.php:80
/var/www/html/vendor/laravel/framework/src/Illuminate/Foundation/Bootstrap/RegisterFacades.php:26
/var/www/html/vendor/orchestra/testbench-core/src/Concerns/CreatesApplication.php:556
/var/www/html/vendor/orchestra/testbench-core/src/Concerns/CreatesApplication.php:311
/var/www/html/vendor/orchestra/testbench-core/src/TestCase.php:121
/var/www/html/vendor/orchestra/testbench-core/src/Concerns/ApplicationTestingHooks.php:74
/var/www/html/vendor/orchestra/testbench-core/src/Concerns/Testing.php:43
/var/www/html/vendor/laravel/framework/src/Illuminate/Collections/helpers.php:236
/var/www/html/vendor/orchestra/sidekick/src/functions.php:87
/var/www/html/vendor/laravel/framework/src/Illuminate/Collections/helpers.php:236
/var/www/html/vendor/orchestra/testbench-core/src/Concerns/Testing.php:57
/var/www/html/vendor/orchestra/testbench-core/src/TestCase.php:50
/var/www/html/tests/TestCase.php:61
/var/www/html/tests/Unit/Transport/TransportManagerTest.php:26</error>
        </testcase>
        <testcase name="it_gets_default_driver_from_config" file="/var/www/html/tests/Unit/Transport/TransportManagerTest.php" line="108" class="JTD\LaravelMCP\Tests\Unit\Transport\TransportManagerTest" classname="JTD.LaravelMCP.Tests.Unit.Transport.TransportManagerTest" assertions="0" time="0.000000">
          <error type="Exception">JTD\LaravelMCP\Tests\Unit\Transport\TransportManagerTest::it_gets_default_driver_from_config
Exception: The /var/www/html/vendor/orchestra/testbench-core/laravel/bootstrap/cache directory must be present and writable.

/var/www/html/vendor/laravel/framework/src/Illuminate/Foundation/PackageManifest.php:179
/var/www/html/vendor/orchestra/testbench-core/src/Foundation/PackageManifest.php:157
/var/www/html/vendor/laravel/framework/src/Illuminate/Foundation/PackageManifest.php:132
/var/www/html/vendor/laravel/framework/src/Illuminate/Foundation/PackageManifest.php:108
/var/www/html/vendor/orchestra/testbench-core/src/Foundation/PackageManifest.php:102
/var/www/html/vendor/laravel/framework/src/Illuminate/Foundation/PackageManifest.php:91
/var/www/html/vendor/laravel/framework/src/Illuminate/Foundation/PackageManifest.php:80
/var/www/html/vendor/laravel/framework/src/Illuminate/Foundation/Bootstrap/RegisterFacades.php:26
/var/www/html/vendor/orchestra/testbench-core/src/Concerns/CreatesApplication.php:556
/var/www/html/vendor/orchestra/testbench-core/src/Concerns/CreatesApplication.php:311
/var/www/html/vendor/orchestra/testbench-core/src/TestCase.php:121
/var/www/html/vendor/orchestra/testbench-core/src/Concerns/ApplicationTestingHooks.php:74
/var/www/html/vendor/orchestra/testbench-core/src/Concerns/Testing.php:43
/var/www/html/vendor/laravel/framework/src/Illuminate/Collections/helpers.php:236
/var/www/html/vendor/orchestra/sidekick/src/functions.php:87
/var/www/html/vendor/laravel/framework/src/Illuminate/Collections/helpers.php:236
/var/www/html/vendor/orchestra/testbench-core/src/Concerns/Testing.php:57
/var/www/html/vendor/orchestra/testbench-core/src/TestCase.php:50
/var/www/html/tests/TestCase.php:61
/var/www/html/tests/Unit/Transport/TransportManagerTest.php:26</error>
        </testcase>
        <testcase name="it_falls_back_to_stdio_when_no_config" file="/var/www/html/tests/Unit/Transport/TransportManagerTest.php" line="119" class="JTD\LaravelMCP\Tests\Unit\Transport\TransportManagerTest" classname="JTD.LaravelMCP.Tests.Unit.Transport.TransportManagerTest" assertions="0" time="0.000000">
          <error type="Exception">JTD\LaravelMCP\Tests\Unit\Transport\TransportManagerTest::it_falls_back_to_stdio_when_no_config
Exception: The /var/www/html/vendor/orchestra/testbench-core/laravel/bootstrap/cache directory must be present and writable.

/var/www/html/vendor/laravel/framework/src/Illuminate/Foundation/PackageManifest.php:179
/var/www/html/vendor/orchestra/testbench-core/src/Foundation/PackageManifest.php:157
/var/www/html/vendor/laravel/framework/src/Illuminate/Foundation/PackageManifest.php:132
/var/www/html/vendor/laravel/framework/src/Illuminate/Foundation/PackageManifest.php:108
/var/www/html/vendor/orchestra/testbench-core/src/Foundation/PackageManifest.php:102
/var/www/html/vendor/laravel/framework/src/Illuminate/Foundation/PackageManifest.php:91
/var/www/html/vendor/laravel/framework/src/Illuminate/Foundation/PackageManifest.php:80
/var/www/html/vendor/laravel/framework/src/Illuminate/Foundation/Bootstrap/RegisterFacades.php:26
/var/www/html/vendor/orchestra/testbench-core/src/Concerns/CreatesApplication.php:556
/var/www/html/vendor/orchestra/testbench-core/src/Concerns/CreatesApplication.php:311
/var/www/html/vendor/orchestra/testbench-core/src/TestCase.php:121
/var/www/html/vendor/orchestra/testbench-core/src/Concerns/ApplicationTestingHooks.php:74
/var/www/html/vendor/orchestra/testbench-core/src/Concerns/Testing.php:43
/var/www/html/vendor/laravel/framework/src/Illuminate/Collections/helpers.php:236
/var/www/html/vendor/orchestra/sidekick/src/functions.php:87
/var/www/html/vendor/laravel/framework/src/Illuminate/Collections/helpers.php:236
/var/www/html/vendor/orchestra/testbench-core/src/Concerns/Testing.php:57
/var/www/html/vendor/orchestra/testbench-core/src/TestCase.php:50
/var/www/html/tests/TestCase.php:61
/var/www/html/tests/Unit/Transport/TransportManagerTest.php:26</error>
        </testcase>
        <testcase name="it_creates_driver_instance" file="/var/www/html/tests/Unit/Transport/TransportManagerTest.php" line="130" class="JTD\LaravelMCP\Tests\Unit\Transport\TransportManagerTest" classname="JTD.LaravelMCP.Tests.Unit.Transport.TransportManagerTest" assertions="0" time="0.000000">
          <error type="Exception">JTD\LaravelMCP\Tests\Unit\Transport\TransportManagerTest::it_creates_driver_instance
Exception: The /var/www/html/vendor/orchestra/testbench-core/laravel/bootstrap/cache directory must be present and writable.

/var/www/html/vendor/laravel/framework/src/Illuminate/Foundation/PackageManifest.php:179
/var/www/html/vendor/orchestra/testbench-core/src/Foundation/PackageManifest.php:157
/var/www/html/vendor/laravel/framework/src/Illuminate/Foundation/PackageManifest.php:132
/var/www/html/vendor/laravel/framework/src/Illuminate/Foundation/PackageManifest.php:108
/var/www/html/vendor/orchestra/testbench-core/src/Foundation/PackageManifest.php:102
/var/www/html/vendor/laravel/framework/src/Illuminate/Foundation/PackageManifest.php:91
/var/www/html/vendor/laravel/framework/src/Illuminate/Foundation/PackageManifest.php:80
/var/www/html/vendor/laravel/framework/src/Illuminate/Foundation/Bootstrap/RegisterFacades.php:26
/var/www/html/vendor/orchestra/testbench-core/src/Concerns/CreatesApplication.php:556
/var/www/html/vendor/orchestra/testbench-core/src/Concerns/CreatesApplication.php:311
/var/www/html/vendor/orchestra/testbench-core/src/TestCase.php:121
/var/www/html/vendor/orchestra/testbench-core/src/Concerns/ApplicationTestingHooks.php:74
/var/www/html/vendor/orchestra/testbench-core/src/Concerns/Testing.php:43
/var/www/html/vendor/laravel/framework/src/Illuminate/Collections/helpers.php:236
/var/www/html/vendor/orchestra/sidekick/src/functions.php:87
/var/www/html/vendor/laravel/framework/src/Illuminate/Collections/helpers.php:236
/var/www/html/vendor/orchestra/testbench-core/src/Concerns/Testing.php:57
/var/www/html/vendor/orchestra/testbench-core/src/TestCase.php:50
/var/www/html/tests/TestCase.php:61
/var/www/html/tests/Unit/Transport/TransportManagerTest.php:26</error>
        </testcase>
        <testcase name="it_uses_default_driver_when_none_specified" file="/var/www/html/tests/Unit/Transport/TransportManagerTest.php" line="138" class="JTD\LaravelMCP\Tests\Unit\Transport\TransportManagerTest" classname="JTD.LaravelMCP.Tests.Unit.Transport.TransportManagerTest" assertions="0" time="0.000000">
          <error type="Exception">JTD\LaravelMCP\Tests\Unit\Transport\TransportManagerTest::it_uses_default_driver_when_none_specified
Exception: The /var/www/html/vendor/orchestra/testbench-core/laravel/bootstrap/cache directory must be present and writable.

/var/www/html/vendor/laravel/framework/src/Illuminate/Foundation/PackageManifest.php:179
/var/www/html/vendor/orchestra/testbench-core/src/Foundation/PackageManifest.php:157
/var/www/html/vendor/laravel/framework/src/Illuminate/Foundation/PackageManifest.php:132
/var/www/html/vendor/laravel/framework/src/Illuminate/Foundation/PackageManifest.php:108
/var/www/html/vendor/orchestra/testbench-core/src/Foundation/PackageManifest.php:102
/var/www/html/vendor/laravel/framework/src/Illuminate/Foundation/PackageManifest.php:91
/var/www/html/vendor/laravel/framework/src/Illuminate/Foundation/PackageManifest.php:80
/var/www/html/vendor/laravel/framework/src/Illuminate/Foundation/Bootstrap/RegisterFacades.php:26
/var/www/html/vendor/orchestra/testbench-core/src/Concerns/CreatesApplication.php:556
/var/www/html/vendor/orchestra/testbench-core/src/Concerns/CreatesApplication.php:311
/var/www/html/vendor/orchestra/testbench-core/src/TestCase.php:121
/var/www/html/vendor/orchestra/testbench-core/src/Concerns/ApplicationTestingHooks.php:74
/var/www/html/vendor/orchestra/testbench-core/src/Concerns/Testing.php:43
/var/www/html/vendor/laravel/framework/src/Illuminate/Collections/helpers.php:236
/var/www/html/vendor/orchestra/sidekick/src/functions.php:87
/var/www/html/vendor/laravel/framework/src/Illuminate/Collections/helpers.php:236
/var/www/html/vendor/orchestra/testbench-core/src/Concerns/Testing.php:57
/var/www/html/vendor/orchestra/testbench-core/src/TestCase.php:50
/var/www/html/tests/TestCase.php:61
/var/www/html/tests/Unit/Transport/TransportManagerTest.php:26</error>
        </testcase>
        <testcase name="it_caches_transport_instances" file="/var/www/html/tests/Unit/Transport/TransportManagerTest.php" line="148" class="JTD\LaravelMCP\Tests\Unit\Transport\TransportManagerTest" classname="JTD.LaravelMCP.Tests.Unit.Transport.TransportManagerTest" assertions="0" time="0.000000">
          <error type="Exception">JTD\LaravelMCP\Tests\Unit\Transport\TransportManagerTest::it_caches_transport_instances
Exception: The /var/www/html/vendor/orchestra/testbench-core/laravel/bootstrap/cache directory must be present and writable.

/var/www/html/vendor/laravel/framework/src/Illuminate/Foundation/PackageManifest.php:179
/var/www/html/vendor/orchestra/testbench-core/src/Foundation/PackageManifest.php:157
/var/www/html/vendor/laravel/framework/src/Illuminate/Foundation/PackageManifest.php:132
/var/www/html/vendor/laravel/framework/src/Illuminate/Foundation/PackageManifest.php:108
/var/www/html/vendor/orchestra/testbench-core/src/Foundation/PackageManifest.php:102
/var/www/html/vendor/laravel/framework/src/Illuminate/Foundation/PackageManifest.php:91
/var/www/html/vendor/laravel/framework/src/Illuminate/Foundation/PackageManifest.php:80
/var/www/html/vendor/laravel/framework/src/Illuminate/Foundation/Bootstrap/RegisterFacades.php:26
/var/www/html/vendor/orchestra/testbench-core/src/Concerns/CreatesApplication.php:556
/var/www/html/vendor/orchestra/testbench-core/src/Concerns/CreatesApplication.php:311
/var/www/html/vendor/orchestra/testbench-core/src/TestCase.php:121
/var/www/html/vendor/orchestra/testbench-core/src/Concerns/ApplicationTestingHooks.php:74
/var/www/html/vendor/orchestra/testbench-core/src/Concerns/Testing.php:43
/var/www/html/vendor/laravel/framework/src/Illuminate/Collections/helpers.php:236
/var/www/html/vendor/orchestra/sidekick/src/functions.php:87
/var/www/html/vendor/laravel/framework/src/Illuminate/Collections/helpers.php:236
/var/www/html/vendor/orchestra/testbench-core/src/Concerns/Testing.php:57
/var/www/html/vendor/orchestra/testbench-core/src/TestCase.php:50
/var/www/html/tests/TestCase.php:61
/var/www/html/tests/Unit/Transport/TransportManagerTest.php:26</error>
        </testcase>
        <testcase name="it_gets_default_transport" file="/var/www/html/tests/Unit/Transport/TransportManagerTest.php" line="157" class="JTD\LaravelMCP\Tests\Unit\Transport\TransportManagerTest" classname="JTD.LaravelMCP.Tests.Unit.Transport.TransportManagerTest" assertions="0" time="0.000000">
          <error type="Exception">JTD\LaravelMCP\Tests\Unit\Transport\TransportManagerTest::it_gets_default_transport
Exception: The /var/www/html/vendor/orchestra/testbench-core/laravel/bootstrap/cache directory must be present and writable.

/var/www/html/vendor/laravel/framework/src/Illuminate/Foundation/PackageManifest.php:179
/var/www/html/vendor/orchestra/testbench-core/src/Foundation/PackageManifest.php:157
/var/www/html/vendor/laravel/framework/src/Illuminate/Foundation/PackageManifest.php:132
/var/www/html/vendor/laravel/framework/src/Illuminate/Foundation/PackageManifest.php:108
/var/www/html/vendor/orchestra/testbench-core/src/Foundation/PackageManifest.php:102
/var/www/html/vendor/laravel/framework/src/Illuminate/Foundation/PackageManifest.php:91
/var/www/html/vendor/laravel/framework/src/Illuminate/Foundation/PackageManifest.php:80
/var/www/html/vendor/laravel/framework/src/Illuminate/Foundation/Bootstrap/RegisterFacades.php:26
/var/www/html/vendor/orchestra/testbench-core/src/Concerns/CreatesApplication.php:556
/var/www/html/vendor/orchestra/testbench-core/src/Concerns/CreatesApplication.php:311
/var/www/html/vendor/orchestra/testbench-core/src/TestCase.php:121
/var/www/html/vendor/orchestra/testbench-core/src/Concerns/ApplicationTestingHooks.php:74
/var/www/html/vendor/orchestra/testbench-core/src/Concerns/Testing.php:43
/var/www/html/vendor/laravel/framework/src/Illuminate/Collections/helpers.php:236
/var/www/html/vendor/orchestra/sidekick/src/functions.php:87
/var/www/html/vendor/laravel/framework/src/Illuminate/Collections/helpers.php:236
/var/www/html/vendor/orchestra/testbench-core/src/Concerns/Testing.php:57
/var/www/html/vendor/orchestra/testbench-core/src/TestCase.php:50
/var/www/html/tests/TestCase.php:61
/var/www/html/tests/Unit/Transport/TransportManagerTest.php:26</error>
        </testcase>
        <testcase name="it_extends_with_custom_driver" file="/var/www/html/tests/Unit/Transport/TransportManagerTest.php" line="167" class="JTD\LaravelMCP\Tests\Unit\Transport\TransportManagerTest" classname="JTD.LaravelMCP.Tests.Unit.Transport.TransportManagerTest" assertions="0" time="0.000000">
          <error type="Exception">JTD\LaravelMCP\Tests\Unit\Transport\TransportManagerTest::it_extends_with_custom_driver
Exception: The /var/www/html/vendor/orchestra/testbench-core/laravel/bootstrap/cache directory must be present and writable.

/var/www/html/vendor/laravel/framework/src/Illuminate/Foundation/PackageManifest.php:179
/var/www/html/vendor/orchestra/testbench-core/src/Foundation/PackageManifest.php:157
/var/www/html/vendor/laravel/framework/src/Illuminate/Foundation/PackageManifest.php:132
/var/www/html/vendor/laravel/framework/src/Illuminate/Foundation/PackageManifest.php:108
/var/www/html/vendor/orchestra/testbench-core/src/Foundation/PackageManifest.php:102
/var/www/html/vendor/laravel/framework/src/Illuminate/Foundation/PackageManifest.php:91
/var/www/html/vendor/laravel/framework/src/Illuminate/Foundation/PackageManifest.php:80
/var/www/html/vendor/laravel/framework/src/Illuminate/Foundation/Bootstrap/RegisterFacades.php:26
/var/www/html/vendor/orchestra/testbench-core/src/Concerns/CreatesApplication.php:556
/var/www/html/vendor/orchestra/testbench-core/src/Concerns/CreatesApplication.php:311
/var/www/html/vendor/orchestra/testbench-core/src/TestCase.php:121
/var/www/html/vendor/orchestra/testbench-core/src/Concerns/ApplicationTestingHooks.php:74
/var/www/html/vendor/orchestra/testbench-core/src/Concerns/Testing.php:43
/var/www/html/vendor/laravel/framework/src/Illuminate/Collections/helpers.php:236
/var/www/html/vendor/orchestra/sidekick/src/functions.php:87
/var/www/html/vendor/laravel/framework/src/Illuminate/Collections/helpers.php:236
/var/www/html/vendor/orchestra/testbench-core/src/Concerns/Testing.php:57
/var/www/html/vendor/orchestra/testbench-core/src/TestCase.php:50
/var/www/html/tests/TestCase.php:61
/var/www/html/tests/Unit/Transport/TransportManagerTest.php:26</error>
        </testcase>
        <testcase name="it_checks_if_driver_exists" file="/var/www/html/tests/Unit/Transport/TransportManagerTest.php" line="215" class="JTD\LaravelMCP\Tests\Unit\Transport\TransportManagerTest" classname="JTD.LaravelMCP.Tests.Unit.Transport.TransportManagerTest" assertions="0" time="0.000000">
          <error type="Exception">JTD\LaravelMCP\Tests\Unit\Transport\TransportManagerTest::it_checks_if_driver_exists
Exception: The /var/www/html/vendor/orchestra/testbench-core/laravel/bootstrap/cache directory must be present and writable.

/var/www/html/vendor/laravel/framework/src/Illuminate/Foundation/PackageManifest.php:179
/var/www/html/vendor/orchestra/testbench-core/src/Foundation/PackageManifest.php:157
/var/www/html/vendor/laravel/framework/src/Illuminate/Foundation/PackageManifest.php:132
/var/www/html/vendor/laravel/framework/src/Illuminate/Foundation/PackageManifest.php:108
/var/www/html/vendor/orchestra/testbench-core/src/Foundation/PackageManifest.php:102
/var/www/html/vendor/laravel/framework/src/Illuminate/Foundation/PackageManifest.php:91
/var/www/html/vendor/laravel/framework/src/Illuminate/Foundation/PackageManifest.php:80
/var/www/html/vendor/laravel/framework/src/Illuminate/Foundation/Bootstrap/RegisterFacades.php:26
/var/www/html/vendor/orchestra/testbench-core/src/Concerns/CreatesApplication.php:556
/var/www/html/vendor/orchestra/testbench-core/src/Concerns/CreatesApplication.php:311
/var/www/html/vendor/orchestra/testbench-core/src/TestCase.php:121
/var/www/html/vendor/orchestra/testbench-core/src/Concerns/ApplicationTestingHooks.php:74
/var/www/html/vendor/orchestra/testbench-core/src/Concerns/Testing.php:43
/var/www/html/vendor/laravel/framework/src/Illuminate/Collections/helpers.php:236
/var/www/html/vendor/orchestra/sidekick/src/functions.php:87
/var/www/html/vendor/laravel/framework/src/Illuminate/Collections/helpers.php:236
/var/www/html/vendor/orchestra/testbench-core/src/Concerns/Testing.php:57
/var/www/html/vendor/orchestra/testbench-core/src/TestCase.php:50
/var/www/html/tests/TestCase.php:61
/var/www/html/tests/Unit/Transport/TransportManagerTest.php:26</error>
        </testcase>
        <testcase name="it_sets_default_driver" file="/var/www/html/tests/Unit/Transport/TransportManagerTest.php" line="223" class="JTD\LaravelMCP\Tests\Unit\Transport\TransportManagerTest" classname="JTD.LaravelMCP.Tests.Unit.Transport.TransportManagerTest" assertions="0" time="0.000000">
          <error type="Exception">JTD\LaravelMCP\Tests\Unit\Transport\TransportManagerTest::it_sets_default_driver
Exception: The /var/www/html/vendor/orchestra/testbench-core/laravel/bootstrap/cache directory must be present and writable.

/var/www/html/vendor/laravel/framework/src/Illuminate/Foundation/PackageManifest.php:179
/var/www/html/vendor/orchestra/testbench-core/src/Foundation/PackageManifest.php:157
/var/www/html/vendor/laravel/framework/src/Illuminate/Foundation/PackageManifest.php:132
/var/www/html/vendor/laravel/framework/src/Illuminate/Foundation/PackageManifest.php:108
/var/www/html/vendor/orchestra/testbench-core/src/Foundation/PackageManifest.php:102
/var/www/html/vendor/laravel/framework/src/Illuminate/Foundation/PackageManifest.php:91
/var/www/html/vendor/laravel/framework/src/Illuminate/Foundation/PackageManifest.php:80
/var/www/html/vendor/laravel/framework/src/Illuminate/Foundation/Bootstrap/RegisterFacades.php:26
/var/www/html/vendor/orchestra/testbench-core/src/Concerns/CreatesApplication.php:556
/var/www/html/vendor/orchestra/testbench-core/src/Concerns/CreatesApplication.php:311
/var/www/html/vendor/orchestra/testbench-core/src/TestCase.php:121
/var/www/html/vendor/orchestra/testbench-core/src/Concerns/ApplicationTestingHooks.php:74
/var/www/html/vendor/orchestra/testbench-core/src/Concerns/Testing.php:43
/var/www/html/vendor/laravel/framework/src/Illuminate/Collections/helpers.php:236
/var/www/html/vendor/orchestra/sidekick/src/functions.php:87
/var/www/html/vendor/laravel/framework/src/Illuminate/Collections/helpers.php:236
/var/www/html/vendor/orchestra/testbench-core/src/Concerns/Testing.php:57
/var/www/html/vendor/orchestra/testbench-core/src/TestCase.php:50
/var/www/html/tests/TestCase.php:61
/var/www/html/tests/Unit/Transport/TransportManagerTest.php:26</error>
        </testcase>
        <testcase name="it_throws_exception_for_invalid_default_driver" file="/var/www/html/tests/Unit/Transport/TransportManagerTest.php" line="233" class="JTD\LaravelMCP\Tests\Unit\Transport\TransportManagerTest" classname="JTD.LaravelMCP.Tests.Unit.Transport.TransportManagerTest" assertions="0" time="0.000000">
          <error type="Exception">JTD\LaravelMCP\Tests\Unit\Transport\TransportManagerTest::it_throws_exception_for_invalid_default_driver
Exception: The /var/www/html/vendor/orchestra/testbench-core/laravel/bootstrap/cache directory must be present and writable.

/var/www/html/vendor/laravel/framework/src/Illuminate/Foundation/PackageManifest.php:179
/var/www/html/vendor/orchestra/testbench-core/src/Foundation/PackageManifest.php:157
/var/www/html/vendor/laravel/framework/src/Illuminate/Foundation/PackageManifest.php:132
/var/www/html/vendor/laravel/framework/src/Illuminate/Foundation/PackageManifest.php:108
/var/www/html/vendor/orchestra/testbench-core/src/Foundation/PackageManifest.php:102
/var/www/html/vendor/laravel/framework/src/Illuminate/Foundation/PackageManifest.php:91
/var/www/html/vendor/laravel/framework/src/Illuminate/Foundation/PackageManifest.php:80
/var/www/html/vendor/laravel/framework/src/Illuminate/Foundation/Bootstrap/RegisterFacades.php:26
/var/www/html/vendor/orchestra/testbench-core/src/Concerns/CreatesApplication.php:556
/var/www/html/vendor/orchestra/testbench-core/src/Concerns/CreatesApplication.php:311
/var/www/html/vendor/orchestra/testbench-core/src/TestCase.php:121
/var/www/html/vendor/orchestra/testbench-core/src/Concerns/ApplicationTestingHooks.php:74
/var/www/html/vendor/orchestra/testbench-core/src/Concerns/Testing.php:43
/var/www/html/vendor/laravel/framework/src/Illuminate/Collections/helpers.php:236
/var/www/html/vendor/orchestra/sidekick/src/functions.php:87
/var/www/html/vendor/laravel/framework/src/Illuminate/Collections/helpers.php:236
/var/www/html/vendor/orchestra/testbench-core/src/Concerns/Testing.php:57
/var/www/html/vendor/orchestra/testbench-core/src/TestCase.php:50
/var/www/html/tests/TestCase.php:61
/var/www/html/tests/Unit/Transport/TransportManagerTest.php:26</error>
        </testcase>
        <testcase name="it_purges_transport_instances" file="/var/www/html/tests/Unit/Transport/TransportManagerTest.php" line="242" class="JTD\LaravelMCP\Tests\Unit\Transport\TransportManagerTest" classname="JTD.LaravelMCP.Tests.Unit.Transport.TransportManagerTest" assertions="0" time="0.000000">
          <error type="Exception">JTD\LaravelMCP\Tests\Unit\Transport\TransportManagerTest::it_purges_transport_instances
Exception: The /var/www/html/vendor/orchestra/testbench-core/laravel/bootstrap/cache directory must be present and writable.

/var/www/html/vendor/laravel/framework/src/Illuminate/Foundation/PackageManifest.php:179
/var/www/html/vendor/orchestra/testbench-core/src/Foundation/PackageManifest.php:157
/var/www/html/vendor/laravel/framework/src/Illuminate/Foundation/PackageManifest.php:132
/var/www/html/vendor/laravel/framework/src/Illuminate/Foundation/PackageManifest.php:108
/var/www/html/vendor/orchestra/testbench-core/src/Foundation/PackageManifest.php:102
/var/www/html/vendor/laravel/framework/src/Illuminate/Foundation/PackageManifest.php:91
/var/www/html/vendor/laravel/framework/src/Illuminate/Foundation/PackageManifest.php:80
/var/www/html/vendor/laravel/framework/src/Illuminate/Foundation/Bootstrap/RegisterFacades.php:26
/var/www/html/vendor/orchestra/testbench-core/src/Concerns/CreatesApplication.php:556
/var/www/html/vendor/orchestra/testbench-core/src/Concerns/CreatesApplication.php:311
/var/www/html/vendor/orchestra/testbench-core/src/TestCase.php:121
/var/www/html/vendor/orchestra/testbench-core/src/Concerns/ApplicationTestingHooks.php:74
/var/www/html/vendor/orchestra/testbench-core/src/Concerns/Testing.php:43
/var/www/html/vendor/laravel/framework/src/Illuminate/Collections/helpers.php:236
/var/www/html/vendor/orchestra/sidekick/src/functions.php:87
/var/www/html/vendor/laravel/framework/src/Illuminate/Collections/helpers.php:236
/var/www/html/vendor/orchestra/testbench-core/src/Concerns/Testing.php:57
/var/www/html/vendor/orchestra/testbench-core/src/TestCase.php:50
/var/www/html/tests/TestCase.php:61
/var/www/html/tests/Unit/Transport/TransportManagerTest.php:26</error>
        </testcase>
        <testcase name="it_purges_default_driver_when_none_specified" file="/var/www/html/tests/Unit/Transport/TransportManagerTest.php" line="258" class="JTD\LaravelMCP\Tests\Unit\Transport\TransportManagerTest" classname="JTD.LaravelMCP.Tests.Unit.Transport.TransportManagerTest" assertions="0" time="0.000000">
          <error type="Exception">JTD\LaravelMCP\Tests\Unit\Transport\TransportManagerTest::it_purges_default_driver_when_none_specified
Exception: The /var/www/html/vendor/orchestra/testbench-core/laravel/bootstrap/cache directory must be present and writable.

/var/www/html/vendor/laravel/framework/src/Illuminate/Foundation/PackageManifest.php:179
/var/www/html/vendor/orchestra/testbench-core/src/Foundation/PackageManifest.php:157
/var/www/html/vendor/laravel/framework/src/Illuminate/Foundation/PackageManifest.php:132
/var/www/html/vendor/laravel/framework/src/Illuminate/Foundation/PackageManifest.php:108
/var/www/html/vendor/orchestra/testbench-core/src/Foundation/PackageManifest.php:102
/var/www/html/vendor/laravel/framework/src/Illuminate/Foundation/PackageManifest.php:91
/var/www/html/vendor/laravel/framework/src/Illuminate/Foundation/PackageManifest.php:80
/var/www/html/vendor/laravel/framework/src/Illuminate/Foundation/Bootstrap/RegisterFacades.php:26
/var/www/html/vendor/orchestra/testbench-core/src/Concerns/CreatesApplication.php:556
/var/www/html/vendor/orchestra/testbench-core/src/Concerns/CreatesApplication.php:311
/var/www/html/vendor/orchestra/testbench-core/src/TestCase.php:121
/var/www/html/vendor/orchestra/testbench-core/src/Concerns/ApplicationTestingHooks.php:74
/var/www/html/vendor/orchestra/testbench-core/src/Concerns/Testing.php:43
/var/www/html/vendor/laravel/framework/src/Illuminate/Collections/helpers.php:236
/var/www/html/vendor/orchestra/sidekick/src/functions.php:87
/var/www/html/vendor/laravel/framework/src/Illuminate/Collections/helpers.php:236
/var/www/html/vendor/orchestra/testbench-core/src/Concerns/Testing.php:57
/var/www/html/vendor/orchestra/testbench-core/src/TestCase.php:50
/var/www/html/tests/TestCase.php:61
/var/www/html/tests/Unit/Transport/TransportManagerTest.php:26</error>
        </testcase>
        <testcase name="it_purges_all_transports" file="/var/www/html/tests/Unit/Transport/TransportManagerTest.php" line="270" class="JTD\LaravelMCP\Tests\Unit\Transport\TransportManagerTest" classname="JTD.LaravelMCP.Tests.Unit.Transport.TransportManagerTest" assertions="0" time="0.000000">
          <error type="Exception">JTD\LaravelMCP\Tests\Unit\Transport\TransportManagerTest::it_purges_all_transports
Exception: The /var/www/html/vendor/orchestra/testbench-core/laravel/bootstrap/cache directory must be present and writable.

/var/www/html/vendor/laravel/framework/src/Illuminate/Foundation/PackageManifest.php:179
/var/www/html/vendor/orchestra/testbench-core/src/Foundation/PackageManifest.php:157
/var/www/html/vendor/laravel/framework/src/Illuminate/Foundation/PackageManifest.php:132
/var/www/html/vendor/laravel/framework/src/Illuminate/Foundation/PackageManifest.php:108
/var/www/html/vendor/orchestra/testbench-core/src/Foundation/PackageManifest.php:102
/var/www/html/vendor/laravel/framework/src/Illuminate/Foundation/PackageManifest.php:91
/var/www/html/vendor/laravel/framework/src/Illuminate/Foundation/PackageManifest.php:80
/var/www/html/vendor/laravel/framework/src/Illuminate/Foundation/Bootstrap/RegisterFacades.php:26
/var/www/html/vendor/orchestra/testbench-core/src/Concerns/CreatesApplication.php:556
/var/www/html/vendor/orchestra/testbench-core/src/Concerns/CreatesApplication.php:311
/var/www/html/vendor/orchestra/testbench-core/src/TestCase.php:121
/var/www/html/vendor/orchestra/testbench-core/src/Concerns/ApplicationTestingHooks.php:74
/var/www/html/vendor/orchestra/testbench-core/src/Concerns/Testing.php:43
/var/www/html/vendor/laravel/framework/src/Illuminate/Collections/helpers.php:236
/var/www/html/vendor/orchestra/sidekick/src/functions.php:87
/var/www/html/vendor/laravel/framework/src/Illuminate/Collections/helpers.php:236
/var/www/html/vendor/orchestra/testbench-core/src/Concerns/Testing.php:57
/var/www/html/vendor/orchestra/testbench-core/src/TestCase.php:50
/var/www/html/tests/TestCase.php:61
/var/www/html/tests/Unit/Transport/TransportManagerTest.php:26</error>
        </testcase>
        <testcase name="it_gets_active_transports" file="/var/www/html/tests/Unit/Transport/TransportManagerTest.php" line="288" class="JTD\LaravelMCP\Tests\Unit\Transport\TransportManagerTest" classname="JTD.LaravelMCP.Tests.Unit.Transport.TransportManagerTest" assertions="0" time="0.000000">
          <error type="Exception">JTD\LaravelMCP\Tests\Unit\Transport\TransportManagerTest::it_gets_active_transports
Exception: The /var/www/html/vendor/orchestra/testbench-core/laravel/bootstrap/cache directory must be present and writable.

/var/www/html/vendor/laravel/framework/src/Illuminate/Foundation/PackageManifest.php:179
/var/www/html/vendor/orchestra/testbench-core/src/Foundation/PackageManifest.php:157
/var/www/html/vendor/laravel/framework/src/Illuminate/Foundation/PackageManifest.php:132
/var/www/html/vendor/laravel/framework/src/Illuminate/Foundation/PackageManifest.php:108
/var/www/html/vendor/orchestra/testbench-core/src/Foundation/PackageManifest.php:102
/var/www/html/vendor/laravel/framework/src/Illuminate/Foundation/PackageManifest.php:91
/var/www/html/vendor/laravel/framework/src/Illuminate/Foundation/PackageManifest.php:80
/var/www/html/vendor/laravel/framework/src/Illuminate/Foundation/Bootstrap/RegisterFacades.php:26
/var/www/html/vendor/orchestra/testbench-core/src/Concerns/CreatesApplication.php:556
/var/www/html/vendor/orchestra/testbench-core/src/Concerns/CreatesApplication.php:311
/var/www/html/vendor/orchestra/testbench-core/src/TestCase.php:121
/var/www/html/vendor/orchestra/testbench-core/src/Concerns/ApplicationTestingHooks.php:74
/var/www/html/vendor/orchestra/testbench-core/src/Concerns/Testing.php:43
/var/www/html/vendor/laravel/framework/src/Illuminate/Collections/helpers.php:236
/var/www/html/vendor/orchestra/sidekick/src/functions.php:87
/var/www/html/vendor/laravel/framework/src/Illuminate/Collections/helpers.php:236
/var/www/html/vendor/orchestra/testbench-core/src/Concerns/Testing.php:57
/var/www/html/vendor/orchestra/testbench-core/src/TestCase.php:50
/var/www/html/tests/TestCase.php:61
/var/www/html/tests/Unit/Transport/TransportManagerTest.php:26</error>
        </testcase>
        <testcase name="it_checks_if_has_active_transports" file="/var/www/html/tests/Unit/Transport/TransportManagerTest.php" line="301" class="JTD\LaravelMCP\Tests\Unit\Transport\TransportManagerTest" classname="JTD.LaravelMCP.Tests.Unit.Transport.TransportManagerTest" assertions="0" time="0.000000">
          <error type="Exception">JTD\LaravelMCP\Tests\Unit\Transport\TransportManagerTest::it_checks_if_has_active_transports
Exception: The /var/www/html/vendor/orchestra/testbench-core/laravel/bootstrap/cache directory must be present and writable.

/var/www/html/vendor/laravel/framework/src/Illuminate/Foundation/PackageManifest.php:179
/var/www/html/vendor/orchestra/testbench-core/src/Foundation/PackageManifest.php:157
/var/www/html/vendor/laravel/framework/src/Illuminate/Foundation/PackageManifest.php:132
/var/www/html/vendor/laravel/framework/src/Illuminate/Foundation/PackageManifest.php:108
/var/www/html/vendor/orchestra/testbench-core/src/Foundation/PackageManifest.php:102
/var/www/html/vendor/laravel/framework/src/Illuminate/Foundation/PackageManifest.php:91
/var/www/html/vendor/laravel/framework/src/Illuminate/Foundation/PackageManifest.php:80
/var/www/html/vendor/laravel/framework/src/Illuminate/Foundation/Bootstrap/RegisterFacades.php:26
/var/www/html/vendor/orchestra/testbench-core/src/Concerns/CreatesApplication.php:556
/var/www/html/vendor/orchestra/testbench-core/src/Concerns/CreatesApplication.php:311
/var/www/html/vendor/orchestra/testbench-core/src/TestCase.php:121
/var/www/html/vendor/orchestra/testbench-core/src/Concerns/ApplicationTestingHooks.php:74
/var/www/html/vendor/orchestra/testbench-core/src/Concerns/Testing.php:43
/var/www/html/vendor/laravel/framework/src/Illuminate/Collections/helpers.php:236
/var/www/html/vendor/orchestra/sidekick/src/functions.php:87
/var/www/html/vendor/laravel/framework/src/Illuminate/Collections/helpers.php:236
/var/www/html/vendor/orchestra/testbench-core/src/Concerns/Testing.php:57
/var/www/html/vendor/orchestra/testbench-core/src/TestCase.php:50
/var/www/html/tests/TestCase.php:61
/var/www/html/tests/Unit/Transport/TransportManagerTest.php:26</error>
        </testcase>
        <testcase name="it_creates_transport_using_alias_method" file="/var/www/html/tests/Unit/Transport/TransportManagerTest.php" line="311" class="JTD\LaravelMCP\Tests\Unit\Transport\TransportManagerTest" classname="JTD.LaravelMCP.Tests.Unit.Transport.TransportManagerTest" assertions="0" time="0.000000">
          <error type="Exception">JTD\LaravelMCP\Tests\Unit\Transport\TransportManagerTest::it_creates_transport_using_alias_method
Exception: The /var/www/html/vendor/orchestra/testbench-core/laravel/bootstrap/cache directory must be present and writable.

/var/www/html/vendor/laravel/framework/src/Illuminate/Foundation/PackageManifest.php:179
/var/www/html/vendor/orchestra/testbench-core/src/Foundation/PackageManifest.php:157
/var/www/html/vendor/laravel/framework/src/Illuminate/Foundation/PackageManifest.php:132
/var/www/html/vendor/laravel/framework/src/Illuminate/Foundation/PackageManifest.php:108
/var/www/html/vendor/orchestra/testbench-core/src/Foundation/PackageManifest.php:102
/var/www/html/vendor/laravel/framework/src/Illuminate/Foundation/PackageManifest.php:91
/var/www/html/vendor/laravel/framework/src/Illuminate/Foundation/PackageManifest.php:80
/var/www/html/vendor/laravel/framework/src/Illuminate/Foundation/Bootstrap/RegisterFacades.php:26
/var/www/html/vendor/orchestra/testbench-core/src/Concerns/CreatesApplication.php:556
/var/www/html/vendor/orchestra/testbench-core/src/Concerns/CreatesApplication.php:311
/var/www/html/vendor/orchestra/testbench-core/src/TestCase.php:121
/var/www/html/vendor/orchestra/testbench-core/src/Concerns/ApplicationTestingHooks.php:74
/var/www/html/vendor/orchestra/testbench-core/src/Concerns/Testing.php:43
/var/www/html/vendor/laravel/framework/src/Illuminate/Collections/helpers.php:236
/var/www/html/vendor/orchestra/sidekick/src/functions.php:87
/var/www/html/vendor/laravel/framework/src/Illuminate/Collections/helpers.php:236
/var/www/html/vendor/orchestra/testbench-core/src/Concerns/Testing.php:57
/var/www/html/vendor/orchestra/testbench-core/src/TestCase.php:50
/var/www/html/tests/TestCase.php:61
/var/www/html/tests/Unit/Transport/TransportManagerTest.php:26</error>
        </testcase>
        <testcase name="it_creates_custom_transport_with_config" file="/var/www/html/tests/Unit/Transport/TransportManagerTest.php" line="319" class="JTD\LaravelMCP\Tests\Unit\Transport\TransportManagerTest" classname="JTD.LaravelMCP.Tests.Unit.Transport.TransportManagerTest" assertions="0" time="0.000000">
          <error type="Exception">JTD\LaravelMCP\Tests\Unit\Transport\TransportManagerTest::it_creates_custom_transport_with_config
Exception: The /var/www/html/vendor/orchestra/testbench-core/laravel/bootstrap/cache directory must be present and writable.

/var/www/html/vendor/laravel/framework/src/Illuminate/Foundation/PackageManifest.php:179
/var/www/html/vendor/orchestra/testbench-core/src/Foundation/PackageManifest.php:157
/var/www/html/vendor/laravel/framework/src/Illuminate/Foundation/PackageManifest.php:132
/var/www/html/vendor/laravel/framework/src/Illuminate/Foundation/PackageManifest.php:108
/var/www/html/vendor/orchestra/testbench-core/src/Foundation/PackageManifest.php:102
/var/www/html/vendor/laravel/framework/src/Illuminate/Foundation/PackageManifest.php:91
/var/www/html/vendor/laravel/framework/src/Illuminate/Foundation/PackageManifest.php:80
/var/www/html/vendor/laravel/framework/src/Illuminate/Foundation/Bootstrap/RegisterFacades.php:26
/var/www/html/vendor/orchestra/testbench-core/src/Concerns/CreatesApplication.php:556
/var/www/html/vendor/orchestra/testbench-core/src/Concerns/CreatesApplication.php:311
/var/www/html/vendor/orchestra/testbench-core/src/TestCase.php:121
/var/www/html/vendor/orchestra/testbench-core/src/Concerns/ApplicationTestingHooks.php:74
/var/www/html/vendor/orchestra/testbench-core/src/Concerns/Testing.php:43
/var/www/html/vendor/laravel/framework/src/Illuminate/Collections/helpers.php:236
/var/www/html/vendor/orchestra/sidekick/src/functions.php:87
/var/www/html/vendor/laravel/framework/src/Illuminate/Collections/helpers.php:236
/var/www/html/vendor/orchestra/testbench-core/src/Concerns/Testing.php:57
/var/www/html/vendor/orchestra/testbench-core/src/TestCase.php:50
/var/www/html/tests/TestCase.php:61
/var/www/html/tests/Unit/Transport/TransportManagerTest.php:26</error>
        </testcase>
        <testcase name="it_throws_exception_for_unknown_custom_transport" file="/var/www/html/tests/Unit/Transport/TransportManagerTest.php" line="335" class="JTD\LaravelMCP\Tests\Unit\Transport\TransportManagerTest" classname="JTD.LaravelMCP.Tests.Unit.Transport.TransportManagerTest" assertions="0" time="0.000000">
          <error type="Exception">JTD\LaravelMCP\Tests\Unit\Transport\TransportManagerTest::it_throws_exception_for_unknown_custom_transport
Exception: The /var/www/html/vendor/orchestra/testbench-core/laravel/bootstrap/cache directory must be present and writable.

/var/www/html/vendor/laravel/framework/src/Illuminate/Foundation/PackageManifest.php:179
/var/www/html/vendor/orchestra/testbench-core/src/Foundation/PackageManifest.php:157
/var/www/html/vendor/laravel/framework/src/Illuminate/Foundation/PackageManifest.php:132
/var/www/html/vendor/laravel/framework/src/Illuminate/Foundation/PackageManifest.php:108
/var/www/html/vendor/orchestra/testbench-core/src/Foundation/PackageManifest.php:102
/var/www/html/vendor/laravel/framework/src/Illuminate/Foundation/PackageManifest.php:91
/var/www/html/vendor/laravel/framework/src/Illuminate/Foundation/PackageManifest.php:80
/var/www/html/vendor/laravel/framework/src/Illuminate/Foundation/Bootstrap/RegisterFacades.php:26
/var/www/html/vendor/orchestra/testbench-core/src/Concerns/CreatesApplication.php:556
/var/www/html/vendor/orchestra/testbench-core/src/Concerns/CreatesApplication.php:311
/var/www/html/vendor/orchestra/testbench-core/src/TestCase.php:121
/var/www/html/vendor/orchestra/testbench-core/src/Concerns/ApplicationTestingHooks.php:74
/var/www/html/vendor/orchestra/testbench-core/src/Concerns/Testing.php:43
/var/www/html/vendor/laravel/framework/src/Illuminate/Collections/helpers.php:236
/var/www/html/vendor/orchestra/sidekick/src/functions.php:87
/var/www/html/vendor/laravel/framework/src/Illuminate/Collections/helpers.php:236
/var/www/html/vendor/orchestra/testbench-core/src/Concerns/Testing.php:57
/var/www/html/vendor/orchestra/testbench-core/src/TestCase.php:50
/var/www/html/tests/TestCase.php:61
/var/www/html/tests/Unit/Transport/TransportManagerTest.php:26</error>
        </testcase>
        <testcase name="it_gets_transport_health_status" file="/var/www/html/tests/Unit/Transport/TransportManagerTest.php" line="344" class="JTD\LaravelMCP\Tests\Unit\Transport\TransportManagerTest" classname="JTD.LaravelMCP.Tests.Unit.Transport.TransportManagerTest" assertions="0" time="0.000000">
          <error type="Exception">JTD\LaravelMCP\Tests\Unit\Transport\TransportManagerTest::it_gets_transport_health_status
Exception: The /var/www/html/vendor/orchestra/testbench-core/laravel/bootstrap/cache directory must be present and writable.

/var/www/html/vendor/laravel/framework/src/Illuminate/Foundation/PackageManifest.php:179
/var/www/html/vendor/orchestra/testbench-core/src/Foundation/PackageManifest.php:157
/var/www/html/vendor/laravel/framework/src/Illuminate/Foundation/PackageManifest.php:132
/var/www/html/vendor/laravel/framework/src/Illuminate/Foundation/PackageManifest.php:108
/var/www/html/vendor/orchestra/testbench-core/src/Foundation/PackageManifest.php:102
/var/www/html/vendor/laravel/framework/src/Illuminate/Foundation/PackageManifest.php:91
/var/www/html/vendor/laravel/framework/src/Illuminate/Foundation/PackageManifest.php:80
/var/www/html/vendor/laravel/framework/src/Illuminate/Foundation/Bootstrap/RegisterFacades.php:26
/var/www/html/vendor/orchestra/testbench-core/src/Concerns/CreatesApplication.php:556
/var/www/html/vendor/orchestra/testbench-core/src/Concerns/CreatesApplication.php:311
/var/www/html/vendor/orchestra/testbench-core/src/TestCase.php:121
/var/www/html/vendor/orchestra/testbench-core/src/Concerns/ApplicationTestingHooks.php:74
/var/www/html/vendor/orchestra/testbench-core/src/Concerns/Testing.php:43
/var/www/html/vendor/laravel/framework/src/Illuminate/Collections/helpers.php:236
/var/www/html/vendor/orchestra/sidekick/src/functions.php:87
/var/www/html/vendor/laravel/framework/src/Illuminate/Collections/helpers.php:236
/var/www/html/vendor/orchestra/testbench-core/src/Concerns/Testing.php:57
/var/www/html/vendor/orchestra/testbench-core/src/TestCase.php:50
/var/www/html/tests/TestCase.php:61
/var/www/html/tests/Unit/Transport/TransportManagerTest.php:26</error>
        </testcase>
        <testcase name="it_refreshes_transport_instance" file="/var/www/html/tests/Unit/Transport/TransportManagerTest.php" line="359" class="JTD\LaravelMCP\Tests\Unit\Transport\TransportManagerTest" classname="JTD.LaravelMCP.Tests.Unit.Transport.TransportManagerTest" assertions="0" time="0.000000">
          <error type="Exception">JTD\LaravelMCP\Tests\Unit\Transport\TransportManagerTest::it_refreshes_transport_instance
Exception: The /var/www/html/vendor/orchestra/testbench-core/laravel/bootstrap/cache directory must be present and writable.

/var/www/html/vendor/laravel/framework/src/Illuminate/Foundation/PackageManifest.php:179
/var/www/html/vendor/orchestra/testbench-core/src/Foundation/PackageManifest.php:157
/var/www/html/vendor/laravel/framework/src/Illuminate/Foundation/PackageManifest.php:132
/var/www/html/vendor/laravel/framework/src/Illuminate/Foundation/PackageManifest.php:108
/var/www/html/vendor/orchestra/testbench-core/src/Foundation/PackageManifest.php:102
/var/www/html/vendor/laravel/framework/src/Illuminate/Foundation/PackageManifest.php:91
/var/www/html/vendor/laravel/framework/src/Illuminate/Foundation/PackageManifest.php:80
/var/www/html/vendor/laravel/framework/src/Illuminate/Foundation/Bootstrap/RegisterFacades.php:26
/var/www/html/vendor/orchestra/testbench-core/src/Concerns/CreatesApplication.php:556
/var/www/html/vendor/orchestra/testbench-core/src/Concerns/CreatesApplication.php:311
/var/www/html/vendor/orchestra/testbench-core/src/TestCase.php:121
/var/www/html/vendor/orchestra/testbench-core/src/Concerns/ApplicationTestingHooks.php:74
/var/www/html/vendor/orchestra/testbench-core/src/Concerns/Testing.php:43
/var/www/html/vendor/laravel/framework/src/Illuminate/Collections/helpers.php:236
/var/www/html/vendor/orchestra/sidekick/src/functions.php:87
/var/www/html/vendor/laravel/framework/src/Illuminate/Collections/helpers.php:236
/var/www/html/vendor/orchestra/testbench-core/src/Concerns/Testing.php:57
/var/www/html/vendor/orchestra/testbench-core/src/TestCase.php:50
/var/www/html/tests/TestCase.php:61
/var/www/html/tests/Unit/Transport/TransportManagerTest.php:26</error>
        </testcase>
        <testcase name="it_registers_custom_transport_instance" file="/var/www/html/tests/Unit/Transport/TransportManagerTest.php" line="370" class="JTD\LaravelMCP\Tests\Unit\Transport\TransportManagerTest" classname="JTD.LaravelMCP.Tests.Unit.Transport.TransportManagerTest" assertions="0" time="0.000000">
          <error type="Exception">JTD\LaravelMCP\Tests\Unit\Transport\TransportManagerTest::it_registers_custom_transport_instance
Exception: The /var/www/html/vendor/orchestra/testbench-core/laravel/bootstrap/cache directory must be present and writable.

/var/www/html/vendor/laravel/framework/src/Illuminate/Foundation/PackageManifest.php:179
/var/www/html/vendor/orchestra/testbench-core/src/Foundation/PackageManifest.php:157
/var/www/html/vendor/laravel/framework/src/Illuminate/Foundation/PackageManifest.php:132
/var/www/html/vendor/laravel/framework/src/Illuminate/Foundation/PackageManifest.php:108
/var/www/html/vendor/orchestra/testbench-core/src/Foundation/PackageManifest.php:102
/var/www/html/vendor/laravel/framework/src/Illuminate/Foundation/PackageManifest.php:91
/var/www/html/vendor/laravel/framework/src/Illuminate/Foundation/PackageManifest.php:80
/var/www/html/vendor/laravel/framework/src/Illuminate/Foundation/Bootstrap/RegisterFacades.php:26
/var/www/html/vendor/orchestra/testbench-core/src/Concerns/CreatesApplication.php:556
/var/www/html/vendor/orchestra/testbench-core/src/Concerns/CreatesApplication.php:311
/var/www/html/vendor/orchestra/testbench-core/src/TestCase.php:121
/var/www/html/vendor/orchestra/testbench-core/src/Concerns/ApplicationTestingHooks.php:74
/var/www/html/vendor/orchestra/testbench-core/src/Concerns/Testing.php:43
/var/www/html/vendor/laravel/framework/src/Illuminate/Collections/helpers.php:236
/var/www/html/vendor/orchestra/sidekick/src/functions.php:87
/var/www/html/vendor/laravel/framework/src/Illuminate/Collections/helpers.php:236
/var/www/html/vendor/orchestra/testbench-core/src/Concerns/Testing.php:57
/var/www/html/vendor/orchestra/testbench-core/src/TestCase.php:50
/var/www/html/tests/TestCase.php:61
/var/www/html/tests/Unit/Transport/TransportManagerTest.php:26</error>
        </testcase>
        <testcase name="it_removes_transport_instance" file="/var/www/html/tests/Unit/Transport/TransportManagerTest.php" line="382" class="JTD\LaravelMCP\Tests\Unit\Transport\TransportManagerTest" classname="JTD.LaravelMCP.Tests.Unit.Transport.TransportManagerTest" assertions="0" time="0.000000">
          <error type="Exception">JTD\LaravelMCP\Tests\Unit\Transport\TransportManagerTest::it_removes_transport_instance
Exception: The /var/www/html/vendor/orchestra/testbench-core/laravel/bootstrap/cache directory must be present and writable.

/var/www/html/vendor/laravel/framework/src/Illuminate/Foundation/PackageManifest.php:179
/var/www/html/vendor/orchestra/testbench-core/src/Foundation/PackageManifest.php:157
/var/www/html/vendor/laravel/framework/src/Illuminate/Foundation/PackageManifest.php:132
/var/www/html/vendor/laravel/framework/src/Illuminate/Foundation/PackageManifest.php:108
/var/www/html/vendor/orchestra/testbench-core/src/Foundation/PackageManifest.php:102
/var/www/html/vendor/laravel/framework/src/Illuminate/Foundation/PackageManifest.php:91
/var/www/html/vendor/laravel/framework/src/Illuminate/Foundation/PackageManifest.php:80
/var/www/html/vendor/laravel/framework/src/Illuminate/Foundation/Bootstrap/RegisterFacades.php:26
/var/www/html/vendor/orchestra/testbench-core/src/Concerns/CreatesApplication.php:556
/var/www/html/vendor/orchestra/testbench-core/src/Concerns/CreatesApplication.php:311
/var/www/html/vendor/orchestra/testbench-core/src/TestCase.php:121
/var/www/html/vendor/orchestra/testbench-core/src/Concerns/ApplicationTestingHooks.php:74
/var/www/html/vendor/orchestra/testbench-core/src/Concerns/Testing.php:43
/var/www/html/vendor/laravel/framework/src/Illuminate/Collections/helpers.php:236
/var/www/html/vendor/orchestra/sidekick/src/functions.php:87
/var/www/html/vendor/laravel/framework/src/Illuminate/Collections/helpers.php:236
/var/www/html/vendor/orchestra/testbench-core/src/Concerns/Testing.php:57
/var/www/html/vendor/orchestra/testbench-core/src/TestCase.php:50
/var/www/html/tests/TestCase.php:61
/var/www/html/tests/Unit/Transport/TransportManagerTest.php:26</error>
        </testcase>
        <testcase name="it_starts_all_transports" file="/var/www/html/tests/Unit/Transport/TransportManagerTest.php" line="396" class="JTD\LaravelMCP\Tests\Unit\Transport\TransportManagerTest" classname="JTD.LaravelMCP.Tests.Unit.Transport.TransportManagerTest" assertions="0" time="0.000000">
          <error type="Exception">JTD\LaravelMCP\Tests\Unit\Transport\TransportManagerTest::it_starts_all_transports
Exception: The /var/www/html/vendor/orchestra/testbench-core/laravel/bootstrap/cache directory must be present and writable.

/var/www/html/vendor/laravel/framework/src/Illuminate/Foundation/PackageManifest.php:179
/var/www/html/vendor/orchestra/testbench-core/src/Foundation/PackageManifest.php:157
/var/www/html/vendor/laravel/framework/src/Illuminate/Foundation/PackageManifest.php:132
/var/www/html/vendor/laravel/framework/src/Illuminate/Foundation/PackageManifest.php:108
/var/www/html/vendor/orchestra/testbench-core/src/Foundation/PackageManifest.php:102
/var/www/html/vendor/laravel/framework/src/Illuminate/Foundation/PackageManifest.php:91
/var/www/html/vendor/laravel/framework/src/Illuminate/Foundation/PackageManifest.php:80
/var/www/html/vendor/laravel/framework/src/Illuminate/Foundation/Bootstrap/RegisterFacades.php:26
/var/www/html/vendor/orchestra/testbench-core/src/Concerns/CreatesApplication.php:556
/var/www/html/vendor/orchestra/testbench-core/src/Concerns/CreatesApplication.php:311
/var/www/html/vendor/orchestra/testbench-core/src/TestCase.php:121
/var/www/html/vendor/orchestra/testbench-core/src/Concerns/ApplicationTestingHooks.php:74
/var/www/html/vendor/orchestra/testbench-core/src/Concerns/Testing.php:43
/var/www/html/vendor/laravel/framework/src/Illuminate/Collections/helpers.php:236
/var/www/html/vendor/orchestra/sidekick/src/functions.php:87
/var/www/html/vendor/laravel/framework/src/Illuminate/Collections/helpers.php:236
/var/www/html/vendor/orchestra/testbench-core/src/Concerns/Testing.php:57
/var/www/html/vendor/orchestra/testbench-core/src/TestCase.php:50
/var/www/html/tests/TestCase.php:61
/var/www/html/tests/Unit/Transport/TransportManagerTest.php:26</error>
        </testcase>
        <testcase name="it_stops_all_transports" file="/var/www/html/tests/Unit/Transport/TransportManagerTest.php" line="411" class="JTD\LaravelMCP\Tests\Unit\Transport\TransportManagerTest" classname="JTD.LaravelMCP.Tests.Unit.Transport.TransportManagerTest" assertions="0" time="0.000000">
          <error type="Exception">JTD\LaravelMCP\Tests\Unit\Transport\TransportManagerTest::it_stops_all_transports
Exception: The /var/www/html/vendor/orchestra/testbench-core/laravel/bootstrap/cache directory must be present and writable.

/var/www/html/vendor/laravel/framework/src/Illuminate/Foundation/PackageManifest.php:179
/var/www/html/vendor/orchestra/testbench-core/src/Foundation/PackageManifest.php:157
/var/www/html/vendor/laravel/framework/src/Illuminate/Foundation/PackageManifest.php:132
/var/www/html/vendor/laravel/framework/src/Illuminate/Foundation/PackageManifest.php:108
/var/www/html/vendor/orchestra/testbench-core/src/Foundation/PackageManifest.php:102
/var/www/html/vendor/laravel/framework/src/Illuminate/Foundation/PackageManifest.php:91
/var/www/html/vendor/laravel/framework/src/Illuminate/Foundation/PackageManifest.php:80
/var/www/html/vendor/laravel/framework/src/Illuminate/Foundation/Bootstrap/RegisterFacades.php:26
/var/www/html/vendor/orchestra/testbench-core/src/Concerns/CreatesApplication.php:556
/var/www/html/vendor/orchestra/testbench-core/src/Concerns/CreatesApplication.php:311
/var/www/html/vendor/orchestra/testbench-core/src/TestCase.php:121
/var/www/html/vendor/orchestra/testbench-core/src/Concerns/ApplicationTestingHooks.php:74
/var/www/html/vendor/orchestra/testbench-core/src/Concerns/Testing.php:43
/var/www/html/vendor/laravel/framework/src/Illuminate/Collections/helpers.php:236
/var/www/html/vendor/orchestra/sidekick/src/functions.php:87
/var/www/html/vendor/laravel/framework/src/Illuminate/Collections/helpers.php:236
/var/www/html/vendor/orchestra/testbench-core/src/Concerns/Testing.php:57
/var/www/html/vendor/orchestra/testbench-core/src/TestCase.php:50
/var/www/html/tests/TestCase.php:61
/var/www/html/tests/Unit/Transport/TransportManagerTest.php:26</error>
        </testcase>
        <testcase name="it_throws_exception_when_start_all_fails" file="/var/www/html/tests/Unit/Transport/TransportManagerTest.php" line="429" class="JTD\LaravelMCP\Tests\Unit\Transport\TransportManagerTest" classname="JTD.LaravelMCP.Tests.Unit.Transport.TransportManagerTest" assertions="0" time="0.000000">
          <error type="Exception">JTD\LaravelMCP\Tests\Unit\Transport\TransportManagerTest::it_throws_exception_when_start_all_fails
Exception: The /var/www/html/vendor/orchestra/testbench-core/laravel/bootstrap/cache directory must be present and writable.

/var/www/html/vendor/laravel/framework/src/Illuminate/Foundation/PackageManifest.php:179
/var/www/html/vendor/orchestra/testbench-core/src/Foundation/PackageManifest.php:157
/var/www/html/vendor/laravel/framework/src/Illuminate/Foundation/PackageManifest.php:132
/var/www/html/vendor/laravel/framework/src/Illuminate/Foundation/PackageManifest.php:108
/var/www/html/vendor/orchestra/testbench-core/src/Foundation/PackageManifest.php:102
/var/www/html/vendor/laravel/framework/src/Illuminate/Foundation/PackageManifest.php:91
/var/www/html/vendor/laravel/framework/src/Illuminate/Foundation/PackageManifest.php:80
/var/www/html/vendor/laravel/framework/src/Illuminate/Foundation/Bootstrap/RegisterFacades.php:26
/var/www/html/vendor/orchestra/testbench-core/src/Concerns/CreatesApplication.php:556
/var/www/html/vendor/orchestra/testbench-core/src/Concerns/CreatesApplication.php:311
/var/www/html/vendor/orchestra/testbench-core/src/TestCase.php:121
/var/www/html/vendor/orchestra/testbench-core/src/Concerns/ApplicationTestingHooks.php:74
/var/www/html/vendor/orchestra/testbench-core/src/Concerns/Testing.php:43
/var/www/html/vendor/laravel/framework/src/Illuminate/Collections/helpers.php:236
/var/www/html/vendor/orchestra/sidekick/src/functions.php:87
/var/www/html/vendor/laravel/framework/src/Illuminate/Collections/helpers.php:236
/var/www/html/vendor/orchestra/testbench-core/src/Concerns/Testing.php:57
/var/www/html/vendor/orchestra/testbench-core/src/TestCase.php:50
/var/www/html/tests/TestCase.php:61
/var/www/html/tests/Unit/Transport/TransportManagerTest.php:26</error>
        </testcase>
        <testcase name="it_gets_active_transport_count" file="/var/www/html/tests/Unit/Transport/TransportManagerTest.php" line="474" class="JTD\LaravelMCP\Tests\Unit\Transport\TransportManagerTest" classname="JTD.LaravelMCP.Tests.Unit.Transport.TransportManagerTest" assertions="0" time="0.000000">
          <error type="Exception">JTD\LaravelMCP\Tests\Unit\Transport\TransportManagerTest::it_gets_active_transport_count
Exception: The /var/www/html/vendor/orchestra/testbench-core/laravel/bootstrap/cache directory must be present and writable.

/var/www/html/vendor/laravel/framework/src/Illuminate/Foundation/PackageManifest.php:179
/var/www/html/vendor/orchestra/testbench-core/src/Foundation/PackageManifest.php:157
/var/www/html/vendor/laravel/framework/src/Illuminate/Foundation/PackageManifest.php:132
/var/www/html/vendor/laravel/framework/src/Illuminate/Foundation/PackageManifest.php:108
/var/www/html/vendor/orchestra/testbench-core/src/Foundation/PackageManifest.php:102
/var/www/html/vendor/laravel/framework/src/Illuminate/Foundation/PackageManifest.php:91
/var/www/html/vendor/laravel/framework/src/Illuminate/Foundation/PackageManifest.php:80
/var/www/html/vendor/laravel/framework/src/Illuminate/Foundation/Bootstrap/RegisterFacades.php:26
/var/www/html/vendor/orchestra/testbench-core/src/Concerns/CreatesApplication.php:556
/var/www/html/vendor/orchestra/testbench-core/src/Concerns/CreatesApplication.php:311
/var/www/html/vendor/orchestra/testbench-core/src/TestCase.php:121
/var/www/html/vendor/orchestra/testbench-core/src/Concerns/ApplicationTestingHooks.php:74
/var/www/html/vendor/orchestra/testbench-core/src/Concerns/Testing.php:43
/var/www/html/vendor/laravel/framework/src/Illuminate/Collections/helpers.php:236
/var/www/html/vendor/orchestra/sidekick/src/functions.php:87
/var/www/html/vendor/laravel/framework/src/Illuminate/Collections/helpers.php:236
/var/www/html/vendor/orchestra/testbench-core/src/Concerns/Testing.php:57
/var/www/html/vendor/orchestra/testbench-core/src/TestCase.php:50
/var/www/html/tests/TestCase.php:61
/var/www/html/tests/Unit/Transport/TransportManagerTest.php:26</error>
        </testcase>
        <testcase name="it_performs_cleanup" file="/var/www/html/tests/Unit/Transport/TransportManagerTest.php" line="491" class="JTD\LaravelMCP\Tests\Unit\Transport\TransportManagerTest" classname="JTD.LaravelMCP.Tests.Unit.Transport.TransportManagerTest" assertions="0" time="0.000000">
          <error type="Exception">JTD\LaravelMCP\Tests\Unit\Transport\TransportManagerTest::it_performs_cleanup
Exception: The /var/www/html/vendor/orchestra/testbench-core/laravel/bootstrap/cache directory must be present and writable.

/var/www/html/vendor/laravel/framework/src/Illuminate/Foundation/PackageManifest.php:179
/var/www/html/vendor/orchestra/testbench-core/src/Foundation/PackageManifest.php:157
/var/www/html/vendor/laravel/framework/src/Illuminate/Foundation/PackageManifest.php:132
/var/www/html/vendor/laravel/framework/src/Illuminate/Foundation/PackageManifest.php:108
/var/www/html/vendor/orchestra/testbench-core/src/Foundation/PackageManifest.php:102
/var/www/html/vendor/laravel/framework/src/Illuminate/Foundation/PackageManifest.php:91
/var/www/html/vendor/laravel/framework/src/Illuminate/Foundation/PackageManifest.php:80
/var/www/html/vendor/laravel/framework/src/Illuminate/Foundation/Bootstrap/RegisterFacades.php:26
/var/www/html/vendor/orchestra/testbench-core/src/Concerns/CreatesApplication.php:556
/var/www/html/vendor/orchestra/testbench-core/src/Concerns/CreatesApplication.php:311
/var/www/html/vendor/orchestra/testbench-core/src/TestCase.php:121
/var/www/html/vendor/orchestra/testbench-core/src/Concerns/ApplicationTestingHooks.php:74
/var/www/html/vendor/orchestra/testbench-core/src/Concerns/Testing.php:43
/var/www/html/vendor/laravel/framework/src/Illuminate/Collections/helpers.php:236
/var/www/html/vendor/orchestra/sidekick/src/functions.php:87
/var/www/html/vendor/laravel/framework/src/Illuminate/Collections/helpers.php:236
/var/www/html/vendor/orchestra/testbench-core/src/Concerns/Testing.php:57
/var/www/html/vendor/orchestra/testbench-core/src/TestCase.php:50
/var/www/html/tests/TestCase.php:61
/var/www/html/tests/Unit/Transport/TransportManagerTest.php:26</error>
        </testcase>
        <testcase name="it_initializes_default_transports_from_config" file="/var/www/html/tests/Unit/Transport/TransportManagerTest.php" line="509" class="JTD\LaravelMCP\Tests\Unit\Transport\TransportManagerTest" classname="JTD.LaravelMCP.Tests.Unit.Transport.TransportManagerTest" assertions="0" time="0.000000">
          <error type="Exception">JTD\LaravelMCP\Tests\Unit\Transport\TransportManagerTest::it_initializes_default_transports_from_config
Exception: The /var/www/html/vendor/orchestra/testbench-core/laravel/bootstrap/cache directory must be present and writable.

/var/www/html/vendor/laravel/framework/src/Illuminate/Foundation/PackageManifest.php:179
/var/www/html/vendor/orchestra/testbench-core/src/Foundation/PackageManifest.php:157
/var/www/html/vendor/laravel/framework/src/Illuminate/Foundation/PackageManifest.php:132
/var/www/html/vendor/laravel/framework/src/Illuminate/Foundation/PackageManifest.php:108
/var/www/html/vendor/orchestra/testbench-core/src/Foundation/PackageManifest.php:102
/var/www/html/vendor/laravel/framework/src/Illuminate/Foundation/PackageManifest.php:91
/var/www/html/vendor/laravel/framework/src/Illuminate/Foundation/PackageManifest.php:80
/var/www/html/vendor/laravel/framework/src/Illuminate/Foundation/Bootstrap/RegisterFacades.php:26
/var/www/html/vendor/orchestra/testbench-core/src/Concerns/CreatesApplication.php:556
/var/www/html/vendor/orchestra/testbench-core/src/Concerns/CreatesApplication.php:311
/var/www/html/vendor/orchestra/testbench-core/src/TestCase.php:121
/var/www/html/vendor/orchestra/testbench-core/src/Concerns/ApplicationTestingHooks.php:74
/var/www/html/vendor/orchestra/testbench-core/src/Concerns/Testing.php:43
/var/www/html/vendor/laravel/framework/src/Illuminate/Collections/helpers.php:236
/var/www/html/vendor/orchestra/sidekick/src/functions.php:87
/var/www/html/vendor/laravel/framework/src/Illuminate/Collections/helpers.php:236
/var/www/html/vendor/orchestra/testbench-core/src/Concerns/Testing.php:57
/var/www/html/vendor/orchestra/testbench-core/src/TestCase.php:50
/var/www/html/tests/TestCase.php:61
/var/www/html/tests/Unit/Transport/TransportManagerTest.php:26</error>
        </testcase>
        <testcase name="it_handles_factory_registration_errors" file="/var/www/html/tests/Unit/Transport/TransportManagerTest.php" line="524" class="JTD\LaravelMCP\Tests\Unit\Transport\TransportManagerTest" classname="JTD.LaravelMCP.Tests.Unit.Transport.TransportManagerTest" assertions="0" time="0.000000">
          <error type="Exception">JTD\LaravelMCP\Tests\Unit\Transport\TransportManagerTest::it_handles_factory_registration_errors
Exception: The /var/www/html/vendor/orchestra/testbench-core/laravel/bootstrap/cache directory must be present and writable.

/var/www/html/vendor/laravel/framework/src/Illuminate/Foundation/PackageManifest.php:179
/var/www/html/vendor/orchestra/testbench-core/src/Foundation/PackageManifest.php:157
/var/www/html/vendor/laravel/framework/src/Illuminate/Foundation/PackageManifest.php:132
/var/www/html/vendor/laravel/framework/src/Illuminate/Foundation/PackageManifest.php:108
/var/www/html/vendor/orchestra/testbench-core/src/Foundation/PackageManifest.php:102
/var/www/html/vendor/laravel/framework/src/Illuminate/Foundation/PackageManifest.php:91
/var/www/html/vendor/laravel/framework/src/Illuminate/Foundation/PackageManifest.php:80
/var/www/html/vendor/laravel/framework/src/Illuminate/Foundation/Bootstrap/RegisterFacades.php:26
/var/www/html/vendor/orchestra/testbench-core/src/Concerns/CreatesApplication.php:556
/var/www/html/vendor/orchestra/testbench-core/src/Concerns/CreatesApplication.php:311
/var/www/html/vendor/orchestra/testbench-core/src/TestCase.php:121
/var/www/html/vendor/orchestra/testbench-core/src/Concerns/ApplicationTestingHooks.php:74
/var/www/html/vendor/orchestra/testbench-core/src/Concerns/Testing.php:43
/var/www/html/vendor/laravel/framework/src/Illuminate/Collections/helpers.php:236
/var/www/html/vendor/orchestra/sidekick/src/functions.php:87
/var/www/html/vendor/laravel/framework/src/Illuminate/Collections/helpers.php:236
/var/www/html/vendor/orchestra/testbench-core/src/Concerns/Testing.php:57
/var/www/html/vendor/orchestra/testbench-core/src/TestCase.php:50
/var/www/html/tests/TestCase.php:61
/var/www/html/tests/Unit/Transport/TransportManagerTest.php:26</error>
        </testcase>
        <testcase name="it_validates_transport_interface_compliance" file="/var/www/html/tests/Unit/Transport/TransportManagerTest.php" line="538" class="JTD\LaravelMCP\Tests\Unit\Transport\TransportManagerTest" classname="JTD.LaravelMCP.Tests.Unit.Transport.TransportManagerTest" assertions="0" time="0.000000">
          <error type="Exception">JTD\LaravelMCP\Tests\Unit\Transport\TransportManagerTest::it_validates_transport_interface_compliance
Exception: The /var/www/html/vendor/orchestra/testbench-core/laravel/bootstrap/cache directory must be present and writable.

/var/www/html/vendor/laravel/framework/src/Illuminate/Foundation/PackageManifest.php:179
/var/www/html/vendor/orchestra/testbench-core/src/Foundation/PackageManifest.php:157
/var/www/html/vendor/laravel/framework/src/Illuminate/Foundation/PackageManifest.php:132
/var/www/html/vendor/laravel/framework/src/Illuminate/Foundation/PackageManifest.php:108
/var/www/html/vendor/orchestra/testbench-core/src/Foundation/PackageManifest.php:102
/var/www/html/vendor/laravel/framework/src/Illuminate/Foundation/PackageManifest.php:91
/var/www/html/vendor/laravel/framework/src/Illuminate/Foundation/PackageManifest.php:80
/var/www/html/vendor/laravel/framework/src/Illuminate/Foundation/Bootstrap/RegisterFacades.php:26
/var/www/html/vendor/orchestra/testbench-core/src/Concerns/CreatesApplication.php:556
/var/www/html/vendor/orchestra/testbench-core/src/Concerns/CreatesApplication.php:311
/var/www/html/vendor/orchestra/testbench-core/src/TestCase.php:121
/var/www/html/vendor/orchestra/testbench-core/src/Concerns/ApplicationTestingHooks.php:74
/var/www/html/vendor/orchestra/testbench-core/src/Concerns/Testing.php:43
/var/www/html/vendor/laravel/framework/src/Illuminate/Collections/helpers.php:236
/var/www/html/vendor/orchestra/sidekick/src/functions.php:87
/var/www/html/vendor/laravel/framework/src/Illuminate/Collections/helpers.php:236
/var/www/html/vendor/orchestra/testbench-core/src/Concerns/Testing.php:57
/var/www/html/vendor/orchestra/testbench-core/src/TestCase.php:50
/var/www/html/tests/TestCase.php:61
/var/www/html/tests/Unit/Transport/TransportManagerTest.php:26</error>
        </testcase>
      </testsuite>
      <testsuite name="Tests\Unit\Support\DocumentationGeneratorTest" file="/var/www/html/tests/Unit/Support/DocumentationGeneratorTest.php" tests="21" assertions="130" errors="0" failures="0" skipped="0" time="0.019923">
        <testcase name="it_generates_overview_with_custom_options" file="/var/www/html/tests/Unit/Support/DocumentationGeneratorTest.php" line="73" class="Tests\Unit\Support\DocumentationGeneratorTest" classname="Tests.Unit.Support.DocumentationGeneratorTest" assertions="3" time="0.012348"/>
        <testcase name="it_generates_overview_with_populated_registries" file="/var/www/html/tests/Unit/Support/DocumentationGeneratorTest.php" line="91" class="Tests\Unit\Support\DocumentationGeneratorTest" classname="Tests.Unit.Support.DocumentationGeneratorTest" assertions="4" time="0.000346"/>
        <testcase name="it_generates_tools_documentation_when_empty" file="/var/www/html/tests/Unit/Support/DocumentationGeneratorTest.php" line="117" class="Tests\Unit\Support\DocumentationGeneratorTest" classname="Tests.Unit.Support.DocumentationGeneratorTest" assertions="3" time="0.000222"/>
        <testcase name="it_generates_tools_documentation_with_populated_registry" file="/var/www/html/tests/Unit/Support/DocumentationGeneratorTest.php" line="131" class="Tests\Unit\Support\DocumentationGeneratorTest" classname="Tests.Unit.Support.DocumentationGeneratorTest" assertions="10" time="0.000611"/>
        <testcase name="it_generates_resources_documentation_when_empty" file="/var/www/html/tests/Unit/Support/DocumentationGeneratorTest.php" line="192" class="Tests\Unit\Support\DocumentationGeneratorTest" classname="Tests.Unit.Support.DocumentationGeneratorTest" assertions="3" time="0.000217"/>
        <testcase name="it_generates_resources_documentation_with_populated_registry" file="/var/www/html/tests/Unit/Support/DocumentationGeneratorTest.php" line="206" class="Tests\Unit\Support\DocumentationGeneratorTest" classname="Tests.Unit.Support.DocumentationGeneratorTest" assertions="10" time="0.000361"/>
        <testcase name="it_generates_prompts_documentation_when_empty" file="/var/www/html/tests/Unit/Support/DocumentationGeneratorTest.php" line="246" class="Tests\Unit\Support\DocumentationGeneratorTest" classname="Tests.Unit.Support.DocumentationGeneratorTest" assertions="3" time="0.000210"/>
        <testcase name="it_generates_prompts_documentation_with_populated_registry" file="/var/www/html/tests/Unit/Support/DocumentationGeneratorTest.php" line="260" class="Tests\Unit\Support\DocumentationGeneratorTest" classname="Tests.Unit.Support.DocumentationGeneratorTest" assertions="8" time="0.000310"/>
        <testcase name="it_generates_api_reference" file="/var/www/html/tests/Unit/Support/DocumentationGeneratorTest.php" line="309" class="Tests\Unit\Support\DocumentationGeneratorTest" classname="Tests.Unit.Support.DocumentationGeneratorTest" assertions="6" time="0.000395"/>
        <testcase name="it_includes_tool_methods_in_api_reference_when_tools_exist" file="/var/www/html/tests/Unit/Support/DocumentationGeneratorTest.php" line="324" class="Tests\Unit\Support\DocumentationGeneratorTest" classname="Tests.Unit.Support.DocumentationGeneratorTest" assertions="6" time="0.000267"/>
        <testcase name="it_includes_resource_methods_in_api_reference_when_resources_exist" file="/var/www/html/tests/Unit/Support/DocumentationGeneratorTest.php" line="349" class="Tests\Unit\Support\DocumentationGeneratorTest" classname="Tests.Unit.Support.DocumentationGeneratorTest" assertions="7" time="0.000298"/>
        <testcase name="it_includes_prompt_methods_in_api_reference_when_prompts_exist" file="/var/www/html/tests/Unit/Support/DocumentationGeneratorTest.php" line="375" class="Tests\Unit\Support\DocumentationGeneratorTest" classname="Tests.Unit.Support.DocumentationGeneratorTest" assertions="6" time="0.000483"/>
        <testcase name="it_generates_usage_guide" file="/var/www/html/tests/Unit/Support/DocumentationGeneratorTest.php" line="400" class="Tests\Unit\Support\DocumentationGeneratorTest" classname="Tests.Unit.Support.DocumentationGeneratorTest" assertions="11" time="0.000299"/>
        <testcase name="it_generates_configuration_guide" file="/var/www/html/tests/Unit/Support/DocumentationGeneratorTest.php" line="418" class="Tests\Unit\Support\DocumentationGeneratorTest" classname="Tests.Unit.Support.DocumentationGeneratorTest" assertions="8" time="0.000326"/>
        <testcase name="it_generates_examples" file="/var/www/html/tests/Unit/Support/DocumentationGeneratorTest.php" line="433" class="Tests\Unit\Support\DocumentationGeneratorTest" classname="Tests.Unit.Support.DocumentationGeneratorTest" assertions="7" time="0.000295"/>
        <testcase name="it_generates_readme" file="/var/www/html/tests/Unit/Support/DocumentationGeneratorTest.php" line="450" class="Tests\Unit\Support\DocumentationGeneratorTest" classname="Tests.Unit.Support.DocumentationGeneratorTest" assertions="3" time="0.000369"/>
        <testcase name="it_generates_readme_with_custom_options" file="/var/www/html/tests/Unit/Support/DocumentationGeneratorTest.php" line="462" class="Tests\Unit\Support\DocumentationGeneratorTest" classname="Tests.Unit.Support.DocumentationGeneratorTest" assertions="2" time="0.000344"/>
        <testcase name="it_gets_and_sets_templates" file="/var/www/html/tests/Unit/Support/DocumentationGeneratorTest.php" line="499" class="Tests\Unit\Support\DocumentationGeneratorTest" classname="Tests.Unit.Support.DocumentationGeneratorTest" assertions="6" time="0.000548"/>
        <testcase name="it_generates_overview_with_default_options" file="/var/www/html/tests/Unit/Support/DocumentationGeneratorTest.php" line="55" class="Tests\Unit\Support\DocumentationGeneratorTest" classname="Tests.Unit.Support.DocumentationGeneratorTest" assertions="9" time="0.000387"/>
        <testcase name="it_generates_component_documentation" file="/var/www/html/tests/Unit/Support/DocumentationGeneratorTest.php" line="104" class="Tests\Unit\Support\DocumentationGeneratorTest" classname="Tests.Unit.Support.DocumentationGeneratorTest" assertions="4" time="0.000329"/>
        <testcase name="it_generates_complete_documentation" file="/var/www/html/tests/Unit/Support/DocumentationGeneratorTest.php" line="478" class="Tests\Unit\Support\DocumentationGeneratorTest" classname="Tests.Unit.Support.DocumentationGeneratorTest" assertions="11" time="0.000958"/>
      </testsuite>
      <testsuite name="Tests\Unit\Support\SchemaDocumenterTest" file="/var/www/html/tests/Unit/Support/SchemaDocumenterTest.php" tests="43" assertions="125" errors="0" failures="0" skipped="0" time="0.009363">
        <testcase name="it_documents_string_schema" file="/var/www/html/tests/Unit/Support/SchemaDocumenterTest.php" line="31" class="Tests\Unit\Support\SchemaDocumenterTest" classname="Tests.Unit.Support.SchemaDocumenterTest" assertions="5" time="0.000958"/>
        <testcase name="it_documents_number_schema" file="/var/www/html/tests/Unit/Support/SchemaDocumenterTest.php" line="48" class="Tests\Unit\Support\SchemaDocumenterTest" classname="Tests.Unit.Support.SchemaDocumenterTest" assertions="4" time="0.000217"/>
        <testcase name="it_documents_integer_schema" file="/var/www/html/tests/Unit/Support/SchemaDocumenterTest.php" line="66" class="Tests\Unit\Support\SchemaDocumenterTest" classname="Tests.Unit.Support.SchemaDocumenterTest" assertions="3" time="0.000189"/>
        <testcase name="it_documents_boolean_schema" file="/var/www/html/tests/Unit/Support/SchemaDocumenterTest.php" line="83" class="Tests\Unit\Support\SchemaDocumenterTest" classname="Tests.Unit.Support.SchemaDocumenterTest" assertions="3" time="0.000182"/>
        <testcase name="it_documents_object_schema_with_properties" file="/var/www/html/tests/Unit/Support/SchemaDocumenterTest.php" line="98" class="Tests\Unit\Support\SchemaDocumenterTest" classname="Tests.Unit.Support.SchemaDocumenterTest" assertions="9" time="0.000297"/>
        <testcase name="it_documents_array_schema" file="/var/www/html/tests/Unit/Support/SchemaDocumenterTest.php" line="136" class="Tests\Unit\Support\SchemaDocumenterTest" classname="Tests.Unit.Support.SchemaDocumenterTest" assertions="5" time="0.000425"/>
        <testcase name="it_documents_array_schema_with_object_items" file="/var/www/html/tests/Unit/Support/SchemaDocumenterTest.php" line="159" class="Tests\Unit\Support\SchemaDocumenterTest" classname="Tests.Unit.Support.SchemaDocumenterTest" assertions="6" time="0.000199"/>
        <testcase name="it_documents_properties_with_empty_properties" file="/var/www/html/tests/Unit/Support/SchemaDocumenterTest.php" line="184" class="Tests\Unit\Support\SchemaDocumenterTest" classname="Tests.Unit.Support.SchemaDocumenterTest" assertions="1" time="0.000126"/>
        <testcase name="it_documents_properties_with_nested_objects" file="/var/www/html/tests/Unit/Support/SchemaDocumenterTest.php" line="192" class="Tests\Unit\Support\SchemaDocumenterTest" classname="Tests.Unit.Support.SchemaDocumenterTest" assertions="6" time="0.000196"/>
        <testcase name="it_documents_properties_with_nested_arrays" file="/var/www/html/tests/Unit/Support/SchemaDocumenterTest.php" line="225" class="Tests\Unit\Support\SchemaDocumenterTest" classname="Tests.Unit.Support.SchemaDocumenterTest" assertions="5" time="0.000370"/>
        <testcase name="it_documents_validation_rules_for_string_type" file="/var/www/html/tests/Unit/Support/SchemaDocumenterTest.php" line="251" class="Tests\Unit\Support\SchemaDocumenterTest" classname="Tests.Unit.Support.SchemaDocumenterTest" assertions="5" time="0.000186"/>
        <testcase name="it_documents_validation_rules_for_number_type" file="/var/www/html/tests/Unit/Support/SchemaDocumenterTest.php" line="272" class="Tests\Unit\Support\SchemaDocumenterTest" classname="Tests.Unit.Support.SchemaDocumenterTest" assertions="5" time="0.000193"/>
        <testcase name="it_documents_validation_rules_for_array_type" file="/var/www/html/tests/Unit/Support/SchemaDocumenterTest.php" line="293" class="Tests\Unit\Support\SchemaDocumenterTest" classname="Tests.Unit.Support.SchemaDocumenterTest" assertions="3" time="0.000159"/>
        <testcase name="it_documents_validation_rules_for_object_type" file="/var/www/html/tests/Unit/Support/SchemaDocumenterTest.php" line="310" class="Tests\Unit\Support\SchemaDocumenterTest" classname="Tests.Unit.Support.SchemaDocumenterTest" assertions="3" time="0.000187"/>
        <testcase name="it_documents_general_validation_rules" file="/var/www/html/tests/Unit/Support/SchemaDocumenterTest.php" line="327" class="Tests\Unit\Support\SchemaDocumenterTest" classname="Tests.Unit.Support.SchemaDocumenterTest" assertions="3" time="0.000155"/>
        <testcase name="it_returns_empty_string_for_no_validation_rules" file="/var/www/html/tests/Unit/Support/SchemaDocumenterTest.php" line="344" class="Tests\Unit\Support\SchemaDocumenterTest" classname="Tests.Unit.Support.SchemaDocumenterTest" assertions="1" time="0.000265"/>
        <testcase name="it_formats_array_type" file="/var/www/html/tests/Unit/Support/SchemaDocumenterTest.php" line="356" class="Tests\Unit\Support\SchemaDocumenterTest" classname="Tests.Unit.Support.SchemaDocumenterTest" assertions="1" time="0.000144"/>
        <testcase name="it_formats_string_type" file="/var/www/html/tests/Unit/Support/SchemaDocumenterTest.php" line="364" class="Tests\Unit\Support\SchemaDocumenterTest" classname="Tests.Unit.Support.SchemaDocumenterTest" assertions="1" time="0.000120"/>
        <testcase name="it_formats_unknown_type" file="/var/www/html/tests/Unit/Support/SchemaDocumenterTest.php" line="372" class="Tests\Unit\Support\SchemaDocumenterTest" classname="Tests.Unit.Support.SchemaDocumenterTest" assertions="1" time="0.000135"/>
        <testcase name="it_generates_example_with_const_value" file="/var/www/html/tests/Unit/Support/SchemaDocumenterTest.php" line="380" class="Tests\Unit\Support\SchemaDocumenterTest" classname="Tests.Unit.Support.SchemaDocumenterTest" assertions="1" time="0.000128"/>
        <testcase name="it_generates_example_with_default_value" file="/var/www/html/tests/Unit/Support/SchemaDocumenterTest.php" line="393" class="Tests\Unit\Support\SchemaDocumenterTest" classname="Tests.Unit.Support.SchemaDocumenterTest" assertions="1" time="0.000134"/>
        <testcase name="it_generates_example_with_enum_value" file="/var/www/html/tests/Unit/Support/SchemaDocumenterTest.php" line="406" class="Tests\Unit\Support\SchemaDocumenterTest" classname="Tests.Unit.Support.SchemaDocumenterTest" assertions="1" time="0.000143"/>
        <testcase name="it_generates_example_for_string_with_format" file="/var/www/html/tests/Unit/Support/SchemaDocumenterTest.php" line="419" class="Tests\Unit\Support\SchemaDocumenterTest" classname="Tests.Unit.Support.SchemaDocumenterTest" assertions="4" time="0.000187"/>
        <testcase name="it_generates_example_for_array" file="/var/www/html/tests/Unit/Support/SchemaDocumenterTest.php" line="438" class="Tests\Unit\Support\SchemaDocumenterTest" classname="Tests.Unit.Support.SchemaDocumenterTest" assertions="1" time="0.000143"/>
        <testcase name="it_generates_example_for_object" file="/var/www/html/tests/Unit/Support/SchemaDocumenterTest.php" line="453" class="Tests\Unit\Support\SchemaDocumenterTest" classname="Tests.Unit.Support.SchemaDocumenterTest" assertions="3" time="0.000172"/>
        <testcase name="it_generates_empty_example_for_null_result" file="/var/www/html/tests/Unit/Support/SchemaDocumenterTest.php" line="475" class="Tests\Unit\Support\SchemaDocumenterTest" classname="Tests.Unit.Support.SchemaDocumenterTest" assertions="1" time="0.000137"/>
        <testcase name="it_returns_empty_string_for_no_example" file="/var/www/html/tests/Unit/Support/SchemaDocumenterTest.php" line="487" class="Tests\Unit\Support\SchemaDocumenterTest" classname="Tests.Unit.Support.SchemaDocumenterTest" assertions="1" time="0.000135"/>
        <testcase name="it_extracts_input_schema_from_metadata" file="/var/www/html/tests/Unit/Support/SchemaDocumenterTest.php" line="499" class="Tests\Unit\Support\SchemaDocumenterTest" classname="Tests.Unit.Support.SchemaDocumenterTest" assertions="1" time="0.000205"/>
        <testcase name="it_returns_null_for_missing_input_schema" file="/var/www/html/tests/Unit/Support/SchemaDocumenterTest.php" line="515" class="Tests\Unit\Support\SchemaDocumenterTest" classname="Tests.Unit.Support.SchemaDocumenterTest" assertions="1" time="0.000222"/>
        <testcase name="it_documents_tool_schema" file="/var/www/html/tests/Unit/Support/SchemaDocumenterTest.php" line="525" class="Tests\Unit\Support\SchemaDocumenterTest" classname="Tests.Unit.Support.SchemaDocumenterTest" assertions="4" time="0.000194"/>
        <testcase name="it_documents_tool_schema_with_no_schema" file="/var/www/html/tests/Unit/Support/SchemaDocumenterTest.php" line="545" class="Tests\Unit\Support\SchemaDocumenterTest" classname="Tests.Unit.Support.SchemaDocumenterTest" assertions="1" time="0.000138"/>
        <testcase name="it_documents_resource_schema" file="/var/www/html/tests/Unit/Support/SchemaDocumenterTest.php" line="555" class="Tests\Unit\Support\SchemaDocumenterTest" classname="Tests.Unit.Support.SchemaDocumenterTest" assertions="4" time="0.000201"/>
        <testcase name="it_documents_resource_schema_with_no_schema" file="/var/www/html/tests/Unit/Support/SchemaDocumenterTest.php" line="575" class="Tests\Unit\Support\SchemaDocumenterTest" classname="Tests.Unit.Support.SchemaDocumenterTest" assertions="1" time="0.000129"/>
        <testcase name="it_documents_prompt_schema" file="/var/www/html/tests/Unit/Support/SchemaDocumenterTest.php" line="585" class="Tests\Unit\Support\SchemaDocumenterTest" classname="Tests.Unit.Support.SchemaDocumenterTest" assertions="4" time="0.000188"/>
        <testcase name="it_documents_prompt_schema_with_no_schema" file="/var/www/html/tests/Unit/Support/SchemaDocumenterTest.php" line="605" class="Tests\Unit\Support\SchemaDocumenterTest" classname="Tests.Unit.Support.SchemaDocumenterTest" assertions="1" time="0.000126"/>
        <testcase name="it_handles_empty_schema" file="/var/www/html/tests/Unit/Support/SchemaDocumenterTest.php" line="641" class="Tests\Unit\Support\SchemaDocumenterTest" classname="Tests.Unit.Support.SchemaDocumenterTest" assertions="1" time="0.000143"/>
        <testcase name="it_handles_invalid_schema_gracefully" file="/var/www/html/tests/Unit/Support/SchemaDocumenterTest.php" line="649" class="Tests\Unit\Support\SchemaDocumenterTest" classname="Tests.Unit.Support.SchemaDocumenterTest" assertions="2" time="0.000732"/>
        <testcase name="it_gets_and_sets_options" file="/var/www/html/tests/Unit/Support/SchemaDocumenterTest.php" line="664" class="Tests\Unit\Support\SchemaDocumenterTest" classname="Tests.Unit.Support.SchemaDocumenterTest" assertions="5" time="0.000319"/>
        <testcase name="it_gets_and_sets_templates" file="/var/www/html/tests/Unit/Support/SchemaDocumenterTest.php" line="680" class="Tests\Unit\Support\SchemaDocumenterTest" classname="Tests.Unit.Support.SchemaDocumenterTest" assertions="5" time="0.000203"/>
        <testcase name="it_disables_validation_rules_when_option_is_false" file="/var/www/html/tests/Unit/Support/SchemaDocumenterTest.php" line="696" class="Tests\Unit\Support\SchemaDocumenterTest" classname="Tests.Unit.Support.SchemaDocumenterTest" assertions="2" time="0.000171"/>
        <testcase name="it_disables_nested_schemas_when_option_is_false" file="/var/www/html/tests/Unit/Support/SchemaDocumenterTest.php" line="713" class="Tests\Unit\Support\SchemaDocumenterTest" classname="Tests.Unit.Support.SchemaDocumenterTest" assertions="2" time="0.000146"/>
        <testcase name="it_generates_markdown_formatted_output" file="/var/www/html/tests/Unit/Support/SchemaDocumenterTest.php" line="733" class="Tests\Unit\Support\SchemaDocumenterTest" classname="Tests.Unit.Support.SchemaDocumenterTest" assertions="6" time="0.000182"/>
        <testcase name="it_respects_depth_limiting_for_nested_schemas" file="/var/www/html/tests/Unit/Support/SchemaDocumenterTest.php" line="615" class="Tests\Unit\Support\SchemaDocumenterTest" classname="Tests.Unit.Support.SchemaDocumenterTest" assertions="2" time="0.000180"/>
      </testsuite>
    </testsuite>
  </testsuite>
</testsuites>
