<?xml version="1.0" encoding="UTF-8"?>
<testsuites>
  <testsuite name="/home/jeremyfall/Internal/JTD-Packages/laravel-mcp.git/main/phpunit.xml" tests="1431" assertions="4230" errors="0" failures="0" skipped="2" time="21.619048">
    <testsuite name="Laravel MCP Test Suite" tests="719" assertions="2142" errors="0" failures="0" skipped="1" time="11.560696">
      <testsuite name="JTD\LaravelMCP\Tests\Feature\McpServerIntegrationTest" file="/home/jeremyfall/Internal/JTD-Packages/laravel-mcp.git/main/tests/Feature/McpServerIntegrationTest.php" tests="17" assertions="87" errors="0" failures="0" skipped="1" time="1.300333">
        <testcase name="test_can_resolve_server_from_container" file="/home/jeremyfall/Internal/JTD-Packages/laravel-mcp.git/main/tests/Feature/McpServerIntegrationTest.php" line="14" class="JTD\LaravelMCP\Tests\Feature\McpServerIntegrationTest" classname="JTD.LaravelMCP.Tests.Feature.McpServerIntegrationTest" assertions="1" time="0.102036"/>
        <testcase name="test_can_resolve_capability_manager_from_container" file="/home/jeremyfall/Internal/JTD-Packages/laravel-mcp.git/main/tests/Feature/McpServerIntegrationTest.php" line="28" class="JTD\LaravelMCP\Tests\Feature\McpServerIntegrationTest" classname="JTD.LaravelMCP.Tests.Feature.McpServerIntegrationTest" assertions="1" time="0.005568"/>
        <testcase name="test_server_initialization_flow" file="/home/jeremyfall/Internal/JTD-Packages/laravel-mcp.git/main/tests/Feature/McpServerIntegrationTest.php" line="35" class="JTD\LaravelMCP\Tests\Feature\McpServerIntegrationTest" classname="JTD.LaravelMCP.Tests.Feature.McpServerIntegrationTest" assertions="8" time="0.011153"/>
        <testcase name="test_server_metrics_tracking" file="/home/jeremyfall/Internal/JTD-Packages/laravel-mcp.git/main/tests/Feature/McpServerIntegrationTest.php" line="227" class="JTD\LaravelMCP\Tests\Feature\McpServerIntegrationTest" classname="JTD.LaravelMCP.Tests.Feature.McpServerIntegrationTest" assertions="8" time="0.004952"/>
        <testcase name="test_server_graceful_shutdown" file="/home/jeremyfall/Internal/JTD-Packages/laravel-mcp.git/main/tests/Feature/McpServerIntegrationTest.php" line="272" class="JTD\LaravelMCP\Tests\Feature\McpServerIntegrationTest" classname="JTD.LaravelMCP.Tests.Feature.McpServerIntegrationTest" assertions="2" time="0.005828"/>
        <testcase name="test_server_transport_integration" file="/home/jeremyfall/Internal/JTD-Packages/laravel-mcp.git/main/tests/Feature/McpServerIntegrationTest.php" line="311" class="JTD\LaravelMCP\Tests\Feature\McpServerIntegrationTest" classname="JTD.LaravelMCP.Tests.Feature.McpServerIntegrationTest" assertions="4" time="0.005513"/>
        <testcase name="test_server_component_integration" file="/home/jeremyfall/Internal/JTD-Packages/laravel-mcp.git/main/tests/Feature/McpServerIntegrationTest.php" line="324" class="JTD\LaravelMCP\Tests\Feature\McpServerIntegrationTest" classname="JTD.LaravelMCP.Tests.Feature.McpServerIntegrationTest" assertions="5" time="0.005245"/>
        <testcase name="test_server_protocol_version" file="/home/jeremyfall/Internal/JTD-Packages/laravel-mcp.git/main/tests/Feature/McpServerIntegrationTest.php" line="372" class="JTD\LaravelMCP\Tests\Feature\McpServerIntegrationTest" classname="JTD.LaravelMCP.Tests.Feature.McpServerIntegrationTest" assertions="1" time="0.004776"/>
        <testcase name="test_server_status_and_health" file="/home/jeremyfall/Internal/JTD-Packages/laravel-mcp.git/main/tests/Feature/McpServerIntegrationTest.php" line="97" class="JTD\LaravelMCP\Tests\Feature\McpServerIntegrationTest" classname="JTD.LaravelMCP.Tests.Feature.McpServerIntegrationTest" assertions="15" time="0.006854"/>
        <testcase name="test_server_diagnostics" file="/home/jeremyfall/Internal/JTD-Packages/laravel-mcp.git/main/tests/Feature/McpServerIntegrationTest.php" line="338" class="JTD\LaravelMCP\Tests\Feature\McpServerIntegrationTest" classname="JTD.LaravelMCP.Tests.Feature.McpServerIntegrationTest" assertions="10" time="0.006814"/>
        <testcase name="test_server_uptime_tracking" file="/home/jeremyfall/Internal/JTD-Packages/laravel-mcp.git/main/tests/Feature/McpServerIntegrationTest.php" line="359" class="JTD\LaravelMCP\Tests\Feature\McpServerIntegrationTest" classname="JTD.LaravelMCP.Tests.Feature.McpServerIntegrationTest" assertions="4" time="0.105310"/>
        <testcase name="test_server_lifecycle_management" file="/home/jeremyfall/Internal/JTD-Packages/laravel-mcp.git/main/tests/Feature/McpServerIntegrationTest.php" line="66" class="JTD\LaravelMCP\Tests\Feature\McpServerIntegrationTest" classname="JTD.LaravelMCP.Tests.Feature.McpServerIntegrationTest" assertions="8" time="1.007429"/>
        <testcase name="test_capability_negotiation_integration" file="/home/jeremyfall/Internal/JTD-Packages/laravel-mcp.git/main/tests/Feature/McpServerIntegrationTest.php" line="141" class="JTD\LaravelMCP\Tests\Feature\McpServerIntegrationTest" classname="JTD.LaravelMCP.Tests.Feature.McpServerIntegrationTest" assertions="3" time="0.007830"/>
        <testcase name="test_capability_manager_mcp10_compliance" file="/home/jeremyfall/Internal/JTD-Packages/laravel-mcp.git/main/tests/Feature/McpServerIntegrationTest.php" line="286" class="JTD\LaravelMCP\Tests\Feature\McpServerIntegrationTest" classname="JTD.LaravelMCP.Tests.Feature.McpServerIntegrationTest" assertions="3" time="0.006263">
          <skipped/>
        </testcase>
        <testcase name="test_can_resolve_server_info_from_container" file="/home/jeremyfall/Internal/JTD-Packages/laravel-mcp.git/main/tests/Feature/McpServerIntegrationTest.php" line="21" class="JTD\LaravelMCP\Tests\Feature\McpServerIntegrationTest" classname="JTD.LaravelMCP.Tests.Feature.McpServerIntegrationTest" assertions="1" time="0.004765"/>
        <testcase name="test_server_configuration_integration" file="/home/jeremyfall/Internal/JTD-Packages/laravel-mcp.git/main/tests/Feature/McpServerIntegrationTest.php" line="128" class="JTD\LaravelMCP\Tests\Feature\McpServerIntegrationTest" classname="JTD.LaravelMCP.Tests.Feature.McpServerIntegrationTest" assertions="3" time="0.004575"/>
        <testcase name="test_server_info_detailed_information" file="/home/jeremyfall/Internal/JTD-Packages/laravel-mcp.git/main/tests/Feature/McpServerIntegrationTest.php" line="251" class="JTD\LaravelMCP\Tests\Feature\McpServerIntegrationTest" classname="JTD.LaravelMCP.Tests.Feature.McpServerIntegrationTest" assertions="10" time="0.005421"/>
      </testsuite>
      <testsuite name="JTD\LaravelMCP\Tests\Feature\ServiceProviderIntegrationTest" file="/home/jeremyfall/Internal/JTD-Packages/laravel-mcp.git/main/tests/Feature/ServiceProviderIntegrationTest.php" tests="18" assertions="83" errors="0" failures="0" skipped="0" time="0.103428">
        <testcase name="it_allows_environment_variables_to_override_config" file="/home/jeremyfall/Internal/JTD-Packages/laravel-mcp.git/main/tests/Feature/ServiceProviderIntegrationTest.php" line="143" class="JTD\LaravelMCP\Tests\Feature\ServiceProviderIntegrationTest" classname="JTD.LaravelMCP.Tests.Feature.ServiceProviderIntegrationTest" assertions="2" time="0.004814"/>
        <testcase name="it_registers_service_provider_in_laravel_application" file="/home/jeremyfall/Internal/JTD-Packages/laravel-mcp.git/main/tests/Feature/ServiceProviderIntegrationTest.php" line="48" class="JTD\LaravelMCP\Tests\Feature\ServiceProviderIntegrationTest" classname="JTD.LaravelMCP.Tests.Feature.ServiceProviderIntegrationTest" assertions="2" time="0.004559"/>
        <testcase name="it_resolves_all_services_through_container" file="/home/jeremyfall/Internal/JTD-Packages/laravel-mcp.git/main/tests/Feature/ServiceProviderIntegrationTest.php" line="60" class="JTD\LaravelMCP\Tests\Feature\ServiceProviderIntegrationTest" classname="JTD.LaravelMCP.Tests.Feature.ServiceProviderIntegrationTest" assertions="22" time="0.006089"/>
        <testcase name="it_resolves_interfaces_to_correct_implementations" file="/home/jeremyfall/Internal/JTD-Packages/laravel-mcp.git/main/tests/Feature/ServiceProviderIntegrationTest.php" line="91" class="JTD\LaravelMCP\Tests\Feature\ServiceProviderIntegrationTest" classname="JTD.LaravelMCP.Tests.Feature.ServiceProviderIntegrationTest" assertions="3" time="0.004993"/>
        <testcase name="it_provides_functional_mcp_facade" file="/home/jeremyfall/Internal/JTD-Packages/laravel-mcp.git/main/tests/Feature/ServiceProviderIntegrationTest.php" line="108" class="JTD\LaravelMCP\Tests\Feature\ServiceProviderIntegrationTest" classname="JTD.LaravelMCP.Tests.Feature.ServiceProviderIntegrationTest" assertions="2" time="0.004629"/>
        <testcase name="it_configures_transport_manager_based_on_config" file="/home/jeremyfall/Internal/JTD-Packages/laravel-mcp.git/main/tests/Feature/ServiceProviderIntegrationTest.php" line="302" class="JTD\LaravelMCP\Tests\Feature\ServiceProviderIntegrationTest" classname="JTD.LaravelMCP.Tests.Feature.ServiceProviderIntegrationTest" assertions="2" time="0.004431"/>
        <testcase name="it_resolves_services_using_app_helper" file="/home/jeremyfall/Internal/JTD-Packages/laravel-mcp.git/main/tests/Feature/ServiceProviderIntegrationTest.php" line="340" class="JTD\LaravelMCP\Tests\Feature\ServiceProviderIntegrationTest" classname="JTD.LaravelMCP.Tests.Feature.ServiceProviderIntegrationTest" assertions="3" time="0.004885"/>
        <testcase name="it_supports_dependency_injection_resolution" file="/home/jeremyfall/Internal/JTD-Packages/laravel-mcp.git/main/tests/Feature/ServiceProviderIntegrationTest.php" line="357" class="JTD\LaravelMCP\Tests\Feature\ServiceProviderIntegrationTest" classname="JTD.LaravelMCP.Tests.Feature.ServiceProviderIntegrationTest" assertions="2" time="0.004599"/>
        <testcase name="it_integrates_services_correctly" file="/home/jeremyfall/Internal/JTD-Packages/laravel-mcp.git/main/tests/Feature/ServiceProviderIntegrationTest.php" line="170" class="JTD\LaravelMCP\Tests\Feature\ServiceProviderIntegrationTest" classname="JTD.LaravelMCP.Tests.Feature.ServiceProviderIntegrationTest" assertions="3" time="0.005526"/>
        <testcase name="it_configures_publishable_assets" file="/home/jeremyfall/Internal/JTD-Packages/laravel-mcp.git/main/tests/Feature/ServiceProviderIntegrationTest.php" line="233" class="JTD\LaravelMCP\Tests\Feature\ServiceProviderIntegrationTest" classname="JTD.LaravelMCP.Tests.Feature.ServiceProviderIntegrationTest" assertions="3" time="0.005647"/>
        <testcase name="it_loads_routes_when_route_file_exists" file="/home/jeremyfall/Internal/JTD-Packages/laravel-mcp.git/main/tests/Feature/ServiceProviderIntegrationTest.php" line="259" class="JTD\LaravelMCP\Tests\Feature\ServiceProviderIntegrationTest" classname="JTD.LaravelMCP.Tests.Feature.ServiceProviderIntegrationTest" assertions="1" time="0.006632"/>
        <testcase name="it_handles_missing_optional_dependencies_gracefully" file="/home/jeremyfall/Internal/JTD-Packages/laravel-mcp.git/main/tests/Feature/ServiceProviderIntegrationTest.php" line="319" class="JTD\LaravelMCP\Tests\Feature\ServiceProviderIntegrationTest" classname="JTD.LaravelMCP.Tests.Feature.ServiceProviderIntegrationTest" assertions="1" time="0.005074"/>
        <testcase name="it_handles_multiple_provider_instances_safely" file="/home/jeremyfall/Internal/JTD-Packages/laravel-mcp.git/main/tests/Feature/ServiceProviderIntegrationTest.php" line="419" class="JTD\LaravelMCP\Tests\Feature\ServiceProviderIntegrationTest" classname="JTD.LaravelMCP.Tests.Feature.ServiceProviderIntegrationTest" assertions="3" time="0.005228"/>
        <testcase name="it_recovers_from_invalid_configuration" file="/home/jeremyfall/Internal/JTD-Packages/laravel-mcp.git/main/tests/Feature/ServiceProviderIntegrationTest.php" line="449" class="JTD\LaravelMCP\Tests\Feature\ServiceProviderIntegrationTest" classname="JTD.LaravelMCP.Tests.Feature.ServiceProviderIntegrationTest" assertions="2" time="0.005615"/>
        <testcase name="it_respects_disabled_state_configuration" file="/home/jeremyfall/Internal/JTD-Packages/laravel-mcp.git/main/tests/Feature/ServiceProviderIntegrationTest.php" line="470" class="JTD\LaravelMCP\Tests\Feature\ServiceProviderIntegrationTest" classname="JTD.LaravelMCP.Tests.Feature.ServiceProviderIntegrationTest" assertions="3" time="0.007726"/>
        <testcase name="it_loads_and_merges_configuration" file="/home/jeremyfall/Internal/JTD-Packages/laravel-mcp.git/main/tests/Feature/ServiceProviderIntegrationTest.php" line="122" class="JTD\LaravelMCP\Tests\Feature\ServiceProviderIntegrationTest" classname="JTD.LaravelMCP.Tests.Feature.ServiceProviderIntegrationTest" assertions="8" time="0.005334"/>
        <testcase name="it_discovers_components_when_enabled" file="/home/jeremyfall/Internal/JTD-Packages/laravel-mcp.git/main/tests/Feature/ServiceProviderIntegrationTest.php" line="198" class="JTD\LaravelMCP\Tests\Feature\ServiceProviderIntegrationTest" classname="JTD.LaravelMCP.Tests.Feature.ServiceProviderIntegrationTest" assertions="3" time="0.007040"/>
        <testcase name="it_completes_full_service_provider_lifecycle" file="/home/jeremyfall/Internal/JTD-Packages/laravel-mcp.git/main/tests/Feature/ServiceProviderIntegrationTest.php" line="377" class="JTD\LaravelMCP\Tests\Feature\ServiceProviderIntegrationTest" classname="JTD.LaravelMCP.Tests.Feature.ServiceProviderIntegrationTest" assertions="18" time="0.010604"/>
      </testsuite>
      <testsuite name="JTD\LaravelMCP\Tests\Unit\Commands\MakePromptCommandTest" file="/home/jeremyfall/Internal/JTD-Packages/laravel-mcp.git/main/tests/Unit/Commands/MakePromptCommandTest.php" tests="19" assertions="50" errors="0" failures="0" skipped="0" time="0.142595">
        <testcase name="it_resolves_template_paths_correctly" file="/home/jeremyfall/Internal/JTD-Packages/laravel-mcp.git/main/tests/Unit/Commands/MakePromptCommandTest.php" line="229" class="JTD\LaravelMCP\Tests\Unit\Commands\MakePromptCommandTest" classname="JTD.LaravelMCP.Tests.Unit.Commands.MakePromptCommandTest" assertions="2" time="0.007214"/>
        <testcase name="it_validates_variable_definitions" file="/home/jeremyfall/Internal/JTD-Packages/laravel-mcp.git/main/tests/Unit/Commands/MakePromptCommandTest.php" line="174" class="JTD\LaravelMCP\Tests\Unit\Commands\MakePromptCommandTest" classname="JTD.LaravelMCP.Tests.Unit.Commands.MakePromptCommandTest" assertions="4" time="0.016811"/>
        <testcase name="it_handles_filesystem_errors_gracefully" file="/home/jeremyfall/Internal/JTD-Packages/laravel-mcp.git/main/tests/Unit/Commands/MakePromptCommandTest.php" line="338" class="JTD\LaravelMCP\Tests\Unit\Commands\MakePromptCommandTest" classname="JTD.LaravelMCP.Tests.Unit.Commands.MakePromptCommandTest" assertions="2" time="0.009681"/>
        <testcase name="it_creates_prompt_with_template_integration" file="/home/jeremyfall/Internal/JTD-Packages/laravel-mcp.git/main/tests/Unit/Commands/MakePromptCommandTest.php" line="133" class="JTD\LaravelMCP\Tests\Unit\Commands\MakePromptCommandTest" classname="JTD.LaravelMCP.Tests.Unit.Commands.MakePromptCommandTest" assertions="3" time="0.014276"/>
        <testcase name="it_validates_variables_json" file="/home/jeremyfall/Internal/JTD-Packages/laravel-mcp.git/main/tests/Unit/Commands/MakePromptCommandTest.php" line="151" class="JTD\LaravelMCP\Tests\Unit\Commands\MakePromptCommandTest" classname="JTD.LaravelMCP.Tests.Unit.Commands.MakePromptCommandTest" assertions="3" time="0.007507"/>
        <testcase name="it_creates_prompt_file_successfully" file="/home/jeremyfall/Internal/JTD-Packages/laravel-mcp.git/main/tests/Unit/Commands/MakePromptCommandTest.php" line="115" class="JTD\LaravelMCP\Tests\Unit\Commands\MakePromptCommandTest" classname="JTD.LaravelMCP.Tests.Unit.Commands.MakePromptCommandTest" assertions="6" time="0.006519"/>
        <testcase name="it_handles_nonexistent_template_gracefully" file="/home/jeremyfall/Internal/JTD-Packages/laravel-mcp.git/main/tests/Unit/Commands/MakePromptCommandTest.php" line="213" class="JTD\LaravelMCP\Tests\Unit\Commands\MakePromptCommandTest" classname="JTD.LaravelMCP.Tests.Unit.Commands.MakePromptCommandTest" assertions="2" time="0.006561"/>
        <testcase name="it_handles_nested_namespaces" file="/home/jeremyfall/Internal/JTD-Packages/laravel-mcp.git/main/tests/Unit/Commands/MakePromptCommandTest.php" line="248" class="JTD\LaravelMCP\Tests\Unit\Commands\MakePromptCommandTest" classname="JTD.LaravelMCP.Tests.Unit.Commands.MakePromptCommandTest" assertions="5" time="0.006446"/>
        <testcase name="it_handles_force_option_to_overwrite_existing_files" file="/home/jeremyfall/Internal/JTD-Packages/laravel-mcp.git/main/tests/Unit/Commands/MakePromptCommandTest.php" line="265" class="JTD\LaravelMCP\Tests\Unit\Commands\MakePromptCommandTest" classname="JTD.LaravelMCP.Tests.Unit.Commands.MakePromptCommandTest" assertions="2" time="0.010975"/>
        <testcase name="it_generates_description_with_template_context" file="/home/jeremyfall/Internal/JTD-Packages/laravel-mcp.git/main/tests/Unit/Commands/MakePromptCommandTest.php" line="301" class="JTD\LaravelMCP\Tests\Unit\Commands\MakePromptCommandTest" classname="JTD.LaravelMCP.Tests.Unit.Commands.MakePromptCommandTest" assertions="2" time="0.006655"/>
        <testcase name="it_handles_empty_options_gracefully" file="/home/jeremyfall/Internal/JTD-Packages/laravel-mcp.git/main/tests/Unit/Commands/MakePromptCommandTest.php" line="319" class="JTD\LaravelMCP\Tests\Unit\Commands\MakePromptCommandTest" classname="JTD.LaravelMCP.Tests.Unit.Commands.MakePromptCommandTest" assertions="2" time="0.006447"/>
        <testcase name="it_displays_success_message_with_details" file="/home/jeremyfall/Internal/JTD-Packages/laravel-mcp.git/main/tests/Unit/Commands/MakePromptCommandTest.php" line="280" class="JTD\LaravelMCP\Tests\Unit\Commands\MakePromptCommandTest" classname="JTD.LaravelMCP.Tests.Unit.Commands.MakePromptCommandTest" assertions="7" time="0.006519"/>
        <testcase name="it_extends_generator_command" file="/home/jeremyfall/Internal/JTD-Packages/laravel-mcp.git/main/tests/Unit/Commands/MakePromptCommandTest.php" line="61" class="JTD\LaravelMCP\Tests\Unit\Commands\MakePromptCommandTest" classname="JTD.LaravelMCP.Tests.Unit.Commands.MakePromptCommandTest" assertions="1" time="0.004976"/>
        <testcase name="it_returns_correct_stub_path" file="/home/jeremyfall/Internal/JTD-Packages/laravel-mcp.git/main/tests/Unit/Commands/MakePromptCommandTest.php" line="79" class="JTD\LaravelMCP\Tests\Unit\Commands\MakePromptCommandTest" classname="JTD.LaravelMCP.Tests.Unit.Commands.MakePromptCommandTest" assertions="1" time="0.004897"/>
        <testcase name="it_returns_correct_default_namespace" file="/home/jeremyfall/Internal/JTD-Packages/laravel-mcp.git/main/tests/Unit/Commands/MakePromptCommandTest.php" line="91" class="JTD\LaravelMCP\Tests\Unit\Commands\MakePromptCommandTest" classname="JTD.LaravelMCP.Tests.Unit.Commands.MakePromptCommandTest" assertions="1" time="0.004963"/>
        <testcase name="it_generates_correct_prompt_name_from_class" file="/home/jeremyfall/Internal/JTD-Packages/laravel-mcp.git/main/tests/Unit/Commands/MakePromptCommandTest.php" line="103" class="JTD\LaravelMCP\Tests\Unit\Commands\MakePromptCommandTest" classname="JTD.LaravelMCP.Tests.Unit.Commands.MakePromptCommandTest" assertions="3" time="0.005154"/>
        <testcase name="it_has_correct_signature" file="/home/jeremyfall/Internal/JTD-Packages/laravel-mcp.git/main/tests/Unit/Commands/MakePromptCommandTest.php" line="67" class="JTD\LaravelMCP\Tests\Unit\Commands\MakePromptCommandTest" classname="JTD.LaravelMCP.Tests.Unit.Commands.MakePromptCommandTest" assertions="1" time="0.005531"/>
        <testcase name="it_has_correct_description" file="/home/jeremyfall/Internal/JTD-Packages/laravel-mcp.git/main/tests/Unit/Commands/MakePromptCommandTest.php" line="73" class="JTD\LaravelMCP\Tests\Unit\Commands\MakePromptCommandTest" classname="JTD.LaravelMCP.Tests.Unit.Commands.MakePromptCommandTest" assertions="1" time="0.005666"/>
        <testcase name="it_validates_invalid_class_names" file="/home/jeremyfall/Internal/JTD-Packages/laravel-mcp.git/main/tests/Unit/Commands/MakePromptCommandTest.php" line="201" class="JTD\LaravelMCP\Tests\Unit\Commands\MakePromptCommandTest" classname="JTD.LaravelMCP.Tests.Unit.Commands.MakePromptCommandTest" assertions="2" time="0.005798"/>
      </testsuite>
      <testsuite name="JTD\LaravelMCP\Tests\Unit\Protocol\MessageProcessorTest" file="/home/jeremyfall/Internal/JTD-Packages/laravel-mcp.git/main/tests/Unit/Protocol/MessageProcessorTest.php" tests="20" assertions="38" errors="0" failures="0" skipped="0" time="0.109574">
        <testcase name="constructor_initializes_handlers_and_capabilities" file="/home/jeremyfall/Internal/JTD-Packages/laravel-mcp.git/main/tests/Unit/Protocol/MessageProcessorTest.php" line="85" class="JTD\LaravelMCP\Tests\Unit\Protocol\MessageProcessorTest" classname="JTD.LaravelMCP.Tests.Unit.Protocol.MessageProcessorTest" assertions="4" time="0.013383"/>
        <testcase name="get_supported_message_types_returns_expected_methods" file="/home/jeremyfall/Internal/JTD-Packages/laravel-mcp.git/main/tests/Unit/Protocol/MessageProcessorTest.php" line="95" class="JTD\LaravelMCP\Tests\Unit\Protocol\MessageProcessorTest" classname="JTD.LaravelMCP.Tests.Unit.Protocol.MessageProcessorTest" assertions="1" time="0.005054"/>
        <testcase name="can_handle_returns_true_for_valid_json_rpc_messages" file="/home/jeremyfall/Internal/JTD-Packages/laravel-mcp.git/main/tests/Unit/Protocol/MessageProcessorTest.php" line="114" class="JTD\LaravelMCP\Tests\Unit\Protocol\MessageProcessorTest" classname="JTD.LaravelMCP.Tests.Unit.Protocol.MessageProcessorTest" assertions="1" time="0.004535"/>
        <testcase name="can_handle_returns_false_for_invalid_messages" file="/home/jeremyfall/Internal/JTD-Packages/laravel-mcp.git/main/tests/Unit/Protocol/MessageProcessorTest.php" line="128" class="JTD\LaravelMCP\Tests\Unit\Protocol\MessageProcessorTest" classname="JTD.LaravelMCP.Tests.Unit.Protocol.MessageProcessorTest" assertions="1" time="0.004598"/>
        <testcase name="handle_processes_valid_requests" file="/home/jeremyfall/Internal/JTD-Packages/laravel-mcp.git/main/tests/Unit/Protocol/MessageProcessorTest.php" line="165" class="JTD\LaravelMCP\Tests\Unit\Protocol\MessageProcessorTest" classname="JTD.LaravelMCP.Tests.Unit.Protocol.MessageProcessorTest" assertions="1" time="0.004553"/>
        <testcase name="handle_processes_notifications_without_response" file="/home/jeremyfall/Internal/JTD-Packages/laravel-mcp.git/main/tests/Unit/Protocol/MessageProcessorTest.php" line="194" class="JTD\LaravelMCP\Tests\Unit\Protocol\MessageProcessorTest" classname="JTD.LaravelMCP.Tests.Unit.Protocol.MessageProcessorTest" assertions="1" time="0.004896"/>
        <testcase name="handle_processes_responses_without_response" file="/home/jeremyfall/Internal/JTD-Packages/laravel-mcp.git/main/tests/Unit/Protocol/MessageProcessorTest.php" line="227" class="JTD\LaravelMCP\Tests\Unit\Protocol\MessageProcessorTest" classname="JTD.LaravelMCP.Tests.Unit.Protocol.MessageProcessorTest" assertions="1" time="0.004636"/>
        <testcase name="handle_returns_error_for_unrecognized_message_types" file="/home/jeremyfall/Internal/JTD-Packages/laravel-mcp.git/main/tests/Unit/Protocol/MessageProcessorTest.php" line="266" class="JTD\LaravelMCP\Tests\Unit\Protocol\MessageProcessorTest" classname="JTD.LaravelMCP.Tests.Unit.Protocol.MessageProcessorTest" assertions="2" time="0.004752"/>
        <testcase name="on_connect_logs_transport_connection" file="/home/jeremyfall/Internal/JTD-Packages/laravel-mcp.git/main/tests/Unit/Protocol/MessageProcessorTest.php" line="351" class="JTD\LaravelMCP\Tests\Unit\Protocol\MessageProcessorTest" classname="JTD.LaravelMCP.Tests.Unit.Protocol.MessageProcessorTest" assertions="0" time="0.004850"/>
        <testcase name="set_server_info_updates_server_information" file="/home/jeremyfall/Internal/JTD-Packages/laravel-mcp.git/main/tests/Unit/Protocol/MessageProcessorTest.php" line="381" class="JTD\LaravelMCP\Tests\Unit\Protocol\MessageProcessorTest" classname="JTD.LaravelMCP.Tests.Unit.Protocol.MessageProcessorTest" assertions="3" time="0.004694"/>
        <testcase name="get_server_info_returns_current_information" file="/home/jeremyfall/Internal/JTD-Packages/laravel-mcp.git/main/tests/Unit/Protocol/MessageProcessorTest.php" line="394" class="JTD\LaravelMCP\Tests\Unit\Protocol\MessageProcessorTest" classname="JTD.LaravelMCP.Tests.Unit.Protocol.MessageProcessorTest" assertions="4" time="0.005302"/>
        <testcase name="prompts_list_handler_integration_works" file="/home/jeremyfall/Internal/JTD-Packages/laravel-mcp.git/main/tests/Unit/Protocol/MessageProcessorTest.php" line="487" class="JTD\LaravelMCP\Tests\Unit\Protocol\MessageProcessorTest" classname="JTD.LaravelMCP.Tests.Unit.Protocol.MessageProcessorTest" assertions="2" time="0.005338"/>
        <testcase name="handle_returns_error_for_invalid_json_rpc_messages" file="/home/jeremyfall/Internal/JTD-Packages/laravel-mcp.git/main/tests/Unit/Protocol/MessageProcessorTest.php" line="142" class="JTD\LaravelMCP\Tests\Unit\Protocol\MessageProcessorTest" classname="JTD.LaravelMCP.Tests.Unit.Protocol.MessageProcessorTest" assertions="2" time="0.005271"/>
        <testcase name="handle_catches_and_handles_exceptions" file="/home/jeremyfall/Internal/JTD-Packages/laravel-mcp.git/main/tests/Unit/Protocol/MessageProcessorTest.php" line="307" class="JTD\LaravelMCP\Tests\Unit\Protocol\MessageProcessorTest" classname="JTD.LaravelMCP.Tests.Unit.Protocol.MessageProcessorTest" assertions="2" time="0.005130"/>
        <testcase name="handle_error_logs_transport_errors" file="/home/jeremyfall/Internal/JTD-Packages/laravel-mcp.git/main/tests/Unit/Protocol/MessageProcessorTest.php" line="336" class="JTD\LaravelMCP\Tests\Unit\Protocol\MessageProcessorTest" classname="JTD.LaravelMCP.Tests.Unit.Protocol.MessageProcessorTest" assertions="0" time="0.005192"/>
        <testcase name="initialization_workflow_works_correctly" file="/home/jeremyfall/Internal/JTD-Packages/laravel-mcp.git/main/tests/Unit/Protocol/MessageProcessorTest.php" line="405" class="JTD\LaravelMCP\Tests\Unit\Protocol\MessageProcessorTest" classname="JTD.LaravelMCP.Tests.Unit.Protocol.MessageProcessorTest" assertions="2" time="0.005311"/>
        <testcase name="tools_list_handler_integration_works" file="/home/jeremyfall/Internal/JTD-Packages/laravel-mcp.git/main/tests/Unit/Protocol/MessageProcessorTest.php" line="446" class="JTD\LaravelMCP\Tests\Unit\Protocol\MessageProcessorTest" classname="JTD.LaravelMCP.Tests.Unit.Protocol.MessageProcessorTest" assertions="2" time="0.005075"/>
        <testcase name="resources_list_handler_integration_works" file="/home/jeremyfall/Internal/JTD-Packages/laravel-mcp.git/main/tests/Unit/Protocol/MessageProcessorTest.php" line="467" class="JTD\LaravelMCP\Tests\Unit\Protocol\MessageProcessorTest" classname="JTD.LaravelMCP.Tests.Unit.Protocol.MessageProcessorTest" assertions="2" time="0.005099"/>
        <testcase name="handler_methods_check_initialization_status" file="/home/jeremyfall/Internal/JTD-Packages/laravel-mcp.git/main/tests/Unit/Protocol/MessageProcessorTest.php" line="507" class="JTD\LaravelMCP\Tests\Unit\Protocol\MessageProcessorTest" classname="JTD.LaravelMCP.Tests.Unit.Protocol.MessageProcessorTest" assertions="3" time="0.006511"/>
        <testcase name="on_disconnect_resets_initialization_state" file="/home/jeremyfall/Internal/JTD-Packages/laravel-mcp.git/main/tests/Unit/Protocol/MessageProcessorTest.php" line="365" class="JTD\LaravelMCP\Tests\Unit\Protocol\MessageProcessorTest" classname="JTD.LaravelMCP.Tests.Unit.Protocol.MessageProcessorTest" assertions="4" time="0.005395"/>
      </testsuite>
      <testsuite name="JTD\LaravelMCP\Tests\Unit\Server\CapabilityManagerTest" file="/home/jeremyfall/Internal/JTD-Packages/laravel-mcp.git/main/tests/Unit/Server/CapabilityManagerTest.php" tests="20" assertions="62" errors="0" failures="0" skipped="0" time="0.100566">
        <testcase name="test_can_create_capability_manager_instance" file="/home/jeremyfall/Internal/JTD-Packages/laravel-mcp.git/main/tests/Unit/Server/CapabilityManagerTest.php" line="31" class="JTD\LaravelMCP\Tests\Unit\Server\CapabilityManagerTest" classname="JTD.LaravelMCP.Tests.Unit.Server.CapabilityManagerTest" assertions="1" time="0.004304"/>
        <testcase name="test_initializes_server_capabilities_from_config" file="/home/jeremyfall/Internal/JTD-Packages/laravel-mcp.git/main/tests/Unit/Server/CapabilityManagerTest.php" line="36" class="JTD\LaravelMCP\Tests\Unit\Server\CapabilityManagerTest" classname="JTD.LaravelMCP.Tests.Unit.Server.CapabilityManagerTest" assertions="2" time="0.004476"/>
        <testcase name="test_can_update_server_capabilities_before_negotiation" file="/home/jeremyfall/Internal/JTD-Packages/laravel-mcp.git/main/tests/Unit/Server/CapabilityManagerTest.php" line="135" class="JTD\LaravelMCP\Tests\Unit\Server\CapabilityManagerTest" classname="JTD.LaravelMCP.Tests.Unit.Server.CapabilityManagerTest" assertions="2" time="0.004765"/>
        <testcase name="test_can_lock_capabilities" file="/home/jeremyfall/Internal/JTD-Packages/laravel-mcp.git/main/tests/Unit/Server/CapabilityManagerTest.php" line="180" class="JTD\LaravelMCP\Tests\Unit\Server\CapabilityManagerTest" classname="JTD.LaravelMCP.Tests.Unit.Server.CapabilityManagerTest" assertions="2" time="0.004350"/>
        <testcase name="test_creates_dynamic_capabilities" file="/home/jeremyfall/Internal/JTD-Packages/laravel-mcp.git/main/tests/Unit/Server/CapabilityManagerTest.php" line="306" class="JTD\LaravelMCP\Tests\Unit\Server\CapabilityManagerTest" classname="JTD.LaravelMCP.Tests.Unit.Server.CapabilityManagerTest" assertions="4" time="0.004598"/>
        <testcase name="test_can_negotiate_capabilities_with_client" file="/home/jeremyfall/Internal/JTD-Packages/laravel-mcp.git/main/tests/Unit/Server/CapabilityManagerTest.php" line="48" class="JTD\LaravelMCP\Tests\Unit\Server\CapabilityManagerTest" classname="JTD.LaravelMCP.Tests.Unit.Server.CapabilityManagerTest" assertions="4" time="0.004861"/>
        <testcase name="test_can_check_if_capability_is_enabled" file="/home/jeremyfall/Internal/JTD-Packages/laravel-mcp.git/main/tests/Unit/Server/CapabilityManagerTest.php" line="87" class="JTD\LaravelMCP\Tests\Unit\Server\CapabilityManagerTest" classname="JTD.LaravelMCP.Tests.Unit.Server.CapabilityManagerTest" assertions="3" time="0.005202"/>
        <testcase name="test_can_check_if_feature_is_enabled" file="/home/jeremyfall/Internal/JTD-Packages/laravel-mcp.git/main/tests/Unit/Server/CapabilityManagerTest.php" line="101" class="JTD\LaravelMCP\Tests\Unit\Server\CapabilityManagerTest" classname="JTD.LaravelMCP.Tests.Unit.Server.CapabilityManagerTest" assertions="3" time="0.005202"/>
        <testcase name="test_can_get_capability_info" file="/home/jeremyfall/Internal/JTD-Packages/laravel-mcp.git/main/tests/Unit/Server/CapabilityManagerTest.php" line="119" class="JTD\LaravelMCP\Tests\Unit\Server\CapabilityManagerTest" classname="JTD.LaravelMCP.Tests.Unit.Server.CapabilityManagerTest" assertions="2" time="0.004856"/>
        <testcase name="test_cannot_update_capabilities_after_negotiation" file="/home/jeremyfall/Internal/JTD-Packages/laravel-mcp.git/main/tests/Unit/Server/CapabilityManagerTest.php" line="148" class="JTD\LaravelMCP\Tests\Unit\Server\CapabilityManagerTest" classname="JTD.LaravelMCP.Tests.Unit.Server.CapabilityManagerTest" assertions="2" time="0.004674"/>
        <testcase name="test_can_reset_capabilities" file="/home/jeremyfall/Internal/JTD-Packages/laravel-mcp.git/main/tests/Unit/Server/CapabilityManagerTest.php" line="163" class="JTD\LaravelMCP\Tests\Unit\Server\CapabilityManagerTest" classname="JTD.LaravelMCP.Tests.Unit.Server.CapabilityManagerTest" assertions="3" time="0.005090"/>
        <testcase name="test_validates_resources_capability" file="/home/jeremyfall/Internal/JTD-Packages/laravel-mcp.git/main/tests/Unit/Server/CapabilityManagerTest.php" line="224" class="JTD\LaravelMCP\Tests\Unit\Server\CapabilityManagerTest" classname="JTD.LaravelMCP.Tests.Unit.Server.CapabilityManagerTest" assertions="1" time="0.005860"/>
        <testcase name="test_gets_mcp10_requirements" file="/home/jeremyfall/Internal/JTD-Packages/laravel-mcp.git/main/tests/Unit/Server/CapabilityManagerTest.php" line="266" class="JTD\LaravelMCP\Tests\Unit\Server\CapabilityManagerTest" classname="JTD.LaravelMCP.Tests.Unit.Server.CapabilityManagerTest" assertions="9" time="0.004968"/>
        <testcase name="test_validates_mcp10_compliance" file="/home/jeremyfall/Internal/JTD-Packages/laravel-mcp.git/main/tests/Unit/Server/CapabilityManagerTest.php" line="283" class="JTD\LaravelMCP\Tests\Unit\Server\CapabilityManagerTest" classname="JTD.LaravelMCP.Tests.Unit.Server.CapabilityManagerTest" assertions="5" time="0.005798"/>
        <testcase name="test_gets_detailed_capability_info" file="/home/jeremyfall/Internal/JTD-Packages/laravel-mcp.git/main/tests/Unit/Server/CapabilityManagerTest.php" line="320" class="JTD\LaravelMCP\Tests\Unit\Server\CapabilityManagerTest" classname="JTD.LaravelMCP.Tests.Unit.Server.CapabilityManagerTest" assertions="9" time="0.005395"/>
        <testcase name="test_prevents_double_negotiation" file="/home/jeremyfall/Internal/JTD-Packages/laravel-mcp.git/main/tests/Unit/Server/CapabilityManagerTest.php" line="340" class="JTD\LaravelMCP\Tests\Unit\Server\CapabilityManagerTest" classname="JTD.LaravelMCP.Tests.Unit.Server.CapabilityManagerTest" assertions="1" time="0.005378"/>
        <testcase name="test_creates_minimal_capabilities_when_empty" file="/home/jeremyfall/Internal/JTD-Packages/laravel-mcp.git/main/tests/Unit/Server/CapabilityManagerTest.php" line="354" class="JTD\LaravelMCP\Tests\Unit\Server\CapabilityManagerTest" classname="JTD.LaravelMCP.Tests.Unit.Server.CapabilityManagerTest" assertions="1" time="0.005053"/>
        <testcase name="test_validates_logging_capability" file="/home/jeremyfall/Internal/JTD-Packages/laravel-mcp.git/main/tests/Unit/Server/CapabilityManagerTest.php" line="238" class="JTD\LaravelMCP\Tests\Unit\Server\CapabilityManagerTest" classname="JTD.LaravelMCP.Tests.Unit.Server.CapabilityManagerTest" assertions="2" time="0.005233"/>
        <testcase name="test_adjusts_capabilities_for_empty_components" file="/home/jeremyfall/Internal/JTD-Packages/laravel-mcp.git/main/tests/Unit/Server/CapabilityManagerTest.php" line="68" class="JTD\LaravelMCP\Tests\Unit\Server\CapabilityManagerTest" classname="JTD.LaravelMCP.Tests.Unit.Server.CapabilityManagerTest" assertions="3" time="0.005319"/>
        <testcase name="test_validates_tools_capability" file="/home/jeremyfall/Internal/JTD-Packages/laravel-mcp.git/main/tests/Unit/Server/CapabilityManagerTest.php" line="189" class="JTD\LaravelMCP\Tests\Unit\Server\CapabilityManagerTest" classname="JTD.LaravelMCP.Tests.Unit.Server.CapabilityManagerTest" assertions="3" time="0.005182"/>
      </testsuite>
      <testsuite name="JTD\LaravelMCP\Tests\Unit\Server\Handlers\BaseHandlerTest" file="/home/jeremyfall/Internal/JTD-Packages/laravel-mcp.git/main/tests/Unit/Server/Handlers/BaseHandlerTest.php" tests="34" assertions="74" errors="0" failures="0" skipped="0" time="0.185875">
        <testcase name="handle_exception_preserves_protocol_exception_details" file="/home/jeremyfall/Internal/JTD-Packages/laravel-mcp.git/main/tests/Unit/Server/Handlers/BaseHandlerTest.php" line="280" class="JTD\LaravelMCP\Tests\Unit\Server\Handlers\BaseHandlerTest" classname="JTD.LaravelMCP.Tests.Unit.Server.Handlers.BaseHandlerTest" assertions="4" time="0.004732"/>
        <testsuite name="JTD\LaravelMCP\Tests\Unit\Server\Handlers\BaseHandlerTest::format_content_handles_different_types_correctly" tests="7" assertions="7" errors="0" failures="0" skipped="0" time="0.031475">
          <testcase name="format_content_handles_different_types_correctly with data set &quot;string as text&quot;" file="/home/jeremyfall/Internal/JTD-Packages/laravel-mcp.git/main/tests/Unit/Server/Handlers/BaseHandlerTest.php" line="324" class="JTD\LaravelMCP\Tests\Unit\Server\Handlers\BaseHandlerTest" classname="JTD.LaravelMCP.Tests.Unit.Server.Handlers.BaseHandlerTest" assertions="1" time="0.004256"/>
          <testcase name="format_content_handles_different_types_correctly with data set &quot;array as text&quot;" file="/home/jeremyfall/Internal/JTD-Packages/laravel-mcp.git/main/tests/Unit/Server/Handlers/BaseHandlerTest.php" line="324" class="JTD\LaravelMCP\Tests\Unit\Server\Handlers\BaseHandlerTest" classname="JTD.LaravelMCP.Tests.Unit.Server.Handlers.BaseHandlerTest" assertions="1" time="0.004358"/>
          <testcase name="format_content_handles_different_types_correctly with data set &quot;string as json&quot;" file="/home/jeremyfall/Internal/JTD-Packages/laravel-mcp.git/main/tests/Unit/Server/Handlers/BaseHandlerTest.php" line="324" class="JTD\LaravelMCP\Tests\Unit\Server\Handlers\BaseHandlerTest" classname="JTD.LaravelMCP.Tests.Unit.Server.Handlers.BaseHandlerTest" assertions="1" time="0.004438"/>
          <testcase name="format_content_handles_different_types_correctly with data set &quot;array as json&quot;" file="/home/jeremyfall/Internal/JTD-Packages/laravel-mcp.git/main/tests/Unit/Server/Handlers/BaseHandlerTest.php" line="324" class="JTD\LaravelMCP\Tests\Unit\Server\Handlers\BaseHandlerTest" classname="JTD.LaravelMCP.Tests.Unit.Server.Handlers.BaseHandlerTest" assertions="1" time="0.004475"/>
          <testcase name="format_content_handles_different_types_correctly with data set &quot;resource type&quot;" file="/home/jeremyfall/Internal/JTD-Packages/laravel-mcp.git/main/tests/Unit/Server/Handlers/BaseHandlerTest.php" line="324" class="JTD\LaravelMCP\Tests\Unit\Server\Handlers\BaseHandlerTest" classname="JTD.LaravelMCP.Tests.Unit.Server.Handlers.BaseHandlerTest" assertions="1" time="0.004304"/>
          <testcase name="format_content_handles_different_types_correctly with data set &quot;unknown type defaults to text&quot;" file="/home/jeremyfall/Internal/JTD-Packages/laravel-mcp.git/main/tests/Unit/Server/Handlers/BaseHandlerTest.php" line="324" class="JTD\LaravelMCP\Tests\Unit\Server\Handlers\BaseHandlerTest" classname="JTD.LaravelMCP.Tests.Unit.Server.Handlers.BaseHandlerTest" assertions="1" time="0.004646"/>
          <testcase name="format_content_handles_different_types_correctly with data set &quot;number as text&quot;" file="/home/jeremyfall/Internal/JTD-Packages/laravel-mcp.git/main/tests/Unit/Server/Handlers/BaseHandlerTest.php" line="324" class="JTD\LaravelMCP\Tests\Unit\Server\Handlers\BaseHandlerTest" classname="JTD.LaravelMCP.Tests.Unit.Server.Handlers.BaseHandlerTest" assertions="1" time="0.004998"/>
        </testsuite>
        <testcase name="constructor_defaults_to_non_debug_mode" file="/home/jeremyfall/Internal/JTD-Packages/laravel-mcp.git/main/tests/Unit/Server/Handlers/BaseHandlerTest.php" line="50" class="JTD\LaravelMCP\Tests\Unit\Server\Handlers\BaseHandlerTest" classname="JTD.LaravelMCP.Tests.Unit.Server.Handlers.BaseHandlerTest" assertions="1" time="0.004710"/>
        <testcase name="set_debug_updates_debug_mode" file="/home/jeremyfall/Internal/JTD-Packages/laravel-mcp.git/main/tests/Unit/Server/Handlers/BaseHandlerTest.php" line="58" class="JTD\LaravelMCP\Tests\Unit\Server\Handlers\BaseHandlerTest" classname="JTD.LaravelMCP.Tests.Unit.Server.Handlers.BaseHandlerTest" assertions="3" time="0.004974"/>
        <testcase name="validate_request_passes_with_valid_parameters" file="/home/jeremyfall/Internal/JTD-Packages/laravel-mcp.git/main/tests/Unit/Server/Handlers/BaseHandlerTest.php" line="70" class="JTD\LaravelMCP\Tests\Unit\Server\Handlers\BaseHandlerTest" classname="JTD.LaravelMCP.Tests.Unit.Server.Handlers.BaseHandlerTest" assertions="0" time="0.007958"/>
        <testcase name="validate_request_passes_with_empty_rules" file="/home/jeremyfall/Internal/JTD-Packages/laravel-mcp.git/main/tests/Unit/Server/Handlers/BaseHandlerTest.php" line="82" class="JTD\LaravelMCP\Tests\Unit\Server\Handlers\BaseHandlerTest" classname="JTD.LaravelMCP.Tests.Unit.Server.Handlers.BaseHandlerTest" assertions="0" time="0.004966"/>
        <testcase name="validate_required_params_passes_with_all_required_present" file="/home/jeremyfall/Internal/JTD-Packages/laravel-mcp.git/main/tests/Unit/Server/Handlers/BaseHandlerTest.php" line="132" class="JTD\LaravelMCP\Tests\Unit\Server\Handlers\BaseHandlerTest" classname="JTD.LaravelMCP.Tests.Unit.Server.Handlers.BaseHandlerTest" assertions="0" time="0.004876"/>
        <testcase name="validate_required_params_passes_with_empty_required_list" file="/home/jeremyfall/Internal/JTD-Packages/laravel-mcp.git/main/tests/Unit/Server/Handlers/BaseHandlerTest.php" line="144" class="JTD\LaravelMCP\Tests\Unit\Server\Handlers\BaseHandlerTest" classname="JTD.LaravelMCP.Tests.Unit.Server.Handlers.BaseHandlerTest" assertions="0" time="0.007676"/>
        <testcase name="supports_method_returns_true_for_supported_methods" file="/home/jeremyfall/Internal/JTD-Packages/laravel-mcp.git/main/tests/Unit/Server/Handlers/BaseHandlerTest.php" line="224" class="JTD\LaravelMCP\Tests\Unit\Server\Handlers\BaseHandlerTest" classname="JTD.LaravelMCP.Tests.Unit.Server.Handlers.BaseHandlerTest" assertions="2" time="0.005630"/>
        <testcase name="supports_method_returns_false_for_unsupported_methods" file="/home/jeremyfall/Internal/JTD-Packages/laravel-mcp.git/main/tests/Unit/Server/Handlers/BaseHandlerTest.php" line="231" class="JTD\LaravelMCP\Tests\Unit\Server\Handlers\BaseHandlerTest" classname="JTD.LaravelMCP.Tests.Unit.Server.Handlers.BaseHandlerTest" assertions="2" time="0.005576"/>
        <testcase name="get_supported_methods_returns_expected_methods" file="/home/jeremyfall/Internal/JTD-Packages/laravel-mcp.git/main/tests/Unit/Server/Handlers/BaseHandlerTest.php" line="238" class="JTD\LaravelMCP\Tests\Unit\Server\Handlers\BaseHandlerTest" classname="JTD.LaravelMCP.Tests.Unit.Server.Handlers.BaseHandlerTest" assertions="1" time="0.004738"/>
        <testcase name="debug_logging_works_when_debug_enabled" file="/home/jeremyfall/Internal/JTD-Packages/laravel-mcp.git/main/tests/Unit/Server/Handlers/BaseHandlerTest.php" line="398" class="JTD\LaravelMCP\Tests\Unit\Server\Handlers\BaseHandlerTest" classname="JTD.LaravelMCP.Tests.Unit.Server.Handlers.BaseHandlerTest" assertions="1" time="0.008112"/>
        <testcase name="constructor_logs_initialization_when_debug_enabled" file="/home/jeremyfall/Internal/JTD-Packages/laravel-mcp.git/main/tests/Unit/Server/Handlers/BaseHandlerTest.php" line="411" class="JTD\LaravelMCP\Tests\Unit\Server\Handlers\BaseHandlerTest" classname="JTD.LaravelMCP.Tests.Unit.Server.Handlers.BaseHandlerTest" assertions="1" time="0.005426"/>
        <testcase name="constructor_does_not_log_when_debug_disabled" file="/home/jeremyfall/Internal/JTD-Packages/laravel-mcp.git/main/tests/Unit/Server/Handlers/BaseHandlerTest.php" line="423" class="JTD\LaravelMCP\Tests\Unit\Server\Handlers\BaseHandlerTest" classname="JTD.LaravelMCP.Tests.Unit.Server.Handlers.BaseHandlerTest" assertions="1" time="0.005137"/>
        <testcase name="constructor_sets_handler_name_and_debug_mode" file="/home/jeremyfall/Internal/JTD-Packages/laravel-mcp.git/main/tests/Unit/Server/Handlers/BaseHandlerTest.php" line="41" class="JTD\LaravelMCP\Tests\Unit\Server\Handlers\BaseHandlerTest" classname="JTD.LaravelMCP.Tests.Unit.Server.Handlers.BaseHandlerTest" assertions="2" time="0.005995"/>
        <testcase name="validate_request_throws_protocol_exception_with_invalid_parameters" file="/home/jeremyfall/Internal/JTD-Packages/laravel-mcp.git/main/tests/Unit/Server/Handlers/BaseHandlerTest.php" line="94" class="JTD\LaravelMCP\Tests\Unit\Server\Handlers\BaseHandlerTest" classname="JTD.LaravelMCP.Tests.Unit.Server.Handlers.BaseHandlerTest" assertions="3" time="0.006279"/>
        <testcase name="validate_request_throws_protocol_exception_with_missing_required_parameters" file="/home/jeremyfall/Internal/JTD-Packages/laravel-mcp.git/main/tests/Unit/Server/Handlers/BaseHandlerTest.php" line="107" class="JTD\LaravelMCP\Tests\Unit\Server\Handlers\BaseHandlerTest" classname="JTD.LaravelMCP.Tests.Unit.Server.Handlers.BaseHandlerTest" assertions="2" time="0.005952"/>
        <testcase name="validate_request_uses_custom_error_messages" file="/home/jeremyfall/Internal/JTD-Packages/laravel-mcp.git/main/tests/Unit/Server/Handlers/BaseHandlerTest.php" line="119" class="JTD\LaravelMCP\Tests\Unit\Server\Handlers\BaseHandlerTest" classname="JTD.LaravelMCP.Tests.Unit.Server.Handlers.BaseHandlerTest" assertions="2" time="0.007271"/>
        <testcase name="validate_required_params_throws_protocol_exception_with_missing_parameters" file="/home/jeremyfall/Internal/JTD-Packages/laravel-mcp.git/main/tests/Unit/Server/Handlers/BaseHandlerTest.php" line="156" class="JTD\LaravelMCP\Tests\Unit\Server\Handlers\BaseHandlerTest" classname="JTD.LaravelMCP.Tests.Unit.Server.Handlers.BaseHandlerTest" assertions="3" time="0.005348"/>
        <testcase name="create_success_response_returns_result_without_metadata" file="/home/jeremyfall/Internal/JTD-Packages/laravel-mcp.git/main/tests/Unit/Server/Handlers/BaseHandlerTest.php" line="169" class="JTD\LaravelMCP\Tests\Unit\Server\Handlers\BaseHandlerTest" classname="JTD.LaravelMCP.Tests.Unit.Server.Handlers.BaseHandlerTest" assertions="2" time="0.005336"/>
        <testcase name="create_success_response_adds_metadata_when_requested" file="/home/jeremyfall/Internal/JTD-Packages/laravel-mcp.git/main/tests/Unit/Server/Handlers/BaseHandlerTest.php" line="180" class="JTD\LaravelMCP\Tests\Unit\Server\Handlers\BaseHandlerTest" classname="JTD.LaravelMCP.Tests.Unit.Server.Handlers.BaseHandlerTest" assertions="5" time="0.005350"/>
        <testcase name="create_error_response_returns_proper_structure" file="/home/jeremyfall/Internal/JTD-Packages/laravel-mcp.git/main/tests/Unit/Server/Handlers/BaseHandlerTest.php" line="195" class="JTD\LaravelMCP\Tests\Unit\Server\Handlers\BaseHandlerTest" classname="JTD.LaravelMCP.Tests.Unit.Server.Handlers.BaseHandlerTest" assertions="4" time="0.005216"/>
        <testcase name="create_error_response_includes_data_when_provided" file="/home/jeremyfall/Internal/JTD-Packages/laravel-mcp.git/main/tests/Unit/Server/Handlers/BaseHandlerTest.php" line="209" class="JTD\LaravelMCP\Tests\Unit\Server\Handlers\BaseHandlerTest" classname="JTD.LaravelMCP.Tests.Unit.Server.Handlers.BaseHandlerTest" assertions="4" time="0.005374"/>
        <testcase name="sanitize_for_logging_removes_sensitive_keys" file="/home/jeremyfall/Internal/JTD-Packages/laravel-mcp.git/main/tests/Unit/Server/Handlers/BaseHandlerTest.php" line="246" class="JTD\LaravelMCP\Tests\Unit\Server\Handlers\BaseHandlerTest" classname="JTD.LaravelMCP.Tests.Unit.Server.Handlers.BaseHandlerTest" assertions="8" time="0.004859"/>
        <testcase name="sanitize_for_logging_handles_empty_array" file="/home/jeremyfall/Internal/JTD-Packages/laravel-mcp.git/main/tests/Unit/Server/Handlers/BaseHandlerTest.php" line="272" class="JTD\LaravelMCP\Tests\Unit\Server\Handlers\BaseHandlerTest" classname="JTD.LaravelMCP.Tests.Unit.Server.Handlers.BaseHandlerTest" assertions="1" time="0.005314"/>
        <testcase name="handle_exception_converts_generic_exception_to_internal_error" file="/home/jeremyfall/Internal/JTD-Packages/laravel-mcp.git/main/tests/Unit/Server/Handlers/BaseHandlerTest.php" line="293" class="JTD\LaravelMCP\Tests\Unit\Server\Handlers\BaseHandlerTest" classname="JTD.LaravelMCP.Tests.Unit.Server.Handlers.BaseHandlerTest" assertions="4" time="0.005870"/>
        <testcase name="handle_exception_includes_debug_data_when_debug_enabled" file="/home/jeremyfall/Internal/JTD-Packages/laravel-mcp.git/main/tests/Unit/Server/Handlers/BaseHandlerTest.php" line="306" class="JTD\LaravelMCP\Tests\Unit\Server\Handlers\BaseHandlerTest" classname="JTD.LaravelMCP.Tests.Unit.Server.Handlers.BaseHandlerTest" assertions="7" time="0.005946"/>
        <testcase name="logging_methods_use_handler_name_prefix" file="/home/jeremyfall/Internal/JTD-Packages/laravel-mcp.git/main/tests/Unit/Server/Handlers/BaseHandlerTest.php" line="373" class="JTD\LaravelMCP\Tests\Unit\Server\Handlers\BaseHandlerTest" classname="JTD.LaravelMCP.Tests.Unit.Server.Handlers.BaseHandlerTest" assertions="4" time="0.005781"/>
      </testsuite>
      <testsuite name="JTD\LaravelMCP\Tests\Unit\Server\Handlers\ResourceHandlerTest" file="/home/jeremyfall/Internal/JTD-Packages/laravel-mcp.git/main/tests/Unit/Server/Handlers/ResourceHandlerTest.php" tests="37" assertions="95" errors="0" failures="0" skipped="0" time="0.210857">
        <testcase name="handle_resources_read_handles_array_content" file="/home/jeremyfall/Internal/JTD-Packages/laravel-mcp.git/main/tests/Unit/Server/Handlers/ResourceHandlerTest.php" line="432" class="JTD\LaravelMCP\Tests\Unit\Server\Handlers\ResourceHandlerTest" classname="JTD.LaravelMCP.Tests.Unit.Server.Handlers.ResourceHandlerTest" assertions="5" time="0.005551"/>
        <testcase name="handle_resources_read_handles_pre_formatted_content" file="/home/jeremyfall/Internal/JTD-Packages/laravel-mcp.git/main/tests/Unit/Server/Handlers/ResourceHandlerTest.php" line="457" class="JTD\LaravelMCP\Tests\Unit\Server\Handlers\ResourceHandlerTest" classname="JTD.LaravelMCP.Tests.Unit.Server.Handlers.ResourceHandlerTest" assertions="4" time="0.005325"/>
        <testcase name="handle_throws_protocol_exception_for_unsupported_method" file="/home/jeremyfall/Internal/JTD-Packages/laravel-mcp.git/main/tests/Unit/Server/Handlers/ResourceHandlerTest.php" line="82" class="JTD\LaravelMCP\Tests\Unit\Server\Handlers\ResourceHandlerTest" classname="JTD.LaravelMCP.Tests.Unit.Server.Handlers.ResourceHandlerTest" assertions="3" time="0.004972"/>
        <testcase name="handle_resources_list_returns_resource_definitions" file="/home/jeremyfall/Internal/JTD-Packages/laravel-mcp.git/main/tests/Unit/Server/Handlers/ResourceHandlerTest.php" line="108" class="JTD\LaravelMCP\Tests\Unit\Server\Handlers\ResourceHandlerTest" classname="JTD.LaravelMCP.Tests.Unit.Server.Handlers.ResourceHandlerTest" assertions="7" time="0.005297"/>
        <testcase name="handle_resources_list_handles_resource_definition_failures_gracefully" file="/home/jeremyfall/Internal/JTD-Packages/laravel-mcp.git/main/tests/Unit/Server/Handlers/ResourceHandlerTest.php" line="135" class="JTD\LaravelMCP\Tests\Unit\Server\Handlers\ResourceHandlerTest" classname="JTD.LaravelMCP.Tests.Unit.Server.Handlers.ResourceHandlerTest" assertions="10" time="0.005244"/>
        <testcase name="handle_resources_list_validates_cursor_parameter" file="/home/jeremyfall/Internal/JTD-Packages/laravel-mcp.git/main/tests/Unit/Server/Handlers/ResourceHandlerTest.php" line="180" class="JTD\LaravelMCP\Tests\Unit\Server\Handlers\ResourceHandlerTest" classname="JTD.LaravelMCP.Tests.Unit.Server.Handlers.ResourceHandlerTest" assertions="2" time="0.005575"/>
        <testcase name="handle_resources_read_validates_required_parameters" file="/home/jeremyfall/Internal/JTD-Packages/laravel-mcp.git/main/tests/Unit/Server/Handlers/ResourceHandlerTest.php" line="240" class="JTD\LaravelMCP\Tests\Unit\Server\Handlers\ResourceHandlerTest" classname="JTD.LaravelMCP.Tests.Unit.Server.Handlers.ResourceHandlerTest" assertions="2" time="0.005662"/>
        <testcase name="handle_resources_read_throws_error_for_non_existent_resource" file="/home/jeremyfall/Internal/JTD-Packages/laravel-mcp.git/main/tests/Unit/Server/Handlers/ResourceHandlerTest.php" line="258" class="JTD\LaravelMCP\Tests\Unit\Server\Handlers\ResourceHandlerTest" classname="JTD.LaravelMCP.Tests.Unit.Server.Handlers.ResourceHandlerTest" assertions="3" time="0.005347"/>
        <testcase name="handle_resources_read_reads_resource_with_read_method" file="/home/jeremyfall/Internal/JTD-Packages/laravel-mcp.git/main/tests/Unit/Server/Handlers/ResourceHandlerTest.php" line="273" class="JTD\LaravelMCP\Tests\Unit\Server\Handlers\ResourceHandlerTest" classname="JTD.LaravelMCP.Tests.Unit.Server.Handlers.ResourceHandlerTest" assertions="3" time="0.005781"/>
        <testcase name="handle_resources_read_reads_resource_with_get_content_method" file="/home/jeremyfall/Internal/JTD-Packages/laravel-mcp.git/main/tests/Unit/Server/Handlers/ResourceHandlerTest.php" line="303" class="JTD\LaravelMCP\Tests\Unit\Server\Handlers\ResourceHandlerTest" classname="JTD.LaravelMCP.Tests.Unit.Server.Handlers.ResourceHandlerTest" assertions="3" time="0.005886"/>
        <testcase name="handle_resources_read_reads_resource_with_invoke_method" file="/home/jeremyfall/Internal/JTD-Packages/laravel-mcp.git/main/tests/Unit/Server/Handlers/ResourceHandlerTest.php" line="330" class="JTD\LaravelMCP\Tests\Unit\Server\Handlers\ResourceHandlerTest" classname="JTD.LaravelMCP.Tests.Unit.Server.Handlers.ResourceHandlerTest" assertions="3" time="0.005947"/>
        <testcase name="handle_resources_read_throws_error_for_non_readable_resource" file="/home/jeremyfall/Internal/JTD-Packages/laravel-mcp.git/main/tests/Unit/Server/Handlers/ResourceHandlerTest.php" line="405" class="JTD\LaravelMCP\Tests\Unit\Server\Handlers\ResourceHandlerTest" classname="JTD.LaravelMCP.Tests.Unit.Server.Handlers.ResourceHandlerTest" assertions="3" time="0.005457"/>
        <testcase name="handle_resources_read_handles_execution_failures" file="/home/jeremyfall/Internal/JTD-Packages/laravel-mcp.git/main/tests/Unit/Server/Handlers/ResourceHandlerTest.php" line="484" class="JTD\LaravelMCP\Tests\Unit\Server\Handlers\ResourceHandlerTest" classname="JTD.LaravelMCP.Tests.Unit.Server.Handlers.ResourceHandlerTest" assertions="3" time="0.006175"/>
        <testcase name="handle_resources_read_validates_parameter_types" file="/home/jeremyfall/Internal/JTD-Packages/laravel-mcp.git/main/tests/Unit/Server/Handlers/ResourceHandlerTest.php" line="249" class="JTD\LaravelMCP\Tests\Unit\Server\Handlers\ResourceHandlerTest" classname="JTD.LaravelMCP.Tests.Unit.Server.Handlers.ResourceHandlerTest" assertions="2" time="0.005192"/>
        <testsuite name="JTD\LaravelMCP\Tests\Unit\Server\Handlers\ResourceHandlerTest::get_resource_uri_handles_different_uri_methods" tests="4" assertions="4" errors="0" failures="0" skipped="0" time="0.021094">
          <testcase name="get_resource_uri_handles_different_uri_methods with data set &quot;getUri method&quot;" file="/home/jeremyfall/Internal/JTD-Packages/laravel-mcp.git/main/tests/Unit/Server/Handlers/ResourceHandlerTest.php" line="508" class="JTD\LaravelMCP\Tests\Unit\Server\Handlers\ResourceHandlerTest" classname="JTD.LaravelMCP.Tests.Unit.Server.Handlers.ResourceHandlerTest" assertions="1" time="0.004928"/>
          <testcase name="get_resource_uri_handles_different_uri_methods with data set &quot;uri method&quot;" file="/home/jeremyfall/Internal/JTD-Packages/laravel-mcp.git/main/tests/Unit/Server/Handlers/ResourceHandlerTest.php" line="508" class="JTD\LaravelMCP\Tests\Unit\Server\Handlers\ResourceHandlerTest" classname="JTD.LaravelMCP.Tests.Unit.Server.Handlers.ResourceHandlerTest" assertions="1" time="0.006010"/>
          <testcase name="get_resource_uri_handles_different_uri_methods with data set &quot;uri property&quot;" file="/home/jeremyfall/Internal/JTD-Packages/laravel-mcp.git/main/tests/Unit/Server/Handlers/ResourceHandlerTest.php" line="508" class="JTD\LaravelMCP\Tests\Unit\Server\Handlers\ResourceHandlerTest" classname="JTD.LaravelMCP.Tests.Unit.Server.Handlers.ResourceHandlerTest" assertions="1" time="0.005031"/>
          <testcase name="get_resource_uri_handles_different_uri_methods with data set &quot;no uri (default)&quot;" file="/home/jeremyfall/Internal/JTD-Packages/laravel-mcp.git/main/tests/Unit/Server/Handlers/ResourceHandlerTest.php" line="508" class="JTD\LaravelMCP\Tests\Unit\Server\Handlers\ResourceHandlerTest" classname="JTD.LaravelMCP.Tests.Unit.Server.Handlers.ResourceHandlerTest" assertions="1" time="0.005124"/>
        </testsuite>
        <testsuite name="JTD\LaravelMCP\Tests\Unit\Server\Handlers\ResourceHandlerTest::get_resource_description_handles_different_description_methods" tests="4" assertions="4" errors="0" failures="0" skipped="0" time="0.020431">
          <testcase name="get_resource_description_handles_different_description_methods with data set &quot;getDescription method&quot;" file="/home/jeremyfall/Internal/JTD-Packages/laravel-mcp.git/main/tests/Unit/Server/Handlers/ResourceHandlerTest.php" line="569" class="JTD\LaravelMCP\Tests\Unit\Server\Handlers\ResourceHandlerTest" classname="JTD.LaravelMCP.Tests.Unit.Server.Handlers.ResourceHandlerTest" assertions="1" time="0.005183"/>
          <testcase name="get_resource_description_handles_different_description_methods with data set &quot;description method&quot;" file="/home/jeremyfall/Internal/JTD-Packages/laravel-mcp.git/main/tests/Unit/Server/Handlers/ResourceHandlerTest.php" line="569" class="JTD\LaravelMCP\Tests\Unit\Server\Handlers\ResourceHandlerTest" classname="JTD.LaravelMCP.Tests.Unit.Server.Handlers.ResourceHandlerTest" assertions="1" time="0.005004"/>
          <testcase name="get_resource_description_handles_different_description_methods with data set &quot;description property&quot;" file="/home/jeremyfall/Internal/JTD-Packages/laravel-mcp.git/main/tests/Unit/Server/Handlers/ResourceHandlerTest.php" line="569" class="JTD\LaravelMCP\Tests\Unit\Server\Handlers\ResourceHandlerTest" classname="JTD.LaravelMCP.Tests.Unit.Server.Handlers.ResourceHandlerTest" assertions="1" time="0.005082"/>
          <testcase name="get_resource_description_handles_different_description_methods with data set &quot;no description&quot;" file="/home/jeremyfall/Internal/JTD-Packages/laravel-mcp.git/main/tests/Unit/Server/Handlers/ResourceHandlerTest.php" line="569" class="JTD\LaravelMCP\Tests\Unit\Server\Handlers\ResourceHandlerTest" classname="JTD.LaravelMCP.Tests.Unit.Server.Handlers.ResourceHandlerTest" assertions="1" time="0.005162"/>
        </testsuite>
        <testsuite name="JTD\LaravelMCP\Tests\Unit\Server\Handlers\ResourceHandlerTest::get_resource_mime_type_handles_different_mime_type_methods" tests="4" assertions="4" errors="0" failures="0" skipped="0" time="0.022585">
          <testcase name="get_resource_mime_type_handles_different_mime_type_methods with data set &quot;getMimeType method&quot;" file="/home/jeremyfall/Internal/JTD-Packages/laravel-mcp.git/main/tests/Unit/Server/Handlers/ResourceHandlerTest.php" line="629" class="JTD\LaravelMCP\Tests\Unit\Server\Handlers\ResourceHandlerTest" classname="JTD.LaravelMCP.Tests.Unit.Server.Handlers.ResourceHandlerTest" assertions="1" time="0.004985"/>
          <testcase name="get_resource_mime_type_handles_different_mime_type_methods with data set &quot;mimeType method&quot;" file="/home/jeremyfall/Internal/JTD-Packages/laravel-mcp.git/main/tests/Unit/Server/Handlers/ResourceHandlerTest.php" line="629" class="JTD\LaravelMCP\Tests\Unit\Server\Handlers\ResourceHandlerTest" classname="JTD.LaravelMCP.Tests.Unit.Server.Handlers.ResourceHandlerTest" assertions="1" time="0.005733"/>
          <testcase name="get_resource_mime_type_handles_different_mime_type_methods with data set &quot;mimeType property&quot;" file="/home/jeremyfall/Internal/JTD-Packages/laravel-mcp.git/main/tests/Unit/Server/Handlers/ResourceHandlerTest.php" line="629" class="JTD\LaravelMCP\Tests\Unit\Server\Handlers\ResourceHandlerTest" classname="JTD.LaravelMCP.Tests.Unit.Server.Handlers.ResourceHandlerTest" assertions="1" time="0.005806"/>
          <testcase name="get_resource_mime_type_handles_different_mime_type_methods with data set &quot;no mime type (default)&quot;" file="/home/jeremyfall/Internal/JTD-Packages/laravel-mcp.git/main/tests/Unit/Server/Handlers/ResourceHandlerTest.php" line="629" class="JTD\LaravelMCP\Tests\Unit\Server\Handlers\ResourceHandlerTest" classname="JTD.LaravelMCP.Tests.Unit.Server.Handlers.ResourceHandlerTest" assertions="1" time="0.006060"/>
        </testsuite>
        <testsuite name="JTD\LaravelMCP\Tests\Unit\Server\Handlers\ResourceHandlerTest::get_resource_metadata_handles_different_metadata_methods" tests="3" assertions="10" errors="0" failures="0" skipped="0" time="0.017100">
          <testcase name="get_resource_metadata_handles_different_metadata_methods with data set &quot;getMetadata method&quot;" file="/home/jeremyfall/Internal/JTD-Packages/laravel-mcp.git/main/tests/Unit/Server/Handlers/ResourceHandlerTest.php" line="688" class="JTD\LaravelMCP\Tests\Unit\Server\Handlers\ResourceHandlerTest" classname="JTD.LaravelMCP.Tests.Unit.Server.Handlers.ResourceHandlerTest" assertions="4" time="0.005644"/>
          <testcase name="get_resource_metadata_handles_different_metadata_methods with data set &quot;metadata property&quot;" file="/home/jeremyfall/Internal/JTD-Packages/laravel-mcp.git/main/tests/Unit/Server/Handlers/ResourceHandlerTest.php" line="688" class="JTD\LaravelMCP\Tests\Unit\Server\Handlers\ResourceHandlerTest" classname="JTD.LaravelMCP.Tests.Unit.Server.Handlers.ResourceHandlerTest" assertions="4" time="0.005962"/>
          <testcase name="get_resource_metadata_handles_different_metadata_methods with data set &quot;no metadata&quot;" file="/home/jeremyfall/Internal/JTD-Packages/laravel-mcp.git/main/tests/Unit/Server/Handlers/ResourceHandlerTest.php" line="688" class="JTD\LaravelMCP\Tests\Unit\Server\Handlers\ResourceHandlerTest" classname="JTD.LaravelMCP.Tests.Unit.Server.Handlers.ResourceHandlerTest" assertions="2" time="0.005494"/>
        </testsuite>
        <testcase name="get_supported_methods_returns_resource_methods" file="/home/jeremyfall/Internal/JTD-Packages/laravel-mcp.git/main/tests/Unit/Server/Handlers/ResourceHandlerTest.php" line="60" class="JTD\LaravelMCP\Tests\Unit\Server\Handlers\ResourceHandlerTest" classname="JTD.LaravelMCP.Tests.Unit.Server.Handlers.ResourceHandlerTest" assertions="1" time="0.005395"/>
        <testcase name="supports_method_returns_true_for_supported_methods" file="/home/jeremyfall/Internal/JTD-Packages/laravel-mcp.git/main/tests/Unit/Server/Handlers/ResourceHandlerTest.php" line="68" class="JTD\LaravelMCP\Tests\Unit\Server\Handlers\ResourceHandlerTest" classname="JTD.LaravelMCP.Tests.Unit.Server.Handlers.ResourceHandlerTest" assertions="2" time="0.005219"/>
        <testcase name="supports_method_returns_false_for_unsupported_methods" file="/home/jeremyfall/Internal/JTD-Packages/laravel-mcp.git/main/tests/Unit/Server/Handlers/ResourceHandlerTest.php" line="75" class="JTD\LaravelMCP\Tests\Unit\Server\Handlers\ResourceHandlerTest" classname="JTD.LaravelMCP.Tests.Unit.Server.Handlers.ResourceHandlerTest" assertions="2" time="0.004939"/>
        <testcase name="constructor_sets_dependencies_and_handler_name" file="/home/jeremyfall/Internal/JTD-Packages/laravel-mcp.git/main/tests/Unit/Server/Handlers/ResourceHandlerTest.php" line="51" class="JTD\LaravelMCP\Tests\Unit\Server\Handlers\ResourceHandlerTest" classname="JTD.LaravelMCP.Tests.Unit.Server.Handlers.ResourceHandlerTest" assertions="2" time="0.005454"/>
        <testcase name="handle_resources_list_returns_empty_resources_array_when_no_resources" file="/home/jeremyfall/Internal/JTD-Packages/laravel-mcp.git/main/tests/Unit/Server/Handlers/ResourceHandlerTest.php" line="92" class="JTD\LaravelMCP\Tests\Unit\Server\Handlers\ResourceHandlerTest" classname="JTD.LaravelMCP.Tests.Unit.Server.Handlers.ResourceHandlerTest" assertions="4" time="0.006022"/>
        <testcase name="handle_resources_list_applies_cursor_pagination" file="/home/jeremyfall/Internal/JTD-Packages/laravel-mcp.git/main/tests/Unit/Server/Handlers/ResourceHandlerTest.php" line="189" class="JTD\LaravelMCP\Tests\Unit\Server\Handlers\ResourceHandlerTest" classname="JTD.LaravelMCP.Tests.Unit.Server.Handlers.ResourceHandlerTest" assertions="3" time="0.006734"/>
        <testcase name="handle_resources_read_reads_callable_resource" file="/home/jeremyfall/Internal/JTD-Packages/laravel-mcp.git/main/tests/Unit/Server/Handlers/ResourceHandlerTest.php" line="363" class="JTD\LaravelMCP\Tests\Unit\Server\Handlers\ResourceHandlerTest" classname="JTD.LaravelMCP.Tests.Unit.Server.Handlers.ResourceHandlerTest" assertions="2" time="0.006316"/>
        <testcase name="handle_resources_list_includes_next_cursor_when_more_resources_available" file="/home/jeremyfall/Internal/JTD-Packages/laravel-mcp.git/main/tests/Unit/Server/Handlers/ResourceHandlerTest.php" line="215" class="JTD\LaravelMCP\Tests\Unit\Server\Handlers\ResourceHandlerTest" classname="JTD.LaravelMCP.Tests.Unit.Server.Handlers.ResourceHandlerTest" assertions="4" time="0.012159"/>
      </testsuite>
      <testsuite name="JTD\LaravelMCP\Tests\Unit\Server\Handlers\ToolHandlerTest" file="/home/jeremyfall/Internal/JTD-Packages/laravel-mcp.git/main/tests/Unit/Server/Handlers/ToolHandlerTest.php" tests="35" assertions="76" errors="0" failures="0" skipped="0" time="0.195697">
        <testcase name="handle_tools_call_throws_error_for_non_executable_tool" file="/home/jeremyfall/Internal/JTD-Packages/laravel-mcp.git/main/tests/Unit/Server/Handlers/ToolHandlerTest.php" line="372" class="JTD\LaravelMCP\Tests\Unit\Server\Handlers\ToolHandlerTest" classname="JTD.LaravelMCP.Tests.Unit.Server.Handlers.ToolHandlerTest" assertions="2" time="0.005912"/>
        <testcase name="handle_throws_protocol_exception_for_unsupported_method" file="/home/jeremyfall/Internal/JTD-Packages/laravel-mcp.git/main/tests/Unit/Server/Handlers/ToolHandlerTest.php" line="82" class="JTD\LaravelMCP\Tests\Unit\Server\Handlers\ToolHandlerTest" classname="JTD.LaravelMCP.Tests.Unit.Server.Handlers.ToolHandlerTest" assertions="3" time="0.004555"/>
        <testcase name="handle_tools_list_returns_tool_definitions" file="/home/jeremyfall/Internal/JTD-Packages/laravel-mcp.git/main/tests/Unit/Server/Handlers/ToolHandlerTest.php" line="108" class="JTD\LaravelMCP\Tests\Unit\Server\Handlers\ToolHandlerTest" classname="JTD.LaravelMCP.Tests.Unit.Server.Handlers.ToolHandlerTest" assertions="5" time="0.004766"/>
        <testcase name="handle_tools_list_handles_tool_definition_failures_gracefully" file="/home/jeremyfall/Internal/JTD-Packages/laravel-mcp.git/main/tests/Unit/Server/Handlers/ToolHandlerTest.php" line="137" class="JTD\LaravelMCP\Tests\Unit\Server\Handlers\ToolHandlerTest" classname="JTD.LaravelMCP.Tests.Unit.Server.Handlers.ToolHandlerTest" assertions="8" time="0.005083"/>
        <testcase name="handle_tools_list_validates_cursor_parameter" file="/home/jeremyfall/Internal/JTD-Packages/laravel-mcp.git/main/tests/Unit/Server/Handlers/ToolHandlerTest.php" line="178" class="JTD\LaravelMCP\Tests\Unit\Server\Handlers\ToolHandlerTest" classname="JTD.LaravelMCP.Tests.Unit.Server.Handlers.ToolHandlerTest" assertions="2" time="0.004975"/>
        <testcase name="handle_tools_call_validates_required_parameters" file="/home/jeremyfall/Internal/JTD-Packages/laravel-mcp.git/main/tests/Unit/Server/Handlers/ToolHandlerTest.php" line="238" class="JTD\LaravelMCP\Tests\Unit\Server\Handlers\ToolHandlerTest" classname="JTD.LaravelMCP.Tests.Unit.Server.Handlers.ToolHandlerTest" assertions="2" time="0.004847"/>
        <testcase name="handle_tools_call_validates_parameter_types" file="/home/jeremyfall/Internal/JTD-Packages/laravel-mcp.git/main/tests/Unit/Server/Handlers/ToolHandlerTest.php" line="247" class="JTD\LaravelMCP\Tests\Unit\Server\Handlers\ToolHandlerTest" classname="JTD.LaravelMCP.Tests.Unit.Server.Handlers.ToolHandlerTest" assertions="2" time="0.005374"/>
        <testcase name="handle_tools_call_throws_error_for_non_existent_tool" file="/home/jeremyfall/Internal/JTD-Packages/laravel-mcp.git/main/tests/Unit/Server/Handlers/ToolHandlerTest.php" line="256" class="JTD\LaravelMCP\Tests\Unit\Server\Handlers\ToolHandlerTest" classname="JTD.LaravelMCP.Tests.Unit.Server.Handlers.ToolHandlerTest" assertions="3" time="0.005540"/>
        <testcase name="handle_tools_call_executes_tool_with_execute_method" file="/home/jeremyfall/Internal/JTD-Packages/laravel-mcp.git/main/tests/Unit/Server/Handlers/ToolHandlerTest.php" line="272" class="JTD\LaravelMCP\Tests\Unit\Server\Handlers\ToolHandlerTest" classname="JTD.LaravelMCP.Tests.Unit.Server.Handlers.ToolHandlerTest" assertions="6" time="0.005428"/>
        <testcase name="handle_tools_call_executes_tool_with_invoke_method" file="/home/jeremyfall/Internal/JTD-Packages/laravel-mcp.git/main/tests/Unit/Server/Handlers/ToolHandlerTest.php" line="306" class="JTD\LaravelMCP\Tests\Unit\Server\Handlers\ToolHandlerTest" classname="JTD.LaravelMCP.Tests.Unit.Server.Handlers.ToolHandlerTest" assertions="3" time="0.005493"/>
        <testcase name="handle_tools_call_executes_callable_tool" file="/home/jeremyfall/Internal/JTD-Packages/laravel-mcp.git/main/tests/Unit/Server/Handlers/ToolHandlerTest.php" line="344" class="JTD\LaravelMCP\Tests\Unit\Server\Handlers\ToolHandlerTest" classname="JTD.LaravelMCP.Tests.Unit.Server.Handlers.ToolHandlerTest" assertions="2" time="0.005249"/>
        <testcase name="handle_tools_call_validates_arguments_if_tool_supports_it" file="/home/jeremyfall/Internal/JTD-Packages/laravel-mcp.git/main/tests/Unit/Server/Handlers/ToolHandlerTest.php" line="398" class="JTD\LaravelMCP\Tests\Unit\Server\Handlers\ToolHandlerTest" classname="JTD.LaravelMCP.Tests.Unit.Server.Handlers.ToolHandlerTest" assertions="3" time="0.005883"/>
        <testcase name="handle_tools_call_skips_validation_if_tool_does_not_support_it" file="/home/jeremyfall/Internal/JTD-Packages/laravel-mcp.git/main/tests/Unit/Server/Handlers/ToolHandlerTest.php" line="429" class="JTD\LaravelMCP\Tests\Unit\Server\Handlers\ToolHandlerTest" classname="JTD.LaravelMCP.Tests.Unit.Server.Handlers.ToolHandlerTest" assertions="1" time="0.005491"/>
        <testcase name="handle_tools_call_returns_error_response_for_execution_failures" file="/home/jeremyfall/Internal/JTD-Packages/laravel-mcp.git/main/tests/Unit/Server/Handlers/ToolHandlerTest.php" line="458" class="JTD\LaravelMCP\Tests\Unit\Server\Handlers\ToolHandlerTest" classname="JTD.LaravelMCP.Tests.Unit.Server.Handlers.ToolHandlerTest" assertions="2" time="0.005639"/>
        <testcase name="handle_tools_call_uses_default_empty_arguments_when_not_provided" file="/home/jeremyfall/Internal/JTD-Packages/laravel-mcp.git/main/tests/Unit/Server/Handlers/ToolHandlerTest.php" line="486" class="JTD\LaravelMCP\Tests\Unit\Server\Handlers\ToolHandlerTest" classname="JTD.LaravelMCP.Tests.Unit.Server.Handlers.ToolHandlerTest" assertions="1" time="0.005831"/>
        <testsuite name="JTD\LaravelMCP\Tests\Unit\Server\Handlers\ToolHandlerTest::get_tool_description_handles_different_description_methods" tests="4" assertions="4" errors="0" failures="0" skipped="0" time="0.021725">
          <testcase name="get_tool_description_handles_different_description_methods with data set &quot;getDescription method&quot;" file="/home/jeremyfall/Internal/JTD-Packages/laravel-mcp.git/main/tests/Unit/Server/Handlers/ToolHandlerTest.php" line="516" class="JTD\LaravelMCP\Tests\Unit\Server\Handlers\ToolHandlerTest" classname="JTD.LaravelMCP.Tests.Unit.Server.Handlers.ToolHandlerTest" assertions="1" time="0.005541"/>
          <testcase name="get_tool_description_handles_different_description_methods with data set &quot;description method&quot;" file="/home/jeremyfall/Internal/JTD-Packages/laravel-mcp.git/main/tests/Unit/Server/Handlers/ToolHandlerTest.php" line="516" class="JTD\LaravelMCP\Tests\Unit\Server\Handlers\ToolHandlerTest" classname="JTD.LaravelMCP.Tests.Unit.Server.Handlers.ToolHandlerTest" assertions="1" time="0.005538"/>
          <testcase name="get_tool_description_handles_different_description_methods with data set &quot;description property&quot;" file="/home/jeremyfall/Internal/JTD-Packages/laravel-mcp.git/main/tests/Unit/Server/Handlers/ToolHandlerTest.php" line="516" class="JTD\LaravelMCP\Tests\Unit\Server\Handlers\ToolHandlerTest" classname="JTD.LaravelMCP.Tests.Unit.Server.Handlers.ToolHandlerTest" assertions="1" time="0.005335"/>
          <testcase name="get_tool_description_handles_different_description_methods with data set &quot;no description&quot;" file="/home/jeremyfall/Internal/JTD-Packages/laravel-mcp.git/main/tests/Unit/Server/Handlers/ToolHandlerTest.php" line="516" class="JTD\LaravelMCP\Tests\Unit\Server\Handlers\ToolHandlerTest" classname="JTD.LaravelMCP.Tests.Unit.Server.Handlers.ToolHandlerTest" assertions="1" time="0.005311"/>
        </testsuite>
        <testsuite name="JTD\LaravelMCP\Tests\Unit\Server\Handlers\ToolHandlerTest::get_tool_input_schema_handles_different_schema_methods" tests="4" assertions="4" errors="0" failures="0" skipped="0" time="0.022263">
          <testcase name="get_tool_input_schema_handles_different_schema_methods with data set &quot;getInputSchema method&quot;" file="/home/jeremyfall/Internal/JTD-Packages/laravel-mcp.git/main/tests/Unit/Server/Handlers/ToolHandlerTest.php" line="562" class="JTD\LaravelMCP\Tests\Unit\Server\Handlers\ToolHandlerTest" classname="JTD.LaravelMCP.Tests.Unit.Server.Handlers.ToolHandlerTest" assertions="1" time="0.005481"/>
          <testcase name="get_tool_input_schema_handles_different_schema_methods with data set &quot;inputSchema method&quot;" file="/home/jeremyfall/Internal/JTD-Packages/laravel-mcp.git/main/tests/Unit/Server/Handlers/ToolHandlerTest.php" line="562" class="JTD\LaravelMCP\Tests\Unit\Server\Handlers\ToolHandlerTest" classname="JTD.LaravelMCP.Tests.Unit.Server.Handlers.ToolHandlerTest" assertions="1" time="0.005407"/>
          <testcase name="get_tool_input_schema_handles_different_schema_methods with data set &quot;inputSchema property&quot;" file="/home/jeremyfall/Internal/JTD-Packages/laravel-mcp.git/main/tests/Unit/Server/Handlers/ToolHandlerTest.php" line="562" class="JTD\LaravelMCP\Tests\Unit\Server\Handlers\ToolHandlerTest" classname="JTD.LaravelMCP.Tests.Unit.Server.Handlers.ToolHandlerTest" assertions="1" time="0.005491"/>
          <testcase name="get_tool_input_schema_handles_different_schema_methods with data set &quot;no input schema&quot;" file="/home/jeremyfall/Internal/JTD-Packages/laravel-mcp.git/main/tests/Unit/Server/Handlers/ToolHandlerTest.php" line="562" class="JTD\LaravelMCP\Tests\Unit\Server\Handlers\ToolHandlerTest" classname="JTD.LaravelMCP.Tests.Unit.Server.Handlers.ToolHandlerTest" assertions="1" time="0.005884"/>
        </testsuite>
        <testsuite name="JTD\LaravelMCP\Tests\Unit\Server\Handlers\ToolHandlerTest::get_content_type_determines_correct_type" tests="5" assertions="5" errors="0" failures="0" skipped="0" time="0.027168">
          <testcase name="get_content_type_determines_correct_type with data set &quot;string content&quot;" file="/home/jeremyfall/Internal/JTD-Packages/laravel-mcp.git/main/tests/Unit/Server/Handlers/ToolHandlerTest.php" line="625" class="JTD\LaravelMCP\Tests\Unit\Server\Handlers\ToolHandlerTest" classname="JTD.LaravelMCP.Tests.Unit.Server.Handlers.ToolHandlerTest" assertions="1" time="0.005474"/>
          <testcase name="get_content_type_determines_correct_type with data set &quot;array content&quot;" file="/home/jeremyfall/Internal/JTD-Packages/laravel-mcp.git/main/tests/Unit/Server/Handlers/ToolHandlerTest.php" line="625" class="JTD\LaravelMCP\Tests\Unit\Server\Handlers\ToolHandlerTest" classname="JTD.LaravelMCP.Tests.Unit.Server.Handlers.ToolHandlerTest" assertions="1" time="0.005430"/>
          <testcase name="get_content_type_determines_correct_type with data set &quot;object content&quot;" file="/home/jeremyfall/Internal/JTD-Packages/laravel-mcp.git/main/tests/Unit/Server/Handlers/ToolHandlerTest.php" line="625" class="JTD\LaravelMCP\Tests\Unit\Server\Handlers\ToolHandlerTest" classname="JTD.LaravelMCP.Tests.Unit.Server.Handlers.ToolHandlerTest" assertions="1" time="0.005366"/>
          <testcase name="get_content_type_determines_correct_type with data set &quot;number content&quot;" file="/home/jeremyfall/Internal/JTD-Packages/laravel-mcp.git/main/tests/Unit/Server/Handlers/ToolHandlerTest.php" line="625" class="JTD\LaravelMCP\Tests\Unit\Server\Handlers\ToolHandlerTest" classname="JTD.LaravelMCP.Tests.Unit.Server.Handlers.ToolHandlerTest" assertions="1" time="0.005327"/>
          <testcase name="get_content_type_determines_correct_type with data set &quot;boolean content&quot;" file="/home/jeremyfall/Internal/JTD-Packages/laravel-mcp.git/main/tests/Unit/Server/Handlers/ToolHandlerTest.php" line="625" class="JTD\LaravelMCP\Tests\Unit\Server\Handlers\ToolHandlerTest" classname="JTD.LaravelMCP.Tests.Unit.Server.Handlers.ToolHandlerTest" assertions="1" time="0.005570"/>
        </testsuite>
        <testcase name="get_supported_methods_returns_tool_methods" file="/home/jeremyfall/Internal/JTD-Packages/laravel-mcp.git/main/tests/Unit/Server/Handlers/ToolHandlerTest.php" line="60" class="JTD\LaravelMCP\Tests\Unit\Server\Handlers\ToolHandlerTest" classname="JTD.LaravelMCP.Tests.Unit.Server.Handlers.ToolHandlerTest" assertions="1" time="0.005002"/>
        <testcase name="supports_method_returns_true_for_supported_methods" file="/home/jeremyfall/Internal/JTD-Packages/laravel-mcp.git/main/tests/Unit/Server/Handlers/ToolHandlerTest.php" line="68" class="JTD\LaravelMCP\Tests\Unit\Server\Handlers\ToolHandlerTest" classname="JTD.LaravelMCP.Tests.Unit.Server.Handlers.ToolHandlerTest" assertions="2" time="0.005011"/>
        <testcase name="supports_method_returns_false_for_unsupported_methods" file="/home/jeremyfall/Internal/JTD-Packages/laravel-mcp.git/main/tests/Unit/Server/Handlers/ToolHandlerTest.php" line="75" class="JTD\LaravelMCP\Tests\Unit\Server\Handlers\ToolHandlerTest" classname="JTD.LaravelMCP.Tests.Unit.Server.Handlers.ToolHandlerTest" assertions="2" time="0.007307"/>
        <testcase name="constructor_sets_dependencies_and_handler_name" file="/home/jeremyfall/Internal/JTD-Packages/laravel-mcp.git/main/tests/Unit/Server/Handlers/ToolHandlerTest.php" line="51" class="JTD\LaravelMCP\Tests\Unit\Server\Handlers\ToolHandlerTest" classname="JTD.LaravelMCP.Tests.Unit.Server.Handlers.ToolHandlerTest" assertions="2" time="0.007323"/>
        <testcase name="handle_tools_list_returns_empty_tools_array_when_no_tools" file="/home/jeremyfall/Internal/JTD-Packages/laravel-mcp.git/main/tests/Unit/Server/Handlers/ToolHandlerTest.php" line="92" class="JTD\LaravelMCP\Tests\Unit\Server\Handlers\ToolHandlerTest" classname="JTD.LaravelMCP.Tests.Unit.Server.Handlers.ToolHandlerTest" assertions="4" time="0.006237"/>
        <testcase name="handle_tools_list_applies_cursor_pagination" file="/home/jeremyfall/Internal/JTD-Packages/laravel-mcp.git/main/tests/Unit/Server/Handlers/ToolHandlerTest.php" line="187" class="JTD\LaravelMCP\Tests\Unit\Server\Handlers\ToolHandlerTest" classname="JTD.LaravelMCP.Tests.Unit.Server.Handlers.ToolHandlerTest" assertions="3" time="0.005784"/>
        <testcase name="handle_tools_list_includes_next_cursor_when_more_tools_available" file="/home/jeremyfall/Internal/JTD-Packages/laravel-mcp.git/main/tests/Unit/Server/Handlers/ToolHandlerTest.php" line="213" class="JTD\LaravelMCP\Tests\Unit\Server\Handlers\ToolHandlerTest" classname="JTD.LaravelMCP.Tests.Unit.Server.Handlers.ToolHandlerTest" assertions="4" time="0.007812"/>
      </testsuite>
      <testsuite name="JTD\LaravelMCP\Tests\Unit\Server\McpServerTest" file="/home/jeremyfall/Internal/JTD-Packages/laravel-mcp.git/main/tests/Unit/Server/McpServerTest.php" tests="27" assertions="65" errors="0" failures="0" skipped="0" time="1.167033">
        <testcase name="test_can_initialize_server" file="/home/jeremyfall/Internal/JTD-Packages/laravel-mcp.git/main/tests/Unit/Server/McpServerTest.php" line="86" class="JTD\LaravelMCP\Tests\Unit\Server\McpServerTest" classname="JTD.LaravelMCP.Tests.Unit.Server.McpServerTest" assertions="5" time="0.012238"/>
        <testcase name="test_cannot_initialize_server_twice" file="/home/jeremyfall/Internal/JTD-Packages/laravel-mcp.git/main/tests/Unit/Server/McpServerTest.php" line="129" class="JTD\LaravelMCP\Tests\Unit\Server\McpServerTest" classname="JTD.LaravelMCP.Tests.Unit.Server.McpServerTest" assertions="1" time="0.006069"/>
        <testcase name="test_can_start_server_after_initialization" file="/home/jeremyfall/Internal/JTD-Packages/laravel-mcp.git/main/tests/Unit/Server/McpServerTest.php" line="152" class="JTD\LaravelMCP\Tests\Unit\Server\McpServerTest" classname="JTD.LaravelMCP.Tests.Unit.Server.McpServerTest" assertions="1" time="0.005390"/>
        <testcase name="test_start_is_idempotent" file="/home/jeremyfall/Internal/JTD-Packages/laravel-mcp.git/main/tests/Unit/Server/McpServerTest.php" line="178" class="JTD\LaravelMCP\Tests\Unit\Server\McpServerTest" classname="JTD.LaravelMCP.Tests.Unit.Server.McpServerTest" assertions="1" time="0.005782"/>
        <testcase name="test_can_stop_running_server" file="/home/jeremyfall/Internal/JTD-Packages/laravel-mcp.git/main/tests/Unit/Server/McpServerTest.php" line="193" class="JTD\LaravelMCP\Tests\Unit\Server\McpServerTest" classname="JTD.LaravelMCP.Tests.Unit.Server.McpServerTest" assertions="1" time="0.005811"/>
        <testcase name="test_stop_is_idempotent" file="/home/jeremyfall/Internal/JTD-Packages/laravel-mcp.git/main/tests/Unit/Server/McpServerTest.php" line="206" class="JTD\LaravelMCP\Tests\Unit\Server\McpServerTest" classname="JTD.LaravelMCP.Tests.Unit.Server.McpServerTest" assertions="1" time="0.006388"/>
        <testcase name="test_can_get_server_status" file="/home/jeremyfall/Internal/JTD-Packages/laravel-mcp.git/main/tests/Unit/Server/McpServerTest.php" line="233" class="JTD\LaravelMCP\Tests\Unit\Server\McpServerTest" classname="JTD.LaravelMCP.Tests.Unit.Server.McpServerTest" assertions="8" time="0.009009"/>
        <testcase name="test_can_increment_error_count" file="/home/jeremyfall/Internal/JTD-Packages/laravel-mcp.git/main/tests/Unit/Server/McpServerTest.php" line="424" class="JTD\LaravelMCP\Tests\Unit\Server\McpServerTest" classname="JTD.LaravelMCP.Tests.Unit.Server.McpServerTest" assertions="1" time="0.005319"/>
        <testcase name="test_handles_start_errors" file="/home/jeremyfall/Internal/JTD-Packages/laravel-mcp.git/main/tests/Unit/Server/McpServerTest.php" line="467" class="JTD\LaravelMCP\Tests\Unit\Server\McpServerTest" classname="JTD.LaravelMCP.Tests.Unit.Server.McpServerTest" assertions="2" time="0.005918"/>
        <testcase name="test_handles_stop_errors" file="/home/jeremyfall/Internal/JTD-Packages/laravel-mcp.git/main/tests/Unit/Server/McpServerTest.php" line="481" class="JTD\LaravelMCP\Tests\Unit\Server\McpServerTest" classname="JTD.LaravelMCP.Tests.Unit.Server.McpServerTest" assertions="2" time="0.006293"/>
        <testcase name="test_can_shutdown_gracefully" file="/home/jeremyfall/Internal/JTD-Packages/laravel-mcp.git/main/tests/Unit/Server/McpServerTest.php" line="401" class="JTD\LaravelMCP\Tests\Unit\Server\McpServerTest" classname="JTD.LaravelMCP.Tests.Unit.Server.McpServerTest" assertions="1" time="0.006026"/>
        <testcase name="test_can_increment_request_count" file="/home/jeremyfall/Internal/JTD-Packages/laravel-mcp.git/main/tests/Unit/Server/McpServerTest.php" line="414" class="JTD\LaravelMCP\Tests\Unit\Server\McpServerTest" classname="JTD.LaravelMCP.Tests.Unit.Server.McpServerTest" assertions="1" time="0.005451"/>
        <testcase name="test_can_restart_server" file="/home/jeremyfall/Internal/JTD-Packages/laravel-mcp.git/main/tests/Unit/Server/McpServerTest.php" line="220" class="JTD\LaravelMCP\Tests\Unit\Server\McpServerTest" classname="JTD.LaravelMCP.Tests.Unit.Server.McpServerTest" assertions="1" time="1.007197"/>
        <testcase name="test_implements_server_interface" file="/home/jeremyfall/Internal/JTD-Packages/laravel-mcp.git/main/tests/Unit/Server/McpServerTest.php" line="70" class="JTD\LaravelMCP\Tests\Unit\Server\McpServerTest" classname="JTD.LaravelMCP.Tests.Unit.Server.McpServerTest" assertions="1" time="0.006145"/>
        <testcase name="test_can_create_server_instance" file="/home/jeremyfall/Internal/JTD-Packages/laravel-mcp.git/main/tests/Unit/Server/McpServerTest.php" line="75" class="JTD\LaravelMCP\Tests\Unit\Server\McpServerTest" classname="JTD.LaravelMCP.Tests.Unit.Server.McpServerTest" assertions="1" time="0.005155"/>
        <testcase name="test_server_starts_uninitialized_and_not_running" file="/home/jeremyfall/Internal/JTD-Packages/laravel-mcp.git/main/tests/Unit/Server/McpServerTest.php" line="80" class="JTD\LaravelMCP\Tests\Unit\Server\McpServerTest" classname="JTD.LaravelMCP.Tests.Unit.Server.McpServerTest" assertions="2" time="0.004946"/>
        <testcase name="test_cannot_start_uninitialized_server" file="/home/jeremyfall/Internal/JTD-Packages/laravel-mcp.git/main/tests/Unit/Server/McpServerTest.php" line="170" class="JTD\LaravelMCP\Tests\Unit\Server\McpServerTest" classname="JTD.LaravelMCP.Tests.Unit.Server.McpServerTest" assertions="2" time="0.005267"/>
        <testcase name="test_can_get_server_info" file="/home/jeremyfall/Internal/JTD-Packages/laravel-mcp.git/main/tests/Unit/Server/McpServerTest.php" line="284" class="JTD\LaravelMCP\Tests\Unit\Server\McpServerTest" classname="JTD.LaravelMCP.Tests.Unit.Server.McpServerTest" assertions="1" time="0.005646"/>
        <testcase name="test_can_get_capabilities" file="/home/jeremyfall/Internal/JTD-Packages/laravel-mcp.git/main/tests/Unit/Server/McpServerTest.php" line="301" class="JTD\LaravelMCP\Tests\Unit\Server\McpServerTest" classname="JTD.LaravelMCP.Tests.Unit.Server.McpServerTest" assertions="1" time="0.005483"/>
        <testcase name="test_can_get_uptime" file="/home/jeremyfall/Internal/JTD-Packages/laravel-mcp.git/main/tests/Unit/Server/McpServerTest.php" line="359" class="JTD\LaravelMCP\Tests\Unit\Server\McpServerTest" classname="JTD.LaravelMCP.Tests.Unit.Server.McpServerTest" assertions="1" time="0.004889"/>
        <testcase name="test_can_get_server_health" file="/home/jeremyfall/Internal/JTD-Packages/laravel-mcp.git/main/tests/Unit/Server/McpServerTest.php" line="249" class="JTD\LaravelMCP\Tests\Unit\Server\McpServerTest" classname="JTD.LaravelMCP.Tests.Unit.Server.McpServerTest" assertions="10" time="0.006063"/>
        <testcase name="test_can_set_and_get_configuration" file="/home/jeremyfall/Internal/JTD-Packages/laravel-mcp.git/main/tests/Unit/Server/McpServerTest.php" line="314" class="JTD\LaravelMCP\Tests\Unit\Server\McpServerTest" classname="JTD.LaravelMCP.Tests.Unit.Server.McpServerTest" assertions="2" time="0.005689"/>
        <testcase name="test_can_register_transport" file="/home/jeremyfall/Internal/JTD-Packages/laravel-mcp.git/main/tests/Unit/Server/McpServerTest.php" line="325" class="JTD\LaravelMCP\Tests\Unit\Server\McpServerTest" classname="JTD.LaravelMCP.Tests.Unit.Server.McpServerTest" assertions="1" time="0.006109"/>
        <testcase name="test_can_remove_transport" file="/home/jeremyfall/Internal/JTD-Packages/laravel-mcp.git/main/tests/Unit/Server/McpServerTest.php" line="340" class="JTD\LaravelMCP\Tests\Unit\Server\McpServerTest" classname="JTD.LaravelMCP.Tests.Unit.Server.McpServerTest" assertions="1" time="0.005949"/>
        <testcase name="test_can_get_metrics" file="/home/jeremyfall/Internal/JTD-Packages/laravel-mcp.git/main/tests/Unit/Server/McpServerTest.php" line="372" class="JTD\LaravelMCP\Tests\Unit\Server\McpServerTest" classname="JTD.LaravelMCP.Tests.Unit.Server.McpServerTest" assertions="8" time="0.005484"/>
        <testcase name="test_handles_initialization_errors" file="/home/jeremyfall/Internal/JTD-Packages/laravel-mcp.git/main/tests/Unit/Server/McpServerTest.php" line="455" class="JTD\LaravelMCP\Tests\Unit\Server\McpServerTest" classname="JTD.LaravelMCP.Tests.Unit.Server.McpServerTest" assertions="2" time="0.005927"/>
        <testcase name="test_can_get_diagnostics" file="/home/jeremyfall/Internal/JTD-Packages/laravel-mcp.git/main/tests/Unit/Server/McpServerTest.php" line="434" class="JTD\LaravelMCP\Tests\Unit\Server\McpServerTest" classname="JTD.LaravelMCP.Tests.Unit.Server.McpServerTest" assertions="6" time="0.007391"/>
      </testsuite>
      <testsuite name="JTD\LaravelMCP\Tests\Unit\Server\ServerInfoTest" file="/home/jeremyfall/Internal/JTD-Packages/laravel-mcp.git/main/tests/Unit/Server/ServerInfoTest.php" tests="26" assertions="72" errors="0" failures="0" skipped="0" time="1.134163">
        <testcase name="test_implementation_info_is_correct" file="/home/jeremyfall/Internal/JTD-Packages/laravel-mcp.git/main/tests/Unit/Server/ServerInfoTest.php" line="265" class="JTD\LaravelMCP\Tests\Unit\Server\ServerInfoTest" classname="JTD.LaravelMCP.Tests.Unit.Server.ServerInfoTest" assertions="5" time="0.005075"/>
        <testcase name="test_can_create_server_info_instance" file="/home/jeremyfall/Internal/JTD-Packages/laravel-mcp.git/main/tests/Unit/Server/ServerInfoTest.php" line="20" class="JTD\LaravelMCP\Tests\Unit\Server\ServerInfoTest" classname="JTD.LaravelMCP.Tests.Unit.Server.ServerInfoTest" assertions="1" time="0.005057"/>
        <testcase name="test_can_get_basic_info" file="/home/jeremyfall/Internal/JTD-Packages/laravel-mcp.git/main/tests/Unit/Server/ServerInfoTest.php" line="40" class="JTD\LaravelMCP\Tests\Unit\Server\ServerInfoTest" classname="JTD.LaravelMCP.Tests.Unit.Server.ServerInfoTest" assertions="3" time="0.005049"/>
        <testcase name="test_can_get_protocol_version" file="/home/jeremyfall/Internal/JTD-Packages/laravel-mcp.git/main/tests/Unit/Server/ServerInfoTest.php" line="49" class="JTD\LaravelMCP\Tests\Unit\Server\ServerInfoTest" classname="JTD.LaravelMCP.Tests.Unit.Server.ServerInfoTest" assertions="1" time="0.004946"/>
        <testcase name="test_can_get_uptime" file="/home/jeremyfall/Internal/JTD-Packages/laravel-mcp.git/main/tests/Unit/Server/ServerInfoTest.php" line="56" class="JTD\LaravelMCP\Tests\Unit\Server\ServerInfoTest" classname="JTD.LaravelMCP.Tests.Unit.Server.ServerInfoTest" assertions="3" time="0.004780"/>
        <testcase name="test_can_get_start_time" file="/home/jeremyfall/Internal/JTD-Packages/laravel-mcp.git/main/tests/Unit/Server/ServerInfoTest.php" line="64" class="JTD\LaravelMCP\Tests\Unit\Server\ServerInfoTest" classname="JTD.LaravelMCP.Tests.Unit.Server.ServerInfoTest" assertions="3" time="0.004481"/>
        <testcase name="test_can_get_name" file="/home/jeremyfall/Internal/JTD-Packages/laravel-mcp.git/main/tests/Unit/Server/ServerInfoTest.php" line="72" class="JTD\LaravelMCP\Tests\Unit\Server\ServerInfoTest" classname="JTD.LaravelMCP.Tests.Unit.Server.ServerInfoTest" assertions="2" time="0.004483"/>
        <testcase name="test_can_get_version" file="/home/jeremyfall/Internal/JTD-Packages/laravel-mcp.git/main/tests/Unit/Server/ServerInfoTest.php" line="80" class="JTD\LaravelMCP\Tests\Unit\Server\ServerInfoTest" classname="JTD.LaravelMCP.Tests.Unit.Server.ServerInfoTest" assertions="2" time="0.004877"/>
        <testcase name="test_can_get_description" file="/home/jeremyfall/Internal/JTD-Packages/laravel-mcp.git/main/tests/Unit/Server/ServerInfoTest.php" line="88" class="JTD\LaravelMCP\Tests\Unit\Server\ServerInfoTest" classname="JTD.LaravelMCP.Tests.Unit.Server.ServerInfoTest" assertions="2" time="0.004930"/>
        <testcase name="test_can_get_vendor" file="/home/jeremyfall/Internal/JTD-Packages/laravel-mcp.git/main/tests/Unit/Server/ServerInfoTest.php" line="96" class="JTD\LaravelMCP\Tests\Unit\Server\ServerInfoTest" classname="JTD.LaravelMCP.Tests.Unit.Server.ServerInfoTest" assertions="2" time="0.005282"/>
        <testcase name="test_can_set_name" file="/home/jeremyfall/Internal/JTD-Packages/laravel-mcp.git/main/tests/Unit/Server/ServerInfoTest.php" line="104" class="JTD\LaravelMCP\Tests\Unit\Server\ServerInfoTest" classname="JTD.LaravelMCP.Tests.Unit.Server.ServerInfoTest" assertions="1" time="0.005047"/>
        <testcase name="test_can_set_version" file="/home/jeremyfall/Internal/JTD-Packages/laravel-mcp.git/main/tests/Unit/Server/ServerInfoTest.php" line="112" class="JTD\LaravelMCP\Tests\Unit\Server\ServerInfoTest" classname="JTD.LaravelMCP.Tests.Unit.Server.ServerInfoTest" assertions="1" time="0.005091"/>
        <testcase name="test_can_set_description" file="/home/jeremyfall/Internal/JTD-Packages/laravel-mcp.git/main/tests/Unit/Server/ServerInfoTest.php" line="120" class="JTD\LaravelMCP\Tests\Unit\Server\ServerInfoTest" classname="JTD.LaravelMCP.Tests.Unit.Server.ServerInfoTest" assertions="1" time="0.004733"/>
        <testcase name="test_can_set_vendor" file="/home/jeremyfall/Internal/JTD-Packages/laravel-mcp.git/main/tests/Unit/Server/ServerInfoTest.php" line="128" class="JTD\LaravelMCP\Tests\Unit\Server\ServerInfoTest" classname="JTD.LaravelMCP.Tests.Unit.Server.ServerInfoTest" assertions="1" time="0.004996"/>
        <testcase name="test_can_update_server_info" file="/home/jeremyfall/Internal/JTD-Packages/laravel-mcp.git/main/tests/Unit/Server/ServerInfoTest.php" line="136" class="JTD\LaravelMCP\Tests\Unit\Server\ServerInfoTest" classname="JTD.LaravelMCP.Tests.Unit.Server.ServerInfoTest" assertions="2" time="0.004756"/>
        <testcase name="test_can_update_runtime_info" file="/home/jeremyfall/Internal/JTD-Packages/laravel-mcp.git/main/tests/Unit/Server/ServerInfoTest.php" line="149" class="JTD\LaravelMCP\Tests\Unit\Server\ServerInfoTest" classname="JTD.LaravelMCP.Tests.Unit.Server.ServerInfoTest" assertions="2" time="0.005180"/>
        <testcase name="test_can_get_formatted_uptime" file="/home/jeremyfall/Internal/JTD-Packages/laravel-mcp.git/main/tests/Unit/Server/ServerInfoTest.php" line="185" class="JTD\LaravelMCP\Tests\Unit\Server\ServerInfoTest" classname="JTD.LaravelMCP.Tests.Unit.Server.ServerInfoTest" assertions="2" time="0.004965"/>
        <testcase name="test_can_convert_to_json" file="/home/jeremyfall/Internal/JTD-Packages/laravel-mcp.git/main/tests/Unit/Server/ServerInfoTest.php" line="204" class="JTD\LaravelMCP\Tests\Unit\Server\ServerInfoTest" classname="JTD.LaravelMCP.Tests.Unit.Server.ServerInfoTest" assertions="3" time="0.005725"/>
        <testcase name="test_can_convert_to_array" file="/home/jeremyfall/Internal/JTD-Packages/laravel-mcp.git/main/tests/Unit/Server/ServerInfoTest.php" line="215" class="JTD\LaravelMCP\Tests\Unit\Server\ServerInfoTest" classname="JTD.LaravelMCP.Tests.Unit.Server.ServerInfoTest" assertions="3" time="0.005312"/>
        <testcase name="test_respects_environment_variables" file="/home/jeremyfall/Internal/JTD-Packages/laravel-mcp.git/main/tests/Unit/Server/ServerInfoTest.php" line="239" class="JTD\LaravelMCP\Tests\Unit\Server\ServerInfoTest" classname="JTD.LaravelMCP.Tests.Unit.Server.ServerInfoTest" assertions="2" time="0.005476"/>
        <testcase name="test_runtime_info_contains_required_fields" file="/home/jeremyfall/Internal/JTD-Packages/laravel-mcp.git/main/tests/Unit/Server/ServerInfoTest.php" line="253" class="JTD\LaravelMCP\Tests\Unit\Server\ServerInfoTest" classname="JTD.LaravelMCP.Tests.Unit.Server.ServerInfoTest" assertions="5" time="0.004982"/>
        <testcase name="test_has_default_server_information" file="/home/jeremyfall/Internal/JTD-Packages/laravel-mcp.git/main/tests/Unit/Server/ServerInfoTest.php" line="25" class="JTD\LaravelMCP\Tests\Unit\Server\ServerInfoTest" classname="JTD.LaravelMCP.Tests.Unit.Server.ServerInfoTest" assertions="9" time="0.006009"/>
        <testcase name="test_can_get_status" file="/home/jeremyfall/Internal/JTD-Packages/laravel-mcp.git/main/tests/Unit/Server/ServerInfoTest.php" line="162" class="JTD\LaravelMCP\Tests\Unit\Server\ServerInfoTest" classname="JTD.LaravelMCP.Tests.Unit.Server.ServerInfoTest" assertions="7" time="0.005501"/>
        <testcase name="test_can_get_detailed_info" file="/home/jeremyfall/Internal/JTD-Packages/laravel-mcp.git/main/tests/Unit/Server/ServerInfoTest.php" line="175" class="JTD\LaravelMCP\Tests\Unit\Server\ServerInfoTest" classname="JTD.LaravelMCP.Tests.Unit.Server.ServerInfoTest" assertions="4" time="0.005626"/>
        <testcase name="test_respects_configuration" file="/home/jeremyfall/Internal/JTD-Packages/laravel-mcp.git/main/tests/Unit/Server/ServerInfoTest.php" line="224" class="JTD\LaravelMCP\Tests\Unit\Server\ServerInfoTest" classname="JTD.LaravelMCP.Tests.Unit.Server.ServerInfoTest" assertions="4" time="0.005525"/>
        <testcase name="test_can_reset_start_time" file="/home/jeremyfall/Internal/JTD-Packages/laravel-mcp.git/main/tests/Unit/Server/ServerInfoTest.php" line="193" class="JTD\LaravelMCP\Tests\Unit\Server\ServerInfoTest" classname="JTD.LaravelMCP.Tests.Unit.Server.ServerInfoTest" assertions="1" time="1.006278"/>
      </testsuite>
      <testsuite name="JTD\LaravelMCP\Tests\Feature\DirectoryStructureValidationTest" file="/home/jeremyfall/Internal/JTD-Packages/laravel-mcp.git/main/tests/Feature/DirectoryStructureValidationTest.php" tests="20" assertions="93" errors="0" failures="0" skipped="0" time="0.111055">
        <testcase name="it_has_all_required_source_directories" file="/home/jeremyfall/Internal/JTD-Packages/laravel-mcp.git/main/tests/Feature/DirectoryStructureValidationTest.php" line="31" class="JTD\LaravelMCP\Tests\Feature\DirectoryStructureValidationTest" classname="JTD.LaravelMCP.Tests.Feature.DirectoryStructureValidationTest" assertions="17" time="0.006034"/>
        <testcase name="it_has_all_required_configuration_directories" file="/home/jeremyfall/Internal/JTD-Packages/laravel-mcp.git/main/tests/Feature/DirectoryStructureValidationTest.php" line="67" class="JTD\LaravelMCP\Tests\Feature\DirectoryStructureValidationTest" classname="JTD.LaravelMCP.Tests.Feature.DirectoryStructureValidationTest" assertions="6" time="0.004780"/>
        <testcase name="it_has_all_required_contract_interfaces" file="/home/jeremyfall/Internal/JTD-Packages/laravel-mcp.git/main/tests/Feature/DirectoryStructureValidationTest.php" line="118" class="JTD\LaravelMCP\Tests\Feature\DirectoryStructureValidationTest" classname="JTD.LaravelMCP.Tests.Feature.DirectoryStructureValidationTest" assertions="6" time="0.005678"/>
        <testcase name="it_has_all_required_foundational_traits" file="/home/jeremyfall/Internal/JTD-Packages/laravel-mcp.git/main/tests/Feature/DirectoryStructureValidationTest.php" line="143" class="JTD\LaravelMCP\Tests\Feature\DirectoryStructureValidationTest" classname="JTD.LaravelMCP.Tests.Feature.DirectoryStructureValidationTest" assertions="3" time="0.007108"/>
        <testcase name="it_has_all_required_exception_classes" file="/home/jeremyfall/Internal/JTD-Packages/laravel-mcp.git/main/tests/Feature/DirectoryStructureValidationTest.php" line="165" class="JTD\LaravelMCP\Tests\Feature\DirectoryStructureValidationTest" classname="JTD.LaravelMCP.Tests.Feature.DirectoryStructureValidationTest" assertions="4" time="0.006764"/>
        <testcase name="it_has_the_mcp_facade" file="/home/jeremyfall/Internal/JTD-Packages/laravel-mcp.git/main/tests/Feature/DirectoryStructureValidationTest.php" line="188" class="JTD\LaravelMCP\Tests\Feature\DirectoryStructureValidationTest" classname="JTD.LaravelMCP.Tests.Feature.DirectoryStructureValidationTest" assertions="1" time="0.006653"/>
        <testcase name="it_has_console_utilities" file="/home/jeremyfall/Internal/JTD-Packages/laravel-mcp.git/main/tests/Feature/DirectoryStructureValidationTest.php" line="199" class="JTD\LaravelMCP\Tests\Feature\DirectoryStructureValidationTest" classname="JTD.LaravelMCP.Tests.Feature.DirectoryStructureValidationTest" assertions="1" time="0.005210"/>
        <testcase name="it_has_all_code_generation_stubs" file="/home/jeremyfall/Internal/JTD-Packages/laravel-mcp.git/main/tests/Feature/DirectoryStructureValidationTest.php" line="219" class="JTD\LaravelMCP\Tests\Feature\DirectoryStructureValidationTest" classname="JTD.LaravelMCP.Tests.Feature.DirectoryStructureValidationTest" assertions="4" time="0.005271"/>
        <testcase name="it_has_debug_view_template" file="/home/jeremyfall/Internal/JTD-Packages/laravel-mcp.git/main/tests/Feature/DirectoryStructureValidationTest.php" line="242" class="JTD\LaravelMCP\Tests\Feature\DirectoryStructureValidationTest" classname="JTD.LaravelMCP.Tests.Feature.DirectoryStructureValidationTest" assertions="1" time="0.005840"/>
        <testcase name="it_has_base_test_case" file="/home/jeremyfall/Internal/JTD-Packages/laravel-mcp.git/main/tests/Feature/DirectoryStructureValidationTest.php" line="253" class="JTD\LaravelMCP\Tests\Feature\DirectoryStructureValidationTest" classname="JTD.LaravelMCP.Tests.Feature.DirectoryStructureValidationTest" assertions="1" time="0.004981"/>
        <testcase name="it_has_test_fixtures" file="/home/jeremyfall/Internal/JTD-Packages/laravel-mcp.git/main/tests/Feature/DirectoryStructureValidationTest.php" line="264" class="JTD\LaravelMCP\Tests\Feature\DirectoryStructureValidationTest" classname="JTD.LaravelMCP.Tests.Feature.DirectoryStructureValidationTest" assertions="5" time="0.004911"/>
        <testcase name="it_can_load_all_contract_interfaces" file="/home/jeremyfall/Internal/JTD-Packages/laravel-mcp.git/main/tests/Feature/DirectoryStructureValidationTest.php" line="288" class="JTD\LaravelMCP\Tests\Feature\DirectoryStructureValidationTest" classname="JTD.LaravelMCP.Tests.Feature.DirectoryStructureValidationTest" assertions="6" time="0.005064"/>
        <testcase name="it_can_load_all_trait_classes" file="/home/jeremyfall/Internal/JTD-Packages/laravel-mcp.git/main/tests/Feature/DirectoryStructureValidationTest.php" line="312" class="JTD\LaravelMCP\Tests\Feature\DirectoryStructureValidationTest" classname="JTD.LaravelMCP.Tests.Feature.DirectoryStructureValidationTest" assertions="3" time="0.005714"/>
        <testcase name="it_can_load_all_exception_classes" file="/home/jeremyfall/Internal/JTD-Packages/laravel-mcp.git/main/tests/Feature/DirectoryStructureValidationTest.php" line="333" class="JTD\LaravelMCP\Tests\Feature\DirectoryStructureValidationTest" classname="JTD.LaravelMCP.Tests.Feature.DirectoryStructureValidationTest" assertions="7" time="0.005541"/>
        <testcase name="it_can_load_mcp_facade" file="/home/jeremyfall/Internal/JTD-Packages/laravel-mcp.git/main/tests/Feature/DirectoryStructureValidationTest.php" line="363" class="JTD\LaravelMCP\Tests\Feature\DirectoryStructureValidationTest" classname="JTD.LaravelMCP.Tests.Feature.DirectoryStructureValidationTest" assertions="2" time="0.005139"/>
        <testcase name="it_can_load_console_utilities" file="/home/jeremyfall/Internal/JTD-Packages/laravel-mcp.git/main/tests/Feature/DirectoryStructureValidationTest.php" line="382" class="JTD\LaravelMCP\Tests\Feature\DirectoryStructureValidationTest" classname="JTD.LaravelMCP.Tests.Feature.DirectoryStructureValidationTest" assertions="1" time="0.005762"/>
        <testcase name="it_can_load_test_fixtures" file="/home/jeremyfall/Internal/JTD-Packages/laravel-mcp.git/main/tests/Feature/DirectoryStructureValidationTest.php" line="396" class="JTD\LaravelMCP\Tests\Feature\DirectoryStructureValidationTest" classname="JTD.LaravelMCP.Tests.Feature.DirectoryStructureValidationTest" assertions="5" time="0.004756"/>
        <testcase name="it_follows_laravel_namespace_patterns" file="/home/jeremyfall/Internal/JTD-Packages/laravel-mcp.git/main/tests/Feature/DirectoryStructureValidationTest.php" line="419" class="JTD\LaravelMCP\Tests\Feature\DirectoryStructureValidationTest" classname="JTD.LaravelMCP.Tests.Feature.DirectoryStructureValidationTest" assertions="7" time="0.004981"/>
        <testcase name="it_supports_psr4_autoloading" file="/home/jeremyfall/Internal/JTD-Packages/laravel-mcp.git/main/tests/Feature/DirectoryStructureValidationTest.php" line="436" class="JTD\LaravelMCP\Tests\Feature\DirectoryStructureValidationTest" classname="JTD.LaravelMCP.Tests.Feature.DirectoryStructureValidationTest" assertions="6" time="0.005512"/>
        <testcase name="it_has_all_required_test_directories" file="/home/jeremyfall/Internal/JTD-Packages/laravel-mcp.git/main/tests/Feature/DirectoryStructureValidationTest.php" line="92" class="JTD\LaravelMCP\Tests\Feature\DirectoryStructureValidationTest" classname="JTD.LaravelMCP.Tests.Feature.DirectoryStructureValidationTest" assertions="7" time="0.005356"/>
      </testsuite>
      <testsuite name="JTD\LaravelMCP\Tests\Feature\Server\Handlers\HandlerIntegrationTest" file="/home/jeremyfall/Internal/JTD-Packages/laravel-mcp.git/main/tests/Feature/Server/Handlers/HandlerIntegrationTest.php" tests="11" assertions="88" errors="0" failures="0" skipped="0" time="0.076443">
        <testcase name="handlers_handle_error_scenarios_gracefully" file="/home/jeremyfall/Internal/JTD-Packages/laravel-mcp.git/main/tests/Feature/Server/Handlers/HandlerIntegrationTest.php" line="304" class="JTD\LaravelMCP\Tests\Feature\Server\Handlers\HandlerIntegrationTest" classname="JTD.LaravelMCP.Tests.Feature.Server.Handlers.HandlerIntegrationTest" assertions="3" time="0.005753"/>
        <testcase name="tool_execution_handles_different_result_types" file="/home/jeremyfall/Internal/JTD-Packages/laravel-mcp.git/main/tests/Feature/Server/Handlers/HandlerIntegrationTest.php" line="407" class="JTD\LaravelMCP\Tests\Feature\Server\Handlers\HandlerIntegrationTest" classname="JTD.LaravelMCP.Tests.Feature.Server.Handlers.HandlerIntegrationTest" assertions="7" time="0.005324"/>
        <testcase name="resource_reading_handles_different_content_types" file="/home/jeremyfall/Internal/JTD-Packages/laravel-mcp.git/main/tests/Feature/Server/Handlers/HandlerIntegrationTest.php" line="491" class="JTD\LaravelMCP\Tests\Feature\Server\Handlers\HandlerIntegrationTest" classname="JTD.LaravelMCP.Tests.Feature.Server.Handlers.HandlerIntegrationTest" assertions="7" time="0.005747"/>
        <testcase name="complete_prompt_workflow_lists_and_gets_prompts" file="/home/jeremyfall/Internal/JTD-Packages/laravel-mcp.git/main/tests/Feature/Server/Handlers/HandlerIntegrationTest.php" line="121" class="JTD\LaravelMCP\Tests\Feature\Server\Handlers\HandlerIntegrationTest" classname="JTD.LaravelMCP.Tests.Feature.Server.Handlers.HandlerIntegrationTest" assertions="13" time="0.006129"/>
        <testcase name="handlers_validate_request_parameters_correctly" file="/home/jeremyfall/Internal/JTD-Packages/laravel-mcp.git/main/tests/Feature/Server/Handlers/HandlerIntegrationTest.php" line="336" class="JTD\LaravelMCP\Tests\Feature\Server\Handlers\HandlerIntegrationTest" classname="JTD.LaravelMCP.Tests.Feature.Server.Handlers.HandlerIntegrationTest" assertions="3" time="0.006356"/>
        <testcase name="complete_tool_workflow_lists_and_executes_tools" file="/home/jeremyfall/Internal/JTD-Packages/laravel-mcp.git/main/tests/Feature/Server/Handlers/HandlerIntegrationTest.php" line="56" class="JTD\LaravelMCP\Tests\Feature\Server\Handlers\HandlerIntegrationTest" classname="JTD.LaravelMCP.Tests.Feature.Server.Handlers.HandlerIntegrationTest" assertions="12" time="0.006020"/>
        <testcase name="complete_resource_workflow_lists_and_reads_resources" file="/home/jeremyfall/Internal/JTD-Packages/laravel-mcp.git/main/tests/Feature/Server/Handlers/HandlerIntegrationTest.php" line="93" class="JTD\LaravelMCP\Tests\Feature\Server\Handlers\HandlerIntegrationTest" classname="JTD.LaravelMCP.Tests.Feature.Server.Handlers.HandlerIntegrationTest" assertions="10" time="0.005760"/>
        <testcase name="handlers_return_proper_mcp_response_format" file="/home/jeremyfall/Internal/JTD-Packages/laravel-mcp.git/main/tests/Feature/Server/Handlers/HandlerIntegrationTest.php" line="368" class="JTD\LaravelMCP\Tests\Feature\Server\Handlers\HandlerIntegrationTest" classname="JTD.LaravelMCP.Tests.Feature.Server.Handlers.HandlerIntegrationTest" assertions="22" time="0.006490"/>
        <testcase name="prompt_handler_manages_pagination_correctly" file="/home/jeremyfall/Internal/JTD-Packages/laravel-mcp.git/main/tests/Feature/Server/Handlers/HandlerIntegrationTest.php" line="262" class="JTD\LaravelMCP\Tests\Feature\Server\Handlers\HandlerIntegrationTest" classname="JTD.LaravelMCP.Tests.Feature.Server.Handlers.HandlerIntegrationTest" assertions="2" time="0.007944"/>
        <testcase name="tool_handler_manages_pagination_correctly" file="/home/jeremyfall/Internal/JTD-Packages/laravel-mcp.git/main/tests/Feature/Server/Handlers/HandlerIntegrationTest.php" line="159" class="JTD\LaravelMCP\Tests\Feature\Server\Handlers\HandlerIntegrationTest" classname="JTD.LaravelMCP.Tests.Feature.Server.Handlers.HandlerIntegrationTest" assertions="6" time="0.011935"/>
        <testcase name="resource_handler_manages_pagination_correctly" file="/home/jeremyfall/Internal/JTD-Packages/laravel-mcp.git/main/tests/Feature/Server/Handlers/HandlerIntegrationTest.php" line="214" class="JTD\LaravelMCP\Tests\Feature\Server\Handlers\HandlerIntegrationTest" classname="JTD.LaravelMCP.Tests.Feature.Server.Handlers.HandlerIntegrationTest" assertions="3" time="0.008984"/>
      </testsuite>
      <testsuite name="JTD\LaravelMCP\Tests\Integration\Commands\MakeCommandsIntegrationTest" file="/home/jeremyfall/Internal/JTD-Packages/laravel-mcp.git/main/tests/Integration/Commands/MakeCommandsIntegrationTest.php" tests="7" assertions="54" errors="0" failures="0" skipped="0" time="1.255634">
        <testcase name="it_generates_classes_with_proper_inheritance_structure" file="/home/jeremyfall/Internal/JTD-Packages/laravel-mcp.git/main/tests/Integration/Commands/MakeCommandsIntegrationTest.php" line="159" class="JTD\LaravelMCP\Tests\Integration\Commands\MakeCommandsIntegrationTest" classname="JTD.LaravelMCP.Tests.Integration.Commands.MakeCommandsIntegrationTest" assertions="6" time="0.011982"/>
        <testcase name="it_handles_complex_nested_namespace_generation" file="/home/jeremyfall/Internal/JTD-Packages/laravel-mcp.git/main/tests/Integration/Commands/MakeCommandsIntegrationTest.php" line="186" class="JTD\LaravelMCP\Tests\Integration\Commands\MakeCommandsIntegrationTest" classname="JTD.LaravelMCP.Tests.Integration.Commands.MakeCommandsIntegrationTest" assertions="7" time="0.046122"/>
        <testcase name="it_generates_valid_resource_class_that_compiles" file="/home/jeremyfall/Internal/JTD-Packages/laravel-mcp.git/main/tests/Integration/Commands/MakeCommandsIntegrationTest.php" line="92" class="JTD\LaravelMCP\Tests\Integration\Commands\MakeCommandsIntegrationTest" classname="JTD.LaravelMCP.Tests.Integration.Commands.MakeCommandsIntegrationTest" assertions="9" time="0.044646"/>
        <testcase name="it_generates_valid_prompt_class_that_compiles" file="/home/jeremyfall/Internal/JTD-Packages/laravel-mcp.git/main/tests/Integration/Commands/MakeCommandsIntegrationTest.php" line="126" class="JTD\LaravelMCP\Tests\Integration\Commands\MakeCommandsIntegrationTest" classname="JTD.LaravelMCP.Tests.Integration.Commands.MakeCommandsIntegrationTest" assertions="8" time="0.046122"/>
        <testcase name="it_generates_valid_tool_class_that_compiles" file="/home/jeremyfall/Internal/JTD-Packages/laravel-mcp.git/main/tests/Integration/Commands/MakeCommandsIntegrationTest.php" line="57" class="JTD\LaravelMCP\Tests\Integration\Commands\MakeCommandsIntegrationTest" classname="JTD.LaravelMCP.Tests.Integration.Commands.MakeCommandsIntegrationTest" assertions="10" time="0.044523"/>
        <testcase name="it_generates_classes_with_proper_mcp_schema_structure" file="/home/jeremyfall/Internal/JTD-Packages/laravel-mcp.git/main/tests/Integration/Commands/MakeCommandsIntegrationTest.php" line="215" class="JTD\LaravelMCP\Tests\Integration\Commands\MakeCommandsIntegrationTest" classname="JTD.LaravelMCP.Tests.Integration.Commands.MakeCommandsIntegrationTest" assertions="8" time="0.042371"/>
        <testcase name="it_handles_force_overwrite_correctly_across_all_commands" file="/home/jeremyfall/Internal/JTD-Packages/laravel-mcp.git/main/tests/Integration/Commands/MakeCommandsIntegrationTest.php" line="263" class="JTD\LaravelMCP\Tests\Integration\Commands\MakeCommandsIntegrationTest" classname="JTD.LaravelMCP.Tests.Integration.Commands.MakeCommandsIntegrationTest" assertions="6" time="1.019867"/>
      </testsuite>
      <testsuite name="JTD\LaravelMCP\Tests\Unit\Commands\MakeResourceCommandTest" file="/home/jeremyfall/Internal/JTD-Packages/laravel-mcp.git/main/tests/Unit/Commands/MakeResourceCommandTest.php" tests="18" assertions="47" errors="0" failures="0" skipped="0" time="0.113522">
        <testcase name="it_qualifies_model_class_correctly" file="/home/jeremyfall/Internal/JTD-Packages/laravel-mcp.git/main/tests/Unit/Commands/MakeResourceCommandTest.php" line="289" class="JTD\LaravelMCP\Tests\Unit\Commands\MakeResourceCommandTest" classname="JTD.LaravelMCP.Tests.Unit.Commands.MakeResourceCommandTest" assertions="3" time="0.005876"/>
        <testcase name="it_handles_filesystem_errors_gracefully" file="/home/jeremyfall/Internal/JTD-Packages/laravel-mcp.git/main/tests/Unit/Commands/MakeResourceCommandTest.php" line="309" class="JTD\LaravelMCP\Tests\Unit\Commands\MakeResourceCommandTest" classname="JTD.LaravelMCP.Tests.Unit.Commands.MakeResourceCommandTest" assertions="2" time="0.005439"/>
        <testcase name="it_creates_resource_file_successfully" file="/home/jeremyfall/Internal/JTD-Packages/laravel-mcp.git/main/tests/Unit/Commands/MakeResourceCommandTest.php" line="115" class="JTD\LaravelMCP\Tests\Unit\Commands\MakeResourceCommandTest" classname="JTD.LaravelMCP.Tests.Unit.Commands.MakeResourceCommandTest" assertions="6" time="0.006292"/>
        <testcase name="it_creates_resource_with_custom_uri_template" file="/home/jeremyfall/Internal/JTD-Packages/laravel-mcp.git/main/tests/Unit/Commands/MakeResourceCommandTest.php" line="152" class="JTD\LaravelMCP\Tests\Unit\Commands\MakeResourceCommandTest" classname="JTD.LaravelMCP.Tests.Unit.Commands.MakeResourceCommandTest" assertions="3" time="0.006994"/>
        <testcase name="it_validates_uri_template_format" file="/home/jeremyfall/Internal/JTD-Packages/laravel-mcp.git/main/tests/Unit/Commands/MakeResourceCommandTest.php" line="182" class="JTD\LaravelMCP\Tests\Unit\Commands\MakeResourceCommandTest" classname="JTD.LaravelMCP.Tests.Unit.Commands.MakeResourceCommandTest" assertions="3" time="0.007377"/>
        <testcase name="it_displays_success_message_with_details" file="/home/jeremyfall/Internal/JTD-Packages/laravel-mcp.git/main/tests/Unit/Commands/MakeResourceCommandTest.php" line="252" class="JTD\LaravelMCP\Tests\Unit\Commands\MakeResourceCommandTest" classname="JTD.LaravelMCP.Tests.Unit.Commands.MakeResourceCommandTest" assertions="6" time="0.007509"/>
        <testcase name="it_generates_appropriate_uri_for_model_resources" file="/home/jeremyfall/Internal/JTD-Packages/laravel-mcp.git/main/tests/Unit/Commands/MakeResourceCommandTest.php" line="271" class="JTD\LaravelMCP\Tests\Unit\Commands\MakeResourceCommandTest" classname="JTD.LaravelMCP.Tests.Unit.Commands.MakeResourceCommandTest" assertions="2" time="0.007453"/>
        <testcase name="it_creates_resource_with_model_integration" file="/home/jeremyfall/Internal/JTD-Packages/laravel-mcp.git/main/tests/Unit/Commands/MakeResourceCommandTest.php" line="133" class="JTD\LaravelMCP\Tests\Unit\Commands\MakeResourceCommandTest" classname="JTD.LaravelMCP.Tests.Unit.Commands.MakeResourceCommandTest" assertions="4" time="0.007528"/>
        <testcase name="it_handles_nonexistent_model_gracefully" file="/home/jeremyfall/Internal/JTD-Packages/laravel-mcp.git/main/tests/Unit/Commands/MakeResourceCommandTest.php" line="205" class="JTD\LaravelMCP\Tests\Unit\Commands\MakeResourceCommandTest" classname="JTD.LaravelMCP.Tests.Unit.Commands.MakeResourceCommandTest" assertions="2" time="0.007238"/>
        <testcase name="it_handles_nested_namespaces" file="/home/jeremyfall/Internal/JTD-Packages/laravel-mcp.git/main/tests/Unit/Commands/MakeResourceCommandTest.php" line="221" class="JTD\LaravelMCP\Tests\Unit\Commands\MakeResourceCommandTest" classname="JTD.LaravelMCP.Tests.Unit.Commands.MakeResourceCommandTest" assertions="4" time="0.007511"/>
        <testcase name="it_handles_force_option_to_overwrite_existing_files" file="/home/jeremyfall/Internal/JTD-Packages/laravel-mcp.git/main/tests/Unit/Commands/MakeResourceCommandTest.php" line="237" class="JTD\LaravelMCP\Tests\Unit\Commands\MakeResourceCommandTest" classname="JTD.LaravelMCP.Tests.Unit.Commands.MakeResourceCommandTest" assertions="2" time="0.008025"/>
        <testcase name="it_extends_generator_command" file="/home/jeremyfall/Internal/JTD-Packages/laravel-mcp.git/main/tests/Unit/Commands/MakeResourceCommandTest.php" line="61" class="JTD\LaravelMCP\Tests\Unit\Commands\MakeResourceCommandTest" classname="JTD.LaravelMCP.Tests.Unit.Commands.MakeResourceCommandTest" assertions="1" time="0.005223"/>
        <testcase name="it_has_correct_signature" file="/home/jeremyfall/Internal/JTD-Packages/laravel-mcp.git/main/tests/Unit/Commands/MakeResourceCommandTest.php" line="67" class="JTD\LaravelMCP\Tests\Unit\Commands\MakeResourceCommandTest" classname="JTD.LaravelMCP.Tests.Unit.Commands.MakeResourceCommandTest" assertions="1" time="0.005633"/>
        <testcase name="it_has_correct_description" file="/home/jeremyfall/Internal/JTD-Packages/laravel-mcp.git/main/tests/Unit/Commands/MakeResourceCommandTest.php" line="73" class="JTD\LaravelMCP\Tests\Unit\Commands\MakeResourceCommandTest" classname="JTD.LaravelMCP.Tests.Unit.Commands.MakeResourceCommandTest" assertions="1" time="0.005129"/>
        <testcase name="it_returns_correct_stub_path" file="/home/jeremyfall/Internal/JTD-Packages/laravel-mcp.git/main/tests/Unit/Commands/MakeResourceCommandTest.php" line="79" class="JTD\LaravelMCP\Tests\Unit\Commands\MakeResourceCommandTest" classname="JTD.LaravelMCP.Tests.Unit.Commands.MakeResourceCommandTest" assertions="1" time="0.004934"/>
        <testcase name="it_returns_correct_default_namespace" file="/home/jeremyfall/Internal/JTD-Packages/laravel-mcp.git/main/tests/Unit/Commands/MakeResourceCommandTest.php" line="91" class="JTD\LaravelMCP\Tests\Unit\Commands\MakeResourceCommandTest" classname="JTD.LaravelMCP.Tests.Unit.Commands.MakeResourceCommandTest" assertions="1" time="0.004930"/>
        <testcase name="it_generates_correct_resource_name_from_class" file="/home/jeremyfall/Internal/JTD-Packages/laravel-mcp.git/main/tests/Unit/Commands/MakeResourceCommandTest.php" line="103" class="JTD\LaravelMCP\Tests\Unit\Commands\MakeResourceCommandTest" classname="JTD.LaravelMCP.Tests.Unit.Commands.MakeResourceCommandTest" assertions="3" time="0.005037"/>
        <testcase name="it_validates_invalid_class_names" file="/home/jeremyfall/Internal/JTD-Packages/laravel-mcp.git/main/tests/Unit/Commands/MakeResourceCommandTest.php" line="170" class="JTD\LaravelMCP\Tests\Unit\Commands\MakeResourceCommandTest" classname="JTD.LaravelMCP.Tests.Unit.Commands.MakeResourceCommandTest" assertions="2" time="0.005393"/>
      </testsuite>
      <testsuite name="JTD\LaravelMCP\Tests\Unit\Commands\MakeToolCommandTest" file="/home/jeremyfall/Internal/JTD-Packages/laravel-mcp.git/main/tests/Unit/Commands/MakeToolCommandTest.php" tests="15" assertions="38" errors="0" failures="0" skipped="0" time="0.093658">
        <testcase name="it_handles_filesystem_errors_gracefully" file="/home/jeremyfall/Internal/JTD-Packages/laravel-mcp.git/main/tests/Unit/Commands/MakeToolCommandTest.php" line="254" class="JTD\LaravelMCP\Tests\Unit\Commands\MakeToolCommandTest" classname="JTD.LaravelMCP.Tests.Unit.Commands.MakeToolCommandTest" assertions="2" time="0.006047"/>
        <testcase name="it_creates_tool_with_custom_description" file="/home/jeremyfall/Internal/JTD-Packages/laravel-mcp.git/main/tests/Unit/Commands/MakeToolCommandTest.php" line="133" class="JTD\LaravelMCP\Tests\Unit\Commands\MakeToolCommandTest" classname="JTD.LaravelMCP.Tests.Unit.Commands.MakeToolCommandTest" assertions="4" time="0.006552"/>
        <testcase name="it_generates_default_description_when_none_provided" file="/home/jeremyfall/Internal/JTD-Packages/laravel-mcp.git/main/tests/Unit/Commands/MakeToolCommandTest.php" line="207" class="JTD\LaravelMCP\Tests\Unit\Commands\MakeToolCommandTest" classname="JTD.LaravelMCP.Tests.Unit.Commands.MakeToolCommandTest" assertions="2" time="0.006811"/>
        <testcase name="it_handles_nested_namespaces" file="/home/jeremyfall/Internal/JTD-Packages/laravel-mcp.git/main/tests/Unit/Commands/MakeToolCommandTest.php" line="222" class="JTD\LaravelMCP\Tests\Unit\Commands\MakeToolCommandTest" classname="JTD.LaravelMCP.Tests.Unit.Commands.MakeToolCommandTest" assertions="5" time="0.006981"/>
        <testcase name="it_creates_tool_file_successfully" file="/home/jeremyfall/Internal/JTD-Packages/laravel-mcp.git/main/tests/Unit/Commands/MakeToolCommandTest.php" line="116" class="JTD\LaravelMCP\Tests\Unit\Commands\MakeToolCommandTest" classname="JTD.LaravelMCP.Tests.Unit.Commands.MakeToolCommandTest" assertions="5" time="0.007132"/>
        <testcase name="it_validates_parameters_json" file="/home/jeremyfall/Internal/JTD-Packages/laravel-mcp.git/main/tests/Unit/Commands/MakeToolCommandTest.php" line="152" class="JTD\LaravelMCP\Tests\Unit\Commands\MakeToolCommandTest" classname="JTD.LaravelMCP.Tests.Unit.Commands.MakeToolCommandTest" assertions="3" time="0.006361"/>
        <testcase name="it_displays_success_message_with_details" file="/home/jeremyfall/Internal/JTD-Packages/laravel-mcp.git/main/tests/Unit/Commands/MakeToolCommandTest.php" line="239" class="JTD\LaravelMCP\Tests\Unit\Commands\MakeToolCommandTest" classname="JTD.LaravelMCP.Tests.Unit.Commands.MakeToolCommandTest" assertions="5" time="0.006373"/>
        <testcase name="it_handles_force_option_to_overwrite_existing_files" file="/home/jeremyfall/Internal/JTD-Packages/laravel-mcp.git/main/tests/Unit/Commands/MakeToolCommandTest.php" line="187" class="JTD\LaravelMCP\Tests\Unit\Commands\MakeToolCommandTest" classname="JTD.LaravelMCP.Tests.Unit.Commands.MakeToolCommandTest" assertions="2" time="0.007764"/>
        <testcase name="it_extends_generator_command" file="/home/jeremyfall/Internal/JTD-Packages/laravel-mcp.git/main/tests/Unit/Commands/MakeToolCommandTest.php" line="62" class="JTD\LaravelMCP\Tests\Unit\Commands\MakeToolCommandTest" classname="JTD.LaravelMCP.Tests.Unit.Commands.MakeToolCommandTest" assertions="1" time="0.005739"/>
        <testcase name="it_has_correct_description" file="/home/jeremyfall/Internal/JTD-Packages/laravel-mcp.git/main/tests/Unit/Commands/MakeToolCommandTest.php" line="74" class="JTD\LaravelMCP\Tests\Unit\Commands\MakeToolCommandTest" classname="JTD.LaravelMCP.Tests.Unit.Commands.MakeToolCommandTest" assertions="1" time="0.005292"/>
        <testcase name="it_has_correct_signature" file="/home/jeremyfall/Internal/JTD-Packages/laravel-mcp.git/main/tests/Unit/Commands/MakeToolCommandTest.php" line="68" class="JTD\LaravelMCP\Tests\Unit\Commands\MakeToolCommandTest" classname="JTD.LaravelMCP.Tests.Unit.Commands.MakeToolCommandTest" assertions="1" time="0.005132"/>
        <testcase name="it_returns_correct_stub_path" file="/home/jeremyfall/Internal/JTD-Packages/laravel-mcp.git/main/tests/Unit/Commands/MakeToolCommandTest.php" line="80" class="JTD\LaravelMCP\Tests\Unit\Commands\MakeToolCommandTest" classname="JTD.LaravelMCP.Tests.Unit.Commands.MakeToolCommandTest" assertions="1" time="0.006027"/>
        <testcase name="it_returns_correct_default_namespace" file="/home/jeremyfall/Internal/JTD-Packages/laravel-mcp.git/main/tests/Unit/Commands/MakeToolCommandTest.php" line="92" class="JTD\LaravelMCP\Tests\Unit\Commands\MakeToolCommandTest" classname="JTD.LaravelMCP.Tests.Unit.Commands.MakeToolCommandTest" assertions="1" time="0.005780"/>
        <testcase name="it_generates_correct_tool_name_from_class" file="/home/jeremyfall/Internal/JTD-Packages/laravel-mcp.git/main/tests/Unit/Commands/MakeToolCommandTest.php" line="104" class="JTD\LaravelMCP\Tests\Unit\Commands\MakeToolCommandTest" classname="JTD.LaravelMCP.Tests.Unit.Commands.MakeToolCommandTest" assertions="3" time="0.005493"/>
        <testcase name="it_handles_invalid_class_names" file="/home/jeremyfall/Internal/JTD-Packages/laravel-mcp.git/main/tests/Unit/Commands/MakeToolCommandTest.php" line="175" class="JTD\LaravelMCP\Tests\Unit\Commands\MakeToolCommandTest" classname="JTD.LaravelMCP.Tests.Unit.Commands.MakeToolCommandTest" assertions="2" time="0.006175"/>
      </testsuite>
      <testsuite name="JTD\LaravelMCP\Tests\Unit\Server\Handlers\PromptHandlerTest" file="/home/jeremyfall/Internal/JTD-Packages/laravel-mcp.git/main/tests/Unit/Server/Handlers/PromptHandlerTest.php" tests="45" assertions="102" errors="0" failures="0" skipped="0" time="0.265514">
        <testcase name="handle_throws_protocol_exception_for_unsupported_method" file="/home/jeremyfall/Internal/JTD-Packages/laravel-mcp.git/main/tests/Unit/Server/Handlers/PromptHandlerTest.php" line="82" class="JTD\LaravelMCP\Tests\Unit\Server\Handlers\PromptHandlerTest" classname="JTD.LaravelMCP.Tests.Unit.Server.Handlers.PromptHandlerTest" assertions="3" time="0.005070"/>
        <testcase name="handle_prompts_list_returns_prompt_definitions" file="/home/jeremyfall/Internal/JTD-Packages/laravel-mcp.git/main/tests/Unit/Server/Handlers/PromptHandlerTest.php" line="108" class="JTD\LaravelMCP\Tests\Unit\Server\Handlers\PromptHandlerTest" classname="JTD.LaravelMCP.Tests.Unit.Server.Handlers.PromptHandlerTest" assertions="5" time="0.005996"/>
        <testcase name="handle_prompts_list_handles_prompt_definition_failures_gracefully" file="/home/jeremyfall/Internal/JTD-Packages/laravel-mcp.git/main/tests/Unit/Server/Handlers/PromptHandlerTest.php" line="135" class="JTD\LaravelMCP\Tests\Unit\Server\Handlers\PromptHandlerTest" classname="JTD.LaravelMCP.Tests.Unit.Server.Handlers.PromptHandlerTest" assertions="6" time="0.005675"/>
        <testcase name="handle_prompts_list_validates_cursor_parameter" file="/home/jeremyfall/Internal/JTD-Packages/laravel-mcp.git/main/tests/Unit/Server/Handlers/PromptHandlerTest.php" line="174" class="JTD\LaravelMCP\Tests\Unit\Server\Handlers\PromptHandlerTest" classname="JTD.LaravelMCP.Tests.Unit.Server.Handlers.PromptHandlerTest" assertions="2" time="0.005944"/>
        <testcase name="handle_prompts_get_validates_required_parameters" file="/home/jeremyfall/Internal/JTD-Packages/laravel-mcp.git/main/tests/Unit/Server/Handlers/PromptHandlerTest.php" line="234" class="JTD\LaravelMCP\Tests\Unit\Server\Handlers\PromptHandlerTest" classname="JTD.LaravelMCP.Tests.Unit.Server.Handlers.PromptHandlerTest" assertions="2" time="0.005013"/>
        <testcase name="handle_prompts_get_validates_parameter_types" file="/home/jeremyfall/Internal/JTD-Packages/laravel-mcp.git/main/tests/Unit/Server/Handlers/PromptHandlerTest.php" line="243" class="JTD\LaravelMCP\Tests\Unit\Server\Handlers\PromptHandlerTest" classname="JTD.LaravelMCP.Tests.Unit.Server.Handlers.PromptHandlerTest" assertions="2" time="0.005111"/>
        <testcase name="handle_prompts_get_throws_error_for_non_existent_prompt" file="/home/jeremyfall/Internal/JTD-Packages/laravel-mcp.git/main/tests/Unit/Server/Handlers/PromptHandlerTest.php" line="252" class="JTD\LaravelMCP\Tests\Unit\Server\Handlers\PromptHandlerTest" classname="JTD.LaravelMCP.Tests.Unit.Server.Handlers.PromptHandlerTest" assertions="3" time="0.005173"/>
        <testcase name="handle_prompts_get_processes_prompt_with_process_method" file="/home/jeremyfall/Internal/JTD-Packages/laravel-mcp.git/main/tests/Unit/Server/Handlers/PromptHandlerTest.php" line="268" class="JTD\LaravelMCP\Tests\Unit\Server\Handlers\PromptHandlerTest" classname="JTD.LaravelMCP.Tests.Unit.Server.Handlers.PromptHandlerTest" assertions="6" time="0.005913"/>
        <testcase name="handle_prompts_get_processes_prompt_with_get_method" file="/home/jeremyfall/Internal/JTD-Packages/laravel-mcp.git/main/tests/Unit/Server/Handlers/PromptHandlerTest.php" line="308" class="JTD\LaravelMCP\Tests\Unit\Server\Handlers\PromptHandlerTest" classname="JTD.LaravelMCP.Tests.Unit.Server.Handlers.PromptHandlerTest" assertions="3" time="0.005552"/>
        <testcase name="handle_prompts_get_processes_prompt_with_invoke_method" file="/home/jeremyfall/Internal/JTD-Packages/laravel-mcp.git/main/tests/Unit/Server/Handlers/PromptHandlerTest.php" line="343" class="JTD\LaravelMCP\Tests\Unit\Server\Handlers\PromptHandlerTest" classname="JTD.LaravelMCP.Tests.Unit.Server.Handlers.PromptHandlerTest" assertions="4" time="0.006015"/>
        <testcase name="handle_prompts_get_throws_error_for_non_processable_prompt" file="/home/jeremyfall/Internal/JTD-Packages/laravel-mcp.git/main/tests/Unit/Server/Handlers/PromptHandlerTest.php" line="431" class="JTD\LaravelMCP\Tests\Unit\Server\Handlers\PromptHandlerTest" classname="JTD.LaravelMCP.Tests.Unit.Server.Handlers.PromptHandlerTest" assertions="3" time="0.005629"/>
        <testcase name="handle_prompts_get_validates_arguments_if_prompt_supports_it" file="/home/jeremyfall/Internal/JTD-Packages/laravel-mcp.git/main/tests/Unit/Server/Handlers/PromptHandlerTest.php" line="466" class="JTD\LaravelMCP\Tests\Unit\Server\Handlers\PromptHandlerTest" classname="JTD.LaravelMCP.Tests.Unit.Server.Handlers.PromptHandlerTest" assertions="3" time="0.005469"/>
        <testcase name="handle_prompts_get_skips_validation_if_prompt_does_not_support_it" file="/home/jeremyfall/Internal/JTD-Packages/laravel-mcp.git/main/tests/Unit/Server/Handlers/PromptHandlerTest.php" line="497" class="JTD\LaravelMCP\Tests\Unit\Server\Handlers\PromptHandlerTest" classname="JTD.LaravelMCP.Tests.Unit.Server.Handlers.PromptHandlerTest" assertions="2" time="0.005585"/>
        <testcase name="handle_prompts_get_handles_processing_failures" file="/home/jeremyfall/Internal/JTD-Packages/laravel-mcp.git/main/tests/Unit/Server/Handlers/PromptHandlerTest.php" line="528" class="JTD\LaravelMCP\Tests\Unit\Server\Handlers\PromptHandlerTest" classname="JTD.LaravelMCP.Tests.Unit.Server.Handlers.PromptHandlerTest" assertions="3" time="0.005546"/>
        <testcase name="handle_prompts_get_uses_default_empty_arguments_when_not_provided" file="/home/jeremyfall/Internal/JTD-Packages/laravel-mcp.git/main/tests/Unit/Server/Handlers/PromptHandlerTest.php" line="567" class="JTD\LaravelMCP\Tests\Unit\Server\Handlers\PromptHandlerTest" classname="JTD.LaravelMCP.Tests.Unit.Server.Handlers.PromptHandlerTest" assertions="2" time="0.005327"/>
        <testsuite name="JTD\LaravelMCP\Tests\Unit\Server\Handlers\PromptHandlerTest::get_prompt_description_handles_different_description_methods" tests="4" assertions="4" errors="0" failures="0" skipped="0" time="0.022022">
          <testcase name="get_prompt_description_handles_different_description_methods with data set &quot;getDescription method&quot;" file="/home/jeremyfall/Internal/JTD-Packages/laravel-mcp.git/main/tests/Unit/Server/Handlers/PromptHandlerTest.php" line="599" class="JTD\LaravelMCP\Tests\Unit\Server\Handlers\PromptHandlerTest" classname="JTD.LaravelMCP.Tests.Unit.Server.Handlers.PromptHandlerTest" assertions="1" time="0.005581"/>
          <testcase name="get_prompt_description_handles_different_description_methods with data set &quot;description method&quot;" file="/home/jeremyfall/Internal/JTD-Packages/laravel-mcp.git/main/tests/Unit/Server/Handlers/PromptHandlerTest.php" line="599" class="JTD\LaravelMCP\Tests\Unit\Server\Handlers\PromptHandlerTest" classname="JTD.LaravelMCP.Tests.Unit.Server.Handlers.PromptHandlerTest" assertions="1" time="0.005337"/>
          <testcase name="get_prompt_description_handles_different_description_methods with data set &quot;description property&quot;" file="/home/jeremyfall/Internal/JTD-Packages/laravel-mcp.git/main/tests/Unit/Server/Handlers/PromptHandlerTest.php" line="599" class="JTD\LaravelMCP\Tests\Unit\Server\Handlers\PromptHandlerTest" classname="JTD.LaravelMCP.Tests.Unit.Server.Handlers.PromptHandlerTest" assertions="1" time="0.005536"/>
          <testcase name="get_prompt_description_handles_different_description_methods with data set &quot;no description&quot;" file="/home/jeremyfall/Internal/JTD-Packages/laravel-mcp.git/main/tests/Unit/Server/Handlers/PromptHandlerTest.php" line="599" class="JTD\LaravelMCP\Tests\Unit\Server\Handlers\PromptHandlerTest" classname="JTD.LaravelMCP.Tests.Unit.Server.Handlers.PromptHandlerTest" assertions="1" time="0.005569"/>
        </testsuite>
        <testsuite name="JTD\LaravelMCP\Tests\Unit\Server\Handlers\PromptHandlerTest::get_prompt_arguments_handles_different_arguments_methods" tests="4" assertions="4" errors="0" failures="0" skipped="0" time="0.021430">
          <testcase name="get_prompt_arguments_handles_different_arguments_methods with data set &quot;getArguments method&quot;" file="/home/jeremyfall/Internal/JTD-Packages/laravel-mcp.git/main/tests/Unit/Server/Handlers/PromptHandlerTest.php" line="647" class="JTD\LaravelMCP\Tests\Unit\Server\Handlers\PromptHandlerTest" classname="JTD.LaravelMCP.Tests.Unit.Server.Handlers.PromptHandlerTest" assertions="1" time="0.005153"/>
          <testcase name="get_prompt_arguments_handles_different_arguments_methods with data set &quot;arguments method&quot;" file="/home/jeremyfall/Internal/JTD-Packages/laravel-mcp.git/main/tests/Unit/Server/Handlers/PromptHandlerTest.php" line="647" class="JTD\LaravelMCP\Tests\Unit\Server\Handlers\PromptHandlerTest" classname="JTD.LaravelMCP.Tests.Unit.Server.Handlers.PromptHandlerTest" assertions="1" time="0.005774"/>
          <testcase name="get_prompt_arguments_handles_different_arguments_methods with data set &quot;arguments property&quot;" file="/home/jeremyfall/Internal/JTD-Packages/laravel-mcp.git/main/tests/Unit/Server/Handlers/PromptHandlerTest.php" line="647" class="JTD\LaravelMCP\Tests\Unit\Server\Handlers\PromptHandlerTest" classname="JTD.LaravelMCP.Tests.Unit.Server.Handlers.PromptHandlerTest" assertions="1" time="0.005382"/>
          <testcase name="get_prompt_arguments_handles_different_arguments_methods with data set &quot;no arguments&quot;" file="/home/jeremyfall/Internal/JTD-Packages/laravel-mcp.git/main/tests/Unit/Server/Handlers/PromptHandlerTest.php" line="647" class="JTD\LaravelMCP\Tests\Unit\Server\Handlers\PromptHandlerTest" classname="JTD.LaravelMCP.Tests.Unit.Server.Handlers.PromptHandlerTest" assertions="1" time="0.005121"/>
        </testsuite>
        <testsuite name="JTD\LaravelMCP\Tests\Unit\Server\Handlers\PromptHandlerTest::format_prompt_messages_handles_different_result_formats" tests="7" assertions="14" errors="0" failures="0" skipped="0" time="0.043083">
          <testcase name="format_prompt_messages_handles_different_result_formats with data set &quot;array of messages&quot;" file="/home/jeremyfall/Internal/JTD-Packages/laravel-mcp.git/main/tests/Unit/Server/Handlers/PromptHandlerTest.php" line="707" class="JTD\LaravelMCP\Tests\Unit\Server\Handlers\PromptHandlerTest" classname="JTD.LaravelMCP.Tests.Unit.Server.Handlers.PromptHandlerTest" assertions="2" time="0.006071"/>
          <testcase name="format_prompt_messages_handles_different_result_formats with data set &quot;single message object&quot;" file="/home/jeremyfall/Internal/JTD-Packages/laravel-mcp.git/main/tests/Unit/Server/Handlers/PromptHandlerTest.php" line="707" class="JTD\LaravelMCP\Tests\Unit\Server\Handlers\PromptHandlerTest" classname="JTD.LaravelMCP.Tests.Unit.Server.Handlers.PromptHandlerTest" assertions="2" time="0.006392"/>
          <testcase name="format_prompt_messages_handles_different_result_formats with data set &quot;string result&quot;" file="/home/jeremyfall/Internal/JTD-Packages/laravel-mcp.git/main/tests/Unit/Server/Handlers/PromptHandlerTest.php" line="707" class="JTD\LaravelMCP\Tests\Unit\Server\Handlers\PromptHandlerTest" classname="JTD.LaravelMCP.Tests.Unit.Server.Handlers.PromptHandlerTest" assertions="2" time="0.005523"/>
          <testcase name="format_prompt_messages_handles_different_result_formats with data set &quot;array result (not messages)&quot;" file="/home/jeremyfall/Internal/JTD-Packages/laravel-mcp.git/main/tests/Unit/Server/Handlers/PromptHandlerTest.php" line="707" class="JTD\LaravelMCP\Tests\Unit\Server\Handlers\PromptHandlerTest" classname="JTD.LaravelMCP.Tests.Unit.Server.Handlers.PromptHandlerTest" assertions="2" time="0.005752"/>
          <testcase name="format_prompt_messages_handles_different_result_formats with data set &quot;object result&quot;" file="/home/jeremyfall/Internal/JTD-Packages/laravel-mcp.git/main/tests/Unit/Server/Handlers/PromptHandlerTest.php" line="707" class="JTD\LaravelMCP\Tests\Unit\Server\Handlers\PromptHandlerTest" classname="JTD.LaravelMCP.Tests.Unit.Server.Handlers.PromptHandlerTest" assertions="2" time="0.006196"/>
          <testcase name="format_prompt_messages_handles_different_result_formats with data set &quot;number result&quot;" file="/home/jeremyfall/Internal/JTD-Packages/laravel-mcp.git/main/tests/Unit/Server/Handlers/PromptHandlerTest.php" line="707" class="JTD\LaravelMCP\Tests\Unit\Server\Handlers\PromptHandlerTest" classname="JTD.LaravelMCP.Tests.Unit.Server.Handlers.PromptHandlerTest" assertions="2" time="0.006348"/>
          <testcase name="format_prompt_messages_handles_different_result_formats with data set &quot;empty array result&quot;" file="/home/jeremyfall/Internal/JTD-Packages/laravel-mcp.git/main/tests/Unit/Server/Handlers/PromptHandlerTest.php" line="707" class="JTD\LaravelMCP\Tests\Unit\Server\Handlers\PromptHandlerTest" classname="JTD.LaravelMCP.Tests.Unit.Server.Handlers.PromptHandlerTest" assertions="2" time="0.006801"/>
        </testsuite>
        <testsuite name="JTD\LaravelMCP\Tests\Unit\Server\Handlers\PromptHandlerTest::is_message_array_correctly_identifies_message_arrays" tests="7" assertions="11" errors="0" failures="0" skipped="0" time="0.046239">
          <testcase name="is_message_array_correctly_identifies_message_arrays with data set &quot;valid message array&quot;" file="/home/jeremyfall/Internal/JTD-Packages/laravel-mcp.git/main/tests/Unit/Server/Handlers/PromptHandlerTest.php" line="778" class="JTD\LaravelMCP\Tests\Unit\Server\Handlers\PromptHandlerTest" classname="JTD.LaravelMCP.Tests.Unit.Server.Handlers.PromptHandlerTest" assertions="1" time="0.006013"/>
          <testcase name="is_message_array_correctly_identifies_message_arrays with data set &quot;array with content only&quot;" file="/home/jeremyfall/Internal/JTD-Packages/laravel-mcp.git/main/tests/Unit/Server/Handlers/PromptHandlerTest.php" line="778" class="JTD\LaravelMCP\Tests\Unit\Server\Handlers\PromptHandlerTest" classname="JTD.LaravelMCP.Tests.Unit.Server.Handlers.PromptHandlerTest" assertions="1" time="0.006149"/>
          <testcase name="is_message_array_correctly_identifies_message_arrays with data set &quot;array with role only&quot;" file="/home/jeremyfall/Internal/JTD-Packages/laravel-mcp.git/main/tests/Unit/Server/Handlers/PromptHandlerTest.php" line="778" class="JTD\LaravelMCP\Tests\Unit\Server\Handlers\PromptHandlerTest" classname="JTD.LaravelMCP.Tests.Unit.Server.Handlers.PromptHandlerTest" assertions="1" time="0.005811"/>
          <testcase name="is_message_array_correctly_identifies_message_arrays with data set &quot;empty array&quot;" file="/home/jeremyfall/Internal/JTD-Packages/laravel-mcp.git/main/tests/Unit/Server/Handlers/PromptHandlerTest.php" line="778" class="JTD\LaravelMCP\Tests\Unit\Server\Handlers\PromptHandlerTest" classname="JTD.LaravelMCP.Tests.Unit.Server.Handlers.PromptHandlerTest" assertions="2" time="0.005873"/>
          <testcase name="is_message_array_correctly_identifies_message_arrays with data set &quot;array of strings&quot;" file="/home/jeremyfall/Internal/JTD-Packages/laravel-mcp.git/main/tests/Unit/Server/Handlers/PromptHandlerTest.php" line="778" class="JTD\LaravelMCP\Tests\Unit\Server\Handlers\PromptHandlerTest" classname="JTD.LaravelMCP.Tests.Unit.Server.Handlers.PromptHandlerTest" assertions="2" time="0.006650"/>
          <testcase name="is_message_array_correctly_identifies_message_arrays with data set &quot;array of numbers&quot;" file="/home/jeremyfall/Internal/JTD-Packages/laravel-mcp.git/main/tests/Unit/Server/Handlers/PromptHandlerTest.php" line="778" class="JTD\LaravelMCP\Tests\Unit\Server\Handlers\PromptHandlerTest" classname="JTD.LaravelMCP.Tests.Unit.Server.Handlers.PromptHandlerTest" assertions="2" time="0.009407"/>
          <testcase name="is_message_array_correctly_identifies_message_arrays with data set &quot;mixed array&quot;" file="/home/jeremyfall/Internal/JTD-Packages/laravel-mcp.git/main/tests/Unit/Server/Handlers/PromptHandlerTest.php" line="778" class="JTD\LaravelMCP\Tests\Unit\Server\Handlers\PromptHandlerTest" classname="JTD.LaravelMCP.Tests.Unit.Server.Handlers.PromptHandlerTest" assertions="2" time="0.006336"/>
        </testsuite>
        <testcase name="constructor_sets_dependencies_and_handler_name" file="/home/jeremyfall/Internal/JTD-Packages/laravel-mcp.git/main/tests/Unit/Server/Handlers/PromptHandlerTest.php" line="51" class="JTD\LaravelMCP\Tests\Unit\Server\Handlers\PromptHandlerTest" classname="JTD.LaravelMCP.Tests.Unit.Server.Handlers.PromptHandlerTest" assertions="2" time="0.005716"/>
        <testcase name="get_supported_methods_returns_prompt_methods" file="/home/jeremyfall/Internal/JTD-Packages/laravel-mcp.git/main/tests/Unit/Server/Handlers/PromptHandlerTest.php" line="60" class="JTD\LaravelMCP\Tests\Unit\Server\Handlers\PromptHandlerTest" classname="JTD.LaravelMCP.Tests.Unit.Server.Handlers.PromptHandlerTest" assertions="1" time="0.005822"/>
        <testcase name="supports_method_returns_true_for_supported_methods" file="/home/jeremyfall/Internal/JTD-Packages/laravel-mcp.git/main/tests/Unit/Server/Handlers/PromptHandlerTest.php" line="68" class="JTD\LaravelMCP\Tests\Unit\Server\Handlers\PromptHandlerTest" classname="JTD.LaravelMCP.Tests.Unit.Server.Handlers.PromptHandlerTest" assertions="2" time="0.005167"/>
        <testcase name="supports_method_returns_false_for_unsupported_methods" file="/home/jeremyfall/Internal/JTD-Packages/laravel-mcp.git/main/tests/Unit/Server/Handlers/PromptHandlerTest.php" line="75" class="JTD\LaravelMCP\Tests\Unit\Server\Handlers\PromptHandlerTest" classname="JTD.LaravelMCP.Tests.Unit.Server.Handlers.PromptHandlerTest" assertions="2" time="0.005349"/>
        <testcase name="handle_prompts_list_returns_empty_prompts_array_when_no_prompts" file="/home/jeremyfall/Internal/JTD-Packages/laravel-mcp.git/main/tests/Unit/Server/Handlers/PromptHandlerTest.php" line="92" class="JTD\LaravelMCP\Tests\Unit\Server\Handlers\PromptHandlerTest" classname="JTD.LaravelMCP.Tests.Unit.Server.Handlers.PromptHandlerTest" assertions="4" time="0.005837"/>
        <testcase name="handle_prompts_get_processes_callable_prompt" file="/home/jeremyfall/Internal/JTD-Packages/laravel-mcp.git/main/tests/Unit/Server/Handlers/PromptHandlerTest.php" line="382" class="JTD\LaravelMCP\Tests\Unit\Server\Handlers\PromptHandlerTest" classname="JTD.LaravelMCP.Tests.Unit.Server.Handlers.PromptHandlerTest" assertions="2" time="0.006956"/>
        <testcase name="handle_prompts_list_applies_cursor_pagination" file="/home/jeremyfall/Internal/JTD-Packages/laravel-mcp.git/main/tests/Unit/Server/Handlers/PromptHandlerTest.php" line="183" class="JTD\LaravelMCP\Tests\Unit\Server\Handlers\PromptHandlerTest" classname="JTD.LaravelMCP.Tests.Unit.Server.Handlers.PromptHandlerTest" assertions="3" time="0.006775"/>
        <testcase name="handle_prompts_list_includes_next_cursor_when_more_prompts_available" file="/home/jeremyfall/Internal/JTD-Packages/laravel-mcp.git/main/tests/Unit/Server/Handlers/PromptHandlerTest.php" line="209" class="JTD\LaravelMCP\Tests\Unit\Server\Handlers\PromptHandlerTest" classname="JTD.LaravelMCP.Tests.Unit.Server.Handlers.PromptHandlerTest" assertions="4" time="0.008095"/>
      </testsuite>
      <testsuite name="JTD\LaravelMCP\Tests\Feature\Commands\ListCommandFeatureTest" file="/home/jeremyfall/Internal/JTD-Packages/laravel-mcp.git/main/tests/Feature/Commands/ListCommandFeatureTest.php" tests="23" assertions="118" errors="0" failures="0" skipped="0" time="0.209679">
        <testcase name="test_command_outputs_json_format" file="/home/jeremyfall/Internal/JTD-Packages/laravel-mcp.git/main/tests/Feature/Commands/ListCommandFeatureTest.php" line="278" class="JTD\LaravelMCP\Tests\Feature\Commands\ListCommandFeatureTest" classname="JTD.LaravelMCP.Tests.Feature.Commands.ListCommandFeatureTest" assertions="5" time="0.025634"/>
        <testcase name="test_command_shows_detailed_resource_information" file="/home/jeremyfall/Internal/JTD-Packages/laravel-mcp.git/main/tests/Feature/Commands/ListCommandFeatureTest.php" line="377" class="JTD\LaravelMCP\Tests\Feature\Commands\ListCommandFeatureTest" classname="JTD.LaravelMCP.Tests.Feature.Commands.ListCommandFeatureTest" assertions="4" time="0.006864"/>
        <testcase name="test_command_shows_detailed_prompt_information" file="/home/jeremyfall/Internal/JTD-Packages/laravel-mcp.git/main/tests/Feature/Commands/ListCommandFeatureTest.php" line="411" class="JTD\LaravelMCP\Tests\Feature\Commands\ListCommandFeatureTest" classname="JTD.LaravelMCP.Tests.Feature.Commands.ListCommandFeatureTest" assertions="5" time="0.005735"/>
        <testcase name="test_command_validates_invalid_type_option" file="/home/jeremyfall/Internal/JTD-Packages/laravel-mcp.git/main/tests/Feature/Commands/ListCommandFeatureTest.php" line="475" class="JTD\LaravelMCP\Tests\Feature\Commands\ListCommandFeatureTest" classname="JTD.LaravelMCP.Tests.Feature.Commands.ListCommandFeatureTest" assertions="3" time="0.005739"/>
        <testcase name="test_command_validates_invalid_format_option" file="/home/jeremyfall/Internal/JTD-Packages/laravel-mcp.git/main/tests/Feature/Commands/ListCommandFeatureTest.php" line="490" class="JTD\LaravelMCP\Tests\Feature\Commands\ListCommandFeatureTest" classname="JTD.LaravelMCP.Tests.Feature.Commands.ListCommandFeatureTest" assertions="3" time="0.005625"/>
        <testcase name="test_command_help_displays_correct_information" file="/home/jeremyfall/Internal/JTD-Packages/laravel-mcp.git/main/tests/Feature/Commands/ListCommandFeatureTest.php" line="72" class="JTD\LaravelMCP\Tests\Feature\Commands\ListCommandFeatureTest" classname="JTD.LaravelMCP.Tests.Feature.Commands.ListCommandFeatureTest" assertions="6" time="0.010255"/>
        <testcase name="test_command_handles_empty_registries" file="/home/jeremyfall/Internal/JTD-Packages/laravel-mcp.git/main/tests/Feature/Commands/ListCommandFeatureTest.php" line="90" class="JTD\LaravelMCP\Tests\Feature\Commands\ListCommandFeatureTest" classname="JTD.LaravelMCP.Tests.Feature.Commands.ListCommandFeatureTest" assertions="5" time="0.006143"/>
        <testcase name="test_command_filters_by_prompts_type" file="/home/jeremyfall/Internal/JTD-Packages/laravel-mcp.git/main/tests/Feature/Commands/ListCommandFeatureTest.php" line="242" class="JTD\LaravelMCP\Tests\Feature\Commands\ListCommandFeatureTest" classname="JTD.LaravelMCP.Tests.Feature.Commands.ListCommandFeatureTest" assertions="5" time="0.008353"/>
        <testcase name="test_command_outputs_yaml_format" file="/home/jeremyfall/Internal/JTD-Packages/laravel-mcp.git/main/tests/Feature/Commands/ListCommandFeatureTest.php" line="306" class="JTD\LaravelMCP\Tests\Feature\Commands\ListCommandFeatureTest" classname="JTD.LaravelMCP.Tests.Feature.Commands.ListCommandFeatureTest" assertions="4" time="0.009218"/>
        <testcase name="test_command_shows_detailed_information" file="/home/jeremyfall/Internal/JTD-Packages/laravel-mcp.git/main/tests/Feature/Commands/ListCommandFeatureTest.php" line="333" class="JTD\LaravelMCP\Tests\Feature\Commands\ListCommandFeatureTest" classname="JTD.LaravelMCP.Tests.Feature.Commands.ListCommandFeatureTest" assertions="9" time="0.006773"/>
        <testcase name="test_command_handles_metadata_failures_gracefully" file="/home/jeremyfall/Internal/JTD-Packages/laravel-mcp.git/main/tests/Feature/Commands/ListCommandFeatureTest.php" line="505" class="JTD\LaravelMCP\Tests\Feature\Commands\ListCommandFeatureTest" classname="JTD.LaravelMCP.Tests.Feature.Commands.ListCommandFeatureTest" assertions="3" time="0.012545"/>
        <testcase name="test_command_json_format_with_detailed_flag" file="/home/jeremyfall/Internal/JTD-Packages/laravel-mcp.git/main/tests/Feature/Commands/ListCommandFeatureTest.php" line="577" class="JTD\LaravelMCP\Tests\Feature\Commands\ListCommandFeatureTest" classname="JTD.LaravelMCP.Tests.Feature.Commands.ListCommandFeatureTest" assertions="7" time="0.006027"/>
        <testcase name="test_command_lists_all_component_types" file="/home/jeremyfall/Internal/JTD-Packages/laravel-mcp.git/main/tests/Feature/Commands/ListCommandFeatureTest.php" line="110" class="JTD\LaravelMCP\Tests\Feature\Commands\ListCommandFeatureTest" classname="JTD.LaravelMCP.Tests.Feature.Commands.ListCommandFeatureTest" assertions="12" time="0.007881"/>
        <testcase name="test_command_filters_by_tools_type" file="/home/jeremyfall/Internal/JTD-Packages/laravel-mcp.git/main/tests/Feature/Commands/ListCommandFeatureTest.php" line="165" class="JTD\LaravelMCP\Tests\Feature\Commands\ListCommandFeatureTest" classname="JTD.LaravelMCP.Tests.Feature.Commands.ListCommandFeatureTest" assertions="5" time="0.006208"/>
        <testcase name="test_command_runs_with_debug_mode" file="/home/jeremyfall/Internal/JTD-Packages/laravel-mcp.git/main/tests/Feature/Commands/ListCommandFeatureTest.php" line="450" class="JTD\LaravelMCP\Tests\Feature\Commands\ListCommandFeatureTest" classname="JTD.LaravelMCP.Tests.Feature.Commands.ListCommandFeatureTest" assertions="2" time="0.006320"/>
        <testcase name="test_command_truncates_long_descriptions" file="/home/jeremyfall/Internal/JTD-Packages/laravel-mcp.git/main/tests/Feature/Commands/ListCommandFeatureTest.php" line="667" class="JTD\LaravelMCP\Tests\Feature\Commands\ListCommandFeatureTest" classname="JTD.LaravelMCP.Tests.Feature.Commands.ListCommandFeatureTest" assertions="4" time="0.007751"/>
        <testcase name="test_command_formats_class_names" file="/home/jeremyfall/Internal/JTD-Packages/laravel-mcp.git/main/tests/Feature/Commands/ListCommandFeatureTest.php" line="696" class="JTD\LaravelMCP\Tests\Feature\Commands\ListCommandFeatureTest" classname="JTD.LaravelMCP.Tests.Feature.Commands.ListCommandFeatureTest" assertions="3" time="0.006943"/>
        <testcase name="test_command_filters_by_resources_type" file="/home/jeremyfall/Internal/JTD-Packages/laravel-mcp.git/main/tests/Feature/Commands/ListCommandFeatureTest.php" line="203" class="JTD\LaravelMCP\Tests\Feature\Commands\ListCommandFeatureTest" classname="JTD.LaravelMCP.Tests.Feature.Commands.ListCommandFeatureTest" assertions="5" time="0.007139"/>
        <testcase name="test_full_integration_with_service_provider" file="/home/jeremyfall/Internal/JTD-Packages/laravel-mcp.git/main/tests/Feature/Commands/ListCommandFeatureTest.php" line="613" class="JTD\LaravelMCP\Tests\Feature\Commands\ListCommandFeatureTest" classname="JTD.LaravelMCP.Tests.Feature.Commands.ListCommandFeatureTest" assertions="5" time="0.015583"/>
        <testcase name="test_command_integrates_with_mcp_facade" file="/home/jeremyfall/Internal/JTD-Packages/laravel-mcp.git/main/tests/Feature/Commands/ListCommandFeatureTest.php" line="645" class="JTD\LaravelMCP\Tests\Feature\Commands\ListCommandFeatureTest" classname="JTD.LaravelMCP.Tests.Feature.Commands.ListCommandFeatureTest" assertions="5" time="0.007976"/>
        <testcase name="test_command_lists_multiple_components" file="/home/jeremyfall/Internal/JTD-Packages/laravel-mcp.git/main/tests/Feature/Commands/ListCommandFeatureTest.php" line="530" class="JTD\LaravelMCP\Tests\Feature\Commands\ListCommandFeatureTest" classname="JTD.LaravelMCP.Tests.Feature.Commands.ListCommandFeatureTest" assertions="14" time="0.009352"/>
        <testcase name="test_command_can_be_discovered_by_artisan" file="/home/jeremyfall/Internal/JTD-Packages/laravel-mcp.git/main/tests/Feature/Commands/ListCommandFeatureTest.php" line="58" class="JTD\LaravelMCP\Tests\Feature\Commands\ListCommandFeatureTest" classname="JTD.LaravelMCP.Tests.Feature.Commands.ListCommandFeatureTest" assertions="2" time="0.012639"/>
        <testcase name="test_list_command_is_registered_in_artisan" file="/home/jeremyfall/Internal/JTD-Packages/laravel-mcp.git/main/tests/Feature/Commands/ListCommandFeatureTest.php" line="42" class="JTD\LaravelMCP\Tests\Feature\Commands\ListCommandFeatureTest" classname="JTD.LaravelMCP.Tests.Feature.Commands.ListCommandFeatureTest" assertions="2" time="0.012974"/>
      </testsuite>
      <testsuite name="JTD\LaravelMCP\Tests\Feature\Commands\ServeCommandFeatureTest" file="/home/jeremyfall/Internal/JTD-Packages/laravel-mcp.git/main/tests/Feature/Commands/ServeCommandFeatureTest.php" tests="15" assertions="51" errors="0" failures="0" skipped="0" time="2.111753">
        <testcase name="test_command_validates_numeric_options" file="/home/jeremyfall/Internal/JTD-Packages/laravel-mcp.git/main/tests/Feature/Commands/ServeCommandFeatureTest.php" line="298" class="JTD\LaravelMCP\Tests\Feature\Commands\ServeCommandFeatureTest" classname="JTD.LaravelMCP.Tests.Feature.Commands.ServeCommandFeatureTest" assertions="2" time="0.006800"/>
        <testcase name="test_command_integrates_with_real_transport_manager" file="/home/jeremyfall/Internal/JTD-Packages/laravel-mcp.git/main/tests/Feature/Commands/ServeCommandFeatureTest.php" line="351" class="JTD\LaravelMCP\Tests\Feature\Commands\ServeCommandFeatureTest" classname="JTD.LaravelMCP.Tests.Feature.Commands.ServeCommandFeatureTest" assertions="4" time="0.005895"/>
        <testcase name="test_command_sets_server_info_on_message_processor" file="/home/jeremyfall/Internal/JTD-Packages/laravel-mcp.git/main/tests/Feature/Commands/ServeCommandFeatureTest.php" line="427" class="JTD\LaravelMCP\Tests\Feature\Commands\ServeCommandFeatureTest" classname="JTD.LaravelMCP.Tests.Feature.Commands.ServeCommandFeatureTest" assertions="1" time="0.010708"/>
        <testcase name="test_command_help_displays_correct_information" file="/home/jeremyfall/Internal/JTD-Packages/laravel-mcp.git/main/tests/Feature/Commands/ServeCommandFeatureTest.php" line="71" class="JTD\LaravelMCP\Tests\Feature\Commands\ServeCommandFeatureTest" classname="JTD.LaravelMCP.Tests.Feature.Commands.ServeCommandFeatureTest" assertions="7" time="0.005920"/>
        <testcase name="test_command_initializes_with_stdio_transport" file="/home/jeremyfall/Internal/JTD-Packages/laravel-mcp.git/main/tests/Feature/Commands/ServeCommandFeatureTest.php" line="90" class="JTD\LaravelMCP\Tests\Feature\Commands\ServeCommandFeatureTest" classname="JTD.LaravelMCP.Tests.Feature.Commands.ServeCommandFeatureTest" assertions="6" time="0.006216"/>
        <testcase name="test_command_fails_with_invalid_transport_type" file="/home/jeremyfall/Internal/JTD-Packages/laravel-mcp.git/main/tests/Feature/Commands/ServeCommandFeatureTest.php" line="200" class="JTD\LaravelMCP\Tests\Feature\Commands\ServeCommandFeatureTest" classname="JTD.LaravelMCP.Tests.Feature.Commands.ServeCommandFeatureTest" assertions="3" time="0.005441"/>
        <testcase name="test_command_handles_transport_exceptions_gracefully" file="/home/jeremyfall/Internal/JTD-Packages/laravel-mcp.git/main/tests/Feature/Commands/ServeCommandFeatureTest.php" line="318" class="JTD\LaravelMCP\Tests\Feature\Commands\ServeCommandFeatureTest" classname="JTD.LaravelMCP.Tests.Feature.Commands.ServeCommandFeatureTest" assertions="3" time="0.006156"/>
        <testcase name="test_command_displays_verbose_output" file="/home/jeremyfall/Internal/JTD-Packages/laravel-mcp.git/main/tests/Feature/Commands/ServeCommandFeatureTest.php" line="465" class="JTD\LaravelMCP\Tests\Feature\Commands\ServeCommandFeatureTest" classname="JTD.LaravelMCP.Tests.Feature.Commands.ServeCommandFeatureTest" assertions="1" time="0.006023"/>
        <testcase name="test_command_fails_when_transport_is_disabled" file="/home/jeremyfall/Internal/JTD-Packages/laravel-mcp.git/main/tests/Feature/Commands/ServeCommandFeatureTest.php" line="220" class="JTD\LaravelMCP\Tests\Feature\Commands\ServeCommandFeatureTest" classname="JTD.LaravelMCP.Tests.Feature.Commands.ServeCommandFeatureTest" assertions="3" time="0.005600"/>
        <testcase name="test_command_runs_with_debug_mode_enabled" file="/home/jeremyfall/Internal/JTD-Packages/laravel-mcp.git/main/tests/Feature/Commands/ServeCommandFeatureTest.php" line="253" class="JTD\LaravelMCP\Tests\Feature\Commands\ServeCommandFeatureTest" classname="JTD.LaravelMCP.Tests.Feature.Commands.ServeCommandFeatureTest" assertions="3" time="0.006652"/>
        <testcase name="test_serve_command_is_registered_in_artisan" file="/home/jeremyfall/Internal/JTD-Packages/laravel-mcp.git/main/tests/Feature/Commands/ServeCommandFeatureTest.php" line="41" class="JTD\LaravelMCP\Tests\Feature\Commands\ServeCommandFeatureTest" classname="JTD.LaravelMCP.Tests.Feature.Commands.ServeCommandFeatureTest" assertions="2" time="0.008334"/>
        <testcase name="test_command_can_be_discovered_by_artisan" file="/home/jeremyfall/Internal/JTD-Packages/laravel-mcp.git/main/tests/Feature/Commands/ServeCommandFeatureTest.php" line="57" class="JTD\LaravelMCP\Tests\Feature\Commands\ServeCommandFeatureTest" classname="JTD.LaravelMCP.Tests.Feature.Commands.ServeCommandFeatureTest" assertions="2" time="0.011545"/>
        <testcase name="test_full_integration_with_service_provider" file="/home/jeremyfall/Internal/JTD-Packages/laravel-mcp.git/main/tests/Feature/Commands/ServeCommandFeatureTest.php" line="498" class="JTD\LaravelMCP\Tests\Feature\Commands\ServeCommandFeatureTest" classname="JTD.LaravelMCP.Tests.Feature.Commands.ServeCommandFeatureTest" assertions="3" time="0.008739"/>
        <testcase name="test_command_initializes_with_http_transport" file="/home/jeremyfall/Internal/JTD-Packages/laravel-mcp.git/main/tests/Feature/Commands/ServeCommandFeatureTest.php" line="137" class="JTD\LaravelMCP\Tests\Feature\Commands\ServeCommandFeatureTest" classname="JTD.LaravelMCP.Tests.Feature.Commands.ServeCommandFeatureTest" assertions="8" time="1.008560"/>
        <testcase name="test_command_merges_configuration_from_options" file="/home/jeremyfall/Internal/JTD-Packages/laravel-mcp.git/main/tests/Feature/Commands/ServeCommandFeatureTest.php" line="378" class="JTD\LaravelMCP\Tests\Feature\Commands\ServeCommandFeatureTest" classname="JTD.LaravelMCP.Tests.Feature.Commands.ServeCommandFeatureTest" assertions="3" time="1.009163"/>
      </testsuite>
      <testsuite name="JTD\LaravelMCP\Tests\Feature\EventLifecycleIntegrationTest" file="/home/jeremyfall/Internal/JTD-Packages/laravel-mcp.git/main/tests/Feature/EventLifecycleIntegrationTest.php" tests="12" assertions="12" errors="0" failures="0" skipped="0" time="0.069212">
        <testcase name="it_skips_discovery_finalization_when_disabled" file="/home/jeremyfall/Internal/JTD-Packages/laravel-mcp.git/main/tests/Feature/EventLifecycleIntegrationTest.php" line="70" class="JTD\LaravelMCP\Tests\Feature\EventLifecycleIntegrationTest" classname="JTD.LaravelMCP.Tests.Feature.EventLifecycleIntegrationTest" assertions="1" time="0.006527"/>
        <testcase name="it_finalizes_component_discovery_on_providers_booted" file="/home/jeremyfall/Internal/JTD-Packages/laravel-mcp.git/main/tests/Feature/EventLifecycleIntegrationTest.php" line="43" class="JTD\LaravelMCP\Tests\Feature\EventLifecycleIntegrationTest" classname="JTD.LaravelMCP.Tests.Feature.EventLifecycleIntegrationTest" assertions="1" time="0.005715"/>
        <testcase name="it_handles_discovery_finalization_errors_gracefully" file="/home/jeremyfall/Internal/JTD-Packages/laravel-mcp.git/main/tests/Feature/EventLifecycleIntegrationTest.php" line="92" class="JTD\LaravelMCP\Tests\Feature\EventLifecycleIntegrationTest" classname="JTD.LaravelMCP.Tests.Feature.EventLifecycleIntegrationTest" assertions="1" time="0.005965"/>
        <testcase name="it_cleans_up_resources_on_kernel_handled" file="/home/jeremyfall/Internal/JTD-Packages/laravel-mcp.git/main/tests/Feature/EventLifecycleIntegrationTest.php" line="124" class="JTD\LaravelMCP\Tests\Feature\EventLifecycleIntegrationTest" classname="JTD.LaravelMCP.Tests.Feature.EventLifecycleIntegrationTest" assertions="1" time="0.005046"/>
        <testcase name="it_handles_cleanup_errors_gracefully" file="/home/jeremyfall/Internal/JTD-Packages/laravel-mcp.git/main/tests/Feature/EventLifecycleIntegrationTest.php" line="145" class="JTD\LaravelMCP\Tests\Feature\EventLifecycleIntegrationTest" classname="JTD.LaravelMCP.Tests.Feature.EventLifecycleIntegrationTest" assertions="1" time="0.005065"/>
        <testcase name="it_performs_final_cleanup_on_application_terminating" file="/home/jeremyfall/Internal/JTD-Packages/laravel-mcp.git/main/tests/Feature/EventLifecycleIntegrationTest.php" line="167" class="JTD\LaravelMCP\Tests\Feature\EventLifecycleIntegrationTest" classname="JTD.LaravelMCP.Tests.Feature.EventLifecycleIntegrationTest" assertions="1" time="0.005133"/>
        <testcase name="it_handles_cache_cleanup_errors_gracefully" file="/home/jeremyfall/Internal/JTD-Packages/laravel-mcp.git/main/tests/Feature/EventLifecycleIntegrationTest.php" line="195" class="JTD\LaravelMCP\Tests\Feature\EventLifecycleIntegrationTest" classname="JTD.LaravelMCP.Tests.Feature.EventLifecycleIntegrationTest" assertions="1" time="0.005077"/>
        <testcase name="it_handles_complete_event_lifecycle" file="/home/jeremyfall/Internal/JTD-Packages/laravel-mcp.git/main/tests/Feature/EventLifecycleIntegrationTest.php" line="217" class="JTD\LaravelMCP\Tests\Feature\EventLifecycleIntegrationTest" classname="JTD.LaravelMCP.Tests.Feature.EventLifecycleIntegrationTest" assertions="1" time="0.005076"/>
        <testcase name="it_registers_event_listeners_only_once" file="/home/jeremyfall/Internal/JTD-Packages/laravel-mcp.git/main/tests/Feature/EventLifecycleIntegrationTest.php" line="256" class="JTD\LaravelMCP\Tests\Feature\EventLifecycleIntegrationTest" classname="JTD.LaravelMCP.Tests.Feature.EventLifecycleIntegrationTest" assertions="1" time="0.007311"/>
        <testcase name="it_handles_events_with_unbound_services_gracefully" file="/home/jeremyfall/Internal/JTD-Packages/laravel-mcp.git/main/tests/Feature/EventLifecycleIntegrationTest.php" line="283" class="JTD\LaravelMCP\Tests\Feature\EventLifecycleIntegrationTest" classname="JTD.LaravelMCP.Tests.Feature.EventLifecycleIntegrationTest" assertions="1" time="0.005807"/>
        <testcase name="it_handles_events_in_different_environments" file="/home/jeremyfall/Internal/JTD-Packages/laravel-mcp.git/main/tests/Feature/EventLifecycleIntegrationTest.php" line="302" class="JTD\LaravelMCP\Tests\Feature\EventLifecycleIntegrationTest" classname="JTD.LaravelMCP.Tests.Feature.EventLifecycleIntegrationTest" assertions="1" time="0.006121"/>
        <testcase name="it_maintains_performance_during_event_handling" file="/home/jeremyfall/Internal/JTD-Packages/laravel-mcp.git/main/tests/Feature/EventLifecycleIntegrationTest.php" line="327" class="JTD\LaravelMCP\Tests\Feature\EventLifecycleIntegrationTest" classname="JTD.LaravelMCP.Tests.Feature.EventLifecycleIntegrationTest" assertions="1" time="0.006369"/>
      </testsuite>
      <testsuite name="JTD\LaravelMCP\Tests\Feature\MiddlewareIntegrationTest" file="/home/jeremyfall/Internal/JTD-Packages/laravel-mcp.git/main/tests/Feature/MiddlewareIntegrationTest.php" tests="12" assertions="53" errors="0" failures="0" skipped="0" time="0.100113">
        <testcase name="it_handles_cors_preflight_requests" file="/home/jeremyfall/Internal/JTD-Packages/laravel-mcp.git/main/tests/Feature/MiddlewareIntegrationTest.php" line="88" class="JTD\LaravelMCP\Tests\Feature\MiddlewareIntegrationTest" classname="JTD.LaravelMCP.Tests.Feature.MiddlewareIntegrationTest" assertions="8" time="0.036308"/>
        <testcase name="it_rejects_requests_with_invalid_api_key" file="/home/jeremyfall/Internal/JTD-Packages/laravel-mcp.git/main/tests/Feature/MiddlewareIntegrationTest.php" line="135" class="JTD\LaravelMCP\Tests\Feature\MiddlewareIntegrationTest" classname="JTD.LaravelMCP.Tests.Feature.MiddlewareIntegrationTest" assertions="5" time="0.007107"/>
        <testcase name="it_rejects_requests_without_api_key_when_required" file="/home/jeremyfall/Internal/JTD-Packages/laravel-mcp.git/main/tests/Feature/MiddlewareIntegrationTest.php" line="163" class="JTD\LaravelMCP\Tests\Feature\MiddlewareIntegrationTest" classname="JTD.LaravelMCP.Tests.Feature.MiddlewareIntegrationTest" assertions="2" time="0.005480"/>
        <testcase name="it_allows_requests_when_auth_disabled" file="/home/jeremyfall/Internal/JTD-Packages/laravel-mcp.git/main/tests/Feature/MiddlewareIntegrationTest.php" line="186" class="JTD\LaravelMCP\Tests\Feature\MiddlewareIntegrationTest" classname="JTD.LaravelMCP.Tests.Feature.MiddlewareIntegrationTest" assertions="2" time="0.006061"/>
        <testcase name="it_processes_middleware_stack_correctly" file="/home/jeremyfall/Internal/JTD-Packages/laravel-mcp.git/main/tests/Feature/MiddlewareIntegrationTest.php" line="204" class="JTD\LaravelMCP\Tests\Feature\MiddlewareIntegrationTest" classname="JTD.LaravelMCP.Tests.Feature.MiddlewareIntegrationTest" assertions="6" time="0.005559"/>
        <testcase name="it_allows_wildcard_origins" file="/home/jeremyfall/Internal/JTD-Packages/laravel-mcp.git/main/tests/Feature/MiddlewareIntegrationTest.php" line="270" class="JTD\LaravelMCP\Tests\Feature\MiddlewareIntegrationTest" classname="JTD.LaravelMCP.Tests.Feature.MiddlewareIntegrationTest" assertions="3" time="0.005634"/>
        <testcase name="it_handles_complex_cors_scenarios" file="/home/jeremyfall/Internal/JTD-Packages/laravel-mcp.git/main/tests/Feature/MiddlewareIntegrationTest.php" line="289" class="JTD\LaravelMCP\Tests\Feature\MiddlewareIntegrationTest" classname="JTD.LaravelMCP.Tests.Feature.MiddlewareIntegrationTest" assertions="9" time="0.006174"/>
        <testcase name="it_maintains_cors_headers_on_auth_errors" file="/home/jeremyfall/Internal/JTD-Packages/laravel-mcp.git/main/tests/Feature/MiddlewareIntegrationTest.php" line="321" class="JTD\LaravelMCP\Tests\Feature\MiddlewareIntegrationTest" classname="JTD.LaravelMCP.Tests.Feature.MiddlewareIntegrationTest" assertions="5" time="0.005326"/>
        <testcase name="it_allows_valid_cors_requests" file="/home/jeremyfall/Internal/JTD-Packages/laravel-mcp.git/main/tests/Feature/MiddlewareIntegrationTest.php" line="65" class="JTD\LaravelMCP\Tests\Feature\MiddlewareIntegrationTest" classname="JTD.LaravelMCP.Tests.Feature.MiddlewareIntegrationTest" assertions="7" time="0.005392"/>
        <testcase name="it_accepts_api_key_in_query_parameter" file="/home/jeremyfall/Internal/JTD-Packages/laravel-mcp.git/main/tests/Feature/MiddlewareIntegrationTest.php" line="228" class="JTD\LaravelMCP\Tests\Feature\MiddlewareIntegrationTest" classname="JTD.LaravelMCP.Tests.Feature.MiddlewareIntegrationTest" assertions="2" time="0.005645"/>
        <testcase name="it_respects_cors_origin_restrictions" file="/home/jeremyfall/Internal/JTD-Packages/laravel-mcp.git/main/tests/Feature/MiddlewareIntegrationTest.php" line="250" class="JTD\LaravelMCP\Tests\Feature\MiddlewareIntegrationTest" classname="JTD.LaravelMCP.Tests.Feature.MiddlewareIntegrationTest" assertions="2" time="0.005807"/>
        <testcase name="it_allows_requests_with_valid_api_key" file="/home/jeremyfall/Internal/JTD-Packages/laravel-mcp.git/main/tests/Feature/MiddlewareIntegrationTest.php" line="114" class="JTD\LaravelMCP\Tests\Feature\MiddlewareIntegrationTest" classname="JTD.LaravelMCP.Tests.Feature.MiddlewareIntegrationTest" assertions="2" time="0.005620"/>
      </testsuite>
      <testsuite name="JTD\LaravelMCP\Tests\Unit\Commands\BaseCommandTest" file="/home/jeremyfall/Internal/JTD-Packages/laravel-mcp.git/main/tests/Unit/Commands/BaseCommandTest.php" tests="9" assertions="27" errors="0" failures="0" skipped="0" time="0.043068">
        <testcase name="test_command_with_validation_failure" file="/home/jeremyfall/Internal/JTD-Packages/laravel-mcp.git/main/tests/Unit/Commands/BaseCommandTest.php" line="105" class="JTD\LaravelMCP\Tests\Unit\Commands\BaseCommandTest" classname="JTD.LaravelMCP.Tests.Unit.Commands.BaseCommandTest" assertions="1" time="0.004588"/>
        <testcase name="test_configuration_helper_methods" file="/home/jeremyfall/Internal/JTD-Packages/laravel-mcp.git/main/tests/Unit/Commands/BaseCommandTest.php" line="185" class="JTD\LaravelMCP\Tests\Unit\Commands\BaseCommandTest" classname="JTD.LaravelMCP.Tests.Unit.Commands.BaseCommandTest" assertions="3" time="0.004555"/>
        <testcase name="test_successful_command_execution" file="/home/jeremyfall/Internal/JTD-Packages/laravel-mcp.git/main/tests/Unit/Commands/BaseCommandTest.php" line="93" class="JTD\LaravelMCP\Tests\Unit\Commands\BaseCommandTest" classname="JTD.LaravelMCP.Tests.Unit.Commands.BaseCommandTest" assertions="2" time="0.004651"/>
        <testcase name="test_error_handling_without_debug" file="/home/jeremyfall/Internal/JTD-Packages/laravel-mcp.git/main/tests/Unit/Commands/BaseCommandTest.php" line="118" class="JTD\LaravelMCP\Tests\Unit\Commands\BaseCommandTest" classname="JTD.LaravelMCP.Tests.Unit.Commands.BaseCommandTest" assertions="4" time="0.004889"/>
        <testcase name="test_error_handling_with_debug_mode" file="/home/jeremyfall/Internal/JTD-Packages/laravel-mcp.git/main/tests/Unit/Commands/BaseCommandTest.php" line="135" class="JTD\LaravelMCP\Tests\Unit\Commands\BaseCommandTest" classname="JTD.LaravelMCP.Tests.Unit.Commands.BaseCommandTest" assertions="3" time="0.004677"/>
        <testcase name="test_output_formatting_methods" file="/home/jeremyfall/Internal/JTD-Packages/laravel-mcp.git/main/tests/Unit/Commands/BaseCommandTest.php" line="151" class="JTD\LaravelMCP\Tests\Unit\Commands\BaseCommandTest" classname="JTD.LaravelMCP.Tests.Unit.Commands.BaseCommandTest" assertions="4" time="0.004795"/>
        <testcase name="test_debug_output_in_verbose_mode" file="/home/jeremyfall/Internal/JTD-Packages/laravel-mcp.git/main/tests/Unit/Commands/BaseCommandTest.php" line="172" class="JTD\LaravelMCP\Tests\Unit\Commands\BaseCommandTest" classname="JTD.LaravelMCP.Tests.Unit.Commands.BaseCommandTest" assertions="1" time="0.004862"/>
        <testcase name="test_mcp_disabled_check" file="/home/jeremyfall/Internal/JTD-Packages/laravel-mcp.git/main/tests/Unit/Commands/BaseCommandTest.php" line="200" class="JTD\LaravelMCP\Tests\Unit\Commands\BaseCommandTest" classname="JTD.LaravelMCP.Tests.Unit.Commands.BaseCommandTest" assertions="2" time="0.004764"/>
        <testcase name="test_option_validation_methods" file="/home/jeremyfall/Internal/JTD-Packages/laravel-mcp.git/main/tests/Unit/Commands/BaseCommandTest.php" line="215" class="JTD\LaravelMCP\Tests\Unit\Commands\BaseCommandTest" classname="JTD.LaravelMCP.Tests.Unit.Commands.BaseCommandTest" assertions="7" time="0.005288"/>
      </testsuite>
      <testsuite name="JTD\LaravelMCP\Tests\Unit\Commands\ListCommandTest" file="/home/jeremyfall/Internal/JTD-Packages/laravel-mcp.git/main/tests/Unit/Commands/ListCommandTest.php" tests="9" assertions="9" errors="0" failures="0" skipped="0" time="0.062462">
        <testcase name="it_outputs_in_json_format" file="/home/jeremyfall/Internal/JTD-Packages/laravel-mcp.git/main/tests/Unit/Commands/ListCommandTest.php" line="192" class="JTD\LaravelMCP\Tests\Unit\Commands\ListCommandTest" classname="JTD.LaravelMCP.Tests.Unit.Commands.ListCommandTest" assertions="1" time="0.008239"/>
        <testcase name="it_validates_invalid_type_option" file="/home/jeremyfall/Internal/JTD-Packages/laravel-mcp.git/main/tests/Unit/Commands/ListCommandTest.php" line="267" class="JTD\LaravelMCP\Tests\Unit\Commands\ListCommandTest" classname="JTD.LaravelMCP.Tests.Unit.Commands.ListCommandTest" assertions="1" time="0.005401"/>
        <testcase name="it_filters_by_resource_type" file="/home/jeremyfall/Internal/JTD-Packages/laravel-mcp.git/main/tests/Unit/Commands/ListCommandTest.php" line="154" class="JTD\LaravelMCP\Tests\Unit\Commands\ListCommandTest" classname="JTD.LaravelMCP.Tests.Unit.Commands.ListCommandTest" assertions="1" time="0.006309"/>
        <testcase name="it_handles_empty_registries_gracefully" file="/home/jeremyfall/Internal/JTD-Packages/laravel-mcp.git/main/tests/Unit/Commands/ListCommandTest.php" line="249" class="JTD\LaravelMCP\Tests\Unit\Commands\ListCommandTest" classname="JTD.LaravelMCP.Tests.Unit.Commands.ListCommandTest" assertions="1" time="0.006179"/>
        <testcase name="it_validates_invalid_format_option" file="/home/jeremyfall/Internal/JTD-Packages/laravel-mcp.git/main/tests/Unit/Commands/ListCommandTest.php" line="280" class="JTD\LaravelMCP\Tests\Unit\Commands\ListCommandTest" classname="JTD.LaravelMCP.Tests.Unit.Commands.ListCommandTest" assertions="1" time="0.006172"/>
        <testcase name="it_lists_all_components_in_table_format" file="/home/jeremyfall/Internal/JTD-Packages/laravel-mcp.git/main/tests/Unit/Commands/ListCommandTest.php" line="113" class="JTD\LaravelMCP\Tests\Unit\Commands\ListCommandTest" classname="JTD.LaravelMCP.Tests.Unit.Commands.ListCommandTest" assertions="1" time="0.008597"/>
        <testcase name="it_filters_by_tool_type" file="/home/jeremyfall/Internal/JTD-Packages/laravel-mcp.git/main/tests/Unit/Commands/ListCommandTest.php" line="135" class="JTD\LaravelMCP\Tests\Unit\Commands\ListCommandTest" classname="JTD.LaravelMCP.Tests.Unit.Commands.ListCommandTest" assertions="1" time="0.007447"/>
        <testcase name="it_shows_detailed_information" file="/home/jeremyfall/Internal/JTD-Packages/laravel-mcp.git/main/tests/Unit/Commands/ListCommandTest.php" line="230" class="JTD\LaravelMCP\Tests\Unit\Commands\ListCommandTest" classname="JTD.LaravelMCP.Tests.Unit.Commands.ListCommandTest" assertions="1" time="0.006909"/>
        <testcase name="it_filters_by_prompt_type" file="/home/jeremyfall/Internal/JTD-Packages/laravel-mcp.git/main/tests/Unit/Commands/ListCommandTest.php" line="173" class="JTD\LaravelMCP\Tests\Unit\Commands\ListCommandTest" classname="JTD.LaravelMCP.Tests.Unit.Commands.ListCommandTest" assertions="1" time="0.007210"/>
      </testsuite>
      <testsuite name="JTD\LaravelMCP\Tests\Unit\Commands\ServeCommandTest" file="/home/jeremyfall/Internal/JTD-Packages/laravel-mcp.git/main/tests/Unit/Commands/ServeCommandTest.php" tests="18" assertions="59" errors="0" failures="0" skipped="0" time="1.101305">
        <testcase name="it_validates_invalid_transport_type" file="/home/jeremyfall/Internal/JTD-Packages/laravel-mcp.git/main/tests/Unit/Commands/ServeCommandTest.php" line="238" class="JTD\LaravelMCP\Tests\Unit\Commands\ServeCommandTest" classname="JTD.LaravelMCP.Tests.Unit.Commands.ServeCommandTest" assertions="3" time="0.005398"/>
        <testcase name="it_has_correct_command_signature" file="/home/jeremyfall/Internal/JTD-Packages/laravel-mcp.git/main/tests/Unit/Commands/ServeCommandTest.php" line="83" class="JTD\LaravelMCP\Tests\Unit\Commands\ServeCommandTest" classname="JTD.LaravelMCP.Tests.Unit.Commands.ServeCommandTest" assertions="12" time="0.005374"/>
        <testcase name="it_validates_disabled_transport" file="/home/jeremyfall/Internal/JTD-Packages/laravel-mcp.git/main/tests/Unit/Commands/ServeCommandTest.php" line="255" class="JTD\LaravelMCP\Tests\Unit\Commands\ServeCommandTest" classname="JTD.LaravelMCP.Tests.Unit.Commands.ServeCommandTest" assertions="3" time="0.005402"/>
        <testcase name="it_validates_unregistered_transport_in_manager" file="/home/jeremyfall/Internal/JTD-Packages/laravel-mcp.git/main/tests/Unit/Commands/ServeCommandTest.php" line="279" class="JTD\LaravelMCP\Tests\Unit\Commands\ServeCommandTest" classname="JTD.LaravelMCP.Tests.Unit.Commands.ServeCommandTest" assertions="3" time="0.004720"/>
        <testcase name="it_validates_timeout_option" file="/home/jeremyfall/Internal/JTD-Packages/laravel-mcp.git/main/tests/Unit/Commands/ServeCommandTest.php" line="312" class="JTD\LaravelMCP\Tests\Unit\Commands\ServeCommandTest" classname="JTD.LaravelMCP.Tests.Unit.Commands.ServeCommandTest" assertions="4" time="0.004856"/>
        <testcase name="it_validates_port_option_for_http_transport" file="/home/jeremyfall/Internal/JTD-Packages/laravel-mcp.git/main/tests/Unit/Commands/ServeCommandTest.php" line="336" class="JTD\LaravelMCP\Tests\Unit\Commands\ServeCommandTest" classname="JTD.LaravelMCP.Tests.Unit.Commands.ServeCommandTest" assertions="4" time="0.004760"/>
        <testcase name="it_handles_transport_creation_failure" file="/home/jeremyfall/Internal/JTD-Packages/laravel-mcp.git/main/tests/Unit/Commands/ServeCommandTest.php" line="392" class="JTD\LaravelMCP\Tests\Unit\Commands\ServeCommandTest" classname="JTD.LaravelMCP.Tests.Unit.Commands.ServeCommandTest" assertions="2" time="0.005174"/>
        <testcase name="it_handles_stdio_transport_errors" file="/home/jeremyfall/Internal/JTD-Packages/laravel-mcp.git/main/tests/Unit/Commands/ServeCommandTest.php" line="413" class="JTD\LaravelMCP\Tests\Unit\Commands\ServeCommandTest" classname="JTD.LaravelMCP.Tests.Unit.Commands.ServeCommandTest" assertions="3" time="0.007463"/>
        <testcase name="it_builds_correct_transport_configuration" file="/home/jeremyfall/Internal/JTD-Packages/laravel-mcp.git/main/tests/Unit/Commands/ServeCommandTest.php" line="444" class="JTD\LaravelMCP\Tests\Unit\Commands\ServeCommandTest" classname="JTD.LaravelMCP.Tests.Unit.Commands.ServeCommandTest" assertions="1" time="0.006986"/>
        <testcase name="it_handles_invalid_transport_instance" file="/home/jeremyfall/Internal/JTD-Packages/laravel-mcp.git/main/tests/Unit/Commands/ServeCommandTest.php" line="498" class="JTD\LaravelMCP\Tests\Unit\Commands\ServeCommandTest" classname="JTD.LaravelMCP.Tests.Unit.Commands.ServeCommandTest" assertions="2" time="0.005309"/>
        <testcase name="it_configures_server_info_correctly" file="/home/jeremyfall/Internal/JTD-Packages/laravel-mcp.git/main/tests/Unit/Commands/ServeCommandTest.php" line="556" class="JTD\LaravelMCP\Tests\Unit\Commands\ServeCommandTest" classname="JTD.LaravelMCP.Tests.Unit.Commands.ServeCommandTest" assertions="1" time="0.005679"/>
        <testcase name="it_returns_error_when_mcp_is_disabled" file="/home/jeremyfall/Internal/JTD-Packages/laravel-mcp.git/main/tests/Unit/Commands/ServeCommandTest.php" line="625" class="JTD\LaravelMCP\Tests\Unit\Commands\ServeCommandTest" classname="JTD.LaravelMCP.Tests.Unit.Commands.ServeCommandTest" assertions="2" time="0.005330"/>
        <testcase name="it_attempts_reconnection_for_http_transport" file="/home/jeremyfall/Internal/JTD-Packages/laravel-mcp.git/main/tests/Unit/Commands/ServeCommandTest.php" line="642" class="JTD\LaravelMCP\Tests\Unit\Commands\ServeCommandTest" classname="JTD.LaravelMCP.Tests.Unit.Commands.ServeCommandTest" assertions="2" time="0.005684"/>
        <testcase name="it_starts_stdio_transport_successfully" file="/home/jeremyfall/Internal/JTD-Packages/laravel-mcp.git/main/tests/Unit/Commands/ServeCommandTest.php" line="112" class="JTD\LaravelMCP\Tests\Unit\Commands\ServeCommandTest" classname="JTD.LaravelMCP.Tests.Unit.Commands.ServeCommandTest" assertions="5" time="0.005513"/>
        <testcase name="it_starts_http_transport_successfully" file="/home/jeremyfall/Internal/JTD-Packages/laravel-mcp.git/main/tests/Unit/Commands/ServeCommandTest.php" line="156" class="JTD\LaravelMCP\Tests\Unit\Commands\ServeCommandTest" classname="JTD.LaravelMCP.Tests.Unit.Commands.ServeCommandTest" assertions="7" time="0.005623"/>
        <testcase name="it_enables_debug_mode" file="/home/jeremyfall/Internal/JTD-Packages/laravel-mcp.git/main/tests/Unit/Commands/ServeCommandTest.php" line="360" class="JTD\LaravelMCP\Tests\Unit\Commands\ServeCommandTest" classname="JTD.LaravelMCP.Tests.Unit.Commands.ServeCommandTest" assertions="2" time="0.005791"/>
        <testcase name="it_displays_transport_stats_in_verbose_mode" file="/home/jeremyfall/Internal/JTD-Packages/laravel-mcp.git/main/tests/Unit/Commands/ServeCommandTest.php" line="588" class="JTD\LaravelMCP\Tests\Unit\Commands\ServeCommandTest" classname="JTD.LaravelMCP.Tests.Unit.Commands.ServeCommandTest" assertions="2" time="0.005709"/>
        <testcase name="it_handles_shutdown_signals_with_pcntl" file="/home/jeremyfall/Internal/JTD-Packages/laravel-mcp.git/main/tests/Unit/Commands/ServeCommandTest.php" line="527" class="JTD\LaravelMCP\Tests\Unit\Commands\ServeCommandTest" classname="JTD.LaravelMCP.Tests.Unit.Commands.ServeCommandTest" assertions="1" time="1.006535"/>
      </testsuite>
      <testsuite name="JTD\LaravelMCP\Tests\Unit\Exceptions\McpExceptionTest" file="/home/jeremyfall/Internal/JTD-Packages/laravel-mcp.git/main/tests/Unit/Exceptions/McpExceptionTest.php" tests="22" assertions="76" errors="0" failures="0" skipped="0" time="0.109625">
        <testcase name="test_exception_with_data" file="/home/jeremyfall/Internal/JTD-Packages/laravel-mcp.git/main/tests/Unit/Exceptions/McpExceptionTest.php" line="30" class="JTD\LaravelMCP\Tests\Unit\Exceptions\McpExceptionTest" classname="JTD.LaravelMCP.Tests.Unit.Exceptions.McpExceptionTest" assertions="1" time="0.009597"/>
        <testcase name="test_exception_with_previous" file="/home/jeremyfall/Internal/JTD-Packages/laravel-mcp.git/main/tests/Unit/Exceptions/McpExceptionTest.php" line="52" class="JTD\LaravelMCP\Tests\Unit\Exceptions\McpExceptionTest" classname="JTD.LaravelMCP.Tests.Unit.Exceptions.McpExceptionTest" assertions="1" time="0.004482"/>
        <testcase name="test_set_data" file="/home/jeremyfall/Internal/JTD-Packages/laravel-mcp.git/main/tests/Unit/Exceptions/McpExceptionTest.php" line="63" class="JTD\LaravelMCP\Tests\Unit\Exceptions\McpExceptionTest" classname="JTD.LaravelMCP.Tests.Unit.Exceptions.McpExceptionTest" assertions="1" time="0.005095"/>
        <testcase name="test_set_context" file="/home/jeremyfall/Internal/JTD-Packages/laravel-mcp.git/main/tests/Unit/Exceptions/McpExceptionTest.php" line="76" class="JTD\LaravelMCP\Tests\Unit\Exceptions\McpExceptionTest" classname="JTD.LaravelMCP.Tests.Unit.Exceptions.McpExceptionTest" assertions="1" time="0.004243"/>
        <testcase name="test_add_context" file="/home/jeremyfall/Internal/JTD-Packages/laravel-mcp.git/main/tests/Unit/Exceptions/McpExceptionTest.php" line="89" class="JTD\LaravelMCP\Tests\Unit\Exceptions\McpExceptionTest" classname="JTD.LaravelMCP.Tests.Unit.Exceptions.McpExceptionTest" assertions="2" time="0.004704"/>
        <testcase name="test_to_array_with_previous" file="/home/jeremyfall/Internal/JTD-Packages/laravel-mcp.git/main/tests/Unit/Exceptions/McpExceptionTest.php" line="124" class="JTD\LaravelMCP\Tests\Unit\Exceptions\McpExceptionTest" classname="JTD.LaravelMCP.Tests.Unit.Exceptions.McpExceptionTest" assertions="4" time="0.004486"/>
        <testcase name="test_to_json" file="/home/jeremyfall/Internal/JTD-Packages/laravel-mcp.git/main/tests/Unit/Exceptions/McpExceptionTest.php" line="140" class="JTD\LaravelMCP\Tests\Unit\Exceptions\McpExceptionTest" classname="JTD.LaravelMCP.Tests.Unit.Exceptions.McpExceptionTest" assertions="3" time="0.004804"/>
        <testcase name="test_get_error_type_json_rpc" file="/home/jeremyfall/Internal/JTD-Packages/laravel-mcp.git/main/tests/Unit/Exceptions/McpExceptionTest.php" line="156" class="JTD\LaravelMCP\Tests\Unit\Exceptions\McpExceptionTest" classname="JTD.LaravelMCP.Tests.Unit.Exceptions.McpExceptionTest" assertions="9" time="0.004505"/>
        <testcase name="test_is_client_error" file="/home/jeremyfall/Internal/JTD-Packages/laravel-mcp.git/main/tests/Unit/Exceptions/McpExceptionTest.php" line="179" class="JTD\LaravelMCP\Tests\Unit\Exceptions\McpExceptionTest" classname="JTD.LaravelMCP.Tests.Unit.Exceptions.McpExceptionTest" assertions="7" time="0.005154"/>
        <testcase name="test_is_server_error" file="/home/jeremyfall/Internal/JTD-Packages/laravel-mcp.git/main/tests/Unit/Exceptions/McpExceptionTest.php" line="198" class="JTD\LaravelMCP\Tests\Unit\Exceptions\McpExceptionTest" classname="JTD.LaravelMCP.Tests.Unit.Exceptions.McpExceptionTest" assertions="8" time="0.004818"/>
        <testcase name="test_static_parse_error" file="/home/jeremyfall/Internal/JTD-Packages/laravel-mcp.git/main/tests/Unit/Exceptions/McpExceptionTest.php" line="217" class="JTD\LaravelMCP\Tests\Unit\Exceptions\McpExceptionTest" classname="JTD.LaravelMCP.Tests.Unit.Exceptions.McpExceptionTest" assertions="3" time="0.004989"/>
        <testcase name="test_static_invalid_request" file="/home/jeremyfall/Internal/JTD-Packages/laravel-mcp.git/main/tests/Unit/Exceptions/McpExceptionTest.php" line="229" class="JTD\LaravelMCP\Tests\Unit\Exceptions\McpExceptionTest" classname="JTD.LaravelMCP.Tests.Unit.Exceptions.McpExceptionTest" assertions="3" time="0.004738"/>
        <testcase name="test_static_invalid_params" file="/home/jeremyfall/Internal/JTD-Packages/laravel-mcp.git/main/tests/Unit/Exceptions/McpExceptionTest.php" line="253" class="JTD\LaravelMCP\Tests\Unit\Exceptions\McpExceptionTest" classname="JTD.LaravelMCP.Tests.Unit.Exceptions.McpExceptionTest" assertions="3" time="0.005047"/>
        <testcase name="test_static_internal_error" file="/home/jeremyfall/Internal/JTD-Packages/laravel-mcp.git/main/tests/Unit/Exceptions/McpExceptionTest.php" line="265" class="JTD\LaravelMCP\Tests\Unit\Exceptions\McpExceptionTest" classname="JTD.LaravelMCP.Tests.Unit.Exceptions.McpExceptionTest" assertions="3" time="0.004659"/>
        <testcase name="test_static_application_error" file="/home/jeremyfall/Internal/JTD-Packages/laravel-mcp.git/main/tests/Unit/Exceptions/McpExceptionTest.php" line="277" class="JTD\LaravelMCP\Tests\Unit\Exceptions\McpExceptionTest" classname="JTD.LaravelMCP.Tests.Unit.Exceptions.McpExceptionTest" assertions="3" time="0.005044"/>
        <testcase name="test_static_from_throwable" file="/home/jeremyfall/Internal/JTD-Packages/laravel-mcp.git/main/tests/Unit/Exceptions/McpExceptionTest.php" line="289" class="JTD\LaravelMCP\Tests\Unit\Exceptions\McpExceptionTest" classname="JTD.LaravelMCP.Tests.Unit.Exceptions.McpExceptionTest" assertions="7" time="0.004703"/>
        <testcase name="test_from_throwable_with_custom_code" file="/home/jeremyfall/Internal/JTD-Packages/laravel-mcp.git/main/tests/Unit/Exceptions/McpExceptionTest.php" line="308" class="JTD\LaravelMCP\Tests\Unit\Exceptions\McpExceptionTest" classname="JTD.LaravelMCP.Tests.Unit.Exceptions.McpExceptionTest" assertions="1" time="0.004794"/>
        <testcase name="test_fluent_interface" file="/home/jeremyfall/Internal/JTD-Packages/laravel-mcp.git/main/tests/Unit/Exceptions/McpExceptionTest.php" line="319" class="JTD\LaravelMCP\Tests\Unit\Exceptions\McpExceptionTest" classname="JTD.LaravelMCP.Tests.Unit.Exceptions.McpExceptionTest" assertions="3" time="0.004807"/>
        <testcase name="test_basic_exception_creation" file="/home/jeremyfall/Internal/JTD-Packages/laravel-mcp.git/main/tests/Unit/Exceptions/McpExceptionTest.php" line="19" class="JTD\LaravelMCP\Tests\Unit\Exceptions\McpExceptionTest" classname="JTD.LaravelMCP.Tests.Unit.Exceptions.McpExceptionTest" assertions="2" time="0.004771"/>
        <testcase name="test_exception_with_context" file="/home/jeremyfall/Internal/JTD-Packages/laravel-mcp.git/main/tests/Unit/Exceptions/McpExceptionTest.php" line="41" class="JTD\LaravelMCP\Tests\Unit\Exceptions\McpExceptionTest" classname="JTD.LaravelMCP.Tests.Unit.Exceptions.McpExceptionTest" assertions="1" time="0.004646"/>
        <testcase name="test_to_array" file="/home/jeremyfall/Internal/JTD-Packages/laravel-mcp.git/main/tests/Unit/Exceptions/McpExceptionTest.php" line="103" class="JTD\LaravelMCP\Tests\Unit\Exceptions\McpExceptionTest" classname="JTD.LaravelMCP.Tests.Unit.Exceptions.McpExceptionTest" assertions="7" time="0.004897"/>
        <testcase name="test_static_method_not_found" file="/home/jeremyfall/Internal/JTD-Packages/laravel-mcp.git/main/tests/Unit/Exceptions/McpExceptionTest.php" line="241" class="JTD\LaravelMCP\Tests\Unit\Exceptions\McpExceptionTest" classname="JTD.LaravelMCP.Tests.Unit.Exceptions.McpExceptionTest" assertions="3" time="0.004642"/>
      </testsuite>
      <testsuite name="JTD\LaravelMCP\Tests\Unit\Http\Middleware\McpAuthMiddlewareTest" file="/home/jeremyfall/Internal/JTD-Packages/laravel-mcp.git/main/tests/Unit/Http/Middleware/McpAuthMiddlewareTest.php" tests="7" assertions="11" errors="0" failures="0" skipped="0" time="0.033502">
        <testcase name="it_passes_through_when_auth_disabled" file="/home/jeremyfall/Internal/JTD-Packages/laravel-mcp.git/main/tests/Unit/Http/Middleware/McpAuthMiddlewareTest.php" line="41" class="JTD\LaravelMCP\Tests\Unit\Http\Middleware\McpAuthMiddlewareTest" classname="JTD.LaravelMCP.Tests.Unit.Http.Middleware.McpAuthMiddlewareTest" assertions="1" time="0.004415"/>
        <testcase name="it_passes_through_when_no_api_key_configured" file="/home/jeremyfall/Internal/JTD-Packages/laravel-mcp.git/main/tests/Unit/Http/Middleware/McpAuthMiddlewareTest.php" line="61" class="JTD\LaravelMCP\Tests\Unit\Http\Middleware\McpAuthMiddlewareTest" classname="JTD.LaravelMCP.Tests.Unit.Http.Middleware.McpAuthMiddlewareTest" assertions="1" time="0.004504"/>
        <testcase name="it_authenticates_with_valid_api_key_in_header" file="/home/jeremyfall/Internal/JTD-Packages/laravel-mcp.git/main/tests/Unit/Http/Middleware/McpAuthMiddlewareTest.php" line="82" class="JTD\LaravelMCP\Tests\Unit\Http\Middleware\McpAuthMiddlewareTest" classname="JTD.LaravelMCP.Tests.Unit.Http.Middleware.McpAuthMiddlewareTest" assertions="1" time="0.004445"/>
        <testcase name="it_authenticates_with_valid_api_key_in_query" file="/home/jeremyfall/Internal/JTD-Packages/laravel-mcp.git/main/tests/Unit/Http/Middleware/McpAuthMiddlewareTest.php" line="104" class="JTD\LaravelMCP\Tests\Unit\Http\Middleware\McpAuthMiddlewareTest" classname="JTD.LaravelMCP.Tests.Unit.Http.Middleware.McpAuthMiddlewareTest" assertions="1" time="0.004574"/>
        <testcase name="it_rejects_invalid_api_key" file="/home/jeremyfall/Internal/JTD-Packages/laravel-mcp.git/main/tests/Unit/Http/Middleware/McpAuthMiddlewareTest.php" line="125" class="JTD\LaravelMCP\Tests\Unit\Http\Middleware\McpAuthMiddlewareTest" classname="JTD.LaravelMCP.Tests.Unit.Http.Middleware.McpAuthMiddlewareTest" assertions="3" time="0.004837"/>
        <testcase name="it_rejects_request_with_no_api_key_when_required" file="/home/jeremyfall/Internal/JTD-Packages/laravel-mcp.git/main/tests/Unit/Http/Middleware/McpAuthMiddlewareTest.php" line="150" class="JTD\LaravelMCP\Tests\Unit\Http\Middleware\McpAuthMiddlewareTest" classname="JTD.LaravelMCP.Tests.Unit.Http.Middleware.McpAuthMiddlewareTest" assertions="3" time="0.005468"/>
        <testcase name="it_prioritizes_header_over_query_parameter" file="/home/jeremyfall/Internal/JTD-Packages/laravel-mcp.git/main/tests/Unit/Http/Middleware/McpAuthMiddlewareTest.php" line="174" class="JTD\LaravelMCP\Tests\Unit\Http\Middleware\McpAuthMiddlewareTest" classname="JTD.LaravelMCP.Tests.Unit.Http.Middleware.McpAuthMiddlewareTest" assertions="1" time="0.005259"/>
      </testsuite>
      <testsuite name="JTD\LaravelMCP\Tests\Unit\Http\Middleware\McpCorsMiddlewareTest" file="/home/jeremyfall/Internal/JTD-Packages/laravel-mcp.git/main/tests/Unit/Http/Middleware/McpCorsMiddlewareTest.php" tests="8" assertions="23" errors="0" failures="0" skipped="0" time="0.039979">
        <testcase name="it_rejects_disallowed_origins" file="/home/jeremyfall/Internal/JTD-Packages/laravel-mcp.git/main/tests/Unit/Http/Middleware/McpCorsMiddlewareTest.php" line="122" class="JTD\LaravelMCP\Tests\Unit\Http\Middleware\McpCorsMiddlewareTest" classname="JTD.LaravelMCP.Tests.Unit.Http.Middleware.McpCorsMiddlewareTest" assertions="1" time="0.004732"/>
        <testcase name="it_allows_all_origins_with_wildcard" file="/home/jeremyfall/Internal/JTD-Packages/laravel-mcp.git/main/tests/Unit/Http/Middleware/McpCorsMiddlewareTest.php" line="145" class="JTD\LaravelMCP\Tests\Unit\Http\Middleware\McpCorsMiddlewareTest" classname="JTD.LaravelMCP.Tests.Unit.Http.Middleware.McpCorsMiddlewareTest" assertions="1" time="0.004556"/>
        <testcase name="it_adds_cors_headers_to_regular_requests" file="/home/jeremyfall/Internal/JTD-Packages/laravel-mcp.git/main/tests/Unit/Http/Middleware/McpCorsMiddlewareTest.php" line="40" class="JTD\LaravelMCP\Tests\Unit\Http\Middleware\McpCorsMiddlewareTest" classname="JTD.LaravelMCP.Tests.Unit.Http.Middleware.McpCorsMiddlewareTest" assertions="5" time="0.004776"/>
        <testcase name="it_handles_preflight_options_requests" file="/home/jeremyfall/Internal/JTD-Packages/laravel-mcp.git/main/tests/Unit/Http/Middleware/McpCorsMiddlewareTest.php" line="70" class="JTD\LaravelMCP\Tests\Unit\Http\Middleware\McpCorsMiddlewareTest" classname="JTD.LaravelMCP.Tests.Unit.Http.Middleware.McpCorsMiddlewareTest" assertions="5" time="0.004875"/>
        <testcase name="it_respects_specific_allowed_origins" file="/home/jeremyfall/Internal/JTD-Packages/laravel-mcp.git/main/tests/Unit/Http/Middleware/McpCorsMiddlewareTest.php" line="99" class="JTD\LaravelMCP\Tests\Unit\Http\Middleware\McpCorsMiddlewareTest" classname="JTD.LaravelMCP.Tests.Unit.Http.Middleware.McpCorsMiddlewareTest" assertions="1" time="0.004815"/>
        <testcase name="it_sets_default_origin_when_no_origin_header" file="/home/jeremyfall/Internal/JTD-Packages/laravel-mcp.git/main/tests/Unit/Http/Middleware/McpCorsMiddlewareTest.php" line="168" class="JTD\LaravelMCP\Tests\Unit\Http\Middleware\McpCorsMiddlewareTest" classname="JTD.LaravelMCP.Tests.Unit.Http.Middleware.McpCorsMiddlewareTest" assertions="1" time="0.005391"/>
        <testcase name="it_uses_default_configuration_values" file="/home/jeremyfall/Internal/JTD-Packages/laravel-mcp.git/main/tests/Unit/Http/Middleware/McpCorsMiddlewareTest.php" line="191" class="JTD\LaravelMCP\Tests\Unit\Http\Middleware\McpCorsMiddlewareTest" classname="JTD.LaravelMCP.Tests.Unit.Http.Middleware.McpCorsMiddlewareTest" assertions="6" time="0.005277"/>
        <testcase name="it_includes_mcp_specific_headers" file="/home/jeremyfall/Internal/JTD-Packages/laravel-mcp.git/main/tests/Unit/Http/Middleware/McpCorsMiddlewareTest.php" line="217" class="JTD\LaravelMCP\Tests\Unit\Http\Middleware\McpCorsMiddlewareTest" classname="JTD.LaravelMCP.Tests.Unit.Http.Middleware.McpCorsMiddlewareTest" assertions="3" time="0.005557"/>
      </testsuite>
      <testsuite name="JTD\LaravelMCP\Tests\Unit\LaravelMcpServiceProviderTest" file="/home/jeremyfall/Internal/JTD-Packages/laravel-mcp.git/main/tests/Unit/LaravelMcpServiceProviderTest.php" tests="39" assertions="94" errors="0" failures="0" skipped="0" time="0.222648">
        <testsuite name="JTD\LaravelMCP\Tests\Unit\LaravelMcpServiceProviderTest::it_resolves_individual_services" tests="9" assertions="9" errors="0" failures="0" skipped="0" time="0.046568">
          <testcase name="it_resolves_individual_services with data set &quot;McpRegistry&quot;" file="/home/jeremyfall/Internal/JTD-Packages/laravel-mcp.git/main/tests/Unit/LaravelMcpServiceProviderTest.php" line="520" class="JTD\LaravelMCP\Tests\Unit\LaravelMcpServiceProviderTest" classname="JTD.LaravelMCP.Tests.Unit.LaravelMcpServiceProviderTest" assertions="1" time="0.005461"/>
          <testcase name="it_resolves_individual_services with data set &quot;TransportManager&quot;" file="/home/jeremyfall/Internal/JTD-Packages/laravel-mcp.git/main/tests/Unit/LaravelMcpServiceProviderTest.php" line="520" class="JTD\LaravelMCP\Tests\Unit\LaravelMcpServiceProviderTest" classname="JTD.LaravelMCP.Tests.Unit.LaravelMcpServiceProviderTest" assertions="1" time="0.005434"/>
          <testcase name="it_resolves_individual_services with data set &quot;JsonRpcHandler&quot;" file="/home/jeremyfall/Internal/JTD-Packages/laravel-mcp.git/main/tests/Unit/LaravelMcpServiceProviderTest.php" line="520" class="JTD\LaravelMCP\Tests\Unit\LaravelMcpServiceProviderTest" classname="JTD.LaravelMCP.Tests.Unit.LaravelMcpServiceProviderTest" assertions="1" time="0.004874"/>
          <testcase name="it_resolves_individual_services with data set &quot;MessageProcessor&quot;" file="/home/jeremyfall/Internal/JTD-Packages/laravel-mcp.git/main/tests/Unit/LaravelMcpServiceProviderTest.php" line="520" class="JTD\LaravelMCP\Tests\Unit\LaravelMcpServiceProviderTest" classname="JTD.LaravelMCP.Tests.Unit.LaravelMcpServiceProviderTest" assertions="1" time="0.005300"/>
          <testcase name="it_resolves_individual_services with data set &quot;CapabilityNegotiator&quot;" file="/home/jeremyfall/Internal/JTD-Packages/laravel-mcp.git/main/tests/Unit/LaravelMcpServiceProviderTest.php" line="520" class="JTD\LaravelMCP\Tests\Unit\LaravelMcpServiceProviderTest" classname="JTD.LaravelMCP.Tests.Unit.LaravelMcpServiceProviderTest" assertions="1" time="0.005306"/>
          <testcase name="it_resolves_individual_services with data set &quot;ToolRegistry&quot;" file="/home/jeremyfall/Internal/JTD-Packages/laravel-mcp.git/main/tests/Unit/LaravelMcpServiceProviderTest.php" line="520" class="JTD\LaravelMCP\Tests\Unit\LaravelMcpServiceProviderTest" classname="JTD.LaravelMCP.Tests.Unit.LaravelMcpServiceProviderTest" assertions="1" time="0.005253"/>
          <testcase name="it_resolves_individual_services with data set &quot;ResourceRegistry&quot;" file="/home/jeremyfall/Internal/JTD-Packages/laravel-mcp.git/main/tests/Unit/LaravelMcpServiceProviderTest.php" line="520" class="JTD\LaravelMCP\Tests\Unit\LaravelMcpServiceProviderTest" classname="JTD.LaravelMCP.Tests.Unit.LaravelMcpServiceProviderTest" assertions="1" time="0.005054"/>
          <testcase name="it_resolves_individual_services with data set &quot;PromptRegistry&quot;" file="/home/jeremyfall/Internal/JTD-Packages/laravel-mcp.git/main/tests/Unit/LaravelMcpServiceProviderTest.php" line="520" class="JTD\LaravelMCP\Tests\Unit\LaravelMcpServiceProviderTest" classname="JTD.LaravelMCP.Tests.Unit.LaravelMcpServiceProviderTest" assertions="1" time="0.004692"/>
          <testcase name="it_resolves_individual_services with data set &quot;ComponentDiscovery&quot;" file="/home/jeremyfall/Internal/JTD-Packages/laravel-mcp.git/main/tests/Unit/LaravelMcpServiceProviderTest.php" line="520" class="JTD\LaravelMCP\Tests\Unit\LaravelMcpServiceProviderTest" classname="JTD.LaravelMCP.Tests.Unit.LaravelMcpServiceProviderTest" assertions="1" time="0.005195"/>
        </testsuite>
        <testcase name="it_detects_console_environment" file="/home/jeremyfall/Internal/JTD-Packages/laravel-mcp.git/main/tests/Unit/LaravelMcpServiceProviderTest.php" line="282" class="JTD\LaravelMCP\Tests\Unit\LaravelMcpServiceProviderTest" classname="JTD.LaravelMCP.Tests.Unit.LaravelMcpServiceProviderTest" assertions="1" time="0.010529"/>
        <testcase name="it_detects_testing_environment" file="/home/jeremyfall/Internal/JTD-Packages/laravel-mcp.git/main/tests/Unit/LaravelMcpServiceProviderTest.php" line="306" class="JTD\LaravelMCP\Tests\Unit\LaravelMcpServiceProviderTest" classname="JTD.LaravelMCP.Tests.Unit.LaravelMcpServiceProviderTest" assertions="1" time="0.005045"/>
        <testcase name="it_detects_web_environment" file="/home/jeremyfall/Internal/JTD-Packages/laravel-mcp.git/main/tests/Unit/LaravelMcpServiceProviderTest.php" line="330" class="JTD\LaravelMCP\Tests\Unit\LaravelMcpServiceProviderTest" classname="JTD.LaravelMCP.Tests.Unit.LaravelMcpServiceProviderTest" assertions="1" time="0.005041"/>
        <testcase name="it_handles_boot_failure_gracefully_in_production" file="/home/jeremyfall/Internal/JTD-Packages/laravel-mcp.git/main/tests/Unit/LaravelMcpServiceProviderTest.php" line="750" class="JTD\LaravelMCP\Tests\Unit\LaravelMcpServiceProviderTest" classname="JTD.LaravelMCP.Tests.Unit.LaravelMcpServiceProviderTest" assertions="2" time="0.004753"/>
        <testcase name="it_registers_all_singleton_services" file="/home/jeremyfall/Internal/JTD-Packages/laravel-mcp.git/main/tests/Unit/LaravelMcpServiceProviderTest.php" line="61" class="JTD\LaravelMCP\Tests\Unit\LaravelMcpServiceProviderTest" classname="JTD.LaravelMCP.Tests.Unit.LaravelMcpServiceProviderTest" assertions="9" time="0.005309"/>
        <testcase name="it_ensures_singletons_return_same_instance" file="/home/jeremyfall/Internal/JTD-Packages/laravel-mcp.git/main/tests/Unit/LaravelMcpServiceProviderTest.php" line="88" class="JTD\LaravelMCP\Tests\Unit\LaravelMcpServiceProviderTest" classname="JTD.LaravelMCP.Tests.Unit.LaravelMcpServiceProviderTest" assertions="9" time="0.005438"/>
        <testcase name="it_registers_transport_implementations" file="/home/jeremyfall/Internal/JTD-Packages/laravel-mcp.git/main/tests/Unit/LaravelMcpServiceProviderTest.php" line="118" class="JTD\LaravelMCP\Tests\Unit\LaravelMcpServiceProviderTest" classname="JTD.LaravelMCP.Tests.Unit.LaravelMcpServiceProviderTest" assertions="4" time="0.005131"/>
        <testcase name="it_binds_interfaces_to_implementations" file="/home/jeremyfall/Internal/JTD-Packages/laravel-mcp.git/main/tests/Unit/LaravelMcpServiceProviderTest.php" line="139" class="JTD\LaravelMCP\Tests\Unit\LaravelMcpServiceProviderTest" classname="JTD.LaravelMCP.Tests.Unit.LaravelMcpServiceProviderTest" assertions="4" time="0.005758"/>
        <testcase name="it_binds_transport_interface_to_default_transport" file="/home/jeremyfall/Internal/JTD-Packages/laravel-mcp.git/main/tests/Unit/LaravelMcpServiceProviderTest.php" line="160" class="JTD\LaravelMCP\Tests\Unit\LaravelMcpServiceProviderTest" classname="JTD.LaravelMCP.Tests.Unit.LaravelMcpServiceProviderTest" assertions="2" time="0.005202"/>
        <testcase name="it_merges_laravel_mcp_configuration" file="/home/jeremyfall/Internal/JTD-Packages/laravel-mcp.git/main/tests/Unit/LaravelMcpServiceProviderTest.php" line="181" class="JTD\LaravelMCP\Tests\Unit\LaravelMcpServiceProviderTest" classname="JTD.LaravelMCP.Tests.Unit.LaravelMcpServiceProviderTest" assertions="7" time="0.005910"/>
        <testcase name="it_merges_mcp_transports_configuration" file="/home/jeremyfall/Internal/JTD-Packages/laravel-mcp.git/main/tests/Unit/LaravelMcpServiceProviderTest.php" line="202" class="JTD\LaravelMCP\Tests\Unit\LaravelMcpServiceProviderTest" classname="JTD.LaravelMCP.Tests.Unit.LaravelMcpServiceProviderTest" assertions="2" time="0.005104"/>
        <testcase name="it_allows_custom_configuration_to_override_defaults" file="/home/jeremyfall/Internal/JTD-Packages/laravel-mcp.git/main/tests/Unit/LaravelMcpServiceProviderTest.php" line="219" class="JTD\LaravelMCP\Tests\Unit\LaravelMcpServiceProviderTest" classname="JTD.LaravelMCP.Tests.Unit.LaravelMcpServiceProviderTest" assertions="4" time="0.006839"/>
        <testcase name="it_validates_dependencies_successfully_when_met" file="/home/jeremyfall/Internal/JTD-Packages/laravel-mcp.git/main/tests/Unit/LaravelMcpServiceProviderTest.php" line="241" class="JTD\LaravelMCP\Tests\Unit\LaravelMcpServiceProviderTest" classname="JTD.LaravelMCP.Tests.Unit.LaravelMcpServiceProviderTest" assertions="1" time="0.005660"/>
        <testcase name="it_throws_exception_when_required_dependencies_are_missing" file="/home/jeremyfall/Internal/JTD-Packages/laravel-mcp.git/main/tests/Unit/LaravelMcpServiceProviderTest.php" line="254" class="JTD\LaravelMCP\Tests\Unit\LaravelMcpServiceProviderTest" classname="JTD.LaravelMCP.Tests.Unit.LaravelMcpServiceProviderTest" assertions="2" time="0.005208"/>
        <testcase name="it_skips_discovery_when_disabled" file="/home/jeremyfall/Internal/JTD-Packages/laravel-mcp.git/main/tests/Unit/LaravelMcpServiceProviderTest.php" line="354" class="JTD\LaravelMCP\Tests\Unit\LaravelMcpServiceProviderTest" classname="JTD.LaravelMCP.Tests.Unit.LaravelMcpServiceProviderTest" assertions="1" time="0.005370"/>
        <testcase name="it_runs_discovery_when_enabled" file="/home/jeremyfall/Internal/JTD-Packages/laravel-mcp.git/main/tests/Unit/LaravelMcpServiceProviderTest.php" line="376" class="JTD\LaravelMCP\Tests\Unit\LaravelMcpServiceProviderTest" classname="JTD.LaravelMCP.Tests.Unit.LaravelMcpServiceProviderTest" assertions="1" time="0.005957"/>
        <testcase name="it_sets_up_publishing_configurations" file="/home/jeremyfall/Internal/JTD-Packages/laravel-mcp.git/main/tests/Unit/LaravelMcpServiceProviderTest.php" line="406" class="JTD\LaravelMCP\Tests\Unit\LaravelMcpServiceProviderTest" classname="JTD.LaravelMCP.Tests.Unit.LaravelMcpServiceProviderTest" assertions="2" time="0.005885"/>
        <testcase name="it_loads_routes_when_mcp_routes_file_exists" file="/home/jeremyfall/Internal/JTD-Packages/laravel-mcp.git/main/tests/Unit/LaravelMcpServiceProviderTest.php" line="427" class="JTD\LaravelMCP\Tests\Unit\LaravelMcpServiceProviderTest" classname="JTD.LaravelMCP.Tests.Unit.LaravelMcpServiceProviderTest" assertions="1" time="0.006113"/>
        <testcase name="it_skips_routes_when_mcp_routes_file_does_not_exist" file="/home/jeremyfall/Internal/JTD-Packages/laravel-mcp.git/main/tests/Unit/LaravelMcpServiceProviderTest.php" line="455" class="JTD\LaravelMCP\Tests\Unit\LaravelMcpServiceProviderTest" classname="JTD.LaravelMCP.Tests.Unit.LaravelMcpServiceProviderTest" assertions="1" time="0.005639"/>
        <testcase name="it_runs_console_boot_only_in_console" file="/home/jeremyfall/Internal/JTD-Packages/laravel-mcp.git/main/tests/Unit/LaravelMcpServiceProviderTest.php" line="473" class="JTD\LaravelMCP\Tests\Unit\LaravelMcpServiceProviderTest" classname="JTD.LaravelMCP.Tests.Unit.LaravelMcpServiceProviderTest" assertions="1" time="0.005135"/>
        <testcase name="it_resolves_all_services_after_boot" file="/home/jeremyfall/Internal/JTD-Packages/laravel-mcp.git/main/tests/Unit/LaravelMcpServiceProviderTest.php" line="536" class="JTD\LaravelMCP\Tests\Unit\LaravelMcpServiceProviderTest" classname="JTD.LaravelMCP.Tests.Unit.LaravelMcpServiceProviderTest" assertions="14" time="0.005913"/>
        <testcase name="it_validates_configuration_structure" file="/home/jeremyfall/Internal/JTD-Packages/laravel-mcp.git/main/tests/Unit/LaravelMcpServiceProviderTest.php" line="570" class="JTD\LaravelMCP\Tests\Unit\LaravelMcpServiceProviderTest" classname="JTD.LaravelMCP.Tests.Unit.LaravelMcpServiceProviderTest" assertions="1" time="0.006102"/>
        <testcase name="it_handles_invalid_configuration_gracefully" file="/home/jeremyfall/Internal/JTD-Packages/laravel-mcp.git/main/tests/Unit/LaravelMcpServiceProviderTest.php" line="594" class="JTD\LaravelMCP\Tests\Unit\LaravelMcpServiceProviderTest" classname="JTD.LaravelMCP.Tests.Unit.LaravelMcpServiceProviderTest" assertions="2" time="0.005858"/>
        <testcase name="it_registers_middleware_when_auto_register_enabled" file="/home/jeremyfall/Internal/JTD-Packages/laravel-mcp.git/main/tests/Unit/LaravelMcpServiceProviderTest.php" line="612" class="JTD\LaravelMCP\Tests\Unit\LaravelMcpServiceProviderTest" classname="JTD.LaravelMCP.Tests.Unit.LaravelMcpServiceProviderTest" assertions="1" time="0.008379"/>
        <testcase name="it_registers_auth_middleware_when_auth_enabled" file="/home/jeremyfall/Internal/JTD-Packages/laravel-mcp.git/main/tests/Unit/LaravelMcpServiceProviderTest.php" line="644" class="JTD\LaravelMCP\Tests\Unit\LaravelMcpServiceProviderTest" classname="JTD.LaravelMCP.Tests.Unit.LaravelMcpServiceProviderTest" assertions="1" time="0.005777"/>
        <testcase name="it_skips_middleware_auto_registration_when_disabled" file="/home/jeremyfall/Internal/JTD-Packages/laravel-mcp.git/main/tests/Unit/LaravelMcpServiceProviderTest.php" line="677" class="JTD\LaravelMCP\Tests\Unit\LaravelMcpServiceProviderTest" classname="JTD.LaravelMCP.Tests.Unit.LaravelMcpServiceProviderTest" assertions="1" time="0.005411"/>
        <testcase name="it_registers_event_hooks" file="/home/jeremyfall/Internal/JTD-Packages/laravel-mcp.git/main/tests/Unit/LaravelMcpServiceProviderTest.php" line="704" class="JTD\LaravelMCP\Tests\Unit\LaravelMcpServiceProviderTest" classname="JTD.LaravelMCP.Tests.Unit.LaravelMcpServiceProviderTest" assertions="1" time="0.005752"/>
        <testcase name="it_has_proper_error_handling_structure" file="/home/jeremyfall/Internal/JTD-Packages/laravel-mcp.git/main/tests/Unit/LaravelMcpServiceProviderTest.php" line="730" class="JTD\LaravelMCP\Tests\Unit\LaravelMcpServiceProviderTest" classname="JTD.LaravelMCP.Tests.Unit.LaravelMcpServiceProviderTest" assertions="2" time="0.006484"/>
        <testcase name="it_registers_lazy_services" file="/home/jeremyfall/Internal/JTD-Packages/laravel-mcp.git/main/tests/Unit/LaravelMcpServiceProviderTest.php" line="768" class="JTD\LaravelMCP\Tests\Unit\LaravelMcpServiceProviderTest" classname="JTD.LaravelMCP.Tests.Unit.LaravelMcpServiceProviderTest" assertions="3" time="0.005484"/>
        <testcase name="it_registers_caching_services" file="/home/jeremyfall/Internal/JTD-Packages/laravel-mcp.git/main/tests/Unit/LaravelMcpServiceProviderTest.php" line="783" class="JTD\LaravelMCP\Tests\Unit\LaravelMcpServiceProviderTest" classname="JTD.LaravelMCP.Tests.Unit.LaravelMcpServiceProviderTest" assertions="3" time="0.005892"/>
      </testsuite>
      <testsuite name="JTD\LaravelMCP\Tests\Unit\Protocol\Contracts\JsonRpcHandlerInterfaceTest" file="/home/jeremyfall/Internal/JTD-Packages/laravel-mcp.git/main/tests/Unit/Protocol/Contracts/JsonRpcHandlerInterfaceTest.php" tests="24" assertions="85" errors="0" failures="0" skipped="0" time="0.116406">
        <testcase name="test_handle_request_with_params" file="/home/jeremyfall/Internal/JTD-Packages/laravel-mcp.git/main/tests/Unit/Protocol/Contracts/JsonRpcHandlerInterfaceTest.php" line="58" class="JTD\LaravelMCP\Tests\Unit\Protocol\Contracts\JsonRpcHandlerInterfaceTest" classname="JTD.LaravelMCP.Tests.Unit.Protocol.Contracts.JsonRpcHandlerInterfaceTest" assertions="2" time="0.006424"/>
        <testcase name="test_handle_notification" file="/home/jeremyfall/Internal/JTD-Packages/laravel-mcp.git/main/tests/Unit/Protocol/Contracts/JsonRpcHandlerInterfaceTest.php" line="90" class="JTD\LaravelMCP\Tests\Unit\Protocol\Contracts\JsonRpcHandlerInterfaceTest" classname="JTD.LaravelMCP.Tests.Unit.Protocol.Contracts.JsonRpcHandlerInterfaceTest" assertions="1" time="0.004363"/>
        <testcase name="test_handle_notification_with_params" file="/home/jeremyfall/Internal/JTD-Packages/laravel-mcp.git/main/tests/Unit/Protocol/Contracts/JsonRpcHandlerInterfaceTest.php" line="108" class="JTD\LaravelMCP\Tests\Unit\Protocol\Contracts\JsonRpcHandlerInterfaceTest" classname="JTD.LaravelMCP.Tests.Unit.Protocol.Contracts.JsonRpcHandlerInterfaceTest" assertions="1" time="0.004423"/>
        <testcase name="test_handle_response_success" file="/home/jeremyfall/Internal/JTD-Packages/laravel-mcp.git/main/tests/Unit/Protocol/Contracts/JsonRpcHandlerInterfaceTest.php" line="130" class="JTD\LaravelMCP\Tests\Unit\Protocol\Contracts\JsonRpcHandlerInterfaceTest" classname="JTD.LaravelMCP.Tests.Unit.Protocol.Contracts.JsonRpcHandlerInterfaceTest" assertions="1" time="0.004511"/>
        <testcase name="test_handle_response_error" file="/home/jeremyfall/Internal/JTD-Packages/laravel-mcp.git/main/tests/Unit/Protocol/Contracts/JsonRpcHandlerInterfaceTest.php" line="149" class="JTD\LaravelMCP\Tests\Unit\Protocol\Contracts\JsonRpcHandlerInterfaceTest" classname="JTD.LaravelMCP.Tests.Unit.Protocol.Contracts.JsonRpcHandlerInterfaceTest" assertions="1" time="0.004572"/>
        <testcase name="test_create_request_with_params" file="/home/jeremyfall/Internal/JTD-Packages/laravel-mcp.git/main/tests/Unit/Protocol/Contracts/JsonRpcHandlerInterfaceTest.php" line="193" class="JTD\LaravelMCP\Tests\Unit\Protocol\Contracts\JsonRpcHandlerInterfaceTest" classname="JTD.LaravelMCP.Tests.Unit.Protocol.Contracts.JsonRpcHandlerInterfaceTest" assertions="2" time="0.004628"/>
        <testcase name="test_create_request_notification" file="/home/jeremyfall/Internal/JTD-Packages/laravel-mcp.git/main/tests/Unit/Protocol/Contracts/JsonRpcHandlerInterfaceTest.php" line="218" class="JTD\LaravelMCP\Tests\Unit\Protocol\Contracts\JsonRpcHandlerInterfaceTest" classname="JTD.LaravelMCP.Tests.Unit.Protocol.Contracts.JsonRpcHandlerInterfaceTest" assertions="2" time="0.004677"/>
        <testcase name="test_create_error_response_with_data" file="/home/jeremyfall/Internal/JTD-Packages/laravel-mcp.git/main/tests/Unit/Protocol/Contracts/JsonRpcHandlerInterfaceTest.php" line="289" class="JTD\LaravelMCP\Tests\Unit\Protocol\Contracts\JsonRpcHandlerInterfaceTest" classname="JTD.LaravelMCP.Tests.Unit.Protocol.Contracts.JsonRpcHandlerInterfaceTest" assertions="2" time="0.004899"/>
        <testcase name="test_validate_message_valid" file="/home/jeremyfall/Internal/JTD-Packages/laravel-mcp.git/main/tests/Unit/Protocol/Contracts/JsonRpcHandlerInterfaceTest.php" line="342" class="JTD\LaravelMCP\Tests\Unit\Protocol\Contracts\JsonRpcHandlerInterfaceTest" classname="JTD.LaravelMCP.Tests.Unit.Protocol.Contracts.JsonRpcHandlerInterfaceTest" assertions="2" time="0.004738"/>
        <testcase name="test_validate_message_invalid" file="/home/jeremyfall/Internal/JTD-Packages/laravel-mcp.git/main/tests/Unit/Protocol/Contracts/JsonRpcHandlerInterfaceTest.php" line="362" class="JTD\LaravelMCP\Tests\Unit\Protocol\Contracts\JsonRpcHandlerInterfaceTest" classname="JTD.LaravelMCP.Tests.Unit.Protocol.Contracts.JsonRpcHandlerInterfaceTest" assertions="2" time="0.004948"/>
        <testcase name="test_is_request_valid" file="/home/jeremyfall/Internal/JTD-Packages/laravel-mcp.git/main/tests/Unit/Protocol/Contracts/JsonRpcHandlerInterfaceTest.php" line="380" class="JTD\LaravelMCP\Tests\Unit\Protocol\Contracts\JsonRpcHandlerInterfaceTest" classname="JTD.LaravelMCP.Tests.Unit.Protocol.Contracts.JsonRpcHandlerInterfaceTest" assertions="2" time="0.004915"/>
        <testcase name="test_is_request_with_notification" file="/home/jeremyfall/Internal/JTD-Packages/laravel-mcp.git/main/tests/Unit/Protocol/Contracts/JsonRpcHandlerInterfaceTest.php" line="400" class="JTD\LaravelMCP\Tests\Unit\Protocol\Contracts\JsonRpcHandlerInterfaceTest" classname="JTD.LaravelMCP.Tests.Unit.Protocol.Contracts.JsonRpcHandlerInterfaceTest" assertions="2" time="0.004980"/>
        <testcase name="test_is_notification_valid" file="/home/jeremyfall/Internal/JTD-Packages/laravel-mcp.git/main/tests/Unit/Protocol/Contracts/JsonRpcHandlerInterfaceTest.php" line="420" class="JTD\LaravelMCP\Tests\Unit\Protocol\Contracts\JsonRpcHandlerInterfaceTest" classname="JTD.LaravelMCP.Tests.Unit.Protocol.Contracts.JsonRpcHandlerInterfaceTest" assertions="2" time="0.004584"/>
        <testcase name="test_is_notification_with_request" file="/home/jeremyfall/Internal/JTD-Packages/laravel-mcp.git/main/tests/Unit/Protocol/Contracts/JsonRpcHandlerInterfaceTest.php" line="440" class="JTD\LaravelMCP\Tests\Unit\Protocol\Contracts\JsonRpcHandlerInterfaceTest" classname="JTD.LaravelMCP.Tests.Unit.Protocol.Contracts.JsonRpcHandlerInterfaceTest" assertions="2" time="0.004590"/>
        <testcase name="test_is_response_success" file="/home/jeremyfall/Internal/JTD-Packages/laravel-mcp.git/main/tests/Unit/Protocol/Contracts/JsonRpcHandlerInterfaceTest.php" line="460" class="JTD\LaravelMCP\Tests\Unit\Protocol\Contracts\JsonRpcHandlerInterfaceTest" classname="JTD.LaravelMCP.Tests.Unit.Protocol.Contracts.JsonRpcHandlerInterfaceTest" assertions="2" time="0.004751"/>
        <testcase name="test_is_response_error" file="/home/jeremyfall/Internal/JTD-Packages/laravel-mcp.git/main/tests/Unit/Protocol/Contracts/JsonRpcHandlerInterfaceTest.php" line="480" class="JTD\LaravelMCP\Tests\Unit\Protocol\Contracts\JsonRpcHandlerInterfaceTest" classname="JTD.LaravelMCP.Tests.Unit.Protocol.Contracts.JsonRpcHandlerInterfaceTest" assertions="2" time="0.004646"/>
        <testcase name="test_is_response_with_request" file="/home/jeremyfall/Internal/JTD-Packages/laravel-mcp.git/main/tests/Unit/Protocol/Contracts/JsonRpcHandlerInterfaceTest.php" line="503" class="JTD\LaravelMCP\Tests\Unit\Protocol\Contracts\JsonRpcHandlerInterfaceTest" classname="JTD.LaravelMCP.Tests.Unit.Protocol.Contracts.JsonRpcHandlerInterfaceTest" assertions="2" time="0.004617"/>
        <testcase name="test_handle_batch_request" file="/home/jeremyfall/Internal/JTD-Packages/laravel-mcp.git/main/tests/Unit/Protocol/Contracts/JsonRpcHandlerInterfaceTest.php" line="523" class="JTD\LaravelMCP\Tests\Unit\Protocol\Contracts\JsonRpcHandlerInterfaceTest" classname="JTD.LaravelMCP.Tests.Unit.Protocol.Contracts.JsonRpcHandlerInterfaceTest" assertions="2" time="0.004784"/>
        <testcase name="test_handle_request_with_valid_request" file="/home/jeremyfall/Internal/JTD-Packages/laravel-mcp.git/main/tests/Unit/Protocol/Contracts/JsonRpcHandlerInterfaceTest.php" line="30" class="JTD\LaravelMCP\Tests\Unit\Protocol\Contracts\JsonRpcHandlerInterfaceTest" classname="JTD.LaravelMCP.Tests.Unit.Protocol.Contracts.JsonRpcHandlerInterfaceTest" assertions="2" time="0.004971"/>
        <testcase name="test_create_request_without_params" file="/home/jeremyfall/Internal/JTD-Packages/laravel-mcp.git/main/tests/Unit/Protocol/Contracts/JsonRpcHandlerInterfaceTest.php" line="171" class="JTD\LaravelMCP\Tests\Unit\Protocol\Contracts\JsonRpcHandlerInterfaceTest" classname="JTD.LaravelMCP.Tests.Unit.Protocol.Contracts.JsonRpcHandlerInterfaceTest" assertions="2" time="0.004853"/>
        <testcase name="test_create_success_response" file="/home/jeremyfall/Internal/JTD-Packages/laravel-mcp.git/main/tests/Unit/Protocol/Contracts/JsonRpcHandlerInterfaceTest.php" line="239" class="JTD\LaravelMCP\Tests\Unit\Protocol\Contracts\JsonRpcHandlerInterfaceTest" classname="JTD.LaravelMCP.Tests.Unit.Protocol.Contracts.JsonRpcHandlerInterfaceTest" assertions="2" time="0.004819"/>
        <testcase name="test_create_error_response_without_data" file="/home/jeremyfall/Internal/JTD-Packages/laravel-mcp.git/main/tests/Unit/Protocol/Contracts/JsonRpcHandlerInterfaceTest.php" line="264" class="JTD\LaravelMCP\Tests\Unit\Protocol\Contracts\JsonRpcHandlerInterfaceTest" classname="JTD.LaravelMCP.Tests.Unit.Protocol.Contracts.JsonRpcHandlerInterfaceTest" assertions="2" time="0.004976"/>
        <testcase name="test_create_error_response_for_notification" file="/home/jeremyfall/Internal/JTD-Packages/laravel-mcp.git/main/tests/Unit/Protocol/Contracts/JsonRpcHandlerInterfaceTest.php" line="317" class="JTD\LaravelMCP\Tests\Unit\Protocol\Contracts\JsonRpcHandlerInterfaceTest" classname="JTD.LaravelMCP.Tests.Unit.Protocol.Contracts.JsonRpcHandlerInterfaceTest" assertions="2" time="0.004946"/>
        <testcase name="test_json_rpc_error_codes" file="/home/jeremyfall/Internal/JTD-Packages/laravel-mcp.git/main/tests/Unit/Protocol/Contracts/JsonRpcHandlerInterfaceTest.php" line="551" class="JTD\LaravelMCP\Tests\Unit\Protocol\Contracts\JsonRpcHandlerInterfaceTest" classname="JTD.LaravelMCP.Tests.Unit.Protocol.Contracts.JsonRpcHandlerInterfaceTest" assertions="43" time="0.005791"/>
      </testsuite>
      <testsuite name="JTD\LaravelMCP\Tests\Unit\Protocol\Contracts\ProtocolHandlerInterfaceTest" file="/home/jeremyfall/Internal/JTD-Packages/laravel-mcp.git/main/tests/Unit/Protocol/Contracts/ProtocolHandlerInterfaceTest.php" tests="23" assertions="62" errors="0" failures="0" skipped="0" time="0.114842">
        <testcase name="test_initialize_with_capabilities" file="/home/jeremyfall/Internal/JTD-Packages/laravel-mcp.git/main/tests/Unit/Protocol/Contracts/ProtocolHandlerInterfaceTest.php" line="30" class="JTD\LaravelMCP\Tests\Unit\Protocol\Contracts\ProtocolHandlerInterfaceTest" classname="JTD.LaravelMCP.Tests.Unit.Protocol.Contracts.ProtocolHandlerInterfaceTest" assertions="1" time="0.005991"/>
        <testcase name="test_initialize_with_empty_capabilities" file="/home/jeremyfall/Internal/JTD-Packages/laravel-mcp.git/main/tests/Unit/Protocol/Contracts/ProtocolHandlerInterfaceTest.php" line="50" class="JTD\LaravelMCP\Tests\Unit\Protocol\Contracts\ProtocolHandlerInterfaceTest" classname="JTD.LaravelMCP.Tests.Unit.Protocol.Contracts.ProtocolHandlerInterfaceTest" assertions="1" time="0.004484"/>
        <testcase name="test_handle_initialize" file="/home/jeremyfall/Internal/JTD-Packages/laravel-mcp.git/main/tests/Unit/Protocol/Contracts/ProtocolHandlerInterfaceTest.php" line="63" class="JTD\LaravelMCP\Tests\Unit\Protocol\Contracts\ProtocolHandlerInterfaceTest" classname="JTD.LaravelMCP.Tests.Unit.Protocol.Contracts.ProtocolHandlerInterfaceTest" assertions="2" time="0.005039"/>
        <testcase name="test_handle_initialized" file="/home/jeremyfall/Internal/JTD-Packages/laravel-mcp.git/main/tests/Unit/Protocol/Contracts/ProtocolHandlerInterfaceTest.php" line="104" class="JTD\LaravelMCP\Tests\Unit\Protocol\Contracts\ProtocolHandlerInterfaceTest" classname="JTD.LaravelMCP.Tests.Unit.Protocol.Contracts.ProtocolHandlerInterfaceTest" assertions="1" time="0.004415"/>
        <testcase name="test_handle_ping" file="/home/jeremyfall/Internal/JTD-Packages/laravel-mcp.git/main/tests/Unit/Protocol/Contracts/ProtocolHandlerInterfaceTest.php" line="116" class="JTD\LaravelMCP\Tests\Unit\Protocol\Contracts\ProtocolHandlerInterfaceTest" classname="JTD.LaravelMCP.Tests.Unit.Protocol.Contracts.ProtocolHandlerInterfaceTest" assertions="2" time="0.004870"/>
        <testcase name="test_handle_tools_list_without_params" file="/home/jeremyfall/Internal/JTD-Packages/laravel-mcp.git/main/tests/Unit/Protocol/Contracts/ProtocolHandlerInterfaceTest.php" line="133" class="JTD\LaravelMCP\Tests\Unit\Protocol\Contracts\ProtocolHandlerInterfaceTest" classname="JTD.LaravelMCP.Tests.Unit.Protocol.Contracts.ProtocolHandlerInterfaceTest" assertions="2" time="0.004569"/>
        <testcase name="test_handle_tools_list_with_filters" file="/home/jeremyfall/Internal/JTD-Packages/laravel-mcp.git/main/tests/Unit/Protocol/Contracts/ProtocolHandlerInterfaceTest.php" line="162" class="JTD\LaravelMCP\Tests\Unit\Protocol\Contracts\ProtocolHandlerInterfaceTest" classname="JTD.LaravelMCP.Tests.Unit.Protocol.Contracts.ProtocolHandlerInterfaceTest" assertions="2" time="0.005048"/>
        <testcase name="test_handle_tools_call" file="/home/jeremyfall/Internal/JTD-Packages/laravel-mcp.git/main/tests/Unit/Protocol/Contracts/ProtocolHandlerInterfaceTest.php" line="188" class="JTD\LaravelMCP\Tests\Unit\Protocol\Contracts\ProtocolHandlerInterfaceTest" classname="JTD.LaravelMCP.Tests.Unit.Protocol.Contracts.ProtocolHandlerInterfaceTest" assertions="2" time="0.004860"/>
        <testcase name="test_handle_resources_list_without_params" file="/home/jeremyfall/Internal/JTD-Packages/laravel-mcp.git/main/tests/Unit/Protocol/Contracts/ProtocolHandlerInterfaceTest.php" line="222" class="JTD\LaravelMCP\Tests\Unit\Protocol\Contracts\ProtocolHandlerInterfaceTest" classname="JTD.LaravelMCP.Tests.Unit.Protocol.Contracts.ProtocolHandlerInterfaceTest" assertions="2" time="0.004561"/>
        <testcase name="test_handle_resources_read" file="/home/jeremyfall/Internal/JTD-Packages/laravel-mcp.git/main/tests/Unit/Protocol/Contracts/ProtocolHandlerInterfaceTest.php" line="249" class="JTD\LaravelMCP\Tests\Unit\Protocol\Contracts\ProtocolHandlerInterfaceTest" classname="JTD.LaravelMCP.Tests.Unit.Protocol.Contracts.ProtocolHandlerInterfaceTest" assertions="2" time="0.004784"/>
        <testcase name="test_handle_resources_subscribe" file="/home/jeremyfall/Internal/JTD-Packages/laravel-mcp.git/main/tests/Unit/Protocol/Contracts/ProtocolHandlerInterfaceTest.php" line="279" class="JTD\LaravelMCP\Tests\Unit\Protocol\Contracts\ProtocolHandlerInterfaceTest" classname="JTD.LaravelMCP.Tests.Unit.Protocol.Contracts.ProtocolHandlerInterfaceTest" assertions="2" time="0.004759"/>
        <testcase name="test_handle_resources_unsubscribe" file="/home/jeremyfall/Internal/JTD-Packages/laravel-mcp.git/main/tests/Unit/Protocol/Contracts/ProtocolHandlerInterfaceTest.php" line="303" class="JTD\LaravelMCP\Tests\Unit\Protocol\Contracts\ProtocolHandlerInterfaceTest" classname="JTD.LaravelMCP.Tests.Unit.Protocol.Contracts.ProtocolHandlerInterfaceTest" assertions="2" time="0.004669"/>
        <testcase name="test_handle_logging_set_level" file="/home/jeremyfall/Internal/JTD-Packages/laravel-mcp.git/main/tests/Unit/Protocol/Contracts/ProtocolHandlerInterfaceTest.php" line="393" class="JTD\LaravelMCP\Tests\Unit\Protocol\Contracts\ProtocolHandlerInterfaceTest" classname="JTD.LaravelMCP.Tests.Unit.Protocol.Contracts.ProtocolHandlerInterfaceTest" assertions="2" time="0.004691"/>
        <testcase name="test_get_server_info" file="/home/jeremyfall/Internal/JTD-Packages/laravel-mcp.git/main/tests/Unit/Protocol/Contracts/ProtocolHandlerInterfaceTest.php" line="440" class="JTD\LaravelMCP\Tests\Unit\Protocol\Contracts\ProtocolHandlerInterfaceTest" classname="JTD.LaravelMCP.Tests.Unit.Protocol.Contracts.ProtocolHandlerInterfaceTest" assertions="2" time="0.004854"/>
        <testcase name="test_can_handle_method_supported" file="/home/jeremyfall/Internal/JTD-Packages/laravel-mcp.git/main/tests/Unit/Protocol/Contracts/ProtocolHandlerInterfaceTest.php" line="461" class="JTD\LaravelMCP\Tests\Unit\Protocol\Contracts\ProtocolHandlerInterfaceTest" classname="JTD.LaravelMCP.Tests.Unit.Protocol.Contracts.ProtocolHandlerInterfaceTest" assertions="2" time="0.004920"/>
        <testcase name="test_can_handle_method_unsupported" file="/home/jeremyfall/Internal/JTD-Packages/laravel-mcp.git/main/tests/Unit/Protocol/Contracts/ProtocolHandlerInterfaceTest.php" line="475" class="JTD\LaravelMCP\Tests\Unit\Protocol\Contracts\ProtocolHandlerInterfaceTest" classname="JTD.LaravelMCP.Tests.Unit.Protocol.Contracts.ProtocolHandlerInterfaceTest" assertions="2" time="0.005149"/>
        <testcase name="test_get_supported_methods" file="/home/jeremyfall/Internal/JTD-Packages/laravel-mcp.git/main/tests/Unit/Protocol/Contracts/ProtocolHandlerInterfaceTest.php" line="489" class="JTD\LaravelMCP\Tests\Unit\Protocol\Contracts\ProtocolHandlerInterfaceTest" classname="JTD.LaravelMCP.Tests.Unit.Protocol.Contracts.ProtocolHandlerInterfaceTest" assertions="2" time="0.005248"/>
        <testcase name="test_unsupported_capabilities" file="/home/jeremyfall/Internal/JTD-Packages/laravel-mcp.git/main/tests/Unit/Protocol/Contracts/ProtocolHandlerInterfaceTest.php" line="590" class="JTD\LaravelMCP\Tests\Unit\Protocol\Contracts\ProtocolHandlerInterfaceTest" classname="JTD.LaravelMCP.Tests.Unit.Protocol.Contracts.ProtocolHandlerInterfaceTest" assertions="2" time="0.005538"/>
        <testcase name="test_handle_prompts_list_without_params" file="/home/jeremyfall/Internal/JTD-Packages/laravel-mcp.git/main/tests/Unit/Protocol/Contracts/ProtocolHandlerInterfaceTest.php" line="327" class="JTD\LaravelMCP\Tests\Unit\Protocol\Contracts\ProtocolHandlerInterfaceTest" classname="JTD.LaravelMCP.Tests.Unit.Protocol.Contracts.ProtocolHandlerInterfaceTest" assertions="2" time="0.005283"/>
        <testcase name="test_handle_prompts_get" file="/home/jeremyfall/Internal/JTD-Packages/laravel-mcp.git/main/tests/Unit/Protocol/Contracts/ProtocolHandlerInterfaceTest.php" line="358" class="JTD\LaravelMCP\Tests\Unit\Protocol\Contracts\ProtocolHandlerInterfaceTest" classname="JTD.LaravelMCP.Tests.Unit.Protocol.Contracts.ProtocolHandlerInterfaceTest" assertions="2" time="0.005000"/>
        <testcase name="test_get_capabilities" file="/home/jeremyfall/Internal/JTD-Packages/laravel-mcp.git/main/tests/Unit/Protocol/Contracts/ProtocolHandlerInterfaceTest.php" line="417" class="JTD\LaravelMCP\Tests\Unit\Protocol\Contracts\ProtocolHandlerInterfaceTest" classname="JTD.LaravelMCP.Tests.Unit.Protocol.Contracts.ProtocolHandlerInterfaceTest" assertions="2" time="0.005499"/>
        <testcase name="test_full_initialization_sequence" file="/home/jeremyfall/Internal/JTD-Packages/laravel-mcp.git/main/tests/Unit/Protocol/Contracts/ProtocolHandlerInterfaceTest.php" line="519" class="JTD\LaravelMCP\Tests\Unit\Protocol\Contracts\ProtocolHandlerInterfaceTest" classname="JTD.LaravelMCP.Tests.Unit.Protocol.Contracts.ProtocolHandlerInterfaceTest" assertions="2" time="0.005167"/>
        <testcase name="test_handle_all_mcp_methods" file="/home/jeremyfall/Internal/JTD-Packages/laravel-mcp.git/main/tests/Unit/Protocol/Contracts/ProtocolHandlerInterfaceTest.php" line="553" class="JTD\LaravelMCP\Tests\Unit\Protocol\Contracts\ProtocolHandlerInterfaceTest" classname="JTD.LaravelMCP.Tests.Unit.Protocol.Contracts.ProtocolHandlerInterfaceTest" assertions="21" time="0.005443"/>
      </testsuite>
      <testsuite name="JTD\LaravelMCP\Tests\Unit\Registry\Contracts\DiscoveryInterfaceTest" file="/home/jeremyfall/Internal/JTD-Packages/laravel-mcp.git/main/tests/Unit/Registry/Contracts/DiscoveryInterfaceTest.php" tests="23" assertions="55" errors="0" failures="0" skipped="0" time="0.119081">
        <testcase name="test_discover_returns_empty_when_no_components" file="/home/jeremyfall/Internal/JTD-Packages/laravel-mcp.git/main/tests/Unit/Registry/Contracts/DiscoveryInterfaceTest.php" line="73" class="JTD\LaravelMCP\Tests\Unit\Registry\Contracts\DiscoveryInterfaceTest" classname="JTD.LaravelMCP.Tests.Unit.Registry.Contracts.DiscoveryInterfaceTest" assertions="2" time="0.005509"/>
        <testcase name="test_discover_type_for_tools" file="/home/jeremyfall/Internal/JTD-Packages/laravel-mcp.git/main/tests/Unit/Registry/Contracts/DiscoveryInterfaceTest.php" line="91" class="JTD\LaravelMCP\Tests\Unit\Registry\Contracts\DiscoveryInterfaceTest" classname="JTD.LaravelMCP.Tests.Unit.Registry.Contracts.DiscoveryInterfaceTest" assertions="2" time="0.004815"/>
        <testcase name="test_discover_type_for_resources" file="/home/jeremyfall/Internal/JTD-Packages/laravel-mcp.git/main/tests/Unit/Registry/Contracts/DiscoveryInterfaceTest.php" line="120" class="JTD\LaravelMCP\Tests\Unit\Registry\Contracts\DiscoveryInterfaceTest" classname="JTD.LaravelMCP.Tests.Unit.Registry.Contracts.DiscoveryInterfaceTest" assertions="2" time="0.004504"/>
        <testcase name="test_discover_type_for_prompts" file="/home/jeremyfall/Internal/JTD-Packages/laravel-mcp.git/main/tests/Unit/Registry/Contracts/DiscoveryInterfaceTest.php" line="145" class="JTD\LaravelMCP\Tests\Unit\Registry\Contracts\DiscoveryInterfaceTest" classname="JTD.LaravelMCP.Tests.Unit.Registry.Contracts.DiscoveryInterfaceTest" assertions="2" time="0.005193"/>
        <testcase name="test_is_valid_component_with_valid_file" file="/home/jeremyfall/Internal/JTD-Packages/laravel-mcp.git/main/tests/Unit/Registry/Contracts/DiscoveryInterfaceTest.php" line="170" class="JTD\LaravelMCP\Tests\Unit\Registry\Contracts\DiscoveryInterfaceTest" classname="JTD.LaravelMCP.Tests.Unit.Registry.Contracts.DiscoveryInterfaceTest" assertions="2" time="0.004552"/>
        <testcase name="test_is_valid_component_with_invalid_file" file="/home/jeremyfall/Internal/JTD-Packages/laravel-mcp.git/main/tests/Unit/Registry/Contracts/DiscoveryInterfaceTest.php" line="187" class="JTD\LaravelMCP\Tests\Unit\Registry\Contracts\DiscoveryInterfaceTest" classname="JTD.LaravelMCP.Tests.Unit.Registry.Contracts.DiscoveryInterfaceTest" assertions="2" time="0.004683"/>
        <testcase name="test_is_valid_component_with_wrong_type" file="/home/jeremyfall/Internal/JTD-Packages/laravel-mcp.git/main/tests/Unit/Registry/Contracts/DiscoveryInterfaceTest.php" line="204" class="JTD\LaravelMCP\Tests\Unit\Registry\Contracts\DiscoveryInterfaceTest" classname="JTD.LaravelMCP.Tests.Unit.Registry.Contracts.DiscoveryInterfaceTest" assertions="2" time="0.005421"/>
        <testcase name="test_extract_metadata_from_file" file="/home/jeremyfall/Internal/JTD-Packages/laravel-mcp.git/main/tests/Unit/Registry/Contracts/DiscoveryInterfaceTest.php" line="221" class="JTD\LaravelMCP\Tests\Unit\Registry\Contracts\DiscoveryInterfaceTest" classname="JTD.LaravelMCP.Tests.Unit.Registry.Contracts.DiscoveryInterfaceTest" assertions="2" time="0.005533"/>
        <testcase name="test_extract_metadata_returns_empty_for_invalid" file="/home/jeremyfall/Internal/JTD-Packages/laravel-mcp.git/main/tests/Unit/Registry/Contracts/DiscoveryInterfaceTest.php" line="253" class="JTD\LaravelMCP\Tests\Unit\Registry\Contracts\DiscoveryInterfaceTest" classname="JTD.LaravelMCP.Tests.Unit.Registry.Contracts.DiscoveryInterfaceTest" assertions="2" time="0.004825"/>
        <testcase name="test_get_class_from_file_valid" file="/home/jeremyfall/Internal/JTD-Packages/laravel-mcp.git/main/tests/Unit/Registry/Contracts/DiscoveryInterfaceTest.php" line="271" class="JTD\LaravelMCP\Tests\Unit\Registry\Contracts\DiscoveryInterfaceTest" classname="JTD.LaravelMCP.Tests.Unit.Registry.Contracts.DiscoveryInterfaceTest" assertions="2" time="0.004972"/>
        <testcase name="test_get_class_from_file_no_class" file="/home/jeremyfall/Internal/JTD-Packages/laravel-mcp.git/main/tests/Unit/Registry/Contracts/DiscoveryInterfaceTest.php" line="290" class="JTD\LaravelMCP\Tests\Unit\Registry\Contracts\DiscoveryInterfaceTest" classname="JTD.LaravelMCP.Tests.Unit.Registry.Contracts.DiscoveryInterfaceTest" assertions="2" time="0.005059"/>
        <testcase name="test_is_valid_component_class_valid_tool" file="/home/jeremyfall/Internal/JTD-Packages/laravel-mcp.git/main/tests/Unit/Registry/Contracts/DiscoveryInterfaceTest.php" line="308" class="JTD\LaravelMCP\Tests\Unit\Registry\Contracts\DiscoveryInterfaceTest" classname="JTD.LaravelMCP.Tests.Unit.Registry.Contracts.DiscoveryInterfaceTest" assertions="2" time="0.005436"/>
        <testcase name="test_is_valid_component_class_invalid" file="/home/jeremyfall/Internal/JTD-Packages/laravel-mcp.git/main/tests/Unit/Registry/Contracts/DiscoveryInterfaceTest.php" line="325" class="JTD\LaravelMCP\Tests\Unit\Registry\Contracts\DiscoveryInterfaceTest" classname="JTD.LaravelMCP.Tests.Unit.Registry.Contracts.DiscoveryInterfaceTest" assertions="2" time="0.005046"/>
        <testcase name="test_get_supported_types" file="/home/jeremyfall/Internal/JTD-Packages/laravel-mcp.git/main/tests/Unit/Registry/Contracts/DiscoveryInterfaceTest.php" line="342" class="JTD\LaravelMCP\Tests\Unit\Registry\Contracts\DiscoveryInterfaceTest" classname="JTD.LaravelMCP.Tests.Unit.Registry.Contracts.DiscoveryInterfaceTest" assertions="2" time="0.005173"/>
        <testcase name="test_set_config" file="/home/jeremyfall/Internal/JTD-Packages/laravel-mcp.git/main/tests/Unit/Registry/Contracts/DiscoveryInterfaceTest.php" line="359" class="JTD\LaravelMCP\Tests\Unit\Registry\Contracts\DiscoveryInterfaceTest" classname="JTD.LaravelMCP.Tests.Unit.Registry.Contracts.DiscoveryInterfaceTest" assertions="1" time="0.005446"/>
        <testcase name="test_get_config" file="/home/jeremyfall/Internal/JTD-Packages/laravel-mcp.git/main/tests/Unit/Registry/Contracts/DiscoveryInterfaceTest.php" line="378" class="JTD\LaravelMCP\Tests\Unit\Registry\Contracts\DiscoveryInterfaceTest" classname="JTD.LaravelMCP.Tests.Unit.Registry.Contracts.DiscoveryInterfaceTest" assertions="2" time="0.005214"/>
        <testcase name="test_add_filter" file="/home/jeremyfall/Internal/JTD-Packages/laravel-mcp.git/main/tests/Unit/Registry/Contracts/DiscoveryInterfaceTest.php" line="399" class="JTD\LaravelMCP\Tests\Unit\Registry\Contracts\DiscoveryInterfaceTest" classname="JTD.LaravelMCP.Tests.Unit.Registry.Contracts.DiscoveryInterfaceTest" assertions="1" time="0.005083"/>
        <testcase name="test_discovery_with_filters" file="/home/jeremyfall/Internal/JTD-Packages/laravel-mcp.git/main/tests/Unit/Registry/Contracts/DiscoveryInterfaceTest.php" line="536" class="JTD\LaravelMCP\Tests\Unit\Registry\Contracts\DiscoveryInterfaceTest" classname="JTD.LaravelMCP.Tests.Unit.Registry.Contracts.DiscoveryInterfaceTest" assertions="4" time="0.005255"/>
        <testcase name="test_discover_components_in_paths" file="/home/jeremyfall/Internal/JTD-Packages/laravel-mcp.git/main/tests/Unit/Registry/Contracts/DiscoveryInterfaceTest.php" line="30" class="JTD\LaravelMCP\Tests\Unit\Registry\Contracts\DiscoveryInterfaceTest" classname="JTD.LaravelMCP.Tests.Unit.Registry.Contracts.DiscoveryInterfaceTest" assertions="2" time="0.005518"/>
        <testcase name="test_get_filters" file="/home/jeremyfall/Internal/JTD-Packages/laravel-mcp.git/main/tests/Unit/Registry/Contracts/DiscoveryInterfaceTest.php" line="416" class="JTD\LaravelMCP\Tests\Unit\Registry\Contracts\DiscoveryInterfaceTest" classname="JTD.LaravelMCP.Tests.Unit.Registry.Contracts.DiscoveryInterfaceTest" assertions="2" time="0.005417"/>
        <testcase name="test_full_discovery_workflow" file="/home/jeremyfall/Internal/JTD-Packages/laravel-mcp.git/main/tests/Unit/Registry/Contracts/DiscoveryInterfaceTest.php" line="440" class="JTD\LaravelMCP\Tests\Unit\Registry\Contracts\DiscoveryInterfaceTest" classname="JTD.LaravelMCP.Tests.Unit.Registry.Contracts.DiscoveryInterfaceTest" assertions="3" time="0.005250"/>
        <testcase name="test_discover_multiple_paths" file="/home/jeremyfall/Internal/JTD-Packages/laravel-mcp.git/main/tests/Unit/Registry/Contracts/DiscoveryInterfaceTest.php" line="482" class="JTD\LaravelMCP\Tests\Unit\Registry\Contracts\DiscoveryInterfaceTest" classname="JTD.LaravelMCP.Tests.Unit.Registry.Contracts.DiscoveryInterfaceTest" assertions="2" time="0.005952"/>
        <testcase name="test_validate_component_types" file="/home/jeremyfall/Internal/JTD-Packages/laravel-mcp.git/main/tests/Unit/Registry/Contracts/DiscoveryInterfaceTest.php" line="512" class="JTD\LaravelMCP\Tests\Unit\Registry\Contracts\DiscoveryInterfaceTest" classname="JTD.LaravelMCP.Tests.Unit.Registry.Contracts.DiscoveryInterfaceTest" assertions="10" time="0.005225"/>
      </testsuite>
      <testsuite name="JTD\LaravelMCP\Tests\Unit\Registry\Contracts\RegistryInterfaceTest" file="/home/jeremyfall/Internal/JTD-Packages/laravel-mcp.git/main/tests/Unit/Registry/Contracts/RegistryInterfaceTest.php" tests="25" assertions="66" errors="0" failures="0" skipped="0" time="0.129982">
        <testcase name="test_register_component_without_metadata" file="/home/jeremyfall/Internal/JTD-Packages/laravel-mcp.git/main/tests/Unit/Registry/Contracts/RegistryInterfaceTest.php" line="31" class="JTD\LaravelMCP\Tests\Unit\Registry\Contracts\RegistryInterfaceTest" classname="JTD.LaravelMCP.Tests.Unit.Registry.Contracts.RegistryInterfaceTest" assertions="1" time="0.006348"/>
        <testcase name="test_register_component_with_metadata" file="/home/jeremyfall/Internal/JTD-Packages/laravel-mcp.git/main/tests/Unit/Registry/Contracts/RegistryInterfaceTest.php" line="47" class="JTD\LaravelMCP\Tests\Unit\Registry\Contracts\RegistryInterfaceTest" classname="JTD.LaravelMCP.Tests.Unit.Registry.Contracts.RegistryInterfaceTest" assertions="1" time="0.005300"/>
        <testcase name="test_unregister_existing_component" file="/home/jeremyfall/Internal/JTD-Packages/laravel-mcp.git/main/tests/Unit/Registry/Contracts/RegistryInterfaceTest.php" line="67" class="JTD\LaravelMCP\Tests\Unit\Registry\Contracts\RegistryInterfaceTest" classname="JTD.LaravelMCP.Tests.Unit.Registry.Contracts.RegistryInterfaceTest" assertions="2" time="0.005109"/>
        <testcase name="test_get_existing_component" file="/home/jeremyfall/Internal/JTD-Packages/laravel-mcp.git/main/tests/Unit/Registry/Contracts/RegistryInterfaceTest.php" line="127" class="JTD\LaravelMCP\Tests\Unit\Registry\Contracts\RegistryInterfaceTest" classname="JTD.LaravelMCP.Tests.Unit.Registry.Contracts.RegistryInterfaceTest" assertions="2" time="0.004581"/>
        <testcase name="test_get_non_existing_component_throws_exception" file="/home/jeremyfall/Internal/JTD-Packages/laravel-mcp.git/main/tests/Unit/Registry/Contracts/RegistryInterfaceTest.php" line="146" class="JTD\LaravelMCP\Tests\Unit\Registry\Contracts\RegistryInterfaceTest" classname="JTD.LaravelMCP.Tests.Unit.Registry.Contracts.RegistryInterfaceTest" assertions="3" time="0.004426"/>
        <testcase name="test_all_returns_all_components" file="/home/jeremyfall/Internal/JTD-Packages/laravel-mcp.git/main/tests/Unit/Registry/Contracts/RegistryInterfaceTest.php" line="163" class="JTD\LaravelMCP\Tests\Unit\Registry\Contracts\RegistryInterfaceTest" classname="JTD.LaravelMCP.Tests.Unit.Registry.Contracts.RegistryInterfaceTest" assertions="2" time="0.004631"/>
        <testcase name="test_all_returns_empty_array" file="/home/jeremyfall/Internal/JTD-Packages/laravel-mcp.git/main/tests/Unit/Registry/Contracts/RegistryInterfaceTest.php" line="184" class="JTD\LaravelMCP\Tests\Unit\Registry\Contracts\RegistryInterfaceTest" classname="JTD.LaravelMCP.Tests.Unit.Registry.Contracts.RegistryInterfaceTest" assertions="2" time="0.004836"/>
        <testcase name="test_names_returns_component_names" file="/home/jeremyfall/Internal/JTD-Packages/laravel-mcp.git/main/tests/Unit/Registry/Contracts/RegistryInterfaceTest.php" line="199" class="JTD\LaravelMCP\Tests\Unit\Registry\Contracts\RegistryInterfaceTest" classname="JTD.LaravelMCP.Tests.Unit.Registry.Contracts.RegistryInterfaceTest" assertions="2" time="0.005007"/>
        <testcase name="test_count_returns_component_count" file="/home/jeremyfall/Internal/JTD-Packages/laravel-mcp.git/main/tests/Unit/Registry/Contracts/RegistryInterfaceTest.php" line="216" class="JTD\LaravelMCP\Tests\Unit\Registry\Contracts\RegistryInterfaceTest" classname="JTD.LaravelMCP.Tests.Unit.Registry.Contracts.RegistryInterfaceTest" assertions="2" time="0.004905"/>
        <testcase name="test_count_returns_zero" file="/home/jeremyfall/Internal/JTD-Packages/laravel-mcp.git/main/tests/Unit/Registry/Contracts/RegistryInterfaceTest.php" line="231" class="JTD\LaravelMCP\Tests\Unit\Registry\Contracts\RegistryInterfaceTest" classname="JTD.LaravelMCP.Tests.Unit.Registry.Contracts.RegistryInterfaceTest" assertions="2" time="0.004968"/>
        <testcase name="test_clear_removes_all_components" file="/home/jeremyfall/Internal/JTD-Packages/laravel-mcp.git/main/tests/Unit/Registry/Contracts/RegistryInterfaceTest.php" line="246" class="JTD\LaravelMCP\Tests\Unit\Registry\Contracts\RegistryInterfaceTest" classname="JTD.LaravelMCP.Tests.Unit.Registry.Contracts.RegistryInterfaceTest" assertions="1" time="0.004892"/>
        <testcase name="test_get_metadata_returns_metadata" file="/home/jeremyfall/Internal/JTD-Packages/laravel-mcp.git/main/tests/Unit/Registry/Contracts/RegistryInterfaceTest.php" line="258" class="JTD\LaravelMCP\Tests\Unit\Registry\Contracts\RegistryInterfaceTest" classname="JTD.LaravelMCP.Tests.Unit.Registry.Contracts.RegistryInterfaceTest" assertions="2" time="0.005597"/>
        <testcase name="test_get_metadata_returns_empty_array" file="/home/jeremyfall/Internal/JTD-Packages/laravel-mcp.git/main/tests/Unit/Registry/Contracts/RegistryInterfaceTest.php" line="280" class="JTD\LaravelMCP\Tests\Unit\Registry\Contracts\RegistryInterfaceTest" classname="JTD.LaravelMCP.Tests.Unit.Registry.Contracts.RegistryInterfaceTest" assertions="2" time="0.004860"/>
        <testcase name="test_filter_with_criteria" file="/home/jeremyfall/Internal/JTD-Packages/laravel-mcp.git/main/tests/Unit/Registry/Contracts/RegistryInterfaceTest.php" line="296" class="JTD\LaravelMCP\Tests\Unit\Registry\Contracts\RegistryInterfaceTest" classname="JTD.LaravelMCP.Tests.Unit.Registry.Contracts.RegistryInterfaceTest" assertions="2" time="0.005239"/>
        <testcase name="test_filter_returns_empty_when_no_matches" file="/home/jeremyfall/Internal/JTD-Packages/laravel-mcp.git/main/tests/Unit/Registry/Contracts/RegistryInterfaceTest.php" line="322" class="JTD\LaravelMCP\Tests\Unit\Registry\Contracts\RegistryInterfaceTest" classname="JTD.LaravelMCP.Tests.Unit.Registry.Contracts.RegistryInterfaceTest" assertions="2" time="0.005572"/>
        <testcase name="test_search_with_pattern" file="/home/jeremyfall/Internal/JTD-Packages/laravel-mcp.git/main/tests/Unit/Registry/Contracts/RegistryInterfaceTest.php" line="340" class="JTD\LaravelMCP\Tests\Unit\Registry\Contracts\RegistryInterfaceTest" classname="JTD.LaravelMCP.Tests.Unit.Registry.Contracts.RegistryInterfaceTest" assertions="2" time="0.005107"/>
        <testcase name="test_get_type_returns_registry_type" file="/home/jeremyfall/Internal/JTD-Packages/laravel-mcp.git/main/tests/Unit/Registry/Contracts/RegistryInterfaceTest.php" line="386" class="JTD\LaravelMCP\Tests\Unit\Registry\Contracts\RegistryInterfaceTest" classname="JTD.LaravelMCP.Tests.Unit.Registry.Contracts.RegistryInterfaceTest" assertions="2" time="0.005688"/>
        <testcase name="test_filter_multiple_criteria" file="/home/jeremyfall/Internal/JTD-Packages/laravel-mcp.git/main/tests/Unit/Registry/Contracts/RegistryInterfaceTest.php" line="504" class="JTD\LaravelMCP\Tests\Unit\Registry\Contracts\RegistryInterfaceTest" classname="JTD.LaravelMCP.Tests.Unit.Registry.Contracts.RegistryInterfaceTest" assertions="3" time="0.005021"/>
        <testcase name="test_registry_types" file="/home/jeremyfall/Internal/JTD-Packages/laravel-mcp.git/main/tests/Unit/Registry/Contracts/RegistryInterfaceTest.php" line="531" class="JTD\LaravelMCP\Tests\Unit\Registry\Contracts\RegistryInterfaceTest" classname="JTD.LaravelMCP.Tests.Unit.Registry.Contracts.RegistryInterfaceTest" assertions="6" time="0.005601"/>
        <testcase name="test_unregister_non_existing_component" file="/home/jeremyfall/Internal/JTD-Packages/laravel-mcp.git/main/tests/Unit/Registry/Contracts/RegistryInterfaceTest.php" line="83" class="JTD\LaravelMCP\Tests\Unit\Registry\Contracts\RegistryInterfaceTest" classname="JTD.LaravelMCP.Tests.Unit.Registry.Contracts.RegistryInterfaceTest" assertions="2" time="0.005283"/>
        <testcase name="test_has_existing_component" file="/home/jeremyfall/Internal/JTD-Packages/laravel-mcp.git/main/tests/Unit/Registry/Contracts/RegistryInterfaceTest.php" line="99" class="JTD\LaravelMCP\Tests\Unit\Registry\Contracts\RegistryInterfaceTest" classname="JTD.LaravelMCP.Tests.Unit.Registry.Contracts.RegistryInterfaceTest" assertions="2" time="0.005471"/>
        <testcase name="test_has_non_existing_component" file="/home/jeremyfall/Internal/JTD-Packages/laravel-mcp.git/main/tests/Unit/Registry/Contracts/RegistryInterfaceTest.php" line="113" class="JTD\LaravelMCP\Tests\Unit\Registry\Contracts\RegistryInterfaceTest" classname="JTD.LaravelMCP.Tests.Unit.Registry.Contracts.RegistryInterfaceTest" assertions="2" time="0.005581"/>
        <testcase name="test_search_with_regex_pattern" file="/home/jeremyfall/Internal/JTD-Packages/laravel-mcp.git/main/tests/Unit/Registry/Contracts/RegistryInterfaceTest.php" line="363" class="JTD\LaravelMCP\Tests\Unit\Registry\Contracts\RegistryInterfaceTest" classname="JTD.LaravelMCP.Tests.Unit.Registry.Contracts.RegistryInterfaceTest" assertions="2" time="0.005331"/>
        <testcase name="test_registration_lifecycle" file="/home/jeremyfall/Internal/JTD-Packages/laravel-mcp.git/main/tests/Unit/Registry/Contracts/RegistryInterfaceTest.php" line="401" class="JTD\LaravelMCP\Tests\Unit\Registry\Contracts\RegistryInterfaceTest" classname="JTD.LaravelMCP.Tests.Unit.Registry.Contracts.RegistryInterfaceTest" assertions="5" time="0.005141"/>
        <testcase name="test_multiple_component_operations" file="/home/jeremyfall/Internal/JTD-Packages/laravel-mcp.git/main/tests/Unit/Registry/Contracts/RegistryInterfaceTest.php" line="451" class="JTD\LaravelMCP\Tests\Unit\Registry\Contracts\RegistryInterfaceTest" classname="JTD.LaravelMCP.Tests.Unit.Registry.Contracts.RegistryInterfaceTest" assertions="12" time="0.005488"/>
      </testsuite>
      <testsuite name="JTD\LaravelMCP\Tests\Unit\Traits\HandlesMcpRequestsTest" file="/home/jeremyfall/Internal/JTD-Packages/laravel-mcp.git/main/tests/Unit/Traits/HandlesMcpRequestsTest.php" tests="24" assertions="57" errors="0" failures="0" skipped="0" time="0.126845">
        <testcase name="test_process_request_with_generic_exception" file="/home/jeremyfall/Internal/JTD-Packages/laravel-mcp.git/main/tests/Unit/Traits/HandlesMcpRequestsTest.php" line="91" class="JTD\LaravelMCP\Tests\Unit\Traits\HandlesMcpRequestsTest" classname="JTD.LaravelMCP.Tests.Unit.Traits.HandlesMcpRequestsTest" assertions="5" time="0.005365"/>
        <testcase name="test_create_success_response" file="/home/jeremyfall/Internal/JTD-Packages/laravel-mcp.git/main/tests/Unit/Traits/HandlesMcpRequestsTest.php" line="109" class="JTD\LaravelMCP\Tests\Unit\Traits\HandlesMcpRequestsTest" classname="JTD.LaravelMCP.Tests.Unit.Traits.HandlesMcpRequestsTest" assertions="3" time="0.005071"/>
        <testcase name="test_create_error_response_with_data" file="/home/jeremyfall/Internal/JTD-Packages/laravel-mcp.git/main/tests/Unit/Traits/HandlesMcpRequestsTest.php" line="137" class="JTD\LaravelMCP\Tests\Unit\Traits\HandlesMcpRequestsTest" classname="JTD.LaravelMCP.Tests.Unit.Traits.HandlesMcpRequestsTest" assertions="2" time="0.005090"/>
        <testcase name="test_validate_required_params_all_present" file="/home/jeremyfall/Internal/JTD-Packages/laravel-mcp.git/main/tests/Unit/Traits/HandlesMcpRequestsTest.php" line="150" class="JTD\LaravelMCP\Tests\Unit\Traits\HandlesMcpRequestsTest" classname="JTD.LaravelMCP.Tests.Unit.Traits.HandlesMcpRequestsTest" assertions="1" time="0.004512"/>
        <testcase name="test_validate_required_params_missing" file="/home/jeremyfall/Internal/JTD-Packages/laravel-mcp.git/main/tests/Unit/Traits/HandlesMcpRequestsTest.php" line="163" class="JTD\LaravelMCP\Tests\Unit\Traits\HandlesMcpRequestsTest" classname="JTD.LaravelMCP.Tests.Unit.Traits.HandlesMcpRequestsTest" assertions="3" time="0.004399"/>
        <testcase name="test_extract_params_with_required" file="/home/jeremyfall/Internal/JTD-Packages/laravel-mcp.git/main/tests/Unit/Traits/HandlesMcpRequestsTest.php" line="178" class="JTD\LaravelMCP\Tests\Unit\Traits\HandlesMcpRequestsTest" classname="JTD.LaravelMCP.Tests.Unit.Traits.HandlesMcpRequestsTest" assertions="1" time="0.004979"/>
        <testcase name="test_extract_params_missing_required" file="/home/jeremyfall/Internal/JTD-Packages/laravel-mcp.git/main/tests/Unit/Traits/HandlesMcpRequestsTest.php" line="194" class="JTD\LaravelMCP\Tests\Unit\Traits\HandlesMcpRequestsTest" classname="JTD.LaravelMCP.Tests.Unit.Traits.HandlesMcpRequestsTest" assertions="2" time="0.006172"/>
        <testcase name="test_extract_params_with_defaults" file="/home/jeremyfall/Internal/JTD-Packages/laravel-mcp.git/main/tests/Unit/Traits/HandlesMcpRequestsTest.php" line="211" class="JTD\LaravelMCP\Tests\Unit\Traits\HandlesMcpRequestsTest" classname="JTD.LaravelMCP.Tests.Unit.Traits.HandlesMcpRequestsTest" assertions="1" time="0.007833"/>
        <testcase name="test_validate_param_with_type" file="/home/jeremyfall/Internal/JTD-Packages/laravel-mcp.git/main/tests/Unit/Traits/HandlesMcpRequestsTest.php" line="232" class="JTD\LaravelMCP\Tests\Unit\Traits\HandlesMcpRequestsTest" classname="JTD.LaravelMCP.Tests.Unit.Traits.HandlesMcpRequestsTest" assertions="1" time="0.005203"/>
        <testcase name="test_validate_param_type_string" file="/home/jeremyfall/Internal/JTD-Packages/laravel-mcp.git/main/tests/Unit/Traits/HandlesMcpRequestsTest.php" line="258" class="JTD\LaravelMCP\Tests\Unit\Traits\HandlesMcpRequestsTest" classname="JTD.LaravelMCP.Tests.Unit.Traits.HandlesMcpRequestsTest" assertions="3" time="0.005071"/>
        <testcase name="test_validate_param_type_integer" file="/home/jeremyfall/Internal/JTD-Packages/laravel-mcp.git/main/tests/Unit/Traits/HandlesMcpRequestsTest.php" line="273" class="JTD\LaravelMCP\Tests\Unit\Traits\HandlesMcpRequestsTest" classname="JTD.LaravelMCP.Tests.Unit.Traits.HandlesMcpRequestsTest" assertions="3" time="0.004797"/>
        <testcase name="test_validate_param_type_array" file="/home/jeremyfall/Internal/JTD-Packages/laravel-mcp.git/main/tests/Unit/Traits/HandlesMcpRequestsTest.php" line="288" class="JTD\LaravelMCP\Tests\Unit\Traits\HandlesMcpRequestsTest" classname="JTD.LaravelMCP.Tests.Unit.Traits.HandlesMcpRequestsTest" assertions="3" time="0.005150"/>
        <testcase name="test_validate_param_type_object" file="/home/jeremyfall/Internal/JTD-Packages/laravel-mcp.git/main/tests/Unit/Traits/HandlesMcpRequestsTest.php" line="303" class="JTD\LaravelMCP\Tests\Unit\Traits\HandlesMcpRequestsTest" classname="JTD.LaravelMCP.Tests.Unit.Traits.HandlesMcpRequestsTest" assertions="4" time="0.005110"/>
        <testcase name="test_get_component_name" file="/home/jeremyfall/Internal/JTD-Packages/laravel-mcp.git/main/tests/Unit/Traits/HandlesMcpRequestsTest.php" line="322" class="JTD\LaravelMCP\Tests\Unit\Traits\HandlesMcpRequestsTest" classname="JTD.LaravelMCP.Tests.Unit.Traits.HandlesMcpRequestsTest" assertions="2" time="0.005257"/>
        <testcase name="test_log_request_with_debug_disabled" file="/home/jeremyfall/Internal/JTD-Packages/laravel-mcp.git/main/tests/Unit/Traits/HandlesMcpRequestsTest.php" line="346" class="JTD\LaravelMCP\Tests\Unit\Traits\HandlesMcpRequestsTest" classname="JTD.LaravelMCP.Tests.Unit.Traits.HandlesMcpRequestsTest" assertions="1" time="0.005125"/>
        <testcase name="test_log_response_with_debug_enabled" file="/home/jeremyfall/Internal/JTD-Packages/laravel-mcp.git/main/tests/Unit/Traits/HandlesMcpRequestsTest.php" line="358" class="JTD\LaravelMCP\Tests\Unit\Traits\HandlesMcpRequestsTest" classname="JTD.LaravelMCP.Tests.Unit.Traits.HandlesMcpRequestsTest" assertions="1" time="0.005261"/>
        <testcase name="test_complex_parameter_extraction" file="/home/jeremyfall/Internal/JTD-Packages/laravel-mcp.git/main/tests/Unit/Traits/HandlesMcpRequestsTest.php" line="370" class="JTD\LaravelMCP\Tests\Unit\Traits\HandlesMcpRequestsTest" classname="JTD.LaravelMCP.Tests.Unit.Traits.HandlesMcpRequestsTest" assertions="2" time="0.005572"/>
        <testcase name="test_success_response_includes_timestamp" file="/home/jeremyfall/Internal/JTD-Packages/laravel-mcp.git/main/tests/Unit/Traits/HandlesMcpRequestsTest.php" line="426" class="JTD\LaravelMCP\Tests\Unit\Traits\HandlesMcpRequestsTest" classname="JTD.LaravelMCP.Tests.Unit.Traits.HandlesMcpRequestsTest" assertions="2" time="0.005047"/>
        <testcase name="test_process_request_success" file="/home/jeremyfall/Internal/JTD-Packages/laravel-mcp.git/main/tests/Unit/Traits/HandlesMcpRequestsTest.php" line="54" class="JTD\LaravelMCP\Tests\Unit\Traits\HandlesMcpRequestsTest" classname="JTD.LaravelMCP.Tests.Unit.Traits.HandlesMcpRequestsTest" assertions="3" time="0.005922"/>
        <testcase name="test_process_request_with_mcp_exception" file="/home/jeremyfall/Internal/JTD-Packages/laravel-mcp.git/main/tests/Unit/Traits/HandlesMcpRequestsTest.php" line="73" class="JTD\LaravelMCP\Tests\Unit\Traits\HandlesMcpRequestsTest" classname="JTD.LaravelMCP.Tests.Unit.Traits.HandlesMcpRequestsTest" assertions="5" time="0.005485"/>
        <testcase name="test_create_error_response_without_data" file="/home/jeremyfall/Internal/JTD-Packages/laravel-mcp.git/main/tests/Unit/Traits/HandlesMcpRequestsTest.php" line="123" class="JTD\LaravelMCP\Tests\Unit\Traits\HandlesMcpRequestsTest" classname="JTD.LaravelMCP.Tests.Unit.Traits.HandlesMcpRequestsTest" assertions="5" time="0.005079"/>
        <testcase name="test_validate_param_with_custom_validator" file="/home/jeremyfall/Internal/JTD-Packages/laravel-mcp.git/main/tests/Unit/Traits/HandlesMcpRequestsTest.php" line="243" class="JTD\LaravelMCP\Tests\Unit\Traits\HandlesMcpRequestsTest" classname="JTD.LaravelMCP.Tests.Unit.Traits.HandlesMcpRequestsTest" assertions="1" time="0.005241"/>
        <testcase name="test_log_request_with_debug_enabled" file="/home/jeremyfall/Internal/JTD-Packages/laravel-mcp.git/main/tests/Unit/Traits/HandlesMcpRequestsTest.php" line="334" class="JTD\LaravelMCP\Tests\Unit\Traits\HandlesMcpRequestsTest" classname="JTD.LaravelMCP.Tests.Unit.Traits.HandlesMcpRequestsTest" assertions="1" time="0.005214"/>
        <testcase name="test_error_response_includes_timestamp" file="/home/jeremyfall/Internal/JTD-Packages/laravel-mcp.git/main/tests/Unit/Traits/HandlesMcpRequestsTest.php" line="415" class="JTD\LaravelMCP\Tests\Unit\Traits\HandlesMcpRequestsTest" classname="JTD.LaravelMCP.Tests.Unit.Traits.HandlesMcpRequestsTest" assertions="2" time="0.004891"/>
      </testsuite>
      <testsuite name="JTD\LaravelMCP\Tests\Unit\Traits\ValidatesParametersTest" file="/home/jeremyfall/Internal/JTD-Packages/laravel-mcp.git/main/tests/Unit/Traits/ValidatesParametersTest.php" tests="24" assertions="70" errors="0" failures="0" skipped="0" time="0.117589">
        <testcase name="test_validate_schema_with_defaults" file="/home/jeremyfall/Internal/JTD-Packages/laravel-mcp.git/main/tests/Unit/Traits/ValidatesParametersTest.php" line="93" class="JTD\LaravelMCP\Tests\Unit\Traits\ValidatesParametersTest" classname="JTD.LaravelMCP.Tests.Unit.Traits.ValidatesParametersTest" assertions="1" time="0.004319"/>
        <testcase name="test_validate_field_type_string" file="/home/jeremyfall/Internal/JTD-Packages/laravel-mcp.git/main/tests/Unit/Traits/ValidatesParametersTest.php" line="115" class="JTD\LaravelMCP\Tests\Unit\Traits\ValidatesParametersTest" classname="JTD.LaravelMCP.Tests.Unit.Traits.ValidatesParametersTest" assertions="3" time="0.004460"/>
        <testcase name="test_validate_field_type_integer" file="/home/jeremyfall/Internal/JTD-Packages/laravel-mcp.git/main/tests/Unit/Traits/ValidatesParametersTest.php" line="130" class="JTD\LaravelMCP\Tests\Unit\Traits\ValidatesParametersTest" classname="JTD.LaravelMCP.Tests.Unit.Traits.ValidatesParametersTest" assertions="4" time="0.004488"/>
        <testcase name="test_validate_field_type_number" file="/home/jeremyfall/Internal/JTD-Packages/laravel-mcp.git/main/tests/Unit/Traits/ValidatesParametersTest.php" line="149" class="JTD\LaravelMCP\Tests\Unit\Traits\ValidatesParametersTest" classname="JTD.LaravelMCP.Tests.Unit.Traits.ValidatesParametersTest" assertions="3" time="0.004517"/>
        <testcase name="test_validate_field_type_boolean" file="/home/jeremyfall/Internal/JTD-Packages/laravel-mcp.git/main/tests/Unit/Traits/ValidatesParametersTest.php" line="166" class="JTD\LaravelMCP\Tests\Unit\Traits\ValidatesParametersTest" classname="JTD.LaravelMCP.Tests.Unit.Traits.ValidatesParametersTest" assertions="3" time="0.004391"/>
        <testcase name="test_validate_field_type_array" file="/home/jeremyfall/Internal/JTD-Packages/laravel-mcp.git/main/tests/Unit/Traits/ValidatesParametersTest.php" line="182" class="JTD\LaravelMCP\Tests\Unit\Traits\ValidatesParametersTest" classname="JTD.LaravelMCP.Tests.Unit.Traits.ValidatesParametersTest" assertions="3" time="0.004843"/>
        <testcase name="test_validate_field_type_object" file="/home/jeremyfall/Internal/JTD-Packages/laravel-mcp.git/main/tests/Unit/Traits/ValidatesParametersTest.php" line="197" class="JTD\LaravelMCP\Tests\Unit\Traits\ValidatesParametersTest" classname="JTD.LaravelMCP.Tests.Unit.Traits.ValidatesParametersTest" assertions="3" time="0.004501"/>
        <testcase name="test_validate_field_type_null" file="/home/jeremyfall/Internal/JTD-Packages/laravel-mcp.git/main/tests/Unit/Traits/ValidatesParametersTest.php" line="215" class="JTD\LaravelMCP\Tests\Unit\Traits\ValidatesParametersTest" classname="JTD.LaravelMCP.Tests.Unit.Traits.ValidatesParametersTest" assertions="3" time="0.004887"/>
        <testcase name="test_validate_field_format_email" file="/home/jeremyfall/Internal/JTD-Packages/laravel-mcp.git/main/tests/Unit/Traits/ValidatesParametersTest.php" line="230" class="JTD\LaravelMCP\Tests\Unit\Traits\ValidatesParametersTest" classname="JTD.LaravelMCP.Tests.Unit.Traits.ValidatesParametersTest" assertions="3" time="0.005669"/>
        <testcase name="test_validate_field_format_url" file="/home/jeremyfall/Internal/JTD-Packages/laravel-mcp.git/main/tests/Unit/Traits/ValidatesParametersTest.php" line="245" class="JTD\LaravelMCP\Tests\Unit\Traits\ValidatesParametersTest" classname="JTD.LaravelMCP.Tests.Unit.Traits.ValidatesParametersTest" assertions="3" time="0.004992"/>
        <testcase name="test_validate_field_format_uri" file="/home/jeremyfall/Internal/JTD-Packages/laravel-mcp.git/main/tests/Unit/Traits/ValidatesParametersTest.php" line="260" class="JTD\LaravelMCP\Tests\Unit\Traits\ValidatesParametersTest" classname="JTD.LaravelMCP.Tests.Unit.Traits.ValidatesParametersTest" assertions="4" time="0.004484"/>
        <testcase name="test_validate_field_format_uuid" file="/home/jeremyfall/Internal/JTD-Packages/laravel-mcp.git/main/tests/Unit/Traits/ValidatesParametersTest.php" line="293" class="JTD\LaravelMCP\Tests\Unit\Traits\ValidatesParametersTest" classname="JTD.LaravelMCP.Tests.Unit.Traits.ValidatesParametersTest" assertions="3" time="0.004689"/>
        <testcase name="test_validate_field_length_string" file="/home/jeremyfall/Internal/JTD-Packages/laravel-mcp.git/main/tests/Unit/Traits/ValidatesParametersTest.php" line="309" class="JTD\LaravelMCP\Tests\Unit\Traits\ValidatesParametersTest" classname="JTD.LaravelMCP.Tests.Unit.Traits.ValidatesParametersTest" assertions="3" time="0.004916"/>
        <testcase name="test_validate_field_length_array" file="/home/jeremyfall/Internal/JTD-Packages/laravel-mcp.git/main/tests/Unit/Traits/ValidatesParametersTest.php" line="326" class="JTD\LaravelMCP\Tests\Unit\Traits\ValidatesParametersTest" classname="JTD.LaravelMCP.Tests.Unit.Traits.ValidatesParametersTest" assertions="3" time="0.005091"/>
        <testcase name="test_validate_field_range" file="/home/jeremyfall/Internal/JTD-Packages/laravel-mcp.git/main/tests/Unit/Traits/ValidatesParametersTest.php" line="343" class="JTD\LaravelMCP\Tests\Unit\Traits\ValidatesParametersTest" classname="JTD.LaravelMCP.Tests.Unit.Traits.ValidatesParametersTest" assertions="3" time="0.004868"/>
        <testcase name="test_validate_field_enum" file="/home/jeremyfall/Internal/JTD-Packages/laravel-mcp.git/main/tests/Unit/Traits/ValidatesParametersTest.php" line="360" class="JTD\LaravelMCP\Tests\Unit\Traits\ValidatesParametersTest" classname="JTD.LaravelMCP.Tests.Unit.Traits.ValidatesParametersTest" assertions="3" time="0.005324"/>
        <testcase name="test_validate_field_pattern" file="/home/jeremyfall/Internal/JTD-Packages/laravel-mcp.git/main/tests/Unit/Traits/ValidatesParametersTest.php" line="377" class="JTD\LaravelMCP\Tests\Unit\Traits\ValidatesParametersTest" classname="JTD.LaravelMCP.Tests.Unit.Traits.ValidatesParametersTest" assertions="3" time="0.004658"/>
        <testcase name="test_validate_field_with_custom_validator" file="/home/jeremyfall/Internal/JTD-Packages/laravel-mcp.git/main/tests/Unit/Traits/ValidatesParametersTest.php" line="394" class="JTD\LaravelMCP\Tests\Unit\Traits\ValidatesParametersTest" classname="JTD.LaravelMCP.Tests.Unit.Traits.ValidatesParametersTest" assertions="5" time="0.004827"/>
        <testcase name="test_complex_schema_validation" file="/home/jeremyfall/Internal/JTD-Packages/laravel-mcp.git/main/tests/Unit/Traits/ValidatesParametersTest.php" line="431" class="JTD\LaravelMCP\Tests\Unit\Traits\ValidatesParametersTest" classname="JTD.LaravelMCP.Tests.Unit.Traits.ValidatesParametersTest" assertions="2" time="0.005429"/>
        <testcase name="test_is_required" file="/home/jeremyfall/Internal/JTD-Packages/laravel-mcp.git/main/tests/Unit/Traits/ValidatesParametersTest.php" line="466" class="JTD\LaravelMCP\Tests\Unit\Traits\ValidatesParametersTest" classname="JTD.LaravelMCP.Tests.Unit.Traits.ValidatesParametersTest" assertions="3" time="0.005460"/>
        <testcase name="test_get_validation_error_summary" file="/home/jeremyfall/Internal/JTD-Packages/laravel-mcp.git/main/tests/Unit/Traits/ValidatesParametersTest.php" line="476" class="JTD\LaravelMCP\Tests\Unit\Traits\ValidatesParametersTest" classname="JTD.LaravelMCP.Tests.Unit.Traits.ValidatesParametersTest" assertions="3" time="0.004761"/>
        <testcase name="test_validate_schema_with_valid_params" file="/home/jeremyfall/Internal/JTD-Packages/laravel-mcp.git/main/tests/Unit/Traits/ValidatesParametersTest.php" line="53" class="JTD\LaravelMCP\Tests\Unit\Traits\ValidatesParametersTest" classname="JTD.LaravelMCP.Tests.Unit.Traits.ValidatesParametersTest" assertions="1" time="0.005359"/>
        <testcase name="test_validate_schema_missing_required" file="/home/jeremyfall/Internal/JTD-Packages/laravel-mcp.git/main/tests/Unit/Traits/ValidatesParametersTest.php" line="75" class="JTD\LaravelMCP\Tests\Unit\Traits\ValidatesParametersTest" classname="JTD.LaravelMCP.Tests.Unit.Traits.ValidatesParametersTest" assertions="2" time="0.004963"/>
        <testcase name="test_validate_field_format_datetime" file="/home/jeremyfall/Internal/JTD-Packages/laravel-mcp.git/main/tests/Unit/Traits/ValidatesParametersTest.php" line="278" class="JTD\LaravelMCP\Tests\Unit\Traits\ValidatesParametersTest" classname="JTD.LaravelMCP.Tests.Unit.Traits.ValidatesParametersTest" assertions="3" time="0.005692"/>
      </testsuite>
      <testsuite name="JTD\LaravelMCP\Tests\Unit\Transport\Contracts\MessageHandlerInterfaceTest" file="/home/jeremyfall/Internal/JTD-Packages/laravel-mcp.git/main/tests/Unit/Transport/Contracts/MessageHandlerInterfaceTest.php" tests="16" assertions="53" errors="0" failures="0" skipped="0" time="0.082163">
        <testcase name="test_handle_notification_returns_null" file="/home/jeremyfall/Internal/JTD-Packages/laravel-mcp.git/main/tests/Unit/Transport/Contracts/MessageHandlerInterfaceTest.php" line="63" class="JTD\LaravelMCP\Tests\Unit\Transport\Contracts\MessageHandlerInterfaceTest" classname="JTD.LaravelMCP.Tests.Unit.Transport.Contracts.MessageHandlerInterfaceTest" assertions="2" time="0.005604"/>
        <testcase name="test_handle_complex_message" file="/home/jeremyfall/Internal/JTD-Packages/laravel-mcp.git/main/tests/Unit/Transport/Contracts/MessageHandlerInterfaceTest.php" line="84" class="JTD\LaravelMCP\Tests\Unit\Transport\Contracts\MessageHandlerInterfaceTest" classname="JTD.LaravelMCP.Tests.Unit.Transport.Contracts.MessageHandlerInterfaceTest" assertions="2" time="0.005135"/>
        <testcase name="test_handle_error_with_exception" file="/home/jeremyfall/Internal/JTD-Packages/laravel-mcp.git/main/tests/Unit/Transport/Contracts/MessageHandlerInterfaceTest.php" line="127" class="JTD\LaravelMCP\Tests\Unit\Transport\Contracts\MessageHandlerInterfaceTest" classname="JTD.LaravelMCP.Tests.Unit.Transport.Contracts.MessageHandlerInterfaceTest" assertions="1" time="0.004944"/>
        <testcase name="test_on_connect" file="/home/jeremyfall/Internal/JTD-Packages/laravel-mcp.git/main/tests/Unit/Transport/Contracts/MessageHandlerInterfaceTest.php" line="169" class="JTD\LaravelMCP\Tests\Unit\Transport\Contracts\MessageHandlerInterfaceTest" classname="JTD.LaravelMCP.Tests.Unit.Transport.Contracts.MessageHandlerInterfaceTest" assertions="1" time="0.004918"/>
        <testcase name="test_on_disconnect" file="/home/jeremyfall/Internal/JTD-Packages/laravel-mcp.git/main/tests/Unit/Transport/Contracts/MessageHandlerInterfaceTest.php" line="182" class="JTD\LaravelMCP\Tests\Unit\Transport\Contracts\MessageHandlerInterfaceTest" classname="JTD.LaravelMCP.Tests.Unit.Transport.Contracts.MessageHandlerInterfaceTest" assertions="1" time="0.004743"/>
        <testcase name="test_can_handle_supported_message" file="/home/jeremyfall/Internal/JTD-Packages/laravel-mcp.git/main/tests/Unit/Transport/Contracts/MessageHandlerInterfaceTest.php" line="195" class="JTD\LaravelMCP\Tests\Unit\Transport\Contracts\MessageHandlerInterfaceTest" classname="JTD.LaravelMCP.Tests.Unit.Transport.Contracts.MessageHandlerInterfaceTest" assertions="2" time="0.004731"/>
        <testcase name="test_can_handle_unsupported_message" file="/home/jeremyfall/Internal/JTD-Packages/laravel-mcp.git/main/tests/Unit/Transport/Contracts/MessageHandlerInterfaceTest.php" line="215" class="JTD\LaravelMCP\Tests\Unit\Transport\Contracts\MessageHandlerInterfaceTest" classname="JTD.LaravelMCP.Tests.Unit.Transport.Contracts.MessageHandlerInterfaceTest" assertions="2" time="0.005079"/>
        <testcase name="test_get_supported_message_types" file="/home/jeremyfall/Internal/JTD-Packages/laravel-mcp.git/main/tests/Unit/Transport/Contracts/MessageHandlerInterfaceTest.php" line="266" class="JTD\LaravelMCP\Tests\Unit\Transport\Contracts\MessageHandlerInterfaceTest" classname="JTD.LaravelMCP.Tests.Unit.Transport.Contracts.MessageHandlerInterfaceTest" assertions="2" time="0.004906"/>
        <testcase name="test_get_supported_message_types_empty" file="/home/jeremyfall/Internal/JTD-Packages/laravel-mcp.git/main/tests/Unit/Transport/Contracts/MessageHandlerInterfaceTest.php" line="293" class="JTD\LaravelMCP\Tests\Unit\Transport\Contracts\MessageHandlerInterfaceTest" classname="JTD.LaravelMCP.Tests.Unit.Transport.Contracts.MessageHandlerInterfaceTest" assertions="2" time="0.007674"/>
        <testcase name="test_error_handling_isolation" file="/home/jeremyfall/Internal/JTD-Packages/laravel-mcp.git/main/tests/Unit/Transport/Contracts/MessageHandlerInterfaceTest.php" line="385" class="JTD\LaravelMCP\Tests\Unit\Transport\Contracts\MessageHandlerInterfaceTest" classname="JTD.LaravelMCP.Tests.Unit.Transport.Contracts.MessageHandlerInterfaceTest" assertions="2" time="0.004739"/>
        <testcase name="test_handle_valid_message_returns_response" file="/home/jeremyfall/Internal/JTD-Packages/laravel-mcp.git/main/tests/Unit/Transport/Contracts/MessageHandlerInterfaceTest.php" line="35" class="JTD\LaravelMCP\Tests\Unit\Transport\Contracts\MessageHandlerInterfaceTest" classname="JTD.LaravelMCP.Tests.Unit.Transport.Contracts.MessageHandlerInterfaceTest" assertions="2" time="0.004737"/>
        <testcase name="test_handle_error_with_different_types" file="/home/jeremyfall/Internal/JTD-Packages/laravel-mcp.git/main/tests/Unit/Transport/Contracts/MessageHandlerInterfaceTest.php" line="142" class="JTD\LaravelMCP\Tests\Unit\Transport\Contracts\MessageHandlerInterfaceTest" classname="JTD.LaravelMCP.Tests.Unit.Transport.Contracts.MessageHandlerInterfaceTest" assertions="7" time="0.004718"/>
        <testcase name="test_can_handle_various_formats" file="/home/jeremyfall/Internal/JTD-Packages/laravel-mcp.git/main/tests/Unit/Transport/Contracts/MessageHandlerInterfaceTest.php" line="235" class="JTD\LaravelMCP\Tests\Unit\Transport\Contracts\MessageHandlerInterfaceTest" classname="JTD.LaravelMCP.Tests.Unit.Transport.Contracts.MessageHandlerInterfaceTest" assertions="7" time="0.005258"/>
        <testcase name="test_lifecycle_events_sequence" file="/home/jeremyfall/Internal/JTD-Packages/laravel-mcp.git/main/tests/Unit/Transport/Contracts/MessageHandlerInterfaceTest.php" line="308" class="JTD\LaravelMCP\Tests\Unit\Transport\Contracts\MessageHandlerInterfaceTest" classname="JTD.LaravelMCP.Tests.Unit.Transport.Contracts.MessageHandlerInterfaceTest" assertions="2" time="0.004765"/>
        <testcase name="test_handle_multiple_messages" file="/home/jeremyfall/Internal/JTD-Packages/laravel-mcp.git/main/tests/Unit/Transport/Contracts/MessageHandlerInterfaceTest.php" line="346" class="JTD\LaravelMCP\Tests\Unit\Transport\Contracts\MessageHandlerInterfaceTest" classname="JTD.LaravelMCP.Tests.Unit.Transport.Contracts.MessageHandlerInterfaceTest" assertions="13" time="0.004818"/>
        <testcase name="test_check_specific_message_type_support" file="/home/jeremyfall/Internal/JTD-Packages/laravel-mcp.git/main/tests/Unit/Transport/Contracts/MessageHandlerInterfaceTest.php" line="413" class="JTD\LaravelMCP\Tests\Unit\Transport\Contracts\MessageHandlerInterfaceTest" classname="JTD.LaravelMCP.Tests.Unit.Transport.Contracts.MessageHandlerInterfaceTest" assertions="5" time="0.005395"/>
      </testsuite>
      <testsuite name="JTD\LaravelMCP\Tests\Unit\Transport\Contracts\TransportInterfaceTest" file="/home/jeremyfall/Internal/JTD-Packages/laravel-mcp.git/main/tests/Unit/Transport/Contracts/TransportInterfaceTest.php" tests="17" assertions="37" errors="0" failures="0" skipped="0" time="0.084497">
        <testcase name="test_initialize_with_config" file="/home/jeremyfall/Internal/JTD-Packages/laravel-mcp.git/main/tests/Unit/Transport/Contracts/TransportInterfaceTest.php" line="35" class="JTD\LaravelMCP\Tests\Unit\Transport\Contracts\TransportInterfaceTest" classname="JTD.LaravelMCP.Tests.Unit.Transport.Contracts.TransportInterfaceTest" assertions="1" time="0.004698"/>
        <testcase name="test_initialize_without_config" file="/home/jeremyfall/Internal/JTD-Packages/laravel-mcp.git/main/tests/Unit/Transport/Contracts/TransportInterfaceTest.php" line="54" class="JTD\LaravelMCP\Tests\Unit\Transport\Contracts\TransportInterfaceTest" classname="JTD.LaravelMCP.Tests.Unit.Transport.Contracts.TransportInterfaceTest" assertions="1" time="0.004673"/>
        <testcase name="test_listen_starts_listening" file="/home/jeremyfall/Internal/JTD-Packages/laravel-mcp.git/main/tests/Unit/Transport/Contracts/TransportInterfaceTest.php" line="67" class="JTD\LaravelMCP\Tests\Unit\Transport\Contracts\TransportInterfaceTest" classname="JTD.LaravelMCP.Tests.Unit.Transport.Contracts.TransportInterfaceTest" assertions="1" time="0.004840"/>
        <testcase name="test_send_message" file="/home/jeremyfall/Internal/JTD-Packages/laravel-mcp.git/main/tests/Unit/Transport/Contracts/TransportInterfaceTest.php" line="79" class="JTD\LaravelMCP\Tests\Unit\Transport\Contracts\TransportInterfaceTest" classname="JTD.LaravelMCP.Tests.Unit.Transport.Contracts.TransportInterfaceTest" assertions="1" time="0.004690"/>
        <testcase name="test_send_complex_message" file="/home/jeremyfall/Internal/JTD-Packages/laravel-mcp.git/main/tests/Unit/Transport/Contracts/TransportInterfaceTest.php" line="99" class="JTD\LaravelMCP\Tests\Unit\Transport\Contracts\TransportInterfaceTest" classname="JTD.LaravelMCP.Tests.Unit.Transport.Contracts.TransportInterfaceTest" assertions="1" time="0.005659"/>
        <testcase name="test_receive_returns_message" file="/home/jeremyfall/Internal/JTD-Packages/laravel-mcp.git/main/tests/Unit/Transport/Contracts/TransportInterfaceTest.php" line="123" class="JTD\LaravelMCP\Tests\Unit\Transport\Contracts\TransportInterfaceTest" classname="JTD.LaravelMCP.Tests.Unit.Transport.Contracts.TransportInterfaceTest" assertions="2" time="0.005048"/>
        <testcase name="test_receive_returns_null_when_no_message" file="/home/jeremyfall/Internal/JTD-Packages/laravel-mcp.git/main/tests/Unit/Transport/Contracts/TransportInterfaceTest.php" line="144" class="JTD\LaravelMCP\Tests\Unit\Transport\Contracts\TransportInterfaceTest" classname="JTD.LaravelMCP.Tests.Unit.Transport.Contracts.TransportInterfaceTest" assertions="2" time="0.004491"/>
        <testcase name="test_close_connection" file="/home/jeremyfall/Internal/JTD-Packages/laravel-mcp.git/main/tests/Unit/Transport/Contracts/TransportInterfaceTest.php" line="159" class="JTD\LaravelMCP\Tests\Unit\Transport\Contracts\TransportInterfaceTest" classname="JTD.LaravelMCP.Tests.Unit.Transport.Contracts.TransportInterfaceTest" assertions="1" time="0.004851"/>
        <testcase name="test_is_connected_returns_true" file="/home/jeremyfall/Internal/JTD-Packages/laravel-mcp.git/main/tests/Unit/Transport/Contracts/TransportInterfaceTest.php" line="171" class="JTD\LaravelMCP\Tests\Unit\Transport\Contracts\TransportInterfaceTest" classname="JTD.LaravelMCP.Tests.Unit.Transport.Contracts.TransportInterfaceTest" assertions="2" time="0.004855"/>
        <testcase name="test_is_connected_returns_false" file="/home/jeremyfall/Internal/JTD-Packages/laravel-mcp.git/main/tests/Unit/Transport/Contracts/TransportInterfaceTest.php" line="184" class="JTD\LaravelMCP\Tests\Unit\Transport\Contracts\TransportInterfaceTest" classname="JTD.LaravelMCP.Tests.Unit.Transport.Contracts.TransportInterfaceTest" assertions="2" time="0.005123"/>
        <testcase name="test_get_config" file="/home/jeremyfall/Internal/JTD-Packages/laravel-mcp.git/main/tests/Unit/Transport/Contracts/TransportInterfaceTest.php" line="197" class="JTD\LaravelMCP\Tests\Unit\Transport\Contracts\TransportInterfaceTest" classname="JTD.LaravelMCP.Tests.Unit.Transport.Contracts.TransportInterfaceTest" assertions="2" time="0.004963"/>
        <testcase name="test_get_config_returns_empty_array" file="/home/jeremyfall/Internal/JTD-Packages/laravel-mcp.git/main/tests/Unit/Transport/Contracts/TransportInterfaceTest.php" line="218" class="JTD\LaravelMCP\Tests\Unit\Transport\Contracts\TransportInterfaceTest" classname="JTD.LaravelMCP.Tests.Unit.Transport.Contracts.TransportInterfaceTest" assertions="2" time="0.004828"/>
        <testcase name="test_set_message_handler" file="/home/jeremyfall/Internal/JTD-Packages/laravel-mcp.git/main/tests/Unit/Transport/Contracts/TransportInterfaceTest.php" line="233" class="JTD\LaravelMCP\Tests\Unit\Transport\Contracts\TransportInterfaceTest" classname="JTD.LaravelMCP.Tests.Unit.Transport.Contracts.TransportInterfaceTest" assertions="1" time="0.004975"/>
        <testcase name="test_transport_lifecycle" file="/home/jeremyfall/Internal/JTD-Packages/laravel-mcp.git/main/tests/Unit/Transport/Contracts/TransportInterfaceTest.php" line="246" class="JTD\LaravelMCP\Tests\Unit\Transport\Contracts\TransportInterfaceTest" classname="JTD.LaravelMCP.Tests.Unit.Transport.Contracts.TransportInterfaceTest" assertions="6" time="0.004856"/>
        <testcase name="test_configuration_persistence" file="/home/jeremyfall/Internal/JTD-Packages/laravel-mcp.git/main/tests/Unit/Transport/Contracts/TransportInterfaceTest.php" line="350" class="JTD\LaravelMCP\Tests\Unit\Transport\Contracts\TransportInterfaceTest" classname="JTD.LaravelMCP.Tests.Unit.Transport.Contracts.TransportInterfaceTest" assertions="2" time="0.005264"/>
        <testcase name="test_setting_multiple_handlers" file="/home/jeremyfall/Internal/JTD-Packages/laravel-mcp.git/main/tests/Unit/Transport/Contracts/TransportInterfaceTest.php" line="378" class="JTD\LaravelMCP\Tests\Unit\Transport\Contracts\TransportInterfaceTest" classname="JTD.LaravelMCP.Tests.Unit.Transport.Contracts.TransportInterfaceTest" assertions="3" time="0.005184"/>
        <testcase name="test_multiple_message_operations" file="/home/jeremyfall/Internal/JTD-Packages/laravel-mcp.git/main/tests/Unit/Transport/Contracts/TransportInterfaceTest.php" line="303" class="JTD\LaravelMCP\Tests\Unit\Transport\Contracts\TransportInterfaceTest" classname="JTD.LaravelMCP.Tests.Unit.Transport.Contracts.TransportInterfaceTest" assertions="7" time="0.005499"/>
      </testsuite>
    </testsuite>
    <testsuite name="Unit" tests="584" assertions="1503" errors="0" failures="0" skipped="0" time="6.166763">
      <testsuite name="JTD\LaravelMCP\Tests\Unit\Commands\BaseCommandTest" file="/home/jeremyfall/Internal/JTD-Packages/laravel-mcp.git/main/tests/Unit/Commands/BaseCommandTest.php" tests="9" assertions="27" errors="0" failures="0" skipped="0" time="0.049110">
        <testcase name="test_command_with_validation_failure" file="/home/jeremyfall/Internal/JTD-Packages/laravel-mcp.git/main/tests/Unit/Commands/BaseCommandTest.php" line="105" class="JTD\LaravelMCP\Tests\Unit\Commands\BaseCommandTest" classname="JTD.LaravelMCP.Tests.Unit.Commands.BaseCommandTest" assertions="1" time="0.005387"/>
        <testcase name="test_configuration_helper_methods" file="/home/jeremyfall/Internal/JTD-Packages/laravel-mcp.git/main/tests/Unit/Commands/BaseCommandTest.php" line="185" class="JTD\LaravelMCP\Tests\Unit\Commands\BaseCommandTest" classname="JTD.LaravelMCP.Tests.Unit.Commands.BaseCommandTest" assertions="3" time="0.004967"/>
        <testcase name="test_successful_command_execution" file="/home/jeremyfall/Internal/JTD-Packages/laravel-mcp.git/main/tests/Unit/Commands/BaseCommandTest.php" line="93" class="JTD\LaravelMCP\Tests\Unit\Commands\BaseCommandTest" classname="JTD.LaravelMCP.Tests.Unit.Commands.BaseCommandTest" assertions="2" time="0.005332"/>
        <testcase name="test_error_handling_without_debug" file="/home/jeremyfall/Internal/JTD-Packages/laravel-mcp.git/main/tests/Unit/Commands/BaseCommandTest.php" line="118" class="JTD\LaravelMCP\Tests\Unit\Commands\BaseCommandTest" classname="JTD.LaravelMCP.Tests.Unit.Commands.BaseCommandTest" assertions="4" time="0.005435"/>
        <testcase name="test_error_handling_with_debug_mode" file="/home/jeremyfall/Internal/JTD-Packages/laravel-mcp.git/main/tests/Unit/Commands/BaseCommandTest.php" line="135" class="JTD\LaravelMCP\Tests\Unit\Commands\BaseCommandTest" classname="JTD.LaravelMCP.Tests.Unit.Commands.BaseCommandTest" assertions="3" time="0.005546"/>
        <testcase name="test_output_formatting_methods" file="/home/jeremyfall/Internal/JTD-Packages/laravel-mcp.git/main/tests/Unit/Commands/BaseCommandTest.php" line="151" class="JTD\LaravelMCP\Tests\Unit\Commands\BaseCommandTest" classname="JTD.LaravelMCP.Tests.Unit.Commands.BaseCommandTest" assertions="4" time="0.005254"/>
        <testcase name="test_debug_output_in_verbose_mode" file="/home/jeremyfall/Internal/JTD-Packages/laravel-mcp.git/main/tests/Unit/Commands/BaseCommandTest.php" line="172" class="JTD\LaravelMCP\Tests\Unit\Commands\BaseCommandTest" classname="JTD.LaravelMCP.Tests.Unit.Commands.BaseCommandTest" assertions="1" time="0.005777"/>
        <testcase name="test_mcp_disabled_check" file="/home/jeremyfall/Internal/JTD-Packages/laravel-mcp.git/main/tests/Unit/Commands/BaseCommandTest.php" line="200" class="JTD\LaravelMCP\Tests\Unit\Commands\BaseCommandTest" classname="JTD.LaravelMCP.Tests.Unit.Commands.BaseCommandTest" assertions="2" time="0.005483"/>
        <testcase name="test_option_validation_methods" file="/home/jeremyfall/Internal/JTD-Packages/laravel-mcp.git/main/tests/Unit/Commands/BaseCommandTest.php" line="215" class="JTD\LaravelMCP\Tests\Unit\Commands\BaseCommandTest" classname="JTD.LaravelMCP.Tests.Unit.Commands.BaseCommandTest" assertions="7" time="0.005928"/>
      </testsuite>
      <testsuite name="JTD\LaravelMCP\Tests\Unit\Commands\ListCommandTest" file="/home/jeremyfall/Internal/JTD-Packages/laravel-mcp.git/main/tests/Unit/Commands/ListCommandTest.php" tests="9" assertions="9" errors="0" failures="0" skipped="0" time="0.064926">
        <testcase name="it_outputs_in_json_format" file="/home/jeremyfall/Internal/JTD-Packages/laravel-mcp.git/main/tests/Unit/Commands/ListCommandTest.php" line="192" class="JTD\LaravelMCP\Tests\Unit\Commands\ListCommandTest" classname="JTD.LaravelMCP.Tests.Unit.Commands.ListCommandTest" assertions="1" time="0.006604"/>
        <testcase name="it_validates_invalid_type_option" file="/home/jeremyfall/Internal/JTD-Packages/laravel-mcp.git/main/tests/Unit/Commands/ListCommandTest.php" line="267" class="JTD\LaravelMCP\Tests\Unit\Commands\ListCommandTest" classname="JTD.LaravelMCP.Tests.Unit.Commands.ListCommandTest" assertions="1" time="0.005745"/>
        <testcase name="it_filters_by_resource_type" file="/home/jeremyfall/Internal/JTD-Packages/laravel-mcp.git/main/tests/Unit/Commands/ListCommandTest.php" line="154" class="JTD\LaravelMCP\Tests\Unit\Commands\ListCommandTest" classname="JTD.LaravelMCP.Tests.Unit.Commands.ListCommandTest" assertions="1" time="0.006582"/>
        <testcase name="it_handles_empty_registries_gracefully" file="/home/jeremyfall/Internal/JTD-Packages/laravel-mcp.git/main/tests/Unit/Commands/ListCommandTest.php" line="249" class="JTD\LaravelMCP\Tests\Unit\Commands\ListCommandTest" classname="JTD.LaravelMCP.Tests.Unit.Commands.ListCommandTest" assertions="1" time="0.006820"/>
        <testcase name="it_validates_invalid_format_option" file="/home/jeremyfall/Internal/JTD-Packages/laravel-mcp.git/main/tests/Unit/Commands/ListCommandTest.php" line="280" class="JTD\LaravelMCP\Tests\Unit\Commands\ListCommandTest" classname="JTD.LaravelMCP.Tests.Unit.Commands.ListCommandTest" assertions="1" time="0.006568"/>
        <testcase name="it_lists_all_components_in_table_format" file="/home/jeremyfall/Internal/JTD-Packages/laravel-mcp.git/main/tests/Unit/Commands/ListCommandTest.php" line="113" class="JTD\LaravelMCP\Tests\Unit\Commands\ListCommandTest" classname="JTD.LaravelMCP.Tests.Unit.Commands.ListCommandTest" assertions="1" time="0.008633"/>
        <testcase name="it_filters_by_tool_type" file="/home/jeremyfall/Internal/JTD-Packages/laravel-mcp.git/main/tests/Unit/Commands/ListCommandTest.php" line="135" class="JTD\LaravelMCP\Tests\Unit\Commands\ListCommandTest" classname="JTD.LaravelMCP.Tests.Unit.Commands.ListCommandTest" assertions="1" time="0.007619"/>
        <testcase name="it_shows_detailed_information" file="/home/jeremyfall/Internal/JTD-Packages/laravel-mcp.git/main/tests/Unit/Commands/ListCommandTest.php" line="230" class="JTD\LaravelMCP\Tests\Unit\Commands\ListCommandTest" classname="JTD.LaravelMCP.Tests.Unit.Commands.ListCommandTest" assertions="1" time="0.008446"/>
        <testcase name="it_filters_by_prompt_type" file="/home/jeremyfall/Internal/JTD-Packages/laravel-mcp.git/main/tests/Unit/Commands/ListCommandTest.php" line="173" class="JTD\LaravelMCP\Tests\Unit\Commands\ListCommandTest" classname="JTD.LaravelMCP.Tests.Unit.Commands.ListCommandTest" assertions="1" time="0.007909"/>
      </testsuite>
      <testsuite name="JTD\LaravelMCP\Tests\Unit\Commands\MakePromptCommandTest" file="/home/jeremyfall/Internal/JTD-Packages/laravel-mcp.git/main/tests/Unit/Commands/MakePromptCommandTest.php" tests="19" assertions="50" errors="0" failures="0" skipped="0" time="0.121912">
        <testcase name="it_resolves_template_paths_correctly" file="/home/jeremyfall/Internal/JTD-Packages/laravel-mcp.git/main/tests/Unit/Commands/MakePromptCommandTest.php" line="229" class="JTD\LaravelMCP\Tests\Unit\Commands\MakePromptCommandTest" classname="JTD.LaravelMCP.Tests.Unit.Commands.MakePromptCommandTest" assertions="2" time="0.005382"/>
        <testcase name="it_validates_variable_definitions" file="/home/jeremyfall/Internal/JTD-Packages/laravel-mcp.git/main/tests/Unit/Commands/MakePromptCommandTest.php" line="174" class="JTD\LaravelMCP\Tests\Unit\Commands\MakePromptCommandTest" classname="JTD.LaravelMCP.Tests.Unit.Commands.MakePromptCommandTest" assertions="4" time="0.005956"/>
        <testcase name="it_handles_filesystem_errors_gracefully" file="/home/jeremyfall/Internal/JTD-Packages/laravel-mcp.git/main/tests/Unit/Commands/MakePromptCommandTest.php" line="338" class="JTD\LaravelMCP\Tests\Unit\Commands\MakePromptCommandTest" classname="JTD.LaravelMCP.Tests.Unit.Commands.MakePromptCommandTest" assertions="2" time="0.005593"/>
        <testcase name="it_creates_prompt_with_template_integration" file="/home/jeremyfall/Internal/JTD-Packages/laravel-mcp.git/main/tests/Unit/Commands/MakePromptCommandTest.php" line="133" class="JTD\LaravelMCP\Tests\Unit\Commands\MakePromptCommandTest" classname="JTD.LaravelMCP.Tests.Unit.Commands.MakePromptCommandTest" assertions="3" time="0.006991"/>
        <testcase name="it_validates_variables_json" file="/home/jeremyfall/Internal/JTD-Packages/laravel-mcp.git/main/tests/Unit/Commands/MakePromptCommandTest.php" line="151" class="JTD\LaravelMCP\Tests\Unit\Commands\MakePromptCommandTest" classname="JTD.LaravelMCP.Tests.Unit.Commands.MakePromptCommandTest" assertions="3" time="0.007294"/>
        <testcase name="it_creates_prompt_file_successfully" file="/home/jeremyfall/Internal/JTD-Packages/laravel-mcp.git/main/tests/Unit/Commands/MakePromptCommandTest.php" line="115" class="JTD\LaravelMCP\Tests\Unit\Commands\MakePromptCommandTest" classname="JTD.LaravelMCP.Tests.Unit.Commands.MakePromptCommandTest" assertions="6" time="0.007151"/>
        <testcase name="it_handles_nonexistent_template_gracefully" file="/home/jeremyfall/Internal/JTD-Packages/laravel-mcp.git/main/tests/Unit/Commands/MakePromptCommandTest.php" line="213" class="JTD\LaravelMCP\Tests\Unit\Commands\MakePromptCommandTest" classname="JTD.LaravelMCP.Tests.Unit.Commands.MakePromptCommandTest" assertions="2" time="0.007387"/>
        <testcase name="it_handles_nested_namespaces" file="/home/jeremyfall/Internal/JTD-Packages/laravel-mcp.git/main/tests/Unit/Commands/MakePromptCommandTest.php" line="248" class="JTD\LaravelMCP\Tests\Unit\Commands\MakePromptCommandTest" classname="JTD.LaravelMCP.Tests.Unit.Commands.MakePromptCommandTest" assertions="5" time="0.006970"/>
        <testcase name="it_handles_force_option_to_overwrite_existing_files" file="/home/jeremyfall/Internal/JTD-Packages/laravel-mcp.git/main/tests/Unit/Commands/MakePromptCommandTest.php" line="265" class="JTD\LaravelMCP\Tests\Unit\Commands\MakePromptCommandTest" classname="JTD.LaravelMCP.Tests.Unit.Commands.MakePromptCommandTest" assertions="2" time="0.008263"/>
        <testcase name="it_generates_description_with_template_context" file="/home/jeremyfall/Internal/JTD-Packages/laravel-mcp.git/main/tests/Unit/Commands/MakePromptCommandTest.php" line="301" class="JTD\LaravelMCP\Tests\Unit\Commands\MakePromptCommandTest" classname="JTD.LaravelMCP.Tests.Unit.Commands.MakePromptCommandTest" assertions="2" time="0.007441"/>
        <testcase name="it_handles_empty_options_gracefully" file="/home/jeremyfall/Internal/JTD-Packages/laravel-mcp.git/main/tests/Unit/Commands/MakePromptCommandTest.php" line="319" class="JTD\LaravelMCP\Tests\Unit\Commands\MakePromptCommandTest" classname="JTD.LaravelMCP.Tests.Unit.Commands.MakePromptCommandTest" assertions="2" time="0.006978"/>
        <testcase name="it_displays_success_message_with_details" file="/home/jeremyfall/Internal/JTD-Packages/laravel-mcp.git/main/tests/Unit/Commands/MakePromptCommandTest.php" line="280" class="JTD\LaravelMCP\Tests\Unit\Commands\MakePromptCommandTest" classname="JTD.LaravelMCP.Tests.Unit.Commands.MakePromptCommandTest" assertions="7" time="0.007876"/>
        <testcase name="it_extends_generator_command" file="/home/jeremyfall/Internal/JTD-Packages/laravel-mcp.git/main/tests/Unit/Commands/MakePromptCommandTest.php" line="61" class="JTD\LaravelMCP\Tests\Unit\Commands\MakePromptCommandTest" classname="JTD.LaravelMCP.Tests.Unit.Commands.MakePromptCommandTest" assertions="1" time="0.005654"/>
        <testcase name="it_returns_correct_stub_path" file="/home/jeremyfall/Internal/JTD-Packages/laravel-mcp.git/main/tests/Unit/Commands/MakePromptCommandTest.php" line="79" class="JTD\LaravelMCP\Tests\Unit\Commands\MakePromptCommandTest" classname="JTD.LaravelMCP.Tests.Unit.Commands.MakePromptCommandTest" assertions="1" time="0.005349"/>
        <testcase name="it_returns_correct_default_namespace" file="/home/jeremyfall/Internal/JTD-Packages/laravel-mcp.git/main/tests/Unit/Commands/MakePromptCommandTest.php" line="91" class="JTD\LaravelMCP\Tests\Unit\Commands\MakePromptCommandTest" classname="JTD.LaravelMCP.Tests.Unit.Commands.MakePromptCommandTest" assertions="1" time="0.005685"/>
        <testcase name="it_generates_correct_prompt_name_from_class" file="/home/jeremyfall/Internal/JTD-Packages/laravel-mcp.git/main/tests/Unit/Commands/MakePromptCommandTest.php" line="103" class="JTD\LaravelMCP\Tests\Unit\Commands\MakePromptCommandTest" classname="JTD.LaravelMCP.Tests.Unit.Commands.MakePromptCommandTest" assertions="3" time="0.005743"/>
        <testcase name="it_has_correct_signature" file="/home/jeremyfall/Internal/JTD-Packages/laravel-mcp.git/main/tests/Unit/Commands/MakePromptCommandTest.php" line="67" class="JTD\LaravelMCP\Tests\Unit\Commands\MakePromptCommandTest" classname="JTD.LaravelMCP.Tests.Unit.Commands.MakePromptCommandTest" assertions="1" time="0.005569"/>
        <testcase name="it_has_correct_description" file="/home/jeremyfall/Internal/JTD-Packages/laravel-mcp.git/main/tests/Unit/Commands/MakePromptCommandTest.php" line="73" class="JTD\LaravelMCP\Tests\Unit\Commands\MakePromptCommandTest" classname="JTD.LaravelMCP.Tests.Unit.Commands.MakePromptCommandTest" assertions="1" time="0.005367"/>
        <testcase name="it_validates_invalid_class_names" file="/home/jeremyfall/Internal/JTD-Packages/laravel-mcp.git/main/tests/Unit/Commands/MakePromptCommandTest.php" line="201" class="JTD\LaravelMCP\Tests\Unit\Commands\MakePromptCommandTest" classname="JTD.LaravelMCP.Tests.Unit.Commands.MakePromptCommandTest" assertions="2" time="0.005264"/>
      </testsuite>
      <testsuite name="JTD\LaravelMCP\Tests\Unit\Commands\MakeResourceCommandTest" file="/home/jeremyfall/Internal/JTD-Packages/laravel-mcp.git/main/tests/Unit/Commands/MakeResourceCommandTest.php" tests="18" assertions="47" errors="0" failures="0" skipped="0" time="0.115223">
        <testcase name="it_qualifies_model_class_correctly" file="/home/jeremyfall/Internal/JTD-Packages/laravel-mcp.git/main/tests/Unit/Commands/MakeResourceCommandTest.php" line="289" class="JTD\LaravelMCP\Tests\Unit\Commands\MakeResourceCommandTest" classname="JTD.LaravelMCP.Tests.Unit.Commands.MakeResourceCommandTest" assertions="3" time="0.004749"/>
        <testcase name="it_handles_filesystem_errors_gracefully" file="/home/jeremyfall/Internal/JTD-Packages/laravel-mcp.git/main/tests/Unit/Commands/MakeResourceCommandTest.php" line="309" class="JTD\LaravelMCP\Tests\Unit\Commands\MakeResourceCommandTest" classname="JTD.LaravelMCP.Tests.Unit.Commands.MakeResourceCommandTest" assertions="2" time="0.005298"/>
        <testcase name="it_creates_resource_file_successfully" file="/home/jeremyfall/Internal/JTD-Packages/laravel-mcp.git/main/tests/Unit/Commands/MakeResourceCommandTest.php" line="115" class="JTD\LaravelMCP\Tests\Unit\Commands\MakeResourceCommandTest" classname="JTD.LaravelMCP.Tests.Unit.Commands.MakeResourceCommandTest" assertions="6" time="0.006861"/>
        <testcase name="it_creates_resource_with_custom_uri_template" file="/home/jeremyfall/Internal/JTD-Packages/laravel-mcp.git/main/tests/Unit/Commands/MakeResourceCommandTest.php" line="152" class="JTD\LaravelMCP\Tests\Unit\Commands\MakeResourceCommandTest" classname="JTD.LaravelMCP.Tests.Unit.Commands.MakeResourceCommandTest" assertions="3" time="0.006995"/>
        <testcase name="it_validates_uri_template_format" file="/home/jeremyfall/Internal/JTD-Packages/laravel-mcp.git/main/tests/Unit/Commands/MakeResourceCommandTest.php" line="182" class="JTD\LaravelMCP\Tests\Unit\Commands\MakeResourceCommandTest" classname="JTD.LaravelMCP.Tests.Unit.Commands.MakeResourceCommandTest" assertions="3" time="0.006296"/>
        <testcase name="it_displays_success_message_with_details" file="/home/jeremyfall/Internal/JTD-Packages/laravel-mcp.git/main/tests/Unit/Commands/MakeResourceCommandTest.php" line="252" class="JTD\LaravelMCP\Tests\Unit\Commands\MakeResourceCommandTest" classname="JTD.LaravelMCP.Tests.Unit.Commands.MakeResourceCommandTest" assertions="6" time="0.007594"/>
        <testcase name="it_generates_appropriate_uri_for_model_resources" file="/home/jeremyfall/Internal/JTD-Packages/laravel-mcp.git/main/tests/Unit/Commands/MakeResourceCommandTest.php" line="271" class="JTD\LaravelMCP\Tests\Unit\Commands\MakeResourceCommandTest" classname="JTD.LaravelMCP.Tests.Unit.Commands.MakeResourceCommandTest" assertions="2" time="0.006792"/>
        <testcase name="it_creates_resource_with_model_integration" file="/home/jeremyfall/Internal/JTD-Packages/laravel-mcp.git/main/tests/Unit/Commands/MakeResourceCommandTest.php" line="133" class="JTD\LaravelMCP\Tests\Unit\Commands\MakeResourceCommandTest" classname="JTD.LaravelMCP.Tests.Unit.Commands.MakeResourceCommandTest" assertions="4" time="0.006901"/>
        <testcase name="it_handles_nonexistent_model_gracefully" file="/home/jeremyfall/Internal/JTD-Packages/laravel-mcp.git/main/tests/Unit/Commands/MakeResourceCommandTest.php" line="205" class="JTD\LaravelMCP\Tests\Unit\Commands\MakeResourceCommandTest" classname="JTD.LaravelMCP.Tests.Unit.Commands.MakeResourceCommandTest" assertions="2" time="0.006472"/>
        <testcase name="it_handles_nested_namespaces" file="/home/jeremyfall/Internal/JTD-Packages/laravel-mcp.git/main/tests/Unit/Commands/MakeResourceCommandTest.php" line="221" class="JTD\LaravelMCP\Tests\Unit\Commands\MakeResourceCommandTest" classname="JTD.LaravelMCP.Tests.Unit.Commands.MakeResourceCommandTest" assertions="4" time="0.006639"/>
        <testcase name="it_handles_force_option_to_overwrite_existing_files" file="/home/jeremyfall/Internal/JTD-Packages/laravel-mcp.git/main/tests/Unit/Commands/MakeResourceCommandTest.php" line="237" class="JTD\LaravelMCP\Tests\Unit\Commands\MakeResourceCommandTest" classname="JTD.LaravelMCP.Tests.Unit.Commands.MakeResourceCommandTest" assertions="2" time="0.007389"/>
        <testcase name="it_extends_generator_command" file="/home/jeremyfall/Internal/JTD-Packages/laravel-mcp.git/main/tests/Unit/Commands/MakeResourceCommandTest.php" line="61" class="JTD\LaravelMCP\Tests\Unit\Commands\MakeResourceCommandTest" classname="JTD.LaravelMCP.Tests.Unit.Commands.MakeResourceCommandTest" assertions="1" time="0.005270"/>
        <testcase name="it_has_correct_signature" file="/home/jeremyfall/Internal/JTD-Packages/laravel-mcp.git/main/tests/Unit/Commands/MakeResourceCommandTest.php" line="67" class="JTD\LaravelMCP\Tests\Unit\Commands\MakeResourceCommandTest" classname="JTD.LaravelMCP.Tests.Unit.Commands.MakeResourceCommandTest" assertions="1" time="0.005334"/>
        <testcase name="it_has_correct_description" file="/home/jeremyfall/Internal/JTD-Packages/laravel-mcp.git/main/tests/Unit/Commands/MakeResourceCommandTest.php" line="73" class="JTD\LaravelMCP\Tests\Unit\Commands\MakeResourceCommandTest" classname="JTD.LaravelMCP.Tests.Unit.Commands.MakeResourceCommandTest" assertions="1" time="0.005106"/>
        <testcase name="it_returns_correct_stub_path" file="/home/jeremyfall/Internal/JTD-Packages/laravel-mcp.git/main/tests/Unit/Commands/MakeResourceCommandTest.php" line="79" class="JTD\LaravelMCP\Tests\Unit\Commands\MakeResourceCommandTest" classname="JTD.LaravelMCP.Tests.Unit.Commands.MakeResourceCommandTest" assertions="1" time="0.005435"/>
        <testcase name="it_returns_correct_default_namespace" file="/home/jeremyfall/Internal/JTD-Packages/laravel-mcp.git/main/tests/Unit/Commands/MakeResourceCommandTest.php" line="91" class="JTD\LaravelMCP\Tests\Unit\Commands\MakeResourceCommandTest" classname="JTD.LaravelMCP.Tests.Unit.Commands.MakeResourceCommandTest" assertions="1" time="0.005197"/>
        <testcase name="it_generates_correct_resource_name_from_class" file="/home/jeremyfall/Internal/JTD-Packages/laravel-mcp.git/main/tests/Unit/Commands/MakeResourceCommandTest.php" line="103" class="JTD\LaravelMCP\Tests\Unit\Commands\MakeResourceCommandTest" classname="JTD.LaravelMCP.Tests.Unit.Commands.MakeResourceCommandTest" assertions="3" time="0.005803"/>
        <testcase name="it_validates_invalid_class_names" file="/home/jeremyfall/Internal/JTD-Packages/laravel-mcp.git/main/tests/Unit/Commands/MakeResourceCommandTest.php" line="170" class="JTD\LaravelMCP\Tests\Unit\Commands\MakeResourceCommandTest" classname="JTD.LaravelMCP.Tests.Unit.Commands.MakeResourceCommandTest" assertions="2" time="0.011095"/>
      </testsuite>
      <testsuite name="JTD\LaravelMCP\Tests\Unit\Commands\MakeToolCommandTest" file="/home/jeremyfall/Internal/JTD-Packages/laravel-mcp.git/main/tests/Unit/Commands/MakeToolCommandTest.php" tests="15" assertions="38" errors="0" failures="0" skipped="0" time="0.090254">
        <testcase name="it_handles_filesystem_errors_gracefully" file="/home/jeremyfall/Internal/JTD-Packages/laravel-mcp.git/main/tests/Unit/Commands/MakeToolCommandTest.php" line="254" class="JTD\LaravelMCP\Tests\Unit\Commands\MakeToolCommandTest" classname="JTD.LaravelMCP.Tests.Unit.Commands.MakeToolCommandTest" assertions="2" time="0.005149"/>
        <testcase name="it_creates_tool_with_custom_description" file="/home/jeremyfall/Internal/JTD-Packages/laravel-mcp.git/main/tests/Unit/Commands/MakeToolCommandTest.php" line="133" class="JTD\LaravelMCP\Tests\Unit\Commands\MakeToolCommandTest" classname="JTD.LaravelMCP.Tests.Unit.Commands.MakeToolCommandTest" assertions="4" time="0.006772"/>
        <testcase name="it_generates_default_description_when_none_provided" file="/home/jeremyfall/Internal/JTD-Packages/laravel-mcp.git/main/tests/Unit/Commands/MakeToolCommandTest.php" line="207" class="JTD\LaravelMCP\Tests\Unit\Commands\MakeToolCommandTest" classname="JTD.LaravelMCP.Tests.Unit.Commands.MakeToolCommandTest" assertions="2" time="0.006929"/>
        <testcase name="it_handles_nested_namespaces" file="/home/jeremyfall/Internal/JTD-Packages/laravel-mcp.git/main/tests/Unit/Commands/MakeToolCommandTest.php" line="222" class="JTD\LaravelMCP\Tests\Unit\Commands\MakeToolCommandTest" classname="JTD.LaravelMCP.Tests.Unit.Commands.MakeToolCommandTest" assertions="5" time="0.006460"/>
        <testcase name="it_creates_tool_file_successfully" file="/home/jeremyfall/Internal/JTD-Packages/laravel-mcp.git/main/tests/Unit/Commands/MakeToolCommandTest.php" line="116" class="JTD\LaravelMCP\Tests\Unit\Commands\MakeToolCommandTest" classname="JTD.LaravelMCP.Tests.Unit.Commands.MakeToolCommandTest" assertions="5" time="0.006110"/>
        <testcase name="it_validates_parameters_json" file="/home/jeremyfall/Internal/JTD-Packages/laravel-mcp.git/main/tests/Unit/Commands/MakeToolCommandTest.php" line="152" class="JTD\LaravelMCP\Tests\Unit\Commands\MakeToolCommandTest" classname="JTD.LaravelMCP.Tests.Unit.Commands.MakeToolCommandTest" assertions="3" time="0.006465"/>
        <testcase name="it_displays_success_message_with_details" file="/home/jeremyfall/Internal/JTD-Packages/laravel-mcp.git/main/tests/Unit/Commands/MakeToolCommandTest.php" line="239" class="JTD\LaravelMCP\Tests\Unit\Commands\MakeToolCommandTest" classname="JTD.LaravelMCP.Tests.Unit.Commands.MakeToolCommandTest" assertions="5" time="0.006564"/>
        <testcase name="it_handles_force_option_to_overwrite_existing_files" file="/home/jeremyfall/Internal/JTD-Packages/laravel-mcp.git/main/tests/Unit/Commands/MakeToolCommandTest.php" line="187" class="JTD\LaravelMCP\Tests\Unit\Commands\MakeToolCommandTest" classname="JTD.LaravelMCP.Tests.Unit.Commands.MakeToolCommandTest" assertions="2" time="0.007997"/>
        <testcase name="it_extends_generator_command" file="/home/jeremyfall/Internal/JTD-Packages/laravel-mcp.git/main/tests/Unit/Commands/MakeToolCommandTest.php" line="62" class="JTD\LaravelMCP\Tests\Unit\Commands\MakeToolCommandTest" classname="JTD.LaravelMCP.Tests.Unit.Commands.MakeToolCommandTest" assertions="1" time="0.004969"/>
        <testcase name="it_has_correct_description" file="/home/jeremyfall/Internal/JTD-Packages/laravel-mcp.git/main/tests/Unit/Commands/MakeToolCommandTest.php" line="74" class="JTD\LaravelMCP\Tests\Unit\Commands\MakeToolCommandTest" classname="JTD.LaravelMCP.Tests.Unit.Commands.MakeToolCommandTest" assertions="1" time="0.004986"/>
        <testcase name="it_has_correct_signature" file="/home/jeremyfall/Internal/JTD-Packages/laravel-mcp.git/main/tests/Unit/Commands/MakeToolCommandTest.php" line="68" class="JTD\LaravelMCP\Tests\Unit\Commands\MakeToolCommandTest" classname="JTD.LaravelMCP.Tests.Unit.Commands.MakeToolCommandTest" assertions="1" time="0.005269"/>
        <testcase name="it_returns_correct_stub_path" file="/home/jeremyfall/Internal/JTD-Packages/laravel-mcp.git/main/tests/Unit/Commands/MakeToolCommandTest.php" line="80" class="JTD\LaravelMCP\Tests\Unit\Commands\MakeToolCommandTest" classname="JTD.LaravelMCP.Tests.Unit.Commands.MakeToolCommandTest" assertions="1" time="0.005754"/>
        <testcase name="it_returns_correct_default_namespace" file="/home/jeremyfall/Internal/JTD-Packages/laravel-mcp.git/main/tests/Unit/Commands/MakeToolCommandTest.php" line="92" class="JTD\LaravelMCP\Tests\Unit\Commands\MakeToolCommandTest" classname="JTD.LaravelMCP.Tests.Unit.Commands.MakeToolCommandTest" assertions="1" time="0.005881"/>
        <testcase name="it_generates_correct_tool_name_from_class" file="/home/jeremyfall/Internal/JTD-Packages/laravel-mcp.git/main/tests/Unit/Commands/MakeToolCommandTest.php" line="104" class="JTD\LaravelMCP\Tests\Unit\Commands\MakeToolCommandTest" classname="JTD.LaravelMCP.Tests.Unit.Commands.MakeToolCommandTest" assertions="3" time="0.005417"/>
        <testcase name="it_handles_invalid_class_names" file="/home/jeremyfall/Internal/JTD-Packages/laravel-mcp.git/main/tests/Unit/Commands/MakeToolCommandTest.php" line="175" class="JTD\LaravelMCP\Tests\Unit\Commands\MakeToolCommandTest" classname="JTD.LaravelMCP.Tests.Unit.Commands.MakeToolCommandTest" assertions="2" time="0.005531"/>
      </testsuite>
      <testsuite name="JTD\LaravelMCP\Tests\Unit\Commands\ServeCommandTest" file="/home/jeremyfall/Internal/JTD-Packages/laravel-mcp.git/main/tests/Unit/Commands/ServeCommandTest.php" tests="18" assertions="59" errors="0" failures="0" skipped="0" time="1.100960">
        <testcase name="it_validates_invalid_transport_type" file="/home/jeremyfall/Internal/JTD-Packages/laravel-mcp.git/main/tests/Unit/Commands/ServeCommandTest.php" line="238" class="JTD\LaravelMCP\Tests\Unit\Commands\ServeCommandTest" classname="JTD.LaravelMCP.Tests.Unit.Commands.ServeCommandTest" assertions="3" time="0.005310"/>
        <testcase name="it_has_correct_command_signature" file="/home/jeremyfall/Internal/JTD-Packages/laravel-mcp.git/main/tests/Unit/Commands/ServeCommandTest.php" line="83" class="JTD\LaravelMCP\Tests\Unit\Commands\ServeCommandTest" classname="JTD.LaravelMCP.Tests.Unit.Commands.ServeCommandTest" assertions="12" time="0.004580"/>
        <testcase name="it_validates_disabled_transport" file="/home/jeremyfall/Internal/JTD-Packages/laravel-mcp.git/main/tests/Unit/Commands/ServeCommandTest.php" line="255" class="JTD\LaravelMCP\Tests\Unit\Commands\ServeCommandTest" classname="JTD.LaravelMCP.Tests.Unit.Commands.ServeCommandTest" assertions="3" time="0.005458"/>
        <testcase name="it_validates_unregistered_transport_in_manager" file="/home/jeremyfall/Internal/JTD-Packages/laravel-mcp.git/main/tests/Unit/Commands/ServeCommandTest.php" line="279" class="JTD\LaravelMCP\Tests\Unit\Commands\ServeCommandTest" classname="JTD.LaravelMCP.Tests.Unit.Commands.ServeCommandTest" assertions="3" time="0.005433"/>
        <testcase name="it_validates_timeout_option" file="/home/jeremyfall/Internal/JTD-Packages/laravel-mcp.git/main/tests/Unit/Commands/ServeCommandTest.php" line="312" class="JTD\LaravelMCP\Tests\Unit\Commands\ServeCommandTest" classname="JTD.LaravelMCP.Tests.Unit.Commands.ServeCommandTest" assertions="4" time="0.005393"/>
        <testcase name="it_validates_port_option_for_http_transport" file="/home/jeremyfall/Internal/JTD-Packages/laravel-mcp.git/main/tests/Unit/Commands/ServeCommandTest.php" line="336" class="JTD\LaravelMCP\Tests\Unit\Commands\ServeCommandTest" classname="JTD.LaravelMCP.Tests.Unit.Commands.ServeCommandTest" assertions="4" time="0.005537"/>
        <testcase name="it_handles_transport_creation_failure" file="/home/jeremyfall/Internal/JTD-Packages/laravel-mcp.git/main/tests/Unit/Commands/ServeCommandTest.php" line="392" class="JTD\LaravelMCP\Tests\Unit\Commands\ServeCommandTest" classname="JTD.LaravelMCP.Tests.Unit.Commands.ServeCommandTest" assertions="2" time="0.005416"/>
        <testcase name="it_handles_stdio_transport_errors" file="/home/jeremyfall/Internal/JTD-Packages/laravel-mcp.git/main/tests/Unit/Commands/ServeCommandTest.php" line="413" class="JTD\LaravelMCP\Tests\Unit\Commands\ServeCommandTest" classname="JTD.LaravelMCP.Tests.Unit.Commands.ServeCommandTest" assertions="3" time="0.005369"/>
        <testcase name="it_builds_correct_transport_configuration" file="/home/jeremyfall/Internal/JTD-Packages/laravel-mcp.git/main/tests/Unit/Commands/ServeCommandTest.php" line="444" class="JTD\LaravelMCP\Tests\Unit\Commands\ServeCommandTest" classname="JTD.LaravelMCP.Tests.Unit.Commands.ServeCommandTest" assertions="1" time="0.005785"/>
        <testcase name="it_handles_invalid_transport_instance" file="/home/jeremyfall/Internal/JTD-Packages/laravel-mcp.git/main/tests/Unit/Commands/ServeCommandTest.php" line="498" class="JTD\LaravelMCP\Tests\Unit\Commands\ServeCommandTest" classname="JTD.LaravelMCP.Tests.Unit.Commands.ServeCommandTest" assertions="2" time="0.005170"/>
        <testcase name="it_configures_server_info_correctly" file="/home/jeremyfall/Internal/JTD-Packages/laravel-mcp.git/main/tests/Unit/Commands/ServeCommandTest.php" line="556" class="JTD\LaravelMCP\Tests\Unit\Commands\ServeCommandTest" classname="JTD.LaravelMCP.Tests.Unit.Commands.ServeCommandTest" assertions="1" time="0.005731"/>
        <testcase name="it_returns_error_when_mcp_is_disabled" file="/home/jeremyfall/Internal/JTD-Packages/laravel-mcp.git/main/tests/Unit/Commands/ServeCommandTest.php" line="625" class="JTD\LaravelMCP\Tests\Unit\Commands\ServeCommandTest" classname="JTD.LaravelMCP.Tests.Unit.Commands.ServeCommandTest" assertions="2" time="0.005212"/>
        <testcase name="it_attempts_reconnection_for_http_transport" file="/home/jeremyfall/Internal/JTD-Packages/laravel-mcp.git/main/tests/Unit/Commands/ServeCommandTest.php" line="642" class="JTD\LaravelMCP\Tests\Unit\Commands\ServeCommandTest" classname="JTD.LaravelMCP.Tests.Unit.Commands.ServeCommandTest" assertions="2" time="0.005876"/>
        <testcase name="it_starts_stdio_transport_successfully" file="/home/jeremyfall/Internal/JTD-Packages/laravel-mcp.git/main/tests/Unit/Commands/ServeCommandTest.php" line="112" class="JTD\LaravelMCP\Tests\Unit\Commands\ServeCommandTest" classname="JTD.LaravelMCP.Tests.Unit.Commands.ServeCommandTest" assertions="5" time="0.005804"/>
        <testcase name="it_starts_http_transport_successfully" file="/home/jeremyfall/Internal/JTD-Packages/laravel-mcp.git/main/tests/Unit/Commands/ServeCommandTest.php" line="156" class="JTD\LaravelMCP\Tests\Unit\Commands\ServeCommandTest" classname="JTD.LaravelMCP.Tests.Unit.Commands.ServeCommandTest" assertions="7" time="0.005814"/>
        <testcase name="it_enables_debug_mode" file="/home/jeremyfall/Internal/JTD-Packages/laravel-mcp.git/main/tests/Unit/Commands/ServeCommandTest.php" line="360" class="JTD\LaravelMCP\Tests\Unit\Commands\ServeCommandTest" classname="JTD.LaravelMCP.Tests.Unit.Commands.ServeCommandTest" assertions="2" time="0.006168"/>
        <testcase name="it_displays_transport_stats_in_verbose_mode" file="/home/jeremyfall/Internal/JTD-Packages/laravel-mcp.git/main/tests/Unit/Commands/ServeCommandTest.php" line="588" class="JTD\LaravelMCP\Tests\Unit\Commands\ServeCommandTest" classname="JTD.LaravelMCP.Tests.Unit.Commands.ServeCommandTest" assertions="2" time="0.006051"/>
        <testcase name="it_handles_shutdown_signals_with_pcntl" file="/home/jeremyfall/Internal/JTD-Packages/laravel-mcp.git/main/tests/Unit/Commands/ServeCommandTest.php" line="527" class="JTD\LaravelMCP\Tests\Unit\Commands\ServeCommandTest" classname="JTD.LaravelMCP.Tests.Unit.Commands.ServeCommandTest" assertions="1" time="1.006852"/>
      </testsuite>
      <testsuite name="JTD\LaravelMCP\Tests\Unit\Exceptions\McpExceptionTest" file="/home/jeremyfall/Internal/JTD-Packages/laravel-mcp.git/main/tests/Unit/Exceptions/McpExceptionTest.php" tests="22" assertions="76" errors="0" failures="0" skipped="0" time="0.110143">
        <testcase name="test_exception_with_data" file="/home/jeremyfall/Internal/JTD-Packages/laravel-mcp.git/main/tests/Unit/Exceptions/McpExceptionTest.php" line="30" class="JTD\LaravelMCP\Tests\Unit\Exceptions\McpExceptionTest" classname="JTD.LaravelMCP.Tests.Unit.Exceptions.McpExceptionTest" assertions="1" time="0.006276"/>
        <testcase name="test_exception_with_previous" file="/home/jeremyfall/Internal/JTD-Packages/laravel-mcp.git/main/tests/Unit/Exceptions/McpExceptionTest.php" line="52" class="JTD\LaravelMCP\Tests\Unit\Exceptions\McpExceptionTest" classname="JTD.LaravelMCP.Tests.Unit.Exceptions.McpExceptionTest" assertions="1" time="0.004980"/>
        <testcase name="test_set_data" file="/home/jeremyfall/Internal/JTD-Packages/laravel-mcp.git/main/tests/Unit/Exceptions/McpExceptionTest.php" line="63" class="JTD\LaravelMCP\Tests\Unit\Exceptions\McpExceptionTest" classname="JTD.LaravelMCP.Tests.Unit.Exceptions.McpExceptionTest" assertions="1" time="0.004375"/>
        <testcase name="test_set_context" file="/home/jeremyfall/Internal/JTD-Packages/laravel-mcp.git/main/tests/Unit/Exceptions/McpExceptionTest.php" line="76" class="JTD\LaravelMCP\Tests\Unit\Exceptions\McpExceptionTest" classname="JTD.LaravelMCP.Tests.Unit.Exceptions.McpExceptionTest" assertions="1" time="0.005091"/>
        <testcase name="test_add_context" file="/home/jeremyfall/Internal/JTD-Packages/laravel-mcp.git/main/tests/Unit/Exceptions/McpExceptionTest.php" line="89" class="JTD\LaravelMCP\Tests\Unit\Exceptions\McpExceptionTest" classname="JTD.LaravelMCP.Tests.Unit.Exceptions.McpExceptionTest" assertions="2" time="0.004550"/>
        <testcase name="test_to_array_with_previous" file="/home/jeremyfall/Internal/JTD-Packages/laravel-mcp.git/main/tests/Unit/Exceptions/McpExceptionTest.php" line="124" class="JTD\LaravelMCP\Tests\Unit\Exceptions\McpExceptionTest" classname="JTD.LaravelMCP.Tests.Unit.Exceptions.McpExceptionTest" assertions="4" time="0.005511"/>
        <testcase name="test_to_json" file="/home/jeremyfall/Internal/JTD-Packages/laravel-mcp.git/main/tests/Unit/Exceptions/McpExceptionTest.php" line="140" class="JTD\LaravelMCP\Tests\Unit\Exceptions\McpExceptionTest" classname="JTD.LaravelMCP.Tests.Unit.Exceptions.McpExceptionTest" assertions="3" time="0.004569"/>
        <testcase name="test_get_error_type_json_rpc" file="/home/jeremyfall/Internal/JTD-Packages/laravel-mcp.git/main/tests/Unit/Exceptions/McpExceptionTest.php" line="156" class="JTD\LaravelMCP\Tests\Unit\Exceptions\McpExceptionTest" classname="JTD.LaravelMCP.Tests.Unit.Exceptions.McpExceptionTest" assertions="9" time="0.005017"/>
        <testcase name="test_is_client_error" file="/home/jeremyfall/Internal/JTD-Packages/laravel-mcp.git/main/tests/Unit/Exceptions/McpExceptionTest.php" line="179" class="JTD\LaravelMCP\Tests\Unit\Exceptions\McpExceptionTest" classname="JTD.LaravelMCP.Tests.Unit.Exceptions.McpExceptionTest" assertions="7" time="0.005103"/>
        <testcase name="test_is_server_error" file="/home/jeremyfall/Internal/JTD-Packages/laravel-mcp.git/main/tests/Unit/Exceptions/McpExceptionTest.php" line="198" class="JTD\LaravelMCP\Tests\Unit\Exceptions\McpExceptionTest" classname="JTD.LaravelMCP.Tests.Unit.Exceptions.McpExceptionTest" assertions="8" time="0.005044"/>
        <testcase name="test_static_parse_error" file="/home/jeremyfall/Internal/JTD-Packages/laravel-mcp.git/main/tests/Unit/Exceptions/McpExceptionTest.php" line="217" class="JTD\LaravelMCP\Tests\Unit\Exceptions\McpExceptionTest" classname="JTD.LaravelMCP.Tests.Unit.Exceptions.McpExceptionTest" assertions="3" time="0.005167"/>
        <testcase name="test_static_invalid_request" file="/home/jeremyfall/Internal/JTD-Packages/laravel-mcp.git/main/tests/Unit/Exceptions/McpExceptionTest.php" line="229" class="JTD\LaravelMCP\Tests\Unit\Exceptions\McpExceptionTest" classname="JTD.LaravelMCP.Tests.Unit.Exceptions.McpExceptionTest" assertions="3" time="0.004986"/>
        <testcase name="test_static_invalid_params" file="/home/jeremyfall/Internal/JTD-Packages/laravel-mcp.git/main/tests/Unit/Exceptions/McpExceptionTest.php" line="253" class="JTD\LaravelMCP\Tests\Unit\Exceptions\McpExceptionTest" classname="JTD.LaravelMCP.Tests.Unit.Exceptions.McpExceptionTest" assertions="3" time="0.004901"/>
        <testcase name="test_static_internal_error" file="/home/jeremyfall/Internal/JTD-Packages/laravel-mcp.git/main/tests/Unit/Exceptions/McpExceptionTest.php" line="265" class="JTD\LaravelMCP\Tests\Unit\Exceptions\McpExceptionTest" classname="JTD.LaravelMCP.Tests.Unit.Exceptions.McpExceptionTest" assertions="3" time="0.004687"/>
        <testcase name="test_static_application_error" file="/home/jeremyfall/Internal/JTD-Packages/laravel-mcp.git/main/tests/Unit/Exceptions/McpExceptionTest.php" line="277" class="JTD\LaravelMCP\Tests\Unit\Exceptions\McpExceptionTest" classname="JTD.LaravelMCP.Tests.Unit.Exceptions.McpExceptionTest" assertions="3" time="0.005048"/>
        <testcase name="test_static_from_throwable" file="/home/jeremyfall/Internal/JTD-Packages/laravel-mcp.git/main/tests/Unit/Exceptions/McpExceptionTest.php" line="289" class="JTD\LaravelMCP\Tests\Unit\Exceptions\McpExceptionTest" classname="JTD.LaravelMCP.Tests.Unit.Exceptions.McpExceptionTest" assertions="7" time="0.005145"/>
        <testcase name="test_from_throwable_with_custom_code" file="/home/jeremyfall/Internal/JTD-Packages/laravel-mcp.git/main/tests/Unit/Exceptions/McpExceptionTest.php" line="308" class="JTD\LaravelMCP\Tests\Unit\Exceptions\McpExceptionTest" classname="JTD.LaravelMCP.Tests.Unit.Exceptions.McpExceptionTest" assertions="1" time="0.004842"/>
        <testcase name="test_fluent_interface" file="/home/jeremyfall/Internal/JTD-Packages/laravel-mcp.git/main/tests/Unit/Exceptions/McpExceptionTest.php" line="319" class="JTD\LaravelMCP\Tests\Unit\Exceptions\McpExceptionTest" classname="JTD.LaravelMCP.Tests.Unit.Exceptions.McpExceptionTest" assertions="3" time="0.004688"/>
        <testcase name="test_basic_exception_creation" file="/home/jeremyfall/Internal/JTD-Packages/laravel-mcp.git/main/tests/Unit/Exceptions/McpExceptionTest.php" line="19" class="JTD\LaravelMCP\Tests\Unit\Exceptions\McpExceptionTest" classname="JTD.LaravelMCP.Tests.Unit.Exceptions.McpExceptionTest" assertions="2" time="0.004715"/>
        <testcase name="test_exception_with_context" file="/home/jeremyfall/Internal/JTD-Packages/laravel-mcp.git/main/tests/Unit/Exceptions/McpExceptionTest.php" line="41" class="JTD\LaravelMCP\Tests\Unit\Exceptions\McpExceptionTest" classname="JTD.LaravelMCP.Tests.Unit.Exceptions.McpExceptionTest" assertions="1" time="0.005133"/>
        <testcase name="test_to_array" file="/home/jeremyfall/Internal/JTD-Packages/laravel-mcp.git/main/tests/Unit/Exceptions/McpExceptionTest.php" line="103" class="JTD\LaravelMCP\Tests\Unit\Exceptions\McpExceptionTest" classname="JTD.LaravelMCP.Tests.Unit.Exceptions.McpExceptionTest" assertions="7" time="0.005340"/>
        <testcase name="test_static_method_not_found" file="/home/jeremyfall/Internal/JTD-Packages/laravel-mcp.git/main/tests/Unit/Exceptions/McpExceptionTest.php" line="241" class="JTD\LaravelMCP\Tests\Unit\Exceptions\McpExceptionTest" classname="JTD.LaravelMCP.Tests.Unit.Exceptions.McpExceptionTest" assertions="3" time="0.004976"/>
      </testsuite>
      <testsuite name="JTD\LaravelMCP\Tests\Unit\Http\Middleware\McpAuthMiddlewareTest" file="/home/jeremyfall/Internal/JTD-Packages/laravel-mcp.git/main/tests/Unit/Http/Middleware/McpAuthMiddlewareTest.php" tests="7" assertions="11" errors="0" failures="0" skipped="0" time="0.034360">
        <testcase name="it_passes_through_when_auth_disabled" file="/home/jeremyfall/Internal/JTD-Packages/laravel-mcp.git/main/tests/Unit/Http/Middleware/McpAuthMiddlewareTest.php" line="41" class="JTD\LaravelMCP\Tests\Unit\Http\Middleware\McpAuthMiddlewareTest" classname="JTD.LaravelMCP.Tests.Unit.Http.Middleware.McpAuthMiddlewareTest" assertions="1" time="0.004663"/>
        <testcase name="it_passes_through_when_no_api_key_configured" file="/home/jeremyfall/Internal/JTD-Packages/laravel-mcp.git/main/tests/Unit/Http/Middleware/McpAuthMiddlewareTest.php" line="61" class="JTD\LaravelMCP\Tests\Unit\Http\Middleware\McpAuthMiddlewareTest" classname="JTD.LaravelMCP.Tests.Unit.Http.Middleware.McpAuthMiddlewareTest" assertions="1" time="0.004781"/>
        <testcase name="it_authenticates_with_valid_api_key_in_header" file="/home/jeremyfall/Internal/JTD-Packages/laravel-mcp.git/main/tests/Unit/Http/Middleware/McpAuthMiddlewareTest.php" line="82" class="JTD\LaravelMCP\Tests\Unit\Http\Middleware\McpAuthMiddlewareTest" classname="JTD.LaravelMCP.Tests.Unit.Http.Middleware.McpAuthMiddlewareTest" assertions="1" time="0.004891"/>
        <testcase name="it_authenticates_with_valid_api_key_in_query" file="/home/jeremyfall/Internal/JTD-Packages/laravel-mcp.git/main/tests/Unit/Http/Middleware/McpAuthMiddlewareTest.php" line="104" class="JTD\LaravelMCP\Tests\Unit\Http\Middleware\McpAuthMiddlewareTest" classname="JTD.LaravelMCP.Tests.Unit.Http.Middleware.McpAuthMiddlewareTest" assertions="1" time="0.005237"/>
        <testcase name="it_rejects_invalid_api_key" file="/home/jeremyfall/Internal/JTD-Packages/laravel-mcp.git/main/tests/Unit/Http/Middleware/McpAuthMiddlewareTest.php" line="125" class="JTD\LaravelMCP\Tests\Unit\Http\Middleware\McpAuthMiddlewareTest" classname="JTD.LaravelMCP.Tests.Unit.Http.Middleware.McpAuthMiddlewareTest" assertions="3" time="0.004940"/>
        <testcase name="it_rejects_request_with_no_api_key_when_required" file="/home/jeremyfall/Internal/JTD-Packages/laravel-mcp.git/main/tests/Unit/Http/Middleware/McpAuthMiddlewareTest.php" line="150" class="JTD\LaravelMCP\Tests\Unit\Http\Middleware\McpAuthMiddlewareTest" classname="JTD.LaravelMCP.Tests.Unit.Http.Middleware.McpAuthMiddlewareTest" assertions="3" time="0.005120"/>
        <testcase name="it_prioritizes_header_over_query_parameter" file="/home/jeremyfall/Internal/JTD-Packages/laravel-mcp.git/main/tests/Unit/Http/Middleware/McpAuthMiddlewareTest.php" line="174" class="JTD\LaravelMCP\Tests\Unit\Http\Middleware\McpAuthMiddlewareTest" classname="JTD.LaravelMCP.Tests.Unit.Http.Middleware.McpAuthMiddlewareTest" assertions="1" time="0.004729"/>
      </testsuite>
      <testsuite name="JTD\LaravelMCP\Tests\Unit\Http\Middleware\McpCorsMiddlewareTest" file="/home/jeremyfall/Internal/JTD-Packages/laravel-mcp.git/main/tests/Unit/Http/Middleware/McpCorsMiddlewareTest.php" tests="8" assertions="23" errors="0" failures="0" skipped="0" time="0.040124">
        <testcase name="it_rejects_disallowed_origins" file="/home/jeremyfall/Internal/JTD-Packages/laravel-mcp.git/main/tests/Unit/Http/Middleware/McpCorsMiddlewareTest.php" line="122" class="JTD\LaravelMCP\Tests\Unit\Http\Middleware\McpCorsMiddlewareTest" classname="JTD.LaravelMCP.Tests.Unit.Http.Middleware.McpCorsMiddlewareTest" assertions="1" time="0.004843"/>
        <testcase name="it_allows_all_origins_with_wildcard" file="/home/jeremyfall/Internal/JTD-Packages/laravel-mcp.git/main/tests/Unit/Http/Middleware/McpCorsMiddlewareTest.php" line="145" class="JTD\LaravelMCP\Tests\Unit\Http\Middleware\McpCorsMiddlewareTest" classname="JTD.LaravelMCP.Tests.Unit.Http.Middleware.McpCorsMiddlewareTest" assertions="1" time="0.004672"/>
        <testcase name="it_adds_cors_headers_to_regular_requests" file="/home/jeremyfall/Internal/JTD-Packages/laravel-mcp.git/main/tests/Unit/Http/Middleware/McpCorsMiddlewareTest.php" line="40" class="JTD\LaravelMCP\Tests\Unit\Http\Middleware\McpCorsMiddlewareTest" classname="JTD.LaravelMCP.Tests.Unit.Http.Middleware.McpCorsMiddlewareTest" assertions="5" time="0.004841"/>
        <testcase name="it_handles_preflight_options_requests" file="/home/jeremyfall/Internal/JTD-Packages/laravel-mcp.git/main/tests/Unit/Http/Middleware/McpCorsMiddlewareTest.php" line="70" class="JTD\LaravelMCP\Tests\Unit\Http\Middleware\McpCorsMiddlewareTest" classname="JTD.LaravelMCP.Tests.Unit.Http.Middleware.McpCorsMiddlewareTest" assertions="5" time="0.005553"/>
        <testcase name="it_respects_specific_allowed_origins" file="/home/jeremyfall/Internal/JTD-Packages/laravel-mcp.git/main/tests/Unit/Http/Middleware/McpCorsMiddlewareTest.php" line="99" class="JTD\LaravelMCP\Tests\Unit\Http\Middleware\McpCorsMiddlewareTest" classname="JTD.LaravelMCP.Tests.Unit.Http.Middleware.McpCorsMiddlewareTest" assertions="1" time="0.004879"/>
        <testcase name="it_sets_default_origin_when_no_origin_header" file="/home/jeremyfall/Internal/JTD-Packages/laravel-mcp.git/main/tests/Unit/Http/Middleware/McpCorsMiddlewareTest.php" line="168" class="JTD\LaravelMCP\Tests\Unit\Http\Middleware\McpCorsMiddlewareTest" classname="JTD.LaravelMCP.Tests.Unit.Http.Middleware.McpCorsMiddlewareTest" assertions="1" time="0.005089"/>
        <testcase name="it_uses_default_configuration_values" file="/home/jeremyfall/Internal/JTD-Packages/laravel-mcp.git/main/tests/Unit/Http/Middleware/McpCorsMiddlewareTest.php" line="191" class="JTD\LaravelMCP\Tests\Unit\Http\Middleware\McpCorsMiddlewareTest" classname="JTD.LaravelMCP.Tests.Unit.Http.Middleware.McpCorsMiddlewareTest" assertions="6" time="0.005443"/>
        <testcase name="it_includes_mcp_specific_headers" file="/home/jeremyfall/Internal/JTD-Packages/laravel-mcp.git/main/tests/Unit/Http/Middleware/McpCorsMiddlewareTest.php" line="217" class="JTD\LaravelMCP\Tests\Unit\Http\Middleware\McpCorsMiddlewareTest" classname="JTD.LaravelMCP.Tests.Unit.Http.Middleware.McpCorsMiddlewareTest" assertions="3" time="0.004805"/>
      </testsuite>
      <testsuite name="JTD\LaravelMCP\Tests\Unit\LaravelMcpServiceProviderTest" file="/home/jeremyfall/Internal/JTD-Packages/laravel-mcp.git/main/tests/Unit/LaravelMcpServiceProviderTest.php" tests="39" assertions="94" errors="0" failures="0" skipped="0" time="0.213929">
        <testsuite name="JTD\LaravelMCP\Tests\Unit\LaravelMcpServiceProviderTest::it_resolves_individual_services" tests="9" assertions="9" errors="0" failures="0" skipped="0" time="0.046376">
          <testcase name="it_resolves_individual_services with data set &quot;McpRegistry&quot;" file="/home/jeremyfall/Internal/JTD-Packages/laravel-mcp.git/main/tests/Unit/LaravelMcpServiceProviderTest.php" line="520" class="JTD\LaravelMCP\Tests\Unit\LaravelMcpServiceProviderTest" classname="JTD.LaravelMCP.Tests.Unit.LaravelMcpServiceProviderTest" assertions="1" time="0.005671"/>
          <testcase name="it_resolves_individual_services with data set &quot;TransportManager&quot;" file="/home/jeremyfall/Internal/JTD-Packages/laravel-mcp.git/main/tests/Unit/LaravelMcpServiceProviderTest.php" line="520" class="JTD\LaravelMCP\Tests\Unit\LaravelMcpServiceProviderTest" classname="JTD.LaravelMCP.Tests.Unit.LaravelMcpServiceProviderTest" assertions="1" time="0.005289"/>
          <testcase name="it_resolves_individual_services with data set &quot;JsonRpcHandler&quot;" file="/home/jeremyfall/Internal/JTD-Packages/laravel-mcp.git/main/tests/Unit/LaravelMcpServiceProviderTest.php" line="520" class="JTD\LaravelMCP\Tests\Unit\LaravelMcpServiceProviderTest" classname="JTD.LaravelMCP.Tests.Unit.LaravelMcpServiceProviderTest" assertions="1" time="0.004934"/>
          <testcase name="it_resolves_individual_services with data set &quot;MessageProcessor&quot;" file="/home/jeremyfall/Internal/JTD-Packages/laravel-mcp.git/main/tests/Unit/LaravelMcpServiceProviderTest.php" line="520" class="JTD\LaravelMCP\Tests\Unit\LaravelMcpServiceProviderTest" classname="JTD.LaravelMCP.Tests.Unit.LaravelMcpServiceProviderTest" assertions="1" time="0.005023"/>
          <testcase name="it_resolves_individual_services with data set &quot;CapabilityNegotiator&quot;" file="/home/jeremyfall/Internal/JTD-Packages/laravel-mcp.git/main/tests/Unit/LaravelMcpServiceProviderTest.php" line="520" class="JTD\LaravelMCP\Tests\Unit\LaravelMcpServiceProviderTest" classname="JTD.LaravelMCP.Tests.Unit.LaravelMcpServiceProviderTest" assertions="1" time="0.005001"/>
          <testcase name="it_resolves_individual_services with data set &quot;ToolRegistry&quot;" file="/home/jeremyfall/Internal/JTD-Packages/laravel-mcp.git/main/tests/Unit/LaravelMcpServiceProviderTest.php" line="520" class="JTD\LaravelMCP\Tests\Unit\LaravelMcpServiceProviderTest" classname="JTD.LaravelMCP.Tests.Unit.LaravelMcpServiceProviderTest" assertions="1" time="0.005266"/>
          <testcase name="it_resolves_individual_services with data set &quot;ResourceRegistry&quot;" file="/home/jeremyfall/Internal/JTD-Packages/laravel-mcp.git/main/tests/Unit/LaravelMcpServiceProviderTest.php" line="520" class="JTD\LaravelMCP\Tests\Unit\LaravelMcpServiceProviderTest" classname="JTD.LaravelMCP.Tests.Unit.LaravelMcpServiceProviderTest" assertions="1" time="0.005109"/>
          <testcase name="it_resolves_individual_services with data set &quot;PromptRegistry&quot;" file="/home/jeremyfall/Internal/JTD-Packages/laravel-mcp.git/main/tests/Unit/LaravelMcpServiceProviderTest.php" line="520" class="JTD\LaravelMCP\Tests\Unit\LaravelMcpServiceProviderTest" classname="JTD.LaravelMCP.Tests.Unit.LaravelMcpServiceProviderTest" assertions="1" time="0.004959"/>
          <testcase name="it_resolves_individual_services with data set &quot;ComponentDiscovery&quot;" file="/home/jeremyfall/Internal/JTD-Packages/laravel-mcp.git/main/tests/Unit/LaravelMcpServiceProviderTest.php" line="520" class="JTD\LaravelMCP\Tests\Unit\LaravelMcpServiceProviderTest" classname="JTD.LaravelMCP.Tests.Unit.LaravelMcpServiceProviderTest" assertions="1" time="0.005124"/>
        </testsuite>
        <testcase name="it_detects_console_environment" file="/home/jeremyfall/Internal/JTD-Packages/laravel-mcp.git/main/tests/Unit/LaravelMcpServiceProviderTest.php" line="282" class="JTD\LaravelMCP\Tests\Unit\LaravelMcpServiceProviderTest" classname="JTD.LaravelMCP.Tests.Unit.LaravelMcpServiceProviderTest" assertions="1" time="0.004804"/>
        <testcase name="it_detects_testing_environment" file="/home/jeremyfall/Internal/JTD-Packages/laravel-mcp.git/main/tests/Unit/LaravelMcpServiceProviderTest.php" line="306" class="JTD\LaravelMCP\Tests\Unit\LaravelMcpServiceProviderTest" classname="JTD.LaravelMCP.Tests.Unit.LaravelMcpServiceProviderTest" assertions="1" time="0.005394"/>
        <testcase name="it_detects_web_environment" file="/home/jeremyfall/Internal/JTD-Packages/laravel-mcp.git/main/tests/Unit/LaravelMcpServiceProviderTest.php" line="330" class="JTD\LaravelMCP\Tests\Unit\LaravelMcpServiceProviderTest" classname="JTD.LaravelMCP.Tests.Unit.LaravelMcpServiceProviderTest" assertions="1" time="0.005329"/>
        <testcase name="it_handles_boot_failure_gracefully_in_production" file="/home/jeremyfall/Internal/JTD-Packages/laravel-mcp.git/main/tests/Unit/LaravelMcpServiceProviderTest.php" line="750" class="JTD\LaravelMCP\Tests\Unit\LaravelMcpServiceProviderTest" classname="JTD.LaravelMCP.Tests.Unit.LaravelMcpServiceProviderTest" assertions="2" time="0.004529"/>
        <testcase name="it_registers_all_singleton_services" file="/home/jeremyfall/Internal/JTD-Packages/laravel-mcp.git/main/tests/Unit/LaravelMcpServiceProviderTest.php" line="61" class="JTD\LaravelMCP\Tests\Unit\LaravelMcpServiceProviderTest" classname="JTD.LaravelMCP.Tests.Unit.LaravelMcpServiceProviderTest" assertions="9" time="0.005150"/>
        <testcase name="it_ensures_singletons_return_same_instance" file="/home/jeremyfall/Internal/JTD-Packages/laravel-mcp.git/main/tests/Unit/LaravelMcpServiceProviderTest.php" line="88" class="JTD\LaravelMCP\Tests\Unit\LaravelMcpServiceProviderTest" classname="JTD.LaravelMCP.Tests.Unit.LaravelMcpServiceProviderTest" assertions="9" time="0.005605"/>
        <testcase name="it_registers_transport_implementations" file="/home/jeremyfall/Internal/JTD-Packages/laravel-mcp.git/main/tests/Unit/LaravelMcpServiceProviderTest.php" line="118" class="JTD\LaravelMCP\Tests\Unit\LaravelMcpServiceProviderTest" classname="JTD.LaravelMCP.Tests.Unit.LaravelMcpServiceProviderTest" assertions="4" time="0.005979"/>
        <testcase name="it_binds_interfaces_to_implementations" file="/home/jeremyfall/Internal/JTD-Packages/laravel-mcp.git/main/tests/Unit/LaravelMcpServiceProviderTest.php" line="139" class="JTD\LaravelMCP\Tests\Unit\LaravelMcpServiceProviderTest" classname="JTD.LaravelMCP.Tests.Unit.LaravelMcpServiceProviderTest" assertions="4" time="0.005382"/>
        <testcase name="it_binds_transport_interface_to_default_transport" file="/home/jeremyfall/Internal/JTD-Packages/laravel-mcp.git/main/tests/Unit/LaravelMcpServiceProviderTest.php" line="160" class="JTD\LaravelMCP\Tests\Unit\LaravelMcpServiceProviderTest" classname="JTD.LaravelMCP.Tests.Unit.LaravelMcpServiceProviderTest" assertions="2" time="0.006084"/>
        <testcase name="it_merges_laravel_mcp_configuration" file="/home/jeremyfall/Internal/JTD-Packages/laravel-mcp.git/main/tests/Unit/LaravelMcpServiceProviderTest.php" line="181" class="JTD\LaravelMCP\Tests\Unit\LaravelMcpServiceProviderTest" classname="JTD.LaravelMCP.Tests.Unit.LaravelMcpServiceProviderTest" assertions="7" time="0.006102"/>
        <testcase name="it_merges_mcp_transports_configuration" file="/home/jeremyfall/Internal/JTD-Packages/laravel-mcp.git/main/tests/Unit/LaravelMcpServiceProviderTest.php" line="202" class="JTD\LaravelMCP\Tests\Unit\LaravelMcpServiceProviderTest" classname="JTD.LaravelMCP.Tests.Unit.LaravelMcpServiceProviderTest" assertions="2" time="0.005572"/>
        <testcase name="it_allows_custom_configuration_to_override_defaults" file="/home/jeremyfall/Internal/JTD-Packages/laravel-mcp.git/main/tests/Unit/LaravelMcpServiceProviderTest.php" line="219" class="JTD\LaravelMCP\Tests\Unit\LaravelMcpServiceProviderTest" classname="JTD.LaravelMCP.Tests.Unit.LaravelMcpServiceProviderTest" assertions="4" time="0.005710"/>
        <testcase name="it_validates_dependencies_successfully_when_met" file="/home/jeremyfall/Internal/JTD-Packages/laravel-mcp.git/main/tests/Unit/LaravelMcpServiceProviderTest.php" line="241" class="JTD\LaravelMCP\Tests\Unit\LaravelMcpServiceProviderTest" classname="JTD.LaravelMCP.Tests.Unit.LaravelMcpServiceProviderTest" assertions="1" time="0.005321"/>
        <testcase name="it_throws_exception_when_required_dependencies_are_missing" file="/home/jeremyfall/Internal/JTD-Packages/laravel-mcp.git/main/tests/Unit/LaravelMcpServiceProviderTest.php" line="254" class="JTD\LaravelMCP\Tests\Unit\LaravelMcpServiceProviderTest" classname="JTD.LaravelMCP.Tests.Unit.LaravelMcpServiceProviderTest" assertions="2" time="0.005307"/>
        <testcase name="it_skips_discovery_when_disabled" file="/home/jeremyfall/Internal/JTD-Packages/laravel-mcp.git/main/tests/Unit/LaravelMcpServiceProviderTest.php" line="354" class="JTD\LaravelMCP\Tests\Unit\LaravelMcpServiceProviderTest" classname="JTD.LaravelMCP.Tests.Unit.LaravelMcpServiceProviderTest" assertions="1" time="0.005252"/>
        <testcase name="it_runs_discovery_when_enabled" file="/home/jeremyfall/Internal/JTD-Packages/laravel-mcp.git/main/tests/Unit/LaravelMcpServiceProviderTest.php" line="376" class="JTD\LaravelMCP\Tests\Unit\LaravelMcpServiceProviderTest" classname="JTD.LaravelMCP.Tests.Unit.LaravelMcpServiceProviderTest" assertions="1" time="0.005928"/>
        <testcase name="it_sets_up_publishing_configurations" file="/home/jeremyfall/Internal/JTD-Packages/laravel-mcp.git/main/tests/Unit/LaravelMcpServiceProviderTest.php" line="406" class="JTD\LaravelMCP\Tests\Unit\LaravelMcpServiceProviderTest" classname="JTD.LaravelMCP.Tests.Unit.LaravelMcpServiceProviderTest" assertions="2" time="0.005587"/>
        <testcase name="it_loads_routes_when_mcp_routes_file_exists" file="/home/jeremyfall/Internal/JTD-Packages/laravel-mcp.git/main/tests/Unit/LaravelMcpServiceProviderTest.php" line="427" class="JTD\LaravelMCP\Tests\Unit\LaravelMcpServiceProviderTest" classname="JTD.LaravelMCP.Tests.Unit.LaravelMcpServiceProviderTest" assertions="1" time="0.005504"/>
        <testcase name="it_skips_routes_when_mcp_routes_file_does_not_exist" file="/home/jeremyfall/Internal/JTD-Packages/laravel-mcp.git/main/tests/Unit/LaravelMcpServiceProviderTest.php" line="455" class="JTD\LaravelMCP\Tests\Unit\LaravelMcpServiceProviderTest" classname="JTD.LaravelMCP.Tests.Unit.LaravelMcpServiceProviderTest" assertions="1" time="0.005241"/>
        <testcase name="it_runs_console_boot_only_in_console" file="/home/jeremyfall/Internal/JTD-Packages/laravel-mcp.git/main/tests/Unit/LaravelMcpServiceProviderTest.php" line="473" class="JTD\LaravelMCP\Tests\Unit\LaravelMcpServiceProviderTest" classname="JTD.LaravelMCP.Tests.Unit.LaravelMcpServiceProviderTest" assertions="1" time="0.004929"/>
        <testcase name="it_resolves_all_services_after_boot" file="/home/jeremyfall/Internal/JTD-Packages/laravel-mcp.git/main/tests/Unit/LaravelMcpServiceProviderTest.php" line="536" class="JTD\LaravelMCP\Tests\Unit\LaravelMcpServiceProviderTest" classname="JTD.LaravelMCP.Tests.Unit.LaravelMcpServiceProviderTest" assertions="14" time="0.005726"/>
        <testcase name="it_validates_configuration_structure" file="/home/jeremyfall/Internal/JTD-Packages/laravel-mcp.git/main/tests/Unit/LaravelMcpServiceProviderTest.php" line="570" class="JTD\LaravelMCP\Tests\Unit\LaravelMcpServiceProviderTest" classname="JTD.LaravelMCP.Tests.Unit.LaravelMcpServiceProviderTest" assertions="1" time="0.005663"/>
        <testcase name="it_handles_invalid_configuration_gracefully" file="/home/jeremyfall/Internal/JTD-Packages/laravel-mcp.git/main/tests/Unit/LaravelMcpServiceProviderTest.php" line="594" class="JTD\LaravelMCP\Tests\Unit\LaravelMcpServiceProviderTest" classname="JTD.LaravelMCP.Tests.Unit.LaravelMcpServiceProviderTest" assertions="2" time="0.005689"/>
        <testcase name="it_registers_middleware_when_auto_register_enabled" file="/home/jeremyfall/Internal/JTD-Packages/laravel-mcp.git/main/tests/Unit/LaravelMcpServiceProviderTest.php" line="612" class="JTD\LaravelMCP\Tests\Unit\LaravelMcpServiceProviderTest" classname="JTD.LaravelMCP.Tests.Unit.LaravelMcpServiceProviderTest" assertions="1" time="0.005948"/>
        <testcase name="it_registers_auth_middleware_when_auth_enabled" file="/home/jeremyfall/Internal/JTD-Packages/laravel-mcp.git/main/tests/Unit/LaravelMcpServiceProviderTest.php" line="644" class="JTD\LaravelMCP\Tests\Unit\LaravelMcpServiceProviderTest" classname="JTD.LaravelMCP.Tests.Unit.LaravelMcpServiceProviderTest" assertions="1" time="0.005541"/>
        <testcase name="it_skips_middleware_auto_registration_when_disabled" file="/home/jeremyfall/Internal/JTD-Packages/laravel-mcp.git/main/tests/Unit/LaravelMcpServiceProviderTest.php" line="677" class="JTD\LaravelMCP\Tests\Unit\LaravelMcpServiceProviderTest" classname="JTD.LaravelMCP.Tests.Unit.LaravelMcpServiceProviderTest" assertions="1" time="0.006637"/>
        <testcase name="it_registers_event_hooks" file="/home/jeremyfall/Internal/JTD-Packages/laravel-mcp.git/main/tests/Unit/LaravelMcpServiceProviderTest.php" line="704" class="JTD\LaravelMCP\Tests\Unit\LaravelMcpServiceProviderTest" classname="JTD.LaravelMCP.Tests.Unit.LaravelMcpServiceProviderTest" assertions="1" time="0.005597"/>
        <testcase name="it_has_proper_error_handling_structure" file="/home/jeremyfall/Internal/JTD-Packages/laravel-mcp.git/main/tests/Unit/LaravelMcpServiceProviderTest.php" line="730" class="JTD\LaravelMCP\Tests\Unit\LaravelMcpServiceProviderTest" classname="JTD.LaravelMCP.Tests.Unit.LaravelMcpServiceProviderTest" assertions="2" time="0.005662"/>
        <testcase name="it_registers_lazy_services" file="/home/jeremyfall/Internal/JTD-Packages/laravel-mcp.git/main/tests/Unit/LaravelMcpServiceProviderTest.php" line="768" class="JTD\LaravelMCP\Tests\Unit\LaravelMcpServiceProviderTest" classname="JTD.LaravelMCP.Tests.Unit.LaravelMcpServiceProviderTest" assertions="3" time="0.006221"/>
        <testcase name="it_registers_caching_services" file="/home/jeremyfall/Internal/JTD-Packages/laravel-mcp.git/main/tests/Unit/LaravelMcpServiceProviderTest.php" line="783" class="JTD\LaravelMCP\Tests\Unit\LaravelMcpServiceProviderTest" classname="JTD.LaravelMCP.Tests.Unit.LaravelMcpServiceProviderTest" assertions="3" time="0.006160"/>
      </testsuite>
      <testsuite name="JTD\LaravelMCP\Tests\Unit\Protocol\Contracts\JsonRpcHandlerInterfaceTest" file="/home/jeremyfall/Internal/JTD-Packages/laravel-mcp.git/main/tests/Unit/Protocol/Contracts/JsonRpcHandlerInterfaceTest.php" tests="24" assertions="85" errors="0" failures="0" skipped="0" time="0.125931">
        <testcase name="test_handle_request_with_params" file="/home/jeremyfall/Internal/JTD-Packages/laravel-mcp.git/main/tests/Unit/Protocol/Contracts/JsonRpcHandlerInterfaceTest.php" line="58" class="JTD\LaravelMCP\Tests\Unit\Protocol\Contracts\JsonRpcHandlerInterfaceTest" classname="JTD.LaravelMCP.Tests.Unit.Protocol.Contracts.JsonRpcHandlerInterfaceTest" assertions="2" time="0.004729"/>
        <testcase name="test_handle_notification" file="/home/jeremyfall/Internal/JTD-Packages/laravel-mcp.git/main/tests/Unit/Protocol/Contracts/JsonRpcHandlerInterfaceTest.php" line="90" class="JTD\LaravelMCP\Tests\Unit\Protocol\Contracts\JsonRpcHandlerInterfaceTest" classname="JTD.LaravelMCP.Tests.Unit.Protocol.Contracts.JsonRpcHandlerInterfaceTest" assertions="1" time="0.004487"/>
        <testcase name="test_handle_notification_with_params" file="/home/jeremyfall/Internal/JTD-Packages/laravel-mcp.git/main/tests/Unit/Protocol/Contracts/JsonRpcHandlerInterfaceTest.php" line="108" class="JTD\LaravelMCP\Tests\Unit\Protocol\Contracts\JsonRpcHandlerInterfaceTest" classname="JTD.LaravelMCP.Tests.Unit.Protocol.Contracts.JsonRpcHandlerInterfaceTest" assertions="1" time="0.004776"/>
        <testcase name="test_handle_response_success" file="/home/jeremyfall/Internal/JTD-Packages/laravel-mcp.git/main/tests/Unit/Protocol/Contracts/JsonRpcHandlerInterfaceTest.php" line="130" class="JTD\LaravelMCP\Tests\Unit\Protocol\Contracts\JsonRpcHandlerInterfaceTest" classname="JTD.LaravelMCP.Tests.Unit.Protocol.Contracts.JsonRpcHandlerInterfaceTest" assertions="1" time="0.004865"/>
        <testcase name="test_handle_response_error" file="/home/jeremyfall/Internal/JTD-Packages/laravel-mcp.git/main/tests/Unit/Protocol/Contracts/JsonRpcHandlerInterfaceTest.php" line="149" class="JTD\LaravelMCP\Tests\Unit\Protocol\Contracts\JsonRpcHandlerInterfaceTest" classname="JTD.LaravelMCP.Tests.Unit.Protocol.Contracts.JsonRpcHandlerInterfaceTest" assertions="1" time="0.004442"/>
        <testcase name="test_create_request_with_params" file="/home/jeremyfall/Internal/JTD-Packages/laravel-mcp.git/main/tests/Unit/Protocol/Contracts/JsonRpcHandlerInterfaceTest.php" line="193" class="JTD\LaravelMCP\Tests\Unit\Protocol\Contracts\JsonRpcHandlerInterfaceTest" classname="JTD.LaravelMCP.Tests.Unit.Protocol.Contracts.JsonRpcHandlerInterfaceTest" assertions="2" time="0.004610"/>
        <testcase name="test_create_request_notification" file="/home/jeremyfall/Internal/JTD-Packages/laravel-mcp.git/main/tests/Unit/Protocol/Contracts/JsonRpcHandlerInterfaceTest.php" line="218" class="JTD\LaravelMCP\Tests\Unit\Protocol\Contracts\JsonRpcHandlerInterfaceTest" classname="JTD.LaravelMCP.Tests.Unit.Protocol.Contracts.JsonRpcHandlerInterfaceTest" assertions="2" time="0.004545"/>
        <testcase name="test_create_error_response_with_data" file="/home/jeremyfall/Internal/JTD-Packages/laravel-mcp.git/main/tests/Unit/Protocol/Contracts/JsonRpcHandlerInterfaceTest.php" line="289" class="JTD\LaravelMCP\Tests\Unit\Protocol\Contracts\JsonRpcHandlerInterfaceTest" classname="JTD.LaravelMCP.Tests.Unit.Protocol.Contracts.JsonRpcHandlerInterfaceTest" assertions="2" time="0.004615"/>
        <testcase name="test_validate_message_valid" file="/home/jeremyfall/Internal/JTD-Packages/laravel-mcp.git/main/tests/Unit/Protocol/Contracts/JsonRpcHandlerInterfaceTest.php" line="342" class="JTD\LaravelMCP\Tests\Unit\Protocol\Contracts\JsonRpcHandlerInterfaceTest" classname="JTD.LaravelMCP.Tests.Unit.Protocol.Contracts.JsonRpcHandlerInterfaceTest" assertions="2" time="0.004760"/>
        <testcase name="test_validate_message_invalid" file="/home/jeremyfall/Internal/JTD-Packages/laravel-mcp.git/main/tests/Unit/Protocol/Contracts/JsonRpcHandlerInterfaceTest.php" line="362" class="JTD\LaravelMCP\Tests\Unit\Protocol\Contracts\JsonRpcHandlerInterfaceTest" classname="JTD.LaravelMCP.Tests.Unit.Protocol.Contracts.JsonRpcHandlerInterfaceTest" assertions="2" time="0.004857"/>
        <testcase name="test_is_request_valid" file="/home/jeremyfall/Internal/JTD-Packages/laravel-mcp.git/main/tests/Unit/Protocol/Contracts/JsonRpcHandlerInterfaceTest.php" line="380" class="JTD\LaravelMCP\Tests\Unit\Protocol\Contracts\JsonRpcHandlerInterfaceTest" classname="JTD.LaravelMCP.Tests.Unit.Protocol.Contracts.JsonRpcHandlerInterfaceTest" assertions="2" time="0.004590"/>
        <testcase name="test_is_request_with_notification" file="/home/jeremyfall/Internal/JTD-Packages/laravel-mcp.git/main/tests/Unit/Protocol/Contracts/JsonRpcHandlerInterfaceTest.php" line="400" class="JTD\LaravelMCP\Tests\Unit\Protocol\Contracts\JsonRpcHandlerInterfaceTest" classname="JTD.LaravelMCP.Tests.Unit.Protocol.Contracts.JsonRpcHandlerInterfaceTest" assertions="2" time="0.004766"/>
        <testcase name="test_is_notification_valid" file="/home/jeremyfall/Internal/JTD-Packages/laravel-mcp.git/main/tests/Unit/Protocol/Contracts/JsonRpcHandlerInterfaceTest.php" line="420" class="JTD\LaravelMCP\Tests\Unit\Protocol\Contracts\JsonRpcHandlerInterfaceTest" classname="JTD.LaravelMCP.Tests.Unit.Protocol.Contracts.JsonRpcHandlerInterfaceTest" assertions="2" time="0.005700"/>
        <testcase name="test_is_notification_with_request" file="/home/jeremyfall/Internal/JTD-Packages/laravel-mcp.git/main/tests/Unit/Protocol/Contracts/JsonRpcHandlerInterfaceTest.php" line="440" class="JTD\LaravelMCP\Tests\Unit\Protocol\Contracts\JsonRpcHandlerInterfaceTest" classname="JTD.LaravelMCP.Tests.Unit.Protocol.Contracts.JsonRpcHandlerInterfaceTest" assertions="2" time="0.005070"/>
        <testcase name="test_is_response_success" file="/home/jeremyfall/Internal/JTD-Packages/laravel-mcp.git/main/tests/Unit/Protocol/Contracts/JsonRpcHandlerInterfaceTest.php" line="460" class="JTD\LaravelMCP\Tests\Unit\Protocol\Contracts\JsonRpcHandlerInterfaceTest" classname="JTD.LaravelMCP.Tests.Unit.Protocol.Contracts.JsonRpcHandlerInterfaceTest" assertions="2" time="0.005724"/>
        <testcase name="test_is_response_error" file="/home/jeremyfall/Internal/JTD-Packages/laravel-mcp.git/main/tests/Unit/Protocol/Contracts/JsonRpcHandlerInterfaceTest.php" line="480" class="JTD\LaravelMCP\Tests\Unit\Protocol\Contracts\JsonRpcHandlerInterfaceTest" classname="JTD.LaravelMCP.Tests.Unit.Protocol.Contracts.JsonRpcHandlerInterfaceTest" assertions="2" time="0.005218"/>
        <testcase name="test_is_response_with_request" file="/home/jeremyfall/Internal/JTD-Packages/laravel-mcp.git/main/tests/Unit/Protocol/Contracts/JsonRpcHandlerInterfaceTest.php" line="503" class="JTD\LaravelMCP\Tests\Unit\Protocol\Contracts\JsonRpcHandlerInterfaceTest" classname="JTD.LaravelMCP.Tests.Unit.Protocol.Contracts.JsonRpcHandlerInterfaceTest" assertions="2" time="0.005261"/>
        <testcase name="test_handle_batch_request" file="/home/jeremyfall/Internal/JTD-Packages/laravel-mcp.git/main/tests/Unit/Protocol/Contracts/JsonRpcHandlerInterfaceTest.php" line="523" class="JTD\LaravelMCP\Tests\Unit\Protocol\Contracts\JsonRpcHandlerInterfaceTest" classname="JTD.LaravelMCP.Tests.Unit.Protocol.Contracts.JsonRpcHandlerInterfaceTest" assertions="2" time="0.004804"/>
        <testcase name="test_handle_request_with_valid_request" file="/home/jeremyfall/Internal/JTD-Packages/laravel-mcp.git/main/tests/Unit/Protocol/Contracts/JsonRpcHandlerInterfaceTest.php" line="30" class="JTD\LaravelMCP\Tests\Unit\Protocol\Contracts\JsonRpcHandlerInterfaceTest" classname="JTD.LaravelMCP.Tests.Unit.Protocol.Contracts.JsonRpcHandlerInterfaceTest" assertions="2" time="0.005422"/>
        <testcase name="test_create_request_without_params" file="/home/jeremyfall/Internal/JTD-Packages/laravel-mcp.git/main/tests/Unit/Protocol/Contracts/JsonRpcHandlerInterfaceTest.php" line="171" class="JTD\LaravelMCP\Tests\Unit\Protocol\Contracts\JsonRpcHandlerInterfaceTest" classname="JTD.LaravelMCP.Tests.Unit.Protocol.Contracts.JsonRpcHandlerInterfaceTest" assertions="2" time="0.005402"/>
        <testcase name="test_create_success_response" file="/home/jeremyfall/Internal/JTD-Packages/laravel-mcp.git/main/tests/Unit/Protocol/Contracts/JsonRpcHandlerInterfaceTest.php" line="239" class="JTD\LaravelMCP\Tests\Unit\Protocol\Contracts\JsonRpcHandlerInterfaceTest" classname="JTD.LaravelMCP.Tests.Unit.Protocol.Contracts.JsonRpcHandlerInterfaceTest" assertions="2" time="0.005545"/>
        <testcase name="test_create_error_response_without_data" file="/home/jeremyfall/Internal/JTD-Packages/laravel-mcp.git/main/tests/Unit/Protocol/Contracts/JsonRpcHandlerInterfaceTest.php" line="264" class="JTD\LaravelMCP\Tests\Unit\Protocol\Contracts\JsonRpcHandlerInterfaceTest" classname="JTD.LaravelMCP.Tests.Unit.Protocol.Contracts.JsonRpcHandlerInterfaceTest" assertions="2" time="0.005441"/>
        <testcase name="test_create_error_response_for_notification" file="/home/jeremyfall/Internal/JTD-Packages/laravel-mcp.git/main/tests/Unit/Protocol/Contracts/JsonRpcHandlerInterfaceTest.php" line="317" class="JTD\LaravelMCP\Tests\Unit\Protocol\Contracts\JsonRpcHandlerInterfaceTest" classname="JTD.LaravelMCP.Tests.Unit.Protocol.Contracts.JsonRpcHandlerInterfaceTest" assertions="2" time="0.005586"/>
        <testcase name="test_json_rpc_error_codes" file="/home/jeremyfall/Internal/JTD-Packages/laravel-mcp.git/main/tests/Unit/Protocol/Contracts/JsonRpcHandlerInterfaceTest.php" line="551" class="JTD\LaravelMCP\Tests\Unit\Protocol\Contracts\JsonRpcHandlerInterfaceTest" classname="JTD.LaravelMCP.Tests.Unit.Protocol.Contracts.JsonRpcHandlerInterfaceTest" assertions="43" time="0.010717"/>
      </testsuite>
      <testsuite name="JTD\LaravelMCP\Tests\Unit\Protocol\Contracts\ProtocolHandlerInterfaceTest" file="/home/jeremyfall/Internal/JTD-Packages/laravel-mcp.git/main/tests/Unit/Protocol/Contracts/ProtocolHandlerInterfaceTest.php" tests="23" assertions="62" errors="0" failures="0" skipped="0" time="0.112813">
        <testcase name="test_initialize_with_capabilities" file="/home/jeremyfall/Internal/JTD-Packages/laravel-mcp.git/main/tests/Unit/Protocol/Contracts/ProtocolHandlerInterfaceTest.php" line="30" class="JTD\LaravelMCP\Tests\Unit\Protocol\Contracts\ProtocolHandlerInterfaceTest" classname="JTD.LaravelMCP.Tests.Unit.Protocol.Contracts.ProtocolHandlerInterfaceTest" assertions="1" time="0.004400"/>
        <testcase name="test_initialize_with_empty_capabilities" file="/home/jeremyfall/Internal/JTD-Packages/laravel-mcp.git/main/tests/Unit/Protocol/Contracts/ProtocolHandlerInterfaceTest.php" line="50" class="JTD\LaravelMCP\Tests\Unit\Protocol\Contracts\ProtocolHandlerInterfaceTest" classname="JTD.LaravelMCP.Tests.Unit.Protocol.Contracts.ProtocolHandlerInterfaceTest" assertions="1" time="0.004388"/>
        <testcase name="test_handle_initialize" file="/home/jeremyfall/Internal/JTD-Packages/laravel-mcp.git/main/tests/Unit/Protocol/Contracts/ProtocolHandlerInterfaceTest.php" line="63" class="JTD\LaravelMCP\Tests\Unit\Protocol\Contracts\ProtocolHandlerInterfaceTest" classname="JTD.LaravelMCP.Tests.Unit.Protocol.Contracts.ProtocolHandlerInterfaceTest" assertions="2" time="0.004531"/>
        <testcase name="test_handle_initialized" file="/home/jeremyfall/Internal/JTD-Packages/laravel-mcp.git/main/tests/Unit/Protocol/Contracts/ProtocolHandlerInterfaceTest.php" line="104" class="JTD\LaravelMCP\Tests\Unit\Protocol\Contracts\ProtocolHandlerInterfaceTest" classname="JTD.LaravelMCP.Tests.Unit.Protocol.Contracts.ProtocolHandlerInterfaceTest" assertions="1" time="0.004583"/>
        <testcase name="test_handle_ping" file="/home/jeremyfall/Internal/JTD-Packages/laravel-mcp.git/main/tests/Unit/Protocol/Contracts/ProtocolHandlerInterfaceTest.php" line="116" class="JTD\LaravelMCP\Tests\Unit\Protocol\Contracts\ProtocolHandlerInterfaceTest" classname="JTD.LaravelMCP.Tests.Unit.Protocol.Contracts.ProtocolHandlerInterfaceTest" assertions="2" time="0.004812"/>
        <testcase name="test_handle_tools_list_without_params" file="/home/jeremyfall/Internal/JTD-Packages/laravel-mcp.git/main/tests/Unit/Protocol/Contracts/ProtocolHandlerInterfaceTest.php" line="133" class="JTD\LaravelMCP\Tests\Unit\Protocol\Contracts\ProtocolHandlerInterfaceTest" classname="JTD.LaravelMCP.Tests.Unit.Protocol.Contracts.ProtocolHandlerInterfaceTest" assertions="2" time="0.005225"/>
        <testcase name="test_handle_tools_list_with_filters" file="/home/jeremyfall/Internal/JTD-Packages/laravel-mcp.git/main/tests/Unit/Protocol/Contracts/ProtocolHandlerInterfaceTest.php" line="162" class="JTD\LaravelMCP\Tests\Unit\Protocol\Contracts\ProtocolHandlerInterfaceTest" classname="JTD.LaravelMCP.Tests.Unit.Protocol.Contracts.ProtocolHandlerInterfaceTest" assertions="2" time="0.004551"/>
        <testcase name="test_handle_tools_call" file="/home/jeremyfall/Internal/JTD-Packages/laravel-mcp.git/main/tests/Unit/Protocol/Contracts/ProtocolHandlerInterfaceTest.php" line="188" class="JTD\LaravelMCP\Tests\Unit\Protocol\Contracts\ProtocolHandlerInterfaceTest" classname="JTD.LaravelMCP.Tests.Unit.Protocol.Contracts.ProtocolHandlerInterfaceTest" assertions="2" time="0.004820"/>
        <testcase name="test_handle_resources_list_without_params" file="/home/jeremyfall/Internal/JTD-Packages/laravel-mcp.git/main/tests/Unit/Protocol/Contracts/ProtocolHandlerInterfaceTest.php" line="222" class="JTD\LaravelMCP\Tests\Unit\Protocol\Contracts\ProtocolHandlerInterfaceTest" classname="JTD.LaravelMCP.Tests.Unit.Protocol.Contracts.ProtocolHandlerInterfaceTest" assertions="2" time="0.005121"/>
        <testcase name="test_handle_resources_read" file="/home/jeremyfall/Internal/JTD-Packages/laravel-mcp.git/main/tests/Unit/Protocol/Contracts/ProtocolHandlerInterfaceTest.php" line="249" class="JTD\LaravelMCP\Tests\Unit\Protocol\Contracts\ProtocolHandlerInterfaceTest" classname="JTD.LaravelMCP.Tests.Unit.Protocol.Contracts.ProtocolHandlerInterfaceTest" assertions="2" time="0.005175"/>
        <testcase name="test_handle_resources_subscribe" file="/home/jeremyfall/Internal/JTD-Packages/laravel-mcp.git/main/tests/Unit/Protocol/Contracts/ProtocolHandlerInterfaceTest.php" line="279" class="JTD\LaravelMCP\Tests\Unit\Protocol\Contracts\ProtocolHandlerInterfaceTest" classname="JTD.LaravelMCP.Tests.Unit.Protocol.Contracts.ProtocolHandlerInterfaceTest" assertions="2" time="0.005009"/>
        <testcase name="test_handle_resources_unsubscribe" file="/home/jeremyfall/Internal/JTD-Packages/laravel-mcp.git/main/tests/Unit/Protocol/Contracts/ProtocolHandlerInterfaceTest.php" line="303" class="JTD\LaravelMCP\Tests\Unit\Protocol\Contracts\ProtocolHandlerInterfaceTest" classname="JTD.LaravelMCP.Tests.Unit.Protocol.Contracts.ProtocolHandlerInterfaceTest" assertions="2" time="0.004845"/>
        <testcase name="test_handle_logging_set_level" file="/home/jeremyfall/Internal/JTD-Packages/laravel-mcp.git/main/tests/Unit/Protocol/Contracts/ProtocolHandlerInterfaceTest.php" line="393" class="JTD\LaravelMCP\Tests\Unit\Protocol\Contracts\ProtocolHandlerInterfaceTest" classname="JTD.LaravelMCP.Tests.Unit.Protocol.Contracts.ProtocolHandlerInterfaceTest" assertions="2" time="0.004745"/>
        <testcase name="test_get_server_info" file="/home/jeremyfall/Internal/JTD-Packages/laravel-mcp.git/main/tests/Unit/Protocol/Contracts/ProtocolHandlerInterfaceTest.php" line="440" class="JTD\LaravelMCP\Tests\Unit\Protocol\Contracts\ProtocolHandlerInterfaceTest" classname="JTD.LaravelMCP.Tests.Unit.Protocol.Contracts.ProtocolHandlerInterfaceTest" assertions="2" time="0.004707"/>
        <testcase name="test_can_handle_method_supported" file="/home/jeremyfall/Internal/JTD-Packages/laravel-mcp.git/main/tests/Unit/Protocol/Contracts/ProtocolHandlerInterfaceTest.php" line="461" class="JTD\LaravelMCP\Tests\Unit\Protocol\Contracts\ProtocolHandlerInterfaceTest" classname="JTD.LaravelMCP.Tests.Unit.Protocol.Contracts.ProtocolHandlerInterfaceTest" assertions="2" time="0.005127"/>
        <testcase name="test_can_handle_method_unsupported" file="/home/jeremyfall/Internal/JTD-Packages/laravel-mcp.git/main/tests/Unit/Protocol/Contracts/ProtocolHandlerInterfaceTest.php" line="475" class="JTD\LaravelMCP\Tests\Unit\Protocol\Contracts\ProtocolHandlerInterfaceTest" classname="JTD.LaravelMCP.Tests.Unit.Protocol.Contracts.ProtocolHandlerInterfaceTest" assertions="2" time="0.004810"/>
        <testcase name="test_get_supported_methods" file="/home/jeremyfall/Internal/JTD-Packages/laravel-mcp.git/main/tests/Unit/Protocol/Contracts/ProtocolHandlerInterfaceTest.php" line="489" class="JTD\LaravelMCP\Tests\Unit\Protocol\Contracts\ProtocolHandlerInterfaceTest" classname="JTD.LaravelMCP.Tests.Unit.Protocol.Contracts.ProtocolHandlerInterfaceTest" assertions="2" time="0.005161"/>
        <testcase name="test_unsupported_capabilities" file="/home/jeremyfall/Internal/JTD-Packages/laravel-mcp.git/main/tests/Unit/Protocol/Contracts/ProtocolHandlerInterfaceTest.php" line="590" class="JTD\LaravelMCP\Tests\Unit\Protocol\Contracts\ProtocolHandlerInterfaceTest" classname="JTD.LaravelMCP.Tests.Unit.Protocol.Contracts.ProtocolHandlerInterfaceTest" assertions="2" time="0.005022"/>
        <testcase name="test_handle_prompts_list_without_params" file="/home/jeremyfall/Internal/JTD-Packages/laravel-mcp.git/main/tests/Unit/Protocol/Contracts/ProtocolHandlerInterfaceTest.php" line="327" class="JTD\LaravelMCP\Tests\Unit\Protocol\Contracts\ProtocolHandlerInterfaceTest" classname="JTD.LaravelMCP.Tests.Unit.Protocol.Contracts.ProtocolHandlerInterfaceTest" assertions="2" time="0.005362"/>
        <testcase name="test_handle_prompts_get" file="/home/jeremyfall/Internal/JTD-Packages/laravel-mcp.git/main/tests/Unit/Protocol/Contracts/ProtocolHandlerInterfaceTest.php" line="358" class="JTD\LaravelMCP\Tests\Unit\Protocol\Contracts\ProtocolHandlerInterfaceTest" classname="JTD.LaravelMCP.Tests.Unit.Protocol.Contracts.ProtocolHandlerInterfaceTest" assertions="2" time="0.005185"/>
        <testcase name="test_get_capabilities" file="/home/jeremyfall/Internal/JTD-Packages/laravel-mcp.git/main/tests/Unit/Protocol/Contracts/ProtocolHandlerInterfaceTest.php" line="417" class="JTD\LaravelMCP\Tests\Unit\Protocol\Contracts\ProtocolHandlerInterfaceTest" classname="JTD.LaravelMCP.Tests.Unit.Protocol.Contracts.ProtocolHandlerInterfaceTest" assertions="2" time="0.004820"/>
        <testcase name="test_full_initialization_sequence" file="/home/jeremyfall/Internal/JTD-Packages/laravel-mcp.git/main/tests/Unit/Protocol/Contracts/ProtocolHandlerInterfaceTest.php" line="519" class="JTD\LaravelMCP\Tests\Unit\Protocol\Contracts\ProtocolHandlerInterfaceTest" classname="JTD.LaravelMCP.Tests.Unit.Protocol.Contracts.ProtocolHandlerInterfaceTest" assertions="2" time="0.005513"/>
        <testcase name="test_handle_all_mcp_methods" file="/home/jeremyfall/Internal/JTD-Packages/laravel-mcp.git/main/tests/Unit/Protocol/Contracts/ProtocolHandlerInterfaceTest.php" line="553" class="JTD\LaravelMCP\Tests\Unit\Protocol\Contracts\ProtocolHandlerInterfaceTest" classname="JTD.LaravelMCP.Tests.Unit.Protocol.Contracts.ProtocolHandlerInterfaceTest" assertions="21" time="0.004898"/>
      </testsuite>
      <testsuite name="JTD\LaravelMCP\Tests\Unit\Protocol\MessageProcessorTest" file="/home/jeremyfall/Internal/JTD-Packages/laravel-mcp.git/main/tests/Unit/Protocol/MessageProcessorTest.php" tests="20" assertions="38" errors="0" failures="0" skipped="0" time="0.104182">
        <testcase name="constructor_initializes_handlers_and_capabilities" file="/home/jeremyfall/Internal/JTD-Packages/laravel-mcp.git/main/tests/Unit/Protocol/MessageProcessorTest.php" line="85" class="JTD\LaravelMCP\Tests\Unit\Protocol\MessageProcessorTest" classname="JTD.LaravelMCP.Tests.Unit.Protocol.MessageProcessorTest" assertions="4" time="0.004643"/>
        <testcase name="get_supported_message_types_returns_expected_methods" file="/home/jeremyfall/Internal/JTD-Packages/laravel-mcp.git/main/tests/Unit/Protocol/MessageProcessorTest.php" line="95" class="JTD\LaravelMCP\Tests\Unit\Protocol\MessageProcessorTest" classname="JTD.LaravelMCP.Tests.Unit.Protocol.MessageProcessorTest" assertions="1" time="0.004917"/>
        <testcase name="can_handle_returns_true_for_valid_json_rpc_messages" file="/home/jeremyfall/Internal/JTD-Packages/laravel-mcp.git/main/tests/Unit/Protocol/MessageProcessorTest.php" line="114" class="JTD\LaravelMCP\Tests\Unit\Protocol\MessageProcessorTest" classname="JTD.LaravelMCP.Tests.Unit.Protocol.MessageProcessorTest" assertions="1" time="0.004903"/>
        <testcase name="can_handle_returns_false_for_invalid_messages" file="/home/jeremyfall/Internal/JTD-Packages/laravel-mcp.git/main/tests/Unit/Protocol/MessageProcessorTest.php" line="128" class="JTD\LaravelMCP\Tests\Unit\Protocol\MessageProcessorTest" classname="JTD.LaravelMCP.Tests.Unit.Protocol.MessageProcessorTest" assertions="1" time="0.004887"/>
        <testcase name="handle_processes_valid_requests" file="/home/jeremyfall/Internal/JTD-Packages/laravel-mcp.git/main/tests/Unit/Protocol/MessageProcessorTest.php" line="165" class="JTD\LaravelMCP\Tests\Unit\Protocol\MessageProcessorTest" classname="JTD.LaravelMCP.Tests.Unit.Protocol.MessageProcessorTest" assertions="1" time="0.004922"/>
        <testcase name="handle_processes_notifications_without_response" file="/home/jeremyfall/Internal/JTD-Packages/laravel-mcp.git/main/tests/Unit/Protocol/MessageProcessorTest.php" line="194" class="JTD\LaravelMCP\Tests\Unit\Protocol\MessageProcessorTest" classname="JTD.LaravelMCP.Tests.Unit.Protocol.MessageProcessorTest" assertions="1" time="0.004949"/>
        <testcase name="handle_processes_responses_without_response" file="/home/jeremyfall/Internal/JTD-Packages/laravel-mcp.git/main/tests/Unit/Protocol/MessageProcessorTest.php" line="227" class="JTD\LaravelMCP\Tests\Unit\Protocol\MessageProcessorTest" classname="JTD.LaravelMCP.Tests.Unit.Protocol.MessageProcessorTest" assertions="1" time="0.004875"/>
        <testcase name="handle_returns_error_for_unrecognized_message_types" file="/home/jeremyfall/Internal/JTD-Packages/laravel-mcp.git/main/tests/Unit/Protocol/MessageProcessorTest.php" line="266" class="JTD\LaravelMCP\Tests\Unit\Protocol\MessageProcessorTest" classname="JTD.LaravelMCP.Tests.Unit.Protocol.MessageProcessorTest" assertions="2" time="0.005041"/>
        <testcase name="on_connect_logs_transport_connection" file="/home/jeremyfall/Internal/JTD-Packages/laravel-mcp.git/main/tests/Unit/Protocol/MessageProcessorTest.php" line="351" class="JTD\LaravelMCP\Tests\Unit\Protocol\MessageProcessorTest" classname="JTD.LaravelMCP.Tests.Unit.Protocol.MessageProcessorTest" assertions="0" time="0.005150"/>
        <testcase name="set_server_info_updates_server_information" file="/home/jeremyfall/Internal/JTD-Packages/laravel-mcp.git/main/tests/Unit/Protocol/MessageProcessorTest.php" line="381" class="JTD\LaravelMCP\Tests\Unit\Protocol\MessageProcessorTest" classname="JTD.LaravelMCP.Tests.Unit.Protocol.MessageProcessorTest" assertions="3" time="0.004983"/>
        <testcase name="get_server_info_returns_current_information" file="/home/jeremyfall/Internal/JTD-Packages/laravel-mcp.git/main/tests/Unit/Protocol/MessageProcessorTest.php" line="394" class="JTD\LaravelMCP\Tests\Unit\Protocol\MessageProcessorTest" classname="JTD.LaravelMCP.Tests.Unit.Protocol.MessageProcessorTest" assertions="4" time="0.005021"/>
        <testcase name="prompts_list_handler_integration_works" file="/home/jeremyfall/Internal/JTD-Packages/laravel-mcp.git/main/tests/Unit/Protocol/MessageProcessorTest.php" line="487" class="JTD\LaravelMCP\Tests\Unit\Protocol\MessageProcessorTest" classname="JTD.LaravelMCP.Tests.Unit.Protocol.MessageProcessorTest" assertions="2" time="0.005568"/>
        <testcase name="handle_returns_error_for_invalid_json_rpc_messages" file="/home/jeremyfall/Internal/JTD-Packages/laravel-mcp.git/main/tests/Unit/Protocol/MessageProcessorTest.php" line="142" class="JTD\LaravelMCP\Tests\Unit\Protocol\MessageProcessorTest" classname="JTD.LaravelMCP.Tests.Unit.Protocol.MessageProcessorTest" assertions="2" time="0.005849"/>
        <testcase name="handle_catches_and_handles_exceptions" file="/home/jeremyfall/Internal/JTD-Packages/laravel-mcp.git/main/tests/Unit/Protocol/MessageProcessorTest.php" line="307" class="JTD\LaravelMCP\Tests\Unit\Protocol\MessageProcessorTest" classname="JTD.LaravelMCP.Tests.Unit.Protocol.MessageProcessorTest" assertions="2" time="0.005886"/>
        <testcase name="handle_error_logs_transport_errors" file="/home/jeremyfall/Internal/JTD-Packages/laravel-mcp.git/main/tests/Unit/Protocol/MessageProcessorTest.php" line="336" class="JTD\LaravelMCP\Tests\Unit\Protocol\MessageProcessorTest" classname="JTD.LaravelMCP.Tests.Unit.Protocol.MessageProcessorTest" assertions="0" time="0.006224"/>
        <testcase name="initialization_workflow_works_correctly" file="/home/jeremyfall/Internal/JTD-Packages/laravel-mcp.git/main/tests/Unit/Protocol/MessageProcessorTest.php" line="405" class="JTD\LaravelMCP\Tests\Unit\Protocol\MessageProcessorTest" classname="JTD.LaravelMCP.Tests.Unit.Protocol.MessageProcessorTest" assertions="2" time="0.005062"/>
        <testcase name="tools_list_handler_integration_works" file="/home/jeremyfall/Internal/JTD-Packages/laravel-mcp.git/main/tests/Unit/Protocol/MessageProcessorTest.php" line="446" class="JTD\LaravelMCP\Tests\Unit\Protocol\MessageProcessorTest" classname="JTD.LaravelMCP.Tests.Unit.Protocol.MessageProcessorTest" assertions="2" time="0.005154"/>
        <testcase name="resources_list_handler_integration_works" file="/home/jeremyfall/Internal/JTD-Packages/laravel-mcp.git/main/tests/Unit/Protocol/MessageProcessorTest.php" line="467" class="JTD\LaravelMCP\Tests\Unit\Protocol\MessageProcessorTest" classname="JTD.LaravelMCP.Tests.Unit.Protocol.MessageProcessorTest" assertions="2" time="0.005388"/>
        <testcase name="handler_methods_check_initialization_status" file="/home/jeremyfall/Internal/JTD-Packages/laravel-mcp.git/main/tests/Unit/Protocol/MessageProcessorTest.php" line="507" class="JTD\LaravelMCP\Tests\Unit\Protocol\MessageProcessorTest" classname="JTD.LaravelMCP.Tests.Unit.Protocol.MessageProcessorTest" assertions="3" time="0.005192"/>
        <testcase name="on_disconnect_resets_initialization_state" file="/home/jeremyfall/Internal/JTD-Packages/laravel-mcp.git/main/tests/Unit/Protocol/MessageProcessorTest.php" line="365" class="JTD\LaravelMCP\Tests\Unit\Protocol\MessageProcessorTest" classname="JTD.LaravelMCP.Tests.Unit.Protocol.MessageProcessorTest" assertions="4" time="0.005567"/>
      </testsuite>
      <testsuite name="JTD\LaravelMCP\Tests\Unit\Registry\Contracts\DiscoveryInterfaceTest" file="/home/jeremyfall/Internal/JTD-Packages/laravel-mcp.git/main/tests/Unit/Registry/Contracts/DiscoveryInterfaceTest.php" tests="23" assertions="55" errors="0" failures="0" skipped="0" time="0.112873">
        <testcase name="test_discover_returns_empty_when_no_components" file="/home/jeremyfall/Internal/JTD-Packages/laravel-mcp.git/main/tests/Unit/Registry/Contracts/DiscoveryInterfaceTest.php" line="73" class="JTD\LaravelMCP\Tests\Unit\Registry\Contracts\DiscoveryInterfaceTest" classname="JTD.LaravelMCP.Tests.Unit.Registry.Contracts.DiscoveryInterfaceTest" assertions="2" time="0.004462"/>
        <testcase name="test_discover_type_for_tools" file="/home/jeremyfall/Internal/JTD-Packages/laravel-mcp.git/main/tests/Unit/Registry/Contracts/DiscoveryInterfaceTest.php" line="91" class="JTD\LaravelMCP\Tests\Unit\Registry\Contracts\DiscoveryInterfaceTest" classname="JTD.LaravelMCP.Tests.Unit.Registry.Contracts.DiscoveryInterfaceTest" assertions="2" time="0.004506"/>
        <testcase name="test_discover_type_for_resources" file="/home/jeremyfall/Internal/JTD-Packages/laravel-mcp.git/main/tests/Unit/Registry/Contracts/DiscoveryInterfaceTest.php" line="120" class="JTD\LaravelMCP\Tests\Unit\Registry\Contracts\DiscoveryInterfaceTest" classname="JTD.LaravelMCP.Tests.Unit.Registry.Contracts.DiscoveryInterfaceTest" assertions="2" time="0.004401"/>
        <testcase name="test_discover_type_for_prompts" file="/home/jeremyfall/Internal/JTD-Packages/laravel-mcp.git/main/tests/Unit/Registry/Contracts/DiscoveryInterfaceTest.php" line="145" class="JTD\LaravelMCP\Tests\Unit\Registry\Contracts\DiscoveryInterfaceTest" classname="JTD.LaravelMCP.Tests.Unit.Registry.Contracts.DiscoveryInterfaceTest" assertions="2" time="0.004843"/>
        <testcase name="test_is_valid_component_with_valid_file" file="/home/jeremyfall/Internal/JTD-Packages/laravel-mcp.git/main/tests/Unit/Registry/Contracts/DiscoveryInterfaceTest.php" line="170" class="JTD\LaravelMCP\Tests\Unit\Registry\Contracts\DiscoveryInterfaceTest" classname="JTD.LaravelMCP.Tests.Unit.Registry.Contracts.DiscoveryInterfaceTest" assertions="2" time="0.004880"/>
        <testcase name="test_is_valid_component_with_invalid_file" file="/home/jeremyfall/Internal/JTD-Packages/laravel-mcp.git/main/tests/Unit/Registry/Contracts/DiscoveryInterfaceTest.php" line="187" class="JTD\LaravelMCP\Tests\Unit\Registry\Contracts\DiscoveryInterfaceTest" classname="JTD.LaravelMCP.Tests.Unit.Registry.Contracts.DiscoveryInterfaceTest" assertions="2" time="0.004759"/>
        <testcase name="test_is_valid_component_with_wrong_type" file="/home/jeremyfall/Internal/JTD-Packages/laravel-mcp.git/main/tests/Unit/Registry/Contracts/DiscoveryInterfaceTest.php" line="204" class="JTD\LaravelMCP\Tests\Unit\Registry\Contracts\DiscoveryInterfaceTest" classname="JTD.LaravelMCP.Tests.Unit.Registry.Contracts.DiscoveryInterfaceTest" assertions="2" time="0.004763"/>
        <testcase name="test_extract_metadata_from_file" file="/home/jeremyfall/Internal/JTD-Packages/laravel-mcp.git/main/tests/Unit/Registry/Contracts/DiscoveryInterfaceTest.php" line="221" class="JTD\LaravelMCP\Tests\Unit\Registry\Contracts\DiscoveryInterfaceTest" classname="JTD.LaravelMCP.Tests.Unit.Registry.Contracts.DiscoveryInterfaceTest" assertions="2" time="0.005032"/>
        <testcase name="test_extract_metadata_returns_empty_for_invalid" file="/home/jeremyfall/Internal/JTD-Packages/laravel-mcp.git/main/tests/Unit/Registry/Contracts/DiscoveryInterfaceTest.php" line="253" class="JTD\LaravelMCP\Tests\Unit\Registry\Contracts\DiscoveryInterfaceTest" classname="JTD.LaravelMCP.Tests.Unit.Registry.Contracts.DiscoveryInterfaceTest" assertions="2" time="0.005125"/>
        <testcase name="test_get_class_from_file_valid" file="/home/jeremyfall/Internal/JTD-Packages/laravel-mcp.git/main/tests/Unit/Registry/Contracts/DiscoveryInterfaceTest.php" line="271" class="JTD\LaravelMCP\Tests\Unit\Registry\Contracts\DiscoveryInterfaceTest" classname="JTD.LaravelMCP.Tests.Unit.Registry.Contracts.DiscoveryInterfaceTest" assertions="2" time="0.004804"/>
        <testcase name="test_get_class_from_file_no_class" file="/home/jeremyfall/Internal/JTD-Packages/laravel-mcp.git/main/tests/Unit/Registry/Contracts/DiscoveryInterfaceTest.php" line="290" class="JTD\LaravelMCP\Tests\Unit\Registry\Contracts\DiscoveryInterfaceTest" classname="JTD.LaravelMCP.Tests.Unit.Registry.Contracts.DiscoveryInterfaceTest" assertions="2" time="0.004698"/>
        <testcase name="test_is_valid_component_class_valid_tool" file="/home/jeremyfall/Internal/JTD-Packages/laravel-mcp.git/main/tests/Unit/Registry/Contracts/DiscoveryInterfaceTest.php" line="308" class="JTD\LaravelMCP\Tests\Unit\Registry\Contracts\DiscoveryInterfaceTest" classname="JTD.LaravelMCP.Tests.Unit.Registry.Contracts.DiscoveryInterfaceTest" assertions="2" time="0.004894"/>
        <testcase name="test_is_valid_component_class_invalid" file="/home/jeremyfall/Internal/JTD-Packages/laravel-mcp.git/main/tests/Unit/Registry/Contracts/DiscoveryInterfaceTest.php" line="325" class="JTD\LaravelMCP\Tests\Unit\Registry\Contracts\DiscoveryInterfaceTest" classname="JTD.LaravelMCP.Tests.Unit.Registry.Contracts.DiscoveryInterfaceTest" assertions="2" time="0.004773"/>
        <testcase name="test_get_supported_types" file="/home/jeremyfall/Internal/JTD-Packages/laravel-mcp.git/main/tests/Unit/Registry/Contracts/DiscoveryInterfaceTest.php" line="342" class="JTD\LaravelMCP\Tests\Unit\Registry\Contracts\DiscoveryInterfaceTest" classname="JTD.LaravelMCP.Tests.Unit.Registry.Contracts.DiscoveryInterfaceTest" assertions="2" time="0.004695"/>
        <testcase name="test_set_config" file="/home/jeremyfall/Internal/JTD-Packages/laravel-mcp.git/main/tests/Unit/Registry/Contracts/DiscoveryInterfaceTest.php" line="359" class="JTD\LaravelMCP\Tests\Unit\Registry\Contracts\DiscoveryInterfaceTest" classname="JTD.LaravelMCP.Tests.Unit.Registry.Contracts.DiscoveryInterfaceTest" assertions="1" time="0.004764"/>
        <testcase name="test_get_config" file="/home/jeremyfall/Internal/JTD-Packages/laravel-mcp.git/main/tests/Unit/Registry/Contracts/DiscoveryInterfaceTest.php" line="378" class="JTD\LaravelMCP\Tests\Unit\Registry\Contracts\DiscoveryInterfaceTest" classname="JTD.LaravelMCP.Tests.Unit.Registry.Contracts.DiscoveryInterfaceTest" assertions="2" time="0.004770"/>
        <testcase name="test_add_filter" file="/home/jeremyfall/Internal/JTD-Packages/laravel-mcp.git/main/tests/Unit/Registry/Contracts/DiscoveryInterfaceTest.php" line="399" class="JTD\LaravelMCP\Tests\Unit\Registry\Contracts\DiscoveryInterfaceTest" classname="JTD.LaravelMCP.Tests.Unit.Registry.Contracts.DiscoveryInterfaceTest" assertions="1" time="0.005143"/>
        <testcase name="test_discovery_with_filters" file="/home/jeremyfall/Internal/JTD-Packages/laravel-mcp.git/main/tests/Unit/Registry/Contracts/DiscoveryInterfaceTest.php" line="536" class="JTD\LaravelMCP\Tests\Unit\Registry\Contracts\DiscoveryInterfaceTest" classname="JTD.LaravelMCP.Tests.Unit.Registry.Contracts.DiscoveryInterfaceTest" assertions="4" time="0.004776"/>
        <testcase name="test_discover_components_in_paths" file="/home/jeremyfall/Internal/JTD-Packages/laravel-mcp.git/main/tests/Unit/Registry/Contracts/DiscoveryInterfaceTest.php" line="30" class="JTD\LaravelMCP\Tests\Unit\Registry\Contracts\DiscoveryInterfaceTest" classname="JTD.LaravelMCP.Tests.Unit.Registry.Contracts.DiscoveryInterfaceTest" assertions="2" time="0.005120"/>
        <testcase name="test_get_filters" file="/home/jeremyfall/Internal/JTD-Packages/laravel-mcp.git/main/tests/Unit/Registry/Contracts/DiscoveryInterfaceTest.php" line="416" class="JTD\LaravelMCP\Tests\Unit\Registry\Contracts\DiscoveryInterfaceTest" classname="JTD.LaravelMCP.Tests.Unit.Registry.Contracts.DiscoveryInterfaceTest" assertions="2" time="0.005074"/>
        <testcase name="test_full_discovery_workflow" file="/home/jeremyfall/Internal/JTD-Packages/laravel-mcp.git/main/tests/Unit/Registry/Contracts/DiscoveryInterfaceTest.php" line="440" class="JTD\LaravelMCP\Tests\Unit\Registry\Contracts\DiscoveryInterfaceTest" classname="JTD.LaravelMCP.Tests.Unit.Registry.Contracts.DiscoveryInterfaceTest" assertions="3" time="0.005535"/>
        <testcase name="test_discover_multiple_paths" file="/home/jeremyfall/Internal/JTD-Packages/laravel-mcp.git/main/tests/Unit/Registry/Contracts/DiscoveryInterfaceTest.php" line="482" class="JTD\LaravelMCP\Tests\Unit\Registry\Contracts\DiscoveryInterfaceTest" classname="JTD.LaravelMCP.Tests.Unit.Registry.Contracts.DiscoveryInterfaceTest" assertions="2" time="0.005431"/>
        <testcase name="test_validate_component_types" file="/home/jeremyfall/Internal/JTD-Packages/laravel-mcp.git/main/tests/Unit/Registry/Contracts/DiscoveryInterfaceTest.php" line="512" class="JTD\LaravelMCP\Tests\Unit\Registry\Contracts\DiscoveryInterfaceTest" classname="JTD.LaravelMCP.Tests.Unit.Registry.Contracts.DiscoveryInterfaceTest" assertions="10" time="0.005625"/>
      </testsuite>
      <testsuite name="JTD\LaravelMCP\Tests\Unit\Registry\Contracts\RegistryInterfaceTest" file="/home/jeremyfall/Internal/JTD-Packages/laravel-mcp.git/main/tests/Unit/Registry/Contracts/RegistryInterfaceTest.php" tests="25" assertions="66" errors="0" failures="0" skipped="0" time="0.124371">
        <testcase name="test_register_component_without_metadata" file="/home/jeremyfall/Internal/JTD-Packages/laravel-mcp.git/main/tests/Unit/Registry/Contracts/RegistryInterfaceTest.php" line="31" class="JTD\LaravelMCP\Tests\Unit\Registry\Contracts\RegistryInterfaceTest" classname="JTD.LaravelMCP.Tests.Unit.Registry.Contracts.RegistryInterfaceTest" assertions="1" time="0.004489"/>
        <testcase name="test_register_component_with_metadata" file="/home/jeremyfall/Internal/JTD-Packages/laravel-mcp.git/main/tests/Unit/Registry/Contracts/RegistryInterfaceTest.php" line="47" class="JTD\LaravelMCP\Tests\Unit\Registry\Contracts\RegistryInterfaceTest" classname="JTD.LaravelMCP.Tests.Unit.Registry.Contracts.RegistryInterfaceTest" assertions="1" time="0.004890"/>
        <testcase name="test_unregister_existing_component" file="/home/jeremyfall/Internal/JTD-Packages/laravel-mcp.git/main/tests/Unit/Registry/Contracts/RegistryInterfaceTest.php" line="67" class="JTD\LaravelMCP\Tests\Unit\Registry\Contracts\RegistryInterfaceTest" classname="JTD.LaravelMCP.Tests.Unit.Registry.Contracts.RegistryInterfaceTest" assertions="2" time="0.004666"/>
        <testcase name="test_get_existing_component" file="/home/jeremyfall/Internal/JTD-Packages/laravel-mcp.git/main/tests/Unit/Registry/Contracts/RegistryInterfaceTest.php" line="127" class="JTD\LaravelMCP\Tests\Unit\Registry\Contracts\RegistryInterfaceTest" classname="JTD.LaravelMCP.Tests.Unit.Registry.Contracts.RegistryInterfaceTest" assertions="2" time="0.004938"/>
        <testcase name="test_get_non_existing_component_throws_exception" file="/home/jeremyfall/Internal/JTD-Packages/laravel-mcp.git/main/tests/Unit/Registry/Contracts/RegistryInterfaceTest.php" line="146" class="JTD\LaravelMCP\Tests\Unit\Registry\Contracts\RegistryInterfaceTest" classname="JTD.LaravelMCP.Tests.Unit.Registry.Contracts.RegistryInterfaceTest" assertions="3" time="0.004563"/>
        <testcase name="test_all_returns_all_components" file="/home/jeremyfall/Internal/JTD-Packages/laravel-mcp.git/main/tests/Unit/Registry/Contracts/RegistryInterfaceTest.php" line="163" class="JTD\LaravelMCP\Tests\Unit\Registry\Contracts\RegistryInterfaceTest" classname="JTD.LaravelMCP.Tests.Unit.Registry.Contracts.RegistryInterfaceTest" assertions="2" time="0.004602"/>
        <testcase name="test_all_returns_empty_array" file="/home/jeremyfall/Internal/JTD-Packages/laravel-mcp.git/main/tests/Unit/Registry/Contracts/RegistryInterfaceTest.php" line="184" class="JTD\LaravelMCP\Tests\Unit\Registry\Contracts\RegistryInterfaceTest" classname="JTD.LaravelMCP.Tests.Unit.Registry.Contracts.RegistryInterfaceTest" assertions="2" time="0.004597"/>
        <testcase name="test_names_returns_component_names" file="/home/jeremyfall/Internal/JTD-Packages/laravel-mcp.git/main/tests/Unit/Registry/Contracts/RegistryInterfaceTest.php" line="199" class="JTD\LaravelMCP\Tests\Unit\Registry\Contracts\RegistryInterfaceTest" classname="JTD.LaravelMCP.Tests.Unit.Registry.Contracts.RegistryInterfaceTest" assertions="2" time="0.004925"/>
        <testcase name="test_count_returns_component_count" file="/home/jeremyfall/Internal/JTD-Packages/laravel-mcp.git/main/tests/Unit/Registry/Contracts/RegistryInterfaceTest.php" line="216" class="JTD\LaravelMCP\Tests\Unit\Registry\Contracts\RegistryInterfaceTest" classname="JTD.LaravelMCP.Tests.Unit.Registry.Contracts.RegistryInterfaceTest" assertions="2" time="0.004824"/>
        <testcase name="test_count_returns_zero" file="/home/jeremyfall/Internal/JTD-Packages/laravel-mcp.git/main/tests/Unit/Registry/Contracts/RegistryInterfaceTest.php" line="231" class="JTD\LaravelMCP\Tests\Unit\Registry\Contracts\RegistryInterfaceTest" classname="JTD.LaravelMCP.Tests.Unit.Registry.Contracts.RegistryInterfaceTest" assertions="2" time="0.005056"/>
        <testcase name="test_clear_removes_all_components" file="/home/jeremyfall/Internal/JTD-Packages/laravel-mcp.git/main/tests/Unit/Registry/Contracts/RegistryInterfaceTest.php" line="246" class="JTD\LaravelMCP\Tests\Unit\Registry\Contracts\RegistryInterfaceTest" classname="JTD.LaravelMCP.Tests.Unit.Registry.Contracts.RegistryInterfaceTest" assertions="1" time="0.004577"/>
        <testcase name="test_get_metadata_returns_metadata" file="/home/jeremyfall/Internal/JTD-Packages/laravel-mcp.git/main/tests/Unit/Registry/Contracts/RegistryInterfaceTest.php" line="258" class="JTD\LaravelMCP\Tests\Unit\Registry\Contracts\RegistryInterfaceTest" classname="JTD.LaravelMCP.Tests.Unit.Registry.Contracts.RegistryInterfaceTest" assertions="2" time="0.004632"/>
        <testcase name="test_get_metadata_returns_empty_array" file="/home/jeremyfall/Internal/JTD-Packages/laravel-mcp.git/main/tests/Unit/Registry/Contracts/RegistryInterfaceTest.php" line="280" class="JTD\LaravelMCP\Tests\Unit\Registry\Contracts\RegistryInterfaceTest" classname="JTD.LaravelMCP.Tests.Unit.Registry.Contracts.RegistryInterfaceTest" assertions="2" time="0.004806"/>
        <testcase name="test_filter_with_criteria" file="/home/jeremyfall/Internal/JTD-Packages/laravel-mcp.git/main/tests/Unit/Registry/Contracts/RegistryInterfaceTest.php" line="296" class="JTD\LaravelMCP\Tests\Unit\Registry\Contracts\RegistryInterfaceTest" classname="JTD.LaravelMCP.Tests.Unit.Registry.Contracts.RegistryInterfaceTest" assertions="2" time="0.004797"/>
        <testcase name="test_filter_returns_empty_when_no_matches" file="/home/jeremyfall/Internal/JTD-Packages/laravel-mcp.git/main/tests/Unit/Registry/Contracts/RegistryInterfaceTest.php" line="322" class="JTD\LaravelMCP\Tests\Unit\Registry\Contracts\RegistryInterfaceTest" classname="JTD.LaravelMCP.Tests.Unit.Registry.Contracts.RegistryInterfaceTest" assertions="2" time="0.004828"/>
        <testcase name="test_search_with_pattern" file="/home/jeremyfall/Internal/JTD-Packages/laravel-mcp.git/main/tests/Unit/Registry/Contracts/RegistryInterfaceTest.php" line="340" class="JTD\LaravelMCP\Tests\Unit\Registry\Contracts\RegistryInterfaceTest" classname="JTD.LaravelMCP.Tests.Unit.Registry.Contracts.RegistryInterfaceTest" assertions="2" time="0.004901"/>
        <testcase name="test_get_type_returns_registry_type" file="/home/jeremyfall/Internal/JTD-Packages/laravel-mcp.git/main/tests/Unit/Registry/Contracts/RegistryInterfaceTest.php" line="386" class="JTD\LaravelMCP\Tests\Unit\Registry\Contracts\RegistryInterfaceTest" classname="JTD.LaravelMCP.Tests.Unit.Registry.Contracts.RegistryInterfaceTest" assertions="2" time="0.005299"/>
        <testcase name="test_filter_multiple_criteria" file="/home/jeremyfall/Internal/JTD-Packages/laravel-mcp.git/main/tests/Unit/Registry/Contracts/RegistryInterfaceTest.php" line="504" class="JTD\LaravelMCP\Tests\Unit\Registry\Contracts\RegistryInterfaceTest" classname="JTD.LaravelMCP.Tests.Unit.Registry.Contracts.RegistryInterfaceTest" assertions="3" time="0.005472"/>
        <testcase name="test_registry_types" file="/home/jeremyfall/Internal/JTD-Packages/laravel-mcp.git/main/tests/Unit/Registry/Contracts/RegistryInterfaceTest.php" line="531" class="JTD\LaravelMCP\Tests\Unit\Registry\Contracts\RegistryInterfaceTest" classname="JTD.LaravelMCP.Tests.Unit.Registry.Contracts.RegistryInterfaceTest" assertions="6" time="0.005442"/>
        <testcase name="test_unregister_non_existing_component" file="/home/jeremyfall/Internal/JTD-Packages/laravel-mcp.git/main/tests/Unit/Registry/Contracts/RegistryInterfaceTest.php" line="83" class="JTD\LaravelMCP\Tests\Unit\Registry\Contracts\RegistryInterfaceTest" classname="JTD.LaravelMCP.Tests.Unit.Registry.Contracts.RegistryInterfaceTest" assertions="2" time="0.005498"/>
        <testcase name="test_has_existing_component" file="/home/jeremyfall/Internal/JTD-Packages/laravel-mcp.git/main/tests/Unit/Registry/Contracts/RegistryInterfaceTest.php" line="99" class="JTD\LaravelMCP\Tests\Unit\Registry\Contracts\RegistryInterfaceTest" classname="JTD.LaravelMCP.Tests.Unit.Registry.Contracts.RegistryInterfaceTest" assertions="2" time="0.005034"/>
        <testcase name="test_has_non_existing_component" file="/home/jeremyfall/Internal/JTD-Packages/laravel-mcp.git/main/tests/Unit/Registry/Contracts/RegistryInterfaceTest.php" line="113" class="JTD\LaravelMCP\Tests\Unit\Registry\Contracts\RegistryInterfaceTest" classname="JTD.LaravelMCP.Tests.Unit.Registry.Contracts.RegistryInterfaceTest" assertions="2" time="0.005095"/>
        <testcase name="test_search_with_regex_pattern" file="/home/jeremyfall/Internal/JTD-Packages/laravel-mcp.git/main/tests/Unit/Registry/Contracts/RegistryInterfaceTest.php" line="363" class="JTD\LaravelMCP\Tests\Unit\Registry\Contracts\RegistryInterfaceTest" classname="JTD.LaravelMCP.Tests.Unit.Registry.Contracts.RegistryInterfaceTest" assertions="2" time="0.005386"/>
        <testcase name="test_registration_lifecycle" file="/home/jeremyfall/Internal/JTD-Packages/laravel-mcp.git/main/tests/Unit/Registry/Contracts/RegistryInterfaceTest.php" line="401" class="JTD\LaravelMCP\Tests\Unit\Registry\Contracts\RegistryInterfaceTest" classname="JTD.LaravelMCP.Tests.Unit.Registry.Contracts.RegistryInterfaceTest" assertions="5" time="0.005371"/>
        <testcase name="test_multiple_component_operations" file="/home/jeremyfall/Internal/JTD-Packages/laravel-mcp.git/main/tests/Unit/Registry/Contracts/RegistryInterfaceTest.php" line="451" class="JTD\LaravelMCP\Tests\Unit\Registry\Contracts\RegistryInterfaceTest" classname="JTD.LaravelMCP.Tests.Unit.Registry.Contracts.RegistryInterfaceTest" assertions="12" time="0.005683"/>
      </testsuite>
      <testsuite name="JTD\LaravelMCP\Tests\Unit\Server\CapabilityManagerTest" file="/home/jeremyfall/Internal/JTD-Packages/laravel-mcp.git/main/tests/Unit/Server/CapabilityManagerTest.php" tests="20" assertions="62" errors="0" failures="0" skipped="0" time="0.107418">
        <testcase name="test_can_create_capability_manager_instance" file="/home/jeremyfall/Internal/JTD-Packages/laravel-mcp.git/main/tests/Unit/Server/CapabilityManagerTest.php" line="31" class="JTD\LaravelMCP\Tests\Unit\Server\CapabilityManagerTest" classname="JTD.LaravelMCP.Tests.Unit.Server.CapabilityManagerTest" assertions="1" time="0.004551"/>
        <testcase name="test_initializes_server_capabilities_from_config" file="/home/jeremyfall/Internal/JTD-Packages/laravel-mcp.git/main/tests/Unit/Server/CapabilityManagerTest.php" line="36" class="JTD\LaravelMCP\Tests\Unit\Server\CapabilityManagerTest" classname="JTD.LaravelMCP.Tests.Unit.Server.CapabilityManagerTest" assertions="2" time="0.004540"/>
        <testcase name="test_can_update_server_capabilities_before_negotiation" file="/home/jeremyfall/Internal/JTD-Packages/laravel-mcp.git/main/tests/Unit/Server/CapabilityManagerTest.php" line="135" class="JTD\LaravelMCP\Tests\Unit\Server\CapabilityManagerTest" classname="JTD.LaravelMCP.Tests.Unit.Server.CapabilityManagerTest" assertions="2" time="0.004438"/>
        <testcase name="test_can_lock_capabilities" file="/home/jeremyfall/Internal/JTD-Packages/laravel-mcp.git/main/tests/Unit/Server/CapabilityManagerTest.php" line="180" class="JTD\LaravelMCP\Tests\Unit\Server\CapabilityManagerTest" classname="JTD.LaravelMCP.Tests.Unit.Server.CapabilityManagerTest" assertions="2" time="0.004573"/>
        <testcase name="test_creates_dynamic_capabilities" file="/home/jeremyfall/Internal/JTD-Packages/laravel-mcp.git/main/tests/Unit/Server/CapabilityManagerTest.php" line="306" class="JTD\LaravelMCP\Tests\Unit\Server\CapabilityManagerTest" classname="JTD.LaravelMCP.Tests.Unit.Server.CapabilityManagerTest" assertions="4" time="0.004791"/>
        <testcase name="test_can_negotiate_capabilities_with_client" file="/home/jeremyfall/Internal/JTD-Packages/laravel-mcp.git/main/tests/Unit/Server/CapabilityManagerTest.php" line="48" class="JTD\LaravelMCP\Tests\Unit\Server\CapabilityManagerTest" classname="JTD.LaravelMCP.Tests.Unit.Server.CapabilityManagerTest" assertions="4" time="0.005250"/>
        <testcase name="test_can_check_if_capability_is_enabled" file="/home/jeremyfall/Internal/JTD-Packages/laravel-mcp.git/main/tests/Unit/Server/CapabilityManagerTest.php" line="87" class="JTD\LaravelMCP\Tests\Unit\Server\CapabilityManagerTest" classname="JTD.LaravelMCP.Tests.Unit.Server.CapabilityManagerTest" assertions="3" time="0.004902"/>
        <testcase name="test_can_check_if_feature_is_enabled" file="/home/jeremyfall/Internal/JTD-Packages/laravel-mcp.git/main/tests/Unit/Server/CapabilityManagerTest.php" line="101" class="JTD\LaravelMCP\Tests\Unit\Server\CapabilityManagerTest" classname="JTD.LaravelMCP.Tests.Unit.Server.CapabilityManagerTest" assertions="3" time="0.004782"/>
        <testcase name="test_can_get_capability_info" file="/home/jeremyfall/Internal/JTD-Packages/laravel-mcp.git/main/tests/Unit/Server/CapabilityManagerTest.php" line="119" class="JTD\LaravelMCP\Tests\Unit\Server\CapabilityManagerTest" classname="JTD.LaravelMCP.Tests.Unit.Server.CapabilityManagerTest" assertions="2" time="0.005451"/>
        <testcase name="test_cannot_update_capabilities_after_negotiation" file="/home/jeremyfall/Internal/JTD-Packages/laravel-mcp.git/main/tests/Unit/Server/CapabilityManagerTest.php" line="148" class="JTD\LaravelMCP\Tests\Unit\Server\CapabilityManagerTest" classname="JTD.LaravelMCP.Tests.Unit.Server.CapabilityManagerTest" assertions="2" time="0.005304"/>
        <testcase name="test_can_reset_capabilities" file="/home/jeremyfall/Internal/JTD-Packages/laravel-mcp.git/main/tests/Unit/Server/CapabilityManagerTest.php" line="163" class="JTD\LaravelMCP\Tests\Unit\Server\CapabilityManagerTest" classname="JTD.LaravelMCP.Tests.Unit.Server.CapabilityManagerTest" assertions="3" time="0.005602"/>
        <testcase name="test_validates_resources_capability" file="/home/jeremyfall/Internal/JTD-Packages/laravel-mcp.git/main/tests/Unit/Server/CapabilityManagerTest.php" line="224" class="JTD\LaravelMCP\Tests\Unit\Server\CapabilityManagerTest" classname="JTD.LaravelMCP.Tests.Unit.Server.CapabilityManagerTest" assertions="1" time="0.007006"/>
        <testcase name="test_gets_mcp10_requirements" file="/home/jeremyfall/Internal/JTD-Packages/laravel-mcp.git/main/tests/Unit/Server/CapabilityManagerTest.php" line="266" class="JTD\LaravelMCP\Tests\Unit\Server\CapabilityManagerTest" classname="JTD.LaravelMCP.Tests.Unit.Server.CapabilityManagerTest" assertions="9" time="0.007790"/>
        <testcase name="test_validates_mcp10_compliance" file="/home/jeremyfall/Internal/JTD-Packages/laravel-mcp.git/main/tests/Unit/Server/CapabilityManagerTest.php" line="283" class="JTD\LaravelMCP\Tests\Unit\Server\CapabilityManagerTest" classname="JTD.LaravelMCP.Tests.Unit.Server.CapabilityManagerTest" assertions="5" time="0.005906"/>
        <testcase name="test_gets_detailed_capability_info" file="/home/jeremyfall/Internal/JTD-Packages/laravel-mcp.git/main/tests/Unit/Server/CapabilityManagerTest.php" line="320" class="JTD\LaravelMCP\Tests\Unit\Server\CapabilityManagerTest" classname="JTD.LaravelMCP.Tests.Unit.Server.CapabilityManagerTest" assertions="9" time="0.005600"/>
        <testcase name="test_prevents_double_negotiation" file="/home/jeremyfall/Internal/JTD-Packages/laravel-mcp.git/main/tests/Unit/Server/CapabilityManagerTest.php" line="340" class="JTD\LaravelMCP\Tests\Unit\Server\CapabilityManagerTest" classname="JTD.LaravelMCP.Tests.Unit.Server.CapabilityManagerTest" assertions="1" time="0.005564"/>
        <testcase name="test_creates_minimal_capabilities_when_empty" file="/home/jeremyfall/Internal/JTD-Packages/laravel-mcp.git/main/tests/Unit/Server/CapabilityManagerTest.php" line="354" class="JTD\LaravelMCP\Tests\Unit\Server\CapabilityManagerTest" classname="JTD.LaravelMCP.Tests.Unit.Server.CapabilityManagerTest" assertions="1" time="0.005367"/>
        <testcase name="test_validates_logging_capability" file="/home/jeremyfall/Internal/JTD-Packages/laravel-mcp.git/main/tests/Unit/Server/CapabilityManagerTest.php" line="238" class="JTD\LaravelMCP\Tests\Unit\Server\CapabilityManagerTest" classname="JTD.LaravelMCP.Tests.Unit.Server.CapabilityManagerTest" assertions="2" time="0.005365"/>
        <testcase name="test_adjusts_capabilities_for_empty_components" file="/home/jeremyfall/Internal/JTD-Packages/laravel-mcp.git/main/tests/Unit/Server/CapabilityManagerTest.php" line="68" class="JTD\LaravelMCP\Tests\Unit\Server\CapabilityManagerTest" classname="JTD.LaravelMCP.Tests.Unit.Server.CapabilityManagerTest" assertions="3" time="0.005337"/>
        <testcase name="test_validates_tools_capability" file="/home/jeremyfall/Internal/JTD-Packages/laravel-mcp.git/main/tests/Unit/Server/CapabilityManagerTest.php" line="189" class="JTD\LaravelMCP\Tests\Unit\Server\CapabilityManagerTest" classname="JTD.LaravelMCP.Tests.Unit.Server.CapabilityManagerTest" assertions="3" time="0.005300"/>
      </testsuite>
      <testsuite name="JTD\LaravelMCP\Tests\Unit\Server\Handlers\BaseHandlerTest" file="/home/jeremyfall/Internal/JTD-Packages/laravel-mcp.git/main/tests/Unit/Server/Handlers/BaseHandlerTest.php" tests="34" assertions="74" errors="0" failures="0" skipped="0" time="0.179197">
        <testcase name="handle_exception_preserves_protocol_exception_details" file="/home/jeremyfall/Internal/JTD-Packages/laravel-mcp.git/main/tests/Unit/Server/Handlers/BaseHandlerTest.php" line="280" class="JTD\LaravelMCP\Tests\Unit\Server\Handlers\BaseHandlerTest" classname="JTD.LaravelMCP.Tests.Unit.Server.Handlers.BaseHandlerTest" assertions="4" time="0.004915"/>
        <testsuite name="JTD\LaravelMCP\Tests\Unit\Server\Handlers\BaseHandlerTest::format_content_handles_different_types_correctly" tests="7" assertions="7" errors="0" failures="0" skipped="0" time="0.034825">
          <testcase name="format_content_handles_different_types_correctly with data set &quot;string as text&quot;" file="/home/jeremyfall/Internal/JTD-Packages/laravel-mcp.git/main/tests/Unit/Server/Handlers/BaseHandlerTest.php" line="324" class="JTD\LaravelMCP\Tests\Unit\Server\Handlers\BaseHandlerTest" classname="JTD.LaravelMCP.Tests.Unit.Server.Handlers.BaseHandlerTest" assertions="1" time="0.004730"/>
          <testcase name="format_content_handles_different_types_correctly with data set &quot;array as text&quot;" file="/home/jeremyfall/Internal/JTD-Packages/laravel-mcp.git/main/tests/Unit/Server/Handlers/BaseHandlerTest.php" line="324" class="JTD\LaravelMCP\Tests\Unit\Server\Handlers\BaseHandlerTest" classname="JTD.LaravelMCP.Tests.Unit.Server.Handlers.BaseHandlerTest" assertions="1" time="0.004746"/>
          <testcase name="format_content_handles_different_types_correctly with data set &quot;string as json&quot;" file="/home/jeremyfall/Internal/JTD-Packages/laravel-mcp.git/main/tests/Unit/Server/Handlers/BaseHandlerTest.php" line="324" class="JTD\LaravelMCP\Tests\Unit\Server\Handlers\BaseHandlerTest" classname="JTD.LaravelMCP.Tests.Unit.Server.Handlers.BaseHandlerTest" assertions="1" time="0.004894"/>
          <testcase name="format_content_handles_different_types_correctly with data set &quot;array as json&quot;" file="/home/jeremyfall/Internal/JTD-Packages/laravel-mcp.git/main/tests/Unit/Server/Handlers/BaseHandlerTest.php" line="324" class="JTD\LaravelMCP\Tests\Unit\Server\Handlers\BaseHandlerTest" classname="JTD.LaravelMCP.Tests.Unit.Server.Handlers.BaseHandlerTest" assertions="1" time="0.005121"/>
          <testcase name="format_content_handles_different_types_correctly with data set &quot;resource type&quot;" file="/home/jeremyfall/Internal/JTD-Packages/laravel-mcp.git/main/tests/Unit/Server/Handlers/BaseHandlerTest.php" line="324" class="JTD\LaravelMCP\Tests\Unit\Server\Handlers\BaseHandlerTest" classname="JTD.LaravelMCP.Tests.Unit.Server.Handlers.BaseHandlerTest" assertions="1" time="0.004916"/>
          <testcase name="format_content_handles_different_types_correctly with data set &quot;unknown type defaults to text&quot;" file="/home/jeremyfall/Internal/JTD-Packages/laravel-mcp.git/main/tests/Unit/Server/Handlers/BaseHandlerTest.php" line="324" class="JTD\LaravelMCP\Tests\Unit\Server\Handlers\BaseHandlerTest" classname="JTD.LaravelMCP.Tests.Unit.Server.Handlers.BaseHandlerTest" assertions="1" time="0.005503"/>
          <testcase name="format_content_handles_different_types_correctly with data set &quot;number as text&quot;" file="/home/jeremyfall/Internal/JTD-Packages/laravel-mcp.git/main/tests/Unit/Server/Handlers/BaseHandlerTest.php" line="324" class="JTD\LaravelMCP\Tests\Unit\Server\Handlers\BaseHandlerTest" classname="JTD.LaravelMCP.Tests.Unit.Server.Handlers.BaseHandlerTest" assertions="1" time="0.004914"/>
        </testsuite>
        <testcase name="constructor_defaults_to_non_debug_mode" file="/home/jeremyfall/Internal/JTD-Packages/laravel-mcp.git/main/tests/Unit/Server/Handlers/BaseHandlerTest.php" line="50" class="JTD\LaravelMCP\Tests\Unit\Server\Handlers\BaseHandlerTest" classname="JTD.LaravelMCP.Tests.Unit.Server.Handlers.BaseHandlerTest" assertions="1" time="0.004563"/>
        <testcase name="set_debug_updates_debug_mode" file="/home/jeremyfall/Internal/JTD-Packages/laravel-mcp.git/main/tests/Unit/Server/Handlers/BaseHandlerTest.php" line="58" class="JTD\LaravelMCP\Tests\Unit\Server\Handlers\BaseHandlerTest" classname="JTD.LaravelMCP.Tests.Unit.Server.Handlers.BaseHandlerTest" assertions="3" time="0.008928"/>
        <testcase name="validate_request_passes_with_valid_parameters" file="/home/jeremyfall/Internal/JTD-Packages/laravel-mcp.git/main/tests/Unit/Server/Handlers/BaseHandlerTest.php" line="70" class="JTD\LaravelMCP\Tests\Unit\Server\Handlers\BaseHandlerTest" classname="JTD.LaravelMCP.Tests.Unit.Server.Handlers.BaseHandlerTest" assertions="0" time="0.004787"/>
        <testcase name="validate_request_passes_with_empty_rules" file="/home/jeremyfall/Internal/JTD-Packages/laravel-mcp.git/main/tests/Unit/Server/Handlers/BaseHandlerTest.php" line="82" class="JTD\LaravelMCP\Tests\Unit\Server\Handlers\BaseHandlerTest" classname="JTD.LaravelMCP.Tests.Unit.Server.Handlers.BaseHandlerTest" assertions="0" time="0.004811"/>
        <testcase name="validate_required_params_passes_with_all_required_present" file="/home/jeremyfall/Internal/JTD-Packages/laravel-mcp.git/main/tests/Unit/Server/Handlers/BaseHandlerTest.php" line="132" class="JTD\LaravelMCP\Tests\Unit\Server\Handlers\BaseHandlerTest" classname="JTD.LaravelMCP.Tests.Unit.Server.Handlers.BaseHandlerTest" assertions="0" time="0.004879"/>
        <testcase name="validate_required_params_passes_with_empty_required_list" file="/home/jeremyfall/Internal/JTD-Packages/laravel-mcp.git/main/tests/Unit/Server/Handlers/BaseHandlerTest.php" line="144" class="JTD\LaravelMCP\Tests\Unit\Server\Handlers\BaseHandlerTest" classname="JTD.LaravelMCP.Tests.Unit.Server.Handlers.BaseHandlerTest" assertions="0" time="0.004618"/>
        <testcase name="supports_method_returns_true_for_supported_methods" file="/home/jeremyfall/Internal/JTD-Packages/laravel-mcp.git/main/tests/Unit/Server/Handlers/BaseHandlerTest.php" line="224" class="JTD\LaravelMCP\Tests\Unit\Server\Handlers\BaseHandlerTest" classname="JTD.LaravelMCP.Tests.Unit.Server.Handlers.BaseHandlerTest" assertions="2" time="0.005234"/>
        <testcase name="supports_method_returns_false_for_unsupported_methods" file="/home/jeremyfall/Internal/JTD-Packages/laravel-mcp.git/main/tests/Unit/Server/Handlers/BaseHandlerTest.php" line="231" class="JTD\LaravelMCP\Tests\Unit\Server\Handlers\BaseHandlerTest" classname="JTD.LaravelMCP.Tests.Unit.Server.Handlers.BaseHandlerTest" assertions="2" time="0.005146"/>
        <testcase name="get_supported_methods_returns_expected_methods" file="/home/jeremyfall/Internal/JTD-Packages/laravel-mcp.git/main/tests/Unit/Server/Handlers/BaseHandlerTest.php" line="238" class="JTD\LaravelMCP\Tests\Unit\Server\Handlers\BaseHandlerTest" classname="JTD.LaravelMCP.Tests.Unit.Server.Handlers.BaseHandlerTest" assertions="1" time="0.005060"/>
        <testcase name="debug_logging_works_when_debug_enabled" file="/home/jeremyfall/Internal/JTD-Packages/laravel-mcp.git/main/tests/Unit/Server/Handlers/BaseHandlerTest.php" line="398" class="JTD\LaravelMCP\Tests\Unit\Server\Handlers\BaseHandlerTest" classname="JTD.LaravelMCP.Tests.Unit.Server.Handlers.BaseHandlerTest" assertions="1" time="0.005193"/>
        <testcase name="constructor_logs_initialization_when_debug_enabled" file="/home/jeremyfall/Internal/JTD-Packages/laravel-mcp.git/main/tests/Unit/Server/Handlers/BaseHandlerTest.php" line="411" class="JTD\LaravelMCP\Tests\Unit\Server\Handlers\BaseHandlerTest" classname="JTD.LaravelMCP.Tests.Unit.Server.Handlers.BaseHandlerTest" assertions="1" time="0.005138"/>
        <testcase name="constructor_does_not_log_when_debug_disabled" file="/home/jeremyfall/Internal/JTD-Packages/laravel-mcp.git/main/tests/Unit/Server/Handlers/BaseHandlerTest.php" line="423" class="JTD\LaravelMCP\Tests\Unit\Server\Handlers\BaseHandlerTest" classname="JTD.LaravelMCP.Tests.Unit.Server.Handlers.BaseHandlerTest" assertions="1" time="0.005080"/>
        <testcase name="constructor_sets_handler_name_and_debug_mode" file="/home/jeremyfall/Internal/JTD-Packages/laravel-mcp.git/main/tests/Unit/Server/Handlers/BaseHandlerTest.php" line="41" class="JTD\LaravelMCP\Tests\Unit\Server\Handlers\BaseHandlerTest" classname="JTD.LaravelMCP.Tests.Unit.Server.Handlers.BaseHandlerTest" assertions="2" time="0.005497"/>
        <testcase name="validate_request_throws_protocol_exception_with_invalid_parameters" file="/home/jeremyfall/Internal/JTD-Packages/laravel-mcp.git/main/tests/Unit/Server/Handlers/BaseHandlerTest.php" line="94" class="JTD\LaravelMCP\Tests\Unit\Server\Handlers\BaseHandlerTest" classname="JTD.LaravelMCP.Tests.Unit.Server.Handlers.BaseHandlerTest" assertions="3" time="0.005494"/>
        <testcase name="validate_request_throws_protocol_exception_with_missing_required_parameters" file="/home/jeremyfall/Internal/JTD-Packages/laravel-mcp.git/main/tests/Unit/Server/Handlers/BaseHandlerTest.php" line="107" class="JTD\LaravelMCP\Tests\Unit\Server\Handlers\BaseHandlerTest" classname="JTD.LaravelMCP.Tests.Unit.Server.Handlers.BaseHandlerTest" assertions="2" time="0.005647"/>
        <testcase name="validate_request_uses_custom_error_messages" file="/home/jeremyfall/Internal/JTD-Packages/laravel-mcp.git/main/tests/Unit/Server/Handlers/BaseHandlerTest.php" line="119" class="JTD\LaravelMCP\Tests\Unit\Server\Handlers\BaseHandlerTest" classname="JTD.LaravelMCP.Tests.Unit.Server.Handlers.BaseHandlerTest" assertions="2" time="0.005343"/>
        <testcase name="validate_required_params_throws_protocol_exception_with_missing_parameters" file="/home/jeremyfall/Internal/JTD-Packages/laravel-mcp.git/main/tests/Unit/Server/Handlers/BaseHandlerTest.php" line="156" class="JTD\LaravelMCP\Tests\Unit\Server\Handlers\BaseHandlerTest" classname="JTD.LaravelMCP.Tests.Unit.Server.Handlers.BaseHandlerTest" assertions="3" time="0.005098"/>
        <testcase name="create_success_response_returns_result_without_metadata" file="/home/jeremyfall/Internal/JTD-Packages/laravel-mcp.git/main/tests/Unit/Server/Handlers/BaseHandlerTest.php" line="169" class="JTD\LaravelMCP\Tests\Unit\Server\Handlers\BaseHandlerTest" classname="JTD.LaravelMCP.Tests.Unit.Server.Handlers.BaseHandlerTest" assertions="2" time="0.005488"/>
        <testcase name="create_success_response_adds_metadata_when_requested" file="/home/jeremyfall/Internal/JTD-Packages/laravel-mcp.git/main/tests/Unit/Server/Handlers/BaseHandlerTest.php" line="180" class="JTD\LaravelMCP\Tests\Unit\Server\Handlers\BaseHandlerTest" classname="JTD.LaravelMCP.Tests.Unit.Server.Handlers.BaseHandlerTest" assertions="5" time="0.005621"/>
        <testcase name="create_error_response_returns_proper_structure" file="/home/jeremyfall/Internal/JTD-Packages/laravel-mcp.git/main/tests/Unit/Server/Handlers/BaseHandlerTest.php" line="195" class="JTD\LaravelMCP\Tests\Unit\Server\Handlers\BaseHandlerTest" classname="JTD.LaravelMCP.Tests.Unit.Server.Handlers.BaseHandlerTest" assertions="4" time="0.005139"/>
        <testcase name="create_error_response_includes_data_when_provided" file="/home/jeremyfall/Internal/JTD-Packages/laravel-mcp.git/main/tests/Unit/Server/Handlers/BaseHandlerTest.php" line="209" class="JTD\LaravelMCP\Tests\Unit\Server\Handlers\BaseHandlerTest" classname="JTD.LaravelMCP.Tests.Unit.Server.Handlers.BaseHandlerTest" assertions="4" time="0.005179"/>
        <testcase name="sanitize_for_logging_removes_sensitive_keys" file="/home/jeremyfall/Internal/JTD-Packages/laravel-mcp.git/main/tests/Unit/Server/Handlers/BaseHandlerTest.php" line="246" class="JTD\LaravelMCP\Tests\Unit\Server\Handlers\BaseHandlerTest" classname="JTD.LaravelMCP.Tests.Unit.Server.Handlers.BaseHandlerTest" assertions="8" time="0.004931"/>
        <testcase name="sanitize_for_logging_handles_empty_array" file="/home/jeremyfall/Internal/JTD-Packages/laravel-mcp.git/main/tests/Unit/Server/Handlers/BaseHandlerTest.php" line="272" class="JTD\LaravelMCP\Tests\Unit\Server\Handlers\BaseHandlerTest" classname="JTD.LaravelMCP.Tests.Unit.Server.Handlers.BaseHandlerTest" assertions="1" time="0.005268"/>
        <testcase name="handle_exception_converts_generic_exception_to_internal_error" file="/home/jeremyfall/Internal/JTD-Packages/laravel-mcp.git/main/tests/Unit/Server/Handlers/BaseHandlerTest.php" line="293" class="JTD\LaravelMCP\Tests\Unit\Server\Handlers\BaseHandlerTest" classname="JTD.LaravelMCP.Tests.Unit.Server.Handlers.BaseHandlerTest" assertions="4" time="0.005590"/>
        <testcase name="handle_exception_includes_debug_data_when_debug_enabled" file="/home/jeremyfall/Internal/JTD-Packages/laravel-mcp.git/main/tests/Unit/Server/Handlers/BaseHandlerTest.php" line="306" class="JTD\LaravelMCP\Tests\Unit\Server\Handlers\BaseHandlerTest" classname="JTD.LaravelMCP.Tests.Unit.Server.Handlers.BaseHandlerTest" assertions="7" time="0.005715"/>
        <testcase name="logging_methods_use_handler_name_prefix" file="/home/jeremyfall/Internal/JTD-Packages/laravel-mcp.git/main/tests/Unit/Server/Handlers/BaseHandlerTest.php" line="373" class="JTD\LaravelMCP\Tests\Unit\Server\Handlers\BaseHandlerTest" classname="JTD.LaravelMCP.Tests.Unit.Server.Handlers.BaseHandlerTest" assertions="4" time="0.006012"/>
      </testsuite>
      <testsuite name="JTD\LaravelMCP\Tests\Unit\Server\Handlers\PromptHandlerTest" file="/home/jeremyfall/Internal/JTD-Packages/laravel-mcp.git/main/tests/Unit/Server/Handlers/PromptHandlerTest.php" tests="45" assertions="102" errors="0" failures="0" skipped="0" time="0.268707">
        <testcase name="handle_throws_protocol_exception_for_unsupported_method" file="/home/jeremyfall/Internal/JTD-Packages/laravel-mcp.git/main/tests/Unit/Server/Handlers/PromptHandlerTest.php" line="82" class="JTD\LaravelMCP\Tests\Unit\Server\Handlers\PromptHandlerTest" classname="JTD.LaravelMCP.Tests.Unit.Server.Handlers.PromptHandlerTest" assertions="3" time="0.005184"/>
        <testcase name="handle_prompts_list_returns_prompt_definitions" file="/home/jeremyfall/Internal/JTD-Packages/laravel-mcp.git/main/tests/Unit/Server/Handlers/PromptHandlerTest.php" line="108" class="JTD\LaravelMCP\Tests\Unit\Server\Handlers\PromptHandlerTest" classname="JTD.LaravelMCP.Tests.Unit.Server.Handlers.PromptHandlerTest" assertions="5" time="0.005291"/>
        <testcase name="handle_prompts_list_handles_prompt_definition_failures_gracefully" file="/home/jeremyfall/Internal/JTD-Packages/laravel-mcp.git/main/tests/Unit/Server/Handlers/PromptHandlerTest.php" line="135" class="JTD\LaravelMCP\Tests\Unit\Server\Handlers\PromptHandlerTest" classname="JTD.LaravelMCP.Tests.Unit.Server.Handlers.PromptHandlerTest" assertions="6" time="0.005813"/>
        <testcase name="handle_prompts_list_validates_cursor_parameter" file="/home/jeremyfall/Internal/JTD-Packages/laravel-mcp.git/main/tests/Unit/Server/Handlers/PromptHandlerTest.php" line="174" class="JTD\LaravelMCP\Tests\Unit\Server\Handlers\PromptHandlerTest" classname="JTD.LaravelMCP.Tests.Unit.Server.Handlers.PromptHandlerTest" assertions="2" time="0.005753"/>
        <testcase name="handle_prompts_get_validates_required_parameters" file="/home/jeremyfall/Internal/JTD-Packages/laravel-mcp.git/main/tests/Unit/Server/Handlers/PromptHandlerTest.php" line="234" class="JTD\LaravelMCP\Tests\Unit\Server\Handlers\PromptHandlerTest" classname="JTD.LaravelMCP.Tests.Unit.Server.Handlers.PromptHandlerTest" assertions="2" time="0.005774"/>
        <testcase name="handle_prompts_get_validates_parameter_types" file="/home/jeremyfall/Internal/JTD-Packages/laravel-mcp.git/main/tests/Unit/Server/Handlers/PromptHandlerTest.php" line="243" class="JTD\LaravelMCP\Tests\Unit\Server\Handlers\PromptHandlerTest" classname="JTD.LaravelMCP.Tests.Unit.Server.Handlers.PromptHandlerTest" assertions="2" time="0.006504"/>
        <testcase name="handle_prompts_get_throws_error_for_non_existent_prompt" file="/home/jeremyfall/Internal/JTD-Packages/laravel-mcp.git/main/tests/Unit/Server/Handlers/PromptHandlerTest.php" line="252" class="JTD\LaravelMCP\Tests\Unit\Server\Handlers\PromptHandlerTest" classname="JTD.LaravelMCP.Tests.Unit.Server.Handlers.PromptHandlerTest" assertions="3" time="0.005375"/>
        <testcase name="handle_prompts_get_processes_prompt_with_process_method" file="/home/jeremyfall/Internal/JTD-Packages/laravel-mcp.git/main/tests/Unit/Server/Handlers/PromptHandlerTest.php" line="268" class="JTD\LaravelMCP\Tests\Unit\Server\Handlers\PromptHandlerTest" classname="JTD.LaravelMCP.Tests.Unit.Server.Handlers.PromptHandlerTest" assertions="6" time="0.005839"/>
        <testcase name="handle_prompts_get_processes_prompt_with_get_method" file="/home/jeremyfall/Internal/JTD-Packages/laravel-mcp.git/main/tests/Unit/Server/Handlers/PromptHandlerTest.php" line="308" class="JTD\LaravelMCP\Tests\Unit\Server\Handlers\PromptHandlerTest" classname="JTD.LaravelMCP.Tests.Unit.Server.Handlers.PromptHandlerTest" assertions="3" time="0.005301"/>
        <testcase name="handle_prompts_get_processes_prompt_with_invoke_method" file="/home/jeremyfall/Internal/JTD-Packages/laravel-mcp.git/main/tests/Unit/Server/Handlers/PromptHandlerTest.php" line="343" class="JTD\LaravelMCP\Tests\Unit\Server\Handlers\PromptHandlerTest" classname="JTD.LaravelMCP.Tests.Unit.Server.Handlers.PromptHandlerTest" assertions="4" time="0.005700"/>
        <testcase name="handle_prompts_get_throws_error_for_non_processable_prompt" file="/home/jeremyfall/Internal/JTD-Packages/laravel-mcp.git/main/tests/Unit/Server/Handlers/PromptHandlerTest.php" line="431" class="JTD\LaravelMCP\Tests\Unit\Server\Handlers\PromptHandlerTest" classname="JTD.LaravelMCP.Tests.Unit.Server.Handlers.PromptHandlerTest" assertions="3" time="0.005737"/>
        <testcase name="handle_prompts_get_validates_arguments_if_prompt_supports_it" file="/home/jeremyfall/Internal/JTD-Packages/laravel-mcp.git/main/tests/Unit/Server/Handlers/PromptHandlerTest.php" line="466" class="JTD\LaravelMCP\Tests\Unit\Server\Handlers\PromptHandlerTest" classname="JTD.LaravelMCP.Tests.Unit.Server.Handlers.PromptHandlerTest" assertions="3" time="0.005909"/>
        <testcase name="handle_prompts_get_skips_validation_if_prompt_does_not_support_it" file="/home/jeremyfall/Internal/JTD-Packages/laravel-mcp.git/main/tests/Unit/Server/Handlers/PromptHandlerTest.php" line="497" class="JTD\LaravelMCP\Tests\Unit\Server\Handlers\PromptHandlerTest" classname="JTD.LaravelMCP.Tests.Unit.Server.Handlers.PromptHandlerTest" assertions="2" time="0.006084"/>
        <testcase name="handle_prompts_get_handles_processing_failures" file="/home/jeremyfall/Internal/JTD-Packages/laravel-mcp.git/main/tests/Unit/Server/Handlers/PromptHandlerTest.php" line="528" class="JTD\LaravelMCP\Tests\Unit\Server\Handlers\PromptHandlerTest" classname="JTD.LaravelMCP.Tests.Unit.Server.Handlers.PromptHandlerTest" assertions="3" time="0.006517"/>
        <testcase name="handle_prompts_get_uses_default_empty_arguments_when_not_provided" file="/home/jeremyfall/Internal/JTD-Packages/laravel-mcp.git/main/tests/Unit/Server/Handlers/PromptHandlerTest.php" line="567" class="JTD\LaravelMCP\Tests\Unit\Server\Handlers\PromptHandlerTest" classname="JTD.LaravelMCP.Tests.Unit.Server.Handlers.PromptHandlerTest" assertions="2" time="0.006672"/>
        <testsuite name="JTD\LaravelMCP\Tests\Unit\Server\Handlers\PromptHandlerTest::get_prompt_description_handles_different_description_methods" tests="4" assertions="4" errors="0" failures="0" skipped="0" time="0.022535">
          <testcase name="get_prompt_description_handles_different_description_methods with data set &quot;getDescription method&quot;" file="/home/jeremyfall/Internal/JTD-Packages/laravel-mcp.git/main/tests/Unit/Server/Handlers/PromptHandlerTest.php" line="599" class="JTD\LaravelMCP\Tests\Unit\Server\Handlers\PromptHandlerTest" classname="JTD.LaravelMCP.Tests.Unit.Server.Handlers.PromptHandlerTest" assertions="1" time="0.005481"/>
          <testcase name="get_prompt_description_handles_different_description_methods with data set &quot;description method&quot;" file="/home/jeremyfall/Internal/JTD-Packages/laravel-mcp.git/main/tests/Unit/Server/Handlers/PromptHandlerTest.php" line="599" class="JTD\LaravelMCP\Tests\Unit\Server\Handlers\PromptHandlerTest" classname="JTD.LaravelMCP.Tests.Unit.Server.Handlers.PromptHandlerTest" assertions="1" time="0.006046"/>
          <testcase name="get_prompt_description_handles_different_description_methods with data set &quot;description property&quot;" file="/home/jeremyfall/Internal/JTD-Packages/laravel-mcp.git/main/tests/Unit/Server/Handlers/PromptHandlerTest.php" line="599" class="JTD\LaravelMCP\Tests\Unit\Server\Handlers\PromptHandlerTest" classname="JTD.LaravelMCP.Tests.Unit.Server.Handlers.PromptHandlerTest" assertions="1" time="0.005267"/>
          <testcase name="get_prompt_description_handles_different_description_methods with data set &quot;no description&quot;" file="/home/jeremyfall/Internal/JTD-Packages/laravel-mcp.git/main/tests/Unit/Server/Handlers/PromptHandlerTest.php" line="599" class="JTD\LaravelMCP\Tests\Unit\Server\Handlers\PromptHandlerTest" classname="JTD.LaravelMCP.Tests.Unit.Server.Handlers.PromptHandlerTest" assertions="1" time="0.005741"/>
        </testsuite>
        <testsuite name="JTD\LaravelMCP\Tests\Unit\Server\Handlers\PromptHandlerTest::get_prompt_arguments_handles_different_arguments_methods" tests="4" assertions="4" errors="0" failures="0" skipped="0" time="0.022662">
          <testcase name="get_prompt_arguments_handles_different_arguments_methods with data set &quot;getArguments method&quot;" file="/home/jeremyfall/Internal/JTD-Packages/laravel-mcp.git/main/tests/Unit/Server/Handlers/PromptHandlerTest.php" line="647" class="JTD\LaravelMCP\Tests\Unit\Server\Handlers\PromptHandlerTest" classname="JTD.LaravelMCP.Tests.Unit.Server.Handlers.PromptHandlerTest" assertions="1" time="0.005573"/>
          <testcase name="get_prompt_arguments_handles_different_arguments_methods with data set &quot;arguments method&quot;" file="/home/jeremyfall/Internal/JTD-Packages/laravel-mcp.git/main/tests/Unit/Server/Handlers/PromptHandlerTest.php" line="647" class="JTD\LaravelMCP\Tests\Unit\Server\Handlers\PromptHandlerTest" classname="JTD.LaravelMCP.Tests.Unit.Server.Handlers.PromptHandlerTest" assertions="1" time="0.005239"/>
          <testcase name="get_prompt_arguments_handles_different_arguments_methods with data set &quot;arguments property&quot;" file="/home/jeremyfall/Internal/JTD-Packages/laravel-mcp.git/main/tests/Unit/Server/Handlers/PromptHandlerTest.php" line="647" class="JTD\LaravelMCP\Tests\Unit\Server\Handlers\PromptHandlerTest" classname="JTD.LaravelMCP.Tests.Unit.Server.Handlers.PromptHandlerTest" assertions="1" time="0.005878"/>
          <testcase name="get_prompt_arguments_handles_different_arguments_methods with data set &quot;no arguments&quot;" file="/home/jeremyfall/Internal/JTD-Packages/laravel-mcp.git/main/tests/Unit/Server/Handlers/PromptHandlerTest.php" line="647" class="JTD\LaravelMCP\Tests\Unit\Server\Handlers\PromptHandlerTest" classname="JTD.LaravelMCP.Tests.Unit.Server.Handlers.PromptHandlerTest" assertions="1" time="0.005972"/>
        </testsuite>
        <testsuite name="JTD\LaravelMCP\Tests\Unit\Server\Handlers\PromptHandlerTest::format_prompt_messages_handles_different_result_formats" tests="7" assertions="14" errors="0" failures="0" skipped="0" time="0.043261">
          <testcase name="format_prompt_messages_handles_different_result_formats with data set &quot;array of messages&quot;" file="/home/jeremyfall/Internal/JTD-Packages/laravel-mcp.git/main/tests/Unit/Server/Handlers/PromptHandlerTest.php" line="707" class="JTD\LaravelMCP\Tests\Unit\Server\Handlers\PromptHandlerTest" classname="JTD.LaravelMCP.Tests.Unit.Server.Handlers.PromptHandlerTest" assertions="2" time="0.006129"/>
          <testcase name="format_prompt_messages_handles_different_result_formats with data set &quot;single message object&quot;" file="/home/jeremyfall/Internal/JTD-Packages/laravel-mcp.git/main/tests/Unit/Server/Handlers/PromptHandlerTest.php" line="707" class="JTD\LaravelMCP\Tests\Unit\Server\Handlers\PromptHandlerTest" classname="JTD.LaravelMCP.Tests.Unit.Server.Handlers.PromptHandlerTest" assertions="2" time="0.006485"/>
          <testcase name="format_prompt_messages_handles_different_result_formats with data set &quot;string result&quot;" file="/home/jeremyfall/Internal/JTD-Packages/laravel-mcp.git/main/tests/Unit/Server/Handlers/PromptHandlerTest.php" line="707" class="JTD\LaravelMCP\Tests\Unit\Server\Handlers\PromptHandlerTest" classname="JTD.LaravelMCP.Tests.Unit.Server.Handlers.PromptHandlerTest" assertions="2" time="0.005760"/>
          <testcase name="format_prompt_messages_handles_different_result_formats with data set &quot;array result (not messages)&quot;" file="/home/jeremyfall/Internal/JTD-Packages/laravel-mcp.git/main/tests/Unit/Server/Handlers/PromptHandlerTest.php" line="707" class="JTD\LaravelMCP\Tests\Unit\Server\Handlers\PromptHandlerTest" classname="JTD.LaravelMCP.Tests.Unit.Server.Handlers.PromptHandlerTest" assertions="2" time="0.006058"/>
          <testcase name="format_prompt_messages_handles_different_result_formats with data set &quot;object result&quot;" file="/home/jeremyfall/Internal/JTD-Packages/laravel-mcp.git/main/tests/Unit/Server/Handlers/PromptHandlerTest.php" line="707" class="JTD\LaravelMCP\Tests\Unit\Server\Handlers\PromptHandlerTest" classname="JTD.LaravelMCP.Tests.Unit.Server.Handlers.PromptHandlerTest" assertions="2" time="0.005467"/>
          <testcase name="format_prompt_messages_handles_different_result_formats with data set &quot;number result&quot;" file="/home/jeremyfall/Internal/JTD-Packages/laravel-mcp.git/main/tests/Unit/Server/Handlers/PromptHandlerTest.php" line="707" class="JTD\LaravelMCP\Tests\Unit\Server\Handlers\PromptHandlerTest" classname="JTD.LaravelMCP.Tests.Unit.Server.Handlers.PromptHandlerTest" assertions="2" time="0.006524"/>
          <testcase name="format_prompt_messages_handles_different_result_formats with data set &quot;empty array result&quot;" file="/home/jeremyfall/Internal/JTD-Packages/laravel-mcp.git/main/tests/Unit/Server/Handlers/PromptHandlerTest.php" line="707" class="JTD\LaravelMCP\Tests\Unit\Server\Handlers\PromptHandlerTest" classname="JTD.LaravelMCP.Tests.Unit.Server.Handlers.PromptHandlerTest" assertions="2" time="0.006837"/>
        </testsuite>
        <testsuite name="JTD\LaravelMCP\Tests\Unit\Server\Handlers\PromptHandlerTest::is_message_array_correctly_identifies_message_arrays" tests="7" assertions="11" errors="0" failures="0" skipped="0" time="0.044109">
          <testcase name="is_message_array_correctly_identifies_message_arrays with data set &quot;valid message array&quot;" file="/home/jeremyfall/Internal/JTD-Packages/laravel-mcp.git/main/tests/Unit/Server/Handlers/PromptHandlerTest.php" line="778" class="JTD\LaravelMCP\Tests\Unit\Server\Handlers\PromptHandlerTest" classname="JTD.LaravelMCP.Tests.Unit.Server.Handlers.PromptHandlerTest" assertions="1" time="0.006732"/>
          <testcase name="is_message_array_correctly_identifies_message_arrays with data set &quot;array with content only&quot;" file="/home/jeremyfall/Internal/JTD-Packages/laravel-mcp.git/main/tests/Unit/Server/Handlers/PromptHandlerTest.php" line="778" class="JTD\LaravelMCP\Tests\Unit\Server\Handlers\PromptHandlerTest" classname="JTD.LaravelMCP.Tests.Unit.Server.Handlers.PromptHandlerTest" assertions="1" time="0.006507"/>
          <testcase name="is_message_array_correctly_identifies_message_arrays with data set &quot;array with role only&quot;" file="/home/jeremyfall/Internal/JTD-Packages/laravel-mcp.git/main/tests/Unit/Server/Handlers/PromptHandlerTest.php" line="778" class="JTD\LaravelMCP\Tests\Unit\Server\Handlers\PromptHandlerTest" classname="JTD.LaravelMCP.Tests.Unit.Server.Handlers.PromptHandlerTest" assertions="1" time="0.006574"/>
          <testcase name="is_message_array_correctly_identifies_message_arrays with data set &quot;empty array&quot;" file="/home/jeremyfall/Internal/JTD-Packages/laravel-mcp.git/main/tests/Unit/Server/Handlers/PromptHandlerTest.php" line="778" class="JTD\LaravelMCP\Tests\Unit\Server\Handlers\PromptHandlerTest" classname="JTD.LaravelMCP.Tests.Unit.Server.Handlers.PromptHandlerTest" assertions="2" time="0.006082"/>
          <testcase name="is_message_array_correctly_identifies_message_arrays with data set &quot;array of strings&quot;" file="/home/jeremyfall/Internal/JTD-Packages/laravel-mcp.git/main/tests/Unit/Server/Handlers/PromptHandlerTest.php" line="778" class="JTD\LaravelMCP\Tests\Unit\Server\Handlers\PromptHandlerTest" classname="JTD.LaravelMCP.Tests.Unit.Server.Handlers.PromptHandlerTest" assertions="2" time="0.006006"/>
          <testcase name="is_message_array_correctly_identifies_message_arrays with data set &quot;array of numbers&quot;" file="/home/jeremyfall/Internal/JTD-Packages/laravel-mcp.git/main/tests/Unit/Server/Handlers/PromptHandlerTest.php" line="778" class="JTD\LaravelMCP\Tests\Unit\Server\Handlers\PromptHandlerTest" classname="JTD.LaravelMCP.Tests.Unit.Server.Handlers.PromptHandlerTest" assertions="2" time="0.006093"/>
          <testcase name="is_message_array_correctly_identifies_message_arrays with data set &quot;mixed array&quot;" file="/home/jeremyfall/Internal/JTD-Packages/laravel-mcp.git/main/tests/Unit/Server/Handlers/PromptHandlerTest.php" line="778" class="JTD\LaravelMCP\Tests\Unit\Server\Handlers\PromptHandlerTest" classname="JTD.LaravelMCP.Tests.Unit.Server.Handlers.PromptHandlerTest" assertions="2" time="0.006115"/>
        </testsuite>
        <testcase name="constructor_sets_dependencies_and_handler_name" file="/home/jeremyfall/Internal/JTD-Packages/laravel-mcp.git/main/tests/Unit/Server/Handlers/PromptHandlerTest.php" line="51" class="JTD\LaravelMCP\Tests\Unit\Server\Handlers\PromptHandlerTest" classname="JTD.LaravelMCP.Tests.Unit.Server.Handlers.PromptHandlerTest" assertions="2" time="0.005864"/>
        <testcase name="get_supported_methods_returns_prompt_methods" file="/home/jeremyfall/Internal/JTD-Packages/laravel-mcp.git/main/tests/Unit/Server/Handlers/PromptHandlerTest.php" line="60" class="JTD\LaravelMCP\Tests\Unit\Server\Handlers\PromptHandlerTest" classname="JTD.LaravelMCP.Tests.Unit.Server.Handlers.PromptHandlerTest" assertions="1" time="0.005437"/>
        <testcase name="supports_method_returns_true_for_supported_methods" file="/home/jeremyfall/Internal/JTD-Packages/laravel-mcp.git/main/tests/Unit/Server/Handlers/PromptHandlerTest.php" line="68" class="JTD\LaravelMCP\Tests\Unit\Server\Handlers\PromptHandlerTest" classname="JTD.LaravelMCP.Tests.Unit.Server.Handlers.PromptHandlerTest" assertions="2" time="0.005435"/>
        <testcase name="supports_method_returns_false_for_unsupported_methods" file="/home/jeremyfall/Internal/JTD-Packages/laravel-mcp.git/main/tests/Unit/Server/Handlers/PromptHandlerTest.php" line="75" class="JTD\LaravelMCP\Tests\Unit\Server\Handlers\PromptHandlerTest" classname="JTD.LaravelMCP.Tests.Unit.Server.Handlers.PromptHandlerTest" assertions="2" time="0.005589"/>
        <testcase name="handle_prompts_list_returns_empty_prompts_array_when_no_prompts" file="/home/jeremyfall/Internal/JTD-Packages/laravel-mcp.git/main/tests/Unit/Server/Handlers/PromptHandlerTest.php" line="92" class="JTD\LaravelMCP\Tests\Unit\Server\Handlers\PromptHandlerTest" classname="JTD.LaravelMCP.Tests.Unit.Server.Handlers.PromptHandlerTest" assertions="4" time="0.005724"/>
        <testcase name="handle_prompts_get_processes_callable_prompt" file="/home/jeremyfall/Internal/JTD-Packages/laravel-mcp.git/main/tests/Unit/Server/Handlers/PromptHandlerTest.php" line="382" class="JTD\LaravelMCP\Tests\Unit\Server\Handlers\PromptHandlerTest" classname="JTD.LaravelMCP.Tests.Unit.Server.Handlers.PromptHandlerTest" assertions="2" time="0.005812"/>
        <testcase name="handle_prompts_list_applies_cursor_pagination" file="/home/jeremyfall/Internal/JTD-Packages/laravel-mcp.git/main/tests/Unit/Server/Handlers/PromptHandlerTest.php" line="183" class="JTD\LaravelMCP\Tests\Unit\Server\Handlers\PromptHandlerTest" classname="JTD.LaravelMCP.Tests.Unit.Server.Handlers.PromptHandlerTest" assertions="3" time="0.005821"/>
        <testcase name="handle_prompts_list_includes_next_cursor_when_more_prompts_available" file="/home/jeremyfall/Internal/JTD-Packages/laravel-mcp.git/main/tests/Unit/Server/Handlers/PromptHandlerTest.php" line="209" class="JTD\LaravelMCP\Tests\Unit\Server\Handlers\PromptHandlerTest" classname="JTD.LaravelMCP.Tests.Unit.Server.Handlers.PromptHandlerTest" assertions="4" time="0.009004"/>
      </testsuite>
      <testsuite name="JTD\LaravelMCP\Tests\Unit\Server\Handlers\ResourceHandlerTest" file="/home/jeremyfall/Internal/JTD-Packages/laravel-mcp.git/main/tests/Unit/Server/Handlers/ResourceHandlerTest.php" tests="37" assertions="95" errors="0" failures="0" skipped="0" time="0.214600">
        <testcase name="handle_resources_read_handles_array_content" file="/home/jeremyfall/Internal/JTD-Packages/laravel-mcp.git/main/tests/Unit/Server/Handlers/ResourceHandlerTest.php" line="432" class="JTD\LaravelMCP\Tests\Unit\Server\Handlers\ResourceHandlerTest" classname="JTD.LaravelMCP.Tests.Unit.Server.Handlers.ResourceHandlerTest" assertions="5" time="0.005820"/>
        <testcase name="handle_resources_read_handles_pre_formatted_content" file="/home/jeremyfall/Internal/JTD-Packages/laravel-mcp.git/main/tests/Unit/Server/Handlers/ResourceHandlerTest.php" line="457" class="JTD\LaravelMCP\Tests\Unit\Server\Handlers\ResourceHandlerTest" classname="JTD.LaravelMCP.Tests.Unit.Server.Handlers.ResourceHandlerTest" assertions="4" time="0.005100"/>
        <testcase name="handle_throws_protocol_exception_for_unsupported_method" file="/home/jeremyfall/Internal/JTD-Packages/laravel-mcp.git/main/tests/Unit/Server/Handlers/ResourceHandlerTest.php" line="82" class="JTD\LaravelMCP\Tests\Unit\Server\Handlers\ResourceHandlerTest" classname="JTD.LaravelMCP.Tests.Unit.Server.Handlers.ResourceHandlerTest" assertions="3" time="0.004947"/>
        <testcase name="handle_resources_list_returns_resource_definitions" file="/home/jeremyfall/Internal/JTD-Packages/laravel-mcp.git/main/tests/Unit/Server/Handlers/ResourceHandlerTest.php" line="108" class="JTD\LaravelMCP\Tests\Unit\Server\Handlers\ResourceHandlerTest" classname="JTD.LaravelMCP.Tests.Unit.Server.Handlers.ResourceHandlerTest" assertions="7" time="0.005091"/>
        <testcase name="handle_resources_list_handles_resource_definition_failures_gracefully" file="/home/jeremyfall/Internal/JTD-Packages/laravel-mcp.git/main/tests/Unit/Server/Handlers/ResourceHandlerTest.php" line="135" class="JTD\LaravelMCP\Tests\Unit\Server\Handlers\ResourceHandlerTest" classname="JTD.LaravelMCP.Tests.Unit.Server.Handlers.ResourceHandlerTest" assertions="10" time="0.005868"/>
        <testcase name="handle_resources_list_validates_cursor_parameter" file="/home/jeremyfall/Internal/JTD-Packages/laravel-mcp.git/main/tests/Unit/Server/Handlers/ResourceHandlerTest.php" line="180" class="JTD\LaravelMCP\Tests\Unit\Server\Handlers\ResourceHandlerTest" classname="JTD.LaravelMCP.Tests.Unit.Server.Handlers.ResourceHandlerTest" assertions="2" time="0.005605"/>
        <testcase name="handle_resources_read_validates_required_parameters" file="/home/jeremyfall/Internal/JTD-Packages/laravel-mcp.git/main/tests/Unit/Server/Handlers/ResourceHandlerTest.php" line="240" class="JTD\LaravelMCP\Tests\Unit\Server\Handlers\ResourceHandlerTest" classname="JTD.LaravelMCP.Tests.Unit.Server.Handlers.ResourceHandlerTest" assertions="2" time="0.006003"/>
        <testcase name="handle_resources_read_throws_error_for_non_existent_resource" file="/home/jeremyfall/Internal/JTD-Packages/laravel-mcp.git/main/tests/Unit/Server/Handlers/ResourceHandlerTest.php" line="258" class="JTD\LaravelMCP\Tests\Unit\Server\Handlers\ResourceHandlerTest" classname="JTD.LaravelMCP.Tests.Unit.Server.Handlers.ResourceHandlerTest" assertions="3" time="0.005575"/>
        <testcase name="handle_resources_read_reads_resource_with_read_method" file="/home/jeremyfall/Internal/JTD-Packages/laravel-mcp.git/main/tests/Unit/Server/Handlers/ResourceHandlerTest.php" line="273" class="JTD\LaravelMCP\Tests\Unit\Server\Handlers\ResourceHandlerTest" classname="JTD.LaravelMCP.Tests.Unit.Server.Handlers.ResourceHandlerTest" assertions="3" time="0.005974"/>
        <testcase name="handle_resources_read_reads_resource_with_get_content_method" file="/home/jeremyfall/Internal/JTD-Packages/laravel-mcp.git/main/tests/Unit/Server/Handlers/ResourceHandlerTest.php" line="303" class="JTD\LaravelMCP\Tests\Unit\Server\Handlers\ResourceHandlerTest" classname="JTD.LaravelMCP.Tests.Unit.Server.Handlers.ResourceHandlerTest" assertions="3" time="0.005725"/>
        <testcase name="handle_resources_read_reads_resource_with_invoke_method" file="/home/jeremyfall/Internal/JTD-Packages/laravel-mcp.git/main/tests/Unit/Server/Handlers/ResourceHandlerTest.php" line="330" class="JTD\LaravelMCP\Tests\Unit\Server\Handlers\ResourceHandlerTest" classname="JTD.LaravelMCP.Tests.Unit.Server.Handlers.ResourceHandlerTest" assertions="3" time="0.005420"/>
        <testcase name="handle_resources_read_throws_error_for_non_readable_resource" file="/home/jeremyfall/Internal/JTD-Packages/laravel-mcp.git/main/tests/Unit/Server/Handlers/ResourceHandlerTest.php" line="405" class="JTD\LaravelMCP\Tests\Unit\Server\Handlers\ResourceHandlerTest" classname="JTD.LaravelMCP.Tests.Unit.Server.Handlers.ResourceHandlerTest" assertions="3" time="0.005555"/>
        <testcase name="handle_resources_read_handles_execution_failures" file="/home/jeremyfall/Internal/JTD-Packages/laravel-mcp.git/main/tests/Unit/Server/Handlers/ResourceHandlerTest.php" line="484" class="JTD\LaravelMCP\Tests\Unit\Server\Handlers\ResourceHandlerTest" classname="JTD.LaravelMCP.Tests.Unit.Server.Handlers.ResourceHandlerTest" assertions="3" time="0.012534"/>
        <testcase name="handle_resources_read_validates_parameter_types" file="/home/jeremyfall/Internal/JTD-Packages/laravel-mcp.git/main/tests/Unit/Server/Handlers/ResourceHandlerTest.php" line="249" class="JTD\LaravelMCP\Tests\Unit\Server\Handlers\ResourceHandlerTest" classname="JTD.LaravelMCP.Tests.Unit.Server.Handlers.ResourceHandlerTest" assertions="2" time="0.006181"/>
        <testsuite name="JTD\LaravelMCP\Tests\Unit\Server\Handlers\ResourceHandlerTest::get_resource_uri_handles_different_uri_methods" tests="4" assertions="4" errors="0" failures="0" skipped="0" time="0.022831">
          <testcase name="get_resource_uri_handles_different_uri_methods with data set &quot;getUri method&quot;" file="/home/jeremyfall/Internal/JTD-Packages/laravel-mcp.git/main/tests/Unit/Server/Handlers/ResourceHandlerTest.php" line="508" class="JTD\LaravelMCP\Tests\Unit\Server\Handlers\ResourceHandlerTest" classname="JTD.LaravelMCP.Tests.Unit.Server.Handlers.ResourceHandlerTest" assertions="1" time="0.006048"/>
          <testcase name="get_resource_uri_handles_different_uri_methods with data set &quot;uri method&quot;" file="/home/jeremyfall/Internal/JTD-Packages/laravel-mcp.git/main/tests/Unit/Server/Handlers/ResourceHandlerTest.php" line="508" class="JTD\LaravelMCP\Tests\Unit\Server\Handlers\ResourceHandlerTest" classname="JTD.LaravelMCP.Tests.Unit.Server.Handlers.ResourceHandlerTest" assertions="1" time="0.005168"/>
          <testcase name="get_resource_uri_handles_different_uri_methods with data set &quot;uri property&quot;" file="/home/jeremyfall/Internal/JTD-Packages/laravel-mcp.git/main/tests/Unit/Server/Handlers/ResourceHandlerTest.php" line="508" class="JTD\LaravelMCP\Tests\Unit\Server\Handlers\ResourceHandlerTest" classname="JTD.LaravelMCP.Tests.Unit.Server.Handlers.ResourceHandlerTest" assertions="1" time="0.006030"/>
          <testcase name="get_resource_uri_handles_different_uri_methods with data set &quot;no uri (default)&quot;" file="/home/jeremyfall/Internal/JTD-Packages/laravel-mcp.git/main/tests/Unit/Server/Handlers/ResourceHandlerTest.php" line="508" class="JTD\LaravelMCP\Tests\Unit\Server\Handlers\ResourceHandlerTest" classname="JTD.LaravelMCP.Tests.Unit.Server.Handlers.ResourceHandlerTest" assertions="1" time="0.005585"/>
        </testsuite>
        <testsuite name="JTD\LaravelMCP\Tests\Unit\Server\Handlers\ResourceHandlerTest::get_resource_description_handles_different_description_methods" tests="4" assertions="4" errors="0" failures="0" skipped="0" time="0.020703">
          <testcase name="get_resource_description_handles_different_description_methods with data set &quot;getDescription method&quot;" file="/home/jeremyfall/Internal/JTD-Packages/laravel-mcp.git/main/tests/Unit/Server/Handlers/ResourceHandlerTest.php" line="569" class="JTD\LaravelMCP\Tests\Unit\Server\Handlers\ResourceHandlerTest" classname="JTD.LaravelMCP.Tests.Unit.Server.Handlers.ResourceHandlerTest" assertions="1" time="0.005145"/>
          <testcase name="get_resource_description_handles_different_description_methods with data set &quot;description method&quot;" file="/home/jeremyfall/Internal/JTD-Packages/laravel-mcp.git/main/tests/Unit/Server/Handlers/ResourceHandlerTest.php" line="569" class="JTD\LaravelMCP\Tests\Unit\Server\Handlers\ResourceHandlerTest" classname="JTD.LaravelMCP.Tests.Unit.Server.Handlers.ResourceHandlerTest" assertions="1" time="0.005344"/>
          <testcase name="get_resource_description_handles_different_description_methods with data set &quot;description property&quot;" file="/home/jeremyfall/Internal/JTD-Packages/laravel-mcp.git/main/tests/Unit/Server/Handlers/ResourceHandlerTest.php" line="569" class="JTD\LaravelMCP\Tests\Unit\Server\Handlers\ResourceHandlerTest" classname="JTD.LaravelMCP.Tests.Unit.Server.Handlers.ResourceHandlerTest" assertions="1" time="0.005110"/>
          <testcase name="get_resource_description_handles_different_description_methods with data set &quot;no description&quot;" file="/home/jeremyfall/Internal/JTD-Packages/laravel-mcp.git/main/tests/Unit/Server/Handlers/ResourceHandlerTest.php" line="569" class="JTD\LaravelMCP\Tests\Unit\Server\Handlers\ResourceHandlerTest" classname="JTD.LaravelMCP.Tests.Unit.Server.Handlers.ResourceHandlerTest" assertions="1" time="0.005105"/>
        </testsuite>
        <testsuite name="JTD\LaravelMCP\Tests\Unit\Server\Handlers\ResourceHandlerTest::get_resource_mime_type_handles_different_mime_type_methods" tests="4" assertions="4" errors="0" failures="0" skipped="0" time="0.020840">
          <testcase name="get_resource_mime_type_handles_different_mime_type_methods with data set &quot;getMimeType method&quot;" file="/home/jeremyfall/Internal/JTD-Packages/laravel-mcp.git/main/tests/Unit/Server/Handlers/ResourceHandlerTest.php" line="629" class="JTD\LaravelMCP\Tests\Unit\Server\Handlers\ResourceHandlerTest" classname="JTD.LaravelMCP.Tests.Unit.Server.Handlers.ResourceHandlerTest" assertions="1" time="0.005205"/>
          <testcase name="get_resource_mime_type_handles_different_mime_type_methods with data set &quot;mimeType method&quot;" file="/home/jeremyfall/Internal/JTD-Packages/laravel-mcp.git/main/tests/Unit/Server/Handlers/ResourceHandlerTest.php" line="629" class="JTD\LaravelMCP\Tests\Unit\Server\Handlers\ResourceHandlerTest" classname="JTD.LaravelMCP.Tests.Unit.Server.Handlers.ResourceHandlerTest" assertions="1" time="0.005201"/>
          <testcase name="get_resource_mime_type_handles_different_mime_type_methods with data set &quot;mimeType property&quot;" file="/home/jeremyfall/Internal/JTD-Packages/laravel-mcp.git/main/tests/Unit/Server/Handlers/ResourceHandlerTest.php" line="629" class="JTD\LaravelMCP\Tests\Unit\Server\Handlers\ResourceHandlerTest" classname="JTD.LaravelMCP.Tests.Unit.Server.Handlers.ResourceHandlerTest" assertions="1" time="0.005058"/>
          <testcase name="get_resource_mime_type_handles_different_mime_type_methods with data set &quot;no mime type (default)&quot;" file="/home/jeremyfall/Internal/JTD-Packages/laravel-mcp.git/main/tests/Unit/Server/Handlers/ResourceHandlerTest.php" line="629" class="JTD\LaravelMCP\Tests\Unit\Server\Handlers\ResourceHandlerTest" classname="JTD.LaravelMCP.Tests.Unit.Server.Handlers.ResourceHandlerTest" assertions="1" time="0.005376"/>
        </testsuite>
        <testsuite name="JTD\LaravelMCP\Tests\Unit\Server\Handlers\ResourceHandlerTest::get_resource_metadata_handles_different_metadata_methods" tests="3" assertions="10" errors="0" failures="0" skipped="0" time="0.017858">
          <testcase name="get_resource_metadata_handles_different_metadata_methods with data set &quot;getMetadata method&quot;" file="/home/jeremyfall/Internal/JTD-Packages/laravel-mcp.git/main/tests/Unit/Server/Handlers/ResourceHandlerTest.php" line="688" class="JTD\LaravelMCP\Tests\Unit\Server\Handlers\ResourceHandlerTest" classname="JTD.LaravelMCP.Tests.Unit.Server.Handlers.ResourceHandlerTest" assertions="4" time="0.005918"/>
          <testcase name="get_resource_metadata_handles_different_metadata_methods with data set &quot;metadata property&quot;" file="/home/jeremyfall/Internal/JTD-Packages/laravel-mcp.git/main/tests/Unit/Server/Handlers/ResourceHandlerTest.php" line="688" class="JTD\LaravelMCP\Tests\Unit\Server\Handlers\ResourceHandlerTest" classname="JTD.LaravelMCP.Tests.Unit.Server.Handlers.ResourceHandlerTest" assertions="4" time="0.005873"/>
          <testcase name="get_resource_metadata_handles_different_metadata_methods with data set &quot;no metadata&quot;" file="/home/jeremyfall/Internal/JTD-Packages/laravel-mcp.git/main/tests/Unit/Server/Handlers/ResourceHandlerTest.php" line="688" class="JTD\LaravelMCP\Tests\Unit\Server\Handlers\ResourceHandlerTest" classname="JTD.LaravelMCP.Tests.Unit.Server.Handlers.ResourceHandlerTest" assertions="2" time="0.006067"/>
        </testsuite>
        <testcase name="get_supported_methods_returns_resource_methods" file="/home/jeremyfall/Internal/JTD-Packages/laravel-mcp.git/main/tests/Unit/Server/Handlers/ResourceHandlerTest.php" line="60" class="JTD\LaravelMCP\Tests\Unit\Server\Handlers\ResourceHandlerTest" classname="JTD.LaravelMCP.Tests.Unit.Server.Handlers.ResourceHandlerTest" assertions="1" time="0.005357"/>
        <testcase name="supports_method_returns_true_for_supported_methods" file="/home/jeremyfall/Internal/JTD-Packages/laravel-mcp.git/main/tests/Unit/Server/Handlers/ResourceHandlerTest.php" line="68" class="JTD\LaravelMCP\Tests\Unit\Server\Handlers\ResourceHandlerTest" classname="JTD.LaravelMCP.Tests.Unit.Server.Handlers.ResourceHandlerTest" assertions="2" time="0.004974"/>
        <testcase name="supports_method_returns_false_for_unsupported_methods" file="/home/jeremyfall/Internal/JTD-Packages/laravel-mcp.git/main/tests/Unit/Server/Handlers/ResourceHandlerTest.php" line="75" class="JTD\LaravelMCP\Tests\Unit\Server\Handlers\ResourceHandlerTest" classname="JTD.LaravelMCP.Tests.Unit.Server.Handlers.ResourceHandlerTest" assertions="2" time="0.004964"/>
        <testcase name="constructor_sets_dependencies_and_handler_name" file="/home/jeremyfall/Internal/JTD-Packages/laravel-mcp.git/main/tests/Unit/Server/Handlers/ResourceHandlerTest.php" line="51" class="JTD\LaravelMCP\Tests\Unit\Server\Handlers\ResourceHandlerTest" classname="JTD.LaravelMCP.Tests.Unit.Server.Handlers.ResourceHandlerTest" assertions="2" time="0.005194"/>
        <testcase name="handle_resources_list_returns_empty_resources_array_when_no_resources" file="/home/jeremyfall/Internal/JTD-Packages/laravel-mcp.git/main/tests/Unit/Server/Handlers/ResourceHandlerTest.php" line="92" class="JTD\LaravelMCP\Tests\Unit\Server\Handlers\ResourceHandlerTest" classname="JTD.LaravelMCP.Tests.Unit.Server.Handlers.ResourceHandlerTest" assertions="4" time="0.005450"/>
        <testcase name="handle_resources_list_applies_cursor_pagination" file="/home/jeremyfall/Internal/JTD-Packages/laravel-mcp.git/main/tests/Unit/Server/Handlers/ResourceHandlerTest.php" line="189" class="JTD\LaravelMCP\Tests\Unit\Server\Handlers\ResourceHandlerTest" classname="JTD.LaravelMCP.Tests.Unit.Server.Handlers.ResourceHandlerTest" assertions="3" time="0.005751"/>
        <testcase name="handle_resources_read_reads_callable_resource" file="/home/jeremyfall/Internal/JTD-Packages/laravel-mcp.git/main/tests/Unit/Server/Handlers/ResourceHandlerTest.php" line="363" class="JTD\LaravelMCP\Tests\Unit\Server\Handlers\ResourceHandlerTest" classname="JTD.LaravelMCP.Tests.Unit.Server.Handlers.ResourceHandlerTest" assertions="2" time="0.005615"/>
        <testcase name="handle_resources_list_includes_next_cursor_when_more_resources_available" file="/home/jeremyfall/Internal/JTD-Packages/laravel-mcp.git/main/tests/Unit/Server/Handlers/ResourceHandlerTest.php" line="215" class="JTD\LaravelMCP\Tests\Unit\Server\Handlers\ResourceHandlerTest" classname="JTD.LaravelMCP.Tests.Unit.Server.Handlers.ResourceHandlerTest" assertions="4" time="0.009667"/>
      </testsuite>
      <testsuite name="JTD\LaravelMCP\Tests\Unit\Server\Handlers\ToolHandlerTest" file="/home/jeremyfall/Internal/JTD-Packages/laravel-mcp.git/main/tests/Unit/Server/Handlers/ToolHandlerTest.php" tests="35" assertions="76" errors="0" failures="0" skipped="0" time="0.198813">
        <testcase name="handle_tools_call_throws_error_for_non_executable_tool" file="/home/jeremyfall/Internal/JTD-Packages/laravel-mcp.git/main/tests/Unit/Server/Handlers/ToolHandlerTest.php" line="372" class="JTD\LaravelMCP\Tests\Unit\Server\Handlers\ToolHandlerTest" classname="JTD.LaravelMCP.Tests.Unit.Server.Handlers.ToolHandlerTest" assertions="2" time="0.004874"/>
        <testcase name="handle_throws_protocol_exception_for_unsupported_method" file="/home/jeremyfall/Internal/JTD-Packages/laravel-mcp.git/main/tests/Unit/Server/Handlers/ToolHandlerTest.php" line="82" class="JTD\LaravelMCP\Tests\Unit\Server\Handlers\ToolHandlerTest" classname="JTD.LaravelMCP.Tests.Unit.Server.Handlers.ToolHandlerTest" assertions="3" time="0.004958"/>
        <testcase name="handle_tools_list_returns_tool_definitions" file="/home/jeremyfall/Internal/JTD-Packages/laravel-mcp.git/main/tests/Unit/Server/Handlers/ToolHandlerTest.php" line="108" class="JTD\LaravelMCP\Tests\Unit\Server\Handlers\ToolHandlerTest" classname="JTD.LaravelMCP.Tests.Unit.Server.Handlers.ToolHandlerTest" assertions="5" time="0.004847"/>
        <testcase name="handle_tools_list_handles_tool_definition_failures_gracefully" file="/home/jeremyfall/Internal/JTD-Packages/laravel-mcp.git/main/tests/Unit/Server/Handlers/ToolHandlerTest.php" line="137" class="JTD\LaravelMCP\Tests\Unit\Server\Handlers\ToolHandlerTest" classname="JTD.LaravelMCP.Tests.Unit.Server.Handlers.ToolHandlerTest" assertions="8" time="0.005005"/>
        <testcase name="handle_tools_list_validates_cursor_parameter" file="/home/jeremyfall/Internal/JTD-Packages/laravel-mcp.git/main/tests/Unit/Server/Handlers/ToolHandlerTest.php" line="178" class="JTD\LaravelMCP\Tests\Unit\Server\Handlers\ToolHandlerTest" classname="JTD.LaravelMCP.Tests.Unit.Server.Handlers.ToolHandlerTest" assertions="2" time="0.005444"/>
        <testcase name="handle_tools_call_validates_required_parameters" file="/home/jeremyfall/Internal/JTD-Packages/laravel-mcp.git/main/tests/Unit/Server/Handlers/ToolHandlerTest.php" line="238" class="JTD\LaravelMCP\Tests\Unit\Server\Handlers\ToolHandlerTest" classname="JTD.LaravelMCP.Tests.Unit.Server.Handlers.ToolHandlerTest" assertions="2" time="0.005729"/>
        <testcase name="handle_tools_call_validates_parameter_types" file="/home/jeremyfall/Internal/JTD-Packages/laravel-mcp.git/main/tests/Unit/Server/Handlers/ToolHandlerTest.php" line="247" class="JTD\LaravelMCP\Tests\Unit\Server\Handlers\ToolHandlerTest" classname="JTD.LaravelMCP.Tests.Unit.Server.Handlers.ToolHandlerTest" assertions="2" time="0.005570"/>
        <testcase name="handle_tools_call_throws_error_for_non_existent_tool" file="/home/jeremyfall/Internal/JTD-Packages/laravel-mcp.git/main/tests/Unit/Server/Handlers/ToolHandlerTest.php" line="256" class="JTD\LaravelMCP\Tests\Unit\Server\Handlers\ToolHandlerTest" classname="JTD.LaravelMCP.Tests.Unit.Server.Handlers.ToolHandlerTest" assertions="3" time="0.005693"/>
        <testcase name="handle_tools_call_executes_tool_with_execute_method" file="/home/jeremyfall/Internal/JTD-Packages/laravel-mcp.git/main/tests/Unit/Server/Handlers/ToolHandlerTest.php" line="272" class="JTD\LaravelMCP\Tests\Unit\Server\Handlers\ToolHandlerTest" classname="JTD.LaravelMCP.Tests.Unit.Server.Handlers.ToolHandlerTest" assertions="6" time="0.005513"/>
        <testcase name="handle_tools_call_executes_tool_with_invoke_method" file="/home/jeremyfall/Internal/JTD-Packages/laravel-mcp.git/main/tests/Unit/Server/Handlers/ToolHandlerTest.php" line="306" class="JTD\LaravelMCP\Tests\Unit\Server\Handlers\ToolHandlerTest" classname="JTD.LaravelMCP.Tests.Unit.Server.Handlers.ToolHandlerTest" assertions="3" time="0.005462"/>
        <testcase name="handle_tools_call_executes_callable_tool" file="/home/jeremyfall/Internal/JTD-Packages/laravel-mcp.git/main/tests/Unit/Server/Handlers/ToolHandlerTest.php" line="344" class="JTD\LaravelMCP\Tests\Unit\Server\Handlers\ToolHandlerTest" classname="JTD.LaravelMCP.Tests.Unit.Server.Handlers.ToolHandlerTest" assertions="2" time="0.005354"/>
        <testcase name="handle_tools_call_validates_arguments_if_tool_supports_it" file="/home/jeremyfall/Internal/JTD-Packages/laravel-mcp.git/main/tests/Unit/Server/Handlers/ToolHandlerTest.php" line="398" class="JTD\LaravelMCP\Tests\Unit\Server\Handlers\ToolHandlerTest" classname="JTD.LaravelMCP.Tests.Unit.Server.Handlers.ToolHandlerTest" assertions="3" time="0.006094"/>
        <testcase name="handle_tools_call_skips_validation_if_tool_does_not_support_it" file="/home/jeremyfall/Internal/JTD-Packages/laravel-mcp.git/main/tests/Unit/Server/Handlers/ToolHandlerTest.php" line="429" class="JTD\LaravelMCP\Tests\Unit\Server\Handlers\ToolHandlerTest" classname="JTD.LaravelMCP.Tests.Unit.Server.Handlers.ToolHandlerTest" assertions="1" time="0.005719"/>
        <testcase name="handle_tools_call_returns_error_response_for_execution_failures" file="/home/jeremyfall/Internal/JTD-Packages/laravel-mcp.git/main/tests/Unit/Server/Handlers/ToolHandlerTest.php" line="458" class="JTD\LaravelMCP\Tests\Unit\Server\Handlers\ToolHandlerTest" classname="JTD.LaravelMCP.Tests.Unit.Server.Handlers.ToolHandlerTest" assertions="2" time="0.006061"/>
        <testcase name="handle_tools_call_uses_default_empty_arguments_when_not_provided" file="/home/jeremyfall/Internal/JTD-Packages/laravel-mcp.git/main/tests/Unit/Server/Handlers/ToolHandlerTest.php" line="486" class="JTD\LaravelMCP\Tests\Unit\Server\Handlers\ToolHandlerTest" classname="JTD.LaravelMCP.Tests.Unit.Server.Handlers.ToolHandlerTest" assertions="1" time="0.005837"/>
        <testsuite name="JTD\LaravelMCP\Tests\Unit\Server\Handlers\ToolHandlerTest::get_tool_description_handles_different_description_methods" tests="4" assertions="4" errors="0" failures="0" skipped="0" time="0.022528">
          <testcase name="get_tool_description_handles_different_description_methods with data set &quot;getDescription method&quot;" file="/home/jeremyfall/Internal/JTD-Packages/laravel-mcp.git/main/tests/Unit/Server/Handlers/ToolHandlerTest.php" line="516" class="JTD\LaravelMCP\Tests\Unit\Server\Handlers\ToolHandlerTest" classname="JTD.LaravelMCP.Tests.Unit.Server.Handlers.ToolHandlerTest" assertions="1" time="0.006314"/>
          <testcase name="get_tool_description_handles_different_description_methods with data set &quot;description method&quot;" file="/home/jeremyfall/Internal/JTD-Packages/laravel-mcp.git/main/tests/Unit/Server/Handlers/ToolHandlerTest.php" line="516" class="JTD\LaravelMCP\Tests\Unit\Server\Handlers\ToolHandlerTest" classname="JTD.LaravelMCP.Tests.Unit.Server.Handlers.ToolHandlerTest" assertions="1" time="0.005126"/>
          <testcase name="get_tool_description_handles_different_description_methods with data set &quot;description property&quot;" file="/home/jeremyfall/Internal/JTD-Packages/laravel-mcp.git/main/tests/Unit/Server/Handlers/ToolHandlerTest.php" line="516" class="JTD\LaravelMCP\Tests\Unit\Server\Handlers\ToolHandlerTest" classname="JTD.LaravelMCP.Tests.Unit.Server.Handlers.ToolHandlerTest" assertions="1" time="0.005012"/>
          <testcase name="get_tool_description_handles_different_description_methods with data set &quot;no description&quot;" file="/home/jeremyfall/Internal/JTD-Packages/laravel-mcp.git/main/tests/Unit/Server/Handlers/ToolHandlerTest.php" line="516" class="JTD\LaravelMCP\Tests\Unit\Server\Handlers\ToolHandlerTest" classname="JTD.LaravelMCP.Tests.Unit.Server.Handlers.ToolHandlerTest" assertions="1" time="0.006077"/>
        </testsuite>
        <testsuite name="JTD\LaravelMCP\Tests\Unit\Server\Handlers\ToolHandlerTest::get_tool_input_schema_handles_different_schema_methods" tests="4" assertions="4" errors="0" failures="0" skipped="0" time="0.022373">
          <testcase name="get_tool_input_schema_handles_different_schema_methods with data set &quot;getInputSchema method&quot;" file="/home/jeremyfall/Internal/JTD-Packages/laravel-mcp.git/main/tests/Unit/Server/Handlers/ToolHandlerTest.php" line="562" class="JTD\LaravelMCP\Tests\Unit\Server\Handlers\ToolHandlerTest" classname="JTD.LaravelMCP.Tests.Unit.Server.Handlers.ToolHandlerTest" assertions="1" time="0.005657"/>
          <testcase name="get_tool_input_schema_handles_different_schema_methods with data set &quot;inputSchema method&quot;" file="/home/jeremyfall/Internal/JTD-Packages/laravel-mcp.git/main/tests/Unit/Server/Handlers/ToolHandlerTest.php" line="562" class="JTD\LaravelMCP\Tests\Unit\Server\Handlers\ToolHandlerTest" classname="JTD.LaravelMCP.Tests.Unit.Server.Handlers.ToolHandlerTest" assertions="1" time="0.005094"/>
          <testcase name="get_tool_input_schema_handles_different_schema_methods with data set &quot;inputSchema property&quot;" file="/home/jeremyfall/Internal/JTD-Packages/laravel-mcp.git/main/tests/Unit/Server/Handlers/ToolHandlerTest.php" line="562" class="JTD\LaravelMCP\Tests\Unit\Server\Handlers\ToolHandlerTest" classname="JTD.LaravelMCP.Tests.Unit.Server.Handlers.ToolHandlerTest" assertions="1" time="0.005744"/>
          <testcase name="get_tool_input_schema_handles_different_schema_methods with data set &quot;no input schema&quot;" file="/home/jeremyfall/Internal/JTD-Packages/laravel-mcp.git/main/tests/Unit/Server/Handlers/ToolHandlerTest.php" line="562" class="JTD\LaravelMCP\Tests\Unit\Server\Handlers\ToolHandlerTest" classname="JTD.LaravelMCP.Tests.Unit.Server.Handlers.ToolHandlerTest" assertions="1" time="0.005877"/>
        </testsuite>
        <testsuite name="JTD\LaravelMCP\Tests\Unit\Server\Handlers\ToolHandlerTest::get_content_type_determines_correct_type" tests="5" assertions="5" errors="0" failures="0" skipped="0" time="0.027877">
          <testcase name="get_content_type_determines_correct_type with data set &quot;string content&quot;" file="/home/jeremyfall/Internal/JTD-Packages/laravel-mcp.git/main/tests/Unit/Server/Handlers/ToolHandlerTest.php" line="625" class="JTD\LaravelMCP\Tests\Unit\Server\Handlers\ToolHandlerTest" classname="JTD.LaravelMCP.Tests.Unit.Server.Handlers.ToolHandlerTest" assertions="1" time="0.005342"/>
          <testcase name="get_content_type_determines_correct_type with data set &quot;array content&quot;" file="/home/jeremyfall/Internal/JTD-Packages/laravel-mcp.git/main/tests/Unit/Server/Handlers/ToolHandlerTest.php" line="625" class="JTD\LaravelMCP\Tests\Unit\Server\Handlers\ToolHandlerTest" classname="JTD.LaravelMCP.Tests.Unit.Server.Handlers.ToolHandlerTest" assertions="1" time="0.005509"/>
          <testcase name="get_content_type_determines_correct_type with data set &quot;object content&quot;" file="/home/jeremyfall/Internal/JTD-Packages/laravel-mcp.git/main/tests/Unit/Server/Handlers/ToolHandlerTest.php" line="625" class="JTD\LaravelMCP\Tests\Unit\Server\Handlers\ToolHandlerTest" classname="JTD.LaravelMCP.Tests.Unit.Server.Handlers.ToolHandlerTest" assertions="1" time="0.005541"/>
          <testcase name="get_content_type_determines_correct_type with data set &quot;number content&quot;" file="/home/jeremyfall/Internal/JTD-Packages/laravel-mcp.git/main/tests/Unit/Server/Handlers/ToolHandlerTest.php" line="625" class="JTD\LaravelMCP\Tests\Unit\Server\Handlers\ToolHandlerTest" classname="JTD.LaravelMCP.Tests.Unit.Server.Handlers.ToolHandlerTest" assertions="1" time="0.005642"/>
          <testcase name="get_content_type_determines_correct_type with data set &quot;boolean content&quot;" file="/home/jeremyfall/Internal/JTD-Packages/laravel-mcp.git/main/tests/Unit/Server/Handlers/ToolHandlerTest.php" line="625" class="JTD\LaravelMCP\Tests\Unit\Server\Handlers\ToolHandlerTest" classname="JTD.LaravelMCP.Tests.Unit.Server.Handlers.ToolHandlerTest" assertions="1" time="0.005843"/>
        </testsuite>
        <testcase name="get_supported_methods_returns_tool_methods" file="/home/jeremyfall/Internal/JTD-Packages/laravel-mcp.git/main/tests/Unit/Server/Handlers/ToolHandlerTest.php" line="60" class="JTD\LaravelMCP\Tests\Unit\Server\Handlers\ToolHandlerTest" classname="JTD.LaravelMCP.Tests.Unit.Server.Handlers.ToolHandlerTest" assertions="1" time="0.005166"/>
        <testcase name="supports_method_returns_true_for_supported_methods" file="/home/jeremyfall/Internal/JTD-Packages/laravel-mcp.git/main/tests/Unit/Server/Handlers/ToolHandlerTest.php" line="68" class="JTD\LaravelMCP\Tests\Unit\Server\Handlers\ToolHandlerTest" classname="JTD.LaravelMCP.Tests.Unit.Server.Handlers.ToolHandlerTest" assertions="2" time="0.005351"/>
        <testcase name="supports_method_returns_false_for_unsupported_methods" file="/home/jeremyfall/Internal/JTD-Packages/laravel-mcp.git/main/tests/Unit/Server/Handlers/ToolHandlerTest.php" line="75" class="JTD\LaravelMCP\Tests\Unit\Server\Handlers\ToolHandlerTest" classname="JTD.LaravelMCP.Tests.Unit.Server.Handlers.ToolHandlerTest" assertions="2" time="0.005724"/>
        <testcase name="constructor_sets_dependencies_and_handler_name" file="/home/jeremyfall/Internal/JTD-Packages/laravel-mcp.git/main/tests/Unit/Server/Handlers/ToolHandlerTest.php" line="51" class="JTD\LaravelMCP\Tests\Unit\Server\Handlers\ToolHandlerTest" classname="JTD.LaravelMCP.Tests.Unit.Server.Handlers.ToolHandlerTest" assertions="2" time="0.006351"/>
        <testcase name="handle_tools_list_returns_empty_tools_array_when_no_tools" file="/home/jeremyfall/Internal/JTD-Packages/laravel-mcp.git/main/tests/Unit/Server/Handlers/ToolHandlerTest.php" line="92" class="JTD\LaravelMCP\Tests\Unit\Server\Handlers\ToolHandlerTest" classname="JTD.LaravelMCP.Tests.Unit.Server.Handlers.ToolHandlerTest" assertions="4" time="0.006092"/>
        <testcase name="handle_tools_list_applies_cursor_pagination" file="/home/jeremyfall/Internal/JTD-Packages/laravel-mcp.git/main/tests/Unit/Server/Handlers/ToolHandlerTest.php" line="187" class="JTD\LaravelMCP\Tests\Unit\Server\Handlers\ToolHandlerTest" classname="JTD.LaravelMCP.Tests.Unit.Server.Handlers.ToolHandlerTest" assertions="3" time="0.006250"/>
        <testcase name="handle_tools_list_includes_next_cursor_when_more_tools_available" file="/home/jeremyfall/Internal/JTD-Packages/laravel-mcp.git/main/tests/Unit/Server/Handlers/ToolHandlerTest.php" line="213" class="JTD\LaravelMCP\Tests\Unit\Server\Handlers\ToolHandlerTest" classname="JTD.LaravelMCP.Tests.Unit.Server.Handlers.ToolHandlerTest" assertions="4" time="0.008942"/>
      </testsuite>
      <testsuite name="JTD\LaravelMCP\Tests\Unit\Server\McpServerTest" file="/home/jeremyfall/Internal/JTD-Packages/laravel-mcp.git/main/tests/Unit/Server/McpServerTest.php" tests="27" assertions="65" errors="0" failures="0" skipped="0" time="1.153545">
        <testcase name="test_can_initialize_server" file="/home/jeremyfall/Internal/JTD-Packages/laravel-mcp.git/main/tests/Unit/Server/McpServerTest.php" line="86" class="JTD\LaravelMCP\Tests\Unit\Server\McpServerTest" classname="JTD.LaravelMCP.Tests.Unit.Server.McpServerTest" assertions="5" time="0.010586"/>
        <testcase name="test_cannot_initialize_server_twice" file="/home/jeremyfall/Internal/JTD-Packages/laravel-mcp.git/main/tests/Unit/Server/McpServerTest.php" line="129" class="JTD\LaravelMCP\Tests\Unit\Server\McpServerTest" classname="JTD.LaravelMCP.Tests.Unit.Server.McpServerTest" assertions="1" time="0.005626"/>
        <testcase name="test_can_start_server_after_initialization" file="/home/jeremyfall/Internal/JTD-Packages/laravel-mcp.git/main/tests/Unit/Server/McpServerTest.php" line="152" class="JTD\LaravelMCP\Tests\Unit\Server\McpServerTest" classname="JTD.LaravelMCP.Tests.Unit.Server.McpServerTest" assertions="1" time="0.005703"/>
        <testcase name="test_start_is_idempotent" file="/home/jeremyfall/Internal/JTD-Packages/laravel-mcp.git/main/tests/Unit/Server/McpServerTest.php" line="178" class="JTD\LaravelMCP\Tests\Unit\Server\McpServerTest" classname="JTD.LaravelMCP.Tests.Unit.Server.McpServerTest" assertions="1" time="0.005700"/>
        <testcase name="test_can_stop_running_server" file="/home/jeremyfall/Internal/JTD-Packages/laravel-mcp.git/main/tests/Unit/Server/McpServerTest.php" line="193" class="JTD\LaravelMCP\Tests\Unit\Server\McpServerTest" classname="JTD.LaravelMCP.Tests.Unit.Server.McpServerTest" assertions="1" time="0.005413"/>
        <testcase name="test_stop_is_idempotent" file="/home/jeremyfall/Internal/JTD-Packages/laravel-mcp.git/main/tests/Unit/Server/McpServerTest.php" line="206" class="JTD\LaravelMCP\Tests\Unit\Server\McpServerTest" classname="JTD.LaravelMCP.Tests.Unit.Server.McpServerTest" assertions="1" time="0.005757"/>
        <testcase name="test_can_get_server_status" file="/home/jeremyfall/Internal/JTD-Packages/laravel-mcp.git/main/tests/Unit/Server/McpServerTest.php" line="233" class="JTD\LaravelMCP\Tests\Unit\Server\McpServerTest" classname="JTD.LaravelMCP.Tests.Unit.Server.McpServerTest" assertions="8" time="0.004967"/>
        <testcase name="test_can_increment_error_count" file="/home/jeremyfall/Internal/JTD-Packages/laravel-mcp.git/main/tests/Unit/Server/McpServerTest.php" line="424" class="JTD\LaravelMCP\Tests\Unit\Server\McpServerTest" classname="JTD.LaravelMCP.Tests.Unit.Server.McpServerTest" assertions="1" time="0.005130"/>
        <testcase name="test_handles_start_errors" file="/home/jeremyfall/Internal/JTD-Packages/laravel-mcp.git/main/tests/Unit/Server/McpServerTest.php" line="467" class="JTD\LaravelMCP\Tests\Unit\Server\McpServerTest" classname="JTD.LaravelMCP.Tests.Unit.Server.McpServerTest" assertions="2" time="0.005262"/>
        <testcase name="test_handles_stop_errors" file="/home/jeremyfall/Internal/JTD-Packages/laravel-mcp.git/main/tests/Unit/Server/McpServerTest.php" line="481" class="JTD\LaravelMCP\Tests\Unit\Server\McpServerTest" classname="JTD.LaravelMCP.Tests.Unit.Server.McpServerTest" assertions="2" time="0.005788"/>
        <testcase name="test_can_shutdown_gracefully" file="/home/jeremyfall/Internal/JTD-Packages/laravel-mcp.git/main/tests/Unit/Server/McpServerTest.php" line="401" class="JTD\LaravelMCP\Tests\Unit\Server\McpServerTest" classname="JTD.LaravelMCP.Tests.Unit.Server.McpServerTest" assertions="1" time="0.005594"/>
        <testcase name="test_can_increment_request_count" file="/home/jeremyfall/Internal/JTD-Packages/laravel-mcp.git/main/tests/Unit/Server/McpServerTest.php" line="414" class="JTD\LaravelMCP\Tests\Unit\Server\McpServerTest" classname="JTD.LaravelMCP.Tests.Unit.Server.McpServerTest" assertions="1" time="0.005578"/>
        <testcase name="test_can_restart_server" file="/home/jeremyfall/Internal/JTD-Packages/laravel-mcp.git/main/tests/Unit/Server/McpServerTest.php" line="220" class="JTD\LaravelMCP\Tests\Unit\Server\McpServerTest" classname="JTD.LaravelMCP.Tests.Unit.Server.McpServerTest" assertions="1" time="1.007073"/>
        <testcase name="test_implements_server_interface" file="/home/jeremyfall/Internal/JTD-Packages/laravel-mcp.git/main/tests/Unit/Server/McpServerTest.php" line="70" class="JTD\LaravelMCP\Tests\Unit\Server\McpServerTest" classname="JTD.LaravelMCP.Tests.Unit.Server.McpServerTest" assertions="1" time="0.006873"/>
        <testcase name="test_can_create_server_instance" file="/home/jeremyfall/Internal/JTD-Packages/laravel-mcp.git/main/tests/Unit/Server/McpServerTest.php" line="75" class="JTD\LaravelMCP\Tests\Unit\Server\McpServerTest" classname="JTD.LaravelMCP.Tests.Unit.Server.McpServerTest" assertions="1" time="0.004788"/>
        <testcase name="test_server_starts_uninitialized_and_not_running" file="/home/jeremyfall/Internal/JTD-Packages/laravel-mcp.git/main/tests/Unit/Server/McpServerTest.php" line="80" class="JTD\LaravelMCP\Tests\Unit\Server\McpServerTest" classname="JTD.LaravelMCP.Tests.Unit.Server.McpServerTest" assertions="2" time="0.004750"/>
        <testcase name="test_cannot_start_uninitialized_server" file="/home/jeremyfall/Internal/JTD-Packages/laravel-mcp.git/main/tests/Unit/Server/McpServerTest.php" line="170" class="JTD\LaravelMCP\Tests\Unit\Server\McpServerTest" classname="JTD.LaravelMCP.Tests.Unit.Server.McpServerTest" assertions="2" time="0.004723"/>
        <testcase name="test_can_get_server_info" file="/home/jeremyfall/Internal/JTD-Packages/laravel-mcp.git/main/tests/Unit/Server/McpServerTest.php" line="284" class="JTD\LaravelMCP\Tests\Unit\Server\McpServerTest" classname="JTD.LaravelMCP.Tests.Unit.Server.McpServerTest" assertions="1" time="0.004877"/>
        <testcase name="test_can_get_capabilities" file="/home/jeremyfall/Internal/JTD-Packages/laravel-mcp.git/main/tests/Unit/Server/McpServerTest.php" line="301" class="JTD\LaravelMCP\Tests\Unit\Server\McpServerTest" classname="JTD.LaravelMCP.Tests.Unit.Server.McpServerTest" assertions="1" time="0.005048"/>
        <testcase name="test_can_get_uptime" file="/home/jeremyfall/Internal/JTD-Packages/laravel-mcp.git/main/tests/Unit/Server/McpServerTest.php" line="359" class="JTD\LaravelMCP\Tests\Unit\Server\McpServerTest" classname="JTD.LaravelMCP.Tests.Unit.Server.McpServerTest" assertions="1" time="0.005111"/>
        <testcase name="test_can_get_server_health" file="/home/jeremyfall/Internal/JTD-Packages/laravel-mcp.git/main/tests/Unit/Server/McpServerTest.php" line="249" class="JTD\LaravelMCP\Tests\Unit\Server\McpServerTest" classname="JTD.LaravelMCP.Tests.Unit.Server.McpServerTest" assertions="10" time="0.006017"/>
        <testcase name="test_can_set_and_get_configuration" file="/home/jeremyfall/Internal/JTD-Packages/laravel-mcp.git/main/tests/Unit/Server/McpServerTest.php" line="314" class="JTD\LaravelMCP\Tests\Unit\Server\McpServerTest" classname="JTD.LaravelMCP.Tests.Unit.Server.McpServerTest" assertions="2" time="0.005561"/>
        <testcase name="test_can_register_transport" file="/home/jeremyfall/Internal/JTD-Packages/laravel-mcp.git/main/tests/Unit/Server/McpServerTest.php" line="325" class="JTD\LaravelMCP\Tests\Unit\Server\McpServerTest" classname="JTD.LaravelMCP.Tests.Unit.Server.McpServerTest" assertions="1" time="0.005099"/>
        <testcase name="test_can_remove_transport" file="/home/jeremyfall/Internal/JTD-Packages/laravel-mcp.git/main/tests/Unit/Server/McpServerTest.php" line="340" class="JTD\LaravelMCP\Tests\Unit\Server\McpServerTest" classname="JTD.LaravelMCP.Tests.Unit.Server.McpServerTest" assertions="1" time="0.005225"/>
        <testcase name="test_can_get_metrics" file="/home/jeremyfall/Internal/JTD-Packages/laravel-mcp.git/main/tests/Unit/Server/McpServerTest.php" line="372" class="JTD\LaravelMCP\Tests\Unit\Server\McpServerTest" classname="JTD.LaravelMCP.Tests.Unit.Server.McpServerTest" assertions="8" time="0.005003"/>
        <testcase name="test_handles_initialization_errors" file="/home/jeremyfall/Internal/JTD-Packages/laravel-mcp.git/main/tests/Unit/Server/McpServerTest.php" line="455" class="JTD\LaravelMCP\Tests\Unit\Server\McpServerTest" classname="JTD.LaravelMCP.Tests.Unit.Server.McpServerTest" assertions="2" time="0.005520"/>
        <testcase name="test_can_get_diagnostics" file="/home/jeremyfall/Internal/JTD-Packages/laravel-mcp.git/main/tests/Unit/Server/McpServerTest.php" line="434" class="JTD\LaravelMCP\Tests\Unit\Server\McpServerTest" classname="JTD.LaravelMCP.Tests.Unit.Server.McpServerTest" assertions="6" time="0.006773"/>
      </testsuite>
      <testsuite name="JTD\LaravelMCP\Tests\Unit\Server\ServerInfoTest" file="/home/jeremyfall/Internal/JTD-Packages/laravel-mcp.git/main/tests/Unit/Server/ServerInfoTest.php" tests="26" assertions="72" errors="0" failures="0" skipped="0" time="1.131629">
        <testcase name="test_implementation_info_is_correct" file="/home/jeremyfall/Internal/JTD-Packages/laravel-mcp.git/main/tests/Unit/Server/ServerInfoTest.php" line="265" class="JTD\LaravelMCP\Tests\Unit\Server\ServerInfoTest" classname="JTD.LaravelMCP.Tests.Unit.Server.ServerInfoTest" assertions="5" time="0.004346"/>
        <testcase name="test_can_create_server_info_instance" file="/home/jeremyfall/Internal/JTD-Packages/laravel-mcp.git/main/tests/Unit/Server/ServerInfoTest.php" line="20" class="JTD\LaravelMCP\Tests\Unit\Server\ServerInfoTest" classname="JTD.LaravelMCP.Tests.Unit.Server.ServerInfoTest" assertions="1" time="0.004279"/>
        <testcase name="test_can_get_basic_info" file="/home/jeremyfall/Internal/JTD-Packages/laravel-mcp.git/main/tests/Unit/Server/ServerInfoTest.php" line="40" class="JTD\LaravelMCP\Tests\Unit\Server\ServerInfoTest" classname="JTD.LaravelMCP.Tests.Unit.Server.ServerInfoTest" assertions="3" time="0.004377"/>
        <testcase name="test_can_get_protocol_version" file="/home/jeremyfall/Internal/JTD-Packages/laravel-mcp.git/main/tests/Unit/Server/ServerInfoTest.php" line="49" class="JTD\LaravelMCP\Tests\Unit\Server\ServerInfoTest" classname="JTD.LaravelMCP.Tests.Unit.Server.ServerInfoTest" assertions="1" time="0.004910"/>
        <testcase name="test_can_get_uptime" file="/home/jeremyfall/Internal/JTD-Packages/laravel-mcp.git/main/tests/Unit/Server/ServerInfoTest.php" line="56" class="JTD\LaravelMCP\Tests\Unit\Server\ServerInfoTest" classname="JTD.LaravelMCP.Tests.Unit.Server.ServerInfoTest" assertions="3" time="0.004607"/>
        <testcase name="test_can_get_start_time" file="/home/jeremyfall/Internal/JTD-Packages/laravel-mcp.git/main/tests/Unit/Server/ServerInfoTest.php" line="64" class="JTD\LaravelMCP\Tests\Unit\Server\ServerInfoTest" classname="JTD.LaravelMCP.Tests.Unit.Server.ServerInfoTest" assertions="3" time="0.005395"/>
        <testcase name="test_can_get_name" file="/home/jeremyfall/Internal/JTD-Packages/laravel-mcp.git/main/tests/Unit/Server/ServerInfoTest.php" line="72" class="JTD\LaravelMCP\Tests\Unit\Server\ServerInfoTest" classname="JTD.LaravelMCP.Tests.Unit.Server.ServerInfoTest" assertions="2" time="0.005343"/>
        <testcase name="test_can_get_version" file="/home/jeremyfall/Internal/JTD-Packages/laravel-mcp.git/main/tests/Unit/Server/ServerInfoTest.php" line="80" class="JTD\LaravelMCP\Tests\Unit\Server\ServerInfoTest" classname="JTD.LaravelMCP.Tests.Unit.Server.ServerInfoTest" assertions="2" time="0.004896"/>
        <testcase name="test_can_get_description" file="/home/jeremyfall/Internal/JTD-Packages/laravel-mcp.git/main/tests/Unit/Server/ServerInfoTest.php" line="88" class="JTD\LaravelMCP\Tests\Unit\Server\ServerInfoTest" classname="JTD.LaravelMCP.Tests.Unit.Server.ServerInfoTest" assertions="2" time="0.005101"/>
        <testcase name="test_can_get_vendor" file="/home/jeremyfall/Internal/JTD-Packages/laravel-mcp.git/main/tests/Unit/Server/ServerInfoTest.php" line="96" class="JTD\LaravelMCP\Tests\Unit\Server\ServerInfoTest" classname="JTD.LaravelMCP.Tests.Unit.Server.ServerInfoTest" assertions="2" time="0.004639"/>
        <testcase name="test_can_set_name" file="/home/jeremyfall/Internal/JTD-Packages/laravel-mcp.git/main/tests/Unit/Server/ServerInfoTest.php" line="104" class="JTD\LaravelMCP\Tests\Unit\Server\ServerInfoTest" classname="JTD.LaravelMCP.Tests.Unit.Server.ServerInfoTest" assertions="1" time="0.004987"/>
        <testcase name="test_can_set_version" file="/home/jeremyfall/Internal/JTD-Packages/laravel-mcp.git/main/tests/Unit/Server/ServerInfoTest.php" line="112" class="JTD\LaravelMCP\Tests\Unit\Server\ServerInfoTest" classname="JTD.LaravelMCP.Tests.Unit.Server.ServerInfoTest" assertions="1" time="0.004790"/>
        <testcase name="test_can_set_description" file="/home/jeremyfall/Internal/JTD-Packages/laravel-mcp.git/main/tests/Unit/Server/ServerInfoTest.php" line="120" class="JTD\LaravelMCP\Tests\Unit\Server\ServerInfoTest" classname="JTD.LaravelMCP.Tests.Unit.Server.ServerInfoTest" assertions="1" time="0.005296"/>
        <testcase name="test_can_set_vendor" file="/home/jeremyfall/Internal/JTD-Packages/laravel-mcp.git/main/tests/Unit/Server/ServerInfoTest.php" line="128" class="JTD\LaravelMCP\Tests\Unit\Server\ServerInfoTest" classname="JTD.LaravelMCP.Tests.Unit.Server.ServerInfoTest" assertions="1" time="0.005293"/>
        <testcase name="test_can_update_server_info" file="/home/jeremyfall/Internal/JTD-Packages/laravel-mcp.git/main/tests/Unit/Server/ServerInfoTest.php" line="136" class="JTD\LaravelMCP\Tests\Unit\Server\ServerInfoTest" classname="JTD.LaravelMCP.Tests.Unit.Server.ServerInfoTest" assertions="2" time="0.005270"/>
        <testcase name="test_can_update_runtime_info" file="/home/jeremyfall/Internal/JTD-Packages/laravel-mcp.git/main/tests/Unit/Server/ServerInfoTest.php" line="149" class="JTD\LaravelMCP\Tests\Unit\Server\ServerInfoTest" classname="JTD.LaravelMCP.Tests.Unit.Server.ServerInfoTest" assertions="2" time="0.004610"/>
        <testcase name="test_can_get_formatted_uptime" file="/home/jeremyfall/Internal/JTD-Packages/laravel-mcp.git/main/tests/Unit/Server/ServerInfoTest.php" line="185" class="JTD\LaravelMCP\Tests\Unit\Server\ServerInfoTest" classname="JTD.LaravelMCP.Tests.Unit.Server.ServerInfoTest" assertions="2" time="0.004674"/>
        <testcase name="test_can_convert_to_json" file="/home/jeremyfall/Internal/JTD-Packages/laravel-mcp.git/main/tests/Unit/Server/ServerInfoTest.php" line="204" class="JTD\LaravelMCP\Tests\Unit\Server\ServerInfoTest" classname="JTD.LaravelMCP.Tests.Unit.Server.ServerInfoTest" assertions="3" time="0.004718"/>
        <testcase name="test_can_convert_to_array" file="/home/jeremyfall/Internal/JTD-Packages/laravel-mcp.git/main/tests/Unit/Server/ServerInfoTest.php" line="215" class="JTD\LaravelMCP\Tests\Unit\Server\ServerInfoTest" classname="JTD.LaravelMCP.Tests.Unit.Server.ServerInfoTest" assertions="3" time="0.004901"/>
        <testcase name="test_respects_environment_variables" file="/home/jeremyfall/Internal/JTD-Packages/laravel-mcp.git/main/tests/Unit/Server/ServerInfoTest.php" line="239" class="JTD\LaravelMCP\Tests\Unit\Server\ServerInfoTest" classname="JTD.LaravelMCP.Tests.Unit.Server.ServerInfoTest" assertions="2" time="0.005184"/>
        <testcase name="test_runtime_info_contains_required_fields" file="/home/jeremyfall/Internal/JTD-Packages/laravel-mcp.git/main/tests/Unit/Server/ServerInfoTest.php" line="253" class="JTD\LaravelMCP\Tests\Unit\Server\ServerInfoTest" classname="JTD.LaravelMCP.Tests.Unit.Server.ServerInfoTest" assertions="5" time="0.005478"/>
        <testcase name="test_has_default_server_information" file="/home/jeremyfall/Internal/JTD-Packages/laravel-mcp.git/main/tests/Unit/Server/ServerInfoTest.php" line="25" class="JTD\LaravelMCP\Tests\Unit\Server\ServerInfoTest" classname="JTD.LaravelMCP.Tests.Unit.Server.ServerInfoTest" assertions="9" time="0.005507"/>
        <testcase name="test_can_get_status" file="/home/jeremyfall/Internal/JTD-Packages/laravel-mcp.git/main/tests/Unit/Server/ServerInfoTest.php" line="162" class="JTD\LaravelMCP\Tests\Unit\Server\ServerInfoTest" classname="JTD.LaravelMCP.Tests.Unit.Server.ServerInfoTest" assertions="7" time="0.005490"/>
        <testcase name="test_can_get_detailed_info" file="/home/jeremyfall/Internal/JTD-Packages/laravel-mcp.git/main/tests/Unit/Server/ServerInfoTest.php" line="175" class="JTD\LaravelMCP\Tests\Unit\Server\ServerInfoTest" classname="JTD.LaravelMCP.Tests.Unit.Server.ServerInfoTest" assertions="4" time="0.005677"/>
        <testcase name="test_respects_configuration" file="/home/jeremyfall/Internal/JTD-Packages/laravel-mcp.git/main/tests/Unit/Server/ServerInfoTest.php" line="224" class="JTD\LaravelMCP\Tests\Unit\Server\ServerInfoTest" classname="JTD.LaravelMCP.Tests.Unit.Server.ServerInfoTest" assertions="4" time="0.005423"/>
        <testcase name="test_can_reset_start_time" file="/home/jeremyfall/Internal/JTD-Packages/laravel-mcp.git/main/tests/Unit/Server/ServerInfoTest.php" line="193" class="JTD\LaravelMCP\Tests\Unit\Server\ServerInfoTest" classname="JTD.LaravelMCP.Tests.Unit.Server.ServerInfoTest" assertions="1" time="1.006438"/>
      </testsuite>
      <testsuite name="JTD\LaravelMCP\Tests\Unit\Traits\HandlesMcpRequestsTest" file="/home/jeremyfall/Internal/JTD-Packages/laravel-mcp.git/main/tests/Unit/Traits/HandlesMcpRequestsTest.php" tests="24" assertions="57" errors="0" failures="0" skipped="0" time="0.118866">
        <testcase name="test_process_request_with_generic_exception" file="/home/jeremyfall/Internal/JTD-Packages/laravel-mcp.git/main/tests/Unit/Traits/HandlesMcpRequestsTest.php" line="91" class="JTD\LaravelMCP\Tests\Unit\Traits\HandlesMcpRequestsTest" classname="JTD.LaravelMCP.Tests.Unit.Traits.HandlesMcpRequestsTest" assertions="5" time="0.006136"/>
        <testcase name="test_create_success_response" file="/home/jeremyfall/Internal/JTD-Packages/laravel-mcp.git/main/tests/Unit/Traits/HandlesMcpRequestsTest.php" line="109" class="JTD\LaravelMCP\Tests\Unit\Traits\HandlesMcpRequestsTest" classname="JTD.LaravelMCP.Tests.Unit.Traits.HandlesMcpRequestsTest" assertions="3" time="0.005224"/>
        <testcase name="test_create_error_response_with_data" file="/home/jeremyfall/Internal/JTD-Packages/laravel-mcp.git/main/tests/Unit/Traits/HandlesMcpRequestsTest.php" line="137" class="JTD\LaravelMCP\Tests\Unit\Traits\HandlesMcpRequestsTest" classname="JTD.LaravelMCP.Tests.Unit.Traits.HandlesMcpRequestsTest" assertions="2" time="0.004549"/>
        <testcase name="test_validate_required_params_all_present" file="/home/jeremyfall/Internal/JTD-Packages/laravel-mcp.git/main/tests/Unit/Traits/HandlesMcpRequestsTest.php" line="150" class="JTD\LaravelMCP\Tests\Unit\Traits\HandlesMcpRequestsTest" classname="JTD.LaravelMCP.Tests.Unit.Traits.HandlesMcpRequestsTest" assertions="1" time="0.004473"/>
        <testcase name="test_validate_required_params_missing" file="/home/jeremyfall/Internal/JTD-Packages/laravel-mcp.git/main/tests/Unit/Traits/HandlesMcpRequestsTest.php" line="163" class="JTD\LaravelMCP\Tests\Unit\Traits\HandlesMcpRequestsTest" classname="JTD.LaravelMCP.Tests.Unit.Traits.HandlesMcpRequestsTest" assertions="3" time="0.004474"/>
        <testcase name="test_extract_params_with_required" file="/home/jeremyfall/Internal/JTD-Packages/laravel-mcp.git/main/tests/Unit/Traits/HandlesMcpRequestsTest.php" line="178" class="JTD\LaravelMCP\Tests\Unit\Traits\HandlesMcpRequestsTest" classname="JTD.LaravelMCP.Tests.Unit.Traits.HandlesMcpRequestsTest" assertions="1" time="0.005023"/>
        <testcase name="test_extract_params_missing_required" file="/home/jeremyfall/Internal/JTD-Packages/laravel-mcp.git/main/tests/Unit/Traits/HandlesMcpRequestsTest.php" line="194" class="JTD\LaravelMCP\Tests\Unit\Traits\HandlesMcpRequestsTest" classname="JTD.LaravelMCP.Tests.Unit.Traits.HandlesMcpRequestsTest" assertions="2" time="0.004622"/>
        <testcase name="test_extract_params_with_defaults" file="/home/jeremyfall/Internal/JTD-Packages/laravel-mcp.git/main/tests/Unit/Traits/HandlesMcpRequestsTest.php" line="211" class="JTD\LaravelMCP\Tests\Unit\Traits\HandlesMcpRequestsTest" classname="JTD.LaravelMCP.Tests.Unit.Traits.HandlesMcpRequestsTest" assertions="1" time="0.004526"/>
        <testcase name="test_validate_param_with_type" file="/home/jeremyfall/Internal/JTD-Packages/laravel-mcp.git/main/tests/Unit/Traits/HandlesMcpRequestsTest.php" line="232" class="JTD\LaravelMCP\Tests\Unit\Traits\HandlesMcpRequestsTest" classname="JTD.LaravelMCP.Tests.Unit.Traits.HandlesMcpRequestsTest" assertions="1" time="0.004807"/>
        <testcase name="test_validate_param_type_string" file="/home/jeremyfall/Internal/JTD-Packages/laravel-mcp.git/main/tests/Unit/Traits/HandlesMcpRequestsTest.php" line="258" class="JTD\LaravelMCP\Tests\Unit\Traits\HandlesMcpRequestsTest" classname="JTD.LaravelMCP.Tests.Unit.Traits.HandlesMcpRequestsTest" assertions="3" time="0.004962"/>
        <testcase name="test_validate_param_type_integer" file="/home/jeremyfall/Internal/JTD-Packages/laravel-mcp.git/main/tests/Unit/Traits/HandlesMcpRequestsTest.php" line="273" class="JTD\LaravelMCP\Tests\Unit\Traits\HandlesMcpRequestsTest" classname="JTD.LaravelMCP.Tests.Unit.Traits.HandlesMcpRequestsTest" assertions="3" time="0.004809"/>
        <testcase name="test_validate_param_type_array" file="/home/jeremyfall/Internal/JTD-Packages/laravel-mcp.git/main/tests/Unit/Traits/HandlesMcpRequestsTest.php" line="288" class="JTD\LaravelMCP\Tests\Unit\Traits\HandlesMcpRequestsTest" classname="JTD.LaravelMCP.Tests.Unit.Traits.HandlesMcpRequestsTest" assertions="3" time="0.004981"/>
        <testcase name="test_validate_param_type_object" file="/home/jeremyfall/Internal/JTD-Packages/laravel-mcp.git/main/tests/Unit/Traits/HandlesMcpRequestsTest.php" line="303" class="JTD\LaravelMCP\Tests\Unit\Traits\HandlesMcpRequestsTest" classname="JTD.LaravelMCP.Tests.Unit.Traits.HandlesMcpRequestsTest" assertions="4" time="0.004978"/>
        <testcase name="test_get_component_name" file="/home/jeremyfall/Internal/JTD-Packages/laravel-mcp.git/main/tests/Unit/Traits/HandlesMcpRequestsTest.php" line="322" class="JTD\LaravelMCP\Tests\Unit\Traits\HandlesMcpRequestsTest" classname="JTD.LaravelMCP.Tests.Unit.Traits.HandlesMcpRequestsTest" assertions="2" time="0.004699"/>
        <testcase name="test_log_request_with_debug_disabled" file="/home/jeremyfall/Internal/JTD-Packages/laravel-mcp.git/main/tests/Unit/Traits/HandlesMcpRequestsTest.php" line="346" class="JTD\LaravelMCP\Tests\Unit\Traits\HandlesMcpRequestsTest" classname="JTD.LaravelMCP.Tests.Unit.Traits.HandlesMcpRequestsTest" assertions="1" time="0.004750"/>
        <testcase name="test_log_response_with_debug_enabled" file="/home/jeremyfall/Internal/JTD-Packages/laravel-mcp.git/main/tests/Unit/Traits/HandlesMcpRequestsTest.php" line="358" class="JTD\LaravelMCP\Tests\Unit\Traits\HandlesMcpRequestsTest" classname="JTD.LaravelMCP.Tests.Unit.Traits.HandlesMcpRequestsTest" assertions="1" time="0.004833"/>
        <testcase name="test_complex_parameter_extraction" file="/home/jeremyfall/Internal/JTD-Packages/laravel-mcp.git/main/tests/Unit/Traits/HandlesMcpRequestsTest.php" line="370" class="JTD\LaravelMCP\Tests\Unit\Traits\HandlesMcpRequestsTest" classname="JTD.LaravelMCP.Tests.Unit.Traits.HandlesMcpRequestsTest" assertions="2" time="0.005085"/>
        <testcase name="test_success_response_includes_timestamp" file="/home/jeremyfall/Internal/JTD-Packages/laravel-mcp.git/main/tests/Unit/Traits/HandlesMcpRequestsTest.php" line="426" class="JTD\LaravelMCP\Tests\Unit\Traits\HandlesMcpRequestsTest" classname="JTD.LaravelMCP.Tests.Unit.Traits.HandlesMcpRequestsTest" assertions="2" time="0.005119"/>
        <testcase name="test_process_request_success" file="/home/jeremyfall/Internal/JTD-Packages/laravel-mcp.git/main/tests/Unit/Traits/HandlesMcpRequestsTest.php" line="54" class="JTD\LaravelMCP\Tests\Unit\Traits\HandlesMcpRequestsTest" classname="JTD.LaravelMCP.Tests.Unit.Traits.HandlesMcpRequestsTest" assertions="3" time="0.005160"/>
        <testcase name="test_process_request_with_mcp_exception" file="/home/jeremyfall/Internal/JTD-Packages/laravel-mcp.git/main/tests/Unit/Traits/HandlesMcpRequestsTest.php" line="73" class="JTD\LaravelMCP\Tests\Unit\Traits\HandlesMcpRequestsTest" classname="JTD.LaravelMCP.Tests.Unit.Traits.HandlesMcpRequestsTest" assertions="5" time="0.005817"/>
        <testcase name="test_create_error_response_without_data" file="/home/jeremyfall/Internal/JTD-Packages/laravel-mcp.git/main/tests/Unit/Traits/HandlesMcpRequestsTest.php" line="123" class="JTD\LaravelMCP\Tests\Unit\Traits\HandlesMcpRequestsTest" classname="JTD.LaravelMCP.Tests.Unit.Traits.HandlesMcpRequestsTest" assertions="5" time="0.004765"/>
        <testcase name="test_validate_param_with_custom_validator" file="/home/jeremyfall/Internal/JTD-Packages/laravel-mcp.git/main/tests/Unit/Traits/HandlesMcpRequestsTest.php" line="243" class="JTD\LaravelMCP\Tests\Unit\Traits\HandlesMcpRequestsTest" classname="JTD.LaravelMCP.Tests.Unit.Traits.HandlesMcpRequestsTest" assertions="1" time="0.004972"/>
        <testcase name="test_log_request_with_debug_enabled" file="/home/jeremyfall/Internal/JTD-Packages/laravel-mcp.git/main/tests/Unit/Traits/HandlesMcpRequestsTest.php" line="334" class="JTD\LaravelMCP\Tests\Unit\Traits\HandlesMcpRequestsTest" classname="JTD.LaravelMCP.Tests.Unit.Traits.HandlesMcpRequestsTest" assertions="1" time="0.005231"/>
        <testcase name="test_error_response_includes_timestamp" file="/home/jeremyfall/Internal/JTD-Packages/laravel-mcp.git/main/tests/Unit/Traits/HandlesMcpRequestsTest.php" line="415" class="JTD\LaravelMCP\Tests\Unit\Traits\HandlesMcpRequestsTest" classname="JTD.LaravelMCP.Tests.Unit.Traits.HandlesMcpRequestsTest" assertions="2" time="0.004869"/>
      </testsuite>
      <testsuite name="JTD\LaravelMCP\Tests\Unit\Traits\ValidatesParametersTest" file="/home/jeremyfall/Internal/JTD-Packages/laravel-mcp.git/main/tests/Unit/Traits/ValidatesParametersTest.php" tests="24" assertions="70" errors="0" failures="0" skipped="0" time="0.117268">
        <testcase name="test_validate_schema_with_defaults" file="/home/jeremyfall/Internal/JTD-Packages/laravel-mcp.git/main/tests/Unit/Traits/ValidatesParametersTest.php" line="93" class="JTD\LaravelMCP\Tests\Unit\Traits\ValidatesParametersTest" classname="JTD.LaravelMCP.Tests.Unit.Traits.ValidatesParametersTest" assertions="1" time="0.004273"/>
        <testcase name="test_validate_field_type_string" file="/home/jeremyfall/Internal/JTD-Packages/laravel-mcp.git/main/tests/Unit/Traits/ValidatesParametersTest.php" line="115" class="JTD\LaravelMCP\Tests\Unit\Traits\ValidatesParametersTest" classname="JTD.LaravelMCP.Tests.Unit.Traits.ValidatesParametersTest" assertions="3" time="0.004640"/>
        <testcase name="test_validate_field_type_integer" file="/home/jeremyfall/Internal/JTD-Packages/laravel-mcp.git/main/tests/Unit/Traits/ValidatesParametersTest.php" line="130" class="JTD\LaravelMCP\Tests\Unit\Traits\ValidatesParametersTest" classname="JTD.LaravelMCP.Tests.Unit.Traits.ValidatesParametersTest" assertions="4" time="0.004748"/>
        <testcase name="test_validate_field_type_number" file="/home/jeremyfall/Internal/JTD-Packages/laravel-mcp.git/main/tests/Unit/Traits/ValidatesParametersTest.php" line="149" class="JTD\LaravelMCP\Tests\Unit\Traits\ValidatesParametersTest" classname="JTD.LaravelMCP.Tests.Unit.Traits.ValidatesParametersTest" assertions="3" time="0.004895"/>
        <testcase name="test_validate_field_type_boolean" file="/home/jeremyfall/Internal/JTD-Packages/laravel-mcp.git/main/tests/Unit/Traits/ValidatesParametersTest.php" line="166" class="JTD\LaravelMCP\Tests\Unit\Traits\ValidatesParametersTest" classname="JTD.LaravelMCP.Tests.Unit.Traits.ValidatesParametersTest" assertions="3" time="0.004891"/>
        <testcase name="test_validate_field_type_array" file="/home/jeremyfall/Internal/JTD-Packages/laravel-mcp.git/main/tests/Unit/Traits/ValidatesParametersTest.php" line="182" class="JTD\LaravelMCP\Tests\Unit\Traits\ValidatesParametersTest" classname="JTD.LaravelMCP.Tests.Unit.Traits.ValidatesParametersTest" assertions="3" time="0.004351"/>
        <testcase name="test_validate_field_type_object" file="/home/jeremyfall/Internal/JTD-Packages/laravel-mcp.git/main/tests/Unit/Traits/ValidatesParametersTest.php" line="197" class="JTD\LaravelMCP\Tests\Unit\Traits\ValidatesParametersTest" classname="JTD.LaravelMCP.Tests.Unit.Traits.ValidatesParametersTest" assertions="3" time="0.004388"/>
        <testcase name="test_validate_field_type_null" file="/home/jeremyfall/Internal/JTD-Packages/laravel-mcp.git/main/tests/Unit/Traits/ValidatesParametersTest.php" line="215" class="JTD\LaravelMCP\Tests\Unit\Traits\ValidatesParametersTest" classname="JTD.LaravelMCP.Tests.Unit.Traits.ValidatesParametersTest" assertions="3" time="0.004464"/>
        <testcase name="test_validate_field_format_email" file="/home/jeremyfall/Internal/JTD-Packages/laravel-mcp.git/main/tests/Unit/Traits/ValidatesParametersTest.php" line="230" class="JTD\LaravelMCP\Tests\Unit\Traits\ValidatesParametersTest" classname="JTD.LaravelMCP.Tests.Unit.Traits.ValidatesParametersTest" assertions="3" time="0.004419"/>
        <testcase name="test_validate_field_format_url" file="/home/jeremyfall/Internal/JTD-Packages/laravel-mcp.git/main/tests/Unit/Traits/ValidatesParametersTest.php" line="245" class="JTD\LaravelMCP\Tests\Unit\Traits\ValidatesParametersTest" classname="JTD.LaravelMCP.Tests.Unit.Traits.ValidatesParametersTest" assertions="3" time="0.004752"/>
        <testcase name="test_validate_field_format_uri" file="/home/jeremyfall/Internal/JTD-Packages/laravel-mcp.git/main/tests/Unit/Traits/ValidatesParametersTest.php" line="260" class="JTD\LaravelMCP\Tests\Unit\Traits\ValidatesParametersTest" classname="JTD.LaravelMCP.Tests.Unit.Traits.ValidatesParametersTest" assertions="4" time="0.005257"/>
        <testcase name="test_validate_field_format_uuid" file="/home/jeremyfall/Internal/JTD-Packages/laravel-mcp.git/main/tests/Unit/Traits/ValidatesParametersTest.php" line="293" class="JTD\LaravelMCP\Tests\Unit\Traits\ValidatesParametersTest" classname="JTD.LaravelMCP.Tests.Unit.Traits.ValidatesParametersTest" assertions="3" time="0.005085"/>
        <testcase name="test_validate_field_length_string" file="/home/jeremyfall/Internal/JTD-Packages/laravel-mcp.git/main/tests/Unit/Traits/ValidatesParametersTest.php" line="309" class="JTD\LaravelMCP\Tests\Unit\Traits\ValidatesParametersTest" classname="JTD.LaravelMCP.Tests.Unit.Traits.ValidatesParametersTest" assertions="3" time="0.005254"/>
        <testcase name="test_validate_field_length_array" file="/home/jeremyfall/Internal/JTD-Packages/laravel-mcp.git/main/tests/Unit/Traits/ValidatesParametersTest.php" line="326" class="JTD\LaravelMCP\Tests\Unit\Traits\ValidatesParametersTest" classname="JTD.LaravelMCP.Tests.Unit.Traits.ValidatesParametersTest" assertions="3" time="0.005307"/>
        <testcase name="test_validate_field_range" file="/home/jeremyfall/Internal/JTD-Packages/laravel-mcp.git/main/tests/Unit/Traits/ValidatesParametersTest.php" line="343" class="JTD\LaravelMCP\Tests\Unit\Traits\ValidatesParametersTest" classname="JTD.LaravelMCP.Tests.Unit.Traits.ValidatesParametersTest" assertions="3" time="0.005237"/>
        <testcase name="test_validate_field_enum" file="/home/jeremyfall/Internal/JTD-Packages/laravel-mcp.git/main/tests/Unit/Traits/ValidatesParametersTest.php" line="360" class="JTD\LaravelMCP\Tests\Unit\Traits\ValidatesParametersTest" classname="JTD.LaravelMCP.Tests.Unit.Traits.ValidatesParametersTest" assertions="3" time="0.005375"/>
        <testcase name="test_validate_field_pattern" file="/home/jeremyfall/Internal/JTD-Packages/laravel-mcp.git/main/tests/Unit/Traits/ValidatesParametersTest.php" line="377" class="JTD\LaravelMCP\Tests\Unit\Traits\ValidatesParametersTest" classname="JTD.LaravelMCP.Tests.Unit.Traits.ValidatesParametersTest" assertions="3" time="0.004950"/>
        <testcase name="test_validate_field_with_custom_validator" file="/home/jeremyfall/Internal/JTD-Packages/laravel-mcp.git/main/tests/Unit/Traits/ValidatesParametersTest.php" line="394" class="JTD\LaravelMCP\Tests\Unit\Traits\ValidatesParametersTest" classname="JTD.LaravelMCP.Tests.Unit.Traits.ValidatesParametersTest" assertions="5" time="0.004991"/>
        <testcase name="test_complex_schema_validation" file="/home/jeremyfall/Internal/JTD-Packages/laravel-mcp.git/main/tests/Unit/Traits/ValidatesParametersTest.php" line="431" class="JTD\LaravelMCP\Tests\Unit\Traits\ValidatesParametersTest" classname="JTD.LaravelMCP.Tests.Unit.Traits.ValidatesParametersTest" assertions="2" time="0.005080"/>
        <testcase name="test_is_required" file="/home/jeremyfall/Internal/JTD-Packages/laravel-mcp.git/main/tests/Unit/Traits/ValidatesParametersTest.php" line="466" class="JTD\LaravelMCP\Tests\Unit\Traits\ValidatesParametersTest" classname="JTD.LaravelMCP.Tests.Unit.Traits.ValidatesParametersTest" assertions="3" time="0.005019"/>
        <testcase name="test_get_validation_error_summary" file="/home/jeremyfall/Internal/JTD-Packages/laravel-mcp.git/main/tests/Unit/Traits/ValidatesParametersTest.php" line="476" class="JTD\LaravelMCP\Tests\Unit\Traits\ValidatesParametersTest" classname="JTD.LaravelMCP.Tests.Unit.Traits.ValidatesParametersTest" assertions="3" time="0.004997"/>
        <testcase name="test_validate_schema_with_valid_params" file="/home/jeremyfall/Internal/JTD-Packages/laravel-mcp.git/main/tests/Unit/Traits/ValidatesParametersTest.php" line="53" class="JTD\LaravelMCP\Tests\Unit\Traits\ValidatesParametersTest" classname="JTD.LaravelMCP.Tests.Unit.Traits.ValidatesParametersTest" assertions="1" time="0.005020"/>
        <testcase name="test_validate_schema_missing_required" file="/home/jeremyfall/Internal/JTD-Packages/laravel-mcp.git/main/tests/Unit/Traits/ValidatesParametersTest.php" line="75" class="JTD\LaravelMCP\Tests\Unit\Traits\ValidatesParametersTest" classname="JTD.LaravelMCP.Tests.Unit.Traits.ValidatesParametersTest" assertions="2" time="0.004731"/>
        <testcase name="test_validate_field_format_datetime" file="/home/jeremyfall/Internal/JTD-Packages/laravel-mcp.git/main/tests/Unit/Traits/ValidatesParametersTest.php" line="278" class="JTD\LaravelMCP\Tests\Unit\Traits\ValidatesParametersTest" classname="JTD.LaravelMCP.Tests.Unit.Traits.ValidatesParametersTest" assertions="3" time="0.005143"/>
      </testsuite>
      <testsuite name="JTD\LaravelMCP\Tests\Unit\Transport\Contracts\MessageHandlerInterfaceTest" file="/home/jeremyfall/Internal/JTD-Packages/laravel-mcp.git/main/tests/Unit/Transport/Contracts/MessageHandlerInterfaceTest.php" tests="16" assertions="53" errors="0" failures="0" skipped="0" time="0.074743">
        <testcase name="test_handle_notification_returns_null" file="/home/jeremyfall/Internal/JTD-Packages/laravel-mcp.git/main/tests/Unit/Transport/Contracts/MessageHandlerInterfaceTest.php" line="63" class="JTD\LaravelMCP\Tests\Unit\Transport\Contracts\MessageHandlerInterfaceTest" classname="JTD.LaravelMCP.Tests.Unit.Transport.Contracts.MessageHandlerInterfaceTest" assertions="2" time="0.004804"/>
        <testcase name="test_handle_complex_message" file="/home/jeremyfall/Internal/JTD-Packages/laravel-mcp.git/main/tests/Unit/Transport/Contracts/MessageHandlerInterfaceTest.php" line="84" class="JTD\LaravelMCP\Tests\Unit\Transport\Contracts\MessageHandlerInterfaceTest" classname="JTD.LaravelMCP.Tests.Unit.Transport.Contracts.MessageHandlerInterfaceTest" assertions="2" time="0.004961"/>
        <testcase name="test_handle_error_with_exception" file="/home/jeremyfall/Internal/JTD-Packages/laravel-mcp.git/main/tests/Unit/Transport/Contracts/MessageHandlerInterfaceTest.php" line="127" class="JTD\LaravelMCP\Tests\Unit\Transport\Contracts\MessageHandlerInterfaceTest" classname="JTD.LaravelMCP.Tests.Unit.Transport.Contracts.MessageHandlerInterfaceTest" assertions="1" time="0.004576"/>
        <testcase name="test_on_connect" file="/home/jeremyfall/Internal/JTD-Packages/laravel-mcp.git/main/tests/Unit/Transport/Contracts/MessageHandlerInterfaceTest.php" line="169" class="JTD\LaravelMCP\Tests\Unit\Transport\Contracts\MessageHandlerInterfaceTest" classname="JTD.LaravelMCP.Tests.Unit.Transport.Contracts.MessageHandlerInterfaceTest" assertions="1" time="0.004485"/>
        <testcase name="test_on_disconnect" file="/home/jeremyfall/Internal/JTD-Packages/laravel-mcp.git/main/tests/Unit/Transport/Contracts/MessageHandlerInterfaceTest.php" line="182" class="JTD\LaravelMCP\Tests\Unit\Transport\Contracts\MessageHandlerInterfaceTest" classname="JTD.LaravelMCP.Tests.Unit.Transport.Contracts.MessageHandlerInterfaceTest" assertions="1" time="0.004379"/>
        <testcase name="test_can_handle_supported_message" file="/home/jeremyfall/Internal/JTD-Packages/laravel-mcp.git/main/tests/Unit/Transport/Contracts/MessageHandlerInterfaceTest.php" line="195" class="JTD\LaravelMCP\Tests\Unit\Transport\Contracts\MessageHandlerInterfaceTest" classname="JTD.LaravelMCP.Tests.Unit.Transport.Contracts.MessageHandlerInterfaceTest" assertions="2" time="0.004545"/>
        <testcase name="test_can_handle_unsupported_message" file="/home/jeremyfall/Internal/JTD-Packages/laravel-mcp.git/main/tests/Unit/Transport/Contracts/MessageHandlerInterfaceTest.php" line="215" class="JTD\LaravelMCP\Tests\Unit\Transport\Contracts\MessageHandlerInterfaceTest" classname="JTD.LaravelMCP.Tests.Unit.Transport.Contracts.MessageHandlerInterfaceTest" assertions="2" time="0.004575"/>
        <testcase name="test_get_supported_message_types" file="/home/jeremyfall/Internal/JTD-Packages/laravel-mcp.git/main/tests/Unit/Transport/Contracts/MessageHandlerInterfaceTest.php" line="266" class="JTD\LaravelMCP\Tests\Unit\Transport\Contracts\MessageHandlerInterfaceTest" classname="JTD.LaravelMCP.Tests.Unit.Transport.Contracts.MessageHandlerInterfaceTest" assertions="2" time="0.004608"/>
        <testcase name="test_get_supported_message_types_empty" file="/home/jeremyfall/Internal/JTD-Packages/laravel-mcp.git/main/tests/Unit/Transport/Contracts/MessageHandlerInterfaceTest.php" line="293" class="JTD\LaravelMCP\Tests\Unit\Transport\Contracts\MessageHandlerInterfaceTest" classname="JTD.LaravelMCP.Tests.Unit.Transport.Contracts.MessageHandlerInterfaceTest" assertions="2" time="0.004817"/>
        <testcase name="test_error_handling_isolation" file="/home/jeremyfall/Internal/JTD-Packages/laravel-mcp.git/main/tests/Unit/Transport/Contracts/MessageHandlerInterfaceTest.php" line="385" class="JTD\LaravelMCP\Tests\Unit\Transport\Contracts\MessageHandlerInterfaceTest" classname="JTD.LaravelMCP.Tests.Unit.Transport.Contracts.MessageHandlerInterfaceTest" assertions="2" time="0.004638"/>
        <testcase name="test_handle_valid_message_returns_response" file="/home/jeremyfall/Internal/JTD-Packages/laravel-mcp.git/main/tests/Unit/Transport/Contracts/MessageHandlerInterfaceTest.php" line="35" class="JTD\LaravelMCP\Tests\Unit\Transport\Contracts\MessageHandlerInterfaceTest" classname="JTD.LaravelMCP.Tests.Unit.Transport.Contracts.MessageHandlerInterfaceTest" assertions="2" time="0.004533"/>
        <testcase name="test_handle_error_with_different_types" file="/home/jeremyfall/Internal/JTD-Packages/laravel-mcp.git/main/tests/Unit/Transport/Contracts/MessageHandlerInterfaceTest.php" line="142" class="JTD\LaravelMCP\Tests\Unit\Transport\Contracts\MessageHandlerInterfaceTest" classname="JTD.LaravelMCP.Tests.Unit.Transport.Contracts.MessageHandlerInterfaceTest" assertions="7" time="0.005036"/>
        <testcase name="test_can_handle_various_formats" file="/home/jeremyfall/Internal/JTD-Packages/laravel-mcp.git/main/tests/Unit/Transport/Contracts/MessageHandlerInterfaceTest.php" line="235" class="JTD\LaravelMCP\Tests\Unit\Transport\Contracts\MessageHandlerInterfaceTest" classname="JTD.LaravelMCP.Tests.Unit.Transport.Contracts.MessageHandlerInterfaceTest" assertions="7" time="0.004614"/>
        <testcase name="test_lifecycle_events_sequence" file="/home/jeremyfall/Internal/JTD-Packages/laravel-mcp.git/main/tests/Unit/Transport/Contracts/MessageHandlerInterfaceTest.php" line="308" class="JTD\LaravelMCP\Tests\Unit\Transport\Contracts\MessageHandlerInterfaceTest" classname="JTD.LaravelMCP.Tests.Unit.Transport.Contracts.MessageHandlerInterfaceTest" assertions="2" time="0.004744"/>
        <testcase name="test_handle_multiple_messages" file="/home/jeremyfall/Internal/JTD-Packages/laravel-mcp.git/main/tests/Unit/Transport/Contracts/MessageHandlerInterfaceTest.php" line="346" class="JTD\LaravelMCP\Tests\Unit\Transport\Contracts\MessageHandlerInterfaceTest" classname="JTD.LaravelMCP.Tests.Unit.Transport.Contracts.MessageHandlerInterfaceTest" assertions="13" time="0.004724"/>
        <testcase name="test_check_specific_message_type_support" file="/home/jeremyfall/Internal/JTD-Packages/laravel-mcp.git/main/tests/Unit/Transport/Contracts/MessageHandlerInterfaceTest.php" line="413" class="JTD\LaravelMCP\Tests\Unit\Transport\Contracts\MessageHandlerInterfaceTest" classname="JTD.LaravelMCP.Tests.Unit.Transport.Contracts.MessageHandlerInterfaceTest" assertions="5" time="0.004705"/>
      </testsuite>
      <testsuite name="JTD\LaravelMCP\Tests\Unit\Transport\Contracts\TransportInterfaceTest" file="/home/jeremyfall/Internal/JTD-Packages/laravel-mcp.git/main/tests/Unit/Transport/Contracts/TransportInterfaceTest.php" tests="17" assertions="37" errors="0" failures="0" skipped="0" time="0.080864">
        <testcase name="test_initialize_with_config" file="/home/jeremyfall/Internal/JTD-Packages/laravel-mcp.git/main/tests/Unit/Transport/Contracts/TransportInterfaceTest.php" line="35" class="JTD\LaravelMCP\Tests\Unit\Transport\Contracts\TransportInterfaceTest" classname="JTD.LaravelMCP.Tests.Unit.Transport.Contracts.TransportInterfaceTest" assertions="1" time="0.004438"/>
        <testcase name="test_initialize_without_config" file="/home/jeremyfall/Internal/JTD-Packages/laravel-mcp.git/main/tests/Unit/Transport/Contracts/TransportInterfaceTest.php" line="54" class="JTD\LaravelMCP\Tests\Unit\Transport\Contracts\TransportInterfaceTest" classname="JTD.LaravelMCP.Tests.Unit.Transport.Contracts.TransportInterfaceTest" assertions="1" time="0.004460"/>
        <testcase name="test_listen_starts_listening" file="/home/jeremyfall/Internal/JTD-Packages/laravel-mcp.git/main/tests/Unit/Transport/Contracts/TransportInterfaceTest.php" line="67" class="JTD\LaravelMCP\Tests\Unit\Transport\Contracts\TransportInterfaceTest" classname="JTD.LaravelMCP.Tests.Unit.Transport.Contracts.TransportInterfaceTest" assertions="1" time="0.004323"/>
        <testcase name="test_send_message" file="/home/jeremyfall/Internal/JTD-Packages/laravel-mcp.git/main/tests/Unit/Transport/Contracts/TransportInterfaceTest.php" line="79" class="JTD\LaravelMCP\Tests\Unit\Transport\Contracts\TransportInterfaceTest" classname="JTD.LaravelMCP.Tests.Unit.Transport.Contracts.TransportInterfaceTest" assertions="1" time="0.004642"/>
        <testcase name="test_send_complex_message" file="/home/jeremyfall/Internal/JTD-Packages/laravel-mcp.git/main/tests/Unit/Transport/Contracts/TransportInterfaceTest.php" line="99" class="JTD\LaravelMCP\Tests\Unit\Transport\Contracts\TransportInterfaceTest" classname="JTD.LaravelMCP.Tests.Unit.Transport.Contracts.TransportInterfaceTest" assertions="1" time="0.004399"/>
        <testcase name="test_receive_returns_message" file="/home/jeremyfall/Internal/JTD-Packages/laravel-mcp.git/main/tests/Unit/Transport/Contracts/TransportInterfaceTest.php" line="123" class="JTD\LaravelMCP\Tests\Unit\Transport\Contracts\TransportInterfaceTest" classname="JTD.LaravelMCP.Tests.Unit.Transport.Contracts.TransportInterfaceTest" assertions="2" time="0.004377"/>
        <testcase name="test_receive_returns_null_when_no_message" file="/home/jeremyfall/Internal/JTD-Packages/laravel-mcp.git/main/tests/Unit/Transport/Contracts/TransportInterfaceTest.php" line="144" class="JTD\LaravelMCP\Tests\Unit\Transport\Contracts\TransportInterfaceTest" classname="JTD.LaravelMCP.Tests.Unit.Transport.Contracts.TransportInterfaceTest" assertions="2" time="0.004482"/>
        <testcase name="test_close_connection" file="/home/jeremyfall/Internal/JTD-Packages/laravel-mcp.git/main/tests/Unit/Transport/Contracts/TransportInterfaceTest.php" line="159" class="JTD\LaravelMCP\Tests\Unit\Transport\Contracts\TransportInterfaceTest" classname="JTD.LaravelMCP.Tests.Unit.Transport.Contracts.TransportInterfaceTest" assertions="1" time="0.004750"/>
        <testcase name="test_is_connected_returns_true" file="/home/jeremyfall/Internal/JTD-Packages/laravel-mcp.git/main/tests/Unit/Transport/Contracts/TransportInterfaceTest.php" line="171" class="JTD\LaravelMCP\Tests\Unit\Transport\Contracts\TransportInterfaceTest" classname="JTD.LaravelMCP.Tests.Unit.Transport.Contracts.TransportInterfaceTest" assertions="2" time="0.004726"/>
        <testcase name="test_is_connected_returns_false" file="/home/jeremyfall/Internal/JTD-Packages/laravel-mcp.git/main/tests/Unit/Transport/Contracts/TransportInterfaceTest.php" line="184" class="JTD\LaravelMCP\Tests\Unit\Transport\Contracts\TransportInterfaceTest" classname="JTD.LaravelMCP.Tests.Unit.Transport.Contracts.TransportInterfaceTest" assertions="2" time="0.004781"/>
        <testcase name="test_get_config" file="/home/jeremyfall/Internal/JTD-Packages/laravel-mcp.git/main/tests/Unit/Transport/Contracts/TransportInterfaceTest.php" line="197" class="JTD\LaravelMCP\Tests\Unit\Transport\Contracts\TransportInterfaceTest" classname="JTD.LaravelMCP.Tests.Unit.Transport.Contracts.TransportInterfaceTest" assertions="2" time="0.005294"/>
        <testcase name="test_get_config_returns_empty_array" file="/home/jeremyfall/Internal/JTD-Packages/laravel-mcp.git/main/tests/Unit/Transport/Contracts/TransportInterfaceTest.php" line="218" class="JTD\LaravelMCP\Tests\Unit\Transport\Contracts\TransportInterfaceTest" classname="JTD.LaravelMCP.Tests.Unit.Transport.Contracts.TransportInterfaceTest" assertions="2" time="0.005200"/>
        <testcase name="test_set_message_handler" file="/home/jeremyfall/Internal/JTD-Packages/laravel-mcp.git/main/tests/Unit/Transport/Contracts/TransportInterfaceTest.php" line="233" class="JTD\LaravelMCP\Tests\Unit\Transport\Contracts\TransportInterfaceTest" classname="JTD.LaravelMCP.Tests.Unit.Transport.Contracts.TransportInterfaceTest" assertions="1" time="0.004902"/>
        <testcase name="test_transport_lifecycle" file="/home/jeremyfall/Internal/JTD-Packages/laravel-mcp.git/main/tests/Unit/Transport/Contracts/TransportInterfaceTest.php" line="246" class="JTD\LaravelMCP\Tests\Unit\Transport\Contracts\TransportInterfaceTest" classname="JTD.LaravelMCP.Tests.Unit.Transport.Contracts.TransportInterfaceTest" assertions="6" time="0.005012"/>
        <testcase name="test_configuration_persistence" file="/home/jeremyfall/Internal/JTD-Packages/laravel-mcp.git/main/tests/Unit/Transport/Contracts/TransportInterfaceTest.php" line="350" class="JTD\LaravelMCP\Tests\Unit\Transport\Contracts\TransportInterfaceTest" classname="JTD.LaravelMCP.Tests.Unit.Transport.Contracts.TransportInterfaceTest" assertions="2" time="0.004753"/>
        <testcase name="test_setting_multiple_handlers" file="/home/jeremyfall/Internal/JTD-Packages/laravel-mcp.git/main/tests/Unit/Transport/Contracts/TransportInterfaceTest.php" line="378" class="JTD\LaravelMCP\Tests\Unit\Transport\Contracts\TransportInterfaceTest" classname="JTD.LaravelMCP.Tests.Unit.Transport.Contracts.TransportInterfaceTest" assertions="3" time="0.005084"/>
        <testcase name="test_multiple_message_operations" file="/home/jeremyfall/Internal/JTD-Packages/laravel-mcp.git/main/tests/Unit/Transport/Contracts/TransportInterfaceTest.php" line="303" class="JTD\LaravelMCP\Tests\Unit\Transport\Contracts\TransportInterfaceTest" classname="JTD.LaravelMCP.Tests.Unit.Transport.Contracts.TransportInterfaceTest" assertions="7" time="0.005240"/>
      </testsuite>
    </testsuite>
    <testsuite name="Feature" tests="128" assertions="585" errors="0" failures="0" skipped="1" time="3.891589">
      <testsuite name="JTD\LaravelMCP\Tests\Feature\Commands\ListCommandFeatureTest" file="/home/jeremyfall/Internal/JTD-Packages/laravel-mcp.git/main/tests/Feature/Commands/ListCommandFeatureTest.php" tests="23" assertions="118" errors="0" failures="0" skipped="0" time="0.158497">
        <testcase name="test_command_outputs_json_format" file="/home/jeremyfall/Internal/JTD-Packages/laravel-mcp.git/main/tests/Feature/Commands/ListCommandFeatureTest.php" line="278" class="JTD\LaravelMCP\Tests\Feature\Commands\ListCommandFeatureTest" classname="JTD.LaravelMCP.Tests.Feature.Commands.ListCommandFeatureTest" assertions="5" time="0.006734"/>
        <testcase name="test_command_shows_detailed_resource_information" file="/home/jeremyfall/Internal/JTD-Packages/laravel-mcp.git/main/tests/Feature/Commands/ListCommandFeatureTest.php" line="377" class="JTD\LaravelMCP\Tests\Feature\Commands\ListCommandFeatureTest" classname="JTD.LaravelMCP.Tests.Feature.Commands.ListCommandFeatureTest" assertions="4" time="0.005978"/>
        <testcase name="test_command_shows_detailed_prompt_information" file="/home/jeremyfall/Internal/JTD-Packages/laravel-mcp.git/main/tests/Feature/Commands/ListCommandFeatureTest.php" line="411" class="JTD\LaravelMCP\Tests\Feature\Commands\ListCommandFeatureTest" classname="JTD.LaravelMCP.Tests.Feature.Commands.ListCommandFeatureTest" assertions="5" time="0.005707"/>
        <testcase name="test_command_validates_invalid_type_option" file="/home/jeremyfall/Internal/JTD-Packages/laravel-mcp.git/main/tests/Feature/Commands/ListCommandFeatureTest.php" line="475" class="JTD\LaravelMCP\Tests\Feature\Commands\ListCommandFeatureTest" classname="JTD.LaravelMCP.Tests.Feature.Commands.ListCommandFeatureTest" assertions="3" time="0.005688"/>
        <testcase name="test_command_validates_invalid_format_option" file="/home/jeremyfall/Internal/JTD-Packages/laravel-mcp.git/main/tests/Feature/Commands/ListCommandFeatureTest.php" line="490" class="JTD\LaravelMCP\Tests\Feature\Commands\ListCommandFeatureTest" classname="JTD.LaravelMCP.Tests.Feature.Commands.ListCommandFeatureTest" assertions="3" time="0.006388"/>
        <testcase name="test_command_help_displays_correct_information" file="/home/jeremyfall/Internal/JTD-Packages/laravel-mcp.git/main/tests/Feature/Commands/ListCommandFeatureTest.php" line="72" class="JTD\LaravelMCP\Tests\Feature\Commands\ListCommandFeatureTest" classname="JTD.LaravelMCP.Tests.Feature.Commands.ListCommandFeatureTest" assertions="6" time="0.005860"/>
        <testcase name="test_command_handles_empty_registries" file="/home/jeremyfall/Internal/JTD-Packages/laravel-mcp.git/main/tests/Feature/Commands/ListCommandFeatureTest.php" line="90" class="JTD\LaravelMCP\Tests\Feature\Commands\ListCommandFeatureTest" classname="JTD.LaravelMCP.Tests.Feature.Commands.ListCommandFeatureTest" assertions="5" time="0.005471"/>
        <testcase name="test_command_filters_by_prompts_type" file="/home/jeremyfall/Internal/JTD-Packages/laravel-mcp.git/main/tests/Feature/Commands/ListCommandFeatureTest.php" line="242" class="JTD\LaravelMCP\Tests\Feature\Commands\ListCommandFeatureTest" classname="JTD.LaravelMCP.Tests.Feature.Commands.ListCommandFeatureTest" assertions="5" time="0.006531"/>
        <testcase name="test_command_outputs_yaml_format" file="/home/jeremyfall/Internal/JTD-Packages/laravel-mcp.git/main/tests/Feature/Commands/ListCommandFeatureTest.php" line="306" class="JTD\LaravelMCP\Tests\Feature\Commands\ListCommandFeatureTest" classname="JTD.LaravelMCP.Tests.Feature.Commands.ListCommandFeatureTest" assertions="4" time="0.006346"/>
        <testcase name="test_command_shows_detailed_information" file="/home/jeremyfall/Internal/JTD-Packages/laravel-mcp.git/main/tests/Feature/Commands/ListCommandFeatureTest.php" line="333" class="JTD\LaravelMCP\Tests\Feature\Commands\ListCommandFeatureTest" classname="JTD.LaravelMCP.Tests.Feature.Commands.ListCommandFeatureTest" assertions="9" time="0.006158"/>
        <testcase name="test_command_handles_metadata_failures_gracefully" file="/home/jeremyfall/Internal/JTD-Packages/laravel-mcp.git/main/tests/Feature/Commands/ListCommandFeatureTest.php" line="505" class="JTD\LaravelMCP\Tests\Feature\Commands\ListCommandFeatureTest" classname="JTD.LaravelMCP.Tests.Feature.Commands.ListCommandFeatureTest" assertions="3" time="0.006743"/>
        <testcase name="test_command_json_format_with_detailed_flag" file="/home/jeremyfall/Internal/JTD-Packages/laravel-mcp.git/main/tests/Feature/Commands/ListCommandFeatureTest.php" line="577" class="JTD\LaravelMCP\Tests\Feature\Commands\ListCommandFeatureTest" classname="JTD.LaravelMCP.Tests.Feature.Commands.ListCommandFeatureTest" assertions="7" time="0.005685"/>
        <testcase name="test_command_lists_all_component_types" file="/home/jeremyfall/Internal/JTD-Packages/laravel-mcp.git/main/tests/Feature/Commands/ListCommandFeatureTest.php" line="110" class="JTD\LaravelMCP\Tests\Feature\Commands\ListCommandFeatureTest" classname="JTD.LaravelMCP.Tests.Feature.Commands.ListCommandFeatureTest" assertions="12" time="0.007505"/>
        <testcase name="test_command_filters_by_tools_type" file="/home/jeremyfall/Internal/JTD-Packages/laravel-mcp.git/main/tests/Feature/Commands/ListCommandFeatureTest.php" line="165" class="JTD\LaravelMCP\Tests\Feature\Commands\ListCommandFeatureTest" classname="JTD.LaravelMCP.Tests.Feature.Commands.ListCommandFeatureTest" assertions="5" time="0.006581"/>
        <testcase name="test_command_runs_with_debug_mode" file="/home/jeremyfall/Internal/JTD-Packages/laravel-mcp.git/main/tests/Feature/Commands/ListCommandFeatureTest.php" line="450" class="JTD\LaravelMCP\Tests\Feature\Commands\ListCommandFeatureTest" classname="JTD.LaravelMCP.Tests.Feature.Commands.ListCommandFeatureTest" assertions="2" time="0.006344"/>
        <testcase name="test_command_truncates_long_descriptions" file="/home/jeremyfall/Internal/JTD-Packages/laravel-mcp.git/main/tests/Feature/Commands/ListCommandFeatureTest.php" line="667" class="JTD\LaravelMCP\Tests\Feature\Commands\ListCommandFeatureTest" classname="JTD.LaravelMCP.Tests.Feature.Commands.ListCommandFeatureTest" assertions="4" time="0.006637"/>
        <testcase name="test_command_formats_class_names" file="/home/jeremyfall/Internal/JTD-Packages/laravel-mcp.git/main/tests/Feature/Commands/ListCommandFeatureTest.php" line="696" class="JTD\LaravelMCP\Tests\Feature\Commands\ListCommandFeatureTest" classname="JTD.LaravelMCP.Tests.Feature.Commands.ListCommandFeatureTest" assertions="3" time="0.006129"/>
        <testcase name="test_command_filters_by_resources_type" file="/home/jeremyfall/Internal/JTD-Packages/laravel-mcp.git/main/tests/Feature/Commands/ListCommandFeatureTest.php" line="203" class="JTD\LaravelMCP\Tests\Feature\Commands\ListCommandFeatureTest" classname="JTD.LaravelMCP.Tests.Feature.Commands.ListCommandFeatureTest" assertions="5" time="0.006686"/>
        <testcase name="test_full_integration_with_service_provider" file="/home/jeremyfall/Internal/JTD-Packages/laravel-mcp.git/main/tests/Feature/Commands/ListCommandFeatureTest.php" line="613" class="JTD\LaravelMCP\Tests\Feature\Commands\ListCommandFeatureTest" classname="JTD.LaravelMCP.Tests.Feature.Commands.ListCommandFeatureTest" assertions="5" time="0.009683"/>
        <testcase name="test_command_integrates_with_mcp_facade" file="/home/jeremyfall/Internal/JTD-Packages/laravel-mcp.git/main/tests/Feature/Commands/ListCommandFeatureTest.php" line="645" class="JTD\LaravelMCP\Tests\Feature\Commands\ListCommandFeatureTest" classname="JTD.LaravelMCP.Tests.Feature.Commands.ListCommandFeatureTest" assertions="5" time="0.008229"/>
        <testcase name="test_command_lists_multiple_components" file="/home/jeremyfall/Internal/JTD-Packages/laravel-mcp.git/main/tests/Feature/Commands/ListCommandFeatureTest.php" line="530" class="JTD\LaravelMCP\Tests\Feature\Commands\ListCommandFeatureTest" classname="JTD.LaravelMCP.Tests.Feature.Commands.ListCommandFeatureTest" assertions="14" time="0.009203"/>
        <testcase name="test_command_can_be_discovered_by_artisan" file="/home/jeremyfall/Internal/JTD-Packages/laravel-mcp.git/main/tests/Feature/Commands/ListCommandFeatureTest.php" line="58" class="JTD\LaravelMCP\Tests\Feature\Commands\ListCommandFeatureTest" classname="JTD.LaravelMCP.Tests.Feature.Commands.ListCommandFeatureTest" assertions="2" time="0.010088"/>
        <testcase name="test_list_command_is_registered_in_artisan" file="/home/jeremyfall/Internal/JTD-Packages/laravel-mcp.git/main/tests/Feature/Commands/ListCommandFeatureTest.php" line="42" class="JTD\LaravelMCP\Tests\Feature\Commands\ListCommandFeatureTest" classname="JTD.LaravelMCP.Tests.Feature.Commands.ListCommandFeatureTest" assertions="2" time="0.008122"/>
      </testsuite>
      <testsuite name="JTD\LaravelMCP\Tests\Feature\Commands\ServeCommandFeatureTest" file="/home/jeremyfall/Internal/JTD-Packages/laravel-mcp.git/main/tests/Feature/Commands/ServeCommandFeatureTest.php" tests="15" assertions="51" errors="0" failures="0" skipped="0" time="2.110241">
        <testcase name="test_command_validates_numeric_options" file="/home/jeremyfall/Internal/JTD-Packages/laravel-mcp.git/main/tests/Feature/Commands/ServeCommandFeatureTest.php" line="298" class="JTD\LaravelMCP\Tests\Feature\Commands\ServeCommandFeatureTest" classname="JTD.LaravelMCP.Tests.Feature.Commands.ServeCommandFeatureTest" assertions="2" time="0.005182"/>
        <testcase name="test_command_integrates_with_real_transport_manager" file="/home/jeremyfall/Internal/JTD-Packages/laravel-mcp.git/main/tests/Feature/Commands/ServeCommandFeatureTest.php" line="351" class="JTD\LaravelMCP\Tests\Feature\Commands\ServeCommandFeatureTest" classname="JTD.LaravelMCP.Tests.Feature.Commands.ServeCommandFeatureTest" assertions="4" time="0.005373"/>
        <testcase name="test_command_sets_server_info_on_message_processor" file="/home/jeremyfall/Internal/JTD-Packages/laravel-mcp.git/main/tests/Feature/Commands/ServeCommandFeatureTest.php" line="427" class="JTD\LaravelMCP\Tests\Feature\Commands\ServeCommandFeatureTest" classname="JTD.LaravelMCP.Tests.Feature.Commands.ServeCommandFeatureTest" assertions="1" time="0.005554"/>
        <testcase name="test_command_help_displays_correct_information" file="/home/jeremyfall/Internal/JTD-Packages/laravel-mcp.git/main/tests/Feature/Commands/ServeCommandFeatureTest.php" line="71" class="JTD\LaravelMCP\Tests\Feature\Commands\ServeCommandFeatureTest" classname="JTD.LaravelMCP.Tests.Feature.Commands.ServeCommandFeatureTest" assertions="7" time="0.006415"/>
        <testcase name="test_command_initializes_with_stdio_transport" file="/home/jeremyfall/Internal/JTD-Packages/laravel-mcp.git/main/tests/Feature/Commands/ServeCommandFeatureTest.php" line="90" class="JTD\LaravelMCP\Tests\Feature\Commands\ServeCommandFeatureTest" classname="JTD.LaravelMCP.Tests.Feature.Commands.ServeCommandFeatureTest" assertions="6" time="0.007065"/>
        <testcase name="test_command_fails_with_invalid_transport_type" file="/home/jeremyfall/Internal/JTD-Packages/laravel-mcp.git/main/tests/Feature/Commands/ServeCommandFeatureTest.php" line="200" class="JTD\LaravelMCP\Tests\Feature\Commands\ServeCommandFeatureTest" classname="JTD.LaravelMCP.Tests.Feature.Commands.ServeCommandFeatureTest" assertions="3" time="0.005483"/>
        <testcase name="test_command_handles_transport_exceptions_gracefully" file="/home/jeremyfall/Internal/JTD-Packages/laravel-mcp.git/main/tests/Feature/Commands/ServeCommandFeatureTest.php" line="318" class="JTD\LaravelMCP\Tests\Feature\Commands\ServeCommandFeatureTest" classname="JTD.LaravelMCP.Tests.Feature.Commands.ServeCommandFeatureTest" assertions="3" time="0.005930"/>
        <testcase name="test_command_displays_verbose_output" file="/home/jeremyfall/Internal/JTD-Packages/laravel-mcp.git/main/tests/Feature/Commands/ServeCommandFeatureTest.php" line="465" class="JTD\LaravelMCP\Tests\Feature\Commands\ServeCommandFeatureTest" classname="JTD.LaravelMCP.Tests.Feature.Commands.ServeCommandFeatureTest" assertions="1" time="0.005927"/>
        <testcase name="test_command_fails_when_transport_is_disabled" file="/home/jeremyfall/Internal/JTD-Packages/laravel-mcp.git/main/tests/Feature/Commands/ServeCommandFeatureTest.php" line="220" class="JTD\LaravelMCP\Tests\Feature\Commands\ServeCommandFeatureTest" classname="JTD.LaravelMCP.Tests.Feature.Commands.ServeCommandFeatureTest" assertions="3" time="0.006019"/>
        <testcase name="test_command_runs_with_debug_mode_enabled" file="/home/jeremyfall/Internal/JTD-Packages/laravel-mcp.git/main/tests/Feature/Commands/ServeCommandFeatureTest.php" line="253" class="JTD\LaravelMCP\Tests\Feature\Commands\ServeCommandFeatureTest" classname="JTD.LaravelMCP.Tests.Feature.Commands.ServeCommandFeatureTest" assertions="3" time="0.007721"/>
        <testcase name="test_serve_command_is_registered_in_artisan" file="/home/jeremyfall/Internal/JTD-Packages/laravel-mcp.git/main/tests/Feature/Commands/ServeCommandFeatureTest.php" line="41" class="JTD\LaravelMCP\Tests\Feature\Commands\ServeCommandFeatureTest" classname="JTD.LaravelMCP.Tests.Feature.Commands.ServeCommandFeatureTest" assertions="2" time="0.009840"/>
        <testcase name="test_command_can_be_discovered_by_artisan" file="/home/jeremyfall/Internal/JTD-Packages/laravel-mcp.git/main/tests/Feature/Commands/ServeCommandFeatureTest.php" line="57" class="JTD\LaravelMCP\Tests\Feature\Commands\ServeCommandFeatureTest" classname="JTD.LaravelMCP.Tests.Feature.Commands.ServeCommandFeatureTest" assertions="2" time="0.015344"/>
        <testcase name="test_full_integration_with_service_provider" file="/home/jeremyfall/Internal/JTD-Packages/laravel-mcp.git/main/tests/Feature/Commands/ServeCommandFeatureTest.php" line="498" class="JTD\LaravelMCP\Tests\Feature\Commands\ServeCommandFeatureTest" classname="JTD.LaravelMCP.Tests.Feature.Commands.ServeCommandFeatureTest" assertions="3" time="0.008405"/>
        <testcase name="test_command_initializes_with_http_transport" file="/home/jeremyfall/Internal/JTD-Packages/laravel-mcp.git/main/tests/Feature/Commands/ServeCommandFeatureTest.php" line="137" class="JTD\LaravelMCP\Tests\Feature\Commands\ServeCommandFeatureTest" classname="JTD.LaravelMCP.Tests.Feature.Commands.ServeCommandFeatureTest" assertions="8" time="1.007290"/>
        <testcase name="test_command_merges_configuration_from_options" file="/home/jeremyfall/Internal/JTD-Packages/laravel-mcp.git/main/tests/Feature/Commands/ServeCommandFeatureTest.php" line="378" class="JTD\LaravelMCP\Tests\Feature\Commands\ServeCommandFeatureTest" classname="JTD.LaravelMCP.Tests.Feature.Commands.ServeCommandFeatureTest" assertions="3" time="1.008694"/>
      </testsuite>
      <testsuite name="JTD\LaravelMCP\Tests\Feature\DirectoryStructureValidationTest" file="/home/jeremyfall/Internal/JTD-Packages/laravel-mcp.git/main/tests/Feature/DirectoryStructureValidationTest.php" tests="20" assertions="93" errors="0" failures="0" skipped="0" time="0.096377">
        <testcase name="it_has_all_required_source_directories" file="/home/jeremyfall/Internal/JTD-Packages/laravel-mcp.git/main/tests/Feature/DirectoryStructureValidationTest.php" line="31" class="JTD\LaravelMCP\Tests\Feature\DirectoryStructureValidationTest" classname="JTD.LaravelMCP.Tests.Feature.DirectoryStructureValidationTest" assertions="17" time="0.005856"/>
        <testcase name="it_has_all_required_configuration_directories" file="/home/jeremyfall/Internal/JTD-Packages/laravel-mcp.git/main/tests/Feature/DirectoryStructureValidationTest.php" line="67" class="JTD\LaravelMCP\Tests\Feature\DirectoryStructureValidationTest" classname="JTD.LaravelMCP.Tests.Feature.DirectoryStructureValidationTest" assertions="6" time="0.005032"/>
        <testcase name="it_has_all_required_contract_interfaces" file="/home/jeremyfall/Internal/JTD-Packages/laravel-mcp.git/main/tests/Feature/DirectoryStructureValidationTest.php" line="118" class="JTD\LaravelMCP\Tests\Feature\DirectoryStructureValidationTest" classname="JTD.LaravelMCP.Tests.Feature.DirectoryStructureValidationTest" assertions="6" time="0.005005"/>
        <testcase name="it_has_all_required_foundational_traits" file="/home/jeremyfall/Internal/JTD-Packages/laravel-mcp.git/main/tests/Feature/DirectoryStructureValidationTest.php" line="143" class="JTD\LaravelMCP\Tests\Feature\DirectoryStructureValidationTest" classname="JTD.LaravelMCP.Tests.Feature.DirectoryStructureValidationTest" assertions="3" time="0.005035"/>
        <testcase name="it_has_all_required_exception_classes" file="/home/jeremyfall/Internal/JTD-Packages/laravel-mcp.git/main/tests/Feature/DirectoryStructureValidationTest.php" line="165" class="JTD\LaravelMCP\Tests\Feature\DirectoryStructureValidationTest" classname="JTD.LaravelMCP.Tests.Feature.DirectoryStructureValidationTest" assertions="4" time="0.004956"/>
        <testcase name="it_has_the_mcp_facade" file="/home/jeremyfall/Internal/JTD-Packages/laravel-mcp.git/main/tests/Feature/DirectoryStructureValidationTest.php" line="188" class="JTD\LaravelMCP\Tests\Feature\DirectoryStructureValidationTest" classname="JTD.LaravelMCP.Tests.Feature.DirectoryStructureValidationTest" assertions="1" time="0.005001"/>
        <testcase name="it_has_console_utilities" file="/home/jeremyfall/Internal/JTD-Packages/laravel-mcp.git/main/tests/Feature/DirectoryStructureValidationTest.php" line="199" class="JTD\LaravelMCP\Tests\Feature\DirectoryStructureValidationTest" classname="JTD.LaravelMCP.Tests.Feature.DirectoryStructureValidationTest" assertions="1" time="0.004827"/>
        <testcase name="it_has_all_code_generation_stubs" file="/home/jeremyfall/Internal/JTD-Packages/laravel-mcp.git/main/tests/Feature/DirectoryStructureValidationTest.php" line="219" class="JTD\LaravelMCP\Tests\Feature\DirectoryStructureValidationTest" classname="JTD.LaravelMCP.Tests.Feature.DirectoryStructureValidationTest" assertions="4" time="0.004432"/>
        <testcase name="it_has_debug_view_template" file="/home/jeremyfall/Internal/JTD-Packages/laravel-mcp.git/main/tests/Feature/DirectoryStructureValidationTest.php" line="242" class="JTD\LaravelMCP\Tests\Feature\DirectoryStructureValidationTest" classname="JTD.LaravelMCP.Tests.Feature.DirectoryStructureValidationTest" assertions="1" time="0.004624"/>
        <testcase name="it_has_base_test_case" file="/home/jeremyfall/Internal/JTD-Packages/laravel-mcp.git/main/tests/Feature/DirectoryStructureValidationTest.php" line="253" class="JTD\LaravelMCP\Tests\Feature\DirectoryStructureValidationTest" classname="JTD.LaravelMCP.Tests.Feature.DirectoryStructureValidationTest" assertions="1" time="0.004581"/>
        <testcase name="it_has_test_fixtures" file="/home/jeremyfall/Internal/JTD-Packages/laravel-mcp.git/main/tests/Feature/DirectoryStructureValidationTest.php" line="264" class="JTD\LaravelMCP\Tests\Feature\DirectoryStructureValidationTest" classname="JTD.LaravelMCP.Tests.Feature.DirectoryStructureValidationTest" assertions="5" time="0.004801"/>
        <testcase name="it_can_load_all_contract_interfaces" file="/home/jeremyfall/Internal/JTD-Packages/laravel-mcp.git/main/tests/Feature/DirectoryStructureValidationTest.php" line="288" class="JTD\LaravelMCP\Tests\Feature\DirectoryStructureValidationTest" classname="JTD.LaravelMCP.Tests.Feature.DirectoryStructureValidationTest" assertions="6" time="0.004721"/>
        <testcase name="it_can_load_all_trait_classes" file="/home/jeremyfall/Internal/JTD-Packages/laravel-mcp.git/main/tests/Feature/DirectoryStructureValidationTest.php" line="312" class="JTD\LaravelMCP\Tests\Feature\DirectoryStructureValidationTest" classname="JTD.LaravelMCP.Tests.Feature.DirectoryStructureValidationTest" assertions="3" time="0.004896"/>
        <testcase name="it_can_load_all_exception_classes" file="/home/jeremyfall/Internal/JTD-Packages/laravel-mcp.git/main/tests/Feature/DirectoryStructureValidationTest.php" line="333" class="JTD\LaravelMCP\Tests\Feature\DirectoryStructureValidationTest" classname="JTD.LaravelMCP.Tests.Feature.DirectoryStructureValidationTest" assertions="7" time="0.004514"/>
        <testcase name="it_can_load_mcp_facade" file="/home/jeremyfall/Internal/JTD-Packages/laravel-mcp.git/main/tests/Feature/DirectoryStructureValidationTest.php" line="363" class="JTD\LaravelMCP\Tests\Feature\DirectoryStructureValidationTest" classname="JTD.LaravelMCP.Tests.Feature.DirectoryStructureValidationTest" assertions="2" time="0.004543"/>
        <testcase name="it_can_load_console_utilities" file="/home/jeremyfall/Internal/JTD-Packages/laravel-mcp.git/main/tests/Feature/DirectoryStructureValidationTest.php" line="382" class="JTD\LaravelMCP\Tests\Feature\DirectoryStructureValidationTest" classname="JTD.LaravelMCP.Tests.Feature.DirectoryStructureValidationTest" assertions="1" time="0.004511"/>
        <testcase name="it_can_load_test_fixtures" file="/home/jeremyfall/Internal/JTD-Packages/laravel-mcp.git/main/tests/Feature/DirectoryStructureValidationTest.php" line="396" class="JTD\LaravelMCP\Tests\Feature\DirectoryStructureValidationTest" classname="JTD.LaravelMCP.Tests.Feature.DirectoryStructureValidationTest" assertions="5" time="0.004790"/>
        <testcase name="it_follows_laravel_namespace_patterns" file="/home/jeremyfall/Internal/JTD-Packages/laravel-mcp.git/main/tests/Feature/DirectoryStructureValidationTest.php" line="419" class="JTD\LaravelMCP\Tests\Feature\DirectoryStructureValidationTest" classname="JTD.LaravelMCP.Tests.Feature.DirectoryStructureValidationTest" assertions="7" time="0.004787"/>
        <testcase name="it_supports_psr4_autoloading" file="/home/jeremyfall/Internal/JTD-Packages/laravel-mcp.git/main/tests/Feature/DirectoryStructureValidationTest.php" line="436" class="JTD\LaravelMCP\Tests\Feature\DirectoryStructureValidationTest" classname="JTD.LaravelMCP.Tests.Feature.DirectoryStructureValidationTest" assertions="6" time="0.004654"/>
        <testcase name="it_has_all_required_test_directories" file="/home/jeremyfall/Internal/JTD-Packages/laravel-mcp.git/main/tests/Feature/DirectoryStructureValidationTest.php" line="92" class="JTD\LaravelMCP\Tests\Feature\DirectoryStructureValidationTest" classname="JTD.LaravelMCP.Tests.Feature.DirectoryStructureValidationTest" assertions="7" time="0.004811"/>
      </testsuite>
      <testsuite name="JTD\LaravelMCP\Tests\Feature\EventLifecycleIntegrationTest" file="/home/jeremyfall/Internal/JTD-Packages/laravel-mcp.git/main/tests/Feature/EventLifecycleIntegrationTest.php" tests="12" assertions="12" errors="0" failures="0" skipped="0" time="0.069241">
        <testcase name="it_skips_discovery_finalization_when_disabled" file="/home/jeremyfall/Internal/JTD-Packages/laravel-mcp.git/main/tests/Feature/EventLifecycleIntegrationTest.php" line="70" class="JTD\LaravelMCP\Tests\Feature\EventLifecycleIntegrationTest" classname="JTD.LaravelMCP.Tests.Feature.EventLifecycleIntegrationTest" assertions="1" time="0.005713"/>
        <testcase name="it_finalizes_component_discovery_on_providers_booted" file="/home/jeremyfall/Internal/JTD-Packages/laravel-mcp.git/main/tests/Feature/EventLifecycleIntegrationTest.php" line="43" class="JTD\LaravelMCP\Tests\Feature\EventLifecycleIntegrationTest" classname="JTD.LaravelMCP.Tests.Feature.EventLifecycleIntegrationTest" assertions="1" time="0.005017"/>
        <testcase name="it_handles_discovery_finalization_errors_gracefully" file="/home/jeremyfall/Internal/JTD-Packages/laravel-mcp.git/main/tests/Feature/EventLifecycleIntegrationTest.php" line="92" class="JTD\LaravelMCP\Tests\Feature\EventLifecycleIntegrationTest" classname="JTD.LaravelMCP.Tests.Feature.EventLifecycleIntegrationTest" assertions="1" time="0.005125"/>
        <testcase name="it_cleans_up_resources_on_kernel_handled" file="/home/jeremyfall/Internal/JTD-Packages/laravel-mcp.git/main/tests/Feature/EventLifecycleIntegrationTest.php" line="124" class="JTD\LaravelMCP\Tests\Feature\EventLifecycleIntegrationTest" classname="JTD.LaravelMCP.Tests.Feature.EventLifecycleIntegrationTest" assertions="1" time="0.005326"/>
        <testcase name="it_handles_cleanup_errors_gracefully" file="/home/jeremyfall/Internal/JTD-Packages/laravel-mcp.git/main/tests/Feature/EventLifecycleIntegrationTest.php" line="145" class="JTD\LaravelMCP\Tests\Feature\EventLifecycleIntegrationTest" classname="JTD.LaravelMCP.Tests.Feature.EventLifecycleIntegrationTest" assertions="1" time="0.007146"/>
        <testcase name="it_performs_final_cleanup_on_application_terminating" file="/home/jeremyfall/Internal/JTD-Packages/laravel-mcp.git/main/tests/Feature/EventLifecycleIntegrationTest.php" line="167" class="JTD\LaravelMCP\Tests\Feature\EventLifecycleIntegrationTest" classname="JTD.LaravelMCP.Tests.Feature.EventLifecycleIntegrationTest" assertions="1" time="0.007365"/>
        <testcase name="it_handles_cache_cleanup_errors_gracefully" file="/home/jeremyfall/Internal/JTD-Packages/laravel-mcp.git/main/tests/Feature/EventLifecycleIntegrationTest.php" line="195" class="JTD\LaravelMCP\Tests\Feature\EventLifecycleIntegrationTest" classname="JTD.LaravelMCP.Tests.Feature.EventLifecycleIntegrationTest" assertions="1" time="0.005240"/>
        <testcase name="it_handles_complete_event_lifecycle" file="/home/jeremyfall/Internal/JTD-Packages/laravel-mcp.git/main/tests/Feature/EventLifecycleIntegrationTest.php" line="217" class="JTD\LaravelMCP\Tests\Feature\EventLifecycleIntegrationTest" classname="JTD.LaravelMCP.Tests.Feature.EventLifecycleIntegrationTest" assertions="1" time="0.005553"/>
        <testcase name="it_registers_event_listeners_only_once" file="/home/jeremyfall/Internal/JTD-Packages/laravel-mcp.git/main/tests/Feature/EventLifecycleIntegrationTest.php" line="256" class="JTD\LaravelMCP\Tests\Feature\EventLifecycleIntegrationTest" classname="JTD.LaravelMCP.Tests.Feature.EventLifecycleIntegrationTest" assertions="1" time="0.005532"/>
        <testcase name="it_handles_events_with_unbound_services_gracefully" file="/home/jeremyfall/Internal/JTD-Packages/laravel-mcp.git/main/tests/Feature/EventLifecycleIntegrationTest.php" line="283" class="JTD\LaravelMCP\Tests\Feature\EventLifecycleIntegrationTest" classname="JTD.LaravelMCP.Tests.Feature.EventLifecycleIntegrationTest" assertions="1" time="0.005772"/>
        <testcase name="it_handles_events_in_different_environments" file="/home/jeremyfall/Internal/JTD-Packages/laravel-mcp.git/main/tests/Feature/EventLifecycleIntegrationTest.php" line="302" class="JTD\LaravelMCP\Tests\Feature\EventLifecycleIntegrationTest" classname="JTD.LaravelMCP.Tests.Feature.EventLifecycleIntegrationTest" assertions="1" time="0.005066"/>
        <testcase name="it_maintains_performance_during_event_handling" file="/home/jeremyfall/Internal/JTD-Packages/laravel-mcp.git/main/tests/Feature/EventLifecycleIntegrationTest.php" line="327" class="JTD\LaravelMCP\Tests\Feature\EventLifecycleIntegrationTest" classname="JTD.LaravelMCP.Tests.Feature.EventLifecycleIntegrationTest" assertions="1" time="0.006386"/>
      </testsuite>
      <testsuite name="JTD\LaravelMCP\Tests\Feature\McpServerIntegrationTest" file="/home/jeremyfall/Internal/JTD-Packages/laravel-mcp.git/main/tests/Feature/McpServerIntegrationTest.php" tests="17" assertions="87" errors="0" failures="0" skipped="1" time="1.198276">
        <testcase name="test_can_resolve_server_from_container" file="/home/jeremyfall/Internal/JTD-Packages/laravel-mcp.git/main/tests/Feature/McpServerIntegrationTest.php" line="14" class="JTD\LaravelMCP\Tests\Feature\McpServerIntegrationTest" classname="JTD.LaravelMCP.Tests.Feature.McpServerIntegrationTest" assertions="1" time="0.004716"/>
        <testcase name="test_can_resolve_capability_manager_from_container" file="/home/jeremyfall/Internal/JTD-Packages/laravel-mcp.git/main/tests/Feature/McpServerIntegrationTest.php" line="28" class="JTD\LaravelMCP\Tests\Feature\McpServerIntegrationTest" classname="JTD.LaravelMCP.Tests.Feature.McpServerIntegrationTest" assertions="1" time="0.004351"/>
        <testcase name="test_server_initialization_flow" file="/home/jeremyfall/Internal/JTD-Packages/laravel-mcp.git/main/tests/Feature/McpServerIntegrationTest.php" line="35" class="JTD\LaravelMCP\Tests\Feature\McpServerIntegrationTest" classname="JTD.LaravelMCP.Tests.Feature.McpServerIntegrationTest" assertions="8" time="0.005730"/>
        <testcase name="test_server_metrics_tracking" file="/home/jeremyfall/Internal/JTD-Packages/laravel-mcp.git/main/tests/Feature/McpServerIntegrationTest.php" line="227" class="JTD\LaravelMCP\Tests\Feature\McpServerIntegrationTest" classname="JTD.LaravelMCP.Tests.Feature.McpServerIntegrationTest" assertions="8" time="0.005175"/>
        <testcase name="test_server_graceful_shutdown" file="/home/jeremyfall/Internal/JTD-Packages/laravel-mcp.git/main/tests/Feature/McpServerIntegrationTest.php" line="272" class="JTD\LaravelMCP\Tests\Feature\McpServerIntegrationTest" classname="JTD.LaravelMCP.Tests.Feature.McpServerIntegrationTest" assertions="2" time="0.005584"/>
        <testcase name="test_server_transport_integration" file="/home/jeremyfall/Internal/JTD-Packages/laravel-mcp.git/main/tests/Feature/McpServerIntegrationTest.php" line="311" class="JTD\LaravelMCP\Tests\Feature\McpServerIntegrationTest" classname="JTD.LaravelMCP.Tests.Feature.McpServerIntegrationTest" assertions="4" time="0.006033"/>
        <testcase name="test_server_component_integration" file="/home/jeremyfall/Internal/JTD-Packages/laravel-mcp.git/main/tests/Feature/McpServerIntegrationTest.php" line="324" class="JTD\LaravelMCP\Tests\Feature\McpServerIntegrationTest" classname="JTD.LaravelMCP.Tests.Feature.McpServerIntegrationTest" assertions="5" time="0.005643"/>
        <testcase name="test_server_protocol_version" file="/home/jeremyfall/Internal/JTD-Packages/laravel-mcp.git/main/tests/Feature/McpServerIntegrationTest.php" line="372" class="JTD\LaravelMCP\Tests\Feature\McpServerIntegrationTest" classname="JTD.LaravelMCP.Tests.Feature.McpServerIntegrationTest" assertions="1" time="0.005308"/>
        <testcase name="test_server_status_and_health" file="/home/jeremyfall/Internal/JTD-Packages/laravel-mcp.git/main/tests/Feature/McpServerIntegrationTest.php" line="97" class="JTD\LaravelMCP\Tests\Feature\McpServerIntegrationTest" classname="JTD.LaravelMCP.Tests.Feature.McpServerIntegrationTest" assertions="15" time="0.006450"/>
        <testcase name="test_server_diagnostics" file="/home/jeremyfall/Internal/JTD-Packages/laravel-mcp.git/main/tests/Feature/McpServerIntegrationTest.php" line="338" class="JTD\LaravelMCP\Tests\Feature\McpServerIntegrationTest" classname="JTD.LaravelMCP.Tests.Feature.McpServerIntegrationTest" assertions="10" time="0.006898"/>
        <testcase name="test_server_uptime_tracking" file="/home/jeremyfall/Internal/JTD-Packages/laravel-mcp.git/main/tests/Feature/McpServerIntegrationTest.php" line="359" class="JTD\LaravelMCP\Tests\Feature\McpServerIntegrationTest" classname="JTD.LaravelMCP.Tests.Feature.McpServerIntegrationTest" assertions="4" time="0.105349"/>
        <testcase name="test_server_lifecycle_management" file="/home/jeremyfall/Internal/JTD-Packages/laravel-mcp.git/main/tests/Feature/McpServerIntegrationTest.php" line="66" class="JTD\LaravelMCP\Tests\Feature\McpServerIntegrationTest" classname="JTD.LaravelMCP.Tests.Feature.McpServerIntegrationTest" assertions="8" time="1.007198"/>
        <testcase name="test_capability_negotiation_integration" file="/home/jeremyfall/Internal/JTD-Packages/laravel-mcp.git/main/tests/Feature/McpServerIntegrationTest.php" line="141" class="JTD\LaravelMCP\Tests\Feature\McpServerIntegrationTest" classname="JTD.LaravelMCP.Tests.Feature.McpServerIntegrationTest" assertions="3" time="0.007664"/>
        <testcase name="test_capability_manager_mcp10_compliance" file="/home/jeremyfall/Internal/JTD-Packages/laravel-mcp.git/main/tests/Feature/McpServerIntegrationTest.php" line="286" class="JTD\LaravelMCP\Tests\Feature\McpServerIntegrationTest" classname="JTD.LaravelMCP.Tests.Feature.McpServerIntegrationTest" assertions="3" time="0.005897">
          <skipped/>
        </testcase>
        <testcase name="test_can_resolve_server_info_from_container" file="/home/jeremyfall/Internal/JTD-Packages/laravel-mcp.git/main/tests/Feature/McpServerIntegrationTest.php" line="21" class="JTD\LaravelMCP\Tests\Feature\McpServerIntegrationTest" classname="JTD.LaravelMCP.Tests.Feature.McpServerIntegrationTest" assertions="1" time="0.005325"/>
        <testcase name="test_server_configuration_integration" file="/home/jeremyfall/Internal/JTD-Packages/laravel-mcp.git/main/tests/Feature/McpServerIntegrationTest.php" line="128" class="JTD\LaravelMCP\Tests\Feature\McpServerIntegrationTest" classname="JTD.LaravelMCP.Tests.Feature.McpServerIntegrationTest" assertions="3" time="0.005144"/>
        <testcase name="test_server_info_detailed_information" file="/home/jeremyfall/Internal/JTD-Packages/laravel-mcp.git/main/tests/Feature/McpServerIntegrationTest.php" line="251" class="JTD\LaravelMCP\Tests\Feature\McpServerIntegrationTest" classname="JTD.LaravelMCP.Tests.Feature.McpServerIntegrationTest" assertions="10" time="0.005810"/>
      </testsuite>
      <testsuite name="JTD\LaravelMCP\Tests\Feature\MiddlewareIntegrationTest" file="/home/jeremyfall/Internal/JTD-Packages/laravel-mcp.git/main/tests/Feature/MiddlewareIntegrationTest.php" tests="12" assertions="53" errors="0" failures="0" skipped="0" time="0.073718">
        <testcase name="it_handles_cors_preflight_requests" file="/home/jeremyfall/Internal/JTD-Packages/laravel-mcp.git/main/tests/Feature/MiddlewareIntegrationTest.php" line="88" class="JTD\LaravelMCP\Tests\Feature\MiddlewareIntegrationTest" classname="JTD.LaravelMCP.Tests.Feature.MiddlewareIntegrationTest" assertions="8" time="0.006151"/>
        <testcase name="it_rejects_requests_with_invalid_api_key" file="/home/jeremyfall/Internal/JTD-Packages/laravel-mcp.git/main/tests/Feature/MiddlewareIntegrationTest.php" line="135" class="JTD\LaravelMCP\Tests\Feature\MiddlewareIntegrationTest" classname="JTD.LaravelMCP.Tests.Feature.MiddlewareIntegrationTest" assertions="5" time="0.006169"/>
        <testcase name="it_rejects_requests_without_api_key_when_required" file="/home/jeremyfall/Internal/JTD-Packages/laravel-mcp.git/main/tests/Feature/MiddlewareIntegrationTest.php" line="163" class="JTD\LaravelMCP\Tests\Feature\MiddlewareIntegrationTest" classname="JTD.LaravelMCP.Tests.Feature.MiddlewareIntegrationTest" assertions="2" time="0.005839"/>
        <testcase name="it_allows_requests_when_auth_disabled" file="/home/jeremyfall/Internal/JTD-Packages/laravel-mcp.git/main/tests/Feature/MiddlewareIntegrationTest.php" line="186" class="JTD\LaravelMCP\Tests\Feature\MiddlewareIntegrationTest" classname="JTD.LaravelMCP.Tests.Feature.MiddlewareIntegrationTest" assertions="2" time="0.005947"/>
        <testcase name="it_processes_middleware_stack_correctly" file="/home/jeremyfall/Internal/JTD-Packages/laravel-mcp.git/main/tests/Feature/MiddlewareIntegrationTest.php" line="204" class="JTD\LaravelMCP\Tests\Feature\MiddlewareIntegrationTest" classname="JTD.LaravelMCP.Tests.Feature.MiddlewareIntegrationTest" assertions="6" time="0.005729"/>
        <testcase name="it_allows_wildcard_origins" file="/home/jeremyfall/Internal/JTD-Packages/laravel-mcp.git/main/tests/Feature/MiddlewareIntegrationTest.php" line="270" class="JTD\LaravelMCP\Tests\Feature\MiddlewareIntegrationTest" classname="JTD.LaravelMCP.Tests.Feature.MiddlewareIntegrationTest" assertions="3" time="0.005974"/>
        <testcase name="it_handles_complex_cors_scenarios" file="/home/jeremyfall/Internal/JTD-Packages/laravel-mcp.git/main/tests/Feature/MiddlewareIntegrationTest.php" line="289" class="JTD\LaravelMCP\Tests\Feature\MiddlewareIntegrationTest" classname="JTD.LaravelMCP.Tests.Feature.MiddlewareIntegrationTest" assertions="9" time="0.006031"/>
        <testcase name="it_maintains_cors_headers_on_auth_errors" file="/home/jeremyfall/Internal/JTD-Packages/laravel-mcp.git/main/tests/Feature/MiddlewareIntegrationTest.php" line="321" class="JTD\LaravelMCP\Tests\Feature\MiddlewareIntegrationTest" classname="JTD.LaravelMCP.Tests.Feature.MiddlewareIntegrationTest" assertions="5" time="0.006472"/>
        <testcase name="it_allows_valid_cors_requests" file="/home/jeremyfall/Internal/JTD-Packages/laravel-mcp.git/main/tests/Feature/MiddlewareIntegrationTest.php" line="65" class="JTD\LaravelMCP\Tests\Feature\MiddlewareIntegrationTest" classname="JTD.LaravelMCP.Tests.Feature.MiddlewareIntegrationTest" assertions="7" time="0.006392"/>
        <testcase name="it_accepts_api_key_in_query_parameter" file="/home/jeremyfall/Internal/JTD-Packages/laravel-mcp.git/main/tests/Feature/MiddlewareIntegrationTest.php" line="228" class="JTD\LaravelMCP\Tests\Feature\MiddlewareIntegrationTest" classname="JTD.LaravelMCP.Tests.Feature.MiddlewareIntegrationTest" assertions="2" time="0.006608"/>
        <testcase name="it_respects_cors_origin_restrictions" file="/home/jeremyfall/Internal/JTD-Packages/laravel-mcp.git/main/tests/Feature/MiddlewareIntegrationTest.php" line="250" class="JTD\LaravelMCP\Tests\Feature\MiddlewareIntegrationTest" classname="JTD.LaravelMCP.Tests.Feature.MiddlewareIntegrationTest" assertions="2" time="0.006295"/>
        <testcase name="it_allows_requests_with_valid_api_key" file="/home/jeremyfall/Internal/JTD-Packages/laravel-mcp.git/main/tests/Feature/MiddlewareIntegrationTest.php" line="114" class="JTD\LaravelMCP\Tests\Feature\MiddlewareIntegrationTest" classname="JTD.LaravelMCP.Tests.Feature.MiddlewareIntegrationTest" assertions="2" time="0.006111"/>
      </testsuite>
      <testsuite name="JTD\LaravelMCP\Tests\Feature\Server\Handlers\HandlerIntegrationTest" file="/home/jeremyfall/Internal/JTD-Packages/laravel-mcp.git/main/tests/Feature/Server/Handlers/HandlerIntegrationTest.php" tests="11" assertions="88" errors="0" failures="0" skipped="0" time="0.077216">
        <testcase name="handlers_handle_error_scenarios_gracefully" file="/home/jeremyfall/Internal/JTD-Packages/laravel-mcp.git/main/tests/Feature/Server/Handlers/HandlerIntegrationTest.php" line="304" class="JTD\LaravelMCP\Tests\Feature\Server\Handlers\HandlerIntegrationTest" classname="JTD.LaravelMCP.Tests.Feature.Server.Handlers.HandlerIntegrationTest" assertions="3" time="0.006126"/>
        <testcase name="tool_execution_handles_different_result_types" file="/home/jeremyfall/Internal/JTD-Packages/laravel-mcp.git/main/tests/Feature/Server/Handlers/HandlerIntegrationTest.php" line="407" class="JTD\LaravelMCP\Tests\Feature\Server\Handlers\HandlerIntegrationTest" classname="JTD.LaravelMCP.Tests.Feature.Server.Handlers.HandlerIntegrationTest" assertions="7" time="0.006151"/>
        <testcase name="resource_reading_handles_different_content_types" file="/home/jeremyfall/Internal/JTD-Packages/laravel-mcp.git/main/tests/Feature/Server/Handlers/HandlerIntegrationTest.php" line="491" class="JTD\LaravelMCP\Tests\Feature\Server\Handlers\HandlerIntegrationTest" classname="JTD.LaravelMCP.Tests.Feature.Server.Handlers.HandlerIntegrationTest" assertions="7" time="0.005864"/>
        <testcase name="complete_prompt_workflow_lists_and_gets_prompts" file="/home/jeremyfall/Internal/JTD-Packages/laravel-mcp.git/main/tests/Feature/Server/Handlers/HandlerIntegrationTest.php" line="121" class="JTD\LaravelMCP\Tests\Feature\Server\Handlers\HandlerIntegrationTest" classname="JTD.LaravelMCP.Tests.Feature.Server.Handlers.HandlerIntegrationTest" assertions="13" time="0.005493"/>
        <testcase name="handlers_validate_request_parameters_correctly" file="/home/jeremyfall/Internal/JTD-Packages/laravel-mcp.git/main/tests/Feature/Server/Handlers/HandlerIntegrationTest.php" line="336" class="JTD\LaravelMCP\Tests\Feature\Server\Handlers\HandlerIntegrationTest" classname="JTD.LaravelMCP.Tests.Feature.Server.Handlers.HandlerIntegrationTest" assertions="3" time="0.005409"/>
        <testcase name="complete_tool_workflow_lists_and_executes_tools" file="/home/jeremyfall/Internal/JTD-Packages/laravel-mcp.git/main/tests/Feature/Server/Handlers/HandlerIntegrationTest.php" line="56" class="JTD\LaravelMCP\Tests\Feature\Server\Handlers\HandlerIntegrationTest" classname="JTD.LaravelMCP.Tests.Feature.Server.Handlers.HandlerIntegrationTest" assertions="12" time="0.005853"/>
        <testcase name="complete_resource_workflow_lists_and_reads_resources" file="/home/jeremyfall/Internal/JTD-Packages/laravel-mcp.git/main/tests/Feature/Server/Handlers/HandlerIntegrationTest.php" line="93" class="JTD\LaravelMCP\Tests\Feature\Server\Handlers\HandlerIntegrationTest" classname="JTD.LaravelMCP.Tests.Feature.Server.Handlers.HandlerIntegrationTest" assertions="10" time="0.005330"/>
        <testcase name="handlers_return_proper_mcp_response_format" file="/home/jeremyfall/Internal/JTD-Packages/laravel-mcp.git/main/tests/Feature/Server/Handlers/HandlerIntegrationTest.php" line="368" class="JTD\LaravelMCP\Tests\Feature\Server\Handlers\HandlerIntegrationTest" classname="JTD.LaravelMCP.Tests.Feature.Server.Handlers.HandlerIntegrationTest" assertions="22" time="0.006407"/>
        <testcase name="prompt_handler_manages_pagination_correctly" file="/home/jeremyfall/Internal/JTD-Packages/laravel-mcp.git/main/tests/Feature/Server/Handlers/HandlerIntegrationTest.php" line="262" class="JTD\LaravelMCP\Tests\Feature\Server\Handlers\HandlerIntegrationTest" classname="JTD.LaravelMCP.Tests.Feature.Server.Handlers.HandlerIntegrationTest" assertions="2" time="0.008430"/>
        <testcase name="tool_handler_manages_pagination_correctly" file="/home/jeremyfall/Internal/JTD-Packages/laravel-mcp.git/main/tests/Feature/Server/Handlers/HandlerIntegrationTest.php" line="159" class="JTD\LaravelMCP\Tests\Feature\Server\Handlers\HandlerIntegrationTest" classname="JTD.LaravelMCP.Tests.Feature.Server.Handlers.HandlerIntegrationTest" assertions="6" time="0.012157"/>
        <testcase name="resource_handler_manages_pagination_correctly" file="/home/jeremyfall/Internal/JTD-Packages/laravel-mcp.git/main/tests/Feature/Server/Handlers/HandlerIntegrationTest.php" line="214" class="JTD\LaravelMCP\Tests\Feature\Server\Handlers\HandlerIntegrationTest" classname="JTD.LaravelMCP.Tests.Feature.Server.Handlers.HandlerIntegrationTest" assertions="3" time="0.009997"/>
      </testsuite>
      <testsuite name="JTD\LaravelMCP\Tests\Feature\ServiceProviderIntegrationTest" file="/home/jeremyfall/Internal/JTD-Packages/laravel-mcp.git/main/tests/Feature/ServiceProviderIntegrationTest.php" tests="18" assertions="83" errors="0" failures="0" skipped="0" time="0.108023">
        <testcase name="it_allows_environment_variables_to_override_config" file="/home/jeremyfall/Internal/JTD-Packages/laravel-mcp.git/main/tests/Feature/ServiceProviderIntegrationTest.php" line="143" class="JTD\LaravelMCP\Tests\Feature\ServiceProviderIntegrationTest" classname="JTD.LaravelMCP.Tests.Feature.ServiceProviderIntegrationTest" assertions="2" time="0.005061"/>
        <testcase name="it_registers_service_provider_in_laravel_application" file="/home/jeremyfall/Internal/JTD-Packages/laravel-mcp.git/main/tests/Feature/ServiceProviderIntegrationTest.php" line="48" class="JTD\LaravelMCP\Tests\Feature\ServiceProviderIntegrationTest" classname="JTD.LaravelMCP.Tests.Feature.ServiceProviderIntegrationTest" assertions="2" time="0.004881"/>
        <testcase name="it_resolves_all_services_through_container" file="/home/jeremyfall/Internal/JTD-Packages/laravel-mcp.git/main/tests/Feature/ServiceProviderIntegrationTest.php" line="60" class="JTD\LaravelMCP\Tests\Feature\ServiceProviderIntegrationTest" classname="JTD.LaravelMCP.Tests.Feature.ServiceProviderIntegrationTest" assertions="22" time="0.005380"/>
        <testcase name="it_resolves_interfaces_to_correct_implementations" file="/home/jeremyfall/Internal/JTD-Packages/laravel-mcp.git/main/tests/Feature/ServiceProviderIntegrationTest.php" line="91" class="JTD\LaravelMCP\Tests\Feature\ServiceProviderIntegrationTest" classname="JTD.LaravelMCP.Tests.Feature.ServiceProviderIntegrationTest" assertions="3" time="0.005134"/>
        <testcase name="it_provides_functional_mcp_facade" file="/home/jeremyfall/Internal/JTD-Packages/laravel-mcp.git/main/tests/Feature/ServiceProviderIntegrationTest.php" line="108" class="JTD\LaravelMCP\Tests\Feature\ServiceProviderIntegrationTest" classname="JTD.LaravelMCP.Tests.Feature.ServiceProviderIntegrationTest" assertions="2" time="0.004996"/>
        <testcase name="it_configures_transport_manager_based_on_config" file="/home/jeremyfall/Internal/JTD-Packages/laravel-mcp.git/main/tests/Feature/ServiceProviderIntegrationTest.php" line="302" class="JTD\LaravelMCP\Tests\Feature\ServiceProviderIntegrationTest" classname="JTD.LaravelMCP.Tests.Feature.ServiceProviderIntegrationTest" assertions="2" time="0.005275"/>
        <testcase name="it_resolves_services_using_app_helper" file="/home/jeremyfall/Internal/JTD-Packages/laravel-mcp.git/main/tests/Feature/ServiceProviderIntegrationTest.php" line="340" class="JTD\LaravelMCP\Tests\Feature\ServiceProviderIntegrationTest" classname="JTD.LaravelMCP.Tests.Feature.ServiceProviderIntegrationTest" assertions="3" time="0.004885"/>
        <testcase name="it_supports_dependency_injection_resolution" file="/home/jeremyfall/Internal/JTD-Packages/laravel-mcp.git/main/tests/Feature/ServiceProviderIntegrationTest.php" line="357" class="JTD\LaravelMCP\Tests\Feature\ServiceProviderIntegrationTest" classname="JTD.LaravelMCP.Tests.Feature.ServiceProviderIntegrationTest" assertions="2" time="0.004904"/>
        <testcase name="it_integrates_services_correctly" file="/home/jeremyfall/Internal/JTD-Packages/laravel-mcp.git/main/tests/Feature/ServiceProviderIntegrationTest.php" line="170" class="JTD\LaravelMCP\Tests\Feature\ServiceProviderIntegrationTest" classname="JTD.LaravelMCP.Tests.Feature.ServiceProviderIntegrationTest" assertions="3" time="0.005113"/>
        <testcase name="it_configures_publishable_assets" file="/home/jeremyfall/Internal/JTD-Packages/laravel-mcp.git/main/tests/Feature/ServiceProviderIntegrationTest.php" line="233" class="JTD\LaravelMCP\Tests\Feature\ServiceProviderIntegrationTest" classname="JTD.LaravelMCP.Tests.Feature.ServiceProviderIntegrationTest" assertions="3" time="0.004950"/>
        <testcase name="it_loads_routes_when_route_file_exists" file="/home/jeremyfall/Internal/JTD-Packages/laravel-mcp.git/main/tests/Feature/ServiceProviderIntegrationTest.php" line="259" class="JTD\LaravelMCP\Tests\Feature\ServiceProviderIntegrationTest" classname="JTD.LaravelMCP.Tests.Feature.ServiceProviderIntegrationTest" assertions="1" time="0.005557"/>
        <testcase name="it_handles_missing_optional_dependencies_gracefully" file="/home/jeremyfall/Internal/JTD-Packages/laravel-mcp.git/main/tests/Feature/ServiceProviderIntegrationTest.php" line="319" class="JTD\LaravelMCP\Tests\Feature\ServiceProviderIntegrationTest" classname="JTD.LaravelMCP.Tests.Feature.ServiceProviderIntegrationTest" assertions="1" time="0.006440"/>
        <testcase name="it_handles_multiple_provider_instances_safely" file="/home/jeremyfall/Internal/JTD-Packages/laravel-mcp.git/main/tests/Feature/ServiceProviderIntegrationTest.php" line="419" class="JTD\LaravelMCP\Tests\Feature\ServiceProviderIntegrationTest" classname="JTD.LaravelMCP.Tests.Feature.ServiceProviderIntegrationTest" assertions="3" time="0.005811"/>
        <testcase name="it_recovers_from_invalid_configuration" file="/home/jeremyfall/Internal/JTD-Packages/laravel-mcp.git/main/tests/Feature/ServiceProviderIntegrationTest.php" line="449" class="JTD\LaravelMCP\Tests\Feature\ServiceProviderIntegrationTest" classname="JTD.LaravelMCP.Tests.Feature.ServiceProviderIntegrationTest" assertions="2" time="0.005667"/>
        <testcase name="it_respects_disabled_state_configuration" file="/home/jeremyfall/Internal/JTD-Packages/laravel-mcp.git/main/tests/Feature/ServiceProviderIntegrationTest.php" line="470" class="JTD\LaravelMCP\Tests\Feature\ServiceProviderIntegrationTest" classname="JTD.LaravelMCP.Tests.Feature.ServiceProviderIntegrationTest" assertions="3" time="0.005413"/>
        <testcase name="it_loads_and_merges_configuration" file="/home/jeremyfall/Internal/JTD-Packages/laravel-mcp.git/main/tests/Feature/ServiceProviderIntegrationTest.php" line="122" class="JTD\LaravelMCP\Tests\Feature\ServiceProviderIntegrationTest" classname="JTD.LaravelMCP.Tests.Feature.ServiceProviderIntegrationTest" assertions="8" time="0.005707"/>
        <testcase name="it_discovers_components_when_enabled" file="/home/jeremyfall/Internal/JTD-Packages/laravel-mcp.git/main/tests/Feature/ServiceProviderIntegrationTest.php" line="198" class="JTD\LaravelMCP\Tests\Feature\ServiceProviderIntegrationTest" classname="JTD.LaravelMCP.Tests.Feature.ServiceProviderIntegrationTest" assertions="3" time="0.006334"/>
        <testcase name="it_completes_full_service_provider_lifecycle" file="/home/jeremyfall/Internal/JTD-Packages/laravel-mcp.git/main/tests/Feature/ServiceProviderIntegrationTest.php" line="377" class="JTD\LaravelMCP\Tests\Feature\ServiceProviderIntegrationTest" classname="JTD.LaravelMCP.Tests.Feature.ServiceProviderIntegrationTest" assertions="18" time="0.016515"/>
      </testsuite>
    </testsuite>
  </testsuite>
</testsuites>
