<?xml version="1.0" encoding="UTF-8"?>
<testsuites>
  <testsuite name="/var/www/html/phpunit.xml" tests="1172" assertions="3378" errors="0" failures="0" skipped="2" time="13.917923">
    <testsuite name="Laravel MCP Test Suite" tests="586" assertions="1689" errors="0" failures="0" skipped="1" time="6.979646">
      <testsuite name="JTD\LaravelMCP\Tests\Feature\McpServerIntegrationTest" file="/var/www/html/tests/Feature/McpServerIntegrationTest.php" tests="17" assertions="87" errors="0" failures="0" skipped="1" time="1.312794">
        <testcase name="test_can_resolve_capability_manager_from_container" file="/var/www/html/tests/Feature/McpServerIntegrationTest.php" line="28" class="JTD\LaravelMCP\Tests\Feature\McpServerIntegrationTest" classname="JTD.LaravelMCP.Tests.Feature.McpServerIntegrationTest" assertions="1" time="0.099337"/>
        <testcase name="test_can_resolve_server_from_container" file="/var/www/html/tests/Feature/McpServerIntegrationTest.php" line="14" class="JTD\LaravelMCP\Tests\Feature\McpServerIntegrationTest" classname="JTD.LaravelMCP.Tests.Feature.McpServerIntegrationTest" assertions="1" time="0.011278"/>
        <testcase name="test_server_initialization_flow" file="/var/www/html/tests/Feature/McpServerIntegrationTest.php" line="35" class="JTD\LaravelMCP\Tests\Feature\McpServerIntegrationTest" classname="JTD.LaravelMCP.Tests.Feature.McpServerIntegrationTest" assertions="8" time="0.011294"/>
        <testcase name="test_server_metrics_tracking" file="/var/www/html/tests/Feature/McpServerIntegrationTest.php" line="191" class="JTD\LaravelMCP\Tests\Feature\McpServerIntegrationTest" classname="JTD.LaravelMCP.Tests.Feature.McpServerIntegrationTest" assertions="8" time="0.004978"/>
        <testcase name="test_server_graceful_shutdown" file="/var/www/html/tests/Feature/McpServerIntegrationTest.php" line="236" class="JTD\LaravelMCP\Tests\Feature\McpServerIntegrationTest" classname="JTD.LaravelMCP.Tests.Feature.McpServerIntegrationTest" assertions="2" time="0.006214"/>
        <testcase name="test_server_transport_integration" file="/var/www/html/tests/Feature/McpServerIntegrationTest.php" line="275" class="JTD\LaravelMCP\Tests\Feature\McpServerIntegrationTest" classname="JTD.LaravelMCP.Tests.Feature.McpServerIntegrationTest" assertions="4" time="0.007027"/>
        <testcase name="test_server_component_integration" file="/var/www/html/tests/Feature/McpServerIntegrationTest.php" line="288" class="JTD\LaravelMCP\Tests\Feature\McpServerIntegrationTest" classname="JTD.LaravelMCP.Tests.Feature.McpServerIntegrationTest" assertions="5" time="0.004510"/>
        <testcase name="test_server_protocol_version" file="/var/www/html/tests/Feature/McpServerIntegrationTest.php" line="336" class="JTD\LaravelMCP\Tests\Feature\McpServerIntegrationTest" classname="JTD.LaravelMCP.Tests.Feature.McpServerIntegrationTest" assertions="1" time="0.005941"/>
        <testcase name="test_server_status_and_health" file="/var/www/html/tests/Feature/McpServerIntegrationTest.php" line="97" class="JTD\LaravelMCP\Tests\Feature\McpServerIntegrationTest" classname="JTD.LaravelMCP.Tests.Feature.McpServerIntegrationTest" assertions="15" time="0.008873"/>
        <testcase name="test_server_diagnostics" file="/var/www/html/tests/Feature/McpServerIntegrationTest.php" line="302" class="JTD\LaravelMCP\Tests\Feature\McpServerIntegrationTest" classname="JTD.LaravelMCP.Tests.Feature.McpServerIntegrationTest" assertions="10" time="0.006737"/>
        <testcase name="test_server_uptime_tracking" file="/var/www/html/tests/Feature/McpServerIntegrationTest.php" line="323" class="JTD\LaravelMCP\Tests\Feature\McpServerIntegrationTest" classname="JTD.LaravelMCP.Tests.Feature.McpServerIntegrationTest" assertions="4" time="0.106507"/>
        <testcase name="test_server_lifecycle_management" file="/var/www/html/tests/Feature/McpServerIntegrationTest.php" line="66" class="JTD\LaravelMCP\Tests\Feature\McpServerIntegrationTest" classname="JTD.LaravelMCP.Tests.Feature.McpServerIntegrationTest" assertions="8" time="1.009180"/>
        <testcase name="test_capability_negotiation_integration" file="/var/www/html/tests/Feature/McpServerIntegrationTest.php" line="141" class="JTD\LaravelMCP\Tests\Feature\McpServerIntegrationTest" classname="JTD.LaravelMCP.Tests.Feature.McpServerIntegrationTest" assertions="3" time="0.007521"/>
        <testcase name="test_capability_manager_mcp10_compliance" file="/var/www/html/tests/Feature/McpServerIntegrationTest.php" line="250" class="JTD\LaravelMCP\Tests\Feature\McpServerIntegrationTest" classname="JTD.LaravelMCP.Tests.Feature.McpServerIntegrationTest" assertions="3" time="0.006686">
          <skipped/>
        </testcase>
        <testcase name="test_can_resolve_server_info_from_container" file="/var/www/html/tests/Feature/McpServerIntegrationTest.php" line="21" class="JTD\LaravelMCP\Tests\Feature\McpServerIntegrationTest" classname="JTD.LaravelMCP.Tests.Feature.McpServerIntegrationTest" assertions="1" time="0.005157"/>
        <testcase name="test_server_configuration_integration" file="/var/www/html/tests/Feature/McpServerIntegrationTest.php" line="128" class="JTD\LaravelMCP\Tests\Feature\McpServerIntegrationTest" classname="JTD.LaravelMCP.Tests.Feature.McpServerIntegrationTest" assertions="3" time="0.004960"/>
        <testcase name="test_server_info_detailed_information" file="/var/www/html/tests/Feature/McpServerIntegrationTest.php" line="215" class="JTD\LaravelMCP\Tests\Feature\McpServerIntegrationTest" classname="JTD.LaravelMCP.Tests.Feature.McpServerIntegrationTest" assertions="10" time="0.006592"/>
      </testsuite>
      <testsuite name="JTD\LaravelMCP\Tests\Unit\Protocol\MessageProcessorTest" file="/var/www/html/tests/Unit/Protocol/MessageProcessorTest.php" tests="20" assertions="38" errors="0" failures="0" skipped="0" time="0.143901">
        <testcase name="constructor_initializes_handlers_and_capabilities" file="/var/www/html/tests/Unit/Protocol/MessageProcessorTest.php" line="85" class="JTD\LaravelMCP\Tests\Unit\Protocol\MessageProcessorTest" classname="JTD.LaravelMCP.Tests.Unit.Protocol.MessageProcessorTest" assertions="4" time="0.014726"/>
        <testcase name="get_supported_message_types_returns_expected_methods" file="/var/www/html/tests/Unit/Protocol/MessageProcessorTest.php" line="95" class="JTD\LaravelMCP\Tests\Unit\Protocol\MessageProcessorTest" classname="JTD.LaravelMCP.Tests.Unit.Protocol.MessageProcessorTest" assertions="1" time="0.006514"/>
        <testcase name="can_handle_returns_true_for_valid_json_rpc_messages" file="/var/www/html/tests/Unit/Protocol/MessageProcessorTest.php" line="114" class="JTD\LaravelMCP\Tests\Unit\Protocol\MessageProcessorTest" classname="JTD.LaravelMCP.Tests.Unit.Protocol.MessageProcessorTest" assertions="1" time="0.007683"/>
        <testcase name="can_handle_returns_false_for_invalid_messages" file="/var/www/html/tests/Unit/Protocol/MessageProcessorTest.php" line="128" class="JTD\LaravelMCP\Tests\Unit\Protocol\MessageProcessorTest" classname="JTD.LaravelMCP.Tests.Unit.Protocol.MessageProcessorTest" assertions="1" time="0.008681"/>
        <testcase name="handle_processes_notifications_without_response" file="/var/www/html/tests/Unit/Protocol/MessageProcessorTest.php" line="194" class="JTD\LaravelMCP\Tests\Unit\Protocol\MessageProcessorTest" classname="JTD.LaravelMCP.Tests.Unit.Protocol.MessageProcessorTest" assertions="1" time="0.007552"/>
        <testcase name="handle_processes_responses_without_response" file="/var/www/html/tests/Unit/Protocol/MessageProcessorTest.php" line="227" class="JTD\LaravelMCP\Tests\Unit\Protocol\MessageProcessorTest" classname="JTD.LaravelMCP.Tests.Unit.Protocol.MessageProcessorTest" assertions="1" time="0.005917"/>
        <testcase name="handle_returns_error_for_unrecognized_message_types" file="/var/www/html/tests/Unit/Protocol/MessageProcessorTest.php" line="266" class="JTD\LaravelMCP\Tests\Unit\Protocol\MessageProcessorTest" classname="JTD.LaravelMCP.Tests.Unit.Protocol.MessageProcessorTest" assertions="2" time="0.005089"/>
        <testcase name="set_server_info_updates_server_information" file="/var/www/html/tests/Unit/Protocol/MessageProcessorTest.php" line="381" class="JTD\LaravelMCP\Tests\Unit\Protocol\MessageProcessorTest" classname="JTD.LaravelMCP.Tests.Unit.Protocol.MessageProcessorTest" assertions="3" time="0.004649"/>
        <testcase name="get_server_info_returns_current_information" file="/var/www/html/tests/Unit/Protocol/MessageProcessorTest.php" line="394" class="JTD\LaravelMCP\Tests\Unit\Protocol\MessageProcessorTest" classname="JTD.LaravelMCP.Tests.Unit.Protocol.MessageProcessorTest" assertions="4" time="0.006037"/>
        <testcase name="handle_returns_error_for_invalid_json_rpc_messages" file="/var/www/html/tests/Unit/Protocol/MessageProcessorTest.php" line="142" class="JTD\LaravelMCP\Tests\Unit\Protocol\MessageProcessorTest" classname="JTD.LaravelMCP.Tests.Unit.Protocol.MessageProcessorTest" assertions="2" time="0.006068"/>
        <testcase name="handle_processes_valid_requests" file="/var/www/html/tests/Unit/Protocol/MessageProcessorTest.php" line="165" class="JTD\LaravelMCP\Tests\Unit\Protocol\MessageProcessorTest" classname="JTD.LaravelMCP.Tests.Unit.Protocol.MessageProcessorTest" assertions="1" time="0.008103"/>
        <testcase name="handle_catches_and_handles_exceptions" file="/var/www/html/tests/Unit/Protocol/MessageProcessorTest.php" line="307" class="JTD\LaravelMCP\Tests\Unit\Protocol\MessageProcessorTest" classname="JTD.LaravelMCP.Tests.Unit.Protocol.MessageProcessorTest" assertions="2" time="0.007746"/>
        <testcase name="handle_error_logs_transport_errors" file="/var/www/html/tests/Unit/Protocol/MessageProcessorTest.php" line="336" class="JTD\LaravelMCP\Tests\Unit\Protocol\MessageProcessorTest" classname="JTD.LaravelMCP.Tests.Unit.Protocol.MessageProcessorTest" assertions="0" time="0.006190"/>
        <testcase name="on_connect_logs_transport_connection" file="/var/www/html/tests/Unit/Protocol/MessageProcessorTest.php" line="351" class="JTD\LaravelMCP\Tests\Unit\Protocol\MessageProcessorTest" classname="JTD.LaravelMCP.Tests.Unit.Protocol.MessageProcessorTest" assertions="0" time="0.006320"/>
        <testcase name="initialization_workflow_works_correctly" file="/var/www/html/tests/Unit/Protocol/MessageProcessorTest.php" line="405" class="JTD\LaravelMCP\Tests\Unit\Protocol\MessageProcessorTest" classname="JTD.LaravelMCP.Tests.Unit.Protocol.MessageProcessorTest" assertions="2" time="0.006177"/>
        <testcase name="tools_list_handler_integration_works" file="/var/www/html/tests/Unit/Protocol/MessageProcessorTest.php" line="446" class="JTD\LaravelMCP\Tests\Unit\Protocol\MessageProcessorTest" classname="JTD.LaravelMCP.Tests.Unit.Protocol.MessageProcessorTest" assertions="2" time="0.005810"/>
        <testcase name="resources_list_handler_integration_works" file="/var/www/html/tests/Unit/Protocol/MessageProcessorTest.php" line="467" class="JTD\LaravelMCP\Tests\Unit\Protocol\MessageProcessorTest" classname="JTD.LaravelMCP.Tests.Unit.Protocol.MessageProcessorTest" assertions="2" time="0.006094"/>
        <testcase name="prompts_list_handler_integration_works" file="/var/www/html/tests/Unit/Protocol/MessageProcessorTest.php" line="487" class="JTD\LaravelMCP\Tests\Unit\Protocol\MessageProcessorTest" classname="JTD.LaravelMCP.Tests.Unit.Protocol.MessageProcessorTest" assertions="2" time="0.008337"/>
        <testcase name="handler_methods_check_initialization_status" file="/var/www/html/tests/Unit/Protocol/MessageProcessorTest.php" line="507" class="JTD\LaravelMCP\Tests\Unit\Protocol\MessageProcessorTest" classname="JTD.LaravelMCP.Tests.Unit.Protocol.MessageProcessorTest" assertions="3" time="0.008000"/>
        <testcase name="on_disconnect_resets_initialization_state" file="/var/www/html/tests/Unit/Protocol/MessageProcessorTest.php" line="365" class="JTD\LaravelMCP\Tests\Unit\Protocol\MessageProcessorTest" classname="JTD.LaravelMCP.Tests.Unit.Protocol.MessageProcessorTest" assertions="4" time="0.008208"/>
      </testsuite>
      <testsuite name="JTD\LaravelMCP\Tests\Unit\Server\CapabilityManagerTest" file="/var/www/html/tests/Unit/Server/CapabilityManagerTest.php" tests="20" assertions="62" errors="0" failures="0" skipped="0" time="0.112572">
        <testcase name="test_can_create_capability_manager_instance" file="/var/www/html/tests/Unit/Server/CapabilityManagerTest.php" line="31" class="JTD\LaravelMCP\Tests\Unit\Server\CapabilityManagerTest" classname="JTD.LaravelMCP.Tests.Unit.Server.CapabilityManagerTest" assertions="1" time="0.005190"/>
        <testcase name="test_initializes_server_capabilities_from_config" file="/var/www/html/tests/Unit/Server/CapabilityManagerTest.php" line="36" class="JTD\LaravelMCP\Tests\Unit\Server\CapabilityManagerTest" classname="JTD.LaravelMCP.Tests.Unit.Server.CapabilityManagerTest" assertions="2" time="0.004952"/>
        <testcase name="test_can_update_server_capabilities_before_negotiation" file="/var/www/html/tests/Unit/Server/CapabilityManagerTest.php" line="135" class="JTD\LaravelMCP\Tests\Unit\Server\CapabilityManagerTest" classname="JTD.LaravelMCP.Tests.Unit.Server.CapabilityManagerTest" assertions="2" time="0.006144"/>
        <testcase name="test_can_lock_capabilities" file="/var/www/html/tests/Unit/Server/CapabilityManagerTest.php" line="180" class="JTD\LaravelMCP\Tests\Unit\Server\CapabilityManagerTest" classname="JTD.LaravelMCP.Tests.Unit.Server.CapabilityManagerTest" assertions="2" time="0.004592"/>
        <testcase name="test_gets_mcp10_requirements" file="/var/www/html/tests/Unit/Server/CapabilityManagerTest.php" line="266" class="JTD\LaravelMCP\Tests\Unit\Server\CapabilityManagerTest" classname="JTD.LaravelMCP.Tests.Unit.Server.CapabilityManagerTest" assertions="9" time="0.004521"/>
        <testcase name="test_creates_dynamic_capabilities" file="/var/www/html/tests/Unit/Server/CapabilityManagerTest.php" line="306" class="JTD\LaravelMCP\Tests\Unit\Server\CapabilityManagerTest" classname="JTD.LaravelMCP.Tests.Unit.Server.CapabilityManagerTest" assertions="4" time="0.005204"/>
        <testcase name="test_can_negotiate_capabilities_with_client" file="/var/www/html/tests/Unit/Server/CapabilityManagerTest.php" line="48" class="JTD\LaravelMCP\Tests\Unit\Server\CapabilityManagerTest" classname="JTD.LaravelMCP.Tests.Unit.Server.CapabilityManagerTest" assertions="4" time="0.006254"/>
        <testcase name="test_can_check_if_capability_is_enabled" file="/var/www/html/tests/Unit/Server/CapabilityManagerTest.php" line="87" class="JTD\LaravelMCP\Tests\Unit\Server\CapabilityManagerTest" classname="JTD.LaravelMCP.Tests.Unit.Server.CapabilityManagerTest" assertions="3" time="0.007662"/>
        <testcase name="test_can_get_capability_info" file="/var/www/html/tests/Unit/Server/CapabilityManagerTest.php" line="119" class="JTD\LaravelMCP\Tests\Unit\Server\CapabilityManagerTest" classname="JTD.LaravelMCP.Tests.Unit.Server.CapabilityManagerTest" assertions="2" time="0.005709"/>
        <testcase name="test_cannot_update_capabilities_after_negotiation" file="/var/www/html/tests/Unit/Server/CapabilityManagerTest.php" line="148" class="JTD\LaravelMCP\Tests\Unit\Server\CapabilityManagerTest" classname="JTD.LaravelMCP.Tests.Unit.Server.CapabilityManagerTest" assertions="2" time="0.005150"/>
        <testcase name="test_can_reset_capabilities" file="/var/www/html/tests/Unit/Server/CapabilityManagerTest.php" line="163" class="JTD\LaravelMCP\Tests\Unit\Server\CapabilityManagerTest" classname="JTD.LaravelMCP.Tests.Unit.Server.CapabilityManagerTest" assertions="3" time="0.005540"/>
        <testcase name="test_validates_resources_capability" file="/var/www/html/tests/Unit/Server/CapabilityManagerTest.php" line="224" class="JTD\LaravelMCP\Tests\Unit\Server\CapabilityManagerTest" classname="JTD.LaravelMCP.Tests.Unit.Server.CapabilityManagerTest" assertions="1" time="0.005164"/>
        <testcase name="test_validates_mcp10_compliance" file="/var/www/html/tests/Unit/Server/CapabilityManagerTest.php" line="283" class="JTD\LaravelMCP\Tests\Unit\Server\CapabilityManagerTest" classname="JTD.LaravelMCP.Tests.Unit.Server.CapabilityManagerTest" assertions="5" time="0.004999"/>
        <testcase name="test_prevents_double_negotiation" file="/var/www/html/tests/Unit/Server/CapabilityManagerTest.php" line="340" class="JTD\LaravelMCP\Tests\Unit\Server\CapabilityManagerTest" classname="JTD.LaravelMCP.Tests.Unit.Server.CapabilityManagerTest" assertions="1" time="0.005834"/>
        <testcase name="test_creates_minimal_capabilities_when_empty" file="/var/www/html/tests/Unit/Server/CapabilityManagerTest.php" line="354" class="JTD\LaravelMCP\Tests\Unit\Server\CapabilityManagerTest" classname="JTD.LaravelMCP.Tests.Unit.Server.CapabilityManagerTest" assertions="1" time="0.005425"/>
        <testcase name="test_gets_detailed_capability_info" file="/var/www/html/tests/Unit/Server/CapabilityManagerTest.php" line="320" class="JTD\LaravelMCP\Tests\Unit\Server\CapabilityManagerTest" classname="JTD.LaravelMCP.Tests.Unit.Server.CapabilityManagerTest" assertions="9" time="0.005447"/>
        <testcase name="test_can_check_if_feature_is_enabled" file="/var/www/html/tests/Unit/Server/CapabilityManagerTest.php" line="101" class="JTD\LaravelMCP\Tests\Unit\Server\CapabilityManagerTest" classname="JTD.LaravelMCP.Tests.Unit.Server.CapabilityManagerTest" assertions="3" time="0.005528"/>
        <testcase name="test_validates_logging_capability" file="/var/www/html/tests/Unit/Server/CapabilityManagerTest.php" line="238" class="JTD\LaravelMCP\Tests\Unit\Server\CapabilityManagerTest" classname="JTD.LaravelMCP.Tests.Unit.Server.CapabilityManagerTest" assertions="2" time="0.005025"/>
        <testcase name="test_adjusts_capabilities_for_empty_components" file="/var/www/html/tests/Unit/Server/CapabilityManagerTest.php" line="68" class="JTD\LaravelMCP\Tests\Unit\Server\CapabilityManagerTest" classname="JTD.LaravelMCP.Tests.Unit.Server.CapabilityManagerTest" assertions="3" time="0.006621"/>
        <testcase name="test_validates_tools_capability" file="/var/www/html/tests/Unit/Server/CapabilityManagerTest.php" line="189" class="JTD\LaravelMCP\Tests\Unit\Server\CapabilityManagerTest" classname="JTD.LaravelMCP.Tests.Unit.Server.CapabilityManagerTest" assertions="3" time="0.007612"/>
      </testsuite>
      <testsuite name="JTD\LaravelMCP\Tests\Unit\Server\Handlers\BaseHandlerTest" file="/var/www/html/tests/Unit/Server/Handlers/BaseHandlerTest.php" tests="34" assertions="74" errors="0" failures="0" skipped="0" time="0.215289">
        <testcase name="handle_exception_preserves_protocol_exception_details" file="/var/www/html/tests/Unit/Server/Handlers/BaseHandlerTest.php" line="280" class="JTD\LaravelMCP\Tests\Unit\Server\Handlers\BaseHandlerTest" classname="JTD.LaravelMCP.Tests.Unit.Server.Handlers.BaseHandlerTest" assertions="4" time="0.010132"/>
        <testsuite name="JTD\LaravelMCP\Tests\Unit\Server\Handlers\BaseHandlerTest::format_content_handles_different_types_correctly" tests="7" assertions="7" errors="0" failures="0" skipped="0" time="0.037292">
          <testcase name="format_content_handles_different_types_correctly with data set &quot;string as text&quot;" file="/var/www/html/tests/Unit/Server/Handlers/BaseHandlerTest.php" line="324" class="JTD\LaravelMCP\Tests\Unit\Server\Handlers\BaseHandlerTest" classname="JTD.LaravelMCP.Tests.Unit.Server.Handlers.BaseHandlerTest" assertions="1" time="0.007429"/>
          <testcase name="format_content_handles_different_types_correctly with data set &quot;array as text&quot;" file="/var/www/html/tests/Unit/Server/Handlers/BaseHandlerTest.php" line="324" class="JTD\LaravelMCP\Tests\Unit\Server\Handlers\BaseHandlerTest" classname="JTD.LaravelMCP.Tests.Unit.Server.Handlers.BaseHandlerTest" assertions="1" time="0.005374"/>
          <testcase name="format_content_handles_different_types_correctly with data set &quot;string as json&quot;" file="/var/www/html/tests/Unit/Server/Handlers/BaseHandlerTest.php" line="324" class="JTD\LaravelMCP\Tests\Unit\Server\Handlers\BaseHandlerTest" classname="JTD.LaravelMCP.Tests.Unit.Server.Handlers.BaseHandlerTest" assertions="1" time="0.004651"/>
          <testcase name="format_content_handles_different_types_correctly with data set &quot;array as json&quot;" file="/var/www/html/tests/Unit/Server/Handlers/BaseHandlerTest.php" line="324" class="JTD\LaravelMCP\Tests\Unit\Server\Handlers\BaseHandlerTest" classname="JTD.LaravelMCP.Tests.Unit.Server.Handlers.BaseHandlerTest" assertions="1" time="0.004457"/>
          <testcase name="format_content_handles_different_types_correctly with data set &quot;resource type&quot;" file="/var/www/html/tests/Unit/Server/Handlers/BaseHandlerTest.php" line="324" class="JTD\LaravelMCP\Tests\Unit\Server\Handlers\BaseHandlerTest" classname="JTD.LaravelMCP.Tests.Unit.Server.Handlers.BaseHandlerTest" assertions="1" time="0.006032"/>
          <testcase name="format_content_handles_different_types_correctly with data set &quot;unknown type defaults to text&quot;" file="/var/www/html/tests/Unit/Server/Handlers/BaseHandlerTest.php" line="324" class="JTD\LaravelMCP\Tests\Unit\Server\Handlers\BaseHandlerTest" classname="JTD.LaravelMCP.Tests.Unit.Server.Handlers.BaseHandlerTest" assertions="1" time="0.004631"/>
          <testcase name="format_content_handles_different_types_correctly with data set &quot;number as text&quot;" file="/var/www/html/tests/Unit/Server/Handlers/BaseHandlerTest.php" line="324" class="JTD\LaravelMCP\Tests\Unit\Server\Handlers\BaseHandlerTest" classname="JTD.LaravelMCP.Tests.Unit.Server.Handlers.BaseHandlerTest" assertions="1" time="0.004717"/>
        </testsuite>
        <testcase name="constructor_defaults_to_non_debug_mode" file="/var/www/html/tests/Unit/Server/Handlers/BaseHandlerTest.php" line="50" class="JTD\LaravelMCP\Tests\Unit\Server\Handlers\BaseHandlerTest" classname="JTD.LaravelMCP.Tests.Unit.Server.Handlers.BaseHandlerTest" assertions="1" time="0.005677"/>
        <testcase name="set_debug_updates_debug_mode" file="/var/www/html/tests/Unit/Server/Handlers/BaseHandlerTest.php" line="58" class="JTD\LaravelMCP\Tests\Unit\Server\Handlers\BaseHandlerTest" classname="JTD.LaravelMCP.Tests.Unit.Server.Handlers.BaseHandlerTest" assertions="3" time="0.004909"/>
        <testcase name="validate_request_passes_with_valid_parameters" file="/var/www/html/tests/Unit/Server/Handlers/BaseHandlerTest.php" line="70" class="JTD\LaravelMCP\Tests\Unit\Server\Handlers\BaseHandlerTest" classname="JTD.LaravelMCP.Tests.Unit.Server.Handlers.BaseHandlerTest" assertions="0" time="0.008142"/>
        <testcase name="validate_request_passes_with_empty_rules" file="/var/www/html/tests/Unit/Server/Handlers/BaseHandlerTest.php" line="82" class="JTD\LaravelMCP\Tests\Unit\Server\Handlers\BaseHandlerTest" classname="JTD.LaravelMCP.Tests.Unit.Server.Handlers.BaseHandlerTest" assertions="0" time="0.007577"/>
        <testcase name="validate_required_params_passes_with_all_required_present" file="/var/www/html/tests/Unit/Server/Handlers/BaseHandlerTest.php" line="132" class="JTD\LaravelMCP\Tests\Unit\Server\Handlers\BaseHandlerTest" classname="JTD.LaravelMCP.Tests.Unit.Server.Handlers.BaseHandlerTest" assertions="0" time="0.009192"/>
        <testcase name="validate_required_params_passes_with_empty_required_list" file="/var/www/html/tests/Unit/Server/Handlers/BaseHandlerTest.php" line="144" class="JTD\LaravelMCP\Tests\Unit\Server\Handlers\BaseHandlerTest" classname="JTD.LaravelMCP.Tests.Unit.Server.Handlers.BaseHandlerTest" assertions="0" time="0.007698"/>
        <testcase name="supports_method_returns_true_for_supported_methods" file="/var/www/html/tests/Unit/Server/Handlers/BaseHandlerTest.php" line="224" class="JTD\LaravelMCP\Tests\Unit\Server\Handlers\BaseHandlerTest" classname="JTD.LaravelMCP.Tests.Unit.Server.Handlers.BaseHandlerTest" assertions="2" time="0.005014"/>
        <testcase name="supports_method_returns_false_for_unsupported_methods" file="/var/www/html/tests/Unit/Server/Handlers/BaseHandlerTest.php" line="231" class="JTD\LaravelMCP\Tests\Unit\Server\Handlers\BaseHandlerTest" classname="JTD.LaravelMCP.Tests.Unit.Server.Handlers.BaseHandlerTest" assertions="2" time="0.004555"/>
        <testcase name="get_supported_methods_returns_expected_methods" file="/var/www/html/tests/Unit/Server/Handlers/BaseHandlerTest.php" line="238" class="JTD\LaravelMCP\Tests\Unit\Server\Handlers\BaseHandlerTest" classname="JTD.LaravelMCP.Tests.Unit.Server.Handlers.BaseHandlerTest" assertions="1" time="0.005361"/>
        <testcase name="sanitize_for_logging_removes_sensitive_keys" file="/var/www/html/tests/Unit/Server/Handlers/BaseHandlerTest.php" line="246" class="JTD\LaravelMCP\Tests\Unit\Server\Handlers\BaseHandlerTest" classname="JTD.LaravelMCP.Tests.Unit.Server.Handlers.BaseHandlerTest" assertions="8" time="0.004763"/>
        <testcase name="sanitize_for_logging_handles_empty_array" file="/var/www/html/tests/Unit/Server/Handlers/BaseHandlerTest.php" line="272" class="JTD\LaravelMCP\Tests\Unit\Server\Handlers\BaseHandlerTest" classname="JTD.LaravelMCP.Tests.Unit.Server.Handlers.BaseHandlerTest" assertions="1" time="0.004688"/>
        <testcase name="constructor_does_not_log_when_debug_disabled" file="/var/www/html/tests/Unit/Server/Handlers/BaseHandlerTest.php" line="423" class="JTD\LaravelMCP\Tests\Unit\Server\Handlers\BaseHandlerTest" classname="JTD.LaravelMCP.Tests.Unit.Server.Handlers.BaseHandlerTest" assertions="1" time="0.009441"/>
        <testcase name="constructor_sets_handler_name_and_debug_mode" file="/var/www/html/tests/Unit/Server/Handlers/BaseHandlerTest.php" line="41" class="JTD\LaravelMCP\Tests\Unit\Server\Handlers\BaseHandlerTest" classname="JTD.LaravelMCP.Tests.Unit.Server.Handlers.BaseHandlerTest" assertions="2" time="0.006103"/>
        <testcase name="validate_request_throws_protocol_exception_with_invalid_parameters" file="/var/www/html/tests/Unit/Server/Handlers/BaseHandlerTest.php" line="94" class="JTD\LaravelMCP\Tests\Unit\Server\Handlers\BaseHandlerTest" classname="JTD.LaravelMCP.Tests.Unit.Server.Handlers.BaseHandlerTest" assertions="3" time="0.009316"/>
        <testcase name="validate_request_throws_protocol_exception_with_missing_required_parameters" file="/var/www/html/tests/Unit/Server/Handlers/BaseHandlerTest.php" line="107" class="JTD\LaravelMCP\Tests\Unit\Server\Handlers\BaseHandlerTest" classname="JTD.LaravelMCP.Tests.Unit.Server.Handlers.BaseHandlerTest" assertions="2" time="0.006356"/>
        <testcase name="validate_request_uses_custom_error_messages" file="/var/www/html/tests/Unit/Server/Handlers/BaseHandlerTest.php" line="119" class="JTD\LaravelMCP\Tests\Unit\Server\Handlers\BaseHandlerTest" classname="JTD.LaravelMCP.Tests.Unit.Server.Handlers.BaseHandlerTest" assertions="2" time="0.005470"/>
        <testcase name="validate_required_params_throws_protocol_exception_with_missing_parameters" file="/var/www/html/tests/Unit/Server/Handlers/BaseHandlerTest.php" line="156" class="JTD\LaravelMCP\Tests\Unit\Server\Handlers\BaseHandlerTest" classname="JTD.LaravelMCP.Tests.Unit.Server.Handlers.BaseHandlerTest" assertions="3" time="0.004954"/>
        <testcase name="create_success_response_returns_result_without_metadata" file="/var/www/html/tests/Unit/Server/Handlers/BaseHandlerTest.php" line="169" class="JTD\LaravelMCP\Tests\Unit\Server\Handlers\BaseHandlerTest" classname="JTD.LaravelMCP.Tests.Unit.Server.Handlers.BaseHandlerTest" assertions="2" time="0.006232"/>
        <testcase name="create_success_response_adds_metadata_when_requested" file="/var/www/html/tests/Unit/Server/Handlers/BaseHandlerTest.php" line="180" class="JTD\LaravelMCP\Tests\Unit\Server\Handlers\BaseHandlerTest" classname="JTD.LaravelMCP.Tests.Unit.Server.Handlers.BaseHandlerTest" assertions="5" time="0.006617"/>
        <testcase name="create_error_response_returns_proper_structure" file="/var/www/html/tests/Unit/Server/Handlers/BaseHandlerTest.php" line="195" class="JTD\LaravelMCP\Tests\Unit\Server\Handlers\BaseHandlerTest" classname="JTD.LaravelMCP.Tests.Unit.Server.Handlers.BaseHandlerTest" assertions="4" time="0.007401"/>
        <testcase name="create_error_response_includes_data_when_provided" file="/var/www/html/tests/Unit/Server/Handlers/BaseHandlerTest.php" line="209" class="JTD\LaravelMCP\Tests\Unit\Server\Handlers\BaseHandlerTest" classname="JTD.LaravelMCP.Tests.Unit.Server.Handlers.BaseHandlerTest" assertions="4" time="0.006164"/>
        <testcase name="handle_exception_converts_generic_exception_to_internal_error" file="/var/www/html/tests/Unit/Server/Handlers/BaseHandlerTest.php" line="293" class="JTD\LaravelMCP\Tests\Unit\Server\Handlers\BaseHandlerTest" classname="JTD.LaravelMCP.Tests.Unit.Server.Handlers.BaseHandlerTest" assertions="4" time="0.006055"/>
        <testcase name="handle_exception_includes_debug_data_when_debug_enabled" file="/var/www/html/tests/Unit/Server/Handlers/BaseHandlerTest.php" line="306" class="JTD\LaravelMCP\Tests\Unit\Server\Handlers\BaseHandlerTest" classname="JTD.LaravelMCP.Tests.Unit.Server.Handlers.BaseHandlerTest" assertions="7" time="0.007336"/>
        <testcase name="logging_methods_use_handler_name_prefix" file="/var/www/html/tests/Unit/Server/Handlers/BaseHandlerTest.php" line="373" class="JTD\LaravelMCP\Tests\Unit\Server\Handlers\BaseHandlerTest" classname="JTD.LaravelMCP.Tests.Unit.Server.Handlers.BaseHandlerTest" assertions="4" time="0.005591"/>
        <testcase name="debug_logging_works_when_debug_enabled" file="/var/www/html/tests/Unit/Server/Handlers/BaseHandlerTest.php" line="398" class="JTD\LaravelMCP\Tests\Unit\Server\Handlers\BaseHandlerTest" classname="JTD.LaravelMCP.Tests.Unit.Server.Handlers.BaseHandlerTest" assertions="1" time="0.005498"/>
        <testcase name="constructor_logs_initialization_when_debug_enabled" file="/var/www/html/tests/Unit/Server/Handlers/BaseHandlerTest.php" line="411" class="JTD\LaravelMCP\Tests\Unit\Server\Handlers\BaseHandlerTest" classname="JTD.LaravelMCP.Tests.Unit.Server.Handlers.BaseHandlerTest" assertions="1" time="0.007758"/>
      </testsuite>
      <testsuite name="JTD\LaravelMCP\Tests\Unit\Server\Handlers\ResourceHandlerTest" file="/var/www/html/tests/Unit/Server/Handlers/ResourceHandlerTest.php" tests="37" assertions="95" errors="0" failures="0" skipped="0" time="0.239626">
        <testcase name="handle_resources_read_handles_array_content" file="/var/www/html/tests/Unit/Server/Handlers/ResourceHandlerTest.php" line="427" class="JTD\LaravelMCP\Tests\Unit\Server\Handlers\ResourceHandlerTest" classname="JTD.LaravelMCP.Tests.Unit.Server.Handlers.ResourceHandlerTest" assertions="5" time="0.007195"/>
        <testcase name="handle_resources_read_handles_pre_formatted_content" file="/var/www/html/tests/Unit/Server/Handlers/ResourceHandlerTest.php" line="452" class="JTD\LaravelMCP\Tests\Unit\Server\Handlers\ResourceHandlerTest" classname="JTD.LaravelMCP.Tests.Unit.Server.Handlers.ResourceHandlerTest" assertions="4" time="0.005357"/>
        <testcase name="handle_throws_protocol_exception_for_unsupported_method" file="/var/www/html/tests/Unit/Server/Handlers/ResourceHandlerTest.php" line="82" class="JTD\LaravelMCP\Tests\Unit\Server\Handlers\ResourceHandlerTest" classname="JTD.LaravelMCP.Tests.Unit.Server.Handlers.ResourceHandlerTest" assertions="3" time="0.004939"/>
        <testcase name="handle_resources_list_returns_resource_definitions" file="/var/www/html/tests/Unit/Server/Handlers/ResourceHandlerTest.php" line="108" class="JTD\LaravelMCP\Tests\Unit\Server\Handlers\ResourceHandlerTest" classname="JTD.LaravelMCP.Tests.Unit.Server.Handlers.ResourceHandlerTest" assertions="7" time="0.004983"/>
        <testcase name="handle_resources_list_handles_resource_definition_failures_gracefully" file="/var/www/html/tests/Unit/Server/Handlers/ResourceHandlerTest.php" line="135" class="JTD\LaravelMCP\Tests\Unit\Server\Handlers\ResourceHandlerTest" classname="JTD.LaravelMCP.Tests.Unit.Server.Handlers.ResourceHandlerTest" assertions="10" time="0.004791"/>
        <testcase name="handle_resources_list_validates_cursor_parameter" file="/var/www/html/tests/Unit/Server/Handlers/ResourceHandlerTest.php" line="178" class="JTD\LaravelMCP\Tests\Unit\Server\Handlers\ResourceHandlerTest" classname="JTD.LaravelMCP.Tests.Unit.Server.Handlers.ResourceHandlerTest" assertions="2" time="0.006833"/>
        <testcase name="handle_resources_read_validates_required_parameters" file="/var/www/html/tests/Unit/Server/Handlers/ResourceHandlerTest.php" line="238" class="JTD\LaravelMCP\Tests\Unit\Server\Handlers\ResourceHandlerTest" classname="JTD.LaravelMCP.Tests.Unit.Server.Handlers.ResourceHandlerTest" assertions="2" time="0.006801"/>
        <testcase name="handle_resources_read_validates_parameter_types" file="/var/www/html/tests/Unit/Server/Handlers/ResourceHandlerTest.php" line="247" class="JTD\LaravelMCP\Tests\Unit\Server\Handlers\ResourceHandlerTest" classname="JTD.LaravelMCP.Tests.Unit.Server.Handlers.ResourceHandlerTest" assertions="2" time="0.004938"/>
        <testcase name="handle_resources_read_throws_error_for_non_existent_resource" file="/var/www/html/tests/Unit/Server/Handlers/ResourceHandlerTest.php" line="256" class="JTD\LaravelMCP\Tests\Unit\Server\Handlers\ResourceHandlerTest" classname="JTD.LaravelMCP.Tests.Unit.Server.Handlers.ResourceHandlerTest" assertions="3" time="0.007774"/>
        <testcase name="handle_resources_read_reads_resource_with_read_method" file="/var/www/html/tests/Unit/Server/Handlers/ResourceHandlerTest.php" line="271" class="JTD\LaravelMCP\Tests\Unit\Server\Handlers\ResourceHandlerTest" classname="JTD.LaravelMCP.Tests.Unit.Server.Handlers.ResourceHandlerTest" assertions="3" time="0.007488"/>
        <testcase name="handle_resources_read_reads_resource_with_get_content_method" file="/var/www/html/tests/Unit/Server/Handlers/ResourceHandlerTest.php" line="301" class="JTD\LaravelMCP\Tests\Unit\Server\Handlers\ResourceHandlerTest" classname="JTD.LaravelMCP.Tests.Unit.Server.Handlers.ResourceHandlerTest" assertions="3" time="0.006111"/>
        <testcase name="handle_resources_read_reads_resource_with_invoke_method" file="/var/www/html/tests/Unit/Server/Handlers/ResourceHandlerTest.php" line="328" class="JTD\LaravelMCP\Tests\Unit\Server\Handlers\ResourceHandlerTest" classname="JTD.LaravelMCP.Tests.Unit.Server.Handlers.ResourceHandlerTest" assertions="3" time="0.006508"/>
        <testcase name="handle_resources_read_throws_error_for_non_readable_resource" file="/var/www/html/tests/Unit/Server/Handlers/ResourceHandlerTest.php" line="400" class="JTD\LaravelMCP\Tests\Unit\Server\Handlers\ResourceHandlerTest" classname="JTD.LaravelMCP.Tests.Unit.Server.Handlers.ResourceHandlerTest" assertions="3" time="0.006549"/>
        <testcase name="handle_resources_read_handles_execution_failures" file="/var/www/html/tests/Unit/Server/Handlers/ResourceHandlerTest.php" line="479" class="JTD\LaravelMCP\Tests\Unit\Server\Handlers\ResourceHandlerTest" classname="JTD.LaravelMCP.Tests.Unit.Server.Handlers.ResourceHandlerTest" assertions="3" time="0.005566"/>
        <testsuite name="JTD\LaravelMCP\Tests\Unit\Server\Handlers\ResourceHandlerTest::get_resource_uri_handles_different_uri_methods" tests="4" assertions="4" errors="0" failures="0" skipped="0" time="0.026025">
          <testcase name="get_resource_uri_handles_different_uri_methods with data set &quot;getUri method&quot;" file="/var/www/html/tests/Unit/Server/Handlers/ResourceHandlerTest.php" line="503" class="JTD\LaravelMCP\Tests\Unit\Server\Handlers\ResourceHandlerTest" classname="JTD.LaravelMCP.Tests.Unit.Server.Handlers.ResourceHandlerTest" assertions="1" time="0.007144"/>
          <testcase name="get_resource_uri_handles_different_uri_methods with data set &quot;uri method&quot;" file="/var/www/html/tests/Unit/Server/Handlers/ResourceHandlerTest.php" line="503" class="JTD\LaravelMCP\Tests\Unit\Server\Handlers\ResourceHandlerTest" classname="JTD.LaravelMCP.Tests.Unit.Server.Handlers.ResourceHandlerTest" assertions="1" time="0.006874"/>
          <testcase name="get_resource_uri_handles_different_uri_methods with data set &quot;uri property&quot;" file="/var/www/html/tests/Unit/Server/Handlers/ResourceHandlerTest.php" line="503" class="JTD\LaravelMCP\Tests\Unit\Server\Handlers\ResourceHandlerTest" classname="JTD.LaravelMCP.Tests.Unit.Server.Handlers.ResourceHandlerTest" assertions="1" time="0.006439"/>
          <testcase name="get_resource_uri_handles_different_uri_methods with data set &quot;no uri (default)&quot;" file="/var/www/html/tests/Unit/Server/Handlers/ResourceHandlerTest.php" line="503" class="JTD\LaravelMCP\Tests\Unit\Server\Handlers\ResourceHandlerTest" classname="JTD.LaravelMCP.Tests.Unit.Server.Handlers.ResourceHandlerTest" assertions="1" time="0.005569"/>
        </testsuite>
        <testsuite name="JTD\LaravelMCP\Tests\Unit\Server\Handlers\ResourceHandlerTest::get_resource_description_handles_different_description_methods" tests="4" assertions="4" errors="0" failures="0" skipped="0" time="0.024831">
          <testcase name="get_resource_description_handles_different_description_methods with data set &quot;getDescription method&quot;" file="/var/www/html/tests/Unit/Server/Handlers/ResourceHandlerTest.php" line="564" class="JTD\LaravelMCP\Tests\Unit\Server\Handlers\ResourceHandlerTest" classname="JTD.LaravelMCP.Tests.Unit.Server.Handlers.ResourceHandlerTest" assertions="1" time="0.005481"/>
          <testcase name="get_resource_description_handles_different_description_methods with data set &quot;description method&quot;" file="/var/www/html/tests/Unit/Server/Handlers/ResourceHandlerTest.php" line="564" class="JTD\LaravelMCP\Tests\Unit\Server\Handlers\ResourceHandlerTest" classname="JTD.LaravelMCP.Tests.Unit.Server.Handlers.ResourceHandlerTest" assertions="1" time="0.006088"/>
          <testcase name="get_resource_description_handles_different_description_methods with data set &quot;description property&quot;" file="/var/www/html/tests/Unit/Server/Handlers/ResourceHandlerTest.php" line="564" class="JTD\LaravelMCP\Tests\Unit\Server\Handlers\ResourceHandlerTest" classname="JTD.LaravelMCP.Tests.Unit.Server.Handlers.ResourceHandlerTest" assertions="1" time="0.005773"/>
          <testcase name="get_resource_description_handles_different_description_methods with data set &quot;no description&quot;" file="/var/www/html/tests/Unit/Server/Handlers/ResourceHandlerTest.php" line="564" class="JTD\LaravelMCP\Tests\Unit\Server\Handlers\ResourceHandlerTest" classname="JTD.LaravelMCP.Tests.Unit.Server.Handlers.ResourceHandlerTest" assertions="1" time="0.007490"/>
        </testsuite>
        <testsuite name="JTD\LaravelMCP\Tests\Unit\Server\Handlers\ResourceHandlerTest::get_resource_mime_type_handles_different_mime_type_methods" tests="4" assertions="4" errors="0" failures="0" skipped="0" time="0.027738">
          <testcase name="get_resource_mime_type_handles_different_mime_type_methods with data set &quot;getMimeType method&quot;" file="/var/www/html/tests/Unit/Server/Handlers/ResourceHandlerTest.php" line="624" class="JTD\LaravelMCP\Tests\Unit\Server\Handlers\ResourceHandlerTest" classname="JTD.LaravelMCP.Tests.Unit.Server.Handlers.ResourceHandlerTest" assertions="1" time="0.008667"/>
          <testcase name="get_resource_mime_type_handles_different_mime_type_methods with data set &quot;mimeType method&quot;" file="/var/www/html/tests/Unit/Server/Handlers/ResourceHandlerTest.php" line="624" class="JTD\LaravelMCP\Tests\Unit\Server\Handlers\ResourceHandlerTest" classname="JTD.LaravelMCP.Tests.Unit.Server.Handlers.ResourceHandlerTest" assertions="1" time="0.007791"/>
          <testcase name="get_resource_mime_type_handles_different_mime_type_methods with data set &quot;mimeType property&quot;" file="/var/www/html/tests/Unit/Server/Handlers/ResourceHandlerTest.php" line="624" class="JTD\LaravelMCP\Tests\Unit\Server\Handlers\ResourceHandlerTest" classname="JTD.LaravelMCP.Tests.Unit.Server.Handlers.ResourceHandlerTest" assertions="1" time="0.005148"/>
          <testcase name="get_resource_mime_type_handles_different_mime_type_methods with data set &quot;no mime type (default)&quot;" file="/var/www/html/tests/Unit/Server/Handlers/ResourceHandlerTest.php" line="624" class="JTD\LaravelMCP\Tests\Unit\Server\Handlers\ResourceHandlerTest" classname="JTD.LaravelMCP.Tests.Unit.Server.Handlers.ResourceHandlerTest" assertions="1" time="0.006132"/>
        </testsuite>
        <testsuite name="JTD\LaravelMCP\Tests\Unit\Server\Handlers\ResourceHandlerTest::get_resource_metadata_handles_different_metadata_methods" tests="3" assertions="10" errors="0" failures="0" skipped="0" time="0.018054">
          <testcase name="get_resource_metadata_handles_different_metadata_methods with data set &quot;getMetadata method&quot;" file="/var/www/html/tests/Unit/Server/Handlers/ResourceHandlerTest.php" line="683" class="JTD\LaravelMCP\Tests\Unit\Server\Handlers\ResourceHandlerTest" classname="JTD.LaravelMCP.Tests.Unit.Server.Handlers.ResourceHandlerTest" assertions="4" time="0.006534"/>
          <testcase name="get_resource_metadata_handles_different_metadata_methods with data set &quot;metadata property&quot;" file="/var/www/html/tests/Unit/Server/Handlers/ResourceHandlerTest.php" line="683" class="JTD\LaravelMCP\Tests\Unit\Server\Handlers\ResourceHandlerTest" classname="JTD.LaravelMCP.Tests.Unit.Server.Handlers.ResourceHandlerTest" assertions="4" time="0.005288"/>
          <testcase name="get_resource_metadata_handles_different_metadata_methods with data set &quot;no metadata&quot;" file="/var/www/html/tests/Unit/Server/Handlers/ResourceHandlerTest.php" line="683" class="JTD\LaravelMCP\Tests\Unit\Server\Handlers\ResourceHandlerTest" classname="JTD.LaravelMCP.Tests.Unit.Server.Handlers.ResourceHandlerTest" assertions="2" time="0.006231"/>
        </testsuite>
        <testcase name="constructor_sets_dependencies_and_handler_name" file="/var/www/html/tests/Unit/Server/Handlers/ResourceHandlerTest.php" line="51" class="JTD\LaravelMCP\Tests\Unit\Server\Handlers\ResourceHandlerTest" classname="JTD.LaravelMCP.Tests.Unit.Server.Handlers.ResourceHandlerTest" assertions="2" time="0.005181"/>
        <testcase name="get_supported_methods_returns_resource_methods" file="/var/www/html/tests/Unit/Server/Handlers/ResourceHandlerTest.php" line="60" class="JTD\LaravelMCP\Tests\Unit\Server\Handlers\ResourceHandlerTest" classname="JTD.LaravelMCP.Tests.Unit.Server.Handlers.ResourceHandlerTest" assertions="1" time="0.007664"/>
        <testcase name="supports_method_returns_true_for_supported_methods" file="/var/www/html/tests/Unit/Server/Handlers/ResourceHandlerTest.php" line="68" class="JTD\LaravelMCP\Tests\Unit\Server\Handlers\ResourceHandlerTest" classname="JTD.LaravelMCP.Tests.Unit.Server.Handlers.ResourceHandlerTest" assertions="2" time="0.009023"/>
        <testcase name="supports_method_returns_false_for_unsupported_methods" file="/var/www/html/tests/Unit/Server/Handlers/ResourceHandlerTest.php" line="75" class="JTD\LaravelMCP\Tests\Unit\Server\Handlers\ResourceHandlerTest" classname="JTD.LaravelMCP.Tests.Unit.Server.Handlers.ResourceHandlerTest" assertions="2" time="0.006886"/>
        <testcase name="handle_resources_list_returns_empty_resources_array_when_no_resources" file="/var/www/html/tests/Unit/Server/Handlers/ResourceHandlerTest.php" line="92" class="JTD\LaravelMCP\Tests\Unit\Server\Handlers\ResourceHandlerTest" classname="JTD.LaravelMCP.Tests.Unit.Server.Handlers.ResourceHandlerTest" assertions="4" time="0.005392"/>
        <testcase name="handle_resources_list_applies_cursor_pagination" file="/var/www/html/tests/Unit/Server/Handlers/ResourceHandlerTest.php" line="187" class="JTD\LaravelMCP\Tests\Unit\Server\Handlers\ResourceHandlerTest" classname="JTD.LaravelMCP.Tests.Unit.Server.Handlers.ResourceHandlerTest" assertions="3" time="0.006310"/>
        <testcase name="handle_resources_read_reads_callable_resource" file="/var/www/html/tests/Unit/Server/Handlers/ResourceHandlerTest.php" line="358" class="JTD\LaravelMCP\Tests\Unit\Server\Handlers\ResourceHandlerTest" classname="JTD.LaravelMCP.Tests.Unit.Server.Handlers.ResourceHandlerTest" assertions="2" time="0.006310"/>
        <testcase name="handle_resources_list_includes_next_cursor_when_more_resources_available" file="/var/www/html/tests/Unit/Server/Handlers/ResourceHandlerTest.php" line="213" class="JTD\LaravelMCP\Tests\Unit\Server\Handlers\ResourceHandlerTest" classname="JTD.LaravelMCP.Tests.Unit.Server.Handlers.ResourceHandlerTest" assertions="4" time="0.010378"/>
      </testsuite>
      <testsuite name="JTD\LaravelMCP\Tests\Unit\Server\Handlers\ToolHandlerTest" file="/var/www/html/tests/Unit/Server/Handlers/ToolHandlerTest.php" tests="35" assertions="76" errors="0" failures="0" skipped="0" time="0.240023">
        <testcase name="handle_tools_call_throws_error_for_non_executable_tool" file="/var/www/html/tests/Unit/Server/Handlers/ToolHandlerTest.php" line="367" class="JTD\LaravelMCP\Tests\Unit\Server\Handlers\ToolHandlerTest" classname="JTD.LaravelMCP.Tests.Unit.Server.Handlers.ToolHandlerTest" assertions="2" time="0.005179"/>
        <testcase name="handle_throws_protocol_exception_for_unsupported_method" file="/var/www/html/tests/Unit/Server/Handlers/ToolHandlerTest.php" line="82" class="JTD\LaravelMCP\Tests\Unit\Server\Handlers\ToolHandlerTest" classname="JTD.LaravelMCP.Tests.Unit.Server.Handlers.ToolHandlerTest" assertions="3" time="0.006759"/>
        <testcase name="handle_tools_list_returns_tool_definitions" file="/var/www/html/tests/Unit/Server/Handlers/ToolHandlerTest.php" line="108" class="JTD\LaravelMCP\Tests\Unit\Server\Handlers\ToolHandlerTest" classname="JTD.LaravelMCP.Tests.Unit.Server.Handlers.ToolHandlerTest" assertions="5" time="0.007515"/>
        <testcase name="handle_tools_list_handles_tool_definition_failures_gracefully" file="/var/www/html/tests/Unit/Server/Handlers/ToolHandlerTest.php" line="137" class="JTD\LaravelMCP\Tests\Unit\Server\Handlers\ToolHandlerTest" classname="JTD.LaravelMCP.Tests.Unit.Server.Handlers.ToolHandlerTest" assertions="8" time="0.008496"/>
        <testcase name="handle_tools_list_validates_cursor_parameter" file="/var/www/html/tests/Unit/Server/Handlers/ToolHandlerTest.php" line="176" class="JTD\LaravelMCP\Tests\Unit\Server\Handlers\ToolHandlerTest" classname="JTD.LaravelMCP.Tests.Unit.Server.Handlers.ToolHandlerTest" assertions="2" time="0.005526"/>
        <testcase name="handle_tools_call_validates_required_parameters" file="/var/www/html/tests/Unit/Server/Handlers/ToolHandlerTest.php" line="236" class="JTD\LaravelMCP\Tests\Unit\Server\Handlers\ToolHandlerTest" classname="JTD.LaravelMCP.Tests.Unit.Server.Handlers.ToolHandlerTest" assertions="2" time="0.006270"/>
        <testcase name="handle_tools_call_validates_parameter_types" file="/var/www/html/tests/Unit/Server/Handlers/ToolHandlerTest.php" line="245" class="JTD\LaravelMCP\Tests\Unit\Server\Handlers\ToolHandlerTest" classname="JTD.LaravelMCP.Tests.Unit.Server.Handlers.ToolHandlerTest" assertions="2" time="0.005603"/>
        <testcase name="handle_tools_call_throws_error_for_non_existent_tool" file="/var/www/html/tests/Unit/Server/Handlers/ToolHandlerTest.php" line="254" class="JTD\LaravelMCP\Tests\Unit\Server\Handlers\ToolHandlerTest" classname="JTD.LaravelMCP.Tests.Unit.Server.Handlers.ToolHandlerTest" assertions="3" time="0.006329"/>
        <testcase name="handle_tools_call_executes_tool_with_execute_method" file="/var/www/html/tests/Unit/Server/Handlers/ToolHandlerTest.php" line="270" class="JTD\LaravelMCP\Tests\Unit\Server\Handlers\ToolHandlerTest" classname="JTD.LaravelMCP.Tests.Unit.Server.Handlers.ToolHandlerTest" assertions="6" time="0.005784"/>
        <testcase name="handle_tools_call_executes_tool_with_invoke_method" file="/var/www/html/tests/Unit/Server/Handlers/ToolHandlerTest.php" line="304" class="JTD\LaravelMCP\Tests\Unit\Server\Handlers\ToolHandlerTest" classname="JTD.LaravelMCP.Tests.Unit.Server.Handlers.ToolHandlerTest" assertions="3" time="0.008561"/>
        <testcase name="handle_tools_call_executes_callable_tool" file="/var/www/html/tests/Unit/Server/Handlers/ToolHandlerTest.php" line="339" class="JTD\LaravelMCP\Tests\Unit\Server\Handlers\ToolHandlerTest" classname="JTD.LaravelMCP.Tests.Unit.Server.Handlers.ToolHandlerTest" assertions="2" time="0.006487"/>
        <testcase name="handle_tools_call_validates_arguments_if_tool_supports_it" file="/var/www/html/tests/Unit/Server/Handlers/ToolHandlerTest.php" line="393" class="JTD\LaravelMCP\Tests\Unit\Server\Handlers\ToolHandlerTest" classname="JTD.LaravelMCP.Tests.Unit.Server.Handlers.ToolHandlerTest" assertions="3" time="0.005454"/>
        <testcase name="handle_tools_call_skips_validation_if_tool_does_not_support_it" file="/var/www/html/tests/Unit/Server/Handlers/ToolHandlerTest.php" line="424" class="JTD\LaravelMCP\Tests\Unit\Server\Handlers\ToolHandlerTest" classname="JTD.LaravelMCP.Tests.Unit.Server.Handlers.ToolHandlerTest" assertions="1" time="0.006678"/>
        <testcase name="handle_tools_call_returns_error_response_for_execution_failures" file="/var/www/html/tests/Unit/Server/Handlers/ToolHandlerTest.php" line="453" class="JTD\LaravelMCP\Tests\Unit\Server\Handlers\ToolHandlerTest" classname="JTD.LaravelMCP.Tests.Unit.Server.Handlers.ToolHandlerTest" assertions="2" time="0.005906"/>
        <testcase name="handle_tools_call_uses_default_empty_arguments_when_not_provided" file="/var/www/html/tests/Unit/Server/Handlers/ToolHandlerTest.php" line="481" class="JTD\LaravelMCP\Tests\Unit\Server\Handlers\ToolHandlerTest" classname="JTD.LaravelMCP.Tests.Unit.Server.Handlers.ToolHandlerTest" assertions="1" time="0.005198"/>
        <testsuite name="JTD\LaravelMCP\Tests\Unit\Server\Handlers\ToolHandlerTest::get_tool_description_handles_different_description_methods" tests="4" assertions="4" errors="0" failures="0" skipped="0" time="0.032984">
          <testcase name="get_tool_description_handles_different_description_methods with data set &quot;getDescription method&quot;" file="/var/www/html/tests/Unit/Server/Handlers/ToolHandlerTest.php" line="511" class="JTD\LaravelMCP\Tests\Unit\Server\Handlers\ToolHandlerTest" classname="JTD.LaravelMCP.Tests.Unit.Server.Handlers.ToolHandlerTest" assertions="1" time="0.007486"/>
          <testcase name="get_tool_description_handles_different_description_methods with data set &quot;description method&quot;" file="/var/www/html/tests/Unit/Server/Handlers/ToolHandlerTest.php" line="511" class="JTD\LaravelMCP\Tests\Unit\Server\Handlers\ToolHandlerTest" classname="JTD.LaravelMCP.Tests.Unit.Server.Handlers.ToolHandlerTest" assertions="1" time="0.008697"/>
          <testcase name="get_tool_description_handles_different_description_methods with data set &quot;description property&quot;" file="/var/www/html/tests/Unit/Server/Handlers/ToolHandlerTest.php" line="511" class="JTD\LaravelMCP\Tests\Unit\Server\Handlers\ToolHandlerTest" classname="JTD.LaravelMCP.Tests.Unit.Server.Handlers.ToolHandlerTest" assertions="1" time="0.008291"/>
          <testcase name="get_tool_description_handles_different_description_methods with data set &quot;no description&quot;" file="/var/www/html/tests/Unit/Server/Handlers/ToolHandlerTest.php" line="511" class="JTD\LaravelMCP\Tests\Unit\Server\Handlers\ToolHandlerTest" classname="JTD.LaravelMCP.Tests.Unit.Server.Handlers.ToolHandlerTest" assertions="1" time="0.008510"/>
        </testsuite>
        <testsuite name="JTD\LaravelMCP\Tests\Unit\Server\Handlers\ToolHandlerTest::get_tool_input_schema_handles_different_schema_methods" tests="4" assertions="4" errors="0" failures="0" skipped="0" time="0.024680">
          <testcase name="get_tool_input_schema_handles_different_schema_methods with data set &quot;getInputSchema method&quot;" file="/var/www/html/tests/Unit/Server/Handlers/ToolHandlerTest.php" line="557" class="JTD\LaravelMCP\Tests\Unit\Server\Handlers\ToolHandlerTest" classname="JTD.LaravelMCP.Tests.Unit.Server.Handlers.ToolHandlerTest" assertions="1" time="0.006928"/>
          <testcase name="get_tool_input_schema_handles_different_schema_methods with data set &quot;inputSchema method&quot;" file="/var/www/html/tests/Unit/Server/Handlers/ToolHandlerTest.php" line="557" class="JTD\LaravelMCP\Tests\Unit\Server\Handlers\ToolHandlerTest" classname="JTD.LaravelMCP.Tests.Unit.Server.Handlers.ToolHandlerTest" assertions="1" time="0.005498"/>
          <testcase name="get_tool_input_schema_handles_different_schema_methods with data set &quot;inputSchema property&quot;" file="/var/www/html/tests/Unit/Server/Handlers/ToolHandlerTest.php" line="557" class="JTD\LaravelMCP\Tests\Unit\Server\Handlers\ToolHandlerTest" classname="JTD.LaravelMCP.Tests.Unit.Server.Handlers.ToolHandlerTest" assertions="1" time="0.006189"/>
          <testcase name="get_tool_input_schema_handles_different_schema_methods with data set &quot;no input schema&quot;" file="/var/www/html/tests/Unit/Server/Handlers/ToolHandlerTest.php" line="557" class="JTD\LaravelMCP\Tests\Unit\Server\Handlers\ToolHandlerTest" classname="JTD.LaravelMCP.Tests.Unit.Server.Handlers.ToolHandlerTest" assertions="1" time="0.006065"/>
        </testsuite>
        <testsuite name="JTD\LaravelMCP\Tests\Unit\Server\Handlers\ToolHandlerTest::get_content_type_determines_correct_type" tests="5" assertions="5" errors="0" failures="0" skipped="0" time="0.032902">
          <testcase name="get_content_type_determines_correct_type with data set &quot;string content&quot;" file="/var/www/html/tests/Unit/Server/Handlers/ToolHandlerTest.php" line="620" class="JTD\LaravelMCP\Tests\Unit\Server\Handlers\ToolHandlerTest" classname="JTD.LaravelMCP.Tests.Unit.Server.Handlers.ToolHandlerTest" assertions="1" time="0.006152"/>
          <testcase name="get_content_type_determines_correct_type with data set &quot;array content&quot;" file="/var/www/html/tests/Unit/Server/Handlers/ToolHandlerTest.php" line="620" class="JTD\LaravelMCP\Tests\Unit\Server\Handlers\ToolHandlerTest" classname="JTD.LaravelMCP.Tests.Unit.Server.Handlers.ToolHandlerTest" assertions="1" time="0.005975"/>
          <testcase name="get_content_type_determines_correct_type with data set &quot;object content&quot;" file="/var/www/html/tests/Unit/Server/Handlers/ToolHandlerTest.php" line="620" class="JTD\LaravelMCP\Tests\Unit\Server\Handlers\ToolHandlerTest" classname="JTD.LaravelMCP.Tests.Unit.Server.Handlers.ToolHandlerTest" assertions="1" time="0.005376"/>
          <testcase name="get_content_type_determines_correct_type with data set &quot;number content&quot;" file="/var/www/html/tests/Unit/Server/Handlers/ToolHandlerTest.php" line="620" class="JTD\LaravelMCP\Tests\Unit\Server\Handlers\ToolHandlerTest" classname="JTD.LaravelMCP.Tests.Unit.Server.Handlers.ToolHandlerTest" assertions="1" time="0.007522"/>
          <testcase name="get_content_type_determines_correct_type with data set &quot;boolean content&quot;" file="/var/www/html/tests/Unit/Server/Handlers/ToolHandlerTest.php" line="620" class="JTD\LaravelMCP\Tests\Unit\Server\Handlers\ToolHandlerTest" classname="JTD.LaravelMCP.Tests.Unit.Server.Handlers.ToolHandlerTest" assertions="1" time="0.007877"/>
        </testsuite>
        <testcase name="get_supported_methods_returns_tool_methods" file="/var/www/html/tests/Unit/Server/Handlers/ToolHandlerTest.php" line="60" class="JTD\LaravelMCP\Tests\Unit\Server\Handlers\ToolHandlerTest" classname="JTD.LaravelMCP.Tests.Unit.Server.Handlers.ToolHandlerTest" assertions="1" time="0.009079"/>
        <testcase name="supports_method_returns_false_for_unsupported_methods" file="/var/www/html/tests/Unit/Server/Handlers/ToolHandlerTest.php" line="75" class="JTD\LaravelMCP\Tests\Unit\Server\Handlers\ToolHandlerTest" classname="JTD.LaravelMCP.Tests.Unit.Server.Handlers.ToolHandlerTest" assertions="2" time="0.008092"/>
        <testcase name="constructor_sets_dependencies_and_handler_name" file="/var/www/html/tests/Unit/Server/Handlers/ToolHandlerTest.php" line="51" class="JTD\LaravelMCP\Tests\Unit\Server\Handlers\ToolHandlerTest" classname="JTD.LaravelMCP.Tests.Unit.Server.Handlers.ToolHandlerTest" assertions="2" time="0.006013"/>
        <testcase name="supports_method_returns_true_for_supported_methods" file="/var/www/html/tests/Unit/Server/Handlers/ToolHandlerTest.php" line="68" class="JTD\LaravelMCP\Tests\Unit\Server\Handlers\ToolHandlerTest" classname="JTD.LaravelMCP.Tests.Unit.Server.Handlers.ToolHandlerTest" assertions="2" time="0.007434"/>
        <testcase name="handle_tools_list_returns_empty_tools_array_when_no_tools" file="/var/www/html/tests/Unit/Server/Handlers/ToolHandlerTest.php" line="92" class="JTD\LaravelMCP\Tests\Unit\Server\Handlers\ToolHandlerTest" classname="JTD.LaravelMCP.Tests.Unit.Server.Handlers.ToolHandlerTest" assertions="4" time="0.006250"/>
        <testcase name="handle_tools_list_applies_cursor_pagination" file="/var/www/html/tests/Unit/Server/Handlers/ToolHandlerTest.php" line="185" class="JTD\LaravelMCP\Tests\Unit\Server\Handlers\ToolHandlerTest" classname="JTD.LaravelMCP.Tests.Unit.Server.Handlers.ToolHandlerTest" assertions="3" time="0.007033"/>
        <testcase name="handle_tools_list_includes_next_cursor_when_more_tools_available" file="/var/www/html/tests/Unit/Server/Handlers/ToolHandlerTest.php" line="211" class="JTD\LaravelMCP\Tests\Unit\Server\Handlers\ToolHandlerTest" classname="JTD.LaravelMCP.Tests.Unit.Server.Handlers.ToolHandlerTest" assertions="4" time="0.009810"/>
      </testsuite>
      <testsuite name="JTD\LaravelMCP\Tests\Unit\Server\McpServerTest" file="/var/www/html/tests/Unit/Server/McpServerTest.php" tests="27" assertions="65" errors="0" failures="0" skipped="0" time="1.198626">
        <testcase name="test_can_initialize_server" file="/var/www/html/tests/Unit/Server/McpServerTest.php" line="86" class="JTD\LaravelMCP\Tests\Unit\Server\McpServerTest" classname="JTD.LaravelMCP.Tests.Unit.Server.McpServerTest" assertions="5" time="0.018391"/>
        <testcase name="test_cannot_initialize_server_twice" file="/var/www/html/tests/Unit/Server/McpServerTest.php" line="129" class="JTD\LaravelMCP\Tests\Unit\Server\McpServerTest" classname="JTD.LaravelMCP.Tests.Unit.Server.McpServerTest" assertions="1" time="0.006588"/>
        <testcase name="test_can_start_server_after_initialization" file="/var/www/html/tests/Unit/Server/McpServerTest.php" line="152" class="JTD\LaravelMCP\Tests\Unit\Server\McpServerTest" classname="JTD.LaravelMCP.Tests.Unit.Server.McpServerTest" assertions="1" time="0.005453"/>
        <testcase name="test_start_is_idempotent" file="/var/www/html/tests/Unit/Server/McpServerTest.php" line="178" class="JTD\LaravelMCP\Tests\Unit\Server\McpServerTest" classname="JTD.LaravelMCP.Tests.Unit.Server.McpServerTest" assertions="1" time="0.006055"/>
        <testcase name="test_can_stop_running_server" file="/var/www/html/tests/Unit/Server/McpServerTest.php" line="193" class="JTD\LaravelMCP\Tests\Unit\Server\McpServerTest" classname="JTD.LaravelMCP.Tests.Unit.Server.McpServerTest" assertions="1" time="0.005189"/>
        <testcase name="test_stop_is_idempotent" file="/var/www/html/tests/Unit/Server/McpServerTest.php" line="206" class="JTD\LaravelMCP\Tests\Unit\Server\McpServerTest" classname="JTD.LaravelMCP.Tests.Unit.Server.McpServerTest" assertions="1" time="0.005528"/>
        <testcase name="test_can_get_server_status" file="/var/www/html/tests/Unit/Server/McpServerTest.php" line="233" class="JTD\LaravelMCP\Tests\Unit\Server\McpServerTest" classname="JTD.LaravelMCP.Tests.Unit.Server.McpServerTest" assertions="8" time="0.006830"/>
        <testcase name="test_can_shutdown_gracefully" file="/var/www/html/tests/Unit/Server/McpServerTest.php" line="401" class="JTD\LaravelMCP\Tests\Unit\Server\McpServerTest" classname="JTD.LaravelMCP.Tests.Unit.Server.McpServerTest" assertions="1" time="0.007903"/>
        <testcase name="test_can_increment_request_count" file="/var/www/html/tests/Unit/Server/McpServerTest.php" line="414" class="JTD\LaravelMCP\Tests\Unit\Server\McpServerTest" classname="JTD.LaravelMCP.Tests.Unit.Server.McpServerTest" assertions="1" time="0.007349"/>
        <testcase name="test_can_increment_error_count" file="/var/www/html/tests/Unit/Server/McpServerTest.php" line="424" class="JTD\LaravelMCP\Tests\Unit\Server\McpServerTest" classname="JTD.LaravelMCP.Tests.Unit.Server.McpServerTest" assertions="1" time="0.005964"/>
        <testcase name="test_handles_start_errors" file="/var/www/html/tests/Unit/Server/McpServerTest.php" line="467" class="JTD\LaravelMCP\Tests\Unit\Server\McpServerTest" classname="JTD.LaravelMCP.Tests.Unit.Server.McpServerTest" assertions="2" time="0.005995"/>
        <testcase name="test_handles_stop_errors" file="/var/www/html/tests/Unit/Server/McpServerTest.php" line="481" class="JTD\LaravelMCP\Tests\Unit\Server\McpServerTest" classname="JTD.LaravelMCP.Tests.Unit.Server.McpServerTest" assertions="2" time="0.007298"/>
        <testcase name="test_can_restart_server" file="/var/www/html/tests/Unit/Server/McpServerTest.php" line="220" class="JTD\LaravelMCP\Tests\Unit\Server\McpServerTest" classname="JTD.LaravelMCP.Tests.Unit.Server.McpServerTest" assertions="1" time="1.007341"/>
        <testcase name="test_implements_server_interface" file="/var/www/html/tests/Unit/Server/McpServerTest.php" line="70" class="JTD\LaravelMCP\Tests\Unit\Server\McpServerTest" classname="JTD.LaravelMCP.Tests.Unit.Server.McpServerTest" assertions="1" time="0.006435"/>
        <testcase name="test_can_create_server_instance" file="/var/www/html/tests/Unit/Server/McpServerTest.php" line="75" class="JTD\LaravelMCP\Tests\Unit\Server\McpServerTest" classname="JTD.LaravelMCP.Tests.Unit.Server.McpServerTest" assertions="1" time="0.006034"/>
        <testcase name="test_server_starts_uninitialized_and_not_running" file="/var/www/html/tests/Unit/Server/McpServerTest.php" line="80" class="JTD\LaravelMCP\Tests\Unit\Server\McpServerTest" classname="JTD.LaravelMCP.Tests.Unit.Server.McpServerTest" assertions="2" time="0.004896"/>
        <testcase name="test_cannot_start_uninitialized_server" file="/var/www/html/tests/Unit/Server/McpServerTest.php" line="170" class="JTD\LaravelMCP\Tests\Unit\Server\McpServerTest" classname="JTD.LaravelMCP.Tests.Unit.Server.McpServerTest" assertions="2" time="0.011562"/>
        <testcase name="test_can_get_server_info" file="/var/www/html/tests/Unit/Server/McpServerTest.php" line="284" class="JTD\LaravelMCP\Tests\Unit\Server\McpServerTest" classname="JTD.LaravelMCP.Tests.Unit.Server.McpServerTest" assertions="1" time="0.009001"/>
        <testcase name="test_can_get_capabilities" file="/var/www/html/tests/Unit/Server/McpServerTest.php" line="301" class="JTD\LaravelMCP\Tests\Unit\Server\McpServerTest" classname="JTD.LaravelMCP.Tests.Unit.Server.McpServerTest" assertions="1" time="0.008143"/>
        <testcase name="test_can_get_uptime" file="/var/www/html/tests/Unit/Server/McpServerTest.php" line="359" class="JTD\LaravelMCP\Tests\Unit\Server\McpServerTest" classname="JTD.LaravelMCP.Tests.Unit.Server.McpServerTest" assertions="1" time="0.006863"/>
        <testcase name="test_can_get_server_health" file="/var/www/html/tests/Unit/Server/McpServerTest.php" line="249" class="JTD\LaravelMCP\Tests\Unit\Server\McpServerTest" classname="JTD.LaravelMCP.Tests.Unit.Server.McpServerTest" assertions="10" time="0.005962"/>
        <testcase name="test_can_set_and_get_configuration" file="/var/www/html/tests/Unit/Server/McpServerTest.php" line="314" class="JTD\LaravelMCP\Tests\Unit\Server\McpServerTest" classname="JTD.LaravelMCP.Tests.Unit.Server.McpServerTest" assertions="2" time="0.006297"/>
        <testcase name="test_can_register_transport" file="/var/www/html/tests/Unit/Server/McpServerTest.php" line="325" class="JTD\LaravelMCP\Tests\Unit\Server\McpServerTest" classname="JTD.LaravelMCP.Tests.Unit.Server.McpServerTest" assertions="1" time="0.005387"/>
        <testcase name="test_can_remove_transport" file="/var/www/html/tests/Unit/Server/McpServerTest.php" line="340" class="JTD\LaravelMCP\Tests\Unit\Server\McpServerTest" classname="JTD.LaravelMCP.Tests.Unit.Server.McpServerTest" assertions="1" time="0.005577"/>
        <testcase name="test_can_get_metrics" file="/var/www/html/tests/Unit/Server/McpServerTest.php" line="372" class="JTD\LaravelMCP\Tests\Unit\Server\McpServerTest" classname="JTD.LaravelMCP.Tests.Unit.Server.McpServerTest" assertions="8" time="0.006075"/>
        <testcase name="test_handles_initialization_errors" file="/var/www/html/tests/Unit/Server/McpServerTest.php" line="455" class="JTD\LaravelMCP\Tests\Unit\Server\McpServerTest" classname="JTD.LaravelMCP.Tests.Unit.Server.McpServerTest" assertions="2" time="0.007808"/>
        <testcase name="test_can_get_diagnostics" file="/var/www/html/tests/Unit/Server/McpServerTest.php" line="434" class="JTD\LaravelMCP\Tests\Unit\Server\McpServerTest" classname="JTD.LaravelMCP.Tests.Unit.Server.McpServerTest" assertions="6" time="0.012702"/>
      </testsuite>
      <testsuite name="JTD\LaravelMCP\Tests\Unit\Server\ServerInfoTest" file="/var/www/html/tests/Unit/Server/ServerInfoTest.php" tests="26" assertions="72" errors="0" failures="0" skipped="0" time="1.153777">
        <testcase name="test_implementation_info_is_correct" file="/var/www/html/tests/Unit/Server/ServerInfoTest.php" line="265" class="JTD\LaravelMCP\Tests\Unit\Server\ServerInfoTest" classname="JTD.LaravelMCP.Tests.Unit.Server.ServerInfoTest" assertions="5" time="0.004787"/>
        <testcase name="test_can_create_server_info_instance" file="/var/www/html/tests/Unit/Server/ServerInfoTest.php" line="20" class="JTD\LaravelMCP\Tests\Unit\Server\ServerInfoTest" classname="JTD.LaravelMCP.Tests.Unit.Server.ServerInfoTest" assertions="1" time="0.004918"/>
        <testcase name="test_can_get_basic_info" file="/var/www/html/tests/Unit/Server/ServerInfoTest.php" line="40" class="JTD\LaravelMCP\Tests\Unit\Server\ServerInfoTest" classname="JTD.LaravelMCP.Tests.Unit.Server.ServerInfoTest" assertions="3" time="0.005076"/>
        <testcase name="test_can_get_protocol_version" file="/var/www/html/tests/Unit/Server/ServerInfoTest.php" line="49" class="JTD\LaravelMCP\Tests\Unit\Server\ServerInfoTest" classname="JTD.LaravelMCP.Tests.Unit.Server.ServerInfoTest" assertions="1" time="0.004545"/>
        <testcase name="test_can_get_uptime" file="/var/www/html/tests/Unit/Server/ServerInfoTest.php" line="56" class="JTD\LaravelMCP\Tests\Unit\Server\ServerInfoTest" classname="JTD.LaravelMCP.Tests.Unit.Server.ServerInfoTest" assertions="3" time="0.005401"/>
        <testcase name="test_can_get_start_time" file="/var/www/html/tests/Unit/Server/ServerInfoTest.php" line="64" class="JTD\LaravelMCP\Tests\Unit\Server\ServerInfoTest" classname="JTD.LaravelMCP.Tests.Unit.Server.ServerInfoTest" assertions="3" time="0.005627"/>
        <testcase name="test_can_get_version" file="/var/www/html/tests/Unit/Server/ServerInfoTest.php" line="80" class="JTD\LaravelMCP\Tests\Unit\Server\ServerInfoTest" classname="JTD.LaravelMCP.Tests.Unit.Server.ServerInfoTest" assertions="2" time="0.006200"/>
        <testcase name="test_can_get_description" file="/var/www/html/tests/Unit/Server/ServerInfoTest.php" line="88" class="JTD\LaravelMCP\Tests\Unit\Server\ServerInfoTest" classname="JTD.LaravelMCP.Tests.Unit.Server.ServerInfoTest" assertions="2" time="0.007167"/>
        <testcase name="test_can_get_vendor" file="/var/www/html/tests/Unit/Server/ServerInfoTest.php" line="96" class="JTD\LaravelMCP\Tests\Unit\Server\ServerInfoTest" classname="JTD.LaravelMCP.Tests.Unit.Server.ServerInfoTest" assertions="2" time="0.004735"/>
        <testcase name="test_can_set_name" file="/var/www/html/tests/Unit/Server/ServerInfoTest.php" line="104" class="JTD\LaravelMCP\Tests\Unit\Server\ServerInfoTest" classname="JTD.LaravelMCP.Tests.Unit.Server.ServerInfoTest" assertions="1" time="0.004957"/>
        <testcase name="test_can_set_version" file="/var/www/html/tests/Unit/Server/ServerInfoTest.php" line="112" class="JTD\LaravelMCP\Tests\Unit\Server\ServerInfoTest" classname="JTD.LaravelMCP.Tests.Unit.Server.ServerInfoTest" assertions="1" time="0.005550"/>
        <testcase name="test_can_set_description" file="/var/www/html/tests/Unit/Server/ServerInfoTest.php" line="120" class="JTD\LaravelMCP\Tests\Unit\Server\ServerInfoTest" classname="JTD.LaravelMCP.Tests.Unit.Server.ServerInfoTest" assertions="1" time="0.006252"/>
        <testcase name="test_can_update_server_info" file="/var/www/html/tests/Unit/Server/ServerInfoTest.php" line="136" class="JTD\LaravelMCP\Tests\Unit\Server\ServerInfoTest" classname="JTD.LaravelMCP.Tests.Unit.Server.ServerInfoTest" assertions="2" time="0.005154"/>
        <testcase name="test_can_update_runtime_info" file="/var/www/html/tests/Unit/Server/ServerInfoTest.php" line="149" class="JTD\LaravelMCP\Tests\Unit\Server\ServerInfoTest" classname="JTD.LaravelMCP.Tests.Unit.Server.ServerInfoTest" assertions="2" time="0.006026"/>
        <testcase name="test_can_get_status" file="/var/www/html/tests/Unit/Server/ServerInfoTest.php" line="162" class="JTD\LaravelMCP\Tests\Unit\Server\ServerInfoTest" classname="JTD.LaravelMCP.Tests.Unit.Server.ServerInfoTest" assertions="7" time="0.005590"/>
        <testcase name="test_can_get_formatted_uptime" file="/var/www/html/tests/Unit/Server/ServerInfoTest.php" line="185" class="JTD\LaravelMCP\Tests\Unit\Server\ServerInfoTest" classname="JTD.LaravelMCP.Tests.Unit.Server.ServerInfoTest" assertions="2" time="0.005186"/>
        <testcase name="test_can_convert_to_json" file="/var/www/html/tests/Unit/Server/ServerInfoTest.php" line="204" class="JTD\LaravelMCP\Tests\Unit\Server\ServerInfoTest" classname="JTD.LaravelMCP.Tests.Unit.Server.ServerInfoTest" assertions="3" time="0.006993"/>
        <testcase name="test_can_convert_to_array" file="/var/www/html/tests/Unit/Server/ServerInfoTest.php" line="215" class="JTD\LaravelMCP\Tests\Unit\Server\ServerInfoTest" classname="JTD.LaravelMCP.Tests.Unit.Server.ServerInfoTest" assertions="3" time="0.005541"/>
        <testcase name="test_respects_configuration" file="/var/www/html/tests/Unit/Server/ServerInfoTest.php" line="224" class="JTD\LaravelMCP\Tests\Unit\Server\ServerInfoTest" classname="JTD.LaravelMCP.Tests.Unit.Server.ServerInfoTest" assertions="4" time="0.005322"/>
        <testcase name="test_runtime_info_contains_required_fields" file="/var/www/html/tests/Unit/Server/ServerInfoTest.php" line="253" class="JTD\LaravelMCP\Tests\Unit\Server\ServerInfoTest" classname="JTD.LaravelMCP.Tests.Unit.Server.ServerInfoTest" assertions="5" time="0.005895"/>
        <testcase name="test_has_default_server_information" file="/var/www/html/tests/Unit/Server/ServerInfoTest.php" line="25" class="JTD\LaravelMCP\Tests\Unit\Server\ServerInfoTest" classname="JTD.LaravelMCP.Tests.Unit.Server.ServerInfoTest" assertions="9" time="0.007591"/>
        <testcase name="test_can_get_name" file="/var/www/html/tests/Unit/Server/ServerInfoTest.php" line="72" class="JTD\LaravelMCP\Tests\Unit\Server\ServerInfoTest" classname="JTD.LaravelMCP.Tests.Unit.Server.ServerInfoTest" assertions="2" time="0.008717"/>
        <testcase name="test_can_set_vendor" file="/var/www/html/tests/Unit/Server/ServerInfoTest.php" line="128" class="JTD\LaravelMCP\Tests\Unit\Server\ServerInfoTest" classname="JTD.LaravelMCP.Tests.Unit.Server.ServerInfoTest" assertions="1" time="0.005964"/>
        <testcase name="test_can_get_detailed_info" file="/var/www/html/tests/Unit/Server/ServerInfoTest.php" line="175" class="JTD\LaravelMCP\Tests\Unit\Server\ServerInfoTest" classname="JTD.LaravelMCP.Tests.Unit.Server.ServerInfoTest" assertions="4" time="0.008806"/>
        <testcase name="test_respects_environment_variables" file="/var/www/html/tests/Unit/Server/ServerInfoTest.php" line="239" class="JTD\LaravelMCP\Tests\Unit\Server\ServerInfoTest" classname="JTD.LaravelMCP.Tests.Unit.Server.ServerInfoTest" assertions="2" time="0.005728"/>
        <testcase name="test_can_reset_start_time" file="/var/www/html/tests/Unit/Server/ServerInfoTest.php" line="193" class="JTD\LaravelMCP\Tests\Unit\Server\ServerInfoTest" classname="JTD.LaravelMCP.Tests.Unit.Server.ServerInfoTest" assertions="1" time="1.006051"/>
      </testsuite>
      <testsuite name="JTD\LaravelMCP\Tests\Feature\DirectoryStructureValidationTest" file="/var/www/html/tests/Feature/DirectoryStructureValidationTest.php" tests="20" assertions="93" errors="0" failures="0" skipped="0" time="0.121111">
        <testcase name="it_has_all_required_source_directories" file="/var/www/html/tests/Feature/DirectoryStructureValidationTest.php" line="31" class="JTD\LaravelMCP\Tests\Feature\DirectoryStructureValidationTest" classname="JTD.LaravelMCP.Tests.Feature.DirectoryStructureValidationTest" assertions="17" time="0.006718"/>
        <testcase name="it_has_all_required_contract_interfaces" file="/var/www/html/tests/Feature/DirectoryStructureValidationTest.php" line="118" class="JTD\LaravelMCP\Tests\Feature\DirectoryStructureValidationTest" classname="JTD.LaravelMCP.Tests.Feature.DirectoryStructureValidationTest" assertions="6" time="0.005355"/>
        <testcase name="it_has_all_required_foundational_traits" file="/var/www/html/tests/Feature/DirectoryStructureValidationTest.php" line="143" class="JTD\LaravelMCP\Tests\Feature\DirectoryStructureValidationTest" classname="JTD.LaravelMCP.Tests.Feature.DirectoryStructureValidationTest" assertions="3" time="0.004575"/>
        <testcase name="it_has_all_required_exception_classes" file="/var/www/html/tests/Feature/DirectoryStructureValidationTest.php" line="165" class="JTD\LaravelMCP\Tests\Feature\DirectoryStructureValidationTest" classname="JTD.LaravelMCP.Tests.Feature.DirectoryStructureValidationTest" assertions="4" time="0.006480"/>
        <testcase name="it_has_the_mcp_facade" file="/var/www/html/tests/Feature/DirectoryStructureValidationTest.php" line="188" class="JTD\LaravelMCP\Tests\Feature\DirectoryStructureValidationTest" classname="JTD.LaravelMCP.Tests.Feature.DirectoryStructureValidationTest" assertions="1" time="0.007443"/>
        <testcase name="it_has_console_utilities" file="/var/www/html/tests/Feature/DirectoryStructureValidationTest.php" line="199" class="JTD\LaravelMCP\Tests\Feature\DirectoryStructureValidationTest" classname="JTD.LaravelMCP.Tests.Feature.DirectoryStructureValidationTest" assertions="1" time="0.007246"/>
        <testcase name="it_has_all_code_generation_stubs" file="/var/www/html/tests/Feature/DirectoryStructureValidationTest.php" line="219" class="JTD\LaravelMCP\Tests\Feature\DirectoryStructureValidationTest" classname="JTD.LaravelMCP.Tests.Feature.DirectoryStructureValidationTest" assertions="4" time="0.005581"/>
        <testcase name="it_has_debug_view_template" file="/var/www/html/tests/Feature/DirectoryStructureValidationTest.php" line="242" class="JTD\LaravelMCP\Tests\Feature\DirectoryStructureValidationTest" classname="JTD.LaravelMCP.Tests.Feature.DirectoryStructureValidationTest" assertions="1" time="0.004972"/>
        <testcase name="it_has_base_test_case" file="/var/www/html/tests/Feature/DirectoryStructureValidationTest.php" line="253" class="JTD\LaravelMCP\Tests\Feature\DirectoryStructureValidationTest" classname="JTD.LaravelMCP.Tests.Feature.DirectoryStructureValidationTest" assertions="1" time="0.004901"/>
        <testcase name="it_has_test_fixtures" file="/var/www/html/tests/Feature/DirectoryStructureValidationTest.php" line="264" class="JTD\LaravelMCP\Tests\Feature\DirectoryStructureValidationTest" classname="JTD.LaravelMCP.Tests.Feature.DirectoryStructureValidationTest" assertions="5" time="0.005368"/>
        <testcase name="it_can_load_all_contract_interfaces" file="/var/www/html/tests/Feature/DirectoryStructureValidationTest.php" line="288" class="JTD\LaravelMCP\Tests\Feature\DirectoryStructureValidationTest" classname="JTD.LaravelMCP.Tests.Feature.DirectoryStructureValidationTest" assertions="6" time="0.005719"/>
        <testcase name="it_can_load_all_trait_classes" file="/var/www/html/tests/Feature/DirectoryStructureValidationTest.php" line="312" class="JTD\LaravelMCP\Tests\Feature\DirectoryStructureValidationTest" classname="JTD.LaravelMCP.Tests.Feature.DirectoryStructureValidationTest" assertions="3" time="0.005425"/>
        <testcase name="it_can_load_all_exception_classes" file="/var/www/html/tests/Feature/DirectoryStructureValidationTest.php" line="333" class="JTD\LaravelMCP\Tests\Feature\DirectoryStructureValidationTest" classname="JTD.LaravelMCP.Tests.Feature.DirectoryStructureValidationTest" assertions="7" time="0.006404"/>
        <testcase name="it_can_load_mcp_facade" file="/var/www/html/tests/Feature/DirectoryStructureValidationTest.php" line="363" class="JTD\LaravelMCP\Tests\Feature\DirectoryStructureValidationTest" classname="JTD.LaravelMCP.Tests.Feature.DirectoryStructureValidationTest" assertions="2" time="0.005063"/>
        <testcase name="it_can_load_console_utilities" file="/var/www/html/tests/Feature/DirectoryStructureValidationTest.php" line="382" class="JTD\LaravelMCP\Tests\Feature\DirectoryStructureValidationTest" classname="JTD.LaravelMCP.Tests.Feature.DirectoryStructureValidationTest" assertions="1" time="0.009135"/>
        <testcase name="it_can_load_test_fixtures" file="/var/www/html/tests/Feature/DirectoryStructureValidationTest.php" line="396" class="JTD\LaravelMCP\Tests\Feature\DirectoryStructureValidationTest" classname="JTD.LaravelMCP.Tests.Feature.DirectoryStructureValidationTest" assertions="5" time="0.007402"/>
        <testcase name="it_follows_laravel_namespace_patterns" file="/var/www/html/tests/Feature/DirectoryStructureValidationTest.php" line="419" class="JTD\LaravelMCP\Tests\Feature\DirectoryStructureValidationTest" classname="JTD.LaravelMCP.Tests.Feature.DirectoryStructureValidationTest" assertions="7" time="0.005431"/>
        <testcase name="it_supports_psr4_autoloading" file="/var/www/html/tests/Feature/DirectoryStructureValidationTest.php" line="436" class="JTD\LaravelMCP\Tests\Feature\DirectoryStructureValidationTest" classname="JTD.LaravelMCP.Tests.Feature.DirectoryStructureValidationTest" assertions="6" time="0.006462"/>
        <testcase name="it_has_all_required_configuration_directories" file="/var/www/html/tests/Feature/DirectoryStructureValidationTest.php" line="67" class="JTD\LaravelMCP\Tests\Feature\DirectoryStructureValidationTest" classname="JTD.LaravelMCP.Tests.Feature.DirectoryStructureValidationTest" assertions="6" time="0.005529"/>
        <testcase name="it_has_all_required_test_directories" file="/var/www/html/tests/Feature/DirectoryStructureValidationTest.php" line="92" class="JTD\LaravelMCP\Tests\Feature\DirectoryStructureValidationTest" classname="JTD.LaravelMCP.Tests.Feature.DirectoryStructureValidationTest" assertions="7" time="0.005901"/>
      </testsuite>
      <testsuite name="JTD\LaravelMCP\Tests\Feature\Server\Handlers\HandlerIntegrationTest" file="/var/www/html/tests/Feature/Server/Handlers/HandlerIntegrationTest.php" tests="11" assertions="88" errors="0" failures="0" skipped="0" time="0.087079">
        <testcase name="handlers_handle_error_scenarios_gracefully" file="/var/www/html/tests/Feature/Server/Handlers/HandlerIntegrationTest.php" line="304" class="JTD\LaravelMCP\Tests\Feature\Server\Handlers\HandlerIntegrationTest" classname="JTD.LaravelMCP.Tests.Feature.Server.Handlers.HandlerIntegrationTest" assertions="3" time="0.006046"/>
        <testcase name="handlers_validate_request_parameters_correctly" file="/var/www/html/tests/Feature/Server/Handlers/HandlerIntegrationTest.php" line="336" class="JTD\LaravelMCP\Tests\Feature\Server\Handlers\HandlerIntegrationTest" classname="JTD.LaravelMCP.Tests.Feature.Server.Handlers.HandlerIntegrationTest" assertions="3" time="0.006255"/>
        <testcase name="tool_execution_handles_different_result_types" file="/var/www/html/tests/Feature/Server/Handlers/HandlerIntegrationTest.php" line="407" class="JTD\LaravelMCP\Tests\Feature\Server\Handlers\HandlerIntegrationTest" classname="JTD.LaravelMCP.Tests.Feature.Server.Handlers.HandlerIntegrationTest" assertions="7" time="0.006161"/>
        <testcase name="complete_prompt_workflow_lists_and_gets_prompts" file="/var/www/html/tests/Feature/Server/Handlers/HandlerIntegrationTest.php" line="121" class="JTD\LaravelMCP\Tests\Feature\Server\Handlers\HandlerIntegrationTest" classname="JTD.LaravelMCP.Tests.Feature.Server.Handlers.HandlerIntegrationTest" assertions="13" time="0.006325"/>
        <testcase name="resource_reading_handles_different_content_types" file="/var/www/html/tests/Feature/Server/Handlers/HandlerIntegrationTest.php" line="491" class="JTD\LaravelMCP\Tests\Feature\Server\Handlers\HandlerIntegrationTest" classname="JTD.LaravelMCP.Tests.Feature.Server.Handlers.HandlerIntegrationTest" assertions="7" time="0.006580"/>
        <testcase name="complete_resource_workflow_lists_and_reads_resources" file="/var/www/html/tests/Feature/Server/Handlers/HandlerIntegrationTest.php" line="93" class="JTD\LaravelMCP\Tests\Feature\Server\Handlers\HandlerIntegrationTest" classname="JTD.LaravelMCP.Tests.Feature.Server.Handlers.HandlerIntegrationTest" assertions="10" time="0.007358"/>
        <testcase name="handlers_return_proper_mcp_response_format" file="/var/www/html/tests/Feature/Server/Handlers/HandlerIntegrationTest.php" line="368" class="JTD\LaravelMCP\Tests\Feature\Server\Handlers\HandlerIntegrationTest" classname="JTD.LaravelMCP.Tests.Feature.Server.Handlers.HandlerIntegrationTest" assertions="22" time="0.011188"/>
        <testcase name="complete_tool_workflow_lists_and_executes_tools" file="/var/www/html/tests/Feature/Server/Handlers/HandlerIntegrationTest.php" line="56" class="JTD\LaravelMCP\Tests\Feature\Server\Handlers\HandlerIntegrationTest" classname="JTD.LaravelMCP.Tests.Feature.Server.Handlers.HandlerIntegrationTest" assertions="12" time="0.008751"/>
        <testcase name="prompt_handler_manages_pagination_correctly" file="/var/www/html/tests/Feature/Server/Handlers/HandlerIntegrationTest.php" line="262" class="JTD\LaravelMCP\Tests\Feature\Server\Handlers\HandlerIntegrationTest" classname="JTD.LaravelMCP.Tests.Feature.Server.Handlers.HandlerIntegrationTest" assertions="2" time="0.009399"/>
        <testcase name="resource_handler_manages_pagination_correctly" file="/var/www/html/tests/Feature/Server/Handlers/HandlerIntegrationTest.php" line="214" class="JTD\LaravelMCP\Tests\Feature\Server\Handlers\HandlerIntegrationTest" classname="JTD.LaravelMCP.Tests.Feature.Server.Handlers.HandlerIntegrationTest" assertions="3" time="0.007972"/>
        <testcase name="tool_handler_manages_pagination_correctly" file="/var/www/html/tests/Feature/Server/Handlers/HandlerIntegrationTest.php" line="159" class="JTD\LaravelMCP\Tests\Feature\Server\Handlers\HandlerIntegrationTest" classname="JTD.LaravelMCP.Tests.Feature.Server.Handlers.HandlerIntegrationTest" assertions="6" time="0.011044"/>
      </testsuite>
      <testsuite name="JTD\LaravelMCP\Tests\Unit\Server\Handlers\PromptHandlerTest" file="/var/www/html/tests/Unit/Server/Handlers/PromptHandlerTest.php" tests="45" assertions="102" errors="0" failures="0" skipped="0" time="0.279433">
        <testcase name="handle_throws_protocol_exception_for_unsupported_method" file="/var/www/html/tests/Unit/Server/Handlers/PromptHandlerTest.php" line="82" class="JTD\LaravelMCP\Tests\Unit\Server\Handlers\PromptHandlerTest" classname="JTD.LaravelMCP.Tests.Unit.Server.Handlers.PromptHandlerTest" assertions="3" time="0.004709"/>
        <testcase name="handle_prompts_list_returns_prompt_definitions" file="/var/www/html/tests/Unit/Server/Handlers/PromptHandlerTest.php" line="108" class="JTD\LaravelMCP\Tests\Unit\Server\Handlers\PromptHandlerTest" classname="JTD.LaravelMCP.Tests.Unit.Server.Handlers.PromptHandlerTest" assertions="5" time="0.007210"/>
        <testcase name="handle_prompts_list_handles_prompt_definition_failures_gracefully" file="/var/www/html/tests/Unit/Server/Handlers/PromptHandlerTest.php" line="135" class="JTD\LaravelMCP\Tests\Unit\Server\Handlers\PromptHandlerTest" classname="JTD.LaravelMCP.Tests.Unit.Server.Handlers.PromptHandlerTest" assertions="6" time="0.007186"/>
        <testcase name="handle_prompts_list_validates_cursor_parameter" file="/var/www/html/tests/Unit/Server/Handlers/PromptHandlerTest.php" line="172" class="JTD\LaravelMCP\Tests\Unit\Server\Handlers\PromptHandlerTest" classname="JTD.LaravelMCP.Tests.Unit.Server.Handlers.PromptHandlerTest" assertions="2" time="0.007528"/>
        <testcase name="handle_prompts_get_validates_required_parameters" file="/var/www/html/tests/Unit/Server/Handlers/PromptHandlerTest.php" line="232" class="JTD\LaravelMCP\Tests\Unit\Server\Handlers\PromptHandlerTest" classname="JTD.LaravelMCP.Tests.Unit.Server.Handlers.PromptHandlerTest" assertions="2" time="0.005309"/>
        <testcase name="handle_prompts_get_validates_parameter_types" file="/var/www/html/tests/Unit/Server/Handlers/PromptHandlerTest.php" line="241" class="JTD\LaravelMCP\Tests\Unit\Server\Handlers\PromptHandlerTest" classname="JTD.LaravelMCP.Tests.Unit.Server.Handlers.PromptHandlerTest" assertions="2" time="0.004858"/>
        <testcase name="handle_prompts_get_throws_error_for_non_existent_prompt" file="/var/www/html/tests/Unit/Server/Handlers/PromptHandlerTest.php" line="250" class="JTD\LaravelMCP\Tests\Unit\Server\Handlers\PromptHandlerTest" classname="JTD.LaravelMCP.Tests.Unit.Server.Handlers.PromptHandlerTest" assertions="3" time="0.005402"/>
        <testcase name="handle_prompts_get_processes_prompt_with_process_method" file="/var/www/html/tests/Unit/Server/Handlers/PromptHandlerTest.php" line="266" class="JTD\LaravelMCP\Tests\Unit\Server\Handlers\PromptHandlerTest" classname="JTD.LaravelMCP.Tests.Unit.Server.Handlers.PromptHandlerTest" assertions="6" time="0.005192"/>
        <testcase name="handle_prompts_get_processes_prompt_with_get_method" file="/var/www/html/tests/Unit/Server/Handlers/PromptHandlerTest.php" line="306" class="JTD\LaravelMCP\Tests\Unit\Server\Handlers\PromptHandlerTest" classname="JTD.LaravelMCP.Tests.Unit.Server.Handlers.PromptHandlerTest" assertions="3" time="0.004999"/>
        <testcase name="handle_prompts_get_processes_prompt_with_invoke_method" file="/var/www/html/tests/Unit/Server/Handlers/PromptHandlerTest.php" line="341" class="JTD\LaravelMCP\Tests\Unit\Server\Handlers\PromptHandlerTest" classname="JTD.LaravelMCP.Tests.Unit.Server.Handlers.PromptHandlerTest" assertions="4" time="0.005892"/>
        <testcase name="handle_prompts_get_throws_error_for_non_processable_prompt" file="/var/www/html/tests/Unit/Server/Handlers/PromptHandlerTest.php" line="426" class="JTD\LaravelMCP\Tests\Unit\Server\Handlers\PromptHandlerTest" classname="JTD.LaravelMCP.Tests.Unit.Server.Handlers.PromptHandlerTest" assertions="3" time="0.004972"/>
        <testcase name="handle_prompts_get_validates_arguments_if_prompt_supports_it" file="/var/www/html/tests/Unit/Server/Handlers/PromptHandlerTest.php" line="461" class="JTD\LaravelMCP\Tests\Unit\Server\Handlers\PromptHandlerTest" classname="JTD.LaravelMCP.Tests.Unit.Server.Handlers.PromptHandlerTest" assertions="3" time="0.005106"/>
        <testcase name="handle_prompts_get_skips_validation_if_prompt_does_not_support_it" file="/var/www/html/tests/Unit/Server/Handlers/PromptHandlerTest.php" line="492" class="JTD\LaravelMCP\Tests\Unit\Server\Handlers\PromptHandlerTest" classname="JTD.LaravelMCP.Tests.Unit.Server.Handlers.PromptHandlerTest" assertions="2" time="0.007079"/>
        <testcase name="handle_prompts_get_handles_processing_failures" file="/var/www/html/tests/Unit/Server/Handlers/PromptHandlerTest.php" line="523" class="JTD\LaravelMCP\Tests\Unit\Server\Handlers\PromptHandlerTest" classname="JTD.LaravelMCP.Tests.Unit.Server.Handlers.PromptHandlerTest" assertions="3" time="0.007094"/>
        <testcase name="handle_prompts_get_uses_default_empty_arguments_when_not_provided" file="/var/www/html/tests/Unit/Server/Handlers/PromptHandlerTest.php" line="559" class="JTD\LaravelMCP\Tests\Unit\Server\Handlers\PromptHandlerTest" classname="JTD.LaravelMCP.Tests.Unit.Server.Handlers.PromptHandlerTest" assertions="2" time="0.005929"/>
        <testsuite name="JTD\LaravelMCP\Tests\Unit\Server\Handlers\PromptHandlerTest::get_prompt_description_handles_different_description_methods" tests="4" assertions="4" errors="0" failures="0" skipped="0" time="0.021066">
          <testcase name="get_prompt_description_handles_different_description_methods with data set &quot;getDescription method&quot;" file="/var/www/html/tests/Unit/Server/Handlers/PromptHandlerTest.php" line="591" class="JTD\LaravelMCP\Tests\Unit\Server\Handlers\PromptHandlerTest" classname="JTD.LaravelMCP.Tests.Unit.Server.Handlers.PromptHandlerTest" assertions="1" time="0.005239"/>
          <testcase name="get_prompt_description_handles_different_description_methods with data set &quot;description method&quot;" file="/var/www/html/tests/Unit/Server/Handlers/PromptHandlerTest.php" line="591" class="JTD\LaravelMCP\Tests\Unit\Server\Handlers\PromptHandlerTest" classname="JTD.LaravelMCP.Tests.Unit.Server.Handlers.PromptHandlerTest" assertions="1" time="0.004892"/>
          <testcase name="get_prompt_description_handles_different_description_methods with data set &quot;description property&quot;" file="/var/www/html/tests/Unit/Server/Handlers/PromptHandlerTest.php" line="591" class="JTD\LaravelMCP\Tests\Unit\Server\Handlers\PromptHandlerTest" classname="JTD.LaravelMCP.Tests.Unit.Server.Handlers.PromptHandlerTest" assertions="1" time="0.005837"/>
          <testcase name="get_prompt_description_handles_different_description_methods with data set &quot;no description&quot;" file="/var/www/html/tests/Unit/Server/Handlers/PromptHandlerTest.php" line="591" class="JTD\LaravelMCP\Tests\Unit\Server\Handlers\PromptHandlerTest" classname="JTD.LaravelMCP.Tests.Unit.Server.Handlers.PromptHandlerTest" assertions="1" time="0.005097"/>
        </testsuite>
        <testsuite name="JTD\LaravelMCP\Tests\Unit\Server\Handlers\PromptHandlerTest::get_prompt_arguments_handles_different_arguments_methods" tests="4" assertions="4" errors="0" failures="0" skipped="0" time="0.029187">
          <testcase name="get_prompt_arguments_handles_different_arguments_methods with data set &quot;getArguments method&quot;" file="/var/www/html/tests/Unit/Server/Handlers/PromptHandlerTest.php" line="639" class="JTD\LaravelMCP\Tests\Unit\Server\Handlers\PromptHandlerTest" classname="JTD.LaravelMCP.Tests.Unit.Server.Handlers.PromptHandlerTest" assertions="1" time="0.007639"/>
          <testcase name="get_prompt_arguments_handles_different_arguments_methods with data set &quot;arguments method&quot;" file="/var/www/html/tests/Unit/Server/Handlers/PromptHandlerTest.php" line="639" class="JTD\LaravelMCP\Tests\Unit\Server\Handlers\PromptHandlerTest" classname="JTD.LaravelMCP.Tests.Unit.Server.Handlers.PromptHandlerTest" assertions="1" time="0.006600"/>
          <testcase name="get_prompt_arguments_handles_different_arguments_methods with data set &quot;arguments property&quot;" file="/var/www/html/tests/Unit/Server/Handlers/PromptHandlerTest.php" line="639" class="JTD\LaravelMCP\Tests\Unit\Server\Handlers\PromptHandlerTest" classname="JTD.LaravelMCP.Tests.Unit.Server.Handlers.PromptHandlerTest" assertions="1" time="0.007628"/>
          <testcase name="get_prompt_arguments_handles_different_arguments_methods with data set &quot;no arguments&quot;" file="/var/www/html/tests/Unit/Server/Handlers/PromptHandlerTest.php" line="639" class="JTD\LaravelMCP\Tests\Unit\Server\Handlers\PromptHandlerTest" classname="JTD.LaravelMCP.Tests.Unit.Server.Handlers.PromptHandlerTest" assertions="1" time="0.007319"/>
        </testsuite>
        <testsuite name="JTD\LaravelMCP\Tests\Unit\Server\Handlers\PromptHandlerTest::format_prompt_messages_handles_different_result_formats" tests="7" assertions="14" errors="0" failures="0" skipped="0" time="0.045674">
          <testcase name="format_prompt_messages_handles_different_result_formats with data set &quot;array of messages&quot;" file="/var/www/html/tests/Unit/Server/Handlers/PromptHandlerTest.php" line="699" class="JTD\LaravelMCP\Tests\Unit\Server\Handlers\PromptHandlerTest" classname="JTD.LaravelMCP.Tests.Unit.Server.Handlers.PromptHandlerTest" assertions="2" time="0.005730"/>
          <testcase name="format_prompt_messages_handles_different_result_formats with data set &quot;single message object&quot;" file="/var/www/html/tests/Unit/Server/Handlers/PromptHandlerTest.php" line="699" class="JTD\LaravelMCP\Tests\Unit\Server\Handlers\PromptHandlerTest" classname="JTD.LaravelMCP.Tests.Unit.Server.Handlers.PromptHandlerTest" assertions="2" time="0.005476"/>
          <testcase name="format_prompt_messages_handles_different_result_formats with data set &quot;string result&quot;" file="/var/www/html/tests/Unit/Server/Handlers/PromptHandlerTest.php" line="699" class="JTD\LaravelMCP\Tests\Unit\Server\Handlers\PromptHandlerTest" classname="JTD.LaravelMCP.Tests.Unit.Server.Handlers.PromptHandlerTest" assertions="2" time="0.006078"/>
          <testcase name="format_prompt_messages_handles_different_result_formats with data set &quot;array result (not messages)&quot;" file="/var/www/html/tests/Unit/Server/Handlers/PromptHandlerTest.php" line="699" class="JTD\LaravelMCP\Tests\Unit\Server\Handlers\PromptHandlerTest" classname="JTD.LaravelMCP.Tests.Unit.Server.Handlers.PromptHandlerTest" assertions="2" time="0.005401"/>
          <testcase name="format_prompt_messages_handles_different_result_formats with data set &quot;object result&quot;" file="/var/www/html/tests/Unit/Server/Handlers/PromptHandlerTest.php" line="699" class="JTD\LaravelMCP\Tests\Unit\Server\Handlers\PromptHandlerTest" classname="JTD.LaravelMCP.Tests.Unit.Server.Handlers.PromptHandlerTest" assertions="2" time="0.007682"/>
          <testcase name="format_prompt_messages_handles_different_result_formats with data set &quot;number result&quot;" file="/var/www/html/tests/Unit/Server/Handlers/PromptHandlerTest.php" line="699" class="JTD\LaravelMCP\Tests\Unit\Server\Handlers\PromptHandlerTest" classname="JTD.LaravelMCP.Tests.Unit.Server.Handlers.PromptHandlerTest" assertions="2" time="0.008309"/>
          <testcase name="format_prompt_messages_handles_different_result_formats with data set &quot;empty array result&quot;" file="/var/www/html/tests/Unit/Server/Handlers/PromptHandlerTest.php" line="699" class="JTD\LaravelMCP\Tests\Unit\Server\Handlers\PromptHandlerTest" classname="JTD.LaravelMCP.Tests.Unit.Server.Handlers.PromptHandlerTest" assertions="2" time="0.006998"/>
        </testsuite>
        <testsuite name="JTD\LaravelMCP\Tests\Unit\Server\Handlers\PromptHandlerTest::is_message_array_correctly_identifies_message_arrays" tests="7" assertions="11" errors="0" failures="0" skipped="0" time="0.044414">
          <testcase name="is_message_array_correctly_identifies_message_arrays with data set &quot;valid message array&quot;" file="/var/www/html/tests/Unit/Server/Handlers/PromptHandlerTest.php" line="770" class="JTD\LaravelMCP\Tests\Unit\Server\Handlers\PromptHandlerTest" classname="JTD.LaravelMCP.Tests.Unit.Server.Handlers.PromptHandlerTest" assertions="1" time="0.005878"/>
          <testcase name="is_message_array_correctly_identifies_message_arrays with data set &quot;array with content only&quot;" file="/var/www/html/tests/Unit/Server/Handlers/PromptHandlerTest.php" line="770" class="JTD\LaravelMCP\Tests\Unit\Server\Handlers\PromptHandlerTest" classname="JTD.LaravelMCP.Tests.Unit.Server.Handlers.PromptHandlerTest" assertions="1" time="0.006373"/>
          <testcase name="is_message_array_correctly_identifies_message_arrays with data set &quot;array with role only&quot;" file="/var/www/html/tests/Unit/Server/Handlers/PromptHandlerTest.php" line="770" class="JTD\LaravelMCP\Tests\Unit\Server\Handlers\PromptHandlerTest" classname="JTD.LaravelMCP.Tests.Unit.Server.Handlers.PromptHandlerTest" assertions="1" time="0.005627"/>
          <testcase name="is_message_array_correctly_identifies_message_arrays with data set &quot;empty array&quot;" file="/var/www/html/tests/Unit/Server/Handlers/PromptHandlerTest.php" line="770" class="JTD\LaravelMCP\Tests\Unit\Server\Handlers\PromptHandlerTest" classname="JTD.LaravelMCP.Tests.Unit.Server.Handlers.PromptHandlerTest" assertions="2" time="0.005816"/>
          <testcase name="is_message_array_correctly_identifies_message_arrays with data set &quot;array of strings&quot;" file="/var/www/html/tests/Unit/Server/Handlers/PromptHandlerTest.php" line="770" class="JTD\LaravelMCP\Tests\Unit\Server\Handlers\PromptHandlerTest" classname="JTD.LaravelMCP.Tests.Unit.Server.Handlers.PromptHandlerTest" assertions="2" time="0.006143"/>
          <testcase name="is_message_array_correctly_identifies_message_arrays with data set &quot;array of numbers&quot;" file="/var/www/html/tests/Unit/Server/Handlers/PromptHandlerTest.php" line="770" class="JTD\LaravelMCP\Tests\Unit\Server\Handlers\PromptHandlerTest" classname="JTD.LaravelMCP.Tests.Unit.Server.Handlers.PromptHandlerTest" assertions="2" time="0.005741"/>
          <testcase name="is_message_array_correctly_identifies_message_arrays with data set &quot;mixed array&quot;" file="/var/www/html/tests/Unit/Server/Handlers/PromptHandlerTest.php" line="770" class="JTD\LaravelMCP\Tests\Unit\Server\Handlers\PromptHandlerTest" classname="JTD.LaravelMCP.Tests.Unit.Server.Handlers.PromptHandlerTest" assertions="2" time="0.008836"/>
        </testsuite>
        <testcase name="get_supported_methods_returns_prompt_methods" file="/var/www/html/tests/Unit/Server/Handlers/PromptHandlerTest.php" line="60" class="JTD\LaravelMCP\Tests\Unit\Server\Handlers\PromptHandlerTest" classname="JTD.LaravelMCP.Tests.Unit.Server.Handlers.PromptHandlerTest" assertions="1" time="0.007609"/>
        <testcase name="supports_method_returns_true_for_supported_methods" file="/var/www/html/tests/Unit/Server/Handlers/PromptHandlerTest.php" line="68" class="JTD\LaravelMCP\Tests\Unit\Server\Handlers\PromptHandlerTest" classname="JTD.LaravelMCP.Tests.Unit.Server.Handlers.PromptHandlerTest" assertions="2" time="0.005409"/>
        <testcase name="supports_method_returns_false_for_unsupported_methods" file="/var/www/html/tests/Unit/Server/Handlers/PromptHandlerTest.php" line="75" class="JTD\LaravelMCP\Tests\Unit\Server\Handlers\PromptHandlerTest" classname="JTD.LaravelMCP.Tests.Unit.Server.Handlers.PromptHandlerTest" assertions="2" time="0.005524"/>
        <testcase name="constructor_sets_dependencies_and_handler_name" file="/var/www/html/tests/Unit/Server/Handlers/PromptHandlerTest.php" line="51" class="JTD\LaravelMCP\Tests\Unit\Server\Handlers\PromptHandlerTest" classname="JTD.LaravelMCP.Tests.Unit.Server.Handlers.PromptHandlerTest" assertions="2" time="0.005784"/>
        <testcase name="handle_prompts_list_returns_empty_prompts_array_when_no_prompts" file="/var/www/html/tests/Unit/Server/Handlers/PromptHandlerTest.php" line="92" class="JTD\LaravelMCP\Tests\Unit\Server\Handlers\PromptHandlerTest" classname="JTD.LaravelMCP.Tests.Unit.Server.Handlers.PromptHandlerTest" assertions="4" time="0.005447"/>
        <testcase name="handle_prompts_list_applies_cursor_pagination" file="/var/www/html/tests/Unit/Server/Handlers/PromptHandlerTest.php" line="181" class="JTD\LaravelMCP\Tests\Unit\Server\Handlers\PromptHandlerTest" classname="JTD.LaravelMCP.Tests.Unit.Server.Handlers.PromptHandlerTest" assertions="3" time="0.006320"/>
        <testcase name="handle_prompts_get_processes_callable_prompt" file="/var/www/html/tests/Unit/Server/Handlers/PromptHandlerTest.php" line="377" class="JTD\LaravelMCP\Tests\Unit\Server\Handlers\PromptHandlerTest" classname="JTD.LaravelMCP.Tests.Unit.Server.Handlers.PromptHandlerTest" assertions="2" time="0.005931"/>
        <testcase name="handle_prompts_list_includes_next_cursor_when_more_prompts_available" file="/var/www/html/tests/Unit/Server/Handlers/PromptHandlerTest.php" line="207" class="JTD\LaravelMCP\Tests\Unit\Server\Handlers\PromptHandlerTest" classname="JTD.LaravelMCP.Tests.Unit.Server.Handlers.PromptHandlerTest" assertions="4" time="0.008603"/>
      </testsuite>
      <testsuite name="JTD\LaravelMCP\Tests\Feature\EventLifecycleIntegrationTest" file="/var/www/html/tests/Feature/EventLifecycleIntegrationTest.php" tests="12" assertions="12" errors="0" failures="0" skipped="0" time="0.081716">
        <testcase name="it_finalizes_component_discovery_on_providers_booted" file="/var/www/html/tests/Feature/EventLifecycleIntegrationTest.php" line="43" class="JTD\LaravelMCP\Tests\Feature\EventLifecycleIntegrationTest" classname="JTD.LaravelMCP.Tests.Feature.EventLifecycleIntegrationTest" assertions="1" time="0.006692"/>
        <testcase name="it_skips_discovery_finalization_when_disabled" file="/var/www/html/tests/Feature/EventLifecycleIntegrationTest.php" line="70" class="JTD\LaravelMCP\Tests\Feature\EventLifecycleIntegrationTest" classname="JTD.LaravelMCP.Tests.Feature.EventLifecycleIntegrationTest" assertions="1" time="0.005349"/>
        <testcase name="it_handles_discovery_finalization_errors_gracefully" file="/var/www/html/tests/Feature/EventLifecycleIntegrationTest.php" line="92" class="JTD\LaravelMCP\Tests\Feature\EventLifecycleIntegrationTest" classname="JTD.LaravelMCP.Tests.Feature.EventLifecycleIntegrationTest" assertions="1" time="0.006774"/>
        <testcase name="it_cleans_up_resources_on_kernel_handled" file="/var/www/html/tests/Feature/EventLifecycleIntegrationTest.php" line="124" class="JTD\LaravelMCP\Tests\Feature\EventLifecycleIntegrationTest" classname="JTD.LaravelMCP.Tests.Feature.EventLifecycleIntegrationTest" assertions="1" time="0.007570"/>
        <testcase name="it_handles_cleanup_errors_gracefully" file="/var/www/html/tests/Feature/EventLifecycleIntegrationTest.php" line="145" class="JTD\LaravelMCP\Tests\Feature\EventLifecycleIntegrationTest" classname="JTD.LaravelMCP.Tests.Feature.EventLifecycleIntegrationTest" assertions="1" time="0.006752"/>
        <testcase name="it_performs_final_cleanup_on_application_terminating" file="/var/www/html/tests/Feature/EventLifecycleIntegrationTest.php" line="167" class="JTD\LaravelMCP\Tests\Feature\EventLifecycleIntegrationTest" classname="JTD.LaravelMCP.Tests.Feature.EventLifecycleIntegrationTest" assertions="1" time="0.005416"/>
        <testcase name="it_handles_cache_cleanup_errors_gracefully" file="/var/www/html/tests/Feature/EventLifecycleIntegrationTest.php" line="195" class="JTD\LaravelMCP\Tests\Feature\EventLifecycleIntegrationTest" classname="JTD.LaravelMCP.Tests.Feature.EventLifecycleIntegrationTest" assertions="1" time="0.005839"/>
        <testcase name="it_handles_complete_event_lifecycle" file="/var/www/html/tests/Feature/EventLifecycleIntegrationTest.php" line="217" class="JTD\LaravelMCP\Tests\Feature\EventLifecycleIntegrationTest" classname="JTD.LaravelMCP.Tests.Feature.EventLifecycleIntegrationTest" assertions="1" time="0.005072"/>
        <testcase name="it_registers_event_listeners_only_once" file="/var/www/html/tests/Feature/EventLifecycleIntegrationTest.php" line="256" class="JTD\LaravelMCP\Tests\Feature\EventLifecycleIntegrationTest" classname="JTD.LaravelMCP.Tests.Feature.EventLifecycleIntegrationTest" assertions="1" time="0.008666"/>
        <testcase name="it_handles_events_with_unbound_services_gracefully" file="/var/www/html/tests/Feature/EventLifecycleIntegrationTest.php" line="283" class="JTD\LaravelMCP\Tests\Feature\EventLifecycleIntegrationTest" classname="JTD.LaravelMCP.Tests.Feature.EventLifecycleIntegrationTest" assertions="1" time="0.007754"/>
        <testcase name="it_handles_events_in_different_environments" file="/var/www/html/tests/Feature/EventLifecycleIntegrationTest.php" line="302" class="JTD\LaravelMCP\Tests\Feature\EventLifecycleIntegrationTest" classname="JTD.LaravelMCP.Tests.Feature.EventLifecycleIntegrationTest" assertions="1" time="0.007931"/>
        <testcase name="it_maintains_performance_during_event_handling" file="/var/www/html/tests/Feature/EventLifecycleIntegrationTest.php" line="327" class="JTD\LaravelMCP\Tests\Feature\EventLifecycleIntegrationTest" classname="JTD.LaravelMCP.Tests.Feature.EventLifecycleIntegrationTest" assertions="1" time="0.007900"/>
      </testsuite>
      <testsuite name="JTD\LaravelMCP\Tests\Feature\MiddlewareIntegrationTest" file="/var/www/html/tests/Feature/MiddlewareIntegrationTest.php" tests="12" assertions="53" errors="0" failures="0" skipped="0" time="0.120237">
        <testcase name="it_handles_cors_preflight_requests" file="/var/www/html/tests/Feature/MiddlewareIntegrationTest.php" line="88" class="JTD\LaravelMCP\Tests\Feature\MiddlewareIntegrationTest" classname="JTD.LaravelMCP.Tests.Feature.MiddlewareIntegrationTest" assertions="8" time="0.038277"/>
        <testcase name="it_rejects_requests_with_invalid_api_key" file="/var/www/html/tests/Feature/MiddlewareIntegrationTest.php" line="135" class="JTD\LaravelMCP\Tests\Feature\MiddlewareIntegrationTest" classname="JTD.LaravelMCP.Tests.Feature.MiddlewareIntegrationTest" assertions="5" time="0.010991"/>
        <testcase name="it_rejects_requests_without_api_key_when_required" file="/var/www/html/tests/Feature/MiddlewareIntegrationTest.php" line="163" class="JTD\LaravelMCP\Tests\Feature\MiddlewareIntegrationTest" classname="JTD.LaravelMCP.Tests.Feature.MiddlewareIntegrationTest" assertions="2" time="0.007600"/>
        <testcase name="it_allows_requests_when_auth_disabled" file="/var/www/html/tests/Feature/MiddlewareIntegrationTest.php" line="186" class="JTD\LaravelMCP\Tests\Feature\MiddlewareIntegrationTest" classname="JTD.LaravelMCP.Tests.Feature.MiddlewareIntegrationTest" assertions="2" time="0.009877"/>
        <testcase name="it_accepts_api_key_in_query_parameter" file="/var/www/html/tests/Feature/MiddlewareIntegrationTest.php" line="228" class="JTD\LaravelMCP\Tests\Feature\MiddlewareIntegrationTest" classname="JTD.LaravelMCP.Tests.Feature.MiddlewareIntegrationTest" assertions="2" time="0.006696"/>
        <testcase name="it_allows_wildcard_origins" file="/var/www/html/tests/Feature/MiddlewareIntegrationTest.php" line="270" class="JTD\LaravelMCP\Tests\Feature\MiddlewareIntegrationTest" classname="JTD.LaravelMCP.Tests.Feature.MiddlewareIntegrationTest" assertions="3" time="0.006308"/>
        <testcase name="it_handles_complex_cors_scenarios" file="/var/www/html/tests/Feature/MiddlewareIntegrationTest.php" line="289" class="JTD\LaravelMCP\Tests\Feature\MiddlewareIntegrationTest" classname="JTD.LaravelMCP.Tests.Feature.MiddlewareIntegrationTest" assertions="9" time="0.005934"/>
        <testcase name="it_allows_valid_cors_requests" file="/var/www/html/tests/Feature/MiddlewareIntegrationTest.php" line="65" class="JTD\LaravelMCP\Tests\Feature\MiddlewareIntegrationTest" classname="JTD.LaravelMCP.Tests.Feature.MiddlewareIntegrationTest" assertions="7" time="0.006157"/>
        <testcase name="it_processes_middleware_stack_correctly" file="/var/www/html/tests/Feature/MiddlewareIntegrationTest.php" line="204" class="JTD\LaravelMCP\Tests\Feature\MiddlewareIntegrationTest" classname="JTD.LaravelMCP.Tests.Feature.MiddlewareIntegrationTest" assertions="6" time="0.007140"/>
        <testcase name="it_respects_cors_origin_restrictions" file="/var/www/html/tests/Feature/MiddlewareIntegrationTest.php" line="250" class="JTD\LaravelMCP\Tests\Feature\MiddlewareIntegrationTest" classname="JTD.LaravelMCP.Tests.Feature.MiddlewareIntegrationTest" assertions="2" time="0.006007"/>
        <testcase name="it_maintains_cors_headers_on_auth_errors" file="/var/www/html/tests/Feature/MiddlewareIntegrationTest.php" line="321" class="JTD\LaravelMCP\Tests\Feature\MiddlewareIntegrationTest" classname="JTD.LaravelMCP.Tests.Feature.MiddlewareIntegrationTest" assertions="5" time="0.008215"/>
        <testcase name="it_allows_requests_with_valid_api_key" file="/var/www/html/tests/Feature/MiddlewareIntegrationTest.php" line="114" class="JTD\LaravelMCP\Tests\Feature\MiddlewareIntegrationTest" classname="JTD.LaravelMCP.Tests.Feature.MiddlewareIntegrationTest" assertions="2" time="0.007035"/>
      </testsuite>
      <testsuite name="JTD\LaravelMCP\Tests\Feature\ServiceProviderIntegrationTest" file="/var/www/html/tests/Feature/ServiceProviderIntegrationTest.php" tests="18" assertions="83" errors="0" failures="0" skipped="0" time="0.117085">
        <testcase name="it_registers_service_provider_in_laravel_application" file="/var/www/html/tests/Feature/ServiceProviderIntegrationTest.php" line="48" class="JTD\LaravelMCP\Tests\Feature\ServiceProviderIntegrationTest" classname="JTD.LaravelMCP.Tests.Feature.ServiceProviderIntegrationTest" assertions="2" time="0.005969"/>
        <testcase name="it_resolves_interfaces_to_correct_implementations" file="/var/www/html/tests/Feature/ServiceProviderIntegrationTest.php" line="91" class="JTD\LaravelMCP\Tests\Feature\ServiceProviderIntegrationTest" classname="JTD.LaravelMCP.Tests.Feature.ServiceProviderIntegrationTest" assertions="3" time="0.005292"/>
        <testcase name="it_allows_environment_variables_to_override_config" file="/var/www/html/tests/Feature/ServiceProviderIntegrationTest.php" line="143" class="JTD\LaravelMCP\Tests\Feature\ServiceProviderIntegrationTest" classname="JTD.LaravelMCP.Tests.Feature.ServiceProviderIntegrationTest" assertions="2" time="0.004683"/>
        <testcase name="it_integrates_services_correctly" file="/var/www/html/tests/Feature/ServiceProviderIntegrationTest.php" line="170" class="JTD\LaravelMCP\Tests\Feature\ServiceProviderIntegrationTest" classname="JTD.LaravelMCP.Tests.Feature.ServiceProviderIntegrationTest" assertions="3" time="0.008687"/>
        <testcase name="it_configures_publishable_assets" file="/var/www/html/tests/Feature/ServiceProviderIntegrationTest.php" line="233" class="JTD\LaravelMCP\Tests\Feature\ServiceProviderIntegrationTest" classname="JTD.LaravelMCP.Tests.Feature.ServiceProviderIntegrationTest" assertions="3" time="0.006176"/>
        <testcase name="it_configures_transport_manager_based_on_config" file="/var/www/html/tests/Feature/ServiceProviderIntegrationTest.php" line="302" class="JTD\LaravelMCP\Tests\Feature\ServiceProviderIntegrationTest" classname="JTD.LaravelMCP.Tests.Feature.ServiceProviderIntegrationTest" assertions="2" time="0.007823"/>
        <testcase name="it_resolves_services_using_app_helper" file="/var/www/html/tests/Feature/ServiceProviderIntegrationTest.php" line="340" class="JTD\LaravelMCP\Tests\Feature\ServiceProviderIntegrationTest" classname="JTD.LaravelMCP.Tests.Feature.ServiceProviderIntegrationTest" assertions="3" time="0.007094"/>
        <testcase name="it_supports_dependency_injection_resolution" file="/var/www/html/tests/Feature/ServiceProviderIntegrationTest.php" line="357" class="JTD\LaravelMCP\Tests\Feature\ServiceProviderIntegrationTest" classname="JTD.LaravelMCP.Tests.Feature.ServiceProviderIntegrationTest" assertions="2" time="0.004793"/>
        <testcase name="it_resolves_all_services_through_container" file="/var/www/html/tests/Feature/ServiceProviderIntegrationTest.php" line="60" class="JTD\LaravelMCP\Tests\Feature\ServiceProviderIntegrationTest" classname="JTD.LaravelMCP.Tests.Feature.ServiceProviderIntegrationTest" assertions="22" time="0.005825"/>
        <testcase name="it_provides_functional_mcp_facade" file="/var/www/html/tests/Feature/ServiceProviderIntegrationTest.php" line="108" class="JTD\LaravelMCP\Tests\Feature\ServiceProviderIntegrationTest" classname="JTD.LaravelMCP.Tests.Feature.ServiceProviderIntegrationTest" assertions="2" time="0.005822"/>
        <testcase name="it_loads_and_merges_configuration" file="/var/www/html/tests/Feature/ServiceProviderIntegrationTest.php" line="122" class="JTD\LaravelMCP\Tests\Feature\ServiceProviderIntegrationTest" classname="JTD.LaravelMCP.Tests.Feature.ServiceProviderIntegrationTest" assertions="8" time="0.006145"/>
        <testcase name="it_loads_routes_when_route_file_exists" file="/var/www/html/tests/Feature/ServiceProviderIntegrationTest.php" line="259" class="JTD\LaravelMCP\Tests\Feature\ServiceProviderIntegrationTest" classname="JTD.LaravelMCP.Tests.Feature.ServiceProviderIntegrationTest" assertions="1" time="0.006097"/>
        <testcase name="it_handles_missing_optional_dependencies_gracefully" file="/var/www/html/tests/Feature/ServiceProviderIntegrationTest.php" line="319" class="JTD\LaravelMCP\Tests\Feature\ServiceProviderIntegrationTest" classname="JTD.LaravelMCP.Tests.Feature.ServiceProviderIntegrationTest" assertions="1" time="0.007984"/>
        <testcase name="it_handles_multiple_provider_instances_safely" file="/var/www/html/tests/Feature/ServiceProviderIntegrationTest.php" line="419" class="JTD\LaravelMCP\Tests\Feature\ServiceProviderIntegrationTest" classname="JTD.LaravelMCP.Tests.Feature.ServiceProviderIntegrationTest" assertions="3" time="0.006166"/>
        <testcase name="it_recovers_from_invalid_configuration" file="/var/www/html/tests/Feature/ServiceProviderIntegrationTest.php" line="449" class="JTD\LaravelMCP\Tests\Feature\ServiceProviderIntegrationTest" classname="JTD.LaravelMCP.Tests.Feature.ServiceProviderIntegrationTest" assertions="2" time="0.006506"/>
        <testcase name="it_respects_disabled_state_configuration" file="/var/www/html/tests/Feature/ServiceProviderIntegrationTest.php" line="470" class="JTD\LaravelMCP\Tests\Feature\ServiceProviderIntegrationTest" classname="JTD.LaravelMCP.Tests.Feature.ServiceProviderIntegrationTest" assertions="3" time="0.004979"/>
        <testcase name="it_discovers_components_when_enabled" file="/var/www/html/tests/Feature/ServiceProviderIntegrationTest.php" line="198" class="JTD\LaravelMCP\Tests\Feature\ServiceProviderIntegrationTest" classname="JTD.LaravelMCP.Tests.Feature.ServiceProviderIntegrationTest" assertions="3" time="0.006501"/>
        <testcase name="it_completes_full_service_provider_lifecycle" file="/var/www/html/tests/Feature/ServiceProviderIntegrationTest.php" line="377" class="JTD\LaravelMCP\Tests\Feature\ServiceProviderIntegrationTest" classname="JTD.LaravelMCP.Tests.Feature.ServiceProviderIntegrationTest" assertions="18" time="0.010543"/>
      </testsuite>
      <testsuite name="JTD\LaravelMCP\Tests\Unit\Exceptions\McpExceptionTest" file="/var/www/html/tests/Unit/Exceptions/McpExceptionTest.php" tests="22" assertions="76" errors="0" failures="0" skipped="0" time="0.128990">
        <testcase name="test_basic_exception_creation" file="/var/www/html/tests/Unit/Exceptions/McpExceptionTest.php" line="19" class="JTD\LaravelMCP\Tests\Unit\Exceptions\McpExceptionTest" classname="JTD.LaravelMCP.Tests.Unit.Exceptions.McpExceptionTest" assertions="2" time="0.005657"/>
        <testcase name="test_exception_with_data" file="/var/www/html/tests/Unit/Exceptions/McpExceptionTest.php" line="30" class="JTD\LaravelMCP\Tests\Unit\Exceptions\McpExceptionTest" classname="JTD.LaravelMCP.Tests.Unit.Exceptions.McpExceptionTest" assertions="1" time="0.007157"/>
        <testcase name="test_exception_with_context" file="/var/www/html/tests/Unit/Exceptions/McpExceptionTest.php" line="41" class="JTD\LaravelMCP\Tests\Unit\Exceptions\McpExceptionTest" classname="JTD.LaravelMCP.Tests.Unit.Exceptions.McpExceptionTest" assertions="1" time="0.006265"/>
        <testcase name="test_exception_with_previous" file="/var/www/html/tests/Unit/Exceptions/McpExceptionTest.php" line="52" class="JTD\LaravelMCP\Tests\Unit\Exceptions\McpExceptionTest" classname="JTD.LaravelMCP.Tests.Unit.Exceptions.McpExceptionTest" assertions="1" time="0.004579"/>
        <testcase name="test_set_data" file="/var/www/html/tests/Unit/Exceptions/McpExceptionTest.php" line="63" class="JTD\LaravelMCP\Tests\Unit\Exceptions\McpExceptionTest" classname="JTD.LaravelMCP.Tests.Unit.Exceptions.McpExceptionTest" assertions="1" time="0.004955"/>
        <testcase name="test_set_context" file="/var/www/html/tests/Unit/Exceptions/McpExceptionTest.php" line="76" class="JTD\LaravelMCP\Tests\Unit\Exceptions\McpExceptionTest" classname="JTD.LaravelMCP.Tests.Unit.Exceptions.McpExceptionTest" assertions="1" time="0.005119"/>
        <testcase name="test_add_context" file="/var/www/html/tests/Unit/Exceptions/McpExceptionTest.php" line="89" class="JTD\LaravelMCP\Tests\Unit\Exceptions\McpExceptionTest" classname="JTD.LaravelMCP.Tests.Unit.Exceptions.McpExceptionTest" assertions="2" time="0.004649"/>
        <testcase name="test_to_array_with_previous" file="/var/www/html/tests/Unit/Exceptions/McpExceptionTest.php" line="124" class="JTD\LaravelMCP\Tests\Unit\Exceptions\McpExceptionTest" classname="JTD.LaravelMCP.Tests.Unit.Exceptions.McpExceptionTest" assertions="4" time="0.004646"/>
        <testcase name="test_to_json" file="/var/www/html/tests/Unit/Exceptions/McpExceptionTest.php" line="140" class="JTD\LaravelMCP\Tests\Unit\Exceptions\McpExceptionTest" classname="JTD.LaravelMCP.Tests.Unit.Exceptions.McpExceptionTest" assertions="3" time="0.005234"/>
        <testcase name="test_get_error_type_json_rpc" file="/var/www/html/tests/Unit/Exceptions/McpExceptionTest.php" line="156" class="JTD\LaravelMCP\Tests\Unit\Exceptions\McpExceptionTest" classname="JTD.LaravelMCP.Tests.Unit.Exceptions.McpExceptionTest" assertions="9" time="0.005362"/>
        <testcase name="test_is_client_error" file="/var/www/html/tests/Unit/Exceptions/McpExceptionTest.php" line="179" class="JTD\LaravelMCP\Tests\Unit\Exceptions\McpExceptionTest" classname="JTD.LaravelMCP.Tests.Unit.Exceptions.McpExceptionTest" assertions="7" time="0.007799"/>
        <testcase name="test_is_server_error" file="/var/www/html/tests/Unit/Exceptions/McpExceptionTest.php" line="198" class="JTD\LaravelMCP\Tests\Unit\Exceptions\McpExceptionTest" classname="JTD.LaravelMCP.Tests.Unit.Exceptions.McpExceptionTest" assertions="8" time="0.007149"/>
        <testcase name="test_static_parse_error" file="/var/www/html/tests/Unit/Exceptions/McpExceptionTest.php" line="217" class="JTD\LaravelMCP\Tests\Unit\Exceptions\McpExceptionTest" classname="JTD.LaravelMCP.Tests.Unit.Exceptions.McpExceptionTest" assertions="3" time="0.005555"/>
        <testcase name="test_static_invalid_request" file="/var/www/html/tests/Unit/Exceptions/McpExceptionTest.php" line="229" class="JTD\LaravelMCP\Tests\Unit\Exceptions\McpExceptionTest" classname="JTD.LaravelMCP.Tests.Unit.Exceptions.McpExceptionTest" assertions="3" time="0.006068"/>
        <testcase name="test_static_invalid_params" file="/var/www/html/tests/Unit/Exceptions/McpExceptionTest.php" line="253" class="JTD\LaravelMCP\Tests\Unit\Exceptions\McpExceptionTest" classname="JTD.LaravelMCP.Tests.Unit.Exceptions.McpExceptionTest" assertions="3" time="0.005225"/>
        <testcase name="test_static_internal_error" file="/var/www/html/tests/Unit/Exceptions/McpExceptionTest.php" line="265" class="JTD\LaravelMCP\Tests\Unit\Exceptions\McpExceptionTest" classname="JTD.LaravelMCP.Tests.Unit.Exceptions.McpExceptionTest" assertions="3" time="0.004798"/>
        <testcase name="test_static_application_error" file="/var/www/html/tests/Unit/Exceptions/McpExceptionTest.php" line="277" class="JTD\LaravelMCP\Tests\Unit\Exceptions\McpExceptionTest" classname="JTD.LaravelMCP.Tests.Unit.Exceptions.McpExceptionTest" assertions="3" time="0.005981"/>
        <testcase name="test_from_throwable_with_custom_code" file="/var/www/html/tests/Unit/Exceptions/McpExceptionTest.php" line="308" class="JTD\LaravelMCP\Tests\Unit\Exceptions\McpExceptionTest" classname="JTD.LaravelMCP.Tests.Unit.Exceptions.McpExceptionTest" assertions="1" time="0.005613"/>
        <testcase name="test_fluent_interface" file="/var/www/html/tests/Unit/Exceptions/McpExceptionTest.php" line="319" class="JTD\LaravelMCP\Tests\Unit\Exceptions\McpExceptionTest" classname="JTD.LaravelMCP.Tests.Unit.Exceptions.McpExceptionTest" assertions="3" time="0.008038"/>
        <testcase name="test_to_array" file="/var/www/html/tests/Unit/Exceptions/McpExceptionTest.php" line="103" class="JTD\LaravelMCP\Tests\Unit\Exceptions\McpExceptionTest" classname="JTD.LaravelMCP.Tests.Unit.Exceptions.McpExceptionTest" assertions="7" time="0.007753"/>
        <testcase name="test_static_method_not_found" file="/var/www/html/tests/Unit/Exceptions/McpExceptionTest.php" line="241" class="JTD\LaravelMCP\Tests\Unit\Exceptions\McpExceptionTest" classname="JTD.LaravelMCP.Tests.Unit.Exceptions.McpExceptionTest" assertions="3" time="0.005531"/>
        <testcase name="test_static_from_throwable" file="/var/www/html/tests/Unit/Exceptions/McpExceptionTest.php" line="289" class="JTD\LaravelMCP\Tests\Unit\Exceptions\McpExceptionTest" classname="JTD.LaravelMCP.Tests.Unit.Exceptions.McpExceptionTest" assertions="7" time="0.005857"/>
      </testsuite>
      <testsuite name="JTD\LaravelMCP\Tests\Unit\Http\Middleware\McpAuthMiddlewareTest" file="/var/www/html/tests/Unit/Http/Middleware/McpAuthMiddlewareTest.php" tests="7" assertions="11" errors="0" failures="0" skipped="0" time="0.040120">
        <testcase name="it_passes_through_when_no_api_key_configured" file="/var/www/html/tests/Unit/Http/Middleware/McpAuthMiddlewareTest.php" line="61" class="JTD\LaravelMCP\Tests\Unit\Http\Middleware\McpAuthMiddlewareTest" classname="JTD.LaravelMCP.Tests.Unit.Http.Middleware.McpAuthMiddlewareTest" assertions="1" time="0.005155"/>
        <testcase name="it_authenticates_with_valid_api_key_in_query" file="/var/www/html/tests/Unit/Http/Middleware/McpAuthMiddlewareTest.php" line="104" class="JTD\LaravelMCP\Tests\Unit\Http\Middleware\McpAuthMiddlewareTest" classname="JTD.LaravelMCP.Tests.Unit.Http.Middleware.McpAuthMiddlewareTest" assertions="1" time="0.004669"/>
        <testcase name="it_rejects_invalid_api_key" file="/var/www/html/tests/Unit/Http/Middleware/McpAuthMiddlewareTest.php" line="125" class="JTD\LaravelMCP\Tests\Unit\Http\Middleware\McpAuthMiddlewareTest" classname="JTD.LaravelMCP.Tests.Unit.Http.Middleware.McpAuthMiddlewareTest" assertions="3" time="0.006866"/>
        <testcase name="it_rejects_request_with_no_api_key_when_required" file="/var/www/html/tests/Unit/Http/Middleware/McpAuthMiddlewareTest.php" line="150" class="JTD\LaravelMCP\Tests\Unit\Http\Middleware\McpAuthMiddlewareTest" classname="JTD.LaravelMCP.Tests.Unit.Http.Middleware.McpAuthMiddlewareTest" assertions="3" time="0.006812"/>
        <testcase name="it_passes_through_when_auth_disabled" file="/var/www/html/tests/Unit/Http/Middleware/McpAuthMiddlewareTest.php" line="41" class="JTD\LaravelMCP\Tests\Unit\Http\Middleware\McpAuthMiddlewareTest" classname="JTD.LaravelMCP.Tests.Unit.Http.Middleware.McpAuthMiddlewareTest" assertions="1" time="0.006745"/>
        <testcase name="it_authenticates_with_valid_api_key_in_header" file="/var/www/html/tests/Unit/Http/Middleware/McpAuthMiddlewareTest.php" line="82" class="JTD\LaravelMCP\Tests\Unit\Http\Middleware\McpAuthMiddlewareTest" classname="JTD.LaravelMCP.Tests.Unit.Http.Middleware.McpAuthMiddlewareTest" assertions="1" time="0.005172"/>
        <testcase name="it_prioritizes_header_over_query_parameter" file="/var/www/html/tests/Unit/Http/Middleware/McpAuthMiddlewareTest.php" line="174" class="JTD\LaravelMCP\Tests\Unit\Http\Middleware\McpAuthMiddlewareTest" classname="JTD.LaravelMCP.Tests.Unit.Http.Middleware.McpAuthMiddlewareTest" assertions="1" time="0.004702"/>
      </testsuite>
      <testsuite name="JTD\LaravelMCP\Tests\Unit\Http\Middleware\McpCorsMiddlewareTest" file="/var/www/html/tests/Unit/Http/Middleware/McpCorsMiddlewareTest.php" tests="8" assertions="23" errors="0" failures="0" skipped="0" time="0.045031">
        <testcase name="it_respects_specific_allowed_origins" file="/var/www/html/tests/Unit/Http/Middleware/McpCorsMiddlewareTest.php" line="99" class="JTD\LaravelMCP\Tests\Unit\Http\Middleware\McpCorsMiddlewareTest" classname="JTD.LaravelMCP.Tests.Unit.Http.Middleware.McpCorsMiddlewareTest" assertions="1" time="0.005259"/>
        <testcase name="it_rejects_disallowed_origins" file="/var/www/html/tests/Unit/Http/Middleware/McpCorsMiddlewareTest.php" line="122" class="JTD\LaravelMCP\Tests\Unit\Http\Middleware\McpCorsMiddlewareTest" classname="JTD.LaravelMCP.Tests.Unit.Http.Middleware.McpCorsMiddlewareTest" assertions="1" time="0.004574"/>
        <testcase name="it_allows_all_origins_with_wildcard" file="/var/www/html/tests/Unit/Http/Middleware/McpCorsMiddlewareTest.php" line="145" class="JTD\LaravelMCP\Tests\Unit\Http\Middleware\McpCorsMiddlewareTest" classname="JTD.LaravelMCP.Tests.Unit.Http.Middleware.McpCorsMiddlewareTest" assertions="1" time="0.004633"/>
        <testcase name="it_uses_default_configuration_values" file="/var/www/html/tests/Unit/Http/Middleware/McpCorsMiddlewareTest.php" line="191" class="JTD\LaravelMCP\Tests\Unit\Http\Middleware\McpCorsMiddlewareTest" classname="JTD.LaravelMCP.Tests.Unit.Http.Middleware.McpCorsMiddlewareTest" assertions="6" time="0.005526"/>
        <testcase name="it_includes_mcp_specific_headers" file="/var/www/html/tests/Unit/Http/Middleware/McpCorsMiddlewareTest.php" line="217" class="JTD\LaravelMCP\Tests\Unit\Http\Middleware\McpCorsMiddlewareTest" classname="JTD.LaravelMCP.Tests.Unit.Http.Middleware.McpCorsMiddlewareTest" assertions="3" time="0.006227"/>
        <testcase name="it_adds_cors_headers_to_regular_requests" file="/var/www/html/tests/Unit/Http/Middleware/McpCorsMiddlewareTest.php" line="40" class="JTD\LaravelMCP\Tests\Unit\Http\Middleware\McpCorsMiddlewareTest" classname="JTD.LaravelMCP.Tests.Unit.Http.Middleware.McpCorsMiddlewareTest" assertions="5" time="0.007809"/>
        <testcase name="it_handles_preflight_options_requests" file="/var/www/html/tests/Unit/Http/Middleware/McpCorsMiddlewareTest.php" line="70" class="JTD\LaravelMCP\Tests\Unit\Http\Middleware\McpCorsMiddlewareTest" classname="JTD.LaravelMCP.Tests.Unit.Http.Middleware.McpCorsMiddlewareTest" assertions="5" time="0.005951"/>
        <testcase name="it_sets_default_origin_when_no_origin_header" file="/var/www/html/tests/Unit/Http/Middleware/McpCorsMiddlewareTest.php" line="168" class="JTD\LaravelMCP\Tests\Unit\Http\Middleware\McpCorsMiddlewareTest" classname="JTD.LaravelMCP.Tests.Unit.Http.Middleware.McpCorsMiddlewareTest" assertions="1" time="0.005052"/>
      </testsuite>
      <testsuite name="JTD\LaravelMCP\Tests\Unit\LaravelMcpServiceProviderTest" file="/var/www/html/tests/Unit/LaravelMcpServiceProviderTest.php" tests="39" assertions="94" errors="0" failures="0" skipped="0" time="0.272818">
        <testsuite name="JTD\LaravelMCP\Tests\Unit\LaravelMcpServiceProviderTest::it_resolves_individual_services" tests="9" assertions="9" errors="0" failures="0" skipped="0" time="0.055734">
          <testcase name="it_resolves_individual_services with data set &quot;McpRegistry&quot;" file="/var/www/html/tests/Unit/LaravelMcpServiceProviderTest.php" line="520" class="JTD\LaravelMCP\Tests\Unit\LaravelMcpServiceProviderTest" classname="JTD.LaravelMCP.Tests.Unit.LaravelMcpServiceProviderTest" assertions="1" time="0.005652"/>
          <testcase name="it_resolves_individual_services with data set &quot;TransportManager&quot;" file="/var/www/html/tests/Unit/LaravelMcpServiceProviderTest.php" line="520" class="JTD\LaravelMCP\Tests\Unit\LaravelMcpServiceProviderTest" classname="JTD.LaravelMCP.Tests.Unit.LaravelMcpServiceProviderTest" assertions="1" time="0.005311"/>
          <testcase name="it_resolves_individual_services with data set &quot;JsonRpcHandler&quot;" file="/var/www/html/tests/Unit/LaravelMcpServiceProviderTest.php" line="520" class="JTD\LaravelMCP\Tests\Unit\LaravelMcpServiceProviderTest" classname="JTD.LaravelMCP.Tests.Unit.LaravelMcpServiceProviderTest" assertions="1" time="0.005928"/>
          <testcase name="it_resolves_individual_services with data set &quot;MessageProcessor&quot;" file="/var/www/html/tests/Unit/LaravelMcpServiceProviderTest.php" line="520" class="JTD\LaravelMCP\Tests\Unit\LaravelMcpServiceProviderTest" classname="JTD.LaravelMCP.Tests.Unit.LaravelMcpServiceProviderTest" assertions="1" time="0.005907"/>
          <testcase name="it_resolves_individual_services with data set &quot;CapabilityNegotiator&quot;" file="/var/www/html/tests/Unit/LaravelMcpServiceProviderTest.php" line="520" class="JTD\LaravelMCP\Tests\Unit\LaravelMcpServiceProviderTest" classname="JTD.LaravelMCP.Tests.Unit.LaravelMcpServiceProviderTest" assertions="1" time="0.004995"/>
          <testcase name="it_resolves_individual_services with data set &quot;ToolRegistry&quot;" file="/var/www/html/tests/Unit/LaravelMcpServiceProviderTest.php" line="520" class="JTD\LaravelMCP\Tests\Unit\LaravelMcpServiceProviderTest" classname="JTD.LaravelMCP.Tests.Unit.LaravelMcpServiceProviderTest" assertions="1" time="0.006805"/>
          <testcase name="it_resolves_individual_services with data set &quot;ResourceRegistry&quot;" file="/var/www/html/tests/Unit/LaravelMcpServiceProviderTest.php" line="520" class="JTD\LaravelMCP\Tests\Unit\LaravelMcpServiceProviderTest" classname="JTD.LaravelMCP.Tests.Unit.LaravelMcpServiceProviderTest" assertions="1" time="0.006512"/>
          <testcase name="it_resolves_individual_services with data set &quot;PromptRegistry&quot;" file="/var/www/html/tests/Unit/LaravelMcpServiceProviderTest.php" line="520" class="JTD\LaravelMCP\Tests\Unit\LaravelMcpServiceProviderTest" classname="JTD.LaravelMCP.Tests.Unit.LaravelMcpServiceProviderTest" assertions="1" time="0.007823"/>
          <testcase name="it_resolves_individual_services with data set &quot;ComponentDiscovery&quot;" file="/var/www/html/tests/Unit/LaravelMcpServiceProviderTest.php" line="520" class="JTD\LaravelMCP\Tests\Unit\LaravelMcpServiceProviderTest" classname="JTD.LaravelMCP.Tests.Unit.LaravelMcpServiceProviderTest" assertions="1" time="0.006800"/>
        </testsuite>
        <testcase name="it_validates_dependencies_successfully_when_met" file="/var/www/html/tests/Unit/LaravelMcpServiceProviderTest.php" line="241" class="JTD\LaravelMCP\Tests\Unit\LaravelMcpServiceProviderTest" classname="JTD.LaravelMCP.Tests.Unit.LaravelMcpServiceProviderTest" assertions="1" time="0.005181"/>
        <testcase name="it_detects_console_environment" file="/var/www/html/tests/Unit/LaravelMcpServiceProviderTest.php" line="282" class="JTD\LaravelMCP\Tests\Unit\LaravelMcpServiceProviderTest" classname="JTD.LaravelMCP.Tests.Unit.LaravelMcpServiceProviderTest" assertions="1" time="0.010230"/>
        <testcase name="it_detects_testing_environment" file="/var/www/html/tests/Unit/LaravelMcpServiceProviderTest.php" line="306" class="JTD\LaravelMCP\Tests\Unit\LaravelMcpServiceProviderTest" classname="JTD.LaravelMCP.Tests.Unit.LaravelMcpServiceProviderTest" assertions="1" time="0.005867"/>
        <testcase name="it_detects_web_environment" file="/var/www/html/tests/Unit/LaravelMcpServiceProviderTest.php" line="330" class="JTD\LaravelMCP\Tests\Unit\LaravelMcpServiceProviderTest" classname="JTD.LaravelMCP.Tests.Unit.LaravelMcpServiceProviderTest" assertions="1" time="0.005172"/>
        <testcase name="it_skips_discovery_when_disabled" file="/var/www/html/tests/Unit/LaravelMcpServiceProviderTest.php" line="354" class="JTD\LaravelMCP\Tests\Unit\LaravelMcpServiceProviderTest" classname="JTD.LaravelMCP.Tests.Unit.LaravelMcpServiceProviderTest" assertions="1" time="0.006526"/>
        <testcase name="it_runs_discovery_when_enabled" file="/var/www/html/tests/Unit/LaravelMcpServiceProviderTest.php" line="376" class="JTD\LaravelMCP\Tests\Unit\LaravelMcpServiceProviderTest" classname="JTD.LaravelMCP.Tests.Unit.LaravelMcpServiceProviderTest" assertions="1" time="0.005582"/>
        <testcase name="it_handles_boot_failure_gracefully_in_production" file="/var/www/html/tests/Unit/LaravelMcpServiceProviderTest.php" line="750" class="JTD\LaravelMCP\Tests\Unit\LaravelMcpServiceProviderTest" classname="JTD.LaravelMCP.Tests.Unit.LaravelMcpServiceProviderTest" assertions="2" time="0.006014"/>
        <testcase name="it_registers_all_singleton_services" file="/var/www/html/tests/Unit/LaravelMcpServiceProviderTest.php" line="61" class="JTD\LaravelMCP\Tests\Unit\LaravelMcpServiceProviderTest" classname="JTD.LaravelMCP.Tests.Unit.LaravelMcpServiceProviderTest" assertions="9" time="0.007714"/>
        <testcase name="it_ensures_singletons_return_same_instance" file="/var/www/html/tests/Unit/LaravelMcpServiceProviderTest.php" line="88" class="JTD\LaravelMCP\Tests\Unit\LaravelMcpServiceProviderTest" classname="JTD.LaravelMCP.Tests.Unit.LaravelMcpServiceProviderTest" assertions="9" time="0.009493"/>
        <testcase name="it_registers_transport_implementations" file="/var/www/html/tests/Unit/LaravelMcpServiceProviderTest.php" line="118" class="JTD\LaravelMCP\Tests\Unit\LaravelMcpServiceProviderTest" classname="JTD.LaravelMCP.Tests.Unit.LaravelMcpServiceProviderTest" assertions="4" time="0.009698"/>
        <testcase name="it_binds_interfaces_to_implementations" file="/var/www/html/tests/Unit/LaravelMcpServiceProviderTest.php" line="139" class="JTD\LaravelMCP\Tests\Unit\LaravelMcpServiceProviderTest" classname="JTD.LaravelMCP.Tests.Unit.LaravelMcpServiceProviderTest" assertions="4" time="0.009919"/>
        <testcase name="it_binds_transport_interface_to_default_transport" file="/var/www/html/tests/Unit/LaravelMcpServiceProviderTest.php" line="160" class="JTD\LaravelMCP\Tests\Unit\LaravelMcpServiceProviderTest" classname="JTD.LaravelMCP.Tests.Unit.LaravelMcpServiceProviderTest" assertions="2" time="0.007901"/>
        <testcase name="it_merges_mcp_transports_configuration" file="/var/www/html/tests/Unit/LaravelMcpServiceProviderTest.php" line="202" class="JTD\LaravelMCP\Tests\Unit\LaravelMcpServiceProviderTest" classname="JTD.LaravelMCP.Tests.Unit.LaravelMcpServiceProviderTest" assertions="2" time="0.006132"/>
        <testcase name="it_allows_custom_configuration_to_override_defaults" file="/var/www/html/tests/Unit/LaravelMcpServiceProviderTest.php" line="219" class="JTD\LaravelMCP\Tests\Unit\LaravelMcpServiceProviderTest" classname="JTD.LaravelMCP.Tests.Unit.LaravelMcpServiceProviderTest" assertions="4" time="0.005379"/>
        <testcase name="it_throws_exception_when_required_dependencies_are_missing" file="/var/www/html/tests/Unit/LaravelMcpServiceProviderTest.php" line="254" class="JTD\LaravelMCP\Tests\Unit\LaravelMcpServiceProviderTest" classname="JTD.LaravelMCP.Tests.Unit.LaravelMcpServiceProviderTest" assertions="2" time="0.005174"/>
        <testcase name="it_sets_up_publishing_configurations" file="/var/www/html/tests/Unit/LaravelMcpServiceProviderTest.php" line="406" class="JTD\LaravelMCP\Tests\Unit\LaravelMcpServiceProviderTest" classname="JTD.LaravelMCP.Tests.Unit.LaravelMcpServiceProviderTest" assertions="2" time="0.005835"/>
        <testcase name="it_loads_routes_when_mcp_routes_file_exists" file="/var/www/html/tests/Unit/LaravelMcpServiceProviderTest.php" line="427" class="JTD\LaravelMCP\Tests\Unit\LaravelMcpServiceProviderTest" classname="JTD.LaravelMCP.Tests.Unit.LaravelMcpServiceProviderTest" assertions="1" time="0.007627"/>
        <testcase name="it_skips_routes_when_mcp_routes_file_does_not_exist" file="/var/www/html/tests/Unit/LaravelMcpServiceProviderTest.php" line="455" class="JTD\LaravelMCP\Tests\Unit\LaravelMcpServiceProviderTest" classname="JTD.LaravelMCP.Tests.Unit.LaravelMcpServiceProviderTest" assertions="1" time="0.008509"/>
        <testcase name="it_runs_console_boot_only_in_console" file="/var/www/html/tests/Unit/LaravelMcpServiceProviderTest.php" line="473" class="JTD\LaravelMCP\Tests\Unit\LaravelMcpServiceProviderTest" classname="JTD.LaravelMCP.Tests.Unit.LaravelMcpServiceProviderTest" assertions="1" time="0.005641"/>
        <testcase name="it_resolves_all_services_after_boot" file="/var/www/html/tests/Unit/LaravelMcpServiceProviderTest.php" line="536" class="JTD\LaravelMCP\Tests\Unit\LaravelMcpServiceProviderTest" classname="JTD.LaravelMCP.Tests.Unit.LaravelMcpServiceProviderTest" assertions="14" time="0.006487"/>
        <testcase name="it_validates_configuration_structure" file="/var/www/html/tests/Unit/LaravelMcpServiceProviderTest.php" line="570" class="JTD\LaravelMCP\Tests\Unit\LaravelMcpServiceProviderTest" classname="JTD.LaravelMCP.Tests.Unit.LaravelMcpServiceProviderTest" assertions="1" time="0.005698"/>
        <testcase name="it_handles_invalid_configuration_gracefully" file="/var/www/html/tests/Unit/LaravelMcpServiceProviderTest.php" line="594" class="JTD\LaravelMCP\Tests\Unit\LaravelMcpServiceProviderTest" classname="JTD.LaravelMCP.Tests.Unit.LaravelMcpServiceProviderTest" assertions="2" time="0.006250"/>
        <testcase name="it_registers_middleware_when_auto_register_enabled" file="/var/www/html/tests/Unit/LaravelMcpServiceProviderTest.php" line="612" class="JTD\LaravelMCP\Tests\Unit\LaravelMcpServiceProviderTest" classname="JTD.LaravelMCP.Tests.Unit.LaravelMcpServiceProviderTest" assertions="1" time="0.007462"/>
        <testcase name="it_registers_auth_middleware_when_auth_enabled" file="/var/www/html/tests/Unit/LaravelMcpServiceProviderTest.php" line="644" class="JTD\LaravelMCP\Tests\Unit\LaravelMcpServiceProviderTest" classname="JTD.LaravelMCP.Tests.Unit.LaravelMcpServiceProviderTest" assertions="1" time="0.007698"/>
        <testcase name="it_skips_middleware_auto_registration_when_disabled" file="/var/www/html/tests/Unit/LaravelMcpServiceProviderTest.php" line="677" class="JTD\LaravelMCP\Tests\Unit\LaravelMcpServiceProviderTest" classname="JTD.LaravelMCP.Tests.Unit.LaravelMcpServiceProviderTest" assertions="1" time="0.007050"/>
        <testcase name="it_registers_event_hooks" file="/var/www/html/tests/Unit/LaravelMcpServiceProviderTest.php" line="704" class="JTD\LaravelMCP\Tests\Unit\LaravelMcpServiceProviderTest" classname="JTD.LaravelMCP.Tests.Unit.LaravelMcpServiceProviderTest" assertions="1" time="0.008372"/>
        <testcase name="it_has_proper_error_handling_structure" file="/var/www/html/tests/Unit/LaravelMcpServiceProviderTest.php" line="730" class="JTD\LaravelMCP\Tests\Unit\LaravelMcpServiceProviderTest" classname="JTD.LaravelMCP.Tests.Unit.LaravelMcpServiceProviderTest" assertions="2" time="0.009806"/>
        <testcase name="it_registers_lazy_services" file="/var/www/html/tests/Unit/LaravelMcpServiceProviderTest.php" line="768" class="JTD\LaravelMCP\Tests\Unit\LaravelMcpServiceProviderTest" classname="JTD.LaravelMCP.Tests.Unit.LaravelMcpServiceProviderTest" assertions="3" time="0.007187"/>
        <testcase name="it_registers_caching_services" file="/var/www/html/tests/Unit/LaravelMcpServiceProviderTest.php" line="783" class="JTD\LaravelMCP\Tests\Unit\LaravelMcpServiceProviderTest" classname="JTD.LaravelMCP.Tests.Unit.LaravelMcpServiceProviderTest" assertions="3" time="0.006491"/>
        <testcase name="it_merges_laravel_mcp_configuration" file="/var/www/html/tests/Unit/LaravelMcpServiceProviderTest.php" line="181" class="JTD\LaravelMCP\Tests\Unit\LaravelMcpServiceProviderTest" classname="JTD.LaravelMCP.Tests.Unit.LaravelMcpServiceProviderTest" assertions="7" time="0.010991"/>
      </testsuite>
      <testsuite name="JTD\LaravelMCP\Tests\Unit\Protocol\Contracts\JsonRpcHandlerInterfaceTest" file="/var/www/html/tests/Unit/Protocol/Contracts/JsonRpcHandlerInterfaceTest.php" tests="24" assertions="85" errors="0" failures="0" skipped="0" time="0.155757">
        <testcase name="test_handle_request_with_valid_request" file="/var/www/html/tests/Unit/Protocol/Contracts/JsonRpcHandlerInterfaceTest.php" line="30" class="JTD\LaravelMCP\Tests\Unit\Protocol\Contracts\JsonRpcHandlerInterfaceTest" classname="JTD.LaravelMCP.Tests.Unit.Protocol.Contracts.JsonRpcHandlerInterfaceTest" assertions="2" time="0.015698"/>
        <testcase name="test_handle_request_with_params" file="/var/www/html/tests/Unit/Protocol/Contracts/JsonRpcHandlerInterfaceTest.php" line="58" class="JTD\LaravelMCP\Tests\Unit\Protocol\Contracts\JsonRpcHandlerInterfaceTest" classname="JTD.LaravelMCP.Tests.Unit.Protocol.Contracts.JsonRpcHandlerInterfaceTest" assertions="2" time="0.007926"/>
        <testcase name="test_handle_notification" file="/var/www/html/tests/Unit/Protocol/Contracts/JsonRpcHandlerInterfaceTest.php" line="90" class="JTD\LaravelMCP\Tests\Unit\Protocol\Contracts\JsonRpcHandlerInterfaceTest" classname="JTD.LaravelMCP.Tests.Unit.Protocol.Contracts.JsonRpcHandlerInterfaceTest" assertions="1" time="0.008071"/>
        <testcase name="test_handle_notification_with_params" file="/var/www/html/tests/Unit/Protocol/Contracts/JsonRpcHandlerInterfaceTest.php" line="108" class="JTD\LaravelMCP\Tests\Unit\Protocol\Contracts\JsonRpcHandlerInterfaceTest" classname="JTD.LaravelMCP.Tests.Unit.Protocol.Contracts.JsonRpcHandlerInterfaceTest" assertions="1" time="0.005756"/>
        <testcase name="test_handle_response_success" file="/var/www/html/tests/Unit/Protocol/Contracts/JsonRpcHandlerInterfaceTest.php" line="130" class="JTD\LaravelMCP\Tests\Unit\Protocol\Contracts\JsonRpcHandlerInterfaceTest" classname="JTD.LaravelMCP.Tests.Unit.Protocol.Contracts.JsonRpcHandlerInterfaceTest" assertions="1" time="0.007248"/>
        <testcase name="test_handle_response_error" file="/var/www/html/tests/Unit/Protocol/Contracts/JsonRpcHandlerInterfaceTest.php" line="149" class="JTD\LaravelMCP\Tests\Unit\Protocol\Contracts\JsonRpcHandlerInterfaceTest" classname="JTD.LaravelMCP.Tests.Unit.Protocol.Contracts.JsonRpcHandlerInterfaceTest" assertions="1" time="0.005553"/>
        <testcase name="test_create_request_without_params" file="/var/www/html/tests/Unit/Protocol/Contracts/JsonRpcHandlerInterfaceTest.php" line="171" class="JTD\LaravelMCP\Tests\Unit\Protocol\Contracts\JsonRpcHandlerInterfaceTest" classname="JTD.LaravelMCP.Tests.Unit.Protocol.Contracts.JsonRpcHandlerInterfaceTest" assertions="2" time="0.005772"/>
        <testcase name="test_create_request_with_params" file="/var/www/html/tests/Unit/Protocol/Contracts/JsonRpcHandlerInterfaceTest.php" line="193" class="JTD\LaravelMCP\Tests\Unit\Protocol\Contracts\JsonRpcHandlerInterfaceTest" classname="JTD.LaravelMCP.Tests.Unit.Protocol.Contracts.JsonRpcHandlerInterfaceTest" assertions="2" time="0.004957"/>
        <testcase name="test_create_request_notification" file="/var/www/html/tests/Unit/Protocol/Contracts/JsonRpcHandlerInterfaceTest.php" line="218" class="JTD\LaravelMCP\Tests\Unit\Protocol\Contracts\JsonRpcHandlerInterfaceTest" classname="JTD.LaravelMCP.Tests.Unit.Protocol.Contracts.JsonRpcHandlerInterfaceTest" assertions="2" time="0.006069"/>
        <testcase name="test_create_success_response" file="/var/www/html/tests/Unit/Protocol/Contracts/JsonRpcHandlerInterfaceTest.php" line="239" class="JTD\LaravelMCP\Tests\Unit\Protocol\Contracts\JsonRpcHandlerInterfaceTest" classname="JTD.LaravelMCP.Tests.Unit.Protocol.Contracts.JsonRpcHandlerInterfaceTest" assertions="2" time="0.006827"/>
        <testcase name="test_create_error_response_with_data" file="/var/www/html/tests/Unit/Protocol/Contracts/JsonRpcHandlerInterfaceTest.php" line="289" class="JTD\LaravelMCP\Tests\Unit\Protocol\Contracts\JsonRpcHandlerInterfaceTest" classname="JTD.LaravelMCP.Tests.Unit.Protocol.Contracts.JsonRpcHandlerInterfaceTest" assertions="2" time="0.005881"/>
        <testcase name="test_create_error_response_for_notification" file="/var/www/html/tests/Unit/Protocol/Contracts/JsonRpcHandlerInterfaceTest.php" line="317" class="JTD\LaravelMCP\Tests\Unit\Protocol\Contracts\JsonRpcHandlerInterfaceTest" classname="JTD.LaravelMCP.Tests.Unit.Protocol.Contracts.JsonRpcHandlerInterfaceTest" assertions="2" time="0.005869"/>
        <testcase name="test_validate_message_valid" file="/var/www/html/tests/Unit/Protocol/Contracts/JsonRpcHandlerInterfaceTest.php" line="342" class="JTD\LaravelMCP\Tests\Unit\Protocol\Contracts\JsonRpcHandlerInterfaceTest" classname="JTD.LaravelMCP.Tests.Unit.Protocol.Contracts.JsonRpcHandlerInterfaceTest" assertions="2" time="0.005659"/>
        <testcase name="test_is_request_valid" file="/var/www/html/tests/Unit/Protocol/Contracts/JsonRpcHandlerInterfaceTest.php" line="380" class="JTD\LaravelMCP\Tests\Unit\Protocol\Contracts\JsonRpcHandlerInterfaceTest" classname="JTD.LaravelMCP.Tests.Unit.Protocol.Contracts.JsonRpcHandlerInterfaceTest" assertions="2" time="0.006147"/>
        <testcase name="test_is_request_with_notification" file="/var/www/html/tests/Unit/Protocol/Contracts/JsonRpcHandlerInterfaceTest.php" line="400" class="JTD\LaravelMCP\Tests\Unit\Protocol\Contracts\JsonRpcHandlerInterfaceTest" classname="JTD.LaravelMCP.Tests.Unit.Protocol.Contracts.JsonRpcHandlerInterfaceTest" assertions="2" time="0.005407"/>
        <testcase name="test_is_notification_valid" file="/var/www/html/tests/Unit/Protocol/Contracts/JsonRpcHandlerInterfaceTest.php" line="420" class="JTD\LaravelMCP\Tests\Unit\Protocol\Contracts\JsonRpcHandlerInterfaceTest" classname="JTD.LaravelMCP.Tests.Unit.Protocol.Contracts.JsonRpcHandlerInterfaceTest" assertions="2" time="0.004871"/>
        <testcase name="test_is_notification_with_request" file="/var/www/html/tests/Unit/Protocol/Contracts/JsonRpcHandlerInterfaceTest.php" line="440" class="JTD\LaravelMCP\Tests\Unit\Protocol\Contracts\JsonRpcHandlerInterfaceTest" classname="JTD.LaravelMCP.Tests.Unit.Protocol.Contracts.JsonRpcHandlerInterfaceTest" assertions="2" time="0.005221"/>
        <testcase name="test_is_response_success" file="/var/www/html/tests/Unit/Protocol/Contracts/JsonRpcHandlerInterfaceTest.php" line="460" class="JTD\LaravelMCP\Tests\Unit\Protocol\Contracts\JsonRpcHandlerInterfaceTest" classname="JTD.LaravelMCP.Tests.Unit.Protocol.Contracts.JsonRpcHandlerInterfaceTest" assertions="2" time="0.005187"/>
        <testcase name="test_is_response_error" file="/var/www/html/tests/Unit/Protocol/Contracts/JsonRpcHandlerInterfaceTest.php" line="480" class="JTD\LaravelMCP\Tests\Unit\Protocol\Contracts\JsonRpcHandlerInterfaceTest" classname="JTD.LaravelMCP.Tests.Unit.Protocol.Contracts.JsonRpcHandlerInterfaceTest" assertions="2" time="0.004943"/>
        <testcase name="test_is_response_with_request" file="/var/www/html/tests/Unit/Protocol/Contracts/JsonRpcHandlerInterfaceTest.php" line="503" class="JTD\LaravelMCP\Tests\Unit\Protocol\Contracts\JsonRpcHandlerInterfaceTest" classname="JTD.LaravelMCP.Tests.Unit.Protocol.Contracts.JsonRpcHandlerInterfaceTest" assertions="2" time="0.006601"/>
        <testcase name="test_create_error_response_without_data" file="/var/www/html/tests/Unit/Protocol/Contracts/JsonRpcHandlerInterfaceTest.php" line="264" class="JTD\LaravelMCP\Tests\Unit\Protocol\Contracts\JsonRpcHandlerInterfaceTest" classname="JTD.LaravelMCP.Tests.Unit.Protocol.Contracts.JsonRpcHandlerInterfaceTest" assertions="2" time="0.006918"/>
        <testcase name="test_validate_message_invalid" file="/var/www/html/tests/Unit/Protocol/Contracts/JsonRpcHandlerInterfaceTest.php" line="362" class="JTD\LaravelMCP\Tests\Unit\Protocol\Contracts\JsonRpcHandlerInterfaceTest" classname="JTD.LaravelMCP.Tests.Unit.Protocol.Contracts.JsonRpcHandlerInterfaceTest" assertions="2" time="0.004825"/>
        <testcase name="test_handle_batch_request" file="/var/www/html/tests/Unit/Protocol/Contracts/JsonRpcHandlerInterfaceTest.php" line="523" class="JTD\LaravelMCP\Tests\Unit\Protocol\Contracts\JsonRpcHandlerInterfaceTest" classname="JTD.LaravelMCP.Tests.Unit.Protocol.Contracts.JsonRpcHandlerInterfaceTest" assertions="2" time="0.006257"/>
        <testcase name="test_json_rpc_error_codes" file="/var/www/html/tests/Unit/Protocol/Contracts/JsonRpcHandlerInterfaceTest.php" line="551" class="JTD\LaravelMCP\Tests\Unit\Protocol\Contracts\JsonRpcHandlerInterfaceTest" classname="JTD.LaravelMCP.Tests.Unit.Protocol.Contracts.JsonRpcHandlerInterfaceTest" assertions="43" time="0.008095"/>
      </testsuite>
      <testsuite name="JTD\LaravelMCP\Tests\Unit\Protocol\Contracts\ProtocolHandlerInterfaceTest" file="/var/www/html/tests/Unit/Protocol/Contracts/ProtocolHandlerInterfaceTest.php" tests="23" assertions="62" errors="0" failures="0" skipped="0" time="0.143133">
        <testcase name="test_initialize_with_capabilities" file="/var/www/html/tests/Unit/Protocol/Contracts/ProtocolHandlerInterfaceTest.php" line="30" class="JTD\LaravelMCP\Tests\Unit\Protocol\Contracts\ProtocolHandlerInterfaceTest" classname="JTD.LaravelMCP.Tests.Unit.Protocol.Contracts.ProtocolHandlerInterfaceTest" assertions="1" time="0.008266"/>
        <testcase name="test_initialize_with_empty_capabilities" file="/var/www/html/tests/Unit/Protocol/Contracts/ProtocolHandlerInterfaceTest.php" line="50" class="JTD\LaravelMCP\Tests\Unit\Protocol\Contracts\ProtocolHandlerInterfaceTest" classname="JTD.LaravelMCP.Tests.Unit.Protocol.Contracts.ProtocolHandlerInterfaceTest" assertions="1" time="0.006519"/>
        <testcase name="test_handle_initialize" file="/var/www/html/tests/Unit/Protocol/Contracts/ProtocolHandlerInterfaceTest.php" line="63" class="JTD\LaravelMCP\Tests\Unit\Protocol\Contracts\ProtocolHandlerInterfaceTest" classname="JTD.LaravelMCP.Tests.Unit.Protocol.Contracts.ProtocolHandlerInterfaceTest" assertions="2" time="0.005896"/>
        <testcase name="test_handle_initialized" file="/var/www/html/tests/Unit/Protocol/Contracts/ProtocolHandlerInterfaceTest.php" line="104" class="JTD\LaravelMCP\Tests\Unit\Protocol\Contracts\ProtocolHandlerInterfaceTest" classname="JTD.LaravelMCP.Tests.Unit.Protocol.Contracts.ProtocolHandlerInterfaceTest" assertions="1" time="0.005001"/>
        <testcase name="test_handle_ping" file="/var/www/html/tests/Unit/Protocol/Contracts/ProtocolHandlerInterfaceTest.php" line="116" class="JTD\LaravelMCP\Tests\Unit\Protocol\Contracts\ProtocolHandlerInterfaceTest" classname="JTD.LaravelMCP.Tests.Unit.Protocol.Contracts.ProtocolHandlerInterfaceTest" assertions="2" time="0.005636"/>
        <testcase name="test_handle_tools_list_without_params" file="/var/www/html/tests/Unit/Protocol/Contracts/ProtocolHandlerInterfaceTest.php" line="133" class="JTD\LaravelMCP\Tests\Unit\Protocol\Contracts\ProtocolHandlerInterfaceTest" classname="JTD.LaravelMCP.Tests.Unit.Protocol.Contracts.ProtocolHandlerInterfaceTest" assertions="2" time="0.005936"/>
        <testcase name="test_handle_tools_list_with_filters" file="/var/www/html/tests/Unit/Protocol/Contracts/ProtocolHandlerInterfaceTest.php" line="162" class="JTD\LaravelMCP\Tests\Unit\Protocol\Contracts\ProtocolHandlerInterfaceTest" classname="JTD.LaravelMCP.Tests.Unit.Protocol.Contracts.ProtocolHandlerInterfaceTest" assertions="2" time="0.005705"/>
        <testcase name="test_handle_tools_call" file="/var/www/html/tests/Unit/Protocol/Contracts/ProtocolHandlerInterfaceTest.php" line="188" class="JTD\LaravelMCP\Tests\Unit\Protocol\Contracts\ProtocolHandlerInterfaceTest" classname="JTD.LaravelMCP.Tests.Unit.Protocol.Contracts.ProtocolHandlerInterfaceTest" assertions="2" time="0.006420"/>
        <testcase name="test_handle_resources_list_without_params" file="/var/www/html/tests/Unit/Protocol/Contracts/ProtocolHandlerInterfaceTest.php" line="222" class="JTD\LaravelMCP\Tests\Unit\Protocol\Contracts\ProtocolHandlerInterfaceTest" classname="JTD.LaravelMCP.Tests.Unit.Protocol.Contracts.ProtocolHandlerInterfaceTest" assertions="2" time="0.006641"/>
        <testcase name="test_handle_resources_subscribe" file="/var/www/html/tests/Unit/Protocol/Contracts/ProtocolHandlerInterfaceTest.php" line="279" class="JTD\LaravelMCP\Tests\Unit\Protocol\Contracts\ProtocolHandlerInterfaceTest" classname="JTD.LaravelMCP.Tests.Unit.Protocol.Contracts.ProtocolHandlerInterfaceTest" assertions="2" time="0.007831"/>
        <testcase name="test_handle_resources_unsubscribe" file="/var/www/html/tests/Unit/Protocol/Contracts/ProtocolHandlerInterfaceTest.php" line="303" class="JTD\LaravelMCP\Tests\Unit\Protocol\Contracts\ProtocolHandlerInterfaceTest" classname="JTD.LaravelMCP.Tests.Unit.Protocol.Contracts.ProtocolHandlerInterfaceTest" assertions="2" time="0.007998"/>
        <testcase name="test_handle_prompts_list_without_params" file="/var/www/html/tests/Unit/Protocol/Contracts/ProtocolHandlerInterfaceTest.php" line="327" class="JTD\LaravelMCP\Tests\Unit\Protocol\Contracts\ProtocolHandlerInterfaceTest" classname="JTD.LaravelMCP.Tests.Unit.Protocol.Contracts.ProtocolHandlerInterfaceTest" assertions="2" time="0.006373"/>
        <testcase name="test_handle_prompts_get" file="/var/www/html/tests/Unit/Protocol/Contracts/ProtocolHandlerInterfaceTest.php" line="358" class="JTD\LaravelMCP\Tests\Unit\Protocol\Contracts\ProtocolHandlerInterfaceTest" classname="JTD.LaravelMCP.Tests.Unit.Protocol.Contracts.ProtocolHandlerInterfaceTest" assertions="2" time="0.005074"/>
        <testcase name="test_handle_logging_set_level" file="/var/www/html/tests/Unit/Protocol/Contracts/ProtocolHandlerInterfaceTest.php" line="393" class="JTD\LaravelMCP\Tests\Unit\Protocol\Contracts\ProtocolHandlerInterfaceTest" classname="JTD.LaravelMCP.Tests.Unit.Protocol.Contracts.ProtocolHandlerInterfaceTest" assertions="2" time="0.005374"/>
        <testcase name="test_get_capabilities" file="/var/www/html/tests/Unit/Protocol/Contracts/ProtocolHandlerInterfaceTest.php" line="417" class="JTD\LaravelMCP\Tests\Unit\Protocol\Contracts\ProtocolHandlerInterfaceTest" classname="JTD.LaravelMCP.Tests.Unit.Protocol.Contracts.ProtocolHandlerInterfaceTest" assertions="2" time="0.004941"/>
        <testcase name="test_get_server_info" file="/var/www/html/tests/Unit/Protocol/Contracts/ProtocolHandlerInterfaceTest.php" line="440" class="JTD\LaravelMCP\Tests\Unit\Protocol\Contracts\ProtocolHandlerInterfaceTest" classname="JTD.LaravelMCP.Tests.Unit.Protocol.Contracts.ProtocolHandlerInterfaceTest" assertions="2" time="0.004877"/>
        <testcase name="test_can_handle_method_supported" file="/var/www/html/tests/Unit/Protocol/Contracts/ProtocolHandlerInterfaceTest.php" line="461" class="JTD\LaravelMCP\Tests\Unit\Protocol\Contracts\ProtocolHandlerInterfaceTest" classname="JTD.LaravelMCP.Tests.Unit.Protocol.Contracts.ProtocolHandlerInterfaceTest" assertions="2" time="0.006848"/>
        <testcase name="test_can_handle_method_unsupported" file="/var/www/html/tests/Unit/Protocol/Contracts/ProtocolHandlerInterfaceTest.php" line="475" class="JTD\LaravelMCP\Tests\Unit\Protocol\Contracts\ProtocolHandlerInterfaceTest" classname="JTD.LaravelMCP.Tests.Unit.Protocol.Contracts.ProtocolHandlerInterfaceTest" assertions="2" time="0.008490"/>
        <testcase name="test_get_supported_methods" file="/var/www/html/tests/Unit/Protocol/Contracts/ProtocolHandlerInterfaceTest.php" line="489" class="JTD\LaravelMCP\Tests\Unit\Protocol\Contracts\ProtocolHandlerInterfaceTest" classname="JTD.LaravelMCP.Tests.Unit.Protocol.Contracts.ProtocolHandlerInterfaceTest" assertions="2" time="0.007570"/>
        <testcase name="test_full_initialization_sequence" file="/var/www/html/tests/Unit/Protocol/Contracts/ProtocolHandlerInterfaceTest.php" line="519" class="JTD\LaravelMCP\Tests\Unit\Protocol\Contracts\ProtocolHandlerInterfaceTest" classname="JTD.LaravelMCP.Tests.Unit.Protocol.Contracts.ProtocolHandlerInterfaceTest" assertions="2" time="0.005465"/>
        <testcase name="test_unsupported_capabilities" file="/var/www/html/tests/Unit/Protocol/Contracts/ProtocolHandlerInterfaceTest.php" line="590" class="JTD\LaravelMCP\Tests\Unit\Protocol\Contracts\ProtocolHandlerInterfaceTest" classname="JTD.LaravelMCP.Tests.Unit.Protocol.Contracts.ProtocolHandlerInterfaceTest" assertions="2" time="0.004692"/>
        <testcase name="test_handle_resources_read" file="/var/www/html/tests/Unit/Protocol/Contracts/ProtocolHandlerInterfaceTest.php" line="249" class="JTD\LaravelMCP\Tests\Unit\Protocol\Contracts\ProtocolHandlerInterfaceTest" classname="JTD.LaravelMCP.Tests.Unit.Protocol.Contracts.ProtocolHandlerInterfaceTest" assertions="2" time="0.006135"/>
        <testcase name="test_handle_all_mcp_methods" file="/var/www/html/tests/Unit/Protocol/Contracts/ProtocolHandlerInterfaceTest.php" line="553" class="JTD\LaravelMCP\Tests\Unit\Protocol\Contracts\ProtocolHandlerInterfaceTest" classname="JTD.LaravelMCP.Tests.Unit.Protocol.Contracts.ProtocolHandlerInterfaceTest" assertions="21" time="0.005446"/>
      </testsuite>
      <testsuite name="JTD\LaravelMCP\Tests\Unit\Registry\Contracts\DiscoveryInterfaceTest" file="/var/www/html/tests/Unit/Registry/Contracts/DiscoveryInterfaceTest.php" tests="23" assertions="55" errors="0" failures="0" skipped="0" time="0.138007">
        <testcase name="test_discover_components_in_paths" file="/var/www/html/tests/Unit/Registry/Contracts/DiscoveryInterfaceTest.php" line="30" class="JTD\LaravelMCP\Tests\Unit\Registry\Contracts\DiscoveryInterfaceTest" classname="JTD.LaravelMCP.Tests.Unit.Registry.Contracts.DiscoveryInterfaceTest" assertions="2" time="0.006167"/>
        <testcase name="test_discover_returns_empty_when_no_components" file="/var/www/html/tests/Unit/Registry/Contracts/DiscoveryInterfaceTest.php" line="73" class="JTD\LaravelMCP\Tests\Unit\Registry\Contracts\DiscoveryInterfaceTest" classname="JTD.LaravelMCP.Tests.Unit.Registry.Contracts.DiscoveryInterfaceTest" assertions="2" time="0.006497"/>
        <testcase name="test_discover_type_for_tools" file="/var/www/html/tests/Unit/Registry/Contracts/DiscoveryInterfaceTest.php" line="91" class="JTD\LaravelMCP\Tests\Unit\Registry\Contracts\DiscoveryInterfaceTest" classname="JTD.LaravelMCP.Tests.Unit.Registry.Contracts.DiscoveryInterfaceTest" assertions="2" time="0.005894"/>
        <testcase name="test_discover_type_for_resources" file="/var/www/html/tests/Unit/Registry/Contracts/DiscoveryInterfaceTest.php" line="120" class="JTD\LaravelMCP\Tests\Unit\Registry\Contracts\DiscoveryInterfaceTest" classname="JTD.LaravelMCP.Tests.Unit.Registry.Contracts.DiscoveryInterfaceTest" assertions="2" time="0.005029"/>
        <testcase name="test_discover_type_for_prompts" file="/var/www/html/tests/Unit/Registry/Contracts/DiscoveryInterfaceTest.php" line="145" class="JTD\LaravelMCP\Tests\Unit\Registry\Contracts\DiscoveryInterfaceTest" classname="JTD.LaravelMCP.Tests.Unit.Registry.Contracts.DiscoveryInterfaceTest" assertions="2" time="0.005201"/>
        <testcase name="test_is_valid_component_with_valid_file" file="/var/www/html/tests/Unit/Registry/Contracts/DiscoveryInterfaceTest.php" line="170" class="JTD\LaravelMCP\Tests\Unit\Registry\Contracts\DiscoveryInterfaceTest" classname="JTD.LaravelMCP.Tests.Unit.Registry.Contracts.DiscoveryInterfaceTest" assertions="2" time="0.005645"/>
        <testcase name="test_extract_metadata_returns_empty_for_invalid" file="/var/www/html/tests/Unit/Registry/Contracts/DiscoveryInterfaceTest.php" line="253" class="JTD\LaravelMCP\Tests\Unit\Registry\Contracts\DiscoveryInterfaceTest" classname="JTD.LaravelMCP.Tests.Unit.Registry.Contracts.DiscoveryInterfaceTest" assertions="2" time="0.005089"/>
        <testcase name="test_get_class_from_file_valid" file="/var/www/html/tests/Unit/Registry/Contracts/DiscoveryInterfaceTest.php" line="271" class="JTD\LaravelMCP\Tests\Unit\Registry\Contracts\DiscoveryInterfaceTest" classname="JTD.LaravelMCP.Tests.Unit.Registry.Contracts.DiscoveryInterfaceTest" assertions="2" time="0.005370"/>
        <testcase name="test_get_class_from_file_no_class" file="/var/www/html/tests/Unit/Registry/Contracts/DiscoveryInterfaceTest.php" line="290" class="JTD\LaravelMCP\Tests\Unit\Registry\Contracts\DiscoveryInterfaceTest" classname="JTD.LaravelMCP.Tests.Unit.Registry.Contracts.DiscoveryInterfaceTest" assertions="2" time="0.007191"/>
        <testcase name="test_is_valid_component_class_invalid" file="/var/www/html/tests/Unit/Registry/Contracts/DiscoveryInterfaceTest.php" line="325" class="JTD\LaravelMCP\Tests\Unit\Registry\Contracts\DiscoveryInterfaceTest" classname="JTD.LaravelMCP.Tests.Unit.Registry.Contracts.DiscoveryInterfaceTest" assertions="2" time="0.007945"/>
        <testcase name="test_get_supported_types" file="/var/www/html/tests/Unit/Registry/Contracts/DiscoveryInterfaceTest.php" line="342" class="JTD\LaravelMCP\Tests\Unit\Registry\Contracts\DiscoveryInterfaceTest" classname="JTD.LaravelMCP.Tests.Unit.Registry.Contracts.DiscoveryInterfaceTest" assertions="2" time="0.007958"/>
        <testcase name="test_set_config" file="/var/www/html/tests/Unit/Registry/Contracts/DiscoveryInterfaceTest.php" line="359" class="JTD\LaravelMCP\Tests\Unit\Registry\Contracts\DiscoveryInterfaceTest" classname="JTD.LaravelMCP.Tests.Unit.Registry.Contracts.DiscoveryInterfaceTest" assertions="1" time="0.006076"/>
        <testcase name="test_add_filter" file="/var/www/html/tests/Unit/Registry/Contracts/DiscoveryInterfaceTest.php" line="399" class="JTD\LaravelMCP\Tests\Unit\Registry\Contracts\DiscoveryInterfaceTest" classname="JTD.LaravelMCP.Tests.Unit.Registry.Contracts.DiscoveryInterfaceTest" assertions="1" time="0.005160"/>
        <testcase name="test_get_filters" file="/var/www/html/tests/Unit/Registry/Contracts/DiscoveryInterfaceTest.php" line="416" class="JTD\LaravelMCP\Tests\Unit\Registry\Contracts\DiscoveryInterfaceTest" classname="JTD.LaravelMCP.Tests.Unit.Registry.Contracts.DiscoveryInterfaceTest" assertions="2" time="0.005274"/>
        <testcase name="test_discover_multiple_paths" file="/var/www/html/tests/Unit/Registry/Contracts/DiscoveryInterfaceTest.php" line="482" class="JTD\LaravelMCP\Tests\Unit\Registry\Contracts\DiscoveryInterfaceTest" classname="JTD.LaravelMCP.Tests.Unit.Registry.Contracts.DiscoveryInterfaceTest" assertions="2" time="0.005774"/>
        <testcase name="test_validate_component_types" file="/var/www/html/tests/Unit/Registry/Contracts/DiscoveryInterfaceTest.php" line="512" class="JTD\LaravelMCP\Tests\Unit\Registry\Contracts\DiscoveryInterfaceTest" classname="JTD.LaravelMCP.Tests.Unit.Registry.Contracts.DiscoveryInterfaceTest" assertions="10" time="0.005363"/>
        <testcase name="test_discovery_with_filters" file="/var/www/html/tests/Unit/Registry/Contracts/DiscoveryInterfaceTest.php" line="536" class="JTD\LaravelMCP\Tests\Unit\Registry\Contracts\DiscoveryInterfaceTest" classname="JTD.LaravelMCP.Tests.Unit.Registry.Contracts.DiscoveryInterfaceTest" assertions="4" time="0.006785"/>
        <testcase name="test_is_valid_component_with_invalid_file" file="/var/www/html/tests/Unit/Registry/Contracts/DiscoveryInterfaceTest.php" line="187" class="JTD\LaravelMCP\Tests\Unit\Registry\Contracts\DiscoveryInterfaceTest" classname="JTD.LaravelMCP.Tests.Unit.Registry.Contracts.DiscoveryInterfaceTest" assertions="2" time="0.007961"/>
        <testcase name="test_is_valid_component_with_wrong_type" file="/var/www/html/tests/Unit/Registry/Contracts/DiscoveryInterfaceTest.php" line="204" class="JTD\LaravelMCP\Tests\Unit\Registry\Contracts\DiscoveryInterfaceTest" classname="JTD.LaravelMCP.Tests.Unit.Registry.Contracts.DiscoveryInterfaceTest" assertions="2" time="0.007647"/>
        <testcase name="test_extract_metadata_from_file" file="/var/www/html/tests/Unit/Registry/Contracts/DiscoveryInterfaceTest.php" line="221" class="JTD\LaravelMCP\Tests\Unit\Registry\Contracts\DiscoveryInterfaceTest" classname="JTD.LaravelMCP.Tests.Unit.Registry.Contracts.DiscoveryInterfaceTest" assertions="2" time="0.004940"/>
        <testcase name="test_is_valid_component_class_valid_tool" file="/var/www/html/tests/Unit/Registry/Contracts/DiscoveryInterfaceTest.php" line="308" class="JTD\LaravelMCP\Tests\Unit\Registry\Contracts\DiscoveryInterfaceTest" classname="JTD.LaravelMCP.Tests.Unit.Registry.Contracts.DiscoveryInterfaceTest" assertions="2" time="0.004662"/>
        <testcase name="test_get_config" file="/var/www/html/tests/Unit/Registry/Contracts/DiscoveryInterfaceTest.php" line="378" class="JTD\LaravelMCP\Tests\Unit\Registry\Contracts\DiscoveryInterfaceTest" classname="JTD.LaravelMCP.Tests.Unit.Registry.Contracts.DiscoveryInterfaceTest" assertions="2" time="0.005215"/>
        <testcase name="test_full_discovery_workflow" file="/var/www/html/tests/Unit/Registry/Contracts/DiscoveryInterfaceTest.php" line="440" class="JTD\LaravelMCP\Tests\Unit\Registry\Contracts\DiscoveryInterfaceTest" classname="JTD.LaravelMCP.Tests.Unit.Registry.Contracts.DiscoveryInterfaceTest" assertions="3" time="0.005164"/>
      </testsuite>
      <testsuite name="JTD\LaravelMCP\Tests\Unit\Registry\Contracts\RegistryInterfaceTest" file="/var/www/html/tests/Unit/Registry/Contracts/RegistryInterfaceTest.php" tests="25" assertions="66" errors="0" failures="0" skipped="0" time="0.129044">
        <testcase name="test_register_component_without_metadata" file="/var/www/html/tests/Unit/Registry/Contracts/RegistryInterfaceTest.php" line="31" class="JTD\LaravelMCP\Tests\Unit\Registry\Contracts\RegistryInterfaceTest" classname="JTD.LaravelMCP.Tests.Unit.Registry.Contracts.RegistryInterfaceTest" assertions="1" time="0.005631"/>
        <testcase name="test_register_component_with_metadata" file="/var/www/html/tests/Unit/Registry/Contracts/RegistryInterfaceTest.php" line="47" class="JTD\LaravelMCP\Tests\Unit\Registry\Contracts\RegistryInterfaceTest" classname="JTD.LaravelMCP.Tests.Unit.Registry.Contracts.RegistryInterfaceTest" assertions="1" time="0.005154"/>
        <testcase name="test_unregister_existing_component" file="/var/www/html/tests/Unit/Registry/Contracts/RegistryInterfaceTest.php" line="67" class="JTD\LaravelMCP\Tests\Unit\Registry\Contracts\RegistryInterfaceTest" classname="JTD.LaravelMCP.Tests.Unit.Registry.Contracts.RegistryInterfaceTest" assertions="2" time="0.004655"/>
        <testcase name="test_has_existing_component" file="/var/www/html/tests/Unit/Registry/Contracts/RegistryInterfaceTest.php" line="99" class="JTD\LaravelMCP\Tests\Unit\Registry\Contracts\RegistryInterfaceTest" classname="JTD.LaravelMCP.Tests.Unit.Registry.Contracts.RegistryInterfaceTest" assertions="2" time="0.004380"/>
        <testcase name="test_has_non_existing_component" file="/var/www/html/tests/Unit/Registry/Contracts/RegistryInterfaceTest.php" line="113" class="JTD\LaravelMCP\Tests\Unit\Registry\Contracts\RegistryInterfaceTest" classname="JTD.LaravelMCP.Tests.Unit.Registry.Contracts.RegistryInterfaceTest" assertions="2" time="0.005215"/>
        <testcase name="test_get_non_existing_component_throws_exception" file="/var/www/html/tests/Unit/Registry/Contracts/RegistryInterfaceTest.php" line="146" class="JTD\LaravelMCP\Tests\Unit\Registry\Contracts\RegistryInterfaceTest" classname="JTD.LaravelMCP.Tests.Unit.Registry.Contracts.RegistryInterfaceTest" assertions="3" time="0.004590"/>
        <testcase name="test_all_returns_all_components" file="/var/www/html/tests/Unit/Registry/Contracts/RegistryInterfaceTest.php" line="163" class="JTD\LaravelMCP\Tests\Unit\Registry\Contracts\RegistryInterfaceTest" classname="JTD.LaravelMCP.Tests.Unit.Registry.Contracts.RegistryInterfaceTest" assertions="2" time="0.004400"/>
        <testcase name="test_all_returns_empty_array" file="/var/www/html/tests/Unit/Registry/Contracts/RegistryInterfaceTest.php" line="184" class="JTD\LaravelMCP\Tests\Unit\Registry\Contracts\RegistryInterfaceTest" classname="JTD.LaravelMCP.Tests.Unit.Registry.Contracts.RegistryInterfaceTest" assertions="2" time="0.004964"/>
        <testcase name="test_names_returns_component_names" file="/var/www/html/tests/Unit/Registry/Contracts/RegistryInterfaceTest.php" line="199" class="JTD\LaravelMCP\Tests\Unit\Registry\Contracts\RegistryInterfaceTest" classname="JTD.LaravelMCP.Tests.Unit.Registry.Contracts.RegistryInterfaceTest" assertions="2" time="0.004560"/>
        <testcase name="test_count_returns_component_count" file="/var/www/html/tests/Unit/Registry/Contracts/RegistryInterfaceTest.php" line="216" class="JTD\LaravelMCP\Tests\Unit\Registry\Contracts\RegistryInterfaceTest" classname="JTD.LaravelMCP.Tests.Unit.Registry.Contracts.RegistryInterfaceTest" assertions="2" time="0.005688"/>
        <testcase name="test_count_returns_zero" file="/var/www/html/tests/Unit/Registry/Contracts/RegistryInterfaceTest.php" line="231" class="JTD\LaravelMCP\Tests\Unit\Registry\Contracts\RegistryInterfaceTest" classname="JTD.LaravelMCP.Tests.Unit.Registry.Contracts.RegistryInterfaceTest" assertions="2" time="0.006659"/>
        <testcase name="test_clear_removes_all_components" file="/var/www/html/tests/Unit/Registry/Contracts/RegistryInterfaceTest.php" line="246" class="JTD\LaravelMCP\Tests\Unit\Registry\Contracts\RegistryInterfaceTest" classname="JTD.LaravelMCP.Tests.Unit.Registry.Contracts.RegistryInterfaceTest" assertions="1" time="0.005054"/>
        <testcase name="test_get_metadata_returns_metadata" file="/var/www/html/tests/Unit/Registry/Contracts/RegistryInterfaceTest.php" line="258" class="JTD\LaravelMCP\Tests\Unit\Registry\Contracts\RegistryInterfaceTest" classname="JTD.LaravelMCP.Tests.Unit.Registry.Contracts.RegistryInterfaceTest" assertions="2" time="0.005716"/>
        <testcase name="test_get_metadata_returns_empty_array" file="/var/www/html/tests/Unit/Registry/Contracts/RegistryInterfaceTest.php" line="280" class="JTD\LaravelMCP\Tests\Unit\Registry\Contracts\RegistryInterfaceTest" classname="JTD.LaravelMCP.Tests.Unit.Registry.Contracts.RegistryInterfaceTest" assertions="2" time="0.006759"/>
        <testcase name="test_filter_returns_empty_when_no_matches" file="/var/www/html/tests/Unit/Registry/Contracts/RegistryInterfaceTest.php" line="322" class="JTD\LaravelMCP\Tests\Unit\Registry\Contracts\RegistryInterfaceTest" classname="JTD.LaravelMCP.Tests.Unit.Registry.Contracts.RegistryInterfaceTest" assertions="2" time="0.004616"/>
        <testcase name="test_search_with_pattern" file="/var/www/html/tests/Unit/Registry/Contracts/RegistryInterfaceTest.php" line="340" class="JTD\LaravelMCP\Tests\Unit\Registry\Contracts\RegistryInterfaceTest" classname="JTD.LaravelMCP.Tests.Unit.Registry.Contracts.RegistryInterfaceTest" assertions="2" time="0.004527"/>
        <testcase name="test_search_with_regex_pattern" file="/var/www/html/tests/Unit/Registry/Contracts/RegistryInterfaceTest.php" line="363" class="JTD\LaravelMCP\Tests\Unit\Registry\Contracts\RegistryInterfaceTest" classname="JTD.LaravelMCP.Tests.Unit.Registry.Contracts.RegistryInterfaceTest" assertions="2" time="0.004678"/>
        <testcase name="test_get_type_returns_registry_type" file="/var/www/html/tests/Unit/Registry/Contracts/RegistryInterfaceTest.php" line="386" class="JTD\LaravelMCP\Tests\Unit\Registry\Contracts\RegistryInterfaceTest" classname="JTD.LaravelMCP.Tests.Unit.Registry.Contracts.RegistryInterfaceTest" assertions="2" time="0.005296"/>
        <testcase name="test_filter_multiple_criteria" file="/var/www/html/tests/Unit/Registry/Contracts/RegistryInterfaceTest.php" line="504" class="JTD\LaravelMCP\Tests\Unit\Registry\Contracts\RegistryInterfaceTest" classname="JTD.LaravelMCP.Tests.Unit.Registry.Contracts.RegistryInterfaceTest" assertions="3" time="0.004823"/>
        <testcase name="test_registry_types" file="/var/www/html/tests/Unit/Registry/Contracts/RegistryInterfaceTest.php" line="531" class="JTD\LaravelMCP\Tests\Unit\Registry\Contracts\RegistryInterfaceTest" classname="JTD.LaravelMCP.Tests.Unit.Registry.Contracts.RegistryInterfaceTest" assertions="6" time="0.005027"/>
        <testcase name="test_unregister_non_existing_component" file="/var/www/html/tests/Unit/Registry/Contracts/RegistryInterfaceTest.php" line="83" class="JTD\LaravelMCP\Tests\Unit\Registry\Contracts\RegistryInterfaceTest" classname="JTD.LaravelMCP.Tests.Unit.Registry.Contracts.RegistryInterfaceTest" assertions="2" time="0.005602"/>
        <testcase name="test_get_existing_component" file="/var/www/html/tests/Unit/Registry/Contracts/RegistryInterfaceTest.php" line="127" class="JTD\LaravelMCP\Tests\Unit\Registry\Contracts\RegistryInterfaceTest" classname="JTD.LaravelMCP.Tests.Unit.Registry.Contracts.RegistryInterfaceTest" assertions="2" time="0.005254"/>
        <testcase name="test_filter_with_criteria" file="/var/www/html/tests/Unit/Registry/Contracts/RegistryInterfaceTest.php" line="296" class="JTD\LaravelMCP\Tests\Unit\Registry\Contracts\RegistryInterfaceTest" classname="JTD.LaravelMCP.Tests.Unit.Registry.Contracts.RegistryInterfaceTest" assertions="2" time="0.004895"/>
        <testcase name="test_registration_lifecycle" file="/var/www/html/tests/Unit/Registry/Contracts/RegistryInterfaceTest.php" line="401" class="JTD\LaravelMCP\Tests\Unit\Registry\Contracts\RegistryInterfaceTest" classname="JTD.LaravelMCP.Tests.Unit.Registry.Contracts.RegistryInterfaceTest" assertions="5" time="0.005954"/>
        <testcase name="test_multiple_component_operations" file="/var/www/html/tests/Unit/Registry/Contracts/RegistryInterfaceTest.php" line="451" class="JTD\LaravelMCP\Tests\Unit\Registry\Contracts\RegistryInterfaceTest" classname="JTD.LaravelMCP.Tests.Unit.Registry.Contracts.RegistryInterfaceTest" assertions="12" time="0.004948"/>
      </testsuite>
      <testsuite name="JTD\LaravelMCP\Tests\Unit\Traits\HandlesMcpRequestsTest" file="/var/www/html/tests/Unit/Traits/HandlesMcpRequestsTest.php" tests="24" assertions="57" errors="0" failures="0" skipped="0" time="0.148482">
        <testcase name="test_process_request_success" file="/var/www/html/tests/Unit/Traits/HandlesMcpRequestsTest.php" line="54" class="JTD\LaravelMCP\Tests\Unit\Traits\HandlesMcpRequestsTest" classname="JTD.LaravelMCP.Tests.Unit.Traits.HandlesMcpRequestsTest" assertions="3" time="0.005958"/>
        <testcase name="test_process_request_with_mcp_exception" file="/var/www/html/tests/Unit/Traits/HandlesMcpRequestsTest.php" line="73" class="JTD\LaravelMCP\Tests\Unit\Traits\HandlesMcpRequestsTest" classname="JTD.LaravelMCP.Tests.Unit.Traits.HandlesMcpRequestsTest" assertions="5" time="0.004755"/>
        <testcase name="test_process_request_with_generic_exception" file="/var/www/html/tests/Unit/Traits/HandlesMcpRequestsTest.php" line="91" class="JTD\LaravelMCP\Tests\Unit\Traits\HandlesMcpRequestsTest" classname="JTD.LaravelMCP.Tests.Unit.Traits.HandlesMcpRequestsTest" assertions="5" time="0.004445"/>
        <testcase name="test_create_error_response_with_data" file="/var/www/html/tests/Unit/Traits/HandlesMcpRequestsTest.php" line="137" class="JTD\LaravelMCP\Tests\Unit\Traits\HandlesMcpRequestsTest" classname="JTD.LaravelMCP.Tests.Unit.Traits.HandlesMcpRequestsTest" assertions="2" time="0.005370"/>
        <testcase name="test_validate_required_params_all_present" file="/var/www/html/tests/Unit/Traits/HandlesMcpRequestsTest.php" line="150" class="JTD\LaravelMCP\Tests\Unit\Traits\HandlesMcpRequestsTest" classname="JTD.LaravelMCP.Tests.Unit.Traits.HandlesMcpRequestsTest" assertions="1" time="0.006529"/>
        <testcase name="test_validate_required_params_missing" file="/var/www/html/tests/Unit/Traits/HandlesMcpRequestsTest.php" line="163" class="JTD\LaravelMCP\Tests\Unit\Traits\HandlesMcpRequestsTest" classname="JTD.LaravelMCP.Tests.Unit.Traits.HandlesMcpRequestsTest" assertions="3" time="0.006697"/>
        <testcase name="test_extract_params_with_required" file="/var/www/html/tests/Unit/Traits/HandlesMcpRequestsTest.php" line="178" class="JTD\LaravelMCP\Tests\Unit\Traits\HandlesMcpRequestsTest" classname="JTD.LaravelMCP.Tests.Unit.Traits.HandlesMcpRequestsTest" assertions="1" time="0.006835"/>
        <testcase name="test_extract_params_missing_required" file="/var/www/html/tests/Unit/Traits/HandlesMcpRequestsTest.php" line="194" class="JTD\LaravelMCP\Tests\Unit\Traits\HandlesMcpRequestsTest" classname="JTD.LaravelMCP.Tests.Unit.Traits.HandlesMcpRequestsTest" assertions="2" time="0.006449"/>
        <testcase name="test_extract_params_with_defaults" file="/var/www/html/tests/Unit/Traits/HandlesMcpRequestsTest.php" line="211" class="JTD\LaravelMCP\Tests\Unit\Traits\HandlesMcpRequestsTest" classname="JTD.LaravelMCP.Tests.Unit.Traits.HandlesMcpRequestsTest" assertions="1" time="0.004638"/>
        <testcase name="test_validate_param_with_type" file="/var/www/html/tests/Unit/Traits/HandlesMcpRequestsTest.php" line="232" class="JTD\LaravelMCP\Tests\Unit\Traits\HandlesMcpRequestsTest" classname="JTD.LaravelMCP.Tests.Unit.Traits.HandlesMcpRequestsTest" assertions="1" time="0.005260"/>
        <testcase name="test_validate_param_with_custom_validator" file="/var/www/html/tests/Unit/Traits/HandlesMcpRequestsTest.php" line="243" class="JTD\LaravelMCP\Tests\Unit\Traits\HandlesMcpRequestsTest" classname="JTD.LaravelMCP.Tests.Unit.Traits.HandlesMcpRequestsTest" assertions="1" time="0.005927"/>
        <testcase name="test_validate_param_type_string" file="/var/www/html/tests/Unit/Traits/HandlesMcpRequestsTest.php" line="258" class="JTD\LaravelMCP\Tests\Unit\Traits\HandlesMcpRequestsTest" classname="JTD.LaravelMCP.Tests.Unit.Traits.HandlesMcpRequestsTest" assertions="3" time="0.005350"/>
        <testcase name="test_validate_param_type_integer" file="/var/www/html/tests/Unit/Traits/HandlesMcpRequestsTest.php" line="273" class="JTD\LaravelMCP\Tests\Unit\Traits\HandlesMcpRequestsTest" classname="JTD.LaravelMCP.Tests.Unit.Traits.HandlesMcpRequestsTest" assertions="3" time="0.005045"/>
        <testcase name="test_validate_param_type_array" file="/var/www/html/tests/Unit/Traits/HandlesMcpRequestsTest.php" line="288" class="JTD\LaravelMCP\Tests\Unit\Traits\HandlesMcpRequestsTest" classname="JTD.LaravelMCP.Tests.Unit.Traits.HandlesMcpRequestsTest" assertions="3" time="0.006155"/>
        <testcase name="test_validate_param_type_object" file="/var/www/html/tests/Unit/Traits/HandlesMcpRequestsTest.php" line="303" class="JTD\LaravelMCP\Tests\Unit\Traits\HandlesMcpRequestsTest" classname="JTD.LaravelMCP.Tests.Unit.Traits.HandlesMcpRequestsTest" assertions="4" time="0.006644"/>
        <testcase name="test_get_component_name" file="/var/www/html/tests/Unit/Traits/HandlesMcpRequestsTest.php" line="322" class="JTD\LaravelMCP\Tests\Unit\Traits\HandlesMcpRequestsTest" classname="JTD.LaravelMCP.Tests.Unit.Traits.HandlesMcpRequestsTest" assertions="2" time="0.008300"/>
        <testcase name="test_log_request_with_debug_disabled" file="/var/www/html/tests/Unit/Traits/HandlesMcpRequestsTest.php" line="346" class="JTD\LaravelMCP\Tests\Unit\Traits\HandlesMcpRequestsTest" classname="JTD.LaravelMCP.Tests.Unit.Traits.HandlesMcpRequestsTest" assertions="1" time="0.005629"/>
        <testcase name="test_success_response_includes_timestamp" file="/var/www/html/tests/Unit/Traits/HandlesMcpRequestsTest.php" line="426" class="JTD\LaravelMCP\Tests\Unit\Traits\HandlesMcpRequestsTest" classname="JTD.LaravelMCP.Tests.Unit.Traits.HandlesMcpRequestsTest" assertions="2" time="0.005540"/>
        <testcase name="test_create_success_response" file="/var/www/html/tests/Unit/Traits/HandlesMcpRequestsTest.php" line="109" class="JTD\LaravelMCP\Tests\Unit\Traits\HandlesMcpRequestsTest" classname="JTD.LaravelMCP.Tests.Unit.Traits.HandlesMcpRequestsTest" assertions="3" time="0.006297"/>
        <testcase name="test_create_error_response_without_data" file="/var/www/html/tests/Unit/Traits/HandlesMcpRequestsTest.php" line="123" class="JTD\LaravelMCP\Tests\Unit\Traits\HandlesMcpRequestsTest" classname="JTD.LaravelMCP.Tests.Unit.Traits.HandlesMcpRequestsTest" assertions="5" time="0.005512"/>
        <testcase name="test_log_response_with_debug_enabled" file="/var/www/html/tests/Unit/Traits/HandlesMcpRequestsTest.php" line="358" class="JTD\LaravelMCP\Tests\Unit\Traits\HandlesMcpRequestsTest" classname="JTD.LaravelMCP.Tests.Unit.Traits.HandlesMcpRequestsTest" assertions="1" time="0.005357"/>
        <testcase name="test_complex_parameter_extraction" file="/var/www/html/tests/Unit/Traits/HandlesMcpRequestsTest.php" line="370" class="JTD\LaravelMCP\Tests\Unit\Traits\HandlesMcpRequestsTest" classname="JTD.LaravelMCP.Tests.Unit.Traits.HandlesMcpRequestsTest" assertions="2" time="0.007594"/>
        <testcase name="test_error_response_includes_timestamp" file="/var/www/html/tests/Unit/Traits/HandlesMcpRequestsTest.php" line="415" class="JTD\LaravelMCP\Tests\Unit\Traits\HandlesMcpRequestsTest" classname="JTD.LaravelMCP.Tests.Unit.Traits.HandlesMcpRequestsTest" assertions="2" time="0.008411"/>
        <testcase name="test_log_request_with_debug_enabled" file="/var/www/html/tests/Unit/Traits/HandlesMcpRequestsTest.php" line="334" class="JTD\LaravelMCP\Tests\Unit\Traits\HandlesMcpRequestsTest" classname="JTD.LaravelMCP.Tests.Unit.Traits.HandlesMcpRequestsTest" assertions="1" time="0.009786"/>
      </testsuite>
      <testsuite name="JTD\LaravelMCP\Tests\Unit\Traits\ValidatesParametersTest" file="/var/www/html/tests/Unit/Traits/ValidatesParametersTest.php" tests="24" assertions="70" errors="0" failures="0" skipped="0" time="0.152191">
        <testcase name="test_validate_field_type_integer" file="/var/www/html/tests/Unit/Traits/ValidatesParametersTest.php" line="130" class="JTD\LaravelMCP\Tests\Unit\Traits\ValidatesParametersTest" classname="JTD.LaravelMCP.Tests.Unit.Traits.ValidatesParametersTest" assertions="4" time="0.006643"/>
        <testcase name="test_validate_field_type_number" file="/var/www/html/tests/Unit/Traits/ValidatesParametersTest.php" line="149" class="JTD\LaravelMCP\Tests\Unit\Traits\ValidatesParametersTest" classname="JTD.LaravelMCP.Tests.Unit.Traits.ValidatesParametersTest" assertions="3" time="0.006121"/>
        <testcase name="test_validate_field_type_array" file="/var/www/html/tests/Unit/Traits/ValidatesParametersTest.php" line="182" class="JTD\LaravelMCP\Tests\Unit\Traits\ValidatesParametersTest" classname="JTD.LaravelMCP.Tests.Unit.Traits.ValidatesParametersTest" assertions="3" time="0.008245"/>
        <testcase name="test_validate_field_format_uuid" file="/var/www/html/tests/Unit/Traits/ValidatesParametersTest.php" line="293" class="JTD\LaravelMCP\Tests\Unit\Traits\ValidatesParametersTest" classname="JTD.LaravelMCP.Tests.Unit.Traits.ValidatesParametersTest" assertions="3" time="0.004643"/>
        <testcase name="test_validate_field_length_string" file="/var/www/html/tests/Unit/Traits/ValidatesParametersTest.php" line="309" class="JTD\LaravelMCP\Tests\Unit\Traits\ValidatesParametersTest" classname="JTD.LaravelMCP.Tests.Unit.Traits.ValidatesParametersTest" assertions="3" time="0.005886"/>
        <testcase name="test_validate_field_length_array" file="/var/www/html/tests/Unit/Traits/ValidatesParametersTest.php" line="326" class="JTD\LaravelMCP\Tests\Unit\Traits\ValidatesParametersTest" classname="JTD.LaravelMCP.Tests.Unit.Traits.ValidatesParametersTest" assertions="3" time="0.007944"/>
        <testcase name="test_validate_field_range" file="/var/www/html/tests/Unit/Traits/ValidatesParametersTest.php" line="343" class="JTD\LaravelMCP\Tests\Unit\Traits\ValidatesParametersTest" classname="JTD.LaravelMCP.Tests.Unit.Traits.ValidatesParametersTest" assertions="3" time="0.007480"/>
        <testcase name="test_validate_field_enum" file="/var/www/html/tests/Unit/Traits/ValidatesParametersTest.php" line="360" class="JTD\LaravelMCP\Tests\Unit\Traits\ValidatesParametersTest" classname="JTD.LaravelMCP.Tests.Unit.Traits.ValidatesParametersTest" assertions="3" time="0.005181"/>
        <testcase name="test_validate_field_pattern" file="/var/www/html/tests/Unit/Traits/ValidatesParametersTest.php" line="377" class="JTD\LaravelMCP\Tests\Unit\Traits\ValidatesParametersTest" classname="JTD.LaravelMCP.Tests.Unit.Traits.ValidatesParametersTest" assertions="3" time="0.005172"/>
        <testcase name="test_validate_field_with_custom_validator" file="/var/www/html/tests/Unit/Traits/ValidatesParametersTest.php" line="394" class="JTD\LaravelMCP\Tests\Unit\Traits\ValidatesParametersTest" classname="JTD.LaravelMCP.Tests.Unit.Traits.ValidatesParametersTest" assertions="5" time="0.006552"/>
        <testcase name="test_complex_schema_validation" file="/var/www/html/tests/Unit/Traits/ValidatesParametersTest.php" line="431" class="JTD\LaravelMCP\Tests\Unit\Traits\ValidatesParametersTest" classname="JTD.LaravelMCP.Tests.Unit.Traits.ValidatesParametersTest" assertions="2" time="0.005326"/>
        <testcase name="test_is_required" file="/var/www/html/tests/Unit/Traits/ValidatesParametersTest.php" line="466" class="JTD\LaravelMCP\Tests\Unit\Traits\ValidatesParametersTest" classname="JTD.LaravelMCP.Tests.Unit.Traits.ValidatesParametersTest" assertions="3" time="0.005229"/>
        <testcase name="test_get_validation_error_summary" file="/var/www/html/tests/Unit/Traits/ValidatesParametersTest.php" line="476" class="JTD\LaravelMCP\Tests\Unit\Traits\ValidatesParametersTest" classname="JTD.LaravelMCP.Tests.Unit.Traits.ValidatesParametersTest" assertions="3" time="0.006324"/>
        <testcase name="test_validate_schema_with_valid_params" file="/var/www/html/tests/Unit/Traits/ValidatesParametersTest.php" line="53" class="JTD\LaravelMCP\Tests\Unit\Traits\ValidatesParametersTest" classname="JTD.LaravelMCP.Tests.Unit.Traits.ValidatesParametersTest" assertions="1" time="0.005861"/>
        <testcase name="test_validate_field_type_string" file="/var/www/html/tests/Unit/Traits/ValidatesParametersTest.php" line="115" class="JTD\LaravelMCP\Tests\Unit\Traits\ValidatesParametersTest" classname="JTD.LaravelMCP.Tests.Unit.Traits.ValidatesParametersTest" assertions="3" time="0.004951"/>
        <testcase name="test_validate_field_type_boolean" file="/var/www/html/tests/Unit/Traits/ValidatesParametersTest.php" line="166" class="JTD\LaravelMCP\Tests\Unit\Traits\ValidatesParametersTest" classname="JTD.LaravelMCP.Tests.Unit.Traits.ValidatesParametersTest" assertions="3" time="0.007677"/>
        <testcase name="test_validate_field_type_object" file="/var/www/html/tests/Unit/Traits/ValidatesParametersTest.php" line="197" class="JTD\LaravelMCP\Tests\Unit\Traits\ValidatesParametersTest" classname="JTD.LaravelMCP.Tests.Unit.Traits.ValidatesParametersTest" assertions="3" time="0.007799"/>
        <testcase name="test_validate_field_type_null" file="/var/www/html/tests/Unit/Traits/ValidatesParametersTest.php" line="215" class="JTD\LaravelMCP\Tests\Unit\Traits\ValidatesParametersTest" classname="JTD.LaravelMCP.Tests.Unit.Traits.ValidatesParametersTest" assertions="3" time="0.006966"/>
        <testcase name="test_validate_field_format_url" file="/var/www/html/tests/Unit/Traits/ValidatesParametersTest.php" line="245" class="JTD\LaravelMCP\Tests\Unit\Traits\ValidatesParametersTest" classname="JTD.LaravelMCP.Tests.Unit.Traits.ValidatesParametersTest" assertions="3" time="0.005526"/>
        <testcase name="test_validate_field_format_uri" file="/var/www/html/tests/Unit/Traits/ValidatesParametersTest.php" line="260" class="JTD\LaravelMCP\Tests\Unit\Traits\ValidatesParametersTest" classname="JTD.LaravelMCP.Tests.Unit.Traits.ValidatesParametersTest" assertions="4" time="0.006077"/>
        <testcase name="test_validate_field_format_datetime" file="/var/www/html/tests/Unit/Traits/ValidatesParametersTest.php" line="278" class="JTD\LaravelMCP\Tests\Unit\Traits\ValidatesParametersTest" classname="JTD.LaravelMCP.Tests.Unit.Traits.ValidatesParametersTest" assertions="3" time="0.005636"/>
        <testcase name="test_validate_schema_missing_required" file="/var/www/html/tests/Unit/Traits/ValidatesParametersTest.php" line="75" class="JTD\LaravelMCP\Tests\Unit\Traits\ValidatesParametersTest" classname="JTD.LaravelMCP.Tests.Unit.Traits.ValidatesParametersTest" assertions="2" time="0.005518"/>
        <testcase name="test_validate_schema_with_defaults" file="/var/www/html/tests/Unit/Traits/ValidatesParametersTest.php" line="93" class="JTD\LaravelMCP\Tests\Unit\Traits\ValidatesParametersTest" classname="JTD.LaravelMCP.Tests.Unit.Traits.ValidatesParametersTest" assertions="1" time="0.006881"/>
        <testcase name="test_validate_field_format_email" file="/var/www/html/tests/Unit/Traits/ValidatesParametersTest.php" line="230" class="JTD\LaravelMCP\Tests\Unit\Traits\ValidatesParametersTest" classname="JTD.LaravelMCP.Tests.Unit.Traits.ValidatesParametersTest" assertions="3" time="0.008552"/>
      </testsuite>
      <testsuite name="JTD\LaravelMCP\Tests\Unit\Transport\Contracts\MessageHandlerInterfaceTest" file="/var/www/html/tests/Unit/Transport/Contracts/MessageHandlerInterfaceTest.php" tests="16" assertions="53" errors="0" failures="0" skipped="0" time="0.099234">
        <testcase name="test_handle_valid_message_returns_response" file="/var/www/html/tests/Unit/Transport/Contracts/MessageHandlerInterfaceTest.php" line="35" class="JTD\LaravelMCP\Tests\Unit\Transport\Contracts\MessageHandlerInterfaceTest" classname="JTD.LaravelMCP.Tests.Unit.Transport.Contracts.MessageHandlerInterfaceTest" assertions="2" time="0.007103"/>
        <testcase name="test_handle_notification_returns_null" file="/var/www/html/tests/Unit/Transport/Contracts/MessageHandlerInterfaceTest.php" line="63" class="JTD\LaravelMCP\Tests\Unit\Transport\Contracts\MessageHandlerInterfaceTest" classname="JTD.LaravelMCP.Tests.Unit.Transport.Contracts.MessageHandlerInterfaceTest" assertions="2" time="0.005478"/>
        <testcase name="test_handle_complex_message" file="/var/www/html/tests/Unit/Transport/Contracts/MessageHandlerInterfaceTest.php" line="84" class="JTD\LaravelMCP\Tests\Unit\Transport\Contracts\MessageHandlerInterfaceTest" classname="JTD.LaravelMCP.Tests.Unit.Transport.Contracts.MessageHandlerInterfaceTest" assertions="2" time="0.005698"/>
        <testcase name="test_handle_error_with_exception" file="/var/www/html/tests/Unit/Transport/Contracts/MessageHandlerInterfaceTest.php" line="127" class="JTD\LaravelMCP\Tests\Unit\Transport\Contracts\MessageHandlerInterfaceTest" classname="JTD.LaravelMCP.Tests.Unit.Transport.Contracts.MessageHandlerInterfaceTest" assertions="1" time="0.004980"/>
        <testcase name="test_handle_error_with_different_types" file="/var/www/html/tests/Unit/Transport/Contracts/MessageHandlerInterfaceTest.php" line="142" class="JTD\LaravelMCP\Tests\Unit\Transport\Contracts\MessageHandlerInterfaceTest" classname="JTD.LaravelMCP.Tests.Unit.Transport.Contracts.MessageHandlerInterfaceTest" assertions="7" time="0.006284"/>
        <testcase name="test_on_connect" file="/var/www/html/tests/Unit/Transport/Contracts/MessageHandlerInterfaceTest.php" line="169" class="JTD\LaravelMCP\Tests\Unit\Transport\Contracts\MessageHandlerInterfaceTest" classname="JTD.LaravelMCP.Tests.Unit.Transport.Contracts.MessageHandlerInterfaceTest" assertions="1" time="0.006580"/>
        <testcase name="test_on_disconnect" file="/var/www/html/tests/Unit/Transport/Contracts/MessageHandlerInterfaceTest.php" line="182" class="JTD\LaravelMCP\Tests\Unit\Transport\Contracts\MessageHandlerInterfaceTest" classname="JTD.LaravelMCP.Tests.Unit.Transport.Contracts.MessageHandlerInterfaceTest" assertions="1" time="0.007538"/>
        <testcase name="test_can_handle_supported_message" file="/var/www/html/tests/Unit/Transport/Contracts/MessageHandlerInterfaceTest.php" line="195" class="JTD\LaravelMCP\Tests\Unit\Transport\Contracts\MessageHandlerInterfaceTest" classname="JTD.LaravelMCP.Tests.Unit.Transport.Contracts.MessageHandlerInterfaceTest" assertions="2" time="0.006958"/>
        <testcase name="test_can_handle_unsupported_message" file="/var/www/html/tests/Unit/Transport/Contracts/MessageHandlerInterfaceTest.php" line="215" class="JTD\LaravelMCP\Tests\Unit\Transport\Contracts\MessageHandlerInterfaceTest" classname="JTD.LaravelMCP.Tests.Unit.Transport.Contracts.MessageHandlerInterfaceTest" assertions="2" time="0.005785"/>
        <testcase name="test_get_supported_message_types" file="/var/www/html/tests/Unit/Transport/Contracts/MessageHandlerInterfaceTest.php" line="266" class="JTD\LaravelMCP\Tests\Unit\Transport\Contracts\MessageHandlerInterfaceTest" classname="JTD.LaravelMCP.Tests.Unit.Transport.Contracts.MessageHandlerInterfaceTest" assertions="2" time="0.005723"/>
        <testcase name="test_get_supported_message_types_empty" file="/var/www/html/tests/Unit/Transport/Contracts/MessageHandlerInterfaceTest.php" line="293" class="JTD\LaravelMCP\Tests\Unit\Transport\Contracts\MessageHandlerInterfaceTest" classname="JTD.LaravelMCP.Tests.Unit.Transport.Contracts.MessageHandlerInterfaceTest" assertions="2" time="0.004631"/>
        <testcase name="test_lifecycle_events_sequence" file="/var/www/html/tests/Unit/Transport/Contracts/MessageHandlerInterfaceTest.php" line="308" class="JTD\LaravelMCP\Tests\Unit\Transport\Contracts\MessageHandlerInterfaceTest" classname="JTD.LaravelMCP.Tests.Unit.Transport.Contracts.MessageHandlerInterfaceTest" assertions="2" time="0.005440"/>
        <testcase name="test_error_handling_isolation" file="/var/www/html/tests/Unit/Transport/Contracts/MessageHandlerInterfaceTest.php" line="385" class="JTD\LaravelMCP\Tests\Unit\Transport\Contracts\MessageHandlerInterfaceTest" classname="JTD.LaravelMCP.Tests.Unit.Transport.Contracts.MessageHandlerInterfaceTest" assertions="2" time="0.006362"/>
        <testcase name="test_check_specific_message_type_support" file="/var/www/html/tests/Unit/Transport/Contracts/MessageHandlerInterfaceTest.php" line="413" class="JTD\LaravelMCP\Tests\Unit\Transport\Contracts\MessageHandlerInterfaceTest" classname="JTD.LaravelMCP.Tests.Unit.Transport.Contracts.MessageHandlerInterfaceTest" assertions="5" time="0.006579"/>
        <testcase name="test_can_handle_various_formats" file="/var/www/html/tests/Unit/Transport/Contracts/MessageHandlerInterfaceTest.php" line="235" class="JTD\LaravelMCP\Tests\Unit\Transport\Contracts\MessageHandlerInterfaceTest" classname="JTD.LaravelMCP.Tests.Unit.Transport.Contracts.MessageHandlerInterfaceTest" assertions="7" time="0.007703"/>
        <testcase name="test_handle_multiple_messages" file="/var/www/html/tests/Unit/Transport/Contracts/MessageHandlerInterfaceTest.php" line="346" class="JTD\LaravelMCP\Tests\Unit\Transport\Contracts\MessageHandlerInterfaceTest" classname="JTD.LaravelMCP.Tests.Unit.Transport.Contracts.MessageHandlerInterfaceTest" assertions="13" time="0.006390"/>
      </testsuite>
      <testsuite name="JTD\LaravelMCP\Tests\Unit\Transport\Contracts\TransportInterfaceTest" file="/var/www/html/tests/Unit/Transport/Contracts/TransportInterfaceTest.php" tests="17" assertions="37" errors="0" failures="0" skipped="0" time="0.103572">
        <testcase name="test_initialize_without_config" file="/var/www/html/tests/Unit/Transport/Contracts/TransportInterfaceTest.php" line="54" class="JTD\LaravelMCP\Tests\Unit\Transport\Contracts\TransportInterfaceTest" classname="JTD.LaravelMCP.Tests.Unit.Transport.Contracts.TransportInterfaceTest" assertions="1" time="0.005580"/>
        <testcase name="test_listen_starts_listening" file="/var/www/html/tests/Unit/Transport/Contracts/TransportInterfaceTest.php" line="67" class="JTD\LaravelMCP\Tests\Unit\Transport\Contracts\TransportInterfaceTest" classname="JTD.LaravelMCP.Tests.Unit.Transport.Contracts.TransportInterfaceTest" assertions="1" time="0.004608"/>
        <testcase name="test_send_message" file="/var/www/html/tests/Unit/Transport/Contracts/TransportInterfaceTest.php" line="79" class="JTD\LaravelMCP\Tests\Unit\Transport\Contracts\TransportInterfaceTest" classname="JTD.LaravelMCP.Tests.Unit.Transport.Contracts.TransportInterfaceTest" assertions="1" time="0.004532"/>
        <testcase name="test_send_complex_message" file="/var/www/html/tests/Unit/Transport/Contracts/TransportInterfaceTest.php" line="99" class="JTD\LaravelMCP\Tests\Unit\Transport\Contracts\TransportInterfaceTest" classname="JTD.LaravelMCP.Tests.Unit.Transport.Contracts.TransportInterfaceTest" assertions="1" time="0.005168"/>
        <testcase name="test_receive_returns_message" file="/var/www/html/tests/Unit/Transport/Contracts/TransportInterfaceTest.php" line="123" class="JTD\LaravelMCP\Tests\Unit\Transport\Contracts\TransportInterfaceTest" classname="JTD.LaravelMCP.Tests.Unit.Transport.Contracts.TransportInterfaceTest" assertions="2" time="0.005258"/>
        <testcase name="test_receive_returns_null_when_no_message" file="/var/www/html/tests/Unit/Transport/Contracts/TransportInterfaceTest.php" line="144" class="JTD\LaravelMCP\Tests\Unit\Transport\Contracts\TransportInterfaceTest" classname="JTD.LaravelMCP.Tests.Unit.Transport.Contracts.TransportInterfaceTest" assertions="2" time="0.007254"/>
        <testcase name="test_close_connection" file="/var/www/html/tests/Unit/Transport/Contracts/TransportInterfaceTest.php" line="159" class="JTD\LaravelMCP\Tests\Unit\Transport\Contracts\TransportInterfaceTest" classname="JTD.LaravelMCP.Tests.Unit.Transport.Contracts.TransportInterfaceTest" assertions="1" time="0.007312"/>
        <testcase name="test_is_connected_returns_true" file="/var/www/html/tests/Unit/Transport/Contracts/TransportInterfaceTest.php" line="171" class="JTD\LaravelMCP\Tests\Unit\Transport\Contracts\TransportInterfaceTest" classname="JTD.LaravelMCP.Tests.Unit.Transport.Contracts.TransportInterfaceTest" assertions="2" time="0.005429"/>
        <testcase name="test_is_connected_returns_false" file="/var/www/html/tests/Unit/Transport/Contracts/TransportInterfaceTest.php" line="184" class="JTD\LaravelMCP\Tests\Unit\Transport\Contracts\TransportInterfaceTest" classname="JTD.LaravelMCP.Tests.Unit.Transport.Contracts.TransportInterfaceTest" assertions="2" time="0.005453"/>
        <testcase name="test_get_config" file="/var/www/html/tests/Unit/Transport/Contracts/TransportInterfaceTest.php" line="197" class="JTD\LaravelMCP\Tests\Unit\Transport\Contracts\TransportInterfaceTest" classname="JTD.LaravelMCP.Tests.Unit.Transport.Contracts.TransportInterfaceTest" assertions="2" time="0.005808"/>
        <testcase name="test_get_config_returns_empty_array" file="/var/www/html/tests/Unit/Transport/Contracts/TransportInterfaceTest.php" line="218" class="JTD\LaravelMCP\Tests\Unit\Transport\Contracts\TransportInterfaceTest" classname="JTD.LaravelMCP.Tests.Unit.Transport.Contracts.TransportInterfaceTest" assertions="2" time="0.005446"/>
        <testcase name="test_set_message_handler" file="/var/www/html/tests/Unit/Transport/Contracts/TransportInterfaceTest.php" line="233" class="JTD\LaravelMCP\Tests\Unit\Transport\Contracts\TransportInterfaceTest" classname="JTD.LaravelMCP.Tests.Unit.Transport.Contracts.TransportInterfaceTest" assertions="1" time="0.005042"/>
        <testcase name="test_transport_lifecycle" file="/var/www/html/tests/Unit/Transport/Contracts/TransportInterfaceTest.php" line="246" class="JTD\LaravelMCP\Tests\Unit\Transport\Contracts\TransportInterfaceTest" classname="JTD.LaravelMCP.Tests.Unit.Transport.Contracts.TransportInterfaceTest" assertions="6" time="0.007981"/>
        <testcase name="test_multiple_message_operations" file="/var/www/html/tests/Unit/Transport/Contracts/TransportInterfaceTest.php" line="303" class="JTD\LaravelMCP\Tests\Unit\Transport\Contracts\TransportInterfaceTest" classname="JTD.LaravelMCP.Tests.Unit.Transport.Contracts.TransportInterfaceTest" assertions="7" time="0.008078"/>
        <testcase name="test_setting_multiple_handlers" file="/var/www/html/tests/Unit/Transport/Contracts/TransportInterfaceTest.php" line="378" class="JTD\LaravelMCP\Tests\Unit\Transport\Contracts\TransportInterfaceTest" classname="JTD.LaravelMCP.Tests.Unit.Transport.Contracts.TransportInterfaceTest" assertions="3" time="0.007975"/>
        <testcase name="test_initialize_with_config" file="/var/www/html/tests/Unit/Transport/Contracts/TransportInterfaceTest.php" line="35" class="JTD\LaravelMCP\Tests\Unit\Transport\Contracts\TransportInterfaceTest" classname="JTD.LaravelMCP.Tests.Unit.Transport.Contracts.TransportInterfaceTest" assertions="1" time="0.007537"/>
        <testcase name="test_configuration_persistence" file="/var/www/html/tests/Unit/Transport/Contracts/TransportInterfaceTest.php" line="350" class="JTD\LaravelMCP\Tests\Unit\Transport\Contracts\TransportInterfaceTest" classname="JTD.LaravelMCP.Tests.Unit.Transport.Contracts.TransportInterfaceTest" assertions="2" time="0.005111"/>
      </testsuite>
    </testsuite>
    <testsuite name="Unit" tests="496" assertions="1273" errors="0" failures="0" skipped="0" time="5.166899">
      <testsuite name="JTD\LaravelMCP\Tests\Unit\Exceptions\McpExceptionTest" file="/var/www/html/tests/Unit/Exceptions/McpExceptionTest.php" tests="22" assertions="76" errors="0" failures="0" skipped="0" time="0.119943">
        <testcase name="test_basic_exception_creation" file="/var/www/html/tests/Unit/Exceptions/McpExceptionTest.php" line="19" class="JTD\LaravelMCP\Tests\Unit\Exceptions\McpExceptionTest" classname="JTD.LaravelMCP.Tests.Unit.Exceptions.McpExceptionTest" assertions="2" time="0.004365"/>
        <testcase name="test_exception_with_data" file="/var/www/html/tests/Unit/Exceptions/McpExceptionTest.php" line="30" class="JTD\LaravelMCP\Tests\Unit\Exceptions\McpExceptionTest" classname="JTD.LaravelMCP.Tests.Unit.Exceptions.McpExceptionTest" assertions="1" time="0.005897"/>
        <testcase name="test_exception_with_context" file="/var/www/html/tests/Unit/Exceptions/McpExceptionTest.php" line="41" class="JTD\LaravelMCP\Tests\Unit\Exceptions\McpExceptionTest" classname="JTD.LaravelMCP.Tests.Unit.Exceptions.McpExceptionTest" assertions="1" time="0.005741"/>
        <testcase name="test_exception_with_previous" file="/var/www/html/tests/Unit/Exceptions/McpExceptionTest.php" line="52" class="JTD\LaravelMCP\Tests\Unit\Exceptions\McpExceptionTest" classname="JTD.LaravelMCP.Tests.Unit.Exceptions.McpExceptionTest" assertions="1" time="0.005026"/>
        <testcase name="test_set_data" file="/var/www/html/tests/Unit/Exceptions/McpExceptionTest.php" line="63" class="JTD\LaravelMCP\Tests\Unit\Exceptions\McpExceptionTest" classname="JTD.LaravelMCP.Tests.Unit.Exceptions.McpExceptionTest" assertions="1" time="0.006054"/>
        <testcase name="test_set_context" file="/var/www/html/tests/Unit/Exceptions/McpExceptionTest.php" line="76" class="JTD\LaravelMCP\Tests\Unit\Exceptions\McpExceptionTest" classname="JTD.LaravelMCP.Tests.Unit.Exceptions.McpExceptionTest" assertions="1" time="0.006847"/>
        <testcase name="test_add_context" file="/var/www/html/tests/Unit/Exceptions/McpExceptionTest.php" line="89" class="JTD\LaravelMCP\Tests\Unit\Exceptions\McpExceptionTest" classname="JTD.LaravelMCP.Tests.Unit.Exceptions.McpExceptionTest" assertions="2" time="0.005578"/>
        <testcase name="test_to_array_with_previous" file="/var/www/html/tests/Unit/Exceptions/McpExceptionTest.php" line="124" class="JTD\LaravelMCP\Tests\Unit\Exceptions\McpExceptionTest" classname="JTD.LaravelMCP.Tests.Unit.Exceptions.McpExceptionTest" assertions="4" time="0.004740"/>
        <testcase name="test_to_json" file="/var/www/html/tests/Unit/Exceptions/McpExceptionTest.php" line="140" class="JTD\LaravelMCP\Tests\Unit\Exceptions\McpExceptionTest" classname="JTD.LaravelMCP.Tests.Unit.Exceptions.McpExceptionTest" assertions="3" time="0.004836"/>
        <testcase name="test_get_error_type_json_rpc" file="/var/www/html/tests/Unit/Exceptions/McpExceptionTest.php" line="156" class="JTD\LaravelMCP\Tests\Unit\Exceptions\McpExceptionTest" classname="JTD.LaravelMCP.Tests.Unit.Exceptions.McpExceptionTest" assertions="9" time="0.005123"/>
        <testcase name="test_is_client_error" file="/var/www/html/tests/Unit/Exceptions/McpExceptionTest.php" line="179" class="JTD\LaravelMCP\Tests\Unit\Exceptions\McpExceptionTest" classname="JTD.LaravelMCP.Tests.Unit.Exceptions.McpExceptionTest" assertions="7" time="0.004724"/>
        <testcase name="test_is_server_error" file="/var/www/html/tests/Unit/Exceptions/McpExceptionTest.php" line="198" class="JTD\LaravelMCP\Tests\Unit\Exceptions\McpExceptionTest" classname="JTD.LaravelMCP.Tests.Unit.Exceptions.McpExceptionTest" assertions="8" time="0.004437"/>
        <testcase name="test_static_parse_error" file="/var/www/html/tests/Unit/Exceptions/McpExceptionTest.php" line="217" class="JTD\LaravelMCP\Tests\Unit\Exceptions\McpExceptionTest" classname="JTD.LaravelMCP.Tests.Unit.Exceptions.McpExceptionTest" assertions="3" time="0.004718"/>
        <testcase name="test_static_invalid_request" file="/var/www/html/tests/Unit/Exceptions/McpExceptionTest.php" line="229" class="JTD\LaravelMCP\Tests\Unit\Exceptions\McpExceptionTest" classname="JTD.LaravelMCP.Tests.Unit.Exceptions.McpExceptionTest" assertions="3" time="0.005561"/>
        <testcase name="test_static_invalid_params" file="/var/www/html/tests/Unit/Exceptions/McpExceptionTest.php" line="253" class="JTD\LaravelMCP\Tests\Unit\Exceptions\McpExceptionTest" classname="JTD.LaravelMCP.Tests.Unit.Exceptions.McpExceptionTest" assertions="3" time="0.006433"/>
        <testcase name="test_static_internal_error" file="/var/www/html/tests/Unit/Exceptions/McpExceptionTest.php" line="265" class="JTD\LaravelMCP\Tests\Unit\Exceptions\McpExceptionTest" classname="JTD.LaravelMCP.Tests.Unit.Exceptions.McpExceptionTest" assertions="3" time="0.006870"/>
        <testcase name="test_static_application_error" file="/var/www/html/tests/Unit/Exceptions/McpExceptionTest.php" line="277" class="JTD\LaravelMCP\Tests\Unit\Exceptions\McpExceptionTest" classname="JTD.LaravelMCP.Tests.Unit.Exceptions.McpExceptionTest" assertions="3" time="0.006883"/>
        <testcase name="test_from_throwable_with_custom_code" file="/var/www/html/tests/Unit/Exceptions/McpExceptionTest.php" line="308" class="JTD\LaravelMCP\Tests\Unit\Exceptions\McpExceptionTest" classname="JTD.LaravelMCP.Tests.Unit.Exceptions.McpExceptionTest" assertions="1" time="0.004877"/>
        <testcase name="test_fluent_interface" file="/var/www/html/tests/Unit/Exceptions/McpExceptionTest.php" line="319" class="JTD\LaravelMCP\Tests\Unit\Exceptions\McpExceptionTest" classname="JTD.LaravelMCP.Tests.Unit.Exceptions.McpExceptionTest" assertions="3" time="0.005107"/>
        <testcase name="test_to_array" file="/var/www/html/tests/Unit/Exceptions/McpExceptionTest.php" line="103" class="JTD\LaravelMCP\Tests\Unit\Exceptions\McpExceptionTest" classname="JTD.LaravelMCP.Tests.Unit.Exceptions.McpExceptionTest" assertions="7" time="0.005235"/>
        <testcase name="test_static_method_not_found" file="/var/www/html/tests/Unit/Exceptions/McpExceptionTest.php" line="241" class="JTD\LaravelMCP\Tests\Unit\Exceptions\McpExceptionTest" classname="JTD.LaravelMCP.Tests.Unit.Exceptions.McpExceptionTest" assertions="3" time="0.004587"/>
        <testcase name="test_static_from_throwable" file="/var/www/html/tests/Unit/Exceptions/McpExceptionTest.php" line="289" class="JTD\LaravelMCP\Tests\Unit\Exceptions\McpExceptionTest" classname="JTD.LaravelMCP.Tests.Unit.Exceptions.McpExceptionTest" assertions="7" time="0.006304"/>
      </testsuite>
      <testsuite name="JTD\LaravelMCP\Tests\Unit\Http\Middleware\McpAuthMiddlewareTest" file="/var/www/html/tests/Unit/Http/Middleware/McpAuthMiddlewareTest.php" tests="7" assertions="11" errors="0" failures="0" skipped="0" time="0.036967">
        <testcase name="it_passes_through_when_no_api_key_configured" file="/var/www/html/tests/Unit/Http/Middleware/McpAuthMiddlewareTest.php" line="61" class="JTD\LaravelMCP\Tests\Unit\Http\Middleware\McpAuthMiddlewareTest" classname="JTD.LaravelMCP.Tests.Unit.Http.Middleware.McpAuthMiddlewareTest" assertions="1" time="0.004632"/>
        <testcase name="it_authenticates_with_valid_api_key_in_query" file="/var/www/html/tests/Unit/Http/Middleware/McpAuthMiddlewareTest.php" line="104" class="JTD\LaravelMCP\Tests\Unit\Http\Middleware\McpAuthMiddlewareTest" classname="JTD.LaravelMCP.Tests.Unit.Http.Middleware.McpAuthMiddlewareTest" assertions="1" time="0.007101"/>
        <testcase name="it_rejects_invalid_api_key" file="/var/www/html/tests/Unit/Http/Middleware/McpAuthMiddlewareTest.php" line="125" class="JTD\LaravelMCP\Tests\Unit\Http\Middleware\McpAuthMiddlewareTest" classname="JTD.LaravelMCP.Tests.Unit.Http.Middleware.McpAuthMiddlewareTest" assertions="3" time="0.005626"/>
        <testcase name="it_rejects_request_with_no_api_key_when_required" file="/var/www/html/tests/Unit/Http/Middleware/McpAuthMiddlewareTest.php" line="150" class="JTD\LaravelMCP\Tests\Unit\Http\Middleware\McpAuthMiddlewareTest" classname="JTD.LaravelMCP.Tests.Unit.Http.Middleware.McpAuthMiddlewareTest" assertions="3" time="0.004873"/>
        <testcase name="it_passes_through_when_auth_disabled" file="/var/www/html/tests/Unit/Http/Middleware/McpAuthMiddlewareTest.php" line="41" class="JTD\LaravelMCP\Tests\Unit\Http\Middleware\McpAuthMiddlewareTest" classname="JTD.LaravelMCP.Tests.Unit.Http.Middleware.McpAuthMiddlewareTest" assertions="1" time="0.004488"/>
        <testcase name="it_authenticates_with_valid_api_key_in_header" file="/var/www/html/tests/Unit/Http/Middleware/McpAuthMiddlewareTest.php" line="82" class="JTD\LaravelMCP\Tests\Unit\Http\Middleware\McpAuthMiddlewareTest" classname="JTD.LaravelMCP.Tests.Unit.Http.Middleware.McpAuthMiddlewareTest" assertions="1" time="0.005238"/>
        <testcase name="it_prioritizes_header_over_query_parameter" file="/var/www/html/tests/Unit/Http/Middleware/McpAuthMiddlewareTest.php" line="174" class="JTD\LaravelMCP\Tests\Unit\Http\Middleware\McpAuthMiddlewareTest" classname="JTD.LaravelMCP.Tests.Unit.Http.Middleware.McpAuthMiddlewareTest" assertions="1" time="0.005009"/>
      </testsuite>
      <testsuite name="JTD\LaravelMCP\Tests\Unit\Http\Middleware\McpCorsMiddlewareTest" file="/var/www/html/tests/Unit/Http/Middleware/McpCorsMiddlewareTest.php" tests="8" assertions="23" errors="0" failures="0" skipped="0" time="0.045593">
        <testcase name="it_respects_specific_allowed_origins" file="/var/www/html/tests/Unit/Http/Middleware/McpCorsMiddlewareTest.php" line="99" class="JTD\LaravelMCP\Tests\Unit\Http\Middleware\McpCorsMiddlewareTest" classname="JTD.LaravelMCP.Tests.Unit.Http.Middleware.McpCorsMiddlewareTest" assertions="1" time="0.004428"/>
        <testcase name="it_rejects_disallowed_origins" file="/var/www/html/tests/Unit/Http/Middleware/McpCorsMiddlewareTest.php" line="122" class="JTD\LaravelMCP\Tests\Unit\Http\Middleware\McpCorsMiddlewareTest" classname="JTD.LaravelMCP.Tests.Unit.Http.Middleware.McpCorsMiddlewareTest" assertions="1" time="0.005369"/>
        <testcase name="it_allows_all_origins_with_wildcard" file="/var/www/html/tests/Unit/Http/Middleware/McpCorsMiddlewareTest.php" line="145" class="JTD\LaravelMCP\Tests\Unit\Http\Middleware\McpCorsMiddlewareTest" classname="JTD.LaravelMCP.Tests.Unit.Http.Middleware.McpCorsMiddlewareTest" assertions="1" time="0.007982"/>
        <testcase name="it_uses_default_configuration_values" file="/var/www/html/tests/Unit/Http/Middleware/McpCorsMiddlewareTest.php" line="191" class="JTD\LaravelMCP\Tests\Unit\Http\Middleware\McpCorsMiddlewareTest" classname="JTD.LaravelMCP.Tests.Unit.Http.Middleware.McpCorsMiddlewareTest" assertions="6" time="0.007975"/>
        <testcase name="it_includes_mcp_specific_headers" file="/var/www/html/tests/Unit/Http/Middleware/McpCorsMiddlewareTest.php" line="217" class="JTD\LaravelMCP\Tests\Unit\Http\Middleware\McpCorsMiddlewareTest" classname="JTD.LaravelMCP.Tests.Unit.Http.Middleware.McpCorsMiddlewareTest" assertions="3" time="0.004814"/>
        <testcase name="it_adds_cors_headers_to_regular_requests" file="/var/www/html/tests/Unit/Http/Middleware/McpCorsMiddlewareTest.php" line="40" class="JTD\LaravelMCP\Tests\Unit\Http\Middleware\McpCorsMiddlewareTest" classname="JTD.LaravelMCP.Tests.Unit.Http.Middleware.McpCorsMiddlewareTest" assertions="5" time="0.005428"/>
        <testcase name="it_handles_preflight_options_requests" file="/var/www/html/tests/Unit/Http/Middleware/McpCorsMiddlewareTest.php" line="70" class="JTD\LaravelMCP\Tests\Unit\Http\Middleware\McpCorsMiddlewareTest" classname="JTD.LaravelMCP.Tests.Unit.Http.Middleware.McpCorsMiddlewareTest" assertions="5" time="0.004620"/>
        <testcase name="it_sets_default_origin_when_no_origin_header" file="/var/www/html/tests/Unit/Http/Middleware/McpCorsMiddlewareTest.php" line="168" class="JTD\LaravelMCP\Tests\Unit\Http\Middleware\McpCorsMiddlewareTest" classname="JTD.LaravelMCP.Tests.Unit.Http.Middleware.McpCorsMiddlewareTest" assertions="1" time="0.004977"/>
      </testsuite>
      <testsuite name="JTD\LaravelMCP\Tests\Unit\LaravelMcpServiceProviderTest" file="/var/www/html/tests/Unit/LaravelMcpServiceProviderTest.php" tests="39" assertions="94" errors="0" failures="0" skipped="0" time="0.264814">
        <testsuite name="JTD\LaravelMCP\Tests\Unit\LaravelMcpServiceProviderTest::it_resolves_individual_services" tests="9" assertions="9" errors="0" failures="0" skipped="0" time="0.051239">
          <testcase name="it_resolves_individual_services with data set &quot;McpRegistry&quot;" file="/var/www/html/tests/Unit/LaravelMcpServiceProviderTest.php" line="520" class="JTD\LaravelMCP\Tests\Unit\LaravelMcpServiceProviderTest" classname="JTD.LaravelMCP.Tests.Unit.LaravelMcpServiceProviderTest" assertions="1" time="0.005913"/>
          <testcase name="it_resolves_individual_services with data set &quot;TransportManager&quot;" file="/var/www/html/tests/Unit/LaravelMcpServiceProviderTest.php" line="520" class="JTD\LaravelMCP\Tests\Unit\LaravelMcpServiceProviderTest" classname="JTD.LaravelMCP.Tests.Unit.LaravelMcpServiceProviderTest" assertions="1" time="0.006735"/>
          <testcase name="it_resolves_individual_services with data set &quot;JsonRpcHandler&quot;" file="/var/www/html/tests/Unit/LaravelMcpServiceProviderTest.php" line="520" class="JTD\LaravelMCP\Tests\Unit\LaravelMcpServiceProviderTest" classname="JTD.LaravelMCP.Tests.Unit.LaravelMcpServiceProviderTest" assertions="1" time="0.004952"/>
          <testcase name="it_resolves_individual_services with data set &quot;MessageProcessor&quot;" file="/var/www/html/tests/Unit/LaravelMcpServiceProviderTest.php" line="520" class="JTD\LaravelMCP\Tests\Unit\LaravelMcpServiceProviderTest" classname="JTD.LaravelMCP.Tests.Unit.LaravelMcpServiceProviderTest" assertions="1" time="0.006126"/>
          <testcase name="it_resolves_individual_services with data set &quot;CapabilityNegotiator&quot;" file="/var/www/html/tests/Unit/LaravelMcpServiceProviderTest.php" line="520" class="JTD\LaravelMCP\Tests\Unit\LaravelMcpServiceProviderTest" classname="JTD.LaravelMCP.Tests.Unit.LaravelMcpServiceProviderTest" assertions="1" time="0.006893"/>
          <testcase name="it_resolves_individual_services with data set &quot;ToolRegistry&quot;" file="/var/www/html/tests/Unit/LaravelMcpServiceProviderTest.php" line="520" class="JTD\LaravelMCP\Tests\Unit\LaravelMcpServiceProviderTest" classname="JTD.LaravelMCP.Tests.Unit.LaravelMcpServiceProviderTest" assertions="1" time="0.004990"/>
          <testcase name="it_resolves_individual_services with data set &quot;ResourceRegistry&quot;" file="/var/www/html/tests/Unit/LaravelMcpServiceProviderTest.php" line="520" class="JTD\LaravelMCP\Tests\Unit\LaravelMcpServiceProviderTest" classname="JTD.LaravelMCP.Tests.Unit.LaravelMcpServiceProviderTest" assertions="1" time="0.004987"/>
          <testcase name="it_resolves_individual_services with data set &quot;PromptRegistry&quot;" file="/var/www/html/tests/Unit/LaravelMcpServiceProviderTest.php" line="520" class="JTD\LaravelMCP\Tests\Unit\LaravelMcpServiceProviderTest" classname="JTD.LaravelMCP.Tests.Unit.LaravelMcpServiceProviderTest" assertions="1" time="0.005601"/>
          <testcase name="it_resolves_individual_services with data set &quot;ComponentDiscovery&quot;" file="/var/www/html/tests/Unit/LaravelMcpServiceProviderTest.php" line="520" class="JTD\LaravelMCP\Tests\Unit\LaravelMcpServiceProviderTest" classname="JTD.LaravelMCP.Tests.Unit.LaravelMcpServiceProviderTest" assertions="1" time="0.005042"/>
        </testsuite>
        <testcase name="it_validates_dependencies_successfully_when_met" file="/var/www/html/tests/Unit/LaravelMcpServiceProviderTest.php" line="241" class="JTD\LaravelMCP\Tests\Unit\LaravelMcpServiceProviderTest" classname="JTD.LaravelMCP.Tests.Unit.LaravelMcpServiceProviderTest" assertions="1" time="0.004625"/>
        <testcase name="it_detects_console_environment" file="/var/www/html/tests/Unit/LaravelMcpServiceProviderTest.php" line="282" class="JTD\LaravelMCP\Tests\Unit\LaravelMcpServiceProviderTest" classname="JTD.LaravelMCP.Tests.Unit.LaravelMcpServiceProviderTest" assertions="1" time="0.005285"/>
        <testcase name="it_detects_testing_environment" file="/var/www/html/tests/Unit/LaravelMcpServiceProviderTest.php" line="306" class="JTD\LaravelMCP\Tests\Unit\LaravelMcpServiceProviderTest" classname="JTD.LaravelMCP.Tests.Unit.LaravelMcpServiceProviderTest" assertions="1" time="0.004745"/>
        <testcase name="it_detects_web_environment" file="/var/www/html/tests/Unit/LaravelMcpServiceProviderTest.php" line="330" class="JTD\LaravelMCP\Tests\Unit\LaravelMcpServiceProviderTest" classname="JTD.LaravelMCP.Tests.Unit.LaravelMcpServiceProviderTest" assertions="1" time="0.005084"/>
        <testcase name="it_skips_discovery_when_disabled" file="/var/www/html/tests/Unit/LaravelMcpServiceProviderTest.php" line="354" class="JTD\LaravelMCP\Tests\Unit\LaravelMcpServiceProviderTest" classname="JTD.LaravelMCP.Tests.Unit.LaravelMcpServiceProviderTest" assertions="1" time="0.006095"/>
        <testcase name="it_runs_discovery_when_enabled" file="/var/www/html/tests/Unit/LaravelMcpServiceProviderTest.php" line="376" class="JTD\LaravelMCP\Tests\Unit\LaravelMcpServiceProviderTest" classname="JTD.LaravelMCP.Tests.Unit.LaravelMcpServiceProviderTest" assertions="1" time="0.005634"/>
        <testcase name="it_handles_boot_failure_gracefully_in_production" file="/var/www/html/tests/Unit/LaravelMcpServiceProviderTest.php" line="750" class="JTD\LaravelMCP\Tests\Unit\LaravelMcpServiceProviderTest" classname="JTD.LaravelMCP.Tests.Unit.LaravelMcpServiceProviderTest" assertions="2" time="0.004999"/>
        <testcase name="it_registers_all_singleton_services" file="/var/www/html/tests/Unit/LaravelMcpServiceProviderTest.php" line="61" class="JTD\LaravelMCP\Tests\Unit\LaravelMcpServiceProviderTest" classname="JTD.LaravelMCP.Tests.Unit.LaravelMcpServiceProviderTest" assertions="9" time="0.006461"/>
        <testcase name="it_ensures_singletons_return_same_instance" file="/var/www/html/tests/Unit/LaravelMcpServiceProviderTest.php" line="88" class="JTD\LaravelMCP\Tests\Unit\LaravelMcpServiceProviderTest" classname="JTD.LaravelMCP.Tests.Unit.LaravelMcpServiceProviderTest" assertions="9" time="0.005660"/>
        <testcase name="it_registers_transport_implementations" file="/var/www/html/tests/Unit/LaravelMcpServiceProviderTest.php" line="118" class="JTD\LaravelMCP\Tests\Unit\LaravelMcpServiceProviderTest" classname="JTD.LaravelMCP.Tests.Unit.LaravelMcpServiceProviderTest" assertions="4" time="0.005654"/>
        <testcase name="it_binds_interfaces_to_implementations" file="/var/www/html/tests/Unit/LaravelMcpServiceProviderTest.php" line="139" class="JTD\LaravelMCP\Tests\Unit\LaravelMcpServiceProviderTest" classname="JTD.LaravelMCP.Tests.Unit.LaravelMcpServiceProviderTest" assertions="4" time="0.008193"/>
        <testcase name="it_binds_transport_interface_to_default_transport" file="/var/www/html/tests/Unit/LaravelMcpServiceProviderTest.php" line="160" class="JTD\LaravelMCP\Tests\Unit\LaravelMcpServiceProviderTest" classname="JTD.LaravelMCP.Tests.Unit.LaravelMcpServiceProviderTest" assertions="2" time="0.012017"/>
        <testcase name="it_merges_mcp_transports_configuration" file="/var/www/html/tests/Unit/LaravelMcpServiceProviderTest.php" line="202" class="JTD\LaravelMCP\Tests\Unit\LaravelMcpServiceProviderTest" classname="JTD.LaravelMCP.Tests.Unit.LaravelMcpServiceProviderTest" assertions="2" time="0.010051"/>
        <testcase name="it_allows_custom_configuration_to_override_defaults" file="/var/www/html/tests/Unit/LaravelMcpServiceProviderTest.php" line="219" class="JTD\LaravelMCP\Tests\Unit\LaravelMcpServiceProviderTest" classname="JTD.LaravelMCP.Tests.Unit.LaravelMcpServiceProviderTest" assertions="4" time="0.006385"/>
        <testcase name="it_throws_exception_when_required_dependencies_are_missing" file="/var/www/html/tests/Unit/LaravelMcpServiceProviderTest.php" line="254" class="JTD\LaravelMCP\Tests\Unit\LaravelMcpServiceProviderTest" classname="JTD.LaravelMCP.Tests.Unit.LaravelMcpServiceProviderTest" assertions="2" time="0.005203"/>
        <testcase name="it_sets_up_publishing_configurations" file="/var/www/html/tests/Unit/LaravelMcpServiceProviderTest.php" line="406" class="JTD\LaravelMCP\Tests\Unit\LaravelMcpServiceProviderTest" classname="JTD.LaravelMCP.Tests.Unit.LaravelMcpServiceProviderTest" assertions="2" time="0.006337"/>
        <testcase name="it_loads_routes_when_mcp_routes_file_exists" file="/var/www/html/tests/Unit/LaravelMcpServiceProviderTest.php" line="427" class="JTD\LaravelMCP\Tests\Unit\LaravelMcpServiceProviderTest" classname="JTD.LaravelMCP.Tests.Unit.LaravelMcpServiceProviderTest" assertions="1" time="0.005903"/>
        <testcase name="it_skips_routes_when_mcp_routes_file_does_not_exist" file="/var/www/html/tests/Unit/LaravelMcpServiceProviderTest.php" line="455" class="JTD\LaravelMCP\Tests\Unit\LaravelMcpServiceProviderTest" classname="JTD.LaravelMCP.Tests.Unit.LaravelMcpServiceProviderTest" assertions="1" time="0.006928"/>
        <testcase name="it_runs_console_boot_only_in_console" file="/var/www/html/tests/Unit/LaravelMcpServiceProviderTest.php" line="473" class="JTD\LaravelMCP\Tests\Unit\LaravelMcpServiceProviderTest" classname="JTD.LaravelMCP.Tests.Unit.LaravelMcpServiceProviderTest" assertions="1" time="0.006500"/>
        <testcase name="it_resolves_all_services_after_boot" file="/var/www/html/tests/Unit/LaravelMcpServiceProviderTest.php" line="536" class="JTD\LaravelMCP\Tests\Unit\LaravelMcpServiceProviderTest" classname="JTD.LaravelMCP.Tests.Unit.LaravelMcpServiceProviderTest" assertions="14" time="0.009231"/>
        <testcase name="it_validates_configuration_structure" file="/var/www/html/tests/Unit/LaravelMcpServiceProviderTest.php" line="570" class="JTD\LaravelMCP\Tests\Unit\LaravelMcpServiceProviderTest" classname="JTD.LaravelMCP.Tests.Unit.LaravelMcpServiceProviderTest" assertions="1" time="0.006327"/>
        <testcase name="it_handles_invalid_configuration_gracefully" file="/var/www/html/tests/Unit/LaravelMcpServiceProviderTest.php" line="594" class="JTD\LaravelMCP\Tests\Unit\LaravelMcpServiceProviderTest" classname="JTD.LaravelMCP.Tests.Unit.LaravelMcpServiceProviderTest" assertions="2" time="0.006213"/>
        <testcase name="it_registers_middleware_when_auto_register_enabled" file="/var/www/html/tests/Unit/LaravelMcpServiceProviderTest.php" line="612" class="JTD\LaravelMCP\Tests\Unit\LaravelMcpServiceProviderTest" classname="JTD.LaravelMCP.Tests.Unit.LaravelMcpServiceProviderTest" assertions="1" time="0.006875"/>
        <testcase name="it_registers_auth_middleware_when_auth_enabled" file="/var/www/html/tests/Unit/LaravelMcpServiceProviderTest.php" line="644" class="JTD\LaravelMCP\Tests\Unit\LaravelMcpServiceProviderTest" classname="JTD.LaravelMCP.Tests.Unit.LaravelMcpServiceProviderTest" assertions="1" time="0.006026"/>
        <testcase name="it_skips_middleware_auto_registration_when_disabled" file="/var/www/html/tests/Unit/LaravelMcpServiceProviderTest.php" line="677" class="JTD\LaravelMCP\Tests\Unit\LaravelMcpServiceProviderTest" classname="JTD.LaravelMCP.Tests.Unit.LaravelMcpServiceProviderTest" assertions="1" time="0.009356"/>
        <testcase name="it_registers_event_hooks" file="/var/www/html/tests/Unit/LaravelMcpServiceProviderTest.php" line="704" class="JTD\LaravelMCP\Tests\Unit\LaravelMcpServiceProviderTest" classname="JTD.LaravelMCP.Tests.Unit.LaravelMcpServiceProviderTest" assertions="1" time="0.013980"/>
        <testcase name="it_has_proper_error_handling_structure" file="/var/www/html/tests/Unit/LaravelMcpServiceProviderTest.php" line="730" class="JTD\LaravelMCP\Tests\Unit\LaravelMcpServiceProviderTest" classname="JTD.LaravelMCP.Tests.Unit.LaravelMcpServiceProviderTest" assertions="2" time="0.007571"/>
        <testcase name="it_registers_lazy_services" file="/var/www/html/tests/Unit/LaravelMcpServiceProviderTest.php" line="768" class="JTD\LaravelMCP\Tests\Unit\LaravelMcpServiceProviderTest" classname="JTD.LaravelMCP.Tests.Unit.LaravelMcpServiceProviderTest" assertions="3" time="0.006534"/>
        <testcase name="it_registers_caching_services" file="/var/www/html/tests/Unit/LaravelMcpServiceProviderTest.php" line="783" class="JTD\LaravelMCP\Tests\Unit\LaravelMcpServiceProviderTest" classname="JTD.LaravelMCP.Tests.Unit.LaravelMcpServiceProviderTest" assertions="3" time="0.008908"/>
        <testcase name="it_merges_laravel_mcp_configuration" file="/var/www/html/tests/Unit/LaravelMcpServiceProviderTest.php" line="181" class="JTD\LaravelMCP\Tests\Unit\LaravelMcpServiceProviderTest" classname="JTD.LaravelMCP.Tests.Unit.LaravelMcpServiceProviderTest" assertions="7" time="0.010793"/>
      </testsuite>
      <testsuite name="JTD\LaravelMCP\Tests\Unit\Protocol\Contracts\JsonRpcHandlerInterfaceTest" file="/var/www/html/tests/Unit/Protocol/Contracts/JsonRpcHandlerInterfaceTest.php" tests="24" assertions="85" errors="0" failures="0" skipped="0" time="0.150165">
        <testcase name="test_handle_request_with_valid_request" file="/var/www/html/tests/Unit/Protocol/Contracts/JsonRpcHandlerInterfaceTest.php" line="30" class="JTD\LaravelMCP\Tests\Unit\Protocol\Contracts\JsonRpcHandlerInterfaceTest" classname="JTD.LaravelMCP.Tests.Unit.Protocol.Contracts.JsonRpcHandlerInterfaceTest" assertions="2" time="0.005236"/>
        <testcase name="test_handle_request_with_params" file="/var/www/html/tests/Unit/Protocol/Contracts/JsonRpcHandlerInterfaceTest.php" line="58" class="JTD\LaravelMCP\Tests\Unit\Protocol\Contracts\JsonRpcHandlerInterfaceTest" classname="JTD.LaravelMCP.Tests.Unit.Protocol.Contracts.JsonRpcHandlerInterfaceTest" assertions="2" time="0.004434"/>
        <testcase name="test_handle_notification" file="/var/www/html/tests/Unit/Protocol/Contracts/JsonRpcHandlerInterfaceTest.php" line="90" class="JTD\LaravelMCP\Tests\Unit\Protocol\Contracts\JsonRpcHandlerInterfaceTest" classname="JTD.LaravelMCP.Tests.Unit.Protocol.Contracts.JsonRpcHandlerInterfaceTest" assertions="1" time="0.005682"/>
        <testcase name="test_handle_notification_with_params" file="/var/www/html/tests/Unit/Protocol/Contracts/JsonRpcHandlerInterfaceTest.php" line="108" class="JTD\LaravelMCP\Tests\Unit\Protocol\Contracts\JsonRpcHandlerInterfaceTest" classname="JTD.LaravelMCP.Tests.Unit.Protocol.Contracts.JsonRpcHandlerInterfaceTest" assertions="1" time="0.004283"/>
        <testcase name="test_handle_response_success" file="/var/www/html/tests/Unit/Protocol/Contracts/JsonRpcHandlerInterfaceTest.php" line="130" class="JTD\LaravelMCP\Tests\Unit\Protocol\Contracts\JsonRpcHandlerInterfaceTest" classname="JTD.LaravelMCP.Tests.Unit.Protocol.Contracts.JsonRpcHandlerInterfaceTest" assertions="1" time="0.004273"/>
        <testcase name="test_handle_response_error" file="/var/www/html/tests/Unit/Protocol/Contracts/JsonRpcHandlerInterfaceTest.php" line="149" class="JTD\LaravelMCP\Tests\Unit\Protocol\Contracts\JsonRpcHandlerInterfaceTest" classname="JTD.LaravelMCP.Tests.Unit.Protocol.Contracts.JsonRpcHandlerInterfaceTest" assertions="1" time="0.005972"/>
        <testcase name="test_create_request_without_params" file="/var/www/html/tests/Unit/Protocol/Contracts/JsonRpcHandlerInterfaceTest.php" line="171" class="JTD\LaravelMCP\Tests\Unit\Protocol\Contracts\JsonRpcHandlerInterfaceTest" classname="JTD.LaravelMCP.Tests.Unit.Protocol.Contracts.JsonRpcHandlerInterfaceTest" assertions="2" time="0.005076"/>
        <testcase name="test_create_request_with_params" file="/var/www/html/tests/Unit/Protocol/Contracts/JsonRpcHandlerInterfaceTest.php" line="193" class="JTD\LaravelMCP\Tests\Unit\Protocol\Contracts\JsonRpcHandlerInterfaceTest" classname="JTD.LaravelMCP.Tests.Unit.Protocol.Contracts.JsonRpcHandlerInterfaceTest" assertions="2" time="0.007067"/>
        <testcase name="test_create_request_notification" file="/var/www/html/tests/Unit/Protocol/Contracts/JsonRpcHandlerInterfaceTest.php" line="218" class="JTD\LaravelMCP\Tests\Unit\Protocol\Contracts\JsonRpcHandlerInterfaceTest" classname="JTD.LaravelMCP.Tests.Unit.Protocol.Contracts.JsonRpcHandlerInterfaceTest" assertions="2" time="0.007620"/>
        <testcase name="test_create_success_response" file="/var/www/html/tests/Unit/Protocol/Contracts/JsonRpcHandlerInterfaceTest.php" line="239" class="JTD\LaravelMCP\Tests\Unit\Protocol\Contracts\JsonRpcHandlerInterfaceTest" classname="JTD.LaravelMCP.Tests.Unit.Protocol.Contracts.JsonRpcHandlerInterfaceTest" assertions="2" time="0.007312"/>
        <testcase name="test_create_error_response_with_data" file="/var/www/html/tests/Unit/Protocol/Contracts/JsonRpcHandlerInterfaceTest.php" line="289" class="JTD\LaravelMCP\Tests\Unit\Protocol\Contracts\JsonRpcHandlerInterfaceTest" classname="JTD.LaravelMCP.Tests.Unit.Protocol.Contracts.JsonRpcHandlerInterfaceTest" assertions="2" time="0.010089"/>
        <testcase name="test_create_error_response_for_notification" file="/var/www/html/tests/Unit/Protocol/Contracts/JsonRpcHandlerInterfaceTest.php" line="317" class="JTD\LaravelMCP\Tests\Unit\Protocol\Contracts\JsonRpcHandlerInterfaceTest" classname="JTD.LaravelMCP.Tests.Unit.Protocol.Contracts.JsonRpcHandlerInterfaceTest" assertions="2" time="0.006571"/>
        <testcase name="test_validate_message_valid" file="/var/www/html/tests/Unit/Protocol/Contracts/JsonRpcHandlerInterfaceTest.php" line="342" class="JTD\LaravelMCP\Tests\Unit\Protocol\Contracts\JsonRpcHandlerInterfaceTest" classname="JTD.LaravelMCP.Tests.Unit.Protocol.Contracts.JsonRpcHandlerInterfaceTest" assertions="2" time="0.005399"/>
        <testcase name="test_is_request_valid" file="/var/www/html/tests/Unit/Protocol/Contracts/JsonRpcHandlerInterfaceTest.php" line="380" class="JTD\LaravelMCP\Tests\Unit\Protocol\Contracts\JsonRpcHandlerInterfaceTest" classname="JTD.LaravelMCP.Tests.Unit.Protocol.Contracts.JsonRpcHandlerInterfaceTest" assertions="2" time="0.006009"/>
        <testcase name="test_is_request_with_notification" file="/var/www/html/tests/Unit/Protocol/Contracts/JsonRpcHandlerInterfaceTest.php" line="400" class="JTD\LaravelMCP\Tests\Unit\Protocol\Contracts\JsonRpcHandlerInterfaceTest" classname="JTD.LaravelMCP.Tests.Unit.Protocol.Contracts.JsonRpcHandlerInterfaceTest" assertions="2" time="0.005891"/>
        <testcase name="test_is_notification_valid" file="/var/www/html/tests/Unit/Protocol/Contracts/JsonRpcHandlerInterfaceTest.php" line="420" class="JTD\LaravelMCP\Tests\Unit\Protocol\Contracts\JsonRpcHandlerInterfaceTest" classname="JTD.LaravelMCP.Tests.Unit.Protocol.Contracts.JsonRpcHandlerInterfaceTest" assertions="2" time="0.005904"/>
        <testcase name="test_is_notification_with_request" file="/var/www/html/tests/Unit/Protocol/Contracts/JsonRpcHandlerInterfaceTest.php" line="440" class="JTD\LaravelMCP\Tests\Unit\Protocol\Contracts\JsonRpcHandlerInterfaceTest" classname="JTD.LaravelMCP.Tests.Unit.Protocol.Contracts.JsonRpcHandlerInterfaceTest" assertions="2" time="0.007701"/>
        <testcase name="test_is_response_success" file="/var/www/html/tests/Unit/Protocol/Contracts/JsonRpcHandlerInterfaceTest.php" line="460" class="JTD\LaravelMCP\Tests\Unit\Protocol\Contracts\JsonRpcHandlerInterfaceTest" classname="JTD.LaravelMCP.Tests.Unit.Protocol.Contracts.JsonRpcHandlerInterfaceTest" assertions="2" time="0.005996"/>
        <testcase name="test_is_response_error" file="/var/www/html/tests/Unit/Protocol/Contracts/JsonRpcHandlerInterfaceTest.php" line="480" class="JTD\LaravelMCP\Tests\Unit\Protocol\Contracts\JsonRpcHandlerInterfaceTest" classname="JTD.LaravelMCP.Tests.Unit.Protocol.Contracts.JsonRpcHandlerInterfaceTest" assertions="2" time="0.007605"/>
        <testcase name="test_is_response_with_request" file="/var/www/html/tests/Unit/Protocol/Contracts/JsonRpcHandlerInterfaceTest.php" line="503" class="JTD\LaravelMCP\Tests\Unit\Protocol\Contracts\JsonRpcHandlerInterfaceTest" classname="JTD.LaravelMCP.Tests.Unit.Protocol.Contracts.JsonRpcHandlerInterfaceTest" assertions="2" time="0.008062"/>
        <testcase name="test_create_error_response_without_data" file="/var/www/html/tests/Unit/Protocol/Contracts/JsonRpcHandlerInterfaceTest.php" line="264" class="JTD\LaravelMCP\Tests\Unit\Protocol\Contracts\JsonRpcHandlerInterfaceTest" classname="JTD.LaravelMCP.Tests.Unit.Protocol.Contracts.JsonRpcHandlerInterfaceTest" assertions="2" time="0.005329"/>
        <testcase name="test_validate_message_invalid" file="/var/www/html/tests/Unit/Protocol/Contracts/JsonRpcHandlerInterfaceTest.php" line="362" class="JTD\LaravelMCP\Tests\Unit\Protocol\Contracts\JsonRpcHandlerInterfaceTest" classname="JTD.LaravelMCP.Tests.Unit.Protocol.Contracts.JsonRpcHandlerInterfaceTest" assertions="2" time="0.005762"/>
        <testcase name="test_handle_batch_request" file="/var/www/html/tests/Unit/Protocol/Contracts/JsonRpcHandlerInterfaceTest.php" line="523" class="JTD\LaravelMCP\Tests\Unit\Protocol\Contracts\JsonRpcHandlerInterfaceTest" classname="JTD.LaravelMCP.Tests.Unit.Protocol.Contracts.JsonRpcHandlerInterfaceTest" assertions="2" time="0.006538"/>
        <testcase name="test_json_rpc_error_codes" file="/var/www/html/tests/Unit/Protocol/Contracts/JsonRpcHandlerInterfaceTest.php" line="551" class="JTD\LaravelMCP\Tests\Unit\Protocol\Contracts\JsonRpcHandlerInterfaceTest" classname="JTD.LaravelMCP.Tests.Unit.Protocol.Contracts.JsonRpcHandlerInterfaceTest" assertions="43" time="0.006356"/>
      </testsuite>
      <testsuite name="JTD\LaravelMCP\Tests\Unit\Protocol\Contracts\ProtocolHandlerInterfaceTest" file="/var/www/html/tests/Unit/Protocol/Contracts/ProtocolHandlerInterfaceTest.php" tests="23" assertions="62" errors="0" failures="0" skipped="0" time="0.142129">
        <testcase name="test_initialize_with_capabilities" file="/var/www/html/tests/Unit/Protocol/Contracts/ProtocolHandlerInterfaceTest.php" line="30" class="JTD\LaravelMCP\Tests\Unit\Protocol\Contracts\ProtocolHandlerInterfaceTest" classname="JTD.LaravelMCP.Tests.Unit.Protocol.Contracts.ProtocolHandlerInterfaceTest" assertions="1" time="0.006946"/>
        <testcase name="test_initialize_with_empty_capabilities" file="/var/www/html/tests/Unit/Protocol/Contracts/ProtocolHandlerInterfaceTest.php" line="50" class="JTD\LaravelMCP\Tests\Unit\Protocol\Contracts\ProtocolHandlerInterfaceTest" classname="JTD.LaravelMCP.Tests.Unit.Protocol.Contracts.ProtocolHandlerInterfaceTest" assertions="1" time="0.007133"/>
        <testcase name="test_handle_initialize" file="/var/www/html/tests/Unit/Protocol/Contracts/ProtocolHandlerInterfaceTest.php" line="63" class="JTD\LaravelMCP\Tests\Unit\Protocol\Contracts\ProtocolHandlerInterfaceTest" classname="JTD.LaravelMCP.Tests.Unit.Protocol.Contracts.ProtocolHandlerInterfaceTest" assertions="2" time="0.009716"/>
        <testcase name="test_handle_initialized" file="/var/www/html/tests/Unit/Protocol/Contracts/ProtocolHandlerInterfaceTest.php" line="104" class="JTD\LaravelMCP\Tests\Unit\Protocol\Contracts\ProtocolHandlerInterfaceTest" classname="JTD.LaravelMCP.Tests.Unit.Protocol.Contracts.ProtocolHandlerInterfaceTest" assertions="1" time="0.005710"/>
        <testcase name="test_handle_ping" file="/var/www/html/tests/Unit/Protocol/Contracts/ProtocolHandlerInterfaceTest.php" line="116" class="JTD\LaravelMCP\Tests\Unit\Protocol\Contracts\ProtocolHandlerInterfaceTest" classname="JTD.LaravelMCP.Tests.Unit.Protocol.Contracts.ProtocolHandlerInterfaceTest" assertions="2" time="0.004870"/>
        <testcase name="test_handle_tools_list_without_params" file="/var/www/html/tests/Unit/Protocol/Contracts/ProtocolHandlerInterfaceTest.php" line="133" class="JTD\LaravelMCP\Tests\Unit\Protocol\Contracts\ProtocolHandlerInterfaceTest" classname="JTD.LaravelMCP.Tests.Unit.Protocol.Contracts.ProtocolHandlerInterfaceTest" assertions="2" time="0.005995"/>
        <testcase name="test_handle_tools_list_with_filters" file="/var/www/html/tests/Unit/Protocol/Contracts/ProtocolHandlerInterfaceTest.php" line="162" class="JTD\LaravelMCP\Tests\Unit\Protocol\Contracts\ProtocolHandlerInterfaceTest" classname="JTD.LaravelMCP.Tests.Unit.Protocol.Contracts.ProtocolHandlerInterfaceTest" assertions="2" time="0.004814"/>
        <testcase name="test_handle_tools_call" file="/var/www/html/tests/Unit/Protocol/Contracts/ProtocolHandlerInterfaceTest.php" line="188" class="JTD\LaravelMCP\Tests\Unit\Protocol\Contracts\ProtocolHandlerInterfaceTest" classname="JTD.LaravelMCP.Tests.Unit.Protocol.Contracts.ProtocolHandlerInterfaceTest" assertions="2" time="0.004948"/>
        <testcase name="test_handle_resources_list_without_params" file="/var/www/html/tests/Unit/Protocol/Contracts/ProtocolHandlerInterfaceTest.php" line="222" class="JTD\LaravelMCP\Tests\Unit\Protocol\Contracts\ProtocolHandlerInterfaceTest" classname="JTD.LaravelMCP.Tests.Unit.Protocol.Contracts.ProtocolHandlerInterfaceTest" assertions="2" time="0.005787"/>
        <testcase name="test_handle_resources_subscribe" file="/var/www/html/tests/Unit/Protocol/Contracts/ProtocolHandlerInterfaceTest.php" line="279" class="JTD\LaravelMCP\Tests\Unit\Protocol\Contracts\ProtocolHandlerInterfaceTest" classname="JTD.LaravelMCP.Tests.Unit.Protocol.Contracts.ProtocolHandlerInterfaceTest" assertions="2" time="0.005060"/>
        <testcase name="test_handle_resources_unsubscribe" file="/var/www/html/tests/Unit/Protocol/Contracts/ProtocolHandlerInterfaceTest.php" line="303" class="JTD\LaravelMCP\Tests\Unit\Protocol\Contracts\ProtocolHandlerInterfaceTest" classname="JTD.LaravelMCP.Tests.Unit.Protocol.Contracts.ProtocolHandlerInterfaceTest" assertions="2" time="0.007390"/>
        <testcase name="test_handle_prompts_list_without_params" file="/var/www/html/tests/Unit/Protocol/Contracts/ProtocolHandlerInterfaceTest.php" line="327" class="JTD\LaravelMCP\Tests\Unit\Protocol\Contracts\ProtocolHandlerInterfaceTest" classname="JTD.LaravelMCP.Tests.Unit.Protocol.Contracts.ProtocolHandlerInterfaceTest" assertions="2" time="0.008917"/>
        <testcase name="test_handle_prompts_get" file="/var/www/html/tests/Unit/Protocol/Contracts/ProtocolHandlerInterfaceTest.php" line="358" class="JTD\LaravelMCP\Tests\Unit\Protocol\Contracts\ProtocolHandlerInterfaceTest" classname="JTD.LaravelMCP.Tests.Unit.Protocol.Contracts.ProtocolHandlerInterfaceTest" assertions="2" time="0.007364"/>
        <testcase name="test_handle_logging_set_level" file="/var/www/html/tests/Unit/Protocol/Contracts/ProtocolHandlerInterfaceTest.php" line="393" class="JTD\LaravelMCP\Tests\Unit\Protocol\Contracts\ProtocolHandlerInterfaceTest" classname="JTD.LaravelMCP.Tests.Unit.Protocol.Contracts.ProtocolHandlerInterfaceTest" assertions="2" time="0.005400"/>
        <testcase name="test_get_capabilities" file="/var/www/html/tests/Unit/Protocol/Contracts/ProtocolHandlerInterfaceTest.php" line="417" class="JTD\LaravelMCP\Tests\Unit\Protocol\Contracts\ProtocolHandlerInterfaceTest" classname="JTD.LaravelMCP.Tests.Unit.Protocol.Contracts.ProtocolHandlerInterfaceTest" assertions="2" time="0.005706"/>
        <testcase name="test_get_server_info" file="/var/www/html/tests/Unit/Protocol/Contracts/ProtocolHandlerInterfaceTest.php" line="440" class="JTD\LaravelMCP\Tests\Unit\Protocol\Contracts\ProtocolHandlerInterfaceTest" classname="JTD.LaravelMCP.Tests.Unit.Protocol.Contracts.ProtocolHandlerInterfaceTest" assertions="2" time="0.006115"/>
        <testcase name="test_can_handle_method_supported" file="/var/www/html/tests/Unit/Protocol/Contracts/ProtocolHandlerInterfaceTest.php" line="461" class="JTD\LaravelMCP\Tests\Unit\Protocol\Contracts\ProtocolHandlerInterfaceTest" classname="JTD.LaravelMCP.Tests.Unit.Protocol.Contracts.ProtocolHandlerInterfaceTest" assertions="2" time="0.005654"/>
        <testcase name="test_can_handle_method_unsupported" file="/var/www/html/tests/Unit/Protocol/Contracts/ProtocolHandlerInterfaceTest.php" line="475" class="JTD\LaravelMCP\Tests\Unit\Protocol\Contracts\ProtocolHandlerInterfaceTest" classname="JTD.LaravelMCP.Tests.Unit.Protocol.Contracts.ProtocolHandlerInterfaceTest" assertions="2" time="0.005240"/>
        <testcase name="test_get_supported_methods" file="/var/www/html/tests/Unit/Protocol/Contracts/ProtocolHandlerInterfaceTest.php" line="489" class="JTD\LaravelMCP\Tests\Unit\Protocol\Contracts\ProtocolHandlerInterfaceTest" classname="JTD.LaravelMCP.Tests.Unit.Protocol.Contracts.ProtocolHandlerInterfaceTest" assertions="2" time="0.006273"/>
        <testcase name="test_full_initialization_sequence" file="/var/www/html/tests/Unit/Protocol/Contracts/ProtocolHandlerInterfaceTest.php" line="519" class="JTD\LaravelMCP\Tests\Unit\Protocol\Contracts\ProtocolHandlerInterfaceTest" classname="JTD.LaravelMCP.Tests.Unit.Protocol.Contracts.ProtocolHandlerInterfaceTest" assertions="2" time="0.007239"/>
        <testcase name="test_unsupported_capabilities" file="/var/www/html/tests/Unit/Protocol/Contracts/ProtocolHandlerInterfaceTest.php" line="590" class="JTD\LaravelMCP\Tests\Unit\Protocol\Contracts\ProtocolHandlerInterfaceTest" classname="JTD.LaravelMCP.Tests.Unit.Protocol.Contracts.ProtocolHandlerInterfaceTest" assertions="2" time="0.005634"/>
        <testcase name="test_handle_resources_read" file="/var/www/html/tests/Unit/Protocol/Contracts/ProtocolHandlerInterfaceTest.php" line="249" class="JTD\LaravelMCP\Tests\Unit\Protocol\Contracts\ProtocolHandlerInterfaceTest" classname="JTD.LaravelMCP.Tests.Unit.Protocol.Contracts.ProtocolHandlerInterfaceTest" assertions="2" time="0.005114"/>
        <testcase name="test_handle_all_mcp_methods" file="/var/www/html/tests/Unit/Protocol/Contracts/ProtocolHandlerInterfaceTest.php" line="553" class="JTD\LaravelMCP\Tests\Unit\Protocol\Contracts\ProtocolHandlerInterfaceTest" classname="JTD.LaravelMCP.Tests.Unit.Protocol.Contracts.ProtocolHandlerInterfaceTest" assertions="21" time="0.005102"/>
      </testsuite>
      <testsuite name="JTD\LaravelMCP\Tests\Unit\Protocol\MessageProcessorTest" file="/var/www/html/tests/Unit/Protocol/MessageProcessorTest.php" tests="20" assertions="38" errors="0" failures="0" skipped="0" time="0.110682">
        <testcase name="constructor_initializes_handlers_and_capabilities" file="/var/www/html/tests/Unit/Protocol/MessageProcessorTest.php" line="85" class="JTD\LaravelMCP\Tests\Unit\Protocol\MessageProcessorTest" classname="JTD.LaravelMCP.Tests.Unit.Protocol.MessageProcessorTest" assertions="4" time="0.005212"/>
        <testcase name="get_supported_message_types_returns_expected_methods" file="/var/www/html/tests/Unit/Protocol/MessageProcessorTest.php" line="95" class="JTD\LaravelMCP\Tests\Unit\Protocol\MessageProcessorTest" classname="JTD.LaravelMCP.Tests.Unit.Protocol.MessageProcessorTest" assertions="1" time="0.004832"/>
        <testcase name="can_handle_returns_true_for_valid_json_rpc_messages" file="/var/www/html/tests/Unit/Protocol/MessageProcessorTest.php" line="114" class="JTD\LaravelMCP\Tests\Unit\Protocol\MessageProcessorTest" classname="JTD.LaravelMCP.Tests.Unit.Protocol.MessageProcessorTest" assertions="1" time="0.004635"/>
        <testcase name="can_handle_returns_false_for_invalid_messages" file="/var/www/html/tests/Unit/Protocol/MessageProcessorTest.php" line="128" class="JTD\LaravelMCP\Tests\Unit\Protocol\MessageProcessorTest" classname="JTD.LaravelMCP.Tests.Unit.Protocol.MessageProcessorTest" assertions="1" time="0.004565"/>
        <testcase name="handle_processes_notifications_without_response" file="/var/www/html/tests/Unit/Protocol/MessageProcessorTest.php" line="194" class="JTD\LaravelMCP\Tests\Unit\Protocol\MessageProcessorTest" classname="JTD.LaravelMCP.Tests.Unit.Protocol.MessageProcessorTest" assertions="1" time="0.005707"/>
        <testcase name="handle_processes_responses_without_response" file="/var/www/html/tests/Unit/Protocol/MessageProcessorTest.php" line="227" class="JTD\LaravelMCP\Tests\Unit\Protocol\MessageProcessorTest" classname="JTD.LaravelMCP.Tests.Unit.Protocol.MessageProcessorTest" assertions="1" time="0.004696"/>
        <testcase name="handle_returns_error_for_unrecognized_message_types" file="/var/www/html/tests/Unit/Protocol/MessageProcessorTest.php" line="266" class="JTD\LaravelMCP\Tests\Unit\Protocol\MessageProcessorTest" classname="JTD.LaravelMCP.Tests.Unit.Protocol.MessageProcessorTest" assertions="2" time="0.004689"/>
        <testcase name="set_server_info_updates_server_information" file="/var/www/html/tests/Unit/Protocol/MessageProcessorTest.php" line="381" class="JTD\LaravelMCP\Tests\Unit\Protocol\MessageProcessorTest" classname="JTD.LaravelMCP.Tests.Unit.Protocol.MessageProcessorTest" assertions="3" time="0.005485"/>
        <testcase name="get_server_info_returns_current_information" file="/var/www/html/tests/Unit/Protocol/MessageProcessorTest.php" line="394" class="JTD\LaravelMCP\Tests\Unit\Protocol\MessageProcessorTest" classname="JTD.LaravelMCP.Tests.Unit.Protocol.MessageProcessorTest" assertions="4" time="0.004906"/>
        <testcase name="handle_returns_error_for_invalid_json_rpc_messages" file="/var/www/html/tests/Unit/Protocol/MessageProcessorTest.php" line="142" class="JTD\LaravelMCP\Tests\Unit\Protocol\MessageProcessorTest" classname="JTD.LaravelMCP.Tests.Unit.Protocol.MessageProcessorTest" assertions="2" time="0.004923"/>
        <testcase name="handle_processes_valid_requests" file="/var/www/html/tests/Unit/Protocol/MessageProcessorTest.php" line="165" class="JTD\LaravelMCP\Tests\Unit\Protocol\MessageProcessorTest" classname="JTD.LaravelMCP.Tests.Unit.Protocol.MessageProcessorTest" assertions="1" time="0.005775"/>
        <testcase name="handle_catches_and_handles_exceptions" file="/var/www/html/tests/Unit/Protocol/MessageProcessorTest.php" line="307" class="JTD\LaravelMCP\Tests\Unit\Protocol\MessageProcessorTest" classname="JTD.LaravelMCP.Tests.Unit.Protocol.MessageProcessorTest" assertions="2" time="0.007970"/>
        <testcase name="handle_error_logs_transport_errors" file="/var/www/html/tests/Unit/Protocol/MessageProcessorTest.php" line="336" class="JTD\LaravelMCP\Tests\Unit\Protocol\MessageProcessorTest" classname="JTD.LaravelMCP.Tests.Unit.Protocol.MessageProcessorTest" assertions="0" time="0.006222"/>
        <testcase name="on_connect_logs_transport_connection" file="/var/www/html/tests/Unit/Protocol/MessageProcessorTest.php" line="351" class="JTD\LaravelMCP\Tests\Unit\Protocol\MessageProcessorTest" classname="JTD.LaravelMCP.Tests.Unit.Protocol.MessageProcessorTest" assertions="0" time="0.006347"/>
        <testcase name="initialization_workflow_works_correctly" file="/var/www/html/tests/Unit/Protocol/MessageProcessorTest.php" line="405" class="JTD\LaravelMCP\Tests\Unit\Protocol\MessageProcessorTest" classname="JTD.LaravelMCP.Tests.Unit.Protocol.MessageProcessorTest" assertions="2" time="0.007542"/>
        <testcase name="tools_list_handler_integration_works" file="/var/www/html/tests/Unit/Protocol/MessageProcessorTest.php" line="446" class="JTD\LaravelMCP\Tests\Unit\Protocol\MessageProcessorTest" classname="JTD.LaravelMCP.Tests.Unit.Protocol.MessageProcessorTest" assertions="2" time="0.005850"/>
        <testcase name="resources_list_handler_integration_works" file="/var/www/html/tests/Unit/Protocol/MessageProcessorTest.php" line="467" class="JTD\LaravelMCP\Tests\Unit\Protocol\MessageProcessorTest" classname="JTD.LaravelMCP.Tests.Unit.Protocol.MessageProcessorTest" assertions="2" time="0.005120"/>
        <testcase name="prompts_list_handler_integration_works" file="/var/www/html/tests/Unit/Protocol/MessageProcessorTest.php" line="487" class="JTD\LaravelMCP\Tests\Unit\Protocol\MessageProcessorTest" classname="JTD.LaravelMCP.Tests.Unit.Protocol.MessageProcessorTest" assertions="2" time="0.005787"/>
        <testcase name="handler_methods_check_initialization_status" file="/var/www/html/tests/Unit/Protocol/MessageProcessorTest.php" line="507" class="JTD\LaravelMCP\Tests\Unit\Protocol\MessageProcessorTest" classname="JTD.LaravelMCP.Tests.Unit.Protocol.MessageProcessorTest" assertions="3" time="0.005263"/>
        <testcase name="on_disconnect_resets_initialization_state" file="/var/www/html/tests/Unit/Protocol/MessageProcessorTest.php" line="365" class="JTD\LaravelMCP\Tests\Unit\Protocol\MessageProcessorTest" classname="JTD.LaravelMCP.Tests.Unit.Protocol.MessageProcessorTest" assertions="4" time="0.005154"/>
      </testsuite>
      <testsuite name="JTD\LaravelMCP\Tests\Unit\Registry\Contracts\DiscoveryInterfaceTest" file="/var/www/html/tests/Unit/Registry/Contracts/DiscoveryInterfaceTest.php" tests="23" assertions="55" errors="0" failures="0" skipped="0" time="0.138899">
        <testcase name="test_discover_components_in_paths" file="/var/www/html/tests/Unit/Registry/Contracts/DiscoveryInterfaceTest.php" line="30" class="JTD\LaravelMCP\Tests\Unit\Registry\Contracts\DiscoveryInterfaceTest" classname="JTD.LaravelMCP.Tests.Unit.Registry.Contracts.DiscoveryInterfaceTest" assertions="2" time="0.006151"/>
        <testcase name="test_discover_returns_empty_when_no_components" file="/var/www/html/tests/Unit/Registry/Contracts/DiscoveryInterfaceTest.php" line="73" class="JTD\LaravelMCP\Tests\Unit\Registry\Contracts\DiscoveryInterfaceTest" classname="JTD.LaravelMCP.Tests.Unit.Registry.Contracts.DiscoveryInterfaceTest" assertions="2" time="0.007326"/>
        <testcase name="test_discover_type_for_tools" file="/var/www/html/tests/Unit/Registry/Contracts/DiscoveryInterfaceTest.php" line="91" class="JTD\LaravelMCP\Tests\Unit\Registry\Contracts\DiscoveryInterfaceTest" classname="JTD.LaravelMCP.Tests.Unit.Registry.Contracts.DiscoveryInterfaceTest" assertions="2" time="0.005318"/>
        <testcase name="test_discover_type_for_resources" file="/var/www/html/tests/Unit/Registry/Contracts/DiscoveryInterfaceTest.php" line="120" class="JTD\LaravelMCP\Tests\Unit\Registry\Contracts\DiscoveryInterfaceTest" classname="JTD.LaravelMCP.Tests.Unit.Registry.Contracts.DiscoveryInterfaceTest" assertions="2" time="0.004501"/>
        <testcase name="test_discover_type_for_prompts" file="/var/www/html/tests/Unit/Registry/Contracts/DiscoveryInterfaceTest.php" line="145" class="JTD\LaravelMCP\Tests\Unit\Registry\Contracts\DiscoveryInterfaceTest" classname="JTD.LaravelMCP.Tests.Unit.Registry.Contracts.DiscoveryInterfaceTest" assertions="2" time="0.004982"/>
        <testcase name="test_is_valid_component_with_valid_file" file="/var/www/html/tests/Unit/Registry/Contracts/DiscoveryInterfaceTest.php" line="170" class="JTD\LaravelMCP\Tests\Unit\Registry\Contracts\DiscoveryInterfaceTest" classname="JTD.LaravelMCP.Tests.Unit.Registry.Contracts.DiscoveryInterfaceTest" assertions="2" time="0.004476"/>
        <testcase name="test_extract_metadata_returns_empty_for_invalid" file="/var/www/html/tests/Unit/Registry/Contracts/DiscoveryInterfaceTest.php" line="253" class="JTD\LaravelMCP\Tests\Unit\Registry\Contracts\DiscoveryInterfaceTest" classname="JTD.LaravelMCP.Tests.Unit.Registry.Contracts.DiscoveryInterfaceTest" assertions="2" time="0.004423"/>
        <testcase name="test_get_class_from_file_valid" file="/var/www/html/tests/Unit/Registry/Contracts/DiscoveryInterfaceTest.php" line="271" class="JTD\LaravelMCP\Tests\Unit\Registry\Contracts\DiscoveryInterfaceTest" classname="JTD.LaravelMCP.Tests.Unit.Registry.Contracts.DiscoveryInterfaceTest" assertions="2" time="0.004717"/>
        <testcase name="test_get_class_from_file_no_class" file="/var/www/html/tests/Unit/Registry/Contracts/DiscoveryInterfaceTest.php" line="290" class="JTD\LaravelMCP\Tests\Unit\Registry\Contracts\DiscoveryInterfaceTest" classname="JTD.LaravelMCP.Tests.Unit.Registry.Contracts.DiscoveryInterfaceTest" assertions="2" time="0.007701"/>
        <testcase name="test_is_valid_component_class_invalid" file="/var/www/html/tests/Unit/Registry/Contracts/DiscoveryInterfaceTest.php" line="325" class="JTD\LaravelMCP\Tests\Unit\Registry\Contracts\DiscoveryInterfaceTest" classname="JTD.LaravelMCP.Tests.Unit.Registry.Contracts.DiscoveryInterfaceTest" assertions="2" time="0.006344"/>
        <testcase name="test_get_supported_types" file="/var/www/html/tests/Unit/Registry/Contracts/DiscoveryInterfaceTest.php" line="342" class="JTD\LaravelMCP\Tests\Unit\Registry\Contracts\DiscoveryInterfaceTest" classname="JTD.LaravelMCP.Tests.Unit.Registry.Contracts.DiscoveryInterfaceTest" assertions="2" time="0.006052"/>
        <testcase name="test_set_config" file="/var/www/html/tests/Unit/Registry/Contracts/DiscoveryInterfaceTest.php" line="359" class="JTD\LaravelMCP\Tests\Unit\Registry\Contracts\DiscoveryInterfaceTest" classname="JTD.LaravelMCP.Tests.Unit.Registry.Contracts.DiscoveryInterfaceTest" assertions="1" time="0.006857"/>
        <testcase name="test_add_filter" file="/var/www/html/tests/Unit/Registry/Contracts/DiscoveryInterfaceTest.php" line="399" class="JTD\LaravelMCP\Tests\Unit\Registry\Contracts\DiscoveryInterfaceTest" classname="JTD.LaravelMCP.Tests.Unit.Registry.Contracts.DiscoveryInterfaceTest" assertions="1" time="0.005683"/>
        <testcase name="test_get_filters" file="/var/www/html/tests/Unit/Registry/Contracts/DiscoveryInterfaceTest.php" line="416" class="JTD\LaravelMCP\Tests\Unit\Registry\Contracts\DiscoveryInterfaceTest" classname="JTD.LaravelMCP.Tests.Unit.Registry.Contracts.DiscoveryInterfaceTest" assertions="2" time="0.004930"/>
        <testcase name="test_discover_multiple_paths" file="/var/www/html/tests/Unit/Registry/Contracts/DiscoveryInterfaceTest.php" line="482" class="JTD\LaravelMCP\Tests\Unit\Registry\Contracts\DiscoveryInterfaceTest" classname="JTD.LaravelMCP.Tests.Unit.Registry.Contracts.DiscoveryInterfaceTest" assertions="2" time="0.004955"/>
        <testcase name="test_validate_component_types" file="/var/www/html/tests/Unit/Registry/Contracts/DiscoveryInterfaceTest.php" line="512" class="JTD\LaravelMCP\Tests\Unit\Registry\Contracts\DiscoveryInterfaceTest" classname="JTD.LaravelMCP.Tests.Unit.Registry.Contracts.DiscoveryInterfaceTest" assertions="10" time="0.006209"/>
        <testcase name="test_discovery_with_filters" file="/var/www/html/tests/Unit/Registry/Contracts/DiscoveryInterfaceTest.php" line="536" class="JTD\LaravelMCP\Tests\Unit\Registry\Contracts\DiscoveryInterfaceTest" classname="JTD.LaravelMCP.Tests.Unit.Registry.Contracts.DiscoveryInterfaceTest" assertions="4" time="0.005431"/>
        <testcase name="test_is_valid_component_with_invalid_file" file="/var/www/html/tests/Unit/Registry/Contracts/DiscoveryInterfaceTest.php" line="187" class="JTD\LaravelMCP\Tests\Unit\Registry\Contracts\DiscoveryInterfaceTest" classname="JTD.LaravelMCP.Tests.Unit.Registry.Contracts.DiscoveryInterfaceTest" assertions="2" time="0.005612"/>
        <testcase name="test_is_valid_component_with_wrong_type" file="/var/www/html/tests/Unit/Registry/Contracts/DiscoveryInterfaceTest.php" line="204" class="JTD\LaravelMCP\Tests\Unit\Registry\Contracts\DiscoveryInterfaceTest" classname="JTD.LaravelMCP.Tests.Unit.Registry.Contracts.DiscoveryInterfaceTest" assertions="2" time="0.005728"/>
        <testcase name="test_extract_metadata_from_file" file="/var/www/html/tests/Unit/Registry/Contracts/DiscoveryInterfaceTest.php" line="221" class="JTD\LaravelMCP\Tests\Unit\Registry\Contracts\DiscoveryInterfaceTest" classname="JTD.LaravelMCP.Tests.Unit.Registry.Contracts.DiscoveryInterfaceTest" assertions="2" time="0.006990"/>
        <testcase name="test_is_valid_component_class_valid_tool" file="/var/www/html/tests/Unit/Registry/Contracts/DiscoveryInterfaceTest.php" line="308" class="JTD\LaravelMCP\Tests\Unit\Registry\Contracts\DiscoveryInterfaceTest" classname="JTD.LaravelMCP.Tests.Unit.Registry.Contracts.DiscoveryInterfaceTest" assertions="2" time="0.011245"/>
        <testcase name="test_get_config" file="/var/www/html/tests/Unit/Registry/Contracts/DiscoveryInterfaceTest.php" line="378" class="JTD\LaravelMCP\Tests\Unit\Registry\Contracts\DiscoveryInterfaceTest" classname="JTD.LaravelMCP.Tests.Unit.Registry.Contracts.DiscoveryInterfaceTest" assertions="2" time="0.007349"/>
        <testcase name="test_full_discovery_workflow" file="/var/www/html/tests/Unit/Registry/Contracts/DiscoveryInterfaceTest.php" line="440" class="JTD\LaravelMCP\Tests\Unit\Registry\Contracts\DiscoveryInterfaceTest" classname="JTD.LaravelMCP.Tests.Unit.Registry.Contracts.DiscoveryInterfaceTest" assertions="3" time="0.005916"/>
      </testsuite>
      <testsuite name="JTD\LaravelMCP\Tests\Unit\Registry\Contracts\RegistryInterfaceTest" file="/var/www/html/tests/Unit/Registry/Contracts/RegistryInterfaceTest.php" tests="25" assertions="66" errors="0" failures="0" skipped="0" time="0.157375">
        <testcase name="test_register_component_without_metadata" file="/var/www/html/tests/Unit/Registry/Contracts/RegistryInterfaceTest.php" line="31" class="JTD\LaravelMCP\Tests\Unit\Registry\Contracts\RegistryInterfaceTest" classname="JTD.LaravelMCP.Tests.Unit.Registry.Contracts.RegistryInterfaceTest" assertions="1" time="0.005518"/>
        <testcase name="test_register_component_with_metadata" file="/var/www/html/tests/Unit/Registry/Contracts/RegistryInterfaceTest.php" line="47" class="JTD\LaravelMCP\Tests\Unit\Registry\Contracts\RegistryInterfaceTest" classname="JTD.LaravelMCP.Tests.Unit.Registry.Contracts.RegistryInterfaceTest" assertions="1" time="0.004926"/>
        <testcase name="test_unregister_existing_component" file="/var/www/html/tests/Unit/Registry/Contracts/RegistryInterfaceTest.php" line="67" class="JTD\LaravelMCP\Tests\Unit\Registry\Contracts\RegistryInterfaceTest" classname="JTD.LaravelMCP.Tests.Unit.Registry.Contracts.RegistryInterfaceTest" assertions="2" time="0.005039"/>
        <testcase name="test_has_existing_component" file="/var/www/html/tests/Unit/Registry/Contracts/RegistryInterfaceTest.php" line="99" class="JTD\LaravelMCP\Tests\Unit\Registry\Contracts\RegistryInterfaceTest" classname="JTD.LaravelMCP.Tests.Unit.Registry.Contracts.RegistryInterfaceTest" assertions="2" time="0.006965"/>
        <testcase name="test_has_non_existing_component" file="/var/www/html/tests/Unit/Registry/Contracts/RegistryInterfaceTest.php" line="113" class="JTD\LaravelMCP\Tests\Unit\Registry\Contracts\RegistryInterfaceTest" classname="JTD.LaravelMCP.Tests.Unit.Registry.Contracts.RegistryInterfaceTest" assertions="2" time="0.008829"/>
        <testcase name="test_get_non_existing_component_throws_exception" file="/var/www/html/tests/Unit/Registry/Contracts/RegistryInterfaceTest.php" line="146" class="JTD\LaravelMCP\Tests\Unit\Registry\Contracts\RegistryInterfaceTest" classname="JTD.LaravelMCP.Tests.Unit.Registry.Contracts.RegistryInterfaceTest" assertions="3" time="0.007540"/>
        <testcase name="test_all_returns_all_components" file="/var/www/html/tests/Unit/Registry/Contracts/RegistryInterfaceTest.php" line="163" class="JTD\LaravelMCP\Tests\Unit\Registry\Contracts\RegistryInterfaceTest" classname="JTD.LaravelMCP.Tests.Unit.Registry.Contracts.RegistryInterfaceTest" assertions="2" time="0.007609"/>
        <testcase name="test_all_returns_empty_array" file="/var/www/html/tests/Unit/Registry/Contracts/RegistryInterfaceTest.php" line="184" class="JTD\LaravelMCP\Tests\Unit\Registry\Contracts\RegistryInterfaceTest" classname="JTD.LaravelMCP.Tests.Unit.Registry.Contracts.RegistryInterfaceTest" assertions="2" time="0.006758"/>
        <testcase name="test_names_returns_component_names" file="/var/www/html/tests/Unit/Registry/Contracts/RegistryInterfaceTest.php" line="199" class="JTD\LaravelMCP\Tests\Unit\Registry\Contracts\RegistryInterfaceTest" classname="JTD.LaravelMCP.Tests.Unit.Registry.Contracts.RegistryInterfaceTest" assertions="2" time="0.005791"/>
        <testcase name="test_count_returns_component_count" file="/var/www/html/tests/Unit/Registry/Contracts/RegistryInterfaceTest.php" line="216" class="JTD\LaravelMCP\Tests\Unit\Registry\Contracts\RegistryInterfaceTest" classname="JTD.LaravelMCP.Tests.Unit.Registry.Contracts.RegistryInterfaceTest" assertions="2" time="0.006522"/>
        <testcase name="test_count_returns_zero" file="/var/www/html/tests/Unit/Registry/Contracts/RegistryInterfaceTest.php" line="231" class="JTD\LaravelMCP\Tests\Unit\Registry\Contracts\RegistryInterfaceTest" classname="JTD.LaravelMCP.Tests.Unit.Registry.Contracts.RegistryInterfaceTest" assertions="2" time="0.004926"/>
        <testcase name="test_clear_removes_all_components" file="/var/www/html/tests/Unit/Registry/Contracts/RegistryInterfaceTest.php" line="246" class="JTD\LaravelMCP\Tests\Unit\Registry\Contracts\RegistryInterfaceTest" classname="JTD.LaravelMCP.Tests.Unit.Registry.Contracts.RegistryInterfaceTest" assertions="1" time="0.004555"/>
        <testcase name="test_get_metadata_returns_metadata" file="/var/www/html/tests/Unit/Registry/Contracts/RegistryInterfaceTest.php" line="258" class="JTD\LaravelMCP\Tests\Unit\Registry\Contracts\RegistryInterfaceTest" classname="JTD.LaravelMCP.Tests.Unit.Registry.Contracts.RegistryInterfaceTest" assertions="2" time="0.008024"/>
        <testcase name="test_get_metadata_returns_empty_array" file="/var/www/html/tests/Unit/Registry/Contracts/RegistryInterfaceTest.php" line="280" class="JTD\LaravelMCP\Tests\Unit\Registry\Contracts\RegistryInterfaceTest" classname="JTD.LaravelMCP.Tests.Unit.Registry.Contracts.RegistryInterfaceTest" assertions="2" time="0.007528"/>
        <testcase name="test_filter_returns_empty_when_no_matches" file="/var/www/html/tests/Unit/Registry/Contracts/RegistryInterfaceTest.php" line="322" class="JTD\LaravelMCP\Tests\Unit\Registry\Contracts\RegistryInterfaceTest" classname="JTD.LaravelMCP.Tests.Unit.Registry.Contracts.RegistryInterfaceTest" assertions="2" time="0.008692"/>
        <testcase name="test_search_with_pattern" file="/var/www/html/tests/Unit/Registry/Contracts/RegistryInterfaceTest.php" line="340" class="JTD\LaravelMCP\Tests\Unit\Registry\Contracts\RegistryInterfaceTest" classname="JTD.LaravelMCP.Tests.Unit.Registry.Contracts.RegistryInterfaceTest" assertions="2" time="0.006861"/>
        <testcase name="test_search_with_regex_pattern" file="/var/www/html/tests/Unit/Registry/Contracts/RegistryInterfaceTest.php" line="363" class="JTD\LaravelMCP\Tests\Unit\Registry\Contracts\RegistryInterfaceTest" classname="JTD.LaravelMCP.Tests.Unit.Registry.Contracts.RegistryInterfaceTest" assertions="2" time="0.005174"/>
        <testcase name="test_get_type_returns_registry_type" file="/var/www/html/tests/Unit/Registry/Contracts/RegistryInterfaceTest.php" line="386" class="JTD\LaravelMCP\Tests\Unit\Registry\Contracts\RegistryInterfaceTest" classname="JTD.LaravelMCP.Tests.Unit.Registry.Contracts.RegistryInterfaceTest" assertions="2" time="0.005887"/>
        <testcase name="test_filter_multiple_criteria" file="/var/www/html/tests/Unit/Registry/Contracts/RegistryInterfaceTest.php" line="504" class="JTD\LaravelMCP\Tests\Unit\Registry\Contracts\RegistryInterfaceTest" classname="JTD.LaravelMCP.Tests.Unit.Registry.Contracts.RegistryInterfaceTest" assertions="3" time="0.005647"/>
        <testcase name="test_registry_types" file="/var/www/html/tests/Unit/Registry/Contracts/RegistryInterfaceTest.php" line="531" class="JTD\LaravelMCP\Tests\Unit\Registry\Contracts\RegistryInterfaceTest" classname="JTD.LaravelMCP.Tests.Unit.Registry.Contracts.RegistryInterfaceTest" assertions="6" time="0.006044"/>
        <testcase name="test_unregister_non_existing_component" file="/var/www/html/tests/Unit/Registry/Contracts/RegistryInterfaceTest.php" line="83" class="JTD\LaravelMCP\Tests\Unit\Registry\Contracts\RegistryInterfaceTest" classname="JTD.LaravelMCP.Tests.Unit.Registry.Contracts.RegistryInterfaceTest" assertions="2" time="0.006103"/>
        <testcase name="test_get_existing_component" file="/var/www/html/tests/Unit/Registry/Contracts/RegistryInterfaceTest.php" line="127" class="JTD\LaravelMCP\Tests\Unit\Registry\Contracts\RegistryInterfaceTest" classname="JTD.LaravelMCP.Tests.Unit.Registry.Contracts.RegistryInterfaceTest" assertions="2" time="0.005089"/>
        <testcase name="test_filter_with_criteria" file="/var/www/html/tests/Unit/Registry/Contracts/RegistryInterfaceTest.php" line="296" class="JTD\LaravelMCP\Tests\Unit\Registry\Contracts\RegistryInterfaceTest" classname="JTD.LaravelMCP.Tests.Unit.Registry.Contracts.RegistryInterfaceTest" assertions="2" time="0.006014"/>
        <testcase name="test_registration_lifecycle" file="/var/www/html/tests/Unit/Registry/Contracts/RegistryInterfaceTest.php" line="401" class="JTD\LaravelMCP\Tests\Unit\Registry\Contracts\RegistryInterfaceTest" classname="JTD.LaravelMCP.Tests.Unit.Registry.Contracts.RegistryInterfaceTest" assertions="5" time="0.005582"/>
        <testcase name="test_multiple_component_operations" file="/var/www/html/tests/Unit/Registry/Contracts/RegistryInterfaceTest.php" line="451" class="JTD\LaravelMCP\Tests\Unit\Registry\Contracts\RegistryInterfaceTest" classname="JTD.LaravelMCP.Tests.Unit.Registry.Contracts.RegistryInterfaceTest" assertions="12" time="0.005751"/>
      </testsuite>
      <testsuite name="JTD\LaravelMCP\Tests\Unit\Server\CapabilityManagerTest" file="/var/www/html/tests/Unit/Server/CapabilityManagerTest.php" tests="20" assertions="62" errors="0" failures="0" skipped="0" time="0.137159">
        <testcase name="test_can_create_capability_manager_instance" file="/var/www/html/tests/Unit/Server/CapabilityManagerTest.php" line="31" class="JTD\LaravelMCP\Tests\Unit\Server\CapabilityManagerTest" classname="JTD.LaravelMCP.Tests.Unit.Server.CapabilityManagerTest" assertions="1" time="0.005790"/>
        <testcase name="test_initializes_server_capabilities_from_config" file="/var/www/html/tests/Unit/Server/CapabilityManagerTest.php" line="36" class="JTD\LaravelMCP\Tests\Unit\Server\CapabilityManagerTest" classname="JTD.LaravelMCP.Tests.Unit.Server.CapabilityManagerTest" assertions="2" time="0.006733"/>
        <testcase name="test_can_update_server_capabilities_before_negotiation" file="/var/www/html/tests/Unit/Server/CapabilityManagerTest.php" line="135" class="JTD\LaravelMCP\Tests\Unit\Server\CapabilityManagerTest" classname="JTD.LaravelMCP.Tests.Unit.Server.CapabilityManagerTest" assertions="2" time="0.008374"/>
        <testcase name="test_can_lock_capabilities" file="/var/www/html/tests/Unit/Server/CapabilityManagerTest.php" line="180" class="JTD\LaravelMCP\Tests\Unit\Server\CapabilityManagerTest" classname="JTD.LaravelMCP.Tests.Unit.Server.CapabilityManagerTest" assertions="2" time="0.005936"/>
        <testcase name="test_gets_mcp10_requirements" file="/var/www/html/tests/Unit/Server/CapabilityManagerTest.php" line="266" class="JTD\LaravelMCP\Tests\Unit\Server\CapabilityManagerTest" classname="JTD.LaravelMCP.Tests.Unit.Server.CapabilityManagerTest" assertions="9" time="0.008155"/>
        <testcase name="test_creates_dynamic_capabilities" file="/var/www/html/tests/Unit/Server/CapabilityManagerTest.php" line="306" class="JTD\LaravelMCP\Tests\Unit\Server\CapabilityManagerTest" classname="JTD.LaravelMCP.Tests.Unit.Server.CapabilityManagerTest" assertions="4" time="0.006190"/>
        <testcase name="test_can_negotiate_capabilities_with_client" file="/var/www/html/tests/Unit/Server/CapabilityManagerTest.php" line="48" class="JTD\LaravelMCP\Tests\Unit\Server\CapabilityManagerTest" classname="JTD.LaravelMCP.Tests.Unit.Server.CapabilityManagerTest" assertions="4" time="0.005601"/>
        <testcase name="test_can_check_if_capability_is_enabled" file="/var/www/html/tests/Unit/Server/CapabilityManagerTest.php" line="87" class="JTD\LaravelMCP\Tests\Unit\Server\CapabilityManagerTest" classname="JTD.LaravelMCP.Tests.Unit.Server.CapabilityManagerTest" assertions="3" time="0.005892"/>
        <testcase name="test_can_get_capability_info" file="/var/www/html/tests/Unit/Server/CapabilityManagerTest.php" line="119" class="JTD\LaravelMCP\Tests\Unit\Server\CapabilityManagerTest" classname="JTD.LaravelMCP.Tests.Unit.Server.CapabilityManagerTest" assertions="2" time="0.005613"/>
        <testcase name="test_cannot_update_capabilities_after_negotiation" file="/var/www/html/tests/Unit/Server/CapabilityManagerTest.php" line="148" class="JTD\LaravelMCP\Tests\Unit\Server\CapabilityManagerTest" classname="JTD.LaravelMCP.Tests.Unit.Server.CapabilityManagerTest" assertions="2" time="0.006224"/>
        <testcase name="test_can_reset_capabilities" file="/var/www/html/tests/Unit/Server/CapabilityManagerTest.php" line="163" class="JTD\LaravelMCP\Tests\Unit\Server\CapabilityManagerTest" classname="JTD.LaravelMCP.Tests.Unit.Server.CapabilityManagerTest" assertions="3" time="0.006667"/>
        <testcase name="test_validates_resources_capability" file="/var/www/html/tests/Unit/Server/CapabilityManagerTest.php" line="224" class="JTD\LaravelMCP\Tests\Unit\Server\CapabilityManagerTest" classname="JTD.LaravelMCP.Tests.Unit.Server.CapabilityManagerTest" assertions="1" time="0.008607"/>
        <testcase name="test_validates_mcp10_compliance" file="/var/www/html/tests/Unit/Server/CapabilityManagerTest.php" line="283" class="JTD\LaravelMCP\Tests\Unit\Server\CapabilityManagerTest" classname="JTD.LaravelMCP.Tests.Unit.Server.CapabilityManagerTest" assertions="5" time="0.007585"/>
        <testcase name="test_prevents_double_negotiation" file="/var/www/html/tests/Unit/Server/CapabilityManagerTest.php" line="340" class="JTD\LaravelMCP\Tests\Unit\Server\CapabilityManagerTest" classname="JTD.LaravelMCP.Tests.Unit.Server.CapabilityManagerTest" assertions="1" time="0.008227"/>
        <testcase name="test_creates_minimal_capabilities_when_empty" file="/var/www/html/tests/Unit/Server/CapabilityManagerTest.php" line="354" class="JTD\LaravelMCP\Tests\Unit\Server\CapabilityManagerTest" classname="JTD.LaravelMCP.Tests.Unit.Server.CapabilityManagerTest" assertions="1" time="0.007471"/>
        <testcase name="test_gets_detailed_capability_info" file="/var/www/html/tests/Unit/Server/CapabilityManagerTest.php" line="320" class="JTD\LaravelMCP\Tests\Unit\Server\CapabilityManagerTest" classname="JTD.LaravelMCP.Tests.Unit.Server.CapabilityManagerTest" assertions="9" time="0.006857"/>
        <testcase name="test_can_check_if_feature_is_enabled" file="/var/www/html/tests/Unit/Server/CapabilityManagerTest.php" line="101" class="JTD\LaravelMCP\Tests\Unit\Server\CapabilityManagerTest" classname="JTD.LaravelMCP.Tests.Unit.Server.CapabilityManagerTest" assertions="3" time="0.005951"/>
        <testcase name="test_validates_logging_capability" file="/var/www/html/tests/Unit/Server/CapabilityManagerTest.php" line="238" class="JTD\LaravelMCP\Tests\Unit\Server\CapabilityManagerTest" classname="JTD.LaravelMCP.Tests.Unit.Server.CapabilityManagerTest" assertions="2" time="0.005655"/>
        <testcase name="test_adjusts_capabilities_for_empty_components" file="/var/www/html/tests/Unit/Server/CapabilityManagerTest.php" line="68" class="JTD\LaravelMCP\Tests\Unit\Server\CapabilityManagerTest" classname="JTD.LaravelMCP.Tests.Unit.Server.CapabilityManagerTest" assertions="3" time="0.007338"/>
        <testcase name="test_validates_tools_capability" file="/var/www/html/tests/Unit/Server/CapabilityManagerTest.php" line="189" class="JTD\LaravelMCP\Tests\Unit\Server\CapabilityManagerTest" classname="JTD.LaravelMCP.Tests.Unit.Server.CapabilityManagerTest" assertions="3" time="0.008295"/>
      </testsuite>
      <testsuite name="JTD\LaravelMCP\Tests\Unit\Server\Handlers\BaseHandlerTest" file="/var/www/html/tests/Unit/Server/Handlers/BaseHandlerTest.php" tests="34" assertions="74" errors="0" failures="0" skipped="0" time="0.194810">
        <testcase name="handle_exception_preserves_protocol_exception_details" file="/var/www/html/tests/Unit/Server/Handlers/BaseHandlerTest.php" line="280" class="JTD\LaravelMCP\Tests\Unit\Server\Handlers\BaseHandlerTest" classname="JTD.LaravelMCP.Tests.Unit.Server.Handlers.BaseHandlerTest" assertions="4" time="0.005134"/>
        <testsuite name="JTD\LaravelMCP\Tests\Unit\Server\Handlers\BaseHandlerTest::format_content_handles_different_types_correctly" tests="7" assertions="7" errors="0" failures="0" skipped="0" time="0.037435">
          <testcase name="format_content_handles_different_types_correctly with data set &quot;string as text&quot;" file="/var/www/html/tests/Unit/Server/Handlers/BaseHandlerTest.php" line="324" class="JTD\LaravelMCP\Tests\Unit\Server\Handlers\BaseHandlerTest" classname="JTD.LaravelMCP.Tests.Unit.Server.Handlers.BaseHandlerTest" assertions="1" time="0.005038"/>
          <testcase name="format_content_handles_different_types_correctly with data set &quot;array as text&quot;" file="/var/www/html/tests/Unit/Server/Handlers/BaseHandlerTest.php" line="324" class="JTD\LaravelMCP\Tests\Unit\Server\Handlers\BaseHandlerTest" classname="JTD.LaravelMCP.Tests.Unit.Server.Handlers.BaseHandlerTest" assertions="1" time="0.005520"/>
          <testcase name="format_content_handles_different_types_correctly with data set &quot;string as json&quot;" file="/var/www/html/tests/Unit/Server/Handlers/BaseHandlerTest.php" line="324" class="JTD\LaravelMCP\Tests\Unit\Server\Handlers\BaseHandlerTest" classname="JTD.LaravelMCP.Tests.Unit.Server.Handlers.BaseHandlerTest" assertions="1" time="0.005033"/>
          <testcase name="format_content_handles_different_types_correctly with data set &quot;array as json&quot;" file="/var/www/html/tests/Unit/Server/Handlers/BaseHandlerTest.php" line="324" class="JTD\LaravelMCP\Tests\Unit\Server\Handlers\BaseHandlerTest" classname="JTD.LaravelMCP.Tests.Unit.Server.Handlers.BaseHandlerTest" assertions="1" time="0.004923"/>
          <testcase name="format_content_handles_different_types_correctly with data set &quot;resource type&quot;" file="/var/www/html/tests/Unit/Server/Handlers/BaseHandlerTest.php" line="324" class="JTD\LaravelMCP\Tests\Unit\Server\Handlers\BaseHandlerTest" classname="JTD.LaravelMCP.Tests.Unit.Server.Handlers.BaseHandlerTest" assertions="1" time="0.005353"/>
          <testcase name="format_content_handles_different_types_correctly with data set &quot;unknown type defaults to text&quot;" file="/var/www/html/tests/Unit/Server/Handlers/BaseHandlerTest.php" line="324" class="JTD\LaravelMCP\Tests\Unit\Server\Handlers\BaseHandlerTest" classname="JTD.LaravelMCP.Tests.Unit.Server.Handlers.BaseHandlerTest" assertions="1" time="0.004549"/>
          <testcase name="format_content_handles_different_types_correctly with data set &quot;number as text&quot;" file="/var/www/html/tests/Unit/Server/Handlers/BaseHandlerTest.php" line="324" class="JTD\LaravelMCP\Tests\Unit\Server\Handlers\BaseHandlerTest" classname="JTD.LaravelMCP.Tests.Unit.Server.Handlers.BaseHandlerTest" assertions="1" time="0.007019"/>
        </testsuite>
        <testcase name="constructor_defaults_to_non_debug_mode" file="/var/www/html/tests/Unit/Server/Handlers/BaseHandlerTest.php" line="50" class="JTD\LaravelMCP\Tests\Unit\Server\Handlers\BaseHandlerTest" classname="JTD.LaravelMCP.Tests.Unit.Server.Handlers.BaseHandlerTest" assertions="1" time="0.006218"/>
        <testcase name="set_debug_updates_debug_mode" file="/var/www/html/tests/Unit/Server/Handlers/BaseHandlerTest.php" line="58" class="JTD\LaravelMCP\Tests\Unit\Server\Handlers\BaseHandlerTest" classname="JTD.LaravelMCP.Tests.Unit.Server.Handlers.BaseHandlerTest" assertions="3" time="0.005204"/>
        <testcase name="validate_request_passes_with_valid_parameters" file="/var/www/html/tests/Unit/Server/Handlers/BaseHandlerTest.php" line="70" class="JTD\LaravelMCP\Tests\Unit\Server\Handlers\BaseHandlerTest" classname="JTD.LaravelMCP.Tests.Unit.Server.Handlers.BaseHandlerTest" assertions="0" time="0.004918"/>
        <testcase name="validate_request_passes_with_empty_rules" file="/var/www/html/tests/Unit/Server/Handlers/BaseHandlerTest.php" line="82" class="JTD\LaravelMCP\Tests\Unit\Server\Handlers\BaseHandlerTest" classname="JTD.LaravelMCP.Tests.Unit.Server.Handlers.BaseHandlerTest" assertions="0" time="0.005627"/>
        <testcase name="validate_required_params_passes_with_all_required_present" file="/var/www/html/tests/Unit/Server/Handlers/BaseHandlerTest.php" line="132" class="JTD\LaravelMCP\Tests\Unit\Server\Handlers\BaseHandlerTest" classname="JTD.LaravelMCP.Tests.Unit.Server.Handlers.BaseHandlerTest" assertions="0" time="0.004414"/>
        <testcase name="validate_required_params_passes_with_empty_required_list" file="/var/www/html/tests/Unit/Server/Handlers/BaseHandlerTest.php" line="144" class="JTD\LaravelMCP\Tests\Unit\Server\Handlers\BaseHandlerTest" classname="JTD.LaravelMCP.Tests.Unit.Server.Handlers.BaseHandlerTest" assertions="0" time="0.004444"/>
        <testcase name="supports_method_returns_true_for_supported_methods" file="/var/www/html/tests/Unit/Server/Handlers/BaseHandlerTest.php" line="224" class="JTD\LaravelMCP\Tests\Unit\Server\Handlers\BaseHandlerTest" classname="JTD.LaravelMCP.Tests.Unit.Server.Handlers.BaseHandlerTest" assertions="2" time="0.005664"/>
        <testcase name="supports_method_returns_false_for_unsupported_methods" file="/var/www/html/tests/Unit/Server/Handlers/BaseHandlerTest.php" line="231" class="JTD\LaravelMCP\Tests\Unit\Server\Handlers\BaseHandlerTest" classname="JTD.LaravelMCP.Tests.Unit.Server.Handlers.BaseHandlerTest" assertions="2" time="0.007659"/>
        <testcase name="get_supported_methods_returns_expected_methods" file="/var/www/html/tests/Unit/Server/Handlers/BaseHandlerTest.php" line="238" class="JTD\LaravelMCP\Tests\Unit\Server\Handlers\BaseHandlerTest" classname="JTD.LaravelMCP.Tests.Unit.Server.Handlers.BaseHandlerTest" assertions="1" time="0.007199"/>
        <testcase name="sanitize_for_logging_removes_sensitive_keys" file="/var/www/html/tests/Unit/Server/Handlers/BaseHandlerTest.php" line="246" class="JTD\LaravelMCP\Tests\Unit\Server\Handlers\BaseHandlerTest" classname="JTD.LaravelMCP.Tests.Unit.Server.Handlers.BaseHandlerTest" assertions="8" time="0.006290"/>
        <testcase name="sanitize_for_logging_handles_empty_array" file="/var/www/html/tests/Unit/Server/Handlers/BaseHandlerTest.php" line="272" class="JTD\LaravelMCP\Tests\Unit\Server\Handlers\BaseHandlerTest" classname="JTD.LaravelMCP.Tests.Unit.Server.Handlers.BaseHandlerTest" assertions="1" time="0.004697"/>
        <testcase name="constructor_does_not_log_when_debug_disabled" file="/var/www/html/tests/Unit/Server/Handlers/BaseHandlerTest.php" line="423" class="JTD\LaravelMCP\Tests\Unit\Server\Handlers\BaseHandlerTest" classname="JTD.LaravelMCP.Tests.Unit.Server.Handlers.BaseHandlerTest" assertions="1" time="0.004759"/>
        <testcase name="constructor_sets_handler_name_and_debug_mode" file="/var/www/html/tests/Unit/Server/Handlers/BaseHandlerTest.php" line="41" class="JTD\LaravelMCP\Tests\Unit\Server\Handlers\BaseHandlerTest" classname="JTD.LaravelMCP.Tests.Unit.Server.Handlers.BaseHandlerTest" assertions="2" time="0.005593"/>
        <testcase name="validate_request_throws_protocol_exception_with_invalid_parameters" file="/var/www/html/tests/Unit/Server/Handlers/BaseHandlerTest.php" line="94" class="JTD\LaravelMCP\Tests\Unit\Server\Handlers\BaseHandlerTest" classname="JTD.LaravelMCP.Tests.Unit.Server.Handlers.BaseHandlerTest" assertions="3" time="0.005714"/>
        <testcase name="validate_request_throws_protocol_exception_with_missing_required_parameters" file="/var/www/html/tests/Unit/Server/Handlers/BaseHandlerTest.php" line="107" class="JTD\LaravelMCP\Tests\Unit\Server\Handlers\BaseHandlerTest" classname="JTD.LaravelMCP.Tests.Unit.Server.Handlers.BaseHandlerTest" assertions="2" time="0.005287"/>
        <testcase name="validate_request_uses_custom_error_messages" file="/var/www/html/tests/Unit/Server/Handlers/BaseHandlerTest.php" line="119" class="JTD\LaravelMCP\Tests\Unit\Server\Handlers\BaseHandlerTest" classname="JTD.LaravelMCP.Tests.Unit.Server.Handlers.BaseHandlerTest" assertions="2" time="0.006067"/>
        <testcase name="validate_required_params_throws_protocol_exception_with_missing_parameters" file="/var/www/html/tests/Unit/Server/Handlers/BaseHandlerTest.php" line="156" class="JTD\LaravelMCP\Tests\Unit\Server\Handlers\BaseHandlerTest" classname="JTD.LaravelMCP.Tests.Unit.Server.Handlers.BaseHandlerTest" assertions="3" time="0.006124"/>
        <testcase name="create_success_response_returns_result_without_metadata" file="/var/www/html/tests/Unit/Server/Handlers/BaseHandlerTest.php" line="169" class="JTD\LaravelMCP\Tests\Unit\Server\Handlers\BaseHandlerTest" classname="JTD.LaravelMCP.Tests.Unit.Server.Handlers.BaseHandlerTest" assertions="2" time="0.007710"/>
        <testcase name="create_success_response_adds_metadata_when_requested" file="/var/www/html/tests/Unit/Server/Handlers/BaseHandlerTest.php" line="180" class="JTD\LaravelMCP\Tests\Unit\Server\Handlers\BaseHandlerTest" classname="JTD.LaravelMCP.Tests.Unit.Server.Handlers.BaseHandlerTest" assertions="5" time="0.005588"/>
        <testcase name="create_error_response_returns_proper_structure" file="/var/www/html/tests/Unit/Server/Handlers/BaseHandlerTest.php" line="195" class="JTD\LaravelMCP\Tests\Unit\Server\Handlers\BaseHandlerTest" classname="JTD.LaravelMCP.Tests.Unit.Server.Handlers.BaseHandlerTest" assertions="4" time="0.005270"/>
        <testcase name="create_error_response_includes_data_when_provided" file="/var/www/html/tests/Unit/Server/Handlers/BaseHandlerTest.php" line="209" class="JTD\LaravelMCP\Tests\Unit\Server\Handlers\BaseHandlerTest" classname="JTD.LaravelMCP.Tests.Unit.Server.Handlers.BaseHandlerTest" assertions="4" time="0.006652"/>
        <testcase name="handle_exception_converts_generic_exception_to_internal_error" file="/var/www/html/tests/Unit/Server/Handlers/BaseHandlerTest.php" line="293" class="JTD\LaravelMCP\Tests\Unit\Server\Handlers\BaseHandlerTest" classname="JTD.LaravelMCP.Tests.Unit.Server.Handlers.BaseHandlerTest" assertions="4" time="0.005912"/>
        <testcase name="handle_exception_includes_debug_data_when_debug_enabled" file="/var/www/html/tests/Unit/Server/Handlers/BaseHandlerTest.php" line="306" class="JTD\LaravelMCP\Tests\Unit\Server\Handlers\BaseHandlerTest" classname="JTD.LaravelMCP.Tests.Unit.Server.Handlers.BaseHandlerTest" assertions="7" time="0.005850"/>
        <testcase name="logging_methods_use_handler_name_prefix" file="/var/www/html/tests/Unit/Server/Handlers/BaseHandlerTest.php" line="373" class="JTD\LaravelMCP\Tests\Unit\Server\Handlers\BaseHandlerTest" classname="JTD.LaravelMCP.Tests.Unit.Server.Handlers.BaseHandlerTest" assertions="4" time="0.006026"/>
        <testcase name="debug_logging_works_when_debug_enabled" file="/var/www/html/tests/Unit/Server/Handlers/BaseHandlerTest.php" line="398" class="JTD\LaravelMCP\Tests\Unit\Server\Handlers\BaseHandlerTest" classname="JTD.LaravelMCP.Tests.Unit.Server.Handlers.BaseHandlerTest" assertions="1" time="0.005899"/>
        <testcase name="constructor_logs_initialization_when_debug_enabled" file="/var/www/html/tests/Unit/Server/Handlers/BaseHandlerTest.php" line="411" class="JTD\LaravelMCP\Tests\Unit\Server\Handlers\BaseHandlerTest" classname="JTD.LaravelMCP.Tests.Unit.Server.Handlers.BaseHandlerTest" assertions="1" time="0.007456"/>
      </testsuite>
      <testsuite name="JTD\LaravelMCP\Tests\Unit\Server\Handlers\PromptHandlerTest" file="/var/www/html/tests/Unit/Server/Handlers/PromptHandlerTest.php" tests="45" assertions="102" errors="0" failures="0" skipped="0" time="0.306115">
        <testcase name="handle_throws_protocol_exception_for_unsupported_method" file="/var/www/html/tests/Unit/Server/Handlers/PromptHandlerTest.php" line="82" class="JTD\LaravelMCP\Tests\Unit\Server\Handlers\PromptHandlerTest" classname="JTD.LaravelMCP.Tests.Unit.Server.Handlers.PromptHandlerTest" assertions="3" time="0.004440"/>
        <testcase name="handle_prompts_list_returns_prompt_definitions" file="/var/www/html/tests/Unit/Server/Handlers/PromptHandlerTest.php" line="108" class="JTD\LaravelMCP\Tests\Unit\Server\Handlers\PromptHandlerTest" classname="JTD.LaravelMCP.Tests.Unit.Server.Handlers.PromptHandlerTest" assertions="5" time="0.004797"/>
        <testcase name="handle_prompts_list_handles_prompt_definition_failures_gracefully" file="/var/www/html/tests/Unit/Server/Handlers/PromptHandlerTest.php" line="135" class="JTD\LaravelMCP\Tests\Unit\Server\Handlers\PromptHandlerTest" classname="JTD.LaravelMCP.Tests.Unit.Server.Handlers.PromptHandlerTest" assertions="6" time="0.005435"/>
        <testcase name="handle_prompts_list_validates_cursor_parameter" file="/var/www/html/tests/Unit/Server/Handlers/PromptHandlerTest.php" line="172" class="JTD\LaravelMCP\Tests\Unit\Server\Handlers\PromptHandlerTest" classname="JTD.LaravelMCP.Tests.Unit.Server.Handlers.PromptHandlerTest" assertions="2" time="0.005247"/>
        <testcase name="handle_prompts_get_validates_required_parameters" file="/var/www/html/tests/Unit/Server/Handlers/PromptHandlerTest.php" line="232" class="JTD\LaravelMCP\Tests\Unit\Server\Handlers\PromptHandlerTest" classname="JTD.LaravelMCP.Tests.Unit.Server.Handlers.PromptHandlerTest" assertions="2" time="0.005509"/>
        <testcase name="handle_prompts_get_validates_parameter_types" file="/var/www/html/tests/Unit/Server/Handlers/PromptHandlerTest.php" line="241" class="JTD\LaravelMCP\Tests\Unit\Server\Handlers\PromptHandlerTest" classname="JTD.LaravelMCP.Tests.Unit.Server.Handlers.PromptHandlerTest" assertions="2" time="0.005954"/>
        <testcase name="handle_prompts_get_throws_error_for_non_existent_prompt" file="/var/www/html/tests/Unit/Server/Handlers/PromptHandlerTest.php" line="250" class="JTD\LaravelMCP\Tests\Unit\Server\Handlers\PromptHandlerTest" classname="JTD.LaravelMCP.Tests.Unit.Server.Handlers.PromptHandlerTest" assertions="3" time="0.005137"/>
        <testcase name="handle_prompts_get_processes_prompt_with_process_method" file="/var/www/html/tests/Unit/Server/Handlers/PromptHandlerTest.php" line="266" class="JTD\LaravelMCP\Tests\Unit\Server\Handlers\PromptHandlerTest" classname="JTD.LaravelMCP.Tests.Unit.Server.Handlers.PromptHandlerTest" assertions="6" time="0.007109"/>
        <testcase name="handle_prompts_get_processes_prompt_with_get_method" file="/var/www/html/tests/Unit/Server/Handlers/PromptHandlerTest.php" line="306" class="JTD\LaravelMCP\Tests\Unit\Server\Handlers\PromptHandlerTest" classname="JTD.LaravelMCP.Tests.Unit.Server.Handlers.PromptHandlerTest" assertions="3" time="0.006970"/>
        <testcase name="handle_prompts_get_processes_prompt_with_invoke_method" file="/var/www/html/tests/Unit/Server/Handlers/PromptHandlerTest.php" line="341" class="JTD\LaravelMCP\Tests\Unit\Server\Handlers\PromptHandlerTest" classname="JTD.LaravelMCP.Tests.Unit.Server.Handlers.PromptHandlerTest" assertions="4" time="0.005315"/>
        <testcase name="handle_prompts_get_throws_error_for_non_processable_prompt" file="/var/www/html/tests/Unit/Server/Handlers/PromptHandlerTest.php" line="426" class="JTD\LaravelMCP\Tests\Unit\Server\Handlers\PromptHandlerTest" classname="JTD.LaravelMCP.Tests.Unit.Server.Handlers.PromptHandlerTest" assertions="3" time="0.004962"/>
        <testcase name="handle_prompts_get_validates_arguments_if_prompt_supports_it" file="/var/www/html/tests/Unit/Server/Handlers/PromptHandlerTest.php" line="461" class="JTD\LaravelMCP\Tests\Unit\Server\Handlers\PromptHandlerTest" classname="JTD.LaravelMCP.Tests.Unit.Server.Handlers.PromptHandlerTest" assertions="3" time="0.006121"/>
        <testcase name="handle_prompts_get_skips_validation_if_prompt_does_not_support_it" file="/var/www/html/tests/Unit/Server/Handlers/PromptHandlerTest.php" line="492" class="JTD\LaravelMCP\Tests\Unit\Server\Handlers\PromptHandlerTest" classname="JTD.LaravelMCP.Tests.Unit.Server.Handlers.PromptHandlerTest" assertions="2" time="0.005497"/>
        <testcase name="handle_prompts_get_handles_processing_failures" file="/var/www/html/tests/Unit/Server/Handlers/PromptHandlerTest.php" line="523" class="JTD\LaravelMCP\Tests\Unit\Server\Handlers\PromptHandlerTest" classname="JTD.LaravelMCP.Tests.Unit.Server.Handlers.PromptHandlerTest" assertions="3" time="0.005180"/>
        <testcase name="handle_prompts_get_uses_default_empty_arguments_when_not_provided" file="/var/www/html/tests/Unit/Server/Handlers/PromptHandlerTest.php" line="559" class="JTD\LaravelMCP\Tests\Unit\Server\Handlers\PromptHandlerTest" classname="JTD.LaravelMCP.Tests.Unit.Server.Handlers.PromptHandlerTest" assertions="2" time="0.005990"/>
        <testsuite name="JTD\LaravelMCP\Tests\Unit\Server\Handlers\PromptHandlerTest::get_prompt_description_handles_different_description_methods" tests="4" assertions="4" errors="0" failures="0" skipped="0" time="0.029856">
          <testcase name="get_prompt_description_handles_different_description_methods with data set &quot;getDescription method&quot;" file="/var/www/html/tests/Unit/Server/Handlers/PromptHandlerTest.php" line="591" class="JTD\LaravelMCP\Tests\Unit\Server\Handlers\PromptHandlerTest" classname="JTD.LaravelMCP.Tests.Unit.Server.Handlers.PromptHandlerTest" assertions="1" time="0.007376"/>
          <testcase name="get_prompt_description_handles_different_description_methods with data set &quot;description method&quot;" file="/var/www/html/tests/Unit/Server/Handlers/PromptHandlerTest.php" line="591" class="JTD\LaravelMCP\Tests\Unit\Server\Handlers\PromptHandlerTest" classname="JTD.LaravelMCP.Tests.Unit.Server.Handlers.PromptHandlerTest" assertions="1" time="0.008925"/>
          <testcase name="get_prompt_description_handles_different_description_methods with data set &quot;description property&quot;" file="/var/www/html/tests/Unit/Server/Handlers/PromptHandlerTest.php" line="591" class="JTD\LaravelMCP\Tests\Unit\Server\Handlers\PromptHandlerTest" classname="JTD.LaravelMCP.Tests.Unit.Server.Handlers.PromptHandlerTest" assertions="1" time="0.007957"/>
          <testcase name="get_prompt_description_handles_different_description_methods with data set &quot;no description&quot;" file="/var/www/html/tests/Unit/Server/Handlers/PromptHandlerTest.php" line="591" class="JTD\LaravelMCP\Tests\Unit\Server\Handlers\PromptHandlerTest" classname="JTD.LaravelMCP.Tests.Unit.Server.Handlers.PromptHandlerTest" assertions="1" time="0.005598"/>
        </testsuite>
        <testsuite name="JTD\LaravelMCP\Tests\Unit\Server\Handlers\PromptHandlerTest::get_prompt_arguments_handles_different_arguments_methods" tests="4" assertions="4" errors="0" failures="0" skipped="0" time="0.028512">
          <testcase name="get_prompt_arguments_handles_different_arguments_methods with data set &quot;getArguments method&quot;" file="/var/www/html/tests/Unit/Server/Handlers/PromptHandlerTest.php" line="639" class="JTD\LaravelMCP\Tests\Unit\Server\Handlers\PromptHandlerTest" classname="JTD.LaravelMCP.Tests.Unit.Server.Handlers.PromptHandlerTest" assertions="1" time="0.006596"/>
          <testcase name="get_prompt_arguments_handles_different_arguments_methods with data set &quot;arguments method&quot;" file="/var/www/html/tests/Unit/Server/Handlers/PromptHandlerTest.php" line="639" class="JTD\LaravelMCP\Tests\Unit\Server\Handlers\PromptHandlerTest" classname="JTD.LaravelMCP.Tests.Unit.Server.Handlers.PromptHandlerTest" assertions="1" time="0.006444"/>
          <testcase name="get_prompt_arguments_handles_different_arguments_methods with data set &quot;arguments property&quot;" file="/var/www/html/tests/Unit/Server/Handlers/PromptHandlerTest.php" line="639" class="JTD\LaravelMCP\Tests\Unit\Server\Handlers\PromptHandlerTest" classname="JTD.LaravelMCP.Tests.Unit.Server.Handlers.PromptHandlerTest" assertions="1" time="0.007319"/>
          <testcase name="get_prompt_arguments_handles_different_arguments_methods with data set &quot;no arguments&quot;" file="/var/www/html/tests/Unit/Server/Handlers/PromptHandlerTest.php" line="639" class="JTD\LaravelMCP\Tests\Unit\Server\Handlers\PromptHandlerTest" classname="JTD.LaravelMCP.Tests.Unit.Server.Handlers.PromptHandlerTest" assertions="1" time="0.008154"/>
        </testsuite>
        <testsuite name="JTD\LaravelMCP\Tests\Unit\Server\Handlers\PromptHandlerTest::format_prompt_messages_handles_different_result_formats" tests="7" assertions="14" errors="0" failures="0" skipped="0" time="0.049602">
          <testcase name="format_prompt_messages_handles_different_result_formats with data set &quot;array of messages&quot;" file="/var/www/html/tests/Unit/Server/Handlers/PromptHandlerTest.php" line="699" class="JTD\LaravelMCP\Tests\Unit\Server\Handlers\PromptHandlerTest" classname="JTD.LaravelMCP.Tests.Unit.Server.Handlers.PromptHandlerTest" assertions="2" time="0.007787"/>
          <testcase name="format_prompt_messages_handles_different_result_formats with data set &quot;single message object&quot;" file="/var/www/html/tests/Unit/Server/Handlers/PromptHandlerTest.php" line="699" class="JTD\LaravelMCP\Tests\Unit\Server\Handlers\PromptHandlerTest" classname="JTD.LaravelMCP.Tests.Unit.Server.Handlers.PromptHandlerTest" assertions="2" time="0.007829"/>
          <testcase name="format_prompt_messages_handles_different_result_formats with data set &quot;string result&quot;" file="/var/www/html/tests/Unit/Server/Handlers/PromptHandlerTest.php" line="699" class="JTD\LaravelMCP\Tests\Unit\Server\Handlers\PromptHandlerTest" classname="JTD.LaravelMCP.Tests.Unit.Server.Handlers.PromptHandlerTest" assertions="2" time="0.006162"/>
          <testcase name="format_prompt_messages_handles_different_result_formats with data set &quot;array result (not messages)&quot;" file="/var/www/html/tests/Unit/Server/Handlers/PromptHandlerTest.php" line="699" class="JTD\LaravelMCP\Tests\Unit\Server\Handlers\PromptHandlerTest" classname="JTD.LaravelMCP.Tests.Unit.Server.Handlers.PromptHandlerTest" assertions="2" time="0.006249"/>
          <testcase name="format_prompt_messages_handles_different_result_formats with data set &quot;object result&quot;" file="/var/www/html/tests/Unit/Server/Handlers/PromptHandlerTest.php" line="699" class="JTD\LaravelMCP\Tests\Unit\Server\Handlers\PromptHandlerTest" classname="JTD.LaravelMCP.Tests.Unit.Server.Handlers.PromptHandlerTest" assertions="2" time="0.007201"/>
          <testcase name="format_prompt_messages_handles_different_result_formats with data set &quot;number result&quot;" file="/var/www/html/tests/Unit/Server/Handlers/PromptHandlerTest.php" line="699" class="JTD\LaravelMCP\Tests\Unit\Server\Handlers\PromptHandlerTest" classname="JTD.LaravelMCP.Tests.Unit.Server.Handlers.PromptHandlerTest" assertions="2" time="0.006275"/>
          <testcase name="format_prompt_messages_handles_different_result_formats with data set &quot;empty array result&quot;" file="/var/www/html/tests/Unit/Server/Handlers/PromptHandlerTest.php" line="699" class="JTD\LaravelMCP\Tests\Unit\Server\Handlers\PromptHandlerTest" classname="JTD.LaravelMCP.Tests.Unit.Server.Handlers.PromptHandlerTest" assertions="2" time="0.008099"/>
        </testsuite>
        <testsuite name="JTD\LaravelMCP\Tests\Unit\Server\Handlers\PromptHandlerTest::is_message_array_correctly_identifies_message_arrays" tests="7" assertions="11" errors="0" failures="0" skipped="0" time="0.051707">
          <testcase name="is_message_array_correctly_identifies_message_arrays with data set &quot;valid message array&quot;" file="/var/www/html/tests/Unit/Server/Handlers/PromptHandlerTest.php" line="770" class="JTD\LaravelMCP\Tests\Unit\Server\Handlers\PromptHandlerTest" classname="JTD.LaravelMCP.Tests.Unit.Server.Handlers.PromptHandlerTest" assertions="1" time="0.008099"/>
          <testcase name="is_message_array_correctly_identifies_message_arrays with data set &quot;array with content only&quot;" file="/var/www/html/tests/Unit/Server/Handlers/PromptHandlerTest.php" line="770" class="JTD\LaravelMCP\Tests\Unit\Server\Handlers\PromptHandlerTest" classname="JTD.LaravelMCP.Tests.Unit.Server.Handlers.PromptHandlerTest" assertions="1" time="0.008732"/>
          <testcase name="is_message_array_correctly_identifies_message_arrays with data set &quot;array with role only&quot;" file="/var/www/html/tests/Unit/Server/Handlers/PromptHandlerTest.php" line="770" class="JTD\LaravelMCP\Tests\Unit\Server\Handlers\PromptHandlerTest" classname="JTD.LaravelMCP.Tests.Unit.Server.Handlers.PromptHandlerTest" assertions="1" time="0.009151"/>
          <testcase name="is_message_array_correctly_identifies_message_arrays with data set &quot;empty array&quot;" file="/var/www/html/tests/Unit/Server/Handlers/PromptHandlerTest.php" line="770" class="JTD\LaravelMCP\Tests\Unit\Server\Handlers\PromptHandlerTest" classname="JTD.LaravelMCP.Tests.Unit.Server.Handlers.PromptHandlerTest" assertions="2" time="0.007190"/>
          <testcase name="is_message_array_correctly_identifies_message_arrays with data set &quot;array of strings&quot;" file="/var/www/html/tests/Unit/Server/Handlers/PromptHandlerTest.php" line="770" class="JTD\LaravelMCP\Tests\Unit\Server\Handlers\PromptHandlerTest" classname="JTD.LaravelMCP.Tests.Unit.Server.Handlers.PromptHandlerTest" assertions="2" time="0.005983"/>
          <testcase name="is_message_array_correctly_identifies_message_arrays with data set &quot;array of numbers&quot;" file="/var/www/html/tests/Unit/Server/Handlers/PromptHandlerTest.php" line="770" class="JTD\LaravelMCP\Tests\Unit\Server\Handlers\PromptHandlerTest" classname="JTD.LaravelMCP.Tests.Unit.Server.Handlers.PromptHandlerTest" assertions="2" time="0.006548"/>
          <testcase name="is_message_array_correctly_identifies_message_arrays with data set &quot;mixed array&quot;" file="/var/www/html/tests/Unit/Server/Handlers/PromptHandlerTest.php" line="770" class="JTD\LaravelMCP\Tests\Unit\Server\Handlers\PromptHandlerTest" classname="JTD.LaravelMCP.Tests.Unit.Server.Handlers.PromptHandlerTest" assertions="2" time="0.006004"/>
        </testsuite>
        <testcase name="get_supported_methods_returns_prompt_methods" file="/var/www/html/tests/Unit/Server/Handlers/PromptHandlerTest.php" line="60" class="JTD\LaravelMCP\Tests\Unit\Server\Handlers\PromptHandlerTest" classname="JTD.LaravelMCP.Tests.Unit.Server.Handlers.PromptHandlerTest" assertions="1" time="0.006748"/>
        <testcase name="supports_method_returns_true_for_supported_methods" file="/var/www/html/tests/Unit/Server/Handlers/PromptHandlerTest.php" line="68" class="JTD\LaravelMCP\Tests\Unit\Server\Handlers\PromptHandlerTest" classname="JTD.LaravelMCP.Tests.Unit.Server.Handlers.PromptHandlerTest" assertions="2" time="0.005657"/>
        <testcase name="supports_method_returns_false_for_unsupported_methods" file="/var/www/html/tests/Unit/Server/Handlers/PromptHandlerTest.php" line="75" class="JTD\LaravelMCP\Tests\Unit\Server\Handlers\PromptHandlerTest" classname="JTD.LaravelMCP.Tests.Unit.Server.Handlers.PromptHandlerTest" assertions="2" time="0.005473"/>
        <testcase name="constructor_sets_dependencies_and_handler_name" file="/var/www/html/tests/Unit/Server/Handlers/PromptHandlerTest.php" line="51" class="JTD\LaravelMCP\Tests\Unit\Server\Handlers\PromptHandlerTest" classname="JTD.LaravelMCP.Tests.Unit.Server.Handlers.PromptHandlerTest" assertions="2" time="0.008988"/>
        <testcase name="handle_prompts_list_returns_empty_prompts_array_when_no_prompts" file="/var/www/html/tests/Unit/Server/Handlers/PromptHandlerTest.php" line="92" class="JTD\LaravelMCP\Tests\Unit\Server\Handlers\PromptHandlerTest" classname="JTD.LaravelMCP.Tests.Unit.Server.Handlers.PromptHandlerTest" assertions="4" time="0.007249"/>
        <testcase name="handle_prompts_list_applies_cursor_pagination" file="/var/www/html/tests/Unit/Server/Handlers/PromptHandlerTest.php" line="181" class="JTD\LaravelMCP\Tests\Unit\Server\Handlers\PromptHandlerTest" classname="JTD.LaravelMCP.Tests.Unit.Server.Handlers.PromptHandlerTest" assertions="3" time="0.007681"/>
        <testcase name="handle_prompts_get_processes_callable_prompt" file="/var/www/html/tests/Unit/Server/Handlers/PromptHandlerTest.php" line="377" class="JTD\LaravelMCP\Tests\Unit\Server\Handlers\PromptHandlerTest" classname="JTD.LaravelMCP.Tests.Unit.Server.Handlers.PromptHandlerTest" assertions="2" time="0.006067"/>
        <testcase name="handle_prompts_list_includes_next_cursor_when_more_prompts_available" file="/var/www/html/tests/Unit/Server/Handlers/PromptHandlerTest.php" line="207" class="JTD\LaravelMCP\Tests\Unit\Server\Handlers\PromptHandlerTest" classname="JTD.LaravelMCP.Tests.Unit.Server.Handlers.PromptHandlerTest" assertions="4" time="0.014913"/>
      </testsuite>
      <testsuite name="JTD\LaravelMCP\Tests\Unit\Server\Handlers\ResourceHandlerTest" file="/var/www/html/tests/Unit/Server/Handlers/ResourceHandlerTest.php" tests="37" assertions="95" errors="0" failures="0" skipped="0" time="0.252401">
        <testcase name="handle_resources_read_handles_array_content" file="/var/www/html/tests/Unit/Server/Handlers/ResourceHandlerTest.php" line="427" class="JTD\LaravelMCP\Tests\Unit\Server\Handlers\ResourceHandlerTest" classname="JTD.LaravelMCP.Tests.Unit.Server.Handlers.ResourceHandlerTest" assertions="5" time="0.007686"/>
        <testcase name="handle_resources_read_handles_pre_formatted_content" file="/var/www/html/tests/Unit/Server/Handlers/ResourceHandlerTest.php" line="452" class="JTD\LaravelMCP\Tests\Unit\Server\Handlers\ResourceHandlerTest" classname="JTD.LaravelMCP.Tests.Unit.Server.Handlers.ResourceHandlerTest" assertions="4" time="0.008045"/>
        <testcase name="handle_throws_protocol_exception_for_unsupported_method" file="/var/www/html/tests/Unit/Server/Handlers/ResourceHandlerTest.php" line="82" class="JTD\LaravelMCP\Tests\Unit\Server\Handlers\ResourceHandlerTest" classname="JTD.LaravelMCP.Tests.Unit.Server.Handlers.ResourceHandlerTest" assertions="3" time="0.008296"/>
        <testcase name="handle_resources_list_returns_resource_definitions" file="/var/www/html/tests/Unit/Server/Handlers/ResourceHandlerTest.php" line="108" class="JTD\LaravelMCP\Tests\Unit\Server\Handlers\ResourceHandlerTest" classname="JTD.LaravelMCP.Tests.Unit.Server.Handlers.ResourceHandlerTest" assertions="7" time="0.006612"/>
        <testcase name="handle_resources_list_handles_resource_definition_failures_gracefully" file="/var/www/html/tests/Unit/Server/Handlers/ResourceHandlerTest.php" line="135" class="JTD\LaravelMCP\Tests\Unit\Server\Handlers\ResourceHandlerTest" classname="JTD.LaravelMCP.Tests.Unit.Server.Handlers.ResourceHandlerTest" assertions="10" time="0.005501"/>
        <testcase name="handle_resources_list_validates_cursor_parameter" file="/var/www/html/tests/Unit/Server/Handlers/ResourceHandlerTest.php" line="178" class="JTD\LaravelMCP\Tests\Unit\Server\Handlers\ResourceHandlerTest" classname="JTD.LaravelMCP.Tests.Unit.Server.Handlers.ResourceHandlerTest" assertions="2" time="0.006684"/>
        <testcase name="handle_resources_read_validates_required_parameters" file="/var/www/html/tests/Unit/Server/Handlers/ResourceHandlerTest.php" line="238" class="JTD\LaravelMCP\Tests\Unit\Server\Handlers\ResourceHandlerTest" classname="JTD.LaravelMCP.Tests.Unit.Server.Handlers.ResourceHandlerTest" assertions="2" time="0.005217"/>
        <testcase name="handle_resources_read_validates_parameter_types" file="/var/www/html/tests/Unit/Server/Handlers/ResourceHandlerTest.php" line="247" class="JTD\LaravelMCP\Tests\Unit\Server\Handlers\ResourceHandlerTest" classname="JTD.LaravelMCP.Tests.Unit.Server.Handlers.ResourceHandlerTest" assertions="2" time="0.006150"/>
        <testcase name="handle_resources_read_throws_error_for_non_existent_resource" file="/var/www/html/tests/Unit/Server/Handlers/ResourceHandlerTest.php" line="256" class="JTD\LaravelMCP\Tests\Unit\Server\Handlers\ResourceHandlerTest" classname="JTD.LaravelMCP.Tests.Unit.Server.Handlers.ResourceHandlerTest" assertions="3" time="0.006785"/>
        <testcase name="handle_resources_read_reads_resource_with_read_method" file="/var/www/html/tests/Unit/Server/Handlers/ResourceHandlerTest.php" line="271" class="JTD\LaravelMCP\Tests\Unit\Server\Handlers\ResourceHandlerTest" classname="JTD.LaravelMCP.Tests.Unit.Server.Handlers.ResourceHandlerTest" assertions="3" time="0.010578"/>
        <testcase name="handle_resources_read_reads_resource_with_get_content_method" file="/var/www/html/tests/Unit/Server/Handlers/ResourceHandlerTest.php" line="301" class="JTD\LaravelMCP\Tests\Unit\Server\Handlers\ResourceHandlerTest" classname="JTD.LaravelMCP.Tests.Unit.Server.Handlers.ResourceHandlerTest" assertions="3" time="0.009115"/>
        <testcase name="handle_resources_read_reads_resource_with_invoke_method" file="/var/www/html/tests/Unit/Server/Handlers/ResourceHandlerTest.php" line="328" class="JTD\LaravelMCP\Tests\Unit\Server\Handlers\ResourceHandlerTest" classname="JTD.LaravelMCP.Tests.Unit.Server.Handlers.ResourceHandlerTest" assertions="3" time="0.005926"/>
        <testcase name="handle_resources_read_throws_error_for_non_readable_resource" file="/var/www/html/tests/Unit/Server/Handlers/ResourceHandlerTest.php" line="400" class="JTD\LaravelMCP\Tests\Unit\Server\Handlers\ResourceHandlerTest" classname="JTD.LaravelMCP.Tests.Unit.Server.Handlers.ResourceHandlerTest" assertions="3" time="0.007116"/>
        <testcase name="handle_resources_read_handles_execution_failures" file="/var/www/html/tests/Unit/Server/Handlers/ResourceHandlerTest.php" line="479" class="JTD\LaravelMCP\Tests\Unit\Server\Handlers\ResourceHandlerTest" classname="JTD.LaravelMCP.Tests.Unit.Server.Handlers.ResourceHandlerTest" assertions="3" time="0.005757"/>
        <testsuite name="JTD\LaravelMCP\Tests\Unit\Server\Handlers\ResourceHandlerTest::get_resource_uri_handles_different_uri_methods" tests="4" assertions="4" errors="0" failures="0" skipped="0" time="0.030950">
          <testcase name="get_resource_uri_handles_different_uri_methods with data set &quot;getUri method&quot;" file="/var/www/html/tests/Unit/Server/Handlers/ResourceHandlerTest.php" line="503" class="JTD\LaravelMCP\Tests\Unit\Server\Handlers\ResourceHandlerTest" classname="JTD.LaravelMCP.Tests.Unit.Server.Handlers.ResourceHandlerTest" assertions="1" time="0.006343"/>
          <testcase name="get_resource_uri_handles_different_uri_methods with data set &quot;uri method&quot;" file="/var/www/html/tests/Unit/Server/Handlers/ResourceHandlerTest.php" line="503" class="JTD\LaravelMCP\Tests\Unit\Server\Handlers\ResourceHandlerTest" classname="JTD.LaravelMCP.Tests.Unit.Server.Handlers.ResourceHandlerTest" assertions="1" time="0.008431"/>
          <testcase name="get_resource_uri_handles_different_uri_methods with data set &quot;uri property&quot;" file="/var/www/html/tests/Unit/Server/Handlers/ResourceHandlerTest.php" line="503" class="JTD\LaravelMCP\Tests\Unit\Server\Handlers\ResourceHandlerTest" classname="JTD.LaravelMCP.Tests.Unit.Server.Handlers.ResourceHandlerTest" assertions="1" time="0.009273"/>
          <testcase name="get_resource_uri_handles_different_uri_methods with data set &quot;no uri (default)&quot;" file="/var/www/html/tests/Unit/Server/Handlers/ResourceHandlerTest.php" line="503" class="JTD\LaravelMCP\Tests\Unit\Server\Handlers\ResourceHandlerTest" classname="JTD.LaravelMCP.Tests.Unit.Server.Handlers.ResourceHandlerTest" assertions="1" time="0.006902"/>
        </testsuite>
        <testsuite name="JTD\LaravelMCP\Tests\Unit\Server\Handlers\ResourceHandlerTest::get_resource_description_handles_different_description_methods" tests="4" assertions="4" errors="0" failures="0" skipped="0" time="0.024783">
          <testcase name="get_resource_description_handles_different_description_methods with data set &quot;getDescription method&quot;" file="/var/www/html/tests/Unit/Server/Handlers/ResourceHandlerTest.php" line="564" class="JTD\LaravelMCP\Tests\Unit\Server\Handlers\ResourceHandlerTest" classname="JTD.LaravelMCP.Tests.Unit.Server.Handlers.ResourceHandlerTest" assertions="1" time="0.005774"/>
          <testcase name="get_resource_description_handles_different_description_methods with data set &quot;description method&quot;" file="/var/www/html/tests/Unit/Server/Handlers/ResourceHandlerTest.php" line="564" class="JTD\LaravelMCP\Tests\Unit\Server\Handlers\ResourceHandlerTest" classname="JTD.LaravelMCP.Tests.Unit.Server.Handlers.ResourceHandlerTest" assertions="1" time="0.006845"/>
          <testcase name="get_resource_description_handles_different_description_methods with data set &quot;description property&quot;" file="/var/www/html/tests/Unit/Server/Handlers/ResourceHandlerTest.php" line="564" class="JTD\LaravelMCP\Tests\Unit\Server\Handlers\ResourceHandlerTest" classname="JTD.LaravelMCP.Tests.Unit.Server.Handlers.ResourceHandlerTest" assertions="1" time="0.005244"/>
          <testcase name="get_resource_description_handles_different_description_methods with data set &quot;no description&quot;" file="/var/www/html/tests/Unit/Server/Handlers/ResourceHandlerTest.php" line="564" class="JTD\LaravelMCP\Tests\Unit\Server\Handlers\ResourceHandlerTest" classname="JTD.LaravelMCP.Tests.Unit.Server.Handlers.ResourceHandlerTest" assertions="1" time="0.006920"/>
        </testsuite>
        <testsuite name="JTD\LaravelMCP\Tests\Unit\Server\Handlers\ResourceHandlerTest::get_resource_mime_type_handles_different_mime_type_methods" tests="4" assertions="4" errors="0" failures="0" skipped="0" time="0.026687">
          <testcase name="get_resource_mime_type_handles_different_mime_type_methods with data set &quot;getMimeType method&quot;" file="/var/www/html/tests/Unit/Server/Handlers/ResourceHandlerTest.php" line="624" class="JTD\LaravelMCP\Tests\Unit\Server\Handlers\ResourceHandlerTest" classname="JTD.LaravelMCP.Tests.Unit.Server.Handlers.ResourceHandlerTest" assertions="1" time="0.007492"/>
          <testcase name="get_resource_mime_type_handles_different_mime_type_methods with data set &quot;mimeType method&quot;" file="/var/www/html/tests/Unit/Server/Handlers/ResourceHandlerTest.php" line="624" class="JTD\LaravelMCP\Tests\Unit\Server\Handlers\ResourceHandlerTest" classname="JTD.LaravelMCP.Tests.Unit.Server.Handlers.ResourceHandlerTest" assertions="1" time="0.008897"/>
          <testcase name="get_resource_mime_type_handles_different_mime_type_methods with data set &quot;mimeType property&quot;" file="/var/www/html/tests/Unit/Server/Handlers/ResourceHandlerTest.php" line="624" class="JTD\LaravelMCP\Tests\Unit\Server\Handlers\ResourceHandlerTest" classname="JTD.LaravelMCP.Tests.Unit.Server.Handlers.ResourceHandlerTest" assertions="1" time="0.005153"/>
          <testcase name="get_resource_mime_type_handles_different_mime_type_methods with data set &quot;no mime type (default)&quot;" file="/var/www/html/tests/Unit/Server/Handlers/ResourceHandlerTest.php" line="624" class="JTD\LaravelMCP\Tests\Unit\Server\Handlers\ResourceHandlerTest" classname="JTD.LaravelMCP.Tests.Unit.Server.Handlers.ResourceHandlerTest" assertions="1" time="0.005145"/>
        </testsuite>
        <testsuite name="JTD\LaravelMCP\Tests\Unit\Server\Handlers\ResourceHandlerTest::get_resource_metadata_handles_different_metadata_methods" tests="3" assertions="10" errors="0" failures="0" skipped="0" time="0.016924">
          <testcase name="get_resource_metadata_handles_different_metadata_methods with data set &quot;getMetadata method&quot;" file="/var/www/html/tests/Unit/Server/Handlers/ResourceHandlerTest.php" line="683" class="JTD\LaravelMCP\Tests\Unit\Server\Handlers\ResourceHandlerTest" classname="JTD.LaravelMCP.Tests.Unit.Server.Handlers.ResourceHandlerTest" assertions="4" time="0.006310"/>
          <testcase name="get_resource_metadata_handles_different_metadata_methods with data set &quot;metadata property&quot;" file="/var/www/html/tests/Unit/Server/Handlers/ResourceHandlerTest.php" line="683" class="JTD\LaravelMCP\Tests\Unit\Server\Handlers\ResourceHandlerTest" classname="JTD.LaravelMCP.Tests.Unit.Server.Handlers.ResourceHandlerTest" assertions="4" time="0.005109"/>
          <testcase name="get_resource_metadata_handles_different_metadata_methods with data set &quot;no metadata&quot;" file="/var/www/html/tests/Unit/Server/Handlers/ResourceHandlerTest.php" line="683" class="JTD\LaravelMCP\Tests\Unit\Server\Handlers\ResourceHandlerTest" classname="JTD.LaravelMCP.Tests.Unit.Server.Handlers.ResourceHandlerTest" assertions="2" time="0.005505"/>
        </testsuite>
        <testcase name="constructor_sets_dependencies_and_handler_name" file="/var/www/html/tests/Unit/Server/Handlers/ResourceHandlerTest.php" line="51" class="JTD\LaravelMCP\Tests\Unit\Server\Handlers\ResourceHandlerTest" classname="JTD.LaravelMCP.Tests.Unit.Server.Handlers.ResourceHandlerTest" assertions="2" time="0.005624"/>
        <testcase name="get_supported_methods_returns_resource_methods" file="/var/www/html/tests/Unit/Server/Handlers/ResourceHandlerTest.php" line="60" class="JTD\LaravelMCP\Tests\Unit\Server\Handlers\ResourceHandlerTest" classname="JTD.LaravelMCP.Tests.Unit.Server.Handlers.ResourceHandlerTest" assertions="1" time="0.007401"/>
        <testcase name="supports_method_returns_true_for_supported_methods" file="/var/www/html/tests/Unit/Server/Handlers/ResourceHandlerTest.php" line="68" class="JTD\LaravelMCP\Tests\Unit\Server\Handlers\ResourceHandlerTest" classname="JTD.LaravelMCP.Tests.Unit.Server.Handlers.ResourceHandlerTest" assertions="2" time="0.007143"/>
        <testcase name="supports_method_returns_false_for_unsupported_methods" file="/var/www/html/tests/Unit/Server/Handlers/ResourceHandlerTest.php" line="75" class="JTD\LaravelMCP\Tests\Unit\Server\Handlers\ResourceHandlerTest" classname="JTD.LaravelMCP.Tests.Unit.Server.Handlers.ResourceHandlerTest" assertions="2" time="0.004993"/>
        <testcase name="handle_resources_list_returns_empty_resources_array_when_no_resources" file="/var/www/html/tests/Unit/Server/Handlers/ResourceHandlerTest.php" line="92" class="JTD\LaravelMCP\Tests\Unit\Server\Handlers\ResourceHandlerTest" classname="JTD.LaravelMCP.Tests.Unit.Server.Handlers.ResourceHandlerTest" assertions="4" time="0.005494"/>
        <testcase name="handle_resources_list_applies_cursor_pagination" file="/var/www/html/tests/Unit/Server/Handlers/ResourceHandlerTest.php" line="187" class="JTD\LaravelMCP\Tests\Unit\Server\Handlers\ResourceHandlerTest" classname="JTD.LaravelMCP.Tests.Unit.Server.Handlers.ResourceHandlerTest" assertions="3" time="0.007117"/>
        <testcase name="handle_resources_read_reads_callable_resource" file="/var/www/html/tests/Unit/Server/Handlers/ResourceHandlerTest.php" line="358" class="JTD\LaravelMCP\Tests\Unit\Server\Handlers\ResourceHandlerTest" classname="JTD.LaravelMCP.Tests.Unit.Server.Handlers.ResourceHandlerTest" assertions="2" time="0.005891"/>
        <testcase name="handle_resources_list_includes_next_cursor_when_more_resources_available" file="/var/www/html/tests/Unit/Server/Handlers/ResourceHandlerTest.php" line="213" class="JTD\LaravelMCP\Tests\Unit\Server\Handlers\ResourceHandlerTest" classname="JTD.LaravelMCP.Tests.Unit.Server.Handlers.ResourceHandlerTest" assertions="4" time="0.009928"/>
      </testsuite>
      <testsuite name="JTD\LaravelMCP\Tests\Unit\Server\Handlers\ToolHandlerTest" file="/var/www/html/tests/Unit/Server/Handlers/ToolHandlerTest.php" tests="35" assertions="76" errors="0" failures="0" skipped="0" time="0.239208">
        <testcase name="handle_tools_call_throws_error_for_non_executable_tool" file="/var/www/html/tests/Unit/Server/Handlers/ToolHandlerTest.php" line="367" class="JTD\LaravelMCP\Tests\Unit\Server\Handlers\ToolHandlerTest" classname="JTD.LaravelMCP.Tests.Unit.Server.Handlers.ToolHandlerTest" assertions="2" time="0.006668"/>
        <testcase name="handle_throws_protocol_exception_for_unsupported_method" file="/var/www/html/tests/Unit/Server/Handlers/ToolHandlerTest.php" line="82" class="JTD\LaravelMCP\Tests\Unit\Server\Handlers\ToolHandlerTest" classname="JTD.LaravelMCP.Tests.Unit.Server.Handlers.ToolHandlerTest" assertions="3" time="0.006570"/>
        <testcase name="handle_tools_list_returns_tool_definitions" file="/var/www/html/tests/Unit/Server/Handlers/ToolHandlerTest.php" line="108" class="JTD\LaravelMCP\Tests\Unit\Server\Handlers\ToolHandlerTest" classname="JTD.LaravelMCP.Tests.Unit.Server.Handlers.ToolHandlerTest" assertions="5" time="0.005165"/>
        <testcase name="handle_tools_list_handles_tool_definition_failures_gracefully" file="/var/www/html/tests/Unit/Server/Handlers/ToolHandlerTest.php" line="137" class="JTD\LaravelMCP\Tests\Unit\Server\Handlers\ToolHandlerTest" classname="JTD.LaravelMCP.Tests.Unit.Server.Handlers.ToolHandlerTest" assertions="8" time="0.005161"/>
        <testcase name="handle_tools_list_validates_cursor_parameter" file="/var/www/html/tests/Unit/Server/Handlers/ToolHandlerTest.php" line="176" class="JTD\LaravelMCP\Tests\Unit\Server\Handlers\ToolHandlerTest" classname="JTD.LaravelMCP.Tests.Unit.Server.Handlers.ToolHandlerTest" assertions="2" time="0.005678"/>
        <testcase name="handle_tools_call_validates_required_parameters" file="/var/www/html/tests/Unit/Server/Handlers/ToolHandlerTest.php" line="236" class="JTD\LaravelMCP\Tests\Unit\Server\Handlers\ToolHandlerTest" classname="JTD.LaravelMCP.Tests.Unit.Server.Handlers.ToolHandlerTest" assertions="2" time="0.005968"/>
        <testcase name="handle_tools_call_validates_parameter_types" file="/var/www/html/tests/Unit/Server/Handlers/ToolHandlerTest.php" line="245" class="JTD\LaravelMCP\Tests\Unit\Server\Handlers\ToolHandlerTest" classname="JTD.LaravelMCP.Tests.Unit.Server.Handlers.ToolHandlerTest" assertions="2" time="0.005532"/>
        <testcase name="handle_tools_call_throws_error_for_non_existent_tool" file="/var/www/html/tests/Unit/Server/Handlers/ToolHandlerTest.php" line="254" class="JTD\LaravelMCP\Tests\Unit\Server\Handlers\ToolHandlerTest" classname="JTD.LaravelMCP.Tests.Unit.Server.Handlers.ToolHandlerTest" assertions="3" time="0.007301"/>
        <testcase name="handle_tools_call_executes_tool_with_execute_method" file="/var/www/html/tests/Unit/Server/Handlers/ToolHandlerTest.php" line="270" class="JTD\LaravelMCP\Tests\Unit\Server\Handlers\ToolHandlerTest" classname="JTD.LaravelMCP.Tests.Unit.Server.Handlers.ToolHandlerTest" assertions="6" time="0.008405"/>
        <testcase name="handle_tools_call_executes_tool_with_invoke_method" file="/var/www/html/tests/Unit/Server/Handlers/ToolHandlerTest.php" line="304" class="JTD\LaravelMCP\Tests\Unit\Server\Handlers\ToolHandlerTest" classname="JTD.LaravelMCP.Tests.Unit.Server.Handlers.ToolHandlerTest" assertions="3" time="0.009042"/>
        <testcase name="handle_tools_call_executes_callable_tool" file="/var/www/html/tests/Unit/Server/Handlers/ToolHandlerTest.php" line="339" class="JTD\LaravelMCP\Tests\Unit\Server\Handlers\ToolHandlerTest" classname="JTD.LaravelMCP.Tests.Unit.Server.Handlers.ToolHandlerTest" assertions="2" time="0.006433"/>
        <testcase name="handle_tools_call_validates_arguments_if_tool_supports_it" file="/var/www/html/tests/Unit/Server/Handlers/ToolHandlerTest.php" line="393" class="JTD\LaravelMCP\Tests\Unit\Server\Handlers\ToolHandlerTest" classname="JTD.LaravelMCP.Tests.Unit.Server.Handlers.ToolHandlerTest" assertions="3" time="0.005797"/>
        <testcase name="handle_tools_call_skips_validation_if_tool_does_not_support_it" file="/var/www/html/tests/Unit/Server/Handlers/ToolHandlerTest.php" line="424" class="JTD\LaravelMCP\Tests\Unit\Server\Handlers\ToolHandlerTest" classname="JTD.LaravelMCP.Tests.Unit.Server.Handlers.ToolHandlerTest" assertions="1" time="0.006598"/>
        <testcase name="handle_tools_call_returns_error_response_for_execution_failures" file="/var/www/html/tests/Unit/Server/Handlers/ToolHandlerTest.php" line="453" class="JTD\LaravelMCP\Tests\Unit\Server\Handlers\ToolHandlerTest" classname="JTD.LaravelMCP.Tests.Unit.Server.Handlers.ToolHandlerTest" assertions="2" time="0.006135"/>
        <testcase name="handle_tools_call_uses_default_empty_arguments_when_not_provided" file="/var/www/html/tests/Unit/Server/Handlers/ToolHandlerTest.php" line="481" class="JTD\LaravelMCP\Tests\Unit\Server\Handlers\ToolHandlerTest" classname="JTD.LaravelMCP.Tests.Unit.Server.Handlers.ToolHandlerTest" assertions="1" time="0.005546"/>
        <testsuite name="JTD\LaravelMCP\Tests\Unit\Server\Handlers\ToolHandlerTest::get_tool_description_handles_different_description_methods" tests="4" assertions="4" errors="0" failures="0" skipped="0" time="0.027239">
          <testcase name="get_tool_description_handles_different_description_methods with data set &quot;getDescription method&quot;" file="/var/www/html/tests/Unit/Server/Handlers/ToolHandlerTest.php" line="511" class="JTD\LaravelMCP\Tests\Unit\Server\Handlers\ToolHandlerTest" classname="JTD.LaravelMCP.Tests.Unit.Server.Handlers.ToolHandlerTest" assertions="1" time="0.006392"/>
          <testcase name="get_tool_description_handles_different_description_methods with data set &quot;description method&quot;" file="/var/www/html/tests/Unit/Server/Handlers/ToolHandlerTest.php" line="511" class="JTD\LaravelMCP\Tests\Unit\Server\Handlers\ToolHandlerTest" classname="JTD.LaravelMCP.Tests.Unit.Server.Handlers.ToolHandlerTest" assertions="1" time="0.008511"/>
          <testcase name="get_tool_description_handles_different_description_methods with data set &quot;description property&quot;" file="/var/www/html/tests/Unit/Server/Handlers/ToolHandlerTest.php" line="511" class="JTD\LaravelMCP\Tests\Unit\Server\Handlers\ToolHandlerTest" classname="JTD.LaravelMCP.Tests.Unit.Server.Handlers.ToolHandlerTest" assertions="1" time="0.006464"/>
          <testcase name="get_tool_description_handles_different_description_methods with data set &quot;no description&quot;" file="/var/www/html/tests/Unit/Server/Handlers/ToolHandlerTest.php" line="511" class="JTD\LaravelMCP\Tests\Unit\Server\Handlers\ToolHandlerTest" classname="JTD.LaravelMCP.Tests.Unit.Server.Handlers.ToolHandlerTest" assertions="1" time="0.005871"/>
        </testsuite>
        <testsuite name="JTD\LaravelMCP\Tests\Unit\Server\Handlers\ToolHandlerTest::get_tool_input_schema_handles_different_schema_methods" tests="4" assertions="4" errors="0" failures="0" skipped="0" time="0.025538">
          <testcase name="get_tool_input_schema_handles_different_schema_methods with data set &quot;getInputSchema method&quot;" file="/var/www/html/tests/Unit/Server/Handlers/ToolHandlerTest.php" line="557" class="JTD\LaravelMCP\Tests\Unit\Server\Handlers\ToolHandlerTest" classname="JTD.LaravelMCP.Tests.Unit.Server.Handlers.ToolHandlerTest" assertions="1" time="0.005944"/>
          <testcase name="get_tool_input_schema_handles_different_schema_methods with data set &quot;inputSchema method&quot;" file="/var/www/html/tests/Unit/Server/Handlers/ToolHandlerTest.php" line="557" class="JTD\LaravelMCP\Tests\Unit\Server\Handlers\ToolHandlerTest" classname="JTD.LaravelMCP.Tests.Unit.Server.Handlers.ToolHandlerTest" assertions="1" time="0.007367"/>
          <testcase name="get_tool_input_schema_handles_different_schema_methods with data set &quot;inputSchema property&quot;" file="/var/www/html/tests/Unit/Server/Handlers/ToolHandlerTest.php" line="557" class="JTD\LaravelMCP\Tests\Unit\Server\Handlers\ToolHandlerTest" classname="JTD.LaravelMCP.Tests.Unit.Server.Handlers.ToolHandlerTest" assertions="1" time="0.005852"/>
          <testcase name="get_tool_input_schema_handles_different_schema_methods with data set &quot;no input schema&quot;" file="/var/www/html/tests/Unit/Server/Handlers/ToolHandlerTest.php" line="557" class="JTD\LaravelMCP\Tests\Unit\Server\Handlers\ToolHandlerTest" classname="JTD.LaravelMCP.Tests.Unit.Server.Handlers.ToolHandlerTest" assertions="1" time="0.006374"/>
        </testsuite>
        <testsuite name="JTD\LaravelMCP\Tests\Unit\Server\Handlers\ToolHandlerTest::get_content_type_determines_correct_type" tests="5" assertions="5" errors="0" failures="0" skipped="0" time="0.042189">
          <testcase name="get_content_type_determines_correct_type with data set &quot;string content&quot;" file="/var/www/html/tests/Unit/Server/Handlers/ToolHandlerTest.php" line="620" class="JTD\LaravelMCP\Tests\Unit\Server\Handlers\ToolHandlerTest" classname="JTD.LaravelMCP.Tests.Unit.Server.Handlers.ToolHandlerTest" assertions="1" time="0.006482"/>
          <testcase name="get_content_type_determines_correct_type with data set &quot;array content&quot;" file="/var/www/html/tests/Unit/Server/Handlers/ToolHandlerTest.php" line="620" class="JTD\LaravelMCP\Tests\Unit\Server\Handlers\ToolHandlerTest" classname="JTD.LaravelMCP.Tests.Unit.Server.Handlers.ToolHandlerTest" assertions="1" time="0.006982"/>
          <testcase name="get_content_type_determines_correct_type with data set &quot;object content&quot;" file="/var/www/html/tests/Unit/Server/Handlers/ToolHandlerTest.php" line="620" class="JTD\LaravelMCP\Tests\Unit\Server\Handlers\ToolHandlerTest" classname="JTD.LaravelMCP.Tests.Unit.Server.Handlers.ToolHandlerTest" assertions="1" time="0.011620"/>
          <testcase name="get_content_type_determines_correct_type with data set &quot;number content&quot;" file="/var/www/html/tests/Unit/Server/Handlers/ToolHandlerTest.php" line="620" class="JTD\LaravelMCP\Tests\Unit\Server\Handlers\ToolHandlerTest" classname="JTD.LaravelMCP.Tests.Unit.Server.Handlers.ToolHandlerTest" assertions="1" time="0.008881"/>
          <testcase name="get_content_type_determines_correct_type with data set &quot;boolean content&quot;" file="/var/www/html/tests/Unit/Server/Handlers/ToolHandlerTest.php" line="620" class="JTD\LaravelMCP\Tests\Unit\Server\Handlers\ToolHandlerTest" classname="JTD.LaravelMCP.Tests.Unit.Server.Handlers.ToolHandlerTest" assertions="1" time="0.008224"/>
        </testsuite>
        <testcase name="get_supported_methods_returns_tool_methods" file="/var/www/html/tests/Unit/Server/Handlers/ToolHandlerTest.php" line="60" class="JTD\LaravelMCP\Tests\Unit\Server\Handlers\ToolHandlerTest" classname="JTD.LaravelMCP.Tests.Unit.Server.Handlers.ToolHandlerTest" assertions="1" time="0.006662"/>
        <testcase name="supports_method_returns_false_for_unsupported_methods" file="/var/www/html/tests/Unit/Server/Handlers/ToolHandlerTest.php" line="75" class="JTD\LaravelMCP\Tests\Unit\Server\Handlers\ToolHandlerTest" classname="JTD.LaravelMCP.Tests.Unit.Server.Handlers.ToolHandlerTest" assertions="2" time="0.005594"/>
        <testcase name="constructor_sets_dependencies_and_handler_name" file="/var/www/html/tests/Unit/Server/Handlers/ToolHandlerTest.php" line="51" class="JTD\LaravelMCP\Tests\Unit\Server\Handlers\ToolHandlerTest" classname="JTD.LaravelMCP.Tests.Unit.Server.Handlers.ToolHandlerTest" assertions="2" time="0.006439"/>
        <testcase name="supports_method_returns_true_for_supported_methods" file="/var/www/html/tests/Unit/Server/Handlers/ToolHandlerTest.php" line="68" class="JTD\LaravelMCP\Tests\Unit\Server\Handlers\ToolHandlerTest" classname="JTD.LaravelMCP.Tests.Unit.Server.Handlers.ToolHandlerTest" assertions="2" time="0.005502"/>
        <testcase name="handle_tools_list_returns_empty_tools_array_when_no_tools" file="/var/www/html/tests/Unit/Server/Handlers/ToolHandlerTest.php" line="92" class="JTD\LaravelMCP\Tests\Unit\Server\Handlers\ToolHandlerTest" classname="JTD.LaravelMCP.Tests.Unit.Server.Handlers.ToolHandlerTest" assertions="4" time="0.005860"/>
        <testcase name="handle_tools_list_applies_cursor_pagination" file="/var/www/html/tests/Unit/Server/Handlers/ToolHandlerTest.php" line="185" class="JTD\LaravelMCP\Tests\Unit\Server\Handlers\ToolHandlerTest" classname="JTD.LaravelMCP.Tests.Unit.Server.Handlers.ToolHandlerTest" assertions="3" time="0.006752"/>
        <testcase name="handle_tools_list_includes_next_cursor_when_more_tools_available" file="/var/www/html/tests/Unit/Server/Handlers/ToolHandlerTest.php" line="211" class="JTD\LaravelMCP\Tests\Unit\Server\Handlers\ToolHandlerTest" classname="JTD.LaravelMCP.Tests.Unit.Server.Handlers.ToolHandlerTest" assertions="4" time="0.011434"/>
      </testsuite>
      <testsuite name="JTD\LaravelMCP\Tests\Unit\Server\McpServerTest" file="/var/www/html/tests/Unit/Server/McpServerTest.php" tests="27" assertions="65" errors="0" failures="0" skipped="0" time="1.196690">
        <testcase name="test_can_initialize_server" file="/var/www/html/tests/Unit/Server/McpServerTest.php" line="86" class="JTD\LaravelMCP\Tests\Unit\Server\McpServerTest" classname="JTD.LaravelMCP.Tests.Unit.Server.McpServerTest" assertions="5" time="0.006779"/>
        <testcase name="test_cannot_initialize_server_twice" file="/var/www/html/tests/Unit/Server/McpServerTest.php" line="129" class="JTD\LaravelMCP\Tests\Unit\Server\McpServerTest" classname="JTD.LaravelMCP.Tests.Unit.Server.McpServerTest" assertions="1" time="0.008697"/>
        <testcase name="test_can_start_server_after_initialization" file="/var/www/html/tests/Unit/Server/McpServerTest.php" line="152" class="JTD\LaravelMCP\Tests\Unit\Server\McpServerTest" classname="JTD.LaravelMCP.Tests.Unit.Server.McpServerTest" assertions="1" time="0.009128"/>
        <testcase name="test_start_is_idempotent" file="/var/www/html/tests/Unit/Server/McpServerTest.php" line="178" class="JTD\LaravelMCP\Tests\Unit\Server\McpServerTest" classname="JTD.LaravelMCP.Tests.Unit.Server.McpServerTest" assertions="1" time="0.006134"/>
        <testcase name="test_can_stop_running_server" file="/var/www/html/tests/Unit/Server/McpServerTest.php" line="193" class="JTD\LaravelMCP\Tests\Unit\Server\McpServerTest" classname="JTD.LaravelMCP.Tests.Unit.Server.McpServerTest" assertions="1" time="0.006933"/>
        <testcase name="test_stop_is_idempotent" file="/var/www/html/tests/Unit/Server/McpServerTest.php" line="206" class="JTD\LaravelMCP\Tests\Unit\Server\McpServerTest" classname="JTD.LaravelMCP.Tests.Unit.Server.McpServerTest" assertions="1" time="0.006378"/>
        <testcase name="test_can_get_server_status" file="/var/www/html/tests/Unit/Server/McpServerTest.php" line="233" class="JTD\LaravelMCP\Tests\Unit\Server\McpServerTest" classname="JTD.LaravelMCP.Tests.Unit.Server.McpServerTest" assertions="8" time="0.005341"/>
        <testcase name="test_can_shutdown_gracefully" file="/var/www/html/tests/Unit/Server/McpServerTest.php" line="401" class="JTD\LaravelMCP\Tests\Unit\Server\McpServerTest" classname="JTD.LaravelMCP.Tests.Unit.Server.McpServerTest" assertions="1" time="0.008567"/>
        <testcase name="test_can_increment_request_count" file="/var/www/html/tests/Unit/Server/McpServerTest.php" line="414" class="JTD\LaravelMCP\Tests\Unit\Server\McpServerTest" classname="JTD.LaravelMCP.Tests.Unit.Server.McpServerTest" assertions="1" time="0.007304"/>
        <testcase name="test_can_increment_error_count" file="/var/www/html/tests/Unit/Server/McpServerTest.php" line="424" class="JTD\LaravelMCP\Tests\Unit\Server\McpServerTest" classname="JTD.LaravelMCP.Tests.Unit.Server.McpServerTest" assertions="1" time="0.005976"/>
        <testcase name="test_handles_start_errors" file="/var/www/html/tests/Unit/Server/McpServerTest.php" line="467" class="JTD\LaravelMCP\Tests\Unit\Server\McpServerTest" classname="JTD.LaravelMCP.Tests.Unit.Server.McpServerTest" assertions="2" time="0.009005"/>
        <testcase name="test_handles_stop_errors" file="/var/www/html/tests/Unit/Server/McpServerTest.php" line="481" class="JTD\LaravelMCP\Tests\Unit\Server\McpServerTest" classname="JTD.LaravelMCP.Tests.Unit.Server.McpServerTest" assertions="2" time="0.006977"/>
        <testcase name="test_can_restart_server" file="/var/www/html/tests/Unit/Server/McpServerTest.php" line="220" class="JTD\LaravelMCP\Tests\Unit\Server\McpServerTest" classname="JTD.LaravelMCP.Tests.Unit.Server.McpServerTest" assertions="1" time="1.007215"/>
        <testcase name="test_implements_server_interface" file="/var/www/html/tests/Unit/Server/McpServerTest.php" line="70" class="JTD\LaravelMCP\Tests\Unit\Server\McpServerTest" classname="JTD.LaravelMCP.Tests.Unit.Server.McpServerTest" assertions="1" time="0.008869"/>
        <testcase name="test_can_create_server_instance" file="/var/www/html/tests/Unit/Server/McpServerTest.php" line="75" class="JTD\LaravelMCP\Tests\Unit\Server\McpServerTest" classname="JTD.LaravelMCP.Tests.Unit.Server.McpServerTest" assertions="1" time="0.006861"/>
        <testcase name="test_server_starts_uninitialized_and_not_running" file="/var/www/html/tests/Unit/Server/McpServerTest.php" line="80" class="JTD\LaravelMCP\Tests\Unit\Server\McpServerTest" classname="JTD.LaravelMCP.Tests.Unit.Server.McpServerTest" assertions="2" time="0.005121"/>
        <testcase name="test_cannot_start_uninitialized_server" file="/var/www/html/tests/Unit/Server/McpServerTest.php" line="170" class="JTD\LaravelMCP\Tests\Unit\Server\McpServerTest" classname="JTD.LaravelMCP.Tests.Unit.Server.McpServerTest" assertions="2" time="0.006042"/>
        <testcase name="test_can_get_server_info" file="/var/www/html/tests/Unit/Server/McpServerTest.php" line="284" class="JTD\LaravelMCP\Tests\Unit\Server\McpServerTest" classname="JTD.LaravelMCP.Tests.Unit.Server.McpServerTest" assertions="1" time="0.006154"/>
        <testcase name="test_can_get_capabilities" file="/var/www/html/tests/Unit/Server/McpServerTest.php" line="301" class="JTD\LaravelMCP\Tests\Unit\Server\McpServerTest" classname="JTD.LaravelMCP.Tests.Unit.Server.McpServerTest" assertions="1" time="0.008143"/>
        <testcase name="test_can_get_uptime" file="/var/www/html/tests/Unit/Server/McpServerTest.php" line="359" class="JTD\LaravelMCP\Tests\Unit\Server\McpServerTest" classname="JTD.LaravelMCP.Tests.Unit.Server.McpServerTest" assertions="1" time="0.010493"/>
        <testcase name="test_can_get_server_health" file="/var/www/html/tests/Unit/Server/McpServerTest.php" line="249" class="JTD\LaravelMCP\Tests\Unit\Server\McpServerTest" classname="JTD.LaravelMCP.Tests.Unit.Server.McpServerTest" assertions="10" time="0.009209"/>
        <testcase name="test_can_set_and_get_configuration" file="/var/www/html/tests/Unit/Server/McpServerTest.php" line="314" class="JTD\LaravelMCP\Tests\Unit\Server\McpServerTest" classname="JTD.LaravelMCP.Tests.Unit.Server.McpServerTest" assertions="2" time="0.005718"/>
        <testcase name="test_can_register_transport" file="/var/www/html/tests/Unit/Server/McpServerTest.php" line="325" class="JTD\LaravelMCP\Tests\Unit\Server\McpServerTest" classname="JTD.LaravelMCP.Tests.Unit.Server.McpServerTest" assertions="1" time="0.005655"/>
        <testcase name="test_can_remove_transport" file="/var/www/html/tests/Unit/Server/McpServerTest.php" line="340" class="JTD\LaravelMCP\Tests\Unit\Server\McpServerTest" classname="JTD.LaravelMCP.Tests.Unit.Server.McpServerTest" assertions="1" time="0.006853"/>
        <testcase name="test_can_get_metrics" file="/var/www/html/tests/Unit/Server/McpServerTest.php" line="372" class="JTD\LaravelMCP\Tests\Unit\Server\McpServerTest" classname="JTD.LaravelMCP.Tests.Unit.Server.McpServerTest" assertions="8" time="0.005713"/>
        <testcase name="test_handles_initialization_errors" file="/var/www/html/tests/Unit/Server/McpServerTest.php" line="455" class="JTD\LaravelMCP\Tests\Unit\Server\McpServerTest" classname="JTD.LaravelMCP.Tests.Unit.Server.McpServerTest" assertions="2" time="0.006524"/>
        <testcase name="test_can_get_diagnostics" file="/var/www/html/tests/Unit/Server/McpServerTest.php" line="434" class="JTD\LaravelMCP\Tests\Unit\Server\McpServerTest" classname="JTD.LaravelMCP.Tests.Unit.Server.McpServerTest" assertions="6" time="0.010901"/>
      </testsuite>
      <testsuite name="JTD\LaravelMCP\Tests\Unit\Server\ServerInfoTest" file="/var/www/html/tests/Unit/Server/ServerInfoTest.php" tests="26" assertions="72" errors="0" failures="0" skipped="0" time="1.165621">
        <testcase name="test_implementation_info_is_correct" file="/var/www/html/tests/Unit/Server/ServerInfoTest.php" line="265" class="JTD\LaravelMCP\Tests\Unit\Server\ServerInfoTest" classname="JTD.LaravelMCP.Tests.Unit.Server.ServerInfoTest" assertions="5" time="0.006571"/>
        <testcase name="test_can_create_server_info_instance" file="/var/www/html/tests/Unit/Server/ServerInfoTest.php" line="20" class="JTD\LaravelMCP\Tests\Unit\Server\ServerInfoTest" classname="JTD.LaravelMCP.Tests.Unit.Server.ServerInfoTest" assertions="1" time="0.004865"/>
        <testcase name="test_can_get_basic_info" file="/var/www/html/tests/Unit/Server/ServerInfoTest.php" line="40" class="JTD\LaravelMCP\Tests\Unit\Server\ServerInfoTest" classname="JTD.LaravelMCP.Tests.Unit.Server.ServerInfoTest" assertions="3" time="0.005130"/>
        <testcase name="test_can_get_protocol_version" file="/var/www/html/tests/Unit/Server/ServerInfoTest.php" line="49" class="JTD\LaravelMCP\Tests\Unit\Server\ServerInfoTest" classname="JTD.LaravelMCP.Tests.Unit.Server.ServerInfoTest" assertions="1" time="0.007412"/>
        <testcase name="test_can_get_uptime" file="/var/www/html/tests/Unit/Server/ServerInfoTest.php" line="56" class="JTD\LaravelMCP\Tests\Unit\Server\ServerInfoTest" classname="JTD.LaravelMCP.Tests.Unit.Server.ServerInfoTest" assertions="3" time="0.005221"/>
        <testcase name="test_can_get_start_time" file="/var/www/html/tests/Unit/Server/ServerInfoTest.php" line="64" class="JTD\LaravelMCP\Tests\Unit\Server\ServerInfoTest" classname="JTD.LaravelMCP.Tests.Unit.Server.ServerInfoTest" assertions="3" time="0.005974"/>
        <testcase name="test_can_get_version" file="/var/www/html/tests/Unit/Server/ServerInfoTest.php" line="80" class="JTD\LaravelMCP\Tests\Unit\Server\ServerInfoTest" classname="JTD.LaravelMCP.Tests.Unit.Server.ServerInfoTest" assertions="2" time="0.005233"/>
        <testcase name="test_can_get_description" file="/var/www/html/tests/Unit/Server/ServerInfoTest.php" line="88" class="JTD\LaravelMCP\Tests\Unit\Server\ServerInfoTest" classname="JTD.LaravelMCP.Tests.Unit.Server.ServerInfoTest" assertions="2" time="0.004736"/>
        <testcase name="test_can_get_vendor" file="/var/www/html/tests/Unit/Server/ServerInfoTest.php" line="96" class="JTD\LaravelMCP\Tests\Unit\Server\ServerInfoTest" classname="JTD.LaravelMCP.Tests.Unit.Server.ServerInfoTest" assertions="2" time="0.004806"/>
        <testcase name="test_can_set_name" file="/var/www/html/tests/Unit/Server/ServerInfoTest.php" line="104" class="JTD\LaravelMCP\Tests\Unit\Server\ServerInfoTest" classname="JTD.LaravelMCP.Tests.Unit.Server.ServerInfoTest" assertions="1" time="0.005850"/>
        <testcase name="test_can_set_version" file="/var/www/html/tests/Unit/Server/ServerInfoTest.php" line="112" class="JTD\LaravelMCP\Tests\Unit\Server\ServerInfoTest" classname="JTD.LaravelMCP.Tests.Unit.Server.ServerInfoTest" assertions="1" time="0.004776"/>
        <testcase name="test_can_set_description" file="/var/www/html/tests/Unit/Server/ServerInfoTest.php" line="120" class="JTD\LaravelMCP\Tests\Unit\Server\ServerInfoTest" classname="JTD.LaravelMCP.Tests.Unit.Server.ServerInfoTest" assertions="1" time="0.004692"/>
        <testcase name="test_can_update_server_info" file="/var/www/html/tests/Unit/Server/ServerInfoTest.php" line="136" class="JTD\LaravelMCP\Tests\Unit\Server\ServerInfoTest" classname="JTD.LaravelMCP.Tests.Unit.Server.ServerInfoTest" assertions="2" time="0.005636"/>
        <testcase name="test_can_update_runtime_info" file="/var/www/html/tests/Unit/Server/ServerInfoTest.php" line="149" class="JTD\LaravelMCP\Tests\Unit\Server\ServerInfoTest" classname="JTD.LaravelMCP.Tests.Unit.Server.ServerInfoTest" assertions="2" time="0.005194"/>
        <testcase name="test_can_get_status" file="/var/www/html/tests/Unit/Server/ServerInfoTest.php" line="162" class="JTD\LaravelMCP\Tests\Unit\Server\ServerInfoTest" classname="JTD.LaravelMCP.Tests.Unit.Server.ServerInfoTest" assertions="7" time="0.008204"/>
        <testcase name="test_can_get_formatted_uptime" file="/var/www/html/tests/Unit/Server/ServerInfoTest.php" line="185" class="JTD\LaravelMCP\Tests\Unit\Server\ServerInfoTest" classname="JTD.LaravelMCP.Tests.Unit.Server.ServerInfoTest" assertions="2" time="0.009319"/>
        <testcase name="test_can_convert_to_json" file="/var/www/html/tests/Unit/Server/ServerInfoTest.php" line="204" class="JTD\LaravelMCP\Tests\Unit\Server\ServerInfoTest" classname="JTD.LaravelMCP.Tests.Unit.Server.ServerInfoTest" assertions="3" time="0.008715"/>
        <testcase name="test_can_convert_to_array" file="/var/www/html/tests/Unit/Server/ServerInfoTest.php" line="215" class="JTD\LaravelMCP\Tests\Unit\Server\ServerInfoTest" classname="JTD.LaravelMCP.Tests.Unit.Server.ServerInfoTest" assertions="3" time="0.009518"/>
        <testcase name="test_respects_configuration" file="/var/www/html/tests/Unit/Server/ServerInfoTest.php" line="224" class="JTD\LaravelMCP\Tests\Unit\Server\ServerInfoTest" classname="JTD.LaravelMCP.Tests.Unit.Server.ServerInfoTest" assertions="4" time="0.006849"/>
        <testcase name="test_runtime_info_contains_required_fields" file="/var/www/html/tests/Unit/Server/ServerInfoTest.php" line="253" class="JTD\LaravelMCP\Tests\Unit\Server\ServerInfoTest" classname="JTD.LaravelMCP.Tests.Unit.Server.ServerInfoTest" assertions="5" time="0.006174"/>
        <testcase name="test_has_default_server_information" file="/var/www/html/tests/Unit/Server/ServerInfoTest.php" line="25" class="JTD\LaravelMCP\Tests\Unit\Server\ServerInfoTest" classname="JTD.LaravelMCP.Tests.Unit.Server.ServerInfoTest" assertions="9" time="0.006584"/>
        <testcase name="test_can_get_name" file="/var/www/html/tests/Unit/Server/ServerInfoTest.php" line="72" class="JTD\LaravelMCP\Tests\Unit\Server\ServerInfoTest" classname="JTD.LaravelMCP.Tests.Unit.Server.ServerInfoTest" assertions="2" time="0.005673"/>
        <testcase name="test_can_set_vendor" file="/var/www/html/tests/Unit/Server/ServerInfoTest.php" line="128" class="JTD\LaravelMCP\Tests\Unit\Server\ServerInfoTest" classname="JTD.LaravelMCP.Tests.Unit.Server.ServerInfoTest" assertions="1" time="0.006197"/>
        <testcase name="test_can_get_detailed_info" file="/var/www/html/tests/Unit/Server/ServerInfoTest.php" line="175" class="JTD\LaravelMCP\Tests\Unit\Server\ServerInfoTest" classname="JTD.LaravelMCP.Tests.Unit.Server.ServerInfoTest" assertions="4" time="0.006278"/>
        <testcase name="test_respects_environment_variables" file="/var/www/html/tests/Unit/Server/ServerInfoTest.php" line="239" class="JTD\LaravelMCP\Tests\Unit\Server\ServerInfoTest" classname="JTD.LaravelMCP.Tests.Unit.Server.ServerInfoTest" assertions="2" time="0.007311"/>
        <testcase name="test_can_reset_start_time" file="/var/www/html/tests/Unit/Server/ServerInfoTest.php" line="193" class="JTD\LaravelMCP\Tests\Unit\Server\ServerInfoTest" classname="JTD.LaravelMCP.Tests.Unit.Server.ServerInfoTest" assertions="1" time="1.008702"/>
      </testsuite>
      <testsuite name="JTD\LaravelMCP\Tests\Unit\Traits\HandlesMcpRequestsTest" file="/var/www/html/tests/Unit/Traits/HandlesMcpRequestsTest.php" tests="24" assertions="57" errors="0" failures="0" skipped="0" time="0.150701">
        <testcase name="test_process_request_success" file="/var/www/html/tests/Unit/Traits/HandlesMcpRequestsTest.php" line="54" class="JTD\LaravelMCP\Tests\Unit\Traits\HandlesMcpRequestsTest" classname="JTD.LaravelMCP.Tests.Unit.Traits.HandlesMcpRequestsTest" assertions="3" time="0.006673"/>
        <testcase name="test_process_request_with_mcp_exception" file="/var/www/html/tests/Unit/Traits/HandlesMcpRequestsTest.php" line="73" class="JTD\LaravelMCP\Tests\Unit\Traits\HandlesMcpRequestsTest" classname="JTD.LaravelMCP.Tests.Unit.Traits.HandlesMcpRequestsTest" assertions="5" time="0.005468"/>
        <testcase name="test_process_request_with_generic_exception" file="/var/www/html/tests/Unit/Traits/HandlesMcpRequestsTest.php" line="91" class="JTD\LaravelMCP\Tests\Unit\Traits\HandlesMcpRequestsTest" classname="JTD.LaravelMCP.Tests.Unit.Traits.HandlesMcpRequestsTest" assertions="5" time="0.005480"/>
        <testcase name="test_create_error_response_with_data" file="/var/www/html/tests/Unit/Traits/HandlesMcpRequestsTest.php" line="137" class="JTD\LaravelMCP\Tests\Unit\Traits\HandlesMcpRequestsTest" classname="JTD.LaravelMCP.Tests.Unit.Traits.HandlesMcpRequestsTest" assertions="2" time="0.005976"/>
        <testcase name="test_validate_required_params_all_present" file="/var/www/html/tests/Unit/Traits/HandlesMcpRequestsTest.php" line="150" class="JTD\LaravelMCP\Tests\Unit\Traits\HandlesMcpRequestsTest" classname="JTD.LaravelMCP.Tests.Unit.Traits.HandlesMcpRequestsTest" assertions="1" time="0.005768"/>
        <testcase name="test_validate_required_params_missing" file="/var/www/html/tests/Unit/Traits/HandlesMcpRequestsTest.php" line="163" class="JTD\LaravelMCP\Tests\Unit\Traits\HandlesMcpRequestsTest" classname="JTD.LaravelMCP.Tests.Unit.Traits.HandlesMcpRequestsTest" assertions="3" time="0.005979"/>
        <testcase name="test_extract_params_with_required" file="/var/www/html/tests/Unit/Traits/HandlesMcpRequestsTest.php" line="178" class="JTD\LaravelMCP\Tests\Unit\Traits\HandlesMcpRequestsTest" classname="JTD.LaravelMCP.Tests.Unit.Traits.HandlesMcpRequestsTest" assertions="1" time="0.007909"/>
        <testcase name="test_extract_params_missing_required" file="/var/www/html/tests/Unit/Traits/HandlesMcpRequestsTest.php" line="194" class="JTD\LaravelMCP\Tests\Unit\Traits\HandlesMcpRequestsTest" classname="JTD.LaravelMCP.Tests.Unit.Traits.HandlesMcpRequestsTest" assertions="2" time="0.005914"/>
        <testcase name="test_extract_params_with_defaults" file="/var/www/html/tests/Unit/Traits/HandlesMcpRequestsTest.php" line="211" class="JTD\LaravelMCP\Tests\Unit\Traits\HandlesMcpRequestsTest" classname="JTD.LaravelMCP.Tests.Unit.Traits.HandlesMcpRequestsTest" assertions="1" time="0.006737"/>
        <testcase name="test_validate_param_with_type" file="/var/www/html/tests/Unit/Traits/HandlesMcpRequestsTest.php" line="232" class="JTD\LaravelMCP\Tests\Unit\Traits\HandlesMcpRequestsTest" classname="JTD.LaravelMCP.Tests.Unit.Traits.HandlesMcpRequestsTest" assertions="1" time="0.007661"/>
        <testcase name="test_validate_param_with_custom_validator" file="/var/www/html/tests/Unit/Traits/HandlesMcpRequestsTest.php" line="243" class="JTD\LaravelMCP\Tests\Unit\Traits\HandlesMcpRequestsTest" classname="JTD.LaravelMCP.Tests.Unit.Traits.HandlesMcpRequestsTest" assertions="1" time="0.005488"/>
        <testcase name="test_validate_param_type_string" file="/var/www/html/tests/Unit/Traits/HandlesMcpRequestsTest.php" line="258" class="JTD\LaravelMCP\Tests\Unit\Traits\HandlesMcpRequestsTest" classname="JTD.LaravelMCP.Tests.Unit.Traits.HandlesMcpRequestsTest" assertions="3" time="0.004856"/>
        <testcase name="test_validate_param_type_integer" file="/var/www/html/tests/Unit/Traits/HandlesMcpRequestsTest.php" line="273" class="JTD\LaravelMCP\Tests\Unit\Traits\HandlesMcpRequestsTest" classname="JTD.LaravelMCP.Tests.Unit.Traits.HandlesMcpRequestsTest" assertions="3" time="0.005427"/>
        <testcase name="test_validate_param_type_array" file="/var/www/html/tests/Unit/Traits/HandlesMcpRequestsTest.php" line="288" class="JTD\LaravelMCP\Tests\Unit\Traits\HandlesMcpRequestsTest" classname="JTD.LaravelMCP.Tests.Unit.Traits.HandlesMcpRequestsTest" assertions="3" time="0.005316"/>
        <testcase name="test_validate_param_type_object" file="/var/www/html/tests/Unit/Traits/HandlesMcpRequestsTest.php" line="303" class="JTD\LaravelMCP\Tests\Unit\Traits\HandlesMcpRequestsTest" classname="JTD.LaravelMCP.Tests.Unit.Traits.HandlesMcpRequestsTest" assertions="4" time="0.005077"/>
        <testcase name="test_get_component_name" file="/var/www/html/tests/Unit/Traits/HandlesMcpRequestsTest.php" line="322" class="JTD\LaravelMCP\Tests\Unit\Traits\HandlesMcpRequestsTest" classname="JTD.LaravelMCP.Tests.Unit.Traits.HandlesMcpRequestsTest" assertions="2" time="0.007095"/>
        <testcase name="test_log_request_with_debug_disabled" file="/var/www/html/tests/Unit/Traits/HandlesMcpRequestsTest.php" line="346" class="JTD\LaravelMCP\Tests\Unit\Traits\HandlesMcpRequestsTest" classname="JTD.LaravelMCP.Tests.Unit.Traits.HandlesMcpRequestsTest" assertions="1" time="0.008265"/>
        <testcase name="test_success_response_includes_timestamp" file="/var/www/html/tests/Unit/Traits/HandlesMcpRequestsTest.php" line="426" class="JTD\LaravelMCP\Tests\Unit\Traits\HandlesMcpRequestsTest" classname="JTD.LaravelMCP.Tests.Unit.Traits.HandlesMcpRequestsTest" assertions="2" time="0.008668"/>
        <testcase name="test_create_success_response" file="/var/www/html/tests/Unit/Traits/HandlesMcpRequestsTest.php" line="109" class="JTD\LaravelMCP\Tests\Unit\Traits\HandlesMcpRequestsTest" classname="JTD.LaravelMCP.Tests.Unit.Traits.HandlesMcpRequestsTest" assertions="3" time="0.006522"/>
        <testcase name="test_create_error_response_without_data" file="/var/www/html/tests/Unit/Traits/HandlesMcpRequestsTest.php" line="123" class="JTD\LaravelMCP\Tests\Unit\Traits\HandlesMcpRequestsTest" classname="JTD.LaravelMCP.Tests.Unit.Traits.HandlesMcpRequestsTest" assertions="5" time="0.005857"/>
        <testcase name="test_log_response_with_debug_enabled" file="/var/www/html/tests/Unit/Traits/HandlesMcpRequestsTest.php" line="358" class="JTD\LaravelMCP\Tests\Unit\Traits\HandlesMcpRequestsTest" classname="JTD.LaravelMCP.Tests.Unit.Traits.HandlesMcpRequestsTest" assertions="1" time="0.006408"/>
        <testcase name="test_complex_parameter_extraction" file="/var/www/html/tests/Unit/Traits/HandlesMcpRequestsTest.php" line="370" class="JTD\LaravelMCP\Tests\Unit\Traits\HandlesMcpRequestsTest" classname="JTD.LaravelMCP.Tests.Unit.Traits.HandlesMcpRequestsTest" assertions="2" time="0.005661"/>
        <testcase name="test_error_response_includes_timestamp" file="/var/www/html/tests/Unit/Traits/HandlesMcpRequestsTest.php" line="415" class="JTD\LaravelMCP\Tests\Unit\Traits\HandlesMcpRequestsTest" classname="JTD.LaravelMCP.Tests.Unit.Traits.HandlesMcpRequestsTest" assertions="2" time="0.005424"/>
        <testcase name="test_log_request_with_debug_enabled" file="/var/www/html/tests/Unit/Traits/HandlesMcpRequestsTest.php" line="334" class="JTD\LaravelMCP\Tests\Unit\Traits\HandlesMcpRequestsTest" classname="JTD.LaravelMCP.Tests.Unit.Traits.HandlesMcpRequestsTest" assertions="1" time="0.007072"/>
      </testsuite>
      <testsuite name="JTD\LaravelMCP\Tests\Unit\Traits\ValidatesParametersTest" file="/var/www/html/tests/Unit/Traits/ValidatesParametersTest.php" tests="24" assertions="70" errors="0" failures="0" skipped="0" time="0.160522">
        <testcase name="test_validate_field_type_integer" file="/var/www/html/tests/Unit/Traits/ValidatesParametersTest.php" line="130" class="JTD\LaravelMCP\Tests\Unit\Traits\ValidatesParametersTest" classname="JTD.LaravelMCP.Tests.Unit.Traits.ValidatesParametersTest" assertions="4" time="0.004878"/>
        <testcase name="test_validate_field_type_number" file="/var/www/html/tests/Unit/Traits/ValidatesParametersTest.php" line="149" class="JTD\LaravelMCP\Tests\Unit\Traits\ValidatesParametersTest" classname="JTD.LaravelMCP.Tests.Unit.Traits.ValidatesParametersTest" assertions="3" time="0.005243"/>
        <testcase name="test_validate_field_type_array" file="/var/www/html/tests/Unit/Traits/ValidatesParametersTest.php" line="182" class="JTD\LaravelMCP\Tests\Unit\Traits\ValidatesParametersTest" classname="JTD.LaravelMCP.Tests.Unit.Traits.ValidatesParametersTest" assertions="3" time="0.005431"/>
        <testcase name="test_validate_field_format_uuid" file="/var/www/html/tests/Unit/Traits/ValidatesParametersTest.php" line="293" class="JTD\LaravelMCP\Tests\Unit\Traits\ValidatesParametersTest" classname="JTD.LaravelMCP.Tests.Unit.Traits.ValidatesParametersTest" assertions="3" time="0.005086"/>
        <testcase name="test_validate_field_length_string" file="/var/www/html/tests/Unit/Traits/ValidatesParametersTest.php" line="309" class="JTD\LaravelMCP\Tests\Unit\Traits\ValidatesParametersTest" classname="JTD.LaravelMCP.Tests.Unit.Traits.ValidatesParametersTest" assertions="3" time="0.005928"/>
        <testcase name="test_validate_field_length_array" file="/var/www/html/tests/Unit/Traits/ValidatesParametersTest.php" line="326" class="JTD\LaravelMCP\Tests\Unit\Traits\ValidatesParametersTest" classname="JTD.LaravelMCP.Tests.Unit.Traits.ValidatesParametersTest" assertions="3" time="0.007914"/>
        <testcase name="test_validate_field_range" file="/var/www/html/tests/Unit/Traits/ValidatesParametersTest.php" line="343" class="JTD\LaravelMCP\Tests\Unit\Traits\ValidatesParametersTest" classname="JTD.LaravelMCP.Tests.Unit.Traits.ValidatesParametersTest" assertions="3" time="0.008097"/>
        <testcase name="test_validate_field_enum" file="/var/www/html/tests/Unit/Traits/ValidatesParametersTest.php" line="360" class="JTD\LaravelMCP\Tests\Unit\Traits\ValidatesParametersTest" classname="JTD.LaravelMCP.Tests.Unit.Traits.ValidatesParametersTest" assertions="3" time="0.007777"/>
        <testcase name="test_validate_field_pattern" file="/var/www/html/tests/Unit/Traits/ValidatesParametersTest.php" line="377" class="JTD\LaravelMCP\Tests\Unit\Traits\ValidatesParametersTest" classname="JTD.LaravelMCP.Tests.Unit.Traits.ValidatesParametersTest" assertions="3" time="0.005625"/>
        <testcase name="test_validate_field_with_custom_validator" file="/var/www/html/tests/Unit/Traits/ValidatesParametersTest.php" line="394" class="JTD\LaravelMCP\Tests\Unit\Traits\ValidatesParametersTest" classname="JTD.LaravelMCP.Tests.Unit.Traits.ValidatesParametersTest" assertions="5" time="0.005838"/>
        <testcase name="test_complex_schema_validation" file="/var/www/html/tests/Unit/Traits/ValidatesParametersTest.php" line="431" class="JTD\LaravelMCP\Tests\Unit\Traits\ValidatesParametersTest" classname="JTD.LaravelMCP.Tests.Unit.Traits.ValidatesParametersTest" assertions="2" time="0.005214"/>
        <testcase name="test_is_required" file="/var/www/html/tests/Unit/Traits/ValidatesParametersTest.php" line="466" class="JTD\LaravelMCP\Tests\Unit\Traits\ValidatesParametersTest" classname="JTD.LaravelMCP.Tests.Unit.Traits.ValidatesParametersTest" assertions="3" time="0.005100"/>
        <testcase name="test_get_validation_error_summary" file="/var/www/html/tests/Unit/Traits/ValidatesParametersTest.php" line="476" class="JTD\LaravelMCP\Tests\Unit\Traits\ValidatesParametersTest" classname="JTD.LaravelMCP.Tests.Unit.Traits.ValidatesParametersTest" assertions="3" time="0.005393"/>
        <testcase name="test_validate_schema_with_valid_params" file="/var/www/html/tests/Unit/Traits/ValidatesParametersTest.php" line="53" class="JTD\LaravelMCP\Tests\Unit\Traits\ValidatesParametersTest" classname="JTD.LaravelMCP.Tests.Unit.Traits.ValidatesParametersTest" assertions="1" time="0.005869"/>
        <testcase name="test_validate_field_type_string" file="/var/www/html/tests/Unit/Traits/ValidatesParametersTest.php" line="115" class="JTD\LaravelMCP\Tests\Unit\Traits\ValidatesParametersTest" classname="JTD.LaravelMCP.Tests.Unit.Traits.ValidatesParametersTest" assertions="3" time="0.007522"/>
        <testcase name="test_validate_field_type_boolean" file="/var/www/html/tests/Unit/Traits/ValidatesParametersTest.php" line="166" class="JTD\LaravelMCP\Tests\Unit\Traits\ValidatesParametersTest" classname="JTD.LaravelMCP.Tests.Unit.Traits.ValidatesParametersTest" assertions="3" time="0.006685"/>
        <testcase name="test_validate_field_type_object" file="/var/www/html/tests/Unit/Traits/ValidatesParametersTest.php" line="197" class="JTD\LaravelMCP\Tests\Unit\Traits\ValidatesParametersTest" classname="JTD.LaravelMCP.Tests.Unit.Traits.ValidatesParametersTest" assertions="3" time="0.007301"/>
        <testcase name="test_validate_field_type_null" file="/var/www/html/tests/Unit/Traits/ValidatesParametersTest.php" line="215" class="JTD\LaravelMCP\Tests\Unit\Traits\ValidatesParametersTest" classname="JTD.LaravelMCP.Tests.Unit.Traits.ValidatesParametersTest" assertions="3" time="0.008070"/>
        <testcase name="test_validate_field_format_url" file="/var/www/html/tests/Unit/Traits/ValidatesParametersTest.php" line="245" class="JTD\LaravelMCP\Tests\Unit\Traits\ValidatesParametersTest" classname="JTD.LaravelMCP.Tests.Unit.Traits.ValidatesParametersTest" assertions="3" time="0.006993"/>
        <testcase name="test_validate_field_format_uri" file="/var/www/html/tests/Unit/Traits/ValidatesParametersTest.php" line="260" class="JTD\LaravelMCP\Tests\Unit\Traits\ValidatesParametersTest" classname="JTD.LaravelMCP.Tests.Unit.Traits.ValidatesParametersTest" assertions="4" time="0.005392"/>
        <testcase name="test_validate_field_format_datetime" file="/var/www/html/tests/Unit/Traits/ValidatesParametersTest.php" line="278" class="JTD\LaravelMCP\Tests\Unit\Traits\ValidatesParametersTest" classname="JTD.LaravelMCP.Tests.Unit.Traits.ValidatesParametersTest" assertions="3" time="0.011362"/>
        <testcase name="test_validate_schema_missing_required" file="/var/www/html/tests/Unit/Traits/ValidatesParametersTest.php" line="75" class="JTD\LaravelMCP\Tests\Unit\Traits\ValidatesParametersTest" classname="JTD.LaravelMCP.Tests.Unit.Traits.ValidatesParametersTest" assertions="2" time="0.006514"/>
        <testcase name="test_validate_schema_with_defaults" file="/var/www/html/tests/Unit/Traits/ValidatesParametersTest.php" line="93" class="JTD\LaravelMCP\Tests\Unit\Traits\ValidatesParametersTest" classname="JTD.LaravelMCP.Tests.Unit.Traits.ValidatesParametersTest" assertions="1" time="0.007772"/>
        <testcase name="test_validate_field_format_email" file="/var/www/html/tests/Unit/Traits/ValidatesParametersTest.php" line="230" class="JTD\LaravelMCP\Tests\Unit\Traits\ValidatesParametersTest" classname="JTD.LaravelMCP.Tests.Unit.Traits.ValidatesParametersTest" assertions="3" time="0.009517"/>
      </testsuite>
      <testsuite name="JTD\LaravelMCP\Tests\Unit\Transport\Contracts\MessageHandlerInterfaceTest" file="/var/www/html/tests/Unit/Transport/Contracts/MessageHandlerInterfaceTest.php" tests="16" assertions="53" errors="0" failures="0" skipped="0" time="0.097340">
        <testcase name="test_handle_valid_message_returns_response" file="/var/www/html/tests/Unit/Transport/Contracts/MessageHandlerInterfaceTest.php" line="35" class="JTD\LaravelMCP\Tests\Unit\Transport\Contracts\MessageHandlerInterfaceTest" classname="JTD.LaravelMCP.Tests.Unit.Transport.Contracts.MessageHandlerInterfaceTest" assertions="2" time="0.007569"/>
        <testcase name="test_handle_notification_returns_null" file="/var/www/html/tests/Unit/Transport/Contracts/MessageHandlerInterfaceTest.php" line="63" class="JTD\LaravelMCP\Tests\Unit\Transport\Contracts\MessageHandlerInterfaceTest" classname="JTD.LaravelMCP.Tests.Unit.Transport.Contracts.MessageHandlerInterfaceTest" assertions="2" time="0.005408"/>
        <testcase name="test_handle_complex_message" file="/var/www/html/tests/Unit/Transport/Contracts/MessageHandlerInterfaceTest.php" line="84" class="JTD\LaravelMCP\Tests\Unit\Transport\Contracts\MessageHandlerInterfaceTest" classname="JTD.LaravelMCP.Tests.Unit.Transport.Contracts.MessageHandlerInterfaceTest" assertions="2" time="0.005697"/>
        <testcase name="test_handle_error_with_exception" file="/var/www/html/tests/Unit/Transport/Contracts/MessageHandlerInterfaceTest.php" line="127" class="JTD\LaravelMCP\Tests\Unit\Transport\Contracts\MessageHandlerInterfaceTest" classname="JTD.LaravelMCP.Tests.Unit.Transport.Contracts.MessageHandlerInterfaceTest" assertions="1" time="0.005205"/>
        <testcase name="test_handle_error_with_different_types" file="/var/www/html/tests/Unit/Transport/Contracts/MessageHandlerInterfaceTest.php" line="142" class="JTD\LaravelMCP\Tests\Unit\Transport\Contracts\MessageHandlerInterfaceTest" classname="JTD.LaravelMCP.Tests.Unit.Transport.Contracts.MessageHandlerInterfaceTest" assertions="7" time="0.004746"/>
        <testcase name="test_on_connect" file="/var/www/html/tests/Unit/Transport/Contracts/MessageHandlerInterfaceTest.php" line="169" class="JTD\LaravelMCP\Tests\Unit\Transport\Contracts\MessageHandlerInterfaceTest" classname="JTD.LaravelMCP.Tests.Unit.Transport.Contracts.MessageHandlerInterfaceTest" assertions="1" time="0.006109"/>
        <testcase name="test_on_disconnect" file="/var/www/html/tests/Unit/Transport/Contracts/MessageHandlerInterfaceTest.php" line="182" class="JTD\LaravelMCP\Tests\Unit\Transport\Contracts\MessageHandlerInterfaceTest" classname="JTD.LaravelMCP.Tests.Unit.Transport.Contracts.MessageHandlerInterfaceTest" assertions="1" time="0.007306"/>
        <testcase name="test_can_handle_supported_message" file="/var/www/html/tests/Unit/Transport/Contracts/MessageHandlerInterfaceTest.php" line="195" class="JTD\LaravelMCP\Tests\Unit\Transport\Contracts\MessageHandlerInterfaceTest" classname="JTD.LaravelMCP.Tests.Unit.Transport.Contracts.MessageHandlerInterfaceTest" assertions="2" time="0.005653"/>
        <testcase name="test_can_handle_unsupported_message" file="/var/www/html/tests/Unit/Transport/Contracts/MessageHandlerInterfaceTest.php" line="215" class="JTD\LaravelMCP\Tests\Unit\Transport\Contracts\MessageHandlerInterfaceTest" classname="JTD.LaravelMCP.Tests.Unit.Transport.Contracts.MessageHandlerInterfaceTest" assertions="2" time="0.007487"/>
        <testcase name="test_get_supported_message_types" file="/var/www/html/tests/Unit/Transport/Contracts/MessageHandlerInterfaceTest.php" line="266" class="JTD\LaravelMCP\Tests\Unit\Transport\Contracts\MessageHandlerInterfaceTest" classname="JTD.LaravelMCP.Tests.Unit.Transport.Contracts.MessageHandlerInterfaceTest" assertions="2" time="0.007838"/>
        <testcase name="test_get_supported_message_types_empty" file="/var/www/html/tests/Unit/Transport/Contracts/MessageHandlerInterfaceTest.php" line="293" class="JTD\LaravelMCP\Tests\Unit\Transport\Contracts\MessageHandlerInterfaceTest" classname="JTD.LaravelMCP.Tests.Unit.Transport.Contracts.MessageHandlerInterfaceTest" assertions="2" time="0.006078"/>
        <testcase name="test_lifecycle_events_sequence" file="/var/www/html/tests/Unit/Transport/Contracts/MessageHandlerInterfaceTest.php" line="308" class="JTD\LaravelMCP\Tests\Unit\Transport\Contracts\MessageHandlerInterfaceTest" classname="JTD.LaravelMCP.Tests.Unit.Transport.Contracts.MessageHandlerInterfaceTest" assertions="2" time="0.005882"/>
        <testcase name="test_error_handling_isolation" file="/var/www/html/tests/Unit/Transport/Contracts/MessageHandlerInterfaceTest.php" line="385" class="JTD\LaravelMCP\Tests\Unit\Transport\Contracts\MessageHandlerInterfaceTest" classname="JTD.LaravelMCP.Tests.Unit.Transport.Contracts.MessageHandlerInterfaceTest" assertions="2" time="0.006197"/>
        <testcase name="test_check_specific_message_type_support" file="/var/www/html/tests/Unit/Transport/Contracts/MessageHandlerInterfaceTest.php" line="413" class="JTD\LaravelMCP\Tests\Unit\Transport\Contracts\MessageHandlerInterfaceTest" classname="JTD.LaravelMCP.Tests.Unit.Transport.Contracts.MessageHandlerInterfaceTest" assertions="5" time="0.004910"/>
        <testcase name="test_can_handle_various_formats" file="/var/www/html/tests/Unit/Transport/Contracts/MessageHandlerInterfaceTest.php" line="235" class="JTD\LaravelMCP\Tests\Unit\Transport\Contracts\MessageHandlerInterfaceTest" classname="JTD.LaravelMCP.Tests.Unit.Transport.Contracts.MessageHandlerInterfaceTest" assertions="7" time="0.004862"/>
        <testcase name="test_handle_multiple_messages" file="/var/www/html/tests/Unit/Transport/Contracts/MessageHandlerInterfaceTest.php" line="346" class="JTD\LaravelMCP\Tests\Unit\Transport\Contracts\MessageHandlerInterfaceTest" classname="JTD.LaravelMCP.Tests.Unit.Transport.Contracts.MessageHandlerInterfaceTest" assertions="13" time="0.006393"/>
      </testsuite>
      <testsuite name="JTD\LaravelMCP\Tests\Unit\Transport\Contracts\TransportInterfaceTest" file="/var/www/html/tests/Unit/Transport/Contracts/TransportInterfaceTest.php" tests="17" assertions="37" errors="0" failures="0" skipped="0" time="0.099763">
        <testcase name="test_initialize_without_config" file="/var/www/html/tests/Unit/Transport/Contracts/TransportInterfaceTest.php" line="54" class="JTD\LaravelMCP\Tests\Unit\Transport\Contracts\TransportInterfaceTest" classname="JTD.LaravelMCP.Tests.Unit.Transport.Contracts.TransportInterfaceTest" assertions="1" time="0.005289"/>
        <testcase name="test_listen_starts_listening" file="/var/www/html/tests/Unit/Transport/Contracts/TransportInterfaceTest.php" line="67" class="JTD\LaravelMCP\Tests\Unit\Transport\Contracts\TransportInterfaceTest" classname="JTD.LaravelMCP.Tests.Unit.Transport.Contracts.TransportInterfaceTest" assertions="1" time="0.004996"/>
        <testcase name="test_send_message" file="/var/www/html/tests/Unit/Transport/Contracts/TransportInterfaceTest.php" line="79" class="JTD\LaravelMCP\Tests\Unit\Transport\Contracts\TransportInterfaceTest" classname="JTD.LaravelMCP.Tests.Unit.Transport.Contracts.TransportInterfaceTest" assertions="1" time="0.006247"/>
        <testcase name="test_send_complex_message" file="/var/www/html/tests/Unit/Transport/Contracts/TransportInterfaceTest.php" line="99" class="JTD\LaravelMCP\Tests\Unit\Transport\Contracts\TransportInterfaceTest" classname="JTD.LaravelMCP.Tests.Unit.Transport.Contracts.TransportInterfaceTest" assertions="1" time="0.004970"/>
        <testcase name="test_receive_returns_message" file="/var/www/html/tests/Unit/Transport/Contracts/TransportInterfaceTest.php" line="123" class="JTD\LaravelMCP\Tests\Unit\Transport\Contracts\TransportInterfaceTest" classname="JTD.LaravelMCP.Tests.Unit.Transport.Contracts.TransportInterfaceTest" assertions="2" time="0.004438"/>
        <testcase name="test_receive_returns_null_when_no_message" file="/var/www/html/tests/Unit/Transport/Contracts/TransportInterfaceTest.php" line="144" class="JTD\LaravelMCP\Tests\Unit\Transport\Contracts\TransportInterfaceTest" classname="JTD.LaravelMCP.Tests.Unit.Transport.Contracts.TransportInterfaceTest" assertions="2" time="0.006017"/>
        <testcase name="test_close_connection" file="/var/www/html/tests/Unit/Transport/Contracts/TransportInterfaceTest.php" line="159" class="JTD\LaravelMCP\Tests\Unit\Transport\Contracts\TransportInterfaceTest" classname="JTD.LaravelMCP.Tests.Unit.Transport.Contracts.TransportInterfaceTest" assertions="1" time="0.005364"/>
        <testcase name="test_is_connected_returns_true" file="/var/www/html/tests/Unit/Transport/Contracts/TransportInterfaceTest.php" line="171" class="JTD\LaravelMCP\Tests\Unit\Transport\Contracts\TransportInterfaceTest" classname="JTD.LaravelMCP.Tests.Unit.Transport.Contracts.TransportInterfaceTest" assertions="2" time="0.006973"/>
        <testcase name="test_is_connected_returns_false" file="/var/www/html/tests/Unit/Transport/Contracts/TransportInterfaceTest.php" line="184" class="JTD\LaravelMCP\Tests\Unit\Transport\Contracts\TransportInterfaceTest" classname="JTD.LaravelMCP.Tests.Unit.Transport.Contracts.TransportInterfaceTest" assertions="2" time="0.007423"/>
        <testcase name="test_get_config" file="/var/www/html/tests/Unit/Transport/Contracts/TransportInterfaceTest.php" line="197" class="JTD\LaravelMCP\Tests\Unit\Transport\Contracts\TransportInterfaceTest" classname="JTD.LaravelMCP.Tests.Unit.Transport.Contracts.TransportInterfaceTest" assertions="2" time="0.007521"/>
        <testcase name="test_get_config_returns_empty_array" file="/var/www/html/tests/Unit/Transport/Contracts/TransportInterfaceTest.php" line="218" class="JTD\LaravelMCP\Tests\Unit\Transport\Contracts\TransportInterfaceTest" classname="JTD.LaravelMCP.Tests.Unit.Transport.Contracts.TransportInterfaceTest" assertions="2" time="0.006721"/>
        <testcase name="test_set_message_handler" file="/var/www/html/tests/Unit/Transport/Contracts/TransportInterfaceTest.php" line="233" class="JTD\LaravelMCP\Tests\Unit\Transport\Contracts\TransportInterfaceTest" classname="JTD.LaravelMCP.Tests.Unit.Transport.Contracts.TransportInterfaceTest" assertions="1" time="0.004971"/>
        <testcase name="test_transport_lifecycle" file="/var/www/html/tests/Unit/Transport/Contracts/TransportInterfaceTest.php" line="246" class="JTD\LaravelMCP\Tests\Unit\Transport\Contracts\TransportInterfaceTest" classname="JTD.LaravelMCP.Tests.Unit.Transport.Contracts.TransportInterfaceTest" assertions="6" time="0.005577"/>
        <testcase name="test_multiple_message_operations" file="/var/www/html/tests/Unit/Transport/Contracts/TransportInterfaceTest.php" line="303" class="JTD\LaravelMCP\Tests\Unit\Transport\Contracts\TransportInterfaceTest" classname="JTD.LaravelMCP.Tests.Unit.Transport.Contracts.TransportInterfaceTest" assertions="7" time="0.006465"/>
        <testcase name="test_setting_multiple_handlers" file="/var/www/html/tests/Unit/Transport/Contracts/TransportInterfaceTest.php" line="378" class="JTD\LaravelMCP\Tests\Unit\Transport\Contracts\TransportInterfaceTest" classname="JTD.LaravelMCP.Tests.Unit.Transport.Contracts.TransportInterfaceTest" assertions="3" time="0.005299"/>
        <testcase name="test_initialize_with_config" file="/var/www/html/tests/Unit/Transport/Contracts/TransportInterfaceTest.php" line="35" class="JTD\LaravelMCP\Tests\Unit\Transport\Contracts\TransportInterfaceTest" classname="JTD.LaravelMCP.Tests.Unit.Transport.Contracts.TransportInterfaceTest" assertions="1" time="0.005308"/>
        <testcase name="test_configuration_persistence" file="/var/www/html/tests/Unit/Transport/Contracts/TransportInterfaceTest.php" line="350" class="JTD\LaravelMCP\Tests\Unit\Transport\Contracts\TransportInterfaceTest" classname="JTD.LaravelMCP.Tests.Unit.Transport.Contracts.TransportInterfaceTest" assertions="2" time="0.006186"/>
      </testsuite>
    </testsuite>
    <testsuite name="Feature" tests="90" assertions="416" errors="0" failures="0" skipped="1" time="1.771378">
      <testsuite name="JTD\LaravelMCP\Tests\Feature\DirectoryStructureValidationTest" file="/var/www/html/tests/Feature/DirectoryStructureValidationTest.php" tests="20" assertions="93" errors="0" failures="0" skipped="0" time="0.117230">
        <testcase name="it_has_all_required_source_directories" file="/var/www/html/tests/Feature/DirectoryStructureValidationTest.php" line="31" class="JTD\LaravelMCP\Tests\Feature\DirectoryStructureValidationTest" classname="JTD.LaravelMCP.Tests.Feature.DirectoryStructureValidationTest" assertions="17" time="0.007063"/>
        <testcase name="it_has_all_required_contract_interfaces" file="/var/www/html/tests/Feature/DirectoryStructureValidationTest.php" line="118" class="JTD\LaravelMCP\Tests\Feature\DirectoryStructureValidationTest" classname="JTD.LaravelMCP.Tests.Feature.DirectoryStructureValidationTest" assertions="6" time="0.006468"/>
        <testcase name="it_has_all_required_foundational_traits" file="/var/www/html/tests/Feature/DirectoryStructureValidationTest.php" line="143" class="JTD\LaravelMCP\Tests\Feature\DirectoryStructureValidationTest" classname="JTD.LaravelMCP.Tests.Feature.DirectoryStructureValidationTest" assertions="3" time="0.004979"/>
        <testcase name="it_has_all_required_exception_classes" file="/var/www/html/tests/Feature/DirectoryStructureValidationTest.php" line="165" class="JTD\LaravelMCP\Tests\Feature\DirectoryStructureValidationTest" classname="JTD.LaravelMCP.Tests.Feature.DirectoryStructureValidationTest" assertions="4" time="0.004797"/>
        <testcase name="it_has_the_mcp_facade" file="/var/www/html/tests/Feature/DirectoryStructureValidationTest.php" line="188" class="JTD\LaravelMCP\Tests\Feature\DirectoryStructureValidationTest" classname="JTD.LaravelMCP.Tests.Feature.DirectoryStructureValidationTest" assertions="1" time="0.006020"/>
        <testcase name="it_has_console_utilities" file="/var/www/html/tests/Feature/DirectoryStructureValidationTest.php" line="199" class="JTD\LaravelMCP\Tests\Feature\DirectoryStructureValidationTest" classname="JTD.LaravelMCP.Tests.Feature.DirectoryStructureValidationTest" assertions="1" time="0.005056"/>
        <testcase name="it_has_all_code_generation_stubs" file="/var/www/html/tests/Feature/DirectoryStructureValidationTest.php" line="219" class="JTD\LaravelMCP\Tests\Feature\DirectoryStructureValidationTest" classname="JTD.LaravelMCP.Tests.Feature.DirectoryStructureValidationTest" assertions="4" time="0.005153"/>
        <testcase name="it_has_debug_view_template" file="/var/www/html/tests/Feature/DirectoryStructureValidationTest.php" line="242" class="JTD\LaravelMCP\Tests\Feature\DirectoryStructureValidationTest" classname="JTD.LaravelMCP.Tests.Feature.DirectoryStructureValidationTest" assertions="1" time="0.005494"/>
        <testcase name="it_has_base_test_case" file="/var/www/html/tests/Feature/DirectoryStructureValidationTest.php" line="253" class="JTD\LaravelMCP\Tests\Feature\DirectoryStructureValidationTest" classname="JTD.LaravelMCP.Tests.Feature.DirectoryStructureValidationTest" assertions="1" time="0.005609"/>
        <testcase name="it_has_test_fixtures" file="/var/www/html/tests/Feature/DirectoryStructureValidationTest.php" line="264" class="JTD\LaravelMCP\Tests\Feature\DirectoryStructureValidationTest" classname="JTD.LaravelMCP.Tests.Feature.DirectoryStructureValidationTest" assertions="5" time="0.005243"/>
        <testcase name="it_can_load_all_contract_interfaces" file="/var/www/html/tests/Feature/DirectoryStructureValidationTest.php" line="288" class="JTD\LaravelMCP\Tests\Feature\DirectoryStructureValidationTest" classname="JTD.LaravelMCP.Tests.Feature.DirectoryStructureValidationTest" assertions="6" time="0.006168"/>
        <testcase name="it_can_load_all_trait_classes" file="/var/www/html/tests/Feature/DirectoryStructureValidationTest.php" line="312" class="JTD\LaravelMCP\Tests\Feature\DirectoryStructureValidationTest" classname="JTD.LaravelMCP.Tests.Feature.DirectoryStructureValidationTest" assertions="3" time="0.005346"/>
        <testcase name="it_can_load_all_exception_classes" file="/var/www/html/tests/Feature/DirectoryStructureValidationTest.php" line="333" class="JTD\LaravelMCP\Tests\Feature\DirectoryStructureValidationTest" classname="JTD.LaravelMCP.Tests.Feature.DirectoryStructureValidationTest" assertions="7" time="0.005004"/>
        <testcase name="it_can_load_mcp_facade" file="/var/www/html/tests/Feature/DirectoryStructureValidationTest.php" line="363" class="JTD\LaravelMCP\Tests\Feature\DirectoryStructureValidationTest" classname="JTD.LaravelMCP.Tests.Feature.DirectoryStructureValidationTest" assertions="2" time="0.005878"/>
        <testcase name="it_can_load_console_utilities" file="/var/www/html/tests/Feature/DirectoryStructureValidationTest.php" line="382" class="JTD\LaravelMCP\Tests\Feature\DirectoryStructureValidationTest" classname="JTD.LaravelMCP.Tests.Feature.DirectoryStructureValidationTest" assertions="1" time="0.006311"/>
        <testcase name="it_can_load_test_fixtures" file="/var/www/html/tests/Feature/DirectoryStructureValidationTest.php" line="396" class="JTD\LaravelMCP\Tests\Feature\DirectoryStructureValidationTest" classname="JTD.LaravelMCP.Tests.Feature.DirectoryStructureValidationTest" assertions="5" time="0.008341"/>
        <testcase name="it_follows_laravel_namespace_patterns" file="/var/www/html/tests/Feature/DirectoryStructureValidationTest.php" line="419" class="JTD\LaravelMCP\Tests\Feature\DirectoryStructureValidationTest" classname="JTD.LaravelMCP.Tests.Feature.DirectoryStructureValidationTest" assertions="7" time="0.007440"/>
        <testcase name="it_supports_psr4_autoloading" file="/var/www/html/tests/Feature/DirectoryStructureValidationTest.php" line="436" class="JTD\LaravelMCP\Tests\Feature\DirectoryStructureValidationTest" classname="JTD.LaravelMCP.Tests.Feature.DirectoryStructureValidationTest" assertions="6" time="0.005503"/>
        <testcase name="it_has_all_required_configuration_directories" file="/var/www/html/tests/Feature/DirectoryStructureValidationTest.php" line="67" class="JTD\LaravelMCP\Tests\Feature\DirectoryStructureValidationTest" classname="JTD.LaravelMCP.Tests.Feature.DirectoryStructureValidationTest" assertions="6" time="0.006050"/>
        <testcase name="it_has_all_required_test_directories" file="/var/www/html/tests/Feature/DirectoryStructureValidationTest.php" line="92" class="JTD\LaravelMCP\Tests\Feature\DirectoryStructureValidationTest" classname="JTD.LaravelMCP.Tests.Feature.DirectoryStructureValidationTest" assertions="7" time="0.005306"/>
      </testsuite>
      <testsuite name="JTD\LaravelMCP\Tests\Feature\EventLifecycleIntegrationTest" file="/var/www/html/tests/Feature/EventLifecycleIntegrationTest.php" tests="12" assertions="12" errors="0" failures="0" skipped="0" time="0.085328">
        <testcase name="it_finalizes_component_discovery_on_providers_booted" file="/var/www/html/tests/Feature/EventLifecycleIntegrationTest.php" line="43" class="JTD\LaravelMCP\Tests\Feature\EventLifecycleIntegrationTest" classname="JTD.LaravelMCP.Tests.Feature.EventLifecycleIntegrationTest" assertions="1" time="0.005347"/>
        <testcase name="it_skips_discovery_finalization_when_disabled" file="/var/www/html/tests/Feature/EventLifecycleIntegrationTest.php" line="70" class="JTD\LaravelMCP\Tests\Feature\EventLifecycleIntegrationTest" classname="JTD.LaravelMCP.Tests.Feature.EventLifecycleIntegrationTest" assertions="1" time="0.006464"/>
        <testcase name="it_handles_discovery_finalization_errors_gracefully" file="/var/www/html/tests/Feature/EventLifecycleIntegrationTest.php" line="92" class="JTD\LaravelMCP\Tests\Feature\EventLifecycleIntegrationTest" classname="JTD.LaravelMCP.Tests.Feature.EventLifecycleIntegrationTest" assertions="1" time="0.006920"/>
        <testcase name="it_cleans_up_resources_on_kernel_handled" file="/var/www/html/tests/Feature/EventLifecycleIntegrationTest.php" line="124" class="JTD\LaravelMCP\Tests\Feature\EventLifecycleIntegrationTest" classname="JTD.LaravelMCP.Tests.Feature.EventLifecycleIntegrationTest" assertions="1" time="0.008952"/>
        <testcase name="it_handles_cleanup_errors_gracefully" file="/var/www/html/tests/Feature/EventLifecycleIntegrationTest.php" line="145" class="JTD\LaravelMCP\Tests\Feature\EventLifecycleIntegrationTest" classname="JTD.LaravelMCP.Tests.Feature.EventLifecycleIntegrationTest" assertions="1" time="0.008209"/>
        <testcase name="it_performs_final_cleanup_on_application_terminating" file="/var/www/html/tests/Feature/EventLifecycleIntegrationTest.php" line="167" class="JTD\LaravelMCP\Tests\Feature\EventLifecycleIntegrationTest" classname="JTD.LaravelMCP.Tests.Feature.EventLifecycleIntegrationTest" assertions="1" time="0.008394"/>
        <testcase name="it_handles_cache_cleanup_errors_gracefully" file="/var/www/html/tests/Feature/EventLifecycleIntegrationTest.php" line="195" class="JTD\LaravelMCP\Tests\Feature\EventLifecycleIntegrationTest" classname="JTD.LaravelMCP.Tests.Feature.EventLifecycleIntegrationTest" assertions="1" time="0.006083"/>
        <testcase name="it_handles_complete_event_lifecycle" file="/var/www/html/tests/Feature/EventLifecycleIntegrationTest.php" line="217" class="JTD\LaravelMCP\Tests\Feature\EventLifecycleIntegrationTest" classname="JTD.LaravelMCP.Tests.Feature.EventLifecycleIntegrationTest" assertions="1" time="0.006687"/>
        <testcase name="it_registers_event_listeners_only_once" file="/var/www/html/tests/Feature/EventLifecycleIntegrationTest.php" line="256" class="JTD\LaravelMCP\Tests\Feature\EventLifecycleIntegrationTest" classname="JTD.LaravelMCP.Tests.Feature.EventLifecycleIntegrationTest" assertions="1" time="0.006059"/>
        <testcase name="it_handles_events_with_unbound_services_gracefully" file="/var/www/html/tests/Feature/EventLifecycleIntegrationTest.php" line="283" class="JTD\LaravelMCP\Tests\Feature\EventLifecycleIntegrationTest" classname="JTD.LaravelMCP.Tests.Feature.EventLifecycleIntegrationTest" assertions="1" time="0.005165"/>
        <testcase name="it_handles_events_in_different_environments" file="/var/www/html/tests/Feature/EventLifecycleIntegrationTest.php" line="302" class="JTD\LaravelMCP\Tests\Feature\EventLifecycleIntegrationTest" classname="JTD.LaravelMCP.Tests.Feature.EventLifecycleIntegrationTest" assertions="1" time="0.008815"/>
        <testcase name="it_maintains_performance_during_event_handling" file="/var/www/html/tests/Feature/EventLifecycleIntegrationTest.php" line="327" class="JTD\LaravelMCP\Tests\Feature\EventLifecycleIntegrationTest" classname="JTD.LaravelMCP.Tests.Feature.EventLifecycleIntegrationTest" assertions="1" time="0.008233"/>
      </testsuite>
      <testsuite name="JTD\LaravelMCP\Tests\Feature\McpServerIntegrationTest" file="/var/www/html/tests/Feature/McpServerIntegrationTest.php" tests="17" assertions="87" errors="0" failures="0" skipped="1" time="1.271058">
        <testcase name="test_can_resolve_capability_manager_from_container" file="/var/www/html/tests/Feature/McpServerIntegrationTest.php" line="28" class="JTD\LaravelMCP\Tests\Feature\McpServerIntegrationTest" classname="JTD.LaravelMCP.Tests.Feature.McpServerIntegrationTest" assertions="1" time="0.007416"/>
        <testcase name="test_can_resolve_server_from_container" file="/var/www/html/tests/Feature/McpServerIntegrationTest.php" line="14" class="JTD\LaravelMCP\Tests\Feature\McpServerIntegrationTest" classname="JTD.LaravelMCP.Tests.Feature.McpServerIntegrationTest" assertions="1" time="0.007514"/>
        <testcase name="test_server_initialization_flow" file="/var/www/html/tests/Feature/McpServerIntegrationTest.php" line="35" class="JTD\LaravelMCP\Tests\Feature\McpServerIntegrationTest" classname="JTD.LaravelMCP.Tests.Feature.McpServerIntegrationTest" assertions="8" time="0.008137"/>
        <testcase name="test_server_metrics_tracking" file="/var/www/html/tests/Feature/McpServerIntegrationTest.php" line="191" class="JTD\LaravelMCP\Tests\Feature\McpServerIntegrationTest" classname="JTD.LaravelMCP.Tests.Feature.McpServerIntegrationTest" assertions="8" time="0.007685"/>
        <testcase name="test_server_graceful_shutdown" file="/var/www/html/tests/Feature/McpServerIntegrationTest.php" line="236" class="JTD\LaravelMCP\Tests\Feature\McpServerIntegrationTest" classname="JTD.LaravelMCP.Tests.Feature.McpServerIntegrationTest" assertions="2" time="0.008300"/>
        <testcase name="test_server_transport_integration" file="/var/www/html/tests/Feature/McpServerIntegrationTest.php" line="275" class="JTD\LaravelMCP\Tests\Feature\McpServerIntegrationTest" classname="JTD.LaravelMCP.Tests.Feature.McpServerIntegrationTest" assertions="4" time="0.008355"/>
        <testcase name="test_server_component_integration" file="/var/www/html/tests/Feature/McpServerIntegrationTest.php" line="288" class="JTD\LaravelMCP\Tests\Feature\McpServerIntegrationTest" classname="JTD.LaravelMCP.Tests.Feature.McpServerIntegrationTest" assertions="5" time="0.007780"/>
        <testcase name="test_server_protocol_version" file="/var/www/html/tests/Feature/McpServerIntegrationTest.php" line="336" class="JTD\LaravelMCP\Tests\Feature\McpServerIntegrationTest" classname="JTD.LaravelMCP.Tests.Feature.McpServerIntegrationTest" assertions="1" time="0.014477"/>
        <testcase name="test_server_status_and_health" file="/var/www/html/tests/Feature/McpServerIntegrationTest.php" line="97" class="JTD\LaravelMCP\Tests\Feature\McpServerIntegrationTest" classname="JTD.LaravelMCP.Tests.Feature.McpServerIntegrationTest" assertions="15" time="0.022659"/>
        <testcase name="test_server_diagnostics" file="/var/www/html/tests/Feature/McpServerIntegrationTest.php" line="302" class="JTD\LaravelMCP\Tests\Feature\McpServerIntegrationTest" classname="JTD.LaravelMCP.Tests.Feature.McpServerIntegrationTest" assertions="10" time="0.016220"/>
        <testcase name="test_server_uptime_tracking" file="/var/www/html/tests/Feature/McpServerIntegrationTest.php" line="323" class="JTD\LaravelMCP\Tests\Feature\McpServerIntegrationTest" classname="JTD.LaravelMCP.Tests.Feature.McpServerIntegrationTest" assertions="4" time="0.111080"/>
        <testcase name="test_server_lifecycle_management" file="/var/www/html/tests/Feature/McpServerIntegrationTest.php" line="66" class="JTD\LaravelMCP\Tests\Feature\McpServerIntegrationTest" classname="JTD.LaravelMCP.Tests.Feature.McpServerIntegrationTest" assertions="8" time="1.011602"/>
        <testcase name="test_capability_negotiation_integration" file="/var/www/html/tests/Feature/McpServerIntegrationTest.php" line="141" class="JTD\LaravelMCP\Tests\Feature\McpServerIntegrationTest" classname="JTD.LaravelMCP.Tests.Feature.McpServerIntegrationTest" assertions="3" time="0.008930"/>
        <testcase name="test_capability_manager_mcp10_compliance" file="/var/www/html/tests/Feature/McpServerIntegrationTest.php" line="250" class="JTD\LaravelMCP\Tests\Feature\McpServerIntegrationTest" classname="JTD.LaravelMCP.Tests.Feature.McpServerIntegrationTest" assertions="3" time="0.009599">
          <skipped/>
        </testcase>
        <testcase name="test_can_resolve_server_info_from_container" file="/var/www/html/tests/Feature/McpServerIntegrationTest.php" line="21" class="JTD\LaravelMCP\Tests\Feature\McpServerIntegrationTest" classname="JTD.LaravelMCP.Tests.Feature.McpServerIntegrationTest" assertions="1" time="0.007151"/>
        <testcase name="test_server_configuration_integration" file="/var/www/html/tests/Feature/McpServerIntegrationTest.php" line="128" class="JTD\LaravelMCP\Tests\Feature\McpServerIntegrationTest" classname="JTD.LaravelMCP.Tests.Feature.McpServerIntegrationTest" assertions="3" time="0.008057"/>
        <testcase name="test_server_info_detailed_information" file="/var/www/html/tests/Feature/McpServerIntegrationTest.php" line="215" class="JTD\LaravelMCP\Tests\Feature\McpServerIntegrationTest" classname="JTD.LaravelMCP.Tests.Feature.McpServerIntegrationTest" assertions="10" time="0.006096"/>
      </testsuite>
      <testsuite name="JTD\LaravelMCP\Tests\Feature\MiddlewareIntegrationTest" file="/var/www/html/tests/Feature/MiddlewareIntegrationTest.php" tests="12" assertions="53" errors="0" failures="0" skipped="0" time="0.083502">
        <testcase name="it_handles_cors_preflight_requests" file="/var/www/html/tests/Feature/MiddlewareIntegrationTest.php" line="88" class="JTD\LaravelMCP\Tests\Feature\MiddlewareIntegrationTest" classname="JTD.LaravelMCP.Tests.Feature.MiddlewareIntegrationTest" assertions="8" time="0.006000"/>
        <testcase name="it_rejects_requests_with_invalid_api_key" file="/var/www/html/tests/Feature/MiddlewareIntegrationTest.php" line="135" class="JTD\LaravelMCP\Tests\Feature\MiddlewareIntegrationTest" classname="JTD.LaravelMCP.Tests.Feature.MiddlewareIntegrationTest" assertions="5" time="0.007391"/>
        <testcase name="it_rejects_requests_without_api_key_when_required" file="/var/www/html/tests/Feature/MiddlewareIntegrationTest.php" line="163" class="JTD\LaravelMCP\Tests\Feature\MiddlewareIntegrationTest" classname="JTD.LaravelMCP.Tests.Feature.MiddlewareIntegrationTest" assertions="2" time="0.006858"/>
        <testcase name="it_allows_requests_when_auth_disabled" file="/var/www/html/tests/Feature/MiddlewareIntegrationTest.php" line="186" class="JTD\LaravelMCP\Tests\Feature\MiddlewareIntegrationTest" classname="JTD.LaravelMCP.Tests.Feature.MiddlewareIntegrationTest" assertions="2" time="0.007678"/>
        <testcase name="it_accepts_api_key_in_query_parameter" file="/var/www/html/tests/Feature/MiddlewareIntegrationTest.php" line="228" class="JTD\LaravelMCP\Tests\Feature\MiddlewareIntegrationTest" classname="JTD.LaravelMCP.Tests.Feature.MiddlewareIntegrationTest" assertions="2" time="0.008349"/>
        <testcase name="it_allows_wildcard_origins" file="/var/www/html/tests/Feature/MiddlewareIntegrationTest.php" line="270" class="JTD\LaravelMCP\Tests\Feature\MiddlewareIntegrationTest" classname="JTD.LaravelMCP.Tests.Feature.MiddlewareIntegrationTest" assertions="3" time="0.007769"/>
        <testcase name="it_handles_complex_cors_scenarios" file="/var/www/html/tests/Feature/MiddlewareIntegrationTest.php" line="289" class="JTD\LaravelMCP\Tests\Feature\MiddlewareIntegrationTest" classname="JTD.LaravelMCP.Tests.Feature.MiddlewareIntegrationTest" assertions="9" time="0.005957"/>
        <testcase name="it_allows_valid_cors_requests" file="/var/www/html/tests/Feature/MiddlewareIntegrationTest.php" line="65" class="JTD\LaravelMCP\Tests\Feature\MiddlewareIntegrationTest" classname="JTD.LaravelMCP.Tests.Feature.MiddlewareIntegrationTest" assertions="7" time="0.006005"/>
        <testcase name="it_processes_middleware_stack_correctly" file="/var/www/html/tests/Feature/MiddlewareIntegrationTest.php" line="204" class="JTD\LaravelMCP\Tests\Feature\MiddlewareIntegrationTest" classname="JTD.LaravelMCP.Tests.Feature.MiddlewareIntegrationTest" assertions="6" time="0.006073"/>
        <testcase name="it_respects_cors_origin_restrictions" file="/var/www/html/tests/Feature/MiddlewareIntegrationTest.php" line="250" class="JTD\LaravelMCP\Tests\Feature\MiddlewareIntegrationTest" classname="JTD.LaravelMCP.Tests.Feature.MiddlewareIntegrationTest" assertions="2" time="0.006072"/>
        <testcase name="it_maintains_cors_headers_on_auth_errors" file="/var/www/html/tests/Feature/MiddlewareIntegrationTest.php" line="321" class="JTD\LaravelMCP\Tests\Feature\MiddlewareIntegrationTest" classname="JTD.LaravelMCP.Tests.Feature.MiddlewareIntegrationTest" assertions="5" time="0.007281"/>
        <testcase name="it_allows_requests_with_valid_api_key" file="/var/www/html/tests/Feature/MiddlewareIntegrationTest.php" line="114" class="JTD\LaravelMCP\Tests\Feature\MiddlewareIntegrationTest" classname="JTD.LaravelMCP.Tests.Feature.MiddlewareIntegrationTest" assertions="2" time="0.008067"/>
      </testsuite>
      <testsuite name="JTD\LaravelMCP\Tests\Feature\Server\Handlers\HandlerIntegrationTest" file="/var/www/html/tests/Feature/Server/Handlers/HandlerIntegrationTest.php" tests="11" assertions="88" errors="0" failures="0" skipped="0" time="0.086392">
        <testcase name="handlers_handle_error_scenarios_gracefully" file="/var/www/html/tests/Feature/Server/Handlers/HandlerIntegrationTest.php" line="304" class="JTD\LaravelMCP\Tests\Feature\Server\Handlers\HandlerIntegrationTest" classname="JTD.LaravelMCP.Tests.Feature.Server.Handlers.HandlerIntegrationTest" assertions="3" time="0.008802"/>
        <testcase name="handlers_validate_request_parameters_correctly" file="/var/www/html/tests/Feature/Server/Handlers/HandlerIntegrationTest.php" line="336" class="JTD\LaravelMCP\Tests\Feature\Server\Handlers\HandlerIntegrationTest" classname="JTD.LaravelMCP.Tests.Feature.Server.Handlers.HandlerIntegrationTest" assertions="3" time="0.008722"/>
        <testcase name="tool_execution_handles_different_result_types" file="/var/www/html/tests/Feature/Server/Handlers/HandlerIntegrationTest.php" line="407" class="JTD\LaravelMCP\Tests\Feature\Server\Handlers\HandlerIntegrationTest" classname="JTD.LaravelMCP.Tests.Feature.Server.Handlers.HandlerIntegrationTest" assertions="7" time="0.005670"/>
        <testcase name="complete_prompt_workflow_lists_and_gets_prompts" file="/var/www/html/tests/Feature/Server/Handlers/HandlerIntegrationTest.php" line="121" class="JTD\LaravelMCP\Tests\Feature\Server\Handlers\HandlerIntegrationTest" classname="JTD.LaravelMCP.Tests.Feature.Server.Handlers.HandlerIntegrationTest" assertions="13" time="0.006533"/>
        <testcase name="resource_reading_handles_different_content_types" file="/var/www/html/tests/Feature/Server/Handlers/HandlerIntegrationTest.php" line="491" class="JTD\LaravelMCP\Tests\Feature\Server\Handlers\HandlerIntegrationTest" classname="JTD.LaravelMCP.Tests.Feature.Server.Handlers.HandlerIntegrationTest" assertions="7" time="0.005431"/>
        <testcase name="complete_resource_workflow_lists_and_reads_resources" file="/var/www/html/tests/Feature/Server/Handlers/HandlerIntegrationTest.php" line="93" class="JTD\LaravelMCP\Tests\Feature\Server\Handlers\HandlerIntegrationTest" classname="JTD.LaravelMCP.Tests.Feature.Server.Handlers.HandlerIntegrationTest" assertions="10" time="0.006074"/>
        <testcase name="handlers_return_proper_mcp_response_format" file="/var/www/html/tests/Feature/Server/Handlers/HandlerIntegrationTest.php" line="368" class="JTD\LaravelMCP\Tests\Feature\Server\Handlers\HandlerIntegrationTest" classname="JTD.LaravelMCP.Tests.Feature.Server.Handlers.HandlerIntegrationTest" assertions="22" time="0.008687"/>
        <testcase name="complete_tool_workflow_lists_and_executes_tools" file="/var/www/html/tests/Feature/Server/Handlers/HandlerIntegrationTest.php" line="56" class="JTD\LaravelMCP\Tests\Feature\Server\Handlers\HandlerIntegrationTest" classname="JTD.LaravelMCP.Tests.Feature.Server.Handlers.HandlerIntegrationTest" assertions="12" time="0.008181"/>
        <testcase name="prompt_handler_manages_pagination_correctly" file="/var/www/html/tests/Feature/Server/Handlers/HandlerIntegrationTest.php" line="262" class="JTD\LaravelMCP\Tests\Feature\Server\Handlers\HandlerIntegrationTest" classname="JTD.LaravelMCP.Tests.Feature.Server.Handlers.HandlerIntegrationTest" assertions="2" time="0.007778"/>
        <testcase name="resource_handler_manages_pagination_correctly" file="/var/www/html/tests/Feature/Server/Handlers/HandlerIntegrationTest.php" line="214" class="JTD\LaravelMCP\Tests\Feature\Server\Handlers\HandlerIntegrationTest" classname="JTD.LaravelMCP.Tests.Feature.Server.Handlers.HandlerIntegrationTest" assertions="3" time="0.009624"/>
        <testcase name="tool_handler_manages_pagination_correctly" file="/var/www/html/tests/Feature/Server/Handlers/HandlerIntegrationTest.php" line="159" class="JTD\LaravelMCP\Tests\Feature\Server\Handlers\HandlerIntegrationTest" classname="JTD.LaravelMCP.Tests.Feature.Server.Handlers.HandlerIntegrationTest" assertions="6" time="0.010891"/>
      </testsuite>
      <testsuite name="JTD\LaravelMCP\Tests\Feature\ServiceProviderIntegrationTest" file="/var/www/html/tests/Feature/ServiceProviderIntegrationTest.php" tests="18" assertions="83" errors="0" failures="0" skipped="0" time="0.127867">
        <testcase name="it_registers_service_provider_in_laravel_application" file="/var/www/html/tests/Feature/ServiceProviderIntegrationTest.php" line="48" class="JTD\LaravelMCP\Tests\Feature\ServiceProviderIntegrationTest" classname="JTD.LaravelMCP.Tests.Feature.ServiceProviderIntegrationTest" assertions="2" time="0.005127"/>
        <testcase name="it_resolves_interfaces_to_correct_implementations" file="/var/www/html/tests/Feature/ServiceProviderIntegrationTest.php" line="91" class="JTD\LaravelMCP\Tests\Feature\ServiceProviderIntegrationTest" classname="JTD.LaravelMCP.Tests.Feature.ServiceProviderIntegrationTest" assertions="3" time="0.006533"/>
        <testcase name="it_allows_environment_variables_to_override_config" file="/var/www/html/tests/Feature/ServiceProviderIntegrationTest.php" line="143" class="JTD\LaravelMCP\Tests\Feature\ServiceProviderIntegrationTest" classname="JTD.LaravelMCP.Tests.Feature.ServiceProviderIntegrationTest" assertions="2" time="0.007216"/>
        <testcase name="it_integrates_services_correctly" file="/var/www/html/tests/Feature/ServiceProviderIntegrationTest.php" line="170" class="JTD\LaravelMCP\Tests\Feature\ServiceProviderIntegrationTest" classname="JTD.LaravelMCP.Tests.Feature.ServiceProviderIntegrationTest" assertions="3" time="0.007195"/>
        <testcase name="it_configures_publishable_assets" file="/var/www/html/tests/Feature/ServiceProviderIntegrationTest.php" line="233" class="JTD\LaravelMCP\Tests\Feature\ServiceProviderIntegrationTest" classname="JTD.LaravelMCP.Tests.Feature.ServiceProviderIntegrationTest" assertions="3" time="0.004510"/>
        <testcase name="it_configures_transport_manager_based_on_config" file="/var/www/html/tests/Feature/ServiceProviderIntegrationTest.php" line="302" class="JTD\LaravelMCP\Tests\Feature\ServiceProviderIntegrationTest" classname="JTD.LaravelMCP.Tests.Feature.ServiceProviderIntegrationTest" assertions="2" time="0.005451"/>
        <testcase name="it_resolves_services_using_app_helper" file="/var/www/html/tests/Feature/ServiceProviderIntegrationTest.php" line="340" class="JTD\LaravelMCP\Tests\Feature\ServiceProviderIntegrationTest" classname="JTD.LaravelMCP.Tests.Feature.ServiceProviderIntegrationTest" assertions="3" time="0.005120"/>
        <testcase name="it_supports_dependency_injection_resolution" file="/var/www/html/tests/Feature/ServiceProviderIntegrationTest.php" line="357" class="JTD\LaravelMCP\Tests\Feature\ServiceProviderIntegrationTest" classname="JTD.LaravelMCP.Tests.Feature.ServiceProviderIntegrationTest" assertions="2" time="0.004808"/>
        <testcase name="it_resolves_all_services_through_container" file="/var/www/html/tests/Feature/ServiceProviderIntegrationTest.php" line="60" class="JTD\LaravelMCP\Tests\Feature\ServiceProviderIntegrationTest" classname="JTD.LaravelMCP.Tests.Feature.ServiceProviderIntegrationTest" assertions="22" time="0.006020"/>
        <testcase name="it_provides_functional_mcp_facade" file="/var/www/html/tests/Feature/ServiceProviderIntegrationTest.php" line="108" class="JTD\LaravelMCP\Tests\Feature\ServiceProviderIntegrationTest" classname="JTD.LaravelMCP.Tests.Feature.ServiceProviderIntegrationTest" assertions="2" time="0.006106"/>
        <testcase name="it_loads_and_merges_configuration" file="/var/www/html/tests/Feature/ServiceProviderIntegrationTest.php" line="122" class="JTD\LaravelMCP\Tests\Feature\ServiceProviderIntegrationTest" classname="JTD.LaravelMCP.Tests.Feature.ServiceProviderIntegrationTest" assertions="8" time="0.008707"/>
        <testcase name="it_loads_routes_when_route_file_exists" file="/var/www/html/tests/Feature/ServiceProviderIntegrationTest.php" line="259" class="JTD\LaravelMCP\Tests\Feature\ServiceProviderIntegrationTest" classname="JTD.LaravelMCP.Tests.Feature.ServiceProviderIntegrationTest" assertions="1" time="0.005073"/>
        <testcase name="it_handles_missing_optional_dependencies_gracefully" file="/var/www/html/tests/Feature/ServiceProviderIntegrationTest.php" line="319" class="JTD\LaravelMCP\Tests\Feature\ServiceProviderIntegrationTest" classname="JTD.LaravelMCP.Tests.Feature.ServiceProviderIntegrationTest" assertions="1" time="0.011449"/>
        <testcase name="it_handles_multiple_provider_instances_safely" file="/var/www/html/tests/Feature/ServiceProviderIntegrationTest.php" line="419" class="JTD\LaravelMCP\Tests\Feature\ServiceProviderIntegrationTest" classname="JTD.LaravelMCP.Tests.Feature.ServiceProviderIntegrationTest" assertions="3" time="0.005823"/>
        <testcase name="it_recovers_from_invalid_configuration" file="/var/www/html/tests/Feature/ServiceProviderIntegrationTest.php" line="449" class="JTD\LaravelMCP\Tests\Feature\ServiceProviderIntegrationTest" classname="JTD.LaravelMCP.Tests.Feature.ServiceProviderIntegrationTest" assertions="2" time="0.006001"/>
        <testcase name="it_respects_disabled_state_configuration" file="/var/www/html/tests/Feature/ServiceProviderIntegrationTest.php" line="470" class="JTD\LaravelMCP\Tests\Feature\ServiceProviderIntegrationTest" classname="JTD.LaravelMCP.Tests.Feature.ServiceProviderIntegrationTest" assertions="3" time="0.007050"/>
        <testcase name="it_discovers_components_when_enabled" file="/var/www/html/tests/Feature/ServiceProviderIntegrationTest.php" line="198" class="JTD\LaravelMCP\Tests\Feature\ServiceProviderIntegrationTest" classname="JTD.LaravelMCP.Tests.Feature.ServiceProviderIntegrationTest" assertions="3" time="0.009630"/>
        <testcase name="it_completes_full_service_provider_lifecycle" file="/var/www/html/tests/Feature/ServiceProviderIntegrationTest.php" line="377" class="JTD\LaravelMCP\Tests\Feature\ServiceProviderIntegrationTest" classname="JTD.LaravelMCP.Tests.Feature.ServiceProviderIntegrationTest" assertions="18" time="0.016047"/>
      </testsuite>
    </testsuite>
  </testsuite>
</testsuites>
