<?xml version="1.0" encoding="UTF-8"?>
<testsuites>
  <testsuite name="/home/jeremyfall/Internal/JTD-Packages/laravel-mcp.git/main/phpunit.xml" tests="1320" assertions="3906" errors="0" failures="0" skipped="2" time="19.449705">
    <testsuite name="Laravel MCP Test Suite" tests="660" assertions="1953" errors="0" failures="0" skipped="1" time="9.811424">
      <testsuite name="JTD\LaravelMCP\Tests\Feature\McpServerIntegrationTest" file="/home/jeremyfall/Internal/JTD-Packages/laravel-mcp.git/main/tests/Feature/McpServerIntegrationTest.php" tests="17" assertions="87" errors="0" failures="0" skipped="1" time="1.290466">
        <testcase name="test_can_resolve_server_from_container" file="/home/jeremyfall/Internal/JTD-Packages/laravel-mcp.git/main/tests/Feature/McpServerIntegrationTest.php" line="14" class="JTD\LaravelMCP\Tests\Feature\McpServerIntegrationTest" classname="JTD.LaravelMCP.Tests.Feature.McpServerIntegrationTest" assertions="1" time="0.096095"/>
        <testcase name="test_can_resolve_capability_manager_from_container" file="/home/jeremyfall/Internal/JTD-Packages/laravel-mcp.git/main/tests/Feature/McpServerIntegrationTest.php" line="28" class="JTD\LaravelMCP\Tests\Feature\McpServerIntegrationTest" classname="JTD.LaravelMCP.Tests.Feature.McpServerIntegrationTest" assertions="1" time="0.005097"/>
        <testcase name="test_server_initialization_flow" file="/home/jeremyfall/Internal/JTD-Packages/laravel-mcp.git/main/tests/Feature/McpServerIntegrationTest.php" line="35" class="JTD\LaravelMCP\Tests\Feature\McpServerIntegrationTest" classname="JTD.LaravelMCP.Tests.Feature.McpServerIntegrationTest" assertions="8" time="0.010232"/>
        <testcase name="test_server_metrics_tracking" file="/home/jeremyfall/Internal/JTD-Packages/laravel-mcp.git/main/tests/Feature/McpServerIntegrationTest.php" line="191" class="JTD\LaravelMCP\Tests\Feature\McpServerIntegrationTest" classname="JTD.LaravelMCP.Tests.Feature.McpServerIntegrationTest" assertions="8" time="0.005182"/>
        <testcase name="test_server_transport_integration" file="/home/jeremyfall/Internal/JTD-Packages/laravel-mcp.git/main/tests/Feature/McpServerIntegrationTest.php" line="275" class="JTD\LaravelMCP\Tests\Feature\McpServerIntegrationTest" classname="JTD.LaravelMCP.Tests.Feature.McpServerIntegrationTest" assertions="4" time="0.004826"/>
        <testcase name="test_server_component_integration" file="/home/jeremyfall/Internal/JTD-Packages/laravel-mcp.git/main/tests/Feature/McpServerIntegrationTest.php" line="288" class="JTD\LaravelMCP\Tests\Feature\McpServerIntegrationTest" classname="JTD.LaravelMCP.Tests.Feature.McpServerIntegrationTest" assertions="5" time="0.004601"/>
        <testcase name="test_server_protocol_version" file="/home/jeremyfall/Internal/JTD-Packages/laravel-mcp.git/main/tests/Feature/McpServerIntegrationTest.php" line="336" class="JTD\LaravelMCP\Tests\Feature\McpServerIntegrationTest" classname="JTD.LaravelMCP.Tests.Feature.McpServerIntegrationTest" assertions="1" time="0.005202"/>
        <testcase name="test_server_status_and_health" file="/home/jeremyfall/Internal/JTD-Packages/laravel-mcp.git/main/tests/Feature/McpServerIntegrationTest.php" line="97" class="JTD\LaravelMCP\Tests\Feature\McpServerIntegrationTest" classname="JTD.LaravelMCP.Tests.Feature.McpServerIntegrationTest" assertions="15" time="0.007758"/>
        <testcase name="test_server_graceful_shutdown" file="/home/jeremyfall/Internal/JTD-Packages/laravel-mcp.git/main/tests/Feature/McpServerIntegrationTest.php" line="236" class="JTD\LaravelMCP\Tests\Feature\McpServerIntegrationTest" classname="JTD.LaravelMCP.Tests.Feature.McpServerIntegrationTest" assertions="2" time="0.005751"/>
        <testcase name="test_server_diagnostics" file="/home/jeremyfall/Internal/JTD-Packages/laravel-mcp.git/main/tests/Feature/McpServerIntegrationTest.php" line="302" class="JTD\LaravelMCP\Tests\Feature\McpServerIntegrationTest" classname="JTD.LaravelMCP.Tests.Feature.McpServerIntegrationTest" assertions="10" time="0.007004"/>
        <testcase name="test_server_uptime_tracking" file="/home/jeremyfall/Internal/JTD-Packages/laravel-mcp.git/main/tests/Feature/McpServerIntegrationTest.php" line="323" class="JTD\LaravelMCP\Tests\Feature\McpServerIntegrationTest" classname="JTD.LaravelMCP.Tests.Feature.McpServerIntegrationTest" assertions="4" time="0.105603"/>
        <testcase name="test_server_lifecycle_management" file="/home/jeremyfall/Internal/JTD-Packages/laravel-mcp.git/main/tests/Feature/McpServerIntegrationTest.php" line="66" class="JTD\LaravelMCP\Tests\Feature\McpServerIntegrationTest" classname="JTD.LaravelMCP.Tests.Feature.McpServerIntegrationTest" assertions="8" time="1.007320"/>
        <testcase name="test_capability_negotiation_integration" file="/home/jeremyfall/Internal/JTD-Packages/laravel-mcp.git/main/tests/Feature/McpServerIntegrationTest.php" line="141" class="JTD\LaravelMCP\Tests\Feature\McpServerIntegrationTest" classname="JTD.LaravelMCP.Tests.Feature.McpServerIntegrationTest" assertions="3" time="0.006278"/>
        <testcase name="test_capability_manager_mcp10_compliance" file="/home/jeremyfall/Internal/JTD-Packages/laravel-mcp.git/main/tests/Feature/McpServerIntegrationTest.php" line="250" class="JTD\LaravelMCP\Tests\Feature\McpServerIntegrationTest" classname="JTD.LaravelMCP.Tests.Feature.McpServerIntegrationTest" assertions="3" time="0.005201">
          <skipped/>
        </testcase>
        <testcase name="test_can_resolve_server_info_from_container" file="/home/jeremyfall/Internal/JTD-Packages/laravel-mcp.git/main/tests/Feature/McpServerIntegrationTest.php" line="21" class="JTD\LaravelMCP\Tests\Feature\McpServerIntegrationTest" classname="JTD.LaravelMCP.Tests.Feature.McpServerIntegrationTest" assertions="1" time="0.004622"/>
        <testcase name="test_server_configuration_integration" file="/home/jeremyfall/Internal/JTD-Packages/laravel-mcp.git/main/tests/Feature/McpServerIntegrationTest.php" line="128" class="JTD\LaravelMCP\Tests\Feature\McpServerIntegrationTest" classname="JTD.LaravelMCP.Tests.Feature.McpServerIntegrationTest" assertions="3" time="0.004547"/>
        <testcase name="test_server_info_detailed_information" file="/home/jeremyfall/Internal/JTD-Packages/laravel-mcp.git/main/tests/Feature/McpServerIntegrationTest.php" line="215" class="JTD\LaravelMCP\Tests\Feature\McpServerIntegrationTest" classname="JTD.LaravelMCP.Tests.Feature.McpServerIntegrationTest" assertions="10" time="0.005148"/>
      </testsuite>
      <testsuite name="JTD\LaravelMCP\Tests\Feature\ServiceProviderIntegrationTest" file="/home/jeremyfall/Internal/JTD-Packages/laravel-mcp.git/main/tests/Feature/ServiceProviderIntegrationTest.php" tests="18" assertions="83" errors="0" failures="0" skipped="0" time="0.097226">
        <testcase name="it_allows_environment_variables_to_override_config" file="/home/jeremyfall/Internal/JTD-Packages/laravel-mcp.git/main/tests/Feature/ServiceProviderIntegrationTest.php" line="143" class="JTD\LaravelMCP\Tests\Feature\ServiceProviderIntegrationTest" classname="JTD.LaravelMCP.Tests.Feature.ServiceProviderIntegrationTest" assertions="2" time="0.004168"/>
        <testcase name="it_registers_service_provider_in_laravel_application" file="/home/jeremyfall/Internal/JTD-Packages/laravel-mcp.git/main/tests/Feature/ServiceProviderIntegrationTest.php" line="48" class="JTD\LaravelMCP\Tests\Feature\ServiceProviderIntegrationTest" classname="JTD.LaravelMCP.Tests.Feature.ServiceProviderIntegrationTest" assertions="2" time="0.004298"/>
        <testcase name="it_provides_functional_mcp_facade" file="/home/jeremyfall/Internal/JTD-Packages/laravel-mcp.git/main/tests/Feature/ServiceProviderIntegrationTest.php" line="108" class="JTD\LaravelMCP\Tests\Feature\ServiceProviderIntegrationTest" classname="JTD.LaravelMCP.Tests.Feature.ServiceProviderIntegrationTest" assertions="2" time="0.004543"/>
        <testcase name="it_configures_transport_manager_based_on_config" file="/home/jeremyfall/Internal/JTD-Packages/laravel-mcp.git/main/tests/Feature/ServiceProviderIntegrationTest.php" line="302" class="JTD\LaravelMCP\Tests\Feature\ServiceProviderIntegrationTest" classname="JTD.LaravelMCP.Tests.Feature.ServiceProviderIntegrationTest" assertions="2" time="0.004236"/>
        <testcase name="it_resolves_services_using_app_helper" file="/home/jeremyfall/Internal/JTD-Packages/laravel-mcp.git/main/tests/Feature/ServiceProviderIntegrationTest.php" line="340" class="JTD\LaravelMCP\Tests\Feature\ServiceProviderIntegrationTest" classname="JTD.LaravelMCP.Tests.Feature.ServiceProviderIntegrationTest" assertions="3" time="0.004498"/>
        <testcase name="it_resolves_all_services_through_container" file="/home/jeremyfall/Internal/JTD-Packages/laravel-mcp.git/main/tests/Feature/ServiceProviderIntegrationTest.php" line="60" class="JTD\LaravelMCP\Tests\Feature\ServiceProviderIntegrationTest" classname="JTD.LaravelMCP.Tests.Feature.ServiceProviderIntegrationTest" assertions="22" time="0.005924"/>
        <testcase name="it_resolves_interfaces_to_correct_implementations" file="/home/jeremyfall/Internal/JTD-Packages/laravel-mcp.git/main/tests/Feature/ServiceProviderIntegrationTest.php" line="91" class="JTD\LaravelMCP\Tests\Feature\ServiceProviderIntegrationTest" classname="JTD.LaravelMCP.Tests.Feature.ServiceProviderIntegrationTest" assertions="3" time="0.004846"/>
        <testcase name="it_loads_and_merges_configuration" file="/home/jeremyfall/Internal/JTD-Packages/laravel-mcp.git/main/tests/Feature/ServiceProviderIntegrationTest.php" line="122" class="JTD\LaravelMCP\Tests\Feature\ServiceProviderIntegrationTest" classname="JTD.LaravelMCP.Tests.Feature.ServiceProviderIntegrationTest" assertions="8" time="0.005286"/>
        <testcase name="it_integrates_services_correctly" file="/home/jeremyfall/Internal/JTD-Packages/laravel-mcp.git/main/tests/Feature/ServiceProviderIntegrationTest.php" line="170" class="JTD\LaravelMCP\Tests\Feature\ServiceProviderIntegrationTest" classname="JTD.LaravelMCP.Tests.Feature.ServiceProviderIntegrationTest" assertions="3" time="0.004997"/>
        <testcase name="it_configures_publishable_assets" file="/home/jeremyfall/Internal/JTD-Packages/laravel-mcp.git/main/tests/Feature/ServiceProviderIntegrationTest.php" line="233" class="JTD\LaravelMCP\Tests\Feature\ServiceProviderIntegrationTest" classname="JTD.LaravelMCP.Tests.Feature.ServiceProviderIntegrationTest" assertions="3" time="0.004988"/>
        <testcase name="it_loads_routes_when_route_file_exists" file="/home/jeremyfall/Internal/JTD-Packages/laravel-mcp.git/main/tests/Feature/ServiceProviderIntegrationTest.php" line="259" class="JTD\LaravelMCP\Tests\Feature\ServiceProviderIntegrationTest" classname="JTD.LaravelMCP.Tests.Feature.ServiceProviderIntegrationTest" assertions="1" time="0.006709"/>
        <testcase name="it_handles_missing_optional_dependencies_gracefully" file="/home/jeremyfall/Internal/JTD-Packages/laravel-mcp.git/main/tests/Feature/ServiceProviderIntegrationTest.php" line="319" class="JTD\LaravelMCP\Tests\Feature\ServiceProviderIntegrationTest" classname="JTD.LaravelMCP.Tests.Feature.ServiceProviderIntegrationTest" assertions="1" time="0.005132"/>
        <testcase name="it_supports_dependency_injection_resolution" file="/home/jeremyfall/Internal/JTD-Packages/laravel-mcp.git/main/tests/Feature/ServiceProviderIntegrationTest.php" line="357" class="JTD\LaravelMCP\Tests\Feature\ServiceProviderIntegrationTest" classname="JTD.LaravelMCP.Tests.Feature.ServiceProviderIntegrationTest" assertions="2" time="0.004439"/>
        <testcase name="it_handles_multiple_provider_instances_safely" file="/home/jeremyfall/Internal/JTD-Packages/laravel-mcp.git/main/tests/Feature/ServiceProviderIntegrationTest.php" line="419" class="JTD\LaravelMCP\Tests\Feature\ServiceProviderIntegrationTest" classname="JTD.LaravelMCP.Tests.Feature.ServiceProviderIntegrationTest" assertions="3" time="0.004850"/>
        <testcase name="it_recovers_from_invalid_configuration" file="/home/jeremyfall/Internal/JTD-Packages/laravel-mcp.git/main/tests/Feature/ServiceProviderIntegrationTest.php" line="449" class="JTD\LaravelMCP\Tests\Feature\ServiceProviderIntegrationTest" classname="JTD.LaravelMCP.Tests.Feature.ServiceProviderIntegrationTest" assertions="2" time="0.004961"/>
        <testcase name="it_respects_disabled_state_configuration" file="/home/jeremyfall/Internal/JTD-Packages/laravel-mcp.git/main/tests/Feature/ServiceProviderIntegrationTest.php" line="470" class="JTD\LaravelMCP\Tests\Feature\ServiceProviderIntegrationTest" classname="JTD.LaravelMCP.Tests.Feature.ServiceProviderIntegrationTest" assertions="3" time="0.007274"/>
        <testcase name="it_discovers_components_when_enabled" file="/home/jeremyfall/Internal/JTD-Packages/laravel-mcp.git/main/tests/Feature/ServiceProviderIntegrationTest.php" line="198" class="JTD\LaravelMCP\Tests\Feature\ServiceProviderIntegrationTest" classname="JTD.LaravelMCP.Tests.Feature.ServiceProviderIntegrationTest" assertions="3" time="0.006612"/>
        <testcase name="it_completes_full_service_provider_lifecycle" file="/home/jeremyfall/Internal/JTD-Packages/laravel-mcp.git/main/tests/Feature/ServiceProviderIntegrationTest.php" line="377" class="JTD\LaravelMCP\Tests\Feature\ServiceProviderIntegrationTest" classname="JTD.LaravelMCP.Tests.Feature.ServiceProviderIntegrationTest" assertions="18" time="0.009466"/>
      </testsuite>
      <testsuite name="JTD\LaravelMCP\Tests\Unit\Protocol\MessageProcessorTest" file="/home/jeremyfall/Internal/JTD-Packages/laravel-mcp.git/main/tests/Unit/Protocol/MessageProcessorTest.php" tests="20" assertions="38" errors="0" failures="0" skipped="0" time="0.110559">
        <testcase name="can_handle_returns_true_for_valid_json_rpc_messages" file="/home/jeremyfall/Internal/JTD-Packages/laravel-mcp.git/main/tests/Unit/Protocol/MessageProcessorTest.php" line="114" class="JTD\LaravelMCP\Tests\Unit\Protocol\MessageProcessorTest" classname="JTD.LaravelMCP.Tests.Unit.Protocol.MessageProcessorTest" assertions="1" time="0.012544"/>
        <testcase name="can_handle_returns_false_for_invalid_messages" file="/home/jeremyfall/Internal/JTD-Packages/laravel-mcp.git/main/tests/Unit/Protocol/MessageProcessorTest.php" line="128" class="JTD\LaravelMCP\Tests\Unit\Protocol\MessageProcessorTest" classname="JTD.LaravelMCP.Tests.Unit.Protocol.MessageProcessorTest" assertions="1" time="0.004677"/>
        <testcase name="handle_processes_valid_requests" file="/home/jeremyfall/Internal/JTD-Packages/laravel-mcp.git/main/tests/Unit/Protocol/MessageProcessorTest.php" line="165" class="JTD\LaravelMCP\Tests\Unit\Protocol\MessageProcessorTest" classname="JTD.LaravelMCP.Tests.Unit.Protocol.MessageProcessorTest" assertions="1" time="0.004651"/>
        <testcase name="handle_processes_responses_without_response" file="/home/jeremyfall/Internal/JTD-Packages/laravel-mcp.git/main/tests/Unit/Protocol/MessageProcessorTest.php" line="227" class="JTD\LaravelMCP\Tests\Unit\Protocol\MessageProcessorTest" classname="JTD.LaravelMCP.Tests.Unit.Protocol.MessageProcessorTest" assertions="1" time="0.004790"/>
        <testcase name="on_connect_logs_transport_connection" file="/home/jeremyfall/Internal/JTD-Packages/laravel-mcp.git/main/tests/Unit/Protocol/MessageProcessorTest.php" line="351" class="JTD\LaravelMCP\Tests\Unit\Protocol\MessageProcessorTest" classname="JTD.LaravelMCP.Tests.Unit.Protocol.MessageProcessorTest" assertions="0" time="0.004752"/>
        <testcase name="set_server_info_updates_server_information" file="/home/jeremyfall/Internal/JTD-Packages/laravel-mcp.git/main/tests/Unit/Protocol/MessageProcessorTest.php" line="381" class="JTD\LaravelMCP\Tests\Unit\Protocol\MessageProcessorTest" classname="JTD.LaravelMCP.Tests.Unit.Protocol.MessageProcessorTest" assertions="3" time="0.004508"/>
        <testcase name="constructor_initializes_handlers_and_capabilities" file="/home/jeremyfall/Internal/JTD-Packages/laravel-mcp.git/main/tests/Unit/Protocol/MessageProcessorTest.php" line="85" class="JTD\LaravelMCP\Tests\Unit\Protocol\MessageProcessorTest" classname="JTD.LaravelMCP.Tests.Unit.Protocol.MessageProcessorTest" assertions="4" time="0.004776"/>
        <testcase name="get_supported_message_types_returns_expected_methods" file="/home/jeremyfall/Internal/JTD-Packages/laravel-mcp.git/main/tests/Unit/Protocol/MessageProcessorTest.php" line="95" class="JTD\LaravelMCP\Tests\Unit\Protocol\MessageProcessorTest" classname="JTD.LaravelMCP.Tests.Unit.Protocol.MessageProcessorTest" assertions="1" time="0.004459"/>
        <testcase name="handle_returns_error_for_invalid_json_rpc_messages" file="/home/jeremyfall/Internal/JTD-Packages/laravel-mcp.git/main/tests/Unit/Protocol/MessageProcessorTest.php" line="142" class="JTD\LaravelMCP\Tests\Unit\Protocol\MessageProcessorTest" classname="JTD.LaravelMCP.Tests.Unit.Protocol.MessageProcessorTest" assertions="2" time="0.004761"/>
        <testcase name="handle_processes_notifications_without_response" file="/home/jeremyfall/Internal/JTD-Packages/laravel-mcp.git/main/tests/Unit/Protocol/MessageProcessorTest.php" line="194" class="JTD\LaravelMCP\Tests\Unit\Protocol\MessageProcessorTest" classname="JTD.LaravelMCP.Tests.Unit.Protocol.MessageProcessorTest" assertions="1" time="0.004664"/>
        <testcase name="handle_returns_error_for_unrecognized_message_types" file="/home/jeremyfall/Internal/JTD-Packages/laravel-mcp.git/main/tests/Unit/Protocol/MessageProcessorTest.php" line="266" class="JTD\LaravelMCP\Tests\Unit\Protocol\MessageProcessorTest" classname="JTD.LaravelMCP.Tests.Unit.Protocol.MessageProcessorTest" assertions="2" time="0.004680"/>
        <testcase name="handle_catches_and_handles_exceptions" file="/home/jeremyfall/Internal/JTD-Packages/laravel-mcp.git/main/tests/Unit/Protocol/MessageProcessorTest.php" line="307" class="JTD\LaravelMCP\Tests\Unit\Protocol\MessageProcessorTest" classname="JTD.LaravelMCP.Tests.Unit.Protocol.MessageProcessorTest" assertions="2" time="0.005105"/>
        <testcase name="handle_error_logs_transport_errors" file="/home/jeremyfall/Internal/JTD-Packages/laravel-mcp.git/main/tests/Unit/Protocol/MessageProcessorTest.php" line="336" class="JTD\LaravelMCP\Tests\Unit\Protocol\MessageProcessorTest" classname="JTD.LaravelMCP.Tests.Unit.Protocol.MessageProcessorTest" assertions="0" time="0.005218"/>
        <testcase name="get_server_info_returns_current_information" file="/home/jeremyfall/Internal/JTD-Packages/laravel-mcp.git/main/tests/Unit/Protocol/MessageProcessorTest.php" line="394" class="JTD\LaravelMCP\Tests\Unit\Protocol\MessageProcessorTest" classname="JTD.LaravelMCP.Tests.Unit.Protocol.MessageProcessorTest" assertions="4" time="0.004696"/>
        <testcase name="initialization_workflow_works_correctly" file="/home/jeremyfall/Internal/JTD-Packages/laravel-mcp.git/main/tests/Unit/Protocol/MessageProcessorTest.php" line="405" class="JTD\LaravelMCP\Tests\Unit\Protocol\MessageProcessorTest" classname="JTD.LaravelMCP.Tests.Unit.Protocol.MessageProcessorTest" assertions="2" time="0.005131"/>
        <testcase name="tools_list_handler_integration_works" file="/home/jeremyfall/Internal/JTD-Packages/laravel-mcp.git/main/tests/Unit/Protocol/MessageProcessorTest.php" line="446" class="JTD\LaravelMCP\Tests\Unit\Protocol\MessageProcessorTest" classname="JTD.LaravelMCP.Tests.Unit.Protocol.MessageProcessorTest" assertions="2" time="0.005312"/>
        <testcase name="resources_list_handler_integration_works" file="/home/jeremyfall/Internal/JTD-Packages/laravel-mcp.git/main/tests/Unit/Protocol/MessageProcessorTest.php" line="467" class="JTD\LaravelMCP\Tests\Unit\Protocol\MessageProcessorTest" classname="JTD.LaravelMCP.Tests.Unit.Protocol.MessageProcessorTest" assertions="2" time="0.005010"/>
        <testcase name="prompts_list_handler_integration_works" file="/home/jeremyfall/Internal/JTD-Packages/laravel-mcp.git/main/tests/Unit/Protocol/MessageProcessorTest.php" line="487" class="JTD\LaravelMCP\Tests\Unit\Protocol\MessageProcessorTest" classname="JTD.LaravelMCP.Tests.Unit.Protocol.MessageProcessorTest" assertions="2" time="0.009054"/>
        <testcase name="handler_methods_check_initialization_status" file="/home/jeremyfall/Internal/JTD-Packages/laravel-mcp.git/main/tests/Unit/Protocol/MessageProcessorTest.php" line="507" class="JTD\LaravelMCP\Tests\Unit\Protocol\MessageProcessorTest" classname="JTD.LaravelMCP.Tests.Unit.Protocol.MessageProcessorTest" assertions="3" time="0.006237"/>
        <testcase name="on_disconnect_resets_initialization_state" file="/home/jeremyfall/Internal/JTD-Packages/laravel-mcp.git/main/tests/Unit/Protocol/MessageProcessorTest.php" line="365" class="JTD\LaravelMCP\Tests\Unit\Protocol\MessageProcessorTest" classname="JTD.LaravelMCP.Tests.Unit.Protocol.MessageProcessorTest" assertions="4" time="0.005534"/>
      </testsuite>
      <testsuite name="JTD\LaravelMCP\Tests\Unit\Server\CapabilityManagerTest" file="/home/jeremyfall/Internal/JTD-Packages/laravel-mcp.git/main/tests/Unit/Server/CapabilityManagerTest.php" tests="20" assertions="62" errors="0" failures="0" skipped="0" time="0.100537">
        <testcase name="test_can_create_capability_manager_instance" file="/home/jeremyfall/Internal/JTD-Packages/laravel-mcp.git/main/tests/Unit/Server/CapabilityManagerTest.php" line="31" class="JTD\LaravelMCP\Tests\Unit\Server\CapabilityManagerTest" classname="JTD.LaravelMCP.Tests.Unit.Server.CapabilityManagerTest" assertions="1" time="0.004292"/>
        <testcase name="test_initializes_server_capabilities_from_config" file="/home/jeremyfall/Internal/JTD-Packages/laravel-mcp.git/main/tests/Unit/Server/CapabilityManagerTest.php" line="36" class="JTD\LaravelMCP\Tests\Unit\Server\CapabilityManagerTest" classname="JTD.LaravelMCP.Tests.Unit.Server.CapabilityManagerTest" assertions="2" time="0.004403"/>
        <testcase name="test_can_update_server_capabilities_before_negotiation" file="/home/jeremyfall/Internal/JTD-Packages/laravel-mcp.git/main/tests/Unit/Server/CapabilityManagerTest.php" line="135" class="JTD\LaravelMCP\Tests\Unit\Server\CapabilityManagerTest" classname="JTD.LaravelMCP.Tests.Unit.Server.CapabilityManagerTest" assertions="2" time="0.004435"/>
        <testcase name="test_can_lock_capabilities" file="/home/jeremyfall/Internal/JTD-Packages/laravel-mcp.git/main/tests/Unit/Server/CapabilityManagerTest.php" line="180" class="JTD\LaravelMCP\Tests\Unit\Server\CapabilityManagerTest" classname="JTD.LaravelMCP.Tests.Unit.Server.CapabilityManagerTest" assertions="2" time="0.004568"/>
        <testcase name="test_can_negotiate_capabilities_with_client" file="/home/jeremyfall/Internal/JTD-Packages/laravel-mcp.git/main/tests/Unit/Server/CapabilityManagerTest.php" line="48" class="JTD\LaravelMCP\Tests\Unit\Server\CapabilityManagerTest" classname="JTD.LaravelMCP.Tests.Unit.Server.CapabilityManagerTest" assertions="4" time="0.004830"/>
        <testcase name="test_can_check_if_capability_is_enabled" file="/home/jeremyfall/Internal/JTD-Packages/laravel-mcp.git/main/tests/Unit/Server/CapabilityManagerTest.php" line="87" class="JTD\LaravelMCP\Tests\Unit\Server\CapabilityManagerTest" classname="JTD.LaravelMCP.Tests.Unit.Server.CapabilityManagerTest" assertions="3" time="0.004709"/>
        <testcase name="test_can_check_if_feature_is_enabled" file="/home/jeremyfall/Internal/JTD-Packages/laravel-mcp.git/main/tests/Unit/Server/CapabilityManagerTest.php" line="101" class="JTD\LaravelMCP\Tests\Unit\Server\CapabilityManagerTest" classname="JTD.LaravelMCP.Tests.Unit.Server.CapabilityManagerTest" assertions="3" time="0.004701"/>
        <testcase name="test_can_get_capability_info" file="/home/jeremyfall/Internal/JTD-Packages/laravel-mcp.git/main/tests/Unit/Server/CapabilityManagerTest.php" line="119" class="JTD\LaravelMCP\Tests\Unit\Server\CapabilityManagerTest" classname="JTD.LaravelMCP.Tests.Unit.Server.CapabilityManagerTest" assertions="2" time="0.004601"/>
        <testcase name="test_cannot_update_capabilities_after_negotiation" file="/home/jeremyfall/Internal/JTD-Packages/laravel-mcp.git/main/tests/Unit/Server/CapabilityManagerTest.php" line="148" class="JTD\LaravelMCP\Tests\Unit\Server\CapabilityManagerTest" classname="JTD.LaravelMCP.Tests.Unit.Server.CapabilityManagerTest" assertions="2" time="0.004815"/>
        <testcase name="test_can_reset_capabilities" file="/home/jeremyfall/Internal/JTD-Packages/laravel-mcp.git/main/tests/Unit/Server/CapabilityManagerTest.php" line="163" class="JTD\LaravelMCP\Tests\Unit\Server\CapabilityManagerTest" classname="JTD.LaravelMCP.Tests.Unit.Server.CapabilityManagerTest" assertions="3" time="0.004771"/>
        <testcase name="test_validates_resources_capability" file="/home/jeremyfall/Internal/JTD-Packages/laravel-mcp.git/main/tests/Unit/Server/CapabilityManagerTest.php" line="224" class="JTD\LaravelMCP\Tests\Unit\Server\CapabilityManagerTest" classname="JTD.LaravelMCP.Tests.Unit.Server.CapabilityManagerTest" assertions="1" time="0.005359"/>
        <testcase name="test_gets_mcp10_requirements" file="/home/jeremyfall/Internal/JTD-Packages/laravel-mcp.git/main/tests/Unit/Server/CapabilityManagerTest.php" line="266" class="JTD\LaravelMCP\Tests\Unit\Server\CapabilityManagerTest" classname="JTD.LaravelMCP.Tests.Unit.Server.CapabilityManagerTest" assertions="9" time="0.005461"/>
        <testcase name="test_validates_mcp10_compliance" file="/home/jeremyfall/Internal/JTD-Packages/laravel-mcp.git/main/tests/Unit/Server/CapabilityManagerTest.php" line="283" class="JTD\LaravelMCP\Tests\Unit\Server\CapabilityManagerTest" classname="JTD.LaravelMCP.Tests.Unit.Server.CapabilityManagerTest" assertions="5" time="0.005362"/>
        <testcase name="test_creates_dynamic_capabilities" file="/home/jeremyfall/Internal/JTD-Packages/laravel-mcp.git/main/tests/Unit/Server/CapabilityManagerTest.php" line="306" class="JTD\LaravelMCP\Tests\Unit\Server\CapabilityManagerTest" classname="JTD.LaravelMCP.Tests.Unit.Server.CapabilityManagerTest" assertions="4" time="0.005176"/>
        <testcase name="test_prevents_double_negotiation" file="/home/jeremyfall/Internal/JTD-Packages/laravel-mcp.git/main/tests/Unit/Server/CapabilityManagerTest.php" line="340" class="JTD\LaravelMCP\Tests\Unit\Server\CapabilityManagerTest" classname="JTD.LaravelMCP.Tests.Unit.Server.CapabilityManagerTest" assertions="1" time="0.005020"/>
        <testcase name="test_creates_minimal_capabilities_when_empty" file="/home/jeremyfall/Internal/JTD-Packages/laravel-mcp.git/main/tests/Unit/Server/CapabilityManagerTest.php" line="354" class="JTD\LaravelMCP\Tests\Unit\Server\CapabilityManagerTest" classname="JTD.LaravelMCP.Tests.Unit.Server.CapabilityManagerTest" assertions="1" time="0.005408"/>
        <testcase name="test_gets_detailed_capability_info" file="/home/jeremyfall/Internal/JTD-Packages/laravel-mcp.git/main/tests/Unit/Server/CapabilityManagerTest.php" line="320" class="JTD\LaravelMCP\Tests\Unit\Server\CapabilityManagerTest" classname="JTD.LaravelMCP.Tests.Unit.Server.CapabilityManagerTest" assertions="9" time="0.006164"/>
        <testcase name="test_validates_logging_capability" file="/home/jeremyfall/Internal/JTD-Packages/laravel-mcp.git/main/tests/Unit/Server/CapabilityManagerTest.php" line="238" class="JTD\LaravelMCP\Tests\Unit\Server\CapabilityManagerTest" classname="JTD.LaravelMCP.Tests.Unit.Server.CapabilityManagerTest" assertions="2" time="0.005808"/>
        <testcase name="test_adjusts_capabilities_for_empty_components" file="/home/jeremyfall/Internal/JTD-Packages/laravel-mcp.git/main/tests/Unit/Server/CapabilityManagerTest.php" line="68" class="JTD\LaravelMCP\Tests\Unit\Server\CapabilityManagerTest" classname="JTD.LaravelMCP.Tests.Unit.Server.CapabilityManagerTest" assertions="3" time="0.005169"/>
        <testcase name="test_validates_tools_capability" file="/home/jeremyfall/Internal/JTD-Packages/laravel-mcp.git/main/tests/Unit/Server/CapabilityManagerTest.php" line="189" class="JTD\LaravelMCP\Tests\Unit\Server\CapabilityManagerTest" classname="JTD.LaravelMCP.Tests.Unit.Server.CapabilityManagerTest" assertions="3" time="0.005487"/>
      </testsuite>
      <testsuite name="JTD\LaravelMCP\Tests\Unit\Server\Handlers\BaseHandlerTest" file="/home/jeremyfall/Internal/JTD-Packages/laravel-mcp.git/main/tests/Unit/Server/Handlers/BaseHandlerTest.php" tests="34" assertions="74" errors="0" failures="0" skipped="0" time="0.184356">
        <testcase name="handle_exception_preserves_protocol_exception_details" file="/home/jeremyfall/Internal/JTD-Packages/laravel-mcp.git/main/tests/Unit/Server/Handlers/BaseHandlerTest.php" line="280" class="JTD\LaravelMCP\Tests\Unit\Server\Handlers\BaseHandlerTest" classname="JTD.LaravelMCP.Tests.Unit.Server.Handlers.BaseHandlerTest" assertions="4" time="0.005080"/>
        <testsuite name="JTD\LaravelMCP\Tests\Unit\Server\Handlers\BaseHandlerTest::format_content_handles_different_types_correctly" tests="7" assertions="7" errors="0" failures="0" skipped="0" time="0.034308">
          <testcase name="format_content_handles_different_types_correctly with data set &quot;string as text&quot;" file="/home/jeremyfall/Internal/JTD-Packages/laravel-mcp.git/main/tests/Unit/Server/Handlers/BaseHandlerTest.php" line="324" class="JTD\LaravelMCP\Tests\Unit\Server\Handlers\BaseHandlerTest" classname="JTD.LaravelMCP.Tests.Unit.Server.Handlers.BaseHandlerTest" assertions="1" time="0.005054"/>
          <testcase name="format_content_handles_different_types_correctly with data set &quot;array as text&quot;" file="/home/jeremyfall/Internal/JTD-Packages/laravel-mcp.git/main/tests/Unit/Server/Handlers/BaseHandlerTest.php" line="324" class="JTD\LaravelMCP\Tests\Unit\Server\Handlers\BaseHandlerTest" classname="JTD.LaravelMCP.Tests.Unit.Server.Handlers.BaseHandlerTest" assertions="1" time="0.004677"/>
          <testcase name="format_content_handles_different_types_correctly with data set &quot;string as json&quot;" file="/home/jeremyfall/Internal/JTD-Packages/laravel-mcp.git/main/tests/Unit/Server/Handlers/BaseHandlerTest.php" line="324" class="JTD\LaravelMCP\Tests\Unit\Server\Handlers\BaseHandlerTest" classname="JTD.LaravelMCP.Tests.Unit.Server.Handlers.BaseHandlerTest" assertions="1" time="0.004669"/>
          <testcase name="format_content_handles_different_types_correctly with data set &quot;array as json&quot;" file="/home/jeremyfall/Internal/JTD-Packages/laravel-mcp.git/main/tests/Unit/Server/Handlers/BaseHandlerTest.php" line="324" class="JTD\LaravelMCP\Tests\Unit\Server\Handlers\BaseHandlerTest" classname="JTD.LaravelMCP.Tests.Unit.Server.Handlers.BaseHandlerTest" assertions="1" time="0.005004"/>
          <testcase name="format_content_handles_different_types_correctly with data set &quot;resource type&quot;" file="/home/jeremyfall/Internal/JTD-Packages/laravel-mcp.git/main/tests/Unit/Server/Handlers/BaseHandlerTest.php" line="324" class="JTD\LaravelMCP\Tests\Unit\Server\Handlers\BaseHandlerTest" classname="JTD.LaravelMCP.Tests.Unit.Server.Handlers.BaseHandlerTest" assertions="1" time="0.004478"/>
          <testcase name="format_content_handles_different_types_correctly with data set &quot;unknown type defaults to text&quot;" file="/home/jeremyfall/Internal/JTD-Packages/laravel-mcp.git/main/tests/Unit/Server/Handlers/BaseHandlerTest.php" line="324" class="JTD\LaravelMCP\Tests\Unit\Server\Handlers\BaseHandlerTest" classname="JTD.LaravelMCP.Tests.Unit.Server.Handlers.BaseHandlerTest" assertions="1" time="0.005102"/>
          <testcase name="format_content_handles_different_types_correctly with data set &quot;number as text&quot;" file="/home/jeremyfall/Internal/JTD-Packages/laravel-mcp.git/main/tests/Unit/Server/Handlers/BaseHandlerTest.php" line="324" class="JTD\LaravelMCP\Tests\Unit\Server\Handlers\BaseHandlerTest" classname="JTD.LaravelMCP.Tests.Unit.Server.Handlers.BaseHandlerTest" assertions="1" time="0.005324"/>
        </testsuite>
        <testcase name="constructor_defaults_to_non_debug_mode" file="/home/jeremyfall/Internal/JTD-Packages/laravel-mcp.git/main/tests/Unit/Server/Handlers/BaseHandlerTest.php" line="50" class="JTD\LaravelMCP\Tests\Unit\Server\Handlers\BaseHandlerTest" classname="JTD.LaravelMCP.Tests.Unit.Server.Handlers.BaseHandlerTest" assertions="1" time="0.004935"/>
        <testcase name="set_debug_updates_debug_mode" file="/home/jeremyfall/Internal/JTD-Packages/laravel-mcp.git/main/tests/Unit/Server/Handlers/BaseHandlerTest.php" line="58" class="JTD\LaravelMCP\Tests\Unit\Server\Handlers\BaseHandlerTest" classname="JTD.LaravelMCP.Tests.Unit.Server.Handlers.BaseHandlerTest" assertions="3" time="0.004959"/>
        <testcase name="validate_request_passes_with_valid_parameters" file="/home/jeremyfall/Internal/JTD-Packages/laravel-mcp.git/main/tests/Unit/Server/Handlers/BaseHandlerTest.php" line="70" class="JTD\LaravelMCP\Tests\Unit\Server\Handlers\BaseHandlerTest" classname="JTD.LaravelMCP.Tests.Unit.Server.Handlers.BaseHandlerTest" assertions="0" time="0.007876"/>
        <testcase name="validate_request_passes_with_empty_rules" file="/home/jeremyfall/Internal/JTD-Packages/laravel-mcp.git/main/tests/Unit/Server/Handlers/BaseHandlerTest.php" line="82" class="JTD\LaravelMCP\Tests\Unit\Server\Handlers\BaseHandlerTest" classname="JTD.LaravelMCP.Tests.Unit.Server.Handlers.BaseHandlerTest" assertions="0" time="0.005258"/>
        <testcase name="validate_required_params_passes_with_all_required_present" file="/home/jeremyfall/Internal/JTD-Packages/laravel-mcp.git/main/tests/Unit/Server/Handlers/BaseHandlerTest.php" line="132" class="JTD\LaravelMCP\Tests\Unit\Server\Handlers\BaseHandlerTest" classname="JTD.LaravelMCP.Tests.Unit.Server.Handlers.BaseHandlerTest" assertions="0" time="0.005008"/>
        <testcase name="validate_required_params_passes_with_empty_required_list" file="/home/jeremyfall/Internal/JTD-Packages/laravel-mcp.git/main/tests/Unit/Server/Handlers/BaseHandlerTest.php" line="144" class="JTD\LaravelMCP\Tests\Unit\Server\Handlers\BaseHandlerTest" classname="JTD.LaravelMCP.Tests.Unit.Server.Handlers.BaseHandlerTest" assertions="0" time="0.004761"/>
        <testcase name="supports_method_returns_true_for_supported_methods" file="/home/jeremyfall/Internal/JTD-Packages/laravel-mcp.git/main/tests/Unit/Server/Handlers/BaseHandlerTest.php" line="224" class="JTD\LaravelMCP\Tests\Unit\Server\Handlers\BaseHandlerTest" classname="JTD.LaravelMCP.Tests.Unit.Server.Handlers.BaseHandlerTest" assertions="2" time="0.004700"/>
        <testcase name="supports_method_returns_false_for_unsupported_methods" file="/home/jeremyfall/Internal/JTD-Packages/laravel-mcp.git/main/tests/Unit/Server/Handlers/BaseHandlerTest.php" line="231" class="JTD\LaravelMCP\Tests\Unit\Server\Handlers\BaseHandlerTest" classname="JTD.LaravelMCP.Tests.Unit.Server.Handlers.BaseHandlerTest" assertions="2" time="0.004606"/>
        <testcase name="sanitize_for_logging_removes_sensitive_keys" file="/home/jeremyfall/Internal/JTD-Packages/laravel-mcp.git/main/tests/Unit/Server/Handlers/BaseHandlerTest.php" line="246" class="JTD\LaravelMCP\Tests\Unit\Server\Handlers\BaseHandlerTest" classname="JTD.LaravelMCP.Tests.Unit.Server.Handlers.BaseHandlerTest" assertions="8" time="0.004964"/>
        <testcase name="sanitize_for_logging_handles_empty_array" file="/home/jeremyfall/Internal/JTD-Packages/laravel-mcp.git/main/tests/Unit/Server/Handlers/BaseHandlerTest.php" line="272" class="JTD\LaravelMCP\Tests\Unit\Server\Handlers\BaseHandlerTest" classname="JTD.LaravelMCP.Tests.Unit.Server.Handlers.BaseHandlerTest" assertions="1" time="0.005009"/>
        <testcase name="constructor_logs_initialization_when_debug_enabled" file="/home/jeremyfall/Internal/JTD-Packages/laravel-mcp.git/main/tests/Unit/Server/Handlers/BaseHandlerTest.php" line="411" class="JTD\LaravelMCP\Tests\Unit\Server\Handlers\BaseHandlerTest" classname="JTD.LaravelMCP.Tests.Unit.Server.Handlers.BaseHandlerTest" assertions="1" time="0.007004"/>
        <testcase name="constructor_does_not_log_when_debug_disabled" file="/home/jeremyfall/Internal/JTD-Packages/laravel-mcp.git/main/tests/Unit/Server/Handlers/BaseHandlerTest.php" line="423" class="JTD\LaravelMCP\Tests\Unit\Server\Handlers\BaseHandlerTest" classname="JTD.LaravelMCP.Tests.Unit.Server.Handlers.BaseHandlerTest" assertions="1" time="0.005640"/>
        <testcase name="constructor_sets_handler_name_and_debug_mode" file="/home/jeremyfall/Internal/JTD-Packages/laravel-mcp.git/main/tests/Unit/Server/Handlers/BaseHandlerTest.php" line="41" class="JTD\LaravelMCP\Tests\Unit\Server\Handlers\BaseHandlerTest" classname="JTD.LaravelMCP.Tests.Unit.Server.Handlers.BaseHandlerTest" assertions="2" time="0.005410"/>
        <testcase name="validate_request_throws_protocol_exception_with_invalid_parameters" file="/home/jeremyfall/Internal/JTD-Packages/laravel-mcp.git/main/tests/Unit/Server/Handlers/BaseHandlerTest.php" line="94" class="JTD\LaravelMCP\Tests\Unit\Server\Handlers\BaseHandlerTest" classname="JTD.LaravelMCP.Tests.Unit.Server.Handlers.BaseHandlerTest" assertions="3" time="0.006633"/>
        <testcase name="validate_request_throws_protocol_exception_with_missing_required_parameters" file="/home/jeremyfall/Internal/JTD-Packages/laravel-mcp.git/main/tests/Unit/Server/Handlers/BaseHandlerTest.php" line="107" class="JTD\LaravelMCP\Tests\Unit\Server\Handlers\BaseHandlerTest" classname="JTD.LaravelMCP.Tests.Unit.Server.Handlers.BaseHandlerTest" assertions="2" time="0.006124"/>
        <testcase name="validate_request_uses_custom_error_messages" file="/home/jeremyfall/Internal/JTD-Packages/laravel-mcp.git/main/tests/Unit/Server/Handlers/BaseHandlerTest.php" line="119" class="JTD\LaravelMCP\Tests\Unit\Server\Handlers\BaseHandlerTest" classname="JTD.LaravelMCP.Tests.Unit.Server.Handlers.BaseHandlerTest" assertions="2" time="0.005172"/>
        <testcase name="validate_required_params_throws_protocol_exception_with_missing_parameters" file="/home/jeremyfall/Internal/JTD-Packages/laravel-mcp.git/main/tests/Unit/Server/Handlers/BaseHandlerTest.php" line="156" class="JTD\LaravelMCP\Tests\Unit\Server\Handlers\BaseHandlerTest" classname="JTD.LaravelMCP.Tests.Unit.Server.Handlers.BaseHandlerTest" assertions="3" time="0.005326"/>
        <testcase name="create_success_response_returns_result_without_metadata" file="/home/jeremyfall/Internal/JTD-Packages/laravel-mcp.git/main/tests/Unit/Server/Handlers/BaseHandlerTest.php" line="169" class="JTD\LaravelMCP\Tests\Unit\Server\Handlers\BaseHandlerTest" classname="JTD.LaravelMCP.Tests.Unit.Server.Handlers.BaseHandlerTest" assertions="2" time="0.005222"/>
        <testcase name="create_success_response_adds_metadata_when_requested" file="/home/jeremyfall/Internal/JTD-Packages/laravel-mcp.git/main/tests/Unit/Server/Handlers/BaseHandlerTest.php" line="180" class="JTD\LaravelMCP\Tests\Unit\Server\Handlers\BaseHandlerTest" classname="JTD.LaravelMCP.Tests.Unit.Server.Handlers.BaseHandlerTest" assertions="5" time="0.005622"/>
        <testcase name="create_error_response_returns_proper_structure" file="/home/jeremyfall/Internal/JTD-Packages/laravel-mcp.git/main/tests/Unit/Server/Handlers/BaseHandlerTest.php" line="195" class="JTD\LaravelMCP\Tests\Unit\Server\Handlers\BaseHandlerTest" classname="JTD.LaravelMCP.Tests.Unit.Server.Handlers.BaseHandlerTest" assertions="4" time="0.005957"/>
        <testcase name="create_error_response_includes_data_when_provided" file="/home/jeremyfall/Internal/JTD-Packages/laravel-mcp.git/main/tests/Unit/Server/Handlers/BaseHandlerTest.php" line="209" class="JTD\LaravelMCP\Tests\Unit\Server\Handlers\BaseHandlerTest" classname="JTD.LaravelMCP.Tests.Unit.Server.Handlers.BaseHandlerTest" assertions="4" time="0.005875"/>
        <testcase name="get_supported_methods_returns_expected_methods" file="/home/jeremyfall/Internal/JTD-Packages/laravel-mcp.git/main/tests/Unit/Server/Handlers/BaseHandlerTest.php" line="238" class="JTD\LaravelMCP\Tests\Unit\Server\Handlers\BaseHandlerTest" classname="JTD.LaravelMCP.Tests.Unit.Server.Handlers.BaseHandlerTest" assertions="1" time="0.005256"/>
        <testcase name="handle_exception_converts_generic_exception_to_internal_error" file="/home/jeremyfall/Internal/JTD-Packages/laravel-mcp.git/main/tests/Unit/Server/Handlers/BaseHandlerTest.php" line="293" class="JTD\LaravelMCP\Tests\Unit\Server\Handlers\BaseHandlerTest" classname="JTD.LaravelMCP.Tests.Unit.Server.Handlers.BaseHandlerTest" assertions="4" time="0.006116"/>
        <testcase name="handle_exception_includes_debug_data_when_debug_enabled" file="/home/jeremyfall/Internal/JTD-Packages/laravel-mcp.git/main/tests/Unit/Server/Handlers/BaseHandlerTest.php" line="306" class="JTD\LaravelMCP\Tests\Unit\Server\Handlers\BaseHandlerTest" classname="JTD.LaravelMCP.Tests.Unit.Server.Handlers.BaseHandlerTest" assertions="7" time="0.006383"/>
        <testcase name="logging_methods_use_handler_name_prefix" file="/home/jeremyfall/Internal/JTD-Packages/laravel-mcp.git/main/tests/Unit/Server/Handlers/BaseHandlerTest.php" line="373" class="JTD\LaravelMCP\Tests\Unit\Server\Handlers\BaseHandlerTest" classname="JTD.LaravelMCP.Tests.Unit.Server.Handlers.BaseHandlerTest" assertions="4" time="0.005522"/>
        <testcase name="debug_logging_works_when_debug_enabled" file="/home/jeremyfall/Internal/JTD-Packages/laravel-mcp.git/main/tests/Unit/Server/Handlers/BaseHandlerTest.php" line="398" class="JTD\LaravelMCP\Tests\Unit\Server\Handlers\BaseHandlerTest" classname="JTD.LaravelMCP.Tests.Unit.Server.Handlers.BaseHandlerTest" assertions="1" time="0.005629"/>
      </testsuite>
      <testsuite name="JTD\LaravelMCP\Tests\Unit\Server\Handlers\ResourceHandlerTest" file="/home/jeremyfall/Internal/JTD-Packages/laravel-mcp.git/main/tests/Unit/Server/Handlers/ResourceHandlerTest.php" tests="37" assertions="95" errors="0" failures="0" skipped="0" time="0.198923">
        <testcase name="handle_resources_read_handles_array_content" file="/home/jeremyfall/Internal/JTD-Packages/laravel-mcp.git/main/tests/Unit/Server/Handlers/ResourceHandlerTest.php" line="427" class="JTD\LaravelMCP\Tests\Unit\Server\Handlers\ResourceHandlerTest" classname="JTD.LaravelMCP.Tests.Unit.Server.Handlers.ResourceHandlerTest" assertions="5" time="0.005629"/>
        <testcase name="handle_resources_read_handles_pre_formatted_content" file="/home/jeremyfall/Internal/JTD-Packages/laravel-mcp.git/main/tests/Unit/Server/Handlers/ResourceHandlerTest.php" line="452" class="JTD\LaravelMCP\Tests\Unit\Server\Handlers\ResourceHandlerTest" classname="JTD.LaravelMCP.Tests.Unit.Server.Handlers.ResourceHandlerTest" assertions="4" time="0.005682"/>
        <testcase name="handle_throws_protocol_exception_for_unsupported_method" file="/home/jeremyfall/Internal/JTD-Packages/laravel-mcp.git/main/tests/Unit/Server/Handlers/ResourceHandlerTest.php" line="82" class="JTD\LaravelMCP\Tests\Unit\Server\Handlers\ResourceHandlerTest" classname="JTD.LaravelMCP.Tests.Unit.Server.Handlers.ResourceHandlerTest" assertions="3" time="0.005054"/>
        <testcase name="handle_resources_list_returns_resource_definitions" file="/home/jeremyfall/Internal/JTD-Packages/laravel-mcp.git/main/tests/Unit/Server/Handlers/ResourceHandlerTest.php" line="108" class="JTD\LaravelMCP\Tests\Unit\Server\Handlers\ResourceHandlerTest" classname="JTD.LaravelMCP.Tests.Unit.Server.Handlers.ResourceHandlerTest" assertions="7" time="0.005490"/>
        <testcase name="handle_resources_list_handles_resource_definition_failures_gracefully" file="/home/jeremyfall/Internal/JTD-Packages/laravel-mcp.git/main/tests/Unit/Server/Handlers/ResourceHandlerTest.php" line="135" class="JTD\LaravelMCP\Tests\Unit\Server\Handlers\ResourceHandlerTest" classname="JTD.LaravelMCP.Tests.Unit.Server.Handlers.ResourceHandlerTest" assertions="10" time="0.005601"/>
        <testcase name="handle_resources_list_validates_cursor_parameter" file="/home/jeremyfall/Internal/JTD-Packages/laravel-mcp.git/main/tests/Unit/Server/Handlers/ResourceHandlerTest.php" line="178" class="JTD\LaravelMCP\Tests\Unit\Server\Handlers\ResourceHandlerTest" classname="JTD.LaravelMCP.Tests.Unit.Server.Handlers.ResourceHandlerTest" assertions="2" time="0.005421"/>
        <testcase name="handle_resources_read_validates_required_parameters" file="/home/jeremyfall/Internal/JTD-Packages/laravel-mcp.git/main/tests/Unit/Server/Handlers/ResourceHandlerTest.php" line="238" class="JTD\LaravelMCP\Tests\Unit\Server\Handlers\ResourceHandlerTest" classname="JTD.LaravelMCP.Tests.Unit.Server.Handlers.ResourceHandlerTest" assertions="2" time="0.004806"/>
        <testcase name="handle_resources_read_validates_parameter_types" file="/home/jeremyfall/Internal/JTD-Packages/laravel-mcp.git/main/tests/Unit/Server/Handlers/ResourceHandlerTest.php" line="247" class="JTD\LaravelMCP\Tests\Unit\Server\Handlers\ResourceHandlerTest" classname="JTD.LaravelMCP.Tests.Unit.Server.Handlers.ResourceHandlerTest" assertions="2" time="0.004940"/>
        <testcase name="handle_resources_read_throws_error_for_non_existent_resource" file="/home/jeremyfall/Internal/JTD-Packages/laravel-mcp.git/main/tests/Unit/Server/Handlers/ResourceHandlerTest.php" line="256" class="JTD\LaravelMCP\Tests\Unit\Server\Handlers\ResourceHandlerTest" classname="JTD.LaravelMCP.Tests.Unit.Server.Handlers.ResourceHandlerTest" assertions="3" time="0.004660"/>
        <testcase name="handle_resources_read_reads_resource_with_read_method" file="/home/jeremyfall/Internal/JTD-Packages/laravel-mcp.git/main/tests/Unit/Server/Handlers/ResourceHandlerTest.php" line="271" class="JTD\LaravelMCP\Tests\Unit\Server\Handlers\ResourceHandlerTest" classname="JTD.LaravelMCP.Tests.Unit.Server.Handlers.ResourceHandlerTest" assertions="3" time="0.005663"/>
        <testcase name="handle_resources_read_reads_resource_with_get_content_method" file="/home/jeremyfall/Internal/JTD-Packages/laravel-mcp.git/main/tests/Unit/Server/Handlers/ResourceHandlerTest.php" line="301" class="JTD\LaravelMCP\Tests\Unit\Server\Handlers\ResourceHandlerTest" classname="JTD.LaravelMCP.Tests.Unit.Server.Handlers.ResourceHandlerTest" assertions="3" time="0.005564"/>
        <testcase name="handle_resources_read_reads_resource_with_invoke_method" file="/home/jeremyfall/Internal/JTD-Packages/laravel-mcp.git/main/tests/Unit/Server/Handlers/ResourceHandlerTest.php" line="328" class="JTD\LaravelMCP\Tests\Unit\Server\Handlers\ResourceHandlerTest" classname="JTD.LaravelMCP.Tests.Unit.Server.Handlers.ResourceHandlerTest" assertions="3" time="0.005700"/>
        <testcase name="handle_resources_read_throws_error_for_non_readable_resource" file="/home/jeremyfall/Internal/JTD-Packages/laravel-mcp.git/main/tests/Unit/Server/Handlers/ResourceHandlerTest.php" line="400" class="JTD\LaravelMCP\Tests\Unit\Server\Handlers\ResourceHandlerTest" classname="JTD.LaravelMCP.Tests.Unit.Server.Handlers.ResourceHandlerTest" assertions="3" time="0.005553"/>
        <testcase name="handle_resources_read_handles_execution_failures" file="/home/jeremyfall/Internal/JTD-Packages/laravel-mcp.git/main/tests/Unit/Server/Handlers/ResourceHandlerTest.php" line="479" class="JTD\LaravelMCP\Tests\Unit\Server\Handlers\ResourceHandlerTest" classname="JTD.LaravelMCP.Tests.Unit.Server.Handlers.ResourceHandlerTest" assertions="3" time="0.005156"/>
        <testsuite name="JTD\LaravelMCP\Tests\Unit\Server\Handlers\ResourceHandlerTest::get_resource_uri_handles_different_uri_methods" tests="4" assertions="4" errors="0" failures="0" skipped="0" time="0.022973">
          <testcase name="get_resource_uri_handles_different_uri_methods with data set &quot;getUri method&quot;" file="/home/jeremyfall/Internal/JTD-Packages/laravel-mcp.git/main/tests/Unit/Server/Handlers/ResourceHandlerTest.php" line="503" class="JTD\LaravelMCP\Tests\Unit\Server\Handlers\ResourceHandlerTest" classname="JTD.LaravelMCP.Tests.Unit.Server.Handlers.ResourceHandlerTest" assertions="1" time="0.004973"/>
          <testcase name="get_resource_uri_handles_different_uri_methods with data set &quot;uri method&quot;" file="/home/jeremyfall/Internal/JTD-Packages/laravel-mcp.git/main/tests/Unit/Server/Handlers/ResourceHandlerTest.php" line="503" class="JTD\LaravelMCP\Tests\Unit\Server\Handlers\ResourceHandlerTest" classname="JTD.LaravelMCP.Tests.Unit.Server.Handlers.ResourceHandlerTest" assertions="1" time="0.004974"/>
          <testcase name="get_resource_uri_handles_different_uri_methods with data set &quot;uri property&quot;" file="/home/jeremyfall/Internal/JTD-Packages/laravel-mcp.git/main/tests/Unit/Server/Handlers/ResourceHandlerTest.php" line="503" class="JTD\LaravelMCP\Tests\Unit\Server\Handlers\ResourceHandlerTest" classname="JTD.LaravelMCP.Tests.Unit.Server.Handlers.ResourceHandlerTest" assertions="1" time="0.008039"/>
          <testcase name="get_resource_uri_handles_different_uri_methods with data set &quot;no uri (default)&quot;" file="/home/jeremyfall/Internal/JTD-Packages/laravel-mcp.git/main/tests/Unit/Server/Handlers/ResourceHandlerTest.php" line="503" class="JTD\LaravelMCP\Tests\Unit\Server\Handlers\ResourceHandlerTest" classname="JTD.LaravelMCP.Tests.Unit.Server.Handlers.ResourceHandlerTest" assertions="1" time="0.004988"/>
        </testsuite>
        <testsuite name="JTD\LaravelMCP\Tests\Unit\Server\Handlers\ResourceHandlerTest::get_resource_description_handles_different_description_methods" tests="4" assertions="4" errors="0" failures="0" skipped="0" time="0.019875">
          <testcase name="get_resource_description_handles_different_description_methods with data set &quot;getDescription method&quot;" file="/home/jeremyfall/Internal/JTD-Packages/laravel-mcp.git/main/tests/Unit/Server/Handlers/ResourceHandlerTest.php" line="564" class="JTD\LaravelMCP\Tests\Unit\Server\Handlers\ResourceHandlerTest" classname="JTD.LaravelMCP.Tests.Unit.Server.Handlers.ResourceHandlerTest" assertions="1" time="0.005005"/>
          <testcase name="get_resource_description_handles_different_description_methods with data set &quot;description method&quot;" file="/home/jeremyfall/Internal/JTD-Packages/laravel-mcp.git/main/tests/Unit/Server/Handlers/ResourceHandlerTest.php" line="564" class="JTD\LaravelMCP\Tests\Unit\Server\Handlers\ResourceHandlerTest" classname="JTD.LaravelMCP.Tests.Unit.Server.Handlers.ResourceHandlerTest" assertions="1" time="0.005014"/>
          <testcase name="get_resource_description_handles_different_description_methods with data set &quot;description property&quot;" file="/home/jeremyfall/Internal/JTD-Packages/laravel-mcp.git/main/tests/Unit/Server/Handlers/ResourceHandlerTest.php" line="564" class="JTD\LaravelMCP\Tests\Unit\Server\Handlers\ResourceHandlerTest" classname="JTD.LaravelMCP.Tests.Unit.Server.Handlers.ResourceHandlerTest" assertions="1" time="0.004897"/>
          <testcase name="get_resource_description_handles_different_description_methods with data set &quot;no description&quot;" file="/home/jeremyfall/Internal/JTD-Packages/laravel-mcp.git/main/tests/Unit/Server/Handlers/ResourceHandlerTest.php" line="564" class="JTD\LaravelMCP\Tests\Unit\Server\Handlers\ResourceHandlerTest" classname="JTD.LaravelMCP.Tests.Unit.Server.Handlers.ResourceHandlerTest" assertions="1" time="0.004959"/>
        </testsuite>
        <testsuite name="JTD\LaravelMCP\Tests\Unit\Server\Handlers\ResourceHandlerTest::get_resource_mime_type_handles_different_mime_type_methods" tests="4" assertions="4" errors="0" failures="0" skipped="0" time="0.020521">
          <testcase name="get_resource_mime_type_handles_different_mime_type_methods with data set &quot;getMimeType method&quot;" file="/home/jeremyfall/Internal/JTD-Packages/laravel-mcp.git/main/tests/Unit/Server/Handlers/ResourceHandlerTest.php" line="624" class="JTD\LaravelMCP\Tests\Unit\Server\Handlers\ResourceHandlerTest" classname="JTD.LaravelMCP.Tests.Unit.Server.Handlers.ResourceHandlerTest" assertions="1" time="0.005108"/>
          <testcase name="get_resource_mime_type_handles_different_mime_type_methods with data set &quot;mimeType method&quot;" file="/home/jeremyfall/Internal/JTD-Packages/laravel-mcp.git/main/tests/Unit/Server/Handlers/ResourceHandlerTest.php" line="624" class="JTD\LaravelMCP\Tests\Unit\Server\Handlers\ResourceHandlerTest" classname="JTD.LaravelMCP.Tests.Unit.Server.Handlers.ResourceHandlerTest" assertions="1" time="0.005067"/>
          <testcase name="get_resource_mime_type_handles_different_mime_type_methods with data set &quot;mimeType property&quot;" file="/home/jeremyfall/Internal/JTD-Packages/laravel-mcp.git/main/tests/Unit/Server/Handlers/ResourceHandlerTest.php" line="624" class="JTD\LaravelMCP\Tests\Unit\Server\Handlers\ResourceHandlerTest" classname="JTD.LaravelMCP.Tests.Unit.Server.Handlers.ResourceHandlerTest" assertions="1" time="0.005047"/>
          <testcase name="get_resource_mime_type_handles_different_mime_type_methods with data set &quot;no mime type (default)&quot;" file="/home/jeremyfall/Internal/JTD-Packages/laravel-mcp.git/main/tests/Unit/Server/Handlers/ResourceHandlerTest.php" line="624" class="JTD\LaravelMCP\Tests\Unit\Server\Handlers\ResourceHandlerTest" classname="JTD.LaravelMCP.Tests.Unit.Server.Handlers.ResourceHandlerTest" assertions="1" time="0.005299"/>
        </testsuite>
        <testsuite name="JTD\LaravelMCP\Tests\Unit\Server\Handlers\ResourceHandlerTest::get_resource_metadata_handles_different_metadata_methods" tests="3" assertions="10" errors="0" failures="0" skipped="0" time="0.015577">
          <testcase name="get_resource_metadata_handles_different_metadata_methods with data set &quot;getMetadata method&quot;" file="/home/jeremyfall/Internal/JTD-Packages/laravel-mcp.git/main/tests/Unit/Server/Handlers/ResourceHandlerTest.php" line="683" class="JTD\LaravelMCP\Tests\Unit\Server\Handlers\ResourceHandlerTest" classname="JTD.LaravelMCP.Tests.Unit.Server.Handlers.ResourceHandlerTest" assertions="4" time="0.005335"/>
          <testcase name="get_resource_metadata_handles_different_metadata_methods with data set &quot;metadata property&quot;" file="/home/jeremyfall/Internal/JTD-Packages/laravel-mcp.git/main/tests/Unit/Server/Handlers/ResourceHandlerTest.php" line="683" class="JTD\LaravelMCP\Tests\Unit\Server\Handlers\ResourceHandlerTest" classname="JTD.LaravelMCP.Tests.Unit.Server.Handlers.ResourceHandlerTest" assertions="4" time="0.005164"/>
          <testcase name="get_resource_metadata_handles_different_metadata_methods with data set &quot;no metadata&quot;" file="/home/jeremyfall/Internal/JTD-Packages/laravel-mcp.git/main/tests/Unit/Server/Handlers/ResourceHandlerTest.php" line="683" class="JTD\LaravelMCP\Tests\Unit\Server\Handlers\ResourceHandlerTest" classname="JTD.LaravelMCP.Tests.Unit.Server.Handlers.ResourceHandlerTest" assertions="2" time="0.005078"/>
        </testsuite>
        <testcase name="constructor_sets_dependencies_and_handler_name" file="/home/jeremyfall/Internal/JTD-Packages/laravel-mcp.git/main/tests/Unit/Server/Handlers/ResourceHandlerTest.php" line="51" class="JTD\LaravelMCP\Tests\Unit\Server\Handlers\ResourceHandlerTest" classname="JTD.LaravelMCP.Tests.Unit.Server.Handlers.ResourceHandlerTest" assertions="2" time="0.005103"/>
        <testcase name="get_supported_methods_returns_resource_methods" file="/home/jeremyfall/Internal/JTD-Packages/laravel-mcp.git/main/tests/Unit/Server/Handlers/ResourceHandlerTest.php" line="60" class="JTD\LaravelMCP\Tests\Unit\Server\Handlers\ResourceHandlerTest" classname="JTD.LaravelMCP.Tests.Unit.Server.Handlers.ResourceHandlerTest" assertions="1" time="0.004908"/>
        <testcase name="supports_method_returns_true_for_supported_methods" file="/home/jeremyfall/Internal/JTD-Packages/laravel-mcp.git/main/tests/Unit/Server/Handlers/ResourceHandlerTest.php" line="68" class="JTD\LaravelMCP\Tests\Unit\Server\Handlers\ResourceHandlerTest" classname="JTD.LaravelMCP.Tests.Unit.Server.Handlers.ResourceHandlerTest" assertions="2" time="0.005000"/>
        <testcase name="supports_method_returns_false_for_unsupported_methods" file="/home/jeremyfall/Internal/JTD-Packages/laravel-mcp.git/main/tests/Unit/Server/Handlers/ResourceHandlerTest.php" line="75" class="JTD\LaravelMCP\Tests\Unit\Server\Handlers\ResourceHandlerTest" classname="JTD.LaravelMCP.Tests.Unit.Server.Handlers.ResourceHandlerTest" assertions="2" time="0.005033"/>
        <testcase name="handle_resources_list_returns_empty_resources_array_when_no_resources" file="/home/jeremyfall/Internal/JTD-Packages/laravel-mcp.git/main/tests/Unit/Server/Handlers/ResourceHandlerTest.php" line="92" class="JTD\LaravelMCP\Tests\Unit\Server\Handlers\ResourceHandlerTest" classname="JTD.LaravelMCP.Tests.Unit.Server.Handlers.ResourceHandlerTest" assertions="4" time="0.005612"/>
        <testcase name="handle_resources_list_applies_cursor_pagination" file="/home/jeremyfall/Internal/JTD-Packages/laravel-mcp.git/main/tests/Unit/Server/Handlers/ResourceHandlerTest.php" line="187" class="JTD\LaravelMCP\Tests\Unit\Server\Handlers\ResourceHandlerTest" classname="JTD.LaravelMCP.Tests.Unit.Server.Handlers.ResourceHandlerTest" assertions="3" time="0.005502"/>
        <testcase name="handle_resources_read_reads_callable_resource" file="/home/jeremyfall/Internal/JTD-Packages/laravel-mcp.git/main/tests/Unit/Server/Handlers/ResourceHandlerTest.php" line="358" class="JTD\LaravelMCP\Tests\Unit\Server\Handlers\ResourceHandlerTest" classname="JTD.LaravelMCP.Tests.Unit.Server.Handlers.ResourceHandlerTest" assertions="2" time="0.005513"/>
        <testcase name="handle_resources_list_includes_next_cursor_when_more_resources_available" file="/home/jeremyfall/Internal/JTD-Packages/laravel-mcp.git/main/tests/Unit/Server/Handlers/ResourceHandlerTest.php" line="213" class="JTD\LaravelMCP\Tests\Unit\Server\Handlers\ResourceHandlerTest" classname="JTD.LaravelMCP.Tests.Unit.Server.Handlers.ResourceHandlerTest" assertions="4" time="0.008386"/>
      </testsuite>
      <testsuite name="JTD\LaravelMCP\Tests\Unit\Server\Handlers\ToolHandlerTest" file="/home/jeremyfall/Internal/JTD-Packages/laravel-mcp.git/main/tests/Unit/Server/Handlers/ToolHandlerTest.php" tests="35" assertions="76" errors="0" failures="0" skipped="0" time="0.185776">
        <testcase name="handle_tools_call_throws_error_for_non_executable_tool" file="/home/jeremyfall/Internal/JTD-Packages/laravel-mcp.git/main/tests/Unit/Server/Handlers/ToolHandlerTest.php" line="367" class="JTD\LaravelMCP\Tests\Unit\Server\Handlers\ToolHandlerTest" classname="JTD.LaravelMCP.Tests.Unit.Server.Handlers.ToolHandlerTest" assertions="2" time="0.004807"/>
        <testcase name="handle_throws_protocol_exception_for_unsupported_method" file="/home/jeremyfall/Internal/JTD-Packages/laravel-mcp.git/main/tests/Unit/Server/Handlers/ToolHandlerTest.php" line="82" class="JTD\LaravelMCP\Tests\Unit\Server\Handlers\ToolHandlerTest" classname="JTD.LaravelMCP.Tests.Unit.Server.Handlers.ToolHandlerTest" assertions="3" time="0.004377"/>
        <testcase name="handle_tools_list_returns_tool_definitions" file="/home/jeremyfall/Internal/JTD-Packages/laravel-mcp.git/main/tests/Unit/Server/Handlers/ToolHandlerTest.php" line="108" class="JTD\LaravelMCP\Tests\Unit\Server\Handlers\ToolHandlerTest" classname="JTD.LaravelMCP.Tests.Unit.Server.Handlers.ToolHandlerTest" assertions="5" time="0.004829"/>
        <testcase name="handle_tools_list_handles_tool_definition_failures_gracefully" file="/home/jeremyfall/Internal/JTD-Packages/laravel-mcp.git/main/tests/Unit/Server/Handlers/ToolHandlerTest.php" line="137" class="JTD\LaravelMCP\Tests\Unit\Server\Handlers\ToolHandlerTest" classname="JTD.LaravelMCP.Tests.Unit.Server.Handlers.ToolHandlerTest" assertions="8" time="0.005001"/>
        <testcase name="handle_tools_list_validates_cursor_parameter" file="/home/jeremyfall/Internal/JTD-Packages/laravel-mcp.git/main/tests/Unit/Server/Handlers/ToolHandlerTest.php" line="176" class="JTD\LaravelMCP\Tests\Unit\Server\Handlers\ToolHandlerTest" classname="JTD.LaravelMCP.Tests.Unit.Server.Handlers.ToolHandlerTest" assertions="2" time="0.005118"/>
        <testcase name="handle_tools_call_validates_required_parameters" file="/home/jeremyfall/Internal/JTD-Packages/laravel-mcp.git/main/tests/Unit/Server/Handlers/ToolHandlerTest.php" line="236" class="JTD\LaravelMCP\Tests\Unit\Server\Handlers\ToolHandlerTest" classname="JTD.LaravelMCP.Tests.Unit.Server.Handlers.ToolHandlerTest" assertions="2" time="0.004915"/>
        <testcase name="handle_tools_call_validates_parameter_types" file="/home/jeremyfall/Internal/JTD-Packages/laravel-mcp.git/main/tests/Unit/Server/Handlers/ToolHandlerTest.php" line="245" class="JTD\LaravelMCP\Tests\Unit\Server\Handlers\ToolHandlerTest" classname="JTD.LaravelMCP.Tests.Unit.Server.Handlers.ToolHandlerTest" assertions="2" time="0.005230"/>
        <testcase name="handle_tools_call_executes_tool_with_execute_method" file="/home/jeremyfall/Internal/JTD-Packages/laravel-mcp.git/main/tests/Unit/Server/Handlers/ToolHandlerTest.php" line="270" class="JTD\LaravelMCP\Tests\Unit\Server\Handlers\ToolHandlerTest" classname="JTD.LaravelMCP.Tests.Unit.Server.Handlers.ToolHandlerTest" assertions="6" time="0.005042"/>
        <testcase name="handle_tools_call_executes_tool_with_invoke_method" file="/home/jeremyfall/Internal/JTD-Packages/laravel-mcp.git/main/tests/Unit/Server/Handlers/ToolHandlerTest.php" line="304" class="JTD\LaravelMCP\Tests\Unit\Server\Handlers\ToolHandlerTest" classname="JTD.LaravelMCP.Tests.Unit.Server.Handlers.ToolHandlerTest" assertions="3" time="0.005259"/>
        <testcase name="handle_tools_call_executes_callable_tool" file="/home/jeremyfall/Internal/JTD-Packages/laravel-mcp.git/main/tests/Unit/Server/Handlers/ToolHandlerTest.php" line="339" class="JTD\LaravelMCP\Tests\Unit\Server\Handlers\ToolHandlerTest" classname="JTD.LaravelMCP.Tests.Unit.Server.Handlers.ToolHandlerTest" assertions="2" time="0.004854"/>
        <testcase name="handle_tools_call_validates_arguments_if_tool_supports_it" file="/home/jeremyfall/Internal/JTD-Packages/laravel-mcp.git/main/tests/Unit/Server/Handlers/ToolHandlerTest.php" line="393" class="JTD\LaravelMCP\Tests\Unit\Server\Handlers\ToolHandlerTest" classname="JTD.LaravelMCP.Tests.Unit.Server.Handlers.ToolHandlerTest" assertions="3" time="0.004937"/>
        <testcase name="handle_tools_call_skips_validation_if_tool_does_not_support_it" file="/home/jeremyfall/Internal/JTD-Packages/laravel-mcp.git/main/tests/Unit/Server/Handlers/ToolHandlerTest.php" line="424" class="JTD\LaravelMCP\Tests\Unit\Server\Handlers\ToolHandlerTest" classname="JTD.LaravelMCP.Tests.Unit.Server.Handlers.ToolHandlerTest" assertions="1" time="0.005097"/>
        <testcase name="handle_tools_call_returns_error_response_for_execution_failures" file="/home/jeremyfall/Internal/JTD-Packages/laravel-mcp.git/main/tests/Unit/Server/Handlers/ToolHandlerTest.php" line="453" class="JTD\LaravelMCP\Tests\Unit\Server\Handlers\ToolHandlerTest" classname="JTD.LaravelMCP.Tests.Unit.Server.Handlers.ToolHandlerTest" assertions="2" time="0.005076"/>
        <testcase name="handle_tools_call_uses_default_empty_arguments_when_not_provided" file="/home/jeremyfall/Internal/JTD-Packages/laravel-mcp.git/main/tests/Unit/Server/Handlers/ToolHandlerTest.php" line="481" class="JTD\LaravelMCP\Tests\Unit\Server\Handlers\ToolHandlerTest" classname="JTD.LaravelMCP.Tests.Unit.Server.Handlers.ToolHandlerTest" assertions="1" time="0.005172"/>
        <testcase name="handle_tools_call_throws_error_for_non_existent_tool" file="/home/jeremyfall/Internal/JTD-Packages/laravel-mcp.git/main/tests/Unit/Server/Handlers/ToolHandlerTest.php" line="254" class="JTD\LaravelMCP\Tests\Unit\Server\Handlers\ToolHandlerTest" classname="JTD.LaravelMCP.Tests.Unit.Server.Handlers.ToolHandlerTest" assertions="3" time="0.005070"/>
        <testsuite name="JTD\LaravelMCP\Tests\Unit\Server\Handlers\ToolHandlerTest::get_tool_description_handles_different_description_methods" tests="4" assertions="4" errors="0" failures="0" skipped="0" time="0.020088">
          <testcase name="get_tool_description_handles_different_description_methods with data set &quot;getDescription method&quot;" file="/home/jeremyfall/Internal/JTD-Packages/laravel-mcp.git/main/tests/Unit/Server/Handlers/ToolHandlerTest.php" line="511" class="JTD\LaravelMCP\Tests\Unit\Server\Handlers\ToolHandlerTest" classname="JTD.LaravelMCP.Tests.Unit.Server.Handlers.ToolHandlerTest" assertions="1" time="0.004821"/>
          <testcase name="get_tool_description_handles_different_description_methods with data set &quot;description method&quot;" file="/home/jeremyfall/Internal/JTD-Packages/laravel-mcp.git/main/tests/Unit/Server/Handlers/ToolHandlerTest.php" line="511" class="JTD\LaravelMCP\Tests\Unit\Server\Handlers\ToolHandlerTest" classname="JTD.LaravelMCP.Tests.Unit.Server.Handlers.ToolHandlerTest" assertions="1" time="0.005131"/>
          <testcase name="get_tool_description_handles_different_description_methods with data set &quot;description property&quot;" file="/home/jeremyfall/Internal/JTD-Packages/laravel-mcp.git/main/tests/Unit/Server/Handlers/ToolHandlerTest.php" line="511" class="JTD\LaravelMCP\Tests\Unit\Server\Handlers\ToolHandlerTest" classname="JTD.LaravelMCP.Tests.Unit.Server.Handlers.ToolHandlerTest" assertions="1" time="0.005141"/>
          <testcase name="get_tool_description_handles_different_description_methods with data set &quot;no description&quot;" file="/home/jeremyfall/Internal/JTD-Packages/laravel-mcp.git/main/tests/Unit/Server/Handlers/ToolHandlerTest.php" line="511" class="JTD\LaravelMCP\Tests\Unit\Server\Handlers\ToolHandlerTest" classname="JTD.LaravelMCP.Tests.Unit.Server.Handlers.ToolHandlerTest" assertions="1" time="0.004995"/>
        </testsuite>
        <testsuite name="JTD\LaravelMCP\Tests\Unit\Server\Handlers\ToolHandlerTest::get_tool_input_schema_handles_different_schema_methods" tests="4" assertions="4" errors="0" failures="0" skipped="0" time="0.020841">
          <testcase name="get_tool_input_schema_handles_different_schema_methods with data set &quot;getInputSchema method&quot;" file="/home/jeremyfall/Internal/JTD-Packages/laravel-mcp.git/main/tests/Unit/Server/Handlers/ToolHandlerTest.php" line="557" class="JTD\LaravelMCP\Tests\Unit\Server\Handlers\ToolHandlerTest" classname="JTD.LaravelMCP.Tests.Unit.Server.Handlers.ToolHandlerTest" assertions="1" time="0.004915"/>
          <testcase name="get_tool_input_schema_handles_different_schema_methods with data set &quot;inputSchema method&quot;" file="/home/jeremyfall/Internal/JTD-Packages/laravel-mcp.git/main/tests/Unit/Server/Handlers/ToolHandlerTest.php" line="557" class="JTD\LaravelMCP\Tests\Unit\Server\Handlers\ToolHandlerTest" classname="JTD.LaravelMCP.Tests.Unit.Server.Handlers.ToolHandlerTest" assertions="1" time="0.005172"/>
          <testcase name="get_tool_input_schema_handles_different_schema_methods with data set &quot;inputSchema property&quot;" file="/home/jeremyfall/Internal/JTD-Packages/laravel-mcp.git/main/tests/Unit/Server/Handlers/ToolHandlerTest.php" line="557" class="JTD\LaravelMCP\Tests\Unit\Server\Handlers\ToolHandlerTest" classname="JTD.LaravelMCP.Tests.Unit.Server.Handlers.ToolHandlerTest" assertions="1" time="0.005052"/>
          <testcase name="get_tool_input_schema_handles_different_schema_methods with data set &quot;no input schema&quot;" file="/home/jeremyfall/Internal/JTD-Packages/laravel-mcp.git/main/tests/Unit/Server/Handlers/ToolHandlerTest.php" line="557" class="JTD\LaravelMCP\Tests\Unit\Server\Handlers\ToolHandlerTest" classname="JTD.LaravelMCP.Tests.Unit.Server.Handlers.ToolHandlerTest" assertions="1" time="0.005703"/>
        </testsuite>
        <testsuite name="JTD\LaravelMCP\Tests\Unit\Server\Handlers\ToolHandlerTest::get_content_type_determines_correct_type" tests="5" assertions="5" errors="0" failures="0" skipped="0" time="0.027564">
          <testcase name="get_content_type_determines_correct_type with data set &quot;string content&quot;" file="/home/jeremyfall/Internal/JTD-Packages/laravel-mcp.git/main/tests/Unit/Server/Handlers/ToolHandlerTest.php" line="620" class="JTD\LaravelMCP\Tests\Unit\Server\Handlers\ToolHandlerTest" classname="JTD.LaravelMCP.Tests.Unit.Server.Handlers.ToolHandlerTest" assertions="1" time="0.005462"/>
          <testcase name="get_content_type_determines_correct_type with data set &quot;array content&quot;" file="/home/jeremyfall/Internal/JTD-Packages/laravel-mcp.git/main/tests/Unit/Server/Handlers/ToolHandlerTest.php" line="620" class="JTD\LaravelMCP\Tests\Unit\Server\Handlers\ToolHandlerTest" classname="JTD.LaravelMCP.Tests.Unit.Server.Handlers.ToolHandlerTest" assertions="1" time="0.005352"/>
          <testcase name="get_content_type_determines_correct_type with data set &quot;object content&quot;" file="/home/jeremyfall/Internal/JTD-Packages/laravel-mcp.git/main/tests/Unit/Server/Handlers/ToolHandlerTest.php" line="620" class="JTD\LaravelMCP\Tests\Unit\Server\Handlers\ToolHandlerTest" classname="JTD.LaravelMCP.Tests.Unit.Server.Handlers.ToolHandlerTest" assertions="1" time="0.005652"/>
          <testcase name="get_content_type_determines_correct_type with data set &quot;number content&quot;" file="/home/jeremyfall/Internal/JTD-Packages/laravel-mcp.git/main/tests/Unit/Server/Handlers/ToolHandlerTest.php" line="620" class="JTD\LaravelMCP\Tests\Unit\Server\Handlers\ToolHandlerTest" classname="JTD.LaravelMCP.Tests.Unit.Server.Handlers.ToolHandlerTest" assertions="1" time="0.005625"/>
          <testcase name="get_content_type_determines_correct_type with data set &quot;boolean content&quot;" file="/home/jeremyfall/Internal/JTD-Packages/laravel-mcp.git/main/tests/Unit/Server/Handlers/ToolHandlerTest.php" line="620" class="JTD\LaravelMCP\Tests\Unit\Server\Handlers\ToolHandlerTest" classname="JTD.LaravelMCP.Tests.Unit.Server.Handlers.ToolHandlerTest" assertions="1" time="0.005472"/>
        </testsuite>
        <testcase name="get_supported_methods_returns_tool_methods" file="/home/jeremyfall/Internal/JTD-Packages/laravel-mcp.git/main/tests/Unit/Server/Handlers/ToolHandlerTest.php" line="60" class="JTD\LaravelMCP\Tests\Unit\Server\Handlers\ToolHandlerTest" classname="JTD.LaravelMCP.Tests.Unit.Server.Handlers.ToolHandlerTest" assertions="1" time="0.004877"/>
        <testcase name="supports_method_returns_true_for_supported_methods" file="/home/jeremyfall/Internal/JTD-Packages/laravel-mcp.git/main/tests/Unit/Server/Handlers/ToolHandlerTest.php" line="68" class="JTD\LaravelMCP\Tests\Unit\Server\Handlers\ToolHandlerTest" classname="JTD.LaravelMCP.Tests.Unit.Server.Handlers.ToolHandlerTest" assertions="2" time="0.005016"/>
        <testcase name="constructor_sets_dependencies_and_handler_name" file="/home/jeremyfall/Internal/JTD-Packages/laravel-mcp.git/main/tests/Unit/Server/Handlers/ToolHandlerTest.php" line="51" class="JTD\LaravelMCP\Tests\Unit\Server\Handlers\ToolHandlerTest" classname="JTD.LaravelMCP.Tests.Unit.Server.Handlers.ToolHandlerTest" assertions="2" time="0.004984"/>
        <testcase name="supports_method_returns_false_for_unsupported_methods" file="/home/jeremyfall/Internal/JTD-Packages/laravel-mcp.git/main/tests/Unit/Server/Handlers/ToolHandlerTest.php" line="75" class="JTD\LaravelMCP\Tests\Unit\Server\Handlers\ToolHandlerTest" classname="JTD.LaravelMCP.Tests.Unit.Server.Handlers.ToolHandlerTest" assertions="2" time="0.005039"/>
        <testcase name="handle_tools_list_returns_empty_tools_array_when_no_tools" file="/home/jeremyfall/Internal/JTD-Packages/laravel-mcp.git/main/tests/Unit/Server/Handlers/ToolHandlerTest.php" line="92" class="JTD\LaravelMCP\Tests\Unit\Server\Handlers\ToolHandlerTest" classname="JTD.LaravelMCP.Tests.Unit.Server.Handlers.ToolHandlerTest" assertions="4" time="0.005258"/>
        <testcase name="handle_tools_list_applies_cursor_pagination" file="/home/jeremyfall/Internal/JTD-Packages/laravel-mcp.git/main/tests/Unit/Server/Handlers/ToolHandlerTest.php" line="185" class="JTD\LaravelMCP\Tests\Unit\Server\Handlers\ToolHandlerTest" classname="JTD.LaravelMCP.Tests.Unit.Server.Handlers.ToolHandlerTest" assertions="3" time="0.009185"/>
        <testcase name="handle_tools_list_includes_next_cursor_when_more_tools_available" file="/home/jeremyfall/Internal/JTD-Packages/laravel-mcp.git/main/tests/Unit/Server/Handlers/ToolHandlerTest.php" line="211" class="JTD\LaravelMCP\Tests\Unit\Server\Handlers\ToolHandlerTest" classname="JTD.LaravelMCP.Tests.Unit.Server.Handlers.ToolHandlerTest" assertions="4" time="0.008141"/>
      </testsuite>
      <testsuite name="JTD\LaravelMCP\Tests\Unit\Server\McpServerTest" file="/home/jeremyfall/Internal/JTD-Packages/laravel-mcp.git/main/tests/Unit/Server/McpServerTest.php" tests="27" assertions="65" errors="0" failures="0" skipped="0" time="1.149530">
        <testcase name="test_can_initialize_server" file="/home/jeremyfall/Internal/JTD-Packages/laravel-mcp.git/main/tests/Unit/Server/McpServerTest.php" line="86" class="JTD\LaravelMCP\Tests\Unit\Server\McpServerTest" classname="JTD.LaravelMCP.Tests.Unit.Server.McpServerTest" assertions="5" time="0.010204"/>
        <testcase name="test_cannot_initialize_server_twice" file="/home/jeremyfall/Internal/JTD-Packages/laravel-mcp.git/main/tests/Unit/Server/McpServerTest.php" line="129" class="JTD\LaravelMCP\Tests\Unit\Server\McpServerTest" classname="JTD.LaravelMCP.Tests.Unit.Server.McpServerTest" assertions="1" time="0.005143"/>
        <testcase name="test_can_start_server_after_initialization" file="/home/jeremyfall/Internal/JTD-Packages/laravel-mcp.git/main/tests/Unit/Server/McpServerTest.php" line="152" class="JTD\LaravelMCP\Tests\Unit\Server\McpServerTest" classname="JTD.LaravelMCP.Tests.Unit.Server.McpServerTest" assertions="1" time="0.005049"/>
        <testcase name="test_start_is_idempotent" file="/home/jeremyfall/Internal/JTD-Packages/laravel-mcp.git/main/tests/Unit/Server/McpServerTest.php" line="178" class="JTD\LaravelMCP\Tests\Unit\Server\McpServerTest" classname="JTD.LaravelMCP.Tests.Unit.Server.McpServerTest" assertions="1" time="0.005401"/>
        <testcase name="test_can_get_server_status" file="/home/jeremyfall/Internal/JTD-Packages/laravel-mcp.git/main/tests/Unit/Server/McpServerTest.php" line="233" class="JTD\LaravelMCP\Tests\Unit\Server\McpServerTest" classname="JTD.LaravelMCP.Tests.Unit.Server.McpServerTest" assertions="8" time="0.005439"/>
        <testcase name="test_can_increment_request_count" file="/home/jeremyfall/Internal/JTD-Packages/laravel-mcp.git/main/tests/Unit/Server/McpServerTest.php" line="414" class="JTD\LaravelMCP\Tests\Unit\Server\McpServerTest" classname="JTD.LaravelMCP.Tests.Unit.Server.McpServerTest" assertions="1" time="0.004796"/>
        <testcase name="test_can_increment_error_count" file="/home/jeremyfall/Internal/JTD-Packages/laravel-mcp.git/main/tests/Unit/Server/McpServerTest.php" line="424" class="JTD\LaravelMCP\Tests\Unit\Server\McpServerTest" classname="JTD.LaravelMCP.Tests.Unit.Server.McpServerTest" assertions="1" time="0.005340"/>
        <testcase name="test_handles_stop_errors" file="/home/jeremyfall/Internal/JTD-Packages/laravel-mcp.git/main/tests/Unit/Server/McpServerTest.php" line="481" class="JTD\LaravelMCP\Tests\Unit\Server\McpServerTest" classname="JTD.LaravelMCP.Tests.Unit.Server.McpServerTest" assertions="2" time="0.006021"/>
        <testcase name="test_can_stop_running_server" file="/home/jeremyfall/Internal/JTD-Packages/laravel-mcp.git/main/tests/Unit/Server/McpServerTest.php" line="193" class="JTD\LaravelMCP\Tests\Unit\Server\McpServerTest" classname="JTD.LaravelMCP.Tests.Unit.Server.McpServerTest" assertions="1" time="0.005749"/>
        <testcase name="test_stop_is_idempotent" file="/home/jeremyfall/Internal/JTD-Packages/laravel-mcp.git/main/tests/Unit/Server/McpServerTest.php" line="206" class="JTD\LaravelMCP\Tests\Unit\Server\McpServerTest" classname="JTD.LaravelMCP.Tests.Unit.Server.McpServerTest" assertions="1" time="0.005964"/>
        <testcase name="test_can_shutdown_gracefully" file="/home/jeremyfall/Internal/JTD-Packages/laravel-mcp.git/main/tests/Unit/Server/McpServerTest.php" line="401" class="JTD\LaravelMCP\Tests\Unit\Server\McpServerTest" classname="JTD.LaravelMCP.Tests.Unit.Server.McpServerTest" assertions="1" time="0.006571"/>
        <testcase name="test_handles_start_errors" file="/home/jeremyfall/Internal/JTD-Packages/laravel-mcp.git/main/tests/Unit/Server/McpServerTest.php" line="467" class="JTD\LaravelMCP\Tests\Unit\Server\McpServerTest" classname="JTD.LaravelMCP.Tests.Unit.Server.McpServerTest" assertions="2" time="0.006482"/>
        <testcase name="test_can_restart_server" file="/home/jeremyfall/Internal/JTD-Packages/laravel-mcp.git/main/tests/Unit/Server/McpServerTest.php" line="220" class="JTD\LaravelMCP\Tests\Unit\Server\McpServerTest" classname="JTD.LaravelMCP.Tests.Unit.Server.McpServerTest" assertions="1" time="1.006737"/>
        <testcase name="test_implements_server_interface" file="/home/jeremyfall/Internal/JTD-Packages/laravel-mcp.git/main/tests/Unit/Server/McpServerTest.php" line="70" class="JTD\LaravelMCP\Tests\Unit\Server\McpServerTest" classname="JTD.LaravelMCP.Tests.Unit.Server.McpServerTest" assertions="1" time="0.005537"/>
        <testcase name="test_can_create_server_instance" file="/home/jeremyfall/Internal/JTD-Packages/laravel-mcp.git/main/tests/Unit/Server/McpServerTest.php" line="75" class="JTD\LaravelMCP\Tests\Unit\Server\McpServerTest" classname="JTD.LaravelMCP.Tests.Unit.Server.McpServerTest" assertions="1" time="0.004652"/>
        <testcase name="test_server_starts_uninitialized_and_not_running" file="/home/jeremyfall/Internal/JTD-Packages/laravel-mcp.git/main/tests/Unit/Server/McpServerTest.php" line="80" class="JTD\LaravelMCP\Tests\Unit\Server\McpServerTest" classname="JTD.LaravelMCP.Tests.Unit.Server.McpServerTest" assertions="2" time="0.004800"/>
        <testcase name="test_can_get_capabilities" file="/home/jeremyfall/Internal/JTD-Packages/laravel-mcp.git/main/tests/Unit/Server/McpServerTest.php" line="301" class="JTD\LaravelMCP\Tests\Unit\Server\McpServerTest" classname="JTD.LaravelMCP.Tests.Unit.Server.McpServerTest" assertions="1" time="0.004685"/>
        <testcase name="test_can_set_and_get_configuration" file="/home/jeremyfall/Internal/JTD-Packages/laravel-mcp.git/main/tests/Unit/Server/McpServerTest.php" line="314" class="JTD\LaravelMCP\Tests\Unit\Server\McpServerTest" classname="JTD.LaravelMCP.Tests.Unit.Server.McpServerTest" assertions="2" time="0.004817"/>
        <testcase name="test_can_get_uptime" file="/home/jeremyfall/Internal/JTD-Packages/laravel-mcp.git/main/tests/Unit/Server/McpServerTest.php" line="359" class="JTD\LaravelMCP\Tests\Unit\Server\McpServerTest" classname="JTD.LaravelMCP.Tests.Unit.Server.McpServerTest" assertions="1" time="0.004715"/>
        <testcase name="test_cannot_start_uninitialized_server" file="/home/jeremyfall/Internal/JTD-Packages/laravel-mcp.git/main/tests/Unit/Server/McpServerTest.php" line="170" class="JTD\LaravelMCP\Tests\Unit\Server\McpServerTest" classname="JTD.LaravelMCP.Tests.Unit.Server.McpServerTest" assertions="2" time="0.004723"/>
        <testcase name="test_can_get_server_health" file="/home/jeremyfall/Internal/JTD-Packages/laravel-mcp.git/main/tests/Unit/Server/McpServerTest.php" line="249" class="JTD\LaravelMCP\Tests\Unit\Server\McpServerTest" classname="JTD.LaravelMCP.Tests.Unit.Server.McpServerTest" assertions="10" time="0.005327"/>
        <testcase name="test_can_get_server_info" file="/home/jeremyfall/Internal/JTD-Packages/laravel-mcp.git/main/tests/Unit/Server/McpServerTest.php" line="284" class="JTD\LaravelMCP\Tests\Unit\Server\McpServerTest" classname="JTD.LaravelMCP.Tests.Unit.Server.McpServerTest" assertions="1" time="0.004774"/>
        <testcase name="test_can_register_transport" file="/home/jeremyfall/Internal/JTD-Packages/laravel-mcp.git/main/tests/Unit/Server/McpServerTest.php" line="325" class="JTD\LaravelMCP\Tests\Unit\Server\McpServerTest" classname="JTD.LaravelMCP.Tests.Unit.Server.McpServerTest" assertions="1" time="0.005044"/>
        <testcase name="test_can_remove_transport" file="/home/jeremyfall/Internal/JTD-Packages/laravel-mcp.git/main/tests/Unit/Server/McpServerTest.php" line="340" class="JTD\LaravelMCP\Tests\Unit\Server\McpServerTest" classname="JTD.LaravelMCP.Tests.Unit.Server.McpServerTest" assertions="1" time="0.005080"/>
        <testcase name="test_can_get_metrics" file="/home/jeremyfall/Internal/JTD-Packages/laravel-mcp.git/main/tests/Unit/Server/McpServerTest.php" line="372" class="JTD\LaravelMCP\Tests\Unit\Server\McpServerTest" classname="JTD.LaravelMCP.Tests.Unit.Server.McpServerTest" assertions="8" time="0.005063"/>
        <testcase name="test_handles_initialization_errors" file="/home/jeremyfall/Internal/JTD-Packages/laravel-mcp.git/main/tests/Unit/Server/McpServerTest.php" line="455" class="JTD\LaravelMCP\Tests\Unit\Server\McpServerTest" classname="JTD.LaravelMCP.Tests.Unit.Server.McpServerTest" assertions="2" time="0.005114"/>
        <testcase name="test_can_get_diagnostics" file="/home/jeremyfall/Internal/JTD-Packages/laravel-mcp.git/main/tests/Unit/Server/McpServerTest.php" line="434" class="JTD\LaravelMCP\Tests\Unit\Server\McpServerTest" classname="JTD.LaravelMCP.Tests.Unit.Server.McpServerTest" assertions="6" time="0.006303"/>
      </testsuite>
      <testsuite name="JTD\LaravelMCP\Tests\Unit\Server\ServerInfoTest" file="/home/jeremyfall/Internal/JTD-Packages/laravel-mcp.git/main/tests/Unit/Server/ServerInfoTest.php" tests="26" assertions="72" errors="0" failures="0" skipped="0" time="1.124795">
        <testcase name="test_implementation_info_is_correct" file="/home/jeremyfall/Internal/JTD-Packages/laravel-mcp.git/main/tests/Unit/Server/ServerInfoTest.php" line="265" class="JTD\LaravelMCP\Tests\Unit\Server\ServerInfoTest" classname="JTD.LaravelMCP.Tests.Unit.Server.ServerInfoTest" assertions="5" time="0.004245"/>
        <testcase name="test_can_create_server_info_instance" file="/home/jeremyfall/Internal/JTD-Packages/laravel-mcp.git/main/tests/Unit/Server/ServerInfoTest.php" line="20" class="JTD\LaravelMCP\Tests\Unit\Server\ServerInfoTest" classname="JTD.LaravelMCP.Tests.Unit.Server.ServerInfoTest" assertions="1" time="0.004185"/>
        <testcase name="test_can_get_basic_info" file="/home/jeremyfall/Internal/JTD-Packages/laravel-mcp.git/main/tests/Unit/Server/ServerInfoTest.php" line="40" class="JTD\LaravelMCP\Tests\Unit\Server\ServerInfoTest" classname="JTD.LaravelMCP.Tests.Unit.Server.ServerInfoTest" assertions="3" time="0.004295"/>
        <testcase name="test_can_get_uptime" file="/home/jeremyfall/Internal/JTD-Packages/laravel-mcp.git/main/tests/Unit/Server/ServerInfoTest.php" line="56" class="JTD\LaravelMCP\Tests\Unit\Server\ServerInfoTest" classname="JTD.LaravelMCP.Tests.Unit.Server.ServerInfoTest" assertions="3" time="0.004308"/>
        <testcase name="test_can_get_start_time" file="/home/jeremyfall/Internal/JTD-Packages/laravel-mcp.git/main/tests/Unit/Server/ServerInfoTest.php" line="64" class="JTD\LaravelMCP\Tests\Unit\Server\ServerInfoTest" classname="JTD.LaravelMCP.Tests.Unit.Server.ServerInfoTest" assertions="3" time="0.004364"/>
        <testcase name="test_can_get_name" file="/home/jeremyfall/Internal/JTD-Packages/laravel-mcp.git/main/tests/Unit/Server/ServerInfoTest.php" line="72" class="JTD\LaravelMCP\Tests\Unit\Server\ServerInfoTest" classname="JTD.LaravelMCP.Tests.Unit.Server.ServerInfoTest" assertions="2" time="0.004453"/>
        <testcase name="test_can_get_version" file="/home/jeremyfall/Internal/JTD-Packages/laravel-mcp.git/main/tests/Unit/Server/ServerInfoTest.php" line="80" class="JTD\LaravelMCP\Tests\Unit\Server\ServerInfoTest" classname="JTD.LaravelMCP.Tests.Unit.Server.ServerInfoTest" assertions="2" time="0.004357"/>
        <testcase name="test_can_get_description" file="/home/jeremyfall/Internal/JTD-Packages/laravel-mcp.git/main/tests/Unit/Server/ServerInfoTest.php" line="88" class="JTD\LaravelMCP\Tests\Unit\Server\ServerInfoTest" classname="JTD.LaravelMCP.Tests.Unit.Server.ServerInfoTest" assertions="2" time="0.004562"/>
        <testcase name="test_can_set_name" file="/home/jeremyfall/Internal/JTD-Packages/laravel-mcp.git/main/tests/Unit/Server/ServerInfoTest.php" line="104" class="JTD\LaravelMCP\Tests\Unit\Server\ServerInfoTest" classname="JTD.LaravelMCP.Tests.Unit.Server.ServerInfoTest" assertions="1" time="0.004412"/>
        <testcase name="test_can_set_version" file="/home/jeremyfall/Internal/JTD-Packages/laravel-mcp.git/main/tests/Unit/Server/ServerInfoTest.php" line="112" class="JTD\LaravelMCP\Tests\Unit\Server\ServerInfoTest" classname="JTD.LaravelMCP.Tests.Unit.Server.ServerInfoTest" assertions="1" time="0.004397"/>
        <testcase name="test_can_set_description" file="/home/jeremyfall/Internal/JTD-Packages/laravel-mcp.git/main/tests/Unit/Server/ServerInfoTest.php" line="120" class="JTD\LaravelMCP\Tests\Unit\Server\ServerInfoTest" classname="JTD.LaravelMCP.Tests.Unit.Server.ServerInfoTest" assertions="1" time="0.004375"/>
        <testcase name="test_can_set_vendor" file="/home/jeremyfall/Internal/JTD-Packages/laravel-mcp.git/main/tests/Unit/Server/ServerInfoTest.php" line="128" class="JTD\LaravelMCP\Tests\Unit\Server\ServerInfoTest" classname="JTD.LaravelMCP.Tests.Unit.Server.ServerInfoTest" assertions="1" time="0.004376"/>
        <testcase name="test_can_update_server_info" file="/home/jeremyfall/Internal/JTD-Packages/laravel-mcp.git/main/tests/Unit/Server/ServerInfoTest.php" line="136" class="JTD\LaravelMCP\Tests\Unit\Server\ServerInfoTest" classname="JTD.LaravelMCP.Tests.Unit.Server.ServerInfoTest" assertions="2" time="0.004462"/>
        <testcase name="test_can_update_runtime_info" file="/home/jeremyfall/Internal/JTD-Packages/laravel-mcp.git/main/tests/Unit/Server/ServerInfoTest.php" line="149" class="JTD\LaravelMCP\Tests\Unit\Server\ServerInfoTest" classname="JTD.LaravelMCP.Tests.Unit.Server.ServerInfoTest" assertions="2" time="0.004357"/>
        <testcase name="test_can_get_status" file="/home/jeremyfall/Internal/JTD-Packages/laravel-mcp.git/main/tests/Unit/Server/ServerInfoTest.php" line="162" class="JTD\LaravelMCP\Tests\Unit\Server\ServerInfoTest" classname="JTD.LaravelMCP.Tests.Unit.Server.ServerInfoTest" assertions="7" time="0.004715"/>
        <testcase name="test_can_get_formatted_uptime" file="/home/jeremyfall/Internal/JTD-Packages/laravel-mcp.git/main/tests/Unit/Server/ServerInfoTest.php" line="185" class="JTD\LaravelMCP\Tests\Unit\Server\ServerInfoTest" classname="JTD.LaravelMCP.Tests.Unit.Server.ServerInfoTest" assertions="2" time="0.004634"/>
        <testcase name="test_can_convert_to_array" file="/home/jeremyfall/Internal/JTD-Packages/laravel-mcp.git/main/tests/Unit/Server/ServerInfoTest.php" line="215" class="JTD\LaravelMCP\Tests\Unit\Server\ServerInfoTest" classname="JTD.LaravelMCP.Tests.Unit.Server.ServerInfoTest" assertions="3" time="0.004755"/>
        <testcase name="test_respects_environment_variables" file="/home/jeremyfall/Internal/JTD-Packages/laravel-mcp.git/main/tests/Unit/Server/ServerInfoTest.php" line="239" class="JTD\LaravelMCP\Tests\Unit\Server\ServerInfoTest" classname="JTD.LaravelMCP.Tests.Unit.Server.ServerInfoTest" assertions="2" time="0.004845"/>
        <testcase name="test_has_default_server_information" file="/home/jeremyfall/Internal/JTD-Packages/laravel-mcp.git/main/tests/Unit/Server/ServerInfoTest.php" line="25" class="JTD\LaravelMCP\Tests\Unit\Server\ServerInfoTest" classname="JTD.LaravelMCP.Tests.Unit.Server.ServerInfoTest" assertions="9" time="0.005277"/>
        <testcase name="test_can_get_protocol_version" file="/home/jeremyfall/Internal/JTD-Packages/laravel-mcp.git/main/tests/Unit/Server/ServerInfoTest.php" line="49" class="JTD\LaravelMCP\Tests\Unit\Server\ServerInfoTest" classname="JTD.LaravelMCP.Tests.Unit.Server.ServerInfoTest" assertions="1" time="0.004647"/>
        <testcase name="test_can_get_vendor" file="/home/jeremyfall/Internal/JTD-Packages/laravel-mcp.git/main/tests/Unit/Server/ServerInfoTest.php" line="96" class="JTD\LaravelMCP\Tests\Unit\Server\ServerInfoTest" classname="JTD.LaravelMCP.Tests.Unit.Server.ServerInfoTest" assertions="2" time="0.004927"/>
        <testcase name="test_can_get_detailed_info" file="/home/jeremyfall/Internal/JTD-Packages/laravel-mcp.git/main/tests/Unit/Server/ServerInfoTest.php" line="175" class="JTD\LaravelMCP\Tests\Unit\Server\ServerInfoTest" classname="JTD.LaravelMCP.Tests.Unit.Server.ServerInfoTest" assertions="4" time="0.005285"/>
        <testcase name="test_can_convert_to_json" file="/home/jeremyfall/Internal/JTD-Packages/laravel-mcp.git/main/tests/Unit/Server/ServerInfoTest.php" line="204" class="JTD\LaravelMCP\Tests\Unit\Server\ServerInfoTest" classname="JTD.LaravelMCP.Tests.Unit.Server.ServerInfoTest" assertions="3" time="0.005341"/>
        <testcase name="test_respects_configuration" file="/home/jeremyfall/Internal/JTD-Packages/laravel-mcp.git/main/tests/Unit/Server/ServerInfoTest.php" line="224" class="JTD\LaravelMCP\Tests\Unit\Server\ServerInfoTest" classname="JTD.LaravelMCP.Tests.Unit.Server.ServerInfoTest" assertions="4" time="0.004929"/>
        <testcase name="test_runtime_info_contains_required_fields" file="/home/jeremyfall/Internal/JTD-Packages/laravel-mcp.git/main/tests/Unit/Server/ServerInfoTest.php" line="253" class="JTD\LaravelMCP\Tests\Unit\Server\ServerInfoTest" classname="JTD.LaravelMCP.Tests.Unit.Server.ServerInfoTest" assertions="5" time="0.006068"/>
        <testcase name="test_can_reset_start_time" file="/home/jeremyfall/Internal/JTD-Packages/laravel-mcp.git/main/tests/Unit/Server/ServerInfoTest.php" line="193" class="JTD\LaravelMCP\Tests\Unit\Server\ServerInfoTest" classname="JTD.LaravelMCP.Tests.Unit.Server.ServerInfoTest" assertions="1" time="1.008225"/>
      </testsuite>
      <testsuite name="JTD\LaravelMCP\Tests\Feature\DirectoryStructureValidationTest" file="/home/jeremyfall/Internal/JTD-Packages/laravel-mcp.git/main/tests/Feature/DirectoryStructureValidationTest.php" tests="20" assertions="93" errors="0" failures="0" skipped="0" time="0.101080">
        <testcase name="it_has_all_required_source_directories" file="/home/jeremyfall/Internal/JTD-Packages/laravel-mcp.git/main/tests/Feature/DirectoryStructureValidationTest.php" line="31" class="JTD\LaravelMCP\Tests\Feature\DirectoryStructureValidationTest" classname="JTD.LaravelMCP.Tests.Feature.DirectoryStructureValidationTest" assertions="17" time="0.005797"/>
        <testcase name="it_has_all_required_configuration_directories" file="/home/jeremyfall/Internal/JTD-Packages/laravel-mcp.git/main/tests/Feature/DirectoryStructureValidationTest.php" line="67" class="JTD\LaravelMCP\Tests\Feature\DirectoryStructureValidationTest" classname="JTD.LaravelMCP.Tests.Feature.DirectoryStructureValidationTest" assertions="6" time="0.004593"/>
        <testcase name="it_has_all_required_test_directories" file="/home/jeremyfall/Internal/JTD-Packages/laravel-mcp.git/main/tests/Feature/DirectoryStructureValidationTest.php" line="92" class="JTD\LaravelMCP\Tests\Feature\DirectoryStructureValidationTest" classname="JTD.LaravelMCP.Tests.Feature.DirectoryStructureValidationTest" assertions="7" time="0.004919"/>
        <testcase name="it_has_all_required_exception_classes" file="/home/jeremyfall/Internal/JTD-Packages/laravel-mcp.git/main/tests/Feature/DirectoryStructureValidationTest.php" line="165" class="JTD\LaravelMCP\Tests\Feature\DirectoryStructureValidationTest" classname="JTD.LaravelMCP.Tests.Feature.DirectoryStructureValidationTest" assertions="4" time="0.004423"/>
        <testcase name="it_has_the_mcp_facade" file="/home/jeremyfall/Internal/JTD-Packages/laravel-mcp.git/main/tests/Feature/DirectoryStructureValidationTest.php" line="188" class="JTD\LaravelMCP\Tests\Feature\DirectoryStructureValidationTest" classname="JTD.LaravelMCP.Tests.Feature.DirectoryStructureValidationTest" assertions="1" time="0.004321"/>
        <testcase name="it_has_console_utilities" file="/home/jeremyfall/Internal/JTD-Packages/laravel-mcp.git/main/tests/Feature/DirectoryStructureValidationTest.php" line="199" class="JTD\LaravelMCP\Tests\Feature\DirectoryStructureValidationTest" classname="JTD.LaravelMCP.Tests.Feature.DirectoryStructureValidationTest" assertions="1" time="0.004343"/>
        <testcase name="it_has_debug_view_template" file="/home/jeremyfall/Internal/JTD-Packages/laravel-mcp.git/main/tests/Feature/DirectoryStructureValidationTest.php" line="242" class="JTD\LaravelMCP\Tests\Feature\DirectoryStructureValidationTest" classname="JTD.LaravelMCP.Tests.Feature.DirectoryStructureValidationTest" assertions="1" time="0.004354"/>
        <testcase name="it_has_base_test_case" file="/home/jeremyfall/Internal/JTD-Packages/laravel-mcp.git/main/tests/Feature/DirectoryStructureValidationTest.php" line="253" class="JTD\LaravelMCP\Tests\Feature\DirectoryStructureValidationTest" classname="JTD.LaravelMCP.Tests.Feature.DirectoryStructureValidationTest" assertions="1" time="0.004301"/>
        <testcase name="it_has_test_fixtures" file="/home/jeremyfall/Internal/JTD-Packages/laravel-mcp.git/main/tests/Feature/DirectoryStructureValidationTest.php" line="264" class="JTD\LaravelMCP\Tests\Feature\DirectoryStructureValidationTest" classname="JTD.LaravelMCP.Tests.Feature.DirectoryStructureValidationTest" assertions="5" time="0.004550"/>
        <testcase name="it_can_load_all_trait_classes" file="/home/jeremyfall/Internal/JTD-Packages/laravel-mcp.git/main/tests/Feature/DirectoryStructureValidationTest.php" line="312" class="JTD\LaravelMCP\Tests\Feature\DirectoryStructureValidationTest" classname="JTD.LaravelMCP.Tests.Feature.DirectoryStructureValidationTest" assertions="3" time="0.008137"/>
        <testcase name="it_can_load_all_exception_classes" file="/home/jeremyfall/Internal/JTD-Packages/laravel-mcp.git/main/tests/Feature/DirectoryStructureValidationTest.php" line="333" class="JTD\LaravelMCP\Tests\Feature\DirectoryStructureValidationTest" classname="JTD.LaravelMCP.Tests.Feature.DirectoryStructureValidationTest" assertions="7" time="0.005333"/>
        <testcase name="it_can_load_mcp_facade" file="/home/jeremyfall/Internal/JTD-Packages/laravel-mcp.git/main/tests/Feature/DirectoryStructureValidationTest.php" line="363" class="JTD\LaravelMCP\Tests\Feature\DirectoryStructureValidationTest" classname="JTD.LaravelMCP.Tests.Feature.DirectoryStructureValidationTest" assertions="2" time="0.004480"/>
        <testcase name="it_can_load_console_utilities" file="/home/jeremyfall/Internal/JTD-Packages/laravel-mcp.git/main/tests/Feature/DirectoryStructureValidationTest.php" line="382" class="JTD\LaravelMCP\Tests\Feature\DirectoryStructureValidationTest" classname="JTD.LaravelMCP.Tests.Feature.DirectoryStructureValidationTest" assertions="1" time="0.005311"/>
        <testcase name="it_can_load_test_fixtures" file="/home/jeremyfall/Internal/JTD-Packages/laravel-mcp.git/main/tests/Feature/DirectoryStructureValidationTest.php" line="396" class="JTD\LaravelMCP\Tests\Feature\DirectoryStructureValidationTest" classname="JTD.LaravelMCP.Tests.Feature.DirectoryStructureValidationTest" assertions="5" time="0.004694"/>
        <testcase name="it_follows_laravel_namespace_patterns" file="/home/jeremyfall/Internal/JTD-Packages/laravel-mcp.git/main/tests/Feature/DirectoryStructureValidationTest.php" line="419" class="JTD\LaravelMCP\Tests\Feature\DirectoryStructureValidationTest" classname="JTD.LaravelMCP.Tests.Feature.DirectoryStructureValidationTest" assertions="7" time="0.005165"/>
        <testcase name="it_supports_psr4_autoloading" file="/home/jeremyfall/Internal/JTD-Packages/laravel-mcp.git/main/tests/Feature/DirectoryStructureValidationTest.php" line="436" class="JTD\LaravelMCP\Tests\Feature\DirectoryStructureValidationTest" classname="JTD.LaravelMCP.Tests.Feature.DirectoryStructureValidationTest" assertions="6" time="0.005327"/>
        <testcase name="it_has_all_required_contract_interfaces" file="/home/jeremyfall/Internal/JTD-Packages/laravel-mcp.git/main/tests/Feature/DirectoryStructureValidationTest.php" line="118" class="JTD\LaravelMCP\Tests\Feature\DirectoryStructureValidationTest" classname="JTD.LaravelMCP.Tests.Feature.DirectoryStructureValidationTest" assertions="6" time="0.005156"/>
        <testcase name="it_has_all_required_foundational_traits" file="/home/jeremyfall/Internal/JTD-Packages/laravel-mcp.git/main/tests/Feature/DirectoryStructureValidationTest.php" line="143" class="JTD\LaravelMCP\Tests\Feature\DirectoryStructureValidationTest" classname="JTD.LaravelMCP.Tests.Feature.DirectoryStructureValidationTest" assertions="3" time="0.005357"/>
        <testcase name="it_has_all_code_generation_stubs" file="/home/jeremyfall/Internal/JTD-Packages/laravel-mcp.git/main/tests/Feature/DirectoryStructureValidationTest.php" line="219" class="JTD\LaravelMCP\Tests\Feature\DirectoryStructureValidationTest" classname="JTD.LaravelMCP.Tests.Feature.DirectoryStructureValidationTest" assertions="4" time="0.005428"/>
        <testcase name="it_can_load_all_contract_interfaces" file="/home/jeremyfall/Internal/JTD-Packages/laravel-mcp.git/main/tests/Feature/DirectoryStructureValidationTest.php" line="288" class="JTD\LaravelMCP\Tests\Feature\DirectoryStructureValidationTest" classname="JTD.LaravelMCP.Tests.Feature.DirectoryStructureValidationTest" assertions="6" time="0.005090"/>
      </testsuite>
      <testsuite name="JTD\LaravelMCP\Tests\Feature\Server\Handlers\HandlerIntegrationTest" file="/home/jeremyfall/Internal/JTD-Packages/laravel-mcp.git/main/tests/Feature/Server/Handlers/HandlerIntegrationTest.php" tests="11" assertions="88" errors="0" failures="0" skipped="0" time="0.069896">
        <testcase name="handlers_handle_error_scenarios_gracefully" file="/home/jeremyfall/Internal/JTD-Packages/laravel-mcp.git/main/tests/Feature/Server/Handlers/HandlerIntegrationTest.php" line="304" class="JTD\LaravelMCP\Tests\Feature\Server\Handlers\HandlerIntegrationTest" classname="JTD.LaravelMCP.Tests.Feature.Server.Handlers.HandlerIntegrationTest" assertions="3" time="0.005735"/>
        <testcase name="handlers_validate_request_parameters_correctly" file="/home/jeremyfall/Internal/JTD-Packages/laravel-mcp.git/main/tests/Feature/Server/Handlers/HandlerIntegrationTest.php" line="336" class="JTD\LaravelMCP\Tests\Feature\Server\Handlers\HandlerIntegrationTest" classname="JTD.LaravelMCP.Tests.Feature.Server.Handlers.HandlerIntegrationTest" assertions="3" time="0.005613"/>
        <testcase name="tool_execution_handles_different_result_types" file="/home/jeremyfall/Internal/JTD-Packages/laravel-mcp.git/main/tests/Feature/Server/Handlers/HandlerIntegrationTest.php" line="407" class="JTD\LaravelMCP\Tests\Feature\Server\Handlers\HandlerIntegrationTest" classname="JTD.LaravelMCP.Tests.Feature.Server.Handlers.HandlerIntegrationTest" assertions="7" time="0.005226"/>
        <testcase name="complete_prompt_workflow_lists_and_gets_prompts" file="/home/jeremyfall/Internal/JTD-Packages/laravel-mcp.git/main/tests/Feature/Server/Handlers/HandlerIntegrationTest.php" line="121" class="JTD\LaravelMCP\Tests\Feature\Server\Handlers\HandlerIntegrationTest" classname="JTD.LaravelMCP.Tests.Feature.Server.Handlers.HandlerIntegrationTest" assertions="13" time="0.005440"/>
        <testcase name="resource_reading_handles_different_content_types" file="/home/jeremyfall/Internal/JTD-Packages/laravel-mcp.git/main/tests/Feature/Server/Handlers/HandlerIntegrationTest.php" line="491" class="JTD\LaravelMCP\Tests\Feature\Server\Handlers\HandlerIntegrationTest" classname="JTD.LaravelMCP.Tests.Feature.Server.Handlers.HandlerIntegrationTest" assertions="7" time="0.005321"/>
        <testcase name="complete_resource_workflow_lists_and_reads_resources" file="/home/jeremyfall/Internal/JTD-Packages/laravel-mcp.git/main/tests/Feature/Server/Handlers/HandlerIntegrationTest.php" line="93" class="JTD\LaravelMCP\Tests\Feature\Server\Handlers\HandlerIntegrationTest" classname="JTD.LaravelMCP.Tests.Feature.Server.Handlers.HandlerIntegrationTest" assertions="10" time="0.005077"/>
        <testcase name="complete_tool_workflow_lists_and_executes_tools" file="/home/jeremyfall/Internal/JTD-Packages/laravel-mcp.git/main/tests/Feature/Server/Handlers/HandlerIntegrationTest.php" line="56" class="JTD\LaravelMCP\Tests\Feature\Server\Handlers\HandlerIntegrationTest" classname="JTD.LaravelMCP.Tests.Feature.Server.Handlers.HandlerIntegrationTest" assertions="12" time="0.005449"/>
        <testcase name="handlers_return_proper_mcp_response_format" file="/home/jeremyfall/Internal/JTD-Packages/laravel-mcp.git/main/tests/Feature/Server/Handlers/HandlerIntegrationTest.php" line="368" class="JTD\LaravelMCP\Tests\Feature\Server\Handlers\HandlerIntegrationTest" classname="JTD.LaravelMCP.Tests.Feature.Server.Handlers.HandlerIntegrationTest" assertions="22" time="0.005791"/>
        <testcase name="resource_handler_manages_pagination_correctly" file="/home/jeremyfall/Internal/JTD-Packages/laravel-mcp.git/main/tests/Feature/Server/Handlers/HandlerIntegrationTest.php" line="214" class="JTD\LaravelMCP\Tests\Feature\Server\Handlers\HandlerIntegrationTest" classname="JTD.LaravelMCP.Tests.Feature.Server.Handlers.HandlerIntegrationTest" assertions="3" time="0.008090"/>
        <testcase name="prompt_handler_manages_pagination_correctly" file="/home/jeremyfall/Internal/JTD-Packages/laravel-mcp.git/main/tests/Feature/Server/Handlers/HandlerIntegrationTest.php" line="262" class="JTD\LaravelMCP\Tests\Feature\Server\Handlers\HandlerIntegrationTest" classname="JTD.LaravelMCP.Tests.Feature.Server.Handlers.HandlerIntegrationTest" assertions="2" time="0.007043"/>
        <testcase name="tool_handler_manages_pagination_correctly" file="/home/jeremyfall/Internal/JTD-Packages/laravel-mcp.git/main/tests/Feature/Server/Handlers/HandlerIntegrationTest.php" line="159" class="JTD\LaravelMCP\Tests\Feature\Server\Handlers\HandlerIntegrationTest" classname="JTD.LaravelMCP.Tests.Feature.Server.Handlers.HandlerIntegrationTest" assertions="6" time="0.011112"/>
      </testsuite>
      <testsuite name="JTD\LaravelMCP\Tests\Unit\Server\Handlers\PromptHandlerTest" file="/home/jeremyfall/Internal/JTD-Packages/laravel-mcp.git/main/tests/Unit/Server/Handlers/PromptHandlerTest.php" tests="45" assertions="102" errors="0" failures="0" skipped="0" time="0.254836">
        <testcase name="handle_throws_protocol_exception_for_unsupported_method" file="/home/jeremyfall/Internal/JTD-Packages/laravel-mcp.git/main/tests/Unit/Server/Handlers/PromptHandlerTest.php" line="82" class="JTD\LaravelMCP\Tests\Unit\Server\Handlers\PromptHandlerTest" classname="JTD.LaravelMCP.Tests.Unit.Server.Handlers.PromptHandlerTest" assertions="3" time="0.004753"/>
        <testcase name="handle_prompts_list_returns_prompt_definitions" file="/home/jeremyfall/Internal/JTD-Packages/laravel-mcp.git/main/tests/Unit/Server/Handlers/PromptHandlerTest.php" line="108" class="JTD\LaravelMCP\Tests\Unit\Server\Handlers\PromptHandlerTest" classname="JTD.LaravelMCP.Tests.Unit.Server.Handlers.PromptHandlerTest" assertions="5" time="0.004823"/>
        <testcase name="handle_prompts_list_handles_prompt_definition_failures_gracefully" file="/home/jeremyfall/Internal/JTD-Packages/laravel-mcp.git/main/tests/Unit/Server/Handlers/PromptHandlerTest.php" line="135" class="JTD\LaravelMCP\Tests\Unit\Server\Handlers\PromptHandlerTest" classname="JTD.LaravelMCP.Tests.Unit.Server.Handlers.PromptHandlerTest" assertions="6" time="0.005259"/>
        <testcase name="handle_prompts_list_validates_cursor_parameter" file="/home/jeremyfall/Internal/JTD-Packages/laravel-mcp.git/main/tests/Unit/Server/Handlers/PromptHandlerTest.php" line="172" class="JTD\LaravelMCP\Tests\Unit\Server\Handlers\PromptHandlerTest" classname="JTD.LaravelMCP.Tests.Unit.Server.Handlers.PromptHandlerTest" assertions="2" time="0.005443"/>
        <testcase name="handle_prompts_get_validates_required_parameters" file="/home/jeremyfall/Internal/JTD-Packages/laravel-mcp.git/main/tests/Unit/Server/Handlers/PromptHandlerTest.php" line="232" class="JTD\LaravelMCP\Tests\Unit\Server\Handlers\PromptHandlerTest" classname="JTD.LaravelMCP.Tests.Unit.Server.Handlers.PromptHandlerTest" assertions="2" time="0.005146"/>
        <testcase name="handle_prompts_get_validates_parameter_types" file="/home/jeremyfall/Internal/JTD-Packages/laravel-mcp.git/main/tests/Unit/Server/Handlers/PromptHandlerTest.php" line="241" class="JTD\LaravelMCP\Tests\Unit\Server\Handlers\PromptHandlerTest" classname="JTD.LaravelMCP.Tests.Unit.Server.Handlers.PromptHandlerTest" assertions="2" time="0.004876"/>
        <testcase name="handle_prompts_get_throws_error_for_non_existent_prompt" file="/home/jeremyfall/Internal/JTD-Packages/laravel-mcp.git/main/tests/Unit/Server/Handlers/PromptHandlerTest.php" line="250" class="JTD\LaravelMCP\Tests\Unit\Server\Handlers\PromptHandlerTest" classname="JTD.LaravelMCP.Tests.Unit.Server.Handlers.PromptHandlerTest" assertions="3" time="0.004670"/>
        <testcase name="handle_prompts_get_processes_prompt_with_process_method" file="/home/jeremyfall/Internal/JTD-Packages/laravel-mcp.git/main/tests/Unit/Server/Handlers/PromptHandlerTest.php" line="266" class="JTD\LaravelMCP\Tests\Unit\Server\Handlers\PromptHandlerTest" classname="JTD.LaravelMCP.Tests.Unit.Server.Handlers.PromptHandlerTest" assertions="6" time="0.005214"/>
        <testcase name="handle_prompts_get_processes_prompt_with_get_method" file="/home/jeremyfall/Internal/JTD-Packages/laravel-mcp.git/main/tests/Unit/Server/Handlers/PromptHandlerTest.php" line="306" class="JTD\LaravelMCP\Tests\Unit\Server\Handlers\PromptHandlerTest" classname="JTD.LaravelMCP.Tests.Unit.Server.Handlers.PromptHandlerTest" assertions="3" time="0.005118"/>
        <testcase name="handle_prompts_get_processes_prompt_with_invoke_method" file="/home/jeremyfall/Internal/JTD-Packages/laravel-mcp.git/main/tests/Unit/Server/Handlers/PromptHandlerTest.php" line="341" class="JTD\LaravelMCP\Tests\Unit\Server\Handlers\PromptHandlerTest" classname="JTD.LaravelMCP.Tests.Unit.Server.Handlers.PromptHandlerTest" assertions="4" time="0.005017"/>
        <testcase name="handle_prompts_get_throws_error_for_non_processable_prompt" file="/home/jeremyfall/Internal/JTD-Packages/laravel-mcp.git/main/tests/Unit/Server/Handlers/PromptHandlerTest.php" line="426" class="JTD\LaravelMCP\Tests\Unit\Server\Handlers\PromptHandlerTest" classname="JTD.LaravelMCP.Tests.Unit.Server.Handlers.PromptHandlerTest" assertions="3" time="0.004937"/>
        <testcase name="handle_prompts_get_validates_arguments_if_prompt_supports_it" file="/home/jeremyfall/Internal/JTD-Packages/laravel-mcp.git/main/tests/Unit/Server/Handlers/PromptHandlerTest.php" line="461" class="JTD\LaravelMCP\Tests\Unit\Server\Handlers\PromptHandlerTest" classname="JTD.LaravelMCP.Tests.Unit.Server.Handlers.PromptHandlerTest" assertions="3" time="0.004976"/>
        <testcase name="handle_prompts_get_skips_validation_if_prompt_does_not_support_it" file="/home/jeremyfall/Internal/JTD-Packages/laravel-mcp.git/main/tests/Unit/Server/Handlers/PromptHandlerTest.php" line="492" class="JTD\LaravelMCP\Tests\Unit\Server\Handlers\PromptHandlerTest" classname="JTD.LaravelMCP.Tests.Unit.Server.Handlers.PromptHandlerTest" assertions="2" time="0.004954"/>
        <testcase name="handle_prompts_get_handles_processing_failures" file="/home/jeremyfall/Internal/JTD-Packages/laravel-mcp.git/main/tests/Unit/Server/Handlers/PromptHandlerTest.php" line="523" class="JTD\LaravelMCP\Tests\Unit\Server\Handlers\PromptHandlerTest" classname="JTD.LaravelMCP.Tests.Unit.Server.Handlers.PromptHandlerTest" assertions="3" time="0.005068"/>
        <testcase name="handle_prompts_get_uses_default_empty_arguments_when_not_provided" file="/home/jeremyfall/Internal/JTD-Packages/laravel-mcp.git/main/tests/Unit/Server/Handlers/PromptHandlerTest.php" line="559" class="JTD\LaravelMCP\Tests\Unit\Server\Handlers\PromptHandlerTest" classname="JTD.LaravelMCP.Tests.Unit.Server.Handlers.PromptHandlerTest" assertions="2" time="0.005152"/>
        <testsuite name="JTD\LaravelMCP\Tests\Unit\Server\Handlers\PromptHandlerTest::get_prompt_description_handles_different_description_methods" tests="4" assertions="4" errors="0" failures="0" skipped="0" time="0.021722">
          <testcase name="get_prompt_description_handles_different_description_methods with data set &quot;getDescription method&quot;" file="/home/jeremyfall/Internal/JTD-Packages/laravel-mcp.git/main/tests/Unit/Server/Handlers/PromptHandlerTest.php" line="591" class="JTD\LaravelMCP\Tests\Unit\Server\Handlers\PromptHandlerTest" classname="JTD.LaravelMCP.Tests.Unit.Server.Handlers.PromptHandlerTest" assertions="1" time="0.004898"/>
          <testcase name="get_prompt_description_handles_different_description_methods with data set &quot;description method&quot;" file="/home/jeremyfall/Internal/JTD-Packages/laravel-mcp.git/main/tests/Unit/Server/Handlers/PromptHandlerTest.php" line="591" class="JTD\LaravelMCP\Tests\Unit\Server\Handlers\PromptHandlerTest" classname="JTD.LaravelMCP.Tests.Unit.Server.Handlers.PromptHandlerTest" assertions="1" time="0.005469"/>
          <testcase name="get_prompt_description_handles_different_description_methods with data set &quot;description property&quot;" file="/home/jeremyfall/Internal/JTD-Packages/laravel-mcp.git/main/tests/Unit/Server/Handlers/PromptHandlerTest.php" line="591" class="JTD\LaravelMCP\Tests\Unit\Server\Handlers\PromptHandlerTest" classname="JTD.LaravelMCP.Tests.Unit.Server.Handlers.PromptHandlerTest" assertions="1" time="0.005559"/>
          <testcase name="get_prompt_description_handles_different_description_methods with data set &quot;no description&quot;" file="/home/jeremyfall/Internal/JTD-Packages/laravel-mcp.git/main/tests/Unit/Server/Handlers/PromptHandlerTest.php" line="591" class="JTD\LaravelMCP\Tests\Unit\Server\Handlers\PromptHandlerTest" classname="JTD.LaravelMCP.Tests.Unit.Server.Handlers.PromptHandlerTest" assertions="1" time="0.005797"/>
        </testsuite>
        <testsuite name="JTD\LaravelMCP\Tests\Unit\Server\Handlers\PromptHandlerTest::get_prompt_arguments_handles_different_arguments_methods" tests="4" assertions="4" errors="0" failures="0" skipped="0" time="0.023305">
          <testcase name="get_prompt_arguments_handles_different_arguments_methods with data set &quot;getArguments method&quot;" file="/home/jeremyfall/Internal/JTD-Packages/laravel-mcp.git/main/tests/Unit/Server/Handlers/PromptHandlerTest.php" line="639" class="JTD\LaravelMCP\Tests\Unit\Server\Handlers\PromptHandlerTest" classname="JTD.LaravelMCP.Tests.Unit.Server.Handlers.PromptHandlerTest" assertions="1" time="0.005462"/>
          <testcase name="get_prompt_arguments_handles_different_arguments_methods with data set &quot;arguments method&quot;" file="/home/jeremyfall/Internal/JTD-Packages/laravel-mcp.git/main/tests/Unit/Server/Handlers/PromptHandlerTest.php" line="639" class="JTD\LaravelMCP\Tests\Unit\Server\Handlers\PromptHandlerTest" classname="JTD.LaravelMCP.Tests.Unit.Server.Handlers.PromptHandlerTest" assertions="1" time="0.006017"/>
          <testcase name="get_prompt_arguments_handles_different_arguments_methods with data set &quot;arguments property&quot;" file="/home/jeremyfall/Internal/JTD-Packages/laravel-mcp.git/main/tests/Unit/Server/Handlers/PromptHandlerTest.php" line="639" class="JTD\LaravelMCP\Tests\Unit\Server\Handlers\PromptHandlerTest" classname="JTD.LaravelMCP.Tests.Unit.Server.Handlers.PromptHandlerTest" assertions="1" time="0.005768"/>
          <testcase name="get_prompt_arguments_handles_different_arguments_methods with data set &quot;no arguments&quot;" file="/home/jeremyfall/Internal/JTD-Packages/laravel-mcp.git/main/tests/Unit/Server/Handlers/PromptHandlerTest.php" line="639" class="JTD\LaravelMCP\Tests\Unit\Server\Handlers\PromptHandlerTest" classname="JTD.LaravelMCP.Tests.Unit.Server.Handlers.PromptHandlerTest" assertions="1" time="0.006058"/>
        </testsuite>
        <testsuite name="JTD\LaravelMCP\Tests\Unit\Server\Handlers\PromptHandlerTest::format_prompt_messages_handles_different_result_formats" tests="7" assertions="14" errors="0" failures="0" skipped="0" time="0.041913">
          <testcase name="format_prompt_messages_handles_different_result_formats with data set &quot;array of messages&quot;" file="/home/jeremyfall/Internal/JTD-Packages/laravel-mcp.git/main/tests/Unit/Server/Handlers/PromptHandlerTest.php" line="699" class="JTD\LaravelMCP\Tests\Unit\Server\Handlers\PromptHandlerTest" classname="JTD.LaravelMCP.Tests.Unit.Server.Handlers.PromptHandlerTest" assertions="2" time="0.006170"/>
          <testcase name="format_prompt_messages_handles_different_result_formats with data set &quot;single message object&quot;" file="/home/jeremyfall/Internal/JTD-Packages/laravel-mcp.git/main/tests/Unit/Server/Handlers/PromptHandlerTest.php" line="699" class="JTD\LaravelMCP\Tests\Unit\Server\Handlers\PromptHandlerTest" classname="JTD.LaravelMCP.Tests.Unit.Server.Handlers.PromptHandlerTest" assertions="2" time="0.006351"/>
          <testcase name="format_prompt_messages_handles_different_result_formats with data set &quot;string result&quot;" file="/home/jeremyfall/Internal/JTD-Packages/laravel-mcp.git/main/tests/Unit/Server/Handlers/PromptHandlerTest.php" line="699" class="JTD\LaravelMCP\Tests\Unit\Server\Handlers\PromptHandlerTest" classname="JTD.LaravelMCP.Tests.Unit.Server.Handlers.PromptHandlerTest" assertions="2" time="0.006229"/>
          <testcase name="format_prompt_messages_handles_different_result_formats with data set &quot;array result (not messages)&quot;" file="/home/jeremyfall/Internal/JTD-Packages/laravel-mcp.git/main/tests/Unit/Server/Handlers/PromptHandlerTest.php" line="699" class="JTD\LaravelMCP\Tests\Unit\Server\Handlers\PromptHandlerTest" classname="JTD.LaravelMCP.Tests.Unit.Server.Handlers.PromptHandlerTest" assertions="2" time="0.005811"/>
          <testcase name="format_prompt_messages_handles_different_result_formats with data set &quot;object result&quot;" file="/home/jeremyfall/Internal/JTD-Packages/laravel-mcp.git/main/tests/Unit/Server/Handlers/PromptHandlerTest.php" line="699" class="JTD\LaravelMCP\Tests\Unit\Server\Handlers\PromptHandlerTest" classname="JTD.LaravelMCP.Tests.Unit.Server.Handlers.PromptHandlerTest" assertions="2" time="0.005744"/>
          <testcase name="format_prompt_messages_handles_different_result_formats with data set &quot;number result&quot;" file="/home/jeremyfall/Internal/JTD-Packages/laravel-mcp.git/main/tests/Unit/Server/Handlers/PromptHandlerTest.php" line="699" class="JTD\LaravelMCP\Tests\Unit\Server\Handlers\PromptHandlerTest" classname="JTD.LaravelMCP.Tests.Unit.Server.Handlers.PromptHandlerTest" assertions="2" time="0.005833"/>
          <testcase name="format_prompt_messages_handles_different_result_formats with data set &quot;empty array result&quot;" file="/home/jeremyfall/Internal/JTD-Packages/laravel-mcp.git/main/tests/Unit/Server/Handlers/PromptHandlerTest.php" line="699" class="JTD\LaravelMCP\Tests\Unit\Server\Handlers\PromptHandlerTest" classname="JTD.LaravelMCP.Tests.Unit.Server.Handlers.PromptHandlerTest" assertions="2" time="0.005774"/>
        </testsuite>
        <testsuite name="JTD\LaravelMCP\Tests\Unit\Server\Handlers\PromptHandlerTest::is_message_array_correctly_identifies_message_arrays" tests="7" assertions="11" errors="0" failures="0" skipped="0" time="0.042561">
          <testcase name="is_message_array_correctly_identifies_message_arrays with data set &quot;valid message array&quot;" file="/home/jeremyfall/Internal/JTD-Packages/laravel-mcp.git/main/tests/Unit/Server/Handlers/PromptHandlerTest.php" line="770" class="JTD\LaravelMCP\Tests\Unit\Server\Handlers\PromptHandlerTest" classname="JTD.LaravelMCP.Tests.Unit.Server.Handlers.PromptHandlerTest" assertions="1" time="0.006226"/>
          <testcase name="is_message_array_correctly_identifies_message_arrays with data set &quot;array with content only&quot;" file="/home/jeremyfall/Internal/JTD-Packages/laravel-mcp.git/main/tests/Unit/Server/Handlers/PromptHandlerTest.php" line="770" class="JTD\LaravelMCP\Tests\Unit\Server\Handlers\PromptHandlerTest" classname="JTD.LaravelMCP.Tests.Unit.Server.Handlers.PromptHandlerTest" assertions="1" time="0.005925"/>
          <testcase name="is_message_array_correctly_identifies_message_arrays with data set &quot;array with role only&quot;" file="/home/jeremyfall/Internal/JTD-Packages/laravel-mcp.git/main/tests/Unit/Server/Handlers/PromptHandlerTest.php" line="770" class="JTD\LaravelMCP\Tests\Unit\Server\Handlers\PromptHandlerTest" classname="JTD.LaravelMCP.Tests.Unit.Server.Handlers.PromptHandlerTest" assertions="1" time="0.006085"/>
          <testcase name="is_message_array_correctly_identifies_message_arrays with data set &quot;empty array&quot;" file="/home/jeremyfall/Internal/JTD-Packages/laravel-mcp.git/main/tests/Unit/Server/Handlers/PromptHandlerTest.php" line="770" class="JTD\LaravelMCP\Tests\Unit\Server\Handlers\PromptHandlerTest" classname="JTD.LaravelMCP.Tests.Unit.Server.Handlers.PromptHandlerTest" assertions="2" time="0.005768"/>
          <testcase name="is_message_array_correctly_identifies_message_arrays with data set &quot;array of strings&quot;" file="/home/jeremyfall/Internal/JTD-Packages/laravel-mcp.git/main/tests/Unit/Server/Handlers/PromptHandlerTest.php" line="770" class="JTD\LaravelMCP\Tests\Unit\Server\Handlers\PromptHandlerTest" classname="JTD.LaravelMCP.Tests.Unit.Server.Handlers.PromptHandlerTest" assertions="2" time="0.006359"/>
          <testcase name="is_message_array_correctly_identifies_message_arrays with data set &quot;array of numbers&quot;" file="/home/jeremyfall/Internal/JTD-Packages/laravel-mcp.git/main/tests/Unit/Server/Handlers/PromptHandlerTest.php" line="770" class="JTD\LaravelMCP\Tests\Unit\Server\Handlers\PromptHandlerTest" classname="JTD.LaravelMCP.Tests.Unit.Server.Handlers.PromptHandlerTest" assertions="2" time="0.005791"/>
          <testcase name="is_message_array_correctly_identifies_message_arrays with data set &quot;mixed array&quot;" file="/home/jeremyfall/Internal/JTD-Packages/laravel-mcp.git/main/tests/Unit/Server/Handlers/PromptHandlerTest.php" line="770" class="JTD\LaravelMCP\Tests\Unit\Server\Handlers\PromptHandlerTest" classname="JTD.LaravelMCP.Tests.Unit.Server.Handlers.PromptHandlerTest" assertions="2" time="0.006406"/>
        </testsuite>
        <testcase name="supports_method_returns_true_for_supported_methods" file="/home/jeremyfall/Internal/JTD-Packages/laravel-mcp.git/main/tests/Unit/Server/Handlers/PromptHandlerTest.php" line="68" class="JTD\LaravelMCP\Tests\Unit\Server\Handlers\PromptHandlerTest" classname="JTD.LaravelMCP.Tests.Unit.Server.Handlers.PromptHandlerTest" assertions="2" time="0.005494"/>
        <testcase name="supports_method_returns_false_for_unsupported_methods" file="/home/jeremyfall/Internal/JTD-Packages/laravel-mcp.git/main/tests/Unit/Server/Handlers/PromptHandlerTest.php" line="75" class="JTD\LaravelMCP\Tests\Unit\Server\Handlers\PromptHandlerTest" classname="JTD.LaravelMCP.Tests.Unit.Server.Handlers.PromptHandlerTest" assertions="2" time="0.005140"/>
        <testcase name="constructor_sets_dependencies_and_handler_name" file="/home/jeremyfall/Internal/JTD-Packages/laravel-mcp.git/main/tests/Unit/Server/Handlers/PromptHandlerTest.php" line="51" class="JTD\LaravelMCP\Tests\Unit\Server\Handlers\PromptHandlerTest" classname="JTD.LaravelMCP.Tests.Unit.Server.Handlers.PromptHandlerTest" assertions="2" time="0.005224"/>
        <testcase name="get_supported_methods_returns_prompt_methods" file="/home/jeremyfall/Internal/JTD-Packages/laravel-mcp.git/main/tests/Unit/Server/Handlers/PromptHandlerTest.php" line="60" class="JTD\LaravelMCP\Tests\Unit\Server\Handlers\PromptHandlerTest" classname="JTD.LaravelMCP.Tests.Unit.Server.Handlers.PromptHandlerTest" assertions="1" time="0.005195"/>
        <testcase name="handle_prompts_list_returns_empty_prompts_array_when_no_prompts" file="/home/jeremyfall/Internal/JTD-Packages/laravel-mcp.git/main/tests/Unit/Server/Handlers/PromptHandlerTest.php" line="92" class="JTD\LaravelMCP\Tests\Unit\Server\Handlers\PromptHandlerTest" classname="JTD.LaravelMCP.Tests.Unit.Server.Handlers.PromptHandlerTest" assertions="4" time="0.005588"/>
        <testcase name="handle_prompts_list_applies_cursor_pagination" file="/home/jeremyfall/Internal/JTD-Packages/laravel-mcp.git/main/tests/Unit/Server/Handlers/PromptHandlerTest.php" line="181" class="JTD\LaravelMCP\Tests\Unit\Server\Handlers\PromptHandlerTest" classname="JTD.LaravelMCP.Tests.Unit.Server.Handlers.PromptHandlerTest" assertions="3" time="0.005813"/>
        <testcase name="handle_prompts_get_processes_callable_prompt" file="/home/jeremyfall/Internal/JTD-Packages/laravel-mcp.git/main/tests/Unit/Server/Handlers/PromptHandlerTest.php" line="377" class="JTD\LaravelMCP\Tests\Unit\Server\Handlers\PromptHandlerTest" classname="JTD.LaravelMCP.Tests.Unit.Server.Handlers.PromptHandlerTest" assertions="2" time="0.005994"/>
        <testcase name="handle_prompts_list_includes_next_cursor_when_more_prompts_available" file="/home/jeremyfall/Internal/JTD-Packages/laravel-mcp.git/main/tests/Unit/Server/Handlers/PromptHandlerTest.php" line="207" class="JTD\LaravelMCP\Tests\Unit\Server\Handlers\PromptHandlerTest" classname="JTD.LaravelMCP.Tests.Unit.Server.Handlers.PromptHandlerTest" assertions="4" time="0.011483"/>
      </testsuite>
      <testsuite name="JTD\LaravelMCP\Tests\Feature\Commands\ListCommandFeatureTest" file="/home/jeremyfall/Internal/JTD-Packages/laravel-mcp.git/main/tests/Feature/Commands/ListCommandFeatureTest.php" tests="23" assertions="118" errors="0" failures="0" skipped="0" time="0.211237">
        <testcase name="test_command_validates_invalid_format_option" file="/home/jeremyfall/Internal/JTD-Packages/laravel-mcp.git/main/tests/Feature/Commands/ListCommandFeatureTest.php" line="490" class="JTD\LaravelMCP\Tests\Feature\Commands\ListCommandFeatureTest" classname="JTD.LaravelMCP.Tests.Feature.Commands.ListCommandFeatureTest" assertions="3" time="0.041192"/>
        <testcase name="test_command_help_displays_correct_information" file="/home/jeremyfall/Internal/JTD-Packages/laravel-mcp.git/main/tests/Feature/Commands/ListCommandFeatureTest.php" line="72" class="JTD\LaravelMCP\Tests\Feature\Commands\ListCommandFeatureTest" classname="JTD.LaravelMCP.Tests.Feature.Commands.ListCommandFeatureTest" assertions="6" time="0.010052"/>
        <testcase name="test_command_handles_empty_registries" file="/home/jeremyfall/Internal/JTD-Packages/laravel-mcp.git/main/tests/Feature/Commands/ListCommandFeatureTest.php" line="90" class="JTD\LaravelMCP\Tests\Feature\Commands\ListCommandFeatureTest" classname="JTD.LaravelMCP.Tests.Feature.Commands.ListCommandFeatureTest" assertions="5" time="0.006581"/>
        <testcase name="test_command_filters_by_tools_type" file="/home/jeremyfall/Internal/JTD-Packages/laravel-mcp.git/main/tests/Feature/Commands/ListCommandFeatureTest.php" line="165" class="JTD\LaravelMCP\Tests\Feature\Commands\ListCommandFeatureTest" classname="JTD.LaravelMCP.Tests.Feature.Commands.ListCommandFeatureTest" assertions="5" time="0.008528"/>
        <testcase name="test_command_filters_by_resources_type" file="/home/jeremyfall/Internal/JTD-Packages/laravel-mcp.git/main/tests/Feature/Commands/ListCommandFeatureTest.php" line="203" class="JTD\LaravelMCP\Tests\Feature\Commands\ListCommandFeatureTest" classname="JTD.LaravelMCP.Tests.Feature.Commands.ListCommandFeatureTest" assertions="5" time="0.005877"/>
        <testcase name="test_command_filters_by_prompts_type" file="/home/jeremyfall/Internal/JTD-Packages/laravel-mcp.git/main/tests/Feature/Commands/ListCommandFeatureTest.php" line="242" class="JTD\LaravelMCP\Tests\Feature\Commands\ListCommandFeatureTest" classname="JTD.LaravelMCP.Tests.Feature.Commands.ListCommandFeatureTest" assertions="5" time="0.005968"/>
        <testcase name="test_command_outputs_json_format" file="/home/jeremyfall/Internal/JTD-Packages/laravel-mcp.git/main/tests/Feature/Commands/ListCommandFeatureTest.php" line="278" class="JTD\LaravelMCP\Tests\Feature\Commands\ListCommandFeatureTest" classname="JTD.LaravelMCP.Tests.Feature.Commands.ListCommandFeatureTest" assertions="5" time="0.005260"/>
        <testcase name="test_command_outputs_yaml_format" file="/home/jeremyfall/Internal/JTD-Packages/laravel-mcp.git/main/tests/Feature/Commands/ListCommandFeatureTest.php" line="306" class="JTD\LaravelMCP\Tests\Feature\Commands\ListCommandFeatureTest" classname="JTD.LaravelMCP.Tests.Feature.Commands.ListCommandFeatureTest" assertions="4" time="0.008131"/>
        <testcase name="test_command_shows_detailed_information" file="/home/jeremyfall/Internal/JTD-Packages/laravel-mcp.git/main/tests/Feature/Commands/ListCommandFeatureTest.php" line="333" class="JTD\LaravelMCP\Tests\Feature\Commands\ListCommandFeatureTest" classname="JTD.LaravelMCP.Tests.Feature.Commands.ListCommandFeatureTest" assertions="9" time="0.006015"/>
        <testcase name="test_command_shows_detailed_resource_information" file="/home/jeremyfall/Internal/JTD-Packages/laravel-mcp.git/main/tests/Feature/Commands/ListCommandFeatureTest.php" line="377" class="JTD\LaravelMCP\Tests\Feature\Commands\ListCommandFeatureTest" classname="JTD.LaravelMCP.Tests.Feature.Commands.ListCommandFeatureTest" assertions="4" time="0.005652"/>
        <testcase name="test_command_shows_detailed_prompt_information" file="/home/jeremyfall/Internal/JTD-Packages/laravel-mcp.git/main/tests/Feature/Commands/ListCommandFeatureTest.php" line="411" class="JTD\LaravelMCP\Tests\Feature\Commands\ListCommandFeatureTest" classname="JTD.LaravelMCP.Tests.Feature.Commands.ListCommandFeatureTest" assertions="5" time="0.005497"/>
        <testcase name="test_command_runs_with_debug_mode" file="/home/jeremyfall/Internal/JTD-Packages/laravel-mcp.git/main/tests/Feature/Commands/ListCommandFeatureTest.php" line="450" class="JTD\LaravelMCP\Tests\Feature\Commands\ListCommandFeatureTest" classname="JTD.LaravelMCP.Tests.Feature.Commands.ListCommandFeatureTest" assertions="2" time="0.006122"/>
        <testcase name="test_command_validates_invalid_type_option" file="/home/jeremyfall/Internal/JTD-Packages/laravel-mcp.git/main/tests/Feature/Commands/ListCommandFeatureTest.php" line="475" class="JTD\LaravelMCP\Tests\Feature\Commands\ListCommandFeatureTest" classname="JTD.LaravelMCP.Tests.Feature.Commands.ListCommandFeatureTest" assertions="3" time="0.005631"/>
        <testcase name="test_command_handles_metadata_failures_gracefully" file="/home/jeremyfall/Internal/JTD-Packages/laravel-mcp.git/main/tests/Feature/Commands/ListCommandFeatureTest.php" line="505" class="JTD\LaravelMCP\Tests\Feature\Commands\ListCommandFeatureTest" classname="JTD.LaravelMCP.Tests.Feature.Commands.ListCommandFeatureTest" assertions="3" time="0.011698"/>
        <testcase name="test_command_json_format_with_detailed_flag" file="/home/jeremyfall/Internal/JTD-Packages/laravel-mcp.git/main/tests/Feature/Commands/ListCommandFeatureTest.php" line="577" class="JTD\LaravelMCP\Tests\Feature\Commands\ListCommandFeatureTest" classname="JTD.LaravelMCP.Tests.Feature.Commands.ListCommandFeatureTest" assertions="7" time="0.006083"/>
        <testcase name="test_command_truncates_long_descriptions" file="/home/jeremyfall/Internal/JTD-Packages/laravel-mcp.git/main/tests/Feature/Commands/ListCommandFeatureTest.php" line="667" class="JTD\LaravelMCP\Tests\Feature\Commands\ListCommandFeatureTest" classname="JTD.LaravelMCP.Tests.Feature.Commands.ListCommandFeatureTest" assertions="4" time="0.007424"/>
        <testcase name="test_command_formats_class_names" file="/home/jeremyfall/Internal/JTD-Packages/laravel-mcp.git/main/tests/Feature/Commands/ListCommandFeatureTest.php" line="696" class="JTD\LaravelMCP\Tests\Feature\Commands\ListCommandFeatureTest" classname="JTD.LaravelMCP.Tests.Feature.Commands.ListCommandFeatureTest" assertions="3" time="0.006292"/>
        <testcase name="test_command_integrates_with_mcp_facade" file="/home/jeremyfall/Internal/JTD-Packages/laravel-mcp.git/main/tests/Feature/Commands/ListCommandFeatureTest.php" line="645" class="JTD\LaravelMCP\Tests\Feature\Commands\ListCommandFeatureTest" classname="JTD.LaravelMCP.Tests.Feature.Commands.ListCommandFeatureTest" assertions="5" time="0.007789"/>
        <testcase name="test_command_lists_all_component_types" file="/home/jeremyfall/Internal/JTD-Packages/laravel-mcp.git/main/tests/Feature/Commands/ListCommandFeatureTest.php" line="110" class="JTD\LaravelMCP\Tests\Feature\Commands\ListCommandFeatureTest" classname="JTD.LaravelMCP.Tests.Feature.Commands.ListCommandFeatureTest" assertions="12" time="0.007799"/>
        <testcase name="test_command_can_be_discovered_by_artisan" file="/home/jeremyfall/Internal/JTD-Packages/laravel-mcp.git/main/tests/Feature/Commands/ListCommandFeatureTest.php" line="58" class="JTD\LaravelMCP\Tests\Feature\Commands\ListCommandFeatureTest" classname="JTD.LaravelMCP.Tests.Feature.Commands.ListCommandFeatureTest" assertions="2" time="0.017406"/>
        <testcase name="test_command_lists_multiple_components" file="/home/jeremyfall/Internal/JTD-Packages/laravel-mcp.git/main/tests/Feature/Commands/ListCommandFeatureTest.php" line="530" class="JTD\LaravelMCP\Tests\Feature\Commands\ListCommandFeatureTest" classname="JTD.LaravelMCP.Tests.Feature.Commands.ListCommandFeatureTest" assertions="14" time="0.009116"/>
        <testcase name="test_list_command_is_registered_in_artisan" file="/home/jeremyfall/Internal/JTD-Packages/laravel-mcp.git/main/tests/Feature/Commands/ListCommandFeatureTest.php" line="42" class="JTD\LaravelMCP\Tests\Feature\Commands\ListCommandFeatureTest" classname="JTD.LaravelMCP.Tests.Feature.Commands.ListCommandFeatureTest" assertions="2" time="0.008675"/>
        <testcase name="test_full_integration_with_service_provider" file="/home/jeremyfall/Internal/JTD-Packages/laravel-mcp.git/main/tests/Feature/Commands/ListCommandFeatureTest.php" line="613" class="JTD\LaravelMCP\Tests\Feature\Commands\ListCommandFeatureTest" classname="JTD.LaravelMCP.Tests.Feature.Commands.ListCommandFeatureTest" assertions="5" time="0.008449"/>
      </testsuite>
      <testsuite name="JTD\LaravelMCP\Tests\Feature\Commands\ServeCommandFeatureTest" file="/home/jeremyfall/Internal/JTD-Packages/laravel-mcp.git/main/tests/Feature/Commands/ServeCommandFeatureTest.php" tests="15" assertions="51" errors="0" failures="0" skipped="0" time="2.110955">
        <testcase name="test_command_fails_with_invalid_transport_type" file="/home/jeremyfall/Internal/JTD-Packages/laravel-mcp.git/main/tests/Feature/Commands/ServeCommandFeatureTest.php" line="200" class="JTD\LaravelMCP\Tests\Feature\Commands\ServeCommandFeatureTest" classname="JTD.LaravelMCP.Tests.Feature.Commands.ServeCommandFeatureTest" assertions="3" time="0.008949"/>
        <testcase name="test_command_fails_when_transport_is_disabled" file="/home/jeremyfall/Internal/JTD-Packages/laravel-mcp.git/main/tests/Feature/Commands/ServeCommandFeatureTest.php" line="220" class="JTD\LaravelMCP\Tests\Feature\Commands\ServeCommandFeatureTest" classname="JTD.LaravelMCP.Tests.Feature.Commands.ServeCommandFeatureTest" assertions="3" time="0.007428"/>
        <testcase name="test_command_integrates_with_real_transport_manager" file="/home/jeremyfall/Internal/JTD-Packages/laravel-mcp.git/main/tests/Feature/Commands/ServeCommandFeatureTest.php" line="351" class="JTD\LaravelMCP\Tests\Feature\Commands\ServeCommandFeatureTest" classname="JTD.LaravelMCP.Tests.Feature.Commands.ServeCommandFeatureTest" assertions="4" time="0.005444"/>
        <testcase name="test_command_help_displays_correct_information" file="/home/jeremyfall/Internal/JTD-Packages/laravel-mcp.git/main/tests/Feature/Commands/ServeCommandFeatureTest.php" line="71" class="JTD\LaravelMCP\Tests\Feature\Commands\ServeCommandFeatureTest" classname="JTD.LaravelMCP.Tests.Feature.Commands.ServeCommandFeatureTest" assertions="7" time="0.005635"/>
        <testcase name="test_command_initializes_with_stdio_transport" file="/home/jeremyfall/Internal/JTD-Packages/laravel-mcp.git/main/tests/Feature/Commands/ServeCommandFeatureTest.php" line="90" class="JTD\LaravelMCP\Tests\Feature\Commands\ServeCommandFeatureTest" classname="JTD.LaravelMCP.Tests.Feature.Commands.ServeCommandFeatureTest" assertions="6" time="0.006978"/>
        <testcase name="test_command_validates_numeric_options" file="/home/jeremyfall/Internal/JTD-Packages/laravel-mcp.git/main/tests/Feature/Commands/ServeCommandFeatureTest.php" line="298" class="JTD\LaravelMCP\Tests\Feature\Commands\ServeCommandFeatureTest" classname="JTD.LaravelMCP.Tests.Feature.Commands.ServeCommandFeatureTest" assertions="2" time="0.005421"/>
        <testcase name="test_command_handles_transport_exceptions_gracefully" file="/home/jeremyfall/Internal/JTD-Packages/laravel-mcp.git/main/tests/Feature/Commands/ServeCommandFeatureTest.php" line="318" class="JTD\LaravelMCP\Tests\Feature\Commands\ServeCommandFeatureTest" classname="JTD.LaravelMCP.Tests.Feature.Commands.ServeCommandFeatureTest" assertions="3" time="0.006358"/>
        <testcase name="test_command_sets_server_info_on_message_processor" file="/home/jeremyfall/Internal/JTD-Packages/laravel-mcp.git/main/tests/Feature/Commands/ServeCommandFeatureTest.php" line="427" class="JTD\LaravelMCP\Tests\Feature\Commands\ServeCommandFeatureTest" classname="JTD.LaravelMCP.Tests.Feature.Commands.ServeCommandFeatureTest" assertions="1" time="0.006677"/>
        <testcase name="test_command_displays_verbose_output" file="/home/jeremyfall/Internal/JTD-Packages/laravel-mcp.git/main/tests/Feature/Commands/ServeCommandFeatureTest.php" line="465" class="JTD\LaravelMCP\Tests\Feature\Commands\ServeCommandFeatureTest" classname="JTD.LaravelMCP.Tests.Feature.Commands.ServeCommandFeatureTest" assertions="1" time="0.006647"/>
        <testcase name="test_command_runs_with_debug_mode_enabled" file="/home/jeremyfall/Internal/JTD-Packages/laravel-mcp.git/main/tests/Feature/Commands/ServeCommandFeatureTest.php" line="253" class="JTD\LaravelMCP\Tests\Feature\Commands\ServeCommandFeatureTest" classname="JTD.LaravelMCP.Tests.Feature.Commands.ServeCommandFeatureTest" assertions="3" time="0.006811"/>
        <testcase name="test_full_integration_with_service_provider" file="/home/jeremyfall/Internal/JTD-Packages/laravel-mcp.git/main/tests/Feature/Commands/ServeCommandFeatureTest.php" line="498" class="JTD\LaravelMCP\Tests\Feature\Commands\ServeCommandFeatureTest" classname="JTD.LaravelMCP.Tests.Feature.Commands.ServeCommandFeatureTest" assertions="3" time="0.008402"/>
        <testcase name="test_command_can_be_discovered_by_artisan" file="/home/jeremyfall/Internal/JTD-Packages/laravel-mcp.git/main/tests/Feature/Commands/ServeCommandFeatureTest.php" line="57" class="JTD\LaravelMCP\Tests\Feature\Commands\ServeCommandFeatureTest" classname="JTD.LaravelMCP.Tests.Feature.Commands.ServeCommandFeatureTest" assertions="2" time="0.010266"/>
        <testcase name="test_serve_command_is_registered_in_artisan" file="/home/jeremyfall/Internal/JTD-Packages/laravel-mcp.git/main/tests/Feature/Commands/ServeCommandFeatureTest.php" line="41" class="JTD\LaravelMCP\Tests\Feature\Commands\ServeCommandFeatureTest" classname="JTD.LaravelMCP.Tests.Feature.Commands.ServeCommandFeatureTest" assertions="2" time="0.007628"/>
        <testcase name="test_command_initializes_with_http_transport" file="/home/jeremyfall/Internal/JTD-Packages/laravel-mcp.git/main/tests/Feature/Commands/ServeCommandFeatureTest.php" line="137" class="JTD\LaravelMCP\Tests\Feature\Commands\ServeCommandFeatureTest" classname="JTD.LaravelMCP.Tests.Feature.Commands.ServeCommandFeatureTest" assertions="8" time="1.008555"/>
        <testcase name="test_command_merges_configuration_from_options" file="/home/jeremyfall/Internal/JTD-Packages/laravel-mcp.git/main/tests/Feature/Commands/ServeCommandFeatureTest.php" line="378" class="JTD\LaravelMCP\Tests\Feature\Commands\ServeCommandFeatureTest" classname="JTD.LaravelMCP.Tests.Feature.Commands.ServeCommandFeatureTest" assertions="3" time="1.009757"/>
      </testsuite>
      <testsuite name="JTD\LaravelMCP\Tests\Feature\EventLifecycleIntegrationTest" file="/home/jeremyfall/Internal/JTD-Packages/laravel-mcp.git/main/tests/Feature/EventLifecycleIntegrationTest.php" tests="12" assertions="12" errors="0" failures="0" skipped="0" time="0.066674">
        <testcase name="it_skips_discovery_finalization_when_disabled" file="/home/jeremyfall/Internal/JTD-Packages/laravel-mcp.git/main/tests/Feature/EventLifecycleIntegrationTest.php" line="70" class="JTD\LaravelMCP\Tests\Feature\EventLifecycleIntegrationTest" classname="JTD.LaravelMCP.Tests.Feature.EventLifecycleIntegrationTest" assertions="1" time="0.006680"/>
        <testcase name="it_finalizes_component_discovery_on_providers_booted" file="/home/jeremyfall/Internal/JTD-Packages/laravel-mcp.git/main/tests/Feature/EventLifecycleIntegrationTest.php" line="43" class="JTD\LaravelMCP\Tests\Feature\EventLifecycleIntegrationTest" classname="JTD.LaravelMCP.Tests.Feature.EventLifecycleIntegrationTest" assertions="1" time="0.004808"/>
        <testcase name="it_handles_discovery_finalization_errors_gracefully" file="/home/jeremyfall/Internal/JTD-Packages/laravel-mcp.git/main/tests/Feature/EventLifecycleIntegrationTest.php" line="92" class="JTD\LaravelMCP\Tests\Feature\EventLifecycleIntegrationTest" classname="JTD.LaravelMCP.Tests.Feature.EventLifecycleIntegrationTest" assertions="1" time="0.004952"/>
        <testcase name="it_cleans_up_resources_on_kernel_handled" file="/home/jeremyfall/Internal/JTD-Packages/laravel-mcp.git/main/tests/Feature/EventLifecycleIntegrationTest.php" line="124" class="JTD\LaravelMCP\Tests\Feature\EventLifecycleIntegrationTest" classname="JTD.LaravelMCP.Tests.Feature.EventLifecycleIntegrationTest" assertions="1" time="0.005301"/>
        <testcase name="it_handles_cleanup_errors_gracefully" file="/home/jeremyfall/Internal/JTD-Packages/laravel-mcp.git/main/tests/Feature/EventLifecycleIntegrationTest.php" line="145" class="JTD\LaravelMCP\Tests\Feature\EventLifecycleIntegrationTest" classname="JTD.LaravelMCP.Tests.Feature.EventLifecycleIntegrationTest" assertions="1" time="0.005357"/>
        <testcase name="it_performs_final_cleanup_on_application_terminating" file="/home/jeremyfall/Internal/JTD-Packages/laravel-mcp.git/main/tests/Feature/EventLifecycleIntegrationTest.php" line="167" class="JTD\LaravelMCP\Tests\Feature\EventLifecycleIntegrationTest" classname="JTD.LaravelMCP.Tests.Feature.EventLifecycleIntegrationTest" assertions="1" time="0.005128"/>
        <testcase name="it_handles_cache_cleanup_errors_gracefully" file="/home/jeremyfall/Internal/JTD-Packages/laravel-mcp.git/main/tests/Feature/EventLifecycleIntegrationTest.php" line="195" class="JTD\LaravelMCP\Tests\Feature\EventLifecycleIntegrationTest" classname="JTD.LaravelMCP.Tests.Feature.EventLifecycleIntegrationTest" assertions="1" time="0.005023"/>
        <testcase name="it_handles_complete_event_lifecycle" file="/home/jeremyfall/Internal/JTD-Packages/laravel-mcp.git/main/tests/Feature/EventLifecycleIntegrationTest.php" line="217" class="JTD\LaravelMCP\Tests\Feature\EventLifecycleIntegrationTest" classname="JTD.LaravelMCP.Tests.Feature.EventLifecycleIntegrationTest" assertions="1" time="0.005034"/>
        <testcase name="it_registers_event_listeners_only_once" file="/home/jeremyfall/Internal/JTD-Packages/laravel-mcp.git/main/tests/Feature/EventLifecycleIntegrationTest.php" line="256" class="JTD\LaravelMCP\Tests\Feature\EventLifecycleIntegrationTest" classname="JTD.LaravelMCP.Tests.Feature.EventLifecycleIntegrationTest" assertions="1" time="0.007360"/>
        <testcase name="it_handles_events_with_unbound_services_gracefully" file="/home/jeremyfall/Internal/JTD-Packages/laravel-mcp.git/main/tests/Feature/EventLifecycleIntegrationTest.php" line="283" class="JTD\LaravelMCP\Tests\Feature\EventLifecycleIntegrationTest" classname="JTD.LaravelMCP.Tests.Feature.EventLifecycleIntegrationTest" assertions="1" time="0.005486"/>
        <testcase name="it_handles_events_in_different_environments" file="/home/jeremyfall/Internal/JTD-Packages/laravel-mcp.git/main/tests/Feature/EventLifecycleIntegrationTest.php" line="302" class="JTD\LaravelMCP\Tests\Feature\EventLifecycleIntegrationTest" classname="JTD.LaravelMCP.Tests.Feature.EventLifecycleIntegrationTest" assertions="1" time="0.005249"/>
        <testcase name="it_maintains_performance_during_event_handling" file="/home/jeremyfall/Internal/JTD-Packages/laravel-mcp.git/main/tests/Feature/EventLifecycleIntegrationTest.php" line="327" class="JTD\LaravelMCP\Tests\Feature\EventLifecycleIntegrationTest" classname="JTD.LaravelMCP.Tests.Feature.EventLifecycleIntegrationTest" assertions="1" time="0.006298"/>
      </testsuite>
      <testsuite name="JTD\LaravelMCP\Tests\Feature\MiddlewareIntegrationTest" file="/home/jeremyfall/Internal/JTD-Packages/laravel-mcp.git/main/tests/Feature/MiddlewareIntegrationTest.php" tests="12" assertions="53" errors="0" failures="0" skipped="0" time="0.091349">
        <testcase name="it_allows_valid_cors_requests" file="/home/jeremyfall/Internal/JTD-Packages/laravel-mcp.git/main/tests/Feature/MiddlewareIntegrationTest.php" line="65" class="JTD\LaravelMCP\Tests\Feature\MiddlewareIntegrationTest" classname="JTD.LaravelMCP.Tests.Feature.MiddlewareIntegrationTest" assertions="7" time="0.026738"/>
        <testcase name="it_handles_cors_preflight_requests" file="/home/jeremyfall/Internal/JTD-Packages/laravel-mcp.git/main/tests/Feature/MiddlewareIntegrationTest.php" line="88" class="JTD\LaravelMCP\Tests\Feature\MiddlewareIntegrationTest" classname="JTD.LaravelMCP.Tests.Feature.MiddlewareIntegrationTest" assertions="8" time="0.005442"/>
        <testcase name="it_rejects_requests_without_api_key_when_required" file="/home/jeremyfall/Internal/JTD-Packages/laravel-mcp.git/main/tests/Feature/MiddlewareIntegrationTest.php" line="163" class="JTD\LaravelMCP\Tests\Feature\MiddlewareIntegrationTest" classname="JTD.LaravelMCP.Tests.Feature.MiddlewareIntegrationTest" assertions="2" time="0.005456"/>
        <testcase name="it_accepts_api_key_in_query_parameter" file="/home/jeremyfall/Internal/JTD-Packages/laravel-mcp.git/main/tests/Feature/MiddlewareIntegrationTest.php" line="228" class="JTD\LaravelMCP\Tests\Feature\MiddlewareIntegrationTest" classname="JTD.LaravelMCP.Tests.Feature.MiddlewareIntegrationTest" assertions="2" time="0.005816"/>
        <testcase name="it_respects_cors_origin_restrictions" file="/home/jeremyfall/Internal/JTD-Packages/laravel-mcp.git/main/tests/Feature/MiddlewareIntegrationTest.php" line="250" class="JTD\LaravelMCP\Tests\Feature\MiddlewareIntegrationTest" classname="JTD.LaravelMCP.Tests.Feature.MiddlewareIntegrationTest" assertions="2" time="0.005524"/>
        <testcase name="it_allows_wildcard_origins" file="/home/jeremyfall/Internal/JTD-Packages/laravel-mcp.git/main/tests/Feature/MiddlewareIntegrationTest.php" line="270" class="JTD\LaravelMCP\Tests\Feature\MiddlewareIntegrationTest" classname="JTD.LaravelMCP.Tests.Feature.MiddlewareIntegrationTest" assertions="3" time="0.005458"/>
        <testcase name="it_allows_requests_with_valid_api_key" file="/home/jeremyfall/Internal/JTD-Packages/laravel-mcp.git/main/tests/Feature/MiddlewareIntegrationTest.php" line="114" class="JTD\LaravelMCP\Tests\Feature\MiddlewareIntegrationTest" classname="JTD.LaravelMCP.Tests.Feature.MiddlewareIntegrationTest" assertions="2" time="0.005511"/>
        <testcase name="it_rejects_requests_with_invalid_api_key" file="/home/jeremyfall/Internal/JTD-Packages/laravel-mcp.git/main/tests/Feature/MiddlewareIntegrationTest.php" line="135" class="JTD\LaravelMCP\Tests\Feature\MiddlewareIntegrationTest" classname="JTD.LaravelMCP.Tests.Feature.MiddlewareIntegrationTest" assertions="5" time="0.005473"/>
        <testcase name="it_allows_requests_when_auth_disabled" file="/home/jeremyfall/Internal/JTD-Packages/laravel-mcp.git/main/tests/Feature/MiddlewareIntegrationTest.php" line="186" class="JTD\LaravelMCP\Tests\Feature\MiddlewareIntegrationTest" classname="JTD.LaravelMCP.Tests.Feature.MiddlewareIntegrationTest" assertions="2" time="0.009008"/>
        <testcase name="it_processes_middleware_stack_correctly" file="/home/jeremyfall/Internal/JTD-Packages/laravel-mcp.git/main/tests/Feature/MiddlewareIntegrationTest.php" line="204" class="JTD\LaravelMCP\Tests\Feature\MiddlewareIntegrationTest" classname="JTD.LaravelMCP.Tests.Feature.MiddlewareIntegrationTest" assertions="6" time="0.005693"/>
        <testcase name="it_handles_complex_cors_scenarios" file="/home/jeremyfall/Internal/JTD-Packages/laravel-mcp.git/main/tests/Feature/MiddlewareIntegrationTest.php" line="289" class="JTD\LaravelMCP\Tests\Feature\MiddlewareIntegrationTest" classname="JTD.LaravelMCP.Tests.Feature.MiddlewareIntegrationTest" assertions="9" time="0.005588"/>
        <testcase name="it_maintains_cors_headers_on_auth_errors" file="/home/jeremyfall/Internal/JTD-Packages/laravel-mcp.git/main/tests/Feature/MiddlewareIntegrationTest.php" line="321" class="JTD\LaravelMCP\Tests\Feature\MiddlewareIntegrationTest" classname="JTD.LaravelMCP.Tests.Feature.MiddlewareIntegrationTest" assertions="5" time="0.005643"/>
      </testsuite>
      <testsuite name="JTD\LaravelMCP\Tests\Unit\Commands\BaseCommandTest" file="/home/jeremyfall/Internal/JTD-Packages/laravel-mcp.git/main/tests/Unit/Commands/BaseCommandTest.php" tests="9" assertions="27" errors="0" failures="0" skipped="0" time="0.041860">
        <testcase name="test_command_with_validation_failure" file="/home/jeremyfall/Internal/JTD-Packages/laravel-mcp.git/main/tests/Unit/Commands/BaseCommandTest.php" line="105" class="JTD\LaravelMCP\Tests\Unit\Commands\BaseCommandTest" classname="JTD.LaravelMCP.Tests.Unit.Commands.BaseCommandTest" assertions="1" time="0.004346"/>
        <testcase name="test_configuration_helper_methods" file="/home/jeremyfall/Internal/JTD-Packages/laravel-mcp.git/main/tests/Unit/Commands/BaseCommandTest.php" line="185" class="JTD\LaravelMCP\Tests\Unit\Commands\BaseCommandTest" classname="JTD.LaravelMCP.Tests.Unit.Commands.BaseCommandTest" assertions="3" time="0.004310"/>
        <testcase name="test_mcp_disabled_check" file="/home/jeremyfall/Internal/JTD-Packages/laravel-mcp.git/main/tests/Unit/Commands/BaseCommandTest.php" line="200" class="JTD\LaravelMCP\Tests\Unit\Commands\BaseCommandTest" classname="JTD.LaravelMCP.Tests.Unit.Commands.BaseCommandTest" assertions="2" time="0.004412"/>
        <testcase name="test_successful_command_execution" file="/home/jeremyfall/Internal/JTD-Packages/laravel-mcp.git/main/tests/Unit/Commands/BaseCommandTest.php" line="93" class="JTD\LaravelMCP\Tests\Unit\Commands\BaseCommandTest" classname="JTD.LaravelMCP.Tests.Unit.Commands.BaseCommandTest" assertions="2" time="0.004573"/>
        <testcase name="test_error_handling_without_debug" file="/home/jeremyfall/Internal/JTD-Packages/laravel-mcp.git/main/tests/Unit/Commands/BaseCommandTest.php" line="118" class="JTD\LaravelMCP\Tests\Unit\Commands\BaseCommandTest" classname="JTD.LaravelMCP.Tests.Unit.Commands.BaseCommandTest" assertions="4" time="0.004796"/>
        <testcase name="test_error_handling_with_debug_mode" file="/home/jeremyfall/Internal/JTD-Packages/laravel-mcp.git/main/tests/Unit/Commands/BaseCommandTest.php" line="135" class="JTD\LaravelMCP\Tests\Unit\Commands\BaseCommandTest" classname="JTD.LaravelMCP.Tests.Unit.Commands.BaseCommandTest" assertions="3" time="0.004681"/>
        <testcase name="test_output_formatting_methods" file="/home/jeremyfall/Internal/JTD-Packages/laravel-mcp.git/main/tests/Unit/Commands/BaseCommandTest.php" line="151" class="JTD\LaravelMCP\Tests\Unit\Commands\BaseCommandTest" classname="JTD.LaravelMCP.Tests.Unit.Commands.BaseCommandTest" assertions="4" time="0.004768"/>
        <testcase name="test_debug_output_in_verbose_mode" file="/home/jeremyfall/Internal/JTD-Packages/laravel-mcp.git/main/tests/Unit/Commands/BaseCommandTest.php" line="172" class="JTD\LaravelMCP\Tests\Unit\Commands\BaseCommandTest" classname="JTD.LaravelMCP.Tests.Unit.Commands.BaseCommandTest" assertions="1" time="0.004943"/>
        <testcase name="test_option_validation_methods" file="/home/jeremyfall/Internal/JTD-Packages/laravel-mcp.git/main/tests/Unit/Commands/BaseCommandTest.php" line="215" class="JTD\LaravelMCP\Tests\Unit\Commands\BaseCommandTest" classname="JTD.LaravelMCP.Tests.Unit.Commands.BaseCommandTest" assertions="7" time="0.005029"/>
      </testsuite>
      <testsuite name="JTD\LaravelMCP\Tests\Unit\Commands\ListCommandTest" file="/home/jeremyfall/Internal/JTD-Packages/laravel-mcp.git/main/tests/Unit/Commands/ListCommandTest.php" tests="9" assertions="9" errors="0" failures="0" skipped="0" time="0.061274">
        <testcase name="it_validates_invalid_format_option" file="/home/jeremyfall/Internal/JTD-Packages/laravel-mcp.git/main/tests/Unit/Commands/ListCommandTest.php" line="280" class="JTD\LaravelMCP\Tests\Unit\Commands\ListCommandTest" classname="JTD.LaravelMCP.Tests.Unit.Commands.ListCommandTest" assertions="1" time="0.008461"/>
        <testcase name="it_filters_by_resource_type" file="/home/jeremyfall/Internal/JTD-Packages/laravel-mcp.git/main/tests/Unit/Commands/ListCommandTest.php" line="154" class="JTD\LaravelMCP\Tests\Unit\Commands\ListCommandTest" classname="JTD.LaravelMCP.Tests.Unit.Commands.ListCommandTest" assertions="1" time="0.006489"/>
        <testcase name="it_filters_by_prompt_type" file="/home/jeremyfall/Internal/JTD-Packages/laravel-mcp.git/main/tests/Unit/Commands/ListCommandTest.php" line="173" class="JTD\LaravelMCP\Tests\Unit\Commands\ListCommandTest" classname="JTD.LaravelMCP.Tests.Unit.Commands.ListCommandTest" assertions="1" time="0.006449"/>
        <testcase name="it_outputs_in_json_format" file="/home/jeremyfall/Internal/JTD-Packages/laravel-mcp.git/main/tests/Unit/Commands/ListCommandTest.php" line="192" class="JTD\LaravelMCP\Tests\Unit\Commands\ListCommandTest" classname="JTD.LaravelMCP.Tests.Unit.Commands.ListCommandTest" assertions="1" time="0.005362"/>
        <testcase name="it_handles_empty_registries_gracefully" file="/home/jeremyfall/Internal/JTD-Packages/laravel-mcp.git/main/tests/Unit/Commands/ListCommandTest.php" line="249" class="JTD\LaravelMCP\Tests\Unit\Commands\ListCommandTest" classname="JTD.LaravelMCP.Tests.Unit.Commands.ListCommandTest" assertions="1" time="0.005871"/>
        <testcase name="it_validates_invalid_type_option" file="/home/jeremyfall/Internal/JTD-Packages/laravel-mcp.git/main/tests/Unit/Commands/ListCommandTest.php" line="267" class="JTD\LaravelMCP\Tests\Unit\Commands\ListCommandTest" classname="JTD.LaravelMCP.Tests.Unit.Commands.ListCommandTest" assertions="1" time="0.005237"/>
        <testcase name="it_filters_by_tool_type" file="/home/jeremyfall/Internal/JTD-Packages/laravel-mcp.git/main/tests/Unit/Commands/ListCommandTest.php" line="135" class="JTD\LaravelMCP\Tests\Unit\Commands\ListCommandTest" classname="JTD.LaravelMCP.Tests.Unit.Commands.ListCommandTest" assertions="1" time="0.007322"/>
        <testcase name="it_shows_detailed_information" file="/home/jeremyfall/Internal/JTD-Packages/laravel-mcp.git/main/tests/Unit/Commands/ListCommandTest.php" line="230" class="JTD\LaravelMCP\Tests\Unit\Commands\ListCommandTest" classname="JTD.LaravelMCP.Tests.Unit.Commands.ListCommandTest" assertions="1" time="0.007466"/>
        <testcase name="it_lists_all_components_in_table_format" file="/home/jeremyfall/Internal/JTD-Packages/laravel-mcp.git/main/tests/Unit/Commands/ListCommandTest.php" line="113" class="JTD\LaravelMCP\Tests\Unit\Commands\ListCommandTest" classname="JTD.LaravelMCP.Tests.Unit.Commands.ListCommandTest" assertions="1" time="0.008617"/>
      </testsuite>
      <testsuite name="JTD\LaravelMCP\Tests\Unit\Commands\ServeCommandTest" file="/home/jeremyfall/Internal/JTD-Packages/laravel-mcp.git/main/tests/Unit/Commands/ServeCommandTest.php" tests="18" assertions="59" errors="0" failures="0" skipped="0" time="1.105766">
        <testcase name="it_has_correct_command_signature" file="/home/jeremyfall/Internal/JTD-Packages/laravel-mcp.git/main/tests/Unit/Commands/ServeCommandTest.php" line="83" class="JTD\LaravelMCP\Tests\Unit\Commands\ServeCommandTest" classname="JTD.LaravelMCP.Tests.Unit.Commands.ServeCommandTest" assertions="12" time="0.005025"/>
        <testcase name="it_starts_stdio_transport_successfully" file="/home/jeremyfall/Internal/JTD-Packages/laravel-mcp.git/main/tests/Unit/Commands/ServeCommandTest.php" line="112" class="JTD\LaravelMCP\Tests\Unit\Commands\ServeCommandTest" classname="JTD.LaravelMCP.Tests.Unit.Commands.ServeCommandTest" assertions="5" time="0.006532"/>
        <testcase name="it_starts_http_transport_successfully" file="/home/jeremyfall/Internal/JTD-Packages/laravel-mcp.git/main/tests/Unit/Commands/ServeCommandTest.php" line="156" class="JTD\LaravelMCP\Tests\Unit\Commands\ServeCommandTest" classname="JTD.LaravelMCP.Tests.Unit.Commands.ServeCommandTest" assertions="7" time="0.007476"/>
        <testcase name="it_validates_invalid_transport_type" file="/home/jeremyfall/Internal/JTD-Packages/laravel-mcp.git/main/tests/Unit/Commands/ServeCommandTest.php" line="238" class="JTD\LaravelMCP\Tests\Unit\Commands\ServeCommandTest" classname="JTD.LaravelMCP.Tests.Unit.Commands.ServeCommandTest" assertions="3" time="0.004914"/>
        <testcase name="it_validates_disabled_transport" file="/home/jeremyfall/Internal/JTD-Packages/laravel-mcp.git/main/tests/Unit/Commands/ServeCommandTest.php" line="255" class="JTD\LaravelMCP\Tests\Unit\Commands\ServeCommandTest" classname="JTD.LaravelMCP.Tests.Unit.Commands.ServeCommandTest" assertions="3" time="0.005131"/>
        <testcase name="it_validates_unregistered_transport_in_manager" file="/home/jeremyfall/Internal/JTD-Packages/laravel-mcp.git/main/tests/Unit/Commands/ServeCommandTest.php" line="279" class="JTD\LaravelMCP\Tests\Unit\Commands\ServeCommandTest" classname="JTD.LaravelMCP.Tests.Unit.Commands.ServeCommandTest" assertions="3" time="0.005492"/>
        <testcase name="it_validates_timeout_option" file="/home/jeremyfall/Internal/JTD-Packages/laravel-mcp.git/main/tests/Unit/Commands/ServeCommandTest.php" line="312" class="JTD\LaravelMCP\Tests\Unit\Commands\ServeCommandTest" classname="JTD.LaravelMCP.Tests.Unit.Commands.ServeCommandTest" assertions="4" time="0.005329"/>
        <testcase name="it_validates_port_option_for_http_transport" file="/home/jeremyfall/Internal/JTD-Packages/laravel-mcp.git/main/tests/Unit/Commands/ServeCommandTest.php" line="336" class="JTD\LaravelMCP\Tests\Unit\Commands\ServeCommandTest" classname="JTD.LaravelMCP.Tests.Unit.Commands.ServeCommandTest" assertions="4" time="0.005622"/>
        <testcase name="it_handles_transport_creation_failure" file="/home/jeremyfall/Internal/JTD-Packages/laravel-mcp.git/main/tests/Unit/Commands/ServeCommandTest.php" line="392" class="JTD\LaravelMCP\Tests\Unit\Commands\ServeCommandTest" classname="JTD.LaravelMCP.Tests.Unit.Commands.ServeCommandTest" assertions="2" time="0.005353"/>
        <testcase name="it_handles_stdio_transport_errors" file="/home/jeremyfall/Internal/JTD-Packages/laravel-mcp.git/main/tests/Unit/Commands/ServeCommandTest.php" line="413" class="JTD\LaravelMCP\Tests\Unit\Commands\ServeCommandTest" classname="JTD.LaravelMCP.Tests.Unit.Commands.ServeCommandTest" assertions="3" time="0.006000"/>
        <testcase name="it_builds_correct_transport_configuration" file="/home/jeremyfall/Internal/JTD-Packages/laravel-mcp.git/main/tests/Unit/Commands/ServeCommandTest.php" line="444" class="JTD\LaravelMCP\Tests\Unit\Commands\ServeCommandTest" classname="JTD.LaravelMCP.Tests.Unit.Commands.ServeCommandTest" assertions="1" time="0.005947"/>
        <testcase name="it_handles_invalid_transport_instance" file="/home/jeremyfall/Internal/JTD-Packages/laravel-mcp.git/main/tests/Unit/Commands/ServeCommandTest.php" line="498" class="JTD\LaravelMCP\Tests\Unit\Commands\ServeCommandTest" classname="JTD.LaravelMCP.Tests.Unit.Commands.ServeCommandTest" assertions="2" time="0.005045"/>
        <testcase name="it_configures_server_info_correctly" file="/home/jeremyfall/Internal/JTD-Packages/laravel-mcp.git/main/tests/Unit/Commands/ServeCommandTest.php" line="556" class="JTD\LaravelMCP\Tests\Unit\Commands\ServeCommandTest" classname="JTD.LaravelMCP.Tests.Unit.Commands.ServeCommandTest" assertions="1" time="0.005457"/>
        <testcase name="it_returns_error_when_mcp_is_disabled" file="/home/jeremyfall/Internal/JTD-Packages/laravel-mcp.git/main/tests/Unit/Commands/ServeCommandTest.php" line="625" class="JTD\LaravelMCP\Tests\Unit\Commands\ServeCommandTest" classname="JTD.LaravelMCP.Tests.Unit.Commands.ServeCommandTest" assertions="2" time="0.005409"/>
        <testcase name="it_enables_debug_mode" file="/home/jeremyfall/Internal/JTD-Packages/laravel-mcp.git/main/tests/Unit/Commands/ServeCommandTest.php" line="360" class="JTD\LaravelMCP\Tests\Unit\Commands\ServeCommandTest" classname="JTD.LaravelMCP.Tests.Unit.Commands.ServeCommandTest" assertions="2" time="0.006584"/>
        <testcase name="it_displays_transport_stats_in_verbose_mode" file="/home/jeremyfall/Internal/JTD-Packages/laravel-mcp.git/main/tests/Unit/Commands/ServeCommandTest.php" line="588" class="JTD\LaravelMCP\Tests\Unit\Commands\ServeCommandTest" classname="JTD.LaravelMCP.Tests.Unit.Commands.ServeCommandTest" assertions="2" time="0.006335"/>
        <testcase name="it_attempts_reconnection_for_http_transport" file="/home/jeremyfall/Internal/JTD-Packages/laravel-mcp.git/main/tests/Unit/Commands/ServeCommandTest.php" line="642" class="JTD\LaravelMCP\Tests\Unit\Commands\ServeCommandTest" classname="JTD.LaravelMCP.Tests.Unit.Commands.ServeCommandTest" assertions="2" time="0.007029"/>
        <testcase name="it_handles_shutdown_signals_with_pcntl" file="/home/jeremyfall/Internal/JTD-Packages/laravel-mcp.git/main/tests/Unit/Commands/ServeCommandTest.php" line="527" class="JTD\LaravelMCP\Tests\Unit\Commands\ServeCommandTest" classname="JTD.LaravelMCP.Tests.Unit.Commands.ServeCommandTest" assertions="1" time="1.007085"/>
      </testsuite>
      <testsuite name="JTD\LaravelMCP\Tests\Unit\Exceptions\McpExceptionTest" file="/home/jeremyfall/Internal/JTD-Packages/laravel-mcp.git/main/tests/Unit/Exceptions/McpExceptionTest.php" tests="22" assertions="76" errors="0" failures="0" skipped="0" time="0.110621">
        <testcase name="test_basic_exception_creation" file="/home/jeremyfall/Internal/JTD-Packages/laravel-mcp.git/main/tests/Unit/Exceptions/McpExceptionTest.php" line="19" class="JTD\LaravelMCP\Tests\Unit\Exceptions\McpExceptionTest" classname="JTD.LaravelMCP.Tests.Unit.Exceptions.McpExceptionTest" assertions="2" time="0.005703"/>
        <testcase name="test_exception_with_context" file="/home/jeremyfall/Internal/JTD-Packages/laravel-mcp.git/main/tests/Unit/Exceptions/McpExceptionTest.php" line="41" class="JTD\LaravelMCP\Tests\Unit\Exceptions\McpExceptionTest" classname="JTD.LaravelMCP.Tests.Unit.Exceptions.McpExceptionTest" assertions="1" time="0.005109"/>
        <testcase name="test_exception_with_previous" file="/home/jeremyfall/Internal/JTD-Packages/laravel-mcp.git/main/tests/Unit/Exceptions/McpExceptionTest.php" line="52" class="JTD\LaravelMCP\Tests\Unit\Exceptions\McpExceptionTest" classname="JTD.LaravelMCP.Tests.Unit.Exceptions.McpExceptionTest" assertions="1" time="0.004374"/>
        <testcase name="test_set_data" file="/home/jeremyfall/Internal/JTD-Packages/laravel-mcp.git/main/tests/Unit/Exceptions/McpExceptionTest.php" line="63" class="JTD\LaravelMCP\Tests\Unit\Exceptions\McpExceptionTest" classname="JTD.LaravelMCP.Tests.Unit.Exceptions.McpExceptionTest" assertions="1" time="0.004438"/>
        <testcase name="test_set_context" file="/home/jeremyfall/Internal/JTD-Packages/laravel-mcp.git/main/tests/Unit/Exceptions/McpExceptionTest.php" line="76" class="JTD\LaravelMCP\Tests\Unit\Exceptions\McpExceptionTest" classname="JTD.LaravelMCP.Tests.Unit.Exceptions.McpExceptionTest" assertions="1" time="0.004347"/>
        <testcase name="test_add_context" file="/home/jeremyfall/Internal/JTD-Packages/laravel-mcp.git/main/tests/Unit/Exceptions/McpExceptionTest.php" line="89" class="JTD\LaravelMCP\Tests\Unit\Exceptions\McpExceptionTest" classname="JTD.LaravelMCP.Tests.Unit.Exceptions.McpExceptionTest" assertions="2" time="0.005010"/>
        <testcase name="test_to_json" file="/home/jeremyfall/Internal/JTD-Packages/laravel-mcp.git/main/tests/Unit/Exceptions/McpExceptionTest.php" line="140" class="JTD\LaravelMCP\Tests\Unit\Exceptions\McpExceptionTest" classname="JTD.LaravelMCP.Tests.Unit.Exceptions.McpExceptionTest" assertions="3" time="0.005177"/>
        <testcase name="test_get_error_type_json_rpc" file="/home/jeremyfall/Internal/JTD-Packages/laravel-mcp.git/main/tests/Unit/Exceptions/McpExceptionTest.php" line="156" class="JTD\LaravelMCP\Tests\Unit\Exceptions\McpExceptionTest" classname="JTD.LaravelMCP.Tests.Unit.Exceptions.McpExceptionTest" assertions="9" time="0.004463"/>
        <testcase name="test_is_client_error" file="/home/jeremyfall/Internal/JTD-Packages/laravel-mcp.git/main/tests/Unit/Exceptions/McpExceptionTest.php" line="179" class="JTD\LaravelMCP\Tests\Unit\Exceptions\McpExceptionTest" classname="JTD.LaravelMCP.Tests.Unit.Exceptions.McpExceptionTest" assertions="7" time="0.005974"/>
        <testcase name="test_is_server_error" file="/home/jeremyfall/Internal/JTD-Packages/laravel-mcp.git/main/tests/Unit/Exceptions/McpExceptionTest.php" line="198" class="JTD\LaravelMCP\Tests\Unit\Exceptions\McpExceptionTest" classname="JTD.LaravelMCP.Tests.Unit.Exceptions.McpExceptionTest" assertions="8" time="0.004654"/>
        <testcase name="test_static_parse_error" file="/home/jeremyfall/Internal/JTD-Packages/laravel-mcp.git/main/tests/Unit/Exceptions/McpExceptionTest.php" line="217" class="JTD\LaravelMCP\Tests\Unit\Exceptions\McpExceptionTest" classname="JTD.LaravelMCP.Tests.Unit.Exceptions.McpExceptionTest" assertions="3" time="0.004470"/>
        <testcase name="test_static_invalid_request" file="/home/jeremyfall/Internal/JTD-Packages/laravel-mcp.git/main/tests/Unit/Exceptions/McpExceptionTest.php" line="229" class="JTD\LaravelMCP\Tests\Unit\Exceptions\McpExceptionTest" classname="JTD.LaravelMCP.Tests.Unit.Exceptions.McpExceptionTest" assertions="3" time="0.004486"/>
        <testcase name="test_static_method_not_found" file="/home/jeremyfall/Internal/JTD-Packages/laravel-mcp.git/main/tests/Unit/Exceptions/McpExceptionTest.php" line="241" class="JTD\LaravelMCP\Tests\Unit\Exceptions\McpExceptionTest" classname="JTD.LaravelMCP.Tests.Unit.Exceptions.McpExceptionTest" assertions="3" time="0.004650"/>
        <testcase name="test_static_invalid_params" file="/home/jeremyfall/Internal/JTD-Packages/laravel-mcp.git/main/tests/Unit/Exceptions/McpExceptionTest.php" line="253" class="JTD\LaravelMCP\Tests\Unit\Exceptions\McpExceptionTest" classname="JTD.LaravelMCP.Tests.Unit.Exceptions.McpExceptionTest" assertions="3" time="0.005197"/>
        <testcase name="test_static_internal_error" file="/home/jeremyfall/Internal/JTD-Packages/laravel-mcp.git/main/tests/Unit/Exceptions/McpExceptionTest.php" line="265" class="JTD\LaravelMCP\Tests\Unit\Exceptions\McpExceptionTest" classname="JTD.LaravelMCP.Tests.Unit.Exceptions.McpExceptionTest" assertions="3" time="0.004546"/>
        <testcase name="test_static_application_error" file="/home/jeremyfall/Internal/JTD-Packages/laravel-mcp.git/main/tests/Unit/Exceptions/McpExceptionTest.php" line="277" class="JTD\LaravelMCP\Tests\Unit\Exceptions\McpExceptionTest" classname="JTD.LaravelMCP.Tests.Unit.Exceptions.McpExceptionTest" assertions="3" time="0.004950"/>
        <testcase name="test_static_from_throwable" file="/home/jeremyfall/Internal/JTD-Packages/laravel-mcp.git/main/tests/Unit/Exceptions/McpExceptionTest.php" line="289" class="JTD\LaravelMCP\Tests\Unit\Exceptions\McpExceptionTest" classname="JTD.LaravelMCP.Tests.Unit.Exceptions.McpExceptionTest" assertions="7" time="0.005006"/>
        <testcase name="test_from_throwable_with_custom_code" file="/home/jeremyfall/Internal/JTD-Packages/laravel-mcp.git/main/tests/Unit/Exceptions/McpExceptionTest.php" line="308" class="JTD\LaravelMCP\Tests\Unit\Exceptions\McpExceptionTest" classname="JTD.LaravelMCP.Tests.Unit.Exceptions.McpExceptionTest" assertions="1" time="0.004488"/>
        <testcase name="test_fluent_interface" file="/home/jeremyfall/Internal/JTD-Packages/laravel-mcp.git/main/tests/Unit/Exceptions/McpExceptionTest.php" line="319" class="JTD\LaravelMCP\Tests\Unit\Exceptions\McpExceptionTest" classname="JTD.LaravelMCP.Tests.Unit.Exceptions.McpExceptionTest" assertions="3" time="0.005316"/>
        <testcase name="test_exception_with_data" file="/home/jeremyfall/Internal/JTD-Packages/laravel-mcp.git/main/tests/Unit/Exceptions/McpExceptionTest.php" line="30" class="JTD\LaravelMCP\Tests\Unit\Exceptions\McpExceptionTest" classname="JTD.LaravelMCP.Tests.Unit.Exceptions.McpExceptionTest" assertions="1" time="0.008356"/>
        <testcase name="test_to_array" file="/home/jeremyfall/Internal/JTD-Packages/laravel-mcp.git/main/tests/Unit/Exceptions/McpExceptionTest.php" line="103" class="JTD\LaravelMCP\Tests\Unit\Exceptions\McpExceptionTest" classname="JTD.LaravelMCP.Tests.Unit.Exceptions.McpExceptionTest" assertions="7" time="0.004972"/>
        <testcase name="test_to_array_with_previous" file="/home/jeremyfall/Internal/JTD-Packages/laravel-mcp.git/main/tests/Unit/Exceptions/McpExceptionTest.php" line="124" class="JTD\LaravelMCP\Tests\Unit\Exceptions\McpExceptionTest" classname="JTD.LaravelMCP.Tests.Unit.Exceptions.McpExceptionTest" assertions="4" time="0.004935"/>
      </testsuite>
      <testsuite name="JTD\LaravelMCP\Tests\Unit\Http\Middleware\McpAuthMiddlewareTest" file="/home/jeremyfall/Internal/JTD-Packages/laravel-mcp.git/main/tests/Unit/Http/Middleware/McpAuthMiddlewareTest.php" tests="7" assertions="11" errors="0" failures="0" skipped="0" time="0.034318">
        <testcase name="it_passes_through_when_auth_disabled" file="/home/jeremyfall/Internal/JTD-Packages/laravel-mcp.git/main/tests/Unit/Http/Middleware/McpAuthMiddlewareTest.php" line="41" class="JTD\LaravelMCP\Tests\Unit\Http\Middleware\McpAuthMiddlewareTest" classname="JTD.LaravelMCP.Tests.Unit.Http.Middleware.McpAuthMiddlewareTest" assertions="1" time="0.005170"/>
        <testcase name="it_authenticates_with_valid_api_key_in_header" file="/home/jeremyfall/Internal/JTD-Packages/laravel-mcp.git/main/tests/Unit/Http/Middleware/McpAuthMiddlewareTest.php" line="82" class="JTD\LaravelMCP\Tests\Unit\Http\Middleware\McpAuthMiddlewareTest" classname="JTD.LaravelMCP.Tests.Unit.Http.Middleware.McpAuthMiddlewareTest" assertions="1" time="0.004680"/>
        <testcase name="it_rejects_request_with_no_api_key_when_required" file="/home/jeremyfall/Internal/JTD-Packages/laravel-mcp.git/main/tests/Unit/Http/Middleware/McpAuthMiddlewareTest.php" line="150" class="JTD\LaravelMCP\Tests\Unit\Http\Middleware\McpAuthMiddlewareTest" classname="JTD.LaravelMCP.Tests.Unit.Http.Middleware.McpAuthMiddlewareTest" assertions="3" time="0.004672"/>
        <testcase name="it_passes_through_when_no_api_key_configured" file="/home/jeremyfall/Internal/JTD-Packages/laravel-mcp.git/main/tests/Unit/Http/Middleware/McpAuthMiddlewareTest.php" line="61" class="JTD\LaravelMCP\Tests\Unit\Http\Middleware\McpAuthMiddlewareTest" classname="JTD.LaravelMCP.Tests.Unit.Http.Middleware.McpAuthMiddlewareTest" assertions="1" time="0.004615"/>
        <testcase name="it_authenticates_with_valid_api_key_in_query" file="/home/jeremyfall/Internal/JTD-Packages/laravel-mcp.git/main/tests/Unit/Http/Middleware/McpAuthMiddlewareTest.php" line="104" class="JTD\LaravelMCP\Tests\Unit\Http\Middleware\McpAuthMiddlewareTest" classname="JTD.LaravelMCP.Tests.Unit.Http.Middleware.McpAuthMiddlewareTest" assertions="1" time="0.004795"/>
        <testcase name="it_rejects_invalid_api_key" file="/home/jeremyfall/Internal/JTD-Packages/laravel-mcp.git/main/tests/Unit/Http/Middleware/McpAuthMiddlewareTest.php" line="125" class="JTD\LaravelMCP\Tests\Unit\Http\Middleware\McpAuthMiddlewareTest" classname="JTD.LaravelMCP.Tests.Unit.Http.Middleware.McpAuthMiddlewareTest" assertions="3" time="0.005017"/>
        <testcase name="it_prioritizes_header_over_query_parameter" file="/home/jeremyfall/Internal/JTD-Packages/laravel-mcp.git/main/tests/Unit/Http/Middleware/McpAuthMiddlewareTest.php" line="174" class="JTD\LaravelMCP\Tests\Unit\Http\Middleware\McpAuthMiddlewareTest" classname="JTD.LaravelMCP.Tests.Unit.Http.Middleware.McpAuthMiddlewareTest" assertions="1" time="0.005369"/>
      </testsuite>
      <testsuite name="JTD\LaravelMCP\Tests\Unit\Http\Middleware\McpCorsMiddlewareTest" file="/home/jeremyfall/Internal/JTD-Packages/laravel-mcp.git/main/tests/Unit/Http/Middleware/McpCorsMiddlewareTest.php" tests="8" assertions="23" errors="0" failures="0" skipped="0" time="0.036491">
        <testcase name="it_adds_cors_headers_to_regular_requests" file="/home/jeremyfall/Internal/JTD-Packages/laravel-mcp.git/main/tests/Unit/Http/Middleware/McpCorsMiddlewareTest.php" line="40" class="JTD\LaravelMCP\Tests\Unit\Http\Middleware\McpCorsMiddlewareTest" classname="JTD.LaravelMCP.Tests.Unit.Http.Middleware.McpCorsMiddlewareTest" assertions="5" time="0.004453"/>
        <testcase name="it_handles_preflight_options_requests" file="/home/jeremyfall/Internal/JTD-Packages/laravel-mcp.git/main/tests/Unit/Http/Middleware/McpCorsMiddlewareTest.php" line="70" class="JTD\LaravelMCP\Tests\Unit\Http\Middleware\McpCorsMiddlewareTest" classname="JTD.LaravelMCP.Tests.Unit.Http.Middleware.McpCorsMiddlewareTest" assertions="5" time="0.004474"/>
        <testcase name="it_respects_specific_allowed_origins" file="/home/jeremyfall/Internal/JTD-Packages/laravel-mcp.git/main/tests/Unit/Http/Middleware/McpCorsMiddlewareTest.php" line="99" class="JTD\LaravelMCP\Tests\Unit\Http\Middleware\McpCorsMiddlewareTest" classname="JTD.LaravelMCP.Tests.Unit.Http.Middleware.McpCorsMiddlewareTest" assertions="1" time="0.004571"/>
        <testcase name="it_rejects_disallowed_origins" file="/home/jeremyfall/Internal/JTD-Packages/laravel-mcp.git/main/tests/Unit/Http/Middleware/McpCorsMiddlewareTest.php" line="122" class="JTD\LaravelMCP\Tests\Unit\Http\Middleware\McpCorsMiddlewareTest" classname="JTD.LaravelMCP.Tests.Unit.Http.Middleware.McpCorsMiddlewareTest" assertions="1" time="0.004454"/>
        <testcase name="it_allows_all_origins_with_wildcard" file="/home/jeremyfall/Internal/JTD-Packages/laravel-mcp.git/main/tests/Unit/Http/Middleware/McpCorsMiddlewareTest.php" line="145" class="JTD\LaravelMCP\Tests\Unit\Http\Middleware\McpCorsMiddlewareTest" classname="JTD.LaravelMCP.Tests.Unit.Http.Middleware.McpCorsMiddlewareTest" assertions="1" time="0.004494"/>
        <testcase name="it_sets_default_origin_when_no_origin_header" file="/home/jeremyfall/Internal/JTD-Packages/laravel-mcp.git/main/tests/Unit/Http/Middleware/McpCorsMiddlewareTest.php" line="168" class="JTD\LaravelMCP\Tests\Unit\Http\Middleware\McpCorsMiddlewareTest" classname="JTD.LaravelMCP.Tests.Unit.Http.Middleware.McpCorsMiddlewareTest" assertions="1" time="0.004678"/>
        <testcase name="it_uses_default_configuration_values" file="/home/jeremyfall/Internal/JTD-Packages/laravel-mcp.git/main/tests/Unit/Http/Middleware/McpCorsMiddlewareTest.php" line="191" class="JTD\LaravelMCP\Tests\Unit\Http\Middleware\McpCorsMiddlewareTest" classname="JTD.LaravelMCP.Tests.Unit.Http.Middleware.McpCorsMiddlewareTest" assertions="6" time="0.004641"/>
        <testcase name="it_includes_mcp_specific_headers" file="/home/jeremyfall/Internal/JTD-Packages/laravel-mcp.git/main/tests/Unit/Http/Middleware/McpCorsMiddlewareTest.php" line="217" class="JTD\LaravelMCP\Tests\Unit\Http\Middleware\McpCorsMiddlewareTest" classname="JTD.LaravelMCP.Tests.Unit.Http.Middleware.McpCorsMiddlewareTest" assertions="3" time="0.004727"/>
      </testsuite>
      <testsuite name="JTD\LaravelMCP\Tests\Unit\LaravelMcpServiceProviderTest" file="/home/jeremyfall/Internal/JTD-Packages/laravel-mcp.git/main/tests/Unit/LaravelMcpServiceProviderTest.php" tests="39" assertions="94" errors="0" failures="0" skipped="0" time="0.217002">
        <testsuite name="JTD\LaravelMCP\Tests\Unit\LaravelMcpServiceProviderTest::it_resolves_individual_services" tests="9" assertions="9" errors="0" failures="0" skipped="0" time="0.042981">
          <testcase name="it_resolves_individual_services with data set &quot;McpRegistry&quot;" file="/home/jeremyfall/Internal/JTD-Packages/laravel-mcp.git/main/tests/Unit/LaravelMcpServiceProviderTest.php" line="520" class="JTD\LaravelMCP\Tests\Unit\LaravelMcpServiceProviderTest" classname="JTD.LaravelMCP.Tests.Unit.LaravelMcpServiceProviderTest" assertions="1" time="0.004612"/>
          <testcase name="it_resolves_individual_services with data set &quot;TransportManager&quot;" file="/home/jeremyfall/Internal/JTD-Packages/laravel-mcp.git/main/tests/Unit/LaravelMcpServiceProviderTest.php" line="520" class="JTD\LaravelMCP\Tests\Unit\LaravelMcpServiceProviderTest" classname="JTD.LaravelMCP.Tests.Unit.LaravelMcpServiceProviderTest" assertions="1" time="0.004787"/>
          <testcase name="it_resolves_individual_services with data set &quot;JsonRpcHandler&quot;" file="/home/jeremyfall/Internal/JTD-Packages/laravel-mcp.git/main/tests/Unit/LaravelMcpServiceProviderTest.php" line="520" class="JTD\LaravelMCP\Tests\Unit\LaravelMcpServiceProviderTest" classname="JTD.LaravelMCP.Tests.Unit.LaravelMcpServiceProviderTest" assertions="1" time="0.004871"/>
          <testcase name="it_resolves_individual_services with data set &quot;MessageProcessor&quot;" file="/home/jeremyfall/Internal/JTD-Packages/laravel-mcp.git/main/tests/Unit/LaravelMcpServiceProviderTest.php" line="520" class="JTD\LaravelMCP\Tests\Unit\LaravelMcpServiceProviderTest" classname="JTD.LaravelMCP.Tests.Unit.LaravelMcpServiceProviderTest" assertions="1" time="0.004666"/>
          <testcase name="it_resolves_individual_services with data set &quot;CapabilityNegotiator&quot;" file="/home/jeremyfall/Internal/JTD-Packages/laravel-mcp.git/main/tests/Unit/LaravelMcpServiceProviderTest.php" line="520" class="JTD\LaravelMCP\Tests\Unit\LaravelMcpServiceProviderTest" classname="JTD.LaravelMCP.Tests.Unit.LaravelMcpServiceProviderTest" assertions="1" time="0.005059"/>
          <testcase name="it_resolves_individual_services with data set &quot;ToolRegistry&quot;" file="/home/jeremyfall/Internal/JTD-Packages/laravel-mcp.git/main/tests/Unit/LaravelMcpServiceProviderTest.php" line="520" class="JTD\LaravelMCP\Tests\Unit\LaravelMcpServiceProviderTest" classname="JTD.LaravelMCP.Tests.Unit.LaravelMcpServiceProviderTest" assertions="1" time="0.004643"/>
          <testcase name="it_resolves_individual_services with data set &quot;ResourceRegistry&quot;" file="/home/jeremyfall/Internal/JTD-Packages/laravel-mcp.git/main/tests/Unit/LaravelMcpServiceProviderTest.php" line="520" class="JTD\LaravelMCP\Tests\Unit\LaravelMcpServiceProviderTest" classname="JTD.LaravelMCP.Tests.Unit.LaravelMcpServiceProviderTest" assertions="1" time="0.004857"/>
          <testcase name="it_resolves_individual_services with data set &quot;PromptRegistry&quot;" file="/home/jeremyfall/Internal/JTD-Packages/laravel-mcp.git/main/tests/Unit/LaravelMcpServiceProviderTest.php" line="520" class="JTD\LaravelMCP\Tests\Unit\LaravelMcpServiceProviderTest" classname="JTD.LaravelMCP.Tests.Unit.LaravelMcpServiceProviderTest" assertions="1" time="0.004719"/>
          <testcase name="it_resolves_individual_services with data set &quot;ComponentDiscovery&quot;" file="/home/jeremyfall/Internal/JTD-Packages/laravel-mcp.git/main/tests/Unit/LaravelMcpServiceProviderTest.php" line="520" class="JTD\LaravelMCP\Tests\Unit\LaravelMcpServiceProviderTest" classname="JTD.LaravelMCP.Tests.Unit.LaravelMcpServiceProviderTest" assertions="1" time="0.004767"/>
        </testsuite>
        <testcase name="it_detects_testing_environment" file="/home/jeremyfall/Internal/JTD-Packages/laravel-mcp.git/main/tests/Unit/LaravelMcpServiceProviderTest.php" line="306" class="JTD\LaravelMCP\Tests\Unit\LaravelMcpServiceProviderTest" classname="JTD.LaravelMCP.Tests.Unit.LaravelMcpServiceProviderTest" assertions="1" time="0.008715"/>
        <testcase name="it_detects_web_environment" file="/home/jeremyfall/Internal/JTD-Packages/laravel-mcp.git/main/tests/Unit/LaravelMcpServiceProviderTest.php" line="330" class="JTD\LaravelMCP\Tests\Unit\LaravelMcpServiceProviderTest" classname="JTD.LaravelMCP.Tests.Unit.LaravelMcpServiceProviderTest" assertions="1" time="0.004641"/>
        <testcase name="it_skips_discovery_when_disabled" file="/home/jeremyfall/Internal/JTD-Packages/laravel-mcp.git/main/tests/Unit/LaravelMcpServiceProviderTest.php" line="354" class="JTD\LaravelMCP\Tests\Unit\LaravelMcpServiceProviderTest" classname="JTD.LaravelMCP.Tests.Unit.LaravelMcpServiceProviderTest" assertions="1" time="0.004677"/>
        <testcase name="it_handles_boot_failure_gracefully_in_production" file="/home/jeremyfall/Internal/JTD-Packages/laravel-mcp.git/main/tests/Unit/LaravelMcpServiceProviderTest.php" line="750" class="JTD\LaravelMCP\Tests\Unit\LaravelMcpServiceProviderTest" classname="JTD.LaravelMCP.Tests.Unit.LaravelMcpServiceProviderTest" assertions="2" time="0.005371"/>
        <testcase name="it_registers_all_singleton_services" file="/home/jeremyfall/Internal/JTD-Packages/laravel-mcp.git/main/tests/Unit/LaravelMcpServiceProviderTest.php" line="61" class="JTD\LaravelMCP\Tests\Unit\LaravelMcpServiceProviderTest" classname="JTD.LaravelMCP.Tests.Unit.LaravelMcpServiceProviderTest" assertions="9" time="0.005386"/>
        <testcase name="it_ensures_singletons_return_same_instance" file="/home/jeremyfall/Internal/JTD-Packages/laravel-mcp.git/main/tests/Unit/LaravelMcpServiceProviderTest.php" line="88" class="JTD\LaravelMCP\Tests\Unit\LaravelMcpServiceProviderTest" classname="JTD.LaravelMCP.Tests.Unit.LaravelMcpServiceProviderTest" assertions="9" time="0.005535"/>
        <testcase name="it_registers_transport_implementations" file="/home/jeremyfall/Internal/JTD-Packages/laravel-mcp.git/main/tests/Unit/LaravelMcpServiceProviderTest.php" line="118" class="JTD\LaravelMCP\Tests\Unit\LaravelMcpServiceProviderTest" classname="JTD.LaravelMCP.Tests.Unit.LaravelMcpServiceProviderTest" assertions="4" time="0.005755"/>
        <testcase name="it_binds_interfaces_to_implementations" file="/home/jeremyfall/Internal/JTD-Packages/laravel-mcp.git/main/tests/Unit/LaravelMcpServiceProviderTest.php" line="139" class="JTD\LaravelMCP\Tests\Unit\LaravelMcpServiceProviderTest" classname="JTD.LaravelMCP.Tests.Unit.LaravelMcpServiceProviderTest" assertions="4" time="0.005160"/>
        <testcase name="it_binds_transport_interface_to_default_transport" file="/home/jeremyfall/Internal/JTD-Packages/laravel-mcp.git/main/tests/Unit/LaravelMcpServiceProviderTest.php" line="160" class="JTD\LaravelMCP\Tests\Unit\LaravelMcpServiceProviderTest" classname="JTD.LaravelMCP.Tests.Unit.LaravelMcpServiceProviderTest" assertions="2" time="0.007686"/>
        <testcase name="it_merges_laravel_mcp_configuration" file="/home/jeremyfall/Internal/JTD-Packages/laravel-mcp.git/main/tests/Unit/LaravelMcpServiceProviderTest.php" line="181" class="JTD\LaravelMCP\Tests\Unit\LaravelMcpServiceProviderTest" classname="JTD.LaravelMCP.Tests.Unit.LaravelMcpServiceProviderTest" assertions="7" time="0.006932"/>
        <testcase name="it_merges_mcp_transports_configuration" file="/home/jeremyfall/Internal/JTD-Packages/laravel-mcp.git/main/tests/Unit/LaravelMcpServiceProviderTest.php" line="202" class="JTD\LaravelMCP\Tests\Unit\LaravelMcpServiceProviderTest" classname="JTD.LaravelMCP.Tests.Unit.LaravelMcpServiceProviderTest" assertions="2" time="0.005353"/>
        <testcase name="it_allows_custom_configuration_to_override_defaults" file="/home/jeremyfall/Internal/JTD-Packages/laravel-mcp.git/main/tests/Unit/LaravelMcpServiceProviderTest.php" line="219" class="JTD\LaravelMCP\Tests\Unit\LaravelMcpServiceProviderTest" classname="JTD.LaravelMCP.Tests.Unit.LaravelMcpServiceProviderTest" assertions="4" time="0.005376"/>
        <testcase name="it_validates_dependencies_successfully_when_met" file="/home/jeremyfall/Internal/JTD-Packages/laravel-mcp.git/main/tests/Unit/LaravelMcpServiceProviderTest.php" line="241" class="JTD\LaravelMCP\Tests\Unit\LaravelMcpServiceProviderTest" classname="JTD.LaravelMCP.Tests.Unit.LaravelMcpServiceProviderTest" assertions="1" time="0.004846"/>
        <testcase name="it_throws_exception_when_required_dependencies_are_missing" file="/home/jeremyfall/Internal/JTD-Packages/laravel-mcp.git/main/tests/Unit/LaravelMcpServiceProviderTest.php" line="254" class="JTD\LaravelMCP\Tests\Unit\LaravelMcpServiceProviderTest" classname="JTD.LaravelMCP.Tests.Unit.LaravelMcpServiceProviderTest" assertions="2" time="0.005197"/>
        <testcase name="it_detects_console_environment" file="/home/jeremyfall/Internal/JTD-Packages/laravel-mcp.git/main/tests/Unit/LaravelMcpServiceProviderTest.php" line="282" class="JTD\LaravelMCP\Tests\Unit\LaravelMcpServiceProviderTest" classname="JTD.LaravelMCP.Tests.Unit.LaravelMcpServiceProviderTest" assertions="1" time="0.005140"/>
        <testcase name="it_runs_discovery_when_enabled" file="/home/jeremyfall/Internal/JTD-Packages/laravel-mcp.git/main/tests/Unit/LaravelMcpServiceProviderTest.php" line="376" class="JTD\LaravelMCP\Tests\Unit\LaravelMcpServiceProviderTest" classname="JTD.LaravelMCP.Tests.Unit.LaravelMcpServiceProviderTest" assertions="1" time="0.004894"/>
        <testcase name="it_sets_up_publishing_configurations" file="/home/jeremyfall/Internal/JTD-Packages/laravel-mcp.git/main/tests/Unit/LaravelMcpServiceProviderTest.php" line="406" class="JTD\LaravelMCP\Tests\Unit\LaravelMcpServiceProviderTest" classname="JTD.LaravelMCP.Tests.Unit.LaravelMcpServiceProviderTest" assertions="2" time="0.004921"/>
        <testcase name="it_loads_routes_when_mcp_routes_file_exists" file="/home/jeremyfall/Internal/JTD-Packages/laravel-mcp.git/main/tests/Unit/LaravelMcpServiceProviderTest.php" line="427" class="JTD\LaravelMCP\Tests\Unit\LaravelMcpServiceProviderTest" classname="JTD.LaravelMCP.Tests.Unit.LaravelMcpServiceProviderTest" assertions="1" time="0.005540"/>
        <testcase name="it_skips_routes_when_mcp_routes_file_does_not_exist" file="/home/jeremyfall/Internal/JTD-Packages/laravel-mcp.git/main/tests/Unit/LaravelMcpServiceProviderTest.php" line="455" class="JTD\LaravelMCP\Tests\Unit\LaravelMcpServiceProviderTest" classname="JTD.LaravelMCP.Tests.Unit.LaravelMcpServiceProviderTest" assertions="1" time="0.005682"/>
        <testcase name="it_runs_console_boot_only_in_console" file="/home/jeremyfall/Internal/JTD-Packages/laravel-mcp.git/main/tests/Unit/LaravelMcpServiceProviderTest.php" line="473" class="JTD\LaravelMCP\Tests\Unit\LaravelMcpServiceProviderTest" classname="JTD.LaravelMCP.Tests.Unit.LaravelMcpServiceProviderTest" assertions="1" time="0.005496"/>
        <testcase name="it_validates_configuration_structure" file="/home/jeremyfall/Internal/JTD-Packages/laravel-mcp.git/main/tests/Unit/LaravelMcpServiceProviderTest.php" line="570" class="JTD\LaravelMCP\Tests\Unit\LaravelMcpServiceProviderTest" classname="JTD.LaravelMCP.Tests.Unit.LaravelMcpServiceProviderTest" assertions="1" time="0.006220"/>
        <testcase name="it_handles_invalid_configuration_gracefully" file="/home/jeremyfall/Internal/JTD-Packages/laravel-mcp.git/main/tests/Unit/LaravelMcpServiceProviderTest.php" line="594" class="JTD\LaravelMCP\Tests\Unit\LaravelMcpServiceProviderTest" classname="JTD.LaravelMCP.Tests.Unit.LaravelMcpServiceProviderTest" assertions="2" time="0.006142"/>
        <testcase name="it_registers_middleware_when_auto_register_enabled" file="/home/jeremyfall/Internal/JTD-Packages/laravel-mcp.git/main/tests/Unit/LaravelMcpServiceProviderTest.php" line="612" class="JTD\LaravelMCP\Tests\Unit\LaravelMcpServiceProviderTest" classname="JTD.LaravelMCP.Tests.Unit.LaravelMcpServiceProviderTest" assertions="1" time="0.008656"/>
        <testcase name="it_registers_auth_middleware_when_auth_enabled" file="/home/jeremyfall/Internal/JTD-Packages/laravel-mcp.git/main/tests/Unit/LaravelMcpServiceProviderTest.php" line="644" class="JTD\LaravelMCP\Tests\Unit\LaravelMcpServiceProviderTest" classname="JTD.LaravelMCP.Tests.Unit.LaravelMcpServiceProviderTest" assertions="1" time="0.005767"/>
        <testcase name="it_skips_middleware_auto_registration_when_disabled" file="/home/jeremyfall/Internal/JTD-Packages/laravel-mcp.git/main/tests/Unit/LaravelMcpServiceProviderTest.php" line="677" class="JTD\LaravelMCP\Tests\Unit\LaravelMcpServiceProviderTest" classname="JTD.LaravelMCP.Tests.Unit.LaravelMcpServiceProviderTest" assertions="1" time="0.006112"/>
        <testcase name="it_registers_event_hooks" file="/home/jeremyfall/Internal/JTD-Packages/laravel-mcp.git/main/tests/Unit/LaravelMcpServiceProviderTest.php" line="704" class="JTD\LaravelMCP\Tests\Unit\LaravelMcpServiceProviderTest" classname="JTD.LaravelMCP.Tests.Unit.LaravelMcpServiceProviderTest" assertions="1" time="0.006330"/>
        <testcase name="it_has_proper_error_handling_structure" file="/home/jeremyfall/Internal/JTD-Packages/laravel-mcp.git/main/tests/Unit/LaravelMcpServiceProviderTest.php" line="730" class="JTD\LaravelMCP\Tests\Unit\LaravelMcpServiceProviderTest" classname="JTD.LaravelMCP.Tests.Unit.LaravelMcpServiceProviderTest" assertions="2" time="0.005698"/>
        <testcase name="it_registers_lazy_services" file="/home/jeremyfall/Internal/JTD-Packages/laravel-mcp.git/main/tests/Unit/LaravelMcpServiceProviderTest.php" line="768" class="JTD\LaravelMCP\Tests\Unit\LaravelMcpServiceProviderTest" classname="JTD.LaravelMCP.Tests.Unit.LaravelMcpServiceProviderTest" assertions="3" time="0.005527"/>
        <testcase name="it_registers_caching_services" file="/home/jeremyfall/Internal/JTD-Packages/laravel-mcp.git/main/tests/Unit/LaravelMcpServiceProviderTest.php" line="783" class="JTD\LaravelMCP\Tests\Unit\LaravelMcpServiceProviderTest" classname="JTD.LaravelMCP.Tests.Unit.LaravelMcpServiceProviderTest" assertions="3" time="0.005301"/>
        <testcase name="it_resolves_all_services_after_boot" file="/home/jeremyfall/Internal/JTD-Packages/laravel-mcp.git/main/tests/Unit/LaravelMcpServiceProviderTest.php" line="536" class="JTD\LaravelMCP\Tests\Unit\LaravelMcpServiceProviderTest" classname="JTD.LaravelMCP.Tests.Unit.LaravelMcpServiceProviderTest" assertions="14" time="0.005965"/>
      </testsuite>
      <testsuite name="JTD\LaravelMCP\Tests\Unit\Protocol\Contracts\JsonRpcHandlerInterfaceTest" file="/home/jeremyfall/Internal/JTD-Packages/laravel-mcp.git/main/tests/Unit/Protocol/Contracts/JsonRpcHandlerInterfaceTest.php" tests="24" assertions="85" errors="0" failures="0" skipped="0" time="0.118857">
        <testcase name="test_handle_request_with_valid_request" file="/home/jeremyfall/Internal/JTD-Packages/laravel-mcp.git/main/tests/Unit/Protocol/Contracts/JsonRpcHandlerInterfaceTest.php" line="30" class="JTD\LaravelMCP\Tests\Unit\Protocol\Contracts\JsonRpcHandlerInterfaceTest" classname="JTD.LaravelMCP.Tests.Unit.Protocol.Contracts.JsonRpcHandlerInterfaceTest" assertions="2" time="0.006710"/>
        <testcase name="test_handle_request_with_params" file="/home/jeremyfall/Internal/JTD-Packages/laravel-mcp.git/main/tests/Unit/Protocol/Contracts/JsonRpcHandlerInterfaceTest.php" line="58" class="JTD\LaravelMCP\Tests\Unit\Protocol\Contracts\JsonRpcHandlerInterfaceTest" classname="JTD.LaravelMCP.Tests.Unit.Protocol.Contracts.JsonRpcHandlerInterfaceTest" assertions="2" time="0.005154"/>
        <testcase name="test_handle_notification" file="/home/jeremyfall/Internal/JTD-Packages/laravel-mcp.git/main/tests/Unit/Protocol/Contracts/JsonRpcHandlerInterfaceTest.php" line="90" class="JTD\LaravelMCP\Tests\Unit\Protocol\Contracts\JsonRpcHandlerInterfaceTest" classname="JTD.LaravelMCP.Tests.Unit.Protocol.Contracts.JsonRpcHandlerInterfaceTest" assertions="1" time="0.004512"/>
        <testcase name="test_handle_notification_with_params" file="/home/jeremyfall/Internal/JTD-Packages/laravel-mcp.git/main/tests/Unit/Protocol/Contracts/JsonRpcHandlerInterfaceTest.php" line="108" class="JTD\LaravelMCP\Tests\Unit\Protocol\Contracts\JsonRpcHandlerInterfaceTest" classname="JTD.LaravelMCP.Tests.Unit.Protocol.Contracts.JsonRpcHandlerInterfaceTest" assertions="1" time="0.004687"/>
        <testcase name="test_handle_response_success" file="/home/jeremyfall/Internal/JTD-Packages/laravel-mcp.git/main/tests/Unit/Protocol/Contracts/JsonRpcHandlerInterfaceTest.php" line="130" class="JTD\LaravelMCP\Tests\Unit\Protocol\Contracts\JsonRpcHandlerInterfaceTest" classname="JTD.LaravelMCP.Tests.Unit.Protocol.Contracts.JsonRpcHandlerInterfaceTest" assertions="1" time="0.005268"/>
        <testcase name="test_handle_response_error" file="/home/jeremyfall/Internal/JTD-Packages/laravel-mcp.git/main/tests/Unit/Protocol/Contracts/JsonRpcHandlerInterfaceTest.php" line="149" class="JTD\LaravelMCP\Tests\Unit\Protocol\Contracts\JsonRpcHandlerInterfaceTest" classname="JTD.LaravelMCP.Tests.Unit.Protocol.Contracts.JsonRpcHandlerInterfaceTest" assertions="1" time="0.005155"/>
        <testcase name="test_create_request_notification" file="/home/jeremyfall/Internal/JTD-Packages/laravel-mcp.git/main/tests/Unit/Protocol/Contracts/JsonRpcHandlerInterfaceTest.php" line="218" class="JTD\LaravelMCP\Tests\Unit\Protocol\Contracts\JsonRpcHandlerInterfaceTest" classname="JTD.LaravelMCP.Tests.Unit.Protocol.Contracts.JsonRpcHandlerInterfaceTest" assertions="2" time="0.004422"/>
        <testcase name="test_create_success_response" file="/home/jeremyfall/Internal/JTD-Packages/laravel-mcp.git/main/tests/Unit/Protocol/Contracts/JsonRpcHandlerInterfaceTest.php" line="239" class="JTD\LaravelMCP\Tests\Unit\Protocol\Contracts\JsonRpcHandlerInterfaceTest" classname="JTD.LaravelMCP.Tests.Unit.Protocol.Contracts.JsonRpcHandlerInterfaceTest" assertions="2" time="0.004874"/>
        <testcase name="test_create_error_response_with_data" file="/home/jeremyfall/Internal/JTD-Packages/laravel-mcp.git/main/tests/Unit/Protocol/Contracts/JsonRpcHandlerInterfaceTest.php" line="289" class="JTD\LaravelMCP\Tests\Unit\Protocol\Contracts\JsonRpcHandlerInterfaceTest" classname="JTD.LaravelMCP.Tests.Unit.Protocol.Contracts.JsonRpcHandlerInterfaceTest" assertions="2" time="0.004634"/>
        <testcase name="test_validate_message_valid" file="/home/jeremyfall/Internal/JTD-Packages/laravel-mcp.git/main/tests/Unit/Protocol/Contracts/JsonRpcHandlerInterfaceTest.php" line="342" class="JTD\LaravelMCP\Tests\Unit\Protocol\Contracts\JsonRpcHandlerInterfaceTest" classname="JTD.LaravelMCP.Tests.Unit.Protocol.Contracts.JsonRpcHandlerInterfaceTest" assertions="2" time="0.004865"/>
        <testcase name="test_validate_message_invalid" file="/home/jeremyfall/Internal/JTD-Packages/laravel-mcp.git/main/tests/Unit/Protocol/Contracts/JsonRpcHandlerInterfaceTest.php" line="362" class="JTD\LaravelMCP\Tests\Unit\Protocol\Contracts\JsonRpcHandlerInterfaceTest" classname="JTD.LaravelMCP.Tests.Unit.Protocol.Contracts.JsonRpcHandlerInterfaceTest" assertions="2" time="0.004741"/>
        <testcase name="test_is_request_valid" file="/home/jeremyfall/Internal/JTD-Packages/laravel-mcp.git/main/tests/Unit/Protocol/Contracts/JsonRpcHandlerInterfaceTest.php" line="380" class="JTD\LaravelMCP\Tests\Unit\Protocol\Contracts\JsonRpcHandlerInterfaceTest" classname="JTD.LaravelMCP.Tests.Unit.Protocol.Contracts.JsonRpcHandlerInterfaceTest" assertions="2" time="0.005021"/>
        <testcase name="test_is_request_with_notification" file="/home/jeremyfall/Internal/JTD-Packages/laravel-mcp.git/main/tests/Unit/Protocol/Contracts/JsonRpcHandlerInterfaceTest.php" line="400" class="JTD\LaravelMCP\Tests\Unit\Protocol\Contracts\JsonRpcHandlerInterfaceTest" classname="JTD.LaravelMCP.Tests.Unit.Protocol.Contracts.JsonRpcHandlerInterfaceTest" assertions="2" time="0.004642"/>
        <testcase name="test_is_notification_valid" file="/home/jeremyfall/Internal/JTD-Packages/laravel-mcp.git/main/tests/Unit/Protocol/Contracts/JsonRpcHandlerInterfaceTest.php" line="420" class="JTD\LaravelMCP\Tests\Unit\Protocol\Contracts\JsonRpcHandlerInterfaceTest" classname="JTD.LaravelMCP.Tests.Unit.Protocol.Contracts.JsonRpcHandlerInterfaceTest" assertions="2" time="0.005000"/>
        <testcase name="test_is_notification_with_request" file="/home/jeremyfall/Internal/JTD-Packages/laravel-mcp.git/main/tests/Unit/Protocol/Contracts/JsonRpcHandlerInterfaceTest.php" line="440" class="JTD\LaravelMCP\Tests\Unit\Protocol\Contracts\JsonRpcHandlerInterfaceTest" classname="JTD.LaravelMCP.Tests.Unit.Protocol.Contracts.JsonRpcHandlerInterfaceTest" assertions="2" time="0.004809"/>
        <testcase name="test_is_response_success" file="/home/jeremyfall/Internal/JTD-Packages/laravel-mcp.git/main/tests/Unit/Protocol/Contracts/JsonRpcHandlerInterfaceTest.php" line="460" class="JTD\LaravelMCP\Tests\Unit\Protocol\Contracts\JsonRpcHandlerInterfaceTest" classname="JTD.LaravelMCP.Tests.Unit.Protocol.Contracts.JsonRpcHandlerInterfaceTest" assertions="2" time="0.004768"/>
        <testcase name="test_is_response_error" file="/home/jeremyfall/Internal/JTD-Packages/laravel-mcp.git/main/tests/Unit/Protocol/Contracts/JsonRpcHandlerInterfaceTest.php" line="480" class="JTD\LaravelMCP\Tests\Unit\Protocol\Contracts\JsonRpcHandlerInterfaceTest" classname="JTD.LaravelMCP.Tests.Unit.Protocol.Contracts.JsonRpcHandlerInterfaceTest" assertions="2" time="0.004642"/>
        <testcase name="test_is_response_with_request" file="/home/jeremyfall/Internal/JTD-Packages/laravel-mcp.git/main/tests/Unit/Protocol/Contracts/JsonRpcHandlerInterfaceTest.php" line="503" class="JTD\LaravelMCP\Tests\Unit\Protocol\Contracts\JsonRpcHandlerInterfaceTest" classname="JTD.LaravelMCP.Tests.Unit.Protocol.Contracts.JsonRpcHandlerInterfaceTest" assertions="2" time="0.004706"/>
        <testcase name="test_create_request_without_params" file="/home/jeremyfall/Internal/JTD-Packages/laravel-mcp.git/main/tests/Unit/Protocol/Contracts/JsonRpcHandlerInterfaceTest.php" line="171" class="JTD\LaravelMCP\Tests\Unit\Protocol\Contracts\JsonRpcHandlerInterfaceTest" classname="JTD.LaravelMCP.Tests.Unit.Protocol.Contracts.JsonRpcHandlerInterfaceTest" assertions="2" time="0.004722"/>
        <testcase name="test_create_request_with_params" file="/home/jeremyfall/Internal/JTD-Packages/laravel-mcp.git/main/tests/Unit/Protocol/Contracts/JsonRpcHandlerInterfaceTest.php" line="193" class="JTD\LaravelMCP\Tests\Unit\Protocol\Contracts\JsonRpcHandlerInterfaceTest" classname="JTD.LaravelMCP.Tests.Unit.Protocol.Contracts.JsonRpcHandlerInterfaceTest" assertions="2" time="0.004668"/>
        <testcase name="test_create_error_response_without_data" file="/home/jeremyfall/Internal/JTD-Packages/laravel-mcp.git/main/tests/Unit/Protocol/Contracts/JsonRpcHandlerInterfaceTest.php" line="264" class="JTD\LaravelMCP\Tests\Unit\Protocol\Contracts\JsonRpcHandlerInterfaceTest" classname="JTD.LaravelMCP.Tests.Unit.Protocol.Contracts.JsonRpcHandlerInterfaceTest" assertions="2" time="0.004738"/>
        <testcase name="test_create_error_response_for_notification" file="/home/jeremyfall/Internal/JTD-Packages/laravel-mcp.git/main/tests/Unit/Protocol/Contracts/JsonRpcHandlerInterfaceTest.php" line="317" class="JTD\LaravelMCP\Tests\Unit\Protocol\Contracts\JsonRpcHandlerInterfaceTest" classname="JTD.LaravelMCP.Tests.Unit.Protocol.Contracts.JsonRpcHandlerInterfaceTest" assertions="2" time="0.005208"/>
        <testcase name="test_handle_batch_request" file="/home/jeremyfall/Internal/JTD-Packages/laravel-mcp.git/main/tests/Unit/Protocol/Contracts/JsonRpcHandlerInterfaceTest.php" line="523" class="JTD\LaravelMCP\Tests\Unit\Protocol\Contracts\JsonRpcHandlerInterfaceTest" classname="JTD.LaravelMCP.Tests.Unit.Protocol.Contracts.JsonRpcHandlerInterfaceTest" assertions="2" time="0.005198"/>
        <testcase name="test_json_rpc_error_codes" file="/home/jeremyfall/Internal/JTD-Packages/laravel-mcp.git/main/tests/Unit/Protocol/Contracts/JsonRpcHandlerInterfaceTest.php" line="551" class="JTD\LaravelMCP\Tests\Unit\Protocol\Contracts\JsonRpcHandlerInterfaceTest" classname="JTD.LaravelMCP.Tests.Unit.Protocol.Contracts.JsonRpcHandlerInterfaceTest" assertions="43" time="0.005713"/>
      </testsuite>
      <testsuite name="JTD\LaravelMCP\Tests\Unit\Protocol\Contracts\ProtocolHandlerInterfaceTest" file="/home/jeremyfall/Internal/JTD-Packages/laravel-mcp.git/main/tests/Unit/Protocol/Contracts/ProtocolHandlerInterfaceTest.php" tests="23" assertions="62" errors="0" failures="0" skipped="0" time="0.118598">
        <testcase name="test_initialize_with_capabilities" file="/home/jeremyfall/Internal/JTD-Packages/laravel-mcp.git/main/tests/Unit/Protocol/Contracts/ProtocolHandlerInterfaceTest.php" line="30" class="JTD\LaravelMCP\Tests\Unit\Protocol\Contracts\ProtocolHandlerInterfaceTest" classname="JTD.LaravelMCP.Tests.Unit.Protocol.Contracts.ProtocolHandlerInterfaceTest" assertions="1" time="0.005837"/>
        <testcase name="test_initialize_with_empty_capabilities" file="/home/jeremyfall/Internal/JTD-Packages/laravel-mcp.git/main/tests/Unit/Protocol/Contracts/ProtocolHandlerInterfaceTest.php" line="50" class="JTD\LaravelMCP\Tests\Unit\Protocol\Contracts\ProtocolHandlerInterfaceTest" classname="JTD.LaravelMCP.Tests.Unit.Protocol.Contracts.ProtocolHandlerInterfaceTest" assertions="1" time="0.004455"/>
        <testcase name="test_handle_initialize" file="/home/jeremyfall/Internal/JTD-Packages/laravel-mcp.git/main/tests/Unit/Protocol/Contracts/ProtocolHandlerInterfaceTest.php" line="63" class="JTD\LaravelMCP\Tests\Unit\Protocol\Contracts\ProtocolHandlerInterfaceTest" classname="JTD.LaravelMCP.Tests.Unit.Protocol.Contracts.ProtocolHandlerInterfaceTest" assertions="2" time="0.004515"/>
        <testcase name="test_handle_initialized" file="/home/jeremyfall/Internal/JTD-Packages/laravel-mcp.git/main/tests/Unit/Protocol/Contracts/ProtocolHandlerInterfaceTest.php" line="104" class="JTD\LaravelMCP\Tests\Unit\Protocol\Contracts\ProtocolHandlerInterfaceTest" classname="JTD.LaravelMCP.Tests.Unit.Protocol.Contracts.ProtocolHandlerInterfaceTest" assertions="1" time="0.004471"/>
        <testcase name="test_handle_ping" file="/home/jeremyfall/Internal/JTD-Packages/laravel-mcp.git/main/tests/Unit/Protocol/Contracts/ProtocolHandlerInterfaceTest.php" line="116" class="JTD\LaravelMCP\Tests\Unit\Protocol\Contracts\ProtocolHandlerInterfaceTest" classname="JTD.LaravelMCP.Tests.Unit.Protocol.Contracts.ProtocolHandlerInterfaceTest" assertions="2" time="0.004350"/>
        <testcase name="test_handle_tools_list_with_filters" file="/home/jeremyfall/Internal/JTD-Packages/laravel-mcp.git/main/tests/Unit/Protocol/Contracts/ProtocolHandlerInterfaceTest.php" line="162" class="JTD\LaravelMCP\Tests\Unit\Protocol\Contracts\ProtocolHandlerInterfaceTest" classname="JTD.LaravelMCP.Tests.Unit.Protocol.Contracts.ProtocolHandlerInterfaceTest" assertions="2" time="0.005218"/>
        <testcase name="test_handle_tools_call" file="/home/jeremyfall/Internal/JTD-Packages/laravel-mcp.git/main/tests/Unit/Protocol/Contracts/ProtocolHandlerInterfaceTest.php" line="188" class="JTD\LaravelMCP\Tests\Unit\Protocol\Contracts\ProtocolHandlerInterfaceTest" classname="JTD.LaravelMCP.Tests.Unit.Protocol.Contracts.ProtocolHandlerInterfaceTest" assertions="2" time="0.004595"/>
        <testcase name="test_handle_resources_list_without_params" file="/home/jeremyfall/Internal/JTD-Packages/laravel-mcp.git/main/tests/Unit/Protocol/Contracts/ProtocolHandlerInterfaceTest.php" line="222" class="JTD\LaravelMCP\Tests\Unit\Protocol\Contracts\ProtocolHandlerInterfaceTest" classname="JTD.LaravelMCP.Tests.Unit.Protocol.Contracts.ProtocolHandlerInterfaceTest" assertions="2" time="0.005003"/>
        <testcase name="test_handle_resources_read" file="/home/jeremyfall/Internal/JTD-Packages/laravel-mcp.git/main/tests/Unit/Protocol/Contracts/ProtocolHandlerInterfaceTest.php" line="249" class="JTD\LaravelMCP\Tests\Unit\Protocol\Contracts\ProtocolHandlerInterfaceTest" classname="JTD.LaravelMCP.Tests.Unit.Protocol.Contracts.ProtocolHandlerInterfaceTest" assertions="2" time="0.004784"/>
        <testcase name="test_handle_resources_subscribe" file="/home/jeremyfall/Internal/JTD-Packages/laravel-mcp.git/main/tests/Unit/Protocol/Contracts/ProtocolHandlerInterfaceTest.php" line="279" class="JTD\LaravelMCP\Tests\Unit\Protocol\Contracts\ProtocolHandlerInterfaceTest" classname="JTD.LaravelMCP.Tests.Unit.Protocol.Contracts.ProtocolHandlerInterfaceTest" assertions="2" time="0.004547"/>
        <testcase name="test_handle_resources_unsubscribe" file="/home/jeremyfall/Internal/JTD-Packages/laravel-mcp.git/main/tests/Unit/Protocol/Contracts/ProtocolHandlerInterfaceTest.php" line="303" class="JTD\LaravelMCP\Tests\Unit\Protocol\Contracts\ProtocolHandlerInterfaceTest" classname="JTD.LaravelMCP.Tests.Unit.Protocol.Contracts.ProtocolHandlerInterfaceTest" assertions="2" time="0.004511"/>
        <testcase name="test_handle_prompts_get" file="/home/jeremyfall/Internal/JTD-Packages/laravel-mcp.git/main/tests/Unit/Protocol/Contracts/ProtocolHandlerInterfaceTest.php" line="358" class="JTD\LaravelMCP\Tests\Unit\Protocol\Contracts\ProtocolHandlerInterfaceTest" classname="JTD.LaravelMCP.Tests.Unit.Protocol.Contracts.ProtocolHandlerInterfaceTest" assertions="2" time="0.005229"/>
        <testcase name="test_get_capabilities" file="/home/jeremyfall/Internal/JTD-Packages/laravel-mcp.git/main/tests/Unit/Protocol/Contracts/ProtocolHandlerInterfaceTest.php" line="417" class="JTD\LaravelMCP\Tests\Unit\Protocol\Contracts\ProtocolHandlerInterfaceTest" classname="JTD.LaravelMCP.Tests.Unit.Protocol.Contracts.ProtocolHandlerInterfaceTest" assertions="2" time="0.005772"/>
        <testcase name="test_get_server_info" file="/home/jeremyfall/Internal/JTD-Packages/laravel-mcp.git/main/tests/Unit/Protocol/Contracts/ProtocolHandlerInterfaceTest.php" line="440" class="JTD\LaravelMCP\Tests\Unit\Protocol\Contracts\ProtocolHandlerInterfaceTest" classname="JTD.LaravelMCP.Tests.Unit.Protocol.Contracts.ProtocolHandlerInterfaceTest" assertions="2" time="0.009127"/>
        <testcase name="test_can_handle_method_supported" file="/home/jeremyfall/Internal/JTD-Packages/laravel-mcp.git/main/tests/Unit/Protocol/Contracts/ProtocolHandlerInterfaceTest.php" line="461" class="JTD\LaravelMCP\Tests\Unit\Protocol\Contracts\ProtocolHandlerInterfaceTest" classname="JTD.LaravelMCP.Tests.Unit.Protocol.Contracts.ProtocolHandlerInterfaceTest" assertions="2" time="0.005276"/>
        <testcase name="test_unsupported_capabilities" file="/home/jeremyfall/Internal/JTD-Packages/laravel-mcp.git/main/tests/Unit/Protocol/Contracts/ProtocolHandlerInterfaceTest.php" line="590" class="JTD\LaravelMCP\Tests\Unit\Protocol\Contracts\ProtocolHandlerInterfaceTest" classname="JTD.LaravelMCP.Tests.Unit.Protocol.Contracts.ProtocolHandlerInterfaceTest" assertions="2" time="0.004814"/>
        <testcase name="test_handle_tools_list_without_params" file="/home/jeremyfall/Internal/JTD-Packages/laravel-mcp.git/main/tests/Unit/Protocol/Contracts/ProtocolHandlerInterfaceTest.php" line="133" class="JTD\LaravelMCP\Tests\Unit\Protocol\Contracts\ProtocolHandlerInterfaceTest" classname="JTD.LaravelMCP.Tests.Unit.Protocol.Contracts.ProtocolHandlerInterfaceTest" assertions="2" time="0.005257"/>
        <testcase name="test_handle_prompts_list_without_params" file="/home/jeremyfall/Internal/JTD-Packages/laravel-mcp.git/main/tests/Unit/Protocol/Contracts/ProtocolHandlerInterfaceTest.php" line="327" class="JTD\LaravelMCP\Tests\Unit\Protocol\Contracts\ProtocolHandlerInterfaceTest" classname="JTD.LaravelMCP.Tests.Unit.Protocol.Contracts.ProtocolHandlerInterfaceTest" assertions="2" time="0.005273"/>
        <testcase name="test_handle_logging_set_level" file="/home/jeremyfall/Internal/JTD-Packages/laravel-mcp.git/main/tests/Unit/Protocol/Contracts/ProtocolHandlerInterfaceTest.php" line="393" class="JTD\LaravelMCP\Tests\Unit\Protocol\Contracts\ProtocolHandlerInterfaceTest" classname="JTD.LaravelMCP.Tests.Unit.Protocol.Contracts.ProtocolHandlerInterfaceTest" assertions="2" time="0.004913"/>
        <testcase name="test_can_handle_method_unsupported" file="/home/jeremyfall/Internal/JTD-Packages/laravel-mcp.git/main/tests/Unit/Protocol/Contracts/ProtocolHandlerInterfaceTest.php" line="475" class="JTD\LaravelMCP\Tests\Unit\Protocol\Contracts\ProtocolHandlerInterfaceTest" classname="JTD.LaravelMCP.Tests.Unit.Protocol.Contracts.ProtocolHandlerInterfaceTest" assertions="2" time="0.004892"/>
        <testcase name="test_get_supported_methods" file="/home/jeremyfall/Internal/JTD-Packages/laravel-mcp.git/main/tests/Unit/Protocol/Contracts/ProtocolHandlerInterfaceTest.php" line="489" class="JTD\LaravelMCP\Tests\Unit\Protocol\Contracts\ProtocolHandlerInterfaceTest" classname="JTD.LaravelMCP.Tests.Unit.Protocol.Contracts.ProtocolHandlerInterfaceTest" assertions="2" time="0.005383"/>
        <testcase name="test_full_initialization_sequence" file="/home/jeremyfall/Internal/JTD-Packages/laravel-mcp.git/main/tests/Unit/Protocol/Contracts/ProtocolHandlerInterfaceTest.php" line="519" class="JTD\LaravelMCP\Tests\Unit\Protocol\Contracts\ProtocolHandlerInterfaceTest" classname="JTD.LaravelMCP.Tests.Unit.Protocol.Contracts.ProtocolHandlerInterfaceTest" assertions="2" time="0.005141"/>
        <testcase name="test_handle_all_mcp_methods" file="/home/jeremyfall/Internal/JTD-Packages/laravel-mcp.git/main/tests/Unit/Protocol/Contracts/ProtocolHandlerInterfaceTest.php" line="553" class="JTD\LaravelMCP\Tests\Unit\Protocol\Contracts\ProtocolHandlerInterfaceTest" classname="JTD.LaravelMCP.Tests.Unit.Protocol.Contracts.ProtocolHandlerInterfaceTest" assertions="21" time="0.005235"/>
      </testsuite>
      <testsuite name="JTD\LaravelMCP\Tests\Unit\Registry\Contracts\DiscoveryInterfaceTest" file="/home/jeremyfall/Internal/JTD-Packages/laravel-mcp.git/main/tests/Unit/Registry/Contracts/DiscoveryInterfaceTest.php" tests="23" assertions="55" errors="0" failures="0" skipped="0" time="0.110280">
        <testcase name="test_discover_type_for_tools" file="/home/jeremyfall/Internal/JTD-Packages/laravel-mcp.git/main/tests/Unit/Registry/Contracts/DiscoveryInterfaceTest.php" line="91" class="JTD\LaravelMCP\Tests\Unit\Registry\Contracts\DiscoveryInterfaceTest" classname="JTD.LaravelMCP.Tests.Unit.Registry.Contracts.DiscoveryInterfaceTest" assertions="2" time="0.005145"/>
        <testcase name="test_discover_type_for_resources" file="/home/jeremyfall/Internal/JTD-Packages/laravel-mcp.git/main/tests/Unit/Registry/Contracts/DiscoveryInterfaceTest.php" line="120" class="JTD\LaravelMCP\Tests\Unit\Registry\Contracts\DiscoveryInterfaceTest" classname="JTD.LaravelMCP.Tests.Unit.Registry.Contracts.DiscoveryInterfaceTest" assertions="2" time="0.004661"/>
        <testcase name="test_discover_type_for_prompts" file="/home/jeremyfall/Internal/JTD-Packages/laravel-mcp.git/main/tests/Unit/Registry/Contracts/DiscoveryInterfaceTest.php" line="145" class="JTD\LaravelMCP\Tests\Unit\Registry\Contracts\DiscoveryInterfaceTest" classname="JTD.LaravelMCP.Tests.Unit.Registry.Contracts.DiscoveryInterfaceTest" assertions="2" time="0.004671"/>
        <testcase name="test_is_valid_component_with_valid_file" file="/home/jeremyfall/Internal/JTD-Packages/laravel-mcp.git/main/tests/Unit/Registry/Contracts/DiscoveryInterfaceTest.php" line="170" class="JTD\LaravelMCP\Tests\Unit\Registry\Contracts\DiscoveryInterfaceTest" classname="JTD.LaravelMCP.Tests.Unit.Registry.Contracts.DiscoveryInterfaceTest" assertions="2" time="0.005147"/>
        <testcase name="test_is_valid_component_with_invalid_file" file="/home/jeremyfall/Internal/JTD-Packages/laravel-mcp.git/main/tests/Unit/Registry/Contracts/DiscoveryInterfaceTest.php" line="187" class="JTD\LaravelMCP\Tests\Unit\Registry\Contracts\DiscoveryInterfaceTest" classname="JTD.LaravelMCP.Tests.Unit.Registry.Contracts.DiscoveryInterfaceTest" assertions="2" time="0.005101"/>
        <testcase name="test_is_valid_component_with_wrong_type" file="/home/jeremyfall/Internal/JTD-Packages/laravel-mcp.git/main/tests/Unit/Registry/Contracts/DiscoveryInterfaceTest.php" line="204" class="JTD\LaravelMCP\Tests\Unit\Registry\Contracts\DiscoveryInterfaceTest" classname="JTD.LaravelMCP.Tests.Unit.Registry.Contracts.DiscoveryInterfaceTest" assertions="2" time="0.004993"/>
        <testcase name="test_extract_metadata_from_file" file="/home/jeremyfall/Internal/JTD-Packages/laravel-mcp.git/main/tests/Unit/Registry/Contracts/DiscoveryInterfaceTest.php" line="221" class="JTD\LaravelMCP\Tests\Unit\Registry\Contracts\DiscoveryInterfaceTest" classname="JTD.LaravelMCP.Tests.Unit.Registry.Contracts.DiscoveryInterfaceTest" assertions="2" time="0.004492"/>
        <testcase name="test_extract_metadata_returns_empty_for_invalid" file="/home/jeremyfall/Internal/JTD-Packages/laravel-mcp.git/main/tests/Unit/Registry/Contracts/DiscoveryInterfaceTest.php" line="253" class="JTD\LaravelMCP\Tests\Unit\Registry\Contracts\DiscoveryInterfaceTest" classname="JTD.LaravelMCP.Tests.Unit.Registry.Contracts.DiscoveryInterfaceTest" assertions="2" time="0.005013"/>
        <testcase name="test_get_class_from_file_valid" file="/home/jeremyfall/Internal/JTD-Packages/laravel-mcp.git/main/tests/Unit/Registry/Contracts/DiscoveryInterfaceTest.php" line="271" class="JTD\LaravelMCP\Tests\Unit\Registry\Contracts\DiscoveryInterfaceTest" classname="JTD.LaravelMCP.Tests.Unit.Registry.Contracts.DiscoveryInterfaceTest" assertions="2" time="0.004582"/>
        <testcase name="test_is_valid_component_class_valid_tool" file="/home/jeremyfall/Internal/JTD-Packages/laravel-mcp.git/main/tests/Unit/Registry/Contracts/DiscoveryInterfaceTest.php" line="308" class="JTD\LaravelMCP\Tests\Unit\Registry\Contracts\DiscoveryInterfaceTest" classname="JTD.LaravelMCP.Tests.Unit.Registry.Contracts.DiscoveryInterfaceTest" assertions="2" time="0.004580"/>
        <testcase name="test_is_valid_component_class_invalid" file="/home/jeremyfall/Internal/JTD-Packages/laravel-mcp.git/main/tests/Unit/Registry/Contracts/DiscoveryInterfaceTest.php" line="325" class="JTD\LaravelMCP\Tests\Unit\Registry\Contracts\DiscoveryInterfaceTest" classname="JTD.LaravelMCP.Tests.Unit.Registry.Contracts.DiscoveryInterfaceTest" assertions="2" time="0.004987"/>
        <testcase name="test_get_supported_types" file="/home/jeremyfall/Internal/JTD-Packages/laravel-mcp.git/main/tests/Unit/Registry/Contracts/DiscoveryInterfaceTest.php" line="342" class="JTD\LaravelMCP\Tests\Unit\Registry\Contracts\DiscoveryInterfaceTest" classname="JTD.LaravelMCP.Tests.Unit.Registry.Contracts.DiscoveryInterfaceTest" assertions="2" time="0.004608"/>
        <testcase name="test_get_config" file="/home/jeremyfall/Internal/JTD-Packages/laravel-mcp.git/main/tests/Unit/Registry/Contracts/DiscoveryInterfaceTest.php" line="378" class="JTD\LaravelMCP\Tests\Unit\Registry\Contracts\DiscoveryInterfaceTest" classname="JTD.LaravelMCP.Tests.Unit.Registry.Contracts.DiscoveryInterfaceTest" assertions="2" time="0.004720"/>
        <testcase name="test_add_filter" file="/home/jeremyfall/Internal/JTD-Packages/laravel-mcp.git/main/tests/Unit/Registry/Contracts/DiscoveryInterfaceTest.php" line="399" class="JTD\LaravelMCP\Tests\Unit\Registry\Contracts\DiscoveryInterfaceTest" classname="JTD.LaravelMCP.Tests.Unit.Registry.Contracts.DiscoveryInterfaceTest" assertions="1" time="0.004785"/>
        <testcase name="test_get_filters" file="/home/jeremyfall/Internal/JTD-Packages/laravel-mcp.git/main/tests/Unit/Registry/Contracts/DiscoveryInterfaceTest.php" line="416" class="JTD\LaravelMCP\Tests\Unit\Registry\Contracts\DiscoveryInterfaceTest" classname="JTD.LaravelMCP.Tests.Unit.Registry.Contracts.DiscoveryInterfaceTest" assertions="2" time="0.004688"/>
        <testcase name="test_full_discovery_workflow" file="/home/jeremyfall/Internal/JTD-Packages/laravel-mcp.git/main/tests/Unit/Registry/Contracts/DiscoveryInterfaceTest.php" line="440" class="JTD\LaravelMCP\Tests\Unit\Registry\Contracts\DiscoveryInterfaceTest" classname="JTD.LaravelMCP.Tests.Unit.Registry.Contracts.DiscoveryInterfaceTest" assertions="3" time="0.004798"/>
        <testcase name="test_discover_multiple_paths" file="/home/jeremyfall/Internal/JTD-Packages/laravel-mcp.git/main/tests/Unit/Registry/Contracts/DiscoveryInterfaceTest.php" line="482" class="JTD\LaravelMCP\Tests\Unit\Registry\Contracts\DiscoveryInterfaceTest" classname="JTD.LaravelMCP.Tests.Unit.Registry.Contracts.DiscoveryInterfaceTest" assertions="2" time="0.004617"/>
        <testcase name="test_discovery_with_filters" file="/home/jeremyfall/Internal/JTD-Packages/laravel-mcp.git/main/tests/Unit/Registry/Contracts/DiscoveryInterfaceTest.php" line="536" class="JTD\LaravelMCP\Tests\Unit\Registry\Contracts\DiscoveryInterfaceTest" classname="JTD.LaravelMCP.Tests.Unit.Registry.Contracts.DiscoveryInterfaceTest" assertions="4" time="0.004695"/>
        <testcase name="test_discover_components_in_paths" file="/home/jeremyfall/Internal/JTD-Packages/laravel-mcp.git/main/tests/Unit/Registry/Contracts/DiscoveryInterfaceTest.php" line="30" class="JTD\LaravelMCP\Tests\Unit\Registry\Contracts\DiscoveryInterfaceTest" classname="JTD.LaravelMCP.Tests.Unit.Registry.Contracts.DiscoveryInterfaceTest" assertions="2" time="0.004734"/>
        <testcase name="test_discover_returns_empty_when_no_components" file="/home/jeremyfall/Internal/JTD-Packages/laravel-mcp.git/main/tests/Unit/Registry/Contracts/DiscoveryInterfaceTest.php" line="73" class="JTD\LaravelMCP\Tests\Unit\Registry\Contracts\DiscoveryInterfaceTest" classname="JTD.LaravelMCP.Tests.Unit.Registry.Contracts.DiscoveryInterfaceTest" assertions="2" time="0.004660"/>
        <testcase name="test_get_class_from_file_no_class" file="/home/jeremyfall/Internal/JTD-Packages/laravel-mcp.git/main/tests/Unit/Registry/Contracts/DiscoveryInterfaceTest.php" line="290" class="JTD\LaravelMCP\Tests\Unit\Registry\Contracts\DiscoveryInterfaceTest" classname="JTD.LaravelMCP.Tests.Unit.Registry.Contracts.DiscoveryInterfaceTest" assertions="2" time="0.004890"/>
        <testcase name="test_validate_component_types" file="/home/jeremyfall/Internal/JTD-Packages/laravel-mcp.git/main/tests/Unit/Registry/Contracts/DiscoveryInterfaceTest.php" line="512" class="JTD\LaravelMCP\Tests\Unit\Registry\Contracts\DiscoveryInterfaceTest" classname="JTD.LaravelMCP.Tests.Unit.Registry.Contracts.DiscoveryInterfaceTest" assertions="10" time="0.004875"/>
        <testcase name="test_set_config" file="/home/jeremyfall/Internal/JTD-Packages/laravel-mcp.git/main/tests/Unit/Registry/Contracts/DiscoveryInterfaceTest.php" line="359" class="JTD\LaravelMCP\Tests\Unit\Registry\Contracts\DiscoveryInterfaceTest" classname="JTD.LaravelMCP.Tests.Unit.Registry.Contracts.DiscoveryInterfaceTest" assertions="1" time="0.004840"/>
      </testsuite>
      <testsuite name="JTD\LaravelMCP\Tests\Unit\Registry\Contracts\RegistryInterfaceTest" file="/home/jeremyfall/Internal/JTD-Packages/laravel-mcp.git/main/tests/Unit/Registry/Contracts/RegistryInterfaceTest.php" tests="25" assertions="66" errors="0" failures="0" skipped="0" time="0.121417">
        <testcase name="test_register_component_without_metadata" file="/home/jeremyfall/Internal/JTD-Packages/laravel-mcp.git/main/tests/Unit/Registry/Contracts/RegistryInterfaceTest.php" line="31" class="JTD\LaravelMCP\Tests\Unit\Registry\Contracts\RegistryInterfaceTest" classname="JTD.LaravelMCP.Tests.Unit.Registry.Contracts.RegistryInterfaceTest" assertions="1" time="0.005262"/>
        <testcase name="test_register_component_with_metadata" file="/home/jeremyfall/Internal/JTD-Packages/laravel-mcp.git/main/tests/Unit/Registry/Contracts/RegistryInterfaceTest.php" line="47" class="JTD\LaravelMCP\Tests\Unit\Registry\Contracts\RegistryInterfaceTest" classname="JTD.LaravelMCP.Tests.Unit.Registry.Contracts.RegistryInterfaceTest" assertions="1" time="0.004432"/>
        <testcase name="test_unregister_existing_component" file="/home/jeremyfall/Internal/JTD-Packages/laravel-mcp.git/main/tests/Unit/Registry/Contracts/RegistryInterfaceTest.php" line="67" class="JTD\LaravelMCP\Tests\Unit\Registry\Contracts\RegistryInterfaceTest" classname="JTD.LaravelMCP.Tests.Unit.Registry.Contracts.RegistryInterfaceTest" assertions="2" time="0.004393"/>
        <testcase name="test_unregister_non_existing_component" file="/home/jeremyfall/Internal/JTD-Packages/laravel-mcp.git/main/tests/Unit/Registry/Contracts/RegistryInterfaceTest.php" line="83" class="JTD\LaravelMCP\Tests\Unit\Registry\Contracts\RegistryInterfaceTest" classname="JTD.LaravelMCP.Tests.Unit.Registry.Contracts.RegistryInterfaceTest" assertions="2" time="0.004308"/>
        <testcase name="test_has_existing_component" file="/home/jeremyfall/Internal/JTD-Packages/laravel-mcp.git/main/tests/Unit/Registry/Contracts/RegistryInterfaceTest.php" line="99" class="JTD\LaravelMCP\Tests\Unit\Registry\Contracts\RegistryInterfaceTest" classname="JTD.LaravelMCP.Tests.Unit.Registry.Contracts.RegistryInterfaceTest" assertions="2" time="0.004467"/>
        <testcase name="test_has_non_existing_component" file="/home/jeremyfall/Internal/JTD-Packages/laravel-mcp.git/main/tests/Unit/Registry/Contracts/RegistryInterfaceTest.php" line="113" class="JTD\LaravelMCP\Tests\Unit\Registry\Contracts\RegistryInterfaceTest" classname="JTD.LaravelMCP.Tests.Unit.Registry.Contracts.RegistryInterfaceTest" assertions="2" time="0.004376"/>
        <testcase name="test_get_existing_component" file="/home/jeremyfall/Internal/JTD-Packages/laravel-mcp.git/main/tests/Unit/Registry/Contracts/RegistryInterfaceTest.php" line="127" class="JTD\LaravelMCP\Tests\Unit\Registry\Contracts\RegistryInterfaceTest" classname="JTD.LaravelMCP.Tests.Unit.Registry.Contracts.RegistryInterfaceTest" assertions="2" time="0.004846"/>
        <testcase name="test_get_non_existing_component_throws_exception" file="/home/jeremyfall/Internal/JTD-Packages/laravel-mcp.git/main/tests/Unit/Registry/Contracts/RegistryInterfaceTest.php" line="146" class="JTD\LaravelMCP\Tests\Unit\Registry\Contracts\RegistryInterfaceTest" classname="JTD.LaravelMCP.Tests.Unit.Registry.Contracts.RegistryInterfaceTest" assertions="3" time="0.004757"/>
        <testcase name="test_all_returns_all_components" file="/home/jeremyfall/Internal/JTD-Packages/laravel-mcp.git/main/tests/Unit/Registry/Contracts/RegistryInterfaceTest.php" line="163" class="JTD\LaravelMCP\Tests\Unit\Registry\Contracts\RegistryInterfaceTest" classname="JTD.LaravelMCP.Tests.Unit.Registry.Contracts.RegistryInterfaceTest" assertions="2" time="0.006134"/>
        <testcase name="test_all_returns_empty_array" file="/home/jeremyfall/Internal/JTD-Packages/laravel-mcp.git/main/tests/Unit/Registry/Contracts/RegistryInterfaceTest.php" line="184" class="JTD\LaravelMCP\Tests\Unit\Registry\Contracts\RegistryInterfaceTest" classname="JTD.LaravelMCP.Tests.Unit.Registry.Contracts.RegistryInterfaceTest" assertions="2" time="0.006058"/>
        <testcase name="test_names_returns_component_names" file="/home/jeremyfall/Internal/JTD-Packages/laravel-mcp.git/main/tests/Unit/Registry/Contracts/RegistryInterfaceTest.php" line="199" class="JTD\LaravelMCP\Tests\Unit\Registry\Contracts\RegistryInterfaceTest" classname="JTD.LaravelMCP.Tests.Unit.Registry.Contracts.RegistryInterfaceTest" assertions="2" time="0.004545"/>
        <testcase name="test_count_returns_component_count" file="/home/jeremyfall/Internal/JTD-Packages/laravel-mcp.git/main/tests/Unit/Registry/Contracts/RegistryInterfaceTest.php" line="216" class="JTD\LaravelMCP\Tests\Unit\Registry\Contracts\RegistryInterfaceTest" classname="JTD.LaravelMCP.Tests.Unit.Registry.Contracts.RegistryInterfaceTest" assertions="2" time="0.004468"/>
        <testcase name="test_count_returns_zero" file="/home/jeremyfall/Internal/JTD-Packages/laravel-mcp.git/main/tests/Unit/Registry/Contracts/RegistryInterfaceTest.php" line="231" class="JTD\LaravelMCP\Tests\Unit\Registry\Contracts\RegistryInterfaceTest" classname="JTD.LaravelMCP.Tests.Unit.Registry.Contracts.RegistryInterfaceTest" assertions="2" time="0.004551"/>
        <testcase name="test_clear_removes_all_components" file="/home/jeremyfall/Internal/JTD-Packages/laravel-mcp.git/main/tests/Unit/Registry/Contracts/RegistryInterfaceTest.php" line="246" class="JTD\LaravelMCP\Tests\Unit\Registry\Contracts\RegistryInterfaceTest" classname="JTD.LaravelMCP.Tests.Unit.Registry.Contracts.RegistryInterfaceTest" assertions="1" time="0.004588"/>
        <testcase name="test_get_metadata_returns_empty_array" file="/home/jeremyfall/Internal/JTD-Packages/laravel-mcp.git/main/tests/Unit/Registry/Contracts/RegistryInterfaceTest.php" line="280" class="JTD\LaravelMCP\Tests\Unit\Registry\Contracts\RegistryInterfaceTest" classname="JTD.LaravelMCP.Tests.Unit.Registry.Contracts.RegistryInterfaceTest" assertions="2" time="0.004807"/>
        <testcase name="test_filter_with_criteria" file="/home/jeremyfall/Internal/JTD-Packages/laravel-mcp.git/main/tests/Unit/Registry/Contracts/RegistryInterfaceTest.php" line="296" class="JTD\LaravelMCP\Tests\Unit\Registry\Contracts\RegistryInterfaceTest" classname="JTD.LaravelMCP.Tests.Unit.Registry.Contracts.RegistryInterfaceTest" assertions="2" time="0.005202"/>
        <testcase name="test_filter_returns_empty_when_no_matches" file="/home/jeremyfall/Internal/JTD-Packages/laravel-mcp.git/main/tests/Unit/Registry/Contracts/RegistryInterfaceTest.php" line="322" class="JTD\LaravelMCP\Tests\Unit\Registry\Contracts\RegistryInterfaceTest" classname="JTD.LaravelMCP.Tests.Unit.Registry.Contracts.RegistryInterfaceTest" assertions="2" time="0.004665"/>
        <testcase name="test_search_with_pattern" file="/home/jeremyfall/Internal/JTD-Packages/laravel-mcp.git/main/tests/Unit/Registry/Contracts/RegistryInterfaceTest.php" line="340" class="JTD\LaravelMCP\Tests\Unit\Registry\Contracts\RegistryInterfaceTest" classname="JTD.LaravelMCP.Tests.Unit.Registry.Contracts.RegistryInterfaceTest" assertions="2" time="0.004838"/>
        <testcase name="test_search_with_regex_pattern" file="/home/jeremyfall/Internal/JTD-Packages/laravel-mcp.git/main/tests/Unit/Registry/Contracts/RegistryInterfaceTest.php" line="363" class="JTD\LaravelMCP\Tests\Unit\Registry\Contracts\RegistryInterfaceTest" classname="JTD.LaravelMCP.Tests.Unit.Registry.Contracts.RegistryInterfaceTest" assertions="2" time="0.004651"/>
        <testcase name="test_get_type_returns_registry_type" file="/home/jeremyfall/Internal/JTD-Packages/laravel-mcp.git/main/tests/Unit/Registry/Contracts/RegistryInterfaceTest.php" line="386" class="JTD\LaravelMCP\Tests\Unit\Registry\Contracts\RegistryInterfaceTest" classname="JTD.LaravelMCP.Tests.Unit.Registry.Contracts.RegistryInterfaceTest" assertions="2" time="0.004732"/>
        <testcase name="test_registration_lifecycle" file="/home/jeremyfall/Internal/JTD-Packages/laravel-mcp.git/main/tests/Unit/Registry/Contracts/RegistryInterfaceTest.php" line="401" class="JTD\LaravelMCP\Tests\Unit\Registry\Contracts\RegistryInterfaceTest" classname="JTD.LaravelMCP.Tests.Unit.Registry.Contracts.RegistryInterfaceTest" assertions="5" time="0.005004"/>
        <testcase name="test_filter_multiple_criteria" file="/home/jeremyfall/Internal/JTD-Packages/laravel-mcp.git/main/tests/Unit/Registry/Contracts/RegistryInterfaceTest.php" line="504" class="JTD\LaravelMCP\Tests\Unit\Registry\Contracts\RegistryInterfaceTest" classname="JTD.LaravelMCP.Tests.Unit.Registry.Contracts.RegistryInterfaceTest" assertions="3" time="0.004772"/>
        <testcase name="test_registry_types" file="/home/jeremyfall/Internal/JTD-Packages/laravel-mcp.git/main/tests/Unit/Registry/Contracts/RegistryInterfaceTest.php" line="531" class="JTD\LaravelMCP\Tests\Unit\Registry\Contracts\RegistryInterfaceTest" classname="JTD.LaravelMCP.Tests.Unit.Registry.Contracts.RegistryInterfaceTest" assertions="6" time="0.005243"/>
        <testcase name="test_get_metadata_returns_metadata" file="/home/jeremyfall/Internal/JTD-Packages/laravel-mcp.git/main/tests/Unit/Registry/Contracts/RegistryInterfaceTest.php" line="258" class="JTD\LaravelMCP\Tests\Unit\Registry\Contracts\RegistryInterfaceTest" classname="JTD.LaravelMCP.Tests.Unit.Registry.Contracts.RegistryInterfaceTest" assertions="2" time="0.004873"/>
        <testcase name="test_multiple_component_operations" file="/home/jeremyfall/Internal/JTD-Packages/laravel-mcp.git/main/tests/Unit/Registry/Contracts/RegistryInterfaceTest.php" line="451" class="JTD\LaravelMCP\Tests\Unit\Registry\Contracts\RegistryInterfaceTest" classname="JTD.LaravelMCP.Tests.Unit.Registry.Contracts.RegistryInterfaceTest" assertions="12" time="0.005445"/>
      </testsuite>
      <testsuite name="JTD\LaravelMCP\Tests\Unit\Traits\HandlesMcpRequestsTest" file="/home/jeremyfall/Internal/JTD-Packages/laravel-mcp.git/main/tests/Unit/Traits/HandlesMcpRequestsTest.php" tests="24" assertions="57" errors="0" failures="0" skipped="0" time="0.116679">
        <testcase name="test_process_request_with_mcp_exception" file="/home/jeremyfall/Internal/JTD-Packages/laravel-mcp.git/main/tests/Unit/Traits/HandlesMcpRequestsTest.php" line="73" class="JTD\LaravelMCP\Tests\Unit\Traits\HandlesMcpRequestsTest" classname="JTD.LaravelMCP.Tests.Unit.Traits.HandlesMcpRequestsTest" assertions="5" time="0.004832"/>
        <testcase name="test_process_request_with_generic_exception" file="/home/jeremyfall/Internal/JTD-Packages/laravel-mcp.git/main/tests/Unit/Traits/HandlesMcpRequestsTest.php" line="91" class="JTD\LaravelMCP\Tests\Unit\Traits\HandlesMcpRequestsTest" classname="JTD.LaravelMCP.Tests.Unit.Traits.HandlesMcpRequestsTest" assertions="5" time="0.004661"/>
        <testcase name="test_create_success_response" file="/home/jeremyfall/Internal/JTD-Packages/laravel-mcp.git/main/tests/Unit/Traits/HandlesMcpRequestsTest.php" line="109" class="JTD\LaravelMCP\Tests\Unit\Traits\HandlesMcpRequestsTest" classname="JTD.LaravelMCP.Tests.Unit.Traits.HandlesMcpRequestsTest" assertions="3" time="0.004798"/>
        <testcase name="test_validate_required_params_all_present" file="/home/jeremyfall/Internal/JTD-Packages/laravel-mcp.git/main/tests/Unit/Traits/HandlesMcpRequestsTest.php" line="150" class="JTD\LaravelMCP\Tests\Unit\Traits\HandlesMcpRequestsTest" classname="JTD.LaravelMCP.Tests.Unit.Traits.HandlesMcpRequestsTest" assertions="1" time="0.004893"/>
        <testcase name="test_validate_required_params_missing" file="/home/jeremyfall/Internal/JTD-Packages/laravel-mcp.git/main/tests/Unit/Traits/HandlesMcpRequestsTest.php" line="163" class="JTD\LaravelMCP\Tests\Unit\Traits\HandlesMcpRequestsTest" classname="JTD.LaravelMCP.Tests.Unit.Traits.HandlesMcpRequestsTest" assertions="3" time="0.005382"/>
        <testcase name="test_extract_params_with_required" file="/home/jeremyfall/Internal/JTD-Packages/laravel-mcp.git/main/tests/Unit/Traits/HandlesMcpRequestsTest.php" line="178" class="JTD\LaravelMCP\Tests\Unit\Traits\HandlesMcpRequestsTest" classname="JTD.LaravelMCP.Tests.Unit.Traits.HandlesMcpRequestsTest" assertions="1" time="0.004867"/>
        <testcase name="test_extract_params_missing_required" file="/home/jeremyfall/Internal/JTD-Packages/laravel-mcp.git/main/tests/Unit/Traits/HandlesMcpRequestsTest.php" line="194" class="JTD\LaravelMCP\Tests\Unit\Traits\HandlesMcpRequestsTest" classname="JTD.LaravelMCP.Tests.Unit.Traits.HandlesMcpRequestsTest" assertions="2" time="0.004591"/>
        <testcase name="test_extract_params_with_defaults" file="/home/jeremyfall/Internal/JTD-Packages/laravel-mcp.git/main/tests/Unit/Traits/HandlesMcpRequestsTest.php" line="211" class="JTD\LaravelMCP\Tests\Unit\Traits\HandlesMcpRequestsTest" classname="JTD.LaravelMCP.Tests.Unit.Traits.HandlesMcpRequestsTest" assertions="1" time="0.004461"/>
        <testcase name="test_validate_param_with_custom_validator" file="/home/jeremyfall/Internal/JTD-Packages/laravel-mcp.git/main/tests/Unit/Traits/HandlesMcpRequestsTest.php" line="243" class="JTD\LaravelMCP\Tests\Unit\Traits\HandlesMcpRequestsTest" classname="JTD.LaravelMCP.Tests.Unit.Traits.HandlesMcpRequestsTest" assertions="1" time="0.004450"/>
        <testcase name="test_validate_param_type_string" file="/home/jeremyfall/Internal/JTD-Packages/laravel-mcp.git/main/tests/Unit/Traits/HandlesMcpRequestsTest.php" line="258" class="JTD\LaravelMCP\Tests\Unit\Traits\HandlesMcpRequestsTest" classname="JTD.LaravelMCP.Tests.Unit.Traits.HandlesMcpRequestsTest" assertions="3" time="0.004595"/>
        <testcase name="test_validate_param_type_integer" file="/home/jeremyfall/Internal/JTD-Packages/laravel-mcp.git/main/tests/Unit/Traits/HandlesMcpRequestsTest.php" line="273" class="JTD\LaravelMCP\Tests\Unit\Traits\HandlesMcpRequestsTest" classname="JTD.LaravelMCP.Tests.Unit.Traits.HandlesMcpRequestsTest" assertions="3" time="0.004542"/>
        <testcase name="test_validate_param_type_array" file="/home/jeremyfall/Internal/JTD-Packages/laravel-mcp.git/main/tests/Unit/Traits/HandlesMcpRequestsTest.php" line="288" class="JTD\LaravelMCP\Tests\Unit\Traits\HandlesMcpRequestsTest" classname="JTD.LaravelMCP.Tests.Unit.Traits.HandlesMcpRequestsTest" assertions="3" time="0.004562"/>
        <testcase name="test_validate_param_type_object" file="/home/jeremyfall/Internal/JTD-Packages/laravel-mcp.git/main/tests/Unit/Traits/HandlesMcpRequestsTest.php" line="303" class="JTD\LaravelMCP\Tests\Unit\Traits\HandlesMcpRequestsTest" classname="JTD.LaravelMCP.Tests.Unit.Traits.HandlesMcpRequestsTest" assertions="4" time="0.004498"/>
        <testcase name="test_get_component_name" file="/home/jeremyfall/Internal/JTD-Packages/laravel-mcp.git/main/tests/Unit/Traits/HandlesMcpRequestsTest.php" line="322" class="JTD\LaravelMCP\Tests\Unit\Traits\HandlesMcpRequestsTest" classname="JTD.LaravelMCP.Tests.Unit.Traits.HandlesMcpRequestsTest" assertions="2" time="0.004889"/>
        <testcase name="test_log_request_with_debug_disabled" file="/home/jeremyfall/Internal/JTD-Packages/laravel-mcp.git/main/tests/Unit/Traits/HandlesMcpRequestsTest.php" line="346" class="JTD\LaravelMCP\Tests\Unit\Traits\HandlesMcpRequestsTest" classname="JTD.LaravelMCP.Tests.Unit.Traits.HandlesMcpRequestsTest" assertions="1" time="0.004609"/>
        <testcase name="test_complex_parameter_extraction" file="/home/jeremyfall/Internal/JTD-Packages/laravel-mcp.git/main/tests/Unit/Traits/HandlesMcpRequestsTest.php" line="370" class="JTD\LaravelMCP\Tests\Unit\Traits\HandlesMcpRequestsTest" classname="JTD.LaravelMCP.Tests.Unit.Traits.HandlesMcpRequestsTest" assertions="2" time="0.004984"/>
        <testcase name="test_error_response_includes_timestamp" file="/home/jeremyfall/Internal/JTD-Packages/laravel-mcp.git/main/tests/Unit/Traits/HandlesMcpRequestsTest.php" line="415" class="JTD\LaravelMCP\Tests\Unit\Traits\HandlesMcpRequestsTest" classname="JTD.LaravelMCP.Tests.Unit.Traits.HandlesMcpRequestsTest" assertions="2" time="0.004801"/>
        <testcase name="test_success_response_includes_timestamp" file="/home/jeremyfall/Internal/JTD-Packages/laravel-mcp.git/main/tests/Unit/Traits/HandlesMcpRequestsTest.php" line="426" class="JTD\LaravelMCP\Tests\Unit\Traits\HandlesMcpRequestsTest" classname="JTD.LaravelMCP.Tests.Unit.Traits.HandlesMcpRequestsTest" assertions="2" time="0.005540"/>
        <testcase name="test_process_request_success" file="/home/jeremyfall/Internal/JTD-Packages/laravel-mcp.git/main/tests/Unit/Traits/HandlesMcpRequestsTest.php" line="54" class="JTD\LaravelMCP\Tests\Unit\Traits\HandlesMcpRequestsTest" classname="JTD.LaravelMCP.Tests.Unit.Traits.HandlesMcpRequestsTest" assertions="3" time="0.005398"/>
        <testcase name="test_create_error_response_without_data" file="/home/jeremyfall/Internal/JTD-Packages/laravel-mcp.git/main/tests/Unit/Traits/HandlesMcpRequestsTest.php" line="123" class="JTD\LaravelMCP\Tests\Unit\Traits\HandlesMcpRequestsTest" classname="JTD.LaravelMCP.Tests.Unit.Traits.HandlesMcpRequestsTest" assertions="5" time="0.004784"/>
        <testcase name="test_create_error_response_with_data" file="/home/jeremyfall/Internal/JTD-Packages/laravel-mcp.git/main/tests/Unit/Traits/HandlesMcpRequestsTest.php" line="137" class="JTD\LaravelMCP\Tests\Unit\Traits\HandlesMcpRequestsTest" classname="JTD.LaravelMCP.Tests.Unit.Traits.HandlesMcpRequestsTest" assertions="2" time="0.004899"/>
        <testcase name="test_validate_param_with_type" file="/home/jeremyfall/Internal/JTD-Packages/laravel-mcp.git/main/tests/Unit/Traits/HandlesMcpRequestsTest.php" line="232" class="JTD\LaravelMCP\Tests\Unit\Traits\HandlesMcpRequestsTest" classname="JTD.LaravelMCP.Tests.Unit.Traits.HandlesMcpRequestsTest" assertions="1" time="0.004894"/>
        <testcase name="test_log_request_with_debug_enabled" file="/home/jeremyfall/Internal/JTD-Packages/laravel-mcp.git/main/tests/Unit/Traits/HandlesMcpRequestsTest.php" line="334" class="JTD\LaravelMCP\Tests\Unit\Traits\HandlesMcpRequestsTest" classname="JTD.LaravelMCP.Tests.Unit.Traits.HandlesMcpRequestsTest" assertions="1" time="0.005602"/>
        <testcase name="test_log_response_with_debug_enabled" file="/home/jeremyfall/Internal/JTD-Packages/laravel-mcp.git/main/tests/Unit/Traits/HandlesMcpRequestsTest.php" line="358" class="JTD\LaravelMCP\Tests\Unit\Traits\HandlesMcpRequestsTest" classname="JTD.LaravelMCP.Tests.Unit.Traits.HandlesMcpRequestsTest" assertions="1" time="0.005147"/>
      </testsuite>
      <testsuite name="JTD\LaravelMCP\Tests\Unit\Traits\ValidatesParametersTest" file="/home/jeremyfall/Internal/JTD-Packages/laravel-mcp.git/main/tests/Unit/Traits/ValidatesParametersTest.php" tests="24" assertions="70" errors="0" failures="0" skipped="0" time="0.113898">
        <testcase name="test_validate_schema_with_valid_params" file="/home/jeremyfall/Internal/JTD-Packages/laravel-mcp.git/main/tests/Unit/Traits/ValidatesParametersTest.php" line="53" class="JTD\LaravelMCP\Tests\Unit\Traits\ValidatesParametersTest" classname="JTD.LaravelMCP.Tests.Unit.Traits.ValidatesParametersTest" assertions="1" time="0.005338"/>
        <testcase name="test_validate_schema_missing_required" file="/home/jeremyfall/Internal/JTD-Packages/laravel-mcp.git/main/tests/Unit/Traits/ValidatesParametersTest.php" line="75" class="JTD\LaravelMCP\Tests\Unit\Traits\ValidatesParametersTest" classname="JTD.LaravelMCP.Tests.Unit.Traits.ValidatesParametersTest" assertions="2" time="0.004469"/>
        <testcase name="test_validate_field_type_string" file="/home/jeremyfall/Internal/JTD-Packages/laravel-mcp.git/main/tests/Unit/Traits/ValidatesParametersTest.php" line="115" class="JTD\LaravelMCP\Tests\Unit\Traits\ValidatesParametersTest" classname="JTD.LaravelMCP.Tests.Unit.Traits.ValidatesParametersTest" assertions="3" time="0.004259"/>
        <testcase name="test_validate_field_type_number" file="/home/jeremyfall/Internal/JTD-Packages/laravel-mcp.git/main/tests/Unit/Traits/ValidatesParametersTest.php" line="149" class="JTD\LaravelMCP\Tests\Unit\Traits\ValidatesParametersTest" classname="JTD.LaravelMCP.Tests.Unit.Traits.ValidatesParametersTest" assertions="3" time="0.004460"/>
        <testcase name="test_validate_field_type_boolean" file="/home/jeremyfall/Internal/JTD-Packages/laravel-mcp.git/main/tests/Unit/Traits/ValidatesParametersTest.php" line="166" class="JTD\LaravelMCP\Tests\Unit\Traits\ValidatesParametersTest" classname="JTD.LaravelMCP.Tests.Unit.Traits.ValidatesParametersTest" assertions="3" time="0.004783"/>
        <testcase name="test_validate_field_type_array" file="/home/jeremyfall/Internal/JTD-Packages/laravel-mcp.git/main/tests/Unit/Traits/ValidatesParametersTest.php" line="182" class="JTD\LaravelMCP\Tests\Unit\Traits\ValidatesParametersTest" classname="JTD.LaravelMCP.Tests.Unit.Traits.ValidatesParametersTest" assertions="3" time="0.004478"/>
        <testcase name="test_validate_field_type_null" file="/home/jeremyfall/Internal/JTD-Packages/laravel-mcp.git/main/tests/Unit/Traits/ValidatesParametersTest.php" line="215" class="JTD\LaravelMCP\Tests\Unit\Traits\ValidatesParametersTest" classname="JTD.LaravelMCP.Tests.Unit.Traits.ValidatesParametersTest" assertions="3" time="0.004451"/>
        <testcase name="test_validate_field_format_email" file="/home/jeremyfall/Internal/JTD-Packages/laravel-mcp.git/main/tests/Unit/Traits/ValidatesParametersTest.php" line="230" class="JTD\LaravelMCP\Tests\Unit\Traits\ValidatesParametersTest" classname="JTD.LaravelMCP.Tests.Unit.Traits.ValidatesParametersTest" assertions="3" time="0.004495"/>
        <testcase name="test_validate_field_format_url" file="/home/jeremyfall/Internal/JTD-Packages/laravel-mcp.git/main/tests/Unit/Traits/ValidatesParametersTest.php" line="245" class="JTD\LaravelMCP\Tests\Unit\Traits\ValidatesParametersTest" classname="JTD.LaravelMCP.Tests.Unit.Traits.ValidatesParametersTest" assertions="3" time="0.004520"/>
        <testcase name="test_validate_field_format_uri" file="/home/jeremyfall/Internal/JTD-Packages/laravel-mcp.git/main/tests/Unit/Traits/ValidatesParametersTest.php" line="260" class="JTD\LaravelMCP\Tests\Unit\Traits\ValidatesParametersTest" classname="JTD.LaravelMCP.Tests.Unit.Traits.ValidatesParametersTest" assertions="4" time="0.004584"/>
        <testcase name="test_validate_field_format_datetime" file="/home/jeremyfall/Internal/JTD-Packages/laravel-mcp.git/main/tests/Unit/Traits/ValidatesParametersTest.php" line="278" class="JTD\LaravelMCP\Tests\Unit\Traits\ValidatesParametersTest" classname="JTD.LaravelMCP.Tests.Unit.Traits.ValidatesParametersTest" assertions="3" time="0.004627"/>
        <testcase name="test_validate_field_format_uuid" file="/home/jeremyfall/Internal/JTD-Packages/laravel-mcp.git/main/tests/Unit/Traits/ValidatesParametersTest.php" line="293" class="JTD\LaravelMCP\Tests\Unit\Traits\ValidatesParametersTest" classname="JTD.LaravelMCP.Tests.Unit.Traits.ValidatesParametersTest" assertions="3" time="0.005142"/>
        <testcase name="test_validate_field_length_string" file="/home/jeremyfall/Internal/JTD-Packages/laravel-mcp.git/main/tests/Unit/Traits/ValidatesParametersTest.php" line="309" class="JTD\LaravelMCP\Tests\Unit\Traits\ValidatesParametersTest" classname="JTD.LaravelMCP.Tests.Unit.Traits.ValidatesParametersTest" assertions="3" time="0.004486"/>
        <testcase name="test_validate_field_length_array" file="/home/jeremyfall/Internal/JTD-Packages/laravel-mcp.git/main/tests/Unit/Traits/ValidatesParametersTest.php" line="326" class="JTD\LaravelMCP\Tests\Unit\Traits\ValidatesParametersTest" classname="JTD.LaravelMCP.Tests.Unit.Traits.ValidatesParametersTest" assertions="3" time="0.004863"/>
        <testcase name="test_validate_field_enum" file="/home/jeremyfall/Internal/JTD-Packages/laravel-mcp.git/main/tests/Unit/Traits/ValidatesParametersTest.php" line="360" class="JTD\LaravelMCP\Tests\Unit\Traits\ValidatesParametersTest" classname="JTD.LaravelMCP.Tests.Unit.Traits.ValidatesParametersTest" assertions="3" time="0.005254"/>
        <testcase name="test_validate_field_pattern" file="/home/jeremyfall/Internal/JTD-Packages/laravel-mcp.git/main/tests/Unit/Traits/ValidatesParametersTest.php" line="377" class="JTD\LaravelMCP\Tests\Unit\Traits\ValidatesParametersTest" classname="JTD.LaravelMCP.Tests.Unit.Traits.ValidatesParametersTest" assertions="3" time="0.004989"/>
        <testcase name="test_validate_field_with_custom_validator" file="/home/jeremyfall/Internal/JTD-Packages/laravel-mcp.git/main/tests/Unit/Traits/ValidatesParametersTest.php" line="394" class="JTD\LaravelMCP\Tests\Unit\Traits\ValidatesParametersTest" classname="JTD.LaravelMCP.Tests.Unit.Traits.ValidatesParametersTest" assertions="5" time="0.004609"/>
        <testcase name="test_complex_schema_validation" file="/home/jeremyfall/Internal/JTD-Packages/laravel-mcp.git/main/tests/Unit/Traits/ValidatesParametersTest.php" line="431" class="JTD\LaravelMCP\Tests\Unit\Traits\ValidatesParametersTest" classname="JTD.LaravelMCP.Tests.Unit.Traits.ValidatesParametersTest" assertions="2" time="0.004884"/>
        <testcase name="test_is_required" file="/home/jeremyfall/Internal/JTD-Packages/laravel-mcp.git/main/tests/Unit/Traits/ValidatesParametersTest.php" line="466" class="JTD\LaravelMCP\Tests\Unit\Traits\ValidatesParametersTest" classname="JTD.LaravelMCP.Tests.Unit.Traits.ValidatesParametersTest" assertions="3" time="0.004688"/>
        <testcase name="test_validate_schema_with_defaults" file="/home/jeremyfall/Internal/JTD-Packages/laravel-mcp.git/main/tests/Unit/Traits/ValidatesParametersTest.php" line="93" class="JTD\LaravelMCP\Tests\Unit\Traits\ValidatesParametersTest" classname="JTD.LaravelMCP.Tests.Unit.Traits.ValidatesParametersTest" assertions="1" time="0.005144"/>
        <testcase name="test_validate_field_type_integer" file="/home/jeremyfall/Internal/JTD-Packages/laravel-mcp.git/main/tests/Unit/Traits/ValidatesParametersTest.php" line="130" class="JTD\LaravelMCP\Tests\Unit\Traits\ValidatesParametersTest" classname="JTD.LaravelMCP.Tests.Unit.Traits.ValidatesParametersTest" assertions="4" time="0.004543"/>
        <testcase name="test_validate_field_type_object" file="/home/jeremyfall/Internal/JTD-Packages/laravel-mcp.git/main/tests/Unit/Traits/ValidatesParametersTest.php" line="197" class="JTD\LaravelMCP\Tests\Unit\Traits\ValidatesParametersTest" classname="JTD.LaravelMCP.Tests.Unit.Traits.ValidatesParametersTest" assertions="3" time="0.004783"/>
        <testcase name="test_validate_field_range" file="/home/jeremyfall/Internal/JTD-Packages/laravel-mcp.git/main/tests/Unit/Traits/ValidatesParametersTest.php" line="343" class="JTD\LaravelMCP\Tests\Unit\Traits\ValidatesParametersTest" classname="JTD.LaravelMCP.Tests.Unit.Traits.ValidatesParametersTest" assertions="3" time="0.004984"/>
        <testcase name="test_get_validation_error_summary" file="/home/jeremyfall/Internal/JTD-Packages/laravel-mcp.git/main/tests/Unit/Traits/ValidatesParametersTest.php" line="476" class="JTD\LaravelMCP\Tests\Unit\Traits\ValidatesParametersTest" classname="JTD.LaravelMCP.Tests.Unit.Traits.ValidatesParametersTest" assertions="3" time="0.005067"/>
      </testsuite>
      <testsuite name="JTD\LaravelMCP\Tests\Unit\Transport\Contracts\MessageHandlerInterfaceTest" file="/home/jeremyfall/Internal/JTD-Packages/laravel-mcp.git/main/tests/Unit/Transport/Contracts/MessageHandlerInterfaceTest.php" tests="16" assertions="53" errors="0" failures="0" skipped="0" time="0.075122">
        <testcase name="test_handle_valid_message_returns_response" file="/home/jeremyfall/Internal/JTD-Packages/laravel-mcp.git/main/tests/Unit/Transport/Contracts/MessageHandlerInterfaceTest.php" line="35" class="JTD\LaravelMCP\Tests\Unit\Transport\Contracts\MessageHandlerInterfaceTest" classname="JTD.LaravelMCP.Tests.Unit.Transport.Contracts.MessageHandlerInterfaceTest" assertions="2" time="0.005754"/>
        <testcase name="test_handle_notification_returns_null" file="/home/jeremyfall/Internal/JTD-Packages/laravel-mcp.git/main/tests/Unit/Transport/Contracts/MessageHandlerInterfaceTest.php" line="63" class="JTD\LaravelMCP\Tests\Unit\Transport\Contracts\MessageHandlerInterfaceTest" classname="JTD.LaravelMCP.Tests.Unit.Transport.Contracts.MessageHandlerInterfaceTest" assertions="2" time="0.004287"/>
        <testcase name="test_handle_complex_message" file="/home/jeremyfall/Internal/JTD-Packages/laravel-mcp.git/main/tests/Unit/Transport/Contracts/MessageHandlerInterfaceTest.php" line="84" class="JTD\LaravelMCP\Tests\Unit\Transport\Contracts\MessageHandlerInterfaceTest" classname="JTD.LaravelMCP.Tests.Unit.Transport.Contracts.MessageHandlerInterfaceTest" assertions="2" time="0.004314"/>
        <testcase name="test_handle_error_with_exception" file="/home/jeremyfall/Internal/JTD-Packages/laravel-mcp.git/main/tests/Unit/Transport/Contracts/MessageHandlerInterfaceTest.php" line="127" class="JTD\LaravelMCP\Tests\Unit\Transport\Contracts\MessageHandlerInterfaceTest" classname="JTD.LaravelMCP.Tests.Unit.Transport.Contracts.MessageHandlerInterfaceTest" assertions="1" time="0.004391"/>
        <testcase name="test_handle_error_with_different_types" file="/home/jeremyfall/Internal/JTD-Packages/laravel-mcp.git/main/tests/Unit/Transport/Contracts/MessageHandlerInterfaceTest.php" line="142" class="JTD\LaravelMCP\Tests\Unit\Transport\Contracts\MessageHandlerInterfaceTest" classname="JTD.LaravelMCP.Tests.Unit.Transport.Contracts.MessageHandlerInterfaceTest" assertions="7" time="0.004539"/>
        <testcase name="test_on_connect" file="/home/jeremyfall/Internal/JTD-Packages/laravel-mcp.git/main/tests/Unit/Transport/Contracts/MessageHandlerInterfaceTest.php" line="169" class="JTD\LaravelMCP\Tests\Unit\Transport\Contracts\MessageHandlerInterfaceTest" classname="JTD.LaravelMCP.Tests.Unit.Transport.Contracts.MessageHandlerInterfaceTest" assertions="1" time="0.004293"/>
        <testcase name="test_on_disconnect" file="/home/jeremyfall/Internal/JTD-Packages/laravel-mcp.git/main/tests/Unit/Transport/Contracts/MessageHandlerInterfaceTest.php" line="182" class="JTD\LaravelMCP\Tests\Unit\Transport\Contracts\MessageHandlerInterfaceTest" classname="JTD.LaravelMCP.Tests.Unit.Transport.Contracts.MessageHandlerInterfaceTest" assertions="1" time="0.004525"/>
        <testcase name="test_can_handle_supported_message" file="/home/jeremyfall/Internal/JTD-Packages/laravel-mcp.git/main/tests/Unit/Transport/Contracts/MessageHandlerInterfaceTest.php" line="195" class="JTD\LaravelMCP\Tests\Unit\Transport\Contracts\MessageHandlerInterfaceTest" classname="JTD.LaravelMCP.Tests.Unit.Transport.Contracts.MessageHandlerInterfaceTest" assertions="2" time="0.004533"/>
        <testcase name="test_can_handle_unsupported_message" file="/home/jeremyfall/Internal/JTD-Packages/laravel-mcp.git/main/tests/Unit/Transport/Contracts/MessageHandlerInterfaceTest.php" line="215" class="JTD\LaravelMCP\Tests\Unit\Transport\Contracts\MessageHandlerInterfaceTest" classname="JTD.LaravelMCP.Tests.Unit.Transport.Contracts.MessageHandlerInterfaceTest" assertions="2" time="0.004466"/>
        <testcase name="test_can_handle_various_formats" file="/home/jeremyfall/Internal/JTD-Packages/laravel-mcp.git/main/tests/Unit/Transport/Contracts/MessageHandlerInterfaceTest.php" line="235" class="JTD\LaravelMCP\Tests\Unit\Transport\Contracts\MessageHandlerInterfaceTest" classname="JTD.LaravelMCP.Tests.Unit.Transport.Contracts.MessageHandlerInterfaceTest" assertions="7" time="0.004723"/>
        <testcase name="test_get_supported_message_types" file="/home/jeremyfall/Internal/JTD-Packages/laravel-mcp.git/main/tests/Unit/Transport/Contracts/MessageHandlerInterfaceTest.php" line="266" class="JTD\LaravelMCP\Tests\Unit\Transport\Contracts\MessageHandlerInterfaceTest" classname="JTD.LaravelMCP.Tests.Unit.Transport.Contracts.MessageHandlerInterfaceTest" assertions="2" time="0.004865"/>
        <testcase name="test_get_supported_message_types_empty" file="/home/jeremyfall/Internal/JTD-Packages/laravel-mcp.git/main/tests/Unit/Transport/Contracts/MessageHandlerInterfaceTest.php" line="293" class="JTD\LaravelMCP\Tests\Unit\Transport\Contracts\MessageHandlerInterfaceTest" classname="JTD.LaravelMCP.Tests.Unit.Transport.Contracts.MessageHandlerInterfaceTest" assertions="2" time="0.004501"/>
        <testcase name="test_error_handling_isolation" file="/home/jeremyfall/Internal/JTD-Packages/laravel-mcp.git/main/tests/Unit/Transport/Contracts/MessageHandlerInterfaceTest.php" line="385" class="JTD\LaravelMCP\Tests\Unit\Transport\Contracts\MessageHandlerInterfaceTest" classname="JTD.LaravelMCP.Tests.Unit.Transport.Contracts.MessageHandlerInterfaceTest" assertions="2" time="0.004626"/>
        <testcase name="test_check_specific_message_type_support" file="/home/jeremyfall/Internal/JTD-Packages/laravel-mcp.git/main/tests/Unit/Transport/Contracts/MessageHandlerInterfaceTest.php" line="413" class="JTD\LaravelMCP\Tests\Unit\Transport\Contracts\MessageHandlerInterfaceTest" classname="JTD.LaravelMCP.Tests.Unit.Transport.Contracts.MessageHandlerInterfaceTest" assertions="5" time="0.004940"/>
        <testcase name="test_lifecycle_events_sequence" file="/home/jeremyfall/Internal/JTD-Packages/laravel-mcp.git/main/tests/Unit/Transport/Contracts/MessageHandlerInterfaceTest.php" line="308" class="JTD\LaravelMCP\Tests\Unit\Transport\Contracts\MessageHandlerInterfaceTest" classname="JTD.LaravelMCP.Tests.Unit.Transport.Contracts.MessageHandlerInterfaceTest" assertions="2" time="0.005519"/>
        <testcase name="test_handle_multiple_messages" file="/home/jeremyfall/Internal/JTD-Packages/laravel-mcp.git/main/tests/Unit/Transport/Contracts/MessageHandlerInterfaceTest.php" line="346" class="JTD\LaravelMCP\Tests\Unit\Transport\Contracts\MessageHandlerInterfaceTest" classname="JTD.LaravelMCP.Tests.Unit.Transport.Contracts.MessageHandlerInterfaceTest" assertions="13" time="0.004845"/>
      </testsuite>
      <testsuite name="JTD\LaravelMCP\Tests\Unit\Transport\Contracts\TransportInterfaceTest" file="/home/jeremyfall/Internal/JTD-Packages/laravel-mcp.git/main/tests/Unit/Transport/Contracts/TransportInterfaceTest.php" tests="17" assertions="37" errors="0" failures="0" skipped="0" time="0.081045">
        <testcase name="test_initialize_with_config" file="/home/jeremyfall/Internal/JTD-Packages/laravel-mcp.git/main/tests/Unit/Transport/Contracts/TransportInterfaceTest.php" line="35" class="JTD\LaravelMCP\Tests\Unit\Transport\Contracts\TransportInterfaceTest" classname="JTD.LaravelMCP.Tests.Unit.Transport.Contracts.TransportInterfaceTest" assertions="1" time="0.004384"/>
        <testcase name="test_initialize_without_config" file="/home/jeremyfall/Internal/JTD-Packages/laravel-mcp.git/main/tests/Unit/Transport/Contracts/TransportInterfaceTest.php" line="54" class="JTD\LaravelMCP\Tests\Unit\Transport\Contracts\TransportInterfaceTest" classname="JTD.LaravelMCP.Tests.Unit.Transport.Contracts.TransportInterfaceTest" assertions="1" time="0.007405"/>
        <testcase name="test_listen_starts_listening" file="/home/jeremyfall/Internal/JTD-Packages/laravel-mcp.git/main/tests/Unit/Transport/Contracts/TransportInterfaceTest.php" line="67" class="JTD\LaravelMCP\Tests\Unit\Transport\Contracts\TransportInterfaceTest" classname="JTD.LaravelMCP.Tests.Unit.Transport.Contracts.TransportInterfaceTest" assertions="1" time="0.004612"/>
        <testcase name="test_send_message" file="/home/jeremyfall/Internal/JTD-Packages/laravel-mcp.git/main/tests/Unit/Transport/Contracts/TransportInterfaceTest.php" line="79" class="JTD\LaravelMCP\Tests\Unit\Transport\Contracts\TransportInterfaceTest" classname="JTD.LaravelMCP.Tests.Unit.Transport.Contracts.TransportInterfaceTest" assertions="1" time="0.004635"/>
        <testcase name="test_send_complex_message" file="/home/jeremyfall/Internal/JTD-Packages/laravel-mcp.git/main/tests/Unit/Transport/Contracts/TransportInterfaceTest.php" line="99" class="JTD\LaravelMCP\Tests\Unit\Transport\Contracts\TransportInterfaceTest" classname="JTD.LaravelMCP.Tests.Unit.Transport.Contracts.TransportInterfaceTest" assertions="1" time="0.004451"/>
        <testcase name="test_receive_returns_message" file="/home/jeremyfall/Internal/JTD-Packages/laravel-mcp.git/main/tests/Unit/Transport/Contracts/TransportInterfaceTest.php" line="123" class="JTD\LaravelMCP\Tests\Unit\Transport\Contracts\TransportInterfaceTest" classname="JTD.LaravelMCP.Tests.Unit.Transport.Contracts.TransportInterfaceTest" assertions="2" time="0.005021"/>
        <testcase name="test_receive_returns_null_when_no_message" file="/home/jeremyfall/Internal/JTD-Packages/laravel-mcp.git/main/tests/Unit/Transport/Contracts/TransportInterfaceTest.php" line="144" class="JTD\LaravelMCP\Tests\Unit\Transport\Contracts\TransportInterfaceTest" classname="JTD.LaravelMCP.Tests.Unit.Transport.Contracts.TransportInterfaceTest" assertions="2" time="0.004361"/>
        <testcase name="test_close_connection" file="/home/jeremyfall/Internal/JTD-Packages/laravel-mcp.git/main/tests/Unit/Transport/Contracts/TransportInterfaceTest.php" line="159" class="JTD\LaravelMCP\Tests\Unit\Transport\Contracts\TransportInterfaceTest" classname="JTD.LaravelMCP.Tests.Unit.Transport.Contracts.TransportInterfaceTest" assertions="1" time="0.004437"/>
        <testcase name="test_is_connected_returns_true" file="/home/jeremyfall/Internal/JTD-Packages/laravel-mcp.git/main/tests/Unit/Transport/Contracts/TransportInterfaceTest.php" line="171" class="JTD\LaravelMCP\Tests\Unit\Transport\Contracts\TransportInterfaceTest" classname="JTD.LaravelMCP.Tests.Unit.Transport.Contracts.TransportInterfaceTest" assertions="2" time="0.004370"/>
        <testcase name="test_is_connected_returns_false" file="/home/jeremyfall/Internal/JTD-Packages/laravel-mcp.git/main/tests/Unit/Transport/Contracts/TransportInterfaceTest.php" line="184" class="JTD\LaravelMCP\Tests\Unit\Transport\Contracts\TransportInterfaceTest" classname="JTD.LaravelMCP.Tests.Unit.Transport.Contracts.TransportInterfaceTest" assertions="2" time="0.004571"/>
        <testcase name="test_get_config" file="/home/jeremyfall/Internal/JTD-Packages/laravel-mcp.git/main/tests/Unit/Transport/Contracts/TransportInterfaceTest.php" line="197" class="JTD\LaravelMCP\Tests\Unit\Transport\Contracts\TransportInterfaceTest" classname="JTD.LaravelMCP.Tests.Unit.Transport.Contracts.TransportInterfaceTest" assertions="2" time="0.004551"/>
        <testcase name="test_get_config_returns_empty_array" file="/home/jeremyfall/Internal/JTD-Packages/laravel-mcp.git/main/tests/Unit/Transport/Contracts/TransportInterfaceTest.php" line="218" class="JTD\LaravelMCP\Tests\Unit\Transport\Contracts\TransportInterfaceTest" classname="JTD.LaravelMCP.Tests.Unit.Transport.Contracts.TransportInterfaceTest" assertions="2" time="0.004612"/>
        <testcase name="test_transport_lifecycle" file="/home/jeremyfall/Internal/JTD-Packages/laravel-mcp.git/main/tests/Unit/Transport/Contracts/TransportInterfaceTest.php" line="246" class="JTD\LaravelMCP\Tests\Unit\Transport\Contracts\TransportInterfaceTest" classname="JTD.LaravelMCP.Tests.Unit.Transport.Contracts.TransportInterfaceTest" assertions="6" time="0.004915"/>
        <testcase name="test_configuration_persistence" file="/home/jeremyfall/Internal/JTD-Packages/laravel-mcp.git/main/tests/Unit/Transport/Contracts/TransportInterfaceTest.php" line="350" class="JTD\LaravelMCP\Tests\Unit\Transport\Contracts\TransportInterfaceTest" classname="JTD.LaravelMCP.Tests.Unit.Transport.Contracts.TransportInterfaceTest" assertions="2" time="0.004672"/>
        <testcase name="test_setting_multiple_handlers" file="/home/jeremyfall/Internal/JTD-Packages/laravel-mcp.git/main/tests/Unit/Transport/Contracts/TransportInterfaceTest.php" line="378" class="JTD\LaravelMCP\Tests\Unit\Transport\Contracts\TransportInterfaceTest" classname="JTD.LaravelMCP.Tests.Unit.Transport.Contracts.TransportInterfaceTest" assertions="3" time="0.004621"/>
        <testcase name="test_set_message_handler" file="/home/jeremyfall/Internal/JTD-Packages/laravel-mcp.git/main/tests/Unit/Transport/Contracts/TransportInterfaceTest.php" line="233" class="JTD\LaravelMCP\Tests\Unit\Transport\Contracts\TransportInterfaceTest" classname="JTD.LaravelMCP.Tests.Unit.Transport.Contracts.TransportInterfaceTest" assertions="1" time="0.004622"/>
        <testcase name="test_multiple_message_operations" file="/home/jeremyfall/Internal/JTD-Packages/laravel-mcp.git/main/tests/Unit/Transport/Contracts/TransportInterfaceTest.php" line="303" class="JTD\LaravelMCP\Tests\Unit\Transport\Contracts\TransportInterfaceTest" classname="JTD.LaravelMCP.Tests.Unit.Transport.Contracts.TransportInterfaceTest" assertions="7" time="0.004804"/>
      </testsuite>
    </testsuite>
    <testsuite name="Unit" tests="532" assertions="1368" errors="0" failures="0" skipped="0" time="5.765608">
      <testsuite name="JTD\LaravelMCP\Tests\Unit\Commands\BaseCommandTest" file="/home/jeremyfall/Internal/JTD-Packages/laravel-mcp.git/main/tests/Unit/Commands/BaseCommandTest.php" tests="9" assertions="27" errors="0" failures="0" skipped="0" time="0.042109">
        <testcase name="test_command_with_validation_failure" file="/home/jeremyfall/Internal/JTD-Packages/laravel-mcp.git/main/tests/Unit/Commands/BaseCommandTest.php" line="105" class="JTD\LaravelMCP\Tests\Unit\Commands\BaseCommandTest" classname="JTD.LaravelMCP.Tests.Unit.Commands.BaseCommandTest" assertions="1" time="0.004468"/>
        <testcase name="test_configuration_helper_methods" file="/home/jeremyfall/Internal/JTD-Packages/laravel-mcp.git/main/tests/Unit/Commands/BaseCommandTest.php" line="185" class="JTD\LaravelMCP\Tests\Unit\Commands\BaseCommandTest" classname="JTD.LaravelMCP.Tests.Unit.Commands.BaseCommandTest" assertions="3" time="0.004285"/>
        <testcase name="test_mcp_disabled_check" file="/home/jeremyfall/Internal/JTD-Packages/laravel-mcp.git/main/tests/Unit/Commands/BaseCommandTest.php" line="200" class="JTD\LaravelMCP\Tests\Unit\Commands\BaseCommandTest" classname="JTD.LaravelMCP.Tests.Unit.Commands.BaseCommandTest" assertions="2" time="0.004561"/>
        <testcase name="test_successful_command_execution" file="/home/jeremyfall/Internal/JTD-Packages/laravel-mcp.git/main/tests/Unit/Commands/BaseCommandTest.php" line="93" class="JTD\LaravelMCP\Tests\Unit\Commands\BaseCommandTest" classname="JTD.LaravelMCP.Tests.Unit.Commands.BaseCommandTest" assertions="2" time="0.005066"/>
        <testcase name="test_error_handling_without_debug" file="/home/jeremyfall/Internal/JTD-Packages/laravel-mcp.git/main/tests/Unit/Commands/BaseCommandTest.php" line="118" class="JTD\LaravelMCP\Tests\Unit\Commands\BaseCommandTest" classname="JTD.LaravelMCP.Tests.Unit.Commands.BaseCommandTest" assertions="4" time="0.004567"/>
        <testcase name="test_error_handling_with_debug_mode" file="/home/jeremyfall/Internal/JTD-Packages/laravel-mcp.git/main/tests/Unit/Commands/BaseCommandTest.php" line="135" class="JTD\LaravelMCP\Tests\Unit\Commands\BaseCommandTest" classname="JTD.LaravelMCP.Tests.Unit.Commands.BaseCommandTest" assertions="3" time="0.004514"/>
        <testcase name="test_output_formatting_methods" file="/home/jeremyfall/Internal/JTD-Packages/laravel-mcp.git/main/tests/Unit/Commands/BaseCommandTest.php" line="151" class="JTD\LaravelMCP\Tests\Unit\Commands\BaseCommandTest" classname="JTD.LaravelMCP.Tests.Unit.Commands.BaseCommandTest" assertions="4" time="0.004500"/>
        <testcase name="test_debug_output_in_verbose_mode" file="/home/jeremyfall/Internal/JTD-Packages/laravel-mcp.git/main/tests/Unit/Commands/BaseCommandTest.php" line="172" class="JTD\LaravelMCP\Tests\Unit\Commands\BaseCommandTest" classname="JTD.LaravelMCP.Tests.Unit.Commands.BaseCommandTest" assertions="1" time="0.004680"/>
        <testcase name="test_option_validation_methods" file="/home/jeremyfall/Internal/JTD-Packages/laravel-mcp.git/main/tests/Unit/Commands/BaseCommandTest.php" line="215" class="JTD\LaravelMCP\Tests\Unit\Commands\BaseCommandTest" classname="JTD.LaravelMCP.Tests.Unit.Commands.BaseCommandTest" assertions="7" time="0.005467"/>
      </testsuite>
      <testsuite name="JTD\LaravelMCP\Tests\Unit\Commands\ListCommandTest" file="/home/jeremyfall/Internal/JTD-Packages/laravel-mcp.git/main/tests/Unit/Commands/ListCommandTest.php" tests="9" assertions="9" errors="0" failures="0" skipped="0" time="0.058473">
        <testcase name="it_validates_invalid_format_option" file="/home/jeremyfall/Internal/JTD-Packages/laravel-mcp.git/main/tests/Unit/Commands/ListCommandTest.php" line="280" class="JTD\LaravelMCP\Tests\Unit\Commands\ListCommandTest" classname="JTD.LaravelMCP.Tests.Unit.Commands.ListCommandTest" assertions="1" time="0.005957"/>
        <testcase name="it_filters_by_resource_type" file="/home/jeremyfall/Internal/JTD-Packages/laravel-mcp.git/main/tests/Unit/Commands/ListCommandTest.php" line="154" class="JTD\LaravelMCP\Tests\Unit\Commands\ListCommandTest" classname="JTD.LaravelMCP.Tests.Unit.Commands.ListCommandTest" assertions="1" time="0.007378"/>
        <testcase name="it_filters_by_prompt_type" file="/home/jeremyfall/Internal/JTD-Packages/laravel-mcp.git/main/tests/Unit/Commands/ListCommandTest.php" line="173" class="JTD\LaravelMCP\Tests\Unit\Commands\ListCommandTest" classname="JTD.LaravelMCP.Tests.Unit.Commands.ListCommandTest" assertions="1" time="0.007148"/>
        <testcase name="it_outputs_in_json_format" file="/home/jeremyfall/Internal/JTD-Packages/laravel-mcp.git/main/tests/Unit/Commands/ListCommandTest.php" line="192" class="JTD\LaravelMCP\Tests\Unit\Commands\ListCommandTest" classname="JTD.LaravelMCP.Tests.Unit.Commands.ListCommandTest" assertions="1" time="0.005858"/>
        <testcase name="it_handles_empty_registries_gracefully" file="/home/jeremyfall/Internal/JTD-Packages/laravel-mcp.git/main/tests/Unit/Commands/ListCommandTest.php" line="249" class="JTD\LaravelMCP\Tests\Unit\Commands\ListCommandTest" classname="JTD.LaravelMCP.Tests.Unit.Commands.ListCommandTest" assertions="1" time="0.005675"/>
        <testcase name="it_validates_invalid_type_option" file="/home/jeremyfall/Internal/JTD-Packages/laravel-mcp.git/main/tests/Unit/Commands/ListCommandTest.php" line="267" class="JTD\LaravelMCP\Tests\Unit\Commands\ListCommandTest" classname="JTD.LaravelMCP.Tests.Unit.Commands.ListCommandTest" assertions="1" time="0.005229"/>
        <testcase name="it_filters_by_tool_type" file="/home/jeremyfall/Internal/JTD-Packages/laravel-mcp.git/main/tests/Unit/Commands/ListCommandTest.php" line="135" class="JTD\LaravelMCP\Tests\Unit\Commands\ListCommandTest" classname="JTD.LaravelMCP.Tests.Unit.Commands.ListCommandTest" assertions="1" time="0.006609"/>
        <testcase name="it_shows_detailed_information" file="/home/jeremyfall/Internal/JTD-Packages/laravel-mcp.git/main/tests/Unit/Commands/ListCommandTest.php" line="230" class="JTD\LaravelMCP\Tests\Unit\Commands\ListCommandTest" classname="JTD.LaravelMCP.Tests.Unit.Commands.ListCommandTest" assertions="1" time="0.006819"/>
        <testcase name="it_lists_all_components_in_table_format" file="/home/jeremyfall/Internal/JTD-Packages/laravel-mcp.git/main/tests/Unit/Commands/ListCommandTest.php" line="113" class="JTD\LaravelMCP\Tests\Unit\Commands\ListCommandTest" classname="JTD.LaravelMCP.Tests.Unit.Commands.ListCommandTest" assertions="1" time="0.007800"/>
      </testsuite>
      <testsuite name="JTD\LaravelMCP\Tests\Unit\Commands\ServeCommandTest" file="/home/jeremyfall/Internal/JTD-Packages/laravel-mcp.git/main/tests/Unit/Commands/ServeCommandTest.php" tests="18" assertions="59" errors="0" failures="0" skipped="0" time="1.097685">
        <testcase name="it_has_correct_command_signature" file="/home/jeremyfall/Internal/JTD-Packages/laravel-mcp.git/main/tests/Unit/Commands/ServeCommandTest.php" line="83" class="JTD\LaravelMCP\Tests\Unit\Commands\ServeCommandTest" classname="JTD.LaravelMCP.Tests.Unit.Commands.ServeCommandTest" assertions="12" time="0.005051"/>
        <testcase name="it_starts_stdio_transport_successfully" file="/home/jeremyfall/Internal/JTD-Packages/laravel-mcp.git/main/tests/Unit/Commands/ServeCommandTest.php" line="112" class="JTD\LaravelMCP\Tests\Unit\Commands\ServeCommandTest" classname="JTD.LaravelMCP.Tests.Unit.Commands.ServeCommandTest" assertions="5" time="0.005551"/>
        <testcase name="it_starts_http_transport_successfully" file="/home/jeremyfall/Internal/JTD-Packages/laravel-mcp.git/main/tests/Unit/Commands/ServeCommandTest.php" line="156" class="JTD\LaravelMCP\Tests\Unit\Commands\ServeCommandTest" classname="JTD.LaravelMCP.Tests.Unit.Commands.ServeCommandTest" assertions="7" time="0.005509"/>
        <testcase name="it_validates_invalid_transport_type" file="/home/jeremyfall/Internal/JTD-Packages/laravel-mcp.git/main/tests/Unit/Commands/ServeCommandTest.php" line="238" class="JTD\LaravelMCP\Tests\Unit\Commands\ServeCommandTest" classname="JTD.LaravelMCP.Tests.Unit.Commands.ServeCommandTest" assertions="3" time="0.005145"/>
        <testcase name="it_validates_disabled_transport" file="/home/jeremyfall/Internal/JTD-Packages/laravel-mcp.git/main/tests/Unit/Commands/ServeCommandTest.php" line="255" class="JTD\LaravelMCP\Tests\Unit\Commands\ServeCommandTest" classname="JTD.LaravelMCP.Tests.Unit.Commands.ServeCommandTest" assertions="3" time="0.004851"/>
        <testcase name="it_validates_unregistered_transport_in_manager" file="/home/jeremyfall/Internal/JTD-Packages/laravel-mcp.git/main/tests/Unit/Commands/ServeCommandTest.php" line="279" class="JTD\LaravelMCP\Tests\Unit\Commands\ServeCommandTest" classname="JTD.LaravelMCP.Tests.Unit.Commands.ServeCommandTest" assertions="3" time="0.005353"/>
        <testcase name="it_validates_timeout_option" file="/home/jeremyfall/Internal/JTD-Packages/laravel-mcp.git/main/tests/Unit/Commands/ServeCommandTest.php" line="312" class="JTD\LaravelMCP\Tests\Unit\Commands\ServeCommandTest" classname="JTD.LaravelMCP.Tests.Unit.Commands.ServeCommandTest" assertions="4" time="0.005677"/>
        <testcase name="it_validates_port_option_for_http_transport" file="/home/jeremyfall/Internal/JTD-Packages/laravel-mcp.git/main/tests/Unit/Commands/ServeCommandTest.php" line="336" class="JTD\LaravelMCP\Tests\Unit\Commands\ServeCommandTest" classname="JTD.LaravelMCP.Tests.Unit.Commands.ServeCommandTest" assertions="4" time="0.005046"/>
        <testcase name="it_handles_transport_creation_failure" file="/home/jeremyfall/Internal/JTD-Packages/laravel-mcp.git/main/tests/Unit/Commands/ServeCommandTest.php" line="392" class="JTD\LaravelMCP\Tests\Unit\Commands\ServeCommandTest" classname="JTD.LaravelMCP.Tests.Unit.Commands.ServeCommandTest" assertions="2" time="0.005197"/>
        <testcase name="it_handles_stdio_transport_errors" file="/home/jeremyfall/Internal/JTD-Packages/laravel-mcp.git/main/tests/Unit/Commands/ServeCommandTest.php" line="413" class="JTD\LaravelMCP\Tests\Unit\Commands\ServeCommandTest" classname="JTD.LaravelMCP.Tests.Unit.Commands.ServeCommandTest" assertions="3" time="0.005235"/>
        <testcase name="it_builds_correct_transport_configuration" file="/home/jeremyfall/Internal/JTD-Packages/laravel-mcp.git/main/tests/Unit/Commands/ServeCommandTest.php" line="444" class="JTD\LaravelMCP\Tests\Unit\Commands\ServeCommandTest" classname="JTD.LaravelMCP.Tests.Unit.Commands.ServeCommandTest" assertions="1" time="0.005530"/>
        <testcase name="it_handles_invalid_transport_instance" file="/home/jeremyfall/Internal/JTD-Packages/laravel-mcp.git/main/tests/Unit/Commands/ServeCommandTest.php" line="498" class="JTD\LaravelMCP\Tests\Unit\Commands\ServeCommandTest" classname="JTD.LaravelMCP.Tests.Unit.Commands.ServeCommandTest" assertions="2" time="0.005107"/>
        <testcase name="it_configures_server_info_correctly" file="/home/jeremyfall/Internal/JTD-Packages/laravel-mcp.git/main/tests/Unit/Commands/ServeCommandTest.php" line="556" class="JTD\LaravelMCP\Tests\Unit\Commands\ServeCommandTest" classname="JTD.LaravelMCP.Tests.Unit.Commands.ServeCommandTest" assertions="1" time="0.005215"/>
        <testcase name="it_returns_error_when_mcp_is_disabled" file="/home/jeremyfall/Internal/JTD-Packages/laravel-mcp.git/main/tests/Unit/Commands/ServeCommandTest.php" line="625" class="JTD\LaravelMCP\Tests\Unit\Commands\ServeCommandTest" classname="JTD.LaravelMCP.Tests.Unit.Commands.ServeCommandTest" assertions="2" time="0.005178"/>
        <testcase name="it_enables_debug_mode" file="/home/jeremyfall/Internal/JTD-Packages/laravel-mcp.git/main/tests/Unit/Commands/ServeCommandTest.php" line="360" class="JTD\LaravelMCP\Tests\Unit\Commands\ServeCommandTest" classname="JTD.LaravelMCP.Tests.Unit.Commands.ServeCommandTest" assertions="2" time="0.005879"/>
        <testcase name="it_displays_transport_stats_in_verbose_mode" file="/home/jeremyfall/Internal/JTD-Packages/laravel-mcp.git/main/tests/Unit/Commands/ServeCommandTest.php" line="588" class="JTD\LaravelMCP\Tests\Unit\Commands\ServeCommandTest" classname="JTD.LaravelMCP.Tests.Unit.Commands.ServeCommandTest" assertions="2" time="0.005693"/>
        <testcase name="it_attempts_reconnection_for_http_transport" file="/home/jeremyfall/Internal/JTD-Packages/laravel-mcp.git/main/tests/Unit/Commands/ServeCommandTest.php" line="642" class="JTD\LaravelMCP\Tests\Unit\Commands\ServeCommandTest" classname="JTD.LaravelMCP.Tests.Unit.Commands.ServeCommandTest" assertions="2" time="0.005857"/>
        <testcase name="it_handles_shutdown_signals_with_pcntl" file="/home/jeremyfall/Internal/JTD-Packages/laravel-mcp.git/main/tests/Unit/Commands/ServeCommandTest.php" line="527" class="JTD\LaravelMCP\Tests\Unit\Commands\ServeCommandTest" classname="JTD.LaravelMCP.Tests.Unit.Commands.ServeCommandTest" assertions="1" time="1.006610"/>
      </testsuite>
      <testsuite name="JTD\LaravelMCP\Tests\Unit\Exceptions\McpExceptionTest" file="/home/jeremyfall/Internal/JTD-Packages/laravel-mcp.git/main/tests/Unit/Exceptions/McpExceptionTest.php" tests="22" assertions="76" errors="0" failures="0" skipped="0" time="0.106286">
        <testcase name="test_basic_exception_creation" file="/home/jeremyfall/Internal/JTD-Packages/laravel-mcp.git/main/tests/Unit/Exceptions/McpExceptionTest.php" line="19" class="JTD\LaravelMCP\Tests\Unit\Exceptions\McpExceptionTest" classname="JTD.LaravelMCP.Tests.Unit.Exceptions.McpExceptionTest" assertions="2" time="0.005172"/>
        <testcase name="test_exception_with_context" file="/home/jeremyfall/Internal/JTD-Packages/laravel-mcp.git/main/tests/Unit/Exceptions/McpExceptionTest.php" line="41" class="JTD\LaravelMCP\Tests\Unit\Exceptions\McpExceptionTest" classname="JTD.LaravelMCP.Tests.Unit.Exceptions.McpExceptionTest" assertions="1" time="0.004595"/>
        <testcase name="test_exception_with_previous" file="/home/jeremyfall/Internal/JTD-Packages/laravel-mcp.git/main/tests/Unit/Exceptions/McpExceptionTest.php" line="52" class="JTD\LaravelMCP\Tests\Unit\Exceptions\McpExceptionTest" classname="JTD.LaravelMCP.Tests.Unit.Exceptions.McpExceptionTest" assertions="1" time="0.004550"/>
        <testcase name="test_set_data" file="/home/jeremyfall/Internal/JTD-Packages/laravel-mcp.git/main/tests/Unit/Exceptions/McpExceptionTest.php" line="63" class="JTD\LaravelMCP\Tests\Unit\Exceptions\McpExceptionTest" classname="JTD.LaravelMCP.Tests.Unit.Exceptions.McpExceptionTest" assertions="1" time="0.004673"/>
        <testcase name="test_set_context" file="/home/jeremyfall/Internal/JTD-Packages/laravel-mcp.git/main/tests/Unit/Exceptions/McpExceptionTest.php" line="76" class="JTD\LaravelMCP\Tests\Unit\Exceptions\McpExceptionTest" classname="JTD.LaravelMCP.Tests.Unit.Exceptions.McpExceptionTest" assertions="1" time="0.004749"/>
        <testcase name="test_add_context" file="/home/jeremyfall/Internal/JTD-Packages/laravel-mcp.git/main/tests/Unit/Exceptions/McpExceptionTest.php" line="89" class="JTD\LaravelMCP\Tests\Unit\Exceptions\McpExceptionTest" classname="JTD.LaravelMCP.Tests.Unit.Exceptions.McpExceptionTest" assertions="2" time="0.004515"/>
        <testcase name="test_to_json" file="/home/jeremyfall/Internal/JTD-Packages/laravel-mcp.git/main/tests/Unit/Exceptions/McpExceptionTest.php" line="140" class="JTD\LaravelMCP\Tests\Unit\Exceptions\McpExceptionTest" classname="JTD.LaravelMCP.Tests.Unit.Exceptions.McpExceptionTest" assertions="3" time="0.005281"/>
        <testcase name="test_get_error_type_json_rpc" file="/home/jeremyfall/Internal/JTD-Packages/laravel-mcp.git/main/tests/Unit/Exceptions/McpExceptionTest.php" line="156" class="JTD\LaravelMCP\Tests\Unit\Exceptions\McpExceptionTest" classname="JTD.LaravelMCP.Tests.Unit.Exceptions.McpExceptionTest" assertions="9" time="0.004803"/>
        <testcase name="test_is_client_error" file="/home/jeremyfall/Internal/JTD-Packages/laravel-mcp.git/main/tests/Unit/Exceptions/McpExceptionTest.php" line="179" class="JTD\LaravelMCP\Tests\Unit\Exceptions\McpExceptionTest" classname="JTD.LaravelMCP.Tests.Unit.Exceptions.McpExceptionTest" assertions="7" time="0.005149"/>
        <testcase name="test_is_server_error" file="/home/jeremyfall/Internal/JTD-Packages/laravel-mcp.git/main/tests/Unit/Exceptions/McpExceptionTest.php" line="198" class="JTD\LaravelMCP\Tests\Unit\Exceptions\McpExceptionTest" classname="JTD.LaravelMCP.Tests.Unit.Exceptions.McpExceptionTest" assertions="8" time="0.004601"/>
        <testcase name="test_static_parse_error" file="/home/jeremyfall/Internal/JTD-Packages/laravel-mcp.git/main/tests/Unit/Exceptions/McpExceptionTest.php" line="217" class="JTD\LaravelMCP\Tests\Unit\Exceptions\McpExceptionTest" classname="JTD.LaravelMCP.Tests.Unit.Exceptions.McpExceptionTest" assertions="3" time="0.004526"/>
        <testcase name="test_static_invalid_request" file="/home/jeremyfall/Internal/JTD-Packages/laravel-mcp.git/main/tests/Unit/Exceptions/McpExceptionTest.php" line="229" class="JTD\LaravelMCP\Tests\Unit\Exceptions\McpExceptionTest" classname="JTD.LaravelMCP.Tests.Unit.Exceptions.McpExceptionTest" assertions="3" time="0.004718"/>
        <testcase name="test_static_method_not_found" file="/home/jeremyfall/Internal/JTD-Packages/laravel-mcp.git/main/tests/Unit/Exceptions/McpExceptionTest.php" line="241" class="JTD\LaravelMCP\Tests\Unit\Exceptions\McpExceptionTest" classname="JTD.LaravelMCP.Tests.Unit.Exceptions.McpExceptionTest" assertions="3" time="0.004961"/>
        <testcase name="test_static_invalid_params" file="/home/jeremyfall/Internal/JTD-Packages/laravel-mcp.git/main/tests/Unit/Exceptions/McpExceptionTest.php" line="253" class="JTD\LaravelMCP\Tests\Unit\Exceptions\McpExceptionTest" classname="JTD.LaravelMCP.Tests.Unit.Exceptions.McpExceptionTest" assertions="3" time="0.004797"/>
        <testcase name="test_static_internal_error" file="/home/jeremyfall/Internal/JTD-Packages/laravel-mcp.git/main/tests/Unit/Exceptions/McpExceptionTest.php" line="265" class="JTD\LaravelMCP\Tests\Unit\Exceptions\McpExceptionTest" classname="JTD.LaravelMCP.Tests.Unit.Exceptions.McpExceptionTest" assertions="3" time="0.004820"/>
        <testcase name="test_static_application_error" file="/home/jeremyfall/Internal/JTD-Packages/laravel-mcp.git/main/tests/Unit/Exceptions/McpExceptionTest.php" line="277" class="JTD\LaravelMCP\Tests\Unit\Exceptions\McpExceptionTest" classname="JTD.LaravelMCP.Tests.Unit.Exceptions.McpExceptionTest" assertions="3" time="0.004816"/>
        <testcase name="test_static_from_throwable" file="/home/jeremyfall/Internal/JTD-Packages/laravel-mcp.git/main/tests/Unit/Exceptions/McpExceptionTest.php" line="289" class="JTD\LaravelMCP\Tests\Unit\Exceptions\McpExceptionTest" classname="JTD.LaravelMCP.Tests.Unit.Exceptions.McpExceptionTest" assertions="7" time="0.005004"/>
        <testcase name="test_from_throwable_with_custom_code" file="/home/jeremyfall/Internal/JTD-Packages/laravel-mcp.git/main/tests/Unit/Exceptions/McpExceptionTest.php" line="308" class="JTD\LaravelMCP\Tests\Unit\Exceptions\McpExceptionTest" classname="JTD.LaravelMCP.Tests.Unit.Exceptions.McpExceptionTest" assertions="1" time="0.004972"/>
        <testcase name="test_fluent_interface" file="/home/jeremyfall/Internal/JTD-Packages/laravel-mcp.git/main/tests/Unit/Exceptions/McpExceptionTest.php" line="319" class="JTD\LaravelMCP\Tests\Unit\Exceptions\McpExceptionTest" classname="JTD.LaravelMCP.Tests.Unit.Exceptions.McpExceptionTest" assertions="3" time="0.005000"/>
        <testcase name="test_exception_with_data" file="/home/jeremyfall/Internal/JTD-Packages/laravel-mcp.git/main/tests/Unit/Exceptions/McpExceptionTest.php" line="30" class="JTD\LaravelMCP\Tests\Unit\Exceptions\McpExceptionTest" classname="JTD.LaravelMCP.Tests.Unit.Exceptions.McpExceptionTest" assertions="1" time="0.004718"/>
        <testcase name="test_to_array" file="/home/jeremyfall/Internal/JTD-Packages/laravel-mcp.git/main/tests/Unit/Exceptions/McpExceptionTest.php" line="103" class="JTD\LaravelMCP\Tests\Unit\Exceptions\McpExceptionTest" classname="JTD.LaravelMCP.Tests.Unit.Exceptions.McpExceptionTest" assertions="7" time="0.005178"/>
        <testcase name="test_to_array_with_previous" file="/home/jeremyfall/Internal/JTD-Packages/laravel-mcp.git/main/tests/Unit/Exceptions/McpExceptionTest.php" line="124" class="JTD\LaravelMCP\Tests\Unit\Exceptions\McpExceptionTest" classname="JTD.LaravelMCP.Tests.Unit.Exceptions.McpExceptionTest" assertions="4" time="0.004689"/>
      </testsuite>
      <testsuite name="JTD\LaravelMCP\Tests\Unit\Http\Middleware\McpAuthMiddlewareTest" file="/home/jeremyfall/Internal/JTD-Packages/laravel-mcp.git/main/tests/Unit/Http/Middleware/McpAuthMiddlewareTest.php" tests="7" assertions="11" errors="0" failures="0" skipped="0" time="0.031423">
        <testcase name="it_passes_through_when_auth_disabled" file="/home/jeremyfall/Internal/JTD-Packages/laravel-mcp.git/main/tests/Unit/Http/Middleware/McpAuthMiddlewareTest.php" line="41" class="JTD\LaravelMCP\Tests\Unit\Http\Middleware\McpAuthMiddlewareTest" classname="JTD.LaravelMCP.Tests.Unit.Http.Middleware.McpAuthMiddlewareTest" assertions="1" time="0.004454"/>
        <testcase name="it_authenticates_with_valid_api_key_in_header" file="/home/jeremyfall/Internal/JTD-Packages/laravel-mcp.git/main/tests/Unit/Http/Middleware/McpAuthMiddlewareTest.php" line="82" class="JTD\LaravelMCP\Tests\Unit\Http\Middleware\McpAuthMiddlewareTest" classname="JTD.LaravelMCP.Tests.Unit.Http.Middleware.McpAuthMiddlewareTest" assertions="1" time="0.004437"/>
        <testcase name="it_rejects_request_with_no_api_key_when_required" file="/home/jeremyfall/Internal/JTD-Packages/laravel-mcp.git/main/tests/Unit/Http/Middleware/McpAuthMiddlewareTest.php" line="150" class="JTD\LaravelMCP\Tests\Unit\Http\Middleware\McpAuthMiddlewareTest" classname="JTD.LaravelMCP.Tests.Unit.Http.Middleware.McpAuthMiddlewareTest" assertions="3" time="0.004531"/>
        <testcase name="it_passes_through_when_no_api_key_configured" file="/home/jeremyfall/Internal/JTD-Packages/laravel-mcp.git/main/tests/Unit/Http/Middleware/McpAuthMiddlewareTest.php" line="61" class="JTD\LaravelMCP\Tests\Unit\Http\Middleware\McpAuthMiddlewareTest" classname="JTD.LaravelMCP.Tests.Unit.Http.Middleware.McpAuthMiddlewareTest" assertions="1" time="0.004441"/>
        <testcase name="it_authenticates_with_valid_api_key_in_query" file="/home/jeremyfall/Internal/JTD-Packages/laravel-mcp.git/main/tests/Unit/Http/Middleware/McpAuthMiddlewareTest.php" line="104" class="JTD\LaravelMCP\Tests\Unit\Http\Middleware\McpAuthMiddlewareTest" classname="JTD.LaravelMCP.Tests.Unit.Http.Middleware.McpAuthMiddlewareTest" assertions="1" time="0.004517"/>
        <testcase name="it_rejects_invalid_api_key" file="/home/jeremyfall/Internal/JTD-Packages/laravel-mcp.git/main/tests/Unit/Http/Middleware/McpAuthMiddlewareTest.php" line="125" class="JTD\LaravelMCP\Tests\Unit\Http\Middleware\McpAuthMiddlewareTest" classname="JTD.LaravelMCP.Tests.Unit.Http.Middleware.McpAuthMiddlewareTest" assertions="3" time="0.004467"/>
        <testcase name="it_prioritizes_header_over_query_parameter" file="/home/jeremyfall/Internal/JTD-Packages/laravel-mcp.git/main/tests/Unit/Http/Middleware/McpAuthMiddlewareTest.php" line="174" class="JTD\LaravelMCP\Tests\Unit\Http\Middleware\McpAuthMiddlewareTest" classname="JTD.LaravelMCP.Tests.Unit.Http.Middleware.McpAuthMiddlewareTest" assertions="1" time="0.004575"/>
      </testsuite>
      <testsuite name="JTD\LaravelMCP\Tests\Unit\Http\Middleware\McpCorsMiddlewareTest" file="/home/jeremyfall/Internal/JTD-Packages/laravel-mcp.git/main/tests/Unit/Http/Middleware/McpCorsMiddlewareTest.php" tests="8" assertions="23" errors="0" failures="0" skipped="0" time="0.044419">
        <testcase name="it_adds_cors_headers_to_regular_requests" file="/home/jeremyfall/Internal/JTD-Packages/laravel-mcp.git/main/tests/Unit/Http/Middleware/McpCorsMiddlewareTest.php" line="40" class="JTD\LaravelMCP\Tests\Unit\Http\Middleware\McpCorsMiddlewareTest" classname="JTD.LaravelMCP.Tests.Unit.Http.Middleware.McpCorsMiddlewareTest" assertions="5" time="0.004694"/>
        <testcase name="it_handles_preflight_options_requests" file="/home/jeremyfall/Internal/JTD-Packages/laravel-mcp.git/main/tests/Unit/Http/Middleware/McpCorsMiddlewareTest.php" line="70" class="JTD\LaravelMCP\Tests\Unit\Http\Middleware\McpCorsMiddlewareTest" classname="JTD.LaravelMCP.Tests.Unit.Http.Middleware.McpCorsMiddlewareTest" assertions="5" time="0.004939"/>
        <testcase name="it_respects_specific_allowed_origins" file="/home/jeremyfall/Internal/JTD-Packages/laravel-mcp.git/main/tests/Unit/Http/Middleware/McpCorsMiddlewareTest.php" line="99" class="JTD\LaravelMCP\Tests\Unit\Http\Middleware\McpCorsMiddlewareTest" classname="JTD.LaravelMCP.Tests.Unit.Http.Middleware.McpCorsMiddlewareTest" assertions="1" time="0.010645"/>
        <testcase name="it_rejects_disallowed_origins" file="/home/jeremyfall/Internal/JTD-Packages/laravel-mcp.git/main/tests/Unit/Http/Middleware/McpCorsMiddlewareTest.php" line="122" class="JTD\LaravelMCP\Tests\Unit\Http\Middleware\McpCorsMiddlewareTest" classname="JTD.LaravelMCP.Tests.Unit.Http.Middleware.McpCorsMiddlewareTest" assertions="1" time="0.004913"/>
        <testcase name="it_allows_all_origins_with_wildcard" file="/home/jeremyfall/Internal/JTD-Packages/laravel-mcp.git/main/tests/Unit/Http/Middleware/McpCorsMiddlewareTest.php" line="145" class="JTD\LaravelMCP\Tests\Unit\Http\Middleware\McpCorsMiddlewareTest" classname="JTD.LaravelMCP.Tests.Unit.Http.Middleware.McpCorsMiddlewareTest" assertions="1" time="0.004489"/>
        <testcase name="it_sets_default_origin_when_no_origin_header" file="/home/jeremyfall/Internal/JTD-Packages/laravel-mcp.git/main/tests/Unit/Http/Middleware/McpCorsMiddlewareTest.php" line="168" class="JTD\LaravelMCP\Tests\Unit\Http\Middleware\McpCorsMiddlewareTest" classname="JTD.LaravelMCP.Tests.Unit.Http.Middleware.McpCorsMiddlewareTest" assertions="1" time="0.004738"/>
        <testcase name="it_uses_default_configuration_values" file="/home/jeremyfall/Internal/JTD-Packages/laravel-mcp.git/main/tests/Unit/Http/Middleware/McpCorsMiddlewareTest.php" line="191" class="JTD\LaravelMCP\Tests\Unit\Http\Middleware\McpCorsMiddlewareTest" classname="JTD.LaravelMCP.Tests.Unit.Http.Middleware.McpCorsMiddlewareTest" assertions="6" time="0.005026"/>
        <testcase name="it_includes_mcp_specific_headers" file="/home/jeremyfall/Internal/JTD-Packages/laravel-mcp.git/main/tests/Unit/Http/Middleware/McpCorsMiddlewareTest.php" line="217" class="JTD\LaravelMCP\Tests\Unit\Http\Middleware\McpCorsMiddlewareTest" classname="JTD.LaravelMCP.Tests.Unit.Http.Middleware.McpCorsMiddlewareTest" assertions="3" time="0.004975"/>
      </testsuite>
      <testsuite name="JTD\LaravelMCP\Tests\Unit\LaravelMcpServiceProviderTest" file="/home/jeremyfall/Internal/JTD-Packages/laravel-mcp.git/main/tests/Unit/LaravelMcpServiceProviderTest.php" tests="39" assertions="94" errors="0" failures="0" skipped="0" time="0.213434">
        <testsuite name="JTD\LaravelMCP\Tests\Unit\LaravelMcpServiceProviderTest::it_resolves_individual_services" tests="9" assertions="9" errors="0" failures="0" skipped="0" time="0.045536">
          <testcase name="it_resolves_individual_services with data set &quot;McpRegistry&quot;" file="/home/jeremyfall/Internal/JTD-Packages/laravel-mcp.git/main/tests/Unit/LaravelMcpServiceProviderTest.php" line="520" class="JTD\LaravelMCP\Tests\Unit\LaravelMcpServiceProviderTest" classname="JTD.LaravelMCP.Tests.Unit.LaravelMcpServiceProviderTest" assertions="1" time="0.005491"/>
          <testcase name="it_resolves_individual_services with data set &quot;TransportManager&quot;" file="/home/jeremyfall/Internal/JTD-Packages/laravel-mcp.git/main/tests/Unit/LaravelMcpServiceProviderTest.php" line="520" class="JTD\LaravelMCP\Tests\Unit\LaravelMcpServiceProviderTest" classname="JTD.LaravelMCP.Tests.Unit.LaravelMcpServiceProviderTest" assertions="1" time="0.004947"/>
          <testcase name="it_resolves_individual_services with data set &quot;JsonRpcHandler&quot;" file="/home/jeremyfall/Internal/JTD-Packages/laravel-mcp.git/main/tests/Unit/LaravelMcpServiceProviderTest.php" line="520" class="JTD\LaravelMCP\Tests\Unit\LaravelMcpServiceProviderTest" classname="JTD.LaravelMCP.Tests.Unit.LaravelMcpServiceProviderTest" assertions="1" time="0.005205"/>
          <testcase name="it_resolves_individual_services with data set &quot;MessageProcessor&quot;" file="/home/jeremyfall/Internal/JTD-Packages/laravel-mcp.git/main/tests/Unit/LaravelMcpServiceProviderTest.php" line="520" class="JTD\LaravelMCP\Tests\Unit\LaravelMcpServiceProviderTest" classname="JTD.LaravelMCP.Tests.Unit.LaravelMcpServiceProviderTest" assertions="1" time="0.005048"/>
          <testcase name="it_resolves_individual_services with data set &quot;CapabilityNegotiator&quot;" file="/home/jeremyfall/Internal/JTD-Packages/laravel-mcp.git/main/tests/Unit/LaravelMcpServiceProviderTest.php" line="520" class="JTD\LaravelMCP\Tests\Unit\LaravelMcpServiceProviderTest" classname="JTD.LaravelMCP.Tests.Unit.LaravelMcpServiceProviderTest" assertions="1" time="0.005206"/>
          <testcase name="it_resolves_individual_services with data set &quot;ToolRegistry&quot;" file="/home/jeremyfall/Internal/JTD-Packages/laravel-mcp.git/main/tests/Unit/LaravelMcpServiceProviderTest.php" line="520" class="JTD\LaravelMCP\Tests\Unit\LaravelMcpServiceProviderTest" classname="JTD.LaravelMCP.Tests.Unit.LaravelMcpServiceProviderTest" assertions="1" time="0.005295"/>
          <testcase name="it_resolves_individual_services with data set &quot;ResourceRegistry&quot;" file="/home/jeremyfall/Internal/JTD-Packages/laravel-mcp.git/main/tests/Unit/LaravelMcpServiceProviderTest.php" line="520" class="JTD\LaravelMCP\Tests\Unit\LaravelMcpServiceProviderTest" classname="JTD.LaravelMCP.Tests.Unit.LaravelMcpServiceProviderTest" assertions="1" time="0.004711"/>
          <testcase name="it_resolves_individual_services with data set &quot;PromptRegistry&quot;" file="/home/jeremyfall/Internal/JTD-Packages/laravel-mcp.git/main/tests/Unit/LaravelMcpServiceProviderTest.php" line="520" class="JTD\LaravelMCP\Tests\Unit\LaravelMcpServiceProviderTest" classname="JTD.LaravelMCP.Tests.Unit.LaravelMcpServiceProviderTest" assertions="1" time="0.004801"/>
          <testcase name="it_resolves_individual_services with data set &quot;ComponentDiscovery&quot;" file="/home/jeremyfall/Internal/JTD-Packages/laravel-mcp.git/main/tests/Unit/LaravelMcpServiceProviderTest.php" line="520" class="JTD\LaravelMCP\Tests\Unit\LaravelMcpServiceProviderTest" classname="JTD.LaravelMCP.Tests.Unit.LaravelMcpServiceProviderTest" assertions="1" time="0.004832"/>
        </testsuite>
        <testcase name="it_detects_testing_environment" file="/home/jeremyfall/Internal/JTD-Packages/laravel-mcp.git/main/tests/Unit/LaravelMcpServiceProviderTest.php" line="306" class="JTD\LaravelMCP\Tests\Unit\LaravelMcpServiceProviderTest" classname="JTD.LaravelMCP.Tests.Unit.LaravelMcpServiceProviderTest" assertions="1" time="0.004858"/>
        <testcase name="it_detects_web_environment" file="/home/jeremyfall/Internal/JTD-Packages/laravel-mcp.git/main/tests/Unit/LaravelMcpServiceProviderTest.php" line="330" class="JTD\LaravelMCP\Tests\Unit\LaravelMcpServiceProviderTest" classname="JTD.LaravelMCP.Tests.Unit.LaravelMcpServiceProviderTest" assertions="1" time="0.004745"/>
        <testcase name="it_skips_discovery_when_disabled" file="/home/jeremyfall/Internal/JTD-Packages/laravel-mcp.git/main/tests/Unit/LaravelMcpServiceProviderTest.php" line="354" class="JTD\LaravelMCP\Tests\Unit\LaravelMcpServiceProviderTest" classname="JTD.LaravelMCP.Tests.Unit.LaravelMcpServiceProviderTest" assertions="1" time="0.004673"/>
        <testcase name="it_handles_boot_failure_gracefully_in_production" file="/home/jeremyfall/Internal/JTD-Packages/laravel-mcp.git/main/tests/Unit/LaravelMcpServiceProviderTest.php" line="750" class="JTD\LaravelMCP\Tests\Unit\LaravelMcpServiceProviderTest" classname="JTD.LaravelMCP.Tests.Unit.LaravelMcpServiceProviderTest" assertions="2" time="0.004989"/>
        <testcase name="it_registers_all_singleton_services" file="/home/jeremyfall/Internal/JTD-Packages/laravel-mcp.git/main/tests/Unit/LaravelMcpServiceProviderTest.php" line="61" class="JTD\LaravelMCP\Tests\Unit\LaravelMcpServiceProviderTest" classname="JTD.LaravelMCP.Tests.Unit.LaravelMcpServiceProviderTest" assertions="9" time="0.004836"/>
        <testcase name="it_ensures_singletons_return_same_instance" file="/home/jeremyfall/Internal/JTD-Packages/laravel-mcp.git/main/tests/Unit/LaravelMcpServiceProviderTest.php" line="88" class="JTD\LaravelMCP\Tests\Unit\LaravelMcpServiceProviderTest" classname="JTD.LaravelMCP.Tests.Unit.LaravelMcpServiceProviderTest" assertions="9" time="0.005357"/>
        <testcase name="it_registers_transport_implementations" file="/home/jeremyfall/Internal/JTD-Packages/laravel-mcp.git/main/tests/Unit/LaravelMcpServiceProviderTest.php" line="118" class="JTD\LaravelMCP\Tests\Unit\LaravelMcpServiceProviderTest" classname="JTD.LaravelMCP.Tests.Unit.LaravelMcpServiceProviderTest" assertions="4" time="0.005337"/>
        <testcase name="it_binds_interfaces_to_implementations" file="/home/jeremyfall/Internal/JTD-Packages/laravel-mcp.git/main/tests/Unit/LaravelMcpServiceProviderTest.php" line="139" class="JTD\LaravelMCP\Tests\Unit\LaravelMcpServiceProviderTest" classname="JTD.LaravelMCP.Tests.Unit.LaravelMcpServiceProviderTest" assertions="4" time="0.005310"/>
        <testcase name="it_binds_transport_interface_to_default_transport" file="/home/jeremyfall/Internal/JTD-Packages/laravel-mcp.git/main/tests/Unit/LaravelMcpServiceProviderTest.php" line="160" class="JTD\LaravelMCP\Tests\Unit\LaravelMcpServiceProviderTest" classname="JTD.LaravelMCP.Tests.Unit.LaravelMcpServiceProviderTest" assertions="2" time="0.005130"/>
        <testcase name="it_merges_laravel_mcp_configuration" file="/home/jeremyfall/Internal/JTD-Packages/laravel-mcp.git/main/tests/Unit/LaravelMcpServiceProviderTest.php" line="181" class="JTD\LaravelMCP\Tests\Unit\LaravelMcpServiceProviderTest" classname="JTD.LaravelMCP.Tests.Unit.LaravelMcpServiceProviderTest" assertions="7" time="0.006092"/>
        <testcase name="it_merges_mcp_transports_configuration" file="/home/jeremyfall/Internal/JTD-Packages/laravel-mcp.git/main/tests/Unit/LaravelMcpServiceProviderTest.php" line="202" class="JTD\LaravelMCP\Tests\Unit\LaravelMcpServiceProviderTest" classname="JTD.LaravelMCP.Tests.Unit.LaravelMcpServiceProviderTest" assertions="2" time="0.005118"/>
        <testcase name="it_allows_custom_configuration_to_override_defaults" file="/home/jeremyfall/Internal/JTD-Packages/laravel-mcp.git/main/tests/Unit/LaravelMcpServiceProviderTest.php" line="219" class="JTD\LaravelMCP\Tests\Unit\LaravelMcpServiceProviderTest" classname="JTD.LaravelMCP.Tests.Unit.LaravelMcpServiceProviderTest" assertions="4" time="0.005657"/>
        <testcase name="it_validates_dependencies_successfully_when_met" file="/home/jeremyfall/Internal/JTD-Packages/laravel-mcp.git/main/tests/Unit/LaravelMcpServiceProviderTest.php" line="241" class="JTD\LaravelMCP\Tests\Unit\LaravelMcpServiceProviderTest" classname="JTD.LaravelMCP.Tests.Unit.LaravelMcpServiceProviderTest" assertions="1" time="0.005783"/>
        <testcase name="it_throws_exception_when_required_dependencies_are_missing" file="/home/jeremyfall/Internal/JTD-Packages/laravel-mcp.git/main/tests/Unit/LaravelMcpServiceProviderTest.php" line="254" class="JTD\LaravelMCP\Tests\Unit\LaravelMcpServiceProviderTest" classname="JTD.LaravelMCP.Tests.Unit.LaravelMcpServiceProviderTest" assertions="2" time="0.005459"/>
        <testcase name="it_detects_console_environment" file="/home/jeremyfall/Internal/JTD-Packages/laravel-mcp.git/main/tests/Unit/LaravelMcpServiceProviderTest.php" line="282" class="JTD\LaravelMCP\Tests\Unit\LaravelMcpServiceProviderTest" classname="JTD.LaravelMCP.Tests.Unit.LaravelMcpServiceProviderTest" assertions="1" time="0.005656"/>
        <testcase name="it_runs_discovery_when_enabled" file="/home/jeremyfall/Internal/JTD-Packages/laravel-mcp.git/main/tests/Unit/LaravelMcpServiceProviderTest.php" line="376" class="JTD\LaravelMCP\Tests\Unit\LaravelMcpServiceProviderTest" classname="JTD.LaravelMCP.Tests.Unit.LaravelMcpServiceProviderTest" assertions="1" time="0.005732"/>
        <testcase name="it_sets_up_publishing_configurations" file="/home/jeremyfall/Internal/JTD-Packages/laravel-mcp.git/main/tests/Unit/LaravelMcpServiceProviderTest.php" line="406" class="JTD\LaravelMCP\Tests\Unit\LaravelMcpServiceProviderTest" classname="JTD.LaravelMCP.Tests.Unit.LaravelMcpServiceProviderTest" assertions="2" time="0.005476"/>
        <testcase name="it_loads_routes_when_mcp_routes_file_exists" file="/home/jeremyfall/Internal/JTD-Packages/laravel-mcp.git/main/tests/Unit/LaravelMcpServiceProviderTest.php" line="427" class="JTD\LaravelMCP\Tests\Unit\LaravelMcpServiceProviderTest" classname="JTD.LaravelMCP.Tests.Unit.LaravelMcpServiceProviderTest" assertions="1" time="0.005465"/>
        <testcase name="it_skips_routes_when_mcp_routes_file_does_not_exist" file="/home/jeremyfall/Internal/JTD-Packages/laravel-mcp.git/main/tests/Unit/LaravelMcpServiceProviderTest.php" line="455" class="JTD\LaravelMCP\Tests\Unit\LaravelMcpServiceProviderTest" classname="JTD.LaravelMCP.Tests.Unit.LaravelMcpServiceProviderTest" assertions="1" time="0.005977"/>
        <testcase name="it_runs_console_boot_only_in_console" file="/home/jeremyfall/Internal/JTD-Packages/laravel-mcp.git/main/tests/Unit/LaravelMcpServiceProviderTest.php" line="473" class="JTD\LaravelMCP\Tests\Unit\LaravelMcpServiceProviderTest" classname="JTD.LaravelMCP.Tests.Unit.LaravelMcpServiceProviderTest" assertions="1" time="0.006050"/>
        <testcase name="it_validates_configuration_structure" file="/home/jeremyfall/Internal/JTD-Packages/laravel-mcp.git/main/tests/Unit/LaravelMcpServiceProviderTest.php" line="570" class="JTD\LaravelMCP\Tests\Unit\LaravelMcpServiceProviderTest" classname="JTD.LaravelMCP.Tests.Unit.LaravelMcpServiceProviderTest" assertions="1" time="0.006162"/>
        <testcase name="it_handles_invalid_configuration_gracefully" file="/home/jeremyfall/Internal/JTD-Packages/laravel-mcp.git/main/tests/Unit/LaravelMcpServiceProviderTest.php" line="594" class="JTD\LaravelMCP\Tests\Unit\LaravelMcpServiceProviderTest" classname="JTD.LaravelMCP.Tests.Unit.LaravelMcpServiceProviderTest" assertions="2" time="0.005551"/>
        <testcase name="it_registers_middleware_when_auto_register_enabled" file="/home/jeremyfall/Internal/JTD-Packages/laravel-mcp.git/main/tests/Unit/LaravelMcpServiceProviderTest.php" line="612" class="JTD\LaravelMCP\Tests\Unit\LaravelMcpServiceProviderTest" classname="JTD.LaravelMCP.Tests.Unit.LaravelMcpServiceProviderTest" assertions="1" time="0.006685"/>
        <testcase name="it_registers_auth_middleware_when_auth_enabled" file="/home/jeremyfall/Internal/JTD-Packages/laravel-mcp.git/main/tests/Unit/LaravelMcpServiceProviderTest.php" line="644" class="JTD\LaravelMCP\Tests\Unit\LaravelMcpServiceProviderTest" classname="JTD.LaravelMCP.Tests.Unit.LaravelMcpServiceProviderTest" assertions="1" time="0.006025"/>
        <testcase name="it_skips_middleware_auto_registration_when_disabled" file="/home/jeremyfall/Internal/JTD-Packages/laravel-mcp.git/main/tests/Unit/LaravelMcpServiceProviderTest.php" line="677" class="JTD\LaravelMCP\Tests\Unit\LaravelMcpServiceProviderTest" classname="JTD.LaravelMCP.Tests.Unit.LaravelMcpServiceProviderTest" assertions="1" time="0.005537"/>
        <testcase name="it_registers_event_hooks" file="/home/jeremyfall/Internal/JTD-Packages/laravel-mcp.git/main/tests/Unit/LaravelMcpServiceProviderTest.php" line="704" class="JTD\LaravelMCP\Tests\Unit\LaravelMcpServiceProviderTest" classname="JTD.LaravelMCP.Tests.Unit.LaravelMcpServiceProviderTest" assertions="1" time="0.006052"/>
        <testcase name="it_has_proper_error_handling_structure" file="/home/jeremyfall/Internal/JTD-Packages/laravel-mcp.git/main/tests/Unit/LaravelMcpServiceProviderTest.php" line="730" class="JTD\LaravelMCP\Tests\Unit\LaravelMcpServiceProviderTest" classname="JTD.LaravelMCP.Tests.Unit.LaravelMcpServiceProviderTest" assertions="2" time="0.005552"/>
        <testcase name="it_registers_lazy_services" file="/home/jeremyfall/Internal/JTD-Packages/laravel-mcp.git/main/tests/Unit/LaravelMcpServiceProviderTest.php" line="768" class="JTD\LaravelMCP\Tests\Unit\LaravelMcpServiceProviderTest" classname="JTD.LaravelMCP.Tests.Unit.LaravelMcpServiceProviderTest" assertions="3" time="0.006202"/>
        <testcase name="it_registers_caching_services" file="/home/jeremyfall/Internal/JTD-Packages/laravel-mcp.git/main/tests/Unit/LaravelMcpServiceProviderTest.php" line="783" class="JTD\LaravelMCP\Tests\Unit\LaravelMcpServiceProviderTest" classname="JTD.LaravelMCP.Tests.Unit.LaravelMcpServiceProviderTest" assertions="3" time="0.005794"/>
        <testcase name="it_resolves_all_services_after_boot" file="/home/jeremyfall/Internal/JTD-Packages/laravel-mcp.git/main/tests/Unit/LaravelMcpServiceProviderTest.php" line="536" class="JTD\LaravelMCP\Tests\Unit\LaravelMcpServiceProviderTest" classname="JTD.LaravelMCP.Tests.Unit.LaravelMcpServiceProviderTest" assertions="14" time="0.006636"/>
      </testsuite>
      <testsuite name="JTD\LaravelMCP\Tests\Unit\Protocol\Contracts\JsonRpcHandlerInterfaceTest" file="/home/jeremyfall/Internal/JTD-Packages/laravel-mcp.git/main/tests/Unit/Protocol/Contracts/JsonRpcHandlerInterfaceTest.php" tests="24" assertions="85" errors="0" failures="0" skipped="0" time="0.112454">
        <testcase name="test_handle_request_with_valid_request" file="/home/jeremyfall/Internal/JTD-Packages/laravel-mcp.git/main/tests/Unit/Protocol/Contracts/JsonRpcHandlerInterfaceTest.php" line="30" class="JTD\LaravelMCP\Tests\Unit\Protocol\Contracts\JsonRpcHandlerInterfaceTest" classname="JTD.LaravelMCP.Tests.Unit.Protocol.Contracts.JsonRpcHandlerInterfaceTest" assertions="2" time="0.004332"/>
        <testcase name="test_handle_request_with_params" file="/home/jeremyfall/Internal/JTD-Packages/laravel-mcp.git/main/tests/Unit/Protocol/Contracts/JsonRpcHandlerInterfaceTest.php" line="58" class="JTD\LaravelMCP\Tests\Unit\Protocol\Contracts\JsonRpcHandlerInterfaceTest" classname="JTD.LaravelMCP.Tests.Unit.Protocol.Contracts.JsonRpcHandlerInterfaceTest" assertions="2" time="0.004963"/>
        <testcase name="test_handle_notification" file="/home/jeremyfall/Internal/JTD-Packages/laravel-mcp.git/main/tests/Unit/Protocol/Contracts/JsonRpcHandlerInterfaceTest.php" line="90" class="JTD\LaravelMCP\Tests\Unit\Protocol\Contracts\JsonRpcHandlerInterfaceTest" classname="JTD.LaravelMCP.Tests.Unit.Protocol.Contracts.JsonRpcHandlerInterfaceTest" assertions="1" time="0.004993"/>
        <testcase name="test_handle_notification_with_params" file="/home/jeremyfall/Internal/JTD-Packages/laravel-mcp.git/main/tests/Unit/Protocol/Contracts/JsonRpcHandlerInterfaceTest.php" line="108" class="JTD\LaravelMCP\Tests\Unit\Protocol\Contracts\JsonRpcHandlerInterfaceTest" classname="JTD.LaravelMCP.Tests.Unit.Protocol.Contracts.JsonRpcHandlerInterfaceTest" assertions="1" time="0.004691"/>
        <testcase name="test_handle_response_success" file="/home/jeremyfall/Internal/JTD-Packages/laravel-mcp.git/main/tests/Unit/Protocol/Contracts/JsonRpcHandlerInterfaceTest.php" line="130" class="JTD\LaravelMCP\Tests\Unit\Protocol\Contracts\JsonRpcHandlerInterfaceTest" classname="JTD.LaravelMCP.Tests.Unit.Protocol.Contracts.JsonRpcHandlerInterfaceTest" assertions="1" time="0.004605"/>
        <testcase name="test_handle_response_error" file="/home/jeremyfall/Internal/JTD-Packages/laravel-mcp.git/main/tests/Unit/Protocol/Contracts/JsonRpcHandlerInterfaceTest.php" line="149" class="JTD\LaravelMCP\Tests\Unit\Protocol\Contracts\JsonRpcHandlerInterfaceTest" classname="JTD.LaravelMCP.Tests.Unit.Protocol.Contracts.JsonRpcHandlerInterfaceTest" assertions="1" time="0.004575"/>
        <testcase name="test_create_request_notification" file="/home/jeremyfall/Internal/JTD-Packages/laravel-mcp.git/main/tests/Unit/Protocol/Contracts/JsonRpcHandlerInterfaceTest.php" line="218" class="JTD\LaravelMCP\Tests\Unit\Protocol\Contracts\JsonRpcHandlerInterfaceTest" classname="JTD.LaravelMCP.Tests.Unit.Protocol.Contracts.JsonRpcHandlerInterfaceTest" assertions="2" time="0.004476"/>
        <testcase name="test_create_success_response" file="/home/jeremyfall/Internal/JTD-Packages/laravel-mcp.git/main/tests/Unit/Protocol/Contracts/JsonRpcHandlerInterfaceTest.php" line="239" class="JTD\LaravelMCP\Tests\Unit\Protocol\Contracts\JsonRpcHandlerInterfaceTest" classname="JTD.LaravelMCP.Tests.Unit.Protocol.Contracts.JsonRpcHandlerInterfaceTest" assertions="2" time="0.004778"/>
        <testcase name="test_create_error_response_with_data" file="/home/jeremyfall/Internal/JTD-Packages/laravel-mcp.git/main/tests/Unit/Protocol/Contracts/JsonRpcHandlerInterfaceTest.php" line="289" class="JTD\LaravelMCP\Tests\Unit\Protocol\Contracts\JsonRpcHandlerInterfaceTest" classname="JTD.LaravelMCP.Tests.Unit.Protocol.Contracts.JsonRpcHandlerInterfaceTest" assertions="2" time="0.004605"/>
        <testcase name="test_validate_message_valid" file="/home/jeremyfall/Internal/JTD-Packages/laravel-mcp.git/main/tests/Unit/Protocol/Contracts/JsonRpcHandlerInterfaceTest.php" line="342" class="JTD\LaravelMCP\Tests\Unit\Protocol\Contracts\JsonRpcHandlerInterfaceTest" classname="JTD.LaravelMCP.Tests.Unit.Protocol.Contracts.JsonRpcHandlerInterfaceTest" assertions="2" time="0.004627"/>
        <testcase name="test_validate_message_invalid" file="/home/jeremyfall/Internal/JTD-Packages/laravel-mcp.git/main/tests/Unit/Protocol/Contracts/JsonRpcHandlerInterfaceTest.php" line="362" class="JTD\LaravelMCP\Tests\Unit\Protocol\Contracts\JsonRpcHandlerInterfaceTest" classname="JTD.LaravelMCP.Tests.Unit.Protocol.Contracts.JsonRpcHandlerInterfaceTest" assertions="2" time="0.004504"/>
        <testcase name="test_is_request_valid" file="/home/jeremyfall/Internal/JTD-Packages/laravel-mcp.git/main/tests/Unit/Protocol/Contracts/JsonRpcHandlerInterfaceTest.php" line="380" class="JTD\LaravelMCP\Tests\Unit\Protocol\Contracts\JsonRpcHandlerInterfaceTest" classname="JTD.LaravelMCP.Tests.Unit.Protocol.Contracts.JsonRpcHandlerInterfaceTest" assertions="2" time="0.004573"/>
        <testcase name="test_is_request_with_notification" file="/home/jeremyfall/Internal/JTD-Packages/laravel-mcp.git/main/tests/Unit/Protocol/Contracts/JsonRpcHandlerInterfaceTest.php" line="400" class="JTD\LaravelMCP\Tests\Unit\Protocol\Contracts\JsonRpcHandlerInterfaceTest" classname="JTD.LaravelMCP.Tests.Unit.Protocol.Contracts.JsonRpcHandlerInterfaceTest" assertions="2" time="0.004625"/>
        <testcase name="test_is_notification_valid" file="/home/jeremyfall/Internal/JTD-Packages/laravel-mcp.git/main/tests/Unit/Protocol/Contracts/JsonRpcHandlerInterfaceTest.php" line="420" class="JTD\LaravelMCP\Tests\Unit\Protocol\Contracts\JsonRpcHandlerInterfaceTest" classname="JTD.LaravelMCP.Tests.Unit.Protocol.Contracts.JsonRpcHandlerInterfaceTest" assertions="2" time="0.004729"/>
        <testcase name="test_is_notification_with_request" file="/home/jeremyfall/Internal/JTD-Packages/laravel-mcp.git/main/tests/Unit/Protocol/Contracts/JsonRpcHandlerInterfaceTest.php" line="440" class="JTD\LaravelMCP\Tests\Unit\Protocol\Contracts\JsonRpcHandlerInterfaceTest" classname="JTD.LaravelMCP.Tests.Unit.Protocol.Contracts.JsonRpcHandlerInterfaceTest" assertions="2" time="0.004548"/>
        <testcase name="test_is_response_success" file="/home/jeremyfall/Internal/JTD-Packages/laravel-mcp.git/main/tests/Unit/Protocol/Contracts/JsonRpcHandlerInterfaceTest.php" line="460" class="JTD\LaravelMCP\Tests\Unit\Protocol\Contracts\JsonRpcHandlerInterfaceTest" classname="JTD.LaravelMCP.Tests.Unit.Protocol.Contracts.JsonRpcHandlerInterfaceTest" assertions="2" time="0.004600"/>
        <testcase name="test_is_response_error" file="/home/jeremyfall/Internal/JTD-Packages/laravel-mcp.git/main/tests/Unit/Protocol/Contracts/JsonRpcHandlerInterfaceTest.php" line="480" class="JTD\LaravelMCP\Tests\Unit\Protocol\Contracts\JsonRpcHandlerInterfaceTest" classname="JTD.LaravelMCP.Tests.Unit.Protocol.Contracts.JsonRpcHandlerInterfaceTest" assertions="2" time="0.004493"/>
        <testcase name="test_is_response_with_request" file="/home/jeremyfall/Internal/JTD-Packages/laravel-mcp.git/main/tests/Unit/Protocol/Contracts/JsonRpcHandlerInterfaceTest.php" line="503" class="JTD\LaravelMCP\Tests\Unit\Protocol\Contracts\JsonRpcHandlerInterfaceTest" classname="JTD.LaravelMCP.Tests.Unit.Protocol.Contracts.JsonRpcHandlerInterfaceTest" assertions="2" time="0.004655"/>
        <testcase name="test_create_request_without_params" file="/home/jeremyfall/Internal/JTD-Packages/laravel-mcp.git/main/tests/Unit/Protocol/Contracts/JsonRpcHandlerInterfaceTest.php" line="171" class="JTD\LaravelMCP\Tests\Unit\Protocol\Contracts\JsonRpcHandlerInterfaceTest" classname="JTD.LaravelMCP.Tests.Unit.Protocol.Contracts.JsonRpcHandlerInterfaceTest" assertions="2" time="0.004710"/>
        <testcase name="test_create_request_with_params" file="/home/jeremyfall/Internal/JTD-Packages/laravel-mcp.git/main/tests/Unit/Protocol/Contracts/JsonRpcHandlerInterfaceTest.php" line="193" class="JTD\LaravelMCP\Tests\Unit\Protocol\Contracts\JsonRpcHandlerInterfaceTest" classname="JTD.LaravelMCP.Tests.Unit.Protocol.Contracts.JsonRpcHandlerInterfaceTest" assertions="2" time="0.004742"/>
        <testcase name="test_create_error_response_without_data" file="/home/jeremyfall/Internal/JTD-Packages/laravel-mcp.git/main/tests/Unit/Protocol/Contracts/JsonRpcHandlerInterfaceTest.php" line="264" class="JTD\LaravelMCP\Tests\Unit\Protocol\Contracts\JsonRpcHandlerInterfaceTest" classname="JTD.LaravelMCP.Tests.Unit.Protocol.Contracts.JsonRpcHandlerInterfaceTest" assertions="2" time="0.004727"/>
        <testcase name="test_create_error_response_for_notification" file="/home/jeremyfall/Internal/JTD-Packages/laravel-mcp.git/main/tests/Unit/Protocol/Contracts/JsonRpcHandlerInterfaceTest.php" line="317" class="JTD\LaravelMCP\Tests\Unit\Protocol\Contracts\JsonRpcHandlerInterfaceTest" classname="JTD.LaravelMCP.Tests.Unit.Protocol.Contracts.JsonRpcHandlerInterfaceTest" assertions="2" time="0.004746"/>
        <testcase name="test_handle_batch_request" file="/home/jeremyfall/Internal/JTD-Packages/laravel-mcp.git/main/tests/Unit/Protocol/Contracts/JsonRpcHandlerInterfaceTest.php" line="523" class="JTD\LaravelMCP\Tests\Unit\Protocol\Contracts\JsonRpcHandlerInterfaceTest" classname="JTD.LaravelMCP.Tests.Unit.Protocol.Contracts.JsonRpcHandlerInterfaceTest" assertions="2" time="0.004905"/>
        <testcase name="test_json_rpc_error_codes" file="/home/jeremyfall/Internal/JTD-Packages/laravel-mcp.git/main/tests/Unit/Protocol/Contracts/JsonRpcHandlerInterfaceTest.php" line="551" class="JTD\LaravelMCP\Tests\Unit\Protocol\Contracts\JsonRpcHandlerInterfaceTest" classname="JTD.LaravelMCP.Tests.Unit.Protocol.Contracts.JsonRpcHandlerInterfaceTest" assertions="43" time="0.005252"/>
      </testsuite>
      <testsuite name="JTD\LaravelMCP\Tests\Unit\Protocol\Contracts\ProtocolHandlerInterfaceTest" file="/home/jeremyfall/Internal/JTD-Packages/laravel-mcp.git/main/tests/Unit/Protocol/Contracts/ProtocolHandlerInterfaceTest.php" tests="23" assertions="62" errors="0" failures="0" skipped="0" time="0.107415">
        <testcase name="test_initialize_with_capabilities" file="/home/jeremyfall/Internal/JTD-Packages/laravel-mcp.git/main/tests/Unit/Protocol/Contracts/ProtocolHandlerInterfaceTest.php" line="30" class="JTD\LaravelMCP\Tests\Unit\Protocol\Contracts\ProtocolHandlerInterfaceTest" classname="JTD.LaravelMCP.Tests.Unit.Protocol.Contracts.ProtocolHandlerInterfaceTest" assertions="1" time="0.004260"/>
        <testcase name="test_initialize_with_empty_capabilities" file="/home/jeremyfall/Internal/JTD-Packages/laravel-mcp.git/main/tests/Unit/Protocol/Contracts/ProtocolHandlerInterfaceTest.php" line="50" class="JTD\LaravelMCP\Tests\Unit\Protocol\Contracts\ProtocolHandlerInterfaceTest" classname="JTD.LaravelMCP.Tests.Unit.Protocol.Contracts.ProtocolHandlerInterfaceTest" assertions="1" time="0.004451"/>
        <testcase name="test_handle_initialize" file="/home/jeremyfall/Internal/JTD-Packages/laravel-mcp.git/main/tests/Unit/Protocol/Contracts/ProtocolHandlerInterfaceTest.php" line="63" class="JTD\LaravelMCP\Tests\Unit\Protocol\Contracts\ProtocolHandlerInterfaceTest" classname="JTD.LaravelMCP.Tests.Unit.Protocol.Contracts.ProtocolHandlerInterfaceTest" assertions="2" time="0.004597"/>
        <testcase name="test_handle_initialized" file="/home/jeremyfall/Internal/JTD-Packages/laravel-mcp.git/main/tests/Unit/Protocol/Contracts/ProtocolHandlerInterfaceTest.php" line="104" class="JTD\LaravelMCP\Tests\Unit\Protocol\Contracts\ProtocolHandlerInterfaceTest" classname="JTD.LaravelMCP.Tests.Unit.Protocol.Contracts.ProtocolHandlerInterfaceTest" assertions="1" time="0.004367"/>
        <testcase name="test_handle_ping" file="/home/jeremyfall/Internal/JTD-Packages/laravel-mcp.git/main/tests/Unit/Protocol/Contracts/ProtocolHandlerInterfaceTest.php" line="116" class="JTD\LaravelMCP\Tests\Unit\Protocol\Contracts\ProtocolHandlerInterfaceTest" classname="JTD.LaravelMCP.Tests.Unit.Protocol.Contracts.ProtocolHandlerInterfaceTest" assertions="2" time="0.004534"/>
        <testcase name="test_handle_tools_list_with_filters" file="/home/jeremyfall/Internal/JTD-Packages/laravel-mcp.git/main/tests/Unit/Protocol/Contracts/ProtocolHandlerInterfaceTest.php" line="162" class="JTD\LaravelMCP\Tests\Unit\Protocol\Contracts\ProtocolHandlerInterfaceTest" classname="JTD.LaravelMCP.Tests.Unit.Protocol.Contracts.ProtocolHandlerInterfaceTest" assertions="2" time="0.004558"/>
        <testcase name="test_handle_tools_call" file="/home/jeremyfall/Internal/JTD-Packages/laravel-mcp.git/main/tests/Unit/Protocol/Contracts/ProtocolHandlerInterfaceTest.php" line="188" class="JTD\LaravelMCP\Tests\Unit\Protocol\Contracts\ProtocolHandlerInterfaceTest" classname="JTD.LaravelMCP.Tests.Unit.Protocol.Contracts.ProtocolHandlerInterfaceTest" assertions="2" time="0.004542"/>
        <testcase name="test_handle_resources_list_without_params" file="/home/jeremyfall/Internal/JTD-Packages/laravel-mcp.git/main/tests/Unit/Protocol/Contracts/ProtocolHandlerInterfaceTest.php" line="222" class="JTD\LaravelMCP\Tests\Unit\Protocol\Contracts\ProtocolHandlerInterfaceTest" classname="JTD.LaravelMCP.Tests.Unit.Protocol.Contracts.ProtocolHandlerInterfaceTest" assertions="2" time="0.004638"/>
        <testcase name="test_handle_resources_read" file="/home/jeremyfall/Internal/JTD-Packages/laravel-mcp.git/main/tests/Unit/Protocol/Contracts/ProtocolHandlerInterfaceTest.php" line="249" class="JTD\LaravelMCP\Tests\Unit\Protocol\Contracts\ProtocolHandlerInterfaceTest" classname="JTD.LaravelMCP.Tests.Unit.Protocol.Contracts.ProtocolHandlerInterfaceTest" assertions="2" time="0.004600"/>
        <testcase name="test_handle_resources_subscribe" file="/home/jeremyfall/Internal/JTD-Packages/laravel-mcp.git/main/tests/Unit/Protocol/Contracts/ProtocolHandlerInterfaceTest.php" line="279" class="JTD\LaravelMCP\Tests\Unit\Protocol\Contracts\ProtocolHandlerInterfaceTest" classname="JTD.LaravelMCP.Tests.Unit.Protocol.Contracts.ProtocolHandlerInterfaceTest" assertions="2" time="0.004459"/>
        <testcase name="test_handle_resources_unsubscribe" file="/home/jeremyfall/Internal/JTD-Packages/laravel-mcp.git/main/tests/Unit/Protocol/Contracts/ProtocolHandlerInterfaceTest.php" line="303" class="JTD\LaravelMCP\Tests\Unit\Protocol\Contracts\ProtocolHandlerInterfaceTest" classname="JTD.LaravelMCP.Tests.Unit.Protocol.Contracts.ProtocolHandlerInterfaceTest" assertions="2" time="0.004635"/>
        <testcase name="test_handle_prompts_get" file="/home/jeremyfall/Internal/JTD-Packages/laravel-mcp.git/main/tests/Unit/Protocol/Contracts/ProtocolHandlerInterfaceTest.php" line="358" class="JTD\LaravelMCP\Tests\Unit\Protocol\Contracts\ProtocolHandlerInterfaceTest" classname="JTD.LaravelMCP.Tests.Unit.Protocol.Contracts.ProtocolHandlerInterfaceTest" assertions="2" time="0.004671"/>
        <testcase name="test_get_capabilities" file="/home/jeremyfall/Internal/JTD-Packages/laravel-mcp.git/main/tests/Unit/Protocol/Contracts/ProtocolHandlerInterfaceTest.php" line="417" class="JTD\LaravelMCP\Tests\Unit\Protocol\Contracts\ProtocolHandlerInterfaceTest" classname="JTD.LaravelMCP.Tests.Unit.Protocol.Contracts.ProtocolHandlerInterfaceTest" assertions="2" time="0.004584"/>
        <testcase name="test_get_server_info" file="/home/jeremyfall/Internal/JTD-Packages/laravel-mcp.git/main/tests/Unit/Protocol/Contracts/ProtocolHandlerInterfaceTest.php" line="440" class="JTD\LaravelMCP\Tests\Unit\Protocol\Contracts\ProtocolHandlerInterfaceTest" classname="JTD.LaravelMCP.Tests.Unit.Protocol.Contracts.ProtocolHandlerInterfaceTest" assertions="2" time="0.004777"/>
        <testcase name="test_can_handle_method_supported" file="/home/jeremyfall/Internal/JTD-Packages/laravel-mcp.git/main/tests/Unit/Protocol/Contracts/ProtocolHandlerInterfaceTest.php" line="461" class="JTD\LaravelMCP\Tests\Unit\Protocol\Contracts\ProtocolHandlerInterfaceTest" classname="JTD.LaravelMCP.Tests.Unit.Protocol.Contracts.ProtocolHandlerInterfaceTest" assertions="2" time="0.004621"/>
        <testcase name="test_unsupported_capabilities" file="/home/jeremyfall/Internal/JTD-Packages/laravel-mcp.git/main/tests/Unit/Protocol/Contracts/ProtocolHandlerInterfaceTest.php" line="590" class="JTD\LaravelMCP\Tests\Unit\Protocol\Contracts\ProtocolHandlerInterfaceTest" classname="JTD.LaravelMCP.Tests.Unit.Protocol.Contracts.ProtocolHandlerInterfaceTest" assertions="2" time="0.004902"/>
        <testcase name="test_handle_tools_list_without_params" file="/home/jeremyfall/Internal/JTD-Packages/laravel-mcp.git/main/tests/Unit/Protocol/Contracts/ProtocolHandlerInterfaceTest.php" line="133" class="JTD\LaravelMCP\Tests\Unit\Protocol\Contracts\ProtocolHandlerInterfaceTest" classname="JTD.LaravelMCP.Tests.Unit.Protocol.Contracts.ProtocolHandlerInterfaceTest" assertions="2" time="0.004860"/>
        <testcase name="test_handle_prompts_list_without_params" file="/home/jeremyfall/Internal/JTD-Packages/laravel-mcp.git/main/tests/Unit/Protocol/Contracts/ProtocolHandlerInterfaceTest.php" line="327" class="JTD\LaravelMCP\Tests\Unit\Protocol\Contracts\ProtocolHandlerInterfaceTest" classname="JTD.LaravelMCP.Tests.Unit.Protocol.Contracts.ProtocolHandlerInterfaceTest" assertions="2" time="0.004766"/>
        <testcase name="test_handle_logging_set_level" file="/home/jeremyfall/Internal/JTD-Packages/laravel-mcp.git/main/tests/Unit/Protocol/Contracts/ProtocolHandlerInterfaceTest.php" line="393" class="JTD\LaravelMCP\Tests\Unit\Protocol\Contracts\ProtocolHandlerInterfaceTest" classname="JTD.LaravelMCP.Tests.Unit.Protocol.Contracts.ProtocolHandlerInterfaceTest" assertions="2" time="0.004800"/>
        <testcase name="test_can_handle_method_unsupported" file="/home/jeremyfall/Internal/JTD-Packages/laravel-mcp.git/main/tests/Unit/Protocol/Contracts/ProtocolHandlerInterfaceTest.php" line="475" class="JTD\LaravelMCP\Tests\Unit\Protocol\Contracts\ProtocolHandlerInterfaceTest" classname="JTD.LaravelMCP.Tests.Unit.Protocol.Contracts.ProtocolHandlerInterfaceTest" assertions="2" time="0.004743"/>
        <testcase name="test_get_supported_methods" file="/home/jeremyfall/Internal/JTD-Packages/laravel-mcp.git/main/tests/Unit/Protocol/Contracts/ProtocolHandlerInterfaceTest.php" line="489" class="JTD\LaravelMCP\Tests\Unit\Protocol\Contracts\ProtocolHandlerInterfaceTest" classname="JTD.LaravelMCP.Tests.Unit.Protocol.Contracts.ProtocolHandlerInterfaceTest" assertions="2" time="0.005090"/>
        <testcase name="test_full_initialization_sequence" file="/home/jeremyfall/Internal/JTD-Packages/laravel-mcp.git/main/tests/Unit/Protocol/Contracts/ProtocolHandlerInterfaceTest.php" line="519" class="JTD\LaravelMCP\Tests\Unit\Protocol\Contracts\ProtocolHandlerInterfaceTest" classname="JTD.LaravelMCP.Tests.Unit.Protocol.Contracts.ProtocolHandlerInterfaceTest" assertions="2" time="0.004992"/>
        <testcase name="test_handle_all_mcp_methods" file="/home/jeremyfall/Internal/JTD-Packages/laravel-mcp.git/main/tests/Unit/Protocol/Contracts/ProtocolHandlerInterfaceTest.php" line="553" class="JTD\LaravelMCP\Tests\Unit\Protocol\Contracts\ProtocolHandlerInterfaceTest" classname="JTD.LaravelMCP.Tests.Unit.Protocol.Contracts.ProtocolHandlerInterfaceTest" assertions="21" time="0.004969"/>
      </testsuite>
      <testsuite name="JTD\LaravelMCP\Tests\Unit\Protocol\MessageProcessorTest" file="/home/jeremyfall/Internal/JTD-Packages/laravel-mcp.git/main/tests/Unit/Protocol/MessageProcessorTest.php" tests="20" assertions="38" errors="0" failures="0" skipped="0" time="0.097416">
        <testcase name="can_handle_returns_true_for_valid_json_rpc_messages" file="/home/jeremyfall/Internal/JTD-Packages/laravel-mcp.git/main/tests/Unit/Protocol/MessageProcessorTest.php" line="114" class="JTD\LaravelMCP\Tests\Unit\Protocol\MessageProcessorTest" classname="JTD.LaravelMCP.Tests.Unit.Protocol.MessageProcessorTest" assertions="1" time="0.004657"/>
        <testcase name="can_handle_returns_false_for_invalid_messages" file="/home/jeremyfall/Internal/JTD-Packages/laravel-mcp.git/main/tests/Unit/Protocol/MessageProcessorTest.php" line="128" class="JTD\LaravelMCP\Tests\Unit\Protocol\MessageProcessorTest" classname="JTD.LaravelMCP.Tests.Unit.Protocol.MessageProcessorTest" assertions="1" time="0.004678"/>
        <testcase name="handle_processes_valid_requests" file="/home/jeremyfall/Internal/JTD-Packages/laravel-mcp.git/main/tests/Unit/Protocol/MessageProcessorTest.php" line="165" class="JTD\LaravelMCP\Tests\Unit\Protocol\MessageProcessorTest" classname="JTD.LaravelMCP.Tests.Unit.Protocol.MessageProcessorTest" assertions="1" time="0.004607"/>
        <testcase name="handle_processes_responses_without_response" file="/home/jeremyfall/Internal/JTD-Packages/laravel-mcp.git/main/tests/Unit/Protocol/MessageProcessorTest.php" line="227" class="JTD\LaravelMCP\Tests\Unit\Protocol\MessageProcessorTest" classname="JTD.LaravelMCP.Tests.Unit.Protocol.MessageProcessorTest" assertions="1" time="0.004804"/>
        <testcase name="on_connect_logs_transport_connection" file="/home/jeremyfall/Internal/JTD-Packages/laravel-mcp.git/main/tests/Unit/Protocol/MessageProcessorTest.php" line="351" class="JTD\LaravelMCP\Tests\Unit\Protocol\MessageProcessorTest" classname="JTD.LaravelMCP.Tests.Unit.Protocol.MessageProcessorTest" assertions="0" time="0.004833"/>
        <testcase name="set_server_info_updates_server_information" file="/home/jeremyfall/Internal/JTD-Packages/laravel-mcp.git/main/tests/Unit/Protocol/MessageProcessorTest.php" line="381" class="JTD\LaravelMCP\Tests\Unit\Protocol\MessageProcessorTest" classname="JTD.LaravelMCP.Tests.Unit.Protocol.MessageProcessorTest" assertions="3" time="0.004620"/>
        <testcase name="constructor_initializes_handlers_and_capabilities" file="/home/jeremyfall/Internal/JTD-Packages/laravel-mcp.git/main/tests/Unit/Protocol/MessageProcessorTest.php" line="85" class="JTD\LaravelMCP\Tests\Unit\Protocol\MessageProcessorTest" classname="JTD.LaravelMCP.Tests.Unit.Protocol.MessageProcessorTest" assertions="4" time="0.004578"/>
        <testcase name="get_supported_message_types_returns_expected_methods" file="/home/jeremyfall/Internal/JTD-Packages/laravel-mcp.git/main/tests/Unit/Protocol/MessageProcessorTest.php" line="95" class="JTD\LaravelMCP\Tests\Unit\Protocol\MessageProcessorTest" classname="JTD.LaravelMCP.Tests.Unit.Protocol.MessageProcessorTest" assertions="1" time="0.004641"/>
        <testcase name="handle_returns_error_for_invalid_json_rpc_messages" file="/home/jeremyfall/Internal/JTD-Packages/laravel-mcp.git/main/tests/Unit/Protocol/MessageProcessorTest.php" line="142" class="JTD\LaravelMCP\Tests\Unit\Protocol\MessageProcessorTest" classname="JTD.LaravelMCP.Tests.Unit.Protocol.MessageProcessorTest" assertions="2" time="0.005051"/>
        <testcase name="handle_processes_notifications_without_response" file="/home/jeremyfall/Internal/JTD-Packages/laravel-mcp.git/main/tests/Unit/Protocol/MessageProcessorTest.php" line="194" class="JTD\LaravelMCP\Tests\Unit\Protocol\MessageProcessorTest" classname="JTD.LaravelMCP.Tests.Unit.Protocol.MessageProcessorTest" assertions="1" time="0.004665"/>
        <testcase name="handle_returns_error_for_unrecognized_message_types" file="/home/jeremyfall/Internal/JTD-Packages/laravel-mcp.git/main/tests/Unit/Protocol/MessageProcessorTest.php" line="266" class="JTD\LaravelMCP\Tests\Unit\Protocol\MessageProcessorTest" classname="JTD.LaravelMCP.Tests.Unit.Protocol.MessageProcessorTest" assertions="2" time="0.004753"/>
        <testcase name="handle_catches_and_handles_exceptions" file="/home/jeremyfall/Internal/JTD-Packages/laravel-mcp.git/main/tests/Unit/Protocol/MessageProcessorTest.php" line="307" class="JTD\LaravelMCP\Tests\Unit\Protocol\MessageProcessorTest" classname="JTD.LaravelMCP.Tests.Unit.Protocol.MessageProcessorTest" assertions="2" time="0.005065"/>
        <testcase name="handle_error_logs_transport_errors" file="/home/jeremyfall/Internal/JTD-Packages/laravel-mcp.git/main/tests/Unit/Protocol/MessageProcessorTest.php" line="336" class="JTD\LaravelMCP\Tests\Unit\Protocol\MessageProcessorTest" classname="JTD.LaravelMCP.Tests.Unit.Protocol.MessageProcessorTest" assertions="0" time="0.004864"/>
        <testcase name="get_server_info_returns_current_information" file="/home/jeremyfall/Internal/JTD-Packages/laravel-mcp.git/main/tests/Unit/Protocol/MessageProcessorTest.php" line="394" class="JTD\LaravelMCP\Tests\Unit\Protocol\MessageProcessorTest" classname="JTD.LaravelMCP.Tests.Unit.Protocol.MessageProcessorTest" assertions="4" time="0.004791"/>
        <testcase name="initialization_workflow_works_correctly" file="/home/jeremyfall/Internal/JTD-Packages/laravel-mcp.git/main/tests/Unit/Protocol/MessageProcessorTest.php" line="405" class="JTD\LaravelMCP\Tests\Unit\Protocol\MessageProcessorTest" classname="JTD.LaravelMCP.Tests.Unit.Protocol.MessageProcessorTest" assertions="2" time="0.005062"/>
        <testcase name="tools_list_handler_integration_works" file="/home/jeremyfall/Internal/JTD-Packages/laravel-mcp.git/main/tests/Unit/Protocol/MessageProcessorTest.php" line="446" class="JTD\LaravelMCP\Tests\Unit\Protocol\MessageProcessorTest" classname="JTD.LaravelMCP.Tests.Unit.Protocol.MessageProcessorTest" assertions="2" time="0.005165"/>
        <testcase name="resources_list_handler_integration_works" file="/home/jeremyfall/Internal/JTD-Packages/laravel-mcp.git/main/tests/Unit/Protocol/MessageProcessorTest.php" line="467" class="JTD\LaravelMCP\Tests\Unit\Protocol\MessageProcessorTest" classname="JTD.LaravelMCP.Tests.Unit.Protocol.MessageProcessorTest" assertions="2" time="0.005065"/>
        <testcase name="prompts_list_handler_integration_works" file="/home/jeremyfall/Internal/JTD-Packages/laravel-mcp.git/main/tests/Unit/Protocol/MessageProcessorTest.php" line="487" class="JTD\LaravelMCP\Tests\Unit\Protocol\MessageProcessorTest" classname="JTD.LaravelMCP.Tests.Unit.Protocol.MessageProcessorTest" assertions="2" time="0.005048"/>
        <testcase name="handler_methods_check_initialization_status" file="/home/jeremyfall/Internal/JTD-Packages/laravel-mcp.git/main/tests/Unit/Protocol/MessageProcessorTest.php" line="507" class="JTD\LaravelMCP\Tests\Unit\Protocol\MessageProcessorTest" classname="JTD.LaravelMCP.Tests.Unit.Protocol.MessageProcessorTest" assertions="3" time="0.005094"/>
        <testcase name="on_disconnect_resets_initialization_state" file="/home/jeremyfall/Internal/JTD-Packages/laravel-mcp.git/main/tests/Unit/Protocol/MessageProcessorTest.php" line="365" class="JTD\LaravelMCP\Tests\Unit\Protocol\MessageProcessorTest" classname="JTD.LaravelMCP.Tests.Unit.Protocol.MessageProcessorTest" assertions="4" time="0.005375"/>
      </testsuite>
      <testsuite name="JTD\LaravelMCP\Tests\Unit\Registry\Contracts\DiscoveryInterfaceTest" file="/home/jeremyfall/Internal/JTD-Packages/laravel-mcp.git/main/tests/Unit/Registry/Contracts/DiscoveryInterfaceTest.php" tests="23" assertions="55" errors="0" failures="0" skipped="0" time="0.113054">
        <testcase name="test_discover_type_for_tools" file="/home/jeremyfall/Internal/JTD-Packages/laravel-mcp.git/main/tests/Unit/Registry/Contracts/DiscoveryInterfaceTest.php" line="91" class="JTD\LaravelMCP\Tests\Unit\Registry\Contracts\DiscoveryInterfaceTest" classname="JTD.LaravelMCP.Tests.Unit.Registry.Contracts.DiscoveryInterfaceTest" assertions="2" time="0.004675"/>
        <testcase name="test_discover_type_for_resources" file="/home/jeremyfall/Internal/JTD-Packages/laravel-mcp.git/main/tests/Unit/Registry/Contracts/DiscoveryInterfaceTest.php" line="120" class="JTD\LaravelMCP\Tests\Unit\Registry\Contracts\DiscoveryInterfaceTest" classname="JTD.LaravelMCP.Tests.Unit.Registry.Contracts.DiscoveryInterfaceTest" assertions="2" time="0.004350"/>
        <testcase name="test_discover_type_for_prompts" file="/home/jeremyfall/Internal/JTD-Packages/laravel-mcp.git/main/tests/Unit/Registry/Contracts/DiscoveryInterfaceTest.php" line="145" class="JTD\LaravelMCP\Tests\Unit\Registry\Contracts\DiscoveryInterfaceTest" classname="JTD.LaravelMCP.Tests.Unit.Registry.Contracts.DiscoveryInterfaceTest" assertions="2" time="0.004388"/>
        <testcase name="test_is_valid_component_with_valid_file" file="/home/jeremyfall/Internal/JTD-Packages/laravel-mcp.git/main/tests/Unit/Registry/Contracts/DiscoveryInterfaceTest.php" line="170" class="JTD\LaravelMCP\Tests\Unit\Registry\Contracts\DiscoveryInterfaceTest" classname="JTD.LaravelMCP.Tests.Unit.Registry.Contracts.DiscoveryInterfaceTest" assertions="2" time="0.004493"/>
        <testcase name="test_is_valid_component_with_invalid_file" file="/home/jeremyfall/Internal/JTD-Packages/laravel-mcp.git/main/tests/Unit/Registry/Contracts/DiscoveryInterfaceTest.php" line="187" class="JTD\LaravelMCP\Tests\Unit\Registry\Contracts\DiscoveryInterfaceTest" classname="JTD.LaravelMCP.Tests.Unit.Registry.Contracts.DiscoveryInterfaceTest" assertions="2" time="0.004454"/>
        <testcase name="test_is_valid_component_with_wrong_type" file="/home/jeremyfall/Internal/JTD-Packages/laravel-mcp.git/main/tests/Unit/Registry/Contracts/DiscoveryInterfaceTest.php" line="204" class="JTD\LaravelMCP\Tests\Unit\Registry\Contracts\DiscoveryInterfaceTest" classname="JTD.LaravelMCP.Tests.Unit.Registry.Contracts.DiscoveryInterfaceTest" assertions="2" time="0.004526"/>
        <testcase name="test_extract_metadata_from_file" file="/home/jeremyfall/Internal/JTD-Packages/laravel-mcp.git/main/tests/Unit/Registry/Contracts/DiscoveryInterfaceTest.php" line="221" class="JTD\LaravelMCP\Tests\Unit\Registry\Contracts\DiscoveryInterfaceTest" classname="JTD.LaravelMCP.Tests.Unit.Registry.Contracts.DiscoveryInterfaceTest" assertions="2" time="0.004629"/>
        <testcase name="test_extract_metadata_returns_empty_for_invalid" file="/home/jeremyfall/Internal/JTD-Packages/laravel-mcp.git/main/tests/Unit/Registry/Contracts/DiscoveryInterfaceTest.php" line="253" class="JTD\LaravelMCP\Tests\Unit\Registry\Contracts\DiscoveryInterfaceTest" classname="JTD.LaravelMCP.Tests.Unit.Registry.Contracts.DiscoveryInterfaceTest" assertions="2" time="0.004411"/>
        <testcase name="test_get_class_from_file_valid" file="/home/jeremyfall/Internal/JTD-Packages/laravel-mcp.git/main/tests/Unit/Registry/Contracts/DiscoveryInterfaceTest.php" line="271" class="JTD\LaravelMCP\Tests\Unit\Registry\Contracts\DiscoveryInterfaceTest" classname="JTD.LaravelMCP.Tests.Unit.Registry.Contracts.DiscoveryInterfaceTest" assertions="2" time="0.004648"/>
        <testcase name="test_is_valid_component_class_valid_tool" file="/home/jeremyfall/Internal/JTD-Packages/laravel-mcp.git/main/tests/Unit/Registry/Contracts/DiscoveryInterfaceTest.php" line="308" class="JTD\LaravelMCP\Tests\Unit\Registry\Contracts\DiscoveryInterfaceTest" classname="JTD.LaravelMCP.Tests.Unit.Registry.Contracts.DiscoveryInterfaceTest" assertions="2" time="0.004437"/>
        <testcase name="test_is_valid_component_class_invalid" file="/home/jeremyfall/Internal/JTD-Packages/laravel-mcp.git/main/tests/Unit/Registry/Contracts/DiscoveryInterfaceTest.php" line="325" class="JTD\LaravelMCP\Tests\Unit\Registry\Contracts\DiscoveryInterfaceTest" classname="JTD.LaravelMCP.Tests.Unit.Registry.Contracts.DiscoveryInterfaceTest" assertions="2" time="0.004819"/>
        <testcase name="test_get_supported_types" file="/home/jeremyfall/Internal/JTD-Packages/laravel-mcp.git/main/tests/Unit/Registry/Contracts/DiscoveryInterfaceTest.php" line="342" class="JTD\LaravelMCP\Tests\Unit\Registry\Contracts\DiscoveryInterfaceTest" classname="JTD.LaravelMCP.Tests.Unit.Registry.Contracts.DiscoveryInterfaceTest" assertions="2" time="0.004625"/>
        <testcase name="test_get_config" file="/home/jeremyfall/Internal/JTD-Packages/laravel-mcp.git/main/tests/Unit/Registry/Contracts/DiscoveryInterfaceTest.php" line="378" class="JTD\LaravelMCP\Tests\Unit\Registry\Contracts\DiscoveryInterfaceTest" classname="JTD.LaravelMCP.Tests.Unit.Registry.Contracts.DiscoveryInterfaceTest" assertions="2" time="0.004824"/>
        <testcase name="test_add_filter" file="/home/jeremyfall/Internal/JTD-Packages/laravel-mcp.git/main/tests/Unit/Registry/Contracts/DiscoveryInterfaceTest.php" line="399" class="JTD\LaravelMCP\Tests\Unit\Registry\Contracts\DiscoveryInterfaceTest" classname="JTD.LaravelMCP.Tests.Unit.Registry.Contracts.DiscoveryInterfaceTest" assertions="1" time="0.004553"/>
        <testcase name="test_get_filters" file="/home/jeremyfall/Internal/JTD-Packages/laravel-mcp.git/main/tests/Unit/Registry/Contracts/DiscoveryInterfaceTest.php" line="416" class="JTD\LaravelMCP\Tests\Unit\Registry\Contracts\DiscoveryInterfaceTest" classname="JTD.LaravelMCP.Tests.Unit.Registry.Contracts.DiscoveryInterfaceTest" assertions="2" time="0.005117"/>
        <testcase name="test_full_discovery_workflow" file="/home/jeremyfall/Internal/JTD-Packages/laravel-mcp.git/main/tests/Unit/Registry/Contracts/DiscoveryInterfaceTest.php" line="440" class="JTD\LaravelMCP\Tests\Unit\Registry\Contracts\DiscoveryInterfaceTest" classname="JTD.LaravelMCP.Tests.Unit.Registry.Contracts.DiscoveryInterfaceTest" assertions="3" time="0.009543"/>
        <testcase name="test_discover_multiple_paths" file="/home/jeremyfall/Internal/JTD-Packages/laravel-mcp.git/main/tests/Unit/Registry/Contracts/DiscoveryInterfaceTest.php" line="482" class="JTD\LaravelMCP\Tests\Unit\Registry\Contracts\DiscoveryInterfaceTest" classname="JTD.LaravelMCP.Tests.Unit.Registry.Contracts.DiscoveryInterfaceTest" assertions="2" time="0.005066"/>
        <testcase name="test_discovery_with_filters" file="/home/jeremyfall/Internal/JTD-Packages/laravel-mcp.git/main/tests/Unit/Registry/Contracts/DiscoveryInterfaceTest.php" line="536" class="JTD\LaravelMCP\Tests\Unit\Registry\Contracts\DiscoveryInterfaceTest" classname="JTD.LaravelMCP.Tests.Unit.Registry.Contracts.DiscoveryInterfaceTest" assertions="4" time="0.004941"/>
        <testcase name="test_discover_components_in_paths" file="/home/jeremyfall/Internal/JTD-Packages/laravel-mcp.git/main/tests/Unit/Registry/Contracts/DiscoveryInterfaceTest.php" line="30" class="JTD\LaravelMCP\Tests\Unit\Registry\Contracts\DiscoveryInterfaceTest" classname="JTD.LaravelMCP.Tests.Unit.Registry.Contracts.DiscoveryInterfaceTest" assertions="2" time="0.005282"/>
        <testcase name="test_discover_returns_empty_when_no_components" file="/home/jeremyfall/Internal/JTD-Packages/laravel-mcp.git/main/tests/Unit/Registry/Contracts/DiscoveryInterfaceTest.php" line="73" class="JTD\LaravelMCP\Tests\Unit\Registry\Contracts\DiscoveryInterfaceTest" classname="JTD.LaravelMCP.Tests.Unit.Registry.Contracts.DiscoveryInterfaceTest" assertions="2" time="0.004789"/>
        <testcase name="test_get_class_from_file_no_class" file="/home/jeremyfall/Internal/JTD-Packages/laravel-mcp.git/main/tests/Unit/Registry/Contracts/DiscoveryInterfaceTest.php" line="290" class="JTD\LaravelMCP\Tests\Unit\Registry\Contracts\DiscoveryInterfaceTest" classname="JTD.LaravelMCP.Tests.Unit.Registry.Contracts.DiscoveryInterfaceTest" assertions="2" time="0.004691"/>
        <testcase name="test_validate_component_types" file="/home/jeremyfall/Internal/JTD-Packages/laravel-mcp.git/main/tests/Unit/Registry/Contracts/DiscoveryInterfaceTest.php" line="512" class="JTD\LaravelMCP\Tests\Unit\Registry\Contracts\DiscoveryInterfaceTest" classname="JTD.LaravelMCP.Tests.Unit.Registry.Contracts.DiscoveryInterfaceTest" assertions="10" time="0.005020"/>
        <testcase name="test_set_config" file="/home/jeremyfall/Internal/JTD-Packages/laravel-mcp.git/main/tests/Unit/Registry/Contracts/DiscoveryInterfaceTest.php" line="359" class="JTD\LaravelMCP\Tests\Unit\Registry\Contracts\DiscoveryInterfaceTest" classname="JTD.LaravelMCP.Tests.Unit.Registry.Contracts.DiscoveryInterfaceTest" assertions="1" time="0.004773"/>
      </testsuite>
      <testsuite name="JTD\LaravelMCP\Tests\Unit\Registry\Contracts\RegistryInterfaceTest" file="/home/jeremyfall/Internal/JTD-Packages/laravel-mcp.git/main/tests/Unit/Registry/Contracts/RegistryInterfaceTest.php" tests="25" assertions="66" errors="0" failures="0" skipped="0" time="0.125476">
        <testcase name="test_register_component_without_metadata" file="/home/jeremyfall/Internal/JTD-Packages/laravel-mcp.git/main/tests/Unit/Registry/Contracts/RegistryInterfaceTest.php" line="31" class="JTD\LaravelMCP\Tests\Unit\Registry\Contracts\RegistryInterfaceTest" classname="JTD.LaravelMCP.Tests.Unit.Registry.Contracts.RegistryInterfaceTest" assertions="1" time="0.004225"/>
        <testcase name="test_register_component_with_metadata" file="/home/jeremyfall/Internal/JTD-Packages/laravel-mcp.git/main/tests/Unit/Registry/Contracts/RegistryInterfaceTest.php" line="47" class="JTD\LaravelMCP\Tests\Unit\Registry\Contracts\RegistryInterfaceTest" classname="JTD.LaravelMCP.Tests.Unit.Registry.Contracts.RegistryInterfaceTest" assertions="1" time="0.004328"/>
        <testcase name="test_unregister_existing_component" file="/home/jeremyfall/Internal/JTD-Packages/laravel-mcp.git/main/tests/Unit/Registry/Contracts/RegistryInterfaceTest.php" line="67" class="JTD\LaravelMCP\Tests\Unit\Registry\Contracts\RegistryInterfaceTest" classname="JTD.LaravelMCP.Tests.Unit.Registry.Contracts.RegistryInterfaceTest" assertions="2" time="0.004452"/>
        <testcase name="test_unregister_non_existing_component" file="/home/jeremyfall/Internal/JTD-Packages/laravel-mcp.git/main/tests/Unit/Registry/Contracts/RegistryInterfaceTest.php" line="83" class="JTD\LaravelMCP\Tests\Unit\Registry\Contracts\RegistryInterfaceTest" classname="JTD.LaravelMCP.Tests.Unit.Registry.Contracts.RegistryInterfaceTest" assertions="2" time="0.004308"/>
        <testcase name="test_has_existing_component" file="/home/jeremyfall/Internal/JTD-Packages/laravel-mcp.git/main/tests/Unit/Registry/Contracts/RegistryInterfaceTest.php" line="99" class="JTD\LaravelMCP\Tests\Unit\Registry\Contracts\RegistryInterfaceTest" classname="JTD.LaravelMCP.Tests.Unit.Registry.Contracts.RegistryInterfaceTest" assertions="2" time="0.004273"/>
        <testcase name="test_has_non_existing_component" file="/home/jeremyfall/Internal/JTD-Packages/laravel-mcp.git/main/tests/Unit/Registry/Contracts/RegistryInterfaceTest.php" line="113" class="JTD\LaravelMCP\Tests\Unit\Registry\Contracts\RegistryInterfaceTest" classname="JTD.LaravelMCP.Tests.Unit.Registry.Contracts.RegistryInterfaceTest" assertions="2" time="0.004374"/>
        <testcase name="test_get_existing_component" file="/home/jeremyfall/Internal/JTD-Packages/laravel-mcp.git/main/tests/Unit/Registry/Contracts/RegistryInterfaceTest.php" line="127" class="JTD\LaravelMCP\Tests\Unit\Registry\Contracts\RegistryInterfaceTest" classname="JTD.LaravelMCP.Tests.Unit.Registry.Contracts.RegistryInterfaceTest" assertions="2" time="0.004392"/>
        <testcase name="test_get_non_existing_component_throws_exception" file="/home/jeremyfall/Internal/JTD-Packages/laravel-mcp.git/main/tests/Unit/Registry/Contracts/RegistryInterfaceTest.php" line="146" class="JTD\LaravelMCP\Tests\Unit\Registry\Contracts\RegistryInterfaceTest" classname="JTD.LaravelMCP.Tests.Unit.Registry.Contracts.RegistryInterfaceTest" assertions="3" time="0.004576"/>
        <testcase name="test_all_returns_all_components" file="/home/jeremyfall/Internal/JTD-Packages/laravel-mcp.git/main/tests/Unit/Registry/Contracts/RegistryInterfaceTest.php" line="163" class="JTD\LaravelMCP\Tests\Unit\Registry\Contracts\RegistryInterfaceTest" classname="JTD.LaravelMCP.Tests.Unit.Registry.Contracts.RegistryInterfaceTest" assertions="2" time="0.005133"/>
        <testcase name="test_all_returns_empty_array" file="/home/jeremyfall/Internal/JTD-Packages/laravel-mcp.git/main/tests/Unit/Registry/Contracts/RegistryInterfaceTest.php" line="184" class="JTD\LaravelMCP\Tests\Unit\Registry\Contracts\RegistryInterfaceTest" classname="JTD.LaravelMCP.Tests.Unit.Registry.Contracts.RegistryInterfaceTest" assertions="2" time="0.005118"/>
        <testcase name="test_names_returns_component_names" file="/home/jeremyfall/Internal/JTD-Packages/laravel-mcp.git/main/tests/Unit/Registry/Contracts/RegistryInterfaceTest.php" line="199" class="JTD\LaravelMCP\Tests\Unit\Registry\Contracts\RegistryInterfaceTest" classname="JTD.LaravelMCP.Tests.Unit.Registry.Contracts.RegistryInterfaceTest" assertions="2" time="0.005059"/>
        <testcase name="test_count_returns_component_count" file="/home/jeremyfall/Internal/JTD-Packages/laravel-mcp.git/main/tests/Unit/Registry/Contracts/RegistryInterfaceTest.php" line="216" class="JTD\LaravelMCP\Tests\Unit\Registry\Contracts\RegistryInterfaceTest" classname="JTD.LaravelMCP.Tests.Unit.Registry.Contracts.RegistryInterfaceTest" assertions="2" time="0.004848"/>
        <testcase name="test_count_returns_zero" file="/home/jeremyfall/Internal/JTD-Packages/laravel-mcp.git/main/tests/Unit/Registry/Contracts/RegistryInterfaceTest.php" line="231" class="JTD\LaravelMCP\Tests\Unit\Registry\Contracts\RegistryInterfaceTest" classname="JTD.LaravelMCP.Tests.Unit.Registry.Contracts.RegistryInterfaceTest" assertions="2" time="0.004797"/>
        <testcase name="test_clear_removes_all_components" file="/home/jeremyfall/Internal/JTD-Packages/laravel-mcp.git/main/tests/Unit/Registry/Contracts/RegistryInterfaceTest.php" line="246" class="JTD\LaravelMCP\Tests\Unit\Registry\Contracts\RegistryInterfaceTest" classname="JTD.LaravelMCP.Tests.Unit.Registry.Contracts.RegistryInterfaceTest" assertions="1" time="0.005250"/>
        <testcase name="test_get_metadata_returns_empty_array" file="/home/jeremyfall/Internal/JTD-Packages/laravel-mcp.git/main/tests/Unit/Registry/Contracts/RegistryInterfaceTest.php" line="280" class="JTD\LaravelMCP\Tests\Unit\Registry\Contracts\RegistryInterfaceTest" classname="JTD.LaravelMCP.Tests.Unit.Registry.Contracts.RegistryInterfaceTest" assertions="2" time="0.004627"/>
        <testcase name="test_filter_with_criteria" file="/home/jeremyfall/Internal/JTD-Packages/laravel-mcp.git/main/tests/Unit/Registry/Contracts/RegistryInterfaceTest.php" line="296" class="JTD\LaravelMCP\Tests\Unit\Registry\Contracts\RegistryInterfaceTest" classname="JTD.LaravelMCP.Tests.Unit.Registry.Contracts.RegistryInterfaceTest" assertions="2" time="0.005862"/>
        <testcase name="test_filter_returns_empty_when_no_matches" file="/home/jeremyfall/Internal/JTD-Packages/laravel-mcp.git/main/tests/Unit/Registry/Contracts/RegistryInterfaceTest.php" line="322" class="JTD\LaravelMCP\Tests\Unit\Registry\Contracts\RegistryInterfaceTest" classname="JTD.LaravelMCP.Tests.Unit.Registry.Contracts.RegistryInterfaceTest" assertions="2" time="0.004822"/>
        <testcase name="test_search_with_pattern" file="/home/jeremyfall/Internal/JTD-Packages/laravel-mcp.git/main/tests/Unit/Registry/Contracts/RegistryInterfaceTest.php" line="340" class="JTD\LaravelMCP\Tests\Unit\Registry\Contracts\RegistryInterfaceTest" classname="JTD.LaravelMCP.Tests.Unit.Registry.Contracts.RegistryInterfaceTest" assertions="2" time="0.005397"/>
        <testcase name="test_search_with_regex_pattern" file="/home/jeremyfall/Internal/JTD-Packages/laravel-mcp.git/main/tests/Unit/Registry/Contracts/RegistryInterfaceTest.php" line="363" class="JTD\LaravelMCP\Tests\Unit\Registry\Contracts\RegistryInterfaceTest" classname="JTD.LaravelMCP.Tests.Unit.Registry.Contracts.RegistryInterfaceTest" assertions="2" time="0.005660"/>
        <testcase name="test_get_type_returns_registry_type" file="/home/jeremyfall/Internal/JTD-Packages/laravel-mcp.git/main/tests/Unit/Registry/Contracts/RegistryInterfaceTest.php" line="386" class="JTD\LaravelMCP\Tests\Unit\Registry\Contracts\RegistryInterfaceTest" classname="JTD.LaravelMCP.Tests.Unit.Registry.Contracts.RegistryInterfaceTest" assertions="2" time="0.005483"/>
        <testcase name="test_registration_lifecycle" file="/home/jeremyfall/Internal/JTD-Packages/laravel-mcp.git/main/tests/Unit/Registry/Contracts/RegistryInterfaceTest.php" line="401" class="JTD\LaravelMCP\Tests\Unit\Registry\Contracts\RegistryInterfaceTest" classname="JTD.LaravelMCP.Tests.Unit.Registry.Contracts.RegistryInterfaceTest" assertions="5" time="0.005883"/>
        <testcase name="test_filter_multiple_criteria" file="/home/jeremyfall/Internal/JTD-Packages/laravel-mcp.git/main/tests/Unit/Registry/Contracts/RegistryInterfaceTest.php" line="504" class="JTD\LaravelMCP\Tests\Unit\Registry\Contracts\RegistryInterfaceTest" classname="JTD.LaravelMCP.Tests.Unit.Registry.Contracts.RegistryInterfaceTest" assertions="3" time="0.005231"/>
        <testcase name="test_registry_types" file="/home/jeremyfall/Internal/JTD-Packages/laravel-mcp.git/main/tests/Unit/Registry/Contracts/RegistryInterfaceTest.php" line="531" class="JTD\LaravelMCP\Tests\Unit\Registry\Contracts\RegistryInterfaceTest" classname="JTD.LaravelMCP.Tests.Unit.Registry.Contracts.RegistryInterfaceTest" assertions="6" time="0.005722"/>
        <testcase name="test_get_metadata_returns_metadata" file="/home/jeremyfall/Internal/JTD-Packages/laravel-mcp.git/main/tests/Unit/Registry/Contracts/RegistryInterfaceTest.php" line="258" class="JTD\LaravelMCP\Tests\Unit\Registry\Contracts\RegistryInterfaceTest" classname="JTD.LaravelMCP.Tests.Unit.Registry.Contracts.RegistryInterfaceTest" assertions="2" time="0.005548"/>
        <testcase name="test_multiple_component_operations" file="/home/jeremyfall/Internal/JTD-Packages/laravel-mcp.git/main/tests/Unit/Registry/Contracts/RegistryInterfaceTest.php" line="451" class="JTD\LaravelMCP\Tests\Unit\Registry\Contracts\RegistryInterfaceTest" classname="JTD.LaravelMCP.Tests.Unit.Registry.Contracts.RegistryInterfaceTest" assertions="12" time="0.006107"/>
      </testsuite>
      <testsuite name="JTD\LaravelMCP\Tests\Unit\Server\CapabilityManagerTest" file="/home/jeremyfall/Internal/JTD-Packages/laravel-mcp.git/main/tests/Unit/Server/CapabilityManagerTest.php" tests="20" assertions="62" errors="0" failures="0" skipped="0" time="0.104380">
        <testcase name="test_can_create_capability_manager_instance" file="/home/jeremyfall/Internal/JTD-Packages/laravel-mcp.git/main/tests/Unit/Server/CapabilityManagerTest.php" line="31" class="JTD\LaravelMCP\Tests\Unit\Server\CapabilityManagerTest" classname="JTD.LaravelMCP.Tests.Unit.Server.CapabilityManagerTest" assertions="1" time="0.004923"/>
        <testcase name="test_initializes_server_capabilities_from_config" file="/home/jeremyfall/Internal/JTD-Packages/laravel-mcp.git/main/tests/Unit/Server/CapabilityManagerTest.php" line="36" class="JTD\LaravelMCP\Tests\Unit\Server\CapabilityManagerTest" classname="JTD.LaravelMCP.Tests.Unit.Server.CapabilityManagerTest" assertions="2" time="0.004866"/>
        <testcase name="test_can_update_server_capabilities_before_negotiation" file="/home/jeremyfall/Internal/JTD-Packages/laravel-mcp.git/main/tests/Unit/Server/CapabilityManagerTest.php" line="135" class="JTD\LaravelMCP\Tests\Unit\Server\CapabilityManagerTest" classname="JTD.LaravelMCP.Tests.Unit.Server.CapabilityManagerTest" assertions="2" time="0.005023"/>
        <testcase name="test_can_lock_capabilities" file="/home/jeremyfall/Internal/JTD-Packages/laravel-mcp.git/main/tests/Unit/Server/CapabilityManagerTest.php" line="180" class="JTD\LaravelMCP\Tests\Unit\Server\CapabilityManagerTest" classname="JTD.LaravelMCP.Tests.Unit.Server.CapabilityManagerTest" assertions="2" time="0.004399"/>
        <testcase name="test_can_negotiate_capabilities_with_client" file="/home/jeremyfall/Internal/JTD-Packages/laravel-mcp.git/main/tests/Unit/Server/CapabilityManagerTest.php" line="48" class="JTD\LaravelMCP\Tests\Unit\Server\CapabilityManagerTest" classname="JTD.LaravelMCP.Tests.Unit.Server.CapabilityManagerTest" assertions="4" time="0.005195"/>
        <testcase name="test_can_check_if_capability_is_enabled" file="/home/jeremyfall/Internal/JTD-Packages/laravel-mcp.git/main/tests/Unit/Server/CapabilityManagerTest.php" line="87" class="JTD\LaravelMCP\Tests\Unit\Server\CapabilityManagerTest" classname="JTD.LaravelMCP.Tests.Unit.Server.CapabilityManagerTest" assertions="3" time="0.005291"/>
        <testcase name="test_can_check_if_feature_is_enabled" file="/home/jeremyfall/Internal/JTD-Packages/laravel-mcp.git/main/tests/Unit/Server/CapabilityManagerTest.php" line="101" class="JTD\LaravelMCP\Tests\Unit\Server\CapabilityManagerTest" classname="JTD.LaravelMCP.Tests.Unit.Server.CapabilityManagerTest" assertions="3" time="0.005726"/>
        <testcase name="test_can_get_capability_info" file="/home/jeremyfall/Internal/JTD-Packages/laravel-mcp.git/main/tests/Unit/Server/CapabilityManagerTest.php" line="119" class="JTD\LaravelMCP\Tests\Unit\Server\CapabilityManagerTest" classname="JTD.LaravelMCP.Tests.Unit.Server.CapabilityManagerTest" assertions="2" time="0.005576"/>
        <testcase name="test_cannot_update_capabilities_after_negotiation" file="/home/jeremyfall/Internal/JTD-Packages/laravel-mcp.git/main/tests/Unit/Server/CapabilityManagerTest.php" line="148" class="JTD\LaravelMCP\Tests\Unit\Server\CapabilityManagerTest" classname="JTD.LaravelMCP.Tests.Unit.Server.CapabilityManagerTest" assertions="2" time="0.005540"/>
        <testcase name="test_can_reset_capabilities" file="/home/jeremyfall/Internal/JTD-Packages/laravel-mcp.git/main/tests/Unit/Server/CapabilityManagerTest.php" line="163" class="JTD\LaravelMCP\Tests\Unit\Server\CapabilityManagerTest" classname="JTD.LaravelMCP.Tests.Unit.Server.CapabilityManagerTest" assertions="3" time="0.005460"/>
        <testcase name="test_validates_resources_capability" file="/home/jeremyfall/Internal/JTD-Packages/laravel-mcp.git/main/tests/Unit/Server/CapabilityManagerTest.php" line="224" class="JTD\LaravelMCP\Tests\Unit\Server\CapabilityManagerTest" classname="JTD.LaravelMCP.Tests.Unit.Server.CapabilityManagerTest" assertions="1" time="0.005576"/>
        <testcase name="test_gets_mcp10_requirements" file="/home/jeremyfall/Internal/JTD-Packages/laravel-mcp.git/main/tests/Unit/Server/CapabilityManagerTest.php" line="266" class="JTD\LaravelMCP\Tests\Unit\Server\CapabilityManagerTest" classname="JTD.LaravelMCP.Tests.Unit.Server.CapabilityManagerTest" assertions="9" time="0.005316"/>
        <testcase name="test_validates_mcp10_compliance" file="/home/jeremyfall/Internal/JTD-Packages/laravel-mcp.git/main/tests/Unit/Server/CapabilityManagerTest.php" line="283" class="JTD\LaravelMCP\Tests\Unit\Server\CapabilityManagerTest" classname="JTD.LaravelMCP.Tests.Unit.Server.CapabilityManagerTest" assertions="5" time="0.005545"/>
        <testcase name="test_creates_dynamic_capabilities" file="/home/jeremyfall/Internal/JTD-Packages/laravel-mcp.git/main/tests/Unit/Server/CapabilityManagerTest.php" line="306" class="JTD\LaravelMCP\Tests\Unit\Server\CapabilityManagerTest" classname="JTD.LaravelMCP.Tests.Unit.Server.CapabilityManagerTest" assertions="4" time="0.004905"/>
        <testcase name="test_prevents_double_negotiation" file="/home/jeremyfall/Internal/JTD-Packages/laravel-mcp.git/main/tests/Unit/Server/CapabilityManagerTest.php" line="340" class="JTD\LaravelMCP\Tests\Unit\Server\CapabilityManagerTest" classname="JTD.LaravelMCP.Tests.Unit.Server.CapabilityManagerTest" assertions="1" time="0.004894"/>
        <testcase name="test_creates_minimal_capabilities_when_empty" file="/home/jeremyfall/Internal/JTD-Packages/laravel-mcp.git/main/tests/Unit/Server/CapabilityManagerTest.php" line="354" class="JTD\LaravelMCP\Tests\Unit\Server\CapabilityManagerTest" classname="JTD.LaravelMCP.Tests.Unit.Server.CapabilityManagerTest" assertions="1" time="0.004845"/>
        <testcase name="test_gets_detailed_capability_info" file="/home/jeremyfall/Internal/JTD-Packages/laravel-mcp.git/main/tests/Unit/Server/CapabilityManagerTest.php" line="320" class="JTD\LaravelMCP\Tests\Unit\Server\CapabilityManagerTest" classname="JTD.LaravelMCP.Tests.Unit.Server.CapabilityManagerTest" assertions="9" time="0.005389"/>
        <testcase name="test_validates_logging_capability" file="/home/jeremyfall/Internal/JTD-Packages/laravel-mcp.git/main/tests/Unit/Server/CapabilityManagerTest.php" line="238" class="JTD\LaravelMCP\Tests\Unit\Server\CapabilityManagerTest" classname="JTD.LaravelMCP.Tests.Unit.Server.CapabilityManagerTest" assertions="2" time="0.005242"/>
        <testcase name="test_adjusts_capabilities_for_empty_components" file="/home/jeremyfall/Internal/JTD-Packages/laravel-mcp.git/main/tests/Unit/Server/CapabilityManagerTest.php" line="68" class="JTD\LaravelMCP\Tests\Unit\Server\CapabilityManagerTest" classname="JTD.LaravelMCP.Tests.Unit.Server.CapabilityManagerTest" assertions="3" time="0.005384"/>
        <testcase name="test_validates_tools_capability" file="/home/jeremyfall/Internal/JTD-Packages/laravel-mcp.git/main/tests/Unit/Server/CapabilityManagerTest.php" line="189" class="JTD\LaravelMCP\Tests\Unit\Server\CapabilityManagerTest" classname="JTD.LaravelMCP.Tests.Unit.Server.CapabilityManagerTest" assertions="3" time="0.005288"/>
      </testsuite>
      <testsuite name="JTD\LaravelMCP\Tests\Unit\Server\Handlers\BaseHandlerTest" file="/home/jeremyfall/Internal/JTD-Packages/laravel-mcp.git/main/tests/Unit/Server/Handlers/BaseHandlerTest.php" tests="34" assertions="74" errors="0" failures="0" skipped="0" time="0.173793">
        <testcase name="handle_exception_preserves_protocol_exception_details" file="/home/jeremyfall/Internal/JTD-Packages/laravel-mcp.git/main/tests/Unit/Server/Handlers/BaseHandlerTest.php" line="280" class="JTD\LaravelMCP\Tests\Unit\Server\Handlers\BaseHandlerTest" classname="JTD.LaravelMCP.Tests.Unit.Server.Handlers.BaseHandlerTest" assertions="4" time="0.005309"/>
        <testsuite name="JTD\LaravelMCP\Tests\Unit\Server\Handlers\BaseHandlerTest::format_content_handles_different_types_correctly" tests="7" assertions="7" errors="0" failures="0" skipped="0" time="0.034776">
          <testcase name="format_content_handles_different_types_correctly with data set &quot;string as text&quot;" file="/home/jeremyfall/Internal/JTD-Packages/laravel-mcp.git/main/tests/Unit/Server/Handlers/BaseHandlerTest.php" line="324" class="JTD\LaravelMCP\Tests\Unit\Server\Handlers\BaseHandlerTest" classname="JTD.LaravelMCP.Tests.Unit.Server.Handlers.BaseHandlerTest" assertions="1" time="0.005073"/>
          <testcase name="format_content_handles_different_types_correctly with data set &quot;array as text&quot;" file="/home/jeremyfall/Internal/JTD-Packages/laravel-mcp.git/main/tests/Unit/Server/Handlers/BaseHandlerTest.php" line="324" class="JTD\LaravelMCP\Tests\Unit\Server\Handlers\BaseHandlerTest" classname="JTD.LaravelMCP.Tests.Unit.Server.Handlers.BaseHandlerTest" assertions="1" time="0.005168"/>
          <testcase name="format_content_handles_different_types_correctly with data set &quot;string as json&quot;" file="/home/jeremyfall/Internal/JTD-Packages/laravel-mcp.git/main/tests/Unit/Server/Handlers/BaseHandlerTest.php" line="324" class="JTD\LaravelMCP\Tests\Unit\Server\Handlers\BaseHandlerTest" classname="JTD.LaravelMCP.Tests.Unit.Server.Handlers.BaseHandlerTest" assertions="1" time="0.004794"/>
          <testcase name="format_content_handles_different_types_correctly with data set &quot;array as json&quot;" file="/home/jeremyfall/Internal/JTD-Packages/laravel-mcp.git/main/tests/Unit/Server/Handlers/BaseHandlerTest.php" line="324" class="JTD\LaravelMCP\Tests\Unit\Server\Handlers\BaseHandlerTest" classname="JTD.LaravelMCP.Tests.Unit.Server.Handlers.BaseHandlerTest" assertions="1" time="0.005007"/>
          <testcase name="format_content_handles_different_types_correctly with data set &quot;resource type&quot;" file="/home/jeremyfall/Internal/JTD-Packages/laravel-mcp.git/main/tests/Unit/Server/Handlers/BaseHandlerTest.php" line="324" class="JTD\LaravelMCP\Tests\Unit\Server\Handlers\BaseHandlerTest" classname="JTD.LaravelMCP.Tests.Unit.Server.Handlers.BaseHandlerTest" assertions="1" time="0.004929"/>
          <testcase name="format_content_handles_different_types_correctly with data set &quot;unknown type defaults to text&quot;" file="/home/jeremyfall/Internal/JTD-Packages/laravel-mcp.git/main/tests/Unit/Server/Handlers/BaseHandlerTest.php" line="324" class="JTD\LaravelMCP\Tests\Unit\Server\Handlers\BaseHandlerTest" classname="JTD.LaravelMCP.Tests.Unit.Server.Handlers.BaseHandlerTest" assertions="1" time="0.004996"/>
          <testcase name="format_content_handles_different_types_correctly with data set &quot;number as text&quot;" file="/home/jeremyfall/Internal/JTD-Packages/laravel-mcp.git/main/tests/Unit/Server/Handlers/BaseHandlerTest.php" line="324" class="JTD\LaravelMCP\Tests\Unit\Server\Handlers\BaseHandlerTest" classname="JTD.LaravelMCP.Tests.Unit.Server.Handlers.BaseHandlerTest" assertions="1" time="0.004809"/>
        </testsuite>
        <testcase name="constructor_defaults_to_non_debug_mode" file="/home/jeremyfall/Internal/JTD-Packages/laravel-mcp.git/main/tests/Unit/Server/Handlers/BaseHandlerTest.php" line="50" class="JTD\LaravelMCP\Tests\Unit\Server\Handlers\BaseHandlerTest" classname="JTD.LaravelMCP.Tests.Unit.Server.Handlers.BaseHandlerTest" assertions="1" time="0.004719"/>
        <testcase name="set_debug_updates_debug_mode" file="/home/jeremyfall/Internal/JTD-Packages/laravel-mcp.git/main/tests/Unit/Server/Handlers/BaseHandlerTest.php" line="58" class="JTD\LaravelMCP\Tests\Unit\Server\Handlers\BaseHandlerTest" classname="JTD.LaravelMCP.Tests.Unit.Server.Handlers.BaseHandlerTest" assertions="3" time="0.005106"/>
        <testcase name="validate_request_passes_with_valid_parameters" file="/home/jeremyfall/Internal/JTD-Packages/laravel-mcp.git/main/tests/Unit/Server/Handlers/BaseHandlerTest.php" line="70" class="JTD\LaravelMCP\Tests\Unit\Server\Handlers\BaseHandlerTest" classname="JTD.LaravelMCP.Tests.Unit.Server.Handlers.BaseHandlerTest" assertions="0" time="0.005112"/>
        <testcase name="validate_request_passes_with_empty_rules" file="/home/jeremyfall/Internal/JTD-Packages/laravel-mcp.git/main/tests/Unit/Server/Handlers/BaseHandlerTest.php" line="82" class="JTD\LaravelMCP\Tests\Unit\Server\Handlers\BaseHandlerTest" classname="JTD.LaravelMCP.Tests.Unit.Server.Handlers.BaseHandlerTest" assertions="0" time="0.005404"/>
        <testcase name="validate_required_params_passes_with_all_required_present" file="/home/jeremyfall/Internal/JTD-Packages/laravel-mcp.git/main/tests/Unit/Server/Handlers/BaseHandlerTest.php" line="132" class="JTD\LaravelMCP\Tests\Unit\Server\Handlers\BaseHandlerTest" classname="JTD.LaravelMCP.Tests.Unit.Server.Handlers.BaseHandlerTest" assertions="0" time="0.004924"/>
        <testcase name="validate_required_params_passes_with_empty_required_list" file="/home/jeremyfall/Internal/JTD-Packages/laravel-mcp.git/main/tests/Unit/Server/Handlers/BaseHandlerTest.php" line="144" class="JTD\LaravelMCP\Tests\Unit\Server\Handlers\BaseHandlerTest" classname="JTD.LaravelMCP.Tests.Unit.Server.Handlers.BaseHandlerTest" assertions="0" time="0.005029"/>
        <testcase name="supports_method_returns_true_for_supported_methods" file="/home/jeremyfall/Internal/JTD-Packages/laravel-mcp.git/main/tests/Unit/Server/Handlers/BaseHandlerTest.php" line="224" class="JTD\LaravelMCP\Tests\Unit\Server\Handlers\BaseHandlerTest" classname="JTD.LaravelMCP.Tests.Unit.Server.Handlers.BaseHandlerTest" assertions="2" time="0.005312"/>
        <testcase name="supports_method_returns_false_for_unsupported_methods" file="/home/jeremyfall/Internal/JTD-Packages/laravel-mcp.git/main/tests/Unit/Server/Handlers/BaseHandlerTest.php" line="231" class="JTD\LaravelMCP\Tests\Unit\Server\Handlers\BaseHandlerTest" classname="JTD.LaravelMCP.Tests.Unit.Server.Handlers.BaseHandlerTest" assertions="2" time="0.005258"/>
        <testcase name="sanitize_for_logging_removes_sensitive_keys" file="/home/jeremyfall/Internal/JTD-Packages/laravel-mcp.git/main/tests/Unit/Server/Handlers/BaseHandlerTest.php" line="246" class="JTD\LaravelMCP\Tests\Unit\Server\Handlers\BaseHandlerTest" classname="JTD.LaravelMCP.Tests.Unit.Server.Handlers.BaseHandlerTest" assertions="8" time="0.005087"/>
        <testcase name="sanitize_for_logging_handles_empty_array" file="/home/jeremyfall/Internal/JTD-Packages/laravel-mcp.git/main/tests/Unit/Server/Handlers/BaseHandlerTest.php" line="272" class="JTD\LaravelMCP\Tests\Unit\Server\Handlers\BaseHandlerTest" classname="JTD.LaravelMCP.Tests.Unit.Server.Handlers.BaseHandlerTest" assertions="1" time="0.004639"/>
        <testcase name="constructor_logs_initialization_when_debug_enabled" file="/home/jeremyfall/Internal/JTD-Packages/laravel-mcp.git/main/tests/Unit/Server/Handlers/BaseHandlerTest.php" line="411" class="JTD\LaravelMCP\Tests\Unit\Server\Handlers\BaseHandlerTest" classname="JTD.LaravelMCP.Tests.Unit.Server.Handlers.BaseHandlerTest" assertions="1" time="0.004652"/>
        <testcase name="constructor_does_not_log_when_debug_disabled" file="/home/jeremyfall/Internal/JTD-Packages/laravel-mcp.git/main/tests/Unit/Server/Handlers/BaseHandlerTest.php" line="423" class="JTD\LaravelMCP\Tests\Unit\Server\Handlers\BaseHandlerTest" classname="JTD.LaravelMCP.Tests.Unit.Server.Handlers.BaseHandlerTest" assertions="1" time="0.004681"/>
        <testcase name="constructor_sets_handler_name_and_debug_mode" file="/home/jeremyfall/Internal/JTD-Packages/laravel-mcp.git/main/tests/Unit/Server/Handlers/BaseHandlerTest.php" line="41" class="JTD\LaravelMCP\Tests\Unit\Server\Handlers\BaseHandlerTest" classname="JTD.LaravelMCP.Tests.Unit.Server.Handlers.BaseHandlerTest" assertions="2" time="0.005030"/>
        <testcase name="validate_request_throws_protocol_exception_with_invalid_parameters" file="/home/jeremyfall/Internal/JTD-Packages/laravel-mcp.git/main/tests/Unit/Server/Handlers/BaseHandlerTest.php" line="94" class="JTD\LaravelMCP\Tests\Unit\Server\Handlers\BaseHandlerTest" classname="JTD.LaravelMCP.Tests.Unit.Server.Handlers.BaseHandlerTest" assertions="3" time="0.005504"/>
        <testcase name="validate_request_throws_protocol_exception_with_missing_required_parameters" file="/home/jeremyfall/Internal/JTD-Packages/laravel-mcp.git/main/tests/Unit/Server/Handlers/BaseHandlerTest.php" line="107" class="JTD\LaravelMCP\Tests\Unit\Server\Handlers\BaseHandlerTest" classname="JTD.LaravelMCP.Tests.Unit.Server.Handlers.BaseHandlerTest" assertions="2" time="0.005431"/>
        <testcase name="validate_request_uses_custom_error_messages" file="/home/jeremyfall/Internal/JTD-Packages/laravel-mcp.git/main/tests/Unit/Server/Handlers/BaseHandlerTest.php" line="119" class="JTD\LaravelMCP\Tests\Unit\Server\Handlers\BaseHandlerTest" classname="JTD.LaravelMCP.Tests.Unit.Server.Handlers.BaseHandlerTest" assertions="2" time="0.005385"/>
        <testcase name="validate_required_params_throws_protocol_exception_with_missing_parameters" file="/home/jeremyfall/Internal/JTD-Packages/laravel-mcp.git/main/tests/Unit/Server/Handlers/BaseHandlerTest.php" line="156" class="JTD\LaravelMCP\Tests\Unit\Server\Handlers\BaseHandlerTest" classname="JTD.LaravelMCP.Tests.Unit.Server.Handlers.BaseHandlerTest" assertions="3" time="0.004967"/>
        <testcase name="create_success_response_returns_result_without_metadata" file="/home/jeremyfall/Internal/JTD-Packages/laravel-mcp.git/main/tests/Unit/Server/Handlers/BaseHandlerTest.php" line="169" class="JTD\LaravelMCP\Tests\Unit\Server\Handlers\BaseHandlerTest" classname="JTD.LaravelMCP.Tests.Unit.Server.Handlers.BaseHandlerTest" assertions="2" time="0.005015"/>
        <testcase name="create_success_response_adds_metadata_when_requested" file="/home/jeremyfall/Internal/JTD-Packages/laravel-mcp.git/main/tests/Unit/Server/Handlers/BaseHandlerTest.php" line="180" class="JTD\LaravelMCP\Tests\Unit\Server\Handlers\BaseHandlerTest" classname="JTD.LaravelMCP.Tests.Unit.Server.Handlers.BaseHandlerTest" assertions="5" time="0.005164"/>
        <testcase name="create_error_response_returns_proper_structure" file="/home/jeremyfall/Internal/JTD-Packages/laravel-mcp.git/main/tests/Unit/Server/Handlers/BaseHandlerTest.php" line="195" class="JTD\LaravelMCP\Tests\Unit\Server\Handlers\BaseHandlerTest" classname="JTD.LaravelMCP.Tests.Unit.Server.Handlers.BaseHandlerTest" assertions="4" time="0.005286"/>
        <testcase name="create_error_response_includes_data_when_provided" file="/home/jeremyfall/Internal/JTD-Packages/laravel-mcp.git/main/tests/Unit/Server/Handlers/BaseHandlerTest.php" line="209" class="JTD\LaravelMCP\Tests\Unit\Server\Handlers\BaseHandlerTest" classname="JTD.LaravelMCP.Tests.Unit.Server.Handlers.BaseHandlerTest" assertions="4" time="0.005089"/>
        <testcase name="get_supported_methods_returns_expected_methods" file="/home/jeremyfall/Internal/JTD-Packages/laravel-mcp.git/main/tests/Unit/Server/Handlers/BaseHandlerTest.php" line="238" class="JTD\LaravelMCP\Tests\Unit\Server\Handlers\BaseHandlerTest" classname="JTD.LaravelMCP.Tests.Unit.Server.Handlers.BaseHandlerTest" assertions="1" time="0.004750"/>
        <testcase name="handle_exception_converts_generic_exception_to_internal_error" file="/home/jeremyfall/Internal/JTD-Packages/laravel-mcp.git/main/tests/Unit/Server/Handlers/BaseHandlerTest.php" line="293" class="JTD\LaravelMCP\Tests\Unit\Server\Handlers\BaseHandlerTest" classname="JTD.LaravelMCP.Tests.Unit.Server.Handlers.BaseHandlerTest" assertions="4" time="0.005108"/>
        <testcase name="handle_exception_includes_debug_data_when_debug_enabled" file="/home/jeremyfall/Internal/JTD-Packages/laravel-mcp.git/main/tests/Unit/Server/Handlers/BaseHandlerTest.php" line="306" class="JTD\LaravelMCP\Tests\Unit\Server\Handlers\BaseHandlerTest" classname="JTD.LaravelMCP.Tests.Unit.Server.Handlers.BaseHandlerTest" assertions="7" time="0.005505"/>
        <testcase name="logging_methods_use_handler_name_prefix" file="/home/jeremyfall/Internal/JTD-Packages/laravel-mcp.git/main/tests/Unit/Server/Handlers/BaseHandlerTest.php" line="373" class="JTD\LaravelMCP\Tests\Unit\Server\Handlers\BaseHandlerTest" classname="JTD.LaravelMCP.Tests.Unit.Server.Handlers.BaseHandlerTest" assertions="4" time="0.005571"/>
        <testcase name="debug_logging_works_when_debug_enabled" file="/home/jeremyfall/Internal/JTD-Packages/laravel-mcp.git/main/tests/Unit/Server/Handlers/BaseHandlerTest.php" line="398" class="JTD\LaravelMCP\Tests\Unit\Server\Handlers\BaseHandlerTest" classname="JTD.LaravelMCP.Tests.Unit.Server.Handlers.BaseHandlerTest" assertions="1" time="0.005980"/>
      </testsuite>
      <testsuite name="JTD\LaravelMCP\Tests\Unit\Server\Handlers\PromptHandlerTest" file="/home/jeremyfall/Internal/JTD-Packages/laravel-mcp.git/main/tests/Unit/Server/Handlers/PromptHandlerTest.php" tests="45" assertions="102" errors="0" failures="0" skipped="0" time="0.263159">
        <testcase name="handle_throws_protocol_exception_for_unsupported_method" file="/home/jeremyfall/Internal/JTD-Packages/laravel-mcp.git/main/tests/Unit/Server/Handlers/PromptHandlerTest.php" line="82" class="JTD\LaravelMCP\Tests\Unit\Server\Handlers\PromptHandlerTest" classname="JTD.LaravelMCP.Tests.Unit.Server.Handlers.PromptHandlerTest" assertions="3" time="0.004773"/>
        <testcase name="handle_prompts_list_returns_prompt_definitions" file="/home/jeremyfall/Internal/JTD-Packages/laravel-mcp.git/main/tests/Unit/Server/Handlers/PromptHandlerTest.php" line="108" class="JTD\LaravelMCP\Tests\Unit\Server\Handlers\PromptHandlerTest" classname="JTD.LaravelMCP.Tests.Unit.Server.Handlers.PromptHandlerTest" assertions="5" time="0.004873"/>
        <testcase name="handle_prompts_list_handles_prompt_definition_failures_gracefully" file="/home/jeremyfall/Internal/JTD-Packages/laravel-mcp.git/main/tests/Unit/Server/Handlers/PromptHandlerTest.php" line="135" class="JTD\LaravelMCP\Tests\Unit\Server\Handlers\PromptHandlerTest" classname="JTD.LaravelMCP.Tests.Unit.Server.Handlers.PromptHandlerTest" assertions="6" time="0.005307"/>
        <testcase name="handle_prompts_list_validates_cursor_parameter" file="/home/jeremyfall/Internal/JTD-Packages/laravel-mcp.git/main/tests/Unit/Server/Handlers/PromptHandlerTest.php" line="172" class="JTD\LaravelMCP\Tests\Unit\Server\Handlers\PromptHandlerTest" classname="JTD.LaravelMCP.Tests.Unit.Server.Handlers.PromptHandlerTest" assertions="2" time="0.006108"/>
        <testcase name="handle_prompts_get_validates_required_parameters" file="/home/jeremyfall/Internal/JTD-Packages/laravel-mcp.git/main/tests/Unit/Server/Handlers/PromptHandlerTest.php" line="232" class="JTD\LaravelMCP\Tests\Unit\Server\Handlers\PromptHandlerTest" classname="JTD.LaravelMCP.Tests.Unit.Server.Handlers.PromptHandlerTest" assertions="2" time="0.005637"/>
        <testcase name="handle_prompts_get_validates_parameter_types" file="/home/jeremyfall/Internal/JTD-Packages/laravel-mcp.git/main/tests/Unit/Server/Handlers/PromptHandlerTest.php" line="241" class="JTD\LaravelMCP\Tests\Unit\Server\Handlers\PromptHandlerTest" classname="JTD.LaravelMCP.Tests.Unit.Server.Handlers.PromptHandlerTest" assertions="2" time="0.005039"/>
        <testcase name="handle_prompts_get_throws_error_for_non_existent_prompt" file="/home/jeremyfall/Internal/JTD-Packages/laravel-mcp.git/main/tests/Unit/Server/Handlers/PromptHandlerTest.php" line="250" class="JTD\LaravelMCP\Tests\Unit\Server\Handlers\PromptHandlerTest" classname="JTD.LaravelMCP.Tests.Unit.Server.Handlers.PromptHandlerTest" assertions="3" time="0.005814"/>
        <testcase name="handle_prompts_get_processes_prompt_with_process_method" file="/home/jeremyfall/Internal/JTD-Packages/laravel-mcp.git/main/tests/Unit/Server/Handlers/PromptHandlerTest.php" line="266" class="JTD\LaravelMCP\Tests\Unit\Server\Handlers\PromptHandlerTest" classname="JTD.LaravelMCP.Tests.Unit.Server.Handlers.PromptHandlerTest" assertions="6" time="0.005921"/>
        <testcase name="handle_prompts_get_processes_prompt_with_get_method" file="/home/jeremyfall/Internal/JTD-Packages/laravel-mcp.git/main/tests/Unit/Server/Handlers/PromptHandlerTest.php" line="306" class="JTD\LaravelMCP\Tests\Unit\Server\Handlers\PromptHandlerTest" classname="JTD.LaravelMCP.Tests.Unit.Server.Handlers.PromptHandlerTest" assertions="3" time="0.006411"/>
        <testcase name="handle_prompts_get_processes_prompt_with_invoke_method" file="/home/jeremyfall/Internal/JTD-Packages/laravel-mcp.git/main/tests/Unit/Server/Handlers/PromptHandlerTest.php" line="341" class="JTD\LaravelMCP\Tests\Unit\Server\Handlers\PromptHandlerTest" classname="JTD.LaravelMCP.Tests.Unit.Server.Handlers.PromptHandlerTest" assertions="4" time="0.007472"/>
        <testcase name="handle_prompts_get_throws_error_for_non_processable_prompt" file="/home/jeremyfall/Internal/JTD-Packages/laravel-mcp.git/main/tests/Unit/Server/Handlers/PromptHandlerTest.php" line="426" class="JTD\LaravelMCP\Tests\Unit\Server\Handlers\PromptHandlerTest" classname="JTD.LaravelMCP.Tests.Unit.Server.Handlers.PromptHandlerTest" assertions="3" time="0.007065"/>
        <testcase name="handle_prompts_get_validates_arguments_if_prompt_supports_it" file="/home/jeremyfall/Internal/JTD-Packages/laravel-mcp.git/main/tests/Unit/Server/Handlers/PromptHandlerTest.php" line="461" class="JTD\LaravelMCP\Tests\Unit\Server\Handlers\PromptHandlerTest" classname="JTD.LaravelMCP.Tests.Unit.Server.Handlers.PromptHandlerTest" assertions="3" time="0.005485"/>
        <testcase name="handle_prompts_get_skips_validation_if_prompt_does_not_support_it" file="/home/jeremyfall/Internal/JTD-Packages/laravel-mcp.git/main/tests/Unit/Server/Handlers/PromptHandlerTest.php" line="492" class="JTD\LaravelMCP\Tests\Unit\Server\Handlers\PromptHandlerTest" classname="JTD.LaravelMCP.Tests.Unit.Server.Handlers.PromptHandlerTest" assertions="2" time="0.005960"/>
        <testcase name="handle_prompts_get_handles_processing_failures" file="/home/jeremyfall/Internal/JTD-Packages/laravel-mcp.git/main/tests/Unit/Server/Handlers/PromptHandlerTest.php" line="523" class="JTD\LaravelMCP\Tests\Unit\Server\Handlers\PromptHandlerTest" classname="JTD.LaravelMCP.Tests.Unit.Server.Handlers.PromptHandlerTest" assertions="3" time="0.005766"/>
        <testcase name="handle_prompts_get_uses_default_empty_arguments_when_not_provided" file="/home/jeremyfall/Internal/JTD-Packages/laravel-mcp.git/main/tests/Unit/Server/Handlers/PromptHandlerTest.php" line="559" class="JTD\LaravelMCP\Tests\Unit\Server\Handlers\PromptHandlerTest" classname="JTD.LaravelMCP.Tests.Unit.Server.Handlers.PromptHandlerTest" assertions="2" time="0.005824"/>
        <testsuite name="JTD\LaravelMCP\Tests\Unit\Server\Handlers\PromptHandlerTest::get_prompt_description_handles_different_description_methods" tests="4" assertions="4" errors="0" failures="0" skipped="0" time="0.020760">
          <testcase name="get_prompt_description_handles_different_description_methods with data set &quot;getDescription method&quot;" file="/home/jeremyfall/Internal/JTD-Packages/laravel-mcp.git/main/tests/Unit/Server/Handlers/PromptHandlerTest.php" line="591" class="JTD\LaravelMCP\Tests\Unit\Server\Handlers\PromptHandlerTest" classname="JTD.LaravelMCP.Tests.Unit.Server.Handlers.PromptHandlerTest" assertions="1" time="0.005425"/>
          <testcase name="get_prompt_description_handles_different_description_methods with data set &quot;description method&quot;" file="/home/jeremyfall/Internal/JTD-Packages/laravel-mcp.git/main/tests/Unit/Server/Handlers/PromptHandlerTest.php" line="591" class="JTD\LaravelMCP\Tests\Unit\Server\Handlers\PromptHandlerTest" classname="JTD.LaravelMCP.Tests.Unit.Server.Handlers.PromptHandlerTest" assertions="1" time="0.004902"/>
          <testcase name="get_prompt_description_handles_different_description_methods with data set &quot;description property&quot;" file="/home/jeremyfall/Internal/JTD-Packages/laravel-mcp.git/main/tests/Unit/Server/Handlers/PromptHandlerTest.php" line="591" class="JTD\LaravelMCP\Tests\Unit\Server\Handlers\PromptHandlerTest" classname="JTD.LaravelMCP.Tests.Unit.Server.Handlers.PromptHandlerTest" assertions="1" time="0.005166"/>
          <testcase name="get_prompt_description_handles_different_description_methods with data set &quot;no description&quot;" file="/home/jeremyfall/Internal/JTD-Packages/laravel-mcp.git/main/tests/Unit/Server/Handlers/PromptHandlerTest.php" line="591" class="JTD\LaravelMCP\Tests\Unit\Server\Handlers\PromptHandlerTest" classname="JTD.LaravelMCP.Tests.Unit.Server.Handlers.PromptHandlerTest" assertions="1" time="0.005267"/>
        </testsuite>
        <testsuite name="JTD\LaravelMCP\Tests\Unit\Server\Handlers\PromptHandlerTest::get_prompt_arguments_handles_different_arguments_methods" tests="4" assertions="4" errors="0" failures="0" skipped="0" time="0.020878">
          <testcase name="get_prompt_arguments_handles_different_arguments_methods with data set &quot;getArguments method&quot;" file="/home/jeremyfall/Internal/JTD-Packages/laravel-mcp.git/main/tests/Unit/Server/Handlers/PromptHandlerTest.php" line="639" class="JTD\LaravelMCP\Tests\Unit\Server\Handlers\PromptHandlerTest" classname="JTD.LaravelMCP.Tests.Unit.Server.Handlers.PromptHandlerTest" assertions="1" time="0.005509"/>
          <testcase name="get_prompt_arguments_handles_different_arguments_methods with data set &quot;arguments method&quot;" file="/home/jeremyfall/Internal/JTD-Packages/laravel-mcp.git/main/tests/Unit/Server/Handlers/PromptHandlerTest.php" line="639" class="JTD\LaravelMCP\Tests\Unit\Server\Handlers\PromptHandlerTest" classname="JTD.LaravelMCP.Tests.Unit.Server.Handlers.PromptHandlerTest" assertions="1" time="0.005015"/>
          <testcase name="get_prompt_arguments_handles_different_arguments_methods with data set &quot;arguments property&quot;" file="/home/jeremyfall/Internal/JTD-Packages/laravel-mcp.git/main/tests/Unit/Server/Handlers/PromptHandlerTest.php" line="639" class="JTD\LaravelMCP\Tests\Unit\Server\Handlers\PromptHandlerTest" classname="JTD.LaravelMCP.Tests.Unit.Server.Handlers.PromptHandlerTest" assertions="1" time="0.005232"/>
          <testcase name="get_prompt_arguments_handles_different_arguments_methods with data set &quot;no arguments&quot;" file="/home/jeremyfall/Internal/JTD-Packages/laravel-mcp.git/main/tests/Unit/Server/Handlers/PromptHandlerTest.php" line="639" class="JTD\LaravelMCP\Tests\Unit\Server\Handlers\PromptHandlerTest" classname="JTD.LaravelMCP.Tests.Unit.Server.Handlers.PromptHandlerTest" assertions="1" time="0.005122"/>
        </testsuite>
        <testsuite name="JTD\LaravelMCP\Tests\Unit\Server\Handlers\PromptHandlerTest::format_prompt_messages_handles_different_result_formats" tests="7" assertions="14" errors="0" failures="0" skipped="0" time="0.043259">
          <testcase name="format_prompt_messages_handles_different_result_formats with data set &quot;array of messages&quot;" file="/home/jeremyfall/Internal/JTD-Packages/laravel-mcp.git/main/tests/Unit/Server/Handlers/PromptHandlerTest.php" line="699" class="JTD\LaravelMCP\Tests\Unit\Server\Handlers\PromptHandlerTest" classname="JTD.LaravelMCP.Tests.Unit.Server.Handlers.PromptHandlerTest" assertions="2" time="0.005634"/>
          <testcase name="format_prompt_messages_handles_different_result_formats with data set &quot;single message object&quot;" file="/home/jeremyfall/Internal/JTD-Packages/laravel-mcp.git/main/tests/Unit/Server/Handlers/PromptHandlerTest.php" line="699" class="JTD\LaravelMCP\Tests\Unit\Server\Handlers\PromptHandlerTest" classname="JTD.LaravelMCP.Tests.Unit.Server.Handlers.PromptHandlerTest" assertions="2" time="0.005673"/>
          <testcase name="format_prompt_messages_handles_different_result_formats with data set &quot;string result&quot;" file="/home/jeremyfall/Internal/JTD-Packages/laravel-mcp.git/main/tests/Unit/Server/Handlers/PromptHandlerTest.php" line="699" class="JTD\LaravelMCP\Tests\Unit\Server\Handlers\PromptHandlerTest" classname="JTD.LaravelMCP.Tests.Unit.Server.Handlers.PromptHandlerTest" assertions="2" time="0.005518"/>
          <testcase name="format_prompt_messages_handles_different_result_formats with data set &quot;array result (not messages)&quot;" file="/home/jeremyfall/Internal/JTD-Packages/laravel-mcp.git/main/tests/Unit/Server/Handlers/PromptHandlerTest.php" line="699" class="JTD\LaravelMCP\Tests\Unit\Server\Handlers\PromptHandlerTest" classname="JTD.LaravelMCP.Tests.Unit.Server.Handlers.PromptHandlerTest" assertions="2" time="0.005496"/>
          <testcase name="format_prompt_messages_handles_different_result_formats with data set &quot;object result&quot;" file="/home/jeremyfall/Internal/JTD-Packages/laravel-mcp.git/main/tests/Unit/Server/Handlers/PromptHandlerTest.php" line="699" class="JTD\LaravelMCP\Tests\Unit\Server\Handlers\PromptHandlerTest" classname="JTD.LaravelMCP.Tests.Unit.Server.Handlers.PromptHandlerTest" assertions="2" time="0.009859"/>
          <testcase name="format_prompt_messages_handles_different_result_formats with data set &quot;number result&quot;" file="/home/jeremyfall/Internal/JTD-Packages/laravel-mcp.git/main/tests/Unit/Server/Handlers/PromptHandlerTest.php" line="699" class="JTD\LaravelMCP\Tests\Unit\Server\Handlers\PromptHandlerTest" classname="JTD.LaravelMCP.Tests.Unit.Server.Handlers.PromptHandlerTest" assertions="2" time="0.005603"/>
          <testcase name="format_prompt_messages_handles_different_result_formats with data set &quot;empty array result&quot;" file="/home/jeremyfall/Internal/JTD-Packages/laravel-mcp.git/main/tests/Unit/Server/Handlers/PromptHandlerTest.php" line="699" class="JTD\LaravelMCP\Tests\Unit\Server\Handlers\PromptHandlerTest" classname="JTD.LaravelMCP.Tests.Unit.Server.Handlers.PromptHandlerTest" assertions="2" time="0.005477"/>
        </testsuite>
        <testsuite name="JTD\LaravelMCP\Tests\Unit\Server\Handlers\PromptHandlerTest::is_message_array_correctly_identifies_message_arrays" tests="7" assertions="11" errors="0" failures="0" skipped="0" time="0.041515">
          <testcase name="is_message_array_correctly_identifies_message_arrays with data set &quot;valid message array&quot;" file="/home/jeremyfall/Internal/JTD-Packages/laravel-mcp.git/main/tests/Unit/Server/Handlers/PromptHandlerTest.php" line="770" class="JTD\LaravelMCP\Tests\Unit\Server\Handlers\PromptHandlerTest" classname="JTD.LaravelMCP.Tests.Unit.Server.Handlers.PromptHandlerTest" assertions="1" time="0.005546"/>
          <testcase name="is_message_array_correctly_identifies_message_arrays with data set &quot;array with content only&quot;" file="/home/jeremyfall/Internal/JTD-Packages/laravel-mcp.git/main/tests/Unit/Server/Handlers/PromptHandlerTest.php" line="770" class="JTD\LaravelMCP\Tests\Unit\Server\Handlers\PromptHandlerTest" classname="JTD.LaravelMCP.Tests.Unit.Server.Handlers.PromptHandlerTest" assertions="1" time="0.005848"/>
          <testcase name="is_message_array_correctly_identifies_message_arrays with data set &quot;array with role only&quot;" file="/home/jeremyfall/Internal/JTD-Packages/laravel-mcp.git/main/tests/Unit/Server/Handlers/PromptHandlerTest.php" line="770" class="JTD\LaravelMCP\Tests\Unit\Server\Handlers\PromptHandlerTest" classname="JTD.LaravelMCP.Tests.Unit.Server.Handlers.PromptHandlerTest" assertions="1" time="0.006153"/>
          <testcase name="is_message_array_correctly_identifies_message_arrays with data set &quot;empty array&quot;" file="/home/jeremyfall/Internal/JTD-Packages/laravel-mcp.git/main/tests/Unit/Server/Handlers/PromptHandlerTest.php" line="770" class="JTD\LaravelMCP\Tests\Unit\Server\Handlers\PromptHandlerTest" classname="JTD.LaravelMCP.Tests.Unit.Server.Handlers.PromptHandlerTest" assertions="2" time="0.006205"/>
          <testcase name="is_message_array_correctly_identifies_message_arrays with data set &quot;array of strings&quot;" file="/home/jeremyfall/Internal/JTD-Packages/laravel-mcp.git/main/tests/Unit/Server/Handlers/PromptHandlerTest.php" line="770" class="JTD\LaravelMCP\Tests\Unit\Server\Handlers\PromptHandlerTest" classname="JTD.LaravelMCP.Tests.Unit.Server.Handlers.PromptHandlerTest" assertions="2" time="0.006515"/>
          <testcase name="is_message_array_correctly_identifies_message_arrays with data set &quot;array of numbers&quot;" file="/home/jeremyfall/Internal/JTD-Packages/laravel-mcp.git/main/tests/Unit/Server/Handlers/PromptHandlerTest.php" line="770" class="JTD\LaravelMCP\Tests\Unit\Server\Handlers\PromptHandlerTest" classname="JTD.LaravelMCP.Tests.Unit.Server.Handlers.PromptHandlerTest" assertions="2" time="0.005550"/>
          <testcase name="is_message_array_correctly_identifies_message_arrays with data set &quot;mixed array&quot;" file="/home/jeremyfall/Internal/JTD-Packages/laravel-mcp.git/main/tests/Unit/Server/Handlers/PromptHandlerTest.php" line="770" class="JTD\LaravelMCP\Tests\Unit\Server\Handlers\PromptHandlerTest" classname="JTD.LaravelMCP.Tests.Unit.Server.Handlers.PromptHandlerTest" assertions="2" time="0.005698"/>
        </testsuite>
        <testcase name="supports_method_returns_true_for_supported_methods" file="/home/jeremyfall/Internal/JTD-Packages/laravel-mcp.git/main/tests/Unit/Server/Handlers/PromptHandlerTest.php" line="68" class="JTD\LaravelMCP\Tests\Unit\Server\Handlers\PromptHandlerTest" classname="JTD.LaravelMCP.Tests.Unit.Server.Handlers.PromptHandlerTest" assertions="2" time="0.005238"/>
        <testcase name="supports_method_returns_false_for_unsupported_methods" file="/home/jeremyfall/Internal/JTD-Packages/laravel-mcp.git/main/tests/Unit/Server/Handlers/PromptHandlerTest.php" line="75" class="JTD\LaravelMCP\Tests\Unit\Server\Handlers\PromptHandlerTest" classname="JTD.LaravelMCP.Tests.Unit.Server.Handlers.PromptHandlerTest" assertions="2" time="0.005264"/>
        <testcase name="constructor_sets_dependencies_and_handler_name" file="/home/jeremyfall/Internal/JTD-Packages/laravel-mcp.git/main/tests/Unit/Server/Handlers/PromptHandlerTest.php" line="51" class="JTD\LaravelMCP\Tests\Unit\Server\Handlers\PromptHandlerTest" classname="JTD.LaravelMCP.Tests.Unit.Server.Handlers.PromptHandlerTest" assertions="2" time="0.006171"/>
        <testcase name="get_supported_methods_returns_prompt_methods" file="/home/jeremyfall/Internal/JTD-Packages/laravel-mcp.git/main/tests/Unit/Server/Handlers/PromptHandlerTest.php" line="60" class="JTD\LaravelMCP\Tests\Unit\Server\Handlers\PromptHandlerTest" classname="JTD.LaravelMCP.Tests.Unit.Server.Handlers.PromptHandlerTest" assertions="1" time="0.006255"/>
        <testcase name="handle_prompts_list_returns_empty_prompts_array_when_no_prompts" file="/home/jeremyfall/Internal/JTD-Packages/laravel-mcp.git/main/tests/Unit/Server/Handlers/PromptHandlerTest.php" line="92" class="JTD\LaravelMCP\Tests\Unit\Server\Handlers\PromptHandlerTest" classname="JTD.LaravelMCP.Tests.Unit.Server.Handlers.PromptHandlerTest" assertions="4" time="0.005980"/>
        <testcase name="handle_prompts_list_applies_cursor_pagination" file="/home/jeremyfall/Internal/JTD-Packages/laravel-mcp.git/main/tests/Unit/Server/Handlers/PromptHandlerTest.php" line="181" class="JTD\LaravelMCP\Tests\Unit\Server\Handlers\PromptHandlerTest" classname="JTD.LaravelMCP.Tests.Unit.Server.Handlers.PromptHandlerTest" assertions="3" time="0.006501"/>
        <testcase name="handle_prompts_get_processes_callable_prompt" file="/home/jeremyfall/Internal/JTD-Packages/laravel-mcp.git/main/tests/Unit/Server/Handlers/PromptHandlerTest.php" line="377" class="JTD\LaravelMCP\Tests\Unit\Server\Handlers\PromptHandlerTest" classname="JTD.LaravelMCP.Tests.Unit.Server.Handlers.PromptHandlerTest" assertions="2" time="0.005899"/>
        <testcase name="handle_prompts_list_includes_next_cursor_when_more_prompts_available" file="/home/jeremyfall/Internal/JTD-Packages/laravel-mcp.git/main/tests/Unit/Server/Handlers/PromptHandlerTest.php" line="207" class="JTD\LaravelMCP\Tests\Unit\Server\Handlers\PromptHandlerTest" classname="JTD.LaravelMCP.Tests.Unit.Server.Handlers.PromptHandlerTest" assertions="4" time="0.007982"/>
      </testsuite>
      <testsuite name="JTD\LaravelMCP\Tests\Unit\Server\Handlers\ResourceHandlerTest" file="/home/jeremyfall/Internal/JTD-Packages/laravel-mcp.git/main/tests/Unit/Server/Handlers/ResourceHandlerTest.php" tests="37" assertions="95" errors="0" failures="0" skipped="0" time="0.210046">
        <testcase name="handle_resources_read_handles_array_content" file="/home/jeremyfall/Internal/JTD-Packages/laravel-mcp.git/main/tests/Unit/Server/Handlers/ResourceHandlerTest.php" line="427" class="JTD\LaravelMCP\Tests\Unit\Server\Handlers\ResourceHandlerTest" classname="JTD.LaravelMCP.Tests.Unit.Server.Handlers.ResourceHandlerTest" assertions="5" time="0.005435"/>
        <testcase name="handle_resources_read_handles_pre_formatted_content" file="/home/jeremyfall/Internal/JTD-Packages/laravel-mcp.git/main/tests/Unit/Server/Handlers/ResourceHandlerTest.php" line="452" class="JTD\LaravelMCP\Tests\Unit\Server\Handlers\ResourceHandlerTest" classname="JTD.LaravelMCP.Tests.Unit.Server.Handlers.ResourceHandlerTest" assertions="4" time="0.005308"/>
        <testcase name="handle_throws_protocol_exception_for_unsupported_method" file="/home/jeremyfall/Internal/JTD-Packages/laravel-mcp.git/main/tests/Unit/Server/Handlers/ResourceHandlerTest.php" line="82" class="JTD\LaravelMCP\Tests\Unit\Server\Handlers\ResourceHandlerTest" classname="JTD.LaravelMCP.Tests.Unit.Server.Handlers.ResourceHandlerTest" assertions="3" time="0.005356"/>
        <testcase name="handle_resources_list_returns_resource_definitions" file="/home/jeremyfall/Internal/JTD-Packages/laravel-mcp.git/main/tests/Unit/Server/Handlers/ResourceHandlerTest.php" line="108" class="JTD\LaravelMCP\Tests\Unit\Server\Handlers\ResourceHandlerTest" classname="JTD.LaravelMCP.Tests.Unit.Server.Handlers.ResourceHandlerTest" assertions="7" time="0.005487"/>
        <testcase name="handle_resources_list_handles_resource_definition_failures_gracefully" file="/home/jeremyfall/Internal/JTD-Packages/laravel-mcp.git/main/tests/Unit/Server/Handlers/ResourceHandlerTest.php" line="135" class="JTD\LaravelMCP\Tests\Unit\Server\Handlers\ResourceHandlerTest" classname="JTD.LaravelMCP.Tests.Unit.Server.Handlers.ResourceHandlerTest" assertions="10" time="0.005491"/>
        <testcase name="handle_resources_list_validates_cursor_parameter" file="/home/jeremyfall/Internal/JTD-Packages/laravel-mcp.git/main/tests/Unit/Server/Handlers/ResourceHandlerTest.php" line="178" class="JTD\LaravelMCP\Tests\Unit\Server\Handlers\ResourceHandlerTest" classname="JTD.LaravelMCP.Tests.Unit.Server.Handlers.ResourceHandlerTest" assertions="2" time="0.005472"/>
        <testcase name="handle_resources_read_validates_required_parameters" file="/home/jeremyfall/Internal/JTD-Packages/laravel-mcp.git/main/tests/Unit/Server/Handlers/ResourceHandlerTest.php" line="238" class="JTD\LaravelMCP\Tests\Unit\Server\Handlers\ResourceHandlerTest" classname="JTD.LaravelMCP.Tests.Unit.Server.Handlers.ResourceHandlerTest" assertions="2" time="0.006152"/>
        <testcase name="handle_resources_read_validates_parameter_types" file="/home/jeremyfall/Internal/JTD-Packages/laravel-mcp.git/main/tests/Unit/Server/Handlers/ResourceHandlerTest.php" line="247" class="JTD\LaravelMCP\Tests\Unit\Server\Handlers\ResourceHandlerTest" classname="JTD.LaravelMCP.Tests.Unit.Server.Handlers.ResourceHandlerTest" assertions="2" time="0.005138"/>
        <testcase name="handle_resources_read_throws_error_for_non_existent_resource" file="/home/jeremyfall/Internal/JTD-Packages/laravel-mcp.git/main/tests/Unit/Server/Handlers/ResourceHandlerTest.php" line="256" class="JTD\LaravelMCP\Tests\Unit\Server\Handlers\ResourceHandlerTest" classname="JTD.LaravelMCP.Tests.Unit.Server.Handlers.ResourceHandlerTest" assertions="3" time="0.005063"/>
        <testcase name="handle_resources_read_reads_resource_with_read_method" file="/home/jeremyfall/Internal/JTD-Packages/laravel-mcp.git/main/tests/Unit/Server/Handlers/ResourceHandlerTest.php" line="271" class="JTD\LaravelMCP\Tests\Unit\Server\Handlers\ResourceHandlerTest" classname="JTD.LaravelMCP.Tests.Unit.Server.Handlers.ResourceHandlerTest" assertions="3" time="0.005195"/>
        <testcase name="handle_resources_read_reads_resource_with_get_content_method" file="/home/jeremyfall/Internal/JTD-Packages/laravel-mcp.git/main/tests/Unit/Server/Handlers/ResourceHandlerTest.php" line="301" class="JTD\LaravelMCP\Tests\Unit\Server\Handlers\ResourceHandlerTest" classname="JTD.LaravelMCP.Tests.Unit.Server.Handlers.ResourceHandlerTest" assertions="3" time="0.005271"/>
        <testcase name="handle_resources_read_reads_resource_with_invoke_method" file="/home/jeremyfall/Internal/JTD-Packages/laravel-mcp.git/main/tests/Unit/Server/Handlers/ResourceHandlerTest.php" line="328" class="JTD\LaravelMCP\Tests\Unit\Server\Handlers\ResourceHandlerTest" classname="JTD.LaravelMCP.Tests.Unit.Server.Handlers.ResourceHandlerTest" assertions="3" time="0.005091"/>
        <testcase name="handle_resources_read_throws_error_for_non_readable_resource" file="/home/jeremyfall/Internal/JTD-Packages/laravel-mcp.git/main/tests/Unit/Server/Handlers/ResourceHandlerTest.php" line="400" class="JTD\LaravelMCP\Tests\Unit\Server\Handlers\ResourceHandlerTest" classname="JTD.LaravelMCP.Tests.Unit.Server.Handlers.ResourceHandlerTest" assertions="3" time="0.005215"/>
        <testcase name="handle_resources_read_handles_execution_failures" file="/home/jeremyfall/Internal/JTD-Packages/laravel-mcp.git/main/tests/Unit/Server/Handlers/ResourceHandlerTest.php" line="479" class="JTD\LaravelMCP\Tests\Unit\Server\Handlers\ResourceHandlerTest" classname="JTD.LaravelMCP.Tests.Unit.Server.Handlers.ResourceHandlerTest" assertions="3" time="0.005702"/>
        <testsuite name="JTD\LaravelMCP\Tests\Unit\Server\Handlers\ResourceHandlerTest::get_resource_uri_handles_different_uri_methods" tests="4" assertions="4" errors="0" failures="0" skipped="0" time="0.022076">
          <testcase name="get_resource_uri_handles_different_uri_methods with data set &quot;getUri method&quot;" file="/home/jeremyfall/Internal/JTD-Packages/laravel-mcp.git/main/tests/Unit/Server/Handlers/ResourceHandlerTest.php" line="503" class="JTD\LaravelMCP\Tests\Unit\Server\Handlers\ResourceHandlerTest" classname="JTD.LaravelMCP.Tests.Unit.Server.Handlers.ResourceHandlerTest" assertions="1" time="0.005270"/>
          <testcase name="get_resource_uri_handles_different_uri_methods with data set &quot;uri method&quot;" file="/home/jeremyfall/Internal/JTD-Packages/laravel-mcp.git/main/tests/Unit/Server/Handlers/ResourceHandlerTest.php" line="503" class="JTD\LaravelMCP\Tests\Unit\Server\Handlers\ResourceHandlerTest" classname="JTD.LaravelMCP.Tests.Unit.Server.Handlers.ResourceHandlerTest" assertions="1" time="0.005936"/>
          <testcase name="get_resource_uri_handles_different_uri_methods with data set &quot;uri property&quot;" file="/home/jeremyfall/Internal/JTD-Packages/laravel-mcp.git/main/tests/Unit/Server/Handlers/ResourceHandlerTest.php" line="503" class="JTD\LaravelMCP\Tests\Unit\Server\Handlers\ResourceHandlerTest" classname="JTD.LaravelMCP.Tests.Unit.Server.Handlers.ResourceHandlerTest" assertions="1" time="0.005405"/>
          <testcase name="get_resource_uri_handles_different_uri_methods with data set &quot;no uri (default)&quot;" file="/home/jeremyfall/Internal/JTD-Packages/laravel-mcp.git/main/tests/Unit/Server/Handlers/ResourceHandlerTest.php" line="503" class="JTD\LaravelMCP\Tests\Unit\Server\Handlers\ResourceHandlerTest" classname="JTD.LaravelMCP.Tests.Unit.Server.Handlers.ResourceHandlerTest" assertions="1" time="0.005465"/>
        </testsuite>
        <testsuite name="JTD\LaravelMCP\Tests\Unit\Server\Handlers\ResourceHandlerTest::get_resource_description_handles_different_description_methods" tests="4" assertions="4" errors="0" failures="0" skipped="0" time="0.022996">
          <testcase name="get_resource_description_handles_different_description_methods with data set &quot;getDescription method&quot;" file="/home/jeremyfall/Internal/JTD-Packages/laravel-mcp.git/main/tests/Unit/Server/Handlers/ResourceHandlerTest.php" line="564" class="JTD\LaravelMCP\Tests\Unit\Server\Handlers\ResourceHandlerTest" classname="JTD.LaravelMCP.Tests.Unit.Server.Handlers.ResourceHandlerTest" assertions="1" time="0.005690"/>
          <testcase name="get_resource_description_handles_different_description_methods with data set &quot;description method&quot;" file="/home/jeremyfall/Internal/JTD-Packages/laravel-mcp.git/main/tests/Unit/Server/Handlers/ResourceHandlerTest.php" line="564" class="JTD\LaravelMCP\Tests\Unit\Server\Handlers\ResourceHandlerTest" classname="JTD.LaravelMCP.Tests.Unit.Server.Handlers.ResourceHandlerTest" assertions="1" time="0.005474"/>
          <testcase name="get_resource_description_handles_different_description_methods with data set &quot;description property&quot;" file="/home/jeremyfall/Internal/JTD-Packages/laravel-mcp.git/main/tests/Unit/Server/Handlers/ResourceHandlerTest.php" line="564" class="JTD\LaravelMCP\Tests\Unit\Server\Handlers\ResourceHandlerTest" classname="JTD.LaravelMCP.Tests.Unit.Server.Handlers.ResourceHandlerTest" assertions="1" time="0.005763"/>
          <testcase name="get_resource_description_handles_different_description_methods with data set &quot;no description&quot;" file="/home/jeremyfall/Internal/JTD-Packages/laravel-mcp.git/main/tests/Unit/Server/Handlers/ResourceHandlerTest.php" line="564" class="JTD\LaravelMCP\Tests\Unit\Server\Handlers\ResourceHandlerTest" classname="JTD.LaravelMCP.Tests.Unit.Server.Handlers.ResourceHandlerTest" assertions="1" time="0.006070"/>
        </testsuite>
        <testsuite name="JTD\LaravelMCP\Tests\Unit\Server\Handlers\ResourceHandlerTest::get_resource_mime_type_handles_different_mime_type_methods" tests="4" assertions="4" errors="0" failures="0" skipped="0" time="0.023119">
          <testcase name="get_resource_mime_type_handles_different_mime_type_methods with data set &quot;getMimeType method&quot;" file="/home/jeremyfall/Internal/JTD-Packages/laravel-mcp.git/main/tests/Unit/Server/Handlers/ResourceHandlerTest.php" line="624" class="JTD\LaravelMCP\Tests\Unit\Server\Handlers\ResourceHandlerTest" classname="JTD.LaravelMCP.Tests.Unit.Server.Handlers.ResourceHandlerTest" assertions="1" time="0.005682"/>
          <testcase name="get_resource_mime_type_handles_different_mime_type_methods with data set &quot;mimeType method&quot;" file="/home/jeremyfall/Internal/JTD-Packages/laravel-mcp.git/main/tests/Unit/Server/Handlers/ResourceHandlerTest.php" line="624" class="JTD\LaravelMCP\Tests\Unit\Server\Handlers\ResourceHandlerTest" classname="JTD.LaravelMCP.Tests.Unit.Server.Handlers.ResourceHandlerTest" assertions="1" time="0.006061"/>
          <testcase name="get_resource_mime_type_handles_different_mime_type_methods with data set &quot;mimeType property&quot;" file="/home/jeremyfall/Internal/JTD-Packages/laravel-mcp.git/main/tests/Unit/Server/Handlers/ResourceHandlerTest.php" line="624" class="JTD\LaravelMCP\Tests\Unit\Server\Handlers\ResourceHandlerTest" classname="JTD.LaravelMCP.Tests.Unit.Server.Handlers.ResourceHandlerTest" assertions="1" time="0.005538"/>
          <testcase name="get_resource_mime_type_handles_different_mime_type_methods with data set &quot;no mime type (default)&quot;" file="/home/jeremyfall/Internal/JTD-Packages/laravel-mcp.git/main/tests/Unit/Server/Handlers/ResourceHandlerTest.php" line="624" class="JTD\LaravelMCP\Tests\Unit\Server\Handlers\ResourceHandlerTest" classname="JTD.LaravelMCP.Tests.Unit.Server.Handlers.ResourceHandlerTest" assertions="1" time="0.005838"/>
        </testsuite>
        <testsuite name="JTD\LaravelMCP\Tests\Unit\Server\Handlers\ResourceHandlerTest::get_resource_metadata_handles_different_metadata_methods" tests="3" assertions="10" errors="0" failures="0" skipped="0" time="0.016627">
          <testcase name="get_resource_metadata_handles_different_metadata_methods with data set &quot;getMetadata method&quot;" file="/home/jeremyfall/Internal/JTD-Packages/laravel-mcp.git/main/tests/Unit/Server/Handlers/ResourceHandlerTest.php" line="683" class="JTD\LaravelMCP\Tests\Unit\Server\Handlers\ResourceHandlerTest" classname="JTD.LaravelMCP.Tests.Unit.Server.Handlers.ResourceHandlerTest" assertions="4" time="0.005660"/>
          <testcase name="get_resource_metadata_handles_different_metadata_methods with data set &quot;metadata property&quot;" file="/home/jeremyfall/Internal/JTD-Packages/laravel-mcp.git/main/tests/Unit/Server/Handlers/ResourceHandlerTest.php" line="683" class="JTD\LaravelMCP\Tests\Unit\Server\Handlers\ResourceHandlerTest" classname="JTD.LaravelMCP.Tests.Unit.Server.Handlers.ResourceHandlerTest" assertions="4" time="0.005672"/>
          <testcase name="get_resource_metadata_handles_different_metadata_methods with data set &quot;no metadata&quot;" file="/home/jeremyfall/Internal/JTD-Packages/laravel-mcp.git/main/tests/Unit/Server/Handlers/ResourceHandlerTest.php" line="683" class="JTD\LaravelMCP\Tests\Unit\Server\Handlers\ResourceHandlerTest" classname="JTD.LaravelMCP.Tests.Unit.Server.Handlers.ResourceHandlerTest" assertions="2" time="0.005296"/>
        </testsuite>
        <testcase name="constructor_sets_dependencies_and_handler_name" file="/home/jeremyfall/Internal/JTD-Packages/laravel-mcp.git/main/tests/Unit/Server/Handlers/ResourceHandlerTest.php" line="51" class="JTD\LaravelMCP\Tests\Unit\Server\Handlers\ResourceHandlerTest" classname="JTD.LaravelMCP.Tests.Unit.Server.Handlers.ResourceHandlerTest" assertions="2" time="0.005096"/>
        <testcase name="get_supported_methods_returns_resource_methods" file="/home/jeremyfall/Internal/JTD-Packages/laravel-mcp.git/main/tests/Unit/Server/Handlers/ResourceHandlerTest.php" line="60" class="JTD\LaravelMCP\Tests\Unit\Server\Handlers\ResourceHandlerTest" classname="JTD.LaravelMCP.Tests.Unit.Server.Handlers.ResourceHandlerTest" assertions="1" time="0.005017"/>
        <testcase name="supports_method_returns_true_for_supported_methods" file="/home/jeremyfall/Internal/JTD-Packages/laravel-mcp.git/main/tests/Unit/Server/Handlers/ResourceHandlerTest.php" line="68" class="JTD\LaravelMCP\Tests\Unit\Server\Handlers\ResourceHandlerTest" classname="JTD.LaravelMCP.Tests.Unit.Server.Handlers.ResourceHandlerTest" assertions="2" time="0.004864"/>
        <testcase name="supports_method_returns_false_for_unsupported_methods" file="/home/jeremyfall/Internal/JTD-Packages/laravel-mcp.git/main/tests/Unit/Server/Handlers/ResourceHandlerTest.php" line="75" class="JTD\LaravelMCP\Tests\Unit\Server\Handlers\ResourceHandlerTest" classname="JTD.LaravelMCP.Tests.Unit.Server.Handlers.ResourceHandlerTest" assertions="2" time="0.005832"/>
        <testcase name="handle_resources_list_returns_empty_resources_array_when_no_resources" file="/home/jeremyfall/Internal/JTD-Packages/laravel-mcp.git/main/tests/Unit/Server/Handlers/ResourceHandlerTest.php" line="92" class="JTD\LaravelMCP\Tests\Unit\Server\Handlers\ResourceHandlerTest" classname="JTD.LaravelMCP.Tests.Unit.Server.Handlers.ResourceHandlerTest" assertions="4" time="0.006132"/>
        <testcase name="handle_resources_list_applies_cursor_pagination" file="/home/jeremyfall/Internal/JTD-Packages/laravel-mcp.git/main/tests/Unit/Server/Handlers/ResourceHandlerTest.php" line="187" class="JTD\LaravelMCP\Tests\Unit\Server\Handlers\ResourceHandlerTest" classname="JTD.LaravelMCP.Tests.Unit.Server.Handlers.ResourceHandlerTest" assertions="3" time="0.006444"/>
        <testcase name="handle_resources_read_reads_callable_resource" file="/home/jeremyfall/Internal/JTD-Packages/laravel-mcp.git/main/tests/Unit/Server/Handlers/ResourceHandlerTest.php" line="358" class="JTD\LaravelMCP\Tests\Unit\Server\Handlers\ResourceHandlerTest" classname="JTD.LaravelMCP.Tests.Unit.Server.Handlers.ResourceHandlerTest" assertions="2" time="0.005972"/>
        <testcase name="handle_resources_list_includes_next_cursor_when_more_resources_available" file="/home/jeremyfall/Internal/JTD-Packages/laravel-mcp.git/main/tests/Unit/Server/Handlers/ResourceHandlerTest.php" line="213" class="JTD\LaravelMCP\Tests\Unit\Server\Handlers\ResourceHandlerTest" classname="JTD.LaravelMCP.Tests.Unit.Server.Handlers.ResourceHandlerTest" assertions="4" time="0.010495"/>
      </testsuite>
      <testsuite name="JTD\LaravelMCP\Tests\Unit\Server\Handlers\ToolHandlerTest" file="/home/jeremyfall/Internal/JTD-Packages/laravel-mcp.git/main/tests/Unit/Server/Handlers/ToolHandlerTest.php" tests="35" assertions="76" errors="0" failures="0" skipped="0" time="0.196639">
        <testcase name="handle_tools_call_throws_error_for_non_executable_tool" file="/home/jeremyfall/Internal/JTD-Packages/laravel-mcp.git/main/tests/Unit/Server/Handlers/ToolHandlerTest.php" line="367" class="JTD\LaravelMCP\Tests\Unit\Server\Handlers\ToolHandlerTest" classname="JTD.LaravelMCP.Tests.Unit.Server.Handlers.ToolHandlerTest" assertions="2" time="0.006324"/>
        <testcase name="handle_throws_protocol_exception_for_unsupported_method" file="/home/jeremyfall/Internal/JTD-Packages/laravel-mcp.git/main/tests/Unit/Server/Handlers/ToolHandlerTest.php" line="82" class="JTD\LaravelMCP\Tests\Unit\Server\Handlers\ToolHandlerTest" classname="JTD.LaravelMCP.Tests.Unit.Server.Handlers.ToolHandlerTest" assertions="3" time="0.005278"/>
        <testcase name="handle_tools_list_returns_tool_definitions" file="/home/jeremyfall/Internal/JTD-Packages/laravel-mcp.git/main/tests/Unit/Server/Handlers/ToolHandlerTest.php" line="108" class="JTD\LaravelMCP\Tests\Unit\Server\Handlers\ToolHandlerTest" classname="JTD.LaravelMCP.Tests.Unit.Server.Handlers.ToolHandlerTest" assertions="5" time="0.005483"/>
        <testcase name="handle_tools_list_handles_tool_definition_failures_gracefully" file="/home/jeremyfall/Internal/JTD-Packages/laravel-mcp.git/main/tests/Unit/Server/Handlers/ToolHandlerTest.php" line="137" class="JTD\LaravelMCP\Tests\Unit\Server\Handlers\ToolHandlerTest" classname="JTD.LaravelMCP.Tests.Unit.Server.Handlers.ToolHandlerTest" assertions="8" time="0.005605"/>
        <testcase name="handle_tools_list_validates_cursor_parameter" file="/home/jeremyfall/Internal/JTD-Packages/laravel-mcp.git/main/tests/Unit/Server/Handlers/ToolHandlerTest.php" line="176" class="JTD\LaravelMCP\Tests\Unit\Server\Handlers\ToolHandlerTest" classname="JTD.LaravelMCP.Tests.Unit.Server.Handlers.ToolHandlerTest" assertions="2" time="0.005548"/>
        <testcase name="handle_tools_call_validates_required_parameters" file="/home/jeremyfall/Internal/JTD-Packages/laravel-mcp.git/main/tests/Unit/Server/Handlers/ToolHandlerTest.php" line="236" class="JTD\LaravelMCP\Tests\Unit\Server\Handlers\ToolHandlerTest" classname="JTD.LaravelMCP.Tests.Unit.Server.Handlers.ToolHandlerTest" assertions="2" time="0.005373"/>
        <testcase name="handle_tools_call_validates_parameter_types" file="/home/jeremyfall/Internal/JTD-Packages/laravel-mcp.git/main/tests/Unit/Server/Handlers/ToolHandlerTest.php" line="245" class="JTD\LaravelMCP\Tests\Unit\Server\Handlers\ToolHandlerTest" classname="JTD.LaravelMCP.Tests.Unit.Server.Handlers.ToolHandlerTest" assertions="2" time="0.011599"/>
        <testcase name="handle_tools_call_executes_tool_with_execute_method" file="/home/jeremyfall/Internal/JTD-Packages/laravel-mcp.git/main/tests/Unit/Server/Handlers/ToolHandlerTest.php" line="270" class="JTD\LaravelMCP\Tests\Unit\Server\Handlers\ToolHandlerTest" classname="JTD.LaravelMCP.Tests.Unit.Server.Handlers.ToolHandlerTest" assertions="6" time="0.005758"/>
        <testcase name="handle_tools_call_executes_tool_with_invoke_method" file="/home/jeremyfall/Internal/JTD-Packages/laravel-mcp.git/main/tests/Unit/Server/Handlers/ToolHandlerTest.php" line="304" class="JTD\LaravelMCP\Tests\Unit\Server\Handlers\ToolHandlerTest" classname="JTD.LaravelMCP.Tests.Unit.Server.Handlers.ToolHandlerTest" assertions="3" time="0.005330"/>
        <testcase name="handle_tools_call_executes_callable_tool" file="/home/jeremyfall/Internal/JTD-Packages/laravel-mcp.git/main/tests/Unit/Server/Handlers/ToolHandlerTest.php" line="339" class="JTD\LaravelMCP\Tests\Unit\Server\Handlers\ToolHandlerTest" classname="JTD.LaravelMCP.Tests.Unit.Server.Handlers.ToolHandlerTest" assertions="2" time="0.004866"/>
        <testcase name="handle_tools_call_validates_arguments_if_tool_supports_it" file="/home/jeremyfall/Internal/JTD-Packages/laravel-mcp.git/main/tests/Unit/Server/Handlers/ToolHandlerTest.php" line="393" class="JTD\LaravelMCP\Tests\Unit\Server\Handlers\ToolHandlerTest" classname="JTD.LaravelMCP.Tests.Unit.Server.Handlers.ToolHandlerTest" assertions="3" time="0.005013"/>
        <testcase name="handle_tools_call_skips_validation_if_tool_does_not_support_it" file="/home/jeremyfall/Internal/JTD-Packages/laravel-mcp.git/main/tests/Unit/Server/Handlers/ToolHandlerTest.php" line="424" class="JTD\LaravelMCP\Tests\Unit\Server\Handlers\ToolHandlerTest" classname="JTD.LaravelMCP.Tests.Unit.Server.Handlers.ToolHandlerTest" assertions="1" time="0.005186"/>
        <testcase name="handle_tools_call_returns_error_response_for_execution_failures" file="/home/jeremyfall/Internal/JTD-Packages/laravel-mcp.git/main/tests/Unit/Server/Handlers/ToolHandlerTest.php" line="453" class="JTD\LaravelMCP\Tests\Unit\Server\Handlers\ToolHandlerTest" classname="JTD.LaravelMCP.Tests.Unit.Server.Handlers.ToolHandlerTest" assertions="2" time="0.005283"/>
        <testcase name="handle_tools_call_uses_default_empty_arguments_when_not_provided" file="/home/jeremyfall/Internal/JTD-Packages/laravel-mcp.git/main/tests/Unit/Server/Handlers/ToolHandlerTest.php" line="481" class="JTD\LaravelMCP\Tests\Unit\Server\Handlers\ToolHandlerTest" classname="JTD.LaravelMCP.Tests.Unit.Server.Handlers.ToolHandlerTest" assertions="1" time="0.005068"/>
        <testcase name="handle_tools_call_throws_error_for_non_existent_tool" file="/home/jeremyfall/Internal/JTD-Packages/laravel-mcp.git/main/tests/Unit/Server/Handlers/ToolHandlerTest.php" line="254" class="JTD\LaravelMCP\Tests\Unit\Server\Handlers\ToolHandlerTest" classname="JTD.LaravelMCP.Tests.Unit.Server.Handlers.ToolHandlerTest" assertions="3" time="0.004998"/>
        <testsuite name="JTD\LaravelMCP\Tests\Unit\Server\Handlers\ToolHandlerTest::get_tool_description_handles_different_description_methods" tests="4" assertions="4" errors="0" failures="0" skipped="0" time="0.019716">
          <testcase name="get_tool_description_handles_different_description_methods with data set &quot;getDescription method&quot;" file="/home/jeremyfall/Internal/JTD-Packages/laravel-mcp.git/main/tests/Unit/Server/Handlers/ToolHandlerTest.php" line="511" class="JTD\LaravelMCP\Tests\Unit\Server\Handlers\ToolHandlerTest" classname="JTD.LaravelMCP.Tests.Unit.Server.Handlers.ToolHandlerTest" assertions="1" time="0.004890"/>
          <testcase name="get_tool_description_handles_different_description_methods with data set &quot;description method&quot;" file="/home/jeremyfall/Internal/JTD-Packages/laravel-mcp.git/main/tests/Unit/Server/Handlers/ToolHandlerTest.php" line="511" class="JTD\LaravelMCP\Tests\Unit\Server\Handlers\ToolHandlerTest" classname="JTD.LaravelMCP.Tests.Unit.Server.Handlers.ToolHandlerTest" assertions="1" time="0.004868"/>
          <testcase name="get_tool_description_handles_different_description_methods with data set &quot;description property&quot;" file="/home/jeremyfall/Internal/JTD-Packages/laravel-mcp.git/main/tests/Unit/Server/Handlers/ToolHandlerTest.php" line="511" class="JTD\LaravelMCP\Tests\Unit\Server\Handlers\ToolHandlerTest" classname="JTD.LaravelMCP.Tests.Unit.Server.Handlers.ToolHandlerTest" assertions="1" time="0.004808"/>
          <testcase name="get_tool_description_handles_different_description_methods with data set &quot;no description&quot;" file="/home/jeremyfall/Internal/JTD-Packages/laravel-mcp.git/main/tests/Unit/Server/Handlers/ToolHandlerTest.php" line="511" class="JTD\LaravelMCP\Tests\Unit\Server\Handlers\ToolHandlerTest" classname="JTD.LaravelMCP.Tests.Unit.Server.Handlers.ToolHandlerTest" assertions="1" time="0.005150"/>
        </testsuite>
        <testsuite name="JTD\LaravelMCP\Tests\Unit\Server\Handlers\ToolHandlerTest::get_tool_input_schema_handles_different_schema_methods" tests="4" assertions="4" errors="0" failures="0" skipped="0" time="0.020141">
          <testcase name="get_tool_input_schema_handles_different_schema_methods with data set &quot;getInputSchema method&quot;" file="/home/jeremyfall/Internal/JTD-Packages/laravel-mcp.git/main/tests/Unit/Server/Handlers/ToolHandlerTest.php" line="557" class="JTD\LaravelMCP\Tests\Unit\Server\Handlers\ToolHandlerTest" classname="JTD.LaravelMCP.Tests.Unit.Server.Handlers.ToolHandlerTest" assertions="1" time="0.005008"/>
          <testcase name="get_tool_input_schema_handles_different_schema_methods with data set &quot;inputSchema method&quot;" file="/home/jeremyfall/Internal/JTD-Packages/laravel-mcp.git/main/tests/Unit/Server/Handlers/ToolHandlerTest.php" line="557" class="JTD\LaravelMCP\Tests\Unit\Server\Handlers\ToolHandlerTest" classname="JTD.LaravelMCP.Tests.Unit.Server.Handlers.ToolHandlerTest" assertions="1" time="0.004978"/>
          <testcase name="get_tool_input_schema_handles_different_schema_methods with data set &quot;inputSchema property&quot;" file="/home/jeremyfall/Internal/JTD-Packages/laravel-mcp.git/main/tests/Unit/Server/Handlers/ToolHandlerTest.php" line="557" class="JTD\LaravelMCP\Tests\Unit\Server\Handlers\ToolHandlerTest" classname="JTD.LaravelMCP.Tests.Unit.Server.Handlers.ToolHandlerTest" assertions="1" time="0.005028"/>
          <testcase name="get_tool_input_schema_handles_different_schema_methods with data set &quot;no input schema&quot;" file="/home/jeremyfall/Internal/JTD-Packages/laravel-mcp.git/main/tests/Unit/Server/Handlers/ToolHandlerTest.php" line="557" class="JTD\LaravelMCP\Tests\Unit\Server\Handlers\ToolHandlerTest" classname="JTD.LaravelMCP.Tests.Unit.Server.Handlers.ToolHandlerTest" assertions="1" time="0.005127"/>
        </testsuite>
        <testsuite name="JTD\LaravelMCP\Tests\Unit\Server\Handlers\ToolHandlerTest::get_content_type_determines_correct_type" tests="5" assertions="5" errors="0" failures="0" skipped="0" time="0.026996">
          <testcase name="get_content_type_determines_correct_type with data set &quot;string content&quot;" file="/home/jeremyfall/Internal/JTD-Packages/laravel-mcp.git/main/tests/Unit/Server/Handlers/ToolHandlerTest.php" line="620" class="JTD\LaravelMCP\Tests\Unit\Server\Handlers\ToolHandlerTest" classname="JTD.LaravelMCP.Tests.Unit.Server.Handlers.ToolHandlerTest" assertions="1" time="0.005356"/>
          <testcase name="get_content_type_determines_correct_type with data set &quot;array content&quot;" file="/home/jeremyfall/Internal/JTD-Packages/laravel-mcp.git/main/tests/Unit/Server/Handlers/ToolHandlerTest.php" line="620" class="JTD\LaravelMCP\Tests\Unit\Server\Handlers\ToolHandlerTest" classname="JTD.LaravelMCP.Tests.Unit.Server.Handlers.ToolHandlerTest" assertions="1" time="0.005394"/>
          <testcase name="get_content_type_determines_correct_type with data set &quot;object content&quot;" file="/home/jeremyfall/Internal/JTD-Packages/laravel-mcp.git/main/tests/Unit/Server/Handlers/ToolHandlerTest.php" line="620" class="JTD\LaravelMCP\Tests\Unit\Server\Handlers\ToolHandlerTest" classname="JTD.LaravelMCP.Tests.Unit.Server.Handlers.ToolHandlerTest" assertions="1" time="0.005340"/>
          <testcase name="get_content_type_determines_correct_type with data set &quot;number content&quot;" file="/home/jeremyfall/Internal/JTD-Packages/laravel-mcp.git/main/tests/Unit/Server/Handlers/ToolHandlerTest.php" line="620" class="JTD\LaravelMCP\Tests\Unit\Server\Handlers\ToolHandlerTest" classname="JTD.LaravelMCP.Tests.Unit.Server.Handlers.ToolHandlerTest" assertions="1" time="0.005471"/>
          <testcase name="get_content_type_determines_correct_type with data set &quot;boolean content&quot;" file="/home/jeremyfall/Internal/JTD-Packages/laravel-mcp.git/main/tests/Unit/Server/Handlers/ToolHandlerTest.php" line="620" class="JTD\LaravelMCP\Tests\Unit\Server\Handlers\ToolHandlerTest" classname="JTD.LaravelMCP.Tests.Unit.Server.Handlers.ToolHandlerTest" assertions="1" time="0.005435"/>
        </testsuite>
        <testcase name="get_supported_methods_returns_tool_methods" file="/home/jeremyfall/Internal/JTD-Packages/laravel-mcp.git/main/tests/Unit/Server/Handlers/ToolHandlerTest.php" line="60" class="JTD\LaravelMCP\Tests\Unit\Server\Handlers\ToolHandlerTest" classname="JTD.LaravelMCP.Tests.Unit.Server.Handlers.ToolHandlerTest" assertions="1" time="0.004885"/>
        <testcase name="supports_method_returns_true_for_supported_methods" file="/home/jeremyfall/Internal/JTD-Packages/laravel-mcp.git/main/tests/Unit/Server/Handlers/ToolHandlerTest.php" line="68" class="JTD\LaravelMCP\Tests\Unit\Server\Handlers\ToolHandlerTest" classname="JTD.LaravelMCP.Tests.Unit.Server.Handlers.ToolHandlerTest" assertions="2" time="0.005595"/>
        <testcase name="constructor_sets_dependencies_and_handler_name" file="/home/jeremyfall/Internal/JTD-Packages/laravel-mcp.git/main/tests/Unit/Server/Handlers/ToolHandlerTest.php" line="51" class="JTD\LaravelMCP\Tests\Unit\Server\Handlers\ToolHandlerTest" classname="JTD.LaravelMCP.Tests.Unit.Server.Handlers.ToolHandlerTest" assertions="2" time="0.005504"/>
        <testcase name="supports_method_returns_false_for_unsupported_methods" file="/home/jeremyfall/Internal/JTD-Packages/laravel-mcp.git/main/tests/Unit/Server/Handlers/ToolHandlerTest.php" line="75" class="JTD\LaravelMCP\Tests\Unit\Server\Handlers\ToolHandlerTest" classname="JTD.LaravelMCP.Tests.Unit.Server.Handlers.ToolHandlerTest" assertions="2" time="0.006103"/>
        <testcase name="handle_tools_list_returns_empty_tools_array_when_no_tools" file="/home/jeremyfall/Internal/JTD-Packages/laravel-mcp.git/main/tests/Unit/Server/Handlers/ToolHandlerTest.php" line="92" class="JTD\LaravelMCP\Tests\Unit\Server\Handlers\ToolHandlerTest" classname="JTD.LaravelMCP.Tests.Unit.Server.Handlers.ToolHandlerTest" assertions="4" time="0.006018"/>
        <testcase name="handle_tools_list_applies_cursor_pagination" file="/home/jeremyfall/Internal/JTD-Packages/laravel-mcp.git/main/tests/Unit/Server/Handlers/ToolHandlerTest.php" line="185" class="JTD\LaravelMCP\Tests\Unit\Server\Handlers\ToolHandlerTest" classname="JTD.LaravelMCP.Tests.Unit.Server.Handlers.ToolHandlerTest" assertions="3" time="0.006338"/>
        <testcase name="handle_tools_list_includes_next_cursor_when_more_tools_available" file="/home/jeremyfall/Internal/JTD-Packages/laravel-mcp.git/main/tests/Unit/Server/Handlers/ToolHandlerTest.php" line="211" class="JTD\LaravelMCP\Tests\Unit\Server\Handlers\ToolHandlerTest" classname="JTD.LaravelMCP.Tests.Unit.Server.Handlers.ToolHandlerTest" assertions="4" time="0.008634"/>
      </testsuite>
      <testsuite name="JTD\LaravelMCP\Tests\Unit\Server\McpServerTest" file="/home/jeremyfall/Internal/JTD-Packages/laravel-mcp.git/main/tests/Unit/Server/McpServerTest.php" tests="27" assertions="65" errors="0" failures="0" skipped="0" time="1.148714">
        <testcase name="test_can_initialize_server" file="/home/jeremyfall/Internal/JTD-Packages/laravel-mcp.git/main/tests/Unit/Server/McpServerTest.php" line="86" class="JTD\LaravelMCP\Tests\Unit\Server\McpServerTest" classname="JTD.LaravelMCP.Tests.Unit.Server.McpServerTest" assertions="5" time="0.005081"/>
        <testcase name="test_cannot_initialize_server_twice" file="/home/jeremyfall/Internal/JTD-Packages/laravel-mcp.git/main/tests/Unit/Server/McpServerTest.php" line="129" class="JTD\LaravelMCP\Tests\Unit\Server\McpServerTest" classname="JTD.LaravelMCP.Tests.Unit.Server.McpServerTest" assertions="1" time="0.005216"/>
        <testcase name="test_can_start_server_after_initialization" file="/home/jeremyfall/Internal/JTD-Packages/laravel-mcp.git/main/tests/Unit/Server/McpServerTest.php" line="152" class="JTD\LaravelMCP\Tests\Unit\Server\McpServerTest" classname="JTD.LaravelMCP.Tests.Unit.Server.McpServerTest" assertions="1" time="0.006449"/>
        <testcase name="test_start_is_idempotent" file="/home/jeremyfall/Internal/JTD-Packages/laravel-mcp.git/main/tests/Unit/Server/McpServerTest.php" line="178" class="JTD\LaravelMCP\Tests\Unit\Server\McpServerTest" classname="JTD.LaravelMCP.Tests.Unit.Server.McpServerTest" assertions="1" time="0.005329"/>
        <testcase name="test_can_get_server_status" file="/home/jeremyfall/Internal/JTD-Packages/laravel-mcp.git/main/tests/Unit/Server/McpServerTest.php" line="233" class="JTD\LaravelMCP\Tests\Unit\Server\McpServerTest" classname="JTD.LaravelMCP.Tests.Unit.Server.McpServerTest" assertions="8" time="0.005596"/>
        <testcase name="test_can_increment_request_count" file="/home/jeremyfall/Internal/JTD-Packages/laravel-mcp.git/main/tests/Unit/Server/McpServerTest.php" line="414" class="JTD\LaravelMCP\Tests\Unit\Server\McpServerTest" classname="JTD.LaravelMCP.Tests.Unit.Server.McpServerTest" assertions="1" time="0.004697"/>
        <testcase name="test_can_increment_error_count" file="/home/jeremyfall/Internal/JTD-Packages/laravel-mcp.git/main/tests/Unit/Server/McpServerTest.php" line="424" class="JTD\LaravelMCP\Tests\Unit\Server\McpServerTest" classname="JTD.LaravelMCP.Tests.Unit.Server.McpServerTest" assertions="1" time="0.004609"/>
        <testcase name="test_handles_stop_errors" file="/home/jeremyfall/Internal/JTD-Packages/laravel-mcp.git/main/tests/Unit/Server/McpServerTest.php" line="481" class="JTD\LaravelMCP\Tests\Unit\Server\McpServerTest" classname="JTD.LaravelMCP.Tests.Unit.Server.McpServerTest" assertions="2" time="0.005421"/>
        <testcase name="test_can_stop_running_server" file="/home/jeremyfall/Internal/JTD-Packages/laravel-mcp.git/main/tests/Unit/Server/McpServerTest.php" line="193" class="JTD\LaravelMCP\Tests\Unit\Server\McpServerTest" classname="JTD.LaravelMCP.Tests.Unit.Server.McpServerTest" assertions="1" time="0.005380"/>
        <testcase name="test_stop_is_idempotent" file="/home/jeremyfall/Internal/JTD-Packages/laravel-mcp.git/main/tests/Unit/Server/McpServerTest.php" line="206" class="JTD\LaravelMCP\Tests\Unit\Server\McpServerTest" classname="JTD.LaravelMCP.Tests.Unit.Server.McpServerTest" assertions="1" time="0.005343"/>
        <testcase name="test_can_shutdown_gracefully" file="/home/jeremyfall/Internal/JTD-Packages/laravel-mcp.git/main/tests/Unit/Server/McpServerTest.php" line="401" class="JTD\LaravelMCP\Tests\Unit\Server\McpServerTest" classname="JTD.LaravelMCP.Tests.Unit.Server.McpServerTest" assertions="1" time="0.005475"/>
        <testcase name="test_handles_start_errors" file="/home/jeremyfall/Internal/JTD-Packages/laravel-mcp.git/main/tests/Unit/Server/McpServerTest.php" line="467" class="JTD\LaravelMCP\Tests\Unit\Server\McpServerTest" classname="JTD.LaravelMCP.Tests.Unit.Server.McpServerTest" assertions="2" time="0.005535"/>
        <testcase name="test_can_restart_server" file="/home/jeremyfall/Internal/JTD-Packages/laravel-mcp.git/main/tests/Unit/Server/McpServerTest.php" line="220" class="JTD\LaravelMCP\Tests\Unit\Server\McpServerTest" classname="JTD.LaravelMCP.Tests.Unit.Server.McpServerTest" assertions="1" time="1.006666"/>
        <testcase name="test_implements_server_interface" file="/home/jeremyfall/Internal/JTD-Packages/laravel-mcp.git/main/tests/Unit/Server/McpServerTest.php" line="70" class="JTD\LaravelMCP\Tests\Unit\Server\McpServerTest" classname="JTD.LaravelMCP.Tests.Unit.Server.McpServerTest" assertions="1" time="0.006798"/>
        <testcase name="test_can_create_server_instance" file="/home/jeremyfall/Internal/JTD-Packages/laravel-mcp.git/main/tests/Unit/Server/McpServerTest.php" line="75" class="JTD\LaravelMCP\Tests\Unit\Server\McpServerTest" classname="JTD.LaravelMCP.Tests.Unit.Server.McpServerTest" assertions="1" time="0.005174"/>
        <testcase name="test_server_starts_uninitialized_and_not_running" file="/home/jeremyfall/Internal/JTD-Packages/laravel-mcp.git/main/tests/Unit/Server/McpServerTest.php" line="80" class="JTD\LaravelMCP\Tests\Unit\Server\McpServerTest" classname="JTD.LaravelMCP.Tests.Unit.Server.McpServerTest" assertions="2" time="0.005458"/>
        <testcase name="test_can_get_capabilities" file="/home/jeremyfall/Internal/JTD-Packages/laravel-mcp.git/main/tests/Unit/Server/McpServerTest.php" line="301" class="JTD\LaravelMCP\Tests\Unit\Server\McpServerTest" classname="JTD.LaravelMCP.Tests.Unit.Server.McpServerTest" assertions="1" time="0.005179"/>
        <testcase name="test_can_set_and_get_configuration" file="/home/jeremyfall/Internal/JTD-Packages/laravel-mcp.git/main/tests/Unit/Server/McpServerTest.php" line="314" class="JTD\LaravelMCP\Tests\Unit\Server\McpServerTest" classname="JTD.LaravelMCP.Tests.Unit.Server.McpServerTest" assertions="2" time="0.005034"/>
        <testcase name="test_can_get_uptime" file="/home/jeremyfall/Internal/JTD-Packages/laravel-mcp.git/main/tests/Unit/Server/McpServerTest.php" line="359" class="JTD\LaravelMCP\Tests\Unit\Server\McpServerTest" classname="JTD.LaravelMCP.Tests.Unit.Server.McpServerTest" assertions="1" time="0.005214"/>
        <testcase name="test_cannot_start_uninitialized_server" file="/home/jeremyfall/Internal/JTD-Packages/laravel-mcp.git/main/tests/Unit/Server/McpServerTest.php" line="170" class="JTD\LaravelMCP\Tests\Unit\Server\McpServerTest" classname="JTD.LaravelMCP.Tests.Unit.Server.McpServerTest" assertions="2" time="0.005078"/>
        <testcase name="test_can_get_server_health" file="/home/jeremyfall/Internal/JTD-Packages/laravel-mcp.git/main/tests/Unit/Server/McpServerTest.php" line="249" class="JTD\LaravelMCP\Tests\Unit\Server\McpServerTest" classname="JTD.LaravelMCP.Tests.Unit.Server.McpServerTest" assertions="10" time="0.006175"/>
        <testcase name="test_can_get_server_info" file="/home/jeremyfall/Internal/JTD-Packages/laravel-mcp.git/main/tests/Unit/Server/McpServerTest.php" line="284" class="JTD\LaravelMCP\Tests\Unit\Server\McpServerTest" classname="JTD.LaravelMCP.Tests.Unit.Server.McpServerTest" assertions="1" time="0.004784"/>
        <testcase name="test_can_register_transport" file="/home/jeremyfall/Internal/JTD-Packages/laravel-mcp.git/main/tests/Unit/Server/McpServerTest.php" line="325" class="JTD\LaravelMCP\Tests\Unit\Server\McpServerTest" classname="JTD.LaravelMCP.Tests.Unit.Server.McpServerTest" assertions="1" time="0.005160"/>
        <testcase name="test_can_remove_transport" file="/home/jeremyfall/Internal/JTD-Packages/laravel-mcp.git/main/tests/Unit/Server/McpServerTest.php" line="340" class="JTD\LaravelMCP\Tests\Unit\Server\McpServerTest" classname="JTD.LaravelMCP.Tests.Unit.Server.McpServerTest" assertions="1" time="0.005245"/>
        <testcase name="test_can_get_metrics" file="/home/jeremyfall/Internal/JTD-Packages/laravel-mcp.git/main/tests/Unit/Server/McpServerTest.php" line="372" class="JTD\LaravelMCP\Tests\Unit\Server\McpServerTest" classname="JTD.LaravelMCP.Tests.Unit.Server.McpServerTest" assertions="8" time="0.005720"/>
        <testcase name="test_handles_initialization_errors" file="/home/jeremyfall/Internal/JTD-Packages/laravel-mcp.git/main/tests/Unit/Server/McpServerTest.php" line="455" class="JTD\LaravelMCP\Tests\Unit\Server\McpServerTest" classname="JTD.LaravelMCP.Tests.Unit.Server.McpServerTest" assertions="2" time="0.005663"/>
        <testcase name="test_can_get_diagnostics" file="/home/jeremyfall/Internal/JTD-Packages/laravel-mcp.git/main/tests/Unit/Server/McpServerTest.php" line="434" class="JTD\LaravelMCP\Tests\Unit\Server\McpServerTest" classname="JTD.LaravelMCP.Tests.Unit.Server.McpServerTest" assertions="6" time="0.007236"/>
      </testsuite>
      <testsuite name="JTD\LaravelMCP\Tests\Unit\Server\ServerInfoTest" file="/home/jeremyfall/Internal/JTD-Packages/laravel-mcp.git/main/tests/Unit/Server/ServerInfoTest.php" tests="26" assertions="72" errors="0" failures="0" skipped="0" time="1.123003">
        <testcase name="test_implementation_info_is_correct" file="/home/jeremyfall/Internal/JTD-Packages/laravel-mcp.git/main/tests/Unit/Server/ServerInfoTest.php" line="265" class="JTD\LaravelMCP\Tests\Unit\Server\ServerInfoTest" classname="JTD.LaravelMCP.Tests.Unit.Server.ServerInfoTest" assertions="5" time="0.004559"/>
        <testcase name="test_can_create_server_info_instance" file="/home/jeremyfall/Internal/JTD-Packages/laravel-mcp.git/main/tests/Unit/Server/ServerInfoTest.php" line="20" class="JTD\LaravelMCP\Tests\Unit\Server\ServerInfoTest" classname="JTD.LaravelMCP.Tests.Unit.Server.ServerInfoTest" assertions="1" time="0.004584"/>
        <testcase name="test_can_get_basic_info" file="/home/jeremyfall/Internal/JTD-Packages/laravel-mcp.git/main/tests/Unit/Server/ServerInfoTest.php" line="40" class="JTD\LaravelMCP\Tests\Unit\Server\ServerInfoTest" classname="JTD.LaravelMCP.Tests.Unit.Server.ServerInfoTest" assertions="3" time="0.004566"/>
        <testcase name="test_can_get_uptime" file="/home/jeremyfall/Internal/JTD-Packages/laravel-mcp.git/main/tests/Unit/Server/ServerInfoTest.php" line="56" class="JTD\LaravelMCP\Tests\Unit\Server\ServerInfoTest" classname="JTD.LaravelMCP.Tests.Unit.Server.ServerInfoTest" assertions="3" time="0.004481"/>
        <testcase name="test_can_get_start_time" file="/home/jeremyfall/Internal/JTD-Packages/laravel-mcp.git/main/tests/Unit/Server/ServerInfoTest.php" line="64" class="JTD\LaravelMCP\Tests\Unit\Server\ServerInfoTest" classname="JTD.LaravelMCP.Tests.Unit.Server.ServerInfoTest" assertions="3" time="0.004283"/>
        <testcase name="test_can_get_name" file="/home/jeremyfall/Internal/JTD-Packages/laravel-mcp.git/main/tests/Unit/Server/ServerInfoTest.php" line="72" class="JTD\LaravelMCP\Tests\Unit\Server\ServerInfoTest" classname="JTD.LaravelMCP.Tests.Unit.Server.ServerInfoTest" assertions="2" time="0.004324"/>
        <testcase name="test_can_get_version" file="/home/jeremyfall/Internal/JTD-Packages/laravel-mcp.git/main/tests/Unit/Server/ServerInfoTest.php" line="80" class="JTD\LaravelMCP\Tests\Unit\Server\ServerInfoTest" classname="JTD.LaravelMCP.Tests.Unit.Server.ServerInfoTest" assertions="2" time="0.004374"/>
        <testcase name="test_can_get_description" file="/home/jeremyfall/Internal/JTD-Packages/laravel-mcp.git/main/tests/Unit/Server/ServerInfoTest.php" line="88" class="JTD\LaravelMCP\Tests\Unit\Server\ServerInfoTest" classname="JTD.LaravelMCP.Tests.Unit.Server.ServerInfoTest" assertions="2" time="0.004340"/>
        <testcase name="test_can_set_name" file="/home/jeremyfall/Internal/JTD-Packages/laravel-mcp.git/main/tests/Unit/Server/ServerInfoTest.php" line="104" class="JTD\LaravelMCP\Tests\Unit\Server\ServerInfoTest" classname="JTD.LaravelMCP.Tests.Unit.Server.ServerInfoTest" assertions="1" time="0.004503"/>
        <testcase name="test_can_set_version" file="/home/jeremyfall/Internal/JTD-Packages/laravel-mcp.git/main/tests/Unit/Server/ServerInfoTest.php" line="112" class="JTD\LaravelMCP\Tests\Unit\Server\ServerInfoTest" classname="JTD.LaravelMCP.Tests.Unit.Server.ServerInfoTest" assertions="1" time="0.004591"/>
        <testcase name="test_can_set_description" file="/home/jeremyfall/Internal/JTD-Packages/laravel-mcp.git/main/tests/Unit/Server/ServerInfoTest.php" line="120" class="JTD\LaravelMCP\Tests\Unit\Server\ServerInfoTest" classname="JTD.LaravelMCP.Tests.Unit.Server.ServerInfoTest" assertions="1" time="0.004381"/>
        <testcase name="test_can_set_vendor" file="/home/jeremyfall/Internal/JTD-Packages/laravel-mcp.git/main/tests/Unit/Server/ServerInfoTest.php" line="128" class="JTD\LaravelMCP\Tests\Unit\Server\ServerInfoTest" classname="JTD.LaravelMCP.Tests.Unit.Server.ServerInfoTest" assertions="1" time="0.004769"/>
        <testcase name="test_can_update_server_info" file="/home/jeremyfall/Internal/JTD-Packages/laravel-mcp.git/main/tests/Unit/Server/ServerInfoTest.php" line="136" class="JTD\LaravelMCP\Tests\Unit\Server\ServerInfoTest" classname="JTD.LaravelMCP.Tests.Unit.Server.ServerInfoTest" assertions="2" time="0.004837"/>
        <testcase name="test_can_update_runtime_info" file="/home/jeremyfall/Internal/JTD-Packages/laravel-mcp.git/main/tests/Unit/Server/ServerInfoTest.php" line="149" class="JTD\LaravelMCP\Tests\Unit\Server\ServerInfoTest" classname="JTD.LaravelMCP.Tests.Unit.Server.ServerInfoTest" assertions="2" time="0.004833"/>
        <testcase name="test_can_get_status" file="/home/jeremyfall/Internal/JTD-Packages/laravel-mcp.git/main/tests/Unit/Server/ServerInfoTest.php" line="162" class="JTD\LaravelMCP\Tests\Unit\Server\ServerInfoTest" classname="JTD.LaravelMCP.Tests.Unit.Server.ServerInfoTest" assertions="7" time="0.004629"/>
        <testcase name="test_can_get_formatted_uptime" file="/home/jeremyfall/Internal/JTD-Packages/laravel-mcp.git/main/tests/Unit/Server/ServerInfoTest.php" line="185" class="JTD\LaravelMCP\Tests\Unit\Server\ServerInfoTest" classname="JTD.LaravelMCP.Tests.Unit.Server.ServerInfoTest" assertions="2" time="0.004543"/>
        <testcase name="test_can_convert_to_array" file="/home/jeremyfall/Internal/JTD-Packages/laravel-mcp.git/main/tests/Unit/Server/ServerInfoTest.php" line="215" class="JTD\LaravelMCP\Tests\Unit\Server\ServerInfoTest" classname="JTD.LaravelMCP.Tests.Unit.Server.ServerInfoTest" assertions="3" time="0.004777"/>
        <testcase name="test_respects_environment_variables" file="/home/jeremyfall/Internal/JTD-Packages/laravel-mcp.git/main/tests/Unit/Server/ServerInfoTest.php" line="239" class="JTD\LaravelMCP\Tests\Unit\Server\ServerInfoTest" classname="JTD.LaravelMCP.Tests.Unit.Server.ServerInfoTest" assertions="2" time="0.004667"/>
        <testcase name="test_has_default_server_information" file="/home/jeremyfall/Internal/JTD-Packages/laravel-mcp.git/main/tests/Unit/Server/ServerInfoTest.php" line="25" class="JTD\LaravelMCP\Tests\Unit\Server\ServerInfoTest" classname="JTD.LaravelMCP.Tests.Unit.Server.ServerInfoTest" assertions="9" time="0.004918"/>
        <testcase name="test_can_get_protocol_version" file="/home/jeremyfall/Internal/JTD-Packages/laravel-mcp.git/main/tests/Unit/Server/ServerInfoTest.php" line="49" class="JTD\LaravelMCP\Tests\Unit\Server\ServerInfoTest" classname="JTD.LaravelMCP.Tests.Unit.Server.ServerInfoTest" assertions="1" time="0.004604"/>
        <testcase name="test_can_get_vendor" file="/home/jeremyfall/Internal/JTD-Packages/laravel-mcp.git/main/tests/Unit/Server/ServerInfoTest.php" line="96" class="JTD\LaravelMCP\Tests\Unit\Server\ServerInfoTest" classname="JTD.LaravelMCP.Tests.Unit.Server.ServerInfoTest" assertions="2" time="0.004675"/>
        <testcase name="test_can_get_detailed_info" file="/home/jeremyfall/Internal/JTD-Packages/laravel-mcp.git/main/tests/Unit/Server/ServerInfoTest.php" line="175" class="JTD\LaravelMCP\Tests\Unit\Server\ServerInfoTest" classname="JTD.LaravelMCP.Tests.Unit.Server.ServerInfoTest" assertions="4" time="0.005388"/>
        <testcase name="test_can_convert_to_json" file="/home/jeremyfall/Internal/JTD-Packages/laravel-mcp.git/main/tests/Unit/Server/ServerInfoTest.php" line="204" class="JTD\LaravelMCP\Tests\Unit\Server\ServerInfoTest" classname="JTD.LaravelMCP.Tests.Unit.Server.ServerInfoTest" assertions="3" time="0.004848"/>
        <testcase name="test_respects_configuration" file="/home/jeremyfall/Internal/JTD-Packages/laravel-mcp.git/main/tests/Unit/Server/ServerInfoTest.php" line="224" class="JTD\LaravelMCP\Tests\Unit\Server\ServerInfoTest" classname="JTD.LaravelMCP.Tests.Unit.Server.ServerInfoTest" assertions="4" time="0.005315"/>
        <testcase name="test_runtime_info_contains_required_fields" file="/home/jeremyfall/Internal/JTD-Packages/laravel-mcp.git/main/tests/Unit/Server/ServerInfoTest.php" line="253" class="JTD\LaravelMCP\Tests\Unit\Server\ServerInfoTest" classname="JTD.LaravelMCP.Tests.Unit.Server.ServerInfoTest" assertions="5" time="0.005550"/>
        <testcase name="test_can_reset_start_time" file="/home/jeremyfall/Internal/JTD-Packages/laravel-mcp.git/main/tests/Unit/Server/ServerInfoTest.php" line="193" class="JTD\LaravelMCP\Tests\Unit\Server\ServerInfoTest" classname="JTD.LaravelMCP.Tests.Unit.Server.ServerInfoTest" assertions="1" time="1.005668"/>
      </testsuite>
      <testsuite name="JTD\LaravelMCP\Tests\Unit\Traits\HandlesMcpRequestsTest" file="/home/jeremyfall/Internal/JTD-Packages/laravel-mcp.git/main/tests/Unit/Traits/HandlesMcpRequestsTest.php" tests="24" assertions="57" errors="0" failures="0" skipped="0" time="0.119751">
        <testcase name="test_process_request_with_mcp_exception" file="/home/jeremyfall/Internal/JTD-Packages/laravel-mcp.git/main/tests/Unit/Traits/HandlesMcpRequestsTest.php" line="73" class="JTD\LaravelMCP\Tests\Unit\Traits\HandlesMcpRequestsTest" classname="JTD.LaravelMCP.Tests.Unit.Traits.HandlesMcpRequestsTest" assertions="5" time="0.005550"/>
        <testcase name="test_process_request_with_generic_exception" file="/home/jeremyfall/Internal/JTD-Packages/laravel-mcp.git/main/tests/Unit/Traits/HandlesMcpRequestsTest.php" line="91" class="JTD\LaravelMCP\Tests\Unit\Traits\HandlesMcpRequestsTest" classname="JTD.LaravelMCP.Tests.Unit.Traits.HandlesMcpRequestsTest" assertions="5" time="0.004537"/>
        <testcase name="test_create_success_response" file="/home/jeremyfall/Internal/JTD-Packages/laravel-mcp.git/main/tests/Unit/Traits/HandlesMcpRequestsTest.php" line="109" class="JTD\LaravelMCP\Tests\Unit\Traits\HandlesMcpRequestsTest" classname="JTD.LaravelMCP.Tests.Unit.Traits.HandlesMcpRequestsTest" assertions="3" time="0.004476"/>
        <testcase name="test_validate_required_params_all_present" file="/home/jeremyfall/Internal/JTD-Packages/laravel-mcp.git/main/tests/Unit/Traits/HandlesMcpRequestsTest.php" line="150" class="JTD\LaravelMCP\Tests\Unit\Traits\HandlesMcpRequestsTest" classname="JTD.LaravelMCP.Tests.Unit.Traits.HandlesMcpRequestsTest" assertions="1" time="0.004385"/>
        <testcase name="test_validate_required_params_missing" file="/home/jeremyfall/Internal/JTD-Packages/laravel-mcp.git/main/tests/Unit/Traits/HandlesMcpRequestsTest.php" line="163" class="JTD\LaravelMCP\Tests\Unit\Traits\HandlesMcpRequestsTest" classname="JTD.LaravelMCP.Tests.Unit.Traits.HandlesMcpRequestsTest" assertions="3" time="0.004407"/>
        <testcase name="test_extract_params_with_required" file="/home/jeremyfall/Internal/JTD-Packages/laravel-mcp.git/main/tests/Unit/Traits/HandlesMcpRequestsTest.php" line="178" class="JTD\LaravelMCP\Tests\Unit\Traits\HandlesMcpRequestsTest" classname="JTD.LaravelMCP.Tests.Unit.Traits.HandlesMcpRequestsTest" assertions="1" time="0.009294"/>
        <testcase name="test_extract_params_missing_required" file="/home/jeremyfall/Internal/JTD-Packages/laravel-mcp.git/main/tests/Unit/Traits/HandlesMcpRequestsTest.php" line="194" class="JTD\LaravelMCP\Tests\Unit\Traits\HandlesMcpRequestsTest" classname="JTD.LaravelMCP.Tests.Unit.Traits.HandlesMcpRequestsTest" assertions="2" time="0.004675"/>
        <testcase name="test_extract_params_with_defaults" file="/home/jeremyfall/Internal/JTD-Packages/laravel-mcp.git/main/tests/Unit/Traits/HandlesMcpRequestsTest.php" line="211" class="JTD\LaravelMCP\Tests\Unit\Traits\HandlesMcpRequestsTest" classname="JTD.LaravelMCP.Tests.Unit.Traits.HandlesMcpRequestsTest" assertions="1" time="0.004593"/>
        <testcase name="test_validate_param_with_custom_validator" file="/home/jeremyfall/Internal/JTD-Packages/laravel-mcp.git/main/tests/Unit/Traits/HandlesMcpRequestsTest.php" line="243" class="JTD\LaravelMCP\Tests\Unit\Traits\HandlesMcpRequestsTest" classname="JTD.LaravelMCP.Tests.Unit.Traits.HandlesMcpRequestsTest" assertions="1" time="0.004432"/>
        <testcase name="test_validate_param_type_string" file="/home/jeremyfall/Internal/JTD-Packages/laravel-mcp.git/main/tests/Unit/Traits/HandlesMcpRequestsTest.php" line="258" class="JTD\LaravelMCP\Tests\Unit\Traits\HandlesMcpRequestsTest" classname="JTD.LaravelMCP.Tests.Unit.Traits.HandlesMcpRequestsTest" assertions="3" time="0.004549"/>
        <testcase name="test_validate_param_type_integer" file="/home/jeremyfall/Internal/JTD-Packages/laravel-mcp.git/main/tests/Unit/Traits/HandlesMcpRequestsTest.php" line="273" class="JTD\LaravelMCP\Tests\Unit\Traits\HandlesMcpRequestsTest" classname="JTD.LaravelMCP.Tests.Unit.Traits.HandlesMcpRequestsTest" assertions="3" time="0.004410"/>
        <testcase name="test_validate_param_type_array" file="/home/jeremyfall/Internal/JTD-Packages/laravel-mcp.git/main/tests/Unit/Traits/HandlesMcpRequestsTest.php" line="288" class="JTD\LaravelMCP\Tests\Unit\Traits\HandlesMcpRequestsTest" classname="JTD.LaravelMCP.Tests.Unit.Traits.HandlesMcpRequestsTest" assertions="3" time="0.004483"/>
        <testcase name="test_validate_param_type_object" file="/home/jeremyfall/Internal/JTD-Packages/laravel-mcp.git/main/tests/Unit/Traits/HandlesMcpRequestsTest.php" line="303" class="JTD\LaravelMCP\Tests\Unit\Traits\HandlesMcpRequestsTest" classname="JTD.LaravelMCP.Tests.Unit.Traits.HandlesMcpRequestsTest" assertions="4" time="0.004522"/>
        <testcase name="test_get_component_name" file="/home/jeremyfall/Internal/JTD-Packages/laravel-mcp.git/main/tests/Unit/Traits/HandlesMcpRequestsTest.php" line="322" class="JTD\LaravelMCP\Tests\Unit\Traits\HandlesMcpRequestsTest" classname="JTD.LaravelMCP.Tests.Unit.Traits.HandlesMcpRequestsTest" assertions="2" time="0.004526"/>
        <testcase name="test_log_request_with_debug_disabled" file="/home/jeremyfall/Internal/JTD-Packages/laravel-mcp.git/main/tests/Unit/Traits/HandlesMcpRequestsTest.php" line="346" class="JTD\LaravelMCP\Tests\Unit\Traits\HandlesMcpRequestsTest" classname="JTD.LaravelMCP.Tests.Unit.Traits.HandlesMcpRequestsTest" assertions="1" time="0.004806"/>
        <testcase name="test_complex_parameter_extraction" file="/home/jeremyfall/Internal/JTD-Packages/laravel-mcp.git/main/tests/Unit/Traits/HandlesMcpRequestsTest.php" line="370" class="JTD\LaravelMCP\Tests\Unit\Traits\HandlesMcpRequestsTest" classname="JTD.LaravelMCP.Tests.Unit.Traits.HandlesMcpRequestsTest" assertions="2" time="0.004662"/>
        <testcase name="test_error_response_includes_timestamp" file="/home/jeremyfall/Internal/JTD-Packages/laravel-mcp.git/main/tests/Unit/Traits/HandlesMcpRequestsTest.php" line="415" class="JTD\LaravelMCP\Tests\Unit\Traits\HandlesMcpRequestsTest" classname="JTD.LaravelMCP.Tests.Unit.Traits.HandlesMcpRequestsTest" assertions="2" time="0.004634"/>
        <testcase name="test_success_response_includes_timestamp" file="/home/jeremyfall/Internal/JTD-Packages/laravel-mcp.git/main/tests/Unit/Traits/HandlesMcpRequestsTest.php" line="426" class="JTD\LaravelMCP\Tests\Unit\Traits\HandlesMcpRequestsTest" classname="JTD.LaravelMCP.Tests.Unit.Traits.HandlesMcpRequestsTest" assertions="2" time="0.004688"/>
        <testcase name="test_process_request_success" file="/home/jeremyfall/Internal/JTD-Packages/laravel-mcp.git/main/tests/Unit/Traits/HandlesMcpRequestsTest.php" line="54" class="JTD\LaravelMCP\Tests\Unit\Traits\HandlesMcpRequestsTest" classname="JTD.LaravelMCP.Tests.Unit.Traits.HandlesMcpRequestsTest" assertions="3" time="0.004659"/>
        <testcase name="test_create_error_response_without_data" file="/home/jeremyfall/Internal/JTD-Packages/laravel-mcp.git/main/tests/Unit/Traits/HandlesMcpRequestsTest.php" line="123" class="JTD\LaravelMCP\Tests\Unit\Traits\HandlesMcpRequestsTest" classname="JTD.LaravelMCP.Tests.Unit.Traits.HandlesMcpRequestsTest" assertions="5" time="0.004794"/>
        <testcase name="test_create_error_response_with_data" file="/home/jeremyfall/Internal/JTD-Packages/laravel-mcp.git/main/tests/Unit/Traits/HandlesMcpRequestsTest.php" line="137" class="JTD\LaravelMCP\Tests\Unit\Traits\HandlesMcpRequestsTest" classname="JTD.LaravelMCP.Tests.Unit.Traits.HandlesMcpRequestsTest" assertions="2" time="0.005600"/>
        <testcase name="test_validate_param_with_type" file="/home/jeremyfall/Internal/JTD-Packages/laravel-mcp.git/main/tests/Unit/Traits/HandlesMcpRequestsTest.php" line="232" class="JTD\LaravelMCP\Tests\Unit\Traits\HandlesMcpRequestsTest" classname="JTD.LaravelMCP.Tests.Unit.Traits.HandlesMcpRequestsTest" assertions="1" time="0.006676"/>
        <testcase name="test_log_request_with_debug_enabled" file="/home/jeremyfall/Internal/JTD-Packages/laravel-mcp.git/main/tests/Unit/Traits/HandlesMcpRequestsTest.php" line="334" class="JTD\LaravelMCP\Tests\Unit\Traits\HandlesMcpRequestsTest" classname="JTD.LaravelMCP.Tests.Unit.Traits.HandlesMcpRequestsTest" assertions="1" time="0.005524"/>
        <testcase name="test_log_response_with_debug_enabled" file="/home/jeremyfall/Internal/JTD-Packages/laravel-mcp.git/main/tests/Unit/Traits/HandlesMcpRequestsTest.php" line="358" class="JTD\LaravelMCP\Tests\Unit\Traits\HandlesMcpRequestsTest" classname="JTD.LaravelMCP.Tests.Unit.Traits.HandlesMcpRequestsTest" assertions="1" time="0.004870"/>
      </testsuite>
      <testsuite name="JTD\LaravelMCP\Tests\Unit\Traits\ValidatesParametersTest" file="/home/jeremyfall/Internal/JTD-Packages/laravel-mcp.git/main/tests/Unit/Traits/ValidatesParametersTest.php" tests="24" assertions="70" errors="0" failures="0" skipped="0" time="0.113490">
        <testcase name="test_validate_schema_with_valid_params" file="/home/jeremyfall/Internal/JTD-Packages/laravel-mcp.git/main/tests/Unit/Traits/ValidatesParametersTest.php" line="53" class="JTD\LaravelMCP\Tests\Unit\Traits\ValidatesParametersTest" classname="JTD.LaravelMCP.Tests.Unit.Traits.ValidatesParametersTest" assertions="1" time="0.004279"/>
        <testcase name="test_validate_schema_missing_required" file="/home/jeremyfall/Internal/JTD-Packages/laravel-mcp.git/main/tests/Unit/Traits/ValidatesParametersTest.php" line="75" class="JTD\LaravelMCP\Tests\Unit\Traits\ValidatesParametersTest" classname="JTD.LaravelMCP.Tests.Unit.Traits.ValidatesParametersTest" assertions="2" time="0.004447"/>
        <testcase name="test_validate_field_type_string" file="/home/jeremyfall/Internal/JTD-Packages/laravel-mcp.git/main/tests/Unit/Traits/ValidatesParametersTest.php" line="115" class="JTD\LaravelMCP\Tests\Unit\Traits\ValidatesParametersTest" classname="JTD.LaravelMCP.Tests.Unit.Traits.ValidatesParametersTest" assertions="3" time="0.004296"/>
        <testcase name="test_validate_field_type_number" file="/home/jeremyfall/Internal/JTD-Packages/laravel-mcp.git/main/tests/Unit/Traits/ValidatesParametersTest.php" line="149" class="JTD\LaravelMCP\Tests\Unit\Traits\ValidatesParametersTest" classname="JTD.LaravelMCP.Tests.Unit.Traits.ValidatesParametersTest" assertions="3" time="0.004347"/>
        <testcase name="test_validate_field_type_boolean" file="/home/jeremyfall/Internal/JTD-Packages/laravel-mcp.git/main/tests/Unit/Traits/ValidatesParametersTest.php" line="166" class="JTD\LaravelMCP\Tests\Unit\Traits\ValidatesParametersTest" classname="JTD.LaravelMCP.Tests.Unit.Traits.ValidatesParametersTest" assertions="3" time="0.004882"/>
        <testcase name="test_validate_field_type_array" file="/home/jeremyfall/Internal/JTD-Packages/laravel-mcp.git/main/tests/Unit/Traits/ValidatesParametersTest.php" line="182" class="JTD\LaravelMCP\Tests\Unit\Traits\ValidatesParametersTest" classname="JTD.LaravelMCP.Tests.Unit.Traits.ValidatesParametersTest" assertions="3" time="0.004810"/>
        <testcase name="test_validate_field_type_null" file="/home/jeremyfall/Internal/JTD-Packages/laravel-mcp.git/main/tests/Unit/Traits/ValidatesParametersTest.php" line="215" class="JTD\LaravelMCP\Tests\Unit\Traits\ValidatesParametersTest" classname="JTD.LaravelMCP.Tests.Unit.Traits.ValidatesParametersTest" assertions="3" time="0.004330"/>
        <testcase name="test_validate_field_format_email" file="/home/jeremyfall/Internal/JTD-Packages/laravel-mcp.git/main/tests/Unit/Traits/ValidatesParametersTest.php" line="230" class="JTD\LaravelMCP\Tests\Unit\Traits\ValidatesParametersTest" classname="JTD.LaravelMCP.Tests.Unit.Traits.ValidatesParametersTest" assertions="3" time="0.004429"/>
        <testcase name="test_validate_field_format_url" file="/home/jeremyfall/Internal/JTD-Packages/laravel-mcp.git/main/tests/Unit/Traits/ValidatesParametersTest.php" line="245" class="JTD\LaravelMCP\Tests\Unit\Traits\ValidatesParametersTest" classname="JTD.LaravelMCP.Tests.Unit.Traits.ValidatesParametersTest" assertions="3" time="0.004320"/>
        <testcase name="test_validate_field_format_uri" file="/home/jeremyfall/Internal/JTD-Packages/laravel-mcp.git/main/tests/Unit/Traits/ValidatesParametersTest.php" line="260" class="JTD\LaravelMCP\Tests\Unit\Traits\ValidatesParametersTest" classname="JTD.LaravelMCP.Tests.Unit.Traits.ValidatesParametersTest" assertions="4" time="0.004555"/>
        <testcase name="test_validate_field_format_datetime" file="/home/jeremyfall/Internal/JTD-Packages/laravel-mcp.git/main/tests/Unit/Traits/ValidatesParametersTest.php" line="278" class="JTD\LaravelMCP\Tests\Unit\Traits\ValidatesParametersTest" classname="JTD.LaravelMCP.Tests.Unit.Traits.ValidatesParametersTest" assertions="3" time="0.004449"/>
        <testcase name="test_validate_field_format_uuid" file="/home/jeremyfall/Internal/JTD-Packages/laravel-mcp.git/main/tests/Unit/Traits/ValidatesParametersTest.php" line="293" class="JTD\LaravelMCP\Tests\Unit\Traits\ValidatesParametersTest" classname="JTD.LaravelMCP.Tests.Unit.Traits.ValidatesParametersTest" assertions="3" time="0.004589"/>
        <testcase name="test_validate_field_length_string" file="/home/jeremyfall/Internal/JTD-Packages/laravel-mcp.git/main/tests/Unit/Traits/ValidatesParametersTest.php" line="309" class="JTD\LaravelMCP\Tests\Unit\Traits\ValidatesParametersTest" classname="JTD.LaravelMCP.Tests.Unit.Traits.ValidatesParametersTest" assertions="3" time="0.004740"/>
        <testcase name="test_validate_field_length_array" file="/home/jeremyfall/Internal/JTD-Packages/laravel-mcp.git/main/tests/Unit/Traits/ValidatesParametersTest.php" line="326" class="JTD\LaravelMCP\Tests\Unit\Traits\ValidatesParametersTest" classname="JTD.LaravelMCP.Tests.Unit.Traits.ValidatesParametersTest" assertions="3" time="0.004831"/>
        <testcase name="test_validate_field_enum" file="/home/jeremyfall/Internal/JTD-Packages/laravel-mcp.git/main/tests/Unit/Traits/ValidatesParametersTest.php" line="360" class="JTD\LaravelMCP\Tests\Unit\Traits\ValidatesParametersTest" classname="JTD.LaravelMCP.Tests.Unit.Traits.ValidatesParametersTest" assertions="3" time="0.004530"/>
        <testcase name="test_validate_field_pattern" file="/home/jeremyfall/Internal/JTD-Packages/laravel-mcp.git/main/tests/Unit/Traits/ValidatesParametersTest.php" line="377" class="JTD\LaravelMCP\Tests\Unit\Traits\ValidatesParametersTest" classname="JTD.LaravelMCP.Tests.Unit.Traits.ValidatesParametersTest" assertions="3" time="0.004678"/>
        <testcase name="test_validate_field_with_custom_validator" file="/home/jeremyfall/Internal/JTD-Packages/laravel-mcp.git/main/tests/Unit/Traits/ValidatesParametersTest.php" line="394" class="JTD\LaravelMCP\Tests\Unit\Traits\ValidatesParametersTest" classname="JTD.LaravelMCP.Tests.Unit.Traits.ValidatesParametersTest" assertions="5" time="0.005269"/>
        <testcase name="test_complex_schema_validation" file="/home/jeremyfall/Internal/JTD-Packages/laravel-mcp.git/main/tests/Unit/Traits/ValidatesParametersTest.php" line="431" class="JTD\LaravelMCP\Tests\Unit\Traits\ValidatesParametersTest" classname="JTD.LaravelMCP.Tests.Unit.Traits.ValidatesParametersTest" assertions="2" time="0.005044"/>
        <testcase name="test_is_required" file="/home/jeremyfall/Internal/JTD-Packages/laravel-mcp.git/main/tests/Unit/Traits/ValidatesParametersTest.php" line="466" class="JTD\LaravelMCP\Tests\Unit\Traits\ValidatesParametersTest" classname="JTD.LaravelMCP.Tests.Unit.Traits.ValidatesParametersTest" assertions="3" time="0.005229"/>
        <testcase name="test_validate_schema_with_defaults" file="/home/jeremyfall/Internal/JTD-Packages/laravel-mcp.git/main/tests/Unit/Traits/ValidatesParametersTest.php" line="93" class="JTD\LaravelMCP\Tests\Unit\Traits\ValidatesParametersTest" classname="JTD.LaravelMCP.Tests.Unit.Traits.ValidatesParametersTest" assertions="1" time="0.004775"/>
        <testcase name="test_validate_field_type_integer" file="/home/jeremyfall/Internal/JTD-Packages/laravel-mcp.git/main/tests/Unit/Traits/ValidatesParametersTest.php" line="130" class="JTD\LaravelMCP\Tests\Unit\Traits\ValidatesParametersTest" classname="JTD.LaravelMCP.Tests.Unit.Traits.ValidatesParametersTest" assertions="4" time="0.005273"/>
        <testcase name="test_validate_field_type_object" file="/home/jeremyfall/Internal/JTD-Packages/laravel-mcp.git/main/tests/Unit/Traits/ValidatesParametersTest.php" line="197" class="JTD\LaravelMCP\Tests\Unit\Traits\ValidatesParametersTest" classname="JTD.LaravelMCP.Tests.Unit.Traits.ValidatesParametersTest" assertions="3" time="0.005228"/>
        <testcase name="test_validate_field_range" file="/home/jeremyfall/Internal/JTD-Packages/laravel-mcp.git/main/tests/Unit/Traits/ValidatesParametersTest.php" line="343" class="JTD\LaravelMCP\Tests\Unit\Traits\ValidatesParametersTest" classname="JTD.LaravelMCP.Tests.Unit.Traits.ValidatesParametersTest" assertions="3" time="0.005020"/>
        <testcase name="test_get_validation_error_summary" file="/home/jeremyfall/Internal/JTD-Packages/laravel-mcp.git/main/tests/Unit/Traits/ValidatesParametersTest.php" line="476" class="JTD\LaravelMCP\Tests\Unit\Traits\ValidatesParametersTest" classname="JTD.LaravelMCP.Tests.Unit.Traits.ValidatesParametersTest" assertions="3" time="0.005142"/>
      </testsuite>
      <testsuite name="JTD\LaravelMCP\Tests\Unit\Transport\Contracts\MessageHandlerInterfaceTest" file="/home/jeremyfall/Internal/JTD-Packages/laravel-mcp.git/main/tests/Unit/Transport/Contracts/MessageHandlerInterfaceTest.php" tests="16" assertions="53" errors="0" failures="0" skipped="0" time="0.078941">
        <testcase name="test_handle_valid_message_returns_response" file="/home/jeremyfall/Internal/JTD-Packages/laravel-mcp.git/main/tests/Unit/Transport/Contracts/MessageHandlerInterfaceTest.php" line="35" class="JTD\LaravelMCP\Tests\Unit\Transport\Contracts\MessageHandlerInterfaceTest" classname="JTD.LaravelMCP.Tests.Unit.Transport.Contracts.MessageHandlerInterfaceTest" assertions="2" time="0.004600"/>
        <testcase name="test_handle_notification_returns_null" file="/home/jeremyfall/Internal/JTD-Packages/laravel-mcp.git/main/tests/Unit/Transport/Contracts/MessageHandlerInterfaceTest.php" line="63" class="JTD\LaravelMCP\Tests\Unit\Transport\Contracts\MessageHandlerInterfaceTest" classname="JTD.LaravelMCP.Tests.Unit.Transport.Contracts.MessageHandlerInterfaceTest" assertions="2" time="0.004616"/>
        <testcase name="test_handle_complex_message" file="/home/jeremyfall/Internal/JTD-Packages/laravel-mcp.git/main/tests/Unit/Transport/Contracts/MessageHandlerInterfaceTest.php" line="84" class="JTD\LaravelMCP\Tests\Unit\Transport\Contracts\MessageHandlerInterfaceTest" classname="JTD.LaravelMCP.Tests.Unit.Transport.Contracts.MessageHandlerInterfaceTest" assertions="2" time="0.004920"/>
        <testcase name="test_handle_error_with_exception" file="/home/jeremyfall/Internal/JTD-Packages/laravel-mcp.git/main/tests/Unit/Transport/Contracts/MessageHandlerInterfaceTest.php" line="127" class="JTD\LaravelMCP\Tests\Unit\Transport\Contracts\MessageHandlerInterfaceTest" classname="JTD.LaravelMCP.Tests.Unit.Transport.Contracts.MessageHandlerInterfaceTest" assertions="1" time="0.005137"/>
        <testcase name="test_handle_error_with_different_types" file="/home/jeremyfall/Internal/JTD-Packages/laravel-mcp.git/main/tests/Unit/Transport/Contracts/MessageHandlerInterfaceTest.php" line="142" class="JTD\LaravelMCP\Tests\Unit\Transport\Contracts\MessageHandlerInterfaceTest" classname="JTD.LaravelMCP.Tests.Unit.Transport.Contracts.MessageHandlerInterfaceTest" assertions="7" time="0.004594"/>
        <testcase name="test_on_connect" file="/home/jeremyfall/Internal/JTD-Packages/laravel-mcp.git/main/tests/Unit/Transport/Contracts/MessageHandlerInterfaceTest.php" line="169" class="JTD\LaravelMCP\Tests\Unit\Transport\Contracts\MessageHandlerInterfaceTest" classname="JTD.LaravelMCP.Tests.Unit.Transport.Contracts.MessageHandlerInterfaceTest" assertions="1" time="0.005124"/>
        <testcase name="test_on_disconnect" file="/home/jeremyfall/Internal/JTD-Packages/laravel-mcp.git/main/tests/Unit/Transport/Contracts/MessageHandlerInterfaceTest.php" line="182" class="JTD\LaravelMCP\Tests\Unit\Transport\Contracts\MessageHandlerInterfaceTest" classname="JTD.LaravelMCP.Tests.Unit.Transport.Contracts.MessageHandlerInterfaceTest" assertions="1" time="0.004749"/>
        <testcase name="test_can_handle_supported_message" file="/home/jeremyfall/Internal/JTD-Packages/laravel-mcp.git/main/tests/Unit/Transport/Contracts/MessageHandlerInterfaceTest.php" line="195" class="JTD\LaravelMCP\Tests\Unit\Transport\Contracts\MessageHandlerInterfaceTest" classname="JTD.LaravelMCP.Tests.Unit.Transport.Contracts.MessageHandlerInterfaceTest" assertions="2" time="0.004792"/>
        <testcase name="test_can_handle_unsupported_message" file="/home/jeremyfall/Internal/JTD-Packages/laravel-mcp.git/main/tests/Unit/Transport/Contracts/MessageHandlerInterfaceTest.php" line="215" class="JTD\LaravelMCP\Tests\Unit\Transport\Contracts\MessageHandlerInterfaceTest" classname="JTD.LaravelMCP.Tests.Unit.Transport.Contracts.MessageHandlerInterfaceTest" assertions="2" time="0.005066"/>
        <testcase name="test_can_handle_various_formats" file="/home/jeremyfall/Internal/JTD-Packages/laravel-mcp.git/main/tests/Unit/Transport/Contracts/MessageHandlerInterfaceTest.php" line="235" class="JTD\LaravelMCP\Tests\Unit\Transport\Contracts\MessageHandlerInterfaceTest" classname="JTD.LaravelMCP.Tests.Unit.Transport.Contracts.MessageHandlerInterfaceTest" assertions="7" time="0.005055"/>
        <testcase name="test_get_supported_message_types" file="/home/jeremyfall/Internal/JTD-Packages/laravel-mcp.git/main/tests/Unit/Transport/Contracts/MessageHandlerInterfaceTest.php" line="266" class="JTD\LaravelMCP\Tests\Unit\Transport\Contracts\MessageHandlerInterfaceTest" classname="JTD.LaravelMCP.Tests.Unit.Transport.Contracts.MessageHandlerInterfaceTest" assertions="2" time="0.004930"/>
        <testcase name="test_get_supported_message_types_empty" file="/home/jeremyfall/Internal/JTD-Packages/laravel-mcp.git/main/tests/Unit/Transport/Contracts/MessageHandlerInterfaceTest.php" line="293" class="JTD\LaravelMCP\Tests\Unit\Transport\Contracts\MessageHandlerInterfaceTest" classname="JTD.LaravelMCP.Tests.Unit.Transport.Contracts.MessageHandlerInterfaceTest" assertions="2" time="0.004885"/>
        <testcase name="test_error_handling_isolation" file="/home/jeremyfall/Internal/JTD-Packages/laravel-mcp.git/main/tests/Unit/Transport/Contracts/MessageHandlerInterfaceTest.php" line="385" class="JTD\LaravelMCP\Tests\Unit\Transport\Contracts\MessageHandlerInterfaceTest" classname="JTD.LaravelMCP.Tests.Unit.Transport.Contracts.MessageHandlerInterfaceTest" assertions="2" time="0.004924"/>
        <testcase name="test_check_specific_message_type_support" file="/home/jeremyfall/Internal/JTD-Packages/laravel-mcp.git/main/tests/Unit/Transport/Contracts/MessageHandlerInterfaceTest.php" line="413" class="JTD\LaravelMCP\Tests\Unit\Transport\Contracts\MessageHandlerInterfaceTest" classname="JTD.LaravelMCP.Tests.Unit.Transport.Contracts.MessageHandlerInterfaceTest" assertions="5" time="0.005082"/>
        <testcase name="test_lifecycle_events_sequence" file="/home/jeremyfall/Internal/JTD-Packages/laravel-mcp.git/main/tests/Unit/Transport/Contracts/MessageHandlerInterfaceTest.php" line="308" class="JTD\LaravelMCP\Tests\Unit\Transport\Contracts\MessageHandlerInterfaceTest" classname="JTD.LaravelMCP.Tests.Unit.Transport.Contracts.MessageHandlerInterfaceTest" assertions="2" time="0.005103"/>
        <testcase name="test_handle_multiple_messages" file="/home/jeremyfall/Internal/JTD-Packages/laravel-mcp.git/main/tests/Unit/Transport/Contracts/MessageHandlerInterfaceTest.php" line="346" class="JTD\LaravelMCP\Tests\Unit\Transport\Contracts\MessageHandlerInterfaceTest" classname="JTD.LaravelMCP.Tests.Unit.Transport.Contracts.MessageHandlerInterfaceTest" assertions="13" time="0.005364"/>
      </testsuite>
      <testsuite name="JTD\LaravelMCP\Tests\Unit\Transport\Contracts\TransportInterfaceTest" file="/home/jeremyfall/Internal/JTD-Packages/laravel-mcp.git/main/tests/Unit/Transport/Contracts/TransportInterfaceTest.php" tests="17" assertions="37" errors="0" failures="0" skipped="0" time="0.084050">
        <testcase name="test_initialize_with_config" file="/home/jeremyfall/Internal/JTD-Packages/laravel-mcp.git/main/tests/Unit/Transport/Contracts/TransportInterfaceTest.php" line="35" class="JTD\LaravelMCP\Tests\Unit\Transport\Contracts\TransportInterfaceTest" classname="JTD.LaravelMCP.Tests.Unit.Transport.Contracts.TransportInterfaceTest" assertions="1" time="0.004452"/>
        <testcase name="test_initialize_without_config" file="/home/jeremyfall/Internal/JTD-Packages/laravel-mcp.git/main/tests/Unit/Transport/Contracts/TransportInterfaceTest.php" line="54" class="JTD\LaravelMCP\Tests\Unit\Transport\Contracts\TransportInterfaceTest" classname="JTD.LaravelMCP.Tests.Unit.Transport.Contracts.TransportInterfaceTest" assertions="1" time="0.004739"/>
        <testcase name="test_listen_starts_listening" file="/home/jeremyfall/Internal/JTD-Packages/laravel-mcp.git/main/tests/Unit/Transport/Contracts/TransportInterfaceTest.php" line="67" class="JTD\LaravelMCP\Tests\Unit\Transport\Contracts\TransportInterfaceTest" classname="JTD.LaravelMCP.Tests.Unit.Transport.Contracts.TransportInterfaceTest" assertions="1" time="0.004544"/>
        <testcase name="test_send_message" file="/home/jeremyfall/Internal/JTD-Packages/laravel-mcp.git/main/tests/Unit/Transport/Contracts/TransportInterfaceTest.php" line="79" class="JTD\LaravelMCP\Tests\Unit\Transport\Contracts\TransportInterfaceTest" classname="JTD.LaravelMCP.Tests.Unit.Transport.Contracts.TransportInterfaceTest" assertions="1" time="0.005160"/>
        <testcase name="test_send_complex_message" file="/home/jeremyfall/Internal/JTD-Packages/laravel-mcp.git/main/tests/Unit/Transport/Contracts/TransportInterfaceTest.php" line="99" class="JTD\LaravelMCP\Tests\Unit\Transport\Contracts\TransportInterfaceTest" classname="JTD.LaravelMCP.Tests.Unit.Transport.Contracts.TransportInterfaceTest" assertions="1" time="0.004503"/>
        <testcase name="test_receive_returns_message" file="/home/jeremyfall/Internal/JTD-Packages/laravel-mcp.git/main/tests/Unit/Transport/Contracts/TransportInterfaceTest.php" line="123" class="JTD\LaravelMCP\Tests\Unit\Transport\Contracts\TransportInterfaceTest" classname="JTD.LaravelMCP.Tests.Unit.Transport.Contracts.TransportInterfaceTest" assertions="2" time="0.004756"/>
        <testcase name="test_receive_returns_null_when_no_message" file="/home/jeremyfall/Internal/JTD-Packages/laravel-mcp.git/main/tests/Unit/Transport/Contracts/TransportInterfaceTest.php" line="144" class="JTD\LaravelMCP\Tests\Unit\Transport\Contracts\TransportInterfaceTest" classname="JTD.LaravelMCP.Tests.Unit.Transport.Contracts.TransportInterfaceTest" assertions="2" time="0.004933"/>
        <testcase name="test_close_connection" file="/home/jeremyfall/Internal/JTD-Packages/laravel-mcp.git/main/tests/Unit/Transport/Contracts/TransportInterfaceTest.php" line="159" class="JTD\LaravelMCP\Tests\Unit\Transport\Contracts\TransportInterfaceTest" classname="JTD.LaravelMCP.Tests.Unit.Transport.Contracts.TransportInterfaceTest" assertions="1" time="0.005117"/>
        <testcase name="test_is_connected_returns_true" file="/home/jeremyfall/Internal/JTD-Packages/laravel-mcp.git/main/tests/Unit/Transport/Contracts/TransportInterfaceTest.php" line="171" class="JTD\LaravelMCP\Tests\Unit\Transport\Contracts\TransportInterfaceTest" classname="JTD.LaravelMCP.Tests.Unit.Transport.Contracts.TransportInterfaceTest" assertions="2" time="0.005088"/>
        <testcase name="test_is_connected_returns_false" file="/home/jeremyfall/Internal/JTD-Packages/laravel-mcp.git/main/tests/Unit/Transport/Contracts/TransportInterfaceTest.php" line="184" class="JTD\LaravelMCP\Tests\Unit\Transport\Contracts\TransportInterfaceTest" classname="JTD.LaravelMCP.Tests.Unit.Transport.Contracts.TransportInterfaceTest" assertions="2" time="0.005715"/>
        <testcase name="test_get_config" file="/home/jeremyfall/Internal/JTD-Packages/laravel-mcp.git/main/tests/Unit/Transport/Contracts/TransportInterfaceTest.php" line="197" class="JTD\LaravelMCP\Tests\Unit\Transport\Contracts\TransportInterfaceTest" classname="JTD.LaravelMCP.Tests.Unit.Transport.Contracts.TransportInterfaceTest" assertions="2" time="0.004657"/>
        <testcase name="test_get_config_returns_empty_array" file="/home/jeremyfall/Internal/JTD-Packages/laravel-mcp.git/main/tests/Unit/Transport/Contracts/TransportInterfaceTest.php" line="218" class="JTD\LaravelMCP\Tests\Unit\Transport\Contracts\TransportInterfaceTest" classname="JTD.LaravelMCP.Tests.Unit.Transport.Contracts.TransportInterfaceTest" assertions="2" time="0.004686"/>
        <testcase name="test_transport_lifecycle" file="/home/jeremyfall/Internal/JTD-Packages/laravel-mcp.git/main/tests/Unit/Transport/Contracts/TransportInterfaceTest.php" line="246" class="JTD\LaravelMCP\Tests\Unit\Transport\Contracts\TransportInterfaceTest" classname="JTD.LaravelMCP.Tests.Unit.Transport.Contracts.TransportInterfaceTest" assertions="6" time="0.005027"/>
        <testcase name="test_configuration_persistence" file="/home/jeremyfall/Internal/JTD-Packages/laravel-mcp.git/main/tests/Unit/Transport/Contracts/TransportInterfaceTest.php" line="350" class="JTD\LaravelMCP\Tests\Unit\Transport\Contracts\TransportInterfaceTest" classname="JTD.LaravelMCP.Tests.Unit.Transport.Contracts.TransportInterfaceTest" assertions="2" time="0.005056"/>
        <testcase name="test_setting_multiple_handlers" file="/home/jeremyfall/Internal/JTD-Packages/laravel-mcp.git/main/tests/Unit/Transport/Contracts/TransportInterfaceTest.php" line="378" class="JTD\LaravelMCP\Tests\Unit\Transport\Contracts\TransportInterfaceTest" classname="JTD.LaravelMCP.Tests.Unit.Transport.Contracts.TransportInterfaceTest" assertions="3" time="0.005223"/>
        <testcase name="test_set_message_handler" file="/home/jeremyfall/Internal/JTD-Packages/laravel-mcp.git/main/tests/Unit/Transport/Contracts/TransportInterfaceTest.php" line="233" class="JTD\LaravelMCP\Tests\Unit\Transport\Contracts\TransportInterfaceTest" classname="JTD.LaravelMCP.Tests.Unit.Transport.Contracts.TransportInterfaceTest" assertions="1" time="0.005229"/>
        <testcase name="test_multiple_message_operations" file="/home/jeremyfall/Internal/JTD-Packages/laravel-mcp.git/main/tests/Unit/Transport/Contracts/TransportInterfaceTest.php" line="303" class="JTD\LaravelMCP\Tests\Unit\Transport\Contracts\TransportInterfaceTest" classname="JTD.LaravelMCP.Tests.Unit.Transport.Contracts.TransportInterfaceTest" assertions="7" time="0.005165"/>
      </testsuite>
    </testsuite>
    <testsuite name="Feature" tests="128" assertions="585" errors="0" failures="0" skipped="1" time="3.872673">
      <testsuite name="JTD\LaravelMCP\Tests\Feature\Commands\ListCommandFeatureTest" file="/home/jeremyfall/Internal/JTD-Packages/laravel-mcp.git/main/tests/Feature/Commands/ListCommandFeatureTest.php" tests="23" assertions="118" errors="0" failures="0" skipped="0" time="0.164456">
        <testcase name="test_command_validates_invalid_format_option" file="/home/jeremyfall/Internal/JTD-Packages/laravel-mcp.git/main/tests/Feature/Commands/ListCommandFeatureTest.php" line="490" class="JTD\LaravelMCP\Tests\Feature\Commands\ListCommandFeatureTest" classname="JTD.LaravelMCP.Tests.Feature.Commands.ListCommandFeatureTest" assertions="3" time="0.005662"/>
        <testcase name="test_command_help_displays_correct_information" file="/home/jeremyfall/Internal/JTD-Packages/laravel-mcp.git/main/tests/Feature/Commands/ListCommandFeatureTest.php" line="72" class="JTD\LaravelMCP\Tests\Feature\Commands\ListCommandFeatureTest" classname="JTD.LaravelMCP.Tests.Feature.Commands.ListCommandFeatureTest" assertions="6" time="0.007006"/>
        <testcase name="test_command_handles_empty_registries" file="/home/jeremyfall/Internal/JTD-Packages/laravel-mcp.git/main/tests/Feature/Commands/ListCommandFeatureTest.php" line="90" class="JTD\LaravelMCP\Tests\Feature\Commands\ListCommandFeatureTest" classname="JTD.LaravelMCP.Tests.Feature.Commands.ListCommandFeatureTest" assertions="5" time="0.005413"/>
        <testcase name="test_command_filters_by_tools_type" file="/home/jeremyfall/Internal/JTD-Packages/laravel-mcp.git/main/tests/Feature/Commands/ListCommandFeatureTest.php" line="165" class="JTD\LaravelMCP\Tests\Feature\Commands\ListCommandFeatureTest" classname="JTD.LaravelMCP.Tests.Feature.Commands.ListCommandFeatureTest" assertions="5" time="0.007182"/>
        <testcase name="test_command_filters_by_resources_type" file="/home/jeremyfall/Internal/JTD-Packages/laravel-mcp.git/main/tests/Feature/Commands/ListCommandFeatureTest.php" line="203" class="JTD\LaravelMCP\Tests\Feature\Commands\ListCommandFeatureTest" classname="JTD.LaravelMCP.Tests.Feature.Commands.ListCommandFeatureTest" assertions="5" time="0.006907"/>
        <testcase name="test_command_filters_by_prompts_type" file="/home/jeremyfall/Internal/JTD-Packages/laravel-mcp.git/main/tests/Feature/Commands/ListCommandFeatureTest.php" line="242" class="JTD\LaravelMCP\Tests\Feature\Commands\ListCommandFeatureTest" classname="JTD.LaravelMCP.Tests.Feature.Commands.ListCommandFeatureTest" assertions="5" time="0.006799"/>
        <testcase name="test_command_outputs_json_format" file="/home/jeremyfall/Internal/JTD-Packages/laravel-mcp.git/main/tests/Feature/Commands/ListCommandFeatureTest.php" line="278" class="JTD\LaravelMCP\Tests\Feature\Commands\ListCommandFeatureTest" classname="JTD.LaravelMCP.Tests.Feature.Commands.ListCommandFeatureTest" assertions="5" time="0.006158"/>
        <testcase name="test_command_outputs_yaml_format" file="/home/jeremyfall/Internal/JTD-Packages/laravel-mcp.git/main/tests/Feature/Commands/ListCommandFeatureTest.php" line="306" class="JTD\LaravelMCP\Tests\Feature\Commands\ListCommandFeatureTest" classname="JTD.LaravelMCP.Tests.Feature.Commands.ListCommandFeatureTest" assertions="4" time="0.005749"/>
        <testcase name="test_command_shows_detailed_information" file="/home/jeremyfall/Internal/JTD-Packages/laravel-mcp.git/main/tests/Feature/Commands/ListCommandFeatureTest.php" line="333" class="JTD\LaravelMCP\Tests\Feature\Commands\ListCommandFeatureTest" classname="JTD.LaravelMCP.Tests.Feature.Commands.ListCommandFeatureTest" assertions="9" time="0.006239"/>
        <testcase name="test_command_shows_detailed_resource_information" file="/home/jeremyfall/Internal/JTD-Packages/laravel-mcp.git/main/tests/Feature/Commands/ListCommandFeatureTest.php" line="377" class="JTD\LaravelMCP\Tests\Feature\Commands\ListCommandFeatureTest" classname="JTD.LaravelMCP.Tests.Feature.Commands.ListCommandFeatureTest" assertions="4" time="0.006266"/>
        <testcase name="test_command_shows_detailed_prompt_information" file="/home/jeremyfall/Internal/JTD-Packages/laravel-mcp.git/main/tests/Feature/Commands/ListCommandFeatureTest.php" line="411" class="JTD\LaravelMCP\Tests\Feature\Commands\ListCommandFeatureTest" classname="JTD.LaravelMCP.Tests.Feature.Commands.ListCommandFeatureTest" assertions="5" time="0.006085"/>
        <testcase name="test_command_runs_with_debug_mode" file="/home/jeremyfall/Internal/JTD-Packages/laravel-mcp.git/main/tests/Feature/Commands/ListCommandFeatureTest.php" line="450" class="JTD\LaravelMCP\Tests\Feature\Commands\ListCommandFeatureTest" classname="JTD.LaravelMCP.Tests.Feature.Commands.ListCommandFeatureTest" assertions="2" time="0.006280"/>
        <testcase name="test_command_validates_invalid_type_option" file="/home/jeremyfall/Internal/JTD-Packages/laravel-mcp.git/main/tests/Feature/Commands/ListCommandFeatureTest.php" line="475" class="JTD\LaravelMCP\Tests\Feature\Commands\ListCommandFeatureTest" classname="JTD.LaravelMCP.Tests.Feature.Commands.ListCommandFeatureTest" assertions="3" time="0.006168"/>
        <testcase name="test_command_handles_metadata_failures_gracefully" file="/home/jeremyfall/Internal/JTD-Packages/laravel-mcp.git/main/tests/Feature/Commands/ListCommandFeatureTest.php" line="505" class="JTD\LaravelMCP\Tests\Feature\Commands\ListCommandFeatureTest" classname="JTD.LaravelMCP.Tests.Feature.Commands.ListCommandFeatureTest" assertions="3" time="0.006902"/>
        <testcase name="test_command_json_format_with_detailed_flag" file="/home/jeremyfall/Internal/JTD-Packages/laravel-mcp.git/main/tests/Feature/Commands/ListCommandFeatureTest.php" line="577" class="JTD\LaravelMCP\Tests\Feature\Commands\ListCommandFeatureTest" classname="JTD.LaravelMCP.Tests.Feature.Commands.ListCommandFeatureTest" assertions="7" time="0.005512"/>
        <testcase name="test_command_truncates_long_descriptions" file="/home/jeremyfall/Internal/JTD-Packages/laravel-mcp.git/main/tests/Feature/Commands/ListCommandFeatureTest.php" line="667" class="JTD\LaravelMCP\Tests\Feature\Commands\ListCommandFeatureTest" classname="JTD.LaravelMCP.Tests.Feature.Commands.ListCommandFeatureTest" assertions="4" time="0.006144"/>
        <testcase name="test_command_formats_class_names" file="/home/jeremyfall/Internal/JTD-Packages/laravel-mcp.git/main/tests/Feature/Commands/ListCommandFeatureTest.php" line="696" class="JTD\LaravelMCP\Tests\Feature\Commands\ListCommandFeatureTest" classname="JTD.LaravelMCP.Tests.Feature.Commands.ListCommandFeatureTest" assertions="3" time="0.006760"/>
        <testcase name="test_command_integrates_with_mcp_facade" file="/home/jeremyfall/Internal/JTD-Packages/laravel-mcp.git/main/tests/Feature/Commands/ListCommandFeatureTest.php" line="645" class="JTD\LaravelMCP\Tests\Feature\Commands\ListCommandFeatureTest" classname="JTD.LaravelMCP.Tests.Feature.Commands.ListCommandFeatureTest" assertions="5" time="0.007845"/>
        <testcase name="test_command_lists_all_component_types" file="/home/jeremyfall/Internal/JTD-Packages/laravel-mcp.git/main/tests/Feature/Commands/ListCommandFeatureTest.php" line="110" class="JTD\LaravelMCP\Tests\Feature\Commands\ListCommandFeatureTest" classname="JTD.LaravelMCP.Tests.Feature.Commands.ListCommandFeatureTest" assertions="12" time="0.007482"/>
        <testcase name="test_command_can_be_discovered_by_artisan" file="/home/jeremyfall/Internal/JTD-Packages/laravel-mcp.git/main/tests/Feature/Commands/ListCommandFeatureTest.php" line="58" class="JTD\LaravelMCP\Tests\Feature\Commands\ListCommandFeatureTest" classname="JTD.LaravelMCP.Tests.Feature.Commands.ListCommandFeatureTest" assertions="2" time="0.010384"/>
        <testcase name="test_command_lists_multiple_components" file="/home/jeremyfall/Internal/JTD-Packages/laravel-mcp.git/main/tests/Feature/Commands/ListCommandFeatureTest.php" line="530" class="JTD\LaravelMCP\Tests\Feature\Commands\ListCommandFeatureTest" classname="JTD.LaravelMCP.Tests.Feature.Commands.ListCommandFeatureTest" assertions="14" time="0.009154"/>
        <testcase name="test_list_command_is_registered_in_artisan" file="/home/jeremyfall/Internal/JTD-Packages/laravel-mcp.git/main/tests/Feature/Commands/ListCommandFeatureTest.php" line="42" class="JTD\LaravelMCP\Tests\Feature\Commands\ListCommandFeatureTest" classname="JTD.LaravelMCP.Tests.Feature.Commands.ListCommandFeatureTest" assertions="2" time="0.013810"/>
        <testcase name="test_full_integration_with_service_provider" file="/home/jeremyfall/Internal/JTD-Packages/laravel-mcp.git/main/tests/Feature/Commands/ListCommandFeatureTest.php" line="613" class="JTD\LaravelMCP\Tests\Feature\Commands\ListCommandFeatureTest" classname="JTD.LaravelMCP.Tests.Feature.Commands.ListCommandFeatureTest" assertions="5" time="0.008549"/>
      </testsuite>
      <testsuite name="JTD\LaravelMCP\Tests\Feature\Commands\ServeCommandFeatureTest" file="/home/jeremyfall/Internal/JTD-Packages/laravel-mcp.git/main/tests/Feature/Commands/ServeCommandFeatureTest.php" tests="15" assertions="51" errors="0" failures="0" skipped="0" time="2.108011">
        <testcase name="test_command_fails_with_invalid_transport_type" file="/home/jeremyfall/Internal/JTD-Packages/laravel-mcp.git/main/tests/Feature/Commands/ServeCommandFeatureTest.php" line="200" class="JTD\LaravelMCP\Tests\Feature\Commands\ServeCommandFeatureTest" classname="JTD.LaravelMCP.Tests.Feature.Commands.ServeCommandFeatureTest" assertions="3" time="0.006112"/>
        <testcase name="test_command_fails_when_transport_is_disabled" file="/home/jeremyfall/Internal/JTD-Packages/laravel-mcp.git/main/tests/Feature/Commands/ServeCommandFeatureTest.php" line="220" class="JTD\LaravelMCP\Tests\Feature\Commands\ServeCommandFeatureTest" classname="JTD.LaravelMCP.Tests.Feature.Commands.ServeCommandFeatureTest" assertions="3" time="0.005541"/>
        <testcase name="test_command_integrates_with_real_transport_manager" file="/home/jeremyfall/Internal/JTD-Packages/laravel-mcp.git/main/tests/Feature/Commands/ServeCommandFeatureTest.php" line="351" class="JTD\LaravelMCP\Tests\Feature\Commands\ServeCommandFeatureTest" classname="JTD.LaravelMCP.Tests.Feature.Commands.ServeCommandFeatureTest" assertions="4" time="0.005672"/>
        <testcase name="test_command_help_displays_correct_information" file="/home/jeremyfall/Internal/JTD-Packages/laravel-mcp.git/main/tests/Feature/Commands/ServeCommandFeatureTest.php" line="71" class="JTD\LaravelMCP\Tests\Feature\Commands\ServeCommandFeatureTest" classname="JTD.LaravelMCP.Tests.Feature.Commands.ServeCommandFeatureTest" assertions="7" time="0.006067"/>
        <testcase name="test_command_initializes_with_stdio_transport" file="/home/jeremyfall/Internal/JTD-Packages/laravel-mcp.git/main/tests/Feature/Commands/ServeCommandFeatureTest.php" line="90" class="JTD\LaravelMCP\Tests\Feature\Commands\ServeCommandFeatureTest" classname="JTD.LaravelMCP.Tests.Feature.Commands.ServeCommandFeatureTest" assertions="6" time="0.006193"/>
        <testcase name="test_command_validates_numeric_options" file="/home/jeremyfall/Internal/JTD-Packages/laravel-mcp.git/main/tests/Feature/Commands/ServeCommandFeatureTest.php" line="298" class="JTD\LaravelMCP\Tests\Feature\Commands\ServeCommandFeatureTest" classname="JTD.LaravelMCP.Tests.Feature.Commands.ServeCommandFeatureTest" assertions="2" time="0.005989"/>
        <testcase name="test_command_handles_transport_exceptions_gracefully" file="/home/jeremyfall/Internal/JTD-Packages/laravel-mcp.git/main/tests/Feature/Commands/ServeCommandFeatureTest.php" line="318" class="JTD\LaravelMCP\Tests\Feature\Commands\ServeCommandFeatureTest" classname="JTD.LaravelMCP.Tests.Feature.Commands.ServeCommandFeatureTest" assertions="3" time="0.005714"/>
        <testcase name="test_command_sets_server_info_on_message_processor" file="/home/jeremyfall/Internal/JTD-Packages/laravel-mcp.git/main/tests/Feature/Commands/ServeCommandFeatureTest.php" line="427" class="JTD\LaravelMCP\Tests\Feature\Commands\ServeCommandFeatureTest" classname="JTD.LaravelMCP.Tests.Feature.Commands.ServeCommandFeatureTest" assertions="1" time="0.006282"/>
        <testcase name="test_command_displays_verbose_output" file="/home/jeremyfall/Internal/JTD-Packages/laravel-mcp.git/main/tests/Feature/Commands/ServeCommandFeatureTest.php" line="465" class="JTD\LaravelMCP\Tests\Feature\Commands\ServeCommandFeatureTest" classname="JTD.LaravelMCP.Tests.Feature.Commands.ServeCommandFeatureTest" assertions="1" time="0.005944"/>
        <testcase name="test_command_runs_with_debug_mode_enabled" file="/home/jeremyfall/Internal/JTD-Packages/laravel-mcp.git/main/tests/Feature/Commands/ServeCommandFeatureTest.php" line="253" class="JTD\LaravelMCP\Tests\Feature\Commands\ServeCommandFeatureTest" classname="JTD.LaravelMCP.Tests.Feature.Commands.ServeCommandFeatureTest" assertions="3" time="0.007023"/>
        <testcase name="test_full_integration_with_service_provider" file="/home/jeremyfall/Internal/JTD-Packages/laravel-mcp.git/main/tests/Feature/Commands/ServeCommandFeatureTest.php" line="498" class="JTD\LaravelMCP\Tests\Feature\Commands\ServeCommandFeatureTest" classname="JTD.LaravelMCP.Tests.Feature.Commands.ServeCommandFeatureTest" assertions="3" time="0.010030"/>
        <testcase name="test_command_can_be_discovered_by_artisan" file="/home/jeremyfall/Internal/JTD-Packages/laravel-mcp.git/main/tests/Feature/Commands/ServeCommandFeatureTest.php" line="57" class="JTD\LaravelMCP\Tests\Feature\Commands\ServeCommandFeatureTest" classname="JTD.LaravelMCP.Tests.Feature.Commands.ServeCommandFeatureTest" assertions="2" time="0.010203"/>
        <testcase name="test_serve_command_is_registered_in_artisan" file="/home/jeremyfall/Internal/JTD-Packages/laravel-mcp.git/main/tests/Feature/Commands/ServeCommandFeatureTest.php" line="41" class="JTD\LaravelMCP\Tests\Feature\Commands\ServeCommandFeatureTest" classname="JTD.LaravelMCP.Tests.Feature.Commands.ServeCommandFeatureTest" assertions="2" time="0.008605"/>
        <testcase name="test_command_initializes_with_http_transport" file="/home/jeremyfall/Internal/JTD-Packages/laravel-mcp.git/main/tests/Feature/Commands/ServeCommandFeatureTest.php" line="137" class="JTD\LaravelMCP\Tests\Feature\Commands\ServeCommandFeatureTest" classname="JTD.LaravelMCP.Tests.Feature.Commands.ServeCommandFeatureTest" assertions="8" time="1.008554"/>
        <testcase name="test_command_merges_configuration_from_options" file="/home/jeremyfall/Internal/JTD-Packages/laravel-mcp.git/main/tests/Feature/Commands/ServeCommandFeatureTest.php" line="378" class="JTD\LaravelMCP\Tests\Feature\Commands\ServeCommandFeatureTest" classname="JTD.LaravelMCP.Tests.Feature.Commands.ServeCommandFeatureTest" assertions="3" time="1.010082"/>
      </testsuite>
      <testsuite name="JTD\LaravelMCP\Tests\Feature\DirectoryStructureValidationTest" file="/home/jeremyfall/Internal/JTD-Packages/laravel-mcp.git/main/tests/Feature/DirectoryStructureValidationTest.php" tests="20" assertions="93" errors="0" failures="0" skipped="0" time="0.098106">
        <testcase name="it_has_all_required_source_directories" file="/home/jeremyfall/Internal/JTD-Packages/laravel-mcp.git/main/tests/Feature/DirectoryStructureValidationTest.php" line="31" class="JTD\LaravelMCP\Tests\Feature\DirectoryStructureValidationTest" classname="JTD.LaravelMCP.Tests.Feature.DirectoryStructureValidationTest" assertions="17" time="0.006609"/>
        <testcase name="it_has_all_required_configuration_directories" file="/home/jeremyfall/Internal/JTD-Packages/laravel-mcp.git/main/tests/Feature/DirectoryStructureValidationTest.php" line="67" class="JTD\LaravelMCP\Tests\Feature\DirectoryStructureValidationTest" classname="JTD.LaravelMCP.Tests.Feature.DirectoryStructureValidationTest" assertions="6" time="0.004725"/>
        <testcase name="it_has_all_required_test_directories" file="/home/jeremyfall/Internal/JTD-Packages/laravel-mcp.git/main/tests/Feature/DirectoryStructureValidationTest.php" line="92" class="JTD\LaravelMCP\Tests\Feature\DirectoryStructureValidationTest" classname="JTD.LaravelMCP.Tests.Feature.DirectoryStructureValidationTest" assertions="7" time="0.005623"/>
        <testcase name="it_has_all_required_exception_classes" file="/home/jeremyfall/Internal/JTD-Packages/laravel-mcp.git/main/tests/Feature/DirectoryStructureValidationTest.php" line="165" class="JTD\LaravelMCP\Tests\Feature\DirectoryStructureValidationTest" classname="JTD.LaravelMCP.Tests.Feature.DirectoryStructureValidationTest" assertions="4" time="0.004521"/>
        <testcase name="it_has_the_mcp_facade" file="/home/jeremyfall/Internal/JTD-Packages/laravel-mcp.git/main/tests/Feature/DirectoryStructureValidationTest.php" line="188" class="JTD\LaravelMCP\Tests\Feature\DirectoryStructureValidationTest" classname="JTD.LaravelMCP.Tests.Feature.DirectoryStructureValidationTest" assertions="1" time="0.004371"/>
        <testcase name="it_has_console_utilities" file="/home/jeremyfall/Internal/JTD-Packages/laravel-mcp.git/main/tests/Feature/DirectoryStructureValidationTest.php" line="199" class="JTD\LaravelMCP\Tests\Feature\DirectoryStructureValidationTest" classname="JTD.LaravelMCP.Tests.Feature.DirectoryStructureValidationTest" assertions="1" time="0.004390"/>
        <testcase name="it_has_debug_view_template" file="/home/jeremyfall/Internal/JTD-Packages/laravel-mcp.git/main/tests/Feature/DirectoryStructureValidationTest.php" line="242" class="JTD\LaravelMCP\Tests\Feature\DirectoryStructureValidationTest" classname="JTD.LaravelMCP.Tests.Feature.DirectoryStructureValidationTest" assertions="1" time="0.004369"/>
        <testcase name="it_has_base_test_case" file="/home/jeremyfall/Internal/JTD-Packages/laravel-mcp.git/main/tests/Feature/DirectoryStructureValidationTest.php" line="253" class="JTD\LaravelMCP\Tests\Feature\DirectoryStructureValidationTest" classname="JTD.LaravelMCP.Tests.Feature.DirectoryStructureValidationTest" assertions="1" time="0.004494"/>
        <testcase name="it_has_test_fixtures" file="/home/jeremyfall/Internal/JTD-Packages/laravel-mcp.git/main/tests/Feature/DirectoryStructureValidationTest.php" line="264" class="JTD\LaravelMCP\Tests\Feature\DirectoryStructureValidationTest" classname="JTD.LaravelMCP.Tests.Feature.DirectoryStructureValidationTest" assertions="5" time="0.004864"/>
        <testcase name="it_can_load_all_trait_classes" file="/home/jeremyfall/Internal/JTD-Packages/laravel-mcp.git/main/tests/Feature/DirectoryStructureValidationTest.php" line="312" class="JTD\LaravelMCP\Tests\Feature\DirectoryStructureValidationTest" classname="JTD.LaravelMCP.Tests.Feature.DirectoryStructureValidationTest" assertions="3" time="0.004562"/>
        <testcase name="it_can_load_all_exception_classes" file="/home/jeremyfall/Internal/JTD-Packages/laravel-mcp.git/main/tests/Feature/DirectoryStructureValidationTest.php" line="333" class="JTD\LaravelMCP\Tests\Feature\DirectoryStructureValidationTest" classname="JTD.LaravelMCP.Tests.Feature.DirectoryStructureValidationTest" assertions="7" time="0.004589"/>
        <testcase name="it_can_load_mcp_facade" file="/home/jeremyfall/Internal/JTD-Packages/laravel-mcp.git/main/tests/Feature/DirectoryStructureValidationTest.php" line="363" class="JTD\LaravelMCP\Tests\Feature\DirectoryStructureValidationTest" classname="JTD.LaravelMCP.Tests.Feature.DirectoryStructureValidationTest" assertions="2" time="0.005045"/>
        <testcase name="it_can_load_console_utilities" file="/home/jeremyfall/Internal/JTD-Packages/laravel-mcp.git/main/tests/Feature/DirectoryStructureValidationTest.php" line="382" class="JTD\LaravelMCP\Tests\Feature\DirectoryStructureValidationTest" classname="JTD.LaravelMCP.Tests.Feature.DirectoryStructureValidationTest" assertions="1" time="0.005406"/>
        <testcase name="it_can_load_test_fixtures" file="/home/jeremyfall/Internal/JTD-Packages/laravel-mcp.git/main/tests/Feature/DirectoryStructureValidationTest.php" line="396" class="JTD\LaravelMCP\Tests\Feature\DirectoryStructureValidationTest" classname="JTD.LaravelMCP.Tests.Feature.DirectoryStructureValidationTest" assertions="5" time="0.004663"/>
        <testcase name="it_follows_laravel_namespace_patterns" file="/home/jeremyfall/Internal/JTD-Packages/laravel-mcp.git/main/tests/Feature/DirectoryStructureValidationTest.php" line="419" class="JTD\LaravelMCP\Tests\Feature\DirectoryStructureValidationTest" classname="JTD.LaravelMCP.Tests.Feature.DirectoryStructureValidationTest" assertions="7" time="0.004861"/>
        <testcase name="it_supports_psr4_autoloading" file="/home/jeremyfall/Internal/JTD-Packages/laravel-mcp.git/main/tests/Feature/DirectoryStructureValidationTest.php" line="436" class="JTD\LaravelMCP\Tests\Feature\DirectoryStructureValidationTest" classname="JTD.LaravelMCP.Tests.Feature.DirectoryStructureValidationTest" assertions="6" time="0.005282"/>
        <testcase name="it_has_all_required_contract_interfaces" file="/home/jeremyfall/Internal/JTD-Packages/laravel-mcp.git/main/tests/Feature/DirectoryStructureValidationTest.php" line="118" class="JTD\LaravelMCP\Tests\Feature\DirectoryStructureValidationTest" classname="JTD.LaravelMCP.Tests.Feature.DirectoryStructureValidationTest" assertions="6" time="0.005195"/>
        <testcase name="it_has_all_required_foundational_traits" file="/home/jeremyfall/Internal/JTD-Packages/laravel-mcp.git/main/tests/Feature/DirectoryStructureValidationTest.php" line="143" class="JTD\LaravelMCP\Tests\Feature\DirectoryStructureValidationTest" classname="JTD.LaravelMCP.Tests.Feature.DirectoryStructureValidationTest" assertions="3" time="0.004568"/>
        <testcase name="it_has_all_code_generation_stubs" file="/home/jeremyfall/Internal/JTD-Packages/laravel-mcp.git/main/tests/Feature/DirectoryStructureValidationTest.php" line="219" class="JTD\LaravelMCP\Tests\Feature\DirectoryStructureValidationTest" classname="JTD.LaravelMCP.Tests.Feature.DirectoryStructureValidationTest" assertions="4" time="0.004846"/>
        <testcase name="it_can_load_all_contract_interfaces" file="/home/jeremyfall/Internal/JTD-Packages/laravel-mcp.git/main/tests/Feature/DirectoryStructureValidationTest.php" line="288" class="JTD\LaravelMCP\Tests\Feature\DirectoryStructureValidationTest" classname="JTD.LaravelMCP.Tests.Feature.DirectoryStructureValidationTest" assertions="6" time="0.005125"/>
      </testsuite>
      <testsuite name="JTD\LaravelMCP\Tests\Feature\EventLifecycleIntegrationTest" file="/home/jeremyfall/Internal/JTD-Packages/laravel-mcp.git/main/tests/Feature/EventLifecycleIntegrationTest.php" tests="12" assertions="12" errors="0" failures="0" skipped="0" time="0.066196">
        <testcase name="it_skips_discovery_finalization_when_disabled" file="/home/jeremyfall/Internal/JTD-Packages/laravel-mcp.git/main/tests/Feature/EventLifecycleIntegrationTest.php" line="70" class="JTD\LaravelMCP\Tests\Feature\EventLifecycleIntegrationTest" classname="JTD.LaravelMCP.Tests.Feature.EventLifecycleIntegrationTest" assertions="1" time="0.005080"/>
        <testcase name="it_finalizes_component_discovery_on_providers_booted" file="/home/jeremyfall/Internal/JTD-Packages/laravel-mcp.git/main/tests/Feature/EventLifecycleIntegrationTest.php" line="43" class="JTD\LaravelMCP\Tests\Feature\EventLifecycleIntegrationTest" classname="JTD.LaravelMCP.Tests.Feature.EventLifecycleIntegrationTest" assertions="1" time="0.005110"/>
        <testcase name="it_handles_discovery_finalization_errors_gracefully" file="/home/jeremyfall/Internal/JTD-Packages/laravel-mcp.git/main/tests/Feature/EventLifecycleIntegrationTest.php" line="92" class="JTD\LaravelMCP\Tests\Feature\EventLifecycleIntegrationTest" classname="JTD.LaravelMCP.Tests.Feature.EventLifecycleIntegrationTest" assertions="1" time="0.005511"/>
        <testcase name="it_cleans_up_resources_on_kernel_handled" file="/home/jeremyfall/Internal/JTD-Packages/laravel-mcp.git/main/tests/Feature/EventLifecycleIntegrationTest.php" line="124" class="JTD\LaravelMCP\Tests\Feature\EventLifecycleIntegrationTest" classname="JTD.LaravelMCP.Tests.Feature.EventLifecycleIntegrationTest" assertions="1" time="0.005532"/>
        <testcase name="it_handles_cleanup_errors_gracefully" file="/home/jeremyfall/Internal/JTD-Packages/laravel-mcp.git/main/tests/Feature/EventLifecycleIntegrationTest.php" line="145" class="JTD\LaravelMCP\Tests\Feature\EventLifecycleIntegrationTest" classname="JTD.LaravelMCP.Tests.Feature.EventLifecycleIntegrationTest" assertions="1" time="0.005417"/>
        <testcase name="it_performs_final_cleanup_on_application_terminating" file="/home/jeremyfall/Internal/JTD-Packages/laravel-mcp.git/main/tests/Feature/EventLifecycleIntegrationTest.php" line="167" class="JTD\LaravelMCP\Tests\Feature\EventLifecycleIntegrationTest" classname="JTD.LaravelMCP.Tests.Feature.EventLifecycleIntegrationTest" assertions="1" time="0.005332"/>
        <testcase name="it_handles_cache_cleanup_errors_gracefully" file="/home/jeremyfall/Internal/JTD-Packages/laravel-mcp.git/main/tests/Feature/EventLifecycleIntegrationTest.php" line="195" class="JTD\LaravelMCP\Tests\Feature\EventLifecycleIntegrationTest" classname="JTD.LaravelMCP.Tests.Feature.EventLifecycleIntegrationTest" assertions="1" time="0.005360"/>
        <testcase name="it_handles_complete_event_lifecycle" file="/home/jeremyfall/Internal/JTD-Packages/laravel-mcp.git/main/tests/Feature/EventLifecycleIntegrationTest.php" line="217" class="JTD\LaravelMCP\Tests\Feature\EventLifecycleIntegrationTest" classname="JTD.LaravelMCP.Tests.Feature.EventLifecycleIntegrationTest" assertions="1" time="0.005335"/>
        <testcase name="it_registers_event_listeners_only_once" file="/home/jeremyfall/Internal/JTD-Packages/laravel-mcp.git/main/tests/Feature/EventLifecycleIntegrationTest.php" line="256" class="JTD\LaravelMCP\Tests\Feature\EventLifecycleIntegrationTest" classname="JTD.LaravelMCP.Tests.Feature.EventLifecycleIntegrationTest" assertions="1" time="0.005407"/>
        <testcase name="it_handles_events_with_unbound_services_gracefully" file="/home/jeremyfall/Internal/JTD-Packages/laravel-mcp.git/main/tests/Feature/EventLifecycleIntegrationTest.php" line="283" class="JTD\LaravelMCP\Tests\Feature\EventLifecycleIntegrationTest" classname="JTD.LaravelMCP.Tests.Feature.EventLifecycleIntegrationTest" assertions="1" time="0.005659"/>
        <testcase name="it_handles_events_in_different_environments" file="/home/jeremyfall/Internal/JTD-Packages/laravel-mcp.git/main/tests/Feature/EventLifecycleIntegrationTest.php" line="302" class="JTD\LaravelMCP\Tests\Feature\EventLifecycleIntegrationTest" classname="JTD.LaravelMCP.Tests.Feature.EventLifecycleIntegrationTest" assertions="1" time="0.005276"/>
        <testcase name="it_maintains_performance_during_event_handling" file="/home/jeremyfall/Internal/JTD-Packages/laravel-mcp.git/main/tests/Feature/EventLifecycleIntegrationTest.php" line="327" class="JTD\LaravelMCP\Tests\Feature\EventLifecycleIntegrationTest" classname="JTD.LaravelMCP.Tests.Feature.EventLifecycleIntegrationTest" assertions="1" time="0.007179"/>
      </testsuite>
      <testsuite name="JTD\LaravelMCP\Tests\Feature\McpServerIntegrationTest" file="/home/jeremyfall/Internal/JTD-Packages/laravel-mcp.git/main/tests/Feature/McpServerIntegrationTest.php" tests="17" assertions="87" errors="0" failures="0" skipped="1" time="1.201791">
        <testcase name="test_can_resolve_server_from_container" file="/home/jeremyfall/Internal/JTD-Packages/laravel-mcp.git/main/tests/Feature/McpServerIntegrationTest.php" line="14" class="JTD\LaravelMCP\Tests\Feature\McpServerIntegrationTest" classname="JTD.LaravelMCP.Tests.Feature.McpServerIntegrationTest" assertions="1" time="0.004653"/>
        <testcase name="test_can_resolve_capability_manager_from_container" file="/home/jeremyfall/Internal/JTD-Packages/laravel-mcp.git/main/tests/Feature/McpServerIntegrationTest.php" line="28" class="JTD\LaravelMCP\Tests\Feature\McpServerIntegrationTest" classname="JTD.LaravelMCP.Tests.Feature.McpServerIntegrationTest" assertions="1" time="0.004945"/>
        <testcase name="test_server_initialization_flow" file="/home/jeremyfall/Internal/JTD-Packages/laravel-mcp.git/main/tests/Feature/McpServerIntegrationTest.php" line="35" class="JTD\LaravelMCP\Tests\Feature\McpServerIntegrationTest" classname="JTD.LaravelMCP.Tests.Feature.McpServerIntegrationTest" assertions="8" time="0.005269"/>
        <testcase name="test_server_metrics_tracking" file="/home/jeremyfall/Internal/JTD-Packages/laravel-mcp.git/main/tests/Feature/McpServerIntegrationTest.php" line="191" class="JTD\LaravelMCP\Tests\Feature\McpServerIntegrationTest" classname="JTD.LaravelMCP.Tests.Feature.McpServerIntegrationTest" assertions="8" time="0.005336"/>
        <testcase name="test_server_transport_integration" file="/home/jeremyfall/Internal/JTD-Packages/laravel-mcp.git/main/tests/Feature/McpServerIntegrationTest.php" line="275" class="JTD\LaravelMCP\Tests\Feature\McpServerIntegrationTest" classname="JTD.LaravelMCP.Tests.Feature.McpServerIntegrationTest" assertions="4" time="0.004962"/>
        <testcase name="test_server_component_integration" file="/home/jeremyfall/Internal/JTD-Packages/laravel-mcp.git/main/tests/Feature/McpServerIntegrationTest.php" line="288" class="JTD\LaravelMCP\Tests\Feature\McpServerIntegrationTest" classname="JTD.LaravelMCP.Tests.Feature.McpServerIntegrationTest" assertions="5" time="0.005170"/>
        <testcase name="test_server_protocol_version" file="/home/jeremyfall/Internal/JTD-Packages/laravel-mcp.git/main/tests/Feature/McpServerIntegrationTest.php" line="336" class="JTD\LaravelMCP\Tests\Feature\McpServerIntegrationTest" classname="JTD.LaravelMCP.Tests.Feature.McpServerIntegrationTest" assertions="1" time="0.005193"/>
        <testcase name="test_server_status_and_health" file="/home/jeremyfall/Internal/JTD-Packages/laravel-mcp.git/main/tests/Feature/McpServerIntegrationTest.php" line="97" class="JTD\LaravelMCP\Tests\Feature\McpServerIntegrationTest" classname="JTD.LaravelMCP.Tests.Feature.McpServerIntegrationTest" assertions="15" time="0.006187"/>
        <testcase name="test_server_graceful_shutdown" file="/home/jeremyfall/Internal/JTD-Packages/laravel-mcp.git/main/tests/Feature/McpServerIntegrationTest.php" line="236" class="JTD\LaravelMCP\Tests\Feature\McpServerIntegrationTest" classname="JTD.LaravelMCP.Tests.Feature.McpServerIntegrationTest" assertions="2" time="0.005271"/>
        <testcase name="test_server_diagnostics" file="/home/jeremyfall/Internal/JTD-Packages/laravel-mcp.git/main/tests/Feature/McpServerIntegrationTest.php" line="302" class="JTD\LaravelMCP\Tests\Feature\McpServerIntegrationTest" classname="JTD.LaravelMCP.Tests.Feature.McpServerIntegrationTest" assertions="10" time="0.013503"/>
        <testcase name="test_server_uptime_tracking" file="/home/jeremyfall/Internal/JTD-Packages/laravel-mcp.git/main/tests/Feature/McpServerIntegrationTest.php" line="323" class="JTD\LaravelMCP\Tests\Feature\McpServerIntegrationTest" classname="JTD.LaravelMCP.Tests.Feature.McpServerIntegrationTest" assertions="4" time="0.105929"/>
        <testcase name="test_server_lifecycle_management" file="/home/jeremyfall/Internal/JTD-Packages/laravel-mcp.git/main/tests/Feature/McpServerIntegrationTest.php" line="66" class="JTD\LaravelMCP\Tests\Feature\McpServerIntegrationTest" classname="JTD.LaravelMCP.Tests.Feature.McpServerIntegrationTest" assertions="8" time="1.007911"/>
        <testcase name="test_capability_negotiation_integration" file="/home/jeremyfall/Internal/JTD-Packages/laravel-mcp.git/main/tests/Feature/McpServerIntegrationTest.php" line="141" class="JTD\LaravelMCP\Tests\Feature\McpServerIntegrationTest" classname="JTD.LaravelMCP.Tests.Feature.McpServerIntegrationTest" assertions="3" time="0.007576"/>
        <testcase name="test_capability_manager_mcp10_compliance" file="/home/jeremyfall/Internal/JTD-Packages/laravel-mcp.git/main/tests/Feature/McpServerIntegrationTest.php" line="250" class="JTD\LaravelMCP\Tests\Feature\McpServerIntegrationTest" classname="JTD.LaravelMCP.Tests.Feature.McpServerIntegrationTest" assertions="3" time="0.005037">
          <skipped/>
        </testcase>
        <testcase name="test_can_resolve_server_info_from_container" file="/home/jeremyfall/Internal/JTD-Packages/laravel-mcp.git/main/tests/Feature/McpServerIntegrationTest.php" line="21" class="JTD\LaravelMCP\Tests\Feature\McpServerIntegrationTest" classname="JTD.LaravelMCP.Tests.Feature.McpServerIntegrationTest" assertions="1" time="0.004706"/>
        <testcase name="test_server_configuration_integration" file="/home/jeremyfall/Internal/JTD-Packages/laravel-mcp.git/main/tests/Feature/McpServerIntegrationTest.php" line="128" class="JTD\LaravelMCP\Tests\Feature\McpServerIntegrationTest" classname="JTD.LaravelMCP.Tests.Feature.McpServerIntegrationTest" assertions="3" time="0.005002"/>
        <testcase name="test_server_info_detailed_information" file="/home/jeremyfall/Internal/JTD-Packages/laravel-mcp.git/main/tests/Feature/McpServerIntegrationTest.php" line="215" class="JTD\LaravelMCP\Tests\Feature\McpServerIntegrationTest" classname="JTD.LaravelMCP.Tests.Feature.McpServerIntegrationTest" assertions="10" time="0.005141"/>
      </testsuite>
      <testsuite name="JTD\LaravelMCP\Tests\Feature\MiddlewareIntegrationTest" file="/home/jeremyfall/Internal/JTD-Packages/laravel-mcp.git/main/tests/Feature/MiddlewareIntegrationTest.php" tests="12" assertions="53" errors="0" failures="0" skipped="0" time="0.065582">
        <testcase name="it_allows_valid_cors_requests" file="/home/jeremyfall/Internal/JTD-Packages/laravel-mcp.git/main/tests/Feature/MiddlewareIntegrationTest.php" line="65" class="JTD\LaravelMCP\Tests\Feature\MiddlewareIntegrationTest" classname="JTD.LaravelMCP.Tests.Feature.MiddlewareIntegrationTest" assertions="7" time="0.005493"/>
        <testcase name="it_handles_cors_preflight_requests" file="/home/jeremyfall/Internal/JTD-Packages/laravel-mcp.git/main/tests/Feature/MiddlewareIntegrationTest.php" line="88" class="JTD\LaravelMCP\Tests\Feature\MiddlewareIntegrationTest" classname="JTD.LaravelMCP.Tests.Feature.MiddlewareIntegrationTest" assertions="8" time="0.005257"/>
        <testcase name="it_rejects_requests_without_api_key_when_required" file="/home/jeremyfall/Internal/JTD-Packages/laravel-mcp.git/main/tests/Feature/MiddlewareIntegrationTest.php" line="163" class="JTD\LaravelMCP\Tests\Feature\MiddlewareIntegrationTest" classname="JTD.LaravelMCP.Tests.Feature.MiddlewareIntegrationTest" assertions="2" time="0.005296"/>
        <testcase name="it_accepts_api_key_in_query_parameter" file="/home/jeremyfall/Internal/JTD-Packages/laravel-mcp.git/main/tests/Feature/MiddlewareIntegrationTest.php" line="228" class="JTD\LaravelMCP\Tests\Feature\MiddlewareIntegrationTest" classname="JTD.LaravelMCP.Tests.Feature.MiddlewareIntegrationTest" assertions="2" time="0.006421"/>
        <testcase name="it_respects_cors_origin_restrictions" file="/home/jeremyfall/Internal/JTD-Packages/laravel-mcp.git/main/tests/Feature/MiddlewareIntegrationTest.php" line="250" class="JTD\LaravelMCP\Tests\Feature\MiddlewareIntegrationTest" classname="JTD.LaravelMCP.Tests.Feature.MiddlewareIntegrationTest" assertions="2" time="0.005445"/>
        <testcase name="it_allows_wildcard_origins" file="/home/jeremyfall/Internal/JTD-Packages/laravel-mcp.git/main/tests/Feature/MiddlewareIntegrationTest.php" line="270" class="JTD\LaravelMCP\Tests\Feature\MiddlewareIntegrationTest" classname="JTD.LaravelMCP.Tests.Feature.MiddlewareIntegrationTest" assertions="3" time="0.005341"/>
        <testcase name="it_allows_requests_with_valid_api_key" file="/home/jeremyfall/Internal/JTD-Packages/laravel-mcp.git/main/tests/Feature/MiddlewareIntegrationTest.php" line="114" class="JTD\LaravelMCP\Tests\Feature\MiddlewareIntegrationTest" classname="JTD.LaravelMCP.Tests.Feature.MiddlewareIntegrationTest" assertions="2" time="0.005251"/>
        <testcase name="it_rejects_requests_with_invalid_api_key" file="/home/jeremyfall/Internal/JTD-Packages/laravel-mcp.git/main/tests/Feature/MiddlewareIntegrationTest.php" line="135" class="JTD\LaravelMCP\Tests\Feature\MiddlewareIntegrationTest" classname="JTD.LaravelMCP.Tests.Feature.MiddlewareIntegrationTest" assertions="5" time="0.005400"/>
        <testcase name="it_allows_requests_when_auth_disabled" file="/home/jeremyfall/Internal/JTD-Packages/laravel-mcp.git/main/tests/Feature/MiddlewareIntegrationTest.php" line="186" class="JTD\LaravelMCP\Tests\Feature\MiddlewareIntegrationTest" classname="JTD.LaravelMCP.Tests.Feature.MiddlewareIntegrationTest" assertions="2" time="0.005295"/>
        <testcase name="it_processes_middleware_stack_correctly" file="/home/jeremyfall/Internal/JTD-Packages/laravel-mcp.git/main/tests/Feature/MiddlewareIntegrationTest.php" line="204" class="JTD\LaravelMCP\Tests\Feature\MiddlewareIntegrationTest" classname="JTD.LaravelMCP.Tests.Feature.MiddlewareIntegrationTest" assertions="6" time="0.005555"/>
        <testcase name="it_handles_complex_cors_scenarios" file="/home/jeremyfall/Internal/JTD-Packages/laravel-mcp.git/main/tests/Feature/MiddlewareIntegrationTest.php" line="289" class="JTD\LaravelMCP\Tests\Feature\MiddlewareIntegrationTest" classname="JTD.LaravelMCP.Tests.Feature.MiddlewareIntegrationTest" assertions="9" time="0.005404"/>
        <testcase name="it_maintains_cors_headers_on_auth_errors" file="/home/jeremyfall/Internal/JTD-Packages/laravel-mcp.git/main/tests/Feature/MiddlewareIntegrationTest.php" line="321" class="JTD\LaravelMCP\Tests\Feature\MiddlewareIntegrationTest" classname="JTD.LaravelMCP.Tests.Feature.MiddlewareIntegrationTest" assertions="5" time="0.005424"/>
      </testsuite>
      <testsuite name="JTD\LaravelMCP\Tests\Feature\Server\Handlers\HandlerIntegrationTest" file="/home/jeremyfall/Internal/JTD-Packages/laravel-mcp.git/main/tests/Feature/Server/Handlers/HandlerIntegrationTest.php" tests="11" assertions="88" errors="0" failures="0" skipped="0" time="0.072061">
        <testcase name="handlers_handle_error_scenarios_gracefully" file="/home/jeremyfall/Internal/JTD-Packages/laravel-mcp.git/main/tests/Feature/Server/Handlers/HandlerIntegrationTest.php" line="304" class="JTD\LaravelMCP\Tests\Feature\Server\Handlers\HandlerIntegrationTest" classname="JTD.LaravelMCP.Tests.Feature.Server.Handlers.HandlerIntegrationTest" assertions="3" time="0.005111"/>
        <testcase name="handlers_validate_request_parameters_correctly" file="/home/jeremyfall/Internal/JTD-Packages/laravel-mcp.git/main/tests/Feature/Server/Handlers/HandlerIntegrationTest.php" line="336" class="JTD\LaravelMCP\Tests\Feature\Server\Handlers\HandlerIntegrationTest" classname="JTD.LaravelMCP.Tests.Feature.Server.Handlers.HandlerIntegrationTest" assertions="3" time="0.005816"/>
        <testcase name="tool_execution_handles_different_result_types" file="/home/jeremyfall/Internal/JTD-Packages/laravel-mcp.git/main/tests/Feature/Server/Handlers/HandlerIntegrationTest.php" line="407" class="JTD\LaravelMCP\Tests\Feature\Server\Handlers\HandlerIntegrationTest" classname="JTD.LaravelMCP.Tests.Feature.Server.Handlers.HandlerIntegrationTest" assertions="7" time="0.005370"/>
        <testcase name="complete_prompt_workflow_lists_and_gets_prompts" file="/home/jeremyfall/Internal/JTD-Packages/laravel-mcp.git/main/tests/Feature/Server/Handlers/HandlerIntegrationTest.php" line="121" class="JTD\LaravelMCP\Tests\Feature\Server\Handlers\HandlerIntegrationTest" classname="JTD.LaravelMCP.Tests.Feature.Server.Handlers.HandlerIntegrationTest" assertions="13" time="0.005574"/>
        <testcase name="resource_reading_handles_different_content_types" file="/home/jeremyfall/Internal/JTD-Packages/laravel-mcp.git/main/tests/Feature/Server/Handlers/HandlerIntegrationTest.php" line="491" class="JTD\LaravelMCP\Tests\Feature\Server\Handlers\HandlerIntegrationTest" classname="JTD.LaravelMCP.Tests.Feature.Server.Handlers.HandlerIntegrationTest" assertions="7" time="0.006046"/>
        <testcase name="complete_resource_workflow_lists_and_reads_resources" file="/home/jeremyfall/Internal/JTD-Packages/laravel-mcp.git/main/tests/Feature/Server/Handlers/HandlerIntegrationTest.php" line="93" class="JTD\LaravelMCP\Tests\Feature\Server\Handlers\HandlerIntegrationTest" classname="JTD.LaravelMCP.Tests.Feature.Server.Handlers.HandlerIntegrationTest" assertions="10" time="0.005768"/>
        <testcase name="complete_tool_workflow_lists_and_executes_tools" file="/home/jeremyfall/Internal/JTD-Packages/laravel-mcp.git/main/tests/Feature/Server/Handlers/HandlerIntegrationTest.php" line="56" class="JTD\LaravelMCP\Tests\Feature\Server\Handlers\HandlerIntegrationTest" classname="JTD.LaravelMCP.Tests.Feature.Server.Handlers.HandlerIntegrationTest" assertions="12" time="0.005905"/>
        <testcase name="handlers_return_proper_mcp_response_format" file="/home/jeremyfall/Internal/JTD-Packages/laravel-mcp.git/main/tests/Feature/Server/Handlers/HandlerIntegrationTest.php" line="368" class="JTD\LaravelMCP\Tests\Feature\Server\Handlers\HandlerIntegrationTest" classname="JTD.LaravelMCP.Tests.Feature.Server.Handlers.HandlerIntegrationTest" assertions="22" time="0.005830"/>
        <testcase name="resource_handler_manages_pagination_correctly" file="/home/jeremyfall/Internal/JTD-Packages/laravel-mcp.git/main/tests/Feature/Server/Handlers/HandlerIntegrationTest.php" line="214" class="JTD\LaravelMCP\Tests\Feature\Server\Handlers\HandlerIntegrationTest" classname="JTD.LaravelMCP.Tests.Feature.Server.Handlers.HandlerIntegrationTest" assertions="3" time="0.007932"/>
        <testcase name="prompt_handler_manages_pagination_correctly" file="/home/jeremyfall/Internal/JTD-Packages/laravel-mcp.git/main/tests/Feature/Server/Handlers/HandlerIntegrationTest.php" line="262" class="JTD\LaravelMCP\Tests\Feature\Server\Handlers\HandlerIntegrationTest" classname="JTD.LaravelMCP.Tests.Feature.Server.Handlers.HandlerIntegrationTest" assertions="2" time="0.007695"/>
        <testcase name="tool_handler_manages_pagination_correctly" file="/home/jeremyfall/Internal/JTD-Packages/laravel-mcp.git/main/tests/Feature/Server/Handlers/HandlerIntegrationTest.php" line="159" class="JTD\LaravelMCP\Tests\Feature\Server\Handlers\HandlerIntegrationTest" classname="JTD.LaravelMCP.Tests.Feature.Server.Handlers.HandlerIntegrationTest" assertions="6" time="0.011014"/>
      </testsuite>
      <testsuite name="JTD\LaravelMCP\Tests\Feature\ServiceProviderIntegrationTest" file="/home/jeremyfall/Internal/JTD-Packages/laravel-mcp.git/main/tests/Feature/ServiceProviderIntegrationTest.php" tests="18" assertions="83" errors="0" failures="0" skipped="0" time="0.096470">
        <testcase name="it_allows_environment_variables_to_override_config" file="/home/jeremyfall/Internal/JTD-Packages/laravel-mcp.git/main/tests/Feature/ServiceProviderIntegrationTest.php" line="143" class="JTD\LaravelMCP\Tests\Feature\ServiceProviderIntegrationTest" classname="JTD.LaravelMCP.Tests.Feature.ServiceProviderIntegrationTest" assertions="2" time="0.004215"/>
        <testcase name="it_registers_service_provider_in_laravel_application" file="/home/jeremyfall/Internal/JTD-Packages/laravel-mcp.git/main/tests/Feature/ServiceProviderIntegrationTest.php" line="48" class="JTD\LaravelMCP\Tests\Feature\ServiceProviderIntegrationTest" classname="JTD.LaravelMCP.Tests.Feature.ServiceProviderIntegrationTest" assertions="2" time="0.004703"/>
        <testcase name="it_provides_functional_mcp_facade" file="/home/jeremyfall/Internal/JTD-Packages/laravel-mcp.git/main/tests/Feature/ServiceProviderIntegrationTest.php" line="108" class="JTD\LaravelMCP\Tests\Feature\ServiceProviderIntegrationTest" classname="JTD.LaravelMCP.Tests.Feature.ServiceProviderIntegrationTest" assertions="2" time="0.004716"/>
        <testcase name="it_configures_transport_manager_based_on_config" file="/home/jeremyfall/Internal/JTD-Packages/laravel-mcp.git/main/tests/Feature/ServiceProviderIntegrationTest.php" line="302" class="JTD\LaravelMCP\Tests\Feature\ServiceProviderIntegrationTest" classname="JTD.LaravelMCP.Tests.Feature.ServiceProviderIntegrationTest" assertions="2" time="0.004390"/>
        <testcase name="it_resolves_services_using_app_helper" file="/home/jeremyfall/Internal/JTD-Packages/laravel-mcp.git/main/tests/Feature/ServiceProviderIntegrationTest.php" line="340" class="JTD\LaravelMCP\Tests\Feature\ServiceProviderIntegrationTest" classname="JTD.LaravelMCP.Tests.Feature.ServiceProviderIntegrationTest" assertions="3" time="0.004630"/>
        <testcase name="it_resolves_all_services_through_container" file="/home/jeremyfall/Internal/JTD-Packages/laravel-mcp.git/main/tests/Feature/ServiceProviderIntegrationTest.php" line="60" class="JTD\LaravelMCP\Tests\Feature\ServiceProviderIntegrationTest" classname="JTD.LaravelMCP.Tests.Feature.ServiceProviderIntegrationTest" assertions="22" time="0.005001"/>
        <testcase name="it_resolves_interfaces_to_correct_implementations" file="/home/jeremyfall/Internal/JTD-Packages/laravel-mcp.git/main/tests/Feature/ServiceProviderIntegrationTest.php" line="91" class="JTD\LaravelMCP\Tests\Feature\ServiceProviderIntegrationTest" classname="JTD.LaravelMCP.Tests.Feature.ServiceProviderIntegrationTest" assertions="3" time="0.004868"/>
        <testcase name="it_loads_and_merges_configuration" file="/home/jeremyfall/Internal/JTD-Packages/laravel-mcp.git/main/tests/Feature/ServiceProviderIntegrationTest.php" line="122" class="JTD\LaravelMCP\Tests\Feature\ServiceProviderIntegrationTest" classname="JTD.LaravelMCP.Tests.Feature.ServiceProviderIntegrationTest" assertions="8" time="0.005866"/>
        <testcase name="it_integrates_services_correctly" file="/home/jeremyfall/Internal/JTD-Packages/laravel-mcp.git/main/tests/Feature/ServiceProviderIntegrationTest.php" line="170" class="JTD\LaravelMCP\Tests\Feature\ServiceProviderIntegrationTest" classname="JTD.LaravelMCP.Tests.Feature.ServiceProviderIntegrationTest" assertions="3" time="0.005044"/>
        <testcase name="it_configures_publishable_assets" file="/home/jeremyfall/Internal/JTD-Packages/laravel-mcp.git/main/tests/Feature/ServiceProviderIntegrationTest.php" line="233" class="JTD\LaravelMCP\Tests\Feature\ServiceProviderIntegrationTest" classname="JTD.LaravelMCP.Tests.Feature.ServiceProviderIntegrationTest" assertions="3" time="0.004827"/>
        <testcase name="it_loads_routes_when_route_file_exists" file="/home/jeremyfall/Internal/JTD-Packages/laravel-mcp.git/main/tests/Feature/ServiceProviderIntegrationTest.php" line="259" class="JTD\LaravelMCP\Tests\Feature\ServiceProviderIntegrationTest" classname="JTD.LaravelMCP.Tests.Feature.ServiceProviderIntegrationTest" assertions="1" time="0.005349"/>
        <testcase name="it_handles_missing_optional_dependencies_gracefully" file="/home/jeremyfall/Internal/JTD-Packages/laravel-mcp.git/main/tests/Feature/ServiceProviderIntegrationTest.php" line="319" class="JTD\LaravelMCP\Tests\Feature\ServiceProviderIntegrationTest" classname="JTD.LaravelMCP.Tests.Feature.ServiceProviderIntegrationTest" assertions="1" time="0.005385"/>
        <testcase name="it_supports_dependency_injection_resolution" file="/home/jeremyfall/Internal/JTD-Packages/laravel-mcp.git/main/tests/Feature/ServiceProviderIntegrationTest.php" line="357" class="JTD\LaravelMCP\Tests\Feature\ServiceProviderIntegrationTest" classname="JTD.LaravelMCP.Tests.Feature.ServiceProviderIntegrationTest" assertions="2" time="0.005195"/>
        <testcase name="it_handles_multiple_provider_instances_safely" file="/home/jeremyfall/Internal/JTD-Packages/laravel-mcp.git/main/tests/Feature/ServiceProviderIntegrationTest.php" line="419" class="JTD\LaravelMCP\Tests\Feature\ServiceProviderIntegrationTest" classname="JTD.LaravelMCP.Tests.Feature.ServiceProviderIntegrationTest" assertions="3" time="0.005643"/>
        <testcase name="it_recovers_from_invalid_configuration" file="/home/jeremyfall/Internal/JTD-Packages/laravel-mcp.git/main/tests/Feature/ServiceProviderIntegrationTest.php" line="449" class="JTD\LaravelMCP\Tests\Feature\ServiceProviderIntegrationTest" classname="JTD.LaravelMCP.Tests.Feature.ServiceProviderIntegrationTest" assertions="2" time="0.005496"/>
        <testcase name="it_respects_disabled_state_configuration" file="/home/jeremyfall/Internal/JTD-Packages/laravel-mcp.git/main/tests/Feature/ServiceProviderIntegrationTest.php" line="470" class="JTD\LaravelMCP\Tests\Feature\ServiceProviderIntegrationTest" classname="JTD.LaravelMCP.Tests.Feature.ServiceProviderIntegrationTest" assertions="3" time="0.005226"/>
        <testcase name="it_discovers_components_when_enabled" file="/home/jeremyfall/Internal/JTD-Packages/laravel-mcp.git/main/tests/Feature/ServiceProviderIntegrationTest.php" line="198" class="JTD\LaravelMCP\Tests\Feature\ServiceProviderIntegrationTest" classname="JTD.LaravelMCP.Tests.Feature.ServiceProviderIntegrationTest" assertions="3" time="0.005725"/>
        <testcase name="it_completes_full_service_provider_lifecycle" file="/home/jeremyfall/Internal/JTD-Packages/laravel-mcp.git/main/tests/Feature/ServiceProviderIntegrationTest.php" line="377" class="JTD\LaravelMCP\Tests\Feature\ServiceProviderIntegrationTest" classname="JTD.LaravelMCP.Tests.Feature.ServiceProviderIntegrationTest" assertions="18" time="0.010193"/>
      </testsuite>
    </testsuite>
  </testsuite>
</testsuites>
