<?xml version="1.0" encoding="UTF-8"?>
<testsuites>
  <testsuite name="/home/jeremyfall/Internal/JTD-Packages/laravel-mcp.git/main/phpunit.xml" tests="743" assertions="2191" errors="0" failures="0" skipped="0" time="5.094466">
    <testsuite name="fast" tests="743" assertions="2191" errors="0" failures="0" skipped="0" time="5.094466">
      <testsuite name="JTD\LaravelMCP\Tests\Unit\Abstracts\BaseComponentTest" file="/home/jeremyfall/Internal/JTD-Packages/laravel-mcp.git/main/tests/Unit/Abstracts/BaseComponentTest.php" tests="14" assertions="31" errors="0" failures="0" skipped="0" time="0.180402">
        <testcase name="test_it_initializes_with_container_and_validator" file="/home/jeremyfall/Internal/JTD-Packages/laravel-mcp.git/main/tests/Unit/Abstracts/BaseComponentTest.php" line="22" class="JTD\LaravelMCP\Tests\Unit\Abstracts\BaseComponentTest" classname="JTD.LaravelMCP.Tests.Unit.Abstracts.BaseComponentTest" assertions="2" time="0.111536"/>
        <testcase name="test_it_manages_middleware" file="/home/jeremyfall/Internal/JTD-Packages/laravel-mcp.git/main/tests/Unit/Abstracts/BaseComponentTest.php" line="74" class="JTD\LaravelMCP\Tests\Unit\Abstracts\BaseComponentTest" classname="JTD.LaravelMCP.Tests.Unit.Abstracts.BaseComponentTest" assertions="1" time="0.006755"/>
        <testcase name="test_it_provides_make_helper" file="/home/jeremyfall/Internal/JTD-Packages/laravel-mcp.git/main/tests/Unit/Abstracts/BaseComponentTest.php" line="97" class="JTD\LaravelMCP\Tests\Unit\Abstracts\BaseComponentTest" classname="JTD.LaravelMCP.Tests.Unit.Abstracts.BaseComponentTest" assertions="1" time="0.005517"/>
        <testcase name="test_it_provides_resolve_helper" file="/home/jeremyfall/Internal/JTD-Packages/laravel-mcp.git/main/tests/Unit/Abstracts/BaseComponentTest.php" line="110" class="JTD\LaravelMCP\Tests\Unit\Abstracts\BaseComponentTest" classname="JTD.LaravelMCP.Tests.Unit.Abstracts.BaseComponentTest" assertions="1" time="0.004848"/>
        <testcase name="test_it_converts_to_array" file="/home/jeremyfall/Internal/JTD-Packages/laravel-mcp.git/main/tests/Unit/Abstracts/BaseComponentTest.php" line="140" class="JTD\LaravelMCP\Tests\Unit\Abstracts\BaseComponentTest" classname="JTD.LaravelMCP.Tests.Unit.Abstracts.BaseComponentTest" assertions="5" time="0.005289"/>
        <testcase name="test_authorize_returns_true_when_auth_not_required" file="/home/jeremyfall/Internal/JTD-Packages/laravel-mcp.git/main/tests/Unit/Abstracts/BaseComponentTest.php" line="153" class="JTD\LaravelMCP\Tests\Unit\Abstracts\BaseComponentTest" classname="JTD.LaravelMCP.Tests.Unit.Abstracts.BaseComponentTest" assertions="1" time="0.005105"/>
        <testcase name="test_authorize_returns_true_by_default_when_auth_required" file="/home/jeremyfall/Internal/JTD-Packages/laravel-mcp.git/main/tests/Unit/Abstracts/BaseComponentTest.php" line="166" class="JTD\LaravelMCP\Tests\Unit\Abstracts\BaseComponentTest" classname="JTD.LaravelMCP.Tests.Unit.Abstracts.BaseComponentTest" assertions="1" time="0.004978"/>
        <testcase name="test_generate_name_from_class_removes_suffixes" file="/home/jeremyfall/Internal/JTD-Packages/laravel-mcp.git/main/tests/Unit/Abstracts/BaseComponentTest.php" line="182" class="JTD\LaravelMCP\Tests\Unit\Abstracts\BaseComponentTest" classname="JTD.LaravelMCP.Tests.Unit.Abstracts.BaseComponentTest" assertions="3" time="0.005063"/>
        <testcase name="test_it_generates_name_from_class_when_not_set" file="/home/jeremyfall/Internal/JTD-Packages/laravel-mcp.git/main/tests/Unit/Abstracts/BaseComponentTest.php" line="45" class="JTD\LaravelMCP\Tests\Unit\Abstracts\BaseComponentTest" classname="JTD.LaravelMCP.Tests.Unit.Abstracts.BaseComponentTest" assertions="2" time="0.005789"/>
        <testcase name="test_it_returns_configured_description" file="/home/jeremyfall/Internal/JTD-Packages/laravel-mcp.git/main/tests/Unit/Abstracts/BaseComponentTest.php" line="57" class="JTD\LaravelMCP\Tests\Unit\Abstracts\BaseComponentTest" classname="JTD.LaravelMCP.Tests.Unit.Abstracts.BaseComponentTest" assertions="1" time="0.005432"/>
        <testcase name="test_it_returns_default_description_when_not_set" file="/home/jeremyfall/Internal/JTD-Packages/laravel-mcp.git/main/tests/Unit/Abstracts/BaseComponentTest.php" line="64" class="JTD\LaravelMCP\Tests\Unit\Abstracts\BaseComponentTest" classname="JTD.LaravelMCP.Tests.Unit.Abstracts.BaseComponentTest" assertions="1" time="0.004844"/>
        <testcase name="test_it_manages_auth_requirement" file="/home/jeremyfall/Internal/JTD-Packages/laravel-mcp.git/main/tests/Unit/Abstracts/BaseComponentTest.php" line="84" class="JTD\LaravelMCP\Tests\Unit\Abstracts\BaseComponentTest" classname="JTD.LaravelMCP.Tests.Unit.Abstracts.BaseComponentTest" assertions="2" time="0.005348"/>
        <testcase name="test_it_returns_metadata" file="/home/jeremyfall/Internal/JTD-Packages/laravel-mcp.git/main/tests/Unit/Abstracts/BaseComponentTest.php" line="123" class="JTD\LaravelMCP\Tests\Unit\Abstracts\BaseComponentTest" classname="JTD.LaravelMCP.Tests.Unit.Abstracts.BaseComponentTest" assertions="9" time="0.005112"/>
        <testcase name="test_it_returns_configured_name" file="/home/jeremyfall/Internal/JTD-Packages/laravel-mcp.git/main/tests/Unit/Abstracts/BaseComponentTest.php" line="38" class="JTD\LaravelMCP\Tests\Unit\Abstracts\BaseComponentTest" classname="JTD.LaravelMCP.Tests.Unit.Abstracts.BaseComponentTest" assertions="1" time="0.004787"/>
      </testsuite>
      <testsuite name="JTD\LaravelMCP\Tests\Unit\Abstracts\McpPromptTest" file="/home/jeremyfall/Internal/JTD-Packages/laravel-mcp.git/main/tests/Unit/Abstracts/McpPromptTest.php" tests="18" assertions="44" errors="0" failures="0" skipped="0" time="0.114227">
        <testcase name="test_it_initializes_with_container_and_view" file="/home/jeremyfall/Internal/JTD-Packages/laravel-mcp.git/main/tests/Unit/Abstracts/McpPromptTest.php" line="42" class="JTD\LaravelMCP\Tests\Unit\Abstracts\McpPromptTest" classname="JTD.LaravelMCP.Tests.Unit.Abstracts.McpPromptTest" assertions="2" time="0.007222"/>
        <testcase name="test_it_returns_configured_name" file="/home/jeremyfall/Internal/JTD-Packages/laravel-mcp.git/main/tests/Unit/Abstracts/McpPromptTest.php" line="58" class="JTD\LaravelMCP\Tests\Unit\Abstracts\McpPromptTest" classname="JTD.LaravelMCP.Tests.Unit.Abstracts.McpPromptTest" assertions="1" time="0.018401"/>
        <testcase name="test_it_generates_name_from_class_when_not_set" file="/home/jeremyfall/Internal/JTD-Packages/laravel-mcp.git/main/tests/Unit/Abstracts/McpPromptTest.php" line="65" class="JTD\LaravelMCP\Tests\Unit\Abstracts\McpPromptTest" classname="JTD.LaravelMCP.Tests.Unit.Abstracts.McpPromptTest" assertions="2" time="0.006207"/>
        <testcase name="test_it_returns_default_description_when_not_set" file="/home/jeremyfall/Internal/JTD-Packages/laravel-mcp.git/main/tests/Unit/Abstracts/McpPromptTest.php" line="87" class="JTD\LaravelMCP\Tests\Unit\Abstracts\McpPromptTest" classname="JTD.LaravelMCP.Tests.Unit.Abstracts.McpPromptTest" assertions="1" time="0.004933"/>
        <testcase name="test_it_returns_configured_arguments" file="/home/jeremyfall/Internal/JTD-Packages/laravel-mcp.git/main/tests/Unit/Abstracts/McpPromptTest.php" line="100" class="JTD\LaravelMCP\Tests\Unit\Abstracts\McpPromptTest" classname="JTD.LaravelMCP.Tests.Unit.Abstracts.McpPromptTest" assertions="3" time="0.005086"/>
        <testcase name="test_it_uses_template_when_provided" file="/home/jeremyfall/Internal/JTD-Packages/laravel-mcp.git/main/tests/Unit/Abstracts/McpPromptTest.php" line="159" class="JTD\LaravelMCP\Tests\Unit\Abstracts\McpPromptTest" classname="JTD.LaravelMCP.Tests.Unit.Abstracts.McpPromptTest" assertions="1" time="0.007197"/>
        <testcase name="test_it_formats_messages" file="/home/jeremyfall/Internal/JTD-Packages/laravel-mcp.git/main/tests/Unit/Abstracts/McpPromptTest.php" line="211" class="JTD\LaravelMCP\Tests\Unit\Abstracts\McpPromptTest" classname="JTD.LaravelMCP.Tests.Unit.Abstracts.McpPromptTest" assertions="3" time="0.005307"/>
        <testcase name="test_it_handles_authorization" file="/home/jeremyfall/Internal/JTD-Packages/laravel-mcp.git/main/tests/Unit/Abstracts/McpPromptTest.php" line="130" class="JTD\LaravelMCP\Tests\Unit\Abstracts\McpPromptTest" classname="JTD.LaravelMCP.Tests.Unit.Abstracts.McpPromptTest" assertions="1" time="0.006051"/>
        <testcase name="test_it_validates_arguments" file="/home/jeremyfall/Internal/JTD-Packages/laravel-mcp.git/main/tests/Unit/Abstracts/McpPromptTest.php" line="151" class="JTD\LaravelMCP\Tests\Unit\Abstracts\McpPromptTest" classname="JTD.LaravelMCP.Tests.Unit.Abstracts.McpPromptTest" assertions="1" time="0.005758"/>
        <testcase name="test_it_converts_to_array" file="/home/jeremyfall/Internal/JTD-Packages/laravel-mcp.git/main/tests/Unit/Abstracts/McpPromptTest.php" line="178" class="JTD\LaravelMCP\Tests\Unit\Abstracts\McpPromptTest" classname="JTD.LaravelMCP.Tests.Unit.Abstracts.McpPromptTest" assertions="7" time="0.004790"/>
        <testcase name="test_it_creates_message_structure" file="/home/jeremyfall/Internal/JTD-Packages/laravel-mcp.git/main/tests/Unit/Abstracts/McpPromptTest.php" line="193" class="JTD\LaravelMCP\Tests\Unit\Abstracts\McpPromptTest" classname="JTD.LaravelMCP.Tests.Unit.Abstracts.McpPromptTest" assertions="5" time="0.004692"/>
        <testcase name="test_it_applies_template_variables" file="/home/jeremyfall/Internal/JTD-Packages/laravel-mcp.git/main/tests/Unit/Abstracts/McpPromptTest.php" line="228" class="JTD\LaravelMCP\Tests\Unit\Abstracts\McpPromptTest" classname="JTD.LaravelMCP.Tests.Unit.Abstracts.McpPromptTest" assertions="1" time="0.005342"/>
        <testcase name="test_it_provides_container_helpers" file="/home/jeremyfall/Internal/JTD-Packages/laravel-mcp.git/main/tests/Unit/Abstracts/McpPromptTest.php" line="245" class="JTD\LaravelMCP\Tests\Unit\Abstracts\McpPromptTest" classname="JTD.LaravelMCP.Tests.Unit.Abstracts.McpPromptTest" assertions="1" time="0.004845"/>
        <testcase name="test_it_uses_traits" file="/home/jeremyfall/Internal/JTD-Packages/laravel-mcp.git/main/tests/Unit/Abstracts/McpPromptTest.php" line="258" class="JTD\LaravelMCP\Tests\Unit\Abstracts\McpPromptTest" classname="JTD.LaravelMCP.Tests.Unit.Abstracts.McpPromptTest" assertions="2" time="0.006248"/>
        <testcase name="test_it_throws_exception_for_unimplemented_custom_content" file="/home/jeremyfall/Internal/JTD-Packages/laravel-mcp.git/main/tests/Unit/Abstracts/McpPromptTest.php" line="266" class="JTD\LaravelMCP\Tests\Unit\Abstracts\McpPromptTest" classname="JTD.LaravelMCP.Tests.Unit.Abstracts.McpPromptTest" assertions="1" time="0.005531"/>
        <testcase name="test_it_handles_empty_arguments" file="/home/jeremyfall/Internal/JTD-Packages/laravel-mcp.git/main/tests/Unit/Abstracts/McpPromptTest.php" line="277" class="JTD\LaravelMCP\Tests\Unit\Abstracts\McpPromptTest" classname="JTD.LaravelMCP.Tests.Unit.Abstracts.McpPromptTest" assertions="2" time="0.005540"/>
        <testcase name="test_it_returns_configured_description" file="/home/jeremyfall/Internal/JTD-Packages/laravel-mcp.git/main/tests/Unit/Abstracts/McpPromptTest.php" line="80" class="JTD\LaravelMCP\Tests\Unit\Abstracts\McpPromptTest" classname="JTD.LaravelMCP.Tests.Unit.Abstracts.McpPromptTest" assertions="1" time="0.005472"/>
        <testcase name="test_it_generates_prompt_messages" file="/home/jeremyfall/Internal/JTD-Packages/laravel-mcp.git/main/tests/Unit/Abstracts/McpPromptTest.php" line="110" class="JTD\LaravelMCP\Tests\Unit\Abstracts\McpPromptTest" classname="JTD.LaravelMCP.Tests.Unit.Abstracts.McpPromptTest" assertions="9" time="0.005604"/>
      </testsuite>
      <testsuite name="JTD\LaravelMCP\Tests\Unit\Abstracts\McpResourceTest" file="/home/jeremyfall/Internal/JTD-Packages/laravel-mcp.git/main/tests/Unit/Abstracts/McpResourceTest.php" tests="21" assertions="45" errors="0" failures="0" skipped="0" time="0.117191">
        <testcase name="it_gets_resource_name" file="/home/jeremyfall/Internal/JTD-Packages/laravel-mcp.git/main/tests/Unit/Abstracts/McpResourceTest.php" line="67" class="JTD\LaravelMCP\Tests\Unit\Abstracts\McpResourceTest" classname="JTD.LaravelMCP.Tests.Unit.Abstracts.McpResourceTest" assertions="1" time="0.005995"/>
        <testcase name="it_generates_name_from_class_when_not_set" file="/home/jeremyfall/Internal/JTD-Packages/laravel-mcp.git/main/tests/Unit/Abstracts/McpResourceTest.php" line="73" class="JTD\LaravelMCP\Tests\Unit\Abstracts\McpResourceTest" classname="JTD.LaravelMCP.Tests.Unit.Abstracts.McpResourceTest" assertions="2" time="0.005266"/>
        <testcase name="it_gets_resource_description" file="/home/jeremyfall/Internal/JTD-Packages/laravel-mcp.git/main/tests/Unit/Abstracts/McpResourceTest.php" line="93" class="JTD\LaravelMCP\Tests\Unit\Abstracts\McpResourceTest" classname="JTD.LaravelMCP.Tests.Unit.Abstracts.McpResourceTest" assertions="1" time="0.004524"/>
        <testcase name="it_gets_default_description_when_not_set" file="/home/jeremyfall/Internal/JTD-Packages/laravel-mcp.git/main/tests/Unit/Abstracts/McpResourceTest.php" line="99" class="JTD\LaravelMCP\Tests\Unit\Abstracts\McpResourceTest" classname="JTD.LaravelMCP.Tests.Unit.Abstracts.McpResourceTest" assertions="1" time="0.004802"/>
        <testcase name="it_gets_uri_template" file="/home/jeremyfall/Internal/JTD-Packages/laravel-mcp.git/main/tests/Unit/Abstracts/McpResourceTest.php" line="118" class="JTD\LaravelMCP\Tests\Unit\Abstracts\McpResourceTest" classname="JTD.LaravelMCP.Tests.Unit.Abstracts.McpResourceTest" assertions="1" time="0.005107"/>
        <testcase name="it_generates_uri_template_when_not_set" file="/home/jeremyfall/Internal/JTD-Packages/laravel-mcp.git/main/tests/Unit/Abstracts/McpResourceTest.php" line="124" class="JTD\LaravelMCP\Tests\Unit\Abstracts\McpResourceTest" classname="JTD.LaravelMCP.Tests.Unit.Abstracts.McpResourceTest" assertions="1" time="0.005900"/>
        <testcase name="it_reads_resource_with_custom_implementation" file="/home/jeremyfall/Internal/JTD-Packages/laravel-mcp.git/main/tests/Unit/Abstracts/McpResourceTest.php" line="145" class="JTD\LaravelMCP\Tests\Unit\Abstracts\McpResourceTest" classname="JTD.LaravelMCP.Tests.Unit.Abstracts.McpResourceTest" assertions="1" time="0.005432"/>
        <testcase name="it_lists_resources_with_custom_implementation" file="/home/jeremyfall/Internal/JTD-Packages/laravel-mcp.git/main/tests/Unit/Abstracts/McpResourceTest.php" line="153" class="JTD\LaravelMCP\Tests\Unit\Abstracts\McpResourceTest" classname="JTD.LaravelMCP.Tests.Unit.Abstracts.McpResourceTest" assertions="3" time="0.005294"/>
        <testcase name="it_throws_exception_when_authorization_fails_for_read" file="/home/jeremyfall/Internal/JTD-Packages/laravel-mcp.git/main/tests/Unit/Abstracts/McpResourceTest.php" line="163" class="JTD\LaravelMCP\Tests\Unit\Abstracts\McpResourceTest" classname="JTD.LaravelMCP.Tests.Unit.Abstracts.McpResourceTest" assertions="1" time="0.005205"/>
        <testcase name="it_throws_exception_when_authorization_fails_for_list" file="/home/jeremyfall/Internal/JTD-Packages/laravel-mcp.git/main/tests/Unit/Abstracts/McpResourceTest.php" line="190" class="JTD\LaravelMCP\Tests\Unit\Abstracts\McpResourceTest" classname="JTD.LaravelMCP.Tests.Unit.Abstracts.McpResourceTest" assertions="1" time="0.005710"/>
        <testcase name="it_throws_exception_for_unsupported_subscription" file="/home/jeremyfall/Internal/JTD-Packages/laravel-mcp.git/main/tests/Unit/Abstracts/McpResourceTest.php" line="217" class="JTD\LaravelMCP\Tests\Unit\Abstracts\McpResourceTest" classname="JTD.LaravelMCP.Tests.Unit.Abstracts.McpResourceTest" assertions="2" time="0.005846"/>
        <testcase name="it_handles_subscription_when_supported" file="/home/jeremyfall/Internal/JTD-Packages/laravel-mcp.git/main/tests/Unit/Abstracts/McpResourceTest.php" line="226" class="JTD\LaravelMCP\Tests\Unit\Abstracts\McpResourceTest" classname="JTD.LaravelMCP.Tests.Unit.Abstracts.McpResourceTest" assertions="3" time="0.005668"/>
        <testcase name="it_converts_to_array_representation" file="/home/jeremyfall/Internal/JTD-Packages/laravel-mcp.git/main/tests/Unit/Abstracts/McpResourceTest.php" line="319" class="JTD\LaravelMCP\Tests\Unit\Abstracts\McpResourceTest" classname="JTD.LaravelMCP.Tests.Unit.Abstracts.McpResourceTest" assertions="8" time="0.005528"/>
        <testcase name="it_handles_boot_lifecycle" file="/home/jeremyfall/Internal/JTD-Packages/laravel-mcp.git/main/tests/Unit/Abstracts/McpResourceTest.php" line="353" class="JTD\LaravelMCP\Tests\Unit\Abstracts\McpResourceTest" classname="JTD.LaravelMCP.Tests.Unit.Abstracts.McpResourceTest" assertions="1" time="0.004867"/>
        <testcase name="it_does_not_require_auth_by_default" file="/home/jeremyfall/Internal/JTD-Packages/laravel-mcp.git/main/tests/Unit/Abstracts/McpResourceTest.php" line="379" class="JTD\LaravelMCP\Tests\Unit\Abstracts\McpResourceTest" classname="JTD.LaravelMCP.Tests.Unit.Abstracts.McpResourceTest" assertions="3" time="0.005432"/>
        <testcase name="it_uses_container_for_dependency_injection" file="/home/jeremyfall/Internal/JTD-Packages/laravel-mcp.git/main/tests/Unit/Abstracts/McpResourceTest.php" line="390" class="JTD\LaravelMCP\Tests\Unit\Abstracts\McpResourceTest" classname="JTD.LaravelMCP.Tests.Unit.Abstracts.McpResourceTest" assertions="1" time="0.005223"/>
        <testcase name="it_throws_exception_when_custom_read_not_implemented" file="/home/jeremyfall/Internal/JTD-Packages/laravel-mcp.git/main/tests/Unit/Abstracts/McpResourceTest.php" line="401" class="JTD\LaravelMCP\Tests\Unit\Abstracts\McpResourceTest" classname="JTD.LaravelMCP.Tests.Unit.Abstracts.McpResourceTest" assertions="2" time="0.005452"/>
        <testcase name="it_throws_exception_when_custom_list_not_implemented" file="/home/jeremyfall/Internal/JTD-Packages/laravel-mcp.git/main/tests/Unit/Abstracts/McpResourceTest.php" line="415" class="JTD\LaravelMCP\Tests\Unit\Abstracts\McpResourceTest" classname="JTD.LaravelMCP.Tests.Unit.Abstracts.McpResourceTest" assertions="2" time="0.005561"/>
        <testcase name="it_validates_parameters_for_read" file="/home/jeremyfall/Internal/JTD-Packages/laravel-mcp.git/main/tests/Unit/Abstracts/McpResourceTest.php" line="254" class="JTD\LaravelMCP\Tests\Unit\Abstracts\McpResourceTest" classname="JTD.LaravelMCP.Tests.Unit.Abstracts.McpResourceTest" assertions="2" time="0.006256"/>
        <testcase name="it_formats_content_for_mcp_response" file="/home/jeremyfall/Internal/JTD-Packages/laravel-mcp.git/main/tests/Unit/Abstracts/McpResourceTest.php" line="334" class="JTD\LaravelMCP\Tests\Unit\Abstracts\McpResourceTest" classname="JTD.LaravelMCP.Tests.Unit.Abstracts.McpResourceTest" assertions="7" time="0.005416"/>
        <testcase name="it_validates_parameters_for_list" file="/home/jeremyfall/Internal/JTD-Packages/laravel-mcp.git/main/tests/Unit/Abstracts/McpResourceTest.php" line="290" class="JTD\LaravelMCP\Tests\Unit\Abstracts\McpResourceTest" classname="JTD.LaravelMCP.Tests.Unit.Abstracts.McpResourceTest" assertions="1" time="0.008708"/>
      </testsuite>
      <testsuite name="JTD\LaravelMCP\Tests\Unit\Abstracts\McpToolTest" file="/home/jeremyfall/Internal/JTD-Packages/laravel-mcp.git/main/tests/Unit/Abstracts/McpToolTest.php" tests="16" assertions="31" errors="0" failures="0" skipped="0" time="0.087453">
        <testcase name="it_gets_tool_name" file="/home/jeremyfall/Internal/JTD-Packages/laravel-mcp.git/main/tests/Unit/Abstracts/McpToolTest.php" line="71" class="JTD\LaravelMCP\Tests\Unit\Abstracts\McpToolTest" classname="JTD.LaravelMCP.Tests.Unit.Abstracts.McpToolTest" assertions="1" time="0.005214"/>
        <testcase name="it_generates_name_from_class_when_not_set" file="/home/jeremyfall/Internal/JTD-Packages/laravel-mcp.git/main/tests/Unit/Abstracts/McpToolTest.php" line="77" class="JTD\LaravelMCP\Tests\Unit\Abstracts\McpToolTest" classname="JTD.LaravelMCP.Tests.Unit.Abstracts.McpToolTest" assertions="2" time="0.005324"/>
        <testcase name="it_gets_tool_description" file="/home/jeremyfall/Internal/JTD-Packages/laravel-mcp.git/main/tests/Unit/Abstracts/McpToolTest.php" line="92" class="JTD\LaravelMCP\Tests\Unit\Abstracts\McpToolTest" classname="JTD.LaravelMCP.Tests.Unit.Abstracts.McpToolTest" assertions="1" time="0.004916"/>
        <testcase name="it_gets_default_description_when_not_set" file="/home/jeremyfall/Internal/JTD-Packages/laravel-mcp.git/main/tests/Unit/Abstracts/McpToolTest.php" line="98" class="JTD\LaravelMCP\Tests\Unit\Abstracts\McpToolTest" classname="JTD.LaravelMCP.Tests.Unit.Abstracts.McpToolTest" assertions="1" time="0.005615"/>
        <testcase name="it_throws_exception_when_authorization_fails" file="/home/jeremyfall/Internal/JTD-Packages/laravel-mcp.git/main/tests/Unit/Abstracts/McpToolTest.php" line="134" class="JTD\LaravelMCP\Tests\Unit\Abstracts\McpToolTest" classname="JTD.LaravelMCP.Tests.Unit.Abstracts.McpToolTest" assertions="1" time="0.005281"/>
        <testcase name="it_applies_middleware_to_parameters" file="/home/jeremyfall/Internal/JTD-Packages/laravel-mcp.git/main/tests/Unit/Abstracts/McpToolTest.php" line="183" class="JTD\LaravelMCP\Tests\Unit\Abstracts\McpToolTest" classname="JTD.LaravelMCP.Tests.Unit.Abstracts.McpToolTest" assertions="2" time="0.005546"/>
        <testcase name="it_handles_boot_lifecycle" file="/home/jeremyfall/Internal/JTD-Packages/laravel-mcp.git/main/tests/Unit/Abstracts/McpToolTest.php" line="240" class="JTD\LaravelMCP\Tests\Unit\Abstracts\McpToolTest" classname="JTD.LaravelMCP.Tests.Unit.Abstracts.McpToolTest" assertions="1" time="0.005098"/>
        <testcase name="it_handles_empty_parameter_schema" file="/home/jeremyfall/Internal/JTD-Packages/laravel-mcp.git/main/tests/Unit/Abstracts/McpToolTest.php" line="261" class="JTD\LaravelMCP\Tests\Unit\Abstracts\McpToolTest" classname="JTD.LaravelMCP.Tests.Unit.Abstracts.McpToolTest" assertions="3" time="0.005580"/>
        <testcase name="it_does_not_require_auth_by_default" file="/home/jeremyfall/Internal/JTD-Packages/laravel-mcp.git/main/tests/Unit/Abstracts/McpToolTest.php" line="280" class="JTD\LaravelMCP\Tests\Unit\Abstracts\McpToolTest" classname="JTD.LaravelMCP.Tests.Unit.Abstracts.McpToolTest" assertions="1" time="0.005245"/>
        <testcase name="it_uses_validation_factory_for_parameter_validation" file="/home/jeremyfall/Internal/JTD-Packages/laravel-mcp.git/main/tests/Unit/Abstracts/McpToolTest.php" line="295" class="JTD\LaravelMCP\Tests\Unit\Abstracts\McpToolTest" classname="JTD.LaravelMCP.Tests.Unit.Abstracts.McpToolTest" assertions="1" time="0.005589"/>
        <testcase name="it_gets_input_schema" file="/home/jeremyfall/Internal/JTD-Packages/laravel-mcp.git/main/tests/Unit/Abstracts/McpToolTest.php" line="112" class="JTD\LaravelMCP\Tests\Unit\Abstracts\McpToolTest" classname="JTD.LaravelMCP.Tests.Unit.Abstracts.McpToolTest" assertions="6" time="0.005798"/>
        <testcase name="it_executes_tool_with_valid_parameters" file="/home/jeremyfall/Internal/JTD-Packages/laravel-mcp.git/main/tests/Unit/Abstracts/McpToolTest.php" line="125" class="JTD\LaravelMCP\Tests\Unit\Abstracts\McpToolTest" classname="JTD.LaravelMCP.Tests.Unit.Abstracts.McpToolTest" assertions="1" time="0.005469"/>
        <testcase name="it_validates_parameters_before_execution" file="/home/jeremyfall/Internal/JTD-Packages/laravel-mcp.git/main/tests/Unit/Abstracts/McpToolTest.php" line="156" class="JTD\LaravelMCP\Tests\Unit\Abstracts\McpToolTest" classname="JTD.LaravelMCP.Tests.Unit.Abstracts.McpToolTest" assertions="1" time="0.005574"/>
        <testcase name="it_resolves_dependencies_from_container" file="/home/jeremyfall/Internal/JTD-Packages/laravel-mcp.git/main/tests/Unit/Abstracts/McpToolTest.php" line="209" class="JTD\LaravelMCP\Tests\Unit\Abstracts\McpToolTest" classname="JTD.LaravelMCP.Tests.Unit.Abstracts.McpToolTest" assertions="2" time="0.005527"/>
        <testcase name="it_converts_to_array_representation" file="/home/jeremyfall/Internal/JTD-Packages/laravel-mcp.git/main/tests/Unit/Abstracts/McpToolTest.php" line="227" class="JTD\LaravelMCP\Tests\Unit\Abstracts\McpToolTest" classname="JTD.LaravelMCP.Tests.Unit.Abstracts.McpToolTest" assertions="6" time="0.006154"/>
        <testcase name="it_uses_container_for_dependency_injection" file="/home/jeremyfall/Internal/JTD-Packages/laravel-mcp.git/main/tests/Unit/Abstracts/McpToolTest.php" line="307" class="JTD\LaravelMCP\Tests\Unit\Abstracts\McpToolTest" classname="JTD.LaravelMCP.Tests.Unit.Abstracts.McpToolTest" assertions="1" time="0.005524"/>
      </testsuite>
      <testsuite name="JTD\LaravelMCP\Tests\Unit\Commands\BaseCommandTest" file="/home/jeremyfall/Internal/JTD-Packages/laravel-mcp.git/main/tests/Unit/Commands/BaseCommandTest.php" tests="9" assertions="27" errors="0" failures="0" skipped="0" time="0.066307">
        <testcase name="test_configuration_helper_methods" file="/home/jeremyfall/Internal/JTD-Packages/laravel-mcp.git/main/tests/Unit/Commands/BaseCommandTest.php" line="185" class="JTD\LaravelMCP\Tests\Unit\Commands\BaseCommandTest" classname="JTD.LaravelMCP.Tests.Unit.Commands.BaseCommandTest" assertions="3" time="0.007197"/>
        <testcase name="test_command_with_validation_failure" file="/home/jeremyfall/Internal/JTD-Packages/laravel-mcp.git/main/tests/Unit/Commands/BaseCommandTest.php" line="105" class="JTD\LaravelMCP\Tests\Unit\Commands\BaseCommandTest" classname="JTD.LaravelMCP.Tests.Unit.Commands.BaseCommandTest" assertions="1" time="0.014576"/>
        <testcase name="test_successful_command_execution" file="/home/jeremyfall/Internal/JTD-Packages/laravel-mcp.git/main/tests/Unit/Commands/BaseCommandTest.php" line="93" class="JTD\LaravelMCP\Tests\Unit\Commands\BaseCommandTest" classname="JTD.LaravelMCP.Tests.Unit.Commands.BaseCommandTest" assertions="2" time="0.010288"/>
        <testcase name="test_error_handling_without_debug" file="/home/jeremyfall/Internal/JTD-Packages/laravel-mcp.git/main/tests/Unit/Commands/BaseCommandTest.php" line="118" class="JTD\LaravelMCP\Tests\Unit\Commands\BaseCommandTest" classname="JTD.LaravelMCP.Tests.Unit.Commands.BaseCommandTest" assertions="4" time="0.005629"/>
        <testcase name="test_debug_output_in_verbose_mode" file="/home/jeremyfall/Internal/JTD-Packages/laravel-mcp.git/main/tests/Unit/Commands/BaseCommandTest.php" line="172" class="JTD\LaravelMCP\Tests\Unit\Commands\BaseCommandTest" classname="JTD.LaravelMCP.Tests.Unit.Commands.BaseCommandTest" assertions="1" time="0.005490"/>
        <testcase name="test_error_handling_with_debug_mode" file="/home/jeremyfall/Internal/JTD-Packages/laravel-mcp.git/main/tests/Unit/Commands/BaseCommandTest.php" line="135" class="JTD\LaravelMCP\Tests\Unit\Commands\BaseCommandTest" classname="JTD.LaravelMCP.Tests.Unit.Commands.BaseCommandTest" assertions="3" time="0.005913"/>
        <testcase name="test_option_validation_methods" file="/home/jeremyfall/Internal/JTD-Packages/laravel-mcp.git/main/tests/Unit/Commands/BaseCommandTest.php" line="215" class="JTD\LaravelMCP\Tests\Unit\Commands\BaseCommandTest" classname="JTD.LaravelMCP.Tests.Unit.Commands.BaseCommandTest" assertions="7" time="0.005595"/>
        <testcase name="test_output_formatting_methods" file="/home/jeremyfall/Internal/JTD-Packages/laravel-mcp.git/main/tests/Unit/Commands/BaseCommandTest.php" line="151" class="JTD\LaravelMCP\Tests\Unit\Commands\BaseCommandTest" classname="JTD.LaravelMCP.Tests.Unit.Commands.BaseCommandTest" assertions="4" time="0.005760"/>
        <testcase name="test_mcp_disabled_check" file="/home/jeremyfall/Internal/JTD-Packages/laravel-mcp.git/main/tests/Unit/Commands/BaseCommandTest.php" line="200" class="JTD\LaravelMCP\Tests\Unit\Commands\BaseCommandTest" classname="JTD.LaravelMCP.Tests.Unit.Commands.BaseCommandTest" assertions="2" time="0.005859"/>
      </testsuite>
      <testsuite name="JTD\LaravelMCP\Tests\Unit\Commands\ListCommandTest" file="/home/jeremyfall/Internal/JTD-Packages/laravel-mcp.git/main/tests/Unit/Commands/ListCommandTest.php" tests="9" assertions="9" errors="0" failures="0" skipped="0" time="0.123136">
        <testcase name="it_validates_invalid_type_option" file="/home/jeremyfall/Internal/JTD-Packages/laravel-mcp.git/main/tests/Unit/Commands/ListCommandTest.php" line="267" class="JTD\LaravelMCP\Tests\Unit\Commands\ListCommandTest" classname="JTD.LaravelMCP.Tests.Unit.Commands.ListCommandTest" assertions="1" time="0.056128"/>
        <testcase name="it_filters_by_resource_type" file="/home/jeremyfall/Internal/JTD-Packages/laravel-mcp.git/main/tests/Unit/Commands/ListCommandTest.php" line="154" class="JTD\LaravelMCP\Tests\Unit\Commands\ListCommandTest" classname="JTD.LaravelMCP.Tests.Unit.Commands.ListCommandTest" assertions="1" time="0.011710"/>
        <testcase name="it_outputs_in_json_format" file="/home/jeremyfall/Internal/JTD-Packages/laravel-mcp.git/main/tests/Unit/Commands/ListCommandTest.php" line="192" class="JTD\LaravelMCP\Tests\Unit\Commands\ListCommandTest" classname="JTD.LaravelMCP.Tests.Unit.Commands.ListCommandTest" assertions="1" time="0.006548"/>
        <testcase name="it_validates_invalid_format_option" file="/home/jeremyfall/Internal/JTD-Packages/laravel-mcp.git/main/tests/Unit/Commands/ListCommandTest.php" line="280" class="JTD\LaravelMCP\Tests\Unit\Commands\ListCommandTest" classname="JTD.LaravelMCP.Tests.Unit.Commands.ListCommandTest" assertions="1" time="0.006303"/>
        <testcase name="it_handles_empty_registries_gracefully" file="/home/jeremyfall/Internal/JTD-Packages/laravel-mcp.git/main/tests/Unit/Commands/ListCommandTest.php" line="249" class="JTD\LaravelMCP\Tests\Unit\Commands\ListCommandTest" classname="JTD.LaravelMCP.Tests.Unit.Commands.ListCommandTest" assertions="1" time="0.006968"/>
        <testcase name="it_filters_by_prompt_type" file="/home/jeremyfall/Internal/JTD-Packages/laravel-mcp.git/main/tests/Unit/Commands/ListCommandTest.php" line="173" class="JTD\LaravelMCP\Tests\Unit\Commands\ListCommandTest" classname="JTD.LaravelMCP.Tests.Unit.Commands.ListCommandTest" assertions="1" time="0.007419"/>
        <testcase name="it_lists_all_components_in_table_format" file="/home/jeremyfall/Internal/JTD-Packages/laravel-mcp.git/main/tests/Unit/Commands/ListCommandTest.php" line="113" class="JTD\LaravelMCP\Tests\Unit\Commands\ListCommandTest" classname="JTD.LaravelMCP.Tests.Unit.Commands.ListCommandTest" assertions="1" time="0.013998"/>
        <testcase name="it_shows_detailed_information" file="/home/jeremyfall/Internal/JTD-Packages/laravel-mcp.git/main/tests/Unit/Commands/ListCommandTest.php" line="230" class="JTD\LaravelMCP\Tests\Unit\Commands\ListCommandTest" classname="JTD.LaravelMCP.Tests.Unit.Commands.ListCommandTest" assertions="1" time="0.007690"/>
        <testcase name="it_filters_by_tool_type" file="/home/jeremyfall/Internal/JTD-Packages/laravel-mcp.git/main/tests/Unit/Commands/ListCommandTest.php" line="135" class="JTD\LaravelMCP\Tests\Unit\Commands\ListCommandTest" classname="JTD.LaravelMCP.Tests.Unit.Commands.ListCommandTest" assertions="1" time="0.006372"/>
      </testsuite>
      <testsuite name="JTD\LaravelMCP\Tests\Unit\Commands\MakePromptCommandTest" file="/home/jeremyfall/Internal/JTD-Packages/laravel-mcp.git/main/tests/Unit/Commands/MakePromptCommandTest.php" tests="19" assertions="50" errors="0" failures="0" skipped="0" time="0.132823">
        <testcase name="it_extends_generator_command" file="/home/jeremyfall/Internal/JTD-Packages/laravel-mcp.git/main/tests/Unit/Commands/MakePromptCommandTest.php" line="61" class="JTD\LaravelMCP\Tests\Unit\Commands\MakePromptCommandTest" classname="JTD.LaravelMCP.Tests.Unit.Commands.MakePromptCommandTest" assertions="1" time="0.005153"/>
        <testcase name="it_has_correct_description" file="/home/jeremyfall/Internal/JTD-Packages/laravel-mcp.git/main/tests/Unit/Commands/MakePromptCommandTest.php" line="73" class="JTD\LaravelMCP\Tests\Unit\Commands\MakePromptCommandTest" classname="JTD.LaravelMCP.Tests.Unit.Commands.MakePromptCommandTest" assertions="1" time="0.004823"/>
        <testcase name="it_resolves_template_paths_correctly" file="/home/jeremyfall/Internal/JTD-Packages/laravel-mcp.git/main/tests/Unit/Commands/MakePromptCommandTest.php" line="229" class="JTD\LaravelMCP\Tests\Unit\Commands\MakePromptCommandTest" classname="JTD.LaravelMCP.Tests.Unit.Commands.MakePromptCommandTest" assertions="2" time="0.004949"/>
        <testcase name="it_has_correct_signature" file="/home/jeremyfall/Internal/JTD-Packages/laravel-mcp.git/main/tests/Unit/Commands/MakePromptCommandTest.php" line="67" class="JTD\LaravelMCP\Tests\Unit\Commands\MakePromptCommandTest" classname="JTD.LaravelMCP.Tests.Unit.Commands.MakePromptCommandTest" assertions="1" time="0.005143"/>
        <testcase name="it_returns_correct_stub_path" file="/home/jeremyfall/Internal/JTD-Packages/laravel-mcp.git/main/tests/Unit/Commands/MakePromptCommandTest.php" line="79" class="JTD\LaravelMCP\Tests\Unit\Commands\MakePromptCommandTest" classname="JTD.LaravelMCP.Tests.Unit.Commands.MakePromptCommandTest" assertions="1" time="0.005192"/>
        <testcase name="it_generates_correct_prompt_name_from_class" file="/home/jeremyfall/Internal/JTD-Packages/laravel-mcp.git/main/tests/Unit/Commands/MakePromptCommandTest.php" line="103" class="JTD\LaravelMCP\Tests\Unit\Commands\MakePromptCommandTest" classname="JTD.LaravelMCP.Tests.Unit.Commands.MakePromptCommandTest" assertions="3" time="0.005513"/>
        <testcase name="it_validates_variable_definitions" file="/home/jeremyfall/Internal/JTD-Packages/laravel-mcp.git/main/tests/Unit/Commands/MakePromptCommandTest.php" line="174" class="JTD\LaravelMCP\Tests\Unit\Commands\MakePromptCommandTest" classname="JTD.LaravelMCP.Tests.Unit.Commands.MakePromptCommandTest" assertions="4" time="0.006224"/>
        <testcase name="it_validates_invalid_class_names" file="/home/jeremyfall/Internal/JTD-Packages/laravel-mcp.git/main/tests/Unit/Commands/MakePromptCommandTest.php" line="201" class="JTD\LaravelMCP\Tests\Unit\Commands\MakePromptCommandTest" classname="JTD.LaravelMCP.Tests.Unit.Commands.MakePromptCommandTest" assertions="2" time="0.005728"/>
        <testcase name="it_handles_filesystem_errors_gracefully" file="/home/jeremyfall/Internal/JTD-Packages/laravel-mcp.git/main/tests/Unit/Commands/MakePromptCommandTest.php" line="338" class="JTD\LaravelMCP\Tests\Unit\Commands\MakePromptCommandTest" classname="JTD.LaravelMCP.Tests.Unit.Commands.MakePromptCommandTest" assertions="2" time="0.009740"/>
        <testcase name="it_creates_prompt_with_template_integration" file="/home/jeremyfall/Internal/JTD-Packages/laravel-mcp.git/main/tests/Unit/Commands/MakePromptCommandTest.php" line="133" class="JTD\LaravelMCP\Tests\Unit\Commands\MakePromptCommandTest" classname="JTD.LaravelMCP.Tests.Unit.Commands.MakePromptCommandTest" assertions="3" time="0.012142"/>
        <testcase name="it_validates_variables_json" file="/home/jeremyfall/Internal/JTD-Packages/laravel-mcp.git/main/tests/Unit/Commands/MakePromptCommandTest.php" line="151" class="JTD\LaravelMCP\Tests\Unit\Commands\MakePromptCommandTest" classname="JTD.LaravelMCP.Tests.Unit.Commands.MakePromptCommandTest" assertions="3" time="0.008170"/>
        <testcase name="it_handles_nonexistent_template_gracefully" file="/home/jeremyfall/Internal/JTD-Packages/laravel-mcp.git/main/tests/Unit/Commands/MakePromptCommandTest.php" line="213" class="JTD\LaravelMCP\Tests\Unit\Commands\MakePromptCommandTest" classname="JTD.LaravelMCP.Tests.Unit.Commands.MakePromptCommandTest" assertions="2" time="0.007155"/>
        <testcase name="it_handles_nested_namespaces" file="/home/jeremyfall/Internal/JTD-Packages/laravel-mcp.git/main/tests/Unit/Commands/MakePromptCommandTest.php" line="248" class="JTD\LaravelMCP\Tests\Unit\Commands\MakePromptCommandTest" classname="JTD.LaravelMCP.Tests.Unit.Commands.MakePromptCommandTest" assertions="5" time="0.007743"/>
        <testcase name="it_handles_empty_options_gracefully" file="/home/jeremyfall/Internal/JTD-Packages/laravel-mcp.git/main/tests/Unit/Commands/MakePromptCommandTest.php" line="319" class="JTD\LaravelMCP\Tests\Unit\Commands\MakePromptCommandTest" classname="JTD.LaravelMCP.Tests.Unit.Commands.MakePromptCommandTest" assertions="2" time="0.007052"/>
        <testcase name="it_returns_correct_default_namespace" file="/home/jeremyfall/Internal/JTD-Packages/laravel-mcp.git/main/tests/Unit/Commands/MakePromptCommandTest.php" line="91" class="JTD\LaravelMCP\Tests\Unit\Commands\MakePromptCommandTest" classname="JTD.LaravelMCP.Tests.Unit.Commands.MakePromptCommandTest" assertions="1" time="0.005749"/>
        <testcase name="it_handles_force_option_to_overwrite_existing_files" file="/home/jeremyfall/Internal/JTD-Packages/laravel-mcp.git/main/tests/Unit/Commands/MakePromptCommandTest.php" line="265" class="JTD\LaravelMCP\Tests\Unit\Commands\MakePromptCommandTest" classname="JTD.LaravelMCP.Tests.Unit.Commands.MakePromptCommandTest" assertions="2" time="0.008977"/>
        <testcase name="it_displays_success_message_with_details" file="/home/jeremyfall/Internal/JTD-Packages/laravel-mcp.git/main/tests/Unit/Commands/MakePromptCommandTest.php" line="280" class="JTD\LaravelMCP\Tests\Unit\Commands\MakePromptCommandTest" classname="JTD.LaravelMCP.Tests.Unit.Commands.MakePromptCommandTest" assertions="7" time="0.007969"/>
        <testcase name="it_generates_description_with_template_context" file="/home/jeremyfall/Internal/JTD-Packages/laravel-mcp.git/main/tests/Unit/Commands/MakePromptCommandTest.php" line="301" class="JTD\LaravelMCP\Tests\Unit\Commands\MakePromptCommandTest" classname="JTD.LaravelMCP.Tests.Unit.Commands.MakePromptCommandTest" assertions="2" time="0.007667"/>
        <testcase name="it_creates_prompt_file_successfully" file="/home/jeremyfall/Internal/JTD-Packages/laravel-mcp.git/main/tests/Unit/Commands/MakePromptCommandTest.php" line="115" class="JTD\LaravelMCP\Tests\Unit\Commands\MakePromptCommandTest" classname="JTD.LaravelMCP.Tests.Unit.Commands.MakePromptCommandTest" assertions="6" time="0.007732"/>
      </testsuite>
      <testsuite name="JTD\LaravelMCP\Tests\Unit\Commands\MakeResourceCommandTest" file="/home/jeremyfall/Internal/JTD-Packages/laravel-mcp.git/main/tests/Unit/Commands/MakeResourceCommandTest.php" tests="18" assertions="47" errors="0" failures="0" skipped="0" time="0.119758">
        <testcase name="it_extends_generator_command" file="/home/jeremyfall/Internal/JTD-Packages/laravel-mcp.git/main/tests/Unit/Commands/MakeResourceCommandTest.php" line="61" class="JTD\LaravelMCP\Tests\Unit\Commands\MakeResourceCommandTest" classname="JTD.LaravelMCP.Tests.Unit.Commands.MakeResourceCommandTest" assertions="1" time="0.005963"/>
        <testcase name="it_has_correct_signature" file="/home/jeremyfall/Internal/JTD-Packages/laravel-mcp.git/main/tests/Unit/Commands/MakeResourceCommandTest.php" line="67" class="JTD\LaravelMCP\Tests\Unit\Commands\MakeResourceCommandTest" classname="JTD.LaravelMCP.Tests.Unit.Commands.MakeResourceCommandTest" assertions="1" time="0.005525"/>
        <testcase name="it_has_correct_description" file="/home/jeremyfall/Internal/JTD-Packages/laravel-mcp.git/main/tests/Unit/Commands/MakeResourceCommandTest.php" line="73" class="JTD\LaravelMCP\Tests\Unit\Commands\MakeResourceCommandTest" classname="JTD.LaravelMCP.Tests.Unit.Commands.MakeResourceCommandTest" assertions="1" time="0.005828"/>
        <testcase name="it_returns_correct_stub_path" file="/home/jeremyfall/Internal/JTD-Packages/laravel-mcp.git/main/tests/Unit/Commands/MakeResourceCommandTest.php" line="79" class="JTD\LaravelMCP\Tests\Unit\Commands\MakeResourceCommandTest" classname="JTD.LaravelMCP.Tests.Unit.Commands.MakeResourceCommandTest" assertions="1" time="0.005085"/>
        <testcase name="it_returns_correct_default_namespace" file="/home/jeremyfall/Internal/JTD-Packages/laravel-mcp.git/main/tests/Unit/Commands/MakeResourceCommandTest.php" line="91" class="JTD\LaravelMCP\Tests\Unit\Commands\MakeResourceCommandTest" classname="JTD.LaravelMCP.Tests.Unit.Commands.MakeResourceCommandTest" assertions="1" time="0.005001"/>
        <testcase name="it_generates_correct_resource_name_from_class" file="/home/jeremyfall/Internal/JTD-Packages/laravel-mcp.git/main/tests/Unit/Commands/MakeResourceCommandTest.php" line="103" class="JTD\LaravelMCP\Tests\Unit\Commands\MakeResourceCommandTest" classname="JTD.LaravelMCP.Tests.Unit.Commands.MakeResourceCommandTest" assertions="3" time="0.005779"/>
        <testcase name="it_validates_invalid_class_names" file="/home/jeremyfall/Internal/JTD-Packages/laravel-mcp.git/main/tests/Unit/Commands/MakeResourceCommandTest.php" line="170" class="JTD\LaravelMCP\Tests\Unit\Commands\MakeResourceCommandTest" classname="JTD.LaravelMCP.Tests.Unit.Commands.MakeResourceCommandTest" assertions="2" time="0.005925"/>
        <testcase name="it_qualifies_model_class_correctly" file="/home/jeremyfall/Internal/JTD-Packages/laravel-mcp.git/main/tests/Unit/Commands/MakeResourceCommandTest.php" line="289" class="JTD\LaravelMCP\Tests\Unit\Commands\MakeResourceCommandTest" classname="JTD.LaravelMCP.Tests.Unit.Commands.MakeResourceCommandTest" assertions="3" time="0.006023"/>
        <testcase name="it_handles_filesystem_errors_gracefully" file="/home/jeremyfall/Internal/JTD-Packages/laravel-mcp.git/main/tests/Unit/Commands/MakeResourceCommandTest.php" line="309" class="JTD\LaravelMCP\Tests\Unit\Commands\MakeResourceCommandTest" classname="JTD.LaravelMCP.Tests.Unit.Commands.MakeResourceCommandTest" assertions="2" time="0.006453"/>
        <testcase name="it_creates_resource_file_successfully" file="/home/jeremyfall/Internal/JTD-Packages/laravel-mcp.git/main/tests/Unit/Commands/MakeResourceCommandTest.php" line="115" class="JTD\LaravelMCP\Tests\Unit\Commands\MakeResourceCommandTest" classname="JTD.LaravelMCP.Tests.Unit.Commands.MakeResourceCommandTest" assertions="6" time="0.007498"/>
        <testcase name="it_creates_resource_with_model_integration" file="/home/jeremyfall/Internal/JTD-Packages/laravel-mcp.git/main/tests/Unit/Commands/MakeResourceCommandTest.php" line="133" class="JTD\LaravelMCP\Tests\Unit\Commands\MakeResourceCommandTest" classname="JTD.LaravelMCP.Tests.Unit.Commands.MakeResourceCommandTest" assertions="4" time="0.008414"/>
        <testcase name="it_creates_resource_with_custom_uri_template" file="/home/jeremyfall/Internal/JTD-Packages/laravel-mcp.git/main/tests/Unit/Commands/MakeResourceCommandTest.php" line="152" class="JTD\LaravelMCP\Tests\Unit\Commands\MakeResourceCommandTest" classname="JTD.LaravelMCP.Tests.Unit.Commands.MakeResourceCommandTest" assertions="3" time="0.006908"/>
        <testcase name="it_handles_nested_namespaces" file="/home/jeremyfall/Internal/JTD-Packages/laravel-mcp.git/main/tests/Unit/Commands/MakeResourceCommandTest.php" line="221" class="JTD\LaravelMCP\Tests\Unit\Commands\MakeResourceCommandTest" classname="JTD.LaravelMCP.Tests.Unit.Commands.MakeResourceCommandTest" assertions="4" time="0.006768"/>
        <testcase name="it_displays_success_message_with_details" file="/home/jeremyfall/Internal/JTD-Packages/laravel-mcp.git/main/tests/Unit/Commands/MakeResourceCommandTest.php" line="252" class="JTD\LaravelMCP\Tests\Unit\Commands\MakeResourceCommandTest" classname="JTD.LaravelMCP.Tests.Unit.Commands.MakeResourceCommandTest" assertions="6" time="0.007392"/>
        <testcase name="it_generates_appropriate_uri_for_model_resources" file="/home/jeremyfall/Internal/JTD-Packages/laravel-mcp.git/main/tests/Unit/Commands/MakeResourceCommandTest.php" line="271" class="JTD\LaravelMCP\Tests\Unit\Commands\MakeResourceCommandTest" classname="JTD.LaravelMCP.Tests.Unit.Commands.MakeResourceCommandTest" assertions="2" time="0.007434"/>
        <testcase name="it_validates_uri_template_format" file="/home/jeremyfall/Internal/JTD-Packages/laravel-mcp.git/main/tests/Unit/Commands/MakeResourceCommandTest.php" line="182" class="JTD\LaravelMCP\Tests\Unit\Commands\MakeResourceCommandTest" classname="JTD.LaravelMCP.Tests.Unit.Commands.MakeResourceCommandTest" assertions="3" time="0.007424"/>
        <testcase name="it_handles_force_option_to_overwrite_existing_files" file="/home/jeremyfall/Internal/JTD-Packages/laravel-mcp.git/main/tests/Unit/Commands/MakeResourceCommandTest.php" line="237" class="JTD\LaravelMCP\Tests\Unit\Commands\MakeResourceCommandTest" classname="JTD.LaravelMCP.Tests.Unit.Commands.MakeResourceCommandTest" assertions="2" time="0.008715"/>
        <testcase name="it_handles_nonexistent_model_gracefully" file="/home/jeremyfall/Internal/JTD-Packages/laravel-mcp.git/main/tests/Unit/Commands/MakeResourceCommandTest.php" line="205" class="JTD\LaravelMCP\Tests\Unit\Commands\MakeResourceCommandTest" classname="JTD.LaravelMCP.Tests.Unit.Commands.MakeResourceCommandTest" assertions="2" time="0.007621"/>
      </testsuite>
      <testsuite name="JTD\LaravelMCP\Tests\Unit\Commands\MakeToolCommandTest" file="/home/jeremyfall/Internal/JTD-Packages/laravel-mcp.git/main/tests/Unit/Commands/MakeToolCommandTest.php" tests="15" assertions="38" errors="0" failures="0" skipped="0" time="0.100466">
        <testcase name="it_extends_generator_command" file="/home/jeremyfall/Internal/JTD-Packages/laravel-mcp.git/main/tests/Unit/Commands/MakeToolCommandTest.php" line="62" class="JTD\LaravelMCP\Tests\Unit\Commands\MakeToolCommandTest" classname="JTD.LaravelMCP.Tests.Unit.Commands.MakeToolCommandTest" assertions="1" time="0.006057"/>
        <testcase name="it_has_correct_signature" file="/home/jeremyfall/Internal/JTD-Packages/laravel-mcp.git/main/tests/Unit/Commands/MakeToolCommandTest.php" line="68" class="JTD\LaravelMCP\Tests\Unit\Commands\MakeToolCommandTest" classname="JTD.LaravelMCP.Tests.Unit.Commands.MakeToolCommandTest" assertions="1" time="0.005675"/>
        <testcase name="it_has_correct_description" file="/home/jeremyfall/Internal/JTD-Packages/laravel-mcp.git/main/tests/Unit/Commands/MakeToolCommandTest.php" line="74" class="JTD\LaravelMCP\Tests\Unit\Commands\MakeToolCommandTest" classname="JTD.LaravelMCP.Tests.Unit.Commands.MakeToolCommandTest" assertions="1" time="0.005943"/>
        <testcase name="it_returns_correct_stub_path" file="/home/jeremyfall/Internal/JTD-Packages/laravel-mcp.git/main/tests/Unit/Commands/MakeToolCommandTest.php" line="80" class="JTD\LaravelMCP\Tests\Unit\Commands\MakeToolCommandTest" classname="JTD.LaravelMCP.Tests.Unit.Commands.MakeToolCommandTest" assertions="1" time="0.006058"/>
        <testcase name="it_returns_correct_default_namespace" file="/home/jeremyfall/Internal/JTD-Packages/laravel-mcp.git/main/tests/Unit/Commands/MakeToolCommandTest.php" line="92" class="JTD\LaravelMCP\Tests\Unit\Commands\MakeToolCommandTest" classname="JTD.LaravelMCP.Tests.Unit.Commands.MakeToolCommandTest" assertions="1" time="0.005629"/>
        <testcase name="it_generates_correct_tool_name_from_class" file="/home/jeremyfall/Internal/JTD-Packages/laravel-mcp.git/main/tests/Unit/Commands/MakeToolCommandTest.php" line="104" class="JTD\LaravelMCP\Tests\Unit\Commands\MakeToolCommandTest" classname="JTD.LaravelMCP.Tests.Unit.Commands.MakeToolCommandTest" assertions="3" time="0.005514"/>
        <testcase name="it_handles_invalid_class_names" file="/home/jeremyfall/Internal/JTD-Packages/laravel-mcp.git/main/tests/Unit/Commands/MakeToolCommandTest.php" line="175" class="JTD\LaravelMCP\Tests\Unit\Commands\MakeToolCommandTest" classname="JTD.LaravelMCP.Tests.Unit.Commands.MakeToolCommandTest" assertions="2" time="0.005995"/>
        <testcase name="it_handles_filesystem_errors_gracefully" file="/home/jeremyfall/Internal/JTD-Packages/laravel-mcp.git/main/tests/Unit/Commands/MakeToolCommandTest.php" line="254" class="JTD\LaravelMCP\Tests\Unit\Commands\MakeToolCommandTest" classname="JTD.LaravelMCP.Tests.Unit.Commands.MakeToolCommandTest" assertions="2" time="0.006141"/>
        <testcase name="it_creates_tool_file_successfully" file="/home/jeremyfall/Internal/JTD-Packages/laravel-mcp.git/main/tests/Unit/Commands/MakeToolCommandTest.php" line="116" class="JTD\LaravelMCP\Tests\Unit\Commands\MakeToolCommandTest" classname="JTD.LaravelMCP.Tests.Unit.Commands.MakeToolCommandTest" assertions="5" time="0.007233"/>
        <testcase name="it_creates_tool_with_custom_description" file="/home/jeremyfall/Internal/JTD-Packages/laravel-mcp.git/main/tests/Unit/Commands/MakeToolCommandTest.php" line="133" class="JTD\LaravelMCP\Tests\Unit\Commands\MakeToolCommandTest" classname="JTD.LaravelMCP.Tests.Unit.Commands.MakeToolCommandTest" assertions="4" time="0.007510"/>
        <testcase name="it_validates_parameters_json" file="/home/jeremyfall/Internal/JTD-Packages/laravel-mcp.git/main/tests/Unit/Commands/MakeToolCommandTest.php" line="152" class="JTD\LaravelMCP\Tests\Unit\Commands\MakeToolCommandTest" classname="JTD.LaravelMCP.Tests.Unit.Commands.MakeToolCommandTest" assertions="3" time="0.007599"/>
        <testcase name="it_generates_default_description_when_none_provided" file="/home/jeremyfall/Internal/JTD-Packages/laravel-mcp.git/main/tests/Unit/Commands/MakeToolCommandTest.php" line="207" class="JTD\LaravelMCP\Tests\Unit\Commands\MakeToolCommandTest" classname="JTD.LaravelMCP.Tests.Unit.Commands.MakeToolCommandTest" assertions="2" time="0.007267"/>
        <testcase name="it_handles_force_option_to_overwrite_existing_files" file="/home/jeremyfall/Internal/JTD-Packages/laravel-mcp.git/main/tests/Unit/Commands/MakeToolCommandTest.php" line="187" class="JTD\LaravelMCP\Tests\Unit\Commands\MakeToolCommandTest" classname="JTD.LaravelMCP.Tests.Unit.Commands.MakeToolCommandTest" assertions="2" time="0.008902"/>
        <testcase name="it_handles_nested_namespaces" file="/home/jeremyfall/Internal/JTD-Packages/laravel-mcp.git/main/tests/Unit/Commands/MakeToolCommandTest.php" line="222" class="JTD\LaravelMCP\Tests\Unit\Commands\MakeToolCommandTest" classname="JTD.LaravelMCP.Tests.Unit.Commands.MakeToolCommandTest" assertions="5" time="0.007803"/>
        <testcase name="it_displays_success_message_with_details" file="/home/jeremyfall/Internal/JTD-Packages/laravel-mcp.git/main/tests/Unit/Commands/MakeToolCommandTest.php" line="239" class="JTD\LaravelMCP\Tests\Unit\Commands\MakeToolCommandTest" classname="JTD.LaravelMCP.Tests.Unit.Commands.MakeToolCommandTest" assertions="5" time="0.007140"/>
      </testsuite>
      <testsuite name="JTD\LaravelMCP\Tests\Unit\Commands\ServeCommandTest" file="/home/jeremyfall/Internal/JTD-Packages/laravel-mcp.git/main/tests/Unit/Commands/ServeCommandTest.php" tests="18" assertions="59" errors="0" failures="0" skipped="0" time="1.116775">
        <testcase name="it_has_correct_command_signature" file="/home/jeremyfall/Internal/JTD-Packages/laravel-mcp.git/main/tests/Unit/Commands/ServeCommandTest.php" line="83" class="JTD\LaravelMCP\Tests\Unit\Commands\ServeCommandTest" classname="JTD.LaravelMCP.Tests.Unit.Commands.ServeCommandTest" assertions="12" time="0.008995"/>
        <testcase name="it_validates_invalid_transport_type" file="/home/jeremyfall/Internal/JTD-Packages/laravel-mcp.git/main/tests/Unit/Commands/ServeCommandTest.php" line="238" class="JTD\LaravelMCP\Tests\Unit\Commands\ServeCommandTest" classname="JTD.LaravelMCP.Tests.Unit.Commands.ServeCommandTest" assertions="3" time="0.005234"/>
        <testcase name="it_validates_disabled_transport" file="/home/jeremyfall/Internal/JTD-Packages/laravel-mcp.git/main/tests/Unit/Commands/ServeCommandTest.php" line="255" class="JTD\LaravelMCP\Tests\Unit\Commands\ServeCommandTest" classname="JTD.LaravelMCP.Tests.Unit.Commands.ServeCommandTest" assertions="3" time="0.005630"/>
        <testcase name="it_validates_unregistered_transport_in_manager" file="/home/jeremyfall/Internal/JTD-Packages/laravel-mcp.git/main/tests/Unit/Commands/ServeCommandTest.php" line="279" class="JTD\LaravelMCP\Tests\Unit\Commands\ServeCommandTest" classname="JTD.LaravelMCP.Tests.Unit.Commands.ServeCommandTest" assertions="3" time="0.005580"/>
        <testcase name="it_validates_timeout_option" file="/home/jeremyfall/Internal/JTD-Packages/laravel-mcp.git/main/tests/Unit/Commands/ServeCommandTest.php" line="312" class="JTD\LaravelMCP\Tests\Unit\Commands\ServeCommandTest" classname="JTD.LaravelMCP.Tests.Unit.Commands.ServeCommandTest" assertions="4" time="0.005378"/>
        <testcase name="it_validates_port_option_for_http_transport" file="/home/jeremyfall/Internal/JTD-Packages/laravel-mcp.git/main/tests/Unit/Commands/ServeCommandTest.php" line="336" class="JTD\LaravelMCP\Tests\Unit\Commands\ServeCommandTest" classname="JTD.LaravelMCP.Tests.Unit.Commands.ServeCommandTest" assertions="4" time="0.005753"/>
        <testcase name="it_handles_transport_creation_failure" file="/home/jeremyfall/Internal/JTD-Packages/laravel-mcp.git/main/tests/Unit/Commands/ServeCommandTest.php" line="392" class="JTD\LaravelMCP\Tests\Unit\Commands\ServeCommandTest" classname="JTD.LaravelMCP.Tests.Unit.Commands.ServeCommandTest" assertions="2" time="0.005961"/>
        <testcase name="it_builds_correct_transport_configuration" file="/home/jeremyfall/Internal/JTD-Packages/laravel-mcp.git/main/tests/Unit/Commands/ServeCommandTest.php" line="444" class="JTD\LaravelMCP\Tests\Unit\Commands\ServeCommandTest" classname="JTD.LaravelMCP.Tests.Unit.Commands.ServeCommandTest" assertions="1" time="0.007971"/>
        <testcase name="it_handles_invalid_transport_instance" file="/home/jeremyfall/Internal/JTD-Packages/laravel-mcp.git/main/tests/Unit/Commands/ServeCommandTest.php" line="498" class="JTD\LaravelMCP\Tests\Unit\Commands\ServeCommandTest" classname="JTD.LaravelMCP.Tests.Unit.Commands.ServeCommandTest" assertions="2" time="0.005769"/>
        <testcase name="it_attempts_reconnection_for_http_transport" file="/home/jeremyfall/Internal/JTD-Packages/laravel-mcp.git/main/tests/Unit/Commands/ServeCommandTest.php" line="642" class="JTD\LaravelMCP\Tests\Unit\Commands\ServeCommandTest" classname="JTD.LaravelMCP.Tests.Unit.Commands.ServeCommandTest" assertions="2" time="0.006391"/>
        <testcase name="it_starts_stdio_transport_successfully" file="/home/jeremyfall/Internal/JTD-Packages/laravel-mcp.git/main/tests/Unit/Commands/ServeCommandTest.php" line="112" class="JTD\LaravelMCP\Tests\Unit\Commands\ServeCommandTest" classname="JTD.LaravelMCP.Tests.Unit.Commands.ServeCommandTest" assertions="5" time="0.008338"/>
        <testcase name="it_starts_http_transport_successfully" file="/home/jeremyfall/Internal/JTD-Packages/laravel-mcp.git/main/tests/Unit/Commands/ServeCommandTest.php" line="156" class="JTD\LaravelMCP\Tests\Unit\Commands\ServeCommandTest" classname="JTD.LaravelMCP.Tests.Unit.Commands.ServeCommandTest" assertions="7" time="0.006306"/>
        <testcase name="it_returns_error_when_mcp_is_disabled" file="/home/jeremyfall/Internal/JTD-Packages/laravel-mcp.git/main/tests/Unit/Commands/ServeCommandTest.php" line="625" class="JTD\LaravelMCP\Tests\Unit\Commands\ServeCommandTest" classname="JTD.LaravelMCP.Tests.Unit.Commands.ServeCommandTest" assertions="2" time="0.005596"/>
        <testcase name="it_enables_debug_mode" file="/home/jeremyfall/Internal/JTD-Packages/laravel-mcp.git/main/tests/Unit/Commands/ServeCommandTest.php" line="360" class="JTD\LaravelMCP\Tests\Unit\Commands\ServeCommandTest" classname="JTD.LaravelMCP.Tests.Unit.Commands.ServeCommandTest" assertions="2" time="0.006590"/>
        <testcase name="it_handles_stdio_transport_errors" file="/home/jeremyfall/Internal/JTD-Packages/laravel-mcp.git/main/tests/Unit/Commands/ServeCommandTest.php" line="413" class="JTD\LaravelMCP\Tests\Unit\Commands\ServeCommandTest" classname="JTD.LaravelMCP.Tests.Unit.Commands.ServeCommandTest" assertions="3" time="0.006711"/>
        <testcase name="it_configures_server_info_correctly" file="/home/jeremyfall/Internal/JTD-Packages/laravel-mcp.git/main/tests/Unit/Commands/ServeCommandTest.php" line="556" class="JTD\LaravelMCP\Tests\Unit\Commands\ServeCommandTest" classname="JTD.LaravelMCP.Tests.Unit.Commands.ServeCommandTest" assertions="1" time="0.007055"/>
        <testcase name="it_displays_transport_stats_in_verbose_mode" file="/home/jeremyfall/Internal/JTD-Packages/laravel-mcp.git/main/tests/Unit/Commands/ServeCommandTest.php" line="588" class="JTD\LaravelMCP\Tests\Unit\Commands\ServeCommandTest" classname="JTD.LaravelMCP.Tests.Unit.Commands.ServeCommandTest" assertions="2" time="0.006405"/>
        <testcase name="it_handles_shutdown_signals_with_pcntl" file="/home/jeremyfall/Internal/JTD-Packages/laravel-mcp.git/main/tests/Unit/Commands/ServeCommandTest.php" line="527" class="JTD\LaravelMCP\Tests\Unit\Commands\ServeCommandTest" classname="JTD.LaravelMCP.Tests.Unit.Commands.ServeCommandTest" assertions="1" time="1.007110"/>
      </testsuite>
      <testsuite name="JTD\LaravelMCP\Tests\Unit\Exceptions\McpExceptionTest" file="/home/jeremyfall/Internal/JTD-Packages/laravel-mcp.git/main/tests/Unit/Exceptions/McpExceptionTest.php" tests="22" assertions="76" errors="0" failures="0" skipped="0" time="0.123706">
        <testcase name="test_basic_exception_creation" file="/home/jeremyfall/Internal/JTD-Packages/laravel-mcp.git/main/tests/Unit/Exceptions/McpExceptionTest.php" line="19" class="JTD\LaravelMCP\Tests\Unit\Exceptions\McpExceptionTest" classname="JTD.LaravelMCP.Tests.Unit.Exceptions.McpExceptionTest" assertions="2" time="0.006573"/>
        <testcase name="test_exception_with_data" file="/home/jeremyfall/Internal/JTD-Packages/laravel-mcp.git/main/tests/Unit/Exceptions/McpExceptionTest.php" line="30" class="JTD\LaravelMCP\Tests\Unit\Exceptions\McpExceptionTest" classname="JTD.LaravelMCP.Tests.Unit.Exceptions.McpExceptionTest" assertions="1" time="0.005101"/>
        <testcase name="test_exception_with_context" file="/home/jeremyfall/Internal/JTD-Packages/laravel-mcp.git/main/tests/Unit/Exceptions/McpExceptionTest.php" line="41" class="JTD\LaravelMCP\Tests\Unit\Exceptions\McpExceptionTest" classname="JTD.LaravelMCP.Tests.Unit.Exceptions.McpExceptionTest" assertions="1" time="0.005245"/>
        <testcase name="test_set_data" file="/home/jeremyfall/Internal/JTD-Packages/laravel-mcp.git/main/tests/Unit/Exceptions/McpExceptionTest.php" line="63" class="JTD\LaravelMCP\Tests\Unit\Exceptions\McpExceptionTest" classname="JTD.LaravelMCP.Tests.Unit.Exceptions.McpExceptionTest" assertions="1" time="0.005036"/>
        <testcase name="test_set_context" file="/home/jeremyfall/Internal/JTD-Packages/laravel-mcp.git/main/tests/Unit/Exceptions/McpExceptionTest.php" line="76" class="JTD\LaravelMCP\Tests\Unit\Exceptions\McpExceptionTest" classname="JTD.LaravelMCP.Tests.Unit.Exceptions.McpExceptionTest" assertions="1" time="0.004512"/>
        <testcase name="test_add_context" file="/home/jeremyfall/Internal/JTD-Packages/laravel-mcp.git/main/tests/Unit/Exceptions/McpExceptionTest.php" line="89" class="JTD\LaravelMCP\Tests\Unit\Exceptions\McpExceptionTest" classname="JTD.LaravelMCP.Tests.Unit.Exceptions.McpExceptionTest" assertions="2" time="0.004835"/>
        <testcase name="test_to_array_with_previous" file="/home/jeremyfall/Internal/JTD-Packages/laravel-mcp.git/main/tests/Unit/Exceptions/McpExceptionTest.php" line="124" class="JTD\LaravelMCP\Tests\Unit\Exceptions\McpExceptionTest" classname="JTD.LaravelMCP.Tests.Unit.Exceptions.McpExceptionTest" assertions="4" time="0.005156"/>
        <testcase name="test_get_error_type_json_rpc" file="/home/jeremyfall/Internal/JTD-Packages/laravel-mcp.git/main/tests/Unit/Exceptions/McpExceptionTest.php" line="156" class="JTD\LaravelMCP\Tests\Unit\Exceptions\McpExceptionTest" classname="JTD.LaravelMCP.Tests.Unit.Exceptions.McpExceptionTest" assertions="9" time="0.005152"/>
        <testcase name="test_is_client_error" file="/home/jeremyfall/Internal/JTD-Packages/laravel-mcp.git/main/tests/Unit/Exceptions/McpExceptionTest.php" line="179" class="JTD\LaravelMCP\Tests\Unit\Exceptions\McpExceptionTest" classname="JTD.LaravelMCP.Tests.Unit.Exceptions.McpExceptionTest" assertions="7" time="0.005271"/>
        <testcase name="test_is_server_error" file="/home/jeremyfall/Internal/JTD-Packages/laravel-mcp.git/main/tests/Unit/Exceptions/McpExceptionTest.php" line="198" class="JTD\LaravelMCP\Tests\Unit\Exceptions\McpExceptionTest" classname="JTD.LaravelMCP.Tests.Unit.Exceptions.McpExceptionTest" assertions="8" time="0.005814"/>
        <testcase name="test_static_parse_error" file="/home/jeremyfall/Internal/JTD-Packages/laravel-mcp.git/main/tests/Unit/Exceptions/McpExceptionTest.php" line="217" class="JTD\LaravelMCP\Tests\Unit\Exceptions\McpExceptionTest" classname="JTD.LaravelMCP.Tests.Unit.Exceptions.McpExceptionTest" assertions="3" time="0.005232"/>
        <testcase name="test_static_invalid_request" file="/home/jeremyfall/Internal/JTD-Packages/laravel-mcp.git/main/tests/Unit/Exceptions/McpExceptionTest.php" line="229" class="JTD\LaravelMCP\Tests\Unit\Exceptions\McpExceptionTest" classname="JTD.LaravelMCP.Tests.Unit.Exceptions.McpExceptionTest" assertions="3" time="0.005531"/>
        <testcase name="test_static_invalid_params" file="/home/jeremyfall/Internal/JTD-Packages/laravel-mcp.git/main/tests/Unit/Exceptions/McpExceptionTest.php" line="253" class="JTD\LaravelMCP\Tests\Unit\Exceptions\McpExceptionTest" classname="JTD.LaravelMCP.Tests.Unit.Exceptions.McpExceptionTest" assertions="3" time="0.005104"/>
        <testcase name="test_static_internal_error" file="/home/jeremyfall/Internal/JTD-Packages/laravel-mcp.git/main/tests/Unit/Exceptions/McpExceptionTest.php" line="265" class="JTD\LaravelMCP\Tests\Unit\Exceptions\McpExceptionTest" classname="JTD.LaravelMCP.Tests.Unit.Exceptions.McpExceptionTest" assertions="3" time="0.004680"/>
        <testcase name="test_static_application_error" file="/home/jeremyfall/Internal/JTD-Packages/laravel-mcp.git/main/tests/Unit/Exceptions/McpExceptionTest.php" line="277" class="JTD\LaravelMCP\Tests\Unit\Exceptions\McpExceptionTest" classname="JTD.LaravelMCP.Tests.Unit.Exceptions.McpExceptionTest" assertions="3" time="0.005212"/>
        <testcase name="test_static_from_throwable" file="/home/jeremyfall/Internal/JTD-Packages/laravel-mcp.git/main/tests/Unit/Exceptions/McpExceptionTest.php" line="289" class="JTD\LaravelMCP\Tests\Unit\Exceptions\McpExceptionTest" classname="JTD.LaravelMCP.Tests.Unit.Exceptions.McpExceptionTest" assertions="7" time="0.009422"/>
        <testcase name="test_from_throwable_with_custom_code" file="/home/jeremyfall/Internal/JTD-Packages/laravel-mcp.git/main/tests/Unit/Exceptions/McpExceptionTest.php" line="308" class="JTD\LaravelMCP\Tests\Unit\Exceptions\McpExceptionTest" classname="JTD.LaravelMCP.Tests.Unit.Exceptions.McpExceptionTest" assertions="1" time="0.005861"/>
        <testcase name="test_fluent_interface" file="/home/jeremyfall/Internal/JTD-Packages/laravel-mcp.git/main/tests/Unit/Exceptions/McpExceptionTest.php" line="319" class="JTD\LaravelMCP\Tests\Unit\Exceptions\McpExceptionTest" classname="JTD.LaravelMCP.Tests.Unit.Exceptions.McpExceptionTest" assertions="3" time="0.006335"/>
        <testcase name="test_exception_with_previous" file="/home/jeremyfall/Internal/JTD-Packages/laravel-mcp.git/main/tests/Unit/Exceptions/McpExceptionTest.php" line="52" class="JTD\LaravelMCP\Tests\Unit\Exceptions\McpExceptionTest" classname="JTD.LaravelMCP.Tests.Unit.Exceptions.McpExceptionTest" assertions="1" time="0.006003"/>
        <testcase name="test_to_array" file="/home/jeremyfall/Internal/JTD-Packages/laravel-mcp.git/main/tests/Unit/Exceptions/McpExceptionTest.php" line="103" class="JTD\LaravelMCP\Tests\Unit\Exceptions\McpExceptionTest" classname="JTD.LaravelMCP.Tests.Unit.Exceptions.McpExceptionTest" assertions="7" time="0.005961"/>
        <testcase name="test_to_json" file="/home/jeremyfall/Internal/JTD-Packages/laravel-mcp.git/main/tests/Unit/Exceptions/McpExceptionTest.php" line="140" class="JTD\LaravelMCP\Tests\Unit\Exceptions\McpExceptionTest" classname="JTD.LaravelMCP.Tests.Unit.Exceptions.McpExceptionTest" assertions="3" time="0.006588"/>
        <testcase name="test_static_method_not_found" file="/home/jeremyfall/Internal/JTD-Packages/laravel-mcp.git/main/tests/Unit/Exceptions/McpExceptionTest.php" line="241" class="JTD\LaravelMCP\Tests\Unit\Exceptions\McpExceptionTest" classname="JTD.LaravelMCP.Tests.Unit.Exceptions.McpExceptionTest" assertions="3" time="0.005086"/>
      </testsuite>
      <testsuite name="JTD\LaravelMCP\Tests\Unit\Http\Controllers\McpControllerTest" file="/home/jeremyfall/Internal/JTD-Packages/laravel-mcp.git/main/tests/Unit/Http/Controllers/McpControllerTest.php" tests="15" assertions="58" errors="0" failures="0" skipped="0" time="0.096677">
        <testcase name="it_handles_health_check_exception" file="/home/jeremyfall/Internal/JTD-Packages/laravel-mcp.git/main/tests/Unit/Http/Controllers/McpControllerTest.php" line="289" class="JTD\LaravelMCP\Tests\Unit\Http\Controllers\McpControllerTest" classname="JTD.LaravelMCP.Tests.Unit.Http.Controllers.McpControllerTest" assertions="3" time="0.013319"/>
        <testcase name="it_handles_info_exception" file="/home/jeremyfall/Internal/JTD-Packages/laravel-mcp.git/main/tests/Unit/Http/Controllers/McpControllerTest.php" line="383" class="JTD\LaravelMCP\Tests\Unit\Http\Controllers\McpControllerTest" classname="JTD.LaravelMCP.Tests.Unit.Http.Controllers.McpControllerTest" assertions="2" time="0.006271"/>
        <testcase name="it_provides_server_sent_events" file="/home/jeremyfall/Internal/JTD-Packages/laravel-mcp.git/main/tests/Unit/Http/Controllers/McpControllerTest.php" line="416" class="JTD\LaravelMCP\Tests\Unit\Http\Controllers\McpControllerTest" classname="JTD.LaravelMCP.Tests.Unit.Http.Controllers.McpControllerTest" assertions="2" time="0.005156"/>
        <testcase name="it_handles_options_request" file="/home/jeremyfall/Internal/JTD-Packages/laravel-mcp.git/main/tests/Unit/Http/Controllers/McpControllerTest.php" line="142" class="JTD\LaravelMCP\Tests\Unit\Http\Controllers\McpControllerTest" classname="JTD.LaravelMCP.Tests.Unit.Http.Controllers.McpControllerTest" assertions="2" time="0.006886"/>
        <testcase name="it_provides_server_info" file="/home/jeremyfall/Internal/JTD-Packages/laravel-mcp.git/main/tests/Unit/Http/Controllers/McpControllerTest.php" line="311" class="JTD\LaravelMCP\Tests\Unit\Http\Controllers\McpControllerTest" classname="JTD.LaravelMCP.Tests.Unit.Http.Controllers.McpControllerTest" assertions="10" time="0.006787"/>
        <testcase name="it_handles_transport_exception" file="/home/jeremyfall/Internal/JTD-Packages/laravel-mcp.git/main/tests/Unit/Http/Controllers/McpControllerTest.php" line="92" class="JTD\LaravelMCP\Tests\Unit\Http\Controllers\McpControllerTest" classname="JTD.LaravelMCP.Tests.Unit.Http.Controllers.McpControllerTest" assertions="4" time="0.005484"/>
        <testcase name="it_handles_info_with_transport_unavailable" file="/home/jeremyfall/Internal/JTD-Packages/laravel-mcp.git/main/tests/Unit/Http/Controllers/McpControllerTest.php" line="365" class="JTD\LaravelMCP\Tests\Unit\Http\Controllers\McpControllerTest" classname="JTD.LaravelMCP.Tests.Unit.Http.Controllers.McpControllerTest" assertions="3" time="0.005858"/>
        <testcase name="it_throws_exception_for_invalid_transport_type" file="/home/jeremyfall/Internal/JTD-Packages/laravel-mcp.git/main/tests/Unit/Http/Controllers/McpControllerTest.php" line="463" class="JTD\LaravelMCP\Tests\Unit\Http\Controllers\McpControllerTest" classname="JTD.LaravelMCP.Tests.Unit.Http.Controllers.McpControllerTest" assertions="4" time="0.006813"/>
        <testcase name="it_handles_options_request_with_error" file="/home/jeremyfall/Internal/JTD-Packages/laravel-mcp.git/main/tests/Unit/Http/Controllers/McpControllerTest.php" line="171" class="JTD\LaravelMCP\Tests\Unit\Http\Controllers\McpControllerTest" classname="JTD.LaravelMCP.Tests.Unit.Http.Controllers.McpControllerTest" assertions="2" time="0.005261"/>
        <testcase name="it_handles_mcp_request_successfully" file="/home/jeremyfall/Internal/JTD-Packages/laravel-mcp.git/main/tests/Unit/Http/Controllers/McpControllerTest.php" line="55" class="JTD\LaravelMCP\Tests\Unit\Http\Controllers\McpControllerTest" classname="JTD.LaravelMCP.Tests.Unit.Http.Controllers.McpControllerTest" assertions="3" time="0.005912"/>
        <testcase name="it_handles_unexpected_exception" file="/home/jeremyfall/Internal/JTD-Packages/laravel-mcp.git/main/tests/Unit/Http/Controllers/McpControllerTest.php" line="118" class="JTD\LaravelMCP\Tests\Unit\Http\Controllers\McpControllerTest" classname="JTD.LaravelMCP.Tests.Unit.Http.Controllers.McpControllerTest" assertions="4" time="0.005783"/>
        <testcase name="it_provides_health_check" file="/home/jeremyfall/Internal/JTD-Packages/laravel-mcp.git/main/tests/Unit/Http/Controllers/McpControllerTest.php" line="190" class="JTD\LaravelMCP\Tests\Unit\Http\Controllers\McpControllerTest" classname="JTD.LaravelMCP.Tests.Unit.Http.Controllers.McpControllerTest" assertions="8" time="0.005627"/>
        <testcase name="it_returns_unhealthy_status" file="/home/jeremyfall/Internal/JTD-Packages/laravel-mcp.git/main/tests/Unit/Http/Controllers/McpControllerTest.php" line="243" class="JTD\LaravelMCP\Tests\Unit\Http\Controllers\McpControllerTest" classname="JTD.LaravelMCP.Tests.Unit.Http.Controllers.McpControllerTest" assertions="4" time="0.005941"/>
        <testcase name="it_reuses_existing_http_transport" file="/home/jeremyfall/Internal/JTD-Packages/laravel-mcp.git/main/tests/Unit/Http/Controllers/McpControllerTest.php" line="429" class="JTD\LaravelMCP\Tests\Unit\Http\Controllers\McpControllerTest" classname="JTD.LaravelMCP.Tests.Unit.Http.Controllers.McpControllerTest" assertions="2" time="0.005764"/>
        <testcase name="it_adds_cors_headers_to_error_response" file="/home/jeremyfall/Internal/JTD-Packages/laravel-mcp.git/main/tests/Unit/Http/Controllers/McpControllerTest.php" line="488" class="JTD\LaravelMCP\Tests\Unit\Http\Controllers\McpControllerTest" classname="JTD.LaravelMCP.Tests.Unit.Http.Controllers.McpControllerTest" assertions="5" time="0.005815"/>
      </testsuite>
      <testsuite name="JTD\LaravelMCP\Tests\Unit\Http\Middleware\McpAuthMiddlewareTest" file="/home/jeremyfall/Internal/JTD-Packages/laravel-mcp.git/main/tests/Unit/Http/Middleware/McpAuthMiddlewareTest.php" tests="7" assertions="11" errors="0" failures="0" skipped="0" time="0.036812">
        <testcase name="it_passes_through_when_no_api_key_configured" file="/home/jeremyfall/Internal/JTD-Packages/laravel-mcp.git/main/tests/Unit/Http/Middleware/McpAuthMiddlewareTest.php" line="61" class="JTD\LaravelMCP\Tests\Unit\Http\Middleware\McpAuthMiddlewareTest" classname="JTD.LaravelMCP.Tests.Unit.Http.Middleware.McpAuthMiddlewareTest" assertions="1" time="0.005331"/>
        <testcase name="it_authenticates_with_valid_api_key_in_header" file="/home/jeremyfall/Internal/JTD-Packages/laravel-mcp.git/main/tests/Unit/Http/Middleware/McpAuthMiddlewareTest.php" line="82" class="JTD\LaravelMCP\Tests\Unit\Http\Middleware\McpAuthMiddlewareTest" classname="JTD.LaravelMCP.Tests.Unit.Http.Middleware.McpAuthMiddlewareTest" assertions="1" time="0.005163"/>
        <testcase name="it_authenticates_with_valid_api_key_in_query" file="/home/jeremyfall/Internal/JTD-Packages/laravel-mcp.git/main/tests/Unit/Http/Middleware/McpAuthMiddlewareTest.php" line="104" class="JTD\LaravelMCP\Tests\Unit\Http\Middleware\McpAuthMiddlewareTest" classname="JTD.LaravelMCP.Tests.Unit.Http.Middleware.McpAuthMiddlewareTest" assertions="1" time="0.005054"/>
        <testcase name="it_prioritizes_header_over_query_parameter" file="/home/jeremyfall/Internal/JTD-Packages/laravel-mcp.git/main/tests/Unit/Http/Middleware/McpAuthMiddlewareTest.php" line="174" class="JTD\LaravelMCP\Tests\Unit\Http\Middleware\McpAuthMiddlewareTest" classname="JTD.LaravelMCP.Tests.Unit.Http.Middleware.McpAuthMiddlewareTest" assertions="1" time="0.005400"/>
        <testcase name="it_passes_through_when_auth_disabled" file="/home/jeremyfall/Internal/JTD-Packages/laravel-mcp.git/main/tests/Unit/Http/Middleware/McpAuthMiddlewareTest.php" line="41" class="JTD\LaravelMCP\Tests\Unit\Http\Middleware\McpAuthMiddlewareTest" classname="JTD.LaravelMCP.Tests.Unit.Http.Middleware.McpAuthMiddlewareTest" assertions="1" time="0.005283"/>
        <testcase name="it_rejects_invalid_api_key" file="/home/jeremyfall/Internal/JTD-Packages/laravel-mcp.git/main/tests/Unit/Http/Middleware/McpAuthMiddlewareTest.php" line="125" class="JTD\LaravelMCP\Tests\Unit\Http\Middleware\McpAuthMiddlewareTest" classname="JTD.LaravelMCP.Tests.Unit.Http.Middleware.McpAuthMiddlewareTest" assertions="3" time="0.005402"/>
        <testcase name="it_rejects_request_with_no_api_key_when_required" file="/home/jeremyfall/Internal/JTD-Packages/laravel-mcp.git/main/tests/Unit/Http/Middleware/McpAuthMiddlewareTest.php" line="150" class="JTD\LaravelMCP\Tests\Unit\Http\Middleware\McpAuthMiddlewareTest" classname="JTD.LaravelMCP.Tests.Unit.Http.Middleware.McpAuthMiddlewareTest" assertions="3" time="0.005179"/>
      </testsuite>
      <testsuite name="JTD\LaravelMCP\Tests\Unit\Http\Middleware\McpCorsMiddlewareTest" file="/home/jeremyfall/Internal/JTD-Packages/laravel-mcp.git/main/tests/Unit/Http/Middleware/McpCorsMiddlewareTest.php" tests="8" assertions="23" errors="0" failures="0" skipped="0" time="0.042768">
        <testcase name="it_allows_all_origins_with_wildcard" file="/home/jeremyfall/Internal/JTD-Packages/laravel-mcp.git/main/tests/Unit/Http/Middleware/McpCorsMiddlewareTest.php" line="145" class="JTD\LaravelMCP\Tests\Unit\Http\Middleware\McpCorsMiddlewareTest" classname="JTD.LaravelMCP.Tests.Unit.Http.Middleware.McpCorsMiddlewareTest" assertions="1" time="0.005361"/>
        <testcase name="it_sets_default_origin_when_no_origin_header" file="/home/jeremyfall/Internal/JTD-Packages/laravel-mcp.git/main/tests/Unit/Http/Middleware/McpCorsMiddlewareTest.php" line="168" class="JTD\LaravelMCP\Tests\Unit\Http\Middleware\McpCorsMiddlewareTest" classname="JTD.LaravelMCP.Tests.Unit.Http.Middleware.McpCorsMiddlewareTest" assertions="1" time="0.005612"/>
        <testcase name="it_adds_cors_headers_to_regular_requests" file="/home/jeremyfall/Internal/JTD-Packages/laravel-mcp.git/main/tests/Unit/Http/Middleware/McpCorsMiddlewareTest.php" line="40" class="JTD\LaravelMCP\Tests\Unit\Http\Middleware\McpCorsMiddlewareTest" classname="JTD.LaravelMCP.Tests.Unit.Http.Middleware.McpCorsMiddlewareTest" assertions="5" time="0.005145"/>
        <testcase name="it_respects_specific_allowed_origins" file="/home/jeremyfall/Internal/JTD-Packages/laravel-mcp.git/main/tests/Unit/Http/Middleware/McpCorsMiddlewareTest.php" line="99" class="JTD\LaravelMCP\Tests\Unit\Http\Middleware\McpCorsMiddlewareTest" classname="JTD.LaravelMCP.Tests.Unit.Http.Middleware.McpCorsMiddlewareTest" assertions="1" time="0.005451"/>
        <testcase name="it_rejects_disallowed_origins" file="/home/jeremyfall/Internal/JTD-Packages/laravel-mcp.git/main/tests/Unit/Http/Middleware/McpCorsMiddlewareTest.php" line="122" class="JTD\LaravelMCP\Tests\Unit\Http\Middleware\McpCorsMiddlewareTest" classname="JTD.LaravelMCP.Tests.Unit.Http.Middleware.McpCorsMiddlewareTest" assertions="1" time="0.005680"/>
        <testcase name="it_uses_default_configuration_values" file="/home/jeremyfall/Internal/JTD-Packages/laravel-mcp.git/main/tests/Unit/Http/Middleware/McpCorsMiddlewareTest.php" line="191" class="JTD\LaravelMCP\Tests\Unit\Http\Middleware\McpCorsMiddlewareTest" classname="JTD.LaravelMCP.Tests.Unit.Http.Middleware.McpCorsMiddlewareTest" assertions="6" time="0.005408"/>
        <testcase name="it_includes_mcp_specific_headers" file="/home/jeremyfall/Internal/JTD-Packages/laravel-mcp.git/main/tests/Unit/Http/Middleware/McpCorsMiddlewareTest.php" line="217" class="JTD\LaravelMCP\Tests\Unit\Http\Middleware\McpCorsMiddlewareTest" classname="JTD.LaravelMCP.Tests.Unit.Http.Middleware.McpCorsMiddlewareTest" assertions="3" time="0.005066"/>
        <testcase name="it_handles_preflight_options_requests" file="/home/jeremyfall/Internal/JTD-Packages/laravel-mcp.git/main/tests/Unit/Http/Middleware/McpCorsMiddlewareTest.php" line="70" class="JTD\LaravelMCP\Tests\Unit\Http\Middleware\McpCorsMiddlewareTest" classname="JTD.LaravelMCP.Tests.Unit.Http.Middleware.McpCorsMiddlewareTest" assertions="5" time="0.005044"/>
      </testsuite>
      <testsuite name="JTD\LaravelMCP\Tests\Unit\LaravelMcpServiceProviderTest" file="/home/jeremyfall/Internal/JTD-Packages/laravel-mcp.git/main/tests/Unit/LaravelMcpServiceProviderTest.php" tests="39" assertions="94" errors="0" failures="0" skipped="0" time="0.244060">
        <testcase name="it_detects_web_environment" file="/home/jeremyfall/Internal/JTD-Packages/laravel-mcp.git/main/tests/Unit/LaravelMcpServiceProviderTest.php" line="330" class="JTD\LaravelMCP\Tests\Unit\LaravelMcpServiceProviderTest" classname="JTD.LaravelMCP.Tests.Unit.LaravelMcpServiceProviderTest" assertions="1" time="0.009909"/>
        <testcase name="it_handles_boot_failure_gracefully_in_production" file="/home/jeremyfall/Internal/JTD-Packages/laravel-mcp.git/main/tests/Unit/LaravelMcpServiceProviderTest.php" line="751" class="JTD\LaravelMCP\Tests\Unit\LaravelMcpServiceProviderTest" classname="JTD.LaravelMCP.Tests.Unit.LaravelMcpServiceProviderTest" assertions="2" time="0.004359"/>
        <testcase name="it_registers_all_singleton_services" file="/home/jeremyfall/Internal/JTD-Packages/laravel-mcp.git/main/tests/Unit/LaravelMcpServiceProviderTest.php" line="61" class="JTD\LaravelMCP\Tests\Unit\LaravelMcpServiceProviderTest" classname="JTD.LaravelMCP.Tests.Unit.LaravelMcpServiceProviderTest" assertions="9" time="0.004924"/>
        <testcase name="it_ensures_singletons_return_same_instance" file="/home/jeremyfall/Internal/JTD-Packages/laravel-mcp.git/main/tests/Unit/LaravelMcpServiceProviderTest.php" line="88" class="JTD\LaravelMCP\Tests\Unit\LaravelMcpServiceProviderTest" classname="JTD.LaravelMCP.Tests.Unit.LaravelMcpServiceProviderTest" assertions="9" time="0.005181"/>
        <testcase name="it_registers_transport_implementations" file="/home/jeremyfall/Internal/JTD-Packages/laravel-mcp.git/main/tests/Unit/LaravelMcpServiceProviderTest.php" line="118" class="JTD\LaravelMCP\Tests\Unit\LaravelMcpServiceProviderTest" classname="JTD.LaravelMCP.Tests.Unit.LaravelMcpServiceProviderTest" assertions="4" time="0.005277"/>
        <testcase name="it_binds_interfaces_to_implementations" file="/home/jeremyfall/Internal/JTD-Packages/laravel-mcp.git/main/tests/Unit/LaravelMcpServiceProviderTest.php" line="139" class="JTD\LaravelMCP\Tests\Unit\LaravelMcpServiceProviderTest" classname="JTD.LaravelMCP.Tests.Unit.LaravelMcpServiceProviderTest" assertions="4" time="0.006025"/>
        <testcase name="it_binds_transport_interface_to_default_transport" file="/home/jeremyfall/Internal/JTD-Packages/laravel-mcp.git/main/tests/Unit/LaravelMcpServiceProviderTest.php" line="160" class="JTD\LaravelMCP\Tests\Unit\LaravelMcpServiceProviderTest" classname="JTD.LaravelMCP.Tests.Unit.LaravelMcpServiceProviderTest" assertions="2" time="0.005897"/>
        <testcase name="it_merges_laravel_mcp_configuration" file="/home/jeremyfall/Internal/JTD-Packages/laravel-mcp.git/main/tests/Unit/LaravelMcpServiceProviderTest.php" line="181" class="JTD\LaravelMCP\Tests\Unit\LaravelMcpServiceProviderTest" classname="JTD.LaravelMCP.Tests.Unit.LaravelMcpServiceProviderTest" assertions="7" time="0.006708"/>
        <testcase name="it_merges_mcp_transports_configuration" file="/home/jeremyfall/Internal/JTD-Packages/laravel-mcp.git/main/tests/Unit/LaravelMcpServiceProviderTest.php" line="202" class="JTD\LaravelMCP\Tests\Unit\LaravelMcpServiceProviderTest" classname="JTD.LaravelMCP.Tests.Unit.LaravelMcpServiceProviderTest" assertions="2" time="0.005919"/>
        <testcase name="it_allows_custom_configuration_to_override_defaults" file="/home/jeremyfall/Internal/JTD-Packages/laravel-mcp.git/main/tests/Unit/LaravelMcpServiceProviderTest.php" line="219" class="JTD\LaravelMCP\Tests\Unit\LaravelMcpServiceProviderTest" classname="JTD.LaravelMCP.Tests.Unit.LaravelMcpServiceProviderTest" assertions="4" time="0.010468"/>
        <testcase name="it_validates_dependencies_successfully_when_met" file="/home/jeremyfall/Internal/JTD-Packages/laravel-mcp.git/main/tests/Unit/LaravelMcpServiceProviderTest.php" line="241" class="JTD\LaravelMCP\Tests\Unit\LaravelMcpServiceProviderTest" classname="JTD.LaravelMCP.Tests.Unit.LaravelMcpServiceProviderTest" assertions="1" time="0.005758"/>
        <testcase name="it_throws_exception_when_required_dependencies_are_missing" file="/home/jeremyfall/Internal/JTD-Packages/laravel-mcp.git/main/tests/Unit/LaravelMcpServiceProviderTest.php" line="254" class="JTD\LaravelMCP\Tests\Unit\LaravelMcpServiceProviderTest" classname="JTD.LaravelMCP.Tests.Unit.LaravelMcpServiceProviderTest" assertions="2" time="0.006055"/>
        <testcase name="it_detects_testing_environment" file="/home/jeremyfall/Internal/JTD-Packages/laravel-mcp.git/main/tests/Unit/LaravelMcpServiceProviderTest.php" line="306" class="JTD\LaravelMCP\Tests\Unit\LaravelMcpServiceProviderTest" classname="JTD.LaravelMCP.Tests.Unit.LaravelMcpServiceProviderTest" assertions="1" time="0.005187"/>
        <testcase name="it_skips_discovery_when_disabled" file="/home/jeremyfall/Internal/JTD-Packages/laravel-mcp.git/main/tests/Unit/LaravelMcpServiceProviderTest.php" line="354" class="JTD\LaravelMCP\Tests\Unit\LaravelMcpServiceProviderTest" classname="JTD.LaravelMCP.Tests.Unit.LaravelMcpServiceProviderTest" assertions="1" time="0.007754"/>
        <testcase name="it_sets_up_publishing_configurations" file="/home/jeremyfall/Internal/JTD-Packages/laravel-mcp.git/main/tests/Unit/LaravelMcpServiceProviderTest.php" line="406" class="JTD\LaravelMCP\Tests\Unit\LaravelMcpServiceProviderTest" classname="JTD.LaravelMCP.Tests.Unit.LaravelMcpServiceProviderTest" assertions="2" time="0.005941"/>
        <testcase name="it_loads_routes_when_mcp_routes_file_exists" file="/home/jeremyfall/Internal/JTD-Packages/laravel-mcp.git/main/tests/Unit/LaravelMcpServiceProviderTest.php" line="427" class="JTD\LaravelMCP\Tests\Unit\LaravelMcpServiceProviderTest" classname="JTD.LaravelMCP.Tests.Unit.LaravelMcpServiceProviderTest" assertions="1" time="0.005312"/>
        <testcase name="it_skips_routes_when_mcp_routes_file_does_not_exist" file="/home/jeremyfall/Internal/JTD-Packages/laravel-mcp.git/main/tests/Unit/LaravelMcpServiceProviderTest.php" line="455" class="JTD\LaravelMCP\Tests\Unit\LaravelMcpServiceProviderTest" classname="JTD.LaravelMCP.Tests.Unit.LaravelMcpServiceProviderTest" assertions="1" time="0.006136"/>
        <testcase name="it_runs_console_boot_only_in_console" file="/home/jeremyfall/Internal/JTD-Packages/laravel-mcp.git/main/tests/Unit/LaravelMcpServiceProviderTest.php" line="473" class="JTD\LaravelMCP\Tests\Unit\LaravelMcpServiceProviderTest" classname="JTD.LaravelMCP.Tests.Unit.LaravelMcpServiceProviderTest" assertions="1" time="0.005513"/>
        <testcase name="it_resolves_all_services_after_boot" file="/home/jeremyfall/Internal/JTD-Packages/laravel-mcp.git/main/tests/Unit/LaravelMcpServiceProviderTest.php" line="536" class="JTD\LaravelMCP\Tests\Unit\LaravelMcpServiceProviderTest" classname="JTD.LaravelMCP.Tests.Unit.LaravelMcpServiceProviderTest" assertions="14" time="0.006207"/>
        <testcase name="it_validates_configuration_structure" file="/home/jeremyfall/Internal/JTD-Packages/laravel-mcp.git/main/tests/Unit/LaravelMcpServiceProviderTest.php" line="570" class="JTD\LaravelMCP\Tests\Unit\LaravelMcpServiceProviderTest" classname="JTD.LaravelMCP.Tests.Unit.LaravelMcpServiceProviderTest" assertions="1" time="0.006523"/>
        <testcase name="it_handles_invalid_configuration_gracefully" file="/home/jeremyfall/Internal/JTD-Packages/laravel-mcp.git/main/tests/Unit/LaravelMcpServiceProviderTest.php" line="594" class="JTD\LaravelMCP\Tests\Unit\LaravelMcpServiceProviderTest" classname="JTD.LaravelMCP.Tests.Unit.LaravelMcpServiceProviderTest" assertions="2" time="0.006132"/>
        <testcase name="it_registers_middleware_when_auto_register_enabled" file="/home/jeremyfall/Internal/JTD-Packages/laravel-mcp.git/main/tests/Unit/LaravelMcpServiceProviderTest.php" line="612" class="JTD\LaravelMCP\Tests\Unit\LaravelMcpServiceProviderTest" classname="JTD.LaravelMCP.Tests.Unit.LaravelMcpServiceProviderTest" assertions="1" time="0.009042"/>
        <testcase name="it_skips_middleware_auto_registration_when_disabled" file="/home/jeremyfall/Internal/JTD-Packages/laravel-mcp.git/main/tests/Unit/LaravelMcpServiceProviderTest.php" line="678" class="JTD\LaravelMCP\Tests\Unit\LaravelMcpServiceProviderTest" classname="JTD.LaravelMCP.Tests.Unit.LaravelMcpServiceProviderTest" assertions="1" time="0.006441"/>
        <testcase name="it_has_proper_error_handling_structure" file="/home/jeremyfall/Internal/JTD-Packages/laravel-mcp.git/main/tests/Unit/LaravelMcpServiceProviderTest.php" line="731" class="JTD\LaravelMCP\Tests\Unit\LaravelMcpServiceProviderTest" classname="JTD.LaravelMCP.Tests.Unit.LaravelMcpServiceProviderTest" assertions="2" time="0.006387"/>
        <testcase name="it_registers_lazy_services" file="/home/jeremyfall/Internal/JTD-Packages/laravel-mcp.git/main/tests/Unit/LaravelMcpServiceProviderTest.php" line="769" class="JTD\LaravelMCP\Tests\Unit\LaravelMcpServiceProviderTest" classname="JTD.LaravelMCP.Tests.Unit.LaravelMcpServiceProviderTest" assertions="3" time="0.006531"/>
        <testcase name="it_registers_caching_services" file="/home/jeremyfall/Internal/JTD-Packages/laravel-mcp.git/main/tests/Unit/LaravelMcpServiceProviderTest.php" line="784" class="JTD\LaravelMCP\Tests\Unit\LaravelMcpServiceProviderTest" classname="JTD.LaravelMCP.Tests.Unit.LaravelMcpServiceProviderTest" assertions="3" time="0.005815"/>
        <testcase name="it_registers_event_hooks" file="/home/jeremyfall/Internal/JTD-Packages/laravel-mcp.git/main/tests/Unit/LaravelMcpServiceProviderTest.php" line="705" class="JTD\LaravelMCP\Tests\Unit\LaravelMcpServiceProviderTest" classname="JTD.LaravelMCP.Tests.Unit.LaravelMcpServiceProviderTest" assertions="1" time="0.006260"/>
        <testcase name="it_runs_discovery_when_enabled" file="/home/jeremyfall/Internal/JTD-Packages/laravel-mcp.git/main/tests/Unit/LaravelMcpServiceProviderTest.php" line="376" class="JTD\LaravelMCP\Tests\Unit\LaravelMcpServiceProviderTest" classname="JTD.LaravelMCP.Tests.Unit.LaravelMcpServiceProviderTest" assertions="1" time="0.005533"/>
        <testcase name="it_registers_auth_middleware_when_auth_enabled" file="/home/jeremyfall/Internal/JTD-Packages/laravel-mcp.git/main/tests/Unit/LaravelMcpServiceProviderTest.php" line="645" class="JTD\LaravelMCP\Tests\Unit\LaravelMcpServiceProviderTest" classname="JTD.LaravelMCP.Tests.Unit.LaravelMcpServiceProviderTest" assertions="1" time="0.005780"/>
        <testcase name="it_detects_console_environment" file="/home/jeremyfall/Internal/JTD-Packages/laravel-mcp.git/main/tests/Unit/LaravelMcpServiceProviderTest.php" line="282" class="JTD\LaravelMCP\Tests\Unit\LaravelMcpServiceProviderTest" classname="JTD.LaravelMCP.Tests.Unit.LaravelMcpServiceProviderTest" assertions="1" time="0.005524"/>
        <testsuite name="JTD\LaravelMCP\Tests\Unit\LaravelMcpServiceProviderTest::it_resolves_individual_services" tests="9" assertions="9" errors="0" failures="0" skipped="0" time="0.055560">
          <testcase name="it_resolves_individual_services with data set &quot;McpRegistry&quot;" file="/home/jeremyfall/Internal/JTD-Packages/laravel-mcp.git/main/tests/Unit/LaravelMcpServiceProviderTest.php" line="520" class="JTD\LaravelMCP\Tests\Unit\LaravelMcpServiceProviderTest" classname="JTD.LaravelMCP.Tests.Unit.LaravelMcpServiceProviderTest" assertions="1" time="0.006198"/>
          <testcase name="it_resolves_individual_services with data set &quot;TransportManager&quot;" file="/home/jeremyfall/Internal/JTD-Packages/laravel-mcp.git/main/tests/Unit/LaravelMcpServiceProviderTest.php" line="520" class="JTD\LaravelMCP\Tests\Unit\LaravelMcpServiceProviderTest" classname="JTD.LaravelMCP.Tests.Unit.LaravelMcpServiceProviderTest" assertions="1" time="0.006110"/>
          <testcase name="it_resolves_individual_services with data set &quot;JsonRpcHandler&quot;" file="/home/jeremyfall/Internal/JTD-Packages/laravel-mcp.git/main/tests/Unit/LaravelMcpServiceProviderTest.php" line="520" class="JTD\LaravelMCP\Tests\Unit\LaravelMcpServiceProviderTest" classname="JTD.LaravelMCP.Tests.Unit.LaravelMcpServiceProviderTest" assertions="1" time="0.006119"/>
          <testcase name="it_resolves_individual_services with data set &quot;MessageProcessor&quot;" file="/home/jeremyfall/Internal/JTD-Packages/laravel-mcp.git/main/tests/Unit/LaravelMcpServiceProviderTest.php" line="520" class="JTD\LaravelMCP\Tests\Unit\LaravelMcpServiceProviderTest" classname="JTD.LaravelMCP.Tests.Unit.LaravelMcpServiceProviderTest" assertions="1" time="0.006319"/>
          <testcase name="it_resolves_individual_services with data set &quot;CapabilityNegotiator&quot;" file="/home/jeremyfall/Internal/JTD-Packages/laravel-mcp.git/main/tests/Unit/LaravelMcpServiceProviderTest.php" line="520" class="JTD\LaravelMCP\Tests\Unit\LaravelMcpServiceProviderTest" classname="JTD.LaravelMCP.Tests.Unit.LaravelMcpServiceProviderTest" assertions="1" time="0.006190"/>
          <testcase name="it_resolves_individual_services with data set &quot;ToolRegistry&quot;" file="/home/jeremyfall/Internal/JTD-Packages/laravel-mcp.git/main/tests/Unit/LaravelMcpServiceProviderTest.php" line="520" class="JTD\LaravelMCP\Tests\Unit\LaravelMcpServiceProviderTest" classname="JTD.LaravelMCP.Tests.Unit.LaravelMcpServiceProviderTest" assertions="1" time="0.006226"/>
          <testcase name="it_resolves_individual_services with data set &quot;ResourceRegistry&quot;" file="/home/jeremyfall/Internal/JTD-Packages/laravel-mcp.git/main/tests/Unit/LaravelMcpServiceProviderTest.php" line="520" class="JTD\LaravelMCP\Tests\Unit\LaravelMcpServiceProviderTest" classname="JTD.LaravelMCP.Tests.Unit.LaravelMcpServiceProviderTest" assertions="1" time="0.005915"/>
          <testcase name="it_resolves_individual_services with data set &quot;PromptRegistry&quot;" file="/home/jeremyfall/Internal/JTD-Packages/laravel-mcp.git/main/tests/Unit/LaravelMcpServiceProviderTest.php" line="520" class="JTD\LaravelMCP\Tests\Unit\LaravelMcpServiceProviderTest" classname="JTD.LaravelMCP.Tests.Unit.LaravelMcpServiceProviderTest" assertions="1" time="0.006151"/>
          <testcase name="it_resolves_individual_services with data set &quot;ComponentDiscovery&quot;" file="/home/jeremyfall/Internal/JTD-Packages/laravel-mcp.git/main/tests/Unit/LaravelMcpServiceProviderTest.php" line="520" class="JTD\LaravelMCP\Tests\Unit\LaravelMcpServiceProviderTest" classname="JTD.LaravelMCP.Tests.Unit.LaravelMcpServiceProviderTest" assertions="1" time="0.006332"/>
        </testsuite>
      </testsuite>
      <testsuite name="JTD\LaravelMCP\Tests\Unit\Registry\ComponentDiscoveryTest" file="/home/jeremyfall/Internal/JTD-Packages/laravel-mcp.git/main/tests/Unit/Registry/ComponentDiscoveryTest.php" tests="16" assertions="37" errors="0" failures="0" skipped="0" time="0.103847">
        <testcase name="it_supports_discovery_filters" file="/home/jeremyfall/Internal/JTD-Packages/laravel-mcp.git/main/tests/Unit/Registry/ComponentDiscoveryTest.php" line="400" class="JTD\LaravelMCP\Tests\Unit\Registry\ComponentDiscoveryTest" classname="JTD.LaravelMCP.Tests.Unit.Registry.ComponentDiscoveryTest" assertions="2" time="0.013689"/>
        <testcase name="it_can_be_instantiated" file="/home/jeremyfall/Internal/JTD-Packages/laravel-mcp.git/main/tests/Unit/Registry/ComponentDiscoveryTest.php" line="60" class="JTD\LaravelMCP\Tests\Unit\Registry\ComponentDiscoveryTest" classname="JTD.LaravelMCP.Tests.Unit.Registry.ComponentDiscoveryTest" assertions="1" time="0.005979"/>
        <testcase name="it_discovers_tools_in_directory" file="/home/jeremyfall/Internal/JTD-Packages/laravel-mcp.git/main/tests/Unit/Registry/ComponentDiscoveryTest.php" line="84" class="JTD\LaravelMCP\Tests\Unit\Registry\ComponentDiscoveryTest" classname="JTD.LaravelMCP.Tests.Unit.Registry.ComponentDiscoveryTest" assertions="2" time="0.005608"/>
        <testcase name="it_discovers_resources_in_directory" file="/home/jeremyfall/Internal/JTD-Packages/laravel-mcp.git/main/tests/Unit/Registry/ComponentDiscoveryTest.php" line="114" class="JTD\LaravelMCP\Tests\Unit\Registry\ComponentDiscoveryTest" classname="JTD.LaravelMCP.Tests.Unit.Registry.ComponentDiscoveryTest" assertions="2" time="0.005614"/>
        <testcase name="it_discovers_prompts_in_directory" file="/home/jeremyfall/Internal/JTD-Packages/laravel-mcp.git/main/tests/Unit/Registry/ComponentDiscoveryTest.php" line="144" class="JTD\LaravelMCP\Tests\Unit\Registry\ComponentDiscoveryTest" classname="JTD.LaravelMCP.Tests.Unit.Registry.ComponentDiscoveryTest" assertions="2" time="0.005493"/>
        <testcase name="it_ignores_non_existent_directories" file="/home/jeremyfall/Internal/JTD-Packages/laravel-mcp.git/main/tests/Unit/Registry/ComponentDiscoveryTest.php" line="174" class="JTD\LaravelMCP\Tests\Unit\Registry\ComponentDiscoveryTest" classname="JTD.LaravelMCP.Tests.Unit.Registry.ComponentDiscoveryTest" assertions="6" time="0.005769"/>
        <testcase name="it_ignores_abstract_classes" file="/home/jeremyfall/Internal/JTD-Packages/laravel-mcp.git/main/tests/Unit/Registry/ComponentDiscoveryTest.php" line="187" class="JTD\LaravelMCP\Tests\Unit\Registry\ComponentDiscoveryTest" classname="JTD.LaravelMCP.Tests.Unit.Registry.ComponentDiscoveryTest" assertions="1" time="0.006135"/>
        <testcase name="it_ignores_interfaces" file="/home/jeremyfall/Internal/JTD-Packages/laravel-mcp.git/main/tests/Unit/Registry/ComponentDiscoveryTest.php" line="212" class="JTD\LaravelMCP\Tests\Unit\Registry\ComponentDiscoveryTest" classname="JTD.LaravelMCP.Tests.Unit.Registry.ComponentDiscoveryTest" assertions="1" time="0.005940"/>
        <testcase name="it_ignores_traits" file="/home/jeremyfall/Internal/JTD-Packages/laravel-mcp.git/main/tests/Unit/Registry/ComponentDiscoveryTest.php" line="232" class="JTD\LaravelMCP\Tests\Unit\Registry\ComponentDiscoveryTest" classname="JTD.LaravelMCP.Tests.Unit.Registry.ComponentDiscoveryTest" assertions="1" time="0.005762"/>
        <testcase name="it_extracts_class_name_from_file" file="/home/jeremyfall/Internal/JTD-Packages/laravel-mcp.git/main/tests/Unit/Registry/ComponentDiscoveryTest.php" line="255" class="JTD\LaravelMCP\Tests\Unit\Registry\ComponentDiscoveryTest" classname="JTD.LaravelMCP.Tests.Unit.Registry.ComponentDiscoveryTest" assertions="1" time="0.005838"/>
        <testcase name="it_returns_null_for_file_without_class" file="/home/jeremyfall/Internal/JTD-Packages/laravel-mcp.git/main/tests/Unit/Registry/ComponentDiscoveryTest.php" line="276" class="JTD\LaravelMCP\Tests\Unit\Registry\ComponentDiscoveryTest" classname="JTD.LaravelMCP.Tests.Unit.Registry.ComponentDiscoveryTest" assertions="1" time="0.005632"/>
        <testcase name="it_returns_null_for_file_without_namespace" file="/home/jeremyfall/Internal/JTD-Packages/laravel-mcp.git/main/tests/Unit/Registry/ComponentDiscoveryTest.php" line="292" class="JTD\LaravelMCP\Tests\Unit\Registry\ComponentDiscoveryTest" classname="JTD.LaravelMCP.Tests.Unit.Registry.ComponentDiscoveryTest" assertions="1" time="0.006039"/>
        <testcase name="it_validates_discovered_components" file="/home/jeremyfall/Internal/JTD-Packages/laravel-mcp.git/main/tests/Unit/Registry/ComponentDiscoveryTest.php" line="355" class="JTD\LaravelMCP\Tests\Unit\Registry\ComponentDiscoveryTest" classname="JTD.LaravelMCP.Tests.Unit.Registry.ComponentDiscoveryTest" assertions="1" time="0.005762"/>
        <testcase name="it_supports_discovery_configuration" file="/home/jeremyfall/Internal/JTD-Packages/laravel-mcp.git/main/tests/Unit/Registry/ComponentDiscoveryTest.php" line="382" class="JTD\LaravelMCP\Tests\Unit\Registry\ComponentDiscoveryTest" classname="JTD.LaravelMCP.Tests.Unit.Registry.ComponentDiscoveryTest" assertions="3" time="0.006185"/>
        <testcase name="it_gets_supported_component_types" file="/home/jeremyfall/Internal/JTD-Packages/laravel-mcp.git/main/tests/Unit/Registry/ComponentDiscoveryTest.php" line="415" class="JTD\LaravelMCP\Tests\Unit\Registry\ComponentDiscoveryTest" classname="JTD.LaravelMCP.Tests.Unit.Registry.ComponentDiscoveryTest" assertions="3" time="0.006169"/>
        <testcase name="it_registers_discovered_components" file="/home/jeremyfall/Internal/JTD-Packages/laravel-mcp.git/main/tests/Unit/Registry/ComponentDiscoveryTest.php" line="311" class="JTD\LaravelMCP\Tests\Unit\Registry\ComponentDiscoveryTest" classname="JTD.LaravelMCP.Tests.Unit.Registry.ComponentDiscoveryTest" assertions="9" time="0.008234"/>
      </testsuite>
      <testsuite name="JTD\LaravelMCP\Tests\Unit\Registry\Contracts\DiscoveryInterfaceTest" file="/home/jeremyfall/Internal/JTD-Packages/laravel-mcp.git/main/tests/Unit/Registry/Contracts/DiscoveryInterfaceTest.php" tests="23" assertions="55" errors="0" failures="0" skipped="0" time="0.135355">
        <testcase name="test_discover_type_for_tools" file="/home/jeremyfall/Internal/JTD-Packages/laravel-mcp.git/main/tests/Unit/Registry/Contracts/DiscoveryInterfaceTest.php" line="91" class="JTD\LaravelMCP\Tests\Unit\Registry\Contracts\DiscoveryInterfaceTest" classname="JTD.LaravelMCP.Tests.Unit.Registry.Contracts.DiscoveryInterfaceTest" assertions="2" time="0.007383"/>
        <testcase name="test_discover_type_for_resources" file="/home/jeremyfall/Internal/JTD-Packages/laravel-mcp.git/main/tests/Unit/Registry/Contracts/DiscoveryInterfaceTest.php" line="120" class="JTD\LaravelMCP\Tests\Unit\Registry\Contracts\DiscoveryInterfaceTest" classname="JTD.LaravelMCP.Tests.Unit.Registry.Contracts.DiscoveryInterfaceTest" assertions="2" time="0.006182"/>
        <testcase name="test_discover_type_for_prompts" file="/home/jeremyfall/Internal/JTD-Packages/laravel-mcp.git/main/tests/Unit/Registry/Contracts/DiscoveryInterfaceTest.php" line="145" class="JTD\LaravelMCP\Tests\Unit\Registry\Contracts\DiscoveryInterfaceTest" classname="JTD.LaravelMCP.Tests.Unit.Registry.Contracts.DiscoveryInterfaceTest" assertions="2" time="0.005760"/>
        <testcase name="test_is_valid_component_with_invalid_file" file="/home/jeremyfall/Internal/JTD-Packages/laravel-mcp.git/main/tests/Unit/Registry/Contracts/DiscoveryInterfaceTest.php" line="187" class="JTD\LaravelMCP\Tests\Unit\Registry\Contracts\DiscoveryInterfaceTest" classname="JTD.LaravelMCP.Tests.Unit.Registry.Contracts.DiscoveryInterfaceTest" assertions="2" time="0.005272"/>
        <testcase name="test_is_valid_component_with_wrong_type" file="/home/jeremyfall/Internal/JTD-Packages/laravel-mcp.git/main/tests/Unit/Registry/Contracts/DiscoveryInterfaceTest.php" line="204" class="JTD\LaravelMCP\Tests\Unit\Registry\Contracts\DiscoveryInterfaceTest" classname="JTD.LaravelMCP.Tests.Unit.Registry.Contracts.DiscoveryInterfaceTest" assertions="2" time="0.004723"/>
        <testcase name="test_extract_metadata_from_file" file="/home/jeremyfall/Internal/JTD-Packages/laravel-mcp.git/main/tests/Unit/Registry/Contracts/DiscoveryInterfaceTest.php" line="221" class="JTD\LaravelMCP\Tests\Unit\Registry\Contracts\DiscoveryInterfaceTest" classname="JTD.LaravelMCP.Tests.Unit.Registry.Contracts.DiscoveryInterfaceTest" assertions="2" time="0.005455"/>
        <testcase name="test_extract_metadata_returns_empty_for_invalid" file="/home/jeremyfall/Internal/JTD-Packages/laravel-mcp.git/main/tests/Unit/Registry/Contracts/DiscoveryInterfaceTest.php" line="253" class="JTD\LaravelMCP\Tests\Unit\Registry\Contracts\DiscoveryInterfaceTest" classname="JTD.LaravelMCP.Tests.Unit.Registry.Contracts.DiscoveryInterfaceTest" assertions="2" time="0.005775"/>
        <testcase name="test_get_class_from_file_valid" file="/home/jeremyfall/Internal/JTD-Packages/laravel-mcp.git/main/tests/Unit/Registry/Contracts/DiscoveryInterfaceTest.php" line="271" class="JTD\LaravelMCP\Tests\Unit\Registry\Contracts\DiscoveryInterfaceTest" classname="JTD.LaravelMCP.Tests.Unit.Registry.Contracts.DiscoveryInterfaceTest" assertions="2" time="0.004774"/>
        <testcase name="test_get_class_from_file_no_class" file="/home/jeremyfall/Internal/JTD-Packages/laravel-mcp.git/main/tests/Unit/Registry/Contracts/DiscoveryInterfaceTest.php" line="290" class="JTD\LaravelMCP\Tests\Unit\Registry\Contracts\DiscoveryInterfaceTest" classname="JTD.LaravelMCP.Tests.Unit.Registry.Contracts.DiscoveryInterfaceTest" assertions="2" time="0.005501"/>
        <testcase name="test_is_valid_component_class_valid_tool" file="/home/jeremyfall/Internal/JTD-Packages/laravel-mcp.git/main/tests/Unit/Registry/Contracts/DiscoveryInterfaceTest.php" line="308" class="JTD\LaravelMCP\Tests\Unit\Registry\Contracts\DiscoveryInterfaceTest" classname="JTD.LaravelMCP.Tests.Unit.Registry.Contracts.DiscoveryInterfaceTest" assertions="2" time="0.005713"/>
        <testcase name="test_is_valid_component_class_invalid" file="/home/jeremyfall/Internal/JTD-Packages/laravel-mcp.git/main/tests/Unit/Registry/Contracts/DiscoveryInterfaceTest.php" line="325" class="JTD\LaravelMCP\Tests\Unit\Registry\Contracts\DiscoveryInterfaceTest" classname="JTD.LaravelMCP.Tests.Unit.Registry.Contracts.DiscoveryInterfaceTest" assertions="2" time="0.005594"/>
        <testcase name="test_get_supported_types" file="/home/jeremyfall/Internal/JTD-Packages/laravel-mcp.git/main/tests/Unit/Registry/Contracts/DiscoveryInterfaceTest.php" line="342" class="JTD\LaravelMCP\Tests\Unit\Registry\Contracts\DiscoveryInterfaceTest" classname="JTD.LaravelMCP.Tests.Unit.Registry.Contracts.DiscoveryInterfaceTest" assertions="2" time="0.005645"/>
        <testcase name="test_set_config" file="/home/jeremyfall/Internal/JTD-Packages/laravel-mcp.git/main/tests/Unit/Registry/Contracts/DiscoveryInterfaceTest.php" line="359" class="JTD\LaravelMCP\Tests\Unit\Registry\Contracts\DiscoveryInterfaceTest" classname="JTD.LaravelMCP.Tests.Unit.Registry.Contracts.DiscoveryInterfaceTest" assertions="1" time="0.005517"/>
        <testcase name="test_get_config" file="/home/jeremyfall/Internal/JTD-Packages/laravel-mcp.git/main/tests/Unit/Registry/Contracts/DiscoveryInterfaceTest.php" line="378" class="JTD\LaravelMCP\Tests\Unit\Registry\Contracts\DiscoveryInterfaceTest" classname="JTD.LaravelMCP.Tests.Unit.Registry.Contracts.DiscoveryInterfaceTest" assertions="2" time="0.005343"/>
        <testcase name="test_get_filters" file="/home/jeremyfall/Internal/JTD-Packages/laravel-mcp.git/main/tests/Unit/Registry/Contracts/DiscoveryInterfaceTest.php" line="416" class="JTD\LaravelMCP\Tests\Unit\Registry\Contracts\DiscoveryInterfaceTest" classname="JTD.LaravelMCP.Tests.Unit.Registry.Contracts.DiscoveryInterfaceTest" assertions="2" time="0.011417"/>
        <testcase name="test_validate_component_types" file="/home/jeremyfall/Internal/JTD-Packages/laravel-mcp.git/main/tests/Unit/Registry/Contracts/DiscoveryInterfaceTest.php" line="512" class="JTD\LaravelMCP\Tests\Unit\Registry\Contracts\DiscoveryInterfaceTest" classname="JTD.LaravelMCP.Tests.Unit.Registry.Contracts.DiscoveryInterfaceTest" assertions="10" time="0.005995"/>
        <testcase name="test_discovery_with_filters" file="/home/jeremyfall/Internal/JTD-Packages/laravel-mcp.git/main/tests/Unit/Registry/Contracts/DiscoveryInterfaceTest.php" line="536" class="JTD\LaravelMCP\Tests\Unit\Registry\Contracts\DiscoveryInterfaceTest" classname="JTD.LaravelMCP.Tests.Unit.Registry.Contracts.DiscoveryInterfaceTest" assertions="4" time="0.005692"/>
        <testcase name="test_discover_components_in_paths" file="/home/jeremyfall/Internal/JTD-Packages/laravel-mcp.git/main/tests/Unit/Registry/Contracts/DiscoveryInterfaceTest.php" line="30" class="JTD\LaravelMCP\Tests\Unit\Registry\Contracts\DiscoveryInterfaceTest" classname="JTD.LaravelMCP.Tests.Unit.Registry.Contracts.DiscoveryInterfaceTest" assertions="2" time="0.005636"/>
        <testcase name="test_discover_returns_empty_when_no_components" file="/home/jeremyfall/Internal/JTD-Packages/laravel-mcp.git/main/tests/Unit/Registry/Contracts/DiscoveryInterfaceTest.php" line="73" class="JTD\LaravelMCP\Tests\Unit\Registry\Contracts\DiscoveryInterfaceTest" classname="JTD.LaravelMCP.Tests.Unit.Registry.Contracts.DiscoveryInterfaceTest" assertions="2" time="0.005705"/>
        <testcase name="test_is_valid_component_with_valid_file" file="/home/jeremyfall/Internal/JTD-Packages/laravel-mcp.git/main/tests/Unit/Registry/Contracts/DiscoveryInterfaceTest.php" line="170" class="JTD\LaravelMCP\Tests\Unit\Registry\Contracts\DiscoveryInterfaceTest" classname="JTD.LaravelMCP.Tests.Unit.Registry.Contracts.DiscoveryInterfaceTest" assertions="2" time="0.005212"/>
        <testcase name="test_add_filter" file="/home/jeremyfall/Internal/JTD-Packages/laravel-mcp.git/main/tests/Unit/Registry/Contracts/DiscoveryInterfaceTest.php" line="399" class="JTD\LaravelMCP\Tests\Unit\Registry\Contracts\DiscoveryInterfaceTest" classname="JTD.LaravelMCP.Tests.Unit.Registry.Contracts.DiscoveryInterfaceTest" assertions="1" time="0.005609"/>
        <testcase name="test_full_discovery_workflow" file="/home/jeremyfall/Internal/JTD-Packages/laravel-mcp.git/main/tests/Unit/Registry/Contracts/DiscoveryInterfaceTest.php" line="440" class="JTD\LaravelMCP\Tests\Unit\Registry\Contracts\DiscoveryInterfaceTest" classname="JTD.LaravelMCP.Tests.Unit.Registry.Contracts.DiscoveryInterfaceTest" assertions="3" time="0.005917"/>
        <testcase name="test_discover_multiple_paths" file="/home/jeremyfall/Internal/JTD-Packages/laravel-mcp.git/main/tests/Unit/Registry/Contracts/DiscoveryInterfaceTest.php" line="482" class="JTD\LaravelMCP\Tests\Unit\Registry\Contracts\DiscoveryInterfaceTest" classname="JTD.LaravelMCP.Tests.Unit.Registry.Contracts.DiscoveryInterfaceTest" assertions="2" time="0.005537"/>
      </testsuite>
      <testsuite name="JTD\LaravelMCP\Tests\Unit\Registry\Contracts\RegistryInterfaceTest" file="/home/jeremyfall/Internal/JTD-Packages/laravel-mcp.git/main/tests/Unit/Registry/Contracts/RegistryInterfaceTest.php" tests="25" assertions="66" errors="0" failures="0" skipped="0" time="0.131380">
        <testcase name="test_register_component_without_metadata" file="/home/jeremyfall/Internal/JTD-Packages/laravel-mcp.git/main/tests/Unit/Registry/Contracts/RegistryInterfaceTest.php" line="31" class="JTD\LaravelMCP\Tests\Unit\Registry\Contracts\RegistryInterfaceTest" classname="JTD.LaravelMCP.Tests.Unit.Registry.Contracts.RegistryInterfaceTest" assertions="1" time="0.005436"/>
        <testcase name="test_unregister_existing_component" file="/home/jeremyfall/Internal/JTD-Packages/laravel-mcp.git/main/tests/Unit/Registry/Contracts/RegistryInterfaceTest.php" line="67" class="JTD\LaravelMCP\Tests\Unit\Registry\Contracts\RegistryInterfaceTest" classname="JTD.LaravelMCP.Tests.Unit.Registry.Contracts.RegistryInterfaceTest" assertions="2" time="0.004704"/>
        <testcase name="test_unregister_non_existing_component" file="/home/jeremyfall/Internal/JTD-Packages/laravel-mcp.git/main/tests/Unit/Registry/Contracts/RegistryInterfaceTest.php" line="83" class="JTD\LaravelMCP\Tests\Unit\Registry\Contracts\RegistryInterfaceTest" classname="JTD.LaravelMCP.Tests.Unit.Registry.Contracts.RegistryInterfaceTest" assertions="2" time="0.004816"/>
        <testcase name="test_has_existing_component" file="/home/jeremyfall/Internal/JTD-Packages/laravel-mcp.git/main/tests/Unit/Registry/Contracts/RegistryInterfaceTest.php" line="99" class="JTD\LaravelMCP\Tests\Unit\Registry\Contracts\RegistryInterfaceTest" classname="JTD.LaravelMCP.Tests.Unit.Registry.Contracts.RegistryInterfaceTest" assertions="2" time="0.004854"/>
        <testcase name="test_has_non_existing_component" file="/home/jeremyfall/Internal/JTD-Packages/laravel-mcp.git/main/tests/Unit/Registry/Contracts/RegistryInterfaceTest.php" line="113" class="JTD\LaravelMCP\Tests\Unit\Registry\Contracts\RegistryInterfaceTest" classname="JTD.LaravelMCP.Tests.Unit.Registry.Contracts.RegistryInterfaceTest" assertions="2" time="0.004507"/>
        <testcase name="test_get_existing_component" file="/home/jeremyfall/Internal/JTD-Packages/laravel-mcp.git/main/tests/Unit/Registry/Contracts/RegistryInterfaceTest.php" line="127" class="JTD\LaravelMCP\Tests\Unit\Registry\Contracts\RegistryInterfaceTest" classname="JTD.LaravelMCP.Tests.Unit.Registry.Contracts.RegistryInterfaceTest" assertions="2" time="0.005122"/>
        <testcase name="test_all_returns_all_components" file="/home/jeremyfall/Internal/JTD-Packages/laravel-mcp.git/main/tests/Unit/Registry/Contracts/RegistryInterfaceTest.php" line="163" class="JTD\LaravelMCP\Tests\Unit\Registry\Contracts\RegistryInterfaceTest" classname="JTD.LaravelMCP.Tests.Unit.Registry.Contracts.RegistryInterfaceTest" assertions="2" time="0.005020"/>
        <testcase name="test_all_returns_empty_array" file="/home/jeremyfall/Internal/JTD-Packages/laravel-mcp.git/main/tests/Unit/Registry/Contracts/RegistryInterfaceTest.php" line="184" class="JTD\LaravelMCP\Tests\Unit\Registry\Contracts\RegistryInterfaceTest" classname="JTD.LaravelMCP.Tests.Unit.Registry.Contracts.RegistryInterfaceTest" assertions="2" time="0.004636"/>
        <testcase name="test_names_returns_component_names" file="/home/jeremyfall/Internal/JTD-Packages/laravel-mcp.git/main/tests/Unit/Registry/Contracts/RegistryInterfaceTest.php" line="199" class="JTD\LaravelMCP\Tests\Unit\Registry\Contracts\RegistryInterfaceTest" classname="JTD.LaravelMCP.Tests.Unit.Registry.Contracts.RegistryInterfaceTest" assertions="2" time="0.004605"/>
        <testcase name="test_count_returns_component_count" file="/home/jeremyfall/Internal/JTD-Packages/laravel-mcp.git/main/tests/Unit/Registry/Contracts/RegistryInterfaceTest.php" line="216" class="JTD\LaravelMCP\Tests\Unit\Registry\Contracts\RegistryInterfaceTest" classname="JTD.LaravelMCP.Tests.Unit.Registry.Contracts.RegistryInterfaceTest" assertions="2" time="0.004874"/>
        <testcase name="test_count_returns_zero" file="/home/jeremyfall/Internal/JTD-Packages/laravel-mcp.git/main/tests/Unit/Registry/Contracts/RegistryInterfaceTest.php" line="231" class="JTD\LaravelMCP\Tests\Unit\Registry\Contracts\RegistryInterfaceTest" classname="JTD.LaravelMCP.Tests.Unit.Registry.Contracts.RegistryInterfaceTest" assertions="2" time="0.005025"/>
        <testcase name="test_clear_removes_all_components" file="/home/jeremyfall/Internal/JTD-Packages/laravel-mcp.git/main/tests/Unit/Registry/Contracts/RegistryInterfaceTest.php" line="246" class="JTD\LaravelMCP\Tests\Unit\Registry\Contracts\RegistryInterfaceTest" classname="JTD.LaravelMCP.Tests.Unit.Registry.Contracts.RegistryInterfaceTest" assertions="1" time="0.005441"/>
        <testcase name="test_get_metadata_returns_empty_array" file="/home/jeremyfall/Internal/JTD-Packages/laravel-mcp.git/main/tests/Unit/Registry/Contracts/RegistryInterfaceTest.php" line="280" class="JTD\LaravelMCP\Tests\Unit\Registry\Contracts\RegistryInterfaceTest" classname="JTD.LaravelMCP.Tests.Unit.Registry.Contracts.RegistryInterfaceTest" assertions="2" time="0.005346"/>
        <testcase name="test_filter_with_criteria" file="/home/jeremyfall/Internal/JTD-Packages/laravel-mcp.git/main/tests/Unit/Registry/Contracts/RegistryInterfaceTest.php" line="296" class="JTD\LaravelMCP\Tests\Unit\Registry\Contracts\RegistryInterfaceTest" classname="JTD.LaravelMCP.Tests.Unit.Registry.Contracts.RegistryInterfaceTest" assertions="2" time="0.005138"/>
        <testcase name="test_filter_returns_empty_when_no_matches" file="/home/jeremyfall/Internal/JTD-Packages/laravel-mcp.git/main/tests/Unit/Registry/Contracts/RegistryInterfaceTest.php" line="322" class="JTD\LaravelMCP\Tests\Unit\Registry\Contracts\RegistryInterfaceTest" classname="JTD.LaravelMCP.Tests.Unit.Registry.Contracts.RegistryInterfaceTest" assertions="2" time="0.005159"/>
        <testcase name="test_search_with_pattern" file="/home/jeremyfall/Internal/JTD-Packages/laravel-mcp.git/main/tests/Unit/Registry/Contracts/RegistryInterfaceTest.php" line="340" class="JTD\LaravelMCP\Tests\Unit\Registry\Contracts\RegistryInterfaceTest" classname="JTD.LaravelMCP.Tests.Unit.Registry.Contracts.RegistryInterfaceTest" assertions="2" time="0.005549"/>
        <testcase name="test_search_with_regex_pattern" file="/home/jeremyfall/Internal/JTD-Packages/laravel-mcp.git/main/tests/Unit/Registry/Contracts/RegistryInterfaceTest.php" line="363" class="JTD\LaravelMCP\Tests\Unit\Registry\Contracts\RegistryInterfaceTest" classname="JTD.LaravelMCP.Tests.Unit.Registry.Contracts.RegistryInterfaceTest" assertions="2" time="0.005455"/>
        <testcase name="test_get_type_returns_registry_type" file="/home/jeremyfall/Internal/JTD-Packages/laravel-mcp.git/main/tests/Unit/Registry/Contracts/RegistryInterfaceTest.php" line="386" class="JTD\LaravelMCP\Tests\Unit\Registry\Contracts\RegistryInterfaceTest" classname="JTD.LaravelMCP.Tests.Unit.Registry.Contracts.RegistryInterfaceTest" assertions="2" time="0.005577"/>
        <testcase name="test_filter_multiple_criteria" file="/home/jeremyfall/Internal/JTD-Packages/laravel-mcp.git/main/tests/Unit/Registry/Contracts/RegistryInterfaceTest.php" line="504" class="JTD\LaravelMCP\Tests\Unit\Registry\Contracts\RegistryInterfaceTest" classname="JTD.LaravelMCP.Tests.Unit.Registry.Contracts.RegistryInterfaceTest" assertions="3" time="0.005482"/>
        <testcase name="test_registry_types" file="/home/jeremyfall/Internal/JTD-Packages/laravel-mcp.git/main/tests/Unit/Registry/Contracts/RegistryInterfaceTest.php" line="531" class="JTD\LaravelMCP\Tests\Unit\Registry\Contracts\RegistryInterfaceTest" classname="JTD.LaravelMCP.Tests.Unit.Registry.Contracts.RegistryInterfaceTest" assertions="6" time="0.005267"/>
        <testcase name="test_register_component_with_metadata" file="/home/jeremyfall/Internal/JTD-Packages/laravel-mcp.git/main/tests/Unit/Registry/Contracts/RegistryInterfaceTest.php" line="47" class="JTD\LaravelMCP\Tests\Unit\Registry\Contracts\RegistryInterfaceTest" classname="JTD.LaravelMCP.Tests.Unit.Registry.Contracts.RegistryInterfaceTest" assertions="1" time="0.005467"/>
        <testcase name="test_get_non_existing_component_throws_exception" file="/home/jeremyfall/Internal/JTD-Packages/laravel-mcp.git/main/tests/Unit/Registry/Contracts/RegistryInterfaceTest.php" line="146" class="JTD\LaravelMCP\Tests\Unit\Registry\Contracts\RegistryInterfaceTest" classname="JTD.LaravelMCP.Tests.Unit.Registry.Contracts.RegistryInterfaceTest" assertions="3" time="0.006145"/>
        <testcase name="test_get_metadata_returns_metadata" file="/home/jeremyfall/Internal/JTD-Packages/laravel-mcp.git/main/tests/Unit/Registry/Contracts/RegistryInterfaceTest.php" line="258" class="JTD\LaravelMCP\Tests\Unit\Registry\Contracts\RegistryInterfaceTest" classname="JTD.LaravelMCP.Tests.Unit.Registry.Contracts.RegistryInterfaceTest" assertions="2" time="0.005847"/>
        <testcase name="test_registration_lifecycle" file="/home/jeremyfall/Internal/JTD-Packages/laravel-mcp.git/main/tests/Unit/Registry/Contracts/RegistryInterfaceTest.php" line="401" class="JTD\LaravelMCP\Tests\Unit\Registry\Contracts\RegistryInterfaceTest" classname="JTD.LaravelMCP.Tests.Unit.Registry.Contracts.RegistryInterfaceTest" assertions="5" time="0.005963"/>
        <testcase name="test_multiple_component_operations" file="/home/jeremyfall/Internal/JTD-Packages/laravel-mcp.git/main/tests/Unit/Registry/Contracts/RegistryInterfaceTest.php" line="451" class="JTD\LaravelMCP\Tests\Unit\Registry\Contracts\RegistryInterfaceTest" classname="JTD.LaravelMCP.Tests.Unit.Registry.Contracts.RegistryInterfaceTest" assertions="12" time="0.005943"/>
      </testsuite>
      <testsuite name="JTD\LaravelMCP\Tests\Unit\Registry\McpRegistryTest" file="/home/jeremyfall/Internal/JTD-Packages/laravel-mcp.git/main/tests/Unit/Registry/McpRegistryTest.php" tests="23" assertions="43" errors="0" failures="0" skipped="0" time="0.127179">
        <testcase name="it_can_be_instantiated" file="/home/jeremyfall/Internal/JTD-Packages/laravel-mcp.git/main/tests/Unit/Registry/McpRegistryTest.php" line="57" class="JTD\LaravelMCP\Tests\Unit\Registry\McpRegistryTest" classname="JTD.LaravelMCP.Tests.Unit.Registry.McpRegistryTest" assertions="1" time="0.008320"/>
        <testcase name="it_initializes_registries" file="/home/jeremyfall/Internal/JTD-Packages/laravel-mcp.git/main/tests/Unit/Registry/McpRegistryTest.php" line="63" class="JTD\LaravelMCP\Tests\Unit\Registry\McpRegistryTest" classname="JTD.LaravelMCP.Tests.Unit.Registry.McpRegistryTest" assertions="1" time="0.004649"/>
        <testcase name="it_registers_prompts_with_type" file="/home/jeremyfall/Internal/JTD-Packages/laravel-mcp.git/main/tests/Unit/Registry/McpRegistryTest.php" line="102" class="JTD\LaravelMCP\Tests\Unit\Registry\McpRegistryTest" classname="JTD.LaravelMCP.Tests.Unit.Registry.McpRegistryTest" assertions="1" time="0.005856"/>
        <testcase name="it_throws_exception_for_invalid_type" file="/home/jeremyfall/Internal/JTD-Packages/laravel-mcp.git/main/tests/Unit/Registry/McpRegistryTest.php" line="114" class="JTD\LaravelMCP\Tests\Unit\Registry\McpRegistryTest" classname="JTD.LaravelMCP.Tests.Unit.Registry.McpRegistryTest" assertions="2" time="0.005077"/>
        <testcase name="it_validates_empty_component_name" file="/home/jeremyfall/Internal/JTD-Packages/laravel-mcp.git/main/tests/Unit/Registry/McpRegistryTest.php" line="123" class="JTD\LaravelMCP\Tests\Unit\Registry\McpRegistryTest" classname="JTD.LaravelMCP.Tests.Unit.Registry.McpRegistryTest" assertions="2" time="0.005000"/>
        <testcase name="it_validates_non_existent_handler_class" file="/home/jeremyfall/Internal/JTD-Packages/laravel-mcp.git/main/tests/Unit/Registry/McpRegistryTest.php" line="132" class="JTD\LaravelMCP\Tests\Unit\Registry\McpRegistryTest" classname="JTD.LaravelMCP.Tests.Unit.Registry.McpRegistryTest" assertions="2" time="0.005455"/>
        <testcase name="it_validates_handler_extends_correct_base_class" file="/home/jeremyfall/Internal/JTD-Packages/laravel-mcp.git/main/tests/Unit/Registry/McpRegistryTest.php" line="144" class="JTD\LaravelMCP\Tests\Unit\Registry\McpRegistryTest" classname="JTD.LaravelMCP.Tests.Unit.Registry.McpRegistryTest" assertions="2" time="0.005417"/>
        <testcase name="it_checks_if_tool_exists" file="/home/jeremyfall/Internal/JTD-Packages/laravel-mcp.git/main/tests/Unit/Registry/McpRegistryTest.php" line="251" class="JTD\LaravelMCP\Tests\Unit\Registry\McpRegistryTest" classname="JTD.LaravelMCP.Tests.Unit.Registry.McpRegistryTest" assertions="2" time="0.004820"/>
        <testcase name="it_checks_if_resource_exists" file="/home/jeremyfall/Internal/JTD-Packages/laravel-mcp.git/main/tests/Unit/Registry/McpRegistryTest.php" line="264" class="JTD\LaravelMCP\Tests\Unit\Registry\McpRegistryTest" classname="JTD.LaravelMCP.Tests.Unit.Registry.McpRegistryTest" assertions="2" time="0.004740"/>
        <testcase name="it_checks_if_prompt_exists" file="/home/jeremyfall/Internal/JTD-Packages/laravel-mcp.git/main/tests/Unit/Registry/McpRegistryTest.php" line="277" class="JTD\LaravelMCP\Tests\Unit\Registry\McpRegistryTest" classname="JTD.LaravelMCP.Tests.Unit.Registry.McpRegistryTest" assertions="2" time="0.004755"/>
        <testcase name="it_unregisters_tool" file="/home/jeremyfall/Internal/JTD-Packages/laravel-mcp.git/main/tests/Unit/Registry/McpRegistryTest.php" line="290" class="JTD\LaravelMCP\Tests\Unit\Registry\McpRegistryTest" classname="JTD.LaravelMCP.Tests.Unit.Registry.McpRegistryTest" assertions="2" time="0.005084"/>
        <testcase name="it_unregisters_resource" file="/home/jeremyfall/Internal/JTD-Packages/laravel-mcp.git/main/tests/Unit/Registry/McpRegistryTest.php" line="303" class="JTD\LaravelMCP\Tests\Unit\Registry\McpRegistryTest" classname="JTD.LaravelMCP.Tests.Unit.Registry.McpRegistryTest" assertions="2" time="0.005316"/>
        <testcase name="it_unregisters_prompt" file="/home/jeremyfall/Internal/JTD-Packages/laravel-mcp.git/main/tests/Unit/Registry/McpRegistryTest.php" line="316" class="JTD\LaravelMCP\Tests\Unit\Registry\McpRegistryTest" classname="JTD.LaravelMCP.Tests.Unit.Registry.McpRegistryTest" assertions="2" time="0.005207"/>
        <testcase name="it_registers_tools_with_type" file="/home/jeremyfall/Internal/JTD-Packages/laravel-mcp.git/main/tests/Unit/Registry/McpRegistryTest.php" line="77" class="JTD\LaravelMCP\Tests\Unit\Registry\McpRegistryTest" classname="JTD.LaravelMCP.Tests.Unit.Registry.McpRegistryTest" assertions="1" time="0.005497"/>
        <testcase name="it_registers_resources_with_type" file="/home/jeremyfall/Internal/JTD-Packages/laravel-mcp.git/main/tests/Unit/Registry/McpRegistryTest.php" line="90" class="JTD\LaravelMCP\Tests\Unit\Registry\McpRegistryTest" classname="JTD.LaravelMCP.Tests.Unit.Registry.McpRegistryTest" assertions="1" time="0.005797"/>
        <testcase name="it_gets_resource_from_registry" file="/home/jeremyfall/Internal/JTD-Packages/laravel-mcp.git/main/tests/Unit/Registry/McpRegistryTest.php" line="179" class="JTD\LaravelMCP\Tests\Unit\Registry\McpRegistryTest" classname="JTD.LaravelMCP.Tests.Unit.Registry.McpRegistryTest" assertions="2" time="0.005798"/>
        <testcase name="it_gets_prompt_from_registry" file="/home/jeremyfall/Internal/JTD-Packages/laravel-mcp.git/main/tests/Unit/Registry/McpRegistryTest.php" line="194" class="JTD\LaravelMCP\Tests\Unit\Registry\McpRegistryTest" classname="JTD.LaravelMCP.Tests.Unit.Registry.McpRegistryTest" assertions="2" time="0.005319"/>
        <testcase name="it_returns_capabilities" file="/home/jeremyfall/Internal/JTD-Packages/laravel-mcp.git/main/tests/Unit/Registry/McpRegistryTest.php" line="329" class="JTD\LaravelMCP\Tests\Unit\Registry\McpRegistryTest" classname="JTD.LaravelMCP.Tests.Unit.Registry.McpRegistryTest" assertions="5" time="0.005049"/>
        <testcase name="it_handles_thread_safety_in_registration" file="/home/jeremyfall/Internal/JTD-Packages/laravel-mcp.git/main/tests/Unit/Registry/McpRegistryTest.php" line="341" class="JTD\LaravelMCP\Tests\Unit\Registry\McpRegistryTest" classname="JTD.LaravelMCP.Tests.Unit.Registry.McpRegistryTest" assertions="1" time="0.005728"/>
        <testcase name="it_gets_tool_from_registry" file="/home/jeremyfall/Internal/JTD-Packages/laravel-mcp.git/main/tests/Unit/Registry/McpRegistryTest.php" line="164" class="JTD\LaravelMCP\Tests\Unit\Registry\McpRegistryTest" classname="JTD.LaravelMCP.Tests.Unit.Registry.McpRegistryTest" assertions="2" time="0.007095"/>
        <testcase name="it_lists_all_tools" file="/home/jeremyfall/Internal/JTD-Packages/laravel-mcp.git/main/tests/Unit/Registry/McpRegistryTest.php" line="209" class="JTD\LaravelMCP\Tests\Unit\Registry\McpRegistryTest" classname="JTD.LaravelMCP.Tests.Unit.Registry.McpRegistryTest" assertions="2" time="0.005738"/>
        <testcase name="it_lists_all_prompts" file="/home/jeremyfall/Internal/JTD-Packages/laravel-mcp.git/main/tests/Unit/Registry/McpRegistryTest.php" line="237" class="JTD\LaravelMCP\Tests\Unit\Registry\McpRegistryTest" classname="JTD.LaravelMCP.Tests.Unit.Registry.McpRegistryTest" assertions="2" time="0.005766"/>
        <testcase name="it_lists_all_resources" file="/home/jeremyfall/Internal/JTD-Packages/laravel-mcp.git/main/tests/Unit/Registry/McpRegistryTest.php" line="223" class="JTD\LaravelMCP\Tests\Unit\Registry\McpRegistryTest" classname="JTD.LaravelMCP.Tests.Unit.Registry.McpRegistryTest" assertions="2" time="0.005696"/>
      </testsuite>
      <testsuite name="JTD\LaravelMCP\Tests\Unit\Registry\PromptRegistryTest" file="/home/jeremyfall/Internal/JTD-Packages/laravel-mcp.git/main/tests/Unit/Registry/PromptRegistryTest.php" tests="29" assertions="108" errors="0" failures="0" skipped="0" time="0.167098">
        <testcase name="test_register_prompt_successfully" file="/home/jeremyfall/Internal/JTD-Packages/laravel-mcp.git/main/tests/Unit/Registry/PromptRegistryTest.php" line="29" class="JTD\LaravelMCP\Tests\Unit\Registry\PromptRegistryTest" classname="JTD.LaravelMCP.Tests.Unit.Registry.PromptRegistryTest" assertions="2" time="0.005501"/>
        <testcase name="test_register_duplicate_prompt_throws_exception" file="/home/jeremyfall/Internal/JTD-Packages/laravel-mcp.git/main/tests/Unit/Registry/PromptRegistryTest.php" line="60" class="JTD\LaravelMCP\Tests\Unit\Registry\PromptRegistryTest" classname="JTD.LaravelMCP.Tests.Unit.Registry.PromptRegistryTest" assertions="2" time="0.004765"/>
        <testcase name="test_get_non_existent_prompt_throws_exception" file="/home/jeremyfall/Internal/JTD-Packages/laravel-mcp.git/main/tests/Unit/Registry/PromptRegistryTest.php" line="76" class="JTD\LaravelMCP\Tests\Unit\Registry\PromptRegistryTest" classname="JTD.LaravelMCP.Tests.Unit.Registry.PromptRegistryTest" assertions="2" time="0.005177"/>
        <testcase name="test_unregister_prompt_successfully" file="/home/jeremyfall/Internal/JTD-Packages/laravel-mcp.git/main/tests/Unit/Registry/PromptRegistryTest.php" line="87" class="JTD\LaravelMCP\Tests\Unit\Registry\PromptRegistryTest" classname="JTD.LaravelMCP.Tests.Unit.Registry.PromptRegistryTest" assertions="3" time="0.004605"/>
        <testcase name="test_unregister_non_existent_prompt" file="/home/jeremyfall/Internal/JTD-Packages/laravel-mcp.git/main/tests/Unit/Registry/PromptRegistryTest.php" line="104" class="JTD\LaravelMCP\Tests\Unit\Registry\PromptRegistryTest" classname="JTD.LaravelMCP.Tests.Unit.Registry.PromptRegistryTest" assertions="1" time="0.004881"/>
        <testcase name="test_has_prompt" file="/home/jeremyfall/Internal/JTD-Packages/laravel-mcp.git/main/tests/Unit/Registry/PromptRegistryTest.php" line="114" class="JTD\LaravelMCP\Tests\Unit\Registry\PromptRegistryTest" classname="JTD.LaravelMCP.Tests.Unit.Registry.PromptRegistryTest" assertions="2" time="0.005161"/>
        <testcase name="test_get_all_prompts" file="/home/jeremyfall/Internal/JTD-Packages/laravel-mcp.git/main/tests/Unit/Registry/PromptRegistryTest.php" line="129" class="JTD\LaravelMCP\Tests\Unit\Registry\PromptRegistryTest" classname="JTD.LaravelMCP.Tests.Unit.Registry.PromptRegistryTest" assertions="4" time="0.005385"/>
        <testcase name="test_get_prompt_names" file="/home/jeremyfall/Internal/JTD-Packages/laravel-mcp.git/main/tests/Unit/Registry/PromptRegistryTest.php" line="150" class="JTD\LaravelMCP\Tests\Unit\Registry\PromptRegistryTest" classname="JTD.LaravelMCP.Tests.Unit.Registry.PromptRegistryTest" assertions="1" time="0.005003"/>
        <testcase name="test_get_metadata_for_non_existent_prompt_throws_exception" file="/home/jeremyfall/Internal/JTD-Packages/laravel-mcp.git/main/tests/Unit/Registry/PromptRegistryTest.php" line="223" class="JTD\LaravelMCP\Tests\Unit\Registry\PromptRegistryTest" classname="JTD.LaravelMCP.Tests.Unit.Registry.PromptRegistryTest" assertions="2" time="0.005267"/>
        <testcase name="test_filter_prompts_by_metadata" file="/home/jeremyfall/Internal/JTD-Packages/laravel-mcp.git/main/tests/Unit/Registry/PromptRegistryTest.php" line="234" class="JTD\LaravelMCP\Tests\Unit\Registry\PromptRegistryTest" classname="JTD.LaravelMCP.Tests.Unit.Registry.PromptRegistryTest" assertions="4" time="0.009060"/>
        <testcase name="test_get_registry_type" file="/home/jeremyfall/Internal/JTD-Packages/laravel-mcp.git/main/tests/Unit/Registry/PromptRegistryTest.php" line="272" class="JTD\LaravelMCP\Tests\Unit\Registry\PromptRegistryTest" classname="JTD.LaravelMCP.Tests.Unit.Registry.PromptRegistryTest" assertions="1" time="0.005304"/>
        <testcase name="test_get_invalid_prompt_throws_exception" file="/home/jeremyfall/Internal/JTD-Packages/laravel-mcp.git/main/tests/Unit/Registry/PromptRegistryTest.php" line="394" class="JTD\LaravelMCP\Tests\Unit\Registry\PromptRegistryTest" classname="JTD.LaravelMCP.Tests.Unit.Registry.PromptRegistryTest" assertions="2" time="0.005556"/>
        <testcase name="test_validate_arguments" file="/home/jeremyfall/Internal/JTD-Packages/laravel-mcp.git/main/tests/Unit/Registry/PromptRegistryTest.php" line="448" class="JTD\LaravelMCP\Tests\Unit\Registry\PromptRegistryTest" classname="JTD.LaravelMCP.Tests.Unit.Registry.PromptRegistryTest" assertions="4" time="0.005489"/>
        <testcase name="test_get_prompts_by_arguments" file="/home/jeremyfall/Internal/JTD-Packages/laravel-mcp.git/main/tests/Unit/Registry/PromptRegistryTest.php" line="486" class="JTD\LaravelMCP\Tests\Unit\Registry\PromptRegistryTest" classname="JTD.LaravelMCP.Tests.Unit.Registry.PromptRegistryTest" assertions="5" time="0.005634"/>
        <testcase name="test_initialize" file="/home/jeremyfall/Internal/JTD-Packages/laravel-mcp.git/main/tests/Unit/Registry/PromptRegistryTest.php" line="575" class="JTD\LaravelMCP\Tests\Unit\Registry\PromptRegistryTest" classname="JTD.LaravelMCP.Tests.Unit.Registry.PromptRegistryTest" assertions="1" time="0.005829"/>
        <testcase name="test_complex_filtering" file="/home/jeremyfall/Internal/JTD-Packages/laravel-mcp.git/main/tests/Unit/Registry/PromptRegistryTest.php" line="604" class="JTD\LaravelMCP\Tests\Unit\Registry\PromptRegistryTest" classname="JTD.LaravelMCP.Tests.Unit.Registry.PromptRegistryTest" assertions="3" time="0.006144"/>
        <testcase name="test_prompt_name_edge_cases" file="/home/jeremyfall/Internal/JTD-Packages/laravel-mcp.git/main/tests/Unit/Registry/PromptRegistryTest.php" line="641" class="JTD\LaravelMCP\Tests\Unit\Registry\PromptRegistryTest" classname="JTD.LaravelMCP.Tests.Unit.Registry.PromptRegistryTest" assertions="2" time="0.006132"/>
        <testcase name="test_argument_schema_with_missing_names" file="/home/jeremyfall/Internal/JTD-Packages/laravel-mcp.git/main/tests/Unit/Registry/PromptRegistryTest.php" line="661" class="JTD\LaravelMCP\Tests\Unit\Registry\PromptRegistryTest" classname="JTD.LaravelMCP.Tests.Unit.Registry.PromptRegistryTest" assertions="2" time="0.006113"/>
        <testcase name="test_count_prompts" file="/home/jeremyfall/Internal/JTD-Packages/laravel-mcp.git/main/tests/Unit/Registry/PromptRegistryTest.php" line="163" class="JTD\LaravelMCP\Tests\Unit\Registry\PromptRegistryTest" classname="JTD.LaravelMCP.Tests.Unit.Registry.PromptRegistryTest" assertions="4" time="0.005395"/>
        <testcase name="test_clear_all_prompts" file="/home/jeremyfall/Internal/JTD-Packages/laravel-mcp.git/main/tests/Unit/Registry/PromptRegistryTest.php" line="180" class="JTD\LaravelMCP\Tests\Unit\Registry\PromptRegistryTest" classname="JTD.LaravelMCP.Tests.Unit.Registry.PromptRegistryTest" assertions="4" time="0.005685"/>
        <testcase name="test_get_prompt_metadata" file="/home/jeremyfall/Internal/JTD-Packages/laravel-mcp.git/main/tests/Unit/Registry/PromptRegistryTest.php" line="197" class="JTD\LaravelMCP\Tests\Unit\Registry\PromptRegistryTest" classname="JTD.LaravelMCP.Tests.Unit.Registry.PromptRegistryTest" assertions="5" time="0.005767"/>
        <testcase name="test_search_prompts_by_pattern" file="/home/jeremyfall/Internal/JTD-Packages/laravel-mcp.git/main/tests/Unit/Registry/PromptRegistryTest.php" line="255" class="JTD\LaravelMCP\Tests\Unit\Registry\PromptRegistryTest" classname="JTD.LaravelMCP.Tests.Unit.Registry.PromptRegistryTest" assertions="4" time="0.005879"/>
        <testcase name="test_get_prompt_definitions" file="/home/jeremyfall/Internal/JTD-Packages/laravel-mcp.git/main/tests/Unit/Registry/PromptRegistryTest.php" line="280" class="JTD\LaravelMCP\Tests\Unit\Registry\PromptRegistryTest" classname="JTD.LaravelMCP.Tests.Unit.Registry.PromptRegistryTest" assertions="10" time="0.006181"/>
        <testcase name="test_get_prompt" file="/home/jeremyfall/Internal/JTD-Packages/laravel-mcp.git/main/tests/Unit/Registry/PromptRegistryTest.php" line="316" class="JTD\LaravelMCP\Tests\Unit\Registry\PromptRegistryTest" classname="JTD.LaravelMCP.Tests.Unit.Registry.PromptRegistryTest" assertions="4" time="0.006629"/>
        <testcase name="test_get_prompt_with_class_name" file="/home/jeremyfall/Internal/JTD-Packages/laravel-mcp.git/main/tests/Unit/Registry/PromptRegistryTest.php" line="363" class="JTD\LaravelMCP\Tests\Unit\Registry\PromptRegistryTest" classname="JTD.LaravelMCP.Tests.Unit.Registry.PromptRegistryTest" assertions="2" time="0.005920"/>
        <testcase name="test_list_prompts" file="/home/jeremyfall/Internal/JTD-Packages/laravel-mcp.git/main/tests/Unit/Registry/PromptRegistryTest.php" line="413" class="JTD\LaravelMCP\Tests\Unit\Registry\PromptRegistryTest" classname="JTD.LaravelMCP.Tests.Unit.Registry.PromptRegistryTest" assertions="8" time="0.006744"/>
        <testcase name="test_get_argument_schema" file="/home/jeremyfall/Internal/JTD-Packages/laravel-mcp.git/main/tests/Unit/Registry/PromptRegistryTest.php" line="523" class="JTD\LaravelMCP\Tests\Unit\Registry\PromptRegistryTest" classname="JTD.LaravelMCP.Tests.Unit.Registry.PromptRegistryTest" assertions="11" time="0.005634"/>
        <testcase name="test_metadata_defaults" file="/home/jeremyfall/Internal/JTD-Packages/laravel-mcp.git/main/tests/Unit/Registry/PromptRegistryTest.php" line="585" class="JTD\LaravelMCP\Tests\Unit\Registry\PromptRegistryTest" classname="JTD.LaravelMCP.Tests.Unit.Registry.PromptRegistryTest" assertions="5" time="0.005912"/>
        <testcase name="test_message_formatting" file="/home/jeremyfall/Internal/JTD-Packages/laravel-mcp.git/main/tests/Unit/Registry/PromptRegistryTest.php" line="684" class="JTD\LaravelMCP\Tests\Unit\Registry\PromptRegistryTest" classname="JTD.LaravelMCP.Tests.Unit.Registry.PromptRegistryTest" assertions="8" time="0.006347"/>
      </testsuite>
      <testsuite name="JTD\LaravelMCP\Tests\Unit\Registry\ResourceRegistryTest" file="/home/jeremyfall/Internal/JTD-Packages/laravel-mcp.git/main/tests/Unit/Registry/ResourceRegistryTest.php" tests="29" assertions="104" errors="0" failures="0" skipped="0" time="0.160185">
        <testcase name="test_register_resource_successfully" file="/home/jeremyfall/Internal/JTD-Packages/laravel-mcp.git/main/tests/Unit/Registry/ResourceRegistryTest.php" line="28" class="JTD\LaravelMCP\Tests\Unit\Registry\ResourceRegistryTest" classname="JTD.LaravelMCP.Tests.Unit.Registry.ResourceRegistryTest" assertions="2" time="0.005891"/>
        <testcase name="test_register_duplicate_resource_throws_exception" file="/home/jeremyfall/Internal/JTD-Packages/laravel-mcp.git/main/tests/Unit/Registry/ResourceRegistryTest.php" line="52" class="JTD\LaravelMCP\Tests\Unit\Registry\ResourceRegistryTest" classname="JTD.LaravelMCP.Tests.Unit.Registry.ResourceRegistryTest" assertions="2" time="0.005275"/>
        <testcase name="test_get_non_existent_resource_throws_exception" file="/home/jeremyfall/Internal/JTD-Packages/laravel-mcp.git/main/tests/Unit/Registry/ResourceRegistryTest.php" line="68" class="JTD\LaravelMCP\Tests\Unit\Registry\ResourceRegistryTest" classname="JTD.LaravelMCP.Tests.Unit.Registry.ResourceRegistryTest" assertions="2" time="0.005523"/>
        <testcase name="test_unregister_resource_successfully" file="/home/jeremyfall/Internal/JTD-Packages/laravel-mcp.git/main/tests/Unit/Registry/ResourceRegistryTest.php" line="79" class="JTD\LaravelMCP\Tests\Unit\Registry\ResourceRegistryTest" classname="JTD.LaravelMCP.Tests.Unit.Registry.ResourceRegistryTest" assertions="3" time="0.005383"/>
        <testcase name="test_unregister_non_existent_resource" file="/home/jeremyfall/Internal/JTD-Packages/laravel-mcp.git/main/tests/Unit/Registry/ResourceRegistryTest.php" line="96" class="JTD\LaravelMCP\Tests\Unit\Registry\ResourceRegistryTest" classname="JTD.LaravelMCP.Tests.Unit.Registry.ResourceRegistryTest" assertions="1" time="0.004972"/>
        <testcase name="test_get_resource_names" file="/home/jeremyfall/Internal/JTD-Packages/laravel-mcp.git/main/tests/Unit/Registry/ResourceRegistryTest.php" line="142" class="JTD\LaravelMCP\Tests\Unit\Registry\ResourceRegistryTest" classname="JTD.LaravelMCP.Tests.Unit.Registry.ResourceRegistryTest" assertions="1" time="0.005250"/>
        <testcase name="test_count_resources" file="/home/jeremyfall/Internal/JTD-Packages/laravel-mcp.git/main/tests/Unit/Registry/ResourceRegistryTest.php" line="155" class="JTD\LaravelMCP\Tests\Unit\Registry\ResourceRegistryTest" classname="JTD.LaravelMCP.Tests.Unit.Registry.ResourceRegistryTest" assertions="4" time="0.005178"/>
        <testcase name="test_get_resource_metadata" file="/home/jeremyfall/Internal/JTD-Packages/laravel-mcp.git/main/tests/Unit/Registry/ResourceRegistryTest.php" line="189" class="JTD\LaravelMCP\Tests\Unit\Registry\ResourceRegistryTest" classname="JTD.LaravelMCP.Tests.Unit.Registry.ResourceRegistryTest" assertions="7" time="0.005152"/>
        <testcase name="test_get_metadata_for_non_existent_resource_throws_exception" file="/home/jeremyfall/Internal/JTD-Packages/laravel-mcp.git/main/tests/Unit/Registry/ResourceRegistryTest.php" line="216" class="JTD\LaravelMCP\Tests\Unit\Registry\ResourceRegistryTest" classname="JTD.LaravelMCP.Tests.Unit.Registry.ResourceRegistryTest" assertions="2" time="0.005415"/>
        <testcase name="test_get_registry_type" file="/home/jeremyfall/Internal/JTD-Packages/laravel-mcp.git/main/tests/Unit/Registry/ResourceRegistryTest.php" line="265" class="JTD\LaravelMCP\Tests\Unit\Registry\ResourceRegistryTest" classname="JTD.LaravelMCP.Tests.Unit.Registry.ResourceRegistryTest" assertions="1" time="0.004937"/>
        <testcase name="test_get_resource_content" file="/home/jeremyfall/Internal/JTD-Packages/laravel-mcp.git/main/tests/Unit/Registry/ResourceRegistryTest.php" line="359" class="JTD\LaravelMCP\Tests\Unit\Registry\ResourceRegistryTest" classname="JTD.LaravelMCP.Tests.Unit.Registry.ResourceRegistryTest" assertions="5" time="0.005514"/>
        <testcase name="test_initialize" file="/home/jeremyfall/Internal/JTD-Packages/laravel-mcp.git/main/tests/Unit/Registry/ResourceRegistryTest.php" line="492" class="JTD\LaravelMCP\Tests\Unit\Registry\ResourceRegistryTest" classname="JTD.LaravelMCP.Tests.Unit.Registry.ResourceRegistryTest" assertions="1" time="0.004684"/>
        <testcase name="test_metadata_defaults" file="/home/jeremyfall/Internal/JTD-Packages/laravel-mcp.git/main/tests/Unit/Registry/ResourceRegistryTest.php" line="502" class="JTD\LaravelMCP\Tests\Unit\Registry\ResourceRegistryTest" classname="JTD.LaravelMCP.Tests.Unit.Registry.ResourceRegistryTest" assertions="7" time="0.004974"/>
        <testcase name="test_resource_name_edge_cases" file="/home/jeremyfall/Internal/JTD-Packages/laravel-mcp.git/main/tests/Unit/Registry/ResourceRegistryTest.php" line="560" class="JTD\LaravelMCP\Tests\Unit\Registry\ResourceRegistryTest" classname="JTD.LaravelMCP.Tests.Unit.Registry.ResourceRegistryTest" assertions="2" time="0.005563"/>
        <testcase name="test_resource_templates_with_defaults" file="/home/jeremyfall/Internal/JTD-Packages/laravel-mcp.git/main/tests/Unit/Registry/ResourceRegistryTest.php" line="580" class="JTD\LaravelMCP\Tests\Unit\Registry\ResourceRegistryTest" classname="JTD.LaravelMCP.Tests.Unit.Registry.ResourceRegistryTest" assertions="5" time="0.005722"/>
        <testcase name="test_has_resource" file="/home/jeremyfall/Internal/JTD-Packages/laravel-mcp.git/main/tests/Unit/Registry/ResourceRegistryTest.php" line="106" class="JTD\LaravelMCP\Tests\Unit\Registry\ResourceRegistryTest" classname="JTD.LaravelMCP.Tests.Unit.Registry.ResourceRegistryTest" assertions="2" time="0.005449"/>
        <testcase name="test_get_all_resources" file="/home/jeremyfall/Internal/JTD-Packages/laravel-mcp.git/main/tests/Unit/Registry/ResourceRegistryTest.php" line="121" class="JTD\LaravelMCP\Tests\Unit\Registry\ResourceRegistryTest" classname="JTD.LaravelMCP.Tests.Unit.Registry.ResourceRegistryTest" assertions="4" time="0.006004"/>
        <testcase name="test_clear_all_resources" file="/home/jeremyfall/Internal/JTD-Packages/laravel-mcp.git/main/tests/Unit/Registry/ResourceRegistryTest.php" line="172" class="JTD\LaravelMCP\Tests\Unit\Registry\ResourceRegistryTest" classname="JTD.LaravelMCP.Tests.Unit.Registry.ResourceRegistryTest" assertions="4" time="0.005840"/>
        <testcase name="test_filter_resources_by_metadata" file="/home/jeremyfall/Internal/JTD-Packages/laravel-mcp.git/main/tests/Unit/Registry/ResourceRegistryTest.php" line="227" class="JTD\LaravelMCP\Tests\Unit\Registry\ResourceRegistryTest" classname="JTD.LaravelMCP.Tests.Unit.Registry.ResourceRegistryTest" assertions="4" time="0.006279"/>
        <testcase name="test_search_resources_by_pattern" file="/home/jeremyfall/Internal/JTD-Packages/laravel-mcp.git/main/tests/Unit/Registry/ResourceRegistryTest.php" line="248" class="JTD\LaravelMCP\Tests\Unit\Registry\ResourceRegistryTest" classname="JTD.LaravelMCP.Tests.Unit.Registry.ResourceRegistryTest" assertions="4" time="0.006188"/>
        <testcase name="test_get_resource_templates" file="/home/jeremyfall/Internal/JTD-Packages/laravel-mcp.git/main/tests/Unit/Registry/ResourceRegistryTest.php" line="273" class="JTD\LaravelMCP\Tests\Unit\Registry\ResourceRegistryTest" classname="JTD.LaravelMCP.Tests.Unit.Registry.ResourceRegistryTest" assertions="9" time="0.006165"/>
        <testcase name="test_read_resource" file="/home/jeremyfall/Internal/JTD-Packages/laravel-mcp.git/main/tests/Unit/Registry/ResourceRegistryTest.php" line="308" class="JTD\LaravelMCP\Tests\Unit\Registry\ResourceRegistryTest" classname="JTD.LaravelMCP.Tests.Unit.Registry.ResourceRegistryTest" assertions="2" time="0.005782"/>
        <testcase name="test_read_resource_with_class_name" file="/home/jeremyfall/Internal/JTD-Packages/laravel-mcp.git/main/tests/Unit/Registry/ResourceRegistryTest.php" line="324" class="JTD\LaravelMCP\Tests\Unit\Registry\ResourceRegistryTest" classname="JTD.LaravelMCP.Tests.Unit.Registry.ResourceRegistryTest" assertions="2" time="0.005762"/>
        <testcase name="test_read_invalid_resource_throws_exception" file="/home/jeremyfall/Internal/JTD-Packages/laravel-mcp.git/main/tests/Unit/Registry/ResourceRegistryTest.php" line="340" class="JTD\LaravelMCP\Tests\Unit\Registry\ResourceRegistryTest" classname="JTD.LaravelMCP.Tests.Unit.Registry.ResourceRegistryTest" assertions="2" time="0.005325"/>
        <testcase name="test_list_resources" file="/home/jeremyfall/Internal/JTD-Packages/laravel-mcp.git/main/tests/Unit/Registry/ResourceRegistryTest.php" line="381" class="JTD\LaravelMCP\Tests\Unit\Registry\ResourceRegistryTest" classname="JTD.LaravelMCP.Tests.Unit.Registry.ResourceRegistryTest" assertions="12" time="0.005627"/>
        <testcase name="test_get_resources_by_uri" file="/home/jeremyfall/Internal/JTD-Packages/laravel-mcp.git/main/tests/Unit/Registry/ResourceRegistryTest.php" line="422" class="JTD\LaravelMCP\Tests\Unit\Registry\ResourceRegistryTest" classname="JTD.LaravelMCP.Tests.Unit.Registry.ResourceRegistryTest" assertions="4" time="0.005973"/>
        <testcase name="test_get_resources_by_mime_type" file="/home/jeremyfall/Internal/JTD-Packages/laravel-mcp.git/main/tests/Unit/Registry/ResourceRegistryTest.php" line="447" class="JTD\LaravelMCP\Tests\Unit\Registry\ResourceRegistryTest" classname="JTD.LaravelMCP.Tests.Unit.Registry.ResourceRegistryTest" assertions="4" time="0.005258"/>
        <testcase name="test_has_annotations" file="/home/jeremyfall/Internal/JTD-Packages/laravel-mcp.git/main/tests/Unit/Registry/ResourceRegistryTest.php" line="472" class="JTD\LaravelMCP\Tests\Unit\Registry\ResourceRegistryTest" classname="JTD.LaravelMCP.Tests.Unit.Registry.ResourceRegistryTest" assertions="3" time="0.005716"/>
        <testcase name="test_complex_filtering" file="/home/jeremyfall/Internal/JTD-Packages/laravel-mcp.git/main/tests/Unit/Registry/ResourceRegistryTest.php" line="523" class="JTD\LaravelMCP\Tests\Unit\Registry\ResourceRegistryTest" classname="JTD.LaravelMCP.Tests.Unit.Registry.ResourceRegistryTest" assertions="3" time="0.005386"/>
      </testsuite>
      <testsuite name="JTD\LaravelMCP\Tests\Unit\Registry\RouteRegistrarTest" file="/home/jeremyfall/Internal/JTD-Packages/laravel-mcp.git/main/tests/Unit/Registry/RouteRegistrarTest.php" tests="35" assertions="119" errors="0" failures="0" skipped="0" time="0.194688">
        <testcase name="it_can_be_instantiated" file="/home/jeremyfall/Internal/JTD-Packages/laravel-mcp.git/main/tests/Unit/Registry/RouteRegistrarTest.php" line="41" class="JTD\LaravelMCP\Tests\Unit\Registry\RouteRegistrarTest" classname="JTD.LaravelMCP.Tests.Unit.Registry.RouteRegistrarTest" assertions="1" time="0.004875"/>
        <testcase name="it_registers_a_tool" file="/home/jeremyfall/Internal/JTD-Packages/laravel-mcp.git/main/tests/Unit/Registry/RouteRegistrarTest.php" line="47" class="JTD\LaravelMCP\Tests\Unit\Registry\RouteRegistrarTest" classname="JTD.LaravelMCP.Tests.Unit.Registry.RouteRegistrarTest" assertions="2" time="0.005257"/>
        <testcase name="it_registers_a_resource" file="/home/jeremyfall/Internal/JTD-Packages/laravel-mcp.git/main/tests/Unit/Registry/RouteRegistrarTest.php" line="59" class="JTD\LaravelMCP\Tests\Unit\Registry\RouteRegistrarTest" classname="JTD.LaravelMCP.Tests.Unit.Registry.RouteRegistrarTest" assertions="2" time="0.004609"/>
        <testcase name="it_registers_a_prompt" file="/home/jeremyfall/Internal/JTD-Packages/laravel-mcp.git/main/tests/Unit/Registry/RouteRegistrarTest.php" line="71" class="JTD\LaravelMCP\Tests\Unit\Registry\RouteRegistrarTest" classname="JTD.LaravelMCP.Tests.Unit.Registry.RouteRegistrarTest" assertions="2" time="0.005108"/>
        <testcase name="it_supports_middleware_groups" file="/home/jeremyfall/Internal/JTD-Packages/laravel-mcp.git/main/tests/Unit/Registry/RouteRegistrarTest.php" line="152" class="JTD\LaravelMCP\Tests\Unit\Registry\RouteRegistrarTest" classname="JTD.LaravelMCP.Tests.Unit.Registry.RouteRegistrarTest" assertions="1" time="0.005398"/>
        <testcase name="it_supports_prefix_groups" file="/home/jeremyfall/Internal/JTD-Packages/laravel-mcp.git/main/tests/Unit/Registry/RouteRegistrarTest.php" line="164" class="JTD\LaravelMCP\Tests\Unit\Registry\RouteRegistrarTest" classname="JTD.LaravelMCP.Tests.Unit.Registry.RouteRegistrarTest" assertions="9" time="0.005558"/>
        <testcase name="it_merges_middleware_in_groups" file="/home/jeremyfall/Internal/JTD-Packages/laravel-mcp.git/main/tests/Unit/Registry/RouteRegistrarTest.php" line="190" class="JTD\LaravelMCP\Tests\Unit\Registry\RouteRegistrarTest" classname="JTD.LaravelMCP.Tests.Unit.Registry.RouteRegistrarTest" assertions="1" time="0.005627"/>
        <testcase name="it_checks_if_component_exists" file="/home/jeremyfall/Internal/JTD-Packages/laravel-mcp.git/main/tests/Unit/Registry/RouteRegistrarTest.php" line="202" class="JTD\LaravelMCP\Tests\Unit\Registry\RouteRegistrarTest" classname="JTD.LaravelMCP.Tests.Unit.Registry.RouteRegistrarTest" assertions="2" time="0.005580"/>
        <testcase name="it_gets_a_registered_tool" file="/home/jeremyfall/Internal/JTD-Packages/laravel-mcp.git/main/tests/Unit/Registry/RouteRegistrarTest.php" line="215" class="JTD\LaravelMCP\Tests\Unit\Registry\RouteRegistrarTest" classname="JTD.LaravelMCP.Tests.Unit.Registry.RouteRegistrarTest" assertions="2" time="0.005159"/>
        <testcase name="it_gets_a_registered_resource" file="/home/jeremyfall/Internal/JTD-Packages/laravel-mcp.git/main/tests/Unit/Registry/RouteRegistrarTest.php" line="230" class="JTD\LaravelMCP\Tests\Unit\Registry\RouteRegistrarTest" classname="JTD.LaravelMCP.Tests.Unit.Registry.RouteRegistrarTest" assertions="2" time="0.005084"/>
        <testcase name="it_lists_all_tools" file="/home/jeremyfall/Internal/JTD-Packages/laravel-mcp.git/main/tests/Unit/Registry/RouteRegistrarTest.php" line="260" class="JTD\LaravelMCP\Tests\Unit\Registry\RouteRegistrarTest" classname="JTD.LaravelMCP.Tests.Unit.Registry.RouteRegistrarTest" assertions="2" time="0.005472"/>
        <testcase name="it_lists_all_resources" file="/home/jeremyfall/Internal/JTD-Packages/laravel-mcp.git/main/tests/Unit/Registry/RouteRegistrarTest.php" line="274" class="JTD\LaravelMCP\Tests\Unit\Registry\RouteRegistrarTest" classname="JTD.LaravelMCP.Tests.Unit.Registry.RouteRegistrarTest" assertions="2" time="0.004971"/>
        <testcase name="it_lists_all_prompts" file="/home/jeremyfall/Internal/JTD-Packages/laravel-mcp.git/main/tests/Unit/Registry/RouteRegistrarTest.php" line="288" class="JTD\LaravelMCP\Tests\Unit\Registry\RouteRegistrarTest" classname="JTD.LaravelMCP.Tests.Unit.Registry.RouteRegistrarTest" assertions="2" time="0.004817"/>
        <testcase name="it_returns_empty_array_for_invalid_type" file="/home/jeremyfall/Internal/JTD-Packages/laravel-mcp.git/main/tests/Unit/Registry/RouteRegistrarTest.php" line="302" class="JTD\LaravelMCP\Tests\Unit\Registry\RouteRegistrarTest" classname="JTD.LaravelMCP.Tests.Unit.Registry.RouteRegistrarTest" assertions="1" time="0.005461"/>
        <testcase name="it_returns_null_for_invalid_type_get" file="/home/jeremyfall/Internal/JTD-Packages/laravel-mcp.git/main/tests/Unit/Registry/RouteRegistrarTest.php" line="310" class="JTD\LaravelMCP\Tests\Unit\Registry\RouteRegistrarTest" classname="JTD.LaravelMCP.Tests.Unit.Registry.RouteRegistrarTest" assertions="1" time="0.005260"/>
        <testcase name="it_returns_false_for_invalid_type_has" file="/home/jeremyfall/Internal/JTD-Packages/laravel-mcp.git/main/tests/Unit/Registry/RouteRegistrarTest.php" line="318" class="JTD\LaravelMCP\Tests\Unit\Registry\RouteRegistrarTest" classname="JTD.LaravelMCP.Tests.Unit.Registry.RouteRegistrarTest" assertions="1" time="0.005273"/>
        <testcase name="it_gets_the_underlying_registry" file="/home/jeremyfall/Internal/JTD-Packages/laravel-mcp.git/main/tests/Unit/Registry/RouteRegistrarTest.php" line="326" class="JTD\LaravelMCP\Tests\Unit\Registry\RouteRegistrarTest" classname="JTD.LaravelMCP.Tests.Unit.Registry.RouteRegistrarTest" assertions="1" time="0.005371"/>
        <testcase name="it_handles_non_existent_route_file" file="/home/jeremyfall/Internal/JTD-Packages/laravel-mcp.git/main/tests/Unit/Registry/RouteRegistrarTest.php" line="349" class="JTD\LaravelMCP\Tests\Unit\Registry\RouteRegistrarTest" classname="JTD.LaravelMCP.Tests.Unit.Registry.RouteRegistrarTest" assertions="1" time="0.005625"/>
        <testcase name="it_supports_group_registration" file="/home/jeremyfall/Internal/JTD-Packages/laravel-mcp.git/main/tests/Unit/Registry/RouteRegistrarTest.php" line="83" class="JTD\LaravelMCP\Tests\Unit\Registry\RouteRegistrarTest" classname="JTD.LaravelMCP.Tests.Unit.Registry.RouteRegistrarTest" assertions="9" time="0.005739"/>
        <testcase name="it_supports_nested_groups" file="/home/jeremyfall/Internal/JTD-Packages/laravel-mcp.git/main/tests/Unit/Registry/RouteRegistrarTest.php" line="109" class="JTD\LaravelMCP\Tests\Unit\Registry\RouteRegistrarTest" classname="JTD.LaravelMCP.Tests.Unit.Registry.RouteRegistrarTest" assertions="1" time="0.009859"/>
        <testcase name="it_gets_a_registered_prompt" file="/home/jeremyfall/Internal/JTD-Packages/laravel-mcp.git/main/tests/Unit/Registry/RouteRegistrarTest.php" line="245" class="JTD\LaravelMCP\Tests\Unit\Registry\RouteRegistrarTest" classname="JTD.LaravelMCP.Tests.Unit.Registry.RouteRegistrarTest" assertions="2" time="0.005107"/>
        <testcase name="it_loads_routes_from_file" file="/home/jeremyfall/Internal/JTD-Packages/laravel-mcp.git/main/tests/Unit/Registry/RouteRegistrarTest.php" line="334" class="JTD\LaravelMCP\Tests\Unit\Registry\RouteRegistrarTest" classname="JTD.LaravelMCP.Tests.Unit.Registry.RouteRegistrarTest" assertions="1" time="0.005328"/>
        <testcase name="test_route_attribute_merging" file="/home/jeremyfall/Internal/JTD-Packages/laravel-mcp.git/main/tests/Unit/Registry/RouteRegistrarTest.php" line="360" class="JTD\LaravelMCP\Tests\Unit\Registry\RouteRegistrarTest" classname="JTD.LaravelMCP.Tests.Unit.Registry.RouteRegistrarTest" assertions="5" time="0.006222"/>
        <testcase name="test_batch_registration_with_empty_arrays" file="/home/jeremyfall/Internal/JTD-Packages/laravel-mcp.git/main/tests/Unit/Registry/RouteRegistrarTest.php" line="513" class="JTD\LaravelMCP\Tests\Unit\Registry\RouteRegistrarTest" classname="JTD.LaravelMCP.Tests.Unit.Registry.RouteRegistrarTest" assertions="2" time="0.005188"/>
        <testcase name="it_supports_namespace_groups" file="/home/jeremyfall/Internal/JTD-Packages/laravel-mcp.git/main/tests/Unit/Registry/RouteRegistrarTest.php" line="126" class="JTD\LaravelMCP\Tests\Unit\Registry\RouteRegistrarTest" classname="JTD.LaravelMCP.Tests.Unit.Registry.RouteRegistrarTest" assertions="9" time="0.005804"/>
        <testcase name="test_registration_with_route_options" file="/home/jeremyfall/Internal/JTD-Packages/laravel-mcp.git/main/tests/Unit/Registry/RouteRegistrarTest.php" line="392" class="JTD\LaravelMCP\Tests\Unit\Registry\RouteRegistrarTest" classname="JTD.LaravelMCP.Tests.Unit.Registry.RouteRegistrarTest" assertions="2" time="0.005176"/>
        <testcase name="test_registration_with_callable_handlers" file="/home/jeremyfall/Internal/JTD-Packages/laravel-mcp.git/main/tests/Unit/Registry/RouteRegistrarTest.php" line="462" class="JTD\LaravelMCP\Tests\Unit\Registry\RouteRegistrarTest" classname="JTD.LaravelMCP.Tests.Unit.Registry.RouteRegistrarTest" assertions="4" time="0.005760"/>
        <testcase name="test_middleware_array_handling_in_groups" file="/home/jeremyfall/Internal/JTD-Packages/laravel-mcp.git/main/tests/Unit/Registry/RouteRegistrarTest.php" line="558" class="JTD\LaravelMCP\Tests\Unit\Registry\RouteRegistrarTest" classname="JTD.LaravelMCP.Tests.Unit.Registry.RouteRegistrarTest" assertions="2" time="0.005821"/>
        <testcase name="test_registration_with_duplicate_names" file="/home/jeremyfall/Internal/JTD-Packages/laravel-mcp.git/main/tests/Unit/Registry/RouteRegistrarTest.php" line="578" class="JTD\LaravelMCP\Tests\Unit\Registry\RouteRegistrarTest" classname="JTD.LaravelMCP.Tests.Unit.Registry.RouteRegistrarTest" assertions="3" time="0.005533"/>
        <testcase name="test_error_handling_during_registration" file="/home/jeremyfall/Internal/JTD-Packages/laravel-mcp.git/main/tests/Unit/Registry/RouteRegistrarTest.php" line="414" class="JTD\LaravelMCP\Tests\Unit\Registry\RouteRegistrarTest" classname="JTD.LaravelMCP.Tests.Unit.Registry.RouteRegistrarTest" assertions="3" time="0.005693"/>
        <testcase name="test_fluent_api_with_mixed_component_types" file="/home/jeremyfall/Internal/JTD-Packages/laravel-mcp.git/main/tests/Unit/Registry/RouteRegistrarTest.php" line="431" class="JTD\LaravelMCP\Tests\Unit\Registry\RouteRegistrarTest" classname="JTD.LaravelMCP.Tests.Unit.Registry.RouteRegistrarTest" assertions="26" time="0.006080"/>
        <testcase name="test_registration_with_string_class_names" file="/home/jeremyfall/Internal/JTD-Packages/laravel-mcp.git/main/tests/Unit/Registry/RouteRegistrarTest.php" line="491" class="JTD\LaravelMCP\Tests\Unit\Registry\RouteRegistrarTest" classname="JTD.LaravelMCP.Tests.Unit.Registry.RouteRegistrarTest" assertions="7" time="0.005715"/>
        <testcase name="test_complex_nested_group_scenarios" file="/home/jeremyfall/Internal/JTD-Packages/laravel-mcp.git/main/tests/Unit/Registry/RouteRegistrarTest.php" line="525" class="JTD\LaravelMCP\Tests\Unit\Registry\RouteRegistrarTest" classname="JTD.LaravelMCP.Tests.Unit.Registry.RouteRegistrarTest" assertions="1" time="0.006123"/>
        <testcase name="test_group_attributes_isolation" file="/home/jeremyfall/Internal/JTD-Packages/laravel-mcp.git/main/tests/Unit/Registry/RouteRegistrarTest.php" line="599" class="JTD\LaravelMCP\Tests\Unit\Registry\RouteRegistrarTest" classname="JTD.LaravelMCP.Tests.Unit.Registry.RouteRegistrarTest" assertions="5" time="0.005603"/>
        <testcase name="test_registration_count_tracking" file="/home/jeremyfall/Internal/JTD-Packages/laravel-mcp.git/main/tests/Unit/Registry/RouteRegistrarTest.php" line="629" class="JTD\LaravelMCP\Tests\Unit\Registry\RouteRegistrarTest" classname="JTD.LaravelMCP.Tests.Unit.Registry.RouteRegistrarTest" assertions="2" time="0.005434"/>
      </testsuite>
      <testsuite name="JTD\LaravelMCP\Tests\Unit\Registry\RoutingPatternsTest" file="/home/jeremyfall/Internal/JTD-Packages/laravel-mcp.git/main/tests/Unit/Registry/RoutingPatternsTest.php" tests="35" assertions="175" errors="0" failures="0" skipped="0" time="0.183297">
        <testcase name="test_get_pattern_for_invalid_component_type" file="/home/jeremyfall/Internal/JTD-Packages/laravel-mcp.git/main/tests/Unit/Registry/RoutingPatternsTest.php" line="59" class="JTD\LaravelMCP\Tests\Unit\Registry\RoutingPatternsTest" classname="JTD.LaravelMCP.Tests.Unit.Registry.RoutingPatternsTest" assertions="1" time="0.005228"/>
        <testcase name="test_generate_route_name_for_tools" file="/home/jeremyfall/Internal/JTD-Packages/laravel-mcp.git/main/tests/Unit/Registry/RoutingPatternsTest.php" line="83" class="JTD\LaravelMCP\Tests\Unit\Registry\RoutingPatternsTest" classname="JTD.LaravelMCP.Tests.Unit.Registry.RoutingPatternsTest" assertions="3" time="0.004550"/>
        <testcase name="test_generate_route_name_for_resources" file="/home/jeremyfall/Internal/JTD-Packages/laravel-mcp.git/main/tests/Unit/Registry/RoutingPatternsTest.php" line="98" class="JTD\LaravelMCP\Tests\Unit\Registry\RoutingPatternsTest" classname="JTD.LaravelMCP.Tests.Unit.Registry.RoutingPatternsTest" assertions="2" time="0.004820"/>
        <testcase name="test_generate_route_name_for_prompts" file="/home/jeremyfall/Internal/JTD-Packages/laravel-mcp.git/main/tests/Unit/Registry/RoutingPatternsTest.php" line="110" class="JTD\LaravelMCP\Tests\Unit\Registry\RoutingPatternsTest" classname="JTD.LaravelMCP.Tests.Unit.Registry.RoutingPatternsTest" assertions="2" time="0.004574"/>
        <testcase name="test_generate_route_name_with_action" file="/home/jeremyfall/Internal/JTD-Packages/laravel-mcp.git/main/tests/Unit/Registry/RoutingPatternsTest.php" line="122" class="JTD\LaravelMCP\Tests\Unit\Registry\RoutingPatternsTest" classname="JTD.LaravelMCP.Tests.Unit.Registry.RoutingPatternsTest" assertions="3" time="0.005032"/>
        <testcase name="test_generate_route_uri_for_tools" file="/home/jeremyfall/Internal/JTD-Packages/laravel-mcp.git/main/tests/Unit/Registry/RoutingPatternsTest.php" line="137" class="JTD\LaravelMCP\Tests\Unit\Registry\RoutingPatternsTest" classname="JTD.LaravelMCP.Tests.Unit.Registry.RoutingPatternsTest" assertions="3" time="0.004726"/>
        <testcase name="test_generate_route_uri_for_resources" file="/home/jeremyfall/Internal/JTD-Packages/laravel-mcp.git/main/tests/Unit/Registry/RoutingPatternsTest.php" line="152" class="JTD\LaravelMCP\Tests\Unit\Registry\RoutingPatternsTest" classname="JTD.LaravelMCP.Tests.Unit.Registry.RoutingPatternsTest" assertions="2" time="0.004536"/>
        <testcase name="test_generate_route_uri_for_prompts" file="/home/jeremyfall/Internal/JTD-Packages/laravel-mcp.git/main/tests/Unit/Registry/RoutingPatternsTest.php" line="164" class="JTD\LaravelMCP\Tests\Unit\Registry\RoutingPatternsTest" classname="JTD.LaravelMCP.Tests.Unit.Registry.RoutingPatternsTest" assertions="2" time="0.005390"/>
        <testcase name="test_generate_route_uri_with_parameters" file="/home/jeremyfall/Internal/JTD-Packages/laravel-mcp.git/main/tests/Unit/Registry/RoutingPatternsTest.php" line="176" class="JTD\LaravelMCP\Tests\Unit\Registry\RoutingPatternsTest" classname="JTD.LaravelMCP.Tests.Unit.Registry.RoutingPatternsTest" assertions="2" time="0.004836"/>
        <testcase name="test_get_middleware_with_additional" file="/home/jeremyfall/Internal/JTD-Packages/laravel-mcp.git/main/tests/Unit/Registry/RoutingPatternsTest.php" line="209" class="JTD\LaravelMCP\Tests\Unit\Registry\RoutingPatternsTest" classname="JTD.LaravelMCP.Tests.Unit.Registry.RoutingPatternsTest" assertions="6" time="0.005309"/>
        <testcase name="test_get_constraint" file="/home/jeremyfall/Internal/JTD-Packages/laravel-mcp.git/main/tests/Unit/Registry/RoutingPatternsTest.php" line="241" class="JTD\LaravelMCP\Tests\Unit\Registry\RoutingPatternsTest" classname="JTD.LaravelMCP.Tests.Unit.Registry.RoutingPatternsTest" assertions="6" time="0.005832"/>
        <testcase name="test_get_all_constraints" file="/home/jeremyfall/Internal/JTD-Packages/laravel-mcp.git/main/tests/Unit/Registry/RoutingPatternsTest.php" line="254" class="JTD\LaravelMCP\Tests\Unit\Registry\RoutingPatternsTest" classname="JTD.LaravelMCP.Tests.Unit.Registry.RoutingPatternsTest" assertions="7" time="0.004949"/>
        <testcase name="test_cache_configuration" file="/home/jeremyfall/Internal/JTD-Packages/laravel-mcp.git/main/tests/Unit/Registry/RoutingPatternsTest.php" line="270" class="JTD\LaravelMCP\Tests\Unit\Registry\RoutingPatternsTest" classname="JTD.LaravelMCP.Tests.Unit.Registry.RoutingPatternsTest" assertions="6" time="0.004975"/>
        <testcase name="test_generate_cache_key" file="/home/jeremyfall/Internal/JTD-Packages/laravel-mcp.git/main/tests/Unit/Registry/RoutingPatternsTest.php" line="285" class="JTD\LaravelMCP\Tests\Unit\Registry\RoutingPatternsTest" classname="JTD.LaravelMCP.Tests.Unit.Registry.RoutingPatternsTest" assertions="3" time="0.005191"/>
        <testcase name="test_normalize_component_name" file="/home/jeremyfall/Internal/JTD-Packages/laravel-mcp.git/main/tests/Unit/Registry/RoutingPatternsTest.php" line="300" class="JTD\LaravelMCP\Tests\Unit\Registry\RoutingPatternsTest" classname="JTD.LaravelMCP.Tests.Unit.Registry.RoutingPatternsTest" assertions="6" time="0.005633"/>
        <testcase name="test_normalize_action_name" file="/home/jeremyfall/Internal/JTD-Packages/laravel-mcp.git/main/tests/Unit/Registry/RoutingPatternsTest.php" line="313" class="JTD\LaravelMCP\Tests\Unit\Registry\RoutingPatternsTest" classname="JTD.LaravelMCP.Tests.Unit.Registry.RoutingPatternsTest" assertions="3" time="0.004984"/>
        <testcase name="test_denormalize_component_name" file="/home/jeremyfall/Internal/JTD-Packages/laravel-mcp.git/main/tests/Unit/Registry/RoutingPatternsTest.php" line="323" class="JTD\LaravelMCP\Tests\Unit\Registry\RoutingPatternsTest" classname="JTD.LaravelMCP.Tests.Unit.Registry.RoutingPatternsTest" assertions="3" time="0.005254"/>
        <testcase name="test_is_mcp_route_name" file="/home/jeremyfall/Internal/JTD-Packages/laravel-mcp.git/main/tests/Unit/Registry/RoutingPatternsTest.php" line="333" class="JTD\LaravelMCP\Tests\Unit\Registry\RoutingPatternsTest" classname="JTD.LaravelMCP.Tests.Unit.Registry.RoutingPatternsTest" assertions="6" time="0.005132"/>
        <testcase name="test_get_http_methods" file="/home/jeremyfall/Internal/JTD-Packages/laravel-mcp.git/main/tests/Unit/Registry/RoutingPatternsTest.php" line="407" class="JTD\LaravelMCP\Tests\Unit\Registry\RoutingPatternsTest" classname="JTD.LaravelMCP.Tests.Unit.Registry.RoutingPatternsTest" assertions="4" time="0.005166"/>
        <testcase name="test_get_controller_action" file="/home/jeremyfall/Internal/JTD-Packages/laravel-mcp.git/main/tests/Unit/Registry/RoutingPatternsTest.php" line="418" class="JTD\LaravelMCP\Tests\Unit\Registry\RoutingPatternsTest" classname="JTD.LaravelMCP.Tests.Unit.Registry.RoutingPatternsTest" assertions="4" time="0.005035"/>
        <testcase name="test_set_pattern" file="/home/jeremyfall/Internal/JTD-Packages/laravel-mcp.git/main/tests/Unit/Registry/RoutingPatternsTest.php" line="429" class="JTD\LaravelMCP\Tests\Unit\Registry\RoutingPatternsTest" classname="JTD.LaravelMCP.Tests.Unit.Registry.RoutingPatternsTest" assertions="3" time="0.005222"/>
        <testcase name="test_set_middleware_pattern" file="/home/jeremyfall/Internal/JTD-Packages/laravel-mcp.git/main/tests/Unit/Registry/RoutingPatternsTest.php" line="454" class="JTD\LaravelMCP\Tests\Unit\Registry\RoutingPatternsTest" classname="JTD.LaravelMCP.Tests.Unit.Registry.RoutingPatternsTest" assertions="1" time="0.005334"/>
        <testcase name="test_set_constraint" file="/home/jeremyfall/Internal/JTD-Packages/laravel-mcp.git/main/tests/Unit/Registry/RoutingPatternsTest.php" line="466" class="JTD\LaravelMCP\Tests\Unit\Registry\RoutingPatternsTest" classname="JTD.LaravelMCP.Tests.Unit.Registry.RoutingPatternsTest" assertions="1" time="0.004902"/>
        <testcase name="test_validate_component_name" file="/home/jeremyfall/Internal/JTD-Packages/laravel-mcp.git/main/tests/Unit/Registry/RoutingPatternsTest.php" line="478" class="JTD\LaravelMCP\Tests\Unit\Registry\RoutingPatternsTest" classname="JTD.LaravelMCP.Tests.Unit.Registry.RoutingPatternsTest" assertions="16" time="0.005616"/>
        <testcase name="test_get_route_template" file="/home/jeremyfall/Internal/JTD-Packages/laravel-mcp.git/main/tests/Unit/Registry/RoutingPatternsTest.php" line="504" class="JTD\LaravelMCP\Tests\Unit\Registry\RoutingPatternsTest" classname="JTD.LaravelMCP.Tests.Unit.Registry.RoutingPatternsTest" assertions="8" time="0.005126"/>
        <testcase name="test_get_route_template_for_resources" file="/home/jeremyfall/Internal/JTD-Packages/laravel-mcp.git/main/tests/Unit/Registry/RoutingPatternsTest.php" line="524" class="JTD\LaravelMCP\Tests\Unit\Registry\RoutingPatternsTest" classname="JTD.LaravelMCP.Tests.Unit.Registry.RoutingPatternsTest" assertions="5" time="0.005351"/>
        <testcase name="test_route_name_generation_edge_cases" file="/home/jeremyfall/Internal/JTD-Packages/laravel-mcp.git/main/tests/Unit/Registry/RoutingPatternsTest.php" line="552" class="JTD\LaravelMCP\Tests\Unit\Registry\RoutingPatternsTest" classname="JTD.LaravelMCP.Tests.Unit.Registry.RoutingPatternsTest" assertions="3" time="0.005115"/>
        <testcase name="test_uri_generation_edge_cases" file="/home/jeremyfall/Internal/JTD-Packages/laravel-mcp.git/main/tests/Unit/Registry/RoutingPatternsTest.php" line="570" class="JTD\LaravelMCP\Tests\Unit\Registry\RoutingPatternsTest" classname="JTD.LaravelMCP.Tests.Unit.Registry.RoutingPatternsTest" assertions="3" time="0.005076"/>
        <testcase name="test_get_pattern_for_valid_component_types" file="/home/jeremyfall/Internal/JTD-Packages/laravel-mcp.git/main/tests/Unit/Registry/RoutingPatternsTest.php" line="29" class="JTD\LaravelMCP\Tests\Unit\Registry\RoutingPatternsTest" classname="JTD.LaravelMCP.Tests.Unit.Registry.RoutingPatternsTest" assertions="18" time="0.005660"/>
        <testcase name="test_get_all_patterns" file="/home/jeremyfall/Internal/JTD-Packages/laravel-mcp.git/main/tests/Unit/Registry/RoutingPatternsTest.php" line="68" class="JTD\LaravelMCP\Tests\Unit\Registry\RoutingPatternsTest" classname="JTD.LaravelMCP.Tests.Unit.Registry.RoutingPatternsTest" assertions="5" time="0.005872"/>
        <testcase name="test_get_middleware_for_component_types" file="/home/jeremyfall/Internal/JTD-Packages/laravel-mcp.git/main/tests/Unit/Registry/RoutingPatternsTest.php" line="194" class="JTD\LaravelMCP\Tests\Unit\Registry\RoutingPatternsTest" classname="JTD.LaravelMCP.Tests.Unit.Registry.RoutingPatternsTest" assertions="3" time="0.005780"/>
        <testcase name="test_get_middleware_pattern" file="/home/jeremyfall/Internal/JTD-Packages/laravel-mcp.git/main/tests/Unit/Registry/RoutingPatternsTest.php" line="227" class="JTD\LaravelMCP\Tests\Unit\Registry\RoutingPatternsTest" classname="JTD.LaravelMCP.Tests.Unit.Registry.RoutingPatternsTest" assertions="7" time="0.005972"/>
        <testcase name="test_parse_route_name" file="/home/jeremyfall/Internal/JTD-Packages/laravel-mcp.git/main/tests/Unit/Registry/RoutingPatternsTest.php" line="346" class="JTD\LaravelMCP\Tests\Unit\Registry\RoutingPatternsTest" classname="JTD.LaravelMCP.Tests.Unit.Registry.RoutingPatternsTest" assertions="5" time="0.005441"/>
        <testcase name="test_generate_resource_routes" file="/home/jeremyfall/Internal/JTD-Packages/laravel-mcp.git/main/tests/Unit/Registry/RoutingPatternsTest.php" line="372" class="JTD\LaravelMCP\Tests\Unit\Registry\RoutingPatternsTest" classname="JTD.LaravelMCP.Tests.Unit.Registry.RoutingPatternsTest" assertions="18" time="0.006110"/>
        <testcase name="test_get_route_template_for_prompts" file="/home/jeremyfall/Internal/JTD-Packages/laravel-mcp.git/main/tests/Unit/Registry/RoutingPatternsTest.php" line="538" class="JTD\LaravelMCP\Tests\Unit\Registry\RoutingPatternsTest" classname="JTD.LaravelMCP.Tests.Unit.Registry.RoutingPatternsTest" assertions="5" time="0.005572"/>
      </testsuite>
      <testsuite name="JTD\LaravelMCP\Tests\Unit\Registry\ToolRegistryTest" file="/home/jeremyfall/Internal/JTD-Packages/laravel-mcp.git/main/tests/Unit/Registry/ToolRegistryTest.php" tests="26" assertions="75" errors="0" failures="0" skipped="0" time="0.141729">
        <testcase name="test_register_tool_successfully" file="/home/jeremyfall/Internal/JTD-Packages/laravel-mcp.git/main/tests/Unit/Registry/ToolRegistryTest.php" line="28" class="JTD\LaravelMCP\Tests\Unit\Registry\ToolRegistryTest" classname="JTD.LaravelMCP.Tests.Unit.Registry.ToolRegistryTest" assertions="2" time="0.004560"/>
        <testcase name="test_get_non_existent_tool_throws_exception" file="/home/jeremyfall/Internal/JTD-Packages/laravel-mcp.git/main/tests/Unit/Registry/ToolRegistryTest.php" line="72" class="JTD\LaravelMCP\Tests\Unit\Registry\ToolRegistryTest" classname="JTD.LaravelMCP.Tests.Unit.Registry.ToolRegistryTest" assertions="2" time="0.004678"/>
        <testcase name="test_unregister_tool_successfully" file="/home/jeremyfall/Internal/JTD-Packages/laravel-mcp.git/main/tests/Unit/Registry/ToolRegistryTest.php" line="83" class="JTD\LaravelMCP\Tests\Unit\Registry\ToolRegistryTest" classname="JTD.LaravelMCP.Tests.Unit.Registry.ToolRegistryTest" assertions="3" time="0.004631"/>
        <testcase name="test_unregister_non_existent_tool" file="/home/jeremyfall/Internal/JTD-Packages/laravel-mcp.git/main/tests/Unit/Registry/ToolRegistryTest.php" line="100" class="JTD\LaravelMCP\Tests\Unit\Registry\ToolRegistryTest" classname="JTD.LaravelMCP.Tests.Unit.Registry.ToolRegistryTest" assertions="1" time="0.004679"/>
        <testcase name="test_has_tool" file="/home/jeremyfall/Internal/JTD-Packages/laravel-mcp.git/main/tests/Unit/Registry/ToolRegistryTest.php" line="110" class="JTD\LaravelMCP\Tests\Unit\Registry\ToolRegistryTest" classname="JTD.LaravelMCP.Tests.Unit.Registry.ToolRegistryTest" assertions="2" time="0.004884"/>
        <testcase name="test_get_all_tools" file="/home/jeremyfall/Internal/JTD-Packages/laravel-mcp.git/main/tests/Unit/Registry/ToolRegistryTest.php" line="125" class="JTD\LaravelMCP\Tests\Unit\Registry\ToolRegistryTest" classname="JTD.LaravelMCP.Tests.Unit.Registry.ToolRegistryTest" assertions="4" time="0.005063"/>
        <testcase name="test_get_tool_names" file="/home/jeremyfall/Internal/JTD-Packages/laravel-mcp.git/main/tests/Unit/Registry/ToolRegistryTest.php" line="146" class="JTD\LaravelMCP\Tests\Unit\Registry\ToolRegistryTest" classname="JTD.LaravelMCP.Tests.Unit.Registry.ToolRegistryTest" assertions="1" time="0.005123"/>
        <testcase name="test_clear_all_tools" file="/home/jeremyfall/Internal/JTD-Packages/laravel-mcp.git/main/tests/Unit/Registry/ToolRegistryTest.php" line="176" class="JTD\LaravelMCP\Tests\Unit\Registry\ToolRegistryTest" classname="JTD.LaravelMCP.Tests.Unit.Registry.ToolRegistryTest" assertions="4" time="0.004825"/>
        <testcase name="test_get_tool_metadata" file="/home/jeremyfall/Internal/JTD-Packages/laravel-mcp.git/main/tests/Unit/Registry/ToolRegistryTest.php" line="193" class="JTD\LaravelMCP\Tests\Unit\Registry\ToolRegistryTest" classname="JTD.LaravelMCP.Tests.Unit.Registry.ToolRegistryTest" assertions="6" time="0.005238"/>
        <testcase name="test_get_metadata_for_non_existent_tool_throws_exception" file="/home/jeremyfall/Internal/JTD-Packages/laravel-mcp.git/main/tests/Unit/Registry/ToolRegistryTest.php" line="218" class="JTD\LaravelMCP\Tests\Unit\Registry\ToolRegistryTest" classname="JTD.LaravelMCP.Tests.Unit.Registry.ToolRegistryTest" assertions="2" time="0.004779"/>
        <testcase name="test_get_registry_type" file="/home/jeremyfall/Internal/JTD-Packages/laravel-mcp.git/main/tests/Unit/Registry/ToolRegistryTest.php" line="267" class="JTD\LaravelMCP\Tests\Unit\Registry\ToolRegistryTest" classname="JTD.LaravelMCP.Tests.Unit.Registry.ToolRegistryTest" assertions="1" time="0.004684"/>
        <testcase name="test_get_tools_by_capability" file="/home/jeremyfall/Internal/JTD-Packages/laravel-mcp.git/main/tests/Unit/Registry/ToolRegistryTest.php" line="425" class="JTD\LaravelMCP\Tests\Unit\Registry\ToolRegistryTest" classname="JTD.LaravelMCP.Tests.Unit.Registry.ToolRegistryTest" assertions="3" time="0.005090"/>
        <testcase name="test_initialize" file="/home/jeremyfall/Internal/JTD-Packages/laravel-mcp.git/main/tests/Unit/Registry/ToolRegistryTest.php" line="452" class="JTD\LaravelMCP\Tests\Unit\Registry\ToolRegistryTest" classname="JTD.LaravelMCP.Tests.Unit.Registry.ToolRegistryTest" assertions="1" time="0.005048"/>
        <testcase name="test_tool_name_edge_cases" file="/home/jeremyfall/Internal/JTD-Packages/laravel-mcp.git/main/tests/Unit/Registry/ToolRegistryTest.php" line="519" class="JTD\LaravelMCP\Tests\Unit\Registry\ToolRegistryTest" classname="JTD.LaravelMCP.Tests.Unit.Registry.ToolRegistryTest" assertions="2" time="0.005159"/>
        <testcase name="test_register_duplicate_tool_throws_exception" file="/home/jeremyfall/Internal/JTD-Packages/laravel-mcp.git/main/tests/Unit/Registry/ToolRegistryTest.php" line="56" class="JTD\LaravelMCP\Tests\Unit\Registry\ToolRegistryTest" classname="JTD.LaravelMCP.Tests.Unit.Registry.ToolRegistryTest" assertions="2" time="0.004923"/>
        <testcase name="test_filter_tools_by_metadata" file="/home/jeremyfall/Internal/JTD-Packages/laravel-mcp.git/main/tests/Unit/Registry/ToolRegistryTest.php" line="229" class="JTD\LaravelMCP\Tests\Unit\Registry\ToolRegistryTest" classname="JTD.LaravelMCP.Tests.Unit.Registry.ToolRegistryTest" assertions="4" time="0.005467"/>
        <testcase name="test_search_tools_by_pattern" file="/home/jeremyfall/Internal/JTD-Packages/laravel-mcp.git/main/tests/Unit/Registry/ToolRegistryTest.php" line="250" class="JTD\LaravelMCP\Tests\Unit\Registry\ToolRegistryTest" classname="JTD.LaravelMCP.Tests.Unit.Registry.ToolRegistryTest" assertions="4" time="0.005342"/>
        <testcase name="test_get_tool_definitions" file="/home/jeremyfall/Internal/JTD-Packages/laravel-mcp.git/main/tests/Unit/Registry/ToolRegistryTest.php" line="275" class="JTD\LaravelMCP\Tests\Unit\Registry\ToolRegistryTest" classname="JTD.LaravelMCP.Tests.Unit.Registry.ToolRegistryTest" assertions="7" time="0.006215"/>
        <testcase name="test_execute_tool" file="/home/jeremyfall/Internal/JTD-Packages/laravel-mcp.git/main/tests/Unit/Registry/ToolRegistryTest.php" line="323" class="JTD\LaravelMCP\Tests\Unit\Registry\ToolRegistryTest" classname="JTD.LaravelMCP.Tests.Unit.Registry.ToolRegistryTest" assertions="2" time="0.005933"/>
        <testcase name="test_execute_tool_with_class_name" file="/home/jeremyfall/Internal/JTD-Packages/laravel-mcp.git/main/tests/Unit/Registry/ToolRegistryTest.php" line="339" class="JTD\LaravelMCP\Tests\Unit\Registry\ToolRegistryTest" classname="JTD.LaravelMCP.Tests.Unit.Registry.ToolRegistryTest" assertions="2" time="0.011411"/>
        <testcase name="test_execute_invalid_tool_throws_exception" file="/home/jeremyfall/Internal/JTD-Packages/laravel-mcp.git/main/tests/Unit/Registry/ToolRegistryTest.php" line="355" class="JTD\LaravelMCP\Tests\Unit\Registry\ToolRegistryTest" classname="JTD.LaravelMCP.Tests.Unit.Registry.ToolRegistryTest" assertions="2" time="0.005508"/>
        <testcase name="test_validate_parameters" file="/home/jeremyfall/Internal/JTD-Packages/laravel-mcp.git/main/tests/Unit/Registry/ToolRegistryTest.php" line="374" class="JTD\LaravelMCP\Tests\Unit\Registry\ToolRegistryTest" classname="JTD.LaravelMCP.Tests.Unit.Registry.ToolRegistryTest" assertions="3" time="0.005071"/>
        <testcase name="test_validate_parameters_with_no_schema" file="/home/jeremyfall/Internal/JTD-Packages/laravel-mcp.git/main/tests/Unit/Registry/ToolRegistryTest.php" line="410" class="JTD\LaravelMCP\Tests\Unit\Registry\ToolRegistryTest" classname="JTD.LaravelMCP.Tests.Unit.Registry.ToolRegistryTest" assertions="2" time="0.005751"/>
        <testcase name="test_metadata_defaults" file="/home/jeremyfall/Internal/JTD-Packages/laravel-mcp.git/main/tests/Unit/Registry/ToolRegistryTest.php" line="462" class="JTD\LaravelMCP\Tests\Unit\Registry\ToolRegistryTest" classname="JTD.LaravelMCP.Tests.Unit.Registry.ToolRegistryTest" assertions="6" time="0.005855"/>
        <testcase name="test_complex_filtering" file="/home/jeremyfall/Internal/JTD-Packages/laravel-mcp.git/main/tests/Unit/Registry/ToolRegistryTest.php" line="482" class="JTD\LaravelMCP\Tests\Unit\Registry\ToolRegistryTest" classname="JTD.LaravelMCP.Tests.Unit.Registry.ToolRegistryTest" assertions="3" time="0.005588"/>
        <testcase name="test_count_tools" file="/home/jeremyfall/Internal/JTD-Packages/laravel-mcp.git/main/tests/Unit/Registry/ToolRegistryTest.php" line="159" class="JTD\LaravelMCP\Tests\Unit\Registry\ToolRegistryTest" classname="JTD.LaravelMCP.Tests.Unit.Registry.ToolRegistryTest" assertions="4" time="0.006223"/>
      </testsuite>
      <testsuite name="JTD\LaravelMCP\Tests\Unit\Support\ClientDetectorTest" file="/home/jeremyfall/Internal/JTD-Packages/laravel-mcp.git/main/tests/Unit/Support/ClientDetectorTest.php" tests="12" assertions="32" errors="0" failures="0" skipped="0" time="0.059075">
        <testcase name="it_determines_if_client_is_installed" file="/home/jeremyfall/Internal/JTD-Packages/laravel-mcp.git/main/tests/Unit/Support/ClientDetectorTest.php" line="43" class="JTD\LaravelMCP\Tests\Unit\Support\ClientDetectorTest" classname="JTD.LaravelMCP.Tests.Unit.Support.ClientDetectorTest" assertions="1" time="0.004842"/>
        <testcase name="it_gets_home_directory" file="/home/jeremyfall/Internal/JTD-Packages/laravel-mcp.git/main/tests/Unit/Support/ClientDetectorTest.php" line="68" class="JTD\LaravelMCP\Tests\Unit\Support\ClientDetectorTest" classname="JTD.LaravelMCP.Tests.Unit.Support.ClientDetectorTest" assertions="3" time="0.004835"/>
        <testcase name="it_detects_client_environment" file="/home/jeremyfall/Internal/JTD-Packages/laravel-mcp.git/main/tests/Unit/Support/ClientDetectorTest.php" line="78" class="JTD\LaravelMCP\Tests\Unit\Support\ClientDetectorTest" classname="JTD.LaravelMCP.Tests.Unit.Support.ClientDetectorTest" assertions="7" time="0.004687"/>
        <testcase name="it_gets_config_directory_for_os" file="/home/jeremyfall/Internal/JTD-Packages/laravel-mcp.git/main/tests/Unit/Support/ClientDetectorTest.php" line="105" class="JTD\LaravelMCP\Tests\Unit\Support\ClientDetectorTest" classname="JTD.LaravelMCP.Tests.Unit.Support.ClientDetectorTest" assertions="3" time="0.005098"/>
        <testcase name="it_gets_app_data_directory" file="/home/jeremyfall/Internal/JTD-Packages/laravel-mcp.git/main/tests/Unit/Support/ClientDetectorTest.php" line="124" class="JTD\LaravelMCP\Tests\Unit\Support\ClientDetectorTest" classname="JTD.LaravelMCP.Tests.Unit.Support.ClientDetectorTest" assertions="1" time="0.005165"/>
        <testcase name="it_validates_client_compatibility" file="/home/jeremyfall/Internal/JTD-Packages/laravel-mcp.git/main/tests/Unit/Support/ClientDetectorTest.php" line="93" class="JTD\LaravelMCP\Tests\Unit\Support\ClientDetectorTest" classname="JTD.LaravelMCP.Tests.Unit.Support.ClientDetectorTest" assertions="4" time="0.004813"/>
        <testcase name="it_provides_client_specific_config_filename" file="/home/jeremyfall/Internal/JTD-Packages/laravel-mcp.git/main/tests/Unit/Support/ClientDetectorTest.php" line="139" class="JTD\LaravelMCP\Tests\Unit\Support\ClientDetectorTest" classname="JTD.LaravelMCP.Tests.Unit.Support.ClientDetectorTest" assertions="4" time="0.004871"/>
        <testcase name="it_detects_operating_system" file="/home/jeremyfall/Internal/JTD-Packages/laravel-mcp.git/main/tests/Unit/Support/ClientDetectorTest.php" line="34" class="JTD\LaravelMCP\Tests\Unit\Support\ClientDetectorTest" classname="JTD.LaravelMCP.Tests.Unit.Support.ClientDetectorTest" assertions="2" time="0.004966"/>
        <testsuite name="JTD\LaravelMCP\Tests\Unit\Support\ClientDetectorTest::it_gets_default_config_path_for_client" tests="4" assertions="7" errors="0" failures="0" skipped="0" time="0.019797">
          <testcase name="it_gets_default_config_path_for_client with data set &quot;claude-desktop&quot;" file="/home/jeremyfall/Internal/JTD-Packages/laravel-mcp.git/main/tests/Unit/Support/ClientDetectorTest.php" line="54" class="JTD\LaravelMCP\Tests\Unit\Support\ClientDetectorTest" classname="JTD.LaravelMCP.Tests.Unit.Support.ClientDetectorTest" assertions="2" time="0.004800"/>
          <testcase name="it_gets_default_config_path_for_client with data set &quot;claude-code&quot;" file="/home/jeremyfall/Internal/JTD-Packages/laravel-mcp.git/main/tests/Unit/Support/ClientDetectorTest.php" line="54" class="JTD\LaravelMCP\Tests\Unit\Support\ClientDetectorTest" classname="JTD.LaravelMCP.Tests.Unit.Support.ClientDetectorTest" assertions="2" time="0.004799"/>
          <testcase name="it_gets_default_config_path_for_client with data set &quot;chatgpt-desktop&quot;" file="/home/jeremyfall/Internal/JTD-Packages/laravel-mcp.git/main/tests/Unit/Support/ClientDetectorTest.php" line="54" class="JTD\LaravelMCP\Tests\Unit\Support\ClientDetectorTest" classname="JTD.LaravelMCP.Tests.Unit.Support.ClientDetectorTest" assertions="2" time="0.004925"/>
          <testcase name="it_gets_default_config_path_for_client with data set &quot;unsupported&quot;" file="/home/jeremyfall/Internal/JTD-Packages/laravel-mcp.git/main/tests/Unit/Support/ClientDetectorTest.php" line="54" class="JTD\LaravelMCP\Tests\Unit\Support\ClientDetectorTest" classname="JTD.LaravelMCP.Tests.Unit.Support.ClientDetectorTest" assertions="1" time="0.005273"/>
        </testsuite>
      </testsuite>
      <testsuite name="JTD\LaravelMCP\Tests\Unit\Support\ConfigGeneratorTest" file="/home/jeremyfall/Internal/JTD-Packages/laravel-mcp.git/main/tests/Unit/Support/ConfigGeneratorTest.php" tests="21" assertions="83" errors="0" failures="0" skipped="0" time="0.109677">
        <testcase name="it_generates_claude_desktop_configuration" file="/home/jeremyfall/Internal/JTD-Packages/laravel-mcp.git/main/tests/Unit/Support/ConfigGeneratorTest.php" line="38" class="JTD\LaravelMCP\Tests\Unit\Support\ConfigGeneratorTest" classname="JTD.LaravelMCP.Tests.Unit.Support.ConfigGeneratorTest" assertions="7" time="0.004801"/>
        <testcase name="it_generates_chatgpt_desktop_configuration" file="/home/jeremyfall/Internal/JTD-Packages/laravel-mcp.git/main/tests/Unit/Support/ConfigGeneratorTest.php" line="117" class="JTD\LaravelMCP\Tests\Unit\Support\ConfigGeneratorTest" classname="JTD.LaravelMCP.Tests.Unit.Support.ConfigGeneratorTest" assertions="7" time="0.004901"/>
        <testcase name="it_validates_chatgpt_configuration" file="/home/jeremyfall/Internal/JTD-Packages/laravel-mcp.git/main/tests/Unit/Support/ConfigGeneratorTest.php" line="183" class="JTD\LaravelMCP\Tests\Unit\Support\ConfigGeneratorTest" classname="JTD.LaravelMCP.Tests.Unit.Support.ConfigGeneratorTest" assertions="3" time="0.004635"/>
        <testcase name="it_validates_unknown_client_type" file="/home/jeremyfall/Internal/JTD-Packages/laravel-mcp.git/main/tests/Unit/Support/ConfigGeneratorTest.php" line="196" class="JTD\LaravelMCP\Tests\Unit\Support\ConfigGeneratorTest" classname="JTD.LaravelMCP.Tests.Unit.Support.ConfigGeneratorTest" assertions="2" time="0.004679"/>
        <testcase name="it_merges_claude_desktop_configurations" file="/home/jeremyfall/Internal/JTD-Packages/laravel-mcp.git/main/tests/Unit/Support/ConfigGeneratorTest.php" line="206" class="JTD\LaravelMCP\Tests\Unit\Support\ConfigGeneratorTest" classname="JTD.LaravelMCP.Tests.Unit.Support.ConfigGeneratorTest" assertions="3" time="0.004804"/>
        <testcase name="it_merges_chatgpt_configurations" file="/home/jeremyfall/Internal/JTD-Packages/laravel-mcp.git/main/tests/Unit/Support/ConfigGeneratorTest.php" line="255" class="JTD\LaravelMCP\Tests\Unit\Support\ConfigGeneratorTest" classname="JTD.LaravelMCP.Tests.Unit.Support.ConfigGeneratorTest" assertions="4" time="0.005058"/>
        <testcase name="it_returns_new_config_when_existing_is_empty" file="/home/jeremyfall/Internal/JTD-Packages/laravel-mcp.git/main/tests/Unit/Support/ConfigGeneratorTest.php" line="278" class="JTD\LaravelMCP\Tests\Unit\Support\ConfigGeneratorTest" classname="JTD.LaravelMCP.Tests.Unit.Support.ConfigGeneratorTest" assertions="1" time="0.004789"/>
        <testcase name="it_detects_operating_system" file="/home/jeremyfall/Internal/JTD-Packages/laravel-mcp.git/main/tests/Unit/Support/ConfigGeneratorTest.php" line="287" class="JTD\LaravelMCP\Tests\Unit\Support\ConfigGeneratorTest" classname="JTD.LaravelMCP.Tests.Unit.Support.ConfigGeneratorTest" assertions="1" time="0.005367"/>
        <testcase name="it_gets_home_directory" file="/home/jeremyfall/Internal/JTD-Packages/laravel-mcp.git/main/tests/Unit/Support/ConfigGeneratorTest.php" line="299" class="JTD\LaravelMCP\Tests\Unit\Support\ConfigGeneratorTest" classname="JTD.LaravelMCP.Tests.Unit.Support.ConfigGeneratorTest" assertions="2" time="0.005253"/>
        <testcase name="it_gets_client_config_path" file="/home/jeremyfall/Internal/JTD-Packages/laravel-mcp.git/main/tests/Unit/Support/ConfigGeneratorTest.php" line="311" class="JTD\LaravelMCP\Tests\Unit\Support\ConfigGeneratorTest" classname="JTD.LaravelMCP.Tests.Unit.Support.ConfigGeneratorTest" assertions="7" time="0.005061"/>
        <testcase name="it_prevents_overwrite_without_force" file="/home/jeremyfall/Internal/JTD-Packages/laravel-mcp.git/main/tests/Unit/Support/ConfigGeneratorTest.php" line="348" class="JTD\LaravelMCP\Tests\Unit\Support\ConfigGeneratorTest" classname="JTD.LaravelMCP.Tests.Unit.Support.ConfigGeneratorTest" assertions="2" time="0.005671"/>
        <testcase name="it_handles_save_errors_gracefully" file="/home/jeremyfall/Internal/JTD-Packages/laravel-mcp.git/main/tests/Unit/Support/ConfigGeneratorTest.php" line="385" class="JTD\LaravelMCP\Tests\Unit\Support\ConfigGeneratorTest" classname="JTD.LaravelMCP.Tests.Unit.Support.ConfigGeneratorTest" assertions="1" time="0.005538"/>
        <testcase name="it_generates_claude_code_configuration" file="/home/jeremyfall/Internal/JTD-Packages/laravel-mcp.git/main/tests/Unit/Support/ConfigGeneratorTest.php" line="75" class="JTD\LaravelMCP\Tests\Unit\Support\ConfigGeneratorTest" classname="JTD.LaravelMCP.Tests.Unit.Support.ConfigGeneratorTest" assertions="9" time="0.006126"/>
        <testcase name="it_generates_claude_code_configuration_with_defaults" file="/home/jeremyfall/Internal/JTD-Packages/laravel-mcp.git/main/tests/Unit/Support/ConfigGeneratorTest.php" line="101" class="JTD\LaravelMCP\Tests\Unit\Support\ConfigGeneratorTest" classname="JTD.LaravelMCP.Tests.Unit.Support.ConfigGeneratorTest" assertions="7" time="0.005184"/>
        <testcase name="it_merges_claude_code_configurations" file="/home/jeremyfall/Internal/JTD-Packages/laravel-mcp.git/main/tests/Unit/Support/ConfigGeneratorTest.php" line="228" class="JTD\LaravelMCP\Tests\Unit\Support\ConfigGeneratorTest" classname="JTD.LaravelMCP.Tests.Unit.Support.ConfigGeneratorTest" assertions="4" time="0.005157"/>
        <testcase name="it_saves_client_configuration" file="/home/jeremyfall/Internal/JTD-Packages/laravel-mcp.git/main/tests/Unit/Support/ConfigGeneratorTest.php" line="330" class="JTD\LaravelMCP\Tests\Unit\Support\ConfigGeneratorTest" classname="JTD.LaravelMCP.Tests.Unit.Support.ConfigGeneratorTest" assertions="3" time="0.005218"/>
        <testcase name="it_creates_directory_if_not_exists" file="/home/jeremyfall/Internal/JTD-Packages/laravel-mcp.git/main/tests/Unit/Support/ConfigGeneratorTest.php" line="368" class="JTD\LaravelMCP\Tests\Unit\Support\ConfigGeneratorTest" classname="JTD.LaravelMCP.Tests.Unit.Support.ConfigGeneratorTest" assertions="2" time="0.005355"/>
        <testcase name="it_generates_claude_desktop_configuration_with_defaults" file="/home/jeremyfall/Internal/JTD-Packages/laravel-mcp.git/main/tests/Unit/Support/ConfigGeneratorTest.php" line="61" class="JTD\LaravelMCP\Tests\Unit\Support\ConfigGeneratorTest" classname="JTD.LaravelMCP.Tests.Unit.Support.ConfigGeneratorTest" assertions="5" time="0.005276"/>
        <testcase name="it_generates_chatgpt_desktop_configuration_with_defaults" file="/home/jeremyfall/Internal/JTD-Packages/laravel-mcp.git/main/tests/Unit/Support/ConfigGeneratorTest.php" line="141" class="JTD\LaravelMCP\Tests\Unit\Support\ConfigGeneratorTest" classname="JTD.LaravelMCP.Tests.Unit.Support.ConfigGeneratorTest" assertions="7" time="0.005771"/>
        <testcase name="it_validates_claude_desktop_configuration" file="/home/jeremyfall/Internal/JTD-Packages/laravel-mcp.git/main/tests/Unit/Support/ConfigGeneratorTest.php" line="157" class="JTD\LaravelMCP\Tests\Unit\Support\ConfigGeneratorTest" classname="JTD.LaravelMCP.Tests.Unit.Support.ConfigGeneratorTest" assertions="3" time="0.006087"/>
        <testcase name="it_validates_claude_code_configuration" file="/home/jeremyfall/Internal/JTD-Packages/laravel-mcp.git/main/tests/Unit/Support/ConfigGeneratorTest.php" line="170" class="JTD\LaravelMCP\Tests\Unit\Support\ConfigGeneratorTest" classname="JTD.LaravelMCP.Tests.Unit.Support.ConfigGeneratorTest" assertions="3" time="0.004944"/>
      </testsuite>
      <testsuite name="JTD\LaravelMCP\Tests\Unit\Support\Generators\ClaudeDesktopGeneratorTest" file="/home/jeremyfall/Internal/JTD-Packages/laravel-mcp.git/main/tests/Unit/Support/Generators/ClaudeDesktopGeneratorTest.php" tests="9" assertions="37" errors="0" failures="0" skipped="0" time="0.051115">
        <testcase name="it_merges_configurations_properly" file="/home/jeremyfall/Internal/JTD-Packages/laravel-mcp.git/main/tests/Unit/Support/Generators/ClaudeDesktopGeneratorTest.php" line="146" class="JTD\LaravelMCP\Tests\Unit\Support\Generators\ClaudeDesktopGeneratorTest" classname="JTD.LaravelMCP.Tests.Unit.Support.Generators.ClaudeDesktopGeneratorTest" assertions="5" time="0.005148"/>
        <testcase name="it_handles_invalid_transport_type" file="/home/jeremyfall/Internal/JTD-Packages/laravel-mcp.git/main/tests/Unit/Support/Generators/ClaudeDesktopGeneratorTest.php" line="202" class="JTD\LaravelMCP\Tests\Unit\Support\Generators\ClaudeDesktopGeneratorTest" classname="JTD.LaravelMCP.Tests.Unit.Support.Generators.ClaudeDesktopGeneratorTest" assertions="2" time="0.005563"/>
        <testcase name="it_gets_default_server_name" file="/home/jeremyfall/Internal/JTD-Packages/laravel-mcp.git/main/tests/Unit/Support/Generators/ClaudeDesktopGeneratorTest.php" line="216" class="JTD\LaravelMCP\Tests\Unit\Support\Generators\ClaudeDesktopGeneratorTest" classname="JTD.LaravelMCP.Tests.Unit.Support.Generators.ClaudeDesktopGeneratorTest" assertions="1" time="0.005948"/>
        <testcase name="it_gets_default_description_with_component_counts" file="/home/jeremyfall/Internal/JTD-Packages/laravel-mcp.git/main/tests/Unit/Support/Generators/ClaudeDesktopGeneratorTest.php" line="226" class="JTD\LaravelMCP\Tests\Unit\Support\Generators\ClaudeDesktopGeneratorTest" classname="JTD.LaravelMCP.Tests.Unit.Support.Generators.ClaudeDesktopGeneratorTest" assertions="3" time="0.005784"/>
        <testcase name="it_generates_stdio_configuration" file="/home/jeremyfall/Internal/JTD-Packages/laravel-mcp.git/main/tests/Unit/Support/Generators/ClaudeDesktopGeneratorTest.php" line="38" class="JTD\LaravelMCP\Tests\Unit\Support\Generators\ClaudeDesktopGeneratorTest" classname="JTD.LaravelMCP.Tests.Unit.Support.Generators.ClaudeDesktopGeneratorTest" assertions="8" time="0.005825"/>
        <testcase name="it_generates_http_configuration" file="/home/jeremyfall/Internal/JTD-Packages/laravel-mcp.git/main/tests/Unit/Support/Generators/ClaudeDesktopGeneratorTest.php" line="69" class="JTD\LaravelMCP\Tests\Unit\Support\Generators\ClaudeDesktopGeneratorTest" classname="JTD.LaravelMCP.Tests.Unit.Support.Generators.ClaudeDesktopGeneratorTest" assertions="7" time="0.005802"/>
        <testcase name="it_uses_default_values_when_not_provided" file="/home/jeremyfall/Internal/JTD-Packages/laravel-mcp.git/main/tests/Unit/Support/Generators/ClaudeDesktopGeneratorTest.php" line="97" class="JTD\LaravelMCP\Tests\Unit\Support\Generators\ClaudeDesktopGeneratorTest" classname="JTD.LaravelMCP.Tests.Unit.Support.Generators.ClaudeDesktopGeneratorTest" assertions="5" time="0.005842"/>
        <testcase name="it_loads_existing_configuration" file="/home/jeremyfall/Internal/JTD-Packages/laravel-mcp.git/main/tests/Unit/Support/Generators/ClaudeDesktopGeneratorTest.php" line="177" class="JTD\LaravelMCP\Tests\Unit\Support\Generators\ClaudeDesktopGeneratorTest" classname="JTD.LaravelMCP.Tests.Unit.Support.Generators.ClaudeDesktopGeneratorTest" assertions="3" time="0.005658"/>
        <testcase name="it_validates_configuration" file="/home/jeremyfall/Internal/JTD-Packages/laravel-mcp.git/main/tests/Unit/Support/Generators/ClaudeDesktopGeneratorTest.php" line="116" class="JTD\LaravelMCP\Tests\Unit\Support\Generators\ClaudeDesktopGeneratorTest" classname="JTD.LaravelMCP.Tests.Unit.Support.Generators.ClaudeDesktopGeneratorTest" assertions="3" time="0.005547"/>
      </testsuite>
      <testsuite name="JTD\LaravelMCP\Tests\Unit\Support\SchemaValidatorTest" file="/home/jeremyfall/Internal/JTD-Packages/laravel-mcp.git/main/tests/Unit/Support/SchemaValidatorTest.php" tests="24" assertions="40" errors="0" failures="0" skipped="0" time="0.140367">
        <testcase name="it_validates_simple_string_schema" file="/home/jeremyfall/Internal/JTD-Packages/laravel-mcp.git/main/tests/Unit/Support/SchemaValidatorTest.php" line="37" class="JTD\LaravelMCP\Tests\Unit\Support\SchemaValidatorTest" classname="JTD.LaravelMCP.Tests.Unit.Support.SchemaValidatorTest" assertions="1" time="0.006261"/>
        <testcase name="it_throws_exception_for_missing_required_field" file="/home/jeremyfall/Internal/JTD-Packages/laravel-mcp.git/main/tests/Unit/Support/SchemaValidatorTest.php" line="54" class="JTD\LaravelMCP\Tests\Unit\Support\SchemaValidatorTest" classname="JTD.LaravelMCP.Tests.Unit.Support.SchemaValidatorTest" assertions="2" time="0.005286"/>
        <testcase name="it_validates_integer_type" file="/home/jeremyfall/Internal/JTD-Packages/laravel-mcp.git/main/tests/Unit/Support/SchemaValidatorTest.php" line="71" class="JTD\LaravelMCP\Tests\Unit\Support\SchemaValidatorTest" classname="JTD.LaravelMCP.Tests.Unit.Support.SchemaValidatorTest" assertions="1" time="0.005364"/>
        <testcase name="it_throws_exception_for_wrong_type" file="/home/jeremyfall/Internal/JTD-Packages/laravel-mcp.git/main/tests/Unit/Support/SchemaValidatorTest.php" line="87" class="JTD\LaravelMCP\Tests\Unit\Support\SchemaValidatorTest" classname="JTD.LaravelMCP.Tests.Unit.Support.SchemaValidatorTest" assertions="2" time="0.005603"/>
        <testcase name="it_validates_number_with_minimum_and_maximum" file="/home/jeremyfall/Internal/JTD-Packages/laravel-mcp.git/main/tests/Unit/Support/SchemaValidatorTest.php" line="103" class="JTD\LaravelMCP\Tests\Unit\Support\SchemaValidatorTest" classname="JTD.LaravelMCP.Tests.Unit.Support.SchemaValidatorTest" assertions="1" time="0.005416"/>
        <testcase name="it_throws_exception_for_number_below_minimum" file="/home/jeremyfall/Internal/JTD-Packages/laravel-mcp.git/main/tests/Unit/Support/SchemaValidatorTest.php" line="123" class="JTD\LaravelMCP\Tests\Unit\Support\SchemaValidatorTest" classname="JTD.LaravelMCP.Tests.Unit.Support.SchemaValidatorTest" assertions="2" time="0.004855"/>
        <testcase name="it_validates_array_schema" file="/home/jeremyfall/Internal/JTD-Packages/laravel-mcp.git/main/tests/Unit/Support/SchemaValidatorTest.php" line="142" class="JTD\LaravelMCP\Tests\Unit\Support\SchemaValidatorTest" classname="JTD.LaravelMCP.Tests.Unit.Support.SchemaValidatorTest" assertions="1" time="0.005041"/>
        <testcase name="it_throws_exception_for_non_unique_array_items" file="/home/jeremyfall/Internal/JTD-Packages/laravel-mcp.git/main/tests/Unit/Support/SchemaValidatorTest.php" line="183" class="JTD\LaravelMCP\Tests\Unit\Support\SchemaValidatorTest" classname="JTD.LaravelMCP.Tests.Unit.Support.SchemaValidatorTest" assertions="2" time="0.005502"/>
        <testcase name="it_validates_string_with_pattern" file="/home/jeremyfall/Internal/JTD-Packages/laravel-mcp.git/main/tests/Unit/Support/SchemaValidatorTest.php" line="203" class="JTD\LaravelMCP\Tests\Unit\Support\SchemaValidatorTest" classname="JTD.LaravelMCP.Tests.Unit.Support.SchemaValidatorTest" assertions="1" time="0.005596"/>
        <testcase name="it_validates_string_with_enum" file="/home/jeremyfall/Internal/JTD-Packages/laravel-mcp.git/main/tests/Unit/Support/SchemaValidatorTest.php" line="222" class="JTD\LaravelMCP\Tests\Unit\Support\SchemaValidatorTest" classname="JTD.LaravelMCP.Tests.Unit.Support.SchemaValidatorTest" assertions="1" time="0.005449"/>
        <testcase name="it_throws_exception_for_invalid_enum_value" file="/home/jeremyfall/Internal/JTD-Packages/laravel-mcp.git/main/tests/Unit/Support/SchemaValidatorTest.php" line="241" class="JTD\LaravelMCP\Tests\Unit\Support\SchemaValidatorTest" classname="JTD.LaravelMCP.Tests.Unit.Support.SchemaValidatorTest" assertions="2" time="0.004926"/>
        <testcase name="it_throws_exception_for_invalid_email_format" file="/home/jeremyfall/Internal/JTD-Packages/laravel-mcp.git/main/tests/Unit/Support/SchemaValidatorTest.php" line="279" class="JTD\LaravelMCP\Tests\Unit\Support\SchemaValidatorTest" classname="JTD.LaravelMCP.Tests.Unit.Support.SchemaValidatorTest" assertions="2" time="0.006109"/>
        <testcase name="it_validates_nested_objects" file="/home/jeremyfall/Internal/JTD-Packages/laravel-mcp.git/main/tests/Unit/Support/SchemaValidatorTest.php" line="298" class="JTD\LaravelMCP\Tests\Unit\Support\SchemaValidatorTest" classname="JTD.LaravelMCP.Tests.Unit.Support.SchemaValidatorTest" assertions="1" time="0.005408"/>
        <testcase name="it_applies_default_values" file="/home/jeremyfall/Internal/JTD-Packages/laravel-mcp.git/main/tests/Unit/Support/SchemaValidatorTest.php" line="327" class="JTD\LaravelMCP\Tests\Unit\Support\SchemaValidatorTest" classname="JTD.LaravelMCP.Tests.Unit.Support.SchemaValidatorTest" assertions="1" time="0.005307"/>
        <testcase name="it_validates_additional_properties_when_false" file="/home/jeremyfall/Internal/JTD-Packages/laravel-mcp.git/main/tests/Unit/Support/SchemaValidatorTest.php" line="350" class="JTD\LaravelMCP\Tests\Unit\Support\SchemaValidatorTest" classname="JTD.LaravelMCP.Tests.Unit.Support.SchemaValidatorTest" assertions="2" time="0.012973"/>
        <testcase name="it_validates_boolean_type" file="/home/jeremyfall/Internal/JTD-Packages/laravel-mcp.git/main/tests/Unit/Support/SchemaValidatorTest.php" line="389" class="JTD\LaravelMCP\Tests\Unit\Support\SchemaValidatorTest" classname="JTD.LaravelMCP.Tests.Unit.Support.SchemaValidatorTest" assertions="1" time="0.006881"/>
        <testcase name="it_validates_null_when_nullable" file="/home/jeremyfall/Internal/JTD-Packages/laravel-mcp.git/main/tests/Unit/Support/SchemaValidatorTest.php" line="405" class="JTD\LaravelMCP\Tests\Unit\Support\SchemaValidatorTest" classname="JTD.LaravelMCP.Tests.Unit.Support.SchemaValidatorTest" assertions="1" time="0.006141"/>
        <testcase name="it_validates_string_length_constraints" file="/home/jeremyfall/Internal/JTD-Packages/laravel-mcp.git/main/tests/Unit/Support/SchemaValidatorTest.php" line="424" class="JTD\LaravelMCP\Tests\Unit\Support\SchemaValidatorTest" classname="JTD.LaravelMCP.Tests.Unit.Support.SchemaValidatorTest" assertions="1" time="0.005839"/>
        <testcase name="it_throws_exception_for_string_too_short" file="/home/jeremyfall/Internal/JTD-Packages/laravel-mcp.git/main/tests/Unit/Support/SchemaValidatorTest.php" line="444" class="JTD\LaravelMCP\Tests\Unit\Support\SchemaValidatorTest" classname="JTD.LaravelMCP.Tests.Unit.Support.SchemaValidatorTest" assertions="2" time="0.004857"/>
        <testcase name="it_validates_uuid_format" file="/home/jeremyfall/Internal/JTD-Packages/laravel-mcp.git/main/tests/Unit/Support/SchemaValidatorTest.php" line="463" class="JTD\LaravelMCP\Tests\Unit\Support\SchemaValidatorTest" classname="JTD.LaravelMCP.Tests.Unit.Support.SchemaValidatorTest" assertions="1" time="0.005723"/>
        <testcase name="it_validates_url_format" file="/home/jeremyfall/Internal/JTD-Packages/laravel-mcp.git/main/tests/Unit/Support/SchemaValidatorTest.php" line="482" class="JTD\LaravelMCP\Tests\Unit\Support\SchemaValidatorTest" classname="JTD.LaravelMCP.Tests.Unit.Support.SchemaValidatorTest" assertions="1" time="0.005141"/>
        <testcase name="it_validates_unique_array_items" file="/home/jeremyfall/Internal/JTD-Packages/laravel-mcp.git/main/tests/Unit/Support/SchemaValidatorTest.php" line="163" class="JTD\LaravelMCP\Tests\Unit\Support\SchemaValidatorTest" classname="JTD.LaravelMCP.Tests.Unit.Support.SchemaValidatorTest" assertions="1" time="0.004978"/>
        <testcase name="it_validates_string_with_format_email" file="/home/jeremyfall/Internal/JTD-Packages/laravel-mcp.git/main/tests/Unit/Support/SchemaValidatorTest.php" line="260" class="JTD\LaravelMCP\Tests\Unit\Support\SchemaValidatorTest" classname="JTD.LaravelMCP.Tests.Unit.Support.SchemaValidatorTest" assertions="1" time="0.005569"/>
        <testcase name="it_creates_schema_from_laravel_rules" file="/home/jeremyfall/Internal/JTD-Packages/laravel-mcp.git/main/tests/Unit/Support/SchemaValidatorTest.php" line="367" class="JTD\LaravelMCP\Tests\Unit\Support\SchemaValidatorTest" classname="JTD.LaravelMCP.Tests.Unit.Support.SchemaValidatorTest" assertions="9" time="0.006141"/>
      </testsuite>
      <testsuite name="JTD\LaravelMCP\Tests\Unit\Traits\FormatsResponsesTest" file="/home/jeremyfall/Internal/JTD-Packages/laravel-mcp.git/main/tests/Unit/Traits/FormatsResponsesTest.php" tests="28" assertions="80" errors="0" failures="0" skipped="0" time="0.151711">
        <testcase name="it_formats_success_response_with_meta" file="/home/jeremyfall/Internal/JTD-Packages/laravel-mcp.git/main/tests/Unit/Traits/FormatsResponsesTest.php" line="103" class="JTD\LaravelMCP\Tests\Unit\Traits\FormatsResponsesTest" classname="JTD.LaravelMCP.Tests.Unit.Traits.FormatsResponsesTest" assertions="3" time="0.005297"/>
        <testcase name="it_formats_resource_read_response" file="/home/jeremyfall/Internal/JTD-Packages/laravel-mcp.git/main/tests/Unit/Traits/FormatsResponsesTest.php" line="138" class="JTD\LaravelMCP\Tests\Unit\Traits\FormatsResponsesTest" classname="JTD.LaravelMCP.Tests.Unit.Traits.FormatsResponsesTest" assertions="4" time="0.005043"/>
        <testcase name="it_formats_json_rpc_response" file="/home/jeremyfall/Internal/JTD-Packages/laravel-mcp.git/main/tests/Unit/Traits/FormatsResponsesTest.php" line="192" class="JTD\LaravelMCP\Tests\Unit\Traits\FormatsResponsesTest" classname="JTD.LaravelMCP.Tests.Unit.Traits.FormatsResponsesTest" assertions="3" time="0.005258"/>
        <testcase name="it_detects_mime_type_for_json" file="/home/jeremyfall/Internal/JTD-Packages/laravel-mcp.git/main/tests/Unit/Traits/FormatsResponsesTest.php" line="226" class="JTD\LaravelMCP\Tests\Unit\Traits\FormatsResponsesTest" classname="JTD.LaravelMCP.Tests.Unit.Traits.FormatsResponsesTest" assertions="1" time="0.005301"/>
        <testcase name="it_detects_mime_type_for_xml" file="/home/jeremyfall/Internal/JTD-Packages/laravel-mcp.git/main/tests/Unit/Traits/FormatsResponsesTest.php" line="244" class="JTD\LaravelMCP\Tests\Unit\Traits\FormatsResponsesTest" classname="JTD.LaravelMCP.Tests.Unit.Traits.FormatsResponsesTest" assertions="1" time="0.005291"/>
        <testcase name="it_detects_mime_type_for_plain_text" file="/home/jeremyfall/Internal/JTD-Packages/laravel-mcp.git/main/tests/Unit/Traits/FormatsResponsesTest.php" line="253" class="JTD\LaravelMCP\Tests\Unit\Traits\FormatsResponsesTest" classname="JTD.LaravelMCP.Tests.Unit.Traits.FormatsResponsesTest" assertions="1" time="0.005379"/>
        <testcase name="it_strips_sensitive_data" file="/home/jeremyfall/Internal/JTD-Packages/laravel-mcp.git/main/tests/Unit/Traits/FormatsResponsesTest.php" line="288" class="JTD\LaravelMCP\Tests\Unit\Traits\FormatsResponsesTest" classname="JTD.LaravelMCP.Tests.Unit.Traits.FormatsResponsesTest" assertions="5" time="0.005463"/>
        <testcase name="it_does_not_add_cors_headers_when_disabled" file="/home/jeremyfall/Internal/JTD-Packages/laravel-mcp.git/main/tests/Unit/Traits/FormatsResponsesTest.php" line="325" class="JTD\LaravelMCP\Tests\Unit\Traits\FormatsResponsesTest" classname="JTD.LaravelMCP.Tests.Unit.Traits.FormatsResponsesTest" assertions="1" time="0.005461"/>
        <testcase name="it_formats_batch_response" file="/home/jeremyfall/Internal/JTD-Packages/laravel-mcp.git/main/tests/Unit/Traits/FormatsResponsesTest.php" line="369" class="JTD\LaravelMCP\Tests\Unit\Traits\FormatsResponsesTest" classname="JTD.LaravelMCP.Tests.Unit.Traits.FormatsResponsesTest" assertions="4" time="0.005255"/>
        <testcase name="it_formats_data_with_laravel_models" file="/home/jeremyfall/Internal/JTD-Packages/laravel-mcp.git/main/tests/Unit/Traits/FormatsResponsesTest.php" line="386" class="JTD\LaravelMCP\Tests\Unit\Traits\FormatsResponsesTest" classname="JTD.LaravelMCP.Tests.Unit.Traits.FormatsResponsesTest" assertions="1" time="0.005276"/>
        <testcase name="it_formats_data_with_json_serializable" file="/home/jeremyfall/Internal/JTD-Packages/laravel-mcp.git/main/tests/Unit/Traits/FormatsResponsesTest.php" line="402" class="JTD\LaravelMCP\Tests\Unit\Traits\FormatsResponsesTest" classname="JTD.LaravelMCP.Tests.Unit.Traits.FormatsResponsesTest" assertions="1" time="0.005242"/>
        <testcase name="it_formats_resource_list_item_from_array" file="/home/jeremyfall/Internal/JTD-Packages/laravel-mcp.git/main/tests/Unit/Traits/FormatsResponsesTest.php" line="418" class="JTD\LaravelMCP\Tests\Unit\Traits\FormatsResponsesTest" classname="JTD.LaravelMCP.Tests.Unit.Traits.FormatsResponsesTest" assertions="4" time="0.005538"/>
        <testcase name="it_formats_resource_list_item_from_object" file="/home/jeremyfall/Internal/JTD-Packages/laravel-mcp.git/main/tests/Unit/Traits/FormatsResponsesTest.php" line="436" class="JTD\LaravelMCP\Tests\Unit\Traits\FormatsResponsesTest" classname="JTD.LaravelMCP.Tests.Unit.Traits.FormatsResponsesTest" assertions="2" time="0.005268"/>
        <testcase name="it_formats_success_response" file="/home/jeremyfall/Internal/JTD-Packages/laravel-mcp.git/main/tests/Unit/Traits/FormatsResponsesTest.php" line="92" class="JTD\LaravelMCP\Tests\Unit\Traits\FormatsResponsesTest" classname="JTD.LaravelMCP.Tests.Unit.Traits.FormatsResponsesTest" assertions="3" time="0.004932"/>
        <testcase name="it_formats_error_response" file="/home/jeremyfall/Internal/JTD-Packages/laravel-mcp.git/main/tests/Unit/Traits/FormatsResponsesTest.php" line="115" class="JTD\LaravelMCP\Tests\Unit\Traits\FormatsResponsesTest" classname="JTD.LaravelMCP.Tests.Unit.Traits.FormatsResponsesTest" assertions="4" time="0.005502"/>
        <testcase name="it_formats_tool_response" file="/home/jeremyfall/Internal/JTD-Packages/laravel-mcp.git/main/tests/Unit/Traits/FormatsResponsesTest.php" line="126" class="JTD\LaravelMCP\Tests\Unit\Traits\FormatsResponsesTest" classname="JTD.LaravelMCP.Tests.Unit.Traits.FormatsResponsesTest" assertions="4" time="0.005644"/>
        <testcase name="it_formats_resource_list_response" file="/home/jeremyfall/Internal/JTD-Packages/laravel-mcp.git/main/tests/Unit/Traits/FormatsResponsesTest.php" line="151" class="JTD\LaravelMCP\Tests\Unit\Traits\FormatsResponsesTest" classname="JTD.LaravelMCP.Tests.Unit.Traits.FormatsResponsesTest" assertions="4" time="0.005537"/>
        <testcase name="it_formats_prompt_response" file="/home/jeremyfall/Internal/JTD-Packages/laravel-mcp.git/main/tests/Unit/Traits/FormatsResponsesTest.php" line="166" class="JTD\LaravelMCP\Tests\Unit\Traits\FormatsResponsesTest" classname="JTD.LaravelMCP.Tests.Unit.Traits.FormatsResponsesTest" assertions="4" time="0.005291"/>
        <testcase name="it_formats_paginated_response" file="/home/jeremyfall/Internal/JTD-Packages/laravel-mcp.git/main/tests/Unit/Traits/FormatsResponsesTest.php" line="178" class="JTD\LaravelMCP\Tests\Unit\Traits\FormatsResponsesTest" classname="JTD.LaravelMCP.Tests.Unit.Traits.FormatsResponsesTest" assertions="6" time="0.005568"/>
        <testcase name="it_converts_to_json_response" file="/home/jeremyfall/Internal/JTD-Packages/laravel-mcp.git/main/tests/Unit/Traits/FormatsResponsesTest.php" line="215" class="JTD\LaravelMCP\Tests\Unit\Traits\FormatsResponsesTest" classname="JTD.LaravelMCP.Tests.Unit.Traits.FormatsResponsesTest" assertions="3" time="0.006406"/>
        <testcase name="it_detects_mime_type_for_html" file="/home/jeremyfall/Internal/JTD-Packages/laravel-mcp.git/main/tests/Unit/Traits/FormatsResponsesTest.php" line="235" class="JTD\LaravelMCP\Tests\Unit\Traits\FormatsResponsesTest" classname="JTD.LaravelMCP.Tests.Unit.Traits.FormatsResponsesTest" assertions="1" time="0.005451"/>
        <testcase name="it_formats_capabilities_response" file="/home/jeremyfall/Internal/JTD-Packages/laravel-mcp.git/main/tests/Unit/Traits/FormatsResponsesTest.php" line="262" class="JTD\LaravelMCP\Tests\Unit\Traits\FormatsResponsesTest" classname="JTD.LaravelMCP.Tests.Unit.Traits.FormatsResponsesTest" assertions="4" time="0.005640"/>
        <testcase name="it_formats_validation_errors" file="/home/jeremyfall/Internal/JTD-Packages/laravel-mcp.git/main/tests/Unit/Traits/FormatsResponsesTest.php" line="273" class="JTD\LaravelMCP\Tests\Unit\Traits\FormatsResponsesTest" classname="JTD.LaravelMCP.Tests.Unit.Traits.FormatsResponsesTest" assertions="4" time="0.005368"/>
        <testcase name="it_adds_cors_headers_when_enabled" file="/home/jeremyfall/Internal/JTD-Packages/laravel-mcp.git/main/tests/Unit/Traits/FormatsResponsesTest.php" line="310" class="JTD\LaravelMCP\Tests\Unit\Traits\FormatsResponsesTest" classname="JTD.LaravelMCP.Tests.Unit.Traits.FormatsResponsesTest" assertions="3" time="0.005582"/>
        <testcase name="it_excludes_timestamp_when_configured" file="/home/jeremyfall/Internal/JTD-Packages/laravel-mcp.git/main/tests/Unit/Traits/FormatsResponsesTest.php" line="346" class="JTD\LaravelMCP\Tests\Unit\Traits\FormatsResponsesTest" classname="JTD.LaravelMCP.Tests.Unit.Traits.FormatsResponsesTest" assertions="1" time="0.005300"/>
        <testcase name="it_includes_debug_info_when_enabled" file="/home/jeremyfall/Internal/JTD-Packages/laravel-mcp.git/main/tests/Unit/Traits/FormatsResponsesTest.php" line="356" class="JTD\LaravelMCP\Tests\Unit\Traits\FormatsResponsesTest" classname="JTD.LaravelMCP.Tests.Unit.Traits.FormatsResponsesTest" assertions="3" time="0.005072"/>
        <testcase name="it_formats_json_rpc_error_response" file="/home/jeremyfall/Internal/JTD-Packages/laravel-mcp.git/main/tests/Unit/Traits/FormatsResponsesTest.php" line="203" class="JTD\LaravelMCP\Tests\Unit\Traits\FormatsResponsesTest" classname="JTD.LaravelMCP.Tests.Unit.Traits.FormatsResponsesTest" assertions="4" time="0.005802"/>
        <testcase name="it_includes_timestamp_when_configured" file="/home/jeremyfall/Internal/JTD-Packages/laravel-mcp.git/main/tests/Unit/Traits/FormatsResponsesTest.php" line="336" class="JTD\LaravelMCP\Tests\Unit\Traits\FormatsResponsesTest" classname="JTD.LaravelMCP.Tests.Unit.Traits.FormatsResponsesTest" assertions="1" time="0.005547"/>
      </testsuite>
      <testsuite name="JTD\LaravelMCP\Tests\Unit\Traits\HandlesMcpRequestsTest" file="/home/jeremyfall/Internal/JTD-Packages/laravel-mcp.git/main/tests/Unit/Traits/HandlesMcpRequestsTest.php" tests="24" assertions="57" errors="0" failures="0" skipped="0" time="0.129556">
        <testcase name="test_process_request_with_mcp_exception" file="/home/jeremyfall/Internal/JTD-Packages/laravel-mcp.git/main/tests/Unit/Traits/HandlesMcpRequestsTest.php" line="72" class="JTD\LaravelMCP\Tests\Unit\Traits\HandlesMcpRequestsTest" classname="JTD.LaravelMCP.Tests.Unit.Traits.HandlesMcpRequestsTest" assertions="5" time="0.005128"/>
        <testcase name="test_create_success_response" file="/home/jeremyfall/Internal/JTD-Packages/laravel-mcp.git/main/tests/Unit/Traits/HandlesMcpRequestsTest.php" line="108" class="JTD\LaravelMCP\Tests\Unit\Traits\HandlesMcpRequestsTest" classname="JTD.LaravelMCP.Tests.Unit.Traits.HandlesMcpRequestsTest" assertions="3" time="0.004773"/>
        <testcase name="test_create_error_response_without_data" file="/home/jeremyfall/Internal/JTD-Packages/laravel-mcp.git/main/tests/Unit/Traits/HandlesMcpRequestsTest.php" line="122" class="JTD\LaravelMCP\Tests\Unit\Traits\HandlesMcpRequestsTest" classname="JTD.LaravelMCP.Tests.Unit.Traits.HandlesMcpRequestsTest" assertions="5" time="0.005198"/>
        <testcase name="test_validate_required_params_all_present" file="/home/jeremyfall/Internal/JTD-Packages/laravel-mcp.git/main/tests/Unit/Traits/HandlesMcpRequestsTest.php" line="149" class="JTD\LaravelMCP\Tests\Unit\Traits\HandlesMcpRequestsTest" classname="JTD.LaravelMCP.Tests.Unit.Traits.HandlesMcpRequestsTest" assertions="1" time="0.005154"/>
        <testcase name="test_validate_required_params_missing" file="/home/jeremyfall/Internal/JTD-Packages/laravel-mcp.git/main/tests/Unit/Traits/HandlesMcpRequestsTest.php" line="162" class="JTD\LaravelMCP\Tests\Unit\Traits\HandlesMcpRequestsTest" classname="JTD.LaravelMCP.Tests.Unit.Traits.HandlesMcpRequestsTest" assertions="3" time="0.005151"/>
        <testcase name="test_extract_params_with_required" file="/home/jeremyfall/Internal/JTD-Packages/laravel-mcp.git/main/tests/Unit/Traits/HandlesMcpRequestsTest.php" line="177" class="JTD\LaravelMCP\Tests\Unit\Traits\HandlesMcpRequestsTest" classname="JTD.LaravelMCP.Tests.Unit.Traits.HandlesMcpRequestsTest" assertions="1" time="0.004889"/>
        <testcase name="test_extract_params_missing_required" file="/home/jeremyfall/Internal/JTD-Packages/laravel-mcp.git/main/tests/Unit/Traits/HandlesMcpRequestsTest.php" line="193" class="JTD\LaravelMCP\Tests\Unit\Traits\HandlesMcpRequestsTest" classname="JTD.LaravelMCP.Tests.Unit.Traits.HandlesMcpRequestsTest" assertions="2" time="0.005082"/>
        <testcase name="test_extract_params_with_defaults" file="/home/jeremyfall/Internal/JTD-Packages/laravel-mcp.git/main/tests/Unit/Traits/HandlesMcpRequestsTest.php" line="210" class="JTD\LaravelMCP\Tests\Unit\Traits\HandlesMcpRequestsTest" classname="JTD.LaravelMCP.Tests.Unit.Traits.HandlesMcpRequestsTest" assertions="1" time="0.005432"/>
        <testcase name="test_validate_param_type_string" file="/home/jeremyfall/Internal/JTD-Packages/laravel-mcp.git/main/tests/Unit/Traits/HandlesMcpRequestsTest.php" line="257" class="JTD\LaravelMCP\Tests\Unit\Traits\HandlesMcpRequestsTest" classname="JTD.LaravelMCP.Tests.Unit.Traits.HandlesMcpRequestsTest" assertions="3" time="0.005676"/>
        <testcase name="test_validate_param_type_integer" file="/home/jeremyfall/Internal/JTD-Packages/laravel-mcp.git/main/tests/Unit/Traits/HandlesMcpRequestsTest.php" line="272" class="JTD\LaravelMCP\Tests\Unit\Traits\HandlesMcpRequestsTest" classname="JTD.LaravelMCP.Tests.Unit.Traits.HandlesMcpRequestsTest" assertions="3" time="0.005369"/>
        <testcase name="test_validate_param_type_object" file="/home/jeremyfall/Internal/JTD-Packages/laravel-mcp.git/main/tests/Unit/Traits/HandlesMcpRequestsTest.php" line="302" class="JTD\LaravelMCP\Tests\Unit\Traits\HandlesMcpRequestsTest" classname="JTD.LaravelMCP.Tests.Unit.Traits.HandlesMcpRequestsTest" assertions="4" time="0.005295"/>
        <testcase name="test_get_component_name" file="/home/jeremyfall/Internal/JTD-Packages/laravel-mcp.git/main/tests/Unit/Traits/HandlesMcpRequestsTest.php" line="321" class="JTD\LaravelMCP\Tests\Unit\Traits\HandlesMcpRequestsTest" classname="JTD.LaravelMCP.Tests.Unit.Traits.HandlesMcpRequestsTest" assertions="2" time="0.005554"/>
        <testcase name="test_log_request_with_debug_enabled" file="/home/jeremyfall/Internal/JTD-Packages/laravel-mcp.git/main/tests/Unit/Traits/HandlesMcpRequestsTest.php" line="333" class="JTD\LaravelMCP\Tests\Unit\Traits\HandlesMcpRequestsTest" classname="JTD.LaravelMCP.Tests.Unit.Traits.HandlesMcpRequestsTest" assertions="1" time="0.005344"/>
        <testcase name="test_log_request_with_debug_disabled" file="/home/jeremyfall/Internal/JTD-Packages/laravel-mcp.git/main/tests/Unit/Traits/HandlesMcpRequestsTest.php" line="345" class="JTD\LaravelMCP\Tests\Unit\Traits\HandlesMcpRequestsTest" classname="JTD.LaravelMCP.Tests.Unit.Traits.HandlesMcpRequestsTest" assertions="1" time="0.005316"/>
        <testcase name="test_log_response_with_debug_enabled" file="/home/jeremyfall/Internal/JTD-Packages/laravel-mcp.git/main/tests/Unit/Traits/HandlesMcpRequestsTest.php" line="357" class="JTD\LaravelMCP\Tests\Unit\Traits\HandlesMcpRequestsTest" classname="JTD.LaravelMCP.Tests.Unit.Traits.HandlesMcpRequestsTest" assertions="1" time="0.005436"/>
        <testcase name="test_error_response_includes_timestamp" file="/home/jeremyfall/Internal/JTD-Packages/laravel-mcp.git/main/tests/Unit/Traits/HandlesMcpRequestsTest.php" line="414" class="JTD\LaravelMCP\Tests\Unit\Traits\HandlesMcpRequestsTest" classname="JTD.LaravelMCP.Tests.Unit.Traits.HandlesMcpRequestsTest" assertions="2" time="0.005510"/>
        <testcase name="test_process_request_success" file="/home/jeremyfall/Internal/JTD-Packages/laravel-mcp.git/main/tests/Unit/Traits/HandlesMcpRequestsTest.php" line="53" class="JTD\LaravelMCP\Tests\Unit\Traits\HandlesMcpRequestsTest" classname="JTD.LaravelMCP.Tests.Unit.Traits.HandlesMcpRequestsTest" assertions="3" time="0.005617"/>
        <testcase name="test_process_request_with_generic_exception" file="/home/jeremyfall/Internal/JTD-Packages/laravel-mcp.git/main/tests/Unit/Traits/HandlesMcpRequestsTest.php" line="90" class="JTD\LaravelMCP\Tests\Unit\Traits\HandlesMcpRequestsTest" classname="JTD.LaravelMCP.Tests.Unit.Traits.HandlesMcpRequestsTest" assertions="5" time="0.006028"/>
        <testcase name="test_create_error_response_with_data" file="/home/jeremyfall/Internal/JTD-Packages/laravel-mcp.git/main/tests/Unit/Traits/HandlesMcpRequestsTest.php" line="136" class="JTD\LaravelMCP\Tests\Unit\Traits\HandlesMcpRequestsTest" classname="JTD.LaravelMCP.Tests.Unit.Traits.HandlesMcpRequestsTest" assertions="2" time="0.005588"/>
        <testcase name="test_validate_param_with_type" file="/home/jeremyfall/Internal/JTD-Packages/laravel-mcp.git/main/tests/Unit/Traits/HandlesMcpRequestsTest.php" line="231" class="JTD\LaravelMCP\Tests\Unit\Traits\HandlesMcpRequestsTest" classname="JTD.LaravelMCP.Tests.Unit.Traits.HandlesMcpRequestsTest" assertions="1" time="0.005440"/>
        <testcase name="test_validate_param_with_custom_validator" file="/home/jeremyfall/Internal/JTD-Packages/laravel-mcp.git/main/tests/Unit/Traits/HandlesMcpRequestsTest.php" line="242" class="JTD\LaravelMCP\Tests\Unit\Traits\HandlesMcpRequestsTest" classname="JTD.LaravelMCP.Tests.Unit.Traits.HandlesMcpRequestsTest" assertions="1" time="0.006216"/>
        <testcase name="test_validate_param_type_array" file="/home/jeremyfall/Internal/JTD-Packages/laravel-mcp.git/main/tests/Unit/Traits/HandlesMcpRequestsTest.php" line="287" class="JTD\LaravelMCP\Tests\Unit\Traits\HandlesMcpRequestsTest" classname="JTD.LaravelMCP.Tests.Unit.Traits.HandlesMcpRequestsTest" assertions="3" time="0.005603"/>
        <testcase name="test_complex_parameter_extraction" file="/home/jeremyfall/Internal/JTD-Packages/laravel-mcp.git/main/tests/Unit/Traits/HandlesMcpRequestsTest.php" line="369" class="JTD\LaravelMCP\Tests\Unit\Traits\HandlesMcpRequestsTest" classname="JTD.LaravelMCP.Tests.Unit.Traits.HandlesMcpRequestsTest" assertions="2" time="0.005347"/>
        <testcase name="test_success_response_includes_timestamp" file="/home/jeremyfall/Internal/JTD-Packages/laravel-mcp.git/main/tests/Unit/Traits/HandlesMcpRequestsTest.php" line="425" class="JTD\LaravelMCP\Tests\Unit\Traits\HandlesMcpRequestsTest" classname="JTD.LaravelMCP.Tests.Unit.Traits.HandlesMcpRequestsTest" assertions="2" time="0.005410"/>
      </testsuite>
      <testsuite name="JTD\LaravelMCP\Tests\Unit\Traits\LogsOperationsTest" file="/home/jeremyfall/Internal/JTD-Packages/laravel-mcp.git/main/tests/Unit/Traits/LogsOperationsTest.php" tests="23" assertions="55" errors="0" failures="0" skipped="0" time="0.133337">
        <testcase name="it_does_not_log_request_when_disabled" file="/home/jeremyfall/Internal/JTD-Packages/laravel-mcp.git/main/tests/Unit/Traits/LogsOperationsTest.php" line="195" class="JTD\LaravelMCP\Tests\Unit\Traits\LogsOperationsTest" classname="JTD.LaravelMCP.Tests.Unit.Traits.LogsOperationsTest" assertions="1" time="0.006148"/>
        <testcase name="it_calculates_performance_metrics" file="/home/jeremyfall/Internal/JTD-Packages/laravel-mcp.git/main/tests/Unit/Traits/LogsOperationsTest.php" line="280" class="JTD\LaravelMCP\Tests\Unit\Traits\LogsOperationsTest" classname="JTD.LaravelMCP.Tests.Unit.Traits.LogsOperationsTest" assertions="5" time="0.005518"/>
        <testcase name="it_calculates_median_correctly" file="/home/jeremyfall/Internal/JTD-Packages/laravel-mcp.git/main/tests/Unit/Traits/LogsOperationsTest.php" line="393" class="JTD\LaravelMCP\Tests\Unit\Traits\LogsOperationsTest" classname="JTD.LaravelMCP.Tests.Unit.Traits.LogsOperationsTest" assertions="3" time="0.005533"/>
        <testcase name="it_calculates_percentile_correctly" file="/home/jeremyfall/Internal/JTD-Packages/laravel-mcp.git/main/tests/Unit/Traits/LogsOperationsTest.php" line="412" class="JTD\LaravelMCP\Tests\Unit\Traits\LogsOperationsTest" classname="JTD.LaravelMCP.Tests.Unit.Traits.LogsOperationsTest" assertions="3" time="0.005248"/>
        <testcase name="it_limits_performance_samples" file="/home/jeremyfall/Internal/JTD-Packages/laravel-mcp.git/main/tests/Unit/Traits/LogsOperationsTest.php" line="482" class="JTD\LaravelMCP\Tests\Unit\Traits\LogsOperationsTest" classname="JTD.LaravelMCP.Tests.Unit.Traits.LogsOperationsTest" assertions="2" time="0.005655"/>
        <testcase name="it_logs_operation_when_enabled" file="/home/jeremyfall/Internal/JTD-Packages/laravel-mcp.git/main/tests/Unit/Traits/LogsOperationsTest.php" line="75" class="JTD\LaravelMCP\Tests\Unit\Traits\LogsOperationsTest" classname="JTD.LaravelMCP.Tests.Unit.Traits.LogsOperationsTest" assertions="2" time="0.014166"/>
        <testcase name="it_does_not_log_when_disabled" file="/home/jeremyfall/Internal/JTD-Packages/laravel-mcp.git/main/tests/Unit/Traits/LogsOperationsTest.php" line="93" class="JTD\LaravelMCP\Tests\Unit\Traits\LogsOperationsTest" classname="JTD.LaravelMCP.Tests.Unit.Traits.LogsOperationsTest" assertions="1" time="0.005310"/>
        <testcase name="it_logs_operation_start" file="/home/jeremyfall/Internal/JTD-Packages/laravel-mcp.git/main/tests/Unit/Traits/LogsOperationsTest.php" line="103" class="JTD\LaravelMCP\Tests\Unit\Traits\LogsOperationsTest" classname="JTD.LaravelMCP.Tests.Unit.Traits.LogsOperationsTest" assertions="3" time="0.005426"/>
        <testcase name="it_logs_operation_complete_with_duration" file="/home/jeremyfall/Internal/JTD-Packages/laravel-mcp.git/main/tests/Unit/Traits/LogsOperationsTest.php" line="126" class="JTD\LaravelMCP\Tests\Unit\Traits\LogsOperationsTest" classname="JTD.LaravelMCP.Tests.Unit.Traits.LogsOperationsTest" assertions="2" time="0.005322"/>
        <testcase name="it_logs_request_when_enabled" file="/home/jeremyfall/Internal/JTD-Packages/laravel-mcp.git/main/tests/Unit/Traits/LogsOperationsTest.php" line="177" class="JTD\LaravelMCP\Tests\Unit\Traits\LogsOperationsTest" classname="JTD.LaravelMCP.Tests.Unit.Traits.LogsOperationsTest" assertions="2" time="0.005534"/>
        <testcase name="it_logs_response_when_enabled" file="/home/jeremyfall/Internal/JTD-Packages/laravel-mcp.git/main/tests/Unit/Traits/LogsOperationsTest.php" line="205" class="JTD\LaravelMCP\Tests\Unit\Traits\LogsOperationsTest" classname="JTD.LaravelMCP.Tests.Unit.Traits.LogsOperationsTest" assertions="2" time="0.005402"/>
        <testcase name="it_logs_validation_failure" file="/home/jeremyfall/Internal/JTD-Packages/laravel-mcp.git/main/tests/Unit/Traits/LogsOperationsTest.php" line="223" class="JTD\LaravelMCP\Tests\Unit\Traits\LogsOperationsTest" classname="JTD.LaravelMCP.Tests.Unit.Traits.LogsOperationsTest" assertions="2" time="0.005741"/>
        <testcase name="it_logs_authorization_failure" file="/home/jeremyfall/Internal/JTD-Packages/laravel-mcp.git/main/tests/Unit/Traits/LogsOperationsTest.php" line="244" class="JTD\LaravelMCP\Tests\Unit\Traits\LogsOperationsTest" classname="JTD.LaravelMCP.Tests.Unit.Traits.LogsOperationsTest" assertions="2" time="0.005869"/>
        <testcase name="it_tracks_performance_when_enabled" file="/home/jeremyfall/Internal/JTD-Packages/laravel-mcp.git/main/tests/Unit/Traits/LogsOperationsTest.php" line="263" class="JTD\LaravelMCP\Tests\Unit\Traits\LogsOperationsTest" classname="JTD.LaravelMCP.Tests.Unit.Traits.LogsOperationsTest" assertions="2" time="0.005159"/>
        <testcase name="it_sanitizes_sensitive_data_for_logging" file="/home/jeremyfall/Internal/JTD-Packages/laravel-mcp.git/main/tests/Unit/Traits/LogsOperationsTest.php" line="301" class="JTD\LaravelMCP\Tests\Unit\Traits\LogsOperationsTest" classname="JTD.LaravelMCP.Tests.Unit.Traits.LogsOperationsTest" assertions="5" time="0.005282"/>
        <testcase name="it_logs_debug_when_enabled" file="/home/jeremyfall/Internal/JTD-Packages/laravel-mcp.git/main/tests/Unit/Traits/LogsOperationsTest.php" line="323" class="JTD\LaravelMCP\Tests\Unit\Traits\LogsOperationsTest" classname="JTD.LaravelMCP.Tests.Unit.Traits.LogsOperationsTest" assertions="2" time="0.005200"/>
        <testcase name="it_logs_registration" file="/home/jeremyfall/Internal/JTD-Packages/laravel-mcp.git/main/tests/Unit/Traits/LogsOperationsTest.php" line="342" class="JTD\LaravelMCP\Tests\Unit\Traits\LogsOperationsTest" classname="JTD.LaravelMCP.Tests.Unit.Traits.LogsOperationsTest" assertions="2" time="0.005040"/>
        <testcase name="it_generates_unique_request_id" file="/home/jeremyfall/Internal/JTD-Packages/laravel-mcp.git/main/tests/Unit/Traits/LogsOperationsTest.php" line="363" class="JTD\LaravelMCP\Tests\Unit\Traits\LogsOperationsTest" classname="JTD.LaravelMCP.Tests.Unit.Traits.LogsOperationsTest" assertions="3" time="0.005313"/>
        <testcase name="it_calculates_data_size" file="/home/jeremyfall/Internal/JTD-Packages/laravel-mcp.git/main/tests/Unit/Traits/LogsOperationsTest.php" line="377" class="JTD\LaravelMCP\Tests\Unit\Traits\LogsOperationsTest" classname="JTD.LaravelMCP.Tests.Unit.Traits.LogsOperationsTest" assertions="3" time="0.005056"/>
        <testcase name="it_sets_custom_log_channel" file="/home/jeremyfall/Internal/JTD-Packages/laravel-mcp.git/main/tests/Unit/Traits/LogsOperationsTest.php" line="430" class="JTD\LaravelMCP\Tests\Unit\Traits\LogsOperationsTest" classname="JTD.LaravelMCP.Tests.Unit.Traits.LogsOperationsTest" assertions="2" time="0.005386"/>
        <testcase name="it_clears_performance_data" file="/home/jeremyfall/Internal/JTD-Packages/laravel-mcp.git/main/tests/Unit/Traits/LogsOperationsTest.php" line="447" class="JTD\LaravelMCP\Tests\Unit\Traits\LogsOperationsTest" classname="JTD.LaravelMCP.Tests.Unit.Traits.LogsOperationsTest" assertions="1" time="0.005237"/>
        <testcase name="it_respects_log_level_configuration" file="/home/jeremyfall/Internal/JTD-Packages/laravel-mcp.git/main/tests/Unit/Traits/LogsOperationsTest.php" line="462" class="JTD\LaravelMCP\Tests\Unit\Traits\LogsOperationsTest" classname="JTD.LaravelMCP.Tests.Unit.Traits.LogsOperationsTest" assertions="3" time="0.005155"/>
        <testcase name="it_logs_operation_error" file="/home/jeremyfall/Internal/JTD-Packages/laravel-mcp.git/main/tests/Unit/Traits/LogsOperationsTest.php" line="152" class="JTD\LaravelMCP\Tests\Unit\Traits\LogsOperationsTest" classname="JTD.LaravelMCP.Tests.Unit.Traits.LogsOperationsTest" assertions="2" time="0.005635"/>
      </testsuite>
      <testsuite name="JTD\LaravelMCP\Tests\Unit\Traits\ManagesCapabilitiesTest" file="/home/jeremyfall/Internal/JTD-Packages/laravel-mcp.git/main/tests/Unit/Traits/ManagesCapabilitiesTest.php" tests="25" assertions="57" errors="0" failures="0" skipped="0" time="0.130314">
        <testcase name="it_gets_default_capabilities" file="/home/jeremyfall/Internal/JTD-Packages/laravel-mcp.git/main/tests/Unit/Traits/ManagesCapabilitiesTest.php" line="44" class="JTD\LaravelMCP\Tests\Unit\Traits\ManagesCapabilitiesTest" classname="JTD.LaravelMCP.Tests.Unit.Traits.ManagesCapabilitiesTest" assertions="2" time="0.004976"/>
        <testcase name="it_adds_capability" file="/home/jeremyfall/Internal/JTD-Packages/laravel-mcp.git/main/tests/Unit/Traits/ManagesCapabilitiesTest.php" line="52" class="JTD\LaravelMCP\Tests\Unit\Traits\ManagesCapabilitiesTest" classname="JTD.LaravelMCP.Tests.Unit.Traits.ManagesCapabilitiesTest" assertions="2" time="0.004976"/>
        <testcase name="it_prevents_duplicate_capabilities" file="/home/jeremyfall/Internal/JTD-Packages/laravel-mcp.git/main/tests/Unit/Traits/ManagesCapabilitiesTest.php" line="61" class="JTD\LaravelMCP\Tests\Unit\Traits\ManagesCapabilitiesTest" classname="JTD.LaravelMCP.Tests.Unit.Traits.ManagesCapabilitiesTest" assertions="1" time="0.005274"/>
        <testcase name="it_removes_capability" file="/home/jeremyfall/Internal/JTD-Packages/laravel-mcp.git/main/tests/Unit/Traits/ManagesCapabilitiesTest.php" line="72" class="JTD\LaravelMCP\Tests\Unit\Traits\ManagesCapabilitiesTest" classname="JTD.LaravelMCP.Tests.Unit.Traits.ManagesCapabilitiesTest" assertions="2" time="0.005041"/>
        <testcase name="it_sets_capabilities_replacing_existing" file="/home/jeremyfall/Internal/JTD-Packages/laravel-mcp.git/main/tests/Unit/Traits/ManagesCapabilitiesTest.php" line="84" class="JTD\LaravelMCP\Tests\Unit\Traits\ManagesCapabilitiesTest" classname="JTD.LaravelMCP.Tests.Unit.Traits.ManagesCapabilitiesTest" assertions="3" time="0.004885"/>
        <testcase name="it_gets_tool_default_capabilities" file="/home/jeremyfall/Internal/JTD-Packages/laravel-mcp.git/main/tests/Unit/Traits/ManagesCapabilitiesTest.php" line="96" class="JTD\LaravelMCP\Tests\Unit\Traits\ManagesCapabilitiesTest" classname="JTD.LaravelMCP.Tests.Unit.Traits.ManagesCapabilitiesTest" assertions="1" time="0.004678"/>
        <testcase name="it_gets_resource_default_capabilities" file="/home/jeremyfall/Internal/JTD-Packages/laravel-mcp.git/main/tests/Unit/Traits/ManagesCapabilitiesTest.php" line="113" class="JTD\LaravelMCP\Tests\Unit\Traits\ManagesCapabilitiesTest" classname="JTD.LaravelMCP.Tests.Unit.Traits.ManagesCapabilitiesTest" assertions="2" time="0.004980"/>
        <testcase name="it_checks_capability_existence" file="/home/jeremyfall/Internal/JTD-Packages/laravel-mcp.git/main/tests/Unit/Traits/ManagesCapabilitiesTest.php" line="153" class="JTD\LaravelMCP\Tests\Unit\Traits\ManagesCapabilitiesTest" classname="JTD.LaravelMCP.Tests.Unit.Traits.ManagesCapabilitiesTest" assertions="2" time="0.004929"/>
        <testcase name="it_gets_capabilities_array" file="/home/jeremyfall/Internal/JTD-Packages/laravel-mcp.git/main/tests/Unit/Traits/ManagesCapabilitiesTest.php" line="162" class="JTD\LaravelMCP\Tests\Unit\Traits\ManagesCapabilitiesTest" classname="JTD.LaravelMCP.Tests.Unit.Traits.ManagesCapabilitiesTest" assertions="4" time="0.005170"/>
        <testcase name="it_checks_operation_support" file="/home/jeremyfall/Internal/JTD-Packages/laravel-mcp.git/main/tests/Unit/Traits/ManagesCapabilitiesTest.php" line="214" class="JTD\LaravelMCP\Tests\Unit\Traits\ManagesCapabilitiesTest" classname="JTD.LaravelMCP.Tests.Unit.Traits.ManagesCapabilitiesTest" assertions="2" time="0.005386"/>
        <testcase name="it_enables_subscription_capability" file="/home/jeremyfall/Internal/JTD-Packages/laravel-mcp.git/main/tests/Unit/Traits/ManagesCapabilitiesTest.php" line="223" class="JTD\LaravelMCP\Tests\Unit\Traits\ManagesCapabilitiesTest" classname="JTD.LaravelMCP.Tests.Unit.Traits.ManagesCapabilitiesTest" assertions="2" time="0.005146"/>
        <testcase name="it_disables_subscription_capability" file="/home/jeremyfall/Internal/JTD-Packages/laravel-mcp.git/main/tests/Unit/Traits/ManagesCapabilitiesTest.php" line="232" class="JTD\LaravelMCP\Tests\Unit\Traits\ManagesCapabilitiesTest" classname="JTD.LaravelMCP.Tests.Unit.Traits.ManagesCapabilitiesTest" assertions="2" time="0.005230"/>
        <testcase name="it_gets_capability_metadata" file="/home/jeremyfall/Internal/JTD-Packages/laravel-mcp.git/main/tests/Unit/Traits/ManagesCapabilitiesTest.php" line="242" class="JTD\LaravelMCP\Tests\Unit\Traits\ManagesCapabilitiesTest" classname="JTD.LaravelMCP.Tests.Unit.Traits.ManagesCapabilitiesTest" assertions="6" time="0.005267"/>
        <testcase name="it_detects_tool_component_type" file="/home/jeremyfall/Internal/JTD-Packages/laravel-mcp.git/main/tests/Unit/Traits/ManagesCapabilitiesTest.php" line="257" class="JTD\LaravelMCP\Tests\Unit\Traits\ManagesCapabilitiesTest" classname="JTD.LaravelMCP.Tests.Unit.Traits.ManagesCapabilitiesTest" assertions="1" time="0.005291"/>
        <testcase name="it_detects_resource_component_type" file="/home/jeremyfall/Internal/JTD-Packages/laravel-mcp.git/main/tests/Unit/Traits/ManagesCapabilitiesTest.php" line="274" class="JTD\LaravelMCP\Tests\Unit\Traits\ManagesCapabilitiesTest" classname="JTD.LaravelMCP.Tests.Unit.Traits.ManagesCapabilitiesTest" assertions="1" time="0.005161"/>
        <testcase name="it_validates_tool_capabilities" file="/home/jeremyfall/Internal/JTD-Packages/laravel-mcp.git/main/tests/Unit/Traits/ManagesCapabilitiesTest.php" line="313" class="JTD\LaravelMCP\Tests\Unit\Traits\ManagesCapabilitiesTest" classname="JTD.LaravelMCP.Tests.Unit.Traits.ManagesCapabilitiesTest" assertions="3" time="0.005747"/>
        <testcase name="it_handles_unknown_component_type" file="/home/jeremyfall/Internal/JTD-Packages/laravel-mcp.git/main/tests/Unit/Traits/ManagesCapabilitiesTest.php" line="393" class="JTD\LaravelMCP\Tests\Unit\Traits\ManagesCapabilitiesTest" classname="JTD.LaravelMCP.Tests.Unit.Traits.ManagesCapabilitiesTest" assertions="3" time="0.005406"/>
        <testcase name="it_returns_self_for_fluent_interface" file="/home/jeremyfall/Internal/JTD-Packages/laravel-mcp.git/main/tests/Unit/Traits/ManagesCapabilitiesTest.php" line="429" class="JTD\LaravelMCP\Tests\Unit\Traits\ManagesCapabilitiesTest" classname="JTD.LaravelMCP.Tests.Unit.Traits.ManagesCapabilitiesTest" assertions="5" time="0.005424"/>
        <testcase name="it_gets_prompt_default_capabilities" file="/home/jeremyfall/Internal/JTD-Packages/laravel-mcp.git/main/tests/Unit/Traits/ManagesCapabilitiesTest.php" line="136" class="JTD\LaravelMCP\Tests\Unit\Traits\ManagesCapabilitiesTest" classname="JTD.LaravelMCP.Tests.Unit.Traits.ManagesCapabilitiesTest" assertions="1" time="0.005254"/>
        <testcase name="it_gets_supported_operations_for_tool" file="/home/jeremyfall/Internal/JTD-Packages/laravel-mcp.git/main/tests/Unit/Traits/ManagesCapabilitiesTest.php" line="174" class="JTD\LaravelMCP\Tests\Unit\Traits\ManagesCapabilitiesTest" classname="JTD.LaravelMCP.Tests.Unit.Traits.ManagesCapabilitiesTest" assertions="1" time="0.005538"/>
        <testcase name="it_gets_supported_operations_for_resource" file="/home/jeremyfall/Internal/JTD-Packages/laravel-mcp.git/main/tests/Unit/Traits/ManagesCapabilitiesTest.php" line="191" class="JTD\LaravelMCP\Tests\Unit\Traits\ManagesCapabilitiesTest" classname="JTD.LaravelMCP.Tests.Unit.Traits.ManagesCapabilitiesTest" assertions="2" time="0.005387"/>
        <testcase name="it_detects_prompt_component_type" file="/home/jeremyfall/Internal/JTD-Packages/laravel-mcp.git/main/tests/Unit/Traits/ManagesCapabilitiesTest.php" line="296" class="JTD\LaravelMCP\Tests\Unit\Traits\ManagesCapabilitiesTest" classname="JTD.LaravelMCP.Tests.Unit.Traits.ManagesCapabilitiesTest" assertions="1" time="0.005305"/>
        <testcase name="it_validates_resource_capabilities" file="/home/jeremyfall/Internal/JTD-Packages/laravel-mcp.git/main/tests/Unit/Traits/ManagesCapabilitiesTest.php" line="338" class="JTD\LaravelMCP\Tests\Unit\Traits\ManagesCapabilitiesTest" classname="JTD.LaravelMCP.Tests.Unit.Traits.ManagesCapabilitiesTest" assertions="3" time="0.005269"/>
        <testcase name="it_validates_prompt_capabilities" file="/home/jeremyfall/Internal/JTD-Packages/laravel-mcp.git/main/tests/Unit/Traits/ManagesCapabilitiesTest.php" line="368" class="JTD\LaravelMCP\Tests\Unit\Traits\ManagesCapabilitiesTest" classname="JTD.LaravelMCP.Tests.Unit.Traits.ManagesCapabilitiesTest" assertions="3" time="0.005410"/>
        <testcase name="it_merges_default_and_custom_capabilities" file="/home/jeremyfall/Internal/JTD-Packages/laravel-mcp.git/main/tests/Unit/Traits/ManagesCapabilitiesTest.php" line="409" class="JTD\LaravelMCP\Tests\Unit\Traits\ManagesCapabilitiesTest" classname="JTD.LaravelMCP.Tests.Unit.Traits.ManagesCapabilitiesTest" assertions="2" time="0.005187"/>
      </testsuite>
      <testsuite name="JTD\LaravelMCP\Tests\Unit\Traits\ValidatesParametersTest" file="/home/jeremyfall/Internal/JTD-Packages/laravel-mcp.git/main/tests/Unit/Traits/ValidatesParametersTest.php" tests="24" assertions="70" errors="0" failures="0" skipped="0" time="0.126457">
        <testcase name="test_validate_schema_with_valid_params" file="/home/jeremyfall/Internal/JTD-Packages/laravel-mcp.git/main/tests/Unit/Traits/ValidatesParametersTest.php" line="53" class="JTD\LaravelMCP\Tests\Unit\Traits\ValidatesParametersTest" classname="JTD.LaravelMCP.Tests.Unit.Traits.ValidatesParametersTest" assertions="1" time="0.004928"/>
        <testcase name="test_validate_schema_missing_required" file="/home/jeremyfall/Internal/JTD-Packages/laravel-mcp.git/main/tests/Unit/Traits/ValidatesParametersTest.php" line="75" class="JTD\LaravelMCP\Tests\Unit\Traits\ValidatesParametersTest" classname="JTD.LaravelMCP.Tests.Unit.Traits.ValidatesParametersTest" assertions="2" time="0.004867"/>
        <testcase name="test_validate_schema_with_defaults" file="/home/jeremyfall/Internal/JTD-Packages/laravel-mcp.git/main/tests/Unit/Traits/ValidatesParametersTest.php" line="93" class="JTD\LaravelMCP\Tests\Unit\Traits\ValidatesParametersTest" classname="JTD.LaravelMCP.Tests.Unit.Traits.ValidatesParametersTest" assertions="1" time="0.005218"/>
        <testcase name="test_validate_field_type_string" file="/home/jeremyfall/Internal/JTD-Packages/laravel-mcp.git/main/tests/Unit/Traits/ValidatesParametersTest.php" line="115" class="JTD\LaravelMCP\Tests\Unit\Traits\ValidatesParametersTest" classname="JTD.LaravelMCP.Tests.Unit.Traits.ValidatesParametersTest" assertions="3" time="0.004718"/>
        <testcase name="test_validate_field_type_integer" file="/home/jeremyfall/Internal/JTD-Packages/laravel-mcp.git/main/tests/Unit/Traits/ValidatesParametersTest.php" line="130" class="JTD\LaravelMCP\Tests\Unit\Traits\ValidatesParametersTest" classname="JTD.LaravelMCP.Tests.Unit.Traits.ValidatesParametersTest" assertions="4" time="0.004873"/>
        <testcase name="test_validate_field_type_number" file="/home/jeremyfall/Internal/JTD-Packages/laravel-mcp.git/main/tests/Unit/Traits/ValidatesParametersTest.php" line="149" class="JTD\LaravelMCP\Tests\Unit\Traits\ValidatesParametersTest" classname="JTD.LaravelMCP.Tests.Unit.Traits.ValidatesParametersTest" assertions="3" time="0.004959"/>
        <testcase name="test_validate_field_type_boolean" file="/home/jeremyfall/Internal/JTD-Packages/laravel-mcp.git/main/tests/Unit/Traits/ValidatesParametersTest.php" line="166" class="JTD\LaravelMCP\Tests\Unit\Traits\ValidatesParametersTest" classname="JTD.LaravelMCP.Tests.Unit.Traits.ValidatesParametersTest" assertions="3" time="0.004584"/>
        <testcase name="test_validate_field_type_array" file="/home/jeremyfall/Internal/JTD-Packages/laravel-mcp.git/main/tests/Unit/Traits/ValidatesParametersTest.php" line="182" class="JTD\LaravelMCP\Tests\Unit\Traits\ValidatesParametersTest" classname="JTD.LaravelMCP.Tests.Unit.Traits.ValidatesParametersTest" assertions="3" time="0.004986"/>
        <testcase name="test_validate_field_type_object" file="/home/jeremyfall/Internal/JTD-Packages/laravel-mcp.git/main/tests/Unit/Traits/ValidatesParametersTest.php" line="197" class="JTD\LaravelMCP\Tests\Unit\Traits\ValidatesParametersTest" classname="JTD.LaravelMCP.Tests.Unit.Traits.ValidatesParametersTest" assertions="3" time="0.004610"/>
        <testcase name="test_validate_field_type_null" file="/home/jeremyfall/Internal/JTD-Packages/laravel-mcp.git/main/tests/Unit/Traits/ValidatesParametersTest.php" line="215" class="JTD\LaravelMCP\Tests\Unit\Traits\ValidatesParametersTest" classname="JTD.LaravelMCP.Tests.Unit.Traits.ValidatesParametersTest" assertions="3" time="0.004886"/>
        <testcase name="test_validate_field_format_email" file="/home/jeremyfall/Internal/JTD-Packages/laravel-mcp.git/main/tests/Unit/Traits/ValidatesParametersTest.php" line="230" class="JTD\LaravelMCP\Tests\Unit\Traits\ValidatesParametersTest" classname="JTD.LaravelMCP.Tests.Unit.Traits.ValidatesParametersTest" assertions="3" time="0.005612"/>
        <testcase name="test_validate_field_format_url" file="/home/jeremyfall/Internal/JTD-Packages/laravel-mcp.git/main/tests/Unit/Traits/ValidatesParametersTest.php" line="245" class="JTD\LaravelMCP\Tests\Unit\Traits\ValidatesParametersTest" classname="JTD.LaravelMCP.Tests.Unit.Traits.ValidatesParametersTest" assertions="3" time="0.005117"/>
        <testcase name="test_validate_field_format_uuid" file="/home/jeremyfall/Internal/JTD-Packages/laravel-mcp.git/main/tests/Unit/Traits/ValidatesParametersTest.php" line="293" class="JTD\LaravelMCP\Tests\Unit\Traits\ValidatesParametersTest" classname="JTD.LaravelMCP.Tests.Unit.Traits.ValidatesParametersTest" assertions="3" time="0.005044"/>
        <testcase name="test_validate_field_length_string" file="/home/jeremyfall/Internal/JTD-Packages/laravel-mcp.git/main/tests/Unit/Traits/ValidatesParametersTest.php" line="309" class="JTD\LaravelMCP\Tests\Unit\Traits\ValidatesParametersTest" classname="JTD.LaravelMCP.Tests.Unit.Traits.ValidatesParametersTest" assertions="3" time="0.005106"/>
        <testcase name="test_validate_field_length_array" file="/home/jeremyfall/Internal/JTD-Packages/laravel-mcp.git/main/tests/Unit/Traits/ValidatesParametersTest.php" line="326" class="JTD\LaravelMCP\Tests\Unit\Traits\ValidatesParametersTest" classname="JTD.LaravelMCP.Tests.Unit.Traits.ValidatesParametersTest" assertions="3" time="0.005019"/>
        <testcase name="test_validate_field_range" file="/home/jeremyfall/Internal/JTD-Packages/laravel-mcp.git/main/tests/Unit/Traits/ValidatesParametersTest.php" line="343" class="JTD\LaravelMCP\Tests\Unit\Traits\ValidatesParametersTest" classname="JTD.LaravelMCP.Tests.Unit.Traits.ValidatesParametersTest" assertions="3" time="0.004967"/>
        <testcase name="test_validate_field_enum" file="/home/jeremyfall/Internal/JTD-Packages/laravel-mcp.git/main/tests/Unit/Traits/ValidatesParametersTest.php" line="360" class="JTD\LaravelMCP\Tests\Unit\Traits\ValidatesParametersTest" classname="JTD.LaravelMCP.Tests.Unit.Traits.ValidatesParametersTest" assertions="3" time="0.004827"/>
        <testcase name="test_validate_field_with_custom_validator" file="/home/jeremyfall/Internal/JTD-Packages/laravel-mcp.git/main/tests/Unit/Traits/ValidatesParametersTest.php" line="394" class="JTD\LaravelMCP\Tests\Unit\Traits\ValidatesParametersTest" classname="JTD.LaravelMCP.Tests.Unit.Traits.ValidatesParametersTest" assertions="5" time="0.010239"/>
        <testcase name="test_get_validation_error_summary" file="/home/jeremyfall/Internal/JTD-Packages/laravel-mcp.git/main/tests/Unit/Traits/ValidatesParametersTest.php" line="476" class="JTD\LaravelMCP\Tests\Unit\Traits\ValidatesParametersTest" classname="JTD.LaravelMCP.Tests.Unit.Traits.ValidatesParametersTest" assertions="3" time="0.005172"/>
        <testcase name="test_validate_field_format_uri" file="/home/jeremyfall/Internal/JTD-Packages/laravel-mcp.git/main/tests/Unit/Traits/ValidatesParametersTest.php" line="260" class="JTD\LaravelMCP\Tests\Unit\Traits\ValidatesParametersTest" classname="JTD.LaravelMCP.Tests.Unit.Traits.ValidatesParametersTest" assertions="4" time="0.005743"/>
        <testcase name="test_validate_field_format_datetime" file="/home/jeremyfall/Internal/JTD-Packages/laravel-mcp.git/main/tests/Unit/Traits/ValidatesParametersTest.php" line="278" class="JTD\LaravelMCP\Tests\Unit\Traits\ValidatesParametersTest" classname="JTD.LaravelMCP.Tests.Unit.Traits.ValidatesParametersTest" assertions="3" time="0.005142"/>
        <testcase name="test_validate_field_pattern" file="/home/jeremyfall/Internal/JTD-Packages/laravel-mcp.git/main/tests/Unit/Traits/ValidatesParametersTest.php" line="377" class="JTD\LaravelMCP\Tests\Unit\Traits\ValidatesParametersTest" classname="JTD.LaravelMCP.Tests.Unit.Traits.ValidatesParametersTest" assertions="3" time="0.005272"/>
        <testcase name="test_complex_schema_validation" file="/home/jeremyfall/Internal/JTD-Packages/laravel-mcp.git/main/tests/Unit/Traits/ValidatesParametersTest.php" line="431" class="JTD\LaravelMCP\Tests\Unit\Traits\ValidatesParametersTest" classname="JTD.LaravelMCP.Tests.Unit.Traits.ValidatesParametersTest" assertions="2" time="0.005260"/>
        <testcase name="test_is_required" file="/home/jeremyfall/Internal/JTD-Packages/laravel-mcp.git/main/tests/Unit/Traits/ValidatesParametersTest.php" line="466" class="JTD\LaravelMCP\Tests\Unit\Traits\ValidatesParametersTest" classname="JTD.LaravelMCP.Tests.Unit.Traits.ValidatesParametersTest" assertions="3" time="0.005307"/>
      </testsuite>
      <testsuite name="Tests\Unit\Support\SchemaDocumenterTest" file="/home/jeremyfall/Internal/JTD-Packages/laravel-mcp.git/main/tests/Unit/Support/SchemaDocumenterTest.php" tests="43" assertions="125" errors="0" failures="0" skipped="0" time="0.008140">
        <testcase name="it_documents_string_schema" file="/home/jeremyfall/Internal/JTD-Packages/laravel-mcp.git/main/tests/Unit/Support/SchemaDocumenterTest.php" line="31" class="Tests\Unit\Support\SchemaDocumenterTest" classname="Tests.Unit.Support.SchemaDocumenterTest" assertions="5" time="0.000228"/>
        <testcase name="it_documents_number_schema" file="/home/jeremyfall/Internal/JTD-Packages/laravel-mcp.git/main/tests/Unit/Support/SchemaDocumenterTest.php" line="48" class="Tests\Unit\Support\SchemaDocumenterTest" classname="Tests.Unit.Support.SchemaDocumenterTest" assertions="4" time="0.000234"/>
        <testcase name="it_documents_integer_schema" file="/home/jeremyfall/Internal/JTD-Packages/laravel-mcp.git/main/tests/Unit/Support/SchemaDocumenterTest.php" line="66" class="Tests\Unit\Support\SchemaDocumenterTest" classname="Tests.Unit.Support.SchemaDocumenterTest" assertions="3" time="0.000211"/>
        <testcase name="it_documents_boolean_schema" file="/home/jeremyfall/Internal/JTD-Packages/laravel-mcp.git/main/tests/Unit/Support/SchemaDocumenterTest.php" line="83" class="Tests\Unit\Support\SchemaDocumenterTest" classname="Tests.Unit.Support.SchemaDocumenterTest" assertions="3" time="0.000233"/>
        <testcase name="it_documents_object_schema_with_properties" file="/home/jeremyfall/Internal/JTD-Packages/laravel-mcp.git/main/tests/Unit/Support/SchemaDocumenterTest.php" line="98" class="Tests\Unit\Support\SchemaDocumenterTest" classname="Tests.Unit.Support.SchemaDocumenterTest" assertions="9" time="0.000300"/>
        <testcase name="it_documents_array_schema" file="/home/jeremyfall/Internal/JTD-Packages/laravel-mcp.git/main/tests/Unit/Support/SchemaDocumenterTest.php" line="136" class="Tests\Unit\Support\SchemaDocumenterTest" classname="Tests.Unit.Support.SchemaDocumenterTest" assertions="5" time="0.000273"/>
        <testcase name="it_documents_array_schema_with_object_items" file="/home/jeremyfall/Internal/JTD-Packages/laravel-mcp.git/main/tests/Unit/Support/SchemaDocumenterTest.php" line="159" class="Tests\Unit\Support\SchemaDocumenterTest" classname="Tests.Unit.Support.SchemaDocumenterTest" assertions="6" time="0.000294"/>
        <testcase name="it_documents_properties_with_empty_properties" file="/home/jeremyfall/Internal/JTD-Packages/laravel-mcp.git/main/tests/Unit/Support/SchemaDocumenterTest.php" line="184" class="Tests\Unit\Support\SchemaDocumenterTest" classname="Tests.Unit.Support.SchemaDocumenterTest" assertions="1" time="0.000172"/>
        <testcase name="it_documents_properties_with_nested_objects" file="/home/jeremyfall/Internal/JTD-Packages/laravel-mcp.git/main/tests/Unit/Support/SchemaDocumenterTest.php" line="192" class="Tests\Unit\Support\SchemaDocumenterTest" classname="Tests.Unit.Support.SchemaDocumenterTest" assertions="6" time="0.000249"/>
        <testcase name="it_documents_properties_with_nested_arrays" file="/home/jeremyfall/Internal/JTD-Packages/laravel-mcp.git/main/tests/Unit/Support/SchemaDocumenterTest.php" line="225" class="Tests\Unit\Support\SchemaDocumenterTest" classname="Tests.Unit.Support.SchemaDocumenterTest" assertions="5" time="0.000257"/>
        <testcase name="it_documents_validation_rules_for_string_type" file="/home/jeremyfall/Internal/JTD-Packages/laravel-mcp.git/main/tests/Unit/Support/SchemaDocumenterTest.php" line="251" class="Tests\Unit\Support\SchemaDocumenterTest" classname="Tests.Unit.Support.SchemaDocumenterTest" assertions="5" time="0.000210"/>
        <testcase name="it_documents_validation_rules_for_number_type" file="/home/jeremyfall/Internal/JTD-Packages/laravel-mcp.git/main/tests/Unit/Support/SchemaDocumenterTest.php" line="272" class="Tests\Unit\Support\SchemaDocumenterTest" classname="Tests.Unit.Support.SchemaDocumenterTest" assertions="5" time="0.000183"/>
        <testcase name="it_documents_validation_rules_for_array_type" file="/home/jeremyfall/Internal/JTD-Packages/laravel-mcp.git/main/tests/Unit/Support/SchemaDocumenterTest.php" line="293" class="Tests\Unit\Support\SchemaDocumenterTest" classname="Tests.Unit.Support.SchemaDocumenterTest" assertions="3" time="0.000202"/>
        <testcase name="it_documents_validation_rules_for_object_type" file="/home/jeremyfall/Internal/JTD-Packages/laravel-mcp.git/main/tests/Unit/Support/SchemaDocumenterTest.php" line="310" class="Tests\Unit\Support\SchemaDocumenterTest" classname="Tests.Unit.Support.SchemaDocumenterTest" assertions="3" time="0.000161"/>
        <testcase name="it_documents_general_validation_rules" file="/home/jeremyfall/Internal/JTD-Packages/laravel-mcp.git/main/tests/Unit/Support/SchemaDocumenterTest.php" line="327" class="Tests\Unit\Support\SchemaDocumenterTest" classname="Tests.Unit.Support.SchemaDocumenterTest" assertions="3" time="0.000198"/>
        <testcase name="it_returns_empty_string_for_no_validation_rules" file="/home/jeremyfall/Internal/JTD-Packages/laravel-mcp.git/main/tests/Unit/Support/SchemaDocumenterTest.php" line="344" class="Tests\Unit\Support\SchemaDocumenterTest" classname="Tests.Unit.Support.SchemaDocumenterTest" assertions="1" time="0.000138"/>
        <testcase name="it_formats_array_type" file="/home/jeremyfall/Internal/JTD-Packages/laravel-mcp.git/main/tests/Unit/Support/SchemaDocumenterTest.php" line="356" class="Tests\Unit\Support\SchemaDocumenterTest" classname="Tests.Unit.Support.SchemaDocumenterTest" assertions="1" time="0.000162"/>
        <testcase name="it_formats_string_type" file="/home/jeremyfall/Internal/JTD-Packages/laravel-mcp.git/main/tests/Unit/Support/SchemaDocumenterTest.php" line="364" class="Tests\Unit\Support\SchemaDocumenterTest" classname="Tests.Unit.Support.SchemaDocumenterTest" assertions="1" time="0.000135"/>
        <testcase name="it_formats_unknown_type" file="/home/jeremyfall/Internal/JTD-Packages/laravel-mcp.git/main/tests/Unit/Support/SchemaDocumenterTest.php" line="372" class="Tests\Unit\Support\SchemaDocumenterTest" classname="Tests.Unit.Support.SchemaDocumenterTest" assertions="1" time="0.000285"/>
        <testcase name="it_generates_example_with_const_value" file="/home/jeremyfall/Internal/JTD-Packages/laravel-mcp.git/main/tests/Unit/Support/SchemaDocumenterTest.php" line="380" class="Tests\Unit\Support\SchemaDocumenterTest" classname="Tests.Unit.Support.SchemaDocumenterTest" assertions="1" time="0.000141"/>
        <testcase name="it_generates_example_with_default_value" file="/home/jeremyfall/Internal/JTD-Packages/laravel-mcp.git/main/tests/Unit/Support/SchemaDocumenterTest.php" line="393" class="Tests\Unit\Support\SchemaDocumenterTest" classname="Tests.Unit.Support.SchemaDocumenterTest" assertions="1" time="0.000158"/>
        <testcase name="it_generates_example_with_enum_value" file="/home/jeremyfall/Internal/JTD-Packages/laravel-mcp.git/main/tests/Unit/Support/SchemaDocumenterTest.php" line="406" class="Tests\Unit\Support\SchemaDocumenterTest" classname="Tests.Unit.Support.SchemaDocumenterTest" assertions="1" time="0.000148"/>
        <testcase name="it_generates_example_for_string_with_format" file="/home/jeremyfall/Internal/JTD-Packages/laravel-mcp.git/main/tests/Unit/Support/SchemaDocumenterTest.php" line="419" class="Tests\Unit\Support\SchemaDocumenterTest" classname="Tests.Unit.Support.SchemaDocumenterTest" assertions="4" time="0.000183"/>
        <testcase name="it_generates_example_for_array" file="/home/jeremyfall/Internal/JTD-Packages/laravel-mcp.git/main/tests/Unit/Support/SchemaDocumenterTest.php" line="438" class="Tests\Unit\Support\SchemaDocumenterTest" classname="Tests.Unit.Support.SchemaDocumenterTest" assertions="1" time="0.000135"/>
        <testcase name="it_generates_example_for_object" file="/home/jeremyfall/Internal/JTD-Packages/laravel-mcp.git/main/tests/Unit/Support/SchemaDocumenterTest.php" line="453" class="Tests\Unit\Support\SchemaDocumenterTest" classname="Tests.Unit.Support.SchemaDocumenterTest" assertions="3" time="0.000157"/>
        <testcase name="it_generates_empty_example_for_null_result" file="/home/jeremyfall/Internal/JTD-Packages/laravel-mcp.git/main/tests/Unit/Support/SchemaDocumenterTest.php" line="475" class="Tests\Unit\Support\SchemaDocumenterTest" classname="Tests.Unit.Support.SchemaDocumenterTest" assertions="1" time="0.000116"/>
        <testcase name="it_returns_empty_string_for_no_example" file="/home/jeremyfall/Internal/JTD-Packages/laravel-mcp.git/main/tests/Unit/Support/SchemaDocumenterTest.php" line="487" class="Tests\Unit\Support\SchemaDocumenterTest" classname="Tests.Unit.Support.SchemaDocumenterTest" assertions="1" time="0.000139"/>
        <testcase name="it_extracts_input_schema_from_metadata" file="/home/jeremyfall/Internal/JTD-Packages/laravel-mcp.git/main/tests/Unit/Support/SchemaDocumenterTest.php" line="499" class="Tests\Unit\Support\SchemaDocumenterTest" classname="Tests.Unit.Support.SchemaDocumenterTest" assertions="1" time="0.000160"/>
        <testcase name="it_returns_null_for_missing_input_schema" file="/home/jeremyfall/Internal/JTD-Packages/laravel-mcp.git/main/tests/Unit/Support/SchemaDocumenterTest.php" line="515" class="Tests\Unit\Support\SchemaDocumenterTest" classname="Tests.Unit.Support.SchemaDocumenterTest" assertions="1" time="0.000171"/>
        <testcase name="it_documents_tool_schema" file="/home/jeremyfall/Internal/JTD-Packages/laravel-mcp.git/main/tests/Unit/Support/SchemaDocumenterTest.php" line="525" class="Tests\Unit\Support\SchemaDocumenterTest" classname="Tests.Unit.Support.SchemaDocumenterTest" assertions="4" time="0.000204"/>
        <testcase name="it_documents_tool_schema_with_no_schema" file="/home/jeremyfall/Internal/JTD-Packages/laravel-mcp.git/main/tests/Unit/Support/SchemaDocumenterTest.php" line="545" class="Tests\Unit\Support\SchemaDocumenterTest" classname="Tests.Unit.Support.SchemaDocumenterTest" assertions="1" time="0.000120"/>
        <testcase name="it_documents_resource_schema" file="/home/jeremyfall/Internal/JTD-Packages/laravel-mcp.git/main/tests/Unit/Support/SchemaDocumenterTest.php" line="555" class="Tests\Unit\Support\SchemaDocumenterTest" classname="Tests.Unit.Support.SchemaDocumenterTest" assertions="4" time="0.000156"/>
        <testcase name="it_documents_resource_schema_with_no_schema" file="/home/jeremyfall/Internal/JTD-Packages/laravel-mcp.git/main/tests/Unit/Support/SchemaDocumenterTest.php" line="575" class="Tests\Unit\Support\SchemaDocumenterTest" classname="Tests.Unit.Support.SchemaDocumenterTest" assertions="1" time="0.000113"/>
        <testcase name="it_documents_prompt_schema" file="/home/jeremyfall/Internal/JTD-Packages/laravel-mcp.git/main/tests/Unit/Support/SchemaDocumenterTest.php" line="585" class="Tests\Unit\Support\SchemaDocumenterTest" classname="Tests.Unit.Support.SchemaDocumenterTest" assertions="4" time="0.000208"/>
        <testcase name="it_documents_prompt_schema_with_no_schema" file="/home/jeremyfall/Internal/JTD-Packages/laravel-mcp.git/main/tests/Unit/Support/SchemaDocumenterTest.php" line="605" class="Tests\Unit\Support\SchemaDocumenterTest" classname="Tests.Unit.Support.SchemaDocumenterTest" assertions="1" time="0.000132"/>
        <testcase name="it_respects_depth_limiting_for_nested_schemas" file="/home/jeremyfall/Internal/JTD-Packages/laravel-mcp.git/main/tests/Unit/Support/SchemaDocumenterTest.php" line="615" class="Tests\Unit\Support\SchemaDocumenterTest" classname="Tests.Unit.Support.SchemaDocumenterTest" assertions="2" time="0.000154"/>
        <testcase name="it_handles_empty_schema" file="/home/jeremyfall/Internal/JTD-Packages/laravel-mcp.git/main/tests/Unit/Support/SchemaDocumenterTest.php" line="641" class="Tests\Unit\Support\SchemaDocumenterTest" classname="Tests.Unit.Support.SchemaDocumenterTest" assertions="1" time="0.000172"/>
        <testcase name="it_handles_invalid_schema_gracefully" file="/home/jeremyfall/Internal/JTD-Packages/laravel-mcp.git/main/tests/Unit/Support/SchemaDocumenterTest.php" line="649" class="Tests\Unit\Support\SchemaDocumenterTest" classname="Tests.Unit.Support.SchemaDocumenterTest" assertions="2" time="0.000161"/>
        <testcase name="it_gets_and_sets_options" file="/home/jeremyfall/Internal/JTD-Packages/laravel-mcp.git/main/tests/Unit/Support/SchemaDocumenterTest.php" line="664" class="Tests\Unit\Support\SchemaDocumenterTest" classname="Tests.Unit.Support.SchemaDocumenterTest" assertions="5" time="0.000206"/>
        <testcase name="it_gets_and_sets_templates" file="/home/jeremyfall/Internal/JTD-Packages/laravel-mcp.git/main/tests/Unit/Support/SchemaDocumenterTest.php" line="680" class="Tests\Unit\Support\SchemaDocumenterTest" classname="Tests.Unit.Support.SchemaDocumenterTest" assertions="5" time="0.000212"/>
        <testcase name="it_disables_validation_rules_when_option_is_false" file="/home/jeremyfall/Internal/JTD-Packages/laravel-mcp.git/main/tests/Unit/Support/SchemaDocumenterTest.php" line="696" class="Tests\Unit\Support\SchemaDocumenterTest" classname="Tests.Unit.Support.SchemaDocumenterTest" assertions="2" time="0.000174"/>
        <testcase name="it_disables_nested_schemas_when_option_is_false" file="/home/jeremyfall/Internal/JTD-Packages/laravel-mcp.git/main/tests/Unit/Support/SchemaDocumenterTest.php" line="713" class="Tests\Unit\Support\SchemaDocumenterTest" classname="Tests.Unit.Support.SchemaDocumenterTest" assertions="2" time="0.000330"/>
        <testcase name="it_generates_markdown_formatted_output" file="/home/jeremyfall/Internal/JTD-Packages/laravel-mcp.git/main/tests/Unit/Support/SchemaDocumenterTest.php" line="733" class="Tests\Unit\Support\SchemaDocumenterTest" classname="Tests.Unit.Support.SchemaDocumenterTest" assertions="6" time="0.000168"/>
      </testsuite>
      <testsuite name="Tests\Unit\Support\DocumentationGeneratorTest" file="/home/jeremyfall/Internal/JTD-Packages/laravel-mcp.git/main/tests/Unit/Support/DocumentationGeneratorTest.php" tests="21" assertions="130" errors="0" failures="0" skipped="0" time="0.007398">
        <testcase name="it_generates_overview_with_default_options" file="/home/jeremyfall/Internal/JTD-Packages/laravel-mcp.git/main/tests/Unit/Support/DocumentationGeneratorTest.php" line="55" class="Tests\Unit\Support\DocumentationGeneratorTest" classname="Tests.Unit.Support.DocumentationGeneratorTest" assertions="9" time="0.000743"/>
        <testcase name="it_generates_overview_with_custom_options" file="/home/jeremyfall/Internal/JTD-Packages/laravel-mcp.git/main/tests/Unit/Support/DocumentationGeneratorTest.php" line="73" class="Tests\Unit\Support\DocumentationGeneratorTest" classname="Tests.Unit.Support.DocumentationGeneratorTest" assertions="3" time="0.000336"/>
        <testcase name="it_generates_overview_with_populated_registries" file="/home/jeremyfall/Internal/JTD-Packages/laravel-mcp.git/main/tests/Unit/Support/DocumentationGeneratorTest.php" line="91" class="Tests\Unit\Support\DocumentationGeneratorTest" classname="Tests.Unit.Support.DocumentationGeneratorTest" assertions="4" time="0.000317"/>
        <testcase name="it_generates_component_documentation" file="/home/jeremyfall/Internal/JTD-Packages/laravel-mcp.git/main/tests/Unit/Support/DocumentationGeneratorTest.php" line="104" class="Tests\Unit\Support\DocumentationGeneratorTest" classname="Tests.Unit.Support.DocumentationGeneratorTest" assertions="4" time="0.000347"/>
        <testcase name="it_generates_tools_documentation_when_empty" file="/home/jeremyfall/Internal/JTD-Packages/laravel-mcp.git/main/tests/Unit/Support/DocumentationGeneratorTest.php" line="117" class="Tests\Unit\Support\DocumentationGeneratorTest" classname="Tests.Unit.Support.DocumentationGeneratorTest" assertions="3" time="0.000258"/>
        <testcase name="it_generates_tools_documentation_with_populated_registry" file="/home/jeremyfall/Internal/JTD-Packages/laravel-mcp.git/main/tests/Unit/Support/DocumentationGeneratorTest.php" line="131" class="Tests\Unit\Support\DocumentationGeneratorTest" classname="Tests.Unit.Support.DocumentationGeneratorTest" assertions="10" time="0.000481"/>
        <testcase name="it_generates_resources_documentation_when_empty" file="/home/jeremyfall/Internal/JTD-Packages/laravel-mcp.git/main/tests/Unit/Support/DocumentationGeneratorTest.php" line="192" class="Tests\Unit\Support\DocumentationGeneratorTest" classname="Tests.Unit.Support.DocumentationGeneratorTest" assertions="3" time="0.000199"/>
        <testcase name="it_generates_resources_documentation_with_populated_registry" file="/home/jeremyfall/Internal/JTD-Packages/laravel-mcp.git/main/tests/Unit/Support/DocumentationGeneratorTest.php" line="206" class="Tests\Unit\Support\DocumentationGeneratorTest" classname="Tests.Unit.Support.DocumentationGeneratorTest" assertions="10" time="0.000375"/>
        <testcase name="it_generates_prompts_documentation_when_empty" file="/home/jeremyfall/Internal/JTD-Packages/laravel-mcp.git/main/tests/Unit/Support/DocumentationGeneratorTest.php" line="246" class="Tests\Unit\Support\DocumentationGeneratorTest" classname="Tests.Unit.Support.DocumentationGeneratorTest" assertions="3" time="0.000224"/>
        <testcase name="it_generates_prompts_documentation_with_populated_registry" file="/home/jeremyfall/Internal/JTD-Packages/laravel-mcp.git/main/tests/Unit/Support/DocumentationGeneratorTest.php" line="260" class="Tests\Unit\Support\DocumentationGeneratorTest" classname="Tests.Unit.Support.DocumentationGeneratorTest" assertions="8" time="0.000370"/>
        <testcase name="it_generates_api_reference" file="/home/jeremyfall/Internal/JTD-Packages/laravel-mcp.git/main/tests/Unit/Support/DocumentationGeneratorTest.php" line="309" class="Tests\Unit\Support\DocumentationGeneratorTest" classname="Tests.Unit.Support.DocumentationGeneratorTest" assertions="6" time="0.000352"/>
        <testcase name="it_includes_tool_methods_in_api_reference_when_tools_exist" file="/home/jeremyfall/Internal/JTD-Packages/laravel-mcp.git/main/tests/Unit/Support/DocumentationGeneratorTest.php" line="324" class="Tests\Unit\Support\DocumentationGeneratorTest" classname="Tests.Unit.Support.DocumentationGeneratorTest" assertions="6" time="0.000250"/>
        <testcase name="it_includes_resource_methods_in_api_reference_when_resources_exist" file="/home/jeremyfall/Internal/JTD-Packages/laravel-mcp.git/main/tests/Unit/Support/DocumentationGeneratorTest.php" line="349" class="Tests\Unit\Support\DocumentationGeneratorTest" classname="Tests.Unit.Support.DocumentationGeneratorTest" assertions="7" time="0.000301"/>
        <testcase name="it_includes_prompt_methods_in_api_reference_when_prompts_exist" file="/home/jeremyfall/Internal/JTD-Packages/laravel-mcp.git/main/tests/Unit/Support/DocumentationGeneratorTest.php" line="375" class="Tests\Unit\Support\DocumentationGeneratorTest" classname="Tests.Unit.Support.DocumentationGeneratorTest" assertions="6" time="0.000277"/>
        <testcase name="it_generates_usage_guide" file="/home/jeremyfall/Internal/JTD-Packages/laravel-mcp.git/main/tests/Unit/Support/DocumentationGeneratorTest.php" line="400" class="Tests\Unit\Support\DocumentationGeneratorTest" classname="Tests.Unit.Support.DocumentationGeneratorTest" assertions="11" time="0.000281"/>
        <testcase name="it_generates_configuration_guide" file="/home/jeremyfall/Internal/JTD-Packages/laravel-mcp.git/main/tests/Unit/Support/DocumentationGeneratorTest.php" line="418" class="Tests\Unit\Support\DocumentationGeneratorTest" classname="Tests.Unit.Support.DocumentationGeneratorTest" assertions="8" time="0.000305"/>
        <testcase name="it_generates_examples" file="/home/jeremyfall/Internal/JTD-Packages/laravel-mcp.git/main/tests/Unit/Support/DocumentationGeneratorTest.php" line="433" class="Tests\Unit\Support\DocumentationGeneratorTest" classname="Tests.Unit.Support.DocumentationGeneratorTest" assertions="7" time="0.000293"/>
        <testcase name="it_generates_readme" file="/home/jeremyfall/Internal/JTD-Packages/laravel-mcp.git/main/tests/Unit/Support/DocumentationGeneratorTest.php" line="450" class="Tests\Unit\Support\DocumentationGeneratorTest" classname="Tests.Unit.Support.DocumentationGeneratorTest" assertions="3" time="0.000323"/>
        <testcase name="it_generates_readme_with_custom_options" file="/home/jeremyfall/Internal/JTD-Packages/laravel-mcp.git/main/tests/Unit/Support/DocumentationGeneratorTest.php" line="462" class="Tests\Unit\Support\DocumentationGeneratorTest" classname="Tests.Unit.Support.DocumentationGeneratorTest" assertions="2" time="0.000356"/>
        <testcase name="it_gets_and_sets_templates" file="/home/jeremyfall/Internal/JTD-Packages/laravel-mcp.git/main/tests/Unit/Support/DocumentationGeneratorTest.php" line="499" class="Tests\Unit\Support\DocumentationGeneratorTest" classname="Tests.Unit.Support.DocumentationGeneratorTest" assertions="6" time="0.000250"/>
        <testcase name="it_generates_complete_documentation" file="/home/jeremyfall/Internal/JTD-Packages/laravel-mcp.git/main/tests/Unit/Support/DocumentationGeneratorTest.php" line="478" class="Tests\Unit\Support\DocumentationGeneratorTest" classname="Tests.Unit.Support.DocumentationGeneratorTest" assertions="11" time="0.000760"/>
      </testsuite>
    </testsuite>
  </testsuite>
</testsuites>
